<?xml version="1.0" encoding="UTF-8"?>
<testsuite xmlns:xsi="http://www.w3.org/2001/XMLSchema-instance" xsi:noNamespaceSchemaLocation="https://maven.apache.org/surefire/maven-surefire-plugin/xsd/surefire-test-report.xsd" name="org.apache.hadoop.ozone.freon.TestRandomKeyGenerator" time="172.379" tests="6" errors="1" skipped="0" failures="0">
  <properties>
    <property name="awt.toolkit" value="sun.awt.X11.XToolkit"/>
    <property name="file.encoding.pkg" value="sun.io"/>
    <property name="java.specification.version" value="1.8"/>
    <property name="sun.cpu.isalist" value=""/>
    <property name="sun.jnu.encoding" value="UTF-8"/>
    <property name="java.class.path" value="/workdir/hadoop-ozone/tools/target/test-classes:/workdir/hadoop-ozone/tools/target/classes:/home/user/.m2/repository/org/apache/hadoop/hadoop-ozone-ozone-manager/0.5.0-SNAPSHOT/hadoop-ozone-ozone-manager-0.5.0-SNAPSHOT.jar:/home/user/.m2/repository/org/apache/hadoop/hadoop-hdds-docs/0.5.0-SNAPSHOT/hadoop-hdds-docs-0.5.0-SNAPSHOT.jar:/home/user/.m2/repository/org/bouncycastle/bcprov-jdk15on/1.60/bcprov-jdk15on-1.60.jar:/home/user/.m2/repository/org/apache/hadoop/hadoop-ozone-common/0.5.0-SNAPSHOT/hadoop-ozone-common-0.5.0-SNAPSHOT.jar:/home/user/.m2/repository/org/apache/commons/commons-compress/1.4.1/commons-compress-1.4.1.jar:/home/user/.m2/repository/org/tukaani/xz/1.0/xz-1.0.jar:/home/user/.m2/repository/org/apache/hadoop/hadoop-hdfs-client/3.2.0/hadoop-hdfs-client-3.2.0.jar:/home/user/.m2/repository/com/fasterxml/jackson/core/jackson-annotations/2.9.5/jackson-annotations-2.9.5.jar:/home/user/.m2/repository/org/apache/hadoop/hadoop-hdds-common/0.5.0-SNAPSHOT/hadoop-hdds-common-0.5.0-SNAPSHOT.jar:/home/user/.m2/repository/org/apache/hadoop/hadoop-hdds-config/0.5.0-SNAPSHOT/hadoop-hdds-config-0.5.0-SNAPSHOT.jar:/home/user/.m2/repository/javax/annotation/javax.annotation-api/1.2/javax.annotation-api-1.2.jar:/home/user/.m2/repository/org/apache/ratis/ratis-server/0.4.0-78e95b9-SNAPSHOT/ratis-server-0.4.0-78e95b9-SNAPSHOT.jar:/home/user/.m2/repository/org/apache/ratis/ratis-thirdparty-misc/0.2.0/ratis-thirdparty-misc-0.2.0.jar:/home/user/.m2/repository/org/apache/ratis/ratis-proto/0.4.0-78e95b9-SNAPSHOT/ratis-proto-0.4.0-78e95b9-SNAPSHOT.jar:/home/user/.m2/repository/org/apache/ratis/ratis-common/0.4.0-78e95b9-SNAPSHOT/ratis-common-0.4.0-78e95b9-SNAPSHOT.jar:/home/user/.m2/repository/org/apache/ratis/ratis-client/0.4.0-78e95b9-SNAPSHOT/ratis-client-0.4.0-78e95b9-SNAPSHOT.jar:/home/user/.m2/repository/org/apache/ratis/ratis-metrics/0.4.0-78e95b9-SNAPSHOT/ratis-metrics-0.4.0-78e95b9-SNAPSHOT.jar:/home/user/.m2/repository/com/github/joshelser/dropwizard-metrics-hadoop-metrics2-reporter/0.1.2/dropwizard-metrics-hadoop-metrics2-reporter-0.1.2.jar:/home/user/.m2/repository/io/dropwizard/metrics/metrics-jvm/3.2.5/metrics-jvm-3.2.5.jar:/home/user/.m2/repository/io/dropwizard/metrics/metrics-ganglia/3.2.5/metrics-ganglia-3.2.5.jar:/home/user/.m2/repository/info/ganglia/gmetric4j/gmetric4j/1.0.7/gmetric4j-1.0.7.jar:/home/user/.m2/repository/org/apache/ratis/ratis-netty/0.4.0-78e95b9-SNAPSHOT/ratis-netty-0.4.0-78e95b9-SNAPSHOT.jar:/home/user/.m2/repository/org/apache/ratis/ratis-grpc/0.4.0-78e95b9-SNAPSHOT/ratis-grpc-0.4.0-78e95b9-SNAPSHOT.jar:/home/user/.m2/repository/org/rocksdb/rocksdbjni/6.0.1/rocksdbjni-6.0.1.jar:/home/user/.m2/repository/org/apache/logging/log4j/log4j-api/2.11.0/log4j-api-2.11.0.jar:/home/user/.m2/repository/org/apache/logging/log4j/log4j-core/2.11.0/log4j-core-2.11.0.jar:/home/user/.m2/repository/com/lmax/disruptor/3.4.2/disruptor-3.4.2.jar:/home/user/.m2/repository/org/apache/commons/commons-pool2/2.6.0/commons-pool2-2.6.0.jar:/home/user/.m2/repository/org/bouncycastle/bcpkix-jdk15on/1.60/bcpkix-jdk15on-1.60.jar:/home/user/.m2/repository/commons-validator/commons-validator/1.6/commons-validator-1.6.jar:/home/user/.m2/repository/commons-digester/commons-digester/1.8.1/commons-digester-1.8.1.jar:/home/user/.m2/repository/io/jaegertracing/jaeger-client/0.33.1/jaeger-client-0.33.1.jar:/home/user/.m2/repository/io/jaegertracing/jaeger-thrift/0.33.1/jaeger-thrift-0.33.1.jar:/home/user/.m2/repository/org/apache/thrift/libthrift/0.11.0/libthrift-0.11.0.jar:/home/user/.m2/repository/com/squareup/okhttp3/okhttp/3.9.0/okhttp-3.9.0.jar:/home/user/.m2/repository/com/squareup/okio/okio/1.13.0/okio-1.13.0.jar:/home/user/.m2/repository/io/jaegertracing/jaeger-core/0.33.1/jaeger-core-0.33.1.jar:/home/user/.m2/repository/io/jaegertracing/jaeger-tracerresolver/0.33.1/jaeger-tracerresolver-0.33.1.jar:/home/user/.m2/repository/io/opentracing/contrib/opentracing-tracerresolver/0.1.5/opentracing-tracerresolver-0.1.5.jar:/home/user/.m2/repository/io/opentracing/opentracing-util/0.31.0/opentracing-util-0.31.0.jar:/home/user/.m2/repository/io/opentracing/opentracing-api/0.31.0/opentracing-api-0.31.0.jar:/home/user/.m2/repository/io/opentracing/opentracing-noop/0.31.0/opentracing-noop-0.31.0.jar:/home/user/.m2/repository/org/yaml/snakeyaml/1.16/snakeyaml-1.16.jar:/home/user/.m2/repository/org/apache/hadoop/hadoop-hdds-container-service/0.5.0-SNAPSHOT/hadoop-hdds-container-service-0.5.0-SNAPSHOT.jar:/home/user/.m2/repository/org/apache/hadoop/hadoop-hdds-client/0.5.0-SNAPSHOT/hadoop-hdds-client-0.5.0-SNAPSHOT.jar:/home/user/.m2/repository/org/apache/hadoop/hadoop-hdds-tools/0.5.0-SNAPSHOT/hadoop-hdds-tools-0.5.0-SNAPSHOT.jar:/home/user/.m2/repository/org/xerial/sqlite-jdbc/3.25.2/sqlite-jdbc-3.25.2.jar:/home/user/.m2/repository/org/apache/hadoop/hadoop-hdds-server-scm/0.5.0-SNAPSHOT/hadoop-hdds-server-scm-0.5.0-SNAPSHOT.jar:/home/user/.m2/repository/org/hamcrest/hamcrest-all/1.3/hamcrest-all-1.3.jar:/home/user/.m2/repository/info/picocli/picocli/3.9.6/picocli-3.9.6.jar:/home/user/.m2/repository/com/google/protobuf/protobuf-java/2.5.0/protobuf-java-2.5.0.jar:/home/user/.m2/repository/com/google/guava/guava/11.0.2/guava-11.0.2.jar:/home/user/.m2/repository/org/apache/hadoop/hadoop-ozone-client/0.5.0-SNAPSHOT/hadoop-ozone-client-0.5.0-SNAPSHOT.jar:/workdir/hadoop-ozone/ozonefs/target/classes:/home/user/.m2/repository/org/apache/hadoop/hadoop-hdds-server-framework/0.5.0-SNAPSHOT/hadoop-hdds-server-framework-0.5.0-SNAPSHOT.jar:/home/user/.m2/repository/org/apache/hadoop/hadoop-common/3.2.0/hadoop-common-3.2.0.jar:/home/user/.m2/repository/org/apache/hadoop/hadoop-annotations/3.2.0/hadoop-annotations-3.2.0.jar:/usr/lib/jvm/java-1.8-openjdk/jre/../lib/tools.jar:/home/user/.m2/repository/commons-cli/commons-cli/1.2/commons-cli-1.2.jar:/home/user/.m2/repository/org/apache/commons/commons-math3/3.1.1/commons-math3-3.1.1.jar:/home/user/.m2/repository/org/apache/httpcomponents/httpclient/4.5.2/httpclient-4.5.2.jar:/home/user/.m2/repository/org/apache/httpcomponents/httpcore/4.4.4/httpcore-4.4.4.jar:/home/user/.m2/repository/commons-codec/commons-codec/1.11/commons-codec-1.11.jar:/home/user/.m2/repository/commons-io/commons-io/2.5/commons-io-2.5.jar:/home/user/.m2/repository/commons-net/commons-net/3.6/commons-net-3.6.jar:/home/user/.m2/repository/commons-collections/commons-collections/3.2.2/commons-collections-3.2.2.jar:/home/user/.m2/repository/javax/servlet/javax.servlet-api/3.1.0/javax.servlet-api-3.1.0.jar:/home/user/.m2/repository/org/eclipse/jetty/jetty-server/9.3.24.v20180605/jetty-server-9.3.24.v20180605.jar:/home/user/.m2/repository/org/eclipse/jetty/jetty-http/9.3.24.v20180605/jetty-http-9.3.24.v20180605.jar:/home/user/.m2/repository/org/eclipse/jetty/jetty-io/9.3.24.v20180605/jetty-io-9.3.24.v20180605.jar:/home/user/.m2/repository/org/eclipse/jetty/jetty-util/9.3.24.v20180605/jetty-util-9.3.24.v20180605.jar:/home/user/.m2/repository/org/eclipse/jetty/jetty-servlet/9.3.24.v20180605/jetty-servlet-9.3.24.v20180605.jar:/home/user/.m2/repository/org/eclipse/jetty/jetty-security/9.3.24.v20180605/jetty-security-9.3.24.v20180605.jar:/home/user/.m2/repository/org/eclipse/jetty/jetty-webapp/9.3.24.v20180605/jetty-webapp-9.3.24.v20180605.jar:/home/user/.m2/repository/org/eclipse/jetty/jetty-xml/9.3.24.v20180605/jetty-xml-9.3.24.v20180605.jar:/home/user/.m2/repository/javax/servlet/jsp/jsp-api/2.1/jsp-api-2.1.jar:/home/user/.m2/repository/com/sun/jersey/jersey-core/1.19/jersey-core-1.19.jar:/home/user/.m2/repository/javax/ws/rs/jsr311-api/1.1.1/jsr311-api-1.1.1.jar:/home/user/.m2/repository/com/sun/jersey/jersey-servlet/1.19/jersey-servlet-1.19.jar:/home/user/.m2/repository/com/sun/jersey/jersey-json/1.19/jersey-json-1.19.jar:/home/user/.m2/repository/org/codehaus/jettison/jettison/1.1/jettison-1.1.jar:/home/user/.m2/repository/com/sun/xml/bind/jaxb-impl/2.3.0.1/jaxb-impl-2.3.0.1.jar:/home/user/.m2/repository/org/codehaus/jackson/jackson-core-asl/1.9.13/jackson-core-asl-1.9.13.jar:/home/user/.m2/repository/org/codehaus/jackson/jackson-mapper-asl/1.9.13/jackson-mapper-asl-1.9.13.jar:/home/user/.m2/repository/org/codehaus/jackson/jackson-jaxrs/1.9.13/jackson-jaxrs-1.9.13.jar:/home/user/.m2/repository/org/codehaus/jackson/jackson-xc/1.9.13/jackson-xc-1.9.13.jar:/home/user/.m2/repository/com/sun/jersey/jersey-server/1.19/jersey-server-1.19.jar:/home/user/.m2/repository/commons-logging/commons-logging/1.1.3/commons-logging-1.1.3.jar:/home/user/.m2/repository/log4j/log4j/1.2.17/log4j-1.2.17.jar:/home/user/.m2/repository/commons-beanutils/commons-beanutils/1.9.3/commons-beanutils-1.9.3.jar:/home/user/.m2/repository/org/apache/commons/commons-configuration2/2.1.1/commons-configuration2-2.1.1.jar:/home/user/.m2/repository/org/apache/commons/commons-lang3/3.7/commons-lang3-3.7.jar:/home/user/.m2/repository/org/apache/commons/commons-text/1.4/commons-text-1.4.jar:/home/user/.m2/repository/org/slf4j/slf4j-api/1.7.25/slf4j-api-1.7.25.jar:/home/user/.m2/repository/org/slf4j/slf4j-log4j12/1.7.25/slf4j-log4j12-1.7.25.jar:/home/user/.m2/repository/org/apache/avro/avro/1.7.7/avro-1.7.7.jar:/home/user/.m2/repository/com/thoughtworks/paranamer/paranamer/2.3/paranamer-2.3.jar:/home/user/.m2/repository/org/xerial/snappy/snappy-java/1.0.5/snappy-java-1.0.5.jar:/home/user/.m2/repository/com/google/re2j/re2j/1.1/re2j-1.1.jar:/home/user/.m2/repository/com/google/code/gson/gson/2.2.4/gson-2.2.4.jar:/home/user/.m2/repository/org/apache/hadoop/hadoop-auth/3.2.0/hadoop-auth-3.2.0.jar:/home/user/.m2/repository/com/nimbusds/nimbus-jose-jwt/4.41.1/nimbus-jose-jwt-4.41.1.jar:/home/user/.m2/repository/com/github/stephenc/jcip/jcip-annotations/1.0-1/jcip-annotations-1.0-1.jar:/home/user/.m2/repository/net/minidev/json-smart/2.3/json-smart-2.3.jar:/home/user/.m2/repository/net/minidev/accessors-smart/1.2/accessors-smart-1.2.jar:/home/user/.m2/repository/org/apache/curator/curator-framework/2.12.0/curator-framework-2.12.0.jar:/home/user/.m2/repository/com/jcraft/jsch/0.1.54/jsch-0.1.54.jar:/home/user/.m2/repository/org/apache/curator/curator-client/2.12.0/curator-client-2.12.0.jar:/home/user/.m2/repository/org/apache/curator/curator-recipes/2.12.0/curator-recipes-2.12.0.jar:/home/user/.m2/repository/com/google/code/findbugs/jsr305/3.0.0/jsr305-3.0.0.jar:/home/user/.m2/repository/org/apache/htrace/htrace-core4/4.1.0-incubating/htrace-core4-4.1.0-incubating.jar:/home/user/.m2/repository/org/apache/zookeeper/zookeeper/3.4.13/zookeeper-3.4.13.jar:/home/user/.m2/repository/org/apache/yetus/audience-annotations/0.5.0/audience-annotations-0.5.0.jar:/home/user/.m2/repository/org/apache/kerby/kerb-simplekdc/1.0.1/kerb-simplekdc-1.0.1.jar:/home/user/.m2/repository/org/apache/kerby/kerb-client/1.0.1/kerb-client-1.0.1.jar:/home/user/.m2/repository/org/apache/kerby/kerby-config/1.0.1/kerby-config-1.0.1.jar:/home/user/.m2/repository/org/apache/kerby/kerb-core/1.0.1/kerb-core-1.0.1.jar:/home/user/.m2/repository/org/apache/kerby/kerby-pkix/1.0.1/kerby-pkix-1.0.1.jar:/home/user/.m2/repository/org/apache/kerby/kerby-asn1/1.0.1/kerby-asn1-1.0.1.jar:/home/user/.m2/repository/org/apache/kerby/kerby-util/1.0.1/kerby-util-1.0.1.jar:/home/user/.m2/repository/org/apache/kerby/kerb-common/1.0.1/kerb-common-1.0.1.jar:/home/user/.m2/repository/org/apache/kerby/kerb-crypto/1.0.1/kerb-crypto-1.0.1.jar:/home/user/.m2/repository/org/apache/kerby/kerb-util/1.0.1/kerb-util-1.0.1.jar:/home/user/.m2/repository/org/apache/kerby/token-provider/1.0.1/token-provider-1.0.1.jar:/home/user/.m2/repository/org/apache/kerby/kerb-admin/1.0.1/kerb-admin-1.0.1.jar:/home/user/.m2/repository/org/apache/kerby/kerb-server/1.0.1/kerb-server-1.0.1.jar:/home/user/.m2/repository/org/apache/kerby/kerb-identity/1.0.1/kerb-identity-1.0.1.jar:/home/user/.m2/repository/org/apache/kerby/kerby-xdr/1.0.1/kerby-xdr-1.0.1.jar:/home/user/.m2/repository/com/fasterxml/jackson/core/jackson-databind/2.9.5/jackson-databind-2.9.5.jar:/home/user/.m2/repository/com/fasterxml/jackson/core/jackson-core/2.9.5/jackson-core-2.9.5.jar:/home/user/.m2/repository/org/codehaus/woodstox/stax2-api/3.1.4/stax2-api-3.1.4.jar:/home/user/.m2/repository/com/fasterxml/woodstox/woodstox-core/5.0.3/woodstox-core-5.0.3.jar:/home/user/.m2/repository/dnsjava/dnsjava/2.1.7/dnsjava-2.1.7.jar:/home/user/.m2/repository/org/apache/hadoop/hadoop-hdfs/3.2.0/hadoop-hdfs-3.2.0.jar:/home/user/.m2/repository/org/eclipse/jetty/jetty-util-ajax/9.3.24.v20180605/jetty-util-ajax-9.3.24.v20180605.jar:/home/user/.m2/repository/commons-daemon/commons-daemon/1.0.13/commons-daemon-1.0.13.jar:/home/user/.m2/repository/io/netty/netty/3.10.5.Final/netty-3.10.5.Final.jar:/home/user/.m2/repository/io/netty/netty-all/4.0.52.Final/netty-all-4.0.52.Final.jar:/home/user/.m2/repository/org/fusesource/leveldbjni/leveldbjni-all/1.8/leveldbjni-all-1.8.jar:/home/user/.m2/repository/com/sun/xml/bind/jaxb-core/2.3.0.1/jaxb-core-2.3.0.1.jar:/home/user/.m2/repository/javax/xml/bind/jaxb-api/2.3.0/jaxb-api-2.3.0.jar:/home/user/.m2/repository/javax/activation/activation/1.1.1/activation-1.1.1.jar:/home/user/.m2/repository/io/dropwizard/metrics/metrics-core/3.2.4/metrics-core-3.2.4.jar:/home/user/.m2/repository/org/openjdk/jmh/jmh-core/1.19/jmh-core-1.19.jar:/home/user/.m2/repository/net/sf/jopt-simple/jopt-simple/4.6/jopt-simple-4.6.jar:/home/user/.m2/repository/org/openjdk/jmh/jmh-generator-annprocess/1.19/jmh-generator-annprocess-1.19.jar:/home/user/.m2/repository/com/google/code/findbugs/findbugs/3.0.1/findbugs-3.0.1.jar:/home/user/.m2/repository/net/jcip/jcip-annotations/1.0/jcip-annotations-1.0.jar:/home/user/.m2/repository/com/google/code/findbugs/bcel-findbugs/6.0/bcel-findbugs-6.0.jar:/home/user/.m2/repository/com/google/code/findbugs/jFormatString/2.0.1/jFormatString-2.0.1.jar:/home/user/.m2/repository/dom4j/dom4j/1.6.1/dom4j-1.6.1.jar:/home/user/.m2/repository/xml-apis/xml-apis/1.0.b2/xml-apis-1.0.b2.jar:/home/user/.m2/repository/org/ow2/asm/asm-debug-all/5.0.2/asm-debug-all-5.0.2.jar:/home/user/.m2/repository/org/ow2/asm/asm-commons/5.0.2/asm-commons-5.0.2.jar:/home/user/.m2/repository/org/ow2/asm/asm-tree/5.0.2/asm-tree-5.0.2.jar:/home/user/.m2/repository/org/ow2/asm/asm/5.0.4/asm-5.0.4.jar:/home/user/.m2/repository/commons-lang/commons-lang/2.6/commons-lang-2.6.jar:/home/user/.m2/repository/com/apple/AppleJavaExtensions/1.4/AppleJavaExtensions-1.4.jar:/home/user/.m2/repository/jaxen/jaxen/1.1.6/jaxen-1.1.6.jar:/home/user/.m2/repository/junit/junit/4.11/junit-4.11.jar:/home/user/.m2/repository/org/hamcrest/hamcrest-core/1.3/hamcrest-core-1.3.jar:/home/user/.m2/repository/org/apache/hadoop/hadoop-common/3.2.0/hadoop-common-3.2.0-tests.jar:/workdir/hadoop-ozone/integration-test/target/test-classes:/home/user/.m2/repository/org/apache/hadoop/hadoop-ozone-s3gateway/0.5.0-SNAPSHOT/hadoop-ozone-s3gateway-0.5.0-SNAPSHOT.jar:/home/user/.m2/repository/org/jboss/weld/servlet/weld-servlet/2.4.7.Final/weld-servlet-2.4.7.Final.jar:/home/user/.m2/repository/org/glassfish/jersey/containers/jersey-container-servlet-core/2.27/jersey-container-servlet-core-2.27.jar:/home/user/.m2/repository/org/glassfish/hk2/external/javax.inject/2.5.0-b42/javax.inject-2.5.0-b42.jar:/home/user/.m2/repository/org/glassfish/jersey/core/jersey-common/2.27/jersey-common-2.27.jar:/home/user/.m2/repository/org/glassfish/hk2/osgi-resource-locator/1.0.1/osgi-resource-locator-1.0.1.jar:/home/user/.m2/repository/javax/ws/rs/javax.ws.rs-api/2.1/javax.ws.rs-api-2.1.jar:/home/user/.m2/repository/org/glassfish/jersey/ext/cdi/jersey-cdi1x/2.27/jersey-cdi1x-2.27.jar:/home/user/.m2/repository/org/glassfish/jersey/inject/jersey-hk2/2.27/jersey-hk2-2.27.jar:/home/user/.m2/repository/org/glassfish/hk2/hk2-locator/2.5.0-b42/hk2-locator-2.5.0-b42.jar:/home/user/.m2/repository/org/javassist/javassist/3.22.0-CR2/javassist-3.22.0-CR2.jar:/home/user/.m2/repository/org/glassfish/hk2/hk2-api/2.5.0/hk2-api-2.5.0.jar:/home/user/.m2/repository/org/glassfish/hk2/external/jakarta.inject/2.5.0/jakarta.inject-2.5.0.jar:/home/user/.m2/repository/org/glassfish/hk2/hk2-utils/2.5.0/hk2-utils-2.5.0.jar:/home/user/.m2/repository/jakarta/annotation/jakarta.annotation-api/1.3.4/jakarta.annotation-api-1.3.4.jar:/home/user/.m2/repository/org/glassfish/hk2/external/aopalliance-repackaged/2.5.0/aopalliance-repackaged-2.5.0.jar:/home/user/.m2/repository/com/fasterxml/jackson/dataformat/jackson-dataformat-xml/2.9.0/jackson-dataformat-xml-2.9.0.jar:/home/user/.m2/repository/com/fasterxml/jackson/module/jackson-module-jaxb-annotations/2.9.5/jackson-module-jaxb-annotations-2.9.5.jar:/home/user/.m2/repository/javax/enterprise/cdi-api/1.2/cdi-api-1.2.jar:/home/user/.m2/repository/javax/el/javax.el-api/3.0.0/javax.el-api-3.0.0.jar:/home/user/.m2/repository/javax/interceptor/javax.interceptor-api/1.2/javax.interceptor-api-1.2.jar:/home/user/.m2/repository/javax/inject/javax.inject/1/javax.inject-1.jar:/home/user/.m2/repository/org/apache/hadoop/hadoop-ozone-csi/0.5.0-SNAPSHOT/hadoop-ozone-csi-0.5.0-SNAPSHOT.jar:/home/user/.m2/repository/com/google/protobuf/protobuf-java-util/3.5.1/protobuf-java-util-3.5.1.jar:/home/user/.m2/repository/io/grpc/grpc-netty/1.17.1/grpc-netty-1.17.1.jar:/home/user/.m2/repository/io/grpc/grpc-core/1.17.1/grpc-core-1.17.1.jar:/home/user/.m2/repository/io/grpc/grpc-context/1.17.1/grpc-context-1.17.1.jar:/home/user/.m2/repository/com/google/errorprone/error_prone_annotations/2.2.0/error_prone_annotations-2.2.0.jar:/home/user/.m2/repository/org/codehaus/mojo/animal-sniffer-annotations/1.17/animal-sniffer-annotations-1.17.jar:/home/user/.m2/repository/io/opencensus/opencensus-api/0.17.0/opencensus-api-0.17.0.jar:/home/user/.m2/repository/io/opencensus/opencensus-contrib-grpc-metrics/0.17.0/opencensus-contrib-grpc-metrics-0.17.0.jar:/home/user/.m2/repository/io/netty/netty-codec-http2/4.1.30.Final/netty-codec-http2-4.1.30.Final.jar:/home/user/.m2/repository/io/netty/netty-codec-http/4.1.30.Final/netty-codec-http-4.1.30.Final.jar:/home/user/.m2/repository/io/netty/netty-codec/4.1.30.Final/netty-codec-4.1.30.Final.jar:/home/user/.m2/repository/io/netty/netty-handler/4.1.30.Final/netty-handler-4.1.30.Final.jar:/home/user/.m2/repository/io/netty/netty-handler-proxy/4.1.30.Final/netty-handler-proxy-4.1.30.Final.jar:/home/user/.m2/repository/io/netty/netty-codec-socks/4.1.30.Final/netty-codec-socks-4.1.30.Final.jar:/home/user/.m2/repository/io/netty/netty-transport-native-epoll/4.1.30.Final/netty-transport-native-epoll-4.1.30.Final.jar:/home/user/.m2/repository/io/netty/netty-common/4.1.30.Final/netty-common-4.1.30.Final.jar:/home/user/.m2/repository/io/netty/netty-buffer/4.1.30.Final/netty-buffer-4.1.30.Final.jar:/home/user/.m2/repository/io/netty/netty-transport/4.1.30.Final/netty-transport-4.1.30.Final.jar:/home/user/.m2/repository/io/netty/netty-resolver/4.1.30.Final/netty-resolver-4.1.30.Final.jar:/home/user/.m2/repository/io/netty/netty-transport-native-unix-common/4.1.30.Final/netty-transport-native-unix-common-4.1.30.Final.jar:/home/user/.m2/repository/io/grpc/grpc-protobuf/1.17.1/grpc-protobuf-1.17.1.jar:/home/user/.m2/repository/com/google/api/grpc/proto-google-common-protos/1.0.0/proto-google-common-protos-1.0.0.jar:/home/user/.m2/repository/io/grpc/grpc-protobuf-lite/1.17.1/grpc-protobuf-lite-1.17.1.jar:/home/user/.m2/repository/io/grpc/grpc-stub/1.17.1/grpc-stub-1.17.1.jar:/home/user/.m2/repository/org/apache/hadoop/hadoop-ozone-recon/0.5.0-SNAPSHOT/hadoop-ozone-recon-0.5.0-SNAPSHOT.jar:/home/user/.m2/repository/org/apache/hadoop/hadoop-ozone-reconcodegen/0.5.0-SNAPSHOT/hadoop-ozone-reconcodegen-0.5.0-SNAPSHOT.jar:/home/user/.m2/repository/com/google/inject/extensions/guice-multibindings/4.0/guice-multibindings-4.0.jar:/home/user/.m2/repository/com/google/inject/guice/4.0/guice-4.0.jar:/home/user/.m2/repository/aopalliance/aopalliance/1.0/aopalliance-1.0.jar:/home/user/.m2/repository/com/google/inject/extensions/guice-servlet/4.0/guice-servlet-4.0.jar:/home/user/.m2/repository/org/glassfish/jersey/containers/jersey-container-servlet/2.27/jersey-container-servlet-2.27.jar:/home/user/.m2/repository/org/glassfish/hk2/guice-bridge/2.5.0/guice-bridge-2.5.0.jar:/home/user/.m2/repository/org/glassfish/jersey/core/jersey-server/2.27/jersey-server-2.27.jar:/home/user/.m2/repository/org/glassfish/jersey/core/jersey-client/2.27/jersey-client-2.27.jar:/home/user/.m2/repository/org/glassfish/jersey/media/jersey-media-jaxb/2.27/jersey-media-jaxb-2.27.jar:/home/user/.m2/repository/javax/validation/validation-api/1.1.0.Final/validation-api-1.1.0.Final.jar:/home/user/.m2/repository/org/glassfish/jersey/media/jersey-media-json-jackson/2.27/jersey-media-json-jackson-2.27.jar:/home/user/.m2/repository/org/glassfish/jersey/ext/jersey-entity-filtering/2.27/jersey-entity-filtering-2.27.jar:/home/user/.m2/repository/com/google/inject/extensions/guice-assistedinject/4.0/guice-assistedinject-4.0.jar:/home/user/.m2/repository/org/jooq/jooq/3.11.10/jooq-3.11.10.jar:/home/user/.m2/repository/org/jooq/jooq-meta/3.11.10/jooq-meta-3.11.10.jar:/home/user/.m2/repository/org/jooq/jooq-codegen/3.11.10/jooq-codegen-3.11.10.jar:/home/user/.m2/repository/com/jolbox/bonecp/0.8.0.RELEASE/bonecp-0.8.0.RELEASE.jar:/home/user/.m2/repository/org/springframework/spring-jdbc/5.1.3.RELEASE/spring-jdbc-5.1.3.RELEASE.jar:/home/user/.m2/repository/org/springframework/spring-beans/5.1.3.RELEASE/spring-beans-5.1.3.RELEASE.jar:/home/user/.m2/repository/org/springframework/spring-core/5.1.3.RELEASE/spring-core-5.1.3.RELEASE.jar:/home/user/.m2/repository/org/springframework/spring-jcl/5.1.3.RELEASE/spring-jcl-5.1.3.RELEASE.jar:/home/user/.m2/repository/org/springframework/spring-tx/5.1.3.RELEASE/spring-tx-5.1.3.RELEASE.jar:/home/user/.m2/repository/org/mockito/mockito-core/2.15.0/mockito-core-2.15.0.jar:/home/user/.m2/repository/net/bytebuddy/byte-buddy/1.7.9/byte-buddy-1.7.9.jar:/home/user/.m2/repository/net/bytebuddy/byte-buddy-agent/1.7.9/byte-buddy-agent-1.7.9.jar:/home/user/.m2/repository/org/objenesis/objenesis/1.0/objenesis-1.0.jar:"/>
    <property name="java.vm.vendor" value="IcedTea"/>
    <property name="sun.arch.data.model" value="64"/>
    <property name="test.build.dir" value="/workdir/hadoop-ozone/tools/target/test-dir"/>
    <property name="test.cache.data" value=""/>
    <property name="java.vendor.url" value="https://icedtea.classpath.org"/>
    <property name="user.timezone" value=""/>
    <property name="java.vm.specification.version" value="1.8"/>
    <property name="os.name" value="Linux"/>
    <property name="test.build.data" value="/workdir/hadoop-ozone/tools/target/test-dir"/>
    <property name="user.country" value="US"/>
    <property name="sun.java.launcher" value="SUN_STANDARD"/>
    <property name="sun.boot.library.path" value="/usr/lib/jvm/java-1.8-openjdk/jre/lib/amd64"/>
    <property name="sun.java.command" value="/workdir/hadoop-ozone/tools/target/surefire/surefirebooter2100595823131252430.jar /workdir/hadoop-ozone/tools/target/surefire 2019-09-08T05-11-55_704-jvmRun1 surefire7177741492197783389tmp surefire_1122980253056151486077tmp"/>
    <property name="test" value="!TestMiniChaosOzoneCluster"/>
    <property name="surefire.test.class.path" value="/workdir/hadoop-ozone/tools/target/test-classes:/workdir/hadoop-ozone/tools/target/classes:/home/user/.m2/repository/org/apache/hadoop/hadoop-ozone-ozone-manager/0.5.0-SNAPSHOT/hadoop-ozone-ozone-manager-0.5.0-SNAPSHOT.jar:/home/user/.m2/repository/org/apache/hadoop/hadoop-hdds-docs/0.5.0-SNAPSHOT/hadoop-hdds-docs-0.5.0-SNAPSHOT.jar:/home/user/.m2/repository/org/bouncycastle/bcprov-jdk15on/1.60/bcprov-jdk15on-1.60.jar:/home/user/.m2/repository/org/apache/hadoop/hadoop-ozone-common/0.5.0-SNAPSHOT/hadoop-ozone-common-0.5.0-SNAPSHOT.jar:/home/user/.m2/repository/org/apache/commons/commons-compress/1.4.1/commons-compress-1.4.1.jar:/home/user/.m2/repository/org/tukaani/xz/1.0/xz-1.0.jar:/home/user/.m2/repository/org/apache/hadoop/hadoop-hdfs-client/3.2.0/hadoop-hdfs-client-3.2.0.jar:/home/user/.m2/repository/com/fasterxml/jackson/core/jackson-annotations/2.9.5/jackson-annotations-2.9.5.jar:/home/user/.m2/repository/org/apache/hadoop/hadoop-hdds-common/0.5.0-SNAPSHOT/hadoop-hdds-common-0.5.0-SNAPSHOT.jar:/home/user/.m2/repository/org/apache/hadoop/hadoop-hdds-config/0.5.0-SNAPSHOT/hadoop-hdds-config-0.5.0-SNAPSHOT.jar:/home/user/.m2/repository/javax/annotation/javax.annotation-api/1.2/javax.annotation-api-1.2.jar:/home/user/.m2/repository/org/apache/ratis/ratis-server/0.4.0-78e95b9-SNAPSHOT/ratis-server-0.4.0-78e95b9-SNAPSHOT.jar:/home/user/.m2/repository/org/apache/ratis/ratis-thirdparty-misc/0.2.0/ratis-thirdparty-misc-0.2.0.jar:/home/user/.m2/repository/org/apache/ratis/ratis-proto/0.4.0-78e95b9-SNAPSHOT/ratis-proto-0.4.0-78e95b9-SNAPSHOT.jar:/home/user/.m2/repository/org/apache/ratis/ratis-common/0.4.0-78e95b9-SNAPSHOT/ratis-common-0.4.0-78e95b9-SNAPSHOT.jar:/home/user/.m2/repository/org/apache/ratis/ratis-client/0.4.0-78e95b9-SNAPSHOT/ratis-client-0.4.0-78e95b9-SNAPSHOT.jar:/home/user/.m2/repository/org/apache/ratis/ratis-metrics/0.4.0-78e95b9-SNAPSHOT/ratis-metrics-0.4.0-78e95b9-SNAPSHOT.jar:/home/user/.m2/repository/com/github/joshelser/dropwizard-metrics-hadoop-metrics2-reporter/0.1.2/dropwizard-metrics-hadoop-metrics2-reporter-0.1.2.jar:/home/user/.m2/repository/io/dropwizard/metrics/metrics-jvm/3.2.5/metrics-jvm-3.2.5.jar:/home/user/.m2/repository/io/dropwizard/metrics/metrics-ganglia/3.2.5/metrics-ganglia-3.2.5.jar:/home/user/.m2/repository/info/ganglia/gmetric4j/gmetric4j/1.0.7/gmetric4j-1.0.7.jar:/home/user/.m2/repository/org/apache/ratis/ratis-netty/0.4.0-78e95b9-SNAPSHOT/ratis-netty-0.4.0-78e95b9-SNAPSHOT.jar:/home/user/.m2/repository/org/apache/ratis/ratis-grpc/0.4.0-78e95b9-SNAPSHOT/ratis-grpc-0.4.0-78e95b9-SNAPSHOT.jar:/home/user/.m2/repository/org/rocksdb/rocksdbjni/6.0.1/rocksdbjni-6.0.1.jar:/home/user/.m2/repository/org/apache/logging/log4j/log4j-api/2.11.0/log4j-api-2.11.0.jar:/home/user/.m2/repository/org/apache/logging/log4j/log4j-core/2.11.0/log4j-core-2.11.0.jar:/home/user/.m2/repository/com/lmax/disruptor/3.4.2/disruptor-3.4.2.jar:/home/user/.m2/repository/org/apache/commons/commons-pool2/2.6.0/commons-pool2-2.6.0.jar:/home/user/.m2/repository/org/bouncycastle/bcpkix-jdk15on/1.60/bcpkix-jdk15on-1.60.jar:/home/user/.m2/repository/commons-validator/commons-validator/1.6/commons-validator-1.6.jar:/home/user/.m2/repository/commons-digester/commons-digester/1.8.1/commons-digester-1.8.1.jar:/home/user/.m2/repository/io/jaegertracing/jaeger-client/0.33.1/jaeger-client-0.33.1.jar:/home/user/.m2/repository/io/jaegertracing/jaeger-thrift/0.33.1/jaeger-thrift-0.33.1.jar:/home/user/.m2/repository/org/apache/thrift/libthrift/0.11.0/libthrift-0.11.0.jar:/home/user/.m2/repository/com/squareup/okhttp3/okhttp/3.9.0/okhttp-3.9.0.jar:/home/user/.m2/repository/com/squareup/okio/okio/1.13.0/okio-1.13.0.jar:/home/user/.m2/repository/io/jaegertracing/jaeger-core/0.33.1/jaeger-core-0.33.1.jar:/home/user/.m2/repository/io/jaegertracing/jaeger-tracerresolver/0.33.1/jaeger-tracerresolver-0.33.1.jar:/home/user/.m2/repository/io/opentracing/contrib/opentracing-tracerresolver/0.1.5/opentracing-tracerresolver-0.1.5.jar:/home/user/.m2/repository/io/opentracing/opentracing-util/0.31.0/opentracing-util-0.31.0.jar:/home/user/.m2/repository/io/opentracing/opentracing-api/0.31.0/opentracing-api-0.31.0.jar:/home/user/.m2/repository/io/opentracing/opentracing-noop/0.31.0/opentracing-noop-0.31.0.jar:/home/user/.m2/repository/org/yaml/snakeyaml/1.16/snakeyaml-1.16.jar:/home/user/.m2/repository/org/apache/hadoop/hadoop-hdds-container-service/0.5.0-SNAPSHOT/hadoop-hdds-container-service-0.5.0-SNAPSHOT.jar:/home/user/.m2/repository/org/apache/hadoop/hadoop-hdds-client/0.5.0-SNAPSHOT/hadoop-hdds-client-0.5.0-SNAPSHOT.jar:/home/user/.m2/repository/org/apache/hadoop/hadoop-hdds-tools/0.5.0-SNAPSHOT/hadoop-hdds-tools-0.5.0-SNAPSHOT.jar:/home/user/.m2/repository/org/xerial/sqlite-jdbc/3.25.2/sqlite-jdbc-3.25.2.jar:/home/user/.m2/repository/org/apache/hadoop/hadoop-hdds-server-scm/0.5.0-SNAPSHOT/hadoop-hdds-server-scm-0.5.0-SNAPSHOT.jar:/home/user/.m2/repository/org/hamcrest/hamcrest-all/1.3/hamcrest-all-1.3.jar:/home/user/.m2/repository/info/picocli/picocli/3.9.6/picocli-3.9.6.jar:/home/user/.m2/repository/com/google/protobuf/protobuf-java/2.5.0/protobuf-java-2.5.0.jar:/home/user/.m2/repository/com/google/guava/guava/11.0.2/guava-11.0.2.jar:/home/user/.m2/repository/org/apache/hadoop/hadoop-ozone-client/0.5.0-SNAPSHOT/hadoop-ozone-client-0.5.0-SNAPSHOT.jar:/workdir/hadoop-ozone/ozonefs/target/classes:/home/user/.m2/repository/org/apache/hadoop/hadoop-hdds-server-framework/0.5.0-SNAPSHOT/hadoop-hdds-server-framework-0.5.0-SNAPSHOT.jar:/home/user/.m2/repository/org/apache/hadoop/hadoop-common/3.2.0/hadoop-common-3.2.0.jar:/home/user/.m2/repository/org/apache/hadoop/hadoop-annotations/3.2.0/hadoop-annotations-3.2.0.jar:/usr/lib/jvm/java-1.8-openjdk/jre/../lib/tools.jar:/home/user/.m2/repository/commons-cli/commons-cli/1.2/commons-cli-1.2.jar:/home/user/.m2/repository/org/apache/commons/commons-math3/3.1.1/commons-math3-3.1.1.jar:/home/user/.m2/repository/org/apache/httpcomponents/httpclient/4.5.2/httpclient-4.5.2.jar:/home/user/.m2/repository/org/apache/httpcomponents/httpcore/4.4.4/httpcore-4.4.4.jar:/home/user/.m2/repository/commons-codec/commons-codec/1.11/commons-codec-1.11.jar:/home/user/.m2/repository/commons-io/commons-io/2.5/commons-io-2.5.jar:/home/user/.m2/repository/commons-net/commons-net/3.6/commons-net-3.6.jar:/home/user/.m2/repository/commons-collections/commons-collections/3.2.2/commons-collections-3.2.2.jar:/home/user/.m2/repository/javax/servlet/javax.servlet-api/3.1.0/javax.servlet-api-3.1.0.jar:/home/user/.m2/repository/org/eclipse/jetty/jetty-server/9.3.24.v20180605/jetty-server-9.3.24.v20180605.jar:/home/user/.m2/repository/org/eclipse/jetty/jetty-http/9.3.24.v20180605/jetty-http-9.3.24.v20180605.jar:/home/user/.m2/repository/org/eclipse/jetty/jetty-io/9.3.24.v20180605/jetty-io-9.3.24.v20180605.jar:/home/user/.m2/repository/org/eclipse/jetty/jetty-util/9.3.24.v20180605/jetty-util-9.3.24.v20180605.jar:/home/user/.m2/repository/org/eclipse/jetty/jetty-servlet/9.3.24.v20180605/jetty-servlet-9.3.24.v20180605.jar:/home/user/.m2/repository/org/eclipse/jetty/jetty-security/9.3.24.v20180605/jetty-security-9.3.24.v20180605.jar:/home/user/.m2/repository/org/eclipse/jetty/jetty-webapp/9.3.24.v20180605/jetty-webapp-9.3.24.v20180605.jar:/home/user/.m2/repository/org/eclipse/jetty/jetty-xml/9.3.24.v20180605/jetty-xml-9.3.24.v20180605.jar:/home/user/.m2/repository/javax/servlet/jsp/jsp-api/2.1/jsp-api-2.1.jar:/home/user/.m2/repository/com/sun/jersey/jersey-core/1.19/jersey-core-1.19.jar:/home/user/.m2/repository/javax/ws/rs/jsr311-api/1.1.1/jsr311-api-1.1.1.jar:/home/user/.m2/repository/com/sun/jersey/jersey-servlet/1.19/jersey-servlet-1.19.jar:/home/user/.m2/repository/com/sun/jersey/jersey-json/1.19/jersey-json-1.19.jar:/home/user/.m2/repository/org/codehaus/jettison/jettison/1.1/jettison-1.1.jar:/home/user/.m2/repository/com/sun/xml/bind/jaxb-impl/2.3.0.1/jaxb-impl-2.3.0.1.jar:/home/user/.m2/repository/org/codehaus/jackson/jackson-core-asl/1.9.13/jackson-core-asl-1.9.13.jar:/home/user/.m2/repository/org/codehaus/jackson/jackson-mapper-asl/1.9.13/jackson-mapper-asl-1.9.13.jar:/home/user/.m2/repository/org/codehaus/jackson/jackson-jaxrs/1.9.13/jackson-jaxrs-1.9.13.jar:/home/user/.m2/repository/org/codehaus/jackson/jackson-xc/1.9.13/jackson-xc-1.9.13.jar:/home/user/.m2/repository/com/sun/jersey/jersey-server/1.19/jersey-server-1.19.jar:/home/user/.m2/repository/commons-logging/commons-logging/1.1.3/commons-logging-1.1.3.jar:/home/user/.m2/repository/log4j/log4j/1.2.17/log4j-1.2.17.jar:/home/user/.m2/repository/commons-beanutils/commons-beanutils/1.9.3/commons-beanutils-1.9.3.jar:/home/user/.m2/repository/org/apache/commons/commons-configuration2/2.1.1/commons-configuration2-2.1.1.jar:/home/user/.m2/repository/org/apache/commons/commons-lang3/3.7/commons-lang3-3.7.jar:/home/user/.m2/repository/org/apache/commons/commons-text/1.4/commons-text-1.4.jar:/home/user/.m2/repository/org/slf4j/slf4j-api/1.7.25/slf4j-api-1.7.25.jar:/home/user/.m2/repository/org/slf4j/slf4j-log4j12/1.7.25/slf4j-log4j12-1.7.25.jar:/home/user/.m2/repository/org/apache/avro/avro/1.7.7/avro-1.7.7.jar:/home/user/.m2/repository/com/thoughtworks/paranamer/paranamer/2.3/paranamer-2.3.jar:/home/user/.m2/repository/org/xerial/snappy/snappy-java/1.0.5/snappy-java-1.0.5.jar:/home/user/.m2/repository/com/google/re2j/re2j/1.1/re2j-1.1.jar:/home/user/.m2/repository/com/google/code/gson/gson/2.2.4/gson-2.2.4.jar:/home/user/.m2/repository/org/apache/hadoop/hadoop-auth/3.2.0/hadoop-auth-3.2.0.jar:/home/user/.m2/repository/com/nimbusds/nimbus-jose-jwt/4.41.1/nimbus-jose-jwt-4.41.1.jar:/home/user/.m2/repository/com/github/stephenc/jcip/jcip-annotations/1.0-1/jcip-annotations-1.0-1.jar:/home/user/.m2/repository/net/minidev/json-smart/2.3/json-smart-2.3.jar:/home/user/.m2/repository/net/minidev/accessors-smart/1.2/accessors-smart-1.2.jar:/home/user/.m2/repository/org/apache/curator/curator-framework/2.12.0/curator-framework-2.12.0.jar:/home/user/.m2/repository/com/jcraft/jsch/0.1.54/jsch-0.1.54.jar:/home/user/.m2/repository/org/apache/curator/curator-client/2.12.0/curator-client-2.12.0.jar:/home/user/.m2/repository/org/apache/curator/curator-recipes/2.12.0/curator-recipes-2.12.0.jar:/home/user/.m2/repository/com/google/code/findbugs/jsr305/3.0.0/jsr305-3.0.0.jar:/home/user/.m2/repository/org/apache/htrace/htrace-core4/4.1.0-incubating/htrace-core4-4.1.0-incubating.jar:/home/user/.m2/repository/org/apache/zookeeper/zookeeper/3.4.13/zookeeper-3.4.13.jar:/home/user/.m2/repository/org/apache/yetus/audience-annotations/0.5.0/audience-annotations-0.5.0.jar:/home/user/.m2/repository/org/apache/kerby/kerb-simplekdc/1.0.1/kerb-simplekdc-1.0.1.jar:/home/user/.m2/repository/org/apache/kerby/kerb-client/1.0.1/kerb-client-1.0.1.jar:/home/user/.m2/repository/org/apache/kerby/kerby-config/1.0.1/kerby-config-1.0.1.jar:/home/user/.m2/repository/org/apache/kerby/kerb-core/1.0.1/kerb-core-1.0.1.jar:/home/user/.m2/repository/org/apache/kerby/kerby-pkix/1.0.1/kerby-pkix-1.0.1.jar:/home/user/.m2/repository/org/apache/kerby/kerby-asn1/1.0.1/kerby-asn1-1.0.1.jar:/home/user/.m2/repository/org/apache/kerby/kerby-util/1.0.1/kerby-util-1.0.1.jar:/home/user/.m2/repository/org/apache/kerby/kerb-common/1.0.1/kerb-common-1.0.1.jar:/home/user/.m2/repository/org/apache/kerby/kerb-crypto/1.0.1/kerb-crypto-1.0.1.jar:/home/user/.m2/repository/org/apache/kerby/kerb-util/1.0.1/kerb-util-1.0.1.jar:/home/user/.m2/repository/org/apache/kerby/token-provider/1.0.1/token-provider-1.0.1.jar:/home/user/.m2/repository/org/apache/kerby/kerb-admin/1.0.1/kerb-admin-1.0.1.jar:/home/user/.m2/repository/org/apache/kerby/kerb-server/1.0.1/kerb-server-1.0.1.jar:/home/user/.m2/repository/org/apache/kerby/kerb-identity/1.0.1/kerb-identity-1.0.1.jar:/home/user/.m2/repository/org/apache/kerby/kerby-xdr/1.0.1/kerby-xdr-1.0.1.jar:/home/user/.m2/repository/com/fasterxml/jackson/core/jackson-databind/2.9.5/jackson-databind-2.9.5.jar:/home/user/.m2/repository/com/fasterxml/jackson/core/jackson-core/2.9.5/jackson-core-2.9.5.jar:/home/user/.m2/repository/org/codehaus/woodstox/stax2-api/3.1.4/stax2-api-3.1.4.jar:/home/user/.m2/repository/com/fasterxml/woodstox/woodstox-core/5.0.3/woodstox-core-5.0.3.jar:/home/user/.m2/repository/dnsjava/dnsjava/2.1.7/dnsjava-2.1.7.jar:/home/user/.m2/repository/org/apache/hadoop/hadoop-hdfs/3.2.0/hadoop-hdfs-3.2.0.jar:/home/user/.m2/repository/org/eclipse/jetty/jetty-util-ajax/9.3.24.v20180605/jetty-util-ajax-9.3.24.v20180605.jar:/home/user/.m2/repository/commons-daemon/commons-daemon/1.0.13/commons-daemon-1.0.13.jar:/home/user/.m2/repository/io/netty/netty/3.10.5.Final/netty-3.10.5.Final.jar:/home/user/.m2/repository/io/netty/netty-all/4.0.52.Final/netty-all-4.0.52.Final.jar:/home/user/.m2/repository/org/fusesource/leveldbjni/leveldbjni-all/1.8/leveldbjni-all-1.8.jar:/home/user/.m2/repository/com/sun/xml/bind/jaxb-core/2.3.0.1/jaxb-core-2.3.0.1.jar:/home/user/.m2/repository/javax/xml/bind/jaxb-api/2.3.0/jaxb-api-2.3.0.jar:/home/user/.m2/repository/javax/activation/activation/1.1.1/activation-1.1.1.jar:/home/user/.m2/repository/io/dropwizard/metrics/metrics-core/3.2.4/metrics-core-3.2.4.jar:/home/user/.m2/repository/org/openjdk/jmh/jmh-core/1.19/jmh-core-1.19.jar:/home/user/.m2/repository/net/sf/jopt-simple/jopt-simple/4.6/jopt-simple-4.6.jar:/home/user/.m2/repository/org/openjdk/jmh/jmh-generator-annprocess/1.19/jmh-generator-annprocess-1.19.jar:/home/user/.m2/repository/com/google/code/findbugs/findbugs/3.0.1/findbugs-3.0.1.jar:/home/user/.m2/repository/net/jcip/jcip-annotations/1.0/jcip-annotations-1.0.jar:/home/user/.m2/repository/com/google/code/findbugs/bcel-findbugs/6.0/bcel-findbugs-6.0.jar:/home/user/.m2/repository/com/google/code/findbugs/jFormatString/2.0.1/jFormatString-2.0.1.jar:/home/user/.m2/repository/dom4j/dom4j/1.6.1/dom4j-1.6.1.jar:/home/user/.m2/repository/xml-apis/xml-apis/1.0.b2/xml-apis-1.0.b2.jar:/home/user/.m2/repository/org/ow2/asm/asm-debug-all/5.0.2/asm-debug-all-5.0.2.jar:/home/user/.m2/repository/org/ow2/asm/asm-commons/5.0.2/asm-commons-5.0.2.jar:/home/user/.m2/repository/org/ow2/asm/asm-tree/5.0.2/asm-tree-5.0.2.jar:/home/user/.m2/repository/org/ow2/asm/asm/5.0.4/asm-5.0.4.jar:/home/user/.m2/repository/commons-lang/commons-lang/2.6/commons-lang-2.6.jar:/home/user/.m2/repository/com/apple/AppleJavaExtensions/1.4/AppleJavaExtensions-1.4.jar:/home/user/.m2/repository/jaxen/jaxen/1.1.6/jaxen-1.1.6.jar:/home/user/.m2/repository/junit/junit/4.11/junit-4.11.jar:/home/user/.m2/repository/org/hamcrest/hamcrest-core/1.3/hamcrest-core-1.3.jar:/home/user/.m2/repository/org/apache/hadoop/hadoop-common/3.2.0/hadoop-common-3.2.0-tests.jar:/workdir/hadoop-ozone/integration-test/target/test-classes:/home/user/.m2/repository/org/apache/hadoop/hadoop-ozone-s3gateway/0.5.0-SNAPSHOT/hadoop-ozone-s3gateway-0.5.0-SNAPSHOT.jar:/home/user/.m2/repository/org/jboss/weld/servlet/weld-servlet/2.4.7.Final/weld-servlet-2.4.7.Final.jar:/home/user/.m2/repository/org/glassfish/jersey/containers/jersey-container-servlet-core/2.27/jersey-container-servlet-core-2.27.jar:/home/user/.m2/repository/org/glassfish/hk2/external/javax.inject/2.5.0-b42/javax.inject-2.5.0-b42.jar:/home/user/.m2/repository/org/glassfish/jersey/core/jersey-common/2.27/jersey-common-2.27.jar:/home/user/.m2/repository/org/glassfish/hk2/osgi-resource-locator/1.0.1/osgi-resource-locator-1.0.1.jar:/home/user/.m2/repository/javax/ws/rs/javax.ws.rs-api/2.1/javax.ws.rs-api-2.1.jar:/home/user/.m2/repository/org/glassfish/jersey/ext/cdi/jersey-cdi1x/2.27/jersey-cdi1x-2.27.jar:/home/user/.m2/repository/org/glassfish/jersey/inject/jersey-hk2/2.27/jersey-hk2-2.27.jar:/home/user/.m2/repository/org/glassfish/hk2/hk2-locator/2.5.0-b42/hk2-locator-2.5.0-b42.jar:/home/user/.m2/repository/org/javassist/javassist/3.22.0-CR2/javassist-3.22.0-CR2.jar:/home/user/.m2/repository/org/glassfish/hk2/hk2-api/2.5.0/hk2-api-2.5.0.jar:/home/user/.m2/repository/org/glassfish/hk2/external/jakarta.inject/2.5.0/jakarta.inject-2.5.0.jar:/home/user/.m2/repository/org/glassfish/hk2/hk2-utils/2.5.0/hk2-utils-2.5.0.jar:/home/user/.m2/repository/jakarta/annotation/jakarta.annotation-api/1.3.4/jakarta.annotation-api-1.3.4.jar:/home/user/.m2/repository/org/glassfish/hk2/external/aopalliance-repackaged/2.5.0/aopalliance-repackaged-2.5.0.jar:/home/user/.m2/repository/com/fasterxml/jackson/dataformat/jackson-dataformat-xml/2.9.0/jackson-dataformat-xml-2.9.0.jar:/home/user/.m2/repository/com/fasterxml/jackson/module/jackson-module-jaxb-annotations/2.9.5/jackson-module-jaxb-annotations-2.9.5.jar:/home/user/.m2/repository/javax/enterprise/cdi-api/1.2/cdi-api-1.2.jar:/home/user/.m2/repository/javax/el/javax.el-api/3.0.0/javax.el-api-3.0.0.jar:/home/user/.m2/repository/javax/interceptor/javax.interceptor-api/1.2/javax.interceptor-api-1.2.jar:/home/user/.m2/repository/javax/inject/javax.inject/1/javax.inject-1.jar:/home/user/.m2/repository/org/apache/hadoop/hadoop-ozone-csi/0.5.0-SNAPSHOT/hadoop-ozone-csi-0.5.0-SNAPSHOT.jar:/home/user/.m2/repository/com/google/protobuf/protobuf-java-util/3.5.1/protobuf-java-util-3.5.1.jar:/home/user/.m2/repository/io/grpc/grpc-netty/1.17.1/grpc-netty-1.17.1.jar:/home/user/.m2/repository/io/grpc/grpc-core/1.17.1/grpc-core-1.17.1.jar:/home/user/.m2/repository/io/grpc/grpc-context/1.17.1/grpc-context-1.17.1.jar:/home/user/.m2/repository/com/google/errorprone/error_prone_annotations/2.2.0/error_prone_annotations-2.2.0.jar:/home/user/.m2/repository/org/codehaus/mojo/animal-sniffer-annotations/1.17/animal-sniffer-annotations-1.17.jar:/home/user/.m2/repository/io/opencensus/opencensus-api/0.17.0/opencensus-api-0.17.0.jar:/home/user/.m2/repository/io/opencensus/opencensus-contrib-grpc-metrics/0.17.0/opencensus-contrib-grpc-metrics-0.17.0.jar:/home/user/.m2/repository/io/netty/netty-codec-http2/4.1.30.Final/netty-codec-http2-4.1.30.Final.jar:/home/user/.m2/repository/io/netty/netty-codec-http/4.1.30.Final/netty-codec-http-4.1.30.Final.jar:/home/user/.m2/repository/io/netty/netty-codec/4.1.30.Final/netty-codec-4.1.30.Final.jar:/home/user/.m2/repository/io/netty/netty-handler/4.1.30.Final/netty-handler-4.1.30.Final.jar:/home/user/.m2/repository/io/netty/netty-handler-proxy/4.1.30.Final/netty-handler-proxy-4.1.30.Final.jar:/home/user/.m2/repository/io/netty/netty-codec-socks/4.1.30.Final/netty-codec-socks-4.1.30.Final.jar:/home/user/.m2/repository/io/netty/netty-transport-native-epoll/4.1.30.Final/netty-transport-native-epoll-4.1.30.Final.jar:/home/user/.m2/repository/io/netty/netty-common/4.1.30.Final/netty-common-4.1.30.Final.jar:/home/user/.m2/repository/io/netty/netty-buffer/4.1.30.Final/netty-buffer-4.1.30.Final.jar:/home/user/.m2/repository/io/netty/netty-transport/4.1.30.Final/netty-transport-4.1.30.Final.jar:/home/user/.m2/repository/io/netty/netty-resolver/4.1.30.Final/netty-resolver-4.1.30.Final.jar:/home/user/.m2/repository/io/netty/netty-transport-native-unix-common/4.1.30.Final/netty-transport-native-unix-common-4.1.30.Final.jar:/home/user/.m2/repository/io/grpc/grpc-protobuf/1.17.1/grpc-protobuf-1.17.1.jar:/home/user/.m2/repository/com/google/api/grpc/proto-google-common-protos/1.0.0/proto-google-common-protos-1.0.0.jar:/home/user/.m2/repository/io/grpc/grpc-protobuf-lite/1.17.1/grpc-protobuf-lite-1.17.1.jar:/home/user/.m2/repository/io/grpc/grpc-stub/1.17.1/grpc-stub-1.17.1.jar:/home/user/.m2/repository/org/apache/hadoop/hadoop-ozone-recon/0.5.0-SNAPSHOT/hadoop-ozone-recon-0.5.0-SNAPSHOT.jar:/home/user/.m2/repository/org/apache/hadoop/hadoop-ozone-reconcodegen/0.5.0-SNAPSHOT/hadoop-ozone-reconcodegen-0.5.0-SNAPSHOT.jar:/home/user/.m2/repository/com/google/inject/extensions/guice-multibindings/4.0/guice-multibindings-4.0.jar:/home/user/.m2/repository/com/google/inject/guice/4.0/guice-4.0.jar:/home/user/.m2/repository/aopalliance/aopalliance/1.0/aopalliance-1.0.jar:/home/user/.m2/repository/com/google/inject/extensions/guice-servlet/4.0/guice-servlet-4.0.jar:/home/user/.m2/repository/org/glassfish/jersey/containers/jersey-container-servlet/2.27/jersey-container-servlet-2.27.jar:/home/user/.m2/repository/org/glassfish/hk2/guice-bridge/2.5.0/guice-bridge-2.5.0.jar:/home/user/.m2/repository/org/glassfish/jersey/core/jersey-server/2.27/jersey-server-2.27.jar:/home/user/.m2/repository/org/glassfish/jersey/core/jersey-client/2.27/jersey-client-2.27.jar:/home/user/.m2/repository/org/glassfish/jersey/media/jersey-media-jaxb/2.27/jersey-media-jaxb-2.27.jar:/home/user/.m2/repository/javax/validation/validation-api/1.1.0.Final/validation-api-1.1.0.Final.jar:/home/user/.m2/repository/org/glassfish/jersey/media/jersey-media-json-jackson/2.27/jersey-media-json-jackson-2.27.jar:/home/user/.m2/repository/org/glassfish/jersey/ext/jersey-entity-filtering/2.27/jersey-entity-filtering-2.27.jar:/home/user/.m2/repository/com/google/inject/extensions/guice-assistedinject/4.0/guice-assistedinject-4.0.jar:/home/user/.m2/repository/org/jooq/jooq/3.11.10/jooq-3.11.10.jar:/home/user/.m2/repository/org/jooq/jooq-meta/3.11.10/jooq-meta-3.11.10.jar:/home/user/.m2/repository/org/jooq/jooq-codegen/3.11.10/jooq-codegen-3.11.10.jar:/home/user/.m2/repository/com/jolbox/bonecp/0.8.0.RELEASE/bonecp-0.8.0.RELEASE.jar:/home/user/.m2/repository/org/springframework/spring-jdbc/5.1.3.RELEASE/spring-jdbc-5.1.3.RELEASE.jar:/home/user/.m2/repository/org/springframework/spring-beans/5.1.3.RELEASE/spring-beans-5.1.3.RELEASE.jar:/home/user/.m2/repository/org/springframework/spring-core/5.1.3.RELEASE/spring-core-5.1.3.RELEASE.jar:/home/user/.m2/repository/org/springframework/spring-jcl/5.1.3.RELEASE/spring-jcl-5.1.3.RELEASE.jar:/home/user/.m2/repository/org/springframework/spring-tx/5.1.3.RELEASE/spring-tx-5.1.3.RELEASE.jar:/home/user/.m2/repository/org/mockito/mockito-core/2.15.0/mockito-core-2.15.0.jar:/home/user/.m2/repository/net/bytebuddy/byte-buddy/1.7.9/byte-buddy-1.7.9.jar:/home/user/.m2/repository/net/bytebuddy/byte-buddy-agent/1.7.9/byte-buddy-agent-1.7.9.jar:/home/user/.m2/repository/org/objenesis/objenesis/1.0/objenesis-1.0.jar:"/>
    <property name="sun.cpu.endian" value="little"/>
    <property name="user.home" value="/home/user"/>
    <property name="user.language" value="en"/>
    <property name="java.specification.vendor" value="Oracle Corporation"/>
    <property name="java.home" value="/usr/lib/jvm/java-1.8-openjdk/jre"/>
    <property name="java.security.krb5.conf" value="/workdir/hadoop-ozone/tools/target/test-classes/krb5.conf"/>
    <property name="basedir" value="/workdir/hadoop-ozone/tools"/>
    <property name="file.separator" value="/"/>
    <property name="line.separator" value="&#10;"/>
    <property name="java.vm.specification.vendor" value="Oracle Corporation"/>
    <property name="java.specification.name" value="Java Platform API Specification"/>
    <property name="java.awt.graphicsenv" value="sun.awt.X11GraphicsEnvironment"/>
    <property name="surefire.real.class.path" value="/workdir/hadoop-ozone/tools/target/surefire/surefirebooter2100595823131252430.jar"/>
    <property name="hadoop.log.dir" value="/workdir/hadoop-ozone/tools/target/log"/>
    <property name="sun.boot.class.path" value="/usr/lib/jvm/java-1.8-openjdk/jre/lib/resources.jar:/usr/lib/jvm/java-1.8-openjdk/jre/lib/rt.jar:/usr/lib/jvm/java-1.8-openjdk/jre/lib/sunrsasign.jar:/usr/lib/jvm/java-1.8-openjdk/jre/lib/jsse.jar:/usr/lib/jvm/java-1.8-openjdk/jre/lib/jce.jar:/usr/lib/jvm/java-1.8-openjdk/jre/lib/charsets.jar:/usr/lib/jvm/java-1.8-openjdk/jre/lib/jfr.jar:/usr/lib/jvm/java-1.8-openjdk/jre/classes"/>
    <property name="sun.management.compiler" value="HotSpot 64-Bit Tiered Compilers"/>
    <property name="java.runtime.version" value="1.8.0_212-b04"/>
    <property name="java.net.preferIPv4Stack" value="true"/>
    <property name="user.name" value="jenkins1000"/>
    <property name="path.separator" value=":"/>
    <property name="java.security.egd" value="file:///dev/urandom"/>
    <property name="os.version" value="3.10.0-957.12.2.el7.x86_64"/>
    <property name="java.endorsed.dirs" value="/usr/lib/jvm/java-1.8-openjdk/jre/lib/endorsed"/>
    <property name="java.runtime.name" value="OpenJDK Runtime Environment"/>
    <property name="file.encoding" value="UTF-8"/>
    <property name="java.vm.name" value="OpenJDK 64-Bit Server VM"/>
    <property name="test.build.webapps" value=""/>
    <property name="localRepository" value="/home/user/.m2/repository"/>
    <property name="java.vendor.url.bug" value="https://icedtea.classpath.org/bugzilla"/>
    <property name="java.io.tmpdir" value="/tmp"/>
    <property name="require.test.libhadoop" value=""/>
    <property name="java.version" value="1.8.0_212"/>
    <property name="user.dir" value="/workdir/hadoop-ozone/tools"/>
    <property name="os.arch" value="amd64"/>
    <property name="java.vm.specification.name" value="Java Virtual Machine Specification"/>
    <property name="test.build.classes" value="/workdir/hadoop-ozone/tools/target/test-classes"/>
    <property name="java.awt.printerjob" value="sun.print.PSPrinterJob"/>
    <property name="sun.os.patch.level" value="unknown"/>
    <property name="hadoop.tmp.dir" value="/workdir/hadoop-ozone/tools/target/tmp"/>
    <property name="java.library.path" value="/usr/lib/jvm/java-1.8-openjdk/jre/lib/amd64/server:/usr/lib/jvm/java-1.8-openjdk/jre/lib/amd64:/usr/lib/jvm/java-1.8-openjdk/jre/../lib/amd64:/workdir/hadoop-ozone/tools/target/native/target/usr/local/lib:/workdir/hadoop-ozone/tools/../../hadoop-common-project/hadoop-common/target/native/target/usr/local/lib:/usr/java/packages/lib/amd64:/usr/lib64:/lib64:/lib:/usr/lib"/>
    <property name="java.vm.info" value="mixed mode"/>
    <property name="java.vendor" value="IcedTea"/>
    <property name="java.vm.version" value="25.212-b04"/>
    <property name="java.ext.dirs" value="/usr/lib/jvm/java-1.8-openjdk/jre/lib/ext:/usr/java/packages/lib/ext"/>
    <property name="sun.io.unicode.encoding" value="UnicodeLittle"/>
    <property name="java.class.version" value="52.0"/>
  </properties>
  <testcase name="ratisTest3" classname="org.apache.hadoop.ozone.freon.TestRandomKeyGenerator" time="15.604"/>
  <testcase name="testThreadPoolSize" classname="org.apache.hadoop.ozone.freon.TestRandomKeyGenerator" time="5.034"/>
  <testcase name="defaultTest" classname="org.apache.hadoop.ozone.freon.TestRandomKeyGenerator" time="5.032"/>
  <testcase name="bigFileThan2GB" classname="org.apache.hadoop.ozone.freon.TestRandomKeyGenerator" time="107.952">
    <error message="Allocated 0 blocks. Requested 1 blocks" type="INTERNAL_ERROR org.apache.hadoop.ozone.om.exceptions.OMException">INTERNAL_ERROR org.apache.hadoop.ozone.om.exceptions.OMException: Allocated 0 blocks. Requested 1 blocks
	at org.apache.hadoop.ozone.om.protocolPB.OzoneManagerProtocolClientSideTranslatorPB.handleError(OzoneManagerProtocolClientSideTranslatorPB.java:725)
	at org.apache.hadoop.ozone.om.protocolPB.OzoneManagerProtocolClientSideTranslatorPB.allocateBlock(OzoneManagerProtocolClientSideTranslatorPB.java:757)
	at org.apache.hadoop.ozone.client.io.BlockOutputStreamEntryPool.allocateNewBlock(BlockOutputStreamEntryPool.java:248)
	at org.apache.hadoop.ozone.client.io.BlockOutputStreamEntryPool.allocateBlockIfNeeded(BlockOutputStreamEntryPool.java:296)
	at org.apache.hadoop.ozone.client.io.KeyOutputStream.handleWrite(KeyOutputStream.java:201)
	at org.apache.hadoop.ozone.client.io.KeyOutputStream.write(KeyOutputStream.java:193)
	at org.apache.hadoop.ozone.client.io.OzoneOutputStream.write(OzoneOutputStream.java:49)
	at org.apache.hadoop.ozone.freon.RandomKeyGenerator.createKey(RandomKeyGenerator.java:708)
	at org.apache.hadoop.ozone.freon.RandomKeyGenerator.access$1100(RandomKeyGenerator.java:88)
	at org.apache.hadoop.ozone.freon.RandomKeyGenerator$ObjectCreator.run(RandomKeyGenerator.java:615)
	at java.util.concurrent.Executors$RunnableAdapter.call(Executors.java:511)
	at java.util.concurrent.FutureTask.run(FutureTask.java:266)
	at java.util.concurrent.ThreadPoolExecutor.runWorker(ThreadPoolExecutor.java:1149)
	at java.util.concurrent.ThreadPoolExecutor$Worker.run(ThreadPoolExecutor.java:624)
	at java.lang.Thread.run(Thread.java:748)
</error>
    <system-out><![CDATA[2019-09-08 07:07:19,246 [main] INFO  freon.RandomKeyGenerator (RandomKeyGenerator.java:call(283)) - Number of Threads: 1
2019-09-08 07:07:19,246 [main] INFO  freon.RandomKeyGenerator (RandomKeyGenerator.java:call(288)) - Number of Volumes: 1.
2019-09-08 07:07:19,246 [main] INFO  freon.RandomKeyGenerator (RandomKeyGenerator.java:call(289)) - Number of Buckets per Volume: 1.
2019-09-08 07:07:19,246 [main] INFO  freon.RandomKeyGenerator (RandomKeyGenerator.java:call(290)) - Number of Keys per Bucket: 1.
2019-09-08 07:07:19,246 [main] INFO  freon.RandomKeyGenerator (RandomKeyGenerator.java:call(291)) - Key size: 2147483657 bytes
2019-09-08 07:07:19,247 [main] INFO  freon.RandomKeyGenerator (RandomKeyGenerator.java:call(292)) - Buffer size: 4096 bytes
2019-09-08 07:07:19,247 [main] INFO  freon.RandomKeyGenerator (RandomKeyGenerator.java:call(293)) - validateWrites : true
2019-09-08 07:07:19,248 [pool-277-thread-1] INFO  rpc.RpcClient (RpcClient.java:createVolume(298)) - Creating Volume: vol-0-39455, with jenkins1000 as owner.
2019-09-08 07:07:19,248 [main] INFO  freon.RandomKeyGenerator (RandomKeyGenerator.java:call(307)) - Data validation is enabled.
2019-09-08 07:07:19,248 [main] INFO  freon.RandomKeyGenerator (RandomKeyGenerator.java:call(313)) - Starting progress bar Thread.

 0.00% |█                                                                                                    |  0/1 Time: 0:00:002019-09-08 07:07:19,254 [IPC Server handler 10 on 34047] INFO  volume.OMVolumeCreateRequest (OMVolumeCreateRequest.java:validateAndUpdateCache(189)) - created volume:vol-0-39455 for user:jenkins1000
2019-09-08 07:07:19,256 [pool-277-thread-1] INFO  rpc.RpcClient (RpcClient.java:createBucket(437)) - Creating Bucket: vol-0-39455/bucket-0-73582, with Versioning false and Storage Type set to DISK and Encryption set to false 
2019-09-08 07:07:19,353 [grpc-default-executor-0] INFO  client.GrpcClientProtocolClient (GrpcClientProtocolClient.java:onNext(264)) - client-119D756B1005->cef72988-acf5-49ad-9ec7-695a80e7a66d: receive RaftClientReply:client-119D756B1005->cef72988-acf5-49ad-9ec7-695a80e7a66d@group-A1165329A1F1, cid=599, FAILED org.apache.ratis.protocol.NotLeaderException: Server cef72988-acf5-49ad-9ec7-695a80e7a66d@group-A1165329A1F1 is not the leader 4234af2c-5377-4886-a4e8-6fe45d0af45e:192.168.5.179:46359, logIndex=0, commits[cef72988-acf5-49ad-9ec7-695a80e7a66d:c712, 4234af2c-5377-4886-a4e8-6fe45d0af45e:c712, d677508c-6db9-4741-b51c-49af5e4cf22f:c712]
2019-09-08 07:07:19,415 [grpc-default-executor-6] INFO  client.GrpcClientProtocolClient (GrpcClientProtocolClient.java:onNext(264)) - client-119D756B1005->4234af2c-5377-4886-a4e8-6fe45d0af45e: receive RaftClientReply:client-119D756B1005->4234af2c-5377-4886-a4e8-6fe45d0af45e@group-A1165329A1F1, cid=599, SUCCESS, logIndex=713, commits[4234af2c-5377-4886-a4e8-6fe45d0af45e:c713, cef72988-acf5-49ad-9ec7-695a80e7a66d:c712, d677508c-6db9-4741-b51c-49af5e4cf22f:c712]
2019-09-08 07:07:19,440 [grpc-default-executor-6] INFO  client.GrpcClientProtocolClient (GrpcClientProtocolClient.java:onNext(264)) - client-119D756B1005->4234af2c-5377-4886-a4e8-6fe45d0af45e: receive RaftClientReply:client-119D756B1005->4234af2c-5377-4886-a4e8-6fe45d0af45e@group-A1165329A1F1, cid=600, SUCCESS, logIndex=715, commits[4234af2c-5377-4886-a4e8-6fe45d0af45e:c715, cef72988-acf5-49ad-9ec7-695a80e7a66d:c714, d677508c-6db9-4741-b51c-49af5e4cf22f:c713]
2019-09-08 07:07:19,444 [grpc-default-executor-0] INFO  client.GrpcClientProtocolClient (GrpcClientProtocolClient.java:onNext(264)) - client-119D756B1005->4234af2c-5377-4886-a4e8-6fe45d0af45e: receive RaftClientReply:client-119D756B1005->4234af2c-5377-4886-a4e8-6fe45d0af45e@group-A1165329A1F1, cid=601, SUCCESS, logIndex=716, commits[4234af2c-5377-4886-a4e8-6fe45d0af45e:c718, cef72988-acf5-49ad-9ec7-695a80e7a66d:c714, d677508c-6db9-4741-b51c-49af5e4cf22f:c715]
2019-09-08 07:07:19,447 [grpc-default-executor-0] INFO  client.GrpcClientProtocolClient (GrpcClientProtocolClient.java:onNext(264)) - client-119D756B1005->4234af2c-5377-4886-a4e8-6fe45d0af45e: receive RaftClientReply:client-119D756B1005->4234af2c-5377-4886-a4e8-6fe45d0af45e@group-A1165329A1F1, cid=602, SUCCESS, logIndex=717, commits[4234af2c-5377-4886-a4e8-6fe45d0af45e:c718, cef72988-acf5-49ad-9ec7-695a80e7a66d:c715, d677508c-6db9-4741-b51c-49af5e4cf22f:c715]
2019-09-08 07:07:19,484 [grpc-default-executor-4] INFO  client.GrpcClientProtocolClient (GrpcClientProtocolClient.java:onNext(264)) - client-119D756B1005->4234af2c-5377-4886-a4e8-6fe45d0af45e: receive RaftClientReply:client-119D756B1005->4234af2c-5377-4886-a4e8-6fe45d0af45e@group-A1165329A1F1, cid=603, SUCCESS, logIndex=720, commits[4234af2c-5377-4886-a4e8-6fe45d0af45e:c721, cef72988-acf5-49ad-9ec7-695a80e7a66d:c716, d677508c-6db9-4741-b51c-49af5e4cf22f:c719]
2019-09-08 07:07:19,485 [grpc-default-executor-4] INFO  client.GrpcClientProtocolClient (GrpcClientProtocolClient.java:onNext(264)) - client-119D756B1005->4234af2c-5377-4886-a4e8-6fe45d0af45e: receive RaftClientReply:client-119D756B1005->4234af2c-5377-4886-a4e8-6fe45d0af45e@group-A1165329A1F1, cid=604, SUCCESS, logIndex=721, commits[4234af2c-5377-4886-a4e8-6fe45d0af45e:c721, cef72988-acf5-49ad-9ec7-695a80e7a66d:c716, d677508c-6db9-4741-b51c-49af5e4cf22f:c719]
2019-09-08 07:07:19,496 [grpc-default-executor-4] INFO  client.GrpcClientProtocolClient (GrpcClientProtocolClient.java:onNext(264)) - client-119D756B1005->4234af2c-5377-4886-a4e8-6fe45d0af45e: receive RaftClientReply:client-119D756B1005->4234af2c-5377-4886-a4e8-6fe45d0af45e@group-A1165329A1F1, cid=605, SUCCESS, logIndex=0, commits[4234af2c-5377-4886-a4e8-6fe45d0af45e:c723, cef72988-acf5-49ad-9ec7-695a80e7a66d:c721, d677508c-6db9-4741-b51c-49af5e4cf22f:c721]
2019-09-08 07:07:19,524 [grpc-default-executor-6] INFO  client.GrpcClientProtocolClient (GrpcClientProtocolClient.java:onNext(264)) - client-119D756B1005->4234af2c-5377-4886-a4e8-6fe45d0af45e: receive RaftClientReply:client-119D756B1005->4234af2c-5377-4886-a4e8-6fe45d0af45e@group-A1165329A1F1, cid=606, SUCCESS, logIndex=724, commits[4234af2c-5377-4886-a4e8-6fe45d0af45e:c725, cef72988-acf5-49ad-9ec7-695a80e7a66d:c723, d677508c-6db9-4741-b51c-49af5e4cf22f:c723]
2019-09-08 07:07:19,526 [grpc-default-executor-6] INFO  client.GrpcClientProtocolClient (GrpcClientProtocolClient.java:onNext(264)) - client-119D756B1005->4234af2c-5377-4886-a4e8-6fe45d0af45e: receive RaftClientReply:client-119D756B1005->4234af2c-5377-4886-a4e8-6fe45d0af45e@group-A1165329A1F1, cid=607, SUCCESS, logIndex=725, commits[4234af2c-5377-4886-a4e8-6fe45d0af45e:c725, cef72988-acf5-49ad-9ec7-695a80e7a66d:c723, d677508c-6db9-4741-b51c-49af5e4cf22f:c723]
2019-09-08 07:07:19,539 [grpc-default-executor-6] INFO  client.GrpcClientProtocolClient (GrpcClientProtocolClient.java:onNext(264)) - client-119D756B1005->4234af2c-5377-4886-a4e8-6fe45d0af45e: receive RaftClientReply:client-119D756B1005->4234af2c-5377-4886-a4e8-6fe45d0af45e@group-A1165329A1F1, cid=608, SUCCESS, logIndex=0, commits[4234af2c-5377-4886-a4e8-6fe45d0af45e:c726, cef72988-acf5-49ad-9ec7-695a80e7a66d:c725, d677508c-6db9-4741-b51c-49af5e4cf22f:c725]
2019-09-08 07:07:19,573 [grpc-default-executor-4] INFO  client.GrpcClientProtocolClient (GrpcClientProtocolClient.java:onNext(264)) - client-119D756B1005->4234af2c-5377-4886-a4e8-6fe45d0af45e: receive RaftClientReply:client-119D756B1005->4234af2c-5377-4886-a4e8-6fe45d0af45e@group-A1165329A1F1, cid=609, SUCCESS, logIndex=727, commits[4234af2c-5377-4886-a4e8-6fe45d0af45e:c728, cef72988-acf5-49ad-9ec7-695a80e7a66d:c726, d677508c-6db9-4741-b51c-49af5e4cf22f:c725]
2019-09-08 07:07:19,574 [grpc-default-executor-4] INFO  client.GrpcClientProtocolClient (GrpcClientProtocolClient.java:onNext(264)) - client-119D756B1005->4234af2c-5377-4886-a4e8-6fe45d0af45e: receive RaftClientReply:client-119D756B1005->4234af2c-5377-4886-a4e8-6fe45d0af45e@group-A1165329A1F1, cid=610, SUCCESS, logIndex=728, commits[4234af2c-5377-4886-a4e8-6fe45d0af45e:c728, cef72988-acf5-49ad-9ec7-695a80e7a66d:c726, d677508c-6db9-4741-b51c-49af5e4cf22f:c726]
2019-09-08 07:07:19,583 [grpc-default-executor-4] INFO  client.GrpcClientProtocolClient (GrpcClientProtocolClient.java:onNext(264)) - client-119D756B1005->4234af2c-5377-4886-a4e8-6fe45d0af45e: receive RaftClientReply:client-119D756B1005->4234af2c-5377-4886-a4e8-6fe45d0af45e@group-A1165329A1F1, cid=611, SUCCESS, logIndex=729, commits[4234af2c-5377-4886-a4e8-6fe45d0af45e:c730, cef72988-acf5-49ad-9ec7-695a80e7a66d:c726, d677508c-6db9-4741-b51c-49af5e4cf22f:c726]
2019-09-08 07:07:19,585 [grpc-default-executor-4] INFO  client.GrpcClientProtocolClient (GrpcClientProtocolClient.java:onNext(264)) - client-119D756B1005->4234af2c-5377-4886-a4e8-6fe45d0af45e: receive RaftClientReply:client-119D756B1005->4234af2c-5377-4886-a4e8-6fe45d0af45e@group-A1165329A1F1, cid=612, SUCCESS, logIndex=730, commits[4234af2c-5377-4886-a4e8-6fe45d0af45e:c730, cef72988-acf5-49ad-9ec7-695a80e7a66d:c726, d677508c-6db9-4741-b51c-49af5e4cf22f:c726]
2019-09-08 07:07:19,587 [grpc-default-executor-4] INFO  client.GrpcClientProtocolClient (GrpcClientProtocolClient.java:onNext(264)) - client-119D756B1005->4234af2c-5377-4886-a4e8-6fe45d0af45e: receive RaftClientReply:client-119D756B1005->4234af2c-5377-4886-a4e8-6fe45d0af45e@group-A1165329A1F1, cid=613, SUCCESS, logIndex=0, commits[4234af2c-5377-4886-a4e8-6fe45d0af45e:c734, cef72988-acf5-49ad-9ec7-695a80e7a66d:c730, d677508c-6db9-4741-b51c-49af5e4cf22f:c730]
2019-09-08 07:07:19,606 [grpc-default-executor-0] INFO  client.GrpcClientProtocolClient (GrpcClientProtocolClient.java:onNext(264)) - client-119D756B1005->4234af2c-5377-4886-a4e8-6fe45d0af45e: receive RaftClientReply:client-119D756B1005->4234af2c-5377-4886-a4e8-6fe45d0af45e@group-A1165329A1F1, cid=614, SUCCESS, logIndex=735, commits[4234af2c-5377-4886-a4e8-6fe45d0af45e:c736, cef72988-acf5-49ad-9ec7-695a80e7a66d:c730, d677508c-6db9-4741-b51c-49af5e4cf22f:c734]
2019-09-08 07:07:19,606 [grpc-default-executor-6] INFO  client.GrpcClientProtocolClient (GrpcClientProtocolClient.java:onNext(264)) - client-119D756B1005->4234af2c-5377-4886-a4e8-6fe45d0af45e: receive RaftClientReply:client-119D756B1005->4234af2c-5377-4886-a4e8-6fe45d0af45e@group-A1165329A1F1, cid=615, SUCCESS, logIndex=736, commits[4234af2c-5377-4886-a4e8-6fe45d0af45e:c736, cef72988-acf5-49ad-9ec7-695a80e7a66d:c730, d677508c-6db9-4741-b51c-49af5e4cf22f:c734]
2019-09-08 07:07:19,873 [grpc-default-executor-0] INFO  client.GrpcClientProtocolClient (GrpcClientProtocolClient.java:onNext(264)) - client-119D756B1005->4234af2c-5377-4886-a4e8-6fe45d0af45e: receive RaftClientReply:client-119D756B1005->4234af2c-5377-4886-a4e8-6fe45d0af45e@group-A1165329A1F1, cid=616, SUCCESS, logIndex=739, commits[4234af2c-5377-4886-a4e8-6fe45d0af45e:c740, cef72988-acf5-49ad-9ec7-695a80e7a66d:c738, d677508c-6db9-4741-b51c-49af5e4cf22f:c738]
2019-09-08 07:07:19,873 [grpc-default-executor-0] INFO  client.GrpcClientProtocolClient (GrpcClientProtocolClient.java:onNext(264)) - client-119D756B1005->4234af2c-5377-4886-a4e8-6fe45d0af45e: receive RaftClientReply:client-119D756B1005->4234af2c-5377-4886-a4e8-6fe45d0af45e@group-A1165329A1F1, cid=617, SUCCESS, logIndex=740, commits[4234af2c-5377-4886-a4e8-6fe45d0af45e:c740, cef72988-acf5-49ad-9ec7-695a80e7a66d:c738, d677508c-6db9-4741-b51c-49af5e4cf22f:c738]
2019-09-08 07:07:19,886 [grpc-default-executor-0] INFO  client.GrpcClientProtocolClient (GrpcClientProtocolClient.java:onNext(264)) - client-119D756B1005->4234af2c-5377-4886-a4e8-6fe45d0af45e: receive RaftClientReply:client-119D756B1005->4234af2c-5377-4886-a4e8-6fe45d0af45e@group-A1165329A1F1, cid=618, SUCCESS, logIndex=0, commits[4234af2c-5377-4886-a4e8-6fe45d0af45e:c741, cef72988-acf5-49ad-9ec7-695a80e7a66d:c740, d677508c-6db9-4741-b51c-49af5e4cf22f:c740]
2019-09-08 07:07:19,913 [grpc-default-executor-4] INFO  client.GrpcClientProtocolClient (GrpcClientProtocolClient.java:onNext(264)) - client-119D756B1005->4234af2c-5377-4886-a4e8-6fe45d0af45e: receive RaftClientReply:client-119D756B1005->4234af2c-5377-4886-a4e8-6fe45d0af45e@group-A1165329A1F1, cid=619, SUCCESS, logIndex=743, commits[4234af2c-5377-4886-a4e8-6fe45d0af45e:c744, cef72988-acf5-49ad-9ec7-695a80e7a66d:c742, d677508c-6db9-4741-b51c-49af5e4cf22f:c740]
2019-09-08 07:07:19,914 [grpc-default-executor-4] INFO  client.GrpcClientProtocolClient (GrpcClientProtocolClient.java:onNext(264)) - client-119D756B1005->4234af2c-5377-4886-a4e8-6fe45d0af45e: receive RaftClientReply:client-119D756B1005->4234af2c-5377-4886-a4e8-6fe45d0af45e@group-A1165329A1F1, cid=620, SUCCESS, logIndex=744, commits[4234af2c-5377-4886-a4e8-6fe45d0af45e:c744, cef72988-acf5-49ad-9ec7-695a80e7a66d:c742, d677508c-6db9-4741-b51c-49af5e4cf22f:c742]
2019-09-08 07:07:19,918 [grpc-default-executor-4] INFO  client.GrpcClientProtocolClient (GrpcClientProtocolClient.java:onNext(264)) - client-119D756B1005->4234af2c-5377-4886-a4e8-6fe45d0af45e: receive RaftClientReply:client-119D756B1005->4234af2c-5377-4886-a4e8-6fe45d0af45e@group-A1165329A1F1, cid=621, SUCCESS, logIndex=745, commits[4234af2c-5377-4886-a4e8-6fe45d0af45e:c747, cef72988-acf5-49ad-9ec7-695a80e7a66d:c744, d677508c-6db9-4741-b51c-49af5e4cf22f:c742]
2019-09-08 07:07:19,919 [grpc-default-executor-4] INFO  client.GrpcClientProtocolClient (GrpcClientProtocolClient.java:onNext(264)) - client-119D756B1005->4234af2c-5377-4886-a4e8-6fe45d0af45e: receive RaftClientReply:client-119D756B1005->4234af2c-5377-4886-a4e8-6fe45d0af45e@group-A1165329A1F1, cid=622, SUCCESS, logIndex=746, commits[4234af2c-5377-4886-a4e8-6fe45d0af45e:c748, cef72988-acf5-49ad-9ec7-695a80e7a66d:c744, d677508c-6db9-4741-b51c-49af5e4cf22f:c742]
2019-09-08 07:07:19,930 [grpc-default-executor-4] INFO  client.GrpcClientProtocolClient (GrpcClientProtocolClient.java:onNext(264)) - client-119D756B1005->4234af2c-5377-4886-a4e8-6fe45d0af45e: receive RaftClientReply:client-119D756B1005->4234af2c-5377-4886-a4e8-6fe45d0af45e@group-A1165329A1F1, cid=623, SUCCESS, logIndex=0, commits[4234af2c-5377-4886-a4e8-6fe45d0af45e:c749, cef72988-acf5-49ad-9ec7-695a80e7a66d:c746, d677508c-6db9-4741-b51c-49af5e4cf22f:c744]
2019-09-08 07:07:19,958 [grpc-default-executor-4] INFO  client.GrpcClientProtocolClient (GrpcClientProtocolClient.java:onNext(264)) - client-119D756B1005->4234af2c-5377-4886-a4e8-6fe45d0af45e: receive RaftClientReply:client-119D756B1005->4234af2c-5377-4886-a4e8-6fe45d0af45e@group-A1165329A1F1, cid=624, SUCCESS, logIndex=751, commits[4234af2c-5377-4886-a4e8-6fe45d0af45e:c752, cef72988-acf5-49ad-9ec7-695a80e7a66d:c750, d677508c-6db9-4741-b51c-49af5e4cf22f:c750]
2019-09-08 07:07:19,959 [grpc-default-executor-4] INFO  client.GrpcClientProtocolClient (GrpcClientProtocolClient.java:onNext(264)) - client-119D756B1005->4234af2c-5377-4886-a4e8-6fe45d0af45e: receive RaftClientReply:client-119D756B1005->4234af2c-5377-4886-a4e8-6fe45d0af45e@group-A1165329A1F1, cid=625, SUCCESS, logIndex=752, commits[4234af2c-5377-4886-a4e8-6fe45d0af45e:c752, cef72988-acf5-49ad-9ec7-695a80e7a66d:c750, d677508c-6db9-4741-b51c-49af5e4cf22f:c750]
2019-09-08 07:07:19,978 [grpc-default-executor-0] INFO  client.GrpcClientProtocolClient (GrpcClientProtocolClient.java:onNext(264)) - client-119D756B1005->4234af2c-5377-4886-a4e8-6fe45d0af45e: receive RaftClientReply:client-119D756B1005->4234af2c-5377-4886-a4e8-6fe45d0af45e@group-A1165329A1F1, cid=626, SUCCESS, logIndex=755, commits[4234af2c-5377-4886-a4e8-6fe45d0af45e:c756, cef72988-acf5-49ad-9ec7-695a80e7a66d:c754, d677508c-6db9-4741-b51c-49af5e4cf22f:c752]
2019-09-08 07:07:19,979 [grpc-default-executor-0] INFO  client.GrpcClientProtocolClient (GrpcClientProtocolClient.java:onNext(264)) - client-119D756B1005->4234af2c-5377-4886-a4e8-6fe45d0af45e: receive RaftClientReply:client-119D756B1005->4234af2c-5377-4886-a4e8-6fe45d0af45e@group-A1165329A1F1, cid=627, SUCCESS, logIndex=756, commits[4234af2c-5377-4886-a4e8-6fe45d0af45e:c756, cef72988-acf5-49ad-9ec7-695a80e7a66d:c754, d677508c-6db9-4741-b51c-49af5e4cf22f:c752]
2019-09-08 07:07:19,982 [grpc-default-executor-4] INFO  client.GrpcClientProtocolClient (GrpcClientProtocolClient.java:onNext(264)) - client-119D756B1005->4234af2c-5377-4886-a4e8-6fe45d0af45e: receive RaftClientReply:client-119D756B1005->4234af2c-5377-4886-a4e8-6fe45d0af45e@group-A1165329A1F1, cid=628, SUCCESS, logIndex=0, commits[4234af2c-5377-4886-a4e8-6fe45d0af45e:c758, cef72988-acf5-49ad-9ec7-695a80e7a66d:c756, d677508c-6db9-4741-b51c-49af5e4cf22f:c756]
2019-09-08 07:07:20,003 [grpc-default-executor-0] INFO  client.GrpcClientProtocolClient (GrpcClientProtocolClient.java:onNext(264)) - client-119D756B1005->4234af2c-5377-4886-a4e8-6fe45d0af45e: receive RaftClientReply:client-119D756B1005->4234af2c-5377-4886-a4e8-6fe45d0af45e@group-A1165329A1F1, cid=629, SUCCESS, logIndex=759, commits[4234af2c-5377-4886-a4e8-6fe45d0af45e:c762, cef72988-acf5-49ad-9ec7-695a80e7a66d:c756, d677508c-6db9-4741-b51c-49af5e4cf22f:c758]
2019-09-08 07:07:20,004 [grpc-default-executor-0] INFO  client.GrpcClientProtocolClient (GrpcClientProtocolClient.java:onNext(264)) - client-119D756B1005->4234af2c-5377-4886-a4e8-6fe45d0af45e: receive RaftClientReply:client-119D756B1005->4234af2c-5377-4886-a4e8-6fe45d0af45e@group-A1165329A1F1, cid=630, SUCCESS, logIndex=760, commits[4234af2c-5377-4886-a4e8-6fe45d0af45e:c762, cef72988-acf5-49ad-9ec7-695a80e7a66d:c756, d677508c-6db9-4741-b51c-49af5e4cf22f:c758]
2019-09-08 07:07:20,005 [grpc-default-executor-0] INFO  client.GrpcClientProtocolClient (GrpcClientProtocolClient.java:onNext(264)) - client-119D756B1005->4234af2c-5377-4886-a4e8-6fe45d0af45e: receive RaftClientReply:client-119D756B1005->4234af2c-5377-4886-a4e8-6fe45d0af45e@group-A1165329A1F1, cid=631, SUCCESS, logIndex=761, commits[4234af2c-5377-4886-a4e8-6fe45d0af45e:c762, cef72988-acf5-49ad-9ec7-695a80e7a66d:c758, d677508c-6db9-4741-b51c-49af5e4cf22f:c758]
2019-09-08 07:07:20,006 [grpc-default-executor-0] INFO  client.GrpcClientProtocolClient (GrpcClientProtocolClient.java:onNext(264)) - client-119D756B1005->4234af2c-5377-4886-a4e8-6fe45d0af45e: receive RaftClientReply:client-119D756B1005->4234af2c-5377-4886-a4e8-6fe45d0af45e@group-A1165329A1F1, cid=632, SUCCESS, logIndex=762, commits[4234af2c-5377-4886-a4e8-6fe45d0af45e:c762, cef72988-acf5-49ad-9ec7-695a80e7a66d:c758, d677508c-6db9-4741-b51c-49af5e4cf22f:c758]
2019-09-08 07:07:20,007 [grpc-default-executor-0] INFO  client.GrpcClientProtocolClient (GrpcClientProtocolClient.java:onNext(264)) - client-119D756B1005->4234af2c-5377-4886-a4e8-6fe45d0af45e: receive RaftClientReply:client-119D756B1005->4234af2c-5377-4886-a4e8-6fe45d0af45e@group-A1165329A1F1, cid=633, SUCCESS, logIndex=0, commits[4234af2c-5377-4886-a4e8-6fe45d0af45e:c764, cef72988-acf5-49ad-9ec7-695a80e7a66d:c762, d677508c-6db9-4741-b51c-49af5e4cf22f:c762]
2019-09-08 07:07:20,024 [grpc-default-executor-3] INFO  client.GrpcClientProtocolClient (GrpcClientProtocolClient.java:onNext(264)) - client-119D756B1005->4234af2c-5377-4886-a4e8-6fe45d0af45e: receive RaftClientReply:client-119D756B1005->4234af2c-5377-4886-a4e8-6fe45d0af45e@group-A1165329A1F1, cid=634, SUCCESS, logIndex=765, commits[4234af2c-5377-4886-a4e8-6fe45d0af45e:c766, cef72988-acf5-49ad-9ec7-695a80e7a66d:c762, d677508c-6db9-4741-b51c-49af5e4cf22f:c764]
2019-09-08 07:07:20,025 [grpc-default-executor-3] INFO  client.GrpcClientProtocolClient (GrpcClientProtocolClient.java:onNext(264)) - client-119D756B1005->4234af2c-5377-4886-a4e8-6fe45d0af45e: receive RaftClientReply:client-119D756B1005->4234af2c-5377-4886-a4e8-6fe45d0af45e@group-A1165329A1F1, cid=635, SUCCESS, logIndex=766, commits[4234af2c-5377-4886-a4e8-6fe45d0af45e:c766, cef72988-acf5-49ad-9ec7-695a80e7a66d:c764, d677508c-6db9-4741-b51c-49af5e4cf22f:c764]
2019-09-08 07:07:20,049 [grpc-default-executor-3] INFO  client.GrpcClientProtocolClient (GrpcClientProtocolClient.java:onNext(264)) - client-119D756B1005->4234af2c-5377-4886-a4e8-6fe45d0af45e: receive RaftClientReply:client-119D756B1005->4234af2c-5377-4886-a4e8-6fe45d0af45e@group-A1165329A1F1, cid=636, SUCCESS, logIndex=769, commits[4234af2c-5377-4886-a4e8-6fe45d0af45e:c770, cef72988-acf5-49ad-9ec7-695a80e7a66d:c768, d677508c-6db9-4741-b51c-49af5e4cf22f:c766]
2019-09-08 07:07:20,050 [grpc-default-executor-3] INFO  client.GrpcClientProtocolClient (GrpcClientProtocolClient.java:onNext(264)) - client-119D756B1005->4234af2c-5377-4886-a4e8-6fe45d0af45e: receive RaftClientReply:client-119D756B1005->4234af2c-5377-4886-a4e8-6fe45d0af45e@group-A1165329A1F1, cid=637, SUCCESS, logIndex=770, commits[4234af2c-5377-4886-a4e8-6fe45d0af45e:c770, cef72988-acf5-49ad-9ec7-695a80e7a66d:c768, d677508c-6db9-4741-b51c-49af5e4cf22f:c768]
2019-09-08 07:07:20,052 [grpc-default-executor-3] INFO  client.GrpcClientProtocolClient (GrpcClientProtocolClient.java:onNext(264)) - client-119D756B1005->4234af2c-5377-4886-a4e8-6fe45d0af45e: receive RaftClientReply:client-119D756B1005->4234af2c-5377-4886-a4e8-6fe45d0af45e@group-A1165329A1F1, cid=638, SUCCESS, logIndex=0, commits[4234af2c-5377-4886-a4e8-6fe45d0af45e:c772, cef72988-acf5-49ad-9ec7-695a80e7a66d:c770, d677508c-6db9-4741-b51c-49af5e4cf22f:c770]
2019-09-08 07:07:20,081 [grpc-default-executor-3] INFO  client.GrpcClientProtocolClient (GrpcClientProtocolClient.java:onNext(264)) - client-119D756B1005->4234af2c-5377-4886-a4e8-6fe45d0af45e: receive RaftClientReply:client-119D756B1005->4234af2c-5377-4886-a4e8-6fe45d0af45e@group-A1165329A1F1, cid=639, SUCCESS, logIndex=773, commits[4234af2c-5377-4886-a4e8-6fe45d0af45e:c776, cef72988-acf5-49ad-9ec7-695a80e7a66d:c772, d677508c-6db9-4741-b51c-49af5e4cf22f:c772]
2019-09-08 07:07:20,082 [grpc-default-executor-3] INFO  client.GrpcClientProtocolClient (GrpcClientProtocolClient.java:onNext(264)) - client-119D756B1005->4234af2c-5377-4886-a4e8-6fe45d0af45e: receive RaftClientReply:client-119D756B1005->4234af2c-5377-4886-a4e8-6fe45d0af45e@group-A1165329A1F1, cid=640, SUCCESS, logIndex=774, commits[4234af2c-5377-4886-a4e8-6fe45d0af45e:c776, cef72988-acf5-49ad-9ec7-695a80e7a66d:c772, d677508c-6db9-4741-b51c-49af5e4cf22f:c772]
2019-09-08 07:07:20,082 [grpc-default-executor-3] INFO  client.GrpcClientProtocolClient (GrpcClientProtocolClient.java:onNext(264)) - client-119D756B1005->4234af2c-5377-4886-a4e8-6fe45d0af45e: receive RaftClientReply:client-119D756B1005->4234af2c-5377-4886-a4e8-6fe45d0af45e@group-A1165329A1F1, cid=641, SUCCESS, logIndex=775, commits[4234af2c-5377-4886-a4e8-6fe45d0af45e:c776, cef72988-acf5-49ad-9ec7-695a80e7a66d:c772, d677508c-6db9-4741-b51c-49af5e4cf22f:c772]
2019-09-08 07:07:20,083 [grpc-default-executor-3] INFO  client.GrpcClientProtocolClient (GrpcClientProtocolClient.java:onNext(264)) - client-119D756B1005->4234af2c-5377-4886-a4e8-6fe45d0af45e: receive RaftClientReply:client-119D756B1005->4234af2c-5377-4886-a4e8-6fe45d0af45e@group-A1165329A1F1, cid=642, SUCCESS, logIndex=776, commits[4234af2c-5377-4886-a4e8-6fe45d0af45e:c776, cef72988-acf5-49ad-9ec7-695a80e7a66d:c772, d677508c-6db9-4741-b51c-49af5e4cf22f:c772]
2019-09-08 07:07:20,093 [grpc-default-executor-3] INFO  client.GrpcClientProtocolClient (GrpcClientProtocolClient.java:onNext(264)) - client-119D756B1005->4234af2c-5377-4886-a4e8-6fe45d0af45e: receive RaftClientReply:client-119D756B1005->4234af2c-5377-4886-a4e8-6fe45d0af45e@group-A1165329A1F1, cid=643, SUCCESS, logIndex=0, commits[4234af2c-5377-4886-a4e8-6fe45d0af45e:c777, cef72988-acf5-49ad-9ec7-695a80e7a66d:c775, d677508c-6db9-4741-b51c-49af5e4cf22f:c775]
2019-09-08 07:07:20,115 [grpc-default-executor-3] INFO  client.GrpcClientProtocolClient (GrpcClientProtocolClient.java:onNext(264)) - client-119D756B1005->4234af2c-5377-4886-a4e8-6fe45d0af45e: receive RaftClientReply:client-119D756B1005->4234af2c-5377-4886-a4e8-6fe45d0af45e@group-A1165329A1F1, cid=644, SUCCESS, logIndex=780, commits[4234af2c-5377-4886-a4e8-6fe45d0af45e:c781, cef72988-acf5-49ad-9ec7-695a80e7a66d:c779, d677508c-6db9-4741-b51c-49af5e4cf22f:c779]
2019-09-08 07:07:20,116 [grpc-default-executor-3] INFO  client.GrpcClientProtocolClient (GrpcClientProtocolClient.java:onNext(264)) - client-119D756B1005->4234af2c-5377-4886-a4e8-6fe45d0af45e: receive RaftClientReply:client-119D756B1005->4234af2c-5377-4886-a4e8-6fe45d0af45e@group-A1165329A1F1, cid=645, SUCCESS, logIndex=781, commits[4234af2c-5377-4886-a4e8-6fe45d0af45e:c781, cef72988-acf5-49ad-9ec7-695a80e7a66d:c779, d677508c-6db9-4741-b51c-49af5e4cf22f:c779]
2019-09-08 07:07:20,142 [grpc-default-executor-4] INFO  client.GrpcClientProtocolClient (GrpcClientProtocolClient.java:onNext(264)) - client-119D756B1005->4234af2c-5377-4886-a4e8-6fe45d0af45e: receive RaftClientReply:client-119D756B1005->4234af2c-5377-4886-a4e8-6fe45d0af45e@group-A1165329A1F1, cid=646, SUCCESS, logIndex=784, commits[4234af2c-5377-4886-a4e8-6fe45d0af45e:c785, cef72988-acf5-49ad-9ec7-695a80e7a66d:c781, d677508c-6db9-4741-b51c-49af5e4cf22f:c781]
2019-09-08 07:07:20,143 [grpc-default-executor-4] INFO  client.GrpcClientProtocolClient (GrpcClientProtocolClient.java:onNext(264)) - client-119D756B1005->4234af2c-5377-4886-a4e8-6fe45d0af45e: receive RaftClientReply:client-119D756B1005->4234af2c-5377-4886-a4e8-6fe45d0af45e@group-A1165329A1F1, cid=647, SUCCESS, logIndex=785, commits[4234af2c-5377-4886-a4e8-6fe45d0af45e:c785, cef72988-acf5-49ad-9ec7-695a80e7a66d:c781, d677508c-6db9-4741-b51c-49af5e4cf22f:c781]
2019-09-08 07:07:20,155 [grpc-default-executor-4] INFO  client.GrpcClientProtocolClient (GrpcClientProtocolClient.java:onNext(264)) - client-119D756B1005->4234af2c-5377-4886-a4e8-6fe45d0af45e: receive RaftClientReply:client-119D756B1005->4234af2c-5377-4886-a4e8-6fe45d0af45e@group-A1165329A1F1, cid=648, SUCCESS, logIndex=0, commits[4234af2c-5377-4886-a4e8-6fe45d0af45e:c786, cef72988-acf5-49ad-9ec7-695a80e7a66d:c785, d677508c-6db9-4741-b51c-49af5e4cf22f:c785]
2019-09-08 07:07:20,184 [grpc-default-executor-4] INFO  client.GrpcClientProtocolClient (GrpcClientProtocolClient.java:onNext(264)) - client-119D756B1005->4234af2c-5377-4886-a4e8-6fe45d0af45e: receive RaftClientReply:client-119D756B1005->4234af2c-5377-4886-a4e8-6fe45d0af45e@group-A1165329A1F1, cid=649, SUCCESS, logIndex=788, commits[4234af2c-5377-4886-a4e8-6fe45d0af45e:c789, cef72988-acf5-49ad-9ec7-695a80e7a66d:c787, d677508c-6db9-4741-b51c-49af5e4cf22f:c787]
2019-09-08 07:07:20,184 [grpc-default-executor-4] INFO  client.GrpcClientProtocolClient (GrpcClientProtocolClient.java:onNext(264)) - client-119D756B1005->4234af2c-5377-4886-a4e8-6fe45d0af45e: receive RaftClientReply:client-119D756B1005->4234af2c-5377-4886-a4e8-6fe45d0af45e@group-A1165329A1F1, cid=650, SUCCESS, logIndex=789, commits[4234af2c-5377-4886-a4e8-6fe45d0af45e:c791, cef72988-acf5-49ad-9ec7-695a80e7a66d:c787, d677508c-6db9-4741-b51c-49af5e4cf22f:c787]
2019-09-08 07:07:20,185 [grpc-default-executor-0] INFO  client.GrpcClientProtocolClient (GrpcClientProtocolClient.java:onNext(264)) - client-119D756B1005->4234af2c-5377-4886-a4e8-6fe45d0af45e: receive RaftClientReply:client-119D756B1005->4234af2c-5377-4886-a4e8-6fe45d0af45e@group-A1165329A1F1, cid=651, SUCCESS, logIndex=790, commits[4234af2c-5377-4886-a4e8-6fe45d0af45e:c791, cef72988-acf5-49ad-9ec7-695a80e7a66d:c787, d677508c-6db9-4741-b51c-49af5e4cf22f:c787]
2019-09-08 07:07:20,185 [grpc-default-executor-0] INFO  client.GrpcClientProtocolClient (GrpcClientProtocolClient.java:onNext(264)) - client-119D756B1005->4234af2c-5377-4886-a4e8-6fe45d0af45e: receive RaftClientReply:client-119D756B1005->4234af2c-5377-4886-a4e8-6fe45d0af45e@group-A1165329A1F1, cid=652, SUCCESS, logIndex=791, commits[4234af2c-5377-4886-a4e8-6fe45d0af45e:c791, cef72988-acf5-49ad-9ec7-695a80e7a66d:c787, d677508c-6db9-4741-b51c-49af5e4cf22f:c787]
2019-09-08 07:07:20,187 [grpc-default-executor-4] INFO  client.GrpcClientProtocolClient (GrpcClientProtocolClient.java:onNext(264)) - client-119D756B1005->4234af2c-5377-4886-a4e8-6fe45d0af45e: receive RaftClientReply:client-119D756B1005->4234af2c-5377-4886-a4e8-6fe45d0af45e@group-A1165329A1F1, cid=653, SUCCESS, logIndex=0, commits[4234af2c-5377-4886-a4e8-6fe45d0af45e:c794, cef72988-acf5-49ad-9ec7-695a80e7a66d:c791, d677508c-6db9-4741-b51c-49af5e4cf22f:c791]
2019-09-08 07:07:20,201 [grpc-default-executor-0] INFO  client.GrpcClientProtocolClient (GrpcClientProtocolClient.java:onNext(264)) - client-119D756B1005->4234af2c-5377-4886-a4e8-6fe45d0af45e: receive RaftClientReply:client-119D756B1005->4234af2c-5377-4886-a4e8-6fe45d0af45e@group-A1165329A1F1, cid=654, SUCCESS, logIndex=795, commits[4234af2c-5377-4886-a4e8-6fe45d0af45e:c796, cef72988-acf5-49ad-9ec7-695a80e7a66d:c791, d677508c-6db9-4741-b51c-49af5e4cf22f:c794]
2019-09-08 07:07:20,201 [grpc-default-executor-0] INFO  client.GrpcClientProtocolClient (GrpcClientProtocolClient.java:onNext(264)) - client-119D756B1005->4234af2c-5377-4886-a4e8-6fe45d0af45e: receive RaftClientReply:client-119D756B1005->4234af2c-5377-4886-a4e8-6fe45d0af45e@group-A1165329A1F1, cid=655, SUCCESS, logIndex=796, commits[4234af2c-5377-4886-a4e8-6fe45d0af45e:c796, cef72988-acf5-49ad-9ec7-695a80e7a66d:c794, d677508c-6db9-4741-b51c-49af5e4cf22f:c794]
2019-09-08 07:07:20,217 [grpc-default-executor-6] INFO  client.GrpcClientProtocolClient (GrpcClientProtocolClient.java:onNext(264)) - client-119D756B1005->4234af2c-5377-4886-a4e8-6fe45d0af45e: receive RaftClientReply:client-119D756B1005->4234af2c-5377-4886-a4e8-6fe45d0af45e@group-A1165329A1F1, cid=656, SUCCESS, logIndex=799, commits[4234af2c-5377-4886-a4e8-6fe45d0af45e:c800, cef72988-acf5-49ad-9ec7-695a80e7a66d:c798, d677508c-6db9-4741-b51c-49af5e4cf22f:c798]
2019-09-08 07:07:20,218 [grpc-default-executor-6] INFO  client.GrpcClientProtocolClient (GrpcClientProtocolClient.java:onNext(264)) - client-119D756B1005->4234af2c-5377-4886-a4e8-6fe45d0af45e: receive RaftClientReply:client-119D756B1005->4234af2c-5377-4886-a4e8-6fe45d0af45e@group-A1165329A1F1, cid=657, SUCCESS, logIndex=800, commits[4234af2c-5377-4886-a4e8-6fe45d0af45e:c800, cef72988-acf5-49ad-9ec7-695a80e7a66d:c798, d677508c-6db9-4741-b51c-49af5e4cf22f:c798]
2019-09-08 07:07:20,219 [grpc-default-executor-6] INFO  client.GrpcClientProtocolClient (GrpcClientProtocolClient.java:onNext(264)) - client-119D756B1005->4234af2c-5377-4886-a4e8-6fe45d0af45e: receive RaftClientReply:client-119D756B1005->4234af2c-5377-4886-a4e8-6fe45d0af45e@group-A1165329A1F1, cid=658, SUCCESS, logIndex=0, commits[4234af2c-5377-4886-a4e8-6fe45d0af45e:c801, cef72988-acf5-49ad-9ec7-695a80e7a66d:c800, d677508c-6db9-4741-b51c-49af5e4cf22f:c800]
2019-09-08 07:07:20,235 [grpc-default-executor-0] INFO  client.GrpcClientProtocolClient (GrpcClientProtocolClient.java:onNext(264)) - client-119D756B1005->4234af2c-5377-4886-a4e8-6fe45d0af45e: receive RaftClientReply:client-119D756B1005->4234af2c-5377-4886-a4e8-6fe45d0af45e@group-A1165329A1F1, cid=659, SUCCESS, logIndex=802, commits[4234af2c-5377-4886-a4e8-6fe45d0af45e:c803, cef72988-acf5-49ad-9ec7-695a80e7a66d:c801, d677508c-6db9-4741-b51c-49af5e4cf22f:c800]
2019-09-08 07:07:20,236 [grpc-default-executor-0] INFO  client.GrpcClientProtocolClient (GrpcClientProtocolClient.java:onNext(264)) - client-119D756B1005->4234af2c-5377-4886-a4e8-6fe45d0af45e: receive RaftClientReply:client-119D756B1005->4234af2c-5377-4886-a4e8-6fe45d0af45e@group-A1165329A1F1, cid=660, SUCCESS, logIndex=803, commits[4234af2c-5377-4886-a4e8-6fe45d0af45e:c803, cef72988-acf5-49ad-9ec7-695a80e7a66d:c801, d677508c-6db9-4741-b51c-49af5e4cf22f:c801]
2019-09-08 07:07:20,239 [grpc-default-executor-6] INFO  client.GrpcClientProtocolClient (GrpcClientProtocolClient.java:onNext(264)) - client-119D756B1005->4234af2c-5377-4886-a4e8-6fe45d0af45e: receive RaftClientReply:client-119D756B1005->4234af2c-5377-4886-a4e8-6fe45d0af45e@group-A1165329A1F1, cid=661, SUCCESS, logIndex=804, commits[4234af2c-5377-4886-a4e8-6fe45d0af45e:c807, cef72988-acf5-49ad-9ec7-695a80e7a66d:c803, d677508c-6db9-4741-b51c-49af5e4cf22f:c801]
2019-09-08 07:07:20,240 [grpc-default-executor-6] INFO  client.GrpcClientProtocolClient (GrpcClientProtocolClient.java:onNext(264)) - client-119D756B1005->4234af2c-5377-4886-a4e8-6fe45d0af45e: receive RaftClientReply:client-119D756B1005->4234af2c-5377-4886-a4e8-6fe45d0af45e@group-A1165329A1F1, cid=662, SUCCESS, logIndex=805, commits[4234af2c-5377-4886-a4e8-6fe45d0af45e:c807, cef72988-acf5-49ad-9ec7-695a80e7a66d:c803, d677508c-6db9-4741-b51c-49af5e4cf22f:c801]
2019-09-08 07:07:20,241 [grpc-default-executor-6] INFO  client.GrpcClientProtocolClient (GrpcClientProtocolClient.java:onNext(264)) - client-119D756B1005->4234af2c-5377-4886-a4e8-6fe45d0af45e: receive RaftClientReply:client-119D756B1005->4234af2c-5377-4886-a4e8-6fe45d0af45e@group-A1165329A1F1, cid=663, SUCCESS, logIndex=0, commits[4234af2c-5377-4886-a4e8-6fe45d0af45e:c807, cef72988-acf5-49ad-9ec7-695a80e7a66d:c803, d677508c-6db9-4741-b51c-49af5e4cf22f:c803]
 0.00% |█                                                                                                    |  0/1 Time: 0:00:012019-09-08 07:07:20,256 [grpc-default-executor-3] INFO  client.GrpcClientProtocolClient (GrpcClientProtocolClient.java:onNext(264)) - client-119D756B1005->4234af2c-5377-4886-a4e8-6fe45d0af45e: receive RaftClientReply:client-119D756B1005->4234af2c-5377-4886-a4e8-6fe45d0af45e@group-A1165329A1F1, cid=664, SUCCESS, logIndex=810, commits[4234af2c-5377-4886-a4e8-6fe45d0af45e:c811, cef72988-acf5-49ad-9ec7-695a80e7a66d:c806, d677508c-6db9-4741-b51c-49af5e4cf22f:c809]
2019-09-08 07:07:20,256 [grpc-default-executor-3] INFO  client.GrpcClientProtocolClient (GrpcClientProtocolClient.java:onNext(264)) - client-119D756B1005->4234af2c-5377-4886-a4e8-6fe45d0af45e: receive RaftClientReply:client-119D756B1005->4234af2c-5377-4886-a4e8-6fe45d0af45e@group-A1165329A1F1, cid=665, SUCCESS, logIndex=811, commits[4234af2c-5377-4886-a4e8-6fe45d0af45e:c811, cef72988-acf5-49ad-9ec7-695a80e7a66d:c809, d677508c-6db9-4741-b51c-49af5e4cf22f:c809]
2019-09-08 07:07:20,303 [grpc-default-executor-0] INFO  client.GrpcClientProtocolClient (GrpcClientProtocolClient.java:onNext(264)) - client-119D756B1005->4234af2c-5377-4886-a4e8-6fe45d0af45e: receive RaftClientReply:client-119D756B1005->4234af2c-5377-4886-a4e8-6fe45d0af45e@group-A1165329A1F1, cid=666, SUCCESS, logIndex=814, commits[4234af2c-5377-4886-a4e8-6fe45d0af45e:c815, cef72988-acf5-49ad-9ec7-695a80e7a66d:c813, d677508c-6db9-4741-b51c-49af5e4cf22f:c813]
2019-09-08 07:07:20,304 [grpc-default-executor-0] INFO  client.GrpcClientProtocolClient (GrpcClientProtocolClient.java:onNext(264)) - client-119D756B1005->4234af2c-5377-4886-a4e8-6fe45d0af45e: receive RaftClientReply:client-119D756B1005->4234af2c-5377-4886-a4e8-6fe45d0af45e@group-A1165329A1F1, cid=667, SUCCESS, logIndex=815, commits[4234af2c-5377-4886-a4e8-6fe45d0af45e:c815, cef72988-acf5-49ad-9ec7-695a80e7a66d:c813, d677508c-6db9-4741-b51c-49af5e4cf22f:c813]
2019-09-08 07:07:20,307 [grpc-default-executor-0] INFO  client.GrpcClientProtocolClient (GrpcClientProtocolClient.java:onNext(264)) - client-119D756B1005->4234af2c-5377-4886-a4e8-6fe45d0af45e: receive RaftClientReply:client-119D756B1005->4234af2c-5377-4886-a4e8-6fe45d0af45e@group-A1165329A1F1, cid=668, SUCCESS, logIndex=0, commits[4234af2c-5377-4886-a4e8-6fe45d0af45e:c816, cef72988-acf5-49ad-9ec7-695a80e7a66d:c815, d677508c-6db9-4741-b51c-49af5e4cf22f:c815]
2019-09-08 07:07:20,332 [grpc-default-executor-4] INFO  client.GrpcClientProtocolClient (GrpcClientProtocolClient.java:onNext(264)) - client-119D756B1005->4234af2c-5377-4886-a4e8-6fe45d0af45e: receive RaftClientReply:client-119D756B1005->4234af2c-5377-4886-a4e8-6fe45d0af45e@group-A1165329A1F1, cid=669, SUCCESS, logIndex=818, commits[4234af2c-5377-4886-a4e8-6fe45d0af45e:c819, cef72988-acf5-49ad-9ec7-695a80e7a66d:c817, d677508c-6db9-4741-b51c-49af5e4cf22f:c815]
2019-09-08 07:07:20,333 [grpc-default-executor-4] INFO  client.GrpcClientProtocolClient (GrpcClientProtocolClient.java:onNext(264)) - client-119D756B1005->4234af2c-5377-4886-a4e8-6fe45d0af45e: receive RaftClientReply:client-119D756B1005->4234af2c-5377-4886-a4e8-6fe45d0af45e@group-A1165329A1F1, cid=670, SUCCESS, logIndex=819, commits[4234af2c-5377-4886-a4e8-6fe45d0af45e:c821, cef72988-acf5-49ad-9ec7-695a80e7a66d:c817, d677508c-6db9-4741-b51c-49af5e4cf22f:c817]
2019-09-08 07:07:20,334 [grpc-default-executor-6] INFO  client.GrpcClientProtocolClient (GrpcClientProtocolClient.java:onNext(264)) - client-119D756B1005->4234af2c-5377-4886-a4e8-6fe45d0af45e: receive RaftClientReply:client-119D756B1005->4234af2c-5377-4886-a4e8-6fe45d0af45e@group-A1165329A1F1, cid=671, SUCCESS, logIndex=820, commits[4234af2c-5377-4886-a4e8-6fe45d0af45e:c821, cef72988-acf5-49ad-9ec7-695a80e7a66d:c817, d677508c-6db9-4741-b51c-49af5e4cf22f:c817]
2019-09-08 07:07:20,334 [grpc-default-executor-6] INFO  client.GrpcClientProtocolClient (GrpcClientProtocolClient.java:onNext(264)) - client-119D756B1005->4234af2c-5377-4886-a4e8-6fe45d0af45e: receive RaftClientReply:client-119D756B1005->4234af2c-5377-4886-a4e8-6fe45d0af45e@group-A1165329A1F1, cid=672, SUCCESS, logIndex=821, commits[4234af2c-5377-4886-a4e8-6fe45d0af45e:c821, cef72988-acf5-49ad-9ec7-695a80e7a66d:c817, d677508c-6db9-4741-b51c-49af5e4cf22f:c817]
2019-09-08 07:07:20,336 [grpc-default-executor-4] INFO  client.GrpcClientProtocolClient (GrpcClientProtocolClient.java:onNext(264)) - client-119D756B1005->4234af2c-5377-4886-a4e8-6fe45d0af45e: receive RaftClientReply:client-119D756B1005->4234af2c-5377-4886-a4e8-6fe45d0af45e@group-A1165329A1F1, cid=673, SUCCESS, logIndex=0, commits[4234af2c-5377-4886-a4e8-6fe45d0af45e:c825, cef72988-acf5-49ad-9ec7-695a80e7a66d:c821, d677508c-6db9-4741-b51c-49af5e4cf22f:c819]
2019-09-08 07:07:20,360 [grpc-default-executor-6] INFO  client.GrpcClientProtocolClient (GrpcClientProtocolClient.java:onNext(264)) - client-119D756B1005->4234af2c-5377-4886-a4e8-6fe45d0af45e: receive RaftClientReply:client-119D756B1005->4234af2c-5377-4886-a4e8-6fe45d0af45e@group-A1165329A1F1, cid=674, SUCCESS, logIndex=826, commits[4234af2c-5377-4886-a4e8-6fe45d0af45e:c827, cef72988-acf5-49ad-9ec7-695a80e7a66d:c825, d677508c-6db9-4741-b51c-49af5e4cf22f:c825]
2019-09-08 07:07:20,360 [grpc-default-executor-6] INFO  client.GrpcClientProtocolClient (GrpcClientProtocolClient.java:onNext(264)) - client-119D756B1005->4234af2c-5377-4886-a4e8-6fe45d0af45e: receive RaftClientReply:client-119D756B1005->4234af2c-5377-4886-a4e8-6fe45d0af45e@group-A1165329A1F1, cid=675, SUCCESS, logIndex=827, commits[4234af2c-5377-4886-a4e8-6fe45d0af45e:c827, cef72988-acf5-49ad-9ec7-695a80e7a66d:c825, d677508c-6db9-4741-b51c-49af5e4cf22f:c825]
2019-09-08 07:07:20,387 [grpc-default-executor-4] INFO  client.GrpcClientProtocolClient (GrpcClientProtocolClient.java:onNext(264)) - client-119D756B1005->4234af2c-5377-4886-a4e8-6fe45d0af45e: receive RaftClientReply:client-119D756B1005->4234af2c-5377-4886-a4e8-6fe45d0af45e@group-A1165329A1F1, cid=676, SUCCESS, logIndex=830, commits[4234af2c-5377-4886-a4e8-6fe45d0af45e:c831, cef72988-acf5-49ad-9ec7-695a80e7a66d:c827, d677508c-6db9-4741-b51c-49af5e4cf22f:c827]
2019-09-08 07:07:20,388 [grpc-default-executor-4] INFO  client.GrpcClientProtocolClient (GrpcClientProtocolClient.java:onNext(264)) - client-119D756B1005->4234af2c-5377-4886-a4e8-6fe45d0af45e: receive RaftClientReply:client-119D756B1005->4234af2c-5377-4886-a4e8-6fe45d0af45e@group-A1165329A1F1, cid=677, SUCCESS, logIndex=831, commits[4234af2c-5377-4886-a4e8-6fe45d0af45e:c831, cef72988-acf5-49ad-9ec7-695a80e7a66d:c827, d677508c-6db9-4741-b51c-49af5e4cf22f:c827]
2019-09-08 07:07:20,399 [grpc-default-executor-4] INFO  client.GrpcClientProtocolClient (GrpcClientProtocolClient.java:onNext(264)) - client-119D756B1005->4234af2c-5377-4886-a4e8-6fe45d0af45e: receive RaftClientReply:client-119D756B1005->4234af2c-5377-4886-a4e8-6fe45d0af45e@group-A1165329A1F1, cid=678, SUCCESS, logIndex=0, commits[4234af2c-5377-4886-a4e8-6fe45d0af45e:c832, cef72988-acf5-49ad-9ec7-695a80e7a66d:c831, d677508c-6db9-4741-b51c-49af5e4cf22f:c831]
2019-09-08 07:07:20,426 [grpc-default-executor-3] INFO  client.GrpcClientProtocolClient (GrpcClientProtocolClient.java:onNext(264)) - client-119D756B1005->4234af2c-5377-4886-a4e8-6fe45d0af45e: receive RaftClientReply:client-119D756B1005->4234af2c-5377-4886-a4e8-6fe45d0af45e@group-A1165329A1F1, cid=679, SUCCESS, logIndex=834, commits[4234af2c-5377-4886-a4e8-6fe45d0af45e:c837, cef72988-acf5-49ad-9ec7-695a80e7a66d:c833, d677508c-6db9-4741-b51c-49af5e4cf22f:c833]
2019-09-08 07:07:20,426 [grpc-default-executor-3] INFO  client.GrpcClientProtocolClient (GrpcClientProtocolClient.java:onNext(264)) - client-119D756B1005->4234af2c-5377-4886-a4e8-6fe45d0af45e: receive RaftClientReply:client-119D756B1005->4234af2c-5377-4886-a4e8-6fe45d0af45e@group-A1165329A1F1, cid=680, SUCCESS, logIndex=835, commits[4234af2c-5377-4886-a4e8-6fe45d0af45e:c837, cef72988-acf5-49ad-9ec7-695a80e7a66d:c833, d677508c-6db9-4741-b51c-49af5e4cf22f:c833]
2019-09-08 07:07:20,427 [grpc-default-executor-3] INFO  client.GrpcClientProtocolClient (GrpcClientProtocolClient.java:onNext(264)) - client-119D756B1005->4234af2c-5377-4886-a4e8-6fe45d0af45e: receive RaftClientReply:client-119D756B1005->4234af2c-5377-4886-a4e8-6fe45d0af45e@group-A1165329A1F1, cid=681, SUCCESS, logIndex=836, commits[4234af2c-5377-4886-a4e8-6fe45d0af45e:c837, cef72988-acf5-49ad-9ec7-695a80e7a66d:c833, d677508c-6db9-4741-b51c-49af5e4cf22f:c833]
2019-09-08 07:07:20,429 [grpc-default-executor-3] INFO  client.GrpcClientProtocolClient (GrpcClientProtocolClient.java:onNext(264)) - client-119D756B1005->4234af2c-5377-4886-a4e8-6fe45d0af45e: receive RaftClientReply:client-119D756B1005->4234af2c-5377-4886-a4e8-6fe45d0af45e@group-A1165329A1F1, cid=682, SUCCESS, logIndex=837, commits[4234af2c-5377-4886-a4e8-6fe45d0af45e:c837, cef72988-acf5-49ad-9ec7-695a80e7a66d:c833, d677508c-6db9-4741-b51c-49af5e4cf22f:c833]
2019-09-08 07:07:20,430 [grpc-default-executor-3] INFO  client.GrpcClientProtocolClient (GrpcClientProtocolClient.java:onNext(264)) - client-119D756B1005->4234af2c-5377-4886-a4e8-6fe45d0af45e: receive RaftClientReply:client-119D756B1005->4234af2c-5377-4886-a4e8-6fe45d0af45e@group-A1165329A1F1, cid=683, SUCCESS, logIndex=0, commits[4234af2c-5377-4886-a4e8-6fe45d0af45e:c841, cef72988-acf5-49ad-9ec7-695a80e7a66d:c837, d677508c-6db9-4741-b51c-49af5e4cf22f:c837]
2019-09-08 07:07:20,447 [grpc-default-executor-6] INFO  client.GrpcClientProtocolClient (GrpcClientProtocolClient.java:onNext(264)) - client-119D756B1005->4234af2c-5377-4886-a4e8-6fe45d0af45e: receive RaftClientReply:client-119D756B1005->4234af2c-5377-4886-a4e8-6fe45d0af45e@group-A1165329A1F1, cid=684, SUCCESS, logIndex=842, commits[4234af2c-5377-4886-a4e8-6fe45d0af45e:c843, cef72988-acf5-49ad-9ec7-695a80e7a66d:c837, d677508c-6db9-4741-b51c-49af5e4cf22f:c841]
2019-09-08 07:07:20,448 [grpc-default-executor-6] INFO  client.GrpcClientProtocolClient (GrpcClientProtocolClient.java:onNext(264)) - client-119D756B1005->4234af2c-5377-4886-a4e8-6fe45d0af45e: receive RaftClientReply:client-119D756B1005->4234af2c-5377-4886-a4e8-6fe45d0af45e@group-A1165329A1F1, cid=685, SUCCESS, logIndex=843, commits[4234af2c-5377-4886-a4e8-6fe45d0af45e:c843, cef72988-acf5-49ad-9ec7-695a80e7a66d:c841, d677508c-6db9-4741-b51c-49af5e4cf22f:c841]
2019-09-08 07:07:20,472 [grpc-default-executor-4] INFO  client.GrpcClientProtocolClient (GrpcClientProtocolClient.java:onNext(264)) - client-119D756B1005->4234af2c-5377-4886-a4e8-6fe45d0af45e: receive RaftClientReply:client-119D756B1005->4234af2c-5377-4886-a4e8-6fe45d0af45e@group-A1165329A1F1, cid=686, SUCCESS, logIndex=846, commits[4234af2c-5377-4886-a4e8-6fe45d0af45e:c847, cef72988-acf5-49ad-9ec7-695a80e7a66d:c845, d677508c-6db9-4741-b51c-49af5e4cf22f:c845]
2019-09-08 07:07:20,473 [grpc-default-executor-4] INFO  client.GrpcClientProtocolClient (GrpcClientProtocolClient.java:onNext(264)) - client-119D756B1005->4234af2c-5377-4886-a4e8-6fe45d0af45e: receive RaftClientReply:client-119D756B1005->4234af2c-5377-4886-a4e8-6fe45d0af45e@group-A1165329A1F1, cid=687, SUCCESS, logIndex=847, commits[4234af2c-5377-4886-a4e8-6fe45d0af45e:c847, cef72988-acf5-49ad-9ec7-695a80e7a66d:c845, d677508c-6db9-4741-b51c-49af5e4cf22f:c845]
2019-09-08 07:07:20,477 [grpc-default-executor-4] INFO  client.GrpcClientProtocolClient (GrpcClientProtocolClient.java:onNext(264)) - client-119D756B1005->4234af2c-5377-4886-a4e8-6fe45d0af45e: receive RaftClientReply:client-119D756B1005->4234af2c-5377-4886-a4e8-6fe45d0af45e@group-A1165329A1F1, cid=688, SUCCESS, logIndex=0, commits[4234af2c-5377-4886-a4e8-6fe45d0af45e:c848, cef72988-acf5-49ad-9ec7-695a80e7a66d:c847, d677508c-6db9-4741-b51c-49af5e4cf22f:c847]
2019-09-08 07:07:20,495 [grpc-default-executor-6] INFO  client.GrpcClientProtocolClient (GrpcClientProtocolClient.java:onNext(264)) - client-119D756B1005->4234af2c-5377-4886-a4e8-6fe45d0af45e: receive RaftClientReply:client-119D756B1005->4234af2c-5377-4886-a4e8-6fe45d0af45e@group-A1165329A1F1, cid=689, SUCCESS, logIndex=850, commits[4234af2c-5377-4886-a4e8-6fe45d0af45e:c853, cef72988-acf5-49ad-9ec7-695a80e7a66d:c849, d677508c-6db9-4741-b51c-49af5e4cf22f:c849]
2019-09-08 07:07:20,496 [grpc-default-executor-6] INFO  client.GrpcClientProtocolClient (GrpcClientProtocolClient.java:onNext(264)) - client-119D756B1005->4234af2c-5377-4886-a4e8-6fe45d0af45e: receive RaftClientReply:client-119D756B1005->4234af2c-5377-4886-a4e8-6fe45d0af45e@group-A1165329A1F1, cid=690, SUCCESS, logIndex=851, commits[4234af2c-5377-4886-a4e8-6fe45d0af45e:c853, cef72988-acf5-49ad-9ec7-695a80e7a66d:c849, d677508c-6db9-4741-b51c-49af5e4cf22f:c849]
2019-09-08 07:07:20,497 [grpc-default-executor-6] INFO  client.GrpcClientProtocolClient (GrpcClientProtocolClient.java:onNext(264)) - client-119D756B1005->4234af2c-5377-4886-a4e8-6fe45d0af45e: receive RaftClientReply:client-119D756B1005->4234af2c-5377-4886-a4e8-6fe45d0af45e@group-A1165329A1F1, cid=691, SUCCESS, logIndex=852, commits[4234af2c-5377-4886-a4e8-6fe45d0af45e:c853, cef72988-acf5-49ad-9ec7-695a80e7a66d:c849, d677508c-6db9-4741-b51c-49af5e4cf22f:c849]
2019-09-08 07:07:20,497 [grpc-default-executor-6] INFO  client.GrpcClientProtocolClient (GrpcClientProtocolClient.java:onNext(264)) - client-119D756B1005->4234af2c-5377-4886-a4e8-6fe45d0af45e: receive RaftClientReply:client-119D756B1005->4234af2c-5377-4886-a4e8-6fe45d0af45e@group-A1165329A1F1, cid=692, SUCCESS, logIndex=853, commits[4234af2c-5377-4886-a4e8-6fe45d0af45e:c853, cef72988-acf5-49ad-9ec7-695a80e7a66d:c849, d677508c-6db9-4741-b51c-49af5e4cf22f:c849]
2019-09-08 07:07:20,500 [grpc-default-executor-6] INFO  client.GrpcClientProtocolClient (GrpcClientProtocolClient.java:onNext(264)) - client-119D756B1005->4234af2c-5377-4886-a4e8-6fe45d0af45e: receive RaftClientReply:client-119D756B1005->4234af2c-5377-4886-a4e8-6fe45d0af45e@group-A1165329A1F1, cid=693, SUCCESS, logIndex=0, commits[4234af2c-5377-4886-a4e8-6fe45d0af45e:c855, cef72988-acf5-49ad-9ec7-695a80e7a66d:c853, d677508c-6db9-4741-b51c-49af5e4cf22f:c853]
2019-09-08 07:07:20,515 [grpc-default-executor-4] INFO  client.GrpcClientProtocolClient (GrpcClientProtocolClient.java:onNext(264)) - client-119D756B1005->4234af2c-5377-4886-a4e8-6fe45d0af45e: receive RaftClientReply:client-119D756B1005->4234af2c-5377-4886-a4e8-6fe45d0af45e@group-A1165329A1F1, cid=694, SUCCESS, logIndex=856, commits[4234af2c-5377-4886-a4e8-6fe45d0af45e:c857, cef72988-acf5-49ad-9ec7-695a80e7a66d:c853, d677508c-6db9-4741-b51c-49af5e4cf22f:c855]
2019-09-08 07:07:20,516 [grpc-default-executor-4] INFO  client.GrpcClientProtocolClient (GrpcClientProtocolClient.java:onNext(264)) - client-119D756B1005->4234af2c-5377-4886-a4e8-6fe45d0af45e: receive RaftClientReply:client-119D756B1005->4234af2c-5377-4886-a4e8-6fe45d0af45e@group-A1165329A1F1, cid=695, SUCCESS, logIndex=857, commits[4234af2c-5377-4886-a4e8-6fe45d0af45e:c857, cef72988-acf5-49ad-9ec7-695a80e7a66d:c855, d677508c-6db9-4741-b51c-49af5e4cf22f:c855]
2019-09-08 07:07:20,531 [grpc-default-executor-3] INFO  client.GrpcClientProtocolClient (GrpcClientProtocolClient.java:onNext(264)) - client-119D756B1005->4234af2c-5377-4886-a4e8-6fe45d0af45e: receive RaftClientReply:client-119D756B1005->4234af2c-5377-4886-a4e8-6fe45d0af45e@group-A1165329A1F1, cid=696, SUCCESS, logIndex=860, commits[4234af2c-5377-4886-a4e8-6fe45d0af45e:c861, cef72988-acf5-49ad-9ec7-695a80e7a66d:c859, d677508c-6db9-4741-b51c-49af5e4cf22f:c857]
2019-09-08 07:07:20,531 [grpc-default-executor-3] INFO  client.GrpcClientProtocolClient (GrpcClientProtocolClient.java:onNext(264)) - client-119D756B1005->4234af2c-5377-4886-a4e8-6fe45d0af45e: receive RaftClientReply:client-119D756B1005->4234af2c-5377-4886-a4e8-6fe45d0af45e@group-A1165329A1F1, cid=697, SUCCESS, logIndex=861, commits[4234af2c-5377-4886-a4e8-6fe45d0af45e:c861, cef72988-acf5-49ad-9ec7-695a80e7a66d:c859, d677508c-6db9-4741-b51c-49af5e4cf22f:c857]
2019-09-08 07:07:20,533 [grpc-default-executor-3] INFO  client.GrpcClientProtocolClient (GrpcClientProtocolClient.java:onNext(264)) - client-119D756B1005->4234af2c-5377-4886-a4e8-6fe45d0af45e: receive RaftClientReply:client-119D756B1005->4234af2c-5377-4886-a4e8-6fe45d0af45e@group-A1165329A1F1, cid=698, SUCCESS, logIndex=0, commits[4234af2c-5377-4886-a4e8-6fe45d0af45e:c862, cef72988-acf5-49ad-9ec7-695a80e7a66d:c861, d677508c-6db9-4741-b51c-49af5e4cf22f:c861]
2019-09-08 07:07:20,580 [grpc-default-executor-6] INFO  client.GrpcClientProtocolClient (GrpcClientProtocolClient.java:onNext(264)) - client-119D756B1005->4234af2c-5377-4886-a4e8-6fe45d0af45e: receive RaftClientReply:client-119D756B1005->4234af2c-5377-4886-a4e8-6fe45d0af45e@group-A1165329A1F1, cid=699, SUCCESS, logIndex=864, commits[4234af2c-5377-4886-a4e8-6fe45d0af45e:c867, cef72988-acf5-49ad-9ec7-695a80e7a66d:c863, d677508c-6db9-4741-b51c-49af5e4cf22f:c861]
2019-09-08 07:07:20,581 [grpc-default-executor-6] INFO  client.GrpcClientProtocolClient (GrpcClientProtocolClient.java:onNext(264)) - client-119D756B1005->4234af2c-5377-4886-a4e8-6fe45d0af45e: receive RaftClientReply:client-119D756B1005->4234af2c-5377-4886-a4e8-6fe45d0af45e@group-A1165329A1F1, cid=700, SUCCESS, logIndex=865, commits[4234af2c-5377-4886-a4e8-6fe45d0af45e:c867, cef72988-acf5-49ad-9ec7-695a80e7a66d:c863, d677508c-6db9-4741-b51c-49af5e4cf22f:c863]
2019-09-08 07:07:20,582 [grpc-default-executor-6] INFO  client.GrpcClientProtocolClient (GrpcClientProtocolClient.java:onNext(264)) - client-119D756B1005->4234af2c-5377-4886-a4e8-6fe45d0af45e: receive RaftClientReply:client-119D756B1005->4234af2c-5377-4886-a4e8-6fe45d0af45e@group-A1165329A1F1, cid=701, SUCCESS, logIndex=866, commits[4234af2c-5377-4886-a4e8-6fe45d0af45e:c867, cef72988-acf5-49ad-9ec7-695a80e7a66d:c863, d677508c-6db9-4741-b51c-49af5e4cf22f:c863]
2019-09-08 07:07:20,582 [grpc-default-executor-6] INFO  client.GrpcClientProtocolClient (GrpcClientProtocolClient.java:onNext(264)) - client-119D756B1005->4234af2c-5377-4886-a4e8-6fe45d0af45e: receive RaftClientReply:client-119D756B1005->4234af2c-5377-4886-a4e8-6fe45d0af45e@group-A1165329A1F1, cid=702, SUCCESS, logIndex=867, commits[4234af2c-5377-4886-a4e8-6fe45d0af45e:c867, cef72988-acf5-49ad-9ec7-695a80e7a66d:c863, d677508c-6db9-4741-b51c-49af5e4cf22f:c863]
2019-09-08 07:07:20,594 [grpc-default-executor-3] INFO  client.GrpcClientProtocolClient (GrpcClientProtocolClient.java:onNext(264)) - client-119D756B1005->4234af2c-5377-4886-a4e8-6fe45d0af45e: receive RaftClientReply:client-119D756B1005->4234af2c-5377-4886-a4e8-6fe45d0af45e@group-A1165329A1F1, cid=703, SUCCESS, logIndex=0, commits[4234af2c-5377-4886-a4e8-6fe45d0af45e:c869, cef72988-acf5-49ad-9ec7-695a80e7a66d:c865, d677508c-6db9-4741-b51c-49af5e4cf22f:c865]
2019-09-08 07:07:20,615 [grpc-default-executor-6] INFO  client.GrpcClientProtocolClient (GrpcClientProtocolClient.java:onNext(264)) - client-119D756B1005->4234af2c-5377-4886-a4e8-6fe45d0af45e: receive RaftClientReply:client-119D756B1005->4234af2c-5377-4886-a4e8-6fe45d0af45e@group-A1165329A1F1, cid=704, SUCCESS, logIndex=872, commits[4234af2c-5377-4886-a4e8-6fe45d0af45e:c872, cef72988-acf5-49ad-9ec7-695a80e7a66d:c871, d677508c-6db9-4741-b51c-49af5e4cf22f:c871]
2019-09-08 07:07:20,616 [grpc-default-executor-6] INFO  client.GrpcClientProtocolClient (GrpcClientProtocolClient.java:onNext(264)) - client-119D756B1005->4234af2c-5377-4886-a4e8-6fe45d0af45e: receive RaftClientReply:client-119D756B1005->4234af2c-5377-4886-a4e8-6fe45d0af45e@group-A1165329A1F1, cid=705, SUCCESS, logIndex=873, commits[4234af2c-5377-4886-a4e8-6fe45d0af45e:c873, cef72988-acf5-49ad-9ec7-695a80e7a66d:c871, d677508c-6db9-4741-b51c-49af5e4cf22f:c871]
2019-09-08 07:07:20,646 [grpc-default-executor-6] INFO  client.GrpcClientProtocolClient (GrpcClientProtocolClient.java:onNext(264)) - client-119D756B1005->4234af2c-5377-4886-a4e8-6fe45d0af45e: receive RaftClientReply:client-119D756B1005->4234af2c-5377-4886-a4e8-6fe45d0af45e@group-A1165329A1F1, cid=706, SUCCESS, logIndex=876, commits[4234af2c-5377-4886-a4e8-6fe45d0af45e:c877, cef72988-acf5-49ad-9ec7-695a80e7a66d:c873, d677508c-6db9-4741-b51c-49af5e4cf22f:c873]
2019-09-08 07:07:20,647 [grpc-default-executor-6] INFO  client.GrpcClientProtocolClient (GrpcClientProtocolClient.java:onNext(264)) - client-119D756B1005->4234af2c-5377-4886-a4e8-6fe45d0af45e: receive RaftClientReply:client-119D756B1005->4234af2c-5377-4886-a4e8-6fe45d0af45e@group-A1165329A1F1, cid=707, SUCCESS, logIndex=877, commits[4234af2c-5377-4886-a4e8-6fe45d0af45e:c877, cef72988-acf5-49ad-9ec7-695a80e7a66d:c873, d677508c-6db9-4741-b51c-49af5e4cf22f:c873]
2019-09-08 07:07:20,659 [grpc-default-executor-4] INFO  client.GrpcClientProtocolClient (GrpcClientProtocolClient.java:onNext(264)) - client-119D756B1005->4234af2c-5377-4886-a4e8-6fe45d0af45e: receive RaftClientReply:client-119D756B1005->4234af2c-5377-4886-a4e8-6fe45d0af45e@group-A1165329A1F1, cid=708, SUCCESS, logIndex=0, commits[4234af2c-5377-4886-a4e8-6fe45d0af45e:c878, cef72988-acf5-49ad-9ec7-695a80e7a66d:c877, d677508c-6db9-4741-b51c-49af5e4cf22f:c877]
2019-09-08 07:07:20,688 [grpc-default-executor-3] INFO  client.GrpcClientProtocolClient (GrpcClientProtocolClient.java:onNext(264)) - client-119D756B1005->4234af2c-5377-4886-a4e8-6fe45d0af45e: receive RaftClientReply:client-119D756B1005->4234af2c-5377-4886-a4e8-6fe45d0af45e@group-A1165329A1F1, cid=709, SUCCESS, logIndex=880, commits[4234af2c-5377-4886-a4e8-6fe45d0af45e:c881, cef72988-acf5-49ad-9ec7-695a80e7a66d:c879, d677508c-6db9-4741-b51c-49af5e4cf22f:c879]
2019-09-08 07:07:20,689 [grpc-default-executor-3] INFO  client.GrpcClientProtocolClient (GrpcClientProtocolClient.java:onNext(264)) - client-119D756B1005->4234af2c-5377-4886-a4e8-6fe45d0af45e: receive RaftClientReply:client-119D756B1005->4234af2c-5377-4886-a4e8-6fe45d0af45e@group-A1165329A1F1, cid=710, SUCCESS, logIndex=881, commits[4234af2c-5377-4886-a4e8-6fe45d0af45e:c883, cef72988-acf5-49ad-9ec7-695a80e7a66d:c879, d677508c-6db9-4741-b51c-49af5e4cf22f:c879]
2019-09-08 07:07:20,689 [grpc-default-executor-3] INFO  client.GrpcClientProtocolClient (GrpcClientProtocolClient.java:onNext(264)) - client-119D756B1005->4234af2c-5377-4886-a4e8-6fe45d0af45e: receive RaftClientReply:client-119D756B1005->4234af2c-5377-4886-a4e8-6fe45d0af45e@group-A1165329A1F1, cid=711, SUCCESS, logIndex=882, commits[4234af2c-5377-4886-a4e8-6fe45d0af45e:c883, cef72988-acf5-49ad-9ec7-695a80e7a66d:c879, d677508c-6db9-4741-b51c-49af5e4cf22f:c879]
2019-09-08 07:07:20,690 [grpc-default-executor-3] INFO  client.GrpcClientProtocolClient (GrpcClientProtocolClient.java:onNext(264)) - client-119D756B1005->4234af2c-5377-4886-a4e8-6fe45d0af45e: receive RaftClientReply:client-119D756B1005->4234af2c-5377-4886-a4e8-6fe45d0af45e@group-A1165329A1F1, cid=712, SUCCESS, logIndex=883, commits[4234af2c-5377-4886-a4e8-6fe45d0af45e:c883, cef72988-acf5-49ad-9ec7-695a80e7a66d:c879, d677508c-6db9-4741-b51c-49af5e4cf22f:c879]
2019-09-08 07:07:20,692 [grpc-default-executor-4] INFO  client.GrpcClientProtocolClient (GrpcClientProtocolClient.java:onNext(264)) - client-119D756B1005->4234af2c-5377-4886-a4e8-6fe45d0af45e: receive RaftClientReply:client-119D756B1005->4234af2c-5377-4886-a4e8-6fe45d0af45e@group-A1165329A1F1, cid=713, SUCCESS, logIndex=0, commits[4234af2c-5377-4886-a4e8-6fe45d0af45e:c886, cef72988-acf5-49ad-9ec7-695a80e7a66d:c883, d677508c-6db9-4741-b51c-49af5e4cf22f:c881]
2019-09-08 07:07:20,711 [grpc-default-executor-6] INFO  client.GrpcClientProtocolClient (GrpcClientProtocolClient.java:onNext(264)) - client-119D756B1005->4234af2c-5377-4886-a4e8-6fe45d0af45e: receive RaftClientReply:client-119D756B1005->4234af2c-5377-4886-a4e8-6fe45d0af45e@group-A1165329A1F1, cid=714, SUCCESS, logIndex=888, commits[4234af2c-5377-4886-a4e8-6fe45d0af45e:c888, cef72988-acf5-49ad-9ec7-695a80e7a66d:c887, d677508c-6db9-4741-b51c-49af5e4cf22f:c887]
2019-09-08 07:07:20,711 [grpc-default-executor-6] INFO  client.GrpcClientProtocolClient (GrpcClientProtocolClient.java:onNext(264)) - client-119D756B1005->4234af2c-5377-4886-a4e8-6fe45d0af45e: receive RaftClientReply:client-119D756B1005->4234af2c-5377-4886-a4e8-6fe45d0af45e@group-A1165329A1F1, cid=715, SUCCESS, logIndex=889, commits[4234af2c-5377-4886-a4e8-6fe45d0af45e:c889, cef72988-acf5-49ad-9ec7-695a80e7a66d:c887, d677508c-6db9-4741-b51c-49af5e4cf22f:c887]
2019-09-08 07:07:20,727 [grpc-default-executor-4] INFO  client.GrpcClientProtocolClient (GrpcClientProtocolClient.java:onNext(264)) - client-119D756B1005->4234af2c-5377-4886-a4e8-6fe45d0af45e: receive RaftClientReply:client-119D756B1005->4234af2c-5377-4886-a4e8-6fe45d0af45e@group-A1165329A1F1, cid=716, SUCCESS, logIndex=892, commits[4234af2c-5377-4886-a4e8-6fe45d0af45e:c893, cef72988-acf5-49ad-9ec7-695a80e7a66d:c891, d677508c-6db9-4741-b51c-49af5e4cf22f:c889]
2019-09-08 07:07:20,727 [grpc-default-executor-4] INFO  client.GrpcClientProtocolClient (GrpcClientProtocolClient.java:onNext(264)) - client-119D756B1005->4234af2c-5377-4886-a4e8-6fe45d0af45e: receive RaftClientReply:client-119D756B1005->4234af2c-5377-4886-a4e8-6fe45d0af45e@group-A1165329A1F1, cid=717, SUCCESS, logIndex=893, commits[4234af2c-5377-4886-a4e8-6fe45d0af45e:c893, cef72988-acf5-49ad-9ec7-695a80e7a66d:c891, d677508c-6db9-4741-b51c-49af5e4cf22f:c891]
2019-09-08 07:07:20,729 [grpc-default-executor-4] INFO  client.GrpcClientProtocolClient (GrpcClientProtocolClient.java:onNext(264)) - client-119D756B1005->4234af2c-5377-4886-a4e8-6fe45d0af45e: receive RaftClientReply:client-119D756B1005->4234af2c-5377-4886-a4e8-6fe45d0af45e@group-A1165329A1F1, cid=718, SUCCESS, logIndex=0, commits[4234af2c-5377-4886-a4e8-6fe45d0af45e:c895, cef72988-acf5-49ad-9ec7-695a80e7a66d:c893, d677508c-6db9-4741-b51c-49af5e4cf22f:c893]
2019-09-08 07:07:20,743 [grpc-default-executor-4] INFO  client.GrpcClientProtocolClient (GrpcClientProtocolClient.java:onNext(264)) - client-119D756B1005->4234af2c-5377-4886-a4e8-6fe45d0af45e: receive RaftClientReply:client-119D756B1005->4234af2c-5377-4886-a4e8-6fe45d0af45e@group-A1165329A1F1, cid=719, SUCCESS, logIndex=896, commits[4234af2c-5377-4886-a4e8-6fe45d0af45e:c897, cef72988-acf5-49ad-9ec7-695a80e7a66d:c895, d677508c-6db9-4741-b51c-49af5e4cf22f:c893]
2019-09-08 07:07:20,743 [grpc-default-executor-6] INFO  client.GrpcClientProtocolClient (GrpcClientProtocolClient.java:onNext(264)) - client-119D756B1005->4234af2c-5377-4886-a4e8-6fe45d0af45e: receive RaftClientReply:client-119D756B1005->4234af2c-5377-4886-a4e8-6fe45d0af45e@group-A1165329A1F1, cid=720, SUCCESS, logIndex=897, commits[4234af2c-5377-4886-a4e8-6fe45d0af45e:c897, cef72988-acf5-49ad-9ec7-695a80e7a66d:c895, d677508c-6db9-4741-b51c-49af5e4cf22f:c893]
2019-09-08 07:07:20,750 [grpc-default-executor-0] INFO  client.GrpcClientProtocolClient (GrpcClientProtocolClient.java:onNext(264)) - client-119D756B1005->4234af2c-5377-4886-a4e8-6fe45d0af45e: receive RaftClientReply:client-119D756B1005->4234af2c-5377-4886-a4e8-6fe45d0af45e@group-A1165329A1F1, cid=721, SUCCESS, logIndex=898, commits[4234af2c-5377-4886-a4e8-6fe45d0af45e:c901, cef72988-acf5-49ad-9ec7-695a80e7a66d:c897, d677508c-6db9-4741-b51c-49af5e4cf22f:c895]
2019-09-08 07:07:20,750 [grpc-default-executor-0] INFO  client.GrpcClientProtocolClient (GrpcClientProtocolClient.java:onNext(264)) - client-119D756B1005->4234af2c-5377-4886-a4e8-6fe45d0af45e: receive RaftClientReply:client-119D756B1005->4234af2c-5377-4886-a4e8-6fe45d0af45e@group-A1165329A1F1, cid=722, SUCCESS, logIndex=899, commits[4234af2c-5377-4886-a4e8-6fe45d0af45e:c901, cef72988-acf5-49ad-9ec7-695a80e7a66d:c897, d677508c-6db9-4741-b51c-49af5e4cf22f:c897]
2019-09-08 07:07:20,764 [grpc-default-executor-0] INFO  client.GrpcClientProtocolClient (GrpcClientProtocolClient.java:onNext(264)) - client-119D756B1005->4234af2c-5377-4886-a4e8-6fe45d0af45e: receive RaftClientReply:client-119D756B1005->4234af2c-5377-4886-a4e8-6fe45d0af45e@group-A1165329A1F1, cid=723, SUCCESS, logIndex=904, commits[4234af2c-5377-4886-a4e8-6fe45d0af45e:c905, cef72988-acf5-49ad-9ec7-695a80e7a66d:c899, d677508c-6db9-4741-b51c-49af5e4cf22f:c903]
2019-09-08 07:07:20,764 [grpc-default-executor-0] INFO  client.GrpcClientProtocolClient (GrpcClientProtocolClient.java:onNext(264)) - client-119D756B1005->4234af2c-5377-4886-a4e8-6fe45d0af45e: receive RaftClientReply:client-119D756B1005->4234af2c-5377-4886-a4e8-6fe45d0af45e@group-A1165329A1F1, cid=724, SUCCESS, logIndex=905, commits[4234af2c-5377-4886-a4e8-6fe45d0af45e:c905, cef72988-acf5-49ad-9ec7-695a80e7a66d:c903, d677508c-6db9-4741-b51c-49af5e4cf22f:c903]
2019-09-08 07:07:20,778 [grpc-default-executor-6] INFO  client.GrpcClientProtocolClient (GrpcClientProtocolClient.java:onNext(264)) - client-119D756B1005->4234af2c-5377-4886-a4e8-6fe45d0af45e: receive RaftClientReply:client-119D756B1005->4234af2c-5377-4886-a4e8-6fe45d0af45e@group-A1165329A1F1, cid=725, SUCCESS, logIndex=908, commits[4234af2c-5377-4886-a4e8-6fe45d0af45e:c909, cef72988-acf5-49ad-9ec7-695a80e7a66d:c907, d677508c-6db9-4741-b51c-49af5e4cf22f:c907]
2019-09-08 07:07:20,778 [grpc-default-executor-6] INFO  client.GrpcClientProtocolClient (GrpcClientProtocolClient.java:onNext(264)) - client-119D756B1005->4234af2c-5377-4886-a4e8-6fe45d0af45e: receive RaftClientReply:client-119D756B1005->4234af2c-5377-4886-a4e8-6fe45d0af45e@group-A1165329A1F1, cid=726, SUCCESS, logIndex=909, commits[4234af2c-5377-4886-a4e8-6fe45d0af45e:c909, cef72988-acf5-49ad-9ec7-695a80e7a66d:c907, d677508c-6db9-4741-b51c-49af5e4cf22f:c907]
2019-09-08 07:07:20,781 [grpc-default-executor-6] INFO  client.GrpcClientProtocolClient (GrpcClientProtocolClient.java:onNext(264)) - client-119D756B1005->4234af2c-5377-4886-a4e8-6fe45d0af45e: receive RaftClientReply:client-119D756B1005->4234af2c-5377-4886-a4e8-6fe45d0af45e@group-A1165329A1F1, cid=727, SUCCESS, logIndex=0, commits[4234af2c-5377-4886-a4e8-6fe45d0af45e:c911, cef72988-acf5-49ad-9ec7-695a80e7a66d:c909, d677508c-6db9-4741-b51c-49af5e4cf22f:c909]
2019-09-08 07:07:20,804 [grpc-default-executor-6] INFO  client.GrpcClientProtocolClient (GrpcClientProtocolClient.java:onNext(264)) - client-119D756B1005->4234af2c-5377-4886-a4e8-6fe45d0af45e: receive RaftClientReply:client-119D756B1005->4234af2c-5377-4886-a4e8-6fe45d0af45e@group-A1165329A1F1, cid=728, SUCCESS, logIndex=912, commits[4234af2c-5377-4886-a4e8-6fe45d0af45e:c913, cef72988-acf5-49ad-9ec7-695a80e7a66d:c911, d677508c-6db9-4741-b51c-49af5e4cf22f:c909]
2019-09-08 07:07:20,805 [grpc-default-executor-3] INFO  client.GrpcClientProtocolClient (GrpcClientProtocolClient.java:onNext(264)) - client-119D756B1005->4234af2c-5377-4886-a4e8-6fe45d0af45e: receive RaftClientReply:client-119D756B1005->4234af2c-5377-4886-a4e8-6fe45d0af45e@group-A1165329A1F1, cid=729, SUCCESS, logIndex=913, commits[4234af2c-5377-4886-a4e8-6fe45d0af45e:c915, cef72988-acf5-49ad-9ec7-695a80e7a66d:c911, d677508c-6db9-4741-b51c-49af5e4cf22f:c911]
2019-09-08 07:07:20,807 [grpc-default-executor-3] INFO  client.GrpcClientProtocolClient (GrpcClientProtocolClient.java:onNext(264)) - client-119D756B1005->4234af2c-5377-4886-a4e8-6fe45d0af45e: receive RaftClientReply:client-119D756B1005->4234af2c-5377-4886-a4e8-6fe45d0af45e@group-A1165329A1F1, cid=730, SUCCESS, logIndex=914, commits[4234af2c-5377-4886-a4e8-6fe45d0af45e:c915, cef72988-acf5-49ad-9ec7-695a80e7a66d:c911, d677508c-6db9-4741-b51c-49af5e4cf22f:c911]
2019-09-08 07:07:20,807 [grpc-default-executor-6] INFO  client.GrpcClientProtocolClient (GrpcClientProtocolClient.java:onNext(264)) - client-119D756B1005->4234af2c-5377-4886-a4e8-6fe45d0af45e: receive RaftClientReply:client-119D756B1005->4234af2c-5377-4886-a4e8-6fe45d0af45e@group-A1165329A1F1, cid=731, SUCCESS, logIndex=915, commits[4234af2c-5377-4886-a4e8-6fe45d0af45e:c915, cef72988-acf5-49ad-9ec7-695a80e7a66d:c911, d677508c-6db9-4741-b51c-49af5e4cf22f:c911]
2019-09-08 07:07:20,808 [grpc-default-executor-6] INFO  client.GrpcClientProtocolClient (GrpcClientProtocolClient.java:onNext(264)) - client-119D756B1005->4234af2c-5377-4886-a4e8-6fe45d0af45e: receive RaftClientReply:client-119D756B1005->4234af2c-5377-4886-a4e8-6fe45d0af45e@group-A1165329A1F1, cid=732, SUCCESS, logIndex=0, commits[4234af2c-5377-4886-a4e8-6fe45d0af45e:c919, cef72988-acf5-49ad-9ec7-695a80e7a66d:c915, d677508c-6db9-4741-b51c-49af5e4cf22f:c915]
2019-09-08 07:07:20,830 [grpc-default-executor-3] INFO  client.GrpcClientProtocolClient (GrpcClientProtocolClient.java:onNext(264)) - client-119D756B1005->4234af2c-5377-4886-a4e8-6fe45d0af45e: receive RaftClientReply:client-119D756B1005->4234af2c-5377-4886-a4e8-6fe45d0af45e@group-A1165329A1F1, cid=733, SUCCESS, logIndex=920, commits[4234af2c-5377-4886-a4e8-6fe45d0af45e:c921, cef72988-acf5-49ad-9ec7-695a80e7a66d:c919, d677508c-6db9-4741-b51c-49af5e4cf22f:c919]
2019-09-08 07:07:20,831 [grpc-default-executor-3] INFO  client.GrpcClientProtocolClient (GrpcClientProtocolClient.java:onNext(264)) - client-119D756B1005->4234af2c-5377-4886-a4e8-6fe45d0af45e: receive RaftClientReply:client-119D756B1005->4234af2c-5377-4886-a4e8-6fe45d0af45e@group-A1165329A1F1, cid=734, SUCCESS, logIndex=921, commits[4234af2c-5377-4886-a4e8-6fe45d0af45e:c921, cef72988-acf5-49ad-9ec7-695a80e7a66d:c919, d677508c-6db9-4741-b51c-49af5e4cf22f:c919]
2019-09-08 07:07:20,880 [grpc-default-executor-6] INFO  client.GrpcClientProtocolClient (GrpcClientProtocolClient.java:onNext(264)) - client-119D756B1005->4234af2c-5377-4886-a4e8-6fe45d0af45e: receive RaftClientReply:client-119D756B1005->4234af2c-5377-4886-a4e8-6fe45d0af45e@group-A1165329A1F1, cid=735, SUCCESS, logIndex=924, commits[4234af2c-5377-4886-a4e8-6fe45d0af45e:c925, cef72988-acf5-49ad-9ec7-695a80e7a66d:c921, d677508c-6db9-4741-b51c-49af5e4cf22f:c921]
2019-09-08 07:07:20,881 [grpc-default-executor-6] INFO  client.GrpcClientProtocolClient (GrpcClientProtocolClient.java:onNext(264)) - client-119D756B1005->4234af2c-5377-4886-a4e8-6fe45d0af45e: receive RaftClientReply:client-119D756B1005->4234af2c-5377-4886-a4e8-6fe45d0af45e@group-A1165329A1F1, cid=736, SUCCESS, logIndex=925, commits[4234af2c-5377-4886-a4e8-6fe45d0af45e:c925, cef72988-acf5-49ad-9ec7-695a80e7a66d:c921, d677508c-6db9-4741-b51c-49af5e4cf22f:c921]
2019-09-08 07:07:20,893 [grpc-default-executor-3] INFO  client.GrpcClientProtocolClient (GrpcClientProtocolClient.java:onNext(264)) - client-119D756B1005->4234af2c-5377-4886-a4e8-6fe45d0af45e: receive RaftClientReply:client-119D756B1005->4234af2c-5377-4886-a4e8-6fe45d0af45e@group-A1165329A1F1, cid=737, SUCCESS, logIndex=0, commits[4234af2c-5377-4886-a4e8-6fe45d0af45e:c926, cef72988-acf5-49ad-9ec7-695a80e7a66d:c925, d677508c-6db9-4741-b51c-49af5e4cf22f:c925]
2019-09-08 07:07:20,921 [grpc-default-executor-6] INFO  client.GrpcClientProtocolClient (GrpcClientProtocolClient.java:onNext(264)) - client-119D756B1005->4234af2c-5377-4886-a4e8-6fe45d0af45e: receive RaftClientReply:client-119D756B1005->4234af2c-5377-4886-a4e8-6fe45d0af45e@group-A1165329A1F1, cid=738, SUCCESS, logIndex=928, commits[4234af2c-5377-4886-a4e8-6fe45d0af45e:c929, cef72988-acf5-49ad-9ec7-695a80e7a66d:c927, d677508c-6db9-4741-b51c-49af5e4cf22f:c927]
2019-09-08 07:07:20,922 [grpc-default-executor-3] INFO  client.GrpcClientProtocolClient (GrpcClientProtocolClient.java:onNext(264)) - client-119D756B1005->4234af2c-5377-4886-a4e8-6fe45d0af45e: receive RaftClientReply:client-119D756B1005->4234af2c-5377-4886-a4e8-6fe45d0af45e@group-A1165329A1F1, cid=739, SUCCESS, logIndex=929, commits[4234af2c-5377-4886-a4e8-6fe45d0af45e:c929, cef72988-acf5-49ad-9ec7-695a80e7a66d:c927, d677508c-6db9-4741-b51c-49af5e4cf22f:c927]
2019-09-08 07:07:20,923 [grpc-default-executor-0] INFO  client.GrpcClientProtocolClient (GrpcClientProtocolClient.java:onNext(264)) - client-119D756B1005->4234af2c-5377-4886-a4e8-6fe45d0af45e: receive RaftClientReply:client-119D756B1005->4234af2c-5377-4886-a4e8-6fe45d0af45e@group-A1165329A1F1, cid=740, SUCCESS, logIndex=930, commits[4234af2c-5377-4886-a4e8-6fe45d0af45e:c932, cef72988-acf5-49ad-9ec7-695a80e7a66d:c928, d677508c-6db9-4741-b51c-49af5e4cf22f:c927]
2019-09-08 07:07:20,924 [grpc-default-executor-0] INFO  client.GrpcClientProtocolClient (GrpcClientProtocolClient.java:onNext(264)) - client-119D756B1005->4234af2c-5377-4886-a4e8-6fe45d0af45e: receive RaftClientReply:client-119D756B1005->4234af2c-5377-4886-a4e8-6fe45d0af45e@group-A1165329A1F1, cid=741, SUCCESS, logIndex=931, commits[4234af2c-5377-4886-a4e8-6fe45d0af45e:c932, cef72988-acf5-49ad-9ec7-695a80e7a66d:c928, d677508c-6db9-4741-b51c-49af5e4cf22f:c927]
2019-09-08 07:07:20,925 [grpc-default-executor-0] INFO  client.GrpcClientProtocolClient (GrpcClientProtocolClient.java:onNext(264)) - client-119D756B1005->4234af2c-5377-4886-a4e8-6fe45d0af45e: receive RaftClientReply:client-119D756B1005->4234af2c-5377-4886-a4e8-6fe45d0af45e@group-A1165329A1F1, cid=742, SUCCESS, logIndex=0, commits[4234af2c-5377-4886-a4e8-6fe45d0af45e:c934, cef72988-acf5-49ad-9ec7-695a80e7a66d:c930, d677508c-6db9-4741-b51c-49af5e4cf22f:c930]
2019-09-08 07:07:20,941 [grpc-default-executor-0] INFO  client.GrpcClientProtocolClient (GrpcClientProtocolClient.java:onNext(264)) - client-119D756B1005->4234af2c-5377-4886-a4e8-6fe45d0af45e: receive RaftClientReply:client-119D756B1005->4234af2c-5377-4886-a4e8-6fe45d0af45e@group-A1165329A1F1, cid=743, SUCCESS, logIndex=935, commits[4234af2c-5377-4886-a4e8-6fe45d0af45e:c936, cef72988-acf5-49ad-9ec7-695a80e7a66d:c930, d677508c-6db9-4741-b51c-49af5e4cf22f:c934]
2019-09-08 07:07:20,942 [grpc-default-executor-0] INFO  client.GrpcClientProtocolClient (GrpcClientProtocolClient.java:onNext(264)) - client-119D756B1005->4234af2c-5377-4886-a4e8-6fe45d0af45e: receive RaftClientReply:client-119D756B1005->4234af2c-5377-4886-a4e8-6fe45d0af45e@group-A1165329A1F1, cid=744, SUCCESS, logIndex=936, commits[4234af2c-5377-4886-a4e8-6fe45d0af45e:c936, cef72988-acf5-49ad-9ec7-695a80e7a66d:c934, d677508c-6db9-4741-b51c-49af5e4cf22f:c934]
2019-09-08 07:07:20,962 [grpc-default-executor-0] INFO  client.GrpcClientProtocolClient (GrpcClientProtocolClient.java:onNext(264)) - client-119D756B1005->4234af2c-5377-4886-a4e8-6fe45d0af45e: receive RaftClientReply:client-119D756B1005->4234af2c-5377-4886-a4e8-6fe45d0af45e@group-A1165329A1F1, cid=745, SUCCESS, logIndex=939, commits[4234af2c-5377-4886-a4e8-6fe45d0af45e:c940, cef72988-acf5-49ad-9ec7-695a80e7a66d:c938, d677508c-6db9-4741-b51c-49af5e4cf22f:c938]
2019-09-08 07:07:20,962 [grpc-default-executor-0] INFO  client.GrpcClientProtocolClient (GrpcClientProtocolClient.java:onNext(264)) - client-119D756B1005->4234af2c-5377-4886-a4e8-6fe45d0af45e: receive RaftClientReply:client-119D756B1005->4234af2c-5377-4886-a4e8-6fe45d0af45e@group-A1165329A1F1, cid=746, SUCCESS, logIndex=940, commits[4234af2c-5377-4886-a4e8-6fe45d0af45e:c940, cef72988-acf5-49ad-9ec7-695a80e7a66d:c938, d677508c-6db9-4741-b51c-49af5e4cf22f:c938]
2019-09-08 07:07:20,973 [grpc-default-executor-0] INFO  client.GrpcClientProtocolClient (GrpcClientProtocolClient.java:onNext(264)) - client-119D756B1005->4234af2c-5377-4886-a4e8-6fe45d0af45e: receive RaftClientReply:client-119D756B1005->4234af2c-5377-4886-a4e8-6fe45d0af45e@group-A1165329A1F1, cid=747, SUCCESS, logIndex=0, commits[4234af2c-5377-4886-a4e8-6fe45d0af45e:c942, cef72988-acf5-49ad-9ec7-695a80e7a66d:c940, d677508c-6db9-4741-b51c-49af5e4cf22f:c940]
2019-09-08 07:07:20,989 [grpc-default-executor-0] INFO  client.GrpcClientProtocolClient (GrpcClientProtocolClient.java:onNext(264)) - client-119D756B1005->4234af2c-5377-4886-a4e8-6fe45d0af45e: receive RaftClientReply:client-119D756B1005->4234af2c-5377-4886-a4e8-6fe45d0af45e@group-A1165329A1F1, cid=748, SUCCESS, logIndex=943, commits[4234af2c-5377-4886-a4e8-6fe45d0af45e:c944, cef72988-acf5-49ad-9ec7-695a80e7a66d:c940, d677508c-6db9-4741-b51c-49af5e4cf22f:c942]
2019-09-08 07:07:20,990 [grpc-default-executor-0] INFO  client.GrpcClientProtocolClient (GrpcClientProtocolClient.java:onNext(264)) - client-119D756B1005->4234af2c-5377-4886-a4e8-6fe45d0af45e: receive RaftClientReply:client-119D756B1005->4234af2c-5377-4886-a4e8-6fe45d0af45e@group-A1165329A1F1, cid=749, SUCCESS, logIndex=944, commits[4234af2c-5377-4886-a4e8-6fe45d0af45e:c944, cef72988-acf5-49ad-9ec7-695a80e7a66d:c940, d677508c-6db9-4741-b51c-49af5e4cf22f:c942]
2019-09-08 07:07:20,996 [grpc-default-executor-0] INFO  client.GrpcClientProtocolClient (GrpcClientProtocolClient.java:onNext(264)) - client-119D756B1005->4234af2c-5377-4886-a4e8-6fe45d0af45e: receive RaftClientReply:client-119D756B1005->4234af2c-5377-4886-a4e8-6fe45d0af45e@group-A1165329A1F1, cid=750, SUCCESS, logIndex=947, commits[4234af2c-5377-4886-a4e8-6fe45d0af45e:c948, cef72988-acf5-49ad-9ec7-695a80e7a66d:c944, d677508c-6db9-4741-b51c-49af5e4cf22f:c944]
2019-09-08 07:07:20,996 [grpc-default-executor-0] INFO  client.GrpcClientProtocolClient (GrpcClientProtocolClient.java:onNext(264)) - client-119D756B1005->4234af2c-5377-4886-a4e8-6fe45d0af45e: receive RaftClientReply:client-119D756B1005->4234af2c-5377-4886-a4e8-6fe45d0af45e@group-A1165329A1F1, cid=751, SUCCESS, logIndex=948, commits[4234af2c-5377-4886-a4e8-6fe45d0af45e:c948, cef72988-acf5-49ad-9ec7-695a80e7a66d:c944, d677508c-6db9-4741-b51c-49af5e4cf22f:c944]
2019-09-08 07:07:21,006 [grpc-default-executor-0] INFO  client.GrpcClientProtocolClient (GrpcClientProtocolClient.java:onNext(264)) - client-119D756B1005->4234af2c-5377-4886-a4e8-6fe45d0af45e: receive RaftClientReply:client-119D756B1005->4234af2c-5377-4886-a4e8-6fe45d0af45e@group-A1165329A1F1, cid=752, SUCCESS, logIndex=951, commits[4234af2c-5377-4886-a4e8-6fe45d0af45e:c952, cef72988-acf5-49ad-9ec7-695a80e7a66d:c948, d677508c-6db9-4741-b51c-49af5e4cf22f:c950]
2019-09-08 07:07:21,006 [grpc-default-executor-0] INFO  client.GrpcClientProtocolClient (GrpcClientProtocolClient.java:onNext(264)) - client-119D756B1005->4234af2c-5377-4886-a4e8-6fe45d0af45e: receive RaftClientReply:client-119D756B1005->4234af2c-5377-4886-a4e8-6fe45d0af45e@group-A1165329A1F1, cid=753, SUCCESS, logIndex=952, commits[4234af2c-5377-4886-a4e8-6fe45d0af45e:c952, cef72988-acf5-49ad-9ec7-695a80e7a66d:c948, d677508c-6db9-4741-b51c-49af5e4cf22f:c950]
2019-09-08 07:07:21,017 [grpc-default-executor-6] INFO  client.GrpcClientProtocolClient (GrpcClientProtocolClient.java:onNext(264)) - client-119D756B1005->4234af2c-5377-4886-a4e8-6fe45d0af45e: receive RaftClientReply:client-119D756B1005->4234af2c-5377-4886-a4e8-6fe45d0af45e@group-A1165329A1F1, cid=754, SUCCESS, logIndex=955, commits[4234af2c-5377-4886-a4e8-6fe45d0af45e:c956, cef72988-acf5-49ad-9ec7-695a80e7a66d:c952, d677508c-6db9-4741-b51c-49af5e4cf22f:c954]
2019-09-08 07:07:21,018 [grpc-default-executor-6] INFO  client.GrpcClientProtocolClient (GrpcClientProtocolClient.java:onNext(264)) - client-119D756B1005->4234af2c-5377-4886-a4e8-6fe45d0af45e: receive RaftClientReply:client-119D756B1005->4234af2c-5377-4886-a4e8-6fe45d0af45e@group-A1165329A1F1, cid=755, SUCCESS, logIndex=956, commits[4234af2c-5377-4886-a4e8-6fe45d0af45e:c956, cef72988-acf5-49ad-9ec7-695a80e7a66d:c954, d677508c-6db9-4741-b51c-49af5e4cf22f:c954]
2019-09-08 07:07:21,020 [grpc-default-executor-3] INFO  client.GrpcClientProtocolClient (GrpcClientProtocolClient.java:onNext(264)) - client-119D756B1005->4234af2c-5377-4886-a4e8-6fe45d0af45e: receive RaftClientReply:client-119D756B1005->4234af2c-5377-4886-a4e8-6fe45d0af45e@group-A1165329A1F1, cid=756, SUCCESS, logIndex=0, commits[4234af2c-5377-4886-a4e8-6fe45d0af45e:c957, cef72988-acf5-49ad-9ec7-695a80e7a66d:c956, d677508c-6db9-4741-b51c-49af5e4cf22f:c956]
2019-09-08 07:07:21,032 [grpc-default-executor-0] INFO  client.GrpcClientProtocolClient (GrpcClientProtocolClient.java:onNext(264)) - client-119D756B1005->4234af2c-5377-4886-a4e8-6fe45d0af45e: receive RaftClientReply:client-119D756B1005->4234af2c-5377-4886-a4e8-6fe45d0af45e@group-A1165329A1F1, cid=757, SUCCESS, logIndex=959, commits[4234af2c-5377-4886-a4e8-6fe45d0af45e:c960, cef72988-acf5-49ad-9ec7-695a80e7a66d:c958, d677508c-6db9-4741-b51c-49af5e4cf22f:c956]
2019-09-08 07:07:21,032 [grpc-default-executor-0] INFO  client.GrpcClientProtocolClient (GrpcClientProtocolClient.java:onNext(264)) - client-119D756B1005->4234af2c-5377-4886-a4e8-6fe45d0af45e: receive RaftClientReply:client-119D756B1005->4234af2c-5377-4886-a4e8-6fe45d0af45e@group-A1165329A1F1, cid=758, SUCCESS, logIndex=960, commits[4234af2c-5377-4886-a4e8-6fe45d0af45e:c960, cef72988-acf5-49ad-9ec7-695a80e7a66d:c958, d677508c-6db9-4741-b51c-49af5e4cf22f:c958]
2019-09-08 07:07:21,035 [grpc-default-executor-6] INFO  client.GrpcClientProtocolClient (GrpcClientProtocolClient.java:onNext(264)) - client-119D756B1005->4234af2c-5377-4886-a4e8-6fe45d0af45e: receive RaftClientReply:client-119D756B1005->4234af2c-5377-4886-a4e8-6fe45d0af45e@group-A1165329A1F1, cid=759, SUCCESS, logIndex=961, commits[4234af2c-5377-4886-a4e8-6fe45d0af45e:c962, cef72988-acf5-49ad-9ec7-695a80e7a66d:c958, d677508c-6db9-4741-b51c-49af5e4cf22f:c958]
2019-09-08 07:07:21,035 [grpc-default-executor-6] INFO  client.GrpcClientProtocolClient (GrpcClientProtocolClient.java:onNext(264)) - client-119D756B1005->4234af2c-5377-4886-a4e8-6fe45d0af45e: receive RaftClientReply:client-119D756B1005->4234af2c-5377-4886-a4e8-6fe45d0af45e@group-A1165329A1F1, cid=760, SUCCESS, logIndex=962, commits[4234af2c-5377-4886-a4e8-6fe45d0af45e:c964, cef72988-acf5-49ad-9ec7-695a80e7a66d:c960, d677508c-6db9-4741-b51c-49af5e4cf22f:c958]
2019-09-08 07:07:21,036 [grpc-default-executor-3] INFO  client.GrpcClientProtocolClient (GrpcClientProtocolClient.java:onNext(264)) - client-119D756B1005->4234af2c-5377-4886-a4e8-6fe45d0af45e: receive RaftClientReply:client-119D756B1005->4234af2c-5377-4886-a4e8-6fe45d0af45e@group-A1165329A1F1, cid=761, SUCCESS, logIndex=0, commits[4234af2c-5377-4886-a4e8-6fe45d0af45e:c964, cef72988-acf5-49ad-9ec7-695a80e7a66d:c960, d677508c-6db9-4741-b51c-49af5e4cf22f:c960]
2019-09-08 07:07:21,055 [grpc-default-executor-3] INFO  client.GrpcClientProtocolClient (GrpcClientProtocolClient.java:onNext(264)) - client-119D756B1005->4234af2c-5377-4886-a4e8-6fe45d0af45e: receive RaftClientReply:client-119D756B1005->4234af2c-5377-4886-a4e8-6fe45d0af45e@group-A1165329A1F1, cid=762, SUCCESS, logIndex=967, commits[4234af2c-5377-4886-a4e8-6fe45d0af45e:c968, cef72988-acf5-49ad-9ec7-695a80e7a66d:c966, d677508c-6db9-4741-b51c-49af5e4cf22f:c966]
2019-09-08 07:07:21,055 [grpc-default-executor-3] INFO  client.GrpcClientProtocolClient (GrpcClientProtocolClient.java:onNext(264)) - client-119D756B1005->4234af2c-5377-4886-a4e8-6fe45d0af45e: receive RaftClientReply:client-119D756B1005->4234af2c-5377-4886-a4e8-6fe45d0af45e@group-A1165329A1F1, cid=763, SUCCESS, logIndex=968, commits[4234af2c-5377-4886-a4e8-6fe45d0af45e:c968, cef72988-acf5-49ad-9ec7-695a80e7a66d:c966, d677508c-6db9-4741-b51c-49af5e4cf22f:c966]
2019-09-08 07:07:21,074 [grpc-default-executor-3] INFO  client.GrpcClientProtocolClient (GrpcClientProtocolClient.java:onNext(264)) - client-119D756B1005->4234af2c-5377-4886-a4e8-6fe45d0af45e: receive RaftClientReply:client-119D756B1005->4234af2c-5377-4886-a4e8-6fe45d0af45e@group-A1165329A1F1, cid=764, SUCCESS, logIndex=971, commits[4234af2c-5377-4886-a4e8-6fe45d0af45e:c972, cef72988-acf5-49ad-9ec7-695a80e7a66d:c970, d677508c-6db9-4741-b51c-49af5e4cf22f:c970]
2019-09-08 07:07:21,074 [grpc-default-executor-3] INFO  client.GrpcClientProtocolClient (GrpcClientProtocolClient.java:onNext(264)) - client-119D756B1005->4234af2c-5377-4886-a4e8-6fe45d0af45e: receive RaftClientReply:client-119D756B1005->4234af2c-5377-4886-a4e8-6fe45d0af45e@group-A1165329A1F1, cid=765, SUCCESS, logIndex=972, commits[4234af2c-5377-4886-a4e8-6fe45d0af45e:c972, cef72988-acf5-49ad-9ec7-695a80e7a66d:c970, d677508c-6db9-4741-b51c-49af5e4cf22f:c970]
 0.00% |█                                                                                                    |  0/1 Time: 0:00:022019-09-08 07:07:21,428 [grpc-default-executor-6] INFO  client.GrpcClientProtocolClient (GrpcClientProtocolClient.java:onNext(264)) - client-119D756B1005->4234af2c-5377-4886-a4e8-6fe45d0af45e: receive RaftClientReply:client-119D756B1005->4234af2c-5377-4886-a4e8-6fe45d0af45e@group-A1165329A1F1, cid=766, SUCCESS, logIndex=0, commits[4234af2c-5377-4886-a4e8-6fe45d0af45e:c972, cef72988-acf5-49ad-9ec7-695a80e7a66d:c972, d677508c-6db9-4741-b51c-49af5e4cf22f:c972]
2019-09-08 07:07:21,447 [grpc-default-executor-6] INFO  client.GrpcClientProtocolClient (GrpcClientProtocolClient.java:onNext(264)) - client-119D756B1005->4234af2c-5377-4886-a4e8-6fe45d0af45e: receive RaftClientReply:client-119D756B1005->4234af2c-5377-4886-a4e8-6fe45d0af45e@group-A1165329A1F1, cid=767, SUCCESS, logIndex=975, commits[4234af2c-5377-4886-a4e8-6fe45d0af45e:c976, cef72988-acf5-49ad-9ec7-695a80e7a66d:c973, d677508c-6db9-4741-b51c-49af5e4cf22f:c972]
2019-09-08 07:07:21,448 [grpc-default-executor-6] INFO  client.GrpcClientProtocolClient (GrpcClientProtocolClient.java:onNext(264)) - client-119D756B1005->4234af2c-5377-4886-a4e8-6fe45d0af45e: receive RaftClientReply:client-119D756B1005->4234af2c-5377-4886-a4e8-6fe45d0af45e@group-A1165329A1F1, cid=768, SUCCESS, logIndex=976, commits[4234af2c-5377-4886-a4e8-6fe45d0af45e:c976, cef72988-acf5-49ad-9ec7-695a80e7a66d:c973, d677508c-6db9-4741-b51c-49af5e4cf22f:c972]
2019-09-08 07:07:21,454 [grpc-default-executor-3] INFO  client.GrpcClientProtocolClient (GrpcClientProtocolClient.java:onNext(264)) - client-119D756B1005->4234af2c-5377-4886-a4e8-6fe45d0af45e: receive RaftClientReply:client-119D756B1005->4234af2c-5377-4886-a4e8-6fe45d0af45e@group-A1165329A1F1, cid=769, SUCCESS, logIndex=977, commits[4234af2c-5377-4886-a4e8-6fe45d0af45e:c979, cef72988-acf5-49ad-9ec7-695a80e7a66d:c976, d677508c-6db9-4741-b51c-49af5e4cf22f:c973]
2019-09-08 07:07:21,454 [grpc-default-executor-3] INFO  client.GrpcClientProtocolClient (GrpcClientProtocolClient.java:onNext(264)) - client-119D756B1005->4234af2c-5377-4886-a4e8-6fe45d0af45e: receive RaftClientReply:client-119D756B1005->4234af2c-5377-4886-a4e8-6fe45d0af45e@group-A1165329A1F1, cid=770, SUCCESS, logIndex=978, commits[4234af2c-5377-4886-a4e8-6fe45d0af45e:c980, cef72988-acf5-49ad-9ec7-695a80e7a66d:c976, d677508c-6db9-4741-b51c-49af5e4cf22f:c973]
2019-09-08 07:07:21,456 [grpc-default-executor-3] INFO  client.GrpcClientProtocolClient (GrpcClientProtocolClient.java:onNext(264)) - client-119D756B1005->4234af2c-5377-4886-a4e8-6fe45d0af45e: receive RaftClientReply:client-119D756B1005->4234af2c-5377-4886-a4e8-6fe45d0af45e@group-A1165329A1F1, cid=771, SUCCESS, logIndex=0, commits[4234af2c-5377-4886-a4e8-6fe45d0af45e:c981, cef72988-acf5-49ad-9ec7-695a80e7a66d:c977, d677508c-6db9-4741-b51c-49af5e4cf22f:c976]
2019-09-08 07:07:21,752 [grpc-default-executor-6] INFO  client.GrpcClientProtocolClient (GrpcClientProtocolClient.java:onNext(264)) - client-119D756B1005->4234af2c-5377-4886-a4e8-6fe45d0af45e: receive RaftClientReply:client-119D756B1005->4234af2c-5377-4886-a4e8-6fe45d0af45e@group-A1165329A1F1, cid=772, SUCCESS, logIndex=983, commits[4234af2c-5377-4886-a4e8-6fe45d0af45e:c984, cef72988-acf5-49ad-9ec7-695a80e7a66d:c982, d677508c-6db9-4741-b51c-49af5e4cf22f:c982]
2019-09-08 07:07:21,753 [grpc-default-executor-6] INFO  client.GrpcClientProtocolClient (GrpcClientProtocolClient.java:onNext(264)) - client-119D756B1005->4234af2c-5377-4886-a4e8-6fe45d0af45e: receive RaftClientReply:client-119D756B1005->4234af2c-5377-4886-a4e8-6fe45d0af45e@group-A1165329A1F1, cid=773, SUCCESS, logIndex=984, commits[4234af2c-5377-4886-a4e8-6fe45d0af45e:c984, cef72988-acf5-49ad-9ec7-695a80e7a66d:c982, d677508c-6db9-4741-b51c-49af5e4cf22f:c982]
2019-09-08 07:07:21,776 [grpc-default-executor-0] INFO  client.GrpcClientProtocolClient (GrpcClientProtocolClient.java:onNext(264)) - client-119D756B1005->4234af2c-5377-4886-a4e8-6fe45d0af45e: receive RaftClientReply:client-119D756B1005->4234af2c-5377-4886-a4e8-6fe45d0af45e@group-A1165329A1F1, cid=774, SUCCESS, logIndex=987, commits[4234af2c-5377-4886-a4e8-6fe45d0af45e:c988, cef72988-acf5-49ad-9ec7-695a80e7a66d:c985, d677508c-6db9-4741-b51c-49af5e4cf22f:c985]
2019-09-08 07:07:21,777 [grpc-default-executor-0] INFO  client.GrpcClientProtocolClient (GrpcClientProtocolClient.java:onNext(264)) - client-119D756B1005->4234af2c-5377-4886-a4e8-6fe45d0af45e: receive RaftClientReply:client-119D756B1005->4234af2c-5377-4886-a4e8-6fe45d0af45e@group-A1165329A1F1, cid=775, SUCCESS, logIndex=988, commits[4234af2c-5377-4886-a4e8-6fe45d0af45e:c988, cef72988-acf5-49ad-9ec7-695a80e7a66d:c985, d677508c-6db9-4741-b51c-49af5e4cf22f:c985]
2019-09-08 07:07:21,782 [grpc-default-executor-0] INFO  client.GrpcClientProtocolClient (GrpcClientProtocolClient.java:onNext(264)) - client-119D756B1005->4234af2c-5377-4886-a4e8-6fe45d0af45e: receive RaftClientReply:client-119D756B1005->4234af2c-5377-4886-a4e8-6fe45d0af45e@group-A1165329A1F1, cid=776, SUCCESS, logIndex=0, commits[4234af2c-5377-4886-a4e8-6fe45d0af45e:c990, cef72988-acf5-49ad-9ec7-695a80e7a66d:c988, d677508c-6db9-4741-b51c-49af5e4cf22f:c988]
2019-09-08 07:07:21,798 [grpc-default-executor-3] INFO  client.GrpcClientProtocolClient (GrpcClientProtocolClient.java:onNext(264)) - client-119D756B1005->4234af2c-5377-4886-a4e8-6fe45d0af45e: receive RaftClientReply:client-119D756B1005->4234af2c-5377-4886-a4e8-6fe45d0af45e@group-A1165329A1F1, cid=777, SUCCESS, logIndex=991, commits[4234af2c-5377-4886-a4e8-6fe45d0af45e:c992, cef72988-acf5-49ad-9ec7-695a80e7a66d:c990, d677508c-6db9-4741-b51c-49af5e4cf22f:c990]
2019-09-08 07:07:21,799 [grpc-default-executor-3] INFO  client.GrpcClientProtocolClient (GrpcClientProtocolClient.java:onNext(264)) - client-119D756B1005->4234af2c-5377-4886-a4e8-6fe45d0af45e: receive RaftClientReply:client-119D756B1005->4234af2c-5377-4886-a4e8-6fe45d0af45e@group-A1165329A1F1, cid=778, SUCCESS, logIndex=992, commits[4234af2c-5377-4886-a4e8-6fe45d0af45e:c992, cef72988-acf5-49ad-9ec7-695a80e7a66d:c990, d677508c-6db9-4741-b51c-49af5e4cf22f:c990]
2019-09-08 07:07:21,799 [grpc-default-executor-3] INFO  client.GrpcClientProtocolClient (GrpcClientProtocolClient.java:onNext(264)) - client-119D756B1005->4234af2c-5377-4886-a4e8-6fe45d0af45e: receive RaftClientReply:client-119D756B1005->4234af2c-5377-4886-a4e8-6fe45d0af45e@group-A1165329A1F1, cid=779, SUCCESS, logIndex=993, commits[4234af2c-5377-4886-a4e8-6fe45d0af45e:c993, cef72988-acf5-49ad-9ec7-695a80e7a66d:c990, d677508c-6db9-4741-b51c-49af5e4cf22f:c990]
2019-09-08 07:07:21,800 [grpc-default-executor-3] INFO  client.GrpcClientProtocolClient (GrpcClientProtocolClient.java:onNext(264)) - client-119D756B1005->4234af2c-5377-4886-a4e8-6fe45d0af45e: receive RaftClientReply:client-119D756B1005->4234af2c-5377-4886-a4e8-6fe45d0af45e@group-A1165329A1F1, cid=780, SUCCESS, logIndex=994, commits[4234af2c-5377-4886-a4e8-6fe45d0af45e:c994, cef72988-acf5-49ad-9ec7-695a80e7a66d:c990, d677508c-6db9-4741-b51c-49af5e4cf22f:c990]
2019-09-08 07:07:21,801 [grpc-default-executor-3] INFO  client.GrpcClientProtocolClient (GrpcClientProtocolClient.java:onNext(264)) - client-119D756B1005->4234af2c-5377-4886-a4e8-6fe45d0af45e: receive RaftClientReply:client-119D756B1005->4234af2c-5377-4886-a4e8-6fe45d0af45e@group-A1165329A1F1, cid=781, SUCCESS, logIndex=0, commits[4234af2c-5377-4886-a4e8-6fe45d0af45e:c996, cef72988-acf5-49ad-9ec7-695a80e7a66d:c992, d677508c-6db9-4741-b51c-49af5e4cf22f:c992]
2019-09-08 07:07:21,813 [grpc-default-executor-0] INFO  client.GrpcClientProtocolClient (GrpcClientProtocolClient.java:onNext(264)) - client-119D756B1005->4234af2c-5377-4886-a4e8-6fe45d0af45e: receive RaftClientReply:client-119D756B1005->4234af2c-5377-4886-a4e8-6fe45d0af45e@group-A1165329A1F1, cid=782, SUCCESS, logIndex=999, commits[4234af2c-5377-4886-a4e8-6fe45d0af45e:c1000, cef72988-acf5-49ad-9ec7-695a80e7a66d:c994, d677508c-6db9-4741-b51c-49af5e4cf22f:c998]
2019-09-08 07:07:21,813 [grpc-default-executor-0] INFO  client.GrpcClientProtocolClient (GrpcClientProtocolClient.java:onNext(264)) - client-119D756B1005->4234af2c-5377-4886-a4e8-6fe45d0af45e: receive RaftClientReply:client-119D756B1005->4234af2c-5377-4886-a4e8-6fe45d0af45e@group-A1165329A1F1, cid=783, SUCCESS, logIndex=1000, commits[4234af2c-5377-4886-a4e8-6fe45d0af45e:c1000, cef72988-acf5-49ad-9ec7-695a80e7a66d:c998, d677508c-6db9-4741-b51c-49af5e4cf22f:c998]
2019-09-08 07:07:21,825 [grpc-default-executor-0] INFO  client.GrpcClientProtocolClient (GrpcClientProtocolClient.java:onNext(264)) - client-119D756B1005->4234af2c-5377-4886-a4e8-6fe45d0af45e: receive RaftClientReply:client-119D756B1005->4234af2c-5377-4886-a4e8-6fe45d0af45e@group-A1165329A1F1, cid=784, SUCCESS, logIndex=1003, commits[4234af2c-5377-4886-a4e8-6fe45d0af45e:c1004, cef72988-acf5-49ad-9ec7-695a80e7a66d:c1002, d677508c-6db9-4741-b51c-49af5e4cf22f:c1002]
2019-09-08 07:07:21,825 [grpc-default-executor-0] INFO  client.GrpcClientProtocolClient (GrpcClientProtocolClient.java:onNext(264)) - client-119D756B1005->4234af2c-5377-4886-a4e8-6fe45d0af45e: receive RaftClientReply:client-119D756B1005->4234af2c-5377-4886-a4e8-6fe45d0af45e@group-A1165329A1F1, cid=785, SUCCESS, logIndex=1004, commits[4234af2c-5377-4886-a4e8-6fe45d0af45e:c1004, cef72988-acf5-49ad-9ec7-695a80e7a66d:c1002, d677508c-6db9-4741-b51c-49af5e4cf22f:c1002]
2019-09-08 07:07:21,838 [grpc-default-executor-0] INFO  client.GrpcClientProtocolClient (GrpcClientProtocolClient.java:onNext(264)) - client-119D756B1005->4234af2c-5377-4886-a4e8-6fe45d0af45e: receive RaftClientReply:client-119D756B1005->4234af2c-5377-4886-a4e8-6fe45d0af45e@group-A1165329A1F1, cid=786, SUCCESS, logIndex=0, commits[4234af2c-5377-4886-a4e8-6fe45d0af45e:c1006, cef72988-acf5-49ad-9ec7-695a80e7a66d:c1004, d677508c-6db9-4741-b51c-49af5e4cf22f:c1004]
2019-09-08 07:07:21,851 [grpc-default-executor-3] INFO  client.GrpcClientProtocolClient (GrpcClientProtocolClient.java:onNext(264)) - client-119D756B1005->4234af2c-5377-4886-a4e8-6fe45d0af45e: receive RaftClientReply:client-119D756B1005->4234af2c-5377-4886-a4e8-6fe45d0af45e@group-A1165329A1F1, cid=787, SUCCESS, logIndex=1007, commits[4234af2c-5377-4886-a4e8-6fe45d0af45e:c1008, cef72988-acf5-49ad-9ec7-695a80e7a66d:c1006, d677508c-6db9-4741-b51c-49af5e4cf22f:c1006]
2019-09-08 07:07:21,852 [grpc-default-executor-3] INFO  client.GrpcClientProtocolClient (GrpcClientProtocolClient.java:onNext(264)) - client-119D756B1005->4234af2c-5377-4886-a4e8-6fe45d0af45e: receive RaftClientReply:client-119D756B1005->4234af2c-5377-4886-a4e8-6fe45d0af45e@group-A1165329A1F1, cid=788, SUCCESS, logIndex=1008, commits[4234af2c-5377-4886-a4e8-6fe45d0af45e:c1008, cef72988-acf5-49ad-9ec7-695a80e7a66d:c1006, d677508c-6db9-4741-b51c-49af5e4cf22f:c1006]
2019-09-08 07:07:21,852 [grpc-default-executor-3] INFO  client.GrpcClientProtocolClient (GrpcClientProtocolClient.java:onNext(264)) - client-119D756B1005->4234af2c-5377-4886-a4e8-6fe45d0af45e: receive RaftClientReply:client-119D756B1005->4234af2c-5377-4886-a4e8-6fe45d0af45e@group-A1165329A1F1, cid=789, SUCCESS, logIndex=1009, commits[4234af2c-5377-4886-a4e8-6fe45d0af45e:c1010, cef72988-acf5-49ad-9ec7-695a80e7a66d:c1006, d677508c-6db9-4741-b51c-49af5e4cf22f:c1006]
2019-09-08 07:07:21,853 [grpc-default-executor-3] INFO  client.GrpcClientProtocolClient (GrpcClientProtocolClient.java:onNext(264)) - client-119D756B1005->4234af2c-5377-4886-a4e8-6fe45d0af45e: receive RaftClientReply:client-119D756B1005->4234af2c-5377-4886-a4e8-6fe45d0af45e@group-A1165329A1F1, cid=790, SUCCESS, logIndex=1010, commits[4234af2c-5377-4886-a4e8-6fe45d0af45e:c1010, cef72988-acf5-49ad-9ec7-695a80e7a66d:c1006, d677508c-6db9-4741-b51c-49af5e4cf22f:c1006]
2019-09-08 07:07:21,854 [grpc-default-executor-0] INFO  client.GrpcClientProtocolClient (GrpcClientProtocolClient.java:onNext(264)) - client-119D756B1005->4234af2c-5377-4886-a4e8-6fe45d0af45e: receive RaftClientReply:client-119D756B1005->4234af2c-5377-4886-a4e8-6fe45d0af45e@group-A1165329A1F1, cid=791, SUCCESS, logIndex=0, commits[4234af2c-5377-4886-a4e8-6fe45d0af45e:c1012, cef72988-acf5-49ad-9ec7-695a80e7a66d:c1008, d677508c-6db9-4741-b51c-49af5e4cf22f:c1008]
2019-09-08 07:07:21,866 [grpc-default-executor-3] INFO  client.GrpcClientProtocolClient (GrpcClientProtocolClient.java:onNext(264)) - client-119D756B1005->4234af2c-5377-4886-a4e8-6fe45d0af45e: receive RaftClientReply:client-119D756B1005->4234af2c-5377-4886-a4e8-6fe45d0af45e@group-A1165329A1F1, cid=792, SUCCESS, logIndex=1015, commits[4234af2c-5377-4886-a4e8-6fe45d0af45e:c1016, cef72988-acf5-49ad-9ec7-695a80e7a66d:c1010, d677508c-6db9-4741-b51c-49af5e4cf22f:c1014]
2019-09-08 07:07:21,866 [grpc-default-executor-3] INFO  client.GrpcClientProtocolClient (GrpcClientProtocolClient.java:onNext(264)) - client-119D756B1005->4234af2c-5377-4886-a4e8-6fe45d0af45e: receive RaftClientReply:client-119D756B1005->4234af2c-5377-4886-a4e8-6fe45d0af45e@group-A1165329A1F1, cid=793, SUCCESS, logIndex=1016, commits[4234af2c-5377-4886-a4e8-6fe45d0af45e:c1016, cef72988-acf5-49ad-9ec7-695a80e7a66d:c1014, d677508c-6db9-4741-b51c-49af5e4cf22f:c1014]
2019-09-08 07:07:21,880 [grpc-default-executor-6] INFO  client.GrpcClientProtocolClient (GrpcClientProtocolClient.java:onNext(264)) - client-119D756B1005->4234af2c-5377-4886-a4e8-6fe45d0af45e: receive RaftClientReply:client-119D756B1005->4234af2c-5377-4886-a4e8-6fe45d0af45e@group-A1165329A1F1, cid=794, SUCCESS, logIndex=1019, commits[4234af2c-5377-4886-a4e8-6fe45d0af45e:c1020, cef72988-acf5-49ad-9ec7-695a80e7a66d:c1018, d677508c-6db9-4741-b51c-49af5e4cf22f:c1018]
2019-09-08 07:07:21,880 [grpc-default-executor-6] INFO  client.GrpcClientProtocolClient (GrpcClientProtocolClient.java:onNext(264)) - client-119D756B1005->4234af2c-5377-4886-a4e8-6fe45d0af45e: receive RaftClientReply:client-119D756B1005->4234af2c-5377-4886-a4e8-6fe45d0af45e@group-A1165329A1F1, cid=795, SUCCESS, logIndex=1020, commits[4234af2c-5377-4886-a4e8-6fe45d0af45e:c1020, cef72988-acf5-49ad-9ec7-695a80e7a66d:c1018, d677508c-6db9-4741-b51c-49af5e4cf22f:c1018]
2019-09-08 07:07:21,893 [grpc-default-executor-6] INFO  client.GrpcClientProtocolClient (GrpcClientProtocolClient.java:onNext(264)) - client-119D756B1005->4234af2c-5377-4886-a4e8-6fe45d0af45e: receive RaftClientReply:client-119D756B1005->4234af2c-5377-4886-a4e8-6fe45d0af45e@group-A1165329A1F1, cid=796, SUCCESS, logIndex=0, commits[4234af2c-5377-4886-a4e8-6fe45d0af45e:c1022, cef72988-acf5-49ad-9ec7-695a80e7a66d:c1020, d677508c-6db9-4741-b51c-49af5e4cf22f:c1020]
2019-09-08 07:07:21,905 [grpc-default-executor-6] INFO  client.GrpcClientProtocolClient (GrpcClientProtocolClient.java:onNext(264)) - client-119D756B1005->4234af2c-5377-4886-a4e8-6fe45d0af45e: receive RaftClientReply:client-119D756B1005->4234af2c-5377-4886-a4e8-6fe45d0af45e@group-A1165329A1F1, cid=797, SUCCESS, logIndex=1023, commits[4234af2c-5377-4886-a4e8-6fe45d0af45e:c1023, cef72988-acf5-49ad-9ec7-695a80e7a66d:c1022, d677508c-6db9-4741-b51c-49af5e4cf22f:c1020]
2019-09-08 07:07:21,906 [grpc-default-executor-6] INFO  client.GrpcClientProtocolClient (GrpcClientProtocolClient.java:onNext(264)) - client-119D756B1005->4234af2c-5377-4886-a4e8-6fe45d0af45e: receive RaftClientReply:client-119D756B1005->4234af2c-5377-4886-a4e8-6fe45d0af45e@group-A1165329A1F1, cid=798, SUCCESS, logIndex=1024, commits[4234af2c-5377-4886-a4e8-6fe45d0af45e:c1024, cef72988-acf5-49ad-9ec7-695a80e7a66d:c1022, d677508c-6db9-4741-b51c-49af5e4cf22f:c1022]
2019-09-08 07:07:21,920 [grpc-default-executor-3] INFO  client.GrpcClientProtocolClient (GrpcClientProtocolClient.java:onNext(264)) - client-119D756B1005->4234af2c-5377-4886-a4e8-6fe45d0af45e: receive RaftClientReply:client-119D756B1005->4234af2c-5377-4886-a4e8-6fe45d0af45e@group-A1165329A1F1, cid=799, SUCCESS, logIndex=1025, commits[4234af2c-5377-4886-a4e8-6fe45d0af45e:c1027, cef72988-acf5-49ad-9ec7-695a80e7a66d:c1023, d677508c-6db9-4741-b51c-49af5e4cf22f:c1022]
2019-09-08 07:07:21,921 [grpc-default-executor-6] INFO  client.GrpcClientProtocolClient (GrpcClientProtocolClient.java:onNext(264)) - client-119D756B1005->4234af2c-5377-4886-a4e8-6fe45d0af45e: receive RaftClientReply:client-119D756B1005->4234af2c-5377-4886-a4e8-6fe45d0af45e@group-A1165329A1F1, cid=800, SUCCESS, logIndex=1026, commits[4234af2c-5377-4886-a4e8-6fe45d0af45e:c1027, cef72988-acf5-49ad-9ec7-695a80e7a66d:c1023, d677508c-6db9-4741-b51c-49af5e4cf22f:c1022]
2019-09-08 07:07:21,922 [grpc-default-executor-6] INFO  client.GrpcClientProtocolClient (GrpcClientProtocolClient.java:onNext(264)) - client-119D756B1005->4234af2c-5377-4886-a4e8-6fe45d0af45e: receive RaftClientReply:client-119D756B1005->4234af2c-5377-4886-a4e8-6fe45d0af45e@group-A1165329A1F1, cid=801, SUCCESS, logIndex=0, commits[4234af2c-5377-4886-a4e8-6fe45d0af45e:c1029, cef72988-acf5-49ad-9ec7-695a80e7a66d:c1026, d677508c-6db9-4741-b51c-49af5e4cf22f:c1026]
2019-09-08 07:07:21,936 [grpc-default-executor-3] INFO  client.GrpcClientProtocolClient (GrpcClientProtocolClient.java:onNext(264)) - client-119D756B1005->4234af2c-5377-4886-a4e8-6fe45d0af45e: receive RaftClientReply:client-119D756B1005->4234af2c-5377-4886-a4e8-6fe45d0af45e@group-A1165329A1F1, cid=802, SUCCESS, logIndex=1031, commits[4234af2c-5377-4886-a4e8-6fe45d0af45e:c1032, cef72988-acf5-49ad-9ec7-695a80e7a66d:c1029, d677508c-6db9-4741-b51c-49af5e4cf22f:c1029]
2019-09-08 07:07:21,936 [grpc-default-executor-3] INFO  client.GrpcClientProtocolClient (GrpcClientProtocolClient.java:onNext(264)) - client-119D756B1005->4234af2c-5377-4886-a4e8-6fe45d0af45e: receive RaftClientReply:client-119D756B1005->4234af2c-5377-4886-a4e8-6fe45d0af45e@group-A1165329A1F1, cid=803, SUCCESS, logIndex=1032, commits[4234af2c-5377-4886-a4e8-6fe45d0af45e:c1032, cef72988-acf5-49ad-9ec7-695a80e7a66d:c1029, d677508c-6db9-4741-b51c-49af5e4cf22f:c1029]
2019-09-08 07:07:21,981 [grpc-default-executor-4] INFO  client.GrpcClientProtocolClient (GrpcClientProtocolClient.java:onNext(264)) - client-119D756B1005->4234af2c-5377-4886-a4e8-6fe45d0af45e: receive RaftClientReply:client-119D756B1005->4234af2c-5377-4886-a4e8-6fe45d0af45e@group-A1165329A1F1, cid=804, SUCCESS, logIndex=1035, commits[4234af2c-5377-4886-a4e8-6fe45d0af45e:c1036, cef72988-acf5-49ad-9ec7-695a80e7a66d:c1034, d677508c-6db9-4741-b51c-49af5e4cf22f:c1034]
2019-09-08 07:07:21,981 [grpc-default-executor-4] INFO  client.GrpcClientProtocolClient (GrpcClientProtocolClient.java:onNext(264)) - client-119D756B1005->4234af2c-5377-4886-a4e8-6fe45d0af45e: receive RaftClientReply:client-119D756B1005->4234af2c-5377-4886-a4e8-6fe45d0af45e@group-A1165329A1F1, cid=805, SUCCESS, logIndex=1036, commits[4234af2c-5377-4886-a4e8-6fe45d0af45e:c1036, cef72988-acf5-49ad-9ec7-695a80e7a66d:c1034, d677508c-6db9-4741-b51c-49af5e4cf22f:c1034]
2019-09-08 07:07:21,982 [grpc-default-executor-6] INFO  client.GrpcClientProtocolClient (GrpcClientProtocolClient.java:onNext(264)) - client-119D756B1005->4234af2c-5377-4886-a4e8-6fe45d0af45e: receive RaftClientReply:client-119D756B1005->4234af2c-5377-4886-a4e8-6fe45d0af45e@group-A1165329A1F1, cid=806, SUCCESS, logIndex=0, commits[4234af2c-5377-4886-a4e8-6fe45d0af45e:c1037, cef72988-acf5-49ad-9ec7-695a80e7a66d:c1036, d677508c-6db9-4741-b51c-49af5e4cf22f:c1036]
2019-09-08 07:07:21,995 [grpc-default-executor-0] INFO  client.GrpcClientProtocolClient (GrpcClientProtocolClient.java:onNext(264)) - client-119D756B1005->4234af2c-5377-4886-a4e8-6fe45d0af45e: receive RaftClientReply:client-119D756B1005->4234af2c-5377-4886-a4e8-6fe45d0af45e@group-A1165329A1F1, cid=807, SUCCESS, logIndex=1038, commits[4234af2c-5377-4886-a4e8-6fe45d0af45e:c1039, cef72988-acf5-49ad-9ec7-695a80e7a66d:c1036, d677508c-6db9-4741-b51c-49af5e4cf22f:c1037]
2019-09-08 07:07:21,996 [grpc-default-executor-0] INFO  client.GrpcClientProtocolClient (GrpcClientProtocolClient.java:onNext(264)) - client-119D756B1005->4234af2c-5377-4886-a4e8-6fe45d0af45e: receive RaftClientReply:client-119D756B1005->4234af2c-5377-4886-a4e8-6fe45d0af45e@group-A1165329A1F1, cid=808, SUCCESS, logIndex=1039, commits[4234af2c-5377-4886-a4e8-6fe45d0af45e:c1039, cef72988-acf5-49ad-9ec7-695a80e7a66d:c1036, d677508c-6db9-4741-b51c-49af5e4cf22f:c1037]
2019-09-08 07:07:21,998 [grpc-default-executor-3] INFO  client.GrpcClientProtocolClient (GrpcClientProtocolClient.java:onNext(264)) - client-119D756B1005->4234af2c-5377-4886-a4e8-6fe45d0af45e: receive RaftClientReply:client-119D756B1005->4234af2c-5377-4886-a4e8-6fe45d0af45e@group-A1165329A1F1, cid=809, SUCCESS, logIndex=1040, commits[4234af2c-5377-4886-a4e8-6fe45d0af45e:c1041, cef72988-acf5-49ad-9ec7-695a80e7a66d:c1037, d677508c-6db9-4741-b51c-49af5e4cf22f:c1037]
2019-09-08 07:07:21,999 [grpc-default-executor-3] INFO  client.GrpcClientProtocolClient (GrpcClientProtocolClient.java:onNext(264)) - client-119D756B1005->4234af2c-5377-4886-a4e8-6fe45d0af45e: receive RaftClientReply:client-119D756B1005->4234af2c-5377-4886-a4e8-6fe45d0af45e@group-A1165329A1F1, cid=810, SUCCESS, logIndex=1041, commits[4234af2c-5377-4886-a4e8-6fe45d0af45e:c1041, cef72988-acf5-49ad-9ec7-695a80e7a66d:c1037, d677508c-6db9-4741-b51c-49af5e4cf22f:c1037]
2019-09-08 07:07:22,010 [grpc-default-executor-3] INFO  client.GrpcClientProtocolClient (GrpcClientProtocolClient.java:onNext(264)) - client-119D756B1005->4234af2c-5377-4886-a4e8-6fe45d0af45e: receive RaftClientReply:client-119D756B1005->4234af2c-5377-4886-a4e8-6fe45d0af45e@group-A1165329A1F1, cid=811, SUCCESS, logIndex=0, commits[4234af2c-5377-4886-a4e8-6fe45d0af45e:c1043, cef72988-acf5-49ad-9ec7-695a80e7a66d:c1039, d677508c-6db9-4741-b51c-49af5e4cf22f:c1039]
2019-09-08 07:07:22,026 [grpc-default-executor-3] INFO  client.GrpcClientProtocolClient (GrpcClientProtocolClient.java:onNext(264)) - client-119D756B1005->4234af2c-5377-4886-a4e8-6fe45d0af45e: receive RaftClientReply:client-119D756B1005->4234af2c-5377-4886-a4e8-6fe45d0af45e@group-A1165329A1F1, cid=812, SUCCESS, logIndex=1046, commits[4234af2c-5377-4886-a4e8-6fe45d0af45e:c1047, cef72988-acf5-49ad-9ec7-695a80e7a66d:c1045, d677508c-6db9-4741-b51c-49af5e4cf22f:c1045]
2019-09-08 07:07:22,026 [grpc-default-executor-3] INFO  client.GrpcClientProtocolClient (GrpcClientProtocolClient.java:onNext(264)) - client-119D756B1005->4234af2c-5377-4886-a4e8-6fe45d0af45e: receive RaftClientReply:client-119D756B1005->4234af2c-5377-4886-a4e8-6fe45d0af45e@group-A1165329A1F1, cid=813, SUCCESS, logIndex=1047, commits[4234af2c-5377-4886-a4e8-6fe45d0af45e:c1047, cef72988-acf5-49ad-9ec7-695a80e7a66d:c1045, d677508c-6db9-4741-b51c-49af5e4cf22f:c1045]
2019-09-08 07:07:22,043 [grpc-default-executor-0] INFO  client.GrpcClientProtocolClient (GrpcClientProtocolClient.java:onNext(264)) - client-119D756B1005->4234af2c-5377-4886-a4e8-6fe45d0af45e: receive RaftClientReply:client-119D756B1005->4234af2c-5377-4886-a4e8-6fe45d0af45e@group-A1165329A1F1, cid=814, SUCCESS, logIndex=1050, commits[4234af2c-5377-4886-a4e8-6fe45d0af45e:c1051, cef72988-acf5-49ad-9ec7-695a80e7a66d:c1048, d677508c-6db9-4741-b51c-49af5e4cf22f:c1048]
2019-09-08 07:07:22,044 [grpc-default-executor-0] INFO  client.GrpcClientProtocolClient (GrpcClientProtocolClient.java:onNext(264)) - client-119D756B1005->4234af2c-5377-4886-a4e8-6fe45d0af45e: receive RaftClientReply:client-119D756B1005->4234af2c-5377-4886-a4e8-6fe45d0af45e@group-A1165329A1F1, cid=815, SUCCESS, logIndex=1051, commits[4234af2c-5377-4886-a4e8-6fe45d0af45e:c1051, cef72988-acf5-49ad-9ec7-695a80e7a66d:c1048, d677508c-6db9-4741-b51c-49af5e4cf22f:c1048]
2019-09-08 07:07:22,046 [grpc-default-executor-0] INFO  client.GrpcClientProtocolClient (GrpcClientProtocolClient.java:onNext(264)) - client-119D756B1005->4234af2c-5377-4886-a4e8-6fe45d0af45e: receive RaftClientReply:client-119D756B1005->4234af2c-5377-4886-a4e8-6fe45d0af45e@group-A1165329A1F1, cid=816, SUCCESS, logIndex=0, commits[4234af2c-5377-4886-a4e8-6fe45d0af45e:c1053, cef72988-acf5-49ad-9ec7-695a80e7a66d:c1051, d677508c-6db9-4741-b51c-49af5e4cf22f:c1051]
2019-09-08 07:07:22,058 [grpc-default-executor-6] INFO  client.GrpcClientProtocolClient (GrpcClientProtocolClient.java:onNext(264)) - client-119D756B1005->4234af2c-5377-4886-a4e8-6fe45d0af45e: receive RaftClientReply:client-119D756B1005->4234af2c-5377-4886-a4e8-6fe45d0af45e@group-A1165329A1F1, cid=817, SUCCESS, logIndex=1054, commits[4234af2c-5377-4886-a4e8-6fe45d0af45e:c1055, cef72988-acf5-49ad-9ec7-695a80e7a66d:c1053, d677508c-6db9-4741-b51c-49af5e4cf22f:c1051]
2019-09-08 07:07:22,058 [grpc-default-executor-6] INFO  client.GrpcClientProtocolClient (GrpcClientProtocolClient.java:onNext(264)) - client-119D756B1005->4234af2c-5377-4886-a4e8-6fe45d0af45e: receive RaftClientReply:client-119D756B1005->4234af2c-5377-4886-a4e8-6fe45d0af45e@group-A1165329A1F1, cid=818, SUCCESS, logIndex=1055, commits[4234af2c-5377-4886-a4e8-6fe45d0af45e:c1055, cef72988-acf5-49ad-9ec7-695a80e7a66d:c1053, d677508c-6db9-4741-b51c-49af5e4cf22f:c1051]
2019-09-08 07:07:22,059 [grpc-default-executor-3] INFO  client.GrpcClientProtocolClient (GrpcClientProtocolClient.java:onNext(264)) - client-119D756B1005->4234af2c-5377-4886-a4e8-6fe45d0af45e: receive RaftClientReply:client-119D756B1005->4234af2c-5377-4886-a4e8-6fe45d0af45e@group-A1165329A1F1, cid=819, SUCCESS, logIndex=1056, commits[4234af2c-5377-4886-a4e8-6fe45d0af45e:c1057, cef72988-acf5-49ad-9ec7-695a80e7a66d:c1053, d677508c-6db9-4741-b51c-49af5e4cf22f:c1053]
2019-09-08 07:07:22,059 [grpc-default-executor-3] INFO  client.GrpcClientProtocolClient (GrpcClientProtocolClient.java:onNext(264)) - client-119D756B1005->4234af2c-5377-4886-a4e8-6fe45d0af45e: receive RaftClientReply:client-119D756B1005->4234af2c-5377-4886-a4e8-6fe45d0af45e@group-A1165329A1F1, cid=820, SUCCESS, logIndex=1057, commits[4234af2c-5377-4886-a4e8-6fe45d0af45e:c1057, cef72988-acf5-49ad-9ec7-695a80e7a66d:c1053, d677508c-6db9-4741-b51c-49af5e4cf22f:c1053]
2019-09-08 07:07:22,061 [grpc-default-executor-6] INFO  client.GrpcClientProtocolClient (GrpcClientProtocolClient.java:onNext(264)) - client-119D756B1005->4234af2c-5377-4886-a4e8-6fe45d0af45e: receive RaftClientReply:client-119D756B1005->4234af2c-5377-4886-a4e8-6fe45d0af45e@group-A1165329A1F1, cid=821, SUCCESS, logIndex=0, commits[4234af2c-5377-4886-a4e8-6fe45d0af45e:c1059, cef72988-acf5-49ad-9ec7-695a80e7a66d:c1055, d677508c-6db9-4741-b51c-49af5e4cf22f:c1055]
2019-09-08 07:07:22,078 [grpc-default-executor-0] INFO  client.GrpcClientProtocolClient (GrpcClientProtocolClient.java:onNext(264)) - client-119D756B1005->4234af2c-5377-4886-a4e8-6fe45d0af45e: receive RaftClientReply:client-119D756B1005->4234af2c-5377-4886-a4e8-6fe45d0af45e@group-A1165329A1F1, cid=822, SUCCESS, logIndex=1062, commits[4234af2c-5377-4886-a4e8-6fe45d0af45e:c1063, cef72988-acf5-49ad-9ec7-695a80e7a66d:c1061, d677508c-6db9-4741-b51c-49af5e4cf22f:c1061]
2019-09-08 07:07:22,078 [grpc-default-executor-0] INFO  client.GrpcClientProtocolClient (GrpcClientProtocolClient.java:onNext(264)) - client-119D756B1005->4234af2c-5377-4886-a4e8-6fe45d0af45e: receive RaftClientReply:client-119D756B1005->4234af2c-5377-4886-a4e8-6fe45d0af45e@group-A1165329A1F1, cid=823, SUCCESS, logIndex=1063, commits[4234af2c-5377-4886-a4e8-6fe45d0af45e:c1063, cef72988-acf5-49ad-9ec7-695a80e7a66d:c1061, d677508c-6db9-4741-b51c-49af5e4cf22f:c1061]
2019-09-08 07:07:22,092 [grpc-default-executor-3] INFO  client.GrpcClientProtocolClient (GrpcClientProtocolClient.java:onNext(264)) - client-119D756B1005->4234af2c-5377-4886-a4e8-6fe45d0af45e: receive RaftClientReply:client-119D756B1005->4234af2c-5377-4886-a4e8-6fe45d0af45e@group-A1165329A1F1, cid=824, SUCCESS, logIndex=1066, commits[4234af2c-5377-4886-a4e8-6fe45d0af45e:c1067, cef72988-acf5-49ad-9ec7-695a80e7a66d:c1063, d677508c-6db9-4741-b51c-49af5e4cf22f:c1063]
2019-09-08 07:07:22,092 [grpc-default-executor-3] INFO  client.GrpcClientProtocolClient (GrpcClientProtocolClient.java:onNext(264)) - client-119D756B1005->4234af2c-5377-4886-a4e8-6fe45d0af45e: receive RaftClientReply:client-119D756B1005->4234af2c-5377-4886-a4e8-6fe45d0af45e@group-A1165329A1F1, cid=825, SUCCESS, logIndex=1067, commits[4234af2c-5377-4886-a4e8-6fe45d0af45e:c1067, cef72988-acf5-49ad-9ec7-695a80e7a66d:c1063, d677508c-6db9-4741-b51c-49af5e4cf22f:c1063]
2019-09-08 07:07:22,093 [grpc-default-executor-0] INFO  client.GrpcClientProtocolClient (GrpcClientProtocolClient.java:onNext(264)) - client-119D756B1005->4234af2c-5377-4886-a4e8-6fe45d0af45e: receive RaftClientReply:client-119D756B1005->4234af2c-5377-4886-a4e8-6fe45d0af45e@group-A1165329A1F1, cid=826, SUCCESS, logIndex=0, commits[4234af2c-5377-4886-a4e8-6fe45d0af45e:c1068, cef72988-acf5-49ad-9ec7-695a80e7a66d:c1067, d677508c-6db9-4741-b51c-49af5e4cf22f:c1067]
2019-09-08 07:07:22,106 [grpc-default-executor-6] INFO  client.GrpcClientProtocolClient (GrpcClientProtocolClient.java:onNext(264)) - client-119D756B1005->4234af2c-5377-4886-a4e8-6fe45d0af45e: receive RaftClientReply:client-119D756B1005->4234af2c-5377-4886-a4e8-6fe45d0af45e@group-A1165329A1F1, cid=827, SUCCESS, logIndex=1070, commits[4234af2c-5377-4886-a4e8-6fe45d0af45e:c1071, cef72988-acf5-49ad-9ec7-695a80e7a66d:c1069, d677508c-6db9-4741-b51c-49af5e4cf22f:c1069]
2019-09-08 07:07:22,107 [grpc-default-executor-0] INFO  client.GrpcClientProtocolClient (GrpcClientProtocolClient.java:onNext(264)) - client-119D756B1005->4234af2c-5377-4886-a4e8-6fe45d0af45e: receive RaftClientReply:client-119D756B1005->4234af2c-5377-4886-a4e8-6fe45d0af45e@group-A1165329A1F1, cid=828, SUCCESS, logIndex=1071, commits[4234af2c-5377-4886-a4e8-6fe45d0af45e:c1071, cef72988-acf5-49ad-9ec7-695a80e7a66d:c1069, d677508c-6db9-4741-b51c-49af5e4cf22f:c1069]
2019-09-08 07:07:22,107 [grpc-default-executor-0] INFO  client.GrpcClientProtocolClient (GrpcClientProtocolClient.java:onNext(264)) - client-119D756B1005->4234af2c-5377-4886-a4e8-6fe45d0af45e: receive RaftClientReply:client-119D756B1005->4234af2c-5377-4886-a4e8-6fe45d0af45e@group-A1165329A1F1, cid=829, SUCCESS, logIndex=1072, commits[4234af2c-5377-4886-a4e8-6fe45d0af45e:c1072, cef72988-acf5-49ad-9ec7-695a80e7a66d:c1069, d677508c-6db9-4741-b51c-49af5e4cf22f:c1069]
2019-09-08 07:07:22,108 [grpc-default-executor-0] INFO  client.GrpcClientProtocolClient (GrpcClientProtocolClient.java:onNext(264)) - client-119D756B1005->4234af2c-5377-4886-a4e8-6fe45d0af45e: receive RaftClientReply:client-119D756B1005->4234af2c-5377-4886-a4e8-6fe45d0af45e@group-A1165329A1F1, cid=830, SUCCESS, logIndex=1073, commits[4234af2c-5377-4886-a4e8-6fe45d0af45e:c1073, cef72988-acf5-49ad-9ec7-695a80e7a66d:c1069, d677508c-6db9-4741-b51c-49af5e4cf22f:c1069]
2019-09-08 07:07:22,109 [grpc-default-executor-0] INFO  client.GrpcClientProtocolClient (GrpcClientProtocolClient.java:onNext(264)) - client-119D756B1005->4234af2c-5377-4886-a4e8-6fe45d0af45e: receive RaftClientReply:client-119D756B1005->4234af2c-5377-4886-a4e8-6fe45d0af45e@group-A1165329A1F1, cid=831, SUCCESS, logIndex=0, commits[4234af2c-5377-4886-a4e8-6fe45d0af45e:c1075, cef72988-acf5-49ad-9ec7-695a80e7a66d:c1071, d677508c-6db9-4741-b51c-49af5e4cf22f:c1071]
2019-09-08 07:07:22,120 [grpc-default-executor-0] INFO  client.GrpcClientProtocolClient (GrpcClientProtocolClient.java:onNext(264)) - client-119D756B1005->4234af2c-5377-4886-a4e8-6fe45d0af45e: receive RaftClientReply:client-119D756B1005->4234af2c-5377-4886-a4e8-6fe45d0af45e@group-A1165329A1F1, cid=832, SUCCESS, logIndex=1078, commits[4234af2c-5377-4886-a4e8-6fe45d0af45e:c1079, cef72988-acf5-49ad-9ec7-695a80e7a66d:c1077, d677508c-6db9-4741-b51c-49af5e4cf22f:c1077]
2019-09-08 07:07:22,120 [grpc-default-executor-0] INFO  client.GrpcClientProtocolClient (GrpcClientProtocolClient.java:onNext(264)) - client-119D756B1005->4234af2c-5377-4886-a4e8-6fe45d0af45e: receive RaftClientReply:client-119D756B1005->4234af2c-5377-4886-a4e8-6fe45d0af45e@group-A1165329A1F1, cid=833, SUCCESS, logIndex=1079, commits[4234af2c-5377-4886-a4e8-6fe45d0af45e:c1079, cef72988-acf5-49ad-9ec7-695a80e7a66d:c1077, d677508c-6db9-4741-b51c-49af5e4cf22f:c1077]
2019-09-08 07:07:22,133 [grpc-default-executor-4] INFO  client.GrpcClientProtocolClient (GrpcClientProtocolClient.java:onNext(264)) - client-119D756B1005->4234af2c-5377-4886-a4e8-6fe45d0af45e: receive RaftClientReply:client-119D756B1005->4234af2c-5377-4886-a4e8-6fe45d0af45e@group-A1165329A1F1, cid=834, SUCCESS, logIndex=1082, commits[4234af2c-5377-4886-a4e8-6fe45d0af45e:c1083, cef72988-acf5-49ad-9ec7-695a80e7a66d:c1079, d677508c-6db9-4741-b51c-49af5e4cf22f:c1079]
2019-09-08 07:07:22,134 [grpc-default-executor-4] INFO  client.GrpcClientProtocolClient (GrpcClientProtocolClient.java:onNext(264)) - client-119D756B1005->4234af2c-5377-4886-a4e8-6fe45d0af45e: receive RaftClientReply:client-119D756B1005->4234af2c-5377-4886-a4e8-6fe45d0af45e@group-A1165329A1F1, cid=835, SUCCESS, logIndex=1083, commits[4234af2c-5377-4886-a4e8-6fe45d0af45e:c1083, cef72988-acf5-49ad-9ec7-695a80e7a66d:c1079, d677508c-6db9-4741-b51c-49af5e4cf22f:c1079]
2019-09-08 07:07:22,147 [grpc-default-executor-0] INFO  client.GrpcClientProtocolClient (GrpcClientProtocolClient.java:onNext(264)) - client-119D756B1005->4234af2c-5377-4886-a4e8-6fe45d0af45e: receive RaftClientReply:client-119D756B1005->4234af2c-5377-4886-a4e8-6fe45d0af45e@group-A1165329A1F1, cid=836, SUCCESS, logIndex=0, commits[4234af2c-5377-4886-a4e8-6fe45d0af45e:c1085, cef72988-acf5-49ad-9ec7-695a80e7a66d:c1083, d677508c-6db9-4741-b51c-49af5e4cf22f:c1083]
2019-09-08 07:07:22,160 [grpc-default-executor-4] INFO  client.GrpcClientProtocolClient (GrpcClientProtocolClient.java:onNext(264)) - client-119D756B1005->4234af2c-5377-4886-a4e8-6fe45d0af45e: receive RaftClientReply:client-119D756B1005->4234af2c-5377-4886-a4e8-6fe45d0af45e@group-A1165329A1F1, cid=837, SUCCESS, logIndex=1086, commits[4234af2c-5377-4886-a4e8-6fe45d0af45e:c1087, cef72988-acf5-49ad-9ec7-695a80e7a66d:c1085, d677508c-6db9-4741-b51c-49af5e4cf22f:c1085]
2019-09-08 07:07:22,160 [grpc-default-executor-4] INFO  client.GrpcClientProtocolClient (GrpcClientProtocolClient.java:onNext(264)) - client-119D756B1005->4234af2c-5377-4886-a4e8-6fe45d0af45e: receive RaftClientReply:client-119D756B1005->4234af2c-5377-4886-a4e8-6fe45d0af45e@group-A1165329A1F1, cid=838, SUCCESS, logIndex=1087, commits[4234af2c-5377-4886-a4e8-6fe45d0af45e:c1087, cef72988-acf5-49ad-9ec7-695a80e7a66d:c1085, d677508c-6db9-4741-b51c-49af5e4cf22f:c1085]
2019-09-08 07:07:22,162 [grpc-default-executor-3] INFO  client.GrpcClientProtocolClient (GrpcClientProtocolClient.java:onNext(264)) - client-119D756B1005->4234af2c-5377-4886-a4e8-6fe45d0af45e: receive RaftClientReply:client-119D756B1005->4234af2c-5377-4886-a4e8-6fe45d0af45e@group-A1165329A1F1, cid=839, SUCCESS, logIndex=1088, commits[4234af2c-5377-4886-a4e8-6fe45d0af45e:c1089, cef72988-acf5-49ad-9ec7-695a80e7a66d:c1085, d677508c-6db9-4741-b51c-49af5e4cf22f:c1085]
2019-09-08 07:07:22,163 [grpc-default-executor-3] INFO  client.GrpcClientProtocolClient (GrpcClientProtocolClient.java:onNext(264)) - client-119D756B1005->4234af2c-5377-4886-a4e8-6fe45d0af45e: receive RaftClientReply:client-119D756B1005->4234af2c-5377-4886-a4e8-6fe45d0af45e@group-A1165329A1F1, cid=840, SUCCESS, logIndex=1089, commits[4234af2c-5377-4886-a4e8-6fe45d0af45e:c1089, cef72988-acf5-49ad-9ec7-695a80e7a66d:c1085, d677508c-6db9-4741-b51c-49af5e4cf22f:c1085]
2019-09-08 07:07:22,163 [grpc-default-executor-3] INFO  client.GrpcClientProtocolClient (GrpcClientProtocolClient.java:onNext(264)) - client-119D756B1005->4234af2c-5377-4886-a4e8-6fe45d0af45e: receive RaftClientReply:client-119D756B1005->4234af2c-5377-4886-a4e8-6fe45d0af45e@group-A1165329A1F1, cid=841, SUCCESS, logIndex=0, commits[4234af2c-5377-4886-a4e8-6fe45d0af45e:c1091, cef72988-acf5-49ad-9ec7-695a80e7a66d:c1087, d677508c-6db9-4741-b51c-49af5e4cf22f:c1087]
2019-09-08 07:07:22,177 [grpc-default-executor-3] INFO  client.GrpcClientProtocolClient (GrpcClientProtocolClient.java:onNext(264)) - client-119D756B1005->4234af2c-5377-4886-a4e8-6fe45d0af45e: receive RaftClientReply:client-119D756B1005->4234af2c-5377-4886-a4e8-6fe45d0af45e@group-A1165329A1F1, cid=842, SUCCESS, logIndex=1094, commits[4234af2c-5377-4886-a4e8-6fe45d0af45e:c1095, cef72988-acf5-49ad-9ec7-695a80e7a66d:c1093, d677508c-6db9-4741-b51c-49af5e4cf22f:c1093]
2019-09-08 07:07:22,177 [grpc-default-executor-3] INFO  client.GrpcClientProtocolClient (GrpcClientProtocolClient.java:onNext(264)) - client-119D756B1005->4234af2c-5377-4886-a4e8-6fe45d0af45e: receive RaftClientReply:client-119D756B1005->4234af2c-5377-4886-a4e8-6fe45d0af45e@group-A1165329A1F1, cid=843, SUCCESS, logIndex=1095, commits[4234af2c-5377-4886-a4e8-6fe45d0af45e:c1095, cef72988-acf5-49ad-9ec7-695a80e7a66d:c1093, d677508c-6db9-4741-b51c-49af5e4cf22f:c1093]
 0.00% |█                                                                                                    |  0/1 Time: 0:00:032019-09-08 07:07:22,293 [grpc-default-executor-3] INFO  client.GrpcClientProtocolClient (GrpcClientProtocolClient.java:onNext(264)) - client-119D756B1005->4234af2c-5377-4886-a4e8-6fe45d0af45e: receive RaftClientReply:client-119D756B1005->4234af2c-5377-4886-a4e8-6fe45d0af45e@group-A1165329A1F1, cid=844, SUCCESS, logIndex=1098, commits[4234af2c-5377-4886-a4e8-6fe45d0af45e:c1099, cef72988-acf5-49ad-9ec7-695a80e7a66d:c1097, d677508c-6db9-4741-b51c-49af5e4cf22f:c1097]
2019-09-08 07:07:22,294 [grpc-default-executor-3] INFO  client.GrpcClientProtocolClient (GrpcClientProtocolClient.java:onNext(264)) - client-119D756B1005->4234af2c-5377-4886-a4e8-6fe45d0af45e: receive RaftClientReply:client-119D756B1005->4234af2c-5377-4886-a4e8-6fe45d0af45e@group-A1165329A1F1, cid=845, SUCCESS, logIndex=1099, commits[4234af2c-5377-4886-a4e8-6fe45d0af45e:c1099, cef72988-acf5-49ad-9ec7-695a80e7a66d:c1097, d677508c-6db9-4741-b51c-49af5e4cf22f:c1097]
2019-09-08 07:07:22,298 [grpc-default-executor-3] INFO  client.GrpcClientProtocolClient (GrpcClientProtocolClient.java:onNext(264)) - client-119D756B1005->4234af2c-5377-4886-a4e8-6fe45d0af45e: receive RaftClientReply:client-119D756B1005->4234af2c-5377-4886-a4e8-6fe45d0af45e@group-A1165329A1F1, cid=846, SUCCESS, logIndex=0, commits[4234af2c-5377-4886-a4e8-6fe45d0af45e:c1100, cef72988-acf5-49ad-9ec7-695a80e7a66d:c1099, d677508c-6db9-4741-b51c-49af5e4cf22f:c1099]
2019-09-08 07:07:22,312 [grpc-default-executor-3] INFO  client.GrpcClientProtocolClient (GrpcClientProtocolClient.java:onNext(264)) - client-119D756B1005->4234af2c-5377-4886-a4e8-6fe45d0af45e: receive RaftClientReply:client-119D756B1005->4234af2c-5377-4886-a4e8-6fe45d0af45e@group-A1165329A1F1, cid=847, SUCCESS, logIndex=1102, commits[4234af2c-5377-4886-a4e8-6fe45d0af45e:c1103, cef72988-acf5-49ad-9ec7-695a80e7a66d:c1101, d677508c-6db9-4741-b51c-49af5e4cf22f:c1099]
2019-09-08 07:07:22,313 [grpc-default-executor-3] INFO  client.GrpcClientProtocolClient (GrpcClientProtocolClient.java:onNext(264)) - client-119D756B1005->4234af2c-5377-4886-a4e8-6fe45d0af45e: receive RaftClientReply:client-119D756B1005->4234af2c-5377-4886-a4e8-6fe45d0af45e@group-A1165329A1F1, cid=848, SUCCESS, logIndex=1103, commits[4234af2c-5377-4886-a4e8-6fe45d0af45e:c1103, cef72988-acf5-49ad-9ec7-695a80e7a66d:c1101, d677508c-6db9-4741-b51c-49af5e4cf22f:c1099]
2019-09-08 07:07:22,315 [grpc-default-executor-0] INFO  client.GrpcClientProtocolClient (GrpcClientProtocolClient.java:onNext(264)) - client-119D756B1005->4234af2c-5377-4886-a4e8-6fe45d0af45e: receive RaftClientReply:client-119D756B1005->4234af2c-5377-4886-a4e8-6fe45d0af45e@group-A1165329A1F1, cid=849, SUCCESS, logIndex=1104, commits[4234af2c-5377-4886-a4e8-6fe45d0af45e:c1105, cef72988-acf5-49ad-9ec7-695a80e7a66d:c1103, d677508c-6db9-4741-b51c-49af5e4cf22f:c1099]
2019-09-08 07:07:22,315 [grpc-default-executor-0] INFO  client.GrpcClientProtocolClient (GrpcClientProtocolClient.java:onNext(264)) - client-119D756B1005->4234af2c-5377-4886-a4e8-6fe45d0af45e: receive RaftClientReply:client-119D756B1005->4234af2c-5377-4886-a4e8-6fe45d0af45e@group-A1165329A1F1, cid=850, SUCCESS, logIndex=1105, commits[4234af2c-5377-4886-a4e8-6fe45d0af45e:c1107, cef72988-acf5-49ad-9ec7-695a80e7a66d:c1103, d677508c-6db9-4741-b51c-49af5e4cf22f:c1099]
2019-09-08 07:07:22,317 [grpc-default-executor-0] INFO  client.GrpcClientProtocolClient (GrpcClientProtocolClient.java:onNext(264)) - client-119D756B1005->4234af2c-5377-4886-a4e8-6fe45d0af45e: receive RaftClientReply:client-119D756B1005->4234af2c-5377-4886-a4e8-6fe45d0af45e@group-A1165329A1F1, cid=851, SUCCESS, logIndex=0, commits[4234af2c-5377-4886-a4e8-6fe45d0af45e:c1108, cef72988-acf5-49ad-9ec7-695a80e7a66d:c1104, d677508c-6db9-4741-b51c-49af5e4cf22f:c1103]
2019-09-08 07:07:22,329 [grpc-default-executor-0] INFO  client.GrpcClientProtocolClient (GrpcClientProtocolClient.java:onNext(264)) - client-119D756B1005->4234af2c-5377-4886-a4e8-6fe45d0af45e: receive RaftClientReply:client-119D756B1005->4234af2c-5377-4886-a4e8-6fe45d0af45e@group-A1165329A1F1, cid=852, SUCCESS, logIndex=1110, commits[4234af2c-5377-4886-a4e8-6fe45d0af45e:c1111, cef72988-acf5-49ad-9ec7-695a80e7a66d:c1109, d677508c-6db9-4741-b51c-49af5e4cf22f:c1109]
2019-09-08 07:07:22,329 [grpc-default-executor-0] INFO  client.GrpcClientProtocolClient (GrpcClientProtocolClient.java:onNext(264)) - client-119D756B1005->4234af2c-5377-4886-a4e8-6fe45d0af45e: receive RaftClientReply:client-119D756B1005->4234af2c-5377-4886-a4e8-6fe45d0af45e@group-A1165329A1F1, cid=853, SUCCESS, logIndex=1111, commits[4234af2c-5377-4886-a4e8-6fe45d0af45e:c1111, cef72988-acf5-49ad-9ec7-695a80e7a66d:c1109, d677508c-6db9-4741-b51c-49af5e4cf22f:c1109]
2019-09-08 07:07:22,344 [grpc-default-executor-0] INFO  client.GrpcClientProtocolClient (GrpcClientProtocolClient.java:onNext(264)) - client-119D756B1005->4234af2c-5377-4886-a4e8-6fe45d0af45e: receive RaftClientReply:client-119D756B1005->4234af2c-5377-4886-a4e8-6fe45d0af45e@group-A1165329A1F1, cid=854, SUCCESS, logIndex=1114, commits[4234af2c-5377-4886-a4e8-6fe45d0af45e:c1115, cef72988-acf5-49ad-9ec7-695a80e7a66d:c1113, d677508c-6db9-4741-b51c-49af5e4cf22f:c1111]
2019-09-08 07:07:22,344 [grpc-default-executor-0] INFO  client.GrpcClientProtocolClient (GrpcClientProtocolClient.java:onNext(264)) - client-119D756B1005->4234af2c-5377-4886-a4e8-6fe45d0af45e: receive RaftClientReply:client-119D756B1005->4234af2c-5377-4886-a4e8-6fe45d0af45e@group-A1165329A1F1, cid=855, SUCCESS, logIndex=1115, commits[4234af2c-5377-4886-a4e8-6fe45d0af45e:c1115, cef72988-acf5-49ad-9ec7-695a80e7a66d:c1113, d677508c-6db9-4741-b51c-49af5e4cf22f:c1111]
2019-09-08 07:07:22,349 [grpc-default-executor-0] INFO  client.GrpcClientProtocolClient (GrpcClientProtocolClient.java:onNext(264)) - client-119D756B1005->4234af2c-5377-4886-a4e8-6fe45d0af45e: receive RaftClientReply:client-119D756B1005->4234af2c-5377-4886-a4e8-6fe45d0af45e@group-A1165329A1F1, cid=856, SUCCESS, logIndex=0, commits[4234af2c-5377-4886-a4e8-6fe45d0af45e:c1116, cef72988-acf5-49ad-9ec7-695a80e7a66d:c1115, d677508c-6db9-4741-b51c-49af5e4cf22f:c1115]
2019-09-08 07:07:22,366 [grpc-default-executor-0] INFO  client.GrpcClientProtocolClient (GrpcClientProtocolClient.java:onNext(264)) - client-119D756B1005->4234af2c-5377-4886-a4e8-6fe45d0af45e: receive RaftClientReply:client-119D756B1005->4234af2c-5377-4886-a4e8-6fe45d0af45e@group-A1165329A1F1, cid=857, SUCCESS, logIndex=1118, commits[4234af2c-5377-4886-a4e8-6fe45d0af45e:c1121, cef72988-acf5-49ad-9ec7-695a80e7a66d:c1117, d677508c-6db9-4741-b51c-49af5e4cf22f:c1117]
2019-09-08 07:07:22,367 [grpc-default-executor-4] INFO  client.GrpcClientProtocolClient (GrpcClientProtocolClient.java:onNext(264)) - client-119D756B1005->4234af2c-5377-4886-a4e8-6fe45d0af45e: receive RaftClientReply:client-119D756B1005->4234af2c-5377-4886-a4e8-6fe45d0af45e@group-A1165329A1F1, cid=858, SUCCESS, logIndex=1119, commits[4234af2c-5377-4886-a4e8-6fe45d0af45e:c1121, cef72988-acf5-49ad-9ec7-695a80e7a66d:c1117, d677508c-6db9-4741-b51c-49af5e4cf22f:c1117]
2019-09-08 07:07:22,367 [grpc-default-executor-4] INFO  client.GrpcClientProtocolClient (GrpcClientProtocolClient.java:onNext(264)) - client-119D756B1005->4234af2c-5377-4886-a4e8-6fe45d0af45e: receive RaftClientReply:client-119D756B1005->4234af2c-5377-4886-a4e8-6fe45d0af45e@group-A1165329A1F1, cid=859, SUCCESS, logIndex=1120, commits[4234af2c-5377-4886-a4e8-6fe45d0af45e:c1121, cef72988-acf5-49ad-9ec7-695a80e7a66d:c1117, d677508c-6db9-4741-b51c-49af5e4cf22f:c1117]
2019-09-08 07:07:22,368 [grpc-default-executor-4] INFO  client.GrpcClientProtocolClient (GrpcClientProtocolClient.java:onNext(264)) - client-119D756B1005->4234af2c-5377-4886-a4e8-6fe45d0af45e: receive RaftClientReply:client-119D756B1005->4234af2c-5377-4886-a4e8-6fe45d0af45e@group-A1165329A1F1, cid=860, SUCCESS, logIndex=1121, commits[4234af2c-5377-4886-a4e8-6fe45d0af45e:c1121, cef72988-acf5-49ad-9ec7-695a80e7a66d:c1117, d677508c-6db9-4741-b51c-49af5e4cf22f:c1117]
2019-09-08 07:07:22,369 [grpc-default-executor-4] INFO  client.GrpcClientProtocolClient (GrpcClientProtocolClient.java:onNext(264)) - client-119D756B1005->4234af2c-5377-4886-a4e8-6fe45d0af45e: receive RaftClientReply:client-119D756B1005->4234af2c-5377-4886-a4e8-6fe45d0af45e@group-A1165329A1F1, cid=861, SUCCESS, logIndex=0, commits[4234af2c-5377-4886-a4e8-6fe45d0af45e:c1125, cef72988-acf5-49ad-9ec7-695a80e7a66d:c1121, d677508c-6db9-4741-b51c-49af5e4cf22f:c1119]
2019-09-08 07:07:22,380 [grpc-default-executor-0] INFO  client.GrpcClientProtocolClient (GrpcClientProtocolClient.java:onNext(264)) - client-119D756B1005->4234af2c-5377-4886-a4e8-6fe45d0af45e: receive RaftClientReply:client-119D756B1005->4234af2c-5377-4886-a4e8-6fe45d0af45e@group-A1165329A1F1, cid=862, SUCCESS, logIndex=1126, commits[4234af2c-5377-4886-a4e8-6fe45d0af45e:c1127, cef72988-acf5-49ad-9ec7-695a80e7a66d:c1125, d677508c-6db9-4741-b51c-49af5e4cf22f:c1121]
2019-09-08 07:07:22,380 [grpc-default-executor-0] INFO  client.GrpcClientProtocolClient (GrpcClientProtocolClient.java:onNext(264)) - client-119D756B1005->4234af2c-5377-4886-a4e8-6fe45d0af45e: receive RaftClientReply:client-119D756B1005->4234af2c-5377-4886-a4e8-6fe45d0af45e@group-A1165329A1F1, cid=863, SUCCESS, logIndex=1127, commits[4234af2c-5377-4886-a4e8-6fe45d0af45e:c1127, cef72988-acf5-49ad-9ec7-695a80e7a66d:c1125, d677508c-6db9-4741-b51c-49af5e4cf22f:c1121]
2019-09-08 07:07:22,402 [grpc-default-executor-0] INFO  client.GrpcClientProtocolClient (GrpcClientProtocolClient.java:onNext(264)) - client-119D756B1005->4234af2c-5377-4886-a4e8-6fe45d0af45e: receive RaftClientReply:client-119D756B1005->4234af2c-5377-4886-a4e8-6fe45d0af45e@group-A1165329A1F1, cid=864, SUCCESS, logIndex=1130, commits[4234af2c-5377-4886-a4e8-6fe45d0af45e:c1131, cef72988-acf5-49ad-9ec7-695a80e7a66d:c1127, d677508c-6db9-4741-b51c-49af5e4cf22f:c1127]
2019-09-08 07:07:22,403 [grpc-default-executor-0] INFO  client.GrpcClientProtocolClient (GrpcClientProtocolClient.java:onNext(264)) - client-119D756B1005->4234af2c-5377-4886-a4e8-6fe45d0af45e: receive RaftClientReply:client-119D756B1005->4234af2c-5377-4886-a4e8-6fe45d0af45e@group-A1165329A1F1, cid=865, SUCCESS, logIndex=1131, commits[4234af2c-5377-4886-a4e8-6fe45d0af45e:c1131, cef72988-acf5-49ad-9ec7-695a80e7a66d:c1127, d677508c-6db9-4741-b51c-49af5e4cf22f:c1127]
2019-09-08 07:07:22,404 [grpc-default-executor-0] INFO  client.GrpcClientProtocolClient (GrpcClientProtocolClient.java:onNext(264)) - client-119D756B1005->4234af2c-5377-4886-a4e8-6fe45d0af45e: receive RaftClientReply:client-119D756B1005->4234af2c-5377-4886-a4e8-6fe45d0af45e@group-A1165329A1F1, cid=866, SUCCESS, logIndex=0, commits[4234af2c-5377-4886-a4e8-6fe45d0af45e:c1132, cef72988-acf5-49ad-9ec7-695a80e7a66d:c1131, d677508c-6db9-4741-b51c-49af5e4cf22f:c1131]
2019-09-08 07:07:22,418 [grpc-default-executor-4] INFO  client.GrpcClientProtocolClient (GrpcClientProtocolClient.java:onNext(264)) - client-119D756B1005->4234af2c-5377-4886-a4e8-6fe45d0af45e: receive RaftClientReply:client-119D756B1005->4234af2c-5377-4886-a4e8-6fe45d0af45e@group-A1165329A1F1, cid=867, SUCCESS, logIndex=1134, commits[4234af2c-5377-4886-a4e8-6fe45d0af45e:c1135, cef72988-acf5-49ad-9ec7-695a80e7a66d:c1133, d677508c-6db9-4741-b51c-49af5e4cf22f:c1133]
2019-09-08 07:07:22,419 [grpc-default-executor-4] INFO  client.GrpcClientProtocolClient (GrpcClientProtocolClient.java:onNext(264)) - client-119D756B1005->4234af2c-5377-4886-a4e8-6fe45d0af45e: receive RaftClientReply:client-119D756B1005->4234af2c-5377-4886-a4e8-6fe45d0af45e@group-A1165329A1F1, cid=868, SUCCESS, logIndex=1135, commits[4234af2c-5377-4886-a4e8-6fe45d0af45e:c1135, cef72988-acf5-49ad-9ec7-695a80e7a66d:c1133, d677508c-6db9-4741-b51c-49af5e4cf22f:c1133]
2019-09-08 07:07:22,419 [grpc-default-executor-4] INFO  client.GrpcClientProtocolClient (GrpcClientProtocolClient.java:onNext(264)) - client-119D756B1005->4234af2c-5377-4886-a4e8-6fe45d0af45e: receive RaftClientReply:client-119D756B1005->4234af2c-5377-4886-a4e8-6fe45d0af45e@group-A1165329A1F1, cid=869, SUCCESS, logIndex=1136, commits[4234af2c-5377-4886-a4e8-6fe45d0af45e:c1137, cef72988-acf5-49ad-9ec7-695a80e7a66d:c1133, d677508c-6db9-4741-b51c-49af5e4cf22f:c1133]
2019-09-08 07:07:22,420 [grpc-default-executor-4] INFO  client.GrpcClientProtocolClient (GrpcClientProtocolClient.java:onNext(264)) - client-119D756B1005->4234af2c-5377-4886-a4e8-6fe45d0af45e: receive RaftClientReply:client-119D756B1005->4234af2c-5377-4886-a4e8-6fe45d0af45e@group-A1165329A1F1, cid=870, SUCCESS, logIndex=1137, commits[4234af2c-5377-4886-a4e8-6fe45d0af45e:c1137, cef72988-acf5-49ad-9ec7-695a80e7a66d:c1133, d677508c-6db9-4741-b51c-49af5e4cf22f:c1133]
2019-09-08 07:07:22,421 [grpc-default-executor-4] INFO  client.GrpcClientProtocolClient (GrpcClientProtocolClient.java:onNext(264)) - client-119D756B1005->4234af2c-5377-4886-a4e8-6fe45d0af45e: receive RaftClientReply:client-119D756B1005->4234af2c-5377-4886-a4e8-6fe45d0af45e@group-A1165329A1F1, cid=871, SUCCESS, logIndex=0, commits[4234af2c-5377-4886-a4e8-6fe45d0af45e:c1140, cef72988-acf5-49ad-9ec7-695a80e7a66d:c1135, d677508c-6db9-4741-b51c-49af5e4cf22f:c1137]
2019-09-08 07:07:22,531 [grpc-default-executor-4] INFO  client.GrpcClientProtocolClient (GrpcClientProtocolClient.java:onNext(264)) - client-119D756B1005->4234af2c-5377-4886-a4e8-6fe45d0af45e: receive RaftClientReply:client-119D756B1005->4234af2c-5377-4886-a4e8-6fe45d0af45e@group-A1165329A1F1, cid=872, SUCCESS, logIndex=1141, commits[4234af2c-5377-4886-a4e8-6fe45d0af45e:c1142, cef72988-acf5-49ad-9ec7-695a80e7a66d:c1140, d677508c-6db9-4741-b51c-49af5e4cf22f:c1140]
2019-09-08 07:07:22,532 [grpc-default-executor-4] INFO  client.GrpcClientProtocolClient (GrpcClientProtocolClient.java:onNext(264)) - client-119D756B1005->4234af2c-5377-4886-a4e8-6fe45d0af45e: receive RaftClientReply:client-119D756B1005->4234af2c-5377-4886-a4e8-6fe45d0af45e@group-A1165329A1F1, cid=873, SUCCESS, logIndex=1142, commits[4234af2c-5377-4886-a4e8-6fe45d0af45e:c1142, cef72988-acf5-49ad-9ec7-695a80e7a66d:c1140, d677508c-6db9-4741-b51c-49af5e4cf22f:c1140]
2019-09-08 07:07:22,582 [grpc-default-executor-4] INFO  client.GrpcClientProtocolClient (GrpcClientProtocolClient.java:onNext(264)) - client-119D756B1005->4234af2c-5377-4886-a4e8-6fe45d0af45e: receive RaftClientReply:client-119D756B1005->4234af2c-5377-4886-a4e8-6fe45d0af45e@group-A1165329A1F1, cid=874, SUCCESS, logIndex=1145, commits[4234af2c-5377-4886-a4e8-6fe45d0af45e:c1146, cef72988-acf5-49ad-9ec7-695a80e7a66d:c1142, d677508c-6db9-4741-b51c-49af5e4cf22f:c1142]
2019-09-08 07:07:22,583 [grpc-default-executor-4] INFO  client.GrpcClientProtocolClient (GrpcClientProtocolClient.java:onNext(264)) - client-119D756B1005->4234af2c-5377-4886-a4e8-6fe45d0af45e: receive RaftClientReply:client-119D756B1005->4234af2c-5377-4886-a4e8-6fe45d0af45e@group-A1165329A1F1, cid=875, SUCCESS, logIndex=1146, commits[4234af2c-5377-4886-a4e8-6fe45d0af45e:c1146, cef72988-acf5-49ad-9ec7-695a80e7a66d:c1142, d677508c-6db9-4741-b51c-49af5e4cf22f:c1142]
2019-09-08 07:07:22,591 [grpc-default-executor-4] INFO  client.GrpcClientProtocolClient (GrpcClientProtocolClient.java:onNext(264)) - client-119D756B1005->4234af2c-5377-4886-a4e8-6fe45d0af45e: receive RaftClientReply:client-119D756B1005->4234af2c-5377-4886-a4e8-6fe45d0af45e@group-A1165329A1F1, cid=876, SUCCESS, logIndex=0, commits[4234af2c-5377-4886-a4e8-6fe45d0af45e:c1148, cef72988-acf5-49ad-9ec7-695a80e7a66d:c1146, d677508c-6db9-4741-b51c-49af5e4cf22f:c1146]
2019-09-08 07:07:22,605 [grpc-default-executor-4] INFO  client.GrpcClientProtocolClient (GrpcClientProtocolClient.java:onNext(264)) - client-119D756B1005->4234af2c-5377-4886-a4e8-6fe45d0af45e: receive RaftClientReply:client-119D756B1005->4234af2c-5377-4886-a4e8-6fe45d0af45e@group-A1165329A1F1, cid=877, SUCCESS, logIndex=1149, commits[4234af2c-5377-4886-a4e8-6fe45d0af45e:c1150, cef72988-acf5-49ad-9ec7-695a80e7a66d:c1146, d677508c-6db9-4741-b51c-49af5e4cf22f:c1148]
2019-09-08 07:07:22,605 [grpc-default-executor-4] INFO  client.GrpcClientProtocolClient (GrpcClientProtocolClient.java:onNext(264)) - client-119D756B1005->4234af2c-5377-4886-a4e8-6fe45d0af45e: receive RaftClientReply:client-119D756B1005->4234af2c-5377-4886-a4e8-6fe45d0af45e@group-A1165329A1F1, cid=878, SUCCESS, logIndex=1150, commits[4234af2c-5377-4886-a4e8-6fe45d0af45e:c1150, cef72988-acf5-49ad-9ec7-695a80e7a66d:c1148, d677508c-6db9-4741-b51c-49af5e4cf22f:c1148]
2019-09-08 07:07:22,617 [grpc-default-executor-0] INFO  client.GrpcClientProtocolClient (GrpcClientProtocolClient.java:onNext(264)) - client-119D756B1005->4234af2c-5377-4886-a4e8-6fe45d0af45e: receive RaftClientReply:client-119D756B1005->4234af2c-5377-4886-a4e8-6fe45d0af45e@group-A1165329A1F1, cid=879, SUCCESS, logIndex=1151, commits[4234af2c-5377-4886-a4e8-6fe45d0af45e:c1152, cef72988-acf5-49ad-9ec7-695a80e7a66d:c1148, d677508c-6db9-4741-b51c-49af5e4cf22f:c1149]
2019-09-08 07:07:22,618 [grpc-default-executor-0] INFO  client.GrpcClientProtocolClient (GrpcClientProtocolClient.java:onNext(264)) - client-119D756B1005->4234af2c-5377-4886-a4e8-6fe45d0af45e: receive RaftClientReply:client-119D756B1005->4234af2c-5377-4886-a4e8-6fe45d0af45e@group-A1165329A1F1, cid=880, SUCCESS, logIndex=1152, commits[4234af2c-5377-4886-a4e8-6fe45d0af45e:c1154, cef72988-acf5-49ad-9ec7-695a80e7a66d:c1149, d677508c-6db9-4741-b51c-49af5e4cf22f:c1150]
2019-09-08 07:07:22,619 [grpc-default-executor-0] INFO  client.GrpcClientProtocolClient (GrpcClientProtocolClient.java:onNext(264)) - client-119D756B1005->4234af2c-5377-4886-a4e8-6fe45d0af45e: receive RaftClientReply:client-119D756B1005->4234af2c-5377-4886-a4e8-6fe45d0af45e@group-A1165329A1F1, cid=881, SUCCESS, logIndex=0, commits[4234af2c-5377-4886-a4e8-6fe45d0af45e:c1155, cef72988-acf5-49ad-9ec7-695a80e7a66d:c1151, d677508c-6db9-4741-b51c-49af5e4cf22f:c1151]
2019-09-08 07:07:22,633 [grpc-default-executor-3] INFO  client.GrpcClientProtocolClient (GrpcClientProtocolClient.java:onNext(264)) - client-119D756B1005->4234af2c-5377-4886-a4e8-6fe45d0af45e: receive RaftClientReply:client-119D756B1005->4234af2c-5377-4886-a4e8-6fe45d0af45e@group-A1165329A1F1, cid=882, SUCCESS, logIndex=1157, commits[4234af2c-5377-4886-a4e8-6fe45d0af45e:c1158, cef72988-acf5-49ad-9ec7-695a80e7a66d:c1152, d677508c-6db9-4741-b51c-49af5e4cf22f:c1156]
2019-09-08 07:07:22,633 [grpc-default-executor-3] INFO  client.GrpcClientProtocolClient (GrpcClientProtocolClient.java:onNext(264)) - client-119D756B1005->4234af2c-5377-4886-a4e8-6fe45d0af45e: receive RaftClientReply:client-119D756B1005->4234af2c-5377-4886-a4e8-6fe45d0af45e@group-A1165329A1F1, cid=883, SUCCESS, logIndex=1158, commits[4234af2c-5377-4886-a4e8-6fe45d0af45e:c1158, cef72988-acf5-49ad-9ec7-695a80e7a66d:c1156, d677508c-6db9-4741-b51c-49af5e4cf22f:c1156]
2019-09-08 07:07:22,661 [grpc-default-executor-4] INFO  client.GrpcClientProtocolClient (GrpcClientProtocolClient.java:onNext(264)) - client-119D756B1005->4234af2c-5377-4886-a4e8-6fe45d0af45e: receive RaftClientReply:client-119D756B1005->4234af2c-5377-4886-a4e8-6fe45d0af45e@group-A1165329A1F1, cid=884, SUCCESS, logIndex=1161, commits[4234af2c-5377-4886-a4e8-6fe45d0af45e:c1162, cef72988-acf5-49ad-9ec7-695a80e7a66d:c1160, d677508c-6db9-4741-b51c-49af5e4cf22f:c1160]
2019-09-08 07:07:22,661 [grpc-default-executor-4] INFO  client.GrpcClientProtocolClient (GrpcClientProtocolClient.java:onNext(264)) - client-119D756B1005->4234af2c-5377-4886-a4e8-6fe45d0af45e: receive RaftClientReply:client-119D756B1005->4234af2c-5377-4886-a4e8-6fe45d0af45e@group-A1165329A1F1, cid=885, SUCCESS, logIndex=1162, commits[4234af2c-5377-4886-a4e8-6fe45d0af45e:c1162, cef72988-acf5-49ad-9ec7-695a80e7a66d:c1160, d677508c-6db9-4741-b51c-49af5e4cf22f:c1160]
2019-09-08 07:07:22,668 [grpc-default-executor-4] INFO  client.GrpcClientProtocolClient (GrpcClientProtocolClient.java:onNext(264)) - client-119D756B1005->4234af2c-5377-4886-a4e8-6fe45d0af45e: receive RaftClientReply:client-119D756B1005->4234af2c-5377-4886-a4e8-6fe45d0af45e@group-A1165329A1F1, cid=886, SUCCESS, logIndex=0, commits[4234af2c-5377-4886-a4e8-6fe45d0af45e:c1164, cef72988-acf5-49ad-9ec7-695a80e7a66d:c1162, d677508c-6db9-4741-b51c-49af5e4cf22f:c1162]
2019-09-08 07:07:22,682 [grpc-default-executor-4] INFO  client.GrpcClientProtocolClient (GrpcClientProtocolClient.java:onNext(264)) - client-119D756B1005->4234af2c-5377-4886-a4e8-6fe45d0af45e: receive RaftClientReply:client-119D756B1005->4234af2c-5377-4886-a4e8-6fe45d0af45e@group-A1165329A1F1, cid=887, SUCCESS, logIndex=1165, commits[4234af2c-5377-4886-a4e8-6fe45d0af45e:c1166, cef72988-acf5-49ad-9ec7-695a80e7a66d:c1164, d677508c-6db9-4741-b51c-49af5e4cf22f:c1162]
2019-09-08 07:07:22,683 [grpc-default-executor-4] INFO  client.GrpcClientProtocolClient (GrpcClientProtocolClient.java:onNext(264)) - client-119D756B1005->4234af2c-5377-4886-a4e8-6fe45d0af45e: receive RaftClientReply:client-119D756B1005->4234af2c-5377-4886-a4e8-6fe45d0af45e@group-A1165329A1F1, cid=888, SUCCESS, logIndex=1166, commits[4234af2c-5377-4886-a4e8-6fe45d0af45e:c1166, cef72988-acf5-49ad-9ec7-695a80e7a66d:c1164, d677508c-6db9-4741-b51c-49af5e4cf22f:c1164]
2019-09-08 07:07:22,746 [grpc-default-executor-3] INFO  client.GrpcClientProtocolClient (GrpcClientProtocolClient.java:onNext(264)) - client-119D756B1005->4234af2c-5377-4886-a4e8-6fe45d0af45e: receive RaftClientReply:client-119D756B1005->4234af2c-5377-4886-a4e8-6fe45d0af45e@group-A1165329A1F1, cid=889, SUCCESS, logIndex=1167, commits[4234af2c-5377-4886-a4e8-6fe45d0af45e:c1170, cef72988-acf5-49ad-9ec7-695a80e7a66d:c1166, d677508c-6db9-4741-b51c-49af5e4cf22f:c1166]
2019-09-08 07:07:22,747 [grpc-default-executor-3] INFO  client.GrpcClientProtocolClient (GrpcClientProtocolClient.java:onNext(264)) - client-119D756B1005->4234af2c-5377-4886-a4e8-6fe45d0af45e: receive RaftClientReply:client-119D756B1005->4234af2c-5377-4886-a4e8-6fe45d0af45e@group-A1165329A1F1, cid=890, SUCCESS, logIndex=1168, commits[4234af2c-5377-4886-a4e8-6fe45d0af45e:c1170, cef72988-acf5-49ad-9ec7-695a80e7a66d:c1166, d677508c-6db9-4741-b51c-49af5e4cf22f:c1166]
2019-09-08 07:07:22,763 [grpc-default-executor-4] INFO  client.GrpcClientProtocolClient (GrpcClientProtocolClient.java:onNext(264)) - client-119D756B1005->4234af2c-5377-4886-a4e8-6fe45d0af45e: receive RaftClientReply:client-119D756B1005->4234af2c-5377-4886-a4e8-6fe45d0af45e@group-A1165329A1F1, cid=891, SUCCESS, logIndex=1172, commits[4234af2c-5377-4886-a4e8-6fe45d0af45e:c1173, cef72988-acf5-49ad-9ec7-695a80e7a66d:c1171, d677508c-6db9-4741-b51c-49af5e4cf22f:c1167]
2019-09-08 07:07:22,763 [grpc-default-executor-4] INFO  client.GrpcClientProtocolClient (GrpcClientProtocolClient.java:onNext(264)) - client-119D756B1005->4234af2c-5377-4886-a4e8-6fe45d0af45e: receive RaftClientReply:client-119D756B1005->4234af2c-5377-4886-a4e8-6fe45d0af45e@group-A1165329A1F1, cid=892, SUCCESS, logIndex=1173, commits[4234af2c-5377-4886-a4e8-6fe45d0af45e:c1173, cef72988-acf5-49ad-9ec7-695a80e7a66d:c1171, d677508c-6db9-4741-b51c-49af5e4cf22f:c1167]
2019-09-08 07:07:22,774 [grpc-default-executor-4] INFO  client.GrpcClientProtocolClient (GrpcClientProtocolClient.java:onNext(264)) - client-119D756B1005->4234af2c-5377-4886-a4e8-6fe45d0af45e: receive RaftClientReply:client-119D756B1005->4234af2c-5377-4886-a4e8-6fe45d0af45e@group-A1165329A1F1, cid=893, SUCCESS, logIndex=0, commits[4234af2c-5377-4886-a4e8-6fe45d0af45e:c1173, cef72988-acf5-49ad-9ec7-695a80e7a66d:c1171, d677508c-6db9-4741-b51c-49af5e4cf22f:c1171]
2019-09-08 07:07:22,788 [grpc-default-executor-4] INFO  client.GrpcClientProtocolClient (GrpcClientProtocolClient.java:onNext(264)) - client-119D756B1005->4234af2c-5377-4886-a4e8-6fe45d0af45e: receive RaftClientReply:client-119D756B1005->4234af2c-5377-4886-a4e8-6fe45d0af45e@group-A1165329A1F1, cid=894, SUCCESS, logIndex=1176, commits[4234af2c-5377-4886-a4e8-6fe45d0af45e:c1177, cef72988-acf5-49ad-9ec7-695a80e7a66d:c1175, d677508c-6db9-4741-b51c-49af5e4cf22f:c1175]
2019-09-08 07:07:22,788 [grpc-default-executor-4] INFO  client.GrpcClientProtocolClient (GrpcClientProtocolClient.java:onNext(264)) - client-119D756B1005->4234af2c-5377-4886-a4e8-6fe45d0af45e: receive RaftClientReply:client-119D756B1005->4234af2c-5377-4886-a4e8-6fe45d0af45e@group-A1165329A1F1, cid=895, SUCCESS, logIndex=1177, commits[4234af2c-5377-4886-a4e8-6fe45d0af45e:c1177, cef72988-acf5-49ad-9ec7-695a80e7a66d:c1175, d677508c-6db9-4741-b51c-49af5e4cf22f:c1175]
2019-09-08 07:07:22,801 [grpc-default-executor-4] INFO  client.GrpcClientProtocolClient (GrpcClientProtocolClient.java:onNext(264)) - client-119D756B1005->4234af2c-5377-4886-a4e8-6fe45d0af45e: receive RaftClientReply:client-119D756B1005->4234af2c-5377-4886-a4e8-6fe45d0af45e@group-A1165329A1F1, cid=896, SUCCESS, logIndex=0, commits[4234af2c-5377-4886-a4e8-6fe45d0af45e:c1179, cef72988-acf5-49ad-9ec7-695a80e7a66d:c1177, d677508c-6db9-4741-b51c-49af5e4cf22f:c1177]
2019-09-08 07:07:22,828 [grpc-default-executor-4] INFO  client.GrpcClientProtocolClient (GrpcClientProtocolClient.java:onNext(264)) - client-119D756B1005->4234af2c-5377-4886-a4e8-6fe45d0af45e: receive RaftClientReply:client-119D756B1005->4234af2c-5377-4886-a4e8-6fe45d0af45e@group-A1165329A1F1, cid=897, SUCCESS, logIndex=1180, commits[4234af2c-5377-4886-a4e8-6fe45d0af45e:c1182, cef72988-acf5-49ad-9ec7-695a80e7a66d:c1179, d677508c-6db9-4741-b51c-49af5e4cf22f:c1179]
2019-09-08 07:07:22,828 [grpc-default-executor-3] INFO  client.GrpcClientProtocolClient (GrpcClientProtocolClient.java:onNext(264)) - client-119D756B1005->4234af2c-5377-4886-a4e8-6fe45d0af45e: receive RaftClientReply:client-119D756B1005->4234af2c-5377-4886-a4e8-6fe45d0af45e@group-A1165329A1F1, cid=898, SUCCESS, logIndex=1181, commits[4234af2c-5377-4886-a4e8-6fe45d0af45e:c1183, cef72988-acf5-49ad-9ec7-695a80e7a66d:c1179, d677508c-6db9-4741-b51c-49af5e4cf22f:c1179]
2019-09-08 07:07:22,829 [grpc-default-executor-4] INFO  client.GrpcClientProtocolClient (GrpcClientProtocolClient.java:onNext(264)) - client-119D756B1005->4234af2c-5377-4886-a4e8-6fe45d0af45e: receive RaftClientReply:client-119D756B1005->4234af2c-5377-4886-a4e8-6fe45d0af45e@group-A1165329A1F1, cid=899, SUCCESS, logIndex=1182, commits[4234af2c-5377-4886-a4e8-6fe45d0af45e:c1183, cef72988-acf5-49ad-9ec7-695a80e7a66d:c1179, d677508c-6db9-4741-b51c-49af5e4cf22f:c1179]
2019-09-08 07:07:22,830 [grpc-default-executor-4] INFO  client.GrpcClientProtocolClient (GrpcClientProtocolClient.java:onNext(264)) - client-119D756B1005->4234af2c-5377-4886-a4e8-6fe45d0af45e: receive RaftClientReply:client-119D756B1005->4234af2c-5377-4886-a4e8-6fe45d0af45e@group-A1165329A1F1, cid=900, SUCCESS, logIndex=1183, commits[4234af2c-5377-4886-a4e8-6fe45d0af45e:c1183, cef72988-acf5-49ad-9ec7-695a80e7a66d:c1179, d677508c-6db9-4741-b51c-49af5e4cf22f:c1179]
2019-09-08 07:07:22,831 [grpc-default-executor-3] INFO  client.GrpcClientProtocolClient (GrpcClientProtocolClient.java:onNext(264)) - client-119D756B1005->4234af2c-5377-4886-a4e8-6fe45d0af45e: receive RaftClientReply:client-119D756B1005->4234af2c-5377-4886-a4e8-6fe45d0af45e@group-A1165329A1F1, cid=901, SUCCESS, logIndex=0, commits[4234af2c-5377-4886-a4e8-6fe45d0af45e:c1186, cef72988-acf5-49ad-9ec7-695a80e7a66d:c1182, d677508c-6db9-4741-b51c-49af5e4cf22f:c1182]
2019-09-08 07:07:22,851 [grpc-default-executor-3] INFO  client.GrpcClientProtocolClient (GrpcClientProtocolClient.java:onNext(264)) - client-119D756B1005->4234af2c-5377-4886-a4e8-6fe45d0af45e: receive RaftClientReply:client-119D756B1005->4234af2c-5377-4886-a4e8-6fe45d0af45e@group-A1165329A1F1, cid=902, SUCCESS, logIndex=1188, commits[4234af2c-5377-4886-a4e8-6fe45d0af45e:c1189, cef72988-acf5-49ad-9ec7-695a80e7a66d:c1187, d677508c-6db9-4741-b51c-49af5e4cf22f:c1187]
2019-09-08 07:07:22,851 [grpc-default-executor-3] INFO  client.GrpcClientProtocolClient (GrpcClientProtocolClient.java:onNext(264)) - client-119D756B1005->4234af2c-5377-4886-a4e8-6fe45d0af45e: receive RaftClientReply:client-119D756B1005->4234af2c-5377-4886-a4e8-6fe45d0af45e@group-A1165329A1F1, cid=903, SUCCESS, logIndex=1189, commits[4234af2c-5377-4886-a4e8-6fe45d0af45e:c1189, cef72988-acf5-49ad-9ec7-695a80e7a66d:c1187, d677508c-6db9-4741-b51c-49af5e4cf22f:c1187]
2019-09-08 07:07:22,864 [grpc-default-executor-4] INFO  client.GrpcClientProtocolClient (GrpcClientProtocolClient.java:onNext(264)) - client-119D756B1005->4234af2c-5377-4886-a4e8-6fe45d0af45e: receive RaftClientReply:client-119D756B1005->4234af2c-5377-4886-a4e8-6fe45d0af45e@group-A1165329A1F1, cid=904, SUCCESS, logIndex=1192, commits[4234af2c-5377-4886-a4e8-6fe45d0af45e:c1192, cef72988-acf5-49ad-9ec7-695a80e7a66d:c1189, d677508c-6db9-4741-b51c-49af5e4cf22f:c1189]
2019-09-08 07:07:22,864 [grpc-default-executor-4] INFO  client.GrpcClientProtocolClient (GrpcClientProtocolClient.java:onNext(264)) - client-119D756B1005->4234af2c-5377-4886-a4e8-6fe45d0af45e: receive RaftClientReply:client-119D756B1005->4234af2c-5377-4886-a4e8-6fe45d0af45e@group-A1165329A1F1, cid=905, SUCCESS, logIndex=1193, commits[4234af2c-5377-4886-a4e8-6fe45d0af45e:c1193, cef72988-acf5-49ad-9ec7-695a80e7a66d:c1189, d677508c-6db9-4741-b51c-49af5e4cf22f:c1189]
2019-09-08 07:07:22,877 [grpc-default-executor-3] INFO  client.GrpcClientProtocolClient (GrpcClientProtocolClient.java:onNext(264)) - client-119D756B1005->4234af2c-5377-4886-a4e8-6fe45d0af45e: receive RaftClientReply:client-119D756B1005->4234af2c-5377-4886-a4e8-6fe45d0af45e@group-A1165329A1F1, cid=906, SUCCESS, logIndex=0, commits[4234af2c-5377-4886-a4e8-6fe45d0af45e:c1195, cef72988-acf5-49ad-9ec7-695a80e7a66d:c1193, d677508c-6db9-4741-b51c-49af5e4cf22f:c1193]
2019-09-08 07:07:22,901 [grpc-default-executor-0] INFO  client.GrpcClientProtocolClient (GrpcClientProtocolClient.java:onNext(264)) - client-119D756B1005->4234af2c-5377-4886-a4e8-6fe45d0af45e: receive RaftClientReply:client-119D756B1005->4234af2c-5377-4886-a4e8-6fe45d0af45e@group-A1165329A1F1, cid=907, SUCCESS, logIndex=1196, commits[4234af2c-5377-4886-a4e8-6fe45d0af45e:c1197, cef72988-acf5-49ad-9ec7-695a80e7a66d:c1195, d677508c-6db9-4741-b51c-49af5e4cf22f:c1195]
2019-09-08 07:07:22,901 [grpc-default-executor-0] INFO  client.GrpcClientProtocolClient (GrpcClientProtocolClient.java:onNext(264)) - client-119D756B1005->4234af2c-5377-4886-a4e8-6fe45d0af45e: receive RaftClientReply:client-119D756B1005->4234af2c-5377-4886-a4e8-6fe45d0af45e@group-A1165329A1F1, cid=908, SUCCESS, logIndex=1197, commits[4234af2c-5377-4886-a4e8-6fe45d0af45e:c1199, cef72988-acf5-49ad-9ec7-695a80e7a66d:c1195, d677508c-6db9-4741-b51c-49af5e4cf22f:c1195]
2019-09-08 07:07:22,902 [grpc-default-executor-0] INFO  client.GrpcClientProtocolClient (GrpcClientProtocolClient.java:onNext(264)) - client-119D756B1005->4234af2c-5377-4886-a4e8-6fe45d0af45e: receive RaftClientReply:client-119D756B1005->4234af2c-5377-4886-a4e8-6fe45d0af45e@group-A1165329A1F1, cid=909, SUCCESS, logIndex=1198, commits[4234af2c-5377-4886-a4e8-6fe45d0af45e:c1199, cef72988-acf5-49ad-9ec7-695a80e7a66d:c1195, d677508c-6db9-4741-b51c-49af5e4cf22f:c1195]
2019-09-08 07:07:22,902 [grpc-default-executor-0] INFO  client.GrpcClientProtocolClient (GrpcClientProtocolClient.java:onNext(264)) - client-119D756B1005->4234af2c-5377-4886-a4e8-6fe45d0af45e: receive RaftClientReply:client-119D756B1005->4234af2c-5377-4886-a4e8-6fe45d0af45e@group-A1165329A1F1, cid=910, SUCCESS, logIndex=1199, commits[4234af2c-5377-4886-a4e8-6fe45d0af45e:c1199, cef72988-acf5-49ad-9ec7-695a80e7a66d:c1195, d677508c-6db9-4741-b51c-49af5e4cf22f:c1195]
2019-09-08 07:07:22,907 [grpc-default-executor-0] INFO  client.GrpcClientProtocolClient (GrpcClientProtocolClient.java:onNext(264)) - client-119D756B1005->4234af2c-5377-4886-a4e8-6fe45d0af45e: receive RaftClientReply:client-119D756B1005->4234af2c-5377-4886-a4e8-6fe45d0af45e@group-A1165329A1F1, cid=911, SUCCESS, logIndex=0, commits[4234af2c-5377-4886-a4e8-6fe45d0af45e:c1202, cef72988-acf5-49ad-9ec7-695a80e7a66d:c1198, d677508c-6db9-4741-b51c-49af5e4cf22f:c1197]
2019-09-08 07:07:22,927 [grpc-default-executor-3] INFO  client.GrpcClientProtocolClient (GrpcClientProtocolClient.java:onNext(264)) - client-119D756B1005->4234af2c-5377-4886-a4e8-6fe45d0af45e: receive RaftClientReply:client-119D756B1005->4234af2c-5377-4886-a4e8-6fe45d0af45e@group-A1165329A1F1, cid=912, SUCCESS, logIndex=1204, commits[4234af2c-5377-4886-a4e8-6fe45d0af45e:c1205, cef72988-acf5-49ad-9ec7-695a80e7a66d:c1203, d677508c-6db9-4741-b51c-49af5e4cf22f:c1203]
2019-09-08 07:07:22,928 [grpc-default-executor-3] INFO  client.GrpcClientProtocolClient (GrpcClientProtocolClient.java:onNext(264)) - client-119D756B1005->4234af2c-5377-4886-a4e8-6fe45d0af45e: receive RaftClientReply:client-119D756B1005->4234af2c-5377-4886-a4e8-6fe45d0af45e@group-A1165329A1F1, cid=913, SUCCESS, logIndex=1205, commits[4234af2c-5377-4886-a4e8-6fe45d0af45e:c1205, cef72988-acf5-49ad-9ec7-695a80e7a66d:c1203, d677508c-6db9-4741-b51c-49af5e4cf22f:c1203]
2019-09-08 07:07:22,960 [grpc-default-executor-4] INFO  client.GrpcClientProtocolClient (GrpcClientProtocolClient.java:onNext(264)) - client-119D756B1005->4234af2c-5377-4886-a4e8-6fe45d0af45e: receive RaftClientReply:client-119D756B1005->4234af2c-5377-4886-a4e8-6fe45d0af45e@group-A1165329A1F1, cid=914, SUCCESS, logIndex=1208, commits[4234af2c-5377-4886-a4e8-6fe45d0af45e:c1209, cef72988-acf5-49ad-9ec7-695a80e7a66d:c1205, d677508c-6db9-4741-b51c-49af5e4cf22f:c1205]
2019-09-08 07:07:22,961 [grpc-default-executor-4] INFO  client.GrpcClientProtocolClient (GrpcClientProtocolClient.java:onNext(264)) - client-119D756B1005->4234af2c-5377-4886-a4e8-6fe45d0af45e: receive RaftClientReply:client-119D756B1005->4234af2c-5377-4886-a4e8-6fe45d0af45e@group-A1165329A1F1, cid=915, SUCCESS, logIndex=1209, commits[4234af2c-5377-4886-a4e8-6fe45d0af45e:c1209, cef72988-acf5-49ad-9ec7-695a80e7a66d:c1205, d677508c-6db9-4741-b51c-49af5e4cf22f:c1205]
2019-09-08 07:07:22,966 [grpc-default-executor-4] INFO  client.GrpcClientProtocolClient (GrpcClientProtocolClient.java:onNext(264)) - client-119D756B1005->4234af2c-5377-4886-a4e8-6fe45d0af45e: receive RaftClientReply:client-119D756B1005->4234af2c-5377-4886-a4e8-6fe45d0af45e@group-A1165329A1F1, cid=916, SUCCESS, logIndex=0, commits[4234af2c-5377-4886-a4e8-6fe45d0af45e:c1211, cef72988-acf5-49ad-9ec7-695a80e7a66d:c1209, d677508c-6db9-4741-b51c-49af5e4cf22f:c1209]
2019-09-08 07:07:23,158 [grpc-default-executor-6] INFO  client.GrpcClientProtocolClient (GrpcClientProtocolClient.java:onNext(264)) - client-119D756B1005->4234af2c-5377-4886-a4e8-6fe45d0af45e: receive RaftClientReply:client-119D756B1005->4234af2c-5377-4886-a4e8-6fe45d0af45e@group-A1165329A1F1, cid=917, SUCCESS, logIndex=1212, commits[4234af2c-5377-4886-a4e8-6fe45d0af45e:c1213, cef72988-acf5-49ad-9ec7-695a80e7a66d:c1211, d677508c-6db9-4741-b51c-49af5e4cf22f:c1211]
2019-09-08 07:07:23,159 [grpc-default-executor-6] INFO  client.GrpcClientProtocolClient (GrpcClientProtocolClient.java:onNext(264)) - client-119D756B1005->4234af2c-5377-4886-a4e8-6fe45d0af45e: receive RaftClientReply:client-119D756B1005->4234af2c-5377-4886-a4e8-6fe45d0af45e@group-A1165329A1F1, cid=918, SUCCESS, logIndex=1213, commits[4234af2c-5377-4886-a4e8-6fe45d0af45e:c1213, cef72988-acf5-49ad-9ec7-695a80e7a66d:c1211, d677508c-6db9-4741-b51c-49af5e4cf22f:c1211]
2019-09-08 07:07:23,166 [grpc-default-executor-0] INFO  client.GrpcClientProtocolClient (GrpcClientProtocolClient.java:onNext(264)) - client-119D756B1005->4234af2c-5377-4886-a4e8-6fe45d0af45e: receive RaftClientReply:client-119D756B1005->4234af2c-5377-4886-a4e8-6fe45d0af45e@group-A1165329A1F1, cid=919, SUCCESS, logIndex=1214, commits[4234af2c-5377-4886-a4e8-6fe45d0af45e:c1216, cef72988-acf5-49ad-9ec7-695a80e7a66d:c1212, d677508c-6db9-4741-b51c-49af5e4cf22f:c1211]
2019-09-08 07:07:23,167 [grpc-default-executor-0] INFO  client.GrpcClientProtocolClient (GrpcClientProtocolClient.java:onNext(264)) - client-119D756B1005->4234af2c-5377-4886-a4e8-6fe45d0af45e: receive RaftClientReply:client-119D756B1005->4234af2c-5377-4886-a4e8-6fe45d0af45e@group-A1165329A1F1, cid=920, SUCCESS, logIndex=1215, commits[4234af2c-5377-4886-a4e8-6fe45d0af45e:c1217, cef72988-acf5-49ad-9ec7-695a80e7a66d:c1213, d677508c-6db9-4741-b51c-49af5e4cf22f:c1212]
2019-09-08 07:07:23,168 [grpc-default-executor-6] INFO  client.GrpcClientProtocolClient (GrpcClientProtocolClient.java:onNext(264)) - client-119D756B1005->4234af2c-5377-4886-a4e8-6fe45d0af45e: receive RaftClientReply:client-119D756B1005->4234af2c-5377-4886-a4e8-6fe45d0af45e@group-A1165329A1F1, cid=921, SUCCESS, logIndex=0, commits[4234af2c-5377-4886-a4e8-6fe45d0af45e:c1218, cef72988-acf5-49ad-9ec7-695a80e7a66d:c1214, d677508c-6db9-4741-b51c-49af5e4cf22f:c1214]
2019-09-08 07:07:23,185 [grpc-default-executor-6] INFO  client.GrpcClientProtocolClient (GrpcClientProtocolClient.java:onNext(264)) - client-119D756B1005->4234af2c-5377-4886-a4e8-6fe45d0af45e: receive RaftClientReply:client-119D756B1005->4234af2c-5377-4886-a4e8-6fe45d0af45e@group-A1165329A1F1, cid=922, SUCCESS, logIndex=1220, commits[4234af2c-5377-4886-a4e8-6fe45d0af45e:c1221, cef72988-acf5-49ad-9ec7-695a80e7a66d:c1219, d677508c-6db9-4741-b51c-49af5e4cf22f:c1219]
2019-09-08 07:07:23,185 [grpc-default-executor-6] INFO  client.GrpcClientProtocolClient (GrpcClientProtocolClient.java:onNext(264)) - client-119D756B1005->4234af2c-5377-4886-a4e8-6fe45d0af45e: receive RaftClientReply:client-119D756B1005->4234af2c-5377-4886-a4e8-6fe45d0af45e@group-A1165329A1F1, cid=923, SUCCESS, logIndex=1221, commits[4234af2c-5377-4886-a4e8-6fe45d0af45e:c1221, cef72988-acf5-49ad-9ec7-695a80e7a66d:c1219, d677508c-6db9-4741-b51c-49af5e4cf22f:c1219]
2019-09-08 07:07:23,199 [grpc-default-executor-0] INFO  client.GrpcClientProtocolClient (GrpcClientProtocolClient.java:onNext(264)) - client-119D756B1005->4234af2c-5377-4886-a4e8-6fe45d0af45e: receive RaftClientReply:client-119D756B1005->4234af2c-5377-4886-a4e8-6fe45d0af45e@group-A1165329A1F1, cid=924, SUCCESS, logIndex=1224, commits[4234af2c-5377-4886-a4e8-6fe45d0af45e:c1225, cef72988-acf5-49ad-9ec7-695a80e7a66d:c1223, d677508c-6db9-4741-b51c-49af5e4cf22f:c1223]
2019-09-08 07:07:23,200 [grpc-default-executor-0] INFO  client.GrpcClientProtocolClient (GrpcClientProtocolClient.java:onNext(264)) - client-119D756B1005->4234af2c-5377-4886-a4e8-6fe45d0af45e: receive RaftClientReply:client-119D756B1005->4234af2c-5377-4886-a4e8-6fe45d0af45e@group-A1165329A1F1, cid=925, SUCCESS, logIndex=1225, commits[4234af2c-5377-4886-a4e8-6fe45d0af45e:c1225, cef72988-acf5-49ad-9ec7-695a80e7a66d:c1223, d677508c-6db9-4741-b51c-49af5e4cf22f:c1223]
2019-09-08 07:07:23,205 [grpc-default-executor-0] INFO  client.GrpcClientProtocolClient (GrpcClientProtocolClient.java:onNext(264)) - client-119D756B1005->4234af2c-5377-4886-a4e8-6fe45d0af45e: receive RaftClientReply:client-119D756B1005->4234af2c-5377-4886-a4e8-6fe45d0af45e@group-A1165329A1F1, cid=926, SUCCESS, logIndex=0, commits[4234af2c-5377-4886-a4e8-6fe45d0af45e:c1227, cef72988-acf5-49ad-9ec7-695a80e7a66d:c1225, d677508c-6db9-4741-b51c-49af5e4cf22f:c1225]
2019-09-08 07:07:23,220 [grpc-default-executor-6] INFO  client.GrpcClientProtocolClient (GrpcClientProtocolClient.java:onNext(264)) - client-119D756B1005->4234af2c-5377-4886-a4e8-6fe45d0af45e: receive RaftClientReply:client-119D756B1005->4234af2c-5377-4886-a4e8-6fe45d0af45e@group-A1165329A1F1, cid=927, SUCCESS, logIndex=1228, commits[4234af2c-5377-4886-a4e8-6fe45d0af45e:c1229, cef72988-acf5-49ad-9ec7-695a80e7a66d:c1227, d677508c-6db9-4741-b51c-49af5e4cf22f:c1227]
2019-09-08 07:07:23,220 [grpc-default-executor-6] INFO  client.GrpcClientProtocolClient (GrpcClientProtocolClient.java:onNext(264)) - client-119D756B1005->4234af2c-5377-4886-a4e8-6fe45d0af45e: receive RaftClientReply:client-119D756B1005->4234af2c-5377-4886-a4e8-6fe45d0af45e@group-A1165329A1F1, cid=928, SUCCESS, logIndex=1229, commits[4234af2c-5377-4886-a4e8-6fe45d0af45e:c1229, cef72988-acf5-49ad-9ec7-695a80e7a66d:c1227, d677508c-6db9-4741-b51c-49af5e4cf22f:c1227]
2019-09-08 07:07:23,222 [grpc-default-executor-0] INFO  client.GrpcClientProtocolClient (GrpcClientProtocolClient.java:onNext(264)) - client-119D756B1005->4234af2c-5377-4886-a4e8-6fe45d0af45e: receive RaftClientReply:client-119D756B1005->4234af2c-5377-4886-a4e8-6fe45d0af45e@group-A1165329A1F1, cid=929, SUCCESS, logIndex=1230, commits[4234af2c-5377-4886-a4e8-6fe45d0af45e:c1231, cef72988-acf5-49ad-9ec7-695a80e7a66d:c1227, d677508c-6db9-4741-b51c-49af5e4cf22f:c1227]
2019-09-08 07:07:23,223 [grpc-default-executor-0] INFO  client.GrpcClientProtocolClient (GrpcClientProtocolClient.java:onNext(264)) - client-119D756B1005->4234af2c-5377-4886-a4e8-6fe45d0af45e: receive RaftClientReply:client-119D756B1005->4234af2c-5377-4886-a4e8-6fe45d0af45e@group-A1165329A1F1, cid=930, SUCCESS, logIndex=1231, commits[4234af2c-5377-4886-a4e8-6fe45d0af45e:c1233, cef72988-acf5-49ad-9ec7-695a80e7a66d:c1227, d677508c-6db9-4741-b51c-49af5e4cf22f:c1229]
2019-09-08 07:07:23,228 [grpc-default-executor-0] INFO  client.GrpcClientProtocolClient (GrpcClientProtocolClient.java:onNext(264)) - client-119D756B1005->4234af2c-5377-4886-a4e8-6fe45d0af45e: receive RaftClientReply:client-119D756B1005->4234af2c-5377-4886-a4e8-6fe45d0af45e@group-A1165329A1F1, cid=931, SUCCESS, logIndex=0, commits[4234af2c-5377-4886-a4e8-6fe45d0af45e:c1234, cef72988-acf5-49ad-9ec7-695a80e7a66d:c1229, d677508c-6db9-4741-b51c-49af5e4cf22f:c1231]
2019-09-08 07:07:23,249 [grpc-default-executor-6] INFO  client.GrpcClientProtocolClient (GrpcClientProtocolClient.java:onNext(264)) - client-119D756B1005->4234af2c-5377-4886-a4e8-6fe45d0af45e: receive RaftClientReply:client-119D756B1005->4234af2c-5377-4886-a4e8-6fe45d0af45e@group-A1165329A1F1, cid=932, SUCCESS, logIndex=1236, commits[4234af2c-5377-4886-a4e8-6fe45d0af45e:c1237, cef72988-acf5-49ad-9ec7-695a80e7a66d:c1235, d677508c-6db9-4741-b51c-49af5e4cf22f:c1235]
2019-09-08 07:07:23,249 [grpc-default-executor-6] INFO  client.GrpcClientProtocolClient (GrpcClientProtocolClient.java:onNext(264)) - client-119D756B1005->4234af2c-5377-4886-a4e8-6fe45d0af45e: receive RaftClientReply:client-119D756B1005->4234af2c-5377-4886-a4e8-6fe45d0af45e@group-A1165329A1F1, cid=933, SUCCESS, logIndex=1237, commits[4234af2c-5377-4886-a4e8-6fe45d0af45e:c1237, cef72988-acf5-49ad-9ec7-695a80e7a66d:c1235, d677508c-6db9-4741-b51c-49af5e4cf22f:c1235]
2019-09-08 07:07:23,263 [grpc-default-executor-0] INFO  client.GrpcClientProtocolClient (GrpcClientProtocolClient.java:onNext(264)) - client-119D756B1005->4234af2c-5377-4886-a4e8-6fe45d0af45e: receive RaftClientReply:client-119D756B1005->4234af2c-5377-4886-a4e8-6fe45d0af45e@group-A1165329A1F1, cid=934, SUCCESS, logIndex=1240, commits[4234af2c-5377-4886-a4e8-6fe45d0af45e:c1240, cef72988-acf5-49ad-9ec7-695a80e7a66d:c1237, d677508c-6db9-4741-b51c-49af5e4cf22f:c1237]
2019-09-08 07:07:23,263 [grpc-default-executor-0] INFO  client.GrpcClientProtocolClient (GrpcClientProtocolClient.java:onNext(264)) - client-119D756B1005->4234af2c-5377-4886-a4e8-6fe45d0af45e: receive RaftClientReply:client-119D756B1005->4234af2c-5377-4886-a4e8-6fe45d0af45e@group-A1165329A1F1, cid=935, SUCCESS, logIndex=1241, commits[4234af2c-5377-4886-a4e8-6fe45d0af45e:c1241, cef72988-acf5-49ad-9ec7-695a80e7a66d:c1237, d677508c-6db9-4741-b51c-49af5e4cf22f:c1237]
2019-09-08 07:07:23,281 [grpc-default-executor-0] INFO  client.GrpcClientProtocolClient (GrpcClientProtocolClient.java:onNext(264)) - client-119D756B1005->4234af2c-5377-4886-a4e8-6fe45d0af45e: receive RaftClientReply:client-119D756B1005->4234af2c-5377-4886-a4e8-6fe45d0af45e@group-A1165329A1F1, cid=936, SUCCESS, logIndex=0, commits[4234af2c-5377-4886-a4e8-6fe45d0af45e:c1243, cef72988-acf5-49ad-9ec7-695a80e7a66d:c1241, d677508c-6db9-4741-b51c-49af5e4cf22f:c1241]
 0.00% |█                                                                                                    |  0/1 Time: 0:00:042019-09-08 07:07:23,296 [grpc-default-executor-6] INFO  client.GrpcClientProtocolClient (GrpcClientProtocolClient.java:onNext(264)) - client-119D756B1005->4234af2c-5377-4886-a4e8-6fe45d0af45e: receive RaftClientReply:client-119D756B1005->4234af2c-5377-4886-a4e8-6fe45d0af45e@group-A1165329A1F1, cid=937, SUCCESS, logIndex=1244, commits[4234af2c-5377-4886-a4e8-6fe45d0af45e:c1245, cef72988-acf5-49ad-9ec7-695a80e7a66d:c1243, d677508c-6db9-4741-b51c-49af5e4cf22f:c1241]
2019-09-08 07:07:23,297 [grpc-default-executor-6] INFO  client.GrpcClientProtocolClient (GrpcClientProtocolClient.java:onNext(264)) - client-119D756B1005->4234af2c-5377-4886-a4e8-6fe45d0af45e: receive RaftClientReply:client-119D756B1005->4234af2c-5377-4886-a4e8-6fe45d0af45e@group-A1165329A1F1, cid=938, SUCCESS, logIndex=1245, commits[4234af2c-5377-4886-a4e8-6fe45d0af45e:c1245, cef72988-acf5-49ad-9ec7-695a80e7a66d:c1243, d677508c-6db9-4741-b51c-49af5e4cf22f:c1241]
2019-09-08 07:07:23,298 [grpc-default-executor-0] INFO  client.GrpcClientProtocolClient (GrpcClientProtocolClient.java:onNext(264)) - client-119D756B1005->4234af2c-5377-4886-a4e8-6fe45d0af45e: receive RaftClientReply:client-119D756B1005->4234af2c-5377-4886-a4e8-6fe45d0af45e@group-A1165329A1F1, cid=939, SUCCESS, logIndex=1246, commits[4234af2c-5377-4886-a4e8-6fe45d0af45e:c1247, cef72988-acf5-49ad-9ec7-695a80e7a66d:c1243, d677508c-6db9-4741-b51c-49af5e4cf22f:c1241]
2019-09-08 07:07:23,298 [grpc-default-executor-0] INFO  client.GrpcClientProtocolClient (GrpcClientProtocolClient.java:onNext(264)) - client-119D756B1005->4234af2c-5377-4886-a4e8-6fe45d0af45e: receive RaftClientReply:client-119D756B1005->4234af2c-5377-4886-a4e8-6fe45d0af45e@group-A1165329A1F1, cid=940, SUCCESS, logIndex=1247, commits[4234af2c-5377-4886-a4e8-6fe45d0af45e:c1247, cef72988-acf5-49ad-9ec7-695a80e7a66d:c1243, d677508c-6db9-4741-b51c-49af5e4cf22f:c1243]
2019-09-08 07:07:23,302 [grpc-default-executor-3] INFO  client.GrpcClientProtocolClient (GrpcClientProtocolClient.java:onNext(264)) - client-119D756B1005->4234af2c-5377-4886-a4e8-6fe45d0af45e: receive RaftClientReply:client-119D756B1005->4234af2c-5377-4886-a4e8-6fe45d0af45e@group-A1165329A1F1, cid=941, SUCCESS, logIndex=0, commits[4234af2c-5377-4886-a4e8-6fe45d0af45e:c1251, cef72988-acf5-49ad-9ec7-695a80e7a66d:c1247, d677508c-6db9-4741-b51c-49af5e4cf22f:c1247]
2019-09-08 07:07:23,315 [grpc-default-executor-6] INFO  client.GrpcClientProtocolClient (GrpcClientProtocolClient.java:onNext(264)) - client-119D756B1005->4234af2c-5377-4886-a4e8-6fe45d0af45e: receive RaftClientReply:client-119D756B1005->4234af2c-5377-4886-a4e8-6fe45d0af45e@group-A1165329A1F1, cid=942, SUCCESS, logIndex=1252, commits[4234af2c-5377-4886-a4e8-6fe45d0af45e:c1253, cef72988-acf5-49ad-9ec7-695a80e7a66d:c1251, d677508c-6db9-4741-b51c-49af5e4cf22f:c1247]
2019-09-08 07:07:23,315 [grpc-default-executor-6] INFO  client.GrpcClientProtocolClient (GrpcClientProtocolClient.java:onNext(264)) - client-119D756B1005->4234af2c-5377-4886-a4e8-6fe45d0af45e: receive RaftClientReply:client-119D756B1005->4234af2c-5377-4886-a4e8-6fe45d0af45e@group-A1165329A1F1, cid=943, SUCCESS, logIndex=1253, commits[4234af2c-5377-4886-a4e8-6fe45d0af45e:c1253, cef72988-acf5-49ad-9ec7-695a80e7a66d:c1251, d677508c-6db9-4741-b51c-49af5e4cf22f:c1251]
2019-09-08 07:07:23,350 [grpc-default-executor-0] INFO  client.GrpcClientProtocolClient (GrpcClientProtocolClient.java:onNext(264)) - client-119D756B1005->4234af2c-5377-4886-a4e8-6fe45d0af45e: receive RaftClientReply:client-119D756B1005->4234af2c-5377-4886-a4e8-6fe45d0af45e@group-A1165329A1F1, cid=944, SUCCESS, logIndex=1256, commits[4234af2c-5377-4886-a4e8-6fe45d0af45e:c1257, cef72988-acf5-49ad-9ec7-695a80e7a66d:c1255, d677508c-6db9-4741-b51c-49af5e4cf22f:c1255]
2019-09-08 07:07:23,350 [grpc-default-executor-0] INFO  client.GrpcClientProtocolClient (GrpcClientProtocolClient.java:onNext(264)) - client-119D756B1005->4234af2c-5377-4886-a4e8-6fe45d0af45e: receive RaftClientReply:client-119D756B1005->4234af2c-5377-4886-a4e8-6fe45d0af45e@group-A1165329A1F1, cid=945, SUCCESS, logIndex=1257, commits[4234af2c-5377-4886-a4e8-6fe45d0af45e:c1257, cef72988-acf5-49ad-9ec7-695a80e7a66d:c1255, d677508c-6db9-4741-b51c-49af5e4cf22f:c1255]
2019-09-08 07:07:23,364 [grpc-default-executor-0] INFO  client.GrpcClientProtocolClient (GrpcClientProtocolClient.java:onNext(264)) - client-119D756B1005->4234af2c-5377-4886-a4e8-6fe45d0af45e: receive RaftClientReply:client-119D756B1005->4234af2c-5377-4886-a4e8-6fe45d0af45e@group-A1165329A1F1, cid=946, SUCCESS, logIndex=0, commits[4234af2c-5377-4886-a4e8-6fe45d0af45e:c1259, cef72988-acf5-49ad-9ec7-695a80e7a66d:c1257, d677508c-6db9-4741-b51c-49af5e4cf22f:c1257]
2019-09-08 07:07:23,385 [grpc-default-executor-6] INFO  client.GrpcClientProtocolClient (GrpcClientProtocolClient.java:onNext(264)) - client-119D756B1005->4234af2c-5377-4886-a4e8-6fe45d0af45e: receive RaftClientReply:client-119D756B1005->4234af2c-5377-4886-a4e8-6fe45d0af45e@group-A1165329A1F1, cid=947, SUCCESS, logIndex=1260, commits[4234af2c-5377-4886-a4e8-6fe45d0af45e:c1261, cef72988-acf5-49ad-9ec7-695a80e7a66d:c1259, d677508c-6db9-4741-b51c-49af5e4cf22f:c1259]
2019-09-08 07:07:23,386 [grpc-default-executor-6] INFO  client.GrpcClientProtocolClient (GrpcClientProtocolClient.java:onNext(264)) - client-119D756B1005->4234af2c-5377-4886-a4e8-6fe45d0af45e: receive RaftClientReply:client-119D756B1005->4234af2c-5377-4886-a4e8-6fe45d0af45e@group-A1165329A1F1, cid=948, SUCCESS, logIndex=1261, commits[4234af2c-5377-4886-a4e8-6fe45d0af45e:c1262, cef72988-acf5-49ad-9ec7-695a80e7a66d:c1259, d677508c-6db9-4741-b51c-49af5e4cf22f:c1259]
2019-09-08 07:07:23,386 [grpc-default-executor-6] INFO  client.GrpcClientProtocolClient (GrpcClientProtocolClient.java:onNext(264)) - client-119D756B1005->4234af2c-5377-4886-a4e8-6fe45d0af45e: receive RaftClientReply:client-119D756B1005->4234af2c-5377-4886-a4e8-6fe45d0af45e@group-A1165329A1F1, cid=949, SUCCESS, logIndex=1262, commits[4234af2c-5377-4886-a4e8-6fe45d0af45e:c1263, cef72988-acf5-49ad-9ec7-695a80e7a66d:c1259, d677508c-6db9-4741-b51c-49af5e4cf22f:c1259]
2019-09-08 07:07:23,387 [grpc-default-executor-6] INFO  client.GrpcClientProtocolClient (GrpcClientProtocolClient.java:onNext(264)) - client-119D756B1005->4234af2c-5377-4886-a4e8-6fe45d0af45e: receive RaftClientReply:client-119D756B1005->4234af2c-5377-4886-a4e8-6fe45d0af45e@group-A1165329A1F1, cid=950, SUCCESS, logIndex=1263, commits[4234af2c-5377-4886-a4e8-6fe45d0af45e:c1263, cef72988-acf5-49ad-9ec7-695a80e7a66d:c1259, d677508c-6db9-4741-b51c-49af5e4cf22f:c1259]
2019-09-08 07:07:23,388 [grpc-default-executor-4] INFO  client.GrpcClientProtocolClient (GrpcClientProtocolClient.java:onNext(264)) - client-119D756B1005->4234af2c-5377-4886-a4e8-6fe45d0af45e: receive RaftClientReply:client-119D756B1005->4234af2c-5377-4886-a4e8-6fe45d0af45e@group-A1165329A1F1, cid=951, SUCCESS, logIndex=0, commits[4234af2c-5377-4886-a4e8-6fe45d0af45e:c1265, cef72988-acf5-49ad-9ec7-695a80e7a66d:c1261, d677508c-6db9-4741-b51c-49af5e4cf22f:c1261]
2019-09-08 07:07:23,401 [grpc-default-executor-0] INFO  client.GrpcClientProtocolClient (GrpcClientProtocolClient.java:onNext(264)) - client-119D756B1005->4234af2c-5377-4886-a4e8-6fe45d0af45e: receive RaftClientReply:client-119D756B1005->4234af2c-5377-4886-a4e8-6fe45d0af45e@group-A1165329A1F1, cid=952, SUCCESS, logIndex=1268, commits[4234af2c-5377-4886-a4e8-6fe45d0af45e:c1269, cef72988-acf5-49ad-9ec7-695a80e7a66d:c1267, d677508c-6db9-4741-b51c-49af5e4cf22f:c1267]
2019-09-08 07:07:23,401 [grpc-default-executor-0] INFO  client.GrpcClientProtocolClient (GrpcClientProtocolClient.java:onNext(264)) - client-119D756B1005->4234af2c-5377-4886-a4e8-6fe45d0af45e: receive RaftClientReply:client-119D756B1005->4234af2c-5377-4886-a4e8-6fe45d0af45e@group-A1165329A1F1, cid=953, SUCCESS, logIndex=1269, commits[4234af2c-5377-4886-a4e8-6fe45d0af45e:c1269, cef72988-acf5-49ad-9ec7-695a80e7a66d:c1267, d677508c-6db9-4741-b51c-49af5e4cf22f:c1267]
2019-09-08 07:07:23,421 [grpc-default-executor-3] INFO  client.GrpcClientProtocolClient (GrpcClientProtocolClient.java:onNext(264)) - client-119D756B1005->4234af2c-5377-4886-a4e8-6fe45d0af45e: receive RaftClientReply:client-119D756B1005->4234af2c-5377-4886-a4e8-6fe45d0af45e@group-A1165329A1F1, cid=954, SUCCESS, logIndex=1272, commits[4234af2c-5377-4886-a4e8-6fe45d0af45e:c1273, cef72988-acf5-49ad-9ec7-695a80e7a66d:c1270, d677508c-6db9-4741-b51c-49af5e4cf22f:c1269]
2019-09-08 07:07:23,422 [grpc-default-executor-3] INFO  client.GrpcClientProtocolClient (GrpcClientProtocolClient.java:onNext(264)) - client-119D756B1005->4234af2c-5377-4886-a4e8-6fe45d0af45e: receive RaftClientReply:client-119D756B1005->4234af2c-5377-4886-a4e8-6fe45d0af45e@group-A1165329A1F1, cid=955, SUCCESS, logIndex=1273, commits[4234af2c-5377-4886-a4e8-6fe45d0af45e:c1273, cef72988-acf5-49ad-9ec7-695a80e7a66d:c1270, d677508c-6db9-4741-b51c-49af5e4cf22f:c1270]
2019-09-08 07:07:23,431 [grpc-default-executor-3] INFO  client.GrpcClientProtocolClient (GrpcClientProtocolClient.java:onNext(264)) - client-119D756B1005->4234af2c-5377-4886-a4e8-6fe45d0af45e: receive RaftClientReply:client-119D756B1005->4234af2c-5377-4886-a4e8-6fe45d0af45e@group-A1165329A1F1, cid=956, SUCCESS, logIndex=0, commits[4234af2c-5377-4886-a4e8-6fe45d0af45e:c1274, cef72988-acf5-49ad-9ec7-695a80e7a66d:c1273, d677508c-6db9-4741-b51c-49af5e4cf22f:c1273]
2019-09-08 07:07:23,515 [grpc-default-executor-4] INFO  client.GrpcClientProtocolClient (GrpcClientProtocolClient.java:onNext(264)) - client-119D756B1005->4234af2c-5377-4886-a4e8-6fe45d0af45e: receive RaftClientReply:client-119D756B1005->4234af2c-5377-4886-a4e8-6fe45d0af45e@group-A1165329A1F1, cid=957, SUCCESS, logIndex=1276, commits[4234af2c-5377-4886-a4e8-6fe45d0af45e:c1279, cef72988-acf5-49ad-9ec7-695a80e7a66d:c1275, d677508c-6db9-4741-b51c-49af5e4cf22f:c1275]
2019-09-08 07:07:23,516 [grpc-default-executor-4] INFO  client.GrpcClientProtocolClient (GrpcClientProtocolClient.java:onNext(264)) - client-119D756B1005->4234af2c-5377-4886-a4e8-6fe45d0af45e: receive RaftClientReply:client-119D756B1005->4234af2c-5377-4886-a4e8-6fe45d0af45e@group-A1165329A1F1, cid=958, SUCCESS, logIndex=1277, commits[4234af2c-5377-4886-a4e8-6fe45d0af45e:c1279, cef72988-acf5-49ad-9ec7-695a80e7a66d:c1275, d677508c-6db9-4741-b51c-49af5e4cf22f:c1275]
2019-09-08 07:07:23,517 [grpc-default-executor-4] INFO  client.GrpcClientProtocolClient (GrpcClientProtocolClient.java:onNext(264)) - client-119D756B1005->4234af2c-5377-4886-a4e8-6fe45d0af45e: receive RaftClientReply:client-119D756B1005->4234af2c-5377-4886-a4e8-6fe45d0af45e@group-A1165329A1F1, cid=959, SUCCESS, logIndex=1278, commits[4234af2c-5377-4886-a4e8-6fe45d0af45e:c1279, cef72988-acf5-49ad-9ec7-695a80e7a66d:c1275, d677508c-6db9-4741-b51c-49af5e4cf22f:c1275]
2019-09-08 07:07:23,517 [grpc-default-executor-4] INFO  client.GrpcClientProtocolClient (GrpcClientProtocolClient.java:onNext(264)) - client-119D756B1005->4234af2c-5377-4886-a4e8-6fe45d0af45e: receive RaftClientReply:client-119D756B1005->4234af2c-5377-4886-a4e8-6fe45d0af45e@group-A1165329A1F1, cid=960, SUCCESS, logIndex=1279, commits[4234af2c-5377-4886-a4e8-6fe45d0af45e:c1279, cef72988-acf5-49ad-9ec7-695a80e7a66d:c1275, d677508c-6db9-4741-b51c-49af5e4cf22f:c1275]
2019-09-08 07:07:23,520 [grpc-default-executor-4] INFO  client.GrpcClientProtocolClient (GrpcClientProtocolClient.java:onNext(264)) - client-119D756B1005->4234af2c-5377-4886-a4e8-6fe45d0af45e: receive RaftClientReply:client-119D756B1005->4234af2c-5377-4886-a4e8-6fe45d0af45e@group-A1165329A1F1, cid=961, SUCCESS, logIndex=0, commits[4234af2c-5377-4886-a4e8-6fe45d0af45e:c1280, cef72988-acf5-49ad-9ec7-695a80e7a66d:c1279, d677508c-6db9-4741-b51c-49af5e4cf22f:c1279]
2019-09-08 07:07:23,543 [grpc-default-executor-4] INFO  client.GrpcClientProtocolClient (GrpcClientProtocolClient.java:onNext(264)) - client-119D756B1005->4234af2c-5377-4886-a4e8-6fe45d0af45e: receive RaftClientReply:client-119D756B1005->4234af2c-5377-4886-a4e8-6fe45d0af45e@group-A1165329A1F1, cid=962, SUCCESS, logIndex=1282, commits[4234af2c-5377-4886-a4e8-6fe45d0af45e:c1283, cef72988-acf5-49ad-9ec7-695a80e7a66d:c1280, d677508c-6db9-4741-b51c-49af5e4cf22f:c1280]
2019-09-08 07:07:23,544 [grpc-default-executor-4] INFO  client.GrpcClientProtocolClient (GrpcClientProtocolClient.java:onNext(264)) - client-119D756B1005->4234af2c-5377-4886-a4e8-6fe45d0af45e: receive RaftClientReply:client-119D756B1005->4234af2c-5377-4886-a4e8-6fe45d0af45e@group-A1165329A1F1, cid=963, SUCCESS, logIndex=1283, commits[4234af2c-5377-4886-a4e8-6fe45d0af45e:c1283, cef72988-acf5-49ad-9ec7-695a80e7a66d:c1280, d677508c-6db9-4741-b51c-49af5e4cf22f:c1280]
2019-09-08 07:07:23,559 [grpc-default-executor-0] INFO  client.GrpcClientProtocolClient (GrpcClientProtocolClient.java:onNext(264)) - client-119D756B1005->4234af2c-5377-4886-a4e8-6fe45d0af45e: receive RaftClientReply:client-119D756B1005->4234af2c-5377-4886-a4e8-6fe45d0af45e@group-A1165329A1F1, cid=964, SUCCESS, logIndex=1286, commits[4234af2c-5377-4886-a4e8-6fe45d0af45e:c1287, cef72988-acf5-49ad-9ec7-695a80e7a66d:c1283, d677508c-6db9-4741-b51c-49af5e4cf22f:c1283]
2019-09-08 07:07:23,559 [grpc-default-executor-0] INFO  client.GrpcClientProtocolClient (GrpcClientProtocolClient.java:onNext(264)) - client-119D756B1005->4234af2c-5377-4886-a4e8-6fe45d0af45e: receive RaftClientReply:client-119D756B1005->4234af2c-5377-4886-a4e8-6fe45d0af45e@group-A1165329A1F1, cid=965, SUCCESS, logIndex=1287, commits[4234af2c-5377-4886-a4e8-6fe45d0af45e:c1287, cef72988-acf5-49ad-9ec7-695a80e7a66d:c1283, d677508c-6db9-4741-b51c-49af5e4cf22f:c1283]
2019-09-08 07:07:23,561 [grpc-default-executor-0] INFO  client.GrpcClientProtocolClient (GrpcClientProtocolClient.java:onNext(264)) - client-119D756B1005->4234af2c-5377-4886-a4e8-6fe45d0af45e: receive RaftClientReply:client-119D756B1005->4234af2c-5377-4886-a4e8-6fe45d0af45e@group-A1165329A1F1, cid=966, SUCCESS, logIndex=0, commits[4234af2c-5377-4886-a4e8-6fe45d0af45e:c1289, cef72988-acf5-49ad-9ec7-695a80e7a66d:c1287, d677508c-6db9-4741-b51c-49af5e4cf22f:c1287]
2019-09-08 07:07:23,582 [grpc-default-executor-0] INFO  client.GrpcClientProtocolClient (GrpcClientProtocolClient.java:onNext(264)) - client-119D756B1005->4234af2c-5377-4886-a4e8-6fe45d0af45e: receive RaftClientReply:client-119D756B1005->4234af2c-5377-4886-a4e8-6fe45d0af45e@group-A1165329A1F1, cid=967, SUCCESS, logIndex=1290, commits[4234af2c-5377-4886-a4e8-6fe45d0af45e:c1291, cef72988-acf5-49ad-9ec7-695a80e7a66d:c1289, d677508c-6db9-4741-b51c-49af5e4cf22f:c1289]
2019-09-08 07:07:23,583 [grpc-default-executor-3] INFO  client.GrpcClientProtocolClient (GrpcClientProtocolClient.java:onNext(264)) - client-119D756B1005->4234af2c-5377-4886-a4e8-6fe45d0af45e: receive RaftClientReply:client-119D756B1005->4234af2c-5377-4886-a4e8-6fe45d0af45e@group-A1165329A1F1, cid=968, SUCCESS, logIndex=1291, commits[4234af2c-5377-4886-a4e8-6fe45d0af45e:c1291, cef72988-acf5-49ad-9ec7-695a80e7a66d:c1289, d677508c-6db9-4741-b51c-49af5e4cf22f:c1289]
2019-09-08 07:07:23,584 [grpc-default-executor-3] INFO  client.GrpcClientProtocolClient (GrpcClientProtocolClient.java:onNext(264)) - client-119D756B1005->4234af2c-5377-4886-a4e8-6fe45d0af45e: receive RaftClientReply:client-119D756B1005->4234af2c-5377-4886-a4e8-6fe45d0af45e@group-A1165329A1F1, cid=969, SUCCESS, logIndex=1292, commits[4234af2c-5377-4886-a4e8-6fe45d0af45e:c1293, cef72988-acf5-49ad-9ec7-695a80e7a66d:c1289, d677508c-6db9-4741-b51c-49af5e4cf22f:c1289]
2019-09-08 07:07:23,584 [grpc-default-executor-3] INFO  client.GrpcClientProtocolClient (GrpcClientProtocolClient.java:onNext(264)) - client-119D756B1005->4234af2c-5377-4886-a4e8-6fe45d0af45e: receive RaftClientReply:client-119D756B1005->4234af2c-5377-4886-a4e8-6fe45d0af45e@group-A1165329A1F1, cid=970, SUCCESS, logIndex=1293, commits[4234af2c-5377-4886-a4e8-6fe45d0af45e:c1293, cef72988-acf5-49ad-9ec7-695a80e7a66d:c1289, d677508c-6db9-4741-b51c-49af5e4cf22f:c1289]
2019-09-08 07:07:23,585 [grpc-default-executor-3] INFO  client.GrpcClientProtocolClient (GrpcClientProtocolClient.java:onNext(264)) - client-119D756B1005->4234af2c-5377-4886-a4e8-6fe45d0af45e: receive RaftClientReply:client-119D756B1005->4234af2c-5377-4886-a4e8-6fe45d0af45e@group-A1165329A1F1, cid=971, SUCCESS, logIndex=0, commits[4234af2c-5377-4886-a4e8-6fe45d0af45e:c1295, cef72988-acf5-49ad-9ec7-695a80e7a66d:c1291, d677508c-6db9-4741-b51c-49af5e4cf22f:c1291]
2019-09-08 07:07:23,602 [grpc-default-executor-4] INFO  client.GrpcClientProtocolClient (GrpcClientProtocolClient.java:onNext(264)) - client-119D756B1005->4234af2c-5377-4886-a4e8-6fe45d0af45e: receive RaftClientReply:client-119D756B1005->4234af2c-5377-4886-a4e8-6fe45d0af45e@group-A1165329A1F1, cid=972, SUCCESS, logIndex=1298, commits[4234af2c-5377-4886-a4e8-6fe45d0af45e:c1299, cef72988-acf5-49ad-9ec7-695a80e7a66d:c1297, d677508c-6db9-4741-b51c-49af5e4cf22f:c1297]
2019-09-08 07:07:23,603 [grpc-default-executor-4] INFO  client.GrpcClientProtocolClient (GrpcClientProtocolClient.java:onNext(264)) - client-119D756B1005->4234af2c-5377-4886-a4e8-6fe45d0af45e: receive RaftClientReply:client-119D756B1005->4234af2c-5377-4886-a4e8-6fe45d0af45e@group-A1165329A1F1, cid=973, SUCCESS, logIndex=1299, commits[4234af2c-5377-4886-a4e8-6fe45d0af45e:c1299, cef72988-acf5-49ad-9ec7-695a80e7a66d:c1297, d677508c-6db9-4741-b51c-49af5e4cf22f:c1297]
2019-09-08 07:07:23,617 [grpc-default-executor-3] INFO  client.GrpcClientProtocolClient (GrpcClientProtocolClient.java:onNext(264)) - client-119D756B1005->4234af2c-5377-4886-a4e8-6fe45d0af45e: receive RaftClientReply:client-119D756B1005->4234af2c-5377-4886-a4e8-6fe45d0af45e@group-A1165329A1F1, cid=974, SUCCESS, logIndex=1302, commits[4234af2c-5377-4886-a4e8-6fe45d0af45e:c1302, cef72988-acf5-49ad-9ec7-695a80e7a66d:c1299, d677508c-6db9-4741-b51c-49af5e4cf22f:c1299]
2019-09-08 07:07:23,617 [grpc-default-executor-3] INFO  client.GrpcClientProtocolClient (GrpcClientProtocolClient.java:onNext(264)) - client-119D756B1005->4234af2c-5377-4886-a4e8-6fe45d0af45e: receive RaftClientReply:client-119D756B1005->4234af2c-5377-4886-a4e8-6fe45d0af45e@group-A1165329A1F1, cid=975, SUCCESS, logIndex=1303, commits[4234af2c-5377-4886-a4e8-6fe45d0af45e:c1303, cef72988-acf5-49ad-9ec7-695a80e7a66d:c1299, d677508c-6db9-4741-b51c-49af5e4cf22f:c1299]
2019-09-08 07:07:23,630 [grpc-default-executor-4] INFO  client.GrpcClientProtocolClient (GrpcClientProtocolClient.java:onNext(264)) - client-119D756B1005->4234af2c-5377-4886-a4e8-6fe45d0af45e: receive RaftClientReply:client-119D756B1005->4234af2c-5377-4886-a4e8-6fe45d0af45e@group-A1165329A1F1, cid=976, SUCCESS, logIndex=0, commits[4234af2c-5377-4886-a4e8-6fe45d0af45e:c1305, cef72988-acf5-49ad-9ec7-695a80e7a66d:c1303, d677508c-6db9-4741-b51c-49af5e4cf22f:c1303]
2019-09-08 07:07:23,643 [grpc-default-executor-4] INFO  client.GrpcClientProtocolClient (GrpcClientProtocolClient.java:onNext(264)) - client-119D756B1005->4234af2c-5377-4886-a4e8-6fe45d0af45e: receive RaftClientReply:client-119D756B1005->4234af2c-5377-4886-a4e8-6fe45d0af45e@group-A1165329A1F1, cid=977, SUCCESS, logIndex=1306, commits[4234af2c-5377-4886-a4e8-6fe45d0af45e:c1307, cef72988-acf5-49ad-9ec7-695a80e7a66d:c1305, d677508c-6db9-4741-b51c-49af5e4cf22f:c1305]
2019-09-08 07:07:23,644 [grpc-default-executor-4] INFO  client.GrpcClientProtocolClient (GrpcClientProtocolClient.java:onNext(264)) - client-119D756B1005->4234af2c-5377-4886-a4e8-6fe45d0af45e: receive RaftClientReply:client-119D756B1005->4234af2c-5377-4886-a4e8-6fe45d0af45e@group-A1165329A1F1, cid=978, SUCCESS, logIndex=1307, commits[4234af2c-5377-4886-a4e8-6fe45d0af45e:c1307, cef72988-acf5-49ad-9ec7-695a80e7a66d:c1305, d677508c-6db9-4741-b51c-49af5e4cf22f:c1305]
2019-09-08 07:07:23,644 [grpc-default-executor-4] INFO  client.GrpcClientProtocolClient (GrpcClientProtocolClient.java:onNext(264)) - client-119D756B1005->4234af2c-5377-4886-a4e8-6fe45d0af45e: receive RaftClientReply:client-119D756B1005->4234af2c-5377-4886-a4e8-6fe45d0af45e@group-A1165329A1F1, cid=979, SUCCESS, logIndex=1308, commits[4234af2c-5377-4886-a4e8-6fe45d0af45e:c1309, cef72988-acf5-49ad-9ec7-695a80e7a66d:c1305, d677508c-6db9-4741-b51c-49af5e4cf22f:c1305]
2019-09-08 07:07:23,644 [grpc-default-executor-4] INFO  client.GrpcClientProtocolClient (GrpcClientProtocolClient.java:onNext(264)) - client-119D756B1005->4234af2c-5377-4886-a4e8-6fe45d0af45e: receive RaftClientReply:client-119D756B1005->4234af2c-5377-4886-a4e8-6fe45d0af45e@group-A1165329A1F1, cid=980, SUCCESS, logIndex=1309, commits[4234af2c-5377-4886-a4e8-6fe45d0af45e:c1309, cef72988-acf5-49ad-9ec7-695a80e7a66d:c1305, d677508c-6db9-4741-b51c-49af5e4cf22f:c1305]
2019-09-08 07:07:23,646 [grpc-default-executor-4] INFO  client.GrpcClientProtocolClient (GrpcClientProtocolClient.java:onNext(264)) - client-119D756B1005->4234af2c-5377-4886-a4e8-6fe45d0af45e: receive RaftClientReply:client-119D756B1005->4234af2c-5377-4886-a4e8-6fe45d0af45e@group-A1165329A1F1, cid=981, SUCCESS, logIndex=0, commits[4234af2c-5377-4886-a4e8-6fe45d0af45e:c1312, cef72988-acf5-49ad-9ec7-695a80e7a66d:c1309, d677508c-6db9-4741-b51c-49af5e4cf22f:c1307]
2019-09-08 07:07:23,661 [grpc-default-executor-6] INFO  client.GrpcClientProtocolClient (GrpcClientProtocolClient.java:onNext(264)) - client-119D756B1005->4234af2c-5377-4886-a4e8-6fe45d0af45e: receive RaftClientReply:client-119D756B1005->4234af2c-5377-4886-a4e8-6fe45d0af45e@group-A1165329A1F1, cid=982, SUCCESS, logIndex=1314, commits[4234af2c-5377-4886-a4e8-6fe45d0af45e:c1315, cef72988-acf5-49ad-9ec7-695a80e7a66d:c1313, d677508c-6db9-4741-b51c-49af5e4cf22f:c1313]
2019-09-08 07:07:23,662 [grpc-default-executor-6] INFO  client.GrpcClientProtocolClient (GrpcClientProtocolClient.java:onNext(264)) - client-119D756B1005->4234af2c-5377-4886-a4e8-6fe45d0af45e: receive RaftClientReply:client-119D756B1005->4234af2c-5377-4886-a4e8-6fe45d0af45e@group-A1165329A1F1, cid=983, SUCCESS, logIndex=1315, commits[4234af2c-5377-4886-a4e8-6fe45d0af45e:c1315, cef72988-acf5-49ad-9ec7-695a80e7a66d:c1313, d677508c-6db9-4741-b51c-49af5e4cf22f:c1313]
2019-09-08 07:07:23,676 [grpc-default-executor-6] INFO  client.GrpcClientProtocolClient (GrpcClientProtocolClient.java:onNext(264)) - client-119D756B1005->4234af2c-5377-4886-a4e8-6fe45d0af45e: receive RaftClientReply:client-119D756B1005->4234af2c-5377-4886-a4e8-6fe45d0af45e@group-A1165329A1F1, cid=984, SUCCESS, logIndex=1318, commits[4234af2c-5377-4886-a4e8-6fe45d0af45e:c1319, cef72988-acf5-49ad-9ec7-695a80e7a66d:c1315, d677508c-6db9-4741-b51c-49af5e4cf22f:c1315]
2019-09-08 07:07:23,676 [grpc-default-executor-6] INFO  client.GrpcClientProtocolClient (GrpcClientProtocolClient.java:onNext(264)) - client-119D756B1005->4234af2c-5377-4886-a4e8-6fe45d0af45e: receive RaftClientReply:client-119D756B1005->4234af2c-5377-4886-a4e8-6fe45d0af45e@group-A1165329A1F1, cid=985, SUCCESS, logIndex=1319, commits[4234af2c-5377-4886-a4e8-6fe45d0af45e:c1319, cef72988-acf5-49ad-9ec7-695a80e7a66d:c1315, d677508c-6db9-4741-b51c-49af5e4cf22f:c1315]
2019-09-08 07:07:23,686 [grpc-default-executor-6] INFO  client.GrpcClientProtocolClient (GrpcClientProtocolClient.java:onNext(264)) - client-119D756B1005->4234af2c-5377-4886-a4e8-6fe45d0af45e: receive RaftClientReply:client-119D756B1005->4234af2c-5377-4886-a4e8-6fe45d0af45e@group-A1165329A1F1, cid=986, SUCCESS, logIndex=0, commits[4234af2c-5377-4886-a4e8-6fe45d0af45e:c1320, cef72988-acf5-49ad-9ec7-695a80e7a66d:c1319, d677508c-6db9-4741-b51c-49af5e4cf22f:c1319]
2019-09-08 07:07:23,865 [grpc-default-executor-4] INFO  client.GrpcClientProtocolClient (GrpcClientProtocolClient.java:onNext(264)) - client-119D756B1005->4234af2c-5377-4886-a4e8-6fe45d0af45e: receive RaftClientReply:client-119D756B1005->4234af2c-5377-4886-a4e8-6fe45d0af45e@group-A1165329A1F1, cid=987, SUCCESS, logIndex=1322, commits[4234af2c-5377-4886-a4e8-6fe45d0af45e:c1323, cef72988-acf5-49ad-9ec7-695a80e7a66d:c1321, d677508c-6db9-4741-b51c-49af5e4cf22f:c1319]
2019-09-08 07:07:23,866 [grpc-default-executor-6] INFO  client.GrpcClientProtocolClient (GrpcClientProtocolClient.java:onNext(264)) - client-119D756B1005->4234af2c-5377-4886-a4e8-6fe45d0af45e: receive RaftClientReply:client-119D756B1005->4234af2c-5377-4886-a4e8-6fe45d0af45e@group-A1165329A1F1, cid=988, SUCCESS, logIndex=1323, commits[4234af2c-5377-4886-a4e8-6fe45d0af45e:c1325, cef72988-acf5-49ad-9ec7-695a80e7a66d:c1321, d677508c-6db9-4741-b51c-49af5e4cf22f:c1319]
2019-09-08 07:07:23,872 [grpc-default-executor-4] INFO  client.GrpcClientProtocolClient (GrpcClientProtocolClient.java:onNext(264)) - client-119D756B1005->4234af2c-5377-4886-a4e8-6fe45d0af45e: receive RaftClientReply:client-119D756B1005->4234af2c-5377-4886-a4e8-6fe45d0af45e@group-A1165329A1F1, cid=989, SUCCESS, logIndex=1324, commits[4234af2c-5377-4886-a4e8-6fe45d0af45e:c1325, cef72988-acf5-49ad-9ec7-695a80e7a66d:c1321, d677508c-6db9-4741-b51c-49af5e4cf22f:c1319]
2019-09-08 07:07:23,873 [grpc-default-executor-6] INFO  client.GrpcClientProtocolClient (GrpcClientProtocolClient.java:onNext(264)) - client-119D756B1005->4234af2c-5377-4886-a4e8-6fe45d0af45e: receive RaftClientReply:client-119D756B1005->4234af2c-5377-4886-a4e8-6fe45d0af45e@group-A1165329A1F1, cid=990, SUCCESS, logIndex=1325, commits[4234af2c-5377-4886-a4e8-6fe45d0af45e:c1325, cef72988-acf5-49ad-9ec7-695a80e7a66d:c1321, d677508c-6db9-4741-b51c-49af5e4cf22f:c1319]
2019-09-08 07:07:23,874 [grpc-default-executor-6] INFO  client.GrpcClientProtocolClient (GrpcClientProtocolClient.java:onNext(264)) - client-119D756B1005->4234af2c-5377-4886-a4e8-6fe45d0af45e: receive RaftClientReply:client-119D756B1005->4234af2c-5377-4886-a4e8-6fe45d0af45e@group-A1165329A1F1, cid=991, SUCCESS, logIndex=0, commits[4234af2c-5377-4886-a4e8-6fe45d0af45e:c1329, cef72988-acf5-49ad-9ec7-695a80e7a66d:c1325, d677508c-6db9-4741-b51c-49af5e4cf22f:c1325]
2019-09-08 07:07:23,896 [grpc-default-executor-3] INFO  client.GrpcClientProtocolClient (GrpcClientProtocolClient.java:onNext(264)) - client-119D756B1005->4234af2c-5377-4886-a4e8-6fe45d0af45e: receive RaftClientReply:client-119D756B1005->4234af2c-5377-4886-a4e8-6fe45d0af45e@group-A1165329A1F1, cid=992, SUCCESS, logIndex=1330, commits[4234af2c-5377-4886-a4e8-6fe45d0af45e:c1331, cef72988-acf5-49ad-9ec7-695a80e7a66d:c1329, d677508c-6db9-4741-b51c-49af5e4cf22f:c1329]
2019-09-08 07:07:23,897 [grpc-default-executor-3] INFO  client.GrpcClientProtocolClient (GrpcClientProtocolClient.java:onNext(264)) - client-119D756B1005->4234af2c-5377-4886-a4e8-6fe45d0af45e: receive RaftClientReply:client-119D756B1005->4234af2c-5377-4886-a4e8-6fe45d0af45e@group-A1165329A1F1, cid=993, SUCCESS, logIndex=1331, commits[4234af2c-5377-4886-a4e8-6fe45d0af45e:c1331, cef72988-acf5-49ad-9ec7-695a80e7a66d:c1329, d677508c-6db9-4741-b51c-49af5e4cf22f:c1329]
2019-09-08 07:07:23,910 [grpc-default-executor-4] INFO  client.GrpcClientProtocolClient (GrpcClientProtocolClient.java:onNext(264)) - client-119D756B1005->4234af2c-5377-4886-a4e8-6fe45d0af45e: receive RaftClientReply:client-119D756B1005->4234af2c-5377-4886-a4e8-6fe45d0af45e@group-A1165329A1F1, cid=994, SUCCESS, logIndex=1334, commits[4234af2c-5377-4886-a4e8-6fe45d0af45e:c1334, cef72988-acf5-49ad-9ec7-695a80e7a66d:c1331, d677508c-6db9-4741-b51c-49af5e4cf22f:c1331]
2019-09-08 07:07:23,910 [grpc-default-executor-4] INFO  client.GrpcClientProtocolClient (GrpcClientProtocolClient.java:onNext(264)) - client-119D756B1005->4234af2c-5377-4886-a4e8-6fe45d0af45e: receive RaftClientReply:client-119D756B1005->4234af2c-5377-4886-a4e8-6fe45d0af45e@group-A1165329A1F1, cid=995, SUCCESS, logIndex=1335, commits[4234af2c-5377-4886-a4e8-6fe45d0af45e:c1335, cef72988-acf5-49ad-9ec7-695a80e7a66d:c1331, d677508c-6db9-4741-b51c-49af5e4cf22f:c1331]
2019-09-08 07:07:23,914 [grpc-default-executor-6] INFO  client.GrpcClientProtocolClient (GrpcClientProtocolClient.java:onNext(264)) - client-119D756B1005->4234af2c-5377-4886-a4e8-6fe45d0af45e: receive RaftClientReply:client-119D756B1005->4234af2c-5377-4886-a4e8-6fe45d0af45e@group-A1165329A1F1, cid=996, SUCCESS, logIndex=0, commits[4234af2c-5377-4886-a4e8-6fe45d0af45e:c1337, cef72988-acf5-49ad-9ec7-695a80e7a66d:c1335, d677508c-6db9-4741-b51c-49af5e4cf22f:c1335]
2019-09-08 07:07:23,929 [grpc-default-executor-4] INFO  client.GrpcClientProtocolClient (GrpcClientProtocolClient.java:onNext(264)) - client-119D756B1005->4234af2c-5377-4886-a4e8-6fe45d0af45e: receive RaftClientReply:client-119D756B1005->4234af2c-5377-4886-a4e8-6fe45d0af45e@group-A1165329A1F1, cid=997, SUCCESS, logIndex=1338, commits[4234af2c-5377-4886-a4e8-6fe45d0af45e:c1339, cef72988-acf5-49ad-9ec7-695a80e7a66d:c1335, d677508c-6db9-4741-b51c-49af5e4cf22f:c1337]
2019-09-08 07:07:23,929 [grpc-default-executor-4] INFO  client.GrpcClientProtocolClient (GrpcClientProtocolClient.java:onNext(264)) - client-119D756B1005->4234af2c-5377-4886-a4e8-6fe45d0af45e: receive RaftClientReply:client-119D756B1005->4234af2c-5377-4886-a4e8-6fe45d0af45e@group-A1165329A1F1, cid=998, SUCCESS, logIndex=1339, commits[4234af2c-5377-4886-a4e8-6fe45d0af45e:c1341, cef72988-acf5-49ad-9ec7-695a80e7a66d:c1337, d677508c-6db9-4741-b51c-49af5e4cf22f:c1337]
2019-09-08 07:07:23,930 [grpc-default-executor-4] INFO  client.GrpcClientProtocolClient (GrpcClientProtocolClient.java:onNext(264)) - client-119D756B1005->4234af2c-5377-4886-a4e8-6fe45d0af45e: receive RaftClientReply:client-119D756B1005->4234af2c-5377-4886-a4e8-6fe45d0af45e@group-A1165329A1F1, cid=999, SUCCESS, logIndex=1340, commits[4234af2c-5377-4886-a4e8-6fe45d0af45e:c1341, cef72988-acf5-49ad-9ec7-695a80e7a66d:c1337, d677508c-6db9-4741-b51c-49af5e4cf22f:c1337]
2019-09-08 07:07:23,930 [grpc-default-executor-4] INFO  client.GrpcClientProtocolClient (GrpcClientProtocolClient.java:onNext(264)) - client-119D756B1005->4234af2c-5377-4886-a4e8-6fe45d0af45e: receive RaftClientReply:client-119D756B1005->4234af2c-5377-4886-a4e8-6fe45d0af45e@group-A1165329A1F1, cid=1000, SUCCESS, logIndex=1341, commits[4234af2c-5377-4886-a4e8-6fe45d0af45e:c1341, cef72988-acf5-49ad-9ec7-695a80e7a66d:c1337, d677508c-6db9-4741-b51c-49af5e4cf22f:c1337]
2019-09-08 07:07:23,943 [grpc-default-executor-4] INFO  client.GrpcClientProtocolClient (GrpcClientProtocolClient.java:onNext(264)) - client-119D756B1005->4234af2c-5377-4886-a4e8-6fe45d0af45e: receive RaftClientReply:client-119D756B1005->4234af2c-5377-4886-a4e8-6fe45d0af45e@group-A1165329A1F1, cid=1001, SUCCESS, logIndex=0, commits[4234af2c-5377-4886-a4e8-6fe45d0af45e:c1345, cef72988-acf5-49ad-9ec7-695a80e7a66d:c1341, d677508c-6db9-4741-b51c-49af5e4cf22f:c1339]
2019-09-08 07:07:23,963 [grpc-default-executor-3] INFO  client.GrpcClientProtocolClient (GrpcClientProtocolClient.java:onNext(264)) - client-119D756B1005->4234af2c-5377-4886-a4e8-6fe45d0af45e: receive RaftClientReply:client-119D756B1005->4234af2c-5377-4886-a4e8-6fe45d0af45e@group-A1165329A1F1, cid=1002, SUCCESS, logIndex=1346, commits[4234af2c-5377-4886-a4e8-6fe45d0af45e:c1347, cef72988-acf5-49ad-9ec7-695a80e7a66d:c1345, d677508c-6db9-4741-b51c-49af5e4cf22f:c1345]
2019-09-08 07:07:23,964 [grpc-default-executor-3] INFO  client.GrpcClientProtocolClient (GrpcClientProtocolClient.java:onNext(264)) - client-119D756B1005->4234af2c-5377-4886-a4e8-6fe45d0af45e: receive RaftClientReply:client-119D756B1005->4234af2c-5377-4886-a4e8-6fe45d0af45e@group-A1165329A1F1, cid=1003, SUCCESS, logIndex=1347, commits[4234af2c-5377-4886-a4e8-6fe45d0af45e:c1347, cef72988-acf5-49ad-9ec7-695a80e7a66d:c1345, d677508c-6db9-4741-b51c-49af5e4cf22f:c1345]
2019-09-08 07:07:23,980 [grpc-default-executor-6] INFO  client.GrpcClientProtocolClient (GrpcClientProtocolClient.java:onNext(264)) - client-119D756B1005->4234af2c-5377-4886-a4e8-6fe45d0af45e: receive RaftClientReply:client-119D756B1005->4234af2c-5377-4886-a4e8-6fe45d0af45e@group-A1165329A1F1, cid=1004, SUCCESS, logIndex=1350, commits[4234af2c-5377-4886-a4e8-6fe45d0af45e:c1351, cef72988-acf5-49ad-9ec7-695a80e7a66d:c1349, d677508c-6db9-4741-b51c-49af5e4cf22f:c1349]
2019-09-08 07:07:23,980 [grpc-default-executor-6] INFO  client.GrpcClientProtocolClient (GrpcClientProtocolClient.java:onNext(264)) - client-119D756B1005->4234af2c-5377-4886-a4e8-6fe45d0af45e: receive RaftClientReply:client-119D756B1005->4234af2c-5377-4886-a4e8-6fe45d0af45e@group-A1165329A1F1, cid=1005, SUCCESS, logIndex=1351, commits[4234af2c-5377-4886-a4e8-6fe45d0af45e:c1351, cef72988-acf5-49ad-9ec7-695a80e7a66d:c1349, d677508c-6db9-4741-b51c-49af5e4cf22f:c1349]
2019-09-08 07:07:23,982 [grpc-default-executor-6] INFO  client.GrpcClientProtocolClient (GrpcClientProtocolClient.java:onNext(264)) - client-119D756B1005->4234af2c-5377-4886-a4e8-6fe45d0af45e: receive RaftClientReply:client-119D756B1005->4234af2c-5377-4886-a4e8-6fe45d0af45e@group-A1165329A1F1, cid=1006, SUCCESS, logIndex=0, commits[4234af2c-5377-4886-a4e8-6fe45d0af45e:c1353, cef72988-acf5-49ad-9ec7-695a80e7a66d:c1351, d677508c-6db9-4741-b51c-49af5e4cf22f:c1351]
2019-09-08 07:07:23,994 [grpc-default-executor-4] INFO  client.GrpcClientProtocolClient (GrpcClientProtocolClient.java:onNext(264)) - client-119D756B1005->4234af2c-5377-4886-a4e8-6fe45d0af45e: receive RaftClientReply:client-119D756B1005->4234af2c-5377-4886-a4e8-6fe45d0af45e@group-A1165329A1F1, cid=1007, SUCCESS, logIndex=1354, commits[4234af2c-5377-4886-a4e8-6fe45d0af45e:c1355, cef72988-acf5-49ad-9ec7-695a80e7a66d:c1353, d677508c-6db9-4741-b51c-49af5e4cf22f:c1351]
2019-09-08 07:07:23,995 [grpc-default-executor-4] INFO  client.GrpcClientProtocolClient (GrpcClientProtocolClient.java:onNext(264)) - client-119D756B1005->4234af2c-5377-4886-a4e8-6fe45d0af45e: receive RaftClientReply:client-119D756B1005->4234af2c-5377-4886-a4e8-6fe45d0af45e@group-A1165329A1F1, cid=1008, SUCCESS, logIndex=1355, commits[4234af2c-5377-4886-a4e8-6fe45d0af45e:c1355, cef72988-acf5-49ad-9ec7-695a80e7a66d:c1353, d677508c-6db9-4741-b51c-49af5e4cf22f:c1351]
2019-09-08 07:07:23,997 [grpc-default-executor-3] INFO  client.GrpcClientProtocolClient (GrpcClientProtocolClient.java:onNext(264)) - client-119D756B1005->4234af2c-5377-4886-a4e8-6fe45d0af45e: receive RaftClientReply:client-119D756B1005->4234af2c-5377-4886-a4e8-6fe45d0af45e@group-A1165329A1F1, cid=1009, SUCCESS, logIndex=1356, commits[4234af2c-5377-4886-a4e8-6fe45d0af45e:c1359, cef72988-acf5-49ad-9ec7-695a80e7a66d:c1355, d677508c-6db9-4741-b51c-49af5e4cf22f:c1353]
2019-09-08 07:07:23,998 [grpc-default-executor-3] INFO  client.GrpcClientProtocolClient (GrpcClientProtocolClient.java:onNext(264)) - client-119D756B1005->4234af2c-5377-4886-a4e8-6fe45d0af45e: receive RaftClientReply:client-119D756B1005->4234af2c-5377-4886-a4e8-6fe45d0af45e@group-A1165329A1F1, cid=1010, SUCCESS, logIndex=1357, commits[4234af2c-5377-4886-a4e8-6fe45d0af45e:c1359, cef72988-acf5-49ad-9ec7-695a80e7a66d:c1355, d677508c-6db9-4741-b51c-49af5e4cf22f:c1353]
2019-09-08 07:07:23,999 [grpc-default-executor-6] INFO  client.GrpcClientProtocolClient (GrpcClientProtocolClient.java:onNext(264)) - client-119D756B1005->4234af2c-5377-4886-a4e8-6fe45d0af45e: receive RaftClientReply:client-119D756B1005->4234af2c-5377-4886-a4e8-6fe45d0af45e@group-A1165329A1F1, cid=1011, SUCCESS, logIndex=0, commits[4234af2c-5377-4886-a4e8-6fe45d0af45e:c1359, cef72988-acf5-49ad-9ec7-695a80e7a66d:c1355, d677508c-6db9-4741-b51c-49af5e4cf22f:c1355]
2019-09-08 07:07:24,010 [grpc-default-executor-6] INFO  client.GrpcClientProtocolClient (GrpcClientProtocolClient.java:onNext(264)) - client-119D756B1005->4234af2c-5377-4886-a4e8-6fe45d0af45e: receive RaftClientReply:client-119D756B1005->4234af2c-5377-4886-a4e8-6fe45d0af45e@group-A1165329A1F1, cid=1012, SUCCESS, logIndex=1362, commits[4234af2c-5377-4886-a4e8-6fe45d0af45e:c1363, cef72988-acf5-49ad-9ec7-695a80e7a66d:c1361, d677508c-6db9-4741-b51c-49af5e4cf22f:c1358]
2019-09-08 07:07:24,011 [grpc-default-executor-6] INFO  client.GrpcClientProtocolClient (GrpcClientProtocolClient.java:onNext(264)) - client-119D756B1005->4234af2c-5377-4886-a4e8-6fe45d0af45e: receive RaftClientReply:client-119D756B1005->4234af2c-5377-4886-a4e8-6fe45d0af45e@group-A1165329A1F1, cid=1013, SUCCESS, logIndex=1363, commits[4234af2c-5377-4886-a4e8-6fe45d0af45e:c1363, cef72988-acf5-49ad-9ec7-695a80e7a66d:c1361, d677508c-6db9-4741-b51c-49af5e4cf22f:c1361]
2019-09-08 07:07:24,043 [grpc-default-executor-6] INFO  client.GrpcClientProtocolClient (GrpcClientProtocolClient.java:onNext(264)) - client-119D756B1005->4234af2c-5377-4886-a4e8-6fe45d0af45e: receive RaftClientReply:client-119D756B1005->4234af2c-5377-4886-a4e8-6fe45d0af45e@group-A1165329A1F1, cid=1014, SUCCESS, logIndex=1366, commits[4234af2c-5377-4886-a4e8-6fe45d0af45e:c1367, cef72988-acf5-49ad-9ec7-695a80e7a66d:c1365, d677508c-6db9-4741-b51c-49af5e4cf22f:c1365]
2019-09-08 07:07:24,043 [grpc-default-executor-6] INFO  client.GrpcClientProtocolClient (GrpcClientProtocolClient.java:onNext(264)) - client-119D756B1005->4234af2c-5377-4886-a4e8-6fe45d0af45e: receive RaftClientReply:client-119D756B1005->4234af2c-5377-4886-a4e8-6fe45d0af45e@group-A1165329A1F1, cid=1015, SUCCESS, logIndex=1367, commits[4234af2c-5377-4886-a4e8-6fe45d0af45e:c1367, cef72988-acf5-49ad-9ec7-695a80e7a66d:c1365, d677508c-6db9-4741-b51c-49af5e4cf22f:c1365]
2019-09-08 07:07:24,045 [grpc-default-executor-6] INFO  client.GrpcClientProtocolClient (GrpcClientProtocolClient.java:onNext(264)) - client-119D756B1005->4234af2c-5377-4886-a4e8-6fe45d0af45e: receive RaftClientReply:client-119D756B1005->4234af2c-5377-4886-a4e8-6fe45d0af45e@group-A1165329A1F1, cid=1016, SUCCESS, logIndex=0, commits[4234af2c-5377-4886-a4e8-6fe45d0af45e:c1369, cef72988-acf5-49ad-9ec7-695a80e7a66d:c1367, d677508c-6db9-4741-b51c-49af5e4cf22f:c1367]
2019-09-08 07:07:24,067 [grpc-default-executor-4] INFO  client.GrpcClientProtocolClient (GrpcClientProtocolClient.java:onNext(264)) - client-119D756B1005->4234af2c-5377-4886-a4e8-6fe45d0af45e: receive RaftClientReply:client-119D756B1005->4234af2c-5377-4886-a4e8-6fe45d0af45e@group-A1165329A1F1, cid=1017, SUCCESS, logIndex=1370, commits[4234af2c-5377-4886-a4e8-6fe45d0af45e:c1373, cef72988-acf5-49ad-9ec7-695a80e7a66d:c1369, d677508c-6db9-4741-b51c-49af5e4cf22f:c1369]
2019-09-08 07:07:24,067 [grpc-default-executor-4] INFO  client.GrpcClientProtocolClient (GrpcClientProtocolClient.java:onNext(264)) - client-119D756B1005->4234af2c-5377-4886-a4e8-6fe45d0af45e: receive RaftClientReply:client-119D756B1005->4234af2c-5377-4886-a4e8-6fe45d0af45e@group-A1165329A1F1, cid=1018, SUCCESS, logIndex=1371, commits[4234af2c-5377-4886-a4e8-6fe45d0af45e:c1373, cef72988-acf5-49ad-9ec7-695a80e7a66d:c1369, d677508c-6db9-4741-b51c-49af5e4cf22f:c1369]
2019-09-08 07:07:24,068 [grpc-default-executor-4] INFO  client.GrpcClientProtocolClient (GrpcClientProtocolClient.java:onNext(264)) - client-119D756B1005->4234af2c-5377-4886-a4e8-6fe45d0af45e: receive RaftClientReply:client-119D756B1005->4234af2c-5377-4886-a4e8-6fe45d0af45e@group-A1165329A1F1, cid=1019, SUCCESS, logIndex=1372, commits[4234af2c-5377-4886-a4e8-6fe45d0af45e:c1373, cef72988-acf5-49ad-9ec7-695a80e7a66d:c1369, d677508c-6db9-4741-b51c-49af5e4cf22f:c1369]
2019-09-08 07:07:24,068 [grpc-default-executor-4] INFO  client.GrpcClientProtocolClient (GrpcClientProtocolClient.java:onNext(264)) - client-119D756B1005->4234af2c-5377-4886-a4e8-6fe45d0af45e: receive RaftClientReply:client-119D756B1005->4234af2c-5377-4886-a4e8-6fe45d0af45e@group-A1165329A1F1, cid=1020, SUCCESS, logIndex=1373, commits[4234af2c-5377-4886-a4e8-6fe45d0af45e:c1373, cef72988-acf5-49ad-9ec7-695a80e7a66d:c1369, d677508c-6db9-4741-b51c-49af5e4cf22f:c1369]
2019-09-08 07:07:24,079 [grpc-default-executor-6] INFO  client.GrpcClientProtocolClient (GrpcClientProtocolClient.java:onNext(264)) - client-119D756B1005->4234af2c-5377-4886-a4e8-6fe45d0af45e: receive RaftClientReply:client-119D756B1005->4234af2c-5377-4886-a4e8-6fe45d0af45e@group-A1165329A1F1, cid=1021, SUCCESS, logIndex=0, commits[4234af2c-5377-4886-a4e8-6fe45d0af45e:c1375, cef72988-acf5-49ad-9ec7-695a80e7a66d:c1373, d677508c-6db9-4741-b51c-49af5e4cf22f:c1373]
2019-09-08 07:07:24,091 [grpc-default-executor-4] INFO  client.GrpcClientProtocolClient (GrpcClientProtocolClient.java:onNext(264)) - client-119D756B1005->4234af2c-5377-4886-a4e8-6fe45d0af45e: receive RaftClientReply:client-119D756B1005->4234af2c-5377-4886-a4e8-6fe45d0af45e@group-A1165329A1F1, cid=1022, SUCCESS, logIndex=1376, commits[4234af2c-5377-4886-a4e8-6fe45d0af45e:c1377, cef72988-acf5-49ad-9ec7-695a80e7a66d:c1373, d677508c-6db9-4741-b51c-49af5e4cf22f:c1375]
2019-09-08 07:07:24,091 [grpc-default-executor-4] INFO  client.GrpcClientProtocolClient (GrpcClientProtocolClient.java:onNext(264)) - client-119D756B1005->4234af2c-5377-4886-a4e8-6fe45d0af45e: receive RaftClientReply:client-119D756B1005->4234af2c-5377-4886-a4e8-6fe45d0af45e@group-A1165329A1F1, cid=1023, SUCCESS, logIndex=1377, commits[4234af2c-5377-4886-a4e8-6fe45d0af45e:c1377, cef72988-acf5-49ad-9ec7-695a80e7a66d:c1373, d677508c-6db9-4741-b51c-49af5e4cf22f:c1375]
2019-09-08 07:07:24,102 [grpc-default-executor-4] INFO  client.GrpcClientProtocolClient (GrpcClientProtocolClient.java:onNext(264)) - client-119D756B1005->4234af2c-5377-4886-a4e8-6fe45d0af45e: receive RaftClientReply:client-119D756B1005->4234af2c-5377-4886-a4e8-6fe45d0af45e@group-A1165329A1F1, cid=1024, SUCCESS, logIndex=1380, commits[4234af2c-5377-4886-a4e8-6fe45d0af45e:c1381, cef72988-acf5-49ad-9ec7-695a80e7a66d:c1379, d677508c-6db9-4741-b51c-49af5e4cf22f:c1377]
2019-09-08 07:07:24,103 [grpc-default-executor-4] INFO  client.GrpcClientProtocolClient (GrpcClientProtocolClient.java:onNext(264)) - client-119D756B1005->4234af2c-5377-4886-a4e8-6fe45d0af45e: receive RaftClientReply:client-119D756B1005->4234af2c-5377-4886-a4e8-6fe45d0af45e@group-A1165329A1F1, cid=1025, SUCCESS, logIndex=1381, commits[4234af2c-5377-4886-a4e8-6fe45d0af45e:c1381, cef72988-acf5-49ad-9ec7-695a80e7a66d:c1379, d677508c-6db9-4741-b51c-49af5e4cf22f:c1379]
2019-09-08 07:07:24,104 [grpc-default-executor-4] INFO  client.GrpcClientProtocolClient (GrpcClientProtocolClient.java:onNext(264)) - client-119D756B1005->4234af2c-5377-4886-a4e8-6fe45d0af45e: receive RaftClientReply:client-119D756B1005->4234af2c-5377-4886-a4e8-6fe45d0af45e@group-A1165329A1F1, cid=1026, SUCCESS, logIndex=0, commits[4234af2c-5377-4886-a4e8-6fe45d0af45e:c1382, cef72988-acf5-49ad-9ec7-695a80e7a66d:c1381, d677508c-6db9-4741-b51c-49af5e4cf22f:c1381]
2019-09-08 07:07:24,116 [grpc-default-executor-3] INFO  client.GrpcClientProtocolClient (GrpcClientProtocolClient.java:onNext(264)) - client-119D756B1005->4234af2c-5377-4886-a4e8-6fe45d0af45e: receive RaftClientReply:client-119D756B1005->4234af2c-5377-4886-a4e8-6fe45d0af45e@group-A1165329A1F1, cid=1027, SUCCESS, logIndex=1384, commits[4234af2c-5377-4886-a4e8-6fe45d0af45e:c1385, cef72988-acf5-49ad-9ec7-695a80e7a66d:c1383, d677508c-6db9-4741-b51c-49af5e4cf22f:c1381]
2019-09-08 07:07:24,117 [grpc-default-executor-3] INFO  client.GrpcClientProtocolClient (GrpcClientProtocolClient.java:onNext(264)) - client-119D756B1005->4234af2c-5377-4886-a4e8-6fe45d0af45e: receive RaftClientReply:client-119D756B1005->4234af2c-5377-4886-a4e8-6fe45d0af45e@group-A1165329A1F1, cid=1028, SUCCESS, logIndex=1385, commits[4234af2c-5377-4886-a4e8-6fe45d0af45e:c1385, cef72988-acf5-49ad-9ec7-695a80e7a66d:c1383, d677508c-6db9-4741-b51c-49af5e4cf22f:c1381]
2019-09-08 07:07:24,118 [grpc-default-executor-0] INFO  client.GrpcClientProtocolClient (GrpcClientProtocolClient.java:onNext(264)) - client-119D756B1005->4234af2c-5377-4886-a4e8-6fe45d0af45e: receive RaftClientReply:client-119D756B1005->4234af2c-5377-4886-a4e8-6fe45d0af45e@group-A1165329A1F1, cid=1029, SUCCESS, logIndex=1386, commits[4234af2c-5377-4886-a4e8-6fe45d0af45e:c1387, cef72988-acf5-49ad-9ec7-695a80e7a66d:c1383, d677508c-6db9-4741-b51c-49af5e4cf22f:c1383]
2019-09-08 07:07:24,118 [grpc-default-executor-0] INFO  client.GrpcClientProtocolClient (GrpcClientProtocolClient.java:onNext(264)) - client-119D756B1005->4234af2c-5377-4886-a4e8-6fe45d0af45e: receive RaftClientReply:client-119D756B1005->4234af2c-5377-4886-a4e8-6fe45d0af45e@group-A1165329A1F1, cid=1030, SUCCESS, logIndex=1387, commits[4234af2c-5377-4886-a4e8-6fe45d0af45e:c1387, cef72988-acf5-49ad-9ec7-695a80e7a66d:c1383, d677508c-6db9-4741-b51c-49af5e4cf22f:c1383]
2019-09-08 07:07:24,119 [grpc-default-executor-6] INFO  client.GrpcClientProtocolClient (GrpcClientProtocolClient.java:onNext(264)) - client-119D756B1005->4234af2c-5377-4886-a4e8-6fe45d0af45e: receive RaftClientReply:client-119D756B1005->4234af2c-5377-4886-a4e8-6fe45d0af45e@group-A1165329A1F1, cid=1031, SUCCESS, logIndex=0, commits[4234af2c-5377-4886-a4e8-6fe45d0af45e:c1389, cef72988-acf5-49ad-9ec7-695a80e7a66d:c1385, d677508c-6db9-4741-b51c-49af5e4cf22f:c1385]
2019-09-08 07:07:24,136 [grpc-default-executor-6] INFO  client.GrpcClientProtocolClient (GrpcClientProtocolClient.java:onNext(264)) - client-119D756B1005->4234af2c-5377-4886-a4e8-6fe45d0af45e: receive RaftClientReply:client-119D756B1005->4234af2c-5377-4886-a4e8-6fe45d0af45e@group-A1165329A1F1, cid=1032, SUCCESS, logIndex=1392, commits[4234af2c-5377-4886-a4e8-6fe45d0af45e:c1393, cef72988-acf5-49ad-9ec7-695a80e7a66d:c1391, d677508c-6db9-4741-b51c-49af5e4cf22f:c1391]
2019-09-08 07:07:24,136 [grpc-default-executor-6] INFO  client.GrpcClientProtocolClient (GrpcClientProtocolClient.java:onNext(264)) - client-119D756B1005->4234af2c-5377-4886-a4e8-6fe45d0af45e: receive RaftClientReply:client-119D756B1005->4234af2c-5377-4886-a4e8-6fe45d0af45e@group-A1165329A1F1, cid=1033, SUCCESS, logIndex=1393, commits[4234af2c-5377-4886-a4e8-6fe45d0af45e:c1393, cef72988-acf5-49ad-9ec7-695a80e7a66d:c1391, d677508c-6db9-4741-b51c-49af5e4cf22f:c1391]
2019-09-08 07:07:24,156 [grpc-default-executor-3] INFO  client.GrpcClientProtocolClient (GrpcClientProtocolClient.java:onNext(264)) - client-119D756B1005->4234af2c-5377-4886-a4e8-6fe45d0af45e: receive RaftClientReply:client-119D756B1005->4234af2c-5377-4886-a4e8-6fe45d0af45e@group-A1165329A1F1, cid=1034, SUCCESS, logIndex=1396, commits[4234af2c-5377-4886-a4e8-6fe45d0af45e:c1397, cef72988-acf5-49ad-9ec7-695a80e7a66d:c1395, d677508c-6db9-4741-b51c-49af5e4cf22f:c1395]
2019-09-08 07:07:24,156 [grpc-default-executor-3] INFO  client.GrpcClientProtocolClient (GrpcClientProtocolClient.java:onNext(264)) - client-119D756B1005->4234af2c-5377-4886-a4e8-6fe45d0af45e: receive RaftClientReply:client-119D756B1005->4234af2c-5377-4886-a4e8-6fe45d0af45e@group-A1165329A1F1, cid=1035, SUCCESS, logIndex=1397, commits[4234af2c-5377-4886-a4e8-6fe45d0af45e:c1397, cef72988-acf5-49ad-9ec7-695a80e7a66d:c1395, d677508c-6db9-4741-b51c-49af5e4cf22f:c1395]
2019-09-08 07:07:24,168 [grpc-default-executor-3] INFO  client.GrpcClientProtocolClient (GrpcClientProtocolClient.java:onNext(264)) - client-119D756B1005->4234af2c-5377-4886-a4e8-6fe45d0af45e: receive RaftClientReply:client-119D756B1005->4234af2c-5377-4886-a4e8-6fe45d0af45e@group-A1165329A1F1, cid=1036, SUCCESS, logIndex=0, commits[4234af2c-5377-4886-a4e8-6fe45d0af45e:c1399, cef72988-acf5-49ad-9ec7-695a80e7a66d:c1397, d677508c-6db9-4741-b51c-49af5e4cf22f:c1397]
2019-09-08 07:07:24,184 [grpc-default-executor-3] INFO  client.GrpcClientProtocolClient (GrpcClientProtocolClient.java:onNext(264)) - client-119D756B1005->4234af2c-5377-4886-a4e8-6fe45d0af45e: receive RaftClientReply:client-119D756B1005->4234af2c-5377-4886-a4e8-6fe45d0af45e@group-A1165329A1F1, cid=1037, SUCCESS, logIndex=1400, commits[4234af2c-5377-4886-a4e8-6fe45d0af45e:c1403, cef72988-acf5-49ad-9ec7-695a80e7a66d:c1399, d677508c-6db9-4741-b51c-49af5e4cf22f:c1399]
2019-09-08 07:07:24,184 [grpc-default-executor-3] INFO  client.GrpcClientProtocolClient (GrpcClientProtocolClient.java:onNext(264)) - client-119D756B1005->4234af2c-5377-4886-a4e8-6fe45d0af45e: receive RaftClientReply:client-119D756B1005->4234af2c-5377-4886-a4e8-6fe45d0af45e@group-A1165329A1F1, cid=1038, SUCCESS, logIndex=1401, commits[4234af2c-5377-4886-a4e8-6fe45d0af45e:c1403, cef72988-acf5-49ad-9ec7-695a80e7a66d:c1399, d677508c-6db9-4741-b51c-49af5e4cf22f:c1399]
2019-09-08 07:07:24,185 [grpc-default-executor-3] INFO  client.GrpcClientProtocolClient (GrpcClientProtocolClient.java:onNext(264)) - client-119D756B1005->4234af2c-5377-4886-a4e8-6fe45d0af45e: receive RaftClientReply:client-119D756B1005->4234af2c-5377-4886-a4e8-6fe45d0af45e@group-A1165329A1F1, cid=1039, SUCCESS, logIndex=1402, commits[4234af2c-5377-4886-a4e8-6fe45d0af45e:c1403, cef72988-acf5-49ad-9ec7-695a80e7a66d:c1399, d677508c-6db9-4741-b51c-49af5e4cf22f:c1399]
2019-09-08 07:07:24,185 [grpc-default-executor-3] INFO  client.GrpcClientProtocolClient (GrpcClientProtocolClient.java:onNext(264)) - client-119D756B1005->4234af2c-5377-4886-a4e8-6fe45d0af45e: receive RaftClientReply:client-119D756B1005->4234af2c-5377-4886-a4e8-6fe45d0af45e@group-A1165329A1F1, cid=1040, SUCCESS, logIndex=1403, commits[4234af2c-5377-4886-a4e8-6fe45d0af45e:c1403, cef72988-acf5-49ad-9ec7-695a80e7a66d:c1399, d677508c-6db9-4741-b51c-49af5e4cf22f:c1399]
2019-09-08 07:07:24,186 [grpc-default-executor-3] INFO  client.GrpcClientProtocolClient (GrpcClientProtocolClient.java:onNext(264)) - client-119D756B1005->4234af2c-5377-4886-a4e8-6fe45d0af45e: receive RaftClientReply:client-119D756B1005->4234af2c-5377-4886-a4e8-6fe45d0af45e@group-A1165329A1F1, cid=1041, SUCCESS, logIndex=0, commits[4234af2c-5377-4886-a4e8-6fe45d0af45e:c1404, cef72988-acf5-49ad-9ec7-695a80e7a66d:c1401, d677508c-6db9-4741-b51c-49af5e4cf22f:c1401]
2019-09-08 07:07:24,205 [grpc-default-executor-3] INFO  client.GrpcClientProtocolClient (GrpcClientProtocolClient.java:onNext(264)) - client-119D756B1005->4234af2c-5377-4886-a4e8-6fe45d0af45e: receive RaftClientReply:client-119D756B1005->4234af2c-5377-4886-a4e8-6fe45d0af45e@group-A1165329A1F1, cid=1042, SUCCESS, logIndex=1408, commits[4234af2c-5377-4886-a4e8-6fe45d0af45e:c1409, cef72988-acf5-49ad-9ec7-695a80e7a66d:c1407, d677508c-6db9-4741-b51c-49af5e4cf22f:c1407]
2019-09-08 07:07:24,205 [grpc-default-executor-3] INFO  client.GrpcClientProtocolClient (GrpcClientProtocolClient.java:onNext(264)) - client-119D756B1005->4234af2c-5377-4886-a4e8-6fe45d0af45e: receive RaftClientReply:client-119D756B1005->4234af2c-5377-4886-a4e8-6fe45d0af45e@group-A1165329A1F1, cid=1043, SUCCESS, logIndex=1409, commits[4234af2c-5377-4886-a4e8-6fe45d0af45e:c1409, cef72988-acf5-49ad-9ec7-695a80e7a66d:c1407, d677508c-6db9-4741-b51c-49af5e4cf22f:c1407]
2019-09-08 07:07:24,218 [grpc-default-executor-6] INFO  client.GrpcClientProtocolClient (GrpcClientProtocolClient.java:onNext(264)) - client-119D756B1005->4234af2c-5377-4886-a4e8-6fe45d0af45e: receive RaftClientReply:client-119D756B1005->4234af2c-5377-4886-a4e8-6fe45d0af45e@group-A1165329A1F1, cid=1044, SUCCESS, logIndex=1412, commits[4234af2c-5377-4886-a4e8-6fe45d0af45e:c1413, cef72988-acf5-49ad-9ec7-695a80e7a66d:c1409, d677508c-6db9-4741-b51c-49af5e4cf22f:c1409]
2019-09-08 07:07:24,218 [grpc-default-executor-6] INFO  client.GrpcClientProtocolClient (GrpcClientProtocolClient.java:onNext(264)) - client-119D756B1005->4234af2c-5377-4886-a4e8-6fe45d0af45e: receive RaftClientReply:client-119D756B1005->4234af2c-5377-4886-a4e8-6fe45d0af45e@group-A1165329A1F1, cid=1045, SUCCESS, logIndex=1413, commits[4234af2c-5377-4886-a4e8-6fe45d0af45e:c1413, cef72988-acf5-49ad-9ec7-695a80e7a66d:c1409, d677508c-6db9-4741-b51c-49af5e4cf22f:c1409]
2019-09-08 07:07:24,230 [grpc-default-executor-6] INFO  client.GrpcClientProtocolClient (GrpcClientProtocolClient.java:onNext(264)) - client-119D756B1005->4234af2c-5377-4886-a4e8-6fe45d0af45e: receive RaftClientReply:client-119D756B1005->4234af2c-5377-4886-a4e8-6fe45d0af45e@group-A1165329A1F1, cid=1046, SUCCESS, logIndex=0, commits[4234af2c-5377-4886-a4e8-6fe45d0af45e:c1415, cef72988-acf5-49ad-9ec7-695a80e7a66d:c1413, d677508c-6db9-4741-b51c-49af5e4cf22f:c1413]
2019-09-08 07:07:24,252 [grpc-default-executor-4] INFO  client.GrpcClientProtocolClient (GrpcClientProtocolClient.java:onNext(264)) - client-119D756B1005->4234af2c-5377-4886-a4e8-6fe45d0af45e: receive RaftClientReply:client-119D756B1005->4234af2c-5377-4886-a4e8-6fe45d0af45e@group-A1165329A1F1, cid=1047, SUCCESS, logIndex=1416, commits[4234af2c-5377-4886-a4e8-6fe45d0af45e:c1417, cef72988-acf5-49ad-9ec7-695a80e7a66d:c1415, d677508c-6db9-4741-b51c-49af5e4cf22f:c1415]
2019-09-08 07:07:24,252 [grpc-default-executor-0] INFO  client.GrpcClientProtocolClient (GrpcClientProtocolClient.java:onNext(264)) - client-119D756B1005->4234af2c-5377-4886-a4e8-6fe45d0af45e: receive RaftClientReply:client-119D756B1005->4234af2c-5377-4886-a4e8-6fe45d0af45e@group-A1165329A1F1, cid=1048, SUCCESS, logIndex=1417, commits[4234af2c-5377-4886-a4e8-6fe45d0af45e:c1417, cef72988-acf5-49ad-9ec7-695a80e7a66d:c1415, d677508c-6db9-4741-b51c-49af5e4cf22f:c1415]
2019-09-08 07:07:24,253 [grpc-default-executor-0] INFO  client.GrpcClientProtocolClient (GrpcClientProtocolClient.java:onNext(264)) - client-119D756B1005->4234af2c-5377-4886-a4e8-6fe45d0af45e: receive RaftClientReply:client-119D756B1005->4234af2c-5377-4886-a4e8-6fe45d0af45e@group-A1165329A1F1, cid=1049, SUCCESS, logIndex=1418, commits[4234af2c-5377-4886-a4e8-6fe45d0af45e:c1419, cef72988-acf5-49ad-9ec7-695a80e7a66d:c1415, d677508c-6db9-4741-b51c-49af5e4cf22f:c1415]
2019-09-08 07:07:24,253 [grpc-default-executor-0] INFO  client.GrpcClientProtocolClient (GrpcClientProtocolClient.java:onNext(264)) - client-119D756B1005->4234af2c-5377-4886-a4e8-6fe45d0af45e: receive RaftClientReply:client-119D756B1005->4234af2c-5377-4886-a4e8-6fe45d0af45e@group-A1165329A1F1, cid=1050, SUCCESS, logIndex=1419, commits[4234af2c-5377-4886-a4e8-6fe45d0af45e:c1419, cef72988-acf5-49ad-9ec7-695a80e7a66d:c1415, d677508c-6db9-4741-b51c-49af5e4cf22f:c1415]
2019-09-08 07:07:24,256 [grpc-default-executor-0] INFO  client.GrpcClientProtocolClient (GrpcClientProtocolClient.java:onNext(264)) - client-119D756B1005->4234af2c-5377-4886-a4e8-6fe45d0af45e: receive RaftClientReply:client-119D756B1005->4234af2c-5377-4886-a4e8-6fe45d0af45e@group-A1165329A1F1, cid=1051, SUCCESS, logIndex=0, commits[4234af2c-5377-4886-a4e8-6fe45d0af45e:c1421, cef72988-acf5-49ad-9ec7-695a80e7a66d:c1417, d677508c-6db9-4741-b51c-49af5e4cf22f:c1417]
2019-09-08 07:07:24,268 [grpc-default-executor-4] INFO  client.GrpcClientProtocolClient (GrpcClientProtocolClient.java:onNext(264)) - client-119D756B1005->4234af2c-5377-4886-a4e8-6fe45d0af45e: receive RaftClientReply:client-119D756B1005->4234af2c-5377-4886-a4e8-6fe45d0af45e@group-A1165329A1F1, cid=1052, SUCCESS, logIndex=1424, commits[4234af2c-5377-4886-a4e8-6fe45d0af45e:c1425, cef72988-acf5-49ad-9ec7-695a80e7a66d:c1421, d677508c-6db9-4741-b51c-49af5e4cf22f:c1419]
2019-09-08 07:07:24,269 [grpc-default-executor-4] INFO  client.GrpcClientProtocolClient (GrpcClientProtocolClient.java:onNext(264)) - client-119D756B1005->4234af2c-5377-4886-a4e8-6fe45d0af45e: receive RaftClientReply:client-119D756B1005->4234af2c-5377-4886-a4e8-6fe45d0af45e@group-A1165329A1F1, cid=1053, SUCCESS, logIndex=1425, commits[4234af2c-5377-4886-a4e8-6fe45d0af45e:c1425, cef72988-acf5-49ad-9ec7-695a80e7a66d:c1421, d677508c-6db9-4741-b51c-49af5e4cf22f:c1419]
2019-09-08 07:07:24,282 [grpc-default-executor-6] INFO  client.GrpcClientProtocolClient (GrpcClientProtocolClient.java:onNext(264)) - client-119D756B1005->4234af2c-5377-4886-a4e8-6fe45d0af45e: receive RaftClientReply:client-119D756B1005->4234af2c-5377-4886-a4e8-6fe45d0af45e@group-A1165329A1F1, cid=1054, SUCCESS, logIndex=1428, commits[4234af2c-5377-4886-a4e8-6fe45d0af45e:c1429, cef72988-acf5-49ad-9ec7-695a80e7a66d:c1425, d677508c-6db9-4741-b51c-49af5e4cf22f:c1425]
2019-09-08 07:07:24,282 [grpc-default-executor-6] INFO  client.GrpcClientProtocolClient (GrpcClientProtocolClient.java:onNext(264)) - client-119D756B1005->4234af2c-5377-4886-a4e8-6fe45d0af45e: receive RaftClientReply:client-119D756B1005->4234af2c-5377-4886-a4e8-6fe45d0af45e@group-A1165329A1F1, cid=1055, SUCCESS, logIndex=1429, commits[4234af2c-5377-4886-a4e8-6fe45d0af45e:c1429, cef72988-acf5-49ad-9ec7-695a80e7a66d:c1425, d677508c-6db9-4741-b51c-49af5e4cf22f:c1425]
 0.00% |█                                                                                                    |  0/1 Time: 0:00:052019-09-08 07:07:24,294 [grpc-default-executor-0] INFO  client.GrpcClientProtocolClient (GrpcClientProtocolClient.java:onNext(264)) - client-119D756B1005->4234af2c-5377-4886-a4e8-6fe45d0af45e: receive RaftClientReply:client-119D756B1005->4234af2c-5377-4886-a4e8-6fe45d0af45e@group-A1165329A1F1, cid=1056, SUCCESS, logIndex=0, commits[4234af2c-5377-4886-a4e8-6fe45d0af45e:c1431, cef72988-acf5-49ad-9ec7-695a80e7a66d:c1429, d677508c-6db9-4741-b51c-49af5e4cf22f:c1429]
2019-09-08 07:07:24,315 [grpc-default-executor-6] INFO  client.GrpcClientProtocolClient (GrpcClientProtocolClient.java:onNext(264)) - client-119D756B1005->4234af2c-5377-4886-a4e8-6fe45d0af45e: receive RaftClientReply:client-119D756B1005->4234af2c-5377-4886-a4e8-6fe45d0af45e@group-A1165329A1F1, cid=1057, SUCCESS, logIndex=1432, commits[4234af2c-5377-4886-a4e8-6fe45d0af45e:c1435, cef72988-acf5-49ad-9ec7-695a80e7a66d:c1431, d677508c-6db9-4741-b51c-49af5e4cf22f:c1431]
2019-09-08 07:07:24,316 [grpc-default-executor-6] INFO  client.GrpcClientProtocolClient (GrpcClientProtocolClient.java:onNext(264)) - client-119D756B1005->4234af2c-5377-4886-a4e8-6fe45d0af45e: receive RaftClientReply:client-119D756B1005->4234af2c-5377-4886-a4e8-6fe45d0af45e@group-A1165329A1F1, cid=1058, SUCCESS, logIndex=1433, commits[4234af2c-5377-4886-a4e8-6fe45d0af45e:c1435, cef72988-acf5-49ad-9ec7-695a80e7a66d:c1431, d677508c-6db9-4741-b51c-49af5e4cf22f:c1431]
2019-09-08 07:07:24,316 [grpc-default-executor-6] INFO  client.GrpcClientProtocolClient (GrpcClientProtocolClient.java:onNext(264)) - client-119D756B1005->4234af2c-5377-4886-a4e8-6fe45d0af45e: receive RaftClientReply:client-119D756B1005->4234af2c-5377-4886-a4e8-6fe45d0af45e@group-A1165329A1F1, cid=1059, SUCCESS, logIndex=1434, commits[4234af2c-5377-4886-a4e8-6fe45d0af45e:c1435, cef72988-acf5-49ad-9ec7-695a80e7a66d:c1431, d677508c-6db9-4741-b51c-49af5e4cf22f:c1431]
2019-09-08 07:07:24,316 [grpc-default-executor-6] INFO  client.GrpcClientProtocolClient (GrpcClientProtocolClient.java:onNext(264)) - client-119D756B1005->4234af2c-5377-4886-a4e8-6fe45d0af45e: receive RaftClientReply:client-119D756B1005->4234af2c-5377-4886-a4e8-6fe45d0af45e@group-A1165329A1F1, cid=1060, SUCCESS, logIndex=1435, commits[4234af2c-5377-4886-a4e8-6fe45d0af45e:c1435, cef72988-acf5-49ad-9ec7-695a80e7a66d:c1431, d677508c-6db9-4741-b51c-49af5e4cf22f:c1431]
2019-09-08 07:07:24,325 [grpc-default-executor-6] INFO  client.GrpcClientProtocolClient (GrpcClientProtocolClient.java:onNext(264)) - client-119D756B1005->4234af2c-5377-4886-a4e8-6fe45d0af45e: receive RaftClientReply:client-119D756B1005->4234af2c-5377-4886-a4e8-6fe45d0af45e@group-A1165329A1F1, cid=1061, SUCCESS, logIndex=0, commits[4234af2c-5377-4886-a4e8-6fe45d0af45e:c1436, cef72988-acf5-49ad-9ec7-695a80e7a66d:c1433, d677508c-6db9-4741-b51c-49af5e4cf22f:c1433]
2019-09-08 07:07:24,545 [grpc-default-executor-6] INFO  client.GrpcClientProtocolClient (GrpcClientProtocolClient.java:onNext(264)) - client-119D756B1005->4234af2c-5377-4886-a4e8-6fe45d0af45e: receive RaftClientReply:client-119D756B1005->4234af2c-5377-4886-a4e8-6fe45d0af45e@group-A1165329A1F1, cid=1062, SUCCESS, logIndex=1440, commits[4234af2c-5377-4886-a4e8-6fe45d0af45e:c1441, cef72988-acf5-49ad-9ec7-695a80e7a66d:c1439, d677508c-6db9-4741-b51c-49af5e4cf22f:c1439]
2019-09-08 07:07:24,545 [grpc-default-executor-6] INFO  client.GrpcClientProtocolClient (GrpcClientProtocolClient.java:onNext(264)) - client-119D756B1005->4234af2c-5377-4886-a4e8-6fe45d0af45e: receive RaftClientReply:client-119D756B1005->4234af2c-5377-4886-a4e8-6fe45d0af45e@group-A1165329A1F1, cid=1063, SUCCESS, logIndex=1441, commits[4234af2c-5377-4886-a4e8-6fe45d0af45e:c1441, cef72988-acf5-49ad-9ec7-695a80e7a66d:c1439, d677508c-6db9-4741-b51c-49af5e4cf22f:c1439]
2019-09-08 07:07:24,558 [grpc-default-executor-6] INFO  client.GrpcClientProtocolClient (GrpcClientProtocolClient.java:onNext(264)) - client-119D756B1005->4234af2c-5377-4886-a4e8-6fe45d0af45e: receive RaftClientReply:client-119D756B1005->4234af2c-5377-4886-a4e8-6fe45d0af45e@group-A1165329A1F1, cid=1064, SUCCESS, logIndex=1444, commits[4234af2c-5377-4886-a4e8-6fe45d0af45e:c1445, cef72988-acf5-49ad-9ec7-695a80e7a66d:c1441, d677508c-6db9-4741-b51c-49af5e4cf22f:c1440]
2019-09-08 07:07:24,559 [grpc-default-executor-6] INFO  client.GrpcClientProtocolClient (GrpcClientProtocolClient.java:onNext(264)) - client-119D756B1005->4234af2c-5377-4886-a4e8-6fe45d0af45e: receive RaftClientReply:client-119D756B1005->4234af2c-5377-4886-a4e8-6fe45d0af45e@group-A1165329A1F1, cid=1065, SUCCESS, logIndex=1445, commits[4234af2c-5377-4886-a4e8-6fe45d0af45e:c1445, cef72988-acf5-49ad-9ec7-695a80e7a66d:c1441, d677508c-6db9-4741-b51c-49af5e4cf22f:c1441]
2019-09-08 07:07:24,561 [grpc-default-executor-0] INFO  client.GrpcClientProtocolClient (GrpcClientProtocolClient.java:onNext(264)) - client-119D756B1005->4234af2c-5377-4886-a4e8-6fe45d0af45e: receive RaftClientReply:client-119D756B1005->4234af2c-5377-4886-a4e8-6fe45d0af45e@group-A1165329A1F1, cid=1066, SUCCESS, logIndex=0, commits[4234af2c-5377-4886-a4e8-6fe45d0af45e:c1446, cef72988-acf5-49ad-9ec7-695a80e7a66d:c1445, d677508c-6db9-4741-b51c-49af5e4cf22f:c1445]
2019-09-08 07:07:24,582 [grpc-default-executor-3] INFO  client.GrpcClientProtocolClient (GrpcClientProtocolClient.java:onNext(264)) - client-119D756B1005->4234af2c-5377-4886-a4e8-6fe45d0af45e: receive RaftClientReply:client-119D756B1005->4234af2c-5377-4886-a4e8-6fe45d0af45e@group-A1165329A1F1, cid=1067, SUCCESS, logIndex=1448, commits[4234af2c-5377-4886-a4e8-6fe45d0af45e:c1449, cef72988-acf5-49ad-9ec7-695a80e7a66d:c1447, d677508c-6db9-4741-b51c-49af5e4cf22f:c1447]
2019-09-08 07:07:24,582 [grpc-default-executor-3] INFO  client.GrpcClientProtocolClient (GrpcClientProtocolClient.java:onNext(264)) - client-119D756B1005->4234af2c-5377-4886-a4e8-6fe45d0af45e: receive RaftClientReply:client-119D756B1005->4234af2c-5377-4886-a4e8-6fe45d0af45e@group-A1165329A1F1, cid=1068, SUCCESS, logIndex=1449, commits[4234af2c-5377-4886-a4e8-6fe45d0af45e:c1449, cef72988-acf5-49ad-9ec7-695a80e7a66d:c1447, d677508c-6db9-4741-b51c-49af5e4cf22f:c1447]
2019-09-08 07:07:24,583 [grpc-default-executor-3] INFO  client.GrpcClientProtocolClient (GrpcClientProtocolClient.java:onNext(264)) - client-119D756B1005->4234af2c-5377-4886-a4e8-6fe45d0af45e: receive RaftClientReply:client-119D756B1005->4234af2c-5377-4886-a4e8-6fe45d0af45e@group-A1165329A1F1, cid=1069, SUCCESS, logIndex=1450, commits[4234af2c-5377-4886-a4e8-6fe45d0af45e:c1451, cef72988-acf5-49ad-9ec7-695a80e7a66d:c1447, d677508c-6db9-4741-b51c-49af5e4cf22f:c1447]
2019-09-08 07:07:24,583 [grpc-default-executor-3] INFO  client.GrpcClientProtocolClient (GrpcClientProtocolClient.java:onNext(264)) - client-119D756B1005->4234af2c-5377-4886-a4e8-6fe45d0af45e: receive RaftClientReply:client-119D756B1005->4234af2c-5377-4886-a4e8-6fe45d0af45e@group-A1165329A1F1, cid=1070, SUCCESS, logIndex=1451, commits[4234af2c-5377-4886-a4e8-6fe45d0af45e:c1451, cef72988-acf5-49ad-9ec7-695a80e7a66d:c1447, d677508c-6db9-4741-b51c-49af5e4cf22f:c1447]
2019-09-08 07:07:24,585 [grpc-default-executor-3] INFO  client.GrpcClientProtocolClient (GrpcClientProtocolClient.java:onNext(264)) - client-119D756B1005->4234af2c-5377-4886-a4e8-6fe45d0af45e: receive RaftClientReply:client-119D756B1005->4234af2c-5377-4886-a4e8-6fe45d0af45e@group-A1165329A1F1, cid=1071, SUCCESS, logIndex=0, commits[4234af2c-5377-4886-a4e8-6fe45d0af45e:c1452, cef72988-acf5-49ad-9ec7-695a80e7a66d:c1449, d677508c-6db9-4741-b51c-49af5e4cf22f:c1449]
2019-09-08 07:07:24,598 [grpc-default-executor-3] INFO  client.GrpcClientProtocolClient (GrpcClientProtocolClient.java:onNext(264)) - client-119D756B1005->4234af2c-5377-4886-a4e8-6fe45d0af45e: receive RaftClientReply:client-119D756B1005->4234af2c-5377-4886-a4e8-6fe45d0af45e@group-A1165329A1F1, cid=1072, SUCCESS, logIndex=1456, commits[4234af2c-5377-4886-a4e8-6fe45d0af45e:c1457, cef72988-acf5-49ad-9ec7-695a80e7a66d:c1452, d677508c-6db9-4741-b51c-49af5e4cf22f:c1451]
2019-09-08 07:07:24,598 [grpc-default-executor-3] INFO  client.GrpcClientProtocolClient (GrpcClientProtocolClient.java:onNext(264)) - client-119D756B1005->4234af2c-5377-4886-a4e8-6fe45d0af45e: receive RaftClientReply:client-119D756B1005->4234af2c-5377-4886-a4e8-6fe45d0af45e@group-A1165329A1F1, cid=1073, SUCCESS, logIndex=1457, commits[4234af2c-5377-4886-a4e8-6fe45d0af45e:c1457, cef72988-acf5-49ad-9ec7-695a80e7a66d:c1452, d677508c-6db9-4741-b51c-49af5e4cf22f:c1452]
2019-09-08 07:07:24,613 [grpc-default-executor-3] INFO  client.GrpcClientProtocolClient (GrpcClientProtocolClient.java:onNext(264)) - client-119D756B1005->4234af2c-5377-4886-a4e8-6fe45d0af45e: receive RaftClientReply:client-119D756B1005->4234af2c-5377-4886-a4e8-6fe45d0af45e@group-A1165329A1F1, cid=1074, SUCCESS, logIndex=1460, commits[4234af2c-5377-4886-a4e8-6fe45d0af45e:c1461, cef72988-acf5-49ad-9ec7-695a80e7a66d:c1456, d677508c-6db9-4741-b51c-49af5e4cf22f:c1457]
2019-09-08 07:07:24,613 [grpc-default-executor-3] INFO  client.GrpcClientProtocolClient (GrpcClientProtocolClient.java:onNext(264)) - client-119D756B1005->4234af2c-5377-4886-a4e8-6fe45d0af45e: receive RaftClientReply:client-119D756B1005->4234af2c-5377-4886-a4e8-6fe45d0af45e@group-A1165329A1F1, cid=1075, SUCCESS, logIndex=1461, commits[4234af2c-5377-4886-a4e8-6fe45d0af45e:c1461, cef72988-acf5-49ad-9ec7-695a80e7a66d:c1456, d677508c-6db9-4741-b51c-49af5e4cf22f:c1457]
2019-09-08 07:07:24,615 [grpc-default-executor-3] INFO  client.GrpcClientProtocolClient (GrpcClientProtocolClient.java:onNext(264)) - client-119D756B1005->4234af2c-5377-4886-a4e8-6fe45d0af45e: receive RaftClientReply:client-119D756B1005->4234af2c-5377-4886-a4e8-6fe45d0af45e@group-A1165329A1F1, cid=1076, SUCCESS, logIndex=0, commits[4234af2c-5377-4886-a4e8-6fe45d0af45e:c1461, cef72988-acf5-49ad-9ec7-695a80e7a66d:c1457, d677508c-6db9-4741-b51c-49af5e4cf22f:c1457]
2019-09-08 07:07:24,625 [grpc-default-executor-3] INFO  client.GrpcClientProtocolClient (GrpcClientProtocolClient.java:onNext(264)) - client-119D756B1005->4234af2c-5377-4886-a4e8-6fe45d0af45e: receive RaftClientReply:client-119D756B1005->4234af2c-5377-4886-a4e8-6fe45d0af45e@group-A1165329A1F1, cid=1077, SUCCESS, logIndex=0, commits[4234af2c-5377-4886-a4e8-6fe45d0af45e:c1462, cef72988-acf5-49ad-9ec7-695a80e7a66d:c1461, d677508c-6db9-4741-b51c-49af5e4cf22f:c1461]
2019-09-08 07:07:24,647 [grpc-default-executor-3] INFO  client.GrpcClientProtocolClient (GrpcClientProtocolClient.java:onNext(264)) - client-119D756B1005->4234af2c-5377-4886-a4e8-6fe45d0af45e: receive RaftClientReply:client-119D756B1005->4234af2c-5377-4886-a4e8-6fe45d0af45e@group-A1165329A1F1, cid=1078, SUCCESS, logIndex=1463, commits[4234af2c-5377-4886-a4e8-6fe45d0af45e:c1464, cef72988-acf5-49ad-9ec7-695a80e7a66d:c1462, d677508c-6db9-4741-b51c-49af5e4cf22f:c1461]
2019-09-08 07:07:24,647 [grpc-default-executor-3] INFO  client.GrpcClientProtocolClient (GrpcClientProtocolClient.java:onNext(264)) - client-119D756B1005->4234af2c-5377-4886-a4e8-6fe45d0af45e: receive RaftClientReply:client-119D756B1005->4234af2c-5377-4886-a4e8-6fe45d0af45e@group-A1165329A1F1, cid=1079, SUCCESS, logIndex=1464, commits[4234af2c-5377-4886-a4e8-6fe45d0af45e:c1464, cef72988-acf5-49ad-9ec7-695a80e7a66d:c1462, d677508c-6db9-4741-b51c-49af5e4cf22f:c1462]
2019-09-08 07:07:24,648 [grpc-default-executor-3] INFO  client.GrpcClientProtocolClient (GrpcClientProtocolClient.java:onNext(264)) - client-119D756B1005->4234af2c-5377-4886-a4e8-6fe45d0af45e: receive RaftClientReply:client-119D756B1005->4234af2c-5377-4886-a4e8-6fe45d0af45e@group-A1165329A1F1, cid=1080, SUCCESS, logIndex=1465, commits[4234af2c-5377-4886-a4e8-6fe45d0af45e:c1466, cef72988-acf5-49ad-9ec7-695a80e7a66d:c1462, d677508c-6db9-4741-b51c-49af5e4cf22f:c1462]
2019-09-08 07:07:24,648 [grpc-default-executor-3] INFO  client.GrpcClientProtocolClient (GrpcClientProtocolClient.java:onNext(264)) - client-119D756B1005->4234af2c-5377-4886-a4e8-6fe45d0af45e: receive RaftClientReply:client-119D756B1005->4234af2c-5377-4886-a4e8-6fe45d0af45e@group-A1165329A1F1, cid=1081, SUCCESS, logIndex=1466, commits[4234af2c-5377-4886-a4e8-6fe45d0af45e:c1466, cef72988-acf5-49ad-9ec7-695a80e7a66d:c1462, d677508c-6db9-4741-b51c-49af5e4cf22f:c1462]
2019-09-08 07:07:24,662 [grpc-default-executor-3] INFO  client.GrpcClientProtocolClient (GrpcClientProtocolClient.java:onNext(264)) - client-119D756B1005->4234af2c-5377-4886-a4e8-6fe45d0af45e: receive RaftClientReply:client-119D756B1005->4234af2c-5377-4886-a4e8-6fe45d0af45e@group-A1165329A1F1, cid=1082, SUCCESS, logIndex=0, commits[4234af2c-5377-4886-a4e8-6fe45d0af45e:c1468, cef72988-acf5-49ad-9ec7-695a80e7a66d:c1464, d677508c-6db9-4741-b51c-49af5e4cf22f:c1464]
2019-09-08 07:07:24,682 [grpc-default-executor-3] INFO  client.GrpcClientProtocolClient (GrpcClientProtocolClient.java:onNext(264)) - client-119D756B1005->4234af2c-5377-4886-a4e8-6fe45d0af45e: receive RaftClientReply:client-119D756B1005->4234af2c-5377-4886-a4e8-6fe45d0af45e@group-A1165329A1F1, cid=1083, SUCCESS, logIndex=1471, commits[4234af2c-5377-4886-a4e8-6fe45d0af45e:c1472, cef72988-acf5-49ad-9ec7-695a80e7a66d:c1470, d677508c-6db9-4741-b51c-49af5e4cf22f:c1470]
2019-09-08 07:07:24,682 [grpc-default-executor-3] INFO  client.GrpcClientProtocolClient (GrpcClientProtocolClient.java:onNext(264)) - client-119D756B1005->4234af2c-5377-4886-a4e8-6fe45d0af45e: receive RaftClientReply:client-119D756B1005->4234af2c-5377-4886-a4e8-6fe45d0af45e@group-A1165329A1F1, cid=1084, SUCCESS, logIndex=1472, commits[4234af2c-5377-4886-a4e8-6fe45d0af45e:c1472, cef72988-acf5-49ad-9ec7-695a80e7a66d:c1470, d677508c-6db9-4741-b51c-49af5e4cf22f:c1470]
2019-09-08 07:07:24,712 [grpc-default-executor-3] INFO  client.GrpcClientProtocolClient (GrpcClientProtocolClient.java:onNext(264)) - client-119D756B1005->4234af2c-5377-4886-a4e8-6fe45d0af45e: receive RaftClientReply:client-119D756B1005->4234af2c-5377-4886-a4e8-6fe45d0af45e@group-A1165329A1F1, cid=1085, SUCCESS, logIndex=1475, commits[4234af2c-5377-4886-a4e8-6fe45d0af45e:c1476, cef72988-acf5-49ad-9ec7-695a80e7a66d:c1472, d677508c-6db9-4741-b51c-49af5e4cf22f:c1472]
2019-09-08 07:07:24,713 [grpc-default-executor-3] INFO  client.GrpcClientProtocolClient (GrpcClientProtocolClient.java:onNext(264)) - client-119D756B1005->4234af2c-5377-4886-a4e8-6fe45d0af45e: receive RaftClientReply:client-119D756B1005->4234af2c-5377-4886-a4e8-6fe45d0af45e@group-A1165329A1F1, cid=1086, SUCCESS, logIndex=1476, commits[4234af2c-5377-4886-a4e8-6fe45d0af45e:c1476, cef72988-acf5-49ad-9ec7-695a80e7a66d:c1472, d677508c-6db9-4741-b51c-49af5e4cf22f:c1472]
2019-09-08 07:07:24,727 [grpc-default-executor-3] INFO  client.GrpcClientProtocolClient (GrpcClientProtocolClient.java:onNext(264)) - client-119D756B1005->4234af2c-5377-4886-a4e8-6fe45d0af45e: receive RaftClientReply:client-119D756B1005->4234af2c-5377-4886-a4e8-6fe45d0af45e@group-A1165329A1F1, cid=1087, SUCCESS, logIndex=0, commits[4234af2c-5377-4886-a4e8-6fe45d0af45e:c1478, cef72988-acf5-49ad-9ec7-695a80e7a66d:c1476, d677508c-6db9-4741-b51c-49af5e4cf22f:c1476]
2019-09-08 07:07:24,746 [grpc-default-executor-6] INFO  client.GrpcClientProtocolClient (GrpcClientProtocolClient.java:onNext(264)) - client-119D756B1005->4234af2c-5377-4886-a4e8-6fe45d0af45e: receive RaftClientReply:client-119D756B1005->4234af2c-5377-4886-a4e8-6fe45d0af45e@group-A1165329A1F1, cid=1088, SUCCESS, logIndex=1479, commits[4234af2c-5377-4886-a4e8-6fe45d0af45e:c1480, cef72988-acf5-49ad-9ec7-695a80e7a66d:c1478, d677508c-6db9-4741-b51c-49af5e4cf22f:c1478]
2019-09-08 07:07:24,747 [grpc-default-executor-6] INFO  client.GrpcClientProtocolClient (GrpcClientProtocolClient.java:onNext(264)) - client-119D756B1005->4234af2c-5377-4886-a4e8-6fe45d0af45e: receive RaftClientReply:client-119D756B1005->4234af2c-5377-4886-a4e8-6fe45d0af45e@group-A1165329A1F1, cid=1089, SUCCESS, logIndex=1480, commits[4234af2c-5377-4886-a4e8-6fe45d0af45e:c1480, cef72988-acf5-49ad-9ec7-695a80e7a66d:c1478, d677508c-6db9-4741-b51c-49af5e4cf22f:c1478]
2019-09-08 07:07:24,747 [grpc-default-executor-6] INFO  client.GrpcClientProtocolClient (GrpcClientProtocolClient.java:onNext(264)) - client-119D756B1005->4234af2c-5377-4886-a4e8-6fe45d0af45e: receive RaftClientReply:client-119D756B1005->4234af2c-5377-4886-a4e8-6fe45d0af45e@group-A1165329A1F1, cid=1090, SUCCESS, logIndex=1481, commits[4234af2c-5377-4886-a4e8-6fe45d0af45e:c1482, cef72988-acf5-49ad-9ec7-695a80e7a66d:c1478, d677508c-6db9-4741-b51c-49af5e4cf22f:c1478]
2019-09-08 07:07:24,748 [grpc-default-executor-6] INFO  client.GrpcClientProtocolClient (GrpcClientProtocolClient.java:onNext(264)) - client-119D756B1005->4234af2c-5377-4886-a4e8-6fe45d0af45e: receive RaftClientReply:client-119D756B1005->4234af2c-5377-4886-a4e8-6fe45d0af45e@group-A1165329A1F1, cid=1091, SUCCESS, logIndex=1482, commits[4234af2c-5377-4886-a4e8-6fe45d0af45e:c1482, cef72988-acf5-49ad-9ec7-695a80e7a66d:c1478, d677508c-6db9-4741-b51c-49af5e4cf22f:c1478]
2019-09-08 07:07:24,763 [grpc-default-executor-6] INFO  client.GrpcClientProtocolClient (GrpcClientProtocolClient.java:onNext(264)) - client-119D756B1005->4234af2c-5377-4886-a4e8-6fe45d0af45e: receive RaftClientReply:client-119D756B1005->4234af2c-5377-4886-a4e8-6fe45d0af45e@group-A1165329A1F1, cid=1092, SUCCESS, logIndex=0, commits[4234af2c-5377-4886-a4e8-6fe45d0af45e:c1484, cef72988-acf5-49ad-9ec7-695a80e7a66d:c1480, d677508c-6db9-4741-b51c-49af5e4cf22f:c1480]
2019-09-08 07:07:24,784 [grpc-default-executor-3] INFO  client.GrpcClientProtocolClient (GrpcClientProtocolClient.java:onNext(264)) - client-119D756B1005->4234af2c-5377-4886-a4e8-6fe45d0af45e: receive RaftClientReply:client-119D756B1005->4234af2c-5377-4886-a4e8-6fe45d0af45e@group-A1165329A1F1, cid=1093, SUCCESS, logIndex=1487, commits[4234af2c-5377-4886-a4e8-6fe45d0af45e:c1488, cef72988-acf5-49ad-9ec7-695a80e7a66d:c1486, d677508c-6db9-4741-b51c-49af5e4cf22f:c1486]
2019-09-08 07:07:24,784 [grpc-default-executor-3] INFO  client.GrpcClientProtocolClient (GrpcClientProtocolClient.java:onNext(264)) - client-119D756B1005->4234af2c-5377-4886-a4e8-6fe45d0af45e: receive RaftClientReply:client-119D756B1005->4234af2c-5377-4886-a4e8-6fe45d0af45e@group-A1165329A1F1, cid=1094, SUCCESS, logIndex=1488, commits[4234af2c-5377-4886-a4e8-6fe45d0af45e:c1488, cef72988-acf5-49ad-9ec7-695a80e7a66d:c1486, d677508c-6db9-4741-b51c-49af5e4cf22f:c1486]
2019-09-08 07:07:24,796 [grpc-default-executor-6] INFO  client.GrpcClientProtocolClient (GrpcClientProtocolClient.java:onNext(264)) - client-119D756B1005->4234af2c-5377-4886-a4e8-6fe45d0af45e: receive RaftClientReply:client-119D756B1005->4234af2c-5377-4886-a4e8-6fe45d0af45e@group-A1165329A1F1, cid=1095, SUCCESS, logIndex=1491, commits[4234af2c-5377-4886-a4e8-6fe45d0af45e:c1492, cef72988-acf5-49ad-9ec7-695a80e7a66d:c1488, d677508c-6db9-4741-b51c-49af5e4cf22f:c1490]
2019-09-08 07:07:24,797 [grpc-default-executor-6] INFO  client.GrpcClientProtocolClient (GrpcClientProtocolClient.java:onNext(264)) - client-119D756B1005->4234af2c-5377-4886-a4e8-6fe45d0af45e: receive RaftClientReply:client-119D756B1005->4234af2c-5377-4886-a4e8-6fe45d0af45e@group-A1165329A1F1, cid=1096, SUCCESS, logIndex=1492, commits[4234af2c-5377-4886-a4e8-6fe45d0af45e:c1492, cef72988-acf5-49ad-9ec7-695a80e7a66d:c1490, d677508c-6db9-4741-b51c-49af5e4cf22f:c1490]
2019-09-08 07:07:24,799 [grpc-default-executor-6] INFO  client.GrpcClientProtocolClient (GrpcClientProtocolClient.java:onNext(264)) - client-119D756B1005->4234af2c-5377-4886-a4e8-6fe45d0af45e: receive RaftClientReply:client-119D756B1005->4234af2c-5377-4886-a4e8-6fe45d0af45e@group-A1165329A1F1, cid=1097, SUCCESS, logIndex=0, commits[4234af2c-5377-4886-a4e8-6fe45d0af45e:c1493, cef72988-acf5-49ad-9ec7-695a80e7a66d:c1492, d677508c-6db9-4741-b51c-49af5e4cf22f:c1492]
2019-09-08 07:07:24,823 [grpc-default-executor-0] INFO  client.GrpcClientProtocolClient (GrpcClientProtocolClient.java:onNext(264)) - client-119D756B1005->4234af2c-5377-4886-a4e8-6fe45d0af45e: receive RaftClientReply:client-119D756B1005->4234af2c-5377-4886-a4e8-6fe45d0af45e@group-A1165329A1F1, cid=1098, SUCCESS, logIndex=1495, commits[4234af2c-5377-4886-a4e8-6fe45d0af45e:c1495, cef72988-acf5-49ad-9ec7-695a80e7a66d:c1494, d677508c-6db9-4741-b51c-49af5e4cf22f:c1494]
2019-09-08 07:07:24,824 [grpc-default-executor-0] INFO  client.GrpcClientProtocolClient (GrpcClientProtocolClient.java:onNext(264)) - client-119D756B1005->4234af2c-5377-4886-a4e8-6fe45d0af45e: receive RaftClientReply:client-119D756B1005->4234af2c-5377-4886-a4e8-6fe45d0af45e@group-A1165329A1F1, cid=1099, SUCCESS, logIndex=1496, commits[4234af2c-5377-4886-a4e8-6fe45d0af45e:c1498, cef72988-acf5-49ad-9ec7-695a80e7a66d:c1494, d677508c-6db9-4741-b51c-49af5e4cf22f:c1494]
2019-09-08 07:07:24,825 [grpc-default-executor-0] INFO  client.GrpcClientProtocolClient (GrpcClientProtocolClient.java:onNext(264)) - client-119D756B1005->4234af2c-5377-4886-a4e8-6fe45d0af45e: receive RaftClientReply:client-119D756B1005->4234af2c-5377-4886-a4e8-6fe45d0af45e@group-A1165329A1F1, cid=1100, SUCCESS, logIndex=1497, commits[4234af2c-5377-4886-a4e8-6fe45d0af45e:c1498, cef72988-acf5-49ad-9ec7-695a80e7a66d:c1494, d677508c-6db9-4741-b51c-49af5e4cf22f:c1494]
2019-09-08 07:07:24,825 [grpc-default-executor-0] INFO  client.GrpcClientProtocolClient (GrpcClientProtocolClient.java:onNext(264)) - client-119D756B1005->4234af2c-5377-4886-a4e8-6fe45d0af45e: receive RaftClientReply:client-119D756B1005->4234af2c-5377-4886-a4e8-6fe45d0af45e@group-A1165329A1F1, cid=1101, SUCCESS, logIndex=1498, commits[4234af2c-5377-4886-a4e8-6fe45d0af45e:c1498, cef72988-acf5-49ad-9ec7-695a80e7a66d:c1494, d677508c-6db9-4741-b51c-49af5e4cf22f:c1494]
2019-09-08 07:07:24,832 [grpc-default-executor-0] INFO  client.GrpcClientProtocolClient (GrpcClientProtocolClient.java:onNext(264)) - client-119D756B1005->4234af2c-5377-4886-a4e8-6fe45d0af45e: receive RaftClientReply:client-119D756B1005->4234af2c-5377-4886-a4e8-6fe45d0af45e@group-A1165329A1F1, cid=1102, SUCCESS, logIndex=0, commits[4234af2c-5377-4886-a4e8-6fe45d0af45e:c1500, cef72988-acf5-49ad-9ec7-695a80e7a66d:c1498, d677508c-6db9-4741-b51c-49af5e4cf22f:c1498]
2019-09-08 07:07:24,850 [grpc-default-executor-0] INFO  client.GrpcClientProtocolClient (GrpcClientProtocolClient.java:onNext(264)) - client-119D756B1005->4234af2c-5377-4886-a4e8-6fe45d0af45e: receive RaftClientReply:client-119D756B1005->4234af2c-5377-4886-a4e8-6fe45d0af45e@group-A1165329A1F1, cid=1103, SUCCESS, logIndex=1501, commits[4234af2c-5377-4886-a4e8-6fe45d0af45e:c1502, cef72988-acf5-49ad-9ec7-695a80e7a66d:c1500, d677508c-6db9-4741-b51c-49af5e4cf22f:c1500]
2019-09-08 07:07:24,850 [grpc-default-executor-0] INFO  client.GrpcClientProtocolClient (GrpcClientProtocolClient.java:onNext(264)) - client-119D756B1005->4234af2c-5377-4886-a4e8-6fe45d0af45e: receive RaftClientReply:client-119D756B1005->4234af2c-5377-4886-a4e8-6fe45d0af45e@group-A1165329A1F1, cid=1104, SUCCESS, logIndex=1502, commits[4234af2c-5377-4886-a4e8-6fe45d0af45e:c1502, cef72988-acf5-49ad-9ec7-695a80e7a66d:c1500, d677508c-6db9-4741-b51c-49af5e4cf22f:c1500]
2019-09-08 07:07:24,863 [grpc-default-executor-0] INFO  client.GrpcClientProtocolClient (GrpcClientProtocolClient.java:onNext(264)) - client-119D756B1005->4234af2c-5377-4886-a4e8-6fe45d0af45e: receive RaftClientReply:client-119D756B1005->4234af2c-5377-4886-a4e8-6fe45d0af45e@group-A1165329A1F1, cid=1105, SUCCESS, logIndex=1505, commits[4234af2c-5377-4886-a4e8-6fe45d0af45e:c1506, cef72988-acf5-49ad-9ec7-695a80e7a66d:c1502, d677508c-6db9-4741-b51c-49af5e4cf22f:c1502]
2019-09-08 07:07:24,863 [grpc-default-executor-0] INFO  client.GrpcClientProtocolClient (GrpcClientProtocolClient.java:onNext(264)) - client-119D756B1005->4234af2c-5377-4886-a4e8-6fe45d0af45e: receive RaftClientReply:client-119D756B1005->4234af2c-5377-4886-a4e8-6fe45d0af45e@group-A1165329A1F1, cid=1106, SUCCESS, logIndex=1506, commits[4234af2c-5377-4886-a4e8-6fe45d0af45e:c1506, cef72988-acf5-49ad-9ec7-695a80e7a66d:c1502, d677508c-6db9-4741-b51c-49af5e4cf22f:c1502]
2019-09-08 07:07:24,867 [grpc-default-executor-0] INFO  client.GrpcClientProtocolClient (GrpcClientProtocolClient.java:onNext(264)) - client-119D756B1005->4234af2c-5377-4886-a4e8-6fe45d0af45e: receive RaftClientReply:client-119D756B1005->4234af2c-5377-4886-a4e8-6fe45d0af45e@group-A1165329A1F1, cid=1107, SUCCESS, logIndex=0, commits[4234af2c-5377-4886-a4e8-6fe45d0af45e:c1508, cef72988-acf5-49ad-9ec7-695a80e7a66d:c1506, d677508c-6db9-4741-b51c-49af5e4cf22f:c1506]
2019-09-08 07:07:24,886 [grpc-default-executor-3] INFO  client.GrpcClientProtocolClient (GrpcClientProtocolClient.java:onNext(264)) - client-119D756B1005->4234af2c-5377-4886-a4e8-6fe45d0af45e: receive RaftClientReply:client-119D756B1005->4234af2c-5377-4886-a4e8-6fe45d0af45e@group-A1165329A1F1, cid=1108, SUCCESS, logIndex=1509, commits[4234af2c-5377-4886-a4e8-6fe45d0af45e:c1510, cef72988-acf5-49ad-9ec7-695a80e7a66d:c1508, d677508c-6db9-4741-b51c-49af5e4cf22f:c1508]
2019-09-08 07:07:24,887 [grpc-default-executor-3] INFO  client.GrpcClientProtocolClient (GrpcClientProtocolClient.java:onNext(264)) - client-119D756B1005->4234af2c-5377-4886-a4e8-6fe45d0af45e: receive RaftClientReply:client-119D756B1005->4234af2c-5377-4886-a4e8-6fe45d0af45e@group-A1165329A1F1, cid=1109, SUCCESS, logIndex=1510, commits[4234af2c-5377-4886-a4e8-6fe45d0af45e:c1510, cef72988-acf5-49ad-9ec7-695a80e7a66d:c1508, d677508c-6db9-4741-b51c-49af5e4cf22f:c1508]
2019-09-08 07:07:24,888 [grpc-default-executor-3] INFO  client.GrpcClientProtocolClient (GrpcClientProtocolClient.java:onNext(264)) - client-119D756B1005->4234af2c-5377-4886-a4e8-6fe45d0af45e: receive RaftClientReply:client-119D756B1005->4234af2c-5377-4886-a4e8-6fe45d0af45e@group-A1165329A1F1, cid=1110, SUCCESS, logIndex=1511, commits[4234af2c-5377-4886-a4e8-6fe45d0af45e:c1512, cef72988-acf5-49ad-9ec7-695a80e7a66d:c1508, d677508c-6db9-4741-b51c-49af5e4cf22f:c1508]
2019-09-08 07:07:24,888 [grpc-default-executor-3] INFO  client.GrpcClientProtocolClient (GrpcClientProtocolClient.java:onNext(264)) - client-119D756B1005->4234af2c-5377-4886-a4e8-6fe45d0af45e: receive RaftClientReply:client-119D756B1005->4234af2c-5377-4886-a4e8-6fe45d0af45e@group-A1165329A1F1, cid=1111, SUCCESS, logIndex=1512, commits[4234af2c-5377-4886-a4e8-6fe45d0af45e:c1512, cef72988-acf5-49ad-9ec7-695a80e7a66d:c1508, d677508c-6db9-4741-b51c-49af5e4cf22f:c1508]
2019-09-08 07:07:24,890 [grpc-default-executor-6] INFO  client.GrpcClientProtocolClient (GrpcClientProtocolClient.java:onNext(264)) - client-119D756B1005->4234af2c-5377-4886-a4e8-6fe45d0af45e: receive RaftClientReply:client-119D756B1005->4234af2c-5377-4886-a4e8-6fe45d0af45e@group-A1165329A1F1, cid=1112, SUCCESS, logIndex=0, commits[4234af2c-5377-4886-a4e8-6fe45d0af45e:c1513, cef72988-acf5-49ad-9ec7-695a80e7a66d:c1510, d677508c-6db9-4741-b51c-49af5e4cf22f:c1510]
2019-09-08 07:07:24,908 [grpc-default-executor-0] INFO  client.GrpcClientProtocolClient (GrpcClientProtocolClient.java:onNext(264)) - client-119D756B1005->4234af2c-5377-4886-a4e8-6fe45d0af45e: receive RaftClientReply:client-119D756B1005->4234af2c-5377-4886-a4e8-6fe45d0af45e@group-A1165329A1F1, cid=1113, SUCCESS, logIndex=1517, commits[4234af2c-5377-4886-a4e8-6fe45d0af45e:c1517, cef72988-acf5-49ad-9ec7-695a80e7a66d:c1516, d677508c-6db9-4741-b51c-49af5e4cf22f:c1516]
2019-09-08 07:07:24,909 [grpc-default-executor-0] INFO  client.GrpcClientProtocolClient (GrpcClientProtocolClient.java:onNext(264)) - client-119D756B1005->4234af2c-5377-4886-a4e8-6fe45d0af45e: receive RaftClientReply:client-119D756B1005->4234af2c-5377-4886-a4e8-6fe45d0af45e@group-A1165329A1F1, cid=1114, SUCCESS, logIndex=1518, commits[4234af2c-5377-4886-a4e8-6fe45d0af45e:c1518, cef72988-acf5-49ad-9ec7-695a80e7a66d:c1516, d677508c-6db9-4741-b51c-49af5e4cf22f:c1516]
2019-09-08 07:07:24,923 [grpc-default-executor-6] INFO  client.GrpcClientProtocolClient (GrpcClientProtocolClient.java:onNext(264)) - client-119D756B1005->4234af2c-5377-4886-a4e8-6fe45d0af45e: receive RaftClientReply:client-119D756B1005->4234af2c-5377-4886-a4e8-6fe45d0af45e@group-A1165329A1F1, cid=1115, SUCCESS, logIndex=1521, commits[4234af2c-5377-4886-a4e8-6fe45d0af45e:c1522, cef72988-acf5-49ad-9ec7-695a80e7a66d:c1518, d677508c-6db9-4741-b51c-49af5e4cf22f:c1518]
2019-09-08 07:07:24,923 [grpc-default-executor-6] INFO  client.GrpcClientProtocolClient (GrpcClientProtocolClient.java:onNext(264)) - client-119D756B1005->4234af2c-5377-4886-a4e8-6fe45d0af45e: receive RaftClientReply:client-119D756B1005->4234af2c-5377-4886-a4e8-6fe45d0af45e@group-A1165329A1F1, cid=1116, SUCCESS, logIndex=1522, commits[4234af2c-5377-4886-a4e8-6fe45d0af45e:c1522, cef72988-acf5-49ad-9ec7-695a80e7a66d:c1518, d677508c-6db9-4741-b51c-49af5e4cf22f:c1518]
2019-09-08 07:07:24,936 [grpc-default-executor-6] INFO  client.GrpcClientProtocolClient (GrpcClientProtocolClient.java:onNext(264)) - client-119D756B1005->4234af2c-5377-4886-a4e8-6fe45d0af45e: receive RaftClientReply:client-119D756B1005->4234af2c-5377-4886-a4e8-6fe45d0af45e@group-A1165329A1F1, cid=1117, SUCCESS, logIndex=0, commits[4234af2c-5377-4886-a4e8-6fe45d0af45e:c1523, cef72988-acf5-49ad-9ec7-695a80e7a66d:c1522, d677508c-6db9-4741-b51c-49af5e4cf22f:c1522]
2019-09-08 07:07:24,952 [grpc-default-executor-6] INFO  client.GrpcClientProtocolClient (GrpcClientProtocolClient.java:onNext(264)) - client-119D756B1005->4234af2c-5377-4886-a4e8-6fe45d0af45e: receive RaftClientReply:client-119D756B1005->4234af2c-5377-4886-a4e8-6fe45d0af45e@group-A1165329A1F1, cid=1118, SUCCESS, logIndex=1525, commits[4234af2c-5377-4886-a4e8-6fe45d0af45e:c1526, cef72988-acf5-49ad-9ec7-695a80e7a66d:c1523, d677508c-6db9-4741-b51c-49af5e4cf22f:c1522]
2019-09-08 07:07:24,952 [grpc-default-executor-6] INFO  client.GrpcClientProtocolClient (GrpcClientProtocolClient.java:onNext(264)) - client-119D756B1005->4234af2c-5377-4886-a4e8-6fe45d0af45e: receive RaftClientReply:client-119D756B1005->4234af2c-5377-4886-a4e8-6fe45d0af45e@group-A1165329A1F1, cid=1119, SUCCESS, logIndex=1526, commits[4234af2c-5377-4886-a4e8-6fe45d0af45e:c1528, cef72988-acf5-49ad-9ec7-695a80e7a66d:c1523, d677508c-6db9-4741-b51c-49af5e4cf22f:c1522]
2019-09-08 07:07:24,953 [grpc-default-executor-6] INFO  client.GrpcClientProtocolClient (GrpcClientProtocolClient.java:onNext(264)) - client-119D756B1005->4234af2c-5377-4886-a4e8-6fe45d0af45e: receive RaftClientReply:client-119D756B1005->4234af2c-5377-4886-a4e8-6fe45d0af45e@group-A1165329A1F1, cid=1120, SUCCESS, logIndex=1527, commits[4234af2c-5377-4886-a4e8-6fe45d0af45e:c1528, cef72988-acf5-49ad-9ec7-695a80e7a66d:c1523, d677508c-6db9-4741-b51c-49af5e4cf22f:c1523]
2019-09-08 07:07:24,953 [grpc-default-executor-6] INFO  client.GrpcClientProtocolClient (GrpcClientProtocolClient.java:onNext(264)) - client-119D756B1005->4234af2c-5377-4886-a4e8-6fe45d0af45e: receive RaftClientReply:client-119D756B1005->4234af2c-5377-4886-a4e8-6fe45d0af45e@group-A1165329A1F1, cid=1121, SUCCESS, logIndex=1528, commits[4234af2c-5377-4886-a4e8-6fe45d0af45e:c1528, cef72988-acf5-49ad-9ec7-695a80e7a66d:c1523, d677508c-6db9-4741-b51c-49af5e4cf22f:c1523]
2019-09-08 07:07:24,955 [grpc-default-executor-3] INFO  client.GrpcClientProtocolClient (GrpcClientProtocolClient.java:onNext(264)) - client-119D756B1005->4234af2c-5377-4886-a4e8-6fe45d0af45e: receive RaftClientReply:client-119D756B1005->4234af2c-5377-4886-a4e8-6fe45d0af45e@group-A1165329A1F1, cid=1122, SUCCESS, logIndex=0, commits[4234af2c-5377-4886-a4e8-6fe45d0af45e:c1529, cef72988-acf5-49ad-9ec7-695a80e7a66d:c1526, d677508c-6db9-4741-b51c-49af5e4cf22f:c1526]
2019-09-08 07:07:24,971 [grpc-default-executor-6] INFO  client.GrpcClientProtocolClient (GrpcClientProtocolClient.java:onNext(264)) - client-119D756B1005->4234af2c-5377-4886-a4e8-6fe45d0af45e: receive RaftClientReply:client-119D756B1005->4234af2c-5377-4886-a4e8-6fe45d0af45e@group-A1165329A1F1, cid=1123, SUCCESS, logIndex=1533, commits[4234af2c-5377-4886-a4e8-6fe45d0af45e:c1534, cef72988-acf5-49ad-9ec7-695a80e7a66d:c1528, d677508c-6db9-4741-b51c-49af5e4cf22f:c1532]
2019-09-08 07:07:24,972 [grpc-default-executor-6] INFO  client.GrpcClientProtocolClient (GrpcClientProtocolClient.java:onNext(264)) - client-119D756B1005->4234af2c-5377-4886-a4e8-6fe45d0af45e: receive RaftClientReply:client-119D756B1005->4234af2c-5377-4886-a4e8-6fe45d0af45e@group-A1165329A1F1, cid=1124, SUCCESS, logIndex=1534, commits[4234af2c-5377-4886-a4e8-6fe45d0af45e:c1535, cef72988-acf5-49ad-9ec7-695a80e7a66d:c1532, d677508c-6db9-4741-b51c-49af5e4cf22f:c1534]
2019-09-08 07:07:24,985 [grpc-default-executor-3] INFO  client.GrpcClientProtocolClient (GrpcClientProtocolClient.java:onNext(264)) - client-119D756B1005->4234af2c-5377-4886-a4e8-6fe45d0af45e: receive RaftClientReply:client-119D756B1005->4234af2c-5377-4886-a4e8-6fe45d0af45e@group-A1165329A1F1, cid=1125, SUCCESS, logIndex=1537, commits[4234af2c-5377-4886-a4e8-6fe45d0af45e:c1538, cef72988-acf5-49ad-9ec7-695a80e7a66d:c1535, d677508c-6db9-4741-b51c-49af5e4cf22f:c1535]
2019-09-08 07:07:24,985 [grpc-default-executor-3] INFO  client.GrpcClientProtocolClient (GrpcClientProtocolClient.java:onNext(264)) - client-119D756B1005->4234af2c-5377-4886-a4e8-6fe45d0af45e: receive RaftClientReply:client-119D756B1005->4234af2c-5377-4886-a4e8-6fe45d0af45e@group-A1165329A1F1, cid=1126, SUCCESS, logIndex=1538, commits[4234af2c-5377-4886-a4e8-6fe45d0af45e:c1538, cef72988-acf5-49ad-9ec7-695a80e7a66d:c1535, d677508c-6db9-4741-b51c-49af5e4cf22f:c1535]
2019-09-08 07:07:24,987 [grpc-default-executor-6] INFO  client.GrpcClientProtocolClient (GrpcClientProtocolClient.java:onNext(264)) - client-119D756B1005->4234af2c-5377-4886-a4e8-6fe45d0af45e: receive RaftClientReply:client-119D756B1005->4234af2c-5377-4886-a4e8-6fe45d0af45e@group-A1165329A1F1, cid=1127, SUCCESS, logIndex=0, commits[4234af2c-5377-4886-a4e8-6fe45d0af45e:c1540, cef72988-acf5-49ad-9ec7-695a80e7a66d:c1538, d677508c-6db9-4741-b51c-49af5e4cf22f:c1538]
2019-09-08 07:07:24,999 [grpc-default-executor-3] INFO  client.GrpcClientProtocolClient (GrpcClientProtocolClient.java:onNext(264)) - client-119D756B1005->4234af2c-5377-4886-a4e8-6fe45d0af45e: receive RaftClientReply:client-119D756B1005->4234af2c-5377-4886-a4e8-6fe45d0af45e@group-A1165329A1F1, cid=1128, SUCCESS, logIndex=1541, commits[4234af2c-5377-4886-a4e8-6fe45d0af45e:c1542, cef72988-acf5-49ad-9ec7-695a80e7a66d:c1540, d677508c-6db9-4741-b51c-49af5e4cf22f:c1540]
2019-09-08 07:07:25,000 [grpc-default-executor-3] INFO  client.GrpcClientProtocolClient (GrpcClientProtocolClient.java:onNext(264)) - client-119D756B1005->4234af2c-5377-4886-a4e8-6fe45d0af45e: receive RaftClientReply:client-119D756B1005->4234af2c-5377-4886-a4e8-6fe45d0af45e@group-A1165329A1F1, cid=1129, SUCCESS, logIndex=1542, commits[4234af2c-5377-4886-a4e8-6fe45d0af45e:c1542, cef72988-acf5-49ad-9ec7-695a80e7a66d:c1540, d677508c-6db9-4741-b51c-49af5e4cf22f:c1540]
2019-09-08 07:07:25,000 [grpc-default-executor-3] INFO  client.GrpcClientProtocolClient (GrpcClientProtocolClient.java:onNext(264)) - client-119D756B1005->4234af2c-5377-4886-a4e8-6fe45d0af45e: receive RaftClientReply:client-119D756B1005->4234af2c-5377-4886-a4e8-6fe45d0af45e@group-A1165329A1F1, cid=1130, SUCCESS, logIndex=1543, commits[4234af2c-5377-4886-a4e8-6fe45d0af45e:c1544, cef72988-acf5-49ad-9ec7-695a80e7a66d:c1540, d677508c-6db9-4741-b51c-49af5e4cf22f:c1540]
2019-09-08 07:07:25,000 [grpc-default-executor-3] INFO  client.GrpcClientProtocolClient (GrpcClientProtocolClient.java:onNext(264)) - client-119D756B1005->4234af2c-5377-4886-a4e8-6fe45d0af45e: receive RaftClientReply:client-119D756B1005->4234af2c-5377-4886-a4e8-6fe45d0af45e@group-A1165329A1F1, cid=1131, SUCCESS, logIndex=1544, commits[4234af2c-5377-4886-a4e8-6fe45d0af45e:c1544, cef72988-acf5-49ad-9ec7-695a80e7a66d:c1540, d677508c-6db9-4741-b51c-49af5e4cf22f:c1540]
2019-09-08 07:07:25,002 [grpc-default-executor-3] INFO  client.GrpcClientProtocolClient (GrpcClientProtocolClient.java:onNext(264)) - client-119D756B1005->4234af2c-5377-4886-a4e8-6fe45d0af45e: receive RaftClientReply:client-119D756B1005->4234af2c-5377-4886-a4e8-6fe45d0af45e@group-A1165329A1F1, cid=1132, SUCCESS, logIndex=0, commits[4234af2c-5377-4886-a4e8-6fe45d0af45e:c1546, cef72988-acf5-49ad-9ec7-695a80e7a66d:c1544, d677508c-6db9-4741-b51c-49af5e4cf22f:c1542]
2019-09-08 07:07:25,015 [grpc-default-executor-0] INFO  client.GrpcClientProtocolClient (GrpcClientProtocolClient.java:onNext(264)) - client-119D756B1005->4234af2c-5377-4886-a4e8-6fe45d0af45e: receive RaftClientReply:client-119D756B1005->4234af2c-5377-4886-a4e8-6fe45d0af45e@group-A1165329A1F1, cid=1133, SUCCESS, logIndex=1548, commits[4234af2c-5377-4886-a4e8-6fe45d0af45e:c1549, cef72988-acf5-49ad-9ec7-695a80e7a66d:c1547, d677508c-6db9-4741-b51c-49af5e4cf22f:c1547]
2019-09-08 07:07:25,015 [grpc-default-executor-0] INFO  client.GrpcClientProtocolClient (GrpcClientProtocolClient.java:onNext(264)) - client-119D756B1005->4234af2c-5377-4886-a4e8-6fe45d0af45e: receive RaftClientReply:client-119D756B1005->4234af2c-5377-4886-a4e8-6fe45d0af45e@group-A1165329A1F1, cid=1134, SUCCESS, logIndex=1549, commits[4234af2c-5377-4886-a4e8-6fe45d0af45e:c1549, cef72988-acf5-49ad-9ec7-695a80e7a66d:c1547, d677508c-6db9-4741-b51c-49af5e4cf22f:c1547]
2019-09-08 07:07:25,030 [grpc-default-executor-6] INFO  client.GrpcClientProtocolClient (GrpcClientProtocolClient.java:onNext(264)) - client-119D756B1005->4234af2c-5377-4886-a4e8-6fe45d0af45e: receive RaftClientReply:client-119D756B1005->4234af2c-5377-4886-a4e8-6fe45d0af45e@group-A1165329A1F1, cid=1135, SUCCESS, logIndex=1552, commits[4234af2c-5377-4886-a4e8-6fe45d0af45e:c1553, cef72988-acf5-49ad-9ec7-695a80e7a66d:c1550, d677508c-6db9-4741-b51c-49af5e4cf22f:c1549]
2019-09-08 07:07:25,031 [grpc-default-executor-6] INFO  client.GrpcClientProtocolClient (GrpcClientProtocolClient.java:onNext(264)) - client-119D756B1005->4234af2c-5377-4886-a4e8-6fe45d0af45e: receive RaftClientReply:client-119D756B1005->4234af2c-5377-4886-a4e8-6fe45d0af45e@group-A1165329A1F1, cid=1136, SUCCESS, logIndex=1553, commits[4234af2c-5377-4886-a4e8-6fe45d0af45e:c1553, cef72988-acf5-49ad-9ec7-695a80e7a66d:c1550, d677508c-6db9-4741-b51c-49af5e4cf22f:c1550]
2019-09-08 07:07:25,035 [grpc-default-executor-6] INFO  client.GrpcClientProtocolClient (GrpcClientProtocolClient.java:onNext(264)) - client-119D756B1005->4234af2c-5377-4886-a4e8-6fe45d0af45e: receive RaftClientReply:client-119D756B1005->4234af2c-5377-4886-a4e8-6fe45d0af45e@group-A1165329A1F1, cid=1137, SUCCESS, logIndex=0, commits[4234af2c-5377-4886-a4e8-6fe45d0af45e:c1554, cef72988-acf5-49ad-9ec7-695a80e7a66d:c1553, d677508c-6db9-4741-b51c-49af5e4cf22f:c1553]
2019-09-08 07:07:25,197 [grpc-default-executor-3] INFO  client.GrpcClientProtocolClient (GrpcClientProtocolClient.java:onNext(264)) - client-119D756B1005->4234af2c-5377-4886-a4e8-6fe45d0af45e: receive RaftClientReply:client-119D756B1005->4234af2c-5377-4886-a4e8-6fe45d0af45e@group-A1165329A1F1, cid=1138, SUCCESS, logIndex=1555, commits[4234af2c-5377-4886-a4e8-6fe45d0af45e:c1556, cef72988-acf5-49ad-9ec7-695a80e7a66d:c1554, d677508c-6db9-4741-b51c-49af5e4cf22f:c1554]
2019-09-08 07:07:25,198 [grpc-default-executor-3] INFO  client.GrpcClientProtocolClient (GrpcClientProtocolClient.java:onNext(264)) - client-119D756B1005->4234af2c-5377-4886-a4e8-6fe45d0af45e: receive RaftClientReply:client-119D756B1005->4234af2c-5377-4886-a4e8-6fe45d0af45e@group-A1165329A1F1, cid=1139, SUCCESS, logIndex=1556, commits[4234af2c-5377-4886-a4e8-6fe45d0af45e:c1558, cef72988-acf5-49ad-9ec7-695a80e7a66d:c1554, d677508c-6db9-4741-b51c-49af5e4cf22f:c1554]
2019-09-08 07:07:25,198 [grpc-default-executor-3] INFO  client.GrpcClientProtocolClient (GrpcClientProtocolClient.java:onNext(264)) - client-119D756B1005->4234af2c-5377-4886-a4e8-6fe45d0af45e: receive RaftClientReply:client-119D756B1005->4234af2c-5377-4886-a4e8-6fe45d0af45e@group-A1165329A1F1, cid=1140, SUCCESS, logIndex=1557, commits[4234af2c-5377-4886-a4e8-6fe45d0af45e:c1558, cef72988-acf5-49ad-9ec7-695a80e7a66d:c1554, d677508c-6db9-4741-b51c-49af5e4cf22f:c1554]
2019-09-08 07:07:25,199 [grpc-default-executor-3] INFO  client.GrpcClientProtocolClient (GrpcClientProtocolClient.java:onNext(264)) - client-119D756B1005->4234af2c-5377-4886-a4e8-6fe45d0af45e: receive RaftClientReply:client-119D756B1005->4234af2c-5377-4886-a4e8-6fe45d0af45e@group-A1165329A1F1, cid=1141, SUCCESS, logIndex=1558, commits[4234af2c-5377-4886-a4e8-6fe45d0af45e:c1558, cef72988-acf5-49ad-9ec7-695a80e7a66d:c1554, d677508c-6db9-4741-b51c-49af5e4cf22f:c1554]
2019-09-08 07:07:25,211 [grpc-default-executor-3] INFO  client.GrpcClientProtocolClient (GrpcClientProtocolClient.java:onNext(264)) - client-119D756B1005->4234af2c-5377-4886-a4e8-6fe45d0af45e: receive RaftClientReply:client-119D756B1005->4234af2c-5377-4886-a4e8-6fe45d0af45e@group-A1165329A1F1, cid=1142, SUCCESS, logIndex=0, commits[4234af2c-5377-4886-a4e8-6fe45d0af45e:c1560, cef72988-acf5-49ad-9ec7-695a80e7a66d:c1556, d677508c-6db9-4741-b51c-49af5e4cf22f:c1556]
2019-09-08 07:07:25,224 [grpc-default-executor-0] INFO  client.GrpcClientProtocolClient (GrpcClientProtocolClient.java:onNext(264)) - client-119D756B1005->4234af2c-5377-4886-a4e8-6fe45d0af45e: receive RaftClientReply:client-119D756B1005->4234af2c-5377-4886-a4e8-6fe45d0af45e@group-A1165329A1F1, cid=1143, SUCCESS, logIndex=1562, commits[4234af2c-5377-4886-a4e8-6fe45d0af45e:c1563, cef72988-acf5-49ad-9ec7-695a80e7a66d:c1558, d677508c-6db9-4741-b51c-49af5e4cf22f:c1561]
2019-09-08 07:07:25,225 [grpc-default-executor-0] INFO  client.GrpcClientProtocolClient (GrpcClientProtocolClient.java:onNext(264)) - client-119D756B1005->4234af2c-5377-4886-a4e8-6fe45d0af45e: receive RaftClientReply:client-119D756B1005->4234af2c-5377-4886-a4e8-6fe45d0af45e@group-A1165329A1F1, cid=1144, SUCCESS, logIndex=1563, commits[4234af2c-5377-4886-a4e8-6fe45d0af45e:c1563, cef72988-acf5-49ad-9ec7-695a80e7a66d:c1561, d677508c-6db9-4741-b51c-49af5e4cf22f:c1561]
2019-09-08 07:07:25,237 [grpc-default-executor-0] INFO  client.GrpcClientProtocolClient (GrpcClientProtocolClient.java:onNext(264)) - client-119D756B1005->4234af2c-5377-4886-a4e8-6fe45d0af45e: receive RaftClientReply:client-119D756B1005->4234af2c-5377-4886-a4e8-6fe45d0af45e@group-A1165329A1F1, cid=1145, SUCCESS, logIndex=1566, commits[4234af2c-5377-4886-a4e8-6fe45d0af45e:c1567, cef72988-acf5-49ad-9ec7-695a80e7a66d:c1565, d677508c-6db9-4741-b51c-49af5e4cf22f:c1563]
2019-09-08 07:07:25,238 [grpc-default-executor-0] INFO  client.GrpcClientProtocolClient (GrpcClientProtocolClient.java:onNext(264)) - client-119D756B1005->4234af2c-5377-4886-a4e8-6fe45d0af45e: receive RaftClientReply:client-119D756B1005->4234af2c-5377-4886-a4e8-6fe45d0af45e@group-A1165329A1F1, cid=1146, SUCCESS, logIndex=1567, commits[4234af2c-5377-4886-a4e8-6fe45d0af45e:c1567, cef72988-acf5-49ad-9ec7-695a80e7a66d:c1565, d677508c-6db9-4741-b51c-49af5e4cf22f:c1563]
2019-09-08 07:07:25,241 [grpc-default-executor-0] INFO  client.GrpcClientProtocolClient (GrpcClientProtocolClient.java:onNext(264)) - client-119D756B1005->4234af2c-5377-4886-a4e8-6fe45d0af45e: receive RaftClientReply:client-119D756B1005->4234af2c-5377-4886-a4e8-6fe45d0af45e@group-A1165329A1F1, cid=1147, SUCCESS, logIndex=0, commits[4234af2c-5377-4886-a4e8-6fe45d0af45e:c1569, cef72988-acf5-49ad-9ec7-695a80e7a66d:c1567, d677508c-6db9-4741-b51c-49af5e4cf22f:c1567]
2019-09-08 07:07:25,256 [grpc-default-executor-6] INFO  client.GrpcClientProtocolClient (GrpcClientProtocolClient.java:onNext(264)) - client-119D756B1005->4234af2c-5377-4886-a4e8-6fe45d0af45e: receive RaftClientReply:client-119D756B1005->4234af2c-5377-4886-a4e8-6fe45d0af45e@group-A1165329A1F1, cid=1148, SUCCESS, logIndex=1570, commits[4234af2c-5377-4886-a4e8-6fe45d0af45e:c1571, cef72988-acf5-49ad-9ec7-695a80e7a66d:c1569, d677508c-6db9-4741-b51c-49af5e4cf22f:c1569]
2019-09-08 07:07:25,257 [grpc-default-executor-6] INFO  client.GrpcClientProtocolClient (GrpcClientProtocolClient.java:onNext(264)) - client-119D756B1005->4234af2c-5377-4886-a4e8-6fe45d0af45e: receive RaftClientReply:client-119D756B1005->4234af2c-5377-4886-a4e8-6fe45d0af45e@group-A1165329A1F1, cid=1149, SUCCESS, logIndex=1571, commits[4234af2c-5377-4886-a4e8-6fe45d0af45e:c1571, cef72988-acf5-49ad-9ec7-695a80e7a66d:c1569, d677508c-6db9-4741-b51c-49af5e4cf22f:c1569]
2019-09-08 07:07:25,257 [grpc-default-executor-6] INFO  client.GrpcClientProtocolClient (GrpcClientProtocolClient.java:onNext(264)) - client-119D756B1005->4234af2c-5377-4886-a4e8-6fe45d0af45e: receive RaftClientReply:client-119D756B1005->4234af2c-5377-4886-a4e8-6fe45d0af45e@group-A1165329A1F1, cid=1150, SUCCESS, logIndex=1572, commits[4234af2c-5377-4886-a4e8-6fe45d0af45e:c1573, cef72988-acf5-49ad-9ec7-695a80e7a66d:c1569, d677508c-6db9-4741-b51c-49af5e4cf22f:c1569]
2019-09-08 07:07:25,258 [grpc-default-executor-6] INFO  client.GrpcClientProtocolClient (GrpcClientProtocolClient.java:onNext(264)) - client-119D756B1005->4234af2c-5377-4886-a4e8-6fe45d0af45e: receive RaftClientReply:client-119D756B1005->4234af2c-5377-4886-a4e8-6fe45d0af45e@group-A1165329A1F1, cid=1151, SUCCESS, logIndex=1573, commits[4234af2c-5377-4886-a4e8-6fe45d0af45e:c1573, cef72988-acf5-49ad-9ec7-695a80e7a66d:c1569, d677508c-6db9-4741-b51c-49af5e4cf22f:c1569]
2019-09-08 07:07:25,260 [grpc-default-executor-6] INFO  client.GrpcClientProtocolClient (GrpcClientProtocolClient.java:onNext(264)) - client-119D756B1005->4234af2c-5377-4886-a4e8-6fe45d0af45e: receive RaftClientReply:client-119D756B1005->4234af2c-5377-4886-a4e8-6fe45d0af45e@group-A1165329A1F1, cid=1152, SUCCESS, logIndex=0, commits[4234af2c-5377-4886-a4e8-6fe45d0af45e:c1575, cef72988-acf5-49ad-9ec7-695a80e7a66d:c1571, d677508c-6db9-4741-b51c-49af5e4cf22f:c1571]
2019-09-08 07:07:25,279 [grpc-default-executor-3] INFO  client.GrpcClientProtocolClient (GrpcClientProtocolClient.java:onNext(264)) - client-119D756B1005->4234af2c-5377-4886-a4e8-6fe45d0af45e: receive RaftClientReply:client-119D756B1005->4234af2c-5377-4886-a4e8-6fe45d0af45e@group-A1165329A1F1, cid=1153, SUCCESS, logIndex=1577, commits[4234af2c-5377-4886-a4e8-6fe45d0af45e:c1578, cef72988-acf5-49ad-9ec7-695a80e7a66d:c1576, d677508c-6db9-4741-b51c-49af5e4cf22f:c1576]
2019-09-08 07:07:25,279 [grpc-default-executor-3] INFO  client.GrpcClientProtocolClient (GrpcClientProtocolClient.java:onNext(264)) - client-119D756B1005->4234af2c-5377-4886-a4e8-6fe45d0af45e: receive RaftClientReply:client-119D756B1005->4234af2c-5377-4886-a4e8-6fe45d0af45e@group-A1165329A1F1, cid=1154, SUCCESS, logIndex=1578, commits[4234af2c-5377-4886-a4e8-6fe45d0af45e:c1578, cef72988-acf5-49ad-9ec7-695a80e7a66d:c1576, d677508c-6db9-4741-b51c-49af5e4cf22f:c1576]
 0.00% |█                                                                                                    |  0/1 Time: 0:00:062019-09-08 07:07:25,292 [grpc-default-executor-3] INFO  client.GrpcClientProtocolClient (GrpcClientProtocolClient.java:onNext(264)) - client-119D756B1005->4234af2c-5377-4886-a4e8-6fe45d0af45e: receive RaftClientReply:client-119D756B1005->4234af2c-5377-4886-a4e8-6fe45d0af45e@group-A1165329A1F1, cid=1155, SUCCESS, logIndex=1581, commits[4234af2c-5377-4886-a4e8-6fe45d0af45e:c1582, cef72988-acf5-49ad-9ec7-695a80e7a66d:c1578, d677508c-6db9-4741-b51c-49af5e4cf22f:c1578]
2019-09-08 07:07:25,293 [grpc-default-executor-3] INFO  client.GrpcClientProtocolClient (GrpcClientProtocolClient.java:onNext(264)) - client-119D756B1005->4234af2c-5377-4886-a4e8-6fe45d0af45e: receive RaftClientReply:client-119D756B1005->4234af2c-5377-4886-a4e8-6fe45d0af45e@group-A1165329A1F1, cid=1156, SUCCESS, logIndex=1582, commits[4234af2c-5377-4886-a4e8-6fe45d0af45e:c1582, cef72988-acf5-49ad-9ec7-695a80e7a66d:c1578, d677508c-6db9-4741-b51c-49af5e4cf22f:c1578]
2019-09-08 07:07:25,333 [grpc-default-executor-3] INFO  client.GrpcClientProtocolClient (GrpcClientProtocolClient.java:onNext(264)) - client-119D756B1005->4234af2c-5377-4886-a4e8-6fe45d0af45e: receive RaftClientReply:client-119D756B1005->4234af2c-5377-4886-a4e8-6fe45d0af45e@group-A1165329A1F1, cid=1157, SUCCESS, logIndex=0, commits[4234af2c-5377-4886-a4e8-6fe45d0af45e:c1583, cef72988-acf5-49ad-9ec7-695a80e7a66d:c1582, d677508c-6db9-4741-b51c-49af5e4cf22f:c1582]
2019-09-08 07:07:25,354 [grpc-default-executor-4] INFO  client.GrpcClientProtocolClient (GrpcClientProtocolClient.java:onNext(264)) - client-119D756B1005->4234af2c-5377-4886-a4e8-6fe45d0af45e: receive RaftClientReply:client-119D756B1005->4234af2c-5377-4886-a4e8-6fe45d0af45e@group-A1165329A1F1, cid=1158, SUCCESS, logIndex=1585, commits[4234af2c-5377-4886-a4e8-6fe45d0af45e:c1587, cef72988-acf5-49ad-9ec7-695a80e7a66d:c1584, d677508c-6db9-4741-b51c-49af5e4cf22f:c1584]
2019-09-08 07:07:25,355 [grpc-default-executor-4] INFO  client.GrpcClientProtocolClient (GrpcClientProtocolClient.java:onNext(264)) - client-119D756B1005->4234af2c-5377-4886-a4e8-6fe45d0af45e: receive RaftClientReply:client-119D756B1005->4234af2c-5377-4886-a4e8-6fe45d0af45e@group-A1165329A1F1, cid=1159, SUCCESS, logIndex=1586, commits[4234af2c-5377-4886-a4e8-6fe45d0af45e:c1588, cef72988-acf5-49ad-9ec7-695a80e7a66d:c1584, d677508c-6db9-4741-b51c-49af5e4cf22f:c1584]
2019-09-08 07:07:25,355 [grpc-default-executor-4] INFO  client.GrpcClientProtocolClient (GrpcClientProtocolClient.java:onNext(264)) - client-119D756B1005->4234af2c-5377-4886-a4e8-6fe45d0af45e: receive RaftClientReply:client-119D756B1005->4234af2c-5377-4886-a4e8-6fe45d0af45e@group-A1165329A1F1, cid=1160, SUCCESS, logIndex=1587, commits[4234af2c-5377-4886-a4e8-6fe45d0af45e:c1588, cef72988-acf5-49ad-9ec7-695a80e7a66d:c1584, d677508c-6db9-4741-b51c-49af5e4cf22f:c1584]
2019-09-08 07:07:25,355 [grpc-default-executor-4] INFO  client.GrpcClientProtocolClient (GrpcClientProtocolClient.java:onNext(264)) - client-119D756B1005->4234af2c-5377-4886-a4e8-6fe45d0af45e: receive RaftClientReply:client-119D756B1005->4234af2c-5377-4886-a4e8-6fe45d0af45e@group-A1165329A1F1, cid=1161, SUCCESS, logIndex=1588, commits[4234af2c-5377-4886-a4e8-6fe45d0af45e:c1588, cef72988-acf5-49ad-9ec7-695a80e7a66d:c1584, d677508c-6db9-4741-b51c-49af5e4cf22f:c1584]
2019-09-08 07:07:25,357 [grpc-default-executor-4] INFO  client.GrpcClientProtocolClient (GrpcClientProtocolClient.java:onNext(264)) - client-119D756B1005->4234af2c-5377-4886-a4e8-6fe45d0af45e: receive RaftClientReply:client-119D756B1005->4234af2c-5377-4886-a4e8-6fe45d0af45e@group-A1165329A1F1, cid=1162, SUCCESS, logIndex=0, commits[4234af2c-5377-4886-a4e8-6fe45d0af45e:c1590, cef72988-acf5-49ad-9ec7-695a80e7a66d:c1586, d677508c-6db9-4741-b51c-49af5e4cf22f:c1586]
2019-09-08 07:07:25,374 [grpc-default-executor-4] INFO  client.GrpcClientProtocolClient (GrpcClientProtocolClient.java:onNext(264)) - client-119D756B1005->4234af2c-5377-4886-a4e8-6fe45d0af45e: receive RaftClientReply:client-119D756B1005->4234af2c-5377-4886-a4e8-6fe45d0af45e@group-A1165329A1F1, cid=1163, SUCCESS, logIndex=1593, commits[4234af2c-5377-4886-a4e8-6fe45d0af45e:c1594, cef72988-acf5-49ad-9ec7-695a80e7a66d:c1592, d677508c-6db9-4741-b51c-49af5e4cf22f:c1592]
2019-09-08 07:07:25,375 [grpc-default-executor-4] INFO  client.GrpcClientProtocolClient (GrpcClientProtocolClient.java:onNext(264)) - client-119D756B1005->4234af2c-5377-4886-a4e8-6fe45d0af45e: receive RaftClientReply:client-119D756B1005->4234af2c-5377-4886-a4e8-6fe45d0af45e@group-A1165329A1F1, cid=1164, SUCCESS, logIndex=1594, commits[4234af2c-5377-4886-a4e8-6fe45d0af45e:c1594, cef72988-acf5-49ad-9ec7-695a80e7a66d:c1592, d677508c-6db9-4741-b51c-49af5e4cf22f:c1592]
2019-09-08 07:07:25,386 [grpc-default-executor-4] INFO  client.GrpcClientProtocolClient (GrpcClientProtocolClient.java:onNext(264)) - client-119D756B1005->4234af2c-5377-4886-a4e8-6fe45d0af45e: receive RaftClientReply:client-119D756B1005->4234af2c-5377-4886-a4e8-6fe45d0af45e@group-A1165329A1F1, cid=1165, SUCCESS, logIndex=1597, commits[4234af2c-5377-4886-a4e8-6fe45d0af45e:c1598, cef72988-acf5-49ad-9ec7-695a80e7a66d:c1594, d677508c-6db9-4741-b51c-49af5e4cf22f:c1594]
2019-09-08 07:07:25,386 [grpc-default-executor-4] INFO  client.GrpcClientProtocolClient (GrpcClientProtocolClient.java:onNext(264)) - client-119D756B1005->4234af2c-5377-4886-a4e8-6fe45d0af45e: receive RaftClientReply:client-119D756B1005->4234af2c-5377-4886-a4e8-6fe45d0af45e@group-A1165329A1F1, cid=1166, SUCCESS, logIndex=1598, commits[4234af2c-5377-4886-a4e8-6fe45d0af45e:c1598, cef72988-acf5-49ad-9ec7-695a80e7a66d:c1594, d677508c-6db9-4741-b51c-49af5e4cf22f:c1594]
2019-09-08 07:07:25,398 [grpc-default-executor-3] INFO  client.GrpcClientProtocolClient (GrpcClientProtocolClient.java:onNext(264)) - client-119D756B1005->4234af2c-5377-4886-a4e8-6fe45d0af45e: receive RaftClientReply:client-119D756B1005->4234af2c-5377-4886-a4e8-6fe45d0af45e@group-A1165329A1F1, cid=1167, SUCCESS, logIndex=0, commits[4234af2c-5377-4886-a4e8-6fe45d0af45e:c1600, cef72988-acf5-49ad-9ec7-695a80e7a66d:c1598, d677508c-6db9-4741-b51c-49af5e4cf22f:c1598]
2019-09-08 07:07:25,423 [grpc-default-executor-3] INFO  client.GrpcClientProtocolClient (GrpcClientProtocolClient.java:onNext(264)) - client-119D756B1005->4234af2c-5377-4886-a4e8-6fe45d0af45e: receive RaftClientReply:client-119D756B1005->4234af2c-5377-4886-a4e8-6fe45d0af45e@group-A1165329A1F1, cid=1168, SUCCESS, logIndex=1601, commits[4234af2c-5377-4886-a4e8-6fe45d0af45e:c1603, cef72988-acf5-49ad-9ec7-695a80e7a66d:c1600, d677508c-6db9-4741-b51c-49af5e4cf22f:c1600]
2019-09-08 07:07:25,424 [grpc-default-executor-3] INFO  client.GrpcClientProtocolClient (GrpcClientProtocolClient.java:onNext(264)) - client-119D756B1005->4234af2c-5377-4886-a4e8-6fe45d0af45e: receive RaftClientReply:client-119D756B1005->4234af2c-5377-4886-a4e8-6fe45d0af45e@group-A1165329A1F1, cid=1169, SUCCESS, logIndex=1602, commits[4234af2c-5377-4886-a4e8-6fe45d0af45e:c1604, cef72988-acf5-49ad-9ec7-695a80e7a66d:c1600, d677508c-6db9-4741-b51c-49af5e4cf22f:c1600]
2019-09-08 07:07:25,424 [grpc-default-executor-3] INFO  client.GrpcClientProtocolClient (GrpcClientProtocolClient.java:onNext(264)) - client-119D756B1005->4234af2c-5377-4886-a4e8-6fe45d0af45e: receive RaftClientReply:client-119D756B1005->4234af2c-5377-4886-a4e8-6fe45d0af45e@group-A1165329A1F1, cid=1170, SUCCESS, logIndex=1603, commits[4234af2c-5377-4886-a4e8-6fe45d0af45e:c1604, cef72988-acf5-49ad-9ec7-695a80e7a66d:c1600, d677508c-6db9-4741-b51c-49af5e4cf22f:c1600]
2019-09-08 07:07:25,424 [grpc-default-executor-3] INFO  client.GrpcClientProtocolClient (GrpcClientProtocolClient.java:onNext(264)) - client-119D756B1005->4234af2c-5377-4886-a4e8-6fe45d0af45e: receive RaftClientReply:client-119D756B1005->4234af2c-5377-4886-a4e8-6fe45d0af45e@group-A1165329A1F1, cid=1171, SUCCESS, logIndex=1604, commits[4234af2c-5377-4886-a4e8-6fe45d0af45e:c1605, cef72988-acf5-49ad-9ec7-695a80e7a66d:c1601, d677508c-6db9-4741-b51c-49af5e4cf22f:c1600]
2019-09-08 07:07:25,426 [grpc-default-executor-3] INFO  client.GrpcClientProtocolClient (GrpcClientProtocolClient.java:onNext(264)) - client-119D756B1005->4234af2c-5377-4886-a4e8-6fe45d0af45e: receive RaftClientReply:client-119D756B1005->4234af2c-5377-4886-a4e8-6fe45d0af45e@group-A1165329A1F1, cid=1172, SUCCESS, logIndex=0, commits[4234af2c-5377-4886-a4e8-6fe45d0af45e:c1607, cef72988-acf5-49ad-9ec7-695a80e7a66d:c1602, d677508c-6db9-4741-b51c-49af5e4cf22f:c1603]
2019-09-08 07:07:25,445 [grpc-default-executor-4] INFO  client.GrpcClientProtocolClient (GrpcClientProtocolClient.java:onNext(264)) - client-119D756B1005->4234af2c-5377-4886-a4e8-6fe45d0af45e: receive RaftClientReply:client-119D756B1005->4234af2c-5377-4886-a4e8-6fe45d0af45e@group-A1165329A1F1, cid=1173, SUCCESS, logIndex=1609, commits[4234af2c-5377-4886-a4e8-6fe45d0af45e:c1610, cef72988-acf5-49ad-9ec7-695a80e7a66d:c1608, d677508c-6db9-4741-b51c-49af5e4cf22f:c1608]
2019-09-08 07:07:25,445 [grpc-default-executor-4] INFO  client.GrpcClientProtocolClient (GrpcClientProtocolClient.java:onNext(264)) - client-119D756B1005->4234af2c-5377-4886-a4e8-6fe45d0af45e: receive RaftClientReply:client-119D756B1005->4234af2c-5377-4886-a4e8-6fe45d0af45e@group-A1165329A1F1, cid=1174, SUCCESS, logIndex=1610, commits[4234af2c-5377-4886-a4e8-6fe45d0af45e:c1610, cef72988-acf5-49ad-9ec7-695a80e7a66d:c1608, d677508c-6db9-4741-b51c-49af5e4cf22f:c1608]
2019-09-08 07:07:25,458 [grpc-default-executor-3] INFO  client.GrpcClientProtocolClient (GrpcClientProtocolClient.java:onNext(264)) - client-119D756B1005->4234af2c-5377-4886-a4e8-6fe45d0af45e: receive RaftClientReply:client-119D756B1005->4234af2c-5377-4886-a4e8-6fe45d0af45e@group-A1165329A1F1, cid=1175, SUCCESS, logIndex=1613, commits[4234af2c-5377-4886-a4e8-6fe45d0af45e:c1614, cef72988-acf5-49ad-9ec7-695a80e7a66d:c1610, d677508c-6db9-4741-b51c-49af5e4cf22f:c1610]
2019-09-08 07:07:25,458 [grpc-default-executor-3] INFO  client.GrpcClientProtocolClient (GrpcClientProtocolClient.java:onNext(264)) - client-119D756B1005->4234af2c-5377-4886-a4e8-6fe45d0af45e: receive RaftClientReply:client-119D756B1005->4234af2c-5377-4886-a4e8-6fe45d0af45e@group-A1165329A1F1, cid=1176, SUCCESS, logIndex=1614, commits[4234af2c-5377-4886-a4e8-6fe45d0af45e:c1614, cef72988-acf5-49ad-9ec7-695a80e7a66d:c1610, d677508c-6db9-4741-b51c-49af5e4cf22f:c1610]
2019-09-08 07:07:25,472 [grpc-default-executor-4] INFO  client.GrpcClientProtocolClient (GrpcClientProtocolClient.java:onNext(264)) - client-119D756B1005->4234af2c-5377-4886-a4e8-6fe45d0af45e: receive RaftClientReply:client-119D756B1005->4234af2c-5377-4886-a4e8-6fe45d0af45e@group-A1165329A1F1, cid=1177, SUCCESS, logIndex=0, commits[4234af2c-5377-4886-a4e8-6fe45d0af45e:c1615, cef72988-acf5-49ad-9ec7-695a80e7a66d:c1614, d677508c-6db9-4741-b51c-49af5e4cf22f:c1614]
2019-09-08 07:07:25,490 [grpc-default-executor-0] INFO  client.GrpcClientProtocolClient (GrpcClientProtocolClient.java:onNext(264)) - client-119D756B1005->4234af2c-5377-4886-a4e8-6fe45d0af45e: receive RaftClientReply:client-119D756B1005->4234af2c-5377-4886-a4e8-6fe45d0af45e@group-A1165329A1F1, cid=1178, SUCCESS, logIndex=1617, commits[4234af2c-5377-4886-a4e8-6fe45d0af45e:c1618, cef72988-acf5-49ad-9ec7-695a80e7a66d:c1616, d677508c-6db9-4741-b51c-49af5e4cf22f:c1616]
2019-09-08 07:07:25,491 [grpc-default-executor-4] INFO  client.GrpcClientProtocolClient (GrpcClientProtocolClient.java:onNext(264)) - client-119D756B1005->4234af2c-5377-4886-a4e8-6fe45d0af45e: receive RaftClientReply:client-119D756B1005->4234af2c-5377-4886-a4e8-6fe45d0af45e@group-A1165329A1F1, cid=1179, SUCCESS, logIndex=1618, commits[4234af2c-5377-4886-a4e8-6fe45d0af45e:c1618, cef72988-acf5-49ad-9ec7-695a80e7a66d:c1616, d677508c-6db9-4741-b51c-49af5e4cf22f:c1616]
2019-09-08 07:07:25,492 [grpc-default-executor-3] INFO  client.GrpcClientProtocolClient (GrpcClientProtocolClient.java:onNext(264)) - client-119D756B1005->4234af2c-5377-4886-a4e8-6fe45d0af45e: receive RaftClientReply:client-119D756B1005->4234af2c-5377-4886-a4e8-6fe45d0af45e@group-A1165329A1F1, cid=1180, SUCCESS, logIndex=1619, commits[4234af2c-5377-4886-a4e8-6fe45d0af45e:c1620, cef72988-acf5-49ad-9ec7-695a80e7a66d:c1616, d677508c-6db9-4741-b51c-49af5e4cf22f:c1616]
2019-09-08 07:07:25,492 [grpc-default-executor-3] INFO  client.GrpcClientProtocolClient (GrpcClientProtocolClient.java:onNext(264)) - client-119D756B1005->4234af2c-5377-4886-a4e8-6fe45d0af45e: receive RaftClientReply:client-119D756B1005->4234af2c-5377-4886-a4e8-6fe45d0af45e@group-A1165329A1F1, cid=1181, SUCCESS, logIndex=1620, commits[4234af2c-5377-4886-a4e8-6fe45d0af45e:c1620, cef72988-acf5-49ad-9ec7-695a80e7a66d:c1616, d677508c-6db9-4741-b51c-49af5e4cf22f:c1616]
2019-09-08 07:07:25,493 [grpc-default-executor-3] INFO  client.GrpcClientProtocolClient (GrpcClientProtocolClient.java:onNext(264)) - client-119D756B1005->4234af2c-5377-4886-a4e8-6fe45d0af45e: receive RaftClientReply:client-119D756B1005->4234af2c-5377-4886-a4e8-6fe45d0af45e@group-A1165329A1F1, cid=1182, SUCCESS, logIndex=0, commits[4234af2c-5377-4886-a4e8-6fe45d0af45e:c1622, cef72988-acf5-49ad-9ec7-695a80e7a66d:c1618, d677508c-6db9-4741-b51c-49af5e4cf22f:c1618]
2019-09-08 07:07:25,511 [grpc-default-executor-4] INFO  client.GrpcClientProtocolClient (GrpcClientProtocolClient.java:onNext(264)) - client-119D756B1005->4234af2c-5377-4886-a4e8-6fe45d0af45e: receive RaftClientReply:client-119D756B1005->4234af2c-5377-4886-a4e8-6fe45d0af45e@group-A1165329A1F1, cid=1183, SUCCESS, logIndex=1625, commits[4234af2c-5377-4886-a4e8-6fe45d0af45e:c1626, cef72988-acf5-49ad-9ec7-695a80e7a66d:c1624, d677508c-6db9-4741-b51c-49af5e4cf22f:c1624]
2019-09-08 07:07:25,512 [grpc-default-executor-4] INFO  client.GrpcClientProtocolClient (GrpcClientProtocolClient.java:onNext(264)) - client-119D756B1005->4234af2c-5377-4886-a4e8-6fe45d0af45e: receive RaftClientReply:client-119D756B1005->4234af2c-5377-4886-a4e8-6fe45d0af45e@group-A1165329A1F1, cid=1184, SUCCESS, logIndex=1626, commits[4234af2c-5377-4886-a4e8-6fe45d0af45e:c1626, cef72988-acf5-49ad-9ec7-695a80e7a66d:c1624, d677508c-6db9-4741-b51c-49af5e4cf22f:c1624]
2019-09-08 07:07:25,525 [grpc-default-executor-3] INFO  client.GrpcClientProtocolClient (GrpcClientProtocolClient.java:onNext(264)) - client-119D756B1005->4234af2c-5377-4886-a4e8-6fe45d0af45e: receive RaftClientReply:client-119D756B1005->4234af2c-5377-4886-a4e8-6fe45d0af45e@group-A1165329A1F1, cid=1185, SUCCESS, logIndex=1628, commits[4234af2c-5377-4886-a4e8-6fe45d0af45e:c1629, cef72988-acf5-49ad-9ec7-695a80e7a66d:c1626, d677508c-6db9-4741-b51c-49af5e4cf22f:c1626]
2019-09-08 07:07:25,525 [grpc-default-executor-3] INFO  client.GrpcClientProtocolClient (GrpcClientProtocolClient.java:onNext(264)) - client-119D756B1005->4234af2c-5377-4886-a4e8-6fe45d0af45e: receive RaftClientReply:client-119D756B1005->4234af2c-5377-4886-a4e8-6fe45d0af45e@group-A1165329A1F1, cid=1186, SUCCESS, logIndex=1629, commits[4234af2c-5377-4886-a4e8-6fe45d0af45e:c1629, cef72988-acf5-49ad-9ec7-695a80e7a66d:c1626, d677508c-6db9-4741-b51c-49af5e4cf22f:c1626]
2019-09-08 07:07:25,529 [grpc-default-executor-6] INFO  client.GrpcClientProtocolClient (GrpcClientProtocolClient.java:onNext(264)) - client-119D756B1005->4234af2c-5377-4886-a4e8-6fe45d0af45e: receive RaftClientReply:client-119D756B1005->4234af2c-5377-4886-a4e8-6fe45d0af45e@group-A1165329A1F1, cid=1187, SUCCESS, logIndex=0, commits[4234af2c-5377-4886-a4e8-6fe45d0af45e:c1631, cef72988-acf5-49ad-9ec7-695a80e7a66d:c1629, d677508c-6db9-4741-b51c-49af5e4cf22f:c1629]
2019-09-08 07:07:25,538 [grpc-default-executor-3] INFO  client.GrpcClientProtocolClient (GrpcClientProtocolClient.java:onNext(264)) - client-119D756B1005->4234af2c-5377-4886-a4e8-6fe45d0af45e: receive RaftClientReply:client-119D756B1005->4234af2c-5377-4886-a4e8-6fe45d0af45e@group-A1165329A1F1, cid=1188, SUCCESS, logIndex=1632, commits[4234af2c-5377-4886-a4e8-6fe45d0af45e:c1633, cef72988-acf5-49ad-9ec7-695a80e7a66d:c1631, d677508c-6db9-4741-b51c-49af5e4cf22f:c1629]
2019-09-08 07:07:25,538 [grpc-default-executor-3] INFO  client.GrpcClientProtocolClient (GrpcClientProtocolClient.java:onNext(264)) - client-119D756B1005->4234af2c-5377-4886-a4e8-6fe45d0af45e: receive RaftClientReply:client-119D756B1005->4234af2c-5377-4886-a4e8-6fe45d0af45e@group-A1165329A1F1, cid=1189, SUCCESS, logIndex=1633, commits[4234af2c-5377-4886-a4e8-6fe45d0af45e:c1633, cef72988-acf5-49ad-9ec7-695a80e7a66d:c1631, d677508c-6db9-4741-b51c-49af5e4cf22f:c1629]
2019-09-08 07:07:25,550 [grpc-default-executor-3] INFO  client.GrpcClientProtocolClient (GrpcClientProtocolClient.java:onNext(264)) - client-119D756B1005->4234af2c-5377-4886-a4e8-6fe45d0af45e: receive RaftClientReply:client-119D756B1005->4234af2c-5377-4886-a4e8-6fe45d0af45e@group-A1165329A1F1, cid=1190, SUCCESS, logIndex=1634, commits[4234af2c-5377-4886-a4e8-6fe45d0af45e:c1635, cef72988-acf5-49ad-9ec7-695a80e7a66d:c1631, d677508c-6db9-4741-b51c-49af5e4cf22f:c1633]
2019-09-08 07:07:25,550 [grpc-default-executor-3] INFO  client.GrpcClientProtocolClient (GrpcClientProtocolClient.java:onNext(264)) - client-119D756B1005->4234af2c-5377-4886-a4e8-6fe45d0af45e: receive RaftClientReply:client-119D756B1005->4234af2c-5377-4886-a4e8-6fe45d0af45e@group-A1165329A1F1, cid=1191, SUCCESS, logIndex=1635, commits[4234af2c-5377-4886-a4e8-6fe45d0af45e:c1637, cef72988-acf5-49ad-9ec7-695a80e7a66d:c1633, d677508c-6db9-4741-b51c-49af5e4cf22f:c1633]
2019-09-08 07:07:25,559 [grpc-default-executor-6] INFO  client.GrpcClientProtocolClient (GrpcClientProtocolClient.java:onNext(264)) - client-119D756B1005->4234af2c-5377-4886-a4e8-6fe45d0af45e: receive RaftClientReply:client-119D756B1005->4234af2c-5377-4886-a4e8-6fe45d0af45e@group-A1165329A1F1, cid=1192, SUCCESS, logIndex=1640, commits[4234af2c-5377-4886-a4e8-6fe45d0af45e:c1641, cef72988-acf5-49ad-9ec7-695a80e7a66d:c1639, d677508c-6db9-4741-b51c-49af5e4cf22f:c1635]
2019-09-08 07:07:25,559 [grpc-default-executor-6] INFO  client.GrpcClientProtocolClient (GrpcClientProtocolClient.java:onNext(264)) - client-119D756B1005->4234af2c-5377-4886-a4e8-6fe45d0af45e: receive RaftClientReply:client-119D756B1005->4234af2c-5377-4886-a4e8-6fe45d0af45e@group-A1165329A1F1, cid=1193, SUCCESS, logIndex=1641, commits[4234af2c-5377-4886-a4e8-6fe45d0af45e:c1641, cef72988-acf5-49ad-9ec7-695a80e7a66d:c1639, d677508c-6db9-4741-b51c-49af5e4cf22f:c1639]
2019-09-08 07:07:25,576 [grpc-default-executor-6] INFO  client.GrpcClientProtocolClient (GrpcClientProtocolClient.java:onNext(264)) - client-119D756B1005->4234af2c-5377-4886-a4e8-6fe45d0af45e: receive RaftClientReply:client-119D756B1005->4234af2c-5377-4886-a4e8-6fe45d0af45e@group-A1165329A1F1, cid=1194, SUCCESS, logIndex=1644, commits[4234af2c-5377-4886-a4e8-6fe45d0af45e:c1645, cef72988-acf5-49ad-9ec7-695a80e7a66d:c1643, d677508c-6db9-4741-b51c-49af5e4cf22f:c1643]
2019-09-08 07:07:25,576 [grpc-default-executor-6] INFO  client.GrpcClientProtocolClient (GrpcClientProtocolClient.java:onNext(264)) - client-119D756B1005->4234af2c-5377-4886-a4e8-6fe45d0af45e: receive RaftClientReply:client-119D756B1005->4234af2c-5377-4886-a4e8-6fe45d0af45e@group-A1165329A1F1, cid=1195, SUCCESS, logIndex=1645, commits[4234af2c-5377-4886-a4e8-6fe45d0af45e:c1645, cef72988-acf5-49ad-9ec7-695a80e7a66d:c1643, d677508c-6db9-4741-b51c-49af5e4cf22f:c1643]
2019-09-08 07:07:25,588 [grpc-default-executor-6] INFO  client.GrpcClientProtocolClient (GrpcClientProtocolClient.java:onNext(264)) - client-119D756B1005->4234af2c-5377-4886-a4e8-6fe45d0af45e: receive RaftClientReply:client-119D756B1005->4234af2c-5377-4886-a4e8-6fe45d0af45e@group-A1165329A1F1, cid=1196, SUCCESS, logIndex=0, commits[4234af2c-5377-4886-a4e8-6fe45d0af45e:c1647, cef72988-acf5-49ad-9ec7-695a80e7a66d:c1645, d677508c-6db9-4741-b51c-49af5e4cf22f:c1645]
2019-09-08 07:07:25,598 [grpc-default-executor-6] INFO  client.GrpcClientProtocolClient (GrpcClientProtocolClient.java:onNext(264)) - client-119D756B1005->4234af2c-5377-4886-a4e8-6fe45d0af45e: receive RaftClientReply:client-119D756B1005->4234af2c-5377-4886-a4e8-6fe45d0af45e@group-A1165329A1F1, cid=1197, SUCCESS, logIndex=1648, commits[4234af2c-5377-4886-a4e8-6fe45d0af45e:c1649, cef72988-acf5-49ad-9ec7-695a80e7a66d:c1647, d677508c-6db9-4741-b51c-49af5e4cf22f:c1645]
2019-09-08 07:07:25,598 [grpc-default-executor-6] INFO  client.GrpcClientProtocolClient (GrpcClientProtocolClient.java:onNext(264)) - client-119D756B1005->4234af2c-5377-4886-a4e8-6fe45d0af45e: receive RaftClientReply:client-119D756B1005->4234af2c-5377-4886-a4e8-6fe45d0af45e@group-A1165329A1F1, cid=1198, SUCCESS, logIndex=1649, commits[4234af2c-5377-4886-a4e8-6fe45d0af45e:c1649, cef72988-acf5-49ad-9ec7-695a80e7a66d:c1647, d677508c-6db9-4741-b51c-49af5e4cf22f:c1645]
2019-09-08 07:07:25,600 [grpc-default-executor-3] INFO  client.GrpcClientProtocolClient (GrpcClientProtocolClient.java:onNext(264)) - client-119D756B1005->4234af2c-5377-4886-a4e8-6fe45d0af45e: receive RaftClientReply:client-119D756B1005->4234af2c-5377-4886-a4e8-6fe45d0af45e@group-A1165329A1F1, cid=1199, SUCCESS, logIndex=1650, commits[4234af2c-5377-4886-a4e8-6fe45d0af45e:c1650, cef72988-acf5-49ad-9ec7-695a80e7a66d:c1647, d677508c-6db9-4741-b51c-49af5e4cf22f:c1647]
2019-09-08 07:07:25,601 [grpc-default-executor-3] INFO  client.GrpcClientProtocolClient (GrpcClientProtocolClient.java:onNext(264)) - client-119D756B1005->4234af2c-5377-4886-a4e8-6fe45d0af45e: receive RaftClientReply:client-119D756B1005->4234af2c-5377-4886-a4e8-6fe45d0af45e@group-A1165329A1F1, cid=1200, SUCCESS, logIndex=1651, commits[4234af2c-5377-4886-a4e8-6fe45d0af45e:c1653, cef72988-acf5-49ad-9ec7-695a80e7a66d:c1649, d677508c-6db9-4741-b51c-49af5e4cf22f:c1649]
2019-09-08 07:07:25,618 [grpc-default-executor-3] INFO  client.GrpcClientProtocolClient (GrpcClientProtocolClient.java:onNext(264)) - client-119D756B1005->4234af2c-5377-4886-a4e8-6fe45d0af45e: receive RaftClientReply:client-119D756B1005->4234af2c-5377-4886-a4e8-6fe45d0af45e@group-A1165329A1F1, cid=1201, SUCCESS, logIndex=1655, commits[4234af2c-5377-4886-a4e8-6fe45d0af45e:c1656, cef72988-acf5-49ad-9ec7-695a80e7a66d:c1654, d677508c-6db9-4741-b51c-49af5e4cf22f:c1650]
2019-09-08 07:07:25,619 [grpc-default-executor-3] INFO  client.GrpcClientProtocolClient (GrpcClientProtocolClient.java:onNext(264)) - client-119D756B1005->4234af2c-5377-4886-a4e8-6fe45d0af45e: receive RaftClientReply:client-119D756B1005->4234af2c-5377-4886-a4e8-6fe45d0af45e@group-A1165329A1F1, cid=1202, SUCCESS, logIndex=1656, commits[4234af2c-5377-4886-a4e8-6fe45d0af45e:c1656, cef72988-acf5-49ad-9ec7-695a80e7a66d:c1654, d677508c-6db9-4741-b51c-49af5e4cf22f:c1650]
2019-09-08 07:07:25,620 [grpc-default-executor-3] INFO  client.GrpcClientProtocolClient (GrpcClientProtocolClient.java:onNext(264)) - client-119D756B1005->4234af2c-5377-4886-a4e8-6fe45d0af45e: receive RaftClientReply:client-119D756B1005->4234af2c-5377-4886-a4e8-6fe45d0af45e@group-A1165329A1F1, cid=1203, SUCCESS, logIndex=0, commits[4234af2c-5377-4886-a4e8-6fe45d0af45e:c1656, cef72988-acf5-49ad-9ec7-695a80e7a66d:c1654, d677508c-6db9-4741-b51c-49af5e4cf22f:c1654]
2019-09-08 07:07:25,638 [grpc-default-executor-6] INFO  client.GrpcClientProtocolClient (GrpcClientProtocolClient.java:onNext(264)) - client-119D756B1005->4234af2c-5377-4886-a4e8-6fe45d0af45e: receive RaftClientReply:client-119D756B1005->4234af2c-5377-4886-a4e8-6fe45d0af45e@group-A1165329A1F1, cid=1204, SUCCESS, logIndex=1659, commits[4234af2c-5377-4886-a4e8-6fe45d0af45e:c1660, cef72988-acf5-49ad-9ec7-695a80e7a66d:c1658, d677508c-6db9-4741-b51c-49af5e4cf22f:c1658]
2019-09-08 07:07:25,638 [grpc-default-executor-6] INFO  client.GrpcClientProtocolClient (GrpcClientProtocolClient.java:onNext(264)) - client-119D756B1005->4234af2c-5377-4886-a4e8-6fe45d0af45e: receive RaftClientReply:client-119D756B1005->4234af2c-5377-4886-a4e8-6fe45d0af45e@group-A1165329A1F1, cid=1205, SUCCESS, logIndex=1660, commits[4234af2c-5377-4886-a4e8-6fe45d0af45e:c1660, cef72988-acf5-49ad-9ec7-695a80e7a66d:c1658, d677508c-6db9-4741-b51c-49af5e4cf22f:c1658]
2019-09-08 07:07:25,641 [grpc-default-executor-6] INFO  client.GrpcClientProtocolClient (GrpcClientProtocolClient.java:onNext(264)) - client-119D756B1005->4234af2c-5377-4886-a4e8-6fe45d0af45e: receive RaftClientReply:client-119D756B1005->4234af2c-5377-4886-a4e8-6fe45d0af45e@group-A1165329A1F1, cid=1206, SUCCESS, logIndex=0, commits[4234af2c-5377-4886-a4e8-6fe45d0af45e:c1662, cef72988-acf5-49ad-9ec7-695a80e7a66d:c1660, d677508c-6db9-4741-b51c-49af5e4cf22f:c1660]
2019-09-08 07:07:25,651 [grpc-default-executor-0] INFO  client.GrpcClientProtocolClient (GrpcClientProtocolClient.java:onNext(264)) - client-119D756B1005->4234af2c-5377-4886-a4e8-6fe45d0af45e: receive RaftClientReply:client-119D756B1005->4234af2c-5377-4886-a4e8-6fe45d0af45e@group-A1165329A1F1, cid=1207, SUCCESS, logIndex=1663, commits[4234af2c-5377-4886-a4e8-6fe45d0af45e:c1664, cef72988-acf5-49ad-9ec7-695a80e7a66d:c1660, d677508c-6db9-4741-b51c-49af5e4cf22f:c1662]
2019-09-08 07:07:25,651 [grpc-default-executor-0] INFO  client.GrpcClientProtocolClient (GrpcClientProtocolClient.java:onNext(264)) - client-119D756B1005->4234af2c-5377-4886-a4e8-6fe45d0af45e: receive RaftClientReply:client-119D756B1005->4234af2c-5377-4886-a4e8-6fe45d0af45e@group-A1165329A1F1, cid=1208, SUCCESS, logIndex=1664, commits[4234af2c-5377-4886-a4e8-6fe45d0af45e:c1664, cef72988-acf5-49ad-9ec7-695a80e7a66d:c1660, d677508c-6db9-4741-b51c-49af5e4cf22f:c1662]
2019-09-08 07:07:25,653 [grpc-default-executor-4] INFO  client.GrpcClientProtocolClient (GrpcClientProtocolClient.java:onNext(264)) - client-119D756B1005->4234af2c-5377-4886-a4e8-6fe45d0af45e: receive RaftClientReply:client-119D756B1005->4234af2c-5377-4886-a4e8-6fe45d0af45e@group-A1165329A1F1, cid=1209, SUCCESS, logIndex=1665, commits[4234af2c-5377-4886-a4e8-6fe45d0af45e:c1665, cef72988-acf5-49ad-9ec7-695a80e7a66d:c1662, d677508c-6db9-4741-b51c-49af5e4cf22f:c1662]
2019-09-08 07:07:25,654 [grpc-default-executor-4] INFO  client.GrpcClientProtocolClient (GrpcClientProtocolClient.java:onNext(264)) - client-119D756B1005->4234af2c-5377-4886-a4e8-6fe45d0af45e: receive RaftClientReply:client-119D756B1005->4234af2c-5377-4886-a4e8-6fe45d0af45e@group-A1165329A1F1, cid=1210, SUCCESS, logIndex=1666, commits[4234af2c-5377-4886-a4e8-6fe45d0af45e:c1667, cef72988-acf5-49ad-9ec7-695a80e7a66d:c1662, d677508c-6db9-4741-b51c-49af5e4cf22f:c1663]
2019-09-08 07:07:25,655 [grpc-default-executor-4] INFO  client.GrpcClientProtocolClient (GrpcClientProtocolClient.java:onNext(264)) - client-119D756B1005->4234af2c-5377-4886-a4e8-6fe45d0af45e: receive RaftClientReply:client-119D756B1005->4234af2c-5377-4886-a4e8-6fe45d0af45e@group-A1165329A1F1, cid=1211, SUCCESS, logIndex=0, commits[4234af2c-5377-4886-a4e8-6fe45d0af45e:c1669, cef72988-acf5-49ad-9ec7-695a80e7a66d:c1664, d677508c-6db9-4741-b51c-49af5e4cf22f:c1665]
2019-09-08 07:07:25,769 [grpc-default-executor-4] INFO  client.GrpcClientProtocolClient (GrpcClientProtocolClient.java:onNext(264)) - client-119D756B1005->4234af2c-5377-4886-a4e8-6fe45d0af45e: receive RaftClientReply:client-119D756B1005->4234af2c-5377-4886-a4e8-6fe45d0af45e@group-A1165329A1F1, cid=1212, SUCCESS, logIndex=1670, commits[4234af2c-5377-4886-a4e8-6fe45d0af45e:c1670, cef72988-acf5-49ad-9ec7-695a80e7a66d:c1669, d677508c-6db9-4741-b51c-49af5e4cf22f:c1669]
2019-09-08 07:07:25,770 [grpc-default-executor-4] INFO  client.GrpcClientProtocolClient (GrpcClientProtocolClient.java:onNext(264)) - client-119D756B1005->4234af2c-5377-4886-a4e8-6fe45d0af45e: receive RaftClientReply:client-119D756B1005->4234af2c-5377-4886-a4e8-6fe45d0af45e@group-A1165329A1F1, cid=1213, SUCCESS, logIndex=1671, commits[4234af2c-5377-4886-a4e8-6fe45d0af45e:c1671, cef72988-acf5-49ad-9ec7-695a80e7a66d:c1669, d677508c-6db9-4741-b51c-49af5e4cf22f:c1669]
2019-09-08 07:07:25,783 [grpc-default-executor-0] INFO  client.GrpcClientProtocolClient (GrpcClientProtocolClient.java:onNext(264)) - client-119D756B1005->4234af2c-5377-4886-a4e8-6fe45d0af45e: receive RaftClientReply:client-119D756B1005->4234af2c-5377-4886-a4e8-6fe45d0af45e@group-A1165329A1F1, cid=1214, SUCCESS, logIndex=1674, commits[4234af2c-5377-4886-a4e8-6fe45d0af45e:c1674, cef72988-acf5-49ad-9ec7-695a80e7a66d:c1671, d677508c-6db9-4741-b51c-49af5e4cf22f:c1671]
2019-09-08 07:07:25,783 [grpc-default-executor-0] INFO  client.GrpcClientProtocolClient (GrpcClientProtocolClient.java:onNext(264)) - client-119D756B1005->4234af2c-5377-4886-a4e8-6fe45d0af45e: receive RaftClientReply:client-119D756B1005->4234af2c-5377-4886-a4e8-6fe45d0af45e@group-A1165329A1F1, cid=1215, SUCCESS, logIndex=1675, commits[4234af2c-5377-4886-a4e8-6fe45d0af45e:c1675, cef72988-acf5-49ad-9ec7-695a80e7a66d:c1671, d677508c-6db9-4741-b51c-49af5e4cf22f:c1671]
2019-09-08 07:07:25,797 [grpc-default-executor-0] INFO  client.GrpcClientProtocolClient (GrpcClientProtocolClient.java:onNext(264)) - client-119D756B1005->4234af2c-5377-4886-a4e8-6fe45d0af45e: receive RaftClientReply:client-119D756B1005->4234af2c-5377-4886-a4e8-6fe45d0af45e@group-A1165329A1F1, cid=1216, SUCCESS, logIndex=0, commits[4234af2c-5377-4886-a4e8-6fe45d0af45e:c1677, cef72988-acf5-49ad-9ec7-695a80e7a66d:c1675, d677508c-6db9-4741-b51c-49af5e4cf22f:c1675]
2019-09-08 07:07:25,817 [grpc-default-executor-6] INFO  client.GrpcClientProtocolClient (GrpcClientProtocolClient.java:onNext(264)) - client-119D756B1005->4234af2c-5377-4886-a4e8-6fe45d0af45e: receive RaftClientReply:client-119D756B1005->4234af2c-5377-4886-a4e8-6fe45d0af45e@group-A1165329A1F1, cid=1217, SUCCESS, logIndex=1678, commits[4234af2c-5377-4886-a4e8-6fe45d0af45e:c1679, cef72988-acf5-49ad-9ec7-695a80e7a66d:c1677, d677508c-6db9-4741-b51c-49af5e4cf22f:c1677]
2019-09-08 07:07:25,818 [grpc-default-executor-6] INFO  client.GrpcClientProtocolClient (GrpcClientProtocolClient.java:onNext(264)) - client-119D756B1005->4234af2c-5377-4886-a4e8-6fe45d0af45e: receive RaftClientReply:client-119D756B1005->4234af2c-5377-4886-a4e8-6fe45d0af45e@group-A1165329A1F1, cid=1218, SUCCESS, logIndex=1679, commits[4234af2c-5377-4886-a4e8-6fe45d0af45e:c1679, cef72988-acf5-49ad-9ec7-695a80e7a66d:c1677, d677508c-6db9-4741-b51c-49af5e4cf22f:c1677]
2019-09-08 07:07:25,819 [grpc-default-executor-6] INFO  client.GrpcClientProtocolClient (GrpcClientProtocolClient.java:onNext(264)) - client-119D756B1005->4234af2c-5377-4886-a4e8-6fe45d0af45e: receive RaftClientReply:client-119D756B1005->4234af2c-5377-4886-a4e8-6fe45d0af45e@group-A1165329A1F1, cid=1219, SUCCESS, logIndex=1680, commits[4234af2c-5377-4886-a4e8-6fe45d0af45e:c1681, cef72988-acf5-49ad-9ec7-695a80e7a66d:c1677, d677508c-6db9-4741-b51c-49af5e4cf22f:c1677]
2019-09-08 07:07:25,819 [grpc-default-executor-4] INFO  client.GrpcClientProtocolClient (GrpcClientProtocolClient.java:onNext(264)) - client-119D756B1005->4234af2c-5377-4886-a4e8-6fe45d0af45e: receive RaftClientReply:client-119D756B1005->4234af2c-5377-4886-a4e8-6fe45d0af45e@group-A1165329A1F1, cid=1220, SUCCESS, logIndex=1681, commits[4234af2c-5377-4886-a4e8-6fe45d0af45e:c1681, cef72988-acf5-49ad-9ec7-695a80e7a66d:c1677, d677508c-6db9-4741-b51c-49af5e4cf22f:c1677]
2019-09-08 07:07:25,820 [grpc-default-executor-6] INFO  client.GrpcClientProtocolClient (GrpcClientProtocolClient.java:onNext(264)) - client-119D756B1005->4234af2c-5377-4886-a4e8-6fe45d0af45e: receive RaftClientReply:client-119D756B1005->4234af2c-5377-4886-a4e8-6fe45d0af45e@group-A1165329A1F1, cid=1221, SUCCESS, logIndex=0, commits[4234af2c-5377-4886-a4e8-6fe45d0af45e:c1684, cef72988-acf5-49ad-9ec7-695a80e7a66d:c1679, d677508c-6db9-4741-b51c-49af5e4cf22f:c1680]
2019-09-08 07:07:25,840 [grpc-default-executor-6] INFO  client.GrpcClientProtocolClient (GrpcClientProtocolClient.java:onNext(264)) - client-119D756B1005->4234af2c-5377-4886-a4e8-6fe45d0af45e: receive RaftClientReply:client-119D756B1005->4234af2c-5377-4886-a4e8-6fe45d0af45e@group-A1165329A1F1, cid=1222, SUCCESS, logIndex=1686, commits[4234af2c-5377-4886-a4e8-6fe45d0af45e:c1687, cef72988-acf5-49ad-9ec7-695a80e7a66d:c1685, d677508c-6db9-4741-b51c-49af5e4cf22f:c1685]
2019-09-08 07:07:25,840 [grpc-default-executor-6] INFO  client.GrpcClientProtocolClient (GrpcClientProtocolClient.java:onNext(264)) - client-119D756B1005->4234af2c-5377-4886-a4e8-6fe45d0af45e: receive RaftClientReply:client-119D756B1005->4234af2c-5377-4886-a4e8-6fe45d0af45e@group-A1165329A1F1, cid=1223, SUCCESS, logIndex=1687, commits[4234af2c-5377-4886-a4e8-6fe45d0af45e:c1687, cef72988-acf5-49ad-9ec7-695a80e7a66d:c1685, d677508c-6db9-4741-b51c-49af5e4cf22f:c1685]
2019-09-08 07:07:25,853 [grpc-default-executor-4] INFO  client.GrpcClientProtocolClient (GrpcClientProtocolClient.java:onNext(264)) - client-119D756B1005->4234af2c-5377-4886-a4e8-6fe45d0af45e: receive RaftClientReply:client-119D756B1005->4234af2c-5377-4886-a4e8-6fe45d0af45e@group-A1165329A1F1, cid=1224, SUCCESS, logIndex=1690, commits[4234af2c-5377-4886-a4e8-6fe45d0af45e:c1691, cef72988-acf5-49ad-9ec7-695a80e7a66d:c1687, d677508c-6db9-4741-b51c-49af5e4cf22f:c1687]
2019-09-08 07:07:25,853 [grpc-default-executor-4] INFO  client.GrpcClientProtocolClient (GrpcClientProtocolClient.java:onNext(264)) - client-119D756B1005->4234af2c-5377-4886-a4e8-6fe45d0af45e: receive RaftClientReply:client-119D756B1005->4234af2c-5377-4886-a4e8-6fe45d0af45e@group-A1165329A1F1, cid=1225, SUCCESS, logIndex=1691, commits[4234af2c-5377-4886-a4e8-6fe45d0af45e:c1691, cef72988-acf5-49ad-9ec7-695a80e7a66d:c1687, d677508c-6db9-4741-b51c-49af5e4cf22f:c1687]
2019-09-08 07:07:25,855 [grpc-default-executor-6] INFO  client.GrpcClientProtocolClient (GrpcClientProtocolClient.java:onNext(264)) - client-119D756B1005->4234af2c-5377-4886-a4e8-6fe45d0af45e: receive RaftClientReply:client-119D756B1005->4234af2c-5377-4886-a4e8-6fe45d0af45e@group-A1165329A1F1, cid=1226, SUCCESS, logIndex=0, commits[4234af2c-5377-4886-a4e8-6fe45d0af45e:c1692, cef72988-acf5-49ad-9ec7-695a80e7a66d:c1691, d677508c-6db9-4741-b51c-49af5e4cf22f:c1691]
2019-09-08 07:07:25,899 [grpc-default-executor-3] INFO  client.GrpcClientProtocolClient (GrpcClientProtocolClient.java:onNext(264)) - client-119D756B1005->4234af2c-5377-4886-a4e8-6fe45d0af45e: receive RaftClientReply:client-119D756B1005->4234af2c-5377-4886-a4e8-6fe45d0af45e@group-A1165329A1F1, cid=1227, SUCCESS, logIndex=1694, commits[4234af2c-5377-4886-a4e8-6fe45d0af45e:c1697, cef72988-acf5-49ad-9ec7-695a80e7a66d:c1693, d677508c-6db9-4741-b51c-49af5e4cf22f:c1693]
2019-09-08 07:07:25,899 [grpc-default-executor-3] INFO  client.GrpcClientProtocolClient (GrpcClientProtocolClient.java:onNext(264)) - client-119D756B1005->4234af2c-5377-4886-a4e8-6fe45d0af45e: receive RaftClientReply:client-119D756B1005->4234af2c-5377-4886-a4e8-6fe45d0af45e@group-A1165329A1F1, cid=1228, SUCCESS, logIndex=1695, commits[4234af2c-5377-4886-a4e8-6fe45d0af45e:c1697, cef72988-acf5-49ad-9ec7-695a80e7a66d:c1693, d677508c-6db9-4741-b51c-49af5e4cf22f:c1693]
2019-09-08 07:07:25,900 [grpc-default-executor-3] INFO  client.GrpcClientProtocolClient (GrpcClientProtocolClient.java:onNext(264)) - client-119D756B1005->4234af2c-5377-4886-a4e8-6fe45d0af45e: receive RaftClientReply:client-119D756B1005->4234af2c-5377-4886-a4e8-6fe45d0af45e@group-A1165329A1F1, cid=1229, SUCCESS, logIndex=1696, commits[4234af2c-5377-4886-a4e8-6fe45d0af45e:c1697, cef72988-acf5-49ad-9ec7-695a80e7a66d:c1693, d677508c-6db9-4741-b51c-49af5e4cf22f:c1693]
2019-09-08 07:07:25,900 [grpc-default-executor-3] INFO  client.GrpcClientProtocolClient (GrpcClientProtocolClient.java:onNext(264)) - client-119D756B1005->4234af2c-5377-4886-a4e8-6fe45d0af45e: receive RaftClientReply:client-119D756B1005->4234af2c-5377-4886-a4e8-6fe45d0af45e@group-A1165329A1F1, cid=1230, SUCCESS, logIndex=1697, commits[4234af2c-5377-4886-a4e8-6fe45d0af45e:c1697, cef72988-acf5-49ad-9ec7-695a80e7a66d:c1693, d677508c-6db9-4741-b51c-49af5e4cf22f:c1693]
2019-09-08 07:07:25,904 [grpc-default-executor-3] INFO  client.GrpcClientProtocolClient (GrpcClientProtocolClient.java:onNext(264)) - client-119D756B1005->4234af2c-5377-4886-a4e8-6fe45d0af45e: receive RaftClientReply:client-119D756B1005->4234af2c-5377-4886-a4e8-6fe45d0af45e@group-A1165329A1F1, cid=1231, SUCCESS, logIndex=0, commits[4234af2c-5377-4886-a4e8-6fe45d0af45e:c1699, cef72988-acf5-49ad-9ec7-695a80e7a66d:c1695, d677508c-6db9-4741-b51c-49af5e4cf22f:c1695]
2019-09-08 07:07:25,919 [grpc-default-executor-0] INFO  client.GrpcClientProtocolClient (GrpcClientProtocolClient.java:onNext(264)) - client-119D756B1005->4234af2c-5377-4886-a4e8-6fe45d0af45e: receive RaftClientReply:client-119D756B1005->4234af2c-5377-4886-a4e8-6fe45d0af45e@group-A1165329A1F1, cid=1232, SUCCESS, logIndex=1702, commits[4234af2c-5377-4886-a4e8-6fe45d0af45e:c1703, cef72988-acf5-49ad-9ec7-695a80e7a66d:c1701, d677508c-6db9-4741-b51c-49af5e4cf22f:c1701]
2019-09-08 07:07:25,919 [grpc-default-executor-0] INFO  client.GrpcClientProtocolClient (GrpcClientProtocolClient.java:onNext(264)) - client-119D756B1005->4234af2c-5377-4886-a4e8-6fe45d0af45e: receive RaftClientReply:client-119D756B1005->4234af2c-5377-4886-a4e8-6fe45d0af45e@group-A1165329A1F1, cid=1233, SUCCESS, logIndex=1703, commits[4234af2c-5377-4886-a4e8-6fe45d0af45e:c1703, cef72988-acf5-49ad-9ec7-695a80e7a66d:c1701, d677508c-6db9-4741-b51c-49af5e4cf22f:c1701]
2019-09-08 07:07:25,936 [grpc-default-executor-0] INFO  client.GrpcClientProtocolClient (GrpcClientProtocolClient.java:onNext(264)) - client-119D756B1005->4234af2c-5377-4886-a4e8-6fe45d0af45e: receive RaftClientReply:client-119D756B1005->4234af2c-5377-4886-a4e8-6fe45d0af45e@group-A1165329A1F1, cid=1234, SUCCESS, logIndex=1706, commits[4234af2c-5377-4886-a4e8-6fe45d0af45e:c1707, cef72988-acf5-49ad-9ec7-695a80e7a66d:c1705, d677508c-6db9-4741-b51c-49af5e4cf22f:c1705]
2019-09-08 07:07:25,937 [grpc-default-executor-0] INFO  client.GrpcClientProtocolClient (GrpcClientProtocolClient.java:onNext(264)) - client-119D756B1005->4234af2c-5377-4886-a4e8-6fe45d0af45e: receive RaftClientReply:client-119D756B1005->4234af2c-5377-4886-a4e8-6fe45d0af45e@group-A1165329A1F1, cid=1235, SUCCESS, logIndex=1707, commits[4234af2c-5377-4886-a4e8-6fe45d0af45e:c1707, cef72988-acf5-49ad-9ec7-695a80e7a66d:c1705, d677508c-6db9-4741-b51c-49af5e4cf22f:c1705]
2019-09-08 07:07:25,939 [grpc-default-executor-3] INFO  client.GrpcClientProtocolClient (GrpcClientProtocolClient.java:onNext(264)) - client-119D756B1005->4234af2c-5377-4886-a4e8-6fe45d0af45e: receive RaftClientReply:client-119D756B1005->4234af2c-5377-4886-a4e8-6fe45d0af45e@group-A1165329A1F1, cid=1236, SUCCESS, logIndex=0, commits[4234af2c-5377-4886-a4e8-6fe45d0af45e:c1708, cef72988-acf5-49ad-9ec7-695a80e7a66d:c1707, d677508c-6db9-4741-b51c-49af5e4cf22f:c1707]
2019-09-08 07:07:25,973 [grpc-default-executor-3] INFO  client.GrpcClientProtocolClient (GrpcClientProtocolClient.java:onNext(264)) - client-119D756B1005->4234af2c-5377-4886-a4e8-6fe45d0af45e: receive RaftClientReply:client-119D756B1005->4234af2c-5377-4886-a4e8-6fe45d0af45e@group-A1165329A1F1, cid=1237, SUCCESS, logIndex=1710, commits[4234af2c-5377-4886-a4e8-6fe45d0af45e:c1711, cef72988-acf5-49ad-9ec7-695a80e7a66d:c1709, d677508c-6db9-4741-b51c-49af5e4cf22f:c1707]
2019-09-08 07:07:25,973 [grpc-default-executor-3] INFO  client.GrpcClientProtocolClient (GrpcClientProtocolClient.java:onNext(264)) - client-119D756B1005->4234af2c-5377-4886-a4e8-6fe45d0af45e: receive RaftClientReply:client-119D756B1005->4234af2c-5377-4886-a4e8-6fe45d0af45e@group-A1165329A1F1, cid=1238, SUCCESS, logIndex=1711, commits[4234af2c-5377-4886-a4e8-6fe45d0af45e:c1711, cef72988-acf5-49ad-9ec7-695a80e7a66d:c1709, d677508c-6db9-4741-b51c-49af5e4cf22f:c1707]
2019-09-08 07:07:25,975 [grpc-default-executor-0] INFO  client.GrpcClientProtocolClient (GrpcClientProtocolClient.java:onNext(264)) - client-119D756B1005->4234af2c-5377-4886-a4e8-6fe45d0af45e: receive RaftClientReply:client-119D756B1005->4234af2c-5377-4886-a4e8-6fe45d0af45e@group-A1165329A1F1, cid=1239, SUCCESS, logIndex=1712, commits[4234af2c-5377-4886-a4e8-6fe45d0af45e:c1713, cef72988-acf5-49ad-9ec7-695a80e7a66d:c1709, d677508c-6db9-4741-b51c-49af5e4cf22f:c1709]
2019-09-08 07:07:25,976 [grpc-default-executor-6] INFO  client.GrpcClientProtocolClient (GrpcClientProtocolClient.java:onNext(264)) - client-119D756B1005->4234af2c-5377-4886-a4e8-6fe45d0af45e: receive RaftClientReply:client-119D756B1005->4234af2c-5377-4886-a4e8-6fe45d0af45e@group-A1165329A1F1, cid=1240, SUCCESS, logIndex=1713, commits[4234af2c-5377-4886-a4e8-6fe45d0af45e:c1714, cef72988-acf5-49ad-9ec7-695a80e7a66d:c1711, d677508c-6db9-4741-b51c-49af5e4cf22f:c1709]
2019-09-08 07:07:25,977 [grpc-default-executor-6] INFO  client.GrpcClientProtocolClient (GrpcClientProtocolClient.java:onNext(264)) - client-119D756B1005->4234af2c-5377-4886-a4e8-6fe45d0af45e: receive RaftClientReply:client-119D756B1005->4234af2c-5377-4886-a4e8-6fe45d0af45e@group-A1165329A1F1, cid=1241, SUCCESS, logIndex=0, commits[4234af2c-5377-4886-a4e8-6fe45d0af45e:c1716, cef72988-acf5-49ad-9ec7-695a80e7a66d:c1712, d677508c-6db9-4741-b51c-49af5e4cf22f:c1711]
2019-09-08 07:07:25,995 [grpc-default-executor-6] INFO  client.GrpcClientProtocolClient (GrpcClientProtocolClient.java:onNext(264)) - client-119D756B1005->4234af2c-5377-4886-a4e8-6fe45d0af45e: receive RaftClientReply:client-119D756B1005->4234af2c-5377-4886-a4e8-6fe45d0af45e@group-A1165329A1F1, cid=1242, SUCCESS, logIndex=1718, commits[4234af2c-5377-4886-a4e8-6fe45d0af45e:c1719, cef72988-acf5-49ad-9ec7-695a80e7a66d:c1717, d677508c-6db9-4741-b51c-49af5e4cf22f:c1717]
2019-09-08 07:07:25,995 [grpc-default-executor-6] INFO  client.GrpcClientProtocolClient (GrpcClientProtocolClient.java:onNext(264)) - client-119D756B1005->4234af2c-5377-4886-a4e8-6fe45d0af45e: receive RaftClientReply:client-119D756B1005->4234af2c-5377-4886-a4e8-6fe45d0af45e@group-A1165329A1F1, cid=1243, SUCCESS, logIndex=1719, commits[4234af2c-5377-4886-a4e8-6fe45d0af45e:c1719, cef72988-acf5-49ad-9ec7-695a80e7a66d:c1717, d677508c-6db9-4741-b51c-49af5e4cf22f:c1717]
2019-09-08 07:07:26,013 [grpc-default-executor-0] INFO  client.GrpcClientProtocolClient (GrpcClientProtocolClient.java:onNext(264)) - client-119D756B1005->4234af2c-5377-4886-a4e8-6fe45d0af45e: receive RaftClientReply:client-119D756B1005->4234af2c-5377-4886-a4e8-6fe45d0af45e@group-A1165329A1F1, cid=1244, SUCCESS, logIndex=1722, commits[4234af2c-5377-4886-a4e8-6fe45d0af45e:c1723, cef72988-acf5-49ad-9ec7-695a80e7a66d:c1721, d677508c-6db9-4741-b51c-49af5e4cf22f:c1721]
2019-09-08 07:07:26,013 [grpc-default-executor-0] INFO  client.GrpcClientProtocolClient (GrpcClientProtocolClient.java:onNext(264)) - client-119D756B1005->4234af2c-5377-4886-a4e8-6fe45d0af45e: receive RaftClientReply:client-119D756B1005->4234af2c-5377-4886-a4e8-6fe45d0af45e@group-A1165329A1F1, cid=1245, SUCCESS, logIndex=1723, commits[4234af2c-5377-4886-a4e8-6fe45d0af45e:c1723, cef72988-acf5-49ad-9ec7-695a80e7a66d:c1721, d677508c-6db9-4741-b51c-49af5e4cf22f:c1721]
2019-09-08 07:07:26,016 [grpc-default-executor-4] INFO  client.GrpcClientProtocolClient (GrpcClientProtocolClient.java:onNext(264)) - client-119D756B1005->4234af2c-5377-4886-a4e8-6fe45d0af45e: receive RaftClientReply:client-119D756B1005->4234af2c-5377-4886-a4e8-6fe45d0af45e@group-A1165329A1F1, cid=1246, SUCCESS, logIndex=0, commits[4234af2c-5377-4886-a4e8-6fe45d0af45e:c1725, cef72988-acf5-49ad-9ec7-695a80e7a66d:c1723, d677508c-6db9-4741-b51c-49af5e4cf22f:c1723]
2019-09-08 07:07:26,035 [grpc-default-executor-4] INFO  client.GrpcClientProtocolClient (GrpcClientProtocolClient.java:onNext(264)) - client-119D756B1005->4234af2c-5377-4886-a4e8-6fe45d0af45e: receive RaftClientReply:client-119D756B1005->4234af2c-5377-4886-a4e8-6fe45d0af45e@group-A1165329A1F1, cid=1247, SUCCESS, logIndex=1726, commits[4234af2c-5377-4886-a4e8-6fe45d0af45e:c1727, cef72988-acf5-49ad-9ec7-695a80e7a66d:c1725, d677508c-6db9-4741-b51c-49af5e4cf22f:c1723]
2019-09-08 07:07:26,036 [grpc-default-executor-4] INFO  client.GrpcClientProtocolClient (GrpcClientProtocolClient.java:onNext(264)) - client-119D756B1005->4234af2c-5377-4886-a4e8-6fe45d0af45e: receive RaftClientReply:client-119D756B1005->4234af2c-5377-4886-a4e8-6fe45d0af45e@group-A1165329A1F1, cid=1248, SUCCESS, logIndex=1727, commits[4234af2c-5377-4886-a4e8-6fe45d0af45e:c1727, cef72988-acf5-49ad-9ec7-695a80e7a66d:c1725, d677508c-6db9-4741-b51c-49af5e4cf22f:c1725]
2019-09-08 07:07:26,039 [grpc-default-executor-0] INFO  client.GrpcClientProtocolClient (GrpcClientProtocolClient.java:onNext(264)) - client-119D756B1005->4234af2c-5377-4886-a4e8-6fe45d0af45e: receive RaftClientReply:client-119D756B1005->4234af2c-5377-4886-a4e8-6fe45d0af45e@group-A1165329A1F1, cid=1249, SUCCESS, logIndex=1728, commits[4234af2c-5377-4886-a4e8-6fe45d0af45e:c1728, cef72988-acf5-49ad-9ec7-695a80e7a66d:c1725, d677508c-6db9-4741-b51c-49af5e4cf22f:c1725]
2019-09-08 07:07:26,039 [grpc-default-executor-0] INFO  client.GrpcClientProtocolClient (GrpcClientProtocolClient.java:onNext(264)) - client-119D756B1005->4234af2c-5377-4886-a4e8-6fe45d0af45e: receive RaftClientReply:client-119D756B1005->4234af2c-5377-4886-a4e8-6fe45d0af45e@group-A1165329A1F1, cid=1250, SUCCESS, logIndex=1729, commits[4234af2c-5377-4886-a4e8-6fe45d0af45e:c1731, cef72988-acf5-49ad-9ec7-695a80e7a66d:c1726, d677508c-6db9-4741-b51c-49af5e4cf22f:c1727]
2019-09-08 07:07:26,040 [grpc-default-executor-0] INFO  client.GrpcClientProtocolClient (GrpcClientProtocolClient.java:onNext(264)) - client-119D756B1005->4234af2c-5377-4886-a4e8-6fe45d0af45e: receive RaftClientReply:client-119D756B1005->4234af2c-5377-4886-a4e8-6fe45d0af45e@group-A1165329A1F1, cid=1251, SUCCESS, logIndex=0, commits[4234af2c-5377-4886-a4e8-6fe45d0af45e:c1731, cef72988-acf5-49ad-9ec7-695a80e7a66d:c1727, d677508c-6db9-4741-b51c-49af5e4cf22f:c1727]
2019-09-08 07:07:26,049 [grpc-default-executor-0] INFO  client.GrpcClientProtocolClient (GrpcClientProtocolClient.java:onNext(264)) - client-119D756B1005->4234af2c-5377-4886-a4e8-6fe45d0af45e: receive RaftClientReply:client-119D756B1005->4234af2c-5377-4886-a4e8-6fe45d0af45e@group-A1165329A1F1, cid=1252, SUCCESS, logIndex=1733, commits[4234af2c-5377-4886-a4e8-6fe45d0af45e:c1734, cef72988-acf5-49ad-9ec7-695a80e7a66d:c1732, d677508c-6db9-4741-b51c-49af5e4cf22f:c1732]
2019-09-08 07:07:26,049 [grpc-default-executor-0] INFO  client.GrpcClientProtocolClient (GrpcClientProtocolClient.java:onNext(264)) - client-119D756B1005->4234af2c-5377-4886-a4e8-6fe45d0af45e: receive RaftClientReply:client-119D756B1005->4234af2c-5377-4886-a4e8-6fe45d0af45e@group-A1165329A1F1, cid=1253, SUCCESS, logIndex=1734, commits[4234af2c-5377-4886-a4e8-6fe45d0af45e:c1734, cef72988-acf5-49ad-9ec7-695a80e7a66d:c1732, d677508c-6db9-4741-b51c-49af5e4cf22f:c1732]
2019-09-08 07:07:26,063 [grpc-default-executor-6] INFO  client.GrpcClientProtocolClient (GrpcClientProtocolClient.java:onNext(264)) - client-119D756B1005->4234af2c-5377-4886-a4e8-6fe45d0af45e: receive RaftClientReply:client-119D756B1005->4234af2c-5377-4886-a4e8-6fe45d0af45e@group-A1165329A1F1, cid=1254, SUCCESS, logIndex=1737, commits[4234af2c-5377-4886-a4e8-6fe45d0af45e:c1738, cef72988-acf5-49ad-9ec7-695a80e7a66d:c1734, d677508c-6db9-4741-b51c-49af5e4cf22f:c1734]
2019-09-08 07:07:26,063 [grpc-default-executor-6] INFO  client.GrpcClientProtocolClient (GrpcClientProtocolClient.java:onNext(264)) - client-119D756B1005->4234af2c-5377-4886-a4e8-6fe45d0af45e: receive RaftClientReply:client-119D756B1005->4234af2c-5377-4886-a4e8-6fe45d0af45e@group-A1165329A1F1, cid=1255, SUCCESS, logIndex=1738, commits[4234af2c-5377-4886-a4e8-6fe45d0af45e:c1738, cef72988-acf5-49ad-9ec7-695a80e7a66d:c1734, d677508c-6db9-4741-b51c-49af5e4cf22f:c1734]
2019-09-08 07:07:26,077 [grpc-default-executor-6] INFO  client.GrpcClientProtocolClient (GrpcClientProtocolClient.java:onNext(264)) - client-119D756B1005->4234af2c-5377-4886-a4e8-6fe45d0af45e: receive RaftClientReply:client-119D756B1005->4234af2c-5377-4886-a4e8-6fe45d0af45e@group-A1165329A1F1, cid=1256, SUCCESS, logIndex=0, commits[4234af2c-5377-4886-a4e8-6fe45d0af45e:c1739, cef72988-acf5-49ad-9ec7-695a80e7a66d:c1738, d677508c-6db9-4741-b51c-49af5e4cf22f:c1738]
2019-09-08 07:07:26,104 [grpc-default-executor-0] INFO  client.GrpcClientProtocolClient (GrpcClientProtocolClient.java:onNext(264)) - client-119D756B1005->4234af2c-5377-4886-a4e8-6fe45d0af45e: receive RaftClientReply:client-119D756B1005->4234af2c-5377-4886-a4e8-6fe45d0af45e@group-A1165329A1F1, cid=1257, SUCCESS, logIndex=1741, commits[4234af2c-5377-4886-a4e8-6fe45d0af45e:c1742, cef72988-acf5-49ad-9ec7-695a80e7a66d:c1740, d677508c-6db9-4741-b51c-49af5e4cf22f:c1740]
2019-09-08 07:07:26,105 [grpc-default-executor-0] INFO  client.GrpcClientProtocolClient (GrpcClientProtocolClient.java:onNext(264)) - client-119D756B1005->4234af2c-5377-4886-a4e8-6fe45d0af45e: receive RaftClientReply:client-119D756B1005->4234af2c-5377-4886-a4e8-6fe45d0af45e@group-A1165329A1F1, cid=1258, SUCCESS, logIndex=1742, commits[4234af2c-5377-4886-a4e8-6fe45d0af45e:c1742, cef72988-acf5-49ad-9ec7-695a80e7a66d:c1740, d677508c-6db9-4741-b51c-49af5e4cf22f:c1740]
2019-09-08 07:07:26,105 [grpc-default-executor-4] INFO  client.GrpcClientProtocolClient (GrpcClientProtocolClient.java:onNext(264)) - client-119D756B1005->4234af2c-5377-4886-a4e8-6fe45d0af45e: receive RaftClientReply:client-119D756B1005->4234af2c-5377-4886-a4e8-6fe45d0af45e@group-A1165329A1F1, cid=1259, SUCCESS, logIndex=1743, commits[4234af2c-5377-4886-a4e8-6fe45d0af45e:c1744, cef72988-acf5-49ad-9ec7-695a80e7a66d:c1740, d677508c-6db9-4741-b51c-49af5e4cf22f:c1740]
2019-09-08 07:07:26,106 [grpc-default-executor-4] INFO  client.GrpcClientProtocolClient (GrpcClientProtocolClient.java:onNext(264)) - client-119D756B1005->4234af2c-5377-4886-a4e8-6fe45d0af45e: receive RaftClientReply:client-119D756B1005->4234af2c-5377-4886-a4e8-6fe45d0af45e@group-A1165329A1F1, cid=1260, SUCCESS, logIndex=1744, commits[4234af2c-5377-4886-a4e8-6fe45d0af45e:c1744, cef72988-acf5-49ad-9ec7-695a80e7a66d:c1740, d677508c-6db9-4741-b51c-49af5e4cf22f:c1740]
2019-09-08 07:07:26,107 [grpc-default-executor-4] INFO  client.GrpcClientProtocolClient (GrpcClientProtocolClient.java:onNext(264)) - client-119D756B1005->4234af2c-5377-4886-a4e8-6fe45d0af45e: receive RaftClientReply:client-119D756B1005->4234af2c-5377-4886-a4e8-6fe45d0af45e@group-A1165329A1F1, cid=1261, SUCCESS, logIndex=0, commits[4234af2c-5377-4886-a4e8-6fe45d0af45e:c1746, cef72988-acf5-49ad-9ec7-695a80e7a66d:c1742, d677508c-6db9-4741-b51c-49af5e4cf22f:c1742]
2019-09-08 07:07:26,126 [grpc-default-executor-6] INFO  client.GrpcClientProtocolClient (GrpcClientProtocolClient.java:onNext(264)) - client-119D756B1005->4234af2c-5377-4886-a4e8-6fe45d0af45e: receive RaftClientReply:client-119D756B1005->4234af2c-5377-4886-a4e8-6fe45d0af45e@group-A1165329A1F1, cid=1262, SUCCESS, logIndex=1749, commits[4234af2c-5377-4886-a4e8-6fe45d0af45e:c1750, cef72988-acf5-49ad-9ec7-695a80e7a66d:c1748, d677508c-6db9-4741-b51c-49af5e4cf22f:c1748]
2019-09-08 07:07:26,126 [grpc-default-executor-6] INFO  client.GrpcClientProtocolClient (GrpcClientProtocolClient.java:onNext(264)) - client-119D756B1005->4234af2c-5377-4886-a4e8-6fe45d0af45e: receive RaftClientReply:client-119D756B1005->4234af2c-5377-4886-a4e8-6fe45d0af45e@group-A1165329A1F1, cid=1263, SUCCESS, logIndex=1750, commits[4234af2c-5377-4886-a4e8-6fe45d0af45e:c1750, cef72988-acf5-49ad-9ec7-695a80e7a66d:c1748, d677508c-6db9-4741-b51c-49af5e4cf22f:c1748]
2019-09-08 07:07:26,143 [grpc-default-executor-4] INFO  client.GrpcClientProtocolClient (GrpcClientProtocolClient.java:onNext(264)) - client-119D756B1005->4234af2c-5377-4886-a4e8-6fe45d0af45e: receive RaftClientReply:client-119D756B1005->4234af2c-5377-4886-a4e8-6fe45d0af45e@group-A1165329A1F1, cid=1264, SUCCESS, logIndex=1753, commits[4234af2c-5377-4886-a4e8-6fe45d0af45e:c1754, cef72988-acf5-49ad-9ec7-695a80e7a66d:c1752, d677508c-6db9-4741-b51c-49af5e4cf22f:c1752]
2019-09-08 07:07:26,143 [grpc-default-executor-4] INFO  client.GrpcClientProtocolClient (GrpcClientProtocolClient.java:onNext(264)) - client-119D756B1005->4234af2c-5377-4886-a4e8-6fe45d0af45e: receive RaftClientReply:client-119D756B1005->4234af2c-5377-4886-a4e8-6fe45d0af45e@group-A1165329A1F1, cid=1265, SUCCESS, logIndex=1754, commits[4234af2c-5377-4886-a4e8-6fe45d0af45e:c1754, cef72988-acf5-49ad-9ec7-695a80e7a66d:c1752, d677508c-6db9-4741-b51c-49af5e4cf22f:c1752]
2019-09-08 07:07:26,145 [grpc-default-executor-4] INFO  client.GrpcClientProtocolClient (GrpcClientProtocolClient.java:onNext(264)) - client-119D756B1005->4234af2c-5377-4886-a4e8-6fe45d0af45e: receive RaftClientReply:client-119D756B1005->4234af2c-5377-4886-a4e8-6fe45d0af45e@group-A1165329A1F1, cid=1266, SUCCESS, logIndex=0, commits[4234af2c-5377-4886-a4e8-6fe45d0af45e:c1755, cef72988-acf5-49ad-9ec7-695a80e7a66d:c1754, d677508c-6db9-4741-b51c-49af5e4cf22f:c1754]
2019-09-08 07:07:26,164 [grpc-default-executor-6] INFO  client.GrpcClientProtocolClient (GrpcClientProtocolClient.java:onNext(264)) - client-119D756B1005->4234af2c-5377-4886-a4e8-6fe45d0af45e: receive RaftClientReply:client-119D756B1005->4234af2c-5377-4886-a4e8-6fe45d0af45e@group-A1165329A1F1, cid=1267, SUCCESS, logIndex=1757, commits[4234af2c-5377-4886-a4e8-6fe45d0af45e:c1760, cef72988-acf5-49ad-9ec7-695a80e7a66d:c1754, d677508c-6db9-4741-b51c-49af5e4cf22f:c1756]
2019-09-08 07:07:26,164 [grpc-default-executor-6] INFO  client.GrpcClientProtocolClient (GrpcClientProtocolClient.java:onNext(264)) - client-119D756B1005->4234af2c-5377-4886-a4e8-6fe45d0af45e: receive RaftClientReply:client-119D756B1005->4234af2c-5377-4886-a4e8-6fe45d0af45e@group-A1165329A1F1, cid=1268, SUCCESS, logIndex=1758, commits[4234af2c-5377-4886-a4e8-6fe45d0af45e:c1760, cef72988-acf5-49ad-9ec7-695a80e7a66d:c1756, d677508c-6db9-4741-b51c-49af5e4cf22f:c1756]
2019-09-08 07:07:26,165 [grpc-default-executor-6] INFO  client.GrpcClientProtocolClient (GrpcClientProtocolClient.java:onNext(264)) - client-119D756B1005->4234af2c-5377-4886-a4e8-6fe45d0af45e: receive RaftClientReply:client-119D756B1005->4234af2c-5377-4886-a4e8-6fe45d0af45e@group-A1165329A1F1, cid=1269, SUCCESS, logIndex=1759, commits[4234af2c-5377-4886-a4e8-6fe45d0af45e:c1760, cef72988-acf5-49ad-9ec7-695a80e7a66d:c1756, d677508c-6db9-4741-b51c-49af5e4cf22f:c1756]
2019-09-08 07:07:26,165 [grpc-default-executor-6] INFO  client.GrpcClientProtocolClient (GrpcClientProtocolClient.java:onNext(264)) - client-119D756B1005->4234af2c-5377-4886-a4e8-6fe45d0af45e: receive RaftClientReply:client-119D756B1005->4234af2c-5377-4886-a4e8-6fe45d0af45e@group-A1165329A1F1, cid=1270, SUCCESS, logIndex=1760, commits[4234af2c-5377-4886-a4e8-6fe45d0af45e:c1760, cef72988-acf5-49ad-9ec7-695a80e7a66d:c1756, d677508c-6db9-4741-b51c-49af5e4cf22f:c1756]
2019-09-08 07:07:26,166 [grpc-default-executor-6] INFO  client.GrpcClientProtocolClient (GrpcClientProtocolClient.java:onNext(264)) - client-119D756B1005->4234af2c-5377-4886-a4e8-6fe45d0af45e: receive RaftClientReply:client-119D756B1005->4234af2c-5377-4886-a4e8-6fe45d0af45e@group-A1165329A1F1, cid=1271, SUCCESS, logIndex=0, commits[4234af2c-5377-4886-a4e8-6fe45d0af45e:c1764, cef72988-acf5-49ad-9ec7-695a80e7a66d:c1760, d677508c-6db9-4741-b51c-49af5e4cf22f:c1758]
2019-09-08 07:07:26,174 [grpc-default-executor-3] INFO  client.GrpcClientProtocolClient (GrpcClientProtocolClient.java:onNext(264)) - client-119D756B1005->4234af2c-5377-4886-a4e8-6fe45d0af45e: receive RaftClientReply:client-119D756B1005->4234af2c-5377-4886-a4e8-6fe45d0af45e@group-A1165329A1F1, cid=1272, SUCCESS, logIndex=1765, commits[4234af2c-5377-4886-a4e8-6fe45d0af45e:c1766, cef72988-acf5-49ad-9ec7-695a80e7a66d:c1764, d677508c-6db9-4741-b51c-49af5e4cf22f:c1760]
2019-09-08 07:07:26,175 [grpc-default-executor-3] INFO  client.GrpcClientProtocolClient (GrpcClientProtocolClient.java:onNext(264)) - client-119D756B1005->4234af2c-5377-4886-a4e8-6fe45d0af45e: receive RaftClientReply:client-119D756B1005->4234af2c-5377-4886-a4e8-6fe45d0af45e@group-A1165329A1F1, cid=1273, SUCCESS, logIndex=1766, commits[4234af2c-5377-4886-a4e8-6fe45d0af45e:c1766, cef72988-acf5-49ad-9ec7-695a80e7a66d:c1764, d677508c-6db9-4741-b51c-49af5e4cf22f:c1760]
2019-09-08 07:07:26,191 [grpc-default-executor-6] INFO  client.GrpcClientProtocolClient (GrpcClientProtocolClient.java:onNext(264)) - client-119D756B1005->4234af2c-5377-4886-a4e8-6fe45d0af45e: receive RaftClientReply:client-119D756B1005->4234af2c-5377-4886-a4e8-6fe45d0af45e@group-A1165329A1F1, cid=1274, SUCCESS, logIndex=1769, commits[4234af2c-5377-4886-a4e8-6fe45d0af45e:c1770, cef72988-acf5-49ad-9ec7-695a80e7a66d:c1768, d677508c-6db9-4741-b51c-49af5e4cf22f:c1768]
2019-09-08 07:07:26,191 [grpc-default-executor-6] INFO  client.GrpcClientProtocolClient (GrpcClientProtocolClient.java:onNext(264)) - client-119D756B1005->4234af2c-5377-4886-a4e8-6fe45d0af45e: receive RaftClientReply:client-119D756B1005->4234af2c-5377-4886-a4e8-6fe45d0af45e@group-A1165329A1F1, cid=1275, SUCCESS, logIndex=1770, commits[4234af2c-5377-4886-a4e8-6fe45d0af45e:c1770, cef72988-acf5-49ad-9ec7-695a80e7a66d:c1768, d677508c-6db9-4741-b51c-49af5e4cf22f:c1768]
2019-09-08 07:07:26,203 [grpc-default-executor-6] INFO  client.GrpcClientProtocolClient (GrpcClientProtocolClient.java:onNext(264)) - client-119D756B1005->4234af2c-5377-4886-a4e8-6fe45d0af45e: receive RaftClientReply:client-119D756B1005->4234af2c-5377-4886-a4e8-6fe45d0af45e@group-A1165329A1F1, cid=1276, SUCCESS, logIndex=0, commits[4234af2c-5377-4886-a4e8-6fe45d0af45e:c1772, cef72988-acf5-49ad-9ec7-695a80e7a66d:c1770, d677508c-6db9-4741-b51c-49af5e4cf22f:c1770]
2019-09-08 07:07:26,222 [grpc-default-executor-5] INFO  client.GrpcClientProtocolClient (GrpcClientProtocolClient.java:onNext(264)) - client-119D756B1005->4234af2c-5377-4886-a4e8-6fe45d0af45e: receive RaftClientReply:client-119D756B1005->4234af2c-5377-4886-a4e8-6fe45d0af45e@group-A1165329A1F1, cid=1277, SUCCESS, logIndex=1773, commits[4234af2c-5377-4886-a4e8-6fe45d0af45e:c1775, cef72988-acf5-49ad-9ec7-695a80e7a66d:c1772, d677508c-6db9-4741-b51c-49af5e4cf22f:c1772]
2019-09-08 07:07:26,223 [grpc-default-executor-5] INFO  client.GrpcClientProtocolClient (GrpcClientProtocolClient.java:onNext(264)) - client-119D756B1005->4234af2c-5377-4886-a4e8-6fe45d0af45e: receive RaftClientReply:client-119D756B1005->4234af2c-5377-4886-a4e8-6fe45d0af45e@group-A1165329A1F1, cid=1278, SUCCESS, logIndex=1774, commits[4234af2c-5377-4886-a4e8-6fe45d0af45e:c1776, cef72988-acf5-49ad-9ec7-695a80e7a66d:c1772, d677508c-6db9-4741-b51c-49af5e4cf22f:c1772]
2019-09-08 07:07:26,223 [grpc-default-executor-5] INFO  client.GrpcClientProtocolClient (GrpcClientProtocolClient.java:onNext(264)) - client-119D756B1005->4234af2c-5377-4886-a4e8-6fe45d0af45e: receive RaftClientReply:client-119D756B1005->4234af2c-5377-4886-a4e8-6fe45d0af45e@group-A1165329A1F1, cid=1279, SUCCESS, logIndex=1775, commits[4234af2c-5377-4886-a4e8-6fe45d0af45e:c1776, cef72988-acf5-49ad-9ec7-695a80e7a66d:c1772, d677508c-6db9-4741-b51c-49af5e4cf22f:c1772]
2019-09-08 07:07:26,223 [grpc-default-executor-3] INFO  client.GrpcClientProtocolClient (GrpcClientProtocolClient.java:onNext(264)) - client-119D756B1005->4234af2c-5377-4886-a4e8-6fe45d0af45e: receive RaftClientReply:client-119D756B1005->4234af2c-5377-4886-a4e8-6fe45d0af45e@group-A1165329A1F1, cid=1280, SUCCESS, logIndex=1776, commits[4234af2c-5377-4886-a4e8-6fe45d0af45e:c1776, cef72988-acf5-49ad-9ec7-695a80e7a66d:c1772, d677508c-6db9-4741-b51c-49af5e4cf22f:c1772]
 0.00% |█                                                                                                    |  0/1 Time: 0:00:072019-09-08 07:07:26,328 [grpc-default-executor-5] INFO  client.GrpcClientProtocolClient (GrpcClientProtocolClient.java:onNext(264)) - client-119D756B1005->4234af2c-5377-4886-a4e8-6fe45d0af45e: receive RaftClientReply:client-119D756B1005->4234af2c-5377-4886-a4e8-6fe45d0af45e@group-A1165329A1F1, cid=1281, SUCCESS, logIndex=0, commits[4234af2c-5377-4886-a4e8-6fe45d0af45e:c1780, cef72988-acf5-49ad-9ec7-695a80e7a66d:c1776, d677508c-6db9-4741-b51c-49af5e4cf22f:c1774]
2019-09-08 07:07:26,352 [grpc-default-executor-5] INFO  client.GrpcClientProtocolClient (GrpcClientProtocolClient.java:onNext(264)) - client-119D756B1005->4234af2c-5377-4886-a4e8-6fe45d0af45e: receive RaftClientReply:client-119D756B1005->4234af2c-5377-4886-a4e8-6fe45d0af45e@group-A1165329A1F1, cid=1282, SUCCESS, logIndex=1781, commits[4234af2c-5377-4886-a4e8-6fe45d0af45e:c1782, cef72988-acf5-49ad-9ec7-695a80e7a66d:c1780, d677508c-6db9-4741-b51c-49af5e4cf22f:c1780]
2019-09-08 07:07:26,352 [grpc-default-executor-5] INFO  client.GrpcClientProtocolClient (GrpcClientProtocolClient.java:onNext(264)) - client-119D756B1005->4234af2c-5377-4886-a4e8-6fe45d0af45e: receive RaftClientReply:client-119D756B1005->4234af2c-5377-4886-a4e8-6fe45d0af45e@group-A1165329A1F1, cid=1283, SUCCESS, logIndex=1782, commits[4234af2c-5377-4886-a4e8-6fe45d0af45e:c1782, cef72988-acf5-49ad-9ec7-695a80e7a66d:c1780, d677508c-6db9-4741-b51c-49af5e4cf22f:c1780]
2019-09-08 07:07:26,366 [grpc-default-executor-6] INFO  client.GrpcClientProtocolClient (GrpcClientProtocolClient.java:onNext(264)) - client-119D756B1005->4234af2c-5377-4886-a4e8-6fe45d0af45e: receive RaftClientReply:client-119D756B1005->4234af2c-5377-4886-a4e8-6fe45d0af45e@group-A1165329A1F1, cid=1284, SUCCESS, logIndex=1785, commits[4234af2c-5377-4886-a4e8-6fe45d0af45e:c1786, cef72988-acf5-49ad-9ec7-695a80e7a66d:c1782, d677508c-6db9-4741-b51c-49af5e4cf22f:c1782]
2019-09-08 07:07:26,367 [grpc-default-executor-6] INFO  client.GrpcClientProtocolClient (GrpcClientProtocolClient.java:onNext(264)) - client-119D756B1005->4234af2c-5377-4886-a4e8-6fe45d0af45e: receive RaftClientReply:client-119D756B1005->4234af2c-5377-4886-a4e8-6fe45d0af45e@group-A1165329A1F1, cid=1285, SUCCESS, logIndex=1786, commits[4234af2c-5377-4886-a4e8-6fe45d0af45e:c1786, cef72988-acf5-49ad-9ec7-695a80e7a66d:c1782, d677508c-6db9-4741-b51c-49af5e4cf22f:c1782]
2019-09-08 07:07:26,378 [grpc-default-executor-6] INFO  client.GrpcClientProtocolClient (GrpcClientProtocolClient.java:onNext(264)) - client-119D756B1005->4234af2c-5377-4886-a4e8-6fe45d0af45e: receive RaftClientReply:client-119D756B1005->4234af2c-5377-4886-a4e8-6fe45d0af45e@group-A1165329A1F1, cid=1286, SUCCESS, logIndex=0, commits[4234af2c-5377-4886-a4e8-6fe45d0af45e:c1787, cef72988-acf5-49ad-9ec7-695a80e7a66d:c1786, d677508c-6db9-4741-b51c-49af5e4cf22f:c1786]
2019-09-08 07:07:26,407 [grpc-default-executor-3] INFO  client.GrpcClientProtocolClient (GrpcClientProtocolClient.java:onNext(264)) - client-119D756B1005->4234af2c-5377-4886-a4e8-6fe45d0af45e: receive RaftClientReply:client-119D756B1005->4234af2c-5377-4886-a4e8-6fe45d0af45e@group-A1165329A1F1, cid=1287, SUCCESS, logIndex=1789, commits[4234af2c-5377-4886-a4e8-6fe45d0af45e:c1791, cef72988-acf5-49ad-9ec7-695a80e7a66d:c1788, d677508c-6db9-4741-b51c-49af5e4cf22f:c1788]
2019-09-08 07:07:26,407 [grpc-default-executor-4] INFO  client.GrpcClientProtocolClient (GrpcClientProtocolClient.java:onNext(264)) - client-119D756B1005->4234af2c-5377-4886-a4e8-6fe45d0af45e: receive RaftClientReply:client-119D756B1005->4234af2c-5377-4886-a4e8-6fe45d0af45e@group-A1165329A1F1, cid=1288, SUCCESS, logIndex=1790, commits[4234af2c-5377-4886-a4e8-6fe45d0af45e:c1792, cef72988-acf5-49ad-9ec7-695a80e7a66d:c1788, d677508c-6db9-4741-b51c-49af5e4cf22f:c1788]
2019-09-08 07:07:26,407 [grpc-default-executor-4] INFO  client.GrpcClientProtocolClient (GrpcClientProtocolClient.java:onNext(264)) - client-119D756B1005->4234af2c-5377-4886-a4e8-6fe45d0af45e: receive RaftClientReply:client-119D756B1005->4234af2c-5377-4886-a4e8-6fe45d0af45e@group-A1165329A1F1, cid=1289, SUCCESS, logIndex=1791, commits[4234af2c-5377-4886-a4e8-6fe45d0af45e:c1792, cef72988-acf5-49ad-9ec7-695a80e7a66d:c1788, d677508c-6db9-4741-b51c-49af5e4cf22f:c1788]
2019-09-08 07:07:26,408 [grpc-default-executor-4] INFO  client.GrpcClientProtocolClient (GrpcClientProtocolClient.java:onNext(264)) - client-119D756B1005->4234af2c-5377-4886-a4e8-6fe45d0af45e: receive RaftClientReply:client-119D756B1005->4234af2c-5377-4886-a4e8-6fe45d0af45e@group-A1165329A1F1, cid=1290, SUCCESS, logIndex=1792, commits[4234af2c-5377-4886-a4e8-6fe45d0af45e:c1792, cef72988-acf5-49ad-9ec7-695a80e7a66d:c1788, d677508c-6db9-4741-b51c-49af5e4cf22f:c1788]
2019-09-08 07:07:26,409 [grpc-default-executor-4] INFO  client.GrpcClientProtocolClient (GrpcClientProtocolClient.java:onNext(264)) - client-119D756B1005->4234af2c-5377-4886-a4e8-6fe45d0af45e: receive RaftClientReply:client-119D756B1005->4234af2c-5377-4886-a4e8-6fe45d0af45e@group-A1165329A1F1, cid=1291, SUCCESS, logIndex=0, commits[4234af2c-5377-4886-a4e8-6fe45d0af45e:c1793, cef72988-acf5-49ad-9ec7-695a80e7a66d:c1790, d677508c-6db9-4741-b51c-49af5e4cf22f:c1790]
2019-09-08 07:07:26,421 [grpc-default-executor-6] INFO  client.GrpcClientProtocolClient (GrpcClientProtocolClient.java:onNext(264)) - client-119D756B1005->4234af2c-5377-4886-a4e8-6fe45d0af45e: receive RaftClientReply:client-119D756B1005->4234af2c-5377-4886-a4e8-6fe45d0af45e@group-A1165329A1F1, cid=1292, SUCCESS, logIndex=1797, commits[4234af2c-5377-4886-a4e8-6fe45d0af45e:c1797, cef72988-acf5-49ad-9ec7-695a80e7a66d:c1791, d677508c-6db9-4741-b51c-49af5e4cf22f:c1793]
2019-09-08 07:07:26,421 [grpc-default-executor-6] INFO  client.GrpcClientProtocolClient (GrpcClientProtocolClient.java:onNext(264)) - client-119D756B1005->4234af2c-5377-4886-a4e8-6fe45d0af45e: receive RaftClientReply:client-119D756B1005->4234af2c-5377-4886-a4e8-6fe45d0af45e@group-A1165329A1F1, cid=1293, SUCCESS, logIndex=1798, commits[4234af2c-5377-4886-a4e8-6fe45d0af45e:c1798, cef72988-acf5-49ad-9ec7-695a80e7a66d:c1792, d677508c-6db9-4741-b51c-49af5e4cf22f:c1793]
2019-09-08 07:07:26,436 [grpc-default-executor-6] INFO  client.GrpcClientProtocolClient (GrpcClientProtocolClient.java:onNext(264)) - client-119D756B1005->4234af2c-5377-4886-a4e8-6fe45d0af45e: receive RaftClientReply:client-119D756B1005->4234af2c-5377-4886-a4e8-6fe45d0af45e@group-A1165329A1F1, cid=1294, SUCCESS, logIndex=1801, commits[4234af2c-5377-4886-a4e8-6fe45d0af45e:c1802, cef72988-acf5-49ad-9ec7-695a80e7a66d:c1798, d677508c-6db9-4741-b51c-49af5e4cf22f:c1799]
2019-09-08 07:07:26,437 [grpc-default-executor-6] INFO  client.GrpcClientProtocolClient (GrpcClientProtocolClient.java:onNext(264)) - client-119D756B1005->4234af2c-5377-4886-a4e8-6fe45d0af45e: receive RaftClientReply:client-119D756B1005->4234af2c-5377-4886-a4e8-6fe45d0af45e@group-A1165329A1F1, cid=1295, SUCCESS, logIndex=1802, commits[4234af2c-5377-4886-a4e8-6fe45d0af45e:c1802, cef72988-acf5-49ad-9ec7-695a80e7a66d:c1799, d677508c-6db9-4741-b51c-49af5e4cf22f:c1799]
2019-09-08 07:07:26,439 [grpc-default-executor-6] INFO  client.GrpcClientProtocolClient (GrpcClientProtocolClient.java:onNext(264)) - client-119D756B1005->4234af2c-5377-4886-a4e8-6fe45d0af45e: receive RaftClientReply:client-119D756B1005->4234af2c-5377-4886-a4e8-6fe45d0af45e@group-A1165329A1F1, cid=1296, SUCCESS, logIndex=0, commits[4234af2c-5377-4886-a4e8-6fe45d0af45e:c1804, cef72988-acf5-49ad-9ec7-695a80e7a66d:c1802, d677508c-6db9-4741-b51c-49af5e4cf22f:c1802]
2019-09-08 07:07:26,483 [grpc-default-executor-6] INFO  client.GrpcClientProtocolClient (GrpcClientProtocolClient.java:onNext(264)) - client-119D756B1005->4234af2c-5377-4886-a4e8-6fe45d0af45e: receive RaftClientReply:client-119D756B1005->4234af2c-5377-4886-a4e8-6fe45d0af45e@group-A1165329A1F1, cid=1297, SUCCESS, logIndex=1805, commits[4234af2c-5377-4886-a4e8-6fe45d0af45e:c1806, cef72988-acf5-49ad-9ec7-695a80e7a66d:c1804, d677508c-6db9-4741-b51c-49af5e4cf22f:c1804]
2019-09-08 07:07:26,484 [grpc-default-executor-6] INFO  client.GrpcClientProtocolClient (GrpcClientProtocolClient.java:onNext(264)) - client-119D756B1005->4234af2c-5377-4886-a4e8-6fe45d0af45e: receive RaftClientReply:client-119D756B1005->4234af2c-5377-4886-a4e8-6fe45d0af45e@group-A1165329A1F1, cid=1298, SUCCESS, logIndex=1806, commits[4234af2c-5377-4886-a4e8-6fe45d0af45e:c1806, cef72988-acf5-49ad-9ec7-695a80e7a66d:c1804, d677508c-6db9-4741-b51c-49af5e4cf22f:c1804]
2019-09-08 07:07:26,513 [grpc-default-executor-3] INFO  client.GrpcClientProtocolClient (GrpcClientProtocolClient.java:onNext(264)) - client-119D756B1005->4234af2c-5377-4886-a4e8-6fe45d0af45e: receive RaftClientReply:client-119D756B1005->4234af2c-5377-4886-a4e8-6fe45d0af45e@group-A1165329A1F1, cid=1299, SUCCESS, logIndex=1807, commits[4234af2c-5377-4886-a4e8-6fe45d0af45e:c1808, cef72988-acf5-49ad-9ec7-695a80e7a66d:c1804, d677508c-6db9-4741-b51c-49af5e4cf22f:c1804]
2019-09-08 07:07:26,513 [grpc-default-executor-3] INFO  client.GrpcClientProtocolClient (GrpcClientProtocolClient.java:onNext(264)) - client-119D756B1005->4234af2c-5377-4886-a4e8-6fe45d0af45e: receive RaftClientReply:client-119D756B1005->4234af2c-5377-4886-a4e8-6fe45d0af45e@group-A1165329A1F1, cid=1300, SUCCESS, logIndex=1808, commits[4234af2c-5377-4886-a4e8-6fe45d0af45e:c1808, cef72988-acf5-49ad-9ec7-695a80e7a66d:c1804, d677508c-6db9-4741-b51c-49af5e4cf22f:c1804]
2019-09-08 07:07:26,524 [grpc-default-executor-0] INFO  client.GrpcClientProtocolClient (GrpcClientProtocolClient.java:onNext(264)) - client-119D756B1005->4234af2c-5377-4886-a4e8-6fe45d0af45e: receive RaftClientReply:client-119D756B1005->4234af2c-5377-4886-a4e8-6fe45d0af45e@group-A1165329A1F1, cid=1301, SUCCESS, logIndex=0, commits[4234af2c-5377-4886-a4e8-6fe45d0af45e:c1810, cef72988-acf5-49ad-9ec7-695a80e7a66d:c1806, d677508c-6db9-4741-b51c-49af5e4cf22f:c1806]
2019-09-08 07:07:26,547 [grpc-default-executor-0] INFO  client.GrpcClientProtocolClient (GrpcClientProtocolClient.java:onNext(264)) - client-119D756B1005->4234af2c-5377-4886-a4e8-6fe45d0af45e: receive RaftClientReply:client-119D756B1005->4234af2c-5377-4886-a4e8-6fe45d0af45e@group-A1165329A1F1, cid=1302, SUCCESS, logIndex=1813, commits[4234af2c-5377-4886-a4e8-6fe45d0af45e:c1814, cef72988-acf5-49ad-9ec7-695a80e7a66d:c1812, d677508c-6db9-4741-b51c-49af5e4cf22f:c1812]
2019-09-08 07:07:26,548 [grpc-default-executor-0] INFO  client.GrpcClientProtocolClient (GrpcClientProtocolClient.java:onNext(264)) - client-119D756B1005->4234af2c-5377-4886-a4e8-6fe45d0af45e: receive RaftClientReply:client-119D756B1005->4234af2c-5377-4886-a4e8-6fe45d0af45e@group-A1165329A1F1, cid=1303, SUCCESS, logIndex=1814, commits[4234af2c-5377-4886-a4e8-6fe45d0af45e:c1814, cef72988-acf5-49ad-9ec7-695a80e7a66d:c1812, d677508c-6db9-4741-b51c-49af5e4cf22f:c1812]
2019-09-08 07:07:26,560 [grpc-default-executor-4] INFO  client.GrpcClientProtocolClient (GrpcClientProtocolClient.java:onNext(264)) - client-119D756B1005->4234af2c-5377-4886-a4e8-6fe45d0af45e: receive RaftClientReply:client-119D756B1005->4234af2c-5377-4886-a4e8-6fe45d0af45e@group-A1165329A1F1, cid=1304, SUCCESS, logIndex=1817, commits[4234af2c-5377-4886-a4e8-6fe45d0af45e:c1817, cef72988-acf5-49ad-9ec7-695a80e7a66d:c1814, d677508c-6db9-4741-b51c-49af5e4cf22f:c1814]
2019-09-08 07:07:26,561 [grpc-default-executor-4] INFO  client.GrpcClientProtocolClient (GrpcClientProtocolClient.java:onNext(264)) - client-119D756B1005->4234af2c-5377-4886-a4e8-6fe45d0af45e: receive RaftClientReply:client-119D756B1005->4234af2c-5377-4886-a4e8-6fe45d0af45e@group-A1165329A1F1, cid=1305, SUCCESS, logIndex=1818, commits[4234af2c-5377-4886-a4e8-6fe45d0af45e:c1818, cef72988-acf5-49ad-9ec7-695a80e7a66d:c1814, d677508c-6db9-4741-b51c-49af5e4cf22f:c1814]
2019-09-08 07:07:26,574 [grpc-default-executor-4] INFO  client.GrpcClientProtocolClient (GrpcClientProtocolClient.java:onNext(264)) - client-119D756B1005->4234af2c-5377-4886-a4e8-6fe45d0af45e: receive RaftClientReply:client-119D756B1005->4234af2c-5377-4886-a4e8-6fe45d0af45e@group-A1165329A1F1, cid=1306, SUCCESS, logIndex=0, commits[4234af2c-5377-4886-a4e8-6fe45d0af45e:c1820, cef72988-acf5-49ad-9ec7-695a80e7a66d:c1818, d677508c-6db9-4741-b51c-49af5e4cf22f:c1818]
2019-09-08 07:07:26,600 [grpc-default-executor-0] INFO  client.GrpcClientProtocolClient (GrpcClientProtocolClient.java:onNext(264)) - client-119D756B1005->4234af2c-5377-4886-a4e8-6fe45d0af45e: receive RaftClientReply:client-119D756B1005->4234af2c-5377-4886-a4e8-6fe45d0af45e@group-A1165329A1F1, cid=1307, SUCCESS, logIndex=1821, commits[4234af2c-5377-4886-a4e8-6fe45d0af45e:c1822, cef72988-acf5-49ad-9ec7-695a80e7a66d:c1820, d677508c-6db9-4741-b51c-49af5e4cf22f:c1820]
2019-09-08 07:07:26,601 [grpc-default-executor-0] INFO  client.GrpcClientProtocolClient (GrpcClientProtocolClient.java:onNext(264)) - client-119D756B1005->4234af2c-5377-4886-a4e8-6fe45d0af45e: receive RaftClientReply:client-119D756B1005->4234af2c-5377-4886-a4e8-6fe45d0af45e@group-A1165329A1F1, cid=1308, SUCCESS, logIndex=1822, commits[4234af2c-5377-4886-a4e8-6fe45d0af45e:c1824, cef72988-acf5-49ad-9ec7-695a80e7a66d:c1820, d677508c-6db9-4741-b51c-49af5e4cf22f:c1820]
2019-09-08 07:07:26,601 [grpc-default-executor-0] INFO  client.GrpcClientProtocolClient (GrpcClientProtocolClient.java:onNext(264)) - client-119D756B1005->4234af2c-5377-4886-a4e8-6fe45d0af45e: receive RaftClientReply:client-119D756B1005->4234af2c-5377-4886-a4e8-6fe45d0af45e@group-A1165329A1F1, cid=1309, SUCCESS, logIndex=1823, commits[4234af2c-5377-4886-a4e8-6fe45d0af45e:c1824, cef72988-acf5-49ad-9ec7-695a80e7a66d:c1820, d677508c-6db9-4741-b51c-49af5e4cf22f:c1820]
2019-09-08 07:07:26,601 [grpc-default-executor-0] INFO  client.GrpcClientProtocolClient (GrpcClientProtocolClient.java:onNext(264)) - client-119D756B1005->4234af2c-5377-4886-a4e8-6fe45d0af45e: receive RaftClientReply:client-119D756B1005->4234af2c-5377-4886-a4e8-6fe45d0af45e@group-A1165329A1F1, cid=1310, SUCCESS, logIndex=1824, commits[4234af2c-5377-4886-a4e8-6fe45d0af45e:c1824, cef72988-acf5-49ad-9ec7-695a80e7a66d:c1820, d677508c-6db9-4741-b51c-49af5e4cf22f:c1820]
2019-09-08 07:07:26,603 [grpc-default-executor-0] INFO  client.GrpcClientProtocolClient (GrpcClientProtocolClient.java:onNext(264)) - client-119D756B1005->4234af2c-5377-4886-a4e8-6fe45d0af45e: receive RaftClientReply:client-119D756B1005->4234af2c-5377-4886-a4e8-6fe45d0af45e@group-A1165329A1F1, cid=1311, SUCCESS, logIndex=0, commits[4234af2c-5377-4886-a4e8-6fe45d0af45e:c1828, cef72988-acf5-49ad-9ec7-695a80e7a66d:c1822, d677508c-6db9-4741-b51c-49af5e4cf22f:c1824]
2019-09-08 07:07:26,620 [grpc-default-executor-0] INFO  client.GrpcClientProtocolClient (GrpcClientProtocolClient.java:onNext(264)) - client-119D756B1005->4234af2c-5377-4886-a4e8-6fe45d0af45e: receive RaftClientReply:client-119D756B1005->4234af2c-5377-4886-a4e8-6fe45d0af45e@group-A1165329A1F1, cid=1312, SUCCESS, logIndex=1829, commits[4234af2c-5377-4886-a4e8-6fe45d0af45e:c1830, cef72988-acf5-49ad-9ec7-695a80e7a66d:c1828, d677508c-6db9-4741-b51c-49af5e4cf22f:c1828]
2019-09-08 07:07:26,620 [grpc-default-executor-0] INFO  client.GrpcClientProtocolClient (GrpcClientProtocolClient.java:onNext(264)) - client-119D756B1005->4234af2c-5377-4886-a4e8-6fe45d0af45e: receive RaftClientReply:client-119D756B1005->4234af2c-5377-4886-a4e8-6fe45d0af45e@group-A1165329A1F1, cid=1313, SUCCESS, logIndex=1830, commits[4234af2c-5377-4886-a4e8-6fe45d0af45e:c1830, cef72988-acf5-49ad-9ec7-695a80e7a66d:c1828, d677508c-6db9-4741-b51c-49af5e4cf22f:c1828]
2019-09-08 07:07:26,632 [grpc-default-executor-3] INFO  client.GrpcClientProtocolClient (GrpcClientProtocolClient.java:onNext(264)) - client-119D756B1005->4234af2c-5377-4886-a4e8-6fe45d0af45e: receive RaftClientReply:client-119D756B1005->4234af2c-5377-4886-a4e8-6fe45d0af45e@group-A1165329A1F1, cid=1314, SUCCESS, logIndex=1833, commits[4234af2c-5377-4886-a4e8-6fe45d0af45e:c1834, cef72988-acf5-49ad-9ec7-695a80e7a66d:c1832, d677508c-6db9-4741-b51c-49af5e4cf22f:c1832]
2019-09-08 07:07:26,633 [grpc-default-executor-3] INFO  client.GrpcClientProtocolClient (GrpcClientProtocolClient.java:onNext(264)) - client-119D756B1005->4234af2c-5377-4886-a4e8-6fe45d0af45e: receive RaftClientReply:client-119D756B1005->4234af2c-5377-4886-a4e8-6fe45d0af45e@group-A1165329A1F1, cid=1315, SUCCESS, logIndex=1834, commits[4234af2c-5377-4886-a4e8-6fe45d0af45e:c1834, cef72988-acf5-49ad-9ec7-695a80e7a66d:c1832, d677508c-6db9-4741-b51c-49af5e4cf22f:c1832]
2019-09-08 07:07:26,636 [grpc-default-executor-3] INFO  client.GrpcClientProtocolClient (GrpcClientProtocolClient.java:onNext(264)) - client-119D756B1005->4234af2c-5377-4886-a4e8-6fe45d0af45e: receive RaftClientReply:client-119D756B1005->4234af2c-5377-4886-a4e8-6fe45d0af45e@group-A1165329A1F1, cid=1316, SUCCESS, logIndex=0, commits[4234af2c-5377-4886-a4e8-6fe45d0af45e:c1836, cef72988-acf5-49ad-9ec7-695a80e7a66d:c1834, d677508c-6db9-4741-b51c-49af5e4cf22f:c1834]
2019-09-08 07:07:26,660 [grpc-default-executor-4] INFO  client.GrpcClientProtocolClient (GrpcClientProtocolClient.java:onNext(264)) - client-119D756B1005->4234af2c-5377-4886-a4e8-6fe45d0af45e: receive RaftClientReply:client-119D756B1005->4234af2c-5377-4886-a4e8-6fe45d0af45e@group-A1165329A1F1, cid=1317, SUCCESS, logIndex=1837, commits[4234af2c-5377-4886-a4e8-6fe45d0af45e:c1839, cef72988-acf5-49ad-9ec7-695a80e7a66d:c1836, d677508c-6db9-4741-b51c-49af5e4cf22f:c1836]
2019-09-08 07:07:26,660 [grpc-default-executor-4] INFO  client.GrpcClientProtocolClient (GrpcClientProtocolClient.java:onNext(264)) - client-119D756B1005->4234af2c-5377-4886-a4e8-6fe45d0af45e: receive RaftClientReply:client-119D756B1005->4234af2c-5377-4886-a4e8-6fe45d0af45e@group-A1165329A1F1, cid=1318, SUCCESS, logIndex=1838, commits[4234af2c-5377-4886-a4e8-6fe45d0af45e:c1840, cef72988-acf5-49ad-9ec7-695a80e7a66d:c1836, d677508c-6db9-4741-b51c-49af5e4cf22f:c1836]
2019-09-08 07:07:26,660 [grpc-default-executor-4] INFO  client.GrpcClientProtocolClient (GrpcClientProtocolClient.java:onNext(264)) - client-119D756B1005->4234af2c-5377-4886-a4e8-6fe45d0af45e: receive RaftClientReply:client-119D756B1005->4234af2c-5377-4886-a4e8-6fe45d0af45e@group-A1165329A1F1, cid=1319, SUCCESS, logIndex=1839, commits[4234af2c-5377-4886-a4e8-6fe45d0af45e:c1840, cef72988-acf5-49ad-9ec7-695a80e7a66d:c1836, d677508c-6db9-4741-b51c-49af5e4cf22f:c1836]
2019-09-08 07:07:26,661 [grpc-default-executor-4] INFO  client.GrpcClientProtocolClient (GrpcClientProtocolClient.java:onNext(264)) - client-119D756B1005->4234af2c-5377-4886-a4e8-6fe45d0af45e: receive RaftClientReply:client-119D756B1005->4234af2c-5377-4886-a4e8-6fe45d0af45e@group-A1165329A1F1, cid=1320, SUCCESS, logIndex=1840, commits[4234af2c-5377-4886-a4e8-6fe45d0af45e:c1840, cef72988-acf5-49ad-9ec7-695a80e7a66d:c1836, d677508c-6db9-4741-b51c-49af5e4cf22f:c1836]
2019-09-08 07:07:26,664 [grpc-default-executor-4] INFO  client.GrpcClientProtocolClient (GrpcClientProtocolClient.java:onNext(264)) - client-119D756B1005->4234af2c-5377-4886-a4e8-6fe45d0af45e: receive RaftClientReply:client-119D756B1005->4234af2c-5377-4886-a4e8-6fe45d0af45e@group-A1165329A1F1, cid=1321, SUCCESS, logIndex=0, commits[4234af2c-5377-4886-a4e8-6fe45d0af45e:c1844, cef72988-acf5-49ad-9ec7-695a80e7a66d:c1840, d677508c-6db9-4741-b51c-49af5e4cf22f:c1839]
2019-09-08 07:07:26,675 [grpc-default-executor-4] INFO  client.GrpcClientProtocolClient (GrpcClientProtocolClient.java:onNext(264)) - client-119D756B1005->4234af2c-5377-4886-a4e8-6fe45d0af45e: receive RaftClientReply:client-119D756B1005->4234af2c-5377-4886-a4e8-6fe45d0af45e@group-A1165329A1F1, cid=1322, SUCCESS, logIndex=1845, commits[4234af2c-5377-4886-a4e8-6fe45d0af45e:c1846, cef72988-acf5-49ad-9ec7-695a80e7a66d:c1844, d677508c-6db9-4741-b51c-49af5e4cf22f:c1844]
2019-09-08 07:07:26,675 [grpc-default-executor-4] INFO  client.GrpcClientProtocolClient (GrpcClientProtocolClient.java:onNext(264)) - client-119D756B1005->4234af2c-5377-4886-a4e8-6fe45d0af45e: receive RaftClientReply:client-119D756B1005->4234af2c-5377-4886-a4e8-6fe45d0af45e@group-A1165329A1F1, cid=1323, SUCCESS, logIndex=1846, commits[4234af2c-5377-4886-a4e8-6fe45d0af45e:c1846, cef72988-acf5-49ad-9ec7-695a80e7a66d:c1844, d677508c-6db9-4741-b51c-49af5e4cf22f:c1844]
2019-09-08 07:07:26,685 [grpc-default-executor-0] INFO  client.GrpcClientProtocolClient (GrpcClientProtocolClient.java:onNext(264)) - client-119D756B1005->4234af2c-5377-4886-a4e8-6fe45d0af45e: receive RaftClientReply:client-119D756B1005->4234af2c-5377-4886-a4e8-6fe45d0af45e@group-A1165329A1F1, cid=1324, SUCCESS, logIndex=1849, commits[4234af2c-5377-4886-a4e8-6fe45d0af45e:c1850, cef72988-acf5-49ad-9ec7-695a80e7a66d:c1846, d677508c-6db9-4741-b51c-49af5e4cf22f:c1848]
2019-09-08 07:07:26,685 [grpc-default-executor-0] INFO  client.GrpcClientProtocolClient (GrpcClientProtocolClient.java:onNext(264)) - client-119D756B1005->4234af2c-5377-4886-a4e8-6fe45d0af45e: receive RaftClientReply:client-119D756B1005->4234af2c-5377-4886-a4e8-6fe45d0af45e@group-A1165329A1F1, cid=1325, SUCCESS, logIndex=1850, commits[4234af2c-5377-4886-a4e8-6fe45d0af45e:c1850, cef72988-acf5-49ad-9ec7-695a80e7a66d:c1848, d677508c-6db9-4741-b51c-49af5e4cf22f:c1848]
2019-09-08 07:07:26,689 [grpc-default-executor-0] INFO  client.GrpcClientProtocolClient (GrpcClientProtocolClient.java:onNext(264)) - client-119D756B1005->4234af2c-5377-4886-a4e8-6fe45d0af45e: receive RaftClientReply:client-119D756B1005->4234af2c-5377-4886-a4e8-6fe45d0af45e@group-A1165329A1F1, cid=1326, SUCCESS, logIndex=0, commits[4234af2c-5377-4886-a4e8-6fe45d0af45e:c1852, cef72988-acf5-49ad-9ec7-695a80e7a66d:c1850, d677508c-6db9-4741-b51c-49af5e4cf22f:c1850]
2019-09-08 07:07:26,725 [grpc-default-executor-6] INFO  client.GrpcClientProtocolClient (GrpcClientProtocolClient.java:onNext(264)) - client-119D756B1005->4234af2c-5377-4886-a4e8-6fe45d0af45e: receive RaftClientReply:client-119D756B1005->4234af2c-5377-4886-a4e8-6fe45d0af45e@group-A1165329A1F1, cid=1327, SUCCESS, logIndex=1853, commits[4234af2c-5377-4886-a4e8-6fe45d0af45e:c1856, cef72988-acf5-49ad-9ec7-695a80e7a66d:c1852, d677508c-6db9-4741-b51c-49af5e4cf22f:c1852]
2019-09-08 07:07:26,725 [grpc-default-executor-6] INFO  client.GrpcClientProtocolClient (GrpcClientProtocolClient.java:onNext(264)) - client-119D756B1005->4234af2c-5377-4886-a4e8-6fe45d0af45e: receive RaftClientReply:client-119D756B1005->4234af2c-5377-4886-a4e8-6fe45d0af45e@group-A1165329A1F1, cid=1328, SUCCESS, logIndex=1854, commits[4234af2c-5377-4886-a4e8-6fe45d0af45e:c1856, cef72988-acf5-49ad-9ec7-695a80e7a66d:c1852, d677508c-6db9-4741-b51c-49af5e4cf22f:c1852]
2019-09-08 07:07:26,726 [grpc-default-executor-6] INFO  client.GrpcClientProtocolClient (GrpcClientProtocolClient.java:onNext(264)) - client-119D756B1005->4234af2c-5377-4886-a4e8-6fe45d0af45e: receive RaftClientReply:client-119D756B1005->4234af2c-5377-4886-a4e8-6fe45d0af45e@group-A1165329A1F1, cid=1329, SUCCESS, logIndex=1855, commits[4234af2c-5377-4886-a4e8-6fe45d0af45e:c1856, cef72988-acf5-49ad-9ec7-695a80e7a66d:c1852, d677508c-6db9-4741-b51c-49af5e4cf22f:c1852]
2019-09-08 07:07:26,726 [grpc-default-executor-6] INFO  client.GrpcClientProtocolClient (GrpcClientProtocolClient.java:onNext(264)) - client-119D756B1005->4234af2c-5377-4886-a4e8-6fe45d0af45e: receive RaftClientReply:client-119D756B1005->4234af2c-5377-4886-a4e8-6fe45d0af45e@group-A1165329A1F1, cid=1330, SUCCESS, logIndex=1856, commits[4234af2c-5377-4886-a4e8-6fe45d0af45e:c1856, cef72988-acf5-49ad-9ec7-695a80e7a66d:c1852, d677508c-6db9-4741-b51c-49af5e4cf22f:c1852]
2019-09-08 07:07:26,732 [grpc-default-executor-6] INFO  client.GrpcClientProtocolClient (GrpcClientProtocolClient.java:onNext(264)) - client-119D756B1005->4234af2c-5377-4886-a4e8-6fe45d0af45e: receive RaftClientReply:client-119D756B1005->4234af2c-5377-4886-a4e8-6fe45d0af45e@group-A1165329A1F1, cid=1331, SUCCESS, logIndex=0, commits[4234af2c-5377-4886-a4e8-6fe45d0af45e:c1857, cef72988-acf5-49ad-9ec7-695a80e7a66d:c1856, d677508c-6db9-4741-b51c-49af5e4cf22f:c1856]
2019-09-08 07:07:26,753 [grpc-default-executor-0] INFO  client.GrpcClientProtocolClient (GrpcClientProtocolClient.java:onNext(264)) - client-119D756B1005->4234af2c-5377-4886-a4e8-6fe45d0af45e: receive RaftClientReply:client-119D756B1005->4234af2c-5377-4886-a4e8-6fe45d0af45e@group-A1165329A1F1, cid=1332, SUCCESS, logIndex=1859, commits[4234af2c-5377-4886-a4e8-6fe45d0af45e:c1860, cef72988-acf5-49ad-9ec7-695a80e7a66d:c1858, d677508c-6db9-4741-b51c-49af5e4cf22f:c1858]
2019-09-08 07:07:26,754 [grpc-default-executor-0] INFO  client.GrpcClientProtocolClient (GrpcClientProtocolClient.java:onNext(264)) - client-119D756B1005->4234af2c-5377-4886-a4e8-6fe45d0af45e: receive RaftClientReply:client-119D756B1005->4234af2c-5377-4886-a4e8-6fe45d0af45e@group-A1165329A1F1, cid=1333, SUCCESS, logIndex=1860, commits[4234af2c-5377-4886-a4e8-6fe45d0af45e:c1860, cef72988-acf5-49ad-9ec7-695a80e7a66d:c1858, d677508c-6db9-4741-b51c-49af5e4cf22f:c1858]
2019-09-08 07:07:26,767 [grpc-default-executor-6] INFO  client.GrpcClientProtocolClient (GrpcClientProtocolClient.java:onNext(264)) - client-119D756B1005->4234af2c-5377-4886-a4e8-6fe45d0af45e: receive RaftClientReply:client-119D756B1005->4234af2c-5377-4886-a4e8-6fe45d0af45e@group-A1165329A1F1, cid=1334, SUCCESS, logIndex=1863, commits[4234af2c-5377-4886-a4e8-6fe45d0af45e:c1864, cef72988-acf5-49ad-9ec7-695a80e7a66d:c1860, d677508c-6db9-4741-b51c-49af5e4cf22f:c1860]
2019-09-08 07:07:26,767 [grpc-default-executor-6] INFO  client.GrpcClientProtocolClient (GrpcClientProtocolClient.java:onNext(264)) - client-119D756B1005->4234af2c-5377-4886-a4e8-6fe45d0af45e: receive RaftClientReply:client-119D756B1005->4234af2c-5377-4886-a4e8-6fe45d0af45e@group-A1165329A1F1, cid=1335, SUCCESS, logIndex=1864, commits[4234af2c-5377-4886-a4e8-6fe45d0af45e:c1864, cef72988-acf5-49ad-9ec7-695a80e7a66d:c1860, d677508c-6db9-4741-b51c-49af5e4cf22f:c1860]
2019-09-08 07:07:26,769 [grpc-default-executor-6] INFO  client.GrpcClientProtocolClient (GrpcClientProtocolClient.java:onNext(264)) - client-119D756B1005->4234af2c-5377-4886-a4e8-6fe45d0af45e: receive RaftClientReply:client-119D756B1005->4234af2c-5377-4886-a4e8-6fe45d0af45e@group-A1165329A1F1, cid=1336, SUCCESS, logIndex=0, commits[4234af2c-5377-4886-a4e8-6fe45d0af45e:c1865, cef72988-acf5-49ad-9ec7-695a80e7a66d:c1864, d677508c-6db9-4741-b51c-49af5e4cf22f:c1864]
2019-09-08 07:07:26,800 [grpc-default-executor-4] INFO  client.GrpcClientProtocolClient (GrpcClientProtocolClient.java:onNext(264)) - client-119D756B1005->4234af2c-5377-4886-a4e8-6fe45d0af45e: receive RaftClientReply:client-119D756B1005->4234af2c-5377-4886-a4e8-6fe45d0af45e@group-A1165329A1F1, cid=1337, SUCCESS, logIndex=1867, commits[4234af2c-5377-4886-a4e8-6fe45d0af45e:c1868, cef72988-acf5-49ad-9ec7-695a80e7a66d:c1866, d677508c-6db9-4741-b51c-49af5e4cf22f:c1866]
2019-09-08 07:07:26,801 [grpc-default-executor-4] INFO  client.GrpcClientProtocolClient (GrpcClientProtocolClient.java:onNext(264)) - client-119D756B1005->4234af2c-5377-4886-a4e8-6fe45d0af45e: receive RaftClientReply:client-119D756B1005->4234af2c-5377-4886-a4e8-6fe45d0af45e@group-A1165329A1F1, cid=1338, SUCCESS, logIndex=1868, commits[4234af2c-5377-4886-a4e8-6fe45d0af45e:c1870, cef72988-acf5-49ad-9ec7-695a80e7a66d:c1866, d677508c-6db9-4741-b51c-49af5e4cf22f:c1866]
2019-09-08 07:07:26,801 [grpc-default-executor-4] INFO  client.GrpcClientProtocolClient (GrpcClientProtocolClient.java:onNext(264)) - client-119D756B1005->4234af2c-5377-4886-a4e8-6fe45d0af45e: receive RaftClientReply:client-119D756B1005->4234af2c-5377-4886-a4e8-6fe45d0af45e@group-A1165329A1F1, cid=1339, SUCCESS, logIndex=1869, commits[4234af2c-5377-4886-a4e8-6fe45d0af45e:c1870, cef72988-acf5-49ad-9ec7-695a80e7a66d:c1866, d677508c-6db9-4741-b51c-49af5e4cf22f:c1866]
2019-09-08 07:07:26,802 [grpc-default-executor-4] INFO  client.GrpcClientProtocolClient (GrpcClientProtocolClient.java:onNext(264)) - client-119D756B1005->4234af2c-5377-4886-a4e8-6fe45d0af45e: receive RaftClientReply:client-119D756B1005->4234af2c-5377-4886-a4e8-6fe45d0af45e@group-A1165329A1F1, cid=1340, SUCCESS, logIndex=1870, commits[4234af2c-5377-4886-a4e8-6fe45d0af45e:c1870, cef72988-acf5-49ad-9ec7-695a80e7a66d:c1866, d677508c-6db9-4741-b51c-49af5e4cf22f:c1866]
2019-09-08 07:07:26,804 [grpc-default-executor-4] INFO  client.GrpcClientProtocolClient (GrpcClientProtocolClient.java:onNext(264)) - client-119D756B1005->4234af2c-5377-4886-a4e8-6fe45d0af45e: receive RaftClientReply:client-119D756B1005->4234af2c-5377-4886-a4e8-6fe45d0af45e@group-A1165329A1F1, cid=1341, SUCCESS, logIndex=0, commits[4234af2c-5377-4886-a4e8-6fe45d0af45e:c1873, cef72988-acf5-49ad-9ec7-695a80e7a66d:c1868, d677508c-6db9-4741-b51c-49af5e4cf22f:c1870]
2019-09-08 07:07:26,825 [grpc-default-executor-4] INFO  client.GrpcClientProtocolClient (GrpcClientProtocolClient.java:onNext(264)) - client-119D756B1005->4234af2c-5377-4886-a4e8-6fe45d0af45e: receive RaftClientReply:client-119D756B1005->4234af2c-5377-4886-a4e8-6fe45d0af45e@group-A1165329A1F1, cid=1342, SUCCESS, logIndex=1874, commits[4234af2c-5377-4886-a4e8-6fe45d0af45e:c1874, cef72988-acf5-49ad-9ec7-695a80e7a66d:c1873, d677508c-6db9-4741-b51c-49af5e4cf22f:c1873]
2019-09-08 07:07:26,825 [grpc-default-executor-4] INFO  client.GrpcClientProtocolClient (GrpcClientProtocolClient.java:onNext(264)) - client-119D756B1005->4234af2c-5377-4886-a4e8-6fe45d0af45e: receive RaftClientReply:client-119D756B1005->4234af2c-5377-4886-a4e8-6fe45d0af45e@group-A1165329A1F1, cid=1343, SUCCESS, logIndex=1875, commits[4234af2c-5377-4886-a4e8-6fe45d0af45e:c1875, cef72988-acf5-49ad-9ec7-695a80e7a66d:c1873, d677508c-6db9-4741-b51c-49af5e4cf22f:c1873]
2019-09-08 07:07:26,857 [grpc-default-executor-6] INFO  client.GrpcClientProtocolClient (GrpcClientProtocolClient.java:onNext(264)) - client-119D756B1005->4234af2c-5377-4886-a4e8-6fe45d0af45e: receive RaftClientReply:client-119D756B1005->4234af2c-5377-4886-a4e8-6fe45d0af45e@group-A1165329A1F1, cid=1344, SUCCESS, logIndex=1878, commits[4234af2c-5377-4886-a4e8-6fe45d0af45e:c1879, cef72988-acf5-49ad-9ec7-695a80e7a66d:c1875, d677508c-6db9-4741-b51c-49af5e4cf22f:c1875]
2019-09-08 07:07:26,858 [grpc-default-executor-6] INFO  client.GrpcClientProtocolClient (GrpcClientProtocolClient.java:onNext(264)) - client-119D756B1005->4234af2c-5377-4886-a4e8-6fe45d0af45e: receive RaftClientReply:client-119D756B1005->4234af2c-5377-4886-a4e8-6fe45d0af45e@group-A1165329A1F1, cid=1345, SUCCESS, logIndex=1879, commits[4234af2c-5377-4886-a4e8-6fe45d0af45e:c1879, cef72988-acf5-49ad-9ec7-695a80e7a66d:c1875, d677508c-6db9-4741-b51c-49af5e4cf22f:c1875]
2019-09-08 07:07:26,860 [grpc-default-executor-6] INFO  client.GrpcClientProtocolClient (GrpcClientProtocolClient.java:onNext(264)) - client-119D756B1005->4234af2c-5377-4886-a4e8-6fe45d0af45e: receive RaftClientReply:client-119D756B1005->4234af2c-5377-4886-a4e8-6fe45d0af45e@group-A1165329A1F1, cid=1346, SUCCESS, logIndex=0, commits[4234af2c-5377-4886-a4e8-6fe45d0af45e:c1881, cef72988-acf5-49ad-9ec7-695a80e7a66d:c1879, d677508c-6db9-4741-b51c-49af5e4cf22f:c1879]
2019-09-08 07:07:26,892 [grpc-default-executor-6] INFO  client.GrpcClientProtocolClient (GrpcClientProtocolClient.java:onNext(264)) - client-119D756B1005->4234af2c-5377-4886-a4e8-6fe45d0af45e: receive RaftClientReply:client-119D756B1005->4234af2c-5377-4886-a4e8-6fe45d0af45e@group-A1165329A1F1, cid=1347, SUCCESS, logIndex=1882, commits[4234af2c-5377-4886-a4e8-6fe45d0af45e:c1883, cef72988-acf5-49ad-9ec7-695a80e7a66d:c1881, d677508c-6db9-4741-b51c-49af5e4cf22f:c1881]
2019-09-08 07:07:26,893 [grpc-default-executor-4] INFO  client.GrpcClientProtocolClient (GrpcClientProtocolClient.java:onNext(264)) - client-119D756B1005->4234af2c-5377-4886-a4e8-6fe45d0af45e: receive RaftClientReply:client-119D756B1005->4234af2c-5377-4886-a4e8-6fe45d0af45e@group-A1165329A1F1, cid=1348, SUCCESS, logIndex=1883, commits[4234af2c-5377-4886-a4e8-6fe45d0af45e:c1883, cef72988-acf5-49ad-9ec7-695a80e7a66d:c1881, d677508c-6db9-4741-b51c-49af5e4cf22f:c1881]
2019-09-08 07:07:26,893 [grpc-default-executor-4] INFO  client.GrpcClientProtocolClient (GrpcClientProtocolClient.java:onNext(264)) - client-119D756B1005->4234af2c-5377-4886-a4e8-6fe45d0af45e: receive RaftClientReply:client-119D756B1005->4234af2c-5377-4886-a4e8-6fe45d0af45e@group-A1165329A1F1, cid=1349, SUCCESS, logIndex=1884, commits[4234af2c-5377-4886-a4e8-6fe45d0af45e:c1885, cef72988-acf5-49ad-9ec7-695a80e7a66d:c1881, d677508c-6db9-4741-b51c-49af5e4cf22f:c1881]
2019-09-08 07:07:26,894 [grpc-default-executor-4] INFO  client.GrpcClientProtocolClient (GrpcClientProtocolClient.java:onNext(264)) - client-119D756B1005->4234af2c-5377-4886-a4e8-6fe45d0af45e: receive RaftClientReply:client-119D756B1005->4234af2c-5377-4886-a4e8-6fe45d0af45e@group-A1165329A1F1, cid=1350, SUCCESS, logIndex=1885, commits[4234af2c-5377-4886-a4e8-6fe45d0af45e:c1885, cef72988-acf5-49ad-9ec7-695a80e7a66d:c1881, d677508c-6db9-4741-b51c-49af5e4cf22f:c1881]
2019-09-08 07:07:26,895 [grpc-default-executor-6] INFO  client.GrpcClientProtocolClient (GrpcClientProtocolClient.java:onNext(264)) - client-119D756B1005->4234af2c-5377-4886-a4e8-6fe45d0af45e: receive RaftClientReply:client-119D756B1005->4234af2c-5377-4886-a4e8-6fe45d0af45e@group-A1165329A1F1, cid=1351, SUCCESS, logIndex=0, commits[4234af2c-5377-4886-a4e8-6fe45d0af45e:c1889, cef72988-acf5-49ad-9ec7-695a80e7a66d:c1885, d677508c-6db9-4741-b51c-49af5e4cf22f:c1885]
2019-09-08 07:07:27,079 [grpc-default-executor-0] INFO  client.GrpcClientProtocolClient (GrpcClientProtocolClient.java:onNext(264)) - client-119D756B1005->4234af2c-5377-4886-a4e8-6fe45d0af45e: receive RaftClientReply:client-119D756B1005->4234af2c-5377-4886-a4e8-6fe45d0af45e@group-A1165329A1F1, cid=1352, SUCCESS, logIndex=1890, commits[4234af2c-5377-4886-a4e8-6fe45d0af45e:c1891, cef72988-acf5-49ad-9ec7-695a80e7a66d:c1889, d677508c-6db9-4741-b51c-49af5e4cf22f:c1889]
2019-09-08 07:07:27,079 [grpc-default-executor-0] INFO  client.GrpcClientProtocolClient (GrpcClientProtocolClient.java:onNext(264)) - client-119D756B1005->4234af2c-5377-4886-a4e8-6fe45d0af45e: receive RaftClientReply:client-119D756B1005->4234af2c-5377-4886-a4e8-6fe45d0af45e@group-A1165329A1F1, cid=1353, SUCCESS, logIndex=1891, commits[4234af2c-5377-4886-a4e8-6fe45d0af45e:c1891, cef72988-acf5-49ad-9ec7-695a80e7a66d:c1889, d677508c-6db9-4741-b51c-49af5e4cf22f:c1889]
2019-09-08 07:07:27,093 [grpc-default-executor-0] INFO  client.GrpcClientProtocolClient (GrpcClientProtocolClient.java:onNext(264)) - client-119D756B1005->4234af2c-5377-4886-a4e8-6fe45d0af45e: receive RaftClientReply:client-119D756B1005->4234af2c-5377-4886-a4e8-6fe45d0af45e@group-A1165329A1F1, cid=1354, SUCCESS, logIndex=1894, commits[4234af2c-5377-4886-a4e8-6fe45d0af45e:c1895, cef72988-acf5-49ad-9ec7-695a80e7a66d:c1891, d677508c-6db9-4741-b51c-49af5e4cf22f:c1891]
2019-09-08 07:07:27,093 [grpc-default-executor-0] INFO  client.GrpcClientProtocolClient (GrpcClientProtocolClient.java:onNext(264)) - client-119D756B1005->4234af2c-5377-4886-a4e8-6fe45d0af45e: receive RaftClientReply:client-119D756B1005->4234af2c-5377-4886-a4e8-6fe45d0af45e@group-A1165329A1F1, cid=1355, SUCCESS, logIndex=1895, commits[4234af2c-5377-4886-a4e8-6fe45d0af45e:c1895, cef72988-acf5-49ad-9ec7-695a80e7a66d:c1891, d677508c-6db9-4741-b51c-49af5e4cf22f:c1891]
2019-09-08 07:07:27,095 [grpc-default-executor-0] INFO  client.GrpcClientProtocolClient (GrpcClientProtocolClient.java:onNext(264)) - client-119D756B1005->4234af2c-5377-4886-a4e8-6fe45d0af45e: receive RaftClientReply:client-119D756B1005->4234af2c-5377-4886-a4e8-6fe45d0af45e@group-A1165329A1F1, cid=1356, SUCCESS, logIndex=0, commits[4234af2c-5377-4886-a4e8-6fe45d0af45e:c1896, cef72988-acf5-49ad-9ec7-695a80e7a66d:c1895, d677508c-6db9-4741-b51c-49af5e4cf22f:c1895]
2019-09-08 07:07:27,124 [grpc-default-executor-6] INFO  client.GrpcClientProtocolClient (GrpcClientProtocolClient.java:onNext(264)) - client-119D756B1005->4234af2c-5377-4886-a4e8-6fe45d0af45e: receive RaftClientReply:client-119D756B1005->4234af2c-5377-4886-a4e8-6fe45d0af45e@group-A1165329A1F1, cid=1357, SUCCESS, logIndex=1898, commits[4234af2c-5377-4886-a4e8-6fe45d0af45e:c1899, cef72988-acf5-49ad-9ec7-695a80e7a66d:c1897, d677508c-6db9-4741-b51c-49af5e4cf22f:c1897]
2019-09-08 07:07:27,124 [grpc-default-executor-6] INFO  client.GrpcClientProtocolClient (GrpcClientProtocolClient.java:onNext(264)) - client-119D756B1005->4234af2c-5377-4886-a4e8-6fe45d0af45e: receive RaftClientReply:client-119D756B1005->4234af2c-5377-4886-a4e8-6fe45d0af45e@group-A1165329A1F1, cid=1358, SUCCESS, logIndex=1899, commits[4234af2c-5377-4886-a4e8-6fe45d0af45e:c1899, cef72988-acf5-49ad-9ec7-695a80e7a66d:c1897, d677508c-6db9-4741-b51c-49af5e4cf22f:c1897]
2019-09-08 07:07:27,125 [grpc-default-executor-6] INFO  client.GrpcClientProtocolClient (GrpcClientProtocolClient.java:onNext(264)) - client-119D756B1005->4234af2c-5377-4886-a4e8-6fe45d0af45e: receive RaftClientReply:client-119D756B1005->4234af2c-5377-4886-a4e8-6fe45d0af45e@group-A1165329A1F1, cid=1359, SUCCESS, logIndex=1900, commits[4234af2c-5377-4886-a4e8-6fe45d0af45e:c1901, cef72988-acf5-49ad-9ec7-695a80e7a66d:c1897, d677508c-6db9-4741-b51c-49af5e4cf22f:c1897]
2019-09-08 07:07:27,125 [grpc-default-executor-6] INFO  client.GrpcClientProtocolClient (GrpcClientProtocolClient.java:onNext(264)) - client-119D756B1005->4234af2c-5377-4886-a4e8-6fe45d0af45e: receive RaftClientReply:client-119D756B1005->4234af2c-5377-4886-a4e8-6fe45d0af45e@group-A1165329A1F1, cid=1360, SUCCESS, logIndex=1901, commits[4234af2c-5377-4886-a4e8-6fe45d0af45e:c1901, cef72988-acf5-49ad-9ec7-695a80e7a66d:c1897, d677508c-6db9-4741-b51c-49af5e4cf22f:c1897]
2019-09-08 07:07:27,127 [grpc-default-executor-0] INFO  client.GrpcClientProtocolClient (GrpcClientProtocolClient.java:onNext(264)) - client-119D756B1005->4234af2c-5377-4886-a4e8-6fe45d0af45e: receive RaftClientReply:client-119D756B1005->4234af2c-5377-4886-a4e8-6fe45d0af45e@group-A1165329A1F1, cid=1361, SUCCESS, logIndex=0, commits[4234af2c-5377-4886-a4e8-6fe45d0af45e:c1903, cef72988-acf5-49ad-9ec7-695a80e7a66d:c1899, d677508c-6db9-4741-b51c-49af5e4cf22f:c1899]
2019-09-08 07:07:27,149 [grpc-default-executor-3] INFO  client.GrpcClientProtocolClient (GrpcClientProtocolClient.java:onNext(264)) - client-119D756B1005->4234af2c-5377-4886-a4e8-6fe45d0af45e: receive RaftClientReply:client-119D756B1005->4234af2c-5377-4886-a4e8-6fe45d0af45e@group-A1165329A1F1, cid=1362, SUCCESS, logIndex=1906, commits[4234af2c-5377-4886-a4e8-6fe45d0af45e:c1907, cef72988-acf5-49ad-9ec7-695a80e7a66d:c1905, d677508c-6db9-4741-b51c-49af5e4cf22f:c1905]
2019-09-08 07:07:27,149 [grpc-default-executor-3] INFO  client.GrpcClientProtocolClient (GrpcClientProtocolClient.java:onNext(264)) - client-119D756B1005->4234af2c-5377-4886-a4e8-6fe45d0af45e: receive RaftClientReply:client-119D756B1005->4234af2c-5377-4886-a4e8-6fe45d0af45e@group-A1165329A1F1, cid=1363, SUCCESS, logIndex=1907, commits[4234af2c-5377-4886-a4e8-6fe45d0af45e:c1907, cef72988-acf5-49ad-9ec7-695a80e7a66d:c1905, d677508c-6db9-4741-b51c-49af5e4cf22f:c1905]
2019-09-08 07:07:27,161 [grpc-default-executor-6] INFO  client.GrpcClientProtocolClient (GrpcClientProtocolClient.java:onNext(264)) - client-119D756B1005->4234af2c-5377-4886-a4e8-6fe45d0af45e: receive RaftClientReply:client-119D756B1005->4234af2c-5377-4886-a4e8-6fe45d0af45e@group-A1165329A1F1, cid=1364, SUCCESS, logIndex=1910, commits[4234af2c-5377-4886-a4e8-6fe45d0af45e:c1911, cef72988-acf5-49ad-9ec7-695a80e7a66d:c1907, d677508c-6db9-4741-b51c-49af5e4cf22f:c1907]
2019-09-08 07:07:27,161 [grpc-default-executor-6] INFO  client.GrpcClientProtocolClient (GrpcClientProtocolClient.java:onNext(264)) - client-119D756B1005->4234af2c-5377-4886-a4e8-6fe45d0af45e: receive RaftClientReply:client-119D756B1005->4234af2c-5377-4886-a4e8-6fe45d0af45e@group-A1165329A1F1, cid=1365, SUCCESS, logIndex=1911, commits[4234af2c-5377-4886-a4e8-6fe45d0af45e:c1911, cef72988-acf5-49ad-9ec7-695a80e7a66d:c1907, d677508c-6db9-4741-b51c-49af5e4cf22f:c1907]
2019-09-08 07:07:27,163 [grpc-default-executor-0] INFO  client.GrpcClientProtocolClient (GrpcClientProtocolClient.java:onNext(264)) - client-119D756B1005->4234af2c-5377-4886-a4e8-6fe45d0af45e: receive RaftClientReply:client-119D756B1005->4234af2c-5377-4886-a4e8-6fe45d0af45e@group-A1165329A1F1, cid=1366, SUCCESS, logIndex=0, commits[4234af2c-5377-4886-a4e8-6fe45d0af45e:c1912, cef72988-acf5-49ad-9ec7-695a80e7a66d:c1911, d677508c-6db9-4741-b51c-49af5e4cf22f:c1911]
2019-09-08 07:07:27,253 [grpc-default-executor-0] INFO  client.GrpcClientProtocolClient (GrpcClientProtocolClient.java:onNext(264)) - client-119D756B1005->4234af2c-5377-4886-a4e8-6fe45d0af45e: receive RaftClientReply:client-119D756B1005->4234af2c-5377-4886-a4e8-6fe45d0af45e@group-A1165329A1F1, cid=1367, SUCCESS, logIndex=1914, commits[4234af2c-5377-4886-a4e8-6fe45d0af45e:c1916, cef72988-acf5-49ad-9ec7-695a80e7a66d:c1913, d677508c-6db9-4741-b51c-49af5e4cf22f:c1913]
2019-09-08 07:07:27,254 [grpc-default-executor-6] INFO  client.GrpcClientProtocolClient (GrpcClientProtocolClient.java:onNext(264)) - client-119D756B1005->4234af2c-5377-4886-a4e8-6fe45d0af45e: receive RaftClientReply:client-119D756B1005->4234af2c-5377-4886-a4e8-6fe45d0af45e@group-A1165329A1F1, cid=1368, SUCCESS, logIndex=1915, commits[4234af2c-5377-4886-a4e8-6fe45d0af45e:c1917, cef72988-acf5-49ad-9ec7-695a80e7a66d:c1913, d677508c-6db9-4741-b51c-49af5e4cf22f:c1913]
2019-09-08 07:07:27,254 [grpc-default-executor-6] INFO  client.GrpcClientProtocolClient (GrpcClientProtocolClient.java:onNext(264)) - client-119D756B1005->4234af2c-5377-4886-a4e8-6fe45d0af45e: receive RaftClientReply:client-119D756B1005->4234af2c-5377-4886-a4e8-6fe45d0af45e@group-A1165329A1F1, cid=1369, SUCCESS, logIndex=1916, commits[4234af2c-5377-4886-a4e8-6fe45d0af45e:c1917, cef72988-acf5-49ad-9ec7-695a80e7a66d:c1913, d677508c-6db9-4741-b51c-49af5e4cf22f:c1913]
2019-09-08 07:07:27,254 [grpc-default-executor-6] INFO  client.GrpcClientProtocolClient (GrpcClientProtocolClient.java:onNext(264)) - client-119D756B1005->4234af2c-5377-4886-a4e8-6fe45d0af45e: receive RaftClientReply:client-119D756B1005->4234af2c-5377-4886-a4e8-6fe45d0af45e@group-A1165329A1F1, cid=1370, SUCCESS, logIndex=1917, commits[4234af2c-5377-4886-a4e8-6fe45d0af45e:c1917, cef72988-acf5-49ad-9ec7-695a80e7a66d:c1913, d677508c-6db9-4741-b51c-49af5e4cf22f:c1913]
2019-09-08 07:07:27,257 [grpc-default-executor-3] INFO  client.GrpcClientProtocolClient (GrpcClientProtocolClient.java:onNext(264)) - client-119D756B1005->4234af2c-5377-4886-a4e8-6fe45d0af45e: receive RaftClientReply:client-119D756B1005->4234af2c-5377-4886-a4e8-6fe45d0af45e@group-A1165329A1F1, cid=1371, SUCCESS, logIndex=0, commits[4234af2c-5377-4886-a4e8-6fe45d0af45e:c1919, cef72988-acf5-49ad-9ec7-695a80e7a66d:c1916, d677508c-6db9-4741-b51c-49af5e4cf22f:c1916]
2019-09-08 07:07:27,280 [grpc-default-executor-0] INFO  client.GrpcClientProtocolClient (GrpcClientProtocolClient.java:onNext(264)) - client-119D756B1005->4234af2c-5377-4886-a4e8-6fe45d0af45e: receive RaftClientReply:client-119D756B1005->4234af2c-5377-4886-a4e8-6fe45d0af45e@group-A1165329A1F1, cid=1372, SUCCESS, logIndex=1921, commits[4234af2c-5377-4886-a4e8-6fe45d0af45e:c1922, cef72988-acf5-49ad-9ec7-695a80e7a66d:c1920, d677508c-6db9-4741-b51c-49af5e4cf22f:c1920]
2019-09-08 07:07:27,281 [grpc-default-executor-0] INFO  client.GrpcClientProtocolClient (GrpcClientProtocolClient.java:onNext(264)) - client-119D756B1005->4234af2c-5377-4886-a4e8-6fe45d0af45e: receive RaftClientReply:client-119D756B1005->4234af2c-5377-4886-a4e8-6fe45d0af45e@group-A1165329A1F1, cid=1373, SUCCESS, logIndex=1922, commits[4234af2c-5377-4886-a4e8-6fe45d0af45e:c1922, cef72988-acf5-49ad-9ec7-695a80e7a66d:c1920, d677508c-6db9-4741-b51c-49af5e4cf22f:c1920]
2019-09-08 07:07:27,302 [grpc-default-executor-4] INFO  client.GrpcClientProtocolClient (GrpcClientProtocolClient.java:onNext(264)) - client-119D756B1005->4234af2c-5377-4886-a4e8-6fe45d0af45e: receive RaftClientReply:client-119D756B1005->4234af2c-5377-4886-a4e8-6fe45d0af45e@group-A1165329A1F1, cid=1374, SUCCESS, logIndex=1925, commits[4234af2c-5377-4886-a4e8-6fe45d0af45e:c1926, cef72988-acf5-49ad-9ec7-695a80e7a66d:c1924, d677508c-6db9-4741-b51c-49af5e4cf22f:c1924]
2019-09-08 07:07:27,303 [grpc-default-executor-4] INFO  client.GrpcClientProtocolClient (GrpcClientProtocolClient.java:onNext(264)) - client-119D756B1005->4234af2c-5377-4886-a4e8-6fe45d0af45e: receive RaftClientReply:client-119D756B1005->4234af2c-5377-4886-a4e8-6fe45d0af45e@group-A1165329A1F1, cid=1375, SUCCESS, logIndex=1926, commits[4234af2c-5377-4886-a4e8-6fe45d0af45e:c1926, cef72988-acf5-49ad-9ec7-695a80e7a66d:c1924, d677508c-6db9-4741-b51c-49af5e4cf22f:c1924]
2019-09-08 07:07:27,314 [grpc-default-executor-4] INFO  client.GrpcClientProtocolClient (GrpcClientProtocolClient.java:onNext(264)) - client-119D756B1005->4234af2c-5377-4886-a4e8-6fe45d0af45e: receive RaftClientReply:client-119D756B1005->4234af2c-5377-4886-a4e8-6fe45d0af45e@group-A1165329A1F1, cid=1376, SUCCESS, logIndex=0, commits[4234af2c-5377-4886-a4e8-6fe45d0af45e:c1928, cef72988-acf5-49ad-9ec7-695a80e7a66d:c1926, d677508c-6db9-4741-b51c-49af5e4cf22f:c1926]
 0.00% |█                                                                                                    |  0/1 Time: 0:00:082019-09-08 07:07:27,347 [grpc-default-executor-3] INFO  client.GrpcClientProtocolClient (GrpcClientProtocolClient.java:onNext(264)) - client-119D756B1005->4234af2c-5377-4886-a4e8-6fe45d0af45e: receive RaftClientReply:client-119D756B1005->4234af2c-5377-4886-a4e8-6fe45d0af45e@group-A1165329A1F1, cid=1377, SUCCESS, logIndex=1929, commits[4234af2c-5377-4886-a4e8-6fe45d0af45e:c1932, cef72988-acf5-49ad-9ec7-695a80e7a66d:c1928, d677508c-6db9-4741-b51c-49af5e4cf22f:c1928]
2019-09-08 07:07:27,348 [grpc-default-executor-3] INFO  client.GrpcClientProtocolClient (GrpcClientProtocolClient.java:onNext(264)) - client-119D756B1005->4234af2c-5377-4886-a4e8-6fe45d0af45e: receive RaftClientReply:client-119D756B1005->4234af2c-5377-4886-a4e8-6fe45d0af45e@group-A1165329A1F1, cid=1378, SUCCESS, logIndex=1930, commits[4234af2c-5377-4886-a4e8-6fe45d0af45e:c1932, cef72988-acf5-49ad-9ec7-695a80e7a66d:c1928, d677508c-6db9-4741-b51c-49af5e4cf22f:c1928]
2019-09-08 07:07:27,348 [grpc-default-executor-3] INFO  client.GrpcClientProtocolClient (GrpcClientProtocolClient.java:onNext(264)) - client-119D756B1005->4234af2c-5377-4886-a4e8-6fe45d0af45e: receive RaftClientReply:client-119D756B1005->4234af2c-5377-4886-a4e8-6fe45d0af45e@group-A1165329A1F1, cid=1379, SUCCESS, logIndex=1931, commits[4234af2c-5377-4886-a4e8-6fe45d0af45e:c1932, cef72988-acf5-49ad-9ec7-695a80e7a66d:c1928, d677508c-6db9-4741-b51c-49af5e4cf22f:c1928]
2019-09-08 07:07:27,348 [grpc-default-executor-3] INFO  client.GrpcClientProtocolClient (GrpcClientProtocolClient.java:onNext(264)) - client-119D756B1005->4234af2c-5377-4886-a4e8-6fe45d0af45e: receive RaftClientReply:client-119D756B1005->4234af2c-5377-4886-a4e8-6fe45d0af45e@group-A1165329A1F1, cid=1380, SUCCESS, logIndex=1932, commits[4234af2c-5377-4886-a4e8-6fe45d0af45e:c1932, cef72988-acf5-49ad-9ec7-695a80e7a66d:c1928, d677508c-6db9-4741-b51c-49af5e4cf22f:c1928]
2019-09-08 07:07:27,359 [grpc-default-executor-3] INFO  client.GrpcClientProtocolClient (GrpcClientProtocolClient.java:onNext(264)) - client-119D756B1005->4234af2c-5377-4886-a4e8-6fe45d0af45e: receive RaftClientReply:client-119D756B1005->4234af2c-5377-4886-a4e8-6fe45d0af45e@group-A1165329A1F1, cid=1381, SUCCESS, logIndex=0, commits[4234af2c-5377-4886-a4e8-6fe45d0af45e:c1932, cef72988-acf5-49ad-9ec7-695a80e7a66d:c1930, d677508c-6db9-4741-b51c-49af5e4cf22f:c1930]
2019-09-08 07:07:27,378 [grpc-default-executor-4] INFO  client.GrpcClientProtocolClient (GrpcClientProtocolClient.java:onNext(264)) - client-119D756B1005->4234af2c-5377-4886-a4e8-6fe45d0af45e: receive RaftClientReply:client-119D756B1005->4234af2c-5377-4886-a4e8-6fe45d0af45e@group-A1165329A1F1, cid=1382, SUCCESS, logIndex=1937, commits[4234af2c-5377-4886-a4e8-6fe45d0af45e:c1938, cef72988-acf5-49ad-9ec7-695a80e7a66d:c1936, d677508c-6db9-4741-b51c-49af5e4cf22f:c1936]
2019-09-08 07:07:27,378 [grpc-default-executor-4] INFO  client.GrpcClientProtocolClient (GrpcClientProtocolClient.java:onNext(264)) - client-119D756B1005->4234af2c-5377-4886-a4e8-6fe45d0af45e: receive RaftClientReply:client-119D756B1005->4234af2c-5377-4886-a4e8-6fe45d0af45e@group-A1165329A1F1, cid=1383, SUCCESS, logIndex=1938, commits[4234af2c-5377-4886-a4e8-6fe45d0af45e:c1938, cef72988-acf5-49ad-9ec7-695a80e7a66d:c1936, d677508c-6db9-4741-b51c-49af5e4cf22f:c1936]
2019-09-08 07:07:27,398 [grpc-default-executor-0] INFO  client.GrpcClientProtocolClient (GrpcClientProtocolClient.java:onNext(264)) - client-119D756B1005->4234af2c-5377-4886-a4e8-6fe45d0af45e: receive RaftClientReply:client-119D756B1005->4234af2c-5377-4886-a4e8-6fe45d0af45e@group-A1165329A1F1, cid=1384, SUCCESS, logIndex=1941, commits[4234af2c-5377-4886-a4e8-6fe45d0af45e:c1942, cef72988-acf5-49ad-9ec7-695a80e7a66d:c1938, d677508c-6db9-4741-b51c-49af5e4cf22f:c1938]
2019-09-08 07:07:27,398 [grpc-default-executor-0] INFO  client.GrpcClientProtocolClient (GrpcClientProtocolClient.java:onNext(264)) - client-119D756B1005->4234af2c-5377-4886-a4e8-6fe45d0af45e: receive RaftClientReply:client-119D756B1005->4234af2c-5377-4886-a4e8-6fe45d0af45e@group-A1165329A1F1, cid=1385, SUCCESS, logIndex=1942, commits[4234af2c-5377-4886-a4e8-6fe45d0af45e:c1942, cef72988-acf5-49ad-9ec7-695a80e7a66d:c1938, d677508c-6db9-4741-b51c-49af5e4cf22f:c1938]
2019-09-08 07:07:27,422 [grpc-default-executor-0] INFO  client.GrpcClientProtocolClient (GrpcClientProtocolClient.java:onNext(264)) - client-119D756B1005->4234af2c-5377-4886-a4e8-6fe45d0af45e: receive RaftClientReply:client-119D756B1005->4234af2c-5377-4886-a4e8-6fe45d0af45e@group-A1165329A1F1, cid=1386, SUCCESS, logIndex=0, commits[4234af2c-5377-4886-a4e8-6fe45d0af45e:c1944, cef72988-acf5-49ad-9ec7-695a80e7a66d:c1942, d677508c-6db9-4741-b51c-49af5e4cf22f:c1942]
2019-09-08 07:07:27,459 [grpc-default-executor-4] INFO  client.GrpcClientProtocolClient (GrpcClientProtocolClient.java:onNext(264)) - client-119D756B1005->4234af2c-5377-4886-a4e8-6fe45d0af45e: receive RaftClientReply:client-119D756B1005->4234af2c-5377-4886-a4e8-6fe45d0af45e@group-A1165329A1F1, cid=1387, SUCCESS, logIndex=1945, commits[4234af2c-5377-4886-a4e8-6fe45d0af45e:c1947, cef72988-acf5-49ad-9ec7-695a80e7a66d:c1944, d677508c-6db9-4741-b51c-49af5e4cf22f:c1944]
2019-09-08 07:07:27,459 [grpc-default-executor-4] INFO  client.GrpcClientProtocolClient (GrpcClientProtocolClient.java:onNext(264)) - client-119D756B1005->4234af2c-5377-4886-a4e8-6fe45d0af45e: receive RaftClientReply:client-119D756B1005->4234af2c-5377-4886-a4e8-6fe45d0af45e@group-A1165329A1F1, cid=1388, SUCCESS, logIndex=1946, commits[4234af2c-5377-4886-a4e8-6fe45d0af45e:c1948, cef72988-acf5-49ad-9ec7-695a80e7a66d:c1944, d677508c-6db9-4741-b51c-49af5e4cf22f:c1944]
2019-09-08 07:07:27,460 [grpc-default-executor-4] INFO  client.GrpcClientProtocolClient (GrpcClientProtocolClient.java:onNext(264)) - client-119D756B1005->4234af2c-5377-4886-a4e8-6fe45d0af45e: receive RaftClientReply:client-119D756B1005->4234af2c-5377-4886-a4e8-6fe45d0af45e@group-A1165329A1F1, cid=1389, SUCCESS, logIndex=1947, commits[4234af2c-5377-4886-a4e8-6fe45d0af45e:c1948, cef72988-acf5-49ad-9ec7-695a80e7a66d:c1944, d677508c-6db9-4741-b51c-49af5e4cf22f:c1944]
2019-09-08 07:07:27,460 [grpc-default-executor-4] INFO  client.GrpcClientProtocolClient (GrpcClientProtocolClient.java:onNext(264)) - client-119D756B1005->4234af2c-5377-4886-a4e8-6fe45d0af45e: receive RaftClientReply:client-119D756B1005->4234af2c-5377-4886-a4e8-6fe45d0af45e@group-A1165329A1F1, cid=1390, SUCCESS, logIndex=1948, commits[4234af2c-5377-4886-a4e8-6fe45d0af45e:c1948, cef72988-acf5-49ad-9ec7-695a80e7a66d:c1944, d677508c-6db9-4741-b51c-49af5e4cf22f:c1944]
2019-09-08 07:07:27,471 [grpc-default-executor-4] INFO  client.GrpcClientProtocolClient (GrpcClientProtocolClient.java:onNext(264)) - client-119D756B1005->4234af2c-5377-4886-a4e8-6fe45d0af45e: receive RaftClientReply:client-119D756B1005->4234af2c-5377-4886-a4e8-6fe45d0af45e@group-A1165329A1F1, cid=1391, SUCCESS, logIndex=0, commits[4234af2c-5377-4886-a4e8-6fe45d0af45e:c1951, cef72988-acf5-49ad-9ec7-695a80e7a66d:c1947, d677508c-6db9-4741-b51c-49af5e4cf22f:c1946]
2019-09-08 07:07:27,489 [grpc-default-executor-4] INFO  client.GrpcClientProtocolClient (GrpcClientProtocolClient.java:onNext(264)) - client-119D756B1005->4234af2c-5377-4886-a4e8-6fe45d0af45e: receive RaftClientReply:client-119D756B1005->4234af2c-5377-4886-a4e8-6fe45d0af45e@group-A1165329A1F1, cid=1392, SUCCESS, logIndex=1953, commits[4234af2c-5377-4886-a4e8-6fe45d0af45e:c1954, cef72988-acf5-49ad-9ec7-695a80e7a66d:c1952, d677508c-6db9-4741-b51c-49af5e4cf22f:c1952]
2019-09-08 07:07:27,489 [grpc-default-executor-4] INFO  client.GrpcClientProtocolClient (GrpcClientProtocolClient.java:onNext(264)) - client-119D756B1005->4234af2c-5377-4886-a4e8-6fe45d0af45e: receive RaftClientReply:client-119D756B1005->4234af2c-5377-4886-a4e8-6fe45d0af45e@group-A1165329A1F1, cid=1393, SUCCESS, logIndex=1954, commits[4234af2c-5377-4886-a4e8-6fe45d0af45e:c1954, cef72988-acf5-49ad-9ec7-695a80e7a66d:c1952, d677508c-6db9-4741-b51c-49af5e4cf22f:c1952]
2019-09-08 07:07:27,505 [grpc-default-executor-4] INFO  client.GrpcClientProtocolClient (GrpcClientProtocolClient.java:onNext(264)) - client-119D756B1005->4234af2c-5377-4886-a4e8-6fe45d0af45e: receive RaftClientReply:client-119D756B1005->4234af2c-5377-4886-a4e8-6fe45d0af45e@group-A1165329A1F1, cid=1394, SUCCESS, logIndex=1957, commits[4234af2c-5377-4886-a4e8-6fe45d0af45e:c1958, cef72988-acf5-49ad-9ec7-695a80e7a66d:c1956, d677508c-6db9-4741-b51c-49af5e4cf22f:c1956]
2019-09-08 07:07:27,506 [grpc-default-executor-4] INFO  client.GrpcClientProtocolClient (GrpcClientProtocolClient.java:onNext(264)) - client-119D756B1005->4234af2c-5377-4886-a4e8-6fe45d0af45e: receive RaftClientReply:client-119D756B1005->4234af2c-5377-4886-a4e8-6fe45d0af45e@group-A1165329A1F1, cid=1395, SUCCESS, logIndex=1958, commits[4234af2c-5377-4886-a4e8-6fe45d0af45e:c1958, cef72988-acf5-49ad-9ec7-695a80e7a66d:c1956, d677508c-6db9-4741-b51c-49af5e4cf22f:c1956]
2019-09-08 07:07:27,517 [grpc-default-executor-4] INFO  client.GrpcClientProtocolClient (GrpcClientProtocolClient.java:onNext(264)) - client-119D756B1005->4234af2c-5377-4886-a4e8-6fe45d0af45e: receive RaftClientReply:client-119D756B1005->4234af2c-5377-4886-a4e8-6fe45d0af45e@group-A1165329A1F1, cid=1396, SUCCESS, logIndex=0, commits[4234af2c-5377-4886-a4e8-6fe45d0af45e:c1959, cef72988-acf5-49ad-9ec7-695a80e7a66d:c1958, d677508c-6db9-4741-b51c-49af5e4cf22f:c1958]
2019-09-08 07:07:27,544 [grpc-default-executor-4] INFO  client.GrpcClientProtocolClient (GrpcClientProtocolClient.java:onNext(264)) - client-119D756B1005->4234af2c-5377-4886-a4e8-6fe45d0af45e: receive RaftClientReply:client-119D756B1005->4234af2c-5377-4886-a4e8-6fe45d0af45e@group-A1165329A1F1, cid=1397, SUCCESS, logIndex=1961, commits[4234af2c-5377-4886-a4e8-6fe45d0af45e:c1962, cef72988-acf5-49ad-9ec7-695a80e7a66d:c1960, d677508c-6db9-4741-b51c-49af5e4cf22f:c1960]
2019-09-08 07:07:27,544 [grpc-default-executor-4] INFO  client.GrpcClientProtocolClient (GrpcClientProtocolClient.java:onNext(264)) - client-119D756B1005->4234af2c-5377-4886-a4e8-6fe45d0af45e: receive RaftClientReply:client-119D756B1005->4234af2c-5377-4886-a4e8-6fe45d0af45e@group-A1165329A1F1, cid=1398, SUCCESS, logIndex=1962, commits[4234af2c-5377-4886-a4e8-6fe45d0af45e:c1964, cef72988-acf5-49ad-9ec7-695a80e7a66d:c1960, d677508c-6db9-4741-b51c-49af5e4cf22f:c1960]
2019-09-08 07:07:27,545 [grpc-default-executor-4] INFO  client.GrpcClientProtocolClient (GrpcClientProtocolClient.java:onNext(264)) - client-119D756B1005->4234af2c-5377-4886-a4e8-6fe45d0af45e: receive RaftClientReply:client-119D756B1005->4234af2c-5377-4886-a4e8-6fe45d0af45e@group-A1165329A1F1, cid=1399, SUCCESS, logIndex=1963, commits[4234af2c-5377-4886-a4e8-6fe45d0af45e:c1964, cef72988-acf5-49ad-9ec7-695a80e7a66d:c1960, d677508c-6db9-4741-b51c-49af5e4cf22f:c1960]
2019-09-08 07:07:27,545 [grpc-default-executor-4] INFO  client.GrpcClientProtocolClient (GrpcClientProtocolClient.java:onNext(264)) - client-119D756B1005->4234af2c-5377-4886-a4e8-6fe45d0af45e: receive RaftClientReply:client-119D756B1005->4234af2c-5377-4886-a4e8-6fe45d0af45e@group-A1165329A1F1, cid=1400, SUCCESS, logIndex=1964, commits[4234af2c-5377-4886-a4e8-6fe45d0af45e:c1964, cef72988-acf5-49ad-9ec7-695a80e7a66d:c1960, d677508c-6db9-4741-b51c-49af5e4cf22f:c1960]
2019-09-08 07:07:27,556 [grpc-default-executor-4] INFO  client.GrpcClientProtocolClient (GrpcClientProtocolClient.java:onNext(264)) - client-119D756B1005->4234af2c-5377-4886-a4e8-6fe45d0af45e: receive RaftClientReply:client-119D756B1005->4234af2c-5377-4886-a4e8-6fe45d0af45e@group-A1165329A1F1, cid=1401, SUCCESS, logIndex=0, commits[4234af2c-5377-4886-a4e8-6fe45d0af45e:c1965, cef72988-acf5-49ad-9ec7-695a80e7a66d:c1962, d677508c-6db9-4741-b51c-49af5e4cf22f:c1962]
2019-09-08 07:07:27,575 [grpc-default-executor-0] INFO  client.GrpcClientProtocolClient (GrpcClientProtocolClient.java:onNext(264)) - client-119D756B1005->4234af2c-5377-4886-a4e8-6fe45d0af45e: receive RaftClientReply:client-119D756B1005->4234af2c-5377-4886-a4e8-6fe45d0af45e@group-A1165329A1F1, cid=1402, SUCCESS, logIndex=1969, commits[4234af2c-5377-4886-a4e8-6fe45d0af45e:c1970, cef72988-acf5-49ad-9ec7-695a80e7a66d:c1968, d677508c-6db9-4741-b51c-49af5e4cf22f:c1968]
2019-09-08 07:07:27,576 [grpc-default-executor-0] INFO  client.GrpcClientProtocolClient (GrpcClientProtocolClient.java:onNext(264)) - client-119D756B1005->4234af2c-5377-4886-a4e8-6fe45d0af45e: receive RaftClientReply:client-119D756B1005->4234af2c-5377-4886-a4e8-6fe45d0af45e@group-A1165329A1F1, cid=1403, SUCCESS, logIndex=1970, commits[4234af2c-5377-4886-a4e8-6fe45d0af45e:c1970, cef72988-acf5-49ad-9ec7-695a80e7a66d:c1968, d677508c-6db9-4741-b51c-49af5e4cf22f:c1968]
2019-09-08 07:07:27,589 [grpc-default-executor-4] INFO  client.GrpcClientProtocolClient (GrpcClientProtocolClient.java:onNext(264)) - client-119D756B1005->4234af2c-5377-4886-a4e8-6fe45d0af45e: receive RaftClientReply:client-119D756B1005->4234af2c-5377-4886-a4e8-6fe45d0af45e@group-A1165329A1F1, cid=1404, SUCCESS, logIndex=1973, commits[4234af2c-5377-4886-a4e8-6fe45d0af45e:c1974, cef72988-acf5-49ad-9ec7-695a80e7a66d:c1970, d677508c-6db9-4741-b51c-49af5e4cf22f:c1970]
2019-09-08 07:07:27,589 [grpc-default-executor-4] INFO  client.GrpcClientProtocolClient (GrpcClientProtocolClient.java:onNext(264)) - client-119D756B1005->4234af2c-5377-4886-a4e8-6fe45d0af45e: receive RaftClientReply:client-119D756B1005->4234af2c-5377-4886-a4e8-6fe45d0af45e@group-A1165329A1F1, cid=1405, SUCCESS, logIndex=1974, commits[4234af2c-5377-4886-a4e8-6fe45d0af45e:c1974, cef72988-acf5-49ad-9ec7-695a80e7a66d:c1970, d677508c-6db9-4741-b51c-49af5e4cf22f:c1970]
2019-09-08 07:07:27,601 [grpc-default-executor-4] INFO  client.GrpcClientProtocolClient (GrpcClientProtocolClient.java:onNext(264)) - client-119D756B1005->4234af2c-5377-4886-a4e8-6fe45d0af45e: receive RaftClientReply:client-119D756B1005->4234af2c-5377-4886-a4e8-6fe45d0af45e@group-A1165329A1F1, cid=1406, SUCCESS, logIndex=0, commits[4234af2c-5377-4886-a4e8-6fe45d0af45e:c1975, cef72988-acf5-49ad-9ec7-695a80e7a66d:c1974, d677508c-6db9-4741-b51c-49af5e4cf22f:c1974]
2019-09-08 07:07:27,627 [grpc-default-executor-0] INFO  client.GrpcClientProtocolClient (GrpcClientProtocolClient.java:onNext(264)) - client-119D756B1005->4234af2c-5377-4886-a4e8-6fe45d0af45e: receive RaftClientReply:client-119D756B1005->4234af2c-5377-4886-a4e8-6fe45d0af45e@group-A1165329A1F1, cid=1407, SUCCESS, logIndex=1977, commits[4234af2c-5377-4886-a4e8-6fe45d0af45e:c1978, cef72988-acf5-49ad-9ec7-695a80e7a66d:c1976, d677508c-6db9-4741-b51c-49af5e4cf22f:c1976]
2019-09-08 07:07:27,628 [grpc-default-executor-0] INFO  client.GrpcClientProtocolClient (GrpcClientProtocolClient.java:onNext(264)) - client-119D756B1005->4234af2c-5377-4886-a4e8-6fe45d0af45e: receive RaftClientReply:client-119D756B1005->4234af2c-5377-4886-a4e8-6fe45d0af45e@group-A1165329A1F1, cid=1408, SUCCESS, logIndex=1978, commits[4234af2c-5377-4886-a4e8-6fe45d0af45e:c1978, cef72988-acf5-49ad-9ec7-695a80e7a66d:c1976, d677508c-6db9-4741-b51c-49af5e4cf22f:c1976]
2019-09-08 07:07:27,628 [grpc-default-executor-4] INFO  client.GrpcClientProtocolClient (GrpcClientProtocolClient.java:onNext(264)) - client-119D756B1005->4234af2c-5377-4886-a4e8-6fe45d0af45e: receive RaftClientReply:client-119D756B1005->4234af2c-5377-4886-a4e8-6fe45d0af45e@group-A1165329A1F1, cid=1409, SUCCESS, logIndex=1979, commits[4234af2c-5377-4886-a4e8-6fe45d0af45e:c1980, cef72988-acf5-49ad-9ec7-695a80e7a66d:c1976, d677508c-6db9-4741-b51c-49af5e4cf22f:c1976]
2019-09-08 07:07:27,629 [grpc-default-executor-4] INFO  client.GrpcClientProtocolClient (GrpcClientProtocolClient.java:onNext(264)) - client-119D756B1005->4234af2c-5377-4886-a4e8-6fe45d0af45e: receive RaftClientReply:client-119D756B1005->4234af2c-5377-4886-a4e8-6fe45d0af45e@group-A1165329A1F1, cid=1410, SUCCESS, logIndex=1980, commits[4234af2c-5377-4886-a4e8-6fe45d0af45e:c1980, cef72988-acf5-49ad-9ec7-695a80e7a66d:c1976, d677508c-6db9-4741-b51c-49af5e4cf22f:c1976]
2019-09-08 07:07:27,630 [grpc-default-executor-0] INFO  client.GrpcClientProtocolClient (GrpcClientProtocolClient.java:onNext(264)) - client-119D756B1005->4234af2c-5377-4886-a4e8-6fe45d0af45e: receive RaftClientReply:client-119D756B1005->4234af2c-5377-4886-a4e8-6fe45d0af45e@group-A1165329A1F1, cid=1411, SUCCESS, logIndex=0, commits[4234af2c-5377-4886-a4e8-6fe45d0af45e:c1982, cef72988-acf5-49ad-9ec7-695a80e7a66d:c1978, d677508c-6db9-4741-b51c-49af5e4cf22f:c1978]
2019-09-08 07:07:27,642 [grpc-default-executor-0] INFO  client.GrpcClientProtocolClient (GrpcClientProtocolClient.java:onNext(264)) - client-119D756B1005->4234af2c-5377-4886-a4e8-6fe45d0af45e: receive RaftClientReply:client-119D756B1005->4234af2c-5377-4886-a4e8-6fe45d0af45e@group-A1165329A1F1, cid=1412, SUCCESS, logIndex=1985, commits[4234af2c-5377-4886-a4e8-6fe45d0af45e:c1986, cef72988-acf5-49ad-9ec7-695a80e7a66d:c1980, d677508c-6db9-4741-b51c-49af5e4cf22f:c1984]
2019-09-08 07:07:27,643 [grpc-default-executor-0] INFO  client.GrpcClientProtocolClient (GrpcClientProtocolClient.java:onNext(264)) - client-119D756B1005->4234af2c-5377-4886-a4e8-6fe45d0af45e: receive RaftClientReply:client-119D756B1005->4234af2c-5377-4886-a4e8-6fe45d0af45e@group-A1165329A1F1, cid=1413, SUCCESS, logIndex=1986, commits[4234af2c-5377-4886-a4e8-6fe45d0af45e:c1986, cef72988-acf5-49ad-9ec7-695a80e7a66d:c1984, d677508c-6db9-4741-b51c-49af5e4cf22f:c1984]
2019-09-08 07:07:27,654 [grpc-default-executor-3] INFO  client.GrpcClientProtocolClient (GrpcClientProtocolClient.java:onNext(264)) - client-119D756B1005->4234af2c-5377-4886-a4e8-6fe45d0af45e: receive RaftClientReply:client-119D756B1005->4234af2c-5377-4886-a4e8-6fe45d0af45e@group-A1165329A1F1, cid=1414, SUCCESS, logIndex=1989, commits[4234af2c-5377-4886-a4e8-6fe45d0af45e:c1989, cef72988-acf5-49ad-9ec7-695a80e7a66d:c1988, d677508c-6db9-4741-b51c-49af5e4cf22f:c1986]
2019-09-08 07:07:27,655 [grpc-default-executor-0] INFO  client.GrpcClientProtocolClient (GrpcClientProtocolClient.java:onNext(264)) - client-119D756B1005->4234af2c-5377-4886-a4e8-6fe45d0af45e: receive RaftClientReply:client-119D756B1005->4234af2c-5377-4886-a4e8-6fe45d0af45e@group-A1165329A1F1, cid=1415, SUCCESS, logIndex=1990, commits[4234af2c-5377-4886-a4e8-6fe45d0af45e:c1990, cef72988-acf5-49ad-9ec7-695a80e7a66d:c1988, d677508c-6db9-4741-b51c-49af5e4cf22f:c1988]
2019-09-08 07:07:27,658 [grpc-default-executor-0] INFO  client.GrpcClientProtocolClient (GrpcClientProtocolClient.java:onNext(264)) - client-119D756B1005->4234af2c-5377-4886-a4e8-6fe45d0af45e: receive RaftClientReply:client-119D756B1005->4234af2c-5377-4886-a4e8-6fe45d0af45e@group-A1165329A1F1, cid=1416, SUCCESS, logIndex=0, commits[4234af2c-5377-4886-a4e8-6fe45d0af45e:c1992, cef72988-acf5-49ad-9ec7-695a80e7a66d:c1990, d677508c-6db9-4741-b51c-49af5e4cf22f:c1990]
2019-09-08 07:07:27,816 [grpc-default-executor-4] INFO  client.GrpcClientProtocolClient (GrpcClientProtocolClient.java:onNext(264)) - client-119D756B1005->4234af2c-5377-4886-a4e8-6fe45d0af45e: receive RaftClientReply:client-119D756B1005->4234af2c-5377-4886-a4e8-6fe45d0af45e@group-A1165329A1F1, cid=1417, SUCCESS, logIndex=1993, commits[4234af2c-5377-4886-a4e8-6fe45d0af45e:c1996, cef72988-acf5-49ad-9ec7-695a80e7a66d:c1992, d677508c-6db9-4741-b51c-49af5e4cf22f:c1992]
2019-09-08 07:07:27,817 [grpc-default-executor-4] INFO  client.GrpcClientProtocolClient (GrpcClientProtocolClient.java:onNext(264)) - client-119D756B1005->4234af2c-5377-4886-a4e8-6fe45d0af45e: receive RaftClientReply:client-119D756B1005->4234af2c-5377-4886-a4e8-6fe45d0af45e@group-A1165329A1F1, cid=1418, SUCCESS, logIndex=1994, commits[4234af2c-5377-4886-a4e8-6fe45d0af45e:c1996, cef72988-acf5-49ad-9ec7-695a80e7a66d:c1992, d677508c-6db9-4741-b51c-49af5e4cf22f:c1992]
2019-09-08 07:07:27,817 [grpc-default-executor-4] INFO  client.GrpcClientProtocolClient (GrpcClientProtocolClient.java:onNext(264)) - client-119D756B1005->4234af2c-5377-4886-a4e8-6fe45d0af45e: receive RaftClientReply:client-119D756B1005->4234af2c-5377-4886-a4e8-6fe45d0af45e@group-A1165329A1F1, cid=1419, SUCCESS, logIndex=1995, commits[4234af2c-5377-4886-a4e8-6fe45d0af45e:c1997, cef72988-acf5-49ad-9ec7-695a80e7a66d:c1993, d677508c-6db9-4741-b51c-49af5e4cf22f:c1992]
2019-09-08 07:07:27,817 [grpc-default-executor-4] INFO  client.GrpcClientProtocolClient (GrpcClientProtocolClient.java:onNext(264)) - client-119D756B1005->4234af2c-5377-4886-a4e8-6fe45d0af45e: receive RaftClientReply:client-119D756B1005->4234af2c-5377-4886-a4e8-6fe45d0af45e@group-A1165329A1F1, cid=1420, SUCCESS, logIndex=1996, commits[4234af2c-5377-4886-a4e8-6fe45d0af45e:c1997, cef72988-acf5-49ad-9ec7-695a80e7a66d:c1993, d677508c-6db9-4741-b51c-49af5e4cf22f:c1992]
2019-09-08 07:07:27,828 [grpc-default-executor-0] INFO  client.GrpcClientProtocolClient (GrpcClientProtocolClient.java:onNext(264)) - client-119D756B1005->4234af2c-5377-4886-a4e8-6fe45d0af45e: receive RaftClientReply:client-119D756B1005->4234af2c-5377-4886-a4e8-6fe45d0af45e@group-A1165329A1F1, cid=1421, SUCCESS, logIndex=0, commits[4234af2c-5377-4886-a4e8-6fe45d0af45e:c1999, cef72988-acf5-49ad-9ec7-695a80e7a66d:c1995, d677508c-6db9-4741-b51c-49af5e4cf22f:c1994]
2019-09-08 07:07:27,846 [grpc-default-executor-3] INFO  client.GrpcClientProtocolClient (GrpcClientProtocolClient.java:onNext(264)) - client-119D756B1005->4234af2c-5377-4886-a4e8-6fe45d0af45e: receive RaftClientReply:client-119D756B1005->4234af2c-5377-4886-a4e8-6fe45d0af45e@group-A1165329A1F1, cid=1422, SUCCESS, logIndex=2001, commits[4234af2c-5377-4886-a4e8-6fe45d0af45e:c2002, cef72988-acf5-49ad-9ec7-695a80e7a66d:c2000, d677508c-6db9-4741-b51c-49af5e4cf22f:c2000]
2019-09-08 07:07:27,846 [grpc-default-executor-3] INFO  client.GrpcClientProtocolClient (GrpcClientProtocolClient.java:onNext(264)) - client-119D756B1005->4234af2c-5377-4886-a4e8-6fe45d0af45e: receive RaftClientReply:client-119D756B1005->4234af2c-5377-4886-a4e8-6fe45d0af45e@group-A1165329A1F1, cid=1423, SUCCESS, logIndex=2002, commits[4234af2c-5377-4886-a4e8-6fe45d0af45e:c2002, cef72988-acf5-49ad-9ec7-695a80e7a66d:c2000, d677508c-6db9-4741-b51c-49af5e4cf22f:c2000]
2019-09-08 07:07:27,859 [grpc-default-executor-6] INFO  client.GrpcClientProtocolClient (GrpcClientProtocolClient.java:onNext(264)) - client-119D756B1005->4234af2c-5377-4886-a4e8-6fe45d0af45e: receive RaftClientReply:client-119D756B1005->4234af2c-5377-4886-a4e8-6fe45d0af45e@group-A1165329A1F1, cid=1424, SUCCESS, logIndex=2005, commits[4234af2c-5377-4886-a4e8-6fe45d0af45e:c2006, cef72988-acf5-49ad-9ec7-695a80e7a66d:c2002, d677508c-6db9-4741-b51c-49af5e4cf22f:c2002]
2019-09-08 07:07:27,859 [grpc-default-executor-6] INFO  client.GrpcClientProtocolClient (GrpcClientProtocolClient.java:onNext(264)) - client-119D756B1005->4234af2c-5377-4886-a4e8-6fe45d0af45e: receive RaftClientReply:client-119D756B1005->4234af2c-5377-4886-a4e8-6fe45d0af45e@group-A1165329A1F1, cid=1425, SUCCESS, logIndex=2006, commits[4234af2c-5377-4886-a4e8-6fe45d0af45e:c2006, cef72988-acf5-49ad-9ec7-695a80e7a66d:c2002, d677508c-6db9-4741-b51c-49af5e4cf22f:c2002]
2019-09-08 07:07:27,871 [grpc-default-executor-6] INFO  client.GrpcClientProtocolClient (GrpcClientProtocolClient.java:onNext(264)) - client-119D756B1005->4234af2c-5377-4886-a4e8-6fe45d0af45e: receive RaftClientReply:client-119D756B1005->4234af2c-5377-4886-a4e8-6fe45d0af45e@group-A1165329A1F1, cid=1426, SUCCESS, logIndex=0, commits[4234af2c-5377-4886-a4e8-6fe45d0af45e:c2008, cef72988-acf5-49ad-9ec7-695a80e7a66d:c2006, d677508c-6db9-4741-b51c-49af5e4cf22f:c2006]
2019-09-08 07:07:27,899 [grpc-default-executor-4] INFO  client.GrpcClientProtocolClient (GrpcClientProtocolClient.java:onNext(264)) - client-119D756B1005->4234af2c-5377-4886-a4e8-6fe45d0af45e: receive RaftClientReply:client-119D756B1005->4234af2c-5377-4886-a4e8-6fe45d0af45e@group-A1165329A1F1, cid=1427, SUCCESS, logIndex=2009, commits[4234af2c-5377-4886-a4e8-6fe45d0af45e:c2010, cef72988-acf5-49ad-9ec7-695a80e7a66d:c2008, d677508c-6db9-4741-b51c-49af5e4cf22f:c2008]
2019-09-08 07:07:27,900 [grpc-default-executor-4] INFO  client.GrpcClientProtocolClient (GrpcClientProtocolClient.java:onNext(264)) - client-119D756B1005->4234af2c-5377-4886-a4e8-6fe45d0af45e: receive RaftClientReply:client-119D756B1005->4234af2c-5377-4886-a4e8-6fe45d0af45e@group-A1165329A1F1, cid=1428, SUCCESS, logIndex=2010, commits[4234af2c-5377-4886-a4e8-6fe45d0af45e:c2010, cef72988-acf5-49ad-9ec7-695a80e7a66d:c2008, d677508c-6db9-4741-b51c-49af5e4cf22f:c2008]
2019-09-08 07:07:27,900 [grpc-default-executor-3] INFO  client.GrpcClientProtocolClient (GrpcClientProtocolClient.java:onNext(264)) - client-119D756B1005->4234af2c-5377-4886-a4e8-6fe45d0af45e: receive RaftClientReply:client-119D756B1005->4234af2c-5377-4886-a4e8-6fe45d0af45e@group-A1165329A1F1, cid=1429, SUCCESS, logIndex=2011, commits[4234af2c-5377-4886-a4e8-6fe45d0af45e:c2012, cef72988-acf5-49ad-9ec7-695a80e7a66d:c2008, d677508c-6db9-4741-b51c-49af5e4cf22f:c2008]
2019-09-08 07:07:27,901 [grpc-default-executor-3] INFO  client.GrpcClientProtocolClient (GrpcClientProtocolClient.java:onNext(264)) - client-119D756B1005->4234af2c-5377-4886-a4e8-6fe45d0af45e: receive RaftClientReply:client-119D756B1005->4234af2c-5377-4886-a4e8-6fe45d0af45e@group-A1165329A1F1, cid=1430, SUCCESS, logIndex=2012, commits[4234af2c-5377-4886-a4e8-6fe45d0af45e:c2012, cef72988-acf5-49ad-9ec7-695a80e7a66d:c2008, d677508c-6db9-4741-b51c-49af5e4cf22f:c2008]
2019-09-08 07:07:27,902 [grpc-default-executor-4] INFO  client.GrpcClientProtocolClient (GrpcClientProtocolClient.java:onNext(264)) - client-119D756B1005->4234af2c-5377-4886-a4e8-6fe45d0af45e: receive RaftClientReply:client-119D756B1005->4234af2c-5377-4886-a4e8-6fe45d0af45e@group-A1165329A1F1, cid=1431, SUCCESS, logIndex=0, commits[4234af2c-5377-4886-a4e8-6fe45d0af45e:c2014, cef72988-acf5-49ad-9ec7-695a80e7a66d:c2010, d677508c-6db9-4741-b51c-49af5e4cf22f:c2010]
2019-09-08 07:07:27,921 [grpc-default-executor-3] INFO  client.GrpcClientProtocolClient (GrpcClientProtocolClient.java:onNext(264)) - client-119D756B1005->4234af2c-5377-4886-a4e8-6fe45d0af45e: receive RaftClientReply:client-119D756B1005->4234af2c-5377-4886-a4e8-6fe45d0af45e@group-A1165329A1F1, cid=1432, SUCCESS, logIndex=2017, commits[4234af2c-5377-4886-a4e8-6fe45d0af45e:c2017, cef72988-acf5-49ad-9ec7-695a80e7a66d:c2016, d677508c-6db9-4741-b51c-49af5e4cf22f:c2016]
2019-09-08 07:07:27,921 [grpc-default-executor-3] INFO  client.GrpcClientProtocolClient (GrpcClientProtocolClient.java:onNext(264)) - client-119D756B1005->4234af2c-5377-4886-a4e8-6fe45d0af45e: receive RaftClientReply:client-119D756B1005->4234af2c-5377-4886-a4e8-6fe45d0af45e@group-A1165329A1F1, cid=1433, SUCCESS, logIndex=2018, commits[4234af2c-5377-4886-a4e8-6fe45d0af45e:c2018, cef72988-acf5-49ad-9ec7-695a80e7a66d:c2016, d677508c-6db9-4741-b51c-49af5e4cf22f:c2016]
2019-09-08 07:07:27,934 [grpc-default-executor-6] INFO  client.GrpcClientProtocolClient (GrpcClientProtocolClient.java:onNext(264)) - client-119D756B1005->4234af2c-5377-4886-a4e8-6fe45d0af45e: receive RaftClientReply:client-119D756B1005->4234af2c-5377-4886-a4e8-6fe45d0af45e@group-A1165329A1F1, cid=1434, SUCCESS, logIndex=2021, commits[4234af2c-5377-4886-a4e8-6fe45d0af45e:c2021, cef72988-acf5-49ad-9ec7-695a80e7a66d:c2018, d677508c-6db9-4741-b51c-49af5e4cf22f:c2018]
2019-09-08 07:07:27,934 [grpc-default-executor-6] INFO  client.GrpcClientProtocolClient (GrpcClientProtocolClient.java:onNext(264)) - client-119D756B1005->4234af2c-5377-4886-a4e8-6fe45d0af45e: receive RaftClientReply:client-119D756B1005->4234af2c-5377-4886-a4e8-6fe45d0af45e@group-A1165329A1F1, cid=1435, SUCCESS, logIndex=2022, commits[4234af2c-5377-4886-a4e8-6fe45d0af45e:c2022, cef72988-acf5-49ad-9ec7-695a80e7a66d:c2018, d677508c-6db9-4741-b51c-49af5e4cf22f:c2018]
2019-09-08 07:07:27,955 [grpc-default-executor-6] INFO  client.GrpcClientProtocolClient (GrpcClientProtocolClient.java:onNext(264)) - client-119D756B1005->4234af2c-5377-4886-a4e8-6fe45d0af45e: receive RaftClientReply:client-119D756B1005->4234af2c-5377-4886-a4e8-6fe45d0af45e@group-A1165329A1F1, cid=1436, SUCCESS, logIndex=0, commits[4234af2c-5377-4886-a4e8-6fe45d0af45e:c2024, cef72988-acf5-49ad-9ec7-695a80e7a66d:c2022, d677508c-6db9-4741-b51c-49af5e4cf22f:c2022]
2019-09-08 07:07:27,996 [grpc-default-executor-3] INFO  client.GrpcClientProtocolClient (GrpcClientProtocolClient.java:onNext(264)) - client-119D756B1005->4234af2c-5377-4886-a4e8-6fe45d0af45e: receive RaftClientReply:client-119D756B1005->4234af2c-5377-4886-a4e8-6fe45d0af45e@group-A1165329A1F1, cid=1437, SUCCESS, logIndex=2025, commits[4234af2c-5377-4886-a4e8-6fe45d0af45e:c2026, cef72988-acf5-49ad-9ec7-695a80e7a66d:c2024, d677508c-6db9-4741-b51c-49af5e4cf22f:c2024]
2019-09-08 07:07:27,997 [grpc-default-executor-3] INFO  client.GrpcClientProtocolClient (GrpcClientProtocolClient.java:onNext(264)) - client-119D756B1005->4234af2c-5377-4886-a4e8-6fe45d0af45e: receive RaftClientReply:client-119D756B1005->4234af2c-5377-4886-a4e8-6fe45d0af45e@group-A1165329A1F1, cid=1438, SUCCESS, logIndex=2026, commits[4234af2c-5377-4886-a4e8-6fe45d0af45e:c2026, cef72988-acf5-49ad-9ec7-695a80e7a66d:c2024, d677508c-6db9-4741-b51c-49af5e4cf22f:c2024]
2019-09-08 07:07:28,005 [grpc-default-executor-0] INFO  client.GrpcClientProtocolClient (GrpcClientProtocolClient.java:onNext(264)) - client-119D756B1005->4234af2c-5377-4886-a4e8-6fe45d0af45e: receive RaftClientReply:client-119D756B1005->4234af2c-5377-4886-a4e8-6fe45d0af45e@group-A1165329A1F1, cid=1439, SUCCESS, logIndex=2027, commits[4234af2c-5377-4886-a4e8-6fe45d0af45e:c2027, cef72988-acf5-49ad-9ec7-695a80e7a66d:c2024, d677508c-6db9-4741-b51c-49af5e4cf22f:c2024]
2019-09-08 07:07:28,006 [grpc-default-executor-0] INFO  client.GrpcClientProtocolClient (GrpcClientProtocolClient.java:onNext(264)) - client-119D756B1005->4234af2c-5377-4886-a4e8-6fe45d0af45e: receive RaftClientReply:client-119D756B1005->4234af2c-5377-4886-a4e8-6fe45d0af45e@group-A1165329A1F1, cid=1440, SUCCESS, logIndex=2028, commits[4234af2c-5377-4886-a4e8-6fe45d0af45e:c2028, cef72988-acf5-49ad-9ec7-695a80e7a66d:c2024, d677508c-6db9-4741-b51c-49af5e4cf22f:c2024]
2019-09-08 07:07:28,007 [grpc-default-executor-3] INFO  client.GrpcClientProtocolClient (GrpcClientProtocolClient.java:onNext(264)) - client-119D756B1005->4234af2c-5377-4886-a4e8-6fe45d0af45e: receive RaftClientReply:client-119D756B1005->4234af2c-5377-4886-a4e8-6fe45d0af45e@group-A1165329A1F1, cid=1441, SUCCESS, logIndex=0, commits[4234af2c-5377-4886-a4e8-6fe45d0af45e:c2030, cef72988-acf5-49ad-9ec7-695a80e7a66d:c2026, d677508c-6db9-4741-b51c-49af5e4cf22f:c2026]
2019-09-08 07:07:28,018 [grpc-default-executor-0] INFO  client.GrpcClientProtocolClient (GrpcClientProtocolClient.java:onNext(264)) - client-119D756B1005->4234af2c-5377-4886-a4e8-6fe45d0af45e: receive RaftClientReply:client-119D756B1005->4234af2c-5377-4886-a4e8-6fe45d0af45e@group-A1165329A1F1, cid=1442, SUCCESS, logIndex=2033, commits[4234af2c-5377-4886-a4e8-6fe45d0af45e:c2034, cef72988-acf5-49ad-9ec7-695a80e7a66d:c2032, d677508c-6db9-4741-b51c-49af5e4cf22f:c2028]
2019-09-08 07:07:28,018 [grpc-default-executor-0] INFO  client.GrpcClientProtocolClient (GrpcClientProtocolClient.java:onNext(264)) - client-119D756B1005->4234af2c-5377-4886-a4e8-6fe45d0af45e: receive RaftClientReply:client-119D756B1005->4234af2c-5377-4886-a4e8-6fe45d0af45e@group-A1165329A1F1, cid=1443, SUCCESS, logIndex=2034, commits[4234af2c-5377-4886-a4e8-6fe45d0af45e:c2034, cef72988-acf5-49ad-9ec7-695a80e7a66d:c2032, d677508c-6db9-4741-b51c-49af5e4cf22f:c2032]
2019-09-08 07:07:28,036 [grpc-default-executor-3] INFO  client.GrpcClientProtocolClient (GrpcClientProtocolClient.java:onNext(264)) - client-119D756B1005->4234af2c-5377-4886-a4e8-6fe45d0af45e: receive RaftClientReply:client-119D756B1005->4234af2c-5377-4886-a4e8-6fe45d0af45e@group-A1165329A1F1, cid=1444, SUCCESS, logIndex=2037, commits[4234af2c-5377-4886-a4e8-6fe45d0af45e:c2037, cef72988-acf5-49ad-9ec7-695a80e7a66d:c2036, d677508c-6db9-4741-b51c-49af5e4cf22f:c2036]
2019-09-08 07:07:28,037 [grpc-default-executor-3] INFO  client.GrpcClientProtocolClient (GrpcClientProtocolClient.java:onNext(264)) - client-119D756B1005->4234af2c-5377-4886-a4e8-6fe45d0af45e: receive RaftClientReply:client-119D756B1005->4234af2c-5377-4886-a4e8-6fe45d0af45e@group-A1165329A1F1, cid=1445, SUCCESS, logIndex=2038, commits[4234af2c-5377-4886-a4e8-6fe45d0af45e:c2038, cef72988-acf5-49ad-9ec7-695a80e7a66d:c2036, d677508c-6db9-4741-b51c-49af5e4cf22f:c2036]
2019-09-08 07:07:28,048 [grpc-default-executor-3] INFO  client.GrpcClientProtocolClient (GrpcClientProtocolClient.java:onNext(264)) - client-119D756B1005->4234af2c-5377-4886-a4e8-6fe45d0af45e: receive RaftClientReply:client-119D756B1005->4234af2c-5377-4886-a4e8-6fe45d0af45e@group-A1165329A1F1, cid=1446, SUCCESS, logIndex=0, commits[4234af2c-5377-4886-a4e8-6fe45d0af45e:c2040, cef72988-acf5-49ad-9ec7-695a80e7a66d:c2038, d677508c-6db9-4741-b51c-49af5e4cf22f:c2038]
2019-09-08 07:07:28,073 [grpc-default-executor-0] INFO  client.GrpcClientProtocolClient (GrpcClientProtocolClient.java:onNext(264)) - client-119D756B1005->4234af2c-5377-4886-a4e8-6fe45d0af45e: receive RaftClientReply:client-119D756B1005->4234af2c-5377-4886-a4e8-6fe45d0af45e@group-A1165329A1F1, cid=1447, SUCCESS, logIndex=2041, commits[4234af2c-5377-4886-a4e8-6fe45d0af45e:c2043, cef72988-acf5-49ad-9ec7-695a80e7a66d:c2040, d677508c-6db9-4741-b51c-49af5e4cf22f:c2040]
2019-09-08 07:07:28,074 [grpc-default-executor-0] INFO  client.GrpcClientProtocolClient (GrpcClientProtocolClient.java:onNext(264)) - client-119D756B1005->4234af2c-5377-4886-a4e8-6fe45d0af45e: receive RaftClientReply:client-119D756B1005->4234af2c-5377-4886-a4e8-6fe45d0af45e@group-A1165329A1F1, cid=1448, SUCCESS, logIndex=2042, commits[4234af2c-5377-4886-a4e8-6fe45d0af45e:c2044, cef72988-acf5-49ad-9ec7-695a80e7a66d:c2040, d677508c-6db9-4741-b51c-49af5e4cf22f:c2040]
2019-09-08 07:07:28,074 [grpc-default-executor-0] INFO  client.GrpcClientProtocolClient (GrpcClientProtocolClient.java:onNext(264)) - client-119D756B1005->4234af2c-5377-4886-a4e8-6fe45d0af45e: receive RaftClientReply:client-119D756B1005->4234af2c-5377-4886-a4e8-6fe45d0af45e@group-A1165329A1F1, cid=1449, SUCCESS, logIndex=2043, commits[4234af2c-5377-4886-a4e8-6fe45d0af45e:c2044, cef72988-acf5-49ad-9ec7-695a80e7a66d:c2040, d677508c-6db9-4741-b51c-49af5e4cf22f:c2040]
2019-09-08 07:07:28,074 [grpc-default-executor-0] INFO  client.GrpcClientProtocolClient (GrpcClientProtocolClient.java:onNext(264)) - client-119D756B1005->4234af2c-5377-4886-a4e8-6fe45d0af45e: receive RaftClientReply:client-119D756B1005->4234af2c-5377-4886-a4e8-6fe45d0af45e@group-A1165329A1F1, cid=1450, SUCCESS, logIndex=2044, commits[4234af2c-5377-4886-a4e8-6fe45d0af45e:c2044, cef72988-acf5-49ad-9ec7-695a80e7a66d:c2040, d677508c-6db9-4741-b51c-49af5e4cf22f:c2040]
2019-09-08 07:07:28,076 [grpc-default-executor-0] INFO  client.GrpcClientProtocolClient (GrpcClientProtocolClient.java:onNext(264)) - client-119D756B1005->4234af2c-5377-4886-a4e8-6fe45d0af45e: receive RaftClientReply:client-119D756B1005->4234af2c-5377-4886-a4e8-6fe45d0af45e@group-A1165329A1F1, cid=1451, SUCCESS, logIndex=0, commits[4234af2c-5377-4886-a4e8-6fe45d0af45e:c2045, cef72988-acf5-49ad-9ec7-695a80e7a66d:c2042, d677508c-6db9-4741-b51c-49af5e4cf22f:c2042]
2019-09-08 07:07:28,096 [grpc-default-executor-4] INFO  client.GrpcClientProtocolClient (GrpcClientProtocolClient.java:onNext(264)) - client-119D756B1005->4234af2c-5377-4886-a4e8-6fe45d0af45e: receive RaftClientReply:client-119D756B1005->4234af2c-5377-4886-a4e8-6fe45d0af45e@group-A1165329A1F1, cid=1452, SUCCESS, logIndex=2049, commits[4234af2c-5377-4886-a4e8-6fe45d0af45e:c2050, cef72988-acf5-49ad-9ec7-695a80e7a66d:c2048, d677508c-6db9-4741-b51c-49af5e4cf22f:c2048]
2019-09-08 07:07:28,096 [grpc-default-executor-4] INFO  client.GrpcClientProtocolClient (GrpcClientProtocolClient.java:onNext(264)) - client-119D756B1005->4234af2c-5377-4886-a4e8-6fe45d0af45e: receive RaftClientReply:client-119D756B1005->4234af2c-5377-4886-a4e8-6fe45d0af45e@group-A1165329A1F1, cid=1453, SUCCESS, logIndex=2050, commits[4234af2c-5377-4886-a4e8-6fe45d0af45e:c2050, cef72988-acf5-49ad-9ec7-695a80e7a66d:c2048, d677508c-6db9-4741-b51c-49af5e4cf22f:c2048]
2019-09-08 07:07:28,109 [grpc-default-executor-4] INFO  client.GrpcClientProtocolClient (GrpcClientProtocolClient.java:onNext(264)) - client-119D756B1005->4234af2c-5377-4886-a4e8-6fe45d0af45e: receive RaftClientReply:client-119D756B1005->4234af2c-5377-4886-a4e8-6fe45d0af45e@group-A1165329A1F1, cid=1454, SUCCESS, logIndex=2053, commits[4234af2c-5377-4886-a4e8-6fe45d0af45e:c2054, cef72988-acf5-49ad-9ec7-695a80e7a66d:c2050, d677508c-6db9-4741-b51c-49af5e4cf22f:c2050]
2019-09-08 07:07:28,109 [grpc-default-executor-4] INFO  client.GrpcClientProtocolClient (GrpcClientProtocolClient.java:onNext(264)) - client-119D756B1005->4234af2c-5377-4886-a4e8-6fe45d0af45e: receive RaftClientReply:client-119D756B1005->4234af2c-5377-4886-a4e8-6fe45d0af45e@group-A1165329A1F1, cid=1455, SUCCESS, logIndex=2054, commits[4234af2c-5377-4886-a4e8-6fe45d0af45e:c2054, cef72988-acf5-49ad-9ec7-695a80e7a66d:c2050, d677508c-6db9-4741-b51c-49af5e4cf22f:c2050]
2019-09-08 07:07:28,122 [grpc-default-executor-4] INFO  client.GrpcClientProtocolClient (GrpcClientProtocolClient.java:onNext(264)) - client-119D756B1005->4234af2c-5377-4886-a4e8-6fe45d0af45e: receive RaftClientReply:client-119D756B1005->4234af2c-5377-4886-a4e8-6fe45d0af45e@group-A1165329A1F1, cid=1456, SUCCESS, logIndex=0, commits[4234af2c-5377-4886-a4e8-6fe45d0af45e:c2056, cef72988-acf5-49ad-9ec7-695a80e7a66d:c2054, d677508c-6db9-4741-b51c-49af5e4cf22f:c2054]
2019-09-08 07:07:28,151 [grpc-default-executor-6] INFO  client.GrpcClientProtocolClient (GrpcClientProtocolClient.java:onNext(264)) - client-119D756B1005->4234af2c-5377-4886-a4e8-6fe45d0af45e: receive RaftClientReply:client-119D756B1005->4234af2c-5377-4886-a4e8-6fe45d0af45e@group-A1165329A1F1, cid=1457, SUCCESS, logIndex=2057, commits[4234af2c-5377-4886-a4e8-6fe45d0af45e:c2058, cef72988-acf5-49ad-9ec7-695a80e7a66d:c2056, d677508c-6db9-4741-b51c-49af5e4cf22f:c2056]
2019-09-08 07:07:28,151 [grpc-default-executor-6] INFO  client.GrpcClientProtocolClient (GrpcClientProtocolClient.java:onNext(264)) - client-119D756B1005->4234af2c-5377-4886-a4e8-6fe45d0af45e: receive RaftClientReply:client-119D756B1005->4234af2c-5377-4886-a4e8-6fe45d0af45e@group-A1165329A1F1, cid=1458, SUCCESS, logIndex=2058, commits[4234af2c-5377-4886-a4e8-6fe45d0af45e:c2060, cef72988-acf5-49ad-9ec7-695a80e7a66d:c2056, d677508c-6db9-4741-b51c-49af5e4cf22f:c2056]
2019-09-08 07:07:28,151 [grpc-default-executor-6] INFO  client.GrpcClientProtocolClient (GrpcClientProtocolClient.java:onNext(264)) - client-119D756B1005->4234af2c-5377-4886-a4e8-6fe45d0af45e: receive RaftClientReply:client-119D756B1005->4234af2c-5377-4886-a4e8-6fe45d0af45e@group-A1165329A1F1, cid=1459, SUCCESS, logIndex=2059, commits[4234af2c-5377-4886-a4e8-6fe45d0af45e:c2060, cef72988-acf5-49ad-9ec7-695a80e7a66d:c2056, d677508c-6db9-4741-b51c-49af5e4cf22f:c2056]
2019-09-08 07:07:28,151 [grpc-default-executor-6] INFO  client.GrpcClientProtocolClient (GrpcClientProtocolClient.java:onNext(264)) - client-119D756B1005->4234af2c-5377-4886-a4e8-6fe45d0af45e: receive RaftClientReply:client-119D756B1005->4234af2c-5377-4886-a4e8-6fe45d0af45e@group-A1165329A1F1, cid=1460, SUCCESS, logIndex=2060, commits[4234af2c-5377-4886-a4e8-6fe45d0af45e:c2060, cef72988-acf5-49ad-9ec7-695a80e7a66d:c2056, d677508c-6db9-4741-b51c-49af5e4cf22f:c2056]
2019-09-08 07:07:28,164 [grpc-default-executor-3] INFO  client.GrpcClientProtocolClient (GrpcClientProtocolClient.java:onNext(264)) - client-119D756B1005->4234af2c-5377-4886-a4e8-6fe45d0af45e: receive RaftClientReply:client-119D756B1005->4234af2c-5377-4886-a4e8-6fe45d0af45e@group-A1165329A1F1, cid=1461, SUCCESS, logIndex=0, commits[4234af2c-5377-4886-a4e8-6fe45d0af45e:c2061, cef72988-acf5-49ad-9ec7-695a80e7a66d:c2058, d677508c-6db9-4741-b51c-49af5e4cf22f:c2059]
2019-09-08 07:07:28,183 [grpc-default-executor-0] INFO  client.GrpcClientProtocolClient (GrpcClientProtocolClient.java:onNext(264)) - client-119D756B1005->4234af2c-5377-4886-a4e8-6fe45d0af45e: receive RaftClientReply:client-119D756B1005->4234af2c-5377-4886-a4e8-6fe45d0af45e@group-A1165329A1F1, cid=1462, SUCCESS, logIndex=2065, commits[4234af2c-5377-4886-a4e8-6fe45d0af45e:c2066, cef72988-acf5-49ad-9ec7-695a80e7a66d:c2064, d677508c-6db9-4741-b51c-49af5e4cf22f:c2064]
2019-09-08 07:07:28,183 [grpc-default-executor-0] INFO  client.GrpcClientProtocolClient (GrpcClientProtocolClient.java:onNext(264)) - client-119D756B1005->4234af2c-5377-4886-a4e8-6fe45d0af45e: receive RaftClientReply:client-119D756B1005->4234af2c-5377-4886-a4e8-6fe45d0af45e@group-A1165329A1F1, cid=1463, SUCCESS, logIndex=2066, commits[4234af2c-5377-4886-a4e8-6fe45d0af45e:c2066, cef72988-acf5-49ad-9ec7-695a80e7a66d:c2064, d677508c-6db9-4741-b51c-49af5e4cf22f:c2064]
2019-09-08 07:07:28,193 [grpc-default-executor-3] INFO  client.GrpcClientProtocolClient (GrpcClientProtocolClient.java:onNext(264)) - client-119D756B1005->4234af2c-5377-4886-a4e8-6fe45d0af45e: receive RaftClientReply:client-119D756B1005->4234af2c-5377-4886-a4e8-6fe45d0af45e@group-A1165329A1F1, cid=1464, SUCCESS, logIndex=2069, commits[4234af2c-5377-4886-a4e8-6fe45d0af45e:c2070, cef72988-acf5-49ad-9ec7-695a80e7a66d:c2068, d677508c-6db9-4741-b51c-49af5e4cf22f:c2066]
2019-09-08 07:07:28,193 [grpc-default-executor-3] INFO  client.GrpcClientProtocolClient (GrpcClientProtocolClient.java:onNext(264)) - client-119D756B1005->4234af2c-5377-4886-a4e8-6fe45d0af45e: receive RaftClientReply:client-119D756B1005->4234af2c-5377-4886-a4e8-6fe45d0af45e@group-A1165329A1F1, cid=1465, SUCCESS, logIndex=2070, commits[4234af2c-5377-4886-a4e8-6fe45d0af45e:c2070, cef72988-acf5-49ad-9ec7-695a80e7a66d:c2068, d677508c-6db9-4741-b51c-49af5e4cf22f:c2068]
2019-09-08 07:07:28,195 [grpc-default-executor-3] INFO  client.GrpcClientProtocolClient (GrpcClientProtocolClient.java:onNext(264)) - client-119D756B1005->4234af2c-5377-4886-a4e8-6fe45d0af45e: receive RaftClientReply:client-119D756B1005->4234af2c-5377-4886-a4e8-6fe45d0af45e@group-A1165329A1F1, cid=1466, SUCCESS, logIndex=0, commits[4234af2c-5377-4886-a4e8-6fe45d0af45e:c2071, cef72988-acf5-49ad-9ec7-695a80e7a66d:c2070, d677508c-6db9-4741-b51c-49af5e4cf22f:c2070]
2019-09-08 07:07:28,214 [grpc-default-executor-3] INFO  client.GrpcClientProtocolClient (GrpcClientProtocolClient.java:onNext(264)) - client-119D756B1005->4234af2c-5377-4886-a4e8-6fe45d0af45e: receive RaftClientReply:client-119D756B1005->4234af2c-5377-4886-a4e8-6fe45d0af45e@group-A1165329A1F1, cid=1467, SUCCESS, logIndex=2073, commits[4234af2c-5377-4886-a4e8-6fe45d0af45e:c2075, cef72988-acf5-49ad-9ec7-695a80e7a66d:c2070, d677508c-6db9-4741-b51c-49af5e4cf22f:c2072]
2019-09-08 07:07:28,214 [grpc-default-executor-3] INFO  client.GrpcClientProtocolClient (GrpcClientProtocolClient.java:onNext(264)) - client-119D756B1005->4234af2c-5377-4886-a4e8-6fe45d0af45e: receive RaftClientReply:client-119D756B1005->4234af2c-5377-4886-a4e8-6fe45d0af45e@group-A1165329A1F1, cid=1468, SUCCESS, logIndex=2074, commits[4234af2c-5377-4886-a4e8-6fe45d0af45e:c2076, cef72988-acf5-49ad-9ec7-695a80e7a66d:c2072, d677508c-6db9-4741-b51c-49af5e4cf22f:c2072]
2019-09-08 07:07:28,214 [grpc-default-executor-3] INFO  client.GrpcClientProtocolClient (GrpcClientProtocolClient.java:onNext(264)) - client-119D756B1005->4234af2c-5377-4886-a4e8-6fe45d0af45e: receive RaftClientReply:client-119D756B1005->4234af2c-5377-4886-a4e8-6fe45d0af45e@group-A1165329A1F1, cid=1469, SUCCESS, logIndex=2075, commits[4234af2c-5377-4886-a4e8-6fe45d0af45e:c2076, cef72988-acf5-49ad-9ec7-695a80e7a66d:c2072, d677508c-6db9-4741-b51c-49af5e4cf22f:c2072]
2019-09-08 07:07:28,215 [grpc-default-executor-3] INFO  client.GrpcClientProtocolClient (GrpcClientProtocolClient.java:onNext(264)) - client-119D756B1005->4234af2c-5377-4886-a4e8-6fe45d0af45e: receive RaftClientReply:client-119D756B1005->4234af2c-5377-4886-a4e8-6fe45d0af45e@group-A1165329A1F1, cid=1470, SUCCESS, logIndex=2076, commits[4234af2c-5377-4886-a4e8-6fe45d0af45e:c2076, cef72988-acf5-49ad-9ec7-695a80e7a66d:c2072, d677508c-6db9-4741-b51c-49af5e4cf22f:c2072]
2019-09-08 07:07:28,216 [grpc-default-executor-0] INFO  client.GrpcClientProtocolClient (GrpcClientProtocolClient.java:onNext(264)) - client-119D756B1005->4234af2c-5377-4886-a4e8-6fe45d0af45e: receive RaftClientReply:client-119D756B1005->4234af2c-5377-4886-a4e8-6fe45d0af45e@group-A1165329A1F1, cid=1471, SUCCESS, logIndex=0, commits[4234af2c-5377-4886-a4e8-6fe45d0af45e:c2077, cef72988-acf5-49ad-9ec7-695a80e7a66d:c2075, d677508c-6db9-4741-b51c-49af5e4cf22f:c2074]
2019-09-08 07:07:28,225 [grpc-default-executor-0] INFO  client.GrpcClientProtocolClient (GrpcClientProtocolClient.java:onNext(264)) - client-119D756B1005->4234af2c-5377-4886-a4e8-6fe45d0af45e: receive RaftClientReply:client-119D756B1005->4234af2c-5377-4886-a4e8-6fe45d0af45e@group-A1165329A1F1, cid=1472, SUCCESS, logIndex=2081, commits[4234af2c-5377-4886-a4e8-6fe45d0af45e:c2082, cef72988-acf5-49ad-9ec7-695a80e7a66d:c2080, d677508c-6db9-4741-b51c-49af5e4cf22f:c2076]
2019-09-08 07:07:28,225 [grpc-default-executor-0] INFO  client.GrpcClientProtocolClient (GrpcClientProtocolClient.java:onNext(264)) - client-119D756B1005->4234af2c-5377-4886-a4e8-6fe45d0af45e: receive RaftClientReply:client-119D756B1005->4234af2c-5377-4886-a4e8-6fe45d0af45e@group-A1165329A1F1, cid=1473, SUCCESS, logIndex=2082, commits[4234af2c-5377-4886-a4e8-6fe45d0af45e:c2082, cef72988-acf5-49ad-9ec7-695a80e7a66d:c2080, d677508c-6db9-4741-b51c-49af5e4cf22f:c2076]
2019-09-08 07:07:28,242 [grpc-default-executor-3] INFO  client.GrpcClientProtocolClient (GrpcClientProtocolClient.java:onNext(264)) - client-119D756B1005->4234af2c-5377-4886-a4e8-6fe45d0af45e: receive RaftClientReply:client-119D756B1005->4234af2c-5377-4886-a4e8-6fe45d0af45e@group-A1165329A1F1, cid=1474, SUCCESS, logIndex=2085, commits[4234af2c-5377-4886-a4e8-6fe45d0af45e:c2086, cef72988-acf5-49ad-9ec7-695a80e7a66d:c2084, d677508c-6db9-4741-b51c-49af5e4cf22f:c2084]
2019-09-08 07:07:28,242 [grpc-default-executor-3] INFO  client.GrpcClientProtocolClient (GrpcClientProtocolClient.java:onNext(264)) - client-119D756B1005->4234af2c-5377-4886-a4e8-6fe45d0af45e: receive RaftClientReply:client-119D756B1005->4234af2c-5377-4886-a4e8-6fe45d0af45e@group-A1165329A1F1, cid=1475, SUCCESS, logIndex=2086, commits[4234af2c-5377-4886-a4e8-6fe45d0af45e:c2086, cef72988-acf5-49ad-9ec7-695a80e7a66d:c2084, d677508c-6db9-4741-b51c-49af5e4cf22f:c2084]
2019-09-08 07:07:28,253 [grpc-default-executor-3] INFO  client.GrpcClientProtocolClient (GrpcClientProtocolClient.java:onNext(264)) - client-119D756B1005->4234af2c-5377-4886-a4e8-6fe45d0af45e: receive RaftClientReply:client-119D756B1005->4234af2c-5377-4886-a4e8-6fe45d0af45e@group-A1165329A1F1, cid=1476, SUCCESS, logIndex=0, commits[4234af2c-5377-4886-a4e8-6fe45d0af45e:c2088, cef72988-acf5-49ad-9ec7-695a80e7a66d:c2086, d677508c-6db9-4741-b51c-49af5e4cf22f:c2086]
2019-09-08 07:07:28,277 [grpc-default-executor-3] INFO  client.GrpcClientProtocolClient (GrpcClientProtocolClient.java:onNext(264)) - client-119D756B1005->4234af2c-5377-4886-a4e8-6fe45d0af45e: receive RaftClientReply:client-119D756B1005->4234af2c-5377-4886-a4e8-6fe45d0af45e@group-A1165329A1F1, cid=1477, SUCCESS, logIndex=2089, commits[4234af2c-5377-4886-a4e8-6fe45d0af45e:c2090, cef72988-acf5-49ad-9ec7-695a80e7a66d:c2088, d677508c-6db9-4741-b51c-49af5e4cf22f:c2088]
2019-09-08 07:07:28,277 [grpc-default-executor-3] INFO  client.GrpcClientProtocolClient (GrpcClientProtocolClient.java:onNext(264)) - client-119D756B1005->4234af2c-5377-4886-a4e8-6fe45d0af45e: receive RaftClientReply:client-119D756B1005->4234af2c-5377-4886-a4e8-6fe45d0af45e@group-A1165329A1F1, cid=1478, SUCCESS, logIndex=2090, commits[4234af2c-5377-4886-a4e8-6fe45d0af45e:c2092, cef72988-acf5-49ad-9ec7-695a80e7a66d:c2088, d677508c-6db9-4741-b51c-49af5e4cf22f:c2088]
2019-09-08 07:07:28,277 [grpc-default-executor-3] INFO  client.GrpcClientProtocolClient (GrpcClientProtocolClient.java:onNext(264)) - client-119D756B1005->4234af2c-5377-4886-a4e8-6fe45d0af45e: receive RaftClientReply:client-119D756B1005->4234af2c-5377-4886-a4e8-6fe45d0af45e@group-A1165329A1F1, cid=1479, SUCCESS, logIndex=2091, commits[4234af2c-5377-4886-a4e8-6fe45d0af45e:c2092, cef72988-acf5-49ad-9ec7-695a80e7a66d:c2088, d677508c-6db9-4741-b51c-49af5e4cf22f:c2088]
2019-09-08 07:07:28,278 [grpc-default-executor-3] INFO  client.GrpcClientProtocolClient (GrpcClientProtocolClient.java:onNext(264)) - client-119D756B1005->4234af2c-5377-4886-a4e8-6fe45d0af45e: receive RaftClientReply:client-119D756B1005->4234af2c-5377-4886-a4e8-6fe45d0af45e@group-A1165329A1F1, cid=1480, SUCCESS, logIndex=2092, commits[4234af2c-5377-4886-a4e8-6fe45d0af45e:c2092, cef72988-acf5-49ad-9ec7-695a80e7a66d:c2088, d677508c-6db9-4741-b51c-49af5e4cf22f:c2088]
2019-09-08 07:07:28,279 [grpc-default-executor-3] INFO  client.GrpcClientProtocolClient (GrpcClientProtocolClient.java:onNext(264)) - client-119D756B1005->4234af2c-5377-4886-a4e8-6fe45d0af45e: receive RaftClientReply:client-119D756B1005->4234af2c-5377-4886-a4e8-6fe45d0af45e@group-A1165329A1F1, cid=1481, SUCCESS, logIndex=0, commits[4234af2c-5377-4886-a4e8-6fe45d0af45e:c2096, cef72988-acf5-49ad-9ec7-695a80e7a66d:c2092, d677508c-6db9-4741-b51c-49af5e4cf22f:c2090]
2019-09-08 07:07:28,296 [grpc-default-executor-6] INFO  client.GrpcClientProtocolClient (GrpcClientProtocolClient.java:onNext(264)) - client-119D756B1005->4234af2c-5377-4886-a4e8-6fe45d0af45e: receive RaftClientReply:client-119D756B1005->4234af2c-5377-4886-a4e8-6fe45d0af45e@group-A1165329A1F1, cid=1482, SUCCESS, logIndex=2097, commits[4234af2c-5377-4886-a4e8-6fe45d0af45e:c2098, cef72988-acf5-49ad-9ec7-695a80e7a66d:c2096, d677508c-6db9-4741-b51c-49af5e4cf22f:c2096]
2019-09-08 07:07:28,296 [grpc-default-executor-6] INFO  client.GrpcClientProtocolClient (GrpcClientProtocolClient.java:onNext(264)) - client-119D756B1005->4234af2c-5377-4886-a4e8-6fe45d0af45e: receive RaftClientReply:client-119D756B1005->4234af2c-5377-4886-a4e8-6fe45d0af45e@group-A1165329A1F1, cid=1483, SUCCESS, logIndex=2098, commits[4234af2c-5377-4886-a4e8-6fe45d0af45e:c2098, cef72988-acf5-49ad-9ec7-695a80e7a66d:c2096, d677508c-6db9-4741-b51c-49af5e4cf22f:c2096]
2019-09-08 07:07:28,314 [grpc-default-executor-0] INFO  client.GrpcClientProtocolClient (GrpcClientProtocolClient.java:onNext(264)) - client-119D756B1005->4234af2c-5377-4886-a4e8-6fe45d0af45e: receive RaftClientReply:client-119D756B1005->4234af2c-5377-4886-a4e8-6fe45d0af45e@group-A1165329A1F1, cid=1484, SUCCESS, logIndex=2101, commits[4234af2c-5377-4886-a4e8-6fe45d0af45e:c2101, cef72988-acf5-49ad-9ec7-695a80e7a66d:c2098, d677508c-6db9-4741-b51c-49af5e4cf22f:c2098]
2019-09-08 07:07:28,314 [grpc-default-executor-0] INFO  client.GrpcClientProtocolClient (GrpcClientProtocolClient.java:onNext(264)) - client-119D756B1005->4234af2c-5377-4886-a4e8-6fe45d0af45e: receive RaftClientReply:client-119D756B1005->4234af2c-5377-4886-a4e8-6fe45d0af45e@group-A1165329A1F1, cid=1485, SUCCESS, logIndex=2102, commits[4234af2c-5377-4886-a4e8-6fe45d0af45e:c2102, cef72988-acf5-49ad-9ec7-695a80e7a66d:c2098, d677508c-6db9-4741-b51c-49af5e4cf22f:c2098]
 0.00% |█                                                                                                    |  0/1 Time: 0:00:092019-09-08 07:07:28,327 [grpc-default-executor-0] INFO  client.GrpcClientProtocolClient (GrpcClientProtocolClient.java:onNext(264)) - client-119D756B1005->4234af2c-5377-4886-a4e8-6fe45d0af45e: receive RaftClientReply:client-119D756B1005->4234af2c-5377-4886-a4e8-6fe45d0af45e@group-A1165329A1F1, cid=1486, SUCCESS, logIndex=0, commits[4234af2c-5377-4886-a4e8-6fe45d0af45e:c2104, cef72988-acf5-49ad-9ec7-695a80e7a66d:c2102, d677508c-6db9-4741-b51c-49af5e4cf22f:c2102]
2019-09-08 07:07:28,459 [grpc-default-executor-0] INFO  client.GrpcClientProtocolClient (GrpcClientProtocolClient.java:onNext(264)) - client-119D756B1005->4234af2c-5377-4886-a4e8-6fe45d0af45e: receive RaftClientReply:client-119D756B1005->4234af2c-5377-4886-a4e8-6fe45d0af45e@group-A1165329A1F1, cid=1487, SUCCESS, logIndex=2105, commits[4234af2c-5377-4886-a4e8-6fe45d0af45e:c2106, cef72988-acf5-49ad-9ec7-695a80e7a66d:c2104, d677508c-6db9-4741-b51c-49af5e4cf22f:c2102]
2019-09-08 07:07:28,460 [grpc-default-executor-3] INFO  client.GrpcClientProtocolClient (GrpcClientProtocolClient.java:onNext(264)) - client-119D756B1005->4234af2c-5377-4886-a4e8-6fe45d0af45e: receive RaftClientReply:client-119D756B1005->4234af2c-5377-4886-a4e8-6fe45d0af45e@group-A1165329A1F1, cid=1488, SUCCESS, logIndex=2106, commits[4234af2c-5377-4886-a4e8-6fe45d0af45e:c2106, cef72988-acf5-49ad-9ec7-695a80e7a66d:c2104, d677508c-6db9-4741-b51c-49af5e4cf22f:c2104]
2019-09-08 07:07:28,460 [grpc-default-executor-3] INFO  client.GrpcClientProtocolClient (GrpcClientProtocolClient.java:onNext(264)) - client-119D756B1005->4234af2c-5377-4886-a4e8-6fe45d0af45e: receive RaftClientReply:client-119D756B1005->4234af2c-5377-4886-a4e8-6fe45d0af45e@group-A1165329A1F1, cid=1489, SUCCESS, logIndex=2107, commits[4234af2c-5377-4886-a4e8-6fe45d0af45e:c2108, cef72988-acf5-49ad-9ec7-695a80e7a66d:c2104, d677508c-6db9-4741-b51c-49af5e4cf22f:c2104]
2019-09-08 07:07:28,461 [grpc-default-executor-3] INFO  client.GrpcClientProtocolClient (GrpcClientProtocolClient.java:onNext(264)) - client-119D756B1005->4234af2c-5377-4886-a4e8-6fe45d0af45e: receive RaftClientReply:client-119D756B1005->4234af2c-5377-4886-a4e8-6fe45d0af45e@group-A1165329A1F1, cid=1490, SUCCESS, logIndex=2108, commits[4234af2c-5377-4886-a4e8-6fe45d0af45e:c2108, cef72988-acf5-49ad-9ec7-695a80e7a66d:c2104, d677508c-6db9-4741-b51c-49af5e4cf22f:c2104]
2019-09-08 07:07:28,462 [grpc-default-executor-3] INFO  client.GrpcClientProtocolClient (GrpcClientProtocolClient.java:onNext(264)) - client-119D756B1005->4234af2c-5377-4886-a4e8-6fe45d0af45e: receive RaftClientReply:client-119D756B1005->4234af2c-5377-4886-a4e8-6fe45d0af45e@group-A1165329A1F1, cid=1491, SUCCESS, logIndex=0, commits[4234af2c-5377-4886-a4e8-6fe45d0af45e:c2110, cef72988-acf5-49ad-9ec7-695a80e7a66d:c2106, d677508c-6db9-4741-b51c-49af5e4cf22f:c2106]
2019-09-08 07:07:28,482 [grpc-default-executor-0] INFO  client.GrpcClientProtocolClient (GrpcClientProtocolClient.java:onNext(264)) - client-119D756B1005->4234af2c-5377-4886-a4e8-6fe45d0af45e: receive RaftClientReply:client-119D756B1005->4234af2c-5377-4886-a4e8-6fe45d0af45e@group-A1165329A1F1, cid=1492, SUCCESS, logIndex=2113, commits[4234af2c-5377-4886-a4e8-6fe45d0af45e:c2114, cef72988-acf5-49ad-9ec7-695a80e7a66d:c2112, d677508c-6db9-4741-b51c-49af5e4cf22f:c2112]
2019-09-08 07:07:28,482 [grpc-default-executor-0] INFO  client.GrpcClientProtocolClient (GrpcClientProtocolClient.java:onNext(264)) - client-119D756B1005->4234af2c-5377-4886-a4e8-6fe45d0af45e: receive RaftClientReply:client-119D756B1005->4234af2c-5377-4886-a4e8-6fe45d0af45e@group-A1165329A1F1, cid=1493, SUCCESS, logIndex=2114, commits[4234af2c-5377-4886-a4e8-6fe45d0af45e:c2114, cef72988-acf5-49ad-9ec7-695a80e7a66d:c2112, d677508c-6db9-4741-b51c-49af5e4cf22f:c2112]
2019-09-08 07:07:28,496 [grpc-default-executor-3] INFO  client.GrpcClientProtocolClient (GrpcClientProtocolClient.java:onNext(264)) - client-119D756B1005->4234af2c-5377-4886-a4e8-6fe45d0af45e: receive RaftClientReply:client-119D756B1005->4234af2c-5377-4886-a4e8-6fe45d0af45e@group-A1165329A1F1, cid=1494, SUCCESS, logIndex=2117, commits[4234af2c-5377-4886-a4e8-6fe45d0af45e:c2118, cef72988-acf5-49ad-9ec7-695a80e7a66d:c2114, d677508c-6db9-4741-b51c-49af5e4cf22f:c2114]
2019-09-08 07:07:28,496 [grpc-default-executor-3] INFO  client.GrpcClientProtocolClient (GrpcClientProtocolClient.java:onNext(264)) - client-119D756B1005->4234af2c-5377-4886-a4e8-6fe45d0af45e: receive RaftClientReply:client-119D756B1005->4234af2c-5377-4886-a4e8-6fe45d0af45e@group-A1165329A1F1, cid=1495, SUCCESS, logIndex=2118, commits[4234af2c-5377-4886-a4e8-6fe45d0af45e:c2118, cef72988-acf5-49ad-9ec7-695a80e7a66d:c2114, d677508c-6db9-4741-b51c-49af5e4cf22f:c2114]
2019-09-08 07:07:28,509 [grpc-default-executor-3] INFO  client.GrpcClientProtocolClient (GrpcClientProtocolClient.java:onNext(264)) - client-119D756B1005->4234af2c-5377-4886-a4e8-6fe45d0af45e: receive RaftClientReply:client-119D756B1005->4234af2c-5377-4886-a4e8-6fe45d0af45e@group-A1165329A1F1, cid=1496, SUCCESS, logIndex=0, commits[4234af2c-5377-4886-a4e8-6fe45d0af45e:c2120, cef72988-acf5-49ad-9ec7-695a80e7a66d:c2118, d677508c-6db9-4741-b51c-49af5e4cf22f:c2118]
2019-09-08 07:07:28,537 [grpc-default-executor-6] INFO  client.GrpcClientProtocolClient (GrpcClientProtocolClient.java:onNext(264)) - client-119D756B1005->4234af2c-5377-4886-a4e8-6fe45d0af45e: receive RaftClientReply:client-119D756B1005->4234af2c-5377-4886-a4e8-6fe45d0af45e@group-A1165329A1F1, cid=1497, SUCCESS, logIndex=2121, commits[4234af2c-5377-4886-a4e8-6fe45d0af45e:c2122, cef72988-acf5-49ad-9ec7-695a80e7a66d:c2120, d677508c-6db9-4741-b51c-49af5e4cf22f:c2120]
2019-09-08 07:07:28,537 [grpc-default-executor-6] INFO  client.GrpcClientProtocolClient (GrpcClientProtocolClient.java:onNext(264)) - client-119D756B1005->4234af2c-5377-4886-a4e8-6fe45d0af45e: receive RaftClientReply:client-119D756B1005->4234af2c-5377-4886-a4e8-6fe45d0af45e@group-A1165329A1F1, cid=1498, SUCCESS, logIndex=2122, commits[4234af2c-5377-4886-a4e8-6fe45d0af45e:c2124, cef72988-acf5-49ad-9ec7-695a80e7a66d:c2120, d677508c-6db9-4741-b51c-49af5e4cf22f:c2120]
2019-09-08 07:07:28,538 [grpc-default-executor-6] INFO  client.GrpcClientProtocolClient (GrpcClientProtocolClient.java:onNext(264)) - client-119D756B1005->4234af2c-5377-4886-a4e8-6fe45d0af45e: receive RaftClientReply:client-119D756B1005->4234af2c-5377-4886-a4e8-6fe45d0af45e@group-A1165329A1F1, cid=1499, SUCCESS, logIndex=2123, commits[4234af2c-5377-4886-a4e8-6fe45d0af45e:c2124, cef72988-acf5-49ad-9ec7-695a80e7a66d:c2120, d677508c-6db9-4741-b51c-49af5e4cf22f:c2120]
2019-09-08 07:07:28,538 [grpc-default-executor-0] INFO  client.GrpcClientProtocolClient (GrpcClientProtocolClient.java:onNext(264)) - client-119D756B1005->4234af2c-5377-4886-a4e8-6fe45d0af45e: receive RaftClientReply:client-119D756B1005->4234af2c-5377-4886-a4e8-6fe45d0af45e@group-A1165329A1F1, cid=1500, SUCCESS, logIndex=2124, commits[4234af2c-5377-4886-a4e8-6fe45d0af45e:c2124, cef72988-acf5-49ad-9ec7-695a80e7a66d:c2120, d677508c-6db9-4741-b51c-49af5e4cf22f:c2120]
2019-09-08 07:07:28,540 [grpc-default-executor-0] INFO  client.GrpcClientProtocolClient (GrpcClientProtocolClient.java:onNext(264)) - client-119D756B1005->4234af2c-5377-4886-a4e8-6fe45d0af45e: receive RaftClientReply:client-119D756B1005->4234af2c-5377-4886-a4e8-6fe45d0af45e@group-A1165329A1F1, cid=1501, SUCCESS, logIndex=0, commits[4234af2c-5377-4886-a4e8-6fe45d0af45e:c2127, cef72988-acf5-49ad-9ec7-695a80e7a66d:c2123, d677508c-6db9-4741-b51c-49af5e4cf22f:c2122]
2019-09-08 07:07:28,559 [grpc-default-executor-4] INFO  client.GrpcClientProtocolClient (GrpcClientProtocolClient.java:onNext(264)) - client-119D756B1005->4234af2c-5377-4886-a4e8-6fe45d0af45e: receive RaftClientReply:client-119D756B1005->4234af2c-5377-4886-a4e8-6fe45d0af45e@group-A1165329A1F1, cid=1502, SUCCESS, logIndex=2129, commits[4234af2c-5377-4886-a4e8-6fe45d0af45e:c2130, cef72988-acf5-49ad-9ec7-695a80e7a66d:c2128, d677508c-6db9-4741-b51c-49af5e4cf22f:c2128]
2019-09-08 07:07:28,559 [grpc-default-executor-4] INFO  client.GrpcClientProtocolClient (GrpcClientProtocolClient.java:onNext(264)) - client-119D756B1005->4234af2c-5377-4886-a4e8-6fe45d0af45e: receive RaftClientReply:client-119D756B1005->4234af2c-5377-4886-a4e8-6fe45d0af45e@group-A1165329A1F1, cid=1503, SUCCESS, logIndex=2130, commits[4234af2c-5377-4886-a4e8-6fe45d0af45e:c2130, cef72988-acf5-49ad-9ec7-695a80e7a66d:c2128, d677508c-6db9-4741-b51c-49af5e4cf22f:c2128]
2019-09-08 07:07:28,592 [grpc-default-executor-4] INFO  client.GrpcClientProtocolClient (GrpcClientProtocolClient.java:onNext(264)) - client-119D756B1005->4234af2c-5377-4886-a4e8-6fe45d0af45e: receive RaftClientReply:client-119D756B1005->4234af2c-5377-4886-a4e8-6fe45d0af45e@group-A1165329A1F1, cid=1504, SUCCESS, logIndex=2133, commits[4234af2c-5377-4886-a4e8-6fe45d0af45e:c2134, cef72988-acf5-49ad-9ec7-695a80e7a66d:c2132, d677508c-6db9-4741-b51c-49af5e4cf22f:c2132]
2019-09-08 07:07:28,592 [grpc-default-executor-4] INFO  client.GrpcClientProtocolClient (GrpcClientProtocolClient.java:onNext(264)) - client-119D756B1005->4234af2c-5377-4886-a4e8-6fe45d0af45e: receive RaftClientReply:client-119D756B1005->4234af2c-5377-4886-a4e8-6fe45d0af45e@group-A1165329A1F1, cid=1505, SUCCESS, logIndex=2134, commits[4234af2c-5377-4886-a4e8-6fe45d0af45e:c2134, cef72988-acf5-49ad-9ec7-695a80e7a66d:c2132, d677508c-6db9-4741-b51c-49af5e4cf22f:c2132]
2019-09-08 07:07:28,599 [grpc-default-executor-4] INFO  client.GrpcClientProtocolClient (GrpcClientProtocolClient.java:onNext(264)) - client-119D756B1005->4234af2c-5377-4886-a4e8-6fe45d0af45e: receive RaftClientReply:client-119D756B1005->4234af2c-5377-4886-a4e8-6fe45d0af45e@group-A1165329A1F1, cid=1506, SUCCESS, logIndex=0, commits[4234af2c-5377-4886-a4e8-6fe45d0af45e:c2135, cef72988-acf5-49ad-9ec7-695a80e7a66d:c2134, d677508c-6db9-4741-b51c-49af5e4cf22f:c2134]
2019-09-08 07:07:28,648 [grpc-default-executor-6] INFO  client.GrpcClientProtocolClient (GrpcClientProtocolClient.java:onNext(264)) - client-119D756B1005->4234af2c-5377-4886-a4e8-6fe45d0af45e: receive RaftClientReply:client-119D756B1005->4234af2c-5377-4886-a4e8-6fe45d0af45e@group-A1165329A1F1, cid=1507, SUCCESS, logIndex=2137, commits[4234af2c-5377-4886-a4e8-6fe45d0af45e:c2138, cef72988-acf5-49ad-9ec7-695a80e7a66d:c2136, d677508c-6db9-4741-b51c-49af5e4cf22f:c2136]
2019-09-08 07:07:28,648 [grpc-default-executor-6] INFO  client.GrpcClientProtocolClient (GrpcClientProtocolClient.java:onNext(264)) - client-119D756B1005->4234af2c-5377-4886-a4e8-6fe45d0af45e: receive RaftClientReply:client-119D756B1005->4234af2c-5377-4886-a4e8-6fe45d0af45e@group-A1165329A1F1, cid=1508, SUCCESS, logIndex=2138, commits[4234af2c-5377-4886-a4e8-6fe45d0af45e:c2138, cef72988-acf5-49ad-9ec7-695a80e7a66d:c2136, d677508c-6db9-4741-b51c-49af5e4cf22f:c2136]
2019-09-08 07:07:28,659 [grpc-default-executor-0] INFO  client.GrpcClientProtocolClient (GrpcClientProtocolClient.java:onNext(264)) - client-119D756B1005->4234af2c-5377-4886-a4e8-6fe45d0af45e: receive RaftClientReply:client-119D756B1005->4234af2c-5377-4886-a4e8-6fe45d0af45e@group-A1165329A1F1, cid=1509, SUCCESS, logIndex=2139, commits[4234af2c-5377-4886-a4e8-6fe45d0af45e:c2140, cef72988-acf5-49ad-9ec7-695a80e7a66d:c2136, d677508c-6db9-4741-b51c-49af5e4cf22f:c2136]
2019-09-08 07:07:28,660 [grpc-default-executor-0] INFO  client.GrpcClientProtocolClient (GrpcClientProtocolClient.java:onNext(264)) - client-119D756B1005->4234af2c-5377-4886-a4e8-6fe45d0af45e: receive RaftClientReply:client-119D756B1005->4234af2c-5377-4886-a4e8-6fe45d0af45e@group-A1165329A1F1, cid=1510, SUCCESS, logIndex=2140, commits[4234af2c-5377-4886-a4e8-6fe45d0af45e:c2140, cef72988-acf5-49ad-9ec7-695a80e7a66d:c2136, d677508c-6db9-4741-b51c-49af5e4cf22f:c2136]
2019-09-08 07:07:28,661 [grpc-default-executor-0] INFO  client.GrpcClientProtocolClient (GrpcClientProtocolClient.java:onNext(264)) - client-119D756B1005->4234af2c-5377-4886-a4e8-6fe45d0af45e: receive RaftClientReply:client-119D756B1005->4234af2c-5377-4886-a4e8-6fe45d0af45e@group-A1165329A1F1, cid=1511, SUCCESS, logIndex=0, commits[4234af2c-5377-4886-a4e8-6fe45d0af45e:c2142, cef72988-acf5-49ad-9ec7-695a80e7a66d:c2138, d677508c-6db9-4741-b51c-49af5e4cf22f:c2138]
2019-09-08 07:07:28,674 [grpc-default-executor-4] INFO  client.GrpcClientProtocolClient (GrpcClientProtocolClient.java:onNext(264)) - client-119D756B1005->4234af2c-5377-4886-a4e8-6fe45d0af45e: receive RaftClientReply:client-119D756B1005->4234af2c-5377-4886-a4e8-6fe45d0af45e@group-A1165329A1F1, cid=1512, SUCCESS, logIndex=2145, commits[4234af2c-5377-4886-a4e8-6fe45d0af45e:c2146, cef72988-acf5-49ad-9ec7-695a80e7a66d:c2140, d677508c-6db9-4741-b51c-49af5e4cf22f:c2142]
2019-09-08 07:07:28,675 [grpc-default-executor-4] INFO  client.GrpcClientProtocolClient (GrpcClientProtocolClient.java:onNext(264)) - client-119D756B1005->4234af2c-5377-4886-a4e8-6fe45d0af45e: receive RaftClientReply:client-119D756B1005->4234af2c-5377-4886-a4e8-6fe45d0af45e@group-A1165329A1F1, cid=1513, SUCCESS, logIndex=2146, commits[4234af2c-5377-4886-a4e8-6fe45d0af45e:c2146, cef72988-acf5-49ad-9ec7-695a80e7a66d:c2142, d677508c-6db9-4741-b51c-49af5e4cf22f:c2142]
2019-09-08 07:07:28,695 [grpc-default-executor-0] INFO  client.GrpcClientProtocolClient (GrpcClientProtocolClient.java:onNext(264)) - client-119D756B1005->4234af2c-5377-4886-a4e8-6fe45d0af45e: receive RaftClientReply:client-119D756B1005->4234af2c-5377-4886-a4e8-6fe45d0af45e@group-A1165329A1F1, cid=1514, SUCCESS, logIndex=2149, commits[4234af2c-5377-4886-a4e8-6fe45d0af45e:c2150, cef72988-acf5-49ad-9ec7-695a80e7a66d:c2148, d677508c-6db9-4741-b51c-49af5e4cf22f:c2148]
2019-09-08 07:07:28,695 [grpc-default-executor-0] INFO  client.GrpcClientProtocolClient (GrpcClientProtocolClient.java:onNext(264)) - client-119D756B1005->4234af2c-5377-4886-a4e8-6fe45d0af45e: receive RaftClientReply:client-119D756B1005->4234af2c-5377-4886-a4e8-6fe45d0af45e@group-A1165329A1F1, cid=1515, SUCCESS, logIndex=2150, commits[4234af2c-5377-4886-a4e8-6fe45d0af45e:c2150, cef72988-acf5-49ad-9ec7-695a80e7a66d:c2148, d677508c-6db9-4741-b51c-49af5e4cf22f:c2148]
2019-09-08 07:07:28,708 [grpc-default-executor-0] INFO  client.GrpcClientProtocolClient (GrpcClientProtocolClient.java:onNext(264)) - client-119D756B1005->4234af2c-5377-4886-a4e8-6fe45d0af45e: receive RaftClientReply:client-119D756B1005->4234af2c-5377-4886-a4e8-6fe45d0af45e@group-A1165329A1F1, cid=1516, SUCCESS, logIndex=0, commits[4234af2c-5377-4886-a4e8-6fe45d0af45e:c2152, cef72988-acf5-49ad-9ec7-695a80e7a66d:c2150, d677508c-6db9-4741-b51c-49af5e4cf22f:c2150]
2019-09-08 07:07:28,735 [grpc-default-executor-0] INFO  client.GrpcClientProtocolClient (GrpcClientProtocolClient.java:onNext(264)) - client-119D756B1005->4234af2c-5377-4886-a4e8-6fe45d0af45e: receive RaftClientReply:client-119D756B1005->4234af2c-5377-4886-a4e8-6fe45d0af45e@group-A1165329A1F1, cid=1517, SUCCESS, logIndex=2153, commits[4234af2c-5377-4886-a4e8-6fe45d0af45e:c2154, cef72988-acf5-49ad-9ec7-695a80e7a66d:c2152, d677508c-6db9-4741-b51c-49af5e4cf22f:c2152]
2019-09-08 07:07:28,735 [grpc-default-executor-0] INFO  client.GrpcClientProtocolClient (GrpcClientProtocolClient.java:onNext(264)) - client-119D756B1005->4234af2c-5377-4886-a4e8-6fe45d0af45e: receive RaftClientReply:client-119D756B1005->4234af2c-5377-4886-a4e8-6fe45d0af45e@group-A1165329A1F1, cid=1518, SUCCESS, logIndex=2154, commits[4234af2c-5377-4886-a4e8-6fe45d0af45e:c2154, cef72988-acf5-49ad-9ec7-695a80e7a66d:c2152, d677508c-6db9-4741-b51c-49af5e4cf22f:c2152]
2019-09-08 07:07:28,736 [grpc-default-executor-3] INFO  client.GrpcClientProtocolClient (GrpcClientProtocolClient.java:onNext(264)) - client-119D756B1005->4234af2c-5377-4886-a4e8-6fe45d0af45e: receive RaftClientReply:client-119D756B1005->4234af2c-5377-4886-a4e8-6fe45d0af45e@group-A1165329A1F1, cid=1519, SUCCESS, logIndex=2155, commits[4234af2c-5377-4886-a4e8-6fe45d0af45e:c2155, cef72988-acf5-49ad-9ec7-695a80e7a66d:c2152, d677508c-6db9-4741-b51c-49af5e4cf22f:c2152]
2019-09-08 07:07:28,736 [grpc-default-executor-0] INFO  client.GrpcClientProtocolClient (GrpcClientProtocolClient.java:onNext(264)) - client-119D756B1005->4234af2c-5377-4886-a4e8-6fe45d0af45e: receive RaftClientReply:client-119D756B1005->4234af2c-5377-4886-a4e8-6fe45d0af45e@group-A1165329A1F1, cid=1520, SUCCESS, logIndex=2156, commits[4234af2c-5377-4886-a4e8-6fe45d0af45e:c2156, cef72988-acf5-49ad-9ec7-695a80e7a66d:c2152, d677508c-6db9-4741-b51c-49af5e4cf22f:c2152]
2019-09-08 07:07:28,738 [grpc-default-executor-3] INFO  client.GrpcClientProtocolClient (GrpcClientProtocolClient.java:onNext(264)) - client-119D756B1005->4234af2c-5377-4886-a4e8-6fe45d0af45e: receive RaftClientReply:client-119D756B1005->4234af2c-5377-4886-a4e8-6fe45d0af45e@group-A1165329A1F1, cid=1521, SUCCESS, logIndex=0, commits[4234af2c-5377-4886-a4e8-6fe45d0af45e:c2158, cef72988-acf5-49ad-9ec7-695a80e7a66d:c2154, d677508c-6db9-4741-b51c-49af5e4cf22f:c2154]
2019-09-08 07:07:28,750 [grpc-default-executor-4] INFO  client.GrpcClientProtocolClient (GrpcClientProtocolClient.java:onNext(264)) - client-119D756B1005->4234af2c-5377-4886-a4e8-6fe45d0af45e: receive RaftClientReply:client-119D756B1005->4234af2c-5377-4886-a4e8-6fe45d0af45e@group-A1165329A1F1, cid=1522, SUCCESS, logIndex=2161, commits[4234af2c-5377-4886-a4e8-6fe45d0af45e:c2162, cef72988-acf5-49ad-9ec7-695a80e7a66d:c2156, d677508c-6db9-4741-b51c-49af5e4cf22f:c2160]
2019-09-08 07:07:28,750 [grpc-default-executor-4] INFO  client.GrpcClientProtocolClient (GrpcClientProtocolClient.java:onNext(264)) - client-119D756B1005->4234af2c-5377-4886-a4e8-6fe45d0af45e: receive RaftClientReply:client-119D756B1005->4234af2c-5377-4886-a4e8-6fe45d0af45e@group-A1165329A1F1, cid=1523, SUCCESS, logIndex=2162, commits[4234af2c-5377-4886-a4e8-6fe45d0af45e:c2162, cef72988-acf5-49ad-9ec7-695a80e7a66d:c2160, d677508c-6db9-4741-b51c-49af5e4cf22f:c2160]
2019-09-08 07:07:28,768 [grpc-default-executor-0] INFO  client.GrpcClientProtocolClient (GrpcClientProtocolClient.java:onNext(264)) - client-119D756B1005->4234af2c-5377-4886-a4e8-6fe45d0af45e: receive RaftClientReply:client-119D756B1005->4234af2c-5377-4886-a4e8-6fe45d0af45e@group-A1165329A1F1, cid=1524, SUCCESS, logIndex=2165, commits[4234af2c-5377-4886-a4e8-6fe45d0af45e:c2166, cef72988-acf5-49ad-9ec7-695a80e7a66d:c2164, d677508c-6db9-4741-b51c-49af5e4cf22f:c2164]
2019-09-08 07:07:28,768 [grpc-default-executor-0] INFO  client.GrpcClientProtocolClient (GrpcClientProtocolClient.java:onNext(264)) - client-119D756B1005->4234af2c-5377-4886-a4e8-6fe45d0af45e: receive RaftClientReply:client-119D756B1005->4234af2c-5377-4886-a4e8-6fe45d0af45e@group-A1165329A1F1, cid=1525, SUCCESS, logIndex=2166, commits[4234af2c-5377-4886-a4e8-6fe45d0af45e:c2166, cef72988-acf5-49ad-9ec7-695a80e7a66d:c2164, d677508c-6db9-4741-b51c-49af5e4cf22f:c2164]
2019-09-08 07:07:28,771 [grpc-default-executor-0] INFO  client.GrpcClientProtocolClient (GrpcClientProtocolClient.java:onNext(264)) - client-119D756B1005->4234af2c-5377-4886-a4e8-6fe45d0af45e: receive RaftClientReply:client-119D756B1005->4234af2c-5377-4886-a4e8-6fe45d0af45e@group-A1165329A1F1, cid=1526, SUCCESS, logIndex=0, commits[4234af2c-5377-4886-a4e8-6fe45d0af45e:c2168, cef72988-acf5-49ad-9ec7-695a80e7a66d:c2166, d677508c-6db9-4741-b51c-49af5e4cf22f:c2166]
2019-09-08 07:07:28,795 [grpc-default-executor-4] INFO  client.GrpcClientProtocolClient (GrpcClientProtocolClient.java:onNext(264)) - client-119D756B1005->4234af2c-5377-4886-a4e8-6fe45d0af45e: receive RaftClientReply:client-119D756B1005->4234af2c-5377-4886-a4e8-6fe45d0af45e@group-A1165329A1F1, cid=1527, SUCCESS, logIndex=2169, commits[4234af2c-5377-4886-a4e8-6fe45d0af45e:c2170, cef72988-acf5-49ad-9ec7-695a80e7a66d:c2168, d677508c-6db9-4741-b51c-49af5e4cf22f:c2168]
2019-09-08 07:07:28,796 [grpc-default-executor-4] INFO  client.GrpcClientProtocolClient (GrpcClientProtocolClient.java:onNext(264)) - client-119D756B1005->4234af2c-5377-4886-a4e8-6fe45d0af45e: receive RaftClientReply:client-119D756B1005->4234af2c-5377-4886-a4e8-6fe45d0af45e@group-A1165329A1F1, cid=1528, SUCCESS, logIndex=2170, commits[4234af2c-5377-4886-a4e8-6fe45d0af45e:c2170, cef72988-acf5-49ad-9ec7-695a80e7a66d:c2168, d677508c-6db9-4741-b51c-49af5e4cf22f:c2168]
2019-09-08 07:07:28,796 [grpc-default-executor-0] INFO  client.GrpcClientProtocolClient (GrpcClientProtocolClient.java:onNext(264)) - client-119D756B1005->4234af2c-5377-4886-a4e8-6fe45d0af45e: receive RaftClientReply:client-119D756B1005->4234af2c-5377-4886-a4e8-6fe45d0af45e@group-A1165329A1F1, cid=1529, SUCCESS, logIndex=2171, commits[4234af2c-5377-4886-a4e8-6fe45d0af45e:c2172, cef72988-acf5-49ad-9ec7-695a80e7a66d:c2168, d677508c-6db9-4741-b51c-49af5e4cf22f:c2168]
2019-09-08 07:07:28,797 [grpc-default-executor-4] INFO  client.GrpcClientProtocolClient (GrpcClientProtocolClient.java:onNext(264)) - client-119D756B1005->4234af2c-5377-4886-a4e8-6fe45d0af45e: receive RaftClientReply:client-119D756B1005->4234af2c-5377-4886-a4e8-6fe45d0af45e@group-A1165329A1F1, cid=1530, SUCCESS, logIndex=2172, commits[4234af2c-5377-4886-a4e8-6fe45d0af45e:c2172, cef72988-acf5-49ad-9ec7-695a80e7a66d:c2168, d677508c-6db9-4741-b51c-49af5e4cf22f:c2168]
2019-09-08 07:07:28,798 [grpc-default-executor-0] INFO  client.GrpcClientProtocolClient (GrpcClientProtocolClient.java:onNext(264)) - client-119D756B1005->4234af2c-5377-4886-a4e8-6fe45d0af45e: receive RaftClientReply:client-119D756B1005->4234af2c-5377-4886-a4e8-6fe45d0af45e@group-A1165329A1F1, cid=1531, SUCCESS, logIndex=0, commits[4234af2c-5377-4886-a4e8-6fe45d0af45e:c2174, cef72988-acf5-49ad-9ec7-695a80e7a66d:c2170, d677508c-6db9-4741-b51c-49af5e4cf22f:c2170]
2019-09-08 07:07:28,847 [grpc-default-executor-3] INFO  client.GrpcClientProtocolClient (GrpcClientProtocolClient.java:onNext(264)) - client-119D756B1005->4234af2c-5377-4886-a4e8-6fe45d0af45e: receive RaftClientReply:client-119D756B1005->4234af2c-5377-4886-a4e8-6fe45d0af45e@group-A1165329A1F1, cid=1532, SUCCESS, logIndex=2177, commits[4234af2c-5377-4886-a4e8-6fe45d0af45e:c2178, cef72988-acf5-49ad-9ec7-695a80e7a66d:c2176, d677508c-6db9-4741-b51c-49af5e4cf22f:c2176]
2019-09-08 07:07:28,848 [grpc-default-executor-3] INFO  client.GrpcClientProtocolClient (GrpcClientProtocolClient.java:onNext(264)) - client-119D756B1005->4234af2c-5377-4886-a4e8-6fe45d0af45e: receive RaftClientReply:client-119D756B1005->4234af2c-5377-4886-a4e8-6fe45d0af45e@group-A1165329A1F1, cid=1533, SUCCESS, logIndex=2178, commits[4234af2c-5377-4886-a4e8-6fe45d0af45e:c2178, cef72988-acf5-49ad-9ec7-695a80e7a66d:c2176, d677508c-6db9-4741-b51c-49af5e4cf22f:c2176]
2019-09-08 07:07:28,876 [grpc-default-executor-4] INFO  client.GrpcClientProtocolClient (GrpcClientProtocolClient.java:onNext(264)) - client-119D756B1005->4234af2c-5377-4886-a4e8-6fe45d0af45e: receive RaftClientReply:client-119D756B1005->4234af2c-5377-4886-a4e8-6fe45d0af45e@group-A1165329A1F1, cid=1534, SUCCESS, logIndex=2181, commits[4234af2c-5377-4886-a4e8-6fe45d0af45e:c2182, cef72988-acf5-49ad-9ec7-695a80e7a66d:c2178, d677508c-6db9-4741-b51c-49af5e4cf22f:c2178]
2019-09-08 07:07:28,877 [grpc-default-executor-4] INFO  client.GrpcClientProtocolClient (GrpcClientProtocolClient.java:onNext(264)) - client-119D756B1005->4234af2c-5377-4886-a4e8-6fe45d0af45e: receive RaftClientReply:client-119D756B1005->4234af2c-5377-4886-a4e8-6fe45d0af45e@group-A1165329A1F1, cid=1535, SUCCESS, logIndex=2182, commits[4234af2c-5377-4886-a4e8-6fe45d0af45e:c2182, cef72988-acf5-49ad-9ec7-695a80e7a66d:c2178, d677508c-6db9-4741-b51c-49af5e4cf22f:c2178]
2019-09-08 07:07:28,888 [grpc-default-executor-4] INFO  client.GrpcClientProtocolClient (GrpcClientProtocolClient.java:onNext(264)) - client-119D756B1005->4234af2c-5377-4886-a4e8-6fe45d0af45e: receive RaftClientReply:client-119D756B1005->4234af2c-5377-4886-a4e8-6fe45d0af45e@group-A1165329A1F1, cid=1536, SUCCESS, logIndex=0, commits[4234af2c-5377-4886-a4e8-6fe45d0af45e:c2183, cef72988-acf5-49ad-9ec7-695a80e7a66d:c2182, d677508c-6db9-4741-b51c-49af5e4cf22f:c2182]
2019-09-08 07:07:28,915 [grpc-default-executor-3] INFO  client.GrpcClientProtocolClient (GrpcClientProtocolClient.java:onNext(264)) - client-119D756B1005->4234af2c-5377-4886-a4e8-6fe45d0af45e: receive RaftClientReply:client-119D756B1005->4234af2c-5377-4886-a4e8-6fe45d0af45e@group-A1165329A1F1, cid=1537, SUCCESS, logIndex=2185, commits[4234af2c-5377-4886-a4e8-6fe45d0af45e:c2186, cef72988-acf5-49ad-9ec7-695a80e7a66d:c2184, d677508c-6db9-4741-b51c-49af5e4cf22f:c2184]
2019-09-08 07:07:28,916 [grpc-default-executor-3] INFO  client.GrpcClientProtocolClient (GrpcClientProtocolClient.java:onNext(264)) - client-119D756B1005->4234af2c-5377-4886-a4e8-6fe45d0af45e: receive RaftClientReply:client-119D756B1005->4234af2c-5377-4886-a4e8-6fe45d0af45e@group-A1165329A1F1, cid=1538, SUCCESS, logIndex=2186, commits[4234af2c-5377-4886-a4e8-6fe45d0af45e:c2188, cef72988-acf5-49ad-9ec7-695a80e7a66d:c2184, d677508c-6db9-4741-b51c-49af5e4cf22f:c2184]
2019-09-08 07:07:28,916 [grpc-default-executor-3] INFO  client.GrpcClientProtocolClient (GrpcClientProtocolClient.java:onNext(264)) - client-119D756B1005->4234af2c-5377-4886-a4e8-6fe45d0af45e: receive RaftClientReply:client-119D756B1005->4234af2c-5377-4886-a4e8-6fe45d0af45e@group-A1165329A1F1, cid=1539, SUCCESS, logIndex=2187, commits[4234af2c-5377-4886-a4e8-6fe45d0af45e:c2188, cef72988-acf5-49ad-9ec7-695a80e7a66d:c2184, d677508c-6db9-4741-b51c-49af5e4cf22f:c2184]
2019-09-08 07:07:28,916 [grpc-default-executor-4] INFO  client.GrpcClientProtocolClient (GrpcClientProtocolClient.java:onNext(264)) - client-119D756B1005->4234af2c-5377-4886-a4e8-6fe45d0af45e: receive RaftClientReply:client-119D756B1005->4234af2c-5377-4886-a4e8-6fe45d0af45e@group-A1165329A1F1, cid=1540, SUCCESS, logIndex=2188, commits[4234af2c-5377-4886-a4e8-6fe45d0af45e:c2188, cef72988-acf5-49ad-9ec7-695a80e7a66d:c2184, d677508c-6db9-4741-b51c-49af5e4cf22f:c2184]
2019-09-08 07:07:28,917 [grpc-default-executor-3] INFO  client.GrpcClientProtocolClient (GrpcClientProtocolClient.java:onNext(264)) - client-119D756B1005->4234af2c-5377-4886-a4e8-6fe45d0af45e: receive RaftClientReply:client-119D756B1005->4234af2c-5377-4886-a4e8-6fe45d0af45e@group-A1165329A1F1, cid=1541, SUCCESS, logIndex=0, commits[4234af2c-5377-4886-a4e8-6fe45d0af45e:c2190, cef72988-acf5-49ad-9ec7-695a80e7a66d:c2186, d677508c-6db9-4741-b51c-49af5e4cf22f:c2186]
2019-09-08 07:07:28,936 [grpc-default-executor-6] INFO  client.GrpcClientProtocolClient (GrpcClientProtocolClient.java:onNext(264)) - client-119D756B1005->4234af2c-5377-4886-a4e8-6fe45d0af45e: receive RaftClientReply:client-119D756B1005->4234af2c-5377-4886-a4e8-6fe45d0af45e@group-A1165329A1F1, cid=1542, SUCCESS, logIndex=2193, commits[4234af2c-5377-4886-a4e8-6fe45d0af45e:c2194, cef72988-acf5-49ad-9ec7-695a80e7a66d:c2192, d677508c-6db9-4741-b51c-49af5e4cf22f:c2192]
2019-09-08 07:07:28,936 [grpc-default-executor-6] INFO  client.GrpcClientProtocolClient (GrpcClientProtocolClient.java:onNext(264)) - client-119D756B1005->4234af2c-5377-4886-a4e8-6fe45d0af45e: receive RaftClientReply:client-119D756B1005->4234af2c-5377-4886-a4e8-6fe45d0af45e@group-A1165329A1F1, cid=1543, SUCCESS, logIndex=2194, commits[4234af2c-5377-4886-a4e8-6fe45d0af45e:c2194, cef72988-acf5-49ad-9ec7-695a80e7a66d:c2192, d677508c-6db9-4741-b51c-49af5e4cf22f:c2192]
2019-09-08 07:07:28,951 [grpc-default-executor-4] INFO  client.GrpcClientProtocolClient (GrpcClientProtocolClient.java:onNext(264)) - client-119D756B1005->4234af2c-5377-4886-a4e8-6fe45d0af45e: receive RaftClientReply:client-119D756B1005->4234af2c-5377-4886-a4e8-6fe45d0af45e@group-A1165329A1F1, cid=1544, SUCCESS, logIndex=2197, commits[4234af2c-5377-4886-a4e8-6fe45d0af45e:c2197, cef72988-acf5-49ad-9ec7-695a80e7a66d:c2196, d677508c-6db9-4741-b51c-49af5e4cf22f:c2196]
2019-09-08 07:07:28,952 [grpc-default-executor-4] INFO  client.GrpcClientProtocolClient (GrpcClientProtocolClient.java:onNext(264)) - client-119D756B1005->4234af2c-5377-4886-a4e8-6fe45d0af45e: receive RaftClientReply:client-119D756B1005->4234af2c-5377-4886-a4e8-6fe45d0af45e@group-A1165329A1F1, cid=1545, SUCCESS, logIndex=2198, commits[4234af2c-5377-4886-a4e8-6fe45d0af45e:c2198, cef72988-acf5-49ad-9ec7-695a80e7a66d:c2196, d677508c-6db9-4741-b51c-49af5e4cf22f:c2196]
2019-09-08 07:07:28,954 [grpc-default-executor-6] INFO  client.GrpcClientProtocolClient (GrpcClientProtocolClient.java:onNext(264)) - client-119D756B1005->4234af2c-5377-4886-a4e8-6fe45d0af45e: receive RaftClientReply:client-119D756B1005->4234af2c-5377-4886-a4e8-6fe45d0af45e@group-A1165329A1F1, cid=1546, SUCCESS, logIndex=0, commits[4234af2c-5377-4886-a4e8-6fe45d0af45e:c2200, cef72988-acf5-49ad-9ec7-695a80e7a66d:c2198, d677508c-6db9-4741-b51c-49af5e4cf22f:c2198]
2019-09-08 07:07:28,971 [grpc-default-executor-4] INFO  client.GrpcClientProtocolClient (GrpcClientProtocolClient.java:onNext(264)) - client-119D756B1005->4234af2c-5377-4886-a4e8-6fe45d0af45e: receive RaftClientReply:client-119D756B1005->4234af2c-5377-4886-a4e8-6fe45d0af45e@group-A1165329A1F1, cid=1547, SUCCESS, logIndex=2201, commits[4234af2c-5377-4886-a4e8-6fe45d0af45e:c2202, cef72988-acf5-49ad-9ec7-695a80e7a66d:c2200, d677508c-6db9-4741-b51c-49af5e4cf22f:c2200]
2019-09-08 07:07:28,972 [grpc-default-executor-4] INFO  client.GrpcClientProtocolClient (GrpcClientProtocolClient.java:onNext(264)) - client-119D756B1005->4234af2c-5377-4886-a4e8-6fe45d0af45e: receive RaftClientReply:client-119D756B1005->4234af2c-5377-4886-a4e8-6fe45d0af45e@group-A1165329A1F1, cid=1548, SUCCESS, logIndex=2202, commits[4234af2c-5377-4886-a4e8-6fe45d0af45e:c2202, cef72988-acf5-49ad-9ec7-695a80e7a66d:c2200, d677508c-6db9-4741-b51c-49af5e4cf22f:c2200]
2019-09-08 07:07:28,982 [grpc-default-executor-3] INFO  client.GrpcClientProtocolClient (GrpcClientProtocolClient.java:onNext(264)) - client-119D756B1005->4234af2c-5377-4886-a4e8-6fe45d0af45e: receive RaftClientReply:client-119D756B1005->4234af2c-5377-4886-a4e8-6fe45d0af45e@group-A1165329A1F1, cid=1549, SUCCESS, logIndex=2203, commits[4234af2c-5377-4886-a4e8-6fe45d0af45e:c2204, cef72988-acf5-49ad-9ec7-695a80e7a66d:c2200, d677508c-6db9-4741-b51c-49af5e4cf22f:c2200]
2019-09-08 07:07:28,983 [grpc-default-executor-4] INFO  client.GrpcClientProtocolClient (GrpcClientProtocolClient.java:onNext(264)) - client-119D756B1005->4234af2c-5377-4886-a4e8-6fe45d0af45e: receive RaftClientReply:client-119D756B1005->4234af2c-5377-4886-a4e8-6fe45d0af45e@group-A1165329A1F1, cid=1550, SUCCESS, logIndex=2204, commits[4234af2c-5377-4886-a4e8-6fe45d0af45e:c2204, cef72988-acf5-49ad-9ec7-695a80e7a66d:c2200, d677508c-6db9-4741-b51c-49af5e4cf22f:c2200]
2019-09-08 07:07:28,984 [grpc-default-executor-4] INFO  client.GrpcClientProtocolClient (GrpcClientProtocolClient.java:onNext(264)) - client-119D756B1005->4234af2c-5377-4886-a4e8-6fe45d0af45e: receive RaftClientReply:client-119D756B1005->4234af2c-5377-4886-a4e8-6fe45d0af45e@group-A1165329A1F1, cid=1551, SUCCESS, logIndex=0, commits[4234af2c-5377-4886-a4e8-6fe45d0af45e:c2206, cef72988-acf5-49ad-9ec7-695a80e7a66d:c2202, d677508c-6db9-4741-b51c-49af5e4cf22f:c2202]
2019-09-08 07:07:29,000 [grpc-default-executor-3] INFO  client.GrpcClientProtocolClient (GrpcClientProtocolClient.java:onNext(264)) - client-119D756B1005->4234af2c-5377-4886-a4e8-6fe45d0af45e: receive RaftClientReply:client-119D756B1005->4234af2c-5377-4886-a4e8-6fe45d0af45e@group-A1165329A1F1, cid=1552, SUCCESS, logIndex=2209, commits[4234af2c-5377-4886-a4e8-6fe45d0af45e:c2210, cef72988-acf5-49ad-9ec7-695a80e7a66d:c2208, d677508c-6db9-4741-b51c-49af5e4cf22f:c2208]
2019-09-08 07:07:29,001 [grpc-default-executor-3] INFO  client.GrpcClientProtocolClient (GrpcClientProtocolClient.java:onNext(264)) - client-119D756B1005->4234af2c-5377-4886-a4e8-6fe45d0af45e: receive RaftClientReply:client-119D756B1005->4234af2c-5377-4886-a4e8-6fe45d0af45e@group-A1165329A1F1, cid=1553, SUCCESS, logIndex=2210, commits[4234af2c-5377-4886-a4e8-6fe45d0af45e:c2210, cef72988-acf5-49ad-9ec7-695a80e7a66d:c2208, d677508c-6db9-4741-b51c-49af5e4cf22f:c2208]
2019-09-08 07:07:29,103 [grpc-default-executor-3] INFO  client.GrpcClientProtocolClient (GrpcClientProtocolClient.java:onNext(264)) - client-119D756B1005->4234af2c-5377-4886-a4e8-6fe45d0af45e: receive RaftClientReply:client-119D756B1005->4234af2c-5377-4886-a4e8-6fe45d0af45e@group-A1165329A1F1, cid=1554, SUCCESS, logIndex=2213, commits[4234af2c-5377-4886-a4e8-6fe45d0af45e:c2214, cef72988-acf5-49ad-9ec7-695a80e7a66d:c2212, d677508c-6db9-4741-b51c-49af5e4cf22f:c2212]
2019-09-08 07:07:29,103 [grpc-default-executor-3] INFO  client.GrpcClientProtocolClient (GrpcClientProtocolClient.java:onNext(264)) - client-119D756B1005->4234af2c-5377-4886-a4e8-6fe45d0af45e: receive RaftClientReply:client-119D756B1005->4234af2c-5377-4886-a4e8-6fe45d0af45e@group-A1165329A1F1, cid=1555, SUCCESS, logIndex=2214, commits[4234af2c-5377-4886-a4e8-6fe45d0af45e:c2214, cef72988-acf5-49ad-9ec7-695a80e7a66d:c2212, d677508c-6db9-4741-b51c-49af5e4cf22f:c2212]
2019-09-08 07:07:29,106 [grpc-default-executor-3] INFO  client.GrpcClientProtocolClient (GrpcClientProtocolClient.java:onNext(264)) - client-119D756B1005->4234af2c-5377-4886-a4e8-6fe45d0af45e: receive RaftClientReply:client-119D756B1005->4234af2c-5377-4886-a4e8-6fe45d0af45e@group-A1165329A1F1, cid=1556, SUCCESS, logIndex=0, commits[4234af2c-5377-4886-a4e8-6fe45d0af45e:c2216, cef72988-acf5-49ad-9ec7-695a80e7a66d:c2214, d677508c-6db9-4741-b51c-49af5e4cf22f:c2214]
2019-09-08 07:07:29,134 [grpc-default-executor-3] INFO  client.GrpcClientProtocolClient (GrpcClientProtocolClient.java:onNext(264)) - client-119D756B1005->4234af2c-5377-4886-a4e8-6fe45d0af45e: receive RaftClientReply:client-119D756B1005->4234af2c-5377-4886-a4e8-6fe45d0af45e@group-A1165329A1F1, cid=1557, SUCCESS, logIndex=2217, commits[4234af2c-5377-4886-a4e8-6fe45d0af45e:c2218, cef72988-acf5-49ad-9ec7-695a80e7a66d:c2216, d677508c-6db9-4741-b51c-49af5e4cf22f:c2216]
2019-09-08 07:07:29,134 [grpc-default-executor-3] INFO  client.GrpcClientProtocolClient (GrpcClientProtocolClient.java:onNext(264)) - client-119D756B1005->4234af2c-5377-4886-a4e8-6fe45d0af45e: receive RaftClientReply:client-119D756B1005->4234af2c-5377-4886-a4e8-6fe45d0af45e@group-A1165329A1F1, cid=1558, SUCCESS, logIndex=2218, commits[4234af2c-5377-4886-a4e8-6fe45d0af45e:c2220, cef72988-acf5-49ad-9ec7-695a80e7a66d:c2216, d677508c-6db9-4741-b51c-49af5e4cf22f:c2216]
2019-09-08 07:07:29,135 [grpc-default-executor-3] INFO  client.GrpcClientProtocolClient (GrpcClientProtocolClient.java:onNext(264)) - client-119D756B1005->4234af2c-5377-4886-a4e8-6fe45d0af45e: receive RaftClientReply:client-119D756B1005->4234af2c-5377-4886-a4e8-6fe45d0af45e@group-A1165329A1F1, cid=1559, SUCCESS, logIndex=2219, commits[4234af2c-5377-4886-a4e8-6fe45d0af45e:c2220, cef72988-acf5-49ad-9ec7-695a80e7a66d:c2216, d677508c-6db9-4741-b51c-49af5e4cf22f:c2216]
2019-09-08 07:07:29,135 [grpc-default-executor-3] INFO  client.GrpcClientProtocolClient (GrpcClientProtocolClient.java:onNext(264)) - client-119D756B1005->4234af2c-5377-4886-a4e8-6fe45d0af45e: receive RaftClientReply:client-119D756B1005->4234af2c-5377-4886-a4e8-6fe45d0af45e@group-A1165329A1F1, cid=1560, SUCCESS, logIndex=2220, commits[4234af2c-5377-4886-a4e8-6fe45d0af45e:c2220, cef72988-acf5-49ad-9ec7-695a80e7a66d:c2216, d677508c-6db9-4741-b51c-49af5e4cf22f:c2216]
2019-09-08 07:07:29,138 [grpc-default-executor-6] INFO  client.GrpcClientProtocolClient (GrpcClientProtocolClient.java:onNext(264)) - client-119D756B1005->4234af2c-5377-4886-a4e8-6fe45d0af45e: receive RaftClientReply:client-119D756B1005->4234af2c-5377-4886-a4e8-6fe45d0af45e@group-A1165329A1F1, cid=1561, SUCCESS, logIndex=0, commits[4234af2c-5377-4886-a4e8-6fe45d0af45e:c2222, cef72988-acf5-49ad-9ec7-695a80e7a66d:c2218, d677508c-6db9-4741-b51c-49af5e4cf22f:c2218]
2019-09-08 07:07:29,149 [grpc-default-executor-6] INFO  client.GrpcClientProtocolClient (GrpcClientProtocolClient.java:onNext(264)) - client-119D756B1005->4234af2c-5377-4886-a4e8-6fe45d0af45e: receive RaftClientReply:client-119D756B1005->4234af2c-5377-4886-a4e8-6fe45d0af45e@group-A1165329A1F1, cid=1562, SUCCESS, logIndex=2225, commits[4234af2c-5377-4886-a4e8-6fe45d0af45e:c2226, cef72988-acf5-49ad-9ec7-695a80e7a66d:c2224, d677508c-6db9-4741-b51c-49af5e4cf22f:c2224]
2019-09-08 07:07:29,150 [grpc-default-executor-6] INFO  client.GrpcClientProtocolClient (GrpcClientProtocolClient.java:onNext(264)) - client-119D756B1005->4234af2c-5377-4886-a4e8-6fe45d0af45e: receive RaftClientReply:client-119D756B1005->4234af2c-5377-4886-a4e8-6fe45d0af45e@group-A1165329A1F1, cid=1563, SUCCESS, logIndex=2226, commits[4234af2c-5377-4886-a4e8-6fe45d0af45e:c2226, cef72988-acf5-49ad-9ec7-695a80e7a66d:c2224, d677508c-6db9-4741-b51c-49af5e4cf22f:c2224]
2019-09-08 07:07:29,159 [grpc-default-executor-4] INFO  client.GrpcClientProtocolClient (GrpcClientProtocolClient.java:onNext(264)) - client-119D756B1005->4234af2c-5377-4886-a4e8-6fe45d0af45e: receive RaftClientReply:client-119D756B1005->4234af2c-5377-4886-a4e8-6fe45d0af45e@group-A1165329A1F1, cid=1564, SUCCESS, logIndex=2229, commits[4234af2c-5377-4886-a4e8-6fe45d0af45e:c2230, cef72988-acf5-49ad-9ec7-695a80e7a66d:c2228, d677508c-6db9-4741-b51c-49af5e4cf22f:c2228]
2019-09-08 07:07:29,159 [grpc-default-executor-4] INFO  client.GrpcClientProtocolClient (GrpcClientProtocolClient.java:onNext(264)) - client-119D756B1005->4234af2c-5377-4886-a4e8-6fe45d0af45e: receive RaftClientReply:client-119D756B1005->4234af2c-5377-4886-a4e8-6fe45d0af45e@group-A1165329A1F1, cid=1565, SUCCESS, logIndex=2230, commits[4234af2c-5377-4886-a4e8-6fe45d0af45e:c2230, cef72988-acf5-49ad-9ec7-695a80e7a66d:c2228, d677508c-6db9-4741-b51c-49af5e4cf22f:c2228]
2019-09-08 07:07:29,164 [grpc-default-executor-4] INFO  client.GrpcClientProtocolClient (GrpcClientProtocolClient.java:onNext(264)) - client-119D756B1005->4234af2c-5377-4886-a4e8-6fe45d0af45e: receive RaftClientReply:client-119D756B1005->4234af2c-5377-4886-a4e8-6fe45d0af45e@group-A1165329A1F1, cid=1566, SUCCESS, logIndex=0, commits[4234af2c-5377-4886-a4e8-6fe45d0af45e:c2232, cef72988-acf5-49ad-9ec7-695a80e7a66d:c2230, d677508c-6db9-4741-b51c-49af5e4cf22f:c2230]
2019-09-08 07:07:29,189 [grpc-default-executor-4] INFO  client.GrpcClientProtocolClient (GrpcClientProtocolClient.java:onNext(264)) - client-119D756B1005->4234af2c-5377-4886-a4e8-6fe45d0af45e: receive RaftClientReply:client-119D756B1005->4234af2c-5377-4886-a4e8-6fe45d0af45e@group-A1165329A1F1, cid=1567, SUCCESS, logIndex=2233, commits[4234af2c-5377-4886-a4e8-6fe45d0af45e:c2233, cef72988-acf5-49ad-9ec7-695a80e7a66d:c2232, d677508c-6db9-4741-b51c-49af5e4cf22f:c2232]
2019-09-08 07:07:29,190 [grpc-default-executor-4] INFO  client.GrpcClientProtocolClient (GrpcClientProtocolClient.java:onNext(264)) - client-119D756B1005->4234af2c-5377-4886-a4e8-6fe45d0af45e: receive RaftClientReply:client-119D756B1005->4234af2c-5377-4886-a4e8-6fe45d0af45e@group-A1165329A1F1, cid=1568, SUCCESS, logIndex=2234, commits[4234af2c-5377-4886-a4e8-6fe45d0af45e:c2236, cef72988-acf5-49ad-9ec7-695a80e7a66d:c2232, d677508c-6db9-4741-b51c-49af5e4cf22f:c2232]
2019-09-08 07:07:29,190 [grpc-default-executor-4] INFO  client.GrpcClientProtocolClient (GrpcClientProtocolClient.java:onNext(264)) - client-119D756B1005->4234af2c-5377-4886-a4e8-6fe45d0af45e: receive RaftClientReply:client-119D756B1005->4234af2c-5377-4886-a4e8-6fe45d0af45e@group-A1165329A1F1, cid=1569, SUCCESS, logIndex=2235, commits[4234af2c-5377-4886-a4e8-6fe45d0af45e:c2236, cef72988-acf5-49ad-9ec7-695a80e7a66d:c2232, d677508c-6db9-4741-b51c-49af5e4cf22f:c2232]
2019-09-08 07:07:29,190 [grpc-default-executor-4] INFO  client.GrpcClientProtocolClient (GrpcClientProtocolClient.java:onNext(264)) - client-119D756B1005->4234af2c-5377-4886-a4e8-6fe45d0af45e: receive RaftClientReply:client-119D756B1005->4234af2c-5377-4886-a4e8-6fe45d0af45e@group-A1165329A1F1, cid=1570, SUCCESS, logIndex=2236, commits[4234af2c-5377-4886-a4e8-6fe45d0af45e:c2236, cef72988-acf5-49ad-9ec7-695a80e7a66d:c2232, d677508c-6db9-4741-b51c-49af5e4cf22f:c2232]
2019-09-08 07:07:29,192 [grpc-default-executor-4] INFO  client.GrpcClientProtocolClient (GrpcClientProtocolClient.java:onNext(264)) - client-119D756B1005->4234af2c-5377-4886-a4e8-6fe45d0af45e: receive RaftClientReply:client-119D756B1005->4234af2c-5377-4886-a4e8-6fe45d0af45e@group-A1165329A1F1, cid=1571, SUCCESS, logIndex=0, commits[4234af2c-5377-4886-a4e8-6fe45d0af45e:c2239, cef72988-acf5-49ad-9ec7-695a80e7a66d:c2235, d677508c-6db9-4741-b51c-49af5e4cf22f:c2234]
2019-09-08 07:07:29,211 [grpc-default-executor-4] INFO  client.GrpcClientProtocolClient (GrpcClientProtocolClient.java:onNext(264)) - client-119D756B1005->4234af2c-5377-4886-a4e8-6fe45d0af45e: receive RaftClientReply:client-119D756B1005->4234af2c-5377-4886-a4e8-6fe45d0af45e@group-A1165329A1F1, cid=1572, SUCCESS, logIndex=2241, commits[4234af2c-5377-4886-a4e8-6fe45d0af45e:c2242, cef72988-acf5-49ad-9ec7-695a80e7a66d:c2240, d677508c-6db9-4741-b51c-49af5e4cf22f:c2240]
2019-09-08 07:07:29,211 [grpc-default-executor-4] INFO  client.GrpcClientProtocolClient (GrpcClientProtocolClient.java:onNext(264)) - client-119D756B1005->4234af2c-5377-4886-a4e8-6fe45d0af45e: receive RaftClientReply:client-119D756B1005->4234af2c-5377-4886-a4e8-6fe45d0af45e@group-A1165329A1F1, cid=1573, SUCCESS, logIndex=2242, commits[4234af2c-5377-4886-a4e8-6fe45d0af45e:c2242, cef72988-acf5-49ad-9ec7-695a80e7a66d:c2240, d677508c-6db9-4741-b51c-49af5e4cf22f:c2240]
2019-09-08 07:07:29,224 [grpc-default-executor-6] INFO  client.GrpcClientProtocolClient (GrpcClientProtocolClient.java:onNext(264)) - client-119D756B1005->4234af2c-5377-4886-a4e8-6fe45d0af45e: receive RaftClientReply:client-119D756B1005->4234af2c-5377-4886-a4e8-6fe45d0af45e@group-A1165329A1F1, cid=1574, SUCCESS, logIndex=2245, commits[4234af2c-5377-4886-a4e8-6fe45d0af45e:c2246, cef72988-acf5-49ad-9ec7-695a80e7a66d:c2242, d677508c-6db9-4741-b51c-49af5e4cf22f:c2242]
2019-09-08 07:07:29,224 [grpc-default-executor-6] INFO  client.GrpcClientProtocolClient (GrpcClientProtocolClient.java:onNext(264)) - client-119D756B1005->4234af2c-5377-4886-a4e8-6fe45d0af45e: receive RaftClientReply:client-119D756B1005->4234af2c-5377-4886-a4e8-6fe45d0af45e@group-A1165329A1F1, cid=1575, SUCCESS, logIndex=2246, commits[4234af2c-5377-4886-a4e8-6fe45d0af45e:c2246, cef72988-acf5-49ad-9ec7-695a80e7a66d:c2242, d677508c-6db9-4741-b51c-49af5e4cf22f:c2242]
2019-09-08 07:07:29,237 [grpc-default-executor-6] INFO  client.GrpcClientProtocolClient (GrpcClientProtocolClient.java:onNext(264)) - client-119D756B1005->4234af2c-5377-4886-a4e8-6fe45d0af45e: receive RaftClientReply:client-119D756B1005->4234af2c-5377-4886-a4e8-6fe45d0af45e@group-A1165329A1F1, cid=1576, SUCCESS, logIndex=0, commits[4234af2c-5377-4886-a4e8-6fe45d0af45e:c2248, cef72988-acf5-49ad-9ec7-695a80e7a66d:c2246, d677508c-6db9-4741-b51c-49af5e4cf22f:c2246]
2019-09-08 07:07:29,283 [grpc-default-executor-4] INFO  client.GrpcClientProtocolClient (GrpcClientProtocolClient.java:onNext(264)) - client-119D756B1005->4234af2c-5377-4886-a4e8-6fe45d0af45e: receive RaftClientReply:client-119D756B1005->4234af2c-5377-4886-a4e8-6fe45d0af45e@group-A1165329A1F1, cid=1577, SUCCESS, logIndex=2249, commits[4234af2c-5377-4886-a4e8-6fe45d0af45e:c2250, cef72988-acf5-49ad-9ec7-695a80e7a66d:c2248, d677508c-6db9-4741-b51c-49af5e4cf22f:c2248]
2019-09-08 07:07:29,284 [grpc-default-executor-4] INFO  client.GrpcClientProtocolClient (GrpcClientProtocolClient.java:onNext(264)) - client-119D756B1005->4234af2c-5377-4886-a4e8-6fe45d0af45e: receive RaftClientReply:client-119D756B1005->4234af2c-5377-4886-a4e8-6fe45d0af45e@group-A1165329A1F1, cid=1578, SUCCESS, logIndex=2250, commits[4234af2c-5377-4886-a4e8-6fe45d0af45e:c2252, cef72988-acf5-49ad-9ec7-695a80e7a66d:c2248, d677508c-6db9-4741-b51c-49af5e4cf22f:c2248]
2019-09-08 07:07:29,284 [grpc-default-executor-4] INFO  client.GrpcClientProtocolClient (GrpcClientProtocolClient.java:onNext(264)) - client-119D756B1005->4234af2c-5377-4886-a4e8-6fe45d0af45e: receive RaftClientReply:client-119D756B1005->4234af2c-5377-4886-a4e8-6fe45d0af45e@group-A1165329A1F1, cid=1579, SUCCESS, logIndex=2251, commits[4234af2c-5377-4886-a4e8-6fe45d0af45e:c2252, cef72988-acf5-49ad-9ec7-695a80e7a66d:c2248, d677508c-6db9-4741-b51c-49af5e4cf22f:c2248]
2019-09-08 07:07:29,284 [grpc-default-executor-4] INFO  client.GrpcClientProtocolClient (GrpcClientProtocolClient.java:onNext(264)) - client-119D756B1005->4234af2c-5377-4886-a4e8-6fe45d0af45e: receive RaftClientReply:client-119D756B1005->4234af2c-5377-4886-a4e8-6fe45d0af45e@group-A1165329A1F1, cid=1580, SUCCESS, logIndex=2252, commits[4234af2c-5377-4886-a4e8-6fe45d0af45e:c2252, cef72988-acf5-49ad-9ec7-695a80e7a66d:c2248, d677508c-6db9-4741-b51c-49af5e4cf22f:c2248]
2019-09-08 07:07:29,296 [grpc-default-executor-4] INFO  client.GrpcClientProtocolClient (GrpcClientProtocolClient.java:onNext(264)) - client-119D756B1005->4234af2c-5377-4886-a4e8-6fe45d0af45e: receive RaftClientReply:client-119D756B1005->4234af2c-5377-4886-a4e8-6fe45d0af45e@group-A1165329A1F1, cid=1581, SUCCESS, logIndex=0, commits[4234af2c-5377-4886-a4e8-6fe45d0af45e:c2254, cef72988-acf5-49ad-9ec7-695a80e7a66d:c2250, d677508c-6db9-4741-b51c-49af5e4cf22f:c2250]
2019-09-08 07:07:29,317 [grpc-default-executor-4] INFO  client.GrpcClientProtocolClient (GrpcClientProtocolClient.java:onNext(264)) - client-119D756B1005->4234af2c-5377-4886-a4e8-6fe45d0af45e: receive RaftClientReply:client-119D756B1005->4234af2c-5377-4886-a4e8-6fe45d0af45e@group-A1165329A1F1, cid=1582, SUCCESS, logIndex=2257, commits[4234af2c-5377-4886-a4e8-6fe45d0af45e:c2258, cef72988-acf5-49ad-9ec7-695a80e7a66d:c2256, d677508c-6db9-4741-b51c-49af5e4cf22f:c2256]
2019-09-08 07:07:29,318 [grpc-default-executor-4] INFO  client.GrpcClientProtocolClient (GrpcClientProtocolClient.java:onNext(264)) - client-119D756B1005->4234af2c-5377-4886-a4e8-6fe45d0af45e: receive RaftClientReply:client-119D756B1005->4234af2c-5377-4886-a4e8-6fe45d0af45e@group-A1165329A1F1, cid=1583, SUCCESS, logIndex=2258, commits[4234af2c-5377-4886-a4e8-6fe45d0af45e:c2258, cef72988-acf5-49ad-9ec7-695a80e7a66d:c2256, d677508c-6db9-4741-b51c-49af5e4cf22f:c2256]
 0.00% |█                                                                                                    |  0/1 Time: 0:00:102019-09-08 07:07:29,330 [grpc-default-executor-6] INFO  client.GrpcClientProtocolClient (GrpcClientProtocolClient.java:onNext(264)) - client-119D756B1005->4234af2c-5377-4886-a4e8-6fe45d0af45e: receive RaftClientReply:client-119D756B1005->4234af2c-5377-4886-a4e8-6fe45d0af45e@group-A1165329A1F1, cid=1584, SUCCESS, logIndex=2261, commits[4234af2c-5377-4886-a4e8-6fe45d0af45e:c2261, cef72988-acf5-49ad-9ec7-695a80e7a66d:c2258, d677508c-6db9-4741-b51c-49af5e4cf22f:c2258]
2019-09-08 07:07:29,331 [grpc-default-executor-6] INFO  client.GrpcClientProtocolClient (GrpcClientProtocolClient.java:onNext(264)) - client-119D756B1005->4234af2c-5377-4886-a4e8-6fe45d0af45e: receive RaftClientReply:client-119D756B1005->4234af2c-5377-4886-a4e8-6fe45d0af45e@group-A1165329A1F1, cid=1585, SUCCESS, logIndex=2262, commits[4234af2c-5377-4886-a4e8-6fe45d0af45e:c2262, cef72988-acf5-49ad-9ec7-695a80e7a66d:c2258, d677508c-6db9-4741-b51c-49af5e4cf22f:c2258]
2019-09-08 07:07:29,342 [grpc-default-executor-0] INFO  client.GrpcClientProtocolClient (GrpcClientProtocolClient.java:onNext(264)) - client-119D756B1005->4234af2c-5377-4886-a4e8-6fe45d0af45e: receive RaftClientReply:client-119D756B1005->4234af2c-5377-4886-a4e8-6fe45d0af45e@group-A1165329A1F1, cid=1586, SUCCESS, logIndex=0, commits[4234af2c-5377-4886-a4e8-6fe45d0af45e:c2264, cef72988-acf5-49ad-9ec7-695a80e7a66d:c2262, d677508c-6db9-4741-b51c-49af5e4cf22f:c2262]
2019-09-08 07:07:29,367 [grpc-default-executor-0] INFO  client.GrpcClientProtocolClient (GrpcClientProtocolClient.java:onNext(264)) - client-119D756B1005->4234af2c-5377-4886-a4e8-6fe45d0af45e: receive RaftClientReply:client-119D756B1005->4234af2c-5377-4886-a4e8-6fe45d0af45e@group-A1165329A1F1, cid=1587, SUCCESS, logIndex=2265, commits[4234af2c-5377-4886-a4e8-6fe45d0af45e:c2266, cef72988-acf5-49ad-9ec7-695a80e7a66d:c2264, d677508c-6db9-4741-b51c-49af5e4cf22f:c2264]
2019-09-08 07:07:29,368 [grpc-default-executor-0] INFO  client.GrpcClientProtocolClient (GrpcClientProtocolClient.java:onNext(264)) - client-119D756B1005->4234af2c-5377-4886-a4e8-6fe45d0af45e: receive RaftClientReply:client-119D756B1005->4234af2c-5377-4886-a4e8-6fe45d0af45e@group-A1165329A1F1, cid=1588, SUCCESS, logIndex=2266, commits[4234af2c-5377-4886-a4e8-6fe45d0af45e:c2266, cef72988-acf5-49ad-9ec7-695a80e7a66d:c2264, d677508c-6db9-4741-b51c-49af5e4cf22f:c2264]
2019-09-08 07:07:29,369 [grpc-default-executor-0] INFO  client.GrpcClientProtocolClient (GrpcClientProtocolClient.java:onNext(264)) - client-119D756B1005->4234af2c-5377-4886-a4e8-6fe45d0af45e: receive RaftClientReply:client-119D756B1005->4234af2c-5377-4886-a4e8-6fe45d0af45e@group-A1165329A1F1, cid=1589, SUCCESS, logIndex=2267, commits[4234af2c-5377-4886-a4e8-6fe45d0af45e:c2267, cef72988-acf5-49ad-9ec7-695a80e7a66d:c2264, d677508c-6db9-4741-b51c-49af5e4cf22f:c2264]
2019-09-08 07:07:29,369 [grpc-default-executor-0] INFO  client.GrpcClientProtocolClient (GrpcClientProtocolClient.java:onNext(264)) - client-119D756B1005->4234af2c-5377-4886-a4e8-6fe45d0af45e: receive RaftClientReply:client-119D756B1005->4234af2c-5377-4886-a4e8-6fe45d0af45e@group-A1165329A1F1, cid=1590, SUCCESS, logIndex=2268, commits[4234af2c-5377-4886-a4e8-6fe45d0af45e:c2268, cef72988-acf5-49ad-9ec7-695a80e7a66d:c2264, d677508c-6db9-4741-b51c-49af5e4cf22f:c2264]
2019-09-08 07:07:29,370 [grpc-default-executor-0] INFO  client.GrpcClientProtocolClient (GrpcClientProtocolClient.java:onNext(264)) - client-119D756B1005->4234af2c-5377-4886-a4e8-6fe45d0af45e: receive RaftClientReply:client-119D756B1005->4234af2c-5377-4886-a4e8-6fe45d0af45e@group-A1165329A1F1, cid=1591, SUCCESS, logIndex=0, commits[4234af2c-5377-4886-a4e8-6fe45d0af45e:c2270, cef72988-acf5-49ad-9ec7-695a80e7a66d:c2266, d677508c-6db9-4741-b51c-49af5e4cf22f:c2266]
2019-09-08 07:07:29,389 [grpc-default-executor-3] INFO  client.GrpcClientProtocolClient (GrpcClientProtocolClient.java:onNext(264)) - client-119D756B1005->4234af2c-5377-4886-a4e8-6fe45d0af45e: receive RaftClientReply:client-119D756B1005->4234af2c-5377-4886-a4e8-6fe45d0af45e@group-A1165329A1F1, cid=1592, SUCCESS, logIndex=2273, commits[4234af2c-5377-4886-a4e8-6fe45d0af45e:c2274, cef72988-acf5-49ad-9ec7-695a80e7a66d:c2272, d677508c-6db9-4741-b51c-49af5e4cf22f:c2272]
2019-09-08 07:07:29,389 [grpc-default-executor-3] INFO  client.GrpcClientProtocolClient (GrpcClientProtocolClient.java:onNext(264)) - client-119D756B1005->4234af2c-5377-4886-a4e8-6fe45d0af45e: receive RaftClientReply:client-119D756B1005->4234af2c-5377-4886-a4e8-6fe45d0af45e@group-A1165329A1F1, cid=1593, SUCCESS, logIndex=2274, commits[4234af2c-5377-4886-a4e8-6fe45d0af45e:c2274, cef72988-acf5-49ad-9ec7-695a80e7a66d:c2272, d677508c-6db9-4741-b51c-49af5e4cf22f:c2272]
2019-09-08 07:07:29,403 [grpc-default-executor-6] INFO  client.GrpcClientProtocolClient (GrpcClientProtocolClient.java:onNext(264)) - client-119D756B1005->4234af2c-5377-4886-a4e8-6fe45d0af45e: receive RaftClientReply:client-119D756B1005->4234af2c-5377-4886-a4e8-6fe45d0af45e@group-A1165329A1F1, cid=1594, SUCCESS, logIndex=2277, commits[4234af2c-5377-4886-a4e8-6fe45d0af45e:c2278, cef72988-acf5-49ad-9ec7-695a80e7a66d:c2274, d677508c-6db9-4741-b51c-49af5e4cf22f:c2274]
2019-09-08 07:07:29,403 [grpc-default-executor-6] INFO  client.GrpcClientProtocolClient (GrpcClientProtocolClient.java:onNext(264)) - client-119D756B1005->4234af2c-5377-4886-a4e8-6fe45d0af45e: receive RaftClientReply:client-119D756B1005->4234af2c-5377-4886-a4e8-6fe45d0af45e@group-A1165329A1F1, cid=1595, SUCCESS, logIndex=2278, commits[4234af2c-5377-4886-a4e8-6fe45d0af45e:c2278, cef72988-acf5-49ad-9ec7-695a80e7a66d:c2274, d677508c-6db9-4741-b51c-49af5e4cf22f:c2274]
2019-09-08 07:07:29,415 [grpc-default-executor-6] INFO  client.GrpcClientProtocolClient (GrpcClientProtocolClient.java:onNext(264)) - client-119D756B1005->4234af2c-5377-4886-a4e8-6fe45d0af45e: receive RaftClientReply:client-119D756B1005->4234af2c-5377-4886-a4e8-6fe45d0af45e@group-A1165329A1F1, cid=1596, SUCCESS, logIndex=0, commits[4234af2c-5377-4886-a4e8-6fe45d0af45e:c2280, cef72988-acf5-49ad-9ec7-695a80e7a66d:c2278, d677508c-6db9-4741-b51c-49af5e4cf22f:c2278]
2019-09-08 07:07:29,504 [grpc-default-executor-4] INFO  client.GrpcClientProtocolClient (GrpcClientProtocolClient.java:onNext(264)) - client-119D756B1005->4234af2c-5377-4886-a4e8-6fe45d0af45e: receive RaftClientReply:client-119D756B1005->4234af2c-5377-4886-a4e8-6fe45d0af45e@group-A1165329A1F1, cid=1597, SUCCESS, logIndex=2281, commits[4234af2c-5377-4886-a4e8-6fe45d0af45e:c2283, cef72988-acf5-49ad-9ec7-695a80e7a66d:c2280, d677508c-6db9-4741-b51c-49af5e4cf22f:c2280]
2019-09-08 07:07:29,505 [grpc-default-executor-4] INFO  client.GrpcClientProtocolClient (GrpcClientProtocolClient.java:onNext(264)) - client-119D756B1005->4234af2c-5377-4886-a4e8-6fe45d0af45e: receive RaftClientReply:client-119D756B1005->4234af2c-5377-4886-a4e8-6fe45d0af45e@group-A1165329A1F1, cid=1598, SUCCESS, logIndex=2282, commits[4234af2c-5377-4886-a4e8-6fe45d0af45e:c2284, cef72988-acf5-49ad-9ec7-695a80e7a66d:c2280, d677508c-6db9-4741-b51c-49af5e4cf22f:c2280]
2019-09-08 07:07:29,505 [grpc-default-executor-4] INFO  client.GrpcClientProtocolClient (GrpcClientProtocolClient.java:onNext(264)) - client-119D756B1005->4234af2c-5377-4886-a4e8-6fe45d0af45e: receive RaftClientReply:client-119D756B1005->4234af2c-5377-4886-a4e8-6fe45d0af45e@group-A1165329A1F1, cid=1599, SUCCESS, logIndex=2283, commits[4234af2c-5377-4886-a4e8-6fe45d0af45e:c2284, cef72988-acf5-49ad-9ec7-695a80e7a66d:c2280, d677508c-6db9-4741-b51c-49af5e4cf22f:c2280]
2019-09-08 07:07:29,506 [grpc-default-executor-4] INFO  client.GrpcClientProtocolClient (GrpcClientProtocolClient.java:onNext(264)) - client-119D756B1005->4234af2c-5377-4886-a4e8-6fe45d0af45e: receive RaftClientReply:client-119D756B1005->4234af2c-5377-4886-a4e8-6fe45d0af45e@group-A1165329A1F1, cid=1600, SUCCESS, logIndex=2284, commits[4234af2c-5377-4886-a4e8-6fe45d0af45e:c2284, cef72988-acf5-49ad-9ec7-695a80e7a66d:c2280, d677508c-6db9-4741-b51c-49af5e4cf22f:c2280]
2019-09-08 07:07:29,518 [grpc-default-executor-4] INFO  client.GrpcClientProtocolClient (GrpcClientProtocolClient.java:onNext(264)) - client-119D756B1005->4234af2c-5377-4886-a4e8-6fe45d0af45e: receive RaftClientReply:client-119D756B1005->4234af2c-5377-4886-a4e8-6fe45d0af45e@group-A1165329A1F1, cid=1601, SUCCESS, logIndex=0, commits[4234af2c-5377-4886-a4e8-6fe45d0af45e:c2288, cef72988-acf5-49ad-9ec7-695a80e7a66d:c2284, d677508c-6db9-4741-b51c-49af5e4cf22f:c2282]
2019-09-08 07:07:29,540 [grpc-default-executor-6] INFO  client.GrpcClientProtocolClient (GrpcClientProtocolClient.java:onNext(264)) - client-119D756B1005->4234af2c-5377-4886-a4e8-6fe45d0af45e: receive RaftClientReply:client-119D756B1005->4234af2c-5377-4886-a4e8-6fe45d0af45e@group-A1165329A1F1, cid=1602, SUCCESS, logIndex=2289, commits[4234af2c-5377-4886-a4e8-6fe45d0af45e:c2290, cef72988-acf5-49ad-9ec7-695a80e7a66d:c2288, d677508c-6db9-4741-b51c-49af5e4cf22f:c2284]
2019-09-08 07:07:29,540 [grpc-default-executor-6] INFO  client.GrpcClientProtocolClient (GrpcClientProtocolClient.java:onNext(264)) - client-119D756B1005->4234af2c-5377-4886-a4e8-6fe45d0af45e: receive RaftClientReply:client-119D756B1005->4234af2c-5377-4886-a4e8-6fe45d0af45e@group-A1165329A1F1, cid=1603, SUCCESS, logIndex=2290, commits[4234af2c-5377-4886-a4e8-6fe45d0af45e:c2290, cef72988-acf5-49ad-9ec7-695a80e7a66d:c2288, d677508c-6db9-4741-b51c-49af5e4cf22f:c2288]
2019-09-08 07:07:29,560 [grpc-default-executor-6] INFO  client.GrpcClientProtocolClient (GrpcClientProtocolClient.java:onNext(264)) - client-119D756B1005->4234af2c-5377-4886-a4e8-6fe45d0af45e: receive RaftClientReply:client-119D756B1005->4234af2c-5377-4886-a4e8-6fe45d0af45e@group-A1165329A1F1, cid=1604, SUCCESS, logIndex=2292, commits[4234af2c-5377-4886-a4e8-6fe45d0af45e:c2293, cef72988-acf5-49ad-9ec7-695a80e7a66d:c2291, d677508c-6db9-4741-b51c-49af5e4cf22f:c2291]
2019-09-08 07:07:29,560 [grpc-default-executor-6] INFO  client.GrpcClientProtocolClient (GrpcClientProtocolClient.java:onNext(264)) - client-119D756B1005->4234af2c-5377-4886-a4e8-6fe45d0af45e: receive RaftClientReply:client-119D756B1005->4234af2c-5377-4886-a4e8-6fe45d0af45e@group-A1165329A1F1, cid=1605, SUCCESS, logIndex=2293, commits[4234af2c-5377-4886-a4e8-6fe45d0af45e:c2293, cef72988-acf5-49ad-9ec7-695a80e7a66d:c2291, d677508c-6db9-4741-b51c-49af5e4cf22f:c2291]
2019-09-08 07:07:29,576 [grpc-default-executor-6] INFO  client.GrpcClientProtocolClient (GrpcClientProtocolClient.java:onNext(264)) - client-119D756B1005->4234af2c-5377-4886-a4e8-6fe45d0af45e: receive RaftClientReply:client-119D756B1005->4234af2c-5377-4886-a4e8-6fe45d0af45e@group-A1165329A1F1, cid=1606, SUCCESS, logIndex=0, commits[4234af2c-5377-4886-a4e8-6fe45d0af45e:c2294, cef72988-acf5-49ad-9ec7-695a80e7a66d:c2293, d677508c-6db9-4741-b51c-49af5e4cf22f:c2293]
2019-09-08 07:07:29,605 [grpc-default-executor-0] INFO  client.GrpcClientProtocolClient (GrpcClientProtocolClient.java:onNext(264)) - client-119D756B1005->4234af2c-5377-4886-a4e8-6fe45d0af45e: receive RaftClientReply:client-119D756B1005->4234af2c-5377-4886-a4e8-6fe45d0af45e@group-A1165329A1F1, cid=1607, SUCCESS, logIndex=2296, commits[4234af2c-5377-4886-a4e8-6fe45d0af45e:c2297, cef72988-acf5-49ad-9ec7-695a80e7a66d:c2295, d677508c-6db9-4741-b51c-49af5e4cf22f:c2295]
2019-09-08 07:07:29,605 [grpc-default-executor-0] INFO  client.GrpcClientProtocolClient (GrpcClientProtocolClient.java:onNext(264)) - client-119D756B1005->4234af2c-5377-4886-a4e8-6fe45d0af45e: receive RaftClientReply:client-119D756B1005->4234af2c-5377-4886-a4e8-6fe45d0af45e@group-A1165329A1F1, cid=1608, SUCCESS, logIndex=2297, commits[4234af2c-5377-4886-a4e8-6fe45d0af45e:c2299, cef72988-acf5-49ad-9ec7-695a80e7a66d:c2295, d677508c-6db9-4741-b51c-49af5e4cf22f:c2295]
2019-09-08 07:07:29,606 [grpc-default-executor-4] INFO  client.GrpcClientProtocolClient (GrpcClientProtocolClient.java:onNext(264)) - client-119D756B1005->4234af2c-5377-4886-a4e8-6fe45d0af45e: receive RaftClientReply:client-119D756B1005->4234af2c-5377-4886-a4e8-6fe45d0af45e@group-A1165329A1F1, cid=1609, SUCCESS, logIndex=2298, commits[4234af2c-5377-4886-a4e8-6fe45d0af45e:c2299, cef72988-acf5-49ad-9ec7-695a80e7a66d:c2295, d677508c-6db9-4741-b51c-49af5e4cf22f:c2295]
2019-09-08 07:07:29,606 [grpc-default-executor-4] INFO  client.GrpcClientProtocolClient (GrpcClientProtocolClient.java:onNext(264)) - client-119D756B1005->4234af2c-5377-4886-a4e8-6fe45d0af45e: receive RaftClientReply:client-119D756B1005->4234af2c-5377-4886-a4e8-6fe45d0af45e@group-A1165329A1F1, cid=1610, SUCCESS, logIndex=2299, commits[4234af2c-5377-4886-a4e8-6fe45d0af45e:c2300, cef72988-acf5-49ad-9ec7-695a80e7a66d:c2295, d677508c-6db9-4741-b51c-49af5e4cf22f:c2296]
2019-09-08 07:07:29,608 [grpc-default-executor-0] INFO  client.GrpcClientProtocolClient (GrpcClientProtocolClient.java:onNext(264)) - client-119D756B1005->4234af2c-5377-4886-a4e8-6fe45d0af45e: receive RaftClientReply:client-119D756B1005->4234af2c-5377-4886-a4e8-6fe45d0af45e@group-A1165329A1F1, cid=1611, SUCCESS, logIndex=0, commits[4234af2c-5377-4886-a4e8-6fe45d0af45e:c2301, cef72988-acf5-49ad-9ec7-695a80e7a66d:c2297, d677508c-6db9-4741-b51c-49af5e4cf22f:c2297]
2019-09-08 07:07:29,626 [grpc-default-executor-6] INFO  client.GrpcClientProtocolClient (GrpcClientProtocolClient.java:onNext(264)) - client-119D756B1005->4234af2c-5377-4886-a4e8-6fe45d0af45e: receive RaftClientReply:client-119D756B1005->4234af2c-5377-4886-a4e8-6fe45d0af45e@group-A1165329A1F1, cid=1612, SUCCESS, logIndex=2304, commits[4234af2c-5377-4886-a4e8-6fe45d0af45e:c2305, cef72988-acf5-49ad-9ec7-695a80e7a66d:c2303, d677508c-6db9-4741-b51c-49af5e4cf22f:c2303]
2019-09-08 07:07:29,626 [grpc-default-executor-6] INFO  client.GrpcClientProtocolClient (GrpcClientProtocolClient.java:onNext(264)) - client-119D756B1005->4234af2c-5377-4886-a4e8-6fe45d0af45e: receive RaftClientReply:client-119D756B1005->4234af2c-5377-4886-a4e8-6fe45d0af45e@group-A1165329A1F1, cid=1613, SUCCESS, logIndex=2305, commits[4234af2c-5377-4886-a4e8-6fe45d0af45e:c2305, cef72988-acf5-49ad-9ec7-695a80e7a66d:c2303, d677508c-6db9-4741-b51c-49af5e4cf22f:c2303]
2019-09-08 07:07:29,639 [grpc-default-executor-6] INFO  client.GrpcClientProtocolClient (GrpcClientProtocolClient.java:onNext(264)) - client-119D756B1005->4234af2c-5377-4886-a4e8-6fe45d0af45e: receive RaftClientReply:client-119D756B1005->4234af2c-5377-4886-a4e8-6fe45d0af45e@group-A1165329A1F1, cid=1614, SUCCESS, logIndex=2308, commits[4234af2c-5377-4886-a4e8-6fe45d0af45e:c2309, cef72988-acf5-49ad-9ec7-695a80e7a66d:c2305, d677508c-6db9-4741-b51c-49af5e4cf22f:c2305]
2019-09-08 07:07:29,640 [grpc-default-executor-6] INFO  client.GrpcClientProtocolClient (GrpcClientProtocolClient.java:onNext(264)) - client-119D756B1005->4234af2c-5377-4886-a4e8-6fe45d0af45e: receive RaftClientReply:client-119D756B1005->4234af2c-5377-4886-a4e8-6fe45d0af45e@group-A1165329A1F1, cid=1615, SUCCESS, logIndex=2309, commits[4234af2c-5377-4886-a4e8-6fe45d0af45e:c2309, cef72988-acf5-49ad-9ec7-695a80e7a66d:c2305, d677508c-6db9-4741-b51c-49af5e4cf22f:c2305]
2019-09-08 07:07:29,652 [grpc-default-executor-6] INFO  client.GrpcClientProtocolClient (GrpcClientProtocolClient.java:onNext(264)) - client-119D756B1005->4234af2c-5377-4886-a4e8-6fe45d0af45e: receive RaftClientReply:client-119D756B1005->4234af2c-5377-4886-a4e8-6fe45d0af45e@group-A1165329A1F1, cid=1616, SUCCESS, logIndex=0, commits[4234af2c-5377-4886-a4e8-6fe45d0af45e:c2311, cef72988-acf5-49ad-9ec7-695a80e7a66d:c2309, d677508c-6db9-4741-b51c-49af5e4cf22f:c2309]
2019-09-08 07:07:29,678 [grpc-default-executor-6] INFO  client.GrpcClientProtocolClient (GrpcClientProtocolClient.java:onNext(264)) - client-119D756B1005->4234af2c-5377-4886-a4e8-6fe45d0af45e: receive RaftClientReply:client-119D756B1005->4234af2c-5377-4886-a4e8-6fe45d0af45e@group-A1165329A1F1, cid=1617, SUCCESS, logIndex=2312, commits[4234af2c-5377-4886-a4e8-6fe45d0af45e:c2313, cef72988-acf5-49ad-9ec7-695a80e7a66d:c2311, d677508c-6db9-4741-b51c-49af5e4cf22f:c2311]
2019-09-08 07:07:29,678 [grpc-default-executor-6] INFO  client.GrpcClientProtocolClient (GrpcClientProtocolClient.java:onNext(264)) - client-119D756B1005->4234af2c-5377-4886-a4e8-6fe45d0af45e: receive RaftClientReply:client-119D756B1005->4234af2c-5377-4886-a4e8-6fe45d0af45e@group-A1165329A1F1, cid=1618, SUCCESS, logIndex=2313, commits[4234af2c-5377-4886-a4e8-6fe45d0af45e:c2315, cef72988-acf5-49ad-9ec7-695a80e7a66d:c2311, d677508c-6db9-4741-b51c-49af5e4cf22f:c2311]
2019-09-08 07:07:29,678 [grpc-default-executor-6] INFO  client.GrpcClientProtocolClient (GrpcClientProtocolClient.java:onNext(264)) - client-119D756B1005->4234af2c-5377-4886-a4e8-6fe45d0af45e: receive RaftClientReply:client-119D756B1005->4234af2c-5377-4886-a4e8-6fe45d0af45e@group-A1165329A1F1, cid=1619, SUCCESS, logIndex=2314, commits[4234af2c-5377-4886-a4e8-6fe45d0af45e:c2315, cef72988-acf5-49ad-9ec7-695a80e7a66d:c2311, d677508c-6db9-4741-b51c-49af5e4cf22f:c2311]
2019-09-08 07:07:29,679 [grpc-default-executor-4] INFO  client.GrpcClientProtocolClient (GrpcClientProtocolClient.java:onNext(264)) - client-119D756B1005->4234af2c-5377-4886-a4e8-6fe45d0af45e: receive RaftClientReply:client-119D756B1005->4234af2c-5377-4886-a4e8-6fe45d0af45e@group-A1165329A1F1, cid=1620, SUCCESS, logIndex=2315, commits[4234af2c-5377-4886-a4e8-6fe45d0af45e:c2315, cef72988-acf5-49ad-9ec7-695a80e7a66d:c2311, d677508c-6db9-4741-b51c-49af5e4cf22f:c2311]
2019-09-08 07:07:29,680 [grpc-default-executor-4] INFO  client.GrpcClientProtocolClient (GrpcClientProtocolClient.java:onNext(264)) - client-119D756B1005->4234af2c-5377-4886-a4e8-6fe45d0af45e: receive RaftClientReply:client-119D756B1005->4234af2c-5377-4886-a4e8-6fe45d0af45e@group-A1165329A1F1, cid=1621, SUCCESS, logIndex=0, commits[4234af2c-5377-4886-a4e8-6fe45d0af45e:c2318, cef72988-acf5-49ad-9ec7-695a80e7a66d:c2315, d677508c-6db9-4741-b51c-49af5e4cf22f:c2313]
2019-09-08 07:07:29,793 [grpc-default-executor-0] INFO  client.GrpcClientProtocolClient (GrpcClientProtocolClient.java:onNext(264)) - client-119D756B1005->4234af2c-5377-4886-a4e8-6fe45d0af45e: receive RaftClientReply:client-119D756B1005->4234af2c-5377-4886-a4e8-6fe45d0af45e@group-A1165329A1F1, cid=1622, SUCCESS, logIndex=2319, commits[4234af2c-5377-4886-a4e8-6fe45d0af45e:c2320, cef72988-acf5-49ad-9ec7-695a80e7a66d:c2318, d677508c-6db9-4741-b51c-49af5e4cf22f:c2318]
2019-09-08 07:07:29,793 [grpc-default-executor-0] INFO  client.GrpcClientProtocolClient (GrpcClientProtocolClient.java:onNext(264)) - client-119D756B1005->4234af2c-5377-4886-a4e8-6fe45d0af45e: receive RaftClientReply:client-119D756B1005->4234af2c-5377-4886-a4e8-6fe45d0af45e@group-A1165329A1F1, cid=1623, SUCCESS, logIndex=2320, commits[4234af2c-5377-4886-a4e8-6fe45d0af45e:c2320, cef72988-acf5-49ad-9ec7-695a80e7a66d:c2318, d677508c-6db9-4741-b51c-49af5e4cf22f:c2318]
2019-09-08 07:07:29,805 [grpc-default-executor-6] INFO  client.GrpcClientProtocolClient (GrpcClientProtocolClient.java:onNext(264)) - client-119D756B1005->4234af2c-5377-4886-a4e8-6fe45d0af45e: receive RaftClientReply:client-119D756B1005->4234af2c-5377-4886-a4e8-6fe45d0af45e@group-A1165329A1F1, cid=1624, SUCCESS, logIndex=2323, commits[4234af2c-5377-4886-a4e8-6fe45d0af45e:c2323, cef72988-acf5-49ad-9ec7-695a80e7a66d:c2320, d677508c-6db9-4741-b51c-49af5e4cf22f:c2320]
2019-09-08 07:07:29,805 [grpc-default-executor-6] INFO  client.GrpcClientProtocolClient (GrpcClientProtocolClient.java:onNext(264)) - client-119D756B1005->4234af2c-5377-4886-a4e8-6fe45d0af45e: receive RaftClientReply:client-119D756B1005->4234af2c-5377-4886-a4e8-6fe45d0af45e@group-A1165329A1F1, cid=1625, SUCCESS, logIndex=2324, commits[4234af2c-5377-4886-a4e8-6fe45d0af45e:c2324, cef72988-acf5-49ad-9ec7-695a80e7a66d:c2320, d677508c-6db9-4741-b51c-49af5e4cf22f:c2320]
2019-09-08 07:07:29,808 [grpc-default-executor-0] INFO  client.GrpcClientProtocolClient (GrpcClientProtocolClient.java:onNext(264)) - client-119D756B1005->4234af2c-5377-4886-a4e8-6fe45d0af45e: receive RaftClientReply:client-119D756B1005->4234af2c-5377-4886-a4e8-6fe45d0af45e@group-A1165329A1F1, cid=1626, SUCCESS, logIndex=0, commits[4234af2c-5377-4886-a4e8-6fe45d0af45e:c2326, cef72988-acf5-49ad-9ec7-695a80e7a66d:c2324, d677508c-6db9-4741-b51c-49af5e4cf22f:c2324]
2019-09-08 07:07:29,840 [grpc-default-executor-6] INFO  client.GrpcClientProtocolClient (GrpcClientProtocolClient.java:onNext(264)) - client-119D756B1005->4234af2c-5377-4886-a4e8-6fe45d0af45e: receive RaftClientReply:client-119D756B1005->4234af2c-5377-4886-a4e8-6fe45d0af45e@group-A1165329A1F1, cid=1627, SUCCESS, logIndex=2327, commits[4234af2c-5377-4886-a4e8-6fe45d0af45e:c2328, cef72988-acf5-49ad-9ec7-695a80e7a66d:c2326, d677508c-6db9-4741-b51c-49af5e4cf22f:c2326]
2019-09-08 07:07:29,840 [grpc-default-executor-6] INFO  client.GrpcClientProtocolClient (GrpcClientProtocolClient.java:onNext(264)) - client-119D756B1005->4234af2c-5377-4886-a4e8-6fe45d0af45e: receive RaftClientReply:client-119D756B1005->4234af2c-5377-4886-a4e8-6fe45d0af45e@group-A1165329A1F1, cid=1628, SUCCESS, logIndex=2328, commits[4234af2c-5377-4886-a4e8-6fe45d0af45e:c2330, cef72988-acf5-49ad-9ec7-695a80e7a66d:c2326, d677508c-6db9-4741-b51c-49af5e4cf22f:c2326]
2019-09-08 07:07:29,840 [grpc-default-executor-6] INFO  client.GrpcClientProtocolClient (GrpcClientProtocolClient.java:onNext(264)) - client-119D756B1005->4234af2c-5377-4886-a4e8-6fe45d0af45e: receive RaftClientReply:client-119D756B1005->4234af2c-5377-4886-a4e8-6fe45d0af45e@group-A1165329A1F1, cid=1629, SUCCESS, logIndex=2329, commits[4234af2c-5377-4886-a4e8-6fe45d0af45e:c2330, cef72988-acf5-49ad-9ec7-695a80e7a66d:c2326, d677508c-6db9-4741-b51c-49af5e4cf22f:c2326]
2019-09-08 07:07:29,841 [grpc-default-executor-6] INFO  client.GrpcClientProtocolClient (GrpcClientProtocolClient.java:onNext(264)) - client-119D756B1005->4234af2c-5377-4886-a4e8-6fe45d0af45e: receive RaftClientReply:client-119D756B1005->4234af2c-5377-4886-a4e8-6fe45d0af45e@group-A1165329A1F1, cid=1630, SUCCESS, logIndex=2330, commits[4234af2c-5377-4886-a4e8-6fe45d0af45e:c2330, cef72988-acf5-49ad-9ec7-695a80e7a66d:c2326, d677508c-6db9-4741-b51c-49af5e4cf22f:c2326]
2019-09-08 07:07:29,842 [grpc-default-executor-6] INFO  client.GrpcClientProtocolClient (GrpcClientProtocolClient.java:onNext(264)) - client-119D756B1005->4234af2c-5377-4886-a4e8-6fe45d0af45e: receive RaftClientReply:client-119D756B1005->4234af2c-5377-4886-a4e8-6fe45d0af45e@group-A1165329A1F1, cid=1631, SUCCESS, logIndex=0, commits[4234af2c-5377-4886-a4e8-6fe45d0af45e:c2331, cef72988-acf5-49ad-9ec7-695a80e7a66d:c2328, d677508c-6db9-4741-b51c-49af5e4cf22f:c2328]
2019-09-08 07:07:29,871 [grpc-default-executor-0] INFO  client.GrpcClientProtocolClient (GrpcClientProtocolClient.java:onNext(264)) - client-119D756B1005->4234af2c-5377-4886-a4e8-6fe45d0af45e: receive RaftClientReply:client-119D756B1005->4234af2c-5377-4886-a4e8-6fe45d0af45e@group-A1165329A1F1, cid=1632, SUCCESS, logIndex=2334, commits[4234af2c-5377-4886-a4e8-6fe45d0af45e:c2335, cef72988-acf5-49ad-9ec7-695a80e7a66d:c2333, d677508c-6db9-4741-b51c-49af5e4cf22f:c2333]
2019-09-08 07:07:29,872 [grpc-default-executor-0] INFO  client.GrpcClientProtocolClient (GrpcClientProtocolClient.java:onNext(264)) - client-119D756B1005->4234af2c-5377-4886-a4e8-6fe45d0af45e: receive RaftClientReply:client-119D756B1005->4234af2c-5377-4886-a4e8-6fe45d0af45e@group-A1165329A1F1, cid=1633, SUCCESS, logIndex=2335, commits[4234af2c-5377-4886-a4e8-6fe45d0af45e:c2335, cef72988-acf5-49ad-9ec7-695a80e7a66d:c2333, d677508c-6db9-4741-b51c-49af5e4cf22f:c2333]
2019-09-08 07:07:29,885 [grpc-default-executor-4] INFO  client.GrpcClientProtocolClient (GrpcClientProtocolClient.java:onNext(264)) - client-119D756B1005->4234af2c-5377-4886-a4e8-6fe45d0af45e: receive RaftClientReply:client-119D756B1005->4234af2c-5377-4886-a4e8-6fe45d0af45e@group-A1165329A1F1, cid=1634, SUCCESS, logIndex=2338, commits[4234af2c-5377-4886-a4e8-6fe45d0af45e:c2338, cef72988-acf5-49ad-9ec7-695a80e7a66d:c2335, d677508c-6db9-4741-b51c-49af5e4cf22f:c2335]
2019-09-08 07:07:29,885 [grpc-default-executor-4] INFO  client.GrpcClientProtocolClient (GrpcClientProtocolClient.java:onNext(264)) - client-119D756B1005->4234af2c-5377-4886-a4e8-6fe45d0af45e: receive RaftClientReply:client-119D756B1005->4234af2c-5377-4886-a4e8-6fe45d0af45e@group-A1165329A1F1, cid=1635, SUCCESS, logIndex=2339, commits[4234af2c-5377-4886-a4e8-6fe45d0af45e:c2339, cef72988-acf5-49ad-9ec7-695a80e7a66d:c2335, d677508c-6db9-4741-b51c-49af5e4cf22f:c2335]
2019-09-08 07:07:29,909 [grpc-default-executor-0] INFO  client.GrpcClientProtocolClient (GrpcClientProtocolClient.java:onNext(264)) - client-119D756B1005->4234af2c-5377-4886-a4e8-6fe45d0af45e: receive RaftClientReply:client-119D756B1005->4234af2c-5377-4886-a4e8-6fe45d0af45e@group-A1165329A1F1, cid=1636, SUCCESS, logIndex=0, commits[4234af2c-5377-4886-a4e8-6fe45d0af45e:c2341, cef72988-acf5-49ad-9ec7-695a80e7a66d:c2339, d677508c-6db9-4741-b51c-49af5e4cf22f:c2339]
2019-09-08 07:07:29,939 [grpc-default-executor-6] INFO  client.GrpcClientProtocolClient (GrpcClientProtocolClient.java:onNext(264)) - client-119D756B1005->4234af2c-5377-4886-a4e8-6fe45d0af45e: receive RaftClientReply:client-119D756B1005->4234af2c-5377-4886-a4e8-6fe45d0af45e@group-A1165329A1F1, cid=1637, SUCCESS, logIndex=2342, commits[4234af2c-5377-4886-a4e8-6fe45d0af45e:c2343, cef72988-acf5-49ad-9ec7-695a80e7a66d:c2341, d677508c-6db9-4741-b51c-49af5e4cf22f:c2341]
2019-09-08 07:07:29,939 [grpc-default-executor-6] INFO  client.GrpcClientProtocolClient (GrpcClientProtocolClient.java:onNext(264)) - client-119D756B1005->4234af2c-5377-4886-a4e8-6fe45d0af45e: receive RaftClientReply:client-119D756B1005->4234af2c-5377-4886-a4e8-6fe45d0af45e@group-A1165329A1F1, cid=1638, SUCCESS, logIndex=2343, commits[4234af2c-5377-4886-a4e8-6fe45d0af45e:c2345, cef72988-acf5-49ad-9ec7-695a80e7a66d:c2341, d677508c-6db9-4741-b51c-49af5e4cf22f:c2341]
2019-09-08 07:07:29,939 [grpc-default-executor-6] INFO  client.GrpcClientProtocolClient (GrpcClientProtocolClient.java:onNext(264)) - client-119D756B1005->4234af2c-5377-4886-a4e8-6fe45d0af45e: receive RaftClientReply:client-119D756B1005->4234af2c-5377-4886-a4e8-6fe45d0af45e@group-A1165329A1F1, cid=1639, SUCCESS, logIndex=2344, commits[4234af2c-5377-4886-a4e8-6fe45d0af45e:c2345, cef72988-acf5-49ad-9ec7-695a80e7a66d:c2341, d677508c-6db9-4741-b51c-49af5e4cf22f:c2341]
2019-09-08 07:07:29,939 [grpc-default-executor-6] INFO  client.GrpcClientProtocolClient (GrpcClientProtocolClient.java:onNext(264)) - client-119D756B1005->4234af2c-5377-4886-a4e8-6fe45d0af45e: receive RaftClientReply:client-119D756B1005->4234af2c-5377-4886-a4e8-6fe45d0af45e@group-A1165329A1F1, cid=1640, SUCCESS, logIndex=2345, commits[4234af2c-5377-4886-a4e8-6fe45d0af45e:c2345, cef72988-acf5-49ad-9ec7-695a80e7a66d:c2341, d677508c-6db9-4741-b51c-49af5e4cf22f:c2341]
2019-09-08 07:07:29,951 [grpc-default-executor-4] INFO  client.GrpcClientProtocolClient (GrpcClientProtocolClient.java:onNext(264)) - client-119D756B1005->4234af2c-5377-4886-a4e8-6fe45d0af45e: receive RaftClientReply:client-119D756B1005->4234af2c-5377-4886-a4e8-6fe45d0af45e@group-A1165329A1F1, cid=1641, SUCCESS, logIndex=0, commits[4234af2c-5377-4886-a4e8-6fe45d0af45e:c2348, cef72988-acf5-49ad-9ec7-695a80e7a66d:c2345, d677508c-6db9-4741-b51c-49af5e4cf22f:c2343]
2019-09-08 07:07:29,968 [grpc-default-executor-4] INFO  client.GrpcClientProtocolClient (GrpcClientProtocolClient.java:onNext(264)) - client-119D756B1005->4234af2c-5377-4886-a4e8-6fe45d0af45e: receive RaftClientReply:client-119D756B1005->4234af2c-5377-4886-a4e8-6fe45d0af45e@group-A1165329A1F1, cid=1642, SUCCESS, logIndex=2350, commits[4234af2c-5377-4886-a4e8-6fe45d0af45e:c2351, cef72988-acf5-49ad-9ec7-695a80e7a66d:c2349, d677508c-6db9-4741-b51c-49af5e4cf22f:c2349]
2019-09-08 07:07:29,968 [grpc-default-executor-4] INFO  client.GrpcClientProtocolClient (GrpcClientProtocolClient.java:onNext(264)) - client-119D756B1005->4234af2c-5377-4886-a4e8-6fe45d0af45e: receive RaftClientReply:client-119D756B1005->4234af2c-5377-4886-a4e8-6fe45d0af45e@group-A1165329A1F1, cid=1643, SUCCESS, logIndex=2351, commits[4234af2c-5377-4886-a4e8-6fe45d0af45e:c2351, cef72988-acf5-49ad-9ec7-695a80e7a66d:c2349, d677508c-6db9-4741-b51c-49af5e4cf22f:c2349]
2019-09-08 07:07:29,979 [grpc-default-executor-6] INFO  client.GrpcClientProtocolClient (GrpcClientProtocolClient.java:onNext(264)) - client-119D756B1005->4234af2c-5377-4886-a4e8-6fe45d0af45e: receive RaftClientReply:client-119D756B1005->4234af2c-5377-4886-a4e8-6fe45d0af45e@group-A1165329A1F1, cid=1644, SUCCESS, logIndex=2354, commits[4234af2c-5377-4886-a4e8-6fe45d0af45e:c2354, cef72988-acf5-49ad-9ec7-695a80e7a66d:c2351, d677508c-6db9-4741-b51c-49af5e4cf22f:c2353]
2019-09-08 07:07:29,979 [grpc-default-executor-6] INFO  client.GrpcClientProtocolClient (GrpcClientProtocolClient.java:onNext(264)) - client-119D756B1005->4234af2c-5377-4886-a4e8-6fe45d0af45e: receive RaftClientReply:client-119D756B1005->4234af2c-5377-4886-a4e8-6fe45d0af45e@group-A1165329A1F1, cid=1645, SUCCESS, logIndex=2355, commits[4234af2c-5377-4886-a4e8-6fe45d0af45e:c2355, cef72988-acf5-49ad-9ec7-695a80e7a66d:c2351, d677508c-6db9-4741-b51c-49af5e4cf22f:c2353]
2019-09-08 07:07:29,981 [grpc-default-executor-0] INFO  client.GrpcClientProtocolClient (GrpcClientProtocolClient.java:onNext(264)) - client-119D756B1005->4234af2c-5377-4886-a4e8-6fe45d0af45e: receive RaftClientReply:client-119D756B1005->4234af2c-5377-4886-a4e8-6fe45d0af45e@group-A1165329A1F1, cid=1646, SUCCESS, logIndex=0, commits[4234af2c-5377-4886-a4e8-6fe45d0af45e:c2356, cef72988-acf5-49ad-9ec7-695a80e7a66d:c2355, d677508c-6db9-4741-b51c-49af5e4cf22f:c2355]
2019-09-08 07:07:30,027 [grpc-default-executor-0] INFO  client.GrpcClientProtocolClient (GrpcClientProtocolClient.java:onNext(264)) - client-119D756B1005->4234af2c-5377-4886-a4e8-6fe45d0af45e: receive RaftClientReply:client-119D756B1005->4234af2c-5377-4886-a4e8-6fe45d0af45e@group-A1165329A1F1, cid=1647, SUCCESS, logIndex=2358, commits[4234af2c-5377-4886-a4e8-6fe45d0af45e:c2359, cef72988-acf5-49ad-9ec7-695a80e7a66d:c2357, d677508c-6db9-4741-b51c-49af5e4cf22f:c2357]
2019-09-08 07:07:30,027 [grpc-default-executor-0] INFO  client.GrpcClientProtocolClient (GrpcClientProtocolClient.java:onNext(264)) - client-119D756B1005->4234af2c-5377-4886-a4e8-6fe45d0af45e: receive RaftClientReply:client-119D756B1005->4234af2c-5377-4886-a4e8-6fe45d0af45e@group-A1165329A1F1, cid=1648, SUCCESS, logIndex=2359, commits[4234af2c-5377-4886-a4e8-6fe45d0af45e:c2361, cef72988-acf5-49ad-9ec7-695a80e7a66d:c2357, d677508c-6db9-4741-b51c-49af5e4cf22f:c2357]
2019-09-08 07:07:30,027 [grpc-default-executor-0] INFO  client.GrpcClientProtocolClient (GrpcClientProtocolClient.java:onNext(264)) - client-119D756B1005->4234af2c-5377-4886-a4e8-6fe45d0af45e: receive RaftClientReply:client-119D756B1005->4234af2c-5377-4886-a4e8-6fe45d0af45e@group-A1165329A1F1, cid=1649, SUCCESS, logIndex=2360, commits[4234af2c-5377-4886-a4e8-6fe45d0af45e:c2361, cef72988-acf5-49ad-9ec7-695a80e7a66d:c2357, d677508c-6db9-4741-b51c-49af5e4cf22f:c2357]
2019-09-08 07:07:30,028 [grpc-default-executor-0] INFO  client.GrpcClientProtocolClient (GrpcClientProtocolClient.java:onNext(264)) - client-119D756B1005->4234af2c-5377-4886-a4e8-6fe45d0af45e: receive RaftClientReply:client-119D756B1005->4234af2c-5377-4886-a4e8-6fe45d0af45e@group-A1165329A1F1, cid=1650, SUCCESS, logIndex=2361, commits[4234af2c-5377-4886-a4e8-6fe45d0af45e:c2361, cef72988-acf5-49ad-9ec7-695a80e7a66d:c2357, d677508c-6db9-4741-b51c-49af5e4cf22f:c2357]
2019-09-08 07:07:30,029 [grpc-default-executor-6] INFO  client.GrpcClientProtocolClient (GrpcClientProtocolClient.java:onNext(264)) - client-119D756B1005->4234af2c-5377-4886-a4e8-6fe45d0af45e: receive RaftClientReply:client-119D756B1005->4234af2c-5377-4886-a4e8-6fe45d0af45e@group-A1165329A1F1, cid=1651, SUCCESS, logIndex=0, commits[4234af2c-5377-4886-a4e8-6fe45d0af45e:c2362, cef72988-acf5-49ad-9ec7-695a80e7a66d:c2359, d677508c-6db9-4741-b51c-49af5e4cf22f:c2359]
2019-09-08 07:07:30,040 [grpc-default-executor-4] INFO  client.GrpcClientProtocolClient (GrpcClientProtocolClient.java:onNext(264)) - client-119D756B1005->4234af2c-5377-4886-a4e8-6fe45d0af45e: receive RaftClientReply:client-119D756B1005->4234af2c-5377-4886-a4e8-6fe45d0af45e@group-A1165329A1F1, cid=1652, SUCCESS, logIndex=2365, commits[4234af2c-5377-4886-a4e8-6fe45d0af45e:c2365, cef72988-acf5-49ad-9ec7-695a80e7a66d:c2364, d677508c-6db9-4741-b51c-49af5e4cf22f:c2364]
2019-09-08 07:07:30,040 [grpc-default-executor-4] INFO  client.GrpcClientProtocolClient (GrpcClientProtocolClient.java:onNext(264)) - client-119D756B1005->4234af2c-5377-4886-a4e8-6fe45d0af45e: receive RaftClientReply:client-119D756B1005->4234af2c-5377-4886-a4e8-6fe45d0af45e@group-A1165329A1F1, cid=1653, SUCCESS, logIndex=2366, commits[4234af2c-5377-4886-a4e8-6fe45d0af45e:c2366, cef72988-acf5-49ad-9ec7-695a80e7a66d:c2364, d677508c-6db9-4741-b51c-49af5e4cf22f:c2364]
2019-09-08 07:07:30,049 [grpc-default-executor-6] INFO  client.GrpcClientProtocolClient (GrpcClientProtocolClient.java:onNext(264)) - client-119D756B1005->4234af2c-5377-4886-a4e8-6fe45d0af45e: receive RaftClientReply:client-119D756B1005->4234af2c-5377-4886-a4e8-6fe45d0af45e@group-A1165329A1F1, cid=1654, SUCCESS, logIndex=2369, commits[4234af2c-5377-4886-a4e8-6fe45d0af45e:c2370, cef72988-acf5-49ad-9ec7-695a80e7a66d:c2368, d677508c-6db9-4741-b51c-49af5e4cf22f:c2368]
2019-09-08 07:07:30,050 [grpc-default-executor-6] INFO  client.GrpcClientProtocolClient (GrpcClientProtocolClient.java:onNext(264)) - client-119D756B1005->4234af2c-5377-4886-a4e8-6fe45d0af45e: receive RaftClientReply:client-119D756B1005->4234af2c-5377-4886-a4e8-6fe45d0af45e@group-A1165329A1F1, cid=1655, SUCCESS, logIndex=2370, commits[4234af2c-5377-4886-a4e8-6fe45d0af45e:c2370, cef72988-acf5-49ad-9ec7-695a80e7a66d:c2368, d677508c-6db9-4741-b51c-49af5e4cf22f:c2368]
2019-09-08 07:07:30,055 [grpc-default-executor-0] INFO  client.GrpcClientProtocolClient (GrpcClientProtocolClient.java:onNext(264)) - client-119D756B1005->4234af2c-5377-4886-a4e8-6fe45d0af45e: receive RaftClientReply:client-119D756B1005->4234af2c-5377-4886-a4e8-6fe45d0af45e@group-A1165329A1F1, cid=1656, SUCCESS, logIndex=0, commits[4234af2c-5377-4886-a4e8-6fe45d0af45e:c2371, cef72988-acf5-49ad-9ec7-695a80e7a66d:c2370, d677508c-6db9-4741-b51c-49af5e4cf22f:c2370]
2019-09-08 07:07:30,071 [grpc-default-executor-4] INFO  client.GrpcClientProtocolClient (GrpcClientProtocolClient.java:onNext(264)) - client-119D756B1005->4234af2c-5377-4886-a4e8-6fe45d0af45e: receive RaftClientReply:client-119D756B1005->4234af2c-5377-4886-a4e8-6fe45d0af45e@group-A1165329A1F1, cid=1657, SUCCESS, logIndex=2373, commits[4234af2c-5377-4886-a4e8-6fe45d0af45e:c2374, cef72988-acf5-49ad-9ec7-695a80e7a66d:c2372, d677508c-6db9-4741-b51c-49af5e4cf22f:c2370]
2019-09-08 07:07:30,072 [grpc-default-executor-4] INFO  client.GrpcClientProtocolClient (GrpcClientProtocolClient.java:onNext(264)) - client-119D756B1005->4234af2c-5377-4886-a4e8-6fe45d0af45e: receive RaftClientReply:client-119D756B1005->4234af2c-5377-4886-a4e8-6fe45d0af45e@group-A1165329A1F1, cid=1658, SUCCESS, logIndex=2374, commits[4234af2c-5377-4886-a4e8-6fe45d0af45e:c2374, cef72988-acf5-49ad-9ec7-695a80e7a66d:c2372, d677508c-6db9-4741-b51c-49af5e4cf22f:c2370]
2019-09-08 07:07:30,073 [grpc-default-executor-4] INFO  client.GrpcClientProtocolClient (GrpcClientProtocolClient.java:onNext(264)) - client-119D756B1005->4234af2c-5377-4886-a4e8-6fe45d0af45e: receive RaftClientReply:client-119D756B1005->4234af2c-5377-4886-a4e8-6fe45d0af45e@group-A1165329A1F1, cid=1659, SUCCESS, logIndex=2375, commits[4234af2c-5377-4886-a4e8-6fe45d0af45e:c2376, cef72988-acf5-49ad-9ec7-695a80e7a66d:c2372, d677508c-6db9-4741-b51c-49af5e4cf22f:c2372]
2019-09-08 07:07:30,073 [grpc-default-executor-4] INFO  client.GrpcClientProtocolClient (GrpcClientProtocolClient.java:onNext(264)) - client-119D756B1005->4234af2c-5377-4886-a4e8-6fe45d0af45e: receive RaftClientReply:client-119D756B1005->4234af2c-5377-4886-a4e8-6fe45d0af45e@group-A1165329A1F1, cid=1660, SUCCESS, logIndex=2376, commits[4234af2c-5377-4886-a4e8-6fe45d0af45e:c2376, cef72988-acf5-49ad-9ec7-695a80e7a66d:c2372, d677508c-6db9-4741-b51c-49af5e4cf22f:c2372]
2019-09-08 07:07:30,074 [grpc-default-executor-0] INFO  client.GrpcClientProtocolClient (GrpcClientProtocolClient.java:onNext(264)) - client-119D756B1005->4234af2c-5377-4886-a4e8-6fe45d0af45e: receive RaftClientReply:client-119D756B1005->4234af2c-5377-4886-a4e8-6fe45d0af45e@group-A1165329A1F1, cid=1661, SUCCESS, logIndex=0, commits[4234af2c-5377-4886-a4e8-6fe45d0af45e:c2378, cef72988-acf5-49ad-9ec7-695a80e7a66d:c2374, d677508c-6db9-4741-b51c-49af5e4cf22f:c2374]
2019-09-08 07:07:30,093 [grpc-default-executor-4] INFO  client.GrpcClientProtocolClient (GrpcClientProtocolClient.java:onNext(264)) - client-119D756B1005->4234af2c-5377-4886-a4e8-6fe45d0af45e: receive RaftClientReply:client-119D756B1005->4234af2c-5377-4886-a4e8-6fe45d0af45e@group-A1165329A1F1, cid=1662, SUCCESS, logIndex=2381, commits[4234af2c-5377-4886-a4e8-6fe45d0af45e:c2381, cef72988-acf5-49ad-9ec7-695a80e7a66d:c2380, d677508c-6db9-4741-b51c-49af5e4cf22f:c2380]
2019-09-08 07:07:30,093 [grpc-default-executor-4] INFO  client.GrpcClientProtocolClient (GrpcClientProtocolClient.java:onNext(264)) - client-119D756B1005->4234af2c-5377-4886-a4e8-6fe45d0af45e: receive RaftClientReply:client-119D756B1005->4234af2c-5377-4886-a4e8-6fe45d0af45e@group-A1165329A1F1, cid=1663, SUCCESS, logIndex=2382, commits[4234af2c-5377-4886-a4e8-6fe45d0af45e:c2382, cef72988-acf5-49ad-9ec7-695a80e7a66d:c2380, d677508c-6db9-4741-b51c-49af5e4cf22f:c2380]
2019-09-08 07:07:30,107 [grpc-default-executor-3] INFO  client.GrpcClientProtocolClient (GrpcClientProtocolClient.java:onNext(264)) - client-119D756B1005->4234af2c-5377-4886-a4e8-6fe45d0af45e: receive RaftClientReply:client-119D756B1005->4234af2c-5377-4886-a4e8-6fe45d0af45e@group-A1165329A1F1, cid=1664, SUCCESS, logIndex=2385, commits[4234af2c-5377-4886-a4e8-6fe45d0af45e:c2385, cef72988-acf5-49ad-9ec7-695a80e7a66d:c2382, d677508c-6db9-4741-b51c-49af5e4cf22f:c2382]
2019-09-08 07:07:30,107 [grpc-default-executor-3] INFO  client.GrpcClientProtocolClient (GrpcClientProtocolClient.java:onNext(264)) - client-119D756B1005->4234af2c-5377-4886-a4e8-6fe45d0af45e: receive RaftClientReply:client-119D756B1005->4234af2c-5377-4886-a4e8-6fe45d0af45e@group-A1165329A1F1, cid=1665, SUCCESS, logIndex=2386, commits[4234af2c-5377-4886-a4e8-6fe45d0af45e:c2386, cef72988-acf5-49ad-9ec7-695a80e7a66d:c2382, d677508c-6db9-4741-b51c-49af5e4cf22f:c2382]
2019-09-08 07:07:30,120 [grpc-default-executor-4] INFO  client.GrpcClientProtocolClient (GrpcClientProtocolClient.java:onNext(264)) - client-119D756B1005->4234af2c-5377-4886-a4e8-6fe45d0af45e: receive RaftClientReply:client-119D756B1005->4234af2c-5377-4886-a4e8-6fe45d0af45e@group-A1165329A1F1, cid=1666, SUCCESS, logIndex=0, commits[4234af2c-5377-4886-a4e8-6fe45d0af45e:c2388, cef72988-acf5-49ad-9ec7-695a80e7a66d:c2386, d677508c-6db9-4741-b51c-49af5e4cf22f:c2386]
2019-09-08 07:07:30,148 [grpc-default-executor-4] INFO  client.GrpcClientProtocolClient (GrpcClientProtocolClient.java:onNext(264)) - client-119D756B1005->4234af2c-5377-4886-a4e8-6fe45d0af45e: receive RaftClientReply:client-119D756B1005->4234af2c-5377-4886-a4e8-6fe45d0af45e@group-A1165329A1F1, cid=1667, SUCCESS, logIndex=2389, commits[4234af2c-5377-4886-a4e8-6fe45d0af45e:c2390, cef72988-acf5-49ad-9ec7-695a80e7a66d:c2388, d677508c-6db9-4741-b51c-49af5e4cf22f:c2388]
2019-09-08 07:07:30,149 [grpc-default-executor-4] INFO  client.GrpcClientProtocolClient (GrpcClientProtocolClient.java:onNext(264)) - client-119D756B1005->4234af2c-5377-4886-a4e8-6fe45d0af45e: receive RaftClientReply:client-119D756B1005->4234af2c-5377-4886-a4e8-6fe45d0af45e@group-A1165329A1F1, cid=1668, SUCCESS, logIndex=2390, commits[4234af2c-5377-4886-a4e8-6fe45d0af45e:c2392, cef72988-acf5-49ad-9ec7-695a80e7a66d:c2388, d677508c-6db9-4741-b51c-49af5e4cf22f:c2388]
2019-09-08 07:07:30,149 [grpc-default-executor-4] INFO  client.GrpcClientProtocolClient (GrpcClientProtocolClient.java:onNext(264)) - client-119D756B1005->4234af2c-5377-4886-a4e8-6fe45d0af45e: receive RaftClientReply:client-119D756B1005->4234af2c-5377-4886-a4e8-6fe45d0af45e@group-A1165329A1F1, cid=1669, SUCCESS, logIndex=2391, commits[4234af2c-5377-4886-a4e8-6fe45d0af45e:c2392, cef72988-acf5-49ad-9ec7-695a80e7a66d:c2388, d677508c-6db9-4741-b51c-49af5e4cf22f:c2388]
2019-09-08 07:07:30,149 [grpc-default-executor-4] INFO  client.GrpcClientProtocolClient (GrpcClientProtocolClient.java:onNext(264)) - client-119D756B1005->4234af2c-5377-4886-a4e8-6fe45d0af45e: receive RaftClientReply:client-119D756B1005->4234af2c-5377-4886-a4e8-6fe45d0af45e@group-A1165329A1F1, cid=1670, SUCCESS, logIndex=2392, commits[4234af2c-5377-4886-a4e8-6fe45d0af45e:c2392, cef72988-acf5-49ad-9ec7-695a80e7a66d:c2388, d677508c-6db9-4741-b51c-49af5e4cf22f:c2388]
2019-09-08 07:07:30,161 [grpc-default-executor-6] INFO  client.GrpcClientProtocolClient (GrpcClientProtocolClient.java:onNext(264)) - client-119D756B1005->4234af2c-5377-4886-a4e8-6fe45d0af45e: receive RaftClientReply:client-119D756B1005->4234af2c-5377-4886-a4e8-6fe45d0af45e@group-A1165329A1F1, cid=1671, SUCCESS, logIndex=0, commits[4234af2c-5377-4886-a4e8-6fe45d0af45e:c2394, cef72988-acf5-49ad-9ec7-695a80e7a66d:c2390, d677508c-6db9-4741-b51c-49af5e4cf22f:c2390]
2019-09-08 07:07:30,179 [grpc-default-executor-3] INFO  client.GrpcClientProtocolClient (GrpcClientProtocolClient.java:onNext(264)) - client-119D756B1005->4234af2c-5377-4886-a4e8-6fe45d0af45e: receive RaftClientReply:client-119D756B1005->4234af2c-5377-4886-a4e8-6fe45d0af45e@group-A1165329A1F1, cid=1672, SUCCESS, logIndex=2396, commits[4234af2c-5377-4886-a4e8-6fe45d0af45e:c2397, cef72988-acf5-49ad-9ec7-695a80e7a66d:c2395, d677508c-6db9-4741-b51c-49af5e4cf22f:c2395]
2019-09-08 07:07:30,179 [grpc-default-executor-3] INFO  client.GrpcClientProtocolClient (GrpcClientProtocolClient.java:onNext(264)) - client-119D756B1005->4234af2c-5377-4886-a4e8-6fe45d0af45e: receive RaftClientReply:client-119D756B1005->4234af2c-5377-4886-a4e8-6fe45d0af45e@group-A1165329A1F1, cid=1673, SUCCESS, logIndex=2397, commits[4234af2c-5377-4886-a4e8-6fe45d0af45e:c2397, cef72988-acf5-49ad-9ec7-695a80e7a66d:c2395, d677508c-6db9-4741-b51c-49af5e4cf22f:c2395]
2019-09-08 07:07:30,192 [grpc-default-executor-6] INFO  client.GrpcClientProtocolClient (GrpcClientProtocolClient.java:onNext(264)) - client-119D756B1005->4234af2c-5377-4886-a4e8-6fe45d0af45e: receive RaftClientReply:client-119D756B1005->4234af2c-5377-4886-a4e8-6fe45d0af45e@group-A1165329A1F1, cid=1674, SUCCESS, logIndex=2400, commits[4234af2c-5377-4886-a4e8-6fe45d0af45e:c2401, cef72988-acf5-49ad-9ec7-695a80e7a66d:c2397, d677508c-6db9-4741-b51c-49af5e4cf22f:c2397]
2019-09-08 07:07:30,192 [grpc-default-executor-6] INFO  client.GrpcClientProtocolClient (GrpcClientProtocolClient.java:onNext(264)) - client-119D756B1005->4234af2c-5377-4886-a4e8-6fe45d0af45e: receive RaftClientReply:client-119D756B1005->4234af2c-5377-4886-a4e8-6fe45d0af45e@group-A1165329A1F1, cid=1675, SUCCESS, logIndex=2401, commits[4234af2c-5377-4886-a4e8-6fe45d0af45e:c2401, cef72988-acf5-49ad-9ec7-695a80e7a66d:c2397, d677508c-6db9-4741-b51c-49af5e4cf22f:c2397]
2019-09-08 07:07:30,205 [grpc-default-executor-6] INFO  client.GrpcClientProtocolClient (GrpcClientProtocolClient.java:onNext(264)) - client-119D756B1005->4234af2c-5377-4886-a4e8-6fe45d0af45e: receive RaftClientReply:client-119D756B1005->4234af2c-5377-4886-a4e8-6fe45d0af45e@group-A1165329A1F1, cid=1676, SUCCESS, logIndex=0, commits[4234af2c-5377-4886-a4e8-6fe45d0af45e:c2403, cef72988-acf5-49ad-9ec7-695a80e7a66d:c2401, d677508c-6db9-4741-b51c-49af5e4cf22f:c2401]
2019-09-08 07:07:30,229 [grpc-default-executor-6] INFO  client.GrpcClientProtocolClient (GrpcClientProtocolClient.java:onNext(264)) - client-119D756B1005->4234af2c-5377-4886-a4e8-6fe45d0af45e: receive RaftClientReply:client-119D756B1005->4234af2c-5377-4886-a4e8-6fe45d0af45e@group-A1165329A1F1, cid=1677, SUCCESS, logIndex=2404, commits[4234af2c-5377-4886-a4e8-6fe45d0af45e:c2405, cef72988-acf5-49ad-9ec7-695a80e7a66d:c2403, d677508c-6db9-4741-b51c-49af5e4cf22f:c2403]
2019-09-08 07:07:30,229 [grpc-default-executor-6] INFO  client.GrpcClientProtocolClient (GrpcClientProtocolClient.java:onNext(264)) - client-119D756B1005->4234af2c-5377-4886-a4e8-6fe45d0af45e: receive RaftClientReply:client-119D756B1005->4234af2c-5377-4886-a4e8-6fe45d0af45e@group-A1165329A1F1, cid=1678, SUCCESS, logIndex=2405, commits[4234af2c-5377-4886-a4e8-6fe45d0af45e:c2405, cef72988-acf5-49ad-9ec7-695a80e7a66d:c2403, d677508c-6db9-4741-b51c-49af5e4cf22f:c2403]
2019-09-08 07:07:30,230 [grpc-default-executor-0] INFO  client.GrpcClientProtocolClient (GrpcClientProtocolClient.java:onNext(264)) - client-119D756B1005->4234af2c-5377-4886-a4e8-6fe45d0af45e: receive RaftClientReply:client-119D756B1005->4234af2c-5377-4886-a4e8-6fe45d0af45e@group-A1165329A1F1, cid=1679, SUCCESS, logIndex=2406, commits[4234af2c-5377-4886-a4e8-6fe45d0af45e:c2406, cef72988-acf5-49ad-9ec7-695a80e7a66d:c2403, d677508c-6db9-4741-b51c-49af5e4cf22f:c2403]
2019-09-08 07:07:30,230 [grpc-default-executor-0] INFO  client.GrpcClientProtocolClient (GrpcClientProtocolClient.java:onNext(264)) - client-119D756B1005->4234af2c-5377-4886-a4e8-6fe45d0af45e: receive RaftClientReply:client-119D756B1005->4234af2c-5377-4886-a4e8-6fe45d0af45e@group-A1165329A1F1, cid=1680, SUCCESS, logIndex=2407, commits[4234af2c-5377-4886-a4e8-6fe45d0af45e:c2407, cef72988-acf5-49ad-9ec7-695a80e7a66d:c2403, d677508c-6db9-4741-b51c-49af5e4cf22f:c2403]
2019-09-08 07:07:30,232 [grpc-default-executor-4] INFO  client.GrpcClientProtocolClient (GrpcClientProtocolClient.java:onNext(264)) - client-119D756B1005->4234af2c-5377-4886-a4e8-6fe45d0af45e: receive RaftClientReply:client-119D756B1005->4234af2c-5377-4886-a4e8-6fe45d0af45e@group-A1165329A1F1, cid=1681, SUCCESS, logIndex=0, commits[4234af2c-5377-4886-a4e8-6fe45d0af45e:c2409, cef72988-acf5-49ad-9ec7-695a80e7a66d:c2405, d677508c-6db9-4741-b51c-49af5e4cf22f:c2405]
2019-09-08 07:07:30,249 [grpc-default-executor-4] INFO  client.GrpcClientProtocolClient (GrpcClientProtocolClient.java:onNext(264)) - client-119D756B1005->4234af2c-5377-4886-a4e8-6fe45d0af45e: receive RaftClientReply:client-119D756B1005->4234af2c-5377-4886-a4e8-6fe45d0af45e@group-A1165329A1F1, cid=1682, SUCCESS, logIndex=2412, commits[4234af2c-5377-4886-a4e8-6fe45d0af45e:c2413, cef72988-acf5-49ad-9ec7-695a80e7a66d:c2411, d677508c-6db9-4741-b51c-49af5e4cf22f:c2407]
2019-09-08 07:07:30,250 [grpc-default-executor-4] INFO  client.GrpcClientProtocolClient (GrpcClientProtocolClient.java:onNext(264)) - client-119D756B1005->4234af2c-5377-4886-a4e8-6fe45d0af45e: receive RaftClientReply:client-119D756B1005->4234af2c-5377-4886-a4e8-6fe45d0af45e@group-A1165329A1F1, cid=1683, SUCCESS, logIndex=2413, commits[4234af2c-5377-4886-a4e8-6fe45d0af45e:c2413, cef72988-acf5-49ad-9ec7-695a80e7a66d:c2411, d677508c-6db9-4741-b51c-49af5e4cf22f:c2411]
2019-09-08 07:07:30,266 [grpc-default-executor-6] INFO  client.GrpcClientProtocolClient (GrpcClientProtocolClient.java:onNext(264)) - client-119D756B1005->4234af2c-5377-4886-a4e8-6fe45d0af45e: receive RaftClientReply:client-119D756B1005->4234af2c-5377-4886-a4e8-6fe45d0af45e@group-A1165329A1F1, cid=1684, SUCCESS, logIndex=2416, commits[4234af2c-5377-4886-a4e8-6fe45d0af45e:c2417, cef72988-acf5-49ad-9ec7-695a80e7a66d:c2415, d677508c-6db9-4741-b51c-49af5e4cf22f:c2415]
2019-09-08 07:07:30,266 [grpc-default-executor-6] INFO  client.GrpcClientProtocolClient (GrpcClientProtocolClient.java:onNext(264)) - client-119D756B1005->4234af2c-5377-4886-a4e8-6fe45d0af45e: receive RaftClientReply:client-119D756B1005->4234af2c-5377-4886-a4e8-6fe45d0af45e@group-A1165329A1F1, cid=1685, SUCCESS, logIndex=2417, commits[4234af2c-5377-4886-a4e8-6fe45d0af45e:c2417, cef72988-acf5-49ad-9ec7-695a80e7a66d:c2415, d677508c-6db9-4741-b51c-49af5e4cf22f:c2415]
2019-09-08 07:07:30,269 [grpc-default-executor-4] INFO  client.GrpcClientProtocolClient (GrpcClientProtocolClient.java:onNext(264)) - client-119D756B1005->4234af2c-5377-4886-a4e8-6fe45d0af45e: receive RaftClientReply:client-119D756B1005->4234af2c-5377-4886-a4e8-6fe45d0af45e@group-A1165329A1F1, cid=1686, SUCCESS, logIndex=0, commits[4234af2c-5377-4886-a4e8-6fe45d0af45e:c2418, cef72988-acf5-49ad-9ec7-695a80e7a66d:c2417, d677508c-6db9-4741-b51c-49af5e4cf22f:c2417]
2019-09-08 07:07:30,286 [grpc-default-executor-4] INFO  client.GrpcClientProtocolClient (GrpcClientProtocolClient.java:onNext(264)) - client-119D756B1005->4234af2c-5377-4886-a4e8-6fe45d0af45e: receive RaftClientReply:client-119D756B1005->4234af2c-5377-4886-a4e8-6fe45d0af45e@group-A1165329A1F1, cid=1687, SUCCESS, logIndex=2420, commits[4234af2c-5377-4886-a4e8-6fe45d0af45e:c2421, cef72988-acf5-49ad-9ec7-695a80e7a66d:c2419, d677508c-6db9-4741-b51c-49af5e4cf22f:c2417]
2019-09-08 07:07:30,287 [grpc-default-executor-4] INFO  client.GrpcClientProtocolClient (GrpcClientProtocolClient.java:onNext(264)) - client-119D756B1005->4234af2c-5377-4886-a4e8-6fe45d0af45e: receive RaftClientReply:client-119D756B1005->4234af2c-5377-4886-a4e8-6fe45d0af45e@group-A1165329A1F1, cid=1688, SUCCESS, logIndex=2421, commits[4234af2c-5377-4886-a4e8-6fe45d0af45e:c2421, cef72988-acf5-49ad-9ec7-695a80e7a66d:c2419, d677508c-6db9-4741-b51c-49af5e4cf22f:c2419]
2019-09-08 07:07:30,287 [grpc-default-executor-4] INFO  client.GrpcClientProtocolClient (GrpcClientProtocolClient.java:onNext(264)) - client-119D756B1005->4234af2c-5377-4886-a4e8-6fe45d0af45e: receive RaftClientReply:client-119D756B1005->4234af2c-5377-4886-a4e8-6fe45d0af45e@group-A1165329A1F1, cid=1689, SUCCESS, logIndex=2422, commits[4234af2c-5377-4886-a4e8-6fe45d0af45e:c2422, cef72988-acf5-49ad-9ec7-695a80e7a66d:c2419, d677508c-6db9-4741-b51c-49af5e4cf22f:c2419]
2019-09-08 07:07:30,288 [grpc-default-executor-4] INFO  client.GrpcClientProtocolClient (GrpcClientProtocolClient.java:onNext(264)) - client-119D756B1005->4234af2c-5377-4886-a4e8-6fe45d0af45e: receive RaftClientReply:client-119D756B1005->4234af2c-5377-4886-a4e8-6fe45d0af45e@group-A1165329A1F1, cid=1690, SUCCESS, logIndex=2423, commits[4234af2c-5377-4886-a4e8-6fe45d0af45e:c2423, cef72988-acf5-49ad-9ec7-695a80e7a66d:c2419, d677508c-6db9-4741-b51c-49af5e4cf22f:c2419]
 0.00% |█                                                                                                    |  0/1 Time: 0:00:112019-09-08 07:07:30,382 [grpc-default-executor-3] INFO  client.GrpcClientProtocolClient (GrpcClientProtocolClient.java:onNext(264)) - client-119D756B1005->4234af2c-5377-4886-a4e8-6fe45d0af45e: receive RaftClientReply:client-119D756B1005->4234af2c-5377-4886-a4e8-6fe45d0af45e@group-A1165329A1F1, cid=1691, SUCCESS, logIndex=0, commits[4234af2c-5377-4886-a4e8-6fe45d0af45e:c2425, cef72988-acf5-49ad-9ec7-695a80e7a66d:c2421, d677508c-6db9-4741-b51c-49af5e4cf22f:c2421]
2019-09-08 07:07:30,407 [grpc-default-executor-3] INFO  client.GrpcClientProtocolClient (GrpcClientProtocolClient.java:onNext(264)) - client-119D756B1005->4234af2c-5377-4886-a4e8-6fe45d0af45e: receive RaftClientReply:client-119D756B1005->4234af2c-5377-4886-a4e8-6fe45d0af45e@group-A1165329A1F1, cid=1692, SUCCESS, logIndex=2428, commits[4234af2c-5377-4886-a4e8-6fe45d0af45e:c2429, cef72988-acf5-49ad-9ec7-695a80e7a66d:c2427, d677508c-6db9-4741-b51c-49af5e4cf22f:c2427]
2019-09-08 07:07:30,407 [grpc-default-executor-3] INFO  client.GrpcClientProtocolClient (GrpcClientProtocolClient.java:onNext(264)) - client-119D756B1005->4234af2c-5377-4886-a4e8-6fe45d0af45e: receive RaftClientReply:client-119D756B1005->4234af2c-5377-4886-a4e8-6fe45d0af45e@group-A1165329A1F1, cid=1693, SUCCESS, logIndex=2429, commits[4234af2c-5377-4886-a4e8-6fe45d0af45e:c2429, cef72988-acf5-49ad-9ec7-695a80e7a66d:c2427, d677508c-6db9-4741-b51c-49af5e4cf22f:c2427]
2019-09-08 07:07:30,420 [grpc-default-executor-0] INFO  client.GrpcClientProtocolClient (GrpcClientProtocolClient.java:onNext(264)) - client-119D756B1005->4234af2c-5377-4886-a4e8-6fe45d0af45e: receive RaftClientReply:client-119D756B1005->4234af2c-5377-4886-a4e8-6fe45d0af45e@group-A1165329A1F1, cid=1694, SUCCESS, logIndex=2432, commits[4234af2c-5377-4886-a4e8-6fe45d0af45e:c2433, cef72988-acf5-49ad-9ec7-695a80e7a66d:c2429, d677508c-6db9-4741-b51c-49af5e4cf22f:c2429]
2019-09-08 07:07:30,421 [grpc-default-executor-0] INFO  client.GrpcClientProtocolClient (GrpcClientProtocolClient.java:onNext(264)) - client-119D756B1005->4234af2c-5377-4886-a4e8-6fe45d0af45e: receive RaftClientReply:client-119D756B1005->4234af2c-5377-4886-a4e8-6fe45d0af45e@group-A1165329A1F1, cid=1695, SUCCESS, logIndex=2433, commits[4234af2c-5377-4886-a4e8-6fe45d0af45e:c2433, cef72988-acf5-49ad-9ec7-695a80e7a66d:c2429, d677508c-6db9-4741-b51c-49af5e4cf22f:c2429]
2019-09-08 07:07:30,423 [grpc-default-executor-4] INFO  client.GrpcClientProtocolClient (GrpcClientProtocolClient.java:onNext(264)) - client-119D756B1005->4234af2c-5377-4886-a4e8-6fe45d0af45e: receive RaftClientReply:client-119D756B1005->4234af2c-5377-4886-a4e8-6fe45d0af45e@group-A1165329A1F1, cid=1696, SUCCESS, logIndex=0, commits[4234af2c-5377-4886-a4e8-6fe45d0af45e:c2434, cef72988-acf5-49ad-9ec7-695a80e7a66d:c2433, d677508c-6db9-4741-b51c-49af5e4cf22f:c2433]
2019-09-08 07:07:30,450 [grpc-default-executor-6] INFO  client.GrpcClientProtocolClient (GrpcClientProtocolClient.java:onNext(264)) - client-119D756B1005->4234af2c-5377-4886-a4e8-6fe45d0af45e: receive RaftClientReply:client-119D756B1005->4234af2c-5377-4886-a4e8-6fe45d0af45e@group-A1165329A1F1, cid=1697, SUCCESS, logIndex=2436, commits[4234af2c-5377-4886-a4e8-6fe45d0af45e:c2437, cef72988-acf5-49ad-9ec7-695a80e7a66d:c2435, d677508c-6db9-4741-b51c-49af5e4cf22f:c2435]
2019-09-08 07:07:30,451 [grpc-default-executor-6] INFO  client.GrpcClientProtocolClient (GrpcClientProtocolClient.java:onNext(264)) - client-119D756B1005->4234af2c-5377-4886-a4e8-6fe45d0af45e: receive RaftClientReply:client-119D756B1005->4234af2c-5377-4886-a4e8-6fe45d0af45e@group-A1165329A1F1, cid=1698, SUCCESS, logIndex=2437, commits[4234af2c-5377-4886-a4e8-6fe45d0af45e:c2437, cef72988-acf5-49ad-9ec7-695a80e7a66d:c2435, d677508c-6db9-4741-b51c-49af5e4cf22f:c2435]
2019-09-08 07:07:30,461 [grpc-default-executor-0] INFO  client.GrpcClientProtocolClient (GrpcClientProtocolClient.java:onNext(264)) - client-119D756B1005->4234af2c-5377-4886-a4e8-6fe45d0af45e: receive RaftClientReply:client-119D756B1005->4234af2c-5377-4886-a4e8-6fe45d0af45e@group-A1165329A1F1, cid=1699, SUCCESS, logIndex=2438, commits[4234af2c-5377-4886-a4e8-6fe45d0af45e:c2439, cef72988-acf5-49ad-9ec7-695a80e7a66d:c2435, d677508c-6db9-4741-b51c-49af5e4cf22f:c2435]
2019-09-08 07:07:30,462 [grpc-default-executor-0] INFO  client.GrpcClientProtocolClient (GrpcClientProtocolClient.java:onNext(264)) - client-119D756B1005->4234af2c-5377-4886-a4e8-6fe45d0af45e: receive RaftClientReply:client-119D756B1005->4234af2c-5377-4886-a4e8-6fe45d0af45e@group-A1165329A1F1, cid=1700, SUCCESS, logIndex=2439, commits[4234af2c-5377-4886-a4e8-6fe45d0af45e:c2439, cef72988-acf5-49ad-9ec7-695a80e7a66d:c2435, d677508c-6db9-4741-b51c-49af5e4cf22f:c2435]
2019-09-08 07:07:30,463 [grpc-default-executor-6] INFO  client.GrpcClientProtocolClient (GrpcClientProtocolClient.java:onNext(264)) - client-119D756B1005->4234af2c-5377-4886-a4e8-6fe45d0af45e: receive RaftClientReply:client-119D756B1005->4234af2c-5377-4886-a4e8-6fe45d0af45e@group-A1165329A1F1, cid=1701, SUCCESS, logIndex=0, commits[4234af2c-5377-4886-a4e8-6fe45d0af45e:c2441, cef72988-acf5-49ad-9ec7-695a80e7a66d:c2437, d677508c-6db9-4741-b51c-49af5e4cf22f:c2437]
2019-09-08 07:07:30,482 [grpc-default-executor-6] INFO  client.GrpcClientProtocolClient (GrpcClientProtocolClient.java:onNext(264)) - client-119D756B1005->4234af2c-5377-4886-a4e8-6fe45d0af45e: receive RaftClientReply:client-119D756B1005->4234af2c-5377-4886-a4e8-6fe45d0af45e@group-A1165329A1F1, cid=1702, SUCCESS, logIndex=2444, commits[4234af2c-5377-4886-a4e8-6fe45d0af45e:c2445, cef72988-acf5-49ad-9ec7-695a80e7a66d:c2443, d677508c-6db9-4741-b51c-49af5e4cf22f:c2443]
2019-09-08 07:07:30,482 [grpc-default-executor-6] INFO  client.GrpcClientProtocolClient (GrpcClientProtocolClient.java:onNext(264)) - client-119D756B1005->4234af2c-5377-4886-a4e8-6fe45d0af45e: receive RaftClientReply:client-119D756B1005->4234af2c-5377-4886-a4e8-6fe45d0af45e@group-A1165329A1F1, cid=1703, SUCCESS, logIndex=2445, commits[4234af2c-5377-4886-a4e8-6fe45d0af45e:c2445, cef72988-acf5-49ad-9ec7-695a80e7a66d:c2443, d677508c-6db9-4741-b51c-49af5e4cf22f:c2443]
2019-09-08 07:07:32,013 [SCM Heartbeat Processing Thread - 0] ERROR node.NodeStateManager (NodeStateManager.java:checkNodesHealth(626)) - Total time spend processing datanode HB's is greater than configured values for datanode heartbeats. Please adjust the heartbeat configs. Time Spend on HB processing: 0 seconds Datanode heartbeat Interval: 100 seconds.
 0.00% |█                                                                                                    |  0/1 Time: 0:00:122019-09-08 07:07:32,025 [grpc-default-executor-6] INFO  client.GrpcClientProtocolClient (GrpcClientProtocolClient.java:onNext(264)) - client-119D756B1005->4234af2c-5377-4886-a4e8-6fe45d0af45e: receive RaftClientReply:client-119D756B1005->4234af2c-5377-4886-a4e8-6fe45d0af45e@group-A1165329A1F1, cid=1704, SUCCESS, logIndex=2448, commits[4234af2c-5377-4886-a4e8-6fe45d0af45e:c2451, cef72988-acf5-49ad-9ec7-695a80e7a66d:c2449, d677508c-6db9-4741-b51c-49af5e4cf22f:c2449]
2019-09-08 07:07:32,028 [grpc-default-executor-6] INFO  client.GrpcClientProtocolClient (GrpcClientProtocolClient.java:onNext(264)) - client-119D756B1005->4234af2c-5377-4886-a4e8-6fe45d0af45e: receive RaftClientReply:client-119D756B1005->4234af2c-5377-4886-a4e8-6fe45d0af45e@group-A1165329A1F1, cid=1705, SUCCESS, logIndex=2449, commits[4234af2c-5377-4886-a4e8-6fe45d0af45e:c2451, cef72988-acf5-49ad-9ec7-695a80e7a66d:c2449, d677508c-6db9-4741-b51c-49af5e4cf22f:c2449]
2019-09-08 07:07:32,884 [grpc-default-executor-4] INFO  client.GrpcClientProtocolClient (GrpcClientProtocolClient.java:onNext(264)) - client-119D756B1005->4234af2c-5377-4886-a4e8-6fe45d0af45e: receive RaftClientReply:client-119D756B1005->4234af2c-5377-4886-a4e8-6fe45d0af45e@group-A1165329A1F1, cid=1706, SUCCESS, logIndex=2452, commits[4234af2c-5377-4886-a4e8-6fe45d0af45e:c2455, cef72988-acf5-49ad-9ec7-695a80e7a66d:c2451, d677508c-6db9-4741-b51c-49af5e4cf22f:c2451]
2019-09-08 07:07:32,885 [grpc-default-executor-4] INFO  client.GrpcClientProtocolClient (GrpcClientProtocolClient.java:onNext(264)) - client-119D756B1005->4234af2c-5377-4886-a4e8-6fe45d0af45e: receive RaftClientReply:client-119D756B1005->4234af2c-5377-4886-a4e8-6fe45d0af45e@group-A1165329A1F1, cid=1707, SUCCESS, logIndex=2453, commits[4234af2c-5377-4886-a4e8-6fe45d0af45e:c2455, cef72988-acf5-49ad-9ec7-695a80e7a66d:c2451, d677508c-6db9-4741-b51c-49af5e4cf22f:c2451]
2019-09-08 07:07:32,885 [grpc-default-executor-4] INFO  client.GrpcClientProtocolClient (GrpcClientProtocolClient.java:onNext(264)) - client-119D756B1005->4234af2c-5377-4886-a4e8-6fe45d0af45e: receive RaftClientReply:client-119D756B1005->4234af2c-5377-4886-a4e8-6fe45d0af45e@group-A1165329A1F1, cid=1708, SUCCESS, logIndex=2454, commits[4234af2c-5377-4886-a4e8-6fe45d0af45e:c2455, cef72988-acf5-49ad-9ec7-695a80e7a66d:c2451, d677508c-6db9-4741-b51c-49af5e4cf22f:c2451]
2019-09-08 07:07:32,886 [grpc-default-executor-4] INFO  client.GrpcClientProtocolClient (GrpcClientProtocolClient.java:onNext(264)) - client-119D756B1005->4234af2c-5377-4886-a4e8-6fe45d0af45e: receive RaftClientReply:client-119D756B1005->4234af2c-5377-4886-a4e8-6fe45d0af45e@group-A1165329A1F1, cid=1709, SUCCESS, logIndex=2455, commits[4234af2c-5377-4886-a4e8-6fe45d0af45e:c2455, cef72988-acf5-49ad-9ec7-695a80e7a66d:c2451, d677508c-6db9-4741-b51c-49af5e4cf22f:c2451]
 0.00% |█                                                                                                    |  0/1 Time: 0:00:132019-09-08 07:07:33,035 [grpc-default-executor-4] INFO  client.GrpcClientProtocolClient (GrpcClientProtocolClient.java:onNext(264)) - client-119D756B1005->4234af2c-5377-4886-a4e8-6fe45d0af45e: receive RaftClientReply:client-119D756B1005->4234af2c-5377-4886-a4e8-6fe45d0af45e@group-A1165329A1F1, cid=1710, SUCCESS, logIndex=0, commits[4234af2c-5377-4886-a4e8-6fe45d0af45e:c2455, cef72988-acf5-49ad-9ec7-695a80e7a66d:c2455, d677508c-6db9-4741-b51c-49af5e4cf22f:c2455]
2019-09-08 07:07:33,063 [grpc-default-executor-4] INFO  client.GrpcClientProtocolClient (GrpcClientProtocolClient.java:onNext(264)) - client-119D756B1005->4234af2c-5377-4886-a4e8-6fe45d0af45e: receive RaftClientReply:client-119D756B1005->4234af2c-5377-4886-a4e8-6fe45d0af45e@group-A1165329A1F1, cid=1711, SUCCESS, logIndex=2458, commits[4234af2c-5377-4886-a4e8-6fe45d0af45e:c2459, cef72988-acf5-49ad-9ec7-695a80e7a66d:c2457, d677508c-6db9-4741-b51c-49af5e4cf22f:c2457]
2019-09-08 07:07:33,064 [grpc-default-executor-4] INFO  client.GrpcClientProtocolClient (GrpcClientProtocolClient.java:onNext(264)) - client-119D756B1005->4234af2c-5377-4886-a4e8-6fe45d0af45e: receive RaftClientReply:client-119D756B1005->4234af2c-5377-4886-a4e8-6fe45d0af45e@group-A1165329A1F1, cid=1712, SUCCESS, logIndex=2459, commits[4234af2c-5377-4886-a4e8-6fe45d0af45e:c2459, cef72988-acf5-49ad-9ec7-695a80e7a66d:c2457, d677508c-6db9-4741-b51c-49af5e4cf22f:c2457]
2019-09-08 07:07:33,083 [grpc-default-executor-4] INFO  client.GrpcClientProtocolClient (GrpcClientProtocolClient.java:onNext(264)) - client-119D756B1005->4234af2c-5377-4886-a4e8-6fe45d0af45e: receive RaftClientReply:client-119D756B1005->4234af2c-5377-4886-a4e8-6fe45d0af45e@group-A1165329A1F1, cid=1713, SUCCESS, logIndex=2462, commits[4234af2c-5377-4886-a4e8-6fe45d0af45e:c2463, cef72988-acf5-49ad-9ec7-695a80e7a66d:c2461, d677508c-6db9-4741-b51c-49af5e4cf22f:c2461]
2019-09-08 07:07:33,084 [grpc-default-executor-4] INFO  client.GrpcClientProtocolClient (GrpcClientProtocolClient.java:onNext(264)) - client-119D756B1005->4234af2c-5377-4886-a4e8-6fe45d0af45e: receive RaftClientReply:client-119D756B1005->4234af2c-5377-4886-a4e8-6fe45d0af45e@group-A1165329A1F1, cid=1714, SUCCESS, logIndex=2463, commits[4234af2c-5377-4886-a4e8-6fe45d0af45e:c2463, cef72988-acf5-49ad-9ec7-695a80e7a66d:c2461, d677508c-6db9-4741-b51c-49af5e4cf22f:c2461]
2019-09-08 07:07:33,094 [grpc-default-executor-6] INFO  client.GrpcClientProtocolClient (GrpcClientProtocolClient.java:onNext(264)) - client-119D756B1005->4234af2c-5377-4886-a4e8-6fe45d0af45e: receive RaftClientReply:client-119D756B1005->4234af2c-5377-4886-a4e8-6fe45d0af45e@group-A1165329A1F1, cid=1715, SUCCESS, logIndex=0, commits[4234af2c-5377-4886-a4e8-6fe45d0af45e:c2465, cef72988-acf5-49ad-9ec7-695a80e7a66d:c2463, d677508c-6db9-4741-b51c-49af5e4cf22f:c2463]
2019-09-08 07:07:33,151 [grpc-default-executor-0] INFO  client.GrpcClientProtocolClient (GrpcClientProtocolClient.java:onNext(264)) - client-119D756B1005->4234af2c-5377-4886-a4e8-6fe45d0af45e: receive RaftClientReply:client-119D756B1005->4234af2c-5377-4886-a4e8-6fe45d0af45e@group-A1165329A1F1, cid=1716, SUCCESS, logIndex=2466, commits[4234af2c-5377-4886-a4e8-6fe45d0af45e:c2468, cef72988-acf5-49ad-9ec7-695a80e7a66d:c2465, d677508c-6db9-4741-b51c-49af5e4cf22f:c2465]
2019-09-08 07:07:33,151 [grpc-default-executor-0] INFO  client.GrpcClientProtocolClient (GrpcClientProtocolClient.java:onNext(264)) - client-119D756B1005->4234af2c-5377-4886-a4e8-6fe45d0af45e: receive RaftClientReply:client-119D756B1005->4234af2c-5377-4886-a4e8-6fe45d0af45e@group-A1165329A1F1, cid=1717, SUCCESS, logIndex=2467, commits[4234af2c-5377-4886-a4e8-6fe45d0af45e:c2469, cef72988-acf5-49ad-9ec7-695a80e7a66d:c2465, d677508c-6db9-4741-b51c-49af5e4cf22f:c2465]
2019-09-08 07:07:33,151 [grpc-default-executor-0] INFO  client.GrpcClientProtocolClient (GrpcClientProtocolClient.java:onNext(264)) - client-119D756B1005->4234af2c-5377-4886-a4e8-6fe45d0af45e: receive RaftClientReply:client-119D756B1005->4234af2c-5377-4886-a4e8-6fe45d0af45e@group-A1165329A1F1, cid=1718, SUCCESS, logIndex=2468, commits[4234af2c-5377-4886-a4e8-6fe45d0af45e:c2469, cef72988-acf5-49ad-9ec7-695a80e7a66d:c2465, d677508c-6db9-4741-b51c-49af5e4cf22f:c2465]
2019-09-08 07:07:33,152 [grpc-default-executor-0] INFO  client.GrpcClientProtocolClient (GrpcClientProtocolClient.java:onNext(264)) - client-119D756B1005->4234af2c-5377-4886-a4e8-6fe45d0af45e: receive RaftClientReply:client-119D756B1005->4234af2c-5377-4886-a4e8-6fe45d0af45e@group-A1165329A1F1, cid=1719, SUCCESS, logIndex=2469, commits[4234af2c-5377-4886-a4e8-6fe45d0af45e:c2469, cef72988-acf5-49ad-9ec7-695a80e7a66d:c2465, d677508c-6db9-4741-b51c-49af5e4cf22f:c2465]
2019-09-08 07:07:33,166 [grpc-default-executor-0] INFO  client.GrpcClientProtocolClient (GrpcClientProtocolClient.java:onNext(264)) - client-119D756B1005->4234af2c-5377-4886-a4e8-6fe45d0af45e: receive RaftClientReply:client-119D756B1005->4234af2c-5377-4886-a4e8-6fe45d0af45e@group-A1165329A1F1, cid=1720, SUCCESS, logIndex=0, commits[4234af2c-5377-4886-a4e8-6fe45d0af45e:c2470, cef72988-acf5-49ad-9ec7-695a80e7a66d:c2468, d677508c-6db9-4741-b51c-49af5e4cf22f:c2468]
2019-09-08 07:07:33,191 [grpc-default-executor-3] INFO  client.GrpcClientProtocolClient (GrpcClientProtocolClient.java:onNext(264)) - client-119D756B1005->4234af2c-5377-4886-a4e8-6fe45d0af45e: receive RaftClientReply:client-119D756B1005->4234af2c-5377-4886-a4e8-6fe45d0af45e@group-A1165329A1F1, cid=1721, SUCCESS, logIndex=2473, commits[4234af2c-5377-4886-a4e8-6fe45d0af45e:c2474, cef72988-acf5-49ad-9ec7-695a80e7a66d:c2472, d677508c-6db9-4741-b51c-49af5e4cf22f:c2472]
2019-09-08 07:07:33,192 [grpc-default-executor-3] INFO  client.GrpcClientProtocolClient (GrpcClientProtocolClient.java:onNext(264)) - client-119D756B1005->4234af2c-5377-4886-a4e8-6fe45d0af45e: receive RaftClientReply:client-119D756B1005->4234af2c-5377-4886-a4e8-6fe45d0af45e@group-A1165329A1F1, cid=1722, SUCCESS, logIndex=2474, commits[4234af2c-5377-4886-a4e8-6fe45d0af45e:c2474, cef72988-acf5-49ad-9ec7-695a80e7a66d:c2472, d677508c-6db9-4741-b51c-49af5e4cf22f:c2472]
2019-09-08 07:07:33,220 [grpc-default-executor-4] INFO  client.GrpcClientProtocolClient (GrpcClientProtocolClient.java:onNext(264)) - client-119D756B1005->4234af2c-5377-4886-a4e8-6fe45d0af45e: receive RaftClientReply:client-119D756B1005->4234af2c-5377-4886-a4e8-6fe45d0af45e@group-A1165329A1F1, cid=1723, SUCCESS, logIndex=2477, commits[4234af2c-5377-4886-a4e8-6fe45d0af45e:c2480, cef72988-acf5-49ad-9ec7-695a80e7a66d:c2478, d677508c-6db9-4741-b51c-49af5e4cf22f:c2478]
2019-09-08 07:07:33,220 [grpc-default-executor-4] INFO  client.GrpcClientProtocolClient (GrpcClientProtocolClient.java:onNext(264)) - client-119D756B1005->4234af2c-5377-4886-a4e8-6fe45d0af45e: receive RaftClientReply:client-119D756B1005->4234af2c-5377-4886-a4e8-6fe45d0af45e@group-A1165329A1F1, cid=1724, SUCCESS, logIndex=2478, commits[4234af2c-5377-4886-a4e8-6fe45d0af45e:c2480, cef72988-acf5-49ad-9ec7-695a80e7a66d:c2478, d677508c-6db9-4741-b51c-49af5e4cf22f:c2478]
2019-09-08 07:07:33,246 [grpc-default-executor-4] INFO  client.GrpcClientProtocolClient (GrpcClientProtocolClient.java:onNext(264)) - client-119D756B1005->4234af2c-5377-4886-a4e8-6fe45d0af45e: receive RaftClientReply:client-119D756B1005->4234af2c-5377-4886-a4e8-6fe45d0af45e@group-A1165329A1F1, cid=1725, SUCCESS, logIndex=2481, commits[4234af2c-5377-4886-a4e8-6fe45d0af45e:c2482, cef72988-acf5-49ad-9ec7-695a80e7a66d:c2480, d677508c-6db9-4741-b51c-49af5e4cf22f:c2480]
2019-09-08 07:07:33,247 [grpc-default-executor-3] INFO  client.GrpcClientProtocolClient (GrpcClientProtocolClient.java:onNext(264)) - client-119D756B1005->4234af2c-5377-4886-a4e8-6fe45d0af45e: receive RaftClientReply:client-119D756B1005->4234af2c-5377-4886-a4e8-6fe45d0af45e@group-A1165329A1F1, cid=1726, SUCCESS, logIndex=2482, commits[4234af2c-5377-4886-a4e8-6fe45d0af45e:c2482, cef72988-acf5-49ad-9ec7-695a80e7a66d:c2480, d677508c-6db9-4741-b51c-49af5e4cf22f:c2480]
2019-09-08 07:07:33,248 [grpc-default-executor-3] INFO  client.GrpcClientProtocolClient (GrpcClientProtocolClient.java:onNext(264)) - client-119D756B1005->4234af2c-5377-4886-a4e8-6fe45d0af45e: receive RaftClientReply:client-119D756B1005->4234af2c-5377-4886-a4e8-6fe45d0af45e@group-A1165329A1F1, cid=1727, SUCCESS, logIndex=2483, commits[4234af2c-5377-4886-a4e8-6fe45d0af45e:c2484, cef72988-acf5-49ad-9ec7-695a80e7a66d:c2480, d677508c-6db9-4741-b51c-49af5e4cf22f:c2480]
2019-09-08 07:07:33,248 [grpc-default-executor-3] INFO  client.GrpcClientProtocolClient (GrpcClientProtocolClient.java:onNext(264)) - client-119D756B1005->4234af2c-5377-4886-a4e8-6fe45d0af45e: receive RaftClientReply:client-119D756B1005->4234af2c-5377-4886-a4e8-6fe45d0af45e@group-A1165329A1F1, cid=1728, SUCCESS, logIndex=2484, commits[4234af2c-5377-4886-a4e8-6fe45d0af45e:c2484, cef72988-acf5-49ad-9ec7-695a80e7a66d:c2480, d677508c-6db9-4741-b51c-49af5e4cf22f:c2480]
2019-09-08 07:07:33,250 [grpc-default-executor-0] INFO  client.GrpcClientProtocolClient (GrpcClientProtocolClient.java:onNext(264)) - client-119D756B1005->4234af2c-5377-4886-a4e8-6fe45d0af45e: receive RaftClientReply:client-119D756B1005->4234af2c-5377-4886-a4e8-6fe45d0af45e@group-A1165329A1F1, cid=1729, SUCCESS, logIndex=0, commits[4234af2c-5377-4886-a4e8-6fe45d0af45e:c2485, cef72988-acf5-49ad-9ec7-695a80e7a66d:c2482, d677508c-6db9-4741-b51c-49af5e4cf22f:c2482]
2019-09-08 07:07:33,271 [grpc-default-executor-4] INFO  client.GrpcClientProtocolClient (GrpcClientProtocolClient.java:onNext(264)) - client-119D756B1005->4234af2c-5377-4886-a4e8-6fe45d0af45e: receive RaftClientReply:client-119D756B1005->4234af2c-5377-4886-a4e8-6fe45d0af45e@group-A1165329A1F1, cid=1730, SUCCESS, logIndex=2488, commits[4234af2c-5377-4886-a4e8-6fe45d0af45e:c2489, cef72988-acf5-49ad-9ec7-695a80e7a66d:c2487, d677508c-6db9-4741-b51c-49af5e4cf22f:c2487]
2019-09-08 07:07:33,271 [grpc-default-executor-4] INFO  client.GrpcClientProtocolClient (GrpcClientProtocolClient.java:onNext(264)) - client-119D756B1005->4234af2c-5377-4886-a4e8-6fe45d0af45e: receive RaftClientReply:client-119D756B1005->4234af2c-5377-4886-a4e8-6fe45d0af45e@group-A1165329A1F1, cid=1731, SUCCESS, logIndex=2489, commits[4234af2c-5377-4886-a4e8-6fe45d0af45e:c2489, cef72988-acf5-49ad-9ec7-695a80e7a66d:c2487, d677508c-6db9-4741-b51c-49af5e4cf22f:c2487]
2019-09-08 07:07:33,286 [grpc-default-executor-3] INFO  client.GrpcClientProtocolClient (GrpcClientProtocolClient.java:onNext(264)) - client-119D756B1005->4234af2c-5377-4886-a4e8-6fe45d0af45e: receive RaftClientReply:client-119D756B1005->4234af2c-5377-4886-a4e8-6fe45d0af45e@group-A1165329A1F1, cid=1732, SUCCESS, logIndex=2492, commits[4234af2c-5377-4886-a4e8-6fe45d0af45e:c2493, cef72988-acf5-49ad-9ec7-695a80e7a66d:c2489, d677508c-6db9-4741-b51c-49af5e4cf22f:c2489]
2019-09-08 07:07:33,286 [grpc-default-executor-3] INFO  client.GrpcClientProtocolClient (GrpcClientProtocolClient.java:onNext(264)) - client-119D756B1005->4234af2c-5377-4886-a4e8-6fe45d0af45e: receive RaftClientReply:client-119D756B1005->4234af2c-5377-4886-a4e8-6fe45d0af45e@group-A1165329A1F1, cid=1733, SUCCESS, logIndex=2493, commits[4234af2c-5377-4886-a4e8-6fe45d0af45e:c2493, cef72988-acf5-49ad-9ec7-695a80e7a66d:c2489, d677508c-6db9-4741-b51c-49af5e4cf22f:c2489]
2019-09-08 07:07:33,297 [grpc-default-executor-3] INFO  client.GrpcClientProtocolClient (GrpcClientProtocolClient.java:onNext(264)) - client-119D756B1005->4234af2c-5377-4886-a4e8-6fe45d0af45e: receive RaftClientReply:client-119D756B1005->4234af2c-5377-4886-a4e8-6fe45d0af45e@group-A1165329A1F1, cid=1734, SUCCESS, logIndex=0, commits[4234af2c-5377-4886-a4e8-6fe45d0af45e:c2494, cef72988-acf5-49ad-9ec7-695a80e7a66d:c2493, d677508c-6db9-4741-b51c-49af5e4cf22f:c2493]
2019-09-08 07:07:33,326 [grpc-default-executor-3] INFO  client.GrpcClientProtocolClient (GrpcClientProtocolClient.java:onNext(264)) - client-119D756B1005->4234af2c-5377-4886-a4e8-6fe45d0af45e: receive RaftClientReply:client-119D756B1005->4234af2c-5377-4886-a4e8-6fe45d0af45e@group-A1165329A1F1, cid=1735, SUCCESS, logIndex=2496, commits[4234af2c-5377-4886-a4e8-6fe45d0af45e:c2499, cef72988-acf5-49ad-9ec7-695a80e7a66d:c2495, d677508c-6db9-4741-b51c-49af5e4cf22f:c2493]
2019-09-08 07:07:33,327 [grpc-default-executor-3] INFO  client.GrpcClientProtocolClient (GrpcClientProtocolClient.java:onNext(264)) - client-119D756B1005->4234af2c-5377-4886-a4e8-6fe45d0af45e: receive RaftClientReply:client-119D756B1005->4234af2c-5377-4886-a4e8-6fe45d0af45e@group-A1165329A1F1, cid=1736, SUCCESS, logIndex=2497, commits[4234af2c-5377-4886-a4e8-6fe45d0af45e:c2499, cef72988-acf5-49ad-9ec7-695a80e7a66d:c2495, d677508c-6db9-4741-b51c-49af5e4cf22f:c2495]
2019-09-08 07:07:33,328 [grpc-default-executor-3] INFO  client.GrpcClientProtocolClient (GrpcClientProtocolClient.java:onNext(264)) - client-119D756B1005->4234af2c-5377-4886-a4e8-6fe45d0af45e: receive RaftClientReply:client-119D756B1005->4234af2c-5377-4886-a4e8-6fe45d0af45e@group-A1165329A1F1, cid=1737, SUCCESS, logIndex=2498, commits[4234af2c-5377-4886-a4e8-6fe45d0af45e:c2499, cef72988-acf5-49ad-9ec7-695a80e7a66d:c2495, d677508c-6db9-4741-b51c-49af5e4cf22f:c2495]
2019-09-08 07:07:33,329 [grpc-default-executor-0] INFO  client.GrpcClientProtocolClient (GrpcClientProtocolClient.java:onNext(264)) - client-119D756B1005->4234af2c-5377-4886-a4e8-6fe45d0af45e: receive RaftClientReply:client-119D756B1005->4234af2c-5377-4886-a4e8-6fe45d0af45e@group-A1165329A1F1, cid=1738, SUCCESS, logIndex=2499, commits[4234af2c-5377-4886-a4e8-6fe45d0af45e:c2499, cef72988-acf5-49ad-9ec7-695a80e7a66d:c2495, d677508c-6db9-4741-b51c-49af5e4cf22f:c2495]
2019-09-08 07:07:33,331 [grpc-default-executor-3] INFO  client.GrpcClientProtocolClient (GrpcClientProtocolClient.java:onNext(264)) - client-119D756B1005->4234af2c-5377-4886-a4e8-6fe45d0af45e: receive RaftClientReply:client-119D756B1005->4234af2c-5377-4886-a4e8-6fe45d0af45e@group-A1165329A1F1, cid=1739, SUCCESS, logIndex=0, commits[4234af2c-5377-4886-a4e8-6fe45d0af45e:c2503, cef72988-acf5-49ad-9ec7-695a80e7a66d:c2497, d677508c-6db9-4741-b51c-49af5e4cf22f:c2499]
2019-09-08 07:07:33,351 [grpc-default-executor-0] INFO  client.GrpcClientProtocolClient (GrpcClientProtocolClient.java:onNext(264)) - client-119D756B1005->4234af2c-5377-4886-a4e8-6fe45d0af45e: receive RaftClientReply:client-119D756B1005->4234af2c-5377-4886-a4e8-6fe45d0af45e@group-A1165329A1F1, cid=1740, SUCCESS, logIndex=2504, commits[4234af2c-5377-4886-a4e8-6fe45d0af45e:c2505, cef72988-acf5-49ad-9ec7-695a80e7a66d:c2503, d677508c-6db9-4741-b51c-49af5e4cf22f:c2503]
2019-09-08 07:07:33,351 [grpc-default-executor-0] INFO  client.GrpcClientProtocolClient (GrpcClientProtocolClient.java:onNext(264)) - client-119D756B1005->4234af2c-5377-4886-a4e8-6fe45d0af45e: receive RaftClientReply:client-119D756B1005->4234af2c-5377-4886-a4e8-6fe45d0af45e@group-A1165329A1F1, cid=1741, SUCCESS, logIndex=2505, commits[4234af2c-5377-4886-a4e8-6fe45d0af45e:c2505, cef72988-acf5-49ad-9ec7-695a80e7a66d:c2503, d677508c-6db9-4741-b51c-49af5e4cf22f:c2503]
2019-09-08 07:07:33,363 [grpc-default-executor-4] INFO  client.GrpcClientProtocolClient (GrpcClientProtocolClient.java:onNext(264)) - client-119D756B1005->4234af2c-5377-4886-a4e8-6fe45d0af45e: receive RaftClientReply:client-119D756B1005->4234af2c-5377-4886-a4e8-6fe45d0af45e@group-A1165329A1F1, cid=1742, SUCCESS, logIndex=2508, commits[4234af2c-5377-4886-a4e8-6fe45d0af45e:c2509, cef72988-acf5-49ad-9ec7-695a80e7a66d:c2507, d677508c-6db9-4741-b51c-49af5e4cf22f:c2507]
2019-09-08 07:07:33,364 [grpc-default-executor-4] INFO  client.GrpcClientProtocolClient (GrpcClientProtocolClient.java:onNext(264)) - client-119D756B1005->4234af2c-5377-4886-a4e8-6fe45d0af45e: receive RaftClientReply:client-119D756B1005->4234af2c-5377-4886-a4e8-6fe45d0af45e@group-A1165329A1F1, cid=1743, SUCCESS, logIndex=2509, commits[4234af2c-5377-4886-a4e8-6fe45d0af45e:c2509, cef72988-acf5-49ad-9ec7-695a80e7a66d:c2507, d677508c-6db9-4741-b51c-49af5e4cf22f:c2507]
2019-09-08 07:07:33,367 [grpc-default-executor-4] INFO  client.GrpcClientProtocolClient (GrpcClientProtocolClient.java:onNext(264)) - client-119D756B1005->4234af2c-5377-4886-a4e8-6fe45d0af45e: receive RaftClientReply:client-119D756B1005->4234af2c-5377-4886-a4e8-6fe45d0af45e@group-A1165329A1F1, cid=1744, SUCCESS, logIndex=0, commits[4234af2c-5377-4886-a4e8-6fe45d0af45e:c2511, cef72988-acf5-49ad-9ec7-695a80e7a66d:c2509, d677508c-6db9-4741-b51c-49af5e4cf22f:c2509]
2019-09-08 07:07:33,406 [grpc-default-executor-4] INFO  client.GrpcClientProtocolClient (GrpcClientProtocolClient.java:onNext(264)) - client-119D756B1005->4234af2c-5377-4886-a4e8-6fe45d0af45e: receive RaftClientReply:client-119D756B1005->4234af2c-5377-4886-a4e8-6fe45d0af45e@group-A1165329A1F1, cid=1745, SUCCESS, logIndex=2512, commits[4234af2c-5377-4886-a4e8-6fe45d0af45e:c2513, cef72988-acf5-49ad-9ec7-695a80e7a66d:c2511, d677508c-6db9-4741-b51c-49af5e4cf22f:c2511]
2019-09-08 07:07:33,407 [grpc-default-executor-4] INFO  client.GrpcClientProtocolClient (GrpcClientProtocolClient.java:onNext(264)) - client-119D756B1005->4234af2c-5377-4886-a4e8-6fe45d0af45e: receive RaftClientReply:client-119D756B1005->4234af2c-5377-4886-a4e8-6fe45d0af45e@group-A1165329A1F1, cid=1746, SUCCESS, logIndex=2513, commits[4234af2c-5377-4886-a4e8-6fe45d0af45e:c2515, cef72988-acf5-49ad-9ec7-695a80e7a66d:c2511, d677508c-6db9-4741-b51c-49af5e4cf22f:c2511]
2019-09-08 07:07:33,408 [grpc-default-executor-3] INFO  client.GrpcClientProtocolClient (GrpcClientProtocolClient.java:onNext(264)) - client-119D756B1005->4234af2c-5377-4886-a4e8-6fe45d0af45e: receive RaftClientReply:client-119D756B1005->4234af2c-5377-4886-a4e8-6fe45d0af45e@group-A1165329A1F1, cid=1747, SUCCESS, logIndex=2514, commits[4234af2c-5377-4886-a4e8-6fe45d0af45e:c2515, cef72988-acf5-49ad-9ec7-695a80e7a66d:c2511, d677508c-6db9-4741-b51c-49af5e4cf22f:c2511]
2019-09-08 07:07:33,408 [grpc-default-executor-3] INFO  client.GrpcClientProtocolClient (GrpcClientProtocolClient.java:onNext(264)) - client-119D756B1005->4234af2c-5377-4886-a4e8-6fe45d0af45e: receive RaftClientReply:client-119D756B1005->4234af2c-5377-4886-a4e8-6fe45d0af45e@group-A1165329A1F1, cid=1748, SUCCESS, logIndex=2515, commits[4234af2c-5377-4886-a4e8-6fe45d0af45e:c2515, cef72988-acf5-49ad-9ec7-695a80e7a66d:c2511, d677508c-6db9-4741-b51c-49af5e4cf22f:c2511]
2019-09-08 07:07:33,409 [grpc-default-executor-3] INFO  client.GrpcClientProtocolClient (GrpcClientProtocolClient.java:onNext(264)) - client-119D756B1005->4234af2c-5377-4886-a4e8-6fe45d0af45e: receive RaftClientReply:client-119D756B1005->4234af2c-5377-4886-a4e8-6fe45d0af45e@group-A1165329A1F1, cid=1749, SUCCESS, logIndex=0, commits[4234af2c-5377-4886-a4e8-6fe45d0af45e:c2517, cef72988-acf5-49ad-9ec7-695a80e7a66d:c2513, d677508c-6db9-4741-b51c-49af5e4cf22f:c2513]
2019-09-08 07:07:33,429 [grpc-default-executor-4] INFO  client.GrpcClientProtocolClient (GrpcClientProtocolClient.java:onNext(264)) - client-119D756B1005->4234af2c-5377-4886-a4e8-6fe45d0af45e: receive RaftClientReply:client-119D756B1005->4234af2c-5377-4886-a4e8-6fe45d0af45e@group-A1165329A1F1, cid=1750, SUCCESS, logIndex=2520, commits[4234af2c-5377-4886-a4e8-6fe45d0af45e:c2521, cef72988-acf5-49ad-9ec7-695a80e7a66d:c2519, d677508c-6db9-4741-b51c-49af5e4cf22f:c2515]
2019-09-08 07:07:33,429 [grpc-default-executor-4] INFO  client.GrpcClientProtocolClient (GrpcClientProtocolClient.java:onNext(264)) - client-119D756B1005->4234af2c-5377-4886-a4e8-6fe45d0af45e: receive RaftClientReply:client-119D756B1005->4234af2c-5377-4886-a4e8-6fe45d0af45e@group-A1165329A1F1, cid=1751, SUCCESS, logIndex=2521, commits[4234af2c-5377-4886-a4e8-6fe45d0af45e:c2521, cef72988-acf5-49ad-9ec7-695a80e7a66d:c2519, d677508c-6db9-4741-b51c-49af5e4cf22f:c2519]
2019-09-08 07:07:33,444 [grpc-default-executor-0] INFO  client.GrpcClientProtocolClient (GrpcClientProtocolClient.java:onNext(264)) - client-119D756B1005->4234af2c-5377-4886-a4e8-6fe45d0af45e: receive RaftClientReply:client-119D756B1005->4234af2c-5377-4886-a4e8-6fe45d0af45e@group-A1165329A1F1, cid=1752, SUCCESS, logIndex=2524, commits[4234af2c-5377-4886-a4e8-6fe45d0af45e:c2525, cef72988-acf5-49ad-9ec7-695a80e7a66d:c2521, d677508c-6db9-4741-b51c-49af5e4cf22f:c2521]
2019-09-08 07:07:33,445 [grpc-default-executor-0] INFO  client.GrpcClientProtocolClient (GrpcClientProtocolClient.java:onNext(264)) - client-119D756B1005->4234af2c-5377-4886-a4e8-6fe45d0af45e: receive RaftClientReply:client-119D756B1005->4234af2c-5377-4886-a4e8-6fe45d0af45e@group-A1165329A1F1, cid=1753, SUCCESS, logIndex=2525, commits[4234af2c-5377-4886-a4e8-6fe45d0af45e:c2525, cef72988-acf5-49ad-9ec7-695a80e7a66d:c2521, d677508c-6db9-4741-b51c-49af5e4cf22f:c2521]
2019-09-08 07:07:33,446 [grpc-default-executor-3] INFO  client.GrpcClientProtocolClient (GrpcClientProtocolClient.java:onNext(264)) - client-119D756B1005->4234af2c-5377-4886-a4e8-6fe45d0af45e: receive RaftClientReply:client-119D756B1005->4234af2c-5377-4886-a4e8-6fe45d0af45e@group-A1165329A1F1, cid=1754, SUCCESS, logIndex=0, commits[4234af2c-5377-4886-a4e8-6fe45d0af45e:c2526, cef72988-acf5-49ad-9ec7-695a80e7a66d:c2525, d677508c-6db9-4741-b51c-49af5e4cf22f:c2525]
2019-09-08 07:07:33,474 [grpc-default-executor-6] INFO  client.GrpcClientProtocolClient (GrpcClientProtocolClient.java:onNext(264)) - client-119D756B1005->4234af2c-5377-4886-a4e8-6fe45d0af45e: receive RaftClientReply:client-119D756B1005->4234af2c-5377-4886-a4e8-6fe45d0af45e@group-A1165329A1F1, cid=1755, SUCCESS, logIndex=2528, commits[4234af2c-5377-4886-a4e8-6fe45d0af45e:c2529, cef72988-acf5-49ad-9ec7-695a80e7a66d:c2527, d677508c-6db9-4741-b51c-49af5e4cf22f:c2527]
2019-09-08 07:07:33,475 [grpc-default-executor-6] INFO  client.GrpcClientProtocolClient (GrpcClientProtocolClient.java:onNext(264)) - client-119D756B1005->4234af2c-5377-4886-a4e8-6fe45d0af45e: receive RaftClientReply:client-119D756B1005->4234af2c-5377-4886-a4e8-6fe45d0af45e@group-A1165329A1F1, cid=1756, SUCCESS, logIndex=2529, commits[4234af2c-5377-4886-a4e8-6fe45d0af45e:c2531, cef72988-acf5-49ad-9ec7-695a80e7a66d:c2527, d677508c-6db9-4741-b51c-49af5e4cf22f:c2527]
2019-09-08 07:07:33,475 [grpc-default-executor-6] INFO  client.GrpcClientProtocolClient (GrpcClientProtocolClient.java:onNext(264)) - client-119D756B1005->4234af2c-5377-4886-a4e8-6fe45d0af45e: receive RaftClientReply:client-119D756B1005->4234af2c-5377-4886-a4e8-6fe45d0af45e@group-A1165329A1F1, cid=1757, SUCCESS, logIndex=2530, commits[4234af2c-5377-4886-a4e8-6fe45d0af45e:c2531, cef72988-acf5-49ad-9ec7-695a80e7a66d:c2527, d677508c-6db9-4741-b51c-49af5e4cf22f:c2527]
2019-09-08 07:07:33,476 [grpc-default-executor-6] INFO  client.GrpcClientProtocolClient (GrpcClientProtocolClient.java:onNext(264)) - client-119D756B1005->4234af2c-5377-4886-a4e8-6fe45d0af45e: receive RaftClientReply:client-119D756B1005->4234af2c-5377-4886-a4e8-6fe45d0af45e@group-A1165329A1F1, cid=1758, SUCCESS, logIndex=2531, commits[4234af2c-5377-4886-a4e8-6fe45d0af45e:c2531, cef72988-acf5-49ad-9ec7-695a80e7a66d:c2527, d677508c-6db9-4741-b51c-49af5e4cf22f:c2527]
2019-09-08 07:07:33,488 [grpc-default-executor-6] INFO  client.GrpcClientProtocolClient (GrpcClientProtocolClient.java:onNext(264)) - client-119D756B1005->4234af2c-5377-4886-a4e8-6fe45d0af45e: receive RaftClientReply:client-119D756B1005->4234af2c-5377-4886-a4e8-6fe45d0af45e@group-A1165329A1F1, cid=1759, SUCCESS, logIndex=0, commits[4234af2c-5377-4886-a4e8-6fe45d0af45e:c2532, cef72988-acf5-49ad-9ec7-695a80e7a66d:c2529, d677508c-6db9-4741-b51c-49af5e4cf22f:c2529]
2019-09-08 07:07:33,663 [grpc-default-executor-3] INFO  client.GrpcClientProtocolClient (GrpcClientProtocolClient.java:onNext(264)) - client-119D756B1005->4234af2c-5377-4886-a4e8-6fe45d0af45e: receive RaftClientReply:client-119D756B1005->4234af2c-5377-4886-a4e8-6fe45d0af45e@group-A1165329A1F1, cid=1760, SUCCESS, logIndex=2535, commits[4234af2c-5377-4886-a4e8-6fe45d0af45e:c2536, cef72988-acf5-49ad-9ec7-695a80e7a66d:c2534, d677508c-6db9-4741-b51c-49af5e4cf22f:c2534]
2019-09-08 07:07:33,664 [grpc-default-executor-3] INFO  client.GrpcClientProtocolClient (GrpcClientProtocolClient.java:onNext(264)) - client-119D756B1005->4234af2c-5377-4886-a4e8-6fe45d0af45e: receive RaftClientReply:client-119D756B1005->4234af2c-5377-4886-a4e8-6fe45d0af45e@group-A1165329A1F1, cid=1761, SUCCESS, logIndex=2536, commits[4234af2c-5377-4886-a4e8-6fe45d0af45e:c2536, cef72988-acf5-49ad-9ec7-695a80e7a66d:c2534, d677508c-6db9-4741-b51c-49af5e4cf22f:c2534]
2019-09-08 07:07:33,683 [grpc-default-executor-3] INFO  client.GrpcClientProtocolClient (GrpcClientProtocolClient.java:onNext(264)) - client-119D756B1005->4234af2c-5377-4886-a4e8-6fe45d0af45e: receive RaftClientReply:client-119D756B1005->4234af2c-5377-4886-a4e8-6fe45d0af45e@group-A1165329A1F1, cid=1762, SUCCESS, logIndex=2539, commits[4234af2c-5377-4886-a4e8-6fe45d0af45e:c2540, cef72988-acf5-49ad-9ec7-695a80e7a66d:c2536, d677508c-6db9-4741-b51c-49af5e4cf22f:c2536]
2019-09-08 07:07:33,684 [grpc-default-executor-3] INFO  client.GrpcClientProtocolClient (GrpcClientProtocolClient.java:onNext(264)) - client-119D756B1005->4234af2c-5377-4886-a4e8-6fe45d0af45e: receive RaftClientReply:client-119D756B1005->4234af2c-5377-4886-a4e8-6fe45d0af45e@group-A1165329A1F1, cid=1763, SUCCESS, logIndex=2540, commits[4234af2c-5377-4886-a4e8-6fe45d0af45e:c2540, cef72988-acf5-49ad-9ec7-695a80e7a66d:c2536, d677508c-6db9-4741-b51c-49af5e4cf22f:c2536]
2019-09-08 07:07:33,689 [grpc-default-executor-3] INFO  client.GrpcClientProtocolClient (GrpcClientProtocolClient.java:onNext(264)) - client-119D756B1005->4234af2c-5377-4886-a4e8-6fe45d0af45e: receive RaftClientReply:client-119D756B1005->4234af2c-5377-4886-a4e8-6fe45d0af45e@group-A1165329A1F1, cid=1764, SUCCESS, logIndex=0, commits[4234af2c-5377-4886-a4e8-6fe45d0af45e:c2541, cef72988-acf5-49ad-9ec7-695a80e7a66d:c2540, d677508c-6db9-4741-b51c-49af5e4cf22f:c2540]
2019-09-08 07:07:33,724 [grpc-default-executor-0] INFO  client.GrpcClientProtocolClient (GrpcClientProtocolClient.java:onNext(264)) - client-119D756B1005->4234af2c-5377-4886-a4e8-6fe45d0af45e: receive RaftClientReply:client-119D756B1005->4234af2c-5377-4886-a4e8-6fe45d0af45e@group-A1165329A1F1, cid=1765, SUCCESS, logIndex=2543, commits[4234af2c-5377-4886-a4e8-6fe45d0af45e:c2544, cef72988-acf5-49ad-9ec7-695a80e7a66d:c2542, d677508c-6db9-4741-b51c-49af5e4cf22f:c2542]
2019-09-08 07:07:33,725 [grpc-default-executor-0] INFO  client.GrpcClientProtocolClient (GrpcClientProtocolClient.java:onNext(264)) - client-119D756B1005->4234af2c-5377-4886-a4e8-6fe45d0af45e: receive RaftClientReply:client-119D756B1005->4234af2c-5377-4886-a4e8-6fe45d0af45e@group-A1165329A1F1, cid=1766, SUCCESS, logIndex=2544, commits[4234af2c-5377-4886-a4e8-6fe45d0af45e:c2544, cef72988-acf5-49ad-9ec7-695a80e7a66d:c2542, d677508c-6db9-4741-b51c-49af5e4cf22f:c2542]
2019-09-08 07:07:33,725 [grpc-default-executor-0] INFO  client.GrpcClientProtocolClient (GrpcClientProtocolClient.java:onNext(264)) - client-119D756B1005->4234af2c-5377-4886-a4e8-6fe45d0af45e: receive RaftClientReply:client-119D756B1005->4234af2c-5377-4886-a4e8-6fe45d0af45e@group-A1165329A1F1, cid=1767, SUCCESS, logIndex=2545, commits[4234af2c-5377-4886-a4e8-6fe45d0af45e:c2546, cef72988-acf5-49ad-9ec7-695a80e7a66d:c2542, d677508c-6db9-4741-b51c-49af5e4cf22f:c2542]
2019-09-08 07:07:33,727 [grpc-default-executor-0] INFO  client.GrpcClientProtocolClient (GrpcClientProtocolClient.java:onNext(264)) - client-119D756B1005->4234af2c-5377-4886-a4e8-6fe45d0af45e: receive RaftClientReply:client-119D756B1005->4234af2c-5377-4886-a4e8-6fe45d0af45e@group-A1165329A1F1, cid=1768, SUCCESS, logIndex=2546, commits[4234af2c-5377-4886-a4e8-6fe45d0af45e:c2546, cef72988-acf5-49ad-9ec7-695a80e7a66d:c2542, d677508c-6db9-4741-b51c-49af5e4cf22f:c2542]
2019-09-08 07:07:33,728 [grpc-default-executor-0] INFO  client.GrpcClientProtocolClient (GrpcClientProtocolClient.java:onNext(264)) - client-119D756B1005->4234af2c-5377-4886-a4e8-6fe45d0af45e: receive RaftClientReply:client-119D756B1005->4234af2c-5377-4886-a4e8-6fe45d0af45e@group-A1165329A1F1, cid=1769, SUCCESS, logIndex=0, commits[4234af2c-5377-4886-a4e8-6fe45d0af45e:c2548, cef72988-acf5-49ad-9ec7-695a80e7a66d:c2544, d677508c-6db9-4741-b51c-49af5e4cf22f:c2546]
2019-09-08 07:07:33,750 [grpc-default-executor-0] INFO  client.GrpcClientProtocolClient (GrpcClientProtocolClient.java:onNext(264)) - client-119D756B1005->4234af2c-5377-4886-a4e8-6fe45d0af45e: receive RaftClientReply:client-119D756B1005->4234af2c-5377-4886-a4e8-6fe45d0af45e@group-A1165329A1F1, cid=1770, SUCCESS, logIndex=2550, commits[4234af2c-5377-4886-a4e8-6fe45d0af45e:c2550, cef72988-acf5-49ad-9ec7-695a80e7a66d:c2549, d677508c-6db9-4741-b51c-49af5e4cf22f:c2549]
2019-09-08 07:07:33,750 [grpc-default-executor-0] INFO  client.GrpcClientProtocolClient (GrpcClientProtocolClient.java:onNext(264)) - client-119D756B1005->4234af2c-5377-4886-a4e8-6fe45d0af45e: receive RaftClientReply:client-119D756B1005->4234af2c-5377-4886-a4e8-6fe45d0af45e@group-A1165329A1F1, cid=1771, SUCCESS, logIndex=2551, commits[4234af2c-5377-4886-a4e8-6fe45d0af45e:c2551, cef72988-acf5-49ad-9ec7-695a80e7a66d:c2549, d677508c-6db9-4741-b51c-49af5e4cf22f:c2549]
2019-09-08 07:07:33,765 [grpc-default-executor-3] INFO  client.GrpcClientProtocolClient (GrpcClientProtocolClient.java:onNext(264)) - client-119D756B1005->4234af2c-5377-4886-a4e8-6fe45d0af45e: receive RaftClientReply:client-119D756B1005->4234af2c-5377-4886-a4e8-6fe45d0af45e@group-A1165329A1F1, cid=1772, SUCCESS, logIndex=2554, commits[4234af2c-5377-4886-a4e8-6fe45d0af45e:c2554, cef72988-acf5-49ad-9ec7-695a80e7a66d:c2551, d677508c-6db9-4741-b51c-49af5e4cf22f:c2550]
2019-09-08 07:07:33,766 [grpc-default-executor-3] INFO  client.GrpcClientProtocolClient (GrpcClientProtocolClient.java:onNext(264)) - client-119D756B1005->4234af2c-5377-4886-a4e8-6fe45d0af45e: receive RaftClientReply:client-119D756B1005->4234af2c-5377-4886-a4e8-6fe45d0af45e@group-A1165329A1F1, cid=1773, SUCCESS, logIndex=2555, commits[4234af2c-5377-4886-a4e8-6fe45d0af45e:c2555, cef72988-acf5-49ad-9ec7-695a80e7a66d:c2551, d677508c-6db9-4741-b51c-49af5e4cf22f:c2551]
2019-09-08 07:07:33,780 [grpc-default-executor-3] INFO  client.GrpcClientProtocolClient (GrpcClientProtocolClient.java:onNext(264)) - client-119D756B1005->4234af2c-5377-4886-a4e8-6fe45d0af45e: receive RaftClientReply:client-119D756B1005->4234af2c-5377-4886-a4e8-6fe45d0af45e@group-A1165329A1F1, cid=1774, SUCCESS, logIndex=0, commits[4234af2c-5377-4886-a4e8-6fe45d0af45e:c2557, cef72988-acf5-49ad-9ec7-695a80e7a66d:c2555, d677508c-6db9-4741-b51c-49af5e4cf22f:c2555]
2019-09-08 07:07:33,806 [grpc-default-executor-4] INFO  client.GrpcClientProtocolClient (GrpcClientProtocolClient.java:onNext(264)) - client-119D756B1005->4234af2c-5377-4886-a4e8-6fe45d0af45e: receive RaftClientReply:client-119D756B1005->4234af2c-5377-4886-a4e8-6fe45d0af45e@group-A1165329A1F1, cid=1775, SUCCESS, logIndex=2558, commits[4234af2c-5377-4886-a4e8-6fe45d0af45e:c2559, cef72988-acf5-49ad-9ec7-695a80e7a66d:c2557, d677508c-6db9-4741-b51c-49af5e4cf22f:c2557]
2019-09-08 07:07:33,806 [grpc-default-executor-0] INFO  client.GrpcClientProtocolClient (GrpcClientProtocolClient.java:onNext(264)) - client-119D756B1005->4234af2c-5377-4886-a4e8-6fe45d0af45e: receive RaftClientReply:client-119D756B1005->4234af2c-5377-4886-a4e8-6fe45d0af45e@group-A1165329A1F1, cid=1776, SUCCESS, logIndex=2559, commits[4234af2c-5377-4886-a4e8-6fe45d0af45e:c2561, cef72988-acf5-49ad-9ec7-695a80e7a66d:c2557, d677508c-6db9-4741-b51c-49af5e4cf22f:c2557]
2019-09-08 07:07:33,807 [grpc-default-executor-0] INFO  client.GrpcClientProtocolClient (GrpcClientProtocolClient.java:onNext(264)) - client-119D756B1005->4234af2c-5377-4886-a4e8-6fe45d0af45e: receive RaftClientReply:client-119D756B1005->4234af2c-5377-4886-a4e8-6fe45d0af45e@group-A1165329A1F1, cid=1777, SUCCESS, logIndex=2560, commits[4234af2c-5377-4886-a4e8-6fe45d0af45e:c2561, cef72988-acf5-49ad-9ec7-695a80e7a66d:c2557, d677508c-6db9-4741-b51c-49af5e4cf22f:c2557]
2019-09-08 07:07:33,807 [grpc-default-executor-4] INFO  client.GrpcClientProtocolClient (GrpcClientProtocolClient.java:onNext(264)) - client-119D756B1005->4234af2c-5377-4886-a4e8-6fe45d0af45e: receive RaftClientReply:client-119D756B1005->4234af2c-5377-4886-a4e8-6fe45d0af45e@group-A1165329A1F1, cid=1778, SUCCESS, logIndex=2561, commits[4234af2c-5377-4886-a4e8-6fe45d0af45e:c2561, cef72988-acf5-49ad-9ec7-695a80e7a66d:c2557, d677508c-6db9-4741-b51c-49af5e4cf22f:c2557]
2019-09-08 07:07:33,808 [grpc-default-executor-4] INFO  client.GrpcClientProtocolClient (GrpcClientProtocolClient.java:onNext(264)) - client-119D756B1005->4234af2c-5377-4886-a4e8-6fe45d0af45e: receive RaftClientReply:client-119D756B1005->4234af2c-5377-4886-a4e8-6fe45d0af45e@group-A1165329A1F1, cid=1779, SUCCESS, logIndex=0, commits[4234af2c-5377-4886-a4e8-6fe45d0af45e:c2563, cef72988-acf5-49ad-9ec7-695a80e7a66d:c2559, d677508c-6db9-4741-b51c-49af5e4cf22f:c2560]
2019-09-08 07:07:33,827 [grpc-default-executor-0] INFO  client.GrpcClientProtocolClient (GrpcClientProtocolClient.java:onNext(264)) - client-119D756B1005->4234af2c-5377-4886-a4e8-6fe45d0af45e: receive RaftClientReply:client-119D756B1005->4234af2c-5377-4886-a4e8-6fe45d0af45e@group-A1165329A1F1, cid=1780, SUCCESS, logIndex=2566, commits[4234af2c-5377-4886-a4e8-6fe45d0af45e:c2567, cef72988-acf5-49ad-9ec7-695a80e7a66d:c2565, d677508c-6db9-4741-b51c-49af5e4cf22f:c2565]
2019-09-08 07:07:33,827 [grpc-default-executor-0] INFO  client.GrpcClientProtocolClient (GrpcClientProtocolClient.java:onNext(264)) - client-119D756B1005->4234af2c-5377-4886-a4e8-6fe45d0af45e: receive RaftClientReply:client-119D756B1005->4234af2c-5377-4886-a4e8-6fe45d0af45e@group-A1165329A1F1, cid=1781, SUCCESS, logIndex=2567, commits[4234af2c-5377-4886-a4e8-6fe45d0af45e:c2567, cef72988-acf5-49ad-9ec7-695a80e7a66d:c2565, d677508c-6db9-4741-b51c-49af5e4cf22f:c2565]
2019-09-08 07:07:33,851 [grpc-default-executor-0] INFO  client.GrpcClientProtocolClient (GrpcClientProtocolClient.java:onNext(264)) - client-119D756B1005->4234af2c-5377-4886-a4e8-6fe45d0af45e: receive RaftClientReply:client-119D756B1005->4234af2c-5377-4886-a4e8-6fe45d0af45e@group-A1165329A1F1, cid=1782, SUCCESS, logIndex=2570, commits[4234af2c-5377-4886-a4e8-6fe45d0af45e:c2571, cef72988-acf5-49ad-9ec7-695a80e7a66d:c2567, d677508c-6db9-4741-b51c-49af5e4cf22f:c2567]
2019-09-08 07:07:33,852 [grpc-default-executor-0] INFO  client.GrpcClientProtocolClient (GrpcClientProtocolClient.java:onNext(264)) - client-119D756B1005->4234af2c-5377-4886-a4e8-6fe45d0af45e: receive RaftClientReply:client-119D756B1005->4234af2c-5377-4886-a4e8-6fe45d0af45e@group-A1165329A1F1, cid=1783, SUCCESS, logIndex=2571, commits[4234af2c-5377-4886-a4e8-6fe45d0af45e:c2571, cef72988-acf5-49ad-9ec7-695a80e7a66d:c2567, d677508c-6db9-4741-b51c-49af5e4cf22f:c2567]
2019-09-08 07:07:33,865 [grpc-default-executor-0] INFO  client.GrpcClientProtocolClient (GrpcClientProtocolClient.java:onNext(264)) - client-119D756B1005->4234af2c-5377-4886-a4e8-6fe45d0af45e: receive RaftClientReply:client-119D756B1005->4234af2c-5377-4886-a4e8-6fe45d0af45e@group-A1165329A1F1, cid=1784, SUCCESS, logIndex=0, commits[4234af2c-5377-4886-a4e8-6fe45d0af45e:c2573, cef72988-acf5-49ad-9ec7-695a80e7a66d:c2571, d677508c-6db9-4741-b51c-49af5e4cf22f:c2571]
2019-09-08 07:07:33,903 [grpc-default-executor-3] INFO  client.GrpcClientProtocolClient (GrpcClientProtocolClient.java:onNext(264)) - client-119D756B1005->4234af2c-5377-4886-a4e8-6fe45d0af45e: receive RaftClientReply:client-119D756B1005->4234af2c-5377-4886-a4e8-6fe45d0af45e@group-A1165329A1F1, cid=1785, SUCCESS, logIndex=2574, commits[4234af2c-5377-4886-a4e8-6fe45d0af45e:c2575, cef72988-acf5-49ad-9ec7-695a80e7a66d:c2573, d677508c-6db9-4741-b51c-49af5e4cf22f:c2573]
2019-09-08 07:07:33,903 [grpc-default-executor-3] INFO  client.GrpcClientProtocolClient (GrpcClientProtocolClient.java:onNext(264)) - client-119D756B1005->4234af2c-5377-4886-a4e8-6fe45d0af45e: receive RaftClientReply:client-119D756B1005->4234af2c-5377-4886-a4e8-6fe45d0af45e@group-A1165329A1F1, cid=1786, SUCCESS, logIndex=2575, commits[4234af2c-5377-4886-a4e8-6fe45d0af45e:c2575, cef72988-acf5-49ad-9ec7-695a80e7a66d:c2573, d677508c-6db9-4741-b51c-49af5e4cf22f:c2573]
2019-09-08 07:07:33,913 [grpc-default-executor-0] INFO  client.GrpcClientProtocolClient (GrpcClientProtocolClient.java:onNext(264)) - client-119D756B1005->4234af2c-5377-4886-a4e8-6fe45d0af45e: receive RaftClientReply:client-119D756B1005->4234af2c-5377-4886-a4e8-6fe45d0af45e@group-A1165329A1F1, cid=1787, SUCCESS, logIndex=2576, commits[4234af2c-5377-4886-a4e8-6fe45d0af45e:c2577, cef72988-acf5-49ad-9ec7-695a80e7a66d:c2573, d677508c-6db9-4741-b51c-49af5e4cf22f:c2573]
2019-09-08 07:07:33,914 [grpc-default-executor-0] INFO  client.GrpcClientProtocolClient (GrpcClientProtocolClient.java:onNext(264)) - client-119D756B1005->4234af2c-5377-4886-a4e8-6fe45d0af45e: receive RaftClientReply:client-119D756B1005->4234af2c-5377-4886-a4e8-6fe45d0af45e@group-A1165329A1F1, cid=1788, SUCCESS, logIndex=2577, commits[4234af2c-5377-4886-a4e8-6fe45d0af45e:c2577, cef72988-acf5-49ad-9ec7-695a80e7a66d:c2573, d677508c-6db9-4741-b51c-49af5e4cf22f:c2573]
2019-09-08 07:07:33,916 [grpc-default-executor-0] INFO  client.GrpcClientProtocolClient (GrpcClientProtocolClient.java:onNext(264)) - client-119D756B1005->4234af2c-5377-4886-a4e8-6fe45d0af45e: receive RaftClientReply:client-119D756B1005->4234af2c-5377-4886-a4e8-6fe45d0af45e@group-A1165329A1F1, cid=1789, SUCCESS, logIndex=0, commits[4234af2c-5377-4886-a4e8-6fe45d0af45e:c2578, cef72988-acf5-49ad-9ec7-695a80e7a66d:c2575, d677508c-6db9-4741-b51c-49af5e4cf22f:c2575]
2019-09-08 07:07:33,939 [grpc-default-executor-0] INFO  client.GrpcClientProtocolClient (GrpcClientProtocolClient.java:onNext(264)) - client-119D756B1005->4234af2c-5377-4886-a4e8-6fe45d0af45e: receive RaftClientReply:client-119D756B1005->4234af2c-5377-4886-a4e8-6fe45d0af45e@group-A1165329A1F1, cid=1790, SUCCESS, logIndex=2582, commits[4234af2c-5377-4886-a4e8-6fe45d0af45e:c2583, cef72988-acf5-49ad-9ec7-695a80e7a66d:c2581, d677508c-6db9-4741-b51c-49af5e4cf22f:c2581]
2019-09-08 07:07:33,940 [grpc-default-executor-0] INFO  client.GrpcClientProtocolClient (GrpcClientProtocolClient.java:onNext(264)) - client-119D756B1005->4234af2c-5377-4886-a4e8-6fe45d0af45e: receive RaftClientReply:client-119D756B1005->4234af2c-5377-4886-a4e8-6fe45d0af45e@group-A1165329A1F1, cid=1791, SUCCESS, logIndex=2583, commits[4234af2c-5377-4886-a4e8-6fe45d0af45e:c2583, cef72988-acf5-49ad-9ec7-695a80e7a66d:c2581, d677508c-6db9-4741-b51c-49af5e4cf22f:c2581]
2019-09-08 07:07:33,955 [grpc-default-executor-0] INFO  client.GrpcClientProtocolClient (GrpcClientProtocolClient.java:onNext(264)) - client-119D756B1005->4234af2c-5377-4886-a4e8-6fe45d0af45e: receive RaftClientReply:client-119D756B1005->4234af2c-5377-4886-a4e8-6fe45d0af45e@group-A1165329A1F1, cid=1792, SUCCESS, logIndex=2586, commits[4234af2c-5377-4886-a4e8-6fe45d0af45e:c2587, cef72988-acf5-49ad-9ec7-695a80e7a66d:c2583, d677508c-6db9-4741-b51c-49af5e4cf22f:c2583]
2019-09-08 07:07:33,956 [grpc-default-executor-0] INFO  client.GrpcClientProtocolClient (GrpcClientProtocolClient.java:onNext(264)) - client-119D756B1005->4234af2c-5377-4886-a4e8-6fe45d0af45e: receive RaftClientReply:client-119D756B1005->4234af2c-5377-4886-a4e8-6fe45d0af45e@group-A1165329A1F1, cid=1793, SUCCESS, logIndex=2587, commits[4234af2c-5377-4886-a4e8-6fe45d0af45e:c2587, cef72988-acf5-49ad-9ec7-695a80e7a66d:c2583, d677508c-6db9-4741-b51c-49af5e4cf22f:c2583]
2019-09-08 07:07:33,967 [grpc-default-executor-0] INFO  client.GrpcClientProtocolClient (GrpcClientProtocolClient.java:onNext(264)) - client-119D756B1005->4234af2c-5377-4886-a4e8-6fe45d0af45e: receive RaftClientReply:client-119D756B1005->4234af2c-5377-4886-a4e8-6fe45d0af45e@group-A1165329A1F1, cid=1794, SUCCESS, logIndex=0, commits[4234af2c-5377-4886-a4e8-6fe45d0af45e:c2589, cef72988-acf5-49ad-9ec7-695a80e7a66d:c2587, d677508c-6db9-4741-b51c-49af5e4cf22f:c2587]
2019-09-08 07:07:33,991 [grpc-default-executor-3] INFO  client.GrpcClientProtocolClient (GrpcClientProtocolClient.java:onNext(264)) - client-119D756B1005->4234af2c-5377-4886-a4e8-6fe45d0af45e: receive RaftClientReply:client-119D756B1005->4234af2c-5377-4886-a4e8-6fe45d0af45e@group-A1165329A1F1, cid=1795, SUCCESS, logIndex=2590, commits[4234af2c-5377-4886-a4e8-6fe45d0af45e:c2591, cef72988-acf5-49ad-9ec7-695a80e7a66d:c2589, d677508c-6db9-4741-b51c-49af5e4cf22f:c2589]
2019-09-08 07:07:33,992 [grpc-default-executor-3] INFO  client.GrpcClientProtocolClient (GrpcClientProtocolClient.java:onNext(264)) - client-119D756B1005->4234af2c-5377-4886-a4e8-6fe45d0af45e: receive RaftClientReply:client-119D756B1005->4234af2c-5377-4886-a4e8-6fe45d0af45e@group-A1165329A1F1, cid=1796, SUCCESS, logIndex=2591, commits[4234af2c-5377-4886-a4e8-6fe45d0af45e:c2591, cef72988-acf5-49ad-9ec7-695a80e7a66d:c2589, d677508c-6db9-4741-b51c-49af5e4cf22f:c2589]
2019-09-08 07:07:33,993 [grpc-default-executor-0] INFO  client.GrpcClientProtocolClient (GrpcClientProtocolClient.java:onNext(264)) - client-119D756B1005->4234af2c-5377-4886-a4e8-6fe45d0af45e: receive RaftClientReply:client-119D756B1005->4234af2c-5377-4886-a4e8-6fe45d0af45e@group-A1165329A1F1, cid=1797, SUCCESS, logIndex=2592, commits[4234af2c-5377-4886-a4e8-6fe45d0af45e:c2593, cef72988-acf5-49ad-9ec7-695a80e7a66d:c2589, d677508c-6db9-4741-b51c-49af5e4cf22f:c2589]
2019-09-08 07:07:33,993 [grpc-default-executor-0] INFO  client.GrpcClientProtocolClient (GrpcClientProtocolClient.java:onNext(264)) - client-119D756B1005->4234af2c-5377-4886-a4e8-6fe45d0af45e: receive RaftClientReply:client-119D756B1005->4234af2c-5377-4886-a4e8-6fe45d0af45e@group-A1165329A1F1, cid=1798, SUCCESS, logIndex=2593, commits[4234af2c-5377-4886-a4e8-6fe45d0af45e:c2593, cef72988-acf5-49ad-9ec7-695a80e7a66d:c2589, d677508c-6db9-4741-b51c-49af5e4cf22f:c2589]
2019-09-08 07:07:34,005 [grpc-default-executor-0] INFO  client.GrpcClientProtocolClient (GrpcClientProtocolClient.java:onNext(264)) - client-119D756B1005->4234af2c-5377-4886-a4e8-6fe45d0af45e: receive RaftClientReply:client-119D756B1005->4234af2c-5377-4886-a4e8-6fe45d0af45e@group-A1165329A1F1, cid=1799, SUCCESS, logIndex=0, commits[4234af2c-5377-4886-a4e8-6fe45d0af45e:c2594, cef72988-acf5-49ad-9ec7-695a80e7a66d:c2591, d677508c-6db9-4741-b51c-49af5e4cf22f:c2591]
2019-09-08 07:07:34,024 [grpc-default-executor-3] INFO  client.GrpcClientProtocolClient (GrpcClientProtocolClient.java:onNext(264)) - client-119D756B1005->4234af2c-5377-4886-a4e8-6fe45d0af45e: receive RaftClientReply:client-119D756B1005->4234af2c-5377-4886-a4e8-6fe45d0af45e@group-A1165329A1F1, cid=1800, SUCCESS, logIndex=2597, commits[4234af2c-5377-4886-a4e8-6fe45d0af45e:c2598, cef72988-acf5-49ad-9ec7-695a80e7a66d:c2596, d677508c-6db9-4741-b51c-49af5e4cf22f:c2596]
2019-09-08 07:07:34,025 [grpc-default-executor-3] INFO  client.GrpcClientProtocolClient (GrpcClientProtocolClient.java:onNext(264)) - client-119D756B1005->4234af2c-5377-4886-a4e8-6fe45d0af45e: receive RaftClientReply:client-119D756B1005->4234af2c-5377-4886-a4e8-6fe45d0af45e@group-A1165329A1F1, cid=1801, SUCCESS, logIndex=2598, commits[4234af2c-5377-4886-a4e8-6fe45d0af45e:c2598, cef72988-acf5-49ad-9ec7-695a80e7a66d:c2596, d677508c-6db9-4741-b51c-49af5e4cf22f:c2596]
 0.00% |█                                                                                                    |  0/1 Time: 0:00:142019-09-08 07:07:34,037 [grpc-default-executor-4] INFO  client.GrpcClientProtocolClient (GrpcClientProtocolClient.java:onNext(264)) - client-119D756B1005->4234af2c-5377-4886-a4e8-6fe45d0af45e: receive RaftClientReply:client-119D756B1005->4234af2c-5377-4886-a4e8-6fe45d0af45e@group-A1165329A1F1, cid=1802, SUCCESS, logIndex=2601, commits[4234af2c-5377-4886-a4e8-6fe45d0af45e:c2601, cef72988-acf5-49ad-9ec7-695a80e7a66d:c2598, d677508c-6db9-4741-b51c-49af5e4cf22f:c2598]
2019-09-08 07:07:34,038 [grpc-default-executor-4] INFO  client.GrpcClientProtocolClient (GrpcClientProtocolClient.java:onNext(264)) - client-119D756B1005->4234af2c-5377-4886-a4e8-6fe45d0af45e: receive RaftClientReply:client-119D756B1005->4234af2c-5377-4886-a4e8-6fe45d0af45e@group-A1165329A1F1, cid=1803, SUCCESS, logIndex=2602, commits[4234af2c-5377-4886-a4e8-6fe45d0af45e:c2602, cef72988-acf5-49ad-9ec7-695a80e7a66d:c2598, d677508c-6db9-4741-b51c-49af5e4cf22f:c2598]
2019-09-08 07:07:34,052 [grpc-default-executor-4] INFO  client.GrpcClientProtocolClient (GrpcClientProtocolClient.java:onNext(264)) - client-119D756B1005->4234af2c-5377-4886-a4e8-6fe45d0af45e: receive RaftClientReply:client-119D756B1005->4234af2c-5377-4886-a4e8-6fe45d0af45e@group-A1165329A1F1, cid=1804, SUCCESS, logIndex=0, commits[4234af2c-5377-4886-a4e8-6fe45d0af45e:c2604, cef72988-acf5-49ad-9ec7-695a80e7a66d:c2602, d677508c-6db9-4741-b51c-49af5e4cf22f:c2602]
2019-09-08 07:07:34,079 [grpc-default-executor-3] INFO  client.GrpcClientProtocolClient (GrpcClientProtocolClient.java:onNext(264)) - client-119D756B1005->4234af2c-5377-4886-a4e8-6fe45d0af45e: receive RaftClientReply:client-119D756B1005->4234af2c-5377-4886-a4e8-6fe45d0af45e@group-A1165329A1F1, cid=1805, SUCCESS, logIndex=2605, commits[4234af2c-5377-4886-a4e8-6fe45d0af45e:c2607, cef72988-acf5-49ad-9ec7-695a80e7a66d:c2604, d677508c-6db9-4741-b51c-49af5e4cf22f:c2604]
2019-09-08 07:07:34,080 [grpc-default-executor-3] INFO  client.GrpcClientProtocolClient (GrpcClientProtocolClient.java:onNext(264)) - client-119D756B1005->4234af2c-5377-4886-a4e8-6fe45d0af45e: receive RaftClientReply:client-119D756B1005->4234af2c-5377-4886-a4e8-6fe45d0af45e@group-A1165329A1F1, cid=1806, SUCCESS, logIndex=2606, commits[4234af2c-5377-4886-a4e8-6fe45d0af45e:c2608, cef72988-acf5-49ad-9ec7-695a80e7a66d:c2604, d677508c-6db9-4741-b51c-49af5e4cf22f:c2604]
2019-09-08 07:07:34,080 [grpc-default-executor-3] INFO  client.GrpcClientProtocolClient (GrpcClientProtocolClient.java:onNext(264)) - client-119D756B1005->4234af2c-5377-4886-a4e8-6fe45d0af45e: receive RaftClientReply:client-119D756B1005->4234af2c-5377-4886-a4e8-6fe45d0af45e@group-A1165329A1F1, cid=1807, SUCCESS, logIndex=2607, commits[4234af2c-5377-4886-a4e8-6fe45d0af45e:c2608, cef72988-acf5-49ad-9ec7-695a80e7a66d:c2604, d677508c-6db9-4741-b51c-49af5e4cf22f:c2604]
2019-09-08 07:07:34,080 [grpc-default-executor-3] INFO  client.GrpcClientProtocolClient (GrpcClientProtocolClient.java:onNext(264)) - client-119D756B1005->4234af2c-5377-4886-a4e8-6fe45d0af45e: receive RaftClientReply:client-119D756B1005->4234af2c-5377-4886-a4e8-6fe45d0af45e@group-A1165329A1F1, cid=1808, SUCCESS, logIndex=2608, commits[4234af2c-5377-4886-a4e8-6fe45d0af45e:c2608, cef72988-acf5-49ad-9ec7-695a80e7a66d:c2604, d677508c-6db9-4741-b51c-49af5e4cf22f:c2604]
2019-09-08 07:07:34,082 [grpc-default-executor-3] INFO  client.GrpcClientProtocolClient (GrpcClientProtocolClient.java:onNext(264)) - client-119D756B1005->4234af2c-5377-4886-a4e8-6fe45d0af45e: receive RaftClientReply:client-119D756B1005->4234af2c-5377-4886-a4e8-6fe45d0af45e@group-A1165329A1F1, cid=1809, SUCCESS, logIndex=0, commits[4234af2c-5377-4886-a4e8-6fe45d0af45e:c2609, cef72988-acf5-49ad-9ec7-695a80e7a66d:c2606, d677508c-6db9-4741-b51c-49af5e4cf22f:c2606]
2019-09-08 07:07:34,095 [grpc-default-executor-0] INFO  client.GrpcClientProtocolClient (GrpcClientProtocolClient.java:onNext(264)) - client-119D756B1005->4234af2c-5377-4886-a4e8-6fe45d0af45e: receive RaftClientReply:client-119D756B1005->4234af2c-5377-4886-a4e8-6fe45d0af45e@group-A1165329A1F1, cid=1810, SUCCESS, logIndex=2613, commits[4234af2c-5377-4886-a4e8-6fe45d0af45e:c2614, cef72988-acf5-49ad-9ec7-695a80e7a66d:c2609, d677508c-6db9-4741-b51c-49af5e4cf22f:c2609]
2019-09-08 07:07:34,096 [grpc-default-executor-0] INFO  client.GrpcClientProtocolClient (GrpcClientProtocolClient.java:onNext(264)) - client-119D756B1005->4234af2c-5377-4886-a4e8-6fe45d0af45e: receive RaftClientReply:client-119D756B1005->4234af2c-5377-4886-a4e8-6fe45d0af45e@group-A1165329A1F1, cid=1811, SUCCESS, logIndex=2614, commits[4234af2c-5377-4886-a4e8-6fe45d0af45e:c2614, cef72988-acf5-49ad-9ec7-695a80e7a66d:c2609, d677508c-6db9-4741-b51c-49af5e4cf22f:c2609]
2019-09-08 07:07:34,110 [grpc-default-executor-4] INFO  client.GrpcClientProtocolClient (GrpcClientProtocolClient.java:onNext(264)) - client-119D756B1005->4234af2c-5377-4886-a4e8-6fe45d0af45e: receive RaftClientReply:client-119D756B1005->4234af2c-5377-4886-a4e8-6fe45d0af45e@group-A1165329A1F1, cid=1812, SUCCESS, logIndex=2617, commits[4234af2c-5377-4886-a4e8-6fe45d0af45e:c2618, cef72988-acf5-49ad-9ec7-695a80e7a66d:c2614, d677508c-6db9-4741-b51c-49af5e4cf22f:c2614]
2019-09-08 07:07:34,110 [grpc-default-executor-4] INFO  client.GrpcClientProtocolClient (GrpcClientProtocolClient.java:onNext(264)) - client-119D756B1005->4234af2c-5377-4886-a4e8-6fe45d0af45e: receive RaftClientReply:client-119D756B1005->4234af2c-5377-4886-a4e8-6fe45d0af45e@group-A1165329A1F1, cid=1813, SUCCESS, logIndex=2618, commits[4234af2c-5377-4886-a4e8-6fe45d0af45e:c2618, cef72988-acf5-49ad-9ec7-695a80e7a66d:c2614, d677508c-6db9-4741-b51c-49af5e4cf22f:c2614]
2019-09-08 07:07:34,197 [grpc-default-executor-3] INFO  client.GrpcClientProtocolClient (GrpcClientProtocolClient.java:onNext(264)) - client-119D756B1005->4234af2c-5377-4886-a4e8-6fe45d0af45e: receive RaftClientReply:client-119D756B1005->4234af2c-5377-4886-a4e8-6fe45d0af45e@group-A1165329A1F1, cid=1814, SUCCESS, logIndex=0, commits[4234af2c-5377-4886-a4e8-6fe45d0af45e:c2619, cef72988-acf5-49ad-9ec7-695a80e7a66d:c2618, d677508c-6db9-4741-b51c-49af5e4cf22f:c2618]
2019-09-08 07:07:34,222 [grpc-default-executor-0] INFO  client.GrpcClientProtocolClient (GrpcClientProtocolClient.java:onNext(264)) - client-119D756B1005->4234af2c-5377-4886-a4e8-6fe45d0af45e: receive RaftClientReply:client-119D756B1005->4234af2c-5377-4886-a4e8-6fe45d0af45e@group-A1165329A1F1, cid=1815, SUCCESS, logIndex=2621, commits[4234af2c-5377-4886-a4e8-6fe45d0af45e:c2621, cef72988-acf5-49ad-9ec7-695a80e7a66d:c2620, d677508c-6db9-4741-b51c-49af5e4cf22f:c2620]
2019-09-08 07:07:34,223 [grpc-default-executor-0] INFO  client.GrpcClientProtocolClient (GrpcClientProtocolClient.java:onNext(264)) - client-119D756B1005->4234af2c-5377-4886-a4e8-6fe45d0af45e: receive RaftClientReply:client-119D756B1005->4234af2c-5377-4886-a4e8-6fe45d0af45e@group-A1165329A1F1, cid=1816, SUCCESS, logIndex=2622, commits[4234af2c-5377-4886-a4e8-6fe45d0af45e:c2624, cef72988-acf5-49ad-9ec7-695a80e7a66d:c2620, d677508c-6db9-4741-b51c-49af5e4cf22f:c2620]
2019-09-08 07:07:34,422 [grpc-default-executor-0] INFO  client.GrpcClientProtocolClient (GrpcClientProtocolClient.java:onNext(264)) - client-119D756B1005->4234af2c-5377-4886-a4e8-6fe45d0af45e: receive RaftClientReply:client-119D756B1005->4234af2c-5377-4886-a4e8-6fe45d0af45e@group-A1165329A1F1, cid=1817, SUCCESS, logIndex=2623, commits[4234af2c-5377-4886-a4e8-6fe45d0af45e:c2624, cef72988-acf5-49ad-9ec7-695a80e7a66d:c2620, d677508c-6db9-4741-b51c-49af5e4cf22f:c2620]
2019-09-08 07:07:34,423 [grpc-default-executor-0] INFO  client.GrpcClientProtocolClient (GrpcClientProtocolClient.java:onNext(264)) - client-119D756B1005->4234af2c-5377-4886-a4e8-6fe45d0af45e: receive RaftClientReply:client-119D756B1005->4234af2c-5377-4886-a4e8-6fe45d0af45e@group-A1165329A1F1, cid=1818, SUCCESS, logIndex=2624, commits[4234af2c-5377-4886-a4e8-6fe45d0af45e:c2624, cef72988-acf5-49ad-9ec7-695a80e7a66d:c2620, d677508c-6db9-4741-b51c-49af5e4cf22f:c2620]
2019-09-08 07:07:34,434 [grpc-default-executor-3] INFO  client.GrpcClientProtocolClient (GrpcClientProtocolClient.java:onNext(264)) - client-119D756B1005->4234af2c-5377-4886-a4e8-6fe45d0af45e: receive RaftClientReply:client-119D756B1005->4234af2c-5377-4886-a4e8-6fe45d0af45e@group-A1165329A1F1, cid=1819, SUCCESS, logIndex=0, commits[4234af2c-5377-4886-a4e8-6fe45d0af45e:c2626, cef72988-acf5-49ad-9ec7-695a80e7a66d:c2624, d677508c-6db9-4741-b51c-49af5e4cf22f:c2624]
2019-09-08 07:07:34,452 [grpc-default-executor-3] INFO  client.GrpcClientProtocolClient (GrpcClientProtocolClient.java:onNext(264)) - client-119D756B1005->4234af2c-5377-4886-a4e8-6fe45d0af45e: receive RaftClientReply:client-119D756B1005->4234af2c-5377-4886-a4e8-6fe45d0af45e@group-A1165329A1F1, cid=1820, SUCCESS, logIndex=2627, commits[4234af2c-5377-4886-a4e8-6fe45d0af45e:c2628, cef72988-acf5-49ad-9ec7-695a80e7a66d:c2626, d677508c-6db9-4741-b51c-49af5e4cf22f:c2626]
2019-09-08 07:07:34,453 [grpc-default-executor-3] INFO  client.GrpcClientProtocolClient (GrpcClientProtocolClient.java:onNext(264)) - client-119D756B1005->4234af2c-5377-4886-a4e8-6fe45d0af45e: receive RaftClientReply:client-119D756B1005->4234af2c-5377-4886-a4e8-6fe45d0af45e@group-A1165329A1F1, cid=1821, SUCCESS, logIndex=2628, commits[4234af2c-5377-4886-a4e8-6fe45d0af45e:c2628, cef72988-acf5-49ad-9ec7-695a80e7a66d:c2626, d677508c-6db9-4741-b51c-49af5e4cf22f:c2626]
2019-09-08 07:07:34,464 [grpc-default-executor-0] INFO  client.GrpcClientProtocolClient (GrpcClientProtocolClient.java:onNext(264)) - client-119D756B1005->4234af2c-5377-4886-a4e8-6fe45d0af45e: receive RaftClientReply:client-119D756B1005->4234af2c-5377-4886-a4e8-6fe45d0af45e@group-A1165329A1F1, cid=1822, SUCCESS, logIndex=2631, commits[4234af2c-5377-4886-a4e8-6fe45d0af45e:c2632, cef72988-acf5-49ad-9ec7-695a80e7a66d:c2628, d677508c-6db9-4741-b51c-49af5e4cf22f:c2628]
2019-09-08 07:07:34,464 [grpc-default-executor-0] INFO  client.GrpcClientProtocolClient (GrpcClientProtocolClient.java:onNext(264)) - client-119D756B1005->4234af2c-5377-4886-a4e8-6fe45d0af45e: receive RaftClientReply:client-119D756B1005->4234af2c-5377-4886-a4e8-6fe45d0af45e@group-A1165329A1F1, cid=1823, SUCCESS, logIndex=2632, commits[4234af2c-5377-4886-a4e8-6fe45d0af45e:c2632, cef72988-acf5-49ad-9ec7-695a80e7a66d:c2628, d677508c-6db9-4741-b51c-49af5e4cf22f:c2628]
2019-09-08 07:07:34,478 [grpc-default-executor-0] INFO  client.GrpcClientProtocolClient (GrpcClientProtocolClient.java:onNext(264)) - client-119D756B1005->4234af2c-5377-4886-a4e8-6fe45d0af45e: receive RaftClientReply:client-119D756B1005->4234af2c-5377-4886-a4e8-6fe45d0af45e@group-A1165329A1F1, cid=1824, SUCCESS, logIndex=0, commits[4234af2c-5377-4886-a4e8-6fe45d0af45e:c2633, cef72988-acf5-49ad-9ec7-695a80e7a66d:c2632, d677508c-6db9-4741-b51c-49af5e4cf22f:c2632]
2019-09-08 07:07:34,507 [grpc-default-executor-0] INFO  client.GrpcClientProtocolClient (GrpcClientProtocolClient.java:onNext(264)) - client-119D756B1005->4234af2c-5377-4886-a4e8-6fe45d0af45e: receive RaftClientReply:client-119D756B1005->4234af2c-5377-4886-a4e8-6fe45d0af45e@group-A1165329A1F1, cid=1825, SUCCESS, logIndex=2635, commits[4234af2c-5377-4886-a4e8-6fe45d0af45e:c2636, cef72988-acf5-49ad-9ec7-695a80e7a66d:c2634, d677508c-6db9-4741-b51c-49af5e4cf22f:c2634]
2019-09-08 07:07:34,508 [grpc-default-executor-0] INFO  client.GrpcClientProtocolClient (GrpcClientProtocolClient.java:onNext(264)) - client-119D756B1005->4234af2c-5377-4886-a4e8-6fe45d0af45e: receive RaftClientReply:client-119D756B1005->4234af2c-5377-4886-a4e8-6fe45d0af45e@group-A1165329A1F1, cid=1826, SUCCESS, logIndex=2636, commits[4234af2c-5377-4886-a4e8-6fe45d0af45e:c2638, cef72988-acf5-49ad-9ec7-695a80e7a66d:c2634, d677508c-6db9-4741-b51c-49af5e4cf22f:c2634]
2019-09-08 07:07:34,508 [grpc-default-executor-0] INFO  client.GrpcClientProtocolClient (GrpcClientProtocolClient.java:onNext(264)) - client-119D756B1005->4234af2c-5377-4886-a4e8-6fe45d0af45e: receive RaftClientReply:client-119D756B1005->4234af2c-5377-4886-a4e8-6fe45d0af45e@group-A1165329A1F1, cid=1827, SUCCESS, logIndex=2637, commits[4234af2c-5377-4886-a4e8-6fe45d0af45e:c2638, cef72988-acf5-49ad-9ec7-695a80e7a66d:c2634, d677508c-6db9-4741-b51c-49af5e4cf22f:c2634]
2019-09-08 07:07:34,508 [grpc-default-executor-0] INFO  client.GrpcClientProtocolClient (GrpcClientProtocolClient.java:onNext(264)) - client-119D756B1005->4234af2c-5377-4886-a4e8-6fe45d0af45e: receive RaftClientReply:client-119D756B1005->4234af2c-5377-4886-a4e8-6fe45d0af45e@group-A1165329A1F1, cid=1828, SUCCESS, logIndex=2638, commits[4234af2c-5377-4886-a4e8-6fe45d0af45e:c2638, cef72988-acf5-49ad-9ec7-695a80e7a66d:c2634, d677508c-6db9-4741-b51c-49af5e4cf22f:c2634]
2019-09-08 07:07:34,509 [grpc-default-executor-0] INFO  client.GrpcClientProtocolClient (GrpcClientProtocolClient.java:onNext(264)) - client-119D756B1005->4234af2c-5377-4886-a4e8-6fe45d0af45e: receive RaftClientReply:client-119D756B1005->4234af2c-5377-4886-a4e8-6fe45d0af45e@group-A1165329A1F1, cid=1829, SUCCESS, logIndex=0, commits[4234af2c-5377-4886-a4e8-6fe45d0af45e:c2642, cef72988-acf5-49ad-9ec7-695a80e7a66d:c2638, d677508c-6db9-4741-b51c-49af5e4cf22f:c2638]
2019-09-08 07:07:34,722 [grpc-default-executor-6] INFO  client.GrpcClientProtocolClient (GrpcClientProtocolClient.java:onNext(264)) - client-119D756B1005->4234af2c-5377-4886-a4e8-6fe45d0af45e: receive RaftClientReply:client-119D756B1005->4234af2c-5377-4886-a4e8-6fe45d0af45e@group-A1165329A1F1, cid=1830, SUCCESS, logIndex=2643, commits[4234af2c-5377-4886-a4e8-6fe45d0af45e:c2644, cef72988-acf5-49ad-9ec7-695a80e7a66d:c2642, d677508c-6db9-4741-b51c-49af5e4cf22f:c2642]
2019-09-08 07:07:34,722 [grpc-default-executor-6] INFO  client.GrpcClientProtocolClient (GrpcClientProtocolClient.java:onNext(264)) - client-119D756B1005->4234af2c-5377-4886-a4e8-6fe45d0af45e: receive RaftClientReply:client-119D756B1005->4234af2c-5377-4886-a4e8-6fe45d0af45e@group-A1165329A1F1, cid=1831, SUCCESS, logIndex=2644, commits[4234af2c-5377-4886-a4e8-6fe45d0af45e:c2644, cef72988-acf5-49ad-9ec7-695a80e7a66d:c2642, d677508c-6db9-4741-b51c-49af5e4cf22f:c2642]
2019-09-08 07:07:34,748 [grpc-default-executor-0] INFO  client.GrpcClientProtocolClient (GrpcClientProtocolClient.java:onNext(264)) - client-119D756B1005->4234af2c-5377-4886-a4e8-6fe45d0af45e: receive RaftClientReply:client-119D756B1005->4234af2c-5377-4886-a4e8-6fe45d0af45e@group-A1165329A1F1, cid=1832, SUCCESS, logIndex=2647, commits[4234af2c-5377-4886-a4e8-6fe45d0af45e:c2648, cef72988-acf5-49ad-9ec7-695a80e7a66d:c2644, d677508c-6db9-4741-b51c-49af5e4cf22f:c2644]
2019-09-08 07:07:34,748 [grpc-default-executor-0] INFO  client.GrpcClientProtocolClient (GrpcClientProtocolClient.java:onNext(264)) - client-119D756B1005->4234af2c-5377-4886-a4e8-6fe45d0af45e: receive RaftClientReply:client-119D756B1005->4234af2c-5377-4886-a4e8-6fe45d0af45e@group-A1165329A1F1, cid=1833, SUCCESS, logIndex=2648, commits[4234af2c-5377-4886-a4e8-6fe45d0af45e:c2648, cef72988-acf5-49ad-9ec7-695a80e7a66d:c2644, d677508c-6db9-4741-b51c-49af5e4cf22f:c2644]
2019-09-08 07:07:34,751 [grpc-default-executor-0] INFO  client.GrpcClientProtocolClient (GrpcClientProtocolClient.java:onNext(264)) - client-119D756B1005->4234af2c-5377-4886-a4e8-6fe45d0af45e: receive RaftClientReply:client-119D756B1005->4234af2c-5377-4886-a4e8-6fe45d0af45e@group-A1165329A1F1, cid=1834, SUCCESS, logIndex=0, commits[4234af2c-5377-4886-a4e8-6fe45d0af45e:c2649, cef72988-acf5-49ad-9ec7-695a80e7a66d:c2648, d677508c-6db9-4741-b51c-49af5e4cf22f:c2648]
2019-09-08 07:07:34,779 [grpc-default-executor-0] INFO  client.GrpcClientProtocolClient (GrpcClientProtocolClient.java:onNext(264)) - client-119D756B1005->4234af2c-5377-4886-a4e8-6fe45d0af45e: receive RaftClientReply:client-119D756B1005->4234af2c-5377-4886-a4e8-6fe45d0af45e@group-A1165329A1F1, cid=1835, SUCCESS, logIndex=2651, commits[4234af2c-5377-4886-a4e8-6fe45d0af45e:c2652, cef72988-acf5-49ad-9ec7-695a80e7a66d:c2650, d677508c-6db9-4741-b51c-49af5e4cf22f:c2650]
2019-09-08 07:07:34,779 [grpc-default-executor-0] INFO  client.GrpcClientProtocolClient (GrpcClientProtocolClient.java:onNext(264)) - client-119D756B1005->4234af2c-5377-4886-a4e8-6fe45d0af45e: receive RaftClientReply:client-119D756B1005->4234af2c-5377-4886-a4e8-6fe45d0af45e@group-A1165329A1F1, cid=1836, SUCCESS, logIndex=2652, commits[4234af2c-5377-4886-a4e8-6fe45d0af45e:c2654, cef72988-acf5-49ad-9ec7-695a80e7a66d:c2650, d677508c-6db9-4741-b51c-49af5e4cf22f:c2650]
2019-09-08 07:07:34,780 [grpc-default-executor-0] INFO  client.GrpcClientProtocolClient (GrpcClientProtocolClient.java:onNext(264)) - client-119D756B1005->4234af2c-5377-4886-a4e8-6fe45d0af45e: receive RaftClientReply:client-119D756B1005->4234af2c-5377-4886-a4e8-6fe45d0af45e@group-A1165329A1F1, cid=1837, SUCCESS, logIndex=2653, commits[4234af2c-5377-4886-a4e8-6fe45d0af45e:c2654, cef72988-acf5-49ad-9ec7-695a80e7a66d:c2650, d677508c-6db9-4741-b51c-49af5e4cf22f:c2650]
2019-09-08 07:07:34,780 [grpc-default-executor-0] INFO  client.GrpcClientProtocolClient (GrpcClientProtocolClient.java:onNext(264)) - client-119D756B1005->4234af2c-5377-4886-a4e8-6fe45d0af45e: receive RaftClientReply:client-119D756B1005->4234af2c-5377-4886-a4e8-6fe45d0af45e@group-A1165329A1F1, cid=1838, SUCCESS, logIndex=2654, commits[4234af2c-5377-4886-a4e8-6fe45d0af45e:c2654, cef72988-acf5-49ad-9ec7-695a80e7a66d:c2650, d677508c-6db9-4741-b51c-49af5e4cf22f:c2650]
2019-09-08 07:07:34,782 [grpc-default-executor-0] INFO  client.GrpcClientProtocolClient (GrpcClientProtocolClient.java:onNext(264)) - client-119D756B1005->4234af2c-5377-4886-a4e8-6fe45d0af45e: receive RaftClientReply:client-119D756B1005->4234af2c-5377-4886-a4e8-6fe45d0af45e@group-A1165329A1F1, cid=1839, SUCCESS, logIndex=0, commits[4234af2c-5377-4886-a4e8-6fe45d0af45e:c2656, cef72988-acf5-49ad-9ec7-695a80e7a66d:c2652, d677508c-6db9-4741-b51c-49af5e4cf22f:c2652]
2019-09-08 07:07:34,794 [grpc-default-executor-0] INFO  client.GrpcClientProtocolClient (GrpcClientProtocolClient.java:onNext(264)) - client-119D756B1005->4234af2c-5377-4886-a4e8-6fe45d0af45e: receive RaftClientReply:client-119D756B1005->4234af2c-5377-4886-a4e8-6fe45d0af45e@group-A1165329A1F1, cid=1840, SUCCESS, logIndex=2658, commits[4234af2c-5377-4886-a4e8-6fe45d0af45e:c2659, cef72988-acf5-49ad-9ec7-695a80e7a66d:c2654, d677508c-6db9-4741-b51c-49af5e4cf22f:c2657]
2019-09-08 07:07:34,795 [grpc-default-executor-0] INFO  client.GrpcClientProtocolClient (GrpcClientProtocolClient.java:onNext(264)) - client-119D756B1005->4234af2c-5377-4886-a4e8-6fe45d0af45e: receive RaftClientReply:client-119D756B1005->4234af2c-5377-4886-a4e8-6fe45d0af45e@group-A1165329A1F1, cid=1841, SUCCESS, logIndex=2659, commits[4234af2c-5377-4886-a4e8-6fe45d0af45e:c2659, cef72988-acf5-49ad-9ec7-695a80e7a66d:c2657, d677508c-6db9-4741-b51c-49af5e4cf22f:c2657]
2019-09-08 07:07:34,813 [grpc-default-executor-0] INFO  client.GrpcClientProtocolClient (GrpcClientProtocolClient.java:onNext(264)) - client-119D756B1005->4234af2c-5377-4886-a4e8-6fe45d0af45e: receive RaftClientReply:client-119D756B1005->4234af2c-5377-4886-a4e8-6fe45d0af45e@group-A1165329A1F1, cid=1842, SUCCESS, logIndex=2662, commits[4234af2c-5377-4886-a4e8-6fe45d0af45e:c2663, cef72988-acf5-49ad-9ec7-695a80e7a66d:c2661, d677508c-6db9-4741-b51c-49af5e4cf22f:c2661]
2019-09-08 07:07:34,813 [grpc-default-executor-0] INFO  client.GrpcClientProtocolClient (GrpcClientProtocolClient.java:onNext(264)) - client-119D756B1005->4234af2c-5377-4886-a4e8-6fe45d0af45e: receive RaftClientReply:client-119D756B1005->4234af2c-5377-4886-a4e8-6fe45d0af45e@group-A1165329A1F1, cid=1843, SUCCESS, logIndex=2663, commits[4234af2c-5377-4886-a4e8-6fe45d0af45e:c2663, cef72988-acf5-49ad-9ec7-695a80e7a66d:c2661, d677508c-6db9-4741-b51c-49af5e4cf22f:c2661]
2019-09-08 07:07:34,827 [grpc-default-executor-6] INFO  client.GrpcClientProtocolClient (GrpcClientProtocolClient.java:onNext(264)) - client-119D756B1005->4234af2c-5377-4886-a4e8-6fe45d0af45e: receive RaftClientReply:client-119D756B1005->4234af2c-5377-4886-a4e8-6fe45d0af45e@group-A1165329A1F1, cid=1844, SUCCESS, logIndex=0, commits[4234af2c-5377-4886-a4e8-6fe45d0af45e:c2664, cef72988-acf5-49ad-9ec7-695a80e7a66d:c2663, d677508c-6db9-4741-b51c-49af5e4cf22f:c2663]
2019-09-08 07:07:34,847 [grpc-default-executor-6] INFO  client.GrpcClientProtocolClient (GrpcClientProtocolClient.java:onNext(264)) - client-119D756B1005->4234af2c-5377-4886-a4e8-6fe45d0af45e: receive RaftClientReply:client-119D756B1005->4234af2c-5377-4886-a4e8-6fe45d0af45e@group-A1165329A1F1, cid=1845, SUCCESS, logIndex=2666, commits[4234af2c-5377-4886-a4e8-6fe45d0af45e:c2667, cef72988-acf5-49ad-9ec7-695a80e7a66d:c2665, d677508c-6db9-4741-b51c-49af5e4cf22f:c2663]
2019-09-08 07:07:34,847 [grpc-default-executor-6] INFO  client.GrpcClientProtocolClient (GrpcClientProtocolClient.java:onNext(264)) - client-119D756B1005->4234af2c-5377-4886-a4e8-6fe45d0af45e: receive RaftClientReply:client-119D756B1005->4234af2c-5377-4886-a4e8-6fe45d0af45e@group-A1165329A1F1, cid=1846, SUCCESS, logIndex=2667, commits[4234af2c-5377-4886-a4e8-6fe45d0af45e:c2667, cef72988-acf5-49ad-9ec7-695a80e7a66d:c2665, d677508c-6db9-4741-b51c-49af5e4cf22f:c2665]
2019-09-08 07:07:34,848 [grpc-default-executor-3] INFO  client.GrpcClientProtocolClient (GrpcClientProtocolClient.java:onNext(264)) - client-119D756B1005->4234af2c-5377-4886-a4e8-6fe45d0af45e: receive RaftClientReply:client-119D756B1005->4234af2c-5377-4886-a4e8-6fe45d0af45e@group-A1165329A1F1, cid=1847, SUCCESS, logIndex=2668, commits[4234af2c-5377-4886-a4e8-6fe45d0af45e:c2669, cef72988-acf5-49ad-9ec7-695a80e7a66d:c2665, d677508c-6db9-4741-b51c-49af5e4cf22f:c2665]
2019-09-08 07:07:34,849 [grpc-default-executor-3] INFO  client.GrpcClientProtocolClient (GrpcClientProtocolClient.java:onNext(264)) - client-119D756B1005->4234af2c-5377-4886-a4e8-6fe45d0af45e: receive RaftClientReply:client-119D756B1005->4234af2c-5377-4886-a4e8-6fe45d0af45e@group-A1165329A1F1, cid=1848, SUCCESS, logIndex=2669, commits[4234af2c-5377-4886-a4e8-6fe45d0af45e:c2671, cef72988-acf5-49ad-9ec7-695a80e7a66d:c2665, d677508c-6db9-4741-b51c-49af5e4cf22f:c2667]
2019-09-08 07:07:34,850 [grpc-default-executor-6] INFO  client.GrpcClientProtocolClient (GrpcClientProtocolClient.java:onNext(264)) - client-119D756B1005->4234af2c-5377-4886-a4e8-6fe45d0af45e: receive RaftClientReply:client-119D756B1005->4234af2c-5377-4886-a4e8-6fe45d0af45e@group-A1165329A1F1, cid=1849, SUCCESS, logIndex=0, commits[4234af2c-5377-4886-a4e8-6fe45d0af45e:c2671, cef72988-acf5-49ad-9ec7-695a80e7a66d:c2667, d677508c-6db9-4741-b51c-49af5e4cf22f:c2667]
2019-09-08 07:07:34,867 [grpc-default-executor-3] INFO  client.GrpcClientProtocolClient (GrpcClientProtocolClient.java:onNext(264)) - client-119D756B1005->4234af2c-5377-4886-a4e8-6fe45d0af45e: receive RaftClientReply:client-119D756B1005->4234af2c-5377-4886-a4e8-6fe45d0af45e@group-A1165329A1F1, cid=1850, SUCCESS, logIndex=2674, commits[4234af2c-5377-4886-a4e8-6fe45d0af45e:c2675, cef72988-acf5-49ad-9ec7-695a80e7a66d:c2673, d677508c-6db9-4741-b51c-49af5e4cf22f:c2673]
2019-09-08 07:07:34,868 [grpc-default-executor-3] INFO  client.GrpcClientProtocolClient (GrpcClientProtocolClient.java:onNext(264)) - client-119D756B1005->4234af2c-5377-4886-a4e8-6fe45d0af45e: receive RaftClientReply:client-119D756B1005->4234af2c-5377-4886-a4e8-6fe45d0af45e@group-A1165329A1F1, cid=1851, SUCCESS, logIndex=2675, commits[4234af2c-5377-4886-a4e8-6fe45d0af45e:c2675, cef72988-acf5-49ad-9ec7-695a80e7a66d:c2673, d677508c-6db9-4741-b51c-49af5e4cf22f:c2673]
2019-09-08 07:07:34,879 [grpc-default-executor-3] INFO  client.GrpcClientProtocolClient (GrpcClientProtocolClient.java:onNext(264)) - client-119D756B1005->4234af2c-5377-4886-a4e8-6fe45d0af45e: receive RaftClientReply:client-119D756B1005->4234af2c-5377-4886-a4e8-6fe45d0af45e@group-A1165329A1F1, cid=1852, SUCCESS, logIndex=2678, commits[4234af2c-5377-4886-a4e8-6fe45d0af45e:c2678, cef72988-acf5-49ad-9ec7-695a80e7a66d:c2675, d677508c-6db9-4741-b51c-49af5e4cf22f:c2675]
2019-09-08 07:07:34,879 [grpc-default-executor-3] INFO  client.GrpcClientProtocolClient (GrpcClientProtocolClient.java:onNext(264)) - client-119D756B1005->4234af2c-5377-4886-a4e8-6fe45d0af45e: receive RaftClientReply:client-119D756B1005->4234af2c-5377-4886-a4e8-6fe45d0af45e@group-A1165329A1F1, cid=1853, SUCCESS, logIndex=2679, commits[4234af2c-5377-4886-a4e8-6fe45d0af45e:c2679, cef72988-acf5-49ad-9ec7-695a80e7a66d:c2675, d677508c-6db9-4741-b51c-49af5e4cf22f:c2675]
2019-09-08 07:07:34,883 [grpc-default-executor-3] INFO  client.GrpcClientProtocolClient (GrpcClientProtocolClient.java:onNext(264)) - client-119D756B1005->4234af2c-5377-4886-a4e8-6fe45d0af45e: receive RaftClientReply:client-119D756B1005->4234af2c-5377-4886-a4e8-6fe45d0af45e@group-A1165329A1F1, cid=1854, SUCCESS, logIndex=0, commits[4234af2c-5377-4886-a4e8-6fe45d0af45e:c2681, cef72988-acf5-49ad-9ec7-695a80e7a66d:c2679, d677508c-6db9-4741-b51c-49af5e4cf22f:c2679]
2019-09-08 07:07:34,936 [grpc-default-executor-3] INFO  client.GrpcClientProtocolClient (GrpcClientProtocolClient.java:onNext(264)) - client-119D756B1005->4234af2c-5377-4886-a4e8-6fe45d0af45e: receive RaftClientReply:client-119D756B1005->4234af2c-5377-4886-a4e8-6fe45d0af45e@group-A1165329A1F1, cid=1855, SUCCESS, logIndex=2682, commits[4234af2c-5377-4886-a4e8-6fe45d0af45e:c2685, cef72988-acf5-49ad-9ec7-695a80e7a66d:c2681, d677508c-6db9-4741-b51c-49af5e4cf22f:c2681]
2019-09-08 07:07:34,936 [grpc-default-executor-3] INFO  client.GrpcClientProtocolClient (GrpcClientProtocolClient.java:onNext(264)) - client-119D756B1005->4234af2c-5377-4886-a4e8-6fe45d0af45e: receive RaftClientReply:client-119D756B1005->4234af2c-5377-4886-a4e8-6fe45d0af45e@group-A1165329A1F1, cid=1856, SUCCESS, logIndex=2683, commits[4234af2c-5377-4886-a4e8-6fe45d0af45e:c2685, cef72988-acf5-49ad-9ec7-695a80e7a66d:c2681, d677508c-6db9-4741-b51c-49af5e4cf22f:c2681]
2019-09-08 07:07:34,936 [grpc-default-executor-3] INFO  client.GrpcClientProtocolClient (GrpcClientProtocolClient.java:onNext(264)) - client-119D756B1005->4234af2c-5377-4886-a4e8-6fe45d0af45e: receive RaftClientReply:client-119D756B1005->4234af2c-5377-4886-a4e8-6fe45d0af45e@group-A1165329A1F1, cid=1857, SUCCESS, logIndex=2684, commits[4234af2c-5377-4886-a4e8-6fe45d0af45e:c2686, cef72988-acf5-49ad-9ec7-695a80e7a66d:c2682, d677508c-6db9-4741-b51c-49af5e4cf22f:c2682]
2019-09-08 07:07:34,937 [grpc-default-executor-3] INFO  client.GrpcClientProtocolClient (GrpcClientProtocolClient.java:onNext(264)) - client-119D756B1005->4234af2c-5377-4886-a4e8-6fe45d0af45e: receive RaftClientReply:client-119D756B1005->4234af2c-5377-4886-a4e8-6fe45d0af45e@group-A1165329A1F1, cid=1858, SUCCESS, logIndex=2685, commits[4234af2c-5377-4886-a4e8-6fe45d0af45e:c2686, cef72988-acf5-49ad-9ec7-695a80e7a66d:c2682, d677508c-6db9-4741-b51c-49af5e4cf22f:c2682]
2019-09-08 07:07:34,940 [grpc-default-executor-6] INFO  client.GrpcClientProtocolClient (GrpcClientProtocolClient.java:onNext(264)) - client-119D756B1005->4234af2c-5377-4886-a4e8-6fe45d0af45e: receive RaftClientReply:client-119D756B1005->4234af2c-5377-4886-a4e8-6fe45d0af45e@group-A1165329A1F1, cid=1859, SUCCESS, logIndex=0, commits[4234af2c-5377-4886-a4e8-6fe45d0af45e:c2687, cef72988-acf5-49ad-9ec7-695a80e7a66d:c2683, d677508c-6db9-4741-b51c-49af5e4cf22f:c2683]
2019-09-08 07:07:34,955 [grpc-default-executor-3] INFO  client.GrpcClientProtocolClient (GrpcClientProtocolClient.java:onNext(264)) - client-119D756B1005->4234af2c-5377-4886-a4e8-6fe45d0af45e: receive RaftClientReply:client-119D756B1005->4234af2c-5377-4886-a4e8-6fe45d0af45e@group-A1165329A1F1, cid=1860, SUCCESS, logIndex=2690, commits[4234af2c-5377-4886-a4e8-6fe45d0af45e:c2690, cef72988-acf5-49ad-9ec7-695a80e7a66d:c2689, d677508c-6db9-4741-b51c-49af5e4cf22f:c2689]
2019-09-08 07:07:34,956 [grpc-default-executor-3] INFO  client.GrpcClientProtocolClient (GrpcClientProtocolClient.java:onNext(264)) - client-119D756B1005->4234af2c-5377-4886-a4e8-6fe45d0af45e: receive RaftClientReply:client-119D756B1005->4234af2c-5377-4886-a4e8-6fe45d0af45e@group-A1165329A1F1, cid=1861, SUCCESS, logIndex=2691, commits[4234af2c-5377-4886-a4e8-6fe45d0af45e:c2691, cef72988-acf5-49ad-9ec7-695a80e7a66d:c2689, d677508c-6db9-4741-b51c-49af5e4cf22f:c2689]
2019-09-08 07:07:34,967 [grpc-default-executor-6] INFO  client.GrpcClientProtocolClient (GrpcClientProtocolClient.java:onNext(264)) - client-119D756B1005->4234af2c-5377-4886-a4e8-6fe45d0af45e: receive RaftClientReply:client-119D756B1005->4234af2c-5377-4886-a4e8-6fe45d0af45e@group-A1165329A1F1, cid=1862, SUCCESS, logIndex=2694, commits[4234af2c-5377-4886-a4e8-6fe45d0af45e:c2694, cef72988-acf5-49ad-9ec7-695a80e7a66d:c2693, d677508c-6db9-4741-b51c-49af5e4cf22f:c2693]
2019-09-08 07:07:34,967 [grpc-default-executor-6] INFO  client.GrpcClientProtocolClient (GrpcClientProtocolClient.java:onNext(264)) - client-119D756B1005->4234af2c-5377-4886-a4e8-6fe45d0af45e: receive RaftClientReply:client-119D756B1005->4234af2c-5377-4886-a4e8-6fe45d0af45e@group-A1165329A1F1, cid=1863, SUCCESS, logIndex=2695, commits[4234af2c-5377-4886-a4e8-6fe45d0af45e:c2695, cef72988-acf5-49ad-9ec7-695a80e7a66d:c2693, d677508c-6db9-4741-b51c-49af5e4cf22f:c2693]
2019-09-08 07:07:34,975 [grpc-default-executor-6] INFO  client.GrpcClientProtocolClient (GrpcClientProtocolClient.java:onNext(264)) - client-119D756B1005->4234af2c-5377-4886-a4e8-6fe45d0af45e: receive RaftClientReply:client-119D756B1005->4234af2c-5377-4886-a4e8-6fe45d0af45e@group-A1165329A1F1, cid=1864, SUCCESS, logIndex=0, commits[4234af2c-5377-4886-a4e8-6fe45d0af45e:c2697, cef72988-acf5-49ad-9ec7-695a80e7a66d:c2695, d677508c-6db9-4741-b51c-49af5e4cf22f:c2695]
2019-09-08 07:07:34,997 [grpc-default-executor-0] INFO  client.GrpcClientProtocolClient (GrpcClientProtocolClient.java:onNext(264)) - client-119D756B1005->4234af2c-5377-4886-a4e8-6fe45d0af45e: receive RaftClientReply:client-119D756B1005->4234af2c-5377-4886-a4e8-6fe45d0af45e@group-A1165329A1F1, cid=1865, SUCCESS, logIndex=2698, commits[4234af2c-5377-4886-a4e8-6fe45d0af45e:c2701, cef72988-acf5-49ad-9ec7-695a80e7a66d:c2697, d677508c-6db9-4741-b51c-49af5e4cf22f:c2695]
2019-09-08 07:07:34,997 [grpc-default-executor-0] INFO  client.GrpcClientProtocolClient (GrpcClientProtocolClient.java:onNext(264)) - client-119D756B1005->4234af2c-5377-4886-a4e8-6fe45d0af45e: receive RaftClientReply:client-119D756B1005->4234af2c-5377-4886-a4e8-6fe45d0af45e@group-A1165329A1F1, cid=1866, SUCCESS, logIndex=2699, commits[4234af2c-5377-4886-a4e8-6fe45d0af45e:c2701, cef72988-acf5-49ad-9ec7-695a80e7a66d:c2697, d677508c-6db9-4741-b51c-49af5e4cf22f:c2697]
2019-09-08 07:07:34,998 [grpc-default-executor-0] INFO  client.GrpcClientProtocolClient (GrpcClientProtocolClient.java:onNext(264)) - client-119D756B1005->4234af2c-5377-4886-a4e8-6fe45d0af45e: receive RaftClientReply:client-119D756B1005->4234af2c-5377-4886-a4e8-6fe45d0af45e@group-A1165329A1F1, cid=1867, SUCCESS, logIndex=2700, commits[4234af2c-5377-4886-a4e8-6fe45d0af45e:c2701, cef72988-acf5-49ad-9ec7-695a80e7a66d:c2697, d677508c-6db9-4741-b51c-49af5e4cf22f:c2697]
2019-09-08 07:07:34,998 [grpc-default-executor-0] INFO  client.GrpcClientProtocolClient (GrpcClientProtocolClient.java:onNext(264)) - client-119D756B1005->4234af2c-5377-4886-a4e8-6fe45d0af45e: receive RaftClientReply:client-119D756B1005->4234af2c-5377-4886-a4e8-6fe45d0af45e@group-A1165329A1F1, cid=1868, SUCCESS, logIndex=2701, commits[4234af2c-5377-4886-a4e8-6fe45d0af45e:c2701, cef72988-acf5-49ad-9ec7-695a80e7a66d:c2697, d677508c-6db9-4741-b51c-49af5e4cf22f:c2697]
2019-09-08 07:07:35,000 [grpc-default-executor-0] INFO  client.GrpcClientProtocolClient (GrpcClientProtocolClient.java:onNext(264)) - client-119D756B1005->4234af2c-5377-4886-a4e8-6fe45d0af45e: receive RaftClientReply:client-119D756B1005->4234af2c-5377-4886-a4e8-6fe45d0af45e@group-A1165329A1F1, cid=1869, SUCCESS, logIndex=0, commits[4234af2c-5377-4886-a4e8-6fe45d0af45e:c2704, cef72988-acf5-49ad-9ec7-695a80e7a66d:c2699, d677508c-6db9-4741-b51c-49af5e4cf22f:c2701]
2019-09-08 07:07:35,013 [grpc-default-executor-4] INFO  client.GrpcClientProtocolClient (GrpcClientProtocolClient.java:onNext(264)) - client-119D756B1005->4234af2c-5377-4886-a4e8-6fe45d0af45e: receive RaftClientReply:client-119D756B1005->4234af2c-5377-4886-a4e8-6fe45d0af45e@group-A1165329A1F1, cid=1870, SUCCESS, logIndex=2705, commits[4234af2c-5377-4886-a4e8-6fe45d0af45e:c2706, cef72988-acf5-49ad-9ec7-695a80e7a66d:c2704, d677508c-6db9-4741-b51c-49af5e4cf22f:c2704]
2019-09-08 07:07:35,013 [grpc-default-executor-4] INFO  client.GrpcClientProtocolClient (GrpcClientProtocolClient.java:onNext(264)) - client-119D756B1005->4234af2c-5377-4886-a4e8-6fe45d0af45e: receive RaftClientReply:client-119D756B1005->4234af2c-5377-4886-a4e8-6fe45d0af45e@group-A1165329A1F1, cid=1871, SUCCESS, logIndex=2706, commits[4234af2c-5377-4886-a4e8-6fe45d0af45e:c2706, cef72988-acf5-49ad-9ec7-695a80e7a66d:c2704, d677508c-6db9-4741-b51c-49af5e4cf22f:c2704]
2019-09-08 07:07:35,029 [grpc-default-executor-0] INFO  client.GrpcClientProtocolClient (GrpcClientProtocolClient.java:onNext(264)) - client-119D756B1005->4234af2c-5377-4886-a4e8-6fe45d0af45e: receive RaftClientReply:client-119D756B1005->4234af2c-5377-4886-a4e8-6fe45d0af45e@group-A1165329A1F1, cid=1872, SUCCESS, logIndex=2709, commits[4234af2c-5377-4886-a4e8-6fe45d0af45e:c2710, cef72988-acf5-49ad-9ec7-695a80e7a66d:c2708, d677508c-6db9-4741-b51c-49af5e4cf22f:c2708]
 0.00% |█                                                                                                    |  0/1 Time: 0:00:152019-09-08 07:07:35,030 [grpc-default-executor-0] INFO  client.GrpcClientProtocolClient (GrpcClientProtocolClient.java:onNext(264)) - client-119D756B1005->4234af2c-5377-4886-a4e8-6fe45d0af45e: receive RaftClientReply:client-119D756B1005->4234af2c-5377-4886-a4e8-6fe45d0af45e@group-A1165329A1F1, cid=1873, SUCCESS, logIndex=2710, commits[4234af2c-5377-4886-a4e8-6fe45d0af45e:c2710, cef72988-acf5-49ad-9ec7-695a80e7a66d:c2708, d677508c-6db9-4741-b51c-49af5e4cf22f:c2708]
2019-09-08 07:07:35,031 [grpc-default-executor-0] INFO  client.GrpcClientProtocolClient (GrpcClientProtocolClient.java:onNext(264)) - client-119D756B1005->4234af2c-5377-4886-a4e8-6fe45d0af45e: receive RaftClientReply:client-119D756B1005->4234af2c-5377-4886-a4e8-6fe45d0af45e@group-A1165329A1F1, cid=1874, SUCCESS, logIndex=0, commits[4234af2c-5377-4886-a4e8-6fe45d0af45e:c2711, cef72988-acf5-49ad-9ec7-695a80e7a66d:c2710, d677508c-6db9-4741-b51c-49af5e4cf22f:c2710]
2019-09-08 07:07:35,059 [grpc-default-executor-4] INFO  client.GrpcClientProtocolClient (GrpcClientProtocolClient.java:onNext(264)) - client-119D756B1005->4234af2c-5377-4886-a4e8-6fe45d0af45e: receive RaftClientReply:client-119D756B1005->4234af2c-5377-4886-a4e8-6fe45d0af45e@group-A1165329A1F1, cid=1875, SUCCESS, logIndex=2713, commits[4234af2c-5377-4886-a4e8-6fe45d0af45e:c2714, cef72988-acf5-49ad-9ec7-695a80e7a66d:c2712, d677508c-6db9-4741-b51c-49af5e4cf22f:c2710]
2019-09-08 07:07:35,060 [grpc-default-executor-4] INFO  client.GrpcClientProtocolClient (GrpcClientProtocolClient.java:onNext(264)) - client-119D756B1005->4234af2c-5377-4886-a4e8-6fe45d0af45e: receive RaftClientReply:client-119D756B1005->4234af2c-5377-4886-a4e8-6fe45d0af45e@group-A1165329A1F1, cid=1876, SUCCESS, logIndex=2714, commits[4234af2c-5377-4886-a4e8-6fe45d0af45e:c2714, cef72988-acf5-49ad-9ec7-695a80e7a66d:c2712, d677508c-6db9-4741-b51c-49af5e4cf22f:c2712]
2019-09-08 07:07:35,060 [grpc-default-executor-0] INFO  client.GrpcClientProtocolClient (GrpcClientProtocolClient.java:onNext(264)) - client-119D756B1005->4234af2c-5377-4886-a4e8-6fe45d0af45e: receive RaftClientReply:client-119D756B1005->4234af2c-5377-4886-a4e8-6fe45d0af45e@group-A1165329A1F1, cid=1877, SUCCESS, logIndex=2715, commits[4234af2c-5377-4886-a4e8-6fe45d0af45e:c2715, cef72988-acf5-49ad-9ec7-695a80e7a66d:c2712, d677508c-6db9-4741-b51c-49af5e4cf22f:c2712]
2019-09-08 07:07:35,061 [grpc-default-executor-0] INFO  client.GrpcClientProtocolClient (GrpcClientProtocolClient.java:onNext(264)) - client-119D756B1005->4234af2c-5377-4886-a4e8-6fe45d0af45e: receive RaftClientReply:client-119D756B1005->4234af2c-5377-4886-a4e8-6fe45d0af45e@group-A1165329A1F1, cid=1878, SUCCESS, logIndex=2716, commits[4234af2c-5377-4886-a4e8-6fe45d0af45e:c2716, cef72988-acf5-49ad-9ec7-695a80e7a66d:c2712, d677508c-6db9-4741-b51c-49af5e4cf22f:c2712]
2019-09-08 07:07:35,061 [grpc-default-executor-3] INFO  client.GrpcClientProtocolClient (GrpcClientProtocolClient.java:onNext(264)) - client-119D756B1005->4234af2c-5377-4886-a4e8-6fe45d0af45e: receive RaftClientReply:client-119D756B1005->4234af2c-5377-4886-a4e8-6fe45d0af45e@group-A1165329A1F1, cid=1879, SUCCESS, logIndex=0, commits[4234af2c-5377-4886-a4e8-6fe45d0af45e:c2718, cef72988-acf5-49ad-9ec7-695a80e7a66d:c2714, d677508c-6db9-4741-b51c-49af5e4cf22f:c2714]
2019-09-08 07:07:35,070 [grpc-default-executor-0] INFO  client.GrpcClientProtocolClient (GrpcClientProtocolClient.java:onNext(264)) - client-119D756B1005->4234af2c-5377-4886-a4e8-6fe45d0af45e: receive RaftClientReply:client-119D756B1005->4234af2c-5377-4886-a4e8-6fe45d0af45e@group-A1165329A1F1, cid=1880, SUCCESS, logIndex=2721, commits[4234af2c-5377-4886-a4e8-6fe45d0af45e:c2722, cef72988-acf5-49ad-9ec7-695a80e7a66d:c2720, d677508c-6db9-4741-b51c-49af5e4cf22f:c2720]
2019-09-08 07:07:35,070 [grpc-default-executor-0] INFO  client.GrpcClientProtocolClient (GrpcClientProtocolClient.java:onNext(264)) - client-119D756B1005->4234af2c-5377-4886-a4e8-6fe45d0af45e: receive RaftClientReply:client-119D756B1005->4234af2c-5377-4886-a4e8-6fe45d0af45e@group-A1165329A1F1, cid=1881, SUCCESS, logIndex=2722, commits[4234af2c-5377-4886-a4e8-6fe45d0af45e:c2722, cef72988-acf5-49ad-9ec7-695a80e7a66d:c2720, d677508c-6db9-4741-b51c-49af5e4cf22f:c2720]
2019-09-08 07:07:35,085 [grpc-default-executor-3] INFO  client.GrpcClientProtocolClient (GrpcClientProtocolClient.java:onNext(264)) - client-119D756B1005->4234af2c-5377-4886-a4e8-6fe45d0af45e: receive RaftClientReply:client-119D756B1005->4234af2c-5377-4886-a4e8-6fe45d0af45e@group-A1165329A1F1, cid=1882, SUCCESS, logIndex=2725, commits[4234af2c-5377-4886-a4e8-6fe45d0af45e:c2726, cef72988-acf5-49ad-9ec7-695a80e7a66d:c2724, d677508c-6db9-4741-b51c-49af5e4cf22f:c2722]
2019-09-08 07:07:35,085 [grpc-default-executor-3] INFO  client.GrpcClientProtocolClient (GrpcClientProtocolClient.java:onNext(264)) - client-119D756B1005->4234af2c-5377-4886-a4e8-6fe45d0af45e: receive RaftClientReply:client-119D756B1005->4234af2c-5377-4886-a4e8-6fe45d0af45e@group-A1165329A1F1, cid=1883, SUCCESS, logIndex=2726, commits[4234af2c-5377-4886-a4e8-6fe45d0af45e:c2726, cef72988-acf5-49ad-9ec7-695a80e7a66d:c2724, d677508c-6db9-4741-b51c-49af5e4cf22f:c2724]
2019-09-08 07:07:35,086 [grpc-default-executor-3] INFO  client.GrpcClientProtocolClient (GrpcClientProtocolClient.java:onNext(264)) - client-119D756B1005->4234af2c-5377-4886-a4e8-6fe45d0af45e: receive RaftClientReply:client-119D756B1005->4234af2c-5377-4886-a4e8-6fe45d0af45e@group-A1165329A1F1, cid=1884, SUCCESS, logIndex=0, commits[4234af2c-5377-4886-a4e8-6fe45d0af45e:c2727, cef72988-acf5-49ad-9ec7-695a80e7a66d:c2726, d677508c-6db9-4741-b51c-49af5e4cf22f:c2726]
2019-09-08 07:07:35,105 [grpc-default-executor-4] INFO  client.GrpcClientProtocolClient (GrpcClientProtocolClient.java:onNext(264)) - client-119D756B1005->4234af2c-5377-4886-a4e8-6fe45d0af45e: receive RaftClientReply:client-119D756B1005->4234af2c-5377-4886-a4e8-6fe45d0af45e@group-A1165329A1F1, cid=1885, SUCCESS, logIndex=2729, commits[4234af2c-5377-4886-a4e8-6fe45d0af45e:c2730, cef72988-acf5-49ad-9ec7-695a80e7a66d:c2728, d677508c-6db9-4741-b51c-49af5e4cf22f:c2726]
2019-09-08 07:07:35,105 [grpc-default-executor-4] INFO  client.GrpcClientProtocolClient (GrpcClientProtocolClient.java:onNext(264)) - client-119D756B1005->4234af2c-5377-4886-a4e8-6fe45d0af45e: receive RaftClientReply:client-119D756B1005->4234af2c-5377-4886-a4e8-6fe45d0af45e@group-A1165329A1F1, cid=1886, SUCCESS, logIndex=2730, commits[4234af2c-5377-4886-a4e8-6fe45d0af45e:c2730, cef72988-acf5-49ad-9ec7-695a80e7a66d:c2728, d677508c-6db9-4741-b51c-49af5e4cf22f:c2728]
2019-09-08 07:07:35,109 [grpc-default-executor-3] INFO  client.GrpcClientProtocolClient (GrpcClientProtocolClient.java:onNext(264)) - client-119D756B1005->4234af2c-5377-4886-a4e8-6fe45d0af45e: receive RaftClientReply:client-119D756B1005->4234af2c-5377-4886-a4e8-6fe45d0af45e@group-A1165329A1F1, cid=1887, SUCCESS, logIndex=2731, commits[4234af2c-5377-4886-a4e8-6fe45d0af45e:c2731, cef72988-acf5-49ad-9ec7-695a80e7a66d:c2728, d677508c-6db9-4741-b51c-49af5e4cf22f:c2728]
2019-09-08 07:07:35,110 [grpc-default-executor-3] INFO  client.GrpcClientProtocolClient (GrpcClientProtocolClient.java:onNext(264)) - client-119D756B1005->4234af2c-5377-4886-a4e8-6fe45d0af45e: receive RaftClientReply:client-119D756B1005->4234af2c-5377-4886-a4e8-6fe45d0af45e@group-A1165329A1F1, cid=1888, SUCCESS, logIndex=2732, commits[4234af2c-5377-4886-a4e8-6fe45d0af45e:c2733, cef72988-acf5-49ad-9ec7-695a80e7a66d:c2730, d677508c-6db9-4741-b51c-49af5e4cf22f:c2730]
2019-09-08 07:07:35,119 [grpc-default-executor-6] INFO  client.GrpcClientProtocolClient (GrpcClientProtocolClient.java:onNext(264)) - client-119D756B1005->4234af2c-5377-4886-a4e8-6fe45d0af45e: receive RaftClientReply:client-119D756B1005->4234af2c-5377-4886-a4e8-6fe45d0af45e@group-A1165329A1F1, cid=1889, SUCCESS, logIndex=2737, commits[4234af2c-5377-4886-a4e8-6fe45d0af45e:c2738, cef72988-acf5-49ad-9ec7-695a80e7a66d:c2733, d677508c-6db9-4741-b51c-49af5e4cf22f:c2735]
2019-09-08 07:07:35,119 [grpc-default-executor-6] INFO  client.GrpcClientProtocolClient (GrpcClientProtocolClient.java:onNext(264)) - client-119D756B1005->4234af2c-5377-4886-a4e8-6fe45d0af45e: receive RaftClientReply:client-119D756B1005->4234af2c-5377-4886-a4e8-6fe45d0af45e@group-A1165329A1F1, cid=1890, SUCCESS, logIndex=2738, commits[4234af2c-5377-4886-a4e8-6fe45d0af45e:c2738, cef72988-acf5-49ad-9ec7-695a80e7a66d:c2735, d677508c-6db9-4741-b51c-49af5e4cf22f:c2735]
2019-09-08 07:07:35,130 [grpc-default-executor-0] INFO  client.GrpcClientProtocolClient (GrpcClientProtocolClient.java:onNext(264)) - client-119D756B1005->4234af2c-5377-4886-a4e8-6fe45d0af45e: receive RaftClientReply:client-119D756B1005->4234af2c-5377-4886-a4e8-6fe45d0af45e@group-A1165329A1F1, cid=1891, SUCCESS, logIndex=2741, commits[4234af2c-5377-4886-a4e8-6fe45d0af45e:c2742, cef72988-acf5-49ad-9ec7-695a80e7a66d:c2740, d677508c-6db9-4741-b51c-49af5e4cf22f:c2740]
2019-09-08 07:07:35,130 [grpc-default-executor-0] INFO  client.GrpcClientProtocolClient (GrpcClientProtocolClient.java:onNext(264)) - client-119D756B1005->4234af2c-5377-4886-a4e8-6fe45d0af45e: receive RaftClientReply:client-119D756B1005->4234af2c-5377-4886-a4e8-6fe45d0af45e@group-A1165329A1F1, cid=1892, SUCCESS, logIndex=2742, commits[4234af2c-5377-4886-a4e8-6fe45d0af45e:c2742, cef72988-acf5-49ad-9ec7-695a80e7a66d:c2740, d677508c-6db9-4741-b51c-49af5e4cf22f:c2740]
2019-09-08 07:07:35,135 [grpc-default-executor-0] INFO  client.GrpcClientProtocolClient (GrpcClientProtocolClient.java:onNext(264)) - client-119D756B1005->4234af2c-5377-4886-a4e8-6fe45d0af45e: receive RaftClientReply:client-119D756B1005->4234af2c-5377-4886-a4e8-6fe45d0af45e@group-A1165329A1F1, cid=1893, SUCCESS, logIndex=0, commits[4234af2c-5377-4886-a4e8-6fe45d0af45e:c2744, cef72988-acf5-49ad-9ec7-695a80e7a66d:c2742, d677508c-6db9-4741-b51c-49af5e4cf22f:c2742]
2019-09-08 07:07:35,157 [grpc-default-executor-0] INFO  client.GrpcClientProtocolClient (GrpcClientProtocolClient.java:onNext(264)) - client-119D756B1005->4234af2c-5377-4886-a4e8-6fe45d0af45e: receive RaftClientReply:client-119D756B1005->4234af2c-5377-4886-a4e8-6fe45d0af45e@group-A1165329A1F1, cid=1894, SUCCESS, logIndex=2745, commits[4234af2c-5377-4886-a4e8-6fe45d0af45e:c2746, cef72988-acf5-49ad-9ec7-695a80e7a66d:c2744, d677508c-6db9-4741-b51c-49af5e4cf22f:c2744]
2019-09-08 07:07:35,282 [grpc-default-executor-0] INFO  client.GrpcClientProtocolClient (GrpcClientProtocolClient.java:onNext(264)) - client-119D756B1005->4234af2c-5377-4886-a4e8-6fe45d0af45e: receive RaftClientReply:client-119D756B1005->4234af2c-5377-4886-a4e8-6fe45d0af45e@group-A1165329A1F1, cid=1895, SUCCESS, logIndex=2746, commits[4234af2c-5377-4886-a4e8-6fe45d0af45e:c2747, cef72988-acf5-49ad-9ec7-695a80e7a66d:c2744, d677508c-6db9-4741-b51c-49af5e4cf22f:c2744]
2019-09-08 07:07:35,282 [grpc-default-executor-0] INFO  client.GrpcClientProtocolClient (GrpcClientProtocolClient.java:onNext(264)) - client-119D756B1005->4234af2c-5377-4886-a4e8-6fe45d0af45e: receive RaftClientReply:client-119D756B1005->4234af2c-5377-4886-a4e8-6fe45d0af45e@group-A1165329A1F1, cid=1896, SUCCESS, logIndex=2747, commits[4234af2c-5377-4886-a4e8-6fe45d0af45e:c2748, cef72988-acf5-49ad-9ec7-695a80e7a66d:c2744, d677508c-6db9-4741-b51c-49af5e4cf22f:c2744]
2019-09-08 07:07:35,283 [grpc-default-executor-0] INFO  client.GrpcClientProtocolClient (GrpcClientProtocolClient.java:onNext(264)) - client-119D756B1005->4234af2c-5377-4886-a4e8-6fe45d0af45e: receive RaftClientReply:client-119D756B1005->4234af2c-5377-4886-a4e8-6fe45d0af45e@group-A1165329A1F1, cid=1897, SUCCESS, logIndex=2748, commits[4234af2c-5377-4886-a4e8-6fe45d0af45e:c2748, cef72988-acf5-49ad-9ec7-695a80e7a66d:c2744, d677508c-6db9-4741-b51c-49af5e4cf22f:c2744]
2019-09-08 07:07:35,284 [grpc-default-executor-0] INFO  client.GrpcClientProtocolClient (GrpcClientProtocolClient.java:onNext(264)) - client-119D756B1005->4234af2c-5377-4886-a4e8-6fe45d0af45e: receive RaftClientReply:client-119D756B1005->4234af2c-5377-4886-a4e8-6fe45d0af45e@group-A1165329A1F1, cid=1898, SUCCESS, logIndex=0, commits[4234af2c-5377-4886-a4e8-6fe45d0af45e:c2749, cef72988-acf5-49ad-9ec7-695a80e7a66d:c2746, d677508c-6db9-4741-b51c-49af5e4cf22f:c2746]
2019-09-08 07:07:35,307 [grpc-default-executor-6] INFO  client.GrpcClientProtocolClient (GrpcClientProtocolClient.java:onNext(264)) - client-119D756B1005->4234af2c-5377-4886-a4e8-6fe45d0af45e: receive RaftClientReply:client-119D756B1005->4234af2c-5377-4886-a4e8-6fe45d0af45e@group-A1165329A1F1, cid=1899, SUCCESS, logIndex=2753, commits[4234af2c-5377-4886-a4e8-6fe45d0af45e:c2754, cef72988-acf5-49ad-9ec7-695a80e7a66d:c2749, d677508c-6db9-4741-b51c-49af5e4cf22f:c2749]
2019-09-08 07:07:35,307 [grpc-default-executor-6] INFO  client.GrpcClientProtocolClient (GrpcClientProtocolClient.java:onNext(264)) - client-119D756B1005->4234af2c-5377-4886-a4e8-6fe45d0af45e: receive RaftClientReply:client-119D756B1005->4234af2c-5377-4886-a4e8-6fe45d0af45e@group-A1165329A1F1, cid=1900, SUCCESS, logIndex=2754, commits[4234af2c-5377-4886-a4e8-6fe45d0af45e:c2754, cef72988-acf5-49ad-9ec7-695a80e7a66d:c2749, d677508c-6db9-4741-b51c-49af5e4cf22f:c2749]
2019-09-08 07:07:35,320 [grpc-default-executor-3] INFO  client.GrpcClientProtocolClient (GrpcClientProtocolClient.java:onNext(264)) - client-119D756B1005->4234af2c-5377-4886-a4e8-6fe45d0af45e: receive RaftClientReply:client-119D756B1005->4234af2c-5377-4886-a4e8-6fe45d0af45e@group-A1165329A1F1, cid=1901, SUCCESS, logIndex=2757, commits[4234af2c-5377-4886-a4e8-6fe45d0af45e:c2758, cef72988-acf5-49ad-9ec7-695a80e7a66d:c2754, d677508c-6db9-4741-b51c-49af5e4cf22f:c2754]
2019-09-08 07:07:35,320 [grpc-default-executor-3] INFO  client.GrpcClientProtocolClient (GrpcClientProtocolClient.java:onNext(264)) - client-119D756B1005->4234af2c-5377-4886-a4e8-6fe45d0af45e: receive RaftClientReply:client-119D756B1005->4234af2c-5377-4886-a4e8-6fe45d0af45e@group-A1165329A1F1, cid=1902, SUCCESS, logIndex=2758, commits[4234af2c-5377-4886-a4e8-6fe45d0af45e:c2758, cef72988-acf5-49ad-9ec7-695a80e7a66d:c2754, d677508c-6db9-4741-b51c-49af5e4cf22f:c2754]
2019-09-08 07:07:35,323 [grpc-default-executor-3] INFO  client.GrpcClientProtocolClient (GrpcClientProtocolClient.java:onNext(264)) - client-119D756B1005->4234af2c-5377-4886-a4e8-6fe45d0af45e: receive RaftClientReply:client-119D756B1005->4234af2c-5377-4886-a4e8-6fe45d0af45e@group-A1165329A1F1, cid=1903, SUCCESS, logIndex=0, commits[4234af2c-5377-4886-a4e8-6fe45d0af45e:c2760, cef72988-acf5-49ad-9ec7-695a80e7a66d:c2758, d677508c-6db9-4741-b51c-49af5e4cf22f:c2758]
2019-09-08 07:07:35,342 [grpc-default-executor-0] INFO  client.GrpcClientProtocolClient (GrpcClientProtocolClient.java:onNext(264)) - client-119D756B1005->4234af2c-5377-4886-a4e8-6fe45d0af45e: receive RaftClientReply:client-119D756B1005->4234af2c-5377-4886-a4e8-6fe45d0af45e@group-A1165329A1F1, cid=1904, SUCCESS, logIndex=2761, commits[4234af2c-5377-4886-a4e8-6fe45d0af45e:c2764, cef72988-acf5-49ad-9ec7-695a80e7a66d:c2760, d677508c-6db9-4741-b51c-49af5e4cf22f:c2760]
2019-09-08 07:07:35,343 [grpc-default-executor-0] INFO  client.GrpcClientProtocolClient (GrpcClientProtocolClient.java:onNext(264)) - client-119D756B1005->4234af2c-5377-4886-a4e8-6fe45d0af45e: receive RaftClientReply:client-119D756B1005->4234af2c-5377-4886-a4e8-6fe45d0af45e@group-A1165329A1F1, cid=1905, SUCCESS, logIndex=2762, commits[4234af2c-5377-4886-a4e8-6fe45d0af45e:c2764, cef72988-acf5-49ad-9ec7-695a80e7a66d:c2760, d677508c-6db9-4741-b51c-49af5e4cf22f:c2760]
2019-09-08 07:07:35,343 [grpc-default-executor-0] INFO  client.GrpcClientProtocolClient (GrpcClientProtocolClient.java:onNext(264)) - client-119D756B1005->4234af2c-5377-4886-a4e8-6fe45d0af45e: receive RaftClientReply:client-119D756B1005->4234af2c-5377-4886-a4e8-6fe45d0af45e@group-A1165329A1F1, cid=1906, SUCCESS, logIndex=2763, commits[4234af2c-5377-4886-a4e8-6fe45d0af45e:c2764, cef72988-acf5-49ad-9ec7-695a80e7a66d:c2760, d677508c-6db9-4741-b51c-49af5e4cf22f:c2760]
2019-09-08 07:07:35,343 [grpc-default-executor-0] INFO  client.GrpcClientProtocolClient (GrpcClientProtocolClient.java:onNext(264)) - client-119D756B1005->4234af2c-5377-4886-a4e8-6fe45d0af45e: receive RaftClientReply:client-119D756B1005->4234af2c-5377-4886-a4e8-6fe45d0af45e@group-A1165329A1F1, cid=1907, SUCCESS, logIndex=2764, commits[4234af2c-5377-4886-a4e8-6fe45d0af45e:c2764, cef72988-acf5-49ad-9ec7-695a80e7a66d:c2760, d677508c-6db9-4741-b51c-49af5e4cf22f:c2760]
2019-09-08 07:07:35,344 [grpc-default-executor-0] INFO  client.GrpcClientProtocolClient (GrpcClientProtocolClient.java:onNext(264)) - client-119D756B1005->4234af2c-5377-4886-a4e8-6fe45d0af45e: receive RaftClientReply:client-119D756B1005->4234af2c-5377-4886-a4e8-6fe45d0af45e@group-A1165329A1F1, cid=1908, SUCCESS, logIndex=0, commits[4234af2c-5377-4886-a4e8-6fe45d0af45e:c2765, cef72988-acf5-49ad-9ec7-695a80e7a66d:c2762, d677508c-6db9-4741-b51c-49af5e4cf22f:c2762]
2019-09-08 07:07:35,363 [grpc-default-executor-3] INFO  client.GrpcClientProtocolClient (GrpcClientProtocolClient.java:onNext(264)) - client-119D756B1005->4234af2c-5377-4886-a4e8-6fe45d0af45e: receive RaftClientReply:client-119D756B1005->4234af2c-5377-4886-a4e8-6fe45d0af45e@group-A1165329A1F1, cid=1909, SUCCESS, logIndex=2769, commits[4234af2c-5377-4886-a4e8-6fe45d0af45e:c2770, cef72988-acf5-49ad-9ec7-695a80e7a66d:c2768, d677508c-6db9-4741-b51c-49af5e4cf22f:c2768]
2019-09-08 07:07:35,364 [grpc-default-executor-3] INFO  client.GrpcClientProtocolClient (GrpcClientProtocolClient.java:onNext(264)) - client-119D756B1005->4234af2c-5377-4886-a4e8-6fe45d0af45e: receive RaftClientReply:client-119D756B1005->4234af2c-5377-4886-a4e8-6fe45d0af45e@group-A1165329A1F1, cid=1910, SUCCESS, logIndex=2770, commits[4234af2c-5377-4886-a4e8-6fe45d0af45e:c2770, cef72988-acf5-49ad-9ec7-695a80e7a66d:c2768, d677508c-6db9-4741-b51c-49af5e4cf22f:c2768]
2019-09-08 07:07:35,379 [grpc-default-executor-0] INFO  client.GrpcClientProtocolClient (GrpcClientProtocolClient.java:onNext(264)) - client-119D756B1005->4234af2c-5377-4886-a4e8-6fe45d0af45e: receive RaftClientReply:client-119D756B1005->4234af2c-5377-4886-a4e8-6fe45d0af45e@group-A1165329A1F1, cid=1911, SUCCESS, logIndex=2773, commits[4234af2c-5377-4886-a4e8-6fe45d0af45e:c2774, cef72988-acf5-49ad-9ec7-695a80e7a66d:c2772, d677508c-6db9-4741-b51c-49af5e4cf22f:c2772]
2019-09-08 07:07:35,380 [grpc-default-executor-0] INFO  client.GrpcClientProtocolClient (GrpcClientProtocolClient.java:onNext(264)) - client-119D756B1005->4234af2c-5377-4886-a4e8-6fe45d0af45e: receive RaftClientReply:client-119D756B1005->4234af2c-5377-4886-a4e8-6fe45d0af45e@group-A1165329A1F1, cid=1912, SUCCESS, logIndex=2774, commits[4234af2c-5377-4886-a4e8-6fe45d0af45e:c2774, cef72988-acf5-49ad-9ec7-695a80e7a66d:c2772, d677508c-6db9-4741-b51c-49af5e4cf22f:c2772]
2019-09-08 07:07:35,381 [grpc-default-executor-0] INFO  client.GrpcClientProtocolClient (GrpcClientProtocolClient.java:onNext(264)) - client-119D756B1005->4234af2c-5377-4886-a4e8-6fe45d0af45e: receive RaftClientReply:client-119D756B1005->4234af2c-5377-4886-a4e8-6fe45d0af45e@group-A1165329A1F1, cid=1913, SUCCESS, logIndex=0, commits[4234af2c-5377-4886-a4e8-6fe45d0af45e:c2775, cef72988-acf5-49ad-9ec7-695a80e7a66d:c2774, d677508c-6db9-4741-b51c-49af5e4cf22f:c2774]
2019-09-08 07:07:35,407 [grpc-default-executor-4] INFO  client.GrpcClientProtocolClient (GrpcClientProtocolClient.java:onNext(264)) - client-119D756B1005->4234af2c-5377-4886-a4e8-6fe45d0af45e: receive RaftClientReply:client-119D756B1005->4234af2c-5377-4886-a4e8-6fe45d0af45e@group-A1165329A1F1, cid=1914, SUCCESS, logIndex=2777, commits[4234af2c-5377-4886-a4e8-6fe45d0af45e:c2778, cef72988-acf5-49ad-9ec7-695a80e7a66d:c2776, d677508c-6db9-4741-b51c-49af5e4cf22f:c2776]
2019-09-08 07:07:35,408 [grpc-default-executor-4] INFO  client.GrpcClientProtocolClient (GrpcClientProtocolClient.java:onNext(264)) - client-119D756B1005->4234af2c-5377-4886-a4e8-6fe45d0af45e: receive RaftClientReply:client-119D756B1005->4234af2c-5377-4886-a4e8-6fe45d0af45e@group-A1165329A1F1, cid=1915, SUCCESS, logIndex=2778, commits[4234af2c-5377-4886-a4e8-6fe45d0af45e:c2780, cef72988-acf5-49ad-9ec7-695a80e7a66d:c2776, d677508c-6db9-4741-b51c-49af5e4cf22f:c2776]
2019-09-08 07:07:35,408 [grpc-default-executor-4] INFO  client.GrpcClientProtocolClient (GrpcClientProtocolClient.java:onNext(264)) - client-119D756B1005->4234af2c-5377-4886-a4e8-6fe45d0af45e: receive RaftClientReply:client-119D756B1005->4234af2c-5377-4886-a4e8-6fe45d0af45e@group-A1165329A1F1, cid=1916, SUCCESS, logIndex=2779, commits[4234af2c-5377-4886-a4e8-6fe45d0af45e:c2780, cef72988-acf5-49ad-9ec7-695a80e7a66d:c2776, d677508c-6db9-4741-b51c-49af5e4cf22f:c2776]
2019-09-08 07:07:35,408 [grpc-default-executor-4] INFO  client.GrpcClientProtocolClient (GrpcClientProtocolClient.java:onNext(264)) - client-119D756B1005->4234af2c-5377-4886-a4e8-6fe45d0af45e: receive RaftClientReply:client-119D756B1005->4234af2c-5377-4886-a4e8-6fe45d0af45e@group-A1165329A1F1, cid=1917, SUCCESS, logIndex=2780, commits[4234af2c-5377-4886-a4e8-6fe45d0af45e:c2780, cef72988-acf5-49ad-9ec7-695a80e7a66d:c2776, d677508c-6db9-4741-b51c-49af5e4cf22f:c2776]
2019-09-08 07:07:35,409 [grpc-default-executor-3] INFO  client.GrpcClientProtocolClient (GrpcClientProtocolClient.java:onNext(264)) - client-119D756B1005->4234af2c-5377-4886-a4e8-6fe45d0af45e: receive RaftClientReply:client-119D756B1005->4234af2c-5377-4886-a4e8-6fe45d0af45e@group-A1165329A1F1, cid=1918, SUCCESS, logIndex=0, commits[4234af2c-5377-4886-a4e8-6fe45d0af45e:c2781, cef72988-acf5-49ad-9ec7-695a80e7a66d:c2778, d677508c-6db9-4741-b51c-49af5e4cf22f:c2778]
2019-09-08 07:07:35,425 [grpc-default-executor-6] INFO  client.GrpcClientProtocolClient (GrpcClientProtocolClient.java:onNext(264)) - client-119D756B1005->4234af2c-5377-4886-a4e8-6fe45d0af45e: receive RaftClientReply:client-119D756B1005->4234af2c-5377-4886-a4e8-6fe45d0af45e@group-A1165329A1F1, cid=1919, SUCCESS, logIndex=2784, commits[4234af2c-5377-4886-a4e8-6fe45d0af45e:c2785, cef72988-acf5-49ad-9ec7-695a80e7a66d:c2783, d677508c-6db9-4741-b51c-49af5e4cf22f:c2783]
2019-09-08 07:07:35,425 [grpc-default-executor-6] INFO  client.GrpcClientProtocolClient (GrpcClientProtocolClient.java:onNext(264)) - client-119D756B1005->4234af2c-5377-4886-a4e8-6fe45d0af45e: receive RaftClientReply:client-119D756B1005->4234af2c-5377-4886-a4e8-6fe45d0af45e@group-A1165329A1F1, cid=1920, SUCCESS, logIndex=2785, commits[4234af2c-5377-4886-a4e8-6fe45d0af45e:c2785, cef72988-acf5-49ad-9ec7-695a80e7a66d:c2783, d677508c-6db9-4741-b51c-49af5e4cf22f:c2783]
2019-09-08 07:07:35,441 [grpc-default-executor-6] INFO  client.GrpcClientProtocolClient (GrpcClientProtocolClient.java:onNext(264)) - client-119D756B1005->4234af2c-5377-4886-a4e8-6fe45d0af45e: receive RaftClientReply:client-119D756B1005->4234af2c-5377-4886-a4e8-6fe45d0af45e@group-A1165329A1F1, cid=1921, SUCCESS, logIndex=2788, commits[4234af2c-5377-4886-a4e8-6fe45d0af45e:c2789, cef72988-acf5-49ad-9ec7-695a80e7a66d:c2787, d677508c-6db9-4741-b51c-49af5e4cf22f:c2787]
2019-09-08 07:07:35,442 [grpc-default-executor-6] INFO  client.GrpcClientProtocolClient (GrpcClientProtocolClient.java:onNext(264)) - client-119D756B1005->4234af2c-5377-4886-a4e8-6fe45d0af45e: receive RaftClientReply:client-119D756B1005->4234af2c-5377-4886-a4e8-6fe45d0af45e@group-A1165329A1F1, cid=1922, SUCCESS, logIndex=2789, commits[4234af2c-5377-4886-a4e8-6fe45d0af45e:c2789, cef72988-acf5-49ad-9ec7-695a80e7a66d:c2787, d677508c-6db9-4741-b51c-49af5e4cf22f:c2787]
2019-09-08 07:07:35,442 [grpc-default-executor-6] INFO  client.GrpcClientProtocolClient (GrpcClientProtocolClient.java:onNext(264)) - client-119D756B1005->4234af2c-5377-4886-a4e8-6fe45d0af45e: receive RaftClientReply:client-119D756B1005->4234af2c-5377-4886-a4e8-6fe45d0af45e@group-A1165329A1F1, cid=1923, SUCCESS, logIndex=0, commits[4234af2c-5377-4886-a4e8-6fe45d0af45e:c2790, cef72988-acf5-49ad-9ec7-695a80e7a66d:c2789, d677508c-6db9-4741-b51c-49af5e4cf22f:c2789]
2019-09-08 07:07:35,495 [grpc-default-executor-3] INFO  client.GrpcClientProtocolClient (GrpcClientProtocolClient.java:onNext(264)) - client-119D756B1005->4234af2c-5377-4886-a4e8-6fe45d0af45e: receive RaftClientReply:client-119D756B1005->4234af2c-5377-4886-a4e8-6fe45d0af45e@group-A1165329A1F1, cid=1924, SUCCESS, logIndex=2792, commits[4234af2c-5377-4886-a4e8-6fe45d0af45e:c2793, cef72988-acf5-49ad-9ec7-695a80e7a66d:c2791, d677508c-6db9-4741-b51c-49af5e4cf22f:c2791]
2019-09-08 07:07:35,496 [grpc-default-executor-3] INFO  client.GrpcClientProtocolClient (GrpcClientProtocolClient.java:onNext(264)) - client-119D756B1005->4234af2c-5377-4886-a4e8-6fe45d0af45e: receive RaftClientReply:client-119D756B1005->4234af2c-5377-4886-a4e8-6fe45d0af45e@group-A1165329A1F1, cid=1925, SUCCESS, logIndex=2793, commits[4234af2c-5377-4886-a4e8-6fe45d0af45e:c2795, cef72988-acf5-49ad-9ec7-695a80e7a66d:c2791, d677508c-6db9-4741-b51c-49af5e4cf22f:c2791]
2019-09-08 07:07:35,496 [grpc-default-executor-3] INFO  client.GrpcClientProtocolClient (GrpcClientProtocolClient.java:onNext(264)) - client-119D756B1005->4234af2c-5377-4886-a4e8-6fe45d0af45e: receive RaftClientReply:client-119D756B1005->4234af2c-5377-4886-a4e8-6fe45d0af45e@group-A1165329A1F1, cid=1926, SUCCESS, logIndex=2794, commits[4234af2c-5377-4886-a4e8-6fe45d0af45e:c2795, cef72988-acf5-49ad-9ec7-695a80e7a66d:c2791, d677508c-6db9-4741-b51c-49af5e4cf22f:c2791]
2019-09-08 07:07:35,497 [grpc-default-executor-3] INFO  client.GrpcClientProtocolClient (GrpcClientProtocolClient.java:onNext(264)) - client-119D756B1005->4234af2c-5377-4886-a4e8-6fe45d0af45e: receive RaftClientReply:client-119D756B1005->4234af2c-5377-4886-a4e8-6fe45d0af45e@group-A1165329A1F1, cid=1927, SUCCESS, logIndex=2795, commits[4234af2c-5377-4886-a4e8-6fe45d0af45e:c2795, cef72988-acf5-49ad-9ec7-695a80e7a66d:c2791, d677508c-6db9-4741-b51c-49af5e4cf22f:c2791]
2019-09-08 07:07:35,506 [grpc-default-executor-6] INFO  client.GrpcClientProtocolClient (GrpcClientProtocolClient.java:onNext(264)) - client-119D756B1005->4234af2c-5377-4886-a4e8-6fe45d0af45e: receive RaftClientReply:client-119D756B1005->4234af2c-5377-4886-a4e8-6fe45d0af45e@group-A1165329A1F1, cid=1928, SUCCESS, logIndex=0, commits[4234af2c-5377-4886-a4e8-6fe45d0af45e:c2797, cef72988-acf5-49ad-9ec7-695a80e7a66d:c2793, d677508c-6db9-4741-b51c-49af5e4cf22f:c2793]
2019-09-08 07:07:35,530 [grpc-default-executor-4] INFO  client.GrpcClientProtocolClient (GrpcClientProtocolClient.java:onNext(264)) - client-119D756B1005->4234af2c-5377-4886-a4e8-6fe45d0af45e: receive RaftClientReply:client-119D756B1005->4234af2c-5377-4886-a4e8-6fe45d0af45e@group-A1165329A1F1, cid=1929, SUCCESS, logIndex=2800, commits[4234af2c-5377-4886-a4e8-6fe45d0af45e:c2801, cef72988-acf5-49ad-9ec7-695a80e7a66d:c2799, d677508c-6db9-4741-b51c-49af5e4cf22f:c2799]
2019-09-08 07:07:35,530 [grpc-default-executor-4] INFO  client.GrpcClientProtocolClient (GrpcClientProtocolClient.java:onNext(264)) - client-119D756B1005->4234af2c-5377-4886-a4e8-6fe45d0af45e: receive RaftClientReply:client-119D756B1005->4234af2c-5377-4886-a4e8-6fe45d0af45e@group-A1165329A1F1, cid=1930, SUCCESS, logIndex=2801, commits[4234af2c-5377-4886-a4e8-6fe45d0af45e:c2801, cef72988-acf5-49ad-9ec7-695a80e7a66d:c2799, d677508c-6db9-4741-b51c-49af5e4cf22f:c2799]
2019-09-08 07:07:35,543 [grpc-default-executor-6] INFO  client.GrpcClientProtocolClient (GrpcClientProtocolClient.java:onNext(264)) - client-119D756B1005->4234af2c-5377-4886-a4e8-6fe45d0af45e: receive RaftClientReply:client-119D756B1005->4234af2c-5377-4886-a4e8-6fe45d0af45e@group-A1165329A1F1, cid=1931, SUCCESS, logIndex=2804, commits[4234af2c-5377-4886-a4e8-6fe45d0af45e:c2805, cef72988-acf5-49ad-9ec7-695a80e7a66d:c2803, d677508c-6db9-4741-b51c-49af5e4cf22f:c2803]
2019-09-08 07:07:35,543 [grpc-default-executor-6] INFO  client.GrpcClientProtocolClient (GrpcClientProtocolClient.java:onNext(264)) - client-119D756B1005->4234af2c-5377-4886-a4e8-6fe45d0af45e: receive RaftClientReply:client-119D756B1005->4234af2c-5377-4886-a4e8-6fe45d0af45e@group-A1165329A1F1, cid=1932, SUCCESS, logIndex=2805, commits[4234af2c-5377-4886-a4e8-6fe45d0af45e:c2805, cef72988-acf5-49ad-9ec7-695a80e7a66d:c2803, d677508c-6db9-4741-b51c-49af5e4cf22f:c2803]
2019-09-08 07:07:35,546 [grpc-default-executor-4] INFO  client.GrpcClientProtocolClient (GrpcClientProtocolClient.java:onNext(264)) - client-119D756B1005->4234af2c-5377-4886-a4e8-6fe45d0af45e: receive RaftClientReply:client-119D756B1005->4234af2c-5377-4886-a4e8-6fe45d0af45e@group-A1165329A1F1, cid=1933, SUCCESS, logIndex=0, commits[4234af2c-5377-4886-a4e8-6fe45d0af45e:c2807, cef72988-acf5-49ad-9ec7-695a80e7a66d:c2805, d677508c-6db9-4741-b51c-49af5e4cf22f:c2805]
2019-09-08 07:07:35,573 [grpc-default-executor-4] INFO  client.GrpcClientProtocolClient (GrpcClientProtocolClient.java:onNext(264)) - client-119D756B1005->4234af2c-5377-4886-a4e8-6fe45d0af45e: receive RaftClientReply:client-119D756B1005->4234af2c-5377-4886-a4e8-6fe45d0af45e@group-A1165329A1F1, cid=1934, SUCCESS, logIndex=2808, commits[4234af2c-5377-4886-a4e8-6fe45d0af45e:c2809, cef72988-acf5-49ad-9ec7-695a80e7a66d:c2807, d677508c-6db9-4741-b51c-49af5e4cf22f:c2807]
2019-09-08 07:07:35,573 [grpc-default-executor-4] INFO  client.GrpcClientProtocolClient (GrpcClientProtocolClient.java:onNext(264)) - client-119D756B1005->4234af2c-5377-4886-a4e8-6fe45d0af45e: receive RaftClientReply:client-119D756B1005->4234af2c-5377-4886-a4e8-6fe45d0af45e@group-A1165329A1F1, cid=1935, SUCCESS, logIndex=2809, commits[4234af2c-5377-4886-a4e8-6fe45d0af45e:c2809, cef72988-acf5-49ad-9ec7-695a80e7a66d:c2807, d677508c-6db9-4741-b51c-49af5e4cf22f:c2807]
2019-09-08 07:07:35,574 [grpc-default-executor-4] INFO  client.GrpcClientProtocolClient (GrpcClientProtocolClient.java:onNext(264)) - client-119D756B1005->4234af2c-5377-4886-a4e8-6fe45d0af45e: receive RaftClientReply:client-119D756B1005->4234af2c-5377-4886-a4e8-6fe45d0af45e@group-A1165329A1F1, cid=1936, SUCCESS, logIndex=2810, commits[4234af2c-5377-4886-a4e8-6fe45d0af45e:c2811, cef72988-acf5-49ad-9ec7-695a80e7a66d:c2807, d677508c-6db9-4741-b51c-49af5e4cf22f:c2807]
2019-09-08 07:07:35,574 [grpc-default-executor-4] INFO  client.GrpcClientProtocolClient (GrpcClientProtocolClient.java:onNext(264)) - client-119D756B1005->4234af2c-5377-4886-a4e8-6fe45d0af45e: receive RaftClientReply:client-119D756B1005->4234af2c-5377-4886-a4e8-6fe45d0af45e@group-A1165329A1F1, cid=1937, SUCCESS, logIndex=2811, commits[4234af2c-5377-4886-a4e8-6fe45d0af45e:c2811, cef72988-acf5-49ad-9ec7-695a80e7a66d:c2807, d677508c-6db9-4741-b51c-49af5e4cf22f:c2807]
2019-09-08 07:07:35,576 [grpc-default-executor-4] INFO  client.GrpcClientProtocolClient (GrpcClientProtocolClient.java:onNext(264)) - client-119D756B1005->4234af2c-5377-4886-a4e8-6fe45d0af45e: receive RaftClientReply:client-119D756B1005->4234af2c-5377-4886-a4e8-6fe45d0af45e@group-A1165329A1F1, cid=1938, SUCCESS, logIndex=0, commits[4234af2c-5377-4886-a4e8-6fe45d0af45e:c2815, cef72988-acf5-49ad-9ec7-695a80e7a66d:c2811, d677508c-6db9-4741-b51c-49af5e4cf22f:c2809]
2019-09-08 07:07:35,595 [grpc-default-executor-6] INFO  client.GrpcClientProtocolClient (GrpcClientProtocolClient.java:onNext(264)) - client-119D756B1005->4234af2c-5377-4886-a4e8-6fe45d0af45e: receive RaftClientReply:client-119D756B1005->4234af2c-5377-4886-a4e8-6fe45d0af45e@group-A1165329A1F1, cid=1939, SUCCESS, logIndex=2816, commits[4234af2c-5377-4886-a4e8-6fe45d0af45e:c2817, cef72988-acf5-49ad-9ec7-695a80e7a66d:c2815, d677508c-6db9-4741-b51c-49af5e4cf22f:c2815]
2019-09-08 07:07:35,596 [grpc-default-executor-6] INFO  client.GrpcClientProtocolClient (GrpcClientProtocolClient.java:onNext(264)) - client-119D756B1005->4234af2c-5377-4886-a4e8-6fe45d0af45e: receive RaftClientReply:client-119D756B1005->4234af2c-5377-4886-a4e8-6fe45d0af45e@group-A1165329A1F1, cid=1940, SUCCESS, logIndex=2817, commits[4234af2c-5377-4886-a4e8-6fe45d0af45e:c2817, cef72988-acf5-49ad-9ec7-695a80e7a66d:c2815, d677508c-6db9-4741-b51c-49af5e4cf22f:c2815]
2019-09-08 07:07:35,609 [grpc-default-executor-6] INFO  client.GrpcClientProtocolClient (GrpcClientProtocolClient.java:onNext(264)) - client-119D756B1005->4234af2c-5377-4886-a4e8-6fe45d0af45e: receive RaftClientReply:client-119D756B1005->4234af2c-5377-4886-a4e8-6fe45d0af45e@group-A1165329A1F1, cid=1941, SUCCESS, logIndex=2820, commits[4234af2c-5377-4886-a4e8-6fe45d0af45e:c2821, cef72988-acf5-49ad-9ec7-695a80e7a66d:c2817, d677508c-6db9-4741-b51c-49af5e4cf22f:c2817]
2019-09-08 07:07:35,609 [grpc-default-executor-6] INFO  client.GrpcClientProtocolClient (GrpcClientProtocolClient.java:onNext(264)) - client-119D756B1005->4234af2c-5377-4886-a4e8-6fe45d0af45e: receive RaftClientReply:client-119D756B1005->4234af2c-5377-4886-a4e8-6fe45d0af45e@group-A1165329A1F1, cid=1942, SUCCESS, logIndex=2821, commits[4234af2c-5377-4886-a4e8-6fe45d0af45e:c2821, cef72988-acf5-49ad-9ec7-695a80e7a66d:c2817, d677508c-6db9-4741-b51c-49af5e4cf22f:c2817]
2019-09-08 07:07:35,621 [grpc-default-executor-6] INFO  client.GrpcClientProtocolClient (GrpcClientProtocolClient.java:onNext(264)) - client-119D756B1005->4234af2c-5377-4886-a4e8-6fe45d0af45e: receive RaftClientReply:client-119D756B1005->4234af2c-5377-4886-a4e8-6fe45d0af45e@group-A1165329A1F1, cid=1943, SUCCESS, logIndex=0, commits[4234af2c-5377-4886-a4e8-6fe45d0af45e:c2823, cef72988-acf5-49ad-9ec7-695a80e7a66d:c2821, d677508c-6db9-4741-b51c-49af5e4cf22f:c2821]
2019-09-08 07:07:35,648 [grpc-default-executor-6] INFO  client.GrpcClientProtocolClient (GrpcClientProtocolClient.java:onNext(264)) - client-119D756B1005->4234af2c-5377-4886-a4e8-6fe45d0af45e: receive RaftClientReply:client-119D756B1005->4234af2c-5377-4886-a4e8-6fe45d0af45e@group-A1165329A1F1, cid=1944, SUCCESS, logIndex=2824, commits[4234af2c-5377-4886-a4e8-6fe45d0af45e:c2825, cef72988-acf5-49ad-9ec7-695a80e7a66d:c2823, d677508c-6db9-4741-b51c-49af5e4cf22f:c2823]
2019-09-08 07:07:35,648 [grpc-default-executor-6] INFO  client.GrpcClientProtocolClient (GrpcClientProtocolClient.java:onNext(264)) - client-119D756B1005->4234af2c-5377-4886-a4e8-6fe45d0af45e: receive RaftClientReply:client-119D756B1005->4234af2c-5377-4886-a4e8-6fe45d0af45e@group-A1165329A1F1, cid=1945, SUCCESS, logIndex=2825, commits[4234af2c-5377-4886-a4e8-6fe45d0af45e:c2825, cef72988-acf5-49ad-9ec7-695a80e7a66d:c2823, d677508c-6db9-4741-b51c-49af5e4cf22f:c2823]
2019-09-08 07:07:35,648 [grpc-default-executor-6] INFO  client.GrpcClientProtocolClient (GrpcClientProtocolClient.java:onNext(264)) - client-119D756B1005->4234af2c-5377-4886-a4e8-6fe45d0af45e: receive RaftClientReply:client-119D756B1005->4234af2c-5377-4886-a4e8-6fe45d0af45e@group-A1165329A1F1, cid=1946, SUCCESS, logIndex=2826, commits[4234af2c-5377-4886-a4e8-6fe45d0af45e:c2827, cef72988-acf5-49ad-9ec7-695a80e7a66d:c2823, d677508c-6db9-4741-b51c-49af5e4cf22f:c2823]
2019-09-08 07:07:35,649 [grpc-default-executor-6] INFO  client.GrpcClientProtocolClient (GrpcClientProtocolClient.java:onNext(264)) - client-119D756B1005->4234af2c-5377-4886-a4e8-6fe45d0af45e: receive RaftClientReply:client-119D756B1005->4234af2c-5377-4886-a4e8-6fe45d0af45e@group-A1165329A1F1, cid=1947, SUCCESS, logIndex=2827, commits[4234af2c-5377-4886-a4e8-6fe45d0af45e:c2827, cef72988-acf5-49ad-9ec7-695a80e7a66d:c2823, d677508c-6db9-4741-b51c-49af5e4cf22f:c2823]
2019-09-08 07:07:35,650 [grpc-default-executor-6] INFO  client.GrpcClientProtocolClient (GrpcClientProtocolClient.java:onNext(264)) - client-119D756B1005->4234af2c-5377-4886-a4e8-6fe45d0af45e: receive RaftClientReply:client-119D756B1005->4234af2c-5377-4886-a4e8-6fe45d0af45e@group-A1165329A1F1, cid=1948, SUCCESS, logIndex=0, commits[4234af2c-5377-4886-a4e8-6fe45d0af45e:c2829, cef72988-acf5-49ad-9ec7-695a80e7a66d:c2825, d677508c-6db9-4741-b51c-49af5e4cf22f:c2825]
2019-09-08 07:07:35,668 [grpc-default-executor-4] INFO  client.GrpcClientProtocolClient (GrpcClientProtocolClient.java:onNext(264)) - client-119D756B1005->4234af2c-5377-4886-a4e8-6fe45d0af45e: receive RaftClientReply:client-119D756B1005->4234af2c-5377-4886-a4e8-6fe45d0af45e@group-A1165329A1F1, cid=1949, SUCCESS, logIndex=2832, commits[4234af2c-5377-4886-a4e8-6fe45d0af45e:c2833, cef72988-acf5-49ad-9ec7-695a80e7a66d:c2831, d677508c-6db9-4741-b51c-49af5e4cf22f:c2831]
2019-09-08 07:07:35,669 [grpc-default-executor-4] INFO  client.GrpcClientProtocolClient (GrpcClientProtocolClient.java:onNext(264)) - client-119D756B1005->4234af2c-5377-4886-a4e8-6fe45d0af45e: receive RaftClientReply:client-119D756B1005->4234af2c-5377-4886-a4e8-6fe45d0af45e@group-A1165329A1F1, cid=1950, SUCCESS, logIndex=2833, commits[4234af2c-5377-4886-a4e8-6fe45d0af45e:c2833, cef72988-acf5-49ad-9ec7-695a80e7a66d:c2831, d677508c-6db9-4741-b51c-49af5e4cf22f:c2831]
2019-09-08 07:07:35,681 [grpc-default-executor-0] INFO  client.GrpcClientProtocolClient (GrpcClientProtocolClient.java:onNext(264)) - client-119D756B1005->4234af2c-5377-4886-a4e8-6fe45d0af45e: receive RaftClientReply:client-119D756B1005->4234af2c-5377-4886-a4e8-6fe45d0af45e@group-A1165329A1F1, cid=1951, SUCCESS, logIndex=2836, commits[4234af2c-5377-4886-a4e8-6fe45d0af45e:c2837, cef72988-acf5-49ad-9ec7-695a80e7a66d:c2833, d677508c-6db9-4741-b51c-49af5e4cf22f:c2833]
2019-09-08 07:07:35,681 [grpc-default-executor-0] INFO  client.GrpcClientProtocolClient (GrpcClientProtocolClient.java:onNext(264)) - client-119D756B1005->4234af2c-5377-4886-a4e8-6fe45d0af45e: receive RaftClientReply:client-119D756B1005->4234af2c-5377-4886-a4e8-6fe45d0af45e@group-A1165329A1F1, cid=1952, SUCCESS, logIndex=2837, commits[4234af2c-5377-4886-a4e8-6fe45d0af45e:c2837, cef72988-acf5-49ad-9ec7-695a80e7a66d:c2833, d677508c-6db9-4741-b51c-49af5e4cf22f:c2833]
2019-09-08 07:07:35,694 [grpc-default-executor-0] INFO  client.GrpcClientProtocolClient (GrpcClientProtocolClient.java:onNext(264)) - client-119D756B1005->4234af2c-5377-4886-a4e8-6fe45d0af45e: receive RaftClientReply:client-119D756B1005->4234af2c-5377-4886-a4e8-6fe45d0af45e@group-A1165329A1F1, cid=1953, SUCCESS, logIndex=0, commits[4234af2c-5377-4886-a4e8-6fe45d0af45e:c2839, cef72988-acf5-49ad-9ec7-695a80e7a66d:c2837, d677508c-6db9-4741-b51c-49af5e4cf22f:c2837]
2019-09-08 07:07:35,719 [grpc-default-executor-4] INFO  client.GrpcClientProtocolClient (GrpcClientProtocolClient.java:onNext(264)) - client-119D756B1005->4234af2c-5377-4886-a4e8-6fe45d0af45e: receive RaftClientReply:client-119D756B1005->4234af2c-5377-4886-a4e8-6fe45d0af45e@group-A1165329A1F1, cid=1954, SUCCESS, logIndex=2840, commits[4234af2c-5377-4886-a4e8-6fe45d0af45e:c2843, cef72988-acf5-49ad-9ec7-695a80e7a66d:c2839, d677508c-6db9-4741-b51c-49af5e4cf22f:c2839]
2019-09-08 07:07:35,720 [grpc-default-executor-4] INFO  client.GrpcClientProtocolClient (GrpcClientProtocolClient.java:onNext(264)) - client-119D756B1005->4234af2c-5377-4886-a4e8-6fe45d0af45e: receive RaftClientReply:client-119D756B1005->4234af2c-5377-4886-a4e8-6fe45d0af45e@group-A1165329A1F1, cid=1955, SUCCESS, logIndex=2841, commits[4234af2c-5377-4886-a4e8-6fe45d0af45e:c2843, cef72988-acf5-49ad-9ec7-695a80e7a66d:c2839, d677508c-6db9-4741-b51c-49af5e4cf22f:c2839]
2019-09-08 07:07:35,720 [grpc-default-executor-4] INFO  client.GrpcClientProtocolClient (GrpcClientProtocolClient.java:onNext(264)) - client-119D756B1005->4234af2c-5377-4886-a4e8-6fe45d0af45e: receive RaftClientReply:client-119D756B1005->4234af2c-5377-4886-a4e8-6fe45d0af45e@group-A1165329A1F1, cid=1956, SUCCESS, logIndex=2842, commits[4234af2c-5377-4886-a4e8-6fe45d0af45e:c2843, cef72988-acf5-49ad-9ec7-695a80e7a66d:c2839, d677508c-6db9-4741-b51c-49af5e4cf22f:c2839]
2019-09-08 07:07:35,721 [grpc-default-executor-4] INFO  client.GrpcClientProtocolClient (GrpcClientProtocolClient.java:onNext(264)) - client-119D756B1005->4234af2c-5377-4886-a4e8-6fe45d0af45e: receive RaftClientReply:client-119D756B1005->4234af2c-5377-4886-a4e8-6fe45d0af45e@group-A1165329A1F1, cid=1957, SUCCESS, logIndex=2843, commits[4234af2c-5377-4886-a4e8-6fe45d0af45e:c2844, cef72988-acf5-49ad-9ec7-695a80e7a66d:c2839, d677508c-6db9-4741-b51c-49af5e4cf22f:c2840]
2019-09-08 07:07:35,722 [grpc-default-executor-4] INFO  client.GrpcClientProtocolClient (GrpcClientProtocolClient.java:onNext(264)) - client-119D756B1005->4234af2c-5377-4886-a4e8-6fe45d0af45e: receive RaftClientReply:client-119D756B1005->4234af2c-5377-4886-a4e8-6fe45d0af45e@group-A1165329A1F1, cid=1958, SUCCESS, logIndex=0, commits[4234af2c-5377-4886-a4e8-6fe45d0af45e:c2847, cef72988-acf5-49ad-9ec7-695a80e7a66d:c2843, d677508c-6db9-4741-b51c-49af5e4cf22f:c2841]
2019-09-08 07:07:35,740 [grpc-default-executor-3] INFO  client.GrpcClientProtocolClient (GrpcClientProtocolClient.java:onNext(264)) - client-119D756B1005->4234af2c-5377-4886-a4e8-6fe45d0af45e: receive RaftClientReply:client-119D756B1005->4234af2c-5377-4886-a4e8-6fe45d0af45e@group-A1165329A1F1, cid=1959, SUCCESS, logIndex=2848, commits[4234af2c-5377-4886-a4e8-6fe45d0af45e:c2849, cef72988-acf5-49ad-9ec7-695a80e7a66d:c2847, d677508c-6db9-4741-b51c-49af5e4cf22f:c2847]
2019-09-08 07:07:35,741 [grpc-default-executor-3] INFO  client.GrpcClientProtocolClient (GrpcClientProtocolClient.java:onNext(264)) - client-119D756B1005->4234af2c-5377-4886-a4e8-6fe45d0af45e: receive RaftClientReply:client-119D756B1005->4234af2c-5377-4886-a4e8-6fe45d0af45e@group-A1165329A1F1, cid=1960, SUCCESS, logIndex=2849, commits[4234af2c-5377-4886-a4e8-6fe45d0af45e:c2849, cef72988-acf5-49ad-9ec7-695a80e7a66d:c2847, d677508c-6db9-4741-b51c-49af5e4cf22f:c2847]
2019-09-08 07:07:35,761 [grpc-default-executor-4] INFO  client.GrpcClientProtocolClient (GrpcClientProtocolClient.java:onNext(264)) - client-119D756B1005->4234af2c-5377-4886-a4e8-6fe45d0af45e: receive RaftClientReply:client-119D756B1005->4234af2c-5377-4886-a4e8-6fe45d0af45e@group-A1165329A1F1, cid=1961, SUCCESS, logIndex=2852, commits[4234af2c-5377-4886-a4e8-6fe45d0af45e:c2853, cef72988-acf5-49ad-9ec7-695a80e7a66d:c2851, d677508c-6db9-4741-b51c-49af5e4cf22f:c2851]
2019-09-08 07:07:35,762 [grpc-default-executor-4] INFO  client.GrpcClientProtocolClient (GrpcClientProtocolClient.java:onNext(264)) - client-119D756B1005->4234af2c-5377-4886-a4e8-6fe45d0af45e: receive RaftClientReply:client-119D756B1005->4234af2c-5377-4886-a4e8-6fe45d0af45e@group-A1165329A1F1, cid=1962, SUCCESS, logIndex=2853, commits[4234af2c-5377-4886-a4e8-6fe45d0af45e:c2853, cef72988-acf5-49ad-9ec7-695a80e7a66d:c2851, d677508c-6db9-4741-b51c-49af5e4cf22f:c2851]
2019-09-08 07:07:35,774 [grpc-default-executor-0] INFO  client.GrpcClientProtocolClient (GrpcClientProtocolClient.java:onNext(264)) - client-119D756B1005->4234af2c-5377-4886-a4e8-6fe45d0af45e: receive RaftClientReply:client-119D756B1005->4234af2c-5377-4886-a4e8-6fe45d0af45e@group-A1165329A1F1, cid=1963, SUCCESS, logIndex=0, commits[4234af2c-5377-4886-a4e8-6fe45d0af45e:c2855, cef72988-acf5-49ad-9ec7-695a80e7a66d:c2853, d677508c-6db9-4741-b51c-49af5e4cf22f:c2853]
2019-09-08 07:07:35,911 [grpc-default-executor-4] INFO  client.GrpcClientProtocolClient (GrpcClientProtocolClient.java:onNext(264)) - client-119D756B1005->4234af2c-5377-4886-a4e8-6fe45d0af45e: receive RaftClientReply:client-119D756B1005->4234af2c-5377-4886-a4e8-6fe45d0af45e@group-A1165329A1F1, cid=1964, SUCCESS, logIndex=2856, commits[4234af2c-5377-4886-a4e8-6fe45d0af45e:c2859, cef72988-acf5-49ad-9ec7-695a80e7a66d:c2855, d677508c-6db9-4741-b51c-49af5e4cf22f:c2855]
2019-09-08 07:07:35,913 [grpc-default-executor-4] INFO  client.GrpcClientProtocolClient (GrpcClientProtocolClient.java:onNext(264)) - client-119D756B1005->4234af2c-5377-4886-a4e8-6fe45d0af45e: receive RaftClientReply:client-119D756B1005->4234af2c-5377-4886-a4e8-6fe45d0af45e@group-A1165329A1F1, cid=1965, SUCCESS, logIndex=2857, commits[4234af2c-5377-4886-a4e8-6fe45d0af45e:c2859, cef72988-acf5-49ad-9ec7-695a80e7a66d:c2855, d677508c-6db9-4741-b51c-49af5e4cf22f:c2855]
2019-09-08 07:07:35,913 [grpc-default-executor-4] INFO  client.GrpcClientProtocolClient (GrpcClientProtocolClient.java:onNext(264)) - client-119D756B1005->4234af2c-5377-4886-a4e8-6fe45d0af45e: receive RaftClientReply:client-119D756B1005->4234af2c-5377-4886-a4e8-6fe45d0af45e@group-A1165329A1F1, cid=1966, SUCCESS, logIndex=2858, commits[4234af2c-5377-4886-a4e8-6fe45d0af45e:c2859, cef72988-acf5-49ad-9ec7-695a80e7a66d:c2855, d677508c-6db9-4741-b51c-49af5e4cf22f:c2855]
2019-09-08 07:07:35,913 [grpc-default-executor-4] INFO  client.GrpcClientProtocolClient (GrpcClientProtocolClient.java:onNext(264)) - client-119D756B1005->4234af2c-5377-4886-a4e8-6fe45d0af45e: receive RaftClientReply:client-119D756B1005->4234af2c-5377-4886-a4e8-6fe45d0af45e@group-A1165329A1F1, cid=1967, SUCCESS, logIndex=2859, commits[4234af2c-5377-4886-a4e8-6fe45d0af45e:c2859, cef72988-acf5-49ad-9ec7-695a80e7a66d:c2855, d677508c-6db9-4741-b51c-49af5e4cf22f:c2855]
2019-09-08 07:07:35,915 [grpc-default-executor-4] INFO  client.GrpcClientProtocolClient (GrpcClientProtocolClient.java:onNext(264)) - client-119D756B1005->4234af2c-5377-4886-a4e8-6fe45d0af45e: receive RaftClientReply:client-119D756B1005->4234af2c-5377-4886-a4e8-6fe45d0af45e@group-A1165329A1F1, cid=1968, SUCCESS, logIndex=0, commits[4234af2c-5377-4886-a4e8-6fe45d0af45e:c2862, cef72988-acf5-49ad-9ec7-695a80e7a66d:c2859, d677508c-6db9-4741-b51c-49af5e4cf22f:c2858]
2019-09-08 07:07:35,927 [grpc-default-executor-6] INFO  client.GrpcClientProtocolClient (GrpcClientProtocolClient.java:onNext(264)) - client-119D756B1005->4234af2c-5377-4886-a4e8-6fe45d0af45e: receive RaftClientReply:client-119D756B1005->4234af2c-5377-4886-a4e8-6fe45d0af45e@group-A1165329A1F1, cid=1969, SUCCESS, logIndex=2864, commits[4234af2c-5377-4886-a4e8-6fe45d0af45e:c2865, cef72988-acf5-49ad-9ec7-695a80e7a66d:c2863, d677508c-6db9-4741-b51c-49af5e4cf22f:c2863]
2019-09-08 07:07:35,928 [grpc-default-executor-6] INFO  client.GrpcClientProtocolClient (GrpcClientProtocolClient.java:onNext(264)) - client-119D756B1005->4234af2c-5377-4886-a4e8-6fe45d0af45e: receive RaftClientReply:client-119D756B1005->4234af2c-5377-4886-a4e8-6fe45d0af45e@group-A1165329A1F1, cid=1970, SUCCESS, logIndex=2865, commits[4234af2c-5377-4886-a4e8-6fe45d0af45e:c2865, cef72988-acf5-49ad-9ec7-695a80e7a66d:c2863, d677508c-6db9-4741-b51c-49af5e4cf22f:c2863]
2019-09-08 07:07:35,946 [grpc-default-executor-6] INFO  client.GrpcClientProtocolClient (GrpcClientProtocolClient.java:onNext(264)) - client-119D756B1005->4234af2c-5377-4886-a4e8-6fe45d0af45e: receive RaftClientReply:client-119D756B1005->4234af2c-5377-4886-a4e8-6fe45d0af45e@group-A1165329A1F1, cid=1971, SUCCESS, logIndex=2868, commits[4234af2c-5377-4886-a4e8-6fe45d0af45e:c2869, cef72988-acf5-49ad-9ec7-695a80e7a66d:c2867, d677508c-6db9-4741-b51c-49af5e4cf22f:c2867]
2019-09-08 07:07:35,946 [grpc-default-executor-6] INFO  client.GrpcClientProtocolClient (GrpcClientProtocolClient.java:onNext(264)) - client-119D756B1005->4234af2c-5377-4886-a4e8-6fe45d0af45e: receive RaftClientReply:client-119D756B1005->4234af2c-5377-4886-a4e8-6fe45d0af45e@group-A1165329A1F1, cid=1972, SUCCESS, logIndex=2869, commits[4234af2c-5377-4886-a4e8-6fe45d0af45e:c2869, cef72988-acf5-49ad-9ec7-695a80e7a66d:c2867, d677508c-6db9-4741-b51c-49af5e4cf22f:c2867]
2019-09-08 07:07:35,949 [grpc-default-executor-4] INFO  client.GrpcClientProtocolClient (GrpcClientProtocolClient.java:onNext(264)) - client-119D756B1005->4234af2c-5377-4886-a4e8-6fe45d0af45e: receive RaftClientReply:client-119D756B1005->4234af2c-5377-4886-a4e8-6fe45d0af45e@group-A1165329A1F1, cid=1973, SUCCESS, logIndex=0, commits[4234af2c-5377-4886-a4e8-6fe45d0af45e:c2871, cef72988-acf5-49ad-9ec7-695a80e7a66d:c2869, d677508c-6db9-4741-b51c-49af5e4cf22f:c2869]
2019-09-08 07:07:35,980 [grpc-default-executor-0] INFO  client.GrpcClientProtocolClient (GrpcClientProtocolClient.java:onNext(264)) - client-119D756B1005->4234af2c-5377-4886-a4e8-6fe45d0af45e: receive RaftClientReply:client-119D756B1005->4234af2c-5377-4886-a4e8-6fe45d0af45e@group-A1165329A1F1, cid=1974, SUCCESS, logIndex=2872, commits[4234af2c-5377-4886-a4e8-6fe45d0af45e:c2872, cef72988-acf5-49ad-9ec7-695a80e7a66d:c2871, d677508c-6db9-4741-b51c-49af5e4cf22f:c2871]
2019-09-08 07:07:35,980 [grpc-default-executor-0] INFO  client.GrpcClientProtocolClient (GrpcClientProtocolClient.java:onNext(264)) - client-119D756B1005->4234af2c-5377-4886-a4e8-6fe45d0af45e: receive RaftClientReply:client-119D756B1005->4234af2c-5377-4886-a4e8-6fe45d0af45e@group-A1165329A1F1, cid=1975, SUCCESS, logIndex=2873, commits[4234af2c-5377-4886-a4e8-6fe45d0af45e:c2875, cef72988-acf5-49ad-9ec7-695a80e7a66d:c2871, d677508c-6db9-4741-b51c-49af5e4cf22f:c2871]
2019-09-08 07:07:35,980 [grpc-default-executor-0] INFO  client.GrpcClientProtocolClient (GrpcClientProtocolClient.java:onNext(264)) - client-119D756B1005->4234af2c-5377-4886-a4e8-6fe45d0af45e: receive RaftClientReply:client-119D756B1005->4234af2c-5377-4886-a4e8-6fe45d0af45e@group-A1165329A1F1, cid=1976, SUCCESS, logIndex=2874, commits[4234af2c-5377-4886-a4e8-6fe45d0af45e:c2875, cef72988-acf5-49ad-9ec7-695a80e7a66d:c2871, d677508c-6db9-4741-b51c-49af5e4cf22f:c2871]
2019-09-08 07:07:35,981 [grpc-default-executor-0] INFO  client.GrpcClientProtocolClient (GrpcClientProtocolClient.java:onNext(264)) - client-119D756B1005->4234af2c-5377-4886-a4e8-6fe45d0af45e: receive RaftClientReply:client-119D756B1005->4234af2c-5377-4886-a4e8-6fe45d0af45e@group-A1165329A1F1, cid=1977, SUCCESS, logIndex=2875, commits[4234af2c-5377-4886-a4e8-6fe45d0af45e:c2875, cef72988-acf5-49ad-9ec7-695a80e7a66d:c2871, d677508c-6db9-4741-b51c-49af5e4cf22f:c2871]
2019-09-08 07:07:35,995 [grpc-default-executor-6] INFO  client.GrpcClientProtocolClient (GrpcClientProtocolClient.java:onNext(264)) - client-119D756B1005->4234af2c-5377-4886-a4e8-6fe45d0af45e: receive RaftClientReply:client-119D756B1005->4234af2c-5377-4886-a4e8-6fe45d0af45e@group-A1165329A1F1, cid=1978, SUCCESS, logIndex=0, commits[4234af2c-5377-4886-a4e8-6fe45d0af45e:c2877, cef72988-acf5-49ad-9ec7-695a80e7a66d:c2874, d677508c-6db9-4741-b51c-49af5e4cf22f:c2874]
2019-09-08 07:07:36,015 [grpc-default-executor-0] INFO  client.GrpcClientProtocolClient (GrpcClientProtocolClient.java:onNext(264)) - client-119D756B1005->4234af2c-5377-4886-a4e8-6fe45d0af45e: receive RaftClientReply:client-119D756B1005->4234af2c-5377-4886-a4e8-6fe45d0af45e@group-A1165329A1F1, cid=1979, SUCCESS, logIndex=2879, commits[4234af2c-5377-4886-a4e8-6fe45d0af45e:c2880, cef72988-acf5-49ad-9ec7-695a80e7a66d:c2878, d677508c-6db9-4741-b51c-49af5e4cf22f:c2878]
2019-09-08 07:07:36,015 [grpc-default-executor-0] INFO  client.GrpcClientProtocolClient (GrpcClientProtocolClient.java:onNext(264)) - client-119D756B1005->4234af2c-5377-4886-a4e8-6fe45d0af45e: receive RaftClientReply:client-119D756B1005->4234af2c-5377-4886-a4e8-6fe45d0af45e@group-A1165329A1F1, cid=1980, SUCCESS, logIndex=2880, commits[4234af2c-5377-4886-a4e8-6fe45d0af45e:c2880, cef72988-acf5-49ad-9ec7-695a80e7a66d:c2878, d677508c-6db9-4741-b51c-49af5e4cf22f:c2878]
2019-09-08 07:07:36,028 [grpc-default-executor-0] INFO  client.GrpcClientProtocolClient (GrpcClientProtocolClient.java:onNext(264)) - client-119D756B1005->4234af2c-5377-4886-a4e8-6fe45d0af45e: receive RaftClientReply:client-119D756B1005->4234af2c-5377-4886-a4e8-6fe45d0af45e@group-A1165329A1F1, cid=1981, SUCCESS, logIndex=2883, commits[4234af2c-5377-4886-a4e8-6fe45d0af45e:c2884, cef72988-acf5-49ad-9ec7-695a80e7a66d:c2880, d677508c-6db9-4741-b51c-49af5e4cf22f:c2880]
2019-09-08 07:07:36,028 [grpc-default-executor-0] INFO  client.GrpcClientProtocolClient (GrpcClientProtocolClient.java:onNext(264)) - client-119D756B1005->4234af2c-5377-4886-a4e8-6fe45d0af45e: receive RaftClientReply:client-119D756B1005->4234af2c-5377-4886-a4e8-6fe45d0af45e@group-A1165329A1F1, cid=1982, SUCCESS, logIndex=2884, commits[4234af2c-5377-4886-a4e8-6fe45d0af45e:c2884, cef72988-acf5-49ad-9ec7-695a80e7a66d:c2880, d677508c-6db9-4741-b51c-49af5e4cf22f:c2880]
 0.00% |█                                                                                                    |  0/1 Time: 0:00:162019-09-08 07:07:36,039 [grpc-default-executor-0] INFO  client.GrpcClientProtocolClient (GrpcClientProtocolClient.java:onNext(264)) - client-119D756B1005->4234af2c-5377-4886-a4e8-6fe45d0af45e: receive RaftClientReply:client-119D756B1005->4234af2c-5377-4886-a4e8-6fe45d0af45e@group-A1165329A1F1, cid=1983, SUCCESS, logIndex=0, commits[4234af2c-5377-4886-a4e8-6fe45d0af45e:c2885, cef72988-acf5-49ad-9ec7-695a80e7a66d:c2884, d677508c-6db9-4741-b51c-49af5e4cf22f:c2884]
2019-09-08 07:07:36,056 [grpc-default-executor-0] INFO  client.GrpcClientProtocolClient (GrpcClientProtocolClient.java:onNext(264)) - client-119D756B1005->4234af2c-5377-4886-a4e8-6fe45d0af45e: receive RaftClientReply:client-119D756B1005->4234af2c-5377-4886-a4e8-6fe45d0af45e@group-A1165329A1F1, cid=1984, SUCCESS, logIndex=2887, commits[4234af2c-5377-4886-a4e8-6fe45d0af45e:c2888, cef72988-acf5-49ad-9ec7-695a80e7a66d:c2886, d677508c-6db9-4741-b51c-49af5e4cf22f:c2884]
2019-09-08 07:07:36,057 [grpc-default-executor-0] INFO  client.GrpcClientProtocolClient (GrpcClientProtocolClient.java:onNext(264)) - client-119D756B1005->4234af2c-5377-4886-a4e8-6fe45d0af45e: receive RaftClientReply:client-119D756B1005->4234af2c-5377-4886-a4e8-6fe45d0af45e@group-A1165329A1F1, cid=1985, SUCCESS, logIndex=2888, commits[4234af2c-5377-4886-a4e8-6fe45d0af45e:c2888, cef72988-acf5-49ad-9ec7-695a80e7a66d:c2886, d677508c-6db9-4741-b51c-49af5e4cf22f:c2884]
2019-09-08 07:07:36,058 [grpc-default-executor-6] INFO  client.GrpcClientProtocolClient (GrpcClientProtocolClient.java:onNext(264)) - client-119D756B1005->4234af2c-5377-4886-a4e8-6fe45d0af45e: receive RaftClientReply:client-119D756B1005->4234af2c-5377-4886-a4e8-6fe45d0af45e@group-A1165329A1F1, cid=1986, SUCCESS, logIndex=2889, commits[4234af2c-5377-4886-a4e8-6fe45d0af45e:c2890, cef72988-acf5-49ad-9ec7-695a80e7a66d:c2886, d677508c-6db9-4741-b51c-49af5e4cf22f:c2886]
2019-09-08 07:07:36,059 [grpc-default-executor-6] INFO  client.GrpcClientProtocolClient (GrpcClientProtocolClient.java:onNext(264)) - client-119D756B1005->4234af2c-5377-4886-a4e8-6fe45d0af45e: receive RaftClientReply:client-119D756B1005->4234af2c-5377-4886-a4e8-6fe45d0af45e@group-A1165329A1F1, cid=1987, SUCCESS, logIndex=2890, commits[4234af2c-5377-4886-a4e8-6fe45d0af45e:c2892, cef72988-acf5-49ad-9ec7-695a80e7a66d:c2886, d677508c-6db9-4741-b51c-49af5e4cf22f:c2888]
2019-09-08 07:07:36,060 [grpc-default-executor-6] INFO  client.GrpcClientProtocolClient (GrpcClientProtocolClient.java:onNext(264)) - client-119D756B1005->4234af2c-5377-4886-a4e8-6fe45d0af45e: receive RaftClientReply:client-119D756B1005->4234af2c-5377-4886-a4e8-6fe45d0af45e@group-A1165329A1F1, cid=1988, SUCCESS, logIndex=0, commits[4234af2c-5377-4886-a4e8-6fe45d0af45e:c2892, cef72988-acf5-49ad-9ec7-695a80e7a66d:c2888, d677508c-6db9-4741-b51c-49af5e4cf22f:c2889]
2019-09-08 07:07:36,089 [grpc-default-executor-4] INFO  client.GrpcClientProtocolClient (GrpcClientProtocolClient.java:onNext(264)) - client-119D756B1005->4234af2c-5377-4886-a4e8-6fe45d0af45e: receive RaftClientReply:client-119D756B1005->4234af2c-5377-4886-a4e8-6fe45d0af45e@group-A1165329A1F1, cid=1989, SUCCESS, logIndex=2895, commits[4234af2c-5377-4886-a4e8-6fe45d0af45e:c2896, cef72988-acf5-49ad-9ec7-695a80e7a66d:c2894, d677508c-6db9-4741-b51c-49af5e4cf22f:c2890]
2019-09-08 07:07:36,089 [grpc-default-executor-4] INFO  client.GrpcClientProtocolClient (GrpcClientProtocolClient.java:onNext(264)) - client-119D756B1005->4234af2c-5377-4886-a4e8-6fe45d0af45e: receive RaftClientReply:client-119D756B1005->4234af2c-5377-4886-a4e8-6fe45d0af45e@group-A1165329A1F1, cid=1990, SUCCESS, logIndex=2896, commits[4234af2c-5377-4886-a4e8-6fe45d0af45e:c2896, cef72988-acf5-49ad-9ec7-695a80e7a66d:c2894, d677508c-6db9-4741-b51c-49af5e4cf22f:c2894]
2019-09-08 07:07:36,109 [grpc-default-executor-6] INFO  client.GrpcClientProtocolClient (GrpcClientProtocolClient.java:onNext(264)) - client-119D756B1005->4234af2c-5377-4886-a4e8-6fe45d0af45e: receive RaftClientReply:client-119D756B1005->4234af2c-5377-4886-a4e8-6fe45d0af45e@group-A1165329A1F1, cid=1991, SUCCESS, logIndex=2899, commits[4234af2c-5377-4886-a4e8-6fe45d0af45e:c2900, cef72988-acf5-49ad-9ec7-695a80e7a66d:c2898, d677508c-6db9-4741-b51c-49af5e4cf22f:c2898]
2019-09-08 07:07:36,110 [grpc-default-executor-6] INFO  client.GrpcClientProtocolClient (GrpcClientProtocolClient.java:onNext(264)) - client-119D756B1005->4234af2c-5377-4886-a4e8-6fe45d0af45e: receive RaftClientReply:client-119D756B1005->4234af2c-5377-4886-a4e8-6fe45d0af45e@group-A1165329A1F1, cid=1992, SUCCESS, logIndex=2900, commits[4234af2c-5377-4886-a4e8-6fe45d0af45e:c2900, cef72988-acf5-49ad-9ec7-695a80e7a66d:c2898, d677508c-6db9-4741-b51c-49af5e4cf22f:c2898]
2019-09-08 07:07:36,121 [grpc-default-executor-6] INFO  client.GrpcClientProtocolClient (GrpcClientProtocolClient.java:onNext(264)) - client-119D756B1005->4234af2c-5377-4886-a4e8-6fe45d0af45e: receive RaftClientReply:client-119D756B1005->4234af2c-5377-4886-a4e8-6fe45d0af45e@group-A1165329A1F1, cid=1993, SUCCESS, logIndex=0, commits[4234af2c-5377-4886-a4e8-6fe45d0af45e:c2901, cef72988-acf5-49ad-9ec7-695a80e7a66d:c2900, d677508c-6db9-4741-b51c-49af5e4cf22f:c2900]
2019-09-08 07:07:36,165 [grpc-default-executor-6] INFO  client.GrpcClientProtocolClient (GrpcClientProtocolClient.java:onNext(264)) - client-119D756B1005->4234af2c-5377-4886-a4e8-6fe45d0af45e: receive RaftClientReply:client-119D756B1005->4234af2c-5377-4886-a4e8-6fe45d0af45e@group-A1165329A1F1, cid=1994, SUCCESS, logIndex=2903, commits[4234af2c-5377-4886-a4e8-6fe45d0af45e:c2904, cef72988-acf5-49ad-9ec7-695a80e7a66d:c2902, d677508c-6db9-4741-b51c-49af5e4cf22f:c2902]
2019-09-08 07:07:36,165 [grpc-default-executor-6] INFO  client.GrpcClientProtocolClient (GrpcClientProtocolClient.java:onNext(264)) - client-119D756B1005->4234af2c-5377-4886-a4e8-6fe45d0af45e: receive RaftClientReply:client-119D756B1005->4234af2c-5377-4886-a4e8-6fe45d0af45e@group-A1165329A1F1, cid=1995, SUCCESS, logIndex=2904, commits[4234af2c-5377-4886-a4e8-6fe45d0af45e:c2904, cef72988-acf5-49ad-9ec7-695a80e7a66d:c2902, d677508c-6db9-4741-b51c-49af5e4cf22f:c2902]
2019-09-08 07:07:36,176 [grpc-default-executor-3] INFO  client.GrpcClientProtocolClient (GrpcClientProtocolClient.java:onNext(264)) - client-119D756B1005->4234af2c-5377-4886-a4e8-6fe45d0af45e: receive RaftClientReply:client-119D756B1005->4234af2c-5377-4886-a4e8-6fe45d0af45e@group-A1165329A1F1, cid=1996, SUCCESS, logIndex=2905, commits[4234af2c-5377-4886-a4e8-6fe45d0af45e:c2906, cef72988-acf5-49ad-9ec7-695a80e7a66d:c2902, d677508c-6db9-4741-b51c-49af5e4cf22f:c2902]
2019-09-08 07:07:36,176 [grpc-default-executor-3] INFO  client.GrpcClientProtocolClient (GrpcClientProtocolClient.java:onNext(264)) - client-119D756B1005->4234af2c-5377-4886-a4e8-6fe45d0af45e: receive RaftClientReply:client-119D756B1005->4234af2c-5377-4886-a4e8-6fe45d0af45e@group-A1165329A1F1, cid=1997, SUCCESS, logIndex=2906, commits[4234af2c-5377-4886-a4e8-6fe45d0af45e:c2906, cef72988-acf5-49ad-9ec7-695a80e7a66d:c2902, d677508c-6db9-4741-b51c-49af5e4cf22f:c2902]
2019-09-08 07:07:36,177 [grpc-default-executor-4] INFO  client.GrpcClientProtocolClient (GrpcClientProtocolClient.java:onNext(264)) - client-119D756B1005->4234af2c-5377-4886-a4e8-6fe45d0af45e: receive RaftClientReply:client-119D756B1005->4234af2c-5377-4886-a4e8-6fe45d0af45e@group-A1165329A1F1, cid=1998, SUCCESS, logIndex=0, commits[4234af2c-5377-4886-a4e8-6fe45d0af45e:c2908, cef72988-acf5-49ad-9ec7-695a80e7a66d:c2904, d677508c-6db9-4741-b51c-49af5e4cf22f:c2904]
2019-09-08 07:07:36,197 [grpc-default-executor-3] INFO  client.GrpcClientProtocolClient (GrpcClientProtocolClient.java:onNext(264)) - client-119D756B1005->4234af2c-5377-4886-a4e8-6fe45d0af45e: receive RaftClientReply:client-119D756B1005->4234af2c-5377-4886-a4e8-6fe45d0af45e@group-A1165329A1F1, cid=1999, SUCCESS, logIndex=2911, commits[4234af2c-5377-4886-a4e8-6fe45d0af45e:c2912, cef72988-acf5-49ad-9ec7-695a80e7a66d:c2910, d677508c-6db9-4741-b51c-49af5e4cf22f:c2910]
2019-09-08 07:07:36,198 [grpc-default-executor-3] INFO  client.GrpcClientProtocolClient (GrpcClientProtocolClient.java:onNext(264)) - client-119D756B1005->4234af2c-5377-4886-a4e8-6fe45d0af45e: receive RaftClientReply:client-119D756B1005->4234af2c-5377-4886-a4e8-6fe45d0af45e@group-A1165329A1F1, cid=2000, SUCCESS, logIndex=2912, commits[4234af2c-5377-4886-a4e8-6fe45d0af45e:c2912, cef72988-acf5-49ad-9ec7-695a80e7a66d:c2910, d677508c-6db9-4741-b51c-49af5e4cf22f:c2910]
2019-09-08 07:07:36,206 [grpc-default-executor-0] INFO  client.GrpcClientProtocolClient (GrpcClientProtocolClient.java:onNext(264)) - client-119D756B1005->4234af2c-5377-4886-a4e8-6fe45d0af45e: receive RaftClientReply:client-119D756B1005->4234af2c-5377-4886-a4e8-6fe45d0af45e@group-A1165329A1F1, cid=2001, SUCCESS, logIndex=2915, commits[4234af2c-5377-4886-a4e8-6fe45d0af45e:c2916, cef72988-acf5-49ad-9ec7-695a80e7a66d:c2912, d677508c-6db9-4741-b51c-49af5e4cf22f:c2914]
2019-09-08 07:07:36,207 [grpc-default-executor-0] INFO  client.GrpcClientProtocolClient (GrpcClientProtocolClient.java:onNext(264)) - client-119D756B1005->4234af2c-5377-4886-a4e8-6fe45d0af45e: receive RaftClientReply:client-119D756B1005->4234af2c-5377-4886-a4e8-6fe45d0af45e@group-A1165329A1F1, cid=2002, SUCCESS, logIndex=2916, commits[4234af2c-5377-4886-a4e8-6fe45d0af45e:c2916, cef72988-acf5-49ad-9ec7-695a80e7a66d:c2914, d677508c-6db9-4741-b51c-49af5e4cf22f:c2914]
2019-09-08 07:07:36,208 [grpc-default-executor-3] INFO  client.GrpcClientProtocolClient (GrpcClientProtocolClient.java:onNext(264)) - client-119D756B1005->4234af2c-5377-4886-a4e8-6fe45d0af45e: receive RaftClientReply:client-119D756B1005->4234af2c-5377-4886-a4e8-6fe45d0af45e@group-A1165329A1F1, cid=2003, SUCCESS, logIndex=0, commits[4234af2c-5377-4886-a4e8-6fe45d0af45e:c2917, cef72988-acf5-49ad-9ec7-695a80e7a66d:c2916, d677508c-6db9-4741-b51c-49af5e4cf22f:c2916]
2019-09-08 07:07:36,234 [grpc-default-executor-3] INFO  client.GrpcClientProtocolClient (GrpcClientProtocolClient.java:onNext(264)) - client-119D756B1005->4234af2c-5377-4886-a4e8-6fe45d0af45e: receive RaftClientReply:client-119D756B1005->4234af2c-5377-4886-a4e8-6fe45d0af45e@group-A1165329A1F1, cid=2004, SUCCESS, logIndex=2919, commits[4234af2c-5377-4886-a4e8-6fe45d0af45e:c2920, cef72988-acf5-49ad-9ec7-695a80e7a66d:c2918, d677508c-6db9-4741-b51c-49af5e4cf22f:c2918]
2019-09-08 07:07:36,234 [grpc-default-executor-0] INFO  client.GrpcClientProtocolClient (GrpcClientProtocolClient.java:onNext(264)) - client-119D756B1005->4234af2c-5377-4886-a4e8-6fe45d0af45e: receive RaftClientReply:client-119D756B1005->4234af2c-5377-4886-a4e8-6fe45d0af45e@group-A1165329A1F1, cid=2005, SUCCESS, logIndex=2920, commits[4234af2c-5377-4886-a4e8-6fe45d0af45e:c2920, cef72988-acf5-49ad-9ec7-695a80e7a66d:c2918, d677508c-6db9-4741-b51c-49af5e4cf22f:c2918]
2019-09-08 07:07:36,235 [grpc-default-executor-4] INFO  client.GrpcClientProtocolClient (GrpcClientProtocolClient.java:onNext(264)) - client-119D756B1005->4234af2c-5377-4886-a4e8-6fe45d0af45e: receive RaftClientReply:client-119D756B1005->4234af2c-5377-4886-a4e8-6fe45d0af45e@group-A1165329A1F1, cid=2006, SUCCESS, logIndex=2921, commits[4234af2c-5377-4886-a4e8-6fe45d0af45e:c2922, cef72988-acf5-49ad-9ec7-695a80e7a66d:c2918, d677508c-6db9-4741-b51c-49af5e4cf22f:c2918]
2019-09-08 07:07:36,235 [grpc-default-executor-4] INFO  client.GrpcClientProtocolClient (GrpcClientProtocolClient.java:onNext(264)) - client-119D756B1005->4234af2c-5377-4886-a4e8-6fe45d0af45e: receive RaftClientReply:client-119D756B1005->4234af2c-5377-4886-a4e8-6fe45d0af45e@group-A1165329A1F1, cid=2007, SUCCESS, logIndex=2922, commits[4234af2c-5377-4886-a4e8-6fe45d0af45e:c2922, cef72988-acf5-49ad-9ec7-695a80e7a66d:c2918, d677508c-6db9-4741-b51c-49af5e4cf22f:c2918]
2019-09-08 07:07:36,236 [grpc-default-executor-4] INFO  client.GrpcClientProtocolClient (GrpcClientProtocolClient.java:onNext(264)) - client-119D756B1005->4234af2c-5377-4886-a4e8-6fe45d0af45e: receive RaftClientReply:client-119D756B1005->4234af2c-5377-4886-a4e8-6fe45d0af45e@group-A1165329A1F1, cid=2008, SUCCESS, logIndex=0, commits[4234af2c-5377-4886-a4e8-6fe45d0af45e:c2924, cef72988-acf5-49ad-9ec7-695a80e7a66d:c2920, d677508c-6db9-4741-b51c-49af5e4cf22f:c2920]
2019-09-08 07:07:36,246 [grpc-default-executor-3] INFO  client.GrpcClientProtocolClient (GrpcClientProtocolClient.java:onNext(264)) - client-119D756B1005->4234af2c-5377-4886-a4e8-6fe45d0af45e: receive RaftClientReply:client-119D756B1005->4234af2c-5377-4886-a4e8-6fe45d0af45e@group-A1165329A1F1, cid=2009, SUCCESS, logIndex=2927, commits[4234af2c-5377-4886-a4e8-6fe45d0af45e:c2928, cef72988-acf5-49ad-9ec7-695a80e7a66d:c2926, d677508c-6db9-4741-b51c-49af5e4cf22f:c2926]
2019-09-08 07:07:36,246 [grpc-default-executor-3] INFO  client.GrpcClientProtocolClient (GrpcClientProtocolClient.java:onNext(264)) - client-119D756B1005->4234af2c-5377-4886-a4e8-6fe45d0af45e: receive RaftClientReply:client-119D756B1005->4234af2c-5377-4886-a4e8-6fe45d0af45e@group-A1165329A1F1, cid=2010, SUCCESS, logIndex=2928, commits[4234af2c-5377-4886-a4e8-6fe45d0af45e:c2928, cef72988-acf5-49ad-9ec7-695a80e7a66d:c2926, d677508c-6db9-4741-b51c-49af5e4cf22f:c2926]
2019-09-08 07:07:36,262 [grpc-default-executor-3] INFO  client.GrpcClientProtocolClient (GrpcClientProtocolClient.java:onNext(264)) - client-119D756B1005->4234af2c-5377-4886-a4e8-6fe45d0af45e: receive RaftClientReply:client-119D756B1005->4234af2c-5377-4886-a4e8-6fe45d0af45e@group-A1165329A1F1, cid=2011, SUCCESS, logIndex=2931, commits[4234af2c-5377-4886-a4e8-6fe45d0af45e:c2932, cef72988-acf5-49ad-9ec7-695a80e7a66d:c2930, d677508c-6db9-4741-b51c-49af5e4cf22f:c2930]
2019-09-08 07:07:36,263 [grpc-default-executor-3] INFO  client.GrpcClientProtocolClient (GrpcClientProtocolClient.java:onNext(264)) - client-119D756B1005->4234af2c-5377-4886-a4e8-6fe45d0af45e: receive RaftClientReply:client-119D756B1005->4234af2c-5377-4886-a4e8-6fe45d0af45e@group-A1165329A1F1, cid=2012, SUCCESS, logIndex=2932, commits[4234af2c-5377-4886-a4e8-6fe45d0af45e:c2932, cef72988-acf5-49ad-9ec7-695a80e7a66d:c2930, d677508c-6db9-4741-b51c-49af5e4cf22f:c2930]
2019-09-08 07:07:36,273 [grpc-default-executor-3] INFO  client.GrpcClientProtocolClient (GrpcClientProtocolClient.java:onNext(264)) - client-119D756B1005->4234af2c-5377-4886-a4e8-6fe45d0af45e: receive RaftClientReply:client-119D756B1005->4234af2c-5377-4886-a4e8-6fe45d0af45e@group-A1165329A1F1, cid=2013, SUCCESS, logIndex=0, commits[4234af2c-5377-4886-a4e8-6fe45d0af45e:c2933, cef72988-acf5-49ad-9ec7-695a80e7a66d:c2932, d677508c-6db9-4741-b51c-49af5e4cf22f:c2932]
2019-09-08 07:07:36,290 [grpc-default-executor-6] INFO  client.GrpcClientProtocolClient (GrpcClientProtocolClient.java:onNext(264)) - client-119D756B1005->4234af2c-5377-4886-a4e8-6fe45d0af45e: receive RaftClientReply:client-119D756B1005->4234af2c-5377-4886-a4e8-6fe45d0af45e@group-A1165329A1F1, cid=2014, SUCCESS, logIndex=2935, commits[4234af2c-5377-4886-a4e8-6fe45d0af45e:c2936, cef72988-acf5-49ad-9ec7-695a80e7a66d:c2934, d677508c-6db9-4741-b51c-49af5e4cf22f:c2934]
2019-09-08 07:07:36,290 [grpc-default-executor-6] INFO  client.GrpcClientProtocolClient (GrpcClientProtocolClient.java:onNext(264)) - client-119D756B1005->4234af2c-5377-4886-a4e8-6fe45d0af45e: receive RaftClientReply:client-119D756B1005->4234af2c-5377-4886-a4e8-6fe45d0af45e@group-A1165329A1F1, cid=2015, SUCCESS, logIndex=2936, commits[4234af2c-5377-4886-a4e8-6fe45d0af45e:c2936, cef72988-acf5-49ad-9ec7-695a80e7a66d:c2934, d677508c-6db9-4741-b51c-49af5e4cf22f:c2934]
2019-09-08 07:07:36,291 [grpc-default-executor-4] INFO  client.GrpcClientProtocolClient (GrpcClientProtocolClient.java:onNext(264)) - client-119D756B1005->4234af2c-5377-4886-a4e8-6fe45d0af45e: receive RaftClientReply:client-119D756B1005->4234af2c-5377-4886-a4e8-6fe45d0af45e@group-A1165329A1F1, cid=2016, SUCCESS, logIndex=2937, commits[4234af2c-5377-4886-a4e8-6fe45d0af45e:c2937, cef72988-acf5-49ad-9ec7-695a80e7a66d:c2934, d677508c-6db9-4741-b51c-49af5e4cf22f:c2934]
2019-09-08 07:07:36,292 [grpc-default-executor-4] INFO  client.GrpcClientProtocolClient (GrpcClientProtocolClient.java:onNext(264)) - client-119D756B1005->4234af2c-5377-4886-a4e8-6fe45d0af45e: receive RaftClientReply:client-119D756B1005->4234af2c-5377-4886-a4e8-6fe45d0af45e@group-A1165329A1F1, cid=2017, SUCCESS, logIndex=2938, commits[4234af2c-5377-4886-a4e8-6fe45d0af45e:c2939, cef72988-acf5-49ad-9ec7-695a80e7a66d:c2935, d677508c-6db9-4741-b51c-49af5e4cf22f:c2935]
2019-09-08 07:07:36,293 [grpc-default-executor-4] INFO  client.GrpcClientProtocolClient (GrpcClientProtocolClient.java:onNext(264)) - client-119D756B1005->4234af2c-5377-4886-a4e8-6fe45d0af45e: receive RaftClientReply:client-119D756B1005->4234af2c-5377-4886-a4e8-6fe45d0af45e@group-A1165329A1F1, cid=2018, SUCCESS, logIndex=0, commits[4234af2c-5377-4886-a4e8-6fe45d0af45e:c2940, cef72988-acf5-49ad-9ec7-695a80e7a66d:c2936, d677508c-6db9-4741-b51c-49af5e4cf22f:c2936]
2019-09-08 07:07:36,326 [grpc-default-executor-0] INFO  client.GrpcClientProtocolClient (GrpcClientProtocolClient.java:onNext(264)) - client-119D756B1005->4234af2c-5377-4886-a4e8-6fe45d0af45e: receive RaftClientReply:client-119D756B1005->4234af2c-5377-4886-a4e8-6fe45d0af45e@group-A1165329A1F1, cid=2019, SUCCESS, logIndex=2943, commits[4234af2c-5377-4886-a4e8-6fe45d0af45e:c2944, cef72988-acf5-49ad-9ec7-695a80e7a66d:c2942, d677508c-6db9-4741-b51c-49af5e4cf22f:c2942]
2019-09-08 07:07:36,326 [grpc-default-executor-0] INFO  client.GrpcClientProtocolClient (GrpcClientProtocolClient.java:onNext(264)) - client-119D756B1005->4234af2c-5377-4886-a4e8-6fe45d0af45e: receive RaftClientReply:client-119D756B1005->4234af2c-5377-4886-a4e8-6fe45d0af45e@group-A1165329A1F1, cid=2020, SUCCESS, logIndex=2944, commits[4234af2c-5377-4886-a4e8-6fe45d0af45e:c2944, cef72988-acf5-49ad-9ec7-695a80e7a66d:c2942, d677508c-6db9-4741-b51c-49af5e4cf22f:c2942]
2019-09-08 07:07:36,339 [grpc-default-executor-3] INFO  client.GrpcClientProtocolClient (GrpcClientProtocolClient.java:onNext(264)) - client-119D756B1005->4234af2c-5377-4886-a4e8-6fe45d0af45e: receive RaftClientReply:client-119D756B1005->4234af2c-5377-4886-a4e8-6fe45d0af45e@group-A1165329A1F1, cid=2021, SUCCESS, logIndex=2947, commits[4234af2c-5377-4886-a4e8-6fe45d0af45e:c2948, cef72988-acf5-49ad-9ec7-695a80e7a66d:c2944, d677508c-6db9-4741-b51c-49af5e4cf22f:c2944]
2019-09-08 07:07:36,339 [grpc-default-executor-3] INFO  client.GrpcClientProtocolClient (GrpcClientProtocolClient.java:onNext(264)) - client-119D756B1005->4234af2c-5377-4886-a4e8-6fe45d0af45e: receive RaftClientReply:client-119D756B1005->4234af2c-5377-4886-a4e8-6fe45d0af45e@group-A1165329A1F1, cid=2022, SUCCESS, logIndex=2948, commits[4234af2c-5377-4886-a4e8-6fe45d0af45e:c2948, cef72988-acf5-49ad-9ec7-695a80e7a66d:c2944, d677508c-6db9-4741-b51c-49af5e4cf22f:c2944]
2019-09-08 07:07:36,352 [grpc-default-executor-3] INFO  client.GrpcClientProtocolClient (GrpcClientProtocolClient.java:onNext(264)) - client-119D756B1005->4234af2c-5377-4886-a4e8-6fe45d0af45e: receive RaftClientReply:client-119D756B1005->4234af2c-5377-4886-a4e8-6fe45d0af45e@group-A1165329A1F1, cid=2023, SUCCESS, logIndex=0, commits[4234af2c-5377-4886-a4e8-6fe45d0af45e:c2949, cef72988-acf5-49ad-9ec7-695a80e7a66d:c2948, d677508c-6db9-4741-b51c-49af5e4cf22f:c2948]
2019-09-08 07:07:36,378 [grpc-default-executor-6] INFO  client.GrpcClientProtocolClient (GrpcClientProtocolClient.java:onNext(264)) - client-119D756B1005->4234af2c-5377-4886-a4e8-6fe45d0af45e: receive RaftClientReply:client-119D756B1005->4234af2c-5377-4886-a4e8-6fe45d0af45e@group-A1165329A1F1, cid=2024, SUCCESS, logIndex=2951, commits[4234af2c-5377-4886-a4e8-6fe45d0af45e:c2951, cef72988-acf5-49ad-9ec7-695a80e7a66d:c2950, d677508c-6db9-4741-b51c-49af5e4cf22f:c2950]
2019-09-08 07:07:36,378 [grpc-default-executor-6] INFO  client.GrpcClientProtocolClient (GrpcClientProtocolClient.java:onNext(264)) - client-119D756B1005->4234af2c-5377-4886-a4e8-6fe45d0af45e: receive RaftClientReply:client-119D756B1005->4234af2c-5377-4886-a4e8-6fe45d0af45e@group-A1165329A1F1, cid=2025, SUCCESS, logIndex=2952, commits[4234af2c-5377-4886-a4e8-6fe45d0af45e:c2952, cef72988-acf5-49ad-9ec7-695a80e7a66d:c2950, d677508c-6db9-4741-b51c-49af5e4cf22f:c2950]
2019-09-08 07:07:36,380 [grpc-default-executor-6] INFO  client.GrpcClientProtocolClient (GrpcClientProtocolClient.java:onNext(264)) - client-119D756B1005->4234af2c-5377-4886-a4e8-6fe45d0af45e: receive RaftClientReply:client-119D756B1005->4234af2c-5377-4886-a4e8-6fe45d0af45e@group-A1165329A1F1, cid=2026, SUCCESS, logIndex=2953, commits[4234af2c-5377-4886-a4e8-6fe45d0af45e:c2954, cef72988-acf5-49ad-9ec7-695a80e7a66d:c2950, d677508c-6db9-4741-b51c-49af5e4cf22f:c2950]
2019-09-08 07:07:36,380 [grpc-default-executor-6] INFO  client.GrpcClientProtocolClient (GrpcClientProtocolClient.java:onNext(264)) - client-119D756B1005->4234af2c-5377-4886-a4e8-6fe45d0af45e: receive RaftClientReply:client-119D756B1005->4234af2c-5377-4886-a4e8-6fe45d0af45e@group-A1165329A1F1, cid=2027, SUCCESS, logIndex=2954, commits[4234af2c-5377-4886-a4e8-6fe45d0af45e:c2954, cef72988-acf5-49ad-9ec7-695a80e7a66d:c2950, d677508c-6db9-4741-b51c-49af5e4cf22f:c2950]
2019-09-08 07:07:36,381 [grpc-default-executor-6] INFO  client.GrpcClientProtocolClient (GrpcClientProtocolClient.java:onNext(264)) - client-119D756B1005->4234af2c-5377-4886-a4e8-6fe45d0af45e: receive RaftClientReply:client-119D756B1005->4234af2c-5377-4886-a4e8-6fe45d0af45e@group-A1165329A1F1, cid=2028, SUCCESS, logIndex=0, commits[4234af2c-5377-4886-a4e8-6fe45d0af45e:c2956, cef72988-acf5-49ad-9ec7-695a80e7a66d:c2952, d677508c-6db9-4741-b51c-49af5e4cf22f:c2952]
2019-09-08 07:07:36,398 [grpc-default-executor-6] INFO  client.GrpcClientProtocolClient (GrpcClientProtocolClient.java:onNext(264)) - client-119D756B1005->4234af2c-5377-4886-a4e8-6fe45d0af45e: receive RaftClientReply:client-119D756B1005->4234af2c-5377-4886-a4e8-6fe45d0af45e@group-A1165329A1F1, cid=2029, SUCCESS, logIndex=2959, commits[4234af2c-5377-4886-a4e8-6fe45d0af45e:c2960, cef72988-acf5-49ad-9ec7-695a80e7a66d:c2958, d677508c-6db9-4741-b51c-49af5e4cf22f:c2958]
2019-09-08 07:07:36,398 [grpc-default-executor-6] INFO  client.GrpcClientProtocolClient (GrpcClientProtocolClient.java:onNext(264)) - client-119D756B1005->4234af2c-5377-4886-a4e8-6fe45d0af45e: receive RaftClientReply:client-119D756B1005->4234af2c-5377-4886-a4e8-6fe45d0af45e@group-A1165329A1F1, cid=2030, SUCCESS, logIndex=2960, commits[4234af2c-5377-4886-a4e8-6fe45d0af45e:c2960, cef72988-acf5-49ad-9ec7-695a80e7a66d:c2958, d677508c-6db9-4741-b51c-49af5e4cf22f:c2958]
2019-09-08 07:07:36,916 [grpc-default-executor-3] INFO  client.GrpcClientProtocolClient (GrpcClientProtocolClient.java:onNext(264)) - client-119D756B1005->4234af2c-5377-4886-a4e8-6fe45d0af45e: receive RaftClientReply:client-119D756B1005->4234af2c-5377-4886-a4e8-6fe45d0af45e@group-A1165329A1F1, cid=2031, SUCCESS, logIndex=2963, commits[4234af2c-5377-4886-a4e8-6fe45d0af45e:c2964, cef72988-acf5-49ad-9ec7-695a80e7a66d:c2960, d677508c-6db9-4741-b51c-49af5e4cf22f:c2960]
2019-09-08 07:07:36,917 [grpc-default-executor-3] INFO  client.GrpcClientProtocolClient (GrpcClientProtocolClient.java:onNext(264)) - client-119D756B1005->4234af2c-5377-4886-a4e8-6fe45d0af45e: receive RaftClientReply:client-119D756B1005->4234af2c-5377-4886-a4e8-6fe45d0af45e@group-A1165329A1F1, cid=2032, SUCCESS, logIndex=2964, commits[4234af2c-5377-4886-a4e8-6fe45d0af45e:c2964, cef72988-acf5-49ad-9ec7-695a80e7a66d:c2960, d677508c-6db9-4741-b51c-49af5e4cf22f:c2960]
2019-09-08 07:07:36,920 [grpc-default-executor-6] INFO  client.GrpcClientProtocolClient (GrpcClientProtocolClient.java:onNext(264)) - client-119D756B1005->4234af2c-5377-4886-a4e8-6fe45d0af45e: receive RaftClientReply:client-119D756B1005->4234af2c-5377-4886-a4e8-6fe45d0af45e@group-A1165329A1F1, cid=2033, SUCCESS, logIndex=0, commits[4234af2c-5377-4886-a4e8-6fe45d0af45e:c2965, cef72988-acf5-49ad-9ec7-695a80e7a66d:c2964, d677508c-6db9-4741-b51c-49af5e4cf22f:c2964]
2019-09-08 07:07:36,944 [grpc-default-executor-4] INFO  client.GrpcClientProtocolClient (GrpcClientProtocolClient.java:onNext(264)) - client-119D756B1005->4234af2c-5377-4886-a4e8-6fe45d0af45e: receive RaftClientReply:client-119D756B1005->4234af2c-5377-4886-a4e8-6fe45d0af45e@group-A1165329A1F1, cid=2034, SUCCESS, logIndex=2967, commits[4234af2c-5377-4886-a4e8-6fe45d0af45e:c2968, cef72988-acf5-49ad-9ec7-695a80e7a66d:c2966, d677508c-6db9-4741-b51c-49af5e4cf22f:c2966]
2019-09-08 07:07:36,945 [grpc-default-executor-0] INFO  client.GrpcClientProtocolClient (GrpcClientProtocolClient.java:onNext(264)) - client-119D756B1005->4234af2c-5377-4886-a4e8-6fe45d0af45e: receive RaftClientReply:client-119D756B1005->4234af2c-5377-4886-a4e8-6fe45d0af45e@group-A1165329A1F1, cid=2035, SUCCESS, logIndex=2968, commits[4234af2c-5377-4886-a4e8-6fe45d0af45e:c2968, cef72988-acf5-49ad-9ec7-695a80e7a66d:c2966, d677508c-6db9-4741-b51c-49af5e4cf22f:c2966]
2019-09-08 07:07:36,946 [grpc-default-executor-0] INFO  client.GrpcClientProtocolClient (GrpcClientProtocolClient.java:onNext(264)) - client-119D756B1005->4234af2c-5377-4886-a4e8-6fe45d0af45e: receive RaftClientReply:client-119D756B1005->4234af2c-5377-4886-a4e8-6fe45d0af45e@group-A1165329A1F1, cid=2036, SUCCESS, logIndex=2969, commits[4234af2c-5377-4886-a4e8-6fe45d0af45e:c2970, cef72988-acf5-49ad-9ec7-695a80e7a66d:c2966, d677508c-6db9-4741-b51c-49af5e4cf22f:c2966]
2019-09-08 07:07:36,946 [grpc-default-executor-0] INFO  client.GrpcClientProtocolClient (GrpcClientProtocolClient.java:onNext(264)) - client-119D756B1005->4234af2c-5377-4886-a4e8-6fe45d0af45e: receive RaftClientReply:client-119D756B1005->4234af2c-5377-4886-a4e8-6fe45d0af45e@group-A1165329A1F1, cid=2037, SUCCESS, logIndex=2970, commits[4234af2c-5377-4886-a4e8-6fe45d0af45e:c2970, cef72988-acf5-49ad-9ec7-695a80e7a66d:c2966, d677508c-6db9-4741-b51c-49af5e4cf22f:c2966]
2019-09-08 07:07:36,947 [grpc-default-executor-6] INFO  client.GrpcClientProtocolClient (GrpcClientProtocolClient.java:onNext(264)) - client-119D756B1005->4234af2c-5377-4886-a4e8-6fe45d0af45e: receive RaftClientReply:client-119D756B1005->4234af2c-5377-4886-a4e8-6fe45d0af45e@group-A1165329A1F1, cid=2038, SUCCESS, logIndex=0, commits[4234af2c-5377-4886-a4e8-6fe45d0af45e:c2972, cef72988-acf5-49ad-9ec7-695a80e7a66d:c2968, d677508c-6db9-4741-b51c-49af5e4cf22f:c2968]
2019-09-08 07:07:36,966 [grpc-default-executor-0] INFO  client.GrpcClientProtocolClient (GrpcClientProtocolClient.java:onNext(264)) - client-119D756B1005->4234af2c-5377-4886-a4e8-6fe45d0af45e: receive RaftClientReply:client-119D756B1005->4234af2c-5377-4886-a4e8-6fe45d0af45e@group-A1165329A1F1, cid=2039, SUCCESS, logIndex=2975, commits[4234af2c-5377-4886-a4e8-6fe45d0af45e:c2976, cef72988-acf5-49ad-9ec7-695a80e7a66d:c2974, d677508c-6db9-4741-b51c-49af5e4cf22f:c2974]
2019-09-08 07:07:36,967 [grpc-default-executor-0] INFO  client.GrpcClientProtocolClient (GrpcClientProtocolClient.java:onNext(264)) - client-119D756B1005->4234af2c-5377-4886-a4e8-6fe45d0af45e: receive RaftClientReply:client-119D756B1005->4234af2c-5377-4886-a4e8-6fe45d0af45e@group-A1165329A1F1, cid=2040, SUCCESS, logIndex=2976, commits[4234af2c-5377-4886-a4e8-6fe45d0af45e:c2976, cef72988-acf5-49ad-9ec7-695a80e7a66d:c2974, d677508c-6db9-4741-b51c-49af5e4cf22f:c2974]
2019-09-08 07:07:36,979 [grpc-default-executor-3] INFO  client.GrpcClientProtocolClient (GrpcClientProtocolClient.java:onNext(264)) - client-119D756B1005->4234af2c-5377-4886-a4e8-6fe45d0af45e: receive RaftClientReply:client-119D756B1005->4234af2c-5377-4886-a4e8-6fe45d0af45e@group-A1165329A1F1, cid=2041, SUCCESS, logIndex=2979, commits[4234af2c-5377-4886-a4e8-6fe45d0af45e:c2979, cef72988-acf5-49ad-9ec7-695a80e7a66d:c2976, d677508c-6db9-4741-b51c-49af5e4cf22f:c2976]
2019-09-08 07:07:36,980 [grpc-default-executor-3] INFO  client.GrpcClientProtocolClient (GrpcClientProtocolClient.java:onNext(264)) - client-119D756B1005->4234af2c-5377-4886-a4e8-6fe45d0af45e: receive RaftClientReply:client-119D756B1005->4234af2c-5377-4886-a4e8-6fe45d0af45e@group-A1165329A1F1, cid=2042, SUCCESS, logIndex=2980, commits[4234af2c-5377-4886-a4e8-6fe45d0af45e:c2980, cef72988-acf5-49ad-9ec7-695a80e7a66d:c2976, d677508c-6db9-4741-b51c-49af5e4cf22f:c2976]
2019-09-08 07:07:36,993 [grpc-default-executor-4] INFO  client.GrpcClientProtocolClient (GrpcClientProtocolClient.java:onNext(264)) - client-119D756B1005->4234af2c-5377-4886-a4e8-6fe45d0af45e: receive RaftClientReply:client-119D756B1005->4234af2c-5377-4886-a4e8-6fe45d0af45e@group-A1165329A1F1, cid=2043, SUCCESS, logIndex=0, commits[4234af2c-5377-4886-a4e8-6fe45d0af45e:c2982, cef72988-acf5-49ad-9ec7-695a80e7a66d:c2980, d677508c-6db9-4741-b51c-49af5e4cf22f:c2980]
2019-09-08 07:07:37,019 [grpc-default-executor-3] INFO  client.GrpcClientProtocolClient (GrpcClientProtocolClient.java:onNext(264)) - client-119D756B1005->4234af2c-5377-4886-a4e8-6fe45d0af45e: receive RaftClientReply:client-119D756B1005->4234af2c-5377-4886-a4e8-6fe45d0af45e@group-A1165329A1F1, cid=2044, SUCCESS, logIndex=2983, commits[4234af2c-5377-4886-a4e8-6fe45d0af45e:c2984, cef72988-acf5-49ad-9ec7-695a80e7a66d:c2982, d677508c-6db9-4741-b51c-49af5e4cf22f:c2982]
2019-09-08 07:07:37,019 [grpc-default-executor-3] INFO  client.GrpcClientProtocolClient (GrpcClientProtocolClient.java:onNext(264)) - client-119D756B1005->4234af2c-5377-4886-a4e8-6fe45d0af45e: receive RaftClientReply:client-119D756B1005->4234af2c-5377-4886-a4e8-6fe45d0af45e@group-A1165329A1F1, cid=2045, SUCCESS, logIndex=2984, commits[4234af2c-5377-4886-a4e8-6fe45d0af45e:c2986, cef72988-acf5-49ad-9ec7-695a80e7a66d:c2982, d677508c-6db9-4741-b51c-49af5e4cf22f:c2982]
2019-09-08 07:07:37,019 [grpc-default-executor-3] INFO  client.GrpcClientProtocolClient (GrpcClientProtocolClient.java:onNext(264)) - client-119D756B1005->4234af2c-5377-4886-a4e8-6fe45d0af45e: receive RaftClientReply:client-119D756B1005->4234af2c-5377-4886-a4e8-6fe45d0af45e@group-A1165329A1F1, cid=2046, SUCCESS, logIndex=2985, commits[4234af2c-5377-4886-a4e8-6fe45d0af45e:c2986, cef72988-acf5-49ad-9ec7-695a80e7a66d:c2982, d677508c-6db9-4741-b51c-49af5e4cf22f:c2982]
2019-09-08 07:07:37,020 [grpc-default-executor-3] INFO  client.GrpcClientProtocolClient (GrpcClientProtocolClient.java:onNext(264)) - client-119D756B1005->4234af2c-5377-4886-a4e8-6fe45d0af45e: receive RaftClientReply:client-119D756B1005->4234af2c-5377-4886-a4e8-6fe45d0af45e@group-A1165329A1F1, cid=2047, SUCCESS, logIndex=2986, commits[4234af2c-5377-4886-a4e8-6fe45d0af45e:c2986, cef72988-acf5-49ad-9ec7-695a80e7a66d:c2982, d677508c-6db9-4741-b51c-49af5e4cf22f:c2982]
2019-09-08 07:07:37,022 [grpc-default-executor-4] INFO  client.GrpcClientProtocolClient (GrpcClientProtocolClient.java:onNext(264)) - client-119D756B1005->4234af2c-5377-4886-a4e8-6fe45d0af45e: receive RaftClientReply:client-119D756B1005->4234af2c-5377-4886-a4e8-6fe45d0af45e@group-A1165329A1F1, cid=2048, SUCCESS, logIndex=0, commits[4234af2c-5377-4886-a4e8-6fe45d0af45e:c2990, cef72988-acf5-49ad-9ec7-695a80e7a66d:c2984, d677508c-6db9-4741-b51c-49af5e4cf22f:c2986]
 0.00% |█                                                                                                    |  0/1 Time: 0:00:172019-09-08 07:07:37,032 [grpc-default-executor-6] INFO  client.GrpcClientProtocolClient (GrpcClientProtocolClient.java:onNext(264)) - client-119D756B1005->4234af2c-5377-4886-a4e8-6fe45d0af45e: receive RaftClientReply:client-119D756B1005->4234af2c-5377-4886-a4e8-6fe45d0af45e@group-A1165329A1F1, cid=2049, SUCCESS, logIndex=2991, commits[4234af2c-5377-4886-a4e8-6fe45d0af45e:c2992, cef72988-acf5-49ad-9ec7-695a80e7a66d:c2986, d677508c-6db9-4741-b51c-49af5e4cf22f:c2990]
2019-09-08 07:07:37,032 [grpc-default-executor-6] INFO  client.GrpcClientProtocolClient (GrpcClientProtocolClient.java:onNext(264)) - client-119D756B1005->4234af2c-5377-4886-a4e8-6fe45d0af45e: receive RaftClientReply:client-119D756B1005->4234af2c-5377-4886-a4e8-6fe45d0af45e@group-A1165329A1F1, cid=2050, SUCCESS, logIndex=2992, commits[4234af2c-5377-4886-a4e8-6fe45d0af45e:c2992, cef72988-acf5-49ad-9ec7-695a80e7a66d:c2990, d677508c-6db9-4741-b51c-49af5e4cf22f:c2990]
2019-09-08 07:07:37,041 [grpc-default-executor-6] INFO  client.GrpcClientProtocolClient (GrpcClientProtocolClient.java:onNext(264)) - client-119D756B1005->4234af2c-5377-4886-a4e8-6fe45d0af45e: receive RaftClientReply:client-119D756B1005->4234af2c-5377-4886-a4e8-6fe45d0af45e@group-A1165329A1F1, cid=2051, SUCCESS, logIndex=2995, commits[4234af2c-5377-4886-a4e8-6fe45d0af45e:c2995, cef72988-acf5-49ad-9ec7-695a80e7a66d:c2994, d677508c-6db9-4741-b51c-49af5e4cf22f:c2994]
2019-09-08 07:07:37,041 [grpc-default-executor-6] INFO  client.GrpcClientProtocolClient (GrpcClientProtocolClient.java:onNext(264)) - client-119D756B1005->4234af2c-5377-4886-a4e8-6fe45d0af45e: receive RaftClientReply:client-119D756B1005->4234af2c-5377-4886-a4e8-6fe45d0af45e@group-A1165329A1F1, cid=2052, SUCCESS, logIndex=2996, commits[4234af2c-5377-4886-a4e8-6fe45d0af45e:c2996, cef72988-acf5-49ad-9ec7-695a80e7a66d:c2994, d677508c-6db9-4741-b51c-49af5e4cf22f:c2994]
2019-09-08 07:07:37,052 [grpc-default-executor-6] INFO  client.GrpcClientProtocolClient (GrpcClientProtocolClient.java:onNext(264)) - client-119D756B1005->4234af2c-5377-4886-a4e8-6fe45d0af45e: receive RaftClientReply:client-119D756B1005->4234af2c-5377-4886-a4e8-6fe45d0af45e@group-A1165329A1F1, cid=2053, SUCCESS, logIndex=0, commits[4234af2c-5377-4886-a4e8-6fe45d0af45e:c2998, cef72988-acf5-49ad-9ec7-695a80e7a66d:c2996, d677508c-6db9-4741-b51c-49af5e4cf22f:c2996]
2019-09-08 07:07:37,077 [grpc-default-executor-3] INFO  client.GrpcClientProtocolClient (GrpcClientProtocolClient.java:onNext(264)) - client-119D756B1005->4234af2c-5377-4886-a4e8-6fe45d0af45e: receive RaftClientReply:client-119D756B1005->4234af2c-5377-4886-a4e8-6fe45d0af45e@group-A1165329A1F1, cid=2054, SUCCESS, logIndex=2999, commits[4234af2c-5377-4886-a4e8-6fe45d0af45e:c3002, cef72988-acf5-49ad-9ec7-695a80e7a66d:c2998, d677508c-6db9-4741-b51c-49af5e4cf22f:c2998]
2019-09-08 07:07:37,077 [grpc-default-executor-3] INFO  client.GrpcClientProtocolClient (GrpcClientProtocolClient.java:onNext(264)) - client-119D756B1005->4234af2c-5377-4886-a4e8-6fe45d0af45e: receive RaftClientReply:client-119D756B1005->4234af2c-5377-4886-a4e8-6fe45d0af45e@group-A1165329A1F1, cid=2055, SUCCESS, logIndex=3000, commits[4234af2c-5377-4886-a4e8-6fe45d0af45e:c3002, cef72988-acf5-49ad-9ec7-695a80e7a66d:c2998, d677508c-6db9-4741-b51c-49af5e4cf22f:c2998]
2019-09-08 07:07:37,077 [grpc-default-executor-3] INFO  client.GrpcClientProtocolClient (GrpcClientProtocolClient.java:onNext(264)) - client-119D756B1005->4234af2c-5377-4886-a4e8-6fe45d0af45e: receive RaftClientReply:client-119D756B1005->4234af2c-5377-4886-a4e8-6fe45d0af45e@group-A1165329A1F1, cid=2056, SUCCESS, logIndex=3001, commits[4234af2c-5377-4886-a4e8-6fe45d0af45e:c3002, cef72988-acf5-49ad-9ec7-695a80e7a66d:c2998, d677508c-6db9-4741-b51c-49af5e4cf22f:c2998]
2019-09-08 07:07:37,078 [grpc-default-executor-3] INFO  client.GrpcClientProtocolClient (GrpcClientProtocolClient.java:onNext(264)) - client-119D756B1005->4234af2c-5377-4886-a4e8-6fe45d0af45e: receive RaftClientReply:client-119D756B1005->4234af2c-5377-4886-a4e8-6fe45d0af45e@group-A1165329A1F1, cid=2057, SUCCESS, logIndex=3002, commits[4234af2c-5377-4886-a4e8-6fe45d0af45e:c3002, cef72988-acf5-49ad-9ec7-695a80e7a66d:c2998, d677508c-6db9-4741-b51c-49af5e4cf22f:c2998]
2019-09-08 07:07:37,088 [grpc-default-executor-3] INFO  client.GrpcClientProtocolClient (GrpcClientProtocolClient.java:onNext(264)) - client-119D756B1005->4234af2c-5377-4886-a4e8-6fe45d0af45e: receive RaftClientReply:client-119D756B1005->4234af2c-5377-4886-a4e8-6fe45d0af45e@group-A1165329A1F1, cid=2058, SUCCESS, logIndex=0, commits[4234af2c-5377-4886-a4e8-6fe45d0af45e:c3004, cef72988-acf5-49ad-9ec7-695a80e7a66d:c3002, d677508c-6db9-4741-b51c-49af5e4cf22f:c3001]
2019-09-08 07:07:37,113 [grpc-default-executor-4] INFO  client.GrpcClientProtocolClient (GrpcClientProtocolClient.java:onNext(264)) - client-119D756B1005->4234af2c-5377-4886-a4e8-6fe45d0af45e: receive RaftClientReply:client-119D756B1005->4234af2c-5377-4886-a4e8-6fe45d0af45e@group-A1165329A1F1, cid=2059, SUCCESS, logIndex=3007, commits[4234af2c-5377-4886-a4e8-6fe45d0af45e:c3008, cef72988-acf5-49ad-9ec7-695a80e7a66d:c3006, d677508c-6db9-4741-b51c-49af5e4cf22f:c3006]
2019-09-08 07:07:37,115 [grpc-default-executor-4] INFO  client.GrpcClientProtocolClient (GrpcClientProtocolClient.java:onNext(264)) - client-119D756B1005->4234af2c-5377-4886-a4e8-6fe45d0af45e: receive RaftClientReply:client-119D756B1005->4234af2c-5377-4886-a4e8-6fe45d0af45e@group-A1165329A1F1, cid=2060, SUCCESS, logIndex=3008, commits[4234af2c-5377-4886-a4e8-6fe45d0af45e:c3008, cef72988-acf5-49ad-9ec7-695a80e7a66d:c3006, d677508c-6db9-4741-b51c-49af5e4cf22f:c3006]
2019-09-08 07:07:37,136 [grpc-default-executor-6] INFO  client.GrpcClientProtocolClient (GrpcClientProtocolClient.java:onNext(264)) - client-119D756B1005->4234af2c-5377-4886-a4e8-6fe45d0af45e: receive RaftClientReply:client-119D756B1005->4234af2c-5377-4886-a4e8-6fe45d0af45e@group-A1165329A1F1, cid=2061, SUCCESS, logIndex=3011, commits[4234af2c-5377-4886-a4e8-6fe45d0af45e:c3012, cef72988-acf5-49ad-9ec7-695a80e7a66d:c3008, d677508c-6db9-4741-b51c-49af5e4cf22f:c3008]
2019-09-08 07:07:37,137 [grpc-default-executor-6] INFO  client.GrpcClientProtocolClient (GrpcClientProtocolClient.java:onNext(264)) - client-119D756B1005->4234af2c-5377-4886-a4e8-6fe45d0af45e: receive RaftClientReply:client-119D756B1005->4234af2c-5377-4886-a4e8-6fe45d0af45e@group-A1165329A1F1, cid=2062, SUCCESS, logIndex=3012, commits[4234af2c-5377-4886-a4e8-6fe45d0af45e:c3012, cef72988-acf5-49ad-9ec7-695a80e7a66d:c3008, d677508c-6db9-4741-b51c-49af5e4cf22f:c3008]
2019-09-08 07:07:37,139 [grpc-default-executor-6] INFO  client.GrpcClientProtocolClient (GrpcClientProtocolClient.java:onNext(264)) - client-119D756B1005->4234af2c-5377-4886-a4e8-6fe45d0af45e: receive RaftClientReply:client-119D756B1005->4234af2c-5377-4886-a4e8-6fe45d0af45e@group-A1165329A1F1, cid=2063, SUCCESS, logIndex=0, commits[4234af2c-5377-4886-a4e8-6fe45d0af45e:c3014, cef72988-acf5-49ad-9ec7-695a80e7a66d:c3012, d677508c-6db9-4741-b51c-49af5e4cf22f:c3012]
2019-09-08 07:07:37,184 [grpc-default-executor-3] INFO  client.GrpcClientProtocolClient (GrpcClientProtocolClient.java:onNext(264)) - client-119D756B1005->4234af2c-5377-4886-a4e8-6fe45d0af45e: receive RaftClientReply:client-119D756B1005->4234af2c-5377-4886-a4e8-6fe45d0af45e@group-A1165329A1F1, cid=2064, SUCCESS, logIndex=3015, commits[4234af2c-5377-4886-a4e8-6fe45d0af45e:c3016, cef72988-acf5-49ad-9ec7-695a80e7a66d:c3014, d677508c-6db9-4741-b51c-49af5e4cf22f:c3014]
2019-09-08 07:07:37,184 [grpc-default-executor-3] INFO  client.GrpcClientProtocolClient (GrpcClientProtocolClient.java:onNext(264)) - client-119D756B1005->4234af2c-5377-4886-a4e8-6fe45d0af45e: receive RaftClientReply:client-119D756B1005->4234af2c-5377-4886-a4e8-6fe45d0af45e@group-A1165329A1F1, cid=2065, SUCCESS, logIndex=3016, commits[4234af2c-5377-4886-a4e8-6fe45d0af45e:c3016, cef72988-acf5-49ad-9ec7-695a80e7a66d:c3014, d677508c-6db9-4741-b51c-49af5e4cf22f:c3014]
2019-09-08 07:07:37,194 [grpc-default-executor-3] INFO  client.GrpcClientProtocolClient (GrpcClientProtocolClient.java:onNext(264)) - client-119D756B1005->4234af2c-5377-4886-a4e8-6fe45d0af45e: receive RaftClientReply:client-119D756B1005->4234af2c-5377-4886-a4e8-6fe45d0af45e@group-A1165329A1F1, cid=2066, SUCCESS, logIndex=3017, commits[4234af2c-5377-4886-a4e8-6fe45d0af45e:c3018, cef72988-acf5-49ad-9ec7-695a80e7a66d:c3014, d677508c-6db9-4741-b51c-49af5e4cf22f:c3014]
2019-09-08 07:07:37,194 [grpc-default-executor-3] INFO  client.GrpcClientProtocolClient (GrpcClientProtocolClient.java:onNext(264)) - client-119D756B1005->4234af2c-5377-4886-a4e8-6fe45d0af45e: receive RaftClientReply:client-119D756B1005->4234af2c-5377-4886-a4e8-6fe45d0af45e@group-A1165329A1F1, cid=2067, SUCCESS, logIndex=3018, commits[4234af2c-5377-4886-a4e8-6fe45d0af45e:c3019, cef72988-acf5-49ad-9ec7-695a80e7a66d:c3016, d677508c-6db9-4741-b51c-49af5e4cf22f:c3016]
2019-09-08 07:07:37,215 [grpc-default-executor-4] INFO  client.GrpcClientProtocolClient (GrpcClientProtocolClient.java:onNext(264)) - client-119D756B1005->4234af2c-5377-4886-a4e8-6fe45d0af45e: receive RaftClientReply:client-119D756B1005->4234af2c-5377-4886-a4e8-6fe45d0af45e@group-A1165329A1F1, cid=2068, SUCCESS, logIndex=3023, commits[4234af2c-5377-4886-a4e8-6fe45d0af45e:c3023, cef72988-acf5-49ad-9ec7-695a80e7a66d:c3022, d677508c-6db9-4741-b51c-49af5e4cf22f:c3022]
2019-09-08 07:07:37,215 [grpc-default-executor-4] INFO  client.GrpcClientProtocolClient (GrpcClientProtocolClient.java:onNext(264)) - client-119D756B1005->4234af2c-5377-4886-a4e8-6fe45d0af45e: receive RaftClientReply:client-119D756B1005->4234af2c-5377-4886-a4e8-6fe45d0af45e@group-A1165329A1F1, cid=2069, SUCCESS, logIndex=3024, commits[4234af2c-5377-4886-a4e8-6fe45d0af45e:c3024, cef72988-acf5-49ad-9ec7-695a80e7a66d:c3022, d677508c-6db9-4741-b51c-49af5e4cf22f:c3022]
2019-09-08 07:07:37,228 [grpc-default-executor-4] INFO  client.GrpcClientProtocolClient (GrpcClientProtocolClient.java:onNext(264)) - client-119D756B1005->4234af2c-5377-4886-a4e8-6fe45d0af45e: receive RaftClientReply:client-119D756B1005->4234af2c-5377-4886-a4e8-6fe45d0af45e@group-A1165329A1F1, cid=2070, SUCCESS, logIndex=3027, commits[4234af2c-5377-4886-a4e8-6fe45d0af45e:c3028, cef72988-acf5-49ad-9ec7-695a80e7a66d:c3024, d677508c-6db9-4741-b51c-49af5e4cf22f:c3024]
2019-09-08 07:07:37,229 [grpc-default-executor-4] INFO  client.GrpcClientProtocolClient (GrpcClientProtocolClient.java:onNext(264)) - client-119D756B1005->4234af2c-5377-4886-a4e8-6fe45d0af45e: receive RaftClientReply:client-119D756B1005->4234af2c-5377-4886-a4e8-6fe45d0af45e@group-A1165329A1F1, cid=2071, SUCCESS, logIndex=3028, commits[4234af2c-5377-4886-a4e8-6fe45d0af45e:c3028, cef72988-acf5-49ad-9ec7-695a80e7a66d:c3024, d677508c-6db9-4741-b51c-49af5e4cf22f:c3024]
2019-09-08 07:07:37,240 [grpc-default-executor-4] INFO  client.GrpcClientProtocolClient (GrpcClientProtocolClient.java:onNext(264)) - client-119D756B1005->4234af2c-5377-4886-a4e8-6fe45d0af45e: receive RaftClientReply:client-119D756B1005->4234af2c-5377-4886-a4e8-6fe45d0af45e@group-A1165329A1F1, cid=2072, SUCCESS, logIndex=0, commits[4234af2c-5377-4886-a4e8-6fe45d0af45e:c3029, cef72988-acf5-49ad-9ec7-695a80e7a66d:c3028, d677508c-6db9-4741-b51c-49af5e4cf22f:c3028]
2019-09-08 07:07:37,268 [grpc-default-executor-4] INFO  client.GrpcClientProtocolClient (GrpcClientProtocolClient.java:onNext(264)) - client-119D756B1005->4234af2c-5377-4886-a4e8-6fe45d0af45e: receive RaftClientReply:client-119D756B1005->4234af2c-5377-4886-a4e8-6fe45d0af45e@group-A1165329A1F1, cid=2073, SUCCESS, logIndex=3031, commits[4234af2c-5377-4886-a4e8-6fe45d0af45e:c3033, cef72988-acf5-49ad-9ec7-695a80e7a66d:c3030, d677508c-6db9-4741-b51c-49af5e4cf22f:c3030]
2019-09-08 07:07:37,269 [grpc-default-executor-4] INFO  client.GrpcClientProtocolClient (GrpcClientProtocolClient.java:onNext(264)) - client-119D756B1005->4234af2c-5377-4886-a4e8-6fe45d0af45e: receive RaftClientReply:client-119D756B1005->4234af2c-5377-4886-a4e8-6fe45d0af45e@group-A1165329A1F1, cid=2074, SUCCESS, logIndex=3032, commits[4234af2c-5377-4886-a4e8-6fe45d0af45e:c3034, cef72988-acf5-49ad-9ec7-695a80e7a66d:c3030, d677508c-6db9-4741-b51c-49af5e4cf22f:c3030]
2019-09-08 07:07:37,269 [grpc-default-executor-4] INFO  client.GrpcClientProtocolClient (GrpcClientProtocolClient.java:onNext(264)) - client-119D756B1005->4234af2c-5377-4886-a4e8-6fe45d0af45e: receive RaftClientReply:client-119D756B1005->4234af2c-5377-4886-a4e8-6fe45d0af45e@group-A1165329A1F1, cid=2075, SUCCESS, logIndex=3033, commits[4234af2c-5377-4886-a4e8-6fe45d0af45e:c3034, cef72988-acf5-49ad-9ec7-695a80e7a66d:c3030, d677508c-6db9-4741-b51c-49af5e4cf22f:c3030]
2019-09-08 07:07:37,269 [grpc-default-executor-4] INFO  client.GrpcClientProtocolClient (GrpcClientProtocolClient.java:onNext(264)) - client-119D756B1005->4234af2c-5377-4886-a4e8-6fe45d0af45e: receive RaftClientReply:client-119D756B1005->4234af2c-5377-4886-a4e8-6fe45d0af45e@group-A1165329A1F1, cid=2076, SUCCESS, logIndex=3034, commits[4234af2c-5377-4886-a4e8-6fe45d0af45e:c3035, cef72988-acf5-49ad-9ec7-695a80e7a66d:c3032, d677508c-6db9-4741-b51c-49af5e4cf22f:c3030]
2019-09-08 07:07:37,270 [grpc-default-executor-5] INFO  client.GrpcClientProtocolClient (GrpcClientProtocolClient.java:onNext(264)) - client-119D756B1005->4234af2c-5377-4886-a4e8-6fe45d0af45e: receive RaftClientReply:client-119D756B1005->4234af2c-5377-4886-a4e8-6fe45d0af45e@group-A1165329A1F1, cid=2077, SUCCESS, logIndex=0, commits[4234af2c-5377-4886-a4e8-6fe45d0af45e:c3038, cef72988-acf5-49ad-9ec7-695a80e7a66d:c3032, d677508c-6db9-4741-b51c-49af5e4cf22f:c3034]
2019-09-08 07:07:37,280 [grpc-default-executor-0] INFO  client.GrpcClientProtocolClient (GrpcClientProtocolClient.java:onNext(264)) - client-119D756B1005->4234af2c-5377-4886-a4e8-6fe45d0af45e: receive RaftClientReply:client-119D756B1005->4234af2c-5377-4886-a4e8-6fe45d0af45e@group-A1165329A1F1, cid=2078, SUCCESS, logIndex=3039, commits[4234af2c-5377-4886-a4e8-6fe45d0af45e:c3040, cef72988-acf5-49ad-9ec7-695a80e7a66d:c3034, d677508c-6db9-4741-b51c-49af5e4cf22f:c3038]
2019-09-08 07:07:37,280 [grpc-default-executor-0] INFO  client.GrpcClientProtocolClient (GrpcClientProtocolClient.java:onNext(264)) - client-119D756B1005->4234af2c-5377-4886-a4e8-6fe45d0af45e: receive RaftClientReply:client-119D756B1005->4234af2c-5377-4886-a4e8-6fe45d0af45e@group-A1165329A1F1, cid=2079, SUCCESS, logIndex=3040, commits[4234af2c-5377-4886-a4e8-6fe45d0af45e:c3040, cef72988-acf5-49ad-9ec7-695a80e7a66d:c3038, d677508c-6db9-4741-b51c-49af5e4cf22f:c3038]
2019-09-08 07:07:37,290 [grpc-default-executor-4] INFO  client.GrpcClientProtocolClient (GrpcClientProtocolClient.java:onNext(264)) - client-119D756B1005->4234af2c-5377-4886-a4e8-6fe45d0af45e: receive RaftClientReply:client-119D756B1005->4234af2c-5377-4886-a4e8-6fe45d0af45e@group-A1165329A1F1, cid=2080, SUCCESS, logIndex=3043, commits[4234af2c-5377-4886-a4e8-6fe45d0af45e:c3044, cef72988-acf5-49ad-9ec7-695a80e7a66d:c3042, d677508c-6db9-4741-b51c-49af5e4cf22f:c3042]
2019-09-08 07:07:37,291 [grpc-default-executor-4] INFO  client.GrpcClientProtocolClient (GrpcClientProtocolClient.java:onNext(264)) - client-119D756B1005->4234af2c-5377-4886-a4e8-6fe45d0af45e: receive RaftClientReply:client-119D756B1005->4234af2c-5377-4886-a4e8-6fe45d0af45e@group-A1165329A1F1, cid=2081, SUCCESS, logIndex=3044, commits[4234af2c-5377-4886-a4e8-6fe45d0af45e:c3044, cef72988-acf5-49ad-9ec7-695a80e7a66d:c3042, d677508c-6db9-4741-b51c-49af5e4cf22f:c3042]
2019-09-08 07:07:37,292 [grpc-default-executor-4] INFO  client.GrpcClientProtocolClient (GrpcClientProtocolClient.java:onNext(264)) - client-119D756B1005->4234af2c-5377-4886-a4e8-6fe45d0af45e: receive RaftClientReply:client-119D756B1005->4234af2c-5377-4886-a4e8-6fe45d0af45e@group-A1165329A1F1, cid=2082, SUCCESS, logIndex=0, commits[4234af2c-5377-4886-a4e8-6fe45d0af45e:c3045, cef72988-acf5-49ad-9ec7-695a80e7a66d:c3044, d677508c-6db9-4741-b51c-49af5e4cf22f:c3044]
2019-09-08 07:07:37,315 [grpc-default-executor-4] INFO  client.GrpcClientProtocolClient (GrpcClientProtocolClient.java:onNext(264)) - client-119D756B1005->4234af2c-5377-4886-a4e8-6fe45d0af45e: receive RaftClientReply:client-119D756B1005->4234af2c-5377-4886-a4e8-6fe45d0af45e@group-A1165329A1F1, cid=2083, SUCCESS, logIndex=3047, commits[4234af2c-5377-4886-a4e8-6fe45d0af45e:c3048, cef72988-acf5-49ad-9ec7-695a80e7a66d:c3046, d677508c-6db9-4741-b51c-49af5e4cf22f:c3046]
2019-09-08 07:07:37,316 [grpc-default-executor-4] INFO  client.GrpcClientProtocolClient (GrpcClientProtocolClient.java:onNext(264)) - client-119D756B1005->4234af2c-5377-4886-a4e8-6fe45d0af45e: receive RaftClientReply:client-119D756B1005->4234af2c-5377-4886-a4e8-6fe45d0af45e@group-A1165329A1F1, cid=2084, SUCCESS, logIndex=3048, commits[4234af2c-5377-4886-a4e8-6fe45d0af45e:c3050, cef72988-acf5-49ad-9ec7-695a80e7a66d:c3046, d677508c-6db9-4741-b51c-49af5e4cf22f:c3046]
2019-09-08 07:07:37,316 [grpc-default-executor-4] INFO  client.GrpcClientProtocolClient (GrpcClientProtocolClient.java:onNext(264)) - client-119D756B1005->4234af2c-5377-4886-a4e8-6fe45d0af45e: receive RaftClientReply:client-119D756B1005->4234af2c-5377-4886-a4e8-6fe45d0af45e@group-A1165329A1F1, cid=2085, SUCCESS, logIndex=3049, commits[4234af2c-5377-4886-a4e8-6fe45d0af45e:c3050, cef72988-acf5-49ad-9ec7-695a80e7a66d:c3046, d677508c-6db9-4741-b51c-49af5e4cf22f:c3046]
2019-09-08 07:07:37,316 [grpc-default-executor-4] INFO  client.GrpcClientProtocolClient (GrpcClientProtocolClient.java:onNext(264)) - client-119D756B1005->4234af2c-5377-4886-a4e8-6fe45d0af45e: receive RaftClientReply:client-119D756B1005->4234af2c-5377-4886-a4e8-6fe45d0af45e@group-A1165329A1F1, cid=2086, SUCCESS, logIndex=3050, commits[4234af2c-5377-4886-a4e8-6fe45d0af45e:c3050, cef72988-acf5-49ad-9ec7-695a80e7a66d:c3046, d677508c-6db9-4741-b51c-49af5e4cf22f:c3046]
2019-09-08 07:07:37,317 [grpc-default-executor-4] INFO  client.GrpcClientProtocolClient (GrpcClientProtocolClient.java:onNext(264)) - client-119D756B1005->4234af2c-5377-4886-a4e8-6fe45d0af45e: receive RaftClientReply:client-119D756B1005->4234af2c-5377-4886-a4e8-6fe45d0af45e@group-A1165329A1F1, cid=2087, SUCCESS, logIndex=0, commits[4234af2c-5377-4886-a4e8-6fe45d0af45e:c3052, cef72988-acf5-49ad-9ec7-695a80e7a66d:c3048, d677508c-6db9-4741-b51c-49af5e4cf22f:c3048]
2019-09-08 07:07:37,327 [grpc-default-executor-0] INFO  client.GrpcClientProtocolClient (GrpcClientProtocolClient.java:onNext(264)) - client-119D756B1005->4234af2c-5377-4886-a4e8-6fe45d0af45e: receive RaftClientReply:client-119D756B1005->4234af2c-5377-4886-a4e8-6fe45d0af45e@group-A1165329A1F1, cid=2088, SUCCESS, logIndex=3054, commits[4234af2c-5377-4886-a4e8-6fe45d0af45e:c3055, cef72988-acf5-49ad-9ec7-695a80e7a66d:c3050, d677508c-6db9-4741-b51c-49af5e4cf22f:c3053]
2019-09-08 07:07:37,327 [grpc-default-executor-0] INFO  client.GrpcClientProtocolClient (GrpcClientProtocolClient.java:onNext(264)) - client-119D756B1005->4234af2c-5377-4886-a4e8-6fe45d0af45e: receive RaftClientReply:client-119D756B1005->4234af2c-5377-4886-a4e8-6fe45d0af45e@group-A1165329A1F1, cid=2089, SUCCESS, logIndex=3055, commits[4234af2c-5377-4886-a4e8-6fe45d0af45e:c3055, cef72988-acf5-49ad-9ec7-695a80e7a66d:c3053, d677508c-6db9-4741-b51c-49af5e4cf22f:c3053]
2019-09-08 07:07:37,335 [grpc-default-executor-0] INFO  client.GrpcClientProtocolClient (GrpcClientProtocolClient.java:onNext(264)) - client-119D756B1005->4234af2c-5377-4886-a4e8-6fe45d0af45e: receive RaftClientReply:client-119D756B1005->4234af2c-5377-4886-a4e8-6fe45d0af45e@group-A1165329A1F1, cid=2090, SUCCESS, logIndex=3058, commits[4234af2c-5377-4886-a4e8-6fe45d0af45e:c3059, cef72988-acf5-49ad-9ec7-695a80e7a66d:c3055, d677508c-6db9-4741-b51c-49af5e4cf22f:c3057]
2019-09-08 07:07:37,336 [grpc-default-executor-0] INFO  client.GrpcClientProtocolClient (GrpcClientProtocolClient.java:onNext(264)) - client-119D756B1005->4234af2c-5377-4886-a4e8-6fe45d0af45e: receive RaftClientReply:client-119D756B1005->4234af2c-5377-4886-a4e8-6fe45d0af45e@group-A1165329A1F1, cid=2091, SUCCESS, logIndex=3059, commits[4234af2c-5377-4886-a4e8-6fe45d0af45e:c3059, cef72988-acf5-49ad-9ec7-695a80e7a66d:c3055, d677508c-6db9-4741-b51c-49af5e4cf22f:c3057]
2019-09-08 07:07:37,338 [grpc-default-executor-0] INFO  client.GrpcClientProtocolClient (GrpcClientProtocolClient.java:onNext(264)) - client-119D756B1005->4234af2c-5377-4886-a4e8-6fe45d0af45e: receive RaftClientReply:client-119D756B1005->4234af2c-5377-4886-a4e8-6fe45d0af45e@group-A1165329A1F1, cid=2092, SUCCESS, logIndex=0, commits[4234af2c-5377-4886-a4e8-6fe45d0af45e:c3060, cef72988-acf5-49ad-9ec7-695a80e7a66d:c3059, d677508c-6db9-4741-b51c-49af5e4cf22f:c3059]
2019-09-08 07:07:37,365 [grpc-default-executor-4] INFO  client.GrpcClientProtocolClient (GrpcClientProtocolClient.java:onNext(264)) - client-119D756B1005->4234af2c-5377-4886-a4e8-6fe45d0af45e: receive RaftClientReply:client-119D756B1005->4234af2c-5377-4886-a4e8-6fe45d0af45e@group-A1165329A1F1, cid=2093, SUCCESS, logIndex=3062, commits[4234af2c-5377-4886-a4e8-6fe45d0af45e:c3064, cef72988-acf5-49ad-9ec7-695a80e7a66d:c3061, d677508c-6db9-4741-b51c-49af5e4cf22f:c3061]
2019-09-08 07:07:37,366 [grpc-default-executor-4] INFO  client.GrpcClientProtocolClient (GrpcClientProtocolClient.java:onNext(264)) - client-119D756B1005->4234af2c-5377-4886-a4e8-6fe45d0af45e: receive RaftClientReply:client-119D756B1005->4234af2c-5377-4886-a4e8-6fe45d0af45e@group-A1165329A1F1, cid=2094, SUCCESS, logIndex=3063, commits[4234af2c-5377-4886-a4e8-6fe45d0af45e:c3065, cef72988-acf5-49ad-9ec7-695a80e7a66d:c3061, d677508c-6db9-4741-b51c-49af5e4cf22f:c3061]
2019-09-08 07:07:37,366 [grpc-default-executor-4] INFO  client.GrpcClientProtocolClient (GrpcClientProtocolClient.java:onNext(264)) - client-119D756B1005->4234af2c-5377-4886-a4e8-6fe45d0af45e: receive RaftClientReply:client-119D756B1005->4234af2c-5377-4886-a4e8-6fe45d0af45e@group-A1165329A1F1, cid=2095, SUCCESS, logIndex=3064, commits[4234af2c-5377-4886-a4e8-6fe45d0af45e:c3065, cef72988-acf5-49ad-9ec7-695a80e7a66d:c3061, d677508c-6db9-4741-b51c-49af5e4cf22f:c3061]
2019-09-08 07:07:37,366 [grpc-default-executor-4] INFO  client.GrpcClientProtocolClient (GrpcClientProtocolClient.java:onNext(264)) - client-119D756B1005->4234af2c-5377-4886-a4e8-6fe45d0af45e: receive RaftClientReply:client-119D756B1005->4234af2c-5377-4886-a4e8-6fe45d0af45e@group-A1165329A1F1, cid=2096, SUCCESS, logIndex=3065, commits[4234af2c-5377-4886-a4e8-6fe45d0af45e:c3065, cef72988-acf5-49ad-9ec7-695a80e7a66d:c3061, d677508c-6db9-4741-b51c-49af5e4cf22f:c3061]
2019-09-08 07:07:37,367 [grpc-default-executor-0] INFO  client.GrpcClientProtocolClient (GrpcClientProtocolClient.java:onNext(264)) - client-119D756B1005->4234af2c-5377-4886-a4e8-6fe45d0af45e: receive RaftClientReply:client-119D756B1005->4234af2c-5377-4886-a4e8-6fe45d0af45e@group-A1165329A1F1, cid=2097, SUCCESS, logIndex=0, commits[4234af2c-5377-4886-a4e8-6fe45d0af45e:c3066, cef72988-acf5-49ad-9ec7-695a80e7a66d:c3063, d677508c-6db9-4741-b51c-49af5e4cf22f:c3063]
2019-09-08 07:07:37,384 [grpc-default-executor-4] INFO  client.GrpcClientProtocolClient (GrpcClientProtocolClient.java:onNext(264)) - client-119D756B1005->4234af2c-5377-4886-a4e8-6fe45d0af45e: receive RaftClientReply:client-119D756B1005->4234af2c-5377-4886-a4e8-6fe45d0af45e@group-A1165329A1F1, cid=2098, SUCCESS, logIndex=3070, commits[4234af2c-5377-4886-a4e8-6fe45d0af45e:c3071, cef72988-acf5-49ad-9ec7-695a80e7a66d:c3069, d677508c-6db9-4741-b51c-49af5e4cf22f:c3069]
2019-09-08 07:07:37,390 [grpc-default-executor-4] INFO  client.GrpcClientProtocolClient (GrpcClientProtocolClient.java:onNext(264)) - client-119D756B1005->4234af2c-5377-4886-a4e8-6fe45d0af45e: receive RaftClientReply:client-119D756B1005->4234af2c-5377-4886-a4e8-6fe45d0af45e@group-A1165329A1F1, cid=2099, SUCCESS, logIndex=3071, commits[4234af2c-5377-4886-a4e8-6fe45d0af45e:c3071, cef72988-acf5-49ad-9ec7-695a80e7a66d:c3069, d677508c-6db9-4741-b51c-49af5e4cf22f:c3069]
2019-09-08 07:07:37,499 [grpc-default-executor-0] INFO  client.GrpcClientProtocolClient (GrpcClientProtocolClient.java:onNext(264)) - client-119D756B1005->4234af2c-5377-4886-a4e8-6fe45d0af45e: receive RaftClientReply:client-119D756B1005->4234af2c-5377-4886-a4e8-6fe45d0af45e@group-A1165329A1F1, cid=2100, SUCCESS, logIndex=3074, commits[4234af2c-5377-4886-a4e8-6fe45d0af45e:c3075, cef72988-acf5-49ad-9ec7-695a80e7a66d:c3071, d677508c-6db9-4741-b51c-49af5e4cf22f:c3073]
2019-09-08 07:07:37,500 [grpc-default-executor-0] INFO  client.GrpcClientProtocolClient (GrpcClientProtocolClient.java:onNext(264)) - client-119D756B1005->4234af2c-5377-4886-a4e8-6fe45d0af45e: receive RaftClientReply:client-119D756B1005->4234af2c-5377-4886-a4e8-6fe45d0af45e@group-A1165329A1F1, cid=2101, SUCCESS, logIndex=3075, commits[4234af2c-5377-4886-a4e8-6fe45d0af45e:c3075, cef72988-acf5-49ad-9ec7-695a80e7a66d:c3071, d677508c-6db9-4741-b51c-49af5e4cf22f:c3073]
2019-09-08 07:07:37,518 [grpc-default-executor-4] INFO  client.GrpcClientProtocolClient (GrpcClientProtocolClient.java:onNext(264)) - client-119D756B1005->4234af2c-5377-4886-a4e8-6fe45d0af45e: receive RaftClientReply:client-119D756B1005->4234af2c-5377-4886-a4e8-6fe45d0af45e@group-A1165329A1F1, cid=2102, SUCCESS, logIndex=0, commits[4234af2c-5377-4886-a4e8-6fe45d0af45e:c3077, cef72988-acf5-49ad-9ec7-695a80e7a66d:c3075, d677508c-6db9-4741-b51c-49af5e4cf22f:c3075]
2019-09-08 07:07:37,550 [grpc-default-executor-3] INFO  client.GrpcClientProtocolClient (GrpcClientProtocolClient.java:onNext(264)) - client-119D756B1005->4234af2c-5377-4886-a4e8-6fe45d0af45e: receive RaftClientReply:client-119D756B1005->4234af2c-5377-4886-a4e8-6fe45d0af45e@group-A1165329A1F1, cid=2103, SUCCESS, logIndex=3078, commits[4234af2c-5377-4886-a4e8-6fe45d0af45e:c3079, cef72988-acf5-49ad-9ec7-695a80e7a66d:c3077, d677508c-6db9-4741-b51c-49af5e4cf22f:c3077]
2019-09-08 07:07:37,550 [grpc-default-executor-3] INFO  client.GrpcClientProtocolClient (GrpcClientProtocolClient.java:onNext(264)) - client-119D756B1005->4234af2c-5377-4886-a4e8-6fe45d0af45e: receive RaftClientReply:client-119D756B1005->4234af2c-5377-4886-a4e8-6fe45d0af45e@group-A1165329A1F1, cid=2104, SUCCESS, logIndex=3079, commits[4234af2c-5377-4886-a4e8-6fe45d0af45e:c3081, cef72988-acf5-49ad-9ec7-695a80e7a66d:c3077, d677508c-6db9-4741-b51c-49af5e4cf22f:c3077]
2019-09-08 07:07:37,550 [grpc-default-executor-3] INFO  client.GrpcClientProtocolClient (GrpcClientProtocolClient.java:onNext(264)) - client-119D756B1005->4234af2c-5377-4886-a4e8-6fe45d0af45e: receive RaftClientReply:client-119D756B1005->4234af2c-5377-4886-a4e8-6fe45d0af45e@group-A1165329A1F1, cid=2105, SUCCESS, logIndex=3080, commits[4234af2c-5377-4886-a4e8-6fe45d0af45e:c3081, cef72988-acf5-49ad-9ec7-695a80e7a66d:c3077, d677508c-6db9-4741-b51c-49af5e4cf22f:c3077]
2019-09-08 07:07:37,551 [grpc-default-executor-3] INFO  client.GrpcClientProtocolClient (GrpcClientProtocolClient.java:onNext(264)) - client-119D756B1005->4234af2c-5377-4886-a4e8-6fe45d0af45e: receive RaftClientReply:client-119D756B1005->4234af2c-5377-4886-a4e8-6fe45d0af45e@group-A1165329A1F1, cid=2106, SUCCESS, logIndex=3081, commits[4234af2c-5377-4886-a4e8-6fe45d0af45e:c3081, cef72988-acf5-49ad-9ec7-695a80e7a66d:c3077, d677508c-6db9-4741-b51c-49af5e4cf22f:c3077]
2019-09-08 07:07:37,552 [grpc-default-executor-3] INFO  client.GrpcClientProtocolClient (GrpcClientProtocolClient.java:onNext(264)) - client-119D756B1005->4234af2c-5377-4886-a4e8-6fe45d0af45e: receive RaftClientReply:client-119D756B1005->4234af2c-5377-4886-a4e8-6fe45d0af45e@group-A1165329A1F1, cid=2107, SUCCESS, logIndex=0, commits[4234af2c-5377-4886-a4e8-6fe45d0af45e:c3084, cef72988-acf5-49ad-9ec7-695a80e7a66d:c3079, d677508c-6db9-4741-b51c-49af5e4cf22f:c3081]
2019-09-08 07:07:37,570 [grpc-default-executor-0] INFO  client.GrpcClientProtocolClient (GrpcClientProtocolClient.java:onNext(264)) - client-119D756B1005->4234af2c-5377-4886-a4e8-6fe45d0af45e: receive RaftClientReply:client-119D756B1005->4234af2c-5377-4886-a4e8-6fe45d0af45e@group-A1165329A1F1, cid=2108, SUCCESS, logIndex=3086, commits[4234af2c-5377-4886-a4e8-6fe45d0af45e:c3086, cef72988-acf5-49ad-9ec7-695a80e7a66d:c3085, d677508c-6db9-4741-b51c-49af5e4cf22f:c3085]
2019-09-08 07:07:37,571 [grpc-default-executor-0] INFO  client.GrpcClientProtocolClient (GrpcClientProtocolClient.java:onNext(264)) - client-119D756B1005->4234af2c-5377-4886-a4e8-6fe45d0af45e: receive RaftClientReply:client-119D756B1005->4234af2c-5377-4886-a4e8-6fe45d0af45e@group-A1165329A1F1, cid=2109, SUCCESS, logIndex=3087, commits[4234af2c-5377-4886-a4e8-6fe45d0af45e:c3087, cef72988-acf5-49ad-9ec7-695a80e7a66d:c3085, d677508c-6db9-4741-b51c-49af5e4cf22f:c3085]
2019-09-08 07:07:37,583 [grpc-default-executor-4] INFO  client.GrpcClientProtocolClient (GrpcClientProtocolClient.java:onNext(264)) - client-119D756B1005->4234af2c-5377-4886-a4e8-6fe45d0af45e: receive RaftClientReply:client-119D756B1005->4234af2c-5377-4886-a4e8-6fe45d0af45e@group-A1165329A1F1, cid=2110, SUCCESS, logIndex=3090, commits[4234af2c-5377-4886-a4e8-6fe45d0af45e:c3091, cef72988-acf5-49ad-9ec7-695a80e7a66d:c3089, d677508c-6db9-4741-b51c-49af5e4cf22f:c3089]
2019-09-08 07:07:37,583 [grpc-default-executor-4] INFO  client.GrpcClientProtocolClient (GrpcClientProtocolClient.java:onNext(264)) - client-119D756B1005->4234af2c-5377-4886-a4e8-6fe45d0af45e: receive RaftClientReply:client-119D756B1005->4234af2c-5377-4886-a4e8-6fe45d0af45e@group-A1165329A1F1, cid=2111, SUCCESS, logIndex=3091, commits[4234af2c-5377-4886-a4e8-6fe45d0af45e:c3091, cef72988-acf5-49ad-9ec7-695a80e7a66d:c3089, d677508c-6db9-4741-b51c-49af5e4cf22f:c3089]
2019-09-08 07:07:37,585 [grpc-default-executor-4] INFO  client.GrpcClientProtocolClient (GrpcClientProtocolClient.java:onNext(264)) - client-119D756B1005->4234af2c-5377-4886-a4e8-6fe45d0af45e: receive RaftClientReply:client-119D756B1005->4234af2c-5377-4886-a4e8-6fe45d0af45e@group-A1165329A1F1, cid=2112, SUCCESS, logIndex=0, commits[4234af2c-5377-4886-a4e8-6fe45d0af45e:c3092, cef72988-acf5-49ad-9ec7-695a80e7a66d:c3091, d677508c-6db9-4741-b51c-49af5e4cf22f:c3091]
2019-09-08 07:07:37,604 [grpc-default-executor-4] INFO  client.GrpcClientProtocolClient (GrpcClientProtocolClient.java:onNext(264)) - client-119D756B1005->4234af2c-5377-4886-a4e8-6fe45d0af45e: receive RaftClientReply:client-119D756B1005->4234af2c-5377-4886-a4e8-6fe45d0af45e@group-A1165329A1F1, cid=2113, SUCCESS, logIndex=3094, commits[4234af2c-5377-4886-a4e8-6fe45d0af45e:c3095, cef72988-acf5-49ad-9ec7-695a80e7a66d:c3093, d677508c-6db9-4741-b51c-49af5e4cf22f:c3093]
2019-09-08 07:07:37,604 [grpc-default-executor-4] INFO  client.GrpcClientProtocolClient (GrpcClientProtocolClient.java:onNext(264)) - client-119D756B1005->4234af2c-5377-4886-a4e8-6fe45d0af45e: receive RaftClientReply:client-119D756B1005->4234af2c-5377-4886-a4e8-6fe45d0af45e@group-A1165329A1F1, cid=2114, SUCCESS, logIndex=3095, commits[4234af2c-5377-4886-a4e8-6fe45d0af45e:c3097, cef72988-acf5-49ad-9ec7-695a80e7a66d:c3093, d677508c-6db9-4741-b51c-49af5e4cf22f:c3093]
2019-09-08 07:07:37,605 [grpc-default-executor-4] INFO  client.GrpcClientProtocolClient (GrpcClientProtocolClient.java:onNext(264)) - client-119D756B1005->4234af2c-5377-4886-a4e8-6fe45d0af45e: receive RaftClientReply:client-119D756B1005->4234af2c-5377-4886-a4e8-6fe45d0af45e@group-A1165329A1F1, cid=2115, SUCCESS, logIndex=3096, commits[4234af2c-5377-4886-a4e8-6fe45d0af45e:c3097, cef72988-acf5-49ad-9ec7-695a80e7a66d:c3093, d677508c-6db9-4741-b51c-49af5e4cf22f:c3093]
2019-09-08 07:07:37,605 [grpc-default-executor-4] INFO  client.GrpcClientProtocolClient (GrpcClientProtocolClient.java:onNext(264)) - client-119D756B1005->4234af2c-5377-4886-a4e8-6fe45d0af45e: receive RaftClientReply:client-119D756B1005->4234af2c-5377-4886-a4e8-6fe45d0af45e@group-A1165329A1F1, cid=2116, SUCCESS, logIndex=3097, commits[4234af2c-5377-4886-a4e8-6fe45d0af45e:c3097, cef72988-acf5-49ad-9ec7-695a80e7a66d:c3093, d677508c-6db9-4741-b51c-49af5e4cf22f:c3093]
2019-09-08 07:07:37,606 [grpc-default-executor-4] INFO  client.GrpcClientProtocolClient (GrpcClientProtocolClient.java:onNext(264)) - client-119D756B1005->4234af2c-5377-4886-a4e8-6fe45d0af45e: receive RaftClientReply:client-119D756B1005->4234af2c-5377-4886-a4e8-6fe45d0af45e@group-A1165329A1F1, cid=2117, SUCCESS, logIndex=0, commits[4234af2c-5377-4886-a4e8-6fe45d0af45e:c3099, cef72988-acf5-49ad-9ec7-695a80e7a66d:c3095, d677508c-6db9-4741-b51c-49af5e4cf22f:c3095]
2019-09-08 07:07:37,636 [grpc-default-executor-5] INFO  client.GrpcClientProtocolClient (GrpcClientProtocolClient.java:onNext(264)) - client-119D756B1005->4234af2c-5377-4886-a4e8-6fe45d0af45e: receive RaftClientReply:client-119D756B1005->4234af2c-5377-4886-a4e8-6fe45d0af45e@group-A1165329A1F1, cid=2118, SUCCESS, logIndex=3102, commits[4234af2c-5377-4886-a4e8-6fe45d0af45e:c3103, cef72988-acf5-49ad-9ec7-695a80e7a66d:c3101, d677508c-6db9-4741-b51c-49af5e4cf22f:c3101]
2019-09-08 07:07:37,637 [grpc-default-executor-5] INFO  client.GrpcClientProtocolClient (GrpcClientProtocolClient.java:onNext(264)) - client-119D756B1005->4234af2c-5377-4886-a4e8-6fe45d0af45e: receive RaftClientReply:client-119D756B1005->4234af2c-5377-4886-a4e8-6fe45d0af45e@group-A1165329A1F1, cid=2119, SUCCESS, logIndex=3103, commits[4234af2c-5377-4886-a4e8-6fe45d0af45e:c3103, cef72988-acf5-49ad-9ec7-695a80e7a66d:c3101, d677508c-6db9-4741-b51c-49af5e4cf22f:c3101]
2019-09-08 07:07:37,649 [grpc-default-executor-5] INFO  client.GrpcClientProtocolClient (GrpcClientProtocolClient.java:onNext(264)) - client-119D756B1005->4234af2c-5377-4886-a4e8-6fe45d0af45e: receive RaftClientReply:client-119D756B1005->4234af2c-5377-4886-a4e8-6fe45d0af45e@group-A1165329A1F1, cid=2120, SUCCESS, logIndex=3106, commits[4234af2c-5377-4886-a4e8-6fe45d0af45e:c3107, cef72988-acf5-49ad-9ec7-695a80e7a66d:c3103, d677508c-6db9-4741-b51c-49af5e4cf22f:c3103]
2019-09-08 07:07:37,649 [grpc-default-executor-5] INFO  client.GrpcClientProtocolClient (GrpcClientProtocolClient.java:onNext(264)) - client-119D756B1005->4234af2c-5377-4886-a4e8-6fe45d0af45e: receive RaftClientReply:client-119D756B1005->4234af2c-5377-4886-a4e8-6fe45d0af45e@group-A1165329A1F1, cid=2121, SUCCESS, logIndex=3107, commits[4234af2c-5377-4886-a4e8-6fe45d0af45e:c3107, cef72988-acf5-49ad-9ec7-695a80e7a66d:c3103, d677508c-6db9-4741-b51c-49af5e4cf22f:c3103]
2019-09-08 07:07:37,662 [grpc-default-executor-5] INFO  client.GrpcClientProtocolClient (GrpcClientProtocolClient.java:onNext(264)) - client-119D756B1005->4234af2c-5377-4886-a4e8-6fe45d0af45e: receive RaftClientReply:client-119D756B1005->4234af2c-5377-4886-a4e8-6fe45d0af45e@group-A1165329A1F1, cid=2122, SUCCESS, logIndex=0, commits[4234af2c-5377-4886-a4e8-6fe45d0af45e:c3109, cef72988-acf5-49ad-9ec7-695a80e7a66d:c3107, d677508c-6db9-4741-b51c-49af5e4cf22f:c3107]
2019-09-08 07:07:37,688 [grpc-default-executor-3] INFO  client.GrpcClientProtocolClient (GrpcClientProtocolClient.java:onNext(264)) - client-119D756B1005->4234af2c-5377-4886-a4e8-6fe45d0af45e: receive RaftClientReply:client-119D756B1005->4234af2c-5377-4886-a4e8-6fe45d0af45e@group-A1165329A1F1, cid=2123, SUCCESS, logIndex=3110, commits[4234af2c-5377-4886-a4e8-6fe45d0af45e:c3111, cef72988-acf5-49ad-9ec7-695a80e7a66d:c3109, d677508c-6db9-4741-b51c-49af5e4cf22f:c3109]
2019-09-08 07:07:37,689 [grpc-default-executor-4] INFO  client.GrpcClientProtocolClient (GrpcClientProtocolClient.java:onNext(264)) - client-119D756B1005->4234af2c-5377-4886-a4e8-6fe45d0af45e: receive RaftClientReply:client-119D756B1005->4234af2c-5377-4886-a4e8-6fe45d0af45e@group-A1165329A1F1, cid=2124, SUCCESS, logIndex=3111, commits[4234af2c-5377-4886-a4e8-6fe45d0af45e:c3111, cef72988-acf5-49ad-9ec7-695a80e7a66d:c3109, d677508c-6db9-4741-b51c-49af5e4cf22f:c3109]
2019-09-08 07:07:37,689 [grpc-default-executor-4] INFO  client.GrpcClientProtocolClient (GrpcClientProtocolClient.java:onNext(264)) - client-119D756B1005->4234af2c-5377-4886-a4e8-6fe45d0af45e: receive RaftClientReply:client-119D756B1005->4234af2c-5377-4886-a4e8-6fe45d0af45e@group-A1165329A1F1, cid=2125, SUCCESS, logIndex=3112, commits[4234af2c-5377-4886-a4e8-6fe45d0af45e:c3113, cef72988-acf5-49ad-9ec7-695a80e7a66d:c3109, d677508c-6db9-4741-b51c-49af5e4cf22f:c3109]
2019-09-08 07:07:37,689 [grpc-default-executor-4] INFO  client.GrpcClientProtocolClient (GrpcClientProtocolClient.java:onNext(264)) - client-119D756B1005->4234af2c-5377-4886-a4e8-6fe45d0af45e: receive RaftClientReply:client-119D756B1005->4234af2c-5377-4886-a4e8-6fe45d0af45e@group-A1165329A1F1, cid=2126, SUCCESS, logIndex=3113, commits[4234af2c-5377-4886-a4e8-6fe45d0af45e:c3113, cef72988-acf5-49ad-9ec7-695a80e7a66d:c3109, d677508c-6db9-4741-b51c-49af5e4cf22f:c3109]
2019-09-08 07:07:37,691 [grpc-default-executor-5] INFO  client.GrpcClientProtocolClient (GrpcClientProtocolClient.java:onNext(264)) - client-119D756B1005->4234af2c-5377-4886-a4e8-6fe45d0af45e: receive RaftClientReply:client-119D756B1005->4234af2c-5377-4886-a4e8-6fe45d0af45e@group-A1165329A1F1, cid=2127, SUCCESS, logIndex=0, commits[4234af2c-5377-4886-a4e8-6fe45d0af45e:c3115, cef72988-acf5-49ad-9ec7-695a80e7a66d:c3111, d677508c-6db9-4741-b51c-49af5e4cf22f:c3111]
 0.00% |█                                                                                                    |  0/1 Time: 0:00:182019-09-08 07:07:38,337 [grpc-default-executor-5] INFO  client.GrpcClientProtocolClient (GrpcClientProtocolClient.java:onNext(264)) - client-119D756B1005->4234af2c-5377-4886-a4e8-6fe45d0af45e: receive RaftClientReply:client-119D756B1005->4234af2c-5377-4886-a4e8-6fe45d0af45e@group-A1165329A1F1, cid=2128, SUCCESS, logIndex=3118, commits[4234af2c-5377-4886-a4e8-6fe45d0af45e:c3119, cef72988-acf5-49ad-9ec7-695a80e7a66d:c3116, d677508c-6db9-4741-b51c-49af5e4cf22f:c3116]
2019-09-08 07:07:38,337 [grpc-default-executor-5] INFO  client.GrpcClientProtocolClient (GrpcClientProtocolClient.java:onNext(264)) - client-119D756B1005->4234af2c-5377-4886-a4e8-6fe45d0af45e: receive RaftClientReply:client-119D756B1005->4234af2c-5377-4886-a4e8-6fe45d0af45e@group-A1165329A1F1, cid=2129, SUCCESS, logIndex=3119, commits[4234af2c-5377-4886-a4e8-6fe45d0af45e:c3119, cef72988-acf5-49ad-9ec7-695a80e7a66d:c3116, d677508c-6db9-4741-b51c-49af5e4cf22f:c3116]
 0.00% |█                                                                                                    |  0/1 Time: 0:00:192019-09-08 07:07:39,694 [grpc-default-executor-0] INFO  client.GrpcClientProtocolClient (GrpcClientProtocolClient.java:onNext(264)) - client-119D756B1005->4234af2c-5377-4886-a4e8-6fe45d0af45e: receive RaftClientReply:client-119D756B1005->4234af2c-5377-4886-a4e8-6fe45d0af45e@group-A1165329A1F1, cid=2130, SUCCESS, logIndex=3122, commits[4234af2c-5377-4886-a4e8-6fe45d0af45e:c3123, cef72988-acf5-49ad-9ec7-695a80e7a66d:c3119, d677508c-6db9-4741-b51c-49af5e4cf22f:c3119]
2019-09-08 07:07:39,695 [grpc-default-executor-0] INFO  client.GrpcClientProtocolClient (GrpcClientProtocolClient.java:onNext(264)) - client-119D756B1005->4234af2c-5377-4886-a4e8-6fe45d0af45e: receive RaftClientReply:client-119D756B1005->4234af2c-5377-4886-a4e8-6fe45d0af45e@group-A1165329A1F1, cid=2131, SUCCESS, logIndex=3123, commits[4234af2c-5377-4886-a4e8-6fe45d0af45e:c3123, cef72988-acf5-49ad-9ec7-695a80e7a66d:c3119, d677508c-6db9-4741-b51c-49af5e4cf22f:c3119]
 0.00% |█                                                                                                    |  0/1 Time: 0:00:202019-09-08 07:07:40,318 [grpc-default-executor-0] INFO  client.GrpcClientProtocolClient (GrpcClientProtocolClient.java:onNext(264)) - client-119D756B1005->4234af2c-5377-4886-a4e8-6fe45d0af45e: receive RaftClientReply:client-119D756B1005->4234af2c-5377-4886-a4e8-6fe45d0af45e@group-A1165329A1F1, cid=2132, SUCCESS, logIndex=0, commits[4234af2c-5377-4886-a4e8-6fe45d0af45e:c3124, cef72988-acf5-49ad-9ec7-695a80e7a66d:c3123, d677508c-6db9-4741-b51c-49af5e4cf22f:c3123]
2019-09-08 07:07:40,943 [grpc-default-executor-4] INFO  client.GrpcClientProtocolClient (GrpcClientProtocolClient.java:onNext(264)) - client-119D756B1005->4234af2c-5377-4886-a4e8-6fe45d0af45e: receive RaftClientReply:client-119D756B1005->4234af2c-5377-4886-a4e8-6fe45d0af45e@group-A1165329A1F1, cid=2133, SUCCESS, logIndex=3125, commits[4234af2c-5377-4886-a4e8-6fe45d0af45e:c3126, cef72988-acf5-49ad-9ec7-695a80e7a66d:c3124, d677508c-6db9-4741-b51c-49af5e4cf22f:c3123]
2019-09-08 07:07:40,944 [grpc-default-executor-4] INFO  client.GrpcClientProtocolClient (GrpcClientProtocolClient.java:onNext(264)) - client-119D756B1005->4234af2c-5377-4886-a4e8-6fe45d0af45e: receive RaftClientReply:client-119D756B1005->4234af2c-5377-4886-a4e8-6fe45d0af45e@group-A1165329A1F1, cid=2134, SUCCESS, logIndex=3126, commits[4234af2c-5377-4886-a4e8-6fe45d0af45e:c3126, cef72988-acf5-49ad-9ec7-695a80e7a66d:c3124, d677508c-6db9-4741-b51c-49af5e4cf22f:c3123]
 0.00% |█                                                                                                    |  0/1 Time: 0:00:212019-09-08 07:07:41,653 [grpc-default-executor-0] INFO  client.GrpcClientProtocolClient (GrpcClientProtocolClient.java:onNext(264)) - client-119D756B1005->4234af2c-5377-4886-a4e8-6fe45d0af45e: receive RaftClientReply:client-119D756B1005->4234af2c-5377-4886-a4e8-6fe45d0af45e@group-A1165329A1F1, cid=2135, SUCCESS, logIndex=3127, commits[4234af2c-5377-4886-a4e8-6fe45d0af45e:c3128, cef72988-acf5-49ad-9ec7-695a80e7a66d:c3124, d677508c-6db9-4741-b51c-49af5e4cf22f:c3124]
2019-09-08 07:07:41,653 [grpc-default-executor-0] INFO  client.GrpcClientProtocolClient (GrpcClientProtocolClient.java:onNext(264)) - client-119D756B1005->4234af2c-5377-4886-a4e8-6fe45d0af45e: receive RaftClientReply:client-119D756B1005->4234af2c-5377-4886-a4e8-6fe45d0af45e@group-A1165329A1F1, cid=2136, SUCCESS, logIndex=3128, commits[4234af2c-5377-4886-a4e8-6fe45d0af45e:c3128, cef72988-acf5-49ad-9ec7-695a80e7a66d:c3124, d677508c-6db9-4741-b51c-49af5e4cf22f:c3124]
 0.00% |█                                                                                                    |  0/1 Time: 0:00:222019-09-08 07:07:42,282 [grpc-default-executor-0] INFO  client.GrpcClientProtocolClient (GrpcClientProtocolClient.java:onNext(264)) - client-119D756B1005->4234af2c-5377-4886-a4e8-6fe45d0af45e: receive RaftClientReply:client-119D756B1005->4234af2c-5377-4886-a4e8-6fe45d0af45e@group-A1165329A1F1, cid=2137, SUCCESS, logIndex=0, commits[4234af2c-5377-4886-a4e8-6fe45d0af45e:c3130, cef72988-acf5-49ad-9ec7-695a80e7a66d:c3126, d677508c-6db9-4741-b51c-49af5e4cf22f:c3126]
2019-09-08 07:07:42,599 [grpc-default-executor-4] INFO  client.GrpcClientProtocolClient (GrpcClientProtocolClient.java:onNext(264)) - client-119D756B1005->4234af2c-5377-4886-a4e8-6fe45d0af45e: receive RaftClientReply:client-119D756B1005->4234af2c-5377-4886-a4e8-6fe45d0af45e@group-A1165329A1F1, cid=2138, SUCCESS, logIndex=3133, commits[4234af2c-5377-4886-a4e8-6fe45d0af45e:c3134, cef72988-acf5-49ad-9ec7-695a80e7a66d:c3132, d677508c-6db9-4741-b51c-49af5e4cf22f:c3128]
2019-09-08 07:07:42,599 [grpc-default-executor-4] INFO  client.GrpcClientProtocolClient (GrpcClientProtocolClient.java:onNext(264)) - client-119D756B1005->4234af2c-5377-4886-a4e8-6fe45d0af45e: receive RaftClientReply:client-119D756B1005->4234af2c-5377-4886-a4e8-6fe45d0af45e@group-A1165329A1F1, cid=2139, SUCCESS, logIndex=3134, commits[4234af2c-5377-4886-a4e8-6fe45d0af45e:c3134, cef72988-acf5-49ad-9ec7-695a80e7a66d:c3132, d677508c-6db9-4741-b51c-49af5e4cf22f:c3132]
 0.00% |█                                                                                                    |  0/1 Time: 0:00:232019-09-08 07:07:43,913 [grpc-default-executor-4] INFO  client.GrpcClientProtocolClient (GrpcClientProtocolClient.java:onNext(264)) - client-119D756B1005->4234af2c-5377-4886-a4e8-6fe45d0af45e: receive RaftClientReply:client-119D756B1005->4234af2c-5377-4886-a4e8-6fe45d0af45e@group-A1165329A1F1, cid=2140, SUCCESS, logIndex=3136, commits[4234af2c-5377-4886-a4e8-6fe45d0af45e:c3137, cef72988-acf5-49ad-9ec7-695a80e7a66d:c3134, d677508c-6db9-4741-b51c-49af5e4cf22f:c3134]
2019-09-08 07:07:43,913 [grpc-default-executor-4] INFO  client.GrpcClientProtocolClient (GrpcClientProtocolClient.java:onNext(264)) - client-119D756B1005->4234af2c-5377-4886-a4e8-6fe45d0af45e: receive RaftClientReply:client-119D756B1005->4234af2c-5377-4886-a4e8-6fe45d0af45e@group-A1165329A1F1, cid=2141, SUCCESS, logIndex=3137, commits[4234af2c-5377-4886-a4e8-6fe45d0af45e:c3137, cef72988-acf5-49ad-9ec7-695a80e7a66d:c3134, d677508c-6db9-4741-b51c-49af5e4cf22f:c3134]
 0.00% |█                                                                                                    |  0/1 Time: 0:00:242019-09-08 07:07:44,596 [grpc-default-executor-4] INFO  client.GrpcClientProtocolClient (GrpcClientProtocolClient.java:onNext(264)) - client-119D756B1005->4234af2c-5377-4886-a4e8-6fe45d0af45e: receive RaftClientReply:client-119D756B1005->4234af2c-5377-4886-a4e8-6fe45d0af45e@group-A1165329A1F1, cid=2142, SUCCESS, logIndex=0, commits[4234af2c-5377-4886-a4e8-6fe45d0af45e:c3138, cef72988-acf5-49ad-9ec7-695a80e7a66d:c3137, d677508c-6db9-4741-b51c-49af5e4cf22f:c3137]
 0.00% |█                                                                                                    |  0/1 Time: 0:00:252019-09-08 07:07:45,851 [grpc-default-executor-3] INFO  client.GrpcClientProtocolClient (GrpcClientProtocolClient.java:onNext(264)) - client-119D756B1005->4234af2c-5377-4886-a4e8-6fe45d0af45e: receive RaftClientReply:client-119D756B1005->4234af2c-5377-4886-a4e8-6fe45d0af45e@group-A1165329A1F1, cid=2143, SUCCESS, logIndex=3140, commits[4234af2c-5377-4886-a4e8-6fe45d0af45e:c3141, cef72988-acf5-49ad-9ec7-695a80e7a66d:c3138, d677508c-6db9-4741-b51c-49af5e4cf22f:c3137]
2019-09-08 07:07:45,852 [grpc-default-executor-3] INFO  client.GrpcClientProtocolClient (GrpcClientProtocolClient.java:onNext(264)) - client-119D756B1005->4234af2c-5377-4886-a4e8-6fe45d0af45e: receive RaftClientReply:client-119D756B1005->4234af2c-5377-4886-a4e8-6fe45d0af45e@group-A1165329A1F1, cid=2144, SUCCESS, logIndex=3141, commits[4234af2c-5377-4886-a4e8-6fe45d0af45e:c3141, cef72988-acf5-49ad-9ec7-695a80e7a66d:c3138, d677508c-6db9-4741-b51c-49af5e4cf22f:c3137]
2019-09-08 07:07:45,855 [grpc-default-executor-0] INFO  client.GrpcClientProtocolClient (GrpcClientProtocolClient.java:onNext(264)) - client-119D756B1005->4234af2c-5377-4886-a4e8-6fe45d0af45e: receive RaftClientReply:client-119D756B1005->4234af2c-5377-4886-a4e8-6fe45d0af45e@group-A1165329A1F1, cid=2145, SUCCESS, logIndex=3142, commits[4234af2c-5377-4886-a4e8-6fe45d0af45e:c3143, cef72988-acf5-49ad-9ec7-695a80e7a66d:c3138, d677508c-6db9-4741-b51c-49af5e4cf22f:c3137]
2019-09-08 07:07:45,855 [grpc-default-executor-0] INFO  client.GrpcClientProtocolClient (GrpcClientProtocolClient.java:onNext(264)) - client-119D756B1005->4234af2c-5377-4886-a4e8-6fe45d0af45e: receive RaftClientReply:client-119D756B1005->4234af2c-5377-4886-a4e8-6fe45d0af45e@group-A1165329A1F1, cid=2146, SUCCESS, logIndex=3143, commits[4234af2c-5377-4886-a4e8-6fe45d0af45e:c3143, cef72988-acf5-49ad-9ec7-695a80e7a66d:c3138, d677508c-6db9-4741-b51c-49af5e4cf22f:c3137]
 0.00% |█                                                                                                    |  0/1 Time: 0:00:262019-09-08 07:07:46,510 [grpc-default-executor-0] INFO  client.GrpcClientProtocolClient (GrpcClientProtocolClient.java:onNext(264)) - client-119D756B1005->4234af2c-5377-4886-a4e8-6fe45d0af45e: receive RaftClientReply:client-119D756B1005->4234af2c-5377-4886-a4e8-6fe45d0af45e@group-A1165329A1F1, cid=2147, SUCCESS, logIndex=0, commits[4234af2c-5377-4886-a4e8-6fe45d0af45e:c3144, cef72988-acf5-49ad-9ec7-695a80e7a66d:c3141, d677508c-6db9-4741-b51c-49af5e4cf22f:c3141]
 0.00% |█                                                                                                    |  0/1 Time: 0:00:27 0.00% |█                                                                                                    |  0/1 Time: 0:00:28 0.00% |█                                                                                                    |  0/1 Time: 0:00:292019-09-08 07:07:49,523 [java.util.concurrent.ThreadPoolExecutor$Worker@280fc5a9[State = -1, empty queue]] WARN  server.GrpcLogAppender (GrpcLogAppender.java:timeoutAppendRequest(200)) - 4234af2c-5377-4886-a4e8-6fe45d0af45e@group-A1165329A1F1->cef72988-acf5-49ad-9ec7-695a80e7a66d-GrpcLogAppender: appendEntries Timeout, request=4234af2c-5377-4886-a4e8-6fe45d0af45e->cef72988-acf5-49ad-9ec7-695a80e7a66d#3154-t2, previous=(t:2, i:3146), leaderCommit=3145, initializing? false, entries: size=1, first=(t:2, i:3147), STATEMACHINELOGENTRY, client-119D756B1005, cid=2148
2019-09-08 07:07:49,524 [java.util.concurrent.ThreadPoolExecutor$Worker@280fc5a9[State = -1, empty queue]] WARN  server.GrpcLogAppender (GrpcLogAppender.java:timeoutAppendRequest(200)) - 4234af2c-5377-4886-a4e8-6fe45d0af45e@group-A1165329A1F1->cef72988-acf5-49ad-9ec7-695a80e7a66d-GrpcLogAppender: appendEntries Timeout, request=4234af2c-5377-4886-a4e8-6fe45d0af45e->cef72988-acf5-49ad-9ec7-695a80e7a66d#3155-t2, previous=(t:2, i:3147), leaderCommit=3145, initializing? false, entries: size=1, first=(t:2, i:3148), STATEMACHINELOGENTRY, client-119D756B1005, cid=2149
2019-09-08 07:07:49,556 [grpc-default-executor-3] WARN  server.GrpcLogAppender (GrpcLogAppender.java:onNextImpl(251)) - 4234af2c-5377-4886-a4e8-6fe45d0af45e@group-A1165329A1F1->cef72988-acf5-49ad-9ec7-695a80e7a66d-AppendLogResponseHandler: Request not found, ignoring reply: 4234af2c-5377-4886-a4e8-6fe45d0af45e<-cef72988-acf5-49ad-9ec7-695a80e7a66d#3154:OK,SUCCESS,nextIndex:3148,term:2,followerCommit:3146
2019-09-08 07:07:49,561 [grpc-default-executor-3] WARN  server.GrpcLogAppender (GrpcLogAppender.java:onNextImpl(251)) - 4234af2c-5377-4886-a4e8-6fe45d0af45e@group-A1165329A1F1->cef72988-acf5-49ad-9ec7-695a80e7a66d-AppendLogResponseHandler: Request not found, ignoring reply: 4234af2c-5377-4886-a4e8-6fe45d0af45e<-cef72988-acf5-49ad-9ec7-695a80e7a66d#3155:OK,SUCCESS,nextIndex:3149,term:2,followerCommit:3146
2019-09-08 07:07:49,564 [grpc-default-executor-0] INFO  client.GrpcClientProtocolClient (GrpcClientProtocolClient.java:onNext(264)) - client-119D756B1005->4234af2c-5377-4886-a4e8-6fe45d0af45e: receive RaftClientReply:client-119D756B1005->4234af2c-5377-4886-a4e8-6fe45d0af45e@group-A1165329A1F1, cid=2148, SUCCESS, logIndex=3147, commits[4234af2c-5377-4886-a4e8-6fe45d0af45e:c3148, cef72988-acf5-49ad-9ec7-695a80e7a66d:c3146, d677508c-6db9-4741-b51c-49af5e4cf22f:c3146]
2019-09-08 07:07:49,567 [grpc-default-executor-0] INFO  client.GrpcClientProtocolClient (GrpcClientProtocolClient.java:onNext(264)) - client-119D756B1005->4234af2c-5377-4886-a4e8-6fe45d0af45e: receive RaftClientReply:client-119D756B1005->4234af2c-5377-4886-a4e8-6fe45d0af45e@group-A1165329A1F1, cid=2149, SUCCESS, logIndex=3148, commits[4234af2c-5377-4886-a4e8-6fe45d0af45e:c3148, cef72988-acf5-49ad-9ec7-695a80e7a66d:c3146, d677508c-6db9-4741-b51c-49af5e4cf22f:c3146]
 0.00% |█                                                                                                    |  0/1 Time: 0:00:30 0.00% |█                                                                                                    |  0/1 Time: 0:00:31 0.00% |█                                                                                                    |  0/1 Time: 0:00:32 0.00% |█                                                                                                    |  0/1 Time: 0:00:33 0.00% |█                                                                                                    |  0/1 Time: 0:00:34 0.00% |█                                                                                                    |  0/1 Time: 0:00:352019-09-08 07:07:55,603 [grpc-default-executor-0] INFO  client.GrpcClientProtocolClient (GrpcClientProtocolClient.java:onNext(264)) - client-119D756B1005->d677508c-6db9-4741-b51c-49af5e4cf22f: receive RaftClientReply:client-119D756B1005->d677508c-6db9-4741-b51c-49af5e4cf22f@group-A1165329A1F1, cid=2148, FAILED org.apache.ratis.protocol.NotLeaderException: Server d677508c-6db9-4741-b51c-49af5e4cf22f@group-A1165329A1F1 is not the leader 4234af2c-5377-4886-a4e8-6fe45d0af45e:192.168.5.179:46359, logIndex=0, commits[d677508c-6db9-4741-b51c-49af5e4cf22f:c3149, cef72988-acf5-49ad-9ec7-695a80e7a66d:c3149, 4234af2c-5377-4886-a4e8-6fe45d0af45e:c3149]
2019-09-08 07:07:55,634 [grpc-default-executor-5] INFO  client.GrpcClientProtocolClient (GrpcClientProtocolClient.java:onNext(264)) - client-119D756B1005->4234af2c-5377-4886-a4e8-6fe45d0af45e: receive RaftClientReply:client-119D756B1005->4234af2c-5377-4886-a4e8-6fe45d0af45e@group-A1165329A1F1, cid=2148, SUCCESS, logIndex=3147, commits[4234af2c-5377-4886-a4e8-6fe45d0af45e:c3148, cef72988-acf5-49ad-9ec7-695a80e7a66d:c3146, d677508c-6db9-4741-b51c-49af5e4cf22f:c3146]
2019-09-08 07:07:55,647 [grpc-default-executor-0] INFO  client.GrpcClientProtocolClient (GrpcClientProtocolClient.java:onNext(264)) - client-119D756B1005->4234af2c-5377-4886-a4e8-6fe45d0af45e: receive RaftClientReply:client-119D756B1005->4234af2c-5377-4886-a4e8-6fe45d0af45e@group-A1165329A1F1, cid=2149, SUCCESS, logIndex=3148, commits[4234af2c-5377-4886-a4e8-6fe45d0af45e:c3148, cef72988-acf5-49ad-9ec7-695a80e7a66d:c3146, d677508c-6db9-4741-b51c-49af5e4cf22f:c3146]
2019-09-08 07:07:55,681 [grpc-default-executor-0] INFO  client.GrpcClientProtocolClient (GrpcClientProtocolClient.java:onNext(264)) - client-119D756B1005->4234af2c-5377-4886-a4e8-6fe45d0af45e: receive RaftClientReply:client-119D756B1005->4234af2c-5377-4886-a4e8-6fe45d0af45e@group-A1165329A1F1, cid=2150, SUCCESS, logIndex=3150, commits[4234af2c-5377-4886-a4e8-6fe45d0af45e:c3151, cef72988-acf5-49ad-9ec7-695a80e7a66d:c3149, d677508c-6db9-4741-b51c-49af5e4cf22f:c3149]
2019-09-08 07:07:55,681 [grpc-default-executor-0] INFO  client.GrpcClientProtocolClient (GrpcClientProtocolClient.java:onNext(264)) - client-119D756B1005->4234af2c-5377-4886-a4e8-6fe45d0af45e: receive RaftClientReply:client-119D756B1005->4234af2c-5377-4886-a4e8-6fe45d0af45e@group-A1165329A1F1, cid=2151, SUCCESS, logIndex=3151, commits[4234af2c-5377-4886-a4e8-6fe45d0af45e:c3151, cef72988-acf5-49ad-9ec7-695a80e7a66d:c3149, d677508c-6db9-4741-b51c-49af5e4cf22f:c3149]
2019-09-08 07:07:55,692 [grpc-default-executor-0] INFO  client.GrpcClientProtocolClient (GrpcClientProtocolClient.java:onNext(264)) - client-119D756B1005->4234af2c-5377-4886-a4e8-6fe45d0af45e: receive RaftClientReply:client-119D756B1005->4234af2c-5377-4886-a4e8-6fe45d0af45e@group-A1165329A1F1, cid=2152, SUCCESS, logIndex=0, commits[4234af2c-5377-4886-a4e8-6fe45d0af45e:c3152, cef72988-acf5-49ad-9ec7-695a80e7a66d:c3151, d677508c-6db9-4741-b51c-49af5e4cf22f:c3151]
2019-09-08 07:07:55,749 [grpc-default-executor-3] INFO  client.GrpcClientProtocolClient (GrpcClientProtocolClient.java:onNext(264)) - client-964B0EA39D34->cef72988-acf5-49ad-9ec7-695a80e7a66d: receive RaftClientReply:client-964B0EA39D34->cef72988-acf5-49ad-9ec7-695a80e7a66d@group-A1165329A1F1, cid=2153, FAILED org.apache.ratis.protocol.NotLeaderException: Server cef72988-acf5-49ad-9ec7-695a80e7a66d@group-A1165329A1F1 is not the leader 4234af2c-5377-4886-a4e8-6fe45d0af45e:192.168.5.179:46359, logIndex=0, commits[cef72988-acf5-49ad-9ec7-695a80e7a66d:c3151, 4234af2c-5377-4886-a4e8-6fe45d0af45e:c3151, d677508c-6db9-4741-b51c-49af5e4cf22f:c3149]
2019-09-08 07:07:55,791 [grpc-default-executor-5] INFO  client.GrpcClientProtocolClient (GrpcClientProtocolClient.java:onNext(264)) - client-964B0EA39D34->4234af2c-5377-4886-a4e8-6fe45d0af45e: receive RaftClientReply:client-964B0EA39D34->4234af2c-5377-4886-a4e8-6fe45d0af45e@group-A1165329A1F1, cid=2153, SUCCESS, logIndex=3154, commits[4234af2c-5377-4886-a4e8-6fe45d0af45e:c3154, cef72988-acf5-49ad-9ec7-695a80e7a66d:c3153, d677508c-6db9-4741-b51c-49af5e4cf22f:c3153]
2019-09-08 07:07:55,931 [grpc-default-executor-0] INFO  client.GrpcClientProtocolClient (GrpcClientProtocolClient.java:onNext(264)) - client-964B0EA39D34->4234af2c-5377-4886-a4e8-6fe45d0af45e: receive RaftClientReply:client-964B0EA39D34->4234af2c-5377-4886-a4e8-6fe45d0af45e@group-A1165329A1F1, cid=2154, SUCCESS, logIndex=3156, commits[4234af2c-5377-4886-a4e8-6fe45d0af45e:c3156, cef72988-acf5-49ad-9ec7-695a80e7a66d:c3154, d677508c-6db9-4741-b51c-49af5e4cf22f:c3154]
2019-09-08 07:07:55,934 [grpc-default-executor-3] INFO  client.GrpcClientProtocolClient (GrpcClientProtocolClient.java:onNext(264)) - client-964B0EA39D34->4234af2c-5377-4886-a4e8-6fe45d0af45e: receive RaftClientReply:client-964B0EA39D34->4234af2c-5377-4886-a4e8-6fe45d0af45e@group-A1165329A1F1, cid=2155, SUCCESS, logIndex=3157, commits[4234af2c-5377-4886-a4e8-6fe45d0af45e:c3158, cef72988-acf5-49ad-9ec7-695a80e7a66d:c3155, d677508c-6db9-4741-b51c-49af5e4cf22f:c3155]
2019-09-08 07:07:55,935 [grpc-default-executor-3] INFO  client.GrpcClientProtocolClient (GrpcClientProtocolClient.java:onNext(264)) - client-964B0EA39D34->4234af2c-5377-4886-a4e8-6fe45d0af45e: receive RaftClientReply:client-964B0EA39D34->4234af2c-5377-4886-a4e8-6fe45d0af45e@group-A1165329A1F1, cid=2156, SUCCESS, logIndex=3158, commits[4234af2c-5377-4886-a4e8-6fe45d0af45e:c3158, cef72988-acf5-49ad-9ec7-695a80e7a66d:c3155, d677508c-6db9-4741-b51c-49af5e4cf22f:c3155]
2019-09-08 07:07:55,943 [grpc-default-executor-3] INFO  client.GrpcClientProtocolClient (GrpcClientProtocolClient.java:onNext(264)) - client-964B0EA39D34->4234af2c-5377-4886-a4e8-6fe45d0af45e: receive RaftClientReply:client-964B0EA39D34->4234af2c-5377-4886-a4e8-6fe45d0af45e@group-A1165329A1F1, cid=2157, SUCCESS, logIndex=0, commits[4234af2c-5377-4886-a4e8-6fe45d0af45e:c3159, cef72988-acf5-49ad-9ec7-695a80e7a66d:c3156, d677508c-6db9-4741-b51c-49af5e4cf22f:c3156]
2019-09-08 07:07:55,969 [grpc-default-executor-3] INFO  client.GrpcClientProtocolClient (GrpcClientProtocolClient.java:onNext(264)) - client-964B0EA39D34->4234af2c-5377-4886-a4e8-6fe45d0af45e: receive RaftClientReply:client-964B0EA39D34->4234af2c-5377-4886-a4e8-6fe45d0af45e@group-A1165329A1F1, cid=2158, SUCCESS, logIndex=3162, commits[4234af2c-5377-4886-a4e8-6fe45d0af45e:c3163, cef72988-acf5-49ad-9ec7-695a80e7a66d:c3161, d677508c-6db9-4741-b51c-49af5e4cf22f:c3161]
2019-09-08 07:07:55,969 [grpc-default-executor-3] INFO  client.GrpcClientProtocolClient (GrpcClientProtocolClient.java:onNext(264)) - client-964B0EA39D34->4234af2c-5377-4886-a4e8-6fe45d0af45e: receive RaftClientReply:client-964B0EA39D34->4234af2c-5377-4886-a4e8-6fe45d0af45e@group-A1165329A1F1, cid=2159, SUCCESS, logIndex=3163, commits[4234af2c-5377-4886-a4e8-6fe45d0af45e:c3163, cef72988-acf5-49ad-9ec7-695a80e7a66d:c3161, d677508c-6db9-4741-b51c-49af5e4cf22f:c3161]
2019-09-08 07:07:55,996 [grpc-default-executor-0] INFO  client.GrpcClientProtocolClient (GrpcClientProtocolClient.java:onNext(264)) - client-964B0EA39D34->4234af2c-5377-4886-a4e8-6fe45d0af45e: receive RaftClientReply:client-964B0EA39D34->4234af2c-5377-4886-a4e8-6fe45d0af45e@group-A1165329A1F1, cid=2160, SUCCESS, logIndex=3166, commits[4234af2c-5377-4886-a4e8-6fe45d0af45e:c3167, cef72988-acf5-49ad-9ec7-695a80e7a66d:c3163, d677508c-6db9-4741-b51c-49af5e4cf22f:c3163]
2019-09-08 07:07:55,997 [grpc-default-executor-0] INFO  client.GrpcClientProtocolClient (GrpcClientProtocolClient.java:onNext(264)) - client-964B0EA39D34->4234af2c-5377-4886-a4e8-6fe45d0af45e: receive RaftClientReply:client-964B0EA39D34->4234af2c-5377-4886-a4e8-6fe45d0af45e@group-A1165329A1F1, cid=2161, SUCCESS, logIndex=3167, commits[4234af2c-5377-4886-a4e8-6fe45d0af45e:c3167, cef72988-acf5-49ad-9ec7-695a80e7a66d:c3163, d677508c-6db9-4741-b51c-49af5e4cf22f:c3163]
2019-09-08 07:07:56,008 [grpc-default-executor-5] INFO  client.GrpcClientProtocolClient (GrpcClientProtocolClient.java:onNext(264)) - client-964B0EA39D34->4234af2c-5377-4886-a4e8-6fe45d0af45e: receive RaftClientReply:client-964B0EA39D34->4234af2c-5377-4886-a4e8-6fe45d0af45e@group-A1165329A1F1, cid=2162, SUCCESS, logIndex=0, commits[4234af2c-5377-4886-a4e8-6fe45d0af45e:c3168, cef72988-acf5-49ad-9ec7-695a80e7a66d:c3167, d677508c-6db9-4741-b51c-49af5e4cf22f:c3167]
 0.00% |█                                                                                                    |  0/1 Time: 0:00:362019-09-08 07:07:56,057 [grpc-default-executor-0] INFO  client.GrpcClientProtocolClient (GrpcClientProtocolClient.java:onNext(264)) - client-964B0EA39D34->4234af2c-5377-4886-a4e8-6fe45d0af45e: receive RaftClientReply:client-964B0EA39D34->4234af2c-5377-4886-a4e8-6fe45d0af45e@group-A1165329A1F1, cid=2163, SUCCESS, logIndex=3170, commits[4234af2c-5377-4886-a4e8-6fe45d0af45e:c3173, cef72988-acf5-49ad-9ec7-695a80e7a66d:c3167, d677508c-6db9-4741-b51c-49af5e4cf22f:c3169]
2019-09-08 07:07:56,059 [grpc-default-executor-3] INFO  client.GrpcClientProtocolClient (GrpcClientProtocolClient.java:onNext(264)) - client-964B0EA39D34->4234af2c-5377-4886-a4e8-6fe45d0af45e: receive RaftClientReply:client-964B0EA39D34->4234af2c-5377-4886-a4e8-6fe45d0af45e@group-A1165329A1F1, cid=2164, SUCCESS, logIndex=3171, commits[4234af2c-5377-4886-a4e8-6fe45d0af45e:c3173, cef72988-acf5-49ad-9ec7-695a80e7a66d:c3169, d677508c-6db9-4741-b51c-49af5e4cf22f:c3169]
2019-09-08 07:07:56,060 [grpc-default-executor-3] INFO  client.GrpcClientProtocolClient (GrpcClientProtocolClient.java:onNext(264)) - client-964B0EA39D34->4234af2c-5377-4886-a4e8-6fe45d0af45e: receive RaftClientReply:client-964B0EA39D34->4234af2c-5377-4886-a4e8-6fe45d0af45e@group-A1165329A1F1, cid=2165, SUCCESS, logIndex=3172, commits[4234af2c-5377-4886-a4e8-6fe45d0af45e:c3173, cef72988-acf5-49ad-9ec7-695a80e7a66d:c3169, d677508c-6db9-4741-b51c-49af5e4cf22f:c3169]
2019-09-08 07:07:56,060 [grpc-default-executor-3] INFO  client.GrpcClientProtocolClient (GrpcClientProtocolClient.java:onNext(264)) - client-964B0EA39D34->4234af2c-5377-4886-a4e8-6fe45d0af45e: receive RaftClientReply:client-964B0EA39D34->4234af2c-5377-4886-a4e8-6fe45d0af45e@group-A1165329A1F1, cid=2166, SUCCESS, logIndex=3173, commits[4234af2c-5377-4886-a4e8-6fe45d0af45e:c3173, cef72988-acf5-49ad-9ec7-695a80e7a66d:c3169, d677508c-6db9-4741-b51c-49af5e4cf22f:c3169]
2019-09-08 07:07:56,061 [grpc-default-executor-3] INFO  client.GrpcClientProtocolClient (GrpcClientProtocolClient.java:onNext(264)) - client-964B0EA39D34->4234af2c-5377-4886-a4e8-6fe45d0af45e: receive RaftClientReply:client-964B0EA39D34->4234af2c-5377-4886-a4e8-6fe45d0af45e@group-A1165329A1F1, cid=2167, SUCCESS, logIndex=0, commits[4234af2c-5377-4886-a4e8-6fe45d0af45e:c3177, cef72988-acf5-49ad-9ec7-695a80e7a66d:c3173, d677508c-6db9-4741-b51c-49af5e4cf22f:c3173]
2019-09-08 07:07:56,083 [grpc-default-executor-3] INFO  client.GrpcClientProtocolClient (GrpcClientProtocolClient.java:onNext(264)) - client-964B0EA39D34->4234af2c-5377-4886-a4e8-6fe45d0af45e: receive RaftClientReply:client-964B0EA39D34->4234af2c-5377-4886-a4e8-6fe45d0af45e@group-A1165329A1F1, cid=2168, SUCCESS, logIndex=3178, commits[4234af2c-5377-4886-a4e8-6fe45d0af45e:c3179, cef72988-acf5-49ad-9ec7-695a80e7a66d:c3177, d677508c-6db9-4741-b51c-49af5e4cf22f:c3177]
2019-09-08 07:07:56,084 [grpc-default-executor-3] INFO  client.GrpcClientProtocolClient (GrpcClientProtocolClient.java:onNext(264)) - client-964B0EA39D34->4234af2c-5377-4886-a4e8-6fe45d0af45e: receive RaftClientReply:client-964B0EA39D34->4234af2c-5377-4886-a4e8-6fe45d0af45e@group-A1165329A1F1, cid=2169, SUCCESS, logIndex=3179, commits[4234af2c-5377-4886-a4e8-6fe45d0af45e:c3179, cef72988-acf5-49ad-9ec7-695a80e7a66d:c3177, d677508c-6db9-4741-b51c-49af5e4cf22f:c3177]
2019-09-08 07:07:56,097 [grpc-default-executor-0] INFO  client.GrpcClientProtocolClient (GrpcClientProtocolClient.java:onNext(264)) - client-964B0EA39D34->4234af2c-5377-4886-a4e8-6fe45d0af45e: receive RaftClientReply:client-964B0EA39D34->4234af2c-5377-4886-a4e8-6fe45d0af45e@group-A1165329A1F1, cid=2170, SUCCESS, logIndex=3182, commits[4234af2c-5377-4886-a4e8-6fe45d0af45e:c3183, cef72988-acf5-49ad-9ec7-695a80e7a66d:c3179, d677508c-6db9-4741-b51c-49af5e4cf22f:c3179]
2019-09-08 07:07:56,097 [grpc-default-executor-0] INFO  client.GrpcClientProtocolClient (GrpcClientProtocolClient.java:onNext(264)) - client-964B0EA39D34->4234af2c-5377-4886-a4e8-6fe45d0af45e: receive RaftClientReply:client-964B0EA39D34->4234af2c-5377-4886-a4e8-6fe45d0af45e@group-A1165329A1F1, cid=2171, SUCCESS, logIndex=3183, commits[4234af2c-5377-4886-a4e8-6fe45d0af45e:c3183, cef72988-acf5-49ad-9ec7-695a80e7a66d:c3179, d677508c-6db9-4741-b51c-49af5e4cf22f:c3179]
2019-09-08 07:07:56,100 [grpc-default-executor-0] INFO  client.GrpcClientProtocolClient (GrpcClientProtocolClient.java:onNext(264)) - client-964B0EA39D34->4234af2c-5377-4886-a4e8-6fe45d0af45e: receive RaftClientReply:client-964B0EA39D34->4234af2c-5377-4886-a4e8-6fe45d0af45e@group-A1165329A1F1, cid=2172, SUCCESS, logIndex=0, commits[4234af2c-5377-4886-a4e8-6fe45d0af45e:c3184, cef72988-acf5-49ad-9ec7-695a80e7a66d:c3183, d677508c-6db9-4741-b51c-49af5e4cf22f:c3183]
2019-09-08 07:07:56,135 [grpc-default-executor-0] INFO  client.GrpcClientProtocolClient (GrpcClientProtocolClient.java:onNext(264)) - client-964B0EA39D34->4234af2c-5377-4886-a4e8-6fe45d0af45e: receive RaftClientReply:client-964B0EA39D34->4234af2c-5377-4886-a4e8-6fe45d0af45e@group-A1165329A1F1, cid=2173, SUCCESS, logIndex=3186, commits[4234af2c-5377-4886-a4e8-6fe45d0af45e:c3187, cef72988-acf5-49ad-9ec7-695a80e7a66d:c3185, d677508c-6db9-4741-b51c-49af5e4cf22f:c3185]
2019-09-08 07:07:56,135 [grpc-default-executor-0] INFO  client.GrpcClientProtocolClient (GrpcClientProtocolClient.java:onNext(264)) - client-964B0EA39D34->4234af2c-5377-4886-a4e8-6fe45d0af45e: receive RaftClientReply:client-964B0EA39D34->4234af2c-5377-4886-a4e8-6fe45d0af45e@group-A1165329A1F1, cid=2174, SUCCESS, logIndex=3187, commits[4234af2c-5377-4886-a4e8-6fe45d0af45e:c3188, cef72988-acf5-49ad-9ec7-695a80e7a66d:c3185, d677508c-6db9-4741-b51c-49af5e4cf22f:c3185]
2019-09-08 07:07:56,136 [grpc-default-executor-0] INFO  client.GrpcClientProtocolClient (GrpcClientProtocolClient.java:onNext(264)) - client-964B0EA39D34->4234af2c-5377-4886-a4e8-6fe45d0af45e: receive RaftClientReply:client-964B0EA39D34->4234af2c-5377-4886-a4e8-6fe45d0af45e@group-A1165329A1F1, cid=2175, SUCCESS, logIndex=3188, commits[4234af2c-5377-4886-a4e8-6fe45d0af45e:c3189, cef72988-acf5-49ad-9ec7-695a80e7a66d:c3185, d677508c-6db9-4741-b51c-49af5e4cf22f:c3185]
2019-09-08 07:07:56,136 [grpc-default-executor-5] INFO  client.GrpcClientProtocolClient (GrpcClientProtocolClient.java:onNext(264)) - client-964B0EA39D34->4234af2c-5377-4886-a4e8-6fe45d0af45e: receive RaftClientReply:client-964B0EA39D34->4234af2c-5377-4886-a4e8-6fe45d0af45e@group-A1165329A1F1, cid=2176, SUCCESS, logIndex=3189, commits[4234af2c-5377-4886-a4e8-6fe45d0af45e:c3189, cef72988-acf5-49ad-9ec7-695a80e7a66d:c3185, d677508c-6db9-4741-b51c-49af5e4cf22f:c3185]
2019-09-08 07:07:56,137 [grpc-default-executor-5] INFO  client.GrpcClientProtocolClient (GrpcClientProtocolClient.java:onNext(264)) - client-964B0EA39D34->4234af2c-5377-4886-a4e8-6fe45d0af45e: receive RaftClientReply:client-964B0EA39D34->4234af2c-5377-4886-a4e8-6fe45d0af45e@group-A1165329A1F1, cid=2177, SUCCESS, logIndex=0, commits[4234af2c-5377-4886-a4e8-6fe45d0af45e:c3191, cef72988-acf5-49ad-9ec7-695a80e7a66d:c3187, d677508c-6db9-4741-b51c-49af5e4cf22f:c3187]
2019-09-08 07:07:56,157 [grpc-default-executor-0] INFO  client.GrpcClientProtocolClient (GrpcClientProtocolClient.java:onNext(264)) - client-964B0EA39D34->4234af2c-5377-4886-a4e8-6fe45d0af45e: receive RaftClientReply:client-964B0EA39D34->4234af2c-5377-4886-a4e8-6fe45d0af45e@group-A1165329A1F1, cid=2178, SUCCESS, logIndex=3194, commits[4234af2c-5377-4886-a4e8-6fe45d0af45e:c3195, cef72988-acf5-49ad-9ec7-695a80e7a66d:c3193, d677508c-6db9-4741-b51c-49af5e4cf22f:c3193]
2019-09-08 07:07:56,157 [grpc-default-executor-0] INFO  client.GrpcClientProtocolClient (GrpcClientProtocolClient.java:onNext(264)) - client-964B0EA39D34->4234af2c-5377-4886-a4e8-6fe45d0af45e: receive RaftClientReply:client-964B0EA39D34->4234af2c-5377-4886-a4e8-6fe45d0af45e@group-A1165329A1F1, cid=2179, SUCCESS, logIndex=3195, commits[4234af2c-5377-4886-a4e8-6fe45d0af45e:c3195, cef72988-acf5-49ad-9ec7-695a80e7a66d:c3193, d677508c-6db9-4741-b51c-49af5e4cf22f:c3193]
2019-09-08 07:07:56,182 [grpc-default-executor-0] INFO  client.GrpcClientProtocolClient (GrpcClientProtocolClient.java:onNext(264)) - client-964B0EA39D34->4234af2c-5377-4886-a4e8-6fe45d0af45e: receive RaftClientReply:client-964B0EA39D34->4234af2c-5377-4886-a4e8-6fe45d0af45e@group-A1165329A1F1, cid=2180, SUCCESS, logIndex=3198, commits[4234af2c-5377-4886-a4e8-6fe45d0af45e:c3199, cef72988-acf5-49ad-9ec7-695a80e7a66d:c3195, d677508c-6db9-4741-b51c-49af5e4cf22f:c3195]
2019-09-08 07:07:56,182 [grpc-default-executor-0] INFO  client.GrpcClientProtocolClient (GrpcClientProtocolClient.java:onNext(264)) - client-964B0EA39D34->4234af2c-5377-4886-a4e8-6fe45d0af45e: receive RaftClientReply:client-964B0EA39D34->4234af2c-5377-4886-a4e8-6fe45d0af45e@group-A1165329A1F1, cid=2181, SUCCESS, logIndex=3199, commits[4234af2c-5377-4886-a4e8-6fe45d0af45e:c3199, cef72988-acf5-49ad-9ec7-695a80e7a66d:c3195, d677508c-6db9-4741-b51c-49af5e4cf22f:c3195]
2019-09-08 07:07:56,184 [grpc-default-executor-3] INFO  client.GrpcClientProtocolClient (GrpcClientProtocolClient.java:onNext(264)) - client-964B0EA39D34->4234af2c-5377-4886-a4e8-6fe45d0af45e: receive RaftClientReply:client-964B0EA39D34->4234af2c-5377-4886-a4e8-6fe45d0af45e@group-A1165329A1F1, cid=2182, SUCCESS, logIndex=0, commits[4234af2c-5377-4886-a4e8-6fe45d0af45e:c3200, cef72988-acf5-49ad-9ec7-695a80e7a66d:c3199, d677508c-6db9-4741-b51c-49af5e4cf22f:c3199]
2019-09-08 07:07:56,216 [grpc-default-executor-5] INFO  client.GrpcClientProtocolClient (GrpcClientProtocolClient.java:onNext(264)) - client-964B0EA39D34->4234af2c-5377-4886-a4e8-6fe45d0af45e: receive RaftClientReply:client-964B0EA39D34->4234af2c-5377-4886-a4e8-6fe45d0af45e@group-A1165329A1F1, cid=2183, SUCCESS, logIndex=3202, commits[4234af2c-5377-4886-a4e8-6fe45d0af45e:c3203, cef72988-acf5-49ad-9ec7-695a80e7a66d:c3201, d677508c-6db9-4741-b51c-49af5e4cf22f:c3201]
2019-09-08 07:07:56,216 [grpc-default-executor-5] INFO  client.GrpcClientProtocolClient (GrpcClientProtocolClient.java:onNext(264)) - client-964B0EA39D34->4234af2c-5377-4886-a4e8-6fe45d0af45e: receive RaftClientReply:client-964B0EA39D34->4234af2c-5377-4886-a4e8-6fe45d0af45e@group-A1165329A1F1, cid=2184, SUCCESS, logIndex=3203, commits[4234af2c-5377-4886-a4e8-6fe45d0af45e:c3203, cef72988-acf5-49ad-9ec7-695a80e7a66d:c3201, d677508c-6db9-4741-b51c-49af5e4cf22f:c3201]
2019-09-08 07:07:56,218 [grpc-default-executor-3] INFO  client.GrpcClientProtocolClient (GrpcClientProtocolClient.java:onNext(264)) - client-964B0EA39D34->4234af2c-5377-4886-a4e8-6fe45d0af45e: receive RaftClientReply:client-964B0EA39D34->4234af2c-5377-4886-a4e8-6fe45d0af45e@group-A1165329A1F1, cid=2185, SUCCESS, logIndex=3204, commits[4234af2c-5377-4886-a4e8-6fe45d0af45e:c3205, cef72988-acf5-49ad-9ec7-695a80e7a66d:c3201, d677508c-6db9-4741-b51c-49af5e4cf22f:c3201]
2019-09-08 07:07:56,218 [grpc-default-executor-3] INFO  client.GrpcClientProtocolClient (GrpcClientProtocolClient.java:onNext(264)) - client-964B0EA39D34->4234af2c-5377-4886-a4e8-6fe45d0af45e: receive RaftClientReply:client-964B0EA39D34->4234af2c-5377-4886-a4e8-6fe45d0af45e@group-A1165329A1F1, cid=2186, SUCCESS, logIndex=3205, commits[4234af2c-5377-4886-a4e8-6fe45d0af45e:c3205, cef72988-acf5-49ad-9ec7-695a80e7a66d:c3201, d677508c-6db9-4741-b51c-49af5e4cf22f:c3201]
2019-09-08 07:07:56,230 [grpc-default-executor-3] INFO  client.GrpcClientProtocolClient (GrpcClientProtocolClient.java:onNext(264)) - client-964B0EA39D34->4234af2c-5377-4886-a4e8-6fe45d0af45e: receive RaftClientReply:client-964B0EA39D34->4234af2c-5377-4886-a4e8-6fe45d0af45e@group-A1165329A1F1, cid=2187, SUCCESS, logIndex=0, commits[4234af2c-5377-4886-a4e8-6fe45d0af45e:c3207, cef72988-acf5-49ad-9ec7-695a80e7a66d:c3203, d677508c-6db9-4741-b51c-49af5e4cf22f:c3203]
2019-09-08 07:07:56,251 [grpc-default-executor-5] INFO  client.GrpcClientProtocolClient (GrpcClientProtocolClient.java:onNext(264)) - client-964B0EA39D34->4234af2c-5377-4886-a4e8-6fe45d0af45e: receive RaftClientReply:client-964B0EA39D34->4234af2c-5377-4886-a4e8-6fe45d0af45e@group-A1165329A1F1, cid=2188, SUCCESS, logIndex=3210, commits[4234af2c-5377-4886-a4e8-6fe45d0af45e:c3210, cef72988-acf5-49ad-9ec7-695a80e7a66d:c3209, d677508c-6db9-4741-b51c-49af5e4cf22f:c3205]
2019-09-08 07:07:56,251 [grpc-default-executor-5] INFO  client.GrpcClientProtocolClient (GrpcClientProtocolClient.java:onNext(264)) - client-964B0EA39D34->4234af2c-5377-4886-a4e8-6fe45d0af45e: receive RaftClientReply:client-964B0EA39D34->4234af2c-5377-4886-a4e8-6fe45d0af45e@group-A1165329A1F1, cid=2189, SUCCESS, logIndex=3211, commits[4234af2c-5377-4886-a4e8-6fe45d0af45e:c3211, cef72988-acf5-49ad-9ec7-695a80e7a66d:c3209, d677508c-6db9-4741-b51c-49af5e4cf22f:c3209]
2019-09-08 07:07:56,264 [grpc-default-executor-3] INFO  client.GrpcClientProtocolClient (GrpcClientProtocolClient.java:onNext(264)) - client-964B0EA39D34->4234af2c-5377-4886-a4e8-6fe45d0af45e: receive RaftClientReply:client-964B0EA39D34->4234af2c-5377-4886-a4e8-6fe45d0af45e@group-A1165329A1F1, cid=2190, SUCCESS, logIndex=3214, commits[4234af2c-5377-4886-a4e8-6fe45d0af45e:c3215, cef72988-acf5-49ad-9ec7-695a80e7a66d:c3211, d677508c-6db9-4741-b51c-49af5e4cf22f:c3213]
2019-09-08 07:07:56,264 [grpc-default-executor-3] INFO  client.GrpcClientProtocolClient (GrpcClientProtocolClient.java:onNext(264)) - client-964B0EA39D34->4234af2c-5377-4886-a4e8-6fe45d0af45e: receive RaftClientReply:client-964B0EA39D34->4234af2c-5377-4886-a4e8-6fe45d0af45e@group-A1165329A1F1, cid=2191, SUCCESS, logIndex=3215, commits[4234af2c-5377-4886-a4e8-6fe45d0af45e:c3215, cef72988-acf5-49ad-9ec7-695a80e7a66d:c3213, d677508c-6db9-4741-b51c-49af5e4cf22f:c3213]
2019-09-08 07:07:56,267 [grpc-default-executor-0] INFO  client.GrpcClientProtocolClient (GrpcClientProtocolClient.java:onNext(264)) - client-964B0EA39D34->4234af2c-5377-4886-a4e8-6fe45d0af45e: receive RaftClientReply:client-964B0EA39D34->4234af2c-5377-4886-a4e8-6fe45d0af45e@group-A1165329A1F1, cid=2192, SUCCESS, logIndex=0, commits[4234af2c-5377-4886-a4e8-6fe45d0af45e:c3217, cef72988-acf5-49ad-9ec7-695a80e7a66d:c3215, d677508c-6db9-4741-b51c-49af5e4cf22f:c3215]
2019-09-08 07:07:56,295 [grpc-default-executor-4] INFO  client.GrpcClientProtocolClient (GrpcClientProtocolClient.java:onNext(264)) - client-964B0EA39D34->4234af2c-5377-4886-a4e8-6fe45d0af45e: receive RaftClientReply:client-964B0EA39D34->4234af2c-5377-4886-a4e8-6fe45d0af45e@group-A1165329A1F1, cid=2193, SUCCESS, logIndex=3218, commits[4234af2c-5377-4886-a4e8-6fe45d0af45e:c3220, cef72988-acf5-49ad-9ec7-695a80e7a66d:c3217, d677508c-6db9-4741-b51c-49af5e4cf22f:c3217]
2019-09-08 07:07:56,296 [grpc-default-executor-4] INFO  client.GrpcClientProtocolClient (GrpcClientProtocolClient.java:onNext(264)) - client-964B0EA39D34->4234af2c-5377-4886-a4e8-6fe45d0af45e: receive RaftClientReply:client-964B0EA39D34->4234af2c-5377-4886-a4e8-6fe45d0af45e@group-A1165329A1F1, cid=2194, SUCCESS, logIndex=3219, commits[4234af2c-5377-4886-a4e8-6fe45d0af45e:c3221, cef72988-acf5-49ad-9ec7-695a80e7a66d:c3217, d677508c-6db9-4741-b51c-49af5e4cf22f:c3217]
2019-09-08 07:07:56,296 [grpc-default-executor-3] INFO  client.GrpcClientProtocolClient (GrpcClientProtocolClient.java:onNext(264)) - client-964B0EA39D34->4234af2c-5377-4886-a4e8-6fe45d0af45e: receive RaftClientReply:client-964B0EA39D34->4234af2c-5377-4886-a4e8-6fe45d0af45e@group-A1165329A1F1, cid=2195, SUCCESS, logIndex=3220, commits[4234af2c-5377-4886-a4e8-6fe45d0af45e:c3221, cef72988-acf5-49ad-9ec7-695a80e7a66d:c3217, d677508c-6db9-4741-b51c-49af5e4cf22f:c3217]
2019-09-08 07:07:56,297 [grpc-default-executor-3] INFO  client.GrpcClientProtocolClient (GrpcClientProtocolClient.java:onNext(264)) - client-964B0EA39D34->4234af2c-5377-4886-a4e8-6fe45d0af45e: receive RaftClientReply:client-964B0EA39D34->4234af2c-5377-4886-a4e8-6fe45d0af45e@group-A1165329A1F1, cid=2196, SUCCESS, logIndex=3221, commits[4234af2c-5377-4886-a4e8-6fe45d0af45e:c3221, cef72988-acf5-49ad-9ec7-695a80e7a66d:c3217, d677508c-6db9-4741-b51c-49af5e4cf22f:c3217]
2019-09-08 07:07:56,298 [grpc-default-executor-4] INFO  client.GrpcClientProtocolClient (GrpcClientProtocolClient.java:onNext(264)) - client-964B0EA39D34->4234af2c-5377-4886-a4e8-6fe45d0af45e: receive RaftClientReply:client-964B0EA39D34->4234af2c-5377-4886-a4e8-6fe45d0af45e@group-A1165329A1F1, cid=2197, SUCCESS, logIndex=0, commits[4234af2c-5377-4886-a4e8-6fe45d0af45e:c3223, cef72988-acf5-49ad-9ec7-695a80e7a66d:c3219, d677508c-6db9-4741-b51c-49af5e4cf22f:c3219]
2019-09-08 07:07:56,317 [grpc-default-executor-3] INFO  client.GrpcClientProtocolClient (GrpcClientProtocolClient.java:onNext(264)) - client-964B0EA39D34->4234af2c-5377-4886-a4e8-6fe45d0af45e: receive RaftClientReply:client-964B0EA39D34->4234af2c-5377-4886-a4e8-6fe45d0af45e@group-A1165329A1F1, cid=2198, SUCCESS, logIndex=3226, commits[4234af2c-5377-4886-a4e8-6fe45d0af45e:c3227, cef72988-acf5-49ad-9ec7-695a80e7a66d:c3225, d677508c-6db9-4741-b51c-49af5e4cf22f:c3221]
2019-09-08 07:07:56,318 [grpc-default-executor-3] INFO  client.GrpcClientProtocolClient (GrpcClientProtocolClient.java:onNext(264)) - client-964B0EA39D34->4234af2c-5377-4886-a4e8-6fe45d0af45e: receive RaftClientReply:client-964B0EA39D34->4234af2c-5377-4886-a4e8-6fe45d0af45e@group-A1165329A1F1, cid=2199, SUCCESS, logIndex=3227, commits[4234af2c-5377-4886-a4e8-6fe45d0af45e:c3227, cef72988-acf5-49ad-9ec7-695a80e7a66d:c3225, d677508c-6db9-4741-b51c-49af5e4cf22f:c3225]
2019-09-08 07:07:56,341 [grpc-default-executor-4] INFO  client.GrpcClientProtocolClient (GrpcClientProtocolClient.java:onNext(264)) - client-964B0EA39D34->4234af2c-5377-4886-a4e8-6fe45d0af45e: receive RaftClientReply:client-964B0EA39D34->4234af2c-5377-4886-a4e8-6fe45d0af45e@group-A1165329A1F1, cid=2200, SUCCESS, logIndex=3230, commits[4234af2c-5377-4886-a4e8-6fe45d0af45e:c3231, cef72988-acf5-49ad-9ec7-695a80e7a66d:c3229, d677508c-6db9-4741-b51c-49af5e4cf22f:c3229]
2019-09-08 07:07:56,341 [grpc-default-executor-4] INFO  client.GrpcClientProtocolClient (GrpcClientProtocolClient.java:onNext(264)) - client-964B0EA39D34->4234af2c-5377-4886-a4e8-6fe45d0af45e: receive RaftClientReply:client-964B0EA39D34->4234af2c-5377-4886-a4e8-6fe45d0af45e@group-A1165329A1F1, cid=2201, SUCCESS, logIndex=3231, commits[4234af2c-5377-4886-a4e8-6fe45d0af45e:c3231, cef72988-acf5-49ad-9ec7-695a80e7a66d:c3229, d677508c-6db9-4741-b51c-49af5e4cf22f:c3229]
2019-09-08 07:07:56,355 [grpc-default-executor-4] INFO  client.GrpcClientProtocolClient (GrpcClientProtocolClient.java:onNext(264)) - client-964B0EA39D34->4234af2c-5377-4886-a4e8-6fe45d0af45e: receive RaftClientReply:client-964B0EA39D34->4234af2c-5377-4886-a4e8-6fe45d0af45e@group-A1165329A1F1, cid=2202, SUCCESS, logIndex=0, commits[4234af2c-5377-4886-a4e8-6fe45d0af45e:c3233, cef72988-acf5-49ad-9ec7-695a80e7a66d:c3231, d677508c-6db9-4741-b51c-49af5e4cf22f:c3231]
2019-09-08 07:07:56,396 [grpc-default-executor-3] INFO  client.GrpcClientProtocolClient (GrpcClientProtocolClient.java:onNext(264)) - client-964B0EA39D34->4234af2c-5377-4886-a4e8-6fe45d0af45e: receive RaftClientReply:client-964B0EA39D34->4234af2c-5377-4886-a4e8-6fe45d0af45e@group-A1165329A1F1, cid=2203, SUCCESS, logIndex=3234, commits[4234af2c-5377-4886-a4e8-6fe45d0af45e:c3235, cef72988-acf5-49ad-9ec7-695a80e7a66d:c3233, d677508c-6db9-4741-b51c-49af5e4cf22f:c3233]
2019-09-08 07:07:56,397 [grpc-default-executor-3] INFO  client.GrpcClientProtocolClient (GrpcClientProtocolClient.java:onNext(264)) - client-964B0EA39D34->4234af2c-5377-4886-a4e8-6fe45d0af45e: receive RaftClientReply:client-964B0EA39D34->4234af2c-5377-4886-a4e8-6fe45d0af45e@group-A1165329A1F1, cid=2204, SUCCESS, logIndex=3235, commits[4234af2c-5377-4886-a4e8-6fe45d0af45e:c3235, cef72988-acf5-49ad-9ec7-695a80e7a66d:c3233, d677508c-6db9-4741-b51c-49af5e4cf22f:c3233]
2019-09-08 07:07:56,399 [grpc-default-executor-3] INFO  client.GrpcClientProtocolClient (GrpcClientProtocolClient.java:onNext(264)) - client-964B0EA39D34->4234af2c-5377-4886-a4e8-6fe45d0af45e: receive RaftClientReply:client-964B0EA39D34->4234af2c-5377-4886-a4e8-6fe45d0af45e@group-A1165329A1F1, cid=2205, SUCCESS, logIndex=3236, commits[4234af2c-5377-4886-a4e8-6fe45d0af45e:c3237, cef72988-acf5-49ad-9ec7-695a80e7a66d:c3233, d677508c-6db9-4741-b51c-49af5e4cf22f:c3233]
2019-09-08 07:07:56,400 [grpc-default-executor-3] INFO  client.GrpcClientProtocolClient (GrpcClientProtocolClient.java:onNext(264)) - client-964B0EA39D34->4234af2c-5377-4886-a4e8-6fe45d0af45e: receive RaftClientReply:client-964B0EA39D34->4234af2c-5377-4886-a4e8-6fe45d0af45e@group-A1165329A1F1, cid=2206, SUCCESS, logIndex=3237, commits[4234af2c-5377-4886-a4e8-6fe45d0af45e:c3237, cef72988-acf5-49ad-9ec7-695a80e7a66d:c3233, d677508c-6db9-4741-b51c-49af5e4cf22f:c3233]
2019-09-08 07:07:56,412 [grpc-default-executor-3] INFO  client.GrpcClientProtocolClient (GrpcClientProtocolClient.java:onNext(264)) - client-964B0EA39D34->4234af2c-5377-4886-a4e8-6fe45d0af45e: receive RaftClientReply:client-964B0EA39D34->4234af2c-5377-4886-a4e8-6fe45d0af45e@group-A1165329A1F1, cid=2207, SUCCESS, logIndex=0, commits[4234af2c-5377-4886-a4e8-6fe45d0af45e:c3239, cef72988-acf5-49ad-9ec7-695a80e7a66d:c3235, d677508c-6db9-4741-b51c-49af5e4cf22f:c3235]
2019-09-08 07:07:56,432 [grpc-default-executor-3] INFO  client.GrpcClientProtocolClient (GrpcClientProtocolClient.java:onNext(264)) - client-964B0EA39D34->4234af2c-5377-4886-a4e8-6fe45d0af45e: receive RaftClientReply:client-964B0EA39D34->4234af2c-5377-4886-a4e8-6fe45d0af45e@group-A1165329A1F1, cid=2208, SUCCESS, logIndex=3242, commits[4234af2c-5377-4886-a4e8-6fe45d0af45e:c3243, cef72988-acf5-49ad-9ec7-695a80e7a66d:c3241, d677508c-6db9-4741-b51c-49af5e4cf22f:c3241]
2019-09-08 07:07:56,433 [grpc-default-executor-3] INFO  client.GrpcClientProtocolClient (GrpcClientProtocolClient.java:onNext(264)) - client-964B0EA39D34->4234af2c-5377-4886-a4e8-6fe45d0af45e: receive RaftClientReply:client-964B0EA39D34->4234af2c-5377-4886-a4e8-6fe45d0af45e@group-A1165329A1F1, cid=2209, SUCCESS, logIndex=3243, commits[4234af2c-5377-4886-a4e8-6fe45d0af45e:c3243, cef72988-acf5-49ad-9ec7-695a80e7a66d:c3241, d677508c-6db9-4741-b51c-49af5e4cf22f:c3241]
2019-09-08 07:07:56,449 [grpc-default-executor-3] INFO  client.GrpcClientProtocolClient (GrpcClientProtocolClient.java:onNext(264)) - client-964B0EA39D34->4234af2c-5377-4886-a4e8-6fe45d0af45e: receive RaftClientReply:client-964B0EA39D34->4234af2c-5377-4886-a4e8-6fe45d0af45e@group-A1165329A1F1, cid=2210, SUCCESS, logIndex=3246, commits[4234af2c-5377-4886-a4e8-6fe45d0af45e:c3247, cef72988-acf5-49ad-9ec7-695a80e7a66d:c3243, d677508c-6db9-4741-b51c-49af5e4cf22f:c3242]
2019-09-08 07:07:56,449 [grpc-default-executor-3] INFO  client.GrpcClientProtocolClient (GrpcClientProtocolClient.java:onNext(264)) - client-964B0EA39D34->4234af2c-5377-4886-a4e8-6fe45d0af45e: receive RaftClientReply:client-964B0EA39D34->4234af2c-5377-4886-a4e8-6fe45d0af45e@group-A1165329A1F1, cid=2211, SUCCESS, logIndex=3247, commits[4234af2c-5377-4886-a4e8-6fe45d0af45e:c3247, cef72988-acf5-49ad-9ec7-695a80e7a66d:c3243, d677508c-6db9-4741-b51c-49af5e4cf22f:c3243]
2019-09-08 07:07:56,463 [grpc-default-executor-3] INFO  client.GrpcClientProtocolClient (GrpcClientProtocolClient.java:onNext(264)) - client-964B0EA39D34->4234af2c-5377-4886-a4e8-6fe45d0af45e: receive RaftClientReply:client-964B0EA39D34->4234af2c-5377-4886-a4e8-6fe45d0af45e@group-A1165329A1F1, cid=2212, SUCCESS, logIndex=0, commits[4234af2c-5377-4886-a4e8-6fe45d0af45e:c3249, cef72988-acf5-49ad-9ec7-695a80e7a66d:c3247, d677508c-6db9-4741-b51c-49af5e4cf22f:c3247]
2019-09-08 07:07:56,495 [grpc-default-executor-0] INFO  client.GrpcClientProtocolClient (GrpcClientProtocolClient.java:onNext(264)) - client-964B0EA39D34->4234af2c-5377-4886-a4e8-6fe45d0af45e: receive RaftClientReply:client-964B0EA39D34->4234af2c-5377-4886-a4e8-6fe45d0af45e@group-A1165329A1F1, cid=2213, SUCCESS, logIndex=3250, commits[4234af2c-5377-4886-a4e8-6fe45d0af45e:c3251, cef72988-acf5-49ad-9ec7-695a80e7a66d:c3249, d677508c-6db9-4741-b51c-49af5e4cf22f:c3249]
2019-09-08 07:07:56,496 [grpc-default-executor-0] INFO  client.GrpcClientProtocolClient (GrpcClientProtocolClient.java:onNext(264)) - client-964B0EA39D34->4234af2c-5377-4886-a4e8-6fe45d0af45e: receive RaftClientReply:client-964B0EA39D34->4234af2c-5377-4886-a4e8-6fe45d0af45e@group-A1165329A1F1, cid=2214, SUCCESS, logIndex=3251, commits[4234af2c-5377-4886-a4e8-6fe45d0af45e:c3251, cef72988-acf5-49ad-9ec7-695a80e7a66d:c3249, d677508c-6db9-4741-b51c-49af5e4cf22f:c3249]
2019-09-08 07:07:56,497 [grpc-default-executor-3] INFO  client.GrpcClientProtocolClient (GrpcClientProtocolClient.java:onNext(264)) - client-964B0EA39D34->4234af2c-5377-4886-a4e8-6fe45d0af45e: receive RaftClientReply:client-964B0EA39D34->4234af2c-5377-4886-a4e8-6fe45d0af45e@group-A1165329A1F1, cid=2215, SUCCESS, logIndex=3252, commits[4234af2c-5377-4886-a4e8-6fe45d0af45e:c3253, cef72988-acf5-49ad-9ec7-695a80e7a66d:c3249, d677508c-6db9-4741-b51c-49af5e4cf22f:c3249]
2019-09-08 07:07:56,498 [grpc-default-executor-3] INFO  client.GrpcClientProtocolClient (GrpcClientProtocolClient.java:onNext(264)) - client-964B0EA39D34->4234af2c-5377-4886-a4e8-6fe45d0af45e: receive RaftClientReply:client-964B0EA39D34->4234af2c-5377-4886-a4e8-6fe45d0af45e@group-A1165329A1F1, cid=2216, SUCCESS, logIndex=3253, commits[4234af2c-5377-4886-a4e8-6fe45d0af45e:c3253, cef72988-acf5-49ad-9ec7-695a80e7a66d:c3249, d677508c-6db9-4741-b51c-49af5e4cf22f:c3249]
2019-09-08 07:07:56,510 [grpc-default-executor-3] INFO  client.GrpcClientProtocolClient (GrpcClientProtocolClient.java:onNext(264)) - client-964B0EA39D34->4234af2c-5377-4886-a4e8-6fe45d0af45e: receive RaftClientReply:client-964B0EA39D34->4234af2c-5377-4886-a4e8-6fe45d0af45e@group-A1165329A1F1, cid=2217, SUCCESS, logIndex=0, commits[4234af2c-5377-4886-a4e8-6fe45d0af45e:c3254, cef72988-acf5-49ad-9ec7-695a80e7a66d:c3251, d677508c-6db9-4741-b51c-49af5e4cf22f:c3251]
2019-09-08 07:07:56,530 [grpc-default-executor-4] INFO  client.GrpcClientProtocolClient (GrpcClientProtocolClient.java:onNext(264)) - client-964B0EA39D34->4234af2c-5377-4886-a4e8-6fe45d0af45e: receive RaftClientReply:client-964B0EA39D34->4234af2c-5377-4886-a4e8-6fe45d0af45e@group-A1165329A1F1, cid=2218, SUCCESS, logIndex=3258, commits[4234af2c-5377-4886-a4e8-6fe45d0af45e:c3259, cef72988-acf5-49ad-9ec7-695a80e7a66d:c3257, d677508c-6db9-4741-b51c-49af5e4cf22f:c3257]
2019-09-08 07:07:56,530 [grpc-default-executor-4] INFO  client.GrpcClientProtocolClient (GrpcClientProtocolClient.java:onNext(264)) - client-964B0EA39D34->4234af2c-5377-4886-a4e8-6fe45d0af45e: receive RaftClientReply:client-964B0EA39D34->4234af2c-5377-4886-a4e8-6fe45d0af45e@group-A1165329A1F1, cid=2219, SUCCESS, logIndex=3259, commits[4234af2c-5377-4886-a4e8-6fe45d0af45e:c3259, cef72988-acf5-49ad-9ec7-695a80e7a66d:c3257, d677508c-6db9-4741-b51c-49af5e4cf22f:c3257]
2019-09-08 07:07:56,550 [grpc-default-executor-3] INFO  client.GrpcClientProtocolClient (GrpcClientProtocolClient.java:onNext(264)) - client-964B0EA39D34->4234af2c-5377-4886-a4e8-6fe45d0af45e: receive RaftClientReply:client-964B0EA39D34->4234af2c-5377-4886-a4e8-6fe45d0af45e@group-A1165329A1F1, cid=2220, SUCCESS, logIndex=3262, commits[4234af2c-5377-4886-a4e8-6fe45d0af45e:c3263, cef72988-acf5-49ad-9ec7-695a80e7a66d:c3261, d677508c-6db9-4741-b51c-49af5e4cf22f:c3261]
2019-09-08 07:07:56,550 [grpc-default-executor-3] INFO  client.GrpcClientProtocolClient (GrpcClientProtocolClient.java:onNext(264)) - client-964B0EA39D34->4234af2c-5377-4886-a4e8-6fe45d0af45e: receive RaftClientReply:client-964B0EA39D34->4234af2c-5377-4886-a4e8-6fe45d0af45e@group-A1165329A1F1, cid=2221, SUCCESS, logIndex=3263, commits[4234af2c-5377-4886-a4e8-6fe45d0af45e:c3263, cef72988-acf5-49ad-9ec7-695a80e7a66d:c3261, d677508c-6db9-4741-b51c-49af5e4cf22f:c3261]
2019-09-08 07:07:56,568 [grpc-default-executor-3] INFO  client.GrpcClientProtocolClient (GrpcClientProtocolClient.java:onNext(264)) - client-964B0EA39D34->4234af2c-5377-4886-a4e8-6fe45d0af45e: receive RaftClientReply:client-964B0EA39D34->4234af2c-5377-4886-a4e8-6fe45d0af45e@group-A1165329A1F1, cid=2222, SUCCESS, logIndex=0, commits[4234af2c-5377-4886-a4e8-6fe45d0af45e:c3264, cef72988-acf5-49ad-9ec7-695a80e7a66d:c3263, d677508c-6db9-4741-b51c-49af5e4cf22f:c3263]
2019-09-08 07:07:56,599 [grpc-default-executor-4] INFO  client.GrpcClientProtocolClient (GrpcClientProtocolClient.java:onNext(264)) - client-964B0EA39D34->4234af2c-5377-4886-a4e8-6fe45d0af45e: receive RaftClientReply:client-964B0EA39D34->4234af2c-5377-4886-a4e8-6fe45d0af45e@group-A1165329A1F1, cid=2223, SUCCESS, logIndex=3266, commits[4234af2c-5377-4886-a4e8-6fe45d0af45e:c3267, cef72988-acf5-49ad-9ec7-695a80e7a66d:c3265, d677508c-6db9-4741-b51c-49af5e4cf22f:c3265]
2019-09-08 07:07:56,600 [grpc-default-executor-4] INFO  client.GrpcClientProtocolClient (GrpcClientProtocolClient.java:onNext(264)) - client-964B0EA39D34->4234af2c-5377-4886-a4e8-6fe45d0af45e: receive RaftClientReply:client-964B0EA39D34->4234af2c-5377-4886-a4e8-6fe45d0af45e@group-A1165329A1F1, cid=2224, SUCCESS, logIndex=3267, commits[4234af2c-5377-4886-a4e8-6fe45d0af45e:c3269, cef72988-acf5-49ad-9ec7-695a80e7a66d:c3265, d677508c-6db9-4741-b51c-49af5e4cf22f:c3265]
2019-09-08 07:07:56,600 [grpc-default-executor-4] INFO  client.GrpcClientProtocolClient (GrpcClientProtocolClient.java:onNext(264)) - client-964B0EA39D34->4234af2c-5377-4886-a4e8-6fe45d0af45e: receive RaftClientReply:client-964B0EA39D34->4234af2c-5377-4886-a4e8-6fe45d0af45e@group-A1165329A1F1, cid=2225, SUCCESS, logIndex=3268, commits[4234af2c-5377-4886-a4e8-6fe45d0af45e:c3269, cef72988-acf5-49ad-9ec7-695a80e7a66d:c3265, d677508c-6db9-4741-b51c-49af5e4cf22f:c3265]
2019-09-08 07:07:56,601 [grpc-default-executor-3] INFO  client.GrpcClientProtocolClient (GrpcClientProtocolClient.java:onNext(264)) - client-964B0EA39D34->4234af2c-5377-4886-a4e8-6fe45d0af45e: receive RaftClientReply:client-964B0EA39D34->4234af2c-5377-4886-a4e8-6fe45d0af45e@group-A1165329A1F1, cid=2226, SUCCESS, logIndex=3269, commits[4234af2c-5377-4886-a4e8-6fe45d0af45e:c3269, cef72988-acf5-49ad-9ec7-695a80e7a66d:c3265, d677508c-6db9-4741-b51c-49af5e4cf22f:c3265]
2019-09-08 07:07:56,602 [grpc-default-executor-3] INFO  client.GrpcClientProtocolClient (GrpcClientProtocolClient.java:onNext(264)) - client-964B0EA39D34->4234af2c-5377-4886-a4e8-6fe45d0af45e: receive RaftClientReply:client-964B0EA39D34->4234af2c-5377-4886-a4e8-6fe45d0af45e@group-A1165329A1F1, cid=2227, SUCCESS, logIndex=0, commits[4234af2c-5377-4886-a4e8-6fe45d0af45e:c3272, cef72988-acf5-49ad-9ec7-695a80e7a66d:c3268, d677508c-6db9-4741-b51c-49af5e4cf22f:c3267]
2019-09-08 07:07:56,622 [grpc-default-executor-4] INFO  client.GrpcClientProtocolClient (GrpcClientProtocolClient.java:onNext(264)) - client-964B0EA39D34->4234af2c-5377-4886-a4e8-6fe45d0af45e: receive RaftClientReply:client-964B0EA39D34->4234af2c-5377-4886-a4e8-6fe45d0af45e@group-A1165329A1F1, cid=2228, SUCCESS, logIndex=3274, commits[4234af2c-5377-4886-a4e8-6fe45d0af45e:c3275, cef72988-acf5-49ad-9ec7-695a80e7a66d:c3273, d677508c-6db9-4741-b51c-49af5e4cf22f:c3273]
2019-09-08 07:07:56,622 [grpc-default-executor-4] INFO  client.GrpcClientProtocolClient (GrpcClientProtocolClient.java:onNext(264)) - client-964B0EA39D34->4234af2c-5377-4886-a4e8-6fe45d0af45e: receive RaftClientReply:client-964B0EA39D34->4234af2c-5377-4886-a4e8-6fe45d0af45e@group-A1165329A1F1, cid=2229, SUCCESS, logIndex=3275, commits[4234af2c-5377-4886-a4e8-6fe45d0af45e:c3275, cef72988-acf5-49ad-9ec7-695a80e7a66d:c3273, d677508c-6db9-4741-b51c-49af5e4cf22f:c3273]
2019-09-08 07:07:56,637 [grpc-default-executor-4] INFO  client.GrpcClientProtocolClient (GrpcClientProtocolClient.java:onNext(264)) - client-964B0EA39D34->4234af2c-5377-4886-a4e8-6fe45d0af45e: receive RaftClientReply:client-964B0EA39D34->4234af2c-5377-4886-a4e8-6fe45d0af45e@group-A1165329A1F1, cid=2230, SUCCESS, logIndex=3278, commits[4234af2c-5377-4886-a4e8-6fe45d0af45e:c3278, cef72988-acf5-49ad-9ec7-695a80e7a66d:c3275, d677508c-6db9-4741-b51c-49af5e4cf22f:c3275]
2019-09-08 07:07:56,637 [grpc-default-executor-4] INFO  client.GrpcClientProtocolClient (GrpcClientProtocolClient.java:onNext(264)) - client-964B0EA39D34->4234af2c-5377-4886-a4e8-6fe45d0af45e: receive RaftClientReply:client-964B0EA39D34->4234af2c-5377-4886-a4e8-6fe45d0af45e@group-A1165329A1F1, cid=2231, SUCCESS, logIndex=3279, commits[4234af2c-5377-4886-a4e8-6fe45d0af45e:c3279, cef72988-acf5-49ad-9ec7-695a80e7a66d:c3275, d677508c-6db9-4741-b51c-49af5e4cf22f:c3275]
2019-09-08 07:07:56,649 [grpc-default-executor-4] INFO  client.GrpcClientProtocolClient (GrpcClientProtocolClient.java:onNext(264)) - client-964B0EA39D34->4234af2c-5377-4886-a4e8-6fe45d0af45e: receive RaftClientReply:client-964B0EA39D34->4234af2c-5377-4886-a4e8-6fe45d0af45e@group-A1165329A1F1, cid=2232, SUCCESS, logIndex=0, commits[4234af2c-5377-4886-a4e8-6fe45d0af45e:c3280, cef72988-acf5-49ad-9ec7-695a80e7a66d:c3279, d677508c-6db9-4741-b51c-49af5e4cf22f:c3279]
2019-09-08 07:07:56,674 [grpc-default-executor-3] INFO  client.GrpcClientProtocolClient (GrpcClientProtocolClient.java:onNext(264)) - client-964B0EA39D34->4234af2c-5377-4886-a4e8-6fe45d0af45e: receive RaftClientReply:client-964B0EA39D34->4234af2c-5377-4886-a4e8-6fe45d0af45e@group-A1165329A1F1, cid=2233, SUCCESS, logIndex=3282, commits[4234af2c-5377-4886-a4e8-6fe45d0af45e:c3283, cef72988-acf5-49ad-9ec7-695a80e7a66d:c3281, d677508c-6db9-4741-b51c-49af5e4cf22f:c3281]
2019-09-08 07:07:56,674 [grpc-default-executor-3] INFO  client.GrpcClientProtocolClient (GrpcClientProtocolClient.java:onNext(264)) - client-964B0EA39D34->4234af2c-5377-4886-a4e8-6fe45d0af45e: receive RaftClientReply:client-964B0EA39D34->4234af2c-5377-4886-a4e8-6fe45d0af45e@group-A1165329A1F1, cid=2234, SUCCESS, logIndex=3283, commits[4234af2c-5377-4886-a4e8-6fe45d0af45e:c3283, cef72988-acf5-49ad-9ec7-695a80e7a66d:c3281, d677508c-6db9-4741-b51c-49af5e4cf22f:c3281]
2019-09-08 07:07:56,780 [grpc-default-executor-5] INFO  client.GrpcClientProtocolClient (GrpcClientProtocolClient.java:onNext(264)) - client-964B0EA39D34->4234af2c-5377-4886-a4e8-6fe45d0af45e: receive RaftClientReply:client-964B0EA39D34->4234af2c-5377-4886-a4e8-6fe45d0af45e@group-A1165329A1F1, cid=2235, SUCCESS, logIndex=3284, commits[4234af2c-5377-4886-a4e8-6fe45d0af45e:c3285, cef72988-acf5-49ad-9ec7-695a80e7a66d:c3281, d677508c-6db9-4741-b51c-49af5e4cf22f:c3281]
2019-09-08 07:07:56,784 [grpc-default-executor-3] INFO  client.GrpcClientProtocolClient (GrpcClientProtocolClient.java:onNext(264)) - client-964B0EA39D34->4234af2c-5377-4886-a4e8-6fe45d0af45e: receive RaftClientReply:client-964B0EA39D34->4234af2c-5377-4886-a4e8-6fe45d0af45e@group-A1165329A1F1, cid=2236, SUCCESS, logIndex=3285, commits[4234af2c-5377-4886-a4e8-6fe45d0af45e:c3285, cef72988-acf5-49ad-9ec7-695a80e7a66d:c3282, d677508c-6db9-4741-b51c-49af5e4cf22f:c3281]
2019-09-08 07:07:56,793 [grpc-default-executor-3] INFO  client.GrpcClientProtocolClient (GrpcClientProtocolClient.java:onNext(264)) - client-964B0EA39D34->4234af2c-5377-4886-a4e8-6fe45d0af45e: receive RaftClientReply:client-964B0EA39D34->4234af2c-5377-4886-a4e8-6fe45d0af45e@group-A1165329A1F1, cid=2237, SUCCESS, logIndex=0, commits[4234af2c-5377-4886-a4e8-6fe45d0af45e:c3289, cef72988-acf5-49ad-9ec7-695a80e7a66d:c3285, d677508c-6db9-4741-b51c-49af5e4cf22f:c3283]
2019-09-08 07:07:56,818 [grpc-default-executor-0] INFO  client.GrpcClientProtocolClient (GrpcClientProtocolClient.java:onNext(264)) - client-964B0EA39D34->4234af2c-5377-4886-a4e8-6fe45d0af45e: receive RaftClientReply:client-964B0EA39D34->4234af2c-5377-4886-a4e8-6fe45d0af45e@group-A1165329A1F1, cid=2238, SUCCESS, logIndex=3290, commits[4234af2c-5377-4886-a4e8-6fe45d0af45e:c3291, cef72988-acf5-49ad-9ec7-695a80e7a66d:c3289, d677508c-6db9-4741-b51c-49af5e4cf22f:c3289]
2019-09-08 07:07:56,818 [grpc-default-executor-0] INFO  client.GrpcClientProtocolClient (GrpcClientProtocolClient.java:onNext(264)) - client-964B0EA39D34->4234af2c-5377-4886-a4e8-6fe45d0af45e: receive RaftClientReply:client-964B0EA39D34->4234af2c-5377-4886-a4e8-6fe45d0af45e@group-A1165329A1F1, cid=2239, SUCCESS, logIndex=3291, commits[4234af2c-5377-4886-a4e8-6fe45d0af45e:c3291, cef72988-acf5-49ad-9ec7-695a80e7a66d:c3289, d677508c-6db9-4741-b51c-49af5e4cf22f:c3289]
2019-09-08 07:07:56,839 [grpc-default-executor-3] INFO  client.GrpcClientProtocolClient (GrpcClientProtocolClient.java:onNext(264)) - client-964B0EA39D34->4234af2c-5377-4886-a4e8-6fe45d0af45e: receive RaftClientReply:client-964B0EA39D34->4234af2c-5377-4886-a4e8-6fe45d0af45e@group-A1165329A1F1, cid=2240, SUCCESS, logIndex=3294, commits[4234af2c-5377-4886-a4e8-6fe45d0af45e:c3295, cef72988-acf5-49ad-9ec7-695a80e7a66d:c3293, d677508c-6db9-4741-b51c-49af5e4cf22f:c3293]
2019-09-08 07:07:56,840 [grpc-default-executor-3] INFO  client.GrpcClientProtocolClient (GrpcClientProtocolClient.java:onNext(264)) - client-964B0EA39D34->4234af2c-5377-4886-a4e8-6fe45d0af45e: receive RaftClientReply:client-964B0EA39D34->4234af2c-5377-4886-a4e8-6fe45d0af45e@group-A1165329A1F1, cid=2241, SUCCESS, logIndex=3295, commits[4234af2c-5377-4886-a4e8-6fe45d0af45e:c3295, cef72988-acf5-49ad-9ec7-695a80e7a66d:c3293, d677508c-6db9-4741-b51c-49af5e4cf22f:c3293]
2019-09-08 07:07:56,851 [grpc-default-executor-5] INFO  client.GrpcClientProtocolClient (GrpcClientProtocolClient.java:onNext(264)) - client-964B0EA39D34->4234af2c-5377-4886-a4e8-6fe45d0af45e: receive RaftClientReply:client-964B0EA39D34->4234af2c-5377-4886-a4e8-6fe45d0af45e@group-A1165329A1F1, cid=2242, SUCCESS, logIndex=0, commits[4234af2c-5377-4886-a4e8-6fe45d0af45e:c3296, cef72988-acf5-49ad-9ec7-695a80e7a66d:c3295, d677508c-6db9-4741-b51c-49af5e4cf22f:c3295]
2019-09-08 07:07:56,877 [grpc-default-executor-0] INFO  client.GrpcClientProtocolClient (GrpcClientProtocolClient.java:onNext(264)) - client-964B0EA39D34->4234af2c-5377-4886-a4e8-6fe45d0af45e: receive RaftClientReply:client-964B0EA39D34->4234af2c-5377-4886-a4e8-6fe45d0af45e@group-A1165329A1F1, cid=2243, SUCCESS, logIndex=3298, commits[4234af2c-5377-4886-a4e8-6fe45d0af45e:c3301, cef72988-acf5-49ad-9ec7-695a80e7a66d:c3297, d677508c-6db9-4741-b51c-49af5e4cf22f:c3297]
2019-09-08 07:07:56,878 [grpc-default-executor-0] INFO  client.GrpcClientProtocolClient (GrpcClientProtocolClient.java:onNext(264)) - client-964B0EA39D34->4234af2c-5377-4886-a4e8-6fe45d0af45e: receive RaftClientReply:client-964B0EA39D34->4234af2c-5377-4886-a4e8-6fe45d0af45e@group-A1165329A1F1, cid=2244, SUCCESS, logIndex=3299, commits[4234af2c-5377-4886-a4e8-6fe45d0af45e:c3301, cef72988-acf5-49ad-9ec7-695a80e7a66d:c3297, d677508c-6db9-4741-b51c-49af5e4cf22f:c3297]
2019-09-08 07:07:56,878 [grpc-default-executor-0] INFO  client.GrpcClientProtocolClient (GrpcClientProtocolClient.java:onNext(264)) - client-964B0EA39D34->4234af2c-5377-4886-a4e8-6fe45d0af45e: receive RaftClientReply:client-964B0EA39D34->4234af2c-5377-4886-a4e8-6fe45d0af45e@group-A1165329A1F1, cid=2245, SUCCESS, logIndex=3300, commits[4234af2c-5377-4886-a4e8-6fe45d0af45e:c3301, cef72988-acf5-49ad-9ec7-695a80e7a66d:c3297, d677508c-6db9-4741-b51c-49af5e4cf22f:c3297]
2019-09-08 07:07:56,878 [grpc-default-executor-0] INFO  client.GrpcClientProtocolClient (GrpcClientProtocolClient.java:onNext(264)) - client-964B0EA39D34->4234af2c-5377-4886-a4e8-6fe45d0af45e: receive RaftClientReply:client-964B0EA39D34->4234af2c-5377-4886-a4e8-6fe45d0af45e@group-A1165329A1F1, cid=2246, SUCCESS, logIndex=3301, commits[4234af2c-5377-4886-a4e8-6fe45d0af45e:c3301, cef72988-acf5-49ad-9ec7-695a80e7a66d:c3297, d677508c-6db9-4741-b51c-49af5e4cf22f:c3297]
2019-09-08 07:07:56,879 [grpc-default-executor-0] INFO  client.GrpcClientProtocolClient (GrpcClientProtocolClient.java:onNext(264)) - client-964B0EA39D34->4234af2c-5377-4886-a4e8-6fe45d0af45e: receive RaftClientReply:client-964B0EA39D34->4234af2c-5377-4886-a4e8-6fe45d0af45e@group-A1165329A1F1, cid=2247, SUCCESS, logIndex=0, commits[4234af2c-5377-4886-a4e8-6fe45d0af45e:c3302, cef72988-acf5-49ad-9ec7-695a80e7a66d:c3299, d677508c-6db9-4741-b51c-49af5e4cf22f:c3299]
2019-09-08 07:07:56,898 [grpc-default-executor-3] INFO  client.GrpcClientProtocolClient (GrpcClientProtocolClient.java:onNext(264)) - client-964B0EA39D34->4234af2c-5377-4886-a4e8-6fe45d0af45e: receive RaftClientReply:client-964B0EA39D34->4234af2c-5377-4886-a4e8-6fe45d0af45e@group-A1165329A1F1, cid=2248, SUCCESS, logIndex=3305, commits[4234af2c-5377-4886-a4e8-6fe45d0af45e:c3306, cef72988-acf5-49ad-9ec7-695a80e7a66d:c3304, d677508c-6db9-4741-b51c-49af5e4cf22f:c3304]
2019-09-08 07:07:56,898 [grpc-default-executor-3] INFO  client.GrpcClientProtocolClient (GrpcClientProtocolClient.java:onNext(264)) - client-964B0EA39D34->4234af2c-5377-4886-a4e8-6fe45d0af45e: receive RaftClientReply:client-964B0EA39D34->4234af2c-5377-4886-a4e8-6fe45d0af45e@group-A1165329A1F1, cid=2249, SUCCESS, logIndex=3306, commits[4234af2c-5377-4886-a4e8-6fe45d0af45e:c3306, cef72988-acf5-49ad-9ec7-695a80e7a66d:c3304, d677508c-6db9-4741-b51c-49af5e4cf22f:c3304]
2019-09-08 07:07:56,913 [grpc-default-executor-0] INFO  client.GrpcClientProtocolClient (GrpcClientProtocolClient.java:onNext(264)) - client-964B0EA39D34->4234af2c-5377-4886-a4e8-6fe45d0af45e: receive RaftClientReply:client-964B0EA39D34->4234af2c-5377-4886-a4e8-6fe45d0af45e@group-A1165329A1F1, cid=2250, SUCCESS, logIndex=3309, commits[4234af2c-5377-4886-a4e8-6fe45d0af45e:c3310, cef72988-acf5-49ad-9ec7-695a80e7a66d:c3306, d677508c-6db9-4741-b51c-49af5e4cf22f:c3306]
2019-09-08 07:07:56,913 [grpc-default-executor-0] INFO  client.GrpcClientProtocolClient (GrpcClientProtocolClient.java:onNext(264)) - client-964B0EA39D34->4234af2c-5377-4886-a4e8-6fe45d0af45e: receive RaftClientReply:client-964B0EA39D34->4234af2c-5377-4886-a4e8-6fe45d0af45e@group-A1165329A1F1, cid=2251, SUCCESS, logIndex=3310, commits[4234af2c-5377-4886-a4e8-6fe45d0af45e:c3310, cef72988-acf5-49ad-9ec7-695a80e7a66d:c3306, d677508c-6db9-4741-b51c-49af5e4cf22f:c3306]
2019-09-08 07:07:56,924 [grpc-default-executor-0] INFO  client.GrpcClientProtocolClient (GrpcClientProtocolClient.java:onNext(264)) - client-964B0EA39D34->4234af2c-5377-4886-a4e8-6fe45d0af45e: receive RaftClientReply:client-964B0EA39D34->4234af2c-5377-4886-a4e8-6fe45d0af45e@group-A1165329A1F1, cid=2252, SUCCESS, logIndex=0, commits[4234af2c-5377-4886-a4e8-6fe45d0af45e:c3311, cef72988-acf5-49ad-9ec7-695a80e7a66d:c3310, d677508c-6db9-4741-b51c-49af5e4cf22f:c3310]
2019-09-08 07:07:56,949 [grpc-default-executor-0] INFO  client.GrpcClientProtocolClient (GrpcClientProtocolClient.java:onNext(264)) - client-964B0EA39D34->4234af2c-5377-4886-a4e8-6fe45d0af45e: receive RaftClientReply:client-964B0EA39D34->4234af2c-5377-4886-a4e8-6fe45d0af45e@group-A1165329A1F1, cid=2253, SUCCESS, logIndex=3313, commits[4234af2c-5377-4886-a4e8-6fe45d0af45e:c3313, cef72988-acf5-49ad-9ec7-695a80e7a66d:c3310, d677508c-6db9-4741-b51c-49af5e4cf22f:c3312]
2019-09-08 07:07:56,950 [grpc-default-executor-0] INFO  client.GrpcClientProtocolClient (GrpcClientProtocolClient.java:onNext(264)) - client-964B0EA39D34->4234af2c-5377-4886-a4e8-6fe45d0af45e: receive RaftClientReply:client-964B0EA39D34->4234af2c-5377-4886-a4e8-6fe45d0af45e@group-A1165329A1F1, cid=2254, SUCCESS, logIndex=3314, commits[4234af2c-5377-4886-a4e8-6fe45d0af45e:c3316, cef72988-acf5-49ad-9ec7-695a80e7a66d:c3310, d677508c-6db9-4741-b51c-49af5e4cf22f:c3312]
2019-09-08 07:07:56,950 [grpc-default-executor-0] INFO  client.GrpcClientProtocolClient (GrpcClientProtocolClient.java:onNext(264)) - client-964B0EA39D34->4234af2c-5377-4886-a4e8-6fe45d0af45e: receive RaftClientReply:client-964B0EA39D34->4234af2c-5377-4886-a4e8-6fe45d0af45e@group-A1165329A1F1, cid=2255, SUCCESS, logIndex=3315, commits[4234af2c-5377-4886-a4e8-6fe45d0af45e:c3316, cef72988-acf5-49ad-9ec7-695a80e7a66d:c3312, d677508c-6db9-4741-b51c-49af5e4cf22f:c3312]
2019-09-08 07:07:56,950 [grpc-default-executor-0] INFO  client.GrpcClientProtocolClient (GrpcClientProtocolClient.java:onNext(264)) - client-964B0EA39D34->4234af2c-5377-4886-a4e8-6fe45d0af45e: receive RaftClientReply:client-964B0EA39D34->4234af2c-5377-4886-a4e8-6fe45d0af45e@group-A1165329A1F1, cid=2256, SUCCESS, logIndex=3316, commits[4234af2c-5377-4886-a4e8-6fe45d0af45e:c3316, cef72988-acf5-49ad-9ec7-695a80e7a66d:c3312, d677508c-6db9-4741-b51c-49af5e4cf22f:c3312]
2019-09-08 07:07:56,963 [grpc-default-executor-0] INFO  client.GrpcClientProtocolClient (GrpcClientProtocolClient.java:onNext(264)) - client-964B0EA39D34->4234af2c-5377-4886-a4e8-6fe45d0af45e: receive RaftClientReply:client-964B0EA39D34->4234af2c-5377-4886-a4e8-6fe45d0af45e@group-A1165329A1F1, cid=2257, SUCCESS, logIndex=0, commits[4234af2c-5377-4886-a4e8-6fe45d0af45e:c3319, cef72988-acf5-49ad-9ec7-695a80e7a66d:c3314, d677508c-6db9-4741-b51c-49af5e4cf22f:c3316]
2019-09-08 07:07:56,982 [grpc-default-executor-4] INFO  client.GrpcClientProtocolClient (GrpcClientProtocolClient.java:onNext(264)) - client-964B0EA39D34->4234af2c-5377-4886-a4e8-6fe45d0af45e: receive RaftClientReply:client-964B0EA39D34->4234af2c-5377-4886-a4e8-6fe45d0af45e@group-A1165329A1F1, cid=2258, SUCCESS, logIndex=3320, commits[4234af2c-5377-4886-a4e8-6fe45d0af45e:c3321, cef72988-acf5-49ad-9ec7-695a80e7a66d:c3319, d677508c-6db9-4741-b51c-49af5e4cf22f:c3319]
2019-09-08 07:07:56,982 [grpc-default-executor-4] INFO  client.GrpcClientProtocolClient (GrpcClientProtocolClient.java:onNext(264)) - client-964B0EA39D34->4234af2c-5377-4886-a4e8-6fe45d0af45e: receive RaftClientReply:client-964B0EA39D34->4234af2c-5377-4886-a4e8-6fe45d0af45e@group-A1165329A1F1, cid=2259, SUCCESS, logIndex=3321, commits[4234af2c-5377-4886-a4e8-6fe45d0af45e:c3321, cef72988-acf5-49ad-9ec7-695a80e7a66d:c3319, d677508c-6db9-4741-b51c-49af5e4cf22f:c3319]
2019-09-08 07:07:56,995 [grpc-default-executor-0] INFO  client.GrpcClientProtocolClient (GrpcClientProtocolClient.java:onNext(264)) - client-964B0EA39D34->4234af2c-5377-4886-a4e8-6fe45d0af45e: receive RaftClientReply:client-964B0EA39D34->4234af2c-5377-4886-a4e8-6fe45d0af45e@group-A1165329A1F1, cid=2260, SUCCESS, logIndex=3324, commits[4234af2c-5377-4886-a4e8-6fe45d0af45e:c3325, cef72988-acf5-49ad-9ec7-695a80e7a66d:c3321, d677508c-6db9-4741-b51c-49af5e4cf22f:c3321]
2019-09-08 07:07:56,995 [grpc-default-executor-0] INFO  client.GrpcClientProtocolClient (GrpcClientProtocolClient.java:onNext(264)) - client-964B0EA39D34->4234af2c-5377-4886-a4e8-6fe45d0af45e: receive RaftClientReply:client-964B0EA39D34->4234af2c-5377-4886-a4e8-6fe45d0af45e@group-A1165329A1F1, cid=2261, SUCCESS, logIndex=3325, commits[4234af2c-5377-4886-a4e8-6fe45d0af45e:c3325, cef72988-acf5-49ad-9ec7-695a80e7a66d:c3321, d677508c-6db9-4741-b51c-49af5e4cf22f:c3321]
2019-09-08 07:07:56,998 [grpc-default-executor-0] INFO  client.GrpcClientProtocolClient (GrpcClientProtocolClient.java:onNext(264)) - client-964B0EA39D34->4234af2c-5377-4886-a4e8-6fe45d0af45e: receive RaftClientReply:client-964B0EA39D34->4234af2c-5377-4886-a4e8-6fe45d0af45e@group-A1165329A1F1, cid=2262, SUCCESS, logIndex=0, commits[4234af2c-5377-4886-a4e8-6fe45d0af45e:c3327, cef72988-acf5-49ad-9ec7-695a80e7a66d:c3325, d677508c-6db9-4741-b51c-49af5e4cf22f:c3325]
2019-09-08 07:07:57,019 [grpc-default-executor-5] INFO  client.GrpcClientProtocolClient (GrpcClientProtocolClient.java:onNext(264)) - client-964B0EA39D34->4234af2c-5377-4886-a4e8-6fe45d0af45e: receive RaftClientReply:client-964B0EA39D34->4234af2c-5377-4886-a4e8-6fe45d0af45e@group-A1165329A1F1, cid=2263, SUCCESS, logIndex=3328, commits[4234af2c-5377-4886-a4e8-6fe45d0af45e:c3329, cef72988-acf5-49ad-9ec7-695a80e7a66d:c3327, d677508c-6db9-4741-b51c-49af5e4cf22f:c3327]
2019-09-08 07:07:57,020 [grpc-default-executor-5] INFO  client.GrpcClientProtocolClient (GrpcClientProtocolClient.java:onNext(264)) - client-964B0EA39D34->4234af2c-5377-4886-a4e8-6fe45d0af45e: receive RaftClientReply:client-964B0EA39D34->4234af2c-5377-4886-a4e8-6fe45d0af45e@group-A1165329A1F1, cid=2264, SUCCESS, logIndex=3329, commits[4234af2c-5377-4886-a4e8-6fe45d0af45e:c3329, cef72988-acf5-49ad-9ec7-695a80e7a66d:c3327, d677508c-6db9-4741-b51c-49af5e4cf22f:c3327]
2019-09-08 07:07:57,020 [grpc-default-executor-3] INFO  client.GrpcClientProtocolClient (GrpcClientProtocolClient.java:onNext(264)) - client-964B0EA39D34->4234af2c-5377-4886-a4e8-6fe45d0af45e: receive RaftClientReply:client-964B0EA39D34->4234af2c-5377-4886-a4e8-6fe45d0af45e@group-A1165329A1F1, cid=2265, SUCCESS, logIndex=3330, commits[4234af2c-5377-4886-a4e8-6fe45d0af45e:c3331, cef72988-acf5-49ad-9ec7-695a80e7a66d:c3327, d677508c-6db9-4741-b51c-49af5e4cf22f:c3327]
2019-09-08 07:07:57,021 [grpc-default-executor-3] INFO  client.GrpcClientProtocolClient (GrpcClientProtocolClient.java:onNext(264)) - client-964B0EA39D34->4234af2c-5377-4886-a4e8-6fe45d0af45e: receive RaftClientReply:client-964B0EA39D34->4234af2c-5377-4886-a4e8-6fe45d0af45e@group-A1165329A1F1, cid=2266, SUCCESS, logIndex=3331, commits[4234af2c-5377-4886-a4e8-6fe45d0af45e:c3331, cef72988-acf5-49ad-9ec7-695a80e7a66d:c3327, d677508c-6db9-4741-b51c-49af5e4cf22f:c3327]
2019-09-08 07:07:57,023 [grpc-default-executor-3] INFO  client.GrpcClientProtocolClient (GrpcClientProtocolClient.java:onNext(264)) - client-964B0EA39D34->4234af2c-5377-4886-a4e8-6fe45d0af45e: receive RaftClientReply:client-964B0EA39D34->4234af2c-5377-4886-a4e8-6fe45d0af45e@group-A1165329A1F1, cid=2267, SUCCESS, logIndex=0, commits[4234af2c-5377-4886-a4e8-6fe45d0af45e:c3333, cef72988-acf5-49ad-9ec7-695a80e7a66d:c3329, d677508c-6db9-4741-b51c-49af5e4cf22f:c3329]
2019-09-08 07:07:57,032 [grpc-default-executor-3] INFO  client.GrpcClientProtocolClient (GrpcClientProtocolClient.java:onNext(264)) - client-964B0EA39D34->4234af2c-5377-4886-a4e8-6fe45d0af45e: receive RaftClientReply:client-964B0EA39D34->4234af2c-5377-4886-a4e8-6fe45d0af45e@group-A1165329A1F1, cid=2268, SUCCESS, logIndex=3335, commits[4234af2c-5377-4886-a4e8-6fe45d0af45e:c3336, cef72988-acf5-49ad-9ec7-695a80e7a66d:c3334, d677508c-6db9-4741-b51c-49af5e4cf22f:c3331]
2019-09-08 07:07:57,033 [grpc-default-executor-3] INFO  client.GrpcClientProtocolClient (GrpcClientProtocolClient.java:onNext(264)) - client-964B0EA39D34->4234af2c-5377-4886-a4e8-6fe45d0af45e: receive RaftClientReply:client-964B0EA39D34->4234af2c-5377-4886-a4e8-6fe45d0af45e@group-A1165329A1F1, cid=2269, SUCCESS, logIndex=3336, commits[4234af2c-5377-4886-a4e8-6fe45d0af45e:c3336, cef72988-acf5-49ad-9ec7-695a80e7a66d:c3334, d677508c-6db9-4741-b51c-49af5e4cf22f:c3334]
 0.00% |█                                                                                                    |  0/1 Time: 0:00:372019-09-08 07:07:57,050 [grpc-default-executor-3] INFO  client.GrpcClientProtocolClient (GrpcClientProtocolClient.java:onNext(264)) - client-964B0EA39D34->4234af2c-5377-4886-a4e8-6fe45d0af45e: receive RaftClientReply:client-964B0EA39D34->4234af2c-5377-4886-a4e8-6fe45d0af45e@group-A1165329A1F1, cid=2270, SUCCESS, logIndex=3339, commits[4234af2c-5377-4886-a4e8-6fe45d0af45e:c3340, cef72988-acf5-49ad-9ec7-695a80e7a66d:c3336, d677508c-6db9-4741-b51c-49af5e4cf22f:c3338]
2019-09-08 07:07:57,051 [grpc-default-executor-3] INFO  client.GrpcClientProtocolClient (GrpcClientProtocolClient.java:onNext(264)) - client-964B0EA39D34->4234af2c-5377-4886-a4e8-6fe45d0af45e: receive RaftClientReply:client-964B0EA39D34->4234af2c-5377-4886-a4e8-6fe45d0af45e@group-A1165329A1F1, cid=2271, SUCCESS, logIndex=3340, commits[4234af2c-5377-4886-a4e8-6fe45d0af45e:c3340, cef72988-acf5-49ad-9ec7-695a80e7a66d:c3336, d677508c-6db9-4741-b51c-49af5e4cf22f:c3338]
2019-09-08 07:07:57,053 [grpc-default-executor-3] INFO  client.GrpcClientProtocolClient (GrpcClientProtocolClient.java:onNext(264)) - client-964B0EA39D34->4234af2c-5377-4886-a4e8-6fe45d0af45e: receive RaftClientReply:client-964B0EA39D34->4234af2c-5377-4886-a4e8-6fe45d0af45e@group-A1165329A1F1, cid=2272, SUCCESS, logIndex=0, commits[4234af2c-5377-4886-a4e8-6fe45d0af45e:c3341, cef72988-acf5-49ad-9ec7-695a80e7a66d:c3340, d677508c-6db9-4741-b51c-49af5e4cf22f:c3340]
2019-09-08 07:07:57,084 [grpc-default-executor-3] INFO  client.GrpcClientProtocolClient (GrpcClientProtocolClient.java:onNext(264)) - client-964B0EA39D34->4234af2c-5377-4886-a4e8-6fe45d0af45e: receive RaftClientReply:client-964B0EA39D34->4234af2c-5377-4886-a4e8-6fe45d0af45e@group-A1165329A1F1, cid=2273, SUCCESS, logIndex=3343, commits[4234af2c-5377-4886-a4e8-6fe45d0af45e:c3345, cef72988-acf5-49ad-9ec7-695a80e7a66d:c3342, d677508c-6db9-4741-b51c-49af5e4cf22f:c3342]
2019-09-08 07:07:57,085 [grpc-default-executor-3] INFO  client.GrpcClientProtocolClient (GrpcClientProtocolClient.java:onNext(264)) - client-964B0EA39D34->4234af2c-5377-4886-a4e8-6fe45d0af45e: receive RaftClientReply:client-964B0EA39D34->4234af2c-5377-4886-a4e8-6fe45d0af45e@group-A1165329A1F1, cid=2274, SUCCESS, logIndex=3344, commits[4234af2c-5377-4886-a4e8-6fe45d0af45e:c3346, cef72988-acf5-49ad-9ec7-695a80e7a66d:c3342, d677508c-6db9-4741-b51c-49af5e4cf22f:c3342]
2019-09-08 07:07:57,085 [grpc-default-executor-3] INFO  client.GrpcClientProtocolClient (GrpcClientProtocolClient.java:onNext(264)) - client-964B0EA39D34->4234af2c-5377-4886-a4e8-6fe45d0af45e: receive RaftClientReply:client-964B0EA39D34->4234af2c-5377-4886-a4e8-6fe45d0af45e@group-A1165329A1F1, cid=2275, SUCCESS, logIndex=3345, commits[4234af2c-5377-4886-a4e8-6fe45d0af45e:c3346, cef72988-acf5-49ad-9ec7-695a80e7a66d:c3342, d677508c-6db9-4741-b51c-49af5e4cf22f:c3342]
2019-09-08 07:07:57,085 [grpc-default-executor-3] INFO  client.GrpcClientProtocolClient (GrpcClientProtocolClient.java:onNext(264)) - client-964B0EA39D34->4234af2c-5377-4886-a4e8-6fe45d0af45e: receive RaftClientReply:client-964B0EA39D34->4234af2c-5377-4886-a4e8-6fe45d0af45e@group-A1165329A1F1, cid=2276, SUCCESS, logIndex=3346, commits[4234af2c-5377-4886-a4e8-6fe45d0af45e:c3346, cef72988-acf5-49ad-9ec7-695a80e7a66d:c3342, d677508c-6db9-4741-b51c-49af5e4cf22f:c3342]
2019-09-08 07:07:57,090 [grpc-default-executor-3] INFO  client.GrpcClientProtocolClient (GrpcClientProtocolClient.java:onNext(264)) - client-964B0EA39D34->4234af2c-5377-4886-a4e8-6fe45d0af45e: receive RaftClientReply:client-964B0EA39D34->4234af2c-5377-4886-a4e8-6fe45d0af45e@group-A1165329A1F1, cid=2277, SUCCESS, logIndex=0, commits[4234af2c-5377-4886-a4e8-6fe45d0af45e:c3347, cef72988-acf5-49ad-9ec7-695a80e7a66d:c3344, d677508c-6db9-4741-b51c-49af5e4cf22f:c3344]
2019-09-08 07:07:57,107 [grpc-default-executor-4] INFO  client.GrpcClientProtocolClient (GrpcClientProtocolClient.java:onNext(264)) - client-964B0EA39D34->4234af2c-5377-4886-a4e8-6fe45d0af45e: receive RaftClientReply:client-964B0EA39D34->4234af2c-5377-4886-a4e8-6fe45d0af45e@group-A1165329A1F1, cid=2278, SUCCESS, logIndex=3351, commits[4234af2c-5377-4886-a4e8-6fe45d0af45e:c3352, cef72988-acf5-49ad-9ec7-695a80e7a66d:c3350, d677508c-6db9-4741-b51c-49af5e4cf22f:c3350]
2019-09-08 07:07:57,108 [grpc-default-executor-4] INFO  client.GrpcClientProtocolClient (GrpcClientProtocolClient.java:onNext(264)) - client-964B0EA39D34->4234af2c-5377-4886-a4e8-6fe45d0af45e: receive RaftClientReply:client-964B0EA39D34->4234af2c-5377-4886-a4e8-6fe45d0af45e@group-A1165329A1F1, cid=2279, SUCCESS, logIndex=3352, commits[4234af2c-5377-4886-a4e8-6fe45d0af45e:c3352, cef72988-acf5-49ad-9ec7-695a80e7a66d:c3350, d677508c-6db9-4741-b51c-49af5e4cf22f:c3350]
2019-09-08 07:07:57,123 [grpc-default-executor-5] INFO  client.GrpcClientProtocolClient (GrpcClientProtocolClient.java:onNext(264)) - client-964B0EA39D34->4234af2c-5377-4886-a4e8-6fe45d0af45e: receive RaftClientReply:client-964B0EA39D34->4234af2c-5377-4886-a4e8-6fe45d0af45e@group-A1165329A1F1, cid=2280, SUCCESS, logIndex=3355, commits[4234af2c-5377-4886-a4e8-6fe45d0af45e:c3356, cef72988-acf5-49ad-9ec7-695a80e7a66d:c3354, d677508c-6db9-4741-b51c-49af5e4cf22f:c3354]
2019-09-08 07:07:57,124 [grpc-default-executor-5] INFO  client.GrpcClientProtocolClient (GrpcClientProtocolClient.java:onNext(264)) - client-964B0EA39D34->4234af2c-5377-4886-a4e8-6fe45d0af45e: receive RaftClientReply:client-964B0EA39D34->4234af2c-5377-4886-a4e8-6fe45d0af45e@group-A1165329A1F1, cid=2281, SUCCESS, logIndex=3356, commits[4234af2c-5377-4886-a4e8-6fe45d0af45e:c3356, cef72988-acf5-49ad-9ec7-695a80e7a66d:c3354, d677508c-6db9-4741-b51c-49af5e4cf22f:c3354]
2019-09-08 07:07:57,126 [grpc-default-executor-5] INFO  client.GrpcClientProtocolClient (GrpcClientProtocolClient.java:onNext(264)) - client-964B0EA39D34->4234af2c-5377-4886-a4e8-6fe45d0af45e: receive RaftClientReply:client-964B0EA39D34->4234af2c-5377-4886-a4e8-6fe45d0af45e@group-A1165329A1F1, cid=2282, SUCCESS, logIndex=0, commits[4234af2c-5377-4886-a4e8-6fe45d0af45e:c3358, cef72988-acf5-49ad-9ec7-695a80e7a66d:c3356, d677508c-6db9-4741-b51c-49af5e4cf22f:c3356]
2019-09-08 07:07:57,144 [grpc-default-executor-5] INFO  client.GrpcClientProtocolClient (GrpcClientProtocolClient.java:onNext(264)) - client-964B0EA39D34->4234af2c-5377-4886-a4e8-6fe45d0af45e: receive RaftClientReply:client-964B0EA39D34->4234af2c-5377-4886-a4e8-6fe45d0af45e@group-A1165329A1F1, cid=2283, SUCCESS, logIndex=3359, commits[4234af2c-5377-4886-a4e8-6fe45d0af45e:c3360, cef72988-acf5-49ad-9ec7-695a80e7a66d:c3358, d677508c-6db9-4741-b51c-49af5e4cf22f:c3358]
2019-09-08 07:07:57,145 [grpc-default-executor-5] INFO  client.GrpcClientProtocolClient (GrpcClientProtocolClient.java:onNext(264)) - client-964B0EA39D34->4234af2c-5377-4886-a4e8-6fe45d0af45e: receive RaftClientReply:client-964B0EA39D34->4234af2c-5377-4886-a4e8-6fe45d0af45e@group-A1165329A1F1, cid=2284, SUCCESS, logIndex=3360, commits[4234af2c-5377-4886-a4e8-6fe45d0af45e:c3362, cef72988-acf5-49ad-9ec7-695a80e7a66d:c3358, d677508c-6db9-4741-b51c-49af5e4cf22f:c3358]
2019-09-08 07:07:57,145 [grpc-default-executor-5] INFO  client.GrpcClientProtocolClient (GrpcClientProtocolClient.java:onNext(264)) - client-964B0EA39D34->4234af2c-5377-4886-a4e8-6fe45d0af45e: receive RaftClientReply:client-964B0EA39D34->4234af2c-5377-4886-a4e8-6fe45d0af45e@group-A1165329A1F1, cid=2285, SUCCESS, logIndex=3361, commits[4234af2c-5377-4886-a4e8-6fe45d0af45e:c3362, cef72988-acf5-49ad-9ec7-695a80e7a66d:c3358, d677508c-6db9-4741-b51c-49af5e4cf22f:c3358]
2019-09-08 07:07:57,145 [grpc-default-executor-5] INFO  client.GrpcClientProtocolClient (GrpcClientProtocolClient.java:onNext(264)) - client-964B0EA39D34->4234af2c-5377-4886-a4e8-6fe45d0af45e: receive RaftClientReply:client-964B0EA39D34->4234af2c-5377-4886-a4e8-6fe45d0af45e@group-A1165329A1F1, cid=2286, SUCCESS, logIndex=3362, commits[4234af2c-5377-4886-a4e8-6fe45d0af45e:c3362, cef72988-acf5-49ad-9ec7-695a80e7a66d:c3358, d677508c-6db9-4741-b51c-49af5e4cf22f:c3358]
2019-09-08 07:07:57,148 [grpc-default-executor-3] INFO  client.GrpcClientProtocolClient (GrpcClientProtocolClient.java:onNext(264)) - client-964B0EA39D34->4234af2c-5377-4886-a4e8-6fe45d0af45e: receive RaftClientReply:client-964B0EA39D34->4234af2c-5377-4886-a4e8-6fe45d0af45e@group-A1165329A1F1, cid=2287, SUCCESS, logIndex=0, commits[4234af2c-5377-4886-a4e8-6fe45d0af45e:c3364, cef72988-acf5-49ad-9ec7-695a80e7a66d:c3360, d677508c-6db9-4741-b51c-49af5e4cf22f:c3360]
2019-09-08 07:07:57,165 [grpc-default-executor-3] INFO  client.GrpcClientProtocolClient (GrpcClientProtocolClient.java:onNext(264)) - client-964B0EA39D34->4234af2c-5377-4886-a4e8-6fe45d0af45e: receive RaftClientReply:client-964B0EA39D34->4234af2c-5377-4886-a4e8-6fe45d0af45e@group-A1165329A1F1, cid=2288, SUCCESS, logIndex=3367, commits[4234af2c-5377-4886-a4e8-6fe45d0af45e:c3368, cef72988-acf5-49ad-9ec7-695a80e7a66d:c3366, d677508c-6db9-4741-b51c-49af5e4cf22f:c3366]
2019-09-08 07:07:57,166 [grpc-default-executor-3] INFO  client.GrpcClientProtocolClient (GrpcClientProtocolClient.java:onNext(264)) - client-964B0EA39D34->4234af2c-5377-4886-a4e8-6fe45d0af45e: receive RaftClientReply:client-964B0EA39D34->4234af2c-5377-4886-a4e8-6fe45d0af45e@group-A1165329A1F1, cid=2289, SUCCESS, logIndex=3368, commits[4234af2c-5377-4886-a4e8-6fe45d0af45e:c3368, cef72988-acf5-49ad-9ec7-695a80e7a66d:c3366, d677508c-6db9-4741-b51c-49af5e4cf22f:c3366]
2019-09-08 07:07:57,181 [grpc-default-executor-5] INFO  client.GrpcClientProtocolClient (GrpcClientProtocolClient.java:onNext(264)) - client-964B0EA39D34->4234af2c-5377-4886-a4e8-6fe45d0af45e: receive RaftClientReply:client-964B0EA39D34->4234af2c-5377-4886-a4e8-6fe45d0af45e@group-A1165329A1F1, cid=2290, SUCCESS, logIndex=3371, commits[4234af2c-5377-4886-a4e8-6fe45d0af45e:c3372, cef72988-acf5-49ad-9ec7-695a80e7a66d:c3368, d677508c-6db9-4741-b51c-49af5e4cf22f:c3368]
2019-09-08 07:07:57,181 [grpc-default-executor-5] INFO  client.GrpcClientProtocolClient (GrpcClientProtocolClient.java:onNext(264)) - client-964B0EA39D34->4234af2c-5377-4886-a4e8-6fe45d0af45e: receive RaftClientReply:client-964B0EA39D34->4234af2c-5377-4886-a4e8-6fe45d0af45e@group-A1165329A1F1, cid=2291, SUCCESS, logIndex=3372, commits[4234af2c-5377-4886-a4e8-6fe45d0af45e:c3372, cef72988-acf5-49ad-9ec7-695a80e7a66d:c3368, d677508c-6db9-4741-b51c-49af5e4cf22f:c3368]
2019-09-08 07:07:57,184 [grpc-default-executor-5] INFO  client.GrpcClientProtocolClient (GrpcClientProtocolClient.java:onNext(264)) - client-964B0EA39D34->4234af2c-5377-4886-a4e8-6fe45d0af45e: receive RaftClientReply:client-964B0EA39D34->4234af2c-5377-4886-a4e8-6fe45d0af45e@group-A1165329A1F1, cid=2292, SUCCESS, logIndex=0, commits[4234af2c-5377-4886-a4e8-6fe45d0af45e:c3374, cef72988-acf5-49ad-9ec7-695a80e7a66d:c3372, d677508c-6db9-4741-b51c-49af5e4cf22f:c3372]
2019-09-08 07:07:57,208 [grpc-default-executor-0] INFO  client.GrpcClientProtocolClient (GrpcClientProtocolClient.java:onNext(264)) - client-964B0EA39D34->4234af2c-5377-4886-a4e8-6fe45d0af45e: receive RaftClientReply:client-964B0EA39D34->4234af2c-5377-4886-a4e8-6fe45d0af45e@group-A1165329A1F1, cid=2293, SUCCESS, logIndex=3375, commits[4234af2c-5377-4886-a4e8-6fe45d0af45e:c3377, cef72988-acf5-49ad-9ec7-695a80e7a66d:c3374, d677508c-6db9-4741-b51c-49af5e4cf22f:c3374]
2019-09-08 07:07:57,209 [grpc-default-executor-0] INFO  client.GrpcClientProtocolClient (GrpcClientProtocolClient.java:onNext(264)) - client-964B0EA39D34->4234af2c-5377-4886-a4e8-6fe45d0af45e: receive RaftClientReply:client-964B0EA39D34->4234af2c-5377-4886-a4e8-6fe45d0af45e@group-A1165329A1F1, cid=2294, SUCCESS, logIndex=3376, commits[4234af2c-5377-4886-a4e8-6fe45d0af45e:c3378, cef72988-acf5-49ad-9ec7-695a80e7a66d:c3374, d677508c-6db9-4741-b51c-49af5e4cf22f:c3374]
2019-09-08 07:07:57,209 [grpc-default-executor-0] INFO  client.GrpcClientProtocolClient (GrpcClientProtocolClient.java:onNext(264)) - client-964B0EA39D34->4234af2c-5377-4886-a4e8-6fe45d0af45e: receive RaftClientReply:client-964B0EA39D34->4234af2c-5377-4886-a4e8-6fe45d0af45e@group-A1165329A1F1, cid=2295, SUCCESS, logIndex=3377, commits[4234af2c-5377-4886-a4e8-6fe45d0af45e:c3378, cef72988-acf5-49ad-9ec7-695a80e7a66d:c3374, d677508c-6db9-4741-b51c-49af5e4cf22f:c3374]
2019-09-08 07:07:57,209 [grpc-default-executor-0] INFO  client.GrpcClientProtocolClient (GrpcClientProtocolClient.java:onNext(264)) - client-964B0EA39D34->4234af2c-5377-4886-a4e8-6fe45d0af45e: receive RaftClientReply:client-964B0EA39D34->4234af2c-5377-4886-a4e8-6fe45d0af45e@group-A1165329A1F1, cid=2296, SUCCESS, logIndex=3378, commits[4234af2c-5377-4886-a4e8-6fe45d0af45e:c3378, cef72988-acf5-49ad-9ec7-695a80e7a66d:c3374, d677508c-6db9-4741-b51c-49af5e4cf22f:c3374]
2019-09-08 07:07:57,219 [grpc-default-executor-0] INFO  client.GrpcClientProtocolClient (GrpcClientProtocolClient.java:onNext(264)) - client-964B0EA39D34->4234af2c-5377-4886-a4e8-6fe45d0af45e: receive RaftClientReply:client-964B0EA39D34->4234af2c-5377-4886-a4e8-6fe45d0af45e@group-A1165329A1F1, cid=2297, SUCCESS, logIndex=0, commits[4234af2c-5377-4886-a4e8-6fe45d0af45e:c3379, cef72988-acf5-49ad-9ec7-695a80e7a66d:c3376, d677508c-6db9-4741-b51c-49af5e4cf22f:c3376]
2019-09-08 07:07:57,229 [grpc-default-executor-3] INFO  client.GrpcClientProtocolClient (GrpcClientProtocolClient.java:onNext(264)) - client-964B0EA39D34->4234af2c-5377-4886-a4e8-6fe45d0af45e: receive RaftClientReply:client-964B0EA39D34->4234af2c-5377-4886-a4e8-6fe45d0af45e@group-A1165329A1F1, cid=2298, SUCCESS, logIndex=3383, commits[4234af2c-5377-4886-a4e8-6fe45d0af45e:c3384, cef72988-acf5-49ad-9ec7-695a80e7a66d:c3382, d677508c-6db9-4741-b51c-49af5e4cf22f:c3378]
2019-09-08 07:07:57,229 [grpc-default-executor-3] INFO  client.GrpcClientProtocolClient (GrpcClientProtocolClient.java:onNext(264)) - client-964B0EA39D34->4234af2c-5377-4886-a4e8-6fe45d0af45e: receive RaftClientReply:client-964B0EA39D34->4234af2c-5377-4886-a4e8-6fe45d0af45e@group-A1165329A1F1, cid=2299, SUCCESS, logIndex=3384, commits[4234af2c-5377-4886-a4e8-6fe45d0af45e:c3384, cef72988-acf5-49ad-9ec7-695a80e7a66d:c3382, d677508c-6db9-4741-b51c-49af5e4cf22f:c3382]
2019-09-08 07:07:57,238 [grpc-default-executor-0] INFO  client.GrpcClientProtocolClient (GrpcClientProtocolClient.java:onNext(264)) - client-964B0EA39D34->4234af2c-5377-4886-a4e8-6fe45d0af45e: receive RaftClientReply:client-964B0EA39D34->4234af2c-5377-4886-a4e8-6fe45d0af45e@group-A1165329A1F1, cid=2300, SUCCESS, logIndex=3387, commits[4234af2c-5377-4886-a4e8-6fe45d0af45e:c3388, cef72988-acf5-49ad-9ec7-695a80e7a66d:c3386, d677508c-6db9-4741-b51c-49af5e4cf22f:c3386]
2019-09-08 07:07:57,238 [grpc-default-executor-0] INFO  client.GrpcClientProtocolClient (GrpcClientProtocolClient.java:onNext(264)) - client-964B0EA39D34->4234af2c-5377-4886-a4e8-6fe45d0af45e: receive RaftClientReply:client-964B0EA39D34->4234af2c-5377-4886-a4e8-6fe45d0af45e@group-A1165329A1F1, cid=2301, SUCCESS, logIndex=3388, commits[4234af2c-5377-4886-a4e8-6fe45d0af45e:c3388, cef72988-acf5-49ad-9ec7-695a80e7a66d:c3386, d677508c-6db9-4741-b51c-49af5e4cf22f:c3386]
2019-09-08 07:07:57,251 [grpc-default-executor-0] INFO  client.GrpcClientProtocolClient (GrpcClientProtocolClient.java:onNext(264)) - client-964B0EA39D34->4234af2c-5377-4886-a4e8-6fe45d0af45e: receive RaftClientReply:client-964B0EA39D34->4234af2c-5377-4886-a4e8-6fe45d0af45e@group-A1165329A1F1, cid=2302, SUCCESS, logIndex=0, commits[4234af2c-5377-4886-a4e8-6fe45d0af45e:c3390, cef72988-acf5-49ad-9ec7-695a80e7a66d:c3388, d677508c-6db9-4741-b51c-49af5e4cf22f:c3388]
2019-09-08 07:07:57,272 [grpc-default-executor-5] INFO  client.GrpcClientProtocolClient (GrpcClientProtocolClient.java:onNext(264)) - client-964B0EA39D34->4234af2c-5377-4886-a4e8-6fe45d0af45e: receive RaftClientReply:client-964B0EA39D34->4234af2c-5377-4886-a4e8-6fe45d0af45e@group-A1165329A1F1, cid=2303, SUCCESS, logIndex=3391, commits[4234af2c-5377-4886-a4e8-6fe45d0af45e:c3392, cef72988-acf5-49ad-9ec7-695a80e7a66d:c3390, d677508c-6db9-4741-b51c-49af5e4cf22f:c3390]
2019-09-08 07:07:57,272 [grpc-default-executor-5] INFO  client.GrpcClientProtocolClient (GrpcClientProtocolClient.java:onNext(264)) - client-964B0EA39D34->4234af2c-5377-4886-a4e8-6fe45d0af45e: receive RaftClientReply:client-964B0EA39D34->4234af2c-5377-4886-a4e8-6fe45d0af45e@group-A1165329A1F1, cid=2304, SUCCESS, logIndex=3392, commits[4234af2c-5377-4886-a4e8-6fe45d0af45e:c3394, cef72988-acf5-49ad-9ec7-695a80e7a66d:c3390, d677508c-6db9-4741-b51c-49af5e4cf22f:c3390]
2019-09-08 07:07:57,273 [grpc-default-executor-5] INFO  client.GrpcClientProtocolClient (GrpcClientProtocolClient.java:onNext(264)) - client-964B0EA39D34->4234af2c-5377-4886-a4e8-6fe45d0af45e: receive RaftClientReply:client-964B0EA39D34->4234af2c-5377-4886-a4e8-6fe45d0af45e@group-A1165329A1F1, cid=2305, SUCCESS, logIndex=3393, commits[4234af2c-5377-4886-a4e8-6fe45d0af45e:c3394, cef72988-acf5-49ad-9ec7-695a80e7a66d:c3390, d677508c-6db9-4741-b51c-49af5e4cf22f:c3390]
2019-09-08 07:07:57,273 [grpc-default-executor-5] INFO  client.GrpcClientProtocolClient (GrpcClientProtocolClient.java:onNext(264)) - client-964B0EA39D34->4234af2c-5377-4886-a4e8-6fe45d0af45e: receive RaftClientReply:client-964B0EA39D34->4234af2c-5377-4886-a4e8-6fe45d0af45e@group-A1165329A1F1, cid=2306, SUCCESS, logIndex=3394, commits[4234af2c-5377-4886-a4e8-6fe45d0af45e:c3394, cef72988-acf5-49ad-9ec7-695a80e7a66d:c3390, d677508c-6db9-4741-b51c-49af5e4cf22f:c3390]
2019-09-08 07:07:57,275 [grpc-default-executor-3] INFO  client.GrpcClientProtocolClient (GrpcClientProtocolClient.java:onNext(264)) - client-964B0EA39D34->4234af2c-5377-4886-a4e8-6fe45d0af45e: receive RaftClientReply:client-964B0EA39D34->4234af2c-5377-4886-a4e8-6fe45d0af45e@group-A1165329A1F1, cid=2307, SUCCESS, logIndex=0, commits[4234af2c-5377-4886-a4e8-6fe45d0af45e:c3397, cef72988-acf5-49ad-9ec7-695a80e7a66d:c3394, d677508c-6db9-4741-b51c-49af5e4cf22f:c3392]
2019-09-08 07:07:57,291 [grpc-default-executor-5] INFO  client.GrpcClientProtocolClient (GrpcClientProtocolClient.java:onNext(264)) - client-964B0EA39D34->4234af2c-5377-4886-a4e8-6fe45d0af45e: receive RaftClientReply:client-964B0EA39D34->4234af2c-5377-4886-a4e8-6fe45d0af45e@group-A1165329A1F1, cid=2308, SUCCESS, logIndex=3398, commits[4234af2c-5377-4886-a4e8-6fe45d0af45e:c3399, cef72988-acf5-49ad-9ec7-695a80e7a66d:c3397, d677508c-6db9-4741-b51c-49af5e4cf22f:c3397]
2019-09-08 07:07:57,291 [grpc-default-executor-5] INFO  client.GrpcClientProtocolClient (GrpcClientProtocolClient.java:onNext(264)) - client-964B0EA39D34->4234af2c-5377-4886-a4e8-6fe45d0af45e: receive RaftClientReply:client-964B0EA39D34->4234af2c-5377-4886-a4e8-6fe45d0af45e@group-A1165329A1F1, cid=2309, SUCCESS, logIndex=3399, commits[4234af2c-5377-4886-a4e8-6fe45d0af45e:c3399, cef72988-acf5-49ad-9ec7-695a80e7a66d:c3397, d677508c-6db9-4741-b51c-49af5e4cf22f:c3397]
2019-09-08 07:07:57,304 [grpc-default-executor-5] INFO  client.GrpcClientProtocolClient (GrpcClientProtocolClient.java:onNext(264)) - client-964B0EA39D34->4234af2c-5377-4886-a4e8-6fe45d0af45e: receive RaftClientReply:client-964B0EA39D34->4234af2c-5377-4886-a4e8-6fe45d0af45e@group-A1165329A1F1, cid=2310, SUCCESS, logIndex=3402, commits[4234af2c-5377-4886-a4e8-6fe45d0af45e:c3403, cef72988-acf5-49ad-9ec7-695a80e7a66d:c3399, d677508c-6db9-4741-b51c-49af5e4cf22f:c3399]
2019-09-08 07:07:57,304 [grpc-default-executor-5] INFO  client.GrpcClientProtocolClient (GrpcClientProtocolClient.java:onNext(264)) - client-964B0EA39D34->4234af2c-5377-4886-a4e8-6fe45d0af45e: receive RaftClientReply:client-964B0EA39D34->4234af2c-5377-4886-a4e8-6fe45d0af45e@group-A1165329A1F1, cid=2311, SUCCESS, logIndex=3403, commits[4234af2c-5377-4886-a4e8-6fe45d0af45e:c3403, cef72988-acf5-49ad-9ec7-695a80e7a66d:c3399, d677508c-6db9-4741-b51c-49af5e4cf22f:c3399]
2019-09-08 07:07:57,314 [grpc-default-executor-5] INFO  client.GrpcClientProtocolClient (GrpcClientProtocolClient.java:onNext(264)) - client-964B0EA39D34->4234af2c-5377-4886-a4e8-6fe45d0af45e: receive RaftClientReply:client-964B0EA39D34->4234af2c-5377-4886-a4e8-6fe45d0af45e@group-A1165329A1F1, cid=2312, SUCCESS, logIndex=0, commits[4234af2c-5377-4886-a4e8-6fe45d0af45e:c3404, cef72988-acf5-49ad-9ec7-695a80e7a66d:c3403, d677508c-6db9-4741-b51c-49af5e4cf22f:c3403]
2019-09-08 07:07:57,486 [grpc-default-executor-5] INFO  client.GrpcClientProtocolClient (GrpcClientProtocolClient.java:onNext(264)) - client-964B0EA39D34->4234af2c-5377-4886-a4e8-6fe45d0af45e: receive RaftClientReply:client-964B0EA39D34->4234af2c-5377-4886-a4e8-6fe45d0af45e@group-A1165329A1F1, cid=2313, SUCCESS, logIndex=3406, commits[4234af2c-5377-4886-a4e8-6fe45d0af45e:c3407, cef72988-acf5-49ad-9ec7-695a80e7a66d:c3405, d677508c-6db9-4741-b51c-49af5e4cf22f:c3405]
2019-09-08 07:07:57,487 [grpc-default-executor-5] INFO  client.GrpcClientProtocolClient (GrpcClientProtocolClient.java:onNext(264)) - client-964B0EA39D34->4234af2c-5377-4886-a4e8-6fe45d0af45e: receive RaftClientReply:client-964B0EA39D34->4234af2c-5377-4886-a4e8-6fe45d0af45e@group-A1165329A1F1, cid=2314, SUCCESS, logIndex=3407, commits[4234af2c-5377-4886-a4e8-6fe45d0af45e:c3407, cef72988-acf5-49ad-9ec7-695a80e7a66d:c3405, d677508c-6db9-4741-b51c-49af5e4cf22f:c3405]
2019-09-08 07:07:57,497 [grpc-default-executor-5] INFO  client.GrpcClientProtocolClient (GrpcClientProtocolClient.java:onNext(264)) - client-964B0EA39D34->4234af2c-5377-4886-a4e8-6fe45d0af45e: receive RaftClientReply:client-964B0EA39D34->4234af2c-5377-4886-a4e8-6fe45d0af45e@group-A1165329A1F1, cid=2315, SUCCESS, logIndex=3408, commits[4234af2c-5377-4886-a4e8-6fe45d0af45e:c3409, cef72988-acf5-49ad-9ec7-695a80e7a66d:c3405, d677508c-6db9-4741-b51c-49af5e4cf22f:c3405]
2019-09-08 07:07:57,497 [grpc-default-executor-5] INFO  client.GrpcClientProtocolClient (GrpcClientProtocolClient.java:onNext(264)) - client-964B0EA39D34->4234af2c-5377-4886-a4e8-6fe45d0af45e: receive RaftClientReply:client-964B0EA39D34->4234af2c-5377-4886-a4e8-6fe45d0af45e@group-A1165329A1F1, cid=2316, SUCCESS, logIndex=3409, commits[4234af2c-5377-4886-a4e8-6fe45d0af45e:c3409, cef72988-acf5-49ad-9ec7-695a80e7a66d:c3405, d677508c-6db9-4741-b51c-49af5e4cf22f:c3405]
2019-09-08 07:07:57,507 [grpc-default-executor-3] INFO  client.GrpcClientProtocolClient (GrpcClientProtocolClient.java:onNext(264)) - client-964B0EA39D34->4234af2c-5377-4886-a4e8-6fe45d0af45e: receive RaftClientReply:client-964B0EA39D34->4234af2c-5377-4886-a4e8-6fe45d0af45e@group-A1165329A1F1, cid=2317, SUCCESS, logIndex=0, commits[4234af2c-5377-4886-a4e8-6fe45d0af45e:c3412, cef72988-acf5-49ad-9ec7-695a80e7a66d:c3407, d677508c-6db9-4741-b51c-49af5e4cf22f:c3408]
2019-09-08 07:07:57,533 [grpc-default-executor-0] INFO  client.GrpcClientProtocolClient (GrpcClientProtocolClient.java:onNext(264)) - client-964B0EA39D34->4234af2c-5377-4886-a4e8-6fe45d0af45e: receive RaftClientReply:client-964B0EA39D34->4234af2c-5377-4886-a4e8-6fe45d0af45e@group-A1165329A1F1, cid=2318, SUCCESS, logIndex=3414, commits[4234af2c-5377-4886-a4e8-6fe45d0af45e:c3414, cef72988-acf5-49ad-9ec7-695a80e7a66d:c3413, d677508c-6db9-4741-b51c-49af5e4cf22f:c3413]
2019-09-08 07:07:57,534 [grpc-default-executor-0] INFO  client.GrpcClientProtocolClient (GrpcClientProtocolClient.java:onNext(264)) - client-964B0EA39D34->4234af2c-5377-4886-a4e8-6fe45d0af45e: receive RaftClientReply:client-964B0EA39D34->4234af2c-5377-4886-a4e8-6fe45d0af45e@group-A1165329A1F1, cid=2319, SUCCESS, logIndex=3415, commits[4234af2c-5377-4886-a4e8-6fe45d0af45e:c3415, cef72988-acf5-49ad-9ec7-695a80e7a66d:c3413, d677508c-6db9-4741-b51c-49af5e4cf22f:c3413]
2019-09-08 07:07:57,551 [grpc-default-executor-4] INFO  client.GrpcClientProtocolClient (GrpcClientProtocolClient.java:onNext(264)) - client-964B0EA39D34->4234af2c-5377-4886-a4e8-6fe45d0af45e: receive RaftClientReply:client-964B0EA39D34->4234af2c-5377-4886-a4e8-6fe45d0af45e@group-A1165329A1F1, cid=2320, SUCCESS, logIndex=3418, commits[4234af2c-5377-4886-a4e8-6fe45d0af45e:c3419, cef72988-acf5-49ad-9ec7-695a80e7a66d:c3415, d677508c-6db9-4741-b51c-49af5e4cf22f:c3415]
2019-09-08 07:07:57,551 [grpc-default-executor-4] INFO  client.GrpcClientProtocolClient (GrpcClientProtocolClient.java:onNext(264)) - client-964B0EA39D34->4234af2c-5377-4886-a4e8-6fe45d0af45e: receive RaftClientReply:client-964B0EA39D34->4234af2c-5377-4886-a4e8-6fe45d0af45e@group-A1165329A1F1, cid=2321, SUCCESS, logIndex=3419, commits[4234af2c-5377-4886-a4e8-6fe45d0af45e:c3419, cef72988-acf5-49ad-9ec7-695a80e7a66d:c3415, d677508c-6db9-4741-b51c-49af5e4cf22f:c3415]
2019-09-08 07:07:57,562 [grpc-default-executor-4] INFO  client.GrpcClientProtocolClient (GrpcClientProtocolClient.java:onNext(264)) - client-964B0EA39D34->4234af2c-5377-4886-a4e8-6fe45d0af45e: receive RaftClientReply:client-964B0EA39D34->4234af2c-5377-4886-a4e8-6fe45d0af45e@group-A1165329A1F1, cid=2322, SUCCESS, logIndex=0, commits[4234af2c-5377-4886-a4e8-6fe45d0af45e:c3419, cef72988-acf5-49ad-9ec7-695a80e7a66d:c3419, d677508c-6db9-4741-b51c-49af5e4cf22f:c3419]
2019-09-08 07:07:57,616 [grpc-default-executor-3] INFO  client.GrpcClientProtocolClient (GrpcClientProtocolClient.java:onNext(264)) - client-964B0EA39D34->4234af2c-5377-4886-a4e8-6fe45d0af45e: receive RaftClientReply:client-964B0EA39D34->4234af2c-5377-4886-a4e8-6fe45d0af45e@group-A1165329A1F1, cid=2323, SUCCESS, logIndex=3421, commits[4234af2c-5377-4886-a4e8-6fe45d0af45e:c3422, cef72988-acf5-49ad-9ec7-695a80e7a66d:c3420, d677508c-6db9-4741-b51c-49af5e4cf22f:c3420]
2019-09-08 07:07:57,616 [grpc-default-executor-3] INFO  client.GrpcClientProtocolClient (GrpcClientProtocolClient.java:onNext(264)) - client-964B0EA39D34->4234af2c-5377-4886-a4e8-6fe45d0af45e: receive RaftClientReply:client-964B0EA39D34->4234af2c-5377-4886-a4e8-6fe45d0af45e@group-A1165329A1F1, cid=2324, SUCCESS, logIndex=3422, commits[4234af2c-5377-4886-a4e8-6fe45d0af45e:c3423, cef72988-acf5-49ad-9ec7-695a80e7a66d:c3420, d677508c-6db9-4741-b51c-49af5e4cf22f:c3420]
2019-09-08 07:07:57,617 [grpc-default-executor-3] INFO  client.GrpcClientProtocolClient (GrpcClientProtocolClient.java:onNext(264)) - client-964B0EA39D34->4234af2c-5377-4886-a4e8-6fe45d0af45e: receive RaftClientReply:client-964B0EA39D34->4234af2c-5377-4886-a4e8-6fe45d0af45e@group-A1165329A1F1, cid=2325, SUCCESS, logIndex=3423, commits[4234af2c-5377-4886-a4e8-6fe45d0af45e:c3424, cef72988-acf5-49ad-9ec7-695a80e7a66d:c3420, d677508c-6db9-4741-b51c-49af5e4cf22f:c3420]
2019-09-08 07:07:57,617 [grpc-default-executor-3] INFO  client.GrpcClientProtocolClient (GrpcClientProtocolClient.java:onNext(264)) - client-964B0EA39D34->4234af2c-5377-4886-a4e8-6fe45d0af45e: receive RaftClientReply:client-964B0EA39D34->4234af2c-5377-4886-a4e8-6fe45d0af45e@group-A1165329A1F1, cid=2326, SUCCESS, logIndex=3424, commits[4234af2c-5377-4886-a4e8-6fe45d0af45e:c3424, cef72988-acf5-49ad-9ec7-695a80e7a66d:c3420, d677508c-6db9-4741-b51c-49af5e4cf22f:c3420]
2019-09-08 07:07:57,630 [grpc-default-executor-4] INFO  client.GrpcClientProtocolClient (GrpcClientProtocolClient.java:onNext(264)) - client-964B0EA39D34->4234af2c-5377-4886-a4e8-6fe45d0af45e: receive RaftClientReply:client-964B0EA39D34->4234af2c-5377-4886-a4e8-6fe45d0af45e@group-A1165329A1F1, cid=2327, SUCCESS, logIndex=0, commits[4234af2c-5377-4886-a4e8-6fe45d0af45e:c3426, cef72988-acf5-49ad-9ec7-695a80e7a66d:c3422, d677508c-6db9-4741-b51c-49af5e4cf22f:c3422]
2019-09-08 07:07:57,650 [grpc-default-executor-5] INFO  client.GrpcClientProtocolClient (GrpcClientProtocolClient.java:onNext(264)) - client-964B0EA39D34->4234af2c-5377-4886-a4e8-6fe45d0af45e: receive RaftClientReply:client-964B0EA39D34->4234af2c-5377-4886-a4e8-6fe45d0af45e@group-A1165329A1F1, cid=2328, SUCCESS, logIndex=3429, commits[4234af2c-5377-4886-a4e8-6fe45d0af45e:c3430, cef72988-acf5-49ad-9ec7-695a80e7a66d:c3428, d677508c-6db9-4741-b51c-49af5e4cf22f:c3428]
2019-09-08 07:07:57,651 [grpc-default-executor-5] INFO  client.GrpcClientProtocolClient (GrpcClientProtocolClient.java:onNext(264)) - client-964B0EA39D34->4234af2c-5377-4886-a4e8-6fe45d0af45e: receive RaftClientReply:client-964B0EA39D34->4234af2c-5377-4886-a4e8-6fe45d0af45e@group-A1165329A1F1, cid=2329, SUCCESS, logIndex=3430, commits[4234af2c-5377-4886-a4e8-6fe45d0af45e:c3430, cef72988-acf5-49ad-9ec7-695a80e7a66d:c3428, d677508c-6db9-4741-b51c-49af5e4cf22f:c3428]
2019-09-08 07:07:57,667 [grpc-default-executor-5] INFO  client.GrpcClientProtocolClient (GrpcClientProtocolClient.java:onNext(264)) - client-964B0EA39D34->4234af2c-5377-4886-a4e8-6fe45d0af45e: receive RaftClientReply:client-964B0EA39D34->4234af2c-5377-4886-a4e8-6fe45d0af45e@group-A1165329A1F1, cid=2330, SUCCESS, logIndex=3433, commits[4234af2c-5377-4886-a4e8-6fe45d0af45e:c3433, cef72988-acf5-49ad-9ec7-695a80e7a66d:c3430, d677508c-6db9-4741-b51c-49af5e4cf22f:c3430]
2019-09-08 07:07:57,667 [grpc-default-executor-5] INFO  client.GrpcClientProtocolClient (GrpcClientProtocolClient.java:onNext(264)) - client-964B0EA39D34->4234af2c-5377-4886-a4e8-6fe45d0af45e: receive RaftClientReply:client-964B0EA39D34->4234af2c-5377-4886-a4e8-6fe45d0af45e@group-A1165329A1F1, cid=2331, SUCCESS, logIndex=3434, commits[4234af2c-5377-4886-a4e8-6fe45d0af45e:c3434, cef72988-acf5-49ad-9ec7-695a80e7a66d:c3430, d677508c-6db9-4741-b51c-49af5e4cf22f:c3430]
2019-09-08 07:07:57,681 [grpc-default-executor-5] INFO  client.GrpcClientProtocolClient (GrpcClientProtocolClient.java:onNext(264)) - client-964B0EA39D34->4234af2c-5377-4886-a4e8-6fe45d0af45e: receive RaftClientReply:client-964B0EA39D34->4234af2c-5377-4886-a4e8-6fe45d0af45e@group-A1165329A1F1, cid=2332, SUCCESS, logIndex=0, commits[4234af2c-5377-4886-a4e8-6fe45d0af45e:c3436, cef72988-acf5-49ad-9ec7-695a80e7a66d:c3434, d677508c-6db9-4741-b51c-49af5e4cf22f:c3434]
2019-09-08 07:07:57,714 [grpc-default-executor-0] INFO  client.GrpcClientProtocolClient (GrpcClientProtocolClient.java:onNext(264)) - client-964B0EA39D34->4234af2c-5377-4886-a4e8-6fe45d0af45e: receive RaftClientReply:client-964B0EA39D34->4234af2c-5377-4886-a4e8-6fe45d0af45e@group-A1165329A1F1, cid=2333, SUCCESS, logIndex=3437, commits[4234af2c-5377-4886-a4e8-6fe45d0af45e:c3438, cef72988-acf5-49ad-9ec7-695a80e7a66d:c3436, d677508c-6db9-4741-b51c-49af5e4cf22f:c3436]
2019-09-08 07:07:57,715 [grpc-default-executor-0] INFO  client.GrpcClientProtocolClient (GrpcClientProtocolClient.java:onNext(264)) - client-964B0EA39D34->4234af2c-5377-4886-a4e8-6fe45d0af45e: receive RaftClientReply:client-964B0EA39D34->4234af2c-5377-4886-a4e8-6fe45d0af45e@group-A1165329A1F1, cid=2334, SUCCESS, logIndex=3438, commits[4234af2c-5377-4886-a4e8-6fe45d0af45e:c3440, cef72988-acf5-49ad-9ec7-695a80e7a66d:c3436, d677508c-6db9-4741-b51c-49af5e4cf22f:c3436]
2019-09-08 07:07:57,715 [grpc-default-executor-0] INFO  client.GrpcClientProtocolClient (GrpcClientProtocolClient.java:onNext(264)) - client-964B0EA39D34->4234af2c-5377-4886-a4e8-6fe45d0af45e: receive RaftClientReply:client-964B0EA39D34->4234af2c-5377-4886-a4e8-6fe45d0af45e@group-A1165329A1F1, cid=2335, SUCCESS, logIndex=3439, commits[4234af2c-5377-4886-a4e8-6fe45d0af45e:c3440, cef72988-acf5-49ad-9ec7-695a80e7a66d:c3436, d677508c-6db9-4741-b51c-49af5e4cf22f:c3436]
2019-09-08 07:07:57,715 [grpc-default-executor-0] INFO  client.GrpcClientProtocolClient (GrpcClientProtocolClient.java:onNext(264)) - client-964B0EA39D34->4234af2c-5377-4886-a4e8-6fe45d0af45e: receive RaftClientReply:client-964B0EA39D34->4234af2c-5377-4886-a4e8-6fe45d0af45e@group-A1165329A1F1, cid=2336, SUCCESS, logIndex=3440, commits[4234af2c-5377-4886-a4e8-6fe45d0af45e:c3440, cef72988-acf5-49ad-9ec7-695a80e7a66d:c3436, d677508c-6db9-4741-b51c-49af5e4cf22f:c3436]
2019-09-08 07:07:57,726 [grpc-default-executor-0] INFO  client.GrpcClientProtocolClient (GrpcClientProtocolClient.java:onNext(264)) - client-964B0EA39D34->4234af2c-5377-4886-a4e8-6fe45d0af45e: receive RaftClientReply:client-964B0EA39D34->4234af2c-5377-4886-a4e8-6fe45d0af45e@group-A1165329A1F1, cid=2337, SUCCESS, logIndex=0, commits[4234af2c-5377-4886-a4e8-6fe45d0af45e:c3441, cef72988-acf5-49ad-9ec7-695a80e7a66d:c3438, d677508c-6db9-4741-b51c-49af5e4cf22f:c3438]
2019-09-08 07:07:57,736 [grpc-default-executor-3] INFO  client.GrpcClientProtocolClient (GrpcClientProtocolClient.java:onNext(264)) - client-964B0EA39D34->4234af2c-5377-4886-a4e8-6fe45d0af45e: receive RaftClientReply:client-964B0EA39D34->4234af2c-5377-4886-a4e8-6fe45d0af45e@group-A1165329A1F1, cid=2338, SUCCESS, logIndex=3444, commits[4234af2c-5377-4886-a4e8-6fe45d0af45e:c3445, cef72988-acf5-49ad-9ec7-695a80e7a66d:c3440, d677508c-6db9-4741-b51c-49af5e4cf22f:c3443]
2019-09-08 07:07:57,736 [grpc-default-executor-3] INFO  client.GrpcClientProtocolClient (GrpcClientProtocolClient.java:onNext(264)) - client-964B0EA39D34->4234af2c-5377-4886-a4e8-6fe45d0af45e: receive RaftClientReply:client-964B0EA39D34->4234af2c-5377-4886-a4e8-6fe45d0af45e@group-A1165329A1F1, cid=2339, SUCCESS, logIndex=3445, commits[4234af2c-5377-4886-a4e8-6fe45d0af45e:c3445, cef72988-acf5-49ad-9ec7-695a80e7a66d:c3443, d677508c-6db9-4741-b51c-49af5e4cf22f:c3443]
2019-09-08 07:07:57,746 [grpc-default-executor-0] INFO  client.GrpcClientProtocolClient (GrpcClientProtocolClient.java:onNext(264)) - client-964B0EA39D34->4234af2c-5377-4886-a4e8-6fe45d0af45e: receive RaftClientReply:client-964B0EA39D34->4234af2c-5377-4886-a4e8-6fe45d0af45e@group-A1165329A1F1, cid=2340, SUCCESS, logIndex=3448, commits[4234af2c-5377-4886-a4e8-6fe45d0af45e:c3449, cef72988-acf5-49ad-9ec7-695a80e7a66d:c3445, d677508c-6db9-4741-b51c-49af5e4cf22f:c3447]
2019-09-08 07:07:57,746 [grpc-default-executor-0] INFO  client.GrpcClientProtocolClient (GrpcClientProtocolClient.java:onNext(264)) - client-964B0EA39D34->4234af2c-5377-4886-a4e8-6fe45d0af45e: receive RaftClientReply:client-964B0EA39D34->4234af2c-5377-4886-a4e8-6fe45d0af45e@group-A1165329A1F1, cid=2341, SUCCESS, logIndex=3449, commits[4234af2c-5377-4886-a4e8-6fe45d0af45e:c3449, cef72988-acf5-49ad-9ec7-695a80e7a66d:c3447, d677508c-6db9-4741-b51c-49af5e4cf22f:c3447]
2019-09-08 07:07:57,747 [grpc-default-executor-5] INFO  client.GrpcClientProtocolClient (GrpcClientProtocolClient.java:onNext(264)) - client-964B0EA39D34->4234af2c-5377-4886-a4e8-6fe45d0af45e: receive RaftClientReply:client-964B0EA39D34->4234af2c-5377-4886-a4e8-6fe45d0af45e@group-A1165329A1F1, cid=2342, SUCCESS, logIndex=0, commits[4234af2c-5377-4886-a4e8-6fe45d0af45e:c3450, cef72988-acf5-49ad-9ec7-695a80e7a66d:c3449, d677508c-6db9-4741-b51c-49af5e4cf22f:c3449]
2019-09-08 07:07:57,799 [grpc-default-executor-3] INFO  client.GrpcClientProtocolClient (GrpcClientProtocolClient.java:onNext(264)) - client-964B0EA39D34->4234af2c-5377-4886-a4e8-6fe45d0af45e: receive RaftClientReply:client-964B0EA39D34->4234af2c-5377-4886-a4e8-6fe45d0af45e@group-A1165329A1F1, cid=2343, SUCCESS, logIndex=3452, commits[4234af2c-5377-4886-a4e8-6fe45d0af45e:c3453, cef72988-acf5-49ad-9ec7-695a80e7a66d:c3451, d677508c-6db9-4741-b51c-49af5e4cf22f:c3451]
2019-09-08 07:07:57,799 [grpc-default-executor-3] INFO  client.GrpcClientProtocolClient (GrpcClientProtocolClient.java:onNext(264)) - client-964B0EA39D34->4234af2c-5377-4886-a4e8-6fe45d0af45e: receive RaftClientReply:client-964B0EA39D34->4234af2c-5377-4886-a4e8-6fe45d0af45e@group-A1165329A1F1, cid=2344, SUCCESS, logIndex=3453, commits[4234af2c-5377-4886-a4e8-6fe45d0af45e:c3455, cef72988-acf5-49ad-9ec7-695a80e7a66d:c3451, d677508c-6db9-4741-b51c-49af5e4cf22f:c3451]
2019-09-08 07:07:57,800 [grpc-default-executor-3] INFO  client.GrpcClientProtocolClient (GrpcClientProtocolClient.java:onNext(264)) - client-964B0EA39D34->4234af2c-5377-4886-a4e8-6fe45d0af45e: receive RaftClientReply:client-964B0EA39D34->4234af2c-5377-4886-a4e8-6fe45d0af45e@group-A1165329A1F1, cid=2345, SUCCESS, logIndex=3454, commits[4234af2c-5377-4886-a4e8-6fe45d0af45e:c3455, cef72988-acf5-49ad-9ec7-695a80e7a66d:c3451, d677508c-6db9-4741-b51c-49af5e4cf22f:c3451]
2019-09-08 07:07:57,800 [grpc-default-executor-3] INFO  client.GrpcClientProtocolClient (GrpcClientProtocolClient.java:onNext(264)) - client-964B0EA39D34->4234af2c-5377-4886-a4e8-6fe45d0af45e: receive RaftClientReply:client-964B0EA39D34->4234af2c-5377-4886-a4e8-6fe45d0af45e@group-A1165329A1F1, cid=2346, SUCCESS, logIndex=3455, commits[4234af2c-5377-4886-a4e8-6fe45d0af45e:c3455, cef72988-acf5-49ad-9ec7-695a80e7a66d:c3451, d677508c-6db9-4741-b51c-49af5e4cf22f:c3451]
2019-09-08 07:07:57,802 [grpc-default-executor-5] INFO  client.GrpcClientProtocolClient (GrpcClientProtocolClient.java:onNext(264)) - client-964B0EA39D34->4234af2c-5377-4886-a4e8-6fe45d0af45e: receive RaftClientReply:client-964B0EA39D34->4234af2c-5377-4886-a4e8-6fe45d0af45e@group-A1165329A1F1, cid=2347, SUCCESS, logIndex=0, commits[4234af2c-5377-4886-a4e8-6fe45d0af45e:c3457, cef72988-acf5-49ad-9ec7-695a80e7a66d:c3453, d677508c-6db9-4741-b51c-49af5e4cf22f:c3453]
2019-09-08 07:07:57,820 [grpc-default-executor-0] INFO  client.GrpcClientProtocolClient (GrpcClientProtocolClient.java:onNext(264)) - client-964B0EA39D34->4234af2c-5377-4886-a4e8-6fe45d0af45e: receive RaftClientReply:client-964B0EA39D34->4234af2c-5377-4886-a4e8-6fe45d0af45e@group-A1165329A1F1, cid=2348, SUCCESS, logIndex=3459, commits[4234af2c-5377-4886-a4e8-6fe45d0af45e:c3459, cef72988-acf5-49ad-9ec7-695a80e7a66d:c3458, d677508c-6db9-4741-b51c-49af5e4cf22f:c3458]
2019-09-08 07:07:57,821 [grpc-default-executor-0] INFO  client.GrpcClientProtocolClient (GrpcClientProtocolClient.java:onNext(264)) - client-964B0EA39D34->4234af2c-5377-4886-a4e8-6fe45d0af45e: receive RaftClientReply:client-964B0EA39D34->4234af2c-5377-4886-a4e8-6fe45d0af45e@group-A1165329A1F1, cid=2349, SUCCESS, logIndex=3460, commits[4234af2c-5377-4886-a4e8-6fe45d0af45e:c3460, cef72988-acf5-49ad-9ec7-695a80e7a66d:c3458, d677508c-6db9-4741-b51c-49af5e4cf22f:c3458]
2019-09-08 07:07:57,841 [grpc-default-executor-4] INFO  client.GrpcClientProtocolClient (GrpcClientProtocolClient.java:onNext(264)) - client-964B0EA39D34->4234af2c-5377-4886-a4e8-6fe45d0af45e: receive RaftClientReply:client-964B0EA39D34->4234af2c-5377-4886-a4e8-6fe45d0af45e@group-A1165329A1F1, cid=2350, SUCCESS, logIndex=3463, commits[4234af2c-5377-4886-a4e8-6fe45d0af45e:c3464, cef72988-acf5-49ad-9ec7-695a80e7a66d:c3460, d677508c-6db9-4741-b51c-49af5e4cf22f:c3462]
2019-09-08 07:07:57,841 [grpc-default-executor-4] INFO  client.GrpcClientProtocolClient (GrpcClientProtocolClient.java:onNext(264)) - client-964B0EA39D34->4234af2c-5377-4886-a4e8-6fe45d0af45e: receive RaftClientReply:client-964B0EA39D34->4234af2c-5377-4886-a4e8-6fe45d0af45e@group-A1165329A1F1, cid=2351, SUCCESS, logIndex=3464, commits[4234af2c-5377-4886-a4e8-6fe45d0af45e:c3464, cef72988-acf5-49ad-9ec7-695a80e7a66d:c3462, d677508c-6db9-4741-b51c-49af5e4cf22f:c3462]
2019-09-08 07:07:57,842 [grpc-default-executor-3] INFO  client.GrpcClientProtocolClient (GrpcClientProtocolClient.java:onNext(264)) - client-964B0EA39D34->4234af2c-5377-4886-a4e8-6fe45d0af45e: receive RaftClientReply:client-964B0EA39D34->4234af2c-5377-4886-a4e8-6fe45d0af45e@group-A1165329A1F1, cid=2352, SUCCESS, logIndex=0, commits[4234af2c-5377-4886-a4e8-6fe45d0af45e:c3465, cef72988-acf5-49ad-9ec7-695a80e7a66d:c3464, d677508c-6db9-4741-b51c-49af5e4cf22f:c3464]
2019-09-08 07:07:57,870 [grpc-default-executor-4] INFO  client.GrpcClientProtocolClient (GrpcClientProtocolClient.java:onNext(264)) - client-964B0EA39D34->4234af2c-5377-4886-a4e8-6fe45d0af45e: receive RaftClientReply:client-964B0EA39D34->4234af2c-5377-4886-a4e8-6fe45d0af45e@group-A1165329A1F1, cid=2353, SUCCESS, logIndex=3467, commits[4234af2c-5377-4886-a4e8-6fe45d0af45e:c3469, cef72988-acf5-49ad-9ec7-695a80e7a66d:c3464, d677508c-6db9-4741-b51c-49af5e4cf22f:c3466]
2019-09-08 07:07:57,871 [grpc-default-executor-4] INFO  client.GrpcClientProtocolClient (GrpcClientProtocolClient.java:onNext(264)) - client-964B0EA39D34->4234af2c-5377-4886-a4e8-6fe45d0af45e: receive RaftClientReply:client-964B0EA39D34->4234af2c-5377-4886-a4e8-6fe45d0af45e@group-A1165329A1F1, cid=2354, SUCCESS, logIndex=3468, commits[4234af2c-5377-4886-a4e8-6fe45d0af45e:c3470, cef72988-acf5-49ad-9ec7-695a80e7a66d:c3466, d677508c-6db9-4741-b51c-49af5e4cf22f:c3466]
2019-09-08 07:07:57,871 [grpc-default-executor-4] INFO  client.GrpcClientProtocolClient (GrpcClientProtocolClient.java:onNext(264)) - client-964B0EA39D34->4234af2c-5377-4886-a4e8-6fe45d0af45e: receive RaftClientReply:client-964B0EA39D34->4234af2c-5377-4886-a4e8-6fe45d0af45e@group-A1165329A1F1, cid=2355, SUCCESS, logIndex=3469, commits[4234af2c-5377-4886-a4e8-6fe45d0af45e:c3470, cef72988-acf5-49ad-9ec7-695a80e7a66d:c3466, d677508c-6db9-4741-b51c-49af5e4cf22f:c3466]
2019-09-08 07:07:57,871 [grpc-default-executor-4] INFO  client.GrpcClientProtocolClient (GrpcClientProtocolClient.java:onNext(264)) - client-964B0EA39D34->4234af2c-5377-4886-a4e8-6fe45d0af45e: receive RaftClientReply:client-964B0EA39D34->4234af2c-5377-4886-a4e8-6fe45d0af45e@group-A1165329A1F1, cid=2356, SUCCESS, logIndex=3470, commits[4234af2c-5377-4886-a4e8-6fe45d0af45e:c3470, cef72988-acf5-49ad-9ec7-695a80e7a66d:c3466, d677508c-6db9-4741-b51c-49af5e4cf22f:c3466]
2019-09-08 07:07:57,882 [grpc-default-executor-4] INFO  client.GrpcClientProtocolClient (GrpcClientProtocolClient.java:onNext(264)) - client-964B0EA39D34->4234af2c-5377-4886-a4e8-6fe45d0af45e: receive RaftClientReply:client-964B0EA39D34->4234af2c-5377-4886-a4e8-6fe45d0af45e@group-A1165329A1F1, cid=2357, SUCCESS, logIndex=0, commits[4234af2c-5377-4886-a4e8-6fe45d0af45e:c3471, cef72988-acf5-49ad-9ec7-695a80e7a66d:c3468, d677508c-6db9-4741-b51c-49af5e4cf22f:c3468]
2019-09-08 07:07:57,900 [grpc-default-executor-0] INFO  client.GrpcClientProtocolClient (GrpcClientProtocolClient.java:onNext(264)) - client-964B0EA39D34->4234af2c-5377-4886-a4e8-6fe45d0af45e: receive RaftClientReply:client-964B0EA39D34->4234af2c-5377-4886-a4e8-6fe45d0af45e@group-A1165329A1F1, cid=2358, SUCCESS, logIndex=3475, commits[4234af2c-5377-4886-a4e8-6fe45d0af45e:c3476, cef72988-acf5-49ad-9ec7-695a80e7a66d:c3474, d677508c-6db9-4741-b51c-49af5e4cf22f:c3474]
2019-09-08 07:07:57,901 [grpc-default-executor-0] INFO  client.GrpcClientProtocolClient (GrpcClientProtocolClient.java:onNext(264)) - client-964B0EA39D34->4234af2c-5377-4886-a4e8-6fe45d0af45e: receive RaftClientReply:client-964B0EA39D34->4234af2c-5377-4886-a4e8-6fe45d0af45e@group-A1165329A1F1, cid=2359, SUCCESS, logIndex=3476, commits[4234af2c-5377-4886-a4e8-6fe45d0af45e:c3476, cef72988-acf5-49ad-9ec7-695a80e7a66d:c3474, d677508c-6db9-4741-b51c-49af5e4cf22f:c3474]
2019-09-08 07:07:57,913 [grpc-default-executor-3] INFO  client.GrpcClientProtocolClient (GrpcClientProtocolClient.java:onNext(264)) - client-964B0EA39D34->4234af2c-5377-4886-a4e8-6fe45d0af45e: receive RaftClientReply:client-964B0EA39D34->4234af2c-5377-4886-a4e8-6fe45d0af45e@group-A1165329A1F1, cid=2360, SUCCESS, logIndex=3479, commits[4234af2c-5377-4886-a4e8-6fe45d0af45e:c3479, cef72988-acf5-49ad-9ec7-695a80e7a66d:c3476, d677508c-6db9-4741-b51c-49af5e4cf22f:c3476]
2019-09-08 07:07:57,914 [grpc-default-executor-3] INFO  client.GrpcClientProtocolClient (GrpcClientProtocolClient.java:onNext(264)) - client-964B0EA39D34->4234af2c-5377-4886-a4e8-6fe45d0af45e: receive RaftClientReply:client-964B0EA39D34->4234af2c-5377-4886-a4e8-6fe45d0af45e@group-A1165329A1F1, cid=2361, SUCCESS, logIndex=3480, commits[4234af2c-5377-4886-a4e8-6fe45d0af45e:c3480, cef72988-acf5-49ad-9ec7-695a80e7a66d:c3476, d677508c-6db9-4741-b51c-49af5e4cf22f:c3476]
2019-09-08 07:07:57,926 [grpc-default-executor-4] INFO  client.GrpcClientProtocolClient (GrpcClientProtocolClient.java:onNext(264)) - client-964B0EA39D34->4234af2c-5377-4886-a4e8-6fe45d0af45e: receive RaftClientReply:client-964B0EA39D34->4234af2c-5377-4886-a4e8-6fe45d0af45e@group-A1165329A1F1, cid=2362, SUCCESS, logIndex=0, commits[4234af2c-5377-4886-a4e8-6fe45d0af45e:c3482, cef72988-acf5-49ad-9ec7-695a80e7a66d:c3480, d677508c-6db9-4741-b51c-49af5e4cf22f:c3480]
2019-09-08 07:07:57,956 [grpc-default-executor-4] INFO  client.GrpcClientProtocolClient (GrpcClientProtocolClient.java:onNext(264)) - client-964B0EA39D34->4234af2c-5377-4886-a4e8-6fe45d0af45e: receive RaftClientReply:client-964B0EA39D34->4234af2c-5377-4886-a4e8-6fe45d0af45e@group-A1165329A1F1, cid=2363, SUCCESS, logIndex=3483, commits[4234af2c-5377-4886-a4e8-6fe45d0af45e:c3485, cef72988-acf5-49ad-9ec7-695a80e7a66d:c3482, d677508c-6db9-4741-b51c-49af5e4cf22f:c3482]
2019-09-08 07:07:57,956 [grpc-default-executor-4] INFO  client.GrpcClientProtocolClient (GrpcClientProtocolClient.java:onNext(264)) - client-964B0EA39D34->4234af2c-5377-4886-a4e8-6fe45d0af45e: receive RaftClientReply:client-964B0EA39D34->4234af2c-5377-4886-a4e8-6fe45d0af45e@group-A1165329A1F1, cid=2364, SUCCESS, logIndex=3484, commits[4234af2c-5377-4886-a4e8-6fe45d0af45e:c3486, cef72988-acf5-49ad-9ec7-695a80e7a66d:c3482, d677508c-6db9-4741-b51c-49af5e4cf22f:c3482]
2019-09-08 07:07:57,956 [grpc-default-executor-4] INFO  client.GrpcClientProtocolClient (GrpcClientProtocolClient.java:onNext(264)) - client-964B0EA39D34->4234af2c-5377-4886-a4e8-6fe45d0af45e: receive RaftClientReply:client-964B0EA39D34->4234af2c-5377-4886-a4e8-6fe45d0af45e@group-A1165329A1F1, cid=2365, SUCCESS, logIndex=3485, commits[4234af2c-5377-4886-a4e8-6fe45d0af45e:c3486, cef72988-acf5-49ad-9ec7-695a80e7a66d:c3482, d677508c-6db9-4741-b51c-49af5e4cf22f:c3482]
2019-09-08 07:07:57,956 [grpc-default-executor-4] INFO  client.GrpcClientProtocolClient (GrpcClientProtocolClient.java:onNext(264)) - client-964B0EA39D34->4234af2c-5377-4886-a4e8-6fe45d0af45e: receive RaftClientReply:client-964B0EA39D34->4234af2c-5377-4886-a4e8-6fe45d0af45e@group-A1165329A1F1, cid=2366, SUCCESS, logIndex=3486, commits[4234af2c-5377-4886-a4e8-6fe45d0af45e:c3486, cef72988-acf5-49ad-9ec7-695a80e7a66d:c3482, d677508c-6db9-4741-b51c-49af5e4cf22f:c3482]
2019-09-08 07:07:57,967 [grpc-default-executor-3] INFO  client.GrpcClientProtocolClient (GrpcClientProtocolClient.java:onNext(264)) - client-964B0EA39D34->4234af2c-5377-4886-a4e8-6fe45d0af45e: receive RaftClientReply:client-964B0EA39D34->4234af2c-5377-4886-a4e8-6fe45d0af45e@group-A1165329A1F1, cid=2367, SUCCESS, logIndex=0, commits[4234af2c-5377-4886-a4e8-6fe45d0af45e:c3486, cef72988-acf5-49ad-9ec7-695a80e7a66d:c3484, d677508c-6db9-4741-b51c-49af5e4cf22f:c3484]
2019-09-08 07:07:57,985 [grpc-default-executor-3] INFO  client.GrpcClientProtocolClient (GrpcClientProtocolClient.java:onNext(264)) - client-964B0EA39D34->4234af2c-5377-4886-a4e8-6fe45d0af45e: receive RaftClientReply:client-964B0EA39D34->4234af2c-5377-4886-a4e8-6fe45d0af45e@group-A1165329A1F1, cid=2368, SUCCESS, logIndex=3491, commits[4234af2c-5377-4886-a4e8-6fe45d0af45e:c3492, cef72988-acf5-49ad-9ec7-695a80e7a66d:c3490, d677508c-6db9-4741-b51c-49af5e4cf22f:c3490]
2019-09-08 07:07:57,985 [grpc-default-executor-3] INFO  client.GrpcClientProtocolClient (GrpcClientProtocolClient.java:onNext(264)) - client-964B0EA39D34->4234af2c-5377-4886-a4e8-6fe45d0af45e: receive RaftClientReply:client-964B0EA39D34->4234af2c-5377-4886-a4e8-6fe45d0af45e@group-A1165329A1F1, cid=2369, SUCCESS, logIndex=3492, commits[4234af2c-5377-4886-a4e8-6fe45d0af45e:c3492, cef72988-acf5-49ad-9ec7-695a80e7a66d:c3490, d677508c-6db9-4741-b51c-49af5e4cf22f:c3490]
2019-09-08 07:07:57,999 [grpc-default-executor-0] INFO  client.GrpcClientProtocolClient (GrpcClientProtocolClient.java:onNext(264)) - client-964B0EA39D34->4234af2c-5377-4886-a4e8-6fe45d0af45e: receive RaftClientReply:client-964B0EA39D34->4234af2c-5377-4886-a4e8-6fe45d0af45e@group-A1165329A1F1, cid=2370, SUCCESS, logIndex=3495, commits[4234af2c-5377-4886-a4e8-6fe45d0af45e:c3496, cef72988-acf5-49ad-9ec7-695a80e7a66d:c3492, d677508c-6db9-4741-b51c-49af5e4cf22f:c3492]
2019-09-08 07:07:57,999 [grpc-default-executor-0] INFO  client.GrpcClientProtocolClient (GrpcClientProtocolClient.java:onNext(264)) - client-964B0EA39D34->4234af2c-5377-4886-a4e8-6fe45d0af45e: receive RaftClientReply:client-964B0EA39D34->4234af2c-5377-4886-a4e8-6fe45d0af45e@group-A1165329A1F1, cid=2371, SUCCESS, logIndex=3496, commits[4234af2c-5377-4886-a4e8-6fe45d0af45e:c3496, cef72988-acf5-49ad-9ec7-695a80e7a66d:c3492, d677508c-6db9-4741-b51c-49af5e4cf22f:c3492]
2019-09-08 07:07:58,014 [grpc-default-executor-0] INFO  client.GrpcClientProtocolClient (GrpcClientProtocolClient.java:onNext(264)) - client-964B0EA39D34->4234af2c-5377-4886-a4e8-6fe45d0af45e: receive RaftClientReply:client-964B0EA39D34->4234af2c-5377-4886-a4e8-6fe45d0af45e@group-A1165329A1F1, cid=2372, SUCCESS, logIndex=0, commits[4234af2c-5377-4886-a4e8-6fe45d0af45e:c3498, cef72988-acf5-49ad-9ec7-695a80e7a66d:c3496, d677508c-6db9-4741-b51c-49af5e4cf22f:c3496]
 0.00% |█                                                                                                    |  0/1 Time: 0:00:382019-09-08 07:07:58,038 [grpc-default-executor-0] INFO  client.GrpcClientProtocolClient (GrpcClientProtocolClient.java:onNext(264)) - client-964B0EA39D34->4234af2c-5377-4886-a4e8-6fe45d0af45e: receive RaftClientReply:client-964B0EA39D34->4234af2c-5377-4886-a4e8-6fe45d0af45e@group-A1165329A1F1, cid=2373, SUCCESS, logIndex=3499, commits[4234af2c-5377-4886-a4e8-6fe45d0af45e:c3502, cef72988-acf5-49ad-9ec7-695a80e7a66d:c3498, d677508c-6db9-4741-b51c-49af5e4cf22f:c3498]
2019-09-08 07:07:58,038 [grpc-default-executor-0] INFO  client.GrpcClientProtocolClient (GrpcClientProtocolClient.java:onNext(264)) - client-964B0EA39D34->4234af2c-5377-4886-a4e8-6fe45d0af45e: receive RaftClientReply:client-964B0EA39D34->4234af2c-5377-4886-a4e8-6fe45d0af45e@group-A1165329A1F1, cid=2374, SUCCESS, logIndex=3500, commits[4234af2c-5377-4886-a4e8-6fe45d0af45e:c3502, cef72988-acf5-49ad-9ec7-695a80e7a66d:c3498, d677508c-6db9-4741-b51c-49af5e4cf22f:c3498]
2019-09-08 07:07:58,039 [grpc-default-executor-0] INFO  client.GrpcClientProtocolClient (GrpcClientProtocolClient.java:onNext(264)) - client-964B0EA39D34->4234af2c-5377-4886-a4e8-6fe45d0af45e: receive RaftClientReply:client-964B0EA39D34->4234af2c-5377-4886-a4e8-6fe45d0af45e@group-A1165329A1F1, cid=2375, SUCCESS, logIndex=3501, commits[4234af2c-5377-4886-a4e8-6fe45d0af45e:c3502, cef72988-acf5-49ad-9ec7-695a80e7a66d:c3498, d677508c-6db9-4741-b51c-49af5e4cf22f:c3498]
2019-09-08 07:07:58,039 [grpc-default-executor-0] INFO  client.GrpcClientProtocolClient (GrpcClientProtocolClient.java:onNext(264)) - client-964B0EA39D34->4234af2c-5377-4886-a4e8-6fe45d0af45e: receive RaftClientReply:client-964B0EA39D34->4234af2c-5377-4886-a4e8-6fe45d0af45e@group-A1165329A1F1, cid=2376, SUCCESS, logIndex=3502, commits[4234af2c-5377-4886-a4e8-6fe45d0af45e:c3503, cef72988-acf5-49ad-9ec7-695a80e7a66d:c3500, d677508c-6db9-4741-b51c-49af5e4cf22f:c3500]
2019-09-08 07:07:58,065 [grpc-default-executor-0] INFO  client.GrpcClientProtocolClient (GrpcClientProtocolClient.java:onNext(264)) - client-964B0EA39D34->4234af2c-5377-4886-a4e8-6fe45d0af45e: receive RaftClientReply:client-964B0EA39D34->4234af2c-5377-4886-a4e8-6fe45d0af45e@group-A1165329A1F1, cid=2377, SUCCESS, logIndex=3507, commits[4234af2c-5377-4886-a4e8-6fe45d0af45e:c3508, cef72988-acf5-49ad-9ec7-695a80e7a66d:c3506, d677508c-6db9-4741-b51c-49af5e4cf22f:c3506]
2019-09-08 07:07:58,066 [grpc-default-executor-0] INFO  client.GrpcClientProtocolClient (GrpcClientProtocolClient.java:onNext(264)) - client-964B0EA39D34->4234af2c-5377-4886-a4e8-6fe45d0af45e: receive RaftClientReply:client-964B0EA39D34->4234af2c-5377-4886-a4e8-6fe45d0af45e@group-A1165329A1F1, cid=2378, SUCCESS, logIndex=3508, commits[4234af2c-5377-4886-a4e8-6fe45d0af45e:c3508, cef72988-acf5-49ad-9ec7-695a80e7a66d:c3506, d677508c-6db9-4741-b51c-49af5e4cf22f:c3506]
2019-09-08 07:07:58,078 [grpc-default-executor-4] INFO  client.GrpcClientProtocolClient (GrpcClientProtocolClient.java:onNext(264)) - client-964B0EA39D34->4234af2c-5377-4886-a4e8-6fe45d0af45e: receive RaftClientReply:client-964B0EA39D34->4234af2c-5377-4886-a4e8-6fe45d0af45e@group-A1165329A1F1, cid=2379, SUCCESS, logIndex=3511, commits[4234af2c-5377-4886-a4e8-6fe45d0af45e:c3512, cef72988-acf5-49ad-9ec7-695a80e7a66d:c3508, d677508c-6db9-4741-b51c-49af5e4cf22f:c3508]
2019-09-08 07:07:58,079 [grpc-default-executor-4] INFO  client.GrpcClientProtocolClient (GrpcClientProtocolClient.java:onNext(264)) - client-964B0EA39D34->4234af2c-5377-4886-a4e8-6fe45d0af45e: receive RaftClientReply:client-964B0EA39D34->4234af2c-5377-4886-a4e8-6fe45d0af45e@group-A1165329A1F1, cid=2380, SUCCESS, logIndex=3512, commits[4234af2c-5377-4886-a4e8-6fe45d0af45e:c3512, cef72988-acf5-49ad-9ec7-695a80e7a66d:c3508, d677508c-6db9-4741-b51c-49af5e4cf22f:c3508]
2019-09-08 07:07:58,092 [grpc-default-executor-3] INFO  client.GrpcClientProtocolClient (GrpcClientProtocolClient.java:onNext(264)) - client-964B0EA39D34->4234af2c-5377-4886-a4e8-6fe45d0af45e: receive RaftClientReply:client-964B0EA39D34->4234af2c-5377-4886-a4e8-6fe45d0af45e@group-A1165329A1F1, cid=2381, SUCCESS, logIndex=0, commits[4234af2c-5377-4886-a4e8-6fe45d0af45e:c3514, cef72988-acf5-49ad-9ec7-695a80e7a66d:c3512, d677508c-6db9-4741-b51c-49af5e4cf22f:c3512]
2019-09-08 07:07:58,118 [grpc-default-executor-3] INFO  client.GrpcClientProtocolClient (GrpcClientProtocolClient.java:onNext(264)) - client-964B0EA39D34->4234af2c-5377-4886-a4e8-6fe45d0af45e: receive RaftClientReply:client-964B0EA39D34->4234af2c-5377-4886-a4e8-6fe45d0af45e@group-A1165329A1F1, cid=2382, SUCCESS, logIndex=3515, commits[4234af2c-5377-4886-a4e8-6fe45d0af45e:c3516, cef72988-acf5-49ad-9ec7-695a80e7a66d:c3512, d677508c-6db9-4741-b51c-49af5e4cf22f:c3514]
2019-09-08 07:07:58,118 [grpc-default-executor-4] INFO  client.GrpcClientProtocolClient (GrpcClientProtocolClient.java:onNext(264)) - client-964B0EA39D34->4234af2c-5377-4886-a4e8-6fe45d0af45e: receive RaftClientReply:client-964B0EA39D34->4234af2c-5377-4886-a4e8-6fe45d0af45e@group-A1165329A1F1, cid=2383, SUCCESS, logIndex=3516, commits[4234af2c-5377-4886-a4e8-6fe45d0af45e:c3518, cef72988-acf5-49ad-9ec7-695a80e7a66d:c3514, d677508c-6db9-4741-b51c-49af5e4cf22f:c3514]
2019-09-08 07:07:58,118 [grpc-default-executor-4] INFO  client.GrpcClientProtocolClient (GrpcClientProtocolClient.java:onNext(264)) - client-964B0EA39D34->4234af2c-5377-4886-a4e8-6fe45d0af45e: receive RaftClientReply:client-964B0EA39D34->4234af2c-5377-4886-a4e8-6fe45d0af45e@group-A1165329A1F1, cid=2384, SUCCESS, logIndex=3517, commits[4234af2c-5377-4886-a4e8-6fe45d0af45e:c3518, cef72988-acf5-49ad-9ec7-695a80e7a66d:c3514, d677508c-6db9-4741-b51c-49af5e4cf22f:c3514]
2019-09-08 07:07:58,118 [grpc-default-executor-4] INFO  client.GrpcClientProtocolClient (GrpcClientProtocolClient.java:onNext(264)) - client-964B0EA39D34->4234af2c-5377-4886-a4e8-6fe45d0af45e: receive RaftClientReply:client-964B0EA39D34->4234af2c-5377-4886-a4e8-6fe45d0af45e@group-A1165329A1F1, cid=2385, SUCCESS, logIndex=3518, commits[4234af2c-5377-4886-a4e8-6fe45d0af45e:c3518, cef72988-acf5-49ad-9ec7-695a80e7a66d:c3516, d677508c-6db9-4741-b51c-49af5e4cf22f:c3514]
2019-09-08 07:07:58,119 [grpc-default-executor-3] INFO  client.GrpcClientProtocolClient (GrpcClientProtocolClient.java:onNext(264)) - client-964B0EA39D34->4234af2c-5377-4886-a4e8-6fe45d0af45e: receive RaftClientReply:client-964B0EA39D34->4234af2c-5377-4886-a4e8-6fe45d0af45e@group-A1165329A1F1, cid=2386, SUCCESS, logIndex=0, commits[4234af2c-5377-4886-a4e8-6fe45d0af45e:c3519, cef72988-acf5-49ad-9ec7-695a80e7a66d:c3516, d677508c-6db9-4741-b51c-49af5e4cf22f:c3516]
2019-09-08 07:07:58,137 [grpc-default-executor-4] INFO  client.GrpcClientProtocolClient (GrpcClientProtocolClient.java:onNext(264)) - client-964B0EA39D34->4234af2c-5377-4886-a4e8-6fe45d0af45e: receive RaftClientReply:client-964B0EA39D34->4234af2c-5377-4886-a4e8-6fe45d0af45e@group-A1165329A1F1, cid=2387, SUCCESS, logIndex=3522, commits[4234af2c-5377-4886-a4e8-6fe45d0af45e:c3523, cef72988-acf5-49ad-9ec7-695a80e7a66d:c3521, d677508c-6db9-4741-b51c-49af5e4cf22f:c3521]
2019-09-08 07:07:58,137 [grpc-default-executor-4] INFO  client.GrpcClientProtocolClient (GrpcClientProtocolClient.java:onNext(264)) - client-964B0EA39D34->4234af2c-5377-4886-a4e8-6fe45d0af45e: receive RaftClientReply:client-964B0EA39D34->4234af2c-5377-4886-a4e8-6fe45d0af45e@group-A1165329A1F1, cid=2388, SUCCESS, logIndex=3523, commits[4234af2c-5377-4886-a4e8-6fe45d0af45e:c3523, cef72988-acf5-49ad-9ec7-695a80e7a66d:c3521, d677508c-6db9-4741-b51c-49af5e4cf22f:c3521]
2019-09-08 07:07:58,150 [grpc-default-executor-3] INFO  client.GrpcClientProtocolClient (GrpcClientProtocolClient.java:onNext(264)) - client-964B0EA39D34->4234af2c-5377-4886-a4e8-6fe45d0af45e: receive RaftClientReply:client-964B0EA39D34->4234af2c-5377-4886-a4e8-6fe45d0af45e@group-A1165329A1F1, cid=2389, SUCCESS, logIndex=3526, commits[4234af2c-5377-4886-a4e8-6fe45d0af45e:c3527, cef72988-acf5-49ad-9ec7-695a80e7a66d:c3523, d677508c-6db9-4741-b51c-49af5e4cf22f:c3523]
2019-09-08 07:07:58,150 [grpc-default-executor-3] INFO  client.GrpcClientProtocolClient (GrpcClientProtocolClient.java:onNext(264)) - client-964B0EA39D34->4234af2c-5377-4886-a4e8-6fe45d0af45e: receive RaftClientReply:client-964B0EA39D34->4234af2c-5377-4886-a4e8-6fe45d0af45e@group-A1165329A1F1, cid=2390, SUCCESS, logIndex=3527, commits[4234af2c-5377-4886-a4e8-6fe45d0af45e:c3527, cef72988-acf5-49ad-9ec7-695a80e7a66d:c3523, d677508c-6db9-4741-b51c-49af5e4cf22f:c3523]
2019-09-08 07:07:58,166 [grpc-default-executor-3] INFO  client.GrpcClientProtocolClient (GrpcClientProtocolClient.java:onNext(264)) - client-964B0EA39D34->4234af2c-5377-4886-a4e8-6fe45d0af45e: receive RaftClientReply:client-964B0EA39D34->4234af2c-5377-4886-a4e8-6fe45d0af45e@group-A1165329A1F1, cid=2391, SUCCESS, logIndex=0, commits[4234af2c-5377-4886-a4e8-6fe45d0af45e:c3529, cef72988-acf5-49ad-9ec7-695a80e7a66d:c3527, d677508c-6db9-4741-b51c-49af5e4cf22f:c3527]
2019-09-08 07:07:58,314 [grpc-default-executor-4] INFO  client.GrpcClientProtocolClient (GrpcClientProtocolClient.java:onNext(264)) - client-964B0EA39D34->4234af2c-5377-4886-a4e8-6fe45d0af45e: receive RaftClientReply:client-964B0EA39D34->4234af2c-5377-4886-a4e8-6fe45d0af45e@group-A1165329A1F1, cid=2392, SUCCESS, logIndex=3530, commits[4234af2c-5377-4886-a4e8-6fe45d0af45e:c3531, cef72988-acf5-49ad-9ec7-695a80e7a66d:c3529, d677508c-6db9-4741-b51c-49af5e4cf22f:c3529]
2019-09-08 07:07:58,315 [grpc-default-executor-4] INFO  client.GrpcClientProtocolClient (GrpcClientProtocolClient.java:onNext(264)) - client-964B0EA39D34->4234af2c-5377-4886-a4e8-6fe45d0af45e: receive RaftClientReply:client-964B0EA39D34->4234af2c-5377-4886-a4e8-6fe45d0af45e@group-A1165329A1F1, cid=2393, SUCCESS, logIndex=3531, commits[4234af2c-5377-4886-a4e8-6fe45d0af45e:c3532, cef72988-acf5-49ad-9ec7-695a80e7a66d:c3529, d677508c-6db9-4741-b51c-49af5e4cf22f:c3529]
2019-09-08 07:07:58,316 [grpc-default-executor-4] INFO  client.GrpcClientProtocolClient (GrpcClientProtocolClient.java:onNext(264)) - client-964B0EA39D34->4234af2c-5377-4886-a4e8-6fe45d0af45e: receive RaftClientReply:client-964B0EA39D34->4234af2c-5377-4886-a4e8-6fe45d0af45e@group-A1165329A1F1, cid=2394, SUCCESS, logIndex=3532, commits[4234af2c-5377-4886-a4e8-6fe45d0af45e:c3533, cef72988-acf5-49ad-9ec7-695a80e7a66d:c3529, d677508c-6db9-4741-b51c-49af5e4cf22f:c3529]
2019-09-08 07:07:58,316 [grpc-default-executor-4] INFO  client.GrpcClientProtocolClient (GrpcClientProtocolClient.java:onNext(264)) - client-964B0EA39D34->4234af2c-5377-4886-a4e8-6fe45d0af45e: receive RaftClientReply:client-964B0EA39D34->4234af2c-5377-4886-a4e8-6fe45d0af45e@group-A1165329A1F1, cid=2395, SUCCESS, logIndex=3533, commits[4234af2c-5377-4886-a4e8-6fe45d0af45e:c3533, cef72988-acf5-49ad-9ec7-695a80e7a66d:c3529, d677508c-6db9-4741-b51c-49af5e4cf22f:c3529]
2019-09-08 07:07:58,317 [grpc-default-executor-4] INFO  client.GrpcClientProtocolClient (GrpcClientProtocolClient.java:onNext(264)) - client-964B0EA39D34->4234af2c-5377-4886-a4e8-6fe45d0af45e: receive RaftClientReply:client-964B0EA39D34->4234af2c-5377-4886-a4e8-6fe45d0af45e@group-A1165329A1F1, cid=2396, SUCCESS, logIndex=0, commits[4234af2c-5377-4886-a4e8-6fe45d0af45e:c3535, cef72988-acf5-49ad-9ec7-695a80e7a66d:c3531, d677508c-6db9-4741-b51c-49af5e4cf22f:c3531]
2019-09-08 07:07:58,337 [grpc-default-executor-0] INFO  client.GrpcClientProtocolClient (GrpcClientProtocolClient.java:onNext(264)) - client-964B0EA39D34->4234af2c-5377-4886-a4e8-6fe45d0af45e: receive RaftClientReply:client-964B0EA39D34->4234af2c-5377-4886-a4e8-6fe45d0af45e@group-A1165329A1F1, cid=2397, SUCCESS, logIndex=3538, commits[4234af2c-5377-4886-a4e8-6fe45d0af45e:c3539, cef72988-acf5-49ad-9ec7-695a80e7a66d:c3537, d677508c-6db9-4741-b51c-49af5e4cf22f:c3537]
2019-09-08 07:07:58,338 [grpc-default-executor-0] INFO  client.GrpcClientProtocolClient (GrpcClientProtocolClient.java:onNext(264)) - client-964B0EA39D34->4234af2c-5377-4886-a4e8-6fe45d0af45e: receive RaftClientReply:client-964B0EA39D34->4234af2c-5377-4886-a4e8-6fe45d0af45e@group-A1165329A1F1, cid=2398, SUCCESS, logIndex=3539, commits[4234af2c-5377-4886-a4e8-6fe45d0af45e:c3539, cef72988-acf5-49ad-9ec7-695a80e7a66d:c3537, d677508c-6db9-4741-b51c-49af5e4cf22f:c3537]
2019-09-08 07:07:58,351 [grpc-default-executor-5] INFO  client.GrpcClientProtocolClient (GrpcClientProtocolClient.java:onNext(264)) - client-964B0EA39D34->4234af2c-5377-4886-a4e8-6fe45d0af45e: receive RaftClientReply:client-964B0EA39D34->4234af2c-5377-4886-a4e8-6fe45d0af45e@group-A1165329A1F1, cid=2399, SUCCESS, logIndex=3542, commits[4234af2c-5377-4886-a4e8-6fe45d0af45e:c3543, cef72988-acf5-49ad-9ec7-695a80e7a66d:c3539, d677508c-6db9-4741-b51c-49af5e4cf22f:c3539]
2019-09-08 07:07:58,351 [grpc-default-executor-5] INFO  client.GrpcClientProtocolClient (GrpcClientProtocolClient.java:onNext(264)) - client-964B0EA39D34->4234af2c-5377-4886-a4e8-6fe45d0af45e: receive RaftClientReply:client-964B0EA39D34->4234af2c-5377-4886-a4e8-6fe45d0af45e@group-A1165329A1F1, cid=2400, SUCCESS, logIndex=3543, commits[4234af2c-5377-4886-a4e8-6fe45d0af45e:c3543, cef72988-acf5-49ad-9ec7-695a80e7a66d:c3539, d677508c-6db9-4741-b51c-49af5e4cf22f:c3539]
2019-09-08 07:07:58,367 [grpc-default-executor-5] INFO  client.GrpcClientProtocolClient (GrpcClientProtocolClient.java:onNext(264)) - client-964B0EA39D34->4234af2c-5377-4886-a4e8-6fe45d0af45e: receive RaftClientReply:client-964B0EA39D34->4234af2c-5377-4886-a4e8-6fe45d0af45e@group-A1165329A1F1, cid=2401, SUCCESS, logIndex=0, commits[4234af2c-5377-4886-a4e8-6fe45d0af45e:c3545, cef72988-acf5-49ad-9ec7-695a80e7a66d:c3543, d677508c-6db9-4741-b51c-49af5e4cf22f:c3543]
2019-09-08 07:07:58,395 [grpc-default-executor-5] INFO  client.GrpcClientProtocolClient (GrpcClientProtocolClient.java:onNext(264)) - client-964B0EA39D34->4234af2c-5377-4886-a4e8-6fe45d0af45e: receive RaftClientReply:client-964B0EA39D34->4234af2c-5377-4886-a4e8-6fe45d0af45e@group-A1165329A1F1, cid=2402, SUCCESS, logIndex=3546, commits[4234af2c-5377-4886-a4e8-6fe45d0af45e:c3548, cef72988-acf5-49ad-9ec7-695a80e7a66d:c3545, d677508c-6db9-4741-b51c-49af5e4cf22f:c3545]
2019-09-08 07:07:58,395 [grpc-default-executor-5] INFO  client.GrpcClientProtocolClient (GrpcClientProtocolClient.java:onNext(264)) - client-964B0EA39D34->4234af2c-5377-4886-a4e8-6fe45d0af45e: receive RaftClientReply:client-964B0EA39D34->4234af2c-5377-4886-a4e8-6fe45d0af45e@group-A1165329A1F1, cid=2403, SUCCESS, logIndex=3547, commits[4234af2c-5377-4886-a4e8-6fe45d0af45e:c3549, cef72988-acf5-49ad-9ec7-695a80e7a66d:c3545, d677508c-6db9-4741-b51c-49af5e4cf22f:c3545]
2019-09-08 07:07:58,395 [grpc-default-executor-5] INFO  client.GrpcClientProtocolClient (GrpcClientProtocolClient.java:onNext(264)) - client-964B0EA39D34->4234af2c-5377-4886-a4e8-6fe45d0af45e: receive RaftClientReply:client-964B0EA39D34->4234af2c-5377-4886-a4e8-6fe45d0af45e@group-A1165329A1F1, cid=2404, SUCCESS, logIndex=3548, commits[4234af2c-5377-4886-a4e8-6fe45d0af45e:c3549, cef72988-acf5-49ad-9ec7-695a80e7a66d:c3545, d677508c-6db9-4741-b51c-49af5e4cf22f:c3545]
2019-09-08 07:07:58,395 [grpc-default-executor-5] INFO  client.GrpcClientProtocolClient (GrpcClientProtocolClient.java:onNext(264)) - client-964B0EA39D34->4234af2c-5377-4886-a4e8-6fe45d0af45e: receive RaftClientReply:client-964B0EA39D34->4234af2c-5377-4886-a4e8-6fe45d0af45e@group-A1165329A1F1, cid=2405, SUCCESS, logIndex=3549, commits[4234af2c-5377-4886-a4e8-6fe45d0af45e:c3549, cef72988-acf5-49ad-9ec7-695a80e7a66d:c3545, d677508c-6db9-4741-b51c-49af5e4cf22f:c3545]
2019-09-08 07:07:58,408 [grpc-default-executor-0] INFO  client.GrpcClientProtocolClient (GrpcClientProtocolClient.java:onNext(264)) - client-964B0EA39D34->4234af2c-5377-4886-a4e8-6fe45d0af45e: receive RaftClientReply:client-964B0EA39D34->4234af2c-5377-4886-a4e8-6fe45d0af45e@group-A1165329A1F1, cid=2406, SUCCESS, logIndex=0, commits[4234af2c-5377-4886-a4e8-6fe45d0af45e:c3551, cef72988-acf5-49ad-9ec7-695a80e7a66d:c3547, d677508c-6db9-4741-b51c-49af5e4cf22f:c3547]
2019-09-08 07:07:58,428 [grpc-default-executor-4] INFO  client.GrpcClientProtocolClient (GrpcClientProtocolClient.java:onNext(264)) - client-964B0EA39D34->4234af2c-5377-4886-a4e8-6fe45d0af45e: receive RaftClientReply:client-964B0EA39D34->4234af2c-5377-4886-a4e8-6fe45d0af45e@group-A1165329A1F1, cid=2407, SUCCESS, logIndex=3554, commits[4234af2c-5377-4886-a4e8-6fe45d0af45e:c3555, cef72988-acf5-49ad-9ec7-695a80e7a66d:c3553, d677508c-6db9-4741-b51c-49af5e4cf22f:c3553]
2019-09-08 07:07:58,428 [grpc-default-executor-4] INFO  client.GrpcClientProtocolClient (GrpcClientProtocolClient.java:onNext(264)) - client-964B0EA39D34->4234af2c-5377-4886-a4e8-6fe45d0af45e: receive RaftClientReply:client-964B0EA39D34->4234af2c-5377-4886-a4e8-6fe45d0af45e@group-A1165329A1F1, cid=2408, SUCCESS, logIndex=3555, commits[4234af2c-5377-4886-a4e8-6fe45d0af45e:c3555, cef72988-acf5-49ad-9ec7-695a80e7a66d:c3553, d677508c-6db9-4741-b51c-49af5e4cf22f:c3553]
2019-09-08 07:07:58,443 [grpc-default-executor-5] INFO  client.GrpcClientProtocolClient (GrpcClientProtocolClient.java:onNext(264)) - client-964B0EA39D34->4234af2c-5377-4886-a4e8-6fe45d0af45e: receive RaftClientReply:client-964B0EA39D34->4234af2c-5377-4886-a4e8-6fe45d0af45e@group-A1165329A1F1, cid=2409, SUCCESS, logIndex=3558, commits[4234af2c-5377-4886-a4e8-6fe45d0af45e:c3559, cef72988-acf5-49ad-9ec7-695a80e7a66d:c3555, d677508c-6db9-4741-b51c-49af5e4cf22f:c3555]
2019-09-08 07:07:58,443 [grpc-default-executor-5] INFO  client.GrpcClientProtocolClient (GrpcClientProtocolClient.java:onNext(264)) - client-964B0EA39D34->4234af2c-5377-4886-a4e8-6fe45d0af45e: receive RaftClientReply:client-964B0EA39D34->4234af2c-5377-4886-a4e8-6fe45d0af45e@group-A1165329A1F1, cid=2410, SUCCESS, logIndex=3559, commits[4234af2c-5377-4886-a4e8-6fe45d0af45e:c3559, cef72988-acf5-49ad-9ec7-695a80e7a66d:c3555, d677508c-6db9-4741-b51c-49af5e4cf22f:c3555]
2019-09-08 07:07:58,457 [grpc-default-executor-5] INFO  client.GrpcClientProtocolClient (GrpcClientProtocolClient.java:onNext(264)) - client-964B0EA39D34->4234af2c-5377-4886-a4e8-6fe45d0af45e: receive RaftClientReply:client-964B0EA39D34->4234af2c-5377-4886-a4e8-6fe45d0af45e@group-A1165329A1F1, cid=2411, SUCCESS, logIndex=0, commits[4234af2c-5377-4886-a4e8-6fe45d0af45e:c3561, cef72988-acf5-49ad-9ec7-695a80e7a66d:c3559, d677508c-6db9-4741-b51c-49af5e4cf22f:c3559]
2019-09-08 07:07:58,500 [grpc-default-executor-4] INFO  client.GrpcClientProtocolClient (GrpcClientProtocolClient.java:onNext(264)) - client-964B0EA39D34->4234af2c-5377-4886-a4e8-6fe45d0af45e: receive RaftClientReply:client-964B0EA39D34->4234af2c-5377-4886-a4e8-6fe45d0af45e@group-A1165329A1F1, cid=2412, SUCCESS, logIndex=3562, commits[4234af2c-5377-4886-a4e8-6fe45d0af45e:c3563, cef72988-acf5-49ad-9ec7-695a80e7a66d:c3559, d677508c-6db9-4741-b51c-49af5e4cf22f:c3561]
2019-09-08 07:07:58,501 [grpc-default-executor-4] INFO  client.GrpcClientProtocolClient (GrpcClientProtocolClient.java:onNext(264)) - client-964B0EA39D34->4234af2c-5377-4886-a4e8-6fe45d0af45e: receive RaftClientReply:client-964B0EA39D34->4234af2c-5377-4886-a4e8-6fe45d0af45e@group-A1165329A1F1, cid=2413, SUCCESS, logIndex=3563, commits[4234af2c-5377-4886-a4e8-6fe45d0af45e:c3563, cef72988-acf5-49ad-9ec7-695a80e7a66d:c3559, d677508c-6db9-4741-b51c-49af5e4cf22f:c3561]
2019-09-08 07:07:58,511 [grpc-default-executor-0] INFO  client.GrpcClientProtocolClient (GrpcClientProtocolClient.java:onNext(264)) - client-964B0EA39D34->4234af2c-5377-4886-a4e8-6fe45d0af45e: receive RaftClientReply:client-964B0EA39D34->4234af2c-5377-4886-a4e8-6fe45d0af45e@group-A1165329A1F1, cid=2414, SUCCESS, logIndex=3564, commits[4234af2c-5377-4886-a4e8-6fe45d0af45e:c3565, cef72988-acf5-49ad-9ec7-695a80e7a66d:c3561, d677508c-6db9-4741-b51c-49af5e4cf22f:c3561]
2019-09-08 07:07:58,512 [grpc-default-executor-4] INFO  client.GrpcClientProtocolClient (GrpcClientProtocolClient.java:onNext(264)) - client-964B0EA39D34->4234af2c-5377-4886-a4e8-6fe45d0af45e: receive RaftClientReply:client-964B0EA39D34->4234af2c-5377-4886-a4e8-6fe45d0af45e@group-A1165329A1F1, cid=2415, SUCCESS, logIndex=3565, commits[4234af2c-5377-4886-a4e8-6fe45d0af45e:c3565, cef72988-acf5-49ad-9ec7-695a80e7a66d:c3561, d677508c-6db9-4741-b51c-49af5e4cf22f:c3561]
2019-09-08 07:07:58,527 [grpc-default-executor-4] INFO  client.GrpcClientProtocolClient (GrpcClientProtocolClient.java:onNext(264)) - client-964B0EA39D34->4234af2c-5377-4886-a4e8-6fe45d0af45e: receive RaftClientReply:client-964B0EA39D34->4234af2c-5377-4886-a4e8-6fe45d0af45e@group-A1165329A1F1, cid=2416, SUCCESS, logIndex=0, commits[4234af2c-5377-4886-a4e8-6fe45d0af45e:c3567, cef72988-acf5-49ad-9ec7-695a80e7a66d:c3563, d677508c-6db9-4741-b51c-49af5e4cf22f:c3563]
2019-09-08 07:07:58,547 [grpc-default-executor-4] INFO  client.GrpcClientProtocolClient (GrpcClientProtocolClient.java:onNext(264)) - client-964B0EA39D34->4234af2c-5377-4886-a4e8-6fe45d0af45e: receive RaftClientReply:client-964B0EA39D34->4234af2c-5377-4886-a4e8-6fe45d0af45e@group-A1165329A1F1, cid=2417, SUCCESS, logIndex=3570, commits[4234af2c-5377-4886-a4e8-6fe45d0af45e:c3571, cef72988-acf5-49ad-9ec7-695a80e7a66d:c3569, d677508c-6db9-4741-b51c-49af5e4cf22f:c3569]
2019-09-08 07:07:58,548 [grpc-default-executor-4] INFO  client.GrpcClientProtocolClient (GrpcClientProtocolClient.java:onNext(264)) - client-964B0EA39D34->4234af2c-5377-4886-a4e8-6fe45d0af45e: receive RaftClientReply:client-964B0EA39D34->4234af2c-5377-4886-a4e8-6fe45d0af45e@group-A1165329A1F1, cid=2418, SUCCESS, logIndex=3571, commits[4234af2c-5377-4886-a4e8-6fe45d0af45e:c3571, cef72988-acf5-49ad-9ec7-695a80e7a66d:c3569, d677508c-6db9-4741-b51c-49af5e4cf22f:c3569]
2019-09-08 07:07:58,560 [grpc-default-executor-4] INFO  client.GrpcClientProtocolClient (GrpcClientProtocolClient.java:onNext(264)) - client-964B0EA39D34->4234af2c-5377-4886-a4e8-6fe45d0af45e: receive RaftClientReply:client-964B0EA39D34->4234af2c-5377-4886-a4e8-6fe45d0af45e@group-A1165329A1F1, cid=2419, SUCCESS, logIndex=3574, commits[4234af2c-5377-4886-a4e8-6fe45d0af45e:c3575, cef72988-acf5-49ad-9ec7-695a80e7a66d:c3571, d677508c-6db9-4741-b51c-49af5e4cf22f:c3570]
2019-09-08 07:07:58,560 [grpc-default-executor-4] INFO  client.GrpcClientProtocolClient (GrpcClientProtocolClient.java:onNext(264)) - client-964B0EA39D34->4234af2c-5377-4886-a4e8-6fe45d0af45e: receive RaftClientReply:client-964B0EA39D34->4234af2c-5377-4886-a4e8-6fe45d0af45e@group-A1165329A1F1, cid=2420, SUCCESS, logIndex=3575, commits[4234af2c-5377-4886-a4e8-6fe45d0af45e:c3575, cef72988-acf5-49ad-9ec7-695a80e7a66d:c3571, d677508c-6db9-4741-b51c-49af5e4cf22f:c3571]
2019-09-08 07:07:58,562 [grpc-default-executor-4] INFO  client.GrpcClientProtocolClient (GrpcClientProtocolClient.java:onNext(264)) - client-964B0EA39D34->4234af2c-5377-4886-a4e8-6fe45d0af45e: receive RaftClientReply:client-964B0EA39D34->4234af2c-5377-4886-a4e8-6fe45d0af45e@group-A1165329A1F1, cid=2421, SUCCESS, logIndex=0, commits[4234af2c-5377-4886-a4e8-6fe45d0af45e:c3576, cef72988-acf5-49ad-9ec7-695a80e7a66d:c3575, d677508c-6db9-4741-b51c-49af5e4cf22f:c3575]
2019-09-08 07:07:58,590 [grpc-default-executor-4] INFO  client.GrpcClientProtocolClient (GrpcClientProtocolClient.java:onNext(264)) - client-964B0EA39D34->4234af2c-5377-4886-a4e8-6fe45d0af45e: receive RaftClientReply:client-964B0EA39D34->4234af2c-5377-4886-a4e8-6fe45d0af45e@group-A1165329A1F1, cid=2422, SUCCESS, logIndex=3578, commits[4234af2c-5377-4886-a4e8-6fe45d0af45e:c3579, cef72988-acf5-49ad-9ec7-695a80e7a66d:c3577, d677508c-6db9-4741-b51c-49af5e4cf22f:c3577]
2019-09-08 07:07:58,590 [grpc-default-executor-4] INFO  client.GrpcClientProtocolClient (GrpcClientProtocolClient.java:onNext(264)) - client-964B0EA39D34->4234af2c-5377-4886-a4e8-6fe45d0af45e: receive RaftClientReply:client-964B0EA39D34->4234af2c-5377-4886-a4e8-6fe45d0af45e@group-A1165329A1F1, cid=2423, SUCCESS, logIndex=3579, commits[4234af2c-5377-4886-a4e8-6fe45d0af45e:c3579, cef72988-acf5-49ad-9ec7-695a80e7a66d:c3577, d677508c-6db9-4741-b51c-49af5e4cf22f:c3577]
2019-09-08 07:07:58,591 [grpc-default-executor-5] INFO  client.GrpcClientProtocolClient (GrpcClientProtocolClient.java:onNext(264)) - client-964B0EA39D34->4234af2c-5377-4886-a4e8-6fe45d0af45e: receive RaftClientReply:client-964B0EA39D34->4234af2c-5377-4886-a4e8-6fe45d0af45e@group-A1165329A1F1, cid=2424, SUCCESS, logIndex=3580, commits[4234af2c-5377-4886-a4e8-6fe45d0af45e:c3581, cef72988-acf5-49ad-9ec7-695a80e7a66d:c3577, d677508c-6db9-4741-b51c-49af5e4cf22f:c3577]
2019-09-08 07:07:58,591 [grpc-default-executor-5] INFO  client.GrpcClientProtocolClient (GrpcClientProtocolClient.java:onNext(264)) - client-964B0EA39D34->4234af2c-5377-4886-a4e8-6fe45d0af45e: receive RaftClientReply:client-964B0EA39D34->4234af2c-5377-4886-a4e8-6fe45d0af45e@group-A1165329A1F1, cid=2425, SUCCESS, logIndex=3581, commits[4234af2c-5377-4886-a4e8-6fe45d0af45e:c3581, cef72988-acf5-49ad-9ec7-695a80e7a66d:c3577, d677508c-6db9-4741-b51c-49af5e4cf22f:c3577]
2019-09-08 07:07:58,593 [grpc-default-executor-5] INFO  client.GrpcClientProtocolClient (GrpcClientProtocolClient.java:onNext(264)) - client-964B0EA39D34->4234af2c-5377-4886-a4e8-6fe45d0af45e: receive RaftClientReply:client-964B0EA39D34->4234af2c-5377-4886-a4e8-6fe45d0af45e@group-A1165329A1F1, cid=2426, SUCCESS, logIndex=0, commits[4234af2c-5377-4886-a4e8-6fe45d0af45e:c3583, cef72988-acf5-49ad-9ec7-695a80e7a66d:c3579, d677508c-6db9-4741-b51c-49af5e4cf22f:c3579]
2019-09-08 07:07:58,610 [grpc-default-executor-0] INFO  client.GrpcClientProtocolClient (GrpcClientProtocolClient.java:onNext(264)) - client-964B0EA39D34->4234af2c-5377-4886-a4e8-6fe45d0af45e: receive RaftClientReply:client-964B0EA39D34->4234af2c-5377-4886-a4e8-6fe45d0af45e@group-A1165329A1F1, cid=2427, SUCCESS, logIndex=3586, commits[4234af2c-5377-4886-a4e8-6fe45d0af45e:c3587, cef72988-acf5-49ad-9ec7-695a80e7a66d:c3585, d677508c-6db9-4741-b51c-49af5e4cf22f:c3585]
2019-09-08 07:07:58,611 [grpc-default-executor-0] INFO  client.GrpcClientProtocolClient (GrpcClientProtocolClient.java:onNext(264)) - client-964B0EA39D34->4234af2c-5377-4886-a4e8-6fe45d0af45e: receive RaftClientReply:client-964B0EA39D34->4234af2c-5377-4886-a4e8-6fe45d0af45e@group-A1165329A1F1, cid=2428, SUCCESS, logIndex=3587, commits[4234af2c-5377-4886-a4e8-6fe45d0af45e:c3587, cef72988-acf5-49ad-9ec7-695a80e7a66d:c3585, d677508c-6db9-4741-b51c-49af5e4cf22f:c3585]
2019-09-08 07:07:58,634 [grpc-default-executor-0] INFO  client.GrpcClientProtocolClient (GrpcClientProtocolClient.java:onNext(264)) - client-964B0EA39D34->4234af2c-5377-4886-a4e8-6fe45d0af45e: receive RaftClientReply:client-964B0EA39D34->4234af2c-5377-4886-a4e8-6fe45d0af45e@group-A1165329A1F1, cid=2429, SUCCESS, logIndex=3590, commits[4234af2c-5377-4886-a4e8-6fe45d0af45e:c3591, cef72988-acf5-49ad-9ec7-695a80e7a66d:c3589, d677508c-6db9-4741-b51c-49af5e4cf22f:c3589]
2019-09-08 07:07:58,635 [grpc-default-executor-0] INFO  client.GrpcClientProtocolClient (GrpcClientProtocolClient.java:onNext(264)) - client-964B0EA39D34->4234af2c-5377-4886-a4e8-6fe45d0af45e: receive RaftClientReply:client-964B0EA39D34->4234af2c-5377-4886-a4e8-6fe45d0af45e@group-A1165329A1F1, cid=2430, SUCCESS, logIndex=3591, commits[4234af2c-5377-4886-a4e8-6fe45d0af45e:c3591, cef72988-acf5-49ad-9ec7-695a80e7a66d:c3589, d677508c-6db9-4741-b51c-49af5e4cf22f:c3589]
2019-09-08 07:07:58,646 [grpc-default-executor-0] INFO  client.GrpcClientProtocolClient (GrpcClientProtocolClient.java:onNext(264)) - client-964B0EA39D34->4234af2c-5377-4886-a4e8-6fe45d0af45e: receive RaftClientReply:client-964B0EA39D34->4234af2c-5377-4886-a4e8-6fe45d0af45e@group-A1165329A1F1, cid=2431, SUCCESS, logIndex=0, commits[4234af2c-5377-4886-a4e8-6fe45d0af45e:c3592, cef72988-acf5-49ad-9ec7-695a80e7a66d:c3591, d677508c-6db9-4741-b51c-49af5e4cf22f:c3591]
2019-09-08 07:07:58,677 [grpc-default-executor-4] INFO  client.GrpcClientProtocolClient (GrpcClientProtocolClient.java:onNext(264)) - client-964B0EA39D34->4234af2c-5377-4886-a4e8-6fe45d0af45e: receive RaftClientReply:client-964B0EA39D34->4234af2c-5377-4886-a4e8-6fe45d0af45e@group-A1165329A1F1, cid=2432, SUCCESS, logIndex=3594, commits[4234af2c-5377-4886-a4e8-6fe45d0af45e:c3597, cef72988-acf5-49ad-9ec7-695a80e7a66d:c3593, d677508c-6db9-4741-b51c-49af5e4cf22f:c3593]
2019-09-08 07:07:58,678 [grpc-default-executor-4] INFO  client.GrpcClientProtocolClient (GrpcClientProtocolClient.java:onNext(264)) - client-964B0EA39D34->4234af2c-5377-4886-a4e8-6fe45d0af45e: receive RaftClientReply:client-964B0EA39D34->4234af2c-5377-4886-a4e8-6fe45d0af45e@group-A1165329A1F1, cid=2433, SUCCESS, logIndex=3595, commits[4234af2c-5377-4886-a4e8-6fe45d0af45e:c3597, cef72988-acf5-49ad-9ec7-695a80e7a66d:c3593, d677508c-6db9-4741-b51c-49af5e4cf22f:c3593]
2019-09-08 07:07:58,678 [grpc-default-executor-4] INFO  client.GrpcClientProtocolClient (GrpcClientProtocolClient.java:onNext(264)) - client-964B0EA39D34->4234af2c-5377-4886-a4e8-6fe45d0af45e: receive RaftClientReply:client-964B0EA39D34->4234af2c-5377-4886-a4e8-6fe45d0af45e@group-A1165329A1F1, cid=2434, SUCCESS, logIndex=3596, commits[4234af2c-5377-4886-a4e8-6fe45d0af45e:c3597, cef72988-acf5-49ad-9ec7-695a80e7a66d:c3593, d677508c-6db9-4741-b51c-49af5e4cf22f:c3593]
2019-09-08 07:07:58,679 [grpc-default-executor-4] INFO  client.GrpcClientProtocolClient (GrpcClientProtocolClient.java:onNext(264)) - client-964B0EA39D34->4234af2c-5377-4886-a4e8-6fe45d0af45e: receive RaftClientReply:client-964B0EA39D34->4234af2c-5377-4886-a4e8-6fe45d0af45e@group-A1165329A1F1, cid=2435, SUCCESS, logIndex=3597, commits[4234af2c-5377-4886-a4e8-6fe45d0af45e:c3597, cef72988-acf5-49ad-9ec7-695a80e7a66d:c3593, d677508c-6db9-4741-b51c-49af5e4cf22f:c3593]
2019-09-08 07:07:58,680 [grpc-default-executor-5] INFO  client.GrpcClientProtocolClient (GrpcClientProtocolClient.java:onNext(264)) - client-964B0EA39D34->4234af2c-5377-4886-a4e8-6fe45d0af45e: receive RaftClientReply:client-964B0EA39D34->4234af2c-5377-4886-a4e8-6fe45d0af45e@group-A1165329A1F1, cid=2436, SUCCESS, logIndex=0, commits[4234af2c-5377-4886-a4e8-6fe45d0af45e:c3601, cef72988-acf5-49ad-9ec7-695a80e7a66d:c3597, d677508c-6db9-4741-b51c-49af5e4cf22f:c3596]
2019-09-08 07:07:58,698 [grpc-default-executor-0] INFO  client.GrpcClientProtocolClient (GrpcClientProtocolClient.java:onNext(264)) - client-964B0EA39D34->4234af2c-5377-4886-a4e8-6fe45d0af45e: receive RaftClientReply:client-964B0EA39D34->4234af2c-5377-4886-a4e8-6fe45d0af45e@group-A1165329A1F1, cid=2437, SUCCESS, logIndex=3602, commits[4234af2c-5377-4886-a4e8-6fe45d0af45e:c3602, cef72988-acf5-49ad-9ec7-695a80e7a66d:c3601, d677508c-6db9-4741-b51c-49af5e4cf22f:c3601]
2019-09-08 07:07:58,698 [grpc-default-executor-0] INFO  client.GrpcClientProtocolClient (GrpcClientProtocolClient.java:onNext(264)) - client-964B0EA39D34->4234af2c-5377-4886-a4e8-6fe45d0af45e: receive RaftClientReply:client-964B0EA39D34->4234af2c-5377-4886-a4e8-6fe45d0af45e@group-A1165329A1F1, cid=2438, SUCCESS, logIndex=3603, commits[4234af2c-5377-4886-a4e8-6fe45d0af45e:c3603, cef72988-acf5-49ad-9ec7-695a80e7a66d:c3601, d677508c-6db9-4741-b51c-49af5e4cf22f:c3601]
2019-09-08 07:07:58,716 [grpc-default-executor-4] INFO  client.GrpcClientProtocolClient (GrpcClientProtocolClient.java:onNext(264)) - client-964B0EA39D34->4234af2c-5377-4886-a4e8-6fe45d0af45e: receive RaftClientReply:client-964B0EA39D34->4234af2c-5377-4886-a4e8-6fe45d0af45e@group-A1165329A1F1, cid=2439, SUCCESS, logIndex=3606, commits[4234af2c-5377-4886-a4e8-6fe45d0af45e:c3607, cef72988-acf5-49ad-9ec7-695a80e7a66d:c3605, d677508c-6db9-4741-b51c-49af5e4cf22f:c3605]
2019-09-08 07:07:58,716 [grpc-default-executor-4] INFO  client.GrpcClientProtocolClient (GrpcClientProtocolClient.java:onNext(264)) - client-964B0EA39D34->4234af2c-5377-4886-a4e8-6fe45d0af45e: receive RaftClientReply:client-964B0EA39D34->4234af2c-5377-4886-a4e8-6fe45d0af45e@group-A1165329A1F1, cid=2440, SUCCESS, logIndex=3607, commits[4234af2c-5377-4886-a4e8-6fe45d0af45e:c3607, cef72988-acf5-49ad-9ec7-695a80e7a66d:c3605, d677508c-6db9-4741-b51c-49af5e4cf22f:c3605]
2019-09-08 07:07:58,729 [grpc-default-executor-4] INFO  client.GrpcClientProtocolClient (GrpcClientProtocolClient.java:onNext(264)) - client-964B0EA39D34->4234af2c-5377-4886-a4e8-6fe45d0af45e: receive RaftClientReply:client-964B0EA39D34->4234af2c-5377-4886-a4e8-6fe45d0af45e@group-A1165329A1F1, cid=2441, SUCCESS, logIndex=0, commits[4234af2c-5377-4886-a4e8-6fe45d0af45e:c3608, cef72988-acf5-49ad-9ec7-695a80e7a66d:c3607, d677508c-6db9-4741-b51c-49af5e4cf22f:c3607]
2019-09-08 07:07:58,754 [grpc-default-executor-4] INFO  client.GrpcClientProtocolClient (GrpcClientProtocolClient.java:onNext(264)) - client-964B0EA39D34->4234af2c-5377-4886-a4e8-6fe45d0af45e: receive RaftClientReply:client-964B0EA39D34->4234af2c-5377-4886-a4e8-6fe45d0af45e@group-A1165329A1F1, cid=2442, SUCCESS, logIndex=3610, commits[4234af2c-5377-4886-a4e8-6fe45d0af45e:c3612, cef72988-acf5-49ad-9ec7-695a80e7a66d:c3609, d677508c-6db9-4741-b51c-49af5e4cf22f:c3608]
2019-09-08 07:07:58,755 [grpc-default-executor-4] INFO  client.GrpcClientProtocolClient (GrpcClientProtocolClient.java:onNext(264)) - client-964B0EA39D34->4234af2c-5377-4886-a4e8-6fe45d0af45e: receive RaftClientReply:client-964B0EA39D34->4234af2c-5377-4886-a4e8-6fe45d0af45e@group-A1165329A1F1, cid=2443, SUCCESS, logIndex=3611, commits[4234af2c-5377-4886-a4e8-6fe45d0af45e:c3613, cef72988-acf5-49ad-9ec7-695a80e7a66d:c3609, d677508c-6db9-4741-b51c-49af5e4cf22f:c3608]
2019-09-08 07:07:58,755 [grpc-default-executor-4] INFO  client.GrpcClientProtocolClient (GrpcClientProtocolClient.java:onNext(264)) - client-964B0EA39D34->4234af2c-5377-4886-a4e8-6fe45d0af45e: receive RaftClientReply:client-964B0EA39D34->4234af2c-5377-4886-a4e8-6fe45d0af45e@group-A1165329A1F1, cid=2444, SUCCESS, logIndex=3612, commits[4234af2c-5377-4886-a4e8-6fe45d0af45e:c3613, cef72988-acf5-49ad-9ec7-695a80e7a66d:c3609, d677508c-6db9-4741-b51c-49af5e4cf22f:c3609]
2019-09-08 07:07:58,755 [grpc-default-executor-4] INFO  client.GrpcClientProtocolClient (GrpcClientProtocolClient.java:onNext(264)) - client-964B0EA39D34->4234af2c-5377-4886-a4e8-6fe45d0af45e: receive RaftClientReply:client-964B0EA39D34->4234af2c-5377-4886-a4e8-6fe45d0af45e@group-A1165329A1F1, cid=2445, SUCCESS, logIndex=3613, commits[4234af2c-5377-4886-a4e8-6fe45d0af45e:c3613, cef72988-acf5-49ad-9ec7-695a80e7a66d:c3609, d677508c-6db9-4741-b51c-49af5e4cf22f:c3609]
2019-09-08 07:07:58,767 [grpc-default-executor-4] INFO  client.GrpcClientProtocolClient (GrpcClientProtocolClient.java:onNext(264)) - client-964B0EA39D34->4234af2c-5377-4886-a4e8-6fe45d0af45e: receive RaftClientReply:client-964B0EA39D34->4234af2c-5377-4886-a4e8-6fe45d0af45e@group-A1165329A1F1, cid=2446, SUCCESS, logIndex=0, commits[4234af2c-5377-4886-a4e8-6fe45d0af45e:c3616, cef72988-acf5-49ad-9ec7-695a80e7a66d:c3611, d677508c-6db9-4741-b51c-49af5e4cf22f:c3612]
2019-09-08 07:07:58,786 [grpc-default-executor-0] INFO  client.GrpcClientProtocolClient (GrpcClientProtocolClient.java:onNext(264)) - client-964B0EA39D34->4234af2c-5377-4886-a4e8-6fe45d0af45e: receive RaftClientReply:client-964B0EA39D34->4234af2c-5377-4886-a4e8-6fe45d0af45e@group-A1165329A1F1, cid=2447, SUCCESS, logIndex=3618, commits[4234af2c-5377-4886-a4e8-6fe45d0af45e:c3619, cef72988-acf5-49ad-9ec7-695a80e7a66d:c3617, d677508c-6db9-4741-b51c-49af5e4cf22f:c3617]
2019-09-08 07:07:58,786 [grpc-default-executor-0] INFO  client.GrpcClientProtocolClient (GrpcClientProtocolClient.java:onNext(264)) - client-964B0EA39D34->4234af2c-5377-4886-a4e8-6fe45d0af45e: receive RaftClientReply:client-964B0EA39D34->4234af2c-5377-4886-a4e8-6fe45d0af45e@group-A1165329A1F1, cid=2448, SUCCESS, logIndex=3619, commits[4234af2c-5377-4886-a4e8-6fe45d0af45e:c3619, cef72988-acf5-49ad-9ec7-695a80e7a66d:c3617, d677508c-6db9-4741-b51c-49af5e4cf22f:c3617]
2019-09-08 07:07:58,800 [grpc-default-executor-4] INFO  client.GrpcClientProtocolClient (GrpcClientProtocolClient.java:onNext(264)) - client-964B0EA39D34->4234af2c-5377-4886-a4e8-6fe45d0af45e: receive RaftClientReply:client-964B0EA39D34->4234af2c-5377-4886-a4e8-6fe45d0af45e@group-A1165329A1F1, cid=2449, SUCCESS, logIndex=3622, commits[4234af2c-5377-4886-a4e8-6fe45d0af45e:c3623, cef72988-acf5-49ad-9ec7-695a80e7a66d:c3619, d677508c-6db9-4741-b51c-49af5e4cf22f:c3619]
2019-09-08 07:07:58,800 [grpc-default-executor-4] INFO  client.GrpcClientProtocolClient (GrpcClientProtocolClient.java:onNext(264)) - client-964B0EA39D34->4234af2c-5377-4886-a4e8-6fe45d0af45e: receive RaftClientReply:client-964B0EA39D34->4234af2c-5377-4886-a4e8-6fe45d0af45e@group-A1165329A1F1, cid=2450, SUCCESS, logIndex=3623, commits[4234af2c-5377-4886-a4e8-6fe45d0af45e:c3623, cef72988-acf5-49ad-9ec7-695a80e7a66d:c3619, d677508c-6db9-4741-b51c-49af5e4cf22f:c3619]
2019-09-08 07:07:58,811 [grpc-default-executor-4] INFO  client.GrpcClientProtocolClient (GrpcClientProtocolClient.java:onNext(264)) - client-964B0EA39D34->4234af2c-5377-4886-a4e8-6fe45d0af45e: receive RaftClientReply:client-964B0EA39D34->4234af2c-5377-4886-a4e8-6fe45d0af45e@group-A1165329A1F1, cid=2451, SUCCESS, logIndex=0, commits[4234af2c-5377-4886-a4e8-6fe45d0af45e:c3624, cef72988-acf5-49ad-9ec7-695a80e7a66d:c3623, d677508c-6db9-4741-b51c-49af5e4cf22f:c3623]
2019-09-08 07:07:58,829 [grpc-default-executor-4] INFO  client.GrpcClientProtocolClient (GrpcClientProtocolClient.java:onNext(264)) - client-964B0EA39D34->4234af2c-5377-4886-a4e8-6fe45d0af45e: receive RaftClientReply:client-964B0EA39D34->4234af2c-5377-4886-a4e8-6fe45d0af45e@group-A1165329A1F1, cid=2452, SUCCESS, logIndex=3626, commits[4234af2c-5377-4886-a4e8-6fe45d0af45e:c3629, cef72988-acf5-49ad-9ec7-695a80e7a66d:c3625, d677508c-6db9-4741-b51c-49af5e4cf22f:c3625]
2019-09-08 07:07:58,829 [grpc-default-executor-4] INFO  client.GrpcClientProtocolClient (GrpcClientProtocolClient.java:onNext(264)) - client-964B0EA39D34->4234af2c-5377-4886-a4e8-6fe45d0af45e: receive RaftClientReply:client-964B0EA39D34->4234af2c-5377-4886-a4e8-6fe45d0af45e@group-A1165329A1F1, cid=2453, SUCCESS, logIndex=3627, commits[4234af2c-5377-4886-a4e8-6fe45d0af45e:c3629, cef72988-acf5-49ad-9ec7-695a80e7a66d:c3625, d677508c-6db9-4741-b51c-49af5e4cf22f:c3625]
2019-09-08 07:07:58,829 [grpc-default-executor-4] INFO  client.GrpcClientProtocolClient (GrpcClientProtocolClient.java:onNext(264)) - client-964B0EA39D34->4234af2c-5377-4886-a4e8-6fe45d0af45e: receive RaftClientReply:client-964B0EA39D34->4234af2c-5377-4886-a4e8-6fe45d0af45e@group-A1165329A1F1, cid=2454, SUCCESS, logIndex=3628, commits[4234af2c-5377-4886-a4e8-6fe45d0af45e:c3629, cef72988-acf5-49ad-9ec7-695a80e7a66d:c3625, d677508c-6db9-4741-b51c-49af5e4cf22f:c3625]
2019-09-08 07:07:58,830 [grpc-default-executor-4] INFO  client.GrpcClientProtocolClient (GrpcClientProtocolClient.java:onNext(264)) - client-964B0EA39D34->4234af2c-5377-4886-a4e8-6fe45d0af45e: receive RaftClientReply:client-964B0EA39D34->4234af2c-5377-4886-a4e8-6fe45d0af45e@group-A1165329A1F1, cid=2455, SUCCESS, logIndex=3629, commits[4234af2c-5377-4886-a4e8-6fe45d0af45e:c3629, cef72988-acf5-49ad-9ec7-695a80e7a66d:c3625, d677508c-6db9-4741-b51c-49af5e4cf22f:c3625]
2019-09-08 07:07:58,831 [grpc-default-executor-4] INFO  client.GrpcClientProtocolClient (GrpcClientProtocolClient.java:onNext(264)) - client-964B0EA39D34->4234af2c-5377-4886-a4e8-6fe45d0af45e: receive RaftClientReply:client-964B0EA39D34->4234af2c-5377-4886-a4e8-6fe45d0af45e@group-A1165329A1F1, cid=2456, SUCCESS, logIndex=0, commits[4234af2c-5377-4886-a4e8-6fe45d0af45e:c3630, cef72988-acf5-49ad-9ec7-695a80e7a66d:c3627, d677508c-6db9-4741-b51c-49af5e4cf22f:c3627]
2019-09-08 07:07:58,848 [grpc-default-executor-4] INFO  client.GrpcClientProtocolClient (GrpcClientProtocolClient.java:onNext(264)) - client-964B0EA39D34->4234af2c-5377-4886-a4e8-6fe45d0af45e: receive RaftClientReply:client-964B0EA39D34->4234af2c-5377-4886-a4e8-6fe45d0af45e@group-A1165329A1F1, cid=2457, SUCCESS, logIndex=3634, commits[4234af2c-5377-4886-a4e8-6fe45d0af45e:c3635, cef72988-acf5-49ad-9ec7-695a80e7a66d:c3633, d677508c-6db9-4741-b51c-49af5e4cf22f:c3633]
2019-09-08 07:07:58,848 [grpc-default-executor-4] INFO  client.GrpcClientProtocolClient (GrpcClientProtocolClient.java:onNext(264)) - client-964B0EA39D34->4234af2c-5377-4886-a4e8-6fe45d0af45e: receive RaftClientReply:client-964B0EA39D34->4234af2c-5377-4886-a4e8-6fe45d0af45e@group-A1165329A1F1, cid=2458, SUCCESS, logIndex=3635, commits[4234af2c-5377-4886-a4e8-6fe45d0af45e:c3635, cef72988-acf5-49ad-9ec7-695a80e7a66d:c3633, d677508c-6db9-4741-b51c-49af5e4cf22f:c3633]
2019-09-08 07:07:58,860 [grpc-default-executor-4] INFO  client.GrpcClientProtocolClient (GrpcClientProtocolClient.java:onNext(264)) - client-964B0EA39D34->4234af2c-5377-4886-a4e8-6fe45d0af45e: receive RaftClientReply:client-964B0EA39D34->4234af2c-5377-4886-a4e8-6fe45d0af45e@group-A1165329A1F1, cid=2459, SUCCESS, logIndex=3637, commits[4234af2c-5377-4886-a4e8-6fe45d0af45e:c3638, cef72988-acf5-49ad-9ec7-695a80e7a66d:c3635, d677508c-6db9-4741-b51c-49af5e4cf22f:c3635]
2019-09-08 07:07:58,861 [grpc-default-executor-4] INFO  client.GrpcClientProtocolClient (GrpcClientProtocolClient.java:onNext(264)) - client-964B0EA39D34->4234af2c-5377-4886-a4e8-6fe45d0af45e: receive RaftClientReply:client-964B0EA39D34->4234af2c-5377-4886-a4e8-6fe45d0af45e@group-A1165329A1F1, cid=2460, SUCCESS, logIndex=3638, commits[4234af2c-5377-4886-a4e8-6fe45d0af45e:c3638, cef72988-acf5-49ad-9ec7-695a80e7a66d:c3635, d677508c-6db9-4741-b51c-49af5e4cf22f:c3635]
2019-09-08 07:07:58,897 [grpc-default-executor-0] INFO  client.GrpcClientProtocolClient (GrpcClientProtocolClient.java:onNext(264)) - client-964B0EA39D34->4234af2c-5377-4886-a4e8-6fe45d0af45e: receive RaftClientReply:client-964B0EA39D34->4234af2c-5377-4886-a4e8-6fe45d0af45e@group-A1165329A1F1, cid=2461, SUCCESS, logIndex=0, commits[4234af2c-5377-4886-a4e8-6fe45d0af45e:c3639, cef72988-acf5-49ad-9ec7-695a80e7a66d:c3638, d677508c-6db9-4741-b51c-49af5e4cf22f:c3638]
2019-09-08 07:07:58,917 [grpc-default-executor-4] INFO  client.GrpcClientProtocolClient (GrpcClientProtocolClient.java:onNext(264)) - client-964B0EA39D34->4234af2c-5377-4886-a4e8-6fe45d0af45e: receive RaftClientReply:client-964B0EA39D34->4234af2c-5377-4886-a4e8-6fe45d0af45e@group-A1165329A1F1, cid=2462, SUCCESS, logIndex=3641, commits[4234af2c-5377-4886-a4e8-6fe45d0af45e:c3642, cef72988-acf5-49ad-9ec7-695a80e7a66d:c3640, d677508c-6db9-4741-b51c-49af5e4cf22f:c3640]
2019-09-08 07:07:58,918 [grpc-default-executor-4] INFO  client.GrpcClientProtocolClient (GrpcClientProtocolClient.java:onNext(264)) - client-964B0EA39D34->4234af2c-5377-4886-a4e8-6fe45d0af45e: receive RaftClientReply:client-964B0EA39D34->4234af2c-5377-4886-a4e8-6fe45d0af45e@group-A1165329A1F1, cid=2463, SUCCESS, logIndex=3642, commits[4234af2c-5377-4886-a4e8-6fe45d0af45e:c3642, cef72988-acf5-49ad-9ec7-695a80e7a66d:c3640, d677508c-6db9-4741-b51c-49af5e4cf22f:c3640]
2019-09-08 07:07:58,928 [grpc-default-executor-0] INFO  client.GrpcClientProtocolClient (GrpcClientProtocolClient.java:onNext(264)) - client-964B0EA39D34->4234af2c-5377-4886-a4e8-6fe45d0af45e: receive RaftClientReply:client-964B0EA39D34->4234af2c-5377-4886-a4e8-6fe45d0af45e@group-A1165329A1F1, cid=2464, SUCCESS, logIndex=3643, commits[4234af2c-5377-4886-a4e8-6fe45d0af45e:c3644, cef72988-acf5-49ad-9ec7-695a80e7a66d:c3640, d677508c-6db9-4741-b51c-49af5e4cf22f:c3640]
2019-09-08 07:07:58,928 [grpc-default-executor-0] INFO  client.GrpcClientProtocolClient (GrpcClientProtocolClient.java:onNext(264)) - client-964B0EA39D34->4234af2c-5377-4886-a4e8-6fe45d0af45e: receive RaftClientReply:client-964B0EA39D34->4234af2c-5377-4886-a4e8-6fe45d0af45e@group-A1165329A1F1, cid=2465, SUCCESS, logIndex=3644, commits[4234af2c-5377-4886-a4e8-6fe45d0af45e:c3644, cef72988-acf5-49ad-9ec7-695a80e7a66d:c3640, d677508c-6db9-4741-b51c-49af5e4cf22f:c3640]
2019-09-08 07:07:58,929 [grpc-default-executor-0] INFO  client.GrpcClientProtocolClient (GrpcClientProtocolClient.java:onNext(264)) - client-964B0EA39D34->4234af2c-5377-4886-a4e8-6fe45d0af45e: receive RaftClientReply:client-964B0EA39D34->4234af2c-5377-4886-a4e8-6fe45d0af45e@group-A1165329A1F1, cid=2466, SUCCESS, logIndex=0, commits[4234af2c-5377-4886-a4e8-6fe45d0af45e:c3646, cef72988-acf5-49ad-9ec7-695a80e7a66d:c3642, d677508c-6db9-4741-b51c-49af5e4cf22f:c3642]
2019-09-08 07:07:58,952 [grpc-default-executor-4] INFO  client.GrpcClientProtocolClient (GrpcClientProtocolClient.java:onNext(264)) - client-964B0EA39D34->4234af2c-5377-4886-a4e8-6fe45d0af45e: receive RaftClientReply:client-964B0EA39D34->4234af2c-5377-4886-a4e8-6fe45d0af45e@group-A1165329A1F1, cid=2467, SUCCESS, logIndex=3649, commits[4234af2c-5377-4886-a4e8-6fe45d0af45e:c3650, cef72988-acf5-49ad-9ec7-695a80e7a66d:c3646, d677508c-6db9-4741-b51c-49af5e4cf22f:c3646]
2019-09-08 07:07:58,952 [grpc-default-executor-4] INFO  client.GrpcClientProtocolClient (GrpcClientProtocolClient.java:onNext(264)) - client-964B0EA39D34->4234af2c-5377-4886-a4e8-6fe45d0af45e: receive RaftClientReply:client-964B0EA39D34->4234af2c-5377-4886-a4e8-6fe45d0af45e@group-A1165329A1F1, cid=2468, SUCCESS, logIndex=3650, commits[4234af2c-5377-4886-a4e8-6fe45d0af45e:c3650, cef72988-acf5-49ad-9ec7-695a80e7a66d:c3646, d677508c-6db9-4741-b51c-49af5e4cf22f:c3646]
2019-09-08 07:07:58,966 [grpc-default-executor-0] INFO  client.GrpcClientProtocolClient (GrpcClientProtocolClient.java:onNext(264)) - client-964B0EA39D34->4234af2c-5377-4886-a4e8-6fe45d0af45e: receive RaftClientReply:client-964B0EA39D34->4234af2c-5377-4886-a4e8-6fe45d0af45e@group-A1165329A1F1, cid=2469, SUCCESS, logIndex=3653, commits[4234af2c-5377-4886-a4e8-6fe45d0af45e:c3653, cef72988-acf5-49ad-9ec7-695a80e7a66d:c3651, d677508c-6db9-4741-b51c-49af5e4cf22f:c3650]
2019-09-08 07:07:58,967 [grpc-default-executor-0] INFO  client.GrpcClientProtocolClient (GrpcClientProtocolClient.java:onNext(264)) - client-964B0EA39D34->4234af2c-5377-4886-a4e8-6fe45d0af45e: receive RaftClientReply:client-964B0EA39D34->4234af2c-5377-4886-a4e8-6fe45d0af45e@group-A1165329A1F1, cid=2470, SUCCESS, logIndex=3654, commits[4234af2c-5377-4886-a4e8-6fe45d0af45e:c3654, cef72988-acf5-49ad-9ec7-695a80e7a66d:c3651, d677508c-6db9-4741-b51c-49af5e4cf22f:c3651]
2019-09-08 07:07:58,971 [grpc-default-executor-0] INFO  client.GrpcClientProtocolClient (GrpcClientProtocolClient.java:onNext(264)) - client-964B0EA39D34->4234af2c-5377-4886-a4e8-6fe45d0af45e: receive RaftClientReply:client-964B0EA39D34->4234af2c-5377-4886-a4e8-6fe45d0af45e@group-A1165329A1F1, cid=2471, SUCCESS, logIndex=0, commits[4234af2c-5377-4886-a4e8-6fe45d0af45e:c3656, cef72988-acf5-49ad-9ec7-695a80e7a66d:c3654, d677508c-6db9-4741-b51c-49af5e4cf22f:c3654]
 0.00% |█                                                                                                    |  0/1 Time: 0:00:392019-09-08 07:07:59,112 [grpc-default-executor-4] INFO  client.GrpcClientProtocolClient (GrpcClientProtocolClient.java:onNext(264)) - client-964B0EA39D34->4234af2c-5377-4886-a4e8-6fe45d0af45e: receive RaftClientReply:client-964B0EA39D34->4234af2c-5377-4886-a4e8-6fe45d0af45e@group-A1165329A1F1, cid=2472, SUCCESS, logIndex=3657, commits[4234af2c-5377-4886-a4e8-6fe45d0af45e:c3659, cef72988-acf5-49ad-9ec7-695a80e7a66d:c3656, d677508c-6db9-4741-b51c-49af5e4cf22f:c3656]
2019-09-08 07:07:59,113 [grpc-default-executor-4] INFO  client.GrpcClientProtocolClient (GrpcClientProtocolClient.java:onNext(264)) - client-964B0EA39D34->4234af2c-5377-4886-a4e8-6fe45d0af45e: receive RaftClientReply:client-964B0EA39D34->4234af2c-5377-4886-a4e8-6fe45d0af45e@group-A1165329A1F1, cid=2473, SUCCESS, logIndex=3658, commits[4234af2c-5377-4886-a4e8-6fe45d0af45e:c3660, cef72988-acf5-49ad-9ec7-695a80e7a66d:c3656, d677508c-6db9-4741-b51c-49af5e4cf22f:c3656]
2019-09-08 07:07:59,113 [grpc-default-executor-4] INFO  client.GrpcClientProtocolClient (GrpcClientProtocolClient.java:onNext(264)) - client-964B0EA39D34->4234af2c-5377-4886-a4e8-6fe45d0af45e: receive RaftClientReply:client-964B0EA39D34->4234af2c-5377-4886-a4e8-6fe45d0af45e@group-A1165329A1F1, cid=2474, SUCCESS, logIndex=3659, commits[4234af2c-5377-4886-a4e8-6fe45d0af45e:c3660, cef72988-acf5-49ad-9ec7-695a80e7a66d:c3656, d677508c-6db9-4741-b51c-49af5e4cf22f:c3656]
2019-09-08 07:07:59,114 [grpc-default-executor-4] INFO  client.GrpcClientProtocolClient (GrpcClientProtocolClient.java:onNext(264)) - client-964B0EA39D34->4234af2c-5377-4886-a4e8-6fe45d0af45e: receive RaftClientReply:client-964B0EA39D34->4234af2c-5377-4886-a4e8-6fe45d0af45e@group-A1165329A1F1, cid=2475, SUCCESS, logIndex=3660, commits[4234af2c-5377-4886-a4e8-6fe45d0af45e:c3660, cef72988-acf5-49ad-9ec7-695a80e7a66d:c3656, d677508c-6db9-4741-b51c-49af5e4cf22f:c3656]
2019-09-08 07:07:59,128 [grpc-default-executor-4] INFO  client.GrpcClientProtocolClient (GrpcClientProtocolClient.java:onNext(264)) - client-964B0EA39D34->4234af2c-5377-4886-a4e8-6fe45d0af45e: receive RaftClientReply:client-964B0EA39D34->4234af2c-5377-4886-a4e8-6fe45d0af45e@group-A1165329A1F1, cid=2476, SUCCESS, logIndex=0, commits[4234af2c-5377-4886-a4e8-6fe45d0af45e:c3661, cef72988-acf5-49ad-9ec7-695a80e7a66d:c3658, d677508c-6db9-4741-b51c-49af5e4cf22f:c3658]
2019-09-08 07:07:59,140 [grpc-default-executor-0] INFO  client.GrpcClientProtocolClient (GrpcClientProtocolClient.java:onNext(264)) - client-964B0EA39D34->4234af2c-5377-4886-a4e8-6fe45d0af45e: receive RaftClientReply:client-964B0EA39D34->4234af2c-5377-4886-a4e8-6fe45d0af45e@group-A1165329A1F1, cid=2477, SUCCESS, logIndex=3665, commits[4234af2c-5377-4886-a4e8-6fe45d0af45e:c3666, cef72988-acf5-49ad-9ec7-695a80e7a66d:c3660, d677508c-6db9-4741-b51c-49af5e4cf22f:c3664]
2019-09-08 07:07:59,140 [grpc-default-executor-0] INFO  client.GrpcClientProtocolClient (GrpcClientProtocolClient.java:onNext(264)) - client-964B0EA39D34->4234af2c-5377-4886-a4e8-6fe45d0af45e: receive RaftClientReply:client-964B0EA39D34->4234af2c-5377-4886-a4e8-6fe45d0af45e@group-A1165329A1F1, cid=2478, SUCCESS, logIndex=3666, commits[4234af2c-5377-4886-a4e8-6fe45d0af45e:c3666, cef72988-acf5-49ad-9ec7-695a80e7a66d:c3664, d677508c-6db9-4741-b51c-49af5e4cf22f:c3664]
2019-09-08 07:07:59,161 [grpc-default-executor-0] INFO  client.GrpcClientProtocolClient (GrpcClientProtocolClient.java:onNext(264)) - client-964B0EA39D34->4234af2c-5377-4886-a4e8-6fe45d0af45e: receive RaftClientReply:client-964B0EA39D34->4234af2c-5377-4886-a4e8-6fe45d0af45e@group-A1165329A1F1, cid=2479, SUCCESS, logIndex=3669, commits[4234af2c-5377-4886-a4e8-6fe45d0af45e:c3670, cef72988-acf5-49ad-9ec7-695a80e7a66d:c3668, d677508c-6db9-4741-b51c-49af5e4cf22f:c3668]
2019-09-08 07:07:59,162 [grpc-default-executor-0] INFO  client.GrpcClientProtocolClient (GrpcClientProtocolClient.java:onNext(264)) - client-964B0EA39D34->4234af2c-5377-4886-a4e8-6fe45d0af45e: receive RaftClientReply:client-964B0EA39D34->4234af2c-5377-4886-a4e8-6fe45d0af45e@group-A1165329A1F1, cid=2480, SUCCESS, logIndex=3670, commits[4234af2c-5377-4886-a4e8-6fe45d0af45e:c3670, cef72988-acf5-49ad-9ec7-695a80e7a66d:c3668, d677508c-6db9-4741-b51c-49af5e4cf22f:c3668]
2019-09-08 07:07:59,175 [grpc-default-executor-0] INFO  client.GrpcClientProtocolClient (GrpcClientProtocolClient.java:onNext(264)) - client-964B0EA39D34->4234af2c-5377-4886-a4e8-6fe45d0af45e: receive RaftClientReply:client-964B0EA39D34->4234af2c-5377-4886-a4e8-6fe45d0af45e@group-A1165329A1F1, cid=2481, SUCCESS, logIndex=0, commits[4234af2c-5377-4886-a4e8-6fe45d0af45e:c3672, cef72988-acf5-49ad-9ec7-695a80e7a66d:c3670, d677508c-6db9-4741-b51c-49af5e4cf22f:c3670]
2019-09-08 07:07:59,200 [grpc-default-executor-4] INFO  client.GrpcClientProtocolClient (GrpcClientProtocolClient.java:onNext(264)) - client-964B0EA39D34->4234af2c-5377-4886-a4e8-6fe45d0af45e: receive RaftClientReply:client-964B0EA39D34->4234af2c-5377-4886-a4e8-6fe45d0af45e@group-A1165329A1F1, cid=2482, SUCCESS, logIndex=3673, commits[4234af2c-5377-4886-a4e8-6fe45d0af45e:c3674, cef72988-acf5-49ad-9ec7-695a80e7a66d:c3672, d677508c-6db9-4741-b51c-49af5e4cf22f:c3672]
2019-09-08 07:07:59,201 [grpc-default-executor-4] INFO  client.GrpcClientProtocolClient (GrpcClientProtocolClient.java:onNext(264)) - client-964B0EA39D34->4234af2c-5377-4886-a4e8-6fe45d0af45e: receive RaftClientReply:client-964B0EA39D34->4234af2c-5377-4886-a4e8-6fe45d0af45e@group-A1165329A1F1, cid=2483, SUCCESS, logIndex=3674, commits[4234af2c-5377-4886-a4e8-6fe45d0af45e:c3674, cef72988-acf5-49ad-9ec7-695a80e7a66d:c3672, d677508c-6db9-4741-b51c-49af5e4cf22f:c3672]
2019-09-08 07:07:59,220 [grpc-default-executor-0] INFO  client.GrpcClientProtocolClient (GrpcClientProtocolClient.java:onNext(264)) - client-964B0EA39D34->4234af2c-5377-4886-a4e8-6fe45d0af45e: receive RaftClientReply:client-964B0EA39D34->4234af2c-5377-4886-a4e8-6fe45d0af45e@group-A1165329A1F1, cid=2484, SUCCESS, logIndex=3675, commits[4234af2c-5377-4886-a4e8-6fe45d0af45e:c3676, cef72988-acf5-49ad-9ec7-695a80e7a66d:c3672, d677508c-6db9-4741-b51c-49af5e4cf22f:c3672]
2019-09-08 07:07:59,220 [grpc-default-executor-0] INFO  client.GrpcClientProtocolClient (GrpcClientProtocolClient.java:onNext(264)) - client-964B0EA39D34->4234af2c-5377-4886-a4e8-6fe45d0af45e: receive RaftClientReply:client-964B0EA39D34->4234af2c-5377-4886-a4e8-6fe45d0af45e@group-A1165329A1F1, cid=2485, SUCCESS, logIndex=3676, commits[4234af2c-5377-4886-a4e8-6fe45d0af45e:c3676, cef72988-acf5-49ad-9ec7-695a80e7a66d:c3672, d677508c-6db9-4741-b51c-49af5e4cf22f:c3672]
2019-09-08 07:07:59,232 [grpc-default-executor-5] INFO  client.GrpcClientProtocolClient (GrpcClientProtocolClient.java:onNext(264)) - client-964B0EA39D34->4234af2c-5377-4886-a4e8-6fe45d0af45e: receive RaftClientReply:client-964B0EA39D34->4234af2c-5377-4886-a4e8-6fe45d0af45e@group-A1165329A1F1, cid=2486, SUCCESS, logIndex=0, commits[4234af2c-5377-4886-a4e8-6fe45d0af45e:c3678, cef72988-acf5-49ad-9ec7-695a80e7a66d:c3674, d677508c-6db9-4741-b51c-49af5e4cf22f:c3674]
2019-09-08 07:07:59,248 [grpc-default-executor-4] INFO  client.GrpcClientProtocolClient (GrpcClientProtocolClient.java:onNext(264)) - client-964B0EA39D34->4234af2c-5377-4886-a4e8-6fe45d0af45e: receive RaftClientReply:client-964B0EA39D34->4234af2c-5377-4886-a4e8-6fe45d0af45e@group-A1165329A1F1, cid=2487, SUCCESS, logIndex=3681, commits[4234af2c-5377-4886-a4e8-6fe45d0af45e:c3682, cef72988-acf5-49ad-9ec7-695a80e7a66d:c3680, d677508c-6db9-4741-b51c-49af5e4cf22f:c3680]
2019-09-08 07:07:59,248 [grpc-default-executor-4] INFO  client.GrpcClientProtocolClient (GrpcClientProtocolClient.java:onNext(264)) - client-964B0EA39D34->4234af2c-5377-4886-a4e8-6fe45d0af45e: receive RaftClientReply:client-964B0EA39D34->4234af2c-5377-4886-a4e8-6fe45d0af45e@group-A1165329A1F1, cid=2488, SUCCESS, logIndex=3682, commits[4234af2c-5377-4886-a4e8-6fe45d0af45e:c3682, cef72988-acf5-49ad-9ec7-695a80e7a66d:c3680, d677508c-6db9-4741-b51c-49af5e4cf22f:c3680]
2019-09-08 07:07:59,267 [grpc-default-executor-5] INFO  client.GrpcClientProtocolClient (GrpcClientProtocolClient.java:onNext(264)) - client-964B0EA39D34->4234af2c-5377-4886-a4e8-6fe45d0af45e: receive RaftClientReply:client-964B0EA39D34->4234af2c-5377-4886-a4e8-6fe45d0af45e@group-A1165329A1F1, cid=2489, SUCCESS, logIndex=3685, commits[4234af2c-5377-4886-a4e8-6fe45d0af45e:c3686, cef72988-acf5-49ad-9ec7-695a80e7a66d:c3684, d677508c-6db9-4741-b51c-49af5e4cf22f:c3682]
2019-09-08 07:07:59,267 [grpc-default-executor-5] INFO  client.GrpcClientProtocolClient (GrpcClientProtocolClient.java:onNext(264)) - client-964B0EA39D34->4234af2c-5377-4886-a4e8-6fe45d0af45e: receive RaftClientReply:client-964B0EA39D34->4234af2c-5377-4886-a4e8-6fe45d0af45e@group-A1165329A1F1, cid=2490, SUCCESS, logIndex=3686, commits[4234af2c-5377-4886-a4e8-6fe45d0af45e:c3686, cef72988-acf5-49ad-9ec7-695a80e7a66d:c3684, d677508c-6db9-4741-b51c-49af5e4cf22f:c3684]
2019-09-08 07:07:59,270 [grpc-default-executor-5] INFO  client.GrpcClientProtocolClient (GrpcClientProtocolClient.java:onNext(264)) - client-964B0EA39D34->4234af2c-5377-4886-a4e8-6fe45d0af45e: receive RaftClientReply:client-964B0EA39D34->4234af2c-5377-4886-a4e8-6fe45d0af45e@group-A1165329A1F1, cid=2491, SUCCESS, logIndex=0, commits[4234af2c-5377-4886-a4e8-6fe45d0af45e:c3687, cef72988-acf5-49ad-9ec7-695a80e7a66d:c3686, d677508c-6db9-4741-b51c-49af5e4cf22f:c3686]
2019-09-08 07:07:59,294 [grpc-default-executor-4] INFO  client.GrpcClientProtocolClient (GrpcClientProtocolClient.java:onNext(264)) - client-964B0EA39D34->4234af2c-5377-4886-a4e8-6fe45d0af45e: receive RaftClientReply:client-964B0EA39D34->4234af2c-5377-4886-a4e8-6fe45d0af45e@group-A1165329A1F1, cid=2492, SUCCESS, logIndex=3689, commits[4234af2c-5377-4886-a4e8-6fe45d0af45e:c3690, cef72988-acf5-49ad-9ec7-695a80e7a66d:c3688, d677508c-6db9-4741-b51c-49af5e4cf22f:c3688]
2019-09-08 07:07:59,294 [grpc-default-executor-4] INFO  client.GrpcClientProtocolClient (GrpcClientProtocolClient.java:onNext(264)) - client-964B0EA39D34->4234af2c-5377-4886-a4e8-6fe45d0af45e: receive RaftClientReply:client-964B0EA39D34->4234af2c-5377-4886-a4e8-6fe45d0af45e@group-A1165329A1F1, cid=2493, SUCCESS, logIndex=3690, commits[4234af2c-5377-4886-a4e8-6fe45d0af45e:c3691, cef72988-acf5-49ad-9ec7-695a80e7a66d:c3688, d677508c-6db9-4741-b51c-49af5e4cf22f:c3688]
2019-09-08 07:07:59,295 [grpc-default-executor-4] INFO  client.GrpcClientProtocolClient (GrpcClientProtocolClient.java:onNext(264)) - client-964B0EA39D34->4234af2c-5377-4886-a4e8-6fe45d0af45e: receive RaftClientReply:client-964B0EA39D34->4234af2c-5377-4886-a4e8-6fe45d0af45e@group-A1165329A1F1, cid=2494, SUCCESS, logIndex=3691, commits[4234af2c-5377-4886-a4e8-6fe45d0af45e:c3692, cef72988-acf5-49ad-9ec7-695a80e7a66d:c3688, d677508c-6db9-4741-b51c-49af5e4cf22f:c3688]
2019-09-08 07:07:59,295 [grpc-default-executor-4] INFO  client.GrpcClientProtocolClient (GrpcClientProtocolClient.java:onNext(264)) - client-964B0EA39D34->4234af2c-5377-4886-a4e8-6fe45d0af45e: receive RaftClientReply:client-964B0EA39D34->4234af2c-5377-4886-a4e8-6fe45d0af45e@group-A1165329A1F1, cid=2495, SUCCESS, logIndex=3692, commits[4234af2c-5377-4886-a4e8-6fe45d0af45e:c3692, cef72988-acf5-49ad-9ec7-695a80e7a66d:c3688, d677508c-6db9-4741-b51c-49af5e4cf22f:c3688]
2019-09-08 07:07:59,296 [grpc-default-executor-0] INFO  client.GrpcClientProtocolClient (GrpcClientProtocolClient.java:onNext(264)) - client-964B0EA39D34->4234af2c-5377-4886-a4e8-6fe45d0af45e: receive RaftClientReply:client-964B0EA39D34->4234af2c-5377-4886-a4e8-6fe45d0af45e@group-A1165329A1F1, cid=2496, SUCCESS, logIndex=0, commits[4234af2c-5377-4886-a4e8-6fe45d0af45e:c3696, cef72988-acf5-49ad-9ec7-695a80e7a66d:c3692, d677508c-6db9-4741-b51c-49af5e4cf22f:c3690]
2019-09-08 07:07:59,305 [grpc-default-executor-0] INFO  client.GrpcClientProtocolClient (GrpcClientProtocolClient.java:onNext(264)) - client-964B0EA39D34->4234af2c-5377-4886-a4e8-6fe45d0af45e: receive RaftClientReply:client-964B0EA39D34->4234af2c-5377-4886-a4e8-6fe45d0af45e@group-A1165329A1F1, cid=2497, SUCCESS, logIndex=3697, commits[4234af2c-5377-4886-a4e8-6fe45d0af45e:c3698, cef72988-acf5-49ad-9ec7-695a80e7a66d:c3692, d677508c-6db9-4741-b51c-49af5e4cf22f:c3696]
2019-09-08 07:07:59,306 [grpc-default-executor-0] INFO  client.GrpcClientProtocolClient (GrpcClientProtocolClient.java:onNext(264)) - client-964B0EA39D34->4234af2c-5377-4886-a4e8-6fe45d0af45e: receive RaftClientReply:client-964B0EA39D34->4234af2c-5377-4886-a4e8-6fe45d0af45e@group-A1165329A1F1, cid=2498, SUCCESS, logIndex=3698, commits[4234af2c-5377-4886-a4e8-6fe45d0af45e:c3698, cef72988-acf5-49ad-9ec7-695a80e7a66d:c3696, d677508c-6db9-4741-b51c-49af5e4cf22f:c3696]
2019-09-08 07:07:59,322 [grpc-default-executor-4] INFO  client.GrpcClientProtocolClient (GrpcClientProtocolClient.java:onNext(264)) - client-964B0EA39D34->4234af2c-5377-4886-a4e8-6fe45d0af45e: receive RaftClientReply:client-964B0EA39D34->4234af2c-5377-4886-a4e8-6fe45d0af45e@group-A1165329A1F1, cid=2499, SUCCESS, logIndex=3700, commits[4234af2c-5377-4886-a4e8-6fe45d0af45e:c3701, cef72988-acf5-49ad-9ec7-695a80e7a66d:c3699, d677508c-6db9-4741-b51c-49af5e4cf22f:c3699]
2019-09-08 07:07:59,322 [grpc-default-executor-4] INFO  client.GrpcClientProtocolClient (GrpcClientProtocolClient.java:onNext(264)) - client-964B0EA39D34->4234af2c-5377-4886-a4e8-6fe45d0af45e: receive RaftClientReply:client-964B0EA39D34->4234af2c-5377-4886-a4e8-6fe45d0af45e@group-A1165329A1F1, cid=2500, SUCCESS, logIndex=3701, commits[4234af2c-5377-4886-a4e8-6fe45d0af45e:c3701, cef72988-acf5-49ad-9ec7-695a80e7a66d:c3699, d677508c-6db9-4741-b51c-49af5e4cf22f:c3699]
2019-09-08 07:07:59,333 [grpc-default-executor-4] INFO  client.GrpcClientProtocolClient (GrpcClientProtocolClient.java:onNext(264)) - client-964B0EA39D34->4234af2c-5377-4886-a4e8-6fe45d0af45e: receive RaftClientReply:client-964B0EA39D34->4234af2c-5377-4886-a4e8-6fe45d0af45e@group-A1165329A1F1, cid=2501, SUCCESS, logIndex=0, commits[4234af2c-5377-4886-a4e8-6fe45d0af45e:c3703, cef72988-acf5-49ad-9ec7-695a80e7a66d:c3701, d677508c-6db9-4741-b51c-49af5e4cf22f:c3701]
2019-09-08 07:07:59,359 [grpc-default-executor-4] INFO  client.GrpcClientProtocolClient (GrpcClientProtocolClient.java:onNext(264)) - client-964B0EA39D34->4234af2c-5377-4886-a4e8-6fe45d0af45e: receive RaftClientReply:client-964B0EA39D34->4234af2c-5377-4886-a4e8-6fe45d0af45e@group-A1165329A1F1, cid=2502, SUCCESS, logIndex=3704, commits[4234af2c-5377-4886-a4e8-6fe45d0af45e:c3706, cef72988-acf5-49ad-9ec7-695a80e7a66d:c3703, d677508c-6db9-4741-b51c-49af5e4cf22f:c3703]
2019-09-08 07:07:59,360 [grpc-default-executor-4] INFO  client.GrpcClientProtocolClient (GrpcClientProtocolClient.java:onNext(264)) - client-964B0EA39D34->4234af2c-5377-4886-a4e8-6fe45d0af45e: receive RaftClientReply:client-964B0EA39D34->4234af2c-5377-4886-a4e8-6fe45d0af45e@group-A1165329A1F1, cid=2503, SUCCESS, logIndex=3705, commits[4234af2c-5377-4886-a4e8-6fe45d0af45e:c3707, cef72988-acf5-49ad-9ec7-695a80e7a66d:c3703, d677508c-6db9-4741-b51c-49af5e4cf22f:c3703]
2019-09-08 07:07:59,360 [grpc-default-executor-4] INFO  client.GrpcClientProtocolClient (GrpcClientProtocolClient.java:onNext(264)) - client-964B0EA39D34->4234af2c-5377-4886-a4e8-6fe45d0af45e: receive RaftClientReply:client-964B0EA39D34->4234af2c-5377-4886-a4e8-6fe45d0af45e@group-A1165329A1F1, cid=2504, SUCCESS, logIndex=3706, commits[4234af2c-5377-4886-a4e8-6fe45d0af45e:c3707, cef72988-acf5-49ad-9ec7-695a80e7a66d:c3703, d677508c-6db9-4741-b51c-49af5e4cf22f:c3703]
2019-09-08 07:07:59,360 [grpc-default-executor-4] INFO  client.GrpcClientProtocolClient (GrpcClientProtocolClient.java:onNext(264)) - client-964B0EA39D34->4234af2c-5377-4886-a4e8-6fe45d0af45e: receive RaftClientReply:client-964B0EA39D34->4234af2c-5377-4886-a4e8-6fe45d0af45e@group-A1165329A1F1, cid=2505, SUCCESS, logIndex=3707, commits[4234af2c-5377-4886-a4e8-6fe45d0af45e:c3707, cef72988-acf5-49ad-9ec7-695a80e7a66d:c3703, d677508c-6db9-4741-b51c-49af5e4cf22f:c3703]
2019-09-08 07:07:59,362 [grpc-default-executor-4] INFO  client.GrpcClientProtocolClient (GrpcClientProtocolClient.java:onNext(264)) - client-964B0EA39D34->4234af2c-5377-4886-a4e8-6fe45d0af45e: receive RaftClientReply:client-964B0EA39D34->4234af2c-5377-4886-a4e8-6fe45d0af45e@group-A1165329A1F1, cid=2506, SUCCESS, logIndex=0, commits[4234af2c-5377-4886-a4e8-6fe45d0af45e:c3709, cef72988-acf5-49ad-9ec7-695a80e7a66d:c3705, d677508c-6db9-4741-b51c-49af5e4cf22f:c3705]
2019-09-08 07:07:59,381 [grpc-default-executor-5] INFO  client.GrpcClientProtocolClient (GrpcClientProtocolClient.java:onNext(264)) - client-964B0EA39D34->4234af2c-5377-4886-a4e8-6fe45d0af45e: receive RaftClientReply:client-964B0EA39D34->4234af2c-5377-4886-a4e8-6fe45d0af45e@group-A1165329A1F1, cid=2507, SUCCESS, logIndex=3712, commits[4234af2c-5377-4886-a4e8-6fe45d0af45e:c3712, cef72988-acf5-49ad-9ec7-695a80e7a66d:c3711, d677508c-6db9-4741-b51c-49af5e4cf22f:c3711]
2019-09-08 07:07:59,381 [grpc-default-executor-5] INFO  client.GrpcClientProtocolClient (GrpcClientProtocolClient.java:onNext(264)) - client-964B0EA39D34->4234af2c-5377-4886-a4e8-6fe45d0af45e: receive RaftClientReply:client-964B0EA39D34->4234af2c-5377-4886-a4e8-6fe45d0af45e@group-A1165329A1F1, cid=2508, SUCCESS, logIndex=3713, commits[4234af2c-5377-4886-a4e8-6fe45d0af45e:c3713, cef72988-acf5-49ad-9ec7-695a80e7a66d:c3711, d677508c-6db9-4741-b51c-49af5e4cf22f:c3711]
2019-09-08 07:07:59,395 [grpc-default-executor-0] INFO  client.GrpcClientProtocolClient (GrpcClientProtocolClient.java:onNext(264)) - client-964B0EA39D34->4234af2c-5377-4886-a4e8-6fe45d0af45e: receive RaftClientReply:client-964B0EA39D34->4234af2c-5377-4886-a4e8-6fe45d0af45e@group-A1165329A1F1, cid=2509, SUCCESS, logIndex=3716, commits[4234af2c-5377-4886-a4e8-6fe45d0af45e:c3716, cef72988-acf5-49ad-9ec7-695a80e7a66d:c3713, d677508c-6db9-4741-b51c-49af5e4cf22f:c3713]
2019-09-08 07:07:59,395 [grpc-default-executor-0] INFO  client.GrpcClientProtocolClient (GrpcClientProtocolClient.java:onNext(264)) - client-964B0EA39D34->4234af2c-5377-4886-a4e8-6fe45d0af45e: receive RaftClientReply:client-964B0EA39D34->4234af2c-5377-4886-a4e8-6fe45d0af45e@group-A1165329A1F1, cid=2510, SUCCESS, logIndex=3717, commits[4234af2c-5377-4886-a4e8-6fe45d0af45e:c3717, cef72988-acf5-49ad-9ec7-695a80e7a66d:c3713, d677508c-6db9-4741-b51c-49af5e4cf22f:c3713]
2019-09-08 07:07:59,409 [grpc-default-executor-5] INFO  client.GrpcClientProtocolClient (GrpcClientProtocolClient.java:onNext(264)) - client-964B0EA39D34->4234af2c-5377-4886-a4e8-6fe45d0af45e: receive RaftClientReply:client-964B0EA39D34->4234af2c-5377-4886-a4e8-6fe45d0af45e@group-A1165329A1F1, cid=2511, SUCCESS, logIndex=0, commits[4234af2c-5377-4886-a4e8-6fe45d0af45e:c3718, cef72988-acf5-49ad-9ec7-695a80e7a66d:c3717, d677508c-6db9-4741-b51c-49af5e4cf22f:c3717]
2019-09-08 07:07:59,435 [grpc-default-executor-0] INFO  client.GrpcClientProtocolClient (GrpcClientProtocolClient.java:onNext(264)) - client-964B0EA39D34->4234af2c-5377-4886-a4e8-6fe45d0af45e: receive RaftClientReply:client-964B0EA39D34->4234af2c-5377-4886-a4e8-6fe45d0af45e@group-A1165329A1F1, cid=2512, SUCCESS, logIndex=3720, commits[4234af2c-5377-4886-a4e8-6fe45d0af45e:c3722, cef72988-acf5-49ad-9ec7-695a80e7a66d:c3719, d677508c-6db9-4741-b51c-49af5e4cf22f:c3719]
2019-09-08 07:07:59,436 [grpc-default-executor-0] INFO  client.GrpcClientProtocolClient (GrpcClientProtocolClient.java:onNext(264)) - client-964B0EA39D34->4234af2c-5377-4886-a4e8-6fe45d0af45e: receive RaftClientReply:client-964B0EA39D34->4234af2c-5377-4886-a4e8-6fe45d0af45e@group-A1165329A1F1, cid=2513, SUCCESS, logIndex=3721, commits[4234af2c-5377-4886-a4e8-6fe45d0af45e:c3723, cef72988-acf5-49ad-9ec7-695a80e7a66d:c3719, d677508c-6db9-4741-b51c-49af5e4cf22f:c3719]
2019-09-08 07:07:59,436 [grpc-default-executor-0] INFO  client.GrpcClientProtocolClient (GrpcClientProtocolClient.java:onNext(264)) - client-964B0EA39D34->4234af2c-5377-4886-a4e8-6fe45d0af45e: receive RaftClientReply:client-964B0EA39D34->4234af2c-5377-4886-a4e8-6fe45d0af45e@group-A1165329A1F1, cid=2514, SUCCESS, logIndex=3722, commits[4234af2c-5377-4886-a4e8-6fe45d0af45e:c3723, cef72988-acf5-49ad-9ec7-695a80e7a66d:c3719, d677508c-6db9-4741-b51c-49af5e4cf22f:c3719]
2019-09-08 07:07:59,436 [grpc-default-executor-0] INFO  client.GrpcClientProtocolClient (GrpcClientProtocolClient.java:onNext(264)) - client-964B0EA39D34->4234af2c-5377-4886-a4e8-6fe45d0af45e: receive RaftClientReply:client-964B0EA39D34->4234af2c-5377-4886-a4e8-6fe45d0af45e@group-A1165329A1F1, cid=2515, SUCCESS, logIndex=3723, commits[4234af2c-5377-4886-a4e8-6fe45d0af45e:c3723, cef72988-acf5-49ad-9ec7-695a80e7a66d:c3719, d677508c-6db9-4741-b51c-49af5e4cf22f:c3719]
2019-09-08 07:07:59,437 [grpc-default-executor-0] INFO  client.GrpcClientProtocolClient (GrpcClientProtocolClient.java:onNext(264)) - client-964B0EA39D34->4234af2c-5377-4886-a4e8-6fe45d0af45e: receive RaftClientReply:client-964B0EA39D34->4234af2c-5377-4886-a4e8-6fe45d0af45e@group-A1165329A1F1, cid=2516, SUCCESS, logIndex=0, commits[4234af2c-5377-4886-a4e8-6fe45d0af45e:c3724, cef72988-acf5-49ad-9ec7-695a80e7a66d:c3721, d677508c-6db9-4741-b51c-49af5e4cf22f:c3721]
2019-09-08 07:07:59,456 [grpc-default-executor-5] INFO  client.GrpcClientProtocolClient (GrpcClientProtocolClient.java:onNext(264)) - client-964B0EA39D34->4234af2c-5377-4886-a4e8-6fe45d0af45e: receive RaftClientReply:client-964B0EA39D34->4234af2c-5377-4886-a4e8-6fe45d0af45e@group-A1165329A1F1, cid=2517, SUCCESS, logIndex=3728, commits[4234af2c-5377-4886-a4e8-6fe45d0af45e:c3729, cef72988-acf5-49ad-9ec7-695a80e7a66d:c3727, d677508c-6db9-4741-b51c-49af5e4cf22f:c3727]
2019-09-08 07:07:59,456 [grpc-default-executor-5] INFO  client.GrpcClientProtocolClient (GrpcClientProtocolClient.java:onNext(264)) - client-964B0EA39D34->4234af2c-5377-4886-a4e8-6fe45d0af45e: receive RaftClientReply:client-964B0EA39D34->4234af2c-5377-4886-a4e8-6fe45d0af45e@group-A1165329A1F1, cid=2518, SUCCESS, logIndex=3729, commits[4234af2c-5377-4886-a4e8-6fe45d0af45e:c3729, cef72988-acf5-49ad-9ec7-695a80e7a66d:c3727, d677508c-6db9-4741-b51c-49af5e4cf22f:c3727]
2019-09-08 07:07:59,469 [grpc-default-executor-3] INFO  client.GrpcClientProtocolClient (GrpcClientProtocolClient.java:onNext(264)) - client-964B0EA39D34->4234af2c-5377-4886-a4e8-6fe45d0af45e: receive RaftClientReply:client-964B0EA39D34->4234af2c-5377-4886-a4e8-6fe45d0af45e@group-A1165329A1F1, cid=2519, SUCCESS, logIndex=3732, commits[4234af2c-5377-4886-a4e8-6fe45d0af45e:c3733, cef72988-acf5-49ad-9ec7-695a80e7a66d:c3729, d677508c-6db9-4741-b51c-49af5e4cf22f:c3729]
2019-09-08 07:07:59,469 [grpc-default-executor-3] INFO  client.GrpcClientProtocolClient (GrpcClientProtocolClient.java:onNext(264)) - client-964B0EA39D34->4234af2c-5377-4886-a4e8-6fe45d0af45e: receive RaftClientReply:client-964B0EA39D34->4234af2c-5377-4886-a4e8-6fe45d0af45e@group-A1165329A1F1, cid=2520, SUCCESS, logIndex=3733, commits[4234af2c-5377-4886-a4e8-6fe45d0af45e:c3733, cef72988-acf5-49ad-9ec7-695a80e7a66d:c3729, d677508c-6db9-4741-b51c-49af5e4cf22f:c3729]
2019-09-08 07:07:59,486 [grpc-default-executor-3] INFO  client.GrpcClientProtocolClient (GrpcClientProtocolClient.java:onNext(264)) - client-964B0EA39D34->4234af2c-5377-4886-a4e8-6fe45d0af45e: receive RaftClientReply:client-964B0EA39D34->4234af2c-5377-4886-a4e8-6fe45d0af45e@group-A1165329A1F1, cid=2521, SUCCESS, logIndex=0, commits[4234af2c-5377-4886-a4e8-6fe45d0af45e:c3735, cef72988-acf5-49ad-9ec7-695a80e7a66d:c3733, d677508c-6db9-4741-b51c-49af5e4cf22f:c3733]
2019-09-08 07:07:59,514 [grpc-default-executor-5] INFO  client.GrpcClientProtocolClient (GrpcClientProtocolClient.java:onNext(264)) - client-964B0EA39D34->4234af2c-5377-4886-a4e8-6fe45d0af45e: receive RaftClientReply:client-964B0EA39D34->4234af2c-5377-4886-a4e8-6fe45d0af45e@group-A1165329A1F1, cid=2522, SUCCESS, logIndex=3736, commits[4234af2c-5377-4886-a4e8-6fe45d0af45e:c3737, cef72988-acf5-49ad-9ec7-695a80e7a66d:c3735, d677508c-6db9-4741-b51c-49af5e4cf22f:c3735]
2019-09-08 07:07:59,514 [grpc-default-executor-3] INFO  client.GrpcClientProtocolClient (GrpcClientProtocolClient.java:onNext(264)) - client-964B0EA39D34->4234af2c-5377-4886-a4e8-6fe45d0af45e: receive RaftClientReply:client-964B0EA39D34->4234af2c-5377-4886-a4e8-6fe45d0af45e@group-A1165329A1F1, cid=2523, SUCCESS, logIndex=3737, commits[4234af2c-5377-4886-a4e8-6fe45d0af45e:c3737, cef72988-acf5-49ad-9ec7-695a80e7a66d:c3735, d677508c-6db9-4741-b51c-49af5e4cf22f:c3735]
2019-09-08 07:07:59,514 [grpc-default-executor-0] INFO  client.GrpcClientProtocolClient (GrpcClientProtocolClient.java:onNext(264)) - client-964B0EA39D34->4234af2c-5377-4886-a4e8-6fe45d0af45e: receive RaftClientReply:client-964B0EA39D34->4234af2c-5377-4886-a4e8-6fe45d0af45e@group-A1165329A1F1, cid=2524, SUCCESS, logIndex=3738, commits[4234af2c-5377-4886-a4e8-6fe45d0af45e:c3739, cef72988-acf5-49ad-9ec7-695a80e7a66d:c3735, d677508c-6db9-4741-b51c-49af5e4cf22f:c3735]
2019-09-08 07:07:59,515 [grpc-default-executor-0] INFO  client.GrpcClientProtocolClient (GrpcClientProtocolClient.java:onNext(264)) - client-964B0EA39D34->4234af2c-5377-4886-a4e8-6fe45d0af45e: receive RaftClientReply:client-964B0EA39D34->4234af2c-5377-4886-a4e8-6fe45d0af45e@group-A1165329A1F1, cid=2525, SUCCESS, logIndex=3739, commits[4234af2c-5377-4886-a4e8-6fe45d0af45e:c3739, cef72988-acf5-49ad-9ec7-695a80e7a66d:c3735, d677508c-6db9-4741-b51c-49af5e4cf22f:c3735]
2019-09-08 07:07:59,528 [grpc-default-executor-0] INFO  client.GrpcClientProtocolClient (GrpcClientProtocolClient.java:onNext(264)) - client-964B0EA39D34->4234af2c-5377-4886-a4e8-6fe45d0af45e: receive RaftClientReply:client-964B0EA39D34->4234af2c-5377-4886-a4e8-6fe45d0af45e@group-A1165329A1F1, cid=2526, SUCCESS, logIndex=0, commits[4234af2c-5377-4886-a4e8-6fe45d0af45e:c3741, cef72988-acf5-49ad-9ec7-695a80e7a66d:c3737, d677508c-6db9-4741-b51c-49af5e4cf22f:c3737]
2019-09-08 07:07:59,540 [grpc-default-executor-3] INFO  client.GrpcClientProtocolClient (GrpcClientProtocolClient.java:onNext(264)) - client-964B0EA39D34->4234af2c-5377-4886-a4e8-6fe45d0af45e: receive RaftClientReply:client-964B0EA39D34->4234af2c-5377-4886-a4e8-6fe45d0af45e@group-A1165329A1F1, cid=2527, SUCCESS, logIndex=3744, commits[4234af2c-5377-4886-a4e8-6fe45d0af45e:c3745, cef72988-acf5-49ad-9ec7-695a80e7a66d:c3739, d677508c-6db9-4741-b51c-49af5e4cf22f:c3743]
2019-09-08 07:07:59,540 [grpc-default-executor-3] INFO  client.GrpcClientProtocolClient (GrpcClientProtocolClient.java:onNext(264)) - client-964B0EA39D34->4234af2c-5377-4886-a4e8-6fe45d0af45e: receive RaftClientReply:client-964B0EA39D34->4234af2c-5377-4886-a4e8-6fe45d0af45e@group-A1165329A1F1, cid=2528, SUCCESS, logIndex=3745, commits[4234af2c-5377-4886-a4e8-6fe45d0af45e:c3745, cef72988-acf5-49ad-9ec7-695a80e7a66d:c3739, d677508c-6db9-4741-b51c-49af5e4cf22f:c3743]
2019-09-08 07:07:59,559 [grpc-default-executor-5] INFO  client.GrpcClientProtocolClient (GrpcClientProtocolClient.java:onNext(264)) - client-964B0EA39D34->4234af2c-5377-4886-a4e8-6fe45d0af45e: receive RaftClientReply:client-964B0EA39D34->4234af2c-5377-4886-a4e8-6fe45d0af45e@group-A1165329A1F1, cid=2529, SUCCESS, logIndex=3748, commits[4234af2c-5377-4886-a4e8-6fe45d0af45e:c3749, cef72988-acf5-49ad-9ec7-695a80e7a66d:c3747, d677508c-6db9-4741-b51c-49af5e4cf22f:c3747]
2019-09-08 07:07:59,559 [grpc-default-executor-5] INFO  client.GrpcClientProtocolClient (GrpcClientProtocolClient.java:onNext(264)) - client-964B0EA39D34->4234af2c-5377-4886-a4e8-6fe45d0af45e: receive RaftClientReply:client-964B0EA39D34->4234af2c-5377-4886-a4e8-6fe45d0af45e@group-A1165329A1F1, cid=2530, SUCCESS, logIndex=3749, commits[4234af2c-5377-4886-a4e8-6fe45d0af45e:c3749, cef72988-acf5-49ad-9ec7-695a80e7a66d:c3747, d677508c-6db9-4741-b51c-49af5e4cf22f:c3747]
2019-09-08 07:07:59,569 [grpc-default-executor-3] INFO  client.GrpcClientProtocolClient (GrpcClientProtocolClient.java:onNext(264)) - client-964B0EA39D34->4234af2c-5377-4886-a4e8-6fe45d0af45e: receive RaftClientReply:client-964B0EA39D34->4234af2c-5377-4886-a4e8-6fe45d0af45e@group-A1165329A1F1, cid=2531, SUCCESS, logIndex=0, commits[4234af2c-5377-4886-a4e8-6fe45d0af45e:c3750, cef72988-acf5-49ad-9ec7-695a80e7a66d:c3749, d677508c-6db9-4741-b51c-49af5e4cf22f:c3749]
2019-09-08 07:07:59,587 [grpc-default-executor-5] INFO  client.GrpcClientProtocolClient (GrpcClientProtocolClient.java:onNext(264)) - client-964B0EA39D34->4234af2c-5377-4886-a4e8-6fe45d0af45e: receive RaftClientReply:client-964B0EA39D34->4234af2c-5377-4886-a4e8-6fe45d0af45e@group-A1165329A1F1, cid=2532, SUCCESS, logIndex=3752, commits[4234af2c-5377-4886-a4e8-6fe45d0af45e:c3753, cef72988-acf5-49ad-9ec7-695a80e7a66d:c3751, d677508c-6db9-4741-b51c-49af5e4cf22f:c3749]
2019-09-08 07:07:59,587 [grpc-default-executor-5] INFO  client.GrpcClientProtocolClient (GrpcClientProtocolClient.java:onNext(264)) - client-964B0EA39D34->4234af2c-5377-4886-a4e8-6fe45d0af45e: receive RaftClientReply:client-964B0EA39D34->4234af2c-5377-4886-a4e8-6fe45d0af45e@group-A1165329A1F1, cid=2533, SUCCESS, logIndex=3753, commits[4234af2c-5377-4886-a4e8-6fe45d0af45e:c3753, cef72988-acf5-49ad-9ec7-695a80e7a66d:c3751, d677508c-6db9-4741-b51c-49af5e4cf22f:c3751]
2019-09-08 07:07:59,590 [grpc-default-executor-3] INFO  client.GrpcClientProtocolClient (GrpcClientProtocolClient.java:onNext(264)) - client-964B0EA39D34->4234af2c-5377-4886-a4e8-6fe45d0af45e: receive RaftClientReply:client-964B0EA39D34->4234af2c-5377-4886-a4e8-6fe45d0af45e@group-A1165329A1F1, cid=2534, SUCCESS, logIndex=3754, commits[4234af2c-5377-4886-a4e8-6fe45d0af45e:c3756, cef72988-acf5-49ad-9ec7-695a80e7a66d:c3751, d677508c-6db9-4741-b51c-49af5e4cf22f:c3753]
2019-09-08 07:07:59,590 [grpc-default-executor-3] INFO  client.GrpcClientProtocolClient (GrpcClientProtocolClient.java:onNext(264)) - client-964B0EA39D34->4234af2c-5377-4886-a4e8-6fe45d0af45e: receive RaftClientReply:client-964B0EA39D34->4234af2c-5377-4886-a4e8-6fe45d0af45e@group-A1165329A1F1, cid=2535, SUCCESS, logIndex=3755, commits[4234af2c-5377-4886-a4e8-6fe45d0af45e:c3757, cef72988-acf5-49ad-9ec7-695a80e7a66d:c3753, d677508c-6db9-4741-b51c-49af5e4cf22f:c3753]
2019-09-08 07:07:59,600 [grpc-default-executor-0] INFO  client.GrpcClientProtocolClient (GrpcClientProtocolClient.java:onNext(264)) - client-964B0EA39D34->4234af2c-5377-4886-a4e8-6fe45d0af45e: receive RaftClientReply:client-964B0EA39D34->4234af2c-5377-4886-a4e8-6fe45d0af45e@group-A1165329A1F1, cid=2536, SUCCESS, logIndex=3760, commits[4234af2c-5377-4886-a4e8-6fe45d0af45e:c3761, cef72988-acf5-49ad-9ec7-695a80e7a66d:c3756, d677508c-6db9-4741-b51c-49af5e4cf22f:c3759]
2019-09-08 07:07:59,601 [grpc-default-executor-0] INFO  client.GrpcClientProtocolClient (GrpcClientProtocolClient.java:onNext(264)) - client-964B0EA39D34->4234af2c-5377-4886-a4e8-6fe45d0af45e: receive RaftClientReply:client-964B0EA39D34->4234af2c-5377-4886-a4e8-6fe45d0af45e@group-A1165329A1F1, cid=2537, SUCCESS, logIndex=3761, commits[4234af2c-5377-4886-a4e8-6fe45d0af45e:c3761, cef72988-acf5-49ad-9ec7-695a80e7a66d:c3759, d677508c-6db9-4741-b51c-49af5e4cf22f:c3759]
2019-09-08 07:07:59,618 [grpc-default-executor-3] INFO  client.GrpcClientProtocolClient (GrpcClientProtocolClient.java:onNext(264)) - client-964B0EA39D34->4234af2c-5377-4886-a4e8-6fe45d0af45e: receive RaftClientReply:client-964B0EA39D34->4234af2c-5377-4886-a4e8-6fe45d0af45e@group-A1165329A1F1, cid=2538, SUCCESS, logIndex=3764, commits[4234af2c-5377-4886-a4e8-6fe45d0af45e:c3765, cef72988-acf5-49ad-9ec7-695a80e7a66d:c3763, d677508c-6db9-4741-b51c-49af5e4cf22f:c3763]
2019-09-08 07:07:59,618 [grpc-default-executor-3] INFO  client.GrpcClientProtocolClient (GrpcClientProtocolClient.java:onNext(264)) - client-964B0EA39D34->4234af2c-5377-4886-a4e8-6fe45d0af45e: receive RaftClientReply:client-964B0EA39D34->4234af2c-5377-4886-a4e8-6fe45d0af45e@group-A1165329A1F1, cid=2539, SUCCESS, logIndex=3765, commits[4234af2c-5377-4886-a4e8-6fe45d0af45e:c3765, cef72988-acf5-49ad-9ec7-695a80e7a66d:c3763, d677508c-6db9-4741-b51c-49af5e4cf22f:c3763]
2019-09-08 07:07:59,630 [grpc-default-executor-3] INFO  client.GrpcClientProtocolClient (GrpcClientProtocolClient.java:onNext(264)) - client-964B0EA39D34->4234af2c-5377-4886-a4e8-6fe45d0af45e: receive RaftClientReply:client-964B0EA39D34->4234af2c-5377-4886-a4e8-6fe45d0af45e@group-A1165329A1F1, cid=2540, SUCCESS, logIndex=0, commits[4234af2c-5377-4886-a4e8-6fe45d0af45e:c3767, cef72988-acf5-49ad-9ec7-695a80e7a66d:c3765, d677508c-6db9-4741-b51c-49af5e4cf22f:c3765]
2019-09-08 07:07:59,648 [grpc-default-executor-0] INFO  client.GrpcClientProtocolClient (GrpcClientProtocolClient.java:onNext(264)) - client-964B0EA39D34->4234af2c-5377-4886-a4e8-6fe45d0af45e: receive RaftClientReply:client-964B0EA39D34->4234af2c-5377-4886-a4e8-6fe45d0af45e@group-A1165329A1F1, cid=2541, SUCCESS, logIndex=3768, commits[4234af2c-5377-4886-a4e8-6fe45d0af45e:c3769, cef72988-acf5-49ad-9ec7-695a80e7a66d:c3767, d677508c-6db9-4741-b51c-49af5e4cf22f:c3767]
2019-09-08 07:07:59,649 [grpc-default-executor-0] INFO  client.GrpcClientProtocolClient (GrpcClientProtocolClient.java:onNext(264)) - client-964B0EA39D34->4234af2c-5377-4886-a4e8-6fe45d0af45e: receive RaftClientReply:client-964B0EA39D34->4234af2c-5377-4886-a4e8-6fe45d0af45e@group-A1165329A1F1, cid=2542, SUCCESS, logIndex=3769, commits[4234af2c-5377-4886-a4e8-6fe45d0af45e:c3769, cef72988-acf5-49ad-9ec7-695a80e7a66d:c3767, d677508c-6db9-4741-b51c-49af5e4cf22f:c3767]
2019-09-08 07:07:59,649 [grpc-default-executor-0] INFO  client.GrpcClientProtocolClient (GrpcClientProtocolClient.java:onNext(264)) - client-964B0EA39D34->4234af2c-5377-4886-a4e8-6fe45d0af45e: receive RaftClientReply:client-964B0EA39D34->4234af2c-5377-4886-a4e8-6fe45d0af45e@group-A1165329A1F1, cid=2543, SUCCESS, logIndex=3770, commits[4234af2c-5377-4886-a4e8-6fe45d0af45e:c3770, cef72988-acf5-49ad-9ec7-695a80e7a66d:c3767, d677508c-6db9-4741-b51c-49af5e4cf22f:c3767]
2019-09-08 07:07:59,650 [grpc-default-executor-0] INFO  client.GrpcClientProtocolClient (GrpcClientProtocolClient.java:onNext(264)) - client-964B0EA39D34->4234af2c-5377-4886-a4e8-6fe45d0af45e: receive RaftClientReply:client-964B0EA39D34->4234af2c-5377-4886-a4e8-6fe45d0af45e@group-A1165329A1F1, cid=2544, SUCCESS, logIndex=3771, commits[4234af2c-5377-4886-a4e8-6fe45d0af45e:c3771, cef72988-acf5-49ad-9ec7-695a80e7a66d:c3767, d677508c-6db9-4741-b51c-49af5e4cf22f:c3767]
2019-09-08 07:07:59,652 [grpc-default-executor-4] INFO  client.GrpcClientProtocolClient (GrpcClientProtocolClient.java:onNext(264)) - client-964B0EA39D34->4234af2c-5377-4886-a4e8-6fe45d0af45e: receive RaftClientReply:client-964B0EA39D34->4234af2c-5377-4886-a4e8-6fe45d0af45e@group-A1165329A1F1, cid=2545, SUCCESS, logIndex=0, commits[4234af2c-5377-4886-a4e8-6fe45d0af45e:c3773, cef72988-acf5-49ad-9ec7-695a80e7a66d:c3769, d677508c-6db9-4741-b51c-49af5e4cf22f:c3769]
2019-09-08 07:07:59,666 [grpc-default-executor-4] INFO  client.GrpcClientProtocolClient (GrpcClientProtocolClient.java:onNext(264)) - client-964B0EA39D34->4234af2c-5377-4886-a4e8-6fe45d0af45e: receive RaftClientReply:client-964B0EA39D34->4234af2c-5377-4886-a4e8-6fe45d0af45e@group-A1165329A1F1, cid=2546, SUCCESS, logIndex=3776, commits[4234af2c-5377-4886-a4e8-6fe45d0af45e:c3777, cef72988-acf5-49ad-9ec7-695a80e7a66d:c3774, d677508c-6db9-4741-b51c-49af5e4cf22f:c3771]
2019-09-08 07:07:59,666 [grpc-default-executor-4] INFO  client.GrpcClientProtocolClient (GrpcClientProtocolClient.java:onNext(264)) - client-964B0EA39D34->4234af2c-5377-4886-a4e8-6fe45d0af45e: receive RaftClientReply:client-964B0EA39D34->4234af2c-5377-4886-a4e8-6fe45d0af45e@group-A1165329A1F1, cid=2547, SUCCESS, logIndex=3777, commits[4234af2c-5377-4886-a4e8-6fe45d0af45e:c3777, cef72988-acf5-49ad-9ec7-695a80e7a66d:c3774, d677508c-6db9-4741-b51c-49af5e4cf22f:c3774]
2019-09-08 07:07:59,691 [grpc-default-executor-4] INFO  client.GrpcClientProtocolClient (GrpcClientProtocolClient.java:onNext(264)) - client-964B0EA39D34->4234af2c-5377-4886-a4e8-6fe45d0af45e: receive RaftClientReply:client-964B0EA39D34->4234af2c-5377-4886-a4e8-6fe45d0af45e@group-A1165329A1F1, cid=2548, SUCCESS, logIndex=3779, commits[4234af2c-5377-4886-a4e8-6fe45d0af45e:c3780, cef72988-acf5-49ad-9ec7-695a80e7a66d:c3777, d677508c-6db9-4741-b51c-49af5e4cf22f:c3777]
2019-09-08 07:07:59,691 [grpc-default-executor-4] INFO  client.GrpcClientProtocolClient (GrpcClientProtocolClient.java:onNext(264)) - client-964B0EA39D34->4234af2c-5377-4886-a4e8-6fe45d0af45e: receive RaftClientReply:client-964B0EA39D34->4234af2c-5377-4886-a4e8-6fe45d0af45e@group-A1165329A1F1, cid=2549, SUCCESS, logIndex=3780, commits[4234af2c-5377-4886-a4e8-6fe45d0af45e:c3780, cef72988-acf5-49ad-9ec7-695a80e7a66d:c3777, d677508c-6db9-4741-b51c-49af5e4cf22f:c3777]
2019-09-08 07:07:59,703 [grpc-default-executor-3] INFO  client.GrpcClientProtocolClient (GrpcClientProtocolClient.java:onNext(264)) - client-964B0EA39D34->4234af2c-5377-4886-a4e8-6fe45d0af45e: receive RaftClientReply:client-964B0EA39D34->4234af2c-5377-4886-a4e8-6fe45d0af45e@group-A1165329A1F1, cid=2550, SUCCESS, logIndex=0, commits[4234af2c-5377-4886-a4e8-6fe45d0af45e:c3781, cef72988-acf5-49ad-9ec7-695a80e7a66d:c3780, d677508c-6db9-4741-b51c-49af5e4cf22f:c3780]
2019-09-08 07:07:59,738 [grpc-default-executor-4] INFO  client.GrpcClientProtocolClient (GrpcClientProtocolClient.java:onNext(264)) - client-964B0EA39D34->4234af2c-5377-4886-a4e8-6fe45d0af45e: receive RaftClientReply:client-964B0EA39D34->4234af2c-5377-4886-a4e8-6fe45d0af45e@group-A1165329A1F1, cid=2551, SUCCESS, logIndex=3783, commits[4234af2c-5377-4886-a4e8-6fe45d0af45e:c3784, cef72988-acf5-49ad-9ec7-695a80e7a66d:c3782, d677508c-6db9-4741-b51c-49af5e4cf22f:c3780]
2019-09-08 07:07:59,739 [grpc-default-executor-4] INFO  client.GrpcClientProtocolClient (GrpcClientProtocolClient.java:onNext(264)) - client-964B0EA39D34->4234af2c-5377-4886-a4e8-6fe45d0af45e: receive RaftClientReply:client-964B0EA39D34->4234af2c-5377-4886-a4e8-6fe45d0af45e@group-A1165329A1F1, cid=2552, SUCCESS, logIndex=3784, commits[4234af2c-5377-4886-a4e8-6fe45d0af45e:c3784, cef72988-acf5-49ad-9ec7-695a80e7a66d:c3782, d677508c-6db9-4741-b51c-49af5e4cf22f:c3780]
2019-09-08 07:07:59,747 [grpc-default-executor-4] INFO  client.GrpcClientProtocolClient (GrpcClientProtocolClient.java:onNext(264)) - client-964B0EA39D34->4234af2c-5377-4886-a4e8-6fe45d0af45e: receive RaftClientReply:client-964B0EA39D34->4234af2c-5377-4886-a4e8-6fe45d0af45e@group-A1165329A1F1, cid=2553, SUCCESS, logIndex=3785, commits[4234af2c-5377-4886-a4e8-6fe45d0af45e:c3785, cef72988-acf5-49ad-9ec7-695a80e7a66d:c3782, d677508c-6db9-4741-b51c-49af5e4cf22f:c3782]
2019-09-08 07:07:59,748 [grpc-default-executor-4] INFO  client.GrpcClientProtocolClient (GrpcClientProtocolClient.java:onNext(264)) - client-964B0EA39D34->4234af2c-5377-4886-a4e8-6fe45d0af45e: receive RaftClientReply:client-964B0EA39D34->4234af2c-5377-4886-a4e8-6fe45d0af45e@group-A1165329A1F1, cid=2554, SUCCESS, logIndex=3786, commits[4234af2c-5377-4886-a4e8-6fe45d0af45e:c3786, cef72988-acf5-49ad-9ec7-695a80e7a66d:c3782, d677508c-6db9-4741-b51c-49af5e4cf22f:c3782]
2019-09-08 07:07:59,764 [grpc-default-executor-4] INFO  client.GrpcClientProtocolClient (GrpcClientProtocolClient.java:onNext(264)) - client-964B0EA39D34->4234af2c-5377-4886-a4e8-6fe45d0af45e: receive RaftClientReply:client-964B0EA39D34->4234af2c-5377-4886-a4e8-6fe45d0af45e@group-A1165329A1F1, cid=2555, SUCCESS, logIndex=0, commits[4234af2c-5377-4886-a4e8-6fe45d0af45e:c3790, cef72988-acf5-49ad-9ec7-695a80e7a66d:c3784, d677508c-6db9-4741-b51c-49af5e4cf22f:c3786]
2019-09-08 07:07:59,782 [grpc-default-executor-0] INFO  client.GrpcClientProtocolClient (GrpcClientProtocolClient.java:onNext(264)) - client-964B0EA39D34->4234af2c-5377-4886-a4e8-6fe45d0af45e: receive RaftClientReply:client-964B0EA39D34->4234af2c-5377-4886-a4e8-6fe45d0af45e@group-A1165329A1F1, cid=2556, SUCCESS, logIndex=3791, commits[4234af2c-5377-4886-a4e8-6fe45d0af45e:c3792, cef72988-acf5-49ad-9ec7-695a80e7a66d:c3790, d677508c-6db9-4741-b51c-49af5e4cf22f:c3790]
2019-09-08 07:07:59,783 [grpc-default-executor-0] INFO  client.GrpcClientProtocolClient (GrpcClientProtocolClient.java:onNext(264)) - client-964B0EA39D34->4234af2c-5377-4886-a4e8-6fe45d0af45e: receive RaftClientReply:client-964B0EA39D34->4234af2c-5377-4886-a4e8-6fe45d0af45e@group-A1165329A1F1, cid=2557, SUCCESS, logIndex=3792, commits[4234af2c-5377-4886-a4e8-6fe45d0af45e:c3792, cef72988-acf5-49ad-9ec7-695a80e7a66d:c3790, d677508c-6db9-4741-b51c-49af5e4cf22f:c3790]
2019-09-08 07:07:59,946 [grpc-default-executor-3] INFO  client.GrpcClientProtocolClient (GrpcClientProtocolClient.java:onNext(264)) - client-964B0EA39D34->4234af2c-5377-4886-a4e8-6fe45d0af45e: receive RaftClientReply:client-964B0EA39D34->4234af2c-5377-4886-a4e8-6fe45d0af45e@group-A1165329A1F1, cid=2558, SUCCESS, logIndex=3795, commits[4234af2c-5377-4886-a4e8-6fe45d0af45e:c3796, cef72988-acf5-49ad-9ec7-695a80e7a66d:c3794, d677508c-6db9-4741-b51c-49af5e4cf22f:c3794]
2019-09-08 07:07:59,946 [grpc-default-executor-3] INFO  client.GrpcClientProtocolClient (GrpcClientProtocolClient.java:onNext(264)) - client-964B0EA39D34->4234af2c-5377-4886-a4e8-6fe45d0af45e: receive RaftClientReply:client-964B0EA39D34->4234af2c-5377-4886-a4e8-6fe45d0af45e@group-A1165329A1F1, cid=2559, SUCCESS, logIndex=3796, commits[4234af2c-5377-4886-a4e8-6fe45d0af45e:c3796, cef72988-acf5-49ad-9ec7-695a80e7a66d:c3794, d677508c-6db9-4741-b51c-49af5e4cf22f:c3794]
2019-09-08 07:07:59,960 [grpc-default-executor-0] INFO  client.GrpcClientProtocolClient (GrpcClientProtocolClient.java:onNext(264)) - client-964B0EA39D34->4234af2c-5377-4886-a4e8-6fe45d0af45e: receive RaftClientReply:client-964B0EA39D34->4234af2c-5377-4886-a4e8-6fe45d0af45e@group-A1165329A1F1, cid=2560, SUCCESS, logIndex=0, commits[4234af2c-5377-4886-a4e8-6fe45d0af45e:c3798, cef72988-acf5-49ad-9ec7-695a80e7a66d:c3796, d677508c-6db9-4741-b51c-49af5e4cf22f:c3796]
2019-09-08 07:07:59,989 [grpc-default-executor-4] INFO  client.GrpcClientProtocolClient (GrpcClientProtocolClient.java:onNext(264)) - client-964B0EA39D34->4234af2c-5377-4886-a4e8-6fe45d0af45e: receive RaftClientReply:client-964B0EA39D34->4234af2c-5377-4886-a4e8-6fe45d0af45e@group-A1165329A1F1, cid=2561, SUCCESS, logIndex=3799, commits[4234af2c-5377-4886-a4e8-6fe45d0af45e:c3800, cef72988-acf5-49ad-9ec7-695a80e7a66d:c3798, d677508c-6db9-4741-b51c-49af5e4cf22f:c3798]
2019-09-08 07:07:59,990 [grpc-default-executor-4] INFO  client.GrpcClientProtocolClient (GrpcClientProtocolClient.java:onNext(264)) - client-964B0EA39D34->4234af2c-5377-4886-a4e8-6fe45d0af45e: receive RaftClientReply:client-964B0EA39D34->4234af2c-5377-4886-a4e8-6fe45d0af45e@group-A1165329A1F1, cid=2562, SUCCESS, logIndex=3800, commits[4234af2c-5377-4886-a4e8-6fe45d0af45e:c3802, cef72988-acf5-49ad-9ec7-695a80e7a66d:c3798, d677508c-6db9-4741-b51c-49af5e4cf22f:c3798]
2019-09-08 07:07:59,990 [grpc-default-executor-3] INFO  client.GrpcClientProtocolClient (GrpcClientProtocolClient.java:onNext(264)) - client-964B0EA39D34->4234af2c-5377-4886-a4e8-6fe45d0af45e: receive RaftClientReply:client-964B0EA39D34->4234af2c-5377-4886-a4e8-6fe45d0af45e@group-A1165329A1F1, cid=2563, SUCCESS, logIndex=3801, commits[4234af2c-5377-4886-a4e8-6fe45d0af45e:c3802, cef72988-acf5-49ad-9ec7-695a80e7a66d:c3798, d677508c-6db9-4741-b51c-49af5e4cf22f:c3798]
2019-09-08 07:07:59,990 [grpc-default-executor-3] INFO  client.GrpcClientProtocolClient (GrpcClientProtocolClient.java:onNext(264)) - client-964B0EA39D34->4234af2c-5377-4886-a4e8-6fe45d0af45e: receive RaftClientReply:client-964B0EA39D34->4234af2c-5377-4886-a4e8-6fe45d0af45e@group-A1165329A1F1, cid=2564, SUCCESS, logIndex=3802, commits[4234af2c-5377-4886-a4e8-6fe45d0af45e:c3802, cef72988-acf5-49ad-9ec7-695a80e7a66d:c3798, d677508c-6db9-4741-b51c-49af5e4cf22f:c3798]
2019-09-08 07:08:00,006 [grpc-default-executor-3] INFO  client.GrpcClientProtocolClient (GrpcClientProtocolClient.java:onNext(264)) - client-964B0EA39D34->4234af2c-5377-4886-a4e8-6fe45d0af45e: receive RaftClientReply:client-964B0EA39D34->4234af2c-5377-4886-a4e8-6fe45d0af45e@group-A1165329A1F1, cid=2565, SUCCESS, logIndex=0, commits[4234af2c-5377-4886-a4e8-6fe45d0af45e:c3806, cef72988-acf5-49ad-9ec7-695a80e7a66d:c3802, d677508c-6db9-4741-b51c-49af5e4cf22f:c3800]
2019-09-08 07:08:00,027 [grpc-default-executor-4] INFO  client.GrpcClientProtocolClient (GrpcClientProtocolClient.java:onNext(264)) - client-964B0EA39D34->4234af2c-5377-4886-a4e8-6fe45d0af45e: receive RaftClientReply:client-964B0EA39D34->4234af2c-5377-4886-a4e8-6fe45d0af45e@group-A1165329A1F1, cid=2566, SUCCESS, logIndex=3807, commits[4234af2c-5377-4886-a4e8-6fe45d0af45e:c3808, cef72988-acf5-49ad-9ec7-695a80e7a66d:c3806, d677508c-6db9-4741-b51c-49af5e4cf22f:c3806]
2019-09-08 07:08:00,027 [grpc-default-executor-4] INFO  client.GrpcClientProtocolClient (GrpcClientProtocolClient.java:onNext(264)) - client-964B0EA39D34->4234af2c-5377-4886-a4e8-6fe45d0af45e: receive RaftClientReply:client-964B0EA39D34->4234af2c-5377-4886-a4e8-6fe45d0af45e@group-A1165329A1F1, cid=2567, SUCCESS, logIndex=3808, commits[4234af2c-5377-4886-a4e8-6fe45d0af45e:c3808, cef72988-acf5-49ad-9ec7-695a80e7a66d:c3806, d677508c-6db9-4741-b51c-49af5e4cf22f:c3806]
2019-09-08 07:08:00,042 [grpc-default-executor-4] INFO  client.GrpcClientProtocolClient (GrpcClientProtocolClient.java:onNext(264)) - client-964B0EA39D34->4234af2c-5377-4886-a4e8-6fe45d0af45e: receive RaftClientReply:client-964B0EA39D34->4234af2c-5377-4886-a4e8-6fe45d0af45e@group-A1165329A1F1, cid=2568, SUCCESS, logIndex=3811, commits[4234af2c-5377-4886-a4e8-6fe45d0af45e:c3812, cef72988-acf5-49ad-9ec7-695a80e7a66d:c3808, d677508c-6db9-4741-b51c-49af5e4cf22f:c3808]
2019-09-08 07:08:00,042 [grpc-default-executor-4] INFO  client.GrpcClientProtocolClient (GrpcClientProtocolClient.java:onNext(264)) - client-964B0EA39D34->4234af2c-5377-4886-a4e8-6fe45d0af45e: receive RaftClientReply:client-964B0EA39D34->4234af2c-5377-4886-a4e8-6fe45d0af45e@group-A1165329A1F1, cid=2569, SUCCESS, logIndex=3812, commits[4234af2c-5377-4886-a4e8-6fe45d0af45e:c3812, cef72988-acf5-49ad-9ec7-695a80e7a66d:c3808, d677508c-6db9-4741-b51c-49af5e4cf22f:c3808]
2019-09-08 07:08:00,066 [grpc-default-executor-4] INFO  client.GrpcClientProtocolClient (GrpcClientProtocolClient.java:onNext(264)) - client-964B0EA39D34->4234af2c-5377-4886-a4e8-6fe45d0af45e: receive RaftClientReply:client-964B0EA39D34->4234af2c-5377-4886-a4e8-6fe45d0af45e@group-A1165329A1F1, cid=2570, SUCCESS, logIndex=0, commits[4234af2c-5377-4886-a4e8-6fe45d0af45e:c3814, cef72988-acf5-49ad-9ec7-695a80e7a66d:c3812, d677508c-6db9-4741-b51c-49af5e4cf22f:c3812]
2019-09-08 07:08:00,094 [grpc-default-executor-0] INFO  client.GrpcClientProtocolClient (GrpcClientProtocolClient.java:onNext(264)) - client-964B0EA39D34->4234af2c-5377-4886-a4e8-6fe45d0af45e: receive RaftClientReply:client-964B0EA39D34->4234af2c-5377-4886-a4e8-6fe45d0af45e@group-A1165329A1F1, cid=2571, SUCCESS, logIndex=3815, commits[4234af2c-5377-4886-a4e8-6fe45d0af45e:c3816, cef72988-acf5-49ad-9ec7-695a80e7a66d:c3814, d677508c-6db9-4741-b51c-49af5e4cf22f:c3814]
2019-09-08 07:08:00,095 [grpc-default-executor-0] INFO  client.GrpcClientProtocolClient (GrpcClientProtocolClient.java:onNext(264)) - client-964B0EA39D34->4234af2c-5377-4886-a4e8-6fe45d0af45e: receive RaftClientReply:client-964B0EA39D34->4234af2c-5377-4886-a4e8-6fe45d0af45e@group-A1165329A1F1, cid=2572, SUCCESS, logIndex=3816, commits[4234af2c-5377-4886-a4e8-6fe45d0af45e:c3818, cef72988-acf5-49ad-9ec7-695a80e7a66d:c3814, d677508c-6db9-4741-b51c-49af5e4cf22f:c3814]
2019-09-08 07:08:00,095 [grpc-default-executor-0] INFO  client.GrpcClientProtocolClient (GrpcClientProtocolClient.java:onNext(264)) - client-964B0EA39D34->4234af2c-5377-4886-a4e8-6fe45d0af45e: receive RaftClientReply:client-964B0EA39D34->4234af2c-5377-4886-a4e8-6fe45d0af45e@group-A1165329A1F1, cid=2573, SUCCESS, logIndex=3817, commits[4234af2c-5377-4886-a4e8-6fe45d0af45e:c3818, cef72988-acf5-49ad-9ec7-695a80e7a66d:c3814, d677508c-6db9-4741-b51c-49af5e4cf22f:c3814]
2019-09-08 07:08:00,095 [grpc-default-executor-0] INFO  client.GrpcClientProtocolClient (GrpcClientProtocolClient.java:onNext(264)) - client-964B0EA39D34->4234af2c-5377-4886-a4e8-6fe45d0af45e: receive RaftClientReply:client-964B0EA39D34->4234af2c-5377-4886-a4e8-6fe45d0af45e@group-A1165329A1F1, cid=2574, SUCCESS, logIndex=3818, commits[4234af2c-5377-4886-a4e8-6fe45d0af45e:c3818, cef72988-acf5-49ad-9ec7-695a80e7a66d:c3814, d677508c-6db9-4741-b51c-49af5e4cf22f:c3814]
 0.00% |█                                                                                                    |  0/1 Time: 0:00:402019-09-08 07:08:00,097 [grpc-default-executor-0] INFO  client.GrpcClientProtocolClient (GrpcClientProtocolClient.java:onNext(264)) - client-964B0EA39D34->4234af2c-5377-4886-a4e8-6fe45d0af45e: receive RaftClientReply:client-964B0EA39D34->4234af2c-5377-4886-a4e8-6fe45d0af45e@group-A1165329A1F1, cid=2575, SUCCESS, logIndex=0, commits[4234af2c-5377-4886-a4e8-6fe45d0af45e:c3819, cef72988-acf5-49ad-9ec7-695a80e7a66d:c3816, d677508c-6db9-4741-b51c-49af5e4cf22f:c3816]
2019-09-08 07:08:00,109 [grpc-default-executor-4] INFO  client.GrpcClientProtocolClient (GrpcClientProtocolClient.java:onNext(264)) - client-964B0EA39D34->4234af2c-5377-4886-a4e8-6fe45d0af45e: receive RaftClientReply:client-964B0EA39D34->4234af2c-5377-4886-a4e8-6fe45d0af45e@group-A1165329A1F1, cid=2576, SUCCESS, logIndex=3822, commits[4234af2c-5377-4886-a4e8-6fe45d0af45e:c3823, cef72988-acf5-49ad-9ec7-695a80e7a66d:c3819, d677508c-6db9-4741-b51c-49af5e4cf22f:c3818]
2019-09-08 07:08:00,110 [grpc-default-executor-4] INFO  client.GrpcClientProtocolClient (GrpcClientProtocolClient.java:onNext(264)) - client-964B0EA39D34->4234af2c-5377-4886-a4e8-6fe45d0af45e: receive RaftClientReply:client-964B0EA39D34->4234af2c-5377-4886-a4e8-6fe45d0af45e@group-A1165329A1F1, cid=2577, SUCCESS, logIndex=3823, commits[4234af2c-5377-4886-a4e8-6fe45d0af45e:c3823, cef72988-acf5-49ad-9ec7-695a80e7a66d:c3819, d677508c-6db9-4741-b51c-49af5e4cf22f:c3819]
2019-09-08 07:08:00,126 [grpc-default-executor-3] INFO  client.GrpcClientProtocolClient (GrpcClientProtocolClient.java:onNext(264)) - client-964B0EA39D34->4234af2c-5377-4886-a4e8-6fe45d0af45e: receive RaftClientReply:client-964B0EA39D34->4234af2c-5377-4886-a4e8-6fe45d0af45e@group-A1165329A1F1, cid=2578, SUCCESS, logIndex=3826, commits[4234af2c-5377-4886-a4e8-6fe45d0af45e:c3827, cef72988-acf5-49ad-9ec7-695a80e7a66d:c3825, d677508c-6db9-4741-b51c-49af5e4cf22f:c3825]
2019-09-08 07:08:00,126 [grpc-default-executor-3] INFO  client.GrpcClientProtocolClient (GrpcClientProtocolClient.java:onNext(264)) - client-964B0EA39D34->4234af2c-5377-4886-a4e8-6fe45d0af45e: receive RaftClientReply:client-964B0EA39D34->4234af2c-5377-4886-a4e8-6fe45d0af45e@group-A1165329A1F1, cid=2579, SUCCESS, logIndex=3827, commits[4234af2c-5377-4886-a4e8-6fe45d0af45e:c3827, cef72988-acf5-49ad-9ec7-695a80e7a66d:c3825, d677508c-6db9-4741-b51c-49af5e4cf22f:c3825]
2019-09-08 07:08:00,128 [grpc-default-executor-0] INFO  client.GrpcClientProtocolClient (GrpcClientProtocolClient.java:onNext(264)) - client-964B0EA39D34->4234af2c-5377-4886-a4e8-6fe45d0af45e: receive RaftClientReply:client-964B0EA39D34->4234af2c-5377-4886-a4e8-6fe45d0af45e@group-A1165329A1F1, cid=2580, SUCCESS, logIndex=0, commits[4234af2c-5377-4886-a4e8-6fe45d0af45e:c3828, cef72988-acf5-49ad-9ec7-695a80e7a66d:c3827, d677508c-6db9-4741-b51c-49af5e4cf22f:c3827]
2019-09-08 07:08:00,151 [grpc-default-executor-3] INFO  client.GrpcClientProtocolClient (GrpcClientProtocolClient.java:onNext(264)) - client-964B0EA39D34->4234af2c-5377-4886-a4e8-6fe45d0af45e: receive RaftClientReply:client-964B0EA39D34->4234af2c-5377-4886-a4e8-6fe45d0af45e@group-A1165329A1F1, cid=2581, SUCCESS, logIndex=3830, commits[4234af2c-5377-4886-a4e8-6fe45d0af45e:c3832, cef72988-acf5-49ad-9ec7-695a80e7a66d:c3827, d677508c-6db9-4741-b51c-49af5e4cf22f:c3829]
2019-09-08 07:08:00,152 [grpc-default-executor-3] INFO  client.GrpcClientProtocolClient (GrpcClientProtocolClient.java:onNext(264)) - client-964B0EA39D34->4234af2c-5377-4886-a4e8-6fe45d0af45e: receive RaftClientReply:client-964B0EA39D34->4234af2c-5377-4886-a4e8-6fe45d0af45e@group-A1165329A1F1, cid=2582, SUCCESS, logIndex=3831, commits[4234af2c-5377-4886-a4e8-6fe45d0af45e:c3833, cef72988-acf5-49ad-9ec7-695a80e7a66d:c3827, d677508c-6db9-4741-b51c-49af5e4cf22f:c3829]
2019-09-08 07:08:00,152 [grpc-default-executor-3] INFO  client.GrpcClientProtocolClient (GrpcClientProtocolClient.java:onNext(264)) - client-964B0EA39D34->4234af2c-5377-4886-a4e8-6fe45d0af45e: receive RaftClientReply:client-964B0EA39D34->4234af2c-5377-4886-a4e8-6fe45d0af45e@group-A1165329A1F1, cid=2583, SUCCESS, logIndex=3832, commits[4234af2c-5377-4886-a4e8-6fe45d0af45e:c3833, cef72988-acf5-49ad-9ec7-695a80e7a66d:c3827, d677508c-6db9-4741-b51c-49af5e4cf22f:c3829]
2019-09-08 07:08:00,152 [grpc-default-executor-3] INFO  client.GrpcClientProtocolClient (GrpcClientProtocolClient.java:onNext(264)) - client-964B0EA39D34->4234af2c-5377-4886-a4e8-6fe45d0af45e: receive RaftClientReply:client-964B0EA39D34->4234af2c-5377-4886-a4e8-6fe45d0af45e@group-A1165329A1F1, cid=2584, SUCCESS, logIndex=3833, commits[4234af2c-5377-4886-a4e8-6fe45d0af45e:c3833, cef72988-acf5-49ad-9ec7-695a80e7a66d:c3827, d677508c-6db9-4741-b51c-49af5e4cf22f:c3829]
2019-09-08 07:08:00,165 [grpc-default-executor-3] INFO  client.GrpcClientProtocolClient (GrpcClientProtocolClient.java:onNext(264)) - client-964B0EA39D34->4234af2c-5377-4886-a4e8-6fe45d0af45e: receive RaftClientReply:client-964B0EA39D34->4234af2c-5377-4886-a4e8-6fe45d0af45e@group-A1165329A1F1, cid=2585, SUCCESS, logIndex=0, commits[4234af2c-5377-4886-a4e8-6fe45d0af45e:c3837, cef72988-acf5-49ad-9ec7-695a80e7a66d:c3833, d677508c-6db9-4741-b51c-49af5e4cf22f:c3831]
2019-09-08 07:08:00,178 [grpc-default-executor-0] INFO  client.GrpcClientProtocolClient (GrpcClientProtocolClient.java:onNext(264)) - client-964B0EA39D34->4234af2c-5377-4886-a4e8-6fe45d0af45e: receive RaftClientReply:client-964B0EA39D34->4234af2c-5377-4886-a4e8-6fe45d0af45e@group-A1165329A1F1, cid=2586, SUCCESS, logIndex=3838, commits[4234af2c-5377-4886-a4e8-6fe45d0af45e:c3839, cef72988-acf5-49ad-9ec7-695a80e7a66d:c3837, d677508c-6db9-4741-b51c-49af5e4cf22f:c3837]
2019-09-08 07:08:00,179 [grpc-default-executor-0] INFO  client.GrpcClientProtocolClient (GrpcClientProtocolClient.java:onNext(264)) - client-964B0EA39D34->4234af2c-5377-4886-a4e8-6fe45d0af45e: receive RaftClientReply:client-964B0EA39D34->4234af2c-5377-4886-a4e8-6fe45d0af45e@group-A1165329A1F1, cid=2587, SUCCESS, logIndex=3839, commits[4234af2c-5377-4886-a4e8-6fe45d0af45e:c3839, cef72988-acf5-49ad-9ec7-695a80e7a66d:c3837, d677508c-6db9-4741-b51c-49af5e4cf22f:c3837]
2019-09-08 07:08:00,196 [grpc-default-executor-5] INFO  client.GrpcClientProtocolClient (GrpcClientProtocolClient.java:onNext(264)) - client-964B0EA39D34->4234af2c-5377-4886-a4e8-6fe45d0af45e: receive RaftClientReply:client-964B0EA39D34->4234af2c-5377-4886-a4e8-6fe45d0af45e@group-A1165329A1F1, cid=2588, SUCCESS, logIndex=3842, commits[4234af2c-5377-4886-a4e8-6fe45d0af45e:c3843, cef72988-acf5-49ad-9ec7-695a80e7a66d:c3841, d677508c-6db9-4741-b51c-49af5e4cf22f:c3841]
2019-09-08 07:08:00,197 [grpc-default-executor-5] INFO  client.GrpcClientProtocolClient (GrpcClientProtocolClient.java:onNext(264)) - client-964B0EA39D34->4234af2c-5377-4886-a4e8-6fe45d0af45e: receive RaftClientReply:client-964B0EA39D34->4234af2c-5377-4886-a4e8-6fe45d0af45e@group-A1165329A1F1, cid=2589, SUCCESS, logIndex=3843, commits[4234af2c-5377-4886-a4e8-6fe45d0af45e:c3843, cef72988-acf5-49ad-9ec7-695a80e7a66d:c3841, d677508c-6db9-4741-b51c-49af5e4cf22f:c3841]
2019-09-08 07:08:00,209 [grpc-default-executor-0] INFO  client.GrpcClientProtocolClient (GrpcClientProtocolClient.java:onNext(264)) - client-964B0EA39D34->4234af2c-5377-4886-a4e8-6fe45d0af45e: receive RaftClientReply:client-964B0EA39D34->4234af2c-5377-4886-a4e8-6fe45d0af45e@group-A1165329A1F1, cid=2590, SUCCESS, logIndex=0, commits[4234af2c-5377-4886-a4e8-6fe45d0af45e:c3845, cef72988-acf5-49ad-9ec7-695a80e7a66d:c3843, d677508c-6db9-4741-b51c-49af5e4cf22f:c3843]
2019-09-08 07:08:00,235 [grpc-default-executor-0] INFO  client.GrpcClientProtocolClient (GrpcClientProtocolClient.java:onNext(264)) - client-964B0EA39D34->4234af2c-5377-4886-a4e8-6fe45d0af45e: receive RaftClientReply:client-964B0EA39D34->4234af2c-5377-4886-a4e8-6fe45d0af45e@group-A1165329A1F1, cid=2591, SUCCESS, logIndex=3846, commits[4234af2c-5377-4886-a4e8-6fe45d0af45e:c3847, cef72988-acf5-49ad-9ec7-695a80e7a66d:c3845, d677508c-6db9-4741-b51c-49af5e4cf22f:c3845]
2019-09-08 07:08:00,235 [grpc-default-executor-0] INFO  client.GrpcClientProtocolClient (GrpcClientProtocolClient.java:onNext(264)) - client-964B0EA39D34->4234af2c-5377-4886-a4e8-6fe45d0af45e: receive RaftClientReply:client-964B0EA39D34->4234af2c-5377-4886-a4e8-6fe45d0af45e@group-A1165329A1F1, cid=2592, SUCCESS, logIndex=3847, commits[4234af2c-5377-4886-a4e8-6fe45d0af45e:c3849, cef72988-acf5-49ad-9ec7-695a80e7a66d:c3845, d677508c-6db9-4741-b51c-49af5e4cf22f:c3845]
2019-09-08 07:08:00,235 [grpc-default-executor-0] INFO  client.GrpcClientProtocolClient (GrpcClientProtocolClient.java:onNext(264)) - client-964B0EA39D34->4234af2c-5377-4886-a4e8-6fe45d0af45e: receive RaftClientReply:client-964B0EA39D34->4234af2c-5377-4886-a4e8-6fe45d0af45e@group-A1165329A1F1, cid=2593, SUCCESS, logIndex=3848, commits[4234af2c-5377-4886-a4e8-6fe45d0af45e:c3849, cef72988-acf5-49ad-9ec7-695a80e7a66d:c3845, d677508c-6db9-4741-b51c-49af5e4cf22f:c3845]
2019-09-08 07:08:00,236 [grpc-default-executor-0] INFO  client.GrpcClientProtocolClient (GrpcClientProtocolClient.java:onNext(264)) - client-964B0EA39D34->4234af2c-5377-4886-a4e8-6fe45d0af45e: receive RaftClientReply:client-964B0EA39D34->4234af2c-5377-4886-a4e8-6fe45d0af45e@group-A1165329A1F1, cid=2594, SUCCESS, logIndex=3849, commits[4234af2c-5377-4886-a4e8-6fe45d0af45e:c3849, cef72988-acf5-49ad-9ec7-695a80e7a66d:c3845, d677508c-6db9-4741-b51c-49af5e4cf22f:c3845]
2019-09-08 07:08:00,249 [grpc-default-executor-4] INFO  client.GrpcClientProtocolClient (GrpcClientProtocolClient.java:onNext(264)) - client-964B0EA39D34->4234af2c-5377-4886-a4e8-6fe45d0af45e: receive RaftClientReply:client-964B0EA39D34->4234af2c-5377-4886-a4e8-6fe45d0af45e@group-A1165329A1F1, cid=2595, SUCCESS, logIndex=0, commits[4234af2c-5377-4886-a4e8-6fe45d0af45e:c3850, cef72988-acf5-49ad-9ec7-695a80e7a66d:c3847, d677508c-6db9-4741-b51c-49af5e4cf22f:c3847]
2019-09-08 07:08:00,265 [grpc-default-executor-5] INFO  client.GrpcClientProtocolClient (GrpcClientProtocolClient.java:onNext(264)) - client-964B0EA39D34->4234af2c-5377-4886-a4e8-6fe45d0af45e: receive RaftClientReply:client-964B0EA39D34->4234af2c-5377-4886-a4e8-6fe45d0af45e@group-A1165329A1F1, cid=2596, SUCCESS, logIndex=3854, commits[4234af2c-5377-4886-a4e8-6fe45d0af45e:c3855, cef72988-acf5-49ad-9ec7-695a80e7a66d:c3853, d677508c-6db9-4741-b51c-49af5e4cf22f:c3853]
2019-09-08 07:08:00,266 [grpc-default-executor-5] INFO  client.GrpcClientProtocolClient (GrpcClientProtocolClient.java:onNext(264)) - client-964B0EA39D34->4234af2c-5377-4886-a4e8-6fe45d0af45e: receive RaftClientReply:client-964B0EA39D34->4234af2c-5377-4886-a4e8-6fe45d0af45e@group-A1165329A1F1, cid=2597, SUCCESS, logIndex=3855, commits[4234af2c-5377-4886-a4e8-6fe45d0af45e:c3855, cef72988-acf5-49ad-9ec7-695a80e7a66d:c3853, d677508c-6db9-4741-b51c-49af5e4cf22f:c3853]
2019-09-08 07:08:00,290 [grpc-default-executor-4] INFO  client.GrpcClientProtocolClient (GrpcClientProtocolClient.java:onNext(264)) - client-964B0EA39D34->4234af2c-5377-4886-a4e8-6fe45d0af45e: receive RaftClientReply:client-964B0EA39D34->4234af2c-5377-4886-a4e8-6fe45d0af45e@group-A1165329A1F1, cid=2598, SUCCESS, logIndex=3858, commits[4234af2c-5377-4886-a4e8-6fe45d0af45e:c3859, cef72988-acf5-49ad-9ec7-695a80e7a66d:c3855, d677508c-6db9-4741-b51c-49af5e4cf22f:c3855]
2019-09-08 07:08:00,290 [grpc-default-executor-4] INFO  client.GrpcClientProtocolClient (GrpcClientProtocolClient.java:onNext(264)) - client-964B0EA39D34->4234af2c-5377-4886-a4e8-6fe45d0af45e: receive RaftClientReply:client-964B0EA39D34->4234af2c-5377-4886-a4e8-6fe45d0af45e@group-A1165329A1F1, cid=2599, SUCCESS, logIndex=3859, commits[4234af2c-5377-4886-a4e8-6fe45d0af45e:c3859, cef72988-acf5-49ad-9ec7-695a80e7a66d:c3855, d677508c-6db9-4741-b51c-49af5e4cf22f:c3855]
2019-09-08 07:08:00,316 [grpc-default-executor-5] INFO  client.GrpcClientProtocolClient (GrpcClientProtocolClient.java:onNext(264)) - client-964B0EA39D34->4234af2c-5377-4886-a4e8-6fe45d0af45e: receive RaftClientReply:client-964B0EA39D34->4234af2c-5377-4886-a4e8-6fe45d0af45e@group-A1165329A1F1, cid=2600, SUCCESS, logIndex=0, commits[4234af2c-5377-4886-a4e8-6fe45d0af45e:c3861, cef72988-acf5-49ad-9ec7-695a80e7a66d:c3859, d677508c-6db9-4741-b51c-49af5e4cf22f:c3859]
2019-09-08 07:08:00,346 [grpc-default-executor-5] INFO  client.GrpcClientProtocolClient (GrpcClientProtocolClient.java:onNext(264)) - client-964B0EA39D34->4234af2c-5377-4886-a4e8-6fe45d0af45e: receive RaftClientReply:client-964B0EA39D34->4234af2c-5377-4886-a4e8-6fe45d0af45e@group-A1165329A1F1, cid=2601, SUCCESS, logIndex=3862, commits[4234af2c-5377-4886-a4e8-6fe45d0af45e:c3863, cef72988-acf5-49ad-9ec7-695a80e7a66d:c3861, d677508c-6db9-4741-b51c-49af5e4cf22f:c3861]
2019-09-08 07:08:00,346 [grpc-default-executor-4] INFO  client.GrpcClientProtocolClient (GrpcClientProtocolClient.java:onNext(264)) - client-964B0EA39D34->4234af2c-5377-4886-a4e8-6fe45d0af45e: receive RaftClientReply:client-964B0EA39D34->4234af2c-5377-4886-a4e8-6fe45d0af45e@group-A1165329A1F1, cid=2602, SUCCESS, logIndex=3863, commits[4234af2c-5377-4886-a4e8-6fe45d0af45e:c3864, cef72988-acf5-49ad-9ec7-695a80e7a66d:c3861, d677508c-6db9-4741-b51c-49af5e4cf22f:c3861]
2019-09-08 07:08:00,346 [grpc-default-executor-4] INFO  client.GrpcClientProtocolClient (GrpcClientProtocolClient.java:onNext(264)) - client-964B0EA39D34->4234af2c-5377-4886-a4e8-6fe45d0af45e: receive RaftClientReply:client-964B0EA39D34->4234af2c-5377-4886-a4e8-6fe45d0af45e@group-A1165329A1F1, cid=2603, SUCCESS, logIndex=3864, commits[4234af2c-5377-4886-a4e8-6fe45d0af45e:c3864, cef72988-acf5-49ad-9ec7-695a80e7a66d:c3861, d677508c-6db9-4741-b51c-49af5e4cf22f:c3861]
2019-09-08 07:08:00,346 [grpc-default-executor-4] INFO  client.GrpcClientProtocolClient (GrpcClientProtocolClient.java:onNext(264)) - client-964B0EA39D34->4234af2c-5377-4886-a4e8-6fe45d0af45e: receive RaftClientReply:client-964B0EA39D34->4234af2c-5377-4886-a4e8-6fe45d0af45e@group-A1165329A1F1, cid=2604, SUCCESS, logIndex=3865, commits[4234af2c-5377-4886-a4e8-6fe45d0af45e:c3865, cef72988-acf5-49ad-9ec7-695a80e7a66d:c3861, d677508c-6db9-4741-b51c-49af5e4cf22f:c3861]
2019-09-08 07:08:00,347 [grpc-default-executor-4] INFO  client.GrpcClientProtocolClient (GrpcClientProtocolClient.java:onNext(264)) - client-964B0EA39D34->4234af2c-5377-4886-a4e8-6fe45d0af45e: receive RaftClientReply:client-964B0EA39D34->4234af2c-5377-4886-a4e8-6fe45d0af45e@group-A1165329A1F1, cid=2605, SUCCESS, logIndex=0, commits[4234af2c-5377-4886-a4e8-6fe45d0af45e:c3867, cef72988-acf5-49ad-9ec7-695a80e7a66d:c3863, d677508c-6db9-4741-b51c-49af5e4cf22f:c3863]
2019-09-08 07:08:00,357 [grpc-default-executor-0] INFO  client.GrpcClientProtocolClient (GrpcClientProtocolClient.java:onNext(264)) - client-964B0EA39D34->4234af2c-5377-4886-a4e8-6fe45d0af45e: receive RaftClientReply:client-964B0EA39D34->4234af2c-5377-4886-a4e8-6fe45d0af45e@group-A1165329A1F1, cid=2606, SUCCESS, logIndex=3870, commits[4234af2c-5377-4886-a4e8-6fe45d0af45e:c3871, cef72988-acf5-49ad-9ec7-695a80e7a66d:c3869, d677508c-6db9-4741-b51c-49af5e4cf22f:c3869]
2019-09-08 07:08:00,357 [grpc-default-executor-0] INFO  client.GrpcClientProtocolClient (GrpcClientProtocolClient.java:onNext(264)) - client-964B0EA39D34->4234af2c-5377-4886-a4e8-6fe45d0af45e: receive RaftClientReply:client-964B0EA39D34->4234af2c-5377-4886-a4e8-6fe45d0af45e@group-A1165329A1F1, cid=2607, SUCCESS, logIndex=3871, commits[4234af2c-5377-4886-a4e8-6fe45d0af45e:c3871, cef72988-acf5-49ad-9ec7-695a80e7a66d:c3869, d677508c-6db9-4741-b51c-49af5e4cf22f:c3869]
2019-09-08 07:08:00,374 [grpc-default-executor-5] INFO  client.GrpcClientProtocolClient (GrpcClientProtocolClient.java:onNext(264)) - client-964B0EA39D34->4234af2c-5377-4886-a4e8-6fe45d0af45e: receive RaftClientReply:client-964B0EA39D34->4234af2c-5377-4886-a4e8-6fe45d0af45e@group-A1165329A1F1, cid=2608, SUCCESS, logIndex=3874, commits[4234af2c-5377-4886-a4e8-6fe45d0af45e:c3875, cef72988-acf5-49ad-9ec7-695a80e7a66d:c3873, d677508c-6db9-4741-b51c-49af5e4cf22f:c3873]
2019-09-08 07:08:00,374 [grpc-default-executor-5] INFO  client.GrpcClientProtocolClient (GrpcClientProtocolClient.java:onNext(264)) - client-964B0EA39D34->4234af2c-5377-4886-a4e8-6fe45d0af45e: receive RaftClientReply:client-964B0EA39D34->4234af2c-5377-4886-a4e8-6fe45d0af45e@group-A1165329A1F1, cid=2609, SUCCESS, logIndex=3875, commits[4234af2c-5377-4886-a4e8-6fe45d0af45e:c3875, cef72988-acf5-49ad-9ec7-695a80e7a66d:c3873, d677508c-6db9-4741-b51c-49af5e4cf22f:c3873]
2019-09-08 07:08:00,388 [grpc-default-executor-5] INFO  client.GrpcClientProtocolClient (GrpcClientProtocolClient.java:onNext(264)) - client-964B0EA39D34->4234af2c-5377-4886-a4e8-6fe45d0af45e: receive RaftClientReply:client-964B0EA39D34->4234af2c-5377-4886-a4e8-6fe45d0af45e@group-A1165329A1F1, cid=2610, SUCCESS, logIndex=0, commits[4234af2c-5377-4886-a4e8-6fe45d0af45e:c3877, cef72988-acf5-49ad-9ec7-695a80e7a66d:c3875, d677508c-6db9-4741-b51c-49af5e4cf22f:c3875]
2019-09-08 07:08:00,408 [grpc-default-executor-0] INFO  client.GrpcClientProtocolClient (GrpcClientProtocolClient.java:onNext(264)) - client-964B0EA39D34->4234af2c-5377-4886-a4e8-6fe45d0af45e: receive RaftClientReply:client-964B0EA39D34->4234af2c-5377-4886-a4e8-6fe45d0af45e@group-A1165329A1F1, cid=2611, SUCCESS, logIndex=3878, commits[4234af2c-5377-4886-a4e8-6fe45d0af45e:c3879, cef72988-acf5-49ad-9ec7-695a80e7a66d:c3877, d677508c-6db9-4741-b51c-49af5e4cf22f:c3877]
2019-09-08 07:08:00,408 [grpc-default-executor-0] INFO  client.GrpcClientProtocolClient (GrpcClientProtocolClient.java:onNext(264)) - client-964B0EA39D34->4234af2c-5377-4886-a4e8-6fe45d0af45e: receive RaftClientReply:client-964B0EA39D34->4234af2c-5377-4886-a4e8-6fe45d0af45e@group-A1165329A1F1, cid=2612, SUCCESS, logIndex=3879, commits[4234af2c-5377-4886-a4e8-6fe45d0af45e:c3881, cef72988-acf5-49ad-9ec7-695a80e7a66d:c3877, d677508c-6db9-4741-b51c-49af5e4cf22f:c3877]
2019-09-08 07:08:00,408 [grpc-default-executor-0] INFO  client.GrpcClientProtocolClient (GrpcClientProtocolClient.java:onNext(264)) - client-964B0EA39D34->4234af2c-5377-4886-a4e8-6fe45d0af45e: receive RaftClientReply:client-964B0EA39D34->4234af2c-5377-4886-a4e8-6fe45d0af45e@group-A1165329A1F1, cid=2613, SUCCESS, logIndex=3880, commits[4234af2c-5377-4886-a4e8-6fe45d0af45e:c3881, cef72988-acf5-49ad-9ec7-695a80e7a66d:c3877, d677508c-6db9-4741-b51c-49af5e4cf22f:c3877]
2019-09-08 07:08:00,408 [grpc-default-executor-0] INFO  client.GrpcClientProtocolClient (GrpcClientProtocolClient.java:onNext(264)) - client-964B0EA39D34->4234af2c-5377-4886-a4e8-6fe45d0af45e: receive RaftClientReply:client-964B0EA39D34->4234af2c-5377-4886-a4e8-6fe45d0af45e@group-A1165329A1F1, cid=2614, SUCCESS, logIndex=3881, commits[4234af2c-5377-4886-a4e8-6fe45d0af45e:c3881, cef72988-acf5-49ad-9ec7-695a80e7a66d:c3877, d677508c-6db9-4741-b51c-49af5e4cf22f:c3877]
2019-09-08 07:08:00,422 [grpc-default-executor-0] INFO  client.GrpcClientProtocolClient (GrpcClientProtocolClient.java:onNext(264)) - client-964B0EA39D34->4234af2c-5377-4886-a4e8-6fe45d0af45e: receive RaftClientReply:client-964B0EA39D34->4234af2c-5377-4886-a4e8-6fe45d0af45e@group-A1165329A1F1, cid=2615, SUCCESS, logIndex=0, commits[4234af2c-5377-4886-a4e8-6fe45d0af45e:c3882, cef72988-acf5-49ad-9ec7-695a80e7a66d:c3879, d677508c-6db9-4741-b51c-49af5e4cf22f:c3879]
2019-09-08 07:08:00,437 [grpc-default-executor-3] INFO  client.GrpcClientProtocolClient (GrpcClientProtocolClient.java:onNext(264)) - client-964B0EA39D34->4234af2c-5377-4886-a4e8-6fe45d0af45e: receive RaftClientReply:client-964B0EA39D34->4234af2c-5377-4886-a4e8-6fe45d0af45e@group-A1165329A1F1, cid=2616, SUCCESS, logIndex=3886, commits[4234af2c-5377-4886-a4e8-6fe45d0af45e:c3887, cef72988-acf5-49ad-9ec7-695a80e7a66d:c3885, d677508c-6db9-4741-b51c-49af5e4cf22f:c3885]
2019-09-08 07:08:00,437 [grpc-default-executor-3] INFO  client.GrpcClientProtocolClient (GrpcClientProtocolClient.java:onNext(264)) - client-964B0EA39D34->4234af2c-5377-4886-a4e8-6fe45d0af45e: receive RaftClientReply:client-964B0EA39D34->4234af2c-5377-4886-a4e8-6fe45d0af45e@group-A1165329A1F1, cid=2617, SUCCESS, logIndex=3887, commits[4234af2c-5377-4886-a4e8-6fe45d0af45e:c3887, cef72988-acf5-49ad-9ec7-695a80e7a66d:c3885, d677508c-6db9-4741-b51c-49af5e4cf22f:c3885]
2019-09-08 07:08:00,455 [grpc-default-executor-3] INFO  client.GrpcClientProtocolClient (GrpcClientProtocolClient.java:onNext(264)) - client-964B0EA39D34->4234af2c-5377-4886-a4e8-6fe45d0af45e: receive RaftClientReply:client-964B0EA39D34->4234af2c-5377-4886-a4e8-6fe45d0af45e@group-A1165329A1F1, cid=2618, SUCCESS, logIndex=3890, commits[4234af2c-5377-4886-a4e8-6fe45d0af45e:c3891, cef72988-acf5-49ad-9ec7-695a80e7a66d:c3889, d677508c-6db9-4741-b51c-49af5e4cf22f:c3889]
2019-09-08 07:08:00,455 [grpc-default-executor-3] INFO  client.GrpcClientProtocolClient (GrpcClientProtocolClient.java:onNext(264)) - client-964B0EA39D34->4234af2c-5377-4886-a4e8-6fe45d0af45e: receive RaftClientReply:client-964B0EA39D34->4234af2c-5377-4886-a4e8-6fe45d0af45e@group-A1165329A1F1, cid=2619, SUCCESS, logIndex=3891, commits[4234af2c-5377-4886-a4e8-6fe45d0af45e:c3891, cef72988-acf5-49ad-9ec7-695a80e7a66d:c3889, d677508c-6db9-4741-b51c-49af5e4cf22f:c3889]
2019-09-08 07:08:00,481 [grpc-default-executor-3] INFO  client.GrpcClientProtocolClient (GrpcClientProtocolClient.java:onNext(264)) - client-964B0EA39D34->4234af2c-5377-4886-a4e8-6fe45d0af45e: receive RaftClientReply:client-964B0EA39D34->4234af2c-5377-4886-a4e8-6fe45d0af45e@group-A1165329A1F1, cid=2620, SUCCESS, logIndex=0, commits[4234af2c-5377-4886-a4e8-6fe45d0af45e:c3893, cef72988-acf5-49ad-9ec7-695a80e7a66d:c3891, d677508c-6db9-4741-b51c-49af5e4cf22f:c3891]
2019-09-08 07:08:00,525 [grpc-default-executor-3] INFO  client.GrpcClientProtocolClient (GrpcClientProtocolClient.java:onNext(264)) - client-964B0EA39D34->4234af2c-5377-4886-a4e8-6fe45d0af45e: receive RaftClientReply:client-964B0EA39D34->4234af2c-5377-4886-a4e8-6fe45d0af45e@group-A1165329A1F1, cid=2621, SUCCESS, logIndex=3894, commits[4234af2c-5377-4886-a4e8-6fe45d0af45e:c3895, cef72988-acf5-49ad-9ec7-695a80e7a66d:c3893, d677508c-6db9-4741-b51c-49af5e4cf22f:c3893]
2019-09-08 07:08:00,526 [grpc-default-executor-3] INFO  client.GrpcClientProtocolClient (GrpcClientProtocolClient.java:onNext(264)) - client-964B0EA39D34->4234af2c-5377-4886-a4e8-6fe45d0af45e: receive RaftClientReply:client-964B0EA39D34->4234af2c-5377-4886-a4e8-6fe45d0af45e@group-A1165329A1F1, cid=2622, SUCCESS, logIndex=3895, commits[4234af2c-5377-4886-a4e8-6fe45d0af45e:c3897, cef72988-acf5-49ad-9ec7-695a80e7a66d:c3893, d677508c-6db9-4741-b51c-49af5e4cf22f:c3893]
2019-09-08 07:08:00,526 [grpc-default-executor-3] INFO  client.GrpcClientProtocolClient (GrpcClientProtocolClient.java:onNext(264)) - client-964B0EA39D34->4234af2c-5377-4886-a4e8-6fe45d0af45e: receive RaftClientReply:client-964B0EA39D34->4234af2c-5377-4886-a4e8-6fe45d0af45e@group-A1165329A1F1, cid=2623, SUCCESS, logIndex=3896, commits[4234af2c-5377-4886-a4e8-6fe45d0af45e:c3897, cef72988-acf5-49ad-9ec7-695a80e7a66d:c3893, d677508c-6db9-4741-b51c-49af5e4cf22f:c3893]
2019-09-08 07:08:00,526 [grpc-default-executor-3] INFO  client.GrpcClientProtocolClient (GrpcClientProtocolClient.java:onNext(264)) - client-964B0EA39D34->4234af2c-5377-4886-a4e8-6fe45d0af45e: receive RaftClientReply:client-964B0EA39D34->4234af2c-5377-4886-a4e8-6fe45d0af45e@group-A1165329A1F1, cid=2624, SUCCESS, logIndex=3897, commits[4234af2c-5377-4886-a4e8-6fe45d0af45e:c3897, cef72988-acf5-49ad-9ec7-695a80e7a66d:c3893, d677508c-6db9-4741-b51c-49af5e4cf22f:c3893]
2019-09-08 07:08:00,551 [grpc-default-executor-3] INFO  client.GrpcClientProtocolClient (GrpcClientProtocolClient.java:onNext(264)) - client-964B0EA39D34->4234af2c-5377-4886-a4e8-6fe45d0af45e: receive RaftClientReply:client-964B0EA39D34->4234af2c-5377-4886-a4e8-6fe45d0af45e@group-A1165329A1F1, cid=2625, SUCCESS, logIndex=0, commits[4234af2c-5377-4886-a4e8-6fe45d0af45e:c3899, cef72988-acf5-49ad-9ec7-695a80e7a66d:c3895, d677508c-6db9-4741-b51c-49af5e4cf22f:c3895]
2019-09-08 07:08:00,570 [grpc-default-executor-4] INFO  client.GrpcClientProtocolClient (GrpcClientProtocolClient.java:onNext(264)) - client-964B0EA39D34->4234af2c-5377-4886-a4e8-6fe45d0af45e: receive RaftClientReply:client-964B0EA39D34->4234af2c-5377-4886-a4e8-6fe45d0af45e@group-A1165329A1F1, cid=2626, SUCCESS, logIndex=3902, commits[4234af2c-5377-4886-a4e8-6fe45d0af45e:c3903, cef72988-acf5-49ad-9ec7-695a80e7a66d:c3901, d677508c-6db9-4741-b51c-49af5e4cf22f:c3901]
2019-09-08 07:08:00,570 [grpc-default-executor-4] INFO  client.GrpcClientProtocolClient (GrpcClientProtocolClient.java:onNext(264)) - client-964B0EA39D34->4234af2c-5377-4886-a4e8-6fe45d0af45e: receive RaftClientReply:client-964B0EA39D34->4234af2c-5377-4886-a4e8-6fe45d0af45e@group-A1165329A1F1, cid=2627, SUCCESS, logIndex=3903, commits[4234af2c-5377-4886-a4e8-6fe45d0af45e:c3903, cef72988-acf5-49ad-9ec7-695a80e7a66d:c3901, d677508c-6db9-4741-b51c-49af5e4cf22f:c3901]
2019-09-08 07:08:00,597 [grpc-default-executor-0] INFO  client.GrpcClientProtocolClient (GrpcClientProtocolClient.java:onNext(264)) - client-964B0EA39D34->4234af2c-5377-4886-a4e8-6fe45d0af45e: receive RaftClientReply:client-964B0EA39D34->4234af2c-5377-4886-a4e8-6fe45d0af45e@group-A1165329A1F1, cid=2628, SUCCESS, logIndex=3906, commits[4234af2c-5377-4886-a4e8-6fe45d0af45e:c3907, cef72988-acf5-49ad-9ec7-695a80e7a66d:c3903, d677508c-6db9-4741-b51c-49af5e4cf22f:c3903]
2019-09-08 07:08:00,597 [grpc-default-executor-0] INFO  client.GrpcClientProtocolClient (GrpcClientProtocolClient.java:onNext(264)) - client-964B0EA39D34->4234af2c-5377-4886-a4e8-6fe45d0af45e: receive RaftClientReply:client-964B0EA39D34->4234af2c-5377-4886-a4e8-6fe45d0af45e@group-A1165329A1F1, cid=2629, SUCCESS, logIndex=3907, commits[4234af2c-5377-4886-a4e8-6fe45d0af45e:c3907, cef72988-acf5-49ad-9ec7-695a80e7a66d:c3903, d677508c-6db9-4741-b51c-49af5e4cf22f:c3903]
2019-09-08 07:08:00,618 [grpc-default-executor-0] INFO  client.GrpcClientProtocolClient (GrpcClientProtocolClient.java:onNext(264)) - client-964B0EA39D34->4234af2c-5377-4886-a4e8-6fe45d0af45e: receive RaftClientReply:client-964B0EA39D34->4234af2c-5377-4886-a4e8-6fe45d0af45e@group-A1165329A1F1, cid=2630, SUCCESS, logIndex=0, commits[4234af2c-5377-4886-a4e8-6fe45d0af45e:c3909, cef72988-acf5-49ad-9ec7-695a80e7a66d:c3907, d677508c-6db9-4741-b51c-49af5e4cf22f:c3907]
2019-09-08 07:08:00,654 [grpc-default-executor-0] INFO  client.GrpcClientProtocolClient (GrpcClientProtocolClient.java:onNext(264)) - client-964B0EA39D34->4234af2c-5377-4886-a4e8-6fe45d0af45e: receive RaftClientReply:client-964B0EA39D34->4234af2c-5377-4886-a4e8-6fe45d0af45e@group-A1165329A1F1, cid=2631, SUCCESS, logIndex=3910, commits[4234af2c-5377-4886-a4e8-6fe45d0af45e:c3910, cef72988-acf5-49ad-9ec7-695a80e7a66d:c3909, d677508c-6db9-4741-b51c-49af5e4cf22f:c3909]
2019-09-08 07:08:00,655 [grpc-default-executor-0] INFO  client.GrpcClientProtocolClient (GrpcClientProtocolClient.java:onNext(264)) - client-964B0EA39D34->4234af2c-5377-4886-a4e8-6fe45d0af45e: receive RaftClientReply:client-964B0EA39D34->4234af2c-5377-4886-a4e8-6fe45d0af45e@group-A1165329A1F1, cid=2632, SUCCESS, logIndex=3911, commits[4234af2c-5377-4886-a4e8-6fe45d0af45e:c3913, cef72988-acf5-49ad-9ec7-695a80e7a66d:c3909, d677508c-6db9-4741-b51c-49af5e4cf22f:c3909]
2019-09-08 07:08:00,655 [grpc-default-executor-0] INFO  client.GrpcClientProtocolClient (GrpcClientProtocolClient.java:onNext(264)) - client-964B0EA39D34->4234af2c-5377-4886-a4e8-6fe45d0af45e: receive RaftClientReply:client-964B0EA39D34->4234af2c-5377-4886-a4e8-6fe45d0af45e@group-A1165329A1F1, cid=2633, SUCCESS, logIndex=3912, commits[4234af2c-5377-4886-a4e8-6fe45d0af45e:c3913, cef72988-acf5-49ad-9ec7-695a80e7a66d:c3909, d677508c-6db9-4741-b51c-49af5e4cf22f:c3909]
2019-09-08 07:08:00,655 [grpc-default-executor-0] INFO  client.GrpcClientProtocolClient (GrpcClientProtocolClient.java:onNext(264)) - client-964B0EA39D34->4234af2c-5377-4886-a4e8-6fe45d0af45e: receive RaftClientReply:client-964B0EA39D34->4234af2c-5377-4886-a4e8-6fe45d0af45e@group-A1165329A1F1, cid=2634, SUCCESS, logIndex=3913, commits[4234af2c-5377-4886-a4e8-6fe45d0af45e:c3913, cef72988-acf5-49ad-9ec7-695a80e7a66d:c3909, d677508c-6db9-4741-b51c-49af5e4cf22f:c3909]
2019-09-08 07:08:00,666 [grpc-default-executor-5] INFO  client.GrpcClientProtocolClient (GrpcClientProtocolClient.java:onNext(264)) - client-964B0EA39D34->4234af2c-5377-4886-a4e8-6fe45d0af45e: receive RaftClientReply:client-964B0EA39D34->4234af2c-5377-4886-a4e8-6fe45d0af45e@group-A1165329A1F1, cid=2635, SUCCESS, logIndex=0, commits[4234af2c-5377-4886-a4e8-6fe45d0af45e:c3915, cef72988-acf5-49ad-9ec7-695a80e7a66d:c3912, d677508c-6db9-4741-b51c-49af5e4cf22f:c3912]
2019-09-08 07:08:00,700 [grpc-default-executor-0] INFO  client.GrpcClientProtocolClient (GrpcClientProtocolClient.java:onNext(264)) - client-964B0EA39D34->4234af2c-5377-4886-a4e8-6fe45d0af45e: receive RaftClientReply:client-964B0EA39D34->4234af2c-5377-4886-a4e8-6fe45d0af45e@group-A1165329A1F1, cid=2636, SUCCESS, logIndex=3917, commits[4234af2c-5377-4886-a4e8-6fe45d0af45e:c3918, cef72988-acf5-49ad-9ec7-695a80e7a66d:c3916, d677508c-6db9-4741-b51c-49af5e4cf22f:c3916]
2019-09-08 07:08:00,700 [grpc-default-executor-0] INFO  client.GrpcClientProtocolClient (GrpcClientProtocolClient.java:onNext(264)) - client-964B0EA39D34->4234af2c-5377-4886-a4e8-6fe45d0af45e: receive RaftClientReply:client-964B0EA39D34->4234af2c-5377-4886-a4e8-6fe45d0af45e@group-A1165329A1F1, cid=2637, SUCCESS, logIndex=3918, commits[4234af2c-5377-4886-a4e8-6fe45d0af45e:c3918, cef72988-acf5-49ad-9ec7-695a80e7a66d:c3916, d677508c-6db9-4741-b51c-49af5e4cf22f:c3916]
2019-09-08 07:08:00,713 [grpc-default-executor-5] INFO  client.GrpcClientProtocolClient (GrpcClientProtocolClient.java:onNext(264)) - client-964B0EA39D34->4234af2c-5377-4886-a4e8-6fe45d0af45e: receive RaftClientReply:client-964B0EA39D34->4234af2c-5377-4886-a4e8-6fe45d0af45e@group-A1165329A1F1, cid=2638, SUCCESS, logIndex=3921, commits[4234af2c-5377-4886-a4e8-6fe45d0af45e:c3922, cef72988-acf5-49ad-9ec7-695a80e7a66d:c3918, d677508c-6db9-4741-b51c-49af5e4cf22f:c3918]
2019-09-08 07:08:00,714 [grpc-default-executor-5] INFO  client.GrpcClientProtocolClient (GrpcClientProtocolClient.java:onNext(264)) - client-964B0EA39D34->4234af2c-5377-4886-a4e8-6fe45d0af45e: receive RaftClientReply:client-964B0EA39D34->4234af2c-5377-4886-a4e8-6fe45d0af45e@group-A1165329A1F1, cid=2639, SUCCESS, logIndex=3922, commits[4234af2c-5377-4886-a4e8-6fe45d0af45e:c3922, cef72988-acf5-49ad-9ec7-695a80e7a66d:c3918, d677508c-6db9-4741-b51c-49af5e4cf22f:c3918]
2019-09-08 07:08:00,740 [grpc-default-executor-5] INFO  client.GrpcClientProtocolClient (GrpcClientProtocolClient.java:onNext(264)) - client-964B0EA39D34->4234af2c-5377-4886-a4e8-6fe45d0af45e: receive RaftClientReply:client-964B0EA39D34->4234af2c-5377-4886-a4e8-6fe45d0af45e@group-A1165329A1F1, cid=2640, SUCCESS, logIndex=0, commits[4234af2c-5377-4886-a4e8-6fe45d0af45e:c3924, cef72988-acf5-49ad-9ec7-695a80e7a66d:c3922, d677508c-6db9-4741-b51c-49af5e4cf22f:c3922]
2019-09-08 07:08:00,886 [grpc-default-executor-5] INFO  client.GrpcClientProtocolClient (GrpcClientProtocolClient.java:onNext(264)) - client-964B0EA39D34->4234af2c-5377-4886-a4e8-6fe45d0af45e: receive RaftClientReply:client-964B0EA39D34->4234af2c-5377-4886-a4e8-6fe45d0af45e@group-A1165329A1F1, cid=2641, SUCCESS, logIndex=3925, commits[4234af2c-5377-4886-a4e8-6fe45d0af45e:c3925, cef72988-acf5-49ad-9ec7-695a80e7a66d:c3924, d677508c-6db9-4741-b51c-49af5e4cf22f:c3924]
2019-09-08 07:08:00,887 [grpc-default-executor-4] INFO  client.GrpcClientProtocolClient (GrpcClientProtocolClient.java:onNext(264)) - client-964B0EA39D34->4234af2c-5377-4886-a4e8-6fe45d0af45e: receive RaftClientReply:client-964B0EA39D34->4234af2c-5377-4886-a4e8-6fe45d0af45e@group-A1165329A1F1, cid=2642, SUCCESS, logIndex=3926, commits[4234af2c-5377-4886-a4e8-6fe45d0af45e:c3926, cef72988-acf5-49ad-9ec7-695a80e7a66d:c3924, d677508c-6db9-4741-b51c-49af5e4cf22f:c3924]
2019-09-08 07:08:00,887 [grpc-default-executor-4] INFO  client.GrpcClientProtocolClient (GrpcClientProtocolClient.java:onNext(264)) - client-964B0EA39D34->4234af2c-5377-4886-a4e8-6fe45d0af45e: receive RaftClientReply:client-964B0EA39D34->4234af2c-5377-4886-a4e8-6fe45d0af45e@group-A1165329A1F1, cid=2643, SUCCESS, logIndex=3927, commits[4234af2c-5377-4886-a4e8-6fe45d0af45e:c3928, cef72988-acf5-49ad-9ec7-695a80e7a66d:c3924, d677508c-6db9-4741-b51c-49af5e4cf22f:c3924]
2019-09-08 07:08:00,887 [grpc-default-executor-4] INFO  client.GrpcClientProtocolClient (GrpcClientProtocolClient.java:onNext(264)) - client-964B0EA39D34->4234af2c-5377-4886-a4e8-6fe45d0af45e: receive RaftClientReply:client-964B0EA39D34->4234af2c-5377-4886-a4e8-6fe45d0af45e@group-A1165329A1F1, cid=2644, SUCCESS, logIndex=3928, commits[4234af2c-5377-4886-a4e8-6fe45d0af45e:c3928, cef72988-acf5-49ad-9ec7-695a80e7a66d:c3924, d677508c-6db9-4741-b51c-49af5e4cf22f:c3924]
2019-09-08 07:08:00,913 [grpc-default-executor-4] INFO  client.GrpcClientProtocolClient (GrpcClientProtocolClient.java:onNext(264)) - client-964B0EA39D34->4234af2c-5377-4886-a4e8-6fe45d0af45e: receive RaftClientReply:client-964B0EA39D34->4234af2c-5377-4886-a4e8-6fe45d0af45e@group-A1165329A1F1, cid=2645, SUCCESS, logIndex=0, commits[4234af2c-5377-4886-a4e8-6fe45d0af45e:c3932, cef72988-acf5-49ad-9ec7-695a80e7a66d:c3926, d677508c-6db9-4741-b51c-49af5e4cf22f:c3928]
2019-09-08 07:08:00,933 [grpc-default-executor-4] INFO  client.GrpcClientProtocolClient (GrpcClientProtocolClient.java:onNext(264)) - client-964B0EA39D34->4234af2c-5377-4886-a4e8-6fe45d0af45e: receive RaftClientReply:client-964B0EA39D34->4234af2c-5377-4886-a4e8-6fe45d0af45e@group-A1165329A1F1, cid=2646, SUCCESS, logIndex=3933, commits[4234af2c-5377-4886-a4e8-6fe45d0af45e:c3933, cef72988-acf5-49ad-9ec7-695a80e7a66d:c3932, d677508c-6db9-4741-b51c-49af5e4cf22f:c3928]
2019-09-08 07:08:00,935 [grpc-default-executor-4] INFO  client.GrpcClientProtocolClient (GrpcClientProtocolClient.java:onNext(264)) - client-964B0EA39D34->4234af2c-5377-4886-a4e8-6fe45d0af45e: receive RaftClientReply:client-964B0EA39D34->4234af2c-5377-4886-a4e8-6fe45d0af45e@group-A1165329A1F1, cid=2647, SUCCESS, logIndex=3934, commits[4234af2c-5377-4886-a4e8-6fe45d0af45e:c3934, cef72988-acf5-49ad-9ec7-695a80e7a66d:c3932, d677508c-6db9-4741-b51c-49af5e4cf22f:c3932]
2019-09-08 07:08:00,957 [grpc-default-executor-4] INFO  client.GrpcClientProtocolClient (GrpcClientProtocolClient.java:onNext(264)) - client-964B0EA39D34->4234af2c-5377-4886-a4e8-6fe45d0af45e: receive RaftClientReply:client-964B0EA39D34->4234af2c-5377-4886-a4e8-6fe45d0af45e@group-A1165329A1F1, cid=2648, SUCCESS, logIndex=3937, commits[4234af2c-5377-4886-a4e8-6fe45d0af45e:c3938, cef72988-acf5-49ad-9ec7-695a80e7a66d:c3936, d677508c-6db9-4741-b51c-49af5e4cf22f:c3936]
2019-09-08 07:08:00,957 [grpc-default-executor-4] INFO  client.GrpcClientProtocolClient (GrpcClientProtocolClient.java:onNext(264)) - client-964B0EA39D34->4234af2c-5377-4886-a4e8-6fe45d0af45e: receive RaftClientReply:client-964B0EA39D34->4234af2c-5377-4886-a4e8-6fe45d0af45e@group-A1165329A1F1, cid=2649, SUCCESS, logIndex=3938, commits[4234af2c-5377-4886-a4e8-6fe45d0af45e:c3938, cef72988-acf5-49ad-9ec7-695a80e7a66d:c3936, d677508c-6db9-4741-b51c-49af5e4cf22f:c3936]
2019-09-08 07:08:00,971 [grpc-default-executor-4] INFO  client.GrpcClientProtocolClient (GrpcClientProtocolClient.java:onNext(264)) - client-964B0EA39D34->4234af2c-5377-4886-a4e8-6fe45d0af45e: receive RaftClientReply:client-964B0EA39D34->4234af2c-5377-4886-a4e8-6fe45d0af45e@group-A1165329A1F1, cid=2650, SUCCESS, logIndex=0, commits[4234af2c-5377-4886-a4e8-6fe45d0af45e:c3940, cef72988-acf5-49ad-9ec7-695a80e7a66d:c3938, d677508c-6db9-4741-b51c-49af5e4cf22f:c3938]
2019-09-08 07:08:00,999 [grpc-default-executor-0] INFO  client.GrpcClientProtocolClient (GrpcClientProtocolClient.java:onNext(264)) - client-964B0EA39D34->4234af2c-5377-4886-a4e8-6fe45d0af45e: receive RaftClientReply:client-964B0EA39D34->4234af2c-5377-4886-a4e8-6fe45d0af45e@group-A1165329A1F1, cid=2651, SUCCESS, logIndex=3941, commits[4234af2c-5377-4886-a4e8-6fe45d0af45e:c3942, cef72988-acf5-49ad-9ec7-695a80e7a66d:c3940, d677508c-6db9-4741-b51c-49af5e4cf22f:c3940]
2019-09-08 07:08:00,999 [grpc-default-executor-0] INFO  client.GrpcClientProtocolClient (GrpcClientProtocolClient.java:onNext(264)) - client-964B0EA39D34->4234af2c-5377-4886-a4e8-6fe45d0af45e: receive RaftClientReply:client-964B0EA39D34->4234af2c-5377-4886-a4e8-6fe45d0af45e@group-A1165329A1F1, cid=2652, SUCCESS, logIndex=3942, commits[4234af2c-5377-4886-a4e8-6fe45d0af45e:c3942, cef72988-acf5-49ad-9ec7-695a80e7a66d:c3940, d677508c-6db9-4741-b51c-49af5e4cf22f:c3940]
2019-09-08 07:08:01,009 [grpc-default-executor-5] INFO  client.GrpcClientProtocolClient (GrpcClientProtocolClient.java:onNext(264)) - client-964B0EA39D34->4234af2c-5377-4886-a4e8-6fe45d0af45e: receive RaftClientReply:client-964B0EA39D34->4234af2c-5377-4886-a4e8-6fe45d0af45e@group-A1165329A1F1, cid=2653, SUCCESS, logIndex=3943, commits[4234af2c-5377-4886-a4e8-6fe45d0af45e:c3944, cef72988-acf5-49ad-9ec7-695a80e7a66d:c3940, d677508c-6db9-4741-b51c-49af5e4cf22f:c3940]
2019-09-08 07:08:01,010 [grpc-default-executor-5] INFO  client.GrpcClientProtocolClient (GrpcClientProtocolClient.java:onNext(264)) - client-964B0EA39D34->4234af2c-5377-4886-a4e8-6fe45d0af45e: receive RaftClientReply:client-964B0EA39D34->4234af2c-5377-4886-a4e8-6fe45d0af45e@group-A1165329A1F1, cid=2654, SUCCESS, logIndex=3944, commits[4234af2c-5377-4886-a4e8-6fe45d0af45e:c3944, cef72988-acf5-49ad-9ec7-695a80e7a66d:c3940, d677508c-6db9-4741-b51c-49af5e4cf22f:c3940]
2019-09-08 07:08:01,012 [grpc-default-executor-5] INFO  client.GrpcClientProtocolClient (GrpcClientProtocolClient.java:onNext(264)) - client-964B0EA39D34->4234af2c-5377-4886-a4e8-6fe45d0af45e: receive RaftClientReply:client-964B0EA39D34->4234af2c-5377-4886-a4e8-6fe45d0af45e@group-A1165329A1F1, cid=2655, SUCCESS, logIndex=0, commits[4234af2c-5377-4886-a4e8-6fe45d0af45e:c3946, cef72988-acf5-49ad-9ec7-695a80e7a66d:c3942, d677508c-6db9-4741-b51c-49af5e4cf22f:c3942]
2019-09-08 07:08:01,038 [grpc-default-executor-5] INFO  client.GrpcClientProtocolClient (GrpcClientProtocolClient.java:onNext(264)) - client-964B0EA39D34->4234af2c-5377-4886-a4e8-6fe45d0af45e: receive RaftClientReply:client-964B0EA39D34->4234af2c-5377-4886-a4e8-6fe45d0af45e@group-A1165329A1F1, cid=2656, SUCCESS, logIndex=3949, commits[4234af2c-5377-4886-a4e8-6fe45d0af45e:c3950, cef72988-acf5-49ad-9ec7-695a80e7a66d:c3946, d677508c-6db9-4741-b51c-49af5e4cf22f:c3946]
2019-09-08 07:08:01,038 [grpc-default-executor-5] INFO  client.GrpcClientProtocolClient (GrpcClientProtocolClient.java:onNext(264)) - client-964B0EA39D34->4234af2c-5377-4886-a4e8-6fe45d0af45e: receive RaftClientReply:client-964B0EA39D34->4234af2c-5377-4886-a4e8-6fe45d0af45e@group-A1165329A1F1, cid=2657, SUCCESS, logIndex=3950, commits[4234af2c-5377-4886-a4e8-6fe45d0af45e:c3950, cef72988-acf5-49ad-9ec7-695a80e7a66d:c3946, d677508c-6db9-4741-b51c-49af5e4cf22f:c3946]
2019-09-08 07:08:01,064 [grpc-default-executor-5] INFO  client.GrpcClientProtocolClient (GrpcClientProtocolClient.java:onNext(264)) - client-964B0EA39D34->4234af2c-5377-4886-a4e8-6fe45d0af45e: receive RaftClientReply:client-964B0EA39D34->4234af2c-5377-4886-a4e8-6fe45d0af45e@group-A1165329A1F1, cid=2658, SUCCESS, logIndex=3953, commits[4234af2c-5377-4886-a4e8-6fe45d0af45e:c3954, cef72988-acf5-49ad-9ec7-695a80e7a66d:c3950, d677508c-6db9-4741-b51c-49af5e4cf22f:c3950]
2019-09-08 07:08:01,064 [grpc-default-executor-5] INFO  client.GrpcClientProtocolClient (GrpcClientProtocolClient.java:onNext(264)) - client-964B0EA39D34->4234af2c-5377-4886-a4e8-6fe45d0af45e: receive RaftClientReply:client-964B0EA39D34->4234af2c-5377-4886-a4e8-6fe45d0af45e@group-A1165329A1F1, cid=2659, SUCCESS, logIndex=3954, commits[4234af2c-5377-4886-a4e8-6fe45d0af45e:c3954, cef72988-acf5-49ad-9ec7-695a80e7a66d:c3950, d677508c-6db9-4741-b51c-49af5e4cf22f:c3950]
2019-09-08 07:08:01,089 [grpc-default-executor-3] INFO  client.GrpcClientProtocolClient (GrpcClientProtocolClient.java:onNext(264)) - client-964B0EA39D34->4234af2c-5377-4886-a4e8-6fe45d0af45e: receive RaftClientReply:client-964B0EA39D34->4234af2c-5377-4886-a4e8-6fe45d0af45e@group-A1165329A1F1, cid=2660, SUCCESS, logIndex=0, commits[4234af2c-5377-4886-a4e8-6fe45d0af45e:c3955, cef72988-acf5-49ad-9ec7-695a80e7a66d:c3954, d677508c-6db9-4741-b51c-49af5e4cf22f:c3954]
 0.00% |█                                                                                                    |  0/1 Time: 0:00:412019-09-08 07:08:01,115 [grpc-default-executor-5] INFO  client.GrpcClientProtocolClient (GrpcClientProtocolClient.java:onNext(264)) - client-964B0EA39D34->4234af2c-5377-4886-a4e8-6fe45d0af45e: receive RaftClientReply:client-964B0EA39D34->4234af2c-5377-4886-a4e8-6fe45d0af45e@group-A1165329A1F1, cid=2661, SUCCESS, logIndex=3957, commits[4234af2c-5377-4886-a4e8-6fe45d0af45e:c3958, cef72988-acf5-49ad-9ec7-695a80e7a66d:c3956, d677508c-6db9-4741-b51c-49af5e4cf22f:c3956]
2019-09-08 07:08:01,116 [grpc-default-executor-5] INFO  client.GrpcClientProtocolClient (GrpcClientProtocolClient.java:onNext(264)) - client-964B0EA39D34->4234af2c-5377-4886-a4e8-6fe45d0af45e: receive RaftClientReply:client-964B0EA39D34->4234af2c-5377-4886-a4e8-6fe45d0af45e@group-A1165329A1F1, cid=2662, SUCCESS, logIndex=3958, commits[4234af2c-5377-4886-a4e8-6fe45d0af45e:c3960, cef72988-acf5-49ad-9ec7-695a80e7a66d:c3956, d677508c-6db9-4741-b51c-49af5e4cf22f:c3956]
2019-09-08 07:08:01,116 [grpc-default-executor-5] INFO  client.GrpcClientProtocolClient (GrpcClientProtocolClient.java:onNext(264)) - client-964B0EA39D34->4234af2c-5377-4886-a4e8-6fe45d0af45e: receive RaftClientReply:client-964B0EA39D34->4234af2c-5377-4886-a4e8-6fe45d0af45e@group-A1165329A1F1, cid=2663, SUCCESS, logIndex=3959, commits[4234af2c-5377-4886-a4e8-6fe45d0af45e:c3960, cef72988-acf5-49ad-9ec7-695a80e7a66d:c3956, d677508c-6db9-4741-b51c-49af5e4cf22f:c3956]
2019-09-08 07:08:01,116 [grpc-default-executor-5] INFO  client.GrpcClientProtocolClient (GrpcClientProtocolClient.java:onNext(264)) - client-964B0EA39D34->4234af2c-5377-4886-a4e8-6fe45d0af45e: receive RaftClientReply:client-964B0EA39D34->4234af2c-5377-4886-a4e8-6fe45d0af45e@group-A1165329A1F1, cid=2664, SUCCESS, logIndex=3960, commits[4234af2c-5377-4886-a4e8-6fe45d0af45e:c3962, cef72988-acf5-49ad-9ec7-695a80e7a66d:c3958, d677508c-6db9-4741-b51c-49af5e4cf22f:c3958]
2019-09-08 07:08:01,134 [grpc-default-executor-5] INFO  client.GrpcClientProtocolClient (GrpcClientProtocolClient.java:onNext(264)) - client-964B0EA39D34->4234af2c-5377-4886-a4e8-6fe45d0af45e: receive RaftClientReply:client-964B0EA39D34->4234af2c-5377-4886-a4e8-6fe45d0af45e@group-A1165329A1F1, cid=2665, SUCCESS, logIndex=3964, commits[4234af2c-5377-4886-a4e8-6fe45d0af45e:c3965, cef72988-acf5-49ad-9ec7-695a80e7a66d:c3963, d677508c-6db9-4741-b51c-49af5e4cf22f:c3963]
2019-09-08 07:08:01,134 [grpc-default-executor-5] INFO  client.GrpcClientProtocolClient (GrpcClientProtocolClient.java:onNext(264)) - client-964B0EA39D34->4234af2c-5377-4886-a4e8-6fe45d0af45e: receive RaftClientReply:client-964B0EA39D34->4234af2c-5377-4886-a4e8-6fe45d0af45e@group-A1165329A1F1, cid=2666, SUCCESS, logIndex=3965, commits[4234af2c-5377-4886-a4e8-6fe45d0af45e:c3965, cef72988-acf5-49ad-9ec7-695a80e7a66d:c3963, d677508c-6db9-4741-b51c-49af5e4cf22f:c3963]
2019-09-08 07:08:01,142 [grpc-default-executor-5] INFO  client.GrpcClientProtocolClient (GrpcClientProtocolClient.java:onNext(264)) - client-964B0EA39D34->4234af2c-5377-4886-a4e8-6fe45d0af45e: receive RaftClientReply:client-964B0EA39D34->4234af2c-5377-4886-a4e8-6fe45d0af45e@group-A1165329A1F1, cid=2667, SUCCESS, logIndex=3968, commits[4234af2c-5377-4886-a4e8-6fe45d0af45e:c3969, cef72988-acf5-49ad-9ec7-695a80e7a66d:c3965, d677508c-6db9-4741-b51c-49af5e4cf22f:c3966]
2019-09-08 07:08:01,143 [grpc-default-executor-0] INFO  client.GrpcClientProtocolClient (GrpcClientProtocolClient.java:onNext(264)) - client-964B0EA39D34->4234af2c-5377-4886-a4e8-6fe45d0af45e: receive RaftClientReply:client-964B0EA39D34->4234af2c-5377-4886-a4e8-6fe45d0af45e@group-A1165329A1F1, cid=2668, SUCCESS, logIndex=3969, commits[4234af2c-5377-4886-a4e8-6fe45d0af45e:c3969, cef72988-acf5-49ad-9ec7-695a80e7a66d:c3965, d677508c-6db9-4741-b51c-49af5e4cf22f:c3966]
2019-09-08 07:08:01,144 [grpc-default-executor-0] INFO  client.GrpcClientProtocolClient (GrpcClientProtocolClient.java:onNext(264)) - client-964B0EA39D34->4234af2c-5377-4886-a4e8-6fe45d0af45e: receive RaftClientReply:client-964B0EA39D34->4234af2c-5377-4886-a4e8-6fe45d0af45e@group-A1165329A1F1, cid=2669, SUCCESS, logIndex=0, commits[4234af2c-5377-4886-a4e8-6fe45d0af45e:c3970, cef72988-acf5-49ad-9ec7-695a80e7a66d:c3969, d677508c-6db9-4741-b51c-49af5e4cf22f:c3969]
2019-09-08 07:08:01,166 [grpc-default-executor-0] INFO  client.GrpcClientProtocolClient (GrpcClientProtocolClient.java:onNext(264)) - client-964B0EA39D34->4234af2c-5377-4886-a4e8-6fe45d0af45e: receive RaftClientReply:client-964B0EA39D34->4234af2c-5377-4886-a4e8-6fe45d0af45e@group-A1165329A1F1, cid=2670, SUCCESS, logIndex=3972, commits[4234af2c-5377-4886-a4e8-6fe45d0af45e:c3972, cef72988-acf5-49ad-9ec7-695a80e7a66d:c3971, d677508c-6db9-4741-b51c-49af5e4cf22f:c3971]
2019-09-08 07:08:01,167 [grpc-default-executor-0] INFO  client.GrpcClientProtocolClient (GrpcClientProtocolClient.java:onNext(264)) - client-964B0EA39D34->4234af2c-5377-4886-a4e8-6fe45d0af45e: receive RaftClientReply:client-964B0EA39D34->4234af2c-5377-4886-a4e8-6fe45d0af45e@group-A1165329A1F1, cid=2671, SUCCESS, logIndex=3973, commits[4234af2c-5377-4886-a4e8-6fe45d0af45e:c3975, cef72988-acf5-49ad-9ec7-695a80e7a66d:c3971, d677508c-6db9-4741-b51c-49af5e4cf22f:c3971]
2019-09-08 07:08:01,167 [grpc-default-executor-0] INFO  client.GrpcClientProtocolClient (GrpcClientProtocolClient.java:onNext(264)) - client-964B0EA39D34->4234af2c-5377-4886-a4e8-6fe45d0af45e: receive RaftClientReply:client-964B0EA39D34->4234af2c-5377-4886-a4e8-6fe45d0af45e@group-A1165329A1F1, cid=2672, SUCCESS, logIndex=3974, commits[4234af2c-5377-4886-a4e8-6fe45d0af45e:c3975, cef72988-acf5-49ad-9ec7-695a80e7a66d:c3971, d677508c-6db9-4741-b51c-49af5e4cf22f:c3971]
2019-09-08 07:08:01,167 [grpc-default-executor-0] INFO  client.GrpcClientProtocolClient (GrpcClientProtocolClient.java:onNext(264)) - client-964B0EA39D34->4234af2c-5377-4886-a4e8-6fe45d0af45e: receive RaftClientReply:client-964B0EA39D34->4234af2c-5377-4886-a4e8-6fe45d0af45e@group-A1165329A1F1, cid=2673, SUCCESS, logIndex=3975, commits[4234af2c-5377-4886-a4e8-6fe45d0af45e:c3975, cef72988-acf5-49ad-9ec7-695a80e7a66d:c3971, d677508c-6db9-4741-b51c-49af5e4cf22f:c3971]
2019-09-08 07:08:01,180 [grpc-default-executor-0] INFO  client.GrpcClientProtocolClient (GrpcClientProtocolClient.java:onNext(264)) - client-964B0EA39D34->4234af2c-5377-4886-a4e8-6fe45d0af45e: receive RaftClientReply:client-964B0EA39D34->4234af2c-5377-4886-a4e8-6fe45d0af45e@group-A1165329A1F1, cid=2674, SUCCESS, logIndex=0, commits[4234af2c-5377-4886-a4e8-6fe45d0af45e:c3977, cef72988-acf5-49ad-9ec7-695a80e7a66d:c3974, d677508c-6db9-4741-b51c-49af5e4cf22f:c3974]
2019-09-08 07:08:01,195 [grpc-default-executor-0] INFO  client.GrpcClientProtocolClient (GrpcClientProtocolClient.java:onNext(264)) - client-964B0EA39D34->4234af2c-5377-4886-a4e8-6fe45d0af45e: receive RaftClientReply:client-964B0EA39D34->4234af2c-5377-4886-a4e8-6fe45d0af45e@group-A1165329A1F1, cid=2675, SUCCESS, logIndex=3979, commits[4234af2c-5377-4886-a4e8-6fe45d0af45e:c3980, cef72988-acf5-49ad-9ec7-695a80e7a66d:c3978, d677508c-6db9-4741-b51c-49af5e4cf22f:c3978]
2019-09-08 07:08:01,196 [grpc-default-executor-0] INFO  client.GrpcClientProtocolClient (GrpcClientProtocolClient.java:onNext(264)) - client-964B0EA39D34->4234af2c-5377-4886-a4e8-6fe45d0af45e: receive RaftClientReply:client-964B0EA39D34->4234af2c-5377-4886-a4e8-6fe45d0af45e@group-A1165329A1F1, cid=2676, SUCCESS, logIndex=3980, commits[4234af2c-5377-4886-a4e8-6fe45d0af45e:c3980, cef72988-acf5-49ad-9ec7-695a80e7a66d:c3978, d677508c-6db9-4741-b51c-49af5e4cf22f:c3978]
2019-09-08 07:08:01,210 [grpc-default-executor-3] INFO  client.GrpcClientProtocolClient (GrpcClientProtocolClient.java:onNext(264)) - client-964B0EA39D34->4234af2c-5377-4886-a4e8-6fe45d0af45e: receive RaftClientReply:client-964B0EA39D34->4234af2c-5377-4886-a4e8-6fe45d0af45e@group-A1165329A1F1, cid=2677, SUCCESS, logIndex=3983, commits[4234af2c-5377-4886-a4e8-6fe45d0af45e:c3984, cef72988-acf5-49ad-9ec7-695a80e7a66d:c3980, d677508c-6db9-4741-b51c-49af5e4cf22f:c3980]
2019-09-08 07:08:01,211 [grpc-default-executor-3] INFO  client.GrpcClientProtocolClient (GrpcClientProtocolClient.java:onNext(264)) - client-964B0EA39D34->4234af2c-5377-4886-a4e8-6fe45d0af45e: receive RaftClientReply:client-964B0EA39D34->4234af2c-5377-4886-a4e8-6fe45d0af45e@group-A1165329A1F1, cid=2678, SUCCESS, logIndex=3984, commits[4234af2c-5377-4886-a4e8-6fe45d0af45e:c3984, cef72988-acf5-49ad-9ec7-695a80e7a66d:c3980, d677508c-6db9-4741-b51c-49af5e4cf22f:c3980]
2019-09-08 07:08:01,222 [grpc-default-executor-3] INFO  client.GrpcClientProtocolClient (GrpcClientProtocolClient.java:onNext(264)) - client-964B0EA39D34->4234af2c-5377-4886-a4e8-6fe45d0af45e: receive RaftClientReply:client-964B0EA39D34->4234af2c-5377-4886-a4e8-6fe45d0af45e@group-A1165329A1F1, cid=2679, SUCCESS, logIndex=0, commits[4234af2c-5377-4886-a4e8-6fe45d0af45e:c3985, cef72988-acf5-49ad-9ec7-695a80e7a66d:c3984, d677508c-6db9-4741-b51c-49af5e4cf22f:c3984]
2019-09-08 07:08:01,247 [grpc-default-executor-0] INFO  client.GrpcClientProtocolClient (GrpcClientProtocolClient.java:onNext(264)) - client-964B0EA39D34->4234af2c-5377-4886-a4e8-6fe45d0af45e: receive RaftClientReply:client-964B0EA39D34->4234af2c-5377-4886-a4e8-6fe45d0af45e@group-A1165329A1F1, cid=2680, SUCCESS, logIndex=3986, commits[4234af2c-5377-4886-a4e8-6fe45d0af45e:c3988, cef72988-acf5-49ad-9ec7-695a80e7a66d:c3985, d677508c-6db9-4741-b51c-49af5e4cf22f:c3985]
2019-09-08 07:08:01,247 [grpc-default-executor-0] INFO  client.GrpcClientProtocolClient (GrpcClientProtocolClient.java:onNext(264)) - client-964B0EA39D34->4234af2c-5377-4886-a4e8-6fe45d0af45e: receive RaftClientReply:client-964B0EA39D34->4234af2c-5377-4886-a4e8-6fe45d0af45e@group-A1165329A1F1, cid=2681, SUCCESS, logIndex=3987, commits[4234af2c-5377-4886-a4e8-6fe45d0af45e:c3989, cef72988-acf5-49ad-9ec7-695a80e7a66d:c3985, d677508c-6db9-4741-b51c-49af5e4cf22f:c3985]
2019-09-08 07:08:01,248 [grpc-default-executor-0] INFO  client.GrpcClientProtocolClient (GrpcClientProtocolClient.java:onNext(264)) - client-964B0EA39D34->4234af2c-5377-4886-a4e8-6fe45d0af45e: receive RaftClientReply:client-964B0EA39D34->4234af2c-5377-4886-a4e8-6fe45d0af45e@group-A1165329A1F1, cid=2682, SUCCESS, logIndex=3988, commits[4234af2c-5377-4886-a4e8-6fe45d0af45e:c3989, cef72988-acf5-49ad-9ec7-695a80e7a66d:c3985, d677508c-6db9-4741-b51c-49af5e4cf22f:c3985]
2019-09-08 07:08:01,248 [grpc-default-executor-0] INFO  client.GrpcClientProtocolClient (GrpcClientProtocolClient.java:onNext(264)) - client-964B0EA39D34->4234af2c-5377-4886-a4e8-6fe45d0af45e: receive RaftClientReply:client-964B0EA39D34->4234af2c-5377-4886-a4e8-6fe45d0af45e@group-A1165329A1F1, cid=2683, SUCCESS, logIndex=3989, commits[4234af2c-5377-4886-a4e8-6fe45d0af45e:c3989, cef72988-acf5-49ad-9ec7-695a80e7a66d:c3985, d677508c-6db9-4741-b51c-49af5e4cf22f:c3985]
2019-09-08 07:08:01,260 [grpc-default-executor-0] INFO  client.GrpcClientProtocolClient (GrpcClientProtocolClient.java:onNext(264)) - client-964B0EA39D34->4234af2c-5377-4886-a4e8-6fe45d0af45e: receive RaftClientReply:client-964B0EA39D34->4234af2c-5377-4886-a4e8-6fe45d0af45e@group-A1165329A1F1, cid=2684, SUCCESS, logIndex=0, commits[4234af2c-5377-4886-a4e8-6fe45d0af45e:c3992, cef72988-acf5-49ad-9ec7-695a80e7a66d:c3987, d677508c-6db9-4741-b51c-49af5e4cf22f:c3988]
2019-09-08 07:08:01,280 [grpc-default-executor-5] INFO  client.GrpcClientProtocolClient (GrpcClientProtocolClient.java:onNext(264)) - client-964B0EA39D34->4234af2c-5377-4886-a4e8-6fe45d0af45e: receive RaftClientReply:client-964B0EA39D34->4234af2c-5377-4886-a4e8-6fe45d0af45e@group-A1165329A1F1, cid=2685, SUCCESS, logIndex=3994, commits[4234af2c-5377-4886-a4e8-6fe45d0af45e:c3995, cef72988-acf5-49ad-9ec7-695a80e7a66d:c3993, d677508c-6db9-4741-b51c-49af5e4cf22f:c3993]
2019-09-08 07:08:01,280 [grpc-default-executor-5] INFO  client.GrpcClientProtocolClient (GrpcClientProtocolClient.java:onNext(264)) - client-964B0EA39D34->4234af2c-5377-4886-a4e8-6fe45d0af45e: receive RaftClientReply:client-964B0EA39D34->4234af2c-5377-4886-a4e8-6fe45d0af45e@group-A1165329A1F1, cid=2686, SUCCESS, logIndex=3995, commits[4234af2c-5377-4886-a4e8-6fe45d0af45e:c3995, cef72988-acf5-49ad-9ec7-695a80e7a66d:c3993, d677508c-6db9-4741-b51c-49af5e4cf22f:c3993]
2019-09-08 07:08:01,307 [grpc-default-executor-3] INFO  client.GrpcClientProtocolClient (GrpcClientProtocolClient.java:onNext(264)) - client-964B0EA39D34->4234af2c-5377-4886-a4e8-6fe45d0af45e: receive RaftClientReply:client-964B0EA39D34->4234af2c-5377-4886-a4e8-6fe45d0af45e@group-A1165329A1F1, cid=2687, SUCCESS, logIndex=3998, commits[4234af2c-5377-4886-a4e8-6fe45d0af45e:c3999, cef72988-acf5-49ad-9ec7-695a80e7a66d:c3995, d677508c-6db9-4741-b51c-49af5e4cf22f:c3995]
2019-09-08 07:08:01,307 [grpc-default-executor-3] INFO  client.GrpcClientProtocolClient (GrpcClientProtocolClient.java:onNext(264)) - client-964B0EA39D34->4234af2c-5377-4886-a4e8-6fe45d0af45e: receive RaftClientReply:client-964B0EA39D34->4234af2c-5377-4886-a4e8-6fe45d0af45e@group-A1165329A1F1, cid=2688, SUCCESS, logIndex=3999, commits[4234af2c-5377-4886-a4e8-6fe45d0af45e:c3999, cef72988-acf5-49ad-9ec7-695a80e7a66d:c3995, d677508c-6db9-4741-b51c-49af5e4cf22f:c3995]
2019-09-08 07:08:01,320 [grpc-default-executor-5] INFO  client.GrpcClientProtocolClient (GrpcClientProtocolClient.java:onNext(264)) - client-964B0EA39D34->4234af2c-5377-4886-a4e8-6fe45d0af45e: receive RaftClientReply:client-964B0EA39D34->4234af2c-5377-4886-a4e8-6fe45d0af45e@group-A1165329A1F1, cid=2689, SUCCESS, logIndex=0, commits[4234af2c-5377-4886-a4e8-6fe45d0af45e:c4001, cef72988-acf5-49ad-9ec7-695a80e7a66d:c3999, d677508c-6db9-4741-b51c-49af5e4cf22f:c3999]
2019-09-08 07:08:01,369 [grpc-default-executor-5] INFO  client.GrpcClientProtocolClient (GrpcClientProtocolClient.java:onNext(264)) - client-964B0EA39D34->4234af2c-5377-4886-a4e8-6fe45d0af45e: receive RaftClientReply:client-964B0EA39D34->4234af2c-5377-4886-a4e8-6fe45d0af45e@group-A1165329A1F1, cid=2690, SUCCESS, logIndex=4002, commits[4234af2c-5377-4886-a4e8-6fe45d0af45e:c4003, cef72988-acf5-49ad-9ec7-695a80e7a66d:c4001, d677508c-6db9-4741-b51c-49af5e4cf22f:c4001]
2019-09-08 07:08:01,370 [grpc-default-executor-5] INFO  client.GrpcClientProtocolClient (GrpcClientProtocolClient.java:onNext(264)) - client-964B0EA39D34->4234af2c-5377-4886-a4e8-6fe45d0af45e: receive RaftClientReply:client-964B0EA39D34->4234af2c-5377-4886-a4e8-6fe45d0af45e@group-A1165329A1F1, cid=2691, SUCCESS, logIndex=4003, commits[4234af2c-5377-4886-a4e8-6fe45d0af45e:c4005, cef72988-acf5-49ad-9ec7-695a80e7a66d:c4001, d677508c-6db9-4741-b51c-49af5e4cf22f:c4001]
2019-09-08 07:08:01,370 [grpc-default-executor-5] INFO  client.GrpcClientProtocolClient (GrpcClientProtocolClient.java:onNext(264)) - client-964B0EA39D34->4234af2c-5377-4886-a4e8-6fe45d0af45e: receive RaftClientReply:client-964B0EA39D34->4234af2c-5377-4886-a4e8-6fe45d0af45e@group-A1165329A1F1, cid=2692, SUCCESS, logIndex=4004, commits[4234af2c-5377-4886-a4e8-6fe45d0af45e:c4005, cef72988-acf5-49ad-9ec7-695a80e7a66d:c4001, d677508c-6db9-4741-b51c-49af5e4cf22f:c4001]
2019-09-08 07:08:01,370 [grpc-default-executor-5] INFO  client.GrpcClientProtocolClient (GrpcClientProtocolClient.java:onNext(264)) - client-964B0EA39D34->4234af2c-5377-4886-a4e8-6fe45d0af45e: receive RaftClientReply:client-964B0EA39D34->4234af2c-5377-4886-a4e8-6fe45d0af45e@group-A1165329A1F1, cid=2693, SUCCESS, logIndex=4005, commits[4234af2c-5377-4886-a4e8-6fe45d0af45e:c4005, cef72988-acf5-49ad-9ec7-695a80e7a66d:c4001, d677508c-6db9-4741-b51c-49af5e4cf22f:c4001]
2019-09-08 07:08:01,387 [grpc-default-executor-5] INFO  client.GrpcClientProtocolClient (GrpcClientProtocolClient.java:onNext(264)) - client-964B0EA39D34->4234af2c-5377-4886-a4e8-6fe45d0af45e: receive RaftClientReply:client-964B0EA39D34->4234af2c-5377-4886-a4e8-6fe45d0af45e@group-A1165329A1F1, cid=2694, SUCCESS, logIndex=0, commits[4234af2c-5377-4886-a4e8-6fe45d0af45e:c4007, cef72988-acf5-49ad-9ec7-695a80e7a66d:c4005, d677508c-6db9-4741-b51c-49af5e4cf22f:c4003]
2019-09-08 07:08:01,408 [grpc-default-executor-5] INFO  client.GrpcClientProtocolClient (GrpcClientProtocolClient.java:onNext(264)) - client-964B0EA39D34->4234af2c-5377-4886-a4e8-6fe45d0af45e: receive RaftClientReply:client-964B0EA39D34->4234af2c-5377-4886-a4e8-6fe45d0af45e@group-A1165329A1F1, cid=2695, SUCCESS, logIndex=4008, commits[4234af2c-5377-4886-a4e8-6fe45d0af45e:c4009, cef72988-acf5-49ad-9ec7-695a80e7a66d:c4007, d677508c-6db9-4741-b51c-49af5e4cf22f:c4007]
2019-09-08 07:08:01,408 [grpc-default-executor-5] INFO  client.GrpcClientProtocolClient (GrpcClientProtocolClient.java:onNext(264)) - client-964B0EA39D34->4234af2c-5377-4886-a4e8-6fe45d0af45e: receive RaftClientReply:client-964B0EA39D34->4234af2c-5377-4886-a4e8-6fe45d0af45e@group-A1165329A1F1, cid=2696, SUCCESS, logIndex=4009, commits[4234af2c-5377-4886-a4e8-6fe45d0af45e:c4009, cef72988-acf5-49ad-9ec7-695a80e7a66d:c4007, d677508c-6db9-4741-b51c-49af5e4cf22f:c4007]
2019-09-08 07:08:01,430 [grpc-default-executor-3] INFO  client.GrpcClientProtocolClient (GrpcClientProtocolClient.java:onNext(264)) - client-964B0EA39D34->4234af2c-5377-4886-a4e8-6fe45d0af45e: receive RaftClientReply:client-964B0EA39D34->4234af2c-5377-4886-a4e8-6fe45d0af45e@group-A1165329A1F1, cid=2697, SUCCESS, logIndex=4012, commits[4234af2c-5377-4886-a4e8-6fe45d0af45e:c4013, cef72988-acf5-49ad-9ec7-695a80e7a66d:c4009, d677508c-6db9-4741-b51c-49af5e4cf22f:c4008]
2019-09-08 07:08:01,431 [grpc-default-executor-5] INFO  client.GrpcClientProtocolClient (GrpcClientProtocolClient.java:onNext(264)) - client-964B0EA39D34->4234af2c-5377-4886-a4e8-6fe45d0af45e: receive RaftClientReply:client-964B0EA39D34->4234af2c-5377-4886-a4e8-6fe45d0af45e@group-A1165329A1F1, cid=2698, SUCCESS, logIndex=4013, commits[4234af2c-5377-4886-a4e8-6fe45d0af45e:c4013, cef72988-acf5-49ad-9ec7-695a80e7a66d:c4009, d677508c-6db9-4741-b51c-49af5e4cf22f:c4009]
2019-09-08 07:08:01,433 [grpc-default-executor-5] INFO  client.GrpcClientProtocolClient (GrpcClientProtocolClient.java:onNext(264)) - client-964B0EA39D34->4234af2c-5377-4886-a4e8-6fe45d0af45e: receive RaftClientReply:client-964B0EA39D34->4234af2c-5377-4886-a4e8-6fe45d0af45e@group-A1165329A1F1, cid=2699, SUCCESS, logIndex=0, commits[4234af2c-5377-4886-a4e8-6fe45d0af45e:c4014, cef72988-acf5-49ad-9ec7-695a80e7a66d:c4013, d677508c-6db9-4741-b51c-49af5e4cf22f:c4013]
2019-09-08 07:08:01,460 [grpc-default-executor-3] INFO  client.GrpcClientProtocolClient (GrpcClientProtocolClient.java:onNext(264)) - client-964B0EA39D34->4234af2c-5377-4886-a4e8-6fe45d0af45e: receive RaftClientReply:client-964B0EA39D34->4234af2c-5377-4886-a4e8-6fe45d0af45e@group-A1165329A1F1, cid=2700, SUCCESS, logIndex=4015, commits[4234af2c-5377-4886-a4e8-6fe45d0af45e:c4016, cef72988-acf5-49ad-9ec7-695a80e7a66d:c4014, d677508c-6db9-4741-b51c-49af5e4cf22f:c4014]
2019-09-08 07:08:01,461 [grpc-default-executor-3] INFO  client.GrpcClientProtocolClient (GrpcClientProtocolClient.java:onNext(264)) - client-964B0EA39D34->4234af2c-5377-4886-a4e8-6fe45d0af45e: receive RaftClientReply:client-964B0EA39D34->4234af2c-5377-4886-a4e8-6fe45d0af45e@group-A1165329A1F1, cid=2701, SUCCESS, logIndex=4016, commits[4234af2c-5377-4886-a4e8-6fe45d0af45e:c4016, cef72988-acf5-49ad-9ec7-695a80e7a66d:c4014, d677508c-6db9-4741-b51c-49af5e4cf22f:c4014]
2019-09-08 07:08:01,461 [grpc-default-executor-4] INFO  client.GrpcClientProtocolClient (GrpcClientProtocolClient.java:onNext(264)) - client-964B0EA39D34->4234af2c-5377-4886-a4e8-6fe45d0af45e: receive RaftClientReply:client-964B0EA39D34->4234af2c-5377-4886-a4e8-6fe45d0af45e@group-A1165329A1F1, cid=2702, SUCCESS, logIndex=4017, commits[4234af2c-5377-4886-a4e8-6fe45d0af45e:c4018, cef72988-acf5-49ad-9ec7-695a80e7a66d:c4014, d677508c-6db9-4741-b51c-49af5e4cf22f:c4014]
2019-09-08 07:08:01,462 [grpc-default-executor-4] INFO  client.GrpcClientProtocolClient (GrpcClientProtocolClient.java:onNext(264)) - client-964B0EA39D34->4234af2c-5377-4886-a4e8-6fe45d0af45e: receive RaftClientReply:client-964B0EA39D34->4234af2c-5377-4886-a4e8-6fe45d0af45e@group-A1165329A1F1, cid=2703, SUCCESS, logIndex=4018, commits[4234af2c-5377-4886-a4e8-6fe45d0af45e:c4018, cef72988-acf5-49ad-9ec7-695a80e7a66d:c4014, d677508c-6db9-4741-b51c-49af5e4cf22f:c4014]
2019-09-08 07:08:01,475 [grpc-default-executor-4] INFO  client.GrpcClientProtocolClient (GrpcClientProtocolClient.java:onNext(264)) - client-964B0EA39D34->4234af2c-5377-4886-a4e8-6fe45d0af45e: receive RaftClientReply:client-964B0EA39D34->4234af2c-5377-4886-a4e8-6fe45d0af45e@group-A1165329A1F1, cid=2704, SUCCESS, logIndex=0, commits[4234af2c-5377-4886-a4e8-6fe45d0af45e:c4020, cef72988-acf5-49ad-9ec7-695a80e7a66d:c4016, d677508c-6db9-4741-b51c-49af5e4cf22f:c4016]
2019-09-08 07:08:01,494 [grpc-default-executor-3] INFO  client.GrpcClientProtocolClient (GrpcClientProtocolClient.java:onNext(264)) - client-964B0EA39D34->4234af2c-5377-4886-a4e8-6fe45d0af45e: receive RaftClientReply:client-964B0EA39D34->4234af2c-5377-4886-a4e8-6fe45d0af45e@group-A1165329A1F1, cid=2705, SUCCESS, logIndex=4023, commits[4234af2c-5377-4886-a4e8-6fe45d0af45e:c4024, cef72988-acf5-49ad-9ec7-695a80e7a66d:c4022, d677508c-6db9-4741-b51c-49af5e4cf22f:c4022]
2019-09-08 07:08:01,495 [grpc-default-executor-3] INFO  client.GrpcClientProtocolClient (GrpcClientProtocolClient.java:onNext(264)) - client-964B0EA39D34->4234af2c-5377-4886-a4e8-6fe45d0af45e: receive RaftClientReply:client-964B0EA39D34->4234af2c-5377-4886-a4e8-6fe45d0af45e@group-A1165329A1F1, cid=2706, SUCCESS, logIndex=4024, commits[4234af2c-5377-4886-a4e8-6fe45d0af45e:c4024, cef72988-acf5-49ad-9ec7-695a80e7a66d:c4022, d677508c-6db9-4741-b51c-49af5e4cf22f:c4022]
2019-09-08 07:08:01,521 [grpc-default-executor-5] INFO  client.GrpcClientProtocolClient (GrpcClientProtocolClient.java:onNext(264)) - client-964B0EA39D34->4234af2c-5377-4886-a4e8-6fe45d0af45e: receive RaftClientReply:client-964B0EA39D34->4234af2c-5377-4886-a4e8-6fe45d0af45e@group-A1165329A1F1, cid=2707, SUCCESS, logIndex=4027, commits[4234af2c-5377-4886-a4e8-6fe45d0af45e:c4028, cef72988-acf5-49ad-9ec7-695a80e7a66d:c4024, d677508c-6db9-4741-b51c-49af5e4cf22f:c4024]
2019-09-08 07:08:01,521 [grpc-default-executor-5] INFO  client.GrpcClientProtocolClient (GrpcClientProtocolClient.java:onNext(264)) - client-964B0EA39D34->4234af2c-5377-4886-a4e8-6fe45d0af45e: receive RaftClientReply:client-964B0EA39D34->4234af2c-5377-4886-a4e8-6fe45d0af45e@group-A1165329A1F1, cid=2708, SUCCESS, logIndex=4028, commits[4234af2c-5377-4886-a4e8-6fe45d0af45e:c4028, cef72988-acf5-49ad-9ec7-695a80e7a66d:c4024, d677508c-6db9-4741-b51c-49af5e4cf22f:c4024]
2019-09-08 07:08:01,547 [grpc-default-executor-5] INFO  client.GrpcClientProtocolClient (GrpcClientProtocolClient.java:onNext(264)) - client-964B0EA39D34->4234af2c-5377-4886-a4e8-6fe45d0af45e: receive RaftClientReply:client-964B0EA39D34->4234af2c-5377-4886-a4e8-6fe45d0af45e@group-A1165329A1F1, cid=2709, SUCCESS, logIndex=0, commits[4234af2c-5377-4886-a4e8-6fe45d0af45e:c4030, cef72988-acf5-49ad-9ec7-695a80e7a66d:c4028, d677508c-6db9-4741-b51c-49af5e4cf22f:c4028]
2019-09-08 07:08:01,577 [grpc-default-executor-3] INFO  client.GrpcClientProtocolClient (GrpcClientProtocolClient.java:onNext(264)) - client-964B0EA39D34->4234af2c-5377-4886-a4e8-6fe45d0af45e: receive RaftClientReply:client-964B0EA39D34->4234af2c-5377-4886-a4e8-6fe45d0af45e@group-A1165329A1F1, cid=2710, SUCCESS, logIndex=4031, commits[4234af2c-5377-4886-a4e8-6fe45d0af45e:c4032, cef72988-acf5-49ad-9ec7-695a80e7a66d:c4030, d677508c-6db9-4741-b51c-49af5e4cf22f:c4030]
2019-09-08 07:08:01,577 [grpc-default-executor-3] INFO  client.GrpcClientProtocolClient (GrpcClientProtocolClient.java:onNext(264)) - client-964B0EA39D34->4234af2c-5377-4886-a4e8-6fe45d0af45e: receive RaftClientReply:client-964B0EA39D34->4234af2c-5377-4886-a4e8-6fe45d0af45e@group-A1165329A1F1, cid=2711, SUCCESS, logIndex=4032, commits[4234af2c-5377-4886-a4e8-6fe45d0af45e:c4032, cef72988-acf5-49ad-9ec7-695a80e7a66d:c4030, d677508c-6db9-4741-b51c-49af5e4cf22f:c4030]
2019-09-08 07:08:01,578 [grpc-default-executor-0] INFO  client.GrpcClientProtocolClient (GrpcClientProtocolClient.java:onNext(264)) - client-964B0EA39D34->4234af2c-5377-4886-a4e8-6fe45d0af45e: receive RaftClientReply:client-964B0EA39D34->4234af2c-5377-4886-a4e8-6fe45d0af45e@group-A1165329A1F1, cid=2712, SUCCESS, logIndex=4033, commits[4234af2c-5377-4886-a4e8-6fe45d0af45e:c4034, cef72988-acf5-49ad-9ec7-695a80e7a66d:c4030, d677508c-6db9-4741-b51c-49af5e4cf22f:c4030]
2019-09-08 07:08:01,578 [grpc-default-executor-0] INFO  client.GrpcClientProtocolClient (GrpcClientProtocolClient.java:onNext(264)) - client-964B0EA39D34->4234af2c-5377-4886-a4e8-6fe45d0af45e: receive RaftClientReply:client-964B0EA39D34->4234af2c-5377-4886-a4e8-6fe45d0af45e@group-A1165329A1F1, cid=2713, SUCCESS, logIndex=4034, commits[4234af2c-5377-4886-a4e8-6fe45d0af45e:c4034, cef72988-acf5-49ad-9ec7-695a80e7a66d:c4030, d677508c-6db9-4741-b51c-49af5e4cf22f:c4030]
2019-09-08 07:08:01,580 [grpc-default-executor-4] INFO  client.GrpcClientProtocolClient (GrpcClientProtocolClient.java:onNext(264)) - client-964B0EA39D34->4234af2c-5377-4886-a4e8-6fe45d0af45e: receive RaftClientReply:client-964B0EA39D34->4234af2c-5377-4886-a4e8-6fe45d0af45e@group-A1165329A1F1, cid=2714, SUCCESS, logIndex=0, commits[4234af2c-5377-4886-a4e8-6fe45d0af45e:c4036, cef72988-acf5-49ad-9ec7-695a80e7a66d:c4032, d677508c-6db9-4741-b51c-49af5e4cf22f:c4032]
2019-09-08 07:08:01,604 [grpc-default-executor-0] INFO  client.GrpcClientProtocolClient (GrpcClientProtocolClient.java:onNext(264)) - client-964B0EA39D34->4234af2c-5377-4886-a4e8-6fe45d0af45e: receive RaftClientReply:client-964B0EA39D34->4234af2c-5377-4886-a4e8-6fe45d0af45e@group-A1165329A1F1, cid=2715, SUCCESS, logIndex=4039, commits[4234af2c-5377-4886-a4e8-6fe45d0af45e:c4040, cef72988-acf5-49ad-9ec7-695a80e7a66d:c4037, d677508c-6db9-4741-b51c-49af5e4cf22f:c4037]
2019-09-08 07:08:01,604 [grpc-default-executor-0] INFO  client.GrpcClientProtocolClient (GrpcClientProtocolClient.java:onNext(264)) - client-964B0EA39D34->4234af2c-5377-4886-a4e8-6fe45d0af45e: receive RaftClientReply:client-964B0EA39D34->4234af2c-5377-4886-a4e8-6fe45d0af45e@group-A1165329A1F1, cid=2716, SUCCESS, logIndex=4040, commits[4234af2c-5377-4886-a4e8-6fe45d0af45e:c4040, cef72988-acf5-49ad-9ec7-695a80e7a66d:c4037, d677508c-6db9-4741-b51c-49af5e4cf22f:c4037]
2019-09-08 07:08:01,613 [grpc-default-executor-4] INFO  client.GrpcClientProtocolClient (GrpcClientProtocolClient.java:onNext(264)) - client-964B0EA39D34->4234af2c-5377-4886-a4e8-6fe45d0af45e: receive RaftClientReply:client-964B0EA39D34->4234af2c-5377-4886-a4e8-6fe45d0af45e@group-A1165329A1F1, cid=2717, SUCCESS, logIndex=4043, commits[4234af2c-5377-4886-a4e8-6fe45d0af45e:c4044, cef72988-acf5-49ad-9ec7-695a80e7a66d:c4042, d677508c-6db9-4741-b51c-49af5e4cf22f:c4040]
2019-09-08 07:08:01,614 [grpc-default-executor-4] INFO  client.GrpcClientProtocolClient (GrpcClientProtocolClient.java:onNext(264)) - client-964B0EA39D34->4234af2c-5377-4886-a4e8-6fe45d0af45e: receive RaftClientReply:client-964B0EA39D34->4234af2c-5377-4886-a4e8-6fe45d0af45e@group-A1165329A1F1, cid=2718, SUCCESS, logIndex=4044, commits[4234af2c-5377-4886-a4e8-6fe45d0af45e:c4044, cef72988-acf5-49ad-9ec7-695a80e7a66d:c4042, d677508c-6db9-4741-b51c-49af5e4cf22f:c4042]
2019-09-08 07:08:01,616 [grpc-default-executor-4] INFO  client.GrpcClientProtocolClient (GrpcClientProtocolClient.java:onNext(264)) - client-964B0EA39D34->4234af2c-5377-4886-a4e8-6fe45d0af45e: receive RaftClientReply:client-964B0EA39D34->4234af2c-5377-4886-a4e8-6fe45d0af45e@group-A1165329A1F1, cid=2719, SUCCESS, logIndex=0, commits[4234af2c-5377-4886-a4e8-6fe45d0af45e:c4045, cef72988-acf5-49ad-9ec7-695a80e7a66d:c4044, d677508c-6db9-4741-b51c-49af5e4cf22f:c4044]
2019-09-08 07:08:01,640 [grpc-default-executor-3] INFO  client.GrpcClientProtocolClient (GrpcClientProtocolClient.java:onNext(264)) - client-964B0EA39D34->4234af2c-5377-4886-a4e8-6fe45d0af45e: receive RaftClientReply:client-964B0EA39D34->4234af2c-5377-4886-a4e8-6fe45d0af45e@group-A1165329A1F1, cid=2720, SUCCESS, logIndex=4047, commits[4234af2c-5377-4886-a4e8-6fe45d0af45e:c4048, cef72988-acf5-49ad-9ec7-695a80e7a66d:c4046, d677508c-6db9-4741-b51c-49af5e4cf22f:c4046]
2019-09-08 07:08:01,640 [grpc-default-executor-3] INFO  client.GrpcClientProtocolClient (GrpcClientProtocolClient.java:onNext(264)) - client-964B0EA39D34->4234af2c-5377-4886-a4e8-6fe45d0af45e: receive RaftClientReply:client-964B0EA39D34->4234af2c-5377-4886-a4e8-6fe45d0af45e@group-A1165329A1F1, cid=2721, SUCCESS, logIndex=4048, commits[4234af2c-5377-4886-a4e8-6fe45d0af45e:c4048, cef72988-acf5-49ad-9ec7-695a80e7a66d:c4046, d677508c-6db9-4741-b51c-49af5e4cf22f:c4046]
2019-09-08 07:08:01,641 [grpc-default-executor-4] INFO  client.GrpcClientProtocolClient (GrpcClientProtocolClient.java:onNext(264)) - client-964B0EA39D34->4234af2c-5377-4886-a4e8-6fe45d0af45e: receive RaftClientReply:client-964B0EA39D34->4234af2c-5377-4886-a4e8-6fe45d0af45e@group-A1165329A1F1, cid=2722, SUCCESS, logIndex=4049, commits[4234af2c-5377-4886-a4e8-6fe45d0af45e:c4049, cef72988-acf5-49ad-9ec7-695a80e7a66d:c4046, d677508c-6db9-4741-b51c-49af5e4cf22f:c4046]
2019-09-08 07:08:01,641 [grpc-default-executor-4] INFO  client.GrpcClientProtocolClient (GrpcClientProtocolClient.java:onNext(264)) - client-964B0EA39D34->4234af2c-5377-4886-a4e8-6fe45d0af45e: receive RaftClientReply:client-964B0EA39D34->4234af2c-5377-4886-a4e8-6fe45d0af45e@group-A1165329A1F1, cid=2723, SUCCESS, logIndex=4050, commits[4234af2c-5377-4886-a4e8-6fe45d0af45e:c4050, cef72988-acf5-49ad-9ec7-695a80e7a66d:c4046, d677508c-6db9-4741-b51c-49af5e4cf22f:c4046]
2019-09-08 07:08:01,646 [grpc-default-executor-4] INFO  client.GrpcClientProtocolClient (GrpcClientProtocolClient.java:onNext(264)) - client-964B0EA39D34->4234af2c-5377-4886-a4e8-6fe45d0af45e: receive RaftClientReply:client-964B0EA39D34->4234af2c-5377-4886-a4e8-6fe45d0af45e@group-A1165329A1F1, cid=2724, SUCCESS, logIndex=0, commits[4234af2c-5377-4886-a4e8-6fe45d0af45e:c4052, cef72988-acf5-49ad-9ec7-695a80e7a66d:c4048, d677508c-6db9-4741-b51c-49af5e4cf22f:c4048]
2019-09-08 07:08:01,667 [grpc-default-executor-3] INFO  client.GrpcClientProtocolClient (GrpcClientProtocolClient.java:onNext(264)) - client-964B0EA39D34->4234af2c-5377-4886-a4e8-6fe45d0af45e: receive RaftClientReply:client-964B0EA39D34->4234af2c-5377-4886-a4e8-6fe45d0af45e@group-A1165329A1F1, cid=2725, SUCCESS, logIndex=4055, commits[4234af2c-5377-4886-a4e8-6fe45d0af45e:c4056, cef72988-acf5-49ad-9ec7-695a80e7a66d:c4054, d677508c-6db9-4741-b51c-49af5e4cf22f:c4054]
2019-09-08 07:08:01,667 [grpc-default-executor-3] INFO  client.GrpcClientProtocolClient (GrpcClientProtocolClient.java:onNext(264)) - client-964B0EA39D34->4234af2c-5377-4886-a4e8-6fe45d0af45e: receive RaftClientReply:client-964B0EA39D34->4234af2c-5377-4886-a4e8-6fe45d0af45e@group-A1165329A1F1, cid=2726, SUCCESS, logIndex=4056, commits[4234af2c-5377-4886-a4e8-6fe45d0af45e:c4056, cef72988-acf5-49ad-9ec7-695a80e7a66d:c4054, d677508c-6db9-4741-b51c-49af5e4cf22f:c4054]
2019-09-08 07:08:01,832 [grpc-default-executor-4] INFO  client.GrpcClientProtocolClient (GrpcClientProtocolClient.java:onNext(264)) - client-964B0EA39D34->4234af2c-5377-4886-a4e8-6fe45d0af45e: receive RaftClientReply:client-964B0EA39D34->4234af2c-5377-4886-a4e8-6fe45d0af45e@group-A1165329A1F1, cid=2727, SUCCESS, logIndex=4059, commits[4234af2c-5377-4886-a4e8-6fe45d0af45e:c4060, cef72988-acf5-49ad-9ec7-695a80e7a66d:c4056, d677508c-6db9-4741-b51c-49af5e4cf22f:c4056]
2019-09-08 07:08:01,832 [grpc-default-executor-4] INFO  client.GrpcClientProtocolClient (GrpcClientProtocolClient.java:onNext(264)) - client-964B0EA39D34->4234af2c-5377-4886-a4e8-6fe45d0af45e: receive RaftClientReply:client-964B0EA39D34->4234af2c-5377-4886-a4e8-6fe45d0af45e@group-A1165329A1F1, cid=2728, SUCCESS, logIndex=4060, commits[4234af2c-5377-4886-a4e8-6fe45d0af45e:c4060, cef72988-acf5-49ad-9ec7-695a80e7a66d:c4056, d677508c-6db9-4741-b51c-49af5e4cf22f:c4056]
2019-09-08 07:08:01,843 [grpc-default-executor-4] INFO  client.GrpcClientProtocolClient (GrpcClientProtocolClient.java:onNext(264)) - client-964B0EA39D34->4234af2c-5377-4886-a4e8-6fe45d0af45e: receive RaftClientReply:client-964B0EA39D34->4234af2c-5377-4886-a4e8-6fe45d0af45e@group-A1165329A1F1, cid=2729, SUCCESS, logIndex=0, commits[4234af2c-5377-4886-a4e8-6fe45d0af45e:c4061, cef72988-acf5-49ad-9ec7-695a80e7a66d:c4060, d677508c-6db9-4741-b51c-49af5e4cf22f:c4060]
2019-09-08 07:08:01,871 [grpc-default-executor-5] INFO  client.GrpcClientProtocolClient (GrpcClientProtocolClient.java:onNext(264)) - client-964B0EA39D34->4234af2c-5377-4886-a4e8-6fe45d0af45e: receive RaftClientReply:client-964B0EA39D34->4234af2c-5377-4886-a4e8-6fe45d0af45e@group-A1165329A1F1, cid=2730, SUCCESS, logIndex=4063, commits[4234af2c-5377-4886-a4e8-6fe45d0af45e:c4065, cef72988-acf5-49ad-9ec7-695a80e7a66d:c4062, d677508c-6db9-4741-b51c-49af5e4cf22f:c4062]
2019-09-08 07:08:01,871 [grpc-default-executor-5] INFO  client.GrpcClientProtocolClient (GrpcClientProtocolClient.java:onNext(264)) - client-964B0EA39D34->4234af2c-5377-4886-a4e8-6fe45d0af45e: receive RaftClientReply:client-964B0EA39D34->4234af2c-5377-4886-a4e8-6fe45d0af45e@group-A1165329A1F1, cid=2731, SUCCESS, logIndex=4064, commits[4234af2c-5377-4886-a4e8-6fe45d0af45e:c4066, cef72988-acf5-49ad-9ec7-695a80e7a66d:c4062, d677508c-6db9-4741-b51c-49af5e4cf22f:c4062]
2019-09-08 07:08:01,871 [grpc-default-executor-5] INFO  client.GrpcClientProtocolClient (GrpcClientProtocolClient.java:onNext(264)) - client-964B0EA39D34->4234af2c-5377-4886-a4e8-6fe45d0af45e: receive RaftClientReply:client-964B0EA39D34->4234af2c-5377-4886-a4e8-6fe45d0af45e@group-A1165329A1F1, cid=2732, SUCCESS, logIndex=4065, commits[4234af2c-5377-4886-a4e8-6fe45d0af45e:c4066, cef72988-acf5-49ad-9ec7-695a80e7a66d:c4062, d677508c-6db9-4741-b51c-49af5e4cf22f:c4062]
2019-09-08 07:08:01,872 [grpc-default-executor-5] INFO  client.GrpcClientProtocolClient (GrpcClientProtocolClient.java:onNext(264)) - client-964B0EA39D34->4234af2c-5377-4886-a4e8-6fe45d0af45e: receive RaftClientReply:client-964B0EA39D34->4234af2c-5377-4886-a4e8-6fe45d0af45e@group-A1165329A1F1, cid=2733, SUCCESS, logIndex=4066, commits[4234af2c-5377-4886-a4e8-6fe45d0af45e:c4067, cef72988-acf5-49ad-9ec7-695a80e7a66d:c4062, d677508c-6db9-4741-b51c-49af5e4cf22f:c4063]
2019-09-08 07:08:01,873 [grpc-default-executor-5] INFO  client.GrpcClientProtocolClient (GrpcClientProtocolClient.java:onNext(264)) - client-964B0EA39D34->4234af2c-5377-4886-a4e8-6fe45d0af45e: receive RaftClientReply:client-964B0EA39D34->4234af2c-5377-4886-a4e8-6fe45d0af45e@group-A1165329A1F1, cid=2734, SUCCESS, logIndex=0, commits[4234af2c-5377-4886-a4e8-6fe45d0af45e:c4068, cef72988-acf5-49ad-9ec7-695a80e7a66d:c4065, d677508c-6db9-4741-b51c-49af5e4cf22f:c4065]
2019-09-08 07:08:01,892 [grpc-default-executor-4] INFO  client.GrpcClientProtocolClient (GrpcClientProtocolClient.java:onNext(264)) - client-964B0EA39D34->4234af2c-5377-4886-a4e8-6fe45d0af45e: receive RaftClientReply:client-964B0EA39D34->4234af2c-5377-4886-a4e8-6fe45d0af45e@group-A1165329A1F1, cid=2735, SUCCESS, logIndex=4071, commits[4234af2c-5377-4886-a4e8-6fe45d0af45e:c4072, cef72988-acf5-49ad-9ec7-695a80e7a66d:c4070, d677508c-6db9-4741-b51c-49af5e4cf22f:c4070]
2019-09-08 07:08:01,892 [grpc-default-executor-4] INFO  client.GrpcClientProtocolClient (GrpcClientProtocolClient.java:onNext(264)) - client-964B0EA39D34->4234af2c-5377-4886-a4e8-6fe45d0af45e: receive RaftClientReply:client-964B0EA39D34->4234af2c-5377-4886-a4e8-6fe45d0af45e@group-A1165329A1F1, cid=2736, SUCCESS, logIndex=4072, commits[4234af2c-5377-4886-a4e8-6fe45d0af45e:c4072, cef72988-acf5-49ad-9ec7-695a80e7a66d:c4070, d677508c-6db9-4741-b51c-49af5e4cf22f:c4070]
2019-09-08 07:08:01,907 [grpc-default-executor-3] INFO  client.GrpcClientProtocolClient (GrpcClientProtocolClient.java:onNext(264)) - client-964B0EA39D34->4234af2c-5377-4886-a4e8-6fe45d0af45e: receive RaftClientReply:client-964B0EA39D34->4234af2c-5377-4886-a4e8-6fe45d0af45e@group-A1165329A1F1, cid=2737, SUCCESS, logIndex=4075, commits[4234af2c-5377-4886-a4e8-6fe45d0af45e:c4076, cef72988-acf5-49ad-9ec7-695a80e7a66d:c4072, d677508c-6db9-4741-b51c-49af5e4cf22f:c4072]
2019-09-08 07:08:01,907 [grpc-default-executor-3] INFO  client.GrpcClientProtocolClient (GrpcClientProtocolClient.java:onNext(264)) - client-964B0EA39D34->4234af2c-5377-4886-a4e8-6fe45d0af45e: receive RaftClientReply:client-964B0EA39D34->4234af2c-5377-4886-a4e8-6fe45d0af45e@group-A1165329A1F1, cid=2738, SUCCESS, logIndex=4076, commits[4234af2c-5377-4886-a4e8-6fe45d0af45e:c4076, cef72988-acf5-49ad-9ec7-695a80e7a66d:c4072, d677508c-6db9-4741-b51c-49af5e4cf22f:c4072]
2019-09-08 07:08:01,929 [grpc-default-executor-3] INFO  client.GrpcClientProtocolClient (GrpcClientProtocolClient.java:onNext(264)) - client-964B0EA39D34->4234af2c-5377-4886-a4e8-6fe45d0af45e: receive RaftClientReply:client-964B0EA39D34->4234af2c-5377-4886-a4e8-6fe45d0af45e@group-A1165329A1F1, cid=2739, SUCCESS, logIndex=0, commits[4234af2c-5377-4886-a4e8-6fe45d0af45e:c4078, cef72988-acf5-49ad-9ec7-695a80e7a66d:c4076, d677508c-6db9-4741-b51c-49af5e4cf22f:c4076]
2019-09-08 07:08:01,954 [grpc-default-executor-3] INFO  client.GrpcClientProtocolClient (GrpcClientProtocolClient.java:onNext(264)) - client-964B0EA39D34->4234af2c-5377-4886-a4e8-6fe45d0af45e: receive RaftClientReply:client-964B0EA39D34->4234af2c-5377-4886-a4e8-6fe45d0af45e@group-A1165329A1F1, cid=2740, SUCCESS, logIndex=4079, commits[4234af2c-5377-4886-a4e8-6fe45d0af45e:c4080, cef72988-acf5-49ad-9ec7-695a80e7a66d:c4078, d677508c-6db9-4741-b51c-49af5e4cf22f:c4078]
2019-09-08 07:08:01,954 [grpc-default-executor-3] INFO  client.GrpcClientProtocolClient (GrpcClientProtocolClient.java:onNext(264)) - client-964B0EA39D34->4234af2c-5377-4886-a4e8-6fe45d0af45e: receive RaftClientReply:client-964B0EA39D34->4234af2c-5377-4886-a4e8-6fe45d0af45e@group-A1165329A1F1, cid=2741, SUCCESS, logIndex=4080, commits[4234af2c-5377-4886-a4e8-6fe45d0af45e:c4080, cef72988-acf5-49ad-9ec7-695a80e7a66d:c4078, d677508c-6db9-4741-b51c-49af5e4cf22f:c4078]
2019-09-08 07:08:01,967 [grpc-default-executor-4] INFO  client.GrpcClientProtocolClient (GrpcClientProtocolClient.java:onNext(264)) - client-964B0EA39D34->4234af2c-5377-4886-a4e8-6fe45d0af45e: receive RaftClientReply:client-964B0EA39D34->4234af2c-5377-4886-a4e8-6fe45d0af45e@group-A1165329A1F1, cid=2742, SUCCESS, logIndex=4081, commits[4234af2c-5377-4886-a4e8-6fe45d0af45e:c4082, cef72988-acf5-49ad-9ec7-695a80e7a66d:c4078, d677508c-6db9-4741-b51c-49af5e4cf22f:c4078]
2019-09-08 07:08:01,967 [grpc-default-executor-4] INFO  client.GrpcClientProtocolClient (GrpcClientProtocolClient.java:onNext(264)) - client-964B0EA39D34->4234af2c-5377-4886-a4e8-6fe45d0af45e: receive RaftClientReply:client-964B0EA39D34->4234af2c-5377-4886-a4e8-6fe45d0af45e@group-A1165329A1F1, cid=2743, SUCCESS, logIndex=4082, commits[4234af2c-5377-4886-a4e8-6fe45d0af45e:c4082, cef72988-acf5-49ad-9ec7-695a80e7a66d:c4078, d677508c-6db9-4741-b51c-49af5e4cf22f:c4078]
2019-09-08 07:08:01,971 [grpc-default-executor-3] INFO  client.GrpcClientProtocolClient (GrpcClientProtocolClient.java:onNext(264)) - client-964B0EA39D34->4234af2c-5377-4886-a4e8-6fe45d0af45e: receive RaftClientReply:client-964B0EA39D34->4234af2c-5377-4886-a4e8-6fe45d0af45e@group-A1165329A1F1, cid=2744, SUCCESS, logIndex=0, commits[4234af2c-5377-4886-a4e8-6fe45d0af45e:c4085, cef72988-acf5-49ad-9ec7-695a80e7a66d:c4080, d677508c-6db9-4741-b51c-49af5e4cf22f:c4082]
2019-09-08 07:08:01,988 [grpc-default-executor-0] INFO  client.GrpcClientProtocolClient (GrpcClientProtocolClient.java:onNext(264)) - client-964B0EA39D34->4234af2c-5377-4886-a4e8-6fe45d0af45e: receive RaftClientReply:client-964B0EA39D34->4234af2c-5377-4886-a4e8-6fe45d0af45e@group-A1165329A1F1, cid=2745, SUCCESS, logIndex=4086, commits[4234af2c-5377-4886-a4e8-6fe45d0af45e:c4087, cef72988-acf5-49ad-9ec7-695a80e7a66d:c4085, d677508c-6db9-4741-b51c-49af5e4cf22f:c4085]
2019-09-08 07:08:01,988 [grpc-default-executor-0] INFO  client.GrpcClientProtocolClient (GrpcClientProtocolClient.java:onNext(264)) - client-964B0EA39D34->4234af2c-5377-4886-a4e8-6fe45d0af45e: receive RaftClientReply:client-964B0EA39D34->4234af2c-5377-4886-a4e8-6fe45d0af45e@group-A1165329A1F1, cid=2746, SUCCESS, logIndex=4087, commits[4234af2c-5377-4886-a4e8-6fe45d0af45e:c4087, cef72988-acf5-49ad-9ec7-695a80e7a66d:c4085, d677508c-6db9-4741-b51c-49af5e4cf22f:c4085]
2019-09-08 07:08:02,005 [grpc-default-executor-3] INFO  client.GrpcClientProtocolClient (GrpcClientProtocolClient.java:onNext(264)) - client-964B0EA39D34->4234af2c-5377-4886-a4e8-6fe45d0af45e: receive RaftClientReply:client-964B0EA39D34->4234af2c-5377-4886-a4e8-6fe45d0af45e@group-A1165329A1F1, cid=2747, SUCCESS, logIndex=4090, commits[4234af2c-5377-4886-a4e8-6fe45d0af45e:c4091, cef72988-acf5-49ad-9ec7-695a80e7a66d:c4087, d677508c-6db9-4741-b51c-49af5e4cf22f:c4087]
2019-09-08 07:08:02,005 [grpc-default-executor-3] INFO  client.GrpcClientProtocolClient (GrpcClientProtocolClient.java:onNext(264)) - client-964B0EA39D34->4234af2c-5377-4886-a4e8-6fe45d0af45e: receive RaftClientReply:client-964B0EA39D34->4234af2c-5377-4886-a4e8-6fe45d0af45e@group-A1165329A1F1, cid=2748, SUCCESS, logIndex=4091, commits[4234af2c-5377-4886-a4e8-6fe45d0af45e:c4091, cef72988-acf5-49ad-9ec7-695a80e7a66d:c4087, d677508c-6db9-4741-b51c-49af5e4cf22f:c4087]
2019-09-08 07:08:02,017 [grpc-default-executor-3] INFO  client.GrpcClientProtocolClient (GrpcClientProtocolClient.java:onNext(264)) - client-964B0EA39D34->4234af2c-5377-4886-a4e8-6fe45d0af45e: receive RaftClientReply:client-964B0EA39D34->4234af2c-5377-4886-a4e8-6fe45d0af45e@group-A1165329A1F1, cid=2749, SUCCESS, logIndex=0, commits[4234af2c-5377-4886-a4e8-6fe45d0af45e:c4093, cef72988-acf5-49ad-9ec7-695a80e7a66d:c4091, d677508c-6db9-4741-b51c-49af5e4cf22f:c4091]
2019-09-08 07:08:02,043 [grpc-default-executor-3] INFO  client.GrpcClientProtocolClient (GrpcClientProtocolClient.java:onNext(264)) - client-964B0EA39D34->4234af2c-5377-4886-a4e8-6fe45d0af45e: receive RaftClientReply:client-964B0EA39D34->4234af2c-5377-4886-a4e8-6fe45d0af45e@group-A1165329A1F1, cid=2750, SUCCESS, logIndex=4094, commits[4234af2c-5377-4886-a4e8-6fe45d0af45e:c4094, cef72988-acf5-49ad-9ec7-695a80e7a66d:c4093, d677508c-6db9-4741-b51c-49af5e4cf22f:c4093]
2019-09-08 07:08:02,044 [grpc-default-executor-3] INFO  client.GrpcClientProtocolClient (GrpcClientProtocolClient.java:onNext(264)) - client-964B0EA39D34->4234af2c-5377-4886-a4e8-6fe45d0af45e: receive RaftClientReply:client-964B0EA39D34->4234af2c-5377-4886-a4e8-6fe45d0af45e@group-A1165329A1F1, cid=2751, SUCCESS, logIndex=4095, commits[4234af2c-5377-4886-a4e8-6fe45d0af45e:c4097, cef72988-acf5-49ad-9ec7-695a80e7a66d:c4093, d677508c-6db9-4741-b51c-49af5e4cf22f:c4093]
2019-09-08 07:08:02,044 [grpc-default-executor-3] INFO  client.GrpcClientProtocolClient (GrpcClientProtocolClient.java:onNext(264)) - client-964B0EA39D34->4234af2c-5377-4886-a4e8-6fe45d0af45e: receive RaftClientReply:client-964B0EA39D34->4234af2c-5377-4886-a4e8-6fe45d0af45e@group-A1165329A1F1, cid=2752, SUCCESS, logIndex=4096, commits[4234af2c-5377-4886-a4e8-6fe45d0af45e:c4097, cef72988-acf5-49ad-9ec7-695a80e7a66d:c4093, d677508c-6db9-4741-b51c-49af5e4cf22f:c4093]
2019-09-08 07:08:02,044 [grpc-default-executor-3] INFO  client.GrpcClientProtocolClient (GrpcClientProtocolClient.java:onNext(264)) - client-964B0EA39D34->4234af2c-5377-4886-a4e8-6fe45d0af45e: receive RaftClientReply:client-964B0EA39D34->4234af2c-5377-4886-a4e8-6fe45d0af45e@group-A1165329A1F1, cid=2753, SUCCESS, logIndex=4097, commits[4234af2c-5377-4886-a4e8-6fe45d0af45e:c4097, cef72988-acf5-49ad-9ec7-695a80e7a66d:c4093, d677508c-6db9-4741-b51c-49af5e4cf22f:c4093]
2019-09-08 07:08:02,070 [grpc-default-executor-3] INFO  client.GrpcClientProtocolClient (GrpcClientProtocolClient.java:onNext(264)) - client-964B0EA39D34->4234af2c-5377-4886-a4e8-6fe45d0af45e: receive RaftClientReply:client-964B0EA39D34->4234af2c-5377-4886-a4e8-6fe45d0af45e@group-A1165329A1F1, cid=2754, SUCCESS, logIndex=0, commits[4234af2c-5377-4886-a4e8-6fe45d0af45e:c4099, cef72988-acf5-49ad-9ec7-695a80e7a66d:c4096, d677508c-6db9-4741-b51c-49af5e4cf22f:c4096]
2019-09-08 07:08:02,089 [grpc-default-executor-4] INFO  client.GrpcClientProtocolClient (GrpcClientProtocolClient.java:onNext(264)) - client-964B0EA39D34->4234af2c-5377-4886-a4e8-6fe45d0af45e: receive RaftClientReply:client-964B0EA39D34->4234af2c-5377-4886-a4e8-6fe45d0af45e@group-A1165329A1F1, cid=2755, SUCCESS, logIndex=4101, commits[4234af2c-5377-4886-a4e8-6fe45d0af45e:c4102, cef72988-acf5-49ad-9ec7-695a80e7a66d:c4100, d677508c-6db9-4741-b51c-49af5e4cf22f:c4100]
2019-09-08 07:08:02,089 [grpc-default-executor-4] INFO  client.GrpcClientProtocolClient (GrpcClientProtocolClient.java:onNext(264)) - client-964B0EA39D34->4234af2c-5377-4886-a4e8-6fe45d0af45e: receive RaftClientReply:client-964B0EA39D34->4234af2c-5377-4886-a4e8-6fe45d0af45e@group-A1165329A1F1, cid=2756, SUCCESS, logIndex=4102, commits[4234af2c-5377-4886-a4e8-6fe45d0af45e:c4102, cef72988-acf5-49ad-9ec7-695a80e7a66d:c4100, d677508c-6db9-4741-b51c-49af5e4cf22f:c4100]
 0.00% |█                                                                                                    |  0/1 Time: 0:00:422019-09-08 07:08:02,105 [grpc-default-executor-4] INFO  client.GrpcClientProtocolClient (GrpcClientProtocolClient.java:onNext(264)) - client-964B0EA39D34->4234af2c-5377-4886-a4e8-6fe45d0af45e: receive RaftClientReply:client-964B0EA39D34->4234af2c-5377-4886-a4e8-6fe45d0af45e@group-A1165329A1F1, cid=2757, SUCCESS, logIndex=4105, commits[4234af2c-5377-4886-a4e8-6fe45d0af45e:c4106, cef72988-acf5-49ad-9ec7-695a80e7a66d:c4104, d677508c-6db9-4741-b51c-49af5e4cf22f:c4104]
2019-09-08 07:08:02,105 [grpc-default-executor-4] INFO  client.GrpcClientProtocolClient (GrpcClientProtocolClient.java:onNext(264)) - client-964B0EA39D34->4234af2c-5377-4886-a4e8-6fe45d0af45e: receive RaftClientReply:client-964B0EA39D34->4234af2c-5377-4886-a4e8-6fe45d0af45e@group-A1165329A1F1, cid=2758, SUCCESS, logIndex=4106, commits[4234af2c-5377-4886-a4e8-6fe45d0af45e:c4106, cef72988-acf5-49ad-9ec7-695a80e7a66d:c4104, d677508c-6db9-4741-b51c-49af5e4cf22f:c4104]
2019-09-08 07:08:02,118 [grpc-default-executor-4] INFO  client.GrpcClientProtocolClient (GrpcClientProtocolClient.java:onNext(264)) - client-964B0EA39D34->4234af2c-5377-4886-a4e8-6fe45d0af45e: receive RaftClientReply:client-964B0EA39D34->4234af2c-5377-4886-a4e8-6fe45d0af45e@group-A1165329A1F1, cid=2759, SUCCESS, logIndex=0, commits[4234af2c-5377-4886-a4e8-6fe45d0af45e:c4108, cef72988-acf5-49ad-9ec7-695a80e7a66d:c4106, d677508c-6db9-4741-b51c-49af5e4cf22f:c4106]
2019-09-08 07:08:02,163 [grpc-default-executor-5] INFO  client.GrpcClientProtocolClient (GrpcClientProtocolClient.java:onNext(264)) - client-964B0EA39D34->4234af2c-5377-4886-a4e8-6fe45d0af45e: receive RaftClientReply:client-964B0EA39D34->4234af2c-5377-4886-a4e8-6fe45d0af45e@group-A1165329A1F1, cid=2760, SUCCESS, logIndex=4109, commits[4234af2c-5377-4886-a4e8-6fe45d0af45e:c4110, cef72988-acf5-49ad-9ec7-695a80e7a66d:c4108, d677508c-6db9-4741-b51c-49af5e4cf22f:c4108]
2019-09-08 07:08:02,164 [grpc-default-executor-5] INFO  client.GrpcClientProtocolClient (GrpcClientProtocolClient.java:onNext(264)) - client-964B0EA39D34->4234af2c-5377-4886-a4e8-6fe45d0af45e: receive RaftClientReply:client-964B0EA39D34->4234af2c-5377-4886-a4e8-6fe45d0af45e@group-A1165329A1F1, cid=2761, SUCCESS, logIndex=4110, commits[4234af2c-5377-4886-a4e8-6fe45d0af45e:c4112, cef72988-acf5-49ad-9ec7-695a80e7a66d:c4108, d677508c-6db9-4741-b51c-49af5e4cf22f:c4108]
2019-09-08 07:08:02,164 [grpc-default-executor-5] INFO  client.GrpcClientProtocolClient (GrpcClientProtocolClient.java:onNext(264)) - client-964B0EA39D34->4234af2c-5377-4886-a4e8-6fe45d0af45e: receive RaftClientReply:client-964B0EA39D34->4234af2c-5377-4886-a4e8-6fe45d0af45e@group-A1165329A1F1, cid=2762, SUCCESS, logIndex=4111, commits[4234af2c-5377-4886-a4e8-6fe45d0af45e:c4112, cef72988-acf5-49ad-9ec7-695a80e7a66d:c4108, d677508c-6db9-4741-b51c-49af5e4cf22f:c4108]
2019-09-08 07:08:02,164 [grpc-default-executor-5] INFO  client.GrpcClientProtocolClient (GrpcClientProtocolClient.java:onNext(264)) - client-964B0EA39D34->4234af2c-5377-4886-a4e8-6fe45d0af45e: receive RaftClientReply:client-964B0EA39D34->4234af2c-5377-4886-a4e8-6fe45d0af45e@group-A1165329A1F1, cid=2763, SUCCESS, logIndex=4112, commits[4234af2c-5377-4886-a4e8-6fe45d0af45e:c4112, cef72988-acf5-49ad-9ec7-695a80e7a66d:c4108, d677508c-6db9-4741-b51c-49af5e4cf22f:c4108]
2019-09-08 07:08:02,182 [grpc-default-executor-5] INFO  client.GrpcClientProtocolClient (GrpcClientProtocolClient.java:onNext(264)) - client-964B0EA39D34->4234af2c-5377-4886-a4e8-6fe45d0af45e: receive RaftClientReply:client-964B0EA39D34->4234af2c-5377-4886-a4e8-6fe45d0af45e@group-A1165329A1F1, cid=2764, SUCCESS, logIndex=0, commits[4234af2c-5377-4886-a4e8-6fe45d0af45e:c4115, cef72988-acf5-49ad-9ec7-695a80e7a66d:c4110, d677508c-6db9-4741-b51c-49af5e4cf22f:c4112]
2019-09-08 07:08:02,194 [grpc-default-executor-5] INFO  client.GrpcClientProtocolClient (GrpcClientProtocolClient.java:onNext(264)) - client-964B0EA39D34->4234af2c-5377-4886-a4e8-6fe45d0af45e: receive RaftClientReply:client-964B0EA39D34->4234af2c-5377-4886-a4e8-6fe45d0af45e@group-A1165329A1F1, cid=2765, SUCCESS, logIndex=4116, commits[4234af2c-5377-4886-a4e8-6fe45d0af45e:c4117, cef72988-acf5-49ad-9ec7-695a80e7a66d:c4115, d677508c-6db9-4741-b51c-49af5e4cf22f:c4115]
2019-09-08 07:08:02,195 [grpc-default-executor-5] INFO  client.GrpcClientProtocolClient (GrpcClientProtocolClient.java:onNext(264)) - client-964B0EA39D34->4234af2c-5377-4886-a4e8-6fe45d0af45e: receive RaftClientReply:client-964B0EA39D34->4234af2c-5377-4886-a4e8-6fe45d0af45e@group-A1165329A1F1, cid=2766, SUCCESS, logIndex=4117, commits[4234af2c-5377-4886-a4e8-6fe45d0af45e:c4117, cef72988-acf5-49ad-9ec7-695a80e7a66d:c4115, d677508c-6db9-4741-b51c-49af5e4cf22f:c4115]
2019-09-08 07:08:02,211 [grpc-default-executor-0] INFO  client.GrpcClientProtocolClient (GrpcClientProtocolClient.java:onNext(264)) - client-964B0EA39D34->4234af2c-5377-4886-a4e8-6fe45d0af45e: receive RaftClientReply:client-964B0EA39D34->4234af2c-5377-4886-a4e8-6fe45d0af45e@group-A1165329A1F1, cid=2767, SUCCESS, logIndex=4120, commits[4234af2c-5377-4886-a4e8-6fe45d0af45e:c4121, cef72988-acf5-49ad-9ec7-695a80e7a66d:c4119, d677508c-6db9-4741-b51c-49af5e4cf22f:c4119]
2019-09-08 07:08:02,211 [grpc-default-executor-0] INFO  client.GrpcClientProtocolClient (GrpcClientProtocolClient.java:onNext(264)) - client-964B0EA39D34->4234af2c-5377-4886-a4e8-6fe45d0af45e: receive RaftClientReply:client-964B0EA39D34->4234af2c-5377-4886-a4e8-6fe45d0af45e@group-A1165329A1F1, cid=2768, SUCCESS, logIndex=4121, commits[4234af2c-5377-4886-a4e8-6fe45d0af45e:c4121, cef72988-acf5-49ad-9ec7-695a80e7a66d:c4119, d677508c-6db9-4741-b51c-49af5e4cf22f:c4119]
2019-09-08 07:08:02,225 [grpc-default-executor-3] INFO  client.GrpcClientProtocolClient (GrpcClientProtocolClient.java:onNext(264)) - client-964B0EA39D34->4234af2c-5377-4886-a4e8-6fe45d0af45e: receive RaftClientReply:client-964B0EA39D34->4234af2c-5377-4886-a4e8-6fe45d0af45e@group-A1165329A1F1, cid=2769, SUCCESS, logIndex=0, commits[4234af2c-5377-4886-a4e8-6fe45d0af45e:c4123, cef72988-acf5-49ad-9ec7-695a80e7a66d:c4121, d677508c-6db9-4741-b51c-49af5e4cf22f:c4121]
2019-09-08 07:08:02,251 [grpc-default-executor-0] INFO  client.GrpcClientProtocolClient (GrpcClientProtocolClient.java:onNext(264)) - client-964B0EA39D34->4234af2c-5377-4886-a4e8-6fe45d0af45e: receive RaftClientReply:client-964B0EA39D34->4234af2c-5377-4886-a4e8-6fe45d0af45e@group-A1165329A1F1, cid=2770, SUCCESS, logIndex=4124, commits[4234af2c-5377-4886-a4e8-6fe45d0af45e:c4125, cef72988-acf5-49ad-9ec7-695a80e7a66d:c4123, d677508c-6db9-4741-b51c-49af5e4cf22f:c4123]
2019-09-08 07:08:02,252 [grpc-default-executor-4] INFO  client.GrpcClientProtocolClient (GrpcClientProtocolClient.java:onNext(264)) - client-964B0EA39D34->4234af2c-5377-4886-a4e8-6fe45d0af45e: receive RaftClientReply:client-964B0EA39D34->4234af2c-5377-4886-a4e8-6fe45d0af45e@group-A1165329A1F1, cid=2771, SUCCESS, logIndex=4125, commits[4234af2c-5377-4886-a4e8-6fe45d0af45e:c4127, cef72988-acf5-49ad-9ec7-695a80e7a66d:c4123, d677508c-6db9-4741-b51c-49af5e4cf22f:c4123]
2019-09-08 07:08:02,252 [grpc-default-executor-4] INFO  client.GrpcClientProtocolClient (GrpcClientProtocolClient.java:onNext(264)) - client-964B0EA39D34->4234af2c-5377-4886-a4e8-6fe45d0af45e: receive RaftClientReply:client-964B0EA39D34->4234af2c-5377-4886-a4e8-6fe45d0af45e@group-A1165329A1F1, cid=2772, SUCCESS, logIndex=4126, commits[4234af2c-5377-4886-a4e8-6fe45d0af45e:c4127, cef72988-acf5-49ad-9ec7-695a80e7a66d:c4123, d677508c-6db9-4741-b51c-49af5e4cf22f:c4123]
2019-09-08 07:08:02,252 [grpc-default-executor-4] INFO  client.GrpcClientProtocolClient (GrpcClientProtocolClient.java:onNext(264)) - client-964B0EA39D34->4234af2c-5377-4886-a4e8-6fe45d0af45e: receive RaftClientReply:client-964B0EA39D34->4234af2c-5377-4886-a4e8-6fe45d0af45e@group-A1165329A1F1, cid=2773, SUCCESS, logIndex=4127, commits[4234af2c-5377-4886-a4e8-6fe45d0af45e:c4127, cef72988-acf5-49ad-9ec7-695a80e7a66d:c4123, d677508c-6db9-4741-b51c-49af5e4cf22f:c4123]
2019-09-08 07:08:02,266 [grpc-default-executor-4] INFO  client.GrpcClientProtocolClient (GrpcClientProtocolClient.java:onNext(264)) - client-964B0EA39D34->4234af2c-5377-4886-a4e8-6fe45d0af45e: receive RaftClientReply:client-964B0EA39D34->4234af2c-5377-4886-a4e8-6fe45d0af45e@group-A1165329A1F1, cid=2774, SUCCESS, logIndex=0, commits[4234af2c-5377-4886-a4e8-6fe45d0af45e:c4131, cef72988-acf5-49ad-9ec7-695a80e7a66d:c4127, d677508c-6db9-4741-b51c-49af5e4cf22f:c4125]
2019-09-08 07:08:02,284 [grpc-default-executor-0] INFO  client.GrpcClientProtocolClient (GrpcClientProtocolClient.java:onNext(264)) - client-964B0EA39D34->4234af2c-5377-4886-a4e8-6fe45d0af45e: receive RaftClientReply:client-964B0EA39D34->4234af2c-5377-4886-a4e8-6fe45d0af45e@group-A1165329A1F1, cid=2775, SUCCESS, logIndex=4132, commits[4234af2c-5377-4886-a4e8-6fe45d0af45e:c4133, cef72988-acf5-49ad-9ec7-695a80e7a66d:c4131, d677508c-6db9-4741-b51c-49af5e4cf22f:c4131]
2019-09-08 07:08:02,284 [grpc-default-executor-0] INFO  client.GrpcClientProtocolClient (GrpcClientProtocolClient.java:onNext(264)) - client-964B0EA39D34->4234af2c-5377-4886-a4e8-6fe45d0af45e: receive RaftClientReply:client-964B0EA39D34->4234af2c-5377-4886-a4e8-6fe45d0af45e@group-A1165329A1F1, cid=2776, SUCCESS, logIndex=4133, commits[4234af2c-5377-4886-a4e8-6fe45d0af45e:c4133, cef72988-acf5-49ad-9ec7-695a80e7a66d:c4131, d677508c-6db9-4741-b51c-49af5e4cf22f:c4131]
2019-09-08 07:08:02,309 [grpc-default-executor-3] INFO  client.GrpcClientProtocolClient (GrpcClientProtocolClient.java:onNext(264)) - client-964B0EA39D34->4234af2c-5377-4886-a4e8-6fe45d0af45e: receive RaftClientReply:client-964B0EA39D34->4234af2c-5377-4886-a4e8-6fe45d0af45e@group-A1165329A1F1, cid=2777, SUCCESS, logIndex=4136, commits[4234af2c-5377-4886-a4e8-6fe45d0af45e:c4136, cef72988-acf5-49ad-9ec7-695a80e7a66d:c4133, d677508c-6db9-4741-b51c-49af5e4cf22f:c4133]
2019-09-08 07:08:02,309 [grpc-default-executor-3] INFO  client.GrpcClientProtocolClient (GrpcClientProtocolClient.java:onNext(264)) - client-964B0EA39D34->4234af2c-5377-4886-a4e8-6fe45d0af45e: receive RaftClientReply:client-964B0EA39D34->4234af2c-5377-4886-a4e8-6fe45d0af45e@group-A1165329A1F1, cid=2778, SUCCESS, logIndex=4137, commits[4234af2c-5377-4886-a4e8-6fe45d0af45e:c4137, cef72988-acf5-49ad-9ec7-695a80e7a66d:c4133, d677508c-6db9-4741-b51c-49af5e4cf22f:c4133]
2019-09-08 07:08:02,313 [grpc-default-executor-3] INFO  client.GrpcClientProtocolClient (GrpcClientProtocolClient.java:onNext(264)) - client-964B0EA39D34->4234af2c-5377-4886-a4e8-6fe45d0af45e: receive RaftClientReply:client-964B0EA39D34->4234af2c-5377-4886-a4e8-6fe45d0af45e@group-A1165329A1F1, cid=2779, SUCCESS, logIndex=0, commits[4234af2c-5377-4886-a4e8-6fe45d0af45e:c4139, cef72988-acf5-49ad-9ec7-695a80e7a66d:c4137, d677508c-6db9-4741-b51c-49af5e4cf22f:c4137]
2019-09-08 07:08:02,341 [grpc-default-executor-0] INFO  client.GrpcClientProtocolClient (GrpcClientProtocolClient.java:onNext(264)) - client-964B0EA39D34->4234af2c-5377-4886-a4e8-6fe45d0af45e: receive RaftClientReply:client-964B0EA39D34->4234af2c-5377-4886-a4e8-6fe45d0af45e@group-A1165329A1F1, cid=2780, SUCCESS, logIndex=4140, commits[4234af2c-5377-4886-a4e8-6fe45d0af45e:c4142, cef72988-acf5-49ad-9ec7-695a80e7a66d:c4139, d677508c-6db9-4741-b51c-49af5e4cf22f:c4139]
2019-09-08 07:08:02,341 [grpc-default-executor-0] INFO  client.GrpcClientProtocolClient (GrpcClientProtocolClient.java:onNext(264)) - client-964B0EA39D34->4234af2c-5377-4886-a4e8-6fe45d0af45e: receive RaftClientReply:client-964B0EA39D34->4234af2c-5377-4886-a4e8-6fe45d0af45e@group-A1165329A1F1, cid=2781, SUCCESS, logIndex=4141, commits[4234af2c-5377-4886-a4e8-6fe45d0af45e:c4143, cef72988-acf5-49ad-9ec7-695a80e7a66d:c4139, d677508c-6db9-4741-b51c-49af5e4cf22f:c4139]
2019-09-08 07:08:02,341 [grpc-default-executor-0] INFO  client.GrpcClientProtocolClient (GrpcClientProtocolClient.java:onNext(264)) - client-964B0EA39D34->4234af2c-5377-4886-a4e8-6fe45d0af45e: receive RaftClientReply:client-964B0EA39D34->4234af2c-5377-4886-a4e8-6fe45d0af45e@group-A1165329A1F1, cid=2782, SUCCESS, logIndex=4142, commits[4234af2c-5377-4886-a4e8-6fe45d0af45e:c4143, cef72988-acf5-49ad-9ec7-695a80e7a66d:c4139, d677508c-6db9-4741-b51c-49af5e4cf22f:c4139]
2019-09-08 07:08:02,341 [grpc-default-executor-0] INFO  client.GrpcClientProtocolClient (GrpcClientProtocolClient.java:onNext(264)) - client-964B0EA39D34->4234af2c-5377-4886-a4e8-6fe45d0af45e: receive RaftClientReply:client-964B0EA39D34->4234af2c-5377-4886-a4e8-6fe45d0af45e@group-A1165329A1F1, cid=2783, SUCCESS, logIndex=4143, commits[4234af2c-5377-4886-a4e8-6fe45d0af45e:c4143, cef72988-acf5-49ad-9ec7-695a80e7a66d:c4139, d677508c-6db9-4741-b51c-49af5e4cf22f:c4139]
2019-09-08 07:08:02,345 [grpc-default-executor-0] INFO  client.GrpcClientProtocolClient (GrpcClientProtocolClient.java:onNext(264)) - client-964B0EA39D34->4234af2c-5377-4886-a4e8-6fe45d0af45e: receive RaftClientReply:client-964B0EA39D34->4234af2c-5377-4886-a4e8-6fe45d0af45e@group-A1165329A1F1, cid=2784, SUCCESS, logIndex=0, commits[4234af2c-5377-4886-a4e8-6fe45d0af45e:c4147, cef72988-acf5-49ad-9ec7-695a80e7a66d:c4143, d677508c-6db9-4741-b51c-49af5e4cf22f:c4141]
2019-09-08 07:08:02,362 [grpc-default-executor-4] INFO  client.GrpcClientProtocolClient (GrpcClientProtocolClient.java:onNext(264)) - client-964B0EA39D34->4234af2c-5377-4886-a4e8-6fe45d0af45e: receive RaftClientReply:client-964B0EA39D34->4234af2c-5377-4886-a4e8-6fe45d0af45e@group-A1165329A1F1, cid=2785, SUCCESS, logIndex=4148, commits[4234af2c-5377-4886-a4e8-6fe45d0af45e:c4149, cef72988-acf5-49ad-9ec7-695a80e7a66d:c4147, d677508c-6db9-4741-b51c-49af5e4cf22f:c4147]
2019-09-08 07:08:02,362 [grpc-default-executor-4] INFO  client.GrpcClientProtocolClient (GrpcClientProtocolClient.java:onNext(264)) - client-964B0EA39D34->4234af2c-5377-4886-a4e8-6fe45d0af45e: receive RaftClientReply:client-964B0EA39D34->4234af2c-5377-4886-a4e8-6fe45d0af45e@group-A1165329A1F1, cid=2786, SUCCESS, logIndex=4149, commits[4234af2c-5377-4886-a4e8-6fe45d0af45e:c4149, cef72988-acf5-49ad-9ec7-695a80e7a66d:c4147, d677508c-6db9-4741-b51c-49af5e4cf22f:c4147]
2019-09-08 07:08:02,379 [grpc-default-executor-3] INFO  client.GrpcClientProtocolClient (GrpcClientProtocolClient.java:onNext(264)) - client-964B0EA39D34->4234af2c-5377-4886-a4e8-6fe45d0af45e: receive RaftClientReply:client-964B0EA39D34->4234af2c-5377-4886-a4e8-6fe45d0af45e@group-A1165329A1F1, cid=2787, SUCCESS, logIndex=4152, commits[4234af2c-5377-4886-a4e8-6fe45d0af45e:c4153, cef72988-acf5-49ad-9ec7-695a80e7a66d:c4151, d677508c-6db9-4741-b51c-49af5e4cf22f:c4151]
2019-09-08 07:08:02,380 [grpc-default-executor-3] INFO  client.GrpcClientProtocolClient (GrpcClientProtocolClient.java:onNext(264)) - client-964B0EA39D34->4234af2c-5377-4886-a4e8-6fe45d0af45e: receive RaftClientReply:client-964B0EA39D34->4234af2c-5377-4886-a4e8-6fe45d0af45e@group-A1165329A1F1, cid=2788, SUCCESS, logIndex=4153, commits[4234af2c-5377-4886-a4e8-6fe45d0af45e:c4153, cef72988-acf5-49ad-9ec7-695a80e7a66d:c4151, d677508c-6db9-4741-b51c-49af5e4cf22f:c4151]
2019-09-08 07:08:02,382 [grpc-default-executor-0] INFO  client.GrpcClientProtocolClient (GrpcClientProtocolClient.java:onNext(264)) - client-964B0EA39D34->4234af2c-5377-4886-a4e8-6fe45d0af45e: receive RaftClientReply:client-964B0EA39D34->4234af2c-5377-4886-a4e8-6fe45d0af45e@group-A1165329A1F1, cid=2789, SUCCESS, logIndex=0, commits[4234af2c-5377-4886-a4e8-6fe45d0af45e:c4155, cef72988-acf5-49ad-9ec7-695a80e7a66d:c4153, d677508c-6db9-4741-b51c-49af5e4cf22f:c4153]
2019-09-08 07:08:02,406 [grpc-default-executor-5] INFO  client.GrpcClientProtocolClient (GrpcClientProtocolClient.java:onNext(264)) - client-964B0EA39D34->4234af2c-5377-4886-a4e8-6fe45d0af45e: receive RaftClientReply:client-964B0EA39D34->4234af2c-5377-4886-a4e8-6fe45d0af45e@group-A1165329A1F1, cid=2790, SUCCESS, logIndex=4156, commits[4234af2c-5377-4886-a4e8-6fe45d0af45e:c4158, cef72988-acf5-49ad-9ec7-695a80e7a66d:c4155, d677508c-6db9-4741-b51c-49af5e4cf22f:c4155]
2019-09-08 07:08:02,407 [grpc-default-executor-5] INFO  client.GrpcClientProtocolClient (GrpcClientProtocolClient.java:onNext(264)) - client-964B0EA39D34->4234af2c-5377-4886-a4e8-6fe45d0af45e: receive RaftClientReply:client-964B0EA39D34->4234af2c-5377-4886-a4e8-6fe45d0af45e@group-A1165329A1F1, cid=2791, SUCCESS, logIndex=4157, commits[4234af2c-5377-4886-a4e8-6fe45d0af45e:c4159, cef72988-acf5-49ad-9ec7-695a80e7a66d:c4155, d677508c-6db9-4741-b51c-49af5e4cf22f:c4155]
2019-09-08 07:08:02,407 [grpc-default-executor-5] INFO  client.GrpcClientProtocolClient (GrpcClientProtocolClient.java:onNext(264)) - client-964B0EA39D34->4234af2c-5377-4886-a4e8-6fe45d0af45e: receive RaftClientReply:client-964B0EA39D34->4234af2c-5377-4886-a4e8-6fe45d0af45e@group-A1165329A1F1, cid=2792, SUCCESS, logIndex=4158, commits[4234af2c-5377-4886-a4e8-6fe45d0af45e:c4159, cef72988-acf5-49ad-9ec7-695a80e7a66d:c4155, d677508c-6db9-4741-b51c-49af5e4cf22f:c4155]
2019-09-08 07:08:02,407 [grpc-default-executor-5] INFO  client.GrpcClientProtocolClient (GrpcClientProtocolClient.java:onNext(264)) - client-964B0EA39D34->4234af2c-5377-4886-a4e8-6fe45d0af45e: receive RaftClientReply:client-964B0EA39D34->4234af2c-5377-4886-a4e8-6fe45d0af45e@group-A1165329A1F1, cid=2793, SUCCESS, logIndex=4159, commits[4234af2c-5377-4886-a4e8-6fe45d0af45e:c4159, cef72988-acf5-49ad-9ec7-695a80e7a66d:c4155, d677508c-6db9-4741-b51c-49af5e4cf22f:c4155]
2019-09-08 07:08:02,410 [grpc-default-executor-5] INFO  client.GrpcClientProtocolClient (GrpcClientProtocolClient.java:onNext(264)) - client-964B0EA39D34->4234af2c-5377-4886-a4e8-6fe45d0af45e: receive RaftClientReply:client-964B0EA39D34->4234af2c-5377-4886-a4e8-6fe45d0af45e@group-A1165329A1F1, cid=2794, SUCCESS, logIndex=0, commits[4234af2c-5377-4886-a4e8-6fe45d0af45e:c4163, cef72988-acf5-49ad-9ec7-695a80e7a66d:c4159, d677508c-6db9-4741-b51c-49af5e4cf22f:c4157]
2019-09-08 07:08:02,426 [grpc-default-executor-5] INFO  client.GrpcClientProtocolClient (GrpcClientProtocolClient.java:onNext(264)) - client-964B0EA39D34->4234af2c-5377-4886-a4e8-6fe45d0af45e: receive RaftClientReply:client-964B0EA39D34->4234af2c-5377-4886-a4e8-6fe45d0af45e@group-A1165329A1F1, cid=2795, SUCCESS, logIndex=4164, commits[4234af2c-5377-4886-a4e8-6fe45d0af45e:c4165, cef72988-acf5-49ad-9ec7-695a80e7a66d:c4163, d677508c-6db9-4741-b51c-49af5e4cf22f:c4163]
2019-09-08 07:08:02,427 [grpc-default-executor-5] INFO  client.GrpcClientProtocolClient (GrpcClientProtocolClient.java:onNext(264)) - client-964B0EA39D34->4234af2c-5377-4886-a4e8-6fe45d0af45e: receive RaftClientReply:client-964B0EA39D34->4234af2c-5377-4886-a4e8-6fe45d0af45e@group-A1165329A1F1, cid=2796, SUCCESS, logIndex=4165, commits[4234af2c-5377-4886-a4e8-6fe45d0af45e:c4165, cef72988-acf5-49ad-9ec7-695a80e7a66d:c4163, d677508c-6db9-4741-b51c-49af5e4cf22f:c4163]
2019-09-08 07:08:02,440 [grpc-default-executor-3] INFO  client.GrpcClientProtocolClient (GrpcClientProtocolClient.java:onNext(264)) - client-964B0EA39D34->4234af2c-5377-4886-a4e8-6fe45d0af45e: receive RaftClientReply:client-964B0EA39D34->4234af2c-5377-4886-a4e8-6fe45d0af45e@group-A1165329A1F1, cid=2797, SUCCESS, logIndex=4168, commits[4234af2c-5377-4886-a4e8-6fe45d0af45e:c4169, cef72988-acf5-49ad-9ec7-695a80e7a66d:c4165, d677508c-6db9-4741-b51c-49af5e4cf22f:c4165]
2019-09-08 07:08:02,440 [grpc-default-executor-3] INFO  client.GrpcClientProtocolClient (GrpcClientProtocolClient.java:onNext(264)) - client-964B0EA39D34->4234af2c-5377-4886-a4e8-6fe45d0af45e: receive RaftClientReply:client-964B0EA39D34->4234af2c-5377-4886-a4e8-6fe45d0af45e@group-A1165329A1F1, cid=2798, SUCCESS, logIndex=4169, commits[4234af2c-5377-4886-a4e8-6fe45d0af45e:c4169, cef72988-acf5-49ad-9ec7-695a80e7a66d:c4165, d677508c-6db9-4741-b51c-49af5e4cf22f:c4165]
2019-09-08 07:08:02,456 [grpc-default-executor-3] INFO  client.GrpcClientProtocolClient (GrpcClientProtocolClient.java:onNext(264)) - client-964B0EA39D34->4234af2c-5377-4886-a4e8-6fe45d0af45e: receive RaftClientReply:client-964B0EA39D34->4234af2c-5377-4886-a4e8-6fe45d0af45e@group-A1165329A1F1, cid=2799, SUCCESS, logIndex=0, commits[4234af2c-5377-4886-a4e8-6fe45d0af45e:c4170, cef72988-acf5-49ad-9ec7-695a80e7a66d:c4169, d677508c-6db9-4741-b51c-49af5e4cf22f:c4169]
2019-09-08 07:08:02,480 [grpc-default-executor-0] INFO  client.GrpcClientProtocolClient (GrpcClientProtocolClient.java:onNext(264)) - client-964B0EA39D34->4234af2c-5377-4886-a4e8-6fe45d0af45e: receive RaftClientReply:client-964B0EA39D34->4234af2c-5377-4886-a4e8-6fe45d0af45e@group-A1165329A1F1, cid=2800, SUCCESS, logIndex=4172, commits[4234af2c-5377-4886-a4e8-6fe45d0af45e:c4173, cef72988-acf5-49ad-9ec7-695a80e7a66d:c4171, d677508c-6db9-4741-b51c-49af5e4cf22f:c4171]
2019-09-08 07:08:02,481 [grpc-default-executor-5] INFO  client.GrpcClientProtocolClient (GrpcClientProtocolClient.java:onNext(264)) - client-964B0EA39D34->4234af2c-5377-4886-a4e8-6fe45d0af45e: receive RaftClientReply:client-964B0EA39D34->4234af2c-5377-4886-a4e8-6fe45d0af45e@group-A1165329A1F1, cid=2801, SUCCESS, logIndex=4173, commits[4234af2c-5377-4886-a4e8-6fe45d0af45e:c4174, cef72988-acf5-49ad-9ec7-695a80e7a66d:c4171, d677508c-6db9-4741-b51c-49af5e4cf22f:c4171]
2019-09-08 07:08:02,481 [grpc-default-executor-5] INFO  client.GrpcClientProtocolClient (GrpcClientProtocolClient.java:onNext(264)) - client-964B0EA39D34->4234af2c-5377-4886-a4e8-6fe45d0af45e: receive RaftClientReply:client-964B0EA39D34->4234af2c-5377-4886-a4e8-6fe45d0af45e@group-A1165329A1F1, cid=2802, SUCCESS, logIndex=4174, commits[4234af2c-5377-4886-a4e8-6fe45d0af45e:c4174, cef72988-acf5-49ad-9ec7-695a80e7a66d:c4171, d677508c-6db9-4741-b51c-49af5e4cf22f:c4171]
2019-09-08 07:08:02,481 [grpc-default-executor-5] INFO  client.GrpcClientProtocolClient (GrpcClientProtocolClient.java:onNext(264)) - client-964B0EA39D34->4234af2c-5377-4886-a4e8-6fe45d0af45e: receive RaftClientReply:client-964B0EA39D34->4234af2c-5377-4886-a4e8-6fe45d0af45e@group-A1165329A1F1, cid=2803, SUCCESS, logIndex=4175, commits[4234af2c-5377-4886-a4e8-6fe45d0af45e:c4175, cef72988-acf5-49ad-9ec7-695a80e7a66d:c4171, d677508c-6db9-4741-b51c-49af5e4cf22f:c4171]
2019-09-08 07:08:02,493 [grpc-default-executor-5] INFO  client.GrpcClientProtocolClient (GrpcClientProtocolClient.java:onNext(264)) - client-964B0EA39D34->4234af2c-5377-4886-a4e8-6fe45d0af45e: receive RaftClientReply:client-964B0EA39D34->4234af2c-5377-4886-a4e8-6fe45d0af45e@group-A1165329A1F1, cid=2804, SUCCESS, logIndex=0, commits[4234af2c-5377-4886-a4e8-6fe45d0af45e:c4177, cef72988-acf5-49ad-9ec7-695a80e7a66d:c4173, d677508c-6db9-4741-b51c-49af5e4cf22f:c4173]
2019-09-08 07:08:02,511 [grpc-default-executor-0] INFO  client.GrpcClientProtocolClient (GrpcClientProtocolClient.java:onNext(264)) - client-964B0EA39D34->4234af2c-5377-4886-a4e8-6fe45d0af45e: receive RaftClientReply:client-964B0EA39D34->4234af2c-5377-4886-a4e8-6fe45d0af45e@group-A1165329A1F1, cid=2805, SUCCESS, logIndex=4180, commits[4234af2c-5377-4886-a4e8-6fe45d0af45e:c4181, cef72988-acf5-49ad-9ec7-695a80e7a66d:c4179, d677508c-6db9-4741-b51c-49af5e4cf22f:c4179]
2019-09-08 07:08:02,512 [grpc-default-executor-0] INFO  client.GrpcClientProtocolClient (GrpcClientProtocolClient.java:onNext(264)) - client-964B0EA39D34->4234af2c-5377-4886-a4e8-6fe45d0af45e: receive RaftClientReply:client-964B0EA39D34->4234af2c-5377-4886-a4e8-6fe45d0af45e@group-A1165329A1F1, cid=2806, SUCCESS, logIndex=4181, commits[4234af2c-5377-4886-a4e8-6fe45d0af45e:c4181, cef72988-acf5-49ad-9ec7-695a80e7a66d:c4179, d677508c-6db9-4741-b51c-49af5e4cf22f:c4179]
2019-09-08 07:08:02,527 [grpc-default-executor-5] INFO  client.GrpcClientProtocolClient (GrpcClientProtocolClient.java:onNext(264)) - client-964B0EA39D34->4234af2c-5377-4886-a4e8-6fe45d0af45e: receive RaftClientReply:client-964B0EA39D34->4234af2c-5377-4886-a4e8-6fe45d0af45e@group-A1165329A1F1, cid=2807, SUCCESS, logIndex=4184, commits[4234af2c-5377-4886-a4e8-6fe45d0af45e:c4185, cef72988-acf5-49ad-9ec7-695a80e7a66d:c4181, d677508c-6db9-4741-b51c-49af5e4cf22f:c4181]
2019-09-08 07:08:02,527 [grpc-default-executor-5] INFO  client.GrpcClientProtocolClient (GrpcClientProtocolClient.java:onNext(264)) - client-964B0EA39D34->4234af2c-5377-4886-a4e8-6fe45d0af45e: receive RaftClientReply:client-964B0EA39D34->4234af2c-5377-4886-a4e8-6fe45d0af45e@group-A1165329A1F1, cid=2808, SUCCESS, logIndex=4185, commits[4234af2c-5377-4886-a4e8-6fe45d0af45e:c4185, cef72988-acf5-49ad-9ec7-695a80e7a66d:c4181, d677508c-6db9-4741-b51c-49af5e4cf22f:c4181]
2019-09-08 07:08:02,540 [grpc-default-executor-5] INFO  client.GrpcClientProtocolClient (GrpcClientProtocolClient.java:onNext(264)) - client-964B0EA39D34->4234af2c-5377-4886-a4e8-6fe45d0af45e: receive RaftClientReply:client-964B0EA39D34->4234af2c-5377-4886-a4e8-6fe45d0af45e@group-A1165329A1F1, cid=2809, SUCCESS, logIndex=0, commits[4234af2c-5377-4886-a4e8-6fe45d0af45e:c4187, cef72988-acf5-49ad-9ec7-695a80e7a66d:c4185, d677508c-6db9-4741-b51c-49af5e4cf22f:c4185]
2019-09-08 07:08:02,733 [grpc-default-executor-5] INFO  client.GrpcClientProtocolClient (GrpcClientProtocolClient.java:onNext(264)) - client-964B0EA39D34->4234af2c-5377-4886-a4e8-6fe45d0af45e: receive RaftClientReply:client-964B0EA39D34->4234af2c-5377-4886-a4e8-6fe45d0af45e@group-A1165329A1F1, cid=2810, SUCCESS, logIndex=4188, commits[4234af2c-5377-4886-a4e8-6fe45d0af45e:c4189, cef72988-acf5-49ad-9ec7-695a80e7a66d:c4187, d677508c-6db9-4741-b51c-49af5e4cf22f:c4187]
2019-09-08 07:08:02,734 [grpc-default-executor-5] INFO  client.GrpcClientProtocolClient (GrpcClientProtocolClient.java:onNext(264)) - client-964B0EA39D34->4234af2c-5377-4886-a4e8-6fe45d0af45e: receive RaftClientReply:client-964B0EA39D34->4234af2c-5377-4886-a4e8-6fe45d0af45e@group-A1165329A1F1, cid=2811, SUCCESS, logIndex=4189, commits[4234af2c-5377-4886-a4e8-6fe45d0af45e:c4191, cef72988-acf5-49ad-9ec7-695a80e7a66d:c4187, d677508c-6db9-4741-b51c-49af5e4cf22f:c4187]
2019-09-08 07:08:02,735 [grpc-default-executor-4] INFO  client.GrpcClientProtocolClient (GrpcClientProtocolClient.java:onNext(264)) - client-964B0EA39D34->4234af2c-5377-4886-a4e8-6fe45d0af45e: receive RaftClientReply:client-964B0EA39D34->4234af2c-5377-4886-a4e8-6fe45d0af45e@group-A1165329A1F1, cid=2812, SUCCESS, logIndex=4190, commits[4234af2c-5377-4886-a4e8-6fe45d0af45e:c4191, cef72988-acf5-49ad-9ec7-695a80e7a66d:c4187, d677508c-6db9-4741-b51c-49af5e4cf22f:c4187]
2019-09-08 07:08:02,735 [grpc-default-executor-4] INFO  client.GrpcClientProtocolClient (GrpcClientProtocolClient.java:onNext(264)) - client-964B0EA39D34->4234af2c-5377-4886-a4e8-6fe45d0af45e: receive RaftClientReply:client-964B0EA39D34->4234af2c-5377-4886-a4e8-6fe45d0af45e@group-A1165329A1F1, cid=2813, SUCCESS, logIndex=4191, commits[4234af2c-5377-4886-a4e8-6fe45d0af45e:c4191, cef72988-acf5-49ad-9ec7-695a80e7a66d:c4187, d677508c-6db9-4741-b51c-49af5e4cf22f:c4187]
2019-09-08 07:08:02,737 [grpc-default-executor-4] INFO  client.GrpcClientProtocolClient (GrpcClientProtocolClient.java:onNext(264)) - client-964B0EA39D34->4234af2c-5377-4886-a4e8-6fe45d0af45e: receive RaftClientReply:client-964B0EA39D34->4234af2c-5377-4886-a4e8-6fe45d0af45e@group-A1165329A1F1, cid=2814, SUCCESS, logIndex=0, commits[4234af2c-5377-4886-a4e8-6fe45d0af45e:c4192, cef72988-acf5-49ad-9ec7-695a80e7a66d:c4189, d677508c-6db9-4741-b51c-49af5e4cf22f:c4189]
2019-09-08 07:08:03,065 [grpc-default-executor-5] INFO  client.GrpcClientProtocolClient (GrpcClientProtocolClient.java:onNext(264)) - client-964B0EA39D34->4234af2c-5377-4886-a4e8-6fe45d0af45e: receive RaftClientReply:client-964B0EA39D34->4234af2c-5377-4886-a4e8-6fe45d0af45e@group-A1165329A1F1, cid=2815, SUCCESS, logIndex=4196, commits[4234af2c-5377-4886-a4e8-6fe45d0af45e:c4197, cef72988-acf5-49ad-9ec7-695a80e7a66d:c4193, d677508c-6db9-4741-b51c-49af5e4cf22f:c4193]
2019-09-08 07:08:03,066 [grpc-default-executor-5] INFO  client.GrpcClientProtocolClient (GrpcClientProtocolClient.java:onNext(264)) - client-964B0EA39D34->4234af2c-5377-4886-a4e8-6fe45d0af45e: receive RaftClientReply:client-964B0EA39D34->4234af2c-5377-4886-a4e8-6fe45d0af45e@group-A1165329A1F1, cid=2816, SUCCESS, logIndex=4197, commits[4234af2c-5377-4886-a4e8-6fe45d0af45e:c4197, cef72988-acf5-49ad-9ec7-695a80e7a66d:c4193, d677508c-6db9-4741-b51c-49af5e4cf22f:c4193]
 0.00% |█                                                                                                    |  0/1 Time: 0:00:432019-09-08 07:08:03,157 [grpc-default-executor-0] INFO  client.GrpcClientProtocolClient (GrpcClientProtocolClient.java:onNext(264)) - client-964B0EA39D34->4234af2c-5377-4886-a4e8-6fe45d0af45e: receive RaftClientReply:client-964B0EA39D34->4234af2c-5377-4886-a4e8-6fe45d0af45e@group-A1165329A1F1, cid=2817, SUCCESS, logIndex=4200, commits[4234af2c-5377-4886-a4e8-6fe45d0af45e:c4201, cef72988-acf5-49ad-9ec7-695a80e7a66d:c4197, d677508c-6db9-4741-b51c-49af5e4cf22f:c4197]
2019-09-08 07:08:03,158 [grpc-default-executor-0] INFO  client.GrpcClientProtocolClient (GrpcClientProtocolClient.java:onNext(264)) - client-964B0EA39D34->4234af2c-5377-4886-a4e8-6fe45d0af45e: receive RaftClientReply:client-964B0EA39D34->4234af2c-5377-4886-a4e8-6fe45d0af45e@group-A1165329A1F1, cid=2818, SUCCESS, logIndex=4201, commits[4234af2c-5377-4886-a4e8-6fe45d0af45e:c4201, cef72988-acf5-49ad-9ec7-695a80e7a66d:c4197, d677508c-6db9-4741-b51c-49af5e4cf22f:c4197]
2019-09-08 07:08:03,173 [grpc-default-executor-0] INFO  client.GrpcClientProtocolClient (GrpcClientProtocolClient.java:onNext(264)) - client-964B0EA39D34->4234af2c-5377-4886-a4e8-6fe45d0af45e: receive RaftClientReply:client-964B0EA39D34->4234af2c-5377-4886-a4e8-6fe45d0af45e@group-A1165329A1F1, cid=2819, SUCCESS, logIndex=0, commits[4234af2c-5377-4886-a4e8-6fe45d0af45e:c4203, cef72988-acf5-49ad-9ec7-695a80e7a66d:c4201, d677508c-6db9-4741-b51c-49af5e4cf22f:c4201]
2019-09-08 07:08:03,196 [grpc-default-executor-4] INFO  client.GrpcClientProtocolClient (GrpcClientProtocolClient.java:onNext(264)) - client-964B0EA39D34->4234af2c-5377-4886-a4e8-6fe45d0af45e: receive RaftClientReply:client-964B0EA39D34->4234af2c-5377-4886-a4e8-6fe45d0af45e@group-A1165329A1F1, cid=2820, SUCCESS, logIndex=4204, commits[4234af2c-5377-4886-a4e8-6fe45d0af45e:c4205, cef72988-acf5-49ad-9ec7-695a80e7a66d:c4203, d677508c-6db9-4741-b51c-49af5e4cf22f:c4203]
2019-09-08 07:08:03,196 [grpc-default-executor-4] INFO  client.GrpcClientProtocolClient (GrpcClientProtocolClient.java:onNext(264)) - client-964B0EA39D34->4234af2c-5377-4886-a4e8-6fe45d0af45e: receive RaftClientReply:client-964B0EA39D34->4234af2c-5377-4886-a4e8-6fe45d0af45e@group-A1165329A1F1, cid=2821, SUCCESS, logIndex=4205, commits[4234af2c-5377-4886-a4e8-6fe45d0af45e:c4205, cef72988-acf5-49ad-9ec7-695a80e7a66d:c4203, d677508c-6db9-4741-b51c-49af5e4cf22f:c4203]
2019-09-08 07:08:03,197 [grpc-default-executor-4] INFO  client.GrpcClientProtocolClient (GrpcClientProtocolClient.java:onNext(264)) - client-964B0EA39D34->4234af2c-5377-4886-a4e8-6fe45d0af45e: receive RaftClientReply:client-964B0EA39D34->4234af2c-5377-4886-a4e8-6fe45d0af45e@group-A1165329A1F1, cid=2822, SUCCESS, logIndex=4206, commits[4234af2c-5377-4886-a4e8-6fe45d0af45e:c4207, cef72988-acf5-49ad-9ec7-695a80e7a66d:c4203, d677508c-6db9-4741-b51c-49af5e4cf22f:c4203]
2019-09-08 07:08:03,197 [grpc-default-executor-4] INFO  client.GrpcClientProtocolClient (GrpcClientProtocolClient.java:onNext(264)) - client-964B0EA39D34->4234af2c-5377-4886-a4e8-6fe45d0af45e: receive RaftClientReply:client-964B0EA39D34->4234af2c-5377-4886-a4e8-6fe45d0af45e@group-A1165329A1F1, cid=2823, SUCCESS, logIndex=4207, commits[4234af2c-5377-4886-a4e8-6fe45d0af45e:c4207, cef72988-acf5-49ad-9ec7-695a80e7a66d:c4203, d677508c-6db9-4741-b51c-49af5e4cf22f:c4203]
2019-09-08 07:08:03,210 [grpc-default-executor-4] INFO  client.GrpcClientProtocolClient (GrpcClientProtocolClient.java:onNext(264)) - client-964B0EA39D34->4234af2c-5377-4886-a4e8-6fe45d0af45e: receive RaftClientReply:client-964B0EA39D34->4234af2c-5377-4886-a4e8-6fe45d0af45e@group-A1165329A1F1, cid=2824, SUCCESS, logIndex=0, commits[4234af2c-5377-4886-a4e8-6fe45d0af45e:c4209, cef72988-acf5-49ad-9ec7-695a80e7a66d:c4205, d677508c-6db9-4741-b51c-49af5e4cf22f:c4205]
2019-09-08 07:08:03,222 [grpc-default-executor-0] INFO  client.GrpcClientProtocolClient (GrpcClientProtocolClient.java:onNext(264)) - client-964B0EA39D34->4234af2c-5377-4886-a4e8-6fe45d0af45e: receive RaftClientReply:client-964B0EA39D34->4234af2c-5377-4886-a4e8-6fe45d0af45e@group-A1165329A1F1, cid=2825, SUCCESS, logIndex=4212, commits[4234af2c-5377-4886-a4e8-6fe45d0af45e:c4213, cef72988-acf5-49ad-9ec7-695a80e7a66d:c4211, d677508c-6db9-4741-b51c-49af5e4cf22f:c4211]
2019-09-08 07:08:03,222 [grpc-default-executor-0] INFO  client.GrpcClientProtocolClient (GrpcClientProtocolClient.java:onNext(264)) - client-964B0EA39D34->4234af2c-5377-4886-a4e8-6fe45d0af45e: receive RaftClientReply:client-964B0EA39D34->4234af2c-5377-4886-a4e8-6fe45d0af45e@group-A1165329A1F1, cid=2826, SUCCESS, logIndex=4213, commits[4234af2c-5377-4886-a4e8-6fe45d0af45e:c4213, cef72988-acf5-49ad-9ec7-695a80e7a66d:c4211, d677508c-6db9-4741-b51c-49af5e4cf22f:c4211]
2019-09-08 07:08:03,235 [grpc-default-executor-3] INFO  client.GrpcClientProtocolClient (GrpcClientProtocolClient.java:onNext(264)) - client-964B0EA39D34->4234af2c-5377-4886-a4e8-6fe45d0af45e: receive RaftClientReply:client-964B0EA39D34->4234af2c-5377-4886-a4e8-6fe45d0af45e@group-A1165329A1F1, cid=2827, SUCCESS, logIndex=4216, commits[4234af2c-5377-4886-a4e8-6fe45d0af45e:c4217, cef72988-acf5-49ad-9ec7-695a80e7a66d:c4213, d677508c-6db9-4741-b51c-49af5e4cf22f:c4213]
2019-09-08 07:08:03,235 [grpc-default-executor-3] INFO  client.GrpcClientProtocolClient (GrpcClientProtocolClient.java:onNext(264)) - client-964B0EA39D34->4234af2c-5377-4886-a4e8-6fe45d0af45e: receive RaftClientReply:client-964B0EA39D34->4234af2c-5377-4886-a4e8-6fe45d0af45e@group-A1165329A1F1, cid=2828, SUCCESS, logIndex=4217, commits[4234af2c-5377-4886-a4e8-6fe45d0af45e:c4217, cef72988-acf5-49ad-9ec7-695a80e7a66d:c4213, d677508c-6db9-4741-b51c-49af5e4cf22f:c4213]
2019-09-08 07:08:03,248 [grpc-default-executor-3] INFO  client.GrpcClientProtocolClient (GrpcClientProtocolClient.java:onNext(264)) - client-964B0EA39D34->4234af2c-5377-4886-a4e8-6fe45d0af45e: receive RaftClientReply:client-964B0EA39D34->4234af2c-5377-4886-a4e8-6fe45d0af45e@group-A1165329A1F1, cid=2829, SUCCESS, logIndex=0, commits[4234af2c-5377-4886-a4e8-6fe45d0af45e:c4219, cef72988-acf5-49ad-9ec7-695a80e7a66d:c4217, d677508c-6db9-4741-b51c-49af5e4cf22f:c4217]
2019-09-08 07:08:03,273 [grpc-default-executor-3] INFO  client.GrpcClientProtocolClient (GrpcClientProtocolClient.java:onNext(264)) - client-964B0EA39D34->4234af2c-5377-4886-a4e8-6fe45d0af45e: receive RaftClientReply:client-964B0EA39D34->4234af2c-5377-4886-a4e8-6fe45d0af45e@group-A1165329A1F1, cid=2830, SUCCESS, logIndex=4220, commits[4234af2c-5377-4886-a4e8-6fe45d0af45e:c4221, cef72988-acf5-49ad-9ec7-695a80e7a66d:c4219, d677508c-6db9-4741-b51c-49af5e4cf22f:c4217]
2019-09-08 07:08:03,274 [grpc-default-executor-3] INFO  client.GrpcClientProtocolClient (GrpcClientProtocolClient.java:onNext(264)) - client-964B0EA39D34->4234af2c-5377-4886-a4e8-6fe45d0af45e: receive RaftClientReply:client-964B0EA39D34->4234af2c-5377-4886-a4e8-6fe45d0af45e@group-A1165329A1F1, cid=2831, SUCCESS, logIndex=4221, commits[4234af2c-5377-4886-a4e8-6fe45d0af45e:c4221, cef72988-acf5-49ad-9ec7-695a80e7a66d:c4219, d677508c-6db9-4741-b51c-49af5e4cf22f:c4217]
2019-09-08 07:08:03,309 [grpc-default-executor-0] INFO  client.GrpcClientProtocolClient (GrpcClientProtocolClient.java:onNext(264)) - client-964B0EA39D34->4234af2c-5377-4886-a4e8-6fe45d0af45e: receive RaftClientReply:client-964B0EA39D34->4234af2c-5377-4886-a4e8-6fe45d0af45e@group-A1165329A1F1, cid=2832, SUCCESS, logIndex=4222, commits[4234af2c-5377-4886-a4e8-6fe45d0af45e:c4224, cef72988-acf5-49ad-9ec7-695a80e7a66d:c4220, d677508c-6db9-4741-b51c-49af5e4cf22f:c4219]
2019-09-08 07:08:03,309 [grpc-default-executor-0] INFO  client.GrpcClientProtocolClient (GrpcClientProtocolClient.java:onNext(264)) - client-964B0EA39D34->4234af2c-5377-4886-a4e8-6fe45d0af45e: receive RaftClientReply:client-964B0EA39D34->4234af2c-5377-4886-a4e8-6fe45d0af45e@group-A1165329A1F1, cid=2833, SUCCESS, logIndex=4223, commits[4234af2c-5377-4886-a4e8-6fe45d0af45e:c4225, cef72988-acf5-49ad-9ec7-695a80e7a66d:c4221, d677508c-6db9-4741-b51c-49af5e4cf22f:c4220]
2019-09-08 07:08:03,310 [grpc-default-executor-0] INFO  client.GrpcClientProtocolClient (GrpcClientProtocolClient.java:onNext(264)) - client-964B0EA39D34->4234af2c-5377-4886-a4e8-6fe45d0af45e: receive RaftClientReply:client-964B0EA39D34->4234af2c-5377-4886-a4e8-6fe45d0af45e@group-A1165329A1F1, cid=2834, SUCCESS, logIndex=0, commits[4234af2c-5377-4886-a4e8-6fe45d0af45e:c4225, cef72988-acf5-49ad-9ec7-695a80e7a66d:c4221, d677508c-6db9-4741-b51c-49af5e4cf22f:c4221]
2019-09-08 07:08:03,322 [grpc-default-executor-5] INFO  client.GrpcClientProtocolClient (GrpcClientProtocolClient.java:onNext(264)) - client-964B0EA39D34->4234af2c-5377-4886-a4e8-6fe45d0af45e: receive RaftClientReply:client-964B0EA39D34->4234af2c-5377-4886-a4e8-6fe45d0af45e@group-A1165329A1F1, cid=2835, SUCCESS, logIndex=4228, commits[4234af2c-5377-4886-a4e8-6fe45d0af45e:c4229, cef72988-acf5-49ad-9ec7-695a80e7a66d:c4225, d677508c-6db9-4741-b51c-49af5e4cf22f:c4225]
2019-09-08 07:08:03,322 [grpc-default-executor-5] INFO  client.GrpcClientProtocolClient (GrpcClientProtocolClient.java:onNext(264)) - client-964B0EA39D34->4234af2c-5377-4886-a4e8-6fe45d0af45e: receive RaftClientReply:client-964B0EA39D34->4234af2c-5377-4886-a4e8-6fe45d0af45e@group-A1165329A1F1, cid=2836, SUCCESS, logIndex=4229, commits[4234af2c-5377-4886-a4e8-6fe45d0af45e:c4229, cef72988-acf5-49ad-9ec7-695a80e7a66d:c4225, d677508c-6db9-4741-b51c-49af5e4cf22f:c4225]
2019-09-08 07:08:03,337 [grpc-default-executor-5] INFO  client.GrpcClientProtocolClient (GrpcClientProtocolClient.java:onNext(264)) - client-964B0EA39D34->4234af2c-5377-4886-a4e8-6fe45d0af45e: receive RaftClientReply:client-964B0EA39D34->4234af2c-5377-4886-a4e8-6fe45d0af45e@group-A1165329A1F1, cid=2837, SUCCESS, logIndex=4232, commits[4234af2c-5377-4886-a4e8-6fe45d0af45e:c4233, cef72988-acf5-49ad-9ec7-695a80e7a66d:c4229, d677508c-6db9-4741-b51c-49af5e4cf22f:c4229]
2019-09-08 07:08:03,337 [grpc-default-executor-5] INFO  client.GrpcClientProtocolClient (GrpcClientProtocolClient.java:onNext(264)) - client-964B0EA39D34->4234af2c-5377-4886-a4e8-6fe45d0af45e: receive RaftClientReply:client-964B0EA39D34->4234af2c-5377-4886-a4e8-6fe45d0af45e@group-A1165329A1F1, cid=2838, SUCCESS, logIndex=4233, commits[4234af2c-5377-4886-a4e8-6fe45d0af45e:c4233, cef72988-acf5-49ad-9ec7-695a80e7a66d:c4229, d677508c-6db9-4741-b51c-49af5e4cf22f:c4229]
2019-09-08 07:08:03,348 [grpc-default-executor-5] INFO  client.GrpcClientProtocolClient (GrpcClientProtocolClient.java:onNext(264)) - client-964B0EA39D34->4234af2c-5377-4886-a4e8-6fe45d0af45e: receive RaftClientReply:client-964B0EA39D34->4234af2c-5377-4886-a4e8-6fe45d0af45e@group-A1165329A1F1, cid=2839, SUCCESS, logIndex=0, commits[4234af2c-5377-4886-a4e8-6fe45d0af45e:c4235, cef72988-acf5-49ad-9ec7-695a80e7a66d:c4233, d677508c-6db9-4741-b51c-49af5e4cf22f:c4233]
2019-09-08 07:08:03,374 [grpc-default-executor-5] INFO  client.GrpcClientProtocolClient (GrpcClientProtocolClient.java:onNext(264)) - client-964B0EA39D34->4234af2c-5377-4886-a4e8-6fe45d0af45e: receive RaftClientReply:client-964B0EA39D34->4234af2c-5377-4886-a4e8-6fe45d0af45e@group-A1165329A1F1, cid=2840, SUCCESS, logIndex=4236, commits[4234af2c-5377-4886-a4e8-6fe45d0af45e:c4238, cef72988-acf5-49ad-9ec7-695a80e7a66d:c4235, d677508c-6db9-4741-b51c-49af5e4cf22f:c4235]
2019-09-08 07:08:03,374 [grpc-default-executor-5] INFO  client.GrpcClientProtocolClient (GrpcClientProtocolClient.java:onNext(264)) - client-964B0EA39D34->4234af2c-5377-4886-a4e8-6fe45d0af45e: receive RaftClientReply:client-964B0EA39D34->4234af2c-5377-4886-a4e8-6fe45d0af45e@group-A1165329A1F1, cid=2841, SUCCESS, logIndex=4237, commits[4234af2c-5377-4886-a4e8-6fe45d0af45e:c4239, cef72988-acf5-49ad-9ec7-695a80e7a66d:c4235, d677508c-6db9-4741-b51c-49af5e4cf22f:c4235]
2019-09-08 07:08:03,375 [grpc-default-executor-5] INFO  client.GrpcClientProtocolClient (GrpcClientProtocolClient.java:onNext(264)) - client-964B0EA39D34->4234af2c-5377-4886-a4e8-6fe45d0af45e: receive RaftClientReply:client-964B0EA39D34->4234af2c-5377-4886-a4e8-6fe45d0af45e@group-A1165329A1F1, cid=2842, SUCCESS, logIndex=4238, commits[4234af2c-5377-4886-a4e8-6fe45d0af45e:c4239, cef72988-acf5-49ad-9ec7-695a80e7a66d:c4235, d677508c-6db9-4741-b51c-49af5e4cf22f:c4235]
2019-09-08 07:08:03,375 [grpc-default-executor-5] INFO  client.GrpcClientProtocolClient (GrpcClientProtocolClient.java:onNext(264)) - client-964B0EA39D34->4234af2c-5377-4886-a4e8-6fe45d0af45e: receive RaftClientReply:client-964B0EA39D34->4234af2c-5377-4886-a4e8-6fe45d0af45e@group-A1165329A1F1, cid=2843, SUCCESS, logIndex=4239, commits[4234af2c-5377-4886-a4e8-6fe45d0af45e:c4239, cef72988-acf5-49ad-9ec7-695a80e7a66d:c4235, d677508c-6db9-4741-b51c-49af5e4cf22f:c4235]
2019-09-08 07:08:03,388 [grpc-default-executor-5] INFO  client.GrpcClientProtocolClient (GrpcClientProtocolClient.java:onNext(264)) - client-964B0EA39D34->4234af2c-5377-4886-a4e8-6fe45d0af45e: receive RaftClientReply:client-964B0EA39D34->4234af2c-5377-4886-a4e8-6fe45d0af45e@group-A1165329A1F1, cid=2844, SUCCESS, logIndex=0, commits[4234af2c-5377-4886-a4e8-6fe45d0af45e:c4243, cef72988-acf5-49ad-9ec7-695a80e7a66d:c4237, d677508c-6db9-4741-b51c-49af5e4cf22f:c4239]
2019-09-08 07:08:03,401 [grpc-default-executor-3] INFO  client.GrpcClientProtocolClient (GrpcClientProtocolClient.java:onNext(264)) - client-964B0EA39D34->4234af2c-5377-4886-a4e8-6fe45d0af45e: receive RaftClientReply:client-964B0EA39D34->4234af2c-5377-4886-a4e8-6fe45d0af45e@group-A1165329A1F1, cid=2845, SUCCESS, logIndex=4244, commits[4234af2c-5377-4886-a4e8-6fe45d0af45e:c4245, cef72988-acf5-49ad-9ec7-695a80e7a66d:c4243, d677508c-6db9-4741-b51c-49af5e4cf22f:c4243]
2019-09-08 07:08:03,401 [grpc-default-executor-3] INFO  client.GrpcClientProtocolClient (GrpcClientProtocolClient.java:onNext(264)) - client-964B0EA39D34->4234af2c-5377-4886-a4e8-6fe45d0af45e: receive RaftClientReply:client-964B0EA39D34->4234af2c-5377-4886-a4e8-6fe45d0af45e@group-A1165329A1F1, cid=2846, SUCCESS, logIndex=4245, commits[4234af2c-5377-4886-a4e8-6fe45d0af45e:c4245, cef72988-acf5-49ad-9ec7-695a80e7a66d:c4243, d677508c-6db9-4741-b51c-49af5e4cf22f:c4243]
2019-09-08 07:08:03,416 [grpc-default-executor-0] INFO  client.GrpcClientProtocolClient (GrpcClientProtocolClient.java:onNext(264)) - client-964B0EA39D34->4234af2c-5377-4886-a4e8-6fe45d0af45e: receive RaftClientReply:client-964B0EA39D34->4234af2c-5377-4886-a4e8-6fe45d0af45e@group-A1165329A1F1, cid=2847, SUCCESS, logIndex=4248, commits[4234af2c-5377-4886-a4e8-6fe45d0af45e:c4248, cef72988-acf5-49ad-9ec7-695a80e7a66d:c4245, d677508c-6db9-4741-b51c-49af5e4cf22f:c4245]
2019-09-08 07:08:03,416 [grpc-default-executor-0] INFO  client.GrpcClientProtocolClient (GrpcClientProtocolClient.java:onNext(264)) - client-964B0EA39D34->4234af2c-5377-4886-a4e8-6fe45d0af45e: receive RaftClientReply:client-964B0EA39D34->4234af2c-5377-4886-a4e8-6fe45d0af45e@group-A1165329A1F1, cid=2848, SUCCESS, logIndex=4249, commits[4234af2c-5377-4886-a4e8-6fe45d0af45e:c4249, cef72988-acf5-49ad-9ec7-695a80e7a66d:c4245, d677508c-6db9-4741-b51c-49af5e4cf22f:c4245]
2019-09-08 07:08:03,427 [grpc-default-executor-0] INFO  client.GrpcClientProtocolClient (GrpcClientProtocolClient.java:onNext(264)) - client-964B0EA39D34->4234af2c-5377-4886-a4e8-6fe45d0af45e: receive RaftClientReply:client-964B0EA39D34->4234af2c-5377-4886-a4e8-6fe45d0af45e@group-A1165329A1F1, cid=2849, SUCCESS, logIndex=0, commits[4234af2c-5377-4886-a4e8-6fe45d0af45e:c4251, cef72988-acf5-49ad-9ec7-695a80e7a66d:c4249, d677508c-6db9-4741-b51c-49af5e4cf22f:c4249]
2019-09-08 07:08:03,444 [grpc-default-executor-0] INFO  client.GrpcClientProtocolClient (GrpcClientProtocolClient.java:onNext(264)) - client-964B0EA39D34->4234af2c-5377-4886-a4e8-6fe45d0af45e: receive RaftClientReply:client-964B0EA39D34->4234af2c-5377-4886-a4e8-6fe45d0af45e@group-A1165329A1F1, cid=2850, SUCCESS, logIndex=4252, commits[4234af2c-5377-4886-a4e8-6fe45d0af45e:c4253, cef72988-acf5-49ad-9ec7-695a80e7a66d:c4251, d677508c-6db9-4741-b51c-49af5e4cf22f:c4251]
2019-09-08 07:08:03,445 [grpc-default-executor-0] INFO  client.GrpcClientProtocolClient (GrpcClientProtocolClient.java:onNext(264)) - client-964B0EA39D34->4234af2c-5377-4886-a4e8-6fe45d0af45e: receive RaftClientReply:client-964B0EA39D34->4234af2c-5377-4886-a4e8-6fe45d0af45e@group-A1165329A1F1, cid=2851, SUCCESS, logIndex=4253, commits[4234af2c-5377-4886-a4e8-6fe45d0af45e:c4253, cef72988-acf5-49ad-9ec7-695a80e7a66d:c4251, d677508c-6db9-4741-b51c-49af5e4cf22f:c4251]
2019-09-08 07:08:03,445 [grpc-default-executor-5] INFO  client.GrpcClientProtocolClient (GrpcClientProtocolClient.java:onNext(264)) - client-964B0EA39D34->4234af2c-5377-4886-a4e8-6fe45d0af45e: receive RaftClientReply:client-964B0EA39D34->4234af2c-5377-4886-a4e8-6fe45d0af45e@group-A1165329A1F1, cid=2852, SUCCESS, logIndex=4254, commits[4234af2c-5377-4886-a4e8-6fe45d0af45e:c4255, cef72988-acf5-49ad-9ec7-695a80e7a66d:c4251, d677508c-6db9-4741-b51c-49af5e4cf22f:c4251]
2019-09-08 07:08:03,446 [grpc-default-executor-5] INFO  client.GrpcClientProtocolClient (GrpcClientProtocolClient.java:onNext(264)) - client-964B0EA39D34->4234af2c-5377-4886-a4e8-6fe45d0af45e: receive RaftClientReply:client-964B0EA39D34->4234af2c-5377-4886-a4e8-6fe45d0af45e@group-A1165329A1F1, cid=2853, SUCCESS, logIndex=4255, commits[4234af2c-5377-4886-a4e8-6fe45d0af45e:c4255, cef72988-acf5-49ad-9ec7-695a80e7a66d:c4251, d677508c-6db9-4741-b51c-49af5e4cf22f:c4251]
2019-09-08 07:08:03,459 [grpc-default-executor-5] INFO  client.GrpcClientProtocolClient (GrpcClientProtocolClient.java:onNext(264)) - client-964B0EA39D34->4234af2c-5377-4886-a4e8-6fe45d0af45e: receive RaftClientReply:client-964B0EA39D34->4234af2c-5377-4886-a4e8-6fe45d0af45e@group-A1165329A1F1, cid=2854, SUCCESS, logIndex=0, commits[4234af2c-5377-4886-a4e8-6fe45d0af45e:c4257, cef72988-acf5-49ad-9ec7-695a80e7a66d:c4253, d677508c-6db9-4741-b51c-49af5e4cf22f:c4253]
2019-09-08 07:08:03,469 [grpc-default-executor-5] INFO  client.GrpcClientProtocolClient (GrpcClientProtocolClient.java:onNext(264)) - client-964B0EA39D34->4234af2c-5377-4886-a4e8-6fe45d0af45e: receive RaftClientReply:client-964B0EA39D34->4234af2c-5377-4886-a4e8-6fe45d0af45e@group-A1165329A1F1, cid=2855, SUCCESS, logIndex=4260, commits[4234af2c-5377-4886-a4e8-6fe45d0af45e:c4261, cef72988-acf5-49ad-9ec7-695a80e7a66d:c4259, d677508c-6db9-4741-b51c-49af5e4cf22f:c4259]
2019-09-08 07:08:03,470 [grpc-default-executor-5] INFO  client.GrpcClientProtocolClient (GrpcClientProtocolClient.java:onNext(264)) - client-964B0EA39D34->4234af2c-5377-4886-a4e8-6fe45d0af45e: receive RaftClientReply:client-964B0EA39D34->4234af2c-5377-4886-a4e8-6fe45d0af45e@group-A1165329A1F1, cid=2856, SUCCESS, logIndex=4261, commits[4234af2c-5377-4886-a4e8-6fe45d0af45e:c4261, cef72988-acf5-49ad-9ec7-695a80e7a66d:c4259, d677508c-6db9-4741-b51c-49af5e4cf22f:c4259]
2019-09-08 07:08:03,484 [grpc-default-executor-5] INFO  client.GrpcClientProtocolClient (GrpcClientProtocolClient.java:onNext(264)) - client-964B0EA39D34->4234af2c-5377-4886-a4e8-6fe45d0af45e: receive RaftClientReply:client-964B0EA39D34->4234af2c-5377-4886-a4e8-6fe45d0af45e@group-A1165329A1F1, cid=2857, SUCCESS, logIndex=4264, commits[4234af2c-5377-4886-a4e8-6fe45d0af45e:c4265, cef72988-acf5-49ad-9ec7-695a80e7a66d:c4261, d677508c-6db9-4741-b51c-49af5e4cf22f:c4261]
2019-09-08 07:08:03,484 [grpc-default-executor-5] INFO  client.GrpcClientProtocolClient (GrpcClientProtocolClient.java:onNext(264)) - client-964B0EA39D34->4234af2c-5377-4886-a4e8-6fe45d0af45e: receive RaftClientReply:client-964B0EA39D34->4234af2c-5377-4886-a4e8-6fe45d0af45e@group-A1165329A1F1, cid=2858, SUCCESS, logIndex=4265, commits[4234af2c-5377-4886-a4e8-6fe45d0af45e:c4265, cef72988-acf5-49ad-9ec7-695a80e7a66d:c4261, d677508c-6db9-4741-b51c-49af5e4cf22f:c4261]
2019-09-08 07:08:03,559 [grpc-default-executor-5] INFO  client.GrpcClientProtocolClient (GrpcClientProtocolClient.java:onNext(264)) - client-964B0EA39D34->4234af2c-5377-4886-a4e8-6fe45d0af45e: receive RaftClientReply:client-964B0EA39D34->4234af2c-5377-4886-a4e8-6fe45d0af45e@group-A1165329A1F1, cid=2859, SUCCESS, logIndex=0, commits[4234af2c-5377-4886-a4e8-6fe45d0af45e:c4267, cef72988-acf5-49ad-9ec7-695a80e7a66d:c4265, d677508c-6db9-4741-b51c-49af5e4cf22f:c4265]
2019-09-08 07:08:03,585 [grpc-default-executor-3] INFO  client.GrpcClientProtocolClient (GrpcClientProtocolClient.java:onNext(264)) - client-964B0EA39D34->4234af2c-5377-4886-a4e8-6fe45d0af45e: receive RaftClientReply:client-964B0EA39D34->4234af2c-5377-4886-a4e8-6fe45d0af45e@group-A1165329A1F1, cid=2860, SUCCESS, logIndex=4268, commits[4234af2c-5377-4886-a4e8-6fe45d0af45e:c4268, cef72988-acf5-49ad-9ec7-695a80e7a66d:c4267, d677508c-6db9-4741-b51c-49af5e4cf22f:c4267]
2019-09-08 07:08:03,586 [grpc-default-executor-3] INFO  client.GrpcClientProtocolClient (GrpcClientProtocolClient.java:onNext(264)) - client-964B0EA39D34->4234af2c-5377-4886-a4e8-6fe45d0af45e: receive RaftClientReply:client-964B0EA39D34->4234af2c-5377-4886-a4e8-6fe45d0af45e@group-A1165329A1F1, cid=2861, SUCCESS, logIndex=4269, commits[4234af2c-5377-4886-a4e8-6fe45d0af45e:c4271, cef72988-acf5-49ad-9ec7-695a80e7a66d:c4267, d677508c-6db9-4741-b51c-49af5e4cf22f:c4267]
2019-09-08 07:08:03,591 [grpc-default-executor-3] INFO  client.GrpcClientProtocolClient (GrpcClientProtocolClient.java:onNext(264)) - client-964B0EA39D34->4234af2c-5377-4886-a4e8-6fe45d0af45e: receive RaftClientReply:client-964B0EA39D34->4234af2c-5377-4886-a4e8-6fe45d0af45e@group-A1165329A1F1, cid=2862, SUCCESS, logIndex=4270, commits[4234af2c-5377-4886-a4e8-6fe45d0af45e:c4271, cef72988-acf5-49ad-9ec7-695a80e7a66d:c4267, d677508c-6db9-4741-b51c-49af5e4cf22f:c4267]
2019-09-08 07:08:03,591 [grpc-default-executor-3] INFO  client.GrpcClientProtocolClient (GrpcClientProtocolClient.java:onNext(264)) - client-964B0EA39D34->4234af2c-5377-4886-a4e8-6fe45d0af45e: receive RaftClientReply:client-964B0EA39D34->4234af2c-5377-4886-a4e8-6fe45d0af45e@group-A1165329A1F1, cid=2863, SUCCESS, logIndex=4271, commits[4234af2c-5377-4886-a4e8-6fe45d0af45e:c4271, cef72988-acf5-49ad-9ec7-695a80e7a66d:c4267, d677508c-6db9-4741-b51c-49af5e4cf22f:c4267]
2019-09-08 07:08:03,599 [grpc-default-executor-3] INFO  client.GrpcClientProtocolClient (GrpcClientProtocolClient.java:onNext(264)) - client-964B0EA39D34->4234af2c-5377-4886-a4e8-6fe45d0af45e: receive RaftClientReply:client-964B0EA39D34->4234af2c-5377-4886-a4e8-6fe45d0af45e@group-A1165329A1F1, cid=2864, SUCCESS, logIndex=0, commits[4234af2c-5377-4886-a4e8-6fe45d0af45e:c4274, cef72988-acf5-49ad-9ec7-695a80e7a66d:c4269, d677508c-6db9-4741-b51c-49af5e4cf22f:c4271]
2019-09-08 07:08:03,613 [grpc-default-executor-5] INFO  client.GrpcClientProtocolClient (GrpcClientProtocolClient.java:onNext(264)) - client-964B0EA39D34->4234af2c-5377-4886-a4e8-6fe45d0af45e: receive RaftClientReply:client-964B0EA39D34->4234af2c-5377-4886-a4e8-6fe45d0af45e@group-A1165329A1F1, cid=2865, SUCCESS, logIndex=4276, commits[4234af2c-5377-4886-a4e8-6fe45d0af45e:c4277, cef72988-acf5-49ad-9ec7-695a80e7a66d:c4275, d677508c-6db9-4741-b51c-49af5e4cf22f:c4275]
2019-09-08 07:08:03,613 [grpc-default-executor-5] INFO  client.GrpcClientProtocolClient (GrpcClientProtocolClient.java:onNext(264)) - client-964B0EA39D34->4234af2c-5377-4886-a4e8-6fe45d0af45e: receive RaftClientReply:client-964B0EA39D34->4234af2c-5377-4886-a4e8-6fe45d0af45e@group-A1165329A1F1, cid=2866, SUCCESS, logIndex=4277, commits[4234af2c-5377-4886-a4e8-6fe45d0af45e:c4277, cef72988-acf5-49ad-9ec7-695a80e7a66d:c4275, d677508c-6db9-4741-b51c-49af5e4cf22f:c4275]
2019-09-08 07:08:03,624 [grpc-default-executor-5] INFO  client.GrpcClientProtocolClient (GrpcClientProtocolClient.java:onNext(264)) - client-964B0EA39D34->4234af2c-5377-4886-a4e8-6fe45d0af45e: receive RaftClientReply:client-964B0EA39D34->4234af2c-5377-4886-a4e8-6fe45d0af45e@group-A1165329A1F1, cid=2867, SUCCESS, logIndex=4280, commits[4234af2c-5377-4886-a4e8-6fe45d0af45e:c4281, cef72988-acf5-49ad-9ec7-695a80e7a66d:c4279, d677508c-6db9-4741-b51c-49af5e4cf22f:c4279]
2019-09-08 07:08:03,624 [grpc-default-executor-5] INFO  client.GrpcClientProtocolClient (GrpcClientProtocolClient.java:onNext(264)) - client-964B0EA39D34->4234af2c-5377-4886-a4e8-6fe45d0af45e: receive RaftClientReply:client-964B0EA39D34->4234af2c-5377-4886-a4e8-6fe45d0af45e@group-A1165329A1F1, cid=2868, SUCCESS, logIndex=4281, commits[4234af2c-5377-4886-a4e8-6fe45d0af45e:c4281, cef72988-acf5-49ad-9ec7-695a80e7a66d:c4279, d677508c-6db9-4741-b51c-49af5e4cf22f:c4279]
2019-09-08 07:08:03,636 [grpc-default-executor-5] INFO  client.GrpcClientProtocolClient (GrpcClientProtocolClient.java:onNext(264)) - client-964B0EA39D34->4234af2c-5377-4886-a4e8-6fe45d0af45e: receive RaftClientReply:client-964B0EA39D34->4234af2c-5377-4886-a4e8-6fe45d0af45e@group-A1165329A1F1, cid=2869, SUCCESS, logIndex=0, commits[4234af2c-5377-4886-a4e8-6fe45d0af45e:c4282, cef72988-acf5-49ad-9ec7-695a80e7a66d:c4281, d677508c-6db9-4741-b51c-49af5e4cf22f:c4281]
2019-09-08 07:08:03,656 [grpc-default-executor-3] INFO  client.GrpcClientProtocolClient (GrpcClientProtocolClient.java:onNext(264)) - client-964B0EA39D34->4234af2c-5377-4886-a4e8-6fe45d0af45e: receive RaftClientReply:client-964B0EA39D34->4234af2c-5377-4886-a4e8-6fe45d0af45e@group-A1165329A1F1, cid=2870, SUCCESS, logIndex=4284, commits[4234af2c-5377-4886-a4e8-6fe45d0af45e:c4285, cef72988-acf5-49ad-9ec7-695a80e7a66d:c4283, d677508c-6db9-4741-b51c-49af5e4cf22f:c4281]
2019-09-08 07:08:03,656 [grpc-default-executor-3] INFO  client.GrpcClientProtocolClient (GrpcClientProtocolClient.java:onNext(264)) - client-964B0EA39D34->4234af2c-5377-4886-a4e8-6fe45d0af45e: receive RaftClientReply:client-964B0EA39D34->4234af2c-5377-4886-a4e8-6fe45d0af45e@group-A1165329A1F1, cid=2871, SUCCESS, logIndex=4285, commits[4234af2c-5377-4886-a4e8-6fe45d0af45e:c4285, cef72988-acf5-49ad-9ec7-695a80e7a66d:c4283, d677508c-6db9-4741-b51c-49af5e4cf22f:c4281]
2019-09-08 07:08:03,669 [grpc-default-executor-4] INFO  client.GrpcClientProtocolClient (GrpcClientProtocolClient.java:onNext(264)) - client-964B0EA39D34->4234af2c-5377-4886-a4e8-6fe45d0af45e: receive RaftClientReply:client-964B0EA39D34->4234af2c-5377-4886-a4e8-6fe45d0af45e@group-A1165329A1F1, cid=2872, SUCCESS, logIndex=4286, commits[4234af2c-5377-4886-a4e8-6fe45d0af45e:c4287, cef72988-acf5-49ad-9ec7-695a80e7a66d:c4284, d677508c-6db9-4741-b51c-49af5e4cf22f:c4283]
2019-09-08 07:08:03,669 [grpc-default-executor-5] INFO  client.GrpcClientProtocolClient (GrpcClientProtocolClient.java:onNext(264)) - client-964B0EA39D34->4234af2c-5377-4886-a4e8-6fe45d0af45e: receive RaftClientReply:client-964B0EA39D34->4234af2c-5377-4886-a4e8-6fe45d0af45e@group-A1165329A1F1, cid=2873, SUCCESS, logIndex=4287, commits[4234af2c-5377-4886-a4e8-6fe45d0af45e:c4289, cef72988-acf5-49ad-9ec7-695a80e7a66d:c4285, d677508c-6db9-4741-b51c-49af5e4cf22f:c4283]
2019-09-08 07:08:03,670 [grpc-default-executor-4] INFO  client.GrpcClientProtocolClient (GrpcClientProtocolClient.java:onNext(264)) - client-964B0EA39D34->4234af2c-5377-4886-a4e8-6fe45d0af45e: receive RaftClientReply:client-964B0EA39D34->4234af2c-5377-4886-a4e8-6fe45d0af45e@group-A1165329A1F1, cid=2874, SUCCESS, logIndex=0, commits[4234af2c-5377-4886-a4e8-6fe45d0af45e:c4290, cef72988-acf5-49ad-9ec7-695a80e7a66d:c4287, d677508c-6db9-4741-b51c-49af5e4cf22f:c4285]
2019-09-08 07:08:03,685 [grpc-default-executor-4] INFO  client.GrpcClientProtocolClient (GrpcClientProtocolClient.java:onNext(264)) - client-964B0EA39D34->4234af2c-5377-4886-a4e8-6fe45d0af45e: receive RaftClientReply:client-964B0EA39D34->4234af2c-5377-4886-a4e8-6fe45d0af45e@group-A1165329A1F1, cid=2875, SUCCESS, logIndex=4292, commits[4234af2c-5377-4886-a4e8-6fe45d0af45e:c4293, cef72988-acf5-49ad-9ec7-695a80e7a66d:c4287, d677508c-6db9-4741-b51c-49af5e4cf22f:c4291]
2019-09-08 07:08:03,685 [grpc-default-executor-4] INFO  client.GrpcClientProtocolClient (GrpcClientProtocolClient.java:onNext(264)) - client-964B0EA39D34->4234af2c-5377-4886-a4e8-6fe45d0af45e: receive RaftClientReply:client-964B0EA39D34->4234af2c-5377-4886-a4e8-6fe45d0af45e@group-A1165329A1F1, cid=2876, SUCCESS, logIndex=4293, commits[4234af2c-5377-4886-a4e8-6fe45d0af45e:c4293, cef72988-acf5-49ad-9ec7-695a80e7a66d:c4291, d677508c-6db9-4741-b51c-49af5e4cf22f:c4291]
2019-09-08 07:08:03,700 [grpc-default-executor-4] INFO  client.GrpcClientProtocolClient (GrpcClientProtocolClient.java:onNext(264)) - client-964B0EA39D34->4234af2c-5377-4886-a4e8-6fe45d0af45e: receive RaftClientReply:client-964B0EA39D34->4234af2c-5377-4886-a4e8-6fe45d0af45e@group-A1165329A1F1, cid=2877, SUCCESS, logIndex=4296, commits[4234af2c-5377-4886-a4e8-6fe45d0af45e:c4297, cef72988-acf5-49ad-9ec7-695a80e7a66d:c4294, d677508c-6db9-4741-b51c-49af5e4cf22f:c4293]
2019-09-08 07:08:03,700 [grpc-default-executor-4] INFO  client.GrpcClientProtocolClient (GrpcClientProtocolClient.java:onNext(264)) - client-964B0EA39D34->4234af2c-5377-4886-a4e8-6fe45d0af45e: receive RaftClientReply:client-964B0EA39D34->4234af2c-5377-4886-a4e8-6fe45d0af45e@group-A1165329A1F1, cid=2878, SUCCESS, logIndex=4297, commits[4234af2c-5377-4886-a4e8-6fe45d0af45e:c4297, cef72988-acf5-49ad-9ec7-695a80e7a66d:c4294, d677508c-6db9-4741-b51c-49af5e4cf22f:c4293]
2019-09-08 07:08:03,714 [grpc-default-executor-4] INFO  client.GrpcClientProtocolClient (GrpcClientProtocolClient.java:onNext(264)) - client-964B0EA39D34->4234af2c-5377-4886-a4e8-6fe45d0af45e: receive RaftClientReply:client-964B0EA39D34->4234af2c-5377-4886-a4e8-6fe45d0af45e@group-A1165329A1F1, cid=2879, SUCCESS, logIndex=0, commits[4234af2c-5377-4886-a4e8-6fe45d0af45e:c4298, cef72988-acf5-49ad-9ec7-695a80e7a66d:c4297, d677508c-6db9-4741-b51c-49af5e4cf22f:c4297]
2019-09-08 07:08:03,737 [grpc-default-executor-6] INFO  client.GrpcClientProtocolClient (GrpcClientProtocolClient.java:onNext(264)) - client-964B0EA39D34->4234af2c-5377-4886-a4e8-6fe45d0af45e: receive RaftClientReply:client-964B0EA39D34->4234af2c-5377-4886-a4e8-6fe45d0af45e@group-A1165329A1F1, cid=2880, SUCCESS, logIndex=4299, commits[4234af2c-5377-4886-a4e8-6fe45d0af45e:c4300, cef72988-acf5-49ad-9ec7-695a80e7a66d:c4298, d677508c-6db9-4741-b51c-49af5e4cf22f:c4298]
2019-09-08 07:08:03,737 [grpc-default-executor-6] INFO  client.GrpcClientProtocolClient (GrpcClientProtocolClient.java:onNext(264)) - client-964B0EA39D34->4234af2c-5377-4886-a4e8-6fe45d0af45e: receive RaftClientReply:client-964B0EA39D34->4234af2c-5377-4886-a4e8-6fe45d0af45e@group-A1165329A1F1, cid=2881, SUCCESS, logIndex=4300, commits[4234af2c-5377-4886-a4e8-6fe45d0af45e:c4302, cef72988-acf5-49ad-9ec7-695a80e7a66d:c4298, d677508c-6db9-4741-b51c-49af5e4cf22f:c4298]
2019-09-08 07:08:03,737 [grpc-default-executor-6] INFO  client.GrpcClientProtocolClient (GrpcClientProtocolClient.java:onNext(264)) - client-964B0EA39D34->4234af2c-5377-4886-a4e8-6fe45d0af45e: receive RaftClientReply:client-964B0EA39D34->4234af2c-5377-4886-a4e8-6fe45d0af45e@group-A1165329A1F1, cid=2882, SUCCESS, logIndex=4301, commits[4234af2c-5377-4886-a4e8-6fe45d0af45e:c4302, cef72988-acf5-49ad-9ec7-695a80e7a66d:c4298, d677508c-6db9-4741-b51c-49af5e4cf22f:c4298]
2019-09-08 07:08:03,737 [grpc-default-executor-6] INFO  client.GrpcClientProtocolClient (GrpcClientProtocolClient.java:onNext(264)) - client-964B0EA39D34->4234af2c-5377-4886-a4e8-6fe45d0af45e: receive RaftClientReply:client-964B0EA39D34->4234af2c-5377-4886-a4e8-6fe45d0af45e@group-A1165329A1F1, cid=2883, SUCCESS, logIndex=4302, commits[4234af2c-5377-4886-a4e8-6fe45d0af45e:c4302, cef72988-acf5-49ad-9ec7-695a80e7a66d:c4298, d677508c-6db9-4741-b51c-49af5e4cf22f:c4298]
2019-09-08 07:08:03,739 [grpc-default-executor-6] INFO  client.GrpcClientProtocolClient (GrpcClientProtocolClient.java:onNext(264)) - client-964B0EA39D34->4234af2c-5377-4886-a4e8-6fe45d0af45e: receive RaftClientReply:client-964B0EA39D34->4234af2c-5377-4886-a4e8-6fe45d0af45e@group-A1165329A1F1, cid=2884, SUCCESS, logIndex=0, commits[4234af2c-5377-4886-a4e8-6fe45d0af45e:c4304, cef72988-acf5-49ad-9ec7-695a80e7a66d:c4300, d677508c-6db9-4741-b51c-49af5e4cf22f:c4300]
2019-09-08 07:08:03,753 [grpc-default-executor-6] INFO  client.GrpcClientProtocolClient (GrpcClientProtocolClient.java:onNext(264)) - client-964B0EA39D34->4234af2c-5377-4886-a4e8-6fe45d0af45e: receive RaftClientReply:client-964B0EA39D34->4234af2c-5377-4886-a4e8-6fe45d0af45e@group-A1165329A1F1, cid=2885, SUCCESS, logIndex=4307, commits[4234af2c-5377-4886-a4e8-6fe45d0af45e:c4308, cef72988-acf5-49ad-9ec7-695a80e7a66d:c4305, d677508c-6db9-4741-b51c-49af5e4cf22f:c4302]
2019-09-08 07:08:03,753 [grpc-default-executor-6] INFO  client.GrpcClientProtocolClient (GrpcClientProtocolClient.java:onNext(264)) - client-964B0EA39D34->4234af2c-5377-4886-a4e8-6fe45d0af45e: receive RaftClientReply:client-964B0EA39D34->4234af2c-5377-4886-a4e8-6fe45d0af45e@group-A1165329A1F1, cid=2886, SUCCESS, logIndex=4308, commits[4234af2c-5377-4886-a4e8-6fe45d0af45e:c4308, cef72988-acf5-49ad-9ec7-695a80e7a66d:c4305, d677508c-6db9-4741-b51c-49af5e4cf22f:c4305]
2019-09-08 07:08:03,765 [grpc-default-executor-4] INFO  client.GrpcClientProtocolClient (GrpcClientProtocolClient.java:onNext(264)) - client-964B0EA39D34->4234af2c-5377-4886-a4e8-6fe45d0af45e: receive RaftClientReply:client-964B0EA39D34->4234af2c-5377-4886-a4e8-6fe45d0af45e@group-A1165329A1F1, cid=2887, SUCCESS, logIndex=4310, commits[4234af2c-5377-4886-a4e8-6fe45d0af45e:c4311, cef72988-acf5-49ad-9ec7-695a80e7a66d:c4309, d677508c-6db9-4741-b51c-49af5e4cf22f:c4309]
2019-09-08 07:08:03,765 [grpc-default-executor-4] INFO  client.GrpcClientProtocolClient (GrpcClientProtocolClient.java:onNext(264)) - client-964B0EA39D34->4234af2c-5377-4886-a4e8-6fe45d0af45e: receive RaftClientReply:client-964B0EA39D34->4234af2c-5377-4886-a4e8-6fe45d0af45e@group-A1165329A1F1, cid=2888, SUCCESS, logIndex=4311, commits[4234af2c-5377-4886-a4e8-6fe45d0af45e:c4311, cef72988-acf5-49ad-9ec7-695a80e7a66d:c4309, d677508c-6db9-4741-b51c-49af5e4cf22f:c4309]
2019-09-08 07:08:03,780 [grpc-default-executor-3] INFO  client.GrpcClientProtocolClient (GrpcClientProtocolClient.java:onNext(264)) - client-964B0EA39D34->4234af2c-5377-4886-a4e8-6fe45d0af45e: receive RaftClientReply:client-964B0EA39D34->4234af2c-5377-4886-a4e8-6fe45d0af45e@group-A1165329A1F1, cid=2889, SUCCESS, logIndex=0, commits[4234af2c-5377-4886-a4e8-6fe45d0af45e:c4313, cef72988-acf5-49ad-9ec7-695a80e7a66d:c4311, d677508c-6db9-4741-b51c-49af5e4cf22f:c4311]
2019-09-08 07:08:03,809 [grpc-default-executor-4] INFO  client.GrpcClientProtocolClient (GrpcClientProtocolClient.java:onNext(264)) - client-964B0EA39D34->4234af2c-5377-4886-a4e8-6fe45d0af45e: receive RaftClientReply:client-964B0EA39D34->4234af2c-5377-4886-a4e8-6fe45d0af45e@group-A1165329A1F1, cid=2890, SUCCESS, logIndex=4314, commits[4234af2c-5377-4886-a4e8-6fe45d0af45e:c4315, cef72988-acf5-49ad-9ec7-695a80e7a66d:c4313, d677508c-6db9-4741-b51c-49af5e4cf22f:c4313]
2019-09-08 07:08:03,809 [grpc-default-executor-4] INFO  client.GrpcClientProtocolClient (GrpcClientProtocolClient.java:onNext(264)) - client-964B0EA39D34->4234af2c-5377-4886-a4e8-6fe45d0af45e: receive RaftClientReply:client-964B0EA39D34->4234af2c-5377-4886-a4e8-6fe45d0af45e@group-A1165329A1F1, cid=2891, SUCCESS, logIndex=4315, commits[4234af2c-5377-4886-a4e8-6fe45d0af45e:c4317, cef72988-acf5-49ad-9ec7-695a80e7a66d:c4313, d677508c-6db9-4741-b51c-49af5e4cf22f:c4313]
2019-09-08 07:08:03,809 [grpc-default-executor-4] INFO  client.GrpcClientProtocolClient (GrpcClientProtocolClient.java:onNext(264)) - client-964B0EA39D34->4234af2c-5377-4886-a4e8-6fe45d0af45e: receive RaftClientReply:client-964B0EA39D34->4234af2c-5377-4886-a4e8-6fe45d0af45e@group-A1165329A1F1, cid=2892, SUCCESS, logIndex=4316, commits[4234af2c-5377-4886-a4e8-6fe45d0af45e:c4317, cef72988-acf5-49ad-9ec7-695a80e7a66d:c4313, d677508c-6db9-4741-b51c-49af5e4cf22f:c4313]
2019-09-08 07:08:03,810 [grpc-default-executor-4] INFO  client.GrpcClientProtocolClient (GrpcClientProtocolClient.java:onNext(264)) - client-964B0EA39D34->4234af2c-5377-4886-a4e8-6fe45d0af45e: receive RaftClientReply:client-964B0EA39D34->4234af2c-5377-4886-a4e8-6fe45d0af45e@group-A1165329A1F1, cid=2893, SUCCESS, logIndex=4317, commits[4234af2c-5377-4886-a4e8-6fe45d0af45e:c4317, cef72988-acf5-49ad-9ec7-695a80e7a66d:c4313, d677508c-6db9-4741-b51c-49af5e4cf22f:c4313]
2019-09-08 07:08:03,823 [grpc-default-executor-4] INFO  client.GrpcClientProtocolClient (GrpcClientProtocolClient.java:onNext(264)) - client-964B0EA39D34->4234af2c-5377-4886-a4e8-6fe45d0af45e: receive RaftClientReply:client-964B0EA39D34->4234af2c-5377-4886-a4e8-6fe45d0af45e@group-A1165329A1F1, cid=2894, SUCCESS, logIndex=0, commits[4234af2c-5377-4886-a4e8-6fe45d0af45e:c4321, cef72988-acf5-49ad-9ec7-695a80e7a66d:c4315, d677508c-6db9-4741-b51c-49af5e4cf22f:c4317]
2019-09-08 07:08:03,833 [grpc-default-executor-6] INFO  client.GrpcClientProtocolClient (GrpcClientProtocolClient.java:onNext(264)) - client-964B0EA39D34->4234af2c-5377-4886-a4e8-6fe45d0af45e: receive RaftClientReply:client-964B0EA39D34->4234af2c-5377-4886-a4e8-6fe45d0af45e@group-A1165329A1F1, cid=2895, SUCCESS, logIndex=4322, commits[4234af2c-5377-4886-a4e8-6fe45d0af45e:c4323, cef72988-acf5-49ad-9ec7-695a80e7a66d:c4321, d677508c-6db9-4741-b51c-49af5e4cf22f:c4321]
2019-09-08 07:08:03,834 [grpc-default-executor-6] INFO  client.GrpcClientProtocolClient (GrpcClientProtocolClient.java:onNext(264)) - client-964B0EA39D34->4234af2c-5377-4886-a4e8-6fe45d0af45e: receive RaftClientReply:client-964B0EA39D34->4234af2c-5377-4886-a4e8-6fe45d0af45e@group-A1165329A1F1, cid=2896, SUCCESS, logIndex=4323, commits[4234af2c-5377-4886-a4e8-6fe45d0af45e:c4323, cef72988-acf5-49ad-9ec7-695a80e7a66d:c4321, d677508c-6db9-4741-b51c-49af5e4cf22f:c4321]
2019-09-08 07:08:03,847 [grpc-default-executor-6] INFO  client.GrpcClientProtocolClient (GrpcClientProtocolClient.java:onNext(264)) - client-964B0EA39D34->4234af2c-5377-4886-a4e8-6fe45d0af45e: receive RaftClientReply:client-964B0EA39D34->4234af2c-5377-4886-a4e8-6fe45d0af45e@group-A1165329A1F1, cid=2897, SUCCESS, logIndex=4326, commits[4234af2c-5377-4886-a4e8-6fe45d0af45e:c4327, cef72988-acf5-49ad-9ec7-695a80e7a66d:c4323, d677508c-6db9-4741-b51c-49af5e4cf22f:c4323]
2019-09-08 07:08:03,847 [grpc-default-executor-6] INFO  client.GrpcClientProtocolClient (GrpcClientProtocolClient.java:onNext(264)) - client-964B0EA39D34->4234af2c-5377-4886-a4e8-6fe45d0af45e: receive RaftClientReply:client-964B0EA39D34->4234af2c-5377-4886-a4e8-6fe45d0af45e@group-A1165329A1F1, cid=2898, SUCCESS, logIndex=4327, commits[4234af2c-5377-4886-a4e8-6fe45d0af45e:c4327, cef72988-acf5-49ad-9ec7-695a80e7a66d:c4323, d677508c-6db9-4741-b51c-49af5e4cf22f:c4323]
2019-09-08 07:08:04,021 [grpc-default-executor-3] INFO  client.GrpcClientProtocolClient (GrpcClientProtocolClient.java:onNext(264)) - client-964B0EA39D34->4234af2c-5377-4886-a4e8-6fe45d0af45e: receive RaftClientReply:client-964B0EA39D34->4234af2c-5377-4886-a4e8-6fe45d0af45e@group-A1165329A1F1, cid=2899, SUCCESS, logIndex=0, commits[4234af2c-5377-4886-a4e8-6fe45d0af45e:c4329, cef72988-acf5-49ad-9ec7-695a80e7a66d:c4327, d677508c-6db9-4741-b51c-49af5e4cf22f:c4327]
2019-09-08 07:08:04,061 [grpc-default-executor-3] INFO  client.GrpcClientProtocolClient (GrpcClientProtocolClient.java:onNext(264)) - client-964B0EA39D34->4234af2c-5377-4886-a4e8-6fe45d0af45e: receive RaftClientReply:client-964B0EA39D34->4234af2c-5377-4886-a4e8-6fe45d0af45e@group-A1165329A1F1, cid=2900, SUCCESS, logIndex=4330, commits[4234af2c-5377-4886-a4e8-6fe45d0af45e:c4331, cef72988-acf5-49ad-9ec7-695a80e7a66d:c4329, d677508c-6db9-4741-b51c-49af5e4cf22f:c4329]
2019-09-08 07:08:04,062 [grpc-default-executor-3] INFO  client.GrpcClientProtocolClient (GrpcClientProtocolClient.java:onNext(264)) - client-964B0EA39D34->4234af2c-5377-4886-a4e8-6fe45d0af45e: receive RaftClientReply:client-964B0EA39D34->4234af2c-5377-4886-a4e8-6fe45d0af45e@group-A1165329A1F1, cid=2901, SUCCESS, logIndex=4331, commits[4234af2c-5377-4886-a4e8-6fe45d0af45e:c4331, cef72988-acf5-49ad-9ec7-695a80e7a66d:c4329, d677508c-6db9-4741-b51c-49af5e4cf22f:c4329]
2019-09-08 07:08:04,070 [grpc-default-executor-6] INFO  client.GrpcClientProtocolClient (GrpcClientProtocolClient.java:onNext(264)) - client-964B0EA39D34->4234af2c-5377-4886-a4e8-6fe45d0af45e: receive RaftClientReply:client-964B0EA39D34->4234af2c-5377-4886-a4e8-6fe45d0af45e@group-A1165329A1F1, cid=2902, SUCCESS, logIndex=4332, commits[4234af2c-5377-4886-a4e8-6fe45d0af45e:c4332, cef72988-acf5-49ad-9ec7-695a80e7a66d:c4329, d677508c-6db9-4741-b51c-49af5e4cf22f:c4329]
2019-09-08 07:08:04,070 [grpc-default-executor-6] INFO  client.GrpcClientProtocolClient (GrpcClientProtocolClient.java:onNext(264)) - client-964B0EA39D34->4234af2c-5377-4886-a4e8-6fe45d0af45e: receive RaftClientReply:client-964B0EA39D34->4234af2c-5377-4886-a4e8-6fe45d0af45e@group-A1165329A1F1, cid=2903, SUCCESS, logIndex=4333, commits[4234af2c-5377-4886-a4e8-6fe45d0af45e:c4333, cef72988-acf5-49ad-9ec7-695a80e7a66d:c4329, d677508c-6db9-4741-b51c-49af5e4cf22f:c4329]
2019-09-08 07:08:04,081 [grpc-default-executor-6] INFO  client.GrpcClientProtocolClient (GrpcClientProtocolClient.java:onNext(264)) - client-964B0EA39D34->4234af2c-5377-4886-a4e8-6fe45d0af45e: receive RaftClientReply:client-964B0EA39D34->4234af2c-5377-4886-a4e8-6fe45d0af45e@group-A1165329A1F1, cid=2904, SUCCESS, logIndex=0, commits[4234af2c-5377-4886-a4e8-6fe45d0af45e:c4335, cef72988-acf5-49ad-9ec7-695a80e7a66d:c4331, d677508c-6db9-4741-b51c-49af5e4cf22f:c4331]
2019-09-08 07:08:04,092 [grpc-default-executor-4] INFO  client.GrpcClientProtocolClient (GrpcClientProtocolClient.java:onNext(264)) - client-964B0EA39D34->4234af2c-5377-4886-a4e8-6fe45d0af45e: receive RaftClientReply:client-964B0EA39D34->4234af2c-5377-4886-a4e8-6fe45d0af45e@group-A1165329A1F1, cid=2905, SUCCESS, logIndex=4338, commits[4234af2c-5377-4886-a4e8-6fe45d0af45e:c4339, cef72988-acf5-49ad-9ec7-695a80e7a66d:c4337, d677508c-6db9-4741-b51c-49af5e4cf22f:c4337]
2019-09-08 07:08:04,092 [grpc-default-executor-4] INFO  client.GrpcClientProtocolClient (GrpcClientProtocolClient.java:onNext(264)) - client-964B0EA39D34->4234af2c-5377-4886-a4e8-6fe45d0af45e: receive RaftClientReply:client-964B0EA39D34->4234af2c-5377-4886-a4e8-6fe45d0af45e@group-A1165329A1F1, cid=2906, SUCCESS, logIndex=4339, commits[4234af2c-5377-4886-a4e8-6fe45d0af45e:c4339, cef72988-acf5-49ad-9ec7-695a80e7a66d:c4337, d677508c-6db9-4741-b51c-49af5e4cf22f:c4337]
 0.00% |█                                                                                                    |  0/1 Time: 0:00:442019-09-08 07:08:04,107 [grpc-default-executor-3] INFO  client.GrpcClientProtocolClient (GrpcClientProtocolClient.java:onNext(264)) - client-964B0EA39D34->4234af2c-5377-4886-a4e8-6fe45d0af45e: receive RaftClientReply:client-964B0EA39D34->4234af2c-5377-4886-a4e8-6fe45d0af45e@group-A1165329A1F1, cid=2907, SUCCESS, logIndex=4342, commits[4234af2c-5377-4886-a4e8-6fe45d0af45e:c4342, cef72988-acf5-49ad-9ec7-695a80e7a66d:c4339, d677508c-6db9-4741-b51c-49af5e4cf22f:c4339]
2019-09-08 07:08:04,107 [grpc-default-executor-3] INFO  client.GrpcClientProtocolClient (GrpcClientProtocolClient.java:onNext(264)) - client-964B0EA39D34->4234af2c-5377-4886-a4e8-6fe45d0af45e: receive RaftClientReply:client-964B0EA39D34->4234af2c-5377-4886-a4e8-6fe45d0af45e@group-A1165329A1F1, cid=2908, SUCCESS, logIndex=4343, commits[4234af2c-5377-4886-a4e8-6fe45d0af45e:c4343, cef72988-acf5-49ad-9ec7-695a80e7a66d:c4339, d677508c-6db9-4741-b51c-49af5e4cf22f:c4339]
2019-09-08 07:08:04,119 [grpc-default-executor-3] INFO  client.GrpcClientProtocolClient (GrpcClientProtocolClient.java:onNext(264)) - client-964B0EA39D34->4234af2c-5377-4886-a4e8-6fe45d0af45e: receive RaftClientReply:client-964B0EA39D34->4234af2c-5377-4886-a4e8-6fe45d0af45e@group-A1165329A1F1, cid=2909, SUCCESS, logIndex=0, commits[4234af2c-5377-4886-a4e8-6fe45d0af45e:c4345, cef72988-acf5-49ad-9ec7-695a80e7a66d:c4343, d677508c-6db9-4741-b51c-49af5e4cf22f:c4343]
2019-09-08 07:08:04,142 [grpc-default-executor-4] INFO  client.GrpcClientProtocolClient (GrpcClientProtocolClient.java:onNext(264)) - client-964B0EA39D34->4234af2c-5377-4886-a4e8-6fe45d0af45e: receive RaftClientReply:client-964B0EA39D34->4234af2c-5377-4886-a4e8-6fe45d0af45e@group-A1165329A1F1, cid=2910, SUCCESS, logIndex=4346, commits[4234af2c-5377-4886-a4e8-6fe45d0af45e:c4348, cef72988-acf5-49ad-9ec7-695a80e7a66d:c4345, d677508c-6db9-4741-b51c-49af5e4cf22f:c4345]
2019-09-08 07:08:04,142 [grpc-default-executor-4] INFO  client.GrpcClientProtocolClient (GrpcClientProtocolClient.java:onNext(264)) - client-964B0EA39D34->4234af2c-5377-4886-a4e8-6fe45d0af45e: receive RaftClientReply:client-964B0EA39D34->4234af2c-5377-4886-a4e8-6fe45d0af45e@group-A1165329A1F1, cid=2911, SUCCESS, logIndex=4347, commits[4234af2c-5377-4886-a4e8-6fe45d0af45e:c4349, cef72988-acf5-49ad-9ec7-695a80e7a66d:c4345, d677508c-6db9-4741-b51c-49af5e4cf22f:c4345]
2019-09-08 07:08:04,142 [grpc-default-executor-4] INFO  client.GrpcClientProtocolClient (GrpcClientProtocolClient.java:onNext(264)) - client-964B0EA39D34->4234af2c-5377-4886-a4e8-6fe45d0af45e: receive RaftClientReply:client-964B0EA39D34->4234af2c-5377-4886-a4e8-6fe45d0af45e@group-A1165329A1F1, cid=2912, SUCCESS, logIndex=4348, commits[4234af2c-5377-4886-a4e8-6fe45d0af45e:c4349, cef72988-acf5-49ad-9ec7-695a80e7a66d:c4345, d677508c-6db9-4741-b51c-49af5e4cf22f:c4345]
2019-09-08 07:08:04,143 [grpc-default-executor-4] INFO  client.GrpcClientProtocolClient (GrpcClientProtocolClient.java:onNext(264)) - client-964B0EA39D34->4234af2c-5377-4886-a4e8-6fe45d0af45e: receive RaftClientReply:client-964B0EA39D34->4234af2c-5377-4886-a4e8-6fe45d0af45e@group-A1165329A1F1, cid=2913, SUCCESS, logIndex=4349, commits[4234af2c-5377-4886-a4e8-6fe45d0af45e:c4349, cef72988-acf5-49ad-9ec7-695a80e7a66d:c4345, d677508c-6db9-4741-b51c-49af5e4cf22f:c4345]
2019-09-08 07:08:04,156 [grpc-default-executor-4] INFO  client.GrpcClientProtocolClient (GrpcClientProtocolClient.java:onNext(264)) - client-964B0EA39D34->4234af2c-5377-4886-a4e8-6fe45d0af45e: receive RaftClientReply:client-964B0EA39D34->4234af2c-5377-4886-a4e8-6fe45d0af45e@group-A1165329A1F1, cid=2914, SUCCESS, logIndex=0, commits[4234af2c-5377-4886-a4e8-6fe45d0af45e:c4353, cef72988-acf5-49ad-9ec7-695a80e7a66d:c4349, d677508c-6db9-4741-b51c-49af5e4cf22f:c4347]
2019-09-08 07:08:04,166 [grpc-default-executor-6] INFO  client.GrpcClientProtocolClient (GrpcClientProtocolClient.java:onNext(264)) - client-964B0EA39D34->4234af2c-5377-4886-a4e8-6fe45d0af45e: receive RaftClientReply:client-964B0EA39D34->4234af2c-5377-4886-a4e8-6fe45d0af45e@group-A1165329A1F1, cid=2915, SUCCESS, logIndex=4354, commits[4234af2c-5377-4886-a4e8-6fe45d0af45e:c4355, cef72988-acf5-49ad-9ec7-695a80e7a66d:c4353, d677508c-6db9-4741-b51c-49af5e4cf22f:c4353]
2019-09-08 07:08:04,167 [grpc-default-executor-6] INFO  client.GrpcClientProtocolClient (GrpcClientProtocolClient.java:onNext(264)) - client-964B0EA39D34->4234af2c-5377-4886-a4e8-6fe45d0af45e: receive RaftClientReply:client-964B0EA39D34->4234af2c-5377-4886-a4e8-6fe45d0af45e@group-A1165329A1F1, cid=2916, SUCCESS, logIndex=4355, commits[4234af2c-5377-4886-a4e8-6fe45d0af45e:c4355, cef72988-acf5-49ad-9ec7-695a80e7a66d:c4353, d677508c-6db9-4741-b51c-49af5e4cf22f:c4353]
2019-09-08 07:08:04,181 [grpc-default-executor-4] INFO  client.GrpcClientProtocolClient (GrpcClientProtocolClient.java:onNext(264)) - client-964B0EA39D34->4234af2c-5377-4886-a4e8-6fe45d0af45e: receive RaftClientReply:client-964B0EA39D34->4234af2c-5377-4886-a4e8-6fe45d0af45e@group-A1165329A1F1, cid=2917, SUCCESS, logIndex=4358, commits[4234af2c-5377-4886-a4e8-6fe45d0af45e:c4359, cef72988-acf5-49ad-9ec7-695a80e7a66d:c4355, d677508c-6db9-4741-b51c-49af5e4cf22f:c4355]
2019-09-08 07:08:04,182 [grpc-default-executor-4] INFO  client.GrpcClientProtocolClient (GrpcClientProtocolClient.java:onNext(264)) - client-964B0EA39D34->4234af2c-5377-4886-a4e8-6fe45d0af45e: receive RaftClientReply:client-964B0EA39D34->4234af2c-5377-4886-a4e8-6fe45d0af45e@group-A1165329A1F1, cid=2918, SUCCESS, logIndex=4359, commits[4234af2c-5377-4886-a4e8-6fe45d0af45e:c4359, cef72988-acf5-49ad-9ec7-695a80e7a66d:c4355, d677508c-6db9-4741-b51c-49af5e4cf22f:c4355]
2019-09-08 07:08:04,193 [grpc-default-executor-6] INFO  client.GrpcClientProtocolClient (GrpcClientProtocolClient.java:onNext(264)) - client-964B0EA39D34->4234af2c-5377-4886-a4e8-6fe45d0af45e: receive RaftClientReply:client-964B0EA39D34->4234af2c-5377-4886-a4e8-6fe45d0af45e@group-A1165329A1F1, cid=2919, SUCCESS, logIndex=0, commits[4234af2c-5377-4886-a4e8-6fe45d0af45e:c4361, cef72988-acf5-49ad-9ec7-695a80e7a66d:c4359, d677508c-6db9-4741-b51c-49af5e4cf22f:c4359]
2019-09-08 07:08:04,222 [grpc-default-executor-3] INFO  client.GrpcClientProtocolClient (GrpcClientProtocolClient.java:onNext(264)) - client-964B0EA39D34->4234af2c-5377-4886-a4e8-6fe45d0af45e: receive RaftClientReply:client-964B0EA39D34->4234af2c-5377-4886-a4e8-6fe45d0af45e@group-A1165329A1F1, cid=2920, SUCCESS, logIndex=4362, commits[4234af2c-5377-4886-a4e8-6fe45d0af45e:c4364, cef72988-acf5-49ad-9ec7-695a80e7a66d:c4361, d677508c-6db9-4741-b51c-49af5e4cf22f:c4361]
2019-09-08 07:08:04,223 [grpc-default-executor-3] INFO  client.GrpcClientProtocolClient (GrpcClientProtocolClient.java:onNext(264)) - client-964B0EA39D34->4234af2c-5377-4886-a4e8-6fe45d0af45e: receive RaftClientReply:client-964B0EA39D34->4234af2c-5377-4886-a4e8-6fe45d0af45e@group-A1165329A1F1, cid=2921, SUCCESS, logIndex=4363, commits[4234af2c-5377-4886-a4e8-6fe45d0af45e:c4365, cef72988-acf5-49ad-9ec7-695a80e7a66d:c4361, d677508c-6db9-4741-b51c-49af5e4cf22f:c4361]
2019-09-08 07:08:04,223 [grpc-default-executor-3] INFO  client.GrpcClientProtocolClient (GrpcClientProtocolClient.java:onNext(264)) - client-964B0EA39D34->4234af2c-5377-4886-a4e8-6fe45d0af45e: receive RaftClientReply:client-964B0EA39D34->4234af2c-5377-4886-a4e8-6fe45d0af45e@group-A1165329A1F1, cid=2922, SUCCESS, logIndex=4364, commits[4234af2c-5377-4886-a4e8-6fe45d0af45e:c4365, cef72988-acf5-49ad-9ec7-695a80e7a66d:c4361, d677508c-6db9-4741-b51c-49af5e4cf22f:c4361]
2019-09-08 07:08:04,223 [grpc-default-executor-3] INFO  client.GrpcClientProtocolClient (GrpcClientProtocolClient.java:onNext(264)) - client-964B0EA39D34->4234af2c-5377-4886-a4e8-6fe45d0af45e: receive RaftClientReply:client-964B0EA39D34->4234af2c-5377-4886-a4e8-6fe45d0af45e@group-A1165329A1F1, cid=2923, SUCCESS, logIndex=4365, commits[4234af2c-5377-4886-a4e8-6fe45d0af45e:c4365, cef72988-acf5-49ad-9ec7-695a80e7a66d:c4361, d677508c-6db9-4741-b51c-49af5e4cf22f:c4361]
2019-09-08 07:08:04,237 [grpc-default-executor-3] INFO  client.GrpcClientProtocolClient (GrpcClientProtocolClient.java:onNext(264)) - client-964B0EA39D34->4234af2c-5377-4886-a4e8-6fe45d0af45e: receive RaftClientReply:client-964B0EA39D34->4234af2c-5377-4886-a4e8-6fe45d0af45e@group-A1165329A1F1, cid=2924, SUCCESS, logIndex=0, commits[4234af2c-5377-4886-a4e8-6fe45d0af45e:c4369, cef72988-acf5-49ad-9ec7-695a80e7a66d:c4365, d677508c-6db9-4741-b51c-49af5e4cf22f:c4363]
2019-09-08 07:08:04,668 [grpc-default-executor-4] INFO  client.GrpcClientProtocolClient (GrpcClientProtocolClient.java:onNext(264)) - client-964B0EA39D34->4234af2c-5377-4886-a4e8-6fe45d0af45e: receive RaftClientReply:client-964B0EA39D34->4234af2c-5377-4886-a4e8-6fe45d0af45e@group-A1165329A1F1, cid=2925, SUCCESS, logIndex=4370, commits[4234af2c-5377-4886-a4e8-6fe45d0af45e:c4371, cef72988-acf5-49ad-9ec7-695a80e7a66d:c4369, d677508c-6db9-4741-b51c-49af5e4cf22f:c4369]
2019-09-08 07:08:04,669 [grpc-default-executor-4] INFO  client.GrpcClientProtocolClient (GrpcClientProtocolClient.java:onNext(264)) - client-964B0EA39D34->4234af2c-5377-4886-a4e8-6fe45d0af45e: receive RaftClientReply:client-964B0EA39D34->4234af2c-5377-4886-a4e8-6fe45d0af45e@group-A1165329A1F1, cid=2926, SUCCESS, logIndex=4371, commits[4234af2c-5377-4886-a4e8-6fe45d0af45e:c4371, cef72988-acf5-49ad-9ec7-695a80e7a66d:c4371, d677508c-6db9-4741-b51c-49af5e4cf22f:c4369]
 0.00% |█                                                                                                    |  0/1 Time: 0:00:452019-09-08 07:08:05,247 [grpc-default-executor-4] INFO  client.GrpcClientProtocolClient (GrpcClientProtocolClient.java:onNext(264)) - client-964B0EA39D34->4234af2c-5377-4886-a4e8-6fe45d0af45e: receive RaftClientReply:client-964B0EA39D34->4234af2c-5377-4886-a4e8-6fe45d0af45e@group-A1165329A1F1, cid=2927, SUCCESS, logIndex=4373, commits[4234af2c-5377-4886-a4e8-6fe45d0af45e:c4374, cef72988-acf5-49ad-9ec7-695a80e7a66d:c4371, d677508c-6db9-4741-b51c-49af5e4cf22f:c4371]
2019-09-08 07:08:05,247 [grpc-default-executor-4] INFO  client.GrpcClientProtocolClient (GrpcClientProtocolClient.java:onNext(264)) - client-964B0EA39D34->4234af2c-5377-4886-a4e8-6fe45d0af45e: receive RaftClientReply:client-964B0EA39D34->4234af2c-5377-4886-a4e8-6fe45d0af45e@group-A1165329A1F1, cid=2928, SUCCESS, logIndex=4374, commits[4234af2c-5377-4886-a4e8-6fe45d0af45e:c4374, cef72988-acf5-49ad-9ec7-695a80e7a66d:c4371, d677508c-6db9-4741-b51c-49af5e4cf22f:c4371]
2019-09-08 07:08:05,475 [grpc-default-executor-4] INFO  client.GrpcClientProtocolClient (GrpcClientProtocolClient.java:onNext(264)) - client-964B0EA39D34->4234af2c-5377-4886-a4e8-6fe45d0af45e: receive RaftClientReply:client-964B0EA39D34->4234af2c-5377-4886-a4e8-6fe45d0af45e@group-A1165329A1F1, cid=2929, SUCCESS, logIndex=0, commits[4234af2c-5377-4886-a4e8-6fe45d0af45e:c4375, cef72988-acf5-49ad-9ec7-695a80e7a66d:c4374, d677508c-6db9-4741-b51c-49af5e4cf22f:c4374]
 0.00% |█                                                                                                    |  0/1 Time: 0:00:462019-09-08 07:08:06,730 [grpc-default-executor-3] INFO  client.GrpcClientProtocolClient (GrpcClientProtocolClient.java:onNext(264)) - client-964B0EA39D34->4234af2c-5377-4886-a4e8-6fe45d0af45e: receive RaftClientReply:client-964B0EA39D34->4234af2c-5377-4886-a4e8-6fe45d0af45e@group-A1165329A1F1, cid=2930, SUCCESS, logIndex=4377, commits[4234af2c-5377-4886-a4e8-6fe45d0af45e:c4380, cef72988-acf5-49ad-9ec7-695a80e7a66d:c4375, d677508c-6db9-4741-b51c-49af5e4cf22f:c4375]
2019-09-08 07:08:06,733 [grpc-default-executor-3] INFO  client.GrpcClientProtocolClient (GrpcClientProtocolClient.java:onNext(264)) - client-964B0EA39D34->4234af2c-5377-4886-a4e8-6fe45d0af45e: receive RaftClientReply:client-964B0EA39D34->4234af2c-5377-4886-a4e8-6fe45d0af45e@group-A1165329A1F1, cid=2931, SUCCESS, logIndex=4378, commits[4234af2c-5377-4886-a4e8-6fe45d0af45e:c4380, cef72988-acf5-49ad-9ec7-695a80e7a66d:c4375, d677508c-6db9-4741-b51c-49af5e4cf22f:c4375]
2019-09-08 07:08:06,733 [grpc-default-executor-3] INFO  client.GrpcClientProtocolClient (GrpcClientProtocolClient.java:onNext(264)) - client-964B0EA39D34->4234af2c-5377-4886-a4e8-6fe45d0af45e: receive RaftClientReply:client-964B0EA39D34->4234af2c-5377-4886-a4e8-6fe45d0af45e@group-A1165329A1F1, cid=2932, SUCCESS, logIndex=4379, commits[4234af2c-5377-4886-a4e8-6fe45d0af45e:c4380, cef72988-acf5-49ad-9ec7-695a80e7a66d:c4375, d677508c-6db9-4741-b51c-49af5e4cf22f:c4375]
2019-09-08 07:08:06,733 [grpc-default-executor-3] INFO  client.GrpcClientProtocolClient (GrpcClientProtocolClient.java:onNext(264)) - client-964B0EA39D34->4234af2c-5377-4886-a4e8-6fe45d0af45e: receive RaftClientReply:client-964B0EA39D34->4234af2c-5377-4886-a4e8-6fe45d0af45e@group-A1165329A1F1, cid=2933, SUCCESS, logIndex=4380, commits[4234af2c-5377-4886-a4e8-6fe45d0af45e:c4380, cef72988-acf5-49ad-9ec7-695a80e7a66d:c4375, d677508c-6db9-4741-b51c-49af5e4cf22f:c4375]
 0.00% |█                                                                                                    |  0/1 Time: 0:00:472019-09-08 07:08:07,375 [grpc-default-executor-3] INFO  client.GrpcClientProtocolClient (GrpcClientProtocolClient.java:onNext(264)) - client-964B0EA39D34->4234af2c-5377-4886-a4e8-6fe45d0af45e: receive RaftClientReply:client-964B0EA39D34->4234af2c-5377-4886-a4e8-6fe45d0af45e@group-A1165329A1F1, cid=2934, SUCCESS, logIndex=0, commits[4234af2c-5377-4886-a4e8-6fe45d0af45e:c4381, cef72988-acf5-49ad-9ec7-695a80e7a66d:c4380, d677508c-6db9-4741-b51c-49af5e4cf22f:c4380]
 0.00% |█                                                                                                    |  0/1 Time: 0:00:482019-09-08 07:08:08,691 [grpc-default-executor-5] INFO  client.GrpcClientProtocolClient (GrpcClientProtocolClient.java:onNext(264)) - client-964B0EA39D34->4234af2c-5377-4886-a4e8-6fe45d0af45e: receive RaftClientReply:client-964B0EA39D34->4234af2c-5377-4886-a4e8-6fe45d0af45e@group-A1165329A1F1, cid=2935, SUCCESS, logIndex=4383, commits[4234af2c-5377-4886-a4e8-6fe45d0af45e:c4384, cef72988-acf5-49ad-9ec7-695a80e7a66d:c4381, d677508c-6db9-4741-b51c-49af5e4cf22f:c4381]
2019-09-08 07:08:08,692 [grpc-default-executor-5] INFO  client.GrpcClientProtocolClient (GrpcClientProtocolClient.java:onNext(264)) - client-964B0EA39D34->4234af2c-5377-4886-a4e8-6fe45d0af45e: receive RaftClientReply:client-964B0EA39D34->4234af2c-5377-4886-a4e8-6fe45d0af45e@group-A1165329A1F1, cid=2936, SUCCESS, logIndex=4384, commits[4234af2c-5377-4886-a4e8-6fe45d0af45e:c4384, cef72988-acf5-49ad-9ec7-695a80e7a66d:c4381, d677508c-6db9-4741-b51c-49af5e4cf22f:c4381]
 0.00% |█                                                                                                    |  0/1 Time: 0:00:492019-09-08 07:08:09,133 [grpc-default-executor-3] INFO  client.GrpcClientProtocolClient (GrpcClientProtocolClient.java:onNext(264)) - client-964B0EA39D34->4234af2c-5377-4886-a4e8-6fe45d0af45e: receive RaftClientReply:client-964B0EA39D34->4234af2c-5377-4886-a4e8-6fe45d0af45e@group-A1165329A1F1, cid=2937, SUCCESS, logIndex=4386, commits[4234af2c-5377-4886-a4e8-6fe45d0af45e:c4387, cef72988-acf5-49ad-9ec7-695a80e7a66d:c4384, d677508c-6db9-4741-b51c-49af5e4cf22f:c4384]
2019-09-08 07:08:09,134 [grpc-default-executor-3] INFO  client.GrpcClientProtocolClient (GrpcClientProtocolClient.java:onNext(264)) - client-964B0EA39D34->4234af2c-5377-4886-a4e8-6fe45d0af45e: receive RaftClientReply:client-964B0EA39D34->4234af2c-5377-4886-a4e8-6fe45d0af45e@group-A1165329A1F1, cid=2938, SUCCESS, logIndex=4387, commits[4234af2c-5377-4886-a4e8-6fe45d0af45e:c4387, cef72988-acf5-49ad-9ec7-695a80e7a66d:c4384, d677508c-6db9-4741-b51c-49af5e4cf22f:c4384]
2019-09-08 07:08:09,145 [grpc-default-executor-3] INFO  client.GrpcClientProtocolClient (GrpcClientProtocolClient.java:onNext(264)) - client-964B0EA39D34->4234af2c-5377-4886-a4e8-6fe45d0af45e: receive RaftClientReply:client-964B0EA39D34->4234af2c-5377-4886-a4e8-6fe45d0af45e@group-A1165329A1F1, cid=2939, SUCCESS, logIndex=0, commits[4234af2c-5377-4886-a4e8-6fe45d0af45e:c4388, cef72988-acf5-49ad-9ec7-695a80e7a66d:c4387, d677508c-6db9-4741-b51c-49af5e4cf22f:c4387]
2019-09-08 07:08:09,199 [grpc-default-executor-3] INFO  client.GrpcClientProtocolClient (GrpcClientProtocolClient.java:onNext(264)) - client-964B0EA39D34->4234af2c-5377-4886-a4e8-6fe45d0af45e: receive RaftClientReply:client-964B0EA39D34->4234af2c-5377-4886-a4e8-6fe45d0af45e@group-A1165329A1F1, cid=2940, SUCCESS, logIndex=4389, commits[4234af2c-5377-4886-a4e8-6fe45d0af45e:c4392, cef72988-acf5-49ad-9ec7-695a80e7a66d:c4388, d677508c-6db9-4741-b51c-49af5e4cf22f:c4388]
2019-09-08 07:08:09,200 [grpc-default-executor-3] INFO  client.GrpcClientProtocolClient (GrpcClientProtocolClient.java:onNext(264)) - client-964B0EA39D34->4234af2c-5377-4886-a4e8-6fe45d0af45e: receive RaftClientReply:client-964B0EA39D34->4234af2c-5377-4886-a4e8-6fe45d0af45e@group-A1165329A1F1, cid=2941, SUCCESS, logIndex=4390, commits[4234af2c-5377-4886-a4e8-6fe45d0af45e:c4392, cef72988-acf5-49ad-9ec7-695a80e7a66d:c4388, d677508c-6db9-4741-b51c-49af5e4cf22f:c4388]
2019-09-08 07:08:09,201 [grpc-default-executor-4] INFO  client.GrpcClientProtocolClient (GrpcClientProtocolClient.java:onNext(264)) - client-964B0EA39D34->4234af2c-5377-4886-a4e8-6fe45d0af45e: receive RaftClientReply:client-964B0EA39D34->4234af2c-5377-4886-a4e8-6fe45d0af45e@group-A1165329A1F1, cid=2942, SUCCESS, logIndex=4391, commits[4234af2c-5377-4886-a4e8-6fe45d0af45e:c4392, cef72988-acf5-49ad-9ec7-695a80e7a66d:c4388, d677508c-6db9-4741-b51c-49af5e4cf22f:c4388]
2019-09-08 07:08:09,201 [grpc-default-executor-4] INFO  client.GrpcClientProtocolClient (GrpcClientProtocolClient.java:onNext(264)) - client-964B0EA39D34->4234af2c-5377-4886-a4e8-6fe45d0af45e: receive RaftClientReply:client-964B0EA39D34->4234af2c-5377-4886-a4e8-6fe45d0af45e@group-A1165329A1F1, cid=2943, SUCCESS, logIndex=4392, commits[4234af2c-5377-4886-a4e8-6fe45d0af45e:c4392, cef72988-acf5-49ad-9ec7-695a80e7a66d:c4388, d677508c-6db9-4741-b51c-49af5e4cf22f:c4388]
2019-09-08 07:08:09,202 [grpc-default-executor-4] INFO  client.GrpcClientProtocolClient (GrpcClientProtocolClient.java:onNext(264)) - client-964B0EA39D34->4234af2c-5377-4886-a4e8-6fe45d0af45e: receive RaftClientReply:client-964B0EA39D34->4234af2c-5377-4886-a4e8-6fe45d0af45e@group-A1165329A1F1, cid=2944, SUCCESS, logIndex=0, commits[4234af2c-5377-4886-a4e8-6fe45d0af45e:c4396, cef72988-acf5-49ad-9ec7-695a80e7a66d:c4392, d677508c-6db9-4741-b51c-49af5e4cf22f:c4392]
2019-09-08 07:08:09,221 [grpc-default-executor-5] INFO  client.GrpcClientProtocolClient (GrpcClientProtocolClient.java:onNext(264)) - client-964B0EA39D34->4234af2c-5377-4886-a4e8-6fe45d0af45e: receive RaftClientReply:client-964B0EA39D34->4234af2c-5377-4886-a4e8-6fe45d0af45e@group-A1165329A1F1, cid=2945, SUCCESS, logIndex=4397, commits[4234af2c-5377-4886-a4e8-6fe45d0af45e:c4398, cef72988-acf5-49ad-9ec7-695a80e7a66d:c4396, d677508c-6db9-4741-b51c-49af5e4cf22f:c4396]
2019-09-08 07:08:09,221 [grpc-default-executor-5] INFO  client.GrpcClientProtocolClient (GrpcClientProtocolClient.java:onNext(264)) - client-964B0EA39D34->4234af2c-5377-4886-a4e8-6fe45d0af45e: receive RaftClientReply:client-964B0EA39D34->4234af2c-5377-4886-a4e8-6fe45d0af45e@group-A1165329A1F1, cid=2946, SUCCESS, logIndex=4398, commits[4234af2c-5377-4886-a4e8-6fe45d0af45e:c4398, cef72988-acf5-49ad-9ec7-695a80e7a66d:c4396, d677508c-6db9-4741-b51c-49af5e4cf22f:c4396]
2019-09-08 07:08:09,237 [grpc-default-executor-6] INFO  client.GrpcClientProtocolClient (GrpcClientProtocolClient.java:onNext(264)) - client-964B0EA39D34->4234af2c-5377-4886-a4e8-6fe45d0af45e: receive RaftClientReply:client-964B0EA39D34->4234af2c-5377-4886-a4e8-6fe45d0af45e@group-A1165329A1F1, cid=2947, SUCCESS, logIndex=4401, commits[4234af2c-5377-4886-a4e8-6fe45d0af45e:c4401, cef72988-acf5-49ad-9ec7-695a80e7a66d:c4398, d677508c-6db9-4741-b51c-49af5e4cf22f:c4398]
2019-09-08 07:08:09,237 [grpc-default-executor-6] INFO  client.GrpcClientProtocolClient (GrpcClientProtocolClient.java:onNext(264)) - client-964B0EA39D34->4234af2c-5377-4886-a4e8-6fe45d0af45e: receive RaftClientReply:client-964B0EA39D34->4234af2c-5377-4886-a4e8-6fe45d0af45e@group-A1165329A1F1, cid=2948, SUCCESS, logIndex=4402, commits[4234af2c-5377-4886-a4e8-6fe45d0af45e:c4402, cef72988-acf5-49ad-9ec7-695a80e7a66d:c4398, d677508c-6db9-4741-b51c-49af5e4cf22f:c4398]
2019-09-08 07:08:09,251 [grpc-default-executor-6] INFO  client.GrpcClientProtocolClient (GrpcClientProtocolClient.java:onNext(264)) - client-964B0EA39D34->4234af2c-5377-4886-a4e8-6fe45d0af45e: receive RaftClientReply:client-964B0EA39D34->4234af2c-5377-4886-a4e8-6fe45d0af45e@group-A1165329A1F1, cid=2949, SUCCESS, logIndex=0, commits[4234af2c-5377-4886-a4e8-6fe45d0af45e:c4404, cef72988-acf5-49ad-9ec7-695a80e7a66d:c4402, d677508c-6db9-4741-b51c-49af5e4cf22f:c4402]
2019-09-08 07:08:09,289 [grpc-default-executor-4] INFO  client.GrpcClientProtocolClient (GrpcClientProtocolClient.java:onNext(264)) - client-964B0EA39D34->4234af2c-5377-4886-a4e8-6fe45d0af45e: receive RaftClientReply:client-964B0EA39D34->4234af2c-5377-4886-a4e8-6fe45d0af45e@group-A1165329A1F1, cid=2950, SUCCESS, logIndex=4405, commits[4234af2c-5377-4886-a4e8-6fe45d0af45e:c4407, cef72988-acf5-49ad-9ec7-695a80e7a66d:c4404, d677508c-6db9-4741-b51c-49af5e4cf22f:c4404]
2019-09-08 07:08:09,290 [grpc-default-executor-4] INFO  client.GrpcClientProtocolClient (GrpcClientProtocolClient.java:onNext(264)) - client-964B0EA39D34->4234af2c-5377-4886-a4e8-6fe45d0af45e: receive RaftClientReply:client-964B0EA39D34->4234af2c-5377-4886-a4e8-6fe45d0af45e@group-A1165329A1F1, cid=2951, SUCCESS, logIndex=4406, commits[4234af2c-5377-4886-a4e8-6fe45d0af45e:c4408, cef72988-acf5-49ad-9ec7-695a80e7a66d:c4404, d677508c-6db9-4741-b51c-49af5e4cf22f:c4404]
2019-09-08 07:08:09,290 [grpc-default-executor-4] INFO  client.GrpcClientProtocolClient (GrpcClientProtocolClient.java:onNext(264)) - client-964B0EA39D34->4234af2c-5377-4886-a4e8-6fe45d0af45e: receive RaftClientReply:client-964B0EA39D34->4234af2c-5377-4886-a4e8-6fe45d0af45e@group-A1165329A1F1, cid=2952, SUCCESS, logIndex=4407, commits[4234af2c-5377-4886-a4e8-6fe45d0af45e:c4408, cef72988-acf5-49ad-9ec7-695a80e7a66d:c4404, d677508c-6db9-4741-b51c-49af5e4cf22f:c4404]
2019-09-08 07:08:09,290 [grpc-default-executor-4] INFO  client.GrpcClientProtocolClient (GrpcClientProtocolClient.java:onNext(264)) - client-964B0EA39D34->4234af2c-5377-4886-a4e8-6fe45d0af45e: receive RaftClientReply:client-964B0EA39D34->4234af2c-5377-4886-a4e8-6fe45d0af45e@group-A1165329A1F1, cid=2953, SUCCESS, logIndex=4408, commits[4234af2c-5377-4886-a4e8-6fe45d0af45e:c4408, cef72988-acf5-49ad-9ec7-695a80e7a66d:c4404, d677508c-6db9-4741-b51c-49af5e4cf22f:c4404]
2019-09-08 07:08:09,367 [grpc-default-executor-4] INFO  client.GrpcClientProtocolClient (GrpcClientProtocolClient.java:onNext(264)) - client-964B0EA39D34->4234af2c-5377-4886-a4e8-6fe45d0af45e: receive RaftClientReply:client-964B0EA39D34->4234af2c-5377-4886-a4e8-6fe45d0af45e@group-A1165329A1F1, cid=2954, SUCCESS, logIndex=0, commits[4234af2c-5377-4886-a4e8-6fe45d0af45e:c4411, cef72988-acf5-49ad-9ec7-695a80e7a66d:c4407, d677508c-6db9-4741-b51c-49af5e4cf22f:c4408]
2019-09-08 07:08:09,391 [grpc-default-executor-4] INFO  client.GrpcClientProtocolClient (GrpcClientProtocolClient.java:onNext(264)) - client-964B0EA39D34->4234af2c-5377-4886-a4e8-6fe45d0af45e: receive RaftClientReply:client-964B0EA39D34->4234af2c-5377-4886-a4e8-6fe45d0af45e@group-A1165329A1F1, cid=2955, SUCCESS, logIndex=4412, commits[4234af2c-5377-4886-a4e8-6fe45d0af45e:c4413, cef72988-acf5-49ad-9ec7-695a80e7a66d:c4411, d677508c-6db9-4741-b51c-49af5e4cf22f:c4408]
2019-09-08 07:08:09,391 [grpc-default-executor-4] INFO  client.GrpcClientProtocolClient (GrpcClientProtocolClient.java:onNext(264)) - client-964B0EA39D34->4234af2c-5377-4886-a4e8-6fe45d0af45e: receive RaftClientReply:client-964B0EA39D34->4234af2c-5377-4886-a4e8-6fe45d0af45e@group-A1165329A1F1, cid=2956, SUCCESS, logIndex=4413, commits[4234af2c-5377-4886-a4e8-6fe45d0af45e:c4413, cef72988-acf5-49ad-9ec7-695a80e7a66d:c4411, d677508c-6db9-4741-b51c-49af5e4cf22f:c4411]
2019-09-08 07:08:09,419 [grpc-default-executor-5] INFO  client.GrpcClientProtocolClient (GrpcClientProtocolClient.java:onNext(264)) - client-964B0EA39D34->4234af2c-5377-4886-a4e8-6fe45d0af45e: receive RaftClientReply:client-964B0EA39D34->4234af2c-5377-4886-a4e8-6fe45d0af45e@group-A1165329A1F1, cid=2957, SUCCESS, logIndex=4416, commits[4234af2c-5377-4886-a4e8-6fe45d0af45e:c4417, cef72988-acf5-49ad-9ec7-695a80e7a66d:c4413, d677508c-6db9-4741-b51c-49af5e4cf22f:c4413]
2019-09-08 07:08:09,419 [grpc-default-executor-5] INFO  client.GrpcClientProtocolClient (GrpcClientProtocolClient.java:onNext(264)) - client-964B0EA39D34->4234af2c-5377-4886-a4e8-6fe45d0af45e: receive RaftClientReply:client-964B0EA39D34->4234af2c-5377-4886-a4e8-6fe45d0af45e@group-A1165329A1F1, cid=2958, SUCCESS, logIndex=4417, commits[4234af2c-5377-4886-a4e8-6fe45d0af45e:c4417, cef72988-acf5-49ad-9ec7-695a80e7a66d:c4413, d677508c-6db9-4741-b51c-49af5e4cf22f:c4413]
2019-09-08 07:08:09,427 [grpc-default-executor-4] INFO  client.GrpcClientProtocolClient (GrpcClientProtocolClient.java:onNext(264)) - client-964B0EA39D34->4234af2c-5377-4886-a4e8-6fe45d0af45e: receive RaftClientReply:client-964B0EA39D34->4234af2c-5377-4886-a4e8-6fe45d0af45e@group-A1165329A1F1, cid=2959, SUCCESS, logIndex=0, commits[4234af2c-5377-4886-a4e8-6fe45d0af45e:c4418, cef72988-acf5-49ad-9ec7-695a80e7a66d:c4417, d677508c-6db9-4741-b51c-49af5e4cf22f:c4417]
2019-09-08 07:08:09,509 [grpc-default-executor-5] INFO  client.GrpcClientProtocolClient (GrpcClientProtocolClient.java:onNext(264)) - client-964B0EA39D34->4234af2c-5377-4886-a4e8-6fe45d0af45e: receive RaftClientReply:client-964B0EA39D34->4234af2c-5377-4886-a4e8-6fe45d0af45e@group-A1165329A1F1, cid=2960, SUCCESS, logIndex=4420, commits[4234af2c-5377-4886-a4e8-6fe45d0af45e:c4421, cef72988-acf5-49ad-9ec7-695a80e7a66d:c4419, d677508c-6db9-4741-b51c-49af5e4cf22f:c4419]
2019-09-08 07:08:09,509 [grpc-default-executor-5] INFO  client.GrpcClientProtocolClient (GrpcClientProtocolClient.java:onNext(264)) - client-964B0EA39D34->4234af2c-5377-4886-a4e8-6fe45d0af45e: receive RaftClientReply:client-964B0EA39D34->4234af2c-5377-4886-a4e8-6fe45d0af45e@group-A1165329A1F1, cid=2961, SUCCESS, logIndex=4421, commits[4234af2c-5377-4886-a4e8-6fe45d0af45e:c4423, cef72988-acf5-49ad-9ec7-695a80e7a66d:c4419, d677508c-6db9-4741-b51c-49af5e4cf22f:c4419]
2019-09-08 07:08:09,510 [grpc-default-executor-5] INFO  client.GrpcClientProtocolClient (GrpcClientProtocolClient.java:onNext(264)) - client-964B0EA39D34->4234af2c-5377-4886-a4e8-6fe45d0af45e: receive RaftClientReply:client-964B0EA39D34->4234af2c-5377-4886-a4e8-6fe45d0af45e@group-A1165329A1F1, cid=2962, SUCCESS, logIndex=4422, commits[4234af2c-5377-4886-a4e8-6fe45d0af45e:c4423, cef72988-acf5-49ad-9ec7-695a80e7a66d:c4419, d677508c-6db9-4741-b51c-49af5e4cf22f:c4419]
2019-09-08 07:08:09,510 [grpc-default-executor-5] INFO  client.GrpcClientProtocolClient (GrpcClientProtocolClient.java:onNext(264)) - client-964B0EA39D34->4234af2c-5377-4886-a4e8-6fe45d0af45e: receive RaftClientReply:client-964B0EA39D34->4234af2c-5377-4886-a4e8-6fe45d0af45e@group-A1165329A1F1, cid=2963, SUCCESS, logIndex=4423, commits[4234af2c-5377-4886-a4e8-6fe45d0af45e:c4423, cef72988-acf5-49ad-9ec7-695a80e7a66d:c4419, d677508c-6db9-4741-b51c-49af5e4cf22f:c4419]
2019-09-08 07:08:09,516 [grpc-default-executor-5] INFO  client.GrpcClientProtocolClient (GrpcClientProtocolClient.java:onNext(264)) - client-964B0EA39D34->4234af2c-5377-4886-a4e8-6fe45d0af45e: receive RaftClientReply:client-964B0EA39D34->4234af2c-5377-4886-a4e8-6fe45d0af45e@group-A1165329A1F1, cid=2964, SUCCESS, logIndex=0, commits[4234af2c-5377-4886-a4e8-6fe45d0af45e:c4426, cef72988-acf5-49ad-9ec7-695a80e7a66d:c4423, d677508c-6db9-4741-b51c-49af5e4cf22f:c4421]
2019-09-08 07:08:09,531 [grpc-default-executor-4] INFO  client.GrpcClientProtocolClient (GrpcClientProtocolClient.java:onNext(264)) - client-964B0EA39D34->4234af2c-5377-4886-a4e8-6fe45d0af45e: receive RaftClientReply:client-964B0EA39D34->4234af2c-5377-4886-a4e8-6fe45d0af45e@group-A1165329A1F1, cid=2965, SUCCESS, logIndex=4427, commits[4234af2c-5377-4886-a4e8-6fe45d0af45e:c4428, cef72988-acf5-49ad-9ec7-695a80e7a66d:c4423, d677508c-6db9-4741-b51c-49af5e4cf22f:c4426]
2019-09-08 07:08:09,532 [grpc-default-executor-4] INFO  client.GrpcClientProtocolClient (GrpcClientProtocolClient.java:onNext(264)) - client-964B0EA39D34->4234af2c-5377-4886-a4e8-6fe45d0af45e: receive RaftClientReply:client-964B0EA39D34->4234af2c-5377-4886-a4e8-6fe45d0af45e@group-A1165329A1F1, cid=2966, SUCCESS, logIndex=4428, commits[4234af2c-5377-4886-a4e8-6fe45d0af45e:c4428, cef72988-acf5-49ad-9ec7-695a80e7a66d:c4426, d677508c-6db9-4741-b51c-49af5e4cf22f:c4426]
2019-09-08 07:08:09,547 [grpc-default-executor-5] INFO  client.GrpcClientProtocolClient (GrpcClientProtocolClient.java:onNext(264)) - client-964B0EA39D34->4234af2c-5377-4886-a4e8-6fe45d0af45e: receive RaftClientReply:client-964B0EA39D34->4234af2c-5377-4886-a4e8-6fe45d0af45e@group-A1165329A1F1, cid=2967, SUCCESS, logIndex=4431, commits[4234af2c-5377-4886-a4e8-6fe45d0af45e:c4431, cef72988-acf5-49ad-9ec7-695a80e7a66d:c4430, d677508c-6db9-4741-b51c-49af5e4cf22f:c4430]
2019-09-08 07:08:09,547 [grpc-default-executor-5] INFO  client.GrpcClientProtocolClient (GrpcClientProtocolClient.java:onNext(264)) - client-964B0EA39D34->4234af2c-5377-4886-a4e8-6fe45d0af45e: receive RaftClientReply:client-964B0EA39D34->4234af2c-5377-4886-a4e8-6fe45d0af45e@group-A1165329A1F1, cid=2968, SUCCESS, logIndex=4432, commits[4234af2c-5377-4886-a4e8-6fe45d0af45e:c4432, cef72988-acf5-49ad-9ec7-695a80e7a66d:c4430, d677508c-6db9-4741-b51c-49af5e4cf22f:c4430]
2019-09-08 07:08:09,560 [grpc-default-executor-5] INFO  client.GrpcClientProtocolClient (GrpcClientProtocolClient.java:onNext(264)) - client-964B0EA39D34->4234af2c-5377-4886-a4e8-6fe45d0af45e: receive RaftClientReply:client-964B0EA39D34->4234af2c-5377-4886-a4e8-6fe45d0af45e@group-A1165329A1F1, cid=2969, SUCCESS, logIndex=0, commits[4234af2c-5377-4886-a4e8-6fe45d0af45e:c4434, cef72988-acf5-49ad-9ec7-695a80e7a66d:c4432, d677508c-6db9-4741-b51c-49af5e4cf22f:c4432]
2019-09-08 07:08:09,587 [grpc-default-executor-5] INFO  client.GrpcClientProtocolClient (GrpcClientProtocolClient.java:onNext(264)) - client-964B0EA39D34->4234af2c-5377-4886-a4e8-6fe45d0af45e: receive RaftClientReply:client-964B0EA39D34->4234af2c-5377-4886-a4e8-6fe45d0af45e@group-A1165329A1F1, cid=2970, SUCCESS, logIndex=4435, commits[4234af2c-5377-4886-a4e8-6fe45d0af45e:c4436, cef72988-acf5-49ad-9ec7-695a80e7a66d:c4434, d677508c-6db9-4741-b51c-49af5e4cf22f:c4432]
2019-09-08 07:08:09,587 [grpc-default-executor-5] INFO  client.GrpcClientProtocolClient (GrpcClientProtocolClient.java:onNext(264)) - client-964B0EA39D34->4234af2c-5377-4886-a4e8-6fe45d0af45e: receive RaftClientReply:client-964B0EA39D34->4234af2c-5377-4886-a4e8-6fe45d0af45e@group-A1165329A1F1, cid=2971, SUCCESS, logIndex=4436, commits[4234af2c-5377-4886-a4e8-6fe45d0af45e:c4436, cef72988-acf5-49ad-9ec7-695a80e7a66d:c4434, d677508c-6db9-4741-b51c-49af5e4cf22f:c4434]
2019-09-08 07:08:09,589 [grpc-default-executor-4] INFO  client.GrpcClientProtocolClient (GrpcClientProtocolClient.java:onNext(264)) - client-964B0EA39D34->4234af2c-5377-4886-a4e8-6fe45d0af45e: receive RaftClientReply:client-964B0EA39D34->4234af2c-5377-4886-a4e8-6fe45d0af45e@group-A1165329A1F1, cid=2972, SUCCESS, logIndex=4437, commits[4234af2c-5377-4886-a4e8-6fe45d0af45e:c4439, cef72988-acf5-49ad-9ec7-695a80e7a66d:c4434, d677508c-6db9-4741-b51c-49af5e4cf22f:c4435]
2019-09-08 07:08:09,590 [grpc-default-executor-4] INFO  client.GrpcClientProtocolClient (GrpcClientProtocolClient.java:onNext(264)) - client-964B0EA39D34->4234af2c-5377-4886-a4e8-6fe45d0af45e: receive RaftClientReply:client-964B0EA39D34->4234af2c-5377-4886-a4e8-6fe45d0af45e@group-A1165329A1F1, cid=2973, SUCCESS, logIndex=4438, commits[4234af2c-5377-4886-a4e8-6fe45d0af45e:c4440, cef72988-acf5-49ad-9ec7-695a80e7a66d:c4434, d677508c-6db9-4741-b51c-49af5e4cf22f:c4436]
2019-09-08 07:08:09,591 [grpc-default-executor-4] INFO  client.GrpcClientProtocolClient (GrpcClientProtocolClient.java:onNext(264)) - client-964B0EA39D34->4234af2c-5377-4886-a4e8-6fe45d0af45e: receive RaftClientReply:client-964B0EA39D34->4234af2c-5377-4886-a4e8-6fe45d0af45e@group-A1165329A1F1, cid=2974, SUCCESS, logIndex=0, commits[4234af2c-5377-4886-a4e8-6fe45d0af45e:c4440, cef72988-acf5-49ad-9ec7-695a80e7a66d:c4436, d677508c-6db9-4741-b51c-49af5e4cf22f:c4436]
2019-09-08 07:08:09,618 [grpc-default-executor-4] INFO  client.GrpcClientProtocolClient (GrpcClientProtocolClient.java:onNext(264)) - client-964B0EA39D34->4234af2c-5377-4886-a4e8-6fe45d0af45e: receive RaftClientReply:client-964B0EA39D34->4234af2c-5377-4886-a4e8-6fe45d0af45e@group-A1165329A1F1, cid=2975, SUCCESS, logIndex=4443, commits[4234af2c-5377-4886-a4e8-6fe45d0af45e:c4444, cef72988-acf5-49ad-9ec7-695a80e7a66d:c4441, d677508c-6db9-4741-b51c-49af5e4cf22f:c4438]
2019-09-08 07:08:09,619 [grpc-default-executor-4] INFO  client.GrpcClientProtocolClient (GrpcClientProtocolClient.java:onNext(264)) - client-964B0EA39D34->4234af2c-5377-4886-a4e8-6fe45d0af45e: receive RaftClientReply:client-964B0EA39D34->4234af2c-5377-4886-a4e8-6fe45d0af45e@group-A1165329A1F1, cid=2976, SUCCESS, logIndex=4444, commits[4234af2c-5377-4886-a4e8-6fe45d0af45e:c4444, cef72988-acf5-49ad-9ec7-695a80e7a66d:c4441, d677508c-6db9-4741-b51c-49af5e4cf22f:c4438]
2019-09-08 07:08:09,649 [grpc-default-executor-3] INFO  client.GrpcClientProtocolClient (GrpcClientProtocolClient.java:onNext(264)) - client-964B0EA39D34->4234af2c-5377-4886-a4e8-6fe45d0af45e: receive RaftClientReply:client-964B0EA39D34->4234af2c-5377-4886-a4e8-6fe45d0af45e@group-A1165329A1F1, cid=2977, SUCCESS, logIndex=4447, commits[4234af2c-5377-4886-a4e8-6fe45d0af45e:c4448, cef72988-acf5-49ad-9ec7-695a80e7a66d:c4444, d677508c-6db9-4741-b51c-49af5e4cf22f:c4438]
2019-09-08 07:08:09,650 [grpc-default-executor-3] INFO  client.GrpcClientProtocolClient (GrpcClientProtocolClient.java:onNext(264)) - client-964B0EA39D34->4234af2c-5377-4886-a4e8-6fe45d0af45e: receive RaftClientReply:client-964B0EA39D34->4234af2c-5377-4886-a4e8-6fe45d0af45e@group-A1165329A1F1, cid=2978, SUCCESS, logIndex=4448, commits[4234af2c-5377-4886-a4e8-6fe45d0af45e:c4448, cef72988-acf5-49ad-9ec7-695a80e7a66d:c4444, d677508c-6db9-4741-b51c-49af5e4cf22f:c4438]
2019-09-08 07:08:09,662 [grpc-default-executor-3] INFO  client.GrpcClientProtocolClient (GrpcClientProtocolClient.java:onNext(264)) - client-964B0EA39D34->4234af2c-5377-4886-a4e8-6fe45d0af45e: receive RaftClientReply:client-964B0EA39D34->4234af2c-5377-4886-a4e8-6fe45d0af45e@group-A1165329A1F1, cid=2979, SUCCESS, logIndex=0, commits[4234af2c-5377-4886-a4e8-6fe45d0af45e:c4449, cef72988-acf5-49ad-9ec7-695a80e7a66d:c4448, d677508c-6db9-4741-b51c-49af5e4cf22f:c4444]
2019-09-08 07:08:09,663 [grpc-default-executor-3] INFO  client.GrpcClientProtocolClient (GrpcClientProtocolClient.java:onNext(264)) - client-964B0EA39D34->4234af2c-5377-4886-a4e8-6fe45d0af45e: receive RaftClientReply:client-964B0EA39D34->4234af2c-5377-4886-a4e8-6fe45d0af45e@group-A1165329A1F1, cid=2980, SUCCESS, logIndex=0, commits[4234af2c-5377-4886-a4e8-6fe45d0af45e:c4450, cef72988-acf5-49ad-9ec7-695a80e7a66d:c4448, d677508c-6db9-4741-b51c-49af5e4cf22f:c4448]
2019-09-08 07:08:09,691 [grpc-default-executor-4] INFO  client.GrpcClientProtocolClient (GrpcClientProtocolClient.java:onNext(264)) - client-964B0EA39D34->4234af2c-5377-4886-a4e8-6fe45d0af45e: receive RaftClientReply:client-964B0EA39D34->4234af2c-5377-4886-a4e8-6fe45d0af45e@group-A1165329A1F1, cid=2981, SUCCESS, logIndex=4451, commits[4234af2c-5377-4886-a4e8-6fe45d0af45e:c4452, cef72988-acf5-49ad-9ec7-695a80e7a66d:c4450, d677508c-6db9-4741-b51c-49af5e4cf22f:c4448]
2019-09-08 07:08:09,899 [grpc-default-executor-4] INFO  client.GrpcClientProtocolClient (GrpcClientProtocolClient.java:onNext(264)) - client-964B0EA39D34->4234af2c-5377-4886-a4e8-6fe45d0af45e: receive RaftClientReply:client-964B0EA39D34->4234af2c-5377-4886-a4e8-6fe45d0af45e@group-A1165329A1F1, cid=2982, SUCCESS, logIndex=4452, commits[4234af2c-5377-4886-a4e8-6fe45d0af45e:c4452, cef72988-acf5-49ad-9ec7-695a80e7a66d:c4450, d677508c-6db9-4741-b51c-49af5e4cf22f:c4448]
2019-09-08 07:08:09,900 [grpc-default-executor-4] INFO  client.GrpcClientProtocolClient (GrpcClientProtocolClient.java:onNext(264)) - client-964B0EA39D34->4234af2c-5377-4886-a4e8-6fe45d0af45e: receive RaftClientReply:client-964B0EA39D34->4234af2c-5377-4886-a4e8-6fe45d0af45e@group-A1165329A1F1, cid=2983, SUCCESS, logIndex=4453, commits[4234af2c-5377-4886-a4e8-6fe45d0af45e:c4453, cef72988-acf5-49ad-9ec7-695a80e7a66d:c4450, d677508c-6db9-4741-b51c-49af5e4cf22f:c4450]
2019-09-08 07:08:09,901 [grpc-default-executor-0] INFO  client.GrpcClientProtocolClient (GrpcClientProtocolClient.java:onNext(264)) - client-964B0EA39D34->4234af2c-5377-4886-a4e8-6fe45d0af45e: receive RaftClientReply:client-964B0EA39D34->4234af2c-5377-4886-a4e8-6fe45d0af45e@group-A1165329A1F1, cid=2984, SUCCESS, logIndex=4454, commits[4234af2c-5377-4886-a4e8-6fe45d0af45e:c4454, cef72988-acf5-49ad-9ec7-695a80e7a66d:c4450, d677508c-6db9-4741-b51c-49af5e4cf22f:c4450]
2019-09-08 07:08:09,911 [grpc-default-executor-4] INFO  client.GrpcClientProtocolClient (GrpcClientProtocolClient.java:onNext(264)) - client-964B0EA39D34->4234af2c-5377-4886-a4e8-6fe45d0af45e: receive RaftClientReply:client-964B0EA39D34->4234af2c-5377-4886-a4e8-6fe45d0af45e@group-A1165329A1F1, cid=2985, SUCCESS, logIndex=0, commits[4234af2c-5377-4886-a4e8-6fe45d0af45e:c4456, cef72988-acf5-49ad-9ec7-695a80e7a66d:c4452, d677508c-6db9-4741-b51c-49af5e4cf22f:c4452]
2019-09-08 07:08:09,937 [grpc-default-executor-6] INFO  client.GrpcClientProtocolClient (GrpcClientProtocolClient.java:onNext(264)) - client-964B0EA39D34->4234af2c-5377-4886-a4e8-6fe45d0af45e: receive RaftClientReply:client-964B0EA39D34->4234af2c-5377-4886-a4e8-6fe45d0af45e@group-A1165329A1F1, cid=2986, SUCCESS, logIndex=4459, commits[4234af2c-5377-4886-a4e8-6fe45d0af45e:c4460, cef72988-acf5-49ad-9ec7-695a80e7a66d:c4458, d677508c-6db9-4741-b51c-49af5e4cf22f:c4458]
2019-09-08 07:08:09,937 [grpc-default-executor-6] INFO  client.GrpcClientProtocolClient (GrpcClientProtocolClient.java:onNext(264)) - client-964B0EA39D34->4234af2c-5377-4886-a4e8-6fe45d0af45e: receive RaftClientReply:client-964B0EA39D34->4234af2c-5377-4886-a4e8-6fe45d0af45e@group-A1165329A1F1, cid=2987, SUCCESS, logIndex=4460, commits[4234af2c-5377-4886-a4e8-6fe45d0af45e:c4460, cef72988-acf5-49ad-9ec7-695a80e7a66d:c4458, d677508c-6db9-4741-b51c-49af5e4cf22f:c4458]
2019-09-08 07:08:09,960 [grpc-default-executor-6] INFO  client.GrpcClientProtocolClient (GrpcClientProtocolClient.java:onNext(264)) - client-964B0EA39D34->4234af2c-5377-4886-a4e8-6fe45d0af45e: receive RaftClientReply:client-964B0EA39D34->4234af2c-5377-4886-a4e8-6fe45d0af45e@group-A1165329A1F1, cid=2988, SUCCESS, logIndex=4463, commits[4234af2c-5377-4886-a4e8-6fe45d0af45e:c4464, cef72988-acf5-49ad-9ec7-695a80e7a66d:c4459, d677508c-6db9-4741-b51c-49af5e4cf22f:c4460]
2019-09-08 07:08:09,960 [grpc-default-executor-6] INFO  client.GrpcClientProtocolClient (GrpcClientProtocolClient.java:onNext(264)) - client-964B0EA39D34->4234af2c-5377-4886-a4e8-6fe45d0af45e: receive RaftClientReply:client-964B0EA39D34->4234af2c-5377-4886-a4e8-6fe45d0af45e@group-A1165329A1F1, cid=2989, SUCCESS, logIndex=4464, commits[4234af2c-5377-4886-a4e8-6fe45d0af45e:c4464, cef72988-acf5-49ad-9ec7-695a80e7a66d:c4460, d677508c-6db9-4741-b51c-49af5e4cf22f:c4460]
2019-09-08 07:08:09,967 [grpc-default-executor-6] INFO  client.GrpcClientProtocolClient (GrpcClientProtocolClient.java:onNext(264)) - client-964B0EA39D34->4234af2c-5377-4886-a4e8-6fe45d0af45e: receive RaftClientReply:client-964B0EA39D34->4234af2c-5377-4886-a4e8-6fe45d0af45e@group-A1165329A1F1, cid=2990, SUCCESS, logIndex=0, commits[4234af2c-5377-4886-a4e8-6fe45d0af45e:c4466, cef72988-acf5-49ad-9ec7-695a80e7a66d:c4464, d677508c-6db9-4741-b51c-49af5e4cf22f:c4464]
2019-09-08 07:08:09,994 [grpc-default-executor-6] INFO  client.GrpcClientProtocolClient (GrpcClientProtocolClient.java:onNext(264)) - client-964B0EA39D34->4234af2c-5377-4886-a4e8-6fe45d0af45e: receive RaftClientReply:client-964B0EA39D34->4234af2c-5377-4886-a4e8-6fe45d0af45e@group-A1165329A1F1, cid=2991, SUCCESS, logIndex=4467, commits[4234af2c-5377-4886-a4e8-6fe45d0af45e:c4468, cef72988-acf5-49ad-9ec7-695a80e7a66d:c4466, d677508c-6db9-4741-b51c-49af5e4cf22f:c4464]
2019-09-08 07:08:09,995 [grpc-default-executor-6] INFO  client.GrpcClientProtocolClient (GrpcClientProtocolClient.java:onNext(264)) - client-964B0EA39D34->4234af2c-5377-4886-a4e8-6fe45d0af45e: receive RaftClientReply:client-964B0EA39D34->4234af2c-5377-4886-a4e8-6fe45d0af45e@group-A1165329A1F1, cid=2992, SUCCESS, logIndex=4468, commits[4234af2c-5377-4886-a4e8-6fe45d0af45e:c4468, cef72988-acf5-49ad-9ec7-695a80e7a66d:c4466, d677508c-6db9-4741-b51c-49af5e4cf22f:c4464]
2019-09-08 07:08:10,007 [grpc-default-executor-0] INFO  client.GrpcClientProtocolClient (GrpcClientProtocolClient.java:onNext(264)) - client-964B0EA39D34->4234af2c-5377-4886-a4e8-6fe45d0af45e: receive RaftClientReply:client-964B0EA39D34->4234af2c-5377-4886-a4e8-6fe45d0af45e@group-A1165329A1F1, cid=2993, SUCCESS, logIndex=4469, commits[4234af2c-5377-4886-a4e8-6fe45d0af45e:c4470, cef72988-acf5-49ad-9ec7-695a80e7a66d:c4466, d677508c-6db9-4741-b51c-49af5e4cf22f:c4464]
2019-09-08 07:08:10,008 [grpc-default-executor-0] INFO  client.GrpcClientProtocolClient (GrpcClientProtocolClient.java:onNext(264)) - client-964B0EA39D34->4234af2c-5377-4886-a4e8-6fe45d0af45e: receive RaftClientReply:client-964B0EA39D34->4234af2c-5377-4886-a4e8-6fe45d0af45e@group-A1165329A1F1, cid=2994, SUCCESS, logIndex=4470, commits[4234af2c-5377-4886-a4e8-6fe45d0af45e:c4470, cef72988-acf5-49ad-9ec7-695a80e7a66d:c4466, d677508c-6db9-4741-b51c-49af5e4cf22f:c4466]
2019-09-08 07:08:10,009 [grpc-default-executor-0] INFO  client.GrpcClientProtocolClient (GrpcClientProtocolClient.java:onNext(264)) - client-964B0EA39D34->4234af2c-5377-4886-a4e8-6fe45d0af45e: receive RaftClientReply:client-964B0EA39D34->4234af2c-5377-4886-a4e8-6fe45d0af45e@group-A1165329A1F1, cid=2995, SUCCESS, logIndex=0, commits[4234af2c-5377-4886-a4e8-6fe45d0af45e:c4474, cef72988-acf5-49ad-9ec7-695a80e7a66d:c4470, d677508c-6db9-4741-b51c-49af5e4cf22f:c4468]
2019-09-08 07:08:10,022 [grpc-default-executor-0] INFO  client.GrpcClientProtocolClient (GrpcClientProtocolClient.java:onNext(264)) - client-964B0EA39D34->4234af2c-5377-4886-a4e8-6fe45d0af45e: receive RaftClientReply:client-964B0EA39D34->4234af2c-5377-4886-a4e8-6fe45d0af45e@group-A1165329A1F1, cid=2996, SUCCESS, logIndex=4475, commits[4234af2c-5377-4886-a4e8-6fe45d0af45e:c4476, cef72988-acf5-49ad-9ec7-695a80e7a66d:c4470, d677508c-6db9-4741-b51c-49af5e4cf22f:c4474]
2019-09-08 07:08:10,022 [grpc-default-executor-0] INFO  client.GrpcClientProtocolClient (GrpcClientProtocolClient.java:onNext(264)) - client-964B0EA39D34->4234af2c-5377-4886-a4e8-6fe45d0af45e: receive RaftClientReply:client-964B0EA39D34->4234af2c-5377-4886-a4e8-6fe45d0af45e@group-A1165329A1F1, cid=2997, SUCCESS, logIndex=4476, commits[4234af2c-5377-4886-a4e8-6fe45d0af45e:c4476, cef72988-acf5-49ad-9ec7-695a80e7a66d:c4474, d677508c-6db9-4741-b51c-49af5e4cf22f:c4474]
2019-09-08 07:08:10,038 [grpc-default-executor-0] INFO  client.GrpcClientProtocolClient (GrpcClientProtocolClient.java:onNext(264)) - client-964B0EA39D34->4234af2c-5377-4886-a4e8-6fe45d0af45e: receive RaftClientReply:client-964B0EA39D34->4234af2c-5377-4886-a4e8-6fe45d0af45e@group-A1165329A1F1, cid=2998, SUCCESS, logIndex=4478, commits[4234af2c-5377-4886-a4e8-6fe45d0af45e:c4479, cef72988-acf5-49ad-9ec7-695a80e7a66d:c4476, d677508c-6db9-4741-b51c-49af5e4cf22f:c4476]
2019-09-08 07:08:10,039 [grpc-default-executor-0] INFO  client.GrpcClientProtocolClient (GrpcClientProtocolClient.java:onNext(264)) - client-964B0EA39D34->4234af2c-5377-4886-a4e8-6fe45d0af45e: receive RaftClientReply:client-964B0EA39D34->4234af2c-5377-4886-a4e8-6fe45d0af45e@group-A1165329A1F1, cid=2999, SUCCESS, logIndex=4479, commits[4234af2c-5377-4886-a4e8-6fe45d0af45e:c4479, cef72988-acf5-49ad-9ec7-695a80e7a66d:c4476, d677508c-6db9-4741-b51c-49af5e4cf22f:c4476]
2019-09-08 07:08:10,040 [grpc-default-executor-4] INFO  client.GrpcClientProtocolClient (GrpcClientProtocolClient.java:onNext(264)) - client-964B0EA39D34->4234af2c-5377-4886-a4e8-6fe45d0af45e: receive RaftClientReply:client-964B0EA39D34->4234af2c-5377-4886-a4e8-6fe45d0af45e@group-A1165329A1F1, cid=3000, SUCCESS, logIndex=0, commits[4234af2c-5377-4886-a4e8-6fe45d0af45e:c4480, cef72988-acf5-49ad-9ec7-695a80e7a66d:c4479, d677508c-6db9-4741-b51c-49af5e4cf22f:c4479]
2019-09-08 07:08:10,068 [grpc-default-executor-6] INFO  client.GrpcClientProtocolClient (GrpcClientProtocolClient.java:onNext(264)) - client-964B0EA39D34->4234af2c-5377-4886-a4e8-6fe45d0af45e: receive RaftClientReply:client-964B0EA39D34->4234af2c-5377-4886-a4e8-6fe45d0af45e@group-A1165329A1F1, cid=3001, SUCCESS, logIndex=4482, commits[4234af2c-5377-4886-a4e8-6fe45d0af45e:c4483, cef72988-acf5-49ad-9ec7-695a80e7a66d:c4481, d677508c-6db9-4741-b51c-49af5e4cf22f:c4481]
2019-09-08 07:08:10,069 [grpc-default-executor-6] INFO  client.GrpcClientProtocolClient (GrpcClientProtocolClient.java:onNext(264)) - client-964B0EA39D34->4234af2c-5377-4886-a4e8-6fe45d0af45e: receive RaftClientReply:client-964B0EA39D34->4234af2c-5377-4886-a4e8-6fe45d0af45e@group-A1165329A1F1, cid=3002, SUCCESS, logIndex=4483, commits[4234af2c-5377-4886-a4e8-6fe45d0af45e:c4483, cef72988-acf5-49ad-9ec7-695a80e7a66d:c4481, d677508c-6db9-4741-b51c-49af5e4cf22f:c4481]
2019-09-08 07:08:10,070 [grpc-default-executor-0] INFO  client.GrpcClientProtocolClient (GrpcClientProtocolClient.java:onNext(264)) - client-964B0EA39D34->4234af2c-5377-4886-a4e8-6fe45d0af45e: receive RaftClientReply:client-964B0EA39D34->4234af2c-5377-4886-a4e8-6fe45d0af45e@group-A1165329A1F1, cid=3003, SUCCESS, logIndex=4484, commits[4234af2c-5377-4886-a4e8-6fe45d0af45e:c4485, cef72988-acf5-49ad-9ec7-695a80e7a66d:c4481, d677508c-6db9-4741-b51c-49af5e4cf22f:c4481]
2019-09-08 07:08:10,071 [grpc-default-executor-0] INFO  client.GrpcClientProtocolClient (GrpcClientProtocolClient.java:onNext(264)) - client-964B0EA39D34->4234af2c-5377-4886-a4e8-6fe45d0af45e: receive RaftClientReply:client-964B0EA39D34->4234af2c-5377-4886-a4e8-6fe45d0af45e@group-A1165329A1F1, cid=3004, SUCCESS, logIndex=4485, commits[4234af2c-5377-4886-a4e8-6fe45d0af45e:c4485, cef72988-acf5-49ad-9ec7-695a80e7a66d:c4481, d677508c-6db9-4741-b51c-49af5e4cf22f:c4481]
2019-09-08 07:08:10,074 [grpc-default-executor-0] INFO  client.GrpcClientProtocolClient (GrpcClientProtocolClient.java:onNext(264)) - client-964B0EA39D34->4234af2c-5377-4886-a4e8-6fe45d0af45e: receive RaftClientReply:client-964B0EA39D34->4234af2c-5377-4886-a4e8-6fe45d0af45e@group-A1165329A1F1, cid=3005, SUCCESS, logIndex=0, commits[4234af2c-5377-4886-a4e8-6fe45d0af45e:c4487, cef72988-acf5-49ad-9ec7-695a80e7a66d:c4483, d677508c-6db9-4741-b51c-49af5e4cf22f:c4483]
2019-09-08 07:08:10,086 [grpc-default-executor-4] INFO  client.GrpcClientProtocolClient (GrpcClientProtocolClient.java:onNext(264)) - client-964B0EA39D34->4234af2c-5377-4886-a4e8-6fe45d0af45e: receive RaftClientReply:client-964B0EA39D34->4234af2c-5377-4886-a4e8-6fe45d0af45e@group-A1165329A1F1, cid=3006, SUCCESS, logIndex=4490, commits[4234af2c-5377-4886-a4e8-6fe45d0af45e:c4490, cef72988-acf5-49ad-9ec7-695a80e7a66d:c4489, d677508c-6db9-4741-b51c-49af5e4cf22f:c4485]
2019-09-08 07:08:10,086 [grpc-default-executor-4] INFO  client.GrpcClientProtocolClient (GrpcClientProtocolClient.java:onNext(264)) - client-964B0EA39D34->4234af2c-5377-4886-a4e8-6fe45d0af45e: receive RaftClientReply:client-964B0EA39D34->4234af2c-5377-4886-a4e8-6fe45d0af45e@group-A1165329A1F1, cid=3007, SUCCESS, logIndex=4491, commits[4234af2c-5377-4886-a4e8-6fe45d0af45e:c4491, cef72988-acf5-49ad-9ec7-695a80e7a66d:c4489, d677508c-6db9-4741-b51c-49af5e4cf22f:c4489]
 0.00% |█                                                                                                    |  0/1 Time: 0:00:502019-09-08 07:08:10,106 [grpc-default-executor-6] INFO  client.GrpcClientProtocolClient (GrpcClientProtocolClient.java:onNext(264)) - client-964B0EA39D34->4234af2c-5377-4886-a4e8-6fe45d0af45e: receive RaftClientReply:client-964B0EA39D34->4234af2c-5377-4886-a4e8-6fe45d0af45e@group-A1165329A1F1, cid=3008, SUCCESS, logIndex=4494, commits[4234af2c-5377-4886-a4e8-6fe45d0af45e:c4495, cef72988-acf5-49ad-9ec7-695a80e7a66d:c4492, d677508c-6db9-4741-b51c-49af5e4cf22f:c4492]
2019-09-08 07:08:10,107 [grpc-default-executor-6] INFO  client.GrpcClientProtocolClient (GrpcClientProtocolClient.java:onNext(264)) - client-964B0EA39D34->4234af2c-5377-4886-a4e8-6fe45d0af45e: receive RaftClientReply:client-964B0EA39D34->4234af2c-5377-4886-a4e8-6fe45d0af45e@group-A1165329A1F1, cid=3009, SUCCESS, logIndex=4495, commits[4234af2c-5377-4886-a4e8-6fe45d0af45e:c4495, cef72988-acf5-49ad-9ec7-695a80e7a66d:c4492, d677508c-6db9-4741-b51c-49af5e4cf22f:c4492]
2019-09-08 07:08:10,109 [grpc-default-executor-6] INFO  client.GrpcClientProtocolClient (GrpcClientProtocolClient.java:onNext(264)) - client-964B0EA39D34->4234af2c-5377-4886-a4e8-6fe45d0af45e: receive RaftClientReply:client-964B0EA39D34->4234af2c-5377-4886-a4e8-6fe45d0af45e@group-A1165329A1F1, cid=3010, SUCCESS, logIndex=0, commits[4234af2c-5377-4886-a4e8-6fe45d0af45e:c4496, cef72988-acf5-49ad-9ec7-695a80e7a66d:c4495, d677508c-6db9-4741-b51c-49af5e4cf22f:c4495]
2019-09-08 07:08:10,139 [grpc-default-executor-0] INFO  client.GrpcClientProtocolClient (GrpcClientProtocolClient.java:onNext(264)) - client-964B0EA39D34->4234af2c-5377-4886-a4e8-6fe45d0af45e: receive RaftClientReply:client-964B0EA39D34->4234af2c-5377-4886-a4e8-6fe45d0af45e@group-A1165329A1F1, cid=3011, SUCCESS, logIndex=4498, commits[4234af2c-5377-4886-a4e8-6fe45d0af45e:c4498, cef72988-acf5-49ad-9ec7-695a80e7a66d:c4497, d677508c-6db9-4741-b51c-49af5e4cf22f:c4497]
2019-09-08 07:08:10,139 [grpc-default-executor-0] INFO  client.GrpcClientProtocolClient (GrpcClientProtocolClient.java:onNext(264)) - client-964B0EA39D34->4234af2c-5377-4886-a4e8-6fe45d0af45e: receive RaftClientReply:client-964B0EA39D34->4234af2c-5377-4886-a4e8-6fe45d0af45e@group-A1165329A1F1, cid=3012, SUCCESS, logIndex=4499, commits[4234af2c-5377-4886-a4e8-6fe45d0af45e:c4501, cef72988-acf5-49ad-9ec7-695a80e7a66d:c4497, d677508c-6db9-4741-b51c-49af5e4cf22f:c4497]
2019-09-08 07:08:10,139 [grpc-default-executor-0] INFO  client.GrpcClientProtocolClient (GrpcClientProtocolClient.java:onNext(264)) - client-964B0EA39D34->4234af2c-5377-4886-a4e8-6fe45d0af45e: receive RaftClientReply:client-964B0EA39D34->4234af2c-5377-4886-a4e8-6fe45d0af45e@group-A1165329A1F1, cid=3013, SUCCESS, logIndex=4500, commits[4234af2c-5377-4886-a4e8-6fe45d0af45e:c4501, cef72988-acf5-49ad-9ec7-695a80e7a66d:c4497, d677508c-6db9-4741-b51c-49af5e4cf22f:c4497]
2019-09-08 07:08:10,140 [grpc-default-executor-0] INFO  client.GrpcClientProtocolClient (GrpcClientProtocolClient.java:onNext(264)) - client-964B0EA39D34->4234af2c-5377-4886-a4e8-6fe45d0af45e: receive RaftClientReply:client-964B0EA39D34->4234af2c-5377-4886-a4e8-6fe45d0af45e@group-A1165329A1F1, cid=3014, SUCCESS, logIndex=4501, commits[4234af2c-5377-4886-a4e8-6fe45d0af45e:c4501, cef72988-acf5-49ad-9ec7-695a80e7a66d:c4497, d677508c-6db9-4741-b51c-49af5e4cf22f:c4497]
2019-09-08 07:08:10,150 [grpc-default-executor-0] INFO  client.GrpcClientProtocolClient (GrpcClientProtocolClient.java:onNext(264)) - client-964B0EA39D34->4234af2c-5377-4886-a4e8-6fe45d0af45e: receive RaftClientReply:client-964B0EA39D34->4234af2c-5377-4886-a4e8-6fe45d0af45e@group-A1165329A1F1, cid=3015, SUCCESS, logIndex=0, commits[4234af2c-5377-4886-a4e8-6fe45d0af45e:c4503, cef72988-acf5-49ad-9ec7-695a80e7a66d:c4501, d677508c-6db9-4741-b51c-49af5e4cf22f:c4501]
2019-09-08 07:08:10,165 [grpc-default-executor-0] INFO  client.GrpcClientProtocolClient (GrpcClientProtocolClient.java:onNext(264)) - client-964B0EA39D34->4234af2c-5377-4886-a4e8-6fe45d0af45e: receive RaftClientReply:client-964B0EA39D34->4234af2c-5377-4886-a4e8-6fe45d0af45e@group-A1165329A1F1, cid=3016, SUCCESS, logIndex=4505, commits[4234af2c-5377-4886-a4e8-6fe45d0af45e:c4505, cef72988-acf5-49ad-9ec7-695a80e7a66d:c4504, d677508c-6db9-4741-b51c-49af5e4cf22f:c4504]
2019-09-08 07:08:10,165 [grpc-default-executor-0] INFO  client.GrpcClientProtocolClient (GrpcClientProtocolClient.java:onNext(264)) - client-964B0EA39D34->4234af2c-5377-4886-a4e8-6fe45d0af45e: receive RaftClientReply:client-964B0EA39D34->4234af2c-5377-4886-a4e8-6fe45d0af45e@group-A1165329A1F1, cid=3017, SUCCESS, logIndex=4506, commits[4234af2c-5377-4886-a4e8-6fe45d0af45e:c4506, cef72988-acf5-49ad-9ec7-695a80e7a66d:c4504, d677508c-6db9-4741-b51c-49af5e4cf22f:c4504]
2019-09-08 07:08:10,177 [grpc-default-executor-0] INFO  client.GrpcClientProtocolClient (GrpcClientProtocolClient.java:onNext(264)) - client-964B0EA39D34->4234af2c-5377-4886-a4e8-6fe45d0af45e: receive RaftClientReply:client-964B0EA39D34->4234af2c-5377-4886-a4e8-6fe45d0af45e@group-A1165329A1F1, cid=3018, SUCCESS, logIndex=4509, commits[4234af2c-5377-4886-a4e8-6fe45d0af45e:c4510, cef72988-acf5-49ad-9ec7-695a80e7a66d:c4506, d677508c-6db9-4741-b51c-49af5e4cf22f:c4506]
2019-09-08 07:08:10,177 [grpc-default-executor-0] INFO  client.GrpcClientProtocolClient (GrpcClientProtocolClient.java:onNext(264)) - client-964B0EA39D34->4234af2c-5377-4886-a4e8-6fe45d0af45e: receive RaftClientReply:client-964B0EA39D34->4234af2c-5377-4886-a4e8-6fe45d0af45e@group-A1165329A1F1, cid=3019, SUCCESS, logIndex=4510, commits[4234af2c-5377-4886-a4e8-6fe45d0af45e:c4510, cef72988-acf5-49ad-9ec7-695a80e7a66d:c4506, d677508c-6db9-4741-b51c-49af5e4cf22f:c4506]
2019-09-08 07:08:10,186 [grpc-default-executor-0] INFO  client.GrpcClientProtocolClient (GrpcClientProtocolClient.java:onNext(264)) - client-964B0EA39D34->4234af2c-5377-4886-a4e8-6fe45d0af45e: receive RaftClientReply:client-964B0EA39D34->4234af2c-5377-4886-a4e8-6fe45d0af45e@group-A1165329A1F1, cid=3020, SUCCESS, logIndex=0, commits[4234af2c-5377-4886-a4e8-6fe45d0af45e:c4511, cef72988-acf5-49ad-9ec7-695a80e7a66d:c4510, d677508c-6db9-4741-b51c-49af5e4cf22f:c4510]
2019-09-08 07:08:10,216 [grpc-default-executor-4] INFO  client.GrpcClientProtocolClient (GrpcClientProtocolClient.java:onNext(264)) - client-964B0EA39D34->4234af2c-5377-4886-a4e8-6fe45d0af45e: receive RaftClientReply:client-964B0EA39D34->4234af2c-5377-4886-a4e8-6fe45d0af45e@group-A1165329A1F1, cid=3021, SUCCESS, logIndex=4513, commits[4234af2c-5377-4886-a4e8-6fe45d0af45e:c4514, cef72988-acf5-49ad-9ec7-695a80e7a66d:c4512, d677508c-6db9-4741-b51c-49af5e4cf22f:c4512]
2019-09-08 07:08:10,217 [grpc-default-executor-4] INFO  client.GrpcClientProtocolClient (GrpcClientProtocolClient.java:onNext(264)) - client-964B0EA39D34->4234af2c-5377-4886-a4e8-6fe45d0af45e: receive RaftClientReply:client-964B0EA39D34->4234af2c-5377-4886-a4e8-6fe45d0af45e@group-A1165329A1F1, cid=3022, SUCCESS, logIndex=4514, commits[4234af2c-5377-4886-a4e8-6fe45d0af45e:c4514, cef72988-acf5-49ad-9ec7-695a80e7a66d:c4512, d677508c-6db9-4741-b51c-49af5e4cf22f:c4512]
2019-09-08 07:08:10,219 [grpc-default-executor-4] INFO  client.GrpcClientProtocolClient (GrpcClientProtocolClient.java:onNext(264)) - client-964B0EA39D34->4234af2c-5377-4886-a4e8-6fe45d0af45e: receive RaftClientReply:client-964B0EA39D34->4234af2c-5377-4886-a4e8-6fe45d0af45e@group-A1165329A1F1, cid=3023, SUCCESS, logIndex=4515, commits[4234af2c-5377-4886-a4e8-6fe45d0af45e:c4515, cef72988-acf5-49ad-9ec7-695a80e7a66d:c4512, d677508c-6db9-4741-b51c-49af5e4cf22f:c4512]
2019-09-08 07:08:10,219 [grpc-default-executor-4] INFO  client.GrpcClientProtocolClient (GrpcClientProtocolClient.java:onNext(264)) - client-964B0EA39D34->4234af2c-5377-4886-a4e8-6fe45d0af45e: receive RaftClientReply:client-964B0EA39D34->4234af2c-5377-4886-a4e8-6fe45d0af45e@group-A1165329A1F1, cid=3024, SUCCESS, logIndex=4516, commits[4234af2c-5377-4886-a4e8-6fe45d0af45e:c4516, cef72988-acf5-49ad-9ec7-695a80e7a66d:c4512, d677508c-6db9-4741-b51c-49af5e4cf22f:c4512]
2019-09-08 07:08:10,231 [grpc-default-executor-4] INFO  client.GrpcClientProtocolClient (GrpcClientProtocolClient.java:onNext(264)) - client-964B0EA39D34->4234af2c-5377-4886-a4e8-6fe45d0af45e: receive RaftClientReply:client-964B0EA39D34->4234af2c-5377-4886-a4e8-6fe45d0af45e@group-A1165329A1F1, cid=3025, SUCCESS, logIndex=0, commits[4234af2c-5377-4886-a4e8-6fe45d0af45e:c4518, cef72988-acf5-49ad-9ec7-695a80e7a66d:c4514, d677508c-6db9-4741-b51c-49af5e4cf22f:c4514]
2019-09-08 07:08:10,244 [grpc-default-executor-0] INFO  client.GrpcClientProtocolClient (GrpcClientProtocolClient.java:onNext(264)) - client-964B0EA39D34->4234af2c-5377-4886-a4e8-6fe45d0af45e: receive RaftClientReply:client-964B0EA39D34->4234af2c-5377-4886-a4e8-6fe45d0af45e@group-A1165329A1F1, cid=3026, SUCCESS, logIndex=4521, commits[4234af2c-5377-4886-a4e8-6fe45d0af45e:c4522, cef72988-acf5-49ad-9ec7-695a80e7a66d:c4518, d677508c-6db9-4741-b51c-49af5e4cf22f:c4516]
2019-09-08 07:08:10,244 [grpc-default-executor-0] INFO  client.GrpcClientProtocolClient (GrpcClientProtocolClient.java:onNext(264)) - client-964B0EA39D34->4234af2c-5377-4886-a4e8-6fe45d0af45e: receive RaftClientReply:client-964B0EA39D34->4234af2c-5377-4886-a4e8-6fe45d0af45e@group-A1165329A1F1, cid=3027, SUCCESS, logIndex=4522, commits[4234af2c-5377-4886-a4e8-6fe45d0af45e:c4522, cef72988-acf5-49ad-9ec7-695a80e7a66d:c4518, d677508c-6db9-4741-b51c-49af5e4cf22f:c4516]
2019-09-08 07:08:10,257 [grpc-default-executor-0] INFO  client.GrpcClientProtocolClient (GrpcClientProtocolClient.java:onNext(264)) - client-964B0EA39D34->4234af2c-5377-4886-a4e8-6fe45d0af45e: receive RaftClientReply:client-964B0EA39D34->4234af2c-5377-4886-a4e8-6fe45d0af45e@group-A1165329A1F1, cid=3028, SUCCESS, logIndex=4525, commits[4234af2c-5377-4886-a4e8-6fe45d0af45e:c4526, cef72988-acf5-49ad-9ec7-695a80e7a66d:c4524, d677508c-6db9-4741-b51c-49af5e4cf22f:c4524]
2019-09-08 07:08:10,258 [grpc-default-executor-0] INFO  client.GrpcClientProtocolClient (GrpcClientProtocolClient.java:onNext(264)) - client-964B0EA39D34->4234af2c-5377-4886-a4e8-6fe45d0af45e: receive RaftClientReply:client-964B0EA39D34->4234af2c-5377-4886-a4e8-6fe45d0af45e@group-A1165329A1F1, cid=3029, SUCCESS, logIndex=4526, commits[4234af2c-5377-4886-a4e8-6fe45d0af45e:c4526, cef72988-acf5-49ad-9ec7-695a80e7a66d:c4524, d677508c-6db9-4741-b51c-49af5e4cf22f:c4524]
2019-09-08 07:08:10,271 [grpc-default-executor-0] INFO  client.GrpcClientProtocolClient (GrpcClientProtocolClient.java:onNext(264)) - client-964B0EA39D34->4234af2c-5377-4886-a4e8-6fe45d0af45e: receive RaftClientReply:client-964B0EA39D34->4234af2c-5377-4886-a4e8-6fe45d0af45e@group-A1165329A1F1, cid=3030, SUCCESS, logIndex=0, commits[4234af2c-5377-4886-a4e8-6fe45d0af45e:c4528, cef72988-acf5-49ad-9ec7-695a80e7a66d:c4526, d677508c-6db9-4741-b51c-49af5e4cf22f:c4526]
2019-09-08 07:08:10,301 [grpc-default-executor-3] INFO  client.GrpcClientProtocolClient (GrpcClientProtocolClient.java:onNext(264)) - client-964B0EA39D34->4234af2c-5377-4886-a4e8-6fe45d0af45e: receive RaftClientReply:client-964B0EA39D34->4234af2c-5377-4886-a4e8-6fe45d0af45e@group-A1165329A1F1, cid=3031, SUCCESS, logIndex=4529, commits[4234af2c-5377-4886-a4e8-6fe45d0af45e:c4531, cef72988-acf5-49ad-9ec7-695a80e7a66d:c4528, d677508c-6db9-4741-b51c-49af5e4cf22f:c4528]
2019-09-08 07:08:10,302 [grpc-default-executor-3] INFO  client.GrpcClientProtocolClient (GrpcClientProtocolClient.java:onNext(264)) - client-964B0EA39D34->4234af2c-5377-4886-a4e8-6fe45d0af45e: receive RaftClientReply:client-964B0EA39D34->4234af2c-5377-4886-a4e8-6fe45d0af45e@group-A1165329A1F1, cid=3032, SUCCESS, logIndex=4530, commits[4234af2c-5377-4886-a4e8-6fe45d0af45e:c4532, cef72988-acf5-49ad-9ec7-695a80e7a66d:c4528, d677508c-6db9-4741-b51c-49af5e4cf22f:c4528]
2019-09-08 07:08:10,302 [grpc-default-executor-3] INFO  client.GrpcClientProtocolClient (GrpcClientProtocolClient.java:onNext(264)) - client-964B0EA39D34->4234af2c-5377-4886-a4e8-6fe45d0af45e: receive RaftClientReply:client-964B0EA39D34->4234af2c-5377-4886-a4e8-6fe45d0af45e@group-A1165329A1F1, cid=3033, SUCCESS, logIndex=4531, commits[4234af2c-5377-4886-a4e8-6fe45d0af45e:c4532, cef72988-acf5-49ad-9ec7-695a80e7a66d:c4528, d677508c-6db9-4741-b51c-49af5e4cf22f:c4528]
2019-09-08 07:08:10,302 [grpc-default-executor-3] INFO  client.GrpcClientProtocolClient (GrpcClientProtocolClient.java:onNext(264)) - client-964B0EA39D34->4234af2c-5377-4886-a4e8-6fe45d0af45e: receive RaftClientReply:client-964B0EA39D34->4234af2c-5377-4886-a4e8-6fe45d0af45e@group-A1165329A1F1, cid=3034, SUCCESS, logIndex=4532, commits[4234af2c-5377-4886-a4e8-6fe45d0af45e:c4533, cef72988-acf5-49ad-9ec7-695a80e7a66d:c4528, d677508c-6db9-4741-b51c-49af5e4cf22f:c4529]
2019-09-08 07:08:10,304 [grpc-default-executor-3] INFO  client.GrpcClientProtocolClient (GrpcClientProtocolClient.java:onNext(264)) - client-964B0EA39D34->4234af2c-5377-4886-a4e8-6fe45d0af45e: receive RaftClientReply:client-964B0EA39D34->4234af2c-5377-4886-a4e8-6fe45d0af45e@group-A1165329A1F1, cid=3035, SUCCESS, logIndex=0, commits[4234af2c-5377-4886-a4e8-6fe45d0af45e:c4536, cef72988-acf5-49ad-9ec7-695a80e7a66d:c4530, d677508c-6db9-4741-b51c-49af5e4cf22f:c4532]
2019-09-08 07:08:10,326 [grpc-default-executor-0] INFO  client.GrpcClientProtocolClient (GrpcClientProtocolClient.java:onNext(264)) - client-964B0EA39D34->4234af2c-5377-4886-a4e8-6fe45d0af45e: receive RaftClientReply:client-964B0EA39D34->4234af2c-5377-4886-a4e8-6fe45d0af45e@group-A1165329A1F1, cid=3036, SUCCESS, logIndex=4537, commits[4234af2c-5377-4886-a4e8-6fe45d0af45e:c4538, cef72988-acf5-49ad-9ec7-695a80e7a66d:c4536, d677508c-6db9-4741-b51c-49af5e4cf22f:c4536]
2019-09-08 07:08:10,326 [grpc-default-executor-0] INFO  client.GrpcClientProtocolClient (GrpcClientProtocolClient.java:onNext(264)) - client-964B0EA39D34->4234af2c-5377-4886-a4e8-6fe45d0af45e: receive RaftClientReply:client-964B0EA39D34->4234af2c-5377-4886-a4e8-6fe45d0af45e@group-A1165329A1F1, cid=3037, SUCCESS, logIndex=4538, commits[4234af2c-5377-4886-a4e8-6fe45d0af45e:c4538, cef72988-acf5-49ad-9ec7-695a80e7a66d:c4536, d677508c-6db9-4741-b51c-49af5e4cf22f:c4536]
2019-09-08 07:08:10,422 [grpc-default-executor-4] INFO  client.GrpcClientProtocolClient (GrpcClientProtocolClient.java:onNext(264)) - client-964B0EA39D34->4234af2c-5377-4886-a4e8-6fe45d0af45e: receive RaftClientReply:client-964B0EA39D34->4234af2c-5377-4886-a4e8-6fe45d0af45e@group-A1165329A1F1, cid=3038, SUCCESS, logIndex=4541, commits[4234af2c-5377-4886-a4e8-6fe45d0af45e:c4542, cef72988-acf5-49ad-9ec7-695a80e7a66d:c4540, d677508c-6db9-4741-b51c-49af5e4cf22f:c4540]
2019-09-08 07:08:10,423 [grpc-default-executor-4] INFO  client.GrpcClientProtocolClient (GrpcClientProtocolClient.java:onNext(264)) - client-964B0EA39D34->4234af2c-5377-4886-a4e8-6fe45d0af45e: receive RaftClientReply:client-964B0EA39D34->4234af2c-5377-4886-a4e8-6fe45d0af45e@group-A1165329A1F1, cid=3039, SUCCESS, logIndex=4542, commits[4234af2c-5377-4886-a4e8-6fe45d0af45e:c4542, cef72988-acf5-49ad-9ec7-695a80e7a66d:c4540, d677508c-6db9-4741-b51c-49af5e4cf22f:c4540]
2019-09-08 07:08:10,428 [grpc-default-executor-4] INFO  client.GrpcClientProtocolClient (GrpcClientProtocolClient.java:onNext(264)) - client-964B0EA39D34->4234af2c-5377-4886-a4e8-6fe45d0af45e: receive RaftClientReply:client-964B0EA39D34->4234af2c-5377-4886-a4e8-6fe45d0af45e@group-A1165329A1F1, cid=3040, SUCCESS, logIndex=0, commits[4234af2c-5377-4886-a4e8-6fe45d0af45e:c4543, cef72988-acf5-49ad-9ec7-695a80e7a66d:c4542, d677508c-6db9-4741-b51c-49af5e4cf22f:c4542]
2019-09-08 07:08:10,468 [grpc-default-executor-4] INFO  client.GrpcClientProtocolClient (GrpcClientProtocolClient.java:onNext(264)) - client-964B0EA39D34->4234af2c-5377-4886-a4e8-6fe45d0af45e: receive RaftClientReply:client-964B0EA39D34->4234af2c-5377-4886-a4e8-6fe45d0af45e@group-A1165329A1F1, cid=3041, SUCCESS, logIndex=4545, commits[4234af2c-5377-4886-a4e8-6fe45d0af45e:c4546, cef72988-acf5-49ad-9ec7-695a80e7a66d:c4544, d677508c-6db9-4741-b51c-49af5e4cf22f:c4544]
2019-09-08 07:08:10,470 [grpc-default-executor-4] INFO  client.GrpcClientProtocolClient (GrpcClientProtocolClient.java:onNext(264)) - client-964B0EA39D34->4234af2c-5377-4886-a4e8-6fe45d0af45e: receive RaftClientReply:client-964B0EA39D34->4234af2c-5377-4886-a4e8-6fe45d0af45e@group-A1165329A1F1, cid=3042, SUCCESS, logIndex=4546, commits[4234af2c-5377-4886-a4e8-6fe45d0af45e:c4546, cef72988-acf5-49ad-9ec7-695a80e7a66d:c4544, d677508c-6db9-4741-b51c-49af5e4cf22f:c4544]
2019-09-08 07:08:10,470 [grpc-default-executor-4] INFO  client.GrpcClientProtocolClient (GrpcClientProtocolClient.java:onNext(264)) - client-964B0EA39D34->4234af2c-5377-4886-a4e8-6fe45d0af45e: receive RaftClientReply:client-964B0EA39D34->4234af2c-5377-4886-a4e8-6fe45d0af45e@group-A1165329A1F1, cid=3043, SUCCESS, logIndex=4547, commits[4234af2c-5377-4886-a4e8-6fe45d0af45e:c4548, cef72988-acf5-49ad-9ec7-695a80e7a66d:c4544, d677508c-6db9-4741-b51c-49af5e4cf22f:c4544]
2019-09-08 07:08:10,472 [grpc-default-executor-6] INFO  client.GrpcClientProtocolClient (GrpcClientProtocolClient.java:onNext(264)) - client-964B0EA39D34->4234af2c-5377-4886-a4e8-6fe45d0af45e: receive RaftClientReply:client-964B0EA39D34->4234af2c-5377-4886-a4e8-6fe45d0af45e@group-A1165329A1F1, cid=3044, SUCCESS, logIndex=4548, commits[4234af2c-5377-4886-a4e8-6fe45d0af45e:c4548, cef72988-acf5-49ad-9ec7-695a80e7a66d:c4544, d677508c-6db9-4741-b51c-49af5e4cf22f:c4544]
2019-09-08 07:08:10,473 [grpc-default-executor-6] INFO  client.GrpcClientProtocolClient (GrpcClientProtocolClient.java:onNext(264)) - client-964B0EA39D34->4234af2c-5377-4886-a4e8-6fe45d0af45e: receive RaftClientReply:client-964B0EA39D34->4234af2c-5377-4886-a4e8-6fe45d0af45e@group-A1165329A1F1, cid=3045, SUCCESS, logIndex=0, commits[4234af2c-5377-4886-a4e8-6fe45d0af45e:c4552, cef72988-acf5-49ad-9ec7-695a80e7a66d:c4548, d677508c-6db9-4741-b51c-49af5e4cf22f:c4548]
2019-09-08 07:08:10,502 [grpc-default-executor-4] INFO  client.GrpcClientProtocolClient (GrpcClientProtocolClient.java:onNext(264)) - client-964B0EA39D34->4234af2c-5377-4886-a4e8-6fe45d0af45e: receive RaftClientReply:client-964B0EA39D34->4234af2c-5377-4886-a4e8-6fe45d0af45e@group-A1165329A1F1, cid=3046, SUCCESS, logIndex=4553, commits[4234af2c-5377-4886-a4e8-6fe45d0af45e:c4554, cef72988-acf5-49ad-9ec7-695a80e7a66d:c4552, d677508c-6db9-4741-b51c-49af5e4cf22f:c4552]
2019-09-08 07:08:10,503 [grpc-default-executor-4] INFO  client.GrpcClientProtocolClient (GrpcClientProtocolClient.java:onNext(264)) - client-964B0EA39D34->4234af2c-5377-4886-a4e8-6fe45d0af45e: receive RaftClientReply:client-964B0EA39D34->4234af2c-5377-4886-a4e8-6fe45d0af45e@group-A1165329A1F1, cid=3047, SUCCESS, logIndex=4554, commits[4234af2c-5377-4886-a4e8-6fe45d0af45e:c4554, cef72988-acf5-49ad-9ec7-695a80e7a66d:c4552, d677508c-6db9-4741-b51c-49af5e4cf22f:c4552]
2019-09-08 07:08:10,525 [grpc-default-executor-4] INFO  client.GrpcClientProtocolClient (GrpcClientProtocolClient.java:onNext(264)) - client-964B0EA39D34->4234af2c-5377-4886-a4e8-6fe45d0af45e: receive RaftClientReply:client-964B0EA39D34->4234af2c-5377-4886-a4e8-6fe45d0af45e@group-A1165329A1F1, cid=3048, SUCCESS, logIndex=4557, commits[4234af2c-5377-4886-a4e8-6fe45d0af45e:c4558, cef72988-acf5-49ad-9ec7-695a80e7a66d:c4556, d677508c-6db9-4741-b51c-49af5e4cf22f:c4556]
2019-09-08 07:08:10,526 [grpc-default-executor-4] INFO  client.GrpcClientProtocolClient (GrpcClientProtocolClient.java:onNext(264)) - client-964B0EA39D34->4234af2c-5377-4886-a4e8-6fe45d0af45e: receive RaftClientReply:client-964B0EA39D34->4234af2c-5377-4886-a4e8-6fe45d0af45e@group-A1165329A1F1, cid=3049, SUCCESS, logIndex=4558, commits[4234af2c-5377-4886-a4e8-6fe45d0af45e:c4558, cef72988-acf5-49ad-9ec7-695a80e7a66d:c4556, d677508c-6db9-4741-b51c-49af5e4cf22f:c4556]
2019-09-08 07:08:10,535 [grpc-default-executor-4] INFO  client.GrpcClientProtocolClient (GrpcClientProtocolClient.java:onNext(264)) - client-964B0EA39D34->4234af2c-5377-4886-a4e8-6fe45d0af45e: receive RaftClientReply:client-964B0EA39D34->4234af2c-5377-4886-a4e8-6fe45d0af45e@group-A1165329A1F1, cid=3050, SUCCESS, logIndex=0, commits[4234af2c-5377-4886-a4e8-6fe45d0af45e:c4560, cef72988-acf5-49ad-9ec7-695a80e7a66d:c4558, d677508c-6db9-4741-b51c-49af5e4cf22f:c4558]
2019-09-08 07:08:10,572 [grpc-default-executor-6] INFO  client.GrpcClientProtocolClient (GrpcClientProtocolClient.java:onNext(264)) - client-964B0EA39D34->4234af2c-5377-4886-a4e8-6fe45d0af45e: receive RaftClientReply:client-964B0EA39D34->4234af2c-5377-4886-a4e8-6fe45d0af45e@group-A1165329A1F1, cid=3051, SUCCESS, logIndex=4561, commits[4234af2c-5377-4886-a4e8-6fe45d0af45e:c4564, cef72988-acf5-49ad-9ec7-695a80e7a66d:c4560, d677508c-6db9-4741-b51c-49af5e4cf22f:c4560]
2019-09-08 07:08:10,573 [grpc-default-executor-6] INFO  client.GrpcClientProtocolClient (GrpcClientProtocolClient.java:onNext(264)) - client-964B0EA39D34->4234af2c-5377-4886-a4e8-6fe45d0af45e: receive RaftClientReply:client-964B0EA39D34->4234af2c-5377-4886-a4e8-6fe45d0af45e@group-A1165329A1F1, cid=3052, SUCCESS, logIndex=4562, commits[4234af2c-5377-4886-a4e8-6fe45d0af45e:c4564, cef72988-acf5-49ad-9ec7-695a80e7a66d:c4560, d677508c-6db9-4741-b51c-49af5e4cf22f:c4560]
2019-09-08 07:08:10,573 [grpc-default-executor-6] INFO  client.GrpcClientProtocolClient (GrpcClientProtocolClient.java:onNext(264)) - client-964B0EA39D34->4234af2c-5377-4886-a4e8-6fe45d0af45e: receive RaftClientReply:client-964B0EA39D34->4234af2c-5377-4886-a4e8-6fe45d0af45e@group-A1165329A1F1, cid=3053, SUCCESS, logIndex=4563, commits[4234af2c-5377-4886-a4e8-6fe45d0af45e:c4564, cef72988-acf5-49ad-9ec7-695a80e7a66d:c4560, d677508c-6db9-4741-b51c-49af5e4cf22f:c4560]
2019-09-08 07:08:10,573 [grpc-default-executor-6] INFO  client.GrpcClientProtocolClient (GrpcClientProtocolClient.java:onNext(264)) - client-964B0EA39D34->4234af2c-5377-4886-a4e8-6fe45d0af45e: receive RaftClientReply:client-964B0EA39D34->4234af2c-5377-4886-a4e8-6fe45d0af45e@group-A1165329A1F1, cid=3054, SUCCESS, logIndex=4564, commits[4234af2c-5377-4886-a4e8-6fe45d0af45e:c4564, cef72988-acf5-49ad-9ec7-695a80e7a66d:c4560, d677508c-6db9-4741-b51c-49af5e4cf22f:c4560]
2019-09-08 07:08:10,587 [grpc-default-executor-6] INFO  client.GrpcClientProtocolClient (GrpcClientProtocolClient.java:onNext(264)) - client-964B0EA39D34->4234af2c-5377-4886-a4e8-6fe45d0af45e: receive RaftClientReply:client-964B0EA39D34->4234af2c-5377-4886-a4e8-6fe45d0af45e@group-A1165329A1F1, cid=3055, SUCCESS, logIndex=0, commits[4234af2c-5377-4886-a4e8-6fe45d0af45e:c4567, cef72988-acf5-49ad-9ec7-695a80e7a66d:c4564, d677508c-6db9-4741-b51c-49af5e4cf22f:c4562]
2019-09-08 07:08:10,611 [grpc-default-executor-6] INFO  client.GrpcClientProtocolClient (GrpcClientProtocolClient.java:onNext(264)) - client-964B0EA39D34->4234af2c-5377-4886-a4e8-6fe45d0af45e: receive RaftClientReply:client-964B0EA39D34->4234af2c-5377-4886-a4e8-6fe45d0af45e@group-A1165329A1F1, cid=3056, SUCCESS, logIndex=4569, commits[4234af2c-5377-4886-a4e8-6fe45d0af45e:c4570, cef72988-acf5-49ad-9ec7-695a80e7a66d:c4568, d677508c-6db9-4741-b51c-49af5e4cf22f:c4568]
2019-09-08 07:08:10,612 [grpc-default-executor-6] INFO  client.GrpcClientProtocolClient (GrpcClientProtocolClient.java:onNext(264)) - client-964B0EA39D34->4234af2c-5377-4886-a4e8-6fe45d0af45e: receive RaftClientReply:client-964B0EA39D34->4234af2c-5377-4886-a4e8-6fe45d0af45e@group-A1165329A1F1, cid=3057, SUCCESS, logIndex=4570, commits[4234af2c-5377-4886-a4e8-6fe45d0af45e:c4570, cef72988-acf5-49ad-9ec7-695a80e7a66d:c4568, d677508c-6db9-4741-b51c-49af5e4cf22f:c4568]
2019-09-08 07:08:10,633 [grpc-default-executor-4] INFO  client.GrpcClientProtocolClient (GrpcClientProtocolClient.java:onNext(264)) - client-964B0EA39D34->4234af2c-5377-4886-a4e8-6fe45d0af45e: receive RaftClientReply:client-964B0EA39D34->4234af2c-5377-4886-a4e8-6fe45d0af45e@group-A1165329A1F1, cid=3058, SUCCESS, logIndex=4573, commits[4234af2c-5377-4886-a4e8-6fe45d0af45e:c4574, cef72988-acf5-49ad-9ec7-695a80e7a66d:c4570, d677508c-6db9-4741-b51c-49af5e4cf22f:c4570]
2019-09-08 07:08:10,633 [grpc-default-executor-4] INFO  client.GrpcClientProtocolClient (GrpcClientProtocolClient.java:onNext(264)) - client-964B0EA39D34->4234af2c-5377-4886-a4e8-6fe45d0af45e: receive RaftClientReply:client-964B0EA39D34->4234af2c-5377-4886-a4e8-6fe45d0af45e@group-A1165329A1F1, cid=3059, SUCCESS, logIndex=4574, commits[4234af2c-5377-4886-a4e8-6fe45d0af45e:c4574, cef72988-acf5-49ad-9ec7-695a80e7a66d:c4570, d677508c-6db9-4741-b51c-49af5e4cf22f:c4570]
2019-09-08 07:08:10,642 [grpc-default-executor-4] INFO  client.GrpcClientProtocolClient (GrpcClientProtocolClient.java:onNext(264)) - client-964B0EA39D34->4234af2c-5377-4886-a4e8-6fe45d0af45e: receive RaftClientReply:client-964B0EA39D34->4234af2c-5377-4886-a4e8-6fe45d0af45e@group-A1165329A1F1, cid=3060, SUCCESS, logIndex=0, commits[4234af2c-5377-4886-a4e8-6fe45d0af45e:c4575, cef72988-acf5-49ad-9ec7-695a80e7a66d:c4574, d677508c-6db9-4741-b51c-49af5e4cf22f:c4574]
2019-09-08 07:08:10,678 [grpc-default-executor-3] INFO  client.GrpcClientProtocolClient (GrpcClientProtocolClient.java:onNext(264)) - client-964B0EA39D34->4234af2c-5377-4886-a4e8-6fe45d0af45e: receive RaftClientReply:client-964B0EA39D34->4234af2c-5377-4886-a4e8-6fe45d0af45e@group-A1165329A1F1, cid=3061, SUCCESS, logIndex=4577, commits[4234af2c-5377-4886-a4e8-6fe45d0af45e:c4578, cef72988-acf5-49ad-9ec7-695a80e7a66d:c4576, d677508c-6db9-4741-b51c-49af5e4cf22f:c4576]
2019-09-08 07:08:10,679 [grpc-default-executor-3] INFO  client.GrpcClientProtocolClient (GrpcClientProtocolClient.java:onNext(264)) - client-964B0EA39D34->4234af2c-5377-4886-a4e8-6fe45d0af45e: receive RaftClientReply:client-964B0EA39D34->4234af2c-5377-4886-a4e8-6fe45d0af45e@group-A1165329A1F1, cid=3062, SUCCESS, logIndex=4578, commits[4234af2c-5377-4886-a4e8-6fe45d0af45e:c4578, cef72988-acf5-49ad-9ec7-695a80e7a66d:c4576, d677508c-6db9-4741-b51c-49af5e4cf22f:c4576]
2019-09-08 07:08:10,679 [grpc-default-executor-3] INFO  client.GrpcClientProtocolClient (GrpcClientProtocolClient.java:onNext(264)) - client-964B0EA39D34->4234af2c-5377-4886-a4e8-6fe45d0af45e: receive RaftClientReply:client-964B0EA39D34->4234af2c-5377-4886-a4e8-6fe45d0af45e@group-A1165329A1F1, cid=3063, SUCCESS, logIndex=4579, commits[4234af2c-5377-4886-a4e8-6fe45d0af45e:c4580, cef72988-acf5-49ad-9ec7-695a80e7a66d:c4576, d677508c-6db9-4741-b51c-49af5e4cf22f:c4576]
2019-09-08 07:08:10,679 [grpc-default-executor-3] INFO  client.GrpcClientProtocolClient (GrpcClientProtocolClient.java:onNext(264)) - client-964B0EA39D34->4234af2c-5377-4886-a4e8-6fe45d0af45e: receive RaftClientReply:client-964B0EA39D34->4234af2c-5377-4886-a4e8-6fe45d0af45e@group-A1165329A1F1, cid=3064, SUCCESS, logIndex=4580, commits[4234af2c-5377-4886-a4e8-6fe45d0af45e:c4580, cef72988-acf5-49ad-9ec7-695a80e7a66d:c4576, d677508c-6db9-4741-b51c-49af5e4cf22f:c4576]
2019-09-08 07:08:10,708 [grpc-default-executor-3] INFO  client.GrpcClientProtocolClient (GrpcClientProtocolClient.java:onNext(264)) - client-964B0EA39D34->4234af2c-5377-4886-a4e8-6fe45d0af45e: receive RaftClientReply:client-964B0EA39D34->4234af2c-5377-4886-a4e8-6fe45d0af45e@group-A1165329A1F1, cid=3065, SUCCESS, logIndex=0, commits[4234af2c-5377-4886-a4e8-6fe45d0af45e:c4583, cef72988-acf5-49ad-9ec7-695a80e7a66d:c4580, d677508c-6db9-4741-b51c-49af5e4cf22f:c4580]
2019-09-08 07:08:10,724 [grpc-default-executor-3] INFO  client.GrpcClientProtocolClient (GrpcClientProtocolClient.java:onNext(264)) - client-964B0EA39D34->4234af2c-5377-4886-a4e8-6fe45d0af45e: receive RaftClientReply:client-964B0EA39D34->4234af2c-5377-4886-a4e8-6fe45d0af45e@group-A1165329A1F1, cid=3066, SUCCESS, logIndex=4584, commits[4234af2c-5377-4886-a4e8-6fe45d0af45e:c4585, cef72988-acf5-49ad-9ec7-695a80e7a66d:c4583, d677508c-6db9-4741-b51c-49af5e4cf22f:c4583]
2019-09-08 07:08:10,724 [grpc-default-executor-3] INFO  client.GrpcClientProtocolClient (GrpcClientProtocolClient.java:onNext(264)) - client-964B0EA39D34->4234af2c-5377-4886-a4e8-6fe45d0af45e: receive RaftClientReply:client-964B0EA39D34->4234af2c-5377-4886-a4e8-6fe45d0af45e@group-A1165329A1F1, cid=3067, SUCCESS, logIndex=4585, commits[4234af2c-5377-4886-a4e8-6fe45d0af45e:c4585, cef72988-acf5-49ad-9ec7-695a80e7a66d:c4583, d677508c-6db9-4741-b51c-49af5e4cf22f:c4583]
2019-09-08 07:08:10,740 [grpc-default-executor-3] INFO  client.GrpcClientProtocolClient (GrpcClientProtocolClient.java:onNext(264)) - client-964B0EA39D34->4234af2c-5377-4886-a4e8-6fe45d0af45e: receive RaftClientReply:client-964B0EA39D34->4234af2c-5377-4886-a4e8-6fe45d0af45e@group-A1165329A1F1, cid=3068, SUCCESS, logIndex=4588, commits[4234af2c-5377-4886-a4e8-6fe45d0af45e:c4589, cef72988-acf5-49ad-9ec7-695a80e7a66d:c4585, d677508c-6db9-4741-b51c-49af5e4cf22f:c4585]
2019-09-08 07:08:10,741 [grpc-default-executor-3] INFO  client.GrpcClientProtocolClient (GrpcClientProtocolClient.java:onNext(264)) - client-964B0EA39D34->4234af2c-5377-4886-a4e8-6fe45d0af45e: receive RaftClientReply:client-964B0EA39D34->4234af2c-5377-4886-a4e8-6fe45d0af45e@group-A1165329A1F1, cid=3069, SUCCESS, logIndex=4589, commits[4234af2c-5377-4886-a4e8-6fe45d0af45e:c4589, cef72988-acf5-49ad-9ec7-695a80e7a66d:c4585, d677508c-6db9-4741-b51c-49af5e4cf22f:c4585]
2019-09-08 07:08:10,752 [grpc-default-executor-3] INFO  client.GrpcClientProtocolClient (GrpcClientProtocolClient.java:onNext(264)) - client-964B0EA39D34->4234af2c-5377-4886-a4e8-6fe45d0af45e: receive RaftClientReply:client-964B0EA39D34->4234af2c-5377-4886-a4e8-6fe45d0af45e@group-A1165329A1F1, cid=3070, SUCCESS, logIndex=0, commits[4234af2c-5377-4886-a4e8-6fe45d0af45e:c4590, cef72988-acf5-49ad-9ec7-695a80e7a66d:c4589, d677508c-6db9-4741-b51c-49af5e4cf22f:c4589]
2019-09-08 07:08:10,778 [grpc-default-executor-4] INFO  client.GrpcClientProtocolClient (GrpcClientProtocolClient.java:onNext(264)) - client-964B0EA39D34->4234af2c-5377-4886-a4e8-6fe45d0af45e: receive RaftClientReply:client-964B0EA39D34->4234af2c-5377-4886-a4e8-6fe45d0af45e@group-A1165329A1F1, cid=3071, SUCCESS, logIndex=4592, commits[4234af2c-5377-4886-a4e8-6fe45d0af45e:c4593, cef72988-acf5-49ad-9ec7-695a80e7a66d:c4591, d677508c-6db9-4741-b51c-49af5e4cf22f:c4591]
2019-09-08 07:08:10,936 [grpc-default-executor-4] INFO  client.GrpcClientProtocolClient (GrpcClientProtocolClient.java:onNext(264)) - client-964B0EA39D34->4234af2c-5377-4886-a4e8-6fe45d0af45e: receive RaftClientReply:client-964B0EA39D34->4234af2c-5377-4886-a4e8-6fe45d0af45e@group-A1165329A1F1, cid=3072, SUCCESS, logIndex=4593, commits[4234af2c-5377-4886-a4e8-6fe45d0af45e:c4593, cef72988-acf5-49ad-9ec7-695a80e7a66d:c4591, d677508c-6db9-4741-b51c-49af5e4cf22f:c4591]
2019-09-08 07:08:10,937 [grpc-default-executor-0] INFO  client.GrpcClientProtocolClient (GrpcClientProtocolClient.java:onNext(264)) - client-964B0EA39D34->4234af2c-5377-4886-a4e8-6fe45d0af45e: receive RaftClientReply:client-964B0EA39D34->4234af2c-5377-4886-a4e8-6fe45d0af45e@group-A1165329A1F1, cid=3073, SUCCESS, logIndex=4594, commits[4234af2c-5377-4886-a4e8-6fe45d0af45e:c4595, cef72988-acf5-49ad-9ec7-695a80e7a66d:c4591, d677508c-6db9-4741-b51c-49af5e4cf22f:c4591]
2019-09-08 07:08:10,937 [grpc-default-executor-0] INFO  client.GrpcClientProtocolClient (GrpcClientProtocolClient.java:onNext(264)) - client-964B0EA39D34->4234af2c-5377-4886-a4e8-6fe45d0af45e: receive RaftClientReply:client-964B0EA39D34->4234af2c-5377-4886-a4e8-6fe45d0af45e@group-A1165329A1F1, cid=3074, SUCCESS, logIndex=4595, commits[4234af2c-5377-4886-a4e8-6fe45d0af45e:c4595, cef72988-acf5-49ad-9ec7-695a80e7a66d:c4591, d677508c-6db9-4741-b51c-49af5e4cf22f:c4591]
2019-09-08 07:08:10,949 [grpc-default-executor-0] INFO  client.GrpcClientProtocolClient (GrpcClientProtocolClient.java:onNext(264)) - client-964B0EA39D34->4234af2c-5377-4886-a4e8-6fe45d0af45e: receive RaftClientReply:client-964B0EA39D34->4234af2c-5377-4886-a4e8-6fe45d0af45e@group-A1165329A1F1, cid=3075, SUCCESS, logIndex=0, commits[4234af2c-5377-4886-a4e8-6fe45d0af45e:c4596, cef72988-acf5-49ad-9ec7-695a80e7a66d:c4593, d677508c-6db9-4741-b51c-49af5e4cf22f:c4593]
2019-09-08 07:08:10,972 [grpc-default-executor-0] INFO  client.GrpcClientProtocolClient (GrpcClientProtocolClient.java:onNext(264)) - client-964B0EA39D34->4234af2c-5377-4886-a4e8-6fe45d0af45e: receive RaftClientReply:client-964B0EA39D34->4234af2c-5377-4886-a4e8-6fe45d0af45e@group-A1165329A1F1, cid=3076, SUCCESS, logIndex=4599, commits[4234af2c-5377-4886-a4e8-6fe45d0af45e:c4600, cef72988-acf5-49ad-9ec7-695a80e7a66d:c4598, d677508c-6db9-4741-b51c-49af5e4cf22f:c4598]
2019-09-08 07:08:10,972 [grpc-default-executor-0] INFO  client.GrpcClientProtocolClient (GrpcClientProtocolClient.java:onNext(264)) - client-964B0EA39D34->4234af2c-5377-4886-a4e8-6fe45d0af45e: receive RaftClientReply:client-964B0EA39D34->4234af2c-5377-4886-a4e8-6fe45d0af45e@group-A1165329A1F1, cid=3077, SUCCESS, logIndex=4600, commits[4234af2c-5377-4886-a4e8-6fe45d0af45e:c4600, cef72988-acf5-49ad-9ec7-695a80e7a66d:c4598, d677508c-6db9-4741-b51c-49af5e4cf22f:c4598]
2019-09-08 07:08:10,992 [grpc-default-executor-0] INFO  client.GrpcClientProtocolClient (GrpcClientProtocolClient.java:onNext(264)) - client-964B0EA39D34->4234af2c-5377-4886-a4e8-6fe45d0af45e: receive RaftClientReply:client-964B0EA39D34->4234af2c-5377-4886-a4e8-6fe45d0af45e@group-A1165329A1F1, cid=3078, SUCCESS, logIndex=4603, commits[4234af2c-5377-4886-a4e8-6fe45d0af45e:c4604, cef72988-acf5-49ad-9ec7-695a80e7a66d:c4600, d677508c-6db9-4741-b51c-49af5e4cf22f:c4600]
2019-09-08 07:08:10,993 [grpc-default-executor-0] INFO  client.GrpcClientProtocolClient (GrpcClientProtocolClient.java:onNext(264)) - client-964B0EA39D34->4234af2c-5377-4886-a4e8-6fe45d0af45e: receive RaftClientReply:client-964B0EA39D34->4234af2c-5377-4886-a4e8-6fe45d0af45e@group-A1165329A1F1, cid=3079, SUCCESS, logIndex=4604, commits[4234af2c-5377-4886-a4e8-6fe45d0af45e:c4604, cef72988-acf5-49ad-9ec7-695a80e7a66d:c4600, d677508c-6db9-4741-b51c-49af5e4cf22f:c4600]
2019-09-08 07:08:10,998 [grpc-default-executor-3] INFO  client.GrpcClientProtocolClient (GrpcClientProtocolClient.java:onNext(264)) - client-964B0EA39D34->4234af2c-5377-4886-a4e8-6fe45d0af45e: receive RaftClientReply:client-964B0EA39D34->4234af2c-5377-4886-a4e8-6fe45d0af45e@group-A1165329A1F1, cid=3080, SUCCESS, logIndex=0, commits[4234af2c-5377-4886-a4e8-6fe45d0af45e:c4606, cef72988-acf5-49ad-9ec7-695a80e7a66d:c4604, d677508c-6db9-4741-b51c-49af5e4cf22f:c4604]
2019-09-08 07:08:11,029 [grpc-default-executor-6] INFO  client.GrpcClientProtocolClient (GrpcClientProtocolClient.java:onNext(264)) - client-964B0EA39D34->4234af2c-5377-4886-a4e8-6fe45d0af45e: receive RaftClientReply:client-964B0EA39D34->4234af2c-5377-4886-a4e8-6fe45d0af45e@group-A1165329A1F1, cid=3081, SUCCESS, logIndex=4607, commits[4234af2c-5377-4886-a4e8-6fe45d0af45e:c4608, cef72988-acf5-49ad-9ec7-695a80e7a66d:c4606, d677508c-6db9-4741-b51c-49af5e4cf22f:c4606]
2019-09-08 07:08:11,029 [grpc-default-executor-6] INFO  client.GrpcClientProtocolClient (GrpcClientProtocolClient.java:onNext(264)) - client-964B0EA39D34->4234af2c-5377-4886-a4e8-6fe45d0af45e: receive RaftClientReply:client-964B0EA39D34->4234af2c-5377-4886-a4e8-6fe45d0af45e@group-A1165329A1F1, cid=3082, SUCCESS, logIndex=4608, commits[4234af2c-5377-4886-a4e8-6fe45d0af45e:c4608, cef72988-acf5-49ad-9ec7-695a80e7a66d:c4606, d677508c-6db9-4741-b51c-49af5e4cf22f:c4606]
2019-09-08 07:08:11,039 [grpc-default-executor-6] INFO  client.GrpcClientProtocolClient (GrpcClientProtocolClient.java:onNext(264)) - client-964B0EA39D34->4234af2c-5377-4886-a4e8-6fe45d0af45e: receive RaftClientReply:client-964B0EA39D34->4234af2c-5377-4886-a4e8-6fe45d0af45e@group-A1165329A1F1, cid=3083, SUCCESS, logIndex=4609, commits[4234af2c-5377-4886-a4e8-6fe45d0af45e:c4610, cef72988-acf5-49ad-9ec7-695a80e7a66d:c4606, d677508c-6db9-4741-b51c-49af5e4cf22f:c4606]
2019-09-08 07:08:11,039 [grpc-default-executor-6] INFO  client.GrpcClientProtocolClient (GrpcClientProtocolClient.java:onNext(264)) - client-964B0EA39D34->4234af2c-5377-4886-a4e8-6fe45d0af45e: receive RaftClientReply:client-964B0EA39D34->4234af2c-5377-4886-a4e8-6fe45d0af45e@group-A1165329A1F1, cid=3084, SUCCESS, logIndex=4610, commits[4234af2c-5377-4886-a4e8-6fe45d0af45e:c4610, cef72988-acf5-49ad-9ec7-695a80e7a66d:c4606, d677508c-6db9-4741-b51c-49af5e4cf22f:c4606]
2019-09-08 07:08:11,055 [grpc-default-executor-6] INFO  client.GrpcClientProtocolClient (GrpcClientProtocolClient.java:onNext(264)) - client-964B0EA39D34->4234af2c-5377-4886-a4e8-6fe45d0af45e: receive RaftClientReply:client-964B0EA39D34->4234af2c-5377-4886-a4e8-6fe45d0af45e@group-A1165329A1F1, cid=3085, SUCCESS, logIndex=0, commits[4234af2c-5377-4886-a4e8-6fe45d0af45e:c4612, cef72988-acf5-49ad-9ec7-695a80e7a66d:c4608, d677508c-6db9-4741-b51c-49af5e4cf22f:c4608]
2019-09-08 07:08:11,068 [grpc-default-executor-0] INFO  client.GrpcClientProtocolClient (GrpcClientProtocolClient.java:onNext(264)) - client-964B0EA39D34->4234af2c-5377-4886-a4e8-6fe45d0af45e: receive RaftClientReply:client-964B0EA39D34->4234af2c-5377-4886-a4e8-6fe45d0af45e@group-A1165329A1F1, cid=3086, SUCCESS, logIndex=4615, commits[4234af2c-5377-4886-a4e8-6fe45d0af45e:c4615, cef72988-acf5-49ad-9ec7-695a80e7a66d:c4614, d677508c-6db9-4741-b51c-49af5e4cf22f:c4614]
2019-09-08 07:08:11,068 [grpc-default-executor-0] INFO  client.GrpcClientProtocolClient (GrpcClientProtocolClient.java:onNext(264)) - client-964B0EA39D34->4234af2c-5377-4886-a4e8-6fe45d0af45e: receive RaftClientReply:client-964B0EA39D34->4234af2c-5377-4886-a4e8-6fe45d0af45e@group-A1165329A1F1, cid=3087, SUCCESS, logIndex=4616, commits[4234af2c-5377-4886-a4e8-6fe45d0af45e:c4616, cef72988-acf5-49ad-9ec7-695a80e7a66d:c4614, d677508c-6db9-4741-b51c-49af5e4cf22f:c4614]
2019-09-08 07:08:11,083 [grpc-default-executor-4] INFO  client.GrpcClientProtocolClient (GrpcClientProtocolClient.java:onNext(264)) - client-964B0EA39D34->4234af2c-5377-4886-a4e8-6fe45d0af45e: receive RaftClientReply:client-964B0EA39D34->4234af2c-5377-4886-a4e8-6fe45d0af45e@group-A1165329A1F1, cid=3088, SUCCESS, logIndex=4619, commits[4234af2c-5377-4886-a4e8-6fe45d0af45e:c4620, cef72988-acf5-49ad-9ec7-695a80e7a66d:c4616, d677508c-6db9-4741-b51c-49af5e4cf22f:c4616]
2019-09-08 07:08:11,084 [grpc-default-executor-4] INFO  client.GrpcClientProtocolClient (GrpcClientProtocolClient.java:onNext(264)) - client-964B0EA39D34->4234af2c-5377-4886-a4e8-6fe45d0af45e: receive RaftClientReply:client-964B0EA39D34->4234af2c-5377-4886-a4e8-6fe45d0af45e@group-A1165329A1F1, cid=3089, SUCCESS, logIndex=4620, commits[4234af2c-5377-4886-a4e8-6fe45d0af45e:c4620, cef72988-acf5-49ad-9ec7-695a80e7a66d:c4616, d677508c-6db9-4741-b51c-49af5e4cf22f:c4616]
 0.00% |█                                                                                                    |  0/1 Time: 0:00:512019-09-08 07:08:11,178 [grpc-default-executor-4] INFO  client.GrpcClientProtocolClient (GrpcClientProtocolClient.java:onNext(264)) - client-964B0EA39D34->4234af2c-5377-4886-a4e8-6fe45d0af45e: receive RaftClientReply:client-964B0EA39D34->4234af2c-5377-4886-a4e8-6fe45d0af45e@group-A1165329A1F1, cid=3090, SUCCESS, logIndex=0, commits[4234af2c-5377-4886-a4e8-6fe45d0af45e:c4620, cef72988-acf5-49ad-9ec7-695a80e7a66d:c4620, d677508c-6db9-4741-b51c-49af5e4cf22f:c4620]
2019-09-08 07:08:11,211 [grpc-default-executor-0] INFO  client.GrpcClientProtocolClient (GrpcClientProtocolClient.java:onNext(264)) - client-964B0EA39D34->4234af2c-5377-4886-a4e8-6fe45d0af45e: receive RaftClientReply:client-964B0EA39D34->4234af2c-5377-4886-a4e8-6fe45d0af45e@group-A1165329A1F1, cid=3091, SUCCESS, logIndex=4623, commits[4234af2c-5377-4886-a4e8-6fe45d0af45e:c4624, cef72988-acf5-49ad-9ec7-695a80e7a66d:c4622, d677508c-6db9-4741-b51c-49af5e4cf22f:c4622]
2019-09-08 07:08:11,212 [grpc-default-executor-0] INFO  client.GrpcClientProtocolClient (GrpcClientProtocolClient.java:onNext(264)) - client-964B0EA39D34->4234af2c-5377-4886-a4e8-6fe45d0af45e: receive RaftClientReply:client-964B0EA39D34->4234af2c-5377-4886-a4e8-6fe45d0af45e@group-A1165329A1F1, cid=3092, SUCCESS, logIndex=4624, commits[4234af2c-5377-4886-a4e8-6fe45d0af45e:c4626, cef72988-acf5-49ad-9ec7-695a80e7a66d:c4622, d677508c-6db9-4741-b51c-49af5e4cf22f:c4622]
2019-09-08 07:08:11,212 [grpc-default-executor-0] INFO  client.GrpcClientProtocolClient (GrpcClientProtocolClient.java:onNext(264)) - client-964B0EA39D34->4234af2c-5377-4886-a4e8-6fe45d0af45e: receive RaftClientReply:client-964B0EA39D34->4234af2c-5377-4886-a4e8-6fe45d0af45e@group-A1165329A1F1, cid=3093, SUCCESS, logIndex=4625, commits[4234af2c-5377-4886-a4e8-6fe45d0af45e:c4626, cef72988-acf5-49ad-9ec7-695a80e7a66d:c4622, d677508c-6db9-4741-b51c-49af5e4cf22f:c4622]
2019-09-08 07:08:11,212 [grpc-default-executor-0] INFO  client.GrpcClientProtocolClient (GrpcClientProtocolClient.java:onNext(264)) - client-964B0EA39D34->4234af2c-5377-4886-a4e8-6fe45d0af45e: receive RaftClientReply:client-964B0EA39D34->4234af2c-5377-4886-a4e8-6fe45d0af45e@group-A1165329A1F1, cid=3094, SUCCESS, logIndex=4626, commits[4234af2c-5377-4886-a4e8-6fe45d0af45e:c4626, cef72988-acf5-49ad-9ec7-695a80e7a66d:c4622, d677508c-6db9-4741-b51c-49af5e4cf22f:c4622]
2019-09-08 07:08:11,233 [grpc-default-executor-3] INFO  client.GrpcClientProtocolClient (GrpcClientProtocolClient.java:onNext(264)) - client-964B0EA39D34->4234af2c-5377-4886-a4e8-6fe45d0af45e: receive RaftClientReply:client-964B0EA39D34->4234af2c-5377-4886-a4e8-6fe45d0af45e@group-A1165329A1F1, cid=3095, SUCCESS, logIndex=0, commits[4234af2c-5377-4886-a4e8-6fe45d0af45e:c4628, cef72988-acf5-49ad-9ec7-695a80e7a66d:c4624, d677508c-6db9-4741-b51c-49af5e4cf22f:c4625]
2019-09-08 07:08:11,259 [grpc-default-executor-3] INFO  client.GrpcClientProtocolClient (GrpcClientProtocolClient.java:onNext(264)) - client-964B0EA39D34->4234af2c-5377-4886-a4e8-6fe45d0af45e: receive RaftClientReply:client-964B0EA39D34->4234af2c-5377-4886-a4e8-6fe45d0af45e@group-A1165329A1F1, cid=3096, SUCCESS, logIndex=4631, commits[4234af2c-5377-4886-a4e8-6fe45d0af45e:c4632, cef72988-acf5-49ad-9ec7-695a80e7a66d:c4630, d677508c-6db9-4741-b51c-49af5e4cf22f:c4630]
2019-09-08 07:08:11,260 [grpc-default-executor-3] INFO  client.GrpcClientProtocolClient (GrpcClientProtocolClient.java:onNext(264)) - client-964B0EA39D34->4234af2c-5377-4886-a4e8-6fe45d0af45e: receive RaftClientReply:client-964B0EA39D34->4234af2c-5377-4886-a4e8-6fe45d0af45e@group-A1165329A1F1, cid=3097, SUCCESS, logIndex=4632, commits[4234af2c-5377-4886-a4e8-6fe45d0af45e:c4632, cef72988-acf5-49ad-9ec7-695a80e7a66d:c4630, d677508c-6db9-4741-b51c-49af5e4cf22f:c4630]
2019-09-08 07:08:11,282 [grpc-default-executor-0] INFO  client.GrpcClientProtocolClient (GrpcClientProtocolClient.java:onNext(264)) - client-964B0EA39D34->4234af2c-5377-4886-a4e8-6fe45d0af45e: receive RaftClientReply:client-964B0EA39D34->4234af2c-5377-4886-a4e8-6fe45d0af45e@group-A1165329A1F1, cid=3098, SUCCESS, logIndex=4635, commits[4234af2c-5377-4886-a4e8-6fe45d0af45e:c4635, cef72988-acf5-49ad-9ec7-695a80e7a66d:c4632, d677508c-6db9-4741-b51c-49af5e4cf22f:c4632]
2019-09-08 07:08:11,283 [grpc-default-executor-0] INFO  client.GrpcClientProtocolClient (GrpcClientProtocolClient.java:onNext(264)) - client-964B0EA39D34->4234af2c-5377-4886-a4e8-6fe45d0af45e: receive RaftClientReply:client-964B0EA39D34->4234af2c-5377-4886-a4e8-6fe45d0af45e@group-A1165329A1F1, cid=3099, SUCCESS, logIndex=4636, commits[4234af2c-5377-4886-a4e8-6fe45d0af45e:c4636, cef72988-acf5-49ad-9ec7-695a80e7a66d:c4632, d677508c-6db9-4741-b51c-49af5e4cf22f:c4632]
2019-09-08 07:08:11,295 [grpc-default-executor-4] INFO  client.GrpcClientProtocolClient (GrpcClientProtocolClient.java:onNext(264)) - client-964B0EA39D34->4234af2c-5377-4886-a4e8-6fe45d0af45e: receive RaftClientReply:client-964B0EA39D34->4234af2c-5377-4886-a4e8-6fe45d0af45e@group-A1165329A1F1, cid=3100, SUCCESS, logIndex=0, commits[4234af2c-5377-4886-a4e8-6fe45d0af45e:c4638, cef72988-acf5-49ad-9ec7-695a80e7a66d:c4636, d677508c-6db9-4741-b51c-49af5e4cf22f:c4636]
2019-09-08 07:08:11,324 [grpc-default-executor-3] INFO  client.GrpcClientProtocolClient (GrpcClientProtocolClient.java:onNext(264)) - client-964B0EA39D34->4234af2c-5377-4886-a4e8-6fe45d0af45e: receive RaftClientReply:client-964B0EA39D34->4234af2c-5377-4886-a4e8-6fe45d0af45e@group-A1165329A1F1, cid=3101, SUCCESS, logIndex=4639, commits[4234af2c-5377-4886-a4e8-6fe45d0af45e:c4640, cef72988-acf5-49ad-9ec7-695a80e7a66d:c4638, d677508c-6db9-4741-b51c-49af5e4cf22f:c4638]
2019-09-08 07:08:11,324 [grpc-default-executor-3] INFO  client.GrpcClientProtocolClient (GrpcClientProtocolClient.java:onNext(264)) - client-964B0EA39D34->4234af2c-5377-4886-a4e8-6fe45d0af45e: receive RaftClientReply:client-964B0EA39D34->4234af2c-5377-4886-a4e8-6fe45d0af45e@group-A1165329A1F1, cid=3102, SUCCESS, logIndex=4640, commits[4234af2c-5377-4886-a4e8-6fe45d0af45e:c4642, cef72988-acf5-49ad-9ec7-695a80e7a66d:c4638, d677508c-6db9-4741-b51c-49af5e4cf22f:c4638]
2019-09-08 07:08:11,325 [grpc-default-executor-3] INFO  client.GrpcClientProtocolClient (GrpcClientProtocolClient.java:onNext(264)) - client-964B0EA39D34->4234af2c-5377-4886-a4e8-6fe45d0af45e: receive RaftClientReply:client-964B0EA39D34->4234af2c-5377-4886-a4e8-6fe45d0af45e@group-A1165329A1F1, cid=3103, SUCCESS, logIndex=4641, commits[4234af2c-5377-4886-a4e8-6fe45d0af45e:c4642, cef72988-acf5-49ad-9ec7-695a80e7a66d:c4638, d677508c-6db9-4741-b51c-49af5e4cf22f:c4638]
2019-09-08 07:08:11,325 [grpc-default-executor-3] INFO  client.GrpcClientProtocolClient (GrpcClientProtocolClient.java:onNext(264)) - client-964B0EA39D34->4234af2c-5377-4886-a4e8-6fe45d0af45e: receive RaftClientReply:client-964B0EA39D34->4234af2c-5377-4886-a4e8-6fe45d0af45e@group-A1165329A1F1, cid=3104, SUCCESS, logIndex=4642, commits[4234af2c-5377-4886-a4e8-6fe45d0af45e:c4642, cef72988-acf5-49ad-9ec7-695a80e7a66d:c4638, d677508c-6db9-4741-b51c-49af5e4cf22f:c4638]
2019-09-08 07:08:11,346 [grpc-default-executor-3] INFO  client.GrpcClientProtocolClient (GrpcClientProtocolClient.java:onNext(264)) - client-964B0EA39D34->4234af2c-5377-4886-a4e8-6fe45d0af45e: receive RaftClientReply:client-964B0EA39D34->4234af2c-5377-4886-a4e8-6fe45d0af45e@group-A1165329A1F1, cid=3105, SUCCESS, logIndex=0, commits[4234af2c-5377-4886-a4e8-6fe45d0af45e:c4644, cef72988-acf5-49ad-9ec7-695a80e7a66d:c4640, d677508c-6db9-4741-b51c-49af5e4cf22f:c4640]
2019-09-08 07:08:11,362 [grpc-default-executor-0] INFO  client.GrpcClientProtocolClient (GrpcClientProtocolClient.java:onNext(264)) - client-964B0EA39D34->4234af2c-5377-4886-a4e8-6fe45d0af45e: receive RaftClientReply:client-964B0EA39D34->4234af2c-5377-4886-a4e8-6fe45d0af45e@group-A1165329A1F1, cid=3106, SUCCESS, logIndex=4647, commits[4234af2c-5377-4886-a4e8-6fe45d0af45e:c4648, cef72988-acf5-49ad-9ec7-695a80e7a66d:c4646, d677508c-6db9-4741-b51c-49af5e4cf22f:c4646]
2019-09-08 07:08:11,362 [grpc-default-executor-0] INFO  client.GrpcClientProtocolClient (GrpcClientProtocolClient.java:onNext(264)) - client-964B0EA39D34->4234af2c-5377-4886-a4e8-6fe45d0af45e: receive RaftClientReply:client-964B0EA39D34->4234af2c-5377-4886-a4e8-6fe45d0af45e@group-A1165329A1F1, cid=3107, SUCCESS, logIndex=4648, commits[4234af2c-5377-4886-a4e8-6fe45d0af45e:c4648, cef72988-acf5-49ad-9ec7-695a80e7a66d:c4646, d677508c-6db9-4741-b51c-49af5e4cf22f:c4646]
2019-09-08 07:08:11,389 [grpc-default-executor-3] INFO  client.GrpcClientProtocolClient (GrpcClientProtocolClient.java:onNext(264)) - client-964B0EA39D34->4234af2c-5377-4886-a4e8-6fe45d0af45e: receive RaftClientReply:client-964B0EA39D34->4234af2c-5377-4886-a4e8-6fe45d0af45e@group-A1165329A1F1, cid=3108, SUCCESS, logIndex=4651, commits[4234af2c-5377-4886-a4e8-6fe45d0af45e:c4651, cef72988-acf5-49ad-9ec7-695a80e7a66d:c4648, d677508c-6db9-4741-b51c-49af5e4cf22f:c4648]
2019-09-08 07:08:11,389 [grpc-default-executor-3] INFO  client.GrpcClientProtocolClient (GrpcClientProtocolClient.java:onNext(264)) - client-964B0EA39D34->4234af2c-5377-4886-a4e8-6fe45d0af45e: receive RaftClientReply:client-964B0EA39D34->4234af2c-5377-4886-a4e8-6fe45d0af45e@group-A1165329A1F1, cid=3109, SUCCESS, logIndex=4652, commits[4234af2c-5377-4886-a4e8-6fe45d0af45e:c4652, cef72988-acf5-49ad-9ec7-695a80e7a66d:c4648, d677508c-6db9-4741-b51c-49af5e4cf22f:c4648]
2019-09-08 07:08:11,415 [grpc-default-executor-0] INFO  client.GrpcClientProtocolClient (GrpcClientProtocolClient.java:onNext(264)) - client-964B0EA39D34->4234af2c-5377-4886-a4e8-6fe45d0af45e: receive RaftClientReply:client-964B0EA39D34->4234af2c-5377-4886-a4e8-6fe45d0af45e@group-A1165329A1F1, cid=3110, SUCCESS, logIndex=0, commits[4234af2c-5377-4886-a4e8-6fe45d0af45e:c4654, cef72988-acf5-49ad-9ec7-695a80e7a66d:c4652, d677508c-6db9-4741-b51c-49af5e4cf22f:c4652]
2019-09-08 07:08:11,454 [grpc-default-executor-4] INFO  client.GrpcClientProtocolClient (GrpcClientProtocolClient.java:onNext(264)) - client-964B0EA39D34->4234af2c-5377-4886-a4e8-6fe45d0af45e: receive RaftClientReply:client-964B0EA39D34->4234af2c-5377-4886-a4e8-6fe45d0af45e@group-A1165329A1F1, cid=3111, SUCCESS, logIndex=4655, commits[4234af2c-5377-4886-a4e8-6fe45d0af45e:c4656, cef72988-acf5-49ad-9ec7-695a80e7a66d:c4654, d677508c-6db9-4741-b51c-49af5e4cf22f:c4654]
2019-09-08 07:08:11,454 [grpc-default-executor-4] INFO  client.GrpcClientProtocolClient (GrpcClientProtocolClient.java:onNext(264)) - client-964B0EA39D34->4234af2c-5377-4886-a4e8-6fe45d0af45e: receive RaftClientReply:client-964B0EA39D34->4234af2c-5377-4886-a4e8-6fe45d0af45e@group-A1165329A1F1, cid=3112, SUCCESS, logIndex=4656, commits[4234af2c-5377-4886-a4e8-6fe45d0af45e:c4657, cef72988-acf5-49ad-9ec7-695a80e7a66d:c4654, d677508c-6db9-4741-b51c-49af5e4cf22f:c4654]
2019-09-08 07:08:11,455 [grpc-default-executor-4] INFO  client.GrpcClientProtocolClient (GrpcClientProtocolClient.java:onNext(264)) - client-964B0EA39D34->4234af2c-5377-4886-a4e8-6fe45d0af45e: receive RaftClientReply:client-964B0EA39D34->4234af2c-5377-4886-a4e8-6fe45d0af45e@group-A1165329A1F1, cid=3113, SUCCESS, logIndex=4657, commits[4234af2c-5377-4886-a4e8-6fe45d0af45e:c4658, cef72988-acf5-49ad-9ec7-695a80e7a66d:c4654, d677508c-6db9-4741-b51c-49af5e4cf22f:c4654]
2019-09-08 07:08:11,455 [grpc-default-executor-4] INFO  client.GrpcClientProtocolClient (GrpcClientProtocolClient.java:onNext(264)) - client-964B0EA39D34->4234af2c-5377-4886-a4e8-6fe45d0af45e: receive RaftClientReply:client-964B0EA39D34->4234af2c-5377-4886-a4e8-6fe45d0af45e@group-A1165329A1F1, cid=3114, SUCCESS, logIndex=4658, commits[4234af2c-5377-4886-a4e8-6fe45d0af45e:c4658, cef72988-acf5-49ad-9ec7-695a80e7a66d:c4654, d677508c-6db9-4741-b51c-49af5e4cf22f:c4654]
2019-09-08 07:08:11,457 [grpc-default-executor-4] INFO  client.GrpcClientProtocolClient (GrpcClientProtocolClient.java:onNext(264)) - client-964B0EA39D34->4234af2c-5377-4886-a4e8-6fe45d0af45e: receive RaftClientReply:client-964B0EA39D34->4234af2c-5377-4886-a4e8-6fe45d0af45e@group-A1165329A1F1, cid=3115, SUCCESS, logIndex=0, commits[4234af2c-5377-4886-a4e8-6fe45d0af45e:c4659, cef72988-acf5-49ad-9ec7-695a80e7a66d:c4656, d677508c-6db9-4741-b51c-49af5e4cf22f:c4656]
2019-09-08 07:08:11,496 [grpc-default-executor-3] INFO  client.GrpcClientProtocolClient (GrpcClientProtocolClient.java:onNext(264)) - client-964B0EA39D34->4234af2c-5377-4886-a4e8-6fe45d0af45e: receive RaftClientReply:client-964B0EA39D34->4234af2c-5377-4886-a4e8-6fe45d0af45e@group-A1165329A1F1, cid=3116, SUCCESS, logIndex=4663, commits[4234af2c-5377-4886-a4e8-6fe45d0af45e:c4664, cef72988-acf5-49ad-9ec7-695a80e7a66d:c4659, d677508c-6db9-4741-b51c-49af5e4cf22f:c4659]
2019-09-08 07:08:11,496 [grpc-default-executor-3] INFO  client.GrpcClientProtocolClient (GrpcClientProtocolClient.java:onNext(264)) - client-964B0EA39D34->4234af2c-5377-4886-a4e8-6fe45d0af45e: receive RaftClientReply:client-964B0EA39D34->4234af2c-5377-4886-a4e8-6fe45d0af45e@group-A1165329A1F1, cid=3117, SUCCESS, logIndex=4664, commits[4234af2c-5377-4886-a4e8-6fe45d0af45e:c4664, cef72988-acf5-49ad-9ec7-695a80e7a66d:c4659, d677508c-6db9-4741-b51c-49af5e4cf22f:c4659]
2019-09-08 07:08:11,515 [grpc-default-executor-6] INFO  client.GrpcClientProtocolClient (GrpcClientProtocolClient.java:onNext(264)) - client-964B0EA39D34->4234af2c-5377-4886-a4e8-6fe45d0af45e: receive RaftClientReply:client-964B0EA39D34->4234af2c-5377-4886-a4e8-6fe45d0af45e@group-A1165329A1F1, cid=3118, SUCCESS, logIndex=4667, commits[4234af2c-5377-4886-a4e8-6fe45d0af45e:c4667, cef72988-acf5-49ad-9ec7-695a80e7a66d:c4664, d677508c-6db9-4741-b51c-49af5e4cf22f:c4664]
2019-09-08 07:08:11,515 [grpc-default-executor-6] INFO  client.GrpcClientProtocolClient (GrpcClientProtocolClient.java:onNext(264)) - client-964B0EA39D34->4234af2c-5377-4886-a4e8-6fe45d0af45e: receive RaftClientReply:client-964B0EA39D34->4234af2c-5377-4886-a4e8-6fe45d0af45e@group-A1165329A1F1, cid=3119, SUCCESS, logIndex=4668, commits[4234af2c-5377-4886-a4e8-6fe45d0af45e:c4668, cef72988-acf5-49ad-9ec7-695a80e7a66d:c4664, d677508c-6db9-4741-b51c-49af5e4cf22f:c4664]
2019-09-08 07:08:11,535 [grpc-default-executor-3] INFO  client.GrpcClientProtocolClient (GrpcClientProtocolClient.java:onNext(264)) - client-964B0EA39D34->4234af2c-5377-4886-a4e8-6fe45d0af45e: receive RaftClientReply:client-964B0EA39D34->4234af2c-5377-4886-a4e8-6fe45d0af45e@group-A1165329A1F1, cid=3120, SUCCESS, logIndex=0, commits[4234af2c-5377-4886-a4e8-6fe45d0af45e:c4669, cef72988-acf5-49ad-9ec7-695a80e7a66d:c4668, d677508c-6db9-4741-b51c-49af5e4cf22f:c4668]
2019-09-08 07:08:11,565 [grpc-default-executor-3] INFO  client.GrpcClientProtocolClient (GrpcClientProtocolClient.java:onNext(264)) - client-964B0EA39D34->4234af2c-5377-4886-a4e8-6fe45d0af45e: receive RaftClientReply:client-964B0EA39D34->4234af2c-5377-4886-a4e8-6fe45d0af45e@group-A1165329A1F1, cid=3121, SUCCESS, logIndex=4671, commits[4234af2c-5377-4886-a4e8-6fe45d0af45e:c4671, cef72988-acf5-49ad-9ec7-695a80e7a66d:c4670, d677508c-6db9-4741-b51c-49af5e4cf22f:c4670]
2019-09-08 07:08:11,566 [grpc-default-executor-3] INFO  client.GrpcClientProtocolClient (GrpcClientProtocolClient.java:onNext(264)) - client-964B0EA39D34->4234af2c-5377-4886-a4e8-6fe45d0af45e: receive RaftClientReply:client-964B0EA39D34->4234af2c-5377-4886-a4e8-6fe45d0af45e@group-A1165329A1F1, cid=3122, SUCCESS, logIndex=4672, commits[4234af2c-5377-4886-a4e8-6fe45d0af45e:c4672, cef72988-acf5-49ad-9ec7-695a80e7a66d:c4670, d677508c-6db9-4741-b51c-49af5e4cf22f:c4670]
2019-09-08 07:08:11,575 [grpc-default-executor-3] INFO  client.GrpcClientProtocolClient (GrpcClientProtocolClient.java:onNext(264)) - client-964B0EA39D34->4234af2c-5377-4886-a4e8-6fe45d0af45e: receive RaftClientReply:client-964B0EA39D34->4234af2c-5377-4886-a4e8-6fe45d0af45e@group-A1165329A1F1, cid=3123, SUCCESS, logIndex=4673, commits[4234af2c-5377-4886-a4e8-6fe45d0af45e:c4674, cef72988-acf5-49ad-9ec7-695a80e7a66d:c4670, d677508c-6db9-4741-b51c-49af5e4cf22f:c4670]
2019-09-08 07:08:11,575 [grpc-default-executor-3] INFO  client.GrpcClientProtocolClient (GrpcClientProtocolClient.java:onNext(264)) - client-964B0EA39D34->4234af2c-5377-4886-a4e8-6fe45d0af45e: receive RaftClientReply:client-964B0EA39D34->4234af2c-5377-4886-a4e8-6fe45d0af45e@group-A1165329A1F1, cid=3124, SUCCESS, logIndex=4674, commits[4234af2c-5377-4886-a4e8-6fe45d0af45e:c4674, cef72988-acf5-49ad-9ec7-695a80e7a66d:c4670, d677508c-6db9-4741-b51c-49af5e4cf22f:c4670]
2019-09-08 07:08:11,590 [grpc-default-executor-6] INFO  client.GrpcClientProtocolClient (GrpcClientProtocolClient.java:onNext(264)) - client-964B0EA39D34->4234af2c-5377-4886-a4e8-6fe45d0af45e: receive RaftClientReply:client-964B0EA39D34->4234af2c-5377-4886-a4e8-6fe45d0af45e@group-A1165329A1F1, cid=3125, SUCCESS, logIndex=0, commits[4234af2c-5377-4886-a4e8-6fe45d0af45e:c4675, cef72988-acf5-49ad-9ec7-695a80e7a66d:c4672, d677508c-6db9-4741-b51c-49af5e4cf22f:c4672]
2019-09-08 07:08:11,606 [grpc-default-executor-3] INFO  client.GrpcClientProtocolClient (GrpcClientProtocolClient.java:onNext(264)) - client-964B0EA39D34->4234af2c-5377-4886-a4e8-6fe45d0af45e: receive RaftClientReply:client-964B0EA39D34->4234af2c-5377-4886-a4e8-6fe45d0af45e@group-A1165329A1F1, cid=3126, SUCCESS, logIndex=4679, commits[4234af2c-5377-4886-a4e8-6fe45d0af45e:c4680, cef72988-acf5-49ad-9ec7-695a80e7a66d:c4678, d677508c-6db9-4741-b51c-49af5e4cf22f:c4672]
2019-09-08 07:08:11,607 [grpc-default-executor-3] INFO  client.GrpcClientProtocolClient (GrpcClientProtocolClient.java:onNext(264)) - client-964B0EA39D34->4234af2c-5377-4886-a4e8-6fe45d0af45e: receive RaftClientReply:client-964B0EA39D34->4234af2c-5377-4886-a4e8-6fe45d0af45e@group-A1165329A1F1, cid=3127, SUCCESS, logIndex=4680, commits[4234af2c-5377-4886-a4e8-6fe45d0af45e:c4680, cef72988-acf5-49ad-9ec7-695a80e7a66d:c4678, d677508c-6db9-4741-b51c-49af5e4cf22f:c4678]
2019-09-08 07:08:11,628 [grpc-default-executor-6] INFO  client.GrpcClientProtocolClient (GrpcClientProtocolClient.java:onNext(264)) - client-964B0EA39D34->4234af2c-5377-4886-a4e8-6fe45d0af45e: receive RaftClientReply:client-964B0EA39D34->4234af2c-5377-4886-a4e8-6fe45d0af45e@group-A1165329A1F1, cid=3128, SUCCESS, logIndex=4683, commits[4234af2c-5377-4886-a4e8-6fe45d0af45e:c4683, cef72988-acf5-49ad-9ec7-695a80e7a66d:c4680, d677508c-6db9-4741-b51c-49af5e4cf22f:c4680]
2019-09-08 07:08:11,628 [grpc-default-executor-6] INFO  client.GrpcClientProtocolClient (GrpcClientProtocolClient.java:onNext(264)) - client-964B0EA39D34->4234af2c-5377-4886-a4e8-6fe45d0af45e: receive RaftClientReply:client-964B0EA39D34->4234af2c-5377-4886-a4e8-6fe45d0af45e@group-A1165329A1F1, cid=3129, SUCCESS, logIndex=4684, commits[4234af2c-5377-4886-a4e8-6fe45d0af45e:c4684, cef72988-acf5-49ad-9ec7-695a80e7a66d:c4680, d677508c-6db9-4741-b51c-49af5e4cf22f:c4680]
2019-09-08 07:08:11,641 [grpc-default-executor-6] INFO  client.GrpcClientProtocolClient (GrpcClientProtocolClient.java:onNext(264)) - client-964B0EA39D34->4234af2c-5377-4886-a4e8-6fe45d0af45e: receive RaftClientReply:client-964B0EA39D34->4234af2c-5377-4886-a4e8-6fe45d0af45e@group-A1165329A1F1, cid=3130, SUCCESS, logIndex=0, commits[4234af2c-5377-4886-a4e8-6fe45d0af45e:c4686, cef72988-acf5-49ad-9ec7-695a80e7a66d:c4684, d677508c-6db9-4741-b51c-49af5e4cf22f:c4684]
2019-09-08 07:08:11,667 [grpc-default-executor-3] INFO  client.GrpcClientProtocolClient (GrpcClientProtocolClient.java:onNext(264)) - client-964B0EA39D34->4234af2c-5377-4886-a4e8-6fe45d0af45e: receive RaftClientReply:client-964B0EA39D34->4234af2c-5377-4886-a4e8-6fe45d0af45e@group-A1165329A1F1, cid=3131, SUCCESS, logIndex=4687, commits[4234af2c-5377-4886-a4e8-6fe45d0af45e:c4688, cef72988-acf5-49ad-9ec7-695a80e7a66d:c4686, d677508c-6db9-4741-b51c-49af5e4cf22f:c4686]
2019-09-08 07:08:11,668 [grpc-default-executor-3] INFO  client.GrpcClientProtocolClient (GrpcClientProtocolClient.java:onNext(264)) - client-964B0EA39D34->4234af2c-5377-4886-a4e8-6fe45d0af45e: receive RaftClientReply:client-964B0EA39D34->4234af2c-5377-4886-a4e8-6fe45d0af45e@group-A1165329A1F1, cid=3132, SUCCESS, logIndex=4688, commits[4234af2c-5377-4886-a4e8-6fe45d0af45e:c4689, cef72988-acf5-49ad-9ec7-695a80e7a66d:c4686, d677508c-6db9-4741-b51c-49af5e4cf22f:c4686]
2019-09-08 07:08:11,668 [grpc-default-executor-3] INFO  client.GrpcClientProtocolClient (GrpcClientProtocolClient.java:onNext(264)) - client-964B0EA39D34->4234af2c-5377-4886-a4e8-6fe45d0af45e: receive RaftClientReply:client-964B0EA39D34->4234af2c-5377-4886-a4e8-6fe45d0af45e@group-A1165329A1F1, cid=3133, SUCCESS, logIndex=4689, commits[4234af2c-5377-4886-a4e8-6fe45d0af45e:c4690, cef72988-acf5-49ad-9ec7-695a80e7a66d:c4686, d677508c-6db9-4741-b51c-49af5e4cf22f:c4686]
2019-09-08 07:08:11,669 [grpc-default-executor-3] INFO  client.GrpcClientProtocolClient (GrpcClientProtocolClient.java:onNext(264)) - client-964B0EA39D34->4234af2c-5377-4886-a4e8-6fe45d0af45e: receive RaftClientReply:client-964B0EA39D34->4234af2c-5377-4886-a4e8-6fe45d0af45e@group-A1165329A1F1, cid=3134, SUCCESS, logIndex=4690, commits[4234af2c-5377-4886-a4e8-6fe45d0af45e:c4690, cef72988-acf5-49ad-9ec7-695a80e7a66d:c4686, d677508c-6db9-4741-b51c-49af5e4cf22f:c4686]
2019-09-08 07:08:11,681 [grpc-default-executor-3] INFO  client.GrpcClientProtocolClient (GrpcClientProtocolClient.java:onNext(264)) - client-964B0EA39D34->4234af2c-5377-4886-a4e8-6fe45d0af45e: receive RaftClientReply:client-964B0EA39D34->4234af2c-5377-4886-a4e8-6fe45d0af45e@group-A1165329A1F1, cid=3135, SUCCESS, logIndex=0, commits[4234af2c-5377-4886-a4e8-6fe45d0af45e:c4692, cef72988-acf5-49ad-9ec7-695a80e7a66d:c4688, d677508c-6db9-4741-b51c-49af5e4cf22f:c4688]
2019-09-08 07:08:11,693 [grpc-default-executor-4] INFO  client.GrpcClientProtocolClient (GrpcClientProtocolClient.java:onNext(264)) - client-964B0EA39D34->4234af2c-5377-4886-a4e8-6fe45d0af45e: receive RaftClientReply:client-964B0EA39D34->4234af2c-5377-4886-a4e8-6fe45d0af45e@group-A1165329A1F1, cid=3136, SUCCESS, logIndex=4695, commits[4234af2c-5377-4886-a4e8-6fe45d0af45e:c4696, cef72988-acf5-49ad-9ec7-695a80e7a66d:c4694, d677508c-6db9-4741-b51c-49af5e4cf22f:c4694]
2019-09-08 07:08:11,693 [grpc-default-executor-4] INFO  client.GrpcClientProtocolClient (GrpcClientProtocolClient.java:onNext(264)) - client-964B0EA39D34->4234af2c-5377-4886-a4e8-6fe45d0af45e: receive RaftClientReply:client-964B0EA39D34->4234af2c-5377-4886-a4e8-6fe45d0af45e@group-A1165329A1F1, cid=3137, SUCCESS, logIndex=4696, commits[4234af2c-5377-4886-a4e8-6fe45d0af45e:c4696, cef72988-acf5-49ad-9ec7-695a80e7a66d:c4694, d677508c-6db9-4741-b51c-49af5e4cf22f:c4694]
2019-09-08 07:08:11,706 [grpc-default-executor-0] INFO  client.GrpcClientProtocolClient (GrpcClientProtocolClient.java:onNext(264)) - client-964B0EA39D34->4234af2c-5377-4886-a4e8-6fe45d0af45e: receive RaftClientReply:client-964B0EA39D34->4234af2c-5377-4886-a4e8-6fe45d0af45e@group-A1165329A1F1, cid=3138, SUCCESS, logIndex=4699, commits[4234af2c-5377-4886-a4e8-6fe45d0af45e:c4700, cef72988-acf5-49ad-9ec7-695a80e7a66d:c4696, d677508c-6db9-4741-b51c-49af5e4cf22f:c4696]
2019-09-08 07:08:11,706 [grpc-default-executor-0] INFO  client.GrpcClientProtocolClient (GrpcClientProtocolClient.java:onNext(264)) - client-964B0EA39D34->4234af2c-5377-4886-a4e8-6fe45d0af45e: receive RaftClientReply:client-964B0EA39D34->4234af2c-5377-4886-a4e8-6fe45d0af45e@group-A1165329A1F1, cid=3139, SUCCESS, logIndex=4700, commits[4234af2c-5377-4886-a4e8-6fe45d0af45e:c4700, cef72988-acf5-49ad-9ec7-695a80e7a66d:c4696, d677508c-6db9-4741-b51c-49af5e4cf22f:c4696]
2019-09-08 07:08:11,719 [grpc-default-executor-0] INFO  client.GrpcClientProtocolClient (GrpcClientProtocolClient.java:onNext(264)) - client-964B0EA39D34->4234af2c-5377-4886-a4e8-6fe45d0af45e: receive RaftClientReply:client-964B0EA39D34->4234af2c-5377-4886-a4e8-6fe45d0af45e@group-A1165329A1F1, cid=3140, SUCCESS, logIndex=0, commits[4234af2c-5377-4886-a4e8-6fe45d0af45e:c4702, cef72988-acf5-49ad-9ec7-695a80e7a66d:c4700, d677508c-6db9-4741-b51c-49af5e4cf22f:c4700]
2019-09-08 07:08:11,741 [grpc-default-executor-6] INFO  client.GrpcClientProtocolClient (GrpcClientProtocolClient.java:onNext(264)) - client-964B0EA39D34->4234af2c-5377-4886-a4e8-6fe45d0af45e: receive RaftClientReply:client-964B0EA39D34->4234af2c-5377-4886-a4e8-6fe45d0af45e@group-A1165329A1F1, cid=3141, SUCCESS, logIndex=4703, commits[4234af2c-5377-4886-a4e8-6fe45d0af45e:c4704, cef72988-acf5-49ad-9ec7-695a80e7a66d:c4702, d677508c-6db9-4741-b51c-49af5e4cf22f:c4702]
2019-09-08 07:08:11,741 [grpc-default-executor-6] INFO  client.GrpcClientProtocolClient (GrpcClientProtocolClient.java:onNext(264)) - client-964B0EA39D34->4234af2c-5377-4886-a4e8-6fe45d0af45e: receive RaftClientReply:client-964B0EA39D34->4234af2c-5377-4886-a4e8-6fe45d0af45e@group-A1165329A1F1, cid=3142, SUCCESS, logIndex=4704, commits[4234af2c-5377-4886-a4e8-6fe45d0af45e:c4704, cef72988-acf5-49ad-9ec7-695a80e7a66d:c4702, d677508c-6db9-4741-b51c-49af5e4cf22f:c4702]
2019-09-08 07:08:11,742 [grpc-default-executor-6] INFO  client.GrpcClientProtocolClient (GrpcClientProtocolClient.java:onNext(264)) - client-964B0EA39D34->4234af2c-5377-4886-a4e8-6fe45d0af45e: receive RaftClientReply:client-964B0EA39D34->4234af2c-5377-4886-a4e8-6fe45d0af45e@group-A1165329A1F1, cid=3143, SUCCESS, logIndex=4705, commits[4234af2c-5377-4886-a4e8-6fe45d0af45e:c4706, cef72988-acf5-49ad-9ec7-695a80e7a66d:c4702, d677508c-6db9-4741-b51c-49af5e4cf22f:c4702]
2019-09-08 07:08:11,742 [grpc-default-executor-6] INFO  client.GrpcClientProtocolClient (GrpcClientProtocolClient.java:onNext(264)) - client-964B0EA39D34->4234af2c-5377-4886-a4e8-6fe45d0af45e: receive RaftClientReply:client-964B0EA39D34->4234af2c-5377-4886-a4e8-6fe45d0af45e@group-A1165329A1F1, cid=3144, SUCCESS, logIndex=4706, commits[4234af2c-5377-4886-a4e8-6fe45d0af45e:c4706, cef72988-acf5-49ad-9ec7-695a80e7a66d:c4702, d677508c-6db9-4741-b51c-49af5e4cf22f:c4702]
2019-09-08 07:08:11,743 [grpc-default-executor-6] INFO  client.GrpcClientProtocolClient (GrpcClientProtocolClient.java:onNext(264)) - client-964B0EA39D34->4234af2c-5377-4886-a4e8-6fe45d0af45e: receive RaftClientReply:client-964B0EA39D34->4234af2c-5377-4886-a4e8-6fe45d0af45e@group-A1165329A1F1, cid=3145, SUCCESS, logIndex=0, commits[4234af2c-5377-4886-a4e8-6fe45d0af45e:c4708, cef72988-acf5-49ad-9ec7-695a80e7a66d:c4704, d677508c-6db9-4741-b51c-49af5e4cf22f:c4704]
2019-09-08 07:08:11,754 [grpc-default-executor-6] INFO  client.GrpcClientProtocolClient (GrpcClientProtocolClient.java:onNext(264)) - client-964B0EA39D34->4234af2c-5377-4886-a4e8-6fe45d0af45e: receive RaftClientReply:client-964B0EA39D34->4234af2c-5377-4886-a4e8-6fe45d0af45e@group-A1165329A1F1, cid=3146, SUCCESS, logIndex=4711, commits[4234af2c-5377-4886-a4e8-6fe45d0af45e:c4712, cef72988-acf5-49ad-9ec7-695a80e7a66d:c4710, d677508c-6db9-4741-b51c-49af5e4cf22f:c4710]
2019-09-08 07:08:11,754 [grpc-default-executor-6] INFO  client.GrpcClientProtocolClient (GrpcClientProtocolClient.java:onNext(264)) - client-964B0EA39D34->4234af2c-5377-4886-a4e8-6fe45d0af45e: receive RaftClientReply:client-964B0EA39D34->4234af2c-5377-4886-a4e8-6fe45d0af45e@group-A1165329A1F1, cid=3147, SUCCESS, logIndex=4712, commits[4234af2c-5377-4886-a4e8-6fe45d0af45e:c4712, cef72988-acf5-49ad-9ec7-695a80e7a66d:c4710, d677508c-6db9-4741-b51c-49af5e4cf22f:c4710]
2019-09-08 07:08:11,769 [grpc-default-executor-0] INFO  client.GrpcClientProtocolClient (GrpcClientProtocolClient.java:onNext(264)) - client-964B0EA39D34->4234af2c-5377-4886-a4e8-6fe45d0af45e: receive RaftClientReply:client-964B0EA39D34->4234af2c-5377-4886-a4e8-6fe45d0af45e@group-A1165329A1F1, cid=3148, SUCCESS, logIndex=4715, commits[4234af2c-5377-4886-a4e8-6fe45d0af45e:c4716, cef72988-acf5-49ad-9ec7-695a80e7a66d:c4712, d677508c-6db9-4741-b51c-49af5e4cf22f:c4712]
2019-09-08 07:08:11,770 [grpc-default-executor-0] INFO  client.GrpcClientProtocolClient (GrpcClientProtocolClient.java:onNext(264)) - client-964B0EA39D34->4234af2c-5377-4886-a4e8-6fe45d0af45e: receive RaftClientReply:client-964B0EA39D34->4234af2c-5377-4886-a4e8-6fe45d0af45e@group-A1165329A1F1, cid=3149, SUCCESS, logIndex=4716, commits[4234af2c-5377-4886-a4e8-6fe45d0af45e:c4716, cef72988-acf5-49ad-9ec7-695a80e7a66d:c4712, d677508c-6db9-4741-b51c-49af5e4cf22f:c4712]
2019-09-08 07:08:11,782 [grpc-default-executor-0] INFO  client.GrpcClientProtocolClient (GrpcClientProtocolClient.java:onNext(264)) - client-964B0EA39D34->4234af2c-5377-4886-a4e8-6fe45d0af45e: receive RaftClientReply:client-964B0EA39D34->4234af2c-5377-4886-a4e8-6fe45d0af45e@group-A1165329A1F1, cid=3150, SUCCESS, logIndex=0, commits[4234af2c-5377-4886-a4e8-6fe45d0af45e:c4717, cef72988-acf5-49ad-9ec7-695a80e7a66d:c4716, d677508c-6db9-4741-b51c-49af5e4cf22f:c4716]
2019-09-08 07:08:11,813 [grpc-default-executor-4] INFO  client.GrpcClientProtocolClient (GrpcClientProtocolClient.java:onNext(264)) - client-964B0EA39D34->4234af2c-5377-4886-a4e8-6fe45d0af45e: receive RaftClientReply:client-964B0EA39D34->4234af2c-5377-4886-a4e8-6fe45d0af45e@group-A1165329A1F1, cid=3151, SUCCESS, logIndex=4719, commits[4234af2c-5377-4886-a4e8-6fe45d0af45e:c4720, cef72988-acf5-49ad-9ec7-695a80e7a66d:c4718, d677508c-6db9-4741-b51c-49af5e4cf22f:c4718]
2019-09-08 07:08:11,813 [grpc-default-executor-4] INFO  client.GrpcClientProtocolClient (GrpcClientProtocolClient.java:onNext(264)) - client-964B0EA39D34->4234af2c-5377-4886-a4e8-6fe45d0af45e: receive RaftClientReply:client-964B0EA39D34->4234af2c-5377-4886-a4e8-6fe45d0af45e@group-A1165329A1F1, cid=3152, SUCCESS, logIndex=4720, commits[4234af2c-5377-4886-a4e8-6fe45d0af45e:c4722, cef72988-acf5-49ad-9ec7-695a80e7a66d:c4718, d677508c-6db9-4741-b51c-49af5e4cf22f:c4718]
2019-09-08 07:08:11,813 [grpc-default-executor-4] INFO  client.GrpcClientProtocolClient (GrpcClientProtocolClient.java:onNext(264)) - client-964B0EA39D34->4234af2c-5377-4886-a4e8-6fe45d0af45e: receive RaftClientReply:client-964B0EA39D34->4234af2c-5377-4886-a4e8-6fe45d0af45e@group-A1165329A1F1, cid=3153, SUCCESS, logIndex=4721, commits[4234af2c-5377-4886-a4e8-6fe45d0af45e:c4722, cef72988-acf5-49ad-9ec7-695a80e7a66d:c4718, d677508c-6db9-4741-b51c-49af5e4cf22f:c4718]
2019-09-08 07:08:11,814 [grpc-default-executor-4] INFO  client.GrpcClientProtocolClient (GrpcClientProtocolClient.java:onNext(264)) - client-964B0EA39D34->4234af2c-5377-4886-a4e8-6fe45d0af45e: receive RaftClientReply:client-964B0EA39D34->4234af2c-5377-4886-a4e8-6fe45d0af45e@group-A1165329A1F1, cid=3154, SUCCESS, logIndex=4722, commits[4234af2c-5377-4886-a4e8-6fe45d0af45e:c4722, cef72988-acf5-49ad-9ec7-695a80e7a66d:c4718, d677508c-6db9-4741-b51c-49af5e4cf22f:c4718]
2019-09-08 07:08:11,824 [grpc-default-executor-4] INFO  client.GrpcClientProtocolClient (GrpcClientProtocolClient.java:onNext(264)) - client-964B0EA39D34->4234af2c-5377-4886-a4e8-6fe45d0af45e: receive RaftClientReply:client-964B0EA39D34->4234af2c-5377-4886-a4e8-6fe45d0af45e@group-A1165329A1F1, cid=3155, SUCCESS, logIndex=0, commits[4234af2c-5377-4886-a4e8-6fe45d0af45e:c4722, cef72988-acf5-49ad-9ec7-695a80e7a66d:c4720, d677508c-6db9-4741-b51c-49af5e4cf22f:c4720]
2019-09-08 07:08:11,842 [grpc-default-executor-0] INFO  client.GrpcClientProtocolClient (GrpcClientProtocolClient.java:onNext(264)) - client-964B0EA39D34->4234af2c-5377-4886-a4e8-6fe45d0af45e: receive RaftClientReply:client-964B0EA39D34->4234af2c-5377-4886-a4e8-6fe45d0af45e@group-A1165329A1F1, cid=3156, SUCCESS, logIndex=4727, commits[4234af2c-5377-4886-a4e8-6fe45d0af45e:c4728, cef72988-acf5-49ad-9ec7-695a80e7a66d:c4726, d677508c-6db9-4741-b51c-49af5e4cf22f:c4726]
2019-09-08 07:08:11,843 [grpc-default-executor-0] INFO  client.GrpcClientProtocolClient (GrpcClientProtocolClient.java:onNext(264)) - client-964B0EA39D34->4234af2c-5377-4886-a4e8-6fe45d0af45e: receive RaftClientReply:client-964B0EA39D34->4234af2c-5377-4886-a4e8-6fe45d0af45e@group-A1165329A1F1, cid=3157, SUCCESS, logIndex=4728, commits[4234af2c-5377-4886-a4e8-6fe45d0af45e:c4728, cef72988-acf5-49ad-9ec7-695a80e7a66d:c4726, d677508c-6db9-4741-b51c-49af5e4cf22f:c4726]
2019-09-08 07:08:11,856 [grpc-default-executor-4] INFO  client.GrpcClientProtocolClient (GrpcClientProtocolClient.java:onNext(264)) - client-964B0EA39D34->4234af2c-5377-4886-a4e8-6fe45d0af45e: receive RaftClientReply:client-964B0EA39D34->4234af2c-5377-4886-a4e8-6fe45d0af45e@group-A1165329A1F1, cid=3158, SUCCESS, logIndex=4731, commits[4234af2c-5377-4886-a4e8-6fe45d0af45e:c4731, cef72988-acf5-49ad-9ec7-695a80e7a66d:c4728, d677508c-6db9-4741-b51c-49af5e4cf22f:c4728]
2019-09-08 07:08:11,856 [grpc-default-executor-4] INFO  client.GrpcClientProtocolClient (GrpcClientProtocolClient.java:onNext(264)) - client-964B0EA39D34->4234af2c-5377-4886-a4e8-6fe45d0af45e: receive RaftClientReply:client-964B0EA39D34->4234af2c-5377-4886-a4e8-6fe45d0af45e@group-A1165329A1F1, cid=3159, SUCCESS, logIndex=4732, commits[4234af2c-5377-4886-a4e8-6fe45d0af45e:c4732, cef72988-acf5-49ad-9ec7-695a80e7a66d:c4728, d677508c-6db9-4741-b51c-49af5e4cf22f:c4728]
2019-09-08 07:08:11,872 [grpc-default-executor-4] INFO  client.GrpcClientProtocolClient (GrpcClientProtocolClient.java:onNext(264)) - client-964B0EA39D34->4234af2c-5377-4886-a4e8-6fe45d0af45e: receive RaftClientReply:client-964B0EA39D34->4234af2c-5377-4886-a4e8-6fe45d0af45e@group-A1165329A1F1, cid=3160, SUCCESS, logIndex=0, commits[4234af2c-5377-4886-a4e8-6fe45d0af45e:c4734, cef72988-acf5-49ad-9ec7-695a80e7a66d:c4732, d677508c-6db9-4741-b51c-49af5e4cf22f:c4732]
2019-09-08 07:08:12,073 [grpc-default-executor-0] INFO  client.GrpcClientProtocolClient (GrpcClientProtocolClient.java:onNext(264)) - client-964B0EA39D34->4234af2c-5377-4886-a4e8-6fe45d0af45e: receive RaftClientReply:client-964B0EA39D34->4234af2c-5377-4886-a4e8-6fe45d0af45e@group-A1165329A1F1, cid=3161, SUCCESS, logIndex=4735, commits[4234af2c-5377-4886-a4e8-6fe45d0af45e:c4736, cef72988-acf5-49ad-9ec7-695a80e7a66d:c4734, d677508c-6db9-4741-b51c-49af5e4cf22f:c4734]
2019-09-08 07:08:12,073 [grpc-default-executor-0] INFO  client.GrpcClientProtocolClient (GrpcClientProtocolClient.java:onNext(264)) - client-964B0EA39D34->4234af2c-5377-4886-a4e8-6fe45d0af45e: receive RaftClientReply:client-964B0EA39D34->4234af2c-5377-4886-a4e8-6fe45d0af45e@group-A1165329A1F1, cid=3162, SUCCESS, logIndex=4736, commits[4234af2c-5377-4886-a4e8-6fe45d0af45e:c4737, cef72988-acf5-49ad-9ec7-695a80e7a66d:c4734, d677508c-6db9-4741-b51c-49af5e4cf22f:c4734]
2019-09-08 07:08:12,073 [grpc-default-executor-0] INFO  client.GrpcClientProtocolClient (GrpcClientProtocolClient.java:onNext(264)) - client-964B0EA39D34->4234af2c-5377-4886-a4e8-6fe45d0af45e: receive RaftClientReply:client-964B0EA39D34->4234af2c-5377-4886-a4e8-6fe45d0af45e@group-A1165329A1F1, cid=3163, SUCCESS, logIndex=4737, commits[4234af2c-5377-4886-a4e8-6fe45d0af45e:c4738, cef72988-acf5-49ad-9ec7-695a80e7a66d:c4734, d677508c-6db9-4741-b51c-49af5e4cf22f:c4734]
2019-09-08 07:08:12,074 [grpc-default-executor-0] INFO  client.GrpcClientProtocolClient (GrpcClientProtocolClient.java:onNext(264)) - client-964B0EA39D34->4234af2c-5377-4886-a4e8-6fe45d0af45e: receive RaftClientReply:client-964B0EA39D34->4234af2c-5377-4886-a4e8-6fe45d0af45e@group-A1165329A1F1, cid=3164, SUCCESS, logIndex=4738, commits[4234af2c-5377-4886-a4e8-6fe45d0af45e:c4738, cef72988-acf5-49ad-9ec7-695a80e7a66d:c4734, d677508c-6db9-4741-b51c-49af5e4cf22f:c4734]
2019-09-08 07:08:12,087 [grpc-default-executor-0] INFO  client.GrpcClientProtocolClient (GrpcClientProtocolClient.java:onNext(264)) - client-964B0EA39D34->4234af2c-5377-4886-a4e8-6fe45d0af45e: receive RaftClientReply:client-964B0EA39D34->4234af2c-5377-4886-a4e8-6fe45d0af45e@group-A1165329A1F1, cid=3165, SUCCESS, logIndex=0, commits[4234af2c-5377-4886-a4e8-6fe45d0af45e:c4741, cef72988-acf5-49ad-9ec7-695a80e7a66d:c4737, d677508c-6db9-4741-b51c-49af5e4cf22f:c4736]
 0.00% |█                                                                                                    |  0/1 Time: 0:00:522019-09-08 07:08:12,107 [grpc-default-executor-4] INFO  client.GrpcClientProtocolClient (GrpcClientProtocolClient.java:onNext(264)) - client-964B0EA39D34->4234af2c-5377-4886-a4e8-6fe45d0af45e: receive RaftClientReply:client-964B0EA39D34->4234af2c-5377-4886-a4e8-6fe45d0af45e@group-A1165329A1F1, cid=3166, SUCCESS, logIndex=4743, commits[4234af2c-5377-4886-a4e8-6fe45d0af45e:c4744, cef72988-acf5-49ad-9ec7-695a80e7a66d:c4742, d677508c-6db9-4741-b51c-49af5e4cf22f:c4742]
2019-09-08 07:08:12,108 [grpc-default-executor-4] INFO  client.GrpcClientProtocolClient (GrpcClientProtocolClient.java:onNext(264)) - client-964B0EA39D34->4234af2c-5377-4886-a4e8-6fe45d0af45e: receive RaftClientReply:client-964B0EA39D34->4234af2c-5377-4886-a4e8-6fe45d0af45e@group-A1165329A1F1, cid=3167, SUCCESS, logIndex=4744, commits[4234af2c-5377-4886-a4e8-6fe45d0af45e:c4744, cef72988-acf5-49ad-9ec7-695a80e7a66d:c4742, d677508c-6db9-4741-b51c-49af5e4cf22f:c4742]
2019-09-08 07:08:12,121 [grpc-default-executor-0] INFO  client.GrpcClientProtocolClient (GrpcClientProtocolClient.java:onNext(264)) - client-964B0EA39D34->4234af2c-5377-4886-a4e8-6fe45d0af45e: receive RaftClientReply:client-964B0EA39D34->4234af2c-5377-4886-a4e8-6fe45d0af45e@group-A1165329A1F1, cid=3168, SUCCESS, logIndex=4747, commits[4234af2c-5377-4886-a4e8-6fe45d0af45e:c4748, cef72988-acf5-49ad-9ec7-695a80e7a66d:c4744, d677508c-6db9-4741-b51c-49af5e4cf22f:c4744]
2019-09-08 07:08:12,121 [grpc-default-executor-0] INFO  client.GrpcClientProtocolClient (GrpcClientProtocolClient.java:onNext(264)) - client-964B0EA39D34->4234af2c-5377-4886-a4e8-6fe45d0af45e: receive RaftClientReply:client-964B0EA39D34->4234af2c-5377-4886-a4e8-6fe45d0af45e@group-A1165329A1F1, cid=3169, SUCCESS, logIndex=4748, commits[4234af2c-5377-4886-a4e8-6fe45d0af45e:c4748, cef72988-acf5-49ad-9ec7-695a80e7a66d:c4744, d677508c-6db9-4741-b51c-49af5e4cf22f:c4744]
2019-09-08 07:08:12,133 [grpc-default-executor-0] INFO  client.GrpcClientProtocolClient (GrpcClientProtocolClient.java:onNext(264)) - client-964B0EA39D34->4234af2c-5377-4886-a4e8-6fe45d0af45e: receive RaftClientReply:client-964B0EA39D34->4234af2c-5377-4886-a4e8-6fe45d0af45e@group-A1165329A1F1, cid=3170, SUCCESS, logIndex=0, commits[4234af2c-5377-4886-a4e8-6fe45d0af45e:c4749, cef72988-acf5-49ad-9ec7-695a80e7a66d:c4748, d677508c-6db9-4741-b51c-49af5e4cf22f:c4748]
2019-09-08 07:08:12,165 [grpc-default-executor-4] INFO  client.GrpcClientProtocolClient (GrpcClientProtocolClient.java:onNext(264)) - client-964B0EA39D34->4234af2c-5377-4886-a4e8-6fe45d0af45e: receive RaftClientReply:client-964B0EA39D34->4234af2c-5377-4886-a4e8-6fe45d0af45e@group-A1165329A1F1, cid=3171, SUCCESS, logIndex=4751, commits[4234af2c-5377-4886-a4e8-6fe45d0af45e:c4753, cef72988-acf5-49ad-9ec7-695a80e7a66d:c4750, d677508c-6db9-4741-b51c-49af5e4cf22f:c4750]
2019-09-08 07:08:12,165 [grpc-default-executor-3] INFO  client.GrpcClientProtocolClient (GrpcClientProtocolClient.java:onNext(264)) - client-964B0EA39D34->4234af2c-5377-4886-a4e8-6fe45d0af45e: receive RaftClientReply:client-964B0EA39D34->4234af2c-5377-4886-a4e8-6fe45d0af45e@group-A1165329A1F1, cid=3172, SUCCESS, logIndex=4752, commits[4234af2c-5377-4886-a4e8-6fe45d0af45e:c4753, cef72988-acf5-49ad-9ec7-695a80e7a66d:c4750, d677508c-6db9-4741-b51c-49af5e4cf22f:c4750]
2019-09-08 07:08:12,166 [grpc-default-executor-3] INFO  client.GrpcClientProtocolClient (GrpcClientProtocolClient.java:onNext(264)) - client-964B0EA39D34->4234af2c-5377-4886-a4e8-6fe45d0af45e: receive RaftClientReply:client-964B0EA39D34->4234af2c-5377-4886-a4e8-6fe45d0af45e@group-A1165329A1F1, cid=3173, SUCCESS, logIndex=4753, commits[4234af2c-5377-4886-a4e8-6fe45d0af45e:c4753, cef72988-acf5-49ad-9ec7-695a80e7a66d:c4750, d677508c-6db9-4741-b51c-49af5e4cf22f:c4750]
2019-09-08 07:08:12,166 [grpc-default-executor-3] INFO  client.GrpcClientProtocolClient (GrpcClientProtocolClient.java:onNext(264)) - client-964B0EA39D34->4234af2c-5377-4886-a4e8-6fe45d0af45e: receive RaftClientReply:client-964B0EA39D34->4234af2c-5377-4886-a4e8-6fe45d0af45e@group-A1165329A1F1, cid=3174, SUCCESS, logIndex=4754, commits[4234af2c-5377-4886-a4e8-6fe45d0af45e:c4754, cef72988-acf5-49ad-9ec7-695a80e7a66d:c4750, d677508c-6db9-4741-b51c-49af5e4cf22f:c4750]
2019-09-08 07:08:12,177 [grpc-default-executor-3] INFO  client.GrpcClientProtocolClient (GrpcClientProtocolClient.java:onNext(264)) - client-964B0EA39D34->4234af2c-5377-4886-a4e8-6fe45d0af45e: receive RaftClientReply:client-964B0EA39D34->4234af2c-5377-4886-a4e8-6fe45d0af45e@group-A1165329A1F1, cid=3175, SUCCESS, logIndex=0, commits[4234af2c-5377-4886-a4e8-6fe45d0af45e:c4756, cef72988-acf5-49ad-9ec7-695a80e7a66d:c4752, d677508c-6db9-4741-b51c-49af5e4cf22f:c4752]
2019-09-08 07:08:12,195 [grpc-default-executor-4] INFO  client.GrpcClientProtocolClient (GrpcClientProtocolClient.java:onNext(264)) - client-964B0EA39D34->4234af2c-5377-4886-a4e8-6fe45d0af45e: receive RaftClientReply:client-964B0EA39D34->4234af2c-5377-4886-a4e8-6fe45d0af45e@group-A1165329A1F1, cid=3176, SUCCESS, logIndex=4759, commits[4234af2c-5377-4886-a4e8-6fe45d0af45e:c4760, cef72988-acf5-49ad-9ec7-695a80e7a66d:c4758, d677508c-6db9-4741-b51c-49af5e4cf22f:c4758]
2019-09-08 07:08:12,196 [grpc-default-executor-4] INFO  client.GrpcClientProtocolClient (GrpcClientProtocolClient.java:onNext(264)) - client-964B0EA39D34->4234af2c-5377-4886-a4e8-6fe45d0af45e: receive RaftClientReply:client-964B0EA39D34->4234af2c-5377-4886-a4e8-6fe45d0af45e@group-A1165329A1F1, cid=3177, SUCCESS, logIndex=4760, commits[4234af2c-5377-4886-a4e8-6fe45d0af45e:c4760, cef72988-acf5-49ad-9ec7-695a80e7a66d:c4758, d677508c-6db9-4741-b51c-49af5e4cf22f:c4758]
2019-09-08 07:08:12,210 [grpc-default-executor-0] INFO  client.GrpcClientProtocolClient (GrpcClientProtocolClient.java:onNext(264)) - client-964B0EA39D34->4234af2c-5377-4886-a4e8-6fe45d0af45e: receive RaftClientReply:client-964B0EA39D34->4234af2c-5377-4886-a4e8-6fe45d0af45e@group-A1165329A1F1, cid=3178, SUCCESS, logIndex=4763, commits[4234af2c-5377-4886-a4e8-6fe45d0af45e:c4763, cef72988-acf5-49ad-9ec7-695a80e7a66d:c4760, d677508c-6db9-4741-b51c-49af5e4cf22f:c4760]
2019-09-08 07:08:12,210 [grpc-default-executor-0] INFO  client.GrpcClientProtocolClient (GrpcClientProtocolClient.java:onNext(264)) - client-964B0EA39D34->4234af2c-5377-4886-a4e8-6fe45d0af45e: receive RaftClientReply:client-964B0EA39D34->4234af2c-5377-4886-a4e8-6fe45d0af45e@group-A1165329A1F1, cid=3179, SUCCESS, logIndex=4764, commits[4234af2c-5377-4886-a4e8-6fe45d0af45e:c4764, cef72988-acf5-49ad-9ec7-695a80e7a66d:c4760, d677508c-6db9-4741-b51c-49af5e4cf22f:c4760]
2019-09-08 07:08:12,224 [grpc-default-executor-0] INFO  client.GrpcClientProtocolClient (GrpcClientProtocolClient.java:onNext(264)) - client-964B0EA39D34->4234af2c-5377-4886-a4e8-6fe45d0af45e: receive RaftClientReply:client-964B0EA39D34->4234af2c-5377-4886-a4e8-6fe45d0af45e@group-A1165329A1F1, cid=3180, SUCCESS, logIndex=0, commits[4234af2c-5377-4886-a4e8-6fe45d0af45e:c4766, cef72988-acf5-49ad-9ec7-695a80e7a66d:c4764, d677508c-6db9-4741-b51c-49af5e4cf22f:c4764]
2019-09-08 07:08:12,253 [grpc-default-executor-0] INFO  client.GrpcClientProtocolClient (GrpcClientProtocolClient.java:onNext(264)) - client-964B0EA39D34->4234af2c-5377-4886-a4e8-6fe45d0af45e: receive RaftClientReply:client-964B0EA39D34->4234af2c-5377-4886-a4e8-6fe45d0af45e@group-A1165329A1F1, cid=3181, SUCCESS, logIndex=4767, commits[4234af2c-5377-4886-a4e8-6fe45d0af45e:c4768, cef72988-acf5-49ad-9ec7-695a80e7a66d:c4766, d677508c-6db9-4741-b51c-49af5e4cf22f:c4766]
2019-09-08 07:08:12,253 [grpc-default-executor-0] INFO  client.GrpcClientProtocolClient (GrpcClientProtocolClient.java:onNext(264)) - client-964B0EA39D34->4234af2c-5377-4886-a4e8-6fe45d0af45e: receive RaftClientReply:client-964B0EA39D34->4234af2c-5377-4886-a4e8-6fe45d0af45e@group-A1165329A1F1, cid=3182, SUCCESS, logIndex=4768, commits[4234af2c-5377-4886-a4e8-6fe45d0af45e:c4768, cef72988-acf5-49ad-9ec7-695a80e7a66d:c4766, d677508c-6db9-4741-b51c-49af5e4cf22f:c4766]
2019-09-08 07:08:12,253 [grpc-default-executor-0] INFO  client.GrpcClientProtocolClient (GrpcClientProtocolClient.java:onNext(264)) - client-964B0EA39D34->4234af2c-5377-4886-a4e8-6fe45d0af45e: receive RaftClientReply:client-964B0EA39D34->4234af2c-5377-4886-a4e8-6fe45d0af45e@group-A1165329A1F1, cid=3183, SUCCESS, logIndex=4769, commits[4234af2c-5377-4886-a4e8-6fe45d0af45e:c4770, cef72988-acf5-49ad-9ec7-695a80e7a66d:c4766, d677508c-6db9-4741-b51c-49af5e4cf22f:c4766]
2019-09-08 07:08:12,254 [grpc-default-executor-0] INFO  client.GrpcClientProtocolClient (GrpcClientProtocolClient.java:onNext(264)) - client-964B0EA39D34->4234af2c-5377-4886-a4e8-6fe45d0af45e: receive RaftClientReply:client-964B0EA39D34->4234af2c-5377-4886-a4e8-6fe45d0af45e@group-A1165329A1F1, cid=3184, SUCCESS, logIndex=4770, commits[4234af2c-5377-4886-a4e8-6fe45d0af45e:c4770, cef72988-acf5-49ad-9ec7-695a80e7a66d:c4766, d677508c-6db9-4741-b51c-49af5e4cf22f:c4766]
2019-09-08 07:08:12,254 [grpc-default-executor-0] INFO  client.GrpcClientProtocolClient (GrpcClientProtocolClient.java:onNext(264)) - client-964B0EA39D34->4234af2c-5377-4886-a4e8-6fe45d0af45e: receive RaftClientReply:client-964B0EA39D34->4234af2c-5377-4886-a4e8-6fe45d0af45e@group-A1165329A1F1, cid=3185, SUCCESS, logIndex=0, commits[4234af2c-5377-4886-a4e8-6fe45d0af45e:c4772, cef72988-acf5-49ad-9ec7-695a80e7a66d:c4768, d677508c-6db9-4741-b51c-49af5e4cf22f:c4768]
2019-09-08 07:08:12,309 [grpc-default-executor-0] INFO  client.GrpcClientProtocolClient (GrpcClientProtocolClient.java:onNext(264)) - client-964B0EA39D34->4234af2c-5377-4886-a4e8-6fe45d0af45e: receive RaftClientReply:client-964B0EA39D34->4234af2c-5377-4886-a4e8-6fe45d0af45e@group-A1165329A1F1, cid=3186, SUCCESS, logIndex=4775, commits[4234af2c-5377-4886-a4e8-6fe45d0af45e:c4776, cef72988-acf5-49ad-9ec7-695a80e7a66d:c4774, d677508c-6db9-4741-b51c-49af5e4cf22f:c4774]
2019-09-08 07:08:12,310 [grpc-default-executor-0] INFO  client.GrpcClientProtocolClient (GrpcClientProtocolClient.java:onNext(264)) - client-964B0EA39D34->4234af2c-5377-4886-a4e8-6fe45d0af45e: receive RaftClientReply:client-964B0EA39D34->4234af2c-5377-4886-a4e8-6fe45d0af45e@group-A1165329A1F1, cid=3187, SUCCESS, logIndex=4776, commits[4234af2c-5377-4886-a4e8-6fe45d0af45e:c4776, cef72988-acf5-49ad-9ec7-695a80e7a66d:c4774, d677508c-6db9-4741-b51c-49af5e4cf22f:c4774]
2019-09-08 07:08:12,324 [grpc-default-executor-3] INFO  client.GrpcClientProtocolClient (GrpcClientProtocolClient.java:onNext(264)) - client-964B0EA39D34->4234af2c-5377-4886-a4e8-6fe45d0af45e: receive RaftClientReply:client-964B0EA39D34->4234af2c-5377-4886-a4e8-6fe45d0af45e@group-A1165329A1F1, cid=3188, SUCCESS, logIndex=4779, commits[4234af2c-5377-4886-a4e8-6fe45d0af45e:c4780, cef72988-acf5-49ad-9ec7-695a80e7a66d:c4776, d677508c-6db9-4741-b51c-49af5e4cf22f:c4776]
2019-09-08 07:08:12,325 [grpc-default-executor-3] INFO  client.GrpcClientProtocolClient (GrpcClientProtocolClient.java:onNext(264)) - client-964B0EA39D34->4234af2c-5377-4886-a4e8-6fe45d0af45e: receive RaftClientReply:client-964B0EA39D34->4234af2c-5377-4886-a4e8-6fe45d0af45e@group-A1165329A1F1, cid=3189, SUCCESS, logIndex=4780, commits[4234af2c-5377-4886-a4e8-6fe45d0af45e:c4780, cef72988-acf5-49ad-9ec7-695a80e7a66d:c4776, d677508c-6db9-4741-b51c-49af5e4cf22f:c4776]
2019-09-08 07:08:12,338 [grpc-default-executor-3] INFO  client.GrpcClientProtocolClient (GrpcClientProtocolClient.java:onNext(264)) - client-964B0EA39D34->4234af2c-5377-4886-a4e8-6fe45d0af45e: receive RaftClientReply:client-964B0EA39D34->4234af2c-5377-4886-a4e8-6fe45d0af45e@group-A1165329A1F1, cid=3190, SUCCESS, logIndex=0, commits[4234af2c-5377-4886-a4e8-6fe45d0af45e:c4782, cef72988-acf5-49ad-9ec7-695a80e7a66d:c4780, d677508c-6db9-4741-b51c-49af5e4cf22f:c4780]
2019-09-08 07:08:12,370 [grpc-default-executor-0] INFO  client.GrpcClientProtocolClient (GrpcClientProtocolClient.java:onNext(264)) - client-964B0EA39D34->4234af2c-5377-4886-a4e8-6fe45d0af45e: receive RaftClientReply:client-964B0EA39D34->4234af2c-5377-4886-a4e8-6fe45d0af45e@group-A1165329A1F1, cid=3191, SUCCESS, logIndex=4783, commits[4234af2c-5377-4886-a4e8-6fe45d0af45e:c4784, cef72988-acf5-49ad-9ec7-695a80e7a66d:c4782, d677508c-6db9-4741-b51c-49af5e4cf22f:c4782]
2019-09-08 07:08:12,370 [grpc-default-executor-0] INFO  client.GrpcClientProtocolClient (GrpcClientProtocolClient.java:onNext(264)) - client-964B0EA39D34->4234af2c-5377-4886-a4e8-6fe45d0af45e: receive RaftClientReply:client-964B0EA39D34->4234af2c-5377-4886-a4e8-6fe45d0af45e@group-A1165329A1F1, cid=3192, SUCCESS, logIndex=4784, commits[4234af2c-5377-4886-a4e8-6fe45d0af45e:c4784, cef72988-acf5-49ad-9ec7-695a80e7a66d:c4782, d677508c-6db9-4741-b51c-49af5e4cf22f:c4782]
2019-09-08 07:08:12,380 [grpc-default-executor-6] INFO  client.GrpcClientProtocolClient (GrpcClientProtocolClient.java:onNext(264)) - client-964B0EA39D34->4234af2c-5377-4886-a4e8-6fe45d0af45e: receive RaftClientReply:client-964B0EA39D34->4234af2c-5377-4886-a4e8-6fe45d0af45e@group-A1165329A1F1, cid=3193, SUCCESS, logIndex=4785, commits[4234af2c-5377-4886-a4e8-6fe45d0af45e:c4786, cef72988-acf5-49ad-9ec7-695a80e7a66d:c4782, d677508c-6db9-4741-b51c-49af5e4cf22f:c4782]
2019-09-08 07:08:12,381 [grpc-default-executor-6] INFO  client.GrpcClientProtocolClient (GrpcClientProtocolClient.java:onNext(264)) - client-964B0EA39D34->4234af2c-5377-4886-a4e8-6fe45d0af45e: receive RaftClientReply:client-964B0EA39D34->4234af2c-5377-4886-a4e8-6fe45d0af45e@group-A1165329A1F1, cid=3194, SUCCESS, logIndex=4786, commits[4234af2c-5377-4886-a4e8-6fe45d0af45e:c4786, cef72988-acf5-49ad-9ec7-695a80e7a66d:c4782, d677508c-6db9-4741-b51c-49af5e4cf22f:c4782]
2019-09-08 07:08:12,395 [grpc-default-executor-0] INFO  client.GrpcClientProtocolClient (GrpcClientProtocolClient.java:onNext(264)) - client-964B0EA39D34->4234af2c-5377-4886-a4e8-6fe45d0af45e: receive RaftClientReply:client-964B0EA39D34->4234af2c-5377-4886-a4e8-6fe45d0af45e@group-A1165329A1F1, cid=3195, SUCCESS, logIndex=0, commits[4234af2c-5377-4886-a4e8-6fe45d0af45e:c4788, cef72988-acf5-49ad-9ec7-695a80e7a66d:c4784, d677508c-6db9-4741-b51c-49af5e4cf22f:c4784]
2019-09-08 07:08:12,419 [grpc-default-executor-6] INFO  client.GrpcClientProtocolClient (GrpcClientProtocolClient.java:onNext(264)) - client-964B0EA39D34->4234af2c-5377-4886-a4e8-6fe45d0af45e: receive RaftClientReply:client-964B0EA39D34->4234af2c-5377-4886-a4e8-6fe45d0af45e@group-A1165329A1F1, cid=3196, SUCCESS, logIndex=4790, commits[4234af2c-5377-4886-a4e8-6fe45d0af45e:c4791, cef72988-acf5-49ad-9ec7-695a80e7a66d:c4788, d677508c-6db9-4741-b51c-49af5e4cf22f:c4788]
2019-09-08 07:08:12,420 [grpc-default-executor-6] INFO  client.GrpcClientProtocolClient (GrpcClientProtocolClient.java:onNext(264)) - client-964B0EA39D34->4234af2c-5377-4886-a4e8-6fe45d0af45e: receive RaftClientReply:client-964B0EA39D34->4234af2c-5377-4886-a4e8-6fe45d0af45e@group-A1165329A1F1, cid=3197, SUCCESS, logIndex=4791, commits[4234af2c-5377-4886-a4e8-6fe45d0af45e:c4791, cef72988-acf5-49ad-9ec7-695a80e7a66d:c4788, d677508c-6db9-4741-b51c-49af5e4cf22f:c4788]
2019-09-08 07:08:12,448 [grpc-default-executor-0] INFO  client.GrpcClientProtocolClient (GrpcClientProtocolClient.java:onNext(264)) - client-964B0EA39D34->4234af2c-5377-4886-a4e8-6fe45d0af45e: receive RaftClientReply:client-964B0EA39D34->4234af2c-5377-4886-a4e8-6fe45d0af45e@group-A1165329A1F1, cid=3198, SUCCESS, logIndex=4794, commits[4234af2c-5377-4886-a4e8-6fe45d0af45e:c4795, cef72988-acf5-49ad-9ec7-695a80e7a66d:c4791, d677508c-6db9-4741-b51c-49af5e4cf22f:c4791]
2019-09-08 07:08:12,448 [grpc-default-executor-0] INFO  client.GrpcClientProtocolClient (GrpcClientProtocolClient.java:onNext(264)) - client-964B0EA39D34->4234af2c-5377-4886-a4e8-6fe45d0af45e: receive RaftClientReply:client-964B0EA39D34->4234af2c-5377-4886-a4e8-6fe45d0af45e@group-A1165329A1F1, cid=3199, SUCCESS, logIndex=4795, commits[4234af2c-5377-4886-a4e8-6fe45d0af45e:c4795, cef72988-acf5-49ad-9ec7-695a80e7a66d:c4791, d677508c-6db9-4741-b51c-49af5e4cf22f:c4791]
2019-09-08 07:08:12,468 [grpc-default-executor-0] INFO  client.GrpcClientProtocolClient (GrpcClientProtocolClient.java:onNext(264)) - client-964B0EA39D34->4234af2c-5377-4886-a4e8-6fe45d0af45e: receive RaftClientReply:client-964B0EA39D34->4234af2c-5377-4886-a4e8-6fe45d0af45e@group-A1165329A1F1, cid=3200, SUCCESS, logIndex=0, commits[4234af2c-5377-4886-a4e8-6fe45d0af45e:c4797, cef72988-acf5-49ad-9ec7-695a80e7a66d:c4795, d677508c-6db9-4741-b51c-49af5e4cf22f:c4795]
2019-09-08 07:08:12,499 [grpc-default-executor-3] INFO  client.GrpcClientProtocolClient (GrpcClientProtocolClient.java:onNext(264)) - client-964B0EA39D34->4234af2c-5377-4886-a4e8-6fe45d0af45e: receive RaftClientReply:client-964B0EA39D34->4234af2c-5377-4886-a4e8-6fe45d0af45e@group-A1165329A1F1, cid=3201, SUCCESS, logIndex=4798, commits[4234af2c-5377-4886-a4e8-6fe45d0af45e:c4799, cef72988-acf5-49ad-9ec7-695a80e7a66d:c4797, d677508c-6db9-4741-b51c-49af5e4cf22f:c4797]
2019-09-08 07:08:12,500 [grpc-default-executor-3] INFO  client.GrpcClientProtocolClient (GrpcClientProtocolClient.java:onNext(264)) - client-964B0EA39D34->4234af2c-5377-4886-a4e8-6fe45d0af45e: receive RaftClientReply:client-964B0EA39D34->4234af2c-5377-4886-a4e8-6fe45d0af45e@group-A1165329A1F1, cid=3202, SUCCESS, logIndex=4799, commits[4234af2c-5377-4886-a4e8-6fe45d0af45e:c4799, cef72988-acf5-49ad-9ec7-695a80e7a66d:c4797, d677508c-6db9-4741-b51c-49af5e4cf22f:c4797]
2019-09-08 07:08:12,500 [grpc-default-executor-3] INFO  client.GrpcClientProtocolClient (GrpcClientProtocolClient.java:onNext(264)) - client-964B0EA39D34->4234af2c-5377-4886-a4e8-6fe45d0af45e: receive RaftClientReply:client-964B0EA39D34->4234af2c-5377-4886-a4e8-6fe45d0af45e@group-A1165329A1F1, cid=3203, SUCCESS, logIndex=4800, commits[4234af2c-5377-4886-a4e8-6fe45d0af45e:c4801, cef72988-acf5-49ad-9ec7-695a80e7a66d:c4797, d677508c-6db9-4741-b51c-49af5e4cf22f:c4797]
2019-09-08 07:08:12,500 [grpc-default-executor-3] INFO  client.GrpcClientProtocolClient (GrpcClientProtocolClient.java:onNext(264)) - client-964B0EA39D34->4234af2c-5377-4886-a4e8-6fe45d0af45e: receive RaftClientReply:client-964B0EA39D34->4234af2c-5377-4886-a4e8-6fe45d0af45e@group-A1165329A1F1, cid=3204, SUCCESS, logIndex=4801, commits[4234af2c-5377-4886-a4e8-6fe45d0af45e:c4801, cef72988-acf5-49ad-9ec7-695a80e7a66d:c4797, d677508c-6db9-4741-b51c-49af5e4cf22f:c4797]
2019-09-08 07:08:12,502 [grpc-default-executor-3] INFO  client.GrpcClientProtocolClient (GrpcClientProtocolClient.java:onNext(264)) - client-964B0EA39D34->4234af2c-5377-4886-a4e8-6fe45d0af45e: receive RaftClientReply:client-964B0EA39D34->4234af2c-5377-4886-a4e8-6fe45d0af45e@group-A1165329A1F1, cid=3205, SUCCESS, logIndex=0, commits[4234af2c-5377-4886-a4e8-6fe45d0af45e:c4803, cef72988-acf5-49ad-9ec7-695a80e7a66d:c4799, d677508c-6db9-4741-b51c-49af5e4cf22f:c4799]
2019-09-08 07:08:12,526 [grpc-default-executor-3] INFO  client.GrpcClientProtocolClient (GrpcClientProtocolClient.java:onNext(264)) - client-964B0EA39D34->4234af2c-5377-4886-a4e8-6fe45d0af45e: receive RaftClientReply:client-964B0EA39D34->4234af2c-5377-4886-a4e8-6fe45d0af45e@group-A1165329A1F1, cid=3206, SUCCESS, logIndex=4806, commits[4234af2c-5377-4886-a4e8-6fe45d0af45e:c4807, cef72988-acf5-49ad-9ec7-695a80e7a66d:c4805, d677508c-6db9-4741-b51c-49af5e4cf22f:c4805]
2019-09-08 07:08:12,527 [grpc-default-executor-3] INFO  client.GrpcClientProtocolClient (GrpcClientProtocolClient.java:onNext(264)) - client-964B0EA39D34->4234af2c-5377-4886-a4e8-6fe45d0af45e: receive RaftClientReply:client-964B0EA39D34->4234af2c-5377-4886-a4e8-6fe45d0af45e@group-A1165329A1F1, cid=3207, SUCCESS, logIndex=4807, commits[4234af2c-5377-4886-a4e8-6fe45d0af45e:c4807, cef72988-acf5-49ad-9ec7-695a80e7a66d:c4805, d677508c-6db9-4741-b51c-49af5e4cf22f:c4805]
2019-09-08 07:08:12,543 [grpc-default-executor-0] INFO  client.GrpcClientProtocolClient (GrpcClientProtocolClient.java:onNext(264)) - client-964B0EA39D34->4234af2c-5377-4886-a4e8-6fe45d0af45e: receive RaftClientReply:client-964B0EA39D34->4234af2c-5377-4886-a4e8-6fe45d0af45e@group-A1165329A1F1, cid=3208, SUCCESS, logIndex=4810, commits[4234af2c-5377-4886-a4e8-6fe45d0af45e:c4811, cef72988-acf5-49ad-9ec7-695a80e7a66d:c4806, d677508c-6db9-4741-b51c-49af5e4cf22f:c4807]
2019-09-08 07:08:12,543 [grpc-default-executor-0] INFO  client.GrpcClientProtocolClient (GrpcClientProtocolClient.java:onNext(264)) - client-964B0EA39D34->4234af2c-5377-4886-a4e8-6fe45d0af45e: receive RaftClientReply:client-964B0EA39D34->4234af2c-5377-4886-a4e8-6fe45d0af45e@group-A1165329A1F1, cid=3209, SUCCESS, logIndex=4811, commits[4234af2c-5377-4886-a4e8-6fe45d0af45e:c4811, cef72988-acf5-49ad-9ec7-695a80e7a66d:c4807, d677508c-6db9-4741-b51c-49af5e4cf22f:c4807]
2019-09-08 07:08:12,556 [grpc-default-executor-0] INFO  client.GrpcClientProtocolClient (GrpcClientProtocolClient.java:onNext(264)) - client-964B0EA39D34->4234af2c-5377-4886-a4e8-6fe45d0af45e: receive RaftClientReply:client-964B0EA39D34->4234af2c-5377-4886-a4e8-6fe45d0af45e@group-A1165329A1F1, cid=3210, SUCCESS, logIndex=0, commits[4234af2c-5377-4886-a4e8-6fe45d0af45e:c4812, cef72988-acf5-49ad-9ec7-695a80e7a66d:c4811, d677508c-6db9-4741-b51c-49af5e4cf22f:c4811]
2019-09-08 07:08:12,588 [grpc-default-executor-3] INFO  client.GrpcClientProtocolClient (GrpcClientProtocolClient.java:onNext(264)) - client-964B0EA39D34->4234af2c-5377-4886-a4e8-6fe45d0af45e: receive RaftClientReply:client-964B0EA39D34->4234af2c-5377-4886-a4e8-6fe45d0af45e@group-A1165329A1F1, cid=3211, SUCCESS, logIndex=4813, commits[4234af2c-5377-4886-a4e8-6fe45d0af45e:c4814, cef72988-acf5-49ad-9ec7-695a80e7a66d:c4812, d677508c-6db9-4741-b51c-49af5e4cf22f:c4812]
2019-09-08 07:08:12,588 [grpc-default-executor-3] INFO  client.GrpcClientProtocolClient (GrpcClientProtocolClient.java:onNext(264)) - client-964B0EA39D34->4234af2c-5377-4886-a4e8-6fe45d0af45e: receive RaftClientReply:client-964B0EA39D34->4234af2c-5377-4886-a4e8-6fe45d0af45e@group-A1165329A1F1, cid=3212, SUCCESS, logIndex=4814, commits[4234af2c-5377-4886-a4e8-6fe45d0af45e:c4816, cef72988-acf5-49ad-9ec7-695a80e7a66d:c4812, d677508c-6db9-4741-b51c-49af5e4cf22f:c4812]
2019-09-08 07:08:12,589 [grpc-default-executor-3] INFO  client.GrpcClientProtocolClient (GrpcClientProtocolClient.java:onNext(264)) - client-964B0EA39D34->4234af2c-5377-4886-a4e8-6fe45d0af45e: receive RaftClientReply:client-964B0EA39D34->4234af2c-5377-4886-a4e8-6fe45d0af45e@group-A1165329A1F1, cid=3213, SUCCESS, logIndex=4815, commits[4234af2c-5377-4886-a4e8-6fe45d0af45e:c4816, cef72988-acf5-49ad-9ec7-695a80e7a66d:c4812, d677508c-6db9-4741-b51c-49af5e4cf22f:c4812]
2019-09-08 07:08:12,589 [grpc-default-executor-3] INFO  client.GrpcClientProtocolClient (GrpcClientProtocolClient.java:onNext(264)) - client-964B0EA39D34->4234af2c-5377-4886-a4e8-6fe45d0af45e: receive RaftClientReply:client-964B0EA39D34->4234af2c-5377-4886-a4e8-6fe45d0af45e@group-A1165329A1F1, cid=3214, SUCCESS, logIndex=4816, commits[4234af2c-5377-4886-a4e8-6fe45d0af45e:c4816, cef72988-acf5-49ad-9ec7-695a80e7a66d:c4812, d677508c-6db9-4741-b51c-49af5e4cf22f:c4812]
2019-09-08 07:08:12,601 [grpc-default-executor-3] INFO  client.GrpcClientProtocolClient (GrpcClientProtocolClient.java:onNext(264)) - client-964B0EA39D34->4234af2c-5377-4886-a4e8-6fe45d0af45e: receive RaftClientReply:client-964B0EA39D34->4234af2c-5377-4886-a4e8-6fe45d0af45e@group-A1165329A1F1, cid=3215, SUCCESS, logIndex=0, commits[4234af2c-5377-4886-a4e8-6fe45d0af45e:c4818, cef72988-acf5-49ad-9ec7-695a80e7a66d:c4814, d677508c-6db9-4741-b51c-49af5e4cf22f:c4814]
2019-09-08 07:08:12,621 [grpc-default-executor-0] INFO  client.GrpcClientProtocolClient (GrpcClientProtocolClient.java:onNext(264)) - client-964B0EA39D34->4234af2c-5377-4886-a4e8-6fe45d0af45e: receive RaftClientReply:client-964B0EA39D34->4234af2c-5377-4886-a4e8-6fe45d0af45e@group-A1165329A1F1, cid=3216, SUCCESS, logIndex=4820, commits[4234af2c-5377-4886-a4e8-6fe45d0af45e:c4821, cef72988-acf5-49ad-9ec7-695a80e7a66d:c4819, d677508c-6db9-4741-b51c-49af5e4cf22f:c4819]
2019-09-08 07:08:12,622 [grpc-default-executor-0] INFO  client.GrpcClientProtocolClient (GrpcClientProtocolClient.java:onNext(264)) - client-964B0EA39D34->4234af2c-5377-4886-a4e8-6fe45d0af45e: receive RaftClientReply:client-964B0EA39D34->4234af2c-5377-4886-a4e8-6fe45d0af45e@group-A1165329A1F1, cid=3217, SUCCESS, logIndex=4821, commits[4234af2c-5377-4886-a4e8-6fe45d0af45e:c4821, cef72988-acf5-49ad-9ec7-695a80e7a66d:c4819, d677508c-6db9-4741-b51c-49af5e4cf22f:c4819]
2019-09-08 07:08:12,648 [grpc-default-executor-6] INFO  client.GrpcClientProtocolClient (GrpcClientProtocolClient.java:onNext(264)) - client-964B0EA39D34->4234af2c-5377-4886-a4e8-6fe45d0af45e: receive RaftClientReply:client-964B0EA39D34->4234af2c-5377-4886-a4e8-6fe45d0af45e@group-A1165329A1F1, cid=3218, SUCCESS, logIndex=4824, commits[4234af2c-5377-4886-a4e8-6fe45d0af45e:c4825, cef72988-acf5-49ad-9ec7-695a80e7a66d:c4821, d677508c-6db9-4741-b51c-49af5e4cf22f:c4821]
2019-09-08 07:08:12,648 [grpc-default-executor-6] INFO  client.GrpcClientProtocolClient (GrpcClientProtocolClient.java:onNext(264)) - client-964B0EA39D34->4234af2c-5377-4886-a4e8-6fe45d0af45e: receive RaftClientReply:client-964B0EA39D34->4234af2c-5377-4886-a4e8-6fe45d0af45e@group-A1165329A1F1, cid=3219, SUCCESS, logIndex=4825, commits[4234af2c-5377-4886-a4e8-6fe45d0af45e:c4825, cef72988-acf5-49ad-9ec7-695a80e7a66d:c4821, d677508c-6db9-4741-b51c-49af5e4cf22f:c4821]
2019-09-08 07:08:12,662 [grpc-default-executor-6] INFO  client.GrpcClientProtocolClient (GrpcClientProtocolClient.java:onNext(264)) - client-964B0EA39D34->4234af2c-5377-4886-a4e8-6fe45d0af45e: receive RaftClientReply:client-964B0EA39D34->4234af2c-5377-4886-a4e8-6fe45d0af45e@group-A1165329A1F1, cid=3220, SUCCESS, logIndex=0, commits[4234af2c-5377-4886-a4e8-6fe45d0af45e:c4826, cef72988-acf5-49ad-9ec7-695a80e7a66d:c4825, d677508c-6db9-4741-b51c-49af5e4cf22f:c4825]
2019-09-08 07:08:12,691 [grpc-default-executor-4] INFO  client.GrpcClientProtocolClient (GrpcClientProtocolClient.java:onNext(264)) - client-964B0EA39D34->4234af2c-5377-4886-a4e8-6fe45d0af45e: receive RaftClientReply:client-964B0EA39D34->4234af2c-5377-4886-a4e8-6fe45d0af45e@group-A1165329A1F1, cid=3221, SUCCESS, logIndex=4828, commits[4234af2c-5377-4886-a4e8-6fe45d0af45e:c4829, cef72988-acf5-49ad-9ec7-695a80e7a66d:c4827, d677508c-6db9-4741-b51c-49af5e4cf22f:c4825]
2019-09-08 07:08:12,692 [grpc-default-executor-4] INFO  client.GrpcClientProtocolClient (GrpcClientProtocolClient.java:onNext(264)) - client-964B0EA39D34->4234af2c-5377-4886-a4e8-6fe45d0af45e: receive RaftClientReply:client-964B0EA39D34->4234af2c-5377-4886-a4e8-6fe45d0af45e@group-A1165329A1F1, cid=3222, SUCCESS, logIndex=4829, commits[4234af2c-5377-4886-a4e8-6fe45d0af45e:c4831, cef72988-acf5-49ad-9ec7-695a80e7a66d:c4827, d677508c-6db9-4741-b51c-49af5e4cf22f:c4827]
2019-09-08 07:08:12,692 [grpc-default-executor-4] INFO  client.GrpcClientProtocolClient (GrpcClientProtocolClient.java:onNext(264)) - client-964B0EA39D34->4234af2c-5377-4886-a4e8-6fe45d0af45e: receive RaftClientReply:client-964B0EA39D34->4234af2c-5377-4886-a4e8-6fe45d0af45e@group-A1165329A1F1, cid=3223, SUCCESS, logIndex=4830, commits[4234af2c-5377-4886-a4e8-6fe45d0af45e:c4831, cef72988-acf5-49ad-9ec7-695a80e7a66d:c4827, d677508c-6db9-4741-b51c-49af5e4cf22f:c4827]
2019-09-08 07:08:12,692 [grpc-default-executor-0] INFO  client.GrpcClientProtocolClient (GrpcClientProtocolClient.java:onNext(264)) - client-964B0EA39D34->4234af2c-5377-4886-a4e8-6fe45d0af45e: receive RaftClientReply:client-964B0EA39D34->4234af2c-5377-4886-a4e8-6fe45d0af45e@group-A1165329A1F1, cid=3224, SUCCESS, logIndex=4831, commits[4234af2c-5377-4886-a4e8-6fe45d0af45e:c4831, cef72988-acf5-49ad-9ec7-695a80e7a66d:c4827, d677508c-6db9-4741-b51c-49af5e4cf22f:c4827]
2019-09-08 07:08:12,693 [grpc-default-executor-0] INFO  client.GrpcClientProtocolClient (GrpcClientProtocolClient.java:onNext(264)) - client-964B0EA39D34->4234af2c-5377-4886-a4e8-6fe45d0af45e: receive RaftClientReply:client-964B0EA39D34->4234af2c-5377-4886-a4e8-6fe45d0af45e@group-A1165329A1F1, cid=3225, SUCCESS, logIndex=0, commits[4234af2c-5377-4886-a4e8-6fe45d0af45e:c4832, cef72988-acf5-49ad-9ec7-695a80e7a66d:c4829, d677508c-6db9-4741-b51c-49af5e4cf22f:c4829]
2019-09-08 07:08:12,711 [grpc-default-executor-4] INFO  client.GrpcClientProtocolClient (GrpcClientProtocolClient.java:onNext(264)) - client-964B0EA39D34->4234af2c-5377-4886-a4e8-6fe45d0af45e: receive RaftClientReply:client-964B0EA39D34->4234af2c-5377-4886-a4e8-6fe45d0af45e@group-A1165329A1F1, cid=3226, SUCCESS, logIndex=4835, commits[4234af2c-5377-4886-a4e8-6fe45d0af45e:c4836, cef72988-acf5-49ad-9ec7-695a80e7a66d:c4834, d677508c-6db9-4741-b51c-49af5e4cf22f:c4834]
2019-09-08 07:08:12,711 [grpc-default-executor-4] INFO  client.GrpcClientProtocolClient (GrpcClientProtocolClient.java:onNext(264)) - client-964B0EA39D34->4234af2c-5377-4886-a4e8-6fe45d0af45e: receive RaftClientReply:client-964B0EA39D34->4234af2c-5377-4886-a4e8-6fe45d0af45e@group-A1165329A1F1, cid=3227, SUCCESS, logIndex=4836, commits[4234af2c-5377-4886-a4e8-6fe45d0af45e:c4836, cef72988-acf5-49ad-9ec7-695a80e7a66d:c4834, d677508c-6db9-4741-b51c-49af5e4cf22f:c4834]
2019-09-08 07:08:12,730 [grpc-default-executor-4] INFO  client.GrpcClientProtocolClient (GrpcClientProtocolClient.java:onNext(264)) - client-964B0EA39D34->4234af2c-5377-4886-a4e8-6fe45d0af45e: receive RaftClientReply:client-964B0EA39D34->4234af2c-5377-4886-a4e8-6fe45d0af45e@group-A1165329A1F1, cid=3228, SUCCESS, logIndex=4839, commits[4234af2c-5377-4886-a4e8-6fe45d0af45e:c4840, cef72988-acf5-49ad-9ec7-695a80e7a66d:c4836, d677508c-6db9-4741-b51c-49af5e4cf22f:c4838]
2019-09-08 07:08:12,731 [grpc-default-executor-4] INFO  client.GrpcClientProtocolClient (GrpcClientProtocolClient.java:onNext(264)) - client-964B0EA39D34->4234af2c-5377-4886-a4e8-6fe45d0af45e: receive RaftClientReply:client-964B0EA39D34->4234af2c-5377-4886-a4e8-6fe45d0af45e@group-A1165329A1F1, cid=3229, SUCCESS, logIndex=4840, commits[4234af2c-5377-4886-a4e8-6fe45d0af45e:c4840, cef72988-acf5-49ad-9ec7-695a80e7a66d:c4838, d677508c-6db9-4741-b51c-49af5e4cf22f:c4838]
2019-09-08 07:08:12,734 [grpc-default-executor-3] INFO  client.GrpcClientProtocolClient (GrpcClientProtocolClient.java:onNext(264)) - client-964B0EA39D34->4234af2c-5377-4886-a4e8-6fe45d0af45e: receive RaftClientReply:client-964B0EA39D34->4234af2c-5377-4886-a4e8-6fe45d0af45e@group-A1165329A1F1, cid=3230, SUCCESS, logIndex=0, commits[4234af2c-5377-4886-a4e8-6fe45d0af45e:c4842, cef72988-acf5-49ad-9ec7-695a80e7a66d:c4840, d677508c-6db9-4741-b51c-49af5e4cf22f:c4840]
2019-09-08 07:08:12,752 [grpc-default-executor-0] INFO  client.GrpcClientProtocolClient (GrpcClientProtocolClient.java:onNext(264)) - client-964B0EA39D34->4234af2c-5377-4886-a4e8-6fe45d0af45e: receive RaftClientReply:client-964B0EA39D34->4234af2c-5377-4886-a4e8-6fe45d0af45e@group-A1165329A1F1, cid=3231, SUCCESS, logIndex=4843, commits[4234af2c-5377-4886-a4e8-6fe45d0af45e:c4844, cef72988-acf5-49ad-9ec7-695a80e7a66d:c4842, d677508c-6db9-4741-b51c-49af5e4cf22f:c4840]
2019-09-08 07:08:12,753 [grpc-default-executor-3] INFO  client.GrpcClientProtocolClient (GrpcClientProtocolClient.java:onNext(264)) - client-964B0EA39D34->4234af2c-5377-4886-a4e8-6fe45d0af45e: receive RaftClientReply:client-964B0EA39D34->4234af2c-5377-4886-a4e8-6fe45d0af45e@group-A1165329A1F1, cid=3232, SUCCESS, logIndex=4844, commits[4234af2c-5377-4886-a4e8-6fe45d0af45e:c4844, cef72988-acf5-49ad-9ec7-695a80e7a66d:c4842, d677508c-6db9-4741-b51c-49af5e4cf22f:c4840]
2019-09-08 07:08:12,753 [grpc-default-executor-3] INFO  client.GrpcClientProtocolClient (GrpcClientProtocolClient.java:onNext(264)) - client-964B0EA39D34->4234af2c-5377-4886-a4e8-6fe45d0af45e: receive RaftClientReply:client-964B0EA39D34->4234af2c-5377-4886-a4e8-6fe45d0af45e@group-A1165329A1F1, cid=3233, SUCCESS, logIndex=4845, commits[4234af2c-5377-4886-a4e8-6fe45d0af45e:c4845, cef72988-acf5-49ad-9ec7-695a80e7a66d:c4842, d677508c-6db9-4741-b51c-49af5e4cf22f:c4842]
2019-09-08 07:08:12,754 [grpc-default-executor-3] INFO  client.GrpcClientProtocolClient (GrpcClientProtocolClient.java:onNext(264)) - client-964B0EA39D34->4234af2c-5377-4886-a4e8-6fe45d0af45e: receive RaftClientReply:client-964B0EA39D34->4234af2c-5377-4886-a4e8-6fe45d0af45e@group-A1165329A1F1, cid=3234, SUCCESS, logIndex=4846, commits[4234af2c-5377-4886-a4e8-6fe45d0af45e:c4847, cef72988-acf5-49ad-9ec7-695a80e7a66d:c4843, d677508c-6db9-4741-b51c-49af5e4cf22f:c4842]
2019-09-08 07:08:12,755 [grpc-default-executor-3] INFO  client.GrpcClientProtocolClient (GrpcClientProtocolClient.java:onNext(264)) - client-964B0EA39D34->4234af2c-5377-4886-a4e8-6fe45d0af45e: receive RaftClientReply:client-964B0EA39D34->4234af2c-5377-4886-a4e8-6fe45d0af45e@group-A1165329A1F1, cid=3235, SUCCESS, logIndex=0, commits[4234af2c-5377-4886-a4e8-6fe45d0af45e:c4848, cef72988-acf5-49ad-9ec7-695a80e7a66d:c4844, d677508c-6db9-4741-b51c-49af5e4cf22f:c4844]
2019-09-08 07:08:12,777 [grpc-default-executor-3] INFO  client.GrpcClientProtocolClient (GrpcClientProtocolClient.java:onNext(264)) - client-964B0EA39D34->4234af2c-5377-4886-a4e8-6fe45d0af45e: receive RaftClientReply:client-964B0EA39D34->4234af2c-5377-4886-a4e8-6fe45d0af45e@group-A1165329A1F1, cid=3236, SUCCESS, logIndex=4850, commits[4234af2c-5377-4886-a4e8-6fe45d0af45e:c4850, cef72988-acf5-49ad-9ec7-695a80e7a66d:c4849, d677508c-6db9-4741-b51c-49af5e4cf22f:c4849]
2019-09-08 07:08:12,777 [grpc-default-executor-3] INFO  client.GrpcClientProtocolClient (GrpcClientProtocolClient.java:onNext(264)) - client-964B0EA39D34->4234af2c-5377-4886-a4e8-6fe45d0af45e: receive RaftClientReply:client-964B0EA39D34->4234af2c-5377-4886-a4e8-6fe45d0af45e@group-A1165329A1F1, cid=3237, SUCCESS, logIndex=4851, commits[4234af2c-5377-4886-a4e8-6fe45d0af45e:c4851, cef72988-acf5-49ad-9ec7-695a80e7a66d:c4849, d677508c-6db9-4741-b51c-49af5e4cf22f:c4849]
2019-09-08 07:08:12,790 [grpc-default-executor-3] INFO  client.GrpcClientProtocolClient (GrpcClientProtocolClient.java:onNext(264)) - client-964B0EA39D34->4234af2c-5377-4886-a4e8-6fe45d0af45e: receive RaftClientReply:client-964B0EA39D34->4234af2c-5377-4886-a4e8-6fe45d0af45e@group-A1165329A1F1, cid=3238, SUCCESS, logIndex=4854, commits[4234af2c-5377-4886-a4e8-6fe45d0af45e:c4855, cef72988-acf5-49ad-9ec7-695a80e7a66d:c4851, d677508c-6db9-4741-b51c-49af5e4cf22f:c4851]
2019-09-08 07:08:12,790 [grpc-default-executor-3] INFO  client.GrpcClientProtocolClient (GrpcClientProtocolClient.java:onNext(264)) - client-964B0EA39D34->4234af2c-5377-4886-a4e8-6fe45d0af45e: receive RaftClientReply:client-964B0EA39D34->4234af2c-5377-4886-a4e8-6fe45d0af45e@group-A1165329A1F1, cid=3239, SUCCESS, logIndex=4855, commits[4234af2c-5377-4886-a4e8-6fe45d0af45e:c4855, cef72988-acf5-49ad-9ec7-695a80e7a66d:c4851, d677508c-6db9-4741-b51c-49af5e4cf22f:c4851]
2019-09-08 07:08:12,804 [grpc-default-executor-3] INFO  client.GrpcClientProtocolClient (GrpcClientProtocolClient.java:onNext(264)) - client-964B0EA39D34->4234af2c-5377-4886-a4e8-6fe45d0af45e: receive RaftClientReply:client-964B0EA39D34->4234af2c-5377-4886-a4e8-6fe45d0af45e@group-A1165329A1F1, cid=3240, SUCCESS, logIndex=0, commits[4234af2c-5377-4886-a4e8-6fe45d0af45e:c4857, cef72988-acf5-49ad-9ec7-695a80e7a66d:c4855, d677508c-6db9-4741-b51c-49af5e4cf22f:c4855]
2019-09-08 07:08:12,831 [grpc-default-executor-0] INFO  client.GrpcClientProtocolClient (GrpcClientProtocolClient.java:onNext(264)) - client-964B0EA39D34->4234af2c-5377-4886-a4e8-6fe45d0af45e: receive RaftClientReply:client-964B0EA39D34->4234af2c-5377-4886-a4e8-6fe45d0af45e@group-A1165329A1F1, cid=3241, SUCCESS, logIndex=4858, commits[4234af2c-5377-4886-a4e8-6fe45d0af45e:c4860, cef72988-acf5-49ad-9ec7-695a80e7a66d:c4857, d677508c-6db9-4741-b51c-49af5e4cf22f:c4857]
2019-09-08 07:08:12,831 [grpc-default-executor-0] INFO  client.GrpcClientProtocolClient (GrpcClientProtocolClient.java:onNext(264)) - client-964B0EA39D34->4234af2c-5377-4886-a4e8-6fe45d0af45e: receive RaftClientReply:client-964B0EA39D34->4234af2c-5377-4886-a4e8-6fe45d0af45e@group-A1165329A1F1, cid=3242, SUCCESS, logIndex=4859, commits[4234af2c-5377-4886-a4e8-6fe45d0af45e:c4861, cef72988-acf5-49ad-9ec7-695a80e7a66d:c4857, d677508c-6db9-4741-b51c-49af5e4cf22f:c4857]
2019-09-08 07:08:12,832 [grpc-default-executor-0] INFO  client.GrpcClientProtocolClient (GrpcClientProtocolClient.java:onNext(264)) - client-964B0EA39D34->4234af2c-5377-4886-a4e8-6fe45d0af45e: receive RaftClientReply:client-964B0EA39D34->4234af2c-5377-4886-a4e8-6fe45d0af45e@group-A1165329A1F1, cid=3243, SUCCESS, logIndex=4860, commits[4234af2c-5377-4886-a4e8-6fe45d0af45e:c4861, cef72988-acf5-49ad-9ec7-695a80e7a66d:c4857, d677508c-6db9-4741-b51c-49af5e4cf22f:c4857]
2019-09-08 07:08:12,832 [grpc-default-executor-0] INFO  client.GrpcClientProtocolClient (GrpcClientProtocolClient.java:onNext(264)) - client-964B0EA39D34->4234af2c-5377-4886-a4e8-6fe45d0af45e: receive RaftClientReply:client-964B0EA39D34->4234af2c-5377-4886-a4e8-6fe45d0af45e@group-A1165329A1F1, cid=3244, SUCCESS, logIndex=4861, commits[4234af2c-5377-4886-a4e8-6fe45d0af45e:c4861, cef72988-acf5-49ad-9ec7-695a80e7a66d:c4857, d677508c-6db9-4741-b51c-49af5e4cf22f:c4857]
2019-09-08 07:08:12,834 [grpc-default-executor-0] INFO  client.GrpcClientProtocolClient (GrpcClientProtocolClient.java:onNext(264)) - client-964B0EA39D34->4234af2c-5377-4886-a4e8-6fe45d0af45e: receive RaftClientReply:client-964B0EA39D34->4234af2c-5377-4886-a4e8-6fe45d0af45e@group-A1165329A1F1, cid=3245, SUCCESS, logIndex=0, commits[4234af2c-5377-4886-a4e8-6fe45d0af45e:c4865, cef72988-acf5-49ad-9ec7-695a80e7a66d:c4861, d677508c-6db9-4741-b51c-49af5e4cf22f:c4859]
2019-09-08 07:08:12,852 [grpc-default-executor-4] INFO  client.GrpcClientProtocolClient (GrpcClientProtocolClient.java:onNext(264)) - client-964B0EA39D34->4234af2c-5377-4886-a4e8-6fe45d0af45e: receive RaftClientReply:client-964B0EA39D34->4234af2c-5377-4886-a4e8-6fe45d0af45e@group-A1165329A1F1, cid=3246, SUCCESS, logIndex=4866, commits[4234af2c-5377-4886-a4e8-6fe45d0af45e:c4867, cef72988-acf5-49ad-9ec7-695a80e7a66d:c4865, d677508c-6db9-4741-b51c-49af5e4cf22f:c4865]
2019-09-08 07:08:12,989 [grpc-default-executor-4] INFO  client.GrpcClientProtocolClient (GrpcClientProtocolClient.java:onNext(264)) - client-964B0EA39D34->4234af2c-5377-4886-a4e8-6fe45d0af45e: receive RaftClientReply:client-964B0EA39D34->4234af2c-5377-4886-a4e8-6fe45d0af45e@group-A1165329A1F1, cid=3247, SUCCESS, logIndex=4867, commits[4234af2c-5377-4886-a4e8-6fe45d0af45e:c4867, cef72988-acf5-49ad-9ec7-695a80e7a66d:c4865, d677508c-6db9-4741-b51c-49af5e4cf22f:c4865]
2019-09-08 07:08:13,006 [grpc-default-executor-3] INFO  client.GrpcClientProtocolClient (GrpcClientProtocolClient.java:onNext(264)) - client-964B0EA39D34->4234af2c-5377-4886-a4e8-6fe45d0af45e: receive RaftClientReply:client-964B0EA39D34->4234af2c-5377-4886-a4e8-6fe45d0af45e@group-A1165329A1F1, cid=3248, SUCCESS, logIndex=4870, commits[4234af2c-5377-4886-a4e8-6fe45d0af45e:c4871, cef72988-acf5-49ad-9ec7-695a80e7a66d:c4869, d677508c-6db9-4741-b51c-49af5e4cf22f:c4869]
2019-09-08 07:08:13,006 [grpc-default-executor-3] INFO  client.GrpcClientProtocolClient (GrpcClientProtocolClient.java:onNext(264)) - client-964B0EA39D34->4234af2c-5377-4886-a4e8-6fe45d0af45e: receive RaftClientReply:client-964B0EA39D34->4234af2c-5377-4886-a4e8-6fe45d0af45e@group-A1165329A1F1, cid=3249, SUCCESS, logIndex=4871, commits[4234af2c-5377-4886-a4e8-6fe45d0af45e:c4871, cef72988-acf5-49ad-9ec7-695a80e7a66d:c4869, d677508c-6db9-4741-b51c-49af5e4cf22f:c4869]
2019-09-08 07:08:13,019 [grpc-default-executor-3] INFO  client.GrpcClientProtocolClient (GrpcClientProtocolClient.java:onNext(264)) - client-964B0EA39D34->4234af2c-5377-4886-a4e8-6fe45d0af45e: receive RaftClientReply:client-964B0EA39D34->4234af2c-5377-4886-a4e8-6fe45d0af45e@group-A1165329A1F1, cid=3250, SUCCESS, logIndex=0, commits[4234af2c-5377-4886-a4e8-6fe45d0af45e:c4873, cef72988-acf5-49ad-9ec7-695a80e7a66d:c4871, d677508c-6db9-4741-b51c-49af5e4cf22f:c4871]
2019-09-08 07:08:13,064 [grpc-default-executor-3] INFO  client.GrpcClientProtocolClient (GrpcClientProtocolClient.java:onNext(264)) - client-964B0EA39D34->4234af2c-5377-4886-a4e8-6fe45d0af45e: receive RaftClientReply:client-964B0EA39D34->4234af2c-5377-4886-a4e8-6fe45d0af45e@group-A1165329A1F1, cid=3251, SUCCESS, logIndex=4874, commits[4234af2c-5377-4886-a4e8-6fe45d0af45e:c4875, cef72988-acf5-49ad-9ec7-695a80e7a66d:c4873, d677508c-6db9-4741-b51c-49af5e4cf22f:c4873]
2019-09-08 07:08:13,064 [grpc-default-executor-3] INFO  client.GrpcClientProtocolClient (GrpcClientProtocolClient.java:onNext(264)) - client-964B0EA39D34->4234af2c-5377-4886-a4e8-6fe45d0af45e: receive RaftClientReply:client-964B0EA39D34->4234af2c-5377-4886-a4e8-6fe45d0af45e@group-A1165329A1F1, cid=3252, SUCCESS, logIndex=4875, commits[4234af2c-5377-4886-a4e8-6fe45d0af45e:c4875, cef72988-acf5-49ad-9ec7-695a80e7a66d:c4873, d677508c-6db9-4741-b51c-49af5e4cf22f:c4873]
2019-09-08 07:08:13,065 [grpc-default-executor-3] INFO  client.GrpcClientProtocolClient (GrpcClientProtocolClient.java:onNext(264)) - client-964B0EA39D34->4234af2c-5377-4886-a4e8-6fe45d0af45e: receive RaftClientReply:client-964B0EA39D34->4234af2c-5377-4886-a4e8-6fe45d0af45e@group-A1165329A1F1, cid=3253, SUCCESS, logIndex=4876, commits[4234af2c-5377-4886-a4e8-6fe45d0af45e:c4877, cef72988-acf5-49ad-9ec7-695a80e7a66d:c4873, d677508c-6db9-4741-b51c-49af5e4cf22f:c4873]
2019-09-08 07:08:13,066 [grpc-default-executor-3] INFO  client.GrpcClientProtocolClient (GrpcClientProtocolClient.java:onNext(264)) - client-964B0EA39D34->4234af2c-5377-4886-a4e8-6fe45d0af45e: receive RaftClientReply:client-964B0EA39D34->4234af2c-5377-4886-a4e8-6fe45d0af45e@group-A1165329A1F1, cid=3254, SUCCESS, logIndex=4877, commits[4234af2c-5377-4886-a4e8-6fe45d0af45e:c4877, cef72988-acf5-49ad-9ec7-695a80e7a66d:c4873, d677508c-6db9-4741-b51c-49af5e4cf22f:c4873]
2019-09-08 07:08:13,067 [grpc-default-executor-4] INFO  client.GrpcClientProtocolClient (GrpcClientProtocolClient.java:onNext(264)) - client-964B0EA39D34->4234af2c-5377-4886-a4e8-6fe45d0af45e: receive RaftClientReply:client-964B0EA39D34->4234af2c-5377-4886-a4e8-6fe45d0af45e@group-A1165329A1F1, cid=3255, SUCCESS, logIndex=0, commits[4234af2c-5377-4886-a4e8-6fe45d0af45e:c4879, cef72988-acf5-49ad-9ec7-695a80e7a66d:c4875, d677508c-6db9-4741-b51c-49af5e4cf22f:c4875]
 0.00% |█                                                                                                    |  0/1 Time: 0:00:532019-09-08 07:08:13,103 [grpc-default-executor-4] INFO  client.GrpcClientProtocolClient (GrpcClientProtocolClient.java:onNext(264)) - client-964B0EA39D34->4234af2c-5377-4886-a4e8-6fe45d0af45e: receive RaftClientReply:client-964B0EA39D34->4234af2c-5377-4886-a4e8-6fe45d0af45e@group-A1165329A1F1, cid=3256, SUCCESS, logIndex=4882, commits[4234af2c-5377-4886-a4e8-6fe45d0af45e:c4883, cef72988-acf5-49ad-9ec7-695a80e7a66d:c4881, d677508c-6db9-4741-b51c-49af5e4cf22f:c4881]
2019-09-08 07:08:13,104 [grpc-default-executor-4] INFO  client.GrpcClientProtocolClient (GrpcClientProtocolClient.java:onNext(264)) - client-964B0EA39D34->4234af2c-5377-4886-a4e8-6fe45d0af45e: receive RaftClientReply:client-964B0EA39D34->4234af2c-5377-4886-a4e8-6fe45d0af45e@group-A1165329A1F1, cid=3257, SUCCESS, logIndex=4883, commits[4234af2c-5377-4886-a4e8-6fe45d0af45e:c4883, cef72988-acf5-49ad-9ec7-695a80e7a66d:c4881, d677508c-6db9-4741-b51c-49af5e4cf22f:c4881]
2019-09-08 07:08:13,117 [grpc-default-executor-3] INFO  client.GrpcClientProtocolClient (GrpcClientProtocolClient.java:onNext(264)) - client-964B0EA39D34->4234af2c-5377-4886-a4e8-6fe45d0af45e: receive RaftClientReply:client-964B0EA39D34->4234af2c-5377-4886-a4e8-6fe45d0af45e@group-A1165329A1F1, cid=3258, SUCCESS, logIndex=4886, commits[4234af2c-5377-4886-a4e8-6fe45d0af45e:c4887, cef72988-acf5-49ad-9ec7-695a80e7a66d:c4883, d677508c-6db9-4741-b51c-49af5e4cf22f:c4883]
2019-09-08 07:08:13,117 [grpc-default-executor-3] INFO  client.GrpcClientProtocolClient (GrpcClientProtocolClient.java:onNext(264)) - client-964B0EA39D34->4234af2c-5377-4886-a4e8-6fe45d0af45e: receive RaftClientReply:client-964B0EA39D34->4234af2c-5377-4886-a4e8-6fe45d0af45e@group-A1165329A1F1, cid=3259, SUCCESS, logIndex=4887, commits[4234af2c-5377-4886-a4e8-6fe45d0af45e:c4887, cef72988-acf5-49ad-9ec7-695a80e7a66d:c4883, d677508c-6db9-4741-b51c-49af5e4cf22f:c4883]
2019-09-08 07:08:13,129 [grpc-default-executor-3] INFO  client.GrpcClientProtocolClient (GrpcClientProtocolClient.java:onNext(264)) - client-964B0EA39D34->4234af2c-5377-4886-a4e8-6fe45d0af45e: receive RaftClientReply:client-964B0EA39D34->4234af2c-5377-4886-a4e8-6fe45d0af45e@group-A1165329A1F1, cid=3260, SUCCESS, logIndex=0, commits[4234af2c-5377-4886-a4e8-6fe45d0af45e:c4888, cef72988-acf5-49ad-9ec7-695a80e7a66d:c4887, d677508c-6db9-4741-b51c-49af5e4cf22f:c4887]
2019-09-08 07:08:13,156 [grpc-default-executor-3] INFO  client.GrpcClientProtocolClient (GrpcClientProtocolClient.java:onNext(264)) - client-964B0EA39D34->4234af2c-5377-4886-a4e8-6fe45d0af45e: receive RaftClientReply:client-964B0EA39D34->4234af2c-5377-4886-a4e8-6fe45d0af45e@group-A1165329A1F1, cid=3261, SUCCESS, logIndex=4890, commits[4234af2c-5377-4886-a4e8-6fe45d0af45e:c4892, cef72988-acf5-49ad-9ec7-695a80e7a66d:c4889, d677508c-6db9-4741-b51c-49af5e4cf22f:c4889]
2019-09-08 07:08:13,156 [grpc-default-executor-3] INFO  client.GrpcClientProtocolClient (GrpcClientProtocolClient.java:onNext(264)) - client-964B0EA39D34->4234af2c-5377-4886-a4e8-6fe45d0af45e: receive RaftClientReply:client-964B0EA39D34->4234af2c-5377-4886-a4e8-6fe45d0af45e@group-A1165329A1F1, cid=3262, SUCCESS, logIndex=4891, commits[4234af2c-5377-4886-a4e8-6fe45d0af45e:c4893, cef72988-acf5-49ad-9ec7-695a80e7a66d:c4889, d677508c-6db9-4741-b51c-49af5e4cf22f:c4889]
2019-09-08 07:08:13,156 [grpc-default-executor-3] INFO  client.GrpcClientProtocolClient (GrpcClientProtocolClient.java:onNext(264)) - client-964B0EA39D34->4234af2c-5377-4886-a4e8-6fe45d0af45e: receive RaftClientReply:client-964B0EA39D34->4234af2c-5377-4886-a4e8-6fe45d0af45e@group-A1165329A1F1, cid=3263, SUCCESS, logIndex=4892, commits[4234af2c-5377-4886-a4e8-6fe45d0af45e:c4893, cef72988-acf5-49ad-9ec7-695a80e7a66d:c4889, d677508c-6db9-4741-b51c-49af5e4cf22f:c4889]
2019-09-08 07:08:13,157 [grpc-default-executor-4] INFO  client.GrpcClientProtocolClient (GrpcClientProtocolClient.java:onNext(264)) - client-964B0EA39D34->4234af2c-5377-4886-a4e8-6fe45d0af45e: receive RaftClientReply:client-964B0EA39D34->4234af2c-5377-4886-a4e8-6fe45d0af45e@group-A1165329A1F1, cid=3264, SUCCESS, logIndex=4893, commits[4234af2c-5377-4886-a4e8-6fe45d0af45e:c4893, cef72988-acf5-49ad-9ec7-695a80e7a66d:c4889, d677508c-6db9-4741-b51c-49af5e4cf22f:c4889]
2019-09-08 07:08:13,157 [grpc-default-executor-4] INFO  client.GrpcClientProtocolClient (GrpcClientProtocolClient.java:onNext(264)) - client-964B0EA39D34->4234af2c-5377-4886-a4e8-6fe45d0af45e: receive RaftClientReply:client-964B0EA39D34->4234af2c-5377-4886-a4e8-6fe45d0af45e@group-A1165329A1F1, cid=3265, SUCCESS, logIndex=0, commits[4234af2c-5377-4886-a4e8-6fe45d0af45e:c4895, cef72988-acf5-49ad-9ec7-695a80e7a66d:c4891, d677508c-6db9-4741-b51c-49af5e4cf22f:c4891]
2019-09-08 07:08:13,175 [grpc-default-executor-3] INFO  client.GrpcClientProtocolClient (GrpcClientProtocolClient.java:onNext(264)) - client-964B0EA39D34->4234af2c-5377-4886-a4e8-6fe45d0af45e: receive RaftClientReply:client-964B0EA39D34->4234af2c-5377-4886-a4e8-6fe45d0af45e@group-A1165329A1F1, cid=3266, SUCCESS, logIndex=4898, commits[4234af2c-5377-4886-a4e8-6fe45d0af45e:c4899, cef72988-acf5-49ad-9ec7-695a80e7a66d:c4897, d677508c-6db9-4741-b51c-49af5e4cf22f:c4897]
2019-09-08 07:08:13,176 [grpc-default-executor-3] INFO  client.GrpcClientProtocolClient (GrpcClientProtocolClient.java:onNext(264)) - client-964B0EA39D34->4234af2c-5377-4886-a4e8-6fe45d0af45e: receive RaftClientReply:client-964B0EA39D34->4234af2c-5377-4886-a4e8-6fe45d0af45e@group-A1165329A1F1, cid=3267, SUCCESS, logIndex=4899, commits[4234af2c-5377-4886-a4e8-6fe45d0af45e:c4899, cef72988-acf5-49ad-9ec7-695a80e7a66d:c4897, d677508c-6db9-4741-b51c-49af5e4cf22f:c4897]
2019-09-08 07:08:13,194 [grpc-default-executor-3] INFO  client.GrpcClientProtocolClient (GrpcClientProtocolClient.java:onNext(264)) - client-964B0EA39D34->4234af2c-5377-4886-a4e8-6fe45d0af45e: receive RaftClientReply:client-964B0EA39D34->4234af2c-5377-4886-a4e8-6fe45d0af45e@group-A1165329A1F1, cid=3268, SUCCESS, logIndex=4902, commits[4234af2c-5377-4886-a4e8-6fe45d0af45e:c4902, cef72988-acf5-49ad-9ec7-695a80e7a66d:c4901, d677508c-6db9-4741-b51c-49af5e4cf22f:c4901]
2019-09-08 07:08:13,194 [grpc-default-executor-3] INFO  client.GrpcClientProtocolClient (GrpcClientProtocolClient.java:onNext(264)) - client-964B0EA39D34->4234af2c-5377-4886-a4e8-6fe45d0af45e: receive RaftClientReply:client-964B0EA39D34->4234af2c-5377-4886-a4e8-6fe45d0af45e@group-A1165329A1F1, cid=3269, SUCCESS, logIndex=4903, commits[4234af2c-5377-4886-a4e8-6fe45d0af45e:c4903, cef72988-acf5-49ad-9ec7-695a80e7a66d:c4901, d677508c-6db9-4741-b51c-49af5e4cf22f:c4901]
2019-09-08 07:08:13,199 [grpc-default-executor-3] INFO  client.GrpcClientProtocolClient (GrpcClientProtocolClient.java:onNext(264)) - client-964B0EA39D34->4234af2c-5377-4886-a4e8-6fe45d0af45e: receive RaftClientReply:client-964B0EA39D34->4234af2c-5377-4886-a4e8-6fe45d0af45e@group-A1165329A1F1, cid=3270, SUCCESS, logIndex=0, commits[4234af2c-5377-4886-a4e8-6fe45d0af45e:c4905, cef72988-acf5-49ad-9ec7-695a80e7a66d:c4903, d677508c-6db9-4741-b51c-49af5e4cf22f:c4903]
2019-09-08 07:08:13,219 [grpc-default-executor-3] INFO  client.GrpcClientProtocolClient (GrpcClientProtocolClient.java:onNext(264)) - client-964B0EA39D34->4234af2c-5377-4886-a4e8-6fe45d0af45e: receive RaftClientReply:client-964B0EA39D34->4234af2c-5377-4886-a4e8-6fe45d0af45e@group-A1165329A1F1, cid=3271, SUCCESS, logIndex=4906, commits[4234af2c-5377-4886-a4e8-6fe45d0af45e:c4907, cef72988-acf5-49ad-9ec7-695a80e7a66d:c4905, d677508c-6db9-4741-b51c-49af5e4cf22f:c4905]
2019-09-08 07:08:13,219 [grpc-default-executor-3] INFO  client.GrpcClientProtocolClient (GrpcClientProtocolClient.java:onNext(264)) - client-964B0EA39D34->4234af2c-5377-4886-a4e8-6fe45d0af45e: receive RaftClientReply:client-964B0EA39D34->4234af2c-5377-4886-a4e8-6fe45d0af45e@group-A1165329A1F1, cid=3272, SUCCESS, logIndex=4907, commits[4234af2c-5377-4886-a4e8-6fe45d0af45e:c4907, cef72988-acf5-49ad-9ec7-695a80e7a66d:c4905, d677508c-6db9-4741-b51c-49af5e4cf22f:c4905]
2019-09-08 07:08:13,229 [grpc-default-executor-0] INFO  client.GrpcClientProtocolClient (GrpcClientProtocolClient.java:onNext(264)) - client-964B0EA39D34->4234af2c-5377-4886-a4e8-6fe45d0af45e: receive RaftClientReply:client-964B0EA39D34->4234af2c-5377-4886-a4e8-6fe45d0af45e@group-A1165329A1F1, cid=3273, SUCCESS, logIndex=4908, commits[4234af2c-5377-4886-a4e8-6fe45d0af45e:c4909, cef72988-acf5-49ad-9ec7-695a80e7a66d:c4905, d677508c-6db9-4741-b51c-49af5e4cf22f:c4905]
2019-09-08 07:08:13,229 [grpc-default-executor-0] INFO  client.GrpcClientProtocolClient (GrpcClientProtocolClient.java:onNext(264)) - client-964B0EA39D34->4234af2c-5377-4886-a4e8-6fe45d0af45e: receive RaftClientReply:client-964B0EA39D34->4234af2c-5377-4886-a4e8-6fe45d0af45e@group-A1165329A1F1, cid=3274, SUCCESS, logIndex=4909, commits[4234af2c-5377-4886-a4e8-6fe45d0af45e:c4909, cef72988-acf5-49ad-9ec7-695a80e7a66d:c4905, d677508c-6db9-4741-b51c-49af5e4cf22f:c4905]
2019-09-08 07:08:13,233 [grpc-default-executor-0] INFO  client.GrpcClientProtocolClient (GrpcClientProtocolClient.java:onNext(264)) - client-964B0EA39D34->4234af2c-5377-4886-a4e8-6fe45d0af45e: receive RaftClientReply:client-964B0EA39D34->4234af2c-5377-4886-a4e8-6fe45d0af45e@group-A1165329A1F1, cid=3275, SUCCESS, logIndex=0, commits[4234af2c-5377-4886-a4e8-6fe45d0af45e:c4911, cef72988-acf5-49ad-9ec7-695a80e7a66d:c4907, d677508c-6db9-4741-b51c-49af5e4cf22f:c4907]
2019-09-08 07:08:13,248 [grpc-default-executor-0] INFO  client.GrpcClientProtocolClient (GrpcClientProtocolClient.java:onNext(264)) - client-964B0EA39D34->4234af2c-5377-4886-a4e8-6fe45d0af45e: receive RaftClientReply:client-964B0EA39D34->4234af2c-5377-4886-a4e8-6fe45d0af45e@group-A1165329A1F1, cid=3276, SUCCESS, logIndex=4914, commits[4234af2c-5377-4886-a4e8-6fe45d0af45e:c4915, cef72988-acf5-49ad-9ec7-695a80e7a66d:c4913, d677508c-6db9-4741-b51c-49af5e4cf22f:c4913]
2019-09-08 07:08:13,248 [grpc-default-executor-0] INFO  client.GrpcClientProtocolClient (GrpcClientProtocolClient.java:onNext(264)) - client-964B0EA39D34->4234af2c-5377-4886-a4e8-6fe45d0af45e: receive RaftClientReply:client-964B0EA39D34->4234af2c-5377-4886-a4e8-6fe45d0af45e@group-A1165329A1F1, cid=3277, SUCCESS, logIndex=4915, commits[4234af2c-5377-4886-a4e8-6fe45d0af45e:c4915, cef72988-acf5-49ad-9ec7-695a80e7a66d:c4913, d677508c-6db9-4741-b51c-49af5e4cf22f:c4913]
2019-09-08 07:08:13,265 [grpc-default-executor-4] INFO  client.GrpcClientProtocolClient (GrpcClientProtocolClient.java:onNext(264)) - client-964B0EA39D34->4234af2c-5377-4886-a4e8-6fe45d0af45e: receive RaftClientReply:client-964B0EA39D34->4234af2c-5377-4886-a4e8-6fe45d0af45e@group-A1165329A1F1, cid=3278, SUCCESS, logIndex=4918, commits[4234af2c-5377-4886-a4e8-6fe45d0af45e:c4919, cef72988-acf5-49ad-9ec7-695a80e7a66d:c4917, d677508c-6db9-4741-b51c-49af5e4cf22f:c4917]
2019-09-08 07:08:13,265 [grpc-default-executor-4] INFO  client.GrpcClientProtocolClient (GrpcClientProtocolClient.java:onNext(264)) - client-964B0EA39D34->4234af2c-5377-4886-a4e8-6fe45d0af45e: receive RaftClientReply:client-964B0EA39D34->4234af2c-5377-4886-a4e8-6fe45d0af45e@group-A1165329A1F1, cid=3279, SUCCESS, logIndex=4919, commits[4234af2c-5377-4886-a4e8-6fe45d0af45e:c4919, cef72988-acf5-49ad-9ec7-695a80e7a66d:c4917, d677508c-6db9-4741-b51c-49af5e4cf22f:c4917]
2019-09-08 07:08:13,276 [grpc-default-executor-4] INFO  client.GrpcClientProtocolClient (GrpcClientProtocolClient.java:onNext(264)) - client-964B0EA39D34->4234af2c-5377-4886-a4e8-6fe45d0af45e: receive RaftClientReply:client-964B0EA39D34->4234af2c-5377-4886-a4e8-6fe45d0af45e@group-A1165329A1F1, cid=3280, SUCCESS, logIndex=0, commits[4234af2c-5377-4886-a4e8-6fe45d0af45e:c4921, cef72988-acf5-49ad-9ec7-695a80e7a66d:c4919, d677508c-6db9-4741-b51c-49af5e4cf22f:c4919]
2019-09-08 07:08:13,298 [grpc-default-executor-4] INFO  client.GrpcClientProtocolClient (GrpcClientProtocolClient.java:onNext(264)) - client-964B0EA39D34->4234af2c-5377-4886-a4e8-6fe45d0af45e: receive RaftClientReply:client-964B0EA39D34->4234af2c-5377-4886-a4e8-6fe45d0af45e@group-A1165329A1F1, cid=3281, SUCCESS, logIndex=4922, commits[4234af2c-5377-4886-a4e8-6fe45d0af45e:c4923, cef72988-acf5-49ad-9ec7-695a80e7a66d:c4921, d677508c-6db9-4741-b51c-49af5e4cf22f:c4921]
2019-09-08 07:08:13,298 [grpc-default-executor-4] INFO  client.GrpcClientProtocolClient (GrpcClientProtocolClient.java:onNext(264)) - client-964B0EA39D34->4234af2c-5377-4886-a4e8-6fe45d0af45e: receive RaftClientReply:client-964B0EA39D34->4234af2c-5377-4886-a4e8-6fe45d0af45e@group-A1165329A1F1, cid=3282, SUCCESS, logIndex=4923, commits[4234af2c-5377-4886-a4e8-6fe45d0af45e:c4923, cef72988-acf5-49ad-9ec7-695a80e7a66d:c4921, d677508c-6db9-4741-b51c-49af5e4cf22f:c4921]
2019-09-08 07:08:13,299 [grpc-default-executor-0] INFO  client.GrpcClientProtocolClient (GrpcClientProtocolClient.java:onNext(264)) - client-964B0EA39D34->4234af2c-5377-4886-a4e8-6fe45d0af45e: receive RaftClientReply:client-964B0EA39D34->4234af2c-5377-4886-a4e8-6fe45d0af45e@group-A1165329A1F1, cid=3283, SUCCESS, logIndex=4924, commits[4234af2c-5377-4886-a4e8-6fe45d0af45e:c4924, cef72988-acf5-49ad-9ec7-695a80e7a66d:c4921, d677508c-6db9-4741-b51c-49af5e4cf22f:c4921]
2019-09-08 07:08:13,299 [grpc-default-executor-0] INFO  client.GrpcClientProtocolClient (GrpcClientProtocolClient.java:onNext(264)) - client-964B0EA39D34->4234af2c-5377-4886-a4e8-6fe45d0af45e: receive RaftClientReply:client-964B0EA39D34->4234af2c-5377-4886-a4e8-6fe45d0af45e@group-A1165329A1F1, cid=3284, SUCCESS, logIndex=4925, commits[4234af2c-5377-4886-a4e8-6fe45d0af45e:c4925, cef72988-acf5-49ad-9ec7-695a80e7a66d:c4921, d677508c-6db9-4741-b51c-49af5e4cf22f:c4921]
2019-09-08 07:08:13,300 [grpc-default-executor-3] INFO  client.GrpcClientProtocolClient (GrpcClientProtocolClient.java:onNext(264)) - client-964B0EA39D34->4234af2c-5377-4886-a4e8-6fe45d0af45e: receive RaftClientReply:client-964B0EA39D34->4234af2c-5377-4886-a4e8-6fe45d0af45e@group-A1165329A1F1, cid=3285, SUCCESS, logIndex=0, commits[4234af2c-5377-4886-a4e8-6fe45d0af45e:c4927, cef72988-acf5-49ad-9ec7-695a80e7a66d:c4923, d677508c-6db9-4741-b51c-49af5e4cf22f:c4923]
2019-09-08 07:08:13,314 [grpc-default-executor-3] INFO  client.GrpcClientProtocolClient (GrpcClientProtocolClient.java:onNext(264)) - client-964B0EA39D34->4234af2c-5377-4886-a4e8-6fe45d0af45e: receive RaftClientReply:client-964B0EA39D34->4234af2c-5377-4886-a4e8-6fe45d0af45e@group-A1165329A1F1, cid=3286, SUCCESS, logIndex=4930, commits[4234af2c-5377-4886-a4e8-6fe45d0af45e:c4931, cef72988-acf5-49ad-9ec7-695a80e7a66d:c4928, d677508c-6db9-4741-b51c-49af5e4cf22f:c4928]
2019-09-08 07:08:13,314 [grpc-default-executor-3] INFO  client.GrpcClientProtocolClient (GrpcClientProtocolClient.java:onNext(264)) - client-964B0EA39D34->4234af2c-5377-4886-a4e8-6fe45d0af45e: receive RaftClientReply:client-964B0EA39D34->4234af2c-5377-4886-a4e8-6fe45d0af45e@group-A1165329A1F1, cid=3287, SUCCESS, logIndex=4931, commits[4234af2c-5377-4886-a4e8-6fe45d0af45e:c4931, cef72988-acf5-49ad-9ec7-695a80e7a66d:c4928, d677508c-6db9-4741-b51c-49af5e4cf22f:c4928]
2019-09-08 07:08:13,330 [grpc-default-executor-4] INFO  client.GrpcClientProtocolClient (GrpcClientProtocolClient.java:onNext(264)) - client-964B0EA39D34->4234af2c-5377-4886-a4e8-6fe45d0af45e: receive RaftClientReply:client-964B0EA39D34->4234af2c-5377-4886-a4e8-6fe45d0af45e@group-A1165329A1F1, cid=3288, SUCCESS, logIndex=4934, commits[4234af2c-5377-4886-a4e8-6fe45d0af45e:c4935, cef72988-acf5-49ad-9ec7-695a80e7a66d:c4933, d677508c-6db9-4741-b51c-49af5e4cf22f:c4933]
2019-09-08 07:08:13,330 [grpc-default-executor-4] INFO  client.GrpcClientProtocolClient (GrpcClientProtocolClient.java:onNext(264)) - client-964B0EA39D34->4234af2c-5377-4886-a4e8-6fe45d0af45e: receive RaftClientReply:client-964B0EA39D34->4234af2c-5377-4886-a4e8-6fe45d0af45e@group-A1165329A1F1, cid=3289, SUCCESS, logIndex=4935, commits[4234af2c-5377-4886-a4e8-6fe45d0af45e:c4935, cef72988-acf5-49ad-9ec7-695a80e7a66d:c4933, d677508c-6db9-4741-b51c-49af5e4cf22f:c4933]
2019-09-08 07:08:13,344 [grpc-default-executor-4] INFO  client.GrpcClientProtocolClient (GrpcClientProtocolClient.java:onNext(264)) - client-964B0EA39D34->4234af2c-5377-4886-a4e8-6fe45d0af45e: receive RaftClientReply:client-964B0EA39D34->4234af2c-5377-4886-a4e8-6fe45d0af45e@group-A1165329A1F1, cid=3290, SUCCESS, logIndex=0, commits[4234af2c-5377-4886-a4e8-6fe45d0af45e:c4937, cef72988-acf5-49ad-9ec7-695a80e7a66d:c4935, d677508c-6db9-4741-b51c-49af5e4cf22f:c4935]
2019-09-08 07:08:13,363 [grpc-default-executor-3] INFO  client.GrpcClientProtocolClient (GrpcClientProtocolClient.java:onNext(264)) - client-964B0EA39D34->4234af2c-5377-4886-a4e8-6fe45d0af45e: receive RaftClientReply:client-964B0EA39D34->4234af2c-5377-4886-a4e8-6fe45d0af45e@group-A1165329A1F1, cid=3291, SUCCESS, logIndex=4938, commits[4234af2c-5377-4886-a4e8-6fe45d0af45e:c4939, cef72988-acf5-49ad-9ec7-695a80e7a66d:c4937, d677508c-6db9-4741-b51c-49af5e4cf22f:c4937]
2019-09-08 07:08:13,363 [grpc-default-executor-3] INFO  client.GrpcClientProtocolClient (GrpcClientProtocolClient.java:onNext(264)) - client-964B0EA39D34->4234af2c-5377-4886-a4e8-6fe45d0af45e: receive RaftClientReply:client-964B0EA39D34->4234af2c-5377-4886-a4e8-6fe45d0af45e@group-A1165329A1F1, cid=3292, SUCCESS, logIndex=4939, commits[4234af2c-5377-4886-a4e8-6fe45d0af45e:c4939, cef72988-acf5-49ad-9ec7-695a80e7a66d:c4937, d677508c-6db9-4741-b51c-49af5e4cf22f:c4937]
2019-09-08 07:08:13,364 [grpc-default-executor-0] INFO  client.GrpcClientProtocolClient (GrpcClientProtocolClient.java:onNext(264)) - client-964B0EA39D34->4234af2c-5377-4886-a4e8-6fe45d0af45e: receive RaftClientReply:client-964B0EA39D34->4234af2c-5377-4886-a4e8-6fe45d0af45e@group-A1165329A1F1, cid=3293, SUCCESS, logIndex=4940, commits[4234af2c-5377-4886-a4e8-6fe45d0af45e:c4941, cef72988-acf5-49ad-9ec7-695a80e7a66d:c4937, d677508c-6db9-4741-b51c-49af5e4cf22f:c4937]
2019-09-08 07:08:13,365 [grpc-default-executor-0] INFO  client.GrpcClientProtocolClient (GrpcClientProtocolClient.java:onNext(264)) - client-964B0EA39D34->4234af2c-5377-4886-a4e8-6fe45d0af45e: receive RaftClientReply:client-964B0EA39D34->4234af2c-5377-4886-a4e8-6fe45d0af45e@group-A1165329A1F1, cid=3294, SUCCESS, logIndex=4941, commits[4234af2c-5377-4886-a4e8-6fe45d0af45e:c4941, cef72988-acf5-49ad-9ec7-695a80e7a66d:c4937, d677508c-6db9-4741-b51c-49af5e4cf22f:c4937]
2019-09-08 07:08:13,368 [grpc-default-executor-0] INFO  client.GrpcClientProtocolClient (GrpcClientProtocolClient.java:onNext(264)) - client-964B0EA39D34->4234af2c-5377-4886-a4e8-6fe45d0af45e: receive RaftClientReply:client-964B0EA39D34->4234af2c-5377-4886-a4e8-6fe45d0af45e@group-A1165329A1F1, cid=3295, SUCCESS, logIndex=0, commits[4234af2c-5377-4886-a4e8-6fe45d0af45e:c4943, cef72988-acf5-49ad-9ec7-695a80e7a66d:c4939, d677508c-6db9-4741-b51c-49af5e4cf22f:c4939]
2019-09-08 07:08:13,380 [grpc-default-executor-4] INFO  client.GrpcClientProtocolClient (GrpcClientProtocolClient.java:onNext(264)) - client-964B0EA39D34->4234af2c-5377-4886-a4e8-6fe45d0af45e: receive RaftClientReply:client-964B0EA39D34->4234af2c-5377-4886-a4e8-6fe45d0af45e@group-A1165329A1F1, cid=3296, SUCCESS, logIndex=4946, commits[4234af2c-5377-4886-a4e8-6fe45d0af45e:c4947, cef72988-acf5-49ad-9ec7-695a80e7a66d:c4943, d677508c-6db9-4741-b51c-49af5e4cf22f:c4941]
2019-09-08 07:08:13,380 [grpc-default-executor-4] INFO  client.GrpcClientProtocolClient (GrpcClientProtocolClient.java:onNext(264)) - client-964B0EA39D34->4234af2c-5377-4886-a4e8-6fe45d0af45e: receive RaftClientReply:client-964B0EA39D34->4234af2c-5377-4886-a4e8-6fe45d0af45e@group-A1165329A1F1, cid=3297, SUCCESS, logIndex=4947, commits[4234af2c-5377-4886-a4e8-6fe45d0af45e:c4947, cef72988-acf5-49ad-9ec7-695a80e7a66d:c4943, d677508c-6db9-4741-b51c-49af5e4cf22f:c4941]
2019-09-08 07:08:13,396 [grpc-default-executor-4] INFO  client.GrpcClientProtocolClient (GrpcClientProtocolClient.java:onNext(264)) - client-964B0EA39D34->4234af2c-5377-4886-a4e8-6fe45d0af45e: receive RaftClientReply:client-964B0EA39D34->4234af2c-5377-4886-a4e8-6fe45d0af45e@group-A1165329A1F1, cid=3298, SUCCESS, logIndex=4950, commits[4234af2c-5377-4886-a4e8-6fe45d0af45e:c4951, cef72988-acf5-49ad-9ec7-695a80e7a66d:c4949, d677508c-6db9-4741-b51c-49af5e4cf22f:c4949]
2019-09-08 07:08:13,396 [grpc-default-executor-4] INFO  client.GrpcClientProtocolClient (GrpcClientProtocolClient.java:onNext(264)) - client-964B0EA39D34->4234af2c-5377-4886-a4e8-6fe45d0af45e: receive RaftClientReply:client-964B0EA39D34->4234af2c-5377-4886-a4e8-6fe45d0af45e@group-A1165329A1F1, cid=3299, SUCCESS, logIndex=4951, commits[4234af2c-5377-4886-a4e8-6fe45d0af45e:c4951, cef72988-acf5-49ad-9ec7-695a80e7a66d:c4949, d677508c-6db9-4741-b51c-49af5e4cf22f:c4949]
2019-09-08 07:08:13,397 [grpc-default-executor-4] INFO  client.GrpcClientProtocolClient (GrpcClientProtocolClient.java:onNext(264)) - client-964B0EA39D34->4234af2c-5377-4886-a4e8-6fe45d0af45e: receive RaftClientReply:client-964B0EA39D34->4234af2c-5377-4886-a4e8-6fe45d0af45e@group-A1165329A1F1, cid=3300, SUCCESS, logIndex=0, commits[4234af2c-5377-4886-a4e8-6fe45d0af45e:c4952, cef72988-acf5-49ad-9ec7-695a80e7a66d:c4951, d677508c-6db9-4741-b51c-49af5e4cf22f:c4951]
2019-09-08 07:08:13,426 [grpc-default-executor-3] INFO  client.GrpcClientProtocolClient (GrpcClientProtocolClient.java:onNext(264)) - client-964B0EA39D34->4234af2c-5377-4886-a4e8-6fe45d0af45e: receive RaftClientReply:client-964B0EA39D34->4234af2c-5377-4886-a4e8-6fe45d0af45e@group-A1165329A1F1, cid=3301, SUCCESS, logIndex=4954, commits[4234af2c-5377-4886-a4e8-6fe45d0af45e:c4955, cef72988-acf5-49ad-9ec7-695a80e7a66d:c4953, d677508c-6db9-4741-b51c-49af5e4cf22f:c4951]
2019-09-08 07:08:13,426 [grpc-default-executor-3] INFO  client.GrpcClientProtocolClient (GrpcClientProtocolClient.java:onNext(264)) - client-964B0EA39D34->4234af2c-5377-4886-a4e8-6fe45d0af45e: receive RaftClientReply:client-964B0EA39D34->4234af2c-5377-4886-a4e8-6fe45d0af45e@group-A1165329A1F1, cid=3302, SUCCESS, logIndex=4955, commits[4234af2c-5377-4886-a4e8-6fe45d0af45e:c4955, cef72988-acf5-49ad-9ec7-695a80e7a66d:c4953, d677508c-6db9-4741-b51c-49af5e4cf22f:c4953]
2019-09-08 07:08:13,428 [grpc-default-executor-0] INFO  client.GrpcClientProtocolClient (GrpcClientProtocolClient.java:onNext(264)) - client-964B0EA39D34->4234af2c-5377-4886-a4e8-6fe45d0af45e: receive RaftClientReply:client-964B0EA39D34->4234af2c-5377-4886-a4e8-6fe45d0af45e@group-A1165329A1F1, cid=3303, SUCCESS, logIndex=4956, commits[4234af2c-5377-4886-a4e8-6fe45d0af45e:c4957, cef72988-acf5-49ad-9ec7-695a80e7a66d:c4953, d677508c-6db9-4741-b51c-49af5e4cf22f:c4953]
2019-09-08 07:08:13,428 [grpc-default-executor-0] INFO  client.GrpcClientProtocolClient (GrpcClientProtocolClient.java:onNext(264)) - client-964B0EA39D34->4234af2c-5377-4886-a4e8-6fe45d0af45e: receive RaftClientReply:client-964B0EA39D34->4234af2c-5377-4886-a4e8-6fe45d0af45e@group-A1165329A1F1, cid=3304, SUCCESS, logIndex=4957, commits[4234af2c-5377-4886-a4e8-6fe45d0af45e:c4957, cef72988-acf5-49ad-9ec7-695a80e7a66d:c4953, d677508c-6db9-4741-b51c-49af5e4cf22f:c4953]
2019-09-08 07:08:13,453 [grpc-default-executor-0] INFO  client.GrpcClientProtocolClient (GrpcClientProtocolClient.java:onNext(264)) - client-964B0EA39D34->4234af2c-5377-4886-a4e8-6fe45d0af45e: receive RaftClientReply:client-964B0EA39D34->4234af2c-5377-4886-a4e8-6fe45d0af45e@group-A1165329A1F1, cid=3305, SUCCESS, logIndex=0, commits[4234af2c-5377-4886-a4e8-6fe45d0af45e:c4959, cef72988-acf5-49ad-9ec7-695a80e7a66d:c4955, d677508c-6db9-4741-b51c-49af5e4cf22f:c4955]
2019-09-08 07:08:13,468 [grpc-default-executor-0] INFO  client.GrpcClientProtocolClient (GrpcClientProtocolClient.java:onNext(264)) - client-964B0EA39D34->4234af2c-5377-4886-a4e8-6fe45d0af45e: receive RaftClientReply:client-964B0EA39D34->4234af2c-5377-4886-a4e8-6fe45d0af45e@group-A1165329A1F1, cid=3306, SUCCESS, logIndex=4962, commits[4234af2c-5377-4886-a4e8-6fe45d0af45e:c4963, cef72988-acf5-49ad-9ec7-695a80e7a66d:c4961, d677508c-6db9-4741-b51c-49af5e4cf22f:c4961]
2019-09-08 07:08:13,468 [grpc-default-executor-0] INFO  client.GrpcClientProtocolClient (GrpcClientProtocolClient.java:onNext(264)) - client-964B0EA39D34->4234af2c-5377-4886-a4e8-6fe45d0af45e: receive RaftClientReply:client-964B0EA39D34->4234af2c-5377-4886-a4e8-6fe45d0af45e@group-A1165329A1F1, cid=3307, SUCCESS, logIndex=4963, commits[4234af2c-5377-4886-a4e8-6fe45d0af45e:c4963, cef72988-acf5-49ad-9ec7-695a80e7a66d:c4961, d677508c-6db9-4741-b51c-49af5e4cf22f:c4961]
2019-09-08 07:08:13,485 [grpc-default-executor-4] INFO  client.GrpcClientProtocolClient (GrpcClientProtocolClient.java:onNext(264)) - client-964B0EA39D34->4234af2c-5377-4886-a4e8-6fe45d0af45e: receive RaftClientReply:client-964B0EA39D34->4234af2c-5377-4886-a4e8-6fe45d0af45e@group-A1165329A1F1, cid=3308, SUCCESS, logIndex=4966, commits[4234af2c-5377-4886-a4e8-6fe45d0af45e:c4967, cef72988-acf5-49ad-9ec7-695a80e7a66d:c4964, d677508c-6db9-4741-b51c-49af5e4cf22f:c4964]
2019-09-08 07:08:13,485 [grpc-default-executor-4] INFO  client.GrpcClientProtocolClient (GrpcClientProtocolClient.java:onNext(264)) - client-964B0EA39D34->4234af2c-5377-4886-a4e8-6fe45d0af45e: receive RaftClientReply:client-964B0EA39D34->4234af2c-5377-4886-a4e8-6fe45d0af45e@group-A1165329A1F1, cid=3309, SUCCESS, logIndex=4967, commits[4234af2c-5377-4886-a4e8-6fe45d0af45e:c4967, cef72988-acf5-49ad-9ec7-695a80e7a66d:c4964, d677508c-6db9-4741-b51c-49af5e4cf22f:c4964]
2019-09-08 07:08:13,498 [grpc-default-executor-4] INFO  client.GrpcClientProtocolClient (GrpcClientProtocolClient.java:onNext(264)) - client-964B0EA39D34->4234af2c-5377-4886-a4e8-6fe45d0af45e: receive RaftClientReply:client-964B0EA39D34->4234af2c-5377-4886-a4e8-6fe45d0af45e@group-A1165329A1F1, cid=3310, SUCCESS, logIndex=0, commits[4234af2c-5377-4886-a4e8-6fe45d0af45e:c4969, cef72988-acf5-49ad-9ec7-695a80e7a66d:c4967, d677508c-6db9-4741-b51c-49af5e4cf22f:c4967]
2019-09-08 07:08:13,516 [grpc-default-executor-3] INFO  client.GrpcClientProtocolClient (GrpcClientProtocolClient.java:onNext(264)) - client-964B0EA39D34->4234af2c-5377-4886-a4e8-6fe45d0af45e: receive RaftClientReply:client-964B0EA39D34->4234af2c-5377-4886-a4e8-6fe45d0af45e@group-A1165329A1F1, cid=3311, SUCCESS, logIndex=4970, commits[4234af2c-5377-4886-a4e8-6fe45d0af45e:c4971, cef72988-acf5-49ad-9ec7-695a80e7a66d:c4969, d677508c-6db9-4741-b51c-49af5e4cf22f:c4967]
2019-09-08 07:08:13,519 [grpc-default-executor-3] INFO  client.GrpcClientProtocolClient (GrpcClientProtocolClient.java:onNext(264)) - client-964B0EA39D34->4234af2c-5377-4886-a4e8-6fe45d0af45e: receive RaftClientReply:client-964B0EA39D34->4234af2c-5377-4886-a4e8-6fe45d0af45e@group-A1165329A1F1, cid=3312, SUCCESS, logIndex=4971, commits[4234af2c-5377-4886-a4e8-6fe45d0af45e:c4971, cef72988-acf5-49ad-9ec7-695a80e7a66d:c4969, d677508c-6db9-4741-b51c-49af5e4cf22f:c4967]
2019-09-08 07:08:13,519 [grpc-default-executor-3] INFO  client.GrpcClientProtocolClient (GrpcClientProtocolClient.java:onNext(264)) - client-964B0EA39D34->4234af2c-5377-4886-a4e8-6fe45d0af45e: receive RaftClientReply:client-964B0EA39D34->4234af2c-5377-4886-a4e8-6fe45d0af45e@group-A1165329A1F1, cid=3313, SUCCESS, logIndex=4972, commits[4234af2c-5377-4886-a4e8-6fe45d0af45e:c4975, cef72988-acf5-49ad-9ec7-695a80e7a66d:c4971, d677508c-6db9-4741-b51c-49af5e4cf22f:c4967]
2019-09-08 07:08:13,520 [grpc-default-executor-3] INFO  client.GrpcClientProtocolClient (GrpcClientProtocolClient.java:onNext(264)) - client-964B0EA39D34->4234af2c-5377-4886-a4e8-6fe45d0af45e: receive RaftClientReply:client-964B0EA39D34->4234af2c-5377-4886-a4e8-6fe45d0af45e@group-A1165329A1F1, cid=3314, SUCCESS, logIndex=4973, commits[4234af2c-5377-4886-a4e8-6fe45d0af45e:c4975, cef72988-acf5-49ad-9ec7-695a80e7a66d:c4971, d677508c-6db9-4741-b51c-49af5e4cf22f:c4969]
2019-09-08 07:08:13,520 [grpc-default-executor-3] INFO  client.GrpcClientProtocolClient (GrpcClientProtocolClient.java:onNext(264)) - client-964B0EA39D34->4234af2c-5377-4886-a4e8-6fe45d0af45e: receive RaftClientReply:client-964B0EA39D34->4234af2c-5377-4886-a4e8-6fe45d0af45e@group-A1165329A1F1, cid=3315, SUCCESS, logIndex=0, commits[4234af2c-5377-4886-a4e8-6fe45d0af45e:c4975, cef72988-acf5-49ad-9ec7-695a80e7a66d:c4971, d677508c-6db9-4741-b51c-49af5e4cf22f:c4971]
2019-09-08 07:08:13,532 [grpc-default-executor-0] INFO  client.GrpcClientProtocolClient (GrpcClientProtocolClient.java:onNext(264)) - client-964B0EA39D34->4234af2c-5377-4886-a4e8-6fe45d0af45e: receive RaftClientReply:client-964B0EA39D34->4234af2c-5377-4886-a4e8-6fe45d0af45e@group-A1165329A1F1, cid=3316, SUCCESS, logIndex=4978, commits[4234af2c-5377-4886-a4e8-6fe45d0af45e:c4979, cef72988-acf5-49ad-9ec7-695a80e7a66d:c4975, d677508c-6db9-4741-b51c-49af5e4cf22f:c4975]
2019-09-08 07:08:13,532 [grpc-default-executor-0] INFO  client.GrpcClientProtocolClient (GrpcClientProtocolClient.java:onNext(264)) - client-964B0EA39D34->4234af2c-5377-4886-a4e8-6fe45d0af45e: receive RaftClientReply:client-964B0EA39D34->4234af2c-5377-4886-a4e8-6fe45d0af45e@group-A1165329A1F1, cid=3317, SUCCESS, logIndex=4979, commits[4234af2c-5377-4886-a4e8-6fe45d0af45e:c4979, cef72988-acf5-49ad-9ec7-695a80e7a66d:c4975, d677508c-6db9-4741-b51c-49af5e4cf22f:c4975]
2019-09-08 07:08:13,545 [grpc-default-executor-3] INFO  client.GrpcClientProtocolClient (GrpcClientProtocolClient.java:onNext(264)) - client-964B0EA39D34->4234af2c-5377-4886-a4e8-6fe45d0af45e: receive RaftClientReply:client-964B0EA39D34->4234af2c-5377-4886-a4e8-6fe45d0af45e@group-A1165329A1F1, cid=3318, SUCCESS, logIndex=4982, commits[4234af2c-5377-4886-a4e8-6fe45d0af45e:c4983, cef72988-acf5-49ad-9ec7-695a80e7a66d:c4979, d677508c-6db9-4741-b51c-49af5e4cf22f:c4979]
2019-09-08 07:08:13,545 [grpc-default-executor-3] INFO  client.GrpcClientProtocolClient (GrpcClientProtocolClient.java:onNext(264)) - client-964B0EA39D34->4234af2c-5377-4886-a4e8-6fe45d0af45e: receive RaftClientReply:client-964B0EA39D34->4234af2c-5377-4886-a4e8-6fe45d0af45e@group-A1165329A1F1, cid=3319, SUCCESS, logIndex=4983, commits[4234af2c-5377-4886-a4e8-6fe45d0af45e:c4983, cef72988-acf5-49ad-9ec7-695a80e7a66d:c4979, d677508c-6db9-4741-b51c-49af5e4cf22f:c4979]
2019-09-08 07:08:13,547 [grpc-default-executor-3] INFO  client.GrpcClientProtocolClient (GrpcClientProtocolClient.java:onNext(264)) - client-964B0EA39D34->4234af2c-5377-4886-a4e8-6fe45d0af45e: receive RaftClientReply:client-964B0EA39D34->4234af2c-5377-4886-a4e8-6fe45d0af45e@group-A1165329A1F1, cid=3320, SUCCESS, logIndex=0, commits[4234af2c-5377-4886-a4e8-6fe45d0af45e:c4984, cef72988-acf5-49ad-9ec7-695a80e7a66d:c4983, d677508c-6db9-4741-b51c-49af5e4cf22f:c4983]
2019-09-08 07:08:13,574 [grpc-default-executor-6] INFO  client.GrpcClientProtocolClient (GrpcClientProtocolClient.java:onNext(264)) - client-964B0EA39D34->4234af2c-5377-4886-a4e8-6fe45d0af45e: receive RaftClientReply:client-964B0EA39D34->4234af2c-5377-4886-a4e8-6fe45d0af45e@group-A1165329A1F1, cid=3321, SUCCESS, logIndex=4986, commits[4234af2c-5377-4886-a4e8-6fe45d0af45e:c4987, cef72988-acf5-49ad-9ec7-695a80e7a66d:c4985, d677508c-6db9-4741-b51c-49af5e4cf22f:c4985]
2019-09-08 07:08:13,574 [grpc-default-executor-6] INFO  client.GrpcClientProtocolClient (GrpcClientProtocolClient.java:onNext(264)) - client-964B0EA39D34->4234af2c-5377-4886-a4e8-6fe45d0af45e: receive RaftClientReply:client-964B0EA39D34->4234af2c-5377-4886-a4e8-6fe45d0af45e@group-A1165329A1F1, cid=3322, SUCCESS, logIndex=4987, commits[4234af2c-5377-4886-a4e8-6fe45d0af45e:c4989, cef72988-acf5-49ad-9ec7-695a80e7a66d:c4985, d677508c-6db9-4741-b51c-49af5e4cf22f:c4985]
2019-09-08 07:08:13,575 [grpc-default-executor-6] INFO  client.GrpcClientProtocolClient (GrpcClientProtocolClient.java:onNext(264)) - client-964B0EA39D34->4234af2c-5377-4886-a4e8-6fe45d0af45e: receive RaftClientReply:client-964B0EA39D34->4234af2c-5377-4886-a4e8-6fe45d0af45e@group-A1165329A1F1, cid=3323, SUCCESS, logIndex=4988, commits[4234af2c-5377-4886-a4e8-6fe45d0af45e:c4989, cef72988-acf5-49ad-9ec7-695a80e7a66d:c4985, d677508c-6db9-4741-b51c-49af5e4cf22f:c4985]
2019-09-08 07:08:13,575 [grpc-default-executor-6] INFO  client.GrpcClientProtocolClient (GrpcClientProtocolClient.java:onNext(264)) - client-964B0EA39D34->4234af2c-5377-4886-a4e8-6fe45d0af45e: receive RaftClientReply:client-964B0EA39D34->4234af2c-5377-4886-a4e8-6fe45d0af45e@group-A1165329A1F1, cid=3324, SUCCESS, logIndex=4989, commits[4234af2c-5377-4886-a4e8-6fe45d0af45e:c4989, cef72988-acf5-49ad-9ec7-695a80e7a66d:c4985, d677508c-6db9-4741-b51c-49af5e4cf22f:c4985]
2019-09-08 07:08:13,577 [grpc-default-executor-6] INFO  client.GrpcClientProtocolClient (GrpcClientProtocolClient.java:onNext(264)) - client-964B0EA39D34->4234af2c-5377-4886-a4e8-6fe45d0af45e: receive RaftClientReply:client-964B0EA39D34->4234af2c-5377-4886-a4e8-6fe45d0af45e@group-A1165329A1F1, cid=3325, SUCCESS, logIndex=0, commits[4234af2c-5377-4886-a4e8-6fe45d0af45e:c4991, cef72988-acf5-49ad-9ec7-695a80e7a66d:c4987, d677508c-6db9-4741-b51c-49af5e4cf22f:c4987]
2019-09-08 07:08:13,632 [grpc-default-executor-6] INFO  client.GrpcClientProtocolClient (GrpcClientProtocolClient.java:onNext(264)) - client-964B0EA39D34->4234af2c-5377-4886-a4e8-6fe45d0af45e: receive RaftClientReply:client-964B0EA39D34->4234af2c-5377-4886-a4e8-6fe45d0af45e@group-A1165329A1F1, cid=3326, SUCCESS, logIndex=4994, commits[4234af2c-5377-4886-a4e8-6fe45d0af45e:c4995, cef72988-acf5-49ad-9ec7-695a80e7a66d:c4993, d677508c-6db9-4741-b51c-49af5e4cf22f:c4993]
2019-09-08 07:08:13,633 [grpc-default-executor-6] INFO  client.GrpcClientProtocolClient (GrpcClientProtocolClient.java:onNext(264)) - client-964B0EA39D34->4234af2c-5377-4886-a4e8-6fe45d0af45e: receive RaftClientReply:client-964B0EA39D34->4234af2c-5377-4886-a4e8-6fe45d0af45e@group-A1165329A1F1, cid=3327, SUCCESS, logIndex=4995, commits[4234af2c-5377-4886-a4e8-6fe45d0af45e:c4995, cef72988-acf5-49ad-9ec7-695a80e7a66d:c4993, d677508c-6db9-4741-b51c-49af5e4cf22f:c4993]
2019-09-08 07:08:13,645 [grpc-default-executor-6] INFO  client.GrpcClientProtocolClient (GrpcClientProtocolClient.java:onNext(264)) - client-964B0EA39D34->4234af2c-5377-4886-a4e8-6fe45d0af45e: receive RaftClientReply:client-964B0EA39D34->4234af2c-5377-4886-a4e8-6fe45d0af45e@group-A1165329A1F1, cid=3328, SUCCESS, logIndex=4998, commits[4234af2c-5377-4886-a4e8-6fe45d0af45e:c4998, cef72988-acf5-49ad-9ec7-695a80e7a66d:c4995, d677508c-6db9-4741-b51c-49af5e4cf22f:c4995]
2019-09-08 07:08:13,645 [grpc-default-executor-6] INFO  client.GrpcClientProtocolClient (GrpcClientProtocolClient.java:onNext(264)) - client-964B0EA39D34->4234af2c-5377-4886-a4e8-6fe45d0af45e: receive RaftClientReply:client-964B0EA39D34->4234af2c-5377-4886-a4e8-6fe45d0af45e@group-A1165329A1F1, cid=3329, SUCCESS, logIndex=4999, commits[4234af2c-5377-4886-a4e8-6fe45d0af45e:c4999, cef72988-acf5-49ad-9ec7-695a80e7a66d:c4995, d677508c-6db9-4741-b51c-49af5e4cf22f:c4995]
2019-09-08 07:08:13,649 [grpc-default-executor-6] INFO  client.GrpcClientProtocolClient (GrpcClientProtocolClient.java:onNext(264)) - client-964B0EA39D34->4234af2c-5377-4886-a4e8-6fe45d0af45e: receive RaftClientReply:client-964B0EA39D34->4234af2c-5377-4886-a4e8-6fe45d0af45e@group-A1165329A1F1, cid=3330, SUCCESS, logIndex=0, commits[4234af2c-5377-4886-a4e8-6fe45d0af45e:c5001, cef72988-acf5-49ad-9ec7-695a80e7a66d:c4999, d677508c-6db9-4741-b51c-49af5e4cf22f:c4999]
2019-09-08 07:08:13,761 [grpc-default-executor-3] INFO  client.GrpcClientProtocolClient (GrpcClientProtocolClient.java:onNext(264)) - client-964B0EA39D34->4234af2c-5377-4886-a4e8-6fe45d0af45e: receive RaftClientReply:client-964B0EA39D34->4234af2c-5377-4886-a4e8-6fe45d0af45e@group-A1165329A1F1, cid=3331, SUCCESS, logIndex=5002, commits[4234af2c-5377-4886-a4e8-6fe45d0af45e:c5003, cef72988-acf5-49ad-9ec7-695a80e7a66d:c5001, d677508c-6db9-4741-b51c-49af5e4cf22f:c5001]
2019-09-08 07:08:13,762 [grpc-default-executor-3] INFO  client.GrpcClientProtocolClient (GrpcClientProtocolClient.java:onNext(264)) - client-964B0EA39D34->4234af2c-5377-4886-a4e8-6fe45d0af45e: receive RaftClientReply:client-964B0EA39D34->4234af2c-5377-4886-a4e8-6fe45d0af45e@group-A1165329A1F1, cid=3332, SUCCESS, logIndex=5003, commits[4234af2c-5377-4886-a4e8-6fe45d0af45e:c5003, cef72988-acf5-49ad-9ec7-695a80e7a66d:c5001, d677508c-6db9-4741-b51c-49af5e4cf22f:c5001]
2019-09-08 07:08:13,763 [grpc-default-executor-3] INFO  client.GrpcClientProtocolClient (GrpcClientProtocolClient.java:onNext(264)) - client-964B0EA39D34->4234af2c-5377-4886-a4e8-6fe45d0af45e: receive RaftClientReply:client-964B0EA39D34->4234af2c-5377-4886-a4e8-6fe45d0af45e@group-A1165329A1F1, cid=3333, SUCCESS, logIndex=5004, commits[4234af2c-5377-4886-a4e8-6fe45d0af45e:c5005, cef72988-acf5-49ad-9ec7-695a80e7a66d:c5001, d677508c-6db9-4741-b51c-49af5e4cf22f:c5001]
2019-09-08 07:08:13,763 [grpc-default-executor-3] INFO  client.GrpcClientProtocolClient (GrpcClientProtocolClient.java:onNext(264)) - client-964B0EA39D34->4234af2c-5377-4886-a4e8-6fe45d0af45e: receive RaftClientReply:client-964B0EA39D34->4234af2c-5377-4886-a4e8-6fe45d0af45e@group-A1165329A1F1, cid=3334, SUCCESS, logIndex=5005, commits[4234af2c-5377-4886-a4e8-6fe45d0af45e:c5005, cef72988-acf5-49ad-9ec7-695a80e7a66d:c5001, d677508c-6db9-4741-b51c-49af5e4cf22f:c5001]
2019-09-08 07:08:13,765 [grpc-default-executor-3] INFO  client.GrpcClientProtocolClient (GrpcClientProtocolClient.java:onNext(264)) - client-964B0EA39D34->4234af2c-5377-4886-a4e8-6fe45d0af45e: receive RaftClientReply:client-964B0EA39D34->4234af2c-5377-4886-a4e8-6fe45d0af45e@group-A1165329A1F1, cid=3335, SUCCESS, logIndex=0, commits[4234af2c-5377-4886-a4e8-6fe45d0af45e:c5007, cef72988-acf5-49ad-9ec7-695a80e7a66d:c5003, d677508c-6db9-4741-b51c-49af5e4cf22f:c5003]
2019-09-08 07:08:13,783 [grpc-default-executor-3] INFO  client.GrpcClientProtocolClient (GrpcClientProtocolClient.java:onNext(264)) - client-964B0EA39D34->4234af2c-5377-4886-a4e8-6fe45d0af45e: receive RaftClientReply:client-964B0EA39D34->4234af2c-5377-4886-a4e8-6fe45d0af45e@group-A1165329A1F1, cid=3336, SUCCESS, logIndex=5010, commits[4234af2c-5377-4886-a4e8-6fe45d0af45e:c5011, cef72988-acf5-49ad-9ec7-695a80e7a66d:c5009, d677508c-6db9-4741-b51c-49af5e4cf22f:c5009]
2019-09-08 07:08:13,783 [grpc-default-executor-3] INFO  client.GrpcClientProtocolClient (GrpcClientProtocolClient.java:onNext(264)) - client-964B0EA39D34->4234af2c-5377-4886-a4e8-6fe45d0af45e: receive RaftClientReply:client-964B0EA39D34->4234af2c-5377-4886-a4e8-6fe45d0af45e@group-A1165329A1F1, cid=3337, SUCCESS, logIndex=5011, commits[4234af2c-5377-4886-a4e8-6fe45d0af45e:c5011, cef72988-acf5-49ad-9ec7-695a80e7a66d:c5009, d677508c-6db9-4741-b51c-49af5e4cf22f:c5009]
2019-09-08 07:08:13,794 [grpc-default-executor-3] INFO  client.GrpcClientProtocolClient (GrpcClientProtocolClient.java:onNext(264)) - client-964B0EA39D34->4234af2c-5377-4886-a4e8-6fe45d0af45e: receive RaftClientReply:client-964B0EA39D34->4234af2c-5377-4886-a4e8-6fe45d0af45e@group-A1165329A1F1, cid=3338, SUCCESS, logIndex=5014, commits[4234af2c-5377-4886-a4e8-6fe45d0af45e:c5015, cef72988-acf5-49ad-9ec7-695a80e7a66d:c5013, d677508c-6db9-4741-b51c-49af5e4cf22f:c5011]
2019-09-08 07:08:13,794 [grpc-default-executor-3] INFO  client.GrpcClientProtocolClient (GrpcClientProtocolClient.java:onNext(264)) - client-964B0EA39D34->4234af2c-5377-4886-a4e8-6fe45d0af45e: receive RaftClientReply:client-964B0EA39D34->4234af2c-5377-4886-a4e8-6fe45d0af45e@group-A1165329A1F1, cid=3339, SUCCESS, logIndex=5015, commits[4234af2c-5377-4886-a4e8-6fe45d0af45e:c5015, cef72988-acf5-49ad-9ec7-695a80e7a66d:c5013, d677508c-6db9-4741-b51c-49af5e4cf22f:c5013]
2019-09-08 07:08:13,795 [grpc-default-executor-0] INFO  client.GrpcClientProtocolClient (GrpcClientProtocolClient.java:onNext(264)) - client-964B0EA39D34->4234af2c-5377-4886-a4e8-6fe45d0af45e: receive RaftClientReply:client-964B0EA39D34->4234af2c-5377-4886-a4e8-6fe45d0af45e@group-A1165329A1F1, cid=3340, SUCCESS, logIndex=0, commits[4234af2c-5377-4886-a4e8-6fe45d0af45e:c5016, cef72988-acf5-49ad-9ec7-695a80e7a66d:c5015, d677508c-6db9-4741-b51c-49af5e4cf22f:c5015]
2019-09-08 07:08:13,815 [grpc-default-executor-4] INFO  client.GrpcClientProtocolClient (GrpcClientProtocolClient.java:onNext(264)) - client-964B0EA39D34->4234af2c-5377-4886-a4e8-6fe45d0af45e: receive RaftClientReply:client-964B0EA39D34->4234af2c-5377-4886-a4e8-6fe45d0af45e@group-A1165329A1F1, cid=3341, SUCCESS, logIndex=5018, commits[4234af2c-5377-4886-a4e8-6fe45d0af45e:c5019, cef72988-acf5-49ad-9ec7-695a80e7a66d:c5015, d677508c-6db9-4741-b51c-49af5e4cf22f:c5017]
2019-09-08 07:08:13,816 [grpc-default-executor-4] INFO  client.GrpcClientProtocolClient (GrpcClientProtocolClient.java:onNext(264)) - client-964B0EA39D34->4234af2c-5377-4886-a4e8-6fe45d0af45e: receive RaftClientReply:client-964B0EA39D34->4234af2c-5377-4886-a4e8-6fe45d0af45e@group-A1165329A1F1, cid=3342, SUCCESS, logIndex=5019, commits[4234af2c-5377-4886-a4e8-6fe45d0af45e:c5019, cef72988-acf5-49ad-9ec7-695a80e7a66d:c5017, d677508c-6db9-4741-b51c-49af5e4cf22f:c5017]
2019-09-08 07:08:13,819 [grpc-default-executor-3] INFO  client.GrpcClientProtocolClient (GrpcClientProtocolClient.java:onNext(264)) - client-964B0EA39D34->4234af2c-5377-4886-a4e8-6fe45d0af45e: receive RaftClientReply:client-964B0EA39D34->4234af2c-5377-4886-a4e8-6fe45d0af45e@group-A1165329A1F1, cid=3343, SUCCESS, logIndex=5020, commits[4234af2c-5377-4886-a4e8-6fe45d0af45e:c5020, cef72988-acf5-49ad-9ec7-695a80e7a66d:c5017, d677508c-6db9-4741-b51c-49af5e4cf22f:c5017]
2019-09-08 07:08:13,819 [grpc-default-executor-3] INFO  client.GrpcClientProtocolClient (GrpcClientProtocolClient.java:onNext(264)) - client-964B0EA39D34->4234af2c-5377-4886-a4e8-6fe45d0af45e: receive RaftClientReply:client-964B0EA39D34->4234af2c-5377-4886-a4e8-6fe45d0af45e@group-A1165329A1F1, cid=3344, SUCCESS, logIndex=5021, commits[4234af2c-5377-4886-a4e8-6fe45d0af45e:c5023, cef72988-acf5-49ad-9ec7-695a80e7a66d:c5019, d677508c-6db9-4741-b51c-49af5e4cf22f:c5017]
2019-09-08 07:08:13,820 [grpc-default-executor-3] INFO  client.GrpcClientProtocolClient (GrpcClientProtocolClient.java:onNext(264)) - client-964B0EA39D34->4234af2c-5377-4886-a4e8-6fe45d0af45e: receive RaftClientReply:client-964B0EA39D34->4234af2c-5377-4886-a4e8-6fe45d0af45e@group-A1165329A1F1, cid=3345, SUCCESS, logIndex=0, commits[4234af2c-5377-4886-a4e8-6fe45d0af45e:c5023, cef72988-acf5-49ad-9ec7-695a80e7a66d:c5019, d677508c-6db9-4741-b51c-49af5e4cf22f:c5019]
2019-09-08 07:08:13,832 [grpc-default-executor-0] INFO  client.GrpcClientProtocolClient (GrpcClientProtocolClient.java:onNext(264)) - client-964B0EA39D34->4234af2c-5377-4886-a4e8-6fe45d0af45e: receive RaftClientReply:client-964B0EA39D34->4234af2c-5377-4886-a4e8-6fe45d0af45e@group-A1165329A1F1, cid=3346, SUCCESS, logIndex=5025, commits[4234af2c-5377-4886-a4e8-6fe45d0af45e:c5026, cef72988-acf5-49ad-9ec7-695a80e7a66d:c5024, d677508c-6db9-4741-b51c-49af5e4cf22f:c5024]
2019-09-08 07:08:13,832 [grpc-default-executor-0] INFO  client.GrpcClientProtocolClient (GrpcClientProtocolClient.java:onNext(264)) - client-964B0EA39D34->4234af2c-5377-4886-a4e8-6fe45d0af45e: receive RaftClientReply:client-964B0EA39D34->4234af2c-5377-4886-a4e8-6fe45d0af45e@group-A1165329A1F1, cid=3347, SUCCESS, logIndex=5026, commits[4234af2c-5377-4886-a4e8-6fe45d0af45e:c5026, cef72988-acf5-49ad-9ec7-695a80e7a66d:c5024, d677508c-6db9-4741-b51c-49af5e4cf22f:c5024]
2019-09-08 07:08:13,847 [grpc-default-executor-4] INFO  client.GrpcClientProtocolClient (GrpcClientProtocolClient.java:onNext(264)) - client-964B0EA39D34->4234af2c-5377-4886-a4e8-6fe45d0af45e: receive RaftClientReply:client-964B0EA39D34->4234af2c-5377-4886-a4e8-6fe45d0af45e@group-A1165329A1F1, cid=3348, SUCCESS, logIndex=5029, commits[4234af2c-5377-4886-a4e8-6fe45d0af45e:c5030, cef72988-acf5-49ad-9ec7-695a80e7a66d:c5028, d677508c-6db9-4741-b51c-49af5e4cf22f:c5028]
2019-09-08 07:08:13,848 [grpc-default-executor-4] INFO  client.GrpcClientProtocolClient (GrpcClientProtocolClient.java:onNext(264)) - client-964B0EA39D34->4234af2c-5377-4886-a4e8-6fe45d0af45e: receive RaftClientReply:client-964B0EA39D34->4234af2c-5377-4886-a4e8-6fe45d0af45e@group-A1165329A1F1, cid=3349, SUCCESS, logIndex=5030, commits[4234af2c-5377-4886-a4e8-6fe45d0af45e:c5030, cef72988-acf5-49ad-9ec7-695a80e7a66d:c5028, d677508c-6db9-4741-b51c-49af5e4cf22f:c5028]
2019-09-08 07:08:13,987 [grpc-default-executor-0] INFO  client.GrpcClientProtocolClient (GrpcClientProtocolClient.java:onNext(264)) - client-964B0EA39D34->4234af2c-5377-4886-a4e8-6fe45d0af45e: receive RaftClientReply:client-964B0EA39D34->4234af2c-5377-4886-a4e8-6fe45d0af45e@group-A1165329A1F1, cid=3350, SUCCESS, logIndex=0, commits[4234af2c-5377-4886-a4e8-6fe45d0af45e:c5031, cef72988-acf5-49ad-9ec7-695a80e7a66d:c5030, d677508c-6db9-4741-b51c-49af5e4cf22f:c5030]
2019-09-08 07:08:14,018 [grpc-default-executor-4] INFO  client.GrpcClientProtocolClient (GrpcClientProtocolClient.java:onNext(264)) - client-964B0EA39D34->4234af2c-5377-4886-a4e8-6fe45d0af45e: receive RaftClientReply:client-964B0EA39D34->4234af2c-5377-4886-a4e8-6fe45d0af45e@group-A1165329A1F1, cid=3351, SUCCESS, logIndex=5033, commits[4234af2c-5377-4886-a4e8-6fe45d0af45e:c5034, cef72988-acf5-49ad-9ec7-695a80e7a66d:c5032, d677508c-6db9-4741-b51c-49af5e4cf22f:c5032]
2019-09-08 07:08:14,018 [grpc-default-executor-4] INFO  client.GrpcClientProtocolClient (GrpcClientProtocolClient.java:onNext(264)) - client-964B0EA39D34->4234af2c-5377-4886-a4e8-6fe45d0af45e: receive RaftClientReply:client-964B0EA39D34->4234af2c-5377-4886-a4e8-6fe45d0af45e@group-A1165329A1F1, cid=3352, SUCCESS, logIndex=5034, commits[4234af2c-5377-4886-a4e8-6fe45d0af45e:c5034, cef72988-acf5-49ad-9ec7-695a80e7a66d:c5032, d677508c-6db9-4741-b51c-49af5e4cf22f:c5032]
2019-09-08 07:08:14,019 [grpc-default-executor-3] INFO  client.GrpcClientProtocolClient (GrpcClientProtocolClient.java:onNext(264)) - client-964B0EA39D34->4234af2c-5377-4886-a4e8-6fe45d0af45e: receive RaftClientReply:client-964B0EA39D34->4234af2c-5377-4886-a4e8-6fe45d0af45e@group-A1165329A1F1, cid=3353, SUCCESS, logIndex=5035, commits[4234af2c-5377-4886-a4e8-6fe45d0af45e:c5036, cef72988-acf5-49ad-9ec7-695a80e7a66d:c5032, d677508c-6db9-4741-b51c-49af5e4cf22f:c5032]
2019-09-08 07:08:14,020 [grpc-default-executor-3] INFO  client.GrpcClientProtocolClient (GrpcClientProtocolClient.java:onNext(264)) - client-964B0EA39D34->4234af2c-5377-4886-a4e8-6fe45d0af45e: receive RaftClientReply:client-964B0EA39D34->4234af2c-5377-4886-a4e8-6fe45d0af45e@group-A1165329A1F1, cid=3354, SUCCESS, logIndex=5036, commits[4234af2c-5377-4886-a4e8-6fe45d0af45e:c5036, cef72988-acf5-49ad-9ec7-695a80e7a66d:c5032, d677508c-6db9-4741-b51c-49af5e4cf22f:c5032]
2019-09-08 07:08:14,021 [grpc-default-executor-4] INFO  client.GrpcClientProtocolClient (GrpcClientProtocolClient.java:onNext(264)) - client-964B0EA39D34->4234af2c-5377-4886-a4e8-6fe45d0af45e: receive RaftClientReply:client-964B0EA39D34->4234af2c-5377-4886-a4e8-6fe45d0af45e@group-A1165329A1F1, cid=3355, SUCCESS, logIndex=0, commits[4234af2c-5377-4886-a4e8-6fe45d0af45e:c5038, cef72988-acf5-49ad-9ec7-695a80e7a66d:c5034, d677508c-6db9-4741-b51c-49af5e4cf22f:c5034]
2019-09-08 07:08:14,039 [grpc-default-executor-0] INFO  client.GrpcClientProtocolClient (GrpcClientProtocolClient.java:onNext(264)) - client-964B0EA39D34->4234af2c-5377-4886-a4e8-6fe45d0af45e: receive RaftClientReply:client-964B0EA39D34->4234af2c-5377-4886-a4e8-6fe45d0af45e@group-A1165329A1F1, cid=3356, SUCCESS, logIndex=5041, commits[4234af2c-5377-4886-a4e8-6fe45d0af45e:c5042, cef72988-acf5-49ad-9ec7-695a80e7a66d:c5040, d677508c-6db9-4741-b51c-49af5e4cf22f:c5040]
2019-09-08 07:08:14,039 [grpc-default-executor-0] INFO  client.GrpcClientProtocolClient (GrpcClientProtocolClient.java:onNext(264)) - client-964B0EA39D34->4234af2c-5377-4886-a4e8-6fe45d0af45e: receive RaftClientReply:client-964B0EA39D34->4234af2c-5377-4886-a4e8-6fe45d0af45e@group-A1165329A1F1, cid=3357, SUCCESS, logIndex=5042, commits[4234af2c-5377-4886-a4e8-6fe45d0af45e:c5042, cef72988-acf5-49ad-9ec7-695a80e7a66d:c5040, d677508c-6db9-4741-b51c-49af5e4cf22f:c5040]
2019-09-08 07:08:14,053 [grpc-default-executor-4] INFO  client.GrpcClientProtocolClient (GrpcClientProtocolClient.java:onNext(264)) - client-964B0EA39D34->4234af2c-5377-4886-a4e8-6fe45d0af45e: receive RaftClientReply:client-964B0EA39D34->4234af2c-5377-4886-a4e8-6fe45d0af45e@group-A1165329A1F1, cid=3358, SUCCESS, logIndex=5045, commits[4234af2c-5377-4886-a4e8-6fe45d0af45e:c5046, cef72988-acf5-49ad-9ec7-695a80e7a66d:c5042, d677508c-6db9-4741-b51c-49af5e4cf22f:c5042]
2019-09-08 07:08:14,053 [grpc-default-executor-4] INFO  client.GrpcClientProtocolClient (GrpcClientProtocolClient.java:onNext(264)) - client-964B0EA39D34->4234af2c-5377-4886-a4e8-6fe45d0af45e: receive RaftClientReply:client-964B0EA39D34->4234af2c-5377-4886-a4e8-6fe45d0af45e@group-A1165329A1F1, cid=3359, SUCCESS, logIndex=5046, commits[4234af2c-5377-4886-a4e8-6fe45d0af45e:c5046, cef72988-acf5-49ad-9ec7-695a80e7a66d:c5042, d677508c-6db9-4741-b51c-49af5e4cf22f:c5042]
2019-09-08 07:08:14,058 [grpc-default-executor-4] INFO  client.GrpcClientProtocolClient (GrpcClientProtocolClient.java:onNext(264)) - client-964B0EA39D34->4234af2c-5377-4886-a4e8-6fe45d0af45e: receive RaftClientReply:client-964B0EA39D34->4234af2c-5377-4886-a4e8-6fe45d0af45e@group-A1165329A1F1, cid=3360, SUCCESS, logIndex=0, commits[4234af2c-5377-4886-a4e8-6fe45d0af45e:c5048, cef72988-acf5-49ad-9ec7-695a80e7a66d:c5046, d677508c-6db9-4741-b51c-49af5e4cf22f:c5046]
2019-09-08 07:08:14,095 [grpc-default-executor-3] INFO  client.GrpcClientProtocolClient (GrpcClientProtocolClient.java:onNext(264)) - client-964B0EA39D34->4234af2c-5377-4886-a4e8-6fe45d0af45e: receive RaftClientReply:client-964B0EA39D34->4234af2c-5377-4886-a4e8-6fe45d0af45e@group-A1165329A1F1, cid=3361, SUCCESS, logIndex=5049, commits[4234af2c-5377-4886-a4e8-6fe45d0af45e:c5050, cef72988-acf5-49ad-9ec7-695a80e7a66d:c5048, d677508c-6db9-4741-b51c-49af5e4cf22f:c5048]
2019-09-08 07:08:14,095 [grpc-default-executor-3] INFO  client.GrpcClientProtocolClient (GrpcClientProtocolClient.java:onNext(264)) - client-964B0EA39D34->4234af2c-5377-4886-a4e8-6fe45d0af45e: receive RaftClientReply:client-964B0EA39D34->4234af2c-5377-4886-a4e8-6fe45d0af45e@group-A1165329A1F1, cid=3362, SUCCESS, logIndex=5050, commits[4234af2c-5377-4886-a4e8-6fe45d0af45e:c5050, cef72988-acf5-49ad-9ec7-695a80e7a66d:c5048, d677508c-6db9-4741-b51c-49af5e4cf22f:c5048]
 0.00% |█                                                                                                    |  0/1 Time: 0:00:542019-09-08 07:08:14,108 [grpc-default-executor-0] INFO  client.GrpcClientProtocolClient (GrpcClientProtocolClient.java:onNext(264)) - client-964B0EA39D34->4234af2c-5377-4886-a4e8-6fe45d0af45e: receive RaftClientReply:client-964B0EA39D34->4234af2c-5377-4886-a4e8-6fe45d0af45e@group-A1165329A1F1, cid=3363, SUCCESS, logIndex=5051, commits[4234af2c-5377-4886-a4e8-6fe45d0af45e:c5052, cef72988-acf5-49ad-9ec7-695a80e7a66d:c5048, d677508c-6db9-4741-b51c-49af5e4cf22f:c5048]
2019-09-08 07:08:14,108 [grpc-default-executor-0] INFO  client.GrpcClientProtocolClient (GrpcClientProtocolClient.java:onNext(264)) - client-964B0EA39D34->4234af2c-5377-4886-a4e8-6fe45d0af45e: receive RaftClientReply:client-964B0EA39D34->4234af2c-5377-4886-a4e8-6fe45d0af45e@group-A1165329A1F1, cid=3364, SUCCESS, logIndex=5052, commits[4234af2c-5377-4886-a4e8-6fe45d0af45e:c5052, cef72988-acf5-49ad-9ec7-695a80e7a66d:c5048, d677508c-6db9-4741-b51c-49af5e4cf22f:c5048]
2019-09-08 07:08:14,119 [grpc-default-executor-0] INFO  client.GrpcClientProtocolClient (GrpcClientProtocolClient.java:onNext(264)) - client-964B0EA39D34->4234af2c-5377-4886-a4e8-6fe45d0af45e: receive RaftClientReply:client-964B0EA39D34->4234af2c-5377-4886-a4e8-6fe45d0af45e@group-A1165329A1F1, cid=3365, SUCCESS, logIndex=0, commits[4234af2c-5377-4886-a4e8-6fe45d0af45e:c5054, cef72988-acf5-49ad-9ec7-695a80e7a66d:c5050, d677508c-6db9-4741-b51c-49af5e4cf22f:c5050]
2019-09-08 07:08:14,135 [grpc-default-executor-3] INFO  client.GrpcClientProtocolClient (GrpcClientProtocolClient.java:onNext(264)) - client-964B0EA39D34->4234af2c-5377-4886-a4e8-6fe45d0af45e: receive RaftClientReply:client-964B0EA39D34->4234af2c-5377-4886-a4e8-6fe45d0af45e@group-A1165329A1F1, cid=3366, SUCCESS, logIndex=5057, commits[4234af2c-5377-4886-a4e8-6fe45d0af45e:c5058, cef72988-acf5-49ad-9ec7-695a80e7a66d:c5056, d677508c-6db9-4741-b51c-49af5e4cf22f:c5056]
2019-09-08 07:08:14,135 [grpc-default-executor-3] INFO  client.GrpcClientProtocolClient (GrpcClientProtocolClient.java:onNext(264)) - client-964B0EA39D34->4234af2c-5377-4886-a4e8-6fe45d0af45e: receive RaftClientReply:client-964B0EA39D34->4234af2c-5377-4886-a4e8-6fe45d0af45e@group-A1165329A1F1, cid=3367, SUCCESS, logIndex=5058, commits[4234af2c-5377-4886-a4e8-6fe45d0af45e:c5058, cef72988-acf5-49ad-9ec7-695a80e7a66d:c5056, d677508c-6db9-4741-b51c-49af5e4cf22f:c5056]
2019-09-08 07:08:14,154 [grpc-default-executor-3] INFO  client.GrpcClientProtocolClient (GrpcClientProtocolClient.java:onNext(264)) - client-964B0EA39D34->4234af2c-5377-4886-a4e8-6fe45d0af45e: receive RaftClientReply:client-964B0EA39D34->4234af2c-5377-4886-a4e8-6fe45d0af45e@group-A1165329A1F1, cid=3368, SUCCESS, logIndex=5061, commits[4234af2c-5377-4886-a4e8-6fe45d0af45e:c5062, cef72988-acf5-49ad-9ec7-695a80e7a66d:c5060, d677508c-6db9-4741-b51c-49af5e4cf22f:c5060]
2019-09-08 07:08:14,154 [grpc-default-executor-3] INFO  client.GrpcClientProtocolClient (GrpcClientProtocolClient.java:onNext(264)) - client-964B0EA39D34->4234af2c-5377-4886-a4e8-6fe45d0af45e: receive RaftClientReply:client-964B0EA39D34->4234af2c-5377-4886-a4e8-6fe45d0af45e@group-A1165329A1F1, cid=3369, SUCCESS, logIndex=5062, commits[4234af2c-5377-4886-a4e8-6fe45d0af45e:c5062, cef72988-acf5-49ad-9ec7-695a80e7a66d:c5060, d677508c-6db9-4741-b51c-49af5e4cf22f:c5060]
2019-09-08 07:08:14,155 [grpc-default-executor-0] INFO  client.GrpcClientProtocolClient (GrpcClientProtocolClient.java:onNext(264)) - client-964B0EA39D34->4234af2c-5377-4886-a4e8-6fe45d0af45e: receive RaftClientReply:client-964B0EA39D34->4234af2c-5377-4886-a4e8-6fe45d0af45e@group-A1165329A1F1, cid=3370, SUCCESS, logIndex=0, commits[4234af2c-5377-4886-a4e8-6fe45d0af45e:c5063, cef72988-acf5-49ad-9ec7-695a80e7a66d:c5062, d677508c-6db9-4741-b51c-49af5e4cf22f:c5062]
2019-09-08 07:08:14,179 [grpc-default-executor-3] INFO  client.GrpcClientProtocolClient (GrpcClientProtocolClient.java:onNext(264)) - client-964B0EA39D34->4234af2c-5377-4886-a4e8-6fe45d0af45e: receive RaftClientReply:client-964B0EA39D34->4234af2c-5377-4886-a4e8-6fe45d0af45e@group-A1165329A1F1, cid=3371, SUCCESS, logIndex=5065, commits[4234af2c-5377-4886-a4e8-6fe45d0af45e:c5066, cef72988-acf5-49ad-9ec7-695a80e7a66d:c5064, d677508c-6db9-4741-b51c-49af5e4cf22f:c5064]
2019-09-08 07:08:14,179 [grpc-default-executor-3] INFO  client.GrpcClientProtocolClient (GrpcClientProtocolClient.java:onNext(264)) - client-964B0EA39D34->4234af2c-5377-4886-a4e8-6fe45d0af45e: receive RaftClientReply:client-964B0EA39D34->4234af2c-5377-4886-a4e8-6fe45d0af45e@group-A1165329A1F1, cid=3372, SUCCESS, logIndex=5066, commits[4234af2c-5377-4886-a4e8-6fe45d0af45e:c5066, cef72988-acf5-49ad-9ec7-695a80e7a66d:c5064, d677508c-6db9-4741-b51c-49af5e4cf22f:c5064]
2019-09-08 07:08:14,181 [grpc-default-executor-4] INFO  client.GrpcClientProtocolClient (GrpcClientProtocolClient.java:onNext(264)) - client-964B0EA39D34->4234af2c-5377-4886-a4e8-6fe45d0af45e: receive RaftClientReply:client-964B0EA39D34->4234af2c-5377-4886-a4e8-6fe45d0af45e@group-A1165329A1F1, cid=3373, SUCCESS, logIndex=5067, commits[4234af2c-5377-4886-a4e8-6fe45d0af45e:c5068, cef72988-acf5-49ad-9ec7-695a80e7a66d:c5064, d677508c-6db9-4741-b51c-49af5e4cf22f:c5064]
2019-09-08 07:08:14,181 [grpc-default-executor-4] INFO  client.GrpcClientProtocolClient (GrpcClientProtocolClient.java:onNext(264)) - client-964B0EA39D34->4234af2c-5377-4886-a4e8-6fe45d0af45e: receive RaftClientReply:client-964B0EA39D34->4234af2c-5377-4886-a4e8-6fe45d0af45e@group-A1165329A1F1, cid=3374, SUCCESS, logIndex=5068, commits[4234af2c-5377-4886-a4e8-6fe45d0af45e:c5069, cef72988-acf5-49ad-9ec7-695a80e7a66d:c5064, d677508c-6db9-4741-b51c-49af5e4cf22f:c5065]
2019-09-08 07:08:14,182 [grpc-default-executor-4] INFO  client.GrpcClientProtocolClient (GrpcClientProtocolClient.java:onNext(264)) - client-964B0EA39D34->4234af2c-5377-4886-a4e8-6fe45d0af45e: receive RaftClientReply:client-964B0EA39D34->4234af2c-5377-4886-a4e8-6fe45d0af45e@group-A1165329A1F1, cid=3375, SUCCESS, logIndex=0, commits[4234af2c-5377-4886-a4e8-6fe45d0af45e:c5070, cef72988-acf5-49ad-9ec7-695a80e7a66d:c5066, d677508c-6db9-4741-b51c-49af5e4cf22f:c5066]
2019-09-08 07:08:14,197 [grpc-default-executor-4] INFO  client.GrpcClientProtocolClient (GrpcClientProtocolClient.java:onNext(264)) - client-964B0EA39D34->4234af2c-5377-4886-a4e8-6fe45d0af45e: receive RaftClientReply:client-964B0EA39D34->4234af2c-5377-4886-a4e8-6fe45d0af45e@group-A1165329A1F1, cid=3376, SUCCESS, logIndex=5072, commits[4234af2c-5377-4886-a4e8-6fe45d0af45e:c5073, cef72988-acf5-49ad-9ec7-695a80e7a66d:c5071, d677508c-6db9-4741-b51c-49af5e4cf22f:c5071]
2019-09-08 07:08:14,197 [grpc-default-executor-4] INFO  client.GrpcClientProtocolClient (GrpcClientProtocolClient.java:onNext(264)) - client-964B0EA39D34->4234af2c-5377-4886-a4e8-6fe45d0af45e: receive RaftClientReply:client-964B0EA39D34->4234af2c-5377-4886-a4e8-6fe45d0af45e@group-A1165329A1F1, cid=3377, SUCCESS, logIndex=5073, commits[4234af2c-5377-4886-a4e8-6fe45d0af45e:c5073, cef72988-acf5-49ad-9ec7-695a80e7a66d:c5071, d677508c-6db9-4741-b51c-49af5e4cf22f:c5071]
2019-09-08 07:08:14,208 [grpc-default-executor-3] INFO  client.GrpcClientProtocolClient (GrpcClientProtocolClient.java:onNext(264)) - client-964B0EA39D34->4234af2c-5377-4886-a4e8-6fe45d0af45e: receive RaftClientReply:client-964B0EA39D34->4234af2c-5377-4886-a4e8-6fe45d0af45e@group-A1165329A1F1, cid=3378, SUCCESS, logIndex=5076, commits[4234af2c-5377-4886-a4e8-6fe45d0af45e:c5077, cef72988-acf5-49ad-9ec7-695a80e7a66d:c5075, d677508c-6db9-4741-b51c-49af5e4cf22f:c5073]
2019-09-08 07:08:14,208 [grpc-default-executor-3] INFO  client.GrpcClientProtocolClient (GrpcClientProtocolClient.java:onNext(264)) - client-964B0EA39D34->4234af2c-5377-4886-a4e8-6fe45d0af45e: receive RaftClientReply:client-964B0EA39D34->4234af2c-5377-4886-a4e8-6fe45d0af45e@group-A1165329A1F1, cid=3379, SUCCESS, logIndex=5077, commits[4234af2c-5377-4886-a4e8-6fe45d0af45e:c5077, cef72988-acf5-49ad-9ec7-695a80e7a66d:c5075, d677508c-6db9-4741-b51c-49af5e4cf22f:c5075]
2019-09-08 07:08:14,210 [grpc-default-executor-4] INFO  client.GrpcClientProtocolClient (GrpcClientProtocolClient.java:onNext(264)) - client-964B0EA39D34->4234af2c-5377-4886-a4e8-6fe45d0af45e: receive RaftClientReply:client-964B0EA39D34->4234af2c-5377-4886-a4e8-6fe45d0af45e@group-A1165329A1F1, cid=3380, SUCCESS, logIndex=0, commits[4234af2c-5377-4886-a4e8-6fe45d0af45e:c5078, cef72988-acf5-49ad-9ec7-695a80e7a66d:c5077, d677508c-6db9-4741-b51c-49af5e4cf22f:c5077]
2019-09-08 07:08:14,232 [grpc-default-executor-3] INFO  client.GrpcClientProtocolClient (GrpcClientProtocolClient.java:onNext(264)) - client-964B0EA39D34->4234af2c-5377-4886-a4e8-6fe45d0af45e: receive RaftClientReply:client-964B0EA39D34->4234af2c-5377-4886-a4e8-6fe45d0af45e@group-A1165329A1F1, cid=3381, SUCCESS, logIndex=5080, commits[4234af2c-5377-4886-a4e8-6fe45d0af45e:c5081, cef72988-acf5-49ad-9ec7-695a80e7a66d:c5079, d677508c-6db9-4741-b51c-49af5e4cf22f:c5077]
2019-09-08 07:08:14,233 [grpc-default-executor-3] INFO  client.GrpcClientProtocolClient (GrpcClientProtocolClient.java:onNext(264)) - client-964B0EA39D34->4234af2c-5377-4886-a4e8-6fe45d0af45e: receive RaftClientReply:client-964B0EA39D34->4234af2c-5377-4886-a4e8-6fe45d0af45e@group-A1165329A1F1, cid=3382, SUCCESS, logIndex=5081, commits[4234af2c-5377-4886-a4e8-6fe45d0af45e:c5081, cef72988-acf5-49ad-9ec7-695a80e7a66d:c5079, d677508c-6db9-4741-b51c-49af5e4cf22f:c5077]
2019-09-08 07:08:14,236 [grpc-default-executor-4] INFO  client.GrpcClientProtocolClient (GrpcClientProtocolClient.java:onNext(264)) - client-964B0EA39D34->4234af2c-5377-4886-a4e8-6fe45d0af45e: receive RaftClientReply:client-964B0EA39D34->4234af2c-5377-4886-a4e8-6fe45d0af45e@group-A1165329A1F1, cid=3383, SUCCESS, logIndex=5082, commits[4234af2c-5377-4886-a4e8-6fe45d0af45e:c5085, cef72988-acf5-49ad-9ec7-695a80e7a66d:c5081, d677508c-6db9-4741-b51c-49af5e4cf22f:c5080]
2019-09-08 07:08:14,236 [grpc-default-executor-4] INFO  client.GrpcClientProtocolClient (GrpcClientProtocolClient.java:onNext(264)) - client-964B0EA39D34->4234af2c-5377-4886-a4e8-6fe45d0af45e: receive RaftClientReply:client-964B0EA39D34->4234af2c-5377-4886-a4e8-6fe45d0af45e@group-A1165329A1F1, cid=3384, SUCCESS, logIndex=5083, commits[4234af2c-5377-4886-a4e8-6fe45d0af45e:c5085, cef72988-acf5-49ad-9ec7-695a80e7a66d:c5081, d677508c-6db9-4741-b51c-49af5e4cf22f:c5081]
2019-09-08 07:08:14,246 [grpc-default-executor-6] INFO  client.GrpcClientProtocolClient (GrpcClientProtocolClient.java:onNext(264)) - client-964B0EA39D34->4234af2c-5377-4886-a4e8-6fe45d0af45e: receive RaftClientReply:client-964B0EA39D34->4234af2c-5377-4886-a4e8-6fe45d0af45e@group-A1165329A1F1, cid=3385, SUCCESS, logIndex=5088, commits[4234af2c-5377-4886-a4e8-6fe45d0af45e:c5089, cef72988-acf5-49ad-9ec7-695a80e7a66d:c5083, d677508c-6db9-4741-b51c-49af5e4cf22f:c5087]
2019-09-08 07:08:14,247 [grpc-default-executor-6] INFO  client.GrpcClientProtocolClient (GrpcClientProtocolClient.java:onNext(264)) - client-964B0EA39D34->4234af2c-5377-4886-a4e8-6fe45d0af45e: receive RaftClientReply:client-964B0EA39D34->4234af2c-5377-4886-a4e8-6fe45d0af45e@group-A1165329A1F1, cid=3386, SUCCESS, logIndex=5089, commits[4234af2c-5377-4886-a4e8-6fe45d0af45e:c5089, cef72988-acf5-49ad-9ec7-695a80e7a66d:c5087, d677508c-6db9-4741-b51c-49af5e4cf22f:c5087]
2019-09-08 07:08:14,258 [grpc-default-executor-6] INFO  client.GrpcClientProtocolClient (GrpcClientProtocolClient.java:onNext(264)) - client-964B0EA39D34->4234af2c-5377-4886-a4e8-6fe45d0af45e: receive RaftClientReply:client-964B0EA39D34->4234af2c-5377-4886-a4e8-6fe45d0af45e@group-A1165329A1F1, cid=3387, SUCCESS, logIndex=5092, commits[4234af2c-5377-4886-a4e8-6fe45d0af45e:c5093, cef72988-acf5-49ad-9ec7-695a80e7a66d:c5089, d677508c-6db9-4741-b51c-49af5e4cf22f:c5091]
2019-09-08 07:08:14,258 [grpc-default-executor-6] INFO  client.GrpcClientProtocolClient (GrpcClientProtocolClient.java:onNext(264)) - client-964B0EA39D34->4234af2c-5377-4886-a4e8-6fe45d0af45e: receive RaftClientReply:client-964B0EA39D34->4234af2c-5377-4886-a4e8-6fe45d0af45e@group-A1165329A1F1, cid=3388, SUCCESS, logIndex=5093, commits[4234af2c-5377-4886-a4e8-6fe45d0af45e:c5093, cef72988-acf5-49ad-9ec7-695a80e7a66d:c5091, d677508c-6db9-4741-b51c-49af5e4cf22f:c5091]
2019-09-08 07:08:14,260 [grpc-default-executor-6] INFO  client.GrpcClientProtocolClient (GrpcClientProtocolClient.java:onNext(264)) - client-964B0EA39D34->4234af2c-5377-4886-a4e8-6fe45d0af45e: receive RaftClientReply:client-964B0EA39D34->4234af2c-5377-4886-a4e8-6fe45d0af45e@group-A1165329A1F1, cid=3389, SUCCESS, logIndex=0, commits[4234af2c-5377-4886-a4e8-6fe45d0af45e:c5094, cef72988-acf5-49ad-9ec7-695a80e7a66d:c5093, d677508c-6db9-4741-b51c-49af5e4cf22f:c5093]
2019-09-08 07:08:14,287 [grpc-default-executor-6] INFO  client.GrpcClientProtocolClient (GrpcClientProtocolClient.java:onNext(264)) - client-964B0EA39D34->4234af2c-5377-4886-a4e8-6fe45d0af45e: receive RaftClientReply:client-964B0EA39D34->4234af2c-5377-4886-a4e8-6fe45d0af45e@group-A1165329A1F1, cid=3390, SUCCESS, logIndex=5096, commits[4234af2c-5377-4886-a4e8-6fe45d0af45e:c5096, cef72988-acf5-49ad-9ec7-695a80e7a66d:c5095, d677508c-6db9-4741-b51c-49af5e4cf22f:c5093]
2019-09-08 07:08:14,288 [grpc-default-executor-6] INFO  client.GrpcClientProtocolClient (GrpcClientProtocolClient.java:onNext(264)) - client-964B0EA39D34->4234af2c-5377-4886-a4e8-6fe45d0af45e: receive RaftClientReply:client-964B0EA39D34->4234af2c-5377-4886-a4e8-6fe45d0af45e@group-A1165329A1F1, cid=3391, SUCCESS, logIndex=5097, commits[4234af2c-5377-4886-a4e8-6fe45d0af45e:c5097, cef72988-acf5-49ad-9ec7-695a80e7a66d:c5095, d677508c-6db9-4741-b51c-49af5e4cf22f:c5095]
2019-09-08 07:08:14,290 [grpc-default-executor-6] INFO  client.GrpcClientProtocolClient (GrpcClientProtocolClient.java:onNext(264)) - client-964B0EA39D34->4234af2c-5377-4886-a4e8-6fe45d0af45e: receive RaftClientReply:client-964B0EA39D34->4234af2c-5377-4886-a4e8-6fe45d0af45e@group-A1165329A1F1, cid=3392, SUCCESS, logIndex=5098, commits[4234af2c-5377-4886-a4e8-6fe45d0af45e:c5099, cef72988-acf5-49ad-9ec7-695a80e7a66d:c5095, d677508c-6db9-4741-b51c-49af5e4cf22f:c5095]
2019-09-08 07:08:14,291 [grpc-default-executor-6] INFO  client.GrpcClientProtocolClient (GrpcClientProtocolClient.java:onNext(264)) - client-964B0EA39D34->4234af2c-5377-4886-a4e8-6fe45d0af45e: receive RaftClientReply:client-964B0EA39D34->4234af2c-5377-4886-a4e8-6fe45d0af45e@group-A1165329A1F1, cid=3393, SUCCESS, logIndex=5099, commits[4234af2c-5377-4886-a4e8-6fe45d0af45e:c5099, cef72988-acf5-49ad-9ec7-695a80e7a66d:c5095, d677508c-6db9-4741-b51c-49af5e4cf22f:c5095]
2019-09-08 07:08:14,291 [grpc-default-executor-6] INFO  client.GrpcClientProtocolClient (GrpcClientProtocolClient.java:onNext(264)) - client-964B0EA39D34->4234af2c-5377-4886-a4e8-6fe45d0af45e: receive RaftClientReply:client-964B0EA39D34->4234af2c-5377-4886-a4e8-6fe45d0af45e@group-A1165329A1F1, cid=3394, SUCCESS, logIndex=0, commits[4234af2c-5377-4886-a4e8-6fe45d0af45e:c5101, cef72988-acf5-49ad-9ec7-695a80e7a66d:c5097, d677508c-6db9-4741-b51c-49af5e4cf22f:c5099]
2019-09-08 07:08:14,319 [grpc-default-executor-6] INFO  client.GrpcClientProtocolClient (GrpcClientProtocolClient.java:onNext(264)) - client-964B0EA39D34->4234af2c-5377-4886-a4e8-6fe45d0af45e: receive RaftClientReply:client-964B0EA39D34->4234af2c-5377-4886-a4e8-6fe45d0af45e@group-A1165329A1F1, cid=3395, SUCCESS, logIndex=5104, commits[4234af2c-5377-4886-a4e8-6fe45d0af45e:c5105, cef72988-acf5-49ad-9ec7-695a80e7a66d:c5101, d677508c-6db9-4741-b51c-49af5e4cf22f:c5101]
2019-09-08 07:08:14,319 [grpc-default-executor-6] INFO  client.GrpcClientProtocolClient (GrpcClientProtocolClient.java:onNext(264)) - client-964B0EA39D34->4234af2c-5377-4886-a4e8-6fe45d0af45e: receive RaftClientReply:client-964B0EA39D34->4234af2c-5377-4886-a4e8-6fe45d0af45e@group-A1165329A1F1, cid=3396, SUCCESS, logIndex=5105, commits[4234af2c-5377-4886-a4e8-6fe45d0af45e:c5105, cef72988-acf5-49ad-9ec7-695a80e7a66d:c5101, d677508c-6db9-4741-b51c-49af5e4cf22f:c5101]
2019-09-08 07:08:14,331 [grpc-default-executor-4] INFO  client.GrpcClientProtocolClient (GrpcClientProtocolClient.java:onNext(264)) - client-964B0EA39D34->4234af2c-5377-4886-a4e8-6fe45d0af45e: receive RaftClientReply:client-964B0EA39D34->4234af2c-5377-4886-a4e8-6fe45d0af45e@group-A1165329A1F1, cid=3397, SUCCESS, logIndex=5108, commits[4234af2c-5377-4886-a4e8-6fe45d0af45e:c5109, cef72988-acf5-49ad-9ec7-695a80e7a66d:c5105, d677508c-6db9-4741-b51c-49af5e4cf22f:c5105]
2019-09-08 07:08:14,332 [grpc-default-executor-4] INFO  client.GrpcClientProtocolClient (GrpcClientProtocolClient.java:onNext(264)) - client-964B0EA39D34->4234af2c-5377-4886-a4e8-6fe45d0af45e: receive RaftClientReply:client-964B0EA39D34->4234af2c-5377-4886-a4e8-6fe45d0af45e@group-A1165329A1F1, cid=3398, SUCCESS, logIndex=5109, commits[4234af2c-5377-4886-a4e8-6fe45d0af45e:c5109, cef72988-acf5-49ad-9ec7-695a80e7a66d:c5105, d677508c-6db9-4741-b51c-49af5e4cf22f:c5105]
2019-09-08 07:08:14,333 [grpc-default-executor-3] INFO  client.GrpcClientProtocolClient (GrpcClientProtocolClient.java:onNext(264)) - client-964B0EA39D34->4234af2c-5377-4886-a4e8-6fe45d0af45e: receive RaftClientReply:client-964B0EA39D34->4234af2c-5377-4886-a4e8-6fe45d0af45e@group-A1165329A1F1, cid=3399, SUCCESS, logIndex=0, commits[4234af2c-5377-4886-a4e8-6fe45d0af45e:c5110, cef72988-acf5-49ad-9ec7-695a80e7a66d:c5109, d677508c-6db9-4741-b51c-49af5e4cf22f:c5109]
2019-09-08 07:08:14,360 [grpc-default-executor-6] INFO  client.GrpcClientProtocolClient (GrpcClientProtocolClient.java:onNext(264)) - client-964B0EA39D34->4234af2c-5377-4886-a4e8-6fe45d0af45e: receive RaftClientReply:client-964B0EA39D34->4234af2c-5377-4886-a4e8-6fe45d0af45e@group-A1165329A1F1, cid=3400, SUCCESS, logIndex=5112, commits[4234af2c-5377-4886-a4e8-6fe45d0af45e:c5113, cef72988-acf5-49ad-9ec7-695a80e7a66d:c5109, d677508c-6db9-4741-b51c-49af5e4cf22f:c5111]
2019-09-08 07:08:14,360 [grpc-default-executor-6] INFO  client.GrpcClientProtocolClient (GrpcClientProtocolClient.java:onNext(264)) - client-964B0EA39D34->4234af2c-5377-4886-a4e8-6fe45d0af45e: receive RaftClientReply:client-964B0EA39D34->4234af2c-5377-4886-a4e8-6fe45d0af45e@group-A1165329A1F1, cid=3401, SUCCESS, logIndex=5113, commits[4234af2c-5377-4886-a4e8-6fe45d0af45e:c5113, cef72988-acf5-49ad-9ec7-695a80e7a66d:c5111, d677508c-6db9-4741-b51c-49af5e4cf22f:c5111]
2019-09-08 07:08:14,363 [grpc-default-executor-4] INFO  client.GrpcClientProtocolClient (GrpcClientProtocolClient.java:onNext(264)) - client-964B0EA39D34->4234af2c-5377-4886-a4e8-6fe45d0af45e: receive RaftClientReply:client-964B0EA39D34->4234af2c-5377-4886-a4e8-6fe45d0af45e@group-A1165329A1F1, cid=3402, SUCCESS, logIndex=5114, commits[4234af2c-5377-4886-a4e8-6fe45d0af45e:c5116, cef72988-acf5-49ad-9ec7-695a80e7a66d:c5112, d677508c-6db9-4741-b51c-49af5e4cf22f:c5111]
2019-09-08 07:08:14,363 [grpc-default-executor-4] INFO  client.GrpcClientProtocolClient (GrpcClientProtocolClient.java:onNext(264)) - client-964B0EA39D34->4234af2c-5377-4886-a4e8-6fe45d0af45e: receive RaftClientReply:client-964B0EA39D34->4234af2c-5377-4886-a4e8-6fe45d0af45e@group-A1165329A1F1, cid=3403, SUCCESS, logIndex=5115, commits[4234af2c-5377-4886-a4e8-6fe45d0af45e:c5117, cef72988-acf5-49ad-9ec7-695a80e7a66d:c5113, d677508c-6db9-4741-b51c-49af5e4cf22f:c5113]
2019-09-08 07:08:14,377 [grpc-default-executor-3] INFO  client.GrpcClientProtocolClient (GrpcClientProtocolClient.java:onNext(264)) - client-964B0EA39D34->4234af2c-5377-4886-a4e8-6fe45d0af45e: receive RaftClientReply:client-964B0EA39D34->4234af2c-5377-4886-a4e8-6fe45d0af45e@group-A1165329A1F1, cid=3404, SUCCESS, logIndex=5120, commits[4234af2c-5377-4886-a4e8-6fe45d0af45e:c5121, cef72988-acf5-49ad-9ec7-695a80e7a66d:c5118, d677508c-6db9-4741-b51c-49af5e4cf22f:c5116]
2019-09-08 07:08:14,378 [grpc-default-executor-3] INFO  client.GrpcClientProtocolClient (GrpcClientProtocolClient.java:onNext(264)) - client-964B0EA39D34->4234af2c-5377-4886-a4e8-6fe45d0af45e: receive RaftClientReply:client-964B0EA39D34->4234af2c-5377-4886-a4e8-6fe45d0af45e@group-A1165329A1F1, cid=3405, SUCCESS, logIndex=5121, commits[4234af2c-5377-4886-a4e8-6fe45d0af45e:c5121, cef72988-acf5-49ad-9ec7-695a80e7a66d:c5118, d677508c-6db9-4741-b51c-49af5e4cf22f:c5118]
2019-09-08 07:08:14,389 [grpc-default-executor-4] INFO  client.GrpcClientProtocolClient (GrpcClientProtocolClient.java:onNext(264)) - client-964B0EA39D34->4234af2c-5377-4886-a4e8-6fe45d0af45e: receive RaftClientReply:client-964B0EA39D34->4234af2c-5377-4886-a4e8-6fe45d0af45e@group-A1165329A1F1, cid=3406, SUCCESS, logIndex=5124, commits[4234af2c-5377-4886-a4e8-6fe45d0af45e:c5125, cef72988-acf5-49ad-9ec7-695a80e7a66d:c5123, d677508c-6db9-4741-b51c-49af5e4cf22f:c5121]
2019-09-08 07:08:14,389 [grpc-default-executor-4] INFO  client.GrpcClientProtocolClient (GrpcClientProtocolClient.java:onNext(264)) - client-964B0EA39D34->4234af2c-5377-4886-a4e8-6fe45d0af45e: receive RaftClientReply:client-964B0EA39D34->4234af2c-5377-4886-a4e8-6fe45d0af45e@group-A1165329A1F1, cid=3407, SUCCESS, logIndex=5125, commits[4234af2c-5377-4886-a4e8-6fe45d0af45e:c5125, cef72988-acf5-49ad-9ec7-695a80e7a66d:c5123, d677508c-6db9-4741-b51c-49af5e4cf22f:c5123]
2019-09-08 07:08:14,391 [grpc-default-executor-4] INFO  client.GrpcClientProtocolClient (GrpcClientProtocolClient.java:onNext(264)) - client-964B0EA39D34->4234af2c-5377-4886-a4e8-6fe45d0af45e: receive RaftClientReply:client-964B0EA39D34->4234af2c-5377-4886-a4e8-6fe45d0af45e@group-A1165329A1F1, cid=3408, SUCCESS, logIndex=0, commits[4234af2c-5377-4886-a4e8-6fe45d0af45e:c5126, cef72988-acf5-49ad-9ec7-695a80e7a66d:c5125, d677508c-6db9-4741-b51c-49af5e4cf22f:c5125]
2019-09-08 07:08:14,414 [grpc-default-executor-0] INFO  client.GrpcClientProtocolClient (GrpcClientProtocolClient.java:onNext(264)) - client-964B0EA39D34->4234af2c-5377-4886-a4e8-6fe45d0af45e: receive RaftClientReply:client-964B0EA39D34->4234af2c-5377-4886-a4e8-6fe45d0af45e@group-A1165329A1F1, cid=3409, SUCCESS, logIndex=5128, commits[4234af2c-5377-4886-a4e8-6fe45d0af45e:c5129, cef72988-acf5-49ad-9ec7-695a80e7a66d:c5125, d677508c-6db9-4741-b51c-49af5e4cf22f:c5127]
2019-09-08 07:08:14,414 [grpc-default-executor-0] INFO  client.GrpcClientProtocolClient (GrpcClientProtocolClient.java:onNext(264)) - client-964B0EA39D34->4234af2c-5377-4886-a4e8-6fe45d0af45e: receive RaftClientReply:client-964B0EA39D34->4234af2c-5377-4886-a4e8-6fe45d0af45e@group-A1165329A1F1, cid=3410, SUCCESS, logIndex=5129, commits[4234af2c-5377-4886-a4e8-6fe45d0af45e:c5129, cef72988-acf5-49ad-9ec7-695a80e7a66d:c5125, d677508c-6db9-4741-b51c-49af5e4cf22f:c5127]
2019-09-08 07:08:14,416 [grpc-default-executor-4] INFO  client.GrpcClientProtocolClient (GrpcClientProtocolClient.java:onNext(264)) - client-964B0EA39D34->4234af2c-5377-4886-a4e8-6fe45d0af45e: receive RaftClientReply:client-964B0EA39D34->4234af2c-5377-4886-a4e8-6fe45d0af45e@group-A1165329A1F1, cid=3411, SUCCESS, logIndex=5130, commits[4234af2c-5377-4886-a4e8-6fe45d0af45e:c5131, cef72988-acf5-49ad-9ec7-695a80e7a66d:c5127, d677508c-6db9-4741-b51c-49af5e4cf22f:c5127]
2019-09-08 07:08:14,416 [grpc-default-executor-4] INFO  client.GrpcClientProtocolClient (GrpcClientProtocolClient.java:onNext(264)) - client-964B0EA39D34->4234af2c-5377-4886-a4e8-6fe45d0af45e: receive RaftClientReply:client-964B0EA39D34->4234af2c-5377-4886-a4e8-6fe45d0af45e@group-A1165329A1F1, cid=3412, SUCCESS, logIndex=5131, commits[4234af2c-5377-4886-a4e8-6fe45d0af45e:c5131, cef72988-acf5-49ad-9ec7-695a80e7a66d:c5127, d677508c-6db9-4741-b51c-49af5e4cf22f:c5127]
2019-09-08 07:08:14,418 [grpc-default-executor-4] INFO  client.GrpcClientProtocolClient (GrpcClientProtocolClient.java:onNext(264)) - client-964B0EA39D34->4234af2c-5377-4886-a4e8-6fe45d0af45e: receive RaftClientReply:client-964B0EA39D34->4234af2c-5377-4886-a4e8-6fe45d0af45e@group-A1165329A1F1, cid=3413, SUCCESS, logIndex=0, commits[4234af2c-5377-4886-a4e8-6fe45d0af45e:c5133, cef72988-acf5-49ad-9ec7-695a80e7a66d:c5129, d677508c-6db9-4741-b51c-49af5e4cf22f:c5129]
2019-09-08 07:08:14,435 [grpc-default-executor-0] INFO  client.GrpcClientProtocolClient (GrpcClientProtocolClient.java:onNext(264)) - client-964B0EA39D34->4234af2c-5377-4886-a4e8-6fe45d0af45e: receive RaftClientReply:client-964B0EA39D34->4234af2c-5377-4886-a4e8-6fe45d0af45e@group-A1165329A1F1, cid=3414, SUCCESS, logIndex=5136, commits[4234af2c-5377-4886-a4e8-6fe45d0af45e:c5137, cef72988-acf5-49ad-9ec7-695a80e7a66d:c5135, d677508c-6db9-4741-b51c-49af5e4cf22f:c5131]
2019-09-08 07:08:14,436 [grpc-default-executor-0] INFO  client.GrpcClientProtocolClient (GrpcClientProtocolClient.java:onNext(264)) - client-964B0EA39D34->4234af2c-5377-4886-a4e8-6fe45d0af45e: receive RaftClientReply:client-964B0EA39D34->4234af2c-5377-4886-a4e8-6fe45d0af45e@group-A1165329A1F1, cid=3415, SUCCESS, logIndex=5137, commits[4234af2c-5377-4886-a4e8-6fe45d0af45e:c5137, cef72988-acf5-49ad-9ec7-695a80e7a66d:c5135, d677508c-6db9-4741-b51c-49af5e4cf22f:c5135]
2019-09-08 07:08:14,456 [grpc-default-executor-4] INFO  client.GrpcClientProtocolClient (GrpcClientProtocolClient.java:onNext(264)) - client-964B0EA39D34->4234af2c-5377-4886-a4e8-6fe45d0af45e: receive RaftClientReply:client-964B0EA39D34->4234af2c-5377-4886-a4e8-6fe45d0af45e@group-A1165329A1F1, cid=3416, SUCCESS, logIndex=5140, commits[4234af2c-5377-4886-a4e8-6fe45d0af45e:c5141, cef72988-acf5-49ad-9ec7-695a80e7a66d:c5139, d677508c-6db9-4741-b51c-49af5e4cf22f:c5137]
2019-09-08 07:08:14,456 [grpc-default-executor-4] INFO  client.GrpcClientProtocolClient (GrpcClientProtocolClient.java:onNext(264)) - client-964B0EA39D34->4234af2c-5377-4886-a4e8-6fe45d0af45e: receive RaftClientReply:client-964B0EA39D34->4234af2c-5377-4886-a4e8-6fe45d0af45e@group-A1165329A1F1, cid=3417, SUCCESS, logIndex=5141, commits[4234af2c-5377-4886-a4e8-6fe45d0af45e:c5141, cef72988-acf5-49ad-9ec7-695a80e7a66d:c5139, d677508c-6db9-4741-b51c-49af5e4cf22f:c5139]
2019-09-08 07:08:14,467 [grpc-default-executor-4] INFO  client.GrpcClientProtocolClient (GrpcClientProtocolClient.java:onNext(264)) - client-964B0EA39D34->4234af2c-5377-4886-a4e8-6fe45d0af45e: receive RaftClientReply:client-964B0EA39D34->4234af2c-5377-4886-a4e8-6fe45d0af45e@group-A1165329A1F1, cid=3418, SUCCESS, logIndex=0, commits[4234af2c-5377-4886-a4e8-6fe45d0af45e:c5142, cef72988-acf5-49ad-9ec7-695a80e7a66d:c5141, d677508c-6db9-4741-b51c-49af5e4cf22f:c5141]
2019-09-08 07:08:14,659 [grpc-default-executor-4] INFO  client.GrpcClientProtocolClient (GrpcClientProtocolClient.java:onNext(264)) - client-964B0EA39D34->4234af2c-5377-4886-a4e8-6fe45d0af45e: receive RaftClientReply:client-964B0EA39D34->4234af2c-5377-4886-a4e8-6fe45d0af45e@group-A1165329A1F1, cid=3419, SUCCESS, logIndex=5144, commits[4234af2c-5377-4886-a4e8-6fe45d0af45e:c5147, cef72988-acf5-49ad-9ec7-695a80e7a66d:c5143, d677508c-6db9-4741-b51c-49af5e4cf22f:c5143]
2019-09-08 07:08:14,660 [grpc-default-executor-4] INFO  client.GrpcClientProtocolClient (GrpcClientProtocolClient.java:onNext(264)) - client-964B0EA39D34->4234af2c-5377-4886-a4e8-6fe45d0af45e: receive RaftClientReply:client-964B0EA39D34->4234af2c-5377-4886-a4e8-6fe45d0af45e@group-A1165329A1F1, cid=3420, SUCCESS, logIndex=5145, commits[4234af2c-5377-4886-a4e8-6fe45d0af45e:c5147, cef72988-acf5-49ad-9ec7-695a80e7a66d:c5143, d677508c-6db9-4741-b51c-49af5e4cf22f:c5143]
2019-09-08 07:08:14,661 [grpc-default-executor-4] INFO  client.GrpcClientProtocolClient (GrpcClientProtocolClient.java:onNext(264)) - client-964B0EA39D34->4234af2c-5377-4886-a4e8-6fe45d0af45e: receive RaftClientReply:client-964B0EA39D34->4234af2c-5377-4886-a4e8-6fe45d0af45e@group-A1165329A1F1, cid=3421, SUCCESS, logIndex=5146, commits[4234af2c-5377-4886-a4e8-6fe45d0af45e:c5147, cef72988-acf5-49ad-9ec7-695a80e7a66d:c5143, d677508c-6db9-4741-b51c-49af5e4cf22f:c5143]
2019-09-08 07:08:14,661 [grpc-default-executor-4] INFO  client.GrpcClientProtocolClient (GrpcClientProtocolClient.java:onNext(264)) - client-964B0EA39D34->4234af2c-5377-4886-a4e8-6fe45d0af45e: receive RaftClientReply:client-964B0EA39D34->4234af2c-5377-4886-a4e8-6fe45d0af45e@group-A1165329A1F1, cid=3422, SUCCESS, logIndex=5147, commits[4234af2c-5377-4886-a4e8-6fe45d0af45e:c5148, cef72988-acf5-49ad-9ec7-695a80e7a66d:c5145, d677508c-6db9-4741-b51c-49af5e4cf22f:c5145]
2019-09-08 07:08:14,683 [grpc-default-executor-6] INFO  client.GrpcClientProtocolClient (GrpcClientProtocolClient.java:onNext(264)) - client-964B0EA39D34->4234af2c-5377-4886-a4e8-6fe45d0af45e: receive RaftClientReply:client-964B0EA39D34->4234af2c-5377-4886-a4e8-6fe45d0af45e@group-A1165329A1F1, cid=3423, SUCCESS, logIndex=5152, commits[4234af2c-5377-4886-a4e8-6fe45d0af45e:c5153, cef72988-acf5-49ad-9ec7-695a80e7a66d:c5151, d677508c-6db9-4741-b51c-49af5e4cf22f:c5151]
2019-09-08 07:08:14,684 [grpc-default-executor-6] INFO  client.GrpcClientProtocolClient (GrpcClientProtocolClient.java:onNext(264)) - client-964B0EA39D34->4234af2c-5377-4886-a4e8-6fe45d0af45e: receive RaftClientReply:client-964B0EA39D34->4234af2c-5377-4886-a4e8-6fe45d0af45e@group-A1165329A1F1, cid=3424, SUCCESS, logIndex=5153, commits[4234af2c-5377-4886-a4e8-6fe45d0af45e:c5153, cef72988-acf5-49ad-9ec7-695a80e7a66d:c5151, d677508c-6db9-4741-b51c-49af5e4cf22f:c5151]
2019-09-08 07:08:14,697 [grpc-default-executor-6] INFO  client.GrpcClientProtocolClient (GrpcClientProtocolClient.java:onNext(264)) - client-964B0EA39D34->4234af2c-5377-4886-a4e8-6fe45d0af45e: receive RaftClientReply:client-964B0EA39D34->4234af2c-5377-4886-a4e8-6fe45d0af45e@group-A1165329A1F1, cid=3425, SUCCESS, logIndex=5156, commits[4234af2c-5377-4886-a4e8-6fe45d0af45e:c5156, cef72988-acf5-49ad-9ec7-695a80e7a66d:c5153, d677508c-6db9-4741-b51c-49af5e4cf22f:c5153]
2019-09-08 07:08:14,697 [grpc-default-executor-6] INFO  client.GrpcClientProtocolClient (GrpcClientProtocolClient.java:onNext(264)) - client-964B0EA39D34->4234af2c-5377-4886-a4e8-6fe45d0af45e: receive RaftClientReply:client-964B0EA39D34->4234af2c-5377-4886-a4e8-6fe45d0af45e@group-A1165329A1F1, cid=3426, SUCCESS, logIndex=5157, commits[4234af2c-5377-4886-a4e8-6fe45d0af45e:c5157, cef72988-acf5-49ad-9ec7-695a80e7a66d:c5153, d677508c-6db9-4741-b51c-49af5e4cf22f:c5153]
2019-09-08 07:08:14,710 [grpc-default-executor-6] INFO  client.GrpcClientProtocolClient (GrpcClientProtocolClient.java:onNext(264)) - client-964B0EA39D34->4234af2c-5377-4886-a4e8-6fe45d0af45e: receive RaftClientReply:client-964B0EA39D34->4234af2c-5377-4886-a4e8-6fe45d0af45e@group-A1165329A1F1, cid=3427, SUCCESS, logIndex=0, commits[4234af2c-5377-4886-a4e8-6fe45d0af45e:c5159, cef72988-acf5-49ad-9ec7-695a80e7a66d:c5157, d677508c-6db9-4741-b51c-49af5e4cf22f:c5157]
2019-09-08 07:08:14,749 [grpc-default-executor-4] INFO  client.GrpcClientProtocolClient (GrpcClientProtocolClient.java:onNext(264)) - client-964B0EA39D34->4234af2c-5377-4886-a4e8-6fe45d0af45e: receive RaftClientReply:client-964B0EA39D34->4234af2c-5377-4886-a4e8-6fe45d0af45e@group-A1165329A1F1, cid=3428, SUCCESS, logIndex=5160, commits[4234af2c-5377-4886-a4e8-6fe45d0af45e:c5160, cef72988-acf5-49ad-9ec7-695a80e7a66d:c5159, d677508c-6db9-4741-b51c-49af5e4cf22f:c5157]
2019-09-08 07:08:14,754 [grpc-default-executor-3] INFO  client.GrpcClientProtocolClient (GrpcClientProtocolClient.java:onNext(264)) - client-964B0EA39D34->4234af2c-5377-4886-a4e8-6fe45d0af45e: receive RaftClientReply:client-964B0EA39D34->4234af2c-5377-4886-a4e8-6fe45d0af45e@group-A1165329A1F1, cid=3429, SUCCESS, logIndex=5161, commits[4234af2c-5377-4886-a4e8-6fe45d0af45e:c5163, cef72988-acf5-49ad-9ec7-695a80e7a66d:c5159, d677508c-6db9-4741-b51c-49af5e4cf22f:c5159]
2019-09-08 07:08:14,754 [grpc-default-executor-3] INFO  client.GrpcClientProtocolClient (GrpcClientProtocolClient.java:onNext(264)) - client-964B0EA39D34->4234af2c-5377-4886-a4e8-6fe45d0af45e: receive RaftClientReply:client-964B0EA39D34->4234af2c-5377-4886-a4e8-6fe45d0af45e@group-A1165329A1F1, cid=3430, SUCCESS, logIndex=5162, commits[4234af2c-5377-4886-a4e8-6fe45d0af45e:c5163, cef72988-acf5-49ad-9ec7-695a80e7a66d:c5159, d677508c-6db9-4741-b51c-49af5e4cf22f:c5159]
2019-09-08 07:08:14,755 [grpc-default-executor-3] INFO  client.GrpcClientProtocolClient (GrpcClientProtocolClient.java:onNext(264)) - client-964B0EA39D34->4234af2c-5377-4886-a4e8-6fe45d0af45e: receive RaftClientReply:client-964B0EA39D34->4234af2c-5377-4886-a4e8-6fe45d0af45e@group-A1165329A1F1, cid=3431, SUCCESS, logIndex=5163, commits[4234af2c-5377-4886-a4e8-6fe45d0af45e:c5163, cef72988-acf5-49ad-9ec7-695a80e7a66d:c5159, d677508c-6db9-4741-b51c-49af5e4cf22f:c5159]
2019-09-08 07:08:14,763 [grpc-default-executor-3] INFO  client.GrpcClientProtocolClient (GrpcClientProtocolClient.java:onNext(264)) - client-964B0EA39D34->4234af2c-5377-4886-a4e8-6fe45d0af45e: receive RaftClientReply:client-964B0EA39D34->4234af2c-5377-4886-a4e8-6fe45d0af45e@group-A1165329A1F1, cid=3432, SUCCESS, logIndex=0, commits[4234af2c-5377-4886-a4e8-6fe45d0af45e:c5167, cef72988-acf5-49ad-9ec7-695a80e7a66d:c5163, d677508c-6db9-4741-b51c-49af5e4cf22f:c5162]
2019-09-08 07:08:14,783 [grpc-default-executor-3] INFO  client.GrpcClientProtocolClient (GrpcClientProtocolClient.java:onNext(264)) - client-964B0EA39D34->4234af2c-5377-4886-a4e8-6fe45d0af45e: receive RaftClientReply:client-964B0EA39D34->4234af2c-5377-4886-a4e8-6fe45d0af45e@group-A1165329A1F1, cid=3433, SUCCESS, logIndex=5168, commits[4234af2c-5377-4886-a4e8-6fe45d0af45e:c5169, cef72988-acf5-49ad-9ec7-695a80e7a66d:c5167, d677508c-6db9-4741-b51c-49af5e4cf22f:c5167]
2019-09-08 07:08:14,783 [grpc-default-executor-3] INFO  client.GrpcClientProtocolClient (GrpcClientProtocolClient.java:onNext(264)) - client-964B0EA39D34->4234af2c-5377-4886-a4e8-6fe45d0af45e: receive RaftClientReply:client-964B0EA39D34->4234af2c-5377-4886-a4e8-6fe45d0af45e@group-A1165329A1F1, cid=3434, SUCCESS, logIndex=5169, commits[4234af2c-5377-4886-a4e8-6fe45d0af45e:c5169, cef72988-acf5-49ad-9ec7-695a80e7a66d:c5167, d677508c-6db9-4741-b51c-49af5e4cf22f:c5167]
2019-09-08 07:08:14,800 [grpc-default-executor-4] INFO  client.GrpcClientProtocolClient (GrpcClientProtocolClient.java:onNext(264)) - client-964B0EA39D34->4234af2c-5377-4886-a4e8-6fe45d0af45e: receive RaftClientReply:client-964B0EA39D34->4234af2c-5377-4886-a4e8-6fe45d0af45e@group-A1165329A1F1, cid=3435, SUCCESS, logIndex=5172, commits[4234af2c-5377-4886-a4e8-6fe45d0af45e:c5173, cef72988-acf5-49ad-9ec7-695a80e7a66d:c5169, d677508c-6db9-4741-b51c-49af5e4cf22f:c5169]
2019-09-08 07:08:14,800 [grpc-default-executor-4] INFO  client.GrpcClientProtocolClient (GrpcClientProtocolClient.java:onNext(264)) - client-964B0EA39D34->4234af2c-5377-4886-a4e8-6fe45d0af45e: receive RaftClientReply:client-964B0EA39D34->4234af2c-5377-4886-a4e8-6fe45d0af45e@group-A1165329A1F1, cid=3436, SUCCESS, logIndex=5173, commits[4234af2c-5377-4886-a4e8-6fe45d0af45e:c5173, cef72988-acf5-49ad-9ec7-695a80e7a66d:c5169, d677508c-6db9-4741-b51c-49af5e4cf22f:c5169]
2019-09-08 07:08:14,825 [grpc-default-executor-4] INFO  client.GrpcClientProtocolClient (GrpcClientProtocolClient.java:onNext(264)) - client-964B0EA39D34->4234af2c-5377-4886-a4e8-6fe45d0af45e: receive RaftClientReply:client-964B0EA39D34->4234af2c-5377-4886-a4e8-6fe45d0af45e@group-A1165329A1F1, cid=3437, SUCCESS, logIndex=0, commits[4234af2c-5377-4886-a4e8-6fe45d0af45e:c5174, cef72988-acf5-49ad-9ec7-695a80e7a66d:c5173, d677508c-6db9-4741-b51c-49af5e4cf22f:c5173]
2019-09-08 07:08:14,858 [grpc-default-executor-3] INFO  client.GrpcClientProtocolClient (GrpcClientProtocolClient.java:onNext(264)) - client-964B0EA39D34->4234af2c-5377-4886-a4e8-6fe45d0af45e: receive RaftClientReply:client-964B0EA39D34->4234af2c-5377-4886-a4e8-6fe45d0af45e@group-A1165329A1F1, cid=3438, SUCCESS, logIndex=5176, commits[4234af2c-5377-4886-a4e8-6fe45d0af45e:c5179, cef72988-acf5-49ad-9ec7-695a80e7a66d:c5175, d677508c-6db9-4741-b51c-49af5e4cf22f:c5175]
2019-09-08 07:08:14,859 [grpc-default-executor-3] INFO  client.GrpcClientProtocolClient (GrpcClientProtocolClient.java:onNext(264)) - client-964B0EA39D34->4234af2c-5377-4886-a4e8-6fe45d0af45e: receive RaftClientReply:client-964B0EA39D34->4234af2c-5377-4886-a4e8-6fe45d0af45e@group-A1165329A1F1, cid=3439, SUCCESS, logIndex=5177, commits[4234af2c-5377-4886-a4e8-6fe45d0af45e:c5179, cef72988-acf5-49ad-9ec7-695a80e7a66d:c5175, d677508c-6db9-4741-b51c-49af5e4cf22f:c5175]
2019-09-08 07:08:14,859 [grpc-default-executor-3] INFO  client.GrpcClientProtocolClient (GrpcClientProtocolClient.java:onNext(264)) - client-964B0EA39D34->4234af2c-5377-4886-a4e8-6fe45d0af45e: receive RaftClientReply:client-964B0EA39D34->4234af2c-5377-4886-a4e8-6fe45d0af45e@group-A1165329A1F1, cid=3440, SUCCESS, logIndex=5178, commits[4234af2c-5377-4886-a4e8-6fe45d0af45e:c5179, cef72988-acf5-49ad-9ec7-695a80e7a66d:c5175, d677508c-6db9-4741-b51c-49af5e4cf22f:c5175]
2019-09-08 07:08:14,859 [grpc-default-executor-3] INFO  client.GrpcClientProtocolClient (GrpcClientProtocolClient.java:onNext(264)) - client-964B0EA39D34->4234af2c-5377-4886-a4e8-6fe45d0af45e: receive RaftClientReply:client-964B0EA39D34->4234af2c-5377-4886-a4e8-6fe45d0af45e@group-A1165329A1F1, cid=3441, SUCCESS, logIndex=5179, commits[4234af2c-5377-4886-a4e8-6fe45d0af45e:c5179, cef72988-acf5-49ad-9ec7-695a80e7a66d:c5175, d677508c-6db9-4741-b51c-49af5e4cf22f:c5175]
2019-09-08 07:08:14,870 [grpc-default-executor-3] INFO  client.GrpcClientProtocolClient (GrpcClientProtocolClient.java:onNext(264)) - client-964B0EA39D34->4234af2c-5377-4886-a4e8-6fe45d0af45e: receive RaftClientReply:client-964B0EA39D34->4234af2c-5377-4886-a4e8-6fe45d0af45e@group-A1165329A1F1, cid=3442, SUCCESS, logIndex=0, commits[4234af2c-5377-4886-a4e8-6fe45d0af45e:c5180, cef72988-acf5-49ad-9ec7-695a80e7a66d:c5178, d677508c-6db9-4741-b51c-49af5e4cf22f:c5178]
2019-09-08 07:08:14,890 [grpc-default-executor-3] INFO  client.GrpcClientProtocolClient (GrpcClientProtocolClient.java:onNext(264)) - client-964B0EA39D34->4234af2c-5377-4886-a4e8-6fe45d0af45e: receive RaftClientReply:client-964B0EA39D34->4234af2c-5377-4886-a4e8-6fe45d0af45e@group-A1165329A1F1, cid=3443, SUCCESS, logIndex=5184, commits[4234af2c-5377-4886-a4e8-6fe45d0af45e:c5185, cef72988-acf5-49ad-9ec7-695a80e7a66d:c5183, d677508c-6db9-4741-b51c-49af5e4cf22f:c5179]
2019-09-08 07:08:14,891 [grpc-default-executor-3] INFO  client.GrpcClientProtocolClient (GrpcClientProtocolClient.java:onNext(264)) - client-964B0EA39D34->4234af2c-5377-4886-a4e8-6fe45d0af45e: receive RaftClientReply:client-964B0EA39D34->4234af2c-5377-4886-a4e8-6fe45d0af45e@group-A1165329A1F1, cid=3444, SUCCESS, logIndex=5185, commits[4234af2c-5377-4886-a4e8-6fe45d0af45e:c5185, cef72988-acf5-49ad-9ec7-695a80e7a66d:c5183, d677508c-6db9-4741-b51c-49af5e4cf22f:c5183]
2019-09-08 07:08:14,903 [grpc-default-executor-6] INFO  client.GrpcClientProtocolClient (GrpcClientProtocolClient.java:onNext(264)) - client-964B0EA39D34->4234af2c-5377-4886-a4e8-6fe45d0af45e: receive RaftClientReply:client-964B0EA39D34->4234af2c-5377-4886-a4e8-6fe45d0af45e@group-A1165329A1F1, cid=3445, SUCCESS, logIndex=5188, commits[4234af2c-5377-4886-a4e8-6fe45d0af45e:c5189, cef72988-acf5-49ad-9ec7-695a80e7a66d:c5185, d677508c-6db9-4741-b51c-49af5e4cf22f:c5185]
2019-09-08 07:08:14,904 [grpc-default-executor-6] INFO  client.GrpcClientProtocolClient (GrpcClientProtocolClient.java:onNext(264)) - client-964B0EA39D34->4234af2c-5377-4886-a4e8-6fe45d0af45e: receive RaftClientReply:client-964B0EA39D34->4234af2c-5377-4886-a4e8-6fe45d0af45e@group-A1165329A1F1, cid=3446, SUCCESS, logIndex=5189, commits[4234af2c-5377-4886-a4e8-6fe45d0af45e:c5189, cef72988-acf5-49ad-9ec7-695a80e7a66d:c5185, d677508c-6db9-4741-b51c-49af5e4cf22f:c5185]
2019-09-08 07:08:14,916 [grpc-default-executor-6] INFO  client.GrpcClientProtocolClient (GrpcClientProtocolClient.java:onNext(264)) - client-964B0EA39D34->4234af2c-5377-4886-a4e8-6fe45d0af45e: receive RaftClientReply:client-964B0EA39D34->4234af2c-5377-4886-a4e8-6fe45d0af45e@group-A1165329A1F1, cid=3447, SUCCESS, logIndex=0, commits[4234af2c-5377-4886-a4e8-6fe45d0af45e:c5191, cef72988-acf5-49ad-9ec7-695a80e7a66d:c5189, d677508c-6db9-4741-b51c-49af5e4cf22f:c5189]
2019-09-08 07:08:14,943 [grpc-default-executor-4] INFO  client.GrpcClientProtocolClient (GrpcClientProtocolClient.java:onNext(264)) - client-964B0EA39D34->4234af2c-5377-4886-a4e8-6fe45d0af45e: receive RaftClientReply:client-964B0EA39D34->4234af2c-5377-4886-a4e8-6fe45d0af45e@group-A1165329A1F1, cid=3448, SUCCESS, logIndex=5192, commits[4234af2c-5377-4886-a4e8-6fe45d0af45e:c5193, cef72988-acf5-49ad-9ec7-695a80e7a66d:c5191, d677508c-6db9-4741-b51c-49af5e4cf22f:c5189]
2019-09-08 07:08:14,944 [grpc-default-executor-4] INFO  client.GrpcClientProtocolClient (GrpcClientProtocolClient.java:onNext(264)) - client-964B0EA39D34->4234af2c-5377-4886-a4e8-6fe45d0af45e: receive RaftClientReply:client-964B0EA39D34->4234af2c-5377-4886-a4e8-6fe45d0af45e@group-A1165329A1F1, cid=3449, SUCCESS, logIndex=5193, commits[4234af2c-5377-4886-a4e8-6fe45d0af45e:c5193, cef72988-acf5-49ad-9ec7-695a80e7a66d:c5191, d677508c-6db9-4741-b51c-49af5e4cf22f:c5191]
2019-09-08 07:08:14,945 [grpc-default-executor-3] INFO  client.GrpcClientProtocolClient (GrpcClientProtocolClient.java:onNext(264)) - client-964B0EA39D34->4234af2c-5377-4886-a4e8-6fe45d0af45e: receive RaftClientReply:client-964B0EA39D34->4234af2c-5377-4886-a4e8-6fe45d0af45e@group-A1165329A1F1, cid=3450, SUCCESS, logIndex=5194, commits[4234af2c-5377-4886-a4e8-6fe45d0af45e:c5195, cef72988-acf5-49ad-9ec7-695a80e7a66d:c5191, d677508c-6db9-4741-b51c-49af5e4cf22f:c5191]
2019-09-08 07:08:14,945 [grpc-default-executor-3] INFO  client.GrpcClientProtocolClient (GrpcClientProtocolClient.java:onNext(264)) - client-964B0EA39D34->4234af2c-5377-4886-a4e8-6fe45d0af45e: receive RaftClientReply:client-964B0EA39D34->4234af2c-5377-4886-a4e8-6fe45d0af45e@group-A1165329A1F1, cid=3451, SUCCESS, logIndex=5195, commits[4234af2c-5377-4886-a4e8-6fe45d0af45e:c5195, cef72988-acf5-49ad-9ec7-695a80e7a66d:c5191, d677508c-6db9-4741-b51c-49af5e4cf22f:c5191]
2019-09-08 07:08:14,948 [grpc-default-executor-3] INFO  client.GrpcClientProtocolClient (GrpcClientProtocolClient.java:onNext(264)) - client-964B0EA39D34->4234af2c-5377-4886-a4e8-6fe45d0af45e: receive RaftClientReply:client-964B0EA39D34->4234af2c-5377-4886-a4e8-6fe45d0af45e@group-A1165329A1F1, cid=3452, SUCCESS, logIndex=0, commits[4234af2c-5377-4886-a4e8-6fe45d0af45e:c5197, cef72988-acf5-49ad-9ec7-695a80e7a66d:c5193, d677508c-6db9-4741-b51c-49af5e4cf22f:c5193]
2019-09-08 07:08:14,957 [grpc-default-executor-6] INFO  client.GrpcClientProtocolClient (GrpcClientProtocolClient.java:onNext(264)) - client-964B0EA39D34->4234af2c-5377-4886-a4e8-6fe45d0af45e: receive RaftClientReply:client-964B0EA39D34->4234af2c-5377-4886-a4e8-6fe45d0af45e@group-A1165329A1F1, cid=3453, SUCCESS, logIndex=5200, commits[4234af2c-5377-4886-a4e8-6fe45d0af45e:c5201, cef72988-acf5-49ad-9ec7-695a80e7a66d:c5199, d677508c-6db9-4741-b51c-49af5e4cf22f:c5199]
2019-09-08 07:08:14,957 [grpc-default-executor-6] INFO  client.GrpcClientProtocolClient (GrpcClientProtocolClient.java:onNext(264)) - client-964B0EA39D34->4234af2c-5377-4886-a4e8-6fe45d0af45e: receive RaftClientReply:client-964B0EA39D34->4234af2c-5377-4886-a4e8-6fe45d0af45e@group-A1165329A1F1, cid=3454, SUCCESS, logIndex=5201, commits[4234af2c-5377-4886-a4e8-6fe45d0af45e:c5201, cef72988-acf5-49ad-9ec7-695a80e7a66d:c5199, d677508c-6db9-4741-b51c-49af5e4cf22f:c5199]
2019-09-08 07:08:14,971 [grpc-default-executor-6] INFO  client.GrpcClientProtocolClient (GrpcClientProtocolClient.java:onNext(264)) - client-964B0EA39D34->4234af2c-5377-4886-a4e8-6fe45d0af45e: receive RaftClientReply:client-964B0EA39D34->4234af2c-5377-4886-a4e8-6fe45d0af45e@group-A1165329A1F1, cid=3455, SUCCESS, logIndex=5204, commits[4234af2c-5377-4886-a4e8-6fe45d0af45e:c5205, cef72988-acf5-49ad-9ec7-695a80e7a66d:c5203, d677508c-6db9-4741-b51c-49af5e4cf22f:c5203]
2019-09-08 07:08:14,971 [grpc-default-executor-6] INFO  client.GrpcClientProtocolClient (GrpcClientProtocolClient.java:onNext(264)) - client-964B0EA39D34->4234af2c-5377-4886-a4e8-6fe45d0af45e: receive RaftClientReply:client-964B0EA39D34->4234af2c-5377-4886-a4e8-6fe45d0af45e@group-A1165329A1F1, cid=3456, SUCCESS, logIndex=5205, commits[4234af2c-5377-4886-a4e8-6fe45d0af45e:c5205, cef72988-acf5-49ad-9ec7-695a80e7a66d:c5203, d677508c-6db9-4741-b51c-49af5e4cf22f:c5203]
2019-09-08 07:08:14,975 [grpc-default-executor-6] INFO  client.GrpcClientProtocolClient (GrpcClientProtocolClient.java:onNext(264)) - client-964B0EA39D34->4234af2c-5377-4886-a4e8-6fe45d0af45e: receive RaftClientReply:client-964B0EA39D34->4234af2c-5377-4886-a4e8-6fe45d0af45e@group-A1165329A1F1, cid=3457, SUCCESS, logIndex=0, commits[4234af2c-5377-4886-a4e8-6fe45d0af45e:c5207, cef72988-acf5-49ad-9ec7-695a80e7a66d:c5205, d677508c-6db9-4741-b51c-49af5e4cf22f:c5205]
2019-09-08 07:08:15,001 [grpc-default-executor-6] INFO  client.GrpcClientProtocolClient (GrpcClientProtocolClient.java:onNext(264)) - client-964B0EA39D34->4234af2c-5377-4886-a4e8-6fe45d0af45e: receive RaftClientReply:client-964B0EA39D34->4234af2c-5377-4886-a4e8-6fe45d0af45e@group-A1165329A1F1, cid=3458, SUCCESS, logIndex=5208, commits[4234af2c-5377-4886-a4e8-6fe45d0af45e:c5209, cef72988-acf5-49ad-9ec7-695a80e7a66d:c5207, d677508c-6db9-4741-b51c-49af5e4cf22f:c5207]
2019-09-08 07:08:15,002 [grpc-default-executor-6] INFO  client.GrpcClientProtocolClient (GrpcClientProtocolClient.java:onNext(264)) - client-964B0EA39D34->4234af2c-5377-4886-a4e8-6fe45d0af45e: receive RaftClientReply:client-964B0EA39D34->4234af2c-5377-4886-a4e8-6fe45d0af45e@group-A1165329A1F1, cid=3459, SUCCESS, logIndex=5209, commits[4234af2c-5377-4886-a4e8-6fe45d0af45e:c5209, cef72988-acf5-49ad-9ec7-695a80e7a66d:c5207, d677508c-6db9-4741-b51c-49af5e4cf22f:c5207]
2019-09-08 07:08:15,002 [grpc-default-executor-4] INFO  client.GrpcClientProtocolClient (GrpcClientProtocolClient.java:onNext(264)) - client-964B0EA39D34->4234af2c-5377-4886-a4e8-6fe45d0af45e: receive RaftClientReply:client-964B0EA39D34->4234af2c-5377-4886-a4e8-6fe45d0af45e@group-A1165329A1F1, cid=3460, SUCCESS, logIndex=5210, commits[4234af2c-5377-4886-a4e8-6fe45d0af45e:c5211, cef72988-acf5-49ad-9ec7-695a80e7a66d:c5207, d677508c-6db9-4741-b51c-49af5e4cf22f:c5207]
2019-09-08 07:08:15,003 [grpc-default-executor-4] INFO  client.GrpcClientProtocolClient (GrpcClientProtocolClient.java:onNext(264)) - client-964B0EA39D34->4234af2c-5377-4886-a4e8-6fe45d0af45e: receive RaftClientReply:client-964B0EA39D34->4234af2c-5377-4886-a4e8-6fe45d0af45e@group-A1165329A1F1, cid=3461, SUCCESS, logIndex=5211, commits[4234af2c-5377-4886-a4e8-6fe45d0af45e:c5211, cef72988-acf5-49ad-9ec7-695a80e7a66d:c5207, d677508c-6db9-4741-b51c-49af5e4cf22f:c5207]
2019-09-08 07:08:15,006 [grpc-default-executor-4] INFO  client.GrpcClientProtocolClient (GrpcClientProtocolClient.java:onNext(264)) - client-964B0EA39D34->4234af2c-5377-4886-a4e8-6fe45d0af45e: receive RaftClientReply:client-964B0EA39D34->4234af2c-5377-4886-a4e8-6fe45d0af45e@group-A1165329A1F1, cid=3462, SUCCESS, logIndex=0, commits[4234af2c-5377-4886-a4e8-6fe45d0af45e:c5213, cef72988-acf5-49ad-9ec7-695a80e7a66d:c5209, d677508c-6db9-4741-b51c-49af5e4cf22f:c5209]
2019-09-08 07:08:15,031 [grpc-default-executor-3] INFO  client.GrpcClientProtocolClient (GrpcClientProtocolClient.java:onNext(264)) - client-964B0EA39D34->4234af2c-5377-4886-a4e8-6fe45d0af45e: receive RaftClientReply:client-964B0EA39D34->4234af2c-5377-4886-a4e8-6fe45d0af45e@group-A1165329A1F1, cid=3463, SUCCESS, logIndex=5215, commits[4234af2c-5377-4886-a4e8-6fe45d0af45e:c5216, cef72988-acf5-49ad-9ec7-695a80e7a66d:c5214, d677508c-6db9-4741-b51c-49af5e4cf22f:c5214]
2019-09-08 07:08:15,032 [grpc-default-executor-3] INFO  client.GrpcClientProtocolClient (GrpcClientProtocolClient.java:onNext(264)) - client-964B0EA39D34->4234af2c-5377-4886-a4e8-6fe45d0af45e: receive RaftClientReply:client-964B0EA39D34->4234af2c-5377-4886-a4e8-6fe45d0af45e@group-A1165329A1F1, cid=3464, SUCCESS, logIndex=5216, commits[4234af2c-5377-4886-a4e8-6fe45d0af45e:c5216, cef72988-acf5-49ad-9ec7-695a80e7a66d:c5214, d677508c-6db9-4741-b51c-49af5e4cf22f:c5214]
2019-09-08 07:08:15,044 [grpc-default-executor-3] INFO  client.GrpcClientProtocolClient (GrpcClientProtocolClient.java:onNext(264)) - client-964B0EA39D34->4234af2c-5377-4886-a4e8-6fe45d0af45e: receive RaftClientReply:client-964B0EA39D34->4234af2c-5377-4886-a4e8-6fe45d0af45e@group-A1165329A1F1, cid=3465, SUCCESS, logIndex=5219, commits[4234af2c-5377-4886-a4e8-6fe45d0af45e:c5219, cef72988-acf5-49ad-9ec7-695a80e7a66d:c5216, d677508c-6db9-4741-b51c-49af5e4cf22f:c5215]
2019-09-08 07:08:15,044 [grpc-default-executor-3] INFO  client.GrpcClientProtocolClient (GrpcClientProtocolClient.java:onNext(264)) - client-964B0EA39D34->4234af2c-5377-4886-a4e8-6fe45d0af45e: receive RaftClientReply:client-964B0EA39D34->4234af2c-5377-4886-a4e8-6fe45d0af45e@group-A1165329A1F1, cid=3466, SUCCESS, logIndex=5220, commits[4234af2c-5377-4886-a4e8-6fe45d0af45e:c5220, cef72988-acf5-49ad-9ec7-695a80e7a66d:c5216, d677508c-6db9-4741-b51c-49af5e4cf22f:c5216]
2019-09-08 07:08:15,055 [grpc-default-executor-3] INFO  client.GrpcClientProtocolClient (GrpcClientProtocolClient.java:onNext(264)) - client-964B0EA39D34->4234af2c-5377-4886-a4e8-6fe45d0af45e: receive RaftClientReply:client-964B0EA39D34->4234af2c-5377-4886-a4e8-6fe45d0af45e@group-A1165329A1F1, cid=3467, SUCCESS, logIndex=0, commits[4234af2c-5377-4886-a4e8-6fe45d0af45e:c5222, cef72988-acf5-49ad-9ec7-695a80e7a66d:c5220, d677508c-6db9-4741-b51c-49af5e4cf22f:c5220]
2019-09-08 07:08:15,086 [grpc-default-executor-4] INFO  client.GrpcClientProtocolClient (GrpcClientProtocolClient.java:onNext(264)) - client-964B0EA39D34->4234af2c-5377-4886-a4e8-6fe45d0af45e: receive RaftClientReply:client-964B0EA39D34->4234af2c-5377-4886-a4e8-6fe45d0af45e@group-A1165329A1F1, cid=3468, SUCCESS, logIndex=5223, commits[4234af2c-5377-4886-a4e8-6fe45d0af45e:c5224, cef72988-acf5-49ad-9ec7-695a80e7a66d:c5222, d677508c-6db9-4741-b51c-49af5e4cf22f:c5222]
2019-09-08 07:08:15,087 [grpc-default-executor-4] INFO  client.GrpcClientProtocolClient (GrpcClientProtocolClient.java:onNext(264)) - client-964B0EA39D34->4234af2c-5377-4886-a4e8-6fe45d0af45e: receive RaftClientReply:client-964B0EA39D34->4234af2c-5377-4886-a4e8-6fe45d0af45e@group-A1165329A1F1, cid=3469, SUCCESS, logIndex=5224, commits[4234af2c-5377-4886-a4e8-6fe45d0af45e:c5226, cef72988-acf5-49ad-9ec7-695a80e7a66d:c5222, d677508c-6db9-4741-b51c-49af5e4cf22f:c5222]
2019-09-08 07:08:15,087 [grpc-default-executor-4] INFO  client.GrpcClientProtocolClient (GrpcClientProtocolClient.java:onNext(264)) - client-964B0EA39D34->4234af2c-5377-4886-a4e8-6fe45d0af45e: receive RaftClientReply:client-964B0EA39D34->4234af2c-5377-4886-a4e8-6fe45d0af45e@group-A1165329A1F1, cid=3470, SUCCESS, logIndex=5225, commits[4234af2c-5377-4886-a4e8-6fe45d0af45e:c5226, cef72988-acf5-49ad-9ec7-695a80e7a66d:c5222, d677508c-6db9-4741-b51c-49af5e4cf22f:c5222]
2019-09-08 07:08:15,087 [grpc-default-executor-4] INFO  client.GrpcClientProtocolClient (GrpcClientProtocolClient.java:onNext(264)) - client-964B0EA39D34->4234af2c-5377-4886-a4e8-6fe45d0af45e: receive RaftClientReply:client-964B0EA39D34->4234af2c-5377-4886-a4e8-6fe45d0af45e@group-A1165329A1F1, cid=3471, SUCCESS, logIndex=5226, commits[4234af2c-5377-4886-a4e8-6fe45d0af45e:c5226, cef72988-acf5-49ad-9ec7-695a80e7a66d:c5222, d677508c-6db9-4741-b51c-49af5e4cf22f:c5222]
2019-09-08 07:08:15,089 [grpc-default-executor-3] INFO  client.GrpcClientProtocolClient (GrpcClientProtocolClient.java:onNext(264)) - client-964B0EA39D34->4234af2c-5377-4886-a4e8-6fe45d0af45e: receive RaftClientReply:client-964B0EA39D34->4234af2c-5377-4886-a4e8-6fe45d0af45e@group-A1165329A1F1, cid=3472, SUCCESS, logIndex=0, commits[4234af2c-5377-4886-a4e8-6fe45d0af45e:c5230, cef72988-acf5-49ad-9ec7-695a80e7a66d:c5226, d677508c-6db9-4741-b51c-49af5e4cf22f:c5224]
 0.00% |█                                                                                                    |  0/1 Time: 0:00:552019-09-08 07:08:15,112 [grpc-default-executor-3] INFO  client.GrpcClientProtocolClient (GrpcClientProtocolClient.java:onNext(264)) - client-964B0EA39D34->4234af2c-5377-4886-a4e8-6fe45d0af45e: receive RaftClientReply:client-964B0EA39D34->4234af2c-5377-4886-a4e8-6fe45d0af45e@group-A1165329A1F1, cid=3473, SUCCESS, logIndex=5231, commits[4234af2c-5377-4886-a4e8-6fe45d0af45e:c5232, cef72988-acf5-49ad-9ec7-695a80e7a66d:c5230, d677508c-6db9-4741-b51c-49af5e4cf22f:c5230]
2019-09-08 07:08:15,112 [grpc-default-executor-3] INFO  client.GrpcClientProtocolClient (GrpcClientProtocolClient.java:onNext(264)) - client-964B0EA39D34->4234af2c-5377-4886-a4e8-6fe45d0af45e: receive RaftClientReply:client-964B0EA39D34->4234af2c-5377-4886-a4e8-6fe45d0af45e@group-A1165329A1F1, cid=3474, SUCCESS, logIndex=5232, commits[4234af2c-5377-4886-a4e8-6fe45d0af45e:c5232, cef72988-acf5-49ad-9ec7-695a80e7a66d:c5230, d677508c-6db9-4741-b51c-49af5e4cf22f:c5230]
2019-09-08 07:08:15,130 [grpc-default-executor-4] INFO  client.GrpcClientProtocolClient (GrpcClientProtocolClient.java:onNext(264)) - client-964B0EA39D34->4234af2c-5377-4886-a4e8-6fe45d0af45e: receive RaftClientReply:client-964B0EA39D34->4234af2c-5377-4886-a4e8-6fe45d0af45e@group-A1165329A1F1, cid=3475, SUCCESS, logIndex=5235, commits[4234af2c-5377-4886-a4e8-6fe45d0af45e:c5235, cef72988-acf5-49ad-9ec7-695a80e7a66d:c5234, d677508c-6db9-4741-b51c-49af5e4cf22f:c5234]
2019-09-08 07:08:15,130 [grpc-default-executor-4] INFO  client.GrpcClientProtocolClient (GrpcClientProtocolClient.java:onNext(264)) - client-964B0EA39D34->4234af2c-5377-4886-a4e8-6fe45d0af45e: receive RaftClientReply:client-964B0EA39D34->4234af2c-5377-4886-a4e8-6fe45d0af45e@group-A1165329A1F1, cid=3476, SUCCESS, logIndex=5236, commits[4234af2c-5377-4886-a4e8-6fe45d0af45e:c5236, cef72988-acf5-49ad-9ec7-695a80e7a66d:c5234, d677508c-6db9-4741-b51c-49af5e4cf22f:c5234]
2019-09-08 07:08:15,133 [grpc-default-executor-4] INFO  client.GrpcClientProtocolClient (GrpcClientProtocolClient.java:onNext(264)) - client-964B0EA39D34->4234af2c-5377-4886-a4e8-6fe45d0af45e: receive RaftClientReply:client-964B0EA39D34->4234af2c-5377-4886-a4e8-6fe45d0af45e@group-A1165329A1F1, cid=3477, SUCCESS, logIndex=0, commits[4234af2c-5377-4886-a4e8-6fe45d0af45e:c5238, cef72988-acf5-49ad-9ec7-695a80e7a66d:c5236, d677508c-6db9-4741-b51c-49af5e4cf22f:c5236]
2019-09-08 07:08:15,164 [grpc-default-executor-3] INFO  client.GrpcClientProtocolClient (GrpcClientProtocolClient.java:onNext(264)) - client-964B0EA39D34->4234af2c-5377-4886-a4e8-6fe45d0af45e: receive RaftClientReply:client-964B0EA39D34->4234af2c-5377-4886-a4e8-6fe45d0af45e@group-A1165329A1F1, cid=3478, SUCCESS, logIndex=5239, commits[4234af2c-5377-4886-a4e8-6fe45d0af45e:c5240, cef72988-acf5-49ad-9ec7-695a80e7a66d:c5238, d677508c-6db9-4741-b51c-49af5e4cf22f:c5238]
2019-09-08 07:08:15,164 [grpc-default-executor-3] INFO  client.GrpcClientProtocolClient (GrpcClientProtocolClient.java:onNext(264)) - client-964B0EA39D34->4234af2c-5377-4886-a4e8-6fe45d0af45e: receive RaftClientReply:client-964B0EA39D34->4234af2c-5377-4886-a4e8-6fe45d0af45e@group-A1165329A1F1, cid=3479, SUCCESS, logIndex=5240, commits[4234af2c-5377-4886-a4e8-6fe45d0af45e:c5242, cef72988-acf5-49ad-9ec7-695a80e7a66d:c5238, d677508c-6db9-4741-b51c-49af5e4cf22f:c5238]
2019-09-08 07:08:15,164 [grpc-default-executor-3] INFO  client.GrpcClientProtocolClient (GrpcClientProtocolClient.java:onNext(264)) - client-964B0EA39D34->4234af2c-5377-4886-a4e8-6fe45d0af45e: receive RaftClientReply:client-964B0EA39D34->4234af2c-5377-4886-a4e8-6fe45d0af45e@group-A1165329A1F1, cid=3480, SUCCESS, logIndex=5241, commits[4234af2c-5377-4886-a4e8-6fe45d0af45e:c5242, cef72988-acf5-49ad-9ec7-695a80e7a66d:c5238, d677508c-6db9-4741-b51c-49af5e4cf22f:c5238]
2019-09-08 07:08:15,165 [grpc-default-executor-3] INFO  client.GrpcClientProtocolClient (GrpcClientProtocolClient.java:onNext(264)) - client-964B0EA39D34->4234af2c-5377-4886-a4e8-6fe45d0af45e: receive RaftClientReply:client-964B0EA39D34->4234af2c-5377-4886-a4e8-6fe45d0af45e@group-A1165329A1F1, cid=3481, SUCCESS, logIndex=5242, commits[4234af2c-5377-4886-a4e8-6fe45d0af45e:c5242, cef72988-acf5-49ad-9ec7-695a80e7a66d:c5238, d677508c-6db9-4741-b51c-49af5e4cf22f:c5238]
2019-09-08 07:08:15,177 [grpc-default-executor-3] INFO  client.GrpcClientProtocolClient (GrpcClientProtocolClient.java:onNext(264)) - client-964B0EA39D34->4234af2c-5377-4886-a4e8-6fe45d0af45e: receive RaftClientReply:client-964B0EA39D34->4234af2c-5377-4886-a4e8-6fe45d0af45e@group-A1165329A1F1, cid=3482, SUCCESS, logIndex=0, commits[4234af2c-5377-4886-a4e8-6fe45d0af45e:c5244, cef72988-acf5-49ad-9ec7-695a80e7a66d:c5240, d677508c-6db9-4741-b51c-49af5e4cf22f:c5240]
2019-09-08 07:08:15,194 [grpc-default-executor-4] INFO  client.GrpcClientProtocolClient (GrpcClientProtocolClient.java:onNext(264)) - client-964B0EA39D34->4234af2c-5377-4886-a4e8-6fe45d0af45e: receive RaftClientReply:client-964B0EA39D34->4234af2c-5377-4886-a4e8-6fe45d0af45e@group-A1165329A1F1, cid=3483, SUCCESS, logIndex=5246, commits[4234af2c-5377-4886-a4e8-6fe45d0af45e:c5247, cef72988-acf5-49ad-9ec7-695a80e7a66d:c5245, d677508c-6db9-4741-b51c-49af5e4cf22f:c5245]
2019-09-08 07:08:15,195 [grpc-default-executor-4] INFO  client.GrpcClientProtocolClient (GrpcClientProtocolClient.java:onNext(264)) - client-964B0EA39D34->4234af2c-5377-4886-a4e8-6fe45d0af45e: receive RaftClientReply:client-964B0EA39D34->4234af2c-5377-4886-a4e8-6fe45d0af45e@group-A1165329A1F1, cid=3484, SUCCESS, logIndex=5247, commits[4234af2c-5377-4886-a4e8-6fe45d0af45e:c5247, cef72988-acf5-49ad-9ec7-695a80e7a66d:c5245, d677508c-6db9-4741-b51c-49af5e4cf22f:c5245]
2019-09-08 07:08:15,213 [grpc-default-executor-6] INFO  client.GrpcClientProtocolClient (GrpcClientProtocolClient.java:onNext(264)) - client-964B0EA39D34->4234af2c-5377-4886-a4e8-6fe45d0af45e: receive RaftClientReply:client-964B0EA39D34->4234af2c-5377-4886-a4e8-6fe45d0af45e@group-A1165329A1F1, cid=3485, SUCCESS, logIndex=5250, commits[4234af2c-5377-4886-a4e8-6fe45d0af45e:c5251, cef72988-acf5-49ad-9ec7-695a80e7a66d:c5249, d677508c-6db9-4741-b51c-49af5e4cf22f:c5249]
2019-09-08 07:08:15,213 [grpc-default-executor-6] INFO  client.GrpcClientProtocolClient (GrpcClientProtocolClient.java:onNext(264)) - client-964B0EA39D34->4234af2c-5377-4886-a4e8-6fe45d0af45e: receive RaftClientReply:client-964B0EA39D34->4234af2c-5377-4886-a4e8-6fe45d0af45e@group-A1165329A1F1, cid=3486, SUCCESS, logIndex=5251, commits[4234af2c-5377-4886-a4e8-6fe45d0af45e:c5251, cef72988-acf5-49ad-9ec7-695a80e7a66d:c5249, d677508c-6db9-4741-b51c-49af5e4cf22f:c5249]
2019-09-08 07:08:15,227 [grpc-default-executor-6] INFO  client.GrpcClientProtocolClient (GrpcClientProtocolClient.java:onNext(264)) - client-964B0EA39D34->4234af2c-5377-4886-a4e8-6fe45d0af45e: receive RaftClientReply:client-964B0EA39D34->4234af2c-5377-4886-a4e8-6fe45d0af45e@group-A1165329A1F1, cid=3487, SUCCESS, logIndex=0, commits[4234af2c-5377-4886-a4e8-6fe45d0af45e:c5253, cef72988-acf5-49ad-9ec7-695a80e7a66d:c5251, d677508c-6db9-4741-b51c-49af5e4cf22f:c5251]
2019-09-08 07:08:15,246 [grpc-default-executor-0] INFO  client.GrpcClientProtocolClient (GrpcClientProtocolClient.java:onNext(264)) - client-964B0EA39D34->4234af2c-5377-4886-a4e8-6fe45d0af45e: receive RaftClientReply:client-964B0EA39D34->4234af2c-5377-4886-a4e8-6fe45d0af45e@group-A1165329A1F1, cid=3488, SUCCESS, logIndex=5254, commits[4234af2c-5377-4886-a4e8-6fe45d0af45e:c5255, cef72988-acf5-49ad-9ec7-695a80e7a66d:c5253, d677508c-6db9-4741-b51c-49af5e4cf22f:c5251]
2019-09-08 07:08:15,247 [grpc-default-executor-0] INFO  client.GrpcClientProtocolClient (GrpcClientProtocolClient.java:onNext(264)) - client-964B0EA39D34->4234af2c-5377-4886-a4e8-6fe45d0af45e: receive RaftClientReply:client-964B0EA39D34->4234af2c-5377-4886-a4e8-6fe45d0af45e@group-A1165329A1F1, cid=3489, SUCCESS, logIndex=5255, commits[4234af2c-5377-4886-a4e8-6fe45d0af45e:c5255, cef72988-acf5-49ad-9ec7-695a80e7a66d:c5253, d677508c-6db9-4741-b51c-49af5e4cf22f:c5251]
2019-09-08 07:08:15,248 [grpc-default-executor-6] INFO  client.GrpcClientProtocolClient (GrpcClientProtocolClient.java:onNext(264)) - client-964B0EA39D34->4234af2c-5377-4886-a4e8-6fe45d0af45e: receive RaftClientReply:client-964B0EA39D34->4234af2c-5377-4886-a4e8-6fe45d0af45e@group-A1165329A1F1, cid=3490, SUCCESS, logIndex=5256, commits[4234af2c-5377-4886-a4e8-6fe45d0af45e:c5257, cef72988-acf5-49ad-9ec7-695a80e7a66d:c5253, d677508c-6db9-4741-b51c-49af5e4cf22f:c5251]
2019-09-08 07:08:15,249 [grpc-default-executor-6] INFO  client.GrpcClientProtocolClient (GrpcClientProtocolClient.java:onNext(264)) - client-964B0EA39D34->4234af2c-5377-4886-a4e8-6fe45d0af45e: receive RaftClientReply:client-964B0EA39D34->4234af2c-5377-4886-a4e8-6fe45d0af45e@group-A1165329A1F1, cid=3491, SUCCESS, logIndex=5257, commits[4234af2c-5377-4886-a4e8-6fe45d0af45e:c5257, cef72988-acf5-49ad-9ec7-695a80e7a66d:c5253, d677508c-6db9-4741-b51c-49af5e4cf22f:c5253]
2019-09-08 07:08:15,259 [grpc-default-executor-0] INFO  client.GrpcClientProtocolClient (GrpcClientProtocolClient.java:onNext(264)) - client-964B0EA39D34->4234af2c-5377-4886-a4e8-6fe45d0af45e: receive RaftClientReply:client-964B0EA39D34->4234af2c-5377-4886-a4e8-6fe45d0af45e@group-A1165329A1F1, cid=3492, SUCCESS, logIndex=0, commits[4234af2c-5377-4886-a4e8-6fe45d0af45e:c5260, cef72988-acf5-49ad-9ec7-695a80e7a66d:c5256, d677508c-6db9-4741-b51c-49af5e4cf22f:c5255]
2019-09-08 07:08:15,272 [grpc-default-executor-6] INFO  client.GrpcClientProtocolClient (GrpcClientProtocolClient.java:onNext(264)) - client-964B0EA39D34->4234af2c-5377-4886-a4e8-6fe45d0af45e: receive RaftClientReply:client-964B0EA39D34->4234af2c-5377-4886-a4e8-6fe45d0af45e@group-A1165329A1F1, cid=3493, SUCCESS, logIndex=5262, commits[4234af2c-5377-4886-a4e8-6fe45d0af45e:c5263, cef72988-acf5-49ad-9ec7-695a80e7a66d:c5261, d677508c-6db9-4741-b51c-49af5e4cf22f:c5261]
2019-09-08 07:08:15,273 [grpc-default-executor-6] INFO  client.GrpcClientProtocolClient (GrpcClientProtocolClient.java:onNext(264)) - client-964B0EA39D34->4234af2c-5377-4886-a4e8-6fe45d0af45e: receive RaftClientReply:client-964B0EA39D34->4234af2c-5377-4886-a4e8-6fe45d0af45e@group-A1165329A1F1, cid=3494, SUCCESS, logIndex=5263, commits[4234af2c-5377-4886-a4e8-6fe45d0af45e:c5263, cef72988-acf5-49ad-9ec7-695a80e7a66d:c5261, d677508c-6db9-4741-b51c-49af5e4cf22f:c5261]
2019-09-08 07:08:15,291 [grpc-default-executor-4] INFO  client.GrpcClientProtocolClient (GrpcClientProtocolClient.java:onNext(264)) - client-964B0EA39D34->4234af2c-5377-4886-a4e8-6fe45d0af45e: receive RaftClientReply:client-964B0EA39D34->4234af2c-5377-4886-a4e8-6fe45d0af45e@group-A1165329A1F1, cid=3495, SUCCESS, logIndex=5266, commits[4234af2c-5377-4886-a4e8-6fe45d0af45e:c5267, cef72988-acf5-49ad-9ec7-695a80e7a66d:c5265, d677508c-6db9-4741-b51c-49af5e4cf22f:c5265]
2019-09-08 07:08:15,291 [grpc-default-executor-4] INFO  client.GrpcClientProtocolClient (GrpcClientProtocolClient.java:onNext(264)) - client-964B0EA39D34->4234af2c-5377-4886-a4e8-6fe45d0af45e: receive RaftClientReply:client-964B0EA39D34->4234af2c-5377-4886-a4e8-6fe45d0af45e@group-A1165329A1F1, cid=3496, SUCCESS, logIndex=5267, commits[4234af2c-5377-4886-a4e8-6fe45d0af45e:c5267, cef72988-acf5-49ad-9ec7-695a80e7a66d:c5265, d677508c-6db9-4741-b51c-49af5e4cf22f:c5265]
2019-09-08 07:08:15,308 [grpc-default-executor-6] INFO  client.GrpcClientProtocolClient (GrpcClientProtocolClient.java:onNext(264)) - client-964B0EA39D34->4234af2c-5377-4886-a4e8-6fe45d0af45e: receive RaftClientReply:client-964B0EA39D34->4234af2c-5377-4886-a4e8-6fe45d0af45e@group-A1165329A1F1, cid=3497, SUCCESS, logIndex=0, commits[4234af2c-5377-4886-a4e8-6fe45d0af45e:c5269, cef72988-acf5-49ad-9ec7-695a80e7a66d:c5267, d677508c-6db9-4741-b51c-49af5e4cf22f:c5267]
2019-09-08 07:08:15,336 [grpc-default-executor-0] INFO  client.GrpcClientProtocolClient (GrpcClientProtocolClient.java:onNext(264)) - client-964B0EA39D34->4234af2c-5377-4886-a4e8-6fe45d0af45e: receive RaftClientReply:client-964B0EA39D34->4234af2c-5377-4886-a4e8-6fe45d0af45e@group-A1165329A1F1, cid=3498, SUCCESS, logIndex=5270, commits[4234af2c-5377-4886-a4e8-6fe45d0af45e:c5272, cef72988-acf5-49ad-9ec7-695a80e7a66d:c5269, d677508c-6db9-4741-b51c-49af5e4cf22f:c5269]
2019-09-08 07:08:15,336 [grpc-default-executor-0] INFO  client.GrpcClientProtocolClient (GrpcClientProtocolClient.java:onNext(264)) - client-964B0EA39D34->4234af2c-5377-4886-a4e8-6fe45d0af45e: receive RaftClientReply:client-964B0EA39D34->4234af2c-5377-4886-a4e8-6fe45d0af45e@group-A1165329A1F1, cid=3499, SUCCESS, logIndex=5271, commits[4234af2c-5377-4886-a4e8-6fe45d0af45e:c5273, cef72988-acf5-49ad-9ec7-695a80e7a66d:c5269, d677508c-6db9-4741-b51c-49af5e4cf22f:c5269]
2019-09-08 07:08:15,337 [grpc-default-executor-0] INFO  client.GrpcClientProtocolClient (GrpcClientProtocolClient.java:onNext(264)) - client-964B0EA39D34->4234af2c-5377-4886-a4e8-6fe45d0af45e: receive RaftClientReply:client-964B0EA39D34->4234af2c-5377-4886-a4e8-6fe45d0af45e@group-A1165329A1F1, cid=3500, SUCCESS, logIndex=5272, commits[4234af2c-5377-4886-a4e8-6fe45d0af45e:c5273, cef72988-acf5-49ad-9ec7-695a80e7a66d:c5269, d677508c-6db9-4741-b51c-49af5e4cf22f:c5269]
2019-09-08 07:08:15,337 [grpc-default-executor-0] INFO  client.GrpcClientProtocolClient (GrpcClientProtocolClient.java:onNext(264)) - client-964B0EA39D34->4234af2c-5377-4886-a4e8-6fe45d0af45e: receive RaftClientReply:client-964B0EA39D34->4234af2c-5377-4886-a4e8-6fe45d0af45e@group-A1165329A1F1, cid=3501, SUCCESS, logIndex=5273, commits[4234af2c-5377-4886-a4e8-6fe45d0af45e:c5273, cef72988-acf5-49ad-9ec7-695a80e7a66d:c5269, d677508c-6db9-4741-b51c-49af5e4cf22f:c5269]
2019-09-08 07:08:15,338 [grpc-default-executor-0] INFO  client.GrpcClientProtocolClient (GrpcClientProtocolClient.java:onNext(264)) - client-964B0EA39D34->4234af2c-5377-4886-a4e8-6fe45d0af45e: receive RaftClientReply:client-964B0EA39D34->4234af2c-5377-4886-a4e8-6fe45d0af45e@group-A1165329A1F1, cid=3502, SUCCESS, logIndex=0, commits[4234af2c-5377-4886-a4e8-6fe45d0af45e:c5275, cef72988-acf5-49ad-9ec7-695a80e7a66d:c5271, d677508c-6db9-4741-b51c-49af5e4cf22f:c5271]
2019-09-08 07:08:15,358 [grpc-default-executor-4] INFO  client.GrpcClientProtocolClient (GrpcClientProtocolClient.java:onNext(264)) - client-964B0EA39D34->4234af2c-5377-4886-a4e8-6fe45d0af45e: receive RaftClientReply:client-964B0EA39D34->4234af2c-5377-4886-a4e8-6fe45d0af45e@group-A1165329A1F1, cid=3503, SUCCESS, logIndex=5278, commits[4234af2c-5377-4886-a4e8-6fe45d0af45e:c5279, cef72988-acf5-49ad-9ec7-695a80e7a66d:c5277, d677508c-6db9-4741-b51c-49af5e4cf22f:c5277]
2019-09-08 07:08:15,358 [grpc-default-executor-4] INFO  client.GrpcClientProtocolClient (GrpcClientProtocolClient.java:onNext(264)) - client-964B0EA39D34->4234af2c-5377-4886-a4e8-6fe45d0af45e: receive RaftClientReply:client-964B0EA39D34->4234af2c-5377-4886-a4e8-6fe45d0af45e@group-A1165329A1F1, cid=3504, SUCCESS, logIndex=5279, commits[4234af2c-5377-4886-a4e8-6fe45d0af45e:c5279, cef72988-acf5-49ad-9ec7-695a80e7a66d:c5277, d677508c-6db9-4741-b51c-49af5e4cf22f:c5277]
2019-09-08 07:08:15,374 [grpc-default-executor-4] INFO  client.GrpcClientProtocolClient (GrpcClientProtocolClient.java:onNext(264)) - client-964B0EA39D34->4234af2c-5377-4886-a4e8-6fe45d0af45e: receive RaftClientReply:client-964B0EA39D34->4234af2c-5377-4886-a4e8-6fe45d0af45e@group-A1165329A1F1, cid=3505, SUCCESS, logIndex=5282, commits[4234af2c-5377-4886-a4e8-6fe45d0af45e:c5283, cef72988-acf5-49ad-9ec7-695a80e7a66d:c5281, d677508c-6db9-4741-b51c-49af5e4cf22f:c5281]
2019-09-08 07:08:15,375 [grpc-default-executor-4] INFO  client.GrpcClientProtocolClient (GrpcClientProtocolClient.java:onNext(264)) - client-964B0EA39D34->4234af2c-5377-4886-a4e8-6fe45d0af45e: receive RaftClientReply:client-964B0EA39D34->4234af2c-5377-4886-a4e8-6fe45d0af45e@group-A1165329A1F1, cid=3506, SUCCESS, logIndex=5283, commits[4234af2c-5377-4886-a4e8-6fe45d0af45e:c5283, cef72988-acf5-49ad-9ec7-695a80e7a66d:c5281, d677508c-6db9-4741-b51c-49af5e4cf22f:c5281]
2019-09-08 07:08:15,387 [grpc-default-executor-4] INFO  client.GrpcClientProtocolClient (GrpcClientProtocolClient.java:onNext(264)) - client-964B0EA39D34->4234af2c-5377-4886-a4e8-6fe45d0af45e: receive RaftClientReply:client-964B0EA39D34->4234af2c-5377-4886-a4e8-6fe45d0af45e@group-A1165329A1F1, cid=3507, SUCCESS, logIndex=0, commits[4234af2c-5377-4886-a4e8-6fe45d0af45e:c5285, cef72988-acf5-49ad-9ec7-695a80e7a66d:c5283, d677508c-6db9-4741-b51c-49af5e4cf22f:c5283]
2019-09-08 07:08:15,894 [grpc-default-executor-0] INFO  client.GrpcClientProtocolClient (GrpcClientProtocolClient.java:onNext(264)) - client-964B0EA39D34->4234af2c-5377-4886-a4e8-6fe45d0af45e: receive RaftClientReply:client-964B0EA39D34->4234af2c-5377-4886-a4e8-6fe45d0af45e@group-A1165329A1F1, cid=3508, SUCCESS, logIndex=5286, commits[4234af2c-5377-4886-a4e8-6fe45d0af45e:c5287, cef72988-acf5-49ad-9ec7-695a80e7a66d:c5285, d677508c-6db9-4741-b51c-49af5e4cf22f:c5285]
2019-09-08 07:08:15,895 [grpc-default-executor-0] INFO  client.GrpcClientProtocolClient (GrpcClientProtocolClient.java:onNext(264)) - client-964B0EA39D34->4234af2c-5377-4886-a4e8-6fe45d0af45e: receive RaftClientReply:client-964B0EA39D34->4234af2c-5377-4886-a4e8-6fe45d0af45e@group-A1165329A1F1, cid=3509, SUCCESS, logIndex=5287, commits[4234af2c-5377-4886-a4e8-6fe45d0af45e:c5287, cef72988-acf5-49ad-9ec7-695a80e7a66d:c5285, d677508c-6db9-4741-b51c-49af5e4cf22f:c5285]
2019-09-08 07:08:15,903 [grpc-default-executor-0] INFO  client.GrpcClientProtocolClient (GrpcClientProtocolClient.java:onNext(264)) - client-964B0EA39D34->4234af2c-5377-4886-a4e8-6fe45d0af45e: receive RaftClientReply:client-964B0EA39D34->4234af2c-5377-4886-a4e8-6fe45d0af45e@group-A1165329A1F1, cid=3510, SUCCESS, logIndex=5288, commits[4234af2c-5377-4886-a4e8-6fe45d0af45e:c5289, cef72988-acf5-49ad-9ec7-695a80e7a66d:c5285, d677508c-6db9-4741-b51c-49af5e4cf22f:c5285]
2019-09-08 07:08:15,904 [grpc-default-executor-4] INFO  client.GrpcClientProtocolClient (GrpcClientProtocolClient.java:onNext(264)) - client-964B0EA39D34->4234af2c-5377-4886-a4e8-6fe45d0af45e: receive RaftClientReply:client-964B0EA39D34->4234af2c-5377-4886-a4e8-6fe45d0af45e@group-A1165329A1F1, cid=3511, SUCCESS, logIndex=5289, commits[4234af2c-5377-4886-a4e8-6fe45d0af45e:c5289, cef72988-acf5-49ad-9ec7-695a80e7a66d:c5285, d677508c-6db9-4741-b51c-49af5e4cf22f:c5285]
2019-09-08 07:08:15,906 [grpc-default-executor-0] INFO  client.GrpcClientProtocolClient (GrpcClientProtocolClient.java:onNext(264)) - client-964B0EA39D34->4234af2c-5377-4886-a4e8-6fe45d0af45e: receive RaftClientReply:client-964B0EA39D34->4234af2c-5377-4886-a4e8-6fe45d0af45e@group-A1165329A1F1, cid=3512, SUCCESS, logIndex=0, commits[4234af2c-5377-4886-a4e8-6fe45d0af45e:c5291, cef72988-acf5-49ad-9ec7-695a80e7a66d:c5287, d677508c-6db9-4741-b51c-49af5e4cf22f:c5287]
2019-09-08 07:08:15,926 [grpc-default-executor-0] INFO  client.GrpcClientProtocolClient (GrpcClientProtocolClient.java:onNext(264)) - client-964B0EA39D34->4234af2c-5377-4886-a4e8-6fe45d0af45e: receive RaftClientReply:client-964B0EA39D34->4234af2c-5377-4886-a4e8-6fe45d0af45e@group-A1165329A1F1, cid=3513, SUCCESS, logIndex=5293, commits[4234af2c-5377-4886-a4e8-6fe45d0af45e:c5294, cef72988-acf5-49ad-9ec7-695a80e7a66d:c5292, d677508c-6db9-4741-b51c-49af5e4cf22f:c5292]
2019-09-08 07:08:15,927 [grpc-default-executor-0] INFO  client.GrpcClientProtocolClient (GrpcClientProtocolClient.java:onNext(264)) - client-964B0EA39D34->4234af2c-5377-4886-a4e8-6fe45d0af45e: receive RaftClientReply:client-964B0EA39D34->4234af2c-5377-4886-a4e8-6fe45d0af45e@group-A1165329A1F1, cid=3514, SUCCESS, logIndex=5294, commits[4234af2c-5377-4886-a4e8-6fe45d0af45e:c5294, cef72988-acf5-49ad-9ec7-695a80e7a66d:c5292, d677508c-6db9-4741-b51c-49af5e4cf22f:c5292]
2019-09-08 07:08:15,945 [grpc-default-executor-6] INFO  client.GrpcClientProtocolClient (GrpcClientProtocolClient.java:onNext(264)) - client-964B0EA39D34->4234af2c-5377-4886-a4e8-6fe45d0af45e: receive RaftClientReply:client-964B0EA39D34->4234af2c-5377-4886-a4e8-6fe45d0af45e@group-A1165329A1F1, cid=3515, SUCCESS, logIndex=5297, commits[4234af2c-5377-4886-a4e8-6fe45d0af45e:c5298, cef72988-acf5-49ad-9ec7-695a80e7a66d:c5294, d677508c-6db9-4741-b51c-49af5e4cf22f:c5294]
2019-09-08 07:08:15,946 [grpc-default-executor-6] INFO  client.GrpcClientProtocolClient (GrpcClientProtocolClient.java:onNext(264)) - client-964B0EA39D34->4234af2c-5377-4886-a4e8-6fe45d0af45e: receive RaftClientReply:client-964B0EA39D34->4234af2c-5377-4886-a4e8-6fe45d0af45e@group-A1165329A1F1, cid=3516, SUCCESS, logIndex=5298, commits[4234af2c-5377-4886-a4e8-6fe45d0af45e:c5298, cef72988-acf5-49ad-9ec7-695a80e7a66d:c5294, d677508c-6db9-4741-b51c-49af5e4cf22f:c5294]
2019-09-08 07:08:15,957 [grpc-default-executor-6] INFO  client.GrpcClientProtocolClient (GrpcClientProtocolClient.java:onNext(264)) - client-964B0EA39D34->4234af2c-5377-4886-a4e8-6fe45d0af45e: receive RaftClientReply:client-964B0EA39D34->4234af2c-5377-4886-a4e8-6fe45d0af45e@group-A1165329A1F1, cid=3517, SUCCESS, logIndex=0, commits[4234af2c-5377-4886-a4e8-6fe45d0af45e:c5299, cef72988-acf5-49ad-9ec7-695a80e7a66d:c5298, d677508c-6db9-4741-b51c-49af5e4cf22f:c5298]
2019-09-08 07:08:15,991 [grpc-default-executor-6] INFO  client.GrpcClientProtocolClient (GrpcClientProtocolClient.java:onNext(264)) - client-964B0EA39D34->4234af2c-5377-4886-a4e8-6fe45d0af45e: receive RaftClientReply:client-964B0EA39D34->4234af2c-5377-4886-a4e8-6fe45d0af45e@group-A1165329A1F1, cid=3518, SUCCESS, logIndex=5301, commits[4234af2c-5377-4886-a4e8-6fe45d0af45e:c5302, cef72988-acf5-49ad-9ec7-695a80e7a66d:c5300, d677508c-6db9-4741-b51c-49af5e4cf22f:c5300]
2019-09-08 07:08:15,992 [grpc-default-executor-6] INFO  client.GrpcClientProtocolClient (GrpcClientProtocolClient.java:onNext(264)) - client-964B0EA39D34->4234af2c-5377-4886-a4e8-6fe45d0af45e: receive RaftClientReply:client-964B0EA39D34->4234af2c-5377-4886-a4e8-6fe45d0af45e@group-A1165329A1F1, cid=3519, SUCCESS, logIndex=5302, commits[4234af2c-5377-4886-a4e8-6fe45d0af45e:c5302, cef72988-acf5-49ad-9ec7-695a80e7a66d:c5300, d677508c-6db9-4741-b51c-49af5e4cf22f:c5300]
2019-09-08 07:08:15,992 [grpc-default-executor-6] INFO  client.GrpcClientProtocolClient (GrpcClientProtocolClient.java:onNext(264)) - client-964B0EA39D34->4234af2c-5377-4886-a4e8-6fe45d0af45e: receive RaftClientReply:client-964B0EA39D34->4234af2c-5377-4886-a4e8-6fe45d0af45e@group-A1165329A1F1, cid=3520, SUCCESS, logIndex=5303, commits[4234af2c-5377-4886-a4e8-6fe45d0af45e:c5303, cef72988-acf5-49ad-9ec7-695a80e7a66d:c5300, d677508c-6db9-4741-b51c-49af5e4cf22f:c5300]
2019-09-08 07:08:15,993 [grpc-default-executor-6] INFO  client.GrpcClientProtocolClient (GrpcClientProtocolClient.java:onNext(264)) - client-964B0EA39D34->4234af2c-5377-4886-a4e8-6fe45d0af45e: receive RaftClientReply:client-964B0EA39D34->4234af2c-5377-4886-a4e8-6fe45d0af45e@group-A1165329A1F1, cid=3521, SUCCESS, logIndex=5304, commits[4234af2c-5377-4886-a4e8-6fe45d0af45e:c5304, cef72988-acf5-49ad-9ec7-695a80e7a66d:c5300, d677508c-6db9-4741-b51c-49af5e4cf22f:c5300]
2019-09-08 07:08:15,994 [grpc-default-executor-6] INFO  client.GrpcClientProtocolClient (GrpcClientProtocolClient.java:onNext(264)) - client-964B0EA39D34->4234af2c-5377-4886-a4e8-6fe45d0af45e: receive RaftClientReply:client-964B0EA39D34->4234af2c-5377-4886-a4e8-6fe45d0af45e@group-A1165329A1F1, cid=3522, SUCCESS, logIndex=0, commits[4234af2c-5377-4886-a4e8-6fe45d0af45e:c5306, cef72988-acf5-49ad-9ec7-695a80e7a66d:c5302, d677508c-6db9-4741-b51c-49af5e4cf22f:c5302]
2019-09-08 07:08:16,013 [grpc-default-executor-4] INFO  client.GrpcClientProtocolClient (GrpcClientProtocolClient.java:onNext(264)) - client-964B0EA39D34->4234af2c-5377-4886-a4e8-6fe45d0af45e: receive RaftClientReply:client-964B0EA39D34->4234af2c-5377-4886-a4e8-6fe45d0af45e@group-A1165329A1F1, cid=3523, SUCCESS, logIndex=5309, commits[4234af2c-5377-4886-a4e8-6fe45d0af45e:c5310, cef72988-acf5-49ad-9ec7-695a80e7a66d:c5308, d677508c-6db9-4741-b51c-49af5e4cf22f:c5308]
2019-09-08 07:08:16,013 [grpc-default-executor-4] INFO  client.GrpcClientProtocolClient (GrpcClientProtocolClient.java:onNext(264)) - client-964B0EA39D34->4234af2c-5377-4886-a4e8-6fe45d0af45e: receive RaftClientReply:client-964B0EA39D34->4234af2c-5377-4886-a4e8-6fe45d0af45e@group-A1165329A1F1, cid=3524, SUCCESS, logIndex=5310, commits[4234af2c-5377-4886-a4e8-6fe45d0af45e:c5310, cef72988-acf5-49ad-9ec7-695a80e7a66d:c5308, d677508c-6db9-4741-b51c-49af5e4cf22f:c5308]
2019-09-08 07:08:16,023 [grpc-default-executor-6] INFO  client.GrpcClientProtocolClient (GrpcClientProtocolClient.java:onNext(264)) - client-964B0EA39D34->4234af2c-5377-4886-a4e8-6fe45d0af45e: receive RaftClientReply:client-964B0EA39D34->4234af2c-5377-4886-a4e8-6fe45d0af45e@group-A1165329A1F1, cid=3525, SUCCESS, logIndex=5313, commits[4234af2c-5377-4886-a4e8-6fe45d0af45e:c5314, cef72988-acf5-49ad-9ec7-695a80e7a66d:c5312, d677508c-6db9-4741-b51c-49af5e4cf22f:c5310]
2019-09-08 07:08:16,024 [grpc-default-executor-6] INFO  client.GrpcClientProtocolClient (GrpcClientProtocolClient.java:onNext(264)) - client-964B0EA39D34->4234af2c-5377-4886-a4e8-6fe45d0af45e: receive RaftClientReply:client-964B0EA39D34->4234af2c-5377-4886-a4e8-6fe45d0af45e@group-A1165329A1F1, cid=3526, SUCCESS, logIndex=5314, commits[4234af2c-5377-4886-a4e8-6fe45d0af45e:c5314, cef72988-acf5-49ad-9ec7-695a80e7a66d:c5312, d677508c-6db9-4741-b51c-49af5e4cf22f:c5312]
2019-09-08 07:08:16,025 [grpc-default-executor-6] INFO  client.GrpcClientProtocolClient (GrpcClientProtocolClient.java:onNext(264)) - client-964B0EA39D34->4234af2c-5377-4886-a4e8-6fe45d0af45e: receive RaftClientReply:client-964B0EA39D34->4234af2c-5377-4886-a4e8-6fe45d0af45e@group-A1165329A1F1, cid=3527, SUCCESS, logIndex=0, commits[4234af2c-5377-4886-a4e8-6fe45d0af45e:c5315, cef72988-acf5-49ad-9ec7-695a80e7a66d:c5314, d677508c-6db9-4741-b51c-49af5e4cf22f:c5314]
2019-09-08 07:08:16,045 [grpc-default-executor-4] INFO  client.GrpcClientProtocolClient (GrpcClientProtocolClient.java:onNext(264)) - client-964B0EA39D34->4234af2c-5377-4886-a4e8-6fe45d0af45e: receive RaftClientReply:client-964B0EA39D34->4234af2c-5377-4886-a4e8-6fe45d0af45e@group-A1165329A1F1, cid=3528, SUCCESS, logIndex=5317, commits[4234af2c-5377-4886-a4e8-6fe45d0af45e:c5318, cef72988-acf5-49ad-9ec7-695a80e7a66d:c5314, d677508c-6db9-4741-b51c-49af5e4cf22f:c5316]
2019-09-08 07:08:16,046 [grpc-default-executor-6] INFO  client.GrpcClientProtocolClient (GrpcClientProtocolClient.java:onNext(264)) - client-964B0EA39D34->4234af2c-5377-4886-a4e8-6fe45d0af45e: receive RaftClientReply:client-964B0EA39D34->4234af2c-5377-4886-a4e8-6fe45d0af45e@group-A1165329A1F1, cid=3529, SUCCESS, logIndex=5318, commits[4234af2c-5377-4886-a4e8-6fe45d0af45e:c5320, cef72988-acf5-49ad-9ec7-695a80e7a66d:c5316, d677508c-6db9-4741-b51c-49af5e4cf22f:c5316]
2019-09-08 07:08:16,046 [grpc-default-executor-6] INFO  client.GrpcClientProtocolClient (GrpcClientProtocolClient.java:onNext(264)) - client-964B0EA39D34->4234af2c-5377-4886-a4e8-6fe45d0af45e: receive RaftClientReply:client-964B0EA39D34->4234af2c-5377-4886-a4e8-6fe45d0af45e@group-A1165329A1F1, cid=3530, SUCCESS, logIndex=5319, commits[4234af2c-5377-4886-a4e8-6fe45d0af45e:c5320, cef72988-acf5-49ad-9ec7-695a80e7a66d:c5316, d677508c-6db9-4741-b51c-49af5e4cf22f:c5316]
2019-09-08 07:08:16,046 [grpc-default-executor-6] INFO  client.GrpcClientProtocolClient (GrpcClientProtocolClient.java:onNext(264)) - client-964B0EA39D34->4234af2c-5377-4886-a4e8-6fe45d0af45e: receive RaftClientReply:client-964B0EA39D34->4234af2c-5377-4886-a4e8-6fe45d0af45e@group-A1165329A1F1, cid=3531, SUCCESS, logIndex=5320, commits[4234af2c-5377-4886-a4e8-6fe45d0af45e:c5320, cef72988-acf5-49ad-9ec7-695a80e7a66d:c5316, d677508c-6db9-4741-b51c-49af5e4cf22f:c5316]
2019-09-08 07:08:16,047 [grpc-default-executor-4] INFO  client.GrpcClientProtocolClient (GrpcClientProtocolClient.java:onNext(264)) - client-964B0EA39D34->4234af2c-5377-4886-a4e8-6fe45d0af45e: receive RaftClientReply:client-964B0EA39D34->4234af2c-5377-4886-a4e8-6fe45d0af45e@group-A1165329A1F1, cid=3532, SUCCESS, logIndex=0, commits[4234af2c-5377-4886-a4e8-6fe45d0af45e:c5321, cef72988-acf5-49ad-9ec7-695a80e7a66d:c5318, d677508c-6db9-4741-b51c-49af5e4cf22f:c5318]
2019-09-08 07:08:16,078 [grpc-default-executor-4] INFO  client.GrpcClientProtocolClient (GrpcClientProtocolClient.java:onNext(264)) - client-964B0EA39D34->4234af2c-5377-4886-a4e8-6fe45d0af45e: receive RaftClientReply:client-964B0EA39D34->4234af2c-5377-4886-a4e8-6fe45d0af45e@group-A1165329A1F1, cid=3533, SUCCESS, logIndex=5325, commits[4234af2c-5377-4886-a4e8-6fe45d0af45e:c5326, cef72988-acf5-49ad-9ec7-695a80e7a66d:c5324, d677508c-6db9-4741-b51c-49af5e4cf22f:c5324]
2019-09-08 07:08:16,078 [grpc-default-executor-4] INFO  client.GrpcClientProtocolClient (GrpcClientProtocolClient.java:onNext(264)) - client-964B0EA39D34->4234af2c-5377-4886-a4e8-6fe45d0af45e: receive RaftClientReply:client-964B0EA39D34->4234af2c-5377-4886-a4e8-6fe45d0af45e@group-A1165329A1F1, cid=3534, SUCCESS, logIndex=5326, commits[4234af2c-5377-4886-a4e8-6fe45d0af45e:c5326, cef72988-acf5-49ad-9ec7-695a80e7a66d:c5324, d677508c-6db9-4741-b51c-49af5e4cf22f:c5324]
2019-09-08 07:08:16,095 [grpc-default-executor-4] INFO  client.GrpcClientProtocolClient (GrpcClientProtocolClient.java:onNext(264)) - client-964B0EA39D34->4234af2c-5377-4886-a4e8-6fe45d0af45e: receive RaftClientReply:client-964B0EA39D34->4234af2c-5377-4886-a4e8-6fe45d0af45e@group-A1165329A1F1, cid=3535, SUCCESS, logIndex=5329, commits[4234af2c-5377-4886-a4e8-6fe45d0af45e:c5329, cef72988-acf5-49ad-9ec7-695a80e7a66d:c5328, d677508c-6db9-4741-b51c-49af5e4cf22f:c5328]
2019-09-08 07:08:16,095 [grpc-default-executor-4] INFO  client.GrpcClientProtocolClient (GrpcClientProtocolClient.java:onNext(264)) - client-964B0EA39D34->4234af2c-5377-4886-a4e8-6fe45d0af45e: receive RaftClientReply:client-964B0EA39D34->4234af2c-5377-4886-a4e8-6fe45d0af45e@group-A1165329A1F1, cid=3536, SUCCESS, logIndex=5330, commits[4234af2c-5377-4886-a4e8-6fe45d0af45e:c5330, cef72988-acf5-49ad-9ec7-695a80e7a66d:c5328, d677508c-6db9-4741-b51c-49af5e4cf22f:c5328]
 0.00% |█                                                                                                    |  0/1 Time: 0:00:562019-09-08 07:08:16,108 [grpc-default-executor-4] INFO  client.GrpcClientProtocolClient (GrpcClientProtocolClient.java:onNext(264)) - client-964B0EA39D34->4234af2c-5377-4886-a4e8-6fe45d0af45e: receive RaftClientReply:client-964B0EA39D34->4234af2c-5377-4886-a4e8-6fe45d0af45e@group-A1165329A1F1, cid=3537, SUCCESS, logIndex=0, commits[4234af2c-5377-4886-a4e8-6fe45d0af45e:c5332, cef72988-acf5-49ad-9ec7-695a80e7a66d:c5330, d677508c-6db9-4741-b51c-49af5e4cf22f:c5330]
2019-09-08 07:08:16,137 [grpc-default-executor-4] INFO  client.GrpcClientProtocolClient (GrpcClientProtocolClient.java:onNext(264)) - client-964B0EA39D34->4234af2c-5377-4886-a4e8-6fe45d0af45e: receive RaftClientReply:client-964B0EA39D34->4234af2c-5377-4886-a4e8-6fe45d0af45e@group-A1165329A1F1, cid=3538, SUCCESS, logIndex=5333, commits[4234af2c-5377-4886-a4e8-6fe45d0af45e:c5334, cef72988-acf5-49ad-9ec7-695a80e7a66d:c5332, d677508c-6db9-4741-b51c-49af5e4cf22f:c5332]
2019-09-08 07:08:16,138 [grpc-default-executor-4] INFO  client.GrpcClientProtocolClient (GrpcClientProtocolClient.java:onNext(264)) - client-964B0EA39D34->4234af2c-5377-4886-a4e8-6fe45d0af45e: receive RaftClientReply:client-964B0EA39D34->4234af2c-5377-4886-a4e8-6fe45d0af45e@group-A1165329A1F1, cid=3539, SUCCESS, logIndex=5334, commits[4234af2c-5377-4886-a4e8-6fe45d0af45e:c5336, cef72988-acf5-49ad-9ec7-695a80e7a66d:c5332, d677508c-6db9-4741-b51c-49af5e4cf22f:c5332]
2019-09-08 07:08:16,138 [grpc-default-executor-4] INFO  client.GrpcClientProtocolClient (GrpcClientProtocolClient.java:onNext(264)) - client-964B0EA39D34->4234af2c-5377-4886-a4e8-6fe45d0af45e: receive RaftClientReply:client-964B0EA39D34->4234af2c-5377-4886-a4e8-6fe45d0af45e@group-A1165329A1F1, cid=3540, SUCCESS, logIndex=5335, commits[4234af2c-5377-4886-a4e8-6fe45d0af45e:c5336, cef72988-acf5-49ad-9ec7-695a80e7a66d:c5332, d677508c-6db9-4741-b51c-49af5e4cf22f:c5332]
2019-09-08 07:08:16,139 [grpc-default-executor-4] INFO  client.GrpcClientProtocolClient (GrpcClientProtocolClient.java:onNext(264)) - client-964B0EA39D34->4234af2c-5377-4886-a4e8-6fe45d0af45e: receive RaftClientReply:client-964B0EA39D34->4234af2c-5377-4886-a4e8-6fe45d0af45e@group-A1165329A1F1, cid=3541, SUCCESS, logIndex=5336, commits[4234af2c-5377-4886-a4e8-6fe45d0af45e:c5336, cef72988-acf5-49ad-9ec7-695a80e7a66d:c5332, d677508c-6db9-4741-b51c-49af5e4cf22f:c5332]
2019-09-08 07:08:16,140 [grpc-default-executor-4] INFO  client.GrpcClientProtocolClient (GrpcClientProtocolClient.java:onNext(264)) - client-964B0EA39D34->4234af2c-5377-4886-a4e8-6fe45d0af45e: receive RaftClientReply:client-964B0EA39D34->4234af2c-5377-4886-a4e8-6fe45d0af45e@group-A1165329A1F1, cid=3542, SUCCESS, logIndex=0, commits[4234af2c-5377-4886-a4e8-6fe45d0af45e:c5340, cef72988-acf5-49ad-9ec7-695a80e7a66d:c5336, d677508c-6db9-4741-b51c-49af5e4cf22f:c5334]
2019-09-08 07:08:16,159 [grpc-default-executor-6] INFO  client.GrpcClientProtocolClient (GrpcClientProtocolClient.java:onNext(264)) - client-964B0EA39D34->4234af2c-5377-4886-a4e8-6fe45d0af45e: receive RaftClientReply:client-964B0EA39D34->4234af2c-5377-4886-a4e8-6fe45d0af45e@group-A1165329A1F1, cid=3543, SUCCESS, logIndex=5341, commits[4234af2c-5377-4886-a4e8-6fe45d0af45e:c5342, cef72988-acf5-49ad-9ec7-695a80e7a66d:c5340, d677508c-6db9-4741-b51c-49af5e4cf22f:c5340]
2019-09-08 07:08:16,159 [grpc-default-executor-6] INFO  client.GrpcClientProtocolClient (GrpcClientProtocolClient.java:onNext(264)) - client-964B0EA39D34->4234af2c-5377-4886-a4e8-6fe45d0af45e: receive RaftClientReply:client-964B0EA39D34->4234af2c-5377-4886-a4e8-6fe45d0af45e@group-A1165329A1F1, cid=3544, SUCCESS, logIndex=5342, commits[4234af2c-5377-4886-a4e8-6fe45d0af45e:c5342, cef72988-acf5-49ad-9ec7-695a80e7a66d:c5340, d677508c-6db9-4741-b51c-49af5e4cf22f:c5340]
2019-09-08 07:08:16,172 [grpc-default-executor-4] INFO  client.GrpcClientProtocolClient (GrpcClientProtocolClient.java:onNext(264)) - client-964B0EA39D34->4234af2c-5377-4886-a4e8-6fe45d0af45e: receive RaftClientReply:client-964B0EA39D34->4234af2c-5377-4886-a4e8-6fe45d0af45e@group-A1165329A1F1, cid=3545, SUCCESS, logIndex=5345, commits[4234af2c-5377-4886-a4e8-6fe45d0af45e:c5346, cef72988-acf5-49ad-9ec7-695a80e7a66d:c5342, d677508c-6db9-4741-b51c-49af5e4cf22f:c5342]
2019-09-08 07:08:16,173 [grpc-default-executor-4] INFO  client.GrpcClientProtocolClient (GrpcClientProtocolClient.java:onNext(264)) - client-964B0EA39D34->4234af2c-5377-4886-a4e8-6fe45d0af45e: receive RaftClientReply:client-964B0EA39D34->4234af2c-5377-4886-a4e8-6fe45d0af45e@group-A1165329A1F1, cid=3546, SUCCESS, logIndex=5346, commits[4234af2c-5377-4886-a4e8-6fe45d0af45e:c5346, cef72988-acf5-49ad-9ec7-695a80e7a66d:c5342, d677508c-6db9-4741-b51c-49af5e4cf22f:c5342]
2019-09-08 07:08:16,185 [grpc-default-executor-6] INFO  client.GrpcClientProtocolClient (GrpcClientProtocolClient.java:onNext(264)) - client-964B0EA39D34->4234af2c-5377-4886-a4e8-6fe45d0af45e: receive RaftClientReply:client-964B0EA39D34->4234af2c-5377-4886-a4e8-6fe45d0af45e@group-A1165329A1F1, cid=3547, SUCCESS, logIndex=0, commits[4234af2c-5377-4886-a4e8-6fe45d0af45e:c5347, cef72988-acf5-49ad-9ec7-695a80e7a66d:c5346, d677508c-6db9-4741-b51c-49af5e4cf22f:c5346]
2019-09-08 07:08:16,215 [grpc-default-executor-4] INFO  client.GrpcClientProtocolClient (GrpcClientProtocolClient.java:onNext(264)) - client-964B0EA39D34->4234af2c-5377-4886-a4e8-6fe45d0af45e: receive RaftClientReply:client-964B0EA39D34->4234af2c-5377-4886-a4e8-6fe45d0af45e@group-A1165329A1F1, cid=3548, SUCCESS, logIndex=5349, commits[4234af2c-5377-4886-a4e8-6fe45d0af45e:c5351, cef72988-acf5-49ad-9ec7-695a80e7a66d:c5348, d677508c-6db9-4741-b51c-49af5e4cf22f:c5348]
2019-09-08 07:08:16,216 [grpc-default-executor-4] INFO  client.GrpcClientProtocolClient (GrpcClientProtocolClient.java:onNext(264)) - client-964B0EA39D34->4234af2c-5377-4886-a4e8-6fe45d0af45e: receive RaftClientReply:client-964B0EA39D34->4234af2c-5377-4886-a4e8-6fe45d0af45e@group-A1165329A1F1, cid=3549, SUCCESS, logIndex=5350, commits[4234af2c-5377-4886-a4e8-6fe45d0af45e:c5352, cef72988-acf5-49ad-9ec7-695a80e7a66d:c5348, d677508c-6db9-4741-b51c-49af5e4cf22f:c5348]
2019-09-08 07:08:16,216 [grpc-default-executor-4] INFO  client.GrpcClientProtocolClient (GrpcClientProtocolClient.java:onNext(264)) - client-964B0EA39D34->4234af2c-5377-4886-a4e8-6fe45d0af45e: receive RaftClientReply:client-964B0EA39D34->4234af2c-5377-4886-a4e8-6fe45d0af45e@group-A1165329A1F1, cid=3550, SUCCESS, logIndex=5351, commits[4234af2c-5377-4886-a4e8-6fe45d0af45e:c5352, cef72988-acf5-49ad-9ec7-695a80e7a66d:c5348, d677508c-6db9-4741-b51c-49af5e4cf22f:c5348]
2019-09-08 07:08:16,216 [grpc-default-executor-4] INFO  client.GrpcClientProtocolClient (GrpcClientProtocolClient.java:onNext(264)) - client-964B0EA39D34->4234af2c-5377-4886-a4e8-6fe45d0af45e: receive RaftClientReply:client-964B0EA39D34->4234af2c-5377-4886-a4e8-6fe45d0af45e@group-A1165329A1F1, cid=3551, SUCCESS, logIndex=5352, commits[4234af2c-5377-4886-a4e8-6fe45d0af45e:c5352, cef72988-acf5-49ad-9ec7-695a80e7a66d:c5348, d677508c-6db9-4741-b51c-49af5e4cf22f:c5348]
2019-09-08 07:08:16,228 [grpc-default-executor-4] INFO  client.GrpcClientProtocolClient (GrpcClientProtocolClient.java:onNext(264)) - client-964B0EA39D34->4234af2c-5377-4886-a4e8-6fe45d0af45e: receive RaftClientReply:client-964B0EA39D34->4234af2c-5377-4886-a4e8-6fe45d0af45e@group-A1165329A1F1, cid=3552, SUCCESS, logIndex=0, commits[4234af2c-5377-4886-a4e8-6fe45d0af45e:c5355, cef72988-acf5-49ad-9ec7-695a80e7a66d:c5351, d677508c-6db9-4741-b51c-49af5e4cf22f:c5350]
2019-09-08 07:08:16,237 [grpc-default-executor-4] INFO  client.GrpcClientProtocolClient (GrpcClientProtocolClient.java:onNext(264)) - client-964B0EA39D34->4234af2c-5377-4886-a4e8-6fe45d0af45e: receive RaftClientReply:client-964B0EA39D34->4234af2c-5377-4886-a4e8-6fe45d0af45e@group-A1165329A1F1, cid=3553, SUCCESS, logIndex=5357, commits[4234af2c-5377-4886-a4e8-6fe45d0af45e:c5358, cef72988-acf5-49ad-9ec7-695a80e7a66d:c5356, d677508c-6db9-4741-b51c-49af5e4cf22f:c5352]
2019-09-08 07:08:16,238 [grpc-default-executor-4] INFO  client.GrpcClientProtocolClient (GrpcClientProtocolClient.java:onNext(264)) - client-964B0EA39D34->4234af2c-5377-4886-a4e8-6fe45d0af45e: receive RaftClientReply:client-964B0EA39D34->4234af2c-5377-4886-a4e8-6fe45d0af45e@group-A1165329A1F1, cid=3554, SUCCESS, logIndex=5358, commits[4234af2c-5377-4886-a4e8-6fe45d0af45e:c5358, cef72988-acf5-49ad-9ec7-695a80e7a66d:c5356, d677508c-6db9-4741-b51c-49af5e4cf22f:c5356]
2019-09-08 07:08:16,255 [grpc-default-executor-6] INFO  client.GrpcClientProtocolClient (GrpcClientProtocolClient.java:onNext(264)) - client-964B0EA39D34->4234af2c-5377-4886-a4e8-6fe45d0af45e: receive RaftClientReply:client-964B0EA39D34->4234af2c-5377-4886-a4e8-6fe45d0af45e@group-A1165329A1F1, cid=3555, SUCCESS, logIndex=5361, commits[4234af2c-5377-4886-a4e8-6fe45d0af45e:c5362, cef72988-acf5-49ad-9ec7-695a80e7a66d:c5360, d677508c-6db9-4741-b51c-49af5e4cf22f:c5360]
2019-09-08 07:08:16,255 [grpc-default-executor-6] INFO  client.GrpcClientProtocolClient (GrpcClientProtocolClient.java:onNext(264)) - client-964B0EA39D34->4234af2c-5377-4886-a4e8-6fe45d0af45e: receive RaftClientReply:client-964B0EA39D34->4234af2c-5377-4886-a4e8-6fe45d0af45e@group-A1165329A1F1, cid=3556, SUCCESS, logIndex=5362, commits[4234af2c-5377-4886-a4e8-6fe45d0af45e:c5362, cef72988-acf5-49ad-9ec7-695a80e7a66d:c5360, d677508c-6db9-4741-b51c-49af5e4cf22f:c5360]
2019-09-08 07:08:16,266 [grpc-default-executor-6] INFO  client.GrpcClientProtocolClient (GrpcClientProtocolClient.java:onNext(264)) - client-964B0EA39D34->4234af2c-5377-4886-a4e8-6fe45d0af45e: receive RaftClientReply:client-964B0EA39D34->4234af2c-5377-4886-a4e8-6fe45d0af45e@group-A1165329A1F1, cid=3557, SUCCESS, logIndex=0, commits[4234af2c-5377-4886-a4e8-6fe45d0af45e:c5364, cef72988-acf5-49ad-9ec7-695a80e7a66d:c5362, d677508c-6db9-4741-b51c-49af5e4cf22f:c5362]
2019-09-08 07:08:16,288 [grpc-default-executor-6] INFO  client.GrpcClientProtocolClient (GrpcClientProtocolClient.java:onNext(264)) - client-964B0EA39D34->4234af2c-5377-4886-a4e8-6fe45d0af45e: receive RaftClientReply:client-964B0EA39D34->4234af2c-5377-4886-a4e8-6fe45d0af45e@group-A1165329A1F1, cid=3558, SUCCESS, logIndex=5365, commits[4234af2c-5377-4886-a4e8-6fe45d0af45e:c5366, cef72988-acf5-49ad-9ec7-695a80e7a66d:c5364, d677508c-6db9-4741-b51c-49af5e4cf22f:c5362]
2019-09-08 07:08:16,288 [grpc-default-executor-6] INFO  client.GrpcClientProtocolClient (GrpcClientProtocolClient.java:onNext(264)) - client-964B0EA39D34->4234af2c-5377-4886-a4e8-6fe45d0af45e: receive RaftClientReply:client-964B0EA39D34->4234af2c-5377-4886-a4e8-6fe45d0af45e@group-A1165329A1F1, cid=3559, SUCCESS, logIndex=5366, commits[4234af2c-5377-4886-a4e8-6fe45d0af45e:c5368, cef72988-acf5-49ad-9ec7-695a80e7a66d:c5364, d677508c-6db9-4741-b51c-49af5e4cf22f:c5364]
2019-09-08 07:08:16,288 [grpc-default-executor-6] INFO  client.GrpcClientProtocolClient (GrpcClientProtocolClient.java:onNext(264)) - client-964B0EA39D34->4234af2c-5377-4886-a4e8-6fe45d0af45e: receive RaftClientReply:client-964B0EA39D34->4234af2c-5377-4886-a4e8-6fe45d0af45e@group-A1165329A1F1, cid=3560, SUCCESS, logIndex=5367, commits[4234af2c-5377-4886-a4e8-6fe45d0af45e:c5368, cef72988-acf5-49ad-9ec7-695a80e7a66d:c5364, d677508c-6db9-4741-b51c-49af5e4cf22f:c5364]
2019-09-08 07:08:16,289 [grpc-default-executor-6] INFO  client.GrpcClientProtocolClient (GrpcClientProtocolClient.java:onNext(264)) - client-964B0EA39D34->4234af2c-5377-4886-a4e8-6fe45d0af45e: receive RaftClientReply:client-964B0EA39D34->4234af2c-5377-4886-a4e8-6fe45d0af45e@group-A1165329A1F1, cid=3561, SUCCESS, logIndex=5368, commits[4234af2c-5377-4886-a4e8-6fe45d0af45e:c5368, cef72988-acf5-49ad-9ec7-695a80e7a66d:c5364, d677508c-6db9-4741-b51c-49af5e4cf22f:c5364]
2019-09-08 07:08:16,291 [grpc-default-executor-6] INFO  client.GrpcClientProtocolClient (GrpcClientProtocolClient.java:onNext(264)) - client-964B0EA39D34->4234af2c-5377-4886-a4e8-6fe45d0af45e: receive RaftClientReply:client-964B0EA39D34->4234af2c-5377-4886-a4e8-6fe45d0af45e@group-A1165329A1F1, cid=3562, SUCCESS, logIndex=0, commits[4234af2c-5377-4886-a4e8-6fe45d0af45e:c5370, cef72988-acf5-49ad-9ec7-695a80e7a66d:c5366, d677508c-6db9-4741-b51c-49af5e4cf22f:c5366]
2019-09-08 07:08:16,308 [grpc-default-executor-6] INFO  client.GrpcClientProtocolClient (GrpcClientProtocolClient.java:onNext(264)) - client-964B0EA39D34->4234af2c-5377-4886-a4e8-6fe45d0af45e: receive RaftClientReply:client-964B0EA39D34->4234af2c-5377-4886-a4e8-6fe45d0af45e@group-A1165329A1F1, cid=3563, SUCCESS, logIndex=5372, commits[4234af2c-5377-4886-a4e8-6fe45d0af45e:c5373, cef72988-acf5-49ad-9ec7-695a80e7a66d:c5371, d677508c-6db9-4741-b51c-49af5e4cf22f:c5371]
2019-09-08 07:08:16,309 [grpc-default-executor-6] INFO  client.GrpcClientProtocolClient (GrpcClientProtocolClient.java:onNext(264)) - client-964B0EA39D34->4234af2c-5377-4886-a4e8-6fe45d0af45e: receive RaftClientReply:client-964B0EA39D34->4234af2c-5377-4886-a4e8-6fe45d0af45e@group-A1165329A1F1, cid=3564, SUCCESS, logIndex=5373, commits[4234af2c-5377-4886-a4e8-6fe45d0af45e:c5373, cef72988-acf5-49ad-9ec7-695a80e7a66d:c5371, d677508c-6db9-4741-b51c-49af5e4cf22f:c5371]
2019-09-08 07:08:16,320 [grpc-default-executor-4] INFO  client.GrpcClientProtocolClient (GrpcClientProtocolClient.java:onNext(264)) - client-964B0EA39D34->4234af2c-5377-4886-a4e8-6fe45d0af45e: receive RaftClientReply:client-964B0EA39D34->4234af2c-5377-4886-a4e8-6fe45d0af45e@group-A1165329A1F1, cid=3565, SUCCESS, logIndex=5376, commits[4234af2c-5377-4886-a4e8-6fe45d0af45e:c5376, cef72988-acf5-49ad-9ec7-695a80e7a66d:c5373, d677508c-6db9-4741-b51c-49af5e4cf22f:c5373]
2019-09-08 07:08:16,320 [grpc-default-executor-4] INFO  client.GrpcClientProtocolClient (GrpcClientProtocolClient.java:onNext(264)) - client-964B0EA39D34->4234af2c-5377-4886-a4e8-6fe45d0af45e: receive RaftClientReply:client-964B0EA39D34->4234af2c-5377-4886-a4e8-6fe45d0af45e@group-A1165329A1F1, cid=3566, SUCCESS, logIndex=5377, commits[4234af2c-5377-4886-a4e8-6fe45d0af45e:c5377, cef72988-acf5-49ad-9ec7-695a80e7a66d:c5373, d677508c-6db9-4741-b51c-49af5e4cf22f:c5373]
2019-09-08 07:08:16,323 [grpc-default-executor-4] INFO  client.GrpcClientProtocolClient (GrpcClientProtocolClient.java:onNext(264)) - client-964B0EA39D34->4234af2c-5377-4886-a4e8-6fe45d0af45e: receive RaftClientReply:client-964B0EA39D34->4234af2c-5377-4886-a4e8-6fe45d0af45e@group-A1165329A1F1, cid=3567, SUCCESS, logIndex=0, commits[4234af2c-5377-4886-a4e8-6fe45d0af45e:c5379, cef72988-acf5-49ad-9ec7-695a80e7a66d:c5377, d677508c-6db9-4741-b51c-49af5e4cf22f:c5377]
2019-09-08 07:08:16,363 [grpc-default-executor-6] INFO  client.GrpcClientProtocolClient (GrpcClientProtocolClient.java:onNext(264)) - client-964B0EA39D34->4234af2c-5377-4886-a4e8-6fe45d0af45e: receive RaftClientReply:client-964B0EA39D34->4234af2c-5377-4886-a4e8-6fe45d0af45e@group-A1165329A1F1, cid=3568, SUCCESS, logIndex=5380, commits[4234af2c-5377-4886-a4e8-6fe45d0af45e:c5382, cef72988-acf5-49ad-9ec7-695a80e7a66d:c5379, d677508c-6db9-4741-b51c-49af5e4cf22f:c5379]
2019-09-08 07:08:16,364 [grpc-default-executor-6] INFO  client.GrpcClientProtocolClient (GrpcClientProtocolClient.java:onNext(264)) - client-964B0EA39D34->4234af2c-5377-4886-a4e8-6fe45d0af45e: receive RaftClientReply:client-964B0EA39D34->4234af2c-5377-4886-a4e8-6fe45d0af45e@group-A1165329A1F1, cid=3569, SUCCESS, logIndex=5381, commits[4234af2c-5377-4886-a4e8-6fe45d0af45e:c5383, cef72988-acf5-49ad-9ec7-695a80e7a66d:c5379, d677508c-6db9-4741-b51c-49af5e4cf22f:c5379]
2019-09-08 07:08:16,364 [grpc-default-executor-6] INFO  client.GrpcClientProtocolClient (GrpcClientProtocolClient.java:onNext(264)) - client-964B0EA39D34->4234af2c-5377-4886-a4e8-6fe45d0af45e: receive RaftClientReply:client-964B0EA39D34->4234af2c-5377-4886-a4e8-6fe45d0af45e@group-A1165329A1F1, cid=3570, SUCCESS, logIndex=5382, commits[4234af2c-5377-4886-a4e8-6fe45d0af45e:c5383, cef72988-acf5-49ad-9ec7-695a80e7a66d:c5379, d677508c-6db9-4741-b51c-49af5e4cf22f:c5379]
2019-09-08 07:08:16,365 [grpc-default-executor-6] INFO  client.GrpcClientProtocolClient (GrpcClientProtocolClient.java:onNext(264)) - client-964B0EA39D34->4234af2c-5377-4886-a4e8-6fe45d0af45e: receive RaftClientReply:client-964B0EA39D34->4234af2c-5377-4886-a4e8-6fe45d0af45e@group-A1165329A1F1, cid=3571, SUCCESS, logIndex=5383, commits[4234af2c-5377-4886-a4e8-6fe45d0af45e:c5383, cef72988-acf5-49ad-9ec7-695a80e7a66d:c5379, d677508c-6db9-4741-b51c-49af5e4cf22f:c5379]
2019-09-08 07:08:16,377 [grpc-default-executor-6] INFO  client.GrpcClientProtocolClient (GrpcClientProtocolClient.java:onNext(264)) - client-964B0EA39D34->4234af2c-5377-4886-a4e8-6fe45d0af45e: receive RaftClientReply:client-964B0EA39D34->4234af2c-5377-4886-a4e8-6fe45d0af45e@group-A1165329A1F1, cid=3572, SUCCESS, logIndex=0, commits[4234af2c-5377-4886-a4e8-6fe45d0af45e:c5386, cef72988-acf5-49ad-9ec7-695a80e7a66d:c5382, d677508c-6db9-4741-b51c-49af5e4cf22f:c5381]
2019-09-08 07:08:16,400 [grpc-default-executor-4] INFO  client.GrpcClientProtocolClient (GrpcClientProtocolClient.java:onNext(264)) - client-964B0EA39D34->4234af2c-5377-4886-a4e8-6fe45d0af45e: receive RaftClientReply:client-964B0EA39D34->4234af2c-5377-4886-a4e8-6fe45d0af45e@group-A1165329A1F1, cid=3573, SUCCESS, logIndex=5388, commits[4234af2c-5377-4886-a4e8-6fe45d0af45e:c5389, cef72988-acf5-49ad-9ec7-695a80e7a66d:c5387, d677508c-6db9-4741-b51c-49af5e4cf22f:c5387]
2019-09-08 07:08:16,400 [grpc-default-executor-4] INFO  client.GrpcClientProtocolClient (GrpcClientProtocolClient.java:onNext(264)) - client-964B0EA39D34->4234af2c-5377-4886-a4e8-6fe45d0af45e: receive RaftClientReply:client-964B0EA39D34->4234af2c-5377-4886-a4e8-6fe45d0af45e@group-A1165329A1F1, cid=3574, SUCCESS, logIndex=5389, commits[4234af2c-5377-4886-a4e8-6fe45d0af45e:c5389, cef72988-acf5-49ad-9ec7-695a80e7a66d:c5387, d677508c-6db9-4741-b51c-49af5e4cf22f:c5387]
2019-09-08 07:08:16,413 [grpc-default-executor-3] INFO  client.GrpcClientProtocolClient (GrpcClientProtocolClient.java:onNext(264)) - client-964B0EA39D34->4234af2c-5377-4886-a4e8-6fe45d0af45e: receive RaftClientReply:client-964B0EA39D34->4234af2c-5377-4886-a4e8-6fe45d0af45e@group-A1165329A1F1, cid=3575, SUCCESS, logIndex=5392, commits[4234af2c-5377-4886-a4e8-6fe45d0af45e:c5393, cef72988-acf5-49ad-9ec7-695a80e7a66d:c5389, d677508c-6db9-4741-b51c-49af5e4cf22f:c5389]
2019-09-08 07:08:16,413 [grpc-default-executor-3] INFO  client.GrpcClientProtocolClient (GrpcClientProtocolClient.java:onNext(264)) - client-964B0EA39D34->4234af2c-5377-4886-a4e8-6fe45d0af45e: receive RaftClientReply:client-964B0EA39D34->4234af2c-5377-4886-a4e8-6fe45d0af45e@group-A1165329A1F1, cid=3576, SUCCESS, logIndex=5393, commits[4234af2c-5377-4886-a4e8-6fe45d0af45e:c5393, cef72988-acf5-49ad-9ec7-695a80e7a66d:c5389, d677508c-6db9-4741-b51c-49af5e4cf22f:c5389]
2019-09-08 07:08:16,426 [grpc-default-executor-3] INFO  client.GrpcClientProtocolClient (GrpcClientProtocolClient.java:onNext(264)) - client-964B0EA39D34->4234af2c-5377-4886-a4e8-6fe45d0af45e: receive RaftClientReply:client-964B0EA39D34->4234af2c-5377-4886-a4e8-6fe45d0af45e@group-A1165329A1F1, cid=3577, SUCCESS, logIndex=0, commits[4234af2c-5377-4886-a4e8-6fe45d0af45e:c5395, cef72988-acf5-49ad-9ec7-695a80e7a66d:c5393, d677508c-6db9-4741-b51c-49af5e4cf22f:c5393]
2019-09-08 07:08:16,453 [grpc-default-executor-3] INFO  client.GrpcClientProtocolClient (GrpcClientProtocolClient.java:onNext(264)) - client-964B0EA39D34->4234af2c-5377-4886-a4e8-6fe45d0af45e: receive RaftClientReply:client-964B0EA39D34->4234af2c-5377-4886-a4e8-6fe45d0af45e@group-A1165329A1F1, cid=3578, SUCCESS, logIndex=5396, commits[4234af2c-5377-4886-a4e8-6fe45d0af45e:c5397, cef72988-acf5-49ad-9ec7-695a80e7a66d:c5395, d677508c-6db9-4741-b51c-49af5e4cf22f:c5393]
2019-09-08 07:08:16,454 [grpc-default-executor-3] INFO  client.GrpcClientProtocolClient (GrpcClientProtocolClient.java:onNext(264)) - client-964B0EA39D34->4234af2c-5377-4886-a4e8-6fe45d0af45e: receive RaftClientReply:client-964B0EA39D34->4234af2c-5377-4886-a4e8-6fe45d0af45e@group-A1165329A1F1, cid=3579, SUCCESS, logIndex=5397, commits[4234af2c-5377-4886-a4e8-6fe45d0af45e:c5397, cef72988-acf5-49ad-9ec7-695a80e7a66d:c5395, d677508c-6db9-4741-b51c-49af5e4cf22f:c5395]
2019-09-08 07:08:16,455 [grpc-default-executor-4] INFO  client.GrpcClientProtocolClient (GrpcClientProtocolClient.java:onNext(264)) - client-964B0EA39D34->4234af2c-5377-4886-a4e8-6fe45d0af45e: receive RaftClientReply:client-964B0EA39D34->4234af2c-5377-4886-a4e8-6fe45d0af45e@group-A1165329A1F1, cid=3580, SUCCESS, logIndex=5398, commits[4234af2c-5377-4886-a4e8-6fe45d0af45e:c5398, cef72988-acf5-49ad-9ec7-695a80e7a66d:c5395, d677508c-6db9-4741-b51c-49af5e4cf22f:c5395]
2019-09-08 07:08:16,455 [grpc-default-executor-4] INFO  client.GrpcClientProtocolClient (GrpcClientProtocolClient.java:onNext(264)) - client-964B0EA39D34->4234af2c-5377-4886-a4e8-6fe45d0af45e: receive RaftClientReply:client-964B0EA39D34->4234af2c-5377-4886-a4e8-6fe45d0af45e@group-A1165329A1F1, cid=3581, SUCCESS, logIndex=5399, commits[4234af2c-5377-4886-a4e8-6fe45d0af45e:c5399, cef72988-acf5-49ad-9ec7-695a80e7a66d:c5395, d677508c-6db9-4741-b51c-49af5e4cf22f:c5395]
2019-09-08 07:08:16,456 [grpc-default-executor-4] INFO  client.GrpcClientProtocolClient (GrpcClientProtocolClient.java:onNext(264)) - client-964B0EA39D34->4234af2c-5377-4886-a4e8-6fe45d0af45e: receive RaftClientReply:client-964B0EA39D34->4234af2c-5377-4886-a4e8-6fe45d0af45e@group-A1165329A1F1, cid=3582, SUCCESS, logIndex=0, commits[4234af2c-5377-4886-a4e8-6fe45d0af45e:c5401, cef72988-acf5-49ad-9ec7-695a80e7a66d:c5397, d677508c-6db9-4741-b51c-49af5e4cf22f:c5397]
2019-09-08 07:08:16,475 [grpc-default-executor-3] INFO  client.GrpcClientProtocolClient (GrpcClientProtocolClient.java:onNext(264)) - client-964B0EA39D34->4234af2c-5377-4886-a4e8-6fe45d0af45e: receive RaftClientReply:client-964B0EA39D34->4234af2c-5377-4886-a4e8-6fe45d0af45e@group-A1165329A1F1, cid=3583, SUCCESS, logIndex=5404, commits[4234af2c-5377-4886-a4e8-6fe45d0af45e:c5405, cef72988-acf5-49ad-9ec7-695a80e7a66d:c5403, d677508c-6db9-4741-b51c-49af5e4cf22f:c5403]
2019-09-08 07:08:16,475 [grpc-default-executor-3] INFO  client.GrpcClientProtocolClient (GrpcClientProtocolClient.java:onNext(264)) - client-964B0EA39D34->4234af2c-5377-4886-a4e8-6fe45d0af45e: receive RaftClientReply:client-964B0EA39D34->4234af2c-5377-4886-a4e8-6fe45d0af45e@group-A1165329A1F1, cid=3584, SUCCESS, logIndex=5405, commits[4234af2c-5377-4886-a4e8-6fe45d0af45e:c5405, cef72988-acf5-49ad-9ec7-695a80e7a66d:c5403, d677508c-6db9-4741-b51c-49af5e4cf22f:c5403]
2019-09-08 07:08:16,488 [grpc-default-executor-3] INFO  client.GrpcClientProtocolClient (GrpcClientProtocolClient.java:onNext(264)) - client-964B0EA39D34->4234af2c-5377-4886-a4e8-6fe45d0af45e: receive RaftClientReply:client-964B0EA39D34->4234af2c-5377-4886-a4e8-6fe45d0af45e@group-A1165329A1F1, cid=3585, SUCCESS, logIndex=5408, commits[4234af2c-5377-4886-a4e8-6fe45d0af45e:c5408, cef72988-acf5-49ad-9ec7-695a80e7a66d:c5405, d677508c-6db9-4741-b51c-49af5e4cf22f:c5405]
2019-09-08 07:08:16,488 [grpc-default-executor-3] INFO  client.GrpcClientProtocolClient (GrpcClientProtocolClient.java:onNext(264)) - client-964B0EA39D34->4234af2c-5377-4886-a4e8-6fe45d0af45e: receive RaftClientReply:client-964B0EA39D34->4234af2c-5377-4886-a4e8-6fe45d0af45e@group-A1165329A1F1, cid=3586, SUCCESS, logIndex=5409, commits[4234af2c-5377-4886-a4e8-6fe45d0af45e:c5409, cef72988-acf5-49ad-9ec7-695a80e7a66d:c5405, d677508c-6db9-4741-b51c-49af5e4cf22f:c5405]
2019-09-08 07:08:16,491 [grpc-default-executor-3] INFO  client.GrpcClientProtocolClient (GrpcClientProtocolClient.java:onNext(264)) - client-964B0EA39D34->4234af2c-5377-4886-a4e8-6fe45d0af45e: receive RaftClientReply:client-964B0EA39D34->4234af2c-5377-4886-a4e8-6fe45d0af45e@group-A1165329A1F1, cid=3587, SUCCESS, logIndex=0, commits[4234af2c-5377-4886-a4e8-6fe45d0af45e:c5411, cef72988-acf5-49ad-9ec7-695a80e7a66d:c5409, d677508c-6db9-4741-b51c-49af5e4cf22f:c5409]
2019-09-08 07:08:16,522 [grpc-default-executor-3] INFO  client.GrpcClientProtocolClient (GrpcClientProtocolClient.java:onNext(264)) - client-964B0EA39D34->4234af2c-5377-4886-a4e8-6fe45d0af45e: receive RaftClientReply:client-964B0EA39D34->4234af2c-5377-4886-a4e8-6fe45d0af45e@group-A1165329A1F1, cid=3588, SUCCESS, logIndex=5412, commits[4234af2c-5377-4886-a4e8-6fe45d0af45e:c5413, cef72988-acf5-49ad-9ec7-695a80e7a66d:c5411, d677508c-6db9-4741-b51c-49af5e4cf22f:c5411]
2019-09-08 07:08:16,522 [grpc-default-executor-3] INFO  client.GrpcClientProtocolClient (GrpcClientProtocolClient.java:onNext(264)) - client-964B0EA39D34->4234af2c-5377-4886-a4e8-6fe45d0af45e: receive RaftClientReply:client-964B0EA39D34->4234af2c-5377-4886-a4e8-6fe45d0af45e@group-A1165329A1F1, cid=3589, SUCCESS, logIndex=5413, commits[4234af2c-5377-4886-a4e8-6fe45d0af45e:c5414, cef72988-acf5-49ad-9ec7-695a80e7a66d:c5411, d677508c-6db9-4741-b51c-49af5e4cf22f:c5411]
2019-09-08 07:08:16,522 [grpc-default-executor-3] INFO  client.GrpcClientProtocolClient (GrpcClientProtocolClient.java:onNext(264)) - client-964B0EA39D34->4234af2c-5377-4886-a4e8-6fe45d0af45e: receive RaftClientReply:client-964B0EA39D34->4234af2c-5377-4886-a4e8-6fe45d0af45e@group-A1165329A1F1, cid=3590, SUCCESS, logIndex=5414, commits[4234af2c-5377-4886-a4e8-6fe45d0af45e:c5415, cef72988-acf5-49ad-9ec7-695a80e7a66d:c5411, d677508c-6db9-4741-b51c-49af5e4cf22f:c5411]
2019-09-08 07:08:16,522 [grpc-default-executor-3] INFO  client.GrpcClientProtocolClient (GrpcClientProtocolClient.java:onNext(264)) - client-964B0EA39D34->4234af2c-5377-4886-a4e8-6fe45d0af45e: receive RaftClientReply:client-964B0EA39D34->4234af2c-5377-4886-a4e8-6fe45d0af45e@group-A1165329A1F1, cid=3591, SUCCESS, logIndex=5415, commits[4234af2c-5377-4886-a4e8-6fe45d0af45e:c5415, cef72988-acf5-49ad-9ec7-695a80e7a66d:c5411, d677508c-6db9-4741-b51c-49af5e4cf22f:c5411]
2019-09-08 07:08:16,531 [grpc-default-executor-3] INFO  client.GrpcClientProtocolClient (GrpcClientProtocolClient.java:onNext(264)) - client-964B0EA39D34->4234af2c-5377-4886-a4e8-6fe45d0af45e: receive RaftClientReply:client-964B0EA39D34->4234af2c-5377-4886-a4e8-6fe45d0af45e@group-A1165329A1F1, cid=3592, SUCCESS, logIndex=0, commits[4234af2c-5377-4886-a4e8-6fe45d0af45e:c5417, cef72988-acf5-49ad-9ec7-695a80e7a66d:c5413, d677508c-6db9-4741-b51c-49af5e4cf22f:c5413]
2019-09-08 07:08:16,549 [grpc-default-executor-6] INFO  client.GrpcClientProtocolClient (GrpcClientProtocolClient.java:onNext(264)) - client-964B0EA39D34->4234af2c-5377-4886-a4e8-6fe45d0af45e: receive RaftClientReply:client-964B0EA39D34->4234af2c-5377-4886-a4e8-6fe45d0af45e@group-A1165329A1F1, cid=3593, SUCCESS, logIndex=5420, commits[4234af2c-5377-4886-a4e8-6fe45d0af45e:c5421, cef72988-acf5-49ad-9ec7-695a80e7a66d:c5419, d677508c-6db9-4741-b51c-49af5e4cf22f:c5419]
2019-09-08 07:08:16,549 [grpc-default-executor-6] INFO  client.GrpcClientProtocolClient (GrpcClientProtocolClient.java:onNext(264)) - client-964B0EA39D34->4234af2c-5377-4886-a4e8-6fe45d0af45e: receive RaftClientReply:client-964B0EA39D34->4234af2c-5377-4886-a4e8-6fe45d0af45e@group-A1165329A1F1, cid=3594, SUCCESS, logIndex=5421, commits[4234af2c-5377-4886-a4e8-6fe45d0af45e:c5421, cef72988-acf5-49ad-9ec7-695a80e7a66d:c5419, d677508c-6db9-4741-b51c-49af5e4cf22f:c5419]
2019-09-08 07:08:16,561 [grpc-default-executor-4] INFO  client.GrpcClientProtocolClient (GrpcClientProtocolClient.java:onNext(264)) - client-964B0EA39D34->4234af2c-5377-4886-a4e8-6fe45d0af45e: receive RaftClientReply:client-964B0EA39D34->4234af2c-5377-4886-a4e8-6fe45d0af45e@group-A1165329A1F1, cid=3595, SUCCESS, logIndex=5424, commits[4234af2c-5377-4886-a4e8-6fe45d0af45e:c5425, cef72988-acf5-49ad-9ec7-695a80e7a66d:c5421, d677508c-6db9-4741-b51c-49af5e4cf22f:c5421]
2019-09-08 07:08:16,561 [grpc-default-executor-4] INFO  client.GrpcClientProtocolClient (GrpcClientProtocolClient.java:onNext(264)) - client-964B0EA39D34->4234af2c-5377-4886-a4e8-6fe45d0af45e: receive RaftClientReply:client-964B0EA39D34->4234af2c-5377-4886-a4e8-6fe45d0af45e@group-A1165329A1F1, cid=3596, SUCCESS, logIndex=5425, commits[4234af2c-5377-4886-a4e8-6fe45d0af45e:c5425, cef72988-acf5-49ad-9ec7-695a80e7a66d:c5421, d677508c-6db9-4741-b51c-49af5e4cf22f:c5421]
2019-09-08 07:08:16,648 [grpc-default-executor-4] INFO  client.GrpcClientProtocolClient (GrpcClientProtocolClient.java:onNext(264)) - client-964B0EA39D34->4234af2c-5377-4886-a4e8-6fe45d0af45e: receive RaftClientReply:client-964B0EA39D34->4234af2c-5377-4886-a4e8-6fe45d0af45e@group-A1165329A1F1, cid=3597, SUCCESS, logIndex=0, commits[4234af2c-5377-4886-a4e8-6fe45d0af45e:c5427, cef72988-acf5-49ad-9ec7-695a80e7a66d:c5425, d677508c-6db9-4741-b51c-49af5e4cf22f:c5425]
2019-09-08 07:08:16,684 [grpc-default-executor-4] INFO  client.GrpcClientProtocolClient (GrpcClientProtocolClient.java:onNext(264)) - client-964B0EA39D34->4234af2c-5377-4886-a4e8-6fe45d0af45e: receive RaftClientReply:client-964B0EA39D34->4234af2c-5377-4886-a4e8-6fe45d0af45e@group-A1165329A1F1, cid=3598, SUCCESS, logIndex=5428, commits[4234af2c-5377-4886-a4e8-6fe45d0af45e:c5429, cef72988-acf5-49ad-9ec7-695a80e7a66d:c5427, d677508c-6db9-4741-b51c-49af5e4cf22f:c5427]
2019-09-08 07:08:16,684 [grpc-default-executor-4] INFO  client.GrpcClientProtocolClient (GrpcClientProtocolClient.java:onNext(264)) - client-964B0EA39D34->4234af2c-5377-4886-a4e8-6fe45d0af45e: receive RaftClientReply:client-964B0EA39D34->4234af2c-5377-4886-a4e8-6fe45d0af45e@group-A1165329A1F1, cid=3599, SUCCESS, logIndex=5429, commits[4234af2c-5377-4886-a4e8-6fe45d0af45e:c5429, cef72988-acf5-49ad-9ec7-695a80e7a66d:c5427, d677508c-6db9-4741-b51c-49af5e4cf22f:c5427]
2019-09-08 07:08:16,695 [grpc-default-executor-3] INFO  client.GrpcClientProtocolClient (GrpcClientProtocolClient.java:onNext(264)) - client-964B0EA39D34->4234af2c-5377-4886-a4e8-6fe45d0af45e: receive RaftClientReply:client-964B0EA39D34->4234af2c-5377-4886-a4e8-6fe45d0af45e@group-A1165329A1F1, cid=3600, SUCCESS, logIndex=5430, commits[4234af2c-5377-4886-a4e8-6fe45d0af45e:c5431, cef72988-acf5-49ad-9ec7-695a80e7a66d:c5427, d677508c-6db9-4741-b51c-49af5e4cf22f:c5427]
2019-09-08 07:08:16,695 [grpc-default-executor-3] INFO  client.GrpcClientProtocolClient (GrpcClientProtocolClient.java:onNext(264)) - client-964B0EA39D34->4234af2c-5377-4886-a4e8-6fe45d0af45e: receive RaftClientReply:client-964B0EA39D34->4234af2c-5377-4886-a4e8-6fe45d0af45e@group-A1165329A1F1, cid=3601, SUCCESS, logIndex=5431, commits[4234af2c-5377-4886-a4e8-6fe45d0af45e:c5431, cef72988-acf5-49ad-9ec7-695a80e7a66d:c5427, d677508c-6db9-4741-b51c-49af5e4cf22f:c5427]
2019-09-08 07:08:16,696 [grpc-default-executor-4] INFO  client.GrpcClientProtocolClient (GrpcClientProtocolClient.java:onNext(264)) - client-964B0EA39D34->4234af2c-5377-4886-a4e8-6fe45d0af45e: receive RaftClientReply:client-964B0EA39D34->4234af2c-5377-4886-a4e8-6fe45d0af45e@group-A1165329A1F1, cid=3602, SUCCESS, logIndex=0, commits[4234af2c-5377-4886-a4e8-6fe45d0af45e:c5433, cef72988-acf5-49ad-9ec7-695a80e7a66d:c5429, d677508c-6db9-4741-b51c-49af5e4cf22f:c5429]
2019-09-08 07:08:16,745 [grpc-default-executor-4] INFO  client.GrpcClientProtocolClient (GrpcClientProtocolClient.java:onNext(264)) - client-964B0EA39D34->4234af2c-5377-4886-a4e8-6fe45d0af45e: receive RaftClientReply:client-964B0EA39D34->4234af2c-5377-4886-a4e8-6fe45d0af45e@group-A1165329A1F1, cid=3603, SUCCESS, logIndex=5436, commits[4234af2c-5377-4886-a4e8-6fe45d0af45e:c5437, cef72988-acf5-49ad-9ec7-695a80e7a66d:c5435, d677508c-6db9-4741-b51c-49af5e4cf22f:c5435]
2019-09-08 07:08:16,746 [grpc-default-executor-4] INFO  client.GrpcClientProtocolClient (GrpcClientProtocolClient.java:onNext(264)) - client-964B0EA39D34->4234af2c-5377-4886-a4e8-6fe45d0af45e: receive RaftClientReply:client-964B0EA39D34->4234af2c-5377-4886-a4e8-6fe45d0af45e@group-A1165329A1F1, cid=3604, SUCCESS, logIndex=5437, commits[4234af2c-5377-4886-a4e8-6fe45d0af45e:c5437, cef72988-acf5-49ad-9ec7-695a80e7a66d:c5435, d677508c-6db9-4741-b51c-49af5e4cf22f:c5435]
2019-09-08 07:08:16,759 [grpc-default-executor-4] INFO  client.GrpcClientProtocolClient (GrpcClientProtocolClient.java:onNext(264)) - client-964B0EA39D34->4234af2c-5377-4886-a4e8-6fe45d0af45e: receive RaftClientReply:client-964B0EA39D34->4234af2c-5377-4886-a4e8-6fe45d0af45e@group-A1165329A1F1, cid=3605, SUCCESS, logIndex=5440, commits[4234af2c-5377-4886-a4e8-6fe45d0af45e:c5441, cef72988-acf5-49ad-9ec7-695a80e7a66d:c5437, d677508c-6db9-4741-b51c-49af5e4cf22f:c5436]
2019-09-08 07:08:16,759 [grpc-default-executor-4] INFO  client.GrpcClientProtocolClient (GrpcClientProtocolClient.java:onNext(264)) - client-964B0EA39D34->4234af2c-5377-4886-a4e8-6fe45d0af45e: receive RaftClientReply:client-964B0EA39D34->4234af2c-5377-4886-a4e8-6fe45d0af45e@group-A1165329A1F1, cid=3606, SUCCESS, logIndex=5441, commits[4234af2c-5377-4886-a4e8-6fe45d0af45e:c5441, cef72988-acf5-49ad-9ec7-695a80e7a66d:c5437, d677508c-6db9-4741-b51c-49af5e4cf22f:c5437]
2019-09-08 07:08:16,760 [grpc-default-executor-4] INFO  client.GrpcClientProtocolClient (GrpcClientProtocolClient.java:onNext(264)) - client-964B0EA39D34->4234af2c-5377-4886-a4e8-6fe45d0af45e: receive RaftClientReply:client-964B0EA39D34->4234af2c-5377-4886-a4e8-6fe45d0af45e@group-A1165329A1F1, cid=3607, SUCCESS, logIndex=0, commits[4234af2c-5377-4886-a4e8-6fe45d0af45e:c5442, cef72988-acf5-49ad-9ec7-695a80e7a66d:c5441, d677508c-6db9-4741-b51c-49af5e4cf22f:c5441]
2019-09-08 07:08:16,794 [grpc-default-executor-4] INFO  client.GrpcClientProtocolClient (GrpcClientProtocolClient.java:onNext(264)) - client-964B0EA39D34->4234af2c-5377-4886-a4e8-6fe45d0af45e: receive RaftClientReply:client-964B0EA39D34->4234af2c-5377-4886-a4e8-6fe45d0af45e@group-A1165329A1F1, cid=3608, SUCCESS, logIndex=5444, commits[4234af2c-5377-4886-a4e8-6fe45d0af45e:c5445, cef72988-acf5-49ad-9ec7-695a80e7a66d:c5443, d677508c-6db9-4741-b51c-49af5e4cf22f:c5443]
2019-09-08 07:08:16,795 [grpc-default-executor-6] INFO  client.GrpcClientProtocolClient (GrpcClientProtocolClient.java:onNext(264)) - client-964B0EA39D34->4234af2c-5377-4886-a4e8-6fe45d0af45e: receive RaftClientReply:client-964B0EA39D34->4234af2c-5377-4886-a4e8-6fe45d0af45e@group-A1165329A1F1, cid=3609, SUCCESS, logIndex=5445, commits[4234af2c-5377-4886-a4e8-6fe45d0af45e:c5445, cef72988-acf5-49ad-9ec7-695a80e7a66d:c5443, d677508c-6db9-4741-b51c-49af5e4cf22f:c5443]
2019-09-08 07:08:16,796 [grpc-default-executor-6] INFO  client.GrpcClientProtocolClient (GrpcClientProtocolClient.java:onNext(264)) - client-964B0EA39D34->4234af2c-5377-4886-a4e8-6fe45d0af45e: receive RaftClientReply:client-964B0EA39D34->4234af2c-5377-4886-a4e8-6fe45d0af45e@group-A1165329A1F1, cid=3610, SUCCESS, logIndex=5446, commits[4234af2c-5377-4886-a4e8-6fe45d0af45e:c5447, cef72988-acf5-49ad-9ec7-695a80e7a66d:c5443, d677508c-6db9-4741-b51c-49af5e4cf22f:c5443]
2019-09-08 07:08:16,796 [grpc-default-executor-6] INFO  client.GrpcClientProtocolClient (GrpcClientProtocolClient.java:onNext(264)) - client-964B0EA39D34->4234af2c-5377-4886-a4e8-6fe45d0af45e: receive RaftClientReply:client-964B0EA39D34->4234af2c-5377-4886-a4e8-6fe45d0af45e@group-A1165329A1F1, cid=3611, SUCCESS, logIndex=5447, commits[4234af2c-5377-4886-a4e8-6fe45d0af45e:c5447, cef72988-acf5-49ad-9ec7-695a80e7a66d:c5443, d677508c-6db9-4741-b51c-49af5e4cf22f:c5443]
2019-09-08 07:08:16,797 [grpc-default-executor-4] INFO  client.GrpcClientProtocolClient (GrpcClientProtocolClient.java:onNext(264)) - client-964B0EA39D34->4234af2c-5377-4886-a4e8-6fe45d0af45e: receive RaftClientReply:client-964B0EA39D34->4234af2c-5377-4886-a4e8-6fe45d0af45e@group-A1165329A1F1, cid=3612, SUCCESS, logIndex=0, commits[4234af2c-5377-4886-a4e8-6fe45d0af45e:c5450, cef72988-acf5-49ad-9ec7-695a80e7a66d:c5445, d677508c-6db9-4741-b51c-49af5e4cf22f:c5446]
2019-09-08 07:08:16,818 [grpc-default-executor-6] INFO  client.GrpcClientProtocolClient (GrpcClientProtocolClient.java:onNext(264)) - client-964B0EA39D34->4234af2c-5377-4886-a4e8-6fe45d0af45e: receive RaftClientReply:client-964B0EA39D34->4234af2c-5377-4886-a4e8-6fe45d0af45e@group-A1165329A1F1, cid=3613, SUCCESS, logIndex=5452, commits[4234af2c-5377-4886-a4e8-6fe45d0af45e:c5453, cef72988-acf5-49ad-9ec7-695a80e7a66d:c5451, d677508c-6db9-4741-b51c-49af5e4cf22f:c5451]
2019-09-08 07:08:16,818 [grpc-default-executor-6] INFO  client.GrpcClientProtocolClient (GrpcClientProtocolClient.java:onNext(264)) - client-964B0EA39D34->4234af2c-5377-4886-a4e8-6fe45d0af45e: receive RaftClientReply:client-964B0EA39D34->4234af2c-5377-4886-a4e8-6fe45d0af45e@group-A1165329A1F1, cid=3614, SUCCESS, logIndex=5453, commits[4234af2c-5377-4886-a4e8-6fe45d0af45e:c5453, cef72988-acf5-49ad-9ec7-695a80e7a66d:c5451, d677508c-6db9-4741-b51c-49af5e4cf22f:c5451]
2019-09-08 07:08:16,830 [grpc-default-executor-3] INFO  client.GrpcClientProtocolClient (GrpcClientProtocolClient.java:onNext(264)) - client-964B0EA39D34->4234af2c-5377-4886-a4e8-6fe45d0af45e: receive RaftClientReply:client-964B0EA39D34->4234af2c-5377-4886-a4e8-6fe45d0af45e@group-A1165329A1F1, cid=3615, SUCCESS, logIndex=5456, commits[4234af2c-5377-4886-a4e8-6fe45d0af45e:c5457, cef72988-acf5-49ad-9ec7-695a80e7a66d:c5455, d677508c-6db9-4741-b51c-49af5e4cf22f:c5453]
2019-09-08 07:08:16,831 [grpc-default-executor-3] INFO  client.GrpcClientProtocolClient (GrpcClientProtocolClient.java:onNext(264)) - client-964B0EA39D34->4234af2c-5377-4886-a4e8-6fe45d0af45e: receive RaftClientReply:client-964B0EA39D34->4234af2c-5377-4886-a4e8-6fe45d0af45e@group-A1165329A1F1, cid=3616, SUCCESS, logIndex=5457, commits[4234af2c-5377-4886-a4e8-6fe45d0af45e:c5457, cef72988-acf5-49ad-9ec7-695a80e7a66d:c5455, d677508c-6db9-4741-b51c-49af5e4cf22f:c5455]
2019-09-08 07:08:16,833 [grpc-default-executor-6] INFO  client.GrpcClientProtocolClient (GrpcClientProtocolClient.java:onNext(264)) - client-964B0EA39D34->4234af2c-5377-4886-a4e8-6fe45d0af45e: receive RaftClientReply:client-964B0EA39D34->4234af2c-5377-4886-a4e8-6fe45d0af45e@group-A1165329A1F1, cid=3617, SUCCESS, logIndex=0, commits[4234af2c-5377-4886-a4e8-6fe45d0af45e:c5459, cef72988-acf5-49ad-9ec7-695a80e7a66d:c5457, d677508c-6db9-4741-b51c-49af5e4cf22f:c5457]
2019-09-08 07:08:16,857 [grpc-default-executor-6] INFO  client.GrpcClientProtocolClient (GrpcClientProtocolClient.java:onNext(264)) - client-964B0EA39D34->4234af2c-5377-4886-a4e8-6fe45d0af45e: receive RaftClientReply:client-964B0EA39D34->4234af2c-5377-4886-a4e8-6fe45d0af45e@group-A1165329A1F1, cid=3618, SUCCESS, logIndex=5460, commits[4234af2c-5377-4886-a4e8-6fe45d0af45e:c5461, cef72988-acf5-49ad-9ec7-695a80e7a66d:c5459, d677508c-6db9-4741-b51c-49af5e4cf22f:c5457]
2019-09-08 07:08:16,858 [grpc-default-executor-6] INFO  client.GrpcClientProtocolClient (GrpcClientProtocolClient.java:onNext(264)) - client-964B0EA39D34->4234af2c-5377-4886-a4e8-6fe45d0af45e: receive RaftClientReply:client-964B0EA39D34->4234af2c-5377-4886-a4e8-6fe45d0af45e@group-A1165329A1F1, cid=3619, SUCCESS, logIndex=5461, commits[4234af2c-5377-4886-a4e8-6fe45d0af45e:c5461, cef72988-acf5-49ad-9ec7-695a80e7a66d:c5459, d677508c-6db9-4741-b51c-49af5e4cf22f:c5457]
2019-09-08 07:08:16,860 [grpc-default-executor-6] INFO  client.GrpcClientProtocolClient (GrpcClientProtocolClient.java:onNext(264)) - client-964B0EA39D34->4234af2c-5377-4886-a4e8-6fe45d0af45e: receive RaftClientReply:client-964B0EA39D34->4234af2c-5377-4886-a4e8-6fe45d0af45e@group-A1165329A1F1, cid=3620, SUCCESS, logIndex=5462, commits[4234af2c-5377-4886-a4e8-6fe45d0af45e:c5463, cef72988-acf5-49ad-9ec7-695a80e7a66d:c5459, d677508c-6db9-4741-b51c-49af5e4cf22f:c5459]
2019-09-08 07:08:16,860 [grpc-default-executor-6] INFO  client.GrpcClientProtocolClient (GrpcClientProtocolClient.java:onNext(264)) - client-964B0EA39D34->4234af2c-5377-4886-a4e8-6fe45d0af45e: receive RaftClientReply:client-964B0EA39D34->4234af2c-5377-4886-a4e8-6fe45d0af45e@group-A1165329A1F1, cid=3621, SUCCESS, logIndex=5463, commits[4234af2c-5377-4886-a4e8-6fe45d0af45e:c5465, cef72988-acf5-49ad-9ec7-695a80e7a66d:c5461, d677508c-6db9-4741-b51c-49af5e4cf22f:c5461]
2019-09-08 07:08:16,878 [grpc-default-executor-3] INFO  client.GrpcClientProtocolClient (GrpcClientProtocolClient.java:onNext(264)) - client-964B0EA39D34->4234af2c-5377-4886-a4e8-6fe45d0af45e: receive RaftClientReply:client-964B0EA39D34->4234af2c-5377-4886-a4e8-6fe45d0af45e@group-A1165329A1F1, cid=3622, SUCCESS, logIndex=5468, commits[4234af2c-5377-4886-a4e8-6fe45d0af45e:c5469, cef72988-acf5-49ad-9ec7-695a80e7a66d:c5467, d677508c-6db9-4741-b51c-49af5e4cf22f:c5467]
2019-09-08 07:08:16,881 [grpc-default-executor-3] INFO  client.GrpcClientProtocolClient (GrpcClientProtocolClient.java:onNext(264)) - client-964B0EA39D34->4234af2c-5377-4886-a4e8-6fe45d0af45e: receive RaftClientReply:client-964B0EA39D34->4234af2c-5377-4886-a4e8-6fe45d0af45e@group-A1165329A1F1, cid=3623, SUCCESS, logIndex=5469, commits[4234af2c-5377-4886-a4e8-6fe45d0af45e:c5469, cef72988-acf5-49ad-9ec7-695a80e7a66d:c5467, d677508c-6db9-4741-b51c-49af5e4cf22f:c5467]
2019-09-08 07:08:16,912 [grpc-default-executor-0] INFO  client.GrpcClientProtocolClient (GrpcClientProtocolClient.java:onNext(264)) - client-964B0EA39D34->4234af2c-5377-4886-a4e8-6fe45d0af45e: receive RaftClientReply:client-964B0EA39D34->4234af2c-5377-4886-a4e8-6fe45d0af45e@group-A1165329A1F1, cid=3624, SUCCESS, logIndex=5472, commits[4234af2c-5377-4886-a4e8-6fe45d0af45e:c5473, cef72988-acf5-49ad-9ec7-695a80e7a66d:c5471, d677508c-6db9-4741-b51c-49af5e4cf22f:c5471]
2019-09-08 07:08:16,912 [grpc-default-executor-0] INFO  client.GrpcClientProtocolClient (GrpcClientProtocolClient.java:onNext(264)) - client-964B0EA39D34->4234af2c-5377-4886-a4e8-6fe45d0af45e: receive RaftClientReply:client-964B0EA39D34->4234af2c-5377-4886-a4e8-6fe45d0af45e@group-A1165329A1F1, cid=3625, SUCCESS, logIndex=5473, commits[4234af2c-5377-4886-a4e8-6fe45d0af45e:c5473, cef72988-acf5-49ad-9ec7-695a80e7a66d:c5471, d677508c-6db9-4741-b51c-49af5e4cf22f:c5471]
2019-09-08 07:08:16,924 [grpc-default-executor-0] INFO  client.GrpcClientProtocolClient (GrpcClientProtocolClient.java:onNext(264)) - client-964B0EA39D34->4234af2c-5377-4886-a4e8-6fe45d0af45e: receive RaftClientReply:client-964B0EA39D34->4234af2c-5377-4886-a4e8-6fe45d0af45e@group-A1165329A1F1, cid=3626, SUCCESS, logIndex=0, commits[4234af2c-5377-4886-a4e8-6fe45d0af45e:c5475, cef72988-acf5-49ad-9ec7-695a80e7a66d:c5473, d677508c-6db9-4741-b51c-49af5e4cf22f:c5473]
2019-09-08 07:08:16,964 [grpc-default-executor-3] INFO  client.GrpcClientProtocolClient (GrpcClientProtocolClient.java:onNext(264)) - client-964B0EA39D34->4234af2c-5377-4886-a4e8-6fe45d0af45e: receive RaftClientReply:client-964B0EA39D34->4234af2c-5377-4886-a4e8-6fe45d0af45e@group-A1165329A1F1, cid=3627, SUCCESS, logIndex=5476, commits[4234af2c-5377-4886-a4e8-6fe45d0af45e:c5477, cef72988-acf5-49ad-9ec7-695a80e7a66d:c5475, d677508c-6db9-4741-b51c-49af5e4cf22f:c5475]
2019-09-08 07:08:16,965 [grpc-default-executor-0] INFO  client.GrpcClientProtocolClient (GrpcClientProtocolClient.java:onNext(264)) - client-964B0EA39D34->4234af2c-5377-4886-a4e8-6fe45d0af45e: receive RaftClientReply:client-964B0EA39D34->4234af2c-5377-4886-a4e8-6fe45d0af45e@group-A1165329A1F1, cid=3628, SUCCESS, logIndex=5477, commits[4234af2c-5377-4886-a4e8-6fe45d0af45e:c5477, cef72988-acf5-49ad-9ec7-695a80e7a66d:c5475, d677508c-6db9-4741-b51c-49af5e4cf22f:c5475]
2019-09-08 07:08:16,965 [grpc-default-executor-0] INFO  client.GrpcClientProtocolClient (GrpcClientProtocolClient.java:onNext(264)) - client-964B0EA39D34->4234af2c-5377-4886-a4e8-6fe45d0af45e: receive RaftClientReply:client-964B0EA39D34->4234af2c-5377-4886-a4e8-6fe45d0af45e@group-A1165329A1F1, cid=3629, SUCCESS, logIndex=5478, commits[4234af2c-5377-4886-a4e8-6fe45d0af45e:c5479, cef72988-acf5-49ad-9ec7-695a80e7a66d:c5475, d677508c-6db9-4741-b51c-49af5e4cf22f:c5475]
2019-09-08 07:08:16,966 [grpc-default-executor-0] INFO  client.GrpcClientProtocolClient (GrpcClientProtocolClient.java:onNext(264)) - client-964B0EA39D34->4234af2c-5377-4886-a4e8-6fe45d0af45e: receive RaftClientReply:client-964B0EA39D34->4234af2c-5377-4886-a4e8-6fe45d0af45e@group-A1165329A1F1, cid=3630, SUCCESS, logIndex=5479, commits[4234af2c-5377-4886-a4e8-6fe45d0af45e:c5479, cef72988-acf5-49ad-9ec7-695a80e7a66d:c5475, d677508c-6db9-4741-b51c-49af5e4cf22f:c5475]
2019-09-08 07:08:16,967 [grpc-default-executor-0] INFO  client.GrpcClientProtocolClient (GrpcClientProtocolClient.java:onNext(264)) - client-964B0EA39D34->4234af2c-5377-4886-a4e8-6fe45d0af45e: receive RaftClientReply:client-964B0EA39D34->4234af2c-5377-4886-a4e8-6fe45d0af45e@group-A1165329A1F1, cid=3631, SUCCESS, logIndex=0, commits[4234af2c-5377-4886-a4e8-6fe45d0af45e:c5481, cef72988-acf5-49ad-9ec7-695a80e7a66d:c5477, d677508c-6db9-4741-b51c-49af5e4cf22f:c5477]
2019-09-08 07:08:16,985 [grpc-default-executor-0] INFO  client.GrpcClientProtocolClient (GrpcClientProtocolClient.java:onNext(264)) - client-964B0EA39D34->4234af2c-5377-4886-a4e8-6fe45d0af45e: receive RaftClientReply:client-964B0EA39D34->4234af2c-5377-4886-a4e8-6fe45d0af45e@group-A1165329A1F1, cid=3632, SUCCESS, logIndex=5484, commits[4234af2c-5377-4886-a4e8-6fe45d0af45e:c5485, cef72988-acf5-49ad-9ec7-695a80e7a66d:c5483, d677508c-6db9-4741-b51c-49af5e4cf22f:c5483]
2019-09-08 07:08:16,985 [grpc-default-executor-0] INFO  client.GrpcClientProtocolClient (GrpcClientProtocolClient.java:onNext(264)) - client-964B0EA39D34->4234af2c-5377-4886-a4e8-6fe45d0af45e: receive RaftClientReply:client-964B0EA39D34->4234af2c-5377-4886-a4e8-6fe45d0af45e@group-A1165329A1F1, cid=3633, SUCCESS, logIndex=5485, commits[4234af2c-5377-4886-a4e8-6fe45d0af45e:c5485, cef72988-acf5-49ad-9ec7-695a80e7a66d:c5483, d677508c-6db9-4741-b51c-49af5e4cf22f:c5483]
2019-09-08 07:08:16,998 [grpc-default-executor-0] INFO  client.GrpcClientProtocolClient (GrpcClientProtocolClient.java:onNext(264)) - client-964B0EA39D34->4234af2c-5377-4886-a4e8-6fe45d0af45e: receive RaftClientReply:client-964B0EA39D34->4234af2c-5377-4886-a4e8-6fe45d0af45e@group-A1165329A1F1, cid=3634, SUCCESS, logIndex=5488, commits[4234af2c-5377-4886-a4e8-6fe45d0af45e:c5489, cef72988-acf5-49ad-9ec7-695a80e7a66d:c5485, d677508c-6db9-4741-b51c-49af5e4cf22f:c5485]
2019-09-08 07:08:16,998 [grpc-default-executor-0] INFO  client.GrpcClientProtocolClient (GrpcClientProtocolClient.java:onNext(264)) - client-964B0EA39D34->4234af2c-5377-4886-a4e8-6fe45d0af45e: receive RaftClientReply:client-964B0EA39D34->4234af2c-5377-4886-a4e8-6fe45d0af45e@group-A1165329A1F1, cid=3635, SUCCESS, logIndex=5489, commits[4234af2c-5377-4886-a4e8-6fe45d0af45e:c5489, cef72988-acf5-49ad-9ec7-695a80e7a66d:c5485, d677508c-6db9-4741-b51c-49af5e4cf22f:c5485]
2019-09-08 07:08:17,011 [grpc-default-executor-6] INFO  client.GrpcClientProtocolClient (GrpcClientProtocolClient.java:onNext(264)) - client-964B0EA39D34->4234af2c-5377-4886-a4e8-6fe45d0af45e: receive RaftClientReply:client-964B0EA39D34->4234af2c-5377-4886-a4e8-6fe45d0af45e@group-A1165329A1F1, cid=3636, SUCCESS, logIndex=0, commits[4234af2c-5377-4886-a4e8-6fe45d0af45e:c5491, cef72988-acf5-49ad-9ec7-695a80e7a66d:c5489, d677508c-6db9-4741-b51c-49af5e4cf22f:c5489]
2019-09-08 07:08:17,044 [grpc-default-executor-4] INFO  client.GrpcClientProtocolClient (GrpcClientProtocolClient.java:onNext(264)) - client-964B0EA39D34->4234af2c-5377-4886-a4e8-6fe45d0af45e: receive RaftClientReply:client-964B0EA39D34->4234af2c-5377-4886-a4e8-6fe45d0af45e@group-A1165329A1F1, cid=3637, SUCCESS, logIndex=5492, commits[4234af2c-5377-4886-a4e8-6fe45d0af45e:c5493, cef72988-acf5-49ad-9ec7-695a80e7a66d:c5491, d677508c-6db9-4741-b51c-49af5e4cf22f:c5491]
2019-09-08 07:08:17,045 [grpc-default-executor-4] INFO  client.GrpcClientProtocolClient (GrpcClientProtocolClient.java:onNext(264)) - client-964B0EA39D34->4234af2c-5377-4886-a4e8-6fe45d0af45e: receive RaftClientReply:client-964B0EA39D34->4234af2c-5377-4886-a4e8-6fe45d0af45e@group-A1165329A1F1, cid=3638, SUCCESS, logIndex=5493, commits[4234af2c-5377-4886-a4e8-6fe45d0af45e:c5495, cef72988-acf5-49ad-9ec7-695a80e7a66d:c5491, d677508c-6db9-4741-b51c-49af5e4cf22f:c5491]
2019-09-08 07:08:17,045 [grpc-default-executor-4] INFO  client.GrpcClientProtocolClient (GrpcClientProtocolClient.java:onNext(264)) - client-964B0EA39D34->4234af2c-5377-4886-a4e8-6fe45d0af45e: receive RaftClientReply:client-964B0EA39D34->4234af2c-5377-4886-a4e8-6fe45d0af45e@group-A1165329A1F1, cid=3639, SUCCESS, logIndex=5494, commits[4234af2c-5377-4886-a4e8-6fe45d0af45e:c5495, cef72988-acf5-49ad-9ec7-695a80e7a66d:c5491, d677508c-6db9-4741-b51c-49af5e4cf22f:c5491]
2019-09-08 07:08:17,045 [grpc-default-executor-6] INFO  client.GrpcClientProtocolClient (GrpcClientProtocolClient.java:onNext(264)) - client-964B0EA39D34->4234af2c-5377-4886-a4e8-6fe45d0af45e: receive RaftClientReply:client-964B0EA39D34->4234af2c-5377-4886-a4e8-6fe45d0af45e@group-A1165329A1F1, cid=3640, SUCCESS, logIndex=5495, commits[4234af2c-5377-4886-a4e8-6fe45d0af45e:c5495, cef72988-acf5-49ad-9ec7-695a80e7a66d:c5491, d677508c-6db9-4741-b51c-49af5e4cf22f:c5491]
2019-09-08 07:08:17,046 [grpc-default-executor-4] INFO  client.GrpcClientProtocolClient (GrpcClientProtocolClient.java:onNext(264)) - client-964B0EA39D34->4234af2c-5377-4886-a4e8-6fe45d0af45e: receive RaftClientReply:client-964B0EA39D34->4234af2c-5377-4886-a4e8-6fe45d0af45e@group-A1165329A1F1, cid=3641, SUCCESS, logIndex=0, commits[4234af2c-5377-4886-a4e8-6fe45d0af45e:c5499, cef72988-acf5-49ad-9ec7-695a80e7a66d:c5495, d677508c-6db9-4741-b51c-49af5e4cf22f:c5495]
2019-09-08 07:08:17,064 [grpc-default-executor-4] INFO  client.GrpcClientProtocolClient (GrpcClientProtocolClient.java:onNext(264)) - client-964B0EA39D34->4234af2c-5377-4886-a4e8-6fe45d0af45e: receive RaftClientReply:client-964B0EA39D34->4234af2c-5377-4886-a4e8-6fe45d0af45e@group-A1165329A1F1, cid=3642, SUCCESS, logIndex=5500, commits[4234af2c-5377-4886-a4e8-6fe45d0af45e:c5501, cef72988-acf5-49ad-9ec7-695a80e7a66d:c5499, d677508c-6db9-4741-b51c-49af5e4cf22f:c5499]
2019-09-08 07:08:17,065 [grpc-default-executor-4] INFO  client.GrpcClientProtocolClient (GrpcClientProtocolClient.java:onNext(264)) - client-964B0EA39D34->4234af2c-5377-4886-a4e8-6fe45d0af45e: receive RaftClientReply:client-964B0EA39D34->4234af2c-5377-4886-a4e8-6fe45d0af45e@group-A1165329A1F1, cid=3643, SUCCESS, logIndex=5501, commits[4234af2c-5377-4886-a4e8-6fe45d0af45e:c5501, cef72988-acf5-49ad-9ec7-695a80e7a66d:c5499, d677508c-6db9-4741-b51c-49af5e4cf22f:c5499]
2019-09-08 07:08:17,077 [grpc-default-executor-6] INFO  client.GrpcClientProtocolClient (GrpcClientProtocolClient.java:onNext(264)) - client-964B0EA39D34->4234af2c-5377-4886-a4e8-6fe45d0af45e: receive RaftClientReply:client-964B0EA39D34->4234af2c-5377-4886-a4e8-6fe45d0af45e@group-A1165329A1F1, cid=3644, SUCCESS, logIndex=5504, commits[4234af2c-5377-4886-a4e8-6fe45d0af45e:c5504, cef72988-acf5-49ad-9ec7-695a80e7a66d:c5501, d677508c-6db9-4741-b51c-49af5e4cf22f:c5501]
2019-09-08 07:08:17,078 [grpc-default-executor-6] INFO  client.GrpcClientProtocolClient (GrpcClientProtocolClient.java:onNext(264)) - client-964B0EA39D34->4234af2c-5377-4886-a4e8-6fe45d0af45e: receive RaftClientReply:client-964B0EA39D34->4234af2c-5377-4886-a4e8-6fe45d0af45e@group-A1165329A1F1, cid=3645, SUCCESS, logIndex=5505, commits[4234af2c-5377-4886-a4e8-6fe45d0af45e:c5505, cef72988-acf5-49ad-9ec7-695a80e7a66d:c5501, d677508c-6db9-4741-b51c-49af5e4cf22f:c5501]
2019-09-08 07:08:17,080 [grpc-default-executor-6] INFO  client.GrpcClientProtocolClient (GrpcClientProtocolClient.java:onNext(264)) - client-964B0EA39D34->4234af2c-5377-4886-a4e8-6fe45d0af45e: receive RaftClientReply:client-964B0EA39D34->4234af2c-5377-4886-a4e8-6fe45d0af45e@group-A1165329A1F1, cid=3646, SUCCESS, logIndex=0, commits[4234af2c-5377-4886-a4e8-6fe45d0af45e:c5507, cef72988-acf5-49ad-9ec7-695a80e7a66d:c5505, d677508c-6db9-4741-b51c-49af5e4cf22f:c5505]
 0.00% |█                                                                                                    |  0/1 Time: 0:00:572019-09-08 07:08:17,153 [grpc-default-executor-6] INFO  client.GrpcClientProtocolClient (GrpcClientProtocolClient.java:onNext(264)) - client-964B0EA39D34->4234af2c-5377-4886-a4e8-6fe45d0af45e: receive RaftClientReply:client-964B0EA39D34->4234af2c-5377-4886-a4e8-6fe45d0af45e@group-A1165329A1F1, cid=3647, SUCCESS, logIndex=5508, commits[4234af2c-5377-4886-a4e8-6fe45d0af45e:c5509, cef72988-acf5-49ad-9ec7-695a80e7a66d:c5507, d677508c-6db9-4741-b51c-49af5e4cf22f:c5507]
2019-09-08 07:08:17,154 [grpc-default-executor-6] INFO  client.GrpcClientProtocolClient (GrpcClientProtocolClient.java:onNext(264)) - client-964B0EA39D34->4234af2c-5377-4886-a4e8-6fe45d0af45e: receive RaftClientReply:client-964B0EA39D34->4234af2c-5377-4886-a4e8-6fe45d0af45e@group-A1165329A1F1, cid=3648, SUCCESS, logIndex=5509, commits[4234af2c-5377-4886-a4e8-6fe45d0af45e:c5509, cef72988-acf5-49ad-9ec7-695a80e7a66d:c5507, d677508c-6db9-4741-b51c-49af5e4cf22f:c5507]
2019-09-08 07:08:17,154 [grpc-default-executor-6] INFO  client.GrpcClientProtocolClient (GrpcClientProtocolClient.java:onNext(264)) - client-964B0EA39D34->4234af2c-5377-4886-a4e8-6fe45d0af45e: receive RaftClientReply:client-964B0EA39D34->4234af2c-5377-4886-a4e8-6fe45d0af45e@group-A1165329A1F1, cid=3649, SUCCESS, logIndex=5510, commits[4234af2c-5377-4886-a4e8-6fe45d0af45e:c5511, cef72988-acf5-49ad-9ec7-695a80e7a66d:c5507, d677508c-6db9-4741-b51c-49af5e4cf22f:c5507]
2019-09-08 07:08:17,155 [grpc-default-executor-6] INFO  client.GrpcClientProtocolClient (GrpcClientProtocolClient.java:onNext(264)) - client-964B0EA39D34->4234af2c-5377-4886-a4e8-6fe45d0af45e: receive RaftClientReply:client-964B0EA39D34->4234af2c-5377-4886-a4e8-6fe45d0af45e@group-A1165329A1F1, cid=3650, SUCCESS, logIndex=5511, commits[4234af2c-5377-4886-a4e8-6fe45d0af45e:c5511, cef72988-acf5-49ad-9ec7-695a80e7a66d:c5507, d677508c-6db9-4741-b51c-49af5e4cf22f:c5507]
2019-09-08 07:08:17,155 [grpc-default-executor-3] INFO  client.GrpcClientProtocolClient (GrpcClientProtocolClient.java:onNext(264)) - client-964B0EA39D34->4234af2c-5377-4886-a4e8-6fe45d0af45e: receive RaftClientReply:client-964B0EA39D34->4234af2c-5377-4886-a4e8-6fe45d0af45e@group-A1165329A1F1, cid=3651, SUCCESS, logIndex=0, commits[4234af2c-5377-4886-a4e8-6fe45d0af45e:c5513, cef72988-acf5-49ad-9ec7-695a80e7a66d:c5509, d677508c-6db9-4741-b51c-49af5e4cf22f:c5509]
2019-09-08 07:08:17,177 [grpc-default-executor-3] INFO  client.GrpcClientProtocolClient (GrpcClientProtocolClient.java:onNext(264)) - client-964B0EA39D34->4234af2c-5377-4886-a4e8-6fe45d0af45e: receive RaftClientReply:client-964B0EA39D34->4234af2c-5377-4886-a4e8-6fe45d0af45e@group-A1165329A1F1, cid=3652, SUCCESS, logIndex=5516, commits[4234af2c-5377-4886-a4e8-6fe45d0af45e:c5517, cef72988-acf5-49ad-9ec7-695a80e7a66d:c5515, d677508c-6db9-4741-b51c-49af5e4cf22f:c5515]
2019-09-08 07:08:17,177 [grpc-default-executor-3] INFO  client.GrpcClientProtocolClient (GrpcClientProtocolClient.java:onNext(264)) - client-964B0EA39D34->4234af2c-5377-4886-a4e8-6fe45d0af45e: receive RaftClientReply:client-964B0EA39D34->4234af2c-5377-4886-a4e8-6fe45d0af45e@group-A1165329A1F1, cid=3653, SUCCESS, logIndex=5517, commits[4234af2c-5377-4886-a4e8-6fe45d0af45e:c5517, cef72988-acf5-49ad-9ec7-695a80e7a66d:c5515, d677508c-6db9-4741-b51c-49af5e4cf22f:c5515]
2019-09-08 07:08:17,190 [grpc-default-executor-6] INFO  client.GrpcClientProtocolClient (GrpcClientProtocolClient.java:onNext(264)) - client-964B0EA39D34->4234af2c-5377-4886-a4e8-6fe45d0af45e: receive RaftClientReply:client-964B0EA39D34->4234af2c-5377-4886-a4e8-6fe45d0af45e@group-A1165329A1F1, cid=3654, SUCCESS, logIndex=5520, commits[4234af2c-5377-4886-a4e8-6fe45d0af45e:c5520, cef72988-acf5-49ad-9ec7-695a80e7a66d:c5517, d677508c-6db9-4741-b51c-49af5e4cf22f:c5517]
2019-09-08 07:08:17,191 [grpc-default-executor-6] INFO  client.GrpcClientProtocolClient (GrpcClientProtocolClient.java:onNext(264)) - client-964B0EA39D34->4234af2c-5377-4886-a4e8-6fe45d0af45e: receive RaftClientReply:client-964B0EA39D34->4234af2c-5377-4886-a4e8-6fe45d0af45e@group-A1165329A1F1, cid=3655, SUCCESS, logIndex=5521, commits[4234af2c-5377-4886-a4e8-6fe45d0af45e:c5521, cef72988-acf5-49ad-9ec7-695a80e7a66d:c5517, d677508c-6db9-4741-b51c-49af5e4cf22f:c5517]
2019-09-08 07:08:17,203 [grpc-default-executor-6] INFO  client.GrpcClientProtocolClient (GrpcClientProtocolClient.java:onNext(264)) - client-964B0EA39D34->4234af2c-5377-4886-a4e8-6fe45d0af45e: receive RaftClientReply:client-964B0EA39D34->4234af2c-5377-4886-a4e8-6fe45d0af45e@group-A1165329A1F1, cid=3656, SUCCESS, logIndex=0, commits[4234af2c-5377-4886-a4e8-6fe45d0af45e:c5523, cef72988-acf5-49ad-9ec7-695a80e7a66d:c5521, d677508c-6db9-4741-b51c-49af5e4cf22f:c5521]
2019-09-08 07:08:17,231 [grpc-default-executor-6] INFO  client.GrpcClientProtocolClient (GrpcClientProtocolClient.java:onNext(264)) - client-964B0EA39D34->4234af2c-5377-4886-a4e8-6fe45d0af45e: receive RaftClientReply:client-964B0EA39D34->4234af2c-5377-4886-a4e8-6fe45d0af45e@group-A1165329A1F1, cid=3657, SUCCESS, logIndex=5524, commits[4234af2c-5377-4886-a4e8-6fe45d0af45e:c5525, cef72988-acf5-49ad-9ec7-695a80e7a66d:c5523, d677508c-6db9-4741-b51c-49af5e4cf22f:c5523]
2019-09-08 07:08:17,232 [grpc-default-executor-4] INFO  client.GrpcClientProtocolClient (GrpcClientProtocolClient.java:onNext(264)) - client-964B0EA39D34->4234af2c-5377-4886-a4e8-6fe45d0af45e: receive RaftClientReply:client-964B0EA39D34->4234af2c-5377-4886-a4e8-6fe45d0af45e@group-A1165329A1F1, cid=3658, SUCCESS, logIndex=5525, commits[4234af2c-5377-4886-a4e8-6fe45d0af45e:c5525, cef72988-acf5-49ad-9ec7-695a80e7a66d:c5523, d677508c-6db9-4741-b51c-49af5e4cf22f:c5523]
2019-09-08 07:08:17,235 [grpc-default-executor-4] INFO  client.GrpcClientProtocolClient (GrpcClientProtocolClient.java:onNext(264)) - client-964B0EA39D34->4234af2c-5377-4886-a4e8-6fe45d0af45e: receive RaftClientReply:client-964B0EA39D34->4234af2c-5377-4886-a4e8-6fe45d0af45e@group-A1165329A1F1, cid=3659, SUCCESS, logIndex=5526, commits[4234af2c-5377-4886-a4e8-6fe45d0af45e:c5527, cef72988-acf5-49ad-9ec7-695a80e7a66d:c5523, d677508c-6db9-4741-b51c-49af5e4cf22f:c5523]
2019-09-08 07:08:17,236 [grpc-default-executor-4] INFO  client.GrpcClientProtocolClient (GrpcClientProtocolClient.java:onNext(264)) - client-964B0EA39D34->4234af2c-5377-4886-a4e8-6fe45d0af45e: receive RaftClientReply:client-964B0EA39D34->4234af2c-5377-4886-a4e8-6fe45d0af45e@group-A1165329A1F1, cid=3660, SUCCESS, logIndex=5527, commits[4234af2c-5377-4886-a4e8-6fe45d0af45e:c5527, cef72988-acf5-49ad-9ec7-695a80e7a66d:c5523, d677508c-6db9-4741-b51c-49af5e4cf22f:c5523]
2019-09-08 07:08:17,237 [grpc-default-executor-4] INFO  client.GrpcClientProtocolClient (GrpcClientProtocolClient.java:onNext(264)) - client-964B0EA39D34->4234af2c-5377-4886-a4e8-6fe45d0af45e: receive RaftClientReply:client-964B0EA39D34->4234af2c-5377-4886-a4e8-6fe45d0af45e@group-A1165329A1F1, cid=3661, SUCCESS, logIndex=0, commits[4234af2c-5377-4886-a4e8-6fe45d0af45e:c5529, cef72988-acf5-49ad-9ec7-695a80e7a66d:c5525, d677508c-6db9-4741-b51c-49af5e4cf22f:c5525]
2019-09-08 07:08:17,249 [grpc-default-executor-6] INFO  client.GrpcClientProtocolClient (GrpcClientProtocolClient.java:onNext(264)) - client-964B0EA39D34->4234af2c-5377-4886-a4e8-6fe45d0af45e: receive RaftClientReply:client-964B0EA39D34->4234af2c-5377-4886-a4e8-6fe45d0af45e@group-A1165329A1F1, cid=3662, SUCCESS, logIndex=5531, commits[4234af2c-5377-4886-a4e8-6fe45d0af45e:c5532, cef72988-acf5-49ad-9ec7-695a80e7a66d:c5527, d677508c-6db9-4741-b51c-49af5e4cf22f:c5529]
2019-09-08 07:08:17,249 [grpc-default-executor-6] INFO  client.GrpcClientProtocolClient (GrpcClientProtocolClient.java:onNext(264)) - client-964B0EA39D34->4234af2c-5377-4886-a4e8-6fe45d0af45e: receive RaftClientReply:client-964B0EA39D34->4234af2c-5377-4886-a4e8-6fe45d0af45e@group-A1165329A1F1, cid=3663, SUCCESS, logIndex=5532, commits[4234af2c-5377-4886-a4e8-6fe45d0af45e:c5532, cef72988-acf5-49ad-9ec7-695a80e7a66d:c5527, d677508c-6db9-4741-b51c-49af5e4cf22f:c5529]
2019-09-08 07:08:17,269 [grpc-default-executor-0] INFO  client.GrpcClientProtocolClient (GrpcClientProtocolClient.java:onNext(264)) - client-964B0EA39D34->4234af2c-5377-4886-a4e8-6fe45d0af45e: receive RaftClientReply:client-964B0EA39D34->4234af2c-5377-4886-a4e8-6fe45d0af45e@group-A1165329A1F1, cid=3664, SUCCESS, logIndex=5535, commits[4234af2c-5377-4886-a4e8-6fe45d0af45e:c5536, cef72988-acf5-49ad-9ec7-695a80e7a66d:c5534, d677508c-6db9-4741-b51c-49af5e4cf22f:c5534]
2019-09-08 07:08:17,270 [grpc-default-executor-0] INFO  client.GrpcClientProtocolClient (GrpcClientProtocolClient.java:onNext(264)) - client-964B0EA39D34->4234af2c-5377-4886-a4e8-6fe45d0af45e: receive RaftClientReply:client-964B0EA39D34->4234af2c-5377-4886-a4e8-6fe45d0af45e@group-A1165329A1F1, cid=3665, SUCCESS, logIndex=5536, commits[4234af2c-5377-4886-a4e8-6fe45d0af45e:c5536, cef72988-acf5-49ad-9ec7-695a80e7a66d:c5534, d677508c-6db9-4741-b51c-49af5e4cf22f:c5534]
2019-09-08 07:08:17,282 [grpc-default-executor-0] INFO  client.GrpcClientProtocolClient (GrpcClientProtocolClient.java:onNext(264)) - client-964B0EA39D34->4234af2c-5377-4886-a4e8-6fe45d0af45e: receive RaftClientReply:client-964B0EA39D34->4234af2c-5377-4886-a4e8-6fe45d0af45e@group-A1165329A1F1, cid=3666, SUCCESS, logIndex=0, commits[4234af2c-5377-4886-a4e8-6fe45d0af45e:c5537, cef72988-acf5-49ad-9ec7-695a80e7a66d:c5536, d677508c-6db9-4741-b51c-49af5e4cf22f:c5536]
2019-09-08 07:08:17,313 [grpc-default-executor-6] INFO  client.GrpcClientProtocolClient (GrpcClientProtocolClient.java:onNext(264)) - client-964B0EA39D34->4234af2c-5377-4886-a4e8-6fe45d0af45e: receive RaftClientReply:client-964B0EA39D34->4234af2c-5377-4886-a4e8-6fe45d0af45e@group-A1165329A1F1, cid=3667, SUCCESS, logIndex=5539, commits[4234af2c-5377-4886-a4e8-6fe45d0af45e:c5540, cef72988-acf5-49ad-9ec7-695a80e7a66d:c5538, d677508c-6db9-4741-b51c-49af5e4cf22f:c5538]
2019-09-08 07:08:17,314 [grpc-default-executor-4] INFO  client.GrpcClientProtocolClient (GrpcClientProtocolClient.java:onNext(264)) - client-964B0EA39D34->4234af2c-5377-4886-a4e8-6fe45d0af45e: receive RaftClientReply:client-964B0EA39D34->4234af2c-5377-4886-a4e8-6fe45d0af45e@group-A1165329A1F1, cid=3668, SUCCESS, logIndex=5540, commits[4234af2c-5377-4886-a4e8-6fe45d0af45e:c5540, cef72988-acf5-49ad-9ec7-695a80e7a66d:c5538, d677508c-6db9-4741-b51c-49af5e4cf22f:c5538]
2019-09-08 07:08:17,315 [grpc-default-executor-4] INFO  client.GrpcClientProtocolClient (GrpcClientProtocolClient.java:onNext(264)) - client-964B0EA39D34->4234af2c-5377-4886-a4e8-6fe45d0af45e: receive RaftClientReply:client-964B0EA39D34->4234af2c-5377-4886-a4e8-6fe45d0af45e@group-A1165329A1F1, cid=3669, SUCCESS, logIndex=5541, commits[4234af2c-5377-4886-a4e8-6fe45d0af45e:c5542, cef72988-acf5-49ad-9ec7-695a80e7a66d:c5538, d677508c-6db9-4741-b51c-49af5e4cf22f:c5538]
2019-09-08 07:08:17,315 [grpc-default-executor-4] INFO  client.GrpcClientProtocolClient (GrpcClientProtocolClient.java:onNext(264)) - client-964B0EA39D34->4234af2c-5377-4886-a4e8-6fe45d0af45e: receive RaftClientReply:client-964B0EA39D34->4234af2c-5377-4886-a4e8-6fe45d0af45e@group-A1165329A1F1, cid=3670, SUCCESS, logIndex=5542, commits[4234af2c-5377-4886-a4e8-6fe45d0af45e:c5542, cef72988-acf5-49ad-9ec7-695a80e7a66d:c5538, d677508c-6db9-4741-b51c-49af5e4cf22f:c5538]
2019-09-08 07:08:17,316 [grpc-default-executor-4] INFO  client.GrpcClientProtocolClient (GrpcClientProtocolClient.java:onNext(264)) - client-964B0EA39D34->4234af2c-5377-4886-a4e8-6fe45d0af45e: receive RaftClientReply:client-964B0EA39D34->4234af2c-5377-4886-a4e8-6fe45d0af45e@group-A1165329A1F1, cid=3671, SUCCESS, logIndex=0, commits[4234af2c-5377-4886-a4e8-6fe45d0af45e:c5544, cef72988-acf5-49ad-9ec7-695a80e7a66d:c5540, d677508c-6db9-4741-b51c-49af5e4cf22f:c5540]
2019-09-08 07:08:17,359 [grpc-default-executor-0] INFO  client.GrpcClientProtocolClient (GrpcClientProtocolClient.java:onNext(264)) - client-964B0EA39D34->4234af2c-5377-4886-a4e8-6fe45d0af45e: receive RaftClientReply:client-964B0EA39D34->4234af2c-5377-4886-a4e8-6fe45d0af45e@group-A1165329A1F1, cid=3672, SUCCESS, logIndex=5547, commits[4234af2c-5377-4886-a4e8-6fe45d0af45e:c5548, cef72988-acf5-49ad-9ec7-695a80e7a66d:c5546, d677508c-6db9-4741-b51c-49af5e4cf22f:c5546]
2019-09-08 07:08:17,359 [grpc-default-executor-0] INFO  client.GrpcClientProtocolClient (GrpcClientProtocolClient.java:onNext(264)) - client-964B0EA39D34->4234af2c-5377-4886-a4e8-6fe45d0af45e: receive RaftClientReply:client-964B0EA39D34->4234af2c-5377-4886-a4e8-6fe45d0af45e@group-A1165329A1F1, cid=3673, SUCCESS, logIndex=5548, commits[4234af2c-5377-4886-a4e8-6fe45d0af45e:c5548, cef72988-acf5-49ad-9ec7-695a80e7a66d:c5546, d677508c-6db9-4741-b51c-49af5e4cf22f:c5546]
2019-09-08 07:08:17,372 [grpc-default-executor-4] INFO  client.GrpcClientProtocolClient (GrpcClientProtocolClient.java:onNext(264)) - client-964B0EA39D34->4234af2c-5377-4886-a4e8-6fe45d0af45e: receive RaftClientReply:client-964B0EA39D34->4234af2c-5377-4886-a4e8-6fe45d0af45e@group-A1165329A1F1, cid=3674, SUCCESS, logIndex=5551, commits[4234af2c-5377-4886-a4e8-6fe45d0af45e:c5551, cef72988-acf5-49ad-9ec7-695a80e7a66d:c5548, d677508c-6db9-4741-b51c-49af5e4cf22f:c5548]
2019-09-08 07:08:17,373 [grpc-default-executor-4] INFO  client.GrpcClientProtocolClient (GrpcClientProtocolClient.java:onNext(264)) - client-964B0EA39D34->4234af2c-5377-4886-a4e8-6fe45d0af45e: receive RaftClientReply:client-964B0EA39D34->4234af2c-5377-4886-a4e8-6fe45d0af45e@group-A1165329A1F1, cid=3675, SUCCESS, logIndex=5552, commits[4234af2c-5377-4886-a4e8-6fe45d0af45e:c5552, cef72988-acf5-49ad-9ec7-695a80e7a66d:c5548, d677508c-6db9-4741-b51c-49af5e4cf22f:c5548]
2019-09-08 07:08:17,407 [grpc-default-executor-4] INFO  client.GrpcClientProtocolClient (GrpcClientProtocolClient.java:onNext(264)) - client-964B0EA39D34->4234af2c-5377-4886-a4e8-6fe45d0af45e: receive RaftClientReply:client-964B0EA39D34->4234af2c-5377-4886-a4e8-6fe45d0af45e@group-A1165329A1F1, cid=3676, SUCCESS, logIndex=0, commits[4234af2c-5377-4886-a4e8-6fe45d0af45e:c5554, cef72988-acf5-49ad-9ec7-695a80e7a66d:c5552, d677508c-6db9-4741-b51c-49af5e4cf22f:c5552]
2019-09-08 07:08:17,626 [grpc-default-executor-6] INFO  client.GrpcClientProtocolClient (GrpcClientProtocolClient.java:onNext(264)) - client-964B0EA39D34->4234af2c-5377-4886-a4e8-6fe45d0af45e: receive RaftClientReply:client-964B0EA39D34->4234af2c-5377-4886-a4e8-6fe45d0af45e@group-A1165329A1F1, cid=3677, SUCCESS, logIndex=5555, commits[4234af2c-5377-4886-a4e8-6fe45d0af45e:c5556, cef72988-acf5-49ad-9ec7-695a80e7a66d:c5554, d677508c-6db9-4741-b51c-49af5e4cf22f:c5552]
2019-09-08 07:08:17,626 [grpc-default-executor-6] INFO  client.GrpcClientProtocolClient (GrpcClientProtocolClient.java:onNext(264)) - client-964B0EA39D34->4234af2c-5377-4886-a4e8-6fe45d0af45e: receive RaftClientReply:client-964B0EA39D34->4234af2c-5377-4886-a4e8-6fe45d0af45e@group-A1165329A1F1, cid=3678, SUCCESS, logIndex=5556, commits[4234af2c-5377-4886-a4e8-6fe45d0af45e:c5558, cef72988-acf5-49ad-9ec7-695a80e7a66d:c5554, d677508c-6db9-4741-b51c-49af5e4cf22f:c5554]
2019-09-08 07:08:17,626 [grpc-default-executor-6] INFO  client.GrpcClientProtocolClient (GrpcClientProtocolClient.java:onNext(264)) - client-964B0EA39D34->4234af2c-5377-4886-a4e8-6fe45d0af45e: receive RaftClientReply:client-964B0EA39D34->4234af2c-5377-4886-a4e8-6fe45d0af45e@group-A1165329A1F1, cid=3679, SUCCESS, logIndex=5557, commits[4234af2c-5377-4886-a4e8-6fe45d0af45e:c5558, cef72988-acf5-49ad-9ec7-695a80e7a66d:c5554, d677508c-6db9-4741-b51c-49af5e4cf22f:c5554]
2019-09-08 07:08:17,627 [grpc-default-executor-6] INFO  client.GrpcClientProtocolClient (GrpcClientProtocolClient.java:onNext(264)) - client-964B0EA39D34->4234af2c-5377-4886-a4e8-6fe45d0af45e: receive RaftClientReply:client-964B0EA39D34->4234af2c-5377-4886-a4e8-6fe45d0af45e@group-A1165329A1F1, cid=3680, SUCCESS, logIndex=5558, commits[4234af2c-5377-4886-a4e8-6fe45d0af45e:c5558, cef72988-acf5-49ad-9ec7-695a80e7a66d:c5554, d677508c-6db9-4741-b51c-49af5e4cf22f:c5554]
2019-09-08 07:08:17,636 [grpc-default-executor-6] INFO  client.GrpcClientProtocolClient (GrpcClientProtocolClient.java:onNext(264)) - client-964B0EA39D34->4234af2c-5377-4886-a4e8-6fe45d0af45e: receive RaftClientReply:client-964B0EA39D34->4234af2c-5377-4886-a4e8-6fe45d0af45e@group-A1165329A1F1, cid=3681, SUCCESS, logIndex=0, commits[4234af2c-5377-4886-a4e8-6fe45d0af45e:c5559, cef72988-acf5-49ad-9ec7-695a80e7a66d:c5556, d677508c-6db9-4741-b51c-49af5e4cf22f:c5556]
2019-09-08 07:08:17,653 [grpc-default-executor-6] INFO  client.GrpcClientProtocolClient (GrpcClientProtocolClient.java:onNext(264)) - client-964B0EA39D34->4234af2c-5377-4886-a4e8-6fe45d0af45e: receive RaftClientReply:client-964B0EA39D34->4234af2c-5377-4886-a4e8-6fe45d0af45e@group-A1165329A1F1, cid=3682, SUCCESS, logIndex=5562, commits[4234af2c-5377-4886-a4e8-6fe45d0af45e:c5562, cef72988-acf5-49ad-9ec7-695a80e7a66d:c5561, d677508c-6db9-4741-b51c-49af5e4cf22f:c5561]
2019-09-08 07:08:17,653 [grpc-default-executor-6] INFO  client.GrpcClientProtocolClient (GrpcClientProtocolClient.java:onNext(264)) - client-964B0EA39D34->4234af2c-5377-4886-a4e8-6fe45d0af45e: receive RaftClientReply:client-964B0EA39D34->4234af2c-5377-4886-a4e8-6fe45d0af45e@group-A1165329A1F1, cid=3683, SUCCESS, logIndex=5563, commits[4234af2c-5377-4886-a4e8-6fe45d0af45e:c5563, cef72988-acf5-49ad-9ec7-695a80e7a66d:c5561, d677508c-6db9-4741-b51c-49af5e4cf22f:c5561]
2019-09-08 07:08:17,671 [grpc-default-executor-6] INFO  client.GrpcClientProtocolClient (GrpcClientProtocolClient.java:onNext(264)) - client-964B0EA39D34->4234af2c-5377-4886-a4e8-6fe45d0af45e: receive RaftClientReply:client-964B0EA39D34->4234af2c-5377-4886-a4e8-6fe45d0af45e@group-A1165329A1F1, cid=3684, SUCCESS, logIndex=5566, commits[4234af2c-5377-4886-a4e8-6fe45d0af45e:c5567, cef72988-acf5-49ad-9ec7-695a80e7a66d:c5563, d677508c-6db9-4741-b51c-49af5e4cf22f:c5563]
2019-09-08 07:08:17,671 [grpc-default-executor-6] INFO  client.GrpcClientProtocolClient (GrpcClientProtocolClient.java:onNext(264)) - client-964B0EA39D34->4234af2c-5377-4886-a4e8-6fe45d0af45e: receive RaftClientReply:client-964B0EA39D34->4234af2c-5377-4886-a4e8-6fe45d0af45e@group-A1165329A1F1, cid=3685, SUCCESS, logIndex=5567, commits[4234af2c-5377-4886-a4e8-6fe45d0af45e:c5567, cef72988-acf5-49ad-9ec7-695a80e7a66d:c5563, d677508c-6db9-4741-b51c-49af5e4cf22f:c5563]
2019-09-08 07:08:17,681 [grpc-default-executor-6] INFO  client.GrpcClientProtocolClient (GrpcClientProtocolClient.java:onNext(264)) - client-964B0EA39D34->4234af2c-5377-4886-a4e8-6fe45d0af45e: receive RaftClientReply:client-964B0EA39D34->4234af2c-5377-4886-a4e8-6fe45d0af45e@group-A1165329A1F1, cid=3686, SUCCESS, logIndex=0, commits[4234af2c-5377-4886-a4e8-6fe45d0af45e:c5568, cef72988-acf5-49ad-9ec7-695a80e7a66d:c5567, d677508c-6db9-4741-b51c-49af5e4cf22f:c5567]
2019-09-08 07:08:17,712 [grpc-default-executor-0] INFO  client.GrpcClientProtocolClient (GrpcClientProtocolClient.java:onNext(264)) - client-964B0EA39D34->4234af2c-5377-4886-a4e8-6fe45d0af45e: receive RaftClientReply:client-964B0EA39D34->4234af2c-5377-4886-a4e8-6fe45d0af45e@group-A1165329A1F1, cid=3687, SUCCESS, logIndex=5570, commits[4234af2c-5377-4886-a4e8-6fe45d0af45e:c5571, cef72988-acf5-49ad-9ec7-695a80e7a66d:c5569, d677508c-6db9-4741-b51c-49af5e4cf22f:c5569]
2019-09-08 07:08:17,713 [grpc-default-executor-4] INFO  client.GrpcClientProtocolClient (GrpcClientProtocolClient.java:onNext(264)) - client-964B0EA39D34->4234af2c-5377-4886-a4e8-6fe45d0af45e: receive RaftClientReply:client-964B0EA39D34->4234af2c-5377-4886-a4e8-6fe45d0af45e@group-A1165329A1F1, cid=3688, SUCCESS, logIndex=5571, commits[4234af2c-5377-4886-a4e8-6fe45d0af45e:c5571, cef72988-acf5-49ad-9ec7-695a80e7a66d:c5569, d677508c-6db9-4741-b51c-49af5e4cf22f:c5569]
2019-09-08 07:08:17,713 [grpc-default-executor-4] INFO  client.GrpcClientProtocolClient (GrpcClientProtocolClient.java:onNext(264)) - client-964B0EA39D34->4234af2c-5377-4886-a4e8-6fe45d0af45e: receive RaftClientReply:client-964B0EA39D34->4234af2c-5377-4886-a4e8-6fe45d0af45e@group-A1165329A1F1, cid=3689, SUCCESS, logIndex=5572, commits[4234af2c-5377-4886-a4e8-6fe45d0af45e:c5573, cef72988-acf5-49ad-9ec7-695a80e7a66d:c5569, d677508c-6db9-4741-b51c-49af5e4cf22f:c5569]
2019-09-08 07:08:17,713 [grpc-default-executor-4] INFO  client.GrpcClientProtocolClient (GrpcClientProtocolClient.java:onNext(264)) - client-964B0EA39D34->4234af2c-5377-4886-a4e8-6fe45d0af45e: receive RaftClientReply:client-964B0EA39D34->4234af2c-5377-4886-a4e8-6fe45d0af45e@group-A1165329A1F1, cid=3690, SUCCESS, logIndex=5573, commits[4234af2c-5377-4886-a4e8-6fe45d0af45e:c5573, cef72988-acf5-49ad-9ec7-695a80e7a66d:c5569, d677508c-6db9-4741-b51c-49af5e4cf22f:c5569]
2019-09-08 07:08:17,714 [grpc-default-executor-4] INFO  client.GrpcClientProtocolClient (GrpcClientProtocolClient.java:onNext(264)) - client-964B0EA39D34->4234af2c-5377-4886-a4e8-6fe45d0af45e: receive RaftClientReply:client-964B0EA39D34->4234af2c-5377-4886-a4e8-6fe45d0af45e@group-A1165329A1F1, cid=3691, SUCCESS, logIndex=0, commits[4234af2c-5377-4886-a4e8-6fe45d0af45e:c5574, cef72988-acf5-49ad-9ec7-695a80e7a66d:c5571, d677508c-6db9-4741-b51c-49af5e4cf22f:c5571]
2019-09-08 07:08:17,733 [grpc-default-executor-0] INFO  client.GrpcClientProtocolClient (GrpcClientProtocolClient.java:onNext(264)) - client-964B0EA39D34->4234af2c-5377-4886-a4e8-6fe45d0af45e: receive RaftClientReply:client-964B0EA39D34->4234af2c-5377-4886-a4e8-6fe45d0af45e@group-A1165329A1F1, cid=3692, SUCCESS, logIndex=5578, commits[4234af2c-5377-4886-a4e8-6fe45d0af45e:c5579, cef72988-acf5-49ad-9ec7-695a80e7a66d:c5577, d677508c-6db9-4741-b51c-49af5e4cf22f:c5577]
2019-09-08 07:08:17,733 [grpc-default-executor-0] INFO  client.GrpcClientProtocolClient (GrpcClientProtocolClient.java:onNext(264)) - client-964B0EA39D34->4234af2c-5377-4886-a4e8-6fe45d0af45e: receive RaftClientReply:client-964B0EA39D34->4234af2c-5377-4886-a4e8-6fe45d0af45e@group-A1165329A1F1, cid=3693, SUCCESS, logIndex=5579, commits[4234af2c-5377-4886-a4e8-6fe45d0af45e:c5579, cef72988-acf5-49ad-9ec7-695a80e7a66d:c5577, d677508c-6db9-4741-b51c-49af5e4cf22f:c5577]
2019-09-08 07:08:17,747 [grpc-default-executor-0] INFO  client.GrpcClientProtocolClient (GrpcClientProtocolClient.java:onNext(264)) - client-964B0EA39D34->4234af2c-5377-4886-a4e8-6fe45d0af45e: receive RaftClientReply:client-964B0EA39D34->4234af2c-5377-4886-a4e8-6fe45d0af45e@group-A1165329A1F1, cid=3694, SUCCESS, logIndex=5582, commits[4234af2c-5377-4886-a4e8-6fe45d0af45e:c5582, cef72988-acf5-49ad-9ec7-695a80e7a66d:c5579, d677508c-6db9-4741-b51c-49af5e4cf22f:c5579]
2019-09-08 07:08:17,747 [grpc-default-executor-0] INFO  client.GrpcClientProtocolClient (GrpcClientProtocolClient.java:onNext(264)) - client-964B0EA39D34->4234af2c-5377-4886-a4e8-6fe45d0af45e: receive RaftClientReply:client-964B0EA39D34->4234af2c-5377-4886-a4e8-6fe45d0af45e@group-A1165329A1F1, cid=3695, SUCCESS, logIndex=5583, commits[4234af2c-5377-4886-a4e8-6fe45d0af45e:c5583, cef72988-acf5-49ad-9ec7-695a80e7a66d:c5579, d677508c-6db9-4741-b51c-49af5e4cf22f:c5579]
2019-09-08 07:08:17,760 [grpc-default-executor-0] INFO  client.GrpcClientProtocolClient (GrpcClientProtocolClient.java:onNext(264)) - client-964B0EA39D34->4234af2c-5377-4886-a4e8-6fe45d0af45e: receive RaftClientReply:client-964B0EA39D34->4234af2c-5377-4886-a4e8-6fe45d0af45e@group-A1165329A1F1, cid=3696, SUCCESS, logIndex=0, commits[4234af2c-5377-4886-a4e8-6fe45d0af45e:c5585, cef72988-acf5-49ad-9ec7-695a80e7a66d:c5583, d677508c-6db9-4741-b51c-49af5e4cf22f:c5583]
2019-09-08 07:08:17,793 [grpc-default-executor-3] INFO  client.GrpcClientProtocolClient (GrpcClientProtocolClient.java:onNext(264)) - client-964B0EA39D34->4234af2c-5377-4886-a4e8-6fe45d0af45e: receive RaftClientReply:client-964B0EA39D34->4234af2c-5377-4886-a4e8-6fe45d0af45e@group-A1165329A1F1, cid=3697, SUCCESS, logIndex=5586, commits[4234af2c-5377-4886-a4e8-6fe45d0af45e:c5588, cef72988-acf5-49ad-9ec7-695a80e7a66d:c5585, d677508c-6db9-4741-b51c-49af5e4cf22f:c5585]
2019-09-08 07:08:17,794 [grpc-default-executor-3] INFO  client.GrpcClientProtocolClient (GrpcClientProtocolClient.java:onNext(264)) - client-964B0EA39D34->4234af2c-5377-4886-a4e8-6fe45d0af45e: receive RaftClientReply:client-964B0EA39D34->4234af2c-5377-4886-a4e8-6fe45d0af45e@group-A1165329A1F1, cid=3698, SUCCESS, logIndex=5587, commits[4234af2c-5377-4886-a4e8-6fe45d0af45e:c5589, cef72988-acf5-49ad-9ec7-695a80e7a66d:c5585, d677508c-6db9-4741-b51c-49af5e4cf22f:c5585]
2019-09-08 07:08:17,794 [grpc-default-executor-3] INFO  client.GrpcClientProtocolClient (GrpcClientProtocolClient.java:onNext(264)) - client-964B0EA39D34->4234af2c-5377-4886-a4e8-6fe45d0af45e: receive RaftClientReply:client-964B0EA39D34->4234af2c-5377-4886-a4e8-6fe45d0af45e@group-A1165329A1F1, cid=3699, SUCCESS, logIndex=5588, commits[4234af2c-5377-4886-a4e8-6fe45d0af45e:c5589, cef72988-acf5-49ad-9ec7-695a80e7a66d:c5585, d677508c-6db9-4741-b51c-49af5e4cf22f:c5585]
2019-09-08 07:08:17,794 [grpc-default-executor-3] INFO  client.GrpcClientProtocolClient (GrpcClientProtocolClient.java:onNext(264)) - client-964B0EA39D34->4234af2c-5377-4886-a4e8-6fe45d0af45e: receive RaftClientReply:client-964B0EA39D34->4234af2c-5377-4886-a4e8-6fe45d0af45e@group-A1165329A1F1, cid=3700, SUCCESS, logIndex=5589, commits[4234af2c-5377-4886-a4e8-6fe45d0af45e:c5589, cef72988-acf5-49ad-9ec7-695a80e7a66d:c5585, d677508c-6db9-4741-b51c-49af5e4cf22f:c5585]
2019-09-08 07:08:17,805 [grpc-default-executor-3] INFO  client.GrpcClientProtocolClient (GrpcClientProtocolClient.java:onNext(264)) - client-964B0EA39D34->4234af2c-5377-4886-a4e8-6fe45d0af45e: receive RaftClientReply:client-964B0EA39D34->4234af2c-5377-4886-a4e8-6fe45d0af45e@group-A1165329A1F1, cid=3701, SUCCESS, logIndex=0, commits[4234af2c-5377-4886-a4e8-6fe45d0af45e:c5592, cef72988-acf5-49ad-9ec7-695a80e7a66d:c5588, d677508c-6db9-4741-b51c-49af5e4cf22f:c5587]
2019-09-08 07:08:17,825 [grpc-default-executor-3] INFO  client.GrpcClientProtocolClient (GrpcClientProtocolClient.java:onNext(264)) - client-964B0EA39D34->4234af2c-5377-4886-a4e8-6fe45d0af45e: receive RaftClientReply:client-964B0EA39D34->4234af2c-5377-4886-a4e8-6fe45d0af45e@group-A1165329A1F1, cid=3702, SUCCESS, logIndex=5594, commits[4234af2c-5377-4886-a4e8-6fe45d0af45e:c5594, cef72988-acf5-49ad-9ec7-695a80e7a66d:c5593, d677508c-6db9-4741-b51c-49af5e4cf22f:c5593]
2019-09-08 07:08:17,825 [grpc-default-executor-3] INFO  client.GrpcClientProtocolClient (GrpcClientProtocolClient.java:onNext(264)) - client-964B0EA39D34->4234af2c-5377-4886-a4e8-6fe45d0af45e: receive RaftClientReply:client-964B0EA39D34->4234af2c-5377-4886-a4e8-6fe45d0af45e@group-A1165329A1F1, cid=3703, SUCCESS, logIndex=5595, commits[4234af2c-5377-4886-a4e8-6fe45d0af45e:c5595, cef72988-acf5-49ad-9ec7-695a80e7a66d:c5593, d677508c-6db9-4741-b51c-49af5e4cf22f:c5593]
2019-09-08 07:08:17,838 [grpc-default-executor-6] INFO  client.GrpcClientProtocolClient (GrpcClientProtocolClient.java:onNext(264)) - client-964B0EA39D34->4234af2c-5377-4886-a4e8-6fe45d0af45e: receive RaftClientReply:client-964B0EA39D34->4234af2c-5377-4886-a4e8-6fe45d0af45e@group-A1165329A1F1, cid=3704, SUCCESS, logIndex=5598, commits[4234af2c-5377-4886-a4e8-6fe45d0af45e:c5598, cef72988-acf5-49ad-9ec7-695a80e7a66d:c5595, d677508c-6db9-4741-b51c-49af5e4cf22f:c5595]
2019-09-08 07:08:17,839 [grpc-default-executor-6] INFO  client.GrpcClientProtocolClient (GrpcClientProtocolClient.java:onNext(264)) - client-964B0EA39D34->4234af2c-5377-4886-a4e8-6fe45d0af45e: receive RaftClientReply:client-964B0EA39D34->4234af2c-5377-4886-a4e8-6fe45d0af45e@group-A1165329A1F1, cid=3705, SUCCESS, logIndex=5599, commits[4234af2c-5377-4886-a4e8-6fe45d0af45e:c5599, cef72988-acf5-49ad-9ec7-695a80e7a66d:c5595, d677508c-6db9-4741-b51c-49af5e4cf22f:c5595]
2019-09-08 07:08:17,851 [grpc-default-executor-6] INFO  client.GrpcClientProtocolClient (GrpcClientProtocolClient.java:onNext(264)) - client-964B0EA39D34->4234af2c-5377-4886-a4e8-6fe45d0af45e: receive RaftClientReply:client-964B0EA39D34->4234af2c-5377-4886-a4e8-6fe45d0af45e@group-A1165329A1F1, cid=3706, SUCCESS, logIndex=0, commits[4234af2c-5377-4886-a4e8-6fe45d0af45e:c5601, cef72988-acf5-49ad-9ec7-695a80e7a66d:c5599, d677508c-6db9-4741-b51c-49af5e4cf22f:c5599]
2019-09-08 07:08:17,885 [grpc-default-executor-0] INFO  client.GrpcClientProtocolClient (GrpcClientProtocolClient.java:onNext(264)) - client-964B0EA39D34->4234af2c-5377-4886-a4e8-6fe45d0af45e: receive RaftClientReply:client-964B0EA39D34->4234af2c-5377-4886-a4e8-6fe45d0af45e@group-A1165329A1F1, cid=3707, SUCCESS, logIndex=5602, commits[4234af2c-5377-4886-a4e8-6fe45d0af45e:c5605, cef72988-acf5-49ad-9ec7-695a80e7a66d:c5601, d677508c-6db9-4741-b51c-49af5e4cf22f:c5601]
2019-09-08 07:08:17,885 [grpc-default-executor-0] INFO  client.GrpcClientProtocolClient (GrpcClientProtocolClient.java:onNext(264)) - client-964B0EA39D34->4234af2c-5377-4886-a4e8-6fe45d0af45e: receive RaftClientReply:client-964B0EA39D34->4234af2c-5377-4886-a4e8-6fe45d0af45e@group-A1165329A1F1, cid=3708, SUCCESS, logIndex=5603, commits[4234af2c-5377-4886-a4e8-6fe45d0af45e:c5605, cef72988-acf5-49ad-9ec7-695a80e7a66d:c5601, d677508c-6db9-4741-b51c-49af5e4cf22f:c5601]
2019-09-08 07:08:17,885 [grpc-default-executor-0] INFO  client.GrpcClientProtocolClient (GrpcClientProtocolClient.java:onNext(264)) - client-964B0EA39D34->4234af2c-5377-4886-a4e8-6fe45d0af45e: receive RaftClientReply:client-964B0EA39D34->4234af2c-5377-4886-a4e8-6fe45d0af45e@group-A1165329A1F1, cid=3709, SUCCESS, logIndex=5604, commits[4234af2c-5377-4886-a4e8-6fe45d0af45e:c5605, cef72988-acf5-49ad-9ec7-695a80e7a66d:c5601, d677508c-6db9-4741-b51c-49af5e4cf22f:c5601]
2019-09-08 07:08:17,886 [grpc-default-executor-0] INFO  client.GrpcClientProtocolClient (GrpcClientProtocolClient.java:onNext(264)) - client-964B0EA39D34->4234af2c-5377-4886-a4e8-6fe45d0af45e: receive RaftClientReply:client-964B0EA39D34->4234af2c-5377-4886-a4e8-6fe45d0af45e@group-A1165329A1F1, cid=3710, SUCCESS, logIndex=5605, commits[4234af2c-5377-4886-a4e8-6fe45d0af45e:c5605, cef72988-acf5-49ad-9ec7-695a80e7a66d:c5601, d677508c-6db9-4741-b51c-49af5e4cf22f:c5601]
2019-09-08 07:08:17,886 [grpc-default-executor-0] INFO  client.GrpcClientProtocolClient (GrpcClientProtocolClient.java:onNext(264)) - client-964B0EA39D34->4234af2c-5377-4886-a4e8-6fe45d0af45e: receive RaftClientReply:client-964B0EA39D34->4234af2c-5377-4886-a4e8-6fe45d0af45e@group-A1165329A1F1, cid=3711, SUCCESS, logIndex=0, commits[4234af2c-5377-4886-a4e8-6fe45d0af45e:c5606, cef72988-acf5-49ad-9ec7-695a80e7a66d:c5604, d677508c-6db9-4741-b51c-49af5e4cf22f:c5604]
2019-09-08 07:08:17,912 [grpc-default-executor-6] INFO  client.GrpcClientProtocolClient (GrpcClientProtocolClient.java:onNext(264)) - client-964B0EA39D34->4234af2c-5377-4886-a4e8-6fe45d0af45e: receive RaftClientReply:client-964B0EA39D34->4234af2c-5377-4886-a4e8-6fe45d0af45e@group-A1165329A1F1, cid=3712, SUCCESS, logIndex=5609, commits[4234af2c-5377-4886-a4e8-6fe45d0af45e:c5610, cef72988-acf5-49ad-9ec7-695a80e7a66d:c5608, d677508c-6db9-4741-b51c-49af5e4cf22f:c5608]
2019-09-08 07:08:17,913 [grpc-default-executor-6] INFO  client.GrpcClientProtocolClient (GrpcClientProtocolClient.java:onNext(264)) - client-964B0EA39D34->4234af2c-5377-4886-a4e8-6fe45d0af45e: receive RaftClientReply:client-964B0EA39D34->4234af2c-5377-4886-a4e8-6fe45d0af45e@group-A1165329A1F1, cid=3713, SUCCESS, logIndex=5610, commits[4234af2c-5377-4886-a4e8-6fe45d0af45e:c5610, cef72988-acf5-49ad-9ec7-695a80e7a66d:c5608, d677508c-6db9-4741-b51c-49af5e4cf22f:c5608]
2019-09-08 07:08:17,924 [grpc-default-executor-6] INFO  client.GrpcClientProtocolClient (GrpcClientProtocolClient.java:onNext(264)) - client-964B0EA39D34->4234af2c-5377-4886-a4e8-6fe45d0af45e: receive RaftClientReply:client-964B0EA39D34->4234af2c-5377-4886-a4e8-6fe45d0af45e@group-A1165329A1F1, cid=3714, SUCCESS, logIndex=5612, commits[4234af2c-5377-4886-a4e8-6fe45d0af45e:c5613, cef72988-acf5-49ad-9ec7-695a80e7a66d:c5610, d677508c-6db9-4741-b51c-49af5e4cf22f:c5610]
2019-09-08 07:08:17,924 [grpc-default-executor-6] INFO  client.GrpcClientProtocolClient (GrpcClientProtocolClient.java:onNext(264)) - client-964B0EA39D34->4234af2c-5377-4886-a4e8-6fe45d0af45e: receive RaftClientReply:client-964B0EA39D34->4234af2c-5377-4886-a4e8-6fe45d0af45e@group-A1165329A1F1, cid=3715, SUCCESS, logIndex=5613, commits[4234af2c-5377-4886-a4e8-6fe45d0af45e:c5613, cef72988-acf5-49ad-9ec7-695a80e7a66d:c5610, d677508c-6db9-4741-b51c-49af5e4cf22f:c5610]
2019-09-08 07:08:17,927 [grpc-default-executor-6] INFO  client.GrpcClientProtocolClient (GrpcClientProtocolClient.java:onNext(264)) - client-964B0EA39D34->4234af2c-5377-4886-a4e8-6fe45d0af45e: receive RaftClientReply:client-964B0EA39D34->4234af2c-5377-4886-a4e8-6fe45d0af45e@group-A1165329A1F1, cid=3716, SUCCESS, logIndex=0, commits[4234af2c-5377-4886-a4e8-6fe45d0af45e:c5614, cef72988-acf5-49ad-9ec7-695a80e7a66d:c5613, d677508c-6db9-4741-b51c-49af5e4cf22f:c5613]
2019-09-08 07:08:17,956 [grpc-default-executor-0] INFO  client.GrpcClientProtocolClient (GrpcClientProtocolClient.java:onNext(264)) - client-964B0EA39D34->4234af2c-5377-4886-a4e8-6fe45d0af45e: receive RaftClientReply:client-964B0EA39D34->4234af2c-5377-4886-a4e8-6fe45d0af45e@group-A1165329A1F1, cid=3717, SUCCESS, logIndex=5615, commits[4234af2c-5377-4886-a4e8-6fe45d0af45e:c5616, cef72988-acf5-49ad-9ec7-695a80e7a66d:c5614, d677508c-6db9-4741-b51c-49af5e4cf22f:c5613]
2019-09-08 07:08:17,956 [grpc-default-executor-0] INFO  client.GrpcClientProtocolClient (GrpcClientProtocolClient.java:onNext(264)) - client-964B0EA39D34->4234af2c-5377-4886-a4e8-6fe45d0af45e: receive RaftClientReply:client-964B0EA39D34->4234af2c-5377-4886-a4e8-6fe45d0af45e@group-A1165329A1F1, cid=3718, SUCCESS, logIndex=5616, commits[4234af2c-5377-4886-a4e8-6fe45d0af45e:c5617, cef72988-acf5-49ad-9ec7-695a80e7a66d:c5614, d677508c-6db9-4741-b51c-49af5e4cf22f:c5614]
2019-09-08 07:08:17,957 [grpc-default-executor-0] INFO  client.GrpcClientProtocolClient (GrpcClientProtocolClient.java:onNext(264)) - client-964B0EA39D34->4234af2c-5377-4886-a4e8-6fe45d0af45e: receive RaftClientReply:client-964B0EA39D34->4234af2c-5377-4886-a4e8-6fe45d0af45e@group-A1165329A1F1, cid=3719, SUCCESS, logIndex=5617, commits[4234af2c-5377-4886-a4e8-6fe45d0af45e:c5618, cef72988-acf5-49ad-9ec7-695a80e7a66d:c5614, d677508c-6db9-4741-b51c-49af5e4cf22f:c5614]
2019-09-08 07:08:17,957 [grpc-default-executor-0] INFO  client.GrpcClientProtocolClient (GrpcClientProtocolClient.java:onNext(264)) - client-964B0EA39D34->4234af2c-5377-4886-a4e8-6fe45d0af45e: receive RaftClientReply:client-964B0EA39D34->4234af2c-5377-4886-a4e8-6fe45d0af45e@group-A1165329A1F1, cid=3720, SUCCESS, logIndex=5618, commits[4234af2c-5377-4886-a4e8-6fe45d0af45e:c5618, cef72988-acf5-49ad-9ec7-695a80e7a66d:c5614, d677508c-6db9-4741-b51c-49af5e4cf22f:c5614]
2019-09-08 07:08:17,958 [grpc-default-executor-0] INFO  client.GrpcClientProtocolClient (GrpcClientProtocolClient.java:onNext(264)) - client-964B0EA39D34->4234af2c-5377-4886-a4e8-6fe45d0af45e: receive RaftClientReply:client-964B0EA39D34->4234af2c-5377-4886-a4e8-6fe45d0af45e@group-A1165329A1F1, cid=3721, SUCCESS, logIndex=0, commits[4234af2c-5377-4886-a4e8-6fe45d0af45e:c5619, cef72988-acf5-49ad-9ec7-695a80e7a66d:c5616, d677508c-6db9-4741-b51c-49af5e4cf22f:c5616]
2019-09-08 07:08:17,981 [grpc-default-executor-0] INFO  client.GrpcClientProtocolClient (GrpcClientProtocolClient.java:onNext(264)) - client-964B0EA39D34->4234af2c-5377-4886-a4e8-6fe45d0af45e: receive RaftClientReply:client-964B0EA39D34->4234af2c-5377-4886-a4e8-6fe45d0af45e@group-A1165329A1F1, cid=3722, SUCCESS, logIndex=5622, commits[4234af2c-5377-4886-a4e8-6fe45d0af45e:c5623, cef72988-acf5-49ad-9ec7-695a80e7a66d:c5621, d677508c-6db9-4741-b51c-49af5e4cf22f:c5621]
2019-09-08 07:08:17,981 [grpc-default-executor-0] INFO  client.GrpcClientProtocolClient (GrpcClientProtocolClient.java:onNext(264)) - client-964B0EA39D34->4234af2c-5377-4886-a4e8-6fe45d0af45e: receive RaftClientReply:client-964B0EA39D34->4234af2c-5377-4886-a4e8-6fe45d0af45e@group-A1165329A1F1, cid=3723, SUCCESS, logIndex=5623, commits[4234af2c-5377-4886-a4e8-6fe45d0af45e:c5623, cef72988-acf5-49ad-9ec7-695a80e7a66d:c5621, d677508c-6db9-4741-b51c-49af5e4cf22f:c5621]
2019-09-08 07:08:17,993 [grpc-default-executor-4] INFO  client.GrpcClientProtocolClient (GrpcClientProtocolClient.java:onNext(264)) - client-964B0EA39D34->4234af2c-5377-4886-a4e8-6fe45d0af45e: receive RaftClientReply:client-964B0EA39D34->4234af2c-5377-4886-a4e8-6fe45d0af45e@group-A1165329A1F1, cid=3724, SUCCESS, logIndex=5625, commits[4234af2c-5377-4886-a4e8-6fe45d0af45e:c5626, cef72988-acf5-49ad-9ec7-695a80e7a66d:c5623, d677508c-6db9-4741-b51c-49af5e4cf22f:c5623]
2019-09-08 07:08:17,993 [grpc-default-executor-4] INFO  client.GrpcClientProtocolClient (GrpcClientProtocolClient.java:onNext(264)) - client-964B0EA39D34->4234af2c-5377-4886-a4e8-6fe45d0af45e: receive RaftClientReply:client-964B0EA39D34->4234af2c-5377-4886-a4e8-6fe45d0af45e@group-A1165329A1F1, cid=3725, SUCCESS, logIndex=5626, commits[4234af2c-5377-4886-a4e8-6fe45d0af45e:c5626, cef72988-acf5-49ad-9ec7-695a80e7a66d:c5623, d677508c-6db9-4741-b51c-49af5e4cf22f:c5623]
2019-09-08 07:08:18,004 [grpc-default-executor-4] INFO  client.GrpcClientProtocolClient (GrpcClientProtocolClient.java:onNext(264)) - client-964B0EA39D34->4234af2c-5377-4886-a4e8-6fe45d0af45e: receive RaftClientReply:client-964B0EA39D34->4234af2c-5377-4886-a4e8-6fe45d0af45e@group-A1165329A1F1, cid=3726, SUCCESS, logIndex=0, commits[4234af2c-5377-4886-a4e8-6fe45d0af45e:c5627, cef72988-acf5-49ad-9ec7-695a80e7a66d:c5626, d677508c-6db9-4741-b51c-49af5e4cf22f:c5626]
2019-09-08 07:08:18,035 [grpc-default-executor-6] INFO  client.GrpcClientProtocolClient (GrpcClientProtocolClient.java:onNext(264)) - client-964B0EA39D34->4234af2c-5377-4886-a4e8-6fe45d0af45e: receive RaftClientReply:client-964B0EA39D34->4234af2c-5377-4886-a4e8-6fe45d0af45e@group-A1165329A1F1, cid=3727, SUCCESS, logIndex=5628, commits[4234af2c-5377-4886-a4e8-6fe45d0af45e:c5629, cef72988-acf5-49ad-9ec7-695a80e7a66d:c5627, d677508c-6db9-4741-b51c-49af5e4cf22f:c5627]
2019-09-08 07:08:18,035 [grpc-default-executor-6] INFO  client.GrpcClientProtocolClient (GrpcClientProtocolClient.java:onNext(264)) - client-964B0EA39D34->4234af2c-5377-4886-a4e8-6fe45d0af45e: receive RaftClientReply:client-964B0EA39D34->4234af2c-5377-4886-a4e8-6fe45d0af45e@group-A1165329A1F1, cid=3728, SUCCESS, logIndex=5629, commits[4234af2c-5377-4886-a4e8-6fe45d0af45e:c5631, cef72988-acf5-49ad-9ec7-695a80e7a66d:c5627, d677508c-6db9-4741-b51c-49af5e4cf22f:c5627]
2019-09-08 07:08:18,035 [grpc-default-executor-6] INFO  client.GrpcClientProtocolClient (GrpcClientProtocolClient.java:onNext(264)) - client-964B0EA39D34->4234af2c-5377-4886-a4e8-6fe45d0af45e: receive RaftClientReply:client-964B0EA39D34->4234af2c-5377-4886-a4e8-6fe45d0af45e@group-A1165329A1F1, cid=3729, SUCCESS, logIndex=5630, commits[4234af2c-5377-4886-a4e8-6fe45d0af45e:c5631, cef72988-acf5-49ad-9ec7-695a80e7a66d:c5627, d677508c-6db9-4741-b51c-49af5e4cf22f:c5627]
2019-09-08 07:08:18,035 [grpc-default-executor-6] INFO  client.GrpcClientProtocolClient (GrpcClientProtocolClient.java:onNext(264)) - client-964B0EA39D34->4234af2c-5377-4886-a4e8-6fe45d0af45e: receive RaftClientReply:client-964B0EA39D34->4234af2c-5377-4886-a4e8-6fe45d0af45e@group-A1165329A1F1, cid=3730, SUCCESS, logIndex=5631, commits[4234af2c-5377-4886-a4e8-6fe45d0af45e:c5631, cef72988-acf5-49ad-9ec7-695a80e7a66d:c5627, d677508c-6db9-4741-b51c-49af5e4cf22f:c5627]
2019-09-08 07:08:18,047 [grpc-default-executor-6] INFO  client.GrpcClientProtocolClient (GrpcClientProtocolClient.java:onNext(264)) - client-964B0EA39D34->4234af2c-5377-4886-a4e8-6fe45d0af45e: receive RaftClientReply:client-964B0EA39D34->4234af2c-5377-4886-a4e8-6fe45d0af45e@group-A1165329A1F1, cid=3731, SUCCESS, logIndex=0, commits[4234af2c-5377-4886-a4e8-6fe45d0af45e:c5635, cef72988-acf5-49ad-9ec7-695a80e7a66d:c5629, d677508c-6db9-4741-b51c-49af5e4cf22f:c5631]
2019-09-08 07:08:18,057 [grpc-default-executor-6] INFO  client.GrpcClientProtocolClient (GrpcClientProtocolClient.java:onNext(264)) - client-964B0EA39D34->4234af2c-5377-4886-a4e8-6fe45d0af45e: receive RaftClientReply:client-964B0EA39D34->4234af2c-5377-4886-a4e8-6fe45d0af45e@group-A1165329A1F1, cid=3732, SUCCESS, logIndex=5636, commits[4234af2c-5377-4886-a4e8-6fe45d0af45e:c5637, cef72988-acf5-49ad-9ec7-695a80e7a66d:c5635, d677508c-6db9-4741-b51c-49af5e4cf22f:c5635]
2019-09-08 07:08:18,057 [grpc-default-executor-6] INFO  client.GrpcClientProtocolClient (GrpcClientProtocolClient.java:onNext(264)) - client-964B0EA39D34->4234af2c-5377-4886-a4e8-6fe45d0af45e: receive RaftClientReply:client-964B0EA39D34->4234af2c-5377-4886-a4e8-6fe45d0af45e@group-A1165329A1F1, cid=3733, SUCCESS, logIndex=5637, commits[4234af2c-5377-4886-a4e8-6fe45d0af45e:c5637, cef72988-acf5-49ad-9ec7-695a80e7a66d:c5635, d677508c-6db9-4741-b51c-49af5e4cf22f:c5635]
2019-09-08 07:08:18,067 [grpc-default-executor-6] INFO  client.GrpcClientProtocolClient (GrpcClientProtocolClient.java:onNext(264)) - client-964B0EA39D34->4234af2c-5377-4886-a4e8-6fe45d0af45e: receive RaftClientReply:client-964B0EA39D34->4234af2c-5377-4886-a4e8-6fe45d0af45e@group-A1165329A1F1, cid=3734, SUCCESS, logIndex=5640, commits[4234af2c-5377-4886-a4e8-6fe45d0af45e:c5641, cef72988-acf5-49ad-9ec7-695a80e7a66d:c5637, d677508c-6db9-4741-b51c-49af5e4cf22f:c5639]
2019-09-08 07:08:18,067 [grpc-default-executor-6] INFO  client.GrpcClientProtocolClient (GrpcClientProtocolClient.java:onNext(264)) - client-964B0EA39D34->4234af2c-5377-4886-a4e8-6fe45d0af45e: receive RaftClientReply:client-964B0EA39D34->4234af2c-5377-4886-a4e8-6fe45d0af45e@group-A1165329A1F1, cid=3735, SUCCESS, logIndex=5641, commits[4234af2c-5377-4886-a4e8-6fe45d0af45e:c5641, cef72988-acf5-49ad-9ec7-695a80e7a66d:c5639, d677508c-6db9-4741-b51c-49af5e4cf22f:c5639]
2019-09-08 07:08:18,068 [grpc-default-executor-6] INFO  client.GrpcClientProtocolClient (GrpcClientProtocolClient.java:onNext(264)) - client-964B0EA39D34->4234af2c-5377-4886-a4e8-6fe45d0af45e: receive RaftClientReply:client-964B0EA39D34->4234af2c-5377-4886-a4e8-6fe45d0af45e@group-A1165329A1F1, cid=3736, SUCCESS, logIndex=0, commits[4234af2c-5377-4886-a4e8-6fe45d0af45e:c5642, cef72988-acf5-49ad-9ec7-695a80e7a66d:c5641, d677508c-6db9-4741-b51c-49af5e4cf22f:c5641]
2019-09-08 07:08:18,089 [grpc-default-executor-6] INFO  client.GrpcClientProtocolClient (GrpcClientProtocolClient.java:onNext(264)) - client-964B0EA39D34->4234af2c-5377-4886-a4e8-6fe45d0af45e: receive RaftClientReply:client-964B0EA39D34->4234af2c-5377-4886-a4e8-6fe45d0af45e@group-A1165329A1F1, cid=3737, SUCCESS, logIndex=5644, commits[4234af2c-5377-4886-a4e8-6fe45d0af45e:c5645, cef72988-acf5-49ad-9ec7-695a80e7a66d:c5643, d677508c-6db9-4741-b51c-49af5e4cf22f:c5641]
2019-09-08 07:08:18,089 [grpc-default-executor-6] INFO  client.GrpcClientProtocolClient (GrpcClientProtocolClient.java:onNext(264)) - client-964B0EA39D34->4234af2c-5377-4886-a4e8-6fe45d0af45e: receive RaftClientReply:client-964B0EA39D34->4234af2c-5377-4886-a4e8-6fe45d0af45e@group-A1165329A1F1, cid=3738, SUCCESS, logIndex=5645, commits[4234af2c-5377-4886-a4e8-6fe45d0af45e:c5645, cef72988-acf5-49ad-9ec7-695a80e7a66d:c5643, d677508c-6db9-4741-b51c-49af5e4cf22f:c5643]
2019-09-08 07:08:18,093 [grpc-default-executor-4] INFO  client.GrpcClientProtocolClient (GrpcClientProtocolClient.java:onNext(264)) - client-964B0EA39D34->4234af2c-5377-4886-a4e8-6fe45d0af45e: receive RaftClientReply:client-964B0EA39D34->4234af2c-5377-4886-a4e8-6fe45d0af45e@group-A1165329A1F1, cid=3739, SUCCESS, logIndex=5646, commits[4234af2c-5377-4886-a4e8-6fe45d0af45e:c5647, cef72988-acf5-49ad-9ec7-695a80e7a66d:c5643, d677508c-6db9-4741-b51c-49af5e4cf22f:c5643]
2019-09-08 07:08:18,095 [grpc-default-executor-4] INFO  client.GrpcClientProtocolClient (GrpcClientProtocolClient.java:onNext(264)) - client-964B0EA39D34->4234af2c-5377-4886-a4e8-6fe45d0af45e: receive RaftClientReply:client-964B0EA39D34->4234af2c-5377-4886-a4e8-6fe45d0af45e@group-A1165329A1F1, cid=3740, SUCCESS, logIndex=5647, commits[4234af2c-5377-4886-a4e8-6fe45d0af45e:c5647, cef72988-acf5-49ad-9ec7-695a80e7a66d:c5643, d677508c-6db9-4741-b51c-49af5e4cf22f:c5643]
2019-09-08 07:08:18,095 [grpc-default-executor-4] INFO  client.GrpcClientProtocolClient (GrpcClientProtocolClient.java:onNext(264)) - client-964B0EA39D34->4234af2c-5377-4886-a4e8-6fe45d0af45e: receive RaftClientReply:client-964B0EA39D34->4234af2c-5377-4886-a4e8-6fe45d0af45e@group-A1165329A1F1, cid=3741, SUCCESS, logIndex=0, commits[4234af2c-5377-4886-a4e8-6fe45d0af45e:c5651, cef72988-acf5-49ad-9ec7-695a80e7a66d:c5647, d677508c-6db9-4741-b51c-49af5e4cf22f:c5647]
 0.00% |█                                                                                                    |  0/1 Time: 0:00:582019-09-08 07:08:18,128 [grpc-default-executor-6] INFO  client.GrpcClientProtocolClient (GrpcClientProtocolClient.java:onNext(264)) - client-964B0EA39D34->4234af2c-5377-4886-a4e8-6fe45d0af45e: receive RaftClientReply:client-964B0EA39D34->4234af2c-5377-4886-a4e8-6fe45d0af45e@group-A1165329A1F1, cid=3742, SUCCESS, logIndex=5652, commits[4234af2c-5377-4886-a4e8-6fe45d0af45e:c5653, cef72988-acf5-49ad-9ec7-695a80e7a66d:c5651, d677508c-6db9-4741-b51c-49af5e4cf22f:c5651]
2019-09-08 07:08:18,128 [grpc-default-executor-6] INFO  client.GrpcClientProtocolClient (GrpcClientProtocolClient.java:onNext(264)) - client-964B0EA39D34->4234af2c-5377-4886-a4e8-6fe45d0af45e: receive RaftClientReply:client-964B0EA39D34->4234af2c-5377-4886-a4e8-6fe45d0af45e@group-A1165329A1F1, cid=3743, SUCCESS, logIndex=5653, commits[4234af2c-5377-4886-a4e8-6fe45d0af45e:c5653, cef72988-acf5-49ad-9ec7-695a80e7a66d:c5651, d677508c-6db9-4741-b51c-49af5e4cf22f:c5651]
2019-09-08 07:08:18,141 [grpc-default-executor-6] INFO  client.GrpcClientProtocolClient (GrpcClientProtocolClient.java:onNext(264)) - client-964B0EA39D34->4234af2c-5377-4886-a4e8-6fe45d0af45e: receive RaftClientReply:client-964B0EA39D34->4234af2c-5377-4886-a4e8-6fe45d0af45e@group-A1165329A1F1, cid=3744, SUCCESS, logIndex=5656, commits[4234af2c-5377-4886-a4e8-6fe45d0af45e:c5657, cef72988-acf5-49ad-9ec7-695a80e7a66d:c5653, d677508c-6db9-4741-b51c-49af5e4cf22f:c5653]
2019-09-08 07:08:18,141 [grpc-default-executor-6] INFO  client.GrpcClientProtocolClient (GrpcClientProtocolClient.java:onNext(264)) - client-964B0EA39D34->4234af2c-5377-4886-a4e8-6fe45d0af45e: receive RaftClientReply:client-964B0EA39D34->4234af2c-5377-4886-a4e8-6fe45d0af45e@group-A1165329A1F1, cid=3745, SUCCESS, logIndex=5657, commits[4234af2c-5377-4886-a4e8-6fe45d0af45e:c5657, cef72988-acf5-49ad-9ec7-695a80e7a66d:c5653, d677508c-6db9-4741-b51c-49af5e4cf22f:c5653]
2019-09-08 07:08:18,144 [grpc-default-executor-6] INFO  client.GrpcClientProtocolClient (GrpcClientProtocolClient.java:onNext(264)) - client-964B0EA39D34->4234af2c-5377-4886-a4e8-6fe45d0af45e: receive RaftClientReply:client-964B0EA39D34->4234af2c-5377-4886-a4e8-6fe45d0af45e@group-A1165329A1F1, cid=3746, SUCCESS, logIndex=0, commits[4234af2c-5377-4886-a4e8-6fe45d0af45e:c5658, cef72988-acf5-49ad-9ec7-695a80e7a66d:c5657, d677508c-6db9-4741-b51c-49af5e4cf22f:c5657]
2019-09-08 07:08:18,182 [grpc-default-executor-3] INFO  client.GrpcClientProtocolClient (GrpcClientProtocolClient.java:onNext(264)) - client-964B0EA39D34->4234af2c-5377-4886-a4e8-6fe45d0af45e: receive RaftClientReply:client-964B0EA39D34->4234af2c-5377-4886-a4e8-6fe45d0af45e@group-A1165329A1F1, cid=3747, SUCCESS, logIndex=5660, commits[4234af2c-5377-4886-a4e8-6fe45d0af45e:c5662, cef72988-acf5-49ad-9ec7-695a80e7a66d:c5659, d677508c-6db9-4741-b51c-49af5e4cf22f:c5659]
2019-09-08 07:08:18,183 [grpc-default-executor-3] INFO  client.GrpcClientProtocolClient (GrpcClientProtocolClient.java:onNext(264)) - client-964B0EA39D34->4234af2c-5377-4886-a4e8-6fe45d0af45e: receive RaftClientReply:client-964B0EA39D34->4234af2c-5377-4886-a4e8-6fe45d0af45e@group-A1165329A1F1, cid=3748, SUCCESS, logIndex=5661, commits[4234af2c-5377-4886-a4e8-6fe45d0af45e:c5663, cef72988-acf5-49ad-9ec7-695a80e7a66d:c5659, d677508c-6db9-4741-b51c-49af5e4cf22f:c5659]
2019-09-08 07:08:18,183 [grpc-default-executor-3] INFO  client.GrpcClientProtocolClient (GrpcClientProtocolClient.java:onNext(264)) - client-964B0EA39D34->4234af2c-5377-4886-a4e8-6fe45d0af45e: receive RaftClientReply:client-964B0EA39D34->4234af2c-5377-4886-a4e8-6fe45d0af45e@group-A1165329A1F1, cid=3749, SUCCESS, logIndex=5662, commits[4234af2c-5377-4886-a4e8-6fe45d0af45e:c5663, cef72988-acf5-49ad-9ec7-695a80e7a66d:c5659, d677508c-6db9-4741-b51c-49af5e4cf22f:c5659]
2019-09-08 07:08:18,183 [grpc-default-executor-3] INFO  client.GrpcClientProtocolClient (GrpcClientProtocolClient.java:onNext(264)) - client-964B0EA39D34->4234af2c-5377-4886-a4e8-6fe45d0af45e: receive RaftClientReply:client-964B0EA39D34->4234af2c-5377-4886-a4e8-6fe45d0af45e@group-A1165329A1F1, cid=3750, SUCCESS, logIndex=5663, commits[4234af2c-5377-4886-a4e8-6fe45d0af45e:c5663, cef72988-acf5-49ad-9ec7-695a80e7a66d:c5659, d677508c-6db9-4741-b51c-49af5e4cf22f:c5659]
2019-09-08 07:08:18,185 [grpc-default-executor-3] INFO  client.GrpcClientProtocolClient (GrpcClientProtocolClient.java:onNext(264)) - client-964B0EA39D34->4234af2c-5377-4886-a4e8-6fe45d0af45e: receive RaftClientReply:client-964B0EA39D34->4234af2c-5377-4886-a4e8-6fe45d0af45e@group-A1165329A1F1, cid=3751, SUCCESS, logIndex=0, commits[4234af2c-5377-4886-a4e8-6fe45d0af45e:c5667, cef72988-acf5-49ad-9ec7-695a80e7a66d:c5663, d677508c-6db9-4741-b51c-49af5e4cf22f:c5662]
2019-09-08 07:08:18,204 [grpc-default-executor-3] INFO  client.GrpcClientProtocolClient (GrpcClientProtocolClient.java:onNext(264)) - client-964B0EA39D34->4234af2c-5377-4886-a4e8-6fe45d0af45e: receive RaftClientReply:client-964B0EA39D34->4234af2c-5377-4886-a4e8-6fe45d0af45e@group-A1165329A1F1, cid=3752, SUCCESS, logIndex=5668, commits[4234af2c-5377-4886-a4e8-6fe45d0af45e:c5669, cef72988-acf5-49ad-9ec7-695a80e7a66d:c5667, d677508c-6db9-4741-b51c-49af5e4cf22f:c5667]
2019-09-08 07:08:18,204 [grpc-default-executor-3] INFO  client.GrpcClientProtocolClient (GrpcClientProtocolClient.java:onNext(264)) - client-964B0EA39D34->4234af2c-5377-4886-a4e8-6fe45d0af45e: receive RaftClientReply:client-964B0EA39D34->4234af2c-5377-4886-a4e8-6fe45d0af45e@group-A1165329A1F1, cid=3753, SUCCESS, logIndex=5669, commits[4234af2c-5377-4886-a4e8-6fe45d0af45e:c5669, cef72988-acf5-49ad-9ec7-695a80e7a66d:c5667, d677508c-6db9-4741-b51c-49af5e4cf22f:c5667]
2019-09-08 07:08:18,217 [grpc-default-executor-0] INFO  client.GrpcClientProtocolClient (GrpcClientProtocolClient.java:onNext(264)) - client-964B0EA39D34->4234af2c-5377-4886-a4e8-6fe45d0af45e: receive RaftClientReply:client-964B0EA39D34->4234af2c-5377-4886-a4e8-6fe45d0af45e@group-A1165329A1F1, cid=3754, SUCCESS, logIndex=5672, commits[4234af2c-5377-4886-a4e8-6fe45d0af45e:c5673, cef72988-acf5-49ad-9ec7-695a80e7a66d:c5669, d677508c-6db9-4741-b51c-49af5e4cf22f:c5669]
2019-09-08 07:08:18,217 [grpc-default-executor-0] INFO  client.GrpcClientProtocolClient (GrpcClientProtocolClient.java:onNext(264)) - client-964B0EA39D34->4234af2c-5377-4886-a4e8-6fe45d0af45e: receive RaftClientReply:client-964B0EA39D34->4234af2c-5377-4886-a4e8-6fe45d0af45e@group-A1165329A1F1, cid=3755, SUCCESS, logIndex=5673, commits[4234af2c-5377-4886-a4e8-6fe45d0af45e:c5673, cef72988-acf5-49ad-9ec7-695a80e7a66d:c5669, d677508c-6db9-4741-b51c-49af5e4cf22f:c5669]
2019-09-08 07:08:18,229 [grpc-default-executor-0] INFO  client.GrpcClientProtocolClient (GrpcClientProtocolClient.java:onNext(264)) - client-964B0EA39D34->4234af2c-5377-4886-a4e8-6fe45d0af45e: receive RaftClientReply:client-964B0EA39D34->4234af2c-5377-4886-a4e8-6fe45d0af45e@group-A1165329A1F1, cid=3756, SUCCESS, logIndex=0, commits[4234af2c-5377-4886-a4e8-6fe45d0af45e:c5674, cef72988-acf5-49ad-9ec7-695a80e7a66d:c5673, d677508c-6db9-4741-b51c-49af5e4cf22f:c5673]
2019-09-08 07:08:18,256 [grpc-default-executor-6] INFO  client.GrpcClientProtocolClient (GrpcClientProtocolClient.java:onNext(264)) - client-964B0EA39D34->4234af2c-5377-4886-a4e8-6fe45d0af45e: receive RaftClientReply:client-964B0EA39D34->4234af2c-5377-4886-a4e8-6fe45d0af45e@group-A1165329A1F1, cid=3757, SUCCESS, logIndex=5676, commits[4234af2c-5377-4886-a4e8-6fe45d0af45e:c5677, cef72988-acf5-49ad-9ec7-695a80e7a66d:c5675, d677508c-6db9-4741-b51c-49af5e4cf22f:c5675]
2019-09-08 07:08:18,257 [grpc-default-executor-6] INFO  client.GrpcClientProtocolClient (GrpcClientProtocolClient.java:onNext(264)) - client-964B0EA39D34->4234af2c-5377-4886-a4e8-6fe45d0af45e: receive RaftClientReply:client-964B0EA39D34->4234af2c-5377-4886-a4e8-6fe45d0af45e@group-A1165329A1F1, cid=3758, SUCCESS, logIndex=5677, commits[4234af2c-5377-4886-a4e8-6fe45d0af45e:c5679, cef72988-acf5-49ad-9ec7-695a80e7a66d:c5675, d677508c-6db9-4741-b51c-49af5e4cf22f:c5675]
2019-09-08 07:08:18,257 [grpc-default-executor-6] INFO  client.GrpcClientProtocolClient (GrpcClientProtocolClient.java:onNext(264)) - client-964B0EA39D34->4234af2c-5377-4886-a4e8-6fe45d0af45e: receive RaftClientReply:client-964B0EA39D34->4234af2c-5377-4886-a4e8-6fe45d0af45e@group-A1165329A1F1, cid=3759, SUCCESS, logIndex=5678, commits[4234af2c-5377-4886-a4e8-6fe45d0af45e:c5679, cef72988-acf5-49ad-9ec7-695a80e7a66d:c5675, d677508c-6db9-4741-b51c-49af5e4cf22f:c5675]
2019-09-08 07:08:18,257 [grpc-default-executor-6] INFO  client.GrpcClientProtocolClient (GrpcClientProtocolClient.java:onNext(264)) - client-964B0EA39D34->4234af2c-5377-4886-a4e8-6fe45d0af45e: receive RaftClientReply:client-964B0EA39D34->4234af2c-5377-4886-a4e8-6fe45d0af45e@group-A1165329A1F1, cid=3760, SUCCESS, logIndex=5679, commits[4234af2c-5377-4886-a4e8-6fe45d0af45e:c5679, cef72988-acf5-49ad-9ec7-695a80e7a66d:c5675, d677508c-6db9-4741-b51c-49af5e4cf22f:c5675]
2019-09-08 07:08:18,259 [grpc-default-executor-6] INFO  client.GrpcClientProtocolClient (GrpcClientProtocolClient.java:onNext(264)) - client-964B0EA39D34->4234af2c-5377-4886-a4e8-6fe45d0af45e: receive RaftClientReply:client-964B0EA39D34->4234af2c-5377-4886-a4e8-6fe45d0af45e@group-A1165329A1F1, cid=3761, SUCCESS, logIndex=0, commits[4234af2c-5377-4886-a4e8-6fe45d0af45e:c5681, cef72988-acf5-49ad-9ec7-695a80e7a66d:c5677, d677508c-6db9-4741-b51c-49af5e4cf22f:c5677]
2019-09-08 07:08:18,276 [grpc-default-executor-0] INFO  client.GrpcClientProtocolClient (GrpcClientProtocolClient.java:onNext(264)) - client-964B0EA39D34->4234af2c-5377-4886-a4e8-6fe45d0af45e: receive RaftClientReply:client-964B0EA39D34->4234af2c-5377-4886-a4e8-6fe45d0af45e@group-A1165329A1F1, cid=3762, SUCCESS, logIndex=5684, commits[4234af2c-5377-4886-a4e8-6fe45d0af45e:c5685, cef72988-acf5-49ad-9ec7-695a80e7a66d:c5683, d677508c-6db9-4741-b51c-49af5e4cf22f:c5683]
2019-09-08 07:08:18,277 [grpc-default-executor-0] INFO  client.GrpcClientProtocolClient (GrpcClientProtocolClient.java:onNext(264)) - client-964B0EA39D34->4234af2c-5377-4886-a4e8-6fe45d0af45e: receive RaftClientReply:client-964B0EA39D34->4234af2c-5377-4886-a4e8-6fe45d0af45e@group-A1165329A1F1, cid=3763, SUCCESS, logIndex=5685, commits[4234af2c-5377-4886-a4e8-6fe45d0af45e:c5685, cef72988-acf5-49ad-9ec7-695a80e7a66d:c5683, d677508c-6db9-4741-b51c-49af5e4cf22f:c5683]
2019-09-08 07:08:18,290 [grpc-default-executor-0] INFO  client.GrpcClientProtocolClient (GrpcClientProtocolClient.java:onNext(264)) - client-964B0EA39D34->4234af2c-5377-4886-a4e8-6fe45d0af45e: receive RaftClientReply:client-964B0EA39D34->4234af2c-5377-4886-a4e8-6fe45d0af45e@group-A1165329A1F1, cid=3764, SUCCESS, logIndex=5688, commits[4234af2c-5377-4886-a4e8-6fe45d0af45e:c5688, cef72988-acf5-49ad-9ec7-695a80e7a66d:c5685, d677508c-6db9-4741-b51c-49af5e4cf22f:c5685]
2019-09-08 07:08:18,290 [grpc-default-executor-0] INFO  client.GrpcClientProtocolClient (GrpcClientProtocolClient.java:onNext(264)) - client-964B0EA39D34->4234af2c-5377-4886-a4e8-6fe45d0af45e: receive RaftClientReply:client-964B0EA39D34->4234af2c-5377-4886-a4e8-6fe45d0af45e@group-A1165329A1F1, cid=3765, SUCCESS, logIndex=5689, commits[4234af2c-5377-4886-a4e8-6fe45d0af45e:c5689, cef72988-acf5-49ad-9ec7-695a80e7a66d:c5685, d677508c-6db9-4741-b51c-49af5e4cf22f:c5685]
2019-09-08 07:08:18,302 [grpc-default-executor-3] INFO  client.GrpcClientProtocolClient (GrpcClientProtocolClient.java:onNext(264)) - client-964B0EA39D34->4234af2c-5377-4886-a4e8-6fe45d0af45e: receive RaftClientReply:client-964B0EA39D34->4234af2c-5377-4886-a4e8-6fe45d0af45e@group-A1165329A1F1, cid=3766, SUCCESS, logIndex=0, commits[4234af2c-5377-4886-a4e8-6fe45d0af45e:c5691, cef72988-acf5-49ad-9ec7-695a80e7a66d:c5689, d677508c-6db9-4741-b51c-49af5e4cf22f:c5689]
2019-09-08 07:08:18,331 [grpc-default-executor-3] INFO  client.GrpcClientProtocolClient (GrpcClientProtocolClient.java:onNext(264)) - client-964B0EA39D34->4234af2c-5377-4886-a4e8-6fe45d0af45e: receive RaftClientReply:client-964B0EA39D34->4234af2c-5377-4886-a4e8-6fe45d0af45e@group-A1165329A1F1, cid=3767, SUCCESS, logIndex=5692, commits[4234af2c-5377-4886-a4e8-6fe45d0af45e:c5693, cef72988-acf5-49ad-9ec7-695a80e7a66d:c5691, d677508c-6db9-4741-b51c-49af5e4cf22f:c5691]
2019-09-08 07:08:18,332 [grpc-default-executor-3] INFO  client.GrpcClientProtocolClient (GrpcClientProtocolClient.java:onNext(264)) - client-964B0EA39D34->4234af2c-5377-4886-a4e8-6fe45d0af45e: receive RaftClientReply:client-964B0EA39D34->4234af2c-5377-4886-a4e8-6fe45d0af45e@group-A1165329A1F1, cid=3768, SUCCESS, logIndex=5693, commits[4234af2c-5377-4886-a4e8-6fe45d0af45e:c5695, cef72988-acf5-49ad-9ec7-695a80e7a66d:c5691, d677508c-6db9-4741-b51c-49af5e4cf22f:c5691]
2019-09-08 07:08:18,332 [grpc-default-executor-3] INFO  client.GrpcClientProtocolClient (GrpcClientProtocolClient.java:onNext(264)) - client-964B0EA39D34->4234af2c-5377-4886-a4e8-6fe45d0af45e: receive RaftClientReply:client-964B0EA39D34->4234af2c-5377-4886-a4e8-6fe45d0af45e@group-A1165329A1F1, cid=3769, SUCCESS, logIndex=5694, commits[4234af2c-5377-4886-a4e8-6fe45d0af45e:c5695, cef72988-acf5-49ad-9ec7-695a80e7a66d:c5691, d677508c-6db9-4741-b51c-49af5e4cf22f:c5691]
2019-09-08 07:08:18,333 [grpc-default-executor-3] INFO  client.GrpcClientProtocolClient (GrpcClientProtocolClient.java:onNext(264)) - client-964B0EA39D34->4234af2c-5377-4886-a4e8-6fe45d0af45e: receive RaftClientReply:client-964B0EA39D34->4234af2c-5377-4886-a4e8-6fe45d0af45e@group-A1165329A1F1, cid=3770, SUCCESS, logIndex=5695, commits[4234af2c-5377-4886-a4e8-6fe45d0af45e:c5695, cef72988-acf5-49ad-9ec7-695a80e7a66d:c5691, d677508c-6db9-4741-b51c-49af5e4cf22f:c5691]
2019-09-08 07:08:18,460 [grpc-default-executor-3] INFO  client.GrpcClientProtocolClient (GrpcClientProtocolClient.java:onNext(264)) - client-964B0EA39D34->4234af2c-5377-4886-a4e8-6fe45d0af45e: receive RaftClientReply:client-964B0EA39D34->4234af2c-5377-4886-a4e8-6fe45d0af45e@group-A1165329A1F1, cid=3771, SUCCESS, logIndex=0, commits[4234af2c-5377-4886-a4e8-6fe45d0af45e:c5697, cef72988-acf5-49ad-9ec7-695a80e7a66d:c5693, d677508c-6db9-4741-b51c-49af5e4cf22f:c5693]
2019-09-08 07:08:18,484 [grpc-default-executor-6] INFO  client.GrpcClientProtocolClient (GrpcClientProtocolClient.java:onNext(264)) - client-964B0EA39D34->4234af2c-5377-4886-a4e8-6fe45d0af45e: receive RaftClientReply:client-964B0EA39D34->4234af2c-5377-4886-a4e8-6fe45d0af45e@group-A1165329A1F1, cid=3772, SUCCESS, logIndex=5699, commits[4234af2c-5377-4886-a4e8-6fe45d0af45e:c5700, cef72988-acf5-49ad-9ec7-695a80e7a66d:c5698, d677508c-6db9-4741-b51c-49af5e4cf22f:c5698]
2019-09-08 07:08:18,484 [grpc-default-executor-6] INFO  client.GrpcClientProtocolClient (GrpcClientProtocolClient.java:onNext(264)) - client-964B0EA39D34->4234af2c-5377-4886-a4e8-6fe45d0af45e: receive RaftClientReply:client-964B0EA39D34->4234af2c-5377-4886-a4e8-6fe45d0af45e@group-A1165329A1F1, cid=3773, SUCCESS, logIndex=5700, commits[4234af2c-5377-4886-a4e8-6fe45d0af45e:c5700, cef72988-acf5-49ad-9ec7-695a80e7a66d:c5698, d677508c-6db9-4741-b51c-49af5e4cf22f:c5698]
2019-09-08 07:08:18,497 [grpc-default-executor-3] INFO  client.GrpcClientProtocolClient (GrpcClientProtocolClient.java:onNext(264)) - client-964B0EA39D34->4234af2c-5377-4886-a4e8-6fe45d0af45e: receive RaftClientReply:client-964B0EA39D34->4234af2c-5377-4886-a4e8-6fe45d0af45e@group-A1165329A1F1, cid=3774, SUCCESS, logIndex=5703, commits[4234af2c-5377-4886-a4e8-6fe45d0af45e:c5703, cef72988-acf5-49ad-9ec7-695a80e7a66d:c5700, d677508c-6db9-4741-b51c-49af5e4cf22f:c5700]
2019-09-08 07:08:18,497 [grpc-default-executor-3] INFO  client.GrpcClientProtocolClient (GrpcClientProtocolClient.java:onNext(264)) - client-964B0EA39D34->4234af2c-5377-4886-a4e8-6fe45d0af45e: receive RaftClientReply:client-964B0EA39D34->4234af2c-5377-4886-a4e8-6fe45d0af45e@group-A1165329A1F1, cid=3775, SUCCESS, logIndex=5704, commits[4234af2c-5377-4886-a4e8-6fe45d0af45e:c5704, cef72988-acf5-49ad-9ec7-695a80e7a66d:c5700, d677508c-6db9-4741-b51c-49af5e4cf22f:c5700]
2019-09-08 07:08:18,510 [grpc-default-executor-6] INFO  client.GrpcClientProtocolClient (GrpcClientProtocolClient.java:onNext(264)) - client-964B0EA39D34->4234af2c-5377-4886-a4e8-6fe45d0af45e: receive RaftClientReply:client-964B0EA39D34->4234af2c-5377-4886-a4e8-6fe45d0af45e@group-A1165329A1F1, cid=3776, SUCCESS, logIndex=0, commits[4234af2c-5377-4886-a4e8-6fe45d0af45e:c5706, cef72988-acf5-49ad-9ec7-695a80e7a66d:c5704, d677508c-6db9-4741-b51c-49af5e4cf22f:c5704]
2019-09-08 07:08:18,541 [grpc-default-executor-0] INFO  client.GrpcClientProtocolClient (GrpcClientProtocolClient.java:onNext(264)) - client-964B0EA39D34->4234af2c-5377-4886-a4e8-6fe45d0af45e: receive RaftClientReply:client-964B0EA39D34->4234af2c-5377-4886-a4e8-6fe45d0af45e@group-A1165329A1F1, cid=3777, SUCCESS, logIndex=5707, commits[4234af2c-5377-4886-a4e8-6fe45d0af45e:c5708, cef72988-acf5-49ad-9ec7-695a80e7a66d:c5706, d677508c-6db9-4741-b51c-49af5e4cf22f:c5706]
2019-09-08 07:08:18,542 [grpc-default-executor-0] INFO  client.GrpcClientProtocolClient (GrpcClientProtocolClient.java:onNext(264)) - client-964B0EA39D34->4234af2c-5377-4886-a4e8-6fe45d0af45e: receive RaftClientReply:client-964B0EA39D34->4234af2c-5377-4886-a4e8-6fe45d0af45e@group-A1165329A1F1, cid=3778, SUCCESS, logIndex=5708, commits[4234af2c-5377-4886-a4e8-6fe45d0af45e:c5708, cef72988-acf5-49ad-9ec7-695a80e7a66d:c5706, d677508c-6db9-4741-b51c-49af5e4cf22f:c5706]
2019-09-08 07:08:18,542 [grpc-default-executor-0] INFO  client.GrpcClientProtocolClient (GrpcClientProtocolClient.java:onNext(264)) - client-964B0EA39D34->4234af2c-5377-4886-a4e8-6fe45d0af45e: receive RaftClientReply:client-964B0EA39D34->4234af2c-5377-4886-a4e8-6fe45d0af45e@group-A1165329A1F1, cid=3779, SUCCESS, logIndex=5709, commits[4234af2c-5377-4886-a4e8-6fe45d0af45e:c5710, cef72988-acf5-49ad-9ec7-695a80e7a66d:c5706, d677508c-6db9-4741-b51c-49af5e4cf22f:c5706]
2019-09-08 07:08:18,542 [grpc-default-executor-0] INFO  client.GrpcClientProtocolClient (GrpcClientProtocolClient.java:onNext(264)) - client-964B0EA39D34->4234af2c-5377-4886-a4e8-6fe45d0af45e: receive RaftClientReply:client-964B0EA39D34->4234af2c-5377-4886-a4e8-6fe45d0af45e@group-A1165329A1F1, cid=3780, SUCCESS, logIndex=5710, commits[4234af2c-5377-4886-a4e8-6fe45d0af45e:c5710, cef72988-acf5-49ad-9ec7-695a80e7a66d:c5706, d677508c-6db9-4741-b51c-49af5e4cf22f:c5706]
2019-09-08 07:08:18,543 [grpc-default-executor-0] INFO  client.GrpcClientProtocolClient (GrpcClientProtocolClient.java:onNext(264)) - client-964B0EA39D34->4234af2c-5377-4886-a4e8-6fe45d0af45e: receive RaftClientReply:client-964B0EA39D34->4234af2c-5377-4886-a4e8-6fe45d0af45e@group-A1165329A1F1, cid=3781, SUCCESS, logIndex=0, commits[4234af2c-5377-4886-a4e8-6fe45d0af45e:c5712, cef72988-acf5-49ad-9ec7-695a80e7a66d:c5708, d677508c-6db9-4741-b51c-49af5e4cf22f:c5708]
2019-09-08 07:08:18,562 [grpc-default-executor-0] INFO  client.GrpcClientProtocolClient (GrpcClientProtocolClient.java:onNext(264)) - client-964B0EA39D34->4234af2c-5377-4886-a4e8-6fe45d0af45e: receive RaftClientReply:client-964B0EA39D34->4234af2c-5377-4886-a4e8-6fe45d0af45e@group-A1165329A1F1, cid=3782, SUCCESS, logIndex=5715, commits[4234af2c-5377-4886-a4e8-6fe45d0af45e:c5715, cef72988-acf5-49ad-9ec7-695a80e7a66d:c5714, d677508c-6db9-4741-b51c-49af5e4cf22f:c5714]
2019-09-08 07:08:18,562 [grpc-default-executor-0] INFO  client.GrpcClientProtocolClient (GrpcClientProtocolClient.java:onNext(264)) - client-964B0EA39D34->4234af2c-5377-4886-a4e8-6fe45d0af45e: receive RaftClientReply:client-964B0EA39D34->4234af2c-5377-4886-a4e8-6fe45d0af45e@group-A1165329A1F1, cid=3783, SUCCESS, logIndex=5716, commits[4234af2c-5377-4886-a4e8-6fe45d0af45e:c5716, cef72988-acf5-49ad-9ec7-695a80e7a66d:c5714, d677508c-6db9-4741-b51c-49af5e4cf22f:c5714]
2019-09-08 07:08:18,575 [grpc-default-executor-0] INFO  client.GrpcClientProtocolClient (GrpcClientProtocolClient.java:onNext(264)) - client-964B0EA39D34->4234af2c-5377-4886-a4e8-6fe45d0af45e: receive RaftClientReply:client-964B0EA39D34->4234af2c-5377-4886-a4e8-6fe45d0af45e@group-A1165329A1F1, cid=3784, SUCCESS, logIndex=5719, commits[4234af2c-5377-4886-a4e8-6fe45d0af45e:c5719, cef72988-acf5-49ad-9ec7-695a80e7a66d:c5716, d677508c-6db9-4741-b51c-49af5e4cf22f:c5716]
2019-09-08 07:08:18,575 [grpc-default-executor-0] INFO  client.GrpcClientProtocolClient (GrpcClientProtocolClient.java:onNext(264)) - client-964B0EA39D34->4234af2c-5377-4886-a4e8-6fe45d0af45e: receive RaftClientReply:client-964B0EA39D34->4234af2c-5377-4886-a4e8-6fe45d0af45e@group-A1165329A1F1, cid=3785, SUCCESS, logIndex=5720, commits[4234af2c-5377-4886-a4e8-6fe45d0af45e:c5720, cef72988-acf5-49ad-9ec7-695a80e7a66d:c5716, d677508c-6db9-4741-b51c-49af5e4cf22f:c5716]
2019-09-08 07:08:18,588 [grpc-default-executor-4] INFO  client.GrpcClientProtocolClient (GrpcClientProtocolClient.java:onNext(264)) - client-964B0EA39D34->4234af2c-5377-4886-a4e8-6fe45d0af45e: receive RaftClientReply:client-964B0EA39D34->4234af2c-5377-4886-a4e8-6fe45d0af45e@group-A1165329A1F1, cid=3786, SUCCESS, logIndex=0, commits[4234af2c-5377-4886-a4e8-6fe45d0af45e:c5722, cef72988-acf5-49ad-9ec7-695a80e7a66d:c5720, d677508c-6db9-4741-b51c-49af5e4cf22f:c5720]
2019-09-08 07:08:18,616 [grpc-default-executor-4] INFO  client.GrpcClientProtocolClient (GrpcClientProtocolClient.java:onNext(264)) - client-964B0EA39D34->4234af2c-5377-4886-a4e8-6fe45d0af45e: receive RaftClientReply:client-964B0EA39D34->4234af2c-5377-4886-a4e8-6fe45d0af45e@group-A1165329A1F1, cid=3787, SUCCESS, logIndex=5723, commits[4234af2c-5377-4886-a4e8-6fe45d0af45e:c5724, cef72988-acf5-49ad-9ec7-695a80e7a66d:c5722, d677508c-6db9-4741-b51c-49af5e4cf22f:c5720]
2019-09-08 07:08:18,616 [grpc-default-executor-4] INFO  client.GrpcClientProtocolClient (GrpcClientProtocolClient.java:onNext(264)) - client-964B0EA39D34->4234af2c-5377-4886-a4e8-6fe45d0af45e: receive RaftClientReply:client-964B0EA39D34->4234af2c-5377-4886-a4e8-6fe45d0af45e@group-A1165329A1F1, cid=3788, SUCCESS, logIndex=5724, commits[4234af2c-5377-4886-a4e8-6fe45d0af45e:c5726, cef72988-acf5-49ad-9ec7-695a80e7a66d:c5722, d677508c-6db9-4741-b51c-49af5e4cf22f:c5722]
2019-09-08 07:08:18,617 [grpc-default-executor-4] INFO  client.GrpcClientProtocolClient (GrpcClientProtocolClient.java:onNext(264)) - client-964B0EA39D34->4234af2c-5377-4886-a4e8-6fe45d0af45e: receive RaftClientReply:client-964B0EA39D34->4234af2c-5377-4886-a4e8-6fe45d0af45e@group-A1165329A1F1, cid=3789, SUCCESS, logIndex=5725, commits[4234af2c-5377-4886-a4e8-6fe45d0af45e:c5726, cef72988-acf5-49ad-9ec7-695a80e7a66d:c5722, d677508c-6db9-4741-b51c-49af5e4cf22f:c5722]
2019-09-08 07:08:18,618 [grpc-default-executor-4] INFO  client.GrpcClientProtocolClient (GrpcClientProtocolClient.java:onNext(264)) - client-964B0EA39D34->4234af2c-5377-4886-a4e8-6fe45d0af45e: receive RaftClientReply:client-964B0EA39D34->4234af2c-5377-4886-a4e8-6fe45d0af45e@group-A1165329A1F1, cid=3790, SUCCESS, logIndex=5726, commits[4234af2c-5377-4886-a4e8-6fe45d0af45e:c5726, cef72988-acf5-49ad-9ec7-695a80e7a66d:c5722, d677508c-6db9-4741-b51c-49af5e4cf22f:c5722]
2019-09-08 07:08:18,619 [grpc-default-executor-4] INFO  client.GrpcClientProtocolClient (GrpcClientProtocolClient.java:onNext(264)) - client-964B0EA39D34->4234af2c-5377-4886-a4e8-6fe45d0af45e: receive RaftClientReply:client-964B0EA39D34->4234af2c-5377-4886-a4e8-6fe45d0af45e@group-A1165329A1F1, cid=3791, SUCCESS, logIndex=0, commits[4234af2c-5377-4886-a4e8-6fe45d0af45e:c5730, cef72988-acf5-49ad-9ec7-695a80e7a66d:c5726, d677508c-6db9-4741-b51c-49af5e4cf22f:c5724]
2019-09-08 07:08:18,637 [grpc-default-executor-4] INFO  client.GrpcClientProtocolClient (GrpcClientProtocolClient.java:onNext(264)) - client-964B0EA39D34->4234af2c-5377-4886-a4e8-6fe45d0af45e: receive RaftClientReply:client-964B0EA39D34->4234af2c-5377-4886-a4e8-6fe45d0af45e@group-A1165329A1F1, cid=3792, SUCCESS, logIndex=5731, commits[4234af2c-5377-4886-a4e8-6fe45d0af45e:c5731, cef72988-acf5-49ad-9ec7-695a80e7a66d:c5730, d677508c-6db9-4741-b51c-49af5e4cf22f:c5730]
2019-09-08 07:08:18,637 [grpc-default-executor-4] INFO  client.GrpcClientProtocolClient (GrpcClientProtocolClient.java:onNext(264)) - client-964B0EA39D34->4234af2c-5377-4886-a4e8-6fe45d0af45e: receive RaftClientReply:client-964B0EA39D34->4234af2c-5377-4886-a4e8-6fe45d0af45e@group-A1165329A1F1, cid=3793, SUCCESS, logIndex=5732, commits[4234af2c-5377-4886-a4e8-6fe45d0af45e:c5732, cef72988-acf5-49ad-9ec7-695a80e7a66d:c5730, d677508c-6db9-4741-b51c-49af5e4cf22f:c5730]
2019-09-08 07:08:18,646 [grpc-default-executor-4] INFO  client.GrpcClientProtocolClient (GrpcClientProtocolClient.java:onNext(264)) - client-964B0EA39D34->4234af2c-5377-4886-a4e8-6fe45d0af45e: receive RaftClientReply:client-964B0EA39D34->4234af2c-5377-4886-a4e8-6fe45d0af45e@group-A1165329A1F1, cid=3794, SUCCESS, logIndex=5735, commits[4234af2c-5377-4886-a4e8-6fe45d0af45e:c5736, cef72988-acf5-49ad-9ec7-695a80e7a66d:c5732, d677508c-6db9-4741-b51c-49af5e4cf22f:c5734]
2019-09-08 07:08:18,647 [grpc-default-executor-4] INFO  client.GrpcClientProtocolClient (GrpcClientProtocolClient.java:onNext(264)) - client-964B0EA39D34->4234af2c-5377-4886-a4e8-6fe45d0af45e: receive RaftClientReply:client-964B0EA39D34->4234af2c-5377-4886-a4e8-6fe45d0af45e@group-A1165329A1F1, cid=3795, SUCCESS, logIndex=5736, commits[4234af2c-5377-4886-a4e8-6fe45d0af45e:c5736, cef72988-acf5-49ad-9ec7-695a80e7a66d:c5732, d677508c-6db9-4741-b51c-49af5e4cf22f:c5734]
2019-09-08 07:08:18,648 [grpc-default-executor-4] INFO  client.GrpcClientProtocolClient (GrpcClientProtocolClient.java:onNext(264)) - client-964B0EA39D34->4234af2c-5377-4886-a4e8-6fe45d0af45e: receive RaftClientReply:client-964B0EA39D34->4234af2c-5377-4886-a4e8-6fe45d0af45e@group-A1165329A1F1, cid=3796, SUCCESS, logIndex=0, commits[4234af2c-5377-4886-a4e8-6fe45d0af45e:c5737, cef72988-acf5-49ad-9ec7-695a80e7a66d:c5736, d677508c-6db9-4741-b51c-49af5e4cf22f:c5736]
2019-09-08 07:08:18,665 [grpc-default-executor-0] INFO  client.GrpcClientProtocolClient (GrpcClientProtocolClient.java:onNext(264)) - client-964B0EA39D34->4234af2c-5377-4886-a4e8-6fe45d0af45e: receive RaftClientReply:client-964B0EA39D34->4234af2c-5377-4886-a4e8-6fe45d0af45e@group-A1165329A1F1, cid=3797, SUCCESS, logIndex=5739, commits[4234af2c-5377-4886-a4e8-6fe45d0af45e:c5740, cef72988-acf5-49ad-9ec7-695a80e7a66d:c5736, d677508c-6db9-4741-b51c-49af5e4cf22f:c5738]
2019-09-08 07:08:18,666 [grpc-default-executor-0] INFO  client.GrpcClientProtocolClient (GrpcClientProtocolClient.java:onNext(264)) - client-964B0EA39D34->4234af2c-5377-4886-a4e8-6fe45d0af45e: receive RaftClientReply:client-964B0EA39D34->4234af2c-5377-4886-a4e8-6fe45d0af45e@group-A1165329A1F1, cid=3798, SUCCESS, logIndex=5740, commits[4234af2c-5377-4886-a4e8-6fe45d0af45e:c5740, cef72988-acf5-49ad-9ec7-695a80e7a66d:c5736, d677508c-6db9-4741-b51c-49af5e4cf22f:c5738]
2019-09-08 07:08:18,668 [grpc-default-executor-0] INFO  client.GrpcClientProtocolClient (GrpcClientProtocolClient.java:onNext(264)) - client-964B0EA39D34->4234af2c-5377-4886-a4e8-6fe45d0af45e: receive RaftClientReply:client-964B0EA39D34->4234af2c-5377-4886-a4e8-6fe45d0af45e@group-A1165329A1F1, cid=3799, SUCCESS, logIndex=5741, commits[4234af2c-5377-4886-a4e8-6fe45d0af45e:c5741, cef72988-acf5-49ad-9ec7-695a80e7a66d:c5738, d677508c-6db9-4741-b51c-49af5e4cf22f:c5738]
2019-09-08 07:08:18,668 [grpc-default-executor-0] INFO  client.GrpcClientProtocolClient (GrpcClientProtocolClient.java:onNext(264)) - client-964B0EA39D34->4234af2c-5377-4886-a4e8-6fe45d0af45e: receive RaftClientReply:client-964B0EA39D34->4234af2c-5377-4886-a4e8-6fe45d0af45e@group-A1165329A1F1, cid=3800, SUCCESS, logIndex=5742, commits[4234af2c-5377-4886-a4e8-6fe45d0af45e:c5744, cef72988-acf5-49ad-9ec7-695a80e7a66d:c5738, d677508c-6db9-4741-b51c-49af5e4cf22f:c5740]
2019-09-08 07:08:18,669 [grpc-default-executor-0] INFO  client.GrpcClientProtocolClient (GrpcClientProtocolClient.java:onNext(264)) - client-964B0EA39D34->4234af2c-5377-4886-a4e8-6fe45d0af45e: receive RaftClientReply:client-964B0EA39D34->4234af2c-5377-4886-a4e8-6fe45d0af45e@group-A1165329A1F1, cid=3801, SUCCESS, logIndex=0, commits[4234af2c-5377-4886-a4e8-6fe45d0af45e:c5744, cef72988-acf5-49ad-9ec7-695a80e7a66d:c5740, d677508c-6db9-4741-b51c-49af5e4cf22f:c5740]
2019-09-08 07:08:18,678 [grpc-default-executor-3] INFO  client.GrpcClientProtocolClient (GrpcClientProtocolClient.java:onNext(264)) - client-964B0EA39D34->4234af2c-5377-4886-a4e8-6fe45d0af45e: receive RaftClientReply:client-964B0EA39D34->4234af2c-5377-4886-a4e8-6fe45d0af45e@group-A1165329A1F1, cid=3802, SUCCESS, logIndex=5746, commits[4234af2c-5377-4886-a4e8-6fe45d0af45e:c5746, cef72988-acf5-49ad-9ec7-695a80e7a66d:c5745, d677508c-6db9-4741-b51c-49af5e4cf22f:c5745]
2019-09-08 07:08:18,679 [grpc-default-executor-3] INFO  client.GrpcClientProtocolClient (GrpcClientProtocolClient.java:onNext(264)) - client-964B0EA39D34->4234af2c-5377-4886-a4e8-6fe45d0af45e: receive RaftClientReply:client-964B0EA39D34->4234af2c-5377-4886-a4e8-6fe45d0af45e@group-A1165329A1F1, cid=3803, SUCCESS, logIndex=5747, commits[4234af2c-5377-4886-a4e8-6fe45d0af45e:c5747, cef72988-acf5-49ad-9ec7-695a80e7a66d:c5745, d677508c-6db9-4741-b51c-49af5e4cf22f:c5745]
2019-09-08 07:08:18,703 [grpc-default-executor-6] INFO  client.GrpcClientProtocolClient (GrpcClientProtocolClient.java:onNext(264)) - client-964B0EA39D34->4234af2c-5377-4886-a4e8-6fe45d0af45e: receive RaftClientReply:client-964B0EA39D34->4234af2c-5377-4886-a4e8-6fe45d0af45e@group-A1165329A1F1, cid=3804, SUCCESS, logIndex=5750, commits[4234af2c-5377-4886-a4e8-6fe45d0af45e:c5751, cef72988-acf5-49ad-9ec7-695a80e7a66d:c5749, d677508c-6db9-4741-b51c-49af5e4cf22f:c5749]
2019-09-08 07:08:18,703 [grpc-default-executor-6] INFO  client.GrpcClientProtocolClient (GrpcClientProtocolClient.java:onNext(264)) - client-964B0EA39D34->4234af2c-5377-4886-a4e8-6fe45d0af45e: receive RaftClientReply:client-964B0EA39D34->4234af2c-5377-4886-a4e8-6fe45d0af45e@group-A1165329A1F1, cid=3805, SUCCESS, logIndex=5751, commits[4234af2c-5377-4886-a4e8-6fe45d0af45e:c5751, cef72988-acf5-49ad-9ec7-695a80e7a66d:c5749, d677508c-6db9-4741-b51c-49af5e4cf22f:c5749]
2019-09-08 07:08:18,716 [grpc-default-executor-6] INFO  client.GrpcClientProtocolClient (GrpcClientProtocolClient.java:onNext(264)) - client-964B0EA39D34->4234af2c-5377-4886-a4e8-6fe45d0af45e: receive RaftClientReply:client-964B0EA39D34->4234af2c-5377-4886-a4e8-6fe45d0af45e@group-A1165329A1F1, cid=3806, SUCCESS, logIndex=0, commits[4234af2c-5377-4886-a4e8-6fe45d0af45e:c5753, cef72988-acf5-49ad-9ec7-695a80e7a66d:c5751, d677508c-6db9-4741-b51c-49af5e4cf22f:c5751]
2019-09-08 07:08:18,744 [grpc-default-executor-3] INFO  client.GrpcClientProtocolClient (GrpcClientProtocolClient.java:onNext(264)) - client-964B0EA39D34->4234af2c-5377-4886-a4e8-6fe45d0af45e: receive RaftClientReply:client-964B0EA39D34->4234af2c-5377-4886-a4e8-6fe45d0af45e@group-A1165329A1F1, cid=3807, SUCCESS, logIndex=5754, commits[4234af2c-5377-4886-a4e8-6fe45d0af45e:c5756, cef72988-acf5-49ad-9ec7-695a80e7a66d:c5753, d677508c-6db9-4741-b51c-49af5e4cf22f:c5753]
2019-09-08 07:08:18,745 [grpc-default-executor-3] INFO  client.GrpcClientProtocolClient (GrpcClientProtocolClient.java:onNext(264)) - client-964B0EA39D34->4234af2c-5377-4886-a4e8-6fe45d0af45e: receive RaftClientReply:client-964B0EA39D34->4234af2c-5377-4886-a4e8-6fe45d0af45e@group-A1165329A1F1, cid=3808, SUCCESS, logIndex=5755, commits[4234af2c-5377-4886-a4e8-6fe45d0af45e:c5757, cef72988-acf5-49ad-9ec7-695a80e7a66d:c5753, d677508c-6db9-4741-b51c-49af5e4cf22f:c5753]
2019-09-08 07:08:18,745 [grpc-default-executor-3] INFO  client.GrpcClientProtocolClient (GrpcClientProtocolClient.java:onNext(264)) - client-964B0EA39D34->4234af2c-5377-4886-a4e8-6fe45d0af45e: receive RaftClientReply:client-964B0EA39D34->4234af2c-5377-4886-a4e8-6fe45d0af45e@group-A1165329A1F1, cid=3809, SUCCESS, logIndex=5756, commits[4234af2c-5377-4886-a4e8-6fe45d0af45e:c5757, cef72988-acf5-49ad-9ec7-695a80e7a66d:c5753, d677508c-6db9-4741-b51c-49af5e4cf22f:c5753]
2019-09-08 07:08:18,745 [grpc-default-executor-3] INFO  client.GrpcClientProtocolClient (GrpcClientProtocolClient.java:onNext(264)) - client-964B0EA39D34->4234af2c-5377-4886-a4e8-6fe45d0af45e: receive RaftClientReply:client-964B0EA39D34->4234af2c-5377-4886-a4e8-6fe45d0af45e@group-A1165329A1F1, cid=3810, SUCCESS, logIndex=5757, commits[4234af2c-5377-4886-a4e8-6fe45d0af45e:c5757, cef72988-acf5-49ad-9ec7-695a80e7a66d:c5753, d677508c-6db9-4741-b51c-49af5e4cf22f:c5753]
2019-09-08 07:08:18,746 [grpc-default-executor-3] INFO  client.GrpcClientProtocolClient (GrpcClientProtocolClient.java:onNext(264)) - client-964B0EA39D34->4234af2c-5377-4886-a4e8-6fe45d0af45e: receive RaftClientReply:client-964B0EA39D34->4234af2c-5377-4886-a4e8-6fe45d0af45e@group-A1165329A1F1, cid=3811, SUCCESS, logIndex=0, commits[4234af2c-5377-4886-a4e8-6fe45d0af45e:c5761, cef72988-acf5-49ad-9ec7-695a80e7a66d:c5755, d677508c-6db9-4741-b51c-49af5e4cf22f:c5757]
2019-09-08 07:08:18,789 [grpc-default-executor-3] INFO  client.GrpcClientProtocolClient (GrpcClientProtocolClient.java:onNext(264)) - client-964B0EA39D34->4234af2c-5377-4886-a4e8-6fe45d0af45e: receive RaftClientReply:client-964B0EA39D34->4234af2c-5377-4886-a4e8-6fe45d0af45e@group-A1165329A1F1, cid=3812, SUCCESS, logIndex=5762, commits[4234af2c-5377-4886-a4e8-6fe45d0af45e:c5762, cef72988-acf5-49ad-9ec7-695a80e7a66d:c5761, d677508c-6db9-4741-b51c-49af5e4cf22f:c5761]
2019-09-08 07:08:18,789 [grpc-default-executor-3] INFO  client.GrpcClientProtocolClient (GrpcClientProtocolClient.java:onNext(264)) - client-964B0EA39D34->4234af2c-5377-4886-a4e8-6fe45d0af45e: receive RaftClientReply:client-964B0EA39D34->4234af2c-5377-4886-a4e8-6fe45d0af45e@group-A1165329A1F1, cid=3813, SUCCESS, logIndex=5763, commits[4234af2c-5377-4886-a4e8-6fe45d0af45e:c5763, cef72988-acf5-49ad-9ec7-695a80e7a66d:c5761, d677508c-6db9-4741-b51c-49af5e4cf22f:c5761]
2019-09-08 07:08:18,803 [grpc-default-executor-6] INFO  client.GrpcClientProtocolClient (GrpcClientProtocolClient.java:onNext(264)) - client-964B0EA39D34->4234af2c-5377-4886-a4e8-6fe45d0af45e: receive RaftClientReply:client-964B0EA39D34->4234af2c-5377-4886-a4e8-6fe45d0af45e@group-A1165329A1F1, cid=3814, SUCCESS, logIndex=5766, commits[4234af2c-5377-4886-a4e8-6fe45d0af45e:c5767, cef72988-acf5-49ad-9ec7-695a80e7a66d:c5763, d677508c-6db9-4741-b51c-49af5e4cf22f:c5763]
2019-09-08 07:08:18,803 [grpc-default-executor-6] INFO  client.GrpcClientProtocolClient (GrpcClientProtocolClient.java:onNext(264)) - client-964B0EA39D34->4234af2c-5377-4886-a4e8-6fe45d0af45e: receive RaftClientReply:client-964B0EA39D34->4234af2c-5377-4886-a4e8-6fe45d0af45e@group-A1165329A1F1, cid=3815, SUCCESS, logIndex=5767, commits[4234af2c-5377-4886-a4e8-6fe45d0af45e:c5767, cef72988-acf5-49ad-9ec7-695a80e7a66d:c5763, d677508c-6db9-4741-b51c-49af5e4cf22f:c5763]
2019-09-08 07:08:18,816 [grpc-default-executor-3] INFO  client.GrpcClientProtocolClient (GrpcClientProtocolClient.java:onNext(264)) - client-964B0EA39D34->4234af2c-5377-4886-a4e8-6fe45d0af45e: receive RaftClientReply:client-964B0EA39D34->4234af2c-5377-4886-a4e8-6fe45d0af45e@group-A1165329A1F1, cid=3816, SUCCESS, logIndex=0, commits[4234af2c-5377-4886-a4e8-6fe45d0af45e:c5769, cef72988-acf5-49ad-9ec7-695a80e7a66d:c5767, d677508c-6db9-4741-b51c-49af5e4cf22f:c5767]
2019-09-08 07:08:18,847 [grpc-default-executor-0] INFO  client.GrpcClientProtocolClient (GrpcClientProtocolClient.java:onNext(264)) - client-964B0EA39D34->4234af2c-5377-4886-a4e8-6fe45d0af45e: receive RaftClientReply:client-964B0EA39D34->4234af2c-5377-4886-a4e8-6fe45d0af45e@group-A1165329A1F1, cid=3817, SUCCESS, logIndex=5770, commits[4234af2c-5377-4886-a4e8-6fe45d0af45e:c5770, cef72988-acf5-49ad-9ec7-695a80e7a66d:c5769, d677508c-6db9-4741-b51c-49af5e4cf22f:c5767]
2019-09-08 07:08:18,848 [grpc-default-executor-0] INFO  client.GrpcClientProtocolClient (GrpcClientProtocolClient.java:onNext(264)) - client-964B0EA39D34->4234af2c-5377-4886-a4e8-6fe45d0af45e: receive RaftClientReply:client-964B0EA39D34->4234af2c-5377-4886-a4e8-6fe45d0af45e@group-A1165329A1F1, cid=3818, SUCCESS, logIndex=5771, commits[4234af2c-5377-4886-a4e8-6fe45d0af45e:c5773, cef72988-acf5-49ad-9ec7-695a80e7a66d:c5769, d677508c-6db9-4741-b51c-49af5e4cf22f:c5769]
2019-09-08 07:08:18,848 [grpc-default-executor-0] INFO  client.GrpcClientProtocolClient (GrpcClientProtocolClient.java:onNext(264)) - client-964B0EA39D34->4234af2c-5377-4886-a4e8-6fe45d0af45e: receive RaftClientReply:client-964B0EA39D34->4234af2c-5377-4886-a4e8-6fe45d0af45e@group-A1165329A1F1, cid=3819, SUCCESS, logIndex=5772, commits[4234af2c-5377-4886-a4e8-6fe45d0af45e:c5773, cef72988-acf5-49ad-9ec7-695a80e7a66d:c5769, d677508c-6db9-4741-b51c-49af5e4cf22f:c5769]
2019-09-08 07:08:18,849 [grpc-default-executor-0] INFO  client.GrpcClientProtocolClient (GrpcClientProtocolClient.java:onNext(264)) - client-964B0EA39D34->4234af2c-5377-4886-a4e8-6fe45d0af45e: receive RaftClientReply:client-964B0EA39D34->4234af2c-5377-4886-a4e8-6fe45d0af45e@group-A1165329A1F1, cid=3820, SUCCESS, logIndex=5773, commits[4234af2c-5377-4886-a4e8-6fe45d0af45e:c5773, cef72988-acf5-49ad-9ec7-695a80e7a66d:c5769, d677508c-6db9-4741-b51c-49af5e4cf22f:c5769]
2019-09-08 07:08:18,976 [grpc-default-executor-0] INFO  client.GrpcClientProtocolClient (GrpcClientProtocolClient.java:onNext(264)) - client-964B0EA39D34->4234af2c-5377-4886-a4e8-6fe45d0af45e: receive RaftClientReply:client-964B0EA39D34->4234af2c-5377-4886-a4e8-6fe45d0af45e@group-A1165329A1F1, cid=3821, SUCCESS, logIndex=0, commits[4234af2c-5377-4886-a4e8-6fe45d0af45e:c5777, cef72988-acf5-49ad-9ec7-695a80e7a66d:c5771, d677508c-6db9-4741-b51c-49af5e4cf22f:c5773]
2019-09-08 07:08:18,998 [grpc-default-executor-6] INFO  client.GrpcClientProtocolClient (GrpcClientProtocolClient.java:onNext(264)) - client-964B0EA39D34->4234af2c-5377-4886-a4e8-6fe45d0af45e: receive RaftClientReply:client-964B0EA39D34->4234af2c-5377-4886-a4e8-6fe45d0af45e@group-A1165329A1F1, cid=3822, SUCCESS, logIndex=5778, commits[4234af2c-5377-4886-a4e8-6fe45d0af45e:c5779, cef72988-acf5-49ad-9ec7-695a80e7a66d:c5777, d677508c-6db9-4741-b51c-49af5e4cf22f:c5777]
2019-09-08 07:08:18,999 [grpc-default-executor-6] INFO  client.GrpcClientProtocolClient (GrpcClientProtocolClient.java:onNext(264)) - client-964B0EA39D34->4234af2c-5377-4886-a4e8-6fe45d0af45e: receive RaftClientReply:client-964B0EA39D34->4234af2c-5377-4886-a4e8-6fe45d0af45e@group-A1165329A1F1, cid=3823, SUCCESS, logIndex=5779, commits[4234af2c-5377-4886-a4e8-6fe45d0af45e:c5779, cef72988-acf5-49ad-9ec7-695a80e7a66d:c5777, d677508c-6db9-4741-b51c-49af5e4cf22f:c5777]
2019-09-08 07:08:19,010 [grpc-default-executor-6] INFO  client.GrpcClientProtocolClient (GrpcClientProtocolClient.java:onNext(264)) - client-964B0EA39D34->4234af2c-5377-4886-a4e8-6fe45d0af45e: receive RaftClientReply:client-964B0EA39D34->4234af2c-5377-4886-a4e8-6fe45d0af45e@group-A1165329A1F1, cid=3824, SUCCESS, logIndex=5782, commits[4234af2c-5377-4886-a4e8-6fe45d0af45e:c5782, cef72988-acf5-49ad-9ec7-695a80e7a66d:c5779, d677508c-6db9-4741-b51c-49af5e4cf22f:c5779]
2019-09-08 07:08:19,011 [grpc-default-executor-6] INFO  client.GrpcClientProtocolClient (GrpcClientProtocolClient.java:onNext(264)) - client-964B0EA39D34->4234af2c-5377-4886-a4e8-6fe45d0af45e: receive RaftClientReply:client-964B0EA39D34->4234af2c-5377-4886-a4e8-6fe45d0af45e@group-A1165329A1F1, cid=3825, SUCCESS, logIndex=5783, commits[4234af2c-5377-4886-a4e8-6fe45d0af45e:c5783, cef72988-acf5-49ad-9ec7-695a80e7a66d:c5779, d677508c-6db9-4741-b51c-49af5e4cf22f:c5779]
2019-09-08 07:08:19,023 [grpc-default-executor-6] INFO  client.GrpcClientProtocolClient (GrpcClientProtocolClient.java:onNext(264)) - client-964B0EA39D34->4234af2c-5377-4886-a4e8-6fe45d0af45e: receive RaftClientReply:client-964B0EA39D34->4234af2c-5377-4886-a4e8-6fe45d0af45e@group-A1165329A1F1, cid=3826, SUCCESS, logIndex=0, commits[4234af2c-5377-4886-a4e8-6fe45d0af45e:c5785, cef72988-acf5-49ad-9ec7-695a80e7a66d:c5783, d677508c-6db9-4741-b51c-49af5e4cf22f:c5783]
2019-09-08 07:08:19,058 [grpc-default-executor-3] INFO  client.GrpcClientProtocolClient (GrpcClientProtocolClient.java:onNext(264)) - client-964B0EA39D34->4234af2c-5377-4886-a4e8-6fe45d0af45e: receive RaftClientReply:client-964B0EA39D34->4234af2c-5377-4886-a4e8-6fe45d0af45e@group-A1165329A1F1, cid=3827, SUCCESS, logIndex=5786, commits[4234af2c-5377-4886-a4e8-6fe45d0af45e:c5787, cef72988-acf5-49ad-9ec7-695a80e7a66d:c5785, d677508c-6db9-4741-b51c-49af5e4cf22f:c5785]
2019-09-08 07:08:19,059 [grpc-default-executor-3] INFO  client.GrpcClientProtocolClient (GrpcClientProtocolClient.java:onNext(264)) - client-964B0EA39D34->4234af2c-5377-4886-a4e8-6fe45d0af45e: receive RaftClientReply:client-964B0EA39D34->4234af2c-5377-4886-a4e8-6fe45d0af45e@group-A1165329A1F1, cid=3828, SUCCESS, logIndex=5787, commits[4234af2c-5377-4886-a4e8-6fe45d0af45e:c5789, cef72988-acf5-49ad-9ec7-695a80e7a66d:c5785, d677508c-6db9-4741-b51c-49af5e4cf22f:c5785]
2019-09-08 07:08:19,059 [grpc-default-executor-3] INFO  client.GrpcClientProtocolClient (GrpcClientProtocolClient.java:onNext(264)) - client-964B0EA39D34->4234af2c-5377-4886-a4e8-6fe45d0af45e: receive RaftClientReply:client-964B0EA39D34->4234af2c-5377-4886-a4e8-6fe45d0af45e@group-A1165329A1F1, cid=3829, SUCCESS, logIndex=5788, commits[4234af2c-5377-4886-a4e8-6fe45d0af45e:c5789, cef72988-acf5-49ad-9ec7-695a80e7a66d:c5785, d677508c-6db9-4741-b51c-49af5e4cf22f:c5785]
2019-09-08 07:08:19,060 [grpc-default-executor-3] INFO  client.GrpcClientProtocolClient (GrpcClientProtocolClient.java:onNext(264)) - client-964B0EA39D34->4234af2c-5377-4886-a4e8-6fe45d0af45e: receive RaftClientReply:client-964B0EA39D34->4234af2c-5377-4886-a4e8-6fe45d0af45e@group-A1165329A1F1, cid=3830, SUCCESS, logIndex=5789, commits[4234af2c-5377-4886-a4e8-6fe45d0af45e:c5790, cef72988-acf5-49ad-9ec7-695a80e7a66d:c5787, d677508c-6db9-4741-b51c-49af5e4cf22f:c5785]
2019-09-08 07:08:19,061 [grpc-default-executor-3] INFO  client.GrpcClientProtocolClient (GrpcClientProtocolClient.java:onNext(264)) - client-964B0EA39D34->4234af2c-5377-4886-a4e8-6fe45d0af45e: receive RaftClientReply:client-964B0EA39D34->4234af2c-5377-4886-a4e8-6fe45d0af45e@group-A1165329A1F1, cid=3831, SUCCESS, logIndex=0, commits[4234af2c-5377-4886-a4e8-6fe45d0af45e:c5791, cef72988-acf5-49ad-9ec7-695a80e7a66d:c5787, d677508c-6db9-4741-b51c-49af5e4cf22f:c5787]
2019-09-08 07:08:19,078 [grpc-default-executor-0] INFO  client.GrpcClientProtocolClient (GrpcClientProtocolClient.java:onNext(264)) - client-964B0EA39D34->4234af2c-5377-4886-a4e8-6fe45d0af45e: receive RaftClientReply:client-964B0EA39D34->4234af2c-5377-4886-a4e8-6fe45d0af45e@group-A1165329A1F1, cid=3832, SUCCESS, logIndex=5793, commits[4234af2c-5377-4886-a4e8-6fe45d0af45e:c5794, cef72988-acf5-49ad-9ec7-695a80e7a66d:c5792, d677508c-6db9-4741-b51c-49af5e4cf22f:c5792]
2019-09-08 07:08:19,079 [grpc-default-executor-0] INFO  client.GrpcClientProtocolClient (GrpcClientProtocolClient.java:onNext(264)) - client-964B0EA39D34->4234af2c-5377-4886-a4e8-6fe45d0af45e: receive RaftClientReply:client-964B0EA39D34->4234af2c-5377-4886-a4e8-6fe45d0af45e@group-A1165329A1F1, cid=3833, SUCCESS, logIndex=5794, commits[4234af2c-5377-4886-a4e8-6fe45d0af45e:c5794, cef72988-acf5-49ad-9ec7-695a80e7a66d:c5792, d677508c-6db9-4741-b51c-49af5e4cf22f:c5792]
2019-09-08 07:08:19,092 [grpc-default-executor-3] INFO  client.GrpcClientProtocolClient (GrpcClientProtocolClient.java:onNext(264)) - client-964B0EA39D34->4234af2c-5377-4886-a4e8-6fe45d0af45e: receive RaftClientReply:client-964B0EA39D34->4234af2c-5377-4886-a4e8-6fe45d0af45e@group-A1165329A1F1, cid=3834, SUCCESS, logIndex=5797, commits[4234af2c-5377-4886-a4e8-6fe45d0af45e:c5798, cef72988-acf5-49ad-9ec7-695a80e7a66d:c5794, d677508c-6db9-4741-b51c-49af5e4cf22f:c5794]
2019-09-08 07:08:19,092 [grpc-default-executor-3] INFO  client.GrpcClientProtocolClient (GrpcClientProtocolClient.java:onNext(264)) - client-964B0EA39D34->4234af2c-5377-4886-a4e8-6fe45d0af45e: receive RaftClientReply:client-964B0EA39D34->4234af2c-5377-4886-a4e8-6fe45d0af45e@group-A1165329A1F1, cid=3835, SUCCESS, logIndex=5798, commits[4234af2c-5377-4886-a4e8-6fe45d0af45e:c5798, cef72988-acf5-49ad-9ec7-695a80e7a66d:c5794, d677508c-6db9-4741-b51c-49af5e4cf22f:c5794]
 0.00% |█                                                                                                    |  0/1 Time: 0:00:592019-09-08 07:08:19,104 [grpc-default-executor-3] INFO  client.GrpcClientProtocolClient (GrpcClientProtocolClient.java:onNext(264)) - client-964B0EA39D34->4234af2c-5377-4886-a4e8-6fe45d0af45e: receive RaftClientReply:client-964B0EA39D34->4234af2c-5377-4886-a4e8-6fe45d0af45e@group-A1165329A1F1, cid=3836, SUCCESS, logIndex=0, commits[4234af2c-5377-4886-a4e8-6fe45d0af45e:c5800, cef72988-acf5-49ad-9ec7-695a80e7a66d:c5798, d677508c-6db9-4741-b51c-49af5e4cf22f:c5798]
2019-09-08 07:08:19,132 [grpc-default-executor-6] INFO  client.GrpcClientProtocolClient (GrpcClientProtocolClient.java:onNext(264)) - client-964B0EA39D34->4234af2c-5377-4886-a4e8-6fe45d0af45e: receive RaftClientReply:client-964B0EA39D34->4234af2c-5377-4886-a4e8-6fe45d0af45e@group-A1165329A1F1, cid=3837, SUCCESS, logIndex=5801, commits[4234af2c-5377-4886-a4e8-6fe45d0af45e:c5802, cef72988-acf5-49ad-9ec7-695a80e7a66d:c5800, d677508c-6db9-4741-b51c-49af5e4cf22f:c5800]
2019-09-08 07:08:19,133 [grpc-default-executor-4] INFO  client.GrpcClientProtocolClient (GrpcClientProtocolClient.java:onNext(264)) - client-964B0EA39D34->4234af2c-5377-4886-a4e8-6fe45d0af45e: receive RaftClientReply:client-964B0EA39D34->4234af2c-5377-4886-a4e8-6fe45d0af45e@group-A1165329A1F1, cid=3838, SUCCESS, logIndex=5802, commits[4234af2c-5377-4886-a4e8-6fe45d0af45e:c5804, cef72988-acf5-49ad-9ec7-695a80e7a66d:c5800, d677508c-6db9-4741-b51c-49af5e4cf22f:c5800]
2019-09-08 07:08:19,133 [grpc-default-executor-4] INFO  client.GrpcClientProtocolClient (GrpcClientProtocolClient.java:onNext(264)) - client-964B0EA39D34->4234af2c-5377-4886-a4e8-6fe45d0af45e: receive RaftClientReply:client-964B0EA39D34->4234af2c-5377-4886-a4e8-6fe45d0af45e@group-A1165329A1F1, cid=3839, SUCCESS, logIndex=5803, commits[4234af2c-5377-4886-a4e8-6fe45d0af45e:c5804, cef72988-acf5-49ad-9ec7-695a80e7a66d:c5800, d677508c-6db9-4741-b51c-49af5e4cf22f:c5800]
2019-09-08 07:08:19,133 [grpc-default-executor-4] INFO  client.GrpcClientProtocolClient (GrpcClientProtocolClient.java:onNext(264)) - client-964B0EA39D34->4234af2c-5377-4886-a4e8-6fe45d0af45e: receive RaftClientReply:client-964B0EA39D34->4234af2c-5377-4886-a4e8-6fe45d0af45e@group-A1165329A1F1, cid=3840, SUCCESS, logIndex=5804, commits[4234af2c-5377-4886-a4e8-6fe45d0af45e:c5805, cef72988-acf5-49ad-9ec7-695a80e7a66d:c5800, d677508c-6db9-4741-b51c-49af5e4cf22f:c5801]
2019-09-08 07:08:19,134 [grpc-default-executor-4] INFO  client.GrpcClientProtocolClient (GrpcClientProtocolClient.java:onNext(264)) - client-964B0EA39D34->4234af2c-5377-4886-a4e8-6fe45d0af45e: receive RaftClientReply:client-964B0EA39D34->4234af2c-5377-4886-a4e8-6fe45d0af45e@group-A1165329A1F1, cid=3841, SUCCESS, logIndex=0, commits[4234af2c-5377-4886-a4e8-6fe45d0af45e:c5806, cef72988-acf5-49ad-9ec7-695a80e7a66d:c5802, d677508c-6db9-4741-b51c-49af5e4cf22f:c5802]
2019-09-08 07:08:19,152 [grpc-default-executor-0] INFO  client.GrpcClientProtocolClient (GrpcClientProtocolClient.java:onNext(264)) - client-964B0EA39D34->4234af2c-5377-4886-a4e8-6fe45d0af45e: receive RaftClientReply:client-964B0EA39D34->4234af2c-5377-4886-a4e8-6fe45d0af45e@group-A1165329A1F1, cid=3842, SUCCESS, logIndex=5808, commits[4234af2c-5377-4886-a4e8-6fe45d0af45e:c5809, cef72988-acf5-49ad-9ec7-695a80e7a66d:c5807, d677508c-6db9-4741-b51c-49af5e4cf22f:c5807]
2019-09-08 07:08:19,153 [grpc-default-executor-0] INFO  client.GrpcClientProtocolClient (GrpcClientProtocolClient.java:onNext(264)) - client-964B0EA39D34->4234af2c-5377-4886-a4e8-6fe45d0af45e: receive RaftClientReply:client-964B0EA39D34->4234af2c-5377-4886-a4e8-6fe45d0af45e@group-A1165329A1F1, cid=3843, SUCCESS, logIndex=5809, commits[4234af2c-5377-4886-a4e8-6fe45d0af45e:c5809, cef72988-acf5-49ad-9ec7-695a80e7a66d:c5807, d677508c-6db9-4741-b51c-49af5e4cf22f:c5807]
2019-09-08 07:08:19,165 [grpc-default-executor-4] INFO  client.GrpcClientProtocolClient (GrpcClientProtocolClient.java:onNext(264)) - client-964B0EA39D34->4234af2c-5377-4886-a4e8-6fe45d0af45e: receive RaftClientReply:client-964B0EA39D34->4234af2c-5377-4886-a4e8-6fe45d0af45e@group-A1165329A1F1, cid=3844, SUCCESS, logIndex=5812, commits[4234af2c-5377-4886-a4e8-6fe45d0af45e:c5813, cef72988-acf5-49ad-9ec7-695a80e7a66d:c5809, d677508c-6db9-4741-b51c-49af5e4cf22f:c5809]
2019-09-08 07:08:19,165 [grpc-default-executor-4] INFO  client.GrpcClientProtocolClient (GrpcClientProtocolClient.java:onNext(264)) - client-964B0EA39D34->4234af2c-5377-4886-a4e8-6fe45d0af45e: receive RaftClientReply:client-964B0EA39D34->4234af2c-5377-4886-a4e8-6fe45d0af45e@group-A1165329A1F1, cid=3845, SUCCESS, logIndex=5813, commits[4234af2c-5377-4886-a4e8-6fe45d0af45e:c5813, cef72988-acf5-49ad-9ec7-695a80e7a66d:c5809, d677508c-6db9-4741-b51c-49af5e4cf22f:c5809]
2019-09-08 07:08:19,168 [grpc-default-executor-4] INFO  client.GrpcClientProtocolClient (GrpcClientProtocolClient.java:onNext(264)) - client-964B0EA39D34->4234af2c-5377-4886-a4e8-6fe45d0af45e: receive RaftClientReply:client-964B0EA39D34->4234af2c-5377-4886-a4e8-6fe45d0af45e@group-A1165329A1F1, cid=3846, SUCCESS, logIndex=0, commits[4234af2c-5377-4886-a4e8-6fe45d0af45e:c5815, cef72988-acf5-49ad-9ec7-695a80e7a66d:c5813, d677508c-6db9-4741-b51c-49af5e4cf22f:c5813]
2019-09-08 07:08:19,189 [grpc-default-executor-0] INFO  client.GrpcClientProtocolClient (GrpcClientProtocolClient.java:onNext(264)) - client-964B0EA39D34->4234af2c-5377-4886-a4e8-6fe45d0af45e: receive RaftClientReply:client-964B0EA39D34->4234af2c-5377-4886-a4e8-6fe45d0af45e@group-A1165329A1F1, cid=3847, SUCCESS, logIndex=5816, commits[4234af2c-5377-4886-a4e8-6fe45d0af45e:c5819, cef72988-acf5-49ad-9ec7-695a80e7a66d:c5813, d677508c-6db9-4741-b51c-49af5e4cf22f:c5815]
2019-09-08 07:08:19,190 [grpc-default-executor-0] INFO  client.GrpcClientProtocolClient (GrpcClientProtocolClient.java:onNext(264)) - client-964B0EA39D34->4234af2c-5377-4886-a4e8-6fe45d0af45e: receive RaftClientReply:client-964B0EA39D34->4234af2c-5377-4886-a4e8-6fe45d0af45e@group-A1165329A1F1, cid=3848, SUCCESS, logIndex=5817, commits[4234af2c-5377-4886-a4e8-6fe45d0af45e:c5819, cef72988-acf5-49ad-9ec7-695a80e7a66d:c5815, d677508c-6db9-4741-b51c-49af5e4cf22f:c5815]
2019-09-08 07:08:19,190 [grpc-default-executor-0] INFO  client.GrpcClientProtocolClient (GrpcClientProtocolClient.java:onNext(264)) - client-964B0EA39D34->4234af2c-5377-4886-a4e8-6fe45d0af45e: receive RaftClientReply:client-964B0EA39D34->4234af2c-5377-4886-a4e8-6fe45d0af45e@group-A1165329A1F1, cid=3849, SUCCESS, logIndex=5818, commits[4234af2c-5377-4886-a4e8-6fe45d0af45e:c5819, cef72988-acf5-49ad-9ec7-695a80e7a66d:c5815, d677508c-6db9-4741-b51c-49af5e4cf22f:c5815]
2019-09-08 07:08:19,190 [grpc-default-executor-0] INFO  client.GrpcClientProtocolClient (GrpcClientProtocolClient.java:onNext(264)) - client-964B0EA39D34->4234af2c-5377-4886-a4e8-6fe45d0af45e: receive RaftClientReply:client-964B0EA39D34->4234af2c-5377-4886-a4e8-6fe45d0af45e@group-A1165329A1F1, cid=3850, SUCCESS, logIndex=5819, commits[4234af2c-5377-4886-a4e8-6fe45d0af45e:c5819, cef72988-acf5-49ad-9ec7-695a80e7a66d:c5815, d677508c-6db9-4741-b51c-49af5e4cf22f:c5815]
2019-09-08 07:08:19,192 [grpc-default-executor-4] INFO  client.GrpcClientProtocolClient (GrpcClientProtocolClient.java:onNext(264)) - client-964B0EA39D34->4234af2c-5377-4886-a4e8-6fe45d0af45e: receive RaftClientReply:client-964B0EA39D34->4234af2c-5377-4886-a4e8-6fe45d0af45e@group-A1165329A1F1, cid=3851, SUCCESS, logIndex=0, commits[4234af2c-5377-4886-a4e8-6fe45d0af45e:c5821, cef72988-acf5-49ad-9ec7-695a80e7a66d:c5817, d677508c-6db9-4741-b51c-49af5e4cf22f:c5818]
2019-09-08 07:08:19,210 [grpc-default-executor-4] INFO  client.GrpcClientProtocolClient (GrpcClientProtocolClient.java:onNext(264)) - client-964B0EA39D34->4234af2c-5377-4886-a4e8-6fe45d0af45e: receive RaftClientReply:client-964B0EA39D34->4234af2c-5377-4886-a4e8-6fe45d0af45e@group-A1165329A1F1, cid=3852, SUCCESS, logIndex=5824, commits[4234af2c-5377-4886-a4e8-6fe45d0af45e:c5825, cef72988-acf5-49ad-9ec7-695a80e7a66d:c5823, d677508c-6db9-4741-b51c-49af5e4cf22f:c5823]
2019-09-08 07:08:19,210 [grpc-default-executor-4] INFO  client.GrpcClientProtocolClient (GrpcClientProtocolClient.java:onNext(264)) - client-964B0EA39D34->4234af2c-5377-4886-a4e8-6fe45d0af45e: receive RaftClientReply:client-964B0EA39D34->4234af2c-5377-4886-a4e8-6fe45d0af45e@group-A1165329A1F1, cid=3853, SUCCESS, logIndex=5825, commits[4234af2c-5377-4886-a4e8-6fe45d0af45e:c5825, cef72988-acf5-49ad-9ec7-695a80e7a66d:c5823, d677508c-6db9-4741-b51c-49af5e4cf22f:c5823]
2019-09-08 07:08:19,229 [grpc-default-executor-6] INFO  client.GrpcClientProtocolClient (GrpcClientProtocolClient.java:onNext(264)) - client-964B0EA39D34->4234af2c-5377-4886-a4e8-6fe45d0af45e: receive RaftClientReply:client-964B0EA39D34->4234af2c-5377-4886-a4e8-6fe45d0af45e@group-A1165329A1F1, cid=3854, SUCCESS, logIndex=5828, commits[4234af2c-5377-4886-a4e8-6fe45d0af45e:c5829, cef72988-acf5-49ad-9ec7-695a80e7a66d:c5825, d677508c-6db9-4741-b51c-49af5e4cf22f:c5825]
2019-09-08 07:08:19,229 [grpc-default-executor-6] INFO  client.GrpcClientProtocolClient (GrpcClientProtocolClient.java:onNext(264)) - client-964B0EA39D34->4234af2c-5377-4886-a4e8-6fe45d0af45e: receive RaftClientReply:client-964B0EA39D34->4234af2c-5377-4886-a4e8-6fe45d0af45e@group-A1165329A1F1, cid=3855, SUCCESS, logIndex=5829, commits[4234af2c-5377-4886-a4e8-6fe45d0af45e:c5829, cef72988-acf5-49ad-9ec7-695a80e7a66d:c5825, d677508c-6db9-4741-b51c-49af5e4cf22f:c5825]
2019-09-08 07:08:19,242 [grpc-default-executor-0] INFO  client.GrpcClientProtocolClient (GrpcClientProtocolClient.java:onNext(264)) - client-964B0EA39D34->4234af2c-5377-4886-a4e8-6fe45d0af45e: receive RaftClientReply:client-964B0EA39D34->4234af2c-5377-4886-a4e8-6fe45d0af45e@group-A1165329A1F1, cid=3856, SUCCESS, logIndex=0, commits[4234af2c-5377-4886-a4e8-6fe45d0af45e:c5831, cef72988-acf5-49ad-9ec7-695a80e7a66d:c5829, d677508c-6db9-4741-b51c-49af5e4cf22f:c5829]
2019-09-08 07:08:19,384 [grpc-default-executor-4] INFO  client.GrpcClientProtocolClient (GrpcClientProtocolClient.java:onNext(264)) - client-964B0EA39D34->4234af2c-5377-4886-a4e8-6fe45d0af45e: receive RaftClientReply:client-964B0EA39D34->4234af2c-5377-4886-a4e8-6fe45d0af45e@group-A1165329A1F1, cid=3857, SUCCESS, logIndex=5832, commits[4234af2c-5377-4886-a4e8-6fe45d0af45e:c5834, cef72988-acf5-49ad-9ec7-695a80e7a66d:c5831, d677508c-6db9-4741-b51c-49af5e4cf22f:c5831]
2019-09-08 07:08:19,385 [grpc-default-executor-4] INFO  client.GrpcClientProtocolClient (GrpcClientProtocolClient.java:onNext(264)) - client-964B0EA39D34->4234af2c-5377-4886-a4e8-6fe45d0af45e: receive RaftClientReply:client-964B0EA39D34->4234af2c-5377-4886-a4e8-6fe45d0af45e@group-A1165329A1F1, cid=3858, SUCCESS, logIndex=5833, commits[4234af2c-5377-4886-a4e8-6fe45d0af45e:c5835, cef72988-acf5-49ad-9ec7-695a80e7a66d:c5831, d677508c-6db9-4741-b51c-49af5e4cf22f:c5831]
2019-09-08 07:08:19,385 [grpc-default-executor-4] INFO  client.GrpcClientProtocolClient (GrpcClientProtocolClient.java:onNext(264)) - client-964B0EA39D34->4234af2c-5377-4886-a4e8-6fe45d0af45e: receive RaftClientReply:client-964B0EA39D34->4234af2c-5377-4886-a4e8-6fe45d0af45e@group-A1165329A1F1, cid=3859, SUCCESS, logIndex=5834, commits[4234af2c-5377-4886-a4e8-6fe45d0af45e:c5835, cef72988-acf5-49ad-9ec7-695a80e7a66d:c5831, d677508c-6db9-4741-b51c-49af5e4cf22f:c5831]
2019-09-08 07:08:19,386 [grpc-default-executor-4] INFO  client.GrpcClientProtocolClient (GrpcClientProtocolClient.java:onNext(264)) - client-964B0EA39D34->4234af2c-5377-4886-a4e8-6fe45d0af45e: receive RaftClientReply:client-964B0EA39D34->4234af2c-5377-4886-a4e8-6fe45d0af45e@group-A1165329A1F1, cid=3860, SUCCESS, logIndex=5835, commits[4234af2c-5377-4886-a4e8-6fe45d0af45e:c5835, cef72988-acf5-49ad-9ec7-695a80e7a66d:c5831, d677508c-6db9-4741-b51c-49af5e4cf22f:c5831]
2019-09-08 07:08:19,396 [grpc-default-executor-4] INFO  client.GrpcClientProtocolClient (GrpcClientProtocolClient.java:onNext(264)) - client-964B0EA39D34->4234af2c-5377-4886-a4e8-6fe45d0af45e: receive RaftClientReply:client-964B0EA39D34->4234af2c-5377-4886-a4e8-6fe45d0af45e@group-A1165329A1F1, cid=3861, SUCCESS, logIndex=0, commits[4234af2c-5377-4886-a4e8-6fe45d0af45e:c5836, cef72988-acf5-49ad-9ec7-695a80e7a66d:c5833, d677508c-6db9-4741-b51c-49af5e4cf22f:c5833]
2019-09-08 07:08:19,415 [grpc-default-executor-4] INFO  client.GrpcClientProtocolClient (GrpcClientProtocolClient.java:onNext(264)) - client-964B0EA39D34->4234af2c-5377-4886-a4e8-6fe45d0af45e: receive RaftClientReply:client-964B0EA39D34->4234af2c-5377-4886-a4e8-6fe45d0af45e@group-A1165329A1F1, cid=3862, SUCCESS, logIndex=5840, commits[4234af2c-5377-4886-a4e8-6fe45d0af45e:c5840, cef72988-acf5-49ad-9ec7-695a80e7a66d:c5839, d677508c-6db9-4741-b51c-49af5e4cf22f:c5839]
2019-09-08 07:08:19,416 [grpc-default-executor-4] INFO  client.GrpcClientProtocolClient (GrpcClientProtocolClient.java:onNext(264)) - client-964B0EA39D34->4234af2c-5377-4886-a4e8-6fe45d0af45e: receive RaftClientReply:client-964B0EA39D34->4234af2c-5377-4886-a4e8-6fe45d0af45e@group-A1165329A1F1, cid=3863, SUCCESS, logIndex=5841, commits[4234af2c-5377-4886-a4e8-6fe45d0af45e:c5841, cef72988-acf5-49ad-9ec7-695a80e7a66d:c5839, d677508c-6db9-4741-b51c-49af5e4cf22f:c5839]
2019-09-08 07:08:19,429 [grpc-default-executor-4] INFO  client.GrpcClientProtocolClient (GrpcClientProtocolClient.java:onNext(264)) - client-964B0EA39D34->4234af2c-5377-4886-a4e8-6fe45d0af45e: receive RaftClientReply:client-964B0EA39D34->4234af2c-5377-4886-a4e8-6fe45d0af45e@group-A1165329A1F1, cid=3864, SUCCESS, logIndex=5844, commits[4234af2c-5377-4886-a4e8-6fe45d0af45e:c5844, cef72988-acf5-49ad-9ec7-695a80e7a66d:c5841, d677508c-6db9-4741-b51c-49af5e4cf22f:c5841]
2019-09-08 07:08:19,429 [grpc-default-executor-4] INFO  client.GrpcClientProtocolClient (GrpcClientProtocolClient.java:onNext(264)) - client-964B0EA39D34->4234af2c-5377-4886-a4e8-6fe45d0af45e: receive RaftClientReply:client-964B0EA39D34->4234af2c-5377-4886-a4e8-6fe45d0af45e@group-A1165329A1F1, cid=3865, SUCCESS, logIndex=5845, commits[4234af2c-5377-4886-a4e8-6fe45d0af45e:c5845, cef72988-acf5-49ad-9ec7-695a80e7a66d:c5841, d677508c-6db9-4741-b51c-49af5e4cf22f:c5841]
2019-09-08 07:08:19,441 [grpc-default-executor-6] INFO  client.GrpcClientProtocolClient (GrpcClientProtocolClient.java:onNext(264)) - client-964B0EA39D34->4234af2c-5377-4886-a4e8-6fe45d0af45e: receive RaftClientReply:client-964B0EA39D34->4234af2c-5377-4886-a4e8-6fe45d0af45e@group-A1165329A1F1, cid=3866, SUCCESS, logIndex=0, commits[4234af2c-5377-4886-a4e8-6fe45d0af45e:c5847, cef72988-acf5-49ad-9ec7-695a80e7a66d:c5845, d677508c-6db9-4741-b51c-49af5e4cf22f:c5845]
2019-09-08 07:08:19,474 [grpc-default-executor-6] INFO  client.GrpcClientProtocolClient (GrpcClientProtocolClient.java:onNext(264)) - client-964B0EA39D34->4234af2c-5377-4886-a4e8-6fe45d0af45e: receive RaftClientReply:client-964B0EA39D34->4234af2c-5377-4886-a4e8-6fe45d0af45e@group-A1165329A1F1, cid=3867, SUCCESS, logIndex=5848, commits[4234af2c-5377-4886-a4e8-6fe45d0af45e:c5850, cef72988-acf5-49ad-9ec7-695a80e7a66d:c5847, d677508c-6db9-4741-b51c-49af5e4cf22f:c5847]
2019-09-08 07:08:19,474 [grpc-default-executor-6] INFO  client.GrpcClientProtocolClient (GrpcClientProtocolClient.java:onNext(264)) - client-964B0EA39D34->4234af2c-5377-4886-a4e8-6fe45d0af45e: receive RaftClientReply:client-964B0EA39D34->4234af2c-5377-4886-a4e8-6fe45d0af45e@group-A1165329A1F1, cid=3868, SUCCESS, logIndex=5849, commits[4234af2c-5377-4886-a4e8-6fe45d0af45e:c5851, cef72988-acf5-49ad-9ec7-695a80e7a66d:c5847, d677508c-6db9-4741-b51c-49af5e4cf22f:c5847]
2019-09-08 07:08:19,474 [grpc-default-executor-6] INFO  client.GrpcClientProtocolClient (GrpcClientProtocolClient.java:onNext(264)) - client-964B0EA39D34->4234af2c-5377-4886-a4e8-6fe45d0af45e: receive RaftClientReply:client-964B0EA39D34->4234af2c-5377-4886-a4e8-6fe45d0af45e@group-A1165329A1F1, cid=3869, SUCCESS, logIndex=5850, commits[4234af2c-5377-4886-a4e8-6fe45d0af45e:c5851, cef72988-acf5-49ad-9ec7-695a80e7a66d:c5847, d677508c-6db9-4741-b51c-49af5e4cf22f:c5847]
2019-09-08 07:08:19,474 [grpc-default-executor-6] INFO  client.GrpcClientProtocolClient (GrpcClientProtocolClient.java:onNext(264)) - client-964B0EA39D34->4234af2c-5377-4886-a4e8-6fe45d0af45e: receive RaftClientReply:client-964B0EA39D34->4234af2c-5377-4886-a4e8-6fe45d0af45e@group-A1165329A1F1, cid=3870, SUCCESS, logIndex=5851, commits[4234af2c-5377-4886-a4e8-6fe45d0af45e:c5851, cef72988-acf5-49ad-9ec7-695a80e7a66d:c5847, d677508c-6db9-4741-b51c-49af5e4cf22f:c5847]
2019-09-08 07:08:19,486 [grpc-default-executor-6] INFO  client.GrpcClientProtocolClient (GrpcClientProtocolClient.java:onNext(264)) - client-964B0EA39D34->4234af2c-5377-4886-a4e8-6fe45d0af45e: receive RaftClientReply:client-964B0EA39D34->4234af2c-5377-4886-a4e8-6fe45d0af45e@group-A1165329A1F1, cid=3871, SUCCESS, logIndex=0, commits[4234af2c-5377-4886-a4e8-6fe45d0af45e:c5854, cef72988-acf5-49ad-9ec7-695a80e7a66d:c5850, d677508c-6db9-4741-b51c-49af5e4cf22f:c5850]
2019-09-08 07:08:19,511 [grpc-default-executor-6] INFO  client.GrpcClientProtocolClient (GrpcClientProtocolClient.java:onNext(264)) - client-964B0EA39D34->4234af2c-5377-4886-a4e8-6fe45d0af45e: receive RaftClientReply:client-964B0EA39D34->4234af2c-5377-4886-a4e8-6fe45d0af45e@group-A1165329A1F1, cid=3872, SUCCESS, logIndex=5856, commits[4234af2c-5377-4886-a4e8-6fe45d0af45e:c5857, cef72988-acf5-49ad-9ec7-695a80e7a66d:c5851, d677508c-6db9-4741-b51c-49af5e4cf22f:c5855]
2019-09-08 07:08:19,511 [grpc-default-executor-6] INFO  client.GrpcClientProtocolClient (GrpcClientProtocolClient.java:onNext(264)) - client-964B0EA39D34->4234af2c-5377-4886-a4e8-6fe45d0af45e: receive RaftClientReply:client-964B0EA39D34->4234af2c-5377-4886-a4e8-6fe45d0af45e@group-A1165329A1F1, cid=3873, SUCCESS, logIndex=5857, commits[4234af2c-5377-4886-a4e8-6fe45d0af45e:c5857, cef72988-acf5-49ad-9ec7-695a80e7a66d:c5855, d677508c-6db9-4741-b51c-49af5e4cf22f:c5855]
2019-09-08 07:08:19,530 [grpc-default-executor-6] INFO  client.GrpcClientProtocolClient (GrpcClientProtocolClient.java:onNext(264)) - client-964B0EA39D34->4234af2c-5377-4886-a4e8-6fe45d0af45e: receive RaftClientReply:client-964B0EA39D34->4234af2c-5377-4886-a4e8-6fe45d0af45e@group-A1165329A1F1, cid=3874, SUCCESS, logIndex=5860, commits[4234af2c-5377-4886-a4e8-6fe45d0af45e:c5860, cef72988-acf5-49ad-9ec7-695a80e7a66d:c5859, d677508c-6db9-4741-b51c-49af5e4cf22f:c5859]
2019-09-08 07:08:19,531 [grpc-default-executor-6] INFO  client.GrpcClientProtocolClient (GrpcClientProtocolClient.java:onNext(264)) - client-964B0EA39D34->4234af2c-5377-4886-a4e8-6fe45d0af45e: receive RaftClientReply:client-964B0EA39D34->4234af2c-5377-4886-a4e8-6fe45d0af45e@group-A1165329A1F1, cid=3875, SUCCESS, logIndex=5861, commits[4234af2c-5377-4886-a4e8-6fe45d0af45e:c5861, cef72988-acf5-49ad-9ec7-695a80e7a66d:c5859, d677508c-6db9-4741-b51c-49af5e4cf22f:c5859]
2019-09-08 07:08:19,543 [grpc-default-executor-6] INFO  client.GrpcClientProtocolClient (GrpcClientProtocolClient.java:onNext(264)) - client-964B0EA39D34->4234af2c-5377-4886-a4e8-6fe45d0af45e: receive RaftClientReply:client-964B0EA39D34->4234af2c-5377-4886-a4e8-6fe45d0af45e@group-A1165329A1F1, cid=3876, SUCCESS, logIndex=0, commits[4234af2c-5377-4886-a4e8-6fe45d0af45e:c5863, cef72988-acf5-49ad-9ec7-695a80e7a66d:c5861, d677508c-6db9-4741-b51c-49af5e4cf22f:c5861]
2019-09-08 07:08:19,570 [grpc-default-executor-6] INFO  client.GrpcClientProtocolClient (GrpcClientProtocolClient.java:onNext(264)) - client-964B0EA39D34->4234af2c-5377-4886-a4e8-6fe45d0af45e: receive RaftClientReply:client-964B0EA39D34->4234af2c-5377-4886-a4e8-6fe45d0af45e@group-A1165329A1F1, cid=3877, SUCCESS, logIndex=5864, commits[4234af2c-5377-4886-a4e8-6fe45d0af45e:c5865, cef72988-acf5-49ad-9ec7-695a80e7a66d:c5863, d677508c-6db9-4741-b51c-49af5e4cf22f:c5863]
2019-09-08 07:08:19,571 [grpc-default-executor-6] INFO  client.GrpcClientProtocolClient (GrpcClientProtocolClient.java:onNext(264)) - client-964B0EA39D34->4234af2c-5377-4886-a4e8-6fe45d0af45e: receive RaftClientReply:client-964B0EA39D34->4234af2c-5377-4886-a4e8-6fe45d0af45e@group-A1165329A1F1, cid=3878, SUCCESS, logIndex=5865, commits[4234af2c-5377-4886-a4e8-6fe45d0af45e:c5867, cef72988-acf5-49ad-9ec7-695a80e7a66d:c5863, d677508c-6db9-4741-b51c-49af5e4cf22f:c5863]
2019-09-08 07:08:19,571 [grpc-default-executor-6] INFO  client.GrpcClientProtocolClient (GrpcClientProtocolClient.java:onNext(264)) - client-964B0EA39D34->4234af2c-5377-4886-a4e8-6fe45d0af45e: receive RaftClientReply:client-964B0EA39D34->4234af2c-5377-4886-a4e8-6fe45d0af45e@group-A1165329A1F1, cid=3879, SUCCESS, logIndex=5866, commits[4234af2c-5377-4886-a4e8-6fe45d0af45e:c5867, cef72988-acf5-49ad-9ec7-695a80e7a66d:c5863, d677508c-6db9-4741-b51c-49af5e4cf22f:c5863]
2019-09-08 07:08:19,571 [grpc-default-executor-3] INFO  client.GrpcClientProtocolClient (GrpcClientProtocolClient.java:onNext(264)) - client-964B0EA39D34->4234af2c-5377-4886-a4e8-6fe45d0af45e: receive RaftClientReply:client-964B0EA39D34->4234af2c-5377-4886-a4e8-6fe45d0af45e@group-A1165329A1F1, cid=3880, SUCCESS, logIndex=5867, commits[4234af2c-5377-4886-a4e8-6fe45d0af45e:c5867, cef72988-acf5-49ad-9ec7-695a80e7a66d:c5863, d677508c-6db9-4741-b51c-49af5e4cf22f:c5863]
2019-09-08 07:08:19,573 [grpc-default-executor-3] INFO  client.GrpcClientProtocolClient (GrpcClientProtocolClient.java:onNext(264)) - client-964B0EA39D34->4234af2c-5377-4886-a4e8-6fe45d0af45e: receive RaftClientReply:client-964B0EA39D34->4234af2c-5377-4886-a4e8-6fe45d0af45e@group-A1165329A1F1, cid=3881, SUCCESS, logIndex=0, commits[4234af2c-5377-4886-a4e8-6fe45d0af45e:c5869, cef72988-acf5-49ad-9ec7-695a80e7a66d:c5865, d677508c-6db9-4741-b51c-49af5e4cf22f:c5865]
2019-09-08 07:08:19,610 [grpc-default-executor-4] INFO  client.GrpcClientProtocolClient (GrpcClientProtocolClient.java:onNext(264)) - client-964B0EA39D34->4234af2c-5377-4886-a4e8-6fe45d0af45e: receive RaftClientReply:client-964B0EA39D34->4234af2c-5377-4886-a4e8-6fe45d0af45e@group-A1165329A1F1, cid=3882, SUCCESS, logIndex=5872, commits[4234af2c-5377-4886-a4e8-6fe45d0af45e:c5873, cef72988-acf5-49ad-9ec7-695a80e7a66d:c5871, d677508c-6db9-4741-b51c-49af5e4cf22f:c5871]
2019-09-08 07:08:19,610 [grpc-default-executor-4] INFO  client.GrpcClientProtocolClient (GrpcClientProtocolClient.java:onNext(264)) - client-964B0EA39D34->4234af2c-5377-4886-a4e8-6fe45d0af45e: receive RaftClientReply:client-964B0EA39D34->4234af2c-5377-4886-a4e8-6fe45d0af45e@group-A1165329A1F1, cid=3883, SUCCESS, logIndex=5873, commits[4234af2c-5377-4886-a4e8-6fe45d0af45e:c5873, cef72988-acf5-49ad-9ec7-695a80e7a66d:c5871, d677508c-6db9-4741-b51c-49af5e4cf22f:c5871]
2019-09-08 07:08:19,623 [grpc-default-executor-6] INFO  client.GrpcClientProtocolClient (GrpcClientProtocolClient.java:onNext(264)) - client-964B0EA39D34->4234af2c-5377-4886-a4e8-6fe45d0af45e: receive RaftClientReply:client-964B0EA39D34->4234af2c-5377-4886-a4e8-6fe45d0af45e@group-A1165329A1F1, cid=3884, SUCCESS, logIndex=5876, commits[4234af2c-5377-4886-a4e8-6fe45d0af45e:c5877, cef72988-acf5-49ad-9ec7-695a80e7a66d:c5873, d677508c-6db9-4741-b51c-49af5e4cf22f:c5873]
2019-09-08 07:08:19,623 [grpc-default-executor-6] INFO  client.GrpcClientProtocolClient (GrpcClientProtocolClient.java:onNext(264)) - client-964B0EA39D34->4234af2c-5377-4886-a4e8-6fe45d0af45e: receive RaftClientReply:client-964B0EA39D34->4234af2c-5377-4886-a4e8-6fe45d0af45e@group-A1165329A1F1, cid=3885, SUCCESS, logIndex=5877, commits[4234af2c-5377-4886-a4e8-6fe45d0af45e:c5877, cef72988-acf5-49ad-9ec7-695a80e7a66d:c5873, d677508c-6db9-4741-b51c-49af5e4cf22f:c5873]
2019-09-08 07:08:19,635 [grpc-default-executor-6] INFO  client.GrpcClientProtocolClient (GrpcClientProtocolClient.java:onNext(264)) - client-964B0EA39D34->4234af2c-5377-4886-a4e8-6fe45d0af45e: receive RaftClientReply:client-964B0EA39D34->4234af2c-5377-4886-a4e8-6fe45d0af45e@group-A1165329A1F1, cid=3886, SUCCESS, logIndex=0, commits[4234af2c-5377-4886-a4e8-6fe45d0af45e:c5879, cef72988-acf5-49ad-9ec7-695a80e7a66d:c5877, d677508c-6db9-4741-b51c-49af5e4cf22f:c5877]
2019-09-08 07:08:19,668 [grpc-default-executor-4] INFO  client.GrpcClientProtocolClient (GrpcClientProtocolClient.java:onNext(264)) - client-964B0EA39D34->4234af2c-5377-4886-a4e8-6fe45d0af45e: receive RaftClientReply:client-964B0EA39D34->4234af2c-5377-4886-a4e8-6fe45d0af45e@group-A1165329A1F1, cid=3887, SUCCESS, logIndex=5880, commits[4234af2c-5377-4886-a4e8-6fe45d0af45e:c5881, cef72988-acf5-49ad-9ec7-695a80e7a66d:c5879, d677508c-6db9-4741-b51c-49af5e4cf22f:c5879]
2019-09-08 07:08:19,668 [grpc-default-executor-4] INFO  client.GrpcClientProtocolClient (GrpcClientProtocolClient.java:onNext(264)) - client-964B0EA39D34->4234af2c-5377-4886-a4e8-6fe45d0af45e: receive RaftClientReply:client-964B0EA39D34->4234af2c-5377-4886-a4e8-6fe45d0af45e@group-A1165329A1F1, cid=3888, SUCCESS, logIndex=5881, commits[4234af2c-5377-4886-a4e8-6fe45d0af45e:c5883, cef72988-acf5-49ad-9ec7-695a80e7a66d:c5879, d677508c-6db9-4741-b51c-49af5e4cf22f:c5879]
2019-09-08 07:08:19,669 [grpc-default-executor-4] INFO  client.GrpcClientProtocolClient (GrpcClientProtocolClient.java:onNext(264)) - client-964B0EA39D34->4234af2c-5377-4886-a4e8-6fe45d0af45e: receive RaftClientReply:client-964B0EA39D34->4234af2c-5377-4886-a4e8-6fe45d0af45e@group-A1165329A1F1, cid=3889, SUCCESS, logIndex=5882, commits[4234af2c-5377-4886-a4e8-6fe45d0af45e:c5883, cef72988-acf5-49ad-9ec7-695a80e7a66d:c5879, d677508c-6db9-4741-b51c-49af5e4cf22f:c5879]
2019-09-08 07:08:19,669 [grpc-default-executor-4] INFO  client.GrpcClientProtocolClient (GrpcClientProtocolClient.java:onNext(264)) - client-964B0EA39D34->4234af2c-5377-4886-a4e8-6fe45d0af45e: receive RaftClientReply:client-964B0EA39D34->4234af2c-5377-4886-a4e8-6fe45d0af45e@group-A1165329A1F1, cid=3890, SUCCESS, logIndex=5883, commits[4234af2c-5377-4886-a4e8-6fe45d0af45e:c5883, cef72988-acf5-49ad-9ec7-695a80e7a66d:c5879, d677508c-6db9-4741-b51c-49af5e4cf22f:c5879]
2019-09-08 07:08:19,670 [grpc-default-executor-4] INFO  client.GrpcClientProtocolClient (GrpcClientProtocolClient.java:onNext(264)) - client-964B0EA39D34->4234af2c-5377-4886-a4e8-6fe45d0af45e: receive RaftClientReply:client-964B0EA39D34->4234af2c-5377-4886-a4e8-6fe45d0af45e@group-A1165329A1F1, cid=3891, SUCCESS, logIndex=0, commits[4234af2c-5377-4886-a4e8-6fe45d0af45e:c5885, cef72988-acf5-49ad-9ec7-695a80e7a66d:c5881, d677508c-6db9-4741-b51c-49af5e4cf22f:c5881]
2019-09-08 07:08:19,690 [grpc-default-executor-6] INFO  client.GrpcClientProtocolClient (GrpcClientProtocolClient.java:onNext(264)) - client-964B0EA39D34->4234af2c-5377-4886-a4e8-6fe45d0af45e: receive RaftClientReply:client-964B0EA39D34->4234af2c-5377-4886-a4e8-6fe45d0af45e@group-A1165329A1F1, cid=3892, SUCCESS, logIndex=5888, commits[4234af2c-5377-4886-a4e8-6fe45d0af45e:c5889, cef72988-acf5-49ad-9ec7-695a80e7a66d:c5887, d677508c-6db9-4741-b51c-49af5e4cf22f:c5887]
2019-09-08 07:08:19,691 [grpc-default-executor-6] INFO  client.GrpcClientProtocolClient (GrpcClientProtocolClient.java:onNext(264)) - client-964B0EA39D34->4234af2c-5377-4886-a4e8-6fe45d0af45e: receive RaftClientReply:client-964B0EA39D34->4234af2c-5377-4886-a4e8-6fe45d0af45e@group-A1165329A1F1, cid=3893, SUCCESS, logIndex=5889, commits[4234af2c-5377-4886-a4e8-6fe45d0af45e:c5889, cef72988-acf5-49ad-9ec7-695a80e7a66d:c5887, d677508c-6db9-4741-b51c-49af5e4cf22f:c5887]
2019-09-08 07:08:19,704 [grpc-default-executor-4] INFO  client.GrpcClientProtocolClient (GrpcClientProtocolClient.java:onNext(264)) - client-964B0EA39D34->4234af2c-5377-4886-a4e8-6fe45d0af45e: receive RaftClientReply:client-964B0EA39D34->4234af2c-5377-4886-a4e8-6fe45d0af45e@group-A1165329A1F1, cid=3894, SUCCESS, logIndex=5892, commits[4234af2c-5377-4886-a4e8-6fe45d0af45e:c5892, cef72988-acf5-49ad-9ec7-695a80e7a66d:c5889, d677508c-6db9-4741-b51c-49af5e4cf22f:c5889]
2019-09-08 07:08:19,704 [grpc-default-executor-4] INFO  client.GrpcClientProtocolClient (GrpcClientProtocolClient.java:onNext(264)) - client-964B0EA39D34->4234af2c-5377-4886-a4e8-6fe45d0af45e: receive RaftClientReply:client-964B0EA39D34->4234af2c-5377-4886-a4e8-6fe45d0af45e@group-A1165329A1F1, cid=3895, SUCCESS, logIndex=5893, commits[4234af2c-5377-4886-a4e8-6fe45d0af45e:c5893, cef72988-acf5-49ad-9ec7-695a80e7a66d:c5889, d677508c-6db9-4741-b51c-49af5e4cf22f:c5889]
2019-09-08 07:08:19,716 [grpc-default-executor-4] INFO  client.GrpcClientProtocolClient (GrpcClientProtocolClient.java:onNext(264)) - client-964B0EA39D34->4234af2c-5377-4886-a4e8-6fe45d0af45e: receive RaftClientReply:client-964B0EA39D34->4234af2c-5377-4886-a4e8-6fe45d0af45e@group-A1165329A1F1, cid=3896, SUCCESS, logIndex=0, commits[4234af2c-5377-4886-a4e8-6fe45d0af45e:c5895, cef72988-acf5-49ad-9ec7-695a80e7a66d:c5893, d677508c-6db9-4741-b51c-49af5e4cf22f:c5893]
2019-09-08 07:08:19,737 [grpc-default-executor-3] INFO  client.GrpcClientProtocolClient (GrpcClientProtocolClient.java:onNext(264)) - client-964B0EA39D34->4234af2c-5377-4886-a4e8-6fe45d0af45e: receive RaftClientReply:client-964B0EA39D34->4234af2c-5377-4886-a4e8-6fe45d0af45e@group-A1165329A1F1, cid=3897, SUCCESS, logIndex=5896, commits[4234af2c-5377-4886-a4e8-6fe45d0af45e:c5897, cef72988-acf5-49ad-9ec7-695a80e7a66d:c5893, d677508c-6db9-4741-b51c-49af5e4cf22f:c5895]
2019-09-08 07:08:19,737 [grpc-default-executor-6] INFO  client.GrpcClientProtocolClient (GrpcClientProtocolClient.java:onNext(264)) - client-964B0EA39D34->4234af2c-5377-4886-a4e8-6fe45d0af45e: receive RaftClientReply:client-964B0EA39D34->4234af2c-5377-4886-a4e8-6fe45d0af45e@group-A1165329A1F1, cid=3898, SUCCESS, logIndex=5897, commits[4234af2c-5377-4886-a4e8-6fe45d0af45e:c5899, cef72988-acf5-49ad-9ec7-695a80e7a66d:c5895, d677508c-6db9-4741-b51c-49af5e4cf22f:c5895]
2019-09-08 07:08:19,738 [grpc-default-executor-6] INFO  client.GrpcClientProtocolClient (GrpcClientProtocolClient.java:onNext(264)) - client-964B0EA39D34->4234af2c-5377-4886-a4e8-6fe45d0af45e: receive RaftClientReply:client-964B0EA39D34->4234af2c-5377-4886-a4e8-6fe45d0af45e@group-A1165329A1F1, cid=3899, SUCCESS, logIndex=5898, commits[4234af2c-5377-4886-a4e8-6fe45d0af45e:c5899, cef72988-acf5-49ad-9ec7-695a80e7a66d:c5895, d677508c-6db9-4741-b51c-49af5e4cf22f:c5895]
2019-09-08 07:08:19,738 [grpc-default-executor-6] INFO  client.GrpcClientProtocolClient (GrpcClientProtocolClient.java:onNext(264)) - client-964B0EA39D34->4234af2c-5377-4886-a4e8-6fe45d0af45e: receive RaftClientReply:client-964B0EA39D34->4234af2c-5377-4886-a4e8-6fe45d0af45e@group-A1165329A1F1, cid=3900, SUCCESS, logIndex=5899, commits[4234af2c-5377-4886-a4e8-6fe45d0af45e:c5900, cef72988-acf5-49ad-9ec7-695a80e7a66d:c5897, d677508c-6db9-4741-b51c-49af5e4cf22f:c5895]
2019-09-08 07:08:19,739 [grpc-default-executor-6] INFO  client.GrpcClientProtocolClient (GrpcClientProtocolClient.java:onNext(264)) - client-964B0EA39D34->4234af2c-5377-4886-a4e8-6fe45d0af45e: receive RaftClientReply:client-964B0EA39D34->4234af2c-5377-4886-a4e8-6fe45d0af45e@group-A1165329A1F1, cid=3901, SUCCESS, logIndex=0, commits[4234af2c-5377-4886-a4e8-6fe45d0af45e:c5900, cef72988-acf5-49ad-9ec7-695a80e7a66d:c5897, d677508c-6db9-4741-b51c-49af5e4cf22f:c5897]
2019-09-08 07:08:19,757 [grpc-default-executor-3] INFO  client.GrpcClientProtocolClient (GrpcClientProtocolClient.java:onNext(264)) - client-964B0EA39D34->4234af2c-5377-4886-a4e8-6fe45d0af45e: receive RaftClientReply:client-964B0EA39D34->4234af2c-5377-4886-a4e8-6fe45d0af45e@group-A1165329A1F1, cid=3902, SUCCESS, logIndex=5904, commits[4234af2c-5377-4886-a4e8-6fe45d0af45e:c5905, cef72988-acf5-49ad-9ec7-695a80e7a66d:c5903, d677508c-6db9-4741-b51c-49af5e4cf22f:c5903]
2019-09-08 07:08:19,757 [grpc-default-executor-3] INFO  client.GrpcClientProtocolClient (GrpcClientProtocolClient.java:onNext(264)) - client-964B0EA39D34->4234af2c-5377-4886-a4e8-6fe45d0af45e: receive RaftClientReply:client-964B0EA39D34->4234af2c-5377-4886-a4e8-6fe45d0af45e@group-A1165329A1F1, cid=3903, SUCCESS, logIndex=5905, commits[4234af2c-5377-4886-a4e8-6fe45d0af45e:c5905, cef72988-acf5-49ad-9ec7-695a80e7a66d:c5903, d677508c-6db9-4741-b51c-49af5e4cf22f:c5903]
2019-09-08 07:08:19,770 [grpc-default-executor-4] INFO  client.GrpcClientProtocolClient (GrpcClientProtocolClient.java:onNext(264)) - client-964B0EA39D34->4234af2c-5377-4886-a4e8-6fe45d0af45e: receive RaftClientReply:client-964B0EA39D34->4234af2c-5377-4886-a4e8-6fe45d0af45e@group-A1165329A1F1, cid=3904, SUCCESS, logIndex=5908, commits[4234af2c-5377-4886-a4e8-6fe45d0af45e:c5909, cef72988-acf5-49ad-9ec7-695a80e7a66d:c5905, d677508c-6db9-4741-b51c-49af5e4cf22f:c5905]
2019-09-08 07:08:19,770 [grpc-default-executor-4] INFO  client.GrpcClientProtocolClient (GrpcClientProtocolClient.java:onNext(264)) - client-964B0EA39D34->4234af2c-5377-4886-a4e8-6fe45d0af45e: receive RaftClientReply:client-964B0EA39D34->4234af2c-5377-4886-a4e8-6fe45d0af45e@group-A1165329A1F1, cid=3905, SUCCESS, logIndex=5909, commits[4234af2c-5377-4886-a4e8-6fe45d0af45e:c5909, cef72988-acf5-49ad-9ec7-695a80e7a66d:c5905, d677508c-6db9-4741-b51c-49af5e4cf22f:c5905]
2019-09-08 07:08:19,782 [grpc-default-executor-4] INFO  client.GrpcClientProtocolClient (GrpcClientProtocolClient.java:onNext(264)) - client-964B0EA39D34->4234af2c-5377-4886-a4e8-6fe45d0af45e: receive RaftClientReply:client-964B0EA39D34->4234af2c-5377-4886-a4e8-6fe45d0af45e@group-A1165329A1F1, cid=3906, SUCCESS, logIndex=0, commits[4234af2c-5377-4886-a4e8-6fe45d0af45e:c5911, cef72988-acf5-49ad-9ec7-695a80e7a66d:c5909, d677508c-6db9-4741-b51c-49af5e4cf22f:c5909]
2019-09-08 07:08:19,811 [grpc-default-executor-3] INFO  client.GrpcClientProtocolClient (GrpcClientProtocolClient.java:onNext(264)) - client-964B0EA39D34->4234af2c-5377-4886-a4e8-6fe45d0af45e: receive RaftClientReply:client-964B0EA39D34->4234af2c-5377-4886-a4e8-6fe45d0af45e@group-A1165329A1F1, cid=3907, SUCCESS, logIndex=5912, commits[4234af2c-5377-4886-a4e8-6fe45d0af45e:c5913, cef72988-acf5-49ad-9ec7-695a80e7a66d:c5911, d677508c-6db9-4741-b51c-49af5e4cf22f:c5909]
2019-09-08 07:08:19,812 [grpc-default-executor-3] INFO  client.GrpcClientProtocolClient (GrpcClientProtocolClient.java:onNext(264)) - client-964B0EA39D34->4234af2c-5377-4886-a4e8-6fe45d0af45e: receive RaftClientReply:client-964B0EA39D34->4234af2c-5377-4886-a4e8-6fe45d0af45e@group-A1165329A1F1, cid=3908, SUCCESS, logIndex=5913, commits[4234af2c-5377-4886-a4e8-6fe45d0af45e:c5913, cef72988-acf5-49ad-9ec7-695a80e7a66d:c5911, d677508c-6db9-4741-b51c-49af5e4cf22f:c5909]
2019-09-08 07:08:19,814 [grpc-default-executor-6] INFO  client.GrpcClientProtocolClient (GrpcClientProtocolClient.java:onNext(264)) - client-964B0EA39D34->4234af2c-5377-4886-a4e8-6fe45d0af45e: receive RaftClientReply:client-964B0EA39D34->4234af2c-5377-4886-a4e8-6fe45d0af45e@group-A1165329A1F1, cid=3909, SUCCESS, logIndex=5914, commits[4234af2c-5377-4886-a4e8-6fe45d0af45e:c5914, cef72988-acf5-49ad-9ec7-695a80e7a66d:c5911, d677508c-6db9-4741-b51c-49af5e4cf22f:c5911]
2019-09-08 07:08:19,815 [grpc-default-executor-6] INFO  client.GrpcClientProtocolClient (GrpcClientProtocolClient.java:onNext(264)) - client-964B0EA39D34->4234af2c-5377-4886-a4e8-6fe45d0af45e: receive RaftClientReply:client-964B0EA39D34->4234af2c-5377-4886-a4e8-6fe45d0af45e@group-A1165329A1F1, cid=3910, SUCCESS, logIndex=5915, commits[4234af2c-5377-4886-a4e8-6fe45d0af45e:c5915, cef72988-acf5-49ad-9ec7-695a80e7a66d:c5911, d677508c-6db9-4741-b51c-49af5e4cf22f:c5911]
2019-09-08 07:08:19,826 [grpc-default-executor-6] INFO  client.GrpcClientProtocolClient (GrpcClientProtocolClient.java:onNext(264)) - client-964B0EA39D34->4234af2c-5377-4886-a4e8-6fe45d0af45e: receive RaftClientReply:client-964B0EA39D34->4234af2c-5377-4886-a4e8-6fe45d0af45e@group-A1165329A1F1, cid=3911, SUCCESS, logIndex=0, commits[4234af2c-5377-4886-a4e8-6fe45d0af45e:c5917, cef72988-acf5-49ad-9ec7-695a80e7a66d:c5913, d677508c-6db9-4741-b51c-49af5e4cf22f:c5913]
2019-09-08 07:08:19,838 [grpc-default-executor-6] INFO  client.GrpcClientProtocolClient (GrpcClientProtocolClient.java:onNext(264)) - client-964B0EA39D34->4234af2c-5377-4886-a4e8-6fe45d0af45e: receive RaftClientReply:client-964B0EA39D34->4234af2c-5377-4886-a4e8-6fe45d0af45e@group-A1165329A1F1, cid=3912, SUCCESS, logIndex=5920, commits[4234af2c-5377-4886-a4e8-6fe45d0af45e:c5921, cef72988-acf5-49ad-9ec7-695a80e7a66d:c5918, d677508c-6db9-4741-b51c-49af5e4cf22f:c5915]
2019-09-08 07:08:19,839 [grpc-default-executor-6] INFO  client.GrpcClientProtocolClient (GrpcClientProtocolClient.java:onNext(264)) - client-964B0EA39D34->4234af2c-5377-4886-a4e8-6fe45d0af45e: receive RaftClientReply:client-964B0EA39D34->4234af2c-5377-4886-a4e8-6fe45d0af45e@group-A1165329A1F1, cid=3913, SUCCESS, logIndex=5921, commits[4234af2c-5377-4886-a4e8-6fe45d0af45e:c5921, cef72988-acf5-49ad-9ec7-695a80e7a66d:c5918, d677508c-6db9-4741-b51c-49af5e4cf22f:c5915]
2019-09-08 07:08:19,856 [grpc-default-executor-4] INFO  client.GrpcClientProtocolClient (GrpcClientProtocolClient.java:onNext(264)) - client-964B0EA39D34->4234af2c-5377-4886-a4e8-6fe45d0af45e: receive RaftClientReply:client-964B0EA39D34->4234af2c-5377-4886-a4e8-6fe45d0af45e@group-A1165329A1F1, cid=3914, SUCCESS, logIndex=5924, commits[4234af2c-5377-4886-a4e8-6fe45d0af45e:c5925, cef72988-acf5-49ad-9ec7-695a80e7a66d:c5923, d677508c-6db9-4741-b51c-49af5e4cf22f:c5923]
2019-09-08 07:08:19,856 [grpc-default-executor-4] INFO  client.GrpcClientProtocolClient (GrpcClientProtocolClient.java:onNext(264)) - client-964B0EA39D34->4234af2c-5377-4886-a4e8-6fe45d0af45e: receive RaftClientReply:client-964B0EA39D34->4234af2c-5377-4886-a4e8-6fe45d0af45e@group-A1165329A1F1, cid=3915, SUCCESS, logIndex=5925, commits[4234af2c-5377-4886-a4e8-6fe45d0af45e:c5925, cef72988-acf5-49ad-9ec7-695a80e7a66d:c5923, d677508c-6db9-4741-b51c-49af5e4cf22f:c5923]
2019-09-08 07:08:19,870 [grpc-default-executor-4] INFO  client.GrpcClientProtocolClient (GrpcClientProtocolClient.java:onNext(264)) - client-964B0EA39D34->4234af2c-5377-4886-a4e8-6fe45d0af45e: receive RaftClientReply:client-964B0EA39D34->4234af2c-5377-4886-a4e8-6fe45d0af45e@group-A1165329A1F1, cid=3916, SUCCESS, logIndex=0, commits[4234af2c-5377-4886-a4e8-6fe45d0af45e:c5927, cef72988-acf5-49ad-9ec7-695a80e7a66d:c5925, d677508c-6db9-4741-b51c-49af5e4cf22f:c5925]
2019-09-08 07:08:19,898 [grpc-default-executor-3] INFO  client.GrpcClientProtocolClient (GrpcClientProtocolClient.java:onNext(264)) - client-964B0EA39D34->4234af2c-5377-4886-a4e8-6fe45d0af45e: receive RaftClientReply:client-964B0EA39D34->4234af2c-5377-4886-a4e8-6fe45d0af45e@group-A1165329A1F1, cid=3917, SUCCESS, logIndex=5928, commits[4234af2c-5377-4886-a4e8-6fe45d0af45e:c5929, cef72988-acf5-49ad-9ec7-695a80e7a66d:c5927, d677508c-6db9-4741-b51c-49af5e4cf22f:c5927]
2019-09-08 07:08:19,899 [grpc-default-executor-3] INFO  client.GrpcClientProtocolClient (GrpcClientProtocolClient.java:onNext(264)) - client-964B0EA39D34->4234af2c-5377-4886-a4e8-6fe45d0af45e: receive RaftClientReply:client-964B0EA39D34->4234af2c-5377-4886-a4e8-6fe45d0af45e@group-A1165329A1F1, cid=3918, SUCCESS, logIndex=5929, commits[4234af2c-5377-4886-a4e8-6fe45d0af45e:c5929, cef72988-acf5-49ad-9ec7-695a80e7a66d:c5927, d677508c-6db9-4741-b51c-49af5e4cf22f:c5927]
2019-09-08 07:08:19,899 [grpc-default-executor-3] INFO  client.GrpcClientProtocolClient (GrpcClientProtocolClient.java:onNext(264)) - client-964B0EA39D34->4234af2c-5377-4886-a4e8-6fe45d0af45e: receive RaftClientReply:client-964B0EA39D34->4234af2c-5377-4886-a4e8-6fe45d0af45e@group-A1165329A1F1, cid=3919, SUCCESS, logIndex=5930, commits[4234af2c-5377-4886-a4e8-6fe45d0af45e:c5931, cef72988-acf5-49ad-9ec7-695a80e7a66d:c5927, d677508c-6db9-4741-b51c-49af5e4cf22f:c5927]
2019-09-08 07:08:19,900 [grpc-default-executor-3] INFO  client.GrpcClientProtocolClient (GrpcClientProtocolClient.java:onNext(264)) - client-964B0EA39D34->4234af2c-5377-4886-a4e8-6fe45d0af45e: receive RaftClientReply:client-964B0EA39D34->4234af2c-5377-4886-a4e8-6fe45d0af45e@group-A1165329A1F1, cid=3920, SUCCESS, logIndex=5931, commits[4234af2c-5377-4886-a4e8-6fe45d0af45e:c5931, cef72988-acf5-49ad-9ec7-695a80e7a66d:c5927, d677508c-6db9-4741-b51c-49af5e4cf22f:c5927]
2019-09-08 07:08:19,901 [grpc-default-executor-4] INFO  client.GrpcClientProtocolClient (GrpcClientProtocolClient.java:onNext(264)) - client-964B0EA39D34->4234af2c-5377-4886-a4e8-6fe45d0af45e: receive RaftClientReply:client-964B0EA39D34->4234af2c-5377-4886-a4e8-6fe45d0af45e@group-A1165329A1F1, cid=3921, SUCCESS, logIndex=0, commits[4234af2c-5377-4886-a4e8-6fe45d0af45e:c5933, cef72988-acf5-49ad-9ec7-695a80e7a66d:c5929, d677508c-6db9-4741-b51c-49af5e4cf22f:c5929]
2019-09-08 07:08:19,918 [grpc-default-executor-4] INFO  client.GrpcClientProtocolClient (GrpcClientProtocolClient.java:onNext(264)) - client-964B0EA39D34->4234af2c-5377-4886-a4e8-6fe45d0af45e: receive RaftClientReply:client-964B0EA39D34->4234af2c-5377-4886-a4e8-6fe45d0af45e@group-A1165329A1F1, cid=3922, SUCCESS, logIndex=5936, commits[4234af2c-5377-4886-a4e8-6fe45d0af45e:c5937, cef72988-acf5-49ad-9ec7-695a80e7a66d:c5935, d677508c-6db9-4741-b51c-49af5e4cf22f:c5935]
2019-09-08 07:08:19,918 [grpc-default-executor-4] INFO  client.GrpcClientProtocolClient (GrpcClientProtocolClient.java:onNext(264)) - client-964B0EA39D34->4234af2c-5377-4886-a4e8-6fe45d0af45e: receive RaftClientReply:client-964B0EA39D34->4234af2c-5377-4886-a4e8-6fe45d0af45e@group-A1165329A1F1, cid=3923, SUCCESS, logIndex=5937, commits[4234af2c-5377-4886-a4e8-6fe45d0af45e:c5937, cef72988-acf5-49ad-9ec7-695a80e7a66d:c5935, d677508c-6db9-4741-b51c-49af5e4cf22f:c5935]
2019-09-08 07:08:19,935 [grpc-default-executor-3] INFO  client.GrpcClientProtocolClient (GrpcClientProtocolClient.java:onNext(264)) - client-964B0EA39D34->4234af2c-5377-4886-a4e8-6fe45d0af45e: receive RaftClientReply:client-964B0EA39D34->4234af2c-5377-4886-a4e8-6fe45d0af45e@group-A1165329A1F1, cid=3924, SUCCESS, logIndex=5940, commits[4234af2c-5377-4886-a4e8-6fe45d0af45e:c5941, cef72988-acf5-49ad-9ec7-695a80e7a66d:c5939, d677508c-6db9-4741-b51c-49af5e4cf22f:c5939]
2019-09-08 07:08:19,935 [grpc-default-executor-3] INFO  client.GrpcClientProtocolClient (GrpcClientProtocolClient.java:onNext(264)) - client-964B0EA39D34->4234af2c-5377-4886-a4e8-6fe45d0af45e: receive RaftClientReply:client-964B0EA39D34->4234af2c-5377-4886-a4e8-6fe45d0af45e@group-A1165329A1F1, cid=3925, SUCCESS, logIndex=5941, commits[4234af2c-5377-4886-a4e8-6fe45d0af45e:c5941, cef72988-acf5-49ad-9ec7-695a80e7a66d:c5939, d677508c-6db9-4741-b51c-49af5e4cf22f:c5939]
2019-09-08 07:08:19,937 [grpc-default-executor-4] INFO  client.GrpcClientProtocolClient (GrpcClientProtocolClient.java:onNext(264)) - client-964B0EA39D34->4234af2c-5377-4886-a4e8-6fe45d0af45e: receive RaftClientReply:client-964B0EA39D34->4234af2c-5377-4886-a4e8-6fe45d0af45e@group-A1165329A1F1, cid=3926, SUCCESS, logIndex=0, commits[4234af2c-5377-4886-a4e8-6fe45d0af45e:c5942, cef72988-acf5-49ad-9ec7-695a80e7a66d:c5941, d677508c-6db9-4741-b51c-49af5e4cf22f:c5941]
2019-09-08 07:08:19,956 [grpc-default-executor-3] INFO  client.GrpcClientProtocolClient (GrpcClientProtocolClient.java:onNext(264)) - client-964B0EA39D34->4234af2c-5377-4886-a4e8-6fe45d0af45e: receive RaftClientReply:client-964B0EA39D34->4234af2c-5377-4886-a4e8-6fe45d0af45e@group-A1165329A1F1, cid=3927, SUCCESS, logIndex=5944, commits[4234af2c-5377-4886-a4e8-6fe45d0af45e:c5945, cef72988-acf5-49ad-9ec7-695a80e7a66d:c5943, d677508c-6db9-4741-b51c-49af5e4cf22f:c5941]
2019-09-08 07:08:19,957 [grpc-default-executor-4] INFO  client.GrpcClientProtocolClient (GrpcClientProtocolClient.java:onNext(264)) - client-964B0EA39D34->4234af2c-5377-4886-a4e8-6fe45d0af45e: receive RaftClientReply:client-964B0EA39D34->4234af2c-5377-4886-a4e8-6fe45d0af45e@group-A1165329A1F1, cid=3928, SUCCESS, logIndex=5945, commits[4234af2c-5377-4886-a4e8-6fe45d0af45e:c5945, cef72988-acf5-49ad-9ec7-695a80e7a66d:c5943, d677508c-6db9-4741-b51c-49af5e4cf22f:c5941]
2019-09-08 07:08:19,957 [grpc-default-executor-4] INFO  client.GrpcClientProtocolClient (GrpcClientProtocolClient.java:onNext(264)) - client-964B0EA39D34->4234af2c-5377-4886-a4e8-6fe45d0af45e: receive RaftClientReply:client-964B0EA39D34->4234af2c-5377-4886-a4e8-6fe45d0af45e@group-A1165329A1F1, cid=3929, SUCCESS, logIndex=5946, commits[4234af2c-5377-4886-a4e8-6fe45d0af45e:c5947, cef72988-acf5-49ad-9ec7-695a80e7a66d:c5943, d677508c-6db9-4741-b51c-49af5e4cf22f:c5943]
2019-09-08 07:08:19,957 [grpc-default-executor-4] INFO  client.GrpcClientProtocolClient (GrpcClientProtocolClient.java:onNext(264)) - client-964B0EA39D34->4234af2c-5377-4886-a4e8-6fe45d0af45e: receive RaftClientReply:client-964B0EA39D34->4234af2c-5377-4886-a4e8-6fe45d0af45e@group-A1165329A1F1, cid=3930, SUCCESS, logIndex=5947, commits[4234af2c-5377-4886-a4e8-6fe45d0af45e:c5947, cef72988-acf5-49ad-9ec7-695a80e7a66d:c5943, d677508c-6db9-4741-b51c-49af5e4cf22f:c5943]
2019-09-08 07:08:19,958 [grpc-default-executor-3] INFO  client.GrpcClientProtocolClient (GrpcClientProtocolClient.java:onNext(264)) - client-964B0EA39D34->4234af2c-5377-4886-a4e8-6fe45d0af45e: receive RaftClientReply:client-964B0EA39D34->4234af2c-5377-4886-a4e8-6fe45d0af45e@group-A1165329A1F1, cid=3931, SUCCESS, logIndex=0, commits[4234af2c-5377-4886-a4e8-6fe45d0af45e:c5949, cef72988-acf5-49ad-9ec7-695a80e7a66d:c5945, d677508c-6db9-4741-b51c-49af5e4cf22f:c5945]
2019-09-08 07:08:19,967 [grpc-default-executor-4] INFO  client.GrpcClientProtocolClient (GrpcClientProtocolClient.java:onNext(264)) - client-964B0EA39D34->4234af2c-5377-4886-a4e8-6fe45d0af45e: receive RaftClientReply:client-964B0EA39D34->4234af2c-5377-4886-a4e8-6fe45d0af45e@group-A1165329A1F1, cid=3932, SUCCESS, logIndex=5952, commits[4234af2c-5377-4886-a4e8-6fe45d0af45e:c5953, cef72988-acf5-49ad-9ec7-695a80e7a66d:c5947, d677508c-6db9-4741-b51c-49af5e4cf22f:c5951]
2019-09-08 07:08:19,968 [grpc-default-executor-4] INFO  client.GrpcClientProtocolClient (GrpcClientProtocolClient.java:onNext(264)) - client-964B0EA39D34->4234af2c-5377-4886-a4e8-6fe45d0af45e: receive RaftClientReply:client-964B0EA39D34->4234af2c-5377-4886-a4e8-6fe45d0af45e@group-A1165329A1F1, cid=3933, SUCCESS, logIndex=5953, commits[4234af2c-5377-4886-a4e8-6fe45d0af45e:c5953, cef72988-acf5-49ad-9ec7-695a80e7a66d:c5951, d677508c-6db9-4741-b51c-49af5e4cf22f:c5951]
2019-09-08 07:08:19,977 [grpc-default-executor-6] INFO  client.GrpcClientProtocolClient (GrpcClientProtocolClient.java:onNext(264)) - client-964B0EA39D34->4234af2c-5377-4886-a4e8-6fe45d0af45e: receive RaftClientReply:client-964B0EA39D34->4234af2c-5377-4886-a4e8-6fe45d0af45e@group-A1165329A1F1, cid=3934, SUCCESS, logIndex=5956, commits[4234af2c-5377-4886-a4e8-6fe45d0af45e:c5957, cef72988-acf5-49ad-9ec7-695a80e7a66d:c5955, d677508c-6db9-4741-b51c-49af5e4cf22f:c5955]
2019-09-08 07:08:19,978 [grpc-default-executor-6] INFO  client.GrpcClientProtocolClient (GrpcClientProtocolClient.java:onNext(264)) - client-964B0EA39D34->4234af2c-5377-4886-a4e8-6fe45d0af45e: receive RaftClientReply:client-964B0EA39D34->4234af2c-5377-4886-a4e8-6fe45d0af45e@group-A1165329A1F1, cid=3935, SUCCESS, logIndex=5957, commits[4234af2c-5377-4886-a4e8-6fe45d0af45e:c5957, cef72988-acf5-49ad-9ec7-695a80e7a66d:c5955, d677508c-6db9-4741-b51c-49af5e4cf22f:c5955]
2019-09-08 07:08:19,980 [grpc-default-executor-6] INFO  client.GrpcClientProtocolClient (GrpcClientProtocolClient.java:onNext(264)) - client-964B0EA39D34->4234af2c-5377-4886-a4e8-6fe45d0af45e: receive RaftClientReply:client-964B0EA39D34->4234af2c-5377-4886-a4e8-6fe45d0af45e@group-A1165329A1F1, cid=3936, SUCCESS, logIndex=0, commits[4234af2c-5377-4886-a4e8-6fe45d0af45e:c5959, cef72988-acf5-49ad-9ec7-695a80e7a66d:c5957, d677508c-6db9-4741-b51c-49af5e4cf22f:c5957]
2019-09-08 07:08:20,004 [grpc-default-executor-4] INFO  client.GrpcClientProtocolClient (GrpcClientProtocolClient.java:onNext(264)) - client-964B0EA39D34->4234af2c-5377-4886-a4e8-6fe45d0af45e: receive RaftClientReply:client-964B0EA39D34->4234af2c-5377-4886-a4e8-6fe45d0af45e@group-A1165329A1F1, cid=3937, SUCCESS, logIndex=5960, commits[4234af2c-5377-4886-a4e8-6fe45d0af45e:c5961, cef72988-acf5-49ad-9ec7-695a80e7a66d:c5959, d677508c-6db9-4741-b51c-49af5e4cf22f:c5959]
2019-09-08 07:08:20,004 [grpc-default-executor-4] INFO  client.GrpcClientProtocolClient (GrpcClientProtocolClient.java:onNext(264)) - client-964B0EA39D34->4234af2c-5377-4886-a4e8-6fe45d0af45e: receive RaftClientReply:client-964B0EA39D34->4234af2c-5377-4886-a4e8-6fe45d0af45e@group-A1165329A1F1, cid=3938, SUCCESS, logIndex=5961, commits[4234af2c-5377-4886-a4e8-6fe45d0af45e:c5961, cef72988-acf5-49ad-9ec7-695a80e7a66d:c5959, d677508c-6db9-4741-b51c-49af5e4cf22f:c5959]
2019-09-08 07:08:20,006 [grpc-default-executor-4] INFO  client.GrpcClientProtocolClient (GrpcClientProtocolClient.java:onNext(264)) - client-964B0EA39D34->4234af2c-5377-4886-a4e8-6fe45d0af45e: receive RaftClientReply:client-964B0EA39D34->4234af2c-5377-4886-a4e8-6fe45d0af45e@group-A1165329A1F1, cid=3939, SUCCESS, logIndex=5962, commits[4234af2c-5377-4886-a4e8-6fe45d0af45e:c5962, cef72988-acf5-49ad-9ec7-695a80e7a66d:c5959, d677508c-6db9-4741-b51c-49af5e4cf22f:c5959]
2019-09-08 07:08:20,006 [grpc-default-executor-4] INFO  client.GrpcClientProtocolClient (GrpcClientProtocolClient.java:onNext(264)) - client-964B0EA39D34->4234af2c-5377-4886-a4e8-6fe45d0af45e: receive RaftClientReply:client-964B0EA39D34->4234af2c-5377-4886-a4e8-6fe45d0af45e@group-A1165329A1F1, cid=3940, SUCCESS, logIndex=5963, commits[4234af2c-5377-4886-a4e8-6fe45d0af45e:c5963, cef72988-acf5-49ad-9ec7-695a80e7a66d:c5959, d677508c-6db9-4741-b51c-49af5e4cf22f:c5959]
2019-09-08 07:08:20,007 [grpc-default-executor-3] INFO  client.GrpcClientProtocolClient (GrpcClientProtocolClient.java:onNext(264)) - client-964B0EA39D34->4234af2c-5377-4886-a4e8-6fe45d0af45e: receive RaftClientReply:client-964B0EA39D34->4234af2c-5377-4886-a4e8-6fe45d0af45e@group-A1165329A1F1, cid=3941, SUCCESS, logIndex=0, commits[4234af2c-5377-4886-a4e8-6fe45d0af45e:c5965, cef72988-acf5-49ad-9ec7-695a80e7a66d:c5961, d677508c-6db9-4741-b51c-49af5e4cf22f:c5961]
2019-09-08 07:08:20,025 [grpc-default-executor-6] INFO  client.GrpcClientProtocolClient (GrpcClientProtocolClient.java:onNext(264)) - client-964B0EA39D34->4234af2c-5377-4886-a4e8-6fe45d0af45e: receive RaftClientReply:client-964B0EA39D34->4234af2c-5377-4886-a4e8-6fe45d0af45e@group-A1165329A1F1, cid=3942, SUCCESS, logIndex=5968, commits[4234af2c-5377-4886-a4e8-6fe45d0af45e:c5968, cef72988-acf5-49ad-9ec7-695a80e7a66d:c5967, d677508c-6db9-4741-b51c-49af5e4cf22f:c5963]
2019-09-08 07:08:20,025 [grpc-default-executor-6] INFO  client.GrpcClientProtocolClient (GrpcClientProtocolClient.java:onNext(264)) - client-964B0EA39D34->4234af2c-5377-4886-a4e8-6fe45d0af45e: receive RaftClientReply:client-964B0EA39D34->4234af2c-5377-4886-a4e8-6fe45d0af45e@group-A1165329A1F1, cid=3943, SUCCESS, logIndex=5969, commits[4234af2c-5377-4886-a4e8-6fe45d0af45e:c5969, cef72988-acf5-49ad-9ec7-695a80e7a66d:c5967, d677508c-6db9-4741-b51c-49af5e4cf22f:c5967]
2019-09-08 07:08:20,053 [grpc-default-executor-4] INFO  client.GrpcClientProtocolClient (GrpcClientProtocolClient.java:onNext(264)) - client-964B0EA39D34->4234af2c-5377-4886-a4e8-6fe45d0af45e: receive RaftClientReply:client-964B0EA39D34->4234af2c-5377-4886-a4e8-6fe45d0af45e@group-A1165329A1F1, cid=3944, SUCCESS, logIndex=5972, commits[4234af2c-5377-4886-a4e8-6fe45d0af45e:c5973, cef72988-acf5-49ad-9ec7-695a80e7a66d:c5971, d677508c-6db9-4741-b51c-49af5e4cf22f:c5971]
2019-09-08 07:08:20,053 [grpc-default-executor-4] INFO  client.GrpcClientProtocolClient (GrpcClientProtocolClient.java:onNext(264)) - client-964B0EA39D34->4234af2c-5377-4886-a4e8-6fe45d0af45e: receive RaftClientReply:client-964B0EA39D34->4234af2c-5377-4886-a4e8-6fe45d0af45e@group-A1165329A1F1, cid=3945, SUCCESS, logIndex=5973, commits[4234af2c-5377-4886-a4e8-6fe45d0af45e:c5973, cef72988-acf5-49ad-9ec7-695a80e7a66d:c5971, d677508c-6db9-4741-b51c-49af5e4cf22f:c5971]
2019-09-08 07:08:20,056 [grpc-default-executor-3] INFO  client.GrpcClientProtocolClient (GrpcClientProtocolClient.java:onNext(264)) - client-964B0EA39D34->4234af2c-5377-4886-a4e8-6fe45d0af45e: receive RaftClientReply:client-964B0EA39D34->4234af2c-5377-4886-a4e8-6fe45d0af45e@group-A1165329A1F1, cid=3946, SUCCESS, logIndex=0, commits[4234af2c-5377-4886-a4e8-6fe45d0af45e:c5975, cef72988-acf5-49ad-9ec7-695a80e7a66d:c5973, d677508c-6db9-4741-b51c-49af5e4cf22f:c5973]
 0.00% |█                                                                                                    |  0/1 Time: 0:01:002019-09-08 07:08:20,236 [grpc-default-executor-3] INFO  client.GrpcClientProtocolClient (GrpcClientProtocolClient.java:onNext(264)) - client-964B0EA39D34->4234af2c-5377-4886-a4e8-6fe45d0af45e: receive RaftClientReply:client-964B0EA39D34->4234af2c-5377-4886-a4e8-6fe45d0af45e@group-A1165329A1F1, cid=3947, SUCCESS, logIndex=5976, commits[4234af2c-5377-4886-a4e8-6fe45d0af45e:c5978, cef72988-acf5-49ad-9ec7-695a80e7a66d:c5975, d677508c-6db9-4741-b51c-49af5e4cf22f:c5973]
2019-09-08 07:08:20,238 [grpc-default-executor-3] INFO  client.GrpcClientProtocolClient (GrpcClientProtocolClient.java:onNext(264)) - client-964B0EA39D34->4234af2c-5377-4886-a4e8-6fe45d0af45e: receive RaftClientReply:client-964B0EA39D34->4234af2c-5377-4886-a4e8-6fe45d0af45e@group-A1165329A1F1, cid=3948, SUCCESS, logIndex=5977, commits[4234af2c-5377-4886-a4e8-6fe45d0af45e:c5979, cef72988-acf5-49ad-9ec7-695a80e7a66d:c5975, d677508c-6db9-4741-b51c-49af5e4cf22f:c5975]
2019-09-08 07:08:20,238 [grpc-default-executor-3] INFO  client.GrpcClientProtocolClient (GrpcClientProtocolClient.java:onNext(264)) - client-964B0EA39D34->4234af2c-5377-4886-a4e8-6fe45d0af45e: receive RaftClientReply:client-964B0EA39D34->4234af2c-5377-4886-a4e8-6fe45d0af45e@group-A1165329A1F1, cid=3949, SUCCESS, logIndex=5978, commits[4234af2c-5377-4886-a4e8-6fe45d0af45e:c5979, cef72988-acf5-49ad-9ec7-695a80e7a66d:c5975, d677508c-6db9-4741-b51c-49af5e4cf22f:c5975]
2019-09-08 07:08:20,238 [grpc-default-executor-3] INFO  client.GrpcClientProtocolClient (GrpcClientProtocolClient.java:onNext(264)) - client-964B0EA39D34->4234af2c-5377-4886-a4e8-6fe45d0af45e: receive RaftClientReply:client-964B0EA39D34->4234af2c-5377-4886-a4e8-6fe45d0af45e@group-A1165329A1F1, cid=3950, SUCCESS, logIndex=5979, commits[4234af2c-5377-4886-a4e8-6fe45d0af45e:c5979, cef72988-acf5-49ad-9ec7-695a80e7a66d:c5975, d677508c-6db9-4741-b51c-49af5e4cf22f:c5975]
2019-09-08 07:08:20,239 [grpc-default-executor-3] INFO  client.GrpcClientProtocolClient (GrpcClientProtocolClient.java:onNext(264)) - client-964B0EA39D34->4234af2c-5377-4886-a4e8-6fe45d0af45e: receive RaftClientReply:client-964B0EA39D34->4234af2c-5377-4886-a4e8-6fe45d0af45e@group-A1165329A1F1, cid=3951, SUCCESS, logIndex=0, commits[4234af2c-5377-4886-a4e8-6fe45d0af45e:c5981, cef72988-acf5-49ad-9ec7-695a80e7a66d:c5978, d677508c-6db9-4741-b51c-49af5e4cf22f:c5977]
2019-09-08 07:08:20,280 [grpc-default-executor-6] INFO  client.GrpcClientProtocolClient (GrpcClientProtocolClient.java:onNext(264)) - client-964B0EA39D34->4234af2c-5377-4886-a4e8-6fe45d0af45e: receive RaftClientReply:client-964B0EA39D34->4234af2c-5377-4886-a4e8-6fe45d0af45e@group-A1165329A1F1, cid=3952, SUCCESS, logIndex=5984, commits[4234af2c-5377-4886-a4e8-6fe45d0af45e:c5985, cef72988-acf5-49ad-9ec7-695a80e7a66d:c5983, d677508c-6db9-4741-b51c-49af5e4cf22f:c5983]
2019-09-08 07:08:20,280 [grpc-default-executor-6] INFO  client.GrpcClientProtocolClient (GrpcClientProtocolClient.java:onNext(264)) - client-964B0EA39D34->4234af2c-5377-4886-a4e8-6fe45d0af45e: receive RaftClientReply:client-964B0EA39D34->4234af2c-5377-4886-a4e8-6fe45d0af45e@group-A1165329A1F1, cid=3953, SUCCESS, logIndex=5985, commits[4234af2c-5377-4886-a4e8-6fe45d0af45e:c5985, cef72988-acf5-49ad-9ec7-695a80e7a66d:c5983, d677508c-6db9-4741-b51c-49af5e4cf22f:c5983]
2019-09-08 07:08:20,294 [grpc-default-executor-6] INFO  client.GrpcClientProtocolClient (GrpcClientProtocolClient.java:onNext(264)) - client-964B0EA39D34->4234af2c-5377-4886-a4e8-6fe45d0af45e: receive RaftClientReply:client-964B0EA39D34->4234af2c-5377-4886-a4e8-6fe45d0af45e@group-A1165329A1F1, cid=3954, SUCCESS, logIndex=5988, commits[4234af2c-5377-4886-a4e8-6fe45d0af45e:c5988, cef72988-acf5-49ad-9ec7-695a80e7a66d:c5987, d677508c-6db9-4741-b51c-49af5e4cf22f:c5987]
2019-09-08 07:08:20,295 [grpc-default-executor-6] INFO  client.GrpcClientProtocolClient (GrpcClientProtocolClient.java:onNext(264)) - client-964B0EA39D34->4234af2c-5377-4886-a4e8-6fe45d0af45e: receive RaftClientReply:client-964B0EA39D34->4234af2c-5377-4886-a4e8-6fe45d0af45e@group-A1165329A1F1, cid=3955, SUCCESS, logIndex=5989, commits[4234af2c-5377-4886-a4e8-6fe45d0af45e:c5989, cef72988-acf5-49ad-9ec7-695a80e7a66d:c5987, d677508c-6db9-4741-b51c-49af5e4cf22f:c5987]
2019-09-08 07:08:20,309 [grpc-default-executor-6] INFO  client.GrpcClientProtocolClient (GrpcClientProtocolClient.java:onNext(264)) - client-964B0EA39D34->4234af2c-5377-4886-a4e8-6fe45d0af45e: receive RaftClientReply:client-964B0EA39D34->4234af2c-5377-4886-a4e8-6fe45d0af45e@group-A1165329A1F1, cid=3956, SUCCESS, logIndex=0, commits[4234af2c-5377-4886-a4e8-6fe45d0af45e:c5991, cef72988-acf5-49ad-9ec7-695a80e7a66d:c5989, d677508c-6db9-4741-b51c-49af5e4cf22f:c5989]
2019-09-08 07:08:20,342 [grpc-default-executor-6] INFO  client.GrpcClientProtocolClient (GrpcClientProtocolClient.java:onNext(264)) - client-964B0EA39D34->4234af2c-5377-4886-a4e8-6fe45d0af45e: receive RaftClientReply:client-964B0EA39D34->4234af2c-5377-4886-a4e8-6fe45d0af45e@group-A1165329A1F1, cid=3957, SUCCESS, logIndex=5992, commits[4234af2c-5377-4886-a4e8-6fe45d0af45e:c5993, cef72988-acf5-49ad-9ec7-695a80e7a66d:c5991, d677508c-6db9-4741-b51c-49af5e4cf22f:c5991]
2019-09-08 07:08:20,342 [grpc-default-executor-6] INFO  client.GrpcClientProtocolClient (GrpcClientProtocolClient.java:onNext(264)) - client-964B0EA39D34->4234af2c-5377-4886-a4e8-6fe45d0af45e: receive RaftClientReply:client-964B0EA39D34->4234af2c-5377-4886-a4e8-6fe45d0af45e@group-A1165329A1F1, cid=3958, SUCCESS, logIndex=5993, commits[4234af2c-5377-4886-a4e8-6fe45d0af45e:c5995, cef72988-acf5-49ad-9ec7-695a80e7a66d:c5991, d677508c-6db9-4741-b51c-49af5e4cf22f:c5991]
2019-09-08 07:08:20,343 [grpc-default-executor-6] INFO  client.GrpcClientProtocolClient (GrpcClientProtocolClient.java:onNext(264)) - client-964B0EA39D34->4234af2c-5377-4886-a4e8-6fe45d0af45e: receive RaftClientReply:client-964B0EA39D34->4234af2c-5377-4886-a4e8-6fe45d0af45e@group-A1165329A1F1, cid=3959, SUCCESS, logIndex=5994, commits[4234af2c-5377-4886-a4e8-6fe45d0af45e:c5995, cef72988-acf5-49ad-9ec7-695a80e7a66d:c5991, d677508c-6db9-4741-b51c-49af5e4cf22f:c5991]
2019-09-08 07:08:20,343 [grpc-default-executor-6] INFO  client.GrpcClientProtocolClient (GrpcClientProtocolClient.java:onNext(264)) - client-964B0EA39D34->4234af2c-5377-4886-a4e8-6fe45d0af45e: receive RaftClientReply:client-964B0EA39D34->4234af2c-5377-4886-a4e8-6fe45d0af45e@group-A1165329A1F1, cid=3960, SUCCESS, logIndex=5995, commits[4234af2c-5377-4886-a4e8-6fe45d0af45e:c5995, cef72988-acf5-49ad-9ec7-695a80e7a66d:c5991, d677508c-6db9-4741-b51c-49af5e4cf22f:c5991]
2019-09-08 07:08:20,345 [grpc-default-executor-6] INFO  client.GrpcClientProtocolClient (GrpcClientProtocolClient.java:onNext(264)) - client-964B0EA39D34->4234af2c-5377-4886-a4e8-6fe45d0af45e: receive RaftClientReply:client-964B0EA39D34->4234af2c-5377-4886-a4e8-6fe45d0af45e@group-A1165329A1F1, cid=3961, SUCCESS, logIndex=0, commits[4234af2c-5377-4886-a4e8-6fe45d0af45e:c5997, cef72988-acf5-49ad-9ec7-695a80e7a66d:c5993, d677508c-6db9-4741-b51c-49af5e4cf22f:c5993]
2019-09-08 07:08:20,362 [grpc-default-executor-3] INFO  client.GrpcClientProtocolClient (GrpcClientProtocolClient.java:onNext(264)) - client-964B0EA39D34->4234af2c-5377-4886-a4e8-6fe45d0af45e: receive RaftClientReply:client-964B0EA39D34->4234af2c-5377-4886-a4e8-6fe45d0af45e@group-A1165329A1F1, cid=3962, SUCCESS, logIndex=6000, commits[4234af2c-5377-4886-a4e8-6fe45d0af45e:c6001, cef72988-acf5-49ad-9ec7-695a80e7a66d:c5999, d677508c-6db9-4741-b51c-49af5e4cf22f:c5999]
2019-09-08 07:08:20,362 [grpc-default-executor-3] INFO  client.GrpcClientProtocolClient (GrpcClientProtocolClient.java:onNext(264)) - client-964B0EA39D34->4234af2c-5377-4886-a4e8-6fe45d0af45e: receive RaftClientReply:client-964B0EA39D34->4234af2c-5377-4886-a4e8-6fe45d0af45e@group-A1165329A1F1, cid=3963, SUCCESS, logIndex=6001, commits[4234af2c-5377-4886-a4e8-6fe45d0af45e:c6001, cef72988-acf5-49ad-9ec7-695a80e7a66d:c5999, d677508c-6db9-4741-b51c-49af5e4cf22f:c5999]
2019-09-08 07:08:20,370 [grpc-default-executor-6] INFO  client.GrpcClientProtocolClient (GrpcClientProtocolClient.java:onNext(264)) - client-964B0EA39D34->4234af2c-5377-4886-a4e8-6fe45d0af45e: receive RaftClientReply:client-964B0EA39D34->4234af2c-5377-4886-a4e8-6fe45d0af45e@group-A1165329A1F1, cid=3964, SUCCESS, logIndex=6004, commits[4234af2c-5377-4886-a4e8-6fe45d0af45e:c6005, cef72988-acf5-49ad-9ec7-695a80e7a66d:c6003, d677508c-6db9-4741-b51c-49af5e4cf22f:c6001]
2019-09-08 07:08:20,371 [grpc-default-executor-6] INFO  client.GrpcClientProtocolClient (GrpcClientProtocolClient.java:onNext(264)) - client-964B0EA39D34->4234af2c-5377-4886-a4e8-6fe45d0af45e: receive RaftClientReply:client-964B0EA39D34->4234af2c-5377-4886-a4e8-6fe45d0af45e@group-A1165329A1F1, cid=3965, SUCCESS, logIndex=6005, commits[4234af2c-5377-4886-a4e8-6fe45d0af45e:c6005, cef72988-acf5-49ad-9ec7-695a80e7a66d:c6003, d677508c-6db9-4741-b51c-49af5e4cf22f:c6001]
2019-09-08 07:08:20,374 [grpc-default-executor-6] INFO  client.GrpcClientProtocolClient (GrpcClientProtocolClient.java:onNext(264)) - client-964B0EA39D34->4234af2c-5377-4886-a4e8-6fe45d0af45e: receive RaftClientReply:client-964B0EA39D34->4234af2c-5377-4886-a4e8-6fe45d0af45e@group-A1165329A1F1, cid=3966, SUCCESS, logIndex=0, commits[4234af2c-5377-4886-a4e8-6fe45d0af45e:c6007, cef72988-acf5-49ad-9ec7-695a80e7a66d:c6005, d677508c-6db9-4741-b51c-49af5e4cf22f:c6005]
2019-09-08 07:08:20,393 [grpc-default-executor-3] INFO  client.GrpcClientProtocolClient (GrpcClientProtocolClient.java:onNext(264)) - client-964B0EA39D34->4234af2c-5377-4886-a4e8-6fe45d0af45e: receive RaftClientReply:client-964B0EA39D34->4234af2c-5377-4886-a4e8-6fe45d0af45e@group-A1165329A1F1, cid=3967, SUCCESS, logIndex=6008, commits[4234af2c-5377-4886-a4e8-6fe45d0af45e:c6009, cef72988-acf5-49ad-9ec7-695a80e7a66d:c6007, d677508c-6db9-4741-b51c-49af5e4cf22f:c6007]
2019-09-08 07:08:20,393 [grpc-default-executor-0] INFO  client.GrpcClientProtocolClient (GrpcClientProtocolClient.java:onNext(264)) - client-964B0EA39D34->4234af2c-5377-4886-a4e8-6fe45d0af45e: receive RaftClientReply:client-964B0EA39D34->4234af2c-5377-4886-a4e8-6fe45d0af45e@group-A1165329A1F1, cid=3968, SUCCESS, logIndex=6009, commits[4234af2c-5377-4886-a4e8-6fe45d0af45e:c6009, cef72988-acf5-49ad-9ec7-695a80e7a66d:c6007, d677508c-6db9-4741-b51c-49af5e4cf22f:c6007]
2019-09-08 07:08:20,394 [grpc-default-executor-0] INFO  client.GrpcClientProtocolClient (GrpcClientProtocolClient.java:onNext(264)) - client-964B0EA39D34->4234af2c-5377-4886-a4e8-6fe45d0af45e: receive RaftClientReply:client-964B0EA39D34->4234af2c-5377-4886-a4e8-6fe45d0af45e@group-A1165329A1F1, cid=3969, SUCCESS, logIndex=6010, commits[4234af2c-5377-4886-a4e8-6fe45d0af45e:c6011, cef72988-acf5-49ad-9ec7-695a80e7a66d:c6007, d677508c-6db9-4741-b51c-49af5e4cf22f:c6007]
2019-09-08 07:08:20,394 [grpc-default-executor-0] INFO  client.GrpcClientProtocolClient (GrpcClientProtocolClient.java:onNext(264)) - client-964B0EA39D34->4234af2c-5377-4886-a4e8-6fe45d0af45e: receive RaftClientReply:client-964B0EA39D34->4234af2c-5377-4886-a4e8-6fe45d0af45e@group-A1165329A1F1, cid=3970, SUCCESS, logIndex=6011, commits[4234af2c-5377-4886-a4e8-6fe45d0af45e:c6011, cef72988-acf5-49ad-9ec7-695a80e7a66d:c6007, d677508c-6db9-4741-b51c-49af5e4cf22f:c6007]
2019-09-08 07:08:20,397 [grpc-default-executor-0] INFO  client.GrpcClientProtocolClient (GrpcClientProtocolClient.java:onNext(264)) - client-964B0EA39D34->4234af2c-5377-4886-a4e8-6fe45d0af45e: receive RaftClientReply:client-964B0EA39D34->4234af2c-5377-4886-a4e8-6fe45d0af45e@group-A1165329A1F1, cid=3971, SUCCESS, logIndex=0, commits[4234af2c-5377-4886-a4e8-6fe45d0af45e:c6013, cef72988-acf5-49ad-9ec7-695a80e7a66d:c6009, d677508c-6db9-4741-b51c-49af5e4cf22f:c6009]
2019-09-08 07:08:20,413 [grpc-default-executor-0] INFO  client.GrpcClientProtocolClient (GrpcClientProtocolClient.java:onNext(264)) - client-964B0EA39D34->4234af2c-5377-4886-a4e8-6fe45d0af45e: receive RaftClientReply:client-964B0EA39D34->4234af2c-5377-4886-a4e8-6fe45d0af45e@group-A1165329A1F1, cid=3972, SUCCESS, logIndex=6016, commits[4234af2c-5377-4886-a4e8-6fe45d0af45e:c6017, cef72988-acf5-49ad-9ec7-695a80e7a66d:c6015, d677508c-6db9-4741-b51c-49af5e4cf22f:c6015]
2019-09-08 07:08:20,413 [grpc-default-executor-0] INFO  client.GrpcClientProtocolClient (GrpcClientProtocolClient.java:onNext(264)) - client-964B0EA39D34->4234af2c-5377-4886-a4e8-6fe45d0af45e: receive RaftClientReply:client-964B0EA39D34->4234af2c-5377-4886-a4e8-6fe45d0af45e@group-A1165329A1F1, cid=3973, SUCCESS, logIndex=6017, commits[4234af2c-5377-4886-a4e8-6fe45d0af45e:c6017, cef72988-acf5-49ad-9ec7-695a80e7a66d:c6015, d677508c-6db9-4741-b51c-49af5e4cf22f:c6015]
2019-09-08 07:08:20,427 [grpc-default-executor-3] INFO  client.GrpcClientProtocolClient (GrpcClientProtocolClient.java:onNext(264)) - client-964B0EA39D34->4234af2c-5377-4886-a4e8-6fe45d0af45e: receive RaftClientReply:client-964B0EA39D34->4234af2c-5377-4886-a4e8-6fe45d0af45e@group-A1165329A1F1, cid=3974, SUCCESS, logIndex=6020, commits[4234af2c-5377-4886-a4e8-6fe45d0af45e:c6021, cef72988-acf5-49ad-9ec7-695a80e7a66d:c6017, d677508c-6db9-4741-b51c-49af5e4cf22f:c6017]
2019-09-08 07:08:20,427 [grpc-default-executor-3] INFO  client.GrpcClientProtocolClient (GrpcClientProtocolClient.java:onNext(264)) - client-964B0EA39D34->4234af2c-5377-4886-a4e8-6fe45d0af45e: receive RaftClientReply:client-964B0EA39D34->4234af2c-5377-4886-a4e8-6fe45d0af45e@group-A1165329A1F1, cid=3975, SUCCESS, logIndex=6021, commits[4234af2c-5377-4886-a4e8-6fe45d0af45e:c6021, cef72988-acf5-49ad-9ec7-695a80e7a66d:c6017, d677508c-6db9-4741-b51c-49af5e4cf22f:c6017]
2019-09-08 07:08:20,428 [grpc-default-executor-3] INFO  client.GrpcClientProtocolClient (GrpcClientProtocolClient.java:onNext(264)) - client-964B0EA39D34->4234af2c-5377-4886-a4e8-6fe45d0af45e: receive RaftClientReply:client-964B0EA39D34->4234af2c-5377-4886-a4e8-6fe45d0af45e@group-A1165329A1F1, cid=3976, SUCCESS, logIndex=0, commits[4234af2c-5377-4886-a4e8-6fe45d0af45e:c6022, cef72988-acf5-49ad-9ec7-695a80e7a66d:c6021, d677508c-6db9-4741-b51c-49af5e4cf22f:c6021]
2019-09-08 07:08:20,447 [grpc-default-executor-3] INFO  client.GrpcClientProtocolClient (GrpcClientProtocolClient.java:onNext(264)) - client-964B0EA39D34->4234af2c-5377-4886-a4e8-6fe45d0af45e: receive RaftClientReply:client-964B0EA39D34->4234af2c-5377-4886-a4e8-6fe45d0af45e@group-A1165329A1F1, cid=3977, SUCCESS, logIndex=6024, commits[4234af2c-5377-4886-a4e8-6fe45d0af45e:c6025, cef72988-acf5-49ad-9ec7-695a80e7a66d:c6023, d677508c-6db9-4741-b51c-49af5e4cf22f:c6021]
2019-09-08 07:08:20,447 [grpc-default-executor-3] INFO  client.GrpcClientProtocolClient (GrpcClientProtocolClient.java:onNext(264)) - client-964B0EA39D34->4234af2c-5377-4886-a4e8-6fe45d0af45e: receive RaftClientReply:client-964B0EA39D34->4234af2c-5377-4886-a4e8-6fe45d0af45e@group-A1165329A1F1, cid=3978, SUCCESS, logIndex=6025, commits[4234af2c-5377-4886-a4e8-6fe45d0af45e:c6025, cef72988-acf5-49ad-9ec7-695a80e7a66d:c6023, d677508c-6db9-4741-b51c-49af5e4cf22f:c6021]
2019-09-08 07:08:20,449 [grpc-default-executor-0] INFO  client.GrpcClientProtocolClient (GrpcClientProtocolClient.java:onNext(264)) - client-964B0EA39D34->4234af2c-5377-4886-a4e8-6fe45d0af45e: receive RaftClientReply:client-964B0EA39D34->4234af2c-5377-4886-a4e8-6fe45d0af45e@group-A1165329A1F1, cid=3979, SUCCESS, logIndex=6026, commits[4234af2c-5377-4886-a4e8-6fe45d0af45e:c6026, cef72988-acf5-49ad-9ec7-695a80e7a66d:c6023, d677508c-6db9-4741-b51c-49af5e4cf22f:c6023]
2019-09-08 07:08:20,450 [grpc-default-executor-0] INFO  client.GrpcClientProtocolClient (GrpcClientProtocolClient.java:onNext(264)) - client-964B0EA39D34->4234af2c-5377-4886-a4e8-6fe45d0af45e: receive RaftClientReply:client-964B0EA39D34->4234af2c-5377-4886-a4e8-6fe45d0af45e@group-A1165329A1F1, cid=3980, SUCCESS, logIndex=6027, commits[4234af2c-5377-4886-a4e8-6fe45d0af45e:c6027, cef72988-acf5-49ad-9ec7-695a80e7a66d:c6023, d677508c-6db9-4741-b51c-49af5e4cf22f:c6023]
2019-09-08 07:08:20,450 [grpc-default-executor-0] INFO  client.GrpcClientProtocolClient (GrpcClientProtocolClient.java:onNext(264)) - client-964B0EA39D34->4234af2c-5377-4886-a4e8-6fe45d0af45e: receive RaftClientReply:client-964B0EA39D34->4234af2c-5377-4886-a4e8-6fe45d0af45e@group-A1165329A1F1, cid=3981, SUCCESS, logIndex=0, commits[4234af2c-5377-4886-a4e8-6fe45d0af45e:c6028, cef72988-acf5-49ad-9ec7-695a80e7a66d:c6025, d677508c-6db9-4741-b51c-49af5e4cf22f:c6025]
2019-09-08 07:08:20,458 [grpc-default-executor-0] INFO  client.GrpcClientProtocolClient (GrpcClientProtocolClient.java:onNext(264)) - client-964B0EA39D34->4234af2c-5377-4886-a4e8-6fe45d0af45e: receive RaftClientReply:client-964B0EA39D34->4234af2c-5377-4886-a4e8-6fe45d0af45e@group-A1165329A1F1, cid=3982, SUCCESS, logIndex=6032, commits[4234af2c-5377-4886-a4e8-6fe45d0af45e:c6033, cef72988-acf5-49ad-9ec7-695a80e7a66d:c6031, d677508c-6db9-4741-b51c-49af5e4cf22f:c6027]
2019-09-08 07:08:20,459 [grpc-default-executor-0] INFO  client.GrpcClientProtocolClient (GrpcClientProtocolClient.java:onNext(264)) - client-964B0EA39D34->4234af2c-5377-4886-a4e8-6fe45d0af45e: receive RaftClientReply:client-964B0EA39D34->4234af2c-5377-4886-a4e8-6fe45d0af45e@group-A1165329A1F1, cid=3983, SUCCESS, logIndex=6033, commits[4234af2c-5377-4886-a4e8-6fe45d0af45e:c6033, cef72988-acf5-49ad-9ec7-695a80e7a66d:c6031, d677508c-6db9-4741-b51c-49af5e4cf22f:c6031]
2019-09-08 07:08:20,467 [grpc-default-executor-3] INFO  client.GrpcClientProtocolClient (GrpcClientProtocolClient.java:onNext(264)) - client-964B0EA39D34->4234af2c-5377-4886-a4e8-6fe45d0af45e: receive RaftClientReply:client-964B0EA39D34->4234af2c-5377-4886-a4e8-6fe45d0af45e@group-A1165329A1F1, cid=3984, SUCCESS, logIndex=6036, commits[4234af2c-5377-4886-a4e8-6fe45d0af45e:c6037, cef72988-acf5-49ad-9ec7-695a80e7a66d:c6035, d677508c-6db9-4741-b51c-49af5e4cf22f:c6035]
2019-09-08 07:08:20,467 [grpc-default-executor-3] INFO  client.GrpcClientProtocolClient (GrpcClientProtocolClient.java:onNext(264)) - client-964B0EA39D34->4234af2c-5377-4886-a4e8-6fe45d0af45e: receive RaftClientReply:client-964B0EA39D34->4234af2c-5377-4886-a4e8-6fe45d0af45e@group-A1165329A1F1, cid=3985, SUCCESS, logIndex=6037, commits[4234af2c-5377-4886-a4e8-6fe45d0af45e:c6037, cef72988-acf5-49ad-9ec7-695a80e7a66d:c6035, d677508c-6db9-4741-b51c-49af5e4cf22f:c6035]
2019-09-08 07:08:20,470 [grpc-default-executor-3] INFO  client.GrpcClientProtocolClient (GrpcClientProtocolClient.java:onNext(264)) - client-964B0EA39D34->4234af2c-5377-4886-a4e8-6fe45d0af45e: receive RaftClientReply:client-964B0EA39D34->4234af2c-5377-4886-a4e8-6fe45d0af45e@group-A1165329A1F1, cid=3986, SUCCESS, logIndex=0, commits[4234af2c-5377-4886-a4e8-6fe45d0af45e:c6039, cef72988-acf5-49ad-9ec7-695a80e7a66d:c6037, d677508c-6db9-4741-b51c-49af5e4cf22f:c6037]
2019-09-08 07:08:20,503 [grpc-default-executor-0] INFO  client.GrpcClientProtocolClient (GrpcClientProtocolClient.java:onNext(264)) - client-964B0EA39D34->4234af2c-5377-4886-a4e8-6fe45d0af45e: receive RaftClientReply:client-964B0EA39D34->4234af2c-5377-4886-a4e8-6fe45d0af45e@group-A1165329A1F1, cid=3987, SUCCESS, logIndex=6040, commits[4234af2c-5377-4886-a4e8-6fe45d0af45e:c6041, cef72988-acf5-49ad-9ec7-695a80e7a66d:c6039, d677508c-6db9-4741-b51c-49af5e4cf22f:c6039]
2019-09-08 07:08:20,503 [grpc-default-executor-0] INFO  client.GrpcClientProtocolClient (GrpcClientProtocolClient.java:onNext(264)) - client-964B0EA39D34->4234af2c-5377-4886-a4e8-6fe45d0af45e: receive RaftClientReply:client-964B0EA39D34->4234af2c-5377-4886-a4e8-6fe45d0af45e@group-A1165329A1F1, cid=3988, SUCCESS, logIndex=6041, commits[4234af2c-5377-4886-a4e8-6fe45d0af45e:c6043, cef72988-acf5-49ad-9ec7-695a80e7a66d:c6039, d677508c-6db9-4741-b51c-49af5e4cf22f:c6039]
2019-09-08 07:08:20,504 [grpc-default-executor-0] INFO  client.GrpcClientProtocolClient (GrpcClientProtocolClient.java:onNext(264)) - client-964B0EA39D34->4234af2c-5377-4886-a4e8-6fe45d0af45e: receive RaftClientReply:client-964B0EA39D34->4234af2c-5377-4886-a4e8-6fe45d0af45e@group-A1165329A1F1, cid=3989, SUCCESS, logIndex=6042, commits[4234af2c-5377-4886-a4e8-6fe45d0af45e:c6043, cef72988-acf5-49ad-9ec7-695a80e7a66d:c6039, d677508c-6db9-4741-b51c-49af5e4cf22f:c6039]
2019-09-08 07:08:20,504 [grpc-default-executor-0] INFO  client.GrpcClientProtocolClient (GrpcClientProtocolClient.java:onNext(264)) - client-964B0EA39D34->4234af2c-5377-4886-a4e8-6fe45d0af45e: receive RaftClientReply:client-964B0EA39D34->4234af2c-5377-4886-a4e8-6fe45d0af45e@group-A1165329A1F1, cid=3990, SUCCESS, logIndex=6043, commits[4234af2c-5377-4886-a4e8-6fe45d0af45e:c6043, cef72988-acf5-49ad-9ec7-695a80e7a66d:c6039, d677508c-6db9-4741-b51c-49af5e4cf22f:c6039]
2019-09-08 07:08:20,517 [grpc-default-executor-0] INFO  client.GrpcClientProtocolClient (GrpcClientProtocolClient.java:onNext(264)) - client-964B0EA39D34->4234af2c-5377-4886-a4e8-6fe45d0af45e: receive RaftClientReply:client-964B0EA39D34->4234af2c-5377-4886-a4e8-6fe45d0af45e@group-A1165329A1F1, cid=3991, SUCCESS, logIndex=0, commits[4234af2c-5377-4886-a4e8-6fe45d0af45e:c6047, cef72988-acf5-49ad-9ec7-695a80e7a66d:c6043, d677508c-6db9-4741-b51c-49af5e4cf22f:c6041]
2019-09-08 07:08:20,535 [grpc-default-executor-4] INFO  client.GrpcClientProtocolClient (GrpcClientProtocolClient.java:onNext(264)) - client-964B0EA39D34->4234af2c-5377-4886-a4e8-6fe45d0af45e: receive RaftClientReply:client-964B0EA39D34->4234af2c-5377-4886-a4e8-6fe45d0af45e@group-A1165329A1F1, cid=3992, SUCCESS, logIndex=6048, commits[4234af2c-5377-4886-a4e8-6fe45d0af45e:c6049, cef72988-acf5-49ad-9ec7-695a80e7a66d:c6047, d677508c-6db9-4741-b51c-49af5e4cf22f:c6047]
2019-09-08 07:08:20,536 [grpc-default-executor-4] INFO  client.GrpcClientProtocolClient (GrpcClientProtocolClient.java:onNext(264)) - client-964B0EA39D34->4234af2c-5377-4886-a4e8-6fe45d0af45e: receive RaftClientReply:client-964B0EA39D34->4234af2c-5377-4886-a4e8-6fe45d0af45e@group-A1165329A1F1, cid=3993, SUCCESS, logIndex=6049, commits[4234af2c-5377-4886-a4e8-6fe45d0af45e:c6049, cef72988-acf5-49ad-9ec7-695a80e7a66d:c6047, d677508c-6db9-4741-b51c-49af5e4cf22f:c6047]
2019-09-08 07:08:20,550 [grpc-default-executor-4] INFO  client.GrpcClientProtocolClient (GrpcClientProtocolClient.java:onNext(264)) - client-964B0EA39D34->4234af2c-5377-4886-a4e8-6fe45d0af45e: receive RaftClientReply:client-964B0EA39D34->4234af2c-5377-4886-a4e8-6fe45d0af45e@group-A1165329A1F1, cid=3994, SUCCESS, logIndex=6052, commits[4234af2c-5377-4886-a4e8-6fe45d0af45e:c6053, cef72988-acf5-49ad-9ec7-695a80e7a66d:c6049, d677508c-6db9-4741-b51c-49af5e4cf22f:c6049]
2019-09-08 07:08:20,550 [grpc-default-executor-4] INFO  client.GrpcClientProtocolClient (GrpcClientProtocolClient.java:onNext(264)) - client-964B0EA39D34->4234af2c-5377-4886-a4e8-6fe45d0af45e: receive RaftClientReply:client-964B0EA39D34->4234af2c-5377-4886-a4e8-6fe45d0af45e@group-A1165329A1F1, cid=3995, SUCCESS, logIndex=6053, commits[4234af2c-5377-4886-a4e8-6fe45d0af45e:c6053, cef72988-acf5-49ad-9ec7-695a80e7a66d:c6049, d677508c-6db9-4741-b51c-49af5e4cf22f:c6049]
2019-09-08 07:08:20,564 [grpc-default-executor-4] INFO  client.GrpcClientProtocolClient (GrpcClientProtocolClient.java:onNext(264)) - client-964B0EA39D34->4234af2c-5377-4886-a4e8-6fe45d0af45e: receive RaftClientReply:client-964B0EA39D34->4234af2c-5377-4886-a4e8-6fe45d0af45e@group-A1165329A1F1, cid=3996, SUCCESS, logIndex=0, commits[4234af2c-5377-4886-a4e8-6fe45d0af45e:c6055, cef72988-acf5-49ad-9ec7-695a80e7a66d:c6053, d677508c-6db9-4741-b51c-49af5e4cf22f:c6053]
2019-09-08 07:08:20,591 [grpc-default-executor-0] INFO  client.GrpcClientProtocolClient (GrpcClientProtocolClient.java:onNext(264)) - client-964B0EA39D34->4234af2c-5377-4886-a4e8-6fe45d0af45e: receive RaftClientReply:client-964B0EA39D34->4234af2c-5377-4886-a4e8-6fe45d0af45e@group-A1165329A1F1, cid=3997, SUCCESS, logIndex=6056, commits[4234af2c-5377-4886-a4e8-6fe45d0af45e:c6057, cef72988-acf5-49ad-9ec7-695a80e7a66d:c6055, d677508c-6db9-4741-b51c-49af5e4cf22f:c6055]
2019-09-08 07:08:20,591 [grpc-default-executor-0] INFO  client.GrpcClientProtocolClient (GrpcClientProtocolClient.java:onNext(264)) - client-964B0EA39D34->4234af2c-5377-4886-a4e8-6fe45d0af45e: receive RaftClientReply:client-964B0EA39D34->4234af2c-5377-4886-a4e8-6fe45d0af45e@group-A1165329A1F1, cid=3998, SUCCESS, logIndex=6057, commits[4234af2c-5377-4886-a4e8-6fe45d0af45e:c6057, cef72988-acf5-49ad-9ec7-695a80e7a66d:c6055, d677508c-6db9-4741-b51c-49af5e4cf22f:c6055]
2019-09-08 07:08:20,592 [grpc-default-executor-0] INFO  client.GrpcClientProtocolClient (GrpcClientProtocolClient.java:onNext(264)) - client-964B0EA39D34->4234af2c-5377-4886-a4e8-6fe45d0af45e: receive RaftClientReply:client-964B0EA39D34->4234af2c-5377-4886-a4e8-6fe45d0af45e@group-A1165329A1F1, cid=3999, SUCCESS, logIndex=6058, commits[4234af2c-5377-4886-a4e8-6fe45d0af45e:c6059, cef72988-acf5-49ad-9ec7-695a80e7a66d:c6055, d677508c-6db9-4741-b51c-49af5e4cf22f:c6055]
2019-09-08 07:08:20,592 [grpc-default-executor-0] INFO  client.GrpcClientProtocolClient (GrpcClientProtocolClient.java:onNext(264)) - client-964B0EA39D34->4234af2c-5377-4886-a4e8-6fe45d0af45e: receive RaftClientReply:client-964B0EA39D34->4234af2c-5377-4886-a4e8-6fe45d0af45e@group-A1165329A1F1, cid=4000, SUCCESS, logIndex=6059, commits[4234af2c-5377-4886-a4e8-6fe45d0af45e:c6059, cef72988-acf5-49ad-9ec7-695a80e7a66d:c6055, d677508c-6db9-4741-b51c-49af5e4cf22f:c6055]
2019-09-08 07:08:20,605 [grpc-default-executor-0] INFO  client.GrpcClientProtocolClient (GrpcClientProtocolClient.java:onNext(264)) - client-964B0EA39D34->4234af2c-5377-4886-a4e8-6fe45d0af45e: receive RaftClientReply:client-964B0EA39D34->4234af2c-5377-4886-a4e8-6fe45d0af45e@group-A1165329A1F1, cid=4001, SUCCESS, logIndex=0, commits[4234af2c-5377-4886-a4e8-6fe45d0af45e:c6061, cef72988-acf5-49ad-9ec7-695a80e7a66d:c6057, d677508c-6db9-4741-b51c-49af5e4cf22f:c6057]
2019-09-08 07:08:20,622 [grpc-default-executor-4] INFO  client.GrpcClientProtocolClient (GrpcClientProtocolClient.java:onNext(264)) - client-964B0EA39D34->4234af2c-5377-4886-a4e8-6fe45d0af45e: receive RaftClientReply:client-964B0EA39D34->4234af2c-5377-4886-a4e8-6fe45d0af45e@group-A1165329A1F1, cid=4002, SUCCESS, logIndex=6064, commits[4234af2c-5377-4886-a4e8-6fe45d0af45e:c6065, cef72988-acf5-49ad-9ec7-695a80e7a66d:c6063, d677508c-6db9-4741-b51c-49af5e4cf22f:c6059]
2019-09-08 07:08:20,623 [grpc-default-executor-4] INFO  client.GrpcClientProtocolClient (GrpcClientProtocolClient.java:onNext(264)) - client-964B0EA39D34->4234af2c-5377-4886-a4e8-6fe45d0af45e: receive RaftClientReply:client-964B0EA39D34->4234af2c-5377-4886-a4e8-6fe45d0af45e@group-A1165329A1F1, cid=4003, SUCCESS, logIndex=6065, commits[4234af2c-5377-4886-a4e8-6fe45d0af45e:c6065, cef72988-acf5-49ad-9ec7-695a80e7a66d:c6063, d677508c-6db9-4741-b51c-49af5e4cf22f:c6063]
2019-09-08 07:08:20,630 [grpc-default-executor-4] INFO  client.GrpcClientProtocolClient (GrpcClientProtocolClient.java:onNext(264)) - client-964B0EA39D34->4234af2c-5377-4886-a4e8-6fe45d0af45e: receive RaftClientReply:client-964B0EA39D34->4234af2c-5377-4886-a4e8-6fe45d0af45e@group-A1165329A1F1, cid=4004, SUCCESS, logIndex=6068, commits[4234af2c-5377-4886-a4e8-6fe45d0af45e:c6069, cef72988-acf5-49ad-9ec7-695a80e7a66d:c6067, d677508c-6db9-4741-b51c-49af5e4cf22f:c6065]
2019-09-08 07:08:20,631 [grpc-default-executor-4] INFO  client.GrpcClientProtocolClient (GrpcClientProtocolClient.java:onNext(264)) - client-964B0EA39D34->4234af2c-5377-4886-a4e8-6fe45d0af45e: receive RaftClientReply:client-964B0EA39D34->4234af2c-5377-4886-a4e8-6fe45d0af45e@group-A1165329A1F1, cid=4005, SUCCESS, logIndex=6069, commits[4234af2c-5377-4886-a4e8-6fe45d0af45e:c6069, cef72988-acf5-49ad-9ec7-695a80e7a66d:c6067, d677508c-6db9-4741-b51c-49af5e4cf22f:c6067]
2019-09-08 07:08:20,632 [grpc-default-executor-4] INFO  client.GrpcClientProtocolClient (GrpcClientProtocolClient.java:onNext(264)) - client-964B0EA39D34->4234af2c-5377-4886-a4e8-6fe45d0af45e: receive RaftClientReply:client-964B0EA39D34->4234af2c-5377-4886-a4e8-6fe45d0af45e@group-A1165329A1F1, cid=4006, SUCCESS, logIndex=0, commits[4234af2c-5377-4886-a4e8-6fe45d0af45e:c6070, cef72988-acf5-49ad-9ec7-695a80e7a66d:c6069, d677508c-6db9-4741-b51c-49af5e4cf22f:c6069]
2019-09-08 07:08:20,652 [grpc-default-executor-6] INFO  client.GrpcClientProtocolClient (GrpcClientProtocolClient.java:onNext(264)) - client-964B0EA39D34->4234af2c-5377-4886-a4e8-6fe45d0af45e: receive RaftClientReply:client-964B0EA39D34->4234af2c-5377-4886-a4e8-6fe45d0af45e@group-A1165329A1F1, cid=4007, SUCCESS, logIndex=6072, commits[4234af2c-5377-4886-a4e8-6fe45d0af45e:c6074, cef72988-acf5-49ad-9ec7-695a80e7a66d:c6069, d677508c-6db9-4741-b51c-49af5e4cf22f:c6071]
2019-09-08 07:08:20,652 [grpc-default-executor-6] INFO  client.GrpcClientProtocolClient (GrpcClientProtocolClient.java:onNext(264)) - client-964B0EA39D34->4234af2c-5377-4886-a4e8-6fe45d0af45e: receive RaftClientReply:client-964B0EA39D34->4234af2c-5377-4886-a4e8-6fe45d0af45e@group-A1165329A1F1, cid=4008, SUCCESS, logIndex=6073, commits[4234af2c-5377-4886-a4e8-6fe45d0af45e:c6075, cef72988-acf5-49ad-9ec7-695a80e7a66d:c6071, d677508c-6db9-4741-b51c-49af5e4cf22f:c6071]
2019-09-08 07:08:20,652 [grpc-default-executor-6] INFO  client.GrpcClientProtocolClient (GrpcClientProtocolClient.java:onNext(264)) - client-964B0EA39D34->4234af2c-5377-4886-a4e8-6fe45d0af45e: receive RaftClientReply:client-964B0EA39D34->4234af2c-5377-4886-a4e8-6fe45d0af45e@group-A1165329A1F1, cid=4009, SUCCESS, logIndex=6074, commits[4234af2c-5377-4886-a4e8-6fe45d0af45e:c6075, cef72988-acf5-49ad-9ec7-695a80e7a66d:c6071, d677508c-6db9-4741-b51c-49af5e4cf22f:c6071]
2019-09-08 07:08:20,652 [grpc-default-executor-6] INFO  client.GrpcClientProtocolClient (GrpcClientProtocolClient.java:onNext(264)) - client-964B0EA39D34->4234af2c-5377-4886-a4e8-6fe45d0af45e: receive RaftClientReply:client-964B0EA39D34->4234af2c-5377-4886-a4e8-6fe45d0af45e@group-A1165329A1F1, cid=4010, SUCCESS, logIndex=6075, commits[4234af2c-5377-4886-a4e8-6fe45d0af45e:c6075, cef72988-acf5-49ad-9ec7-695a80e7a66d:c6071, d677508c-6db9-4741-b51c-49af5e4cf22f:c6071]
2019-09-08 07:08:20,656 [grpc-default-executor-6] INFO  client.GrpcClientProtocolClient (GrpcClientProtocolClient.java:onNext(264)) - client-964B0EA39D34->4234af2c-5377-4886-a4e8-6fe45d0af45e: receive RaftClientReply:client-964B0EA39D34->4234af2c-5377-4886-a4e8-6fe45d0af45e@group-A1165329A1F1, cid=4011, SUCCESS, logIndex=0, commits[4234af2c-5377-4886-a4e8-6fe45d0af45e:c6079, cef72988-acf5-49ad-9ec7-695a80e7a66d:c6075, d677508c-6db9-4741-b51c-49af5e4cf22f:c6073]
2019-09-08 07:08:20,665 [grpc-default-executor-3] INFO  client.GrpcClientProtocolClient (GrpcClientProtocolClient.java:onNext(264)) - client-964B0EA39D34->4234af2c-5377-4886-a4e8-6fe45d0af45e: receive RaftClientReply:client-964B0EA39D34->4234af2c-5377-4886-a4e8-6fe45d0af45e@group-A1165329A1F1, cid=4012, SUCCESS, logIndex=6080, commits[4234af2c-5377-4886-a4e8-6fe45d0af45e:c6081, cef72988-acf5-49ad-9ec7-695a80e7a66d:c6079, d677508c-6db9-4741-b51c-49af5e4cf22f:c6075]
2019-09-08 07:08:20,666 [grpc-default-executor-3] INFO  client.GrpcClientProtocolClient (GrpcClientProtocolClient.java:onNext(264)) - client-964B0EA39D34->4234af2c-5377-4886-a4e8-6fe45d0af45e: receive RaftClientReply:client-964B0EA39D34->4234af2c-5377-4886-a4e8-6fe45d0af45e@group-A1165329A1F1, cid=4013, SUCCESS, logIndex=6081, commits[4234af2c-5377-4886-a4e8-6fe45d0af45e:c6081, cef72988-acf5-49ad-9ec7-695a80e7a66d:c6079, d677508c-6db9-4741-b51c-49af5e4cf22f:c6079]
2019-09-08 07:08:20,682 [grpc-default-executor-4] INFO  client.GrpcClientProtocolClient (GrpcClientProtocolClient.java:onNext(264)) - client-964B0EA39D34->4234af2c-5377-4886-a4e8-6fe45d0af45e: receive RaftClientReply:client-964B0EA39D34->4234af2c-5377-4886-a4e8-6fe45d0af45e@group-A1165329A1F1, cid=4014, SUCCESS, logIndex=6084, commits[4234af2c-5377-4886-a4e8-6fe45d0af45e:c6085, cef72988-acf5-49ad-9ec7-695a80e7a66d:c6082, d677508c-6db9-4741-b51c-49af5e4cf22f:c6083]
2019-09-08 07:08:20,683 [grpc-default-executor-4] INFO  client.GrpcClientProtocolClient (GrpcClientProtocolClient.java:onNext(264)) - client-964B0EA39D34->4234af2c-5377-4886-a4e8-6fe45d0af45e: receive RaftClientReply:client-964B0EA39D34->4234af2c-5377-4886-a4e8-6fe45d0af45e@group-A1165329A1F1, cid=4015, SUCCESS, logIndex=6085, commits[4234af2c-5377-4886-a4e8-6fe45d0af45e:c6085, cef72988-acf5-49ad-9ec7-695a80e7a66d:c6082, d677508c-6db9-4741-b51c-49af5e4cf22f:c6083]
2019-09-08 07:08:20,687 [grpc-default-executor-3] INFO  client.GrpcClientProtocolClient (GrpcClientProtocolClient.java:onNext(264)) - client-964B0EA39D34->4234af2c-5377-4886-a4e8-6fe45d0af45e: receive RaftClientReply:client-964B0EA39D34->4234af2c-5377-4886-a4e8-6fe45d0af45e@group-A1165329A1F1, cid=4016, SUCCESS, logIndex=0, commits[4234af2c-5377-4886-a4e8-6fe45d0af45e:c6087, cef72988-acf5-49ad-9ec7-695a80e7a66d:c6085, d677508c-6db9-4741-b51c-49af5e4cf22f:c6085]
2019-09-08 07:08:20,708 [grpc-default-executor-0] INFO  client.GrpcClientProtocolClient (GrpcClientProtocolClient.java:onNext(264)) - client-964B0EA39D34->4234af2c-5377-4886-a4e8-6fe45d0af45e: receive RaftClientReply:client-964B0EA39D34->4234af2c-5377-4886-a4e8-6fe45d0af45e@group-A1165329A1F1, cid=4017, SUCCESS, logIndex=6088, commits[4234af2c-5377-4886-a4e8-6fe45d0af45e:c6089, cef72988-acf5-49ad-9ec7-695a80e7a66d:c6085, d677508c-6db9-4741-b51c-49af5e4cf22f:c6087]
2019-09-08 07:08:20,708 [grpc-default-executor-0] INFO  client.GrpcClientProtocolClient (GrpcClientProtocolClient.java:onNext(264)) - client-964B0EA39D34->4234af2c-5377-4886-a4e8-6fe45d0af45e: receive RaftClientReply:client-964B0EA39D34->4234af2c-5377-4886-a4e8-6fe45d0af45e@group-A1165329A1F1, cid=4018, SUCCESS, logIndex=6089, commits[4234af2c-5377-4886-a4e8-6fe45d0af45e:c6089, cef72988-acf5-49ad-9ec7-695a80e7a66d:c6087, d677508c-6db9-4741-b51c-49af5e4cf22f:c6087]
2019-09-08 07:08:20,711 [grpc-default-executor-0] INFO  client.GrpcClientProtocolClient (GrpcClientProtocolClient.java:onNext(264)) - client-964B0EA39D34->4234af2c-5377-4886-a4e8-6fe45d0af45e: receive RaftClientReply:client-964B0EA39D34->4234af2c-5377-4886-a4e8-6fe45d0af45e@group-A1165329A1F1, cid=4019, SUCCESS, logIndex=6090, commits[4234af2c-5377-4886-a4e8-6fe45d0af45e:c6091, cef72988-acf5-49ad-9ec7-695a80e7a66d:c6087, d677508c-6db9-4741-b51c-49af5e4cf22f:c6087]
2019-09-08 07:08:20,711 [grpc-default-executor-0] INFO  client.GrpcClientProtocolClient (GrpcClientProtocolClient.java:onNext(264)) - client-964B0EA39D34->4234af2c-5377-4886-a4e8-6fe45d0af45e: receive RaftClientReply:client-964B0EA39D34->4234af2c-5377-4886-a4e8-6fe45d0af45e@group-A1165329A1F1, cid=4020, SUCCESS, logIndex=6091, commits[4234af2c-5377-4886-a4e8-6fe45d0af45e:c6093, cef72988-acf5-49ad-9ec7-695a80e7a66d:c6089, d677508c-6db9-4741-b51c-49af5e4cf22f:c6089]
2019-09-08 07:08:20,758 [grpc-default-executor-3] INFO  client.GrpcClientProtocolClient (GrpcClientProtocolClient.java:onNext(264)) - client-964B0EA39D34->4234af2c-5377-4886-a4e8-6fe45d0af45e: receive RaftClientReply:client-964B0EA39D34->4234af2c-5377-4886-a4e8-6fe45d0af45e@group-A1165329A1F1, cid=4021, SUCCESS, logIndex=6096, commits[4234af2c-5377-4886-a4e8-6fe45d0af45e:c6097, cef72988-acf5-49ad-9ec7-695a80e7a66d:c6095, d677508c-6db9-4741-b51c-49af5e4cf22f:c6095]
2019-09-08 07:08:20,758 [grpc-default-executor-3] INFO  client.GrpcClientProtocolClient (GrpcClientProtocolClient.java:onNext(264)) - client-964B0EA39D34->4234af2c-5377-4886-a4e8-6fe45d0af45e: receive RaftClientReply:client-964B0EA39D34->4234af2c-5377-4886-a4e8-6fe45d0af45e@group-A1165329A1F1, cid=4022, SUCCESS, logIndex=6097, commits[4234af2c-5377-4886-a4e8-6fe45d0af45e:c6097, cef72988-acf5-49ad-9ec7-695a80e7a66d:c6095, d677508c-6db9-4741-b51c-49af5e4cf22f:c6095]
2019-09-08 07:08:20,770 [grpc-default-executor-3] INFO  client.GrpcClientProtocolClient (GrpcClientProtocolClient.java:onNext(264)) - client-964B0EA39D34->4234af2c-5377-4886-a4e8-6fe45d0af45e: receive RaftClientReply:client-964B0EA39D34->4234af2c-5377-4886-a4e8-6fe45d0af45e@group-A1165329A1F1, cid=4023, SUCCESS, logIndex=6100, commits[4234af2c-5377-4886-a4e8-6fe45d0af45e:c6101, cef72988-acf5-49ad-9ec7-695a80e7a66d:c6097, d677508c-6db9-4741-b51c-49af5e4cf22f:c6097]
2019-09-08 07:08:20,770 [grpc-default-executor-3] INFO  client.GrpcClientProtocolClient (GrpcClientProtocolClient.java:onNext(264)) - client-964B0EA39D34->4234af2c-5377-4886-a4e8-6fe45d0af45e: receive RaftClientReply:client-964B0EA39D34->4234af2c-5377-4886-a4e8-6fe45d0af45e@group-A1165329A1F1, cid=4024, SUCCESS, logIndex=6101, commits[4234af2c-5377-4886-a4e8-6fe45d0af45e:c6101, cef72988-acf5-49ad-9ec7-695a80e7a66d:c6097, d677508c-6db9-4741-b51c-49af5e4cf22f:c6097]
2019-09-08 07:08:20,772 [grpc-default-executor-3] INFO  client.GrpcClientProtocolClient (GrpcClientProtocolClient.java:onNext(264)) - client-964B0EA39D34->4234af2c-5377-4886-a4e8-6fe45d0af45e: receive RaftClientReply:client-964B0EA39D34->4234af2c-5377-4886-a4e8-6fe45d0af45e@group-A1165329A1F1, cid=4025, SUCCESS, logIndex=0, commits[4234af2c-5377-4886-a4e8-6fe45d0af45e:c6103, cef72988-acf5-49ad-9ec7-695a80e7a66d:c6101, d677508c-6db9-4741-b51c-49af5e4cf22f:c6101]
2019-09-08 07:08:20,805 [grpc-default-executor-4] INFO  client.GrpcClientProtocolClient (GrpcClientProtocolClient.java:onNext(264)) - client-964B0EA39D34->4234af2c-5377-4886-a4e8-6fe45d0af45e: receive RaftClientReply:client-964B0EA39D34->4234af2c-5377-4886-a4e8-6fe45d0af45e@group-A1165329A1F1, cid=4026, SUCCESS, logIndex=6104, commits[4234af2c-5377-4886-a4e8-6fe45d0af45e:c6105, cef72988-acf5-49ad-9ec7-695a80e7a66d:c6103, d677508c-6db9-4741-b51c-49af5e4cf22f:c6103]
2019-09-08 07:08:20,805 [grpc-default-executor-3] INFO  client.GrpcClientProtocolClient (GrpcClientProtocolClient.java:onNext(264)) - client-964B0EA39D34->4234af2c-5377-4886-a4e8-6fe45d0af45e: receive RaftClientReply:client-964B0EA39D34->4234af2c-5377-4886-a4e8-6fe45d0af45e@group-A1165329A1F1, cid=4027, SUCCESS, logIndex=6105, commits[4234af2c-5377-4886-a4e8-6fe45d0af45e:c6105, cef72988-acf5-49ad-9ec7-695a80e7a66d:c6103, d677508c-6db9-4741-b51c-49af5e4cf22f:c6103]
2019-09-08 07:08:20,806 [grpc-default-executor-3] INFO  client.GrpcClientProtocolClient (GrpcClientProtocolClient.java:onNext(264)) - client-964B0EA39D34->4234af2c-5377-4886-a4e8-6fe45d0af45e: receive RaftClientReply:client-964B0EA39D34->4234af2c-5377-4886-a4e8-6fe45d0af45e@group-A1165329A1F1, cid=4028, SUCCESS, logIndex=6106, commits[4234af2c-5377-4886-a4e8-6fe45d0af45e:c6107, cef72988-acf5-49ad-9ec7-695a80e7a66d:c6103, d677508c-6db9-4741-b51c-49af5e4cf22f:c6103]
2019-09-08 07:08:20,806 [grpc-default-executor-3] INFO  client.GrpcClientProtocolClient (GrpcClientProtocolClient.java:onNext(264)) - client-964B0EA39D34->4234af2c-5377-4886-a4e8-6fe45d0af45e: receive RaftClientReply:client-964B0EA39D34->4234af2c-5377-4886-a4e8-6fe45d0af45e@group-A1165329A1F1, cid=4029, SUCCESS, logIndex=6107, commits[4234af2c-5377-4886-a4e8-6fe45d0af45e:c6107, cef72988-acf5-49ad-9ec7-695a80e7a66d:c6103, d677508c-6db9-4741-b51c-49af5e4cf22f:c6103]
2019-09-08 07:08:20,819 [grpc-default-executor-3] INFO  client.GrpcClientProtocolClient (GrpcClientProtocolClient.java:onNext(264)) - client-964B0EA39D34->4234af2c-5377-4886-a4e8-6fe45d0af45e: receive RaftClientReply:client-964B0EA39D34->4234af2c-5377-4886-a4e8-6fe45d0af45e@group-A1165329A1F1, cid=4030, SUCCESS, logIndex=0, commits[4234af2c-5377-4886-a4e8-6fe45d0af45e:c6109, cef72988-acf5-49ad-9ec7-695a80e7a66d:c6105, d677508c-6db9-4741-b51c-49af5e4cf22f:c6105]
2019-09-08 07:08:20,839 [grpc-default-executor-3] INFO  client.GrpcClientProtocolClient (GrpcClientProtocolClient.java:onNext(264)) - client-964B0EA39D34->4234af2c-5377-4886-a4e8-6fe45d0af45e: receive RaftClientReply:client-964B0EA39D34->4234af2c-5377-4886-a4e8-6fe45d0af45e@group-A1165329A1F1, cid=4031, SUCCESS, logIndex=6112, commits[4234af2c-5377-4886-a4e8-6fe45d0af45e:c6113, cef72988-acf5-49ad-9ec7-695a80e7a66d:c6111, d677508c-6db9-4741-b51c-49af5e4cf22f:c6111]
2019-09-08 07:08:20,839 [grpc-default-executor-3] INFO  client.GrpcClientProtocolClient (GrpcClientProtocolClient.java:onNext(264)) - client-964B0EA39D34->4234af2c-5377-4886-a4e8-6fe45d0af45e: receive RaftClientReply:client-964B0EA39D34->4234af2c-5377-4886-a4e8-6fe45d0af45e@group-A1165329A1F1, cid=4032, SUCCESS, logIndex=6113, commits[4234af2c-5377-4886-a4e8-6fe45d0af45e:c6113, cef72988-acf5-49ad-9ec7-695a80e7a66d:c6111, d677508c-6db9-4741-b51c-49af5e4cf22f:c6111]
2019-09-08 07:08:20,853 [grpc-default-executor-4] INFO  client.GrpcClientProtocolClient (GrpcClientProtocolClient.java:onNext(264)) - client-964B0EA39D34->4234af2c-5377-4886-a4e8-6fe45d0af45e: receive RaftClientReply:client-964B0EA39D34->4234af2c-5377-4886-a4e8-6fe45d0af45e@group-A1165329A1F1, cid=4033, SUCCESS, logIndex=6116, commits[4234af2c-5377-4886-a4e8-6fe45d0af45e:c6116, cef72988-acf5-49ad-9ec7-695a80e7a66d:c6113, d677508c-6db9-4741-b51c-49af5e4cf22f:c6113]
2019-09-08 07:08:20,854 [grpc-default-executor-4] INFO  client.GrpcClientProtocolClient (GrpcClientProtocolClient.java:onNext(264)) - client-964B0EA39D34->4234af2c-5377-4886-a4e8-6fe45d0af45e: receive RaftClientReply:client-964B0EA39D34->4234af2c-5377-4886-a4e8-6fe45d0af45e@group-A1165329A1F1, cid=4034, SUCCESS, logIndex=6117, commits[4234af2c-5377-4886-a4e8-6fe45d0af45e:c6117, cef72988-acf5-49ad-9ec7-695a80e7a66d:c6113, d677508c-6db9-4741-b51c-49af5e4cf22f:c6113]
2019-09-08 07:08:20,868 [grpc-default-executor-4] INFO  client.GrpcClientProtocolClient (GrpcClientProtocolClient.java:onNext(264)) - client-964B0EA39D34->4234af2c-5377-4886-a4e8-6fe45d0af45e: receive RaftClientReply:client-964B0EA39D34->4234af2c-5377-4886-a4e8-6fe45d0af45e@group-A1165329A1F1, cid=4035, SUCCESS, logIndex=0, commits[4234af2c-5377-4886-a4e8-6fe45d0af45e:c6119, cef72988-acf5-49ad-9ec7-695a80e7a66d:c6117, d677508c-6db9-4741-b51c-49af5e4cf22f:c6117]
2019-09-08 07:08:21,043 [grpc-default-executor-4] INFO  client.GrpcClientProtocolClient (GrpcClientProtocolClient.java:onNext(264)) - client-964B0EA39D34->4234af2c-5377-4886-a4e8-6fe45d0af45e: receive RaftClientReply:client-964B0EA39D34->4234af2c-5377-4886-a4e8-6fe45d0af45e@group-A1165329A1F1, cid=4036, SUCCESS, logIndex=6120, commits[4234af2c-5377-4886-a4e8-6fe45d0af45e:c6123, cef72988-acf5-49ad-9ec7-695a80e7a66d:c6117, d677508c-6db9-4741-b51c-49af5e4cf22f:c6119]
2019-09-08 07:08:21,043 [grpc-default-executor-4] INFO  client.GrpcClientProtocolClient (GrpcClientProtocolClient.java:onNext(264)) - client-964B0EA39D34->4234af2c-5377-4886-a4e8-6fe45d0af45e: receive RaftClientReply:client-964B0EA39D34->4234af2c-5377-4886-a4e8-6fe45d0af45e@group-A1165329A1F1, cid=4037, SUCCESS, logIndex=6121, commits[4234af2c-5377-4886-a4e8-6fe45d0af45e:c6123, cef72988-acf5-49ad-9ec7-695a80e7a66d:c6119, d677508c-6db9-4741-b51c-49af5e4cf22f:c6119]
2019-09-08 07:08:21,043 [grpc-default-executor-4] INFO  client.GrpcClientProtocolClient (GrpcClientProtocolClient.java:onNext(264)) - client-964B0EA39D34->4234af2c-5377-4886-a4e8-6fe45d0af45e: receive RaftClientReply:client-964B0EA39D34->4234af2c-5377-4886-a4e8-6fe45d0af45e@group-A1165329A1F1, cid=4038, SUCCESS, logIndex=6122, commits[4234af2c-5377-4886-a4e8-6fe45d0af45e:c6123, cef72988-acf5-49ad-9ec7-695a80e7a66d:c6119, d677508c-6db9-4741-b51c-49af5e4cf22f:c6119]
2019-09-08 07:08:21,044 [grpc-default-executor-4] INFO  client.GrpcClientProtocolClient (GrpcClientProtocolClient.java:onNext(264)) - client-964B0EA39D34->4234af2c-5377-4886-a4e8-6fe45d0af45e: receive RaftClientReply:client-964B0EA39D34->4234af2c-5377-4886-a4e8-6fe45d0af45e@group-A1165329A1F1, cid=4039, SUCCESS, logIndex=6123, commits[4234af2c-5377-4886-a4e8-6fe45d0af45e:c6123, cef72988-acf5-49ad-9ec7-695a80e7a66d:c6119, d677508c-6db9-4741-b51c-49af5e4cf22f:c6119]
2019-09-08 07:08:21,045 [grpc-default-executor-3] INFO  client.GrpcClientProtocolClient (GrpcClientProtocolClient.java:onNext(264)) - client-964B0EA39D34->4234af2c-5377-4886-a4e8-6fe45d0af45e: receive RaftClientReply:client-964B0EA39D34->4234af2c-5377-4886-a4e8-6fe45d0af45e@group-A1165329A1F1, cid=4040, SUCCESS, logIndex=0, commits[4234af2c-5377-4886-a4e8-6fe45d0af45e:c6125, cef72988-acf5-49ad-9ec7-695a80e7a66d:c6121, d677508c-6db9-4741-b51c-49af5e4cf22f:c6121]
2019-09-08 07:08:21,058 [grpc-default-executor-3] INFO  client.GrpcClientProtocolClient (GrpcClientProtocolClient.java:onNext(264)) - client-964B0EA39D34->4234af2c-5377-4886-a4e8-6fe45d0af45e: receive RaftClientReply:client-964B0EA39D34->4234af2c-5377-4886-a4e8-6fe45d0af45e@group-A1165329A1F1, cid=4041, SUCCESS, logIndex=6128, commits[4234af2c-5377-4886-a4e8-6fe45d0af45e:c6129, cef72988-acf5-49ad-9ec7-695a80e7a66d:c6127, d677508c-6db9-4741-b51c-49af5e4cf22f:c6127]
2019-09-08 07:08:21,058 [grpc-default-executor-3] INFO  client.GrpcClientProtocolClient (GrpcClientProtocolClient.java:onNext(264)) - client-964B0EA39D34->4234af2c-5377-4886-a4e8-6fe45d0af45e: receive RaftClientReply:client-964B0EA39D34->4234af2c-5377-4886-a4e8-6fe45d0af45e@group-A1165329A1F1, cid=4042, SUCCESS, logIndex=6129, commits[4234af2c-5377-4886-a4e8-6fe45d0af45e:c6129, cef72988-acf5-49ad-9ec7-695a80e7a66d:c6127, d677508c-6db9-4741-b51c-49af5e4cf22f:c6127]
2019-09-08 07:08:21,078 [grpc-default-executor-0] INFO  client.GrpcClientProtocolClient (GrpcClientProtocolClient.java:onNext(264)) - client-964B0EA39D34->4234af2c-5377-4886-a4e8-6fe45d0af45e: receive RaftClientReply:client-964B0EA39D34->4234af2c-5377-4886-a4e8-6fe45d0af45e@group-A1165329A1F1, cid=4043, SUCCESS, logIndex=6132, commits[4234af2c-5377-4886-a4e8-6fe45d0af45e:c6133, cef72988-acf5-49ad-9ec7-695a80e7a66d:c6131, d677508c-6db9-4741-b51c-49af5e4cf22f:c6131]
2019-09-08 07:08:21,078 [grpc-default-executor-0] INFO  client.GrpcClientProtocolClient (GrpcClientProtocolClient.java:onNext(264)) - client-964B0EA39D34->4234af2c-5377-4886-a4e8-6fe45d0af45e: receive RaftClientReply:client-964B0EA39D34->4234af2c-5377-4886-a4e8-6fe45d0af45e@group-A1165329A1F1, cid=4044, SUCCESS, logIndex=6133, commits[4234af2c-5377-4886-a4e8-6fe45d0af45e:c6133, cef72988-acf5-49ad-9ec7-695a80e7a66d:c6131, d677508c-6db9-4741-b51c-49af5e4cf22f:c6131]
2019-09-08 07:08:21,094 [grpc-default-executor-3] INFO  client.GrpcClientProtocolClient (GrpcClientProtocolClient.java:onNext(264)) - client-964B0EA39D34->4234af2c-5377-4886-a4e8-6fe45d0af45e: receive RaftClientReply:client-964B0EA39D34->4234af2c-5377-4886-a4e8-6fe45d0af45e@group-A1165329A1F1, cid=4045, SUCCESS, logIndex=0, commits[4234af2c-5377-4886-a4e8-6fe45d0af45e:c6135, cef72988-acf5-49ad-9ec7-695a80e7a66d:c6133, d677508c-6db9-4741-b51c-49af5e4cf22f:c6133]
2019-09-08 07:08:21,134 [grpc-default-executor-3] INFO  client.GrpcClientProtocolClient (GrpcClientProtocolClient.java:onNext(264)) - client-964B0EA39D34->4234af2c-5377-4886-a4e8-6fe45d0af45e: receive RaftClientReply:client-964B0EA39D34->4234af2c-5377-4886-a4e8-6fe45d0af45e@group-A1165329A1F1, cid=4046, SUCCESS, logIndex=6136, commits[4234af2c-5377-4886-a4e8-6fe45d0af45e:c6139, cef72988-acf5-49ad-9ec7-695a80e7a66d:c6135, d677508c-6db9-4741-b51c-49af5e4cf22f:c6135]
2019-09-08 07:08:21,134 [grpc-default-executor-3] INFO  client.GrpcClientProtocolClient (GrpcClientProtocolClient.java:onNext(264)) - client-964B0EA39D34->4234af2c-5377-4886-a4e8-6fe45d0af45e: receive RaftClientReply:client-964B0EA39D34->4234af2c-5377-4886-a4e8-6fe45d0af45e@group-A1165329A1F1, cid=4047, SUCCESS, logIndex=6137, commits[4234af2c-5377-4886-a4e8-6fe45d0af45e:c6139, cef72988-acf5-49ad-9ec7-695a80e7a66d:c6135, d677508c-6db9-4741-b51c-49af5e4cf22f:c6135]
2019-09-08 07:08:21,135 [grpc-default-executor-3] INFO  client.GrpcClientProtocolClient (GrpcClientProtocolClient.java:onNext(264)) - client-964B0EA39D34->4234af2c-5377-4886-a4e8-6fe45d0af45e: receive RaftClientReply:client-964B0EA39D34->4234af2c-5377-4886-a4e8-6fe45d0af45e@group-A1165329A1F1, cid=4048, SUCCESS, logIndex=6138, commits[4234af2c-5377-4886-a4e8-6fe45d0af45e:c6139, cef72988-acf5-49ad-9ec7-695a80e7a66d:c6135, d677508c-6db9-4741-b51c-49af5e4cf22f:c6135]
2019-09-08 07:08:21,135 [grpc-default-executor-3] INFO  client.GrpcClientProtocolClient (GrpcClientProtocolClient.java:onNext(264)) - client-964B0EA39D34->4234af2c-5377-4886-a4e8-6fe45d0af45e: receive RaftClientReply:client-964B0EA39D34->4234af2c-5377-4886-a4e8-6fe45d0af45e@group-A1165329A1F1, cid=4049, SUCCESS, logIndex=6139, commits[4234af2c-5377-4886-a4e8-6fe45d0af45e:c6139, cef72988-acf5-49ad-9ec7-695a80e7a66d:c6135, d677508c-6db9-4741-b51c-49af5e4cf22f:c6135]
2019-09-08 07:08:21,141 [grpc-default-executor-3] INFO  client.GrpcClientProtocolClient (GrpcClientProtocolClient.java:onNext(264)) - client-964B0EA39D34->4234af2c-5377-4886-a4e8-6fe45d0af45e: receive RaftClientReply:client-964B0EA39D34->4234af2c-5377-4886-a4e8-6fe45d0af45e@group-A1165329A1F1, cid=4050, SUCCESS, logIndex=0, commits[4234af2c-5377-4886-a4e8-6fe45d0af45e:c6140, cef72988-acf5-49ad-9ec7-695a80e7a66d:c6139, d677508c-6db9-4741-b51c-49af5e4cf22f:c6139]
2019-09-08 07:08:21,156 [grpc-default-executor-0] INFO  client.GrpcClientProtocolClient (GrpcClientProtocolClient.java:onNext(264)) - client-964B0EA39D34->4234af2c-5377-4886-a4e8-6fe45d0af45e: receive RaftClientReply:client-964B0EA39D34->4234af2c-5377-4886-a4e8-6fe45d0af45e@group-A1165329A1F1, cid=4051, SUCCESS, logIndex=6141, commits[4234af2c-5377-4886-a4e8-6fe45d0af45e:c6142, cef72988-acf5-49ad-9ec7-695a80e7a66d:c6140, d677508c-6db9-4741-b51c-49af5e4cf22f:c6140]
2019-09-08 07:08:21,156 [grpc-default-executor-0] INFO  client.GrpcClientProtocolClient (GrpcClientProtocolClient.java:onNext(264)) - client-964B0EA39D34->4234af2c-5377-4886-a4e8-6fe45d0af45e: receive RaftClientReply:client-964B0EA39D34->4234af2c-5377-4886-a4e8-6fe45d0af45e@group-A1165329A1F1, cid=4052, SUCCESS, logIndex=6142, commits[4234af2c-5377-4886-a4e8-6fe45d0af45e:c6142, cef72988-acf5-49ad-9ec7-695a80e7a66d:c6140, d677508c-6db9-4741-b51c-49af5e4cf22f:c6140]
2019-09-08 07:08:21,170 [grpc-default-executor-4] INFO  client.GrpcClientProtocolClient (GrpcClientProtocolClient.java:onNext(264)) - client-964B0EA39D34->4234af2c-5377-4886-a4e8-6fe45d0af45e: receive RaftClientReply:client-964B0EA39D34->4234af2c-5377-4886-a4e8-6fe45d0af45e@group-A1165329A1F1, cid=4053, SUCCESS, logIndex=6145, commits[4234af2c-5377-4886-a4e8-6fe45d0af45e:c6146, cef72988-acf5-49ad-9ec7-695a80e7a66d:c6144, d677508c-6db9-4741-b51c-49af5e4cf22f:c6144]
2019-09-08 07:08:21,170 [grpc-default-executor-4] INFO  client.GrpcClientProtocolClient (GrpcClientProtocolClient.java:onNext(264)) - client-964B0EA39D34->4234af2c-5377-4886-a4e8-6fe45d0af45e: receive RaftClientReply:client-964B0EA39D34->4234af2c-5377-4886-a4e8-6fe45d0af45e@group-A1165329A1F1, cid=4054, SUCCESS, logIndex=6146, commits[4234af2c-5377-4886-a4e8-6fe45d0af45e:c6146, cef72988-acf5-49ad-9ec7-695a80e7a66d:c6144, d677508c-6db9-4741-b51c-49af5e4cf22f:c6144]
2019-09-08 07:08:21,173 [grpc-default-executor-4] INFO  client.GrpcClientProtocolClient (GrpcClientProtocolClient.java:onNext(264)) - client-964B0EA39D34->4234af2c-5377-4886-a4e8-6fe45d0af45e: receive RaftClientReply:client-964B0EA39D34->4234af2c-5377-4886-a4e8-6fe45d0af45e@group-A1165329A1F1, cid=4055, SUCCESS, logIndex=0, commits[4234af2c-5377-4886-a4e8-6fe45d0af45e:c6148, cef72988-acf5-49ad-9ec7-695a80e7a66d:c6146, d677508c-6db9-4741-b51c-49af5e4cf22f:c6146]
2019-09-08 07:08:21,200 [grpc-default-executor-6] INFO  client.GrpcClientProtocolClient (GrpcClientProtocolClient.java:onNext(264)) - client-964B0EA39D34->4234af2c-5377-4886-a4e8-6fe45d0af45e: receive RaftClientReply:client-964B0EA39D34->4234af2c-5377-4886-a4e8-6fe45d0af45e@group-A1165329A1F1, cid=4056, SUCCESS, logIndex=6149, commits[4234af2c-5377-4886-a4e8-6fe45d0af45e:c6150, cef72988-acf5-49ad-9ec7-695a80e7a66d:c6148, d677508c-6db9-4741-b51c-49af5e4cf22f:c6148]
2019-09-08 07:08:21,201 [grpc-default-executor-6] INFO  client.GrpcClientProtocolClient (GrpcClientProtocolClient.java:onNext(264)) - client-964B0EA39D34->4234af2c-5377-4886-a4e8-6fe45d0af45e: receive RaftClientReply:client-964B0EA39D34->4234af2c-5377-4886-a4e8-6fe45d0af45e@group-A1165329A1F1, cid=4057, SUCCESS, logIndex=6150, commits[4234af2c-5377-4886-a4e8-6fe45d0af45e:c6152, cef72988-acf5-49ad-9ec7-695a80e7a66d:c6148, d677508c-6db9-4741-b51c-49af5e4cf22f:c6148]
2019-09-08 07:08:21,201 [grpc-default-executor-6] INFO  client.GrpcClientProtocolClient (GrpcClientProtocolClient.java:onNext(264)) - client-964B0EA39D34->4234af2c-5377-4886-a4e8-6fe45d0af45e: receive RaftClientReply:client-964B0EA39D34->4234af2c-5377-4886-a4e8-6fe45d0af45e@group-A1165329A1F1, cid=4058, SUCCESS, logIndex=6151, commits[4234af2c-5377-4886-a4e8-6fe45d0af45e:c6152, cef72988-acf5-49ad-9ec7-695a80e7a66d:c6148, d677508c-6db9-4741-b51c-49af5e4cf22f:c6148]
2019-09-08 07:08:21,201 [grpc-default-executor-6] INFO  client.GrpcClientProtocolClient (GrpcClientProtocolClient.java:onNext(264)) - client-964B0EA39D34->4234af2c-5377-4886-a4e8-6fe45d0af45e: receive RaftClientReply:client-964B0EA39D34->4234af2c-5377-4886-a4e8-6fe45d0af45e@group-A1165329A1F1, cid=4059, SUCCESS, logIndex=6152, commits[4234af2c-5377-4886-a4e8-6fe45d0af45e:c6152, cef72988-acf5-49ad-9ec7-695a80e7a66d:c6148, d677508c-6db9-4741-b51c-49af5e4cf22f:c6148]
2019-09-08 07:08:21,215 [grpc-default-executor-4] INFO  client.GrpcClientProtocolClient (GrpcClientProtocolClient.java:onNext(264)) - client-964B0EA39D34->4234af2c-5377-4886-a4e8-6fe45d0af45e: receive RaftClientReply:client-964B0EA39D34->4234af2c-5377-4886-a4e8-6fe45d0af45e@group-A1165329A1F1, cid=4060, SUCCESS, logIndex=0, commits[4234af2c-5377-4886-a4e8-6fe45d0af45e:c6154, cef72988-acf5-49ad-9ec7-695a80e7a66d:c6150, d677508c-6db9-4741-b51c-49af5e4cf22f:c6150]
 0.00% |█                                                                                                    |  0/1 Time: 0:01:012019-09-08 07:08:21,232 [grpc-default-executor-4] INFO  client.GrpcClientProtocolClient (GrpcClientProtocolClient.java:onNext(264)) - client-964B0EA39D34->4234af2c-5377-4886-a4e8-6fe45d0af45e: receive RaftClientReply:client-964B0EA39D34->4234af2c-5377-4886-a4e8-6fe45d0af45e@group-A1165329A1F1, cid=4061, SUCCESS, logIndex=6157, commits[4234af2c-5377-4886-a4e8-6fe45d0af45e:c6157, cef72988-acf5-49ad-9ec7-695a80e7a66d:c6156, d677508c-6db9-4741-b51c-49af5e4cf22f:c6156]
2019-09-08 07:08:21,233 [grpc-default-executor-4] INFO  client.GrpcClientProtocolClient (GrpcClientProtocolClient.java:onNext(264)) - client-964B0EA39D34->4234af2c-5377-4886-a4e8-6fe45d0af45e: receive RaftClientReply:client-964B0EA39D34->4234af2c-5377-4886-a4e8-6fe45d0af45e@group-A1165329A1F1, cid=4062, SUCCESS, logIndex=6158, commits[4234af2c-5377-4886-a4e8-6fe45d0af45e:c6158, cef72988-acf5-49ad-9ec7-695a80e7a66d:c6156, d677508c-6db9-4741-b51c-49af5e4cf22f:c6156]
2019-09-08 07:08:21,246 [grpc-default-executor-3] INFO  client.GrpcClientProtocolClient (GrpcClientProtocolClient.java:onNext(264)) - client-964B0EA39D34->4234af2c-5377-4886-a4e8-6fe45d0af45e: receive RaftClientReply:client-964B0EA39D34->4234af2c-5377-4886-a4e8-6fe45d0af45e@group-A1165329A1F1, cid=4063, SUCCESS, logIndex=6161, commits[4234af2c-5377-4886-a4e8-6fe45d0af45e:c6161, cef72988-acf5-49ad-9ec7-695a80e7a66d:c6158, d677508c-6db9-4741-b51c-49af5e4cf22f:c6158]
2019-09-08 07:08:21,247 [grpc-default-executor-3] INFO  client.GrpcClientProtocolClient (GrpcClientProtocolClient.java:onNext(264)) - client-964B0EA39D34->4234af2c-5377-4886-a4e8-6fe45d0af45e: receive RaftClientReply:client-964B0EA39D34->4234af2c-5377-4886-a4e8-6fe45d0af45e@group-A1165329A1F1, cid=4064, SUCCESS, logIndex=6162, commits[4234af2c-5377-4886-a4e8-6fe45d0af45e:c6162, cef72988-acf5-49ad-9ec7-695a80e7a66d:c6158, d677508c-6db9-4741-b51c-49af5e4cf22f:c6158]
2019-09-08 07:08:21,250 [grpc-default-executor-3] INFO  client.GrpcClientProtocolClient (GrpcClientProtocolClient.java:onNext(264)) - client-964B0EA39D34->4234af2c-5377-4886-a4e8-6fe45d0af45e: receive RaftClientReply:client-964B0EA39D34->4234af2c-5377-4886-a4e8-6fe45d0af45e@group-A1165329A1F1, cid=4065, SUCCESS, logIndex=0, commits[4234af2c-5377-4886-a4e8-6fe45d0af45e:c6164, cef72988-acf5-49ad-9ec7-695a80e7a66d:c6162, d677508c-6db9-4741-b51c-49af5e4cf22f:c6162]
2019-09-08 07:08:21,270 [grpc-default-executor-3] INFO  client.GrpcClientProtocolClient (GrpcClientProtocolClient.java:onNext(264)) - client-964B0EA39D34->4234af2c-5377-4886-a4e8-6fe45d0af45e: receive RaftClientReply:client-964B0EA39D34->4234af2c-5377-4886-a4e8-6fe45d0af45e@group-A1165329A1F1, cid=4066, SUCCESS, logIndex=6165, commits[4234af2c-5377-4886-a4e8-6fe45d0af45e:c6166, cef72988-acf5-49ad-9ec7-695a80e7a66d:c6164, d677508c-6db9-4741-b51c-49af5e4cf22f:c6164]
2019-09-08 07:08:21,271 [grpc-default-executor-3] INFO  client.GrpcClientProtocolClient (GrpcClientProtocolClient.java:onNext(264)) - client-964B0EA39D34->4234af2c-5377-4886-a4e8-6fe45d0af45e: receive RaftClientReply:client-964B0EA39D34->4234af2c-5377-4886-a4e8-6fe45d0af45e@group-A1165329A1F1, cid=4067, SUCCESS, logIndex=6166, commits[4234af2c-5377-4886-a4e8-6fe45d0af45e:c6166, cef72988-acf5-49ad-9ec7-695a80e7a66d:c6164, d677508c-6db9-4741-b51c-49af5e4cf22f:c6164]
2019-09-08 07:08:21,282 [grpc-default-executor-3] INFO  client.GrpcClientProtocolClient (GrpcClientProtocolClient.java:onNext(264)) - client-964B0EA39D34->4234af2c-5377-4886-a4e8-6fe45d0af45e: receive RaftClientReply:client-964B0EA39D34->4234af2c-5377-4886-a4e8-6fe45d0af45e@group-A1165329A1F1, cid=4068, SUCCESS, logIndex=6167, commits[4234af2c-5377-4886-a4e8-6fe45d0af45e:c6167, cef72988-acf5-49ad-9ec7-695a80e7a66d:c6164, d677508c-6db9-4741-b51c-49af5e4cf22f:c6164]
2019-09-08 07:08:21,282 [grpc-default-executor-3] INFO  client.GrpcClientProtocolClient (GrpcClientProtocolClient.java:onNext(264)) - client-964B0EA39D34->4234af2c-5377-4886-a4e8-6fe45d0af45e: receive RaftClientReply:client-964B0EA39D34->4234af2c-5377-4886-a4e8-6fe45d0af45e@group-A1165329A1F1, cid=4069, SUCCESS, logIndex=6168, commits[4234af2c-5377-4886-a4e8-6fe45d0af45e:c6168, cef72988-acf5-49ad-9ec7-695a80e7a66d:c6164, d677508c-6db9-4741-b51c-49af5e4cf22f:c6164]
2019-09-08 07:08:21,295 [grpc-default-executor-3] INFO  client.GrpcClientProtocolClient (GrpcClientProtocolClient.java:onNext(264)) - client-964B0EA39D34->4234af2c-5377-4886-a4e8-6fe45d0af45e: receive RaftClientReply:client-964B0EA39D34->4234af2c-5377-4886-a4e8-6fe45d0af45e@group-A1165329A1F1, cid=4070, SUCCESS, logIndex=0, commits[4234af2c-5377-4886-a4e8-6fe45d0af45e:c6170, cef72988-acf5-49ad-9ec7-695a80e7a66d:c6166, d677508c-6db9-4741-b51c-49af5e4cf22f:c6166]
2019-09-08 07:08:21,310 [grpc-default-executor-4] INFO  client.GrpcClientProtocolClient (GrpcClientProtocolClient.java:onNext(264)) - client-964B0EA39D34->4234af2c-5377-4886-a4e8-6fe45d0af45e: receive RaftClientReply:client-964B0EA39D34->4234af2c-5377-4886-a4e8-6fe45d0af45e@group-A1165329A1F1, cid=4071, SUCCESS, logIndex=6173, commits[4234af2c-5377-4886-a4e8-6fe45d0af45e:c6174, cef72988-acf5-49ad-9ec7-695a80e7a66d:c6172, d677508c-6db9-4741-b51c-49af5e4cf22f:c6168]
2019-09-08 07:08:21,311 [grpc-default-executor-4] INFO  client.GrpcClientProtocolClient (GrpcClientProtocolClient.java:onNext(264)) - client-964B0EA39D34->4234af2c-5377-4886-a4e8-6fe45d0af45e: receive RaftClientReply:client-964B0EA39D34->4234af2c-5377-4886-a4e8-6fe45d0af45e@group-A1165329A1F1, cid=4072, SUCCESS, logIndex=6174, commits[4234af2c-5377-4886-a4e8-6fe45d0af45e:c6174, cef72988-acf5-49ad-9ec7-695a80e7a66d:c6172, d677508c-6db9-4741-b51c-49af5e4cf22f:c6172]
2019-09-08 07:08:21,329 [grpc-default-executor-0] INFO  client.GrpcClientProtocolClient (GrpcClientProtocolClient.java:onNext(264)) - client-964B0EA39D34->4234af2c-5377-4886-a4e8-6fe45d0af45e: receive RaftClientReply:client-964B0EA39D34->4234af2c-5377-4886-a4e8-6fe45d0af45e@group-A1165329A1F1, cid=4073, SUCCESS, logIndex=6177, commits[4234af2c-5377-4886-a4e8-6fe45d0af45e:c6177, cef72988-acf5-49ad-9ec7-695a80e7a66d:c6176, d677508c-6db9-4741-b51c-49af5e4cf22f:c6176]
2019-09-08 07:08:21,329 [grpc-default-executor-0] INFO  client.GrpcClientProtocolClient (GrpcClientProtocolClient.java:onNext(264)) - client-964B0EA39D34->4234af2c-5377-4886-a4e8-6fe45d0af45e: receive RaftClientReply:client-964B0EA39D34->4234af2c-5377-4886-a4e8-6fe45d0af45e@group-A1165329A1F1, cid=4074, SUCCESS, logIndex=6178, commits[4234af2c-5377-4886-a4e8-6fe45d0af45e:c6178, cef72988-acf5-49ad-9ec7-695a80e7a66d:c6176, d677508c-6db9-4741-b51c-49af5e4cf22f:c6176]
2019-09-08 07:08:21,331 [grpc-default-executor-3] INFO  client.GrpcClientProtocolClient (GrpcClientProtocolClient.java:onNext(264)) - client-964B0EA39D34->4234af2c-5377-4886-a4e8-6fe45d0af45e: receive RaftClientReply:client-964B0EA39D34->4234af2c-5377-4886-a4e8-6fe45d0af45e@group-A1165329A1F1, cid=4075, SUCCESS, logIndex=0, commits[4234af2c-5377-4886-a4e8-6fe45d0af45e:c6180, cef72988-acf5-49ad-9ec7-695a80e7a66d:c6178, d677508c-6db9-4741-b51c-49af5e4cf22f:c6178]
2019-09-08 07:08:21,369 [grpc-default-executor-3] INFO  client.GrpcClientProtocolClient (GrpcClientProtocolClient.java:onNext(264)) - client-964B0EA39D34->4234af2c-5377-4886-a4e8-6fe45d0af45e: receive RaftClientReply:client-964B0EA39D34->4234af2c-5377-4886-a4e8-6fe45d0af45e@group-A1165329A1F1, cid=4076, SUCCESS, logIndex=6181, commits[4234af2c-5377-4886-a4e8-6fe45d0af45e:c6184, cef72988-acf5-49ad-9ec7-695a80e7a66d:c6180, d677508c-6db9-4741-b51c-49af5e4cf22f:c6180]
2019-09-08 07:08:21,372 [grpc-default-executor-3] INFO  client.GrpcClientProtocolClient (GrpcClientProtocolClient.java:onNext(264)) - client-964B0EA39D34->4234af2c-5377-4886-a4e8-6fe45d0af45e: receive RaftClientReply:client-964B0EA39D34->4234af2c-5377-4886-a4e8-6fe45d0af45e@group-A1165329A1F1, cid=4077, SUCCESS, logIndex=6182, commits[4234af2c-5377-4886-a4e8-6fe45d0af45e:c6184, cef72988-acf5-49ad-9ec7-695a80e7a66d:c6180, d677508c-6db9-4741-b51c-49af5e4cf22f:c6180]
2019-09-08 07:08:21,372 [grpc-default-executor-3] INFO  client.GrpcClientProtocolClient (GrpcClientProtocolClient.java:onNext(264)) - client-964B0EA39D34->4234af2c-5377-4886-a4e8-6fe45d0af45e: receive RaftClientReply:client-964B0EA39D34->4234af2c-5377-4886-a4e8-6fe45d0af45e@group-A1165329A1F1, cid=4078, SUCCESS, logIndex=6183, commits[4234af2c-5377-4886-a4e8-6fe45d0af45e:c6184, cef72988-acf5-49ad-9ec7-695a80e7a66d:c6180, d677508c-6db9-4741-b51c-49af5e4cf22f:c6180]
2019-09-08 07:08:21,372 [grpc-default-executor-3] INFO  client.GrpcClientProtocolClient (GrpcClientProtocolClient.java:onNext(264)) - client-964B0EA39D34->4234af2c-5377-4886-a4e8-6fe45d0af45e: receive RaftClientReply:client-964B0EA39D34->4234af2c-5377-4886-a4e8-6fe45d0af45e@group-A1165329A1F1, cid=4079, SUCCESS, logIndex=6184, commits[4234af2c-5377-4886-a4e8-6fe45d0af45e:c6184, cef72988-acf5-49ad-9ec7-695a80e7a66d:c6180, d677508c-6db9-4741-b51c-49af5e4cf22f:c6180]
2019-09-08 07:08:21,381 [grpc-default-executor-3] INFO  client.GrpcClientProtocolClient (GrpcClientProtocolClient.java:onNext(264)) - client-964B0EA39D34->4234af2c-5377-4886-a4e8-6fe45d0af45e: receive RaftClientReply:client-964B0EA39D34->4234af2c-5377-4886-a4e8-6fe45d0af45e@group-A1165329A1F1, cid=4080, SUCCESS, logIndex=0, commits[4234af2c-5377-4886-a4e8-6fe45d0af45e:c6185, cef72988-acf5-49ad-9ec7-695a80e7a66d:c6182, d677508c-6db9-4741-b51c-49af5e4cf22f:c6182]
2019-09-08 07:08:21,390 [grpc-default-executor-4] INFO  client.GrpcClientProtocolClient (GrpcClientProtocolClient.java:onNext(264)) - client-964B0EA39D34->4234af2c-5377-4886-a4e8-6fe45d0af45e: receive RaftClientReply:client-964B0EA39D34->4234af2c-5377-4886-a4e8-6fe45d0af45e@group-A1165329A1F1, cid=4081, SUCCESS, logIndex=6189, commits[4234af2c-5377-4886-a4e8-6fe45d0af45e:c6190, cef72988-acf5-49ad-9ec7-695a80e7a66d:c6184, d677508c-6db9-4741-b51c-49af5e4cf22f:c6188]
2019-09-08 07:08:21,390 [grpc-default-executor-4] INFO  client.GrpcClientProtocolClient (GrpcClientProtocolClient.java:onNext(264)) - client-964B0EA39D34->4234af2c-5377-4886-a4e8-6fe45d0af45e: receive RaftClientReply:client-964B0EA39D34->4234af2c-5377-4886-a4e8-6fe45d0af45e@group-A1165329A1F1, cid=4082, SUCCESS, logIndex=6190, commits[4234af2c-5377-4886-a4e8-6fe45d0af45e:c6190, cef72988-acf5-49ad-9ec7-695a80e7a66d:c6188, d677508c-6db9-4741-b51c-49af5e4cf22f:c6188]
2019-09-08 07:08:21,407 [grpc-default-executor-3] INFO  client.GrpcClientProtocolClient (GrpcClientProtocolClient.java:onNext(264)) - client-964B0EA39D34->4234af2c-5377-4886-a4e8-6fe45d0af45e: receive RaftClientReply:client-964B0EA39D34->4234af2c-5377-4886-a4e8-6fe45d0af45e@group-A1165329A1F1, cid=4083, SUCCESS, logIndex=6193, commits[4234af2c-5377-4886-a4e8-6fe45d0af45e:c6194, cef72988-acf5-49ad-9ec7-695a80e7a66d:c6192, d677508c-6db9-4741-b51c-49af5e4cf22f:c6192]
2019-09-08 07:08:21,407 [grpc-default-executor-3] INFO  client.GrpcClientProtocolClient (GrpcClientProtocolClient.java:onNext(264)) - client-964B0EA39D34->4234af2c-5377-4886-a4e8-6fe45d0af45e: receive RaftClientReply:client-964B0EA39D34->4234af2c-5377-4886-a4e8-6fe45d0af45e@group-A1165329A1F1, cid=4084, SUCCESS, logIndex=6194, commits[4234af2c-5377-4886-a4e8-6fe45d0af45e:c6194, cef72988-acf5-49ad-9ec7-695a80e7a66d:c6192, d677508c-6db9-4741-b51c-49af5e4cf22f:c6192]
2019-09-08 07:08:21,410 [grpc-default-executor-3] INFO  client.GrpcClientProtocolClient (GrpcClientProtocolClient.java:onNext(264)) - client-964B0EA39D34->4234af2c-5377-4886-a4e8-6fe45d0af45e: receive RaftClientReply:client-964B0EA39D34->4234af2c-5377-4886-a4e8-6fe45d0af45e@group-A1165329A1F1, cid=4085, SUCCESS, logIndex=0, commits[4234af2c-5377-4886-a4e8-6fe45d0af45e:c6196, cef72988-acf5-49ad-9ec7-695a80e7a66d:c6194, d677508c-6db9-4741-b51c-49af5e4cf22f:c6194]
2019-09-08 07:08:21,429 [grpc-default-executor-4] INFO  client.GrpcClientProtocolClient (GrpcClientProtocolClient.java:onNext(264)) - client-964B0EA39D34->4234af2c-5377-4886-a4e8-6fe45d0af45e: receive RaftClientReply:client-964B0EA39D34->4234af2c-5377-4886-a4e8-6fe45d0af45e@group-A1165329A1F1, cid=4086, SUCCESS, logIndex=6197, commits[4234af2c-5377-4886-a4e8-6fe45d0af45e:c6198, cef72988-acf5-49ad-9ec7-695a80e7a66d:c6196, d677508c-6db9-4741-b51c-49af5e4cf22f:c6194]
2019-09-08 07:08:21,430 [grpc-default-executor-4] INFO  client.GrpcClientProtocolClient (GrpcClientProtocolClient.java:onNext(264)) - client-964B0EA39D34->4234af2c-5377-4886-a4e8-6fe45d0af45e: receive RaftClientReply:client-964B0EA39D34->4234af2c-5377-4886-a4e8-6fe45d0af45e@group-A1165329A1F1, cid=4087, SUCCESS, logIndex=6198, commits[4234af2c-5377-4886-a4e8-6fe45d0af45e:c6198, cef72988-acf5-49ad-9ec7-695a80e7a66d:c6196, d677508c-6db9-4741-b51c-49af5e4cf22f:c6196]
2019-09-08 07:08:21,430 [grpc-default-executor-4] INFO  client.GrpcClientProtocolClient (GrpcClientProtocolClient.java:onNext(264)) - client-964B0EA39D34->4234af2c-5377-4886-a4e8-6fe45d0af45e: receive RaftClientReply:client-964B0EA39D34->4234af2c-5377-4886-a4e8-6fe45d0af45e@group-A1165329A1F1, cid=4088, SUCCESS, logIndex=6199, commits[4234af2c-5377-4886-a4e8-6fe45d0af45e:c6200, cef72988-acf5-49ad-9ec7-695a80e7a66d:c6196, d677508c-6db9-4741-b51c-49af5e4cf22f:c6196]
2019-09-08 07:08:21,430 [grpc-default-executor-4] INFO  client.GrpcClientProtocolClient (GrpcClientProtocolClient.java:onNext(264)) - client-964B0EA39D34->4234af2c-5377-4886-a4e8-6fe45d0af45e: receive RaftClientReply:client-964B0EA39D34->4234af2c-5377-4886-a4e8-6fe45d0af45e@group-A1165329A1F1, cid=4089, SUCCESS, logIndex=6200, commits[4234af2c-5377-4886-a4e8-6fe45d0af45e:c6200, cef72988-acf5-49ad-9ec7-695a80e7a66d:c6196, d677508c-6db9-4741-b51c-49af5e4cf22f:c6196]
2019-09-08 07:08:21,431 [grpc-default-executor-0] INFO  client.GrpcClientProtocolClient (GrpcClientProtocolClient.java:onNext(264)) - client-964B0EA39D34->4234af2c-5377-4886-a4e8-6fe45d0af45e: receive RaftClientReply:client-964B0EA39D34->4234af2c-5377-4886-a4e8-6fe45d0af45e@group-A1165329A1F1, cid=4090, SUCCESS, logIndex=0, commits[4234af2c-5377-4886-a4e8-6fe45d0af45e:c6202, cef72988-acf5-49ad-9ec7-695a80e7a66d:c6198, d677508c-6db9-4741-b51c-49af5e4cf22f:c6198]
2019-09-08 07:08:21,446 [grpc-default-executor-4] INFO  client.GrpcClientProtocolClient (GrpcClientProtocolClient.java:onNext(264)) - client-964B0EA39D34->4234af2c-5377-4886-a4e8-6fe45d0af45e: receive RaftClientReply:client-964B0EA39D34->4234af2c-5377-4886-a4e8-6fe45d0af45e@group-A1165329A1F1, cid=4091, SUCCESS, logIndex=6205, commits[4234af2c-5377-4886-a4e8-6fe45d0af45e:c6206, cef72988-acf5-49ad-9ec7-695a80e7a66d:c6204, d677508c-6db9-4741-b51c-49af5e4cf22f:c6204]
2019-09-08 07:08:21,446 [grpc-default-executor-4] INFO  client.GrpcClientProtocolClient (GrpcClientProtocolClient.java:onNext(264)) - client-964B0EA39D34->4234af2c-5377-4886-a4e8-6fe45d0af45e: receive RaftClientReply:client-964B0EA39D34->4234af2c-5377-4886-a4e8-6fe45d0af45e@group-A1165329A1F1, cid=4092, SUCCESS, logIndex=6206, commits[4234af2c-5377-4886-a4e8-6fe45d0af45e:c6206, cef72988-acf5-49ad-9ec7-695a80e7a66d:c6204, d677508c-6db9-4741-b51c-49af5e4cf22f:c6204]
2019-09-08 07:08:21,473 [grpc-default-executor-4] INFO  client.GrpcClientProtocolClient (GrpcClientProtocolClient.java:onNext(264)) - client-964B0EA39D34->4234af2c-5377-4886-a4e8-6fe45d0af45e: receive RaftClientReply:client-964B0EA39D34->4234af2c-5377-4886-a4e8-6fe45d0af45e@group-A1165329A1F1, cid=4093, SUCCESS, logIndex=6209, commits[4234af2c-5377-4886-a4e8-6fe45d0af45e:c6210, cef72988-acf5-49ad-9ec7-695a80e7a66d:c6207, d677508c-6db9-4741-b51c-49af5e4cf22f:c6207]
2019-09-08 07:08:21,473 [grpc-default-executor-4] INFO  client.GrpcClientProtocolClient (GrpcClientProtocolClient.java:onNext(264)) - client-964B0EA39D34->4234af2c-5377-4886-a4e8-6fe45d0af45e: receive RaftClientReply:client-964B0EA39D34->4234af2c-5377-4886-a4e8-6fe45d0af45e@group-A1165329A1F1, cid=4094, SUCCESS, logIndex=6210, commits[4234af2c-5377-4886-a4e8-6fe45d0af45e:c6210, cef72988-acf5-49ad-9ec7-695a80e7a66d:c6207, d677508c-6db9-4741-b51c-49af5e4cf22f:c6207]
2019-09-08 07:08:21,475 [grpc-default-executor-4] INFO  client.GrpcClientProtocolClient (GrpcClientProtocolClient.java:onNext(264)) - client-964B0EA39D34->4234af2c-5377-4886-a4e8-6fe45d0af45e: receive RaftClientReply:client-964B0EA39D34->4234af2c-5377-4886-a4e8-6fe45d0af45e@group-A1165329A1F1, cid=4095, SUCCESS, logIndex=0, commits[4234af2c-5377-4886-a4e8-6fe45d0af45e:c6212, cef72988-acf5-49ad-9ec7-695a80e7a66d:c6210, d677508c-6db9-4741-b51c-49af5e4cf22f:c6210]
2019-09-08 07:08:21,506 [grpc-default-executor-3] INFO  client.GrpcClientProtocolClient (GrpcClientProtocolClient.java:onNext(264)) - client-964B0EA39D34->4234af2c-5377-4886-a4e8-6fe45d0af45e: receive RaftClientReply:client-964B0EA39D34->4234af2c-5377-4886-a4e8-6fe45d0af45e@group-A1165329A1F1, cid=4096, SUCCESS, logIndex=6213, commits[4234af2c-5377-4886-a4e8-6fe45d0af45e:c6215, cef72988-acf5-49ad-9ec7-695a80e7a66d:c6212, d677508c-6db9-4741-b51c-49af5e4cf22f:c6212]
2019-09-08 07:08:21,507 [grpc-default-executor-3] INFO  client.GrpcClientProtocolClient (GrpcClientProtocolClient.java:onNext(264)) - client-964B0EA39D34->4234af2c-5377-4886-a4e8-6fe45d0af45e: receive RaftClientReply:client-964B0EA39D34->4234af2c-5377-4886-a4e8-6fe45d0af45e@group-A1165329A1F1, cid=4097, SUCCESS, logIndex=6214, commits[4234af2c-5377-4886-a4e8-6fe45d0af45e:c6216, cef72988-acf5-49ad-9ec7-695a80e7a66d:c6212, d677508c-6db9-4741-b51c-49af5e4cf22f:c6212]
2019-09-08 07:08:21,507 [grpc-default-executor-3] INFO  client.GrpcClientProtocolClient (GrpcClientProtocolClient.java:onNext(264)) - client-964B0EA39D34->4234af2c-5377-4886-a4e8-6fe45d0af45e: receive RaftClientReply:client-964B0EA39D34->4234af2c-5377-4886-a4e8-6fe45d0af45e@group-A1165329A1F1, cid=4098, SUCCESS, logIndex=6215, commits[4234af2c-5377-4886-a4e8-6fe45d0af45e:c6216, cef72988-acf5-49ad-9ec7-695a80e7a66d:c6212, d677508c-6db9-4741-b51c-49af5e4cf22f:c6212]
2019-09-08 07:08:21,507 [grpc-default-executor-3] INFO  client.GrpcClientProtocolClient (GrpcClientProtocolClient.java:onNext(264)) - client-964B0EA39D34->4234af2c-5377-4886-a4e8-6fe45d0af45e: receive RaftClientReply:client-964B0EA39D34->4234af2c-5377-4886-a4e8-6fe45d0af45e@group-A1165329A1F1, cid=4099, SUCCESS, logIndex=6216, commits[4234af2c-5377-4886-a4e8-6fe45d0af45e:c6216, cef72988-acf5-49ad-9ec7-695a80e7a66d:c6212, d677508c-6db9-4741-b51c-49af5e4cf22f:c6212]
2019-09-08 07:08:21,509 [grpc-default-executor-3] INFO  client.GrpcClientProtocolClient (GrpcClientProtocolClient.java:onNext(264)) - client-964B0EA39D34->4234af2c-5377-4886-a4e8-6fe45d0af45e: receive RaftClientReply:client-964B0EA39D34->4234af2c-5377-4886-a4e8-6fe45d0af45e@group-A1165329A1F1, cid=4100, SUCCESS, logIndex=0, commits[4234af2c-5377-4886-a4e8-6fe45d0af45e:c6218, cef72988-acf5-49ad-9ec7-695a80e7a66d:c6214, d677508c-6db9-4741-b51c-49af5e4cf22f:c6214]
2019-09-08 07:08:21,525 [grpc-default-executor-0] INFO  client.GrpcClientProtocolClient (GrpcClientProtocolClient.java:onNext(264)) - client-964B0EA39D34->4234af2c-5377-4886-a4e8-6fe45d0af45e: receive RaftClientReply:client-964B0EA39D34->4234af2c-5377-4886-a4e8-6fe45d0af45e@group-A1165329A1F1, cid=4101, SUCCESS, logIndex=6221, commits[4234af2c-5377-4886-a4e8-6fe45d0af45e:c6222, cef72988-acf5-49ad-9ec7-695a80e7a66d:c6220, d677508c-6db9-4741-b51c-49af5e4cf22f:c6220]
2019-09-08 07:08:21,525 [grpc-default-executor-0] INFO  client.GrpcClientProtocolClient (GrpcClientProtocolClient.java:onNext(264)) - client-964B0EA39D34->4234af2c-5377-4886-a4e8-6fe45d0af45e: receive RaftClientReply:client-964B0EA39D34->4234af2c-5377-4886-a4e8-6fe45d0af45e@group-A1165329A1F1, cid=4102, SUCCESS, logIndex=6222, commits[4234af2c-5377-4886-a4e8-6fe45d0af45e:c6222, cef72988-acf5-49ad-9ec7-695a80e7a66d:c6220, d677508c-6db9-4741-b51c-49af5e4cf22f:c6220]
2019-09-08 07:08:21,538 [grpc-default-executor-3] INFO  client.GrpcClientProtocolClient (GrpcClientProtocolClient.java:onNext(264)) - client-964B0EA39D34->4234af2c-5377-4886-a4e8-6fe45d0af45e: receive RaftClientReply:client-964B0EA39D34->4234af2c-5377-4886-a4e8-6fe45d0af45e@group-A1165329A1F1, cid=4103, SUCCESS, logIndex=6225, commits[4234af2c-5377-4886-a4e8-6fe45d0af45e:c6226, cef72988-acf5-49ad-9ec7-695a80e7a66d:c6222, d677508c-6db9-4741-b51c-49af5e4cf22f:c6222]
2019-09-08 07:08:21,539 [grpc-default-executor-3] INFO  client.GrpcClientProtocolClient (GrpcClientProtocolClient.java:onNext(264)) - client-964B0EA39D34->4234af2c-5377-4886-a4e8-6fe45d0af45e: receive RaftClientReply:client-964B0EA39D34->4234af2c-5377-4886-a4e8-6fe45d0af45e@group-A1165329A1F1, cid=4104, SUCCESS, logIndex=6226, commits[4234af2c-5377-4886-a4e8-6fe45d0af45e:c6226, cef72988-acf5-49ad-9ec7-695a80e7a66d:c6222, d677508c-6db9-4741-b51c-49af5e4cf22f:c6222]
2019-09-08 07:08:21,549 [grpc-default-executor-3] INFO  client.GrpcClientProtocolClient (GrpcClientProtocolClient.java:onNext(264)) - client-964B0EA39D34->4234af2c-5377-4886-a4e8-6fe45d0af45e: receive RaftClientReply:client-964B0EA39D34->4234af2c-5377-4886-a4e8-6fe45d0af45e@group-A1165329A1F1, cid=4105, SUCCESS, logIndex=0, commits[4234af2c-5377-4886-a4e8-6fe45d0af45e:c6228, cef72988-acf5-49ad-9ec7-695a80e7a66d:c6226, d677508c-6db9-4741-b51c-49af5e4cf22f:c6226]
2019-09-08 07:08:21,578 [grpc-default-executor-0] INFO  client.GrpcClientProtocolClient (GrpcClientProtocolClient.java:onNext(264)) - client-964B0EA39D34->4234af2c-5377-4886-a4e8-6fe45d0af45e: receive RaftClientReply:client-964B0EA39D34->4234af2c-5377-4886-a4e8-6fe45d0af45e@group-A1165329A1F1, cid=4106, SUCCESS, logIndex=6229, commits[4234af2c-5377-4886-a4e8-6fe45d0af45e:c6232, cef72988-acf5-49ad-9ec7-695a80e7a66d:c6228, d677508c-6db9-4741-b51c-49af5e4cf22f:c6228]
2019-09-08 07:08:21,579 [grpc-default-executor-0] INFO  client.GrpcClientProtocolClient (GrpcClientProtocolClient.java:onNext(264)) - client-964B0EA39D34->4234af2c-5377-4886-a4e8-6fe45d0af45e: receive RaftClientReply:client-964B0EA39D34->4234af2c-5377-4886-a4e8-6fe45d0af45e@group-A1165329A1F1, cid=4107, SUCCESS, logIndex=6230, commits[4234af2c-5377-4886-a4e8-6fe45d0af45e:c6232, cef72988-acf5-49ad-9ec7-695a80e7a66d:c6228, d677508c-6db9-4741-b51c-49af5e4cf22f:c6228]
2019-09-08 07:08:21,579 [grpc-default-executor-0] INFO  client.GrpcClientProtocolClient (GrpcClientProtocolClient.java:onNext(264)) - client-964B0EA39D34->4234af2c-5377-4886-a4e8-6fe45d0af45e: receive RaftClientReply:client-964B0EA39D34->4234af2c-5377-4886-a4e8-6fe45d0af45e@group-A1165329A1F1, cid=4108, SUCCESS, logIndex=6231, commits[4234af2c-5377-4886-a4e8-6fe45d0af45e:c6232, cef72988-acf5-49ad-9ec7-695a80e7a66d:c6228, d677508c-6db9-4741-b51c-49af5e4cf22f:c6228]
2019-09-08 07:08:21,580 [grpc-default-executor-0] INFO  client.GrpcClientProtocolClient (GrpcClientProtocolClient.java:onNext(264)) - client-964B0EA39D34->4234af2c-5377-4886-a4e8-6fe45d0af45e: receive RaftClientReply:client-964B0EA39D34->4234af2c-5377-4886-a4e8-6fe45d0af45e@group-A1165329A1F1, cid=4109, SUCCESS, logIndex=6232, commits[4234af2c-5377-4886-a4e8-6fe45d0af45e:c6233, cef72988-acf5-49ad-9ec7-695a80e7a66d:c6229, d677508c-6db9-4741-b51c-49af5e4cf22f:c6228]
2019-09-08 07:08:21,581 [grpc-default-executor-0] INFO  client.GrpcClientProtocolClient (GrpcClientProtocolClient.java:onNext(264)) - client-964B0EA39D34->4234af2c-5377-4886-a4e8-6fe45d0af45e: receive RaftClientReply:client-964B0EA39D34->4234af2c-5377-4886-a4e8-6fe45d0af45e@group-A1165329A1F1, cid=4110, SUCCESS, logIndex=0, commits[4234af2c-5377-4886-a4e8-6fe45d0af45e:c6233, cef72988-acf5-49ad-9ec7-695a80e7a66d:c6230, d677508c-6db9-4741-b51c-49af5e4cf22f:c6230]
2019-09-08 07:08:21,598 [grpc-default-executor-0] INFO  client.GrpcClientProtocolClient (GrpcClientProtocolClient.java:onNext(264)) - client-964B0EA39D34->4234af2c-5377-4886-a4e8-6fe45d0af45e: receive RaftClientReply:client-964B0EA39D34->4234af2c-5377-4886-a4e8-6fe45d0af45e@group-A1165329A1F1, cid=4111, SUCCESS, logIndex=6237, commits[4234af2c-5377-4886-a4e8-6fe45d0af45e:c6238, cef72988-acf5-49ad-9ec7-695a80e7a66d:c6236, d677508c-6db9-4741-b51c-49af5e4cf22f:c6236]
2019-09-08 07:08:21,599 [grpc-default-executor-0] INFO  client.GrpcClientProtocolClient (GrpcClientProtocolClient.java:onNext(264)) - client-964B0EA39D34->4234af2c-5377-4886-a4e8-6fe45d0af45e: receive RaftClientReply:client-964B0EA39D34->4234af2c-5377-4886-a4e8-6fe45d0af45e@group-A1165329A1F1, cid=4112, SUCCESS, logIndex=6238, commits[4234af2c-5377-4886-a4e8-6fe45d0af45e:c6238, cef72988-acf5-49ad-9ec7-695a80e7a66d:c6236, d677508c-6db9-4741-b51c-49af5e4cf22f:c6236]
2019-09-08 07:08:21,616 [grpc-default-executor-0] INFO  client.GrpcClientProtocolClient (GrpcClientProtocolClient.java:onNext(264)) - client-964B0EA39D34->4234af2c-5377-4886-a4e8-6fe45d0af45e: receive RaftClientReply:client-964B0EA39D34->4234af2c-5377-4886-a4e8-6fe45d0af45e@group-A1165329A1F1, cid=4113, SUCCESS, logIndex=6241, commits[4234af2c-5377-4886-a4e8-6fe45d0af45e:c6242, cef72988-acf5-49ad-9ec7-695a80e7a66d:c6240, d677508c-6db9-4741-b51c-49af5e4cf22f:c6240]
2019-09-08 07:08:21,616 [grpc-default-executor-0] INFO  client.GrpcClientProtocolClient (GrpcClientProtocolClient.java:onNext(264)) - client-964B0EA39D34->4234af2c-5377-4886-a4e8-6fe45d0af45e: receive RaftClientReply:client-964B0EA39D34->4234af2c-5377-4886-a4e8-6fe45d0af45e@group-A1165329A1F1, cid=4114, SUCCESS, logIndex=6242, commits[4234af2c-5377-4886-a4e8-6fe45d0af45e:c6242, cef72988-acf5-49ad-9ec7-695a80e7a66d:c6240, d677508c-6db9-4741-b51c-49af5e4cf22f:c6240]
2019-09-08 07:08:21,618 [grpc-default-executor-0] INFO  client.GrpcClientProtocolClient (GrpcClientProtocolClient.java:onNext(264)) - client-964B0EA39D34->4234af2c-5377-4886-a4e8-6fe45d0af45e: receive RaftClientReply:client-964B0EA39D34->4234af2c-5377-4886-a4e8-6fe45d0af45e@group-A1165329A1F1, cid=4115, SUCCESS, logIndex=0, commits[4234af2c-5377-4886-a4e8-6fe45d0af45e:c6244, cef72988-acf5-49ad-9ec7-695a80e7a66d:c6242, d677508c-6db9-4741-b51c-49af5e4cf22f:c6242]
2019-09-08 07:08:21,646 [grpc-default-executor-0] INFO  client.GrpcClientProtocolClient (GrpcClientProtocolClient.java:onNext(264)) - client-964B0EA39D34->4234af2c-5377-4886-a4e8-6fe45d0af45e: receive RaftClientReply:client-964B0EA39D34->4234af2c-5377-4886-a4e8-6fe45d0af45e@group-A1165329A1F1, cid=4116, SUCCESS, logIndex=6245, commits[4234af2c-5377-4886-a4e8-6fe45d0af45e:c6246, cef72988-acf5-49ad-9ec7-695a80e7a66d:c6244, d677508c-6db9-4741-b51c-49af5e4cf22f:c6244]
2019-09-08 07:08:21,646 [grpc-default-executor-0] INFO  client.GrpcClientProtocolClient (GrpcClientProtocolClient.java:onNext(264)) - client-964B0EA39D34->4234af2c-5377-4886-a4e8-6fe45d0af45e: receive RaftClientReply:client-964B0EA39D34->4234af2c-5377-4886-a4e8-6fe45d0af45e@group-A1165329A1F1, cid=4117, SUCCESS, logIndex=6246, commits[4234af2c-5377-4886-a4e8-6fe45d0af45e:c6246, cef72988-acf5-49ad-9ec7-695a80e7a66d:c6244, d677508c-6db9-4741-b51c-49af5e4cf22f:c6244]
2019-09-08 07:08:21,647 [grpc-default-executor-6] INFO  client.GrpcClientProtocolClient (GrpcClientProtocolClient.java:onNext(264)) - client-964B0EA39D34->4234af2c-5377-4886-a4e8-6fe45d0af45e: receive RaftClientReply:client-964B0EA39D34->4234af2c-5377-4886-a4e8-6fe45d0af45e@group-A1165329A1F1, cid=4118, SUCCESS, logIndex=6247, commits[4234af2c-5377-4886-a4e8-6fe45d0af45e:c6248, cef72988-acf5-49ad-9ec7-695a80e7a66d:c6244, d677508c-6db9-4741-b51c-49af5e4cf22f:c6244]
2019-09-08 07:08:21,647 [grpc-default-executor-6] INFO  client.GrpcClientProtocolClient (GrpcClientProtocolClient.java:onNext(264)) - client-964B0EA39D34->4234af2c-5377-4886-a4e8-6fe45d0af45e: receive RaftClientReply:client-964B0EA39D34->4234af2c-5377-4886-a4e8-6fe45d0af45e@group-A1165329A1F1, cid=4119, SUCCESS, logIndex=6248, commits[4234af2c-5377-4886-a4e8-6fe45d0af45e:c6248, cef72988-acf5-49ad-9ec7-695a80e7a66d:c6244, d677508c-6db9-4741-b51c-49af5e4cf22f:c6244]
2019-09-08 07:08:21,660 [grpc-default-executor-6] INFO  client.GrpcClientProtocolClient (GrpcClientProtocolClient.java:onNext(264)) - client-964B0EA39D34->4234af2c-5377-4886-a4e8-6fe45d0af45e: receive RaftClientReply:client-964B0EA39D34->4234af2c-5377-4886-a4e8-6fe45d0af45e@group-A1165329A1F1, cid=4120, SUCCESS, logIndex=0, commits[4234af2c-5377-4886-a4e8-6fe45d0af45e:c6250, cef72988-acf5-49ad-9ec7-695a80e7a66d:c6246, d677508c-6db9-4741-b51c-49af5e4cf22f:c6246]
2019-09-08 07:08:21,678 [grpc-default-executor-6] INFO  client.GrpcClientProtocolClient (GrpcClientProtocolClient.java:onNext(264)) - client-964B0EA39D34->4234af2c-5377-4886-a4e8-6fe45d0af45e: receive RaftClientReply:client-964B0EA39D34->4234af2c-5377-4886-a4e8-6fe45d0af45e@group-A1165329A1F1, cid=4121, SUCCESS, logIndex=6253, commits[4234af2c-5377-4886-a4e8-6fe45d0af45e:c6254, cef72988-acf5-49ad-9ec7-695a80e7a66d:c6252, d677508c-6db9-4741-b51c-49af5e4cf22f:c6252]
2019-09-08 07:08:21,678 [grpc-default-executor-6] INFO  client.GrpcClientProtocolClient (GrpcClientProtocolClient.java:onNext(264)) - client-964B0EA39D34->4234af2c-5377-4886-a4e8-6fe45d0af45e: receive RaftClientReply:client-964B0EA39D34->4234af2c-5377-4886-a4e8-6fe45d0af45e@group-A1165329A1F1, cid=4122, SUCCESS, logIndex=6254, commits[4234af2c-5377-4886-a4e8-6fe45d0af45e:c6254, cef72988-acf5-49ad-9ec7-695a80e7a66d:c6252, d677508c-6db9-4741-b51c-49af5e4cf22f:c6252]
2019-09-08 07:08:21,686 [grpc-default-executor-3] INFO  client.GrpcClientProtocolClient (GrpcClientProtocolClient.java:onNext(264)) - client-964B0EA39D34->4234af2c-5377-4886-a4e8-6fe45d0af45e: receive RaftClientReply:client-964B0EA39D34->4234af2c-5377-4886-a4e8-6fe45d0af45e@group-A1165329A1F1, cid=4123, SUCCESS, logIndex=6257, commits[4234af2c-5377-4886-a4e8-6fe45d0af45e:c6258, cef72988-acf5-49ad-9ec7-695a80e7a66d:c6256, d677508c-6db9-4741-b51c-49af5e4cf22f:c6254]
2019-09-08 07:08:21,687 [grpc-default-executor-3] INFO  client.GrpcClientProtocolClient (GrpcClientProtocolClient.java:onNext(264)) - client-964B0EA39D34->4234af2c-5377-4886-a4e8-6fe45d0af45e: receive RaftClientReply:client-964B0EA39D34->4234af2c-5377-4886-a4e8-6fe45d0af45e@group-A1165329A1F1, cid=4124, SUCCESS, logIndex=6258, commits[4234af2c-5377-4886-a4e8-6fe45d0af45e:c6258, cef72988-acf5-49ad-9ec7-695a80e7a66d:c6256, d677508c-6db9-4741-b51c-49af5e4cf22f:c6256]
2019-09-08 07:08:21,689 [grpc-default-executor-3] INFO  client.GrpcClientProtocolClient (GrpcClientProtocolClient.java:onNext(264)) - client-964B0EA39D34->4234af2c-5377-4886-a4e8-6fe45d0af45e: receive RaftClientReply:client-964B0EA39D34->4234af2c-5377-4886-a4e8-6fe45d0af45e@group-A1165329A1F1, cid=4125, SUCCESS, logIndex=0, commits[4234af2c-5377-4886-a4e8-6fe45d0af45e:c6259, cef72988-acf5-49ad-9ec7-695a80e7a66d:c6258, d677508c-6db9-4741-b51c-49af5e4cf22f:c6258]
2019-09-08 07:08:21,823 [grpc-default-executor-0] INFO  client.GrpcClientProtocolClient (GrpcClientProtocolClient.java:onNext(264)) - client-964B0EA39D34->4234af2c-5377-4886-a4e8-6fe45d0af45e: receive RaftClientReply:client-964B0EA39D34->4234af2c-5377-4886-a4e8-6fe45d0af45e@group-A1165329A1F1, cid=4126, SUCCESS, logIndex=6261, commits[4234af2c-5377-4886-a4e8-6fe45d0af45e:c6261, cef72988-acf5-49ad-9ec7-695a80e7a66d:c6260, d677508c-6db9-4741-b51c-49af5e4cf22f:c6260]
2019-09-08 07:08:21,824 [grpc-default-executor-0] INFO  client.GrpcClientProtocolClient (GrpcClientProtocolClient.java:onNext(264)) - client-964B0EA39D34->4234af2c-5377-4886-a4e8-6fe45d0af45e: receive RaftClientReply:client-964B0EA39D34->4234af2c-5377-4886-a4e8-6fe45d0af45e@group-A1165329A1F1, cid=4127, SUCCESS, logIndex=6262, commits[4234af2c-5377-4886-a4e8-6fe45d0af45e:c6264, cef72988-acf5-49ad-9ec7-695a80e7a66d:c6260, d677508c-6db9-4741-b51c-49af5e4cf22f:c6260]
2019-09-08 07:08:21,824 [grpc-default-executor-0] INFO  client.GrpcClientProtocolClient (GrpcClientProtocolClient.java:onNext(264)) - client-964B0EA39D34->4234af2c-5377-4886-a4e8-6fe45d0af45e: receive RaftClientReply:client-964B0EA39D34->4234af2c-5377-4886-a4e8-6fe45d0af45e@group-A1165329A1F1, cid=4128, SUCCESS, logIndex=6263, commits[4234af2c-5377-4886-a4e8-6fe45d0af45e:c6264, cef72988-acf5-49ad-9ec7-695a80e7a66d:c6260, d677508c-6db9-4741-b51c-49af5e4cf22f:c6260]
2019-09-08 07:08:21,824 [grpc-default-executor-0] INFO  client.GrpcClientProtocolClient (GrpcClientProtocolClient.java:onNext(264)) - client-964B0EA39D34->4234af2c-5377-4886-a4e8-6fe45d0af45e: receive RaftClientReply:client-964B0EA39D34->4234af2c-5377-4886-a4e8-6fe45d0af45e@group-A1165329A1F1, cid=4129, SUCCESS, logIndex=6264, commits[4234af2c-5377-4886-a4e8-6fe45d0af45e:c6264, cef72988-acf5-49ad-9ec7-695a80e7a66d:c6260, d677508c-6db9-4741-b51c-49af5e4cf22f:c6260]
2019-09-08 07:08:21,826 [grpc-default-executor-0] INFO  client.GrpcClientProtocolClient (GrpcClientProtocolClient.java:onNext(264)) - client-964B0EA39D34->4234af2c-5377-4886-a4e8-6fe45d0af45e: receive RaftClientReply:client-964B0EA39D34->4234af2c-5377-4886-a4e8-6fe45d0af45e@group-A1165329A1F1, cid=4130, SUCCESS, logIndex=0, commits[4234af2c-5377-4886-a4e8-6fe45d0af45e:c6267, cef72988-acf5-49ad-9ec7-695a80e7a66d:c6264, d677508c-6db9-4741-b51c-49af5e4cf22f:c6264]
2019-09-08 07:08:21,845 [grpc-default-executor-6] INFO  client.GrpcClientProtocolClient (GrpcClientProtocolClient.java:onNext(264)) - client-964B0EA39D34->4234af2c-5377-4886-a4e8-6fe45d0af45e: receive RaftClientReply:client-964B0EA39D34->4234af2c-5377-4886-a4e8-6fe45d0af45e@group-A1165329A1F1, cid=4131, SUCCESS, logIndex=6268, commits[4234af2c-5377-4886-a4e8-6fe45d0af45e:c6269, cef72988-acf5-49ad-9ec7-695a80e7a66d:c6267, d677508c-6db9-4741-b51c-49af5e4cf22f:c6267]
2019-09-08 07:08:21,846 [grpc-default-executor-6] INFO  client.GrpcClientProtocolClient (GrpcClientProtocolClient.java:onNext(264)) - client-964B0EA39D34->4234af2c-5377-4886-a4e8-6fe45d0af45e: receive RaftClientReply:client-964B0EA39D34->4234af2c-5377-4886-a4e8-6fe45d0af45e@group-A1165329A1F1, cid=4132, SUCCESS, logIndex=6269, commits[4234af2c-5377-4886-a4e8-6fe45d0af45e:c6269, cef72988-acf5-49ad-9ec7-695a80e7a66d:c6267, d677508c-6db9-4741-b51c-49af5e4cf22f:c6267]
2019-09-08 07:08:21,860 [grpc-default-executor-0] INFO  client.GrpcClientProtocolClient (GrpcClientProtocolClient.java:onNext(264)) - client-964B0EA39D34->4234af2c-5377-4886-a4e8-6fe45d0af45e: receive RaftClientReply:client-964B0EA39D34->4234af2c-5377-4886-a4e8-6fe45d0af45e@group-A1165329A1F1, cid=4133, SUCCESS, logIndex=6272, commits[4234af2c-5377-4886-a4e8-6fe45d0af45e:c6272, cef72988-acf5-49ad-9ec7-695a80e7a66d:c6269, d677508c-6db9-4741-b51c-49af5e4cf22f:c6269]
2019-09-08 07:08:21,860 [grpc-default-executor-0] INFO  client.GrpcClientProtocolClient (GrpcClientProtocolClient.java:onNext(264)) - client-964B0EA39D34->4234af2c-5377-4886-a4e8-6fe45d0af45e: receive RaftClientReply:client-964B0EA39D34->4234af2c-5377-4886-a4e8-6fe45d0af45e@group-A1165329A1F1, cid=4134, SUCCESS, logIndex=6273, commits[4234af2c-5377-4886-a4e8-6fe45d0af45e:c6273, cef72988-acf5-49ad-9ec7-695a80e7a66d:c6269, d677508c-6db9-4741-b51c-49af5e4cf22f:c6269]
2019-09-08 07:08:21,874 [grpc-default-executor-0] INFO  client.GrpcClientProtocolClient (GrpcClientProtocolClient.java:onNext(264)) - client-964B0EA39D34->4234af2c-5377-4886-a4e8-6fe45d0af45e: receive RaftClientReply:client-964B0EA39D34->4234af2c-5377-4886-a4e8-6fe45d0af45e@group-A1165329A1F1, cid=4135, SUCCESS, logIndex=0, commits[4234af2c-5377-4886-a4e8-6fe45d0af45e:c6275, cef72988-acf5-49ad-9ec7-695a80e7a66d:c6273, d677508c-6db9-4741-b51c-49af5e4cf22f:c6273]
2019-09-08 07:08:21,906 [grpc-default-executor-3] INFO  client.GrpcClientProtocolClient (GrpcClientProtocolClient.java:onNext(264)) - client-964B0EA39D34->4234af2c-5377-4886-a4e8-6fe45d0af45e: receive RaftClientReply:client-964B0EA39D34->4234af2c-5377-4886-a4e8-6fe45d0af45e@group-A1165329A1F1, cid=4136, SUCCESS, logIndex=6276, commits[4234af2c-5377-4886-a4e8-6fe45d0af45e:c6277, cef72988-acf5-49ad-9ec7-695a80e7a66d:c6275, d677508c-6db9-4741-b51c-49af5e4cf22f:c6275]
2019-09-08 07:08:21,906 [grpc-default-executor-3] INFO  client.GrpcClientProtocolClient (GrpcClientProtocolClient.java:onNext(264)) - client-964B0EA39D34->4234af2c-5377-4886-a4e8-6fe45d0af45e: receive RaftClientReply:client-964B0EA39D34->4234af2c-5377-4886-a4e8-6fe45d0af45e@group-A1165329A1F1, cid=4137, SUCCESS, logIndex=6277, commits[4234af2c-5377-4886-a4e8-6fe45d0af45e:c6277, cef72988-acf5-49ad-9ec7-695a80e7a66d:c6275, d677508c-6db9-4741-b51c-49af5e4cf22f:c6275]
2019-09-08 07:08:21,907 [grpc-default-executor-0] INFO  client.GrpcClientProtocolClient (GrpcClientProtocolClient.java:onNext(264)) - client-964B0EA39D34->4234af2c-5377-4886-a4e8-6fe45d0af45e: receive RaftClientReply:client-964B0EA39D34->4234af2c-5377-4886-a4e8-6fe45d0af45e@group-A1165329A1F1, cid=4138, SUCCESS, logIndex=6278, commits[4234af2c-5377-4886-a4e8-6fe45d0af45e:c6278, cef72988-acf5-49ad-9ec7-695a80e7a66d:c6275, d677508c-6db9-4741-b51c-49af5e4cf22f:c6275]
2019-09-08 07:08:21,907 [grpc-default-executor-0] INFO  client.GrpcClientProtocolClient (GrpcClientProtocolClient.java:onNext(264)) - client-964B0EA39D34->4234af2c-5377-4886-a4e8-6fe45d0af45e: receive RaftClientReply:client-964B0EA39D34->4234af2c-5377-4886-a4e8-6fe45d0af45e@group-A1165329A1F1, cid=4139, SUCCESS, logIndex=6279, commits[4234af2c-5377-4886-a4e8-6fe45d0af45e:c6279, cef72988-acf5-49ad-9ec7-695a80e7a66d:c6275, d677508c-6db9-4741-b51c-49af5e4cf22f:c6275]
2019-09-08 07:08:21,921 [grpc-default-executor-0] INFO  client.GrpcClientProtocolClient (GrpcClientProtocolClient.java:onNext(264)) - client-964B0EA39D34->4234af2c-5377-4886-a4e8-6fe45d0af45e: receive RaftClientReply:client-964B0EA39D34->4234af2c-5377-4886-a4e8-6fe45d0af45e@group-A1165329A1F1, cid=4140, SUCCESS, logIndex=0, commits[4234af2c-5377-4886-a4e8-6fe45d0af45e:c6281, cef72988-acf5-49ad-9ec7-695a80e7a66d:c6277, d677508c-6db9-4741-b51c-49af5e4cf22f:c6277]
2019-09-08 07:08:21,937 [grpc-default-executor-0] INFO  client.GrpcClientProtocolClient (GrpcClientProtocolClient.java:onNext(264)) - client-964B0EA39D34->4234af2c-5377-4886-a4e8-6fe45d0af45e: receive RaftClientReply:client-964B0EA39D34->4234af2c-5377-4886-a4e8-6fe45d0af45e@group-A1165329A1F1, cid=4141, SUCCESS, logIndex=6284, commits[4234af2c-5377-4886-a4e8-6fe45d0af45e:c6285, cef72988-acf5-49ad-9ec7-695a80e7a66d:c6283, d677508c-6db9-4741-b51c-49af5e4cf22f:c6283]
2019-09-08 07:08:21,937 [grpc-default-executor-0] INFO  client.GrpcClientProtocolClient (GrpcClientProtocolClient.java:onNext(264)) - client-964B0EA39D34->4234af2c-5377-4886-a4e8-6fe45d0af45e: receive RaftClientReply:client-964B0EA39D34->4234af2c-5377-4886-a4e8-6fe45d0af45e@group-A1165329A1F1, cid=4142, SUCCESS, logIndex=6285, commits[4234af2c-5377-4886-a4e8-6fe45d0af45e:c6285, cef72988-acf5-49ad-9ec7-695a80e7a66d:c6283, d677508c-6db9-4741-b51c-49af5e4cf22f:c6283]
2019-09-08 07:08:21,954 [grpc-default-executor-4] INFO  client.GrpcClientProtocolClient (GrpcClientProtocolClient.java:onNext(264)) - client-964B0EA39D34->4234af2c-5377-4886-a4e8-6fe45d0af45e: receive RaftClientReply:client-964B0EA39D34->4234af2c-5377-4886-a4e8-6fe45d0af45e@group-A1165329A1F1, cid=4143, SUCCESS, logIndex=6288, commits[4234af2c-5377-4886-a4e8-6fe45d0af45e:c6289, cef72988-acf5-49ad-9ec7-695a80e7a66d:c6287, d677508c-6db9-4741-b51c-49af5e4cf22f:c6287]
2019-09-08 07:08:21,955 [grpc-default-executor-4] INFO  client.GrpcClientProtocolClient (GrpcClientProtocolClient.java:onNext(264)) - client-964B0EA39D34->4234af2c-5377-4886-a4e8-6fe45d0af45e: receive RaftClientReply:client-964B0EA39D34->4234af2c-5377-4886-a4e8-6fe45d0af45e@group-A1165329A1F1, cid=4144, SUCCESS, logIndex=6289, commits[4234af2c-5377-4886-a4e8-6fe45d0af45e:c6289, cef72988-acf5-49ad-9ec7-695a80e7a66d:c6287, d677508c-6db9-4741-b51c-49af5e4cf22f:c6287]
2019-09-08 07:08:21,958 [grpc-default-executor-4] INFO  client.GrpcClientProtocolClient (GrpcClientProtocolClient.java:onNext(264)) - client-964B0EA39D34->4234af2c-5377-4886-a4e8-6fe45d0af45e: receive RaftClientReply:client-964B0EA39D34->4234af2c-5377-4886-a4e8-6fe45d0af45e@group-A1165329A1F1, cid=4145, SUCCESS, logIndex=0, commits[4234af2c-5377-4886-a4e8-6fe45d0af45e:c6291, cef72988-acf5-49ad-9ec7-695a80e7a66d:c6289, d677508c-6db9-4741-b51c-49af5e4cf22f:c6289]
2019-09-08 07:08:21,976 [grpc-default-executor-0] INFO  client.GrpcClientProtocolClient (GrpcClientProtocolClient.java:onNext(264)) - client-964B0EA39D34->4234af2c-5377-4886-a4e8-6fe45d0af45e: receive RaftClientReply:client-964B0EA39D34->4234af2c-5377-4886-a4e8-6fe45d0af45e@group-A1165329A1F1, cid=4146, SUCCESS, logIndex=6292, commits[4234af2c-5377-4886-a4e8-6fe45d0af45e:c6293, cef72988-acf5-49ad-9ec7-695a80e7a66d:c6289, d677508c-6db9-4741-b51c-49af5e4cf22f:c6291]
2019-09-08 07:08:21,977 [grpc-default-executor-0] INFO  client.GrpcClientProtocolClient (GrpcClientProtocolClient.java:onNext(264)) - client-964B0EA39D34->4234af2c-5377-4886-a4e8-6fe45d0af45e: receive RaftClientReply:client-964B0EA39D34->4234af2c-5377-4886-a4e8-6fe45d0af45e@group-A1165329A1F1, cid=4147, SUCCESS, logIndex=6293, commits[4234af2c-5377-4886-a4e8-6fe45d0af45e:c6293, cef72988-acf5-49ad-9ec7-695a80e7a66d:c6289, d677508c-6db9-4741-b51c-49af5e4cf22f:c6291]
2019-09-08 07:08:21,982 [grpc-default-executor-3] INFO  client.GrpcClientProtocolClient (GrpcClientProtocolClient.java:onNext(264)) - client-964B0EA39D34->4234af2c-5377-4886-a4e8-6fe45d0af45e: receive RaftClientReply:client-964B0EA39D34->4234af2c-5377-4886-a4e8-6fe45d0af45e@group-A1165329A1F1, cid=4148, SUCCESS, logIndex=6294, commits[4234af2c-5377-4886-a4e8-6fe45d0af45e:c6296, cef72988-acf5-49ad-9ec7-695a80e7a66d:c6293, d677508c-6db9-4741-b51c-49af5e4cf22f:c6291]
2019-09-08 07:08:21,982 [grpc-default-executor-3] INFO  client.GrpcClientProtocolClient (GrpcClientProtocolClient.java:onNext(264)) - client-964B0EA39D34->4234af2c-5377-4886-a4e8-6fe45d0af45e: receive RaftClientReply:client-964B0EA39D34->4234af2c-5377-4886-a4e8-6fe45d0af45e@group-A1165329A1F1, cid=4149, SUCCESS, logIndex=6295, commits[4234af2c-5377-4886-a4e8-6fe45d0af45e:c6296, cef72988-acf5-49ad-9ec7-695a80e7a66d:c6293, d677508c-6db9-4741-b51c-49af5e4cf22f:c6291]
2019-09-08 07:08:21,982 [grpc-default-executor-3] INFO  client.GrpcClientProtocolClient (GrpcClientProtocolClient.java:onNext(264)) - client-964B0EA39D34->4234af2c-5377-4886-a4e8-6fe45d0af45e: receive RaftClientReply:client-964B0EA39D34->4234af2c-5377-4886-a4e8-6fe45d0af45e@group-A1165329A1F1, cid=4150, SUCCESS, logIndex=0, commits[4234af2c-5377-4886-a4e8-6fe45d0af45e:c6297, cef72988-acf5-49ad-9ec7-695a80e7a66d:c6293, d677508c-6db9-4741-b51c-49af5e4cf22f:c6293]
2019-09-08 07:08:22,000 [grpc-default-executor-0] INFO  client.GrpcClientProtocolClient (GrpcClientProtocolClient.java:onNext(264)) - client-964B0EA39D34->4234af2c-5377-4886-a4e8-6fe45d0af45e: receive RaftClientReply:client-964B0EA39D34->4234af2c-5377-4886-a4e8-6fe45d0af45e@group-A1165329A1F1, cid=4151, SUCCESS, logIndex=6300, commits[4234af2c-5377-4886-a4e8-6fe45d0af45e:c6301, cef72988-acf5-49ad-9ec7-695a80e7a66d:c6295, d677508c-6db9-4741-b51c-49af5e4cf22f:c6299]
2019-09-08 07:08:22,000 [grpc-default-executor-0] INFO  client.GrpcClientProtocolClient (GrpcClientProtocolClient.java:onNext(264)) - client-964B0EA39D34->4234af2c-5377-4886-a4e8-6fe45d0af45e: receive RaftClientReply:client-964B0EA39D34->4234af2c-5377-4886-a4e8-6fe45d0af45e@group-A1165329A1F1, cid=4152, SUCCESS, logIndex=6301, commits[4234af2c-5377-4886-a4e8-6fe45d0af45e:c6301, cef72988-acf5-49ad-9ec7-695a80e7a66d:c6299, d677508c-6db9-4741-b51c-49af5e4cf22f:c6299]
2019-09-08 07:08:22,010 [grpc-default-executor-4] INFO  client.GrpcClientProtocolClient (GrpcClientProtocolClient.java:onNext(264)) - client-964B0EA39D34->4234af2c-5377-4886-a4e8-6fe45d0af45e: receive RaftClientReply:client-964B0EA39D34->4234af2c-5377-4886-a4e8-6fe45d0af45e@group-A1165329A1F1, cid=4153, SUCCESS, logIndex=6304, commits[4234af2c-5377-4886-a4e8-6fe45d0af45e:c6305, cef72988-acf5-49ad-9ec7-695a80e7a66d:c6303, d677508c-6db9-4741-b51c-49af5e4cf22f:c6301]
2019-09-08 07:08:22,010 [grpc-default-executor-4] INFO  client.GrpcClientProtocolClient (GrpcClientProtocolClient.java:onNext(264)) - client-964B0EA39D34->4234af2c-5377-4886-a4e8-6fe45d0af45e: receive RaftClientReply:client-964B0EA39D34->4234af2c-5377-4886-a4e8-6fe45d0af45e@group-A1165329A1F1, cid=4154, SUCCESS, logIndex=6305, commits[4234af2c-5377-4886-a4e8-6fe45d0af45e:c6305, cef72988-acf5-49ad-9ec7-695a80e7a66d:c6303, d677508c-6db9-4741-b51c-49af5e4cf22f:c6303]
2019-09-08 07:08:22,011 [grpc-default-executor-3] INFO  client.GrpcClientProtocolClient (GrpcClientProtocolClient.java:onNext(264)) - client-964B0EA39D34->4234af2c-5377-4886-a4e8-6fe45d0af45e: receive RaftClientReply:client-964B0EA39D34->4234af2c-5377-4886-a4e8-6fe45d0af45e@group-A1165329A1F1, cid=4155, SUCCESS, logIndex=0, commits[4234af2c-5377-4886-a4e8-6fe45d0af45e:c6306, cef72988-acf5-49ad-9ec7-695a80e7a66d:c6305, d677508c-6db9-4741-b51c-49af5e4cf22f:c6305]
2019-09-08 07:08:22,037 [grpc-default-executor-3] INFO  client.GrpcClientProtocolClient (GrpcClientProtocolClient.java:onNext(264)) - client-964B0EA39D34->4234af2c-5377-4886-a4e8-6fe45d0af45e: receive RaftClientReply:client-964B0EA39D34->4234af2c-5377-4886-a4e8-6fe45d0af45e@group-A1165329A1F1, cid=4156, SUCCESS, logIndex=6308, commits[4234af2c-5377-4886-a4e8-6fe45d0af45e:c6308, cef72988-acf5-49ad-9ec7-695a80e7a66d:c6307, d677508c-6db9-4741-b51c-49af5e4cf22f:c6307]
2019-09-08 07:08:22,037 [grpc-default-executor-3] INFO  client.GrpcClientProtocolClient (GrpcClientProtocolClient.java:onNext(264)) - client-964B0EA39D34->4234af2c-5377-4886-a4e8-6fe45d0af45e: receive RaftClientReply:client-964B0EA39D34->4234af2c-5377-4886-a4e8-6fe45d0af45e@group-A1165329A1F1, cid=4157, SUCCESS, logIndex=6309, commits[4234af2c-5377-4886-a4e8-6fe45d0af45e:c6311, cef72988-acf5-49ad-9ec7-695a80e7a66d:c6307, d677508c-6db9-4741-b51c-49af5e4cf22f:c6307]
2019-09-08 07:08:22,037 [grpc-default-executor-3] INFO  client.GrpcClientProtocolClient (GrpcClientProtocolClient.java:onNext(264)) - client-964B0EA39D34->4234af2c-5377-4886-a4e8-6fe45d0af45e: receive RaftClientReply:client-964B0EA39D34->4234af2c-5377-4886-a4e8-6fe45d0af45e@group-A1165329A1F1, cid=4158, SUCCESS, logIndex=6310, commits[4234af2c-5377-4886-a4e8-6fe45d0af45e:c6311, cef72988-acf5-49ad-9ec7-695a80e7a66d:c6307, d677508c-6db9-4741-b51c-49af5e4cf22f:c6307]
2019-09-08 07:08:22,038 [grpc-default-executor-3] INFO  client.GrpcClientProtocolClient (GrpcClientProtocolClient.java:onNext(264)) - client-964B0EA39D34->4234af2c-5377-4886-a4e8-6fe45d0af45e: receive RaftClientReply:client-964B0EA39D34->4234af2c-5377-4886-a4e8-6fe45d0af45e@group-A1165329A1F1, cid=4159, SUCCESS, logIndex=6311, commits[4234af2c-5377-4886-a4e8-6fe45d0af45e:c6311, cef72988-acf5-49ad-9ec7-695a80e7a66d:c6307, d677508c-6db9-4741-b51c-49af5e4cf22f:c6307]
2019-09-08 07:08:22,040 [grpc-default-executor-3] INFO  client.GrpcClientProtocolClient (GrpcClientProtocolClient.java:onNext(264)) - client-964B0EA39D34->4234af2c-5377-4886-a4e8-6fe45d0af45e: receive RaftClientReply:client-964B0EA39D34->4234af2c-5377-4886-a4e8-6fe45d0af45e@group-A1165329A1F1, cid=4160, SUCCESS, logIndex=0, commits[4234af2c-5377-4886-a4e8-6fe45d0af45e:c6314, cef72988-acf5-49ad-9ec7-695a80e7a66d:c6311, d677508c-6db9-4741-b51c-49af5e4cf22f:c6310]
2019-09-08 07:08:22,053 [grpc-default-executor-4] INFO  client.GrpcClientProtocolClient (GrpcClientProtocolClient.java:onNext(264)) - client-964B0EA39D34->4234af2c-5377-4886-a4e8-6fe45d0af45e: receive RaftClientReply:client-964B0EA39D34->4234af2c-5377-4886-a4e8-6fe45d0af45e@group-A1165329A1F1, cid=4161, SUCCESS, logIndex=6315, commits[4234af2c-5377-4886-a4e8-6fe45d0af45e:c6315, cef72988-acf5-49ad-9ec7-695a80e7a66d:c6314, d677508c-6db9-4741-b51c-49af5e4cf22f:c6314]
2019-09-08 07:08:22,054 [grpc-default-executor-4] INFO  client.GrpcClientProtocolClient (GrpcClientProtocolClient.java:onNext(264)) - client-964B0EA39D34->4234af2c-5377-4886-a4e8-6fe45d0af45e: receive RaftClientReply:client-964B0EA39D34->4234af2c-5377-4886-a4e8-6fe45d0af45e@group-A1165329A1F1, cid=4162, SUCCESS, logIndex=6316, commits[4234af2c-5377-4886-a4e8-6fe45d0af45e:c6316, cef72988-acf5-49ad-9ec7-695a80e7a66d:c6314, d677508c-6db9-4741-b51c-49af5e4cf22f:c6314]
2019-09-08 07:08:22,089 [grpc-default-executor-3] INFO  client.GrpcClientProtocolClient (GrpcClientProtocolClient.java:onNext(264)) - client-964B0EA39D34->4234af2c-5377-4886-a4e8-6fe45d0af45e: receive RaftClientReply:client-964B0EA39D34->4234af2c-5377-4886-a4e8-6fe45d0af45e@group-A1165329A1F1, cid=4163, SUCCESS, logIndex=6319, commits[4234af2c-5377-4886-a4e8-6fe45d0af45e:c6320, cef72988-acf5-49ad-9ec7-695a80e7a66d:c6318, d677508c-6db9-4741-b51c-49af5e4cf22f:c6318]
2019-09-08 07:08:22,089 [grpc-default-executor-3] INFO  client.GrpcClientProtocolClient (GrpcClientProtocolClient.java:onNext(264)) - client-964B0EA39D34->4234af2c-5377-4886-a4e8-6fe45d0af45e: receive RaftClientReply:client-964B0EA39D34->4234af2c-5377-4886-a4e8-6fe45d0af45e@group-A1165329A1F1, cid=4164, SUCCESS, logIndex=6320, commits[4234af2c-5377-4886-a4e8-6fe45d0af45e:c6320, cef72988-acf5-49ad-9ec7-695a80e7a66d:c6318, d677508c-6db9-4741-b51c-49af5e4cf22f:c6318]
2019-09-08 07:08:22,109 [grpc-default-executor-3] INFO  client.GrpcClientProtocolClient (GrpcClientProtocolClient.java:onNext(264)) - client-964B0EA39D34->4234af2c-5377-4886-a4e8-6fe45d0af45e: receive RaftClientReply:client-964B0EA39D34->4234af2c-5377-4886-a4e8-6fe45d0af45e@group-A1165329A1F1, cid=4165, SUCCESS, logIndex=0, commits[4234af2c-5377-4886-a4e8-6fe45d0af45e:c6322, cef72988-acf5-49ad-9ec7-695a80e7a66d:c6320, d677508c-6db9-4741-b51c-49af5e4cf22f:c6320]
2019-09-08 07:08:22,139 [grpc-default-executor-0] INFO  client.GrpcClientProtocolClient (GrpcClientProtocolClient.java:onNext(264)) - client-964B0EA39D34->4234af2c-5377-4886-a4e8-6fe45d0af45e: receive RaftClientReply:client-964B0EA39D34->4234af2c-5377-4886-a4e8-6fe45d0af45e@group-A1165329A1F1, cid=4166, SUCCESS, logIndex=6323, commits[4234af2c-5377-4886-a4e8-6fe45d0af45e:c6324, cef72988-acf5-49ad-9ec7-695a80e7a66d:c6322, d677508c-6db9-4741-b51c-49af5e4cf22f:c6322]
2019-09-08 07:08:22,140 [grpc-default-executor-3] INFO  client.GrpcClientProtocolClient (GrpcClientProtocolClient.java:onNext(264)) - client-964B0EA39D34->4234af2c-5377-4886-a4e8-6fe45d0af45e: receive RaftClientReply:client-964B0EA39D34->4234af2c-5377-4886-a4e8-6fe45d0af45e@group-A1165329A1F1, cid=4167, SUCCESS, logIndex=6324, commits[4234af2c-5377-4886-a4e8-6fe45d0af45e:c6324, cef72988-acf5-49ad-9ec7-695a80e7a66d:c6322, d677508c-6db9-4741-b51c-49af5e4cf22f:c6322]
2019-09-08 07:08:22,140 [grpc-default-executor-4] INFO  client.GrpcClientProtocolClient (GrpcClientProtocolClient.java:onNext(264)) - client-964B0EA39D34->4234af2c-5377-4886-a4e8-6fe45d0af45e: receive RaftClientReply:client-964B0EA39D34->4234af2c-5377-4886-a4e8-6fe45d0af45e@group-A1165329A1F1, cid=4168, SUCCESS, logIndex=6325, commits[4234af2c-5377-4886-a4e8-6fe45d0af45e:c6325, cef72988-acf5-49ad-9ec7-695a80e7a66d:c6322, d677508c-6db9-4741-b51c-49af5e4cf22f:c6322]
2019-09-08 07:08:22,140 [grpc-default-executor-4] INFO  client.GrpcClientProtocolClient (GrpcClientProtocolClient.java:onNext(264)) - client-964B0EA39D34->4234af2c-5377-4886-a4e8-6fe45d0af45e: receive RaftClientReply:client-964B0EA39D34->4234af2c-5377-4886-a4e8-6fe45d0af45e@group-A1165329A1F1, cid=4169, SUCCESS, logIndex=6326, commits[4234af2c-5377-4886-a4e8-6fe45d0af45e:c6326, cef72988-acf5-49ad-9ec7-695a80e7a66d:c6322, d677508c-6db9-4741-b51c-49af5e4cf22f:c6322]
2019-09-08 07:08:22,153 [grpc-default-executor-4] INFO  client.GrpcClientProtocolClient (GrpcClientProtocolClient.java:onNext(264)) - client-964B0EA39D34->4234af2c-5377-4886-a4e8-6fe45d0af45e: receive RaftClientReply:client-964B0EA39D34->4234af2c-5377-4886-a4e8-6fe45d0af45e@group-A1165329A1F1, cid=4170, SUCCESS, logIndex=0, commits[4234af2c-5377-4886-a4e8-6fe45d0af45e:c6328, cef72988-acf5-49ad-9ec7-695a80e7a66d:c6324, d677508c-6db9-4741-b51c-49af5e4cf22f:c6324]
2019-09-08 07:08:22,171 [grpc-default-executor-6] INFO  client.GrpcClientProtocolClient (GrpcClientProtocolClient.java:onNext(264)) - client-964B0EA39D34->4234af2c-5377-4886-a4e8-6fe45d0af45e: receive RaftClientReply:client-964B0EA39D34->4234af2c-5377-4886-a4e8-6fe45d0af45e@group-A1165329A1F1, cid=4171, SUCCESS, logIndex=6331, commits[4234af2c-5377-4886-a4e8-6fe45d0af45e:c6332, cef72988-acf5-49ad-9ec7-695a80e7a66d:c6330, d677508c-6db9-4741-b51c-49af5e4cf22f:c6330]
2019-09-08 07:08:22,172 [grpc-default-executor-6] INFO  client.GrpcClientProtocolClient (GrpcClientProtocolClient.java:onNext(264)) - client-964B0EA39D34->4234af2c-5377-4886-a4e8-6fe45d0af45e: receive RaftClientReply:client-964B0EA39D34->4234af2c-5377-4886-a4e8-6fe45d0af45e@group-A1165329A1F1, cid=4172, SUCCESS, logIndex=6332, commits[4234af2c-5377-4886-a4e8-6fe45d0af45e:c6332, cef72988-acf5-49ad-9ec7-695a80e7a66d:c6330, d677508c-6db9-4741-b51c-49af5e4cf22f:c6330]
2019-09-08 07:08:22,188 [grpc-default-executor-6] INFO  client.GrpcClientProtocolClient (GrpcClientProtocolClient.java:onNext(264)) - client-964B0EA39D34->4234af2c-5377-4886-a4e8-6fe45d0af45e: receive RaftClientReply:client-964B0EA39D34->4234af2c-5377-4886-a4e8-6fe45d0af45e@group-A1165329A1F1, cid=4173, SUCCESS, logIndex=6335, commits[4234af2c-5377-4886-a4e8-6fe45d0af45e:c6336, cef72988-acf5-49ad-9ec7-695a80e7a66d:c6332, d677508c-6db9-4741-b51c-49af5e4cf22f:c6332]
2019-09-08 07:08:22,188 [grpc-default-executor-6] INFO  client.GrpcClientProtocolClient (GrpcClientProtocolClient.java:onNext(264)) - client-964B0EA39D34->4234af2c-5377-4886-a4e8-6fe45d0af45e: receive RaftClientReply:client-964B0EA39D34->4234af2c-5377-4886-a4e8-6fe45d0af45e@group-A1165329A1F1, cid=4174, SUCCESS, logIndex=6336, commits[4234af2c-5377-4886-a4e8-6fe45d0af45e:c6336, cef72988-acf5-49ad-9ec7-695a80e7a66d:c6332, d677508c-6db9-4741-b51c-49af5e4cf22f:c6332]
2019-09-08 07:08:22,202 [grpc-default-executor-3] INFO  client.GrpcClientProtocolClient (GrpcClientProtocolClient.java:onNext(264)) - client-964B0EA39D34->4234af2c-5377-4886-a4e8-6fe45d0af45e: receive RaftClientReply:client-964B0EA39D34->4234af2c-5377-4886-a4e8-6fe45d0af45e@group-A1165329A1F1, cid=4175, SUCCESS, logIndex=0, commits[4234af2c-5377-4886-a4e8-6fe45d0af45e:c6337, cef72988-acf5-49ad-9ec7-695a80e7a66d:c6336, d677508c-6db9-4741-b51c-49af5e4cf22f:c6336]
 0.00% |█                                                                                                    |  0/1 Time: 0:01:022019-09-08 07:08:22,233 [grpc-default-executor-4] INFO  client.GrpcClientProtocolClient (GrpcClientProtocolClient.java:onNext(264)) - client-964B0EA39D34->4234af2c-5377-4886-a4e8-6fe45d0af45e: receive RaftClientReply:client-964B0EA39D34->4234af2c-5377-4886-a4e8-6fe45d0af45e@group-A1165329A1F1, cid=4176, SUCCESS, logIndex=6339, commits[4234af2c-5377-4886-a4e8-6fe45d0af45e:c6340, cef72988-acf5-49ad-9ec7-695a80e7a66d:c6338, d677508c-6db9-4741-b51c-49af5e4cf22f:c6338]
2019-09-08 07:08:22,233 [grpc-default-executor-4] INFO  client.GrpcClientProtocolClient (GrpcClientProtocolClient.java:onNext(264)) - client-964B0EA39D34->4234af2c-5377-4886-a4e8-6fe45d0af45e: receive RaftClientReply:client-964B0EA39D34->4234af2c-5377-4886-a4e8-6fe45d0af45e@group-A1165329A1F1, cid=4177, SUCCESS, logIndex=6340, commits[4234af2c-5377-4886-a4e8-6fe45d0af45e:c6342, cef72988-acf5-49ad-9ec7-695a80e7a66d:c6338, d677508c-6db9-4741-b51c-49af5e4cf22f:c6338]
2019-09-08 07:08:22,233 [grpc-default-executor-4] INFO  client.GrpcClientProtocolClient (GrpcClientProtocolClient.java:onNext(264)) - client-964B0EA39D34->4234af2c-5377-4886-a4e8-6fe45d0af45e: receive RaftClientReply:client-964B0EA39D34->4234af2c-5377-4886-a4e8-6fe45d0af45e@group-A1165329A1F1, cid=4178, SUCCESS, logIndex=6341, commits[4234af2c-5377-4886-a4e8-6fe45d0af45e:c6342, cef72988-acf5-49ad-9ec7-695a80e7a66d:c6338, d677508c-6db9-4741-b51c-49af5e4cf22f:c6338]
2019-09-08 07:08:22,233 [grpc-default-executor-4] INFO  client.GrpcClientProtocolClient (GrpcClientProtocolClient.java:onNext(264)) - client-964B0EA39D34->4234af2c-5377-4886-a4e8-6fe45d0af45e: receive RaftClientReply:client-964B0EA39D34->4234af2c-5377-4886-a4e8-6fe45d0af45e@group-A1165329A1F1, cid=4179, SUCCESS, logIndex=6342, commits[4234af2c-5377-4886-a4e8-6fe45d0af45e:c6343, cef72988-acf5-49ad-9ec7-695a80e7a66d:c6339, d677508c-6db9-4741-b51c-49af5e4cf22f:c6338]
2019-09-08 07:08:22,235 [grpc-default-executor-6] INFO  client.GrpcClientProtocolClient (GrpcClientProtocolClient.java:onNext(264)) - client-964B0EA39D34->4234af2c-5377-4886-a4e8-6fe45d0af45e: receive RaftClientReply:client-964B0EA39D34->4234af2c-5377-4886-a4e8-6fe45d0af45e@group-A1165329A1F1, cid=4180, SUCCESS, logIndex=0, commits[4234af2c-5377-4886-a4e8-6fe45d0af45e:c6344, cef72988-acf5-49ad-9ec7-695a80e7a66d:c6340, d677508c-6db9-4741-b51c-49af5e4cf22f:c6340]
2019-09-08 07:08:22,244 [grpc-default-executor-3] INFO  client.GrpcClientProtocolClient (GrpcClientProtocolClient.java:onNext(264)) - client-964B0EA39D34->4234af2c-5377-4886-a4e8-6fe45d0af45e: receive RaftClientReply:client-964B0EA39D34->4234af2c-5377-4886-a4e8-6fe45d0af45e@group-A1165329A1F1, cid=4181, SUCCESS, logIndex=6347, commits[4234af2c-5377-4886-a4e8-6fe45d0af45e:c6348, cef72988-acf5-49ad-9ec7-695a80e7a66d:c6342, d677508c-6db9-4741-b51c-49af5e4cf22f:c6346]
2019-09-08 07:08:22,244 [grpc-default-executor-3] INFO  client.GrpcClientProtocolClient (GrpcClientProtocolClient.java:onNext(264)) - client-964B0EA39D34->4234af2c-5377-4886-a4e8-6fe45d0af45e: receive RaftClientReply:client-964B0EA39D34->4234af2c-5377-4886-a4e8-6fe45d0af45e@group-A1165329A1F1, cid=4182, SUCCESS, logIndex=6348, commits[4234af2c-5377-4886-a4e8-6fe45d0af45e:c6348, cef72988-acf5-49ad-9ec7-695a80e7a66d:c6342, d677508c-6db9-4741-b51c-49af5e4cf22f:c6346]
2019-09-08 07:08:22,262 [grpc-default-executor-4] INFO  client.GrpcClientProtocolClient (GrpcClientProtocolClient.java:onNext(264)) - client-964B0EA39D34->4234af2c-5377-4886-a4e8-6fe45d0af45e: receive RaftClientReply:client-964B0EA39D34->4234af2c-5377-4886-a4e8-6fe45d0af45e@group-A1165329A1F1, cid=4183, SUCCESS, logIndex=6351, commits[4234af2c-5377-4886-a4e8-6fe45d0af45e:c6352, cef72988-acf5-49ad-9ec7-695a80e7a66d:c6350, d677508c-6db9-4741-b51c-49af5e4cf22f:c6350]
2019-09-08 07:08:22,262 [grpc-default-executor-4] INFO  client.GrpcClientProtocolClient (GrpcClientProtocolClient.java:onNext(264)) - client-964B0EA39D34->4234af2c-5377-4886-a4e8-6fe45d0af45e: receive RaftClientReply:client-964B0EA39D34->4234af2c-5377-4886-a4e8-6fe45d0af45e@group-A1165329A1F1, cid=4184, SUCCESS, logIndex=6352, commits[4234af2c-5377-4886-a4e8-6fe45d0af45e:c6352, cef72988-acf5-49ad-9ec7-695a80e7a66d:c6350, d677508c-6db9-4741-b51c-49af5e4cf22f:c6350]
2019-09-08 07:08:22,263 [grpc-default-executor-3] INFO  client.GrpcClientProtocolClient (GrpcClientProtocolClient.java:onNext(264)) - client-964B0EA39D34->4234af2c-5377-4886-a4e8-6fe45d0af45e: receive RaftClientReply:client-964B0EA39D34->4234af2c-5377-4886-a4e8-6fe45d0af45e@group-A1165329A1F1, cid=4185, SUCCESS, logIndex=0, commits[4234af2c-5377-4886-a4e8-6fe45d0af45e:c6353, cef72988-acf5-49ad-9ec7-695a80e7a66d:c6352, d677508c-6db9-4741-b51c-49af5e4cf22f:c6352]
2019-09-08 07:08:22,294 [grpc-default-executor-6] INFO  client.GrpcClientProtocolClient (GrpcClientProtocolClient.java:onNext(264)) - client-964B0EA39D34->4234af2c-5377-4886-a4e8-6fe45d0af45e: receive RaftClientReply:client-964B0EA39D34->4234af2c-5377-4886-a4e8-6fe45d0af45e@group-A1165329A1F1, cid=4186, SUCCESS, logIndex=6355, commits[4234af2c-5377-4886-a4e8-6fe45d0af45e:c6356, cef72988-acf5-49ad-9ec7-695a80e7a66d:c6354, d677508c-6db9-4741-b51c-49af5e4cf22f:c6354]
2019-09-08 07:08:22,295 [grpc-default-executor-6] INFO  client.GrpcClientProtocolClient (GrpcClientProtocolClient.java:onNext(264)) - client-964B0EA39D34->4234af2c-5377-4886-a4e8-6fe45d0af45e: receive RaftClientReply:client-964B0EA39D34->4234af2c-5377-4886-a4e8-6fe45d0af45e@group-A1165329A1F1, cid=4187, SUCCESS, logIndex=6356, commits[4234af2c-5377-4886-a4e8-6fe45d0af45e:c6358, cef72988-acf5-49ad-9ec7-695a80e7a66d:c6354, d677508c-6db9-4741-b51c-49af5e4cf22f:c6354]
2019-09-08 07:08:22,295 [grpc-default-executor-6] INFO  client.GrpcClientProtocolClient (GrpcClientProtocolClient.java:onNext(264)) - client-964B0EA39D34->4234af2c-5377-4886-a4e8-6fe45d0af45e: receive RaftClientReply:client-964B0EA39D34->4234af2c-5377-4886-a4e8-6fe45d0af45e@group-A1165329A1F1, cid=4188, SUCCESS, logIndex=6357, commits[4234af2c-5377-4886-a4e8-6fe45d0af45e:c6358, cef72988-acf5-49ad-9ec7-695a80e7a66d:c6354, d677508c-6db9-4741-b51c-49af5e4cf22f:c6354]
2019-09-08 07:08:22,295 [grpc-default-executor-6] INFO  client.GrpcClientProtocolClient (GrpcClientProtocolClient.java:onNext(264)) - client-964B0EA39D34->4234af2c-5377-4886-a4e8-6fe45d0af45e: receive RaftClientReply:client-964B0EA39D34->4234af2c-5377-4886-a4e8-6fe45d0af45e@group-A1165329A1F1, cid=4189, SUCCESS, logIndex=6358, commits[4234af2c-5377-4886-a4e8-6fe45d0af45e:c6358, cef72988-acf5-49ad-9ec7-695a80e7a66d:c6354, d677508c-6db9-4741-b51c-49af5e4cf22f:c6354]
2019-09-08 07:08:22,305 [grpc-default-executor-6] INFO  client.GrpcClientProtocolClient (GrpcClientProtocolClient.java:onNext(264)) - client-964B0EA39D34->4234af2c-5377-4886-a4e8-6fe45d0af45e: receive RaftClientReply:client-964B0EA39D34->4234af2c-5377-4886-a4e8-6fe45d0af45e@group-A1165329A1F1, cid=4190, SUCCESS, logIndex=0, commits[4234af2c-5377-4886-a4e8-6fe45d0af45e:c6361, cef72988-acf5-49ad-9ec7-695a80e7a66d:c6358, d677508c-6db9-4741-b51c-49af5e4cf22f:c6356]
2019-09-08 07:08:22,318 [grpc-default-executor-4] INFO  client.GrpcClientProtocolClient (GrpcClientProtocolClient.java:onNext(264)) - client-964B0EA39D34->4234af2c-5377-4886-a4e8-6fe45d0af45e: receive RaftClientReply:client-964B0EA39D34->4234af2c-5377-4886-a4e8-6fe45d0af45e@group-A1165329A1F1, cid=4191, SUCCESS, logIndex=6362, commits[4234af2c-5377-4886-a4e8-6fe45d0af45e:c6363, cef72988-acf5-49ad-9ec7-695a80e7a66d:c6361, d677508c-6db9-4741-b51c-49af5e4cf22f:c6361]
2019-09-08 07:08:22,318 [grpc-default-executor-4] INFO  client.GrpcClientProtocolClient (GrpcClientProtocolClient.java:onNext(264)) - client-964B0EA39D34->4234af2c-5377-4886-a4e8-6fe45d0af45e: receive RaftClientReply:client-964B0EA39D34->4234af2c-5377-4886-a4e8-6fe45d0af45e@group-A1165329A1F1, cid=4192, SUCCESS, logIndex=6363, commits[4234af2c-5377-4886-a4e8-6fe45d0af45e:c6363, cef72988-acf5-49ad-9ec7-695a80e7a66d:c6361, d677508c-6db9-4741-b51c-49af5e4cf22f:c6361]
2019-09-08 07:08:22,332 [grpc-default-executor-4] INFO  client.GrpcClientProtocolClient (GrpcClientProtocolClient.java:onNext(264)) - client-964B0EA39D34->4234af2c-5377-4886-a4e8-6fe45d0af45e: receive RaftClientReply:client-964B0EA39D34->4234af2c-5377-4886-a4e8-6fe45d0af45e@group-A1165329A1F1, cid=4193, SUCCESS, logIndex=6366, commits[4234af2c-5377-4886-a4e8-6fe45d0af45e:c6367, cef72988-acf5-49ad-9ec7-695a80e7a66d:c6365, d677508c-6db9-4741-b51c-49af5e4cf22f:c6365]
2019-09-08 07:08:22,332 [grpc-default-executor-4] INFO  client.GrpcClientProtocolClient (GrpcClientProtocolClient.java:onNext(264)) - client-964B0EA39D34->4234af2c-5377-4886-a4e8-6fe45d0af45e: receive RaftClientReply:client-964B0EA39D34->4234af2c-5377-4886-a4e8-6fe45d0af45e@group-A1165329A1F1, cid=4194, SUCCESS, logIndex=6367, commits[4234af2c-5377-4886-a4e8-6fe45d0af45e:c6367, cef72988-acf5-49ad-9ec7-695a80e7a66d:c6365, d677508c-6db9-4741-b51c-49af5e4cf22f:c6365]
2019-09-08 07:08:22,334 [grpc-default-executor-4] INFO  client.GrpcClientProtocolClient (GrpcClientProtocolClient.java:onNext(264)) - client-964B0EA39D34->4234af2c-5377-4886-a4e8-6fe45d0af45e: receive RaftClientReply:client-964B0EA39D34->4234af2c-5377-4886-a4e8-6fe45d0af45e@group-A1165329A1F1, cid=4195, SUCCESS, logIndex=0, commits[4234af2c-5377-4886-a4e8-6fe45d0af45e:c6369, cef72988-acf5-49ad-9ec7-695a80e7a66d:c6367, d677508c-6db9-4741-b51c-49af5e4cf22f:c6367]
2019-09-08 07:08:22,363 [grpc-default-executor-4] INFO  client.GrpcClientProtocolClient (GrpcClientProtocolClient.java:onNext(264)) - client-964B0EA39D34->4234af2c-5377-4886-a4e8-6fe45d0af45e: receive RaftClientReply:client-964B0EA39D34->4234af2c-5377-4886-a4e8-6fe45d0af45e@group-A1165329A1F1, cid=4196, SUCCESS, logIndex=6370, commits[4234af2c-5377-4886-a4e8-6fe45d0af45e:c6372, cef72988-acf5-49ad-9ec7-695a80e7a66d:c6369, d677508c-6db9-4741-b51c-49af5e4cf22f:c6369]
2019-09-08 07:08:22,363 [grpc-default-executor-4] INFO  client.GrpcClientProtocolClient (GrpcClientProtocolClient.java:onNext(264)) - client-964B0EA39D34->4234af2c-5377-4886-a4e8-6fe45d0af45e: receive RaftClientReply:client-964B0EA39D34->4234af2c-5377-4886-a4e8-6fe45d0af45e@group-A1165329A1F1, cid=4197, SUCCESS, logIndex=6371, commits[4234af2c-5377-4886-a4e8-6fe45d0af45e:c6373, cef72988-acf5-49ad-9ec7-695a80e7a66d:c6369, d677508c-6db9-4741-b51c-49af5e4cf22f:c6369]
2019-09-08 07:08:22,364 [grpc-default-executor-4] INFO  client.GrpcClientProtocolClient (GrpcClientProtocolClient.java:onNext(264)) - client-964B0EA39D34->4234af2c-5377-4886-a4e8-6fe45d0af45e: receive RaftClientReply:client-964B0EA39D34->4234af2c-5377-4886-a4e8-6fe45d0af45e@group-A1165329A1F1, cid=4198, SUCCESS, logIndex=6372, commits[4234af2c-5377-4886-a4e8-6fe45d0af45e:c6373, cef72988-acf5-49ad-9ec7-695a80e7a66d:c6369, d677508c-6db9-4741-b51c-49af5e4cf22f:c6369]
2019-09-08 07:08:22,364 [grpc-default-executor-4] INFO  client.GrpcClientProtocolClient (GrpcClientProtocolClient.java:onNext(264)) - client-964B0EA39D34->4234af2c-5377-4886-a4e8-6fe45d0af45e: receive RaftClientReply:client-964B0EA39D34->4234af2c-5377-4886-a4e8-6fe45d0af45e@group-A1165329A1F1, cid=4199, SUCCESS, logIndex=6373, commits[4234af2c-5377-4886-a4e8-6fe45d0af45e:c6373, cef72988-acf5-49ad-9ec7-695a80e7a66d:c6369, d677508c-6db9-4741-b51c-49af5e4cf22f:c6369]
2019-09-08 07:08:22,366 [grpc-default-executor-4] INFO  client.GrpcClientProtocolClient (GrpcClientProtocolClient.java:onNext(264)) - client-964B0EA39D34->4234af2c-5377-4886-a4e8-6fe45d0af45e: receive RaftClientReply:client-964B0EA39D34->4234af2c-5377-4886-a4e8-6fe45d0af45e@group-A1165329A1F1, cid=4200, SUCCESS, logIndex=0, commits[4234af2c-5377-4886-a4e8-6fe45d0af45e:c6376, cef72988-acf5-49ad-9ec7-695a80e7a66d:c6372, d677508c-6db9-4741-b51c-49af5e4cf22f:c6372]
2019-09-08 07:08:22,383 [grpc-default-executor-3] INFO  client.GrpcClientProtocolClient (GrpcClientProtocolClient.java:onNext(264)) - client-964B0EA39D34->4234af2c-5377-4886-a4e8-6fe45d0af45e: receive RaftClientReply:client-964B0EA39D34->4234af2c-5377-4886-a4e8-6fe45d0af45e@group-A1165329A1F1, cid=4201, SUCCESS, logIndex=6378, commits[4234af2c-5377-4886-a4e8-6fe45d0af45e:c6379, cef72988-acf5-49ad-9ec7-695a80e7a66d:c6377, d677508c-6db9-4741-b51c-49af5e4cf22f:c6377]
2019-09-08 07:08:22,383 [grpc-default-executor-3] INFO  client.GrpcClientProtocolClient (GrpcClientProtocolClient.java:onNext(264)) - client-964B0EA39D34->4234af2c-5377-4886-a4e8-6fe45d0af45e: receive RaftClientReply:client-964B0EA39D34->4234af2c-5377-4886-a4e8-6fe45d0af45e@group-A1165329A1F1, cid=4202, SUCCESS, logIndex=6379, commits[4234af2c-5377-4886-a4e8-6fe45d0af45e:c6379, cef72988-acf5-49ad-9ec7-695a80e7a66d:c6377, d677508c-6db9-4741-b51c-49af5e4cf22f:c6377]
2019-09-08 07:08:22,397 [grpc-default-executor-3] INFO  client.GrpcClientProtocolClient (GrpcClientProtocolClient.java:onNext(264)) - client-964B0EA39D34->4234af2c-5377-4886-a4e8-6fe45d0af45e: receive RaftClientReply:client-964B0EA39D34->4234af2c-5377-4886-a4e8-6fe45d0af45e@group-A1165329A1F1, cid=4203, SUCCESS, logIndex=6382, commits[4234af2c-5377-4886-a4e8-6fe45d0af45e:c6383, cef72988-acf5-49ad-9ec7-695a80e7a66d:c6379, d677508c-6db9-4741-b51c-49af5e4cf22f:c6379]
2019-09-08 07:08:22,397 [grpc-default-executor-3] INFO  client.GrpcClientProtocolClient (GrpcClientProtocolClient.java:onNext(264)) - client-964B0EA39D34->4234af2c-5377-4886-a4e8-6fe45d0af45e: receive RaftClientReply:client-964B0EA39D34->4234af2c-5377-4886-a4e8-6fe45d0af45e@group-A1165329A1F1, cid=4204, SUCCESS, logIndex=6383, commits[4234af2c-5377-4886-a4e8-6fe45d0af45e:c6383, cef72988-acf5-49ad-9ec7-695a80e7a66d:c6379, d677508c-6db9-4741-b51c-49af5e4cf22f:c6379]
2019-09-08 07:08:22,410 [grpc-default-executor-3] INFO  client.GrpcClientProtocolClient (GrpcClientProtocolClient.java:onNext(264)) - client-964B0EA39D34->4234af2c-5377-4886-a4e8-6fe45d0af45e: receive RaftClientReply:client-964B0EA39D34->4234af2c-5377-4886-a4e8-6fe45d0af45e@group-A1165329A1F1, cid=4205, SUCCESS, logIndex=0, commits[4234af2c-5377-4886-a4e8-6fe45d0af45e:c6385, cef72988-acf5-49ad-9ec7-695a80e7a66d:c6383, d677508c-6db9-4741-b51c-49af5e4cf22f:c6383]
2019-09-08 07:08:22,445 [grpc-default-executor-6] INFO  client.GrpcClientProtocolClient (GrpcClientProtocolClient.java:onNext(264)) - client-964B0EA39D34->4234af2c-5377-4886-a4e8-6fe45d0af45e: receive RaftClientReply:client-964B0EA39D34->4234af2c-5377-4886-a4e8-6fe45d0af45e@group-A1165329A1F1, cid=4206, SUCCESS, logIndex=6386, commits[4234af2c-5377-4886-a4e8-6fe45d0af45e:c6387, cef72988-acf5-49ad-9ec7-695a80e7a66d:c6385, d677508c-6db9-4741-b51c-49af5e4cf22f:c6385]
2019-09-08 07:08:22,445 [grpc-default-executor-6] INFO  client.GrpcClientProtocolClient (GrpcClientProtocolClient.java:onNext(264)) - client-964B0EA39D34->4234af2c-5377-4886-a4e8-6fe45d0af45e: receive RaftClientReply:client-964B0EA39D34->4234af2c-5377-4886-a4e8-6fe45d0af45e@group-A1165329A1F1, cid=4207, SUCCESS, logIndex=6387, commits[4234af2c-5377-4886-a4e8-6fe45d0af45e:c6389, cef72988-acf5-49ad-9ec7-695a80e7a66d:c6385, d677508c-6db9-4741-b51c-49af5e4cf22f:c6385]
2019-09-08 07:08:22,446 [grpc-default-executor-6] INFO  client.GrpcClientProtocolClient (GrpcClientProtocolClient.java:onNext(264)) - client-964B0EA39D34->4234af2c-5377-4886-a4e8-6fe45d0af45e: receive RaftClientReply:client-964B0EA39D34->4234af2c-5377-4886-a4e8-6fe45d0af45e@group-A1165329A1F1, cid=4208, SUCCESS, logIndex=6388, commits[4234af2c-5377-4886-a4e8-6fe45d0af45e:c6389, cef72988-acf5-49ad-9ec7-695a80e7a66d:c6385, d677508c-6db9-4741-b51c-49af5e4cf22f:c6385]
2019-09-08 07:08:22,446 [grpc-default-executor-6] INFO  client.GrpcClientProtocolClient (GrpcClientProtocolClient.java:onNext(264)) - client-964B0EA39D34->4234af2c-5377-4886-a4e8-6fe45d0af45e: receive RaftClientReply:client-964B0EA39D34->4234af2c-5377-4886-a4e8-6fe45d0af45e@group-A1165329A1F1, cid=4209, SUCCESS, logIndex=6389, commits[4234af2c-5377-4886-a4e8-6fe45d0af45e:c6389, cef72988-acf5-49ad-9ec7-695a80e7a66d:c6385, d677508c-6db9-4741-b51c-49af5e4cf22f:c6385]
2019-09-08 07:08:22,450 [grpc-default-executor-6] INFO  client.GrpcClientProtocolClient (GrpcClientProtocolClient.java:onNext(264)) - client-964B0EA39D34->4234af2c-5377-4886-a4e8-6fe45d0af45e: receive RaftClientReply:client-964B0EA39D34->4234af2c-5377-4886-a4e8-6fe45d0af45e@group-A1165329A1F1, cid=4210, SUCCESS, logIndex=0, commits[4234af2c-5377-4886-a4e8-6fe45d0af45e:c6391, cef72988-acf5-49ad-9ec7-695a80e7a66d:c6387, d677508c-6db9-4741-b51c-49af5e4cf22f:c6387]
2019-09-08 07:08:22,470 [grpc-default-executor-6] INFO  client.GrpcClientProtocolClient (GrpcClientProtocolClient.java:onNext(264)) - client-964B0EA39D34->4234af2c-5377-4886-a4e8-6fe45d0af45e: receive RaftClientReply:client-964B0EA39D34->4234af2c-5377-4886-a4e8-6fe45d0af45e@group-A1165329A1F1, cid=4211, SUCCESS, logIndex=6394, commits[4234af2c-5377-4886-a4e8-6fe45d0af45e:c6395, cef72988-acf5-49ad-9ec7-695a80e7a66d:c6393, d677508c-6db9-4741-b51c-49af5e4cf22f:c6393]
2019-09-08 07:08:22,471 [grpc-default-executor-6] INFO  client.GrpcClientProtocolClient (GrpcClientProtocolClient.java:onNext(264)) - client-964B0EA39D34->4234af2c-5377-4886-a4e8-6fe45d0af45e: receive RaftClientReply:client-964B0EA39D34->4234af2c-5377-4886-a4e8-6fe45d0af45e@group-A1165329A1F1, cid=4212, SUCCESS, logIndex=6395, commits[4234af2c-5377-4886-a4e8-6fe45d0af45e:c6395, cef72988-acf5-49ad-9ec7-695a80e7a66d:c6393, d677508c-6db9-4741-b51c-49af5e4cf22f:c6393]
2019-09-08 07:08:22,482 [grpc-default-executor-4] INFO  client.GrpcClientProtocolClient (GrpcClientProtocolClient.java:onNext(264)) - client-964B0EA39D34->4234af2c-5377-4886-a4e8-6fe45d0af45e: receive RaftClientReply:client-964B0EA39D34->4234af2c-5377-4886-a4e8-6fe45d0af45e@group-A1165329A1F1, cid=4213, SUCCESS, logIndex=6398, commits[4234af2c-5377-4886-a4e8-6fe45d0af45e:c6399, cef72988-acf5-49ad-9ec7-695a80e7a66d:c6395, d677508c-6db9-4741-b51c-49af5e4cf22f:c6397]
2019-09-08 07:08:22,483 [grpc-default-executor-4] INFO  client.GrpcClientProtocolClient (GrpcClientProtocolClient.java:onNext(264)) - client-964B0EA39D34->4234af2c-5377-4886-a4e8-6fe45d0af45e: receive RaftClientReply:client-964B0EA39D34->4234af2c-5377-4886-a4e8-6fe45d0af45e@group-A1165329A1F1, cid=4214, SUCCESS, logIndex=6399, commits[4234af2c-5377-4886-a4e8-6fe45d0af45e:c6399, cef72988-acf5-49ad-9ec7-695a80e7a66d:c6397, d677508c-6db9-4741-b51c-49af5e4cf22f:c6397]
2019-09-08 07:08:22,484 [grpc-default-executor-4] INFO  client.GrpcClientProtocolClient (GrpcClientProtocolClient.java:onNext(264)) - client-964B0EA39D34->4234af2c-5377-4886-a4e8-6fe45d0af45e: receive RaftClientReply:client-964B0EA39D34->4234af2c-5377-4886-a4e8-6fe45d0af45e@group-A1165329A1F1, cid=4215, SUCCESS, logIndex=0, commits[4234af2c-5377-4886-a4e8-6fe45d0af45e:c6400, cef72988-acf5-49ad-9ec7-695a80e7a66d:c6399, d677508c-6db9-4741-b51c-49af5e4cf22f:c6399]
2019-09-08 07:08:22,731 [grpc-default-executor-4] INFO  client.GrpcClientProtocolClient (GrpcClientProtocolClient.java:onNext(264)) - client-964B0EA39D34->4234af2c-5377-4886-a4e8-6fe45d0af45e: receive RaftClientReply:client-964B0EA39D34->4234af2c-5377-4886-a4e8-6fe45d0af45e@group-A1165329A1F1, cid=4216, SUCCESS, logIndex=6402, commits[4234af2c-5377-4886-a4e8-6fe45d0af45e:c6405, cef72988-acf5-49ad-9ec7-695a80e7a66d:c6401, d677508c-6db9-4741-b51c-49af5e4cf22f:c6401]
2019-09-08 07:08:22,732 [grpc-default-executor-4] INFO  client.GrpcClientProtocolClient (GrpcClientProtocolClient.java:onNext(264)) - client-964B0EA39D34->4234af2c-5377-4886-a4e8-6fe45d0af45e: receive RaftClientReply:client-964B0EA39D34->4234af2c-5377-4886-a4e8-6fe45d0af45e@group-A1165329A1F1, cid=4217, SUCCESS, logIndex=6403, commits[4234af2c-5377-4886-a4e8-6fe45d0af45e:c6405, cef72988-acf5-49ad-9ec7-695a80e7a66d:c6401, d677508c-6db9-4741-b51c-49af5e4cf22f:c6401]
2019-09-08 07:08:22,732 [grpc-default-executor-4] INFO  client.GrpcClientProtocolClient (GrpcClientProtocolClient.java:onNext(264)) - client-964B0EA39D34->4234af2c-5377-4886-a4e8-6fe45d0af45e: receive RaftClientReply:client-964B0EA39D34->4234af2c-5377-4886-a4e8-6fe45d0af45e@group-A1165329A1F1, cid=4218, SUCCESS, logIndex=6404, commits[4234af2c-5377-4886-a4e8-6fe45d0af45e:c6405, cef72988-acf5-49ad-9ec7-695a80e7a66d:c6401, d677508c-6db9-4741-b51c-49af5e4cf22f:c6401]
2019-09-08 07:08:22,732 [grpc-default-executor-4] INFO  client.GrpcClientProtocolClient (GrpcClientProtocolClient.java:onNext(264)) - client-964B0EA39D34->4234af2c-5377-4886-a4e8-6fe45d0af45e: receive RaftClientReply:client-964B0EA39D34->4234af2c-5377-4886-a4e8-6fe45d0af45e@group-A1165329A1F1, cid=4219, SUCCESS, logIndex=6405, commits[4234af2c-5377-4886-a4e8-6fe45d0af45e:c6405, cef72988-acf5-49ad-9ec7-695a80e7a66d:c6401, d677508c-6db9-4741-b51c-49af5e4cf22f:c6401]
2019-09-08 07:08:22,742 [grpc-default-executor-4] INFO  client.GrpcClientProtocolClient (GrpcClientProtocolClient.java:onNext(264)) - client-964B0EA39D34->4234af2c-5377-4886-a4e8-6fe45d0af45e: receive RaftClientReply:client-964B0EA39D34->4234af2c-5377-4886-a4e8-6fe45d0af45e@group-A1165329A1F1, cid=4220, SUCCESS, logIndex=0, commits[4234af2c-5377-4886-a4e8-6fe45d0af45e:c6406, cef72988-acf5-49ad-9ec7-695a80e7a66d:c6403, d677508c-6db9-4741-b51c-49af5e4cf22f:c6403]
2019-09-08 07:08:22,763 [grpc-default-executor-3] INFO  client.GrpcClientProtocolClient (GrpcClientProtocolClient.java:onNext(264)) - client-964B0EA39D34->4234af2c-5377-4886-a4e8-6fe45d0af45e: receive RaftClientReply:client-964B0EA39D34->4234af2c-5377-4886-a4e8-6fe45d0af45e@group-A1165329A1F1, cid=4221, SUCCESS, logIndex=6410, commits[4234af2c-5377-4886-a4e8-6fe45d0af45e:c6410, cef72988-acf5-49ad-9ec7-695a80e7a66d:c6409, d677508c-6db9-4741-b51c-49af5e4cf22f:c6409]
2019-09-08 07:08:22,763 [grpc-default-executor-3] INFO  client.GrpcClientProtocolClient (GrpcClientProtocolClient.java:onNext(264)) - client-964B0EA39D34->4234af2c-5377-4886-a4e8-6fe45d0af45e: receive RaftClientReply:client-964B0EA39D34->4234af2c-5377-4886-a4e8-6fe45d0af45e@group-A1165329A1F1, cid=4222, SUCCESS, logIndex=6411, commits[4234af2c-5377-4886-a4e8-6fe45d0af45e:c6411, cef72988-acf5-49ad-9ec7-695a80e7a66d:c6409, d677508c-6db9-4741-b51c-49af5e4cf22f:c6409]
2019-09-08 07:08:22,777 [grpc-default-executor-3] INFO  client.GrpcClientProtocolClient (GrpcClientProtocolClient.java:onNext(264)) - client-964B0EA39D34->4234af2c-5377-4886-a4e8-6fe45d0af45e: receive RaftClientReply:client-964B0EA39D34->4234af2c-5377-4886-a4e8-6fe45d0af45e@group-A1165329A1F1, cid=4223, SUCCESS, logIndex=6414, commits[4234af2c-5377-4886-a4e8-6fe45d0af45e:c6414, cef72988-acf5-49ad-9ec7-695a80e7a66d:c6411, d677508c-6db9-4741-b51c-49af5e4cf22f:c6411]
2019-09-08 07:08:22,777 [grpc-default-executor-3] INFO  client.GrpcClientProtocolClient (GrpcClientProtocolClient.java:onNext(264)) - client-964B0EA39D34->4234af2c-5377-4886-a4e8-6fe45d0af45e: receive RaftClientReply:client-964B0EA39D34->4234af2c-5377-4886-a4e8-6fe45d0af45e@group-A1165329A1F1, cid=4224, SUCCESS, logIndex=6415, commits[4234af2c-5377-4886-a4e8-6fe45d0af45e:c6415, cef72988-acf5-49ad-9ec7-695a80e7a66d:c6411, d677508c-6db9-4741-b51c-49af5e4cf22f:c6411]
2019-09-08 07:08:22,790 [grpc-default-executor-3] INFO  client.GrpcClientProtocolClient (GrpcClientProtocolClient.java:onNext(264)) - client-964B0EA39D34->4234af2c-5377-4886-a4e8-6fe45d0af45e: receive RaftClientReply:client-964B0EA39D34->4234af2c-5377-4886-a4e8-6fe45d0af45e@group-A1165329A1F1, cid=4225, SUCCESS, logIndex=0, commits[4234af2c-5377-4886-a4e8-6fe45d0af45e:c6417, cef72988-acf5-49ad-9ec7-695a80e7a66d:c6415, d677508c-6db9-4741-b51c-49af5e4cf22f:c6415]
2019-09-08 07:08:22,829 [grpc-default-executor-4] INFO  client.GrpcClientProtocolClient (GrpcClientProtocolClient.java:onNext(264)) - client-964B0EA39D34->4234af2c-5377-4886-a4e8-6fe45d0af45e: receive RaftClientReply:client-964B0EA39D34->4234af2c-5377-4886-a4e8-6fe45d0af45e@group-A1165329A1F1, cid=4226, SUCCESS, logIndex=6418, commits[4234af2c-5377-4886-a4e8-6fe45d0af45e:c6421, cef72988-acf5-49ad-9ec7-695a80e7a66d:c6417, d677508c-6db9-4741-b51c-49af5e4cf22f:c6417]
2019-09-08 07:08:22,830 [grpc-default-executor-4] INFO  client.GrpcClientProtocolClient (GrpcClientProtocolClient.java:onNext(264)) - client-964B0EA39D34->4234af2c-5377-4886-a4e8-6fe45d0af45e: receive RaftClientReply:client-964B0EA39D34->4234af2c-5377-4886-a4e8-6fe45d0af45e@group-A1165329A1F1, cid=4227, SUCCESS, logIndex=6419, commits[4234af2c-5377-4886-a4e8-6fe45d0af45e:c6421, cef72988-acf5-49ad-9ec7-695a80e7a66d:c6417, d677508c-6db9-4741-b51c-49af5e4cf22f:c6417]
2019-09-08 07:08:22,830 [grpc-default-executor-4] INFO  client.GrpcClientProtocolClient (GrpcClientProtocolClient.java:onNext(264)) - client-964B0EA39D34->4234af2c-5377-4886-a4e8-6fe45d0af45e: receive RaftClientReply:client-964B0EA39D34->4234af2c-5377-4886-a4e8-6fe45d0af45e@group-A1165329A1F1, cid=4228, SUCCESS, logIndex=6420, commits[4234af2c-5377-4886-a4e8-6fe45d0af45e:c6421, cef72988-acf5-49ad-9ec7-695a80e7a66d:c6417, d677508c-6db9-4741-b51c-49af5e4cf22f:c6417]
2019-09-08 07:08:22,830 [grpc-default-executor-4] INFO  client.GrpcClientProtocolClient (GrpcClientProtocolClient.java:onNext(264)) - client-964B0EA39D34->4234af2c-5377-4886-a4e8-6fe45d0af45e: receive RaftClientReply:client-964B0EA39D34->4234af2c-5377-4886-a4e8-6fe45d0af45e@group-A1165329A1F1, cid=4229, SUCCESS, logIndex=6421, commits[4234af2c-5377-4886-a4e8-6fe45d0af45e:c6421, cef72988-acf5-49ad-9ec7-695a80e7a66d:c6417, d677508c-6db9-4741-b51c-49af5e4cf22f:c6417]
2019-09-08 07:08:22,840 [grpc-default-executor-3] INFO  client.GrpcClientProtocolClient (GrpcClientProtocolClient.java:onNext(264)) - client-964B0EA39D34->4234af2c-5377-4886-a4e8-6fe45d0af45e: receive RaftClientReply:client-964B0EA39D34->4234af2c-5377-4886-a4e8-6fe45d0af45e@group-A1165329A1F1, cid=4230, SUCCESS, logIndex=0, commits[4234af2c-5377-4886-a4e8-6fe45d0af45e:c6423, cef72988-acf5-49ad-9ec7-695a80e7a66d:c6419, d677508c-6db9-4741-b51c-49af5e4cf22f:c6419]
2019-09-08 07:08:22,858 [grpc-default-executor-0] INFO  client.GrpcClientProtocolClient (GrpcClientProtocolClient.java:onNext(264)) - client-964B0EA39D34->4234af2c-5377-4886-a4e8-6fe45d0af45e: receive RaftClientReply:client-964B0EA39D34->4234af2c-5377-4886-a4e8-6fe45d0af45e@group-A1165329A1F1, cid=4231, SUCCESS, logIndex=6426, commits[4234af2c-5377-4886-a4e8-6fe45d0af45e:c6427, cef72988-acf5-49ad-9ec7-695a80e7a66d:c6425, d677508c-6db9-4741-b51c-49af5e4cf22f:c6425]
2019-09-08 07:08:22,858 [grpc-default-executor-0] INFO  client.GrpcClientProtocolClient (GrpcClientProtocolClient.java:onNext(264)) - client-964B0EA39D34->4234af2c-5377-4886-a4e8-6fe45d0af45e: receive RaftClientReply:client-964B0EA39D34->4234af2c-5377-4886-a4e8-6fe45d0af45e@group-A1165329A1F1, cid=4232, SUCCESS, logIndex=6427, commits[4234af2c-5377-4886-a4e8-6fe45d0af45e:c6427, cef72988-acf5-49ad-9ec7-695a80e7a66d:c6425, d677508c-6db9-4741-b51c-49af5e4cf22f:c6425]
2019-09-08 07:08:22,903 [grpc-default-executor-0] INFO  client.GrpcClientProtocolClient (GrpcClientProtocolClient.java:onNext(264)) - client-964B0EA39D34->4234af2c-5377-4886-a4e8-6fe45d0af45e: receive RaftClientReply:client-964B0EA39D34->4234af2c-5377-4886-a4e8-6fe45d0af45e@group-A1165329A1F1, cid=4233, SUCCESS, logIndex=6430, commits[4234af2c-5377-4886-a4e8-6fe45d0af45e:c6431, cef72988-acf5-49ad-9ec7-695a80e7a66d:c6426, d677508c-6db9-4741-b51c-49af5e4cf22f:c6427]
2019-09-08 07:08:22,904 [grpc-default-executor-0] INFO  client.GrpcClientProtocolClient (GrpcClientProtocolClient.java:onNext(264)) - client-964B0EA39D34->4234af2c-5377-4886-a4e8-6fe45d0af45e: receive RaftClientReply:client-964B0EA39D34->4234af2c-5377-4886-a4e8-6fe45d0af45e@group-A1165329A1F1, cid=4234, SUCCESS, logIndex=6431, commits[4234af2c-5377-4886-a4e8-6fe45d0af45e:c6431, cef72988-acf5-49ad-9ec7-695a80e7a66d:c6427, d677508c-6db9-4741-b51c-49af5e4cf22f:c6427]
2019-09-08 07:08:22,916 [grpc-default-executor-0] INFO  client.GrpcClientProtocolClient (GrpcClientProtocolClient.java:onNext(264)) - client-964B0EA39D34->4234af2c-5377-4886-a4e8-6fe45d0af45e: receive RaftClientReply:client-964B0EA39D34->4234af2c-5377-4886-a4e8-6fe45d0af45e@group-A1165329A1F1, cid=4235, SUCCESS, logIndex=0, commits[4234af2c-5377-4886-a4e8-6fe45d0af45e:c6433, cef72988-acf5-49ad-9ec7-695a80e7a66d:c6431, d677508c-6db9-4741-b51c-49af5e4cf22f:c6431]
2019-09-08 07:08:22,950 [grpc-default-executor-6] INFO  client.GrpcClientProtocolClient (GrpcClientProtocolClient.java:onNext(264)) - client-964B0EA39D34->4234af2c-5377-4886-a4e8-6fe45d0af45e: receive RaftClientReply:client-964B0EA39D34->4234af2c-5377-4886-a4e8-6fe45d0af45e@group-A1165329A1F1, cid=4236, SUCCESS, logIndex=6434, commits[4234af2c-5377-4886-a4e8-6fe45d0af45e:c6437, cef72988-acf5-49ad-9ec7-695a80e7a66d:c6433, d677508c-6db9-4741-b51c-49af5e4cf22f:c6433]
2019-09-08 07:08:22,951 [grpc-default-executor-6] INFO  client.GrpcClientProtocolClient (GrpcClientProtocolClient.java:onNext(264)) - client-964B0EA39D34->4234af2c-5377-4886-a4e8-6fe45d0af45e: receive RaftClientReply:client-964B0EA39D34->4234af2c-5377-4886-a4e8-6fe45d0af45e@group-A1165329A1F1, cid=4237, SUCCESS, logIndex=6435, commits[4234af2c-5377-4886-a4e8-6fe45d0af45e:c6437, cef72988-acf5-49ad-9ec7-695a80e7a66d:c6433, d677508c-6db9-4741-b51c-49af5e4cf22f:c6433]
2019-09-08 07:08:22,951 [grpc-default-executor-6] INFO  client.GrpcClientProtocolClient (GrpcClientProtocolClient.java:onNext(264)) - client-964B0EA39D34->4234af2c-5377-4886-a4e8-6fe45d0af45e: receive RaftClientReply:client-964B0EA39D34->4234af2c-5377-4886-a4e8-6fe45d0af45e@group-A1165329A1F1, cid=4238, SUCCESS, logIndex=6436, commits[4234af2c-5377-4886-a4e8-6fe45d0af45e:c6437, cef72988-acf5-49ad-9ec7-695a80e7a66d:c6433, d677508c-6db9-4741-b51c-49af5e4cf22f:c6433]
2019-09-08 07:08:22,951 [grpc-default-executor-6] INFO  client.GrpcClientProtocolClient (GrpcClientProtocolClient.java:onNext(264)) - client-964B0EA39D34->4234af2c-5377-4886-a4e8-6fe45d0af45e: receive RaftClientReply:client-964B0EA39D34->4234af2c-5377-4886-a4e8-6fe45d0af45e@group-A1165329A1F1, cid=4239, SUCCESS, logIndex=6437, commits[4234af2c-5377-4886-a4e8-6fe45d0af45e:c6437, cef72988-acf5-49ad-9ec7-695a80e7a66d:c6433, d677508c-6db9-4741-b51c-49af5e4cf22f:c6433]
2019-09-08 07:08:22,963 [grpc-default-executor-6] INFO  client.GrpcClientProtocolClient (GrpcClientProtocolClient.java:onNext(264)) - client-964B0EA39D34->4234af2c-5377-4886-a4e8-6fe45d0af45e: receive RaftClientReply:client-964B0EA39D34->4234af2c-5377-4886-a4e8-6fe45d0af45e@group-A1165329A1F1, cid=4240, SUCCESS, logIndex=0, commits[4234af2c-5377-4886-a4e8-6fe45d0af45e:c6438, cef72988-acf5-49ad-9ec7-695a80e7a66d:c6435, d677508c-6db9-4741-b51c-49af5e4cf22f:c6435]
2019-09-08 07:08:22,984 [grpc-default-executor-6] INFO  client.GrpcClientProtocolClient (GrpcClientProtocolClient.java:onNext(264)) - client-964B0EA39D34->4234af2c-5377-4886-a4e8-6fe45d0af45e: receive RaftClientReply:client-964B0EA39D34->4234af2c-5377-4886-a4e8-6fe45d0af45e@group-A1165329A1F1, cid=4241, SUCCESS, logIndex=6442, commits[4234af2c-5377-4886-a4e8-6fe45d0af45e:c6443, cef72988-acf5-49ad-9ec7-695a80e7a66d:c6441, d677508c-6db9-4741-b51c-49af5e4cf22f:c6437]
2019-09-08 07:08:22,984 [grpc-default-executor-6] INFO  client.GrpcClientProtocolClient (GrpcClientProtocolClient.java:onNext(264)) - client-964B0EA39D34->4234af2c-5377-4886-a4e8-6fe45d0af45e: receive RaftClientReply:client-964B0EA39D34->4234af2c-5377-4886-a4e8-6fe45d0af45e@group-A1165329A1F1, cid=4242, SUCCESS, logIndex=6443, commits[4234af2c-5377-4886-a4e8-6fe45d0af45e:c6443, cef72988-acf5-49ad-9ec7-695a80e7a66d:c6441, d677508c-6db9-4741-b51c-49af5e4cf22f:c6437]
2019-09-08 07:08:22,996 [grpc-default-executor-0] INFO  client.GrpcClientProtocolClient (GrpcClientProtocolClient.java:onNext(264)) - client-964B0EA39D34->4234af2c-5377-4886-a4e8-6fe45d0af45e: receive RaftClientReply:client-964B0EA39D34->4234af2c-5377-4886-a4e8-6fe45d0af45e@group-A1165329A1F1, cid=4243, SUCCESS, logIndex=6446, commits[4234af2c-5377-4886-a4e8-6fe45d0af45e:c6446, cef72988-acf5-49ad-9ec7-695a80e7a66d:c6443, d677508c-6db9-4741-b51c-49af5e4cf22f:c6443]
2019-09-08 07:08:22,997 [grpc-default-executor-0] INFO  client.GrpcClientProtocolClient (GrpcClientProtocolClient.java:onNext(264)) - client-964B0EA39D34->4234af2c-5377-4886-a4e8-6fe45d0af45e: receive RaftClientReply:client-964B0EA39D34->4234af2c-5377-4886-a4e8-6fe45d0af45e@group-A1165329A1F1, cid=4244, SUCCESS, logIndex=6447, commits[4234af2c-5377-4886-a4e8-6fe45d0af45e:c6447, cef72988-acf5-49ad-9ec7-695a80e7a66d:c6443, d677508c-6db9-4741-b51c-49af5e4cf22f:c6443]
2019-09-08 07:08:23,009 [grpc-default-executor-0] INFO  client.GrpcClientProtocolClient (GrpcClientProtocolClient.java:onNext(264)) - client-964B0EA39D34->4234af2c-5377-4886-a4e8-6fe45d0af45e: receive RaftClientReply:client-964B0EA39D34->4234af2c-5377-4886-a4e8-6fe45d0af45e@group-A1165329A1F1, cid=4245, SUCCESS, logIndex=0, commits[4234af2c-5377-4886-a4e8-6fe45d0af45e:c6449, cef72988-acf5-49ad-9ec7-695a80e7a66d:c6447, d677508c-6db9-4741-b51c-49af5e4cf22f:c6447]
2019-09-08 07:08:23,049 [grpc-default-executor-0] INFO  client.GrpcClientProtocolClient (GrpcClientProtocolClient.java:onNext(264)) - client-964B0EA39D34->4234af2c-5377-4886-a4e8-6fe45d0af45e: receive RaftClientReply:client-964B0EA39D34->4234af2c-5377-4886-a4e8-6fe45d0af45e@group-A1165329A1F1, cid=4246, SUCCESS, logIndex=6450, commits[4234af2c-5377-4886-a4e8-6fe45d0af45e:c6451, cef72988-acf5-49ad-9ec7-695a80e7a66d:c6449, d677508c-6db9-4741-b51c-49af5e4cf22f:c6449]
2019-09-08 07:08:23,050 [grpc-default-executor-0] INFO  client.GrpcClientProtocolClient (GrpcClientProtocolClient.java:onNext(264)) - client-964B0EA39D34->4234af2c-5377-4886-a4e8-6fe45d0af45e: receive RaftClientReply:client-964B0EA39D34->4234af2c-5377-4886-a4e8-6fe45d0af45e@group-A1165329A1F1, cid=4247, SUCCESS, logIndex=6451, commits[4234af2c-5377-4886-a4e8-6fe45d0af45e:c6453, cef72988-acf5-49ad-9ec7-695a80e7a66d:c6449, d677508c-6db9-4741-b51c-49af5e4cf22f:c6449]
2019-09-08 07:08:23,051 [grpc-default-executor-4] INFO  client.GrpcClientProtocolClient (GrpcClientProtocolClient.java:onNext(264)) - client-964B0EA39D34->4234af2c-5377-4886-a4e8-6fe45d0af45e: receive RaftClientReply:client-964B0EA39D34->4234af2c-5377-4886-a4e8-6fe45d0af45e@group-A1165329A1F1, cid=4248, SUCCESS, logIndex=6452, commits[4234af2c-5377-4886-a4e8-6fe45d0af45e:c6453, cef72988-acf5-49ad-9ec7-695a80e7a66d:c6449, d677508c-6db9-4741-b51c-49af5e4cf22f:c6449]
2019-09-08 07:08:23,051 [grpc-default-executor-4] INFO  client.GrpcClientProtocolClient (GrpcClientProtocolClient.java:onNext(264)) - client-964B0EA39D34->4234af2c-5377-4886-a4e8-6fe45d0af45e: receive RaftClientReply:client-964B0EA39D34->4234af2c-5377-4886-a4e8-6fe45d0af45e@group-A1165329A1F1, cid=4249, SUCCESS, logIndex=6453, commits[4234af2c-5377-4886-a4e8-6fe45d0af45e:c6453, cef72988-acf5-49ad-9ec7-695a80e7a66d:c6449, d677508c-6db9-4741-b51c-49af5e4cf22f:c6449]
2019-09-08 07:08:23,052 [grpc-default-executor-4] INFO  client.GrpcClientProtocolClient (GrpcClientProtocolClient.java:onNext(264)) - client-964B0EA39D34->4234af2c-5377-4886-a4e8-6fe45d0af45e: receive RaftClientReply:client-964B0EA39D34->4234af2c-5377-4886-a4e8-6fe45d0af45e@group-A1165329A1F1, cid=4250, SUCCESS, logIndex=0, commits[4234af2c-5377-4886-a4e8-6fe45d0af45e:c6457, cef72988-acf5-49ad-9ec7-695a80e7a66d:c6453, d677508c-6db9-4741-b51c-49af5e4cf22f:c6453]
2019-09-08 07:08:23,073 [grpc-default-executor-6] INFO  client.GrpcClientProtocolClient (GrpcClientProtocolClient.java:onNext(264)) - client-964B0EA39D34->4234af2c-5377-4886-a4e8-6fe45d0af45e: receive RaftClientReply:client-964B0EA39D34->4234af2c-5377-4886-a4e8-6fe45d0af45e@group-A1165329A1F1, cid=4251, SUCCESS, logIndex=6458, commits[4234af2c-5377-4886-a4e8-6fe45d0af45e:c6459, cef72988-acf5-49ad-9ec7-695a80e7a66d:c6457, d677508c-6db9-4741-b51c-49af5e4cf22f:c6457]
2019-09-08 07:08:23,074 [grpc-default-executor-6] INFO  client.GrpcClientProtocolClient (GrpcClientProtocolClient.java:onNext(264)) - client-964B0EA39D34->4234af2c-5377-4886-a4e8-6fe45d0af45e: receive RaftClientReply:client-964B0EA39D34->4234af2c-5377-4886-a4e8-6fe45d0af45e@group-A1165329A1F1, cid=4252, SUCCESS, logIndex=6459, commits[4234af2c-5377-4886-a4e8-6fe45d0af45e:c6459, cef72988-acf5-49ad-9ec7-695a80e7a66d:c6457, d677508c-6db9-4741-b51c-49af5e4cf22f:c6457]
2019-09-08 07:08:23,087 [grpc-default-executor-6] INFO  client.GrpcClientProtocolClient (GrpcClientProtocolClient.java:onNext(264)) - client-964B0EA39D34->4234af2c-5377-4886-a4e8-6fe45d0af45e: receive RaftClientReply:client-964B0EA39D34->4234af2c-5377-4886-a4e8-6fe45d0af45e@group-A1165329A1F1, cid=4253, SUCCESS, logIndex=6462, commits[4234af2c-5377-4886-a4e8-6fe45d0af45e:c6463, cef72988-acf5-49ad-9ec7-695a80e7a66d:c6459, d677508c-6db9-4741-b51c-49af5e4cf22f:c6459]
2019-09-08 07:08:23,088 [grpc-default-executor-6] INFO  client.GrpcClientProtocolClient (GrpcClientProtocolClient.java:onNext(264)) - client-964B0EA39D34->4234af2c-5377-4886-a4e8-6fe45d0af45e: receive RaftClientReply:client-964B0EA39D34->4234af2c-5377-4886-a4e8-6fe45d0af45e@group-A1165329A1F1, cid=4254, SUCCESS, logIndex=6463, commits[4234af2c-5377-4886-a4e8-6fe45d0af45e:c6463, cef72988-acf5-49ad-9ec7-695a80e7a66d:c6459, d677508c-6db9-4741-b51c-49af5e4cf22f:c6459]
2019-09-08 07:08:23,164 [grpc-default-executor-6] INFO  client.GrpcClientProtocolClient (GrpcClientProtocolClient.java:onNext(264)) - client-964B0EA39D34->4234af2c-5377-4886-a4e8-6fe45d0af45e: receive RaftClientReply:client-964B0EA39D34->4234af2c-5377-4886-a4e8-6fe45d0af45e@group-A1165329A1F1, cid=4255, SUCCESS, logIndex=0, commits[4234af2c-5377-4886-a4e8-6fe45d0af45e:c6464, cef72988-acf5-49ad-9ec7-695a80e7a66d:c6463, d677508c-6db9-4741-b51c-49af5e4cf22f:c6463]
2019-09-08 07:08:23,208 [grpc-default-executor-6] INFO  client.GrpcClientProtocolClient (GrpcClientProtocolClient.java:onNext(264)) - client-964B0EA39D34->4234af2c-5377-4886-a4e8-6fe45d0af45e: receive RaftClientReply:client-964B0EA39D34->4234af2c-5377-4886-a4e8-6fe45d0af45e@group-A1165329A1F1, cid=4256, SUCCESS, logIndex=6466, commits[4234af2c-5377-4886-a4e8-6fe45d0af45e:c6467, cef72988-acf5-49ad-9ec7-695a80e7a66d:c6465, d677508c-6db9-4741-b51c-49af5e4cf22f:c6465]
2019-09-08 07:08:23,209 [grpc-default-executor-6] INFO  client.GrpcClientProtocolClient (GrpcClientProtocolClient.java:onNext(264)) - client-964B0EA39D34->4234af2c-5377-4886-a4e8-6fe45d0af45e: receive RaftClientReply:client-964B0EA39D34->4234af2c-5377-4886-a4e8-6fe45d0af45e@group-A1165329A1F1, cid=4257, SUCCESS, logIndex=6467, commits[4234af2c-5377-4886-a4e8-6fe45d0af45e:c6469, cef72988-acf5-49ad-9ec7-695a80e7a66d:c6465, d677508c-6db9-4741-b51c-49af5e4cf22f:c6465]
2019-09-08 07:08:23,209 [grpc-default-executor-6] INFO  client.GrpcClientProtocolClient (GrpcClientProtocolClient.java:onNext(264)) - client-964B0EA39D34->4234af2c-5377-4886-a4e8-6fe45d0af45e: receive RaftClientReply:client-964B0EA39D34->4234af2c-5377-4886-a4e8-6fe45d0af45e@group-A1165329A1F1, cid=4258, SUCCESS, logIndex=6468, commits[4234af2c-5377-4886-a4e8-6fe45d0af45e:c6469, cef72988-acf5-49ad-9ec7-695a80e7a66d:c6465, d677508c-6db9-4741-b51c-49af5e4cf22f:c6465]
2019-09-08 07:08:23,210 [grpc-default-executor-4] INFO  client.GrpcClientProtocolClient (GrpcClientProtocolClient.java:onNext(264)) - client-964B0EA39D34->4234af2c-5377-4886-a4e8-6fe45d0af45e: receive RaftClientReply:client-964B0EA39D34->4234af2c-5377-4886-a4e8-6fe45d0af45e@group-A1165329A1F1, cid=4259, SUCCESS, logIndex=6469, commits[4234af2c-5377-4886-a4e8-6fe45d0af45e:c6469, cef72988-acf5-49ad-9ec7-695a80e7a66d:c6465, d677508c-6db9-4741-b51c-49af5e4cf22f:c6465]
2019-09-08 07:08:23,211 [grpc-default-executor-6] INFO  client.GrpcClientProtocolClient (GrpcClientProtocolClient.java:onNext(264)) - client-964B0EA39D34->4234af2c-5377-4886-a4e8-6fe45d0af45e: receive RaftClientReply:client-964B0EA39D34->4234af2c-5377-4886-a4e8-6fe45d0af45e@group-A1165329A1F1, cid=4260, SUCCESS, logIndex=0, commits[4234af2c-5377-4886-a4e8-6fe45d0af45e:c6470, cef72988-acf5-49ad-9ec7-695a80e7a66d:c6467, d677508c-6db9-4741-b51c-49af5e4cf22f:c6467]
2019-09-08 07:08:23,226 [grpc-default-executor-0] INFO  client.GrpcClientProtocolClient (GrpcClientProtocolClient.java:onNext(264)) - client-964B0EA39D34->4234af2c-5377-4886-a4e8-6fe45d0af45e: receive RaftClientReply:client-964B0EA39D34->4234af2c-5377-4886-a4e8-6fe45d0af45e@group-A1165329A1F1, cid=4261, SUCCESS, logIndex=6473, commits[4234af2c-5377-4886-a4e8-6fe45d0af45e:c6474, cef72988-acf5-49ad-9ec7-695a80e7a66d:c6472, d677508c-6db9-4741-b51c-49af5e4cf22f:c6472]
2019-09-08 07:08:23,226 [grpc-default-executor-0] INFO  client.GrpcClientProtocolClient (GrpcClientProtocolClient.java:onNext(264)) - client-964B0EA39D34->4234af2c-5377-4886-a4e8-6fe45d0af45e: receive RaftClientReply:client-964B0EA39D34->4234af2c-5377-4886-a4e8-6fe45d0af45e@group-A1165329A1F1, cid=4262, SUCCESS, logIndex=6474, commits[4234af2c-5377-4886-a4e8-6fe45d0af45e:c6474, cef72988-acf5-49ad-9ec7-695a80e7a66d:c6472, d677508c-6db9-4741-b51c-49af5e4cf22f:c6472]
 0.00% |█                                                                                                    |  0/1 Time: 0:01:032019-09-08 07:08:23,245 [grpc-default-executor-4] INFO  client.GrpcClientProtocolClient (GrpcClientProtocolClient.java:onNext(264)) - client-964B0EA39D34->4234af2c-5377-4886-a4e8-6fe45d0af45e: receive RaftClientReply:client-964B0EA39D34->4234af2c-5377-4886-a4e8-6fe45d0af45e@group-A1165329A1F1, cid=4263, SUCCESS, logIndex=6477, commits[4234af2c-5377-4886-a4e8-6fe45d0af45e:c6477, cef72988-acf5-49ad-9ec7-695a80e7a66d:c6476, d677508c-6db9-4741-b51c-49af5e4cf22f:c6476]
2019-09-08 07:08:23,245 [grpc-default-executor-4] INFO  client.GrpcClientProtocolClient (GrpcClientProtocolClient.java:onNext(264)) - client-964B0EA39D34->4234af2c-5377-4886-a4e8-6fe45d0af45e: receive RaftClientReply:client-964B0EA39D34->4234af2c-5377-4886-a4e8-6fe45d0af45e@group-A1165329A1F1, cid=4264, SUCCESS, logIndex=6478, commits[4234af2c-5377-4886-a4e8-6fe45d0af45e:c6478, cef72988-acf5-49ad-9ec7-695a80e7a66d:c6476, d677508c-6db9-4741-b51c-49af5e4cf22f:c6476]
2019-09-08 07:08:23,248 [grpc-default-executor-4] INFO  client.GrpcClientProtocolClient (GrpcClientProtocolClient.java:onNext(264)) - client-964B0EA39D34->4234af2c-5377-4886-a4e8-6fe45d0af45e: receive RaftClientReply:client-964B0EA39D34->4234af2c-5377-4886-a4e8-6fe45d0af45e@group-A1165329A1F1, cid=4265, SUCCESS, logIndex=0, commits[4234af2c-5377-4886-a4e8-6fe45d0af45e:c6480, cef72988-acf5-49ad-9ec7-695a80e7a66d:c6478, d677508c-6db9-4741-b51c-49af5e4cf22f:c6478]
2019-09-08 07:08:23,287 [grpc-default-executor-4] INFO  client.GrpcClientProtocolClient (GrpcClientProtocolClient.java:onNext(264)) - client-964B0EA39D34->4234af2c-5377-4886-a4e8-6fe45d0af45e: receive RaftClientReply:client-964B0EA39D34->4234af2c-5377-4886-a4e8-6fe45d0af45e@group-A1165329A1F1, cid=4266, SUCCESS, logIndex=6481, commits[4234af2c-5377-4886-a4e8-6fe45d0af45e:c6482, cef72988-acf5-49ad-9ec7-695a80e7a66d:c6480, d677508c-6db9-4741-b51c-49af5e4cf22f:c6480]
2019-09-08 07:08:23,287 [grpc-default-executor-4] INFO  client.GrpcClientProtocolClient (GrpcClientProtocolClient.java:onNext(264)) - client-964B0EA39D34->4234af2c-5377-4886-a4e8-6fe45d0af45e: receive RaftClientReply:client-964B0EA39D34->4234af2c-5377-4886-a4e8-6fe45d0af45e@group-A1165329A1F1, cid=4267, SUCCESS, logIndex=6482, commits[4234af2c-5377-4886-a4e8-6fe45d0af45e:c6482, cef72988-acf5-49ad-9ec7-695a80e7a66d:c6480, d677508c-6db9-4741-b51c-49af5e4cf22f:c6480]
2019-09-08 07:08:23,288 [grpc-default-executor-4] INFO  client.GrpcClientProtocolClient (GrpcClientProtocolClient.java:onNext(264)) - client-964B0EA39D34->4234af2c-5377-4886-a4e8-6fe45d0af45e: receive RaftClientReply:client-964B0EA39D34->4234af2c-5377-4886-a4e8-6fe45d0af45e@group-A1165329A1F1, cid=4268, SUCCESS, logIndex=6483, commits[4234af2c-5377-4886-a4e8-6fe45d0af45e:c6484, cef72988-acf5-49ad-9ec7-695a80e7a66d:c6480, d677508c-6db9-4741-b51c-49af5e4cf22f:c6480]
2019-09-08 07:08:23,288 [grpc-default-executor-4] INFO  client.GrpcClientProtocolClient (GrpcClientProtocolClient.java:onNext(264)) - client-964B0EA39D34->4234af2c-5377-4886-a4e8-6fe45d0af45e: receive RaftClientReply:client-964B0EA39D34->4234af2c-5377-4886-a4e8-6fe45d0af45e@group-A1165329A1F1, cid=4269, SUCCESS, logIndex=6484, commits[4234af2c-5377-4886-a4e8-6fe45d0af45e:c6484, cef72988-acf5-49ad-9ec7-695a80e7a66d:c6480, d677508c-6db9-4741-b51c-49af5e4cf22f:c6480]
2019-09-08 07:08:23,290 [grpc-default-executor-4] INFO  client.GrpcClientProtocolClient (GrpcClientProtocolClient.java:onNext(264)) - client-964B0EA39D34->4234af2c-5377-4886-a4e8-6fe45d0af45e: receive RaftClientReply:client-964B0EA39D34->4234af2c-5377-4886-a4e8-6fe45d0af45e@group-A1165329A1F1, cid=4270, SUCCESS, logIndex=0, commits[4234af2c-5377-4886-a4e8-6fe45d0af45e:c6486, cef72988-acf5-49ad-9ec7-695a80e7a66d:c6482, d677508c-6db9-4741-b51c-49af5e4cf22f:c6482]
2019-09-08 07:08:23,310 [grpc-default-executor-6] INFO  client.GrpcClientProtocolClient (GrpcClientProtocolClient.java:onNext(264)) - client-964B0EA39D34->4234af2c-5377-4886-a4e8-6fe45d0af45e: receive RaftClientReply:client-964B0EA39D34->4234af2c-5377-4886-a4e8-6fe45d0af45e@group-A1165329A1F1, cid=4271, SUCCESS, logIndex=6489, commits[4234af2c-5377-4886-a4e8-6fe45d0af45e:c6490, cef72988-acf5-49ad-9ec7-695a80e7a66d:c6488, d677508c-6db9-4741-b51c-49af5e4cf22f:c6488]
2019-09-08 07:08:23,310 [grpc-default-executor-6] INFO  client.GrpcClientProtocolClient (GrpcClientProtocolClient.java:onNext(264)) - client-964B0EA39D34->4234af2c-5377-4886-a4e8-6fe45d0af45e: receive RaftClientReply:client-964B0EA39D34->4234af2c-5377-4886-a4e8-6fe45d0af45e@group-A1165329A1F1, cid=4272, SUCCESS, logIndex=6490, commits[4234af2c-5377-4886-a4e8-6fe45d0af45e:c6490, cef72988-acf5-49ad-9ec7-695a80e7a66d:c6488, d677508c-6db9-4741-b51c-49af5e4cf22f:c6488]
2019-09-08 07:08:23,324 [grpc-default-executor-6] INFO  client.GrpcClientProtocolClient (GrpcClientProtocolClient.java:onNext(264)) - client-964B0EA39D34->4234af2c-5377-4886-a4e8-6fe45d0af45e: receive RaftClientReply:client-964B0EA39D34->4234af2c-5377-4886-a4e8-6fe45d0af45e@group-A1165329A1F1, cid=4273, SUCCESS, logIndex=6493, commits[4234af2c-5377-4886-a4e8-6fe45d0af45e:c6494, cef72988-acf5-49ad-9ec7-695a80e7a66d:c6490, d677508c-6db9-4741-b51c-49af5e4cf22f:c6490]
2019-09-08 07:08:23,325 [grpc-default-executor-6] INFO  client.GrpcClientProtocolClient (GrpcClientProtocolClient.java:onNext(264)) - client-964B0EA39D34->4234af2c-5377-4886-a4e8-6fe45d0af45e: receive RaftClientReply:client-964B0EA39D34->4234af2c-5377-4886-a4e8-6fe45d0af45e@group-A1165329A1F1, cid=4274, SUCCESS, logIndex=6494, commits[4234af2c-5377-4886-a4e8-6fe45d0af45e:c6494, cef72988-acf5-49ad-9ec7-695a80e7a66d:c6490, d677508c-6db9-4741-b51c-49af5e4cf22f:c6490]
2019-09-08 07:08:23,336 [grpc-default-executor-6] INFO  client.GrpcClientProtocolClient (GrpcClientProtocolClient.java:onNext(264)) - client-964B0EA39D34->4234af2c-5377-4886-a4e8-6fe45d0af45e: receive RaftClientReply:client-964B0EA39D34->4234af2c-5377-4886-a4e8-6fe45d0af45e@group-A1165329A1F1, cid=4275, SUCCESS, logIndex=0, commits[4234af2c-5377-4886-a4e8-6fe45d0af45e:c6495, cef72988-acf5-49ad-9ec7-695a80e7a66d:c6494, d677508c-6db9-4741-b51c-49af5e4cf22f:c6494]
2019-09-08 07:08:23,367 [grpc-default-executor-6] INFO  client.GrpcClientProtocolClient (GrpcClientProtocolClient.java:onNext(264)) - client-964B0EA39D34->4234af2c-5377-4886-a4e8-6fe45d0af45e: receive RaftClientReply:client-964B0EA39D34->4234af2c-5377-4886-a4e8-6fe45d0af45e@group-A1165329A1F1, cid=4276, SUCCESS, logIndex=6497, commits[4234af2c-5377-4886-a4e8-6fe45d0af45e:c6498, cef72988-acf5-49ad-9ec7-695a80e7a66d:c6496, d677508c-6db9-4741-b51c-49af5e4cf22f:c6496]
2019-09-08 07:08:23,368 [grpc-default-executor-4] INFO  client.GrpcClientProtocolClient (GrpcClientProtocolClient.java:onNext(264)) - client-964B0EA39D34->4234af2c-5377-4886-a4e8-6fe45d0af45e: receive RaftClientReply:client-964B0EA39D34->4234af2c-5377-4886-a4e8-6fe45d0af45e@group-A1165329A1F1, cid=4277, SUCCESS, logIndex=6498, commits[4234af2c-5377-4886-a4e8-6fe45d0af45e:c6498, cef72988-acf5-49ad-9ec7-695a80e7a66d:c6496, d677508c-6db9-4741-b51c-49af5e4cf22f:c6496]
2019-09-08 07:08:23,368 [grpc-default-executor-4] INFO  client.GrpcClientProtocolClient (GrpcClientProtocolClient.java:onNext(264)) - client-964B0EA39D34->4234af2c-5377-4886-a4e8-6fe45d0af45e: receive RaftClientReply:client-964B0EA39D34->4234af2c-5377-4886-a4e8-6fe45d0af45e@group-A1165329A1F1, cid=4278, SUCCESS, logIndex=6499, commits[4234af2c-5377-4886-a4e8-6fe45d0af45e:c6500, cef72988-acf5-49ad-9ec7-695a80e7a66d:c6496, d677508c-6db9-4741-b51c-49af5e4cf22f:c6496]
2019-09-08 07:08:23,369 [grpc-default-executor-6] INFO  client.GrpcClientProtocolClient (GrpcClientProtocolClient.java:onNext(264)) - client-964B0EA39D34->4234af2c-5377-4886-a4e8-6fe45d0af45e: receive RaftClientReply:client-964B0EA39D34->4234af2c-5377-4886-a4e8-6fe45d0af45e@group-A1165329A1F1, cid=4279, SUCCESS, logIndex=6500, commits[4234af2c-5377-4886-a4e8-6fe45d0af45e:c6500, cef72988-acf5-49ad-9ec7-695a80e7a66d:c6496, d677508c-6db9-4741-b51c-49af5e4cf22f:c6496]
2019-09-08 07:08:23,370 [grpc-default-executor-6] INFO  client.GrpcClientProtocolClient (GrpcClientProtocolClient.java:onNext(264)) - client-964B0EA39D34->4234af2c-5377-4886-a4e8-6fe45d0af45e: receive RaftClientReply:client-964B0EA39D34->4234af2c-5377-4886-a4e8-6fe45d0af45e@group-A1165329A1F1, cid=4280, SUCCESS, logIndex=0, commits[4234af2c-5377-4886-a4e8-6fe45d0af45e:c6502, cef72988-acf5-49ad-9ec7-695a80e7a66d:c6498, d677508c-6db9-4741-b51c-49af5e4cf22f:c6498]
2019-09-08 07:08:23,388 [grpc-default-executor-4] INFO  client.GrpcClientProtocolClient (GrpcClientProtocolClient.java:onNext(264)) - client-964B0EA39D34->4234af2c-5377-4886-a4e8-6fe45d0af45e: receive RaftClientReply:client-964B0EA39D34->4234af2c-5377-4886-a4e8-6fe45d0af45e@group-A1165329A1F1, cid=4281, SUCCESS, logIndex=6505, commits[4234af2c-5377-4886-a4e8-6fe45d0af45e:c6506, cef72988-acf5-49ad-9ec7-695a80e7a66d:c6504, d677508c-6db9-4741-b51c-49af5e4cf22f:c6504]
2019-09-08 07:08:23,388 [grpc-default-executor-4] INFO  client.GrpcClientProtocolClient (GrpcClientProtocolClient.java:onNext(264)) - client-964B0EA39D34->4234af2c-5377-4886-a4e8-6fe45d0af45e: receive RaftClientReply:client-964B0EA39D34->4234af2c-5377-4886-a4e8-6fe45d0af45e@group-A1165329A1F1, cid=4282, SUCCESS, logIndex=6506, commits[4234af2c-5377-4886-a4e8-6fe45d0af45e:c6506, cef72988-acf5-49ad-9ec7-695a80e7a66d:c6504, d677508c-6db9-4741-b51c-49af5e4cf22f:c6504]
2019-09-08 07:08:23,403 [grpc-default-executor-3] INFO  client.GrpcClientProtocolClient (GrpcClientProtocolClient.java:onNext(264)) - client-964B0EA39D34->4234af2c-5377-4886-a4e8-6fe45d0af45e: receive RaftClientReply:client-964B0EA39D34->4234af2c-5377-4886-a4e8-6fe45d0af45e@group-A1165329A1F1, cid=4283, SUCCESS, logIndex=6509, commits[4234af2c-5377-4886-a4e8-6fe45d0af45e:c6509, cef72988-acf5-49ad-9ec7-695a80e7a66d:c6506, d677508c-6db9-4741-b51c-49af5e4cf22f:c6506]
2019-09-08 07:08:23,403 [grpc-default-executor-3] INFO  client.GrpcClientProtocolClient (GrpcClientProtocolClient.java:onNext(264)) - client-964B0EA39D34->4234af2c-5377-4886-a4e8-6fe45d0af45e: receive RaftClientReply:client-964B0EA39D34->4234af2c-5377-4886-a4e8-6fe45d0af45e@group-A1165329A1F1, cid=4284, SUCCESS, logIndex=6510, commits[4234af2c-5377-4886-a4e8-6fe45d0af45e:c6510, cef72988-acf5-49ad-9ec7-695a80e7a66d:c6506, d677508c-6db9-4741-b51c-49af5e4cf22f:c6506]
2019-09-08 07:08:23,416 [grpc-default-executor-3] INFO  client.GrpcClientProtocolClient (GrpcClientProtocolClient.java:onNext(264)) - client-964B0EA39D34->4234af2c-5377-4886-a4e8-6fe45d0af45e: receive RaftClientReply:client-964B0EA39D34->4234af2c-5377-4886-a4e8-6fe45d0af45e@group-A1165329A1F1, cid=4285, SUCCESS, logIndex=0, commits[4234af2c-5377-4886-a4e8-6fe45d0af45e:c6512, cef72988-acf5-49ad-9ec7-695a80e7a66d:c6510, d677508c-6db9-4741-b51c-49af5e4cf22f:c6510]
2019-09-08 07:08:23,447 [grpc-default-executor-0] INFO  client.GrpcClientProtocolClient (GrpcClientProtocolClient.java:onNext(264)) - client-964B0EA39D34->4234af2c-5377-4886-a4e8-6fe45d0af45e: receive RaftClientReply:client-964B0EA39D34->4234af2c-5377-4886-a4e8-6fe45d0af45e@group-A1165329A1F1, cid=4286, SUCCESS, logIndex=6513, commits[4234af2c-5377-4886-a4e8-6fe45d0af45e:c6513, cef72988-acf5-49ad-9ec7-695a80e7a66d:c6512, d677508c-6db9-4741-b51c-49af5e4cf22f:c6512]
2019-09-08 07:08:23,447 [grpc-default-executor-0] INFO  client.GrpcClientProtocolClient (GrpcClientProtocolClient.java:onNext(264)) - client-964B0EA39D34->4234af2c-5377-4886-a4e8-6fe45d0af45e: receive RaftClientReply:client-964B0EA39D34->4234af2c-5377-4886-a4e8-6fe45d0af45e@group-A1165329A1F1, cid=4287, SUCCESS, logIndex=6514, commits[4234af2c-5377-4886-a4e8-6fe45d0af45e:c6514, cef72988-acf5-49ad-9ec7-695a80e7a66d:c6512, d677508c-6db9-4741-b51c-49af5e4cf22f:c6512]
2019-09-08 07:08:23,448 [grpc-default-executor-0] INFO  client.GrpcClientProtocolClient (GrpcClientProtocolClient.java:onNext(264)) - client-964B0EA39D34->4234af2c-5377-4886-a4e8-6fe45d0af45e: receive RaftClientReply:client-964B0EA39D34->4234af2c-5377-4886-a4e8-6fe45d0af45e@group-A1165329A1F1, cid=4288, SUCCESS, logIndex=6515, commits[4234af2c-5377-4886-a4e8-6fe45d0af45e:c6516, cef72988-acf5-49ad-9ec7-695a80e7a66d:c6512, d677508c-6db9-4741-b51c-49af5e4cf22f:c6512]
2019-09-08 07:08:23,448 [grpc-default-executor-4] INFO  client.GrpcClientProtocolClient (GrpcClientProtocolClient.java:onNext(264)) - client-964B0EA39D34->4234af2c-5377-4886-a4e8-6fe45d0af45e: receive RaftClientReply:client-964B0EA39D34->4234af2c-5377-4886-a4e8-6fe45d0af45e@group-A1165329A1F1, cid=4289, SUCCESS, logIndex=6516, commits[4234af2c-5377-4886-a4e8-6fe45d0af45e:c6516, cef72988-acf5-49ad-9ec7-695a80e7a66d:c6512, d677508c-6db9-4741-b51c-49af5e4cf22f:c6512]
2019-09-08 07:08:23,450 [grpc-default-executor-4] INFO  client.GrpcClientProtocolClient (GrpcClientProtocolClient.java:onNext(264)) - client-964B0EA39D34->4234af2c-5377-4886-a4e8-6fe45d0af45e: receive RaftClientReply:client-964B0EA39D34->4234af2c-5377-4886-a4e8-6fe45d0af45e@group-A1165329A1F1, cid=4290, SUCCESS, logIndex=0, commits[4234af2c-5377-4886-a4e8-6fe45d0af45e:c6518, cef72988-acf5-49ad-9ec7-695a80e7a66d:c6514, d677508c-6db9-4741-b51c-49af5e4cf22f:c6514]
2019-09-08 07:08:23,468 [grpc-default-executor-0] INFO  client.GrpcClientProtocolClient (GrpcClientProtocolClient.java:onNext(264)) - client-964B0EA39D34->4234af2c-5377-4886-a4e8-6fe45d0af45e: receive RaftClientReply:client-964B0EA39D34->4234af2c-5377-4886-a4e8-6fe45d0af45e@group-A1165329A1F1, cid=4291, SUCCESS, logIndex=6521, commits[4234af2c-5377-4886-a4e8-6fe45d0af45e:c6522, cef72988-acf5-49ad-9ec7-695a80e7a66d:c6520, d677508c-6db9-4741-b51c-49af5e4cf22f:c6520]
2019-09-08 07:08:23,469 [grpc-default-executor-0] INFO  client.GrpcClientProtocolClient (GrpcClientProtocolClient.java:onNext(264)) - client-964B0EA39D34->4234af2c-5377-4886-a4e8-6fe45d0af45e: receive RaftClientReply:client-964B0EA39D34->4234af2c-5377-4886-a4e8-6fe45d0af45e@group-A1165329A1F1, cid=4292, SUCCESS, logIndex=6522, commits[4234af2c-5377-4886-a4e8-6fe45d0af45e:c6522, cef72988-acf5-49ad-9ec7-695a80e7a66d:c6520, d677508c-6db9-4741-b51c-49af5e4cf22f:c6520]
2019-09-08 07:08:23,488 [grpc-default-executor-4] INFO  client.GrpcClientProtocolClient (GrpcClientProtocolClient.java:onNext(264)) - client-964B0EA39D34->4234af2c-5377-4886-a4e8-6fe45d0af45e: receive RaftClientReply:client-964B0EA39D34->4234af2c-5377-4886-a4e8-6fe45d0af45e@group-A1165329A1F1, cid=4293, SUCCESS, logIndex=6525, commits[4234af2c-5377-4886-a4e8-6fe45d0af45e:c6526, cef72988-acf5-49ad-9ec7-695a80e7a66d:c6524, d677508c-6db9-4741-b51c-49af5e4cf22f:c6524]
2019-09-08 07:08:23,488 [grpc-default-executor-4] INFO  client.GrpcClientProtocolClient (GrpcClientProtocolClient.java:onNext(264)) - client-964B0EA39D34->4234af2c-5377-4886-a4e8-6fe45d0af45e: receive RaftClientReply:client-964B0EA39D34->4234af2c-5377-4886-a4e8-6fe45d0af45e@group-A1165329A1F1, cid=4294, SUCCESS, logIndex=6526, commits[4234af2c-5377-4886-a4e8-6fe45d0af45e:c6526, cef72988-acf5-49ad-9ec7-695a80e7a66d:c6524, d677508c-6db9-4741-b51c-49af5e4cf22f:c6524]
2019-09-08 07:08:23,491 [grpc-default-executor-4] INFO  client.GrpcClientProtocolClient (GrpcClientProtocolClient.java:onNext(264)) - client-964B0EA39D34->4234af2c-5377-4886-a4e8-6fe45d0af45e: receive RaftClientReply:client-964B0EA39D34->4234af2c-5377-4886-a4e8-6fe45d0af45e@group-A1165329A1F1, cid=4295, SUCCESS, logIndex=0, commits[4234af2c-5377-4886-a4e8-6fe45d0af45e:c6528, cef72988-acf5-49ad-9ec7-695a80e7a66d:c6526, d677508c-6db9-4741-b51c-49af5e4cf22f:c6526]
2019-09-08 07:08:23,512 [grpc-default-executor-0] INFO  client.GrpcClientProtocolClient (GrpcClientProtocolClient.java:onNext(264)) - client-964B0EA39D34->4234af2c-5377-4886-a4e8-6fe45d0af45e: receive RaftClientReply:client-964B0EA39D34->4234af2c-5377-4886-a4e8-6fe45d0af45e@group-A1165329A1F1, cid=4296, SUCCESS, logIndex=6529, commits[4234af2c-5377-4886-a4e8-6fe45d0af45e:c6531, cef72988-acf5-49ad-9ec7-695a80e7a66d:c6526, d677508c-6db9-4741-b51c-49af5e4cf22f:c6528]
2019-09-08 07:08:23,513 [grpc-default-executor-0] INFO  client.GrpcClientProtocolClient (GrpcClientProtocolClient.java:onNext(264)) - client-964B0EA39D34->4234af2c-5377-4886-a4e8-6fe45d0af45e: receive RaftClientReply:client-964B0EA39D34->4234af2c-5377-4886-a4e8-6fe45d0af45e@group-A1165329A1F1, cid=4297, SUCCESS, logIndex=6530, commits[4234af2c-5377-4886-a4e8-6fe45d0af45e:c6532, cef72988-acf5-49ad-9ec7-695a80e7a66d:c6528, d677508c-6db9-4741-b51c-49af5e4cf22f:c6528]
2019-09-08 07:08:23,513 [grpc-default-executor-0] INFO  client.GrpcClientProtocolClient (GrpcClientProtocolClient.java:onNext(264)) - client-964B0EA39D34->4234af2c-5377-4886-a4e8-6fe45d0af45e: receive RaftClientReply:client-964B0EA39D34->4234af2c-5377-4886-a4e8-6fe45d0af45e@group-A1165329A1F1, cid=4298, SUCCESS, logIndex=6531, commits[4234af2c-5377-4886-a4e8-6fe45d0af45e:c6532, cef72988-acf5-49ad-9ec7-695a80e7a66d:c6528, d677508c-6db9-4741-b51c-49af5e4cf22f:c6528]
2019-09-08 07:08:23,514 [grpc-default-executor-0] INFO  client.GrpcClientProtocolClient (GrpcClientProtocolClient.java:onNext(264)) - client-964B0EA39D34->4234af2c-5377-4886-a4e8-6fe45d0af45e: receive RaftClientReply:client-964B0EA39D34->4234af2c-5377-4886-a4e8-6fe45d0af45e@group-A1165329A1F1, cid=4299, SUCCESS, logIndex=6532, commits[4234af2c-5377-4886-a4e8-6fe45d0af45e:c6532, cef72988-acf5-49ad-9ec7-695a80e7a66d:c6528, d677508c-6db9-4741-b51c-49af5e4cf22f:c6528]
2019-09-08 07:08:23,515 [grpc-default-executor-0] INFO  client.GrpcClientProtocolClient (GrpcClientProtocolClient.java:onNext(264)) - client-964B0EA39D34->4234af2c-5377-4886-a4e8-6fe45d0af45e: receive RaftClientReply:client-964B0EA39D34->4234af2c-5377-4886-a4e8-6fe45d0af45e@group-A1165329A1F1, cid=4300, SUCCESS, logIndex=0, commits[4234af2c-5377-4886-a4e8-6fe45d0af45e:c6535, cef72988-acf5-49ad-9ec7-695a80e7a66d:c6531, d677508c-6db9-4741-b51c-49af5e4cf22f:c6530]
2019-09-08 07:08:23,531 [grpc-default-executor-3] INFO  client.GrpcClientProtocolClient (GrpcClientProtocolClient.java:onNext(264)) - client-964B0EA39D34->4234af2c-5377-4886-a4e8-6fe45d0af45e: receive RaftClientReply:client-964B0EA39D34->4234af2c-5377-4886-a4e8-6fe45d0af45e@group-A1165329A1F1, cid=4301, SUCCESS, logIndex=6537, commits[4234af2c-5377-4886-a4e8-6fe45d0af45e:c6538, cef72988-acf5-49ad-9ec7-695a80e7a66d:c6536, d677508c-6db9-4741-b51c-49af5e4cf22f:c6536]
2019-09-08 07:08:23,532 [grpc-default-executor-3] INFO  client.GrpcClientProtocolClient (GrpcClientProtocolClient.java:onNext(264)) - client-964B0EA39D34->4234af2c-5377-4886-a4e8-6fe45d0af45e: receive RaftClientReply:client-964B0EA39D34->4234af2c-5377-4886-a4e8-6fe45d0af45e@group-A1165329A1F1, cid=4302, SUCCESS, logIndex=6538, commits[4234af2c-5377-4886-a4e8-6fe45d0af45e:c6538, cef72988-acf5-49ad-9ec7-695a80e7a66d:c6536, d677508c-6db9-4741-b51c-49af5e4cf22f:c6536]
2019-09-08 07:08:23,614 [grpc-default-executor-0] INFO  client.GrpcClientProtocolClient (GrpcClientProtocolClient.java:onNext(264)) - client-964B0EA39D34->4234af2c-5377-4886-a4e8-6fe45d0af45e: receive RaftClientReply:client-964B0EA39D34->4234af2c-5377-4886-a4e8-6fe45d0af45e@group-A1165329A1F1, cid=4303, SUCCESS, logIndex=6541, commits[4234af2c-5377-4886-a4e8-6fe45d0af45e:c6542, cef72988-acf5-49ad-9ec7-695a80e7a66d:c6538, d677508c-6db9-4741-b51c-49af5e4cf22f:c6538]
2019-09-08 07:08:23,614 [grpc-default-executor-0] INFO  client.GrpcClientProtocolClient (GrpcClientProtocolClient.java:onNext(264)) - client-964B0EA39D34->4234af2c-5377-4886-a4e8-6fe45d0af45e: receive RaftClientReply:client-964B0EA39D34->4234af2c-5377-4886-a4e8-6fe45d0af45e@group-A1165329A1F1, cid=4304, SUCCESS, logIndex=6542, commits[4234af2c-5377-4886-a4e8-6fe45d0af45e:c6542, cef72988-acf5-49ad-9ec7-695a80e7a66d:c6538, d677508c-6db9-4741-b51c-49af5e4cf22f:c6538]
2019-09-08 07:08:23,625 [grpc-default-executor-0] INFO  client.GrpcClientProtocolClient (GrpcClientProtocolClient.java:onNext(264)) - client-964B0EA39D34->4234af2c-5377-4886-a4e8-6fe45d0af45e: receive RaftClientReply:client-964B0EA39D34->4234af2c-5377-4886-a4e8-6fe45d0af45e@group-A1165329A1F1, cid=4305, SUCCESS, logIndex=0, commits[4234af2c-5377-4886-a4e8-6fe45d0af45e:c6544, cef72988-acf5-49ad-9ec7-695a80e7a66d:c6542, d677508c-6db9-4741-b51c-49af5e4cf22f:c6542]
2019-09-08 07:08:23,820 [grpc-default-executor-3] INFO  client.GrpcClientProtocolClient (GrpcClientProtocolClient.java:onNext(264)) - client-964B0EA39D34->4234af2c-5377-4886-a4e8-6fe45d0af45e: receive RaftClientReply:client-964B0EA39D34->4234af2c-5377-4886-a4e8-6fe45d0af45e@group-A1165329A1F1, cid=4306, SUCCESS, logIndex=6545, commits[4234af2c-5377-4886-a4e8-6fe45d0af45e:c6545, cef72988-acf5-49ad-9ec7-695a80e7a66d:c6544, d677508c-6db9-4741-b51c-49af5e4cf22f:c6544]
2019-09-08 07:08:23,821 [grpc-default-executor-3] INFO  client.GrpcClientProtocolClient (GrpcClientProtocolClient.java:onNext(264)) - client-964B0EA39D34->4234af2c-5377-4886-a4e8-6fe45d0af45e: receive RaftClientReply:client-964B0EA39D34->4234af2c-5377-4886-a4e8-6fe45d0af45e@group-A1165329A1F1, cid=4307, SUCCESS, logIndex=6546, commits[4234af2c-5377-4886-a4e8-6fe45d0af45e:c6548, cef72988-acf5-49ad-9ec7-695a80e7a66d:c6544, d677508c-6db9-4741-b51c-49af5e4cf22f:c6544]
2019-09-08 07:08:23,821 [grpc-default-executor-3] INFO  client.GrpcClientProtocolClient (GrpcClientProtocolClient.java:onNext(264)) - client-964B0EA39D34->4234af2c-5377-4886-a4e8-6fe45d0af45e: receive RaftClientReply:client-964B0EA39D34->4234af2c-5377-4886-a4e8-6fe45d0af45e@group-A1165329A1F1, cid=4308, SUCCESS, logIndex=6547, commits[4234af2c-5377-4886-a4e8-6fe45d0af45e:c6548, cef72988-acf5-49ad-9ec7-695a80e7a66d:c6544, d677508c-6db9-4741-b51c-49af5e4cf22f:c6544]
2019-09-08 07:08:23,821 [grpc-default-executor-3] INFO  client.GrpcClientProtocolClient (GrpcClientProtocolClient.java:onNext(264)) - client-964B0EA39D34->4234af2c-5377-4886-a4e8-6fe45d0af45e: receive RaftClientReply:client-964B0EA39D34->4234af2c-5377-4886-a4e8-6fe45d0af45e@group-A1165329A1F1, cid=4309, SUCCESS, logIndex=6548, commits[4234af2c-5377-4886-a4e8-6fe45d0af45e:c6548, cef72988-acf5-49ad-9ec7-695a80e7a66d:c6544, d677508c-6db9-4741-b51c-49af5e4cf22f:c6544]
2019-09-08 07:08:23,834 [grpc-default-executor-3] INFO  client.GrpcClientProtocolClient (GrpcClientProtocolClient.java:onNext(264)) - client-964B0EA39D34->4234af2c-5377-4886-a4e8-6fe45d0af45e: receive RaftClientReply:client-964B0EA39D34->4234af2c-5377-4886-a4e8-6fe45d0af45e@group-A1165329A1F1, cid=4310, SUCCESS, logIndex=0, commits[4234af2c-5377-4886-a4e8-6fe45d0af45e:c6550, cef72988-acf5-49ad-9ec7-695a80e7a66d:c6547, d677508c-6db9-4741-b51c-49af5e4cf22f:c6547]
2019-09-08 07:08:23,856 [grpc-default-executor-0] INFO  client.GrpcClientProtocolClient (GrpcClientProtocolClient.java:onNext(264)) - client-964B0EA39D34->4234af2c-5377-4886-a4e8-6fe45d0af45e: receive RaftClientReply:client-964B0EA39D34->4234af2c-5377-4886-a4e8-6fe45d0af45e@group-A1165329A1F1, cid=4311, SUCCESS, logIndex=6552, commits[4234af2c-5377-4886-a4e8-6fe45d0af45e:c6553, cef72988-acf5-49ad-9ec7-695a80e7a66d:c6551, d677508c-6db9-4741-b51c-49af5e4cf22f:c6551]
2019-09-08 07:08:23,856 [grpc-default-executor-0] INFO  client.GrpcClientProtocolClient (GrpcClientProtocolClient.java:onNext(264)) - client-964B0EA39D34->4234af2c-5377-4886-a4e8-6fe45d0af45e: receive RaftClientReply:client-964B0EA39D34->4234af2c-5377-4886-a4e8-6fe45d0af45e@group-A1165329A1F1, cid=4312, SUCCESS, logIndex=6553, commits[4234af2c-5377-4886-a4e8-6fe45d0af45e:c6553, cef72988-acf5-49ad-9ec7-695a80e7a66d:c6551, d677508c-6db9-4741-b51c-49af5e4cf22f:c6551]
2019-09-08 07:08:23,869 [grpc-default-executor-6] INFO  client.GrpcClientProtocolClient (GrpcClientProtocolClient.java:onNext(264)) - client-964B0EA39D34->4234af2c-5377-4886-a4e8-6fe45d0af45e: receive RaftClientReply:client-964B0EA39D34->4234af2c-5377-4886-a4e8-6fe45d0af45e@group-A1165329A1F1, cid=4313, SUCCESS, logIndex=6556, commits[4234af2c-5377-4886-a4e8-6fe45d0af45e:c6557, cef72988-acf5-49ad-9ec7-695a80e7a66d:c6553, d677508c-6db9-4741-b51c-49af5e4cf22f:c6553]
2019-09-08 07:08:23,869 [grpc-default-executor-6] INFO  client.GrpcClientProtocolClient (GrpcClientProtocolClient.java:onNext(264)) - client-964B0EA39D34->4234af2c-5377-4886-a4e8-6fe45d0af45e: receive RaftClientReply:client-964B0EA39D34->4234af2c-5377-4886-a4e8-6fe45d0af45e@group-A1165329A1F1, cid=4314, SUCCESS, logIndex=6557, commits[4234af2c-5377-4886-a4e8-6fe45d0af45e:c6557, cef72988-acf5-49ad-9ec7-695a80e7a66d:c6553, d677508c-6db9-4741-b51c-49af5e4cf22f:c6553]
2019-09-08 07:08:23,887 [grpc-default-executor-6] INFO  client.GrpcClientProtocolClient (GrpcClientProtocolClient.java:onNext(264)) - client-964B0EA39D34->4234af2c-5377-4886-a4e8-6fe45d0af45e: receive RaftClientReply:client-964B0EA39D34->4234af2c-5377-4886-a4e8-6fe45d0af45e@group-A1165329A1F1, cid=4315, SUCCESS, logIndex=0, commits[4234af2c-5377-4886-a4e8-6fe45d0af45e:c6558, cef72988-acf5-49ad-9ec7-695a80e7a66d:c6557, d677508c-6db9-4741-b51c-49af5e4cf22f:c6557]
2019-09-08 07:08:23,914 [grpc-default-executor-6] INFO  client.GrpcClientProtocolClient (GrpcClientProtocolClient.java:onNext(264)) - client-964B0EA39D34->4234af2c-5377-4886-a4e8-6fe45d0af45e: receive RaftClientReply:client-964B0EA39D34->4234af2c-5377-4886-a4e8-6fe45d0af45e@group-A1165329A1F1, cid=4316, SUCCESS, logIndex=6560, commits[4234af2c-5377-4886-a4e8-6fe45d0af45e:c6563, cef72988-acf5-49ad-9ec7-695a80e7a66d:c6559, d677508c-6db9-4741-b51c-49af5e4cf22f:c6557]
2019-09-08 07:08:23,915 [grpc-default-executor-6] INFO  client.GrpcClientProtocolClient (GrpcClientProtocolClient.java:onNext(264)) - client-964B0EA39D34->4234af2c-5377-4886-a4e8-6fe45d0af45e: receive RaftClientReply:client-964B0EA39D34->4234af2c-5377-4886-a4e8-6fe45d0af45e@group-A1165329A1F1, cid=4317, SUCCESS, logIndex=6561, commits[4234af2c-5377-4886-a4e8-6fe45d0af45e:c6563, cef72988-acf5-49ad-9ec7-695a80e7a66d:c6559, d677508c-6db9-4741-b51c-49af5e4cf22f:c6557]
2019-09-08 07:08:23,915 [grpc-default-executor-6] INFO  client.GrpcClientProtocolClient (GrpcClientProtocolClient.java:onNext(264)) - client-964B0EA39D34->4234af2c-5377-4886-a4e8-6fe45d0af45e: receive RaftClientReply:client-964B0EA39D34->4234af2c-5377-4886-a4e8-6fe45d0af45e@group-A1165329A1F1, cid=4318, SUCCESS, logIndex=6562, commits[4234af2c-5377-4886-a4e8-6fe45d0af45e:c6563, cef72988-acf5-49ad-9ec7-695a80e7a66d:c6559, d677508c-6db9-4741-b51c-49af5e4cf22f:c6559]
2019-09-08 07:08:23,915 [grpc-default-executor-6] INFO  client.GrpcClientProtocolClient (GrpcClientProtocolClient.java:onNext(264)) - client-964B0EA39D34->4234af2c-5377-4886-a4e8-6fe45d0af45e: receive RaftClientReply:client-964B0EA39D34->4234af2c-5377-4886-a4e8-6fe45d0af45e@group-A1165329A1F1, cid=4319, SUCCESS, logIndex=6563, commits[4234af2c-5377-4886-a4e8-6fe45d0af45e:c6563, cef72988-acf5-49ad-9ec7-695a80e7a66d:c6559, d677508c-6db9-4741-b51c-49af5e4cf22f:c6559]
2019-09-08 07:08:23,917 [grpc-default-executor-3] INFO  client.GrpcClientProtocolClient (GrpcClientProtocolClient.java:onNext(264)) - client-964B0EA39D34->4234af2c-5377-4886-a4e8-6fe45d0af45e: receive RaftClientReply:client-964B0EA39D34->4234af2c-5377-4886-a4e8-6fe45d0af45e@group-A1165329A1F1, cid=4320, SUCCESS, logIndex=0, commits[4234af2c-5377-4886-a4e8-6fe45d0af45e:c6565, cef72988-acf5-49ad-9ec7-695a80e7a66d:c6561, d677508c-6db9-4741-b51c-49af5e4cf22f:c6561]
2019-09-08 07:08:23,929 [grpc-default-executor-0] INFO  client.GrpcClientProtocolClient (GrpcClientProtocolClient.java:onNext(264)) - client-964B0EA39D34->4234af2c-5377-4886-a4e8-6fe45d0af45e: receive RaftClientReply:client-964B0EA39D34->4234af2c-5377-4886-a4e8-6fe45d0af45e@group-A1165329A1F1, cid=4321, SUCCESS, logIndex=6568, commits[4234af2c-5377-4886-a4e8-6fe45d0af45e:c6569, cef72988-acf5-49ad-9ec7-695a80e7a66d:c6567, d677508c-6db9-4741-b51c-49af5e4cf22f:c6567]
2019-09-08 07:08:23,929 [grpc-default-executor-0] INFO  client.GrpcClientProtocolClient (GrpcClientProtocolClient.java:onNext(264)) - client-964B0EA39D34->4234af2c-5377-4886-a4e8-6fe45d0af45e: receive RaftClientReply:client-964B0EA39D34->4234af2c-5377-4886-a4e8-6fe45d0af45e@group-A1165329A1F1, cid=4322, SUCCESS, logIndex=6569, commits[4234af2c-5377-4886-a4e8-6fe45d0af45e:c6569, cef72988-acf5-49ad-9ec7-695a80e7a66d:c6567, d677508c-6db9-4741-b51c-49af5e4cf22f:c6567]
2019-09-08 07:08:23,946 [grpc-default-executor-6] INFO  client.GrpcClientProtocolClient (GrpcClientProtocolClient.java:onNext(264)) - client-964B0EA39D34->4234af2c-5377-4886-a4e8-6fe45d0af45e: receive RaftClientReply:client-964B0EA39D34->4234af2c-5377-4886-a4e8-6fe45d0af45e@group-A1165329A1F1, cid=4323, SUCCESS, logIndex=6572, commits[4234af2c-5377-4886-a4e8-6fe45d0af45e:c6573, cef72988-acf5-49ad-9ec7-695a80e7a66d:c6570, d677508c-6db9-4741-b51c-49af5e4cf22f:c6569]
2019-09-08 07:08:23,946 [grpc-default-executor-6] INFO  client.GrpcClientProtocolClient (GrpcClientProtocolClient.java:onNext(264)) - client-964B0EA39D34->4234af2c-5377-4886-a4e8-6fe45d0af45e: receive RaftClientReply:client-964B0EA39D34->4234af2c-5377-4886-a4e8-6fe45d0af45e@group-A1165329A1F1, cid=4324, SUCCESS, logIndex=6573, commits[4234af2c-5377-4886-a4e8-6fe45d0af45e:c6573, cef72988-acf5-49ad-9ec7-695a80e7a66d:c6570, d677508c-6db9-4741-b51c-49af5e4cf22f:c6569]
2019-09-08 07:08:23,957 [grpc-default-executor-6] INFO  client.GrpcClientProtocolClient (GrpcClientProtocolClient.java:onNext(264)) - client-964B0EA39D34->4234af2c-5377-4886-a4e8-6fe45d0af45e: receive RaftClientReply:client-964B0EA39D34->4234af2c-5377-4886-a4e8-6fe45d0af45e@group-A1165329A1F1, cid=4325, SUCCESS, logIndex=0, commits[4234af2c-5377-4886-a4e8-6fe45d0af45e:c6574, cef72988-acf5-49ad-9ec7-695a80e7a66d:c6573, d677508c-6db9-4741-b51c-49af5e4cf22f:c6573]
2019-09-08 07:08:23,993 [grpc-default-executor-3] INFO  client.GrpcClientProtocolClient (GrpcClientProtocolClient.java:onNext(264)) - client-964B0EA39D34->4234af2c-5377-4886-a4e8-6fe45d0af45e: receive RaftClientReply:client-964B0EA39D34->4234af2c-5377-4886-a4e8-6fe45d0af45e@group-A1165329A1F1, cid=4326, SUCCESS, logIndex=6576, commits[4234af2c-5377-4886-a4e8-6fe45d0af45e:c6578, cef72988-acf5-49ad-9ec7-695a80e7a66d:c6573, d677508c-6db9-4741-b51c-49af5e4cf22f:c6575]
2019-09-08 07:08:23,993 [grpc-default-executor-3] INFO  client.GrpcClientProtocolClient (GrpcClientProtocolClient.java:onNext(264)) - client-964B0EA39D34->4234af2c-5377-4886-a4e8-6fe45d0af45e: receive RaftClientReply:client-964B0EA39D34->4234af2c-5377-4886-a4e8-6fe45d0af45e@group-A1165329A1F1, cid=4327, SUCCESS, logIndex=6577, commits[4234af2c-5377-4886-a4e8-6fe45d0af45e:c6579, cef72988-acf5-49ad-9ec7-695a80e7a66d:c6575, d677508c-6db9-4741-b51c-49af5e4cf22f:c6575]
2019-09-08 07:08:23,994 [grpc-default-executor-3] INFO  client.GrpcClientProtocolClient (GrpcClientProtocolClient.java:onNext(264)) - client-964B0EA39D34->4234af2c-5377-4886-a4e8-6fe45d0af45e: receive RaftClientReply:client-964B0EA39D34->4234af2c-5377-4886-a4e8-6fe45d0af45e@group-A1165329A1F1, cid=4328, SUCCESS, logIndex=6578, commits[4234af2c-5377-4886-a4e8-6fe45d0af45e:c6579, cef72988-acf5-49ad-9ec7-695a80e7a66d:c6575, d677508c-6db9-4741-b51c-49af5e4cf22f:c6575]
2019-09-08 07:08:23,994 [grpc-default-executor-6] INFO  client.GrpcClientProtocolClient (GrpcClientProtocolClient.java:onNext(264)) - client-964B0EA39D34->4234af2c-5377-4886-a4e8-6fe45d0af45e: receive RaftClientReply:client-964B0EA39D34->4234af2c-5377-4886-a4e8-6fe45d0af45e@group-A1165329A1F1, cid=4329, SUCCESS, logIndex=6579, commits[4234af2c-5377-4886-a4e8-6fe45d0af45e:c6579, cef72988-acf5-49ad-9ec7-695a80e7a66d:c6575, d677508c-6db9-4741-b51c-49af5e4cf22f:c6575]
2019-09-08 07:08:23,997 [grpc-default-executor-6] INFO  client.GrpcClientProtocolClient (GrpcClientProtocolClient.java:onNext(264)) - client-964B0EA39D34->4234af2c-5377-4886-a4e8-6fe45d0af45e: receive RaftClientReply:client-964B0EA39D34->4234af2c-5377-4886-a4e8-6fe45d0af45e@group-A1165329A1F1, cid=4330, SUCCESS, logIndex=0, commits[4234af2c-5377-4886-a4e8-6fe45d0af45e:c6583, cef72988-acf5-49ad-9ec7-695a80e7a66d:c6579, d677508c-6db9-4741-b51c-49af5e4cf22f:c6577]
2019-09-08 07:08:24,014 [grpc-default-executor-6] INFO  client.GrpcClientProtocolClient (GrpcClientProtocolClient.java:onNext(264)) - client-964B0EA39D34->4234af2c-5377-4886-a4e8-6fe45d0af45e: receive RaftClientReply:client-964B0EA39D34->4234af2c-5377-4886-a4e8-6fe45d0af45e@group-A1165329A1F1, cid=4331, SUCCESS, logIndex=6584, commits[4234af2c-5377-4886-a4e8-6fe45d0af45e:c6585, cef72988-acf5-49ad-9ec7-695a80e7a66d:c6583, d677508c-6db9-4741-b51c-49af5e4cf22f:c6583]
2019-09-08 07:08:24,014 [grpc-default-executor-6] INFO  client.GrpcClientProtocolClient (GrpcClientProtocolClient.java:onNext(264)) - client-964B0EA39D34->4234af2c-5377-4886-a4e8-6fe45d0af45e: receive RaftClientReply:client-964B0EA39D34->4234af2c-5377-4886-a4e8-6fe45d0af45e@group-A1165329A1F1, cid=4332, SUCCESS, logIndex=6585, commits[4234af2c-5377-4886-a4e8-6fe45d0af45e:c6585, cef72988-acf5-49ad-9ec7-695a80e7a66d:c6583, d677508c-6db9-4741-b51c-49af5e4cf22f:c6583]
2019-09-08 07:08:24,023 [grpc-default-executor-0] INFO  client.GrpcClientProtocolClient (GrpcClientProtocolClient.java:onNext(264)) - client-964B0EA39D34->4234af2c-5377-4886-a4e8-6fe45d0af45e: receive RaftClientReply:client-964B0EA39D34->4234af2c-5377-4886-a4e8-6fe45d0af45e@group-A1165329A1F1, cid=4333, SUCCESS, logIndex=6588, commits[4234af2c-5377-4886-a4e8-6fe45d0af45e:c6589, cef72988-acf5-49ad-9ec7-695a80e7a66d:c6587, d677508c-6db9-4741-b51c-49af5e4cf22f:c6585]
2019-09-08 07:08:24,023 [grpc-default-executor-0] INFO  client.GrpcClientProtocolClient (GrpcClientProtocolClient.java:onNext(264)) - client-964B0EA39D34->4234af2c-5377-4886-a4e8-6fe45d0af45e: receive RaftClientReply:client-964B0EA39D34->4234af2c-5377-4886-a4e8-6fe45d0af45e@group-A1165329A1F1, cid=4334, SUCCESS, logIndex=6589, commits[4234af2c-5377-4886-a4e8-6fe45d0af45e:c6589, cef72988-acf5-49ad-9ec7-695a80e7a66d:c6587, d677508c-6db9-4741-b51c-49af5e4cf22f:c6585]
2019-09-08 07:08:24,025 [grpc-default-executor-3] INFO  client.GrpcClientProtocolClient (GrpcClientProtocolClient.java:onNext(264)) - client-964B0EA39D34->4234af2c-5377-4886-a4e8-6fe45d0af45e: receive RaftClientReply:client-964B0EA39D34->4234af2c-5377-4886-a4e8-6fe45d0af45e@group-A1165329A1F1, cid=4335, SUCCESS, logIndex=0, commits[4234af2c-5377-4886-a4e8-6fe45d0af45e:c6590, cef72988-acf5-49ad-9ec7-695a80e7a66d:c6589, d677508c-6db9-4741-b51c-49af5e4cf22f:c6589]
2019-09-08 07:08:24,047 [grpc-default-executor-6] INFO  client.GrpcClientProtocolClient (GrpcClientProtocolClient.java:onNext(264)) - client-964B0EA39D34->4234af2c-5377-4886-a4e8-6fe45d0af45e: receive RaftClientReply:client-964B0EA39D34->4234af2c-5377-4886-a4e8-6fe45d0af45e@group-A1165329A1F1, cid=4336, SUCCESS, logIndex=6591, commits[4234af2c-5377-4886-a4e8-6fe45d0af45e:c6592, cef72988-acf5-49ad-9ec7-695a80e7a66d:c6590, d677508c-6db9-4741-b51c-49af5e4cf22f:c6589]
2019-09-08 07:08:24,048 [grpc-default-executor-6] INFO  client.GrpcClientProtocolClient (GrpcClientProtocolClient.java:onNext(264)) - client-964B0EA39D34->4234af2c-5377-4886-a4e8-6fe45d0af45e: receive RaftClientReply:client-964B0EA39D34->4234af2c-5377-4886-a4e8-6fe45d0af45e@group-A1165329A1F1, cid=4337, SUCCESS, logIndex=6592, commits[4234af2c-5377-4886-a4e8-6fe45d0af45e:c6592, cef72988-acf5-49ad-9ec7-695a80e7a66d:c6590, d677508c-6db9-4741-b51c-49af5e4cf22f:c6590]
2019-09-08 07:08:24,049 [grpc-default-executor-3] INFO  client.GrpcClientProtocolClient (GrpcClientProtocolClient.java:onNext(264)) - client-964B0EA39D34->4234af2c-5377-4886-a4e8-6fe45d0af45e: receive RaftClientReply:client-964B0EA39D34->4234af2c-5377-4886-a4e8-6fe45d0af45e@group-A1165329A1F1, cid=4338, SUCCESS, logIndex=6593, commits[4234af2c-5377-4886-a4e8-6fe45d0af45e:c6594, cef72988-acf5-49ad-9ec7-695a80e7a66d:c6590, d677508c-6db9-4741-b51c-49af5e4cf22f:c6590]
2019-09-08 07:08:24,050 [grpc-default-executor-3] INFO  client.GrpcClientProtocolClient (GrpcClientProtocolClient.java:onNext(264)) - client-964B0EA39D34->4234af2c-5377-4886-a4e8-6fe45d0af45e: receive RaftClientReply:client-964B0EA39D34->4234af2c-5377-4886-a4e8-6fe45d0af45e@group-A1165329A1F1, cid=4339, SUCCESS, logIndex=6594, commits[4234af2c-5377-4886-a4e8-6fe45d0af45e:c6596, cef72988-acf5-49ad-9ec7-695a80e7a66d:c6590, d677508c-6db9-4741-b51c-49af5e4cf22f:c6592]
2019-09-08 07:08:24,050 [grpc-default-executor-0] INFO  client.GrpcClientProtocolClient (GrpcClientProtocolClient.java:onNext(264)) - client-964B0EA39D34->4234af2c-5377-4886-a4e8-6fe45d0af45e: receive RaftClientReply:client-964B0EA39D34->4234af2c-5377-4886-a4e8-6fe45d0af45e@group-A1165329A1F1, cid=4340, SUCCESS, logIndex=0, commits[4234af2c-5377-4886-a4e8-6fe45d0af45e:c6596, cef72988-acf5-49ad-9ec7-695a80e7a66d:c6592, d677508c-6db9-4741-b51c-49af5e4cf22f:c6592]
2019-09-08 07:08:24,060 [grpc-default-executor-3] INFO  client.GrpcClientProtocolClient (GrpcClientProtocolClient.java:onNext(264)) - client-964B0EA39D34->4234af2c-5377-4886-a4e8-6fe45d0af45e: receive RaftClientReply:client-964B0EA39D34->4234af2c-5377-4886-a4e8-6fe45d0af45e@group-A1165329A1F1, cid=4341, SUCCESS, logIndex=6599, commits[4234af2c-5377-4886-a4e8-6fe45d0af45e:c6600, cef72988-acf5-49ad-9ec7-695a80e7a66d:c6598, d677508c-6db9-4741-b51c-49af5e4cf22f:c6598]
2019-09-08 07:08:24,061 [grpc-default-executor-3] INFO  client.GrpcClientProtocolClient (GrpcClientProtocolClient.java:onNext(264)) - client-964B0EA39D34->4234af2c-5377-4886-a4e8-6fe45d0af45e: receive RaftClientReply:client-964B0EA39D34->4234af2c-5377-4886-a4e8-6fe45d0af45e@group-A1165329A1F1, cid=4342, SUCCESS, logIndex=6600, commits[4234af2c-5377-4886-a4e8-6fe45d0af45e:c6600, cef72988-acf5-49ad-9ec7-695a80e7a66d:c6598, d677508c-6db9-4741-b51c-49af5e4cf22f:c6598]
2019-09-08 07:08:24,074 [grpc-default-executor-6] INFO  client.GrpcClientProtocolClient (GrpcClientProtocolClient.java:onNext(264)) - client-964B0EA39D34->4234af2c-5377-4886-a4e8-6fe45d0af45e: receive RaftClientReply:client-964B0EA39D34->4234af2c-5377-4886-a4e8-6fe45d0af45e@group-A1165329A1F1, cid=4343, SUCCESS, logIndex=6603, commits[4234af2c-5377-4886-a4e8-6fe45d0af45e:c6604, cef72988-acf5-49ad-9ec7-695a80e7a66d:c6602, d677508c-6db9-4741-b51c-49af5e4cf22f:c6602]
2019-09-08 07:08:24,074 [grpc-default-executor-6] INFO  client.GrpcClientProtocolClient (GrpcClientProtocolClient.java:onNext(264)) - client-964B0EA39D34->4234af2c-5377-4886-a4e8-6fe45d0af45e: receive RaftClientReply:client-964B0EA39D34->4234af2c-5377-4886-a4e8-6fe45d0af45e@group-A1165329A1F1, cid=4344, SUCCESS, logIndex=6604, commits[4234af2c-5377-4886-a4e8-6fe45d0af45e:c6604, cef72988-acf5-49ad-9ec7-695a80e7a66d:c6602, d677508c-6db9-4741-b51c-49af5e4cf22f:c6602]
2019-09-08 07:08:24,076 [grpc-default-executor-3] INFO  client.GrpcClientProtocolClient (GrpcClientProtocolClient.java:onNext(264)) - client-964B0EA39D34->4234af2c-5377-4886-a4e8-6fe45d0af45e: receive RaftClientReply:client-964B0EA39D34->4234af2c-5377-4886-a4e8-6fe45d0af45e@group-A1165329A1F1, cid=4345, SUCCESS, logIndex=0, commits[4234af2c-5377-4886-a4e8-6fe45d0af45e:c6605, cef72988-acf5-49ad-9ec7-695a80e7a66d:c6604, d677508c-6db9-4741-b51c-49af5e4cf22f:c6604]
2019-09-08 07:08:24,099 [grpc-default-executor-0] INFO  client.GrpcClientProtocolClient (GrpcClientProtocolClient.java:onNext(264)) - client-964B0EA39D34->4234af2c-5377-4886-a4e8-6fe45d0af45e: receive RaftClientReply:client-964B0EA39D34->4234af2c-5377-4886-a4e8-6fe45d0af45e@group-A1165329A1F1, cid=4346, SUCCESS, logIndex=6607, commits[4234af2c-5377-4886-a4e8-6fe45d0af45e:c6610, cef72988-acf5-49ad-9ec7-695a80e7a66d:c6606, d677508c-6db9-4741-b51c-49af5e4cf22f:c6604]
2019-09-08 07:08:24,099 [grpc-default-executor-0] INFO  client.GrpcClientProtocolClient (GrpcClientProtocolClient.java:onNext(264)) - client-964B0EA39D34->4234af2c-5377-4886-a4e8-6fe45d0af45e: receive RaftClientReply:client-964B0EA39D34->4234af2c-5377-4886-a4e8-6fe45d0af45e@group-A1165329A1F1, cid=4347, SUCCESS, logIndex=6608, commits[4234af2c-5377-4886-a4e8-6fe45d0af45e:c6610, cef72988-acf5-49ad-9ec7-695a80e7a66d:c6606, d677508c-6db9-4741-b51c-49af5e4cf22f:c6606]
2019-09-08 07:08:24,100 [grpc-default-executor-0] INFO  client.GrpcClientProtocolClient (GrpcClientProtocolClient.java:onNext(264)) - client-964B0EA39D34->4234af2c-5377-4886-a4e8-6fe45d0af45e: receive RaftClientReply:client-964B0EA39D34->4234af2c-5377-4886-a4e8-6fe45d0af45e@group-A1165329A1F1, cid=4348, SUCCESS, logIndex=6609, commits[4234af2c-5377-4886-a4e8-6fe45d0af45e:c6610, cef72988-acf5-49ad-9ec7-695a80e7a66d:c6606, d677508c-6db9-4741-b51c-49af5e4cf22f:c6606]
2019-09-08 07:08:24,100 [grpc-default-executor-0] INFO  client.GrpcClientProtocolClient (GrpcClientProtocolClient.java:onNext(264)) - client-964B0EA39D34->4234af2c-5377-4886-a4e8-6fe45d0af45e: receive RaftClientReply:client-964B0EA39D34->4234af2c-5377-4886-a4e8-6fe45d0af45e@group-A1165329A1F1, cid=4349, SUCCESS, logIndex=6610, commits[4234af2c-5377-4886-a4e8-6fe45d0af45e:c6610, cef72988-acf5-49ad-9ec7-695a80e7a66d:c6606, d677508c-6db9-4741-b51c-49af5e4cf22f:c6606]
2019-09-08 07:08:24,103 [grpc-default-executor-0] INFO  client.GrpcClientProtocolClient (GrpcClientProtocolClient.java:onNext(264)) - client-964B0EA39D34->4234af2c-5377-4886-a4e8-6fe45d0af45e: receive RaftClientReply:client-964B0EA39D34->4234af2c-5377-4886-a4e8-6fe45d0af45e@group-A1165329A1F1, cid=4350, SUCCESS, logIndex=0, commits[4234af2c-5377-4886-a4e8-6fe45d0af45e:c6614, cef72988-acf5-49ad-9ec7-695a80e7a66d:c6609, d677508c-6db9-4741-b51c-49af5e4cf22f:c6610]
2019-09-08 07:08:24,112 [grpc-default-executor-3] INFO  client.GrpcClientProtocolClient (GrpcClientProtocolClient.java:onNext(264)) - client-964B0EA39D34->4234af2c-5377-4886-a4e8-6fe45d0af45e: receive RaftClientReply:client-964B0EA39D34->4234af2c-5377-4886-a4e8-6fe45d0af45e@group-A1165329A1F1, cid=4351, SUCCESS, logIndex=6615, commits[4234af2c-5377-4886-a4e8-6fe45d0af45e:c6616, cef72988-acf5-49ad-9ec7-695a80e7a66d:c6610, d677508c-6db9-4741-b51c-49af5e4cf22f:c6614]
2019-09-08 07:08:24,112 [grpc-default-executor-3] INFO  client.GrpcClientProtocolClient (GrpcClientProtocolClient.java:onNext(264)) - client-964B0EA39D34->4234af2c-5377-4886-a4e8-6fe45d0af45e: receive RaftClientReply:client-964B0EA39D34->4234af2c-5377-4886-a4e8-6fe45d0af45e@group-A1165329A1F1, cid=4352, SUCCESS, logIndex=6616, commits[4234af2c-5377-4886-a4e8-6fe45d0af45e:c6616, cef72988-acf5-49ad-9ec7-695a80e7a66d:c6614, d677508c-6db9-4741-b51c-49af5e4cf22f:c6614]
2019-09-08 07:08:24,124 [grpc-default-executor-0] INFO  client.GrpcClientProtocolClient (GrpcClientProtocolClient.java:onNext(264)) - client-964B0EA39D34->4234af2c-5377-4886-a4e8-6fe45d0af45e: receive RaftClientReply:client-964B0EA39D34->4234af2c-5377-4886-a4e8-6fe45d0af45e@group-A1165329A1F1, cid=4353, SUCCESS, logIndex=6619, commits[4234af2c-5377-4886-a4e8-6fe45d0af45e:c6620, cef72988-acf5-49ad-9ec7-695a80e7a66d:c6616, d677508c-6db9-4741-b51c-49af5e4cf22f:c6616]
2019-09-08 07:08:24,124 [grpc-default-executor-0] INFO  client.GrpcClientProtocolClient (GrpcClientProtocolClient.java:onNext(264)) - client-964B0EA39D34->4234af2c-5377-4886-a4e8-6fe45d0af45e: receive RaftClientReply:client-964B0EA39D34->4234af2c-5377-4886-a4e8-6fe45d0af45e@group-A1165329A1F1, cid=4354, SUCCESS, logIndex=6620, commits[4234af2c-5377-4886-a4e8-6fe45d0af45e:c6620, cef72988-acf5-49ad-9ec7-695a80e7a66d:c6616, d677508c-6db9-4741-b51c-49af5e4cf22f:c6616]
 0.00% |█                                                                                                    |  0/1 Time: 0:01:04 0.00% |█                                                                                                    |  0/1 Time: 0:01:05 0.00% |█                                                                                                    |  0/1 Time: 0:01:062019-09-08 07:08:26,629 [grpc-default-executor-0] INFO  client.GrpcClientProtocolClient (GrpcClientProtocolClient.java:onNext(264)) - client-964B0EA39D34->4234af2c-5377-4886-a4e8-6fe45d0af45e: receive RaftClientReply:client-964B0EA39D34->4234af2c-5377-4886-a4e8-6fe45d0af45e@group-A1165329A1F1, cid=4355, SUCCESS, logIndex=0, commits[4234af2c-5377-4886-a4e8-6fe45d0af45e:c6622, cef72988-acf5-49ad-9ec7-695a80e7a66d:c6622, d677508c-6db9-4741-b51c-49af5e4cf22f:c6622]
2019-09-08 07:08:26,669 [grpc-default-executor-0] INFO  client.GrpcClientProtocolClient (GrpcClientProtocolClient.java:onNext(264)) - client-964B0EA39D34->4234af2c-5377-4886-a4e8-6fe45d0af45e: receive RaftClientReply:client-964B0EA39D34->4234af2c-5377-4886-a4e8-6fe45d0af45e@group-A1165329A1F1, cid=4356, SUCCESS, logIndex=6623, commits[4234af2c-5377-4886-a4e8-6fe45d0af45e:c6624, cef72988-acf5-49ad-9ec7-695a80e7a66d:c6622, d677508c-6db9-4741-b51c-49af5e4cf22f:c6622]
2019-09-08 07:08:26,669 [grpc-default-executor-3] INFO  client.GrpcClientProtocolClient (GrpcClientProtocolClient.java:onNext(264)) - client-964B0EA39D34->4234af2c-5377-4886-a4e8-6fe45d0af45e: receive RaftClientReply:client-964B0EA39D34->4234af2c-5377-4886-a4e8-6fe45d0af45e@group-A1165329A1F1, cid=4357, SUCCESS, logIndex=6624, commits[4234af2c-5377-4886-a4e8-6fe45d0af45e:c6625, cef72988-acf5-49ad-9ec7-695a80e7a66d:c6622, d677508c-6db9-4741-b51c-49af5e4cf22f:c6622]
2019-09-08 07:08:26,670 [grpc-default-executor-3] INFO  client.GrpcClientProtocolClient (GrpcClientProtocolClient.java:onNext(264)) - client-964B0EA39D34->4234af2c-5377-4886-a4e8-6fe45d0af45e: receive RaftClientReply:client-964B0EA39D34->4234af2c-5377-4886-a4e8-6fe45d0af45e@group-A1165329A1F1, cid=4358, SUCCESS, logIndex=6625, commits[4234af2c-5377-4886-a4e8-6fe45d0af45e:c6626, cef72988-acf5-49ad-9ec7-695a80e7a66d:c6622, d677508c-6db9-4741-b51c-49af5e4cf22f:c6622]
2019-09-08 07:08:26,670 [grpc-default-executor-3] INFO  client.GrpcClientProtocolClient (GrpcClientProtocolClient.java:onNext(264)) - client-964B0EA39D34->4234af2c-5377-4886-a4e8-6fe45d0af45e: receive RaftClientReply:client-964B0EA39D34->4234af2c-5377-4886-a4e8-6fe45d0af45e@group-A1165329A1F1, cid=4359, SUCCESS, logIndex=6626, commits[4234af2c-5377-4886-a4e8-6fe45d0af45e:c6626, cef72988-acf5-49ad-9ec7-695a80e7a66d:c6622, d677508c-6db9-4741-b51c-49af5e4cf22f:c6622]
2019-09-08 07:08:26,671 [grpc-default-executor-0] INFO  client.GrpcClientProtocolClient (GrpcClientProtocolClient.java:onNext(264)) - client-964B0EA39D34->4234af2c-5377-4886-a4e8-6fe45d0af45e: receive RaftClientReply:client-964B0EA39D34->4234af2c-5377-4886-a4e8-6fe45d0af45e@group-A1165329A1F1, cid=4360, SUCCESS, logIndex=0, commits[4234af2c-5377-4886-a4e8-6fe45d0af45e:c6628, cef72988-acf5-49ad-9ec7-695a80e7a66d:c6624, d677508c-6db9-4741-b51c-49af5e4cf22f:c6624]
2019-09-08 07:08:26,684 [grpc-default-executor-4] INFO  client.GrpcClientProtocolClient (GrpcClientProtocolClient.java:onNext(264)) - client-964B0EA39D34->4234af2c-5377-4886-a4e8-6fe45d0af45e: receive RaftClientReply:client-964B0EA39D34->4234af2c-5377-4886-a4e8-6fe45d0af45e@group-A1165329A1F1, cid=4361, SUCCESS, logIndex=6631, commits[4234af2c-5377-4886-a4e8-6fe45d0af45e:c6632, cef72988-acf5-49ad-9ec7-695a80e7a66d:c6630, d677508c-6db9-4741-b51c-49af5e4cf22f:c6630]
2019-09-08 07:08:26,685 [grpc-default-executor-4] INFO  client.GrpcClientProtocolClient (GrpcClientProtocolClient.java:onNext(264)) - client-964B0EA39D34->4234af2c-5377-4886-a4e8-6fe45d0af45e: receive RaftClientReply:client-964B0EA39D34->4234af2c-5377-4886-a4e8-6fe45d0af45e@group-A1165329A1F1, cid=4362, SUCCESS, logIndex=6632, commits[4234af2c-5377-4886-a4e8-6fe45d0af45e:c6632, cef72988-acf5-49ad-9ec7-695a80e7a66d:c6630, d677508c-6db9-4741-b51c-49af5e4cf22f:c6630]
2019-09-08 07:08:26,697 [grpc-default-executor-4] INFO  client.GrpcClientProtocolClient (GrpcClientProtocolClient.java:onNext(264)) - client-964B0EA39D34->4234af2c-5377-4886-a4e8-6fe45d0af45e: receive RaftClientReply:client-964B0EA39D34->4234af2c-5377-4886-a4e8-6fe45d0af45e@group-A1165329A1F1, cid=4363, SUCCESS, logIndex=6635, commits[4234af2c-5377-4886-a4e8-6fe45d0af45e:c6636, cef72988-acf5-49ad-9ec7-695a80e7a66d:c6632, d677508c-6db9-4741-b51c-49af5e4cf22f:c6632]
2019-09-08 07:08:26,698 [grpc-default-executor-4] INFO  client.GrpcClientProtocolClient (GrpcClientProtocolClient.java:onNext(264)) - client-964B0EA39D34->4234af2c-5377-4886-a4e8-6fe45d0af45e: receive RaftClientReply:client-964B0EA39D34->4234af2c-5377-4886-a4e8-6fe45d0af45e@group-A1165329A1F1, cid=4364, SUCCESS, logIndex=6636, commits[4234af2c-5377-4886-a4e8-6fe45d0af45e:c6636, cef72988-acf5-49ad-9ec7-695a80e7a66d:c6632, d677508c-6db9-4741-b51c-49af5e4cf22f:c6632]
2019-09-08 07:08:26,712 [grpc-default-executor-4] INFO  client.GrpcClientProtocolClient (GrpcClientProtocolClient.java:onNext(264)) - client-964B0EA39D34->4234af2c-5377-4886-a4e8-6fe45d0af45e: receive RaftClientReply:client-964B0EA39D34->4234af2c-5377-4886-a4e8-6fe45d0af45e@group-A1165329A1F1, cid=4365, SUCCESS, logIndex=0, commits[4234af2c-5377-4886-a4e8-6fe45d0af45e:c6637, cef72988-acf5-49ad-9ec7-695a80e7a66d:c6636, d677508c-6db9-4741-b51c-49af5e4cf22f:c6636]
2019-09-08 07:08:26,745 [grpc-default-executor-0] INFO  client.GrpcClientProtocolClient (GrpcClientProtocolClient.java:onNext(264)) - client-964B0EA39D34->4234af2c-5377-4886-a4e8-6fe45d0af45e: receive RaftClientReply:client-964B0EA39D34->4234af2c-5377-4886-a4e8-6fe45d0af45e@group-A1165329A1F1, cid=4366, SUCCESS, logIndex=6639, commits[4234af2c-5377-4886-a4e8-6fe45d0af45e:c6640, cef72988-acf5-49ad-9ec7-695a80e7a66d:c6638, d677508c-6db9-4741-b51c-49af5e4cf22f:c6638]
2019-09-08 07:08:26,746 [grpc-default-executor-0] INFO  client.GrpcClientProtocolClient (GrpcClientProtocolClient.java:onNext(264)) - client-964B0EA39D34->4234af2c-5377-4886-a4e8-6fe45d0af45e: receive RaftClientReply:client-964B0EA39D34->4234af2c-5377-4886-a4e8-6fe45d0af45e@group-A1165329A1F1, cid=4367, SUCCESS, logIndex=6640, commits[4234af2c-5377-4886-a4e8-6fe45d0af45e:c6642, cef72988-acf5-49ad-9ec7-695a80e7a66d:c6638, d677508c-6db9-4741-b51c-49af5e4cf22f:c6638]
2019-09-08 07:08:26,746 [grpc-default-executor-0] INFO  client.GrpcClientProtocolClient (GrpcClientProtocolClient.java:onNext(264)) - client-964B0EA39D34->4234af2c-5377-4886-a4e8-6fe45d0af45e: receive RaftClientReply:client-964B0EA39D34->4234af2c-5377-4886-a4e8-6fe45d0af45e@group-A1165329A1F1, cid=4368, SUCCESS, logIndex=6641, commits[4234af2c-5377-4886-a4e8-6fe45d0af45e:c6642, cef72988-acf5-49ad-9ec7-695a80e7a66d:c6638, d677508c-6db9-4741-b51c-49af5e4cf22f:c6638]
2019-09-08 07:08:26,746 [grpc-default-executor-0] INFO  client.GrpcClientProtocolClient (GrpcClientProtocolClient.java:onNext(264)) - client-964B0EA39D34->4234af2c-5377-4886-a4e8-6fe45d0af45e: receive RaftClientReply:client-964B0EA39D34->4234af2c-5377-4886-a4e8-6fe45d0af45e@group-A1165329A1F1, cid=4369, SUCCESS, logIndex=6642, commits[4234af2c-5377-4886-a4e8-6fe45d0af45e:c6642, cef72988-acf5-49ad-9ec7-695a80e7a66d:c6638, d677508c-6db9-4741-b51c-49af5e4cf22f:c6638]
2019-09-08 07:08:26,747 [grpc-default-executor-6] INFO  client.GrpcClientProtocolClient (GrpcClientProtocolClient.java:onNext(264)) - client-964B0EA39D34->4234af2c-5377-4886-a4e8-6fe45d0af45e: receive RaftClientReply:client-964B0EA39D34->4234af2c-5377-4886-a4e8-6fe45d0af45e@group-A1165329A1F1, cid=4370, SUCCESS, logIndex=0, commits[4234af2c-5377-4886-a4e8-6fe45d0af45e:c6644, cef72988-acf5-49ad-9ec7-695a80e7a66d:c6640, d677508c-6db9-4741-b51c-49af5e4cf22f:c6640]
2019-09-08 07:08:26,765 [grpc-default-executor-3] INFO  client.GrpcClientProtocolClient (GrpcClientProtocolClient.java:onNext(264)) - client-964B0EA39D34->4234af2c-5377-4886-a4e8-6fe45d0af45e: receive RaftClientReply:client-964B0EA39D34->4234af2c-5377-4886-a4e8-6fe45d0af45e@group-A1165329A1F1, cid=4371, SUCCESS, logIndex=6647, commits[4234af2c-5377-4886-a4e8-6fe45d0af45e:c6647, cef72988-acf5-49ad-9ec7-695a80e7a66d:c6646, d677508c-6db9-4741-b51c-49af5e4cf22f:c6646]
2019-09-08 07:08:26,766 [grpc-default-executor-3] INFO  client.GrpcClientProtocolClient (GrpcClientProtocolClient.java:onNext(264)) - client-964B0EA39D34->4234af2c-5377-4886-a4e8-6fe45d0af45e: receive RaftClientReply:client-964B0EA39D34->4234af2c-5377-4886-a4e8-6fe45d0af45e@group-A1165329A1F1, cid=4372, SUCCESS, logIndex=6648, commits[4234af2c-5377-4886-a4e8-6fe45d0af45e:c6648, cef72988-acf5-49ad-9ec7-695a80e7a66d:c6646, d677508c-6db9-4741-b51c-49af5e4cf22f:c6646]
2019-09-08 07:08:26,808 [grpc-default-executor-3] INFO  client.GrpcClientProtocolClient (GrpcClientProtocolClient.java:onNext(264)) - client-964B0EA39D34->4234af2c-5377-4886-a4e8-6fe45d0af45e: receive RaftClientReply:client-964B0EA39D34->4234af2c-5377-4886-a4e8-6fe45d0af45e@group-A1165329A1F1, cid=4373, SUCCESS, logIndex=6651, commits[4234af2c-5377-4886-a4e8-6fe45d0af45e:c6651, cef72988-acf5-49ad-9ec7-695a80e7a66d:c6648, d677508c-6db9-4741-b51c-49af5e4cf22f:c6648]
2019-09-08 07:08:26,809 [grpc-default-executor-3] INFO  client.GrpcClientProtocolClient (GrpcClientProtocolClient.java:onNext(264)) - client-964B0EA39D34->4234af2c-5377-4886-a4e8-6fe45d0af45e: receive RaftClientReply:client-964B0EA39D34->4234af2c-5377-4886-a4e8-6fe45d0af45e@group-A1165329A1F1, cid=4374, SUCCESS, logIndex=6652, commits[4234af2c-5377-4886-a4e8-6fe45d0af45e:c6652, cef72988-acf5-49ad-9ec7-695a80e7a66d:c6648, d677508c-6db9-4741-b51c-49af5e4cf22f:c6648]
2019-09-08 07:08:26,821 [grpc-default-executor-3] INFO  client.GrpcClientProtocolClient (GrpcClientProtocolClient.java:onNext(264)) - client-964B0EA39D34->4234af2c-5377-4886-a4e8-6fe45d0af45e: receive RaftClientReply:client-964B0EA39D34->4234af2c-5377-4886-a4e8-6fe45d0af45e@group-A1165329A1F1, cid=4375, SUCCESS, logIndex=0, commits[4234af2c-5377-4886-a4e8-6fe45d0af45e:c6654, cef72988-acf5-49ad-9ec7-695a80e7a66d:c6652, d677508c-6db9-4741-b51c-49af5e4cf22f:c6652]
2019-09-08 07:08:26,852 [grpc-default-executor-0] INFO  client.GrpcClientProtocolClient (GrpcClientProtocolClient.java:onNext(264)) - client-964B0EA39D34->4234af2c-5377-4886-a4e8-6fe45d0af45e: receive RaftClientReply:client-964B0EA39D34->4234af2c-5377-4886-a4e8-6fe45d0af45e@group-A1165329A1F1, cid=4376, SUCCESS, logIndex=6655, commits[4234af2c-5377-4886-a4e8-6fe45d0af45e:c6656, cef72988-acf5-49ad-9ec7-695a80e7a66d:c6654, d677508c-6db9-4741-b51c-49af5e4cf22f:c6654]
2019-09-08 07:08:26,852 [grpc-default-executor-6] INFO  client.GrpcClientProtocolClient (GrpcClientProtocolClient.java:onNext(264)) - client-964B0EA39D34->4234af2c-5377-4886-a4e8-6fe45d0af45e: receive RaftClientReply:client-964B0EA39D34->4234af2c-5377-4886-a4e8-6fe45d0af45e@group-A1165329A1F1, cid=4377, SUCCESS, logIndex=6656, commits[4234af2c-5377-4886-a4e8-6fe45d0af45e:c6658, cef72988-acf5-49ad-9ec7-695a80e7a66d:c6654, d677508c-6db9-4741-b51c-49af5e4cf22f:c6654]
2019-09-08 07:08:26,853 [grpc-default-executor-6] INFO  client.GrpcClientProtocolClient (GrpcClientProtocolClient.java:onNext(264)) - client-964B0EA39D34->4234af2c-5377-4886-a4e8-6fe45d0af45e: receive RaftClientReply:client-964B0EA39D34->4234af2c-5377-4886-a4e8-6fe45d0af45e@group-A1165329A1F1, cid=4378, SUCCESS, logIndex=6657, commits[4234af2c-5377-4886-a4e8-6fe45d0af45e:c6658, cef72988-acf5-49ad-9ec7-695a80e7a66d:c6654, d677508c-6db9-4741-b51c-49af5e4cf22f:c6654]
2019-09-08 07:08:26,853 [grpc-default-executor-6] INFO  client.GrpcClientProtocolClient (GrpcClientProtocolClient.java:onNext(264)) - client-964B0EA39D34->4234af2c-5377-4886-a4e8-6fe45d0af45e: receive RaftClientReply:client-964B0EA39D34->4234af2c-5377-4886-a4e8-6fe45d0af45e@group-A1165329A1F1, cid=4379, SUCCESS, logIndex=6658, commits[4234af2c-5377-4886-a4e8-6fe45d0af45e:c6658, cef72988-acf5-49ad-9ec7-695a80e7a66d:c6654, d677508c-6db9-4741-b51c-49af5e4cf22f:c6654]
2019-09-08 07:08:26,854 [grpc-default-executor-0] INFO  client.GrpcClientProtocolClient (GrpcClientProtocolClient.java:onNext(264)) - client-964B0EA39D34->4234af2c-5377-4886-a4e8-6fe45d0af45e: receive RaftClientReply:client-964B0EA39D34->4234af2c-5377-4886-a4e8-6fe45d0af45e@group-A1165329A1F1, cid=4380, SUCCESS, logIndex=0, commits[4234af2c-5377-4886-a4e8-6fe45d0af45e:c6661, cef72988-acf5-49ad-9ec7-695a80e7a66d:c6658, d677508c-6db9-4741-b51c-49af5e4cf22f:c6656]
2019-09-08 07:08:26,873 [grpc-default-executor-3] INFO  client.GrpcClientProtocolClient (GrpcClientProtocolClient.java:onNext(264)) - client-964B0EA39D34->4234af2c-5377-4886-a4e8-6fe45d0af45e: receive RaftClientReply:client-964B0EA39D34->4234af2c-5377-4886-a4e8-6fe45d0af45e@group-A1165329A1F1, cid=4381, SUCCESS, logIndex=6662, commits[4234af2c-5377-4886-a4e8-6fe45d0af45e:c6663, cef72988-acf5-49ad-9ec7-695a80e7a66d:c6661, d677508c-6db9-4741-b51c-49af5e4cf22f:c6661]
2019-09-08 07:08:26,873 [grpc-default-executor-3] INFO  client.GrpcClientProtocolClient (GrpcClientProtocolClient.java:onNext(264)) - client-964B0EA39D34->4234af2c-5377-4886-a4e8-6fe45d0af45e: receive RaftClientReply:client-964B0EA39D34->4234af2c-5377-4886-a4e8-6fe45d0af45e@group-A1165329A1F1, cid=4382, SUCCESS, logIndex=6663, commits[4234af2c-5377-4886-a4e8-6fe45d0af45e:c6663, cef72988-acf5-49ad-9ec7-695a80e7a66d:c6661, d677508c-6db9-4741-b51c-49af5e4cf22f:c6661]
2019-09-08 07:08:26,882 [grpc-default-executor-3] INFO  client.GrpcClientProtocolClient (GrpcClientProtocolClient.java:onNext(264)) - client-964B0EA39D34->4234af2c-5377-4886-a4e8-6fe45d0af45e: receive RaftClientReply:client-964B0EA39D34->4234af2c-5377-4886-a4e8-6fe45d0af45e@group-A1165329A1F1, cid=4383, SUCCESS, logIndex=6666, commits[4234af2c-5377-4886-a4e8-6fe45d0af45e:c6667, cef72988-acf5-49ad-9ec7-695a80e7a66d:c6665, d677508c-6db9-4741-b51c-49af5e4cf22f:c6663]
2019-09-08 07:08:26,883 [grpc-default-executor-3] INFO  client.GrpcClientProtocolClient (GrpcClientProtocolClient.java:onNext(264)) - client-964B0EA39D34->4234af2c-5377-4886-a4e8-6fe45d0af45e: receive RaftClientReply:client-964B0EA39D34->4234af2c-5377-4886-a4e8-6fe45d0af45e@group-A1165329A1F1, cid=4384, SUCCESS, logIndex=6667, commits[4234af2c-5377-4886-a4e8-6fe45d0af45e:c6667, cef72988-acf5-49ad-9ec7-695a80e7a66d:c6665, d677508c-6db9-4741-b51c-49af5e4cf22f:c6665]
2019-09-08 07:08:26,886 [grpc-default-executor-6] INFO  client.GrpcClientProtocolClient (GrpcClientProtocolClient.java:onNext(264)) - client-964B0EA39D34->4234af2c-5377-4886-a4e8-6fe45d0af45e: receive RaftClientReply:client-964B0EA39D34->4234af2c-5377-4886-a4e8-6fe45d0af45e@group-A1165329A1F1, cid=4385, SUCCESS, logIndex=0, commits[4234af2c-5377-4886-a4e8-6fe45d0af45e:c6669, cef72988-acf5-49ad-9ec7-695a80e7a66d:c6667, d677508c-6db9-4741-b51c-49af5e4cf22f:c6667]
2019-09-08 07:08:26,918 [grpc-default-executor-0] INFO  client.GrpcClientProtocolClient (GrpcClientProtocolClient.java:onNext(264)) - client-964B0EA39D34->4234af2c-5377-4886-a4e8-6fe45d0af45e: receive RaftClientReply:client-964B0EA39D34->4234af2c-5377-4886-a4e8-6fe45d0af45e@group-A1165329A1F1, cid=4386, SUCCESS, logIndex=6670, commits[4234af2c-5377-4886-a4e8-6fe45d0af45e:c6671, cef72988-acf5-49ad-9ec7-695a80e7a66d:c6669, d677508c-6db9-4741-b51c-49af5e4cf22f:c6669]
2019-09-08 07:08:26,919 [grpc-default-executor-0] INFO  client.GrpcClientProtocolClient (GrpcClientProtocolClient.java:onNext(264)) - client-964B0EA39D34->4234af2c-5377-4886-a4e8-6fe45d0af45e: receive RaftClientReply:client-964B0EA39D34->4234af2c-5377-4886-a4e8-6fe45d0af45e@group-A1165329A1F1, cid=4387, SUCCESS, logIndex=6671, commits[4234af2c-5377-4886-a4e8-6fe45d0af45e:c6673, cef72988-acf5-49ad-9ec7-695a80e7a66d:c6669, d677508c-6db9-4741-b51c-49af5e4cf22f:c6669]
2019-09-08 07:08:26,919 [grpc-default-executor-0] INFO  client.GrpcClientProtocolClient (GrpcClientProtocolClient.java:onNext(264)) - client-964B0EA39D34->4234af2c-5377-4886-a4e8-6fe45d0af45e: receive RaftClientReply:client-964B0EA39D34->4234af2c-5377-4886-a4e8-6fe45d0af45e@group-A1165329A1F1, cid=4388, SUCCESS, logIndex=6672, commits[4234af2c-5377-4886-a4e8-6fe45d0af45e:c6673, cef72988-acf5-49ad-9ec7-695a80e7a66d:c6669, d677508c-6db9-4741-b51c-49af5e4cf22f:c6669]
2019-09-08 07:08:26,919 [grpc-default-executor-0] INFO  client.GrpcClientProtocolClient (GrpcClientProtocolClient.java:onNext(264)) - client-964B0EA39D34->4234af2c-5377-4886-a4e8-6fe45d0af45e: receive RaftClientReply:client-964B0EA39D34->4234af2c-5377-4886-a4e8-6fe45d0af45e@group-A1165329A1F1, cid=4389, SUCCESS, logIndex=6673, commits[4234af2c-5377-4886-a4e8-6fe45d0af45e:c6673, cef72988-acf5-49ad-9ec7-695a80e7a66d:c6669, d677508c-6db9-4741-b51c-49af5e4cf22f:c6669]
2019-09-08 07:08:26,929 [grpc-default-executor-0] INFO  client.GrpcClientProtocolClient (GrpcClientProtocolClient.java:onNext(264)) - client-964B0EA39D34->4234af2c-5377-4886-a4e8-6fe45d0af45e: receive RaftClientReply:client-964B0EA39D34->4234af2c-5377-4886-a4e8-6fe45d0af45e@group-A1165329A1F1, cid=4390, SUCCESS, logIndex=0, commits[4234af2c-5377-4886-a4e8-6fe45d0af45e:c6675, cef72988-acf5-49ad-9ec7-695a80e7a66d:c6671, d677508c-6db9-4741-b51c-49af5e4cf22f:c6671]
2019-09-08 07:08:26,942 [grpc-default-executor-3] INFO  client.GrpcClientProtocolClient (GrpcClientProtocolClient.java:onNext(264)) - client-964B0EA39D34->4234af2c-5377-4886-a4e8-6fe45d0af45e: receive RaftClientReply:client-964B0EA39D34->4234af2c-5377-4886-a4e8-6fe45d0af45e@group-A1165329A1F1, cid=4391, SUCCESS, logIndex=6678, commits[4234af2c-5377-4886-a4e8-6fe45d0af45e:c6679, cef72988-acf5-49ad-9ec7-695a80e7a66d:c6677, d677508c-6db9-4741-b51c-49af5e4cf22f:c6677]
2019-09-08 07:08:26,942 [grpc-default-executor-3] INFO  client.GrpcClientProtocolClient (GrpcClientProtocolClient.java:onNext(264)) - client-964B0EA39D34->4234af2c-5377-4886-a4e8-6fe45d0af45e: receive RaftClientReply:client-964B0EA39D34->4234af2c-5377-4886-a4e8-6fe45d0af45e@group-A1165329A1F1, cid=4392, SUCCESS, logIndex=6679, commits[4234af2c-5377-4886-a4e8-6fe45d0af45e:c6679, cef72988-acf5-49ad-9ec7-695a80e7a66d:c6677, d677508c-6db9-4741-b51c-49af5e4cf22f:c6677]
2019-09-08 07:08:27,107 [grpc-default-executor-3] INFO  client.GrpcClientProtocolClient (GrpcClientProtocolClient.java:onNext(264)) - client-964B0EA39D34->4234af2c-5377-4886-a4e8-6fe45d0af45e: receive RaftClientReply:client-964B0EA39D34->4234af2c-5377-4886-a4e8-6fe45d0af45e@group-A1165329A1F1, cid=4393, SUCCESS, logIndex=6682, commits[4234af2c-5377-4886-a4e8-6fe45d0af45e:c6683, cef72988-acf5-49ad-9ec7-695a80e7a66d:c6681, d677508c-6db9-4741-b51c-49af5e4cf22f:c6681]
2019-09-08 07:08:27,107 [grpc-default-executor-3] INFO  client.GrpcClientProtocolClient (GrpcClientProtocolClient.java:onNext(264)) - client-964B0EA39D34->4234af2c-5377-4886-a4e8-6fe45d0af45e: receive RaftClientReply:client-964B0EA39D34->4234af2c-5377-4886-a4e8-6fe45d0af45e@group-A1165329A1F1, cid=4394, SUCCESS, logIndex=6683, commits[4234af2c-5377-4886-a4e8-6fe45d0af45e:c6683, cef72988-acf5-49ad-9ec7-695a80e7a66d:c6681, d677508c-6db9-4741-b51c-49af5e4cf22f:c6681]
2019-09-08 07:08:27,120 [grpc-default-executor-3] INFO  client.GrpcClientProtocolClient (GrpcClientProtocolClient.java:onNext(264)) - client-964B0EA39D34->4234af2c-5377-4886-a4e8-6fe45d0af45e: receive RaftClientReply:client-964B0EA39D34->4234af2c-5377-4886-a4e8-6fe45d0af45e@group-A1165329A1F1, cid=4395, SUCCESS, logIndex=0, commits[4234af2c-5377-4886-a4e8-6fe45d0af45e:c6685, cef72988-acf5-49ad-9ec7-695a80e7a66d:c6683, d677508c-6db9-4741-b51c-49af5e4cf22f:c6683]
2019-09-08 07:08:27,170 [grpc-default-executor-3] INFO  client.GrpcClientProtocolClient (GrpcClientProtocolClient.java:onNext(264)) - client-964B0EA39D34->4234af2c-5377-4886-a4e8-6fe45d0af45e: receive RaftClientReply:client-964B0EA39D34->4234af2c-5377-4886-a4e8-6fe45d0af45e@group-A1165329A1F1, cid=4396, SUCCESS, logIndex=6686, commits[4234af2c-5377-4886-a4e8-6fe45d0af45e:c6687, cef72988-acf5-49ad-9ec7-695a80e7a66d:c6685, d677508c-6db9-4741-b51c-49af5e4cf22f:c6685]
2019-09-08 07:08:27,171 [grpc-default-executor-3] INFO  client.GrpcClientProtocolClient (GrpcClientProtocolClient.java:onNext(264)) - client-964B0EA39D34->4234af2c-5377-4886-a4e8-6fe45d0af45e: receive RaftClientReply:client-964B0EA39D34->4234af2c-5377-4886-a4e8-6fe45d0af45e@group-A1165329A1F1, cid=4397, SUCCESS, logIndex=6687, commits[4234af2c-5377-4886-a4e8-6fe45d0af45e:c6687, cef72988-acf5-49ad-9ec7-695a80e7a66d:c6685, d677508c-6db9-4741-b51c-49af5e4cf22f:c6685]
2019-09-08 07:08:27,172 [grpc-default-executor-6] INFO  client.GrpcClientProtocolClient (GrpcClientProtocolClient.java:onNext(264)) - client-964B0EA39D34->4234af2c-5377-4886-a4e8-6fe45d0af45e: receive RaftClientReply:client-964B0EA39D34->4234af2c-5377-4886-a4e8-6fe45d0af45e@group-A1165329A1F1, cid=4398, SUCCESS, logIndex=6688, commits[4234af2c-5377-4886-a4e8-6fe45d0af45e:c6689, cef72988-acf5-49ad-9ec7-695a80e7a66d:c6685, d677508c-6db9-4741-b51c-49af5e4cf22f:c6685]
2019-09-08 07:08:27,172 [grpc-default-executor-6] INFO  client.GrpcClientProtocolClient (GrpcClientProtocolClient.java:onNext(264)) - client-964B0EA39D34->4234af2c-5377-4886-a4e8-6fe45d0af45e: receive RaftClientReply:client-964B0EA39D34->4234af2c-5377-4886-a4e8-6fe45d0af45e@group-A1165329A1F1, cid=4399, SUCCESS, logIndex=6689, commits[4234af2c-5377-4886-a4e8-6fe45d0af45e:c6689, cef72988-acf5-49ad-9ec7-695a80e7a66d:c6685, d677508c-6db9-4741-b51c-49af5e4cf22f:c6685]
2019-09-08 07:08:27,173 [grpc-default-executor-3] INFO  client.GrpcClientProtocolClient (GrpcClientProtocolClient.java:onNext(264)) - client-964B0EA39D34->4234af2c-5377-4886-a4e8-6fe45d0af45e: receive RaftClientReply:client-964B0EA39D34->4234af2c-5377-4886-a4e8-6fe45d0af45e@group-A1165329A1F1, cid=4400, SUCCESS, logIndex=0, commits[4234af2c-5377-4886-a4e8-6fe45d0af45e:c6691, cef72988-acf5-49ad-9ec7-695a80e7a66d:c6687, d677508c-6db9-4741-b51c-49af5e4cf22f:c6687]
2019-09-08 07:08:27,203 [grpc-default-executor-6] INFO  client.GrpcClientProtocolClient (GrpcClientProtocolClient.java:onNext(264)) - client-964B0EA39D34->4234af2c-5377-4886-a4e8-6fe45d0af45e: receive RaftClientReply:client-964B0EA39D34->4234af2c-5377-4886-a4e8-6fe45d0af45e@group-A1165329A1F1, cid=4401, SUCCESS, logIndex=6694, commits[4234af2c-5377-4886-a4e8-6fe45d0af45e:c6695, cef72988-acf5-49ad-9ec7-695a80e7a66d:c6693, d677508c-6db9-4741-b51c-49af5e4cf22f:c6693]
2019-09-08 07:08:27,203 [grpc-default-executor-6] INFO  client.GrpcClientProtocolClient (GrpcClientProtocolClient.java:onNext(264)) - client-964B0EA39D34->4234af2c-5377-4886-a4e8-6fe45d0af45e: receive RaftClientReply:client-964B0EA39D34->4234af2c-5377-4886-a4e8-6fe45d0af45e@group-A1165329A1F1, cid=4402, SUCCESS, logIndex=6695, commits[4234af2c-5377-4886-a4e8-6fe45d0af45e:c6695, cef72988-acf5-49ad-9ec7-695a80e7a66d:c6693, d677508c-6db9-4741-b51c-49af5e4cf22f:c6693]
2019-09-08 07:08:27,216 [grpc-default-executor-0] INFO  client.GrpcClientProtocolClient (GrpcClientProtocolClient.java:onNext(264)) - client-964B0EA39D34->4234af2c-5377-4886-a4e8-6fe45d0af45e: receive RaftClientReply:client-964B0EA39D34->4234af2c-5377-4886-a4e8-6fe45d0af45e@group-A1165329A1F1, cid=4403, SUCCESS, logIndex=6698, commits[4234af2c-5377-4886-a4e8-6fe45d0af45e:c6698, cef72988-acf5-49ad-9ec7-695a80e7a66d:c6695, d677508c-6db9-4741-b51c-49af5e4cf22f:c6694]
2019-09-08 07:08:27,216 [grpc-default-executor-0] INFO  client.GrpcClientProtocolClient (GrpcClientProtocolClient.java:onNext(264)) - client-964B0EA39D34->4234af2c-5377-4886-a4e8-6fe45d0af45e: receive RaftClientReply:client-964B0EA39D34->4234af2c-5377-4886-a4e8-6fe45d0af45e@group-A1165329A1F1, cid=4404, SUCCESS, logIndex=6699, commits[4234af2c-5377-4886-a4e8-6fe45d0af45e:c6699, cef72988-acf5-49ad-9ec7-695a80e7a66d:c6695, d677508c-6db9-4741-b51c-49af5e4cf22f:c6695]
2019-09-08 07:08:27,227 [grpc-default-executor-0] INFO  client.GrpcClientProtocolClient (GrpcClientProtocolClient.java:onNext(264)) - client-964B0EA39D34->4234af2c-5377-4886-a4e8-6fe45d0af45e: receive RaftClientReply:client-964B0EA39D34->4234af2c-5377-4886-a4e8-6fe45d0af45e@group-A1165329A1F1, cid=4405, SUCCESS, logIndex=0, commits[4234af2c-5377-4886-a4e8-6fe45d0af45e:c6701, cef72988-acf5-49ad-9ec7-695a80e7a66d:c6699, d677508c-6db9-4741-b51c-49af5e4cf22f:c6699]
 0.00% |█                                                                                                    |  0/1 Time: 0:01:072019-09-08 07:08:27,275 [grpc-default-executor-3] INFO  client.GrpcClientProtocolClient (GrpcClientProtocolClient.java:onNext(264)) - client-964B0EA39D34->4234af2c-5377-4886-a4e8-6fe45d0af45e: receive RaftClientReply:client-964B0EA39D34->4234af2c-5377-4886-a4e8-6fe45d0af45e@group-A1165329A1F1, cid=4406, SUCCESS, logIndex=6702, commits[4234af2c-5377-4886-a4e8-6fe45d0af45e:c6704, cef72988-acf5-49ad-9ec7-695a80e7a66d:c6701, d677508c-6db9-4741-b51c-49af5e4cf22f:c6701]
2019-09-08 07:08:27,275 [grpc-default-executor-3] INFO  client.GrpcClientProtocolClient (GrpcClientProtocolClient.java:onNext(264)) - client-964B0EA39D34->4234af2c-5377-4886-a4e8-6fe45d0af45e: receive RaftClientReply:client-964B0EA39D34->4234af2c-5377-4886-a4e8-6fe45d0af45e@group-A1165329A1F1, cid=4407, SUCCESS, logIndex=6703, commits[4234af2c-5377-4886-a4e8-6fe45d0af45e:c6705, cef72988-acf5-49ad-9ec7-695a80e7a66d:c6701, d677508c-6db9-4741-b51c-49af5e4cf22f:c6701]
2019-09-08 07:08:27,276 [grpc-default-executor-3] INFO  client.GrpcClientProtocolClient (GrpcClientProtocolClient.java:onNext(264)) - client-964B0EA39D34->4234af2c-5377-4886-a4e8-6fe45d0af45e: receive RaftClientReply:client-964B0EA39D34->4234af2c-5377-4886-a4e8-6fe45d0af45e@group-A1165329A1F1, cid=4408, SUCCESS, logIndex=6704, commits[4234af2c-5377-4886-a4e8-6fe45d0af45e:c6705, cef72988-acf5-49ad-9ec7-695a80e7a66d:c6701, d677508c-6db9-4741-b51c-49af5e4cf22f:c6701]
2019-09-08 07:08:27,276 [grpc-default-executor-3] INFO  client.GrpcClientProtocolClient (GrpcClientProtocolClient.java:onNext(264)) - client-964B0EA39D34->4234af2c-5377-4886-a4e8-6fe45d0af45e: receive RaftClientReply:client-964B0EA39D34->4234af2c-5377-4886-a4e8-6fe45d0af45e@group-A1165329A1F1, cid=4409, SUCCESS, logIndex=6705, commits[4234af2c-5377-4886-a4e8-6fe45d0af45e:c6705, cef72988-acf5-49ad-9ec7-695a80e7a66d:c6701, d677508c-6db9-4741-b51c-49af5e4cf22f:c6701]
2019-09-08 07:08:27,285 [grpc-default-executor-3] INFO  client.GrpcClientProtocolClient (GrpcClientProtocolClient.java:onNext(264)) - client-964B0EA39D34->4234af2c-5377-4886-a4e8-6fe45d0af45e: receive RaftClientReply:client-964B0EA39D34->4234af2c-5377-4886-a4e8-6fe45d0af45e@group-A1165329A1F1, cid=4410, SUCCESS, logIndex=0, commits[4234af2c-5377-4886-a4e8-6fe45d0af45e:c6706, cef72988-acf5-49ad-9ec7-695a80e7a66d:c6703, d677508c-6db9-4741-b51c-49af5e4cf22f:c6703]
2019-09-08 07:08:27,307 [grpc-default-executor-6] INFO  client.GrpcClientProtocolClient (GrpcClientProtocolClient.java:onNext(264)) - client-964B0EA39D34->4234af2c-5377-4886-a4e8-6fe45d0af45e: receive RaftClientReply:client-964B0EA39D34->4234af2c-5377-4886-a4e8-6fe45d0af45e@group-A1165329A1F1, cid=4411, SUCCESS, logIndex=6710, commits[4234af2c-5377-4886-a4e8-6fe45d0af45e:c6711, cef72988-acf5-49ad-9ec7-695a80e7a66d:c6709, d677508c-6db9-4741-b51c-49af5e4cf22f:c6705]
2019-09-08 07:08:27,307 [grpc-default-executor-6] INFO  client.GrpcClientProtocolClient (GrpcClientProtocolClient.java:onNext(264)) - client-964B0EA39D34->4234af2c-5377-4886-a4e8-6fe45d0af45e: receive RaftClientReply:client-964B0EA39D34->4234af2c-5377-4886-a4e8-6fe45d0af45e@group-A1165329A1F1, cid=4412, SUCCESS, logIndex=6711, commits[4234af2c-5377-4886-a4e8-6fe45d0af45e:c6711, cef72988-acf5-49ad-9ec7-695a80e7a66d:c6709, d677508c-6db9-4741-b51c-49af5e4cf22f:c6709]
2019-09-08 07:08:27,320 [grpc-default-executor-6] INFO  client.GrpcClientProtocolClient (GrpcClientProtocolClient.java:onNext(264)) - client-964B0EA39D34->4234af2c-5377-4886-a4e8-6fe45d0af45e: receive RaftClientReply:client-964B0EA39D34->4234af2c-5377-4886-a4e8-6fe45d0af45e@group-A1165329A1F1, cid=4413, SUCCESS, logIndex=6714, commits[4234af2c-5377-4886-a4e8-6fe45d0af45e:c6715, cef72988-acf5-49ad-9ec7-695a80e7a66d:c6711, d677508c-6db9-4741-b51c-49af5e4cf22f:c6710]
2019-09-08 07:08:27,321 [grpc-default-executor-6] INFO  client.GrpcClientProtocolClient (GrpcClientProtocolClient.java:onNext(264)) - client-964B0EA39D34->4234af2c-5377-4886-a4e8-6fe45d0af45e: receive RaftClientReply:client-964B0EA39D34->4234af2c-5377-4886-a4e8-6fe45d0af45e@group-A1165329A1F1, cid=4414, SUCCESS, logIndex=6715, commits[4234af2c-5377-4886-a4e8-6fe45d0af45e:c6715, cef72988-acf5-49ad-9ec7-695a80e7a66d:c6711, d677508c-6db9-4741-b51c-49af5e4cf22f:c6711]
2019-09-08 07:08:27,332 [grpc-default-executor-6] INFO  client.GrpcClientProtocolClient (GrpcClientProtocolClient.java:onNext(264)) - client-964B0EA39D34->4234af2c-5377-4886-a4e8-6fe45d0af45e: receive RaftClientReply:client-964B0EA39D34->4234af2c-5377-4886-a4e8-6fe45d0af45e@group-A1165329A1F1, cid=4415, SUCCESS, logIndex=0, commits[4234af2c-5377-4886-a4e8-6fe45d0af45e:c6716, cef72988-acf5-49ad-9ec7-695a80e7a66d:c6715, d677508c-6db9-4741-b51c-49af5e4cf22f:c6715]
2019-09-08 07:08:27,370 [grpc-default-executor-3] INFO  client.GrpcClientProtocolClient (GrpcClientProtocolClient.java:onNext(264)) - client-964B0EA39D34->4234af2c-5377-4886-a4e8-6fe45d0af45e: receive RaftClientReply:client-964B0EA39D34->4234af2c-5377-4886-a4e8-6fe45d0af45e@group-A1165329A1F1, cid=4416, SUCCESS, logIndex=6718, commits[4234af2c-5377-4886-a4e8-6fe45d0af45e:c6719, cef72988-acf5-49ad-9ec7-695a80e7a66d:c6717, d677508c-6db9-4741-b51c-49af5e4cf22f:c6717]
2019-09-08 07:08:27,371 [grpc-default-executor-3] INFO  client.GrpcClientProtocolClient (GrpcClientProtocolClient.java:onNext(264)) - client-964B0EA39D34->4234af2c-5377-4886-a4e8-6fe45d0af45e: receive RaftClientReply:client-964B0EA39D34->4234af2c-5377-4886-a4e8-6fe45d0af45e@group-A1165329A1F1, cid=4417, SUCCESS, logIndex=6719, commits[4234af2c-5377-4886-a4e8-6fe45d0af45e:c6719, cef72988-acf5-49ad-9ec7-695a80e7a66d:c6717, d677508c-6db9-4741-b51c-49af5e4cf22f:c6717]
2019-09-08 07:08:27,373 [grpc-default-executor-6] INFO  client.GrpcClientProtocolClient (GrpcClientProtocolClient.java:onNext(264)) - client-964B0EA39D34->4234af2c-5377-4886-a4e8-6fe45d0af45e: receive RaftClientReply:client-964B0EA39D34->4234af2c-5377-4886-a4e8-6fe45d0af45e@group-A1165329A1F1, cid=4418, SUCCESS, logIndex=6720, commits[4234af2c-5377-4886-a4e8-6fe45d0af45e:c6721, cef72988-acf5-49ad-9ec7-695a80e7a66d:c6717, d677508c-6db9-4741-b51c-49af5e4cf22f:c6717]
2019-09-08 07:08:27,373 [grpc-default-executor-6] INFO  client.GrpcClientProtocolClient (GrpcClientProtocolClient.java:onNext(264)) - client-964B0EA39D34->4234af2c-5377-4886-a4e8-6fe45d0af45e: receive RaftClientReply:client-964B0EA39D34->4234af2c-5377-4886-a4e8-6fe45d0af45e@group-A1165329A1F1, cid=4419, SUCCESS, logIndex=6721, commits[4234af2c-5377-4886-a4e8-6fe45d0af45e:c6721, cef72988-acf5-49ad-9ec7-695a80e7a66d:c6717, d677508c-6db9-4741-b51c-49af5e4cf22f:c6717]
2019-09-08 07:08:27,374 [grpc-default-executor-6] INFO  client.GrpcClientProtocolClient (GrpcClientProtocolClient.java:onNext(264)) - client-964B0EA39D34->4234af2c-5377-4886-a4e8-6fe45d0af45e: receive RaftClientReply:client-964B0EA39D34->4234af2c-5377-4886-a4e8-6fe45d0af45e@group-A1165329A1F1, cid=4420, SUCCESS, logIndex=0, commits[4234af2c-5377-4886-a4e8-6fe45d0af45e:c6724, cef72988-acf5-49ad-9ec7-695a80e7a66d:c6721, d677508c-6db9-4741-b51c-49af5e4cf22f:c6719]
2019-09-08 07:08:27,387 [grpc-default-executor-3] INFO  client.GrpcClientProtocolClient (GrpcClientProtocolClient.java:onNext(264)) - client-964B0EA39D34->4234af2c-5377-4886-a4e8-6fe45d0af45e: receive RaftClientReply:client-964B0EA39D34->4234af2c-5377-4886-a4e8-6fe45d0af45e@group-A1165329A1F1, cid=4421, SUCCESS, logIndex=6725, commits[4234af2c-5377-4886-a4e8-6fe45d0af45e:c6726, cef72988-acf5-49ad-9ec7-695a80e7a66d:c6724, d677508c-6db9-4741-b51c-49af5e4cf22f:c6724]
2019-09-08 07:08:27,387 [grpc-default-executor-3] INFO  client.GrpcClientProtocolClient (GrpcClientProtocolClient.java:onNext(264)) - client-964B0EA39D34->4234af2c-5377-4886-a4e8-6fe45d0af45e: receive RaftClientReply:client-964B0EA39D34->4234af2c-5377-4886-a4e8-6fe45d0af45e@group-A1165329A1F1, cid=4422, SUCCESS, logIndex=6726, commits[4234af2c-5377-4886-a4e8-6fe45d0af45e:c6726, cef72988-acf5-49ad-9ec7-695a80e7a66d:c6724, d677508c-6db9-4741-b51c-49af5e4cf22f:c6724]
2019-09-08 07:08:27,404 [grpc-default-executor-6] INFO  client.GrpcClientProtocolClient (GrpcClientProtocolClient.java:onNext(264)) - client-964B0EA39D34->4234af2c-5377-4886-a4e8-6fe45d0af45e: receive RaftClientReply:client-964B0EA39D34->4234af2c-5377-4886-a4e8-6fe45d0af45e@group-A1165329A1F1, cid=4423, SUCCESS, logIndex=6729, commits[4234af2c-5377-4886-a4e8-6fe45d0af45e:c6730, cef72988-acf5-49ad-9ec7-695a80e7a66d:c6727, d677508c-6db9-4741-b51c-49af5e4cf22f:c6727]
2019-09-08 07:08:27,405 [grpc-default-executor-6] INFO  client.GrpcClientProtocolClient (GrpcClientProtocolClient.java:onNext(264)) - client-964B0EA39D34->4234af2c-5377-4886-a4e8-6fe45d0af45e: receive RaftClientReply:client-964B0EA39D34->4234af2c-5377-4886-a4e8-6fe45d0af45e@group-A1165329A1F1, cid=4424, SUCCESS, logIndex=6730, commits[4234af2c-5377-4886-a4e8-6fe45d0af45e:c6730, cef72988-acf5-49ad-9ec7-695a80e7a66d:c6727, d677508c-6db9-4741-b51c-49af5e4cf22f:c6727]
2019-09-08 07:08:27,429 [grpc-default-executor-6] INFO  client.GrpcClientProtocolClient (GrpcClientProtocolClient.java:onNext(264)) - client-964B0EA39D34->4234af2c-5377-4886-a4e8-6fe45d0af45e: receive RaftClientReply:client-964B0EA39D34->4234af2c-5377-4886-a4e8-6fe45d0af45e@group-A1165329A1F1, cid=4425, SUCCESS, logIndex=0, commits[4234af2c-5377-4886-a4e8-6fe45d0af45e:c6732, cef72988-acf5-49ad-9ec7-695a80e7a66d:c6730, d677508c-6db9-4741-b51c-49af5e4cf22f:c6730]
2019-09-08 07:08:27,492 [grpc-default-executor-6] INFO  client.GrpcClientProtocolClient (GrpcClientProtocolClient.java:onNext(264)) - client-964B0EA39D34->4234af2c-5377-4886-a4e8-6fe45d0af45e: receive RaftClientReply:client-964B0EA39D34->4234af2c-5377-4886-a4e8-6fe45d0af45e@group-A1165329A1F1, cid=4426, SUCCESS, logIndex=6733, commits[4234af2c-5377-4886-a4e8-6fe45d0af45e:c6734, cef72988-acf5-49ad-9ec7-695a80e7a66d:c6732, d677508c-6db9-4741-b51c-49af5e4cf22f:c6732]
2019-09-08 07:08:27,493 [grpc-default-executor-6] INFO  client.GrpcClientProtocolClient (GrpcClientProtocolClient.java:onNext(264)) - client-964B0EA39D34->4234af2c-5377-4886-a4e8-6fe45d0af45e: receive RaftClientReply:client-964B0EA39D34->4234af2c-5377-4886-a4e8-6fe45d0af45e@group-A1165329A1F1, cid=4427, SUCCESS, logIndex=6734, commits[4234af2c-5377-4886-a4e8-6fe45d0af45e:c6736, cef72988-acf5-49ad-9ec7-695a80e7a66d:c6732, d677508c-6db9-4741-b51c-49af5e4cf22f:c6732]
2019-09-08 07:08:27,493 [grpc-default-executor-6] INFO  client.GrpcClientProtocolClient (GrpcClientProtocolClient.java:onNext(264)) - client-964B0EA39D34->4234af2c-5377-4886-a4e8-6fe45d0af45e: receive RaftClientReply:client-964B0EA39D34->4234af2c-5377-4886-a4e8-6fe45d0af45e@group-A1165329A1F1, cid=4428, SUCCESS, logIndex=6735, commits[4234af2c-5377-4886-a4e8-6fe45d0af45e:c6736, cef72988-acf5-49ad-9ec7-695a80e7a66d:c6732, d677508c-6db9-4741-b51c-49af5e4cf22f:c6732]
2019-09-08 07:08:27,493 [grpc-default-executor-6] INFO  client.GrpcClientProtocolClient (GrpcClientProtocolClient.java:onNext(264)) - client-964B0EA39D34->4234af2c-5377-4886-a4e8-6fe45d0af45e: receive RaftClientReply:client-964B0EA39D34->4234af2c-5377-4886-a4e8-6fe45d0af45e@group-A1165329A1F1, cid=4429, SUCCESS, logIndex=6736, commits[4234af2c-5377-4886-a4e8-6fe45d0af45e:c6736, cef72988-acf5-49ad-9ec7-695a80e7a66d:c6732, d677508c-6db9-4741-b51c-49af5e4cf22f:c6732]
2019-09-08 07:08:27,504 [grpc-default-executor-6] INFO  client.GrpcClientProtocolClient (GrpcClientProtocolClient.java:onNext(264)) - client-964B0EA39D34->4234af2c-5377-4886-a4e8-6fe45d0af45e: receive RaftClientReply:client-964B0EA39D34->4234af2c-5377-4886-a4e8-6fe45d0af45e@group-A1165329A1F1, cid=4430, SUCCESS, logIndex=0, commits[4234af2c-5377-4886-a4e8-6fe45d0af45e:c6737, cef72988-acf5-49ad-9ec7-695a80e7a66d:c6734, d677508c-6db9-4741-b51c-49af5e4cf22f:c6734]
2019-09-08 07:08:27,523 [grpc-default-executor-6] INFO  client.GrpcClientProtocolClient (GrpcClientProtocolClient.java:onNext(264)) - client-964B0EA39D34->4234af2c-5377-4886-a4e8-6fe45d0af45e: receive RaftClientReply:client-964B0EA39D34->4234af2c-5377-4886-a4e8-6fe45d0af45e@group-A1165329A1F1, cid=4431, SUCCESS, logIndex=6741, commits[4234af2c-5377-4886-a4e8-6fe45d0af45e:c6741, cef72988-acf5-49ad-9ec7-695a80e7a66d:c6740, d677508c-6db9-4741-b51c-49af5e4cf22f:c6740]
2019-09-08 07:08:27,524 [grpc-default-executor-6] INFO  client.GrpcClientProtocolClient (GrpcClientProtocolClient.java:onNext(264)) - client-964B0EA39D34->4234af2c-5377-4886-a4e8-6fe45d0af45e: receive RaftClientReply:client-964B0EA39D34->4234af2c-5377-4886-a4e8-6fe45d0af45e@group-A1165329A1F1, cid=4432, SUCCESS, logIndex=6742, commits[4234af2c-5377-4886-a4e8-6fe45d0af45e:c6742, cef72988-acf5-49ad-9ec7-695a80e7a66d:c6740, d677508c-6db9-4741-b51c-49af5e4cf22f:c6740]
2019-09-08 07:08:27,537 [grpc-default-executor-6] INFO  client.GrpcClientProtocolClient (GrpcClientProtocolClient.java:onNext(264)) - client-964B0EA39D34->4234af2c-5377-4886-a4e8-6fe45d0af45e: receive RaftClientReply:client-964B0EA39D34->4234af2c-5377-4886-a4e8-6fe45d0af45e@group-A1165329A1F1, cid=4433, SUCCESS, logIndex=6745, commits[4234af2c-5377-4886-a4e8-6fe45d0af45e:c6745, cef72988-acf5-49ad-9ec7-695a80e7a66d:c6742, d677508c-6db9-4741-b51c-49af5e4cf22f:c6742]
2019-09-08 07:08:27,537 [grpc-default-executor-6] INFO  client.GrpcClientProtocolClient (GrpcClientProtocolClient.java:onNext(264)) - client-964B0EA39D34->4234af2c-5377-4886-a4e8-6fe45d0af45e: receive RaftClientReply:client-964B0EA39D34->4234af2c-5377-4886-a4e8-6fe45d0af45e@group-A1165329A1F1, cid=4434, SUCCESS, logIndex=6746, commits[4234af2c-5377-4886-a4e8-6fe45d0af45e:c6746, cef72988-acf5-49ad-9ec7-695a80e7a66d:c6742, d677508c-6db9-4741-b51c-49af5e4cf22f:c6742]
2019-09-08 07:08:27,550 [grpc-default-executor-6] INFO  client.GrpcClientProtocolClient (GrpcClientProtocolClient.java:onNext(264)) - client-964B0EA39D34->4234af2c-5377-4886-a4e8-6fe45d0af45e: receive RaftClientReply:client-964B0EA39D34->4234af2c-5377-4886-a4e8-6fe45d0af45e@group-A1165329A1F1, cid=4435, SUCCESS, logIndex=0, commits[4234af2c-5377-4886-a4e8-6fe45d0af45e:c6748, cef72988-acf5-49ad-9ec7-695a80e7a66d:c6746, d677508c-6db9-4741-b51c-49af5e4cf22f:c6746]
2019-09-08 07:08:27,586 [grpc-default-executor-6] INFO  client.GrpcClientProtocolClient (GrpcClientProtocolClient.java:onNext(264)) - client-964B0EA39D34->4234af2c-5377-4886-a4e8-6fe45d0af45e: receive RaftClientReply:client-964B0EA39D34->4234af2c-5377-4886-a4e8-6fe45d0af45e@group-A1165329A1F1, cid=4436, SUCCESS, logIndex=6749, commits[4234af2c-5377-4886-a4e8-6fe45d0af45e:c6750, cef72988-acf5-49ad-9ec7-695a80e7a66d:c6748, d677508c-6db9-4741-b51c-49af5e4cf22f:c6746]
2019-09-08 07:08:27,587 [grpc-default-executor-0] INFO  client.GrpcClientProtocolClient (GrpcClientProtocolClient.java:onNext(264)) - client-964B0EA39D34->4234af2c-5377-4886-a4e8-6fe45d0af45e: receive RaftClientReply:client-964B0EA39D34->4234af2c-5377-4886-a4e8-6fe45d0af45e@group-A1165329A1F1, cid=4437, SUCCESS, logIndex=6750, commits[4234af2c-5377-4886-a4e8-6fe45d0af45e:c6750, cef72988-acf5-49ad-9ec7-695a80e7a66d:c6748, d677508c-6db9-4741-b51c-49af5e4cf22f:c6748]
2019-09-08 07:08:27,588 [grpc-default-executor-0] INFO  client.GrpcClientProtocolClient (GrpcClientProtocolClient.java:onNext(264)) - client-964B0EA39D34->4234af2c-5377-4886-a4e8-6fe45d0af45e: receive RaftClientReply:client-964B0EA39D34->4234af2c-5377-4886-a4e8-6fe45d0af45e@group-A1165329A1F1, cid=4438, SUCCESS, logIndex=6751, commits[4234af2c-5377-4886-a4e8-6fe45d0af45e:c6752, cef72988-acf5-49ad-9ec7-695a80e7a66d:c6748, d677508c-6db9-4741-b51c-49af5e4cf22f:c6748]
2019-09-08 07:08:27,588 [grpc-default-executor-0] INFO  client.GrpcClientProtocolClient (GrpcClientProtocolClient.java:onNext(264)) - client-964B0EA39D34->4234af2c-5377-4886-a4e8-6fe45d0af45e: receive RaftClientReply:client-964B0EA39D34->4234af2c-5377-4886-a4e8-6fe45d0af45e@group-A1165329A1F1, cid=4439, SUCCESS, logIndex=6752, commits[4234af2c-5377-4886-a4e8-6fe45d0af45e:c6752, cef72988-acf5-49ad-9ec7-695a80e7a66d:c6748, d677508c-6db9-4741-b51c-49af5e4cf22f:c6748]
2019-09-08 07:08:27,589 [grpc-default-executor-6] INFO  client.GrpcClientProtocolClient (GrpcClientProtocolClient.java:onNext(264)) - client-964B0EA39D34->4234af2c-5377-4886-a4e8-6fe45d0af45e: receive RaftClientReply:client-964B0EA39D34->4234af2c-5377-4886-a4e8-6fe45d0af45e@group-A1165329A1F1, cid=4440, SUCCESS, logIndex=0, commits[4234af2c-5377-4886-a4e8-6fe45d0af45e:c6754, cef72988-acf5-49ad-9ec7-695a80e7a66d:c6751, d677508c-6db9-4741-b51c-49af5e4cf22f:c6750]
2019-09-08 07:08:27,609 [grpc-default-executor-4] INFO  client.GrpcClientProtocolClient (GrpcClientProtocolClient.java:onNext(264)) - client-964B0EA39D34->4234af2c-5377-4886-a4e8-6fe45d0af45e: receive RaftClientReply:client-964B0EA39D34->4234af2c-5377-4886-a4e8-6fe45d0af45e@group-A1165329A1F1, cid=4441, SUCCESS, logIndex=6757, commits[4234af2c-5377-4886-a4e8-6fe45d0af45e:c6758, cef72988-acf5-49ad-9ec7-695a80e7a66d:c6752, d677508c-6db9-4741-b51c-49af5e4cf22f:c6756]
2019-09-08 07:08:27,610 [grpc-default-executor-4] INFO  client.GrpcClientProtocolClient (GrpcClientProtocolClient.java:onNext(264)) - client-964B0EA39D34->4234af2c-5377-4886-a4e8-6fe45d0af45e: receive RaftClientReply:client-964B0EA39D34->4234af2c-5377-4886-a4e8-6fe45d0af45e@group-A1165329A1F1, cid=4442, SUCCESS, logIndex=6758, commits[4234af2c-5377-4886-a4e8-6fe45d0af45e:c6758, cef72988-acf5-49ad-9ec7-695a80e7a66d:c6756, d677508c-6db9-4741-b51c-49af5e4cf22f:c6756]
2019-09-08 07:08:27,638 [grpc-default-executor-4] INFO  client.GrpcClientProtocolClient (GrpcClientProtocolClient.java:onNext(264)) - client-964B0EA39D34->4234af2c-5377-4886-a4e8-6fe45d0af45e: receive RaftClientReply:client-964B0EA39D34->4234af2c-5377-4886-a4e8-6fe45d0af45e@group-A1165329A1F1, cid=4443, SUCCESS, logIndex=6761, commits[4234af2c-5377-4886-a4e8-6fe45d0af45e:c6762, cef72988-acf5-49ad-9ec7-695a80e7a66d:c6760, d677508c-6db9-4741-b51c-49af5e4cf22f:c6758]
2019-09-08 07:08:27,645 [grpc-default-executor-4] INFO  client.GrpcClientProtocolClient (GrpcClientProtocolClient.java:onNext(264)) - client-964B0EA39D34->4234af2c-5377-4886-a4e8-6fe45d0af45e: receive RaftClientReply:client-964B0EA39D34->4234af2c-5377-4886-a4e8-6fe45d0af45e@group-A1165329A1F1, cid=4444, SUCCESS, logIndex=6762, commits[4234af2c-5377-4886-a4e8-6fe45d0af45e:c6762, cef72988-acf5-49ad-9ec7-695a80e7a66d:c6760, d677508c-6db9-4741-b51c-49af5e4cf22f:c6758]
2019-09-08 07:08:27,664 [grpc-default-executor-4] INFO  client.GrpcClientProtocolClient (GrpcClientProtocolClient.java:onNext(264)) - client-964B0EA39D34->4234af2c-5377-4886-a4e8-6fe45d0af45e: receive RaftClientReply:client-964B0EA39D34->4234af2c-5377-4886-a4e8-6fe45d0af45e@group-A1165329A1F1, cid=4445, SUCCESS, logIndex=0, commits[4234af2c-5377-4886-a4e8-6fe45d0af45e:c6764, cef72988-acf5-49ad-9ec7-695a80e7a66d:c6762, d677508c-6db9-4741-b51c-49af5e4cf22f:c6762]
2019-09-08 07:08:27,708 [grpc-default-executor-4] INFO  client.GrpcClientProtocolClient (GrpcClientProtocolClient.java:onNext(264)) - client-964B0EA39D34->4234af2c-5377-4886-a4e8-6fe45d0af45e: receive RaftClientReply:client-964B0EA39D34->4234af2c-5377-4886-a4e8-6fe45d0af45e@group-A1165329A1F1, cid=4446, SUCCESS, logIndex=6765, commits[4234af2c-5377-4886-a4e8-6fe45d0af45e:c6766, cef72988-acf5-49ad-9ec7-695a80e7a66d:c6762, d677508c-6db9-4741-b51c-49af5e4cf22f:c6764]
2019-09-08 07:08:27,710 [grpc-default-executor-4] INFO  client.GrpcClientProtocolClient (GrpcClientProtocolClient.java:onNext(264)) - client-964B0EA39D34->4234af2c-5377-4886-a4e8-6fe45d0af45e: receive RaftClientReply:client-964B0EA39D34->4234af2c-5377-4886-a4e8-6fe45d0af45e@group-A1165329A1F1, cid=4447, SUCCESS, logIndex=6766, commits[4234af2c-5377-4886-a4e8-6fe45d0af45e:c6766, cef72988-acf5-49ad-9ec7-695a80e7a66d:c6764, d677508c-6db9-4741-b51c-49af5e4cf22f:c6764]
2019-09-08 07:08:27,711 [grpc-default-executor-4] INFO  client.GrpcClientProtocolClient (GrpcClientProtocolClient.java:onNext(264)) - client-964B0EA39D34->4234af2c-5377-4886-a4e8-6fe45d0af45e: receive RaftClientReply:client-964B0EA39D34->4234af2c-5377-4886-a4e8-6fe45d0af45e@group-A1165329A1F1, cid=4448, SUCCESS, logIndex=6767, commits[4234af2c-5377-4886-a4e8-6fe45d0af45e:c6768, cef72988-acf5-49ad-9ec7-695a80e7a66d:c6764, d677508c-6db9-4741-b51c-49af5e4cf22f:c6764]
2019-09-08 07:08:27,711 [grpc-default-executor-4] INFO  client.GrpcClientProtocolClient (GrpcClientProtocolClient.java:onNext(264)) - client-964B0EA39D34->4234af2c-5377-4886-a4e8-6fe45d0af45e: receive RaftClientReply:client-964B0EA39D34->4234af2c-5377-4886-a4e8-6fe45d0af45e@group-A1165329A1F1, cid=4449, SUCCESS, logIndex=6768, commits[4234af2c-5377-4886-a4e8-6fe45d0af45e:c6768, cef72988-acf5-49ad-9ec7-695a80e7a66d:c6764, d677508c-6db9-4741-b51c-49af5e4cf22f:c6764]
2019-09-08 07:08:27,712 [grpc-default-executor-4] INFO  client.GrpcClientProtocolClient (GrpcClientProtocolClient.java:onNext(264)) - client-964B0EA39D34->4234af2c-5377-4886-a4e8-6fe45d0af45e: receive RaftClientReply:client-964B0EA39D34->4234af2c-5377-4886-a4e8-6fe45d0af45e@group-A1165329A1F1, cid=4450, SUCCESS, logIndex=0, commits[4234af2c-5377-4886-a4e8-6fe45d0af45e:c6772, cef72988-acf5-49ad-9ec7-695a80e7a66d:c6768, d677508c-6db9-4741-b51c-49af5e4cf22f:c6768]
2019-09-08 07:08:27,736 [grpc-default-executor-0] INFO  client.GrpcClientProtocolClient (GrpcClientProtocolClient.java:onNext(264)) - client-964B0EA39D34->4234af2c-5377-4886-a4e8-6fe45d0af45e: receive RaftClientReply:client-964B0EA39D34->4234af2c-5377-4886-a4e8-6fe45d0af45e@group-A1165329A1F1, cid=4451, SUCCESS, logIndex=6773, commits[4234af2c-5377-4886-a4e8-6fe45d0af45e:c6774, cef72988-acf5-49ad-9ec7-695a80e7a66d:c6772, d677508c-6db9-4741-b51c-49af5e4cf22f:c6772]
2019-09-08 07:08:27,736 [grpc-default-executor-0] INFO  client.GrpcClientProtocolClient (GrpcClientProtocolClient.java:onNext(264)) - client-964B0EA39D34->4234af2c-5377-4886-a4e8-6fe45d0af45e: receive RaftClientReply:client-964B0EA39D34->4234af2c-5377-4886-a4e8-6fe45d0af45e@group-A1165329A1F1, cid=4452, SUCCESS, logIndex=6774, commits[4234af2c-5377-4886-a4e8-6fe45d0af45e:c6774, cef72988-acf5-49ad-9ec7-695a80e7a66d:c6772, d677508c-6db9-4741-b51c-49af5e4cf22f:c6772]
2019-09-08 07:08:27,749 [grpc-default-executor-0] INFO  client.GrpcClientProtocolClient (GrpcClientProtocolClient.java:onNext(264)) - client-964B0EA39D34->4234af2c-5377-4886-a4e8-6fe45d0af45e: receive RaftClientReply:client-964B0EA39D34->4234af2c-5377-4886-a4e8-6fe45d0af45e@group-A1165329A1F1, cid=4453, SUCCESS, logIndex=6777, commits[4234af2c-5377-4886-a4e8-6fe45d0af45e:c6778, cef72988-acf5-49ad-9ec7-695a80e7a66d:c6774, d677508c-6db9-4741-b51c-49af5e4cf22f:c6774]
2019-09-08 07:08:27,749 [grpc-default-executor-0] INFO  client.GrpcClientProtocolClient (GrpcClientProtocolClient.java:onNext(264)) - client-964B0EA39D34->4234af2c-5377-4886-a4e8-6fe45d0af45e: receive RaftClientReply:client-964B0EA39D34->4234af2c-5377-4886-a4e8-6fe45d0af45e@group-A1165329A1F1, cid=4454, SUCCESS, logIndex=6778, commits[4234af2c-5377-4886-a4e8-6fe45d0af45e:c6778, cef72988-acf5-49ad-9ec7-695a80e7a66d:c6774, d677508c-6db9-4741-b51c-49af5e4cf22f:c6774]
2019-09-08 07:08:27,750 [grpc-default-executor-4] INFO  client.GrpcClientProtocolClient (GrpcClientProtocolClient.java:onNext(264)) - client-964B0EA39D34->4234af2c-5377-4886-a4e8-6fe45d0af45e: receive RaftClientReply:client-964B0EA39D34->4234af2c-5377-4886-a4e8-6fe45d0af45e@group-A1165329A1F1, cid=4455, SUCCESS, logIndex=0, commits[4234af2c-5377-4886-a4e8-6fe45d0af45e:c6779, cef72988-acf5-49ad-9ec7-695a80e7a66d:c6778, d677508c-6db9-4741-b51c-49af5e4cf22f:c6778]
2019-09-08 07:08:27,793 [grpc-default-executor-3] INFO  client.GrpcClientProtocolClient (GrpcClientProtocolClient.java:onNext(264)) - client-964B0EA39D34->4234af2c-5377-4886-a4e8-6fe45d0af45e: receive RaftClientReply:client-964B0EA39D34->4234af2c-5377-4886-a4e8-6fe45d0af45e@group-A1165329A1F1, cid=4456, SUCCESS, logIndex=6781, commits[4234af2c-5377-4886-a4e8-6fe45d0af45e:c6782, cef72988-acf5-49ad-9ec7-695a80e7a66d:c6780, d677508c-6db9-4741-b51c-49af5e4cf22f:c6780]
2019-09-08 07:08:27,793 [grpc-default-executor-3] INFO  client.GrpcClientProtocolClient (GrpcClientProtocolClient.java:onNext(264)) - client-964B0EA39D34->4234af2c-5377-4886-a4e8-6fe45d0af45e: receive RaftClientReply:client-964B0EA39D34->4234af2c-5377-4886-a4e8-6fe45d0af45e@group-A1165329A1F1, cid=4457, SUCCESS, logIndex=6782, commits[4234af2c-5377-4886-a4e8-6fe45d0af45e:c6784, cef72988-acf5-49ad-9ec7-695a80e7a66d:c6780, d677508c-6db9-4741-b51c-49af5e4cf22f:c6780]
2019-09-08 07:08:27,794 [grpc-default-executor-3] INFO  client.GrpcClientProtocolClient (GrpcClientProtocolClient.java:onNext(264)) - client-964B0EA39D34->4234af2c-5377-4886-a4e8-6fe45d0af45e: receive RaftClientReply:client-964B0EA39D34->4234af2c-5377-4886-a4e8-6fe45d0af45e@group-A1165329A1F1, cid=4458, SUCCESS, logIndex=6783, commits[4234af2c-5377-4886-a4e8-6fe45d0af45e:c6784, cef72988-acf5-49ad-9ec7-695a80e7a66d:c6780, d677508c-6db9-4741-b51c-49af5e4cf22f:c6780]
2019-09-08 07:08:27,795 [grpc-default-executor-0] INFO  client.GrpcClientProtocolClient (GrpcClientProtocolClient.java:onNext(264)) - client-964B0EA39D34->4234af2c-5377-4886-a4e8-6fe45d0af45e: receive RaftClientReply:client-964B0EA39D34->4234af2c-5377-4886-a4e8-6fe45d0af45e@group-A1165329A1F1, cid=4459, SUCCESS, logIndex=6784, commits[4234af2c-5377-4886-a4e8-6fe45d0af45e:c6784, cef72988-acf5-49ad-9ec7-695a80e7a66d:c6780, d677508c-6db9-4741-b51c-49af5e4cf22f:c6780]
2019-09-08 07:08:27,796 [grpc-default-executor-3] INFO  client.GrpcClientProtocolClient (GrpcClientProtocolClient.java:onNext(264)) - client-964B0EA39D34->4234af2c-5377-4886-a4e8-6fe45d0af45e: receive RaftClientReply:client-964B0EA39D34->4234af2c-5377-4886-a4e8-6fe45d0af45e@group-A1165329A1F1, cid=4460, SUCCESS, logIndex=0, commits[4234af2c-5377-4886-a4e8-6fe45d0af45e:c6787, cef72988-acf5-49ad-9ec7-695a80e7a66d:c6784, d677508c-6db9-4741-b51c-49af5e4cf22f:c6784]
2019-09-08 07:08:27,818 [grpc-default-executor-3] INFO  client.GrpcClientProtocolClient (GrpcClientProtocolClient.java:onNext(264)) - client-964B0EA39D34->4234af2c-5377-4886-a4e8-6fe45d0af45e: receive RaftClientReply:client-964B0EA39D34->4234af2c-5377-4886-a4e8-6fe45d0af45e@group-A1165329A1F1, cid=4461, SUCCESS, logIndex=6788, commits[4234af2c-5377-4886-a4e8-6fe45d0af45e:c6789, cef72988-acf5-49ad-9ec7-695a80e7a66d:c6787, d677508c-6db9-4741-b51c-49af5e4cf22f:c6787]
2019-09-08 07:08:27,818 [grpc-default-executor-3] INFO  client.GrpcClientProtocolClient (GrpcClientProtocolClient.java:onNext(264)) - client-964B0EA39D34->4234af2c-5377-4886-a4e8-6fe45d0af45e: receive RaftClientReply:client-964B0EA39D34->4234af2c-5377-4886-a4e8-6fe45d0af45e@group-A1165329A1F1, cid=4462, SUCCESS, logIndex=6789, commits[4234af2c-5377-4886-a4e8-6fe45d0af45e:c6789, cef72988-acf5-49ad-9ec7-695a80e7a66d:c6787, d677508c-6db9-4741-b51c-49af5e4cf22f:c6787]
2019-09-08 07:08:27,831 [grpc-default-executor-4] INFO  client.GrpcClientProtocolClient (GrpcClientProtocolClient.java:onNext(264)) - client-964B0EA39D34->4234af2c-5377-4886-a4e8-6fe45d0af45e: receive RaftClientReply:client-964B0EA39D34->4234af2c-5377-4886-a4e8-6fe45d0af45e@group-A1165329A1F1, cid=4463, SUCCESS, logIndex=6792, commits[4234af2c-5377-4886-a4e8-6fe45d0af45e:c6793, cef72988-acf5-49ad-9ec7-695a80e7a66d:c6789, d677508c-6db9-4741-b51c-49af5e4cf22f:c6788]
2019-09-08 07:08:27,831 [grpc-default-executor-4] INFO  client.GrpcClientProtocolClient (GrpcClientProtocolClient.java:onNext(264)) - client-964B0EA39D34->4234af2c-5377-4886-a4e8-6fe45d0af45e: receive RaftClientReply:client-964B0EA39D34->4234af2c-5377-4886-a4e8-6fe45d0af45e@group-A1165329A1F1, cid=4464, SUCCESS, logIndex=6793, commits[4234af2c-5377-4886-a4e8-6fe45d0af45e:c6793, cef72988-acf5-49ad-9ec7-695a80e7a66d:c6789, d677508c-6db9-4741-b51c-49af5e4cf22f:c6789]
2019-09-08 07:08:27,833 [grpc-default-executor-0] INFO  client.GrpcClientProtocolClient (GrpcClientProtocolClient.java:onNext(264)) - client-964B0EA39D34->4234af2c-5377-4886-a4e8-6fe45d0af45e: receive RaftClientReply:client-964B0EA39D34->4234af2c-5377-4886-a4e8-6fe45d0af45e@group-A1165329A1F1, cid=4465, SUCCESS, logIndex=0, commits[4234af2c-5377-4886-a4e8-6fe45d0af45e:c6794, cef72988-acf5-49ad-9ec7-695a80e7a66d:c6793, d677508c-6db9-4741-b51c-49af5e4cf22f:c6793]
2019-09-08 07:08:27,872 [grpc-default-executor-0] INFO  client.GrpcClientProtocolClient (GrpcClientProtocolClient.java:onNext(264)) - client-964B0EA39D34->4234af2c-5377-4886-a4e8-6fe45d0af45e: receive RaftClientReply:client-964B0EA39D34->4234af2c-5377-4886-a4e8-6fe45d0af45e@group-A1165329A1F1, cid=4466, SUCCESS, logIndex=6796, commits[4234af2c-5377-4886-a4e8-6fe45d0af45e:c6796, cef72988-acf5-49ad-9ec7-695a80e7a66d:c6795, d677508c-6db9-4741-b51c-49af5e4cf22f:c6793]
2019-09-08 07:08:27,874 [grpc-default-executor-3] INFO  client.GrpcClientProtocolClient (GrpcClientProtocolClient.java:onNext(264)) - client-964B0EA39D34->4234af2c-5377-4886-a4e8-6fe45d0af45e: receive RaftClientReply:client-964B0EA39D34->4234af2c-5377-4886-a4e8-6fe45d0af45e@group-A1165329A1F1, cid=4467, SUCCESS, logIndex=6797, commits[4234af2c-5377-4886-a4e8-6fe45d0af45e:c6797, cef72988-acf5-49ad-9ec7-695a80e7a66d:c6795, d677508c-6db9-4741-b51c-49af5e4cf22f:c6795]
2019-09-08 07:08:27,875 [grpc-default-executor-0] INFO  client.GrpcClientProtocolClient (GrpcClientProtocolClient.java:onNext(264)) - client-964B0EA39D34->4234af2c-5377-4886-a4e8-6fe45d0af45e: receive RaftClientReply:client-964B0EA39D34->4234af2c-5377-4886-a4e8-6fe45d0af45e@group-A1165329A1F1, cid=4468, SUCCESS, logIndex=6798, commits[4234af2c-5377-4886-a4e8-6fe45d0af45e:c6799, cef72988-acf5-49ad-9ec7-695a80e7a66d:c6795, d677508c-6db9-4741-b51c-49af5e4cf22f:c6795]
2019-09-08 07:08:27,875 [grpc-default-executor-0] INFO  client.GrpcClientProtocolClient (GrpcClientProtocolClient.java:onNext(264)) - client-964B0EA39D34->4234af2c-5377-4886-a4e8-6fe45d0af45e: receive RaftClientReply:client-964B0EA39D34->4234af2c-5377-4886-a4e8-6fe45d0af45e@group-A1165329A1F1, cid=4469, SUCCESS, logIndex=6799, commits[4234af2c-5377-4886-a4e8-6fe45d0af45e:c6799, cef72988-acf5-49ad-9ec7-695a80e7a66d:c6796, d677508c-6db9-4741-b51c-49af5e4cf22f:c6795]
2019-09-08 07:08:27,876 [grpc-default-executor-0] INFO  client.GrpcClientProtocolClient (GrpcClientProtocolClient.java:onNext(264)) - client-964B0EA39D34->4234af2c-5377-4886-a4e8-6fe45d0af45e: receive RaftClientReply:client-964B0EA39D34->4234af2c-5377-4886-a4e8-6fe45d0af45e@group-A1165329A1F1, cid=4470, SUCCESS, logIndex=0, commits[4234af2c-5377-4886-a4e8-6fe45d0af45e:c6803, cef72988-acf5-49ad-9ec7-695a80e7a66d:c6799, d677508c-6db9-4741-b51c-49af5e4cf22f:c6799]
2019-09-08 07:08:27,899 [grpc-default-executor-0] INFO  client.GrpcClientProtocolClient (GrpcClientProtocolClient.java:onNext(264)) - client-964B0EA39D34->4234af2c-5377-4886-a4e8-6fe45d0af45e: receive RaftClientReply:client-964B0EA39D34->4234af2c-5377-4886-a4e8-6fe45d0af45e@group-A1165329A1F1, cid=4471, SUCCESS, logIndex=6804, commits[4234af2c-5377-4886-a4e8-6fe45d0af45e:c6805, cef72988-acf5-49ad-9ec7-695a80e7a66d:c6803, d677508c-6db9-4741-b51c-49af5e4cf22f:c6803]
2019-09-08 07:08:27,899 [grpc-default-executor-0] INFO  client.GrpcClientProtocolClient (GrpcClientProtocolClient.java:onNext(264)) - client-964B0EA39D34->4234af2c-5377-4886-a4e8-6fe45d0af45e: receive RaftClientReply:client-964B0EA39D34->4234af2c-5377-4886-a4e8-6fe45d0af45e@group-A1165329A1F1, cid=4472, SUCCESS, logIndex=6805, commits[4234af2c-5377-4886-a4e8-6fe45d0af45e:c6805, cef72988-acf5-49ad-9ec7-695a80e7a66d:c6803, d677508c-6db9-4741-b51c-49af5e4cf22f:c6803]
2019-09-08 07:08:27,924 [grpc-default-executor-0] INFO  client.GrpcClientProtocolClient (GrpcClientProtocolClient.java:onNext(264)) - client-964B0EA39D34->4234af2c-5377-4886-a4e8-6fe45d0af45e: receive RaftClientReply:client-964B0EA39D34->4234af2c-5377-4886-a4e8-6fe45d0af45e@group-A1165329A1F1, cid=4473, SUCCESS, logIndex=6808, commits[4234af2c-5377-4886-a4e8-6fe45d0af45e:c6809, cef72988-acf5-49ad-9ec7-695a80e7a66d:c6805, d677508c-6db9-4741-b51c-49af5e4cf22f:c6805]
2019-09-08 07:08:27,924 [grpc-default-executor-0] INFO  client.GrpcClientProtocolClient (GrpcClientProtocolClient.java:onNext(264)) - client-964B0EA39D34->4234af2c-5377-4886-a4e8-6fe45d0af45e: receive RaftClientReply:client-964B0EA39D34->4234af2c-5377-4886-a4e8-6fe45d0af45e@group-A1165329A1F1, cid=4474, SUCCESS, logIndex=6809, commits[4234af2c-5377-4886-a4e8-6fe45d0af45e:c6809, cef72988-acf5-49ad-9ec7-695a80e7a66d:c6805, d677508c-6db9-4741-b51c-49af5e4cf22f:c6805]
2019-09-08 07:08:27,925 [grpc-default-executor-0] INFO  client.GrpcClientProtocolClient (GrpcClientProtocolClient.java:onNext(264)) - client-964B0EA39D34->4234af2c-5377-4886-a4e8-6fe45d0af45e: receive RaftClientReply:client-964B0EA39D34->4234af2c-5377-4886-a4e8-6fe45d0af45e@group-A1165329A1F1, cid=4475, SUCCESS, logIndex=0, commits[4234af2c-5377-4886-a4e8-6fe45d0af45e:c6810, cef72988-acf5-49ad-9ec7-695a80e7a66d:c6809, d677508c-6db9-4741-b51c-49af5e4cf22f:c6809]
2019-09-08 07:08:27,963 [grpc-default-executor-4] INFO  client.GrpcClientProtocolClient (GrpcClientProtocolClient.java:onNext(264)) - client-964B0EA39D34->4234af2c-5377-4886-a4e8-6fe45d0af45e: receive RaftClientReply:client-964B0EA39D34->4234af2c-5377-4886-a4e8-6fe45d0af45e@group-A1165329A1F1, cid=4476, SUCCESS, logIndex=6811, commits[4234af2c-5377-4886-a4e8-6fe45d0af45e:c6812, cef72988-acf5-49ad-9ec7-695a80e7a66d:c6810, d677508c-6db9-4741-b51c-49af5e4cf22f:c6809]
2019-09-08 07:08:27,964 [grpc-default-executor-4] INFO  client.GrpcClientProtocolClient (GrpcClientProtocolClient.java:onNext(264)) - client-964B0EA39D34->4234af2c-5377-4886-a4e8-6fe45d0af45e: receive RaftClientReply:client-964B0EA39D34->4234af2c-5377-4886-a4e8-6fe45d0af45e@group-A1165329A1F1, cid=4477, SUCCESS, logIndex=6812, commits[4234af2c-5377-4886-a4e8-6fe45d0af45e:c6814, cef72988-acf5-49ad-9ec7-695a80e7a66d:c6810, d677508c-6db9-4741-b51c-49af5e4cf22f:c6810]
2019-09-08 07:08:27,965 [grpc-default-executor-4] INFO  client.GrpcClientProtocolClient (GrpcClientProtocolClient.java:onNext(264)) - client-964B0EA39D34->4234af2c-5377-4886-a4e8-6fe45d0af45e: receive RaftClientReply:client-964B0EA39D34->4234af2c-5377-4886-a4e8-6fe45d0af45e@group-A1165329A1F1, cid=4478, SUCCESS, logIndex=6813, commits[4234af2c-5377-4886-a4e8-6fe45d0af45e:c6814, cef72988-acf5-49ad-9ec7-695a80e7a66d:c6810, d677508c-6db9-4741-b51c-49af5e4cf22f:c6810]
2019-09-08 07:08:27,965 [grpc-default-executor-3] INFO  client.GrpcClientProtocolClient (GrpcClientProtocolClient.java:onNext(264)) - client-964B0EA39D34->4234af2c-5377-4886-a4e8-6fe45d0af45e: receive RaftClientReply:client-964B0EA39D34->4234af2c-5377-4886-a4e8-6fe45d0af45e@group-A1165329A1F1, cid=4479, SUCCESS, logIndex=6814, commits[4234af2c-5377-4886-a4e8-6fe45d0af45e:c6814, cef72988-acf5-49ad-9ec7-695a80e7a66d:c6810, d677508c-6db9-4741-b51c-49af5e4cf22f:c6810]
2019-09-08 07:08:27,966 [grpc-default-executor-3] INFO  client.GrpcClientProtocolClient (GrpcClientProtocolClient.java:onNext(264)) - client-964B0EA39D34->4234af2c-5377-4886-a4e8-6fe45d0af45e: receive RaftClientReply:client-964B0EA39D34->4234af2c-5377-4886-a4e8-6fe45d0af45e@group-A1165329A1F1, cid=4480, SUCCESS, logIndex=0, commits[4234af2c-5377-4886-a4e8-6fe45d0af45e:c6816, cef72988-acf5-49ad-9ec7-695a80e7a66d:c6814, d677508c-6db9-4741-b51c-49af5e4cf22f:c6814]
2019-09-08 07:08:27,987 [grpc-default-executor-0] INFO  client.GrpcClientProtocolClient (GrpcClientProtocolClient.java:onNext(264)) - client-964B0EA39D34->4234af2c-5377-4886-a4e8-6fe45d0af45e: receive RaftClientReply:client-964B0EA39D34->4234af2c-5377-4886-a4e8-6fe45d0af45e@group-A1165329A1F1, cid=4481, SUCCESS, logIndex=6817, commits[4234af2c-5377-4886-a4e8-6fe45d0af45e:c6817, cef72988-acf5-49ad-9ec7-695a80e7a66d:c6816, d677508c-6db9-4741-b51c-49af5e4cf22f:c6816]
2019-09-08 07:08:27,987 [grpc-default-executor-0] INFO  client.GrpcClientProtocolClient (GrpcClientProtocolClient.java:onNext(264)) - client-964B0EA39D34->4234af2c-5377-4886-a4e8-6fe45d0af45e: receive RaftClientReply:client-964B0EA39D34->4234af2c-5377-4886-a4e8-6fe45d0af45e@group-A1165329A1F1, cid=4482, SUCCESS, logIndex=6818, commits[4234af2c-5377-4886-a4e8-6fe45d0af45e:c6818, cef72988-acf5-49ad-9ec7-695a80e7a66d:c6816, d677508c-6db9-4741-b51c-49af5e4cf22f:c6816]
2019-09-08 07:08:28,002 [grpc-default-executor-3] INFO  client.GrpcClientProtocolClient (GrpcClientProtocolClient.java:onNext(264)) - client-964B0EA39D34->4234af2c-5377-4886-a4e8-6fe45d0af45e: receive RaftClientReply:client-964B0EA39D34->4234af2c-5377-4886-a4e8-6fe45d0af45e@group-A1165329A1F1, cid=4483, SUCCESS, logIndex=6821, commits[4234af2c-5377-4886-a4e8-6fe45d0af45e:c6822, cef72988-acf5-49ad-9ec7-695a80e7a66d:c6818, d677508c-6db9-4741-b51c-49af5e4cf22f:c6818]
2019-09-08 07:08:28,002 [grpc-default-executor-3] INFO  client.GrpcClientProtocolClient (GrpcClientProtocolClient.java:onNext(264)) - client-964B0EA39D34->4234af2c-5377-4886-a4e8-6fe45d0af45e: receive RaftClientReply:client-964B0EA39D34->4234af2c-5377-4886-a4e8-6fe45d0af45e@group-A1165329A1F1, cid=4484, SUCCESS, logIndex=6822, commits[4234af2c-5377-4886-a4e8-6fe45d0af45e:c6822, cef72988-acf5-49ad-9ec7-695a80e7a66d:c6818, d677508c-6db9-4741-b51c-49af5e4cf22f:c6818]
2019-09-08 07:08:28,017 [grpc-default-executor-3] INFO  client.GrpcClientProtocolClient (GrpcClientProtocolClient.java:onNext(264)) - client-964B0EA39D34->4234af2c-5377-4886-a4e8-6fe45d0af45e: receive RaftClientReply:client-964B0EA39D34->4234af2c-5377-4886-a4e8-6fe45d0af45e@group-A1165329A1F1, cid=4485, SUCCESS, logIndex=0, commits[4234af2c-5377-4886-a4e8-6fe45d0af45e:c6824, cef72988-acf5-49ad-9ec7-695a80e7a66d:c6822, d677508c-6db9-4741-b51c-49af5e4cf22f:c6822]
 0.00% |█                                                                                                    |  0/1 Time: 0:01:082019-09-08 07:08:28,621 [grpc-default-executor-0] INFO  client.GrpcClientProtocolClient (GrpcClientProtocolClient.java:onNext(264)) - client-964B0EA39D34->4234af2c-5377-4886-a4e8-6fe45d0af45e: receive RaftClientReply:client-964B0EA39D34->4234af2c-5377-4886-a4e8-6fe45d0af45e@group-A1165329A1F1, cid=4486, SUCCESS, logIndex=6825, commits[4234af2c-5377-4886-a4e8-6fe45d0af45e:c6825, cef72988-acf5-49ad-9ec7-695a80e7a66d:c6824, d677508c-6db9-4741-b51c-49af5e4cf22f:c6824]
2019-09-08 07:08:28,623 [grpc-default-executor-0] INFO  client.GrpcClientProtocolClient (GrpcClientProtocolClient.java:onNext(264)) - client-964B0EA39D34->4234af2c-5377-4886-a4e8-6fe45d0af45e: receive RaftClientReply:client-964B0EA39D34->4234af2c-5377-4886-a4e8-6fe45d0af45e@group-A1165329A1F1, cid=4487, SUCCESS, logIndex=6826, commits[4234af2c-5377-4886-a4e8-6fe45d0af45e:c6828, cef72988-acf5-49ad-9ec7-695a80e7a66d:c6824, d677508c-6db9-4741-b51c-49af5e4cf22f:c6824]
2019-09-08 07:08:28,623 [grpc-default-executor-0] INFO  client.GrpcClientProtocolClient (GrpcClientProtocolClient.java:onNext(264)) - client-964B0EA39D34->4234af2c-5377-4886-a4e8-6fe45d0af45e: receive RaftClientReply:client-964B0EA39D34->4234af2c-5377-4886-a4e8-6fe45d0af45e@group-A1165329A1F1, cid=4488, SUCCESS, logIndex=6827, commits[4234af2c-5377-4886-a4e8-6fe45d0af45e:c6828, cef72988-acf5-49ad-9ec7-695a80e7a66d:c6824, d677508c-6db9-4741-b51c-49af5e4cf22f:c6824]
2019-09-08 07:08:28,624 [grpc-default-executor-0] INFO  client.GrpcClientProtocolClient (GrpcClientProtocolClient.java:onNext(264)) - client-964B0EA39D34->4234af2c-5377-4886-a4e8-6fe45d0af45e: receive RaftClientReply:client-964B0EA39D34->4234af2c-5377-4886-a4e8-6fe45d0af45e@group-A1165329A1F1, cid=4489, SUCCESS, logIndex=6828, commits[4234af2c-5377-4886-a4e8-6fe45d0af45e:c6828, cef72988-acf5-49ad-9ec7-695a80e7a66d:c6824, d677508c-6db9-4741-b51c-49af5e4cf22f:c6824]
2019-09-08 07:08:28,627 [grpc-default-executor-3] INFO  client.GrpcClientProtocolClient (GrpcClientProtocolClient.java:onNext(264)) - client-964B0EA39D34->4234af2c-5377-4886-a4e8-6fe45d0af45e: receive RaftClientReply:client-964B0EA39D34->4234af2c-5377-4886-a4e8-6fe45d0af45e@group-A1165329A1F1, cid=4490, SUCCESS, logIndex=0, commits[4234af2c-5377-4886-a4e8-6fe45d0af45e:c6829, cef72988-acf5-49ad-9ec7-695a80e7a66d:c6828, d677508c-6db9-4741-b51c-49af5e4cf22f:c6828]
2019-09-08 07:08:28,645 [grpc-default-executor-0] INFO  client.GrpcClientProtocolClient (GrpcClientProtocolClient.java:onNext(264)) - client-964B0EA39D34->4234af2c-5377-4886-a4e8-6fe45d0af45e: receive RaftClientReply:client-964B0EA39D34->4234af2c-5377-4886-a4e8-6fe45d0af45e@group-A1165329A1F1, cid=4491, SUCCESS, logIndex=6831, commits[4234af2c-5377-4886-a4e8-6fe45d0af45e:c6832, cef72988-acf5-49ad-9ec7-695a80e7a66d:c6830, d677508c-6db9-4741-b51c-49af5e4cf22f:c6830]
2019-09-08 07:08:28,645 [grpc-default-executor-0] INFO  client.GrpcClientProtocolClient (GrpcClientProtocolClient.java:onNext(264)) - client-964B0EA39D34->4234af2c-5377-4886-a4e8-6fe45d0af45e: receive RaftClientReply:client-964B0EA39D34->4234af2c-5377-4886-a4e8-6fe45d0af45e@group-A1165329A1F1, cid=4492, SUCCESS, logIndex=6832, commits[4234af2c-5377-4886-a4e8-6fe45d0af45e:c6832, cef72988-acf5-49ad-9ec7-695a80e7a66d:c6830, d677508c-6db9-4741-b51c-49af5e4cf22f:c6830]
2019-09-08 07:08:28,667 [grpc-default-executor-6] INFO  client.GrpcClientProtocolClient (GrpcClientProtocolClient.java:onNext(264)) - client-964B0EA39D34->4234af2c-5377-4886-a4e8-6fe45d0af45e: receive RaftClientReply:client-964B0EA39D34->4234af2c-5377-4886-a4e8-6fe45d0af45e@group-A1165329A1F1, cid=4493, SUCCESS, logIndex=6835, commits[4234af2c-5377-4886-a4e8-6fe45d0af45e:c6836, cef72988-acf5-49ad-9ec7-695a80e7a66d:c6834, d677508c-6db9-4741-b51c-49af5e4cf22f:c6834]
2019-09-08 07:08:28,667 [grpc-default-executor-6] INFO  client.GrpcClientProtocolClient (GrpcClientProtocolClient.java:onNext(264)) - client-964B0EA39D34->4234af2c-5377-4886-a4e8-6fe45d0af45e: receive RaftClientReply:client-964B0EA39D34->4234af2c-5377-4886-a4e8-6fe45d0af45e@group-A1165329A1F1, cid=4494, SUCCESS, logIndex=6836, commits[4234af2c-5377-4886-a4e8-6fe45d0af45e:c6836, cef72988-acf5-49ad-9ec7-695a80e7a66d:c6834, d677508c-6db9-4741-b51c-49af5e4cf22f:c6834]
2019-09-08 07:08:28,679 [grpc-default-executor-6] INFO  client.GrpcClientProtocolClient (GrpcClientProtocolClient.java:onNext(264)) - client-964B0EA39D34->4234af2c-5377-4886-a4e8-6fe45d0af45e: receive RaftClientReply:client-964B0EA39D34->4234af2c-5377-4886-a4e8-6fe45d0af45e@group-A1165329A1F1, cid=4495, SUCCESS, logIndex=0, commits[4234af2c-5377-4886-a4e8-6fe45d0af45e:c6838, cef72988-acf5-49ad-9ec7-695a80e7a66d:c6836, d677508c-6db9-4741-b51c-49af5e4cf22f:c6836]
2019-09-08 07:08:28,725 [grpc-default-executor-6] INFO  client.GrpcClientProtocolClient (GrpcClientProtocolClient.java:onNext(264)) - client-964B0EA39D34->4234af2c-5377-4886-a4e8-6fe45d0af45e: receive RaftClientReply:client-964B0EA39D34->4234af2c-5377-4886-a4e8-6fe45d0af45e@group-A1165329A1F1, cid=4496, SUCCESS, logIndex=6839, commits[4234af2c-5377-4886-a4e8-6fe45d0af45e:c6841, cef72988-acf5-49ad-9ec7-695a80e7a66d:c6838, d677508c-6db9-4741-b51c-49af5e4cf22f:c6838]
2019-09-08 07:08:28,726 [grpc-default-executor-6] INFO  client.GrpcClientProtocolClient (GrpcClientProtocolClient.java:onNext(264)) - client-964B0EA39D34->4234af2c-5377-4886-a4e8-6fe45d0af45e: receive RaftClientReply:client-964B0EA39D34->4234af2c-5377-4886-a4e8-6fe45d0af45e@group-A1165329A1F1, cid=4497, SUCCESS, logIndex=6840, commits[4234af2c-5377-4886-a4e8-6fe45d0af45e:c6842, cef72988-acf5-49ad-9ec7-695a80e7a66d:c6838, d677508c-6db9-4741-b51c-49af5e4cf22f:c6838]
2019-09-08 07:08:28,726 [grpc-default-executor-6] INFO  client.GrpcClientProtocolClient (GrpcClientProtocolClient.java:onNext(264)) - client-964B0EA39D34->4234af2c-5377-4886-a4e8-6fe45d0af45e: receive RaftClientReply:client-964B0EA39D34->4234af2c-5377-4886-a4e8-6fe45d0af45e@group-A1165329A1F1, cid=4498, SUCCESS, logIndex=6841, commits[4234af2c-5377-4886-a4e8-6fe45d0af45e:c6842, cef72988-acf5-49ad-9ec7-695a80e7a66d:c6838, d677508c-6db9-4741-b51c-49af5e4cf22f:c6838]
2019-09-08 07:08:28,726 [grpc-default-executor-6] INFO  client.GrpcClientProtocolClient (GrpcClientProtocolClient.java:onNext(264)) - client-964B0EA39D34->4234af2c-5377-4886-a4e8-6fe45d0af45e: receive RaftClientReply:client-964B0EA39D34->4234af2c-5377-4886-a4e8-6fe45d0af45e@group-A1165329A1F1, cid=4499, SUCCESS, logIndex=6842, commits[4234af2c-5377-4886-a4e8-6fe45d0af45e:c6842, cef72988-acf5-49ad-9ec7-695a80e7a66d:c6838, d677508c-6db9-4741-b51c-49af5e4cf22f:c6838]
2019-09-08 07:08:28,728 [grpc-default-executor-6] INFO  client.GrpcClientProtocolClient (GrpcClientProtocolClient.java:onNext(264)) - client-964B0EA39D34->4234af2c-5377-4886-a4e8-6fe45d0af45e: receive RaftClientReply:client-964B0EA39D34->4234af2c-5377-4886-a4e8-6fe45d0af45e@group-A1165329A1F1, cid=4500, SUCCESS, logIndex=0, commits[4234af2c-5377-4886-a4e8-6fe45d0af45e:c6846, cef72988-acf5-49ad-9ec7-695a80e7a66d:c6842, d677508c-6db9-4741-b51c-49af5e4cf22f:c6840]
2019-09-08 07:08:28,748 [grpc-default-executor-4] INFO  client.GrpcClientProtocolClient (GrpcClientProtocolClient.java:onNext(264)) - client-964B0EA39D34->4234af2c-5377-4886-a4e8-6fe45d0af45e: receive RaftClientReply:client-964B0EA39D34->4234af2c-5377-4886-a4e8-6fe45d0af45e@group-A1165329A1F1, cid=4501, SUCCESS, logIndex=6847, commits[4234af2c-5377-4886-a4e8-6fe45d0af45e:c6848, cef72988-acf5-49ad-9ec7-695a80e7a66d:c6846, d677508c-6db9-4741-b51c-49af5e4cf22f:c6846]
2019-09-08 07:08:28,748 [grpc-default-executor-4] INFO  client.GrpcClientProtocolClient (GrpcClientProtocolClient.java:onNext(264)) - client-964B0EA39D34->4234af2c-5377-4886-a4e8-6fe45d0af45e: receive RaftClientReply:client-964B0EA39D34->4234af2c-5377-4886-a4e8-6fe45d0af45e@group-A1165329A1F1, cid=4502, SUCCESS, logIndex=6848, commits[4234af2c-5377-4886-a4e8-6fe45d0af45e:c6848, cef72988-acf5-49ad-9ec7-695a80e7a66d:c6846, d677508c-6db9-4741-b51c-49af5e4cf22f:c6846]
2019-09-08 07:08:28,761 [grpc-default-executor-4] INFO  client.GrpcClientProtocolClient (GrpcClientProtocolClient.java:onNext(264)) - client-964B0EA39D34->4234af2c-5377-4886-a4e8-6fe45d0af45e: receive RaftClientReply:client-964B0EA39D34->4234af2c-5377-4886-a4e8-6fe45d0af45e@group-A1165329A1F1, cid=4503, SUCCESS, logIndex=6851, commits[4234af2c-5377-4886-a4e8-6fe45d0af45e:c6852, cef72988-acf5-49ad-9ec7-695a80e7a66d:c6848, d677508c-6db9-4741-b51c-49af5e4cf22f:c6848]
2019-09-08 07:08:28,762 [grpc-default-executor-4] INFO  client.GrpcClientProtocolClient (GrpcClientProtocolClient.java:onNext(264)) - client-964B0EA39D34->4234af2c-5377-4886-a4e8-6fe45d0af45e: receive RaftClientReply:client-964B0EA39D34->4234af2c-5377-4886-a4e8-6fe45d0af45e@group-A1165329A1F1, cid=4504, SUCCESS, logIndex=6852, commits[4234af2c-5377-4886-a4e8-6fe45d0af45e:c6852, cef72988-acf5-49ad-9ec7-695a80e7a66d:c6848, d677508c-6db9-4741-b51c-49af5e4cf22f:c6848]
2019-09-08 07:08:28,775 [grpc-default-executor-4] INFO  client.GrpcClientProtocolClient (GrpcClientProtocolClient.java:onNext(264)) - client-964B0EA39D34->4234af2c-5377-4886-a4e8-6fe45d0af45e: receive RaftClientReply:client-964B0EA39D34->4234af2c-5377-4886-a4e8-6fe45d0af45e@group-A1165329A1F1, cid=4505, SUCCESS, logIndex=0, commits[4234af2c-5377-4886-a4e8-6fe45d0af45e:c6854, cef72988-acf5-49ad-9ec7-695a80e7a66d:c6852, d677508c-6db9-4741-b51c-49af5e4cf22f:c6852]
2019-09-08 07:08:28,804 [grpc-default-executor-6] INFO  client.GrpcClientProtocolClient (GrpcClientProtocolClient.java:onNext(264)) - client-964B0EA39D34->4234af2c-5377-4886-a4e8-6fe45d0af45e: receive RaftClientReply:client-964B0EA39D34->4234af2c-5377-4886-a4e8-6fe45d0af45e@group-A1165329A1F1, cid=4506, SUCCESS, logIndex=6855, commits[4234af2c-5377-4886-a4e8-6fe45d0af45e:c6856, cef72988-acf5-49ad-9ec7-695a80e7a66d:c6854, d677508c-6db9-4741-b51c-49af5e4cf22f:c6854]
2019-09-08 07:08:28,804 [grpc-default-executor-6] INFO  client.GrpcClientProtocolClient (GrpcClientProtocolClient.java:onNext(264)) - client-964B0EA39D34->4234af2c-5377-4886-a4e8-6fe45d0af45e: receive RaftClientReply:client-964B0EA39D34->4234af2c-5377-4886-a4e8-6fe45d0af45e@group-A1165329A1F1, cid=4507, SUCCESS, logIndex=6856, commits[4234af2c-5377-4886-a4e8-6fe45d0af45e:c6856, cef72988-acf5-49ad-9ec7-695a80e7a66d:c6854, d677508c-6db9-4741-b51c-49af5e4cf22f:c6854]
2019-09-08 07:08:28,805 [grpc-default-executor-6] INFO  client.GrpcClientProtocolClient (GrpcClientProtocolClient.java:onNext(264)) - client-964B0EA39D34->4234af2c-5377-4886-a4e8-6fe45d0af45e: receive RaftClientReply:client-964B0EA39D34->4234af2c-5377-4886-a4e8-6fe45d0af45e@group-A1165329A1F1, cid=4508, SUCCESS, logIndex=6857, commits[4234af2c-5377-4886-a4e8-6fe45d0af45e:c6858, cef72988-acf5-49ad-9ec7-695a80e7a66d:c6854, d677508c-6db9-4741-b51c-49af5e4cf22f:c6854]
2019-09-08 07:08:28,805 [grpc-default-executor-6] INFO  client.GrpcClientProtocolClient (GrpcClientProtocolClient.java:onNext(264)) - client-964B0EA39D34->4234af2c-5377-4886-a4e8-6fe45d0af45e: receive RaftClientReply:client-964B0EA39D34->4234af2c-5377-4886-a4e8-6fe45d0af45e@group-A1165329A1F1, cid=4509, SUCCESS, logIndex=6858, commits[4234af2c-5377-4886-a4e8-6fe45d0af45e:c6858, cef72988-acf5-49ad-9ec7-695a80e7a66d:c6854, d677508c-6db9-4741-b51c-49af5e4cf22f:c6854]
2019-09-08 07:08:28,812 [grpc-default-executor-0] INFO  client.GrpcClientProtocolClient (GrpcClientProtocolClient.java:onNext(264)) - client-964B0EA39D34->4234af2c-5377-4886-a4e8-6fe45d0af45e: receive RaftClientReply:client-964B0EA39D34->4234af2c-5377-4886-a4e8-6fe45d0af45e@group-A1165329A1F1, cid=4510, SUCCESS, logIndex=0, commits[4234af2c-5377-4886-a4e8-6fe45d0af45e:c6860, cef72988-acf5-49ad-9ec7-695a80e7a66d:c6856, d677508c-6db9-4741-b51c-49af5e4cf22f:c6857]
2019-09-08 07:08:28,825 [grpc-default-executor-0] INFO  client.GrpcClientProtocolClient (GrpcClientProtocolClient.java:onNext(264)) - client-964B0EA39D34->4234af2c-5377-4886-a4e8-6fe45d0af45e: receive RaftClientReply:client-964B0EA39D34->4234af2c-5377-4886-a4e8-6fe45d0af45e@group-A1165329A1F1, cid=4511, SUCCESS, logIndex=6863, commits[4234af2c-5377-4886-a4e8-6fe45d0af45e:c6864, cef72988-acf5-49ad-9ec7-695a80e7a66d:c6862, d677508c-6db9-4741-b51c-49af5e4cf22f:c6862]
2019-09-08 07:08:28,825 [grpc-default-executor-0] INFO  client.GrpcClientProtocolClient (GrpcClientProtocolClient.java:onNext(264)) - client-964B0EA39D34->4234af2c-5377-4886-a4e8-6fe45d0af45e: receive RaftClientReply:client-964B0EA39D34->4234af2c-5377-4886-a4e8-6fe45d0af45e@group-A1165329A1F1, cid=4512, SUCCESS, logIndex=6864, commits[4234af2c-5377-4886-a4e8-6fe45d0af45e:c6864, cef72988-acf5-49ad-9ec7-695a80e7a66d:c6862, d677508c-6db9-4741-b51c-49af5e4cf22f:c6862]
2019-09-08 07:08:28,866 [grpc-default-executor-6] INFO  client.GrpcClientProtocolClient (GrpcClientProtocolClient.java:onNext(264)) - client-964B0EA39D34->4234af2c-5377-4886-a4e8-6fe45d0af45e: receive RaftClientReply:client-964B0EA39D34->4234af2c-5377-4886-a4e8-6fe45d0af45e@group-A1165329A1F1, cid=4513, SUCCESS, logIndex=6867, commits[4234af2c-5377-4886-a4e8-6fe45d0af45e:c6867, cef72988-acf5-49ad-9ec7-695a80e7a66d:c6864, d677508c-6db9-4741-b51c-49af5e4cf22f:c6864]
2019-09-08 07:08:28,866 [grpc-default-executor-6] INFO  client.GrpcClientProtocolClient (GrpcClientProtocolClient.java:onNext(264)) - client-964B0EA39D34->4234af2c-5377-4886-a4e8-6fe45d0af45e: receive RaftClientReply:client-964B0EA39D34->4234af2c-5377-4886-a4e8-6fe45d0af45e@group-A1165329A1F1, cid=4514, SUCCESS, logIndex=6868, commits[4234af2c-5377-4886-a4e8-6fe45d0af45e:c6868, cef72988-acf5-49ad-9ec7-695a80e7a66d:c6864, d677508c-6db9-4741-b51c-49af5e4cf22f:c6864]
 0.00% |█                                                                                                    |  0/1 Time: 0:01:092019-09-08 07:08:29,564 [grpc-default-executor-6] INFO  client.GrpcClientProtocolClient (GrpcClientProtocolClient.java:onNext(264)) - client-964B0EA39D34->4234af2c-5377-4886-a4e8-6fe45d0af45e: receive RaftClientReply:client-964B0EA39D34->4234af2c-5377-4886-a4e8-6fe45d0af45e@group-A1165329A1F1, cid=4515, SUCCESS, logIndex=0, commits[4234af2c-5377-4886-a4e8-6fe45d0af45e:c6870, cef72988-acf5-49ad-9ec7-695a80e7a66d:c6868, d677508c-6db9-4741-b51c-49af5e4cf22f:c6868]
 0.00% |█                                                                                                    |  0/1 Time: 0:01:102019-09-08 07:08:30,819 [grpc-default-executor-4] INFO  client.GrpcClientProtocolClient (GrpcClientProtocolClient.java:onNext(264)) - client-964B0EA39D34->4234af2c-5377-4886-a4e8-6fe45d0af45e: receive RaftClientReply:client-964B0EA39D34->4234af2c-5377-4886-a4e8-6fe45d0af45e@group-A1165329A1F1, cid=4516, SUCCESS, logIndex=6871, commits[4234af2c-5377-4886-a4e8-6fe45d0af45e:c6872, cef72988-acf5-49ad-9ec7-695a80e7a66d:c6870, d677508c-6db9-4741-b51c-49af5e4cf22f:c6870]
2019-09-08 07:08:30,821 [grpc-default-executor-4] INFO  client.GrpcClientProtocolClient (GrpcClientProtocolClient.java:onNext(264)) - client-964B0EA39D34->4234af2c-5377-4886-a4e8-6fe45d0af45e: receive RaftClientReply:client-964B0EA39D34->4234af2c-5377-4886-a4e8-6fe45d0af45e@group-A1165329A1F1, cid=4517, SUCCESS, logIndex=6872, commits[4234af2c-5377-4886-a4e8-6fe45d0af45e:c6872, cef72988-acf5-49ad-9ec7-695a80e7a66d:c6870, d677508c-6db9-4741-b51c-49af5e4cf22f:c6870]
 0.00% |█                                                                                                    |  0/1 Time: 0:01:11 0.00% |█                                                                                                    |  0/1 Time: 0:01:122019-09-08 07:08:32,606 [java.util.concurrent.ThreadPoolExecutor$Worker@7946568[State = -1, empty queue]] WARN  server.GrpcLogAppender (GrpcLogAppender.java:timeoutAppendRequest(200)) - 4234af2c-5377-4886-a4e8-6fe45d0af45e@group-A1165329A1F1->d677508c-6db9-4741-b51c-49af5e4cf22f-GrpcLogAppender: appendEntries Timeout, request=4234af2c-5377-4886-a4e8-6fe45d0af45e->d677508c-6db9-4741-b51c-49af5e4cf22f#6884-t2, previous=(t:2, i:6872), leaderCommit=6870, initializing? false, entries: size=1, first=(t:2, i:6873), STATEMACHINELOGENTRY, client-964B0EA39D34, cid=4518
2019-09-08 07:08:32,607 [java.util.concurrent.ThreadPoolExecutor$Worker@7946568[State = -1, empty queue]] WARN  server.GrpcLogAppender (GrpcLogAppender.java:timeoutAppendRequest(200)) - 4234af2c-5377-4886-a4e8-6fe45d0af45e@group-A1165329A1F1->d677508c-6db9-4741-b51c-49af5e4cf22f-GrpcLogAppender: appendEntries Timeout, request=4234af2c-5377-4886-a4e8-6fe45d0af45e->d677508c-6db9-4741-b51c-49af5e4cf22f#6885-t2, previous=(t:2, i:6873), leaderCommit=6870, initializing? false, entries: size=1, first=(t:2, i:6874), STATEMACHINELOGENTRY, client-964B0EA39D34, cid=4519
 0.00% |█                                                                                                    |  0/1 Time: 0:01:132019-09-08 07:08:33,429 [grpc-default-executor-4] WARN  server.GrpcLogAppender (GrpcLogAppender.java:onNextImpl(251)) - 4234af2c-5377-4886-a4e8-6fe45d0af45e@group-A1165329A1F1->d677508c-6db9-4741-b51c-49af5e4cf22f-AppendLogResponseHandler: Request not found, ignoring reply: 4234af2c-5377-4886-a4e8-6fe45d0af45e<-d677508c-6db9-4741-b51c-49af5e4cf22f#6884:OK,SUCCESS,nextIndex:6874,term:2,followerCommit:6872
2019-09-08 07:08:33,432 [grpc-default-executor-4] WARN  server.GrpcLogAppender (GrpcLogAppender.java:onNextImpl(251)) - 4234af2c-5377-4886-a4e8-6fe45d0af45e@group-A1165329A1F1->d677508c-6db9-4741-b51c-49af5e4cf22f-AppendLogResponseHandler: Request not found, ignoring reply: 4234af2c-5377-4886-a4e8-6fe45d0af45e<-d677508c-6db9-4741-b51c-49af5e4cf22f#6885:OK,SUCCESS,nextIndex:6875,term:2,followerCommit:6872
2019-09-08 07:08:33,432 [grpc-default-executor-6] INFO  client.GrpcClientProtocolClient (GrpcClientProtocolClient.java:onNext(264)) - client-964B0EA39D34->4234af2c-5377-4886-a4e8-6fe45d0af45e: receive RaftClientReply:client-964B0EA39D34->4234af2c-5377-4886-a4e8-6fe45d0af45e@group-A1165329A1F1, cid=4518, SUCCESS, logIndex=6873, commits[4234af2c-5377-4886-a4e8-6fe45d0af45e:c6874, cef72988-acf5-49ad-9ec7-695a80e7a66d:c6872, d677508c-6db9-4741-b51c-49af5e4cf22f:c6870]
2019-09-08 07:08:33,434 [grpc-default-executor-6] INFO  client.GrpcClientProtocolClient (GrpcClientProtocolClient.java:onNext(264)) - client-964B0EA39D34->4234af2c-5377-4886-a4e8-6fe45d0af45e: receive RaftClientReply:client-964B0EA39D34->4234af2c-5377-4886-a4e8-6fe45d0af45e@group-A1165329A1F1, cid=4519, SUCCESS, logIndex=6874, commits[4234af2c-5377-4886-a4e8-6fe45d0af45e:c6874, cef72988-acf5-49ad-9ec7-695a80e7a66d:c6872, d677508c-6db9-4741-b51c-49af5e4cf22f:c6870]
 0.00% |█                                                                                                    |  0/1 Time: 0:01:14 0.00% |█                                                                                                    |  0/1 Time: 0:01:15 0.00% |█                                                                                                    |  0/1 Time: 0:01:16 0.00% |█                                                                                                    |  0/1 Time: 0:01:17 0.00% |█                                                                                                    |  0/1 Time: 0:01:182019-09-08 07:08:38,660 [grpc-default-executor-6] INFO  client.GrpcClientProtocolClient (GrpcClientProtocolClient.java:onNext(264)) - client-964B0EA39D34->d677508c-6db9-4741-b51c-49af5e4cf22f: receive RaftClientReply:client-964B0EA39D34->d677508c-6db9-4741-b51c-49af5e4cf22f@group-A1165329A1F1, cid=4518, FAILED org.apache.ratis.protocol.NotLeaderException: Server d677508c-6db9-4741-b51c-49af5e4cf22f@group-A1165329A1F1 is not the leader 4234af2c-5377-4886-a4e8-6fe45d0af45e:192.168.5.179:46359, logIndex=0, commits[d677508c-6db9-4741-b51c-49af5e4cf22f:c6877, cef72988-acf5-49ad-9ec7-695a80e7a66d:c6877, 4234af2c-5377-4886-a4e8-6fe45d0af45e:c6877]
2019-09-08 07:08:38,689 [grpc-default-executor-6] INFO  client.GrpcClientProtocolClient (GrpcClientProtocolClient.java:onNext(264)) - client-964B0EA39D34->4234af2c-5377-4886-a4e8-6fe45d0af45e: receive RaftClientReply:client-964B0EA39D34->4234af2c-5377-4886-a4e8-6fe45d0af45e@group-A1165329A1F1, cid=4518, SUCCESS, logIndex=6873, commits[4234af2c-5377-4886-a4e8-6fe45d0af45e:c6874, cef72988-acf5-49ad-9ec7-695a80e7a66d:c6872, d677508c-6db9-4741-b51c-49af5e4cf22f:c6870]
2019-09-08 07:08:38,697 [grpc-default-executor-6] INFO  client.GrpcClientProtocolClient (GrpcClientProtocolClient.java:onNext(264)) - client-964B0EA39D34->4234af2c-5377-4886-a4e8-6fe45d0af45e: receive RaftClientReply:client-964B0EA39D34->4234af2c-5377-4886-a4e8-6fe45d0af45e@group-A1165329A1F1, cid=4519, SUCCESS, logIndex=6874, commits[4234af2c-5377-4886-a4e8-6fe45d0af45e:c6874, cef72988-acf5-49ad-9ec7-695a80e7a66d:c6872, d677508c-6db9-4741-b51c-49af5e4cf22f:c6870]
2019-09-08 07:08:38,702 [grpc-default-executor-6] INFO  client.GrpcClientProtocolClient (GrpcClientProtocolClient.java:onNext(264)) - client-964B0EA39D34->4234af2c-5377-4886-a4e8-6fe45d0af45e: receive RaftClientReply:client-964B0EA39D34->4234af2c-5377-4886-a4e8-6fe45d0af45e@group-A1165329A1F1, cid=4520, SUCCESS, logIndex=0, commits[4234af2c-5377-4886-a4e8-6fe45d0af45e:c6877, cef72988-acf5-49ad-9ec7-695a80e7a66d:c6877, d677508c-6db9-4741-b51c-49af5e4cf22f:c6877]
2019-09-08 07:08:38,729 [grpc-default-executor-0] INFO  client.GrpcClientProtocolClient (GrpcClientProtocolClient.java:onNext(264)) - client-964B0EA39D34->4234af2c-5377-4886-a4e8-6fe45d0af45e: receive RaftClientReply:client-964B0EA39D34->4234af2c-5377-4886-a4e8-6fe45d0af45e@group-A1165329A1F1, cid=4521, SUCCESS, logIndex=6878, commits[4234af2c-5377-4886-a4e8-6fe45d0af45e:c6879, cef72988-acf5-49ad-9ec7-695a80e7a66d:c6877, d677508c-6db9-4741-b51c-49af5e4cf22f:c6877]
2019-09-08 07:08:38,732 [grpc-default-executor-0] INFO  client.GrpcClientProtocolClient (GrpcClientProtocolClient.java:onNext(264)) - client-964B0EA39D34->4234af2c-5377-4886-a4e8-6fe45d0af45e: receive RaftClientReply:client-964B0EA39D34->4234af2c-5377-4886-a4e8-6fe45d0af45e@group-A1165329A1F1, cid=4522, SUCCESS, logIndex=6879, commits[4234af2c-5377-4886-a4e8-6fe45d0af45e:c6879, cef72988-acf5-49ad-9ec7-695a80e7a66d:c6877, d677508c-6db9-4741-b51c-49af5e4cf22f:c6877]
2019-09-08 07:08:38,749 [grpc-default-executor-0] INFO  client.GrpcClientProtocolClient (GrpcClientProtocolClient.java:onNext(264)) - client-964B0EA39D34->4234af2c-5377-4886-a4e8-6fe45d0af45e: receive RaftClientReply:client-964B0EA39D34->4234af2c-5377-4886-a4e8-6fe45d0af45e@group-A1165329A1F1, cid=4523, SUCCESS, logIndex=6882, commits[4234af2c-5377-4886-a4e8-6fe45d0af45e:c6883, cef72988-acf5-49ad-9ec7-695a80e7a66d:c6879, d677508c-6db9-4741-b51c-49af5e4cf22f:c6881]
2019-09-08 07:08:38,750 [grpc-default-executor-0] INFO  client.GrpcClientProtocolClient (GrpcClientProtocolClient.java:onNext(264)) - client-964B0EA39D34->4234af2c-5377-4886-a4e8-6fe45d0af45e: receive RaftClientReply:client-964B0EA39D34->4234af2c-5377-4886-a4e8-6fe45d0af45e@group-A1165329A1F1, cid=4524, SUCCESS, logIndex=6883, commits[4234af2c-5377-4886-a4e8-6fe45d0af45e:c6883, cef72988-acf5-49ad-9ec7-695a80e7a66d:c6881, d677508c-6db9-4741-b51c-49af5e4cf22f:c6881]
2019-09-08 07:08:38,751 [grpc-default-executor-4] INFO  client.GrpcClientProtocolClient (GrpcClientProtocolClient.java:onNext(264)) - client-964B0EA39D34->4234af2c-5377-4886-a4e8-6fe45d0af45e: receive RaftClientReply:client-964B0EA39D34->4234af2c-5377-4886-a4e8-6fe45d0af45e@group-A1165329A1F1, cid=4525, SUCCESS, logIndex=0, commits[4234af2c-5377-4886-a4e8-6fe45d0af45e:c6884, cef72988-acf5-49ad-9ec7-695a80e7a66d:c6883, d677508c-6db9-4741-b51c-49af5e4cf22f:c6883]
2019-09-08 07:08:38,800 [grpc-default-executor-0] INFO  client.GrpcClientProtocolClient (GrpcClientProtocolClient.java:onNext(264)) - client-964B0EA39D34->4234af2c-5377-4886-a4e8-6fe45d0af45e: receive RaftClientReply:client-964B0EA39D34->4234af2c-5377-4886-a4e8-6fe45d0af45e@group-A1165329A1F1, cid=4526, SUCCESS, logIndex=6886, commits[4234af2c-5377-4886-a4e8-6fe45d0af45e:c6887, cef72988-acf5-49ad-9ec7-695a80e7a66d:c6883, d677508c-6db9-4741-b51c-49af5e4cf22f:c6885]
2019-09-08 07:08:38,801 [grpc-default-executor-0] INFO  client.GrpcClientProtocolClient (GrpcClientProtocolClient.java:onNext(264)) - client-964B0EA39D34->4234af2c-5377-4886-a4e8-6fe45d0af45e: receive RaftClientReply:client-964B0EA39D34->4234af2c-5377-4886-a4e8-6fe45d0af45e@group-A1165329A1F1, cid=4527, SUCCESS, logIndex=6887, commits[4234af2c-5377-4886-a4e8-6fe45d0af45e:c6887, cef72988-acf5-49ad-9ec7-695a80e7a66d:c6883, d677508c-6db9-4741-b51c-49af5e4cf22f:c6885]
2019-09-08 07:08:38,813 [grpc-default-executor-0] INFO  client.GrpcClientProtocolClient (GrpcClientProtocolClient.java:onNext(264)) - client-964B0EA39D34->4234af2c-5377-4886-a4e8-6fe45d0af45e: receive RaftClientReply:client-964B0EA39D34->4234af2c-5377-4886-a4e8-6fe45d0af45e@group-A1165329A1F1, cid=4528, SUCCESS, logIndex=6888, commits[4234af2c-5377-4886-a4e8-6fe45d0af45e:c6890, cef72988-acf5-49ad-9ec7-695a80e7a66d:c6885, d677508c-6db9-4741-b51c-49af5e4cf22f:c6886]
2019-09-08 07:08:38,814 [grpc-default-executor-0] INFO  client.GrpcClientProtocolClient (GrpcClientProtocolClient.java:onNext(264)) - client-964B0EA39D34->4234af2c-5377-4886-a4e8-6fe45d0af45e: receive RaftClientReply:client-964B0EA39D34->4234af2c-5377-4886-a4e8-6fe45d0af45e@group-A1165329A1F1, cid=4529, SUCCESS, logIndex=6889, commits[4234af2c-5377-4886-a4e8-6fe45d0af45e:c6891, cef72988-acf5-49ad-9ec7-695a80e7a66d:c6886, d677508c-6db9-4741-b51c-49af5e4cf22f:c6887]
2019-09-08 07:08:38,815 [grpc-default-executor-0] INFO  client.GrpcClientProtocolClient (GrpcClientProtocolClient.java:onNext(264)) - client-964B0EA39D34->4234af2c-5377-4886-a4e8-6fe45d0af45e: receive RaftClientReply:client-964B0EA39D34->4234af2c-5377-4886-a4e8-6fe45d0af45e@group-A1165329A1F1, cid=4530, SUCCESS, logIndex=0, commits[4234af2c-5377-4886-a4e8-6fe45d0af45e:c6891, cef72988-acf5-49ad-9ec7-695a80e7a66d:c6887, d677508c-6db9-4741-b51c-49af5e4cf22f:c6887]
2019-09-08 07:08:38,844 [grpc-default-executor-4] INFO  client.GrpcClientProtocolClient (GrpcClientProtocolClient.java:onNext(264)) - client-964B0EA39D34->4234af2c-5377-4886-a4e8-6fe45d0af45e: receive RaftClientReply:client-964B0EA39D34->4234af2c-5377-4886-a4e8-6fe45d0af45e@group-A1165329A1F1, cid=4531, SUCCESS, logIndex=6894, commits[4234af2c-5377-4886-a4e8-6fe45d0af45e:c6895, cef72988-acf5-49ad-9ec7-695a80e7a66d:c6891, d677508c-6db9-4741-b51c-49af5e4cf22f:c6889]
2019-09-08 07:08:38,845 [grpc-default-executor-4] INFO  client.GrpcClientProtocolClient (GrpcClientProtocolClient.java:onNext(264)) - client-964B0EA39D34->4234af2c-5377-4886-a4e8-6fe45d0af45e: receive RaftClientReply:client-964B0EA39D34->4234af2c-5377-4886-a4e8-6fe45d0af45e@group-A1165329A1F1, cid=4532, SUCCESS, logIndex=6895, commits[4234af2c-5377-4886-a4e8-6fe45d0af45e:c6895, cef72988-acf5-49ad-9ec7-695a80e7a66d:c6891, d677508c-6db9-4741-b51c-49af5e4cf22f:c6891]
2019-09-08 07:08:38,870 [grpc-default-executor-3] INFO  client.GrpcClientProtocolClient (GrpcClientProtocolClient.java:onNext(264)) - client-964B0EA39D34->4234af2c-5377-4886-a4e8-6fe45d0af45e: receive RaftClientReply:client-964B0EA39D34->4234af2c-5377-4886-a4e8-6fe45d0af45e@group-A1165329A1F1, cid=4533, SUCCESS, logIndex=6898, commits[4234af2c-5377-4886-a4e8-6fe45d0af45e:c6898, cef72988-acf5-49ad-9ec7-695a80e7a66d:c6895, d677508c-6db9-4741-b51c-49af5e4cf22f:c6895]
2019-09-08 07:08:38,870 [grpc-default-executor-3] INFO  client.GrpcClientProtocolClient (GrpcClientProtocolClient.java:onNext(264)) - client-964B0EA39D34->4234af2c-5377-4886-a4e8-6fe45d0af45e: receive RaftClientReply:client-964B0EA39D34->4234af2c-5377-4886-a4e8-6fe45d0af45e@group-A1165329A1F1, cid=4534, SUCCESS, logIndex=6899, commits[4234af2c-5377-4886-a4e8-6fe45d0af45e:c6899, cef72988-acf5-49ad-9ec7-695a80e7a66d:c6895, d677508c-6db9-4741-b51c-49af5e4cf22f:c6895]
2019-09-08 07:08:38,879 [grpc-default-executor-3] INFO  client.GrpcClientProtocolClient (GrpcClientProtocolClient.java:onNext(264)) - client-964B0EA39D34->4234af2c-5377-4886-a4e8-6fe45d0af45e: receive RaftClientReply:client-964B0EA39D34->4234af2c-5377-4886-a4e8-6fe45d0af45e@group-A1165329A1F1, cid=4535, SUCCESS, logIndex=0, commits[4234af2c-5377-4886-a4e8-6fe45d0af45e:c6901, cef72988-acf5-49ad-9ec7-695a80e7a66d:c6899, d677508c-6db9-4741-b51c-49af5e4cf22f:c6899]
2019-09-08 07:08:38,927 [grpc-default-executor-0] INFO  client.GrpcClientProtocolClient (GrpcClientProtocolClient.java:onNext(264)) - client-964B0EA39D34->4234af2c-5377-4886-a4e8-6fe45d0af45e: receive RaftClientReply:client-964B0EA39D34->4234af2c-5377-4886-a4e8-6fe45d0af45e@group-A1165329A1F1, cid=4536, SUCCESS, logIndex=6902, commits[4234af2c-5377-4886-a4e8-6fe45d0af45e:c6903, cef72988-acf5-49ad-9ec7-695a80e7a66d:c6899, d677508c-6db9-4741-b51c-49af5e4cf22f:c6901]
2019-09-08 07:08:38,927 [grpc-default-executor-0] INFO  client.GrpcClientProtocolClient (GrpcClientProtocolClient.java:onNext(264)) - client-964B0EA39D34->4234af2c-5377-4886-a4e8-6fe45d0af45e: receive RaftClientReply:client-964B0EA39D34->4234af2c-5377-4886-a4e8-6fe45d0af45e@group-A1165329A1F1, cid=4537, SUCCESS, logIndex=6903, commits[4234af2c-5377-4886-a4e8-6fe45d0af45e:c6903, cef72988-acf5-49ad-9ec7-695a80e7a66d:c6899, d677508c-6db9-4741-b51c-49af5e4cf22f:c6901]
2019-09-08 07:08:38,938 [grpc-default-executor-4] INFO  client.GrpcClientProtocolClient (GrpcClientProtocolClient.java:onNext(264)) - client-964B0EA39D34->4234af2c-5377-4886-a4e8-6fe45d0af45e: receive RaftClientReply:client-964B0EA39D34->4234af2c-5377-4886-a4e8-6fe45d0af45e@group-A1165329A1F1, cid=4538, SUCCESS, logIndex=6904, commits[4234af2c-5377-4886-a4e8-6fe45d0af45e:c6905, cef72988-acf5-49ad-9ec7-695a80e7a66d:c6901, d677508c-6db9-4741-b51c-49af5e4cf22f:c6901]
2019-09-08 07:08:38,939 [grpc-default-executor-4] INFO  client.GrpcClientProtocolClient (GrpcClientProtocolClient.java:onNext(264)) - client-964B0EA39D34->4234af2c-5377-4886-a4e8-6fe45d0af45e: receive RaftClientReply:client-964B0EA39D34->4234af2c-5377-4886-a4e8-6fe45d0af45e@group-A1165329A1F1, cid=4539, SUCCESS, logIndex=6905, commits[4234af2c-5377-4886-a4e8-6fe45d0af45e:c6905, cef72988-acf5-49ad-9ec7-695a80e7a66d:c6901, d677508c-6db9-4741-b51c-49af5e4cf22f:c6901]
2019-09-08 07:08:38,940 [grpc-default-executor-4] INFO  client.GrpcClientProtocolClient (GrpcClientProtocolClient.java:onNext(264)) - client-964B0EA39D34->4234af2c-5377-4886-a4e8-6fe45d0af45e: receive RaftClientReply:client-964B0EA39D34->4234af2c-5377-4886-a4e8-6fe45d0af45e@group-A1165329A1F1, cid=4540, SUCCESS, logIndex=0, commits[4234af2c-5377-4886-a4e8-6fe45d0af45e:c6907, cef72988-acf5-49ad-9ec7-695a80e7a66d:c6903, d677508c-6db9-4741-b51c-49af5e4cf22f:c6903]
2019-09-08 07:08:38,953 [grpc-default-executor-4] INFO  client.GrpcClientProtocolClient (GrpcClientProtocolClient.java:onNext(264)) - client-964B0EA39D34->4234af2c-5377-4886-a4e8-6fe45d0af45e: receive RaftClientReply:client-964B0EA39D34->4234af2c-5377-4886-a4e8-6fe45d0af45e@group-A1165329A1F1, cid=4541, SUCCESS, logIndex=6910, commits[4234af2c-5377-4886-a4e8-6fe45d0af45e:c6911, cef72988-acf5-49ad-9ec7-695a80e7a66d:c6907, d677508c-6db9-4741-b51c-49af5e4cf22f:c6907]
2019-09-08 07:08:38,954 [grpc-default-executor-4] INFO  client.GrpcClientProtocolClient (GrpcClientProtocolClient.java:onNext(264)) - client-964B0EA39D34->4234af2c-5377-4886-a4e8-6fe45d0af45e: receive RaftClientReply:client-964B0EA39D34->4234af2c-5377-4886-a4e8-6fe45d0af45e@group-A1165329A1F1, cid=4542, SUCCESS, logIndex=6911, commits[4234af2c-5377-4886-a4e8-6fe45d0af45e:c6911, cef72988-acf5-49ad-9ec7-695a80e7a66d:c6907, d677508c-6db9-4741-b51c-49af5e4cf22f:c6907]
2019-09-08 07:08:38,969 [grpc-default-executor-4] INFO  client.GrpcClientProtocolClient (GrpcClientProtocolClient.java:onNext(264)) - client-964B0EA39D34->4234af2c-5377-4886-a4e8-6fe45d0af45e: receive RaftClientReply:client-964B0EA39D34->4234af2c-5377-4886-a4e8-6fe45d0af45e@group-A1165329A1F1, cid=4543, SUCCESS, logIndex=6914, commits[4234af2c-5377-4886-a4e8-6fe45d0af45e:c6915, cef72988-acf5-49ad-9ec7-695a80e7a66d:c6913, d677508c-6db9-4741-b51c-49af5e4cf22f:c6913]
2019-09-08 07:08:38,969 [grpc-default-executor-4] INFO  client.GrpcClientProtocolClient (GrpcClientProtocolClient.java:onNext(264)) - client-964B0EA39D34->4234af2c-5377-4886-a4e8-6fe45d0af45e: receive RaftClientReply:client-964B0EA39D34->4234af2c-5377-4886-a4e8-6fe45d0af45e@group-A1165329A1F1, cid=4544, SUCCESS, logIndex=6915, commits[4234af2c-5377-4886-a4e8-6fe45d0af45e:c6915, cef72988-acf5-49ad-9ec7-695a80e7a66d:c6913, d677508c-6db9-4741-b51c-49af5e4cf22f:c6913]
2019-09-08 07:08:38,981 [grpc-default-executor-4] INFO  client.GrpcClientProtocolClient (GrpcClientProtocolClient.java:onNext(264)) - client-964B0EA39D34->4234af2c-5377-4886-a4e8-6fe45d0af45e: receive RaftClientReply:client-964B0EA39D34->4234af2c-5377-4886-a4e8-6fe45d0af45e@group-A1165329A1F1, cid=4545, SUCCESS, logIndex=0, commits[4234af2c-5377-4886-a4e8-6fe45d0af45e:c6916, cef72988-acf5-49ad-9ec7-695a80e7a66d:c6915, d677508c-6db9-4741-b51c-49af5e4cf22f:c6915]
2019-09-08 07:08:39,020 [grpc-default-executor-3] INFO  client.GrpcClientProtocolClient (GrpcClientProtocolClient.java:onNext(264)) - client-964B0EA39D34->4234af2c-5377-4886-a4e8-6fe45d0af45e: receive RaftClientReply:client-964B0EA39D34->4234af2c-5377-4886-a4e8-6fe45d0af45e@group-A1165329A1F1, cid=4546, SUCCESS, logIndex=6918, commits[4234af2c-5377-4886-a4e8-6fe45d0af45e:c6919, cef72988-acf5-49ad-9ec7-695a80e7a66d:c6917, d677508c-6db9-4741-b51c-49af5e4cf22f:c6917]
2019-09-08 07:08:39,021 [grpc-default-executor-3] INFO  client.GrpcClientProtocolClient (GrpcClientProtocolClient.java:onNext(264)) - client-964B0EA39D34->4234af2c-5377-4886-a4e8-6fe45d0af45e: receive RaftClientReply:client-964B0EA39D34->4234af2c-5377-4886-a4e8-6fe45d0af45e@group-A1165329A1F1, cid=4547, SUCCESS, logIndex=6919, commits[4234af2c-5377-4886-a4e8-6fe45d0af45e:c6919, cef72988-acf5-49ad-9ec7-695a80e7a66d:c6917, d677508c-6db9-4741-b51c-49af5e4cf22f:c6917]
2019-09-08 07:08:39,022 [grpc-default-executor-0] INFO  client.GrpcClientProtocolClient (GrpcClientProtocolClient.java:onNext(264)) - client-964B0EA39D34->4234af2c-5377-4886-a4e8-6fe45d0af45e: receive RaftClientReply:client-964B0EA39D34->4234af2c-5377-4886-a4e8-6fe45d0af45e@group-A1165329A1F1, cid=4548, SUCCESS, logIndex=6920, commits[4234af2c-5377-4886-a4e8-6fe45d0af45e:c6921, cef72988-acf5-49ad-9ec7-695a80e7a66d:c6917, d677508c-6db9-4741-b51c-49af5e4cf22f:c6917]
2019-09-08 07:08:39,022 [grpc-default-executor-0] INFO  client.GrpcClientProtocolClient (GrpcClientProtocolClient.java:onNext(264)) - client-964B0EA39D34->4234af2c-5377-4886-a4e8-6fe45d0af45e: receive RaftClientReply:client-964B0EA39D34->4234af2c-5377-4886-a4e8-6fe45d0af45e@group-A1165329A1F1, cid=4549, SUCCESS, logIndex=6921, commits[4234af2c-5377-4886-a4e8-6fe45d0af45e:c6921, cef72988-acf5-49ad-9ec7-695a80e7a66d:c6917, d677508c-6db9-4741-b51c-49af5e4cf22f:c6917]
2019-09-08 07:08:39,023 [grpc-default-executor-0] INFO  client.GrpcClientProtocolClient (GrpcClientProtocolClient.java:onNext(264)) - client-964B0EA39D34->4234af2c-5377-4886-a4e8-6fe45d0af45e: receive RaftClientReply:client-964B0EA39D34->4234af2c-5377-4886-a4e8-6fe45d0af45e@group-A1165329A1F1, cid=4550, SUCCESS, logIndex=0, commits[4234af2c-5377-4886-a4e8-6fe45d0af45e:c6925, cef72988-acf5-49ad-9ec7-695a80e7a66d:c6921, d677508c-6db9-4741-b51c-49af5e4cf22f:c6919]
2019-09-08 07:08:39,045 [grpc-default-executor-0] INFO  client.GrpcClientProtocolClient (GrpcClientProtocolClient.java:onNext(264)) - client-964B0EA39D34->4234af2c-5377-4886-a4e8-6fe45d0af45e: receive RaftClientReply:client-964B0EA39D34->4234af2c-5377-4886-a4e8-6fe45d0af45e@group-A1165329A1F1, cid=4551, SUCCESS, logIndex=6926, commits[4234af2c-5377-4886-a4e8-6fe45d0af45e:c6927, cef72988-acf5-49ad-9ec7-695a80e7a66d:c6925, d677508c-6db9-4741-b51c-49af5e4cf22f:c6921]
2019-09-08 07:08:39,046 [grpc-default-executor-0] INFO  client.GrpcClientProtocolClient (GrpcClientProtocolClient.java:onNext(264)) - client-964B0EA39D34->4234af2c-5377-4886-a4e8-6fe45d0af45e: receive RaftClientReply:client-964B0EA39D34->4234af2c-5377-4886-a4e8-6fe45d0af45e@group-A1165329A1F1, cid=4552, SUCCESS, logIndex=6927, commits[4234af2c-5377-4886-a4e8-6fe45d0af45e:c6927, cef72988-acf5-49ad-9ec7-695a80e7a66d:c6925, d677508c-6db9-4741-b51c-49af5e4cf22f:c6925]
2019-09-08 07:08:39,065 [grpc-default-executor-0] INFO  client.GrpcClientProtocolClient (GrpcClientProtocolClient.java:onNext(264)) - client-964B0EA39D34->4234af2c-5377-4886-a4e8-6fe45d0af45e: receive RaftClientReply:client-964B0EA39D34->4234af2c-5377-4886-a4e8-6fe45d0af45e@group-A1165329A1F1, cid=4553, SUCCESS, logIndex=6930, commits[4234af2c-5377-4886-a4e8-6fe45d0af45e:c6931, cef72988-acf5-49ad-9ec7-695a80e7a66d:c6929, d677508c-6db9-4741-b51c-49af5e4cf22f:c6929]
2019-09-08 07:08:39,065 [grpc-default-executor-0] INFO  client.GrpcClientProtocolClient (GrpcClientProtocolClient.java:onNext(264)) - client-964B0EA39D34->4234af2c-5377-4886-a4e8-6fe45d0af45e: receive RaftClientReply:client-964B0EA39D34->4234af2c-5377-4886-a4e8-6fe45d0af45e@group-A1165329A1F1, cid=4554, SUCCESS, logIndex=6931, commits[4234af2c-5377-4886-a4e8-6fe45d0af45e:c6931, cef72988-acf5-49ad-9ec7-695a80e7a66d:c6929, d677508c-6db9-4741-b51c-49af5e4cf22f:c6929]
2019-09-08 07:08:39,082 [grpc-default-executor-3] INFO  client.GrpcClientProtocolClient (GrpcClientProtocolClient.java:onNext(264)) - client-964B0EA39D34->4234af2c-5377-4886-a4e8-6fe45d0af45e: receive RaftClientReply:client-964B0EA39D34->4234af2c-5377-4886-a4e8-6fe45d0af45e@group-A1165329A1F1, cid=4555, SUCCESS, logIndex=0, commits[4234af2c-5377-4886-a4e8-6fe45d0af45e:c6932, cef72988-acf5-49ad-9ec7-695a80e7a66d:c6931, d677508c-6db9-4741-b51c-49af5e4cf22f:c6931]
2019-09-08 07:08:39,126 [grpc-default-executor-3] INFO  client.GrpcClientProtocolClient (GrpcClientProtocolClient.java:onNext(264)) - client-964B0EA39D34->4234af2c-5377-4886-a4e8-6fe45d0af45e: receive RaftClientReply:client-964B0EA39D34->4234af2c-5377-4886-a4e8-6fe45d0af45e@group-A1165329A1F1, cid=4556, SUCCESS, logIndex=6934, commits[4234af2c-5377-4886-a4e8-6fe45d0af45e:c6936, cef72988-acf5-49ad-9ec7-695a80e7a66d:c6933, d677508c-6db9-4741-b51c-49af5e4cf22f:c6931]
2019-09-08 07:08:39,126 [grpc-default-executor-3] INFO  client.GrpcClientProtocolClient (GrpcClientProtocolClient.java:onNext(264)) - client-964B0EA39D34->4234af2c-5377-4886-a4e8-6fe45d0af45e: receive RaftClientReply:client-964B0EA39D34->4234af2c-5377-4886-a4e8-6fe45d0af45e@group-A1165329A1F1, cid=4557, SUCCESS, logIndex=6935, commits[4234af2c-5377-4886-a4e8-6fe45d0af45e:c6937, cef72988-acf5-49ad-9ec7-695a80e7a66d:c6933, d677508c-6db9-4741-b51c-49af5e4cf22f:c6933]
2019-09-08 07:08:39,127 [grpc-default-executor-3] INFO  client.GrpcClientProtocolClient (GrpcClientProtocolClient.java:onNext(264)) - client-964B0EA39D34->4234af2c-5377-4886-a4e8-6fe45d0af45e: receive RaftClientReply:client-964B0EA39D34->4234af2c-5377-4886-a4e8-6fe45d0af45e@group-A1165329A1F1, cid=4558, SUCCESS, logIndex=6936, commits[4234af2c-5377-4886-a4e8-6fe45d0af45e:c6937, cef72988-acf5-49ad-9ec7-695a80e7a66d:c6933, d677508c-6db9-4741-b51c-49af5e4cf22f:c6933]
2019-09-08 07:08:39,127 [grpc-default-executor-3] INFO  client.GrpcClientProtocolClient (GrpcClientProtocolClient.java:onNext(264)) - client-964B0EA39D34->4234af2c-5377-4886-a4e8-6fe45d0af45e: receive RaftClientReply:client-964B0EA39D34->4234af2c-5377-4886-a4e8-6fe45d0af45e@group-A1165329A1F1, cid=4559, SUCCESS, logIndex=6937, commits[4234af2c-5377-4886-a4e8-6fe45d0af45e:c6937, cef72988-acf5-49ad-9ec7-695a80e7a66d:c6933, d677508c-6db9-4741-b51c-49af5e4cf22f:c6933]
2019-09-08 07:08:39,138 [grpc-default-executor-3] INFO  client.GrpcClientProtocolClient (GrpcClientProtocolClient.java:onNext(264)) - client-964B0EA39D34->4234af2c-5377-4886-a4e8-6fe45d0af45e: receive RaftClientReply:client-964B0EA39D34->4234af2c-5377-4886-a4e8-6fe45d0af45e@group-A1165329A1F1, cid=4560, SUCCESS, logIndex=0, commits[4234af2c-5377-4886-a4e8-6fe45d0af45e:c6939, cef72988-acf5-49ad-9ec7-695a80e7a66d:c6935, d677508c-6db9-4741-b51c-49af5e4cf22f:c6935]
2019-09-08 07:08:39,158 [grpc-default-executor-3] INFO  client.GrpcClientProtocolClient (GrpcClientProtocolClient.java:onNext(264)) - client-964B0EA39D34->4234af2c-5377-4886-a4e8-6fe45d0af45e: receive RaftClientReply:client-964B0EA39D34->4234af2c-5377-4886-a4e8-6fe45d0af45e@group-A1165329A1F1, cid=4561, SUCCESS, logIndex=6942, commits[4234af2c-5377-4886-a4e8-6fe45d0af45e:c6943, cef72988-acf5-49ad-9ec7-695a80e7a66d:c6941, d677508c-6db9-4741-b51c-49af5e4cf22f:c6937]
2019-09-08 07:08:39,159 [grpc-default-executor-3] INFO  client.GrpcClientProtocolClient (GrpcClientProtocolClient.java:onNext(264)) - client-964B0EA39D34->4234af2c-5377-4886-a4e8-6fe45d0af45e: receive RaftClientReply:client-964B0EA39D34->4234af2c-5377-4886-a4e8-6fe45d0af45e@group-A1165329A1F1, cid=4562, SUCCESS, logIndex=6943, commits[4234af2c-5377-4886-a4e8-6fe45d0af45e:c6943, cef72988-acf5-49ad-9ec7-695a80e7a66d:c6941, d677508c-6db9-4741-b51c-49af5e4cf22f:c6941]
2019-09-08 07:08:39,176 [grpc-default-executor-3] INFO  client.GrpcClientProtocolClient (GrpcClientProtocolClient.java:onNext(264)) - client-964B0EA39D34->4234af2c-5377-4886-a4e8-6fe45d0af45e: receive RaftClientReply:client-964B0EA39D34->4234af2c-5377-4886-a4e8-6fe45d0af45e@group-A1165329A1F1, cid=4563, SUCCESS, logIndex=6946, commits[4234af2c-5377-4886-a4e8-6fe45d0af45e:c6947, cef72988-acf5-49ad-9ec7-695a80e7a66d:c6943, d677508c-6db9-4741-b51c-49af5e4cf22f:c6943]
2019-09-08 07:08:39,176 [grpc-default-executor-3] INFO  client.GrpcClientProtocolClient (GrpcClientProtocolClient.java:onNext(264)) - client-964B0EA39D34->4234af2c-5377-4886-a4e8-6fe45d0af45e: receive RaftClientReply:client-964B0EA39D34->4234af2c-5377-4886-a4e8-6fe45d0af45e@group-A1165329A1F1, cid=4564, SUCCESS, logIndex=6947, commits[4234af2c-5377-4886-a4e8-6fe45d0af45e:c6947, cef72988-acf5-49ad-9ec7-695a80e7a66d:c6943, d677508c-6db9-4741-b51c-49af5e4cf22f:c6943]
2019-09-08 07:08:39,191 [grpc-default-executor-3] INFO  client.GrpcClientProtocolClient (GrpcClientProtocolClient.java:onNext(264)) - client-964B0EA39D34->4234af2c-5377-4886-a4e8-6fe45d0af45e: receive RaftClientReply:client-964B0EA39D34->4234af2c-5377-4886-a4e8-6fe45d0af45e@group-A1165329A1F1, cid=4565, SUCCESS, logIndex=0, commits[4234af2c-5377-4886-a4e8-6fe45d0af45e:c6949, cef72988-acf5-49ad-9ec7-695a80e7a66d:c6947, d677508c-6db9-4741-b51c-49af5e4cf22f:c6947]
2019-09-08 07:08:39,233 [grpc-default-executor-4] INFO  client.GrpcClientProtocolClient (GrpcClientProtocolClient.java:onNext(264)) - client-964B0EA39D34->4234af2c-5377-4886-a4e8-6fe45d0af45e: receive RaftClientReply:client-964B0EA39D34->4234af2c-5377-4886-a4e8-6fe45d0af45e@group-A1165329A1F1, cid=4566, SUCCESS, logIndex=6950, commits[4234af2c-5377-4886-a4e8-6fe45d0af45e:c6951, cef72988-acf5-49ad-9ec7-695a80e7a66d:c6947, d677508c-6db9-4741-b51c-49af5e4cf22f:c6949]
2019-09-08 07:08:39,375 [grpc-default-executor-4] INFO  client.GrpcClientProtocolClient (GrpcClientProtocolClient.java:onNext(264)) - client-964B0EA39D34->4234af2c-5377-4886-a4e8-6fe45d0af45e: receive RaftClientReply:client-964B0EA39D34->4234af2c-5377-4886-a4e8-6fe45d0af45e@group-A1165329A1F1, cid=4567, SUCCESS, logIndex=6951, commits[4234af2c-5377-4886-a4e8-6fe45d0af45e:c6953, cef72988-acf5-49ad-9ec7-695a80e7a66d:c6949, d677508c-6db9-4741-b51c-49af5e4cf22f:c6949]
 0.00% |█                                                                                                    |  0/1 Time: 0:01:202019-09-08 07:08:39,377 [grpc-default-executor-4] INFO  client.GrpcClientProtocolClient (GrpcClientProtocolClient.java:onNext(264)) - client-964B0EA39D34->4234af2c-5377-4886-a4e8-6fe45d0af45e: receive RaftClientReply:client-964B0EA39D34->4234af2c-5377-4886-a4e8-6fe45d0af45e@group-A1165329A1F1, cid=4568, SUCCESS, logIndex=6952, commits[4234af2c-5377-4886-a4e8-6fe45d0af45e:c6953, cef72988-acf5-49ad-9ec7-695a80e7a66d:c6949, d677508c-6db9-4741-b51c-49af5e4cf22f:c6949]
2019-09-08 07:08:39,377 [grpc-default-executor-4] INFO  client.GrpcClientProtocolClient (GrpcClientProtocolClient.java:onNext(264)) - client-964B0EA39D34->4234af2c-5377-4886-a4e8-6fe45d0af45e: receive RaftClientReply:client-964B0EA39D34->4234af2c-5377-4886-a4e8-6fe45d0af45e@group-A1165329A1F1, cid=4569, SUCCESS, logIndex=6953, commits[4234af2c-5377-4886-a4e8-6fe45d0af45e:c6953, cef72988-acf5-49ad-9ec7-695a80e7a66d:c6949, d677508c-6db9-4741-b51c-49af5e4cf22f:c6949]
2019-09-08 07:08:39,378 [grpc-default-executor-6] INFO  client.GrpcClientProtocolClient (GrpcClientProtocolClient.java:onNext(264)) - client-964B0EA39D34->4234af2c-5377-4886-a4e8-6fe45d0af45e: receive RaftClientReply:client-964B0EA39D34->4234af2c-5377-4886-a4e8-6fe45d0af45e@group-A1165329A1F1, cid=4570, SUCCESS, logIndex=0, commits[4234af2c-5377-4886-a4e8-6fe45d0af45e:c6956, cef72988-acf5-49ad-9ec7-695a80e7a66d:c6951, d677508c-6db9-4741-b51c-49af5e4cf22f:c6953]
2019-09-08 07:08:39,405 [grpc-default-executor-0] INFO  client.GrpcClientProtocolClient (GrpcClientProtocolClient.java:onNext(264)) - client-964B0EA39D34->4234af2c-5377-4886-a4e8-6fe45d0af45e: receive RaftClientReply:client-964B0EA39D34->4234af2c-5377-4886-a4e8-6fe45d0af45e@group-A1165329A1F1, cid=4571, SUCCESS, logIndex=6957, commits[4234af2c-5377-4886-a4e8-6fe45d0af45e:c6958, cef72988-acf5-49ad-9ec7-695a80e7a66d:c6956, d677508c-6db9-4741-b51c-49af5e4cf22f:c6956]
2019-09-08 07:08:39,405 [grpc-default-executor-0] INFO  client.GrpcClientProtocolClient (GrpcClientProtocolClient.java:onNext(264)) - client-964B0EA39D34->4234af2c-5377-4886-a4e8-6fe45d0af45e: receive RaftClientReply:client-964B0EA39D34->4234af2c-5377-4886-a4e8-6fe45d0af45e@group-A1165329A1F1, cid=4572, SUCCESS, logIndex=6958, commits[4234af2c-5377-4886-a4e8-6fe45d0af45e:c6958, cef72988-acf5-49ad-9ec7-695a80e7a66d:c6956, d677508c-6db9-4741-b51c-49af5e4cf22f:c6956]
2019-09-08 07:08:39,431 [grpc-default-executor-0] INFO  client.GrpcClientProtocolClient (GrpcClientProtocolClient.java:onNext(264)) - client-964B0EA39D34->4234af2c-5377-4886-a4e8-6fe45d0af45e: receive RaftClientReply:client-964B0EA39D34->4234af2c-5377-4886-a4e8-6fe45d0af45e@group-A1165329A1F1, cid=4573, SUCCESS, logIndex=6961, commits[4234af2c-5377-4886-a4e8-6fe45d0af45e:c6962, cef72988-acf5-49ad-9ec7-695a80e7a66d:c6958, d677508c-6db9-4741-b51c-49af5e4cf22f:c6958]
2019-09-08 07:08:39,431 [grpc-default-executor-0] INFO  client.GrpcClientProtocolClient (GrpcClientProtocolClient.java:onNext(264)) - client-964B0EA39D34->4234af2c-5377-4886-a4e8-6fe45d0af45e: receive RaftClientReply:client-964B0EA39D34->4234af2c-5377-4886-a4e8-6fe45d0af45e@group-A1165329A1F1, cid=4574, SUCCESS, logIndex=6962, commits[4234af2c-5377-4886-a4e8-6fe45d0af45e:c6962, cef72988-acf5-49ad-9ec7-695a80e7a66d:c6958, d677508c-6db9-4741-b51c-49af5e4cf22f:c6958]
2019-09-08 07:08:39,444 [grpc-default-executor-0] INFO  client.GrpcClientProtocolClient (GrpcClientProtocolClient.java:onNext(264)) - client-964B0EA39D34->4234af2c-5377-4886-a4e8-6fe45d0af45e: receive RaftClientReply:client-964B0EA39D34->4234af2c-5377-4886-a4e8-6fe45d0af45e@group-A1165329A1F1, cid=4575, SUCCESS, logIndex=0, commits[4234af2c-5377-4886-a4e8-6fe45d0af45e:c6963, cef72988-acf5-49ad-9ec7-695a80e7a66d:c6962, d677508c-6db9-4741-b51c-49af5e4cf22f:c6962]
2019-09-08 07:08:39,480 [grpc-default-executor-0] INFO  client.GrpcClientProtocolClient (GrpcClientProtocolClient.java:onNext(264)) - client-964B0EA39D34->4234af2c-5377-4886-a4e8-6fe45d0af45e: receive RaftClientReply:client-964B0EA39D34->4234af2c-5377-4886-a4e8-6fe45d0af45e@group-A1165329A1F1, cid=4576, SUCCESS, logIndex=6965, commits[4234af2c-5377-4886-a4e8-6fe45d0af45e:c6966, cef72988-acf5-49ad-9ec7-695a80e7a66d:c6962, d677508c-6db9-4741-b51c-49af5e4cf22f:c6964]
2019-09-08 07:08:39,480 [grpc-default-executor-0] INFO  client.GrpcClientProtocolClient (GrpcClientProtocolClient.java:onNext(264)) - client-964B0EA39D34->4234af2c-5377-4886-a4e8-6fe45d0af45e: receive RaftClientReply:client-964B0EA39D34->4234af2c-5377-4886-a4e8-6fe45d0af45e@group-A1165329A1F1, cid=4577, SUCCESS, logIndex=6966, commits[4234af2c-5377-4886-a4e8-6fe45d0af45e:c6966, cef72988-acf5-49ad-9ec7-695a80e7a66d:c6962, d677508c-6db9-4741-b51c-49af5e4cf22f:c6964]
2019-09-08 07:08:39,481 [grpc-default-executor-4] INFO  client.GrpcClientProtocolClient (GrpcClientProtocolClient.java:onNext(264)) - client-964B0EA39D34->4234af2c-5377-4886-a4e8-6fe45d0af45e: receive RaftClientReply:client-964B0EA39D34->4234af2c-5377-4886-a4e8-6fe45d0af45e@group-A1165329A1F1, cid=4578, SUCCESS, logIndex=6967, commits[4234af2c-5377-4886-a4e8-6fe45d0af45e:c6968, cef72988-acf5-49ad-9ec7-695a80e7a66d:c6964, d677508c-6db9-4741-b51c-49af5e4cf22f:c6964]
2019-09-08 07:08:39,481 [grpc-default-executor-4] INFO  client.GrpcClientProtocolClient (GrpcClientProtocolClient.java:onNext(264)) - client-964B0EA39D34->4234af2c-5377-4886-a4e8-6fe45d0af45e: receive RaftClientReply:client-964B0EA39D34->4234af2c-5377-4886-a4e8-6fe45d0af45e@group-A1165329A1F1, cid=4579, SUCCESS, logIndex=6968, commits[4234af2c-5377-4886-a4e8-6fe45d0af45e:c6968, cef72988-acf5-49ad-9ec7-695a80e7a66d:c6964, d677508c-6db9-4741-b51c-49af5e4cf22f:c6964]
2019-09-08 07:08:39,482 [grpc-default-executor-4] INFO  client.GrpcClientProtocolClient (GrpcClientProtocolClient.java:onNext(264)) - client-964B0EA39D34->4234af2c-5377-4886-a4e8-6fe45d0af45e: receive RaftClientReply:client-964B0EA39D34->4234af2c-5377-4886-a4e8-6fe45d0af45e@group-A1165329A1F1, cid=4580, SUCCESS, logIndex=0, commits[4234af2c-5377-4886-a4e8-6fe45d0af45e:c6970, cef72988-acf5-49ad-9ec7-695a80e7a66d:c6966, d677508c-6db9-4741-b51c-49af5e4cf22f:c6966]
2019-09-08 07:08:39,499 [grpc-default-executor-0] INFO  client.GrpcClientProtocolClient (GrpcClientProtocolClient.java:onNext(264)) - client-964B0EA39D34->4234af2c-5377-4886-a4e8-6fe45d0af45e: receive RaftClientReply:client-964B0EA39D34->4234af2c-5377-4886-a4e8-6fe45d0af45e@group-A1165329A1F1, cid=4581, SUCCESS, logIndex=6973, commits[4234af2c-5377-4886-a4e8-6fe45d0af45e:c6974, cef72988-acf5-49ad-9ec7-695a80e7a66d:c6972, d677508c-6db9-4741-b51c-49af5e4cf22f:c6968]
2019-09-08 07:08:39,499 [grpc-default-executor-0] INFO  client.GrpcClientProtocolClient (GrpcClientProtocolClient.java:onNext(264)) - client-964B0EA39D34->4234af2c-5377-4886-a4e8-6fe45d0af45e: receive RaftClientReply:client-964B0EA39D34->4234af2c-5377-4886-a4e8-6fe45d0af45e@group-A1165329A1F1, cid=4582, SUCCESS, logIndex=6974, commits[4234af2c-5377-4886-a4e8-6fe45d0af45e:c6974, cef72988-acf5-49ad-9ec7-695a80e7a66d:c6972, d677508c-6db9-4741-b51c-49af5e4cf22f:c6972]
2019-09-08 07:08:39,549 [grpc-default-executor-0] INFO  client.GrpcClientProtocolClient (GrpcClientProtocolClient.java:onNext(264)) - client-964B0EA39D34->4234af2c-5377-4886-a4e8-6fe45d0af45e: receive RaftClientReply:client-964B0EA39D34->4234af2c-5377-4886-a4e8-6fe45d0af45e@group-A1165329A1F1, cid=4583, SUCCESS, logIndex=6977, commits[4234af2c-5377-4886-a4e8-6fe45d0af45e:c6977, cef72988-acf5-49ad-9ec7-695a80e7a66d:c6976, d677508c-6db9-4741-b51c-49af5e4cf22f:c6976]
2019-09-08 07:08:39,550 [grpc-default-executor-0] INFO  client.GrpcClientProtocolClient (GrpcClientProtocolClient.java:onNext(264)) - client-964B0EA39D34->4234af2c-5377-4886-a4e8-6fe45d0af45e: receive RaftClientReply:client-964B0EA39D34->4234af2c-5377-4886-a4e8-6fe45d0af45e@group-A1165329A1F1, cid=4584, SUCCESS, logIndex=6978, commits[4234af2c-5377-4886-a4e8-6fe45d0af45e:c6978, cef72988-acf5-49ad-9ec7-695a80e7a66d:c6976, d677508c-6db9-4741-b51c-49af5e4cf22f:c6976]
2019-09-08 07:08:39,562 [grpc-default-executor-0] INFO  client.GrpcClientProtocolClient (GrpcClientProtocolClient.java:onNext(264)) - client-964B0EA39D34->4234af2c-5377-4886-a4e8-6fe45d0af45e: receive RaftClientReply:client-964B0EA39D34->4234af2c-5377-4886-a4e8-6fe45d0af45e@group-A1165329A1F1, cid=4585, SUCCESS, logIndex=0, commits[4234af2c-5377-4886-a4e8-6fe45d0af45e:c6980, cef72988-acf5-49ad-9ec7-695a80e7a66d:c6978, d677508c-6db9-4741-b51c-49af5e4cf22f:c6978]
2019-09-08 07:08:39,648 [grpc-default-executor-0] INFO  client.GrpcClientProtocolClient (GrpcClientProtocolClient.java:onNext(264)) - client-964B0EA39D34->4234af2c-5377-4886-a4e8-6fe45d0af45e: receive RaftClientReply:client-964B0EA39D34->4234af2c-5377-4886-a4e8-6fe45d0af45e@group-A1165329A1F1, cid=4586, SUCCESS, logIndex=6981, commits[4234af2c-5377-4886-a4e8-6fe45d0af45e:c6981, cef72988-acf5-49ad-9ec7-695a80e7a66d:c6980, d677508c-6db9-4741-b51c-49af5e4cf22f:c6980]
2019-09-08 07:08:39,649 [grpc-default-executor-0] INFO  client.GrpcClientProtocolClient (GrpcClientProtocolClient.java:onNext(264)) - client-964B0EA39D34->4234af2c-5377-4886-a4e8-6fe45d0af45e: receive RaftClientReply:client-964B0EA39D34->4234af2c-5377-4886-a4e8-6fe45d0af45e@group-A1165329A1F1, cid=4587, SUCCESS, logIndex=6982, commits[4234af2c-5377-4886-a4e8-6fe45d0af45e:c6982, cef72988-acf5-49ad-9ec7-695a80e7a66d:c6980, d677508c-6db9-4741-b51c-49af5e4cf22f:c6980]
2019-09-08 07:08:39,649 [grpc-default-executor-0] INFO  client.GrpcClientProtocolClient (GrpcClientProtocolClient.java:onNext(264)) - client-964B0EA39D34->4234af2c-5377-4886-a4e8-6fe45d0af45e: receive RaftClientReply:client-964B0EA39D34->4234af2c-5377-4886-a4e8-6fe45d0af45e@group-A1165329A1F1, cid=4588, SUCCESS, logIndex=6983, commits[4234af2c-5377-4886-a4e8-6fe45d0af45e:c6984, cef72988-acf5-49ad-9ec7-695a80e7a66d:c6980, d677508c-6db9-4741-b51c-49af5e4cf22f:c6980]
2019-09-08 07:08:39,650 [grpc-default-executor-0] INFO  client.GrpcClientProtocolClient (GrpcClientProtocolClient.java:onNext(264)) - client-964B0EA39D34->4234af2c-5377-4886-a4e8-6fe45d0af45e: receive RaftClientReply:client-964B0EA39D34->4234af2c-5377-4886-a4e8-6fe45d0af45e@group-A1165329A1F1, cid=4589, SUCCESS, logIndex=6984, commits[4234af2c-5377-4886-a4e8-6fe45d0af45e:c6984, cef72988-acf5-49ad-9ec7-695a80e7a66d:c6980, d677508c-6db9-4741-b51c-49af5e4cf22f:c6980]
2019-09-08 07:08:39,660 [grpc-default-executor-0] INFO  client.GrpcClientProtocolClient (GrpcClientProtocolClient.java:onNext(264)) - client-964B0EA39D34->4234af2c-5377-4886-a4e8-6fe45d0af45e: receive RaftClientReply:client-964B0EA39D34->4234af2c-5377-4886-a4e8-6fe45d0af45e@group-A1165329A1F1, cid=4590, SUCCESS, logIndex=0, commits[4234af2c-5377-4886-a4e8-6fe45d0af45e:c6986, cef72988-acf5-49ad-9ec7-695a80e7a66d:c6982, d677508c-6db9-4741-b51c-49af5e4cf22f:c6982]
2019-09-08 07:08:39,683 [grpc-default-executor-3] INFO  client.GrpcClientProtocolClient (GrpcClientProtocolClient.java:onNext(264)) - client-964B0EA39D34->4234af2c-5377-4886-a4e8-6fe45d0af45e: receive RaftClientReply:client-964B0EA39D34->4234af2c-5377-4886-a4e8-6fe45d0af45e@group-A1165329A1F1, cid=4591, SUCCESS, logIndex=6988, commits[4234af2c-5377-4886-a4e8-6fe45d0af45e:c6988, cef72988-acf5-49ad-9ec7-695a80e7a66d:c6987, d677508c-6db9-4741-b51c-49af5e4cf22f:c6984]
2019-09-08 07:08:39,683 [grpc-default-executor-3] INFO  client.GrpcClientProtocolClient (GrpcClientProtocolClient.java:onNext(264)) - client-964B0EA39D34->4234af2c-5377-4886-a4e8-6fe45d0af45e: receive RaftClientReply:client-964B0EA39D34->4234af2c-5377-4886-a4e8-6fe45d0af45e@group-A1165329A1F1, cid=4592, SUCCESS, logIndex=6989, commits[4234af2c-5377-4886-a4e8-6fe45d0af45e:c6989, cef72988-acf5-49ad-9ec7-695a80e7a66d:c6987, d677508c-6db9-4741-b51c-49af5e4cf22f:c6987]
2019-09-08 07:08:39,714 [grpc-default-executor-6] INFO  client.GrpcClientProtocolClient (GrpcClientProtocolClient.java:onNext(264)) - client-964B0EA39D34->4234af2c-5377-4886-a4e8-6fe45d0af45e: receive RaftClientReply:client-964B0EA39D34->4234af2c-5377-4886-a4e8-6fe45d0af45e@group-A1165329A1F1, cid=4593, SUCCESS, logIndex=6992, commits[4234af2c-5377-4886-a4e8-6fe45d0af45e:c6993, cef72988-acf5-49ad-9ec7-695a80e7a66d:c6989, d677508c-6db9-4741-b51c-49af5e4cf22f:c6989]
2019-09-08 07:08:39,715 [grpc-default-executor-6] INFO  client.GrpcClientProtocolClient (GrpcClientProtocolClient.java:onNext(264)) - client-964B0EA39D34->4234af2c-5377-4886-a4e8-6fe45d0af45e: receive RaftClientReply:client-964B0EA39D34->4234af2c-5377-4886-a4e8-6fe45d0af45e@group-A1165329A1F1, cid=4594, SUCCESS, logIndex=6993, commits[4234af2c-5377-4886-a4e8-6fe45d0af45e:c6993, cef72988-acf5-49ad-9ec7-695a80e7a66d:c6989, d677508c-6db9-4741-b51c-49af5e4cf22f:c6989]
2019-09-08 07:08:39,716 [grpc-default-executor-6] INFO  client.GrpcClientProtocolClient (GrpcClientProtocolClient.java:onNext(264)) - client-964B0EA39D34->4234af2c-5377-4886-a4e8-6fe45d0af45e: receive RaftClientReply:client-964B0EA39D34->4234af2c-5377-4886-a4e8-6fe45d0af45e@group-A1165329A1F1, cid=4595, SUCCESS, logIndex=0, commits[4234af2c-5377-4886-a4e8-6fe45d0af45e:c6994, cef72988-acf5-49ad-9ec7-695a80e7a66d:c6993, d677508c-6db9-4741-b51c-49af5e4cf22f:c6993]
2019-09-08 07:08:39,757 [grpc-default-executor-4] INFO  client.GrpcClientProtocolClient (GrpcClientProtocolClient.java:onNext(264)) - client-964B0EA39D34->4234af2c-5377-4886-a4e8-6fe45d0af45e: receive RaftClientReply:client-964B0EA39D34->4234af2c-5377-4886-a4e8-6fe45d0af45e@group-A1165329A1F1, cid=4596, SUCCESS, logIndex=6996, commits[4234af2c-5377-4886-a4e8-6fe45d0af45e:c6997, cef72988-acf5-49ad-9ec7-695a80e7a66d:c6995, d677508c-6db9-4741-b51c-49af5e4cf22f:c6993]
2019-09-08 07:08:39,757 [grpc-default-executor-4] INFO  client.GrpcClientProtocolClient (GrpcClientProtocolClient.java:onNext(264)) - client-964B0EA39D34->4234af2c-5377-4886-a4e8-6fe45d0af45e: receive RaftClientReply:client-964B0EA39D34->4234af2c-5377-4886-a4e8-6fe45d0af45e@group-A1165329A1F1, cid=4597, SUCCESS, logIndex=6997, commits[4234af2c-5377-4886-a4e8-6fe45d0af45e:c6997, cef72988-acf5-49ad-9ec7-695a80e7a66d:c6995, d677508c-6db9-4741-b51c-49af5e4cf22f:c6995]
2019-09-08 07:08:39,769 [grpc-default-executor-6] INFO  client.GrpcClientProtocolClient (GrpcClientProtocolClient.java:onNext(264)) - client-964B0EA39D34->4234af2c-5377-4886-a4e8-6fe45d0af45e: receive RaftClientReply:client-964B0EA39D34->4234af2c-5377-4886-a4e8-6fe45d0af45e@group-A1165329A1F1, cid=4598, SUCCESS, logIndex=6998, commits[4234af2c-5377-4886-a4e8-6fe45d0af45e:c6998, cef72988-acf5-49ad-9ec7-695a80e7a66d:c6995, d677508c-6db9-4741-b51c-49af5e4cf22f:c6995]
2019-09-08 07:08:39,769 [grpc-default-executor-6] INFO  client.GrpcClientProtocolClient (GrpcClientProtocolClient.java:onNext(264)) - client-964B0EA39D34->4234af2c-5377-4886-a4e8-6fe45d0af45e: receive RaftClientReply:client-964B0EA39D34->4234af2c-5377-4886-a4e8-6fe45d0af45e@group-A1165329A1F1, cid=4599, SUCCESS, logIndex=6999, commits[4234af2c-5377-4886-a4e8-6fe45d0af45e:c6999, cef72988-acf5-49ad-9ec7-695a80e7a66d:c6995, d677508c-6db9-4741-b51c-49af5e4cf22f:c6995]
2019-09-08 07:08:39,781 [grpc-default-executor-6] INFO  client.GrpcClientProtocolClient (GrpcClientProtocolClient.java:onNext(264)) - client-964B0EA39D34->4234af2c-5377-4886-a4e8-6fe45d0af45e: receive RaftClientReply:client-964B0EA39D34->4234af2c-5377-4886-a4e8-6fe45d0af45e@group-A1165329A1F1, cid=4600, SUCCESS, logIndex=0, commits[4234af2c-5377-4886-a4e8-6fe45d0af45e:c7001, cef72988-acf5-49ad-9ec7-695a80e7a66d:c6997, d677508c-6db9-4741-b51c-49af5e4cf22f:c6997]
2019-09-08 07:08:39,803 [grpc-default-executor-4] INFO  client.GrpcClientProtocolClient (GrpcClientProtocolClient.java:onNext(264)) - client-964B0EA39D34->4234af2c-5377-4886-a4e8-6fe45d0af45e: receive RaftClientReply:client-964B0EA39D34->4234af2c-5377-4886-a4e8-6fe45d0af45e@group-A1165329A1F1, cid=4601, SUCCESS, logIndex=7004, commits[4234af2c-5377-4886-a4e8-6fe45d0af45e:c7005, cef72988-acf5-49ad-9ec7-695a80e7a66d:c7003, d677508c-6db9-4741-b51c-49af5e4cf22f:c6999]
2019-09-08 07:08:39,803 [grpc-default-executor-4] INFO  client.GrpcClientProtocolClient (GrpcClientProtocolClient.java:onNext(264)) - client-964B0EA39D34->4234af2c-5377-4886-a4e8-6fe45d0af45e: receive RaftClientReply:client-964B0EA39D34->4234af2c-5377-4886-a4e8-6fe45d0af45e@group-A1165329A1F1, cid=4602, SUCCESS, logIndex=7005, commits[4234af2c-5377-4886-a4e8-6fe45d0af45e:c7005, cef72988-acf5-49ad-9ec7-695a80e7a66d:c7003, d677508c-6db9-4741-b51c-49af5e4cf22f:c7003]
2019-09-08 07:08:39,826 [grpc-default-executor-3] INFO  client.GrpcClientProtocolClient (GrpcClientProtocolClient.java:onNext(264)) - client-964B0EA39D34->4234af2c-5377-4886-a4e8-6fe45d0af45e: receive RaftClientReply:client-964B0EA39D34->4234af2c-5377-4886-a4e8-6fe45d0af45e@group-A1165329A1F1, cid=4603, SUCCESS, logIndex=7008, commits[4234af2c-5377-4886-a4e8-6fe45d0af45e:c7009, cef72988-acf5-49ad-9ec7-695a80e7a66d:c7005, d677508c-6db9-4741-b51c-49af5e4cf22f:c7004]
2019-09-08 07:08:39,827 [grpc-default-executor-3] INFO  client.GrpcClientProtocolClient (GrpcClientProtocolClient.java:onNext(264)) - client-964B0EA39D34->4234af2c-5377-4886-a4e8-6fe45d0af45e: receive RaftClientReply:client-964B0EA39D34->4234af2c-5377-4886-a4e8-6fe45d0af45e@group-A1165329A1F1, cid=4604, SUCCESS, logIndex=7009, commits[4234af2c-5377-4886-a4e8-6fe45d0af45e:c7009, cef72988-acf5-49ad-9ec7-695a80e7a66d:c7005, d677508c-6db9-4741-b51c-49af5e4cf22f:c7004]
2019-09-08 07:08:39,829 [grpc-default-executor-3] INFO  client.GrpcClientProtocolClient (GrpcClientProtocolClient.java:onNext(264)) - client-964B0EA39D34->4234af2c-5377-4886-a4e8-6fe45d0af45e: receive RaftClientReply:client-964B0EA39D34->4234af2c-5377-4886-a4e8-6fe45d0af45e@group-A1165329A1F1, cid=4605, SUCCESS, logIndex=0, commits[4234af2c-5377-4886-a4e8-6fe45d0af45e:c7009, cef72988-acf5-49ad-9ec7-695a80e7a66d:c7005, d677508c-6db9-4741-b51c-49af5e4cf22f:c7005]
2019-09-08 07:08:39,830 [grpc-default-executor-3] INFO  client.GrpcClientProtocolClient (GrpcClientProtocolClient.java:onNext(264)) - client-964B0EA39D34->4234af2c-5377-4886-a4e8-6fe45d0af45e: receive RaftClientReply:client-964B0EA39D34->4234af2c-5377-4886-a4e8-6fe45d0af45e@group-A1165329A1F1, cid=4606, SUCCESS, logIndex=0, commits[4234af2c-5377-4886-a4e8-6fe45d0af45e:c7011, cef72988-acf5-49ad-9ec7-695a80e7a66d:c7009, d677508c-6db9-4741-b51c-49af5e4cf22f:c7009]
2019-09-08 07:08:39,860 [grpc-default-executor-3] INFO  client.GrpcClientProtocolClient (GrpcClientProtocolClient.java:onNext(264)) - client-964B0EA39D34->4234af2c-5377-4886-a4e8-6fe45d0af45e: receive RaftClientReply:client-964B0EA39D34->4234af2c-5377-4886-a4e8-6fe45d0af45e@group-A1165329A1F1, cid=4607, SUCCESS, logIndex=7012, commits[4234af2c-5377-4886-a4e8-6fe45d0af45e:c7013, cef72988-acf5-49ad-9ec7-695a80e7a66d:c7011, d677508c-6db9-4741-b51c-49af5e4cf22f:c7011]
2019-09-08 07:08:39,860 [grpc-default-executor-3] INFO  client.GrpcClientProtocolClient (GrpcClientProtocolClient.java:onNext(264)) - client-964B0EA39D34->4234af2c-5377-4886-a4e8-6fe45d0af45e: receive RaftClientReply:client-964B0EA39D34->4234af2c-5377-4886-a4e8-6fe45d0af45e@group-A1165329A1F1, cid=4608, SUCCESS, logIndex=7013, commits[4234af2c-5377-4886-a4e8-6fe45d0af45e:c7013, cef72988-acf5-49ad-9ec7-695a80e7a66d:c7011, d677508c-6db9-4741-b51c-49af5e4cf22f:c7011]
2019-09-08 07:08:39,861 [grpc-default-executor-3] INFO  client.GrpcClientProtocolClient (GrpcClientProtocolClient.java:onNext(264)) - client-964B0EA39D34->4234af2c-5377-4886-a4e8-6fe45d0af45e: receive RaftClientReply:client-964B0EA39D34->4234af2c-5377-4886-a4e8-6fe45d0af45e@group-A1165329A1F1, cid=4609, SUCCESS, logIndex=7014, commits[4234af2c-5377-4886-a4e8-6fe45d0af45e:c7015, cef72988-acf5-49ad-9ec7-695a80e7a66d:c7011, d677508c-6db9-4741-b51c-49af5e4cf22f:c7011]
2019-09-08 07:08:39,862 [grpc-default-executor-3] INFO  client.GrpcClientProtocolClient (GrpcClientProtocolClient.java:onNext(264)) - client-964B0EA39D34->4234af2c-5377-4886-a4e8-6fe45d0af45e: receive RaftClientReply:client-964B0EA39D34->4234af2c-5377-4886-a4e8-6fe45d0af45e@group-A1165329A1F1, cid=4610, SUCCESS, logIndex=7015, commits[4234af2c-5377-4886-a4e8-6fe45d0af45e:c7015, cef72988-acf5-49ad-9ec7-695a80e7a66d:c7011, d677508c-6db9-4741-b51c-49af5e4cf22f:c7011]
2019-09-08 07:08:39,864 [grpc-default-executor-3] INFO  client.GrpcClientProtocolClient (GrpcClientProtocolClient.java:onNext(264)) - client-964B0EA39D34->4234af2c-5377-4886-a4e8-6fe45d0af45e: receive RaftClientReply:client-964B0EA39D34->4234af2c-5377-4886-a4e8-6fe45d0af45e@group-A1165329A1F1, cid=4611, SUCCESS, logIndex=0, commits[4234af2c-5377-4886-a4e8-6fe45d0af45e:c7018, cef72988-acf5-49ad-9ec7-695a80e7a66d:c7014, d677508c-6db9-4741-b51c-49af5e4cf22f:c7013]
2019-09-08 07:08:39,882 [grpc-default-executor-3] INFO  client.GrpcClientProtocolClient (GrpcClientProtocolClient.java:onNext(264)) - client-964B0EA39D34->4234af2c-5377-4886-a4e8-6fe45d0af45e: receive RaftClientReply:client-964B0EA39D34->4234af2c-5377-4886-a4e8-6fe45d0af45e@group-A1165329A1F1, cid=4612, SUCCESS, logIndex=7020, commits[4234af2c-5377-4886-a4e8-6fe45d0af45e:c7021, cef72988-acf5-49ad-9ec7-695a80e7a66d:c7019, d677508c-6db9-4741-b51c-49af5e4cf22f:c7019]
2019-09-08 07:08:39,883 [grpc-default-executor-3] INFO  client.GrpcClientProtocolClient (GrpcClientProtocolClient.java:onNext(264)) - client-964B0EA39D34->4234af2c-5377-4886-a4e8-6fe45d0af45e: receive RaftClientReply:client-964B0EA39D34->4234af2c-5377-4886-a4e8-6fe45d0af45e@group-A1165329A1F1, cid=4613, SUCCESS, logIndex=7021, commits[4234af2c-5377-4886-a4e8-6fe45d0af45e:c7021, cef72988-acf5-49ad-9ec7-695a80e7a66d:c7019, d677508c-6db9-4741-b51c-49af5e4cf22f:c7019]
2019-09-08 07:08:39,895 [grpc-default-executor-3] INFO  client.GrpcClientProtocolClient (GrpcClientProtocolClient.java:onNext(264)) - client-964B0EA39D34->4234af2c-5377-4886-a4e8-6fe45d0af45e: receive RaftClientReply:client-964B0EA39D34->4234af2c-5377-4886-a4e8-6fe45d0af45e@group-A1165329A1F1, cid=4614, SUCCESS, logIndex=7024, commits[4234af2c-5377-4886-a4e8-6fe45d0af45e:c7025, cef72988-acf5-49ad-9ec7-695a80e7a66d:c7021, d677508c-6db9-4741-b51c-49af5e4cf22f:c7021]
2019-09-08 07:08:39,895 [grpc-default-executor-3] INFO  client.GrpcClientProtocolClient (GrpcClientProtocolClient.java:onNext(264)) - client-964B0EA39D34->4234af2c-5377-4886-a4e8-6fe45d0af45e: receive RaftClientReply:client-964B0EA39D34->4234af2c-5377-4886-a4e8-6fe45d0af45e@group-A1165329A1F1, cid=4615, SUCCESS, logIndex=7025, commits[4234af2c-5377-4886-a4e8-6fe45d0af45e:c7025, cef72988-acf5-49ad-9ec7-695a80e7a66d:c7021, d677508c-6db9-4741-b51c-49af5e4cf22f:c7021]
2019-09-08 07:08:39,906 [grpc-default-executor-3] INFO  client.GrpcClientProtocolClient (GrpcClientProtocolClient.java:onNext(264)) - client-964B0EA39D34->4234af2c-5377-4886-a4e8-6fe45d0af45e: receive RaftClientReply:client-964B0EA39D34->4234af2c-5377-4886-a4e8-6fe45d0af45e@group-A1165329A1F1, cid=4616, SUCCESS, logIndex=0, commits[4234af2c-5377-4886-a4e8-6fe45d0af45e:c7027, cef72988-acf5-49ad-9ec7-695a80e7a66d:c7025, d677508c-6db9-4741-b51c-49af5e4cf22f:c7025]
2019-09-08 07:08:39,932 [grpc-default-executor-6] INFO  client.GrpcClientProtocolClient (GrpcClientProtocolClient.java:onNext(264)) - client-964B0EA39D34->4234af2c-5377-4886-a4e8-6fe45d0af45e: receive RaftClientReply:client-964B0EA39D34->4234af2c-5377-4886-a4e8-6fe45d0af45e@group-A1165329A1F1, cid=4617, SUCCESS, logIndex=7028, commits[4234af2c-5377-4886-a4e8-6fe45d0af45e:c7029, cef72988-acf5-49ad-9ec7-695a80e7a66d:c7027, d677508c-6db9-4741-b51c-49af5e4cf22f:c7025]
2019-09-08 07:08:39,933 [grpc-default-executor-6] INFO  client.GrpcClientProtocolClient (GrpcClientProtocolClient.java:onNext(264)) - client-964B0EA39D34->4234af2c-5377-4886-a4e8-6fe45d0af45e: receive RaftClientReply:client-964B0EA39D34->4234af2c-5377-4886-a4e8-6fe45d0af45e@group-A1165329A1F1, cid=4618, SUCCESS, logIndex=7029, commits[4234af2c-5377-4886-a4e8-6fe45d0af45e:c7031, cef72988-acf5-49ad-9ec7-695a80e7a66d:c7027, d677508c-6db9-4741-b51c-49af5e4cf22f:c7027]
2019-09-08 07:08:39,933 [grpc-default-executor-6] INFO  client.GrpcClientProtocolClient (GrpcClientProtocolClient.java:onNext(264)) - client-964B0EA39D34->4234af2c-5377-4886-a4e8-6fe45d0af45e: receive RaftClientReply:client-964B0EA39D34->4234af2c-5377-4886-a4e8-6fe45d0af45e@group-A1165329A1F1, cid=4619, SUCCESS, logIndex=7030, commits[4234af2c-5377-4886-a4e8-6fe45d0af45e:c7031, cef72988-acf5-49ad-9ec7-695a80e7a66d:c7027, d677508c-6db9-4741-b51c-49af5e4cf22f:c7027]
2019-09-08 07:08:39,933 [grpc-default-executor-6] INFO  client.GrpcClientProtocolClient (GrpcClientProtocolClient.java:onNext(264)) - client-964B0EA39D34->4234af2c-5377-4886-a4e8-6fe45d0af45e: receive RaftClientReply:client-964B0EA39D34->4234af2c-5377-4886-a4e8-6fe45d0af45e@group-A1165329A1F1, cid=4620, SUCCESS, logIndex=7031, commits[4234af2c-5377-4886-a4e8-6fe45d0af45e:c7031, cef72988-acf5-49ad-9ec7-695a80e7a66d:c7027, d677508c-6db9-4741-b51c-49af5e4cf22f:c7027]
2019-09-08 07:08:39,934 [grpc-default-executor-6] INFO  client.GrpcClientProtocolClient (GrpcClientProtocolClient.java:onNext(264)) - client-964B0EA39D34->4234af2c-5377-4886-a4e8-6fe45d0af45e: receive RaftClientReply:client-964B0EA39D34->4234af2c-5377-4886-a4e8-6fe45d0af45e@group-A1165329A1F1, cid=4621, SUCCESS, logIndex=0, commits[4234af2c-5377-4886-a4e8-6fe45d0af45e:c7032, cef72988-acf5-49ad-9ec7-695a80e7a66d:c7029, d677508c-6db9-4741-b51c-49af5e4cf22f:c7029]
2019-09-08 07:08:39,943 [grpc-default-executor-3] INFO  client.GrpcClientProtocolClient (GrpcClientProtocolClient.java:onNext(264)) - client-964B0EA39D34->4234af2c-5377-4886-a4e8-6fe45d0af45e: receive RaftClientReply:client-964B0EA39D34->4234af2c-5377-4886-a4e8-6fe45d0af45e@group-A1165329A1F1, cid=4622, SUCCESS, logIndex=7035, commits[4234af2c-5377-4886-a4e8-6fe45d0af45e:c7036, cef72988-acf5-49ad-9ec7-695a80e7a66d:c7034, d677508c-6db9-4741-b51c-49af5e4cf22f:c7031]
2019-09-08 07:08:39,944 [grpc-default-executor-3] INFO  client.GrpcClientProtocolClient (GrpcClientProtocolClient.java:onNext(264)) - client-964B0EA39D34->4234af2c-5377-4886-a4e8-6fe45d0af45e: receive RaftClientReply:client-964B0EA39D34->4234af2c-5377-4886-a4e8-6fe45d0af45e@group-A1165329A1F1, cid=4623, SUCCESS, logIndex=7036, commits[4234af2c-5377-4886-a4e8-6fe45d0af45e:c7036, cef72988-acf5-49ad-9ec7-695a80e7a66d:c7034, d677508c-6db9-4741-b51c-49af5e4cf22f:c7031]
2019-09-08 07:08:39,963 [grpc-default-executor-0] INFO  client.GrpcClientProtocolClient (GrpcClientProtocolClient.java:onNext(264)) - client-964B0EA39D34->4234af2c-5377-4886-a4e8-6fe45d0af45e: receive RaftClientReply:client-964B0EA39D34->4234af2c-5377-4886-a4e8-6fe45d0af45e@group-A1165329A1F1, cid=4624, SUCCESS, logIndex=7039, commits[4234af2c-5377-4886-a4e8-6fe45d0af45e:c7040, cef72988-acf5-49ad-9ec7-695a80e7a66d:c7038, d677508c-6db9-4741-b51c-49af5e4cf22f:c7038]
2019-09-08 07:08:39,963 [grpc-default-executor-0] INFO  client.GrpcClientProtocolClient (GrpcClientProtocolClient.java:onNext(264)) - client-964B0EA39D34->4234af2c-5377-4886-a4e8-6fe45d0af45e: receive RaftClientReply:client-964B0EA39D34->4234af2c-5377-4886-a4e8-6fe45d0af45e@group-A1165329A1F1, cid=4625, SUCCESS, logIndex=7040, commits[4234af2c-5377-4886-a4e8-6fe45d0af45e:c7040, cef72988-acf5-49ad-9ec7-695a80e7a66d:c7038, d677508c-6db9-4741-b51c-49af5e4cf22f:c7038]
2019-09-08 07:08:39,965 [grpc-default-executor-0] INFO  client.GrpcClientProtocolClient (GrpcClientProtocolClient.java:onNext(264)) - client-964B0EA39D34->4234af2c-5377-4886-a4e8-6fe45d0af45e: receive RaftClientReply:client-964B0EA39D34->4234af2c-5377-4886-a4e8-6fe45d0af45e@group-A1165329A1F1, cid=4626, SUCCESS, logIndex=0, commits[4234af2c-5377-4886-a4e8-6fe45d0af45e:c7042, cef72988-acf5-49ad-9ec7-695a80e7a66d:c7040, d677508c-6db9-4741-b51c-49af5e4cf22f:c7040]
2019-09-08 07:08:39,996 [grpc-default-executor-6] INFO  client.GrpcClientProtocolClient (GrpcClientProtocolClient.java:onNext(264)) - client-964B0EA39D34->4234af2c-5377-4886-a4e8-6fe45d0af45e: receive RaftClientReply:client-964B0EA39D34->4234af2c-5377-4886-a4e8-6fe45d0af45e@group-A1165329A1F1, cid=4627, SUCCESS, logIndex=7043, commits[4234af2c-5377-4886-a4e8-6fe45d0af45e:c7044, cef72988-acf5-49ad-9ec7-695a80e7a66d:c7042, d677508c-6db9-4741-b51c-49af5e4cf22f:c7042]
2019-09-08 07:08:39,997 [grpc-default-executor-6] INFO  client.GrpcClientProtocolClient (GrpcClientProtocolClient.java:onNext(264)) - client-964B0EA39D34->4234af2c-5377-4886-a4e8-6fe45d0af45e: receive RaftClientReply:client-964B0EA39D34->4234af2c-5377-4886-a4e8-6fe45d0af45e@group-A1165329A1F1, cid=4628, SUCCESS, logIndex=7044, commits[4234af2c-5377-4886-a4e8-6fe45d0af45e:c7044, cef72988-acf5-49ad-9ec7-695a80e7a66d:c7042, d677508c-6db9-4741-b51c-49af5e4cf22f:c7042]
2019-09-08 07:08:39,998 [grpc-default-executor-4] INFO  client.GrpcClientProtocolClient (GrpcClientProtocolClient.java:onNext(264)) - client-964B0EA39D34->4234af2c-5377-4886-a4e8-6fe45d0af45e: receive RaftClientReply:client-964B0EA39D34->4234af2c-5377-4886-a4e8-6fe45d0af45e@group-A1165329A1F1, cid=4629, SUCCESS, logIndex=7045, commits[4234af2c-5377-4886-a4e8-6fe45d0af45e:c7046, cef72988-acf5-49ad-9ec7-695a80e7a66d:c7042, d677508c-6db9-4741-b51c-49af5e4cf22f:c7042]
2019-09-08 07:08:39,998 [grpc-default-executor-4] INFO  client.GrpcClientProtocolClient (GrpcClientProtocolClient.java:onNext(264)) - client-964B0EA39D34->4234af2c-5377-4886-a4e8-6fe45d0af45e: receive RaftClientReply:client-964B0EA39D34->4234af2c-5377-4886-a4e8-6fe45d0af45e@group-A1165329A1F1, cid=4630, SUCCESS, logIndex=7046, commits[4234af2c-5377-4886-a4e8-6fe45d0af45e:c7046, cef72988-acf5-49ad-9ec7-695a80e7a66d:c7042, d677508c-6db9-4741-b51c-49af5e4cf22f:c7042]
2019-09-08 07:08:39,999 [grpc-default-executor-6] INFO  client.GrpcClientProtocolClient (GrpcClientProtocolClient.java:onNext(264)) - client-964B0EA39D34->4234af2c-5377-4886-a4e8-6fe45d0af45e: receive RaftClientReply:client-964B0EA39D34->4234af2c-5377-4886-a4e8-6fe45d0af45e@group-A1165329A1F1, cid=4631, SUCCESS, logIndex=0, commits[4234af2c-5377-4886-a4e8-6fe45d0af45e:c7048, cef72988-acf5-49ad-9ec7-695a80e7a66d:c7044, d677508c-6db9-4741-b51c-49af5e4cf22f:c7044]
2019-09-08 07:08:40,019 [grpc-default-executor-4] INFO  client.GrpcClientProtocolClient (GrpcClientProtocolClient.java:onNext(264)) - client-964B0EA39D34->4234af2c-5377-4886-a4e8-6fe45d0af45e: receive RaftClientReply:client-964B0EA39D34->4234af2c-5377-4886-a4e8-6fe45d0af45e@group-A1165329A1F1, cid=4632, SUCCESS, logIndex=7051, commits[4234af2c-5377-4886-a4e8-6fe45d0af45e:c7052, cef72988-acf5-49ad-9ec7-695a80e7a66d:c7050, d677508c-6db9-4741-b51c-49af5e4cf22f:c7050]
2019-09-08 07:08:40,019 [grpc-default-executor-4] INFO  client.GrpcClientProtocolClient (GrpcClientProtocolClient.java:onNext(264)) - client-964B0EA39D34->4234af2c-5377-4886-a4e8-6fe45d0af45e: receive RaftClientReply:client-964B0EA39D34->4234af2c-5377-4886-a4e8-6fe45d0af45e@group-A1165329A1F1, cid=4633, SUCCESS, logIndex=7052, commits[4234af2c-5377-4886-a4e8-6fe45d0af45e:c7052, cef72988-acf5-49ad-9ec7-695a80e7a66d:c7050, d677508c-6db9-4741-b51c-49af5e4cf22f:c7050]
2019-09-08 07:08:40,047 [grpc-default-executor-4] INFO  client.GrpcClientProtocolClient (GrpcClientProtocolClient.java:onNext(264)) - client-964B0EA39D34->4234af2c-5377-4886-a4e8-6fe45d0af45e: receive RaftClientReply:client-964B0EA39D34->4234af2c-5377-4886-a4e8-6fe45d0af45e@group-A1165329A1F1, cid=4634, SUCCESS, logIndex=7055, commits[4234af2c-5377-4886-a4e8-6fe45d0af45e:c7056, cef72988-acf5-49ad-9ec7-695a80e7a66d:c7052, d677508c-6db9-4741-b51c-49af5e4cf22f:c7051]
2019-09-08 07:08:40,047 [grpc-default-executor-4] INFO  client.GrpcClientProtocolClient (GrpcClientProtocolClient.java:onNext(264)) - client-964B0EA39D34->4234af2c-5377-4886-a4e8-6fe45d0af45e: receive RaftClientReply:client-964B0EA39D34->4234af2c-5377-4886-a4e8-6fe45d0af45e@group-A1165329A1F1, cid=4635, SUCCESS, logIndex=7056, commits[4234af2c-5377-4886-a4e8-6fe45d0af45e:c7056, cef72988-acf5-49ad-9ec7-695a80e7a66d:c7052, d677508c-6db9-4741-b51c-49af5e4cf22f:c7052]
2019-09-08 07:08:40,049 [grpc-default-executor-6] INFO  client.GrpcClientProtocolClient (GrpcClientProtocolClient.java:onNext(264)) - client-964B0EA39D34->4234af2c-5377-4886-a4e8-6fe45d0af45e: receive RaftClientReply:client-964B0EA39D34->4234af2c-5377-4886-a4e8-6fe45d0af45e@group-A1165329A1F1, cid=4636, SUCCESS, logIndex=0, commits[4234af2c-5377-4886-a4e8-6fe45d0af45e:c7058, cef72988-acf5-49ad-9ec7-695a80e7a66d:c7056, d677508c-6db9-4741-b51c-49af5e4cf22f:c7056]
2019-09-08 07:08:40,092 [grpc-default-executor-6] INFO  client.GrpcClientProtocolClient (GrpcClientProtocolClient.java:onNext(264)) - client-964B0EA39D34->4234af2c-5377-4886-a4e8-6fe45d0af45e: receive RaftClientReply:client-964B0EA39D34->4234af2c-5377-4886-a4e8-6fe45d0af45e@group-A1165329A1F1, cid=4637, SUCCESS, logIndex=7059, commits[4234af2c-5377-4886-a4e8-6fe45d0af45e:c7060, cef72988-acf5-49ad-9ec7-695a80e7a66d:c7058, d677508c-6db9-4741-b51c-49af5e4cf22f:c7058]
2019-09-08 07:08:40,093 [grpc-default-executor-6] INFO  client.GrpcClientProtocolClient (GrpcClientProtocolClient.java:onNext(264)) - client-964B0EA39D34->4234af2c-5377-4886-a4e8-6fe45d0af45e: receive RaftClientReply:client-964B0EA39D34->4234af2c-5377-4886-a4e8-6fe45d0af45e@group-A1165329A1F1, cid=4638, SUCCESS, logIndex=7060, commits[4234af2c-5377-4886-a4e8-6fe45d0af45e:c7062, cef72988-acf5-49ad-9ec7-695a80e7a66d:c7058, d677508c-6db9-4741-b51c-49af5e4cf22f:c7058]
2019-09-08 07:08:40,093 [grpc-default-executor-6] INFO  client.GrpcClientProtocolClient (GrpcClientProtocolClient.java:onNext(264)) - client-964B0EA39D34->4234af2c-5377-4886-a4e8-6fe45d0af45e: receive RaftClientReply:client-964B0EA39D34->4234af2c-5377-4886-a4e8-6fe45d0af45e@group-A1165329A1F1, cid=4639, SUCCESS, logIndex=7061, commits[4234af2c-5377-4886-a4e8-6fe45d0af45e:c7062, cef72988-acf5-49ad-9ec7-695a80e7a66d:c7058, d677508c-6db9-4741-b51c-49af5e4cf22f:c7058]
2019-09-08 07:08:40,093 [grpc-default-executor-6] INFO  client.GrpcClientProtocolClient (GrpcClientProtocolClient.java:onNext(264)) - client-964B0EA39D34->4234af2c-5377-4886-a4e8-6fe45d0af45e: receive RaftClientReply:client-964B0EA39D34->4234af2c-5377-4886-a4e8-6fe45d0af45e@group-A1165329A1F1, cid=4640, SUCCESS, logIndex=7062, commits[4234af2c-5377-4886-a4e8-6fe45d0af45e:c7062, cef72988-acf5-49ad-9ec7-695a80e7a66d:c7058, d677508c-6db9-4741-b51c-49af5e4cf22f:c7058]
2019-09-08 07:08:40,104 [grpc-default-executor-6] INFO  client.GrpcClientProtocolClient (GrpcClientProtocolClient.java:onNext(264)) - client-964B0EA39D34->4234af2c-5377-4886-a4e8-6fe45d0af45e: receive RaftClientReply:client-964B0EA39D34->4234af2c-5377-4886-a4e8-6fe45d0af45e@group-A1165329A1F1, cid=4641, SUCCESS, logIndex=0, commits[4234af2c-5377-4886-a4e8-6fe45d0af45e:c7064, cef72988-acf5-49ad-9ec7-695a80e7a66d:c7060, d677508c-6db9-4741-b51c-49af5e4cf22f:c7060]
2019-09-08 07:08:40,114 [grpc-default-executor-6] INFO  client.GrpcClientProtocolClient (GrpcClientProtocolClient.java:onNext(264)) - client-964B0EA39D34->4234af2c-5377-4886-a4e8-6fe45d0af45e: receive RaftClientReply:client-964B0EA39D34->4234af2c-5377-4886-a4e8-6fe45d0af45e@group-A1165329A1F1, cid=4642, SUCCESS, logIndex=7066, commits[4234af2c-5377-4886-a4e8-6fe45d0af45e:c7067, cef72988-acf5-49ad-9ec7-695a80e7a66d:c7062, d677508c-6db9-4741-b51c-49af5e4cf22f:c7065]
2019-09-08 07:08:40,114 [grpc-default-executor-6] INFO  client.GrpcClientProtocolClient (GrpcClientProtocolClient.java:onNext(264)) - client-964B0EA39D34->4234af2c-5377-4886-a4e8-6fe45d0af45e: receive RaftClientReply:client-964B0EA39D34->4234af2c-5377-4886-a4e8-6fe45d0af45e@group-A1165329A1F1, cid=4643, SUCCESS, logIndex=7067, commits[4234af2c-5377-4886-a4e8-6fe45d0af45e:c7067, cef72988-acf5-49ad-9ec7-695a80e7a66d:c7062, d677508c-6db9-4741-b51c-49af5e4cf22f:c7065]
2019-09-08 07:08:40,130 [grpc-default-executor-0] INFO  client.GrpcClientProtocolClient (GrpcClientProtocolClient.java:onNext(264)) - client-964B0EA39D34->4234af2c-5377-4886-a4e8-6fe45d0af45e: receive RaftClientReply:client-964B0EA39D34->4234af2c-5377-4886-a4e8-6fe45d0af45e@group-A1165329A1F1, cid=4644, SUCCESS, logIndex=7070, commits[4234af2c-5377-4886-a4e8-6fe45d0af45e:c7071, cef72988-acf5-49ad-9ec7-695a80e7a66d:c7067, d677508c-6db9-4741-b51c-49af5e4cf22f:c7069]
2019-09-08 07:08:40,130 [grpc-default-executor-0] INFO  client.GrpcClientProtocolClient (GrpcClientProtocolClient.java:onNext(264)) - client-964B0EA39D34->4234af2c-5377-4886-a4e8-6fe45d0af45e: receive RaftClientReply:client-964B0EA39D34->4234af2c-5377-4886-a4e8-6fe45d0af45e@group-A1165329A1F1, cid=4645, SUCCESS, logIndex=7071, commits[4234af2c-5377-4886-a4e8-6fe45d0af45e:c7071, cef72988-acf5-49ad-9ec7-695a80e7a66d:c7069, d677508c-6db9-4741-b51c-49af5e4cf22f:c7069]
2019-09-08 07:08:40,142 [grpc-default-executor-0] INFO  client.GrpcClientProtocolClient (GrpcClientProtocolClient.java:onNext(264)) - client-964B0EA39D34->4234af2c-5377-4886-a4e8-6fe45d0af45e: receive RaftClientReply:client-964B0EA39D34->4234af2c-5377-4886-a4e8-6fe45d0af45e@group-A1165329A1F1, cid=4646, SUCCESS, logIndex=0, commits[4234af2c-5377-4886-a4e8-6fe45d0af45e:c7073, cef72988-acf5-49ad-9ec7-695a80e7a66d:c7071, d677508c-6db9-4741-b51c-49af5e4cf22f:c7071]
2019-09-08 07:08:40,184 [grpc-default-executor-6] INFO  client.GrpcClientProtocolClient (GrpcClientProtocolClient.java:onNext(264)) - client-964B0EA39D34->4234af2c-5377-4886-a4e8-6fe45d0af45e: receive RaftClientReply:client-964B0EA39D34->4234af2c-5377-4886-a4e8-6fe45d0af45e@group-A1165329A1F1, cid=4647, SUCCESS, logIndex=7074, commits[4234af2c-5377-4886-a4e8-6fe45d0af45e:c7075, cef72988-acf5-49ad-9ec7-695a80e7a66d:c7073, d677508c-6db9-4741-b51c-49af5e4cf22f:c7073]
2019-09-08 07:08:40,185 [grpc-default-executor-6] INFO  client.GrpcClientProtocolClient (GrpcClientProtocolClient.java:onNext(264)) - client-964B0EA39D34->4234af2c-5377-4886-a4e8-6fe45d0af45e: receive RaftClientReply:client-964B0EA39D34->4234af2c-5377-4886-a4e8-6fe45d0af45e@group-A1165329A1F1, cid=4648, SUCCESS, logIndex=7075, commits[4234af2c-5377-4886-a4e8-6fe45d0af45e:c7075, cef72988-acf5-49ad-9ec7-695a80e7a66d:c7073, d677508c-6db9-4741-b51c-49af5e4cf22f:c7073]
2019-09-08 07:08:40,187 [grpc-default-executor-6] INFO  client.GrpcClientProtocolClient (GrpcClientProtocolClient.java:onNext(264)) - client-964B0EA39D34->4234af2c-5377-4886-a4e8-6fe45d0af45e: receive RaftClientReply:client-964B0EA39D34->4234af2c-5377-4886-a4e8-6fe45d0af45e@group-A1165329A1F1, cid=4649, SUCCESS, logIndex=7076, commits[4234af2c-5377-4886-a4e8-6fe45d0af45e:c7077, cef72988-acf5-49ad-9ec7-695a80e7a66d:c7073, d677508c-6db9-4741-b51c-49af5e4cf22f:c7073]
2019-09-08 07:08:40,188 [grpc-default-executor-6] INFO  client.GrpcClientProtocolClient (GrpcClientProtocolClient.java:onNext(264)) - client-964B0EA39D34->4234af2c-5377-4886-a4e8-6fe45d0af45e: receive RaftClientReply:client-964B0EA39D34->4234af2c-5377-4886-a4e8-6fe45d0af45e@group-A1165329A1F1, cid=4650, SUCCESS, logIndex=7077, commits[4234af2c-5377-4886-a4e8-6fe45d0af45e:c7077, cef72988-acf5-49ad-9ec7-695a80e7a66d:c7073, d677508c-6db9-4741-b51c-49af5e4cf22f:c7073]
2019-09-08 07:08:40,189 [grpc-default-executor-6] INFO  client.GrpcClientProtocolClient (GrpcClientProtocolClient.java:onNext(264)) - client-964B0EA39D34->4234af2c-5377-4886-a4e8-6fe45d0af45e: receive RaftClientReply:client-964B0EA39D34->4234af2c-5377-4886-a4e8-6fe45d0af45e@group-A1165329A1F1, cid=4651, SUCCESS, logIndex=0, commits[4234af2c-5377-4886-a4e8-6fe45d0af45e:c7081, cef72988-acf5-49ad-9ec7-695a80e7a66d:c7077, d677508c-6db9-4741-b51c-49af5e4cf22f:c7077]
2019-09-08 07:08:40,209 [grpc-default-executor-4] INFO  client.GrpcClientProtocolClient (GrpcClientProtocolClient.java:onNext(264)) - client-964B0EA39D34->4234af2c-5377-4886-a4e8-6fe45d0af45e: receive RaftClientReply:client-964B0EA39D34->4234af2c-5377-4886-a4e8-6fe45d0af45e@group-A1165329A1F1, cid=4652, SUCCESS, logIndex=7082, commits[4234af2c-5377-4886-a4e8-6fe45d0af45e:c7082, cef72988-acf5-49ad-9ec7-695a80e7a66d:c7081, d677508c-6db9-4741-b51c-49af5e4cf22f:c7077]
2019-09-08 07:08:40,209 [grpc-default-executor-4] INFO  client.GrpcClientProtocolClient (GrpcClientProtocolClient.java:onNext(264)) - client-964B0EA39D34->4234af2c-5377-4886-a4e8-6fe45d0af45e: receive RaftClientReply:client-964B0EA39D34->4234af2c-5377-4886-a4e8-6fe45d0af45e@group-A1165329A1F1, cid=4653, SUCCESS, logIndex=7083, commits[4234af2c-5377-4886-a4e8-6fe45d0af45e:c7083, cef72988-acf5-49ad-9ec7-695a80e7a66d:c7081, d677508c-6db9-4741-b51c-49af5e4cf22f:c7081]
2019-09-08 07:08:40,216 [grpc-default-executor-6] INFO  segmented.SegmentedRaftLogWorker (SegmentedRaftLogWorker.java:rollLogSegment(385)) - 4234af2c-5377-4886-a4e8-6fe45d0af45e@group-A1165329A1F1-SegmentedRaftLogWorker: Rolling segment log-0_7086 to index:7086
2019-09-08 07:08:40,218 [grpc-default-executor-6] INFO  segmented.SegmentedRaftLogWorker (SegmentedRaftLogWorker.java:rollLogSegment(385)) - cef72988-acf5-49ad-9ec7-695a80e7a66d@group-A1165329A1F1-SegmentedRaftLogWorker: Rolling segment log-0_7086 to index:7086
2019-09-08 07:08:40,218 [grpc-default-executor-3] INFO  segmented.SegmentedRaftLogWorker (SegmentedRaftLogWorker.java:rollLogSegment(385)) - d677508c-6db9-4741-b51c-49af5e4cf22f@group-A1165329A1F1-SegmentedRaftLogWorker: Rolling segment log-0_7086 to index:7086
2019-09-08 07:08:40,231 [cef72988-acf5-49ad-9ec7-695a80e7a66d@group-A1165329A1F1-SegmentedRaftLogWorker] INFO  segmented.SegmentedRaftLogWorker (SegmentedRaftLogWorker.java:execute(526)) - cef72988-acf5-49ad-9ec7-695a80e7a66d@group-A1165329A1F1-SegmentedRaftLogWorker: Rolled log segment from /workdir/hadoop-ozone/tools/target/test-dir/MiniOzoneClusterImpl-3a989f2c-686e-4f01-8cd4-2b3f139c3fcf/datanode-2/data/ratis/f8615788-eeb1-4154-aace-a1165329a1f1/current/log_inprogress_0 to /workdir/hadoop-ozone/tools/target/test-dir/MiniOzoneClusterImpl-3a989f2c-686e-4f01-8cd4-2b3f139c3fcf/datanode-2/data/ratis/f8615788-eeb1-4154-aace-a1165329a1f1/current/log_0-7086
2019-09-08 07:08:40,231 [4234af2c-5377-4886-a4e8-6fe45d0af45e@group-A1165329A1F1-SegmentedRaftLogWorker] INFO  segmented.SegmentedRaftLogWorker (SegmentedRaftLogWorker.java:execute(526)) - 4234af2c-5377-4886-a4e8-6fe45d0af45e@group-A1165329A1F1-SegmentedRaftLogWorker: Rolled log segment from /workdir/hadoop-ozone/tools/target/test-dir/MiniOzoneClusterImpl-3a989f2c-686e-4f01-8cd4-2b3f139c3fcf/datanode-0/data/ratis/f8615788-eeb1-4154-aace-a1165329a1f1/current/log_inprogress_0 to /workdir/hadoop-ozone/tools/target/test-dir/MiniOzoneClusterImpl-3a989f2c-686e-4f01-8cd4-2b3f139c3fcf/datanode-0/data/ratis/f8615788-eeb1-4154-aace-a1165329a1f1/current/log_0-7086
2019-09-08 07:08:40,231 [d677508c-6db9-4741-b51c-49af5e4cf22f@group-A1165329A1F1-SegmentedRaftLogWorker] INFO  segmented.SegmentedRaftLogWorker (SegmentedRaftLogWorker.java:execute(526)) - d677508c-6db9-4741-b51c-49af5e4cf22f@group-A1165329A1F1-SegmentedRaftLogWorker: Rolled log segment from /workdir/hadoop-ozone/tools/target/test-dir/MiniOzoneClusterImpl-3a989f2c-686e-4f01-8cd4-2b3f139c3fcf/datanode-1/data/ratis/f8615788-eeb1-4154-aace-a1165329a1f1/current/log_inprogress_0 to /workdir/hadoop-ozone/tools/target/test-dir/MiniOzoneClusterImpl-3a989f2c-686e-4f01-8cd4-2b3f139c3fcf/datanode-1/data/ratis/f8615788-eeb1-4154-aace-a1165329a1f1/current/log_0-7086
2019-09-08 07:08:40,233 [grpc-default-executor-3] INFO  client.GrpcClientProtocolClient (GrpcClientProtocolClient.java:onNext(264)) - client-964B0EA39D34->4234af2c-5377-4886-a4e8-6fe45d0af45e: receive RaftClientReply:client-964B0EA39D34->4234af2c-5377-4886-a4e8-6fe45d0af45e@group-A1165329A1F1, cid=4654, SUCCESS, logIndex=7086, commits[4234af2c-5377-4886-a4e8-6fe45d0af45e:c7086, cef72988-acf5-49ad-9ec7-695a80e7a66d:c7085, d677508c-6db9-4741-b51c-49af5e4cf22f:c7085]
2019-09-08 07:08:40,284 [4234af2c-5377-4886-a4e8-6fe45d0af45e@group-A1165329A1F1-SegmentedRaftLogWorker] INFO  segmented.SegmentedRaftLogWorker (SegmentedRaftLogWorker.java:execute(569)) - 4234af2c-5377-4886-a4e8-6fe45d0af45e@group-A1165329A1F1-SegmentedRaftLogWorker: created new log segment /workdir/hadoop-ozone/tools/target/test-dir/MiniOzoneClusterImpl-3a989f2c-686e-4f01-8cd4-2b3f139c3fcf/datanode-0/data/ratis/f8615788-eeb1-4154-aace-a1165329a1f1/current/log_inprogress_7087
2019-09-08 07:08:40,310 [d677508c-6db9-4741-b51c-49af5e4cf22f@group-A1165329A1F1-SegmentedRaftLogWorker] INFO  segmented.SegmentedRaftLogWorker (SegmentedRaftLogWorker.java:execute(569)) - d677508c-6db9-4741-b51c-49af5e4cf22f@group-A1165329A1F1-SegmentedRaftLogWorker: created new log segment /workdir/hadoop-ozone/tools/target/test-dir/MiniOzoneClusterImpl-3a989f2c-686e-4f01-8cd4-2b3f139c3fcf/datanode-1/data/ratis/f8615788-eeb1-4154-aace-a1165329a1f1/current/log_inprogress_7087
2019-09-08 07:08:40,310 [cef72988-acf5-49ad-9ec7-695a80e7a66d@group-A1165329A1F1-SegmentedRaftLogWorker] INFO  segmented.SegmentedRaftLogWorker (SegmentedRaftLogWorker.java:execute(569)) - cef72988-acf5-49ad-9ec7-695a80e7a66d@group-A1165329A1F1-SegmentedRaftLogWorker: created new log segment /workdir/hadoop-ozone/tools/target/test-dir/MiniOzoneClusterImpl-3a989f2c-686e-4f01-8cd4-2b3f139c3fcf/datanode-2/data/ratis/f8615788-eeb1-4154-aace-a1165329a1f1/current/log_inprogress_7087
2019-09-08 07:08:40,313 [grpc-default-executor-3] INFO  client.GrpcClientProtocolClient (GrpcClientProtocolClient.java:onNext(264)) - client-964B0EA39D34->4234af2c-5377-4886-a4e8-6fe45d0af45e: receive RaftClientReply:client-964B0EA39D34->4234af2c-5377-4886-a4e8-6fe45d0af45e@group-A1165329A1F1, cid=4655, SUCCESS, logIndex=7087, commits[4234af2c-5377-4886-a4e8-6fe45d0af45e:c7088, cef72988-acf5-49ad-9ec7-695a80e7a66d:c7085, d677508c-6db9-4741-b51c-49af5e4cf22f:c7086]
2019-09-08 07:08:40,337 [grpc-default-executor-3] INFO  client.GrpcClientProtocolClient (GrpcClientProtocolClient.java:onNext(264)) - client-964B0EA39D34->4234af2c-5377-4886-a4e8-6fe45d0af45e: receive RaftClientReply:client-964B0EA39D34->4234af2c-5377-4886-a4e8-6fe45d0af45e@group-A1165329A1F1, cid=4656, SUCCESS, logIndex=0, commits[4234af2c-5377-4886-a4e8-6fe45d0af45e:c7089, cef72988-acf5-49ad-9ec7-695a80e7a66d:c7088, d677508c-6db9-4741-b51c-49af5e4cf22f:c7088]
 0.00% |█                                                                                                    |  0/1 Time: 0:01:212019-09-08 07:08:40,385 [grpc-default-executor-6] INFO  client.GrpcClientProtocolClient (GrpcClientProtocolClient.java:onNext(264)) - client-964B0EA39D34->4234af2c-5377-4886-a4e8-6fe45d0af45e: receive RaftClientReply:client-964B0EA39D34->4234af2c-5377-4886-a4e8-6fe45d0af45e@group-A1165329A1F1, cid=4657, SUCCESS, logIndex=7090, commits[4234af2c-5377-4886-a4e8-6fe45d0af45e:c7093, cef72988-acf5-49ad-9ec7-695a80e7a66d:c7089, d677508c-6db9-4741-b51c-49af5e4cf22f:c7088]
2019-09-08 07:08:40,385 [grpc-default-executor-6] INFO  client.GrpcClientProtocolClient (GrpcClientProtocolClient.java:onNext(264)) - client-964B0EA39D34->4234af2c-5377-4886-a4e8-6fe45d0af45e: receive RaftClientReply:client-964B0EA39D34->4234af2c-5377-4886-a4e8-6fe45d0af45e@group-A1165329A1F1, cid=4658, SUCCESS, logIndex=7091, commits[4234af2c-5377-4886-a4e8-6fe45d0af45e:c7093, cef72988-acf5-49ad-9ec7-695a80e7a66d:c7089, d677508c-6db9-4741-b51c-49af5e4cf22f:c7089]
2019-09-08 07:08:40,385 [grpc-default-executor-6] INFO  client.GrpcClientProtocolClient (GrpcClientProtocolClient.java:onNext(264)) - client-964B0EA39D34->4234af2c-5377-4886-a4e8-6fe45d0af45e: receive RaftClientReply:client-964B0EA39D34->4234af2c-5377-4886-a4e8-6fe45d0af45e@group-A1165329A1F1, cid=4659, SUCCESS, logIndex=7092, commits[4234af2c-5377-4886-a4e8-6fe45d0af45e:c7093, cef72988-acf5-49ad-9ec7-695a80e7a66d:c7089, d677508c-6db9-4741-b51c-49af5e4cf22f:c7089]
2019-09-08 07:08:40,386 [grpc-default-executor-6] INFO  client.GrpcClientProtocolClient (GrpcClientProtocolClient.java:onNext(264)) - client-964B0EA39D34->4234af2c-5377-4886-a4e8-6fe45d0af45e: receive RaftClientReply:client-964B0EA39D34->4234af2c-5377-4886-a4e8-6fe45d0af45e@group-A1165329A1F1, cid=4660, SUCCESS, logIndex=7093, commits[4234af2c-5377-4886-a4e8-6fe45d0af45e:c7093, cef72988-acf5-49ad-9ec7-695a80e7a66d:c7089, d677508c-6db9-4741-b51c-49af5e4cf22f:c7089]
2019-09-08 07:08:40,586 [grpc-default-executor-6] INFO  client.GrpcClientProtocolClient (GrpcClientProtocolClient.java:onNext(264)) - client-964B0EA39D34->4234af2c-5377-4886-a4e8-6fe45d0af45e: receive RaftClientReply:client-964B0EA39D34->4234af2c-5377-4886-a4e8-6fe45d0af45e@group-A1165329A1F1, cid=4661, SUCCESS, logIndex=0, commits[4234af2c-5377-4886-a4e8-6fe45d0af45e:c7094, cef72988-acf5-49ad-9ec7-695a80e7a66d:c7093, d677508c-6db9-4741-b51c-49af5e4cf22f:c7091]
2019-09-08 07:08:40,610 [grpc-default-executor-4] INFO  client.GrpcClientProtocolClient (GrpcClientProtocolClient.java:onNext(264)) - client-964B0EA39D34->4234af2c-5377-4886-a4e8-6fe45d0af45e: receive RaftClientReply:client-964B0EA39D34->4234af2c-5377-4886-a4e8-6fe45d0af45e@group-A1165329A1F1, cid=4662, SUCCESS, logIndex=7097, commits[4234af2c-5377-4886-a4e8-6fe45d0af45e:c7098, cef72988-acf5-49ad-9ec7-695a80e7a66d:c7096, d677508c-6db9-4741-b51c-49af5e4cf22f:c7093]
2019-09-08 07:08:40,610 [grpc-default-executor-4] INFO  client.GrpcClientProtocolClient (GrpcClientProtocolClient.java:onNext(264)) - client-964B0EA39D34->4234af2c-5377-4886-a4e8-6fe45d0af45e: receive RaftClientReply:client-964B0EA39D34->4234af2c-5377-4886-a4e8-6fe45d0af45e@group-A1165329A1F1, cid=4663, SUCCESS, logIndex=7098, commits[4234af2c-5377-4886-a4e8-6fe45d0af45e:c7098, cef72988-acf5-49ad-9ec7-695a80e7a66d:c7096, d677508c-6db9-4741-b51c-49af5e4cf22f:c7093]
2019-09-08 07:08:40,635 [grpc-default-executor-4] INFO  client.GrpcClientProtocolClient (GrpcClientProtocolClient.java:onNext(264)) - client-964B0EA39D34->4234af2c-5377-4886-a4e8-6fe45d0af45e: receive RaftClientReply:client-964B0EA39D34->4234af2c-5377-4886-a4e8-6fe45d0af45e@group-A1165329A1F1, cid=4664, SUCCESS, logIndex=7101, commits[4234af2c-5377-4886-a4e8-6fe45d0af45e:c7101, cef72988-acf5-49ad-9ec7-695a80e7a66d:c7098, d677508c-6db9-4741-b51c-49af5e4cf22f:c7093]
2019-09-08 07:08:40,635 [grpc-default-executor-4] INFO  client.GrpcClientProtocolClient (GrpcClientProtocolClient.java:onNext(264)) - client-964B0EA39D34->4234af2c-5377-4886-a4e8-6fe45d0af45e: receive RaftClientReply:client-964B0EA39D34->4234af2c-5377-4886-a4e8-6fe45d0af45e@group-A1165329A1F1, cid=4665, SUCCESS, logIndex=7102, commits[4234af2c-5377-4886-a4e8-6fe45d0af45e:c7102, cef72988-acf5-49ad-9ec7-695a80e7a66d:c7098, d677508c-6db9-4741-b51c-49af5e4cf22f:c7093]
2019-09-08 07:08:40,642 [grpc-default-executor-4] INFO  client.GrpcClientProtocolClient (GrpcClientProtocolClient.java:onNext(264)) - client-964B0EA39D34->4234af2c-5377-4886-a4e8-6fe45d0af45e: receive RaftClientReply:client-964B0EA39D34->4234af2c-5377-4886-a4e8-6fe45d0af45e@group-A1165329A1F1, cid=4666, SUCCESS, logIndex=0, commits[4234af2c-5377-4886-a4e8-6fe45d0af45e:c7102, cef72988-acf5-49ad-9ec7-695a80e7a66d:c7098, d677508c-6db9-4741-b51c-49af5e4cf22f:c7098]
2019-09-08 07:08:40,648 [grpc-default-executor-4] INFO  client.GrpcClientProtocolClient (GrpcClientProtocolClient.java:onNext(264)) - client-964B0EA39D34->4234af2c-5377-4886-a4e8-6fe45d0af45e: receive RaftClientReply:client-964B0EA39D34->4234af2c-5377-4886-a4e8-6fe45d0af45e@group-A1165329A1F1, cid=4667, SUCCESS, logIndex=0, commits[4234af2c-5377-4886-a4e8-6fe45d0af45e:c7104, cef72988-acf5-49ad-9ec7-695a80e7a66d:c7102, d677508c-6db9-4741-b51c-49af5e4cf22f:c7102]
2019-09-08 07:08:40,686 [grpc-default-executor-6] INFO  client.GrpcClientProtocolClient (GrpcClientProtocolClient.java:onNext(264)) - client-964B0EA39D34->4234af2c-5377-4886-a4e8-6fe45d0af45e: receive RaftClientReply:client-964B0EA39D34->4234af2c-5377-4886-a4e8-6fe45d0af45e@group-A1165329A1F1, cid=4668, SUCCESS, logIndex=7105, commits[4234af2c-5377-4886-a4e8-6fe45d0af45e:c7106, cef72988-acf5-49ad-9ec7-695a80e7a66d:c7102, d677508c-6db9-4741-b51c-49af5e4cf22f:c7104]
2019-09-08 07:08:40,687 [grpc-default-executor-6] INFO  client.GrpcClientProtocolClient (GrpcClientProtocolClient.java:onNext(264)) - client-964B0EA39D34->4234af2c-5377-4886-a4e8-6fe45d0af45e: receive RaftClientReply:client-964B0EA39D34->4234af2c-5377-4886-a4e8-6fe45d0af45e@group-A1165329A1F1, cid=4669, SUCCESS, logIndex=7106, commits[4234af2c-5377-4886-a4e8-6fe45d0af45e:c7106, cef72988-acf5-49ad-9ec7-695a80e7a66d:c7102, d677508c-6db9-4741-b51c-49af5e4cf22f:c7104]
2019-09-08 07:08:40,687 [grpc-default-executor-6] INFO  client.GrpcClientProtocolClient (GrpcClientProtocolClient.java:onNext(264)) - client-964B0EA39D34->4234af2c-5377-4886-a4e8-6fe45d0af45e: receive RaftClientReply:client-964B0EA39D34->4234af2c-5377-4886-a4e8-6fe45d0af45e@group-A1165329A1F1, cid=4670, SUCCESS, logIndex=7107, commits[4234af2c-5377-4886-a4e8-6fe45d0af45e:c7108, cef72988-acf5-49ad-9ec7-695a80e7a66d:c7102, d677508c-6db9-4741-b51c-49af5e4cf22f:c7104]
2019-09-08 07:08:40,689 [grpc-default-executor-6] INFO  client.GrpcClientProtocolClient (GrpcClientProtocolClient.java:onNext(264)) - client-964B0EA39D34->4234af2c-5377-4886-a4e8-6fe45d0af45e: receive RaftClientReply:client-964B0EA39D34->4234af2c-5377-4886-a4e8-6fe45d0af45e@group-A1165329A1F1, cid=4671, SUCCESS, logIndex=7108, commits[4234af2c-5377-4886-a4e8-6fe45d0af45e:c7108, cef72988-acf5-49ad-9ec7-695a80e7a66d:c7104, d677508c-6db9-4741-b51c-49af5e4cf22f:c7104]
2019-09-08 07:08:40,690 [grpc-default-executor-4] INFO  client.GrpcClientProtocolClient (GrpcClientProtocolClient.java:onNext(264)) - client-964B0EA39D34->4234af2c-5377-4886-a4e8-6fe45d0af45e: receive RaftClientReply:client-964B0EA39D34->4234af2c-5377-4886-a4e8-6fe45d0af45e@group-A1165329A1F1, cid=4672, SUCCESS, logIndex=0, commits[4234af2c-5377-4886-a4e8-6fe45d0af45e:c7110, cef72988-acf5-49ad-9ec7-695a80e7a66d:c7108, d677508c-6db9-4741-b51c-49af5e4cf22f:c7108]
2019-09-08 07:08:40,711 [grpc-default-executor-4] INFO  client.GrpcClientProtocolClient (GrpcClientProtocolClient.java:onNext(264)) - client-964B0EA39D34->4234af2c-5377-4886-a4e8-6fe45d0af45e: receive RaftClientReply:client-964B0EA39D34->4234af2c-5377-4886-a4e8-6fe45d0af45e@group-A1165329A1F1, cid=4673, SUCCESS, logIndex=7111, commits[4234af2c-5377-4886-a4e8-6fe45d0af45e:c7112, cef72988-acf5-49ad-9ec7-695a80e7a66d:c7108, d677508c-6db9-4741-b51c-49af5e4cf22f:c7110]
2019-09-08 07:08:40,712 [grpc-default-executor-4] INFO  client.GrpcClientProtocolClient (GrpcClientProtocolClient.java:onNext(264)) - client-964B0EA39D34->4234af2c-5377-4886-a4e8-6fe45d0af45e: receive RaftClientReply:client-964B0EA39D34->4234af2c-5377-4886-a4e8-6fe45d0af45e@group-A1165329A1F1, cid=4674, SUCCESS, logIndex=7112, commits[4234af2c-5377-4886-a4e8-6fe45d0af45e:c7112, cef72988-acf5-49ad-9ec7-695a80e7a66d:c7108, d677508c-6db9-4741-b51c-49af5e4cf22f:c7110]
2019-09-08 07:08:40,723 [grpc-default-executor-4] INFO  client.GrpcClientProtocolClient (GrpcClientProtocolClient.java:onNext(264)) - client-964B0EA39D34->4234af2c-5377-4886-a4e8-6fe45d0af45e: receive RaftClientReply:client-964B0EA39D34->4234af2c-5377-4886-a4e8-6fe45d0af45e@group-A1165329A1F1, cid=4675, SUCCESS, logIndex=7114, commits[4234af2c-5377-4886-a4e8-6fe45d0af45e:c7115, cef72988-acf5-49ad-9ec7-695a80e7a66d:c7113, d677508c-6db9-4741-b51c-49af5e4cf22f:c7112]
2019-09-08 07:08:40,725 [grpc-default-executor-4] INFO  client.GrpcClientProtocolClient (GrpcClientProtocolClient.java:onNext(264)) - client-964B0EA39D34->4234af2c-5377-4886-a4e8-6fe45d0af45e: receive RaftClientReply:client-964B0EA39D34->4234af2c-5377-4886-a4e8-6fe45d0af45e@group-A1165329A1F1, cid=4676, SUCCESS, logIndex=7115, commits[4234af2c-5377-4886-a4e8-6fe45d0af45e:c7115, cef72988-acf5-49ad-9ec7-695a80e7a66d:c7113, d677508c-6db9-4741-b51c-49af5e4cf22f:c7112]
2019-09-08 07:08:40,726 [grpc-default-executor-4] INFO  client.GrpcClientProtocolClient (GrpcClientProtocolClient.java:onNext(264)) - client-964B0EA39D34->4234af2c-5377-4886-a4e8-6fe45d0af45e: receive RaftClientReply:client-964B0EA39D34->4234af2c-5377-4886-a4e8-6fe45d0af45e@group-A1165329A1F1, cid=4677, SUCCESS, logIndex=0, commits[4234af2c-5377-4886-a4e8-6fe45d0af45e:c7117, cef72988-acf5-49ad-9ec7-695a80e7a66d:c7115, d677508c-6db9-4741-b51c-49af5e4cf22f:c7115]
2019-09-08 07:08:40,753 [grpc-default-executor-6] INFO  client.GrpcClientProtocolClient (GrpcClientProtocolClient.java:onNext(264)) - client-964B0EA39D34->4234af2c-5377-4886-a4e8-6fe45d0af45e: receive RaftClientReply:client-964B0EA39D34->4234af2c-5377-4886-a4e8-6fe45d0af45e@group-A1165329A1F1, cid=4678, SUCCESS, logIndex=7118, commits[4234af2c-5377-4886-a4e8-6fe45d0af45e:c7119, cef72988-acf5-49ad-9ec7-695a80e7a66d:c7115, d677508c-6db9-4741-b51c-49af5e4cf22f:c7117]
2019-09-08 07:08:40,754 [grpc-default-executor-6] INFO  client.GrpcClientProtocolClient (GrpcClientProtocolClient.java:onNext(264)) - client-964B0EA39D34->4234af2c-5377-4886-a4e8-6fe45d0af45e: receive RaftClientReply:client-964B0EA39D34->4234af2c-5377-4886-a4e8-6fe45d0af45e@group-A1165329A1F1, cid=4679, SUCCESS, logIndex=7119, commits[4234af2c-5377-4886-a4e8-6fe45d0af45e:c7119, cef72988-acf5-49ad-9ec7-695a80e7a66d:c7115, d677508c-6db9-4741-b51c-49af5e4cf22f:c7117]
2019-09-08 07:08:40,776 [grpc-default-executor-4] INFO  client.GrpcClientProtocolClient (GrpcClientProtocolClient.java:onNext(264)) - client-964B0EA39D34->4234af2c-5377-4886-a4e8-6fe45d0af45e: receive RaftClientReply:client-964B0EA39D34->4234af2c-5377-4886-a4e8-6fe45d0af45e@group-A1165329A1F1, cid=4680, SUCCESS, logIndex=7120, commits[4234af2c-5377-4886-a4e8-6fe45d0af45e:c7121, cef72988-acf5-49ad-9ec7-695a80e7a66d:c7117, d677508c-6db9-4741-b51c-49af5e4cf22f:c7119]
2019-09-08 07:08:40,777 [grpc-default-executor-4] INFO  client.GrpcClientProtocolClient (GrpcClientProtocolClient.java:onNext(264)) - client-964B0EA39D34->4234af2c-5377-4886-a4e8-6fe45d0af45e: receive RaftClientReply:client-964B0EA39D34->4234af2c-5377-4886-a4e8-6fe45d0af45e@group-A1165329A1F1, cid=4681, SUCCESS, logIndex=7121, commits[4234af2c-5377-4886-a4e8-6fe45d0af45e:c7121, cef72988-acf5-49ad-9ec7-695a80e7a66d:c7117, d677508c-6db9-4741-b51c-49af5e4cf22f:c7119]
2019-09-08 07:08:40,778 [grpc-default-executor-0] INFO  client.GrpcClientProtocolClient (GrpcClientProtocolClient.java:onNext(264)) - client-964B0EA39D34->4234af2c-5377-4886-a4e8-6fe45d0af45e: receive RaftClientReply:client-964B0EA39D34->4234af2c-5377-4886-a4e8-6fe45d0af45e@group-A1165329A1F1, cid=4682, SUCCESS, logIndex=0, commits[4234af2c-5377-4886-a4e8-6fe45d0af45e:c7124, cef72988-acf5-49ad-9ec7-695a80e7a66d:c7119, d677508c-6db9-4741-b51c-49af5e4cf22f:c7121]
2019-09-08 07:08:40,791 [grpc-default-executor-4] INFO  client.GrpcClientProtocolClient (GrpcClientProtocolClient.java:onNext(264)) - client-964B0EA39D34->4234af2c-5377-4886-a4e8-6fe45d0af45e: receive RaftClientReply:client-964B0EA39D34->4234af2c-5377-4886-a4e8-6fe45d0af45e@group-A1165329A1F1, cid=4683, SUCCESS, logIndex=7125, commits[4234af2c-5377-4886-a4e8-6fe45d0af45e:c7126, cef72988-acf5-49ad-9ec7-695a80e7a66d:c7121, d677508c-6db9-4741-b51c-49af5e4cf22f:c7124]
2019-09-08 07:08:40,792 [grpc-default-executor-4] INFO  client.GrpcClientProtocolClient (GrpcClientProtocolClient.java:onNext(264)) - client-964B0EA39D34->4234af2c-5377-4886-a4e8-6fe45d0af45e: receive RaftClientReply:client-964B0EA39D34->4234af2c-5377-4886-a4e8-6fe45d0af45e@group-A1165329A1F1, cid=4684, SUCCESS, logIndex=7126, commits[4234af2c-5377-4886-a4e8-6fe45d0af45e:c7126, cef72988-acf5-49ad-9ec7-695a80e7a66d:c7121, d677508c-6db9-4741-b51c-49af5e4cf22f:c7124]
2019-09-08 07:08:40,812 [grpc-default-executor-4] INFO  client.GrpcClientProtocolClient (GrpcClientProtocolClient.java:onNext(264)) - client-964B0EA39D34->4234af2c-5377-4886-a4e8-6fe45d0af45e: receive RaftClientReply:client-964B0EA39D34->4234af2c-5377-4886-a4e8-6fe45d0af45e@group-A1165329A1F1, cid=4685, SUCCESS, logIndex=7128, commits[4234af2c-5377-4886-a4e8-6fe45d0af45e:c7129, cef72988-acf5-49ad-9ec7-695a80e7a66d:c7126, d677508c-6db9-4741-b51c-49af5e4cf22f:c7127]
2019-09-08 07:08:40,812 [grpc-default-executor-4] INFO  client.GrpcClientProtocolClient (GrpcClientProtocolClient.java:onNext(264)) - client-964B0EA39D34->4234af2c-5377-4886-a4e8-6fe45d0af45e: receive RaftClientReply:client-964B0EA39D34->4234af2c-5377-4886-a4e8-6fe45d0af45e@group-A1165329A1F1, cid=4686, SUCCESS, logIndex=7129, commits[4234af2c-5377-4886-a4e8-6fe45d0af45e:c7129, cef72988-acf5-49ad-9ec7-695a80e7a66d:c7126, d677508c-6db9-4741-b51c-49af5e4cf22f:c7127]
2019-09-08 07:08:40,814 [grpc-default-executor-4] INFO  client.GrpcClientProtocolClient (GrpcClientProtocolClient.java:onNext(264)) - client-964B0EA39D34->4234af2c-5377-4886-a4e8-6fe45d0af45e: receive RaftClientReply:client-964B0EA39D34->4234af2c-5377-4886-a4e8-6fe45d0af45e@group-A1165329A1F1, cid=4687, SUCCESS, logIndex=0, commits[4234af2c-5377-4886-a4e8-6fe45d0af45e:c7130, cef72988-acf5-49ad-9ec7-695a80e7a66d:c7129, d677508c-6db9-4741-b51c-49af5e4cf22f:c7129]
2019-09-08 07:08:40,848 [grpc-default-executor-6] INFO  client.GrpcClientProtocolClient (GrpcClientProtocolClient.java:onNext(264)) - client-964B0EA39D34->4234af2c-5377-4886-a4e8-6fe45d0af45e: receive RaftClientReply:client-964B0EA39D34->4234af2c-5377-4886-a4e8-6fe45d0af45e@group-A1165329A1F1, cid=4688, SUCCESS, logIndex=7131, commits[4234af2c-5377-4886-a4e8-6fe45d0af45e:c7132, cef72988-acf5-49ad-9ec7-695a80e7a66d:c7129, d677508c-6db9-4741-b51c-49af5e4cf22f:c7130]
2019-09-08 07:08:40,848 [grpc-default-executor-6] INFO  client.GrpcClientProtocolClient (GrpcClientProtocolClient.java:onNext(264)) - client-964B0EA39D34->4234af2c-5377-4886-a4e8-6fe45d0af45e: receive RaftClientReply:client-964B0EA39D34->4234af2c-5377-4886-a4e8-6fe45d0af45e@group-A1165329A1F1, cid=4689, SUCCESS, logIndex=7132, commits[4234af2c-5377-4886-a4e8-6fe45d0af45e:c7132, cef72988-acf5-49ad-9ec7-695a80e7a66d:c7129, d677508c-6db9-4741-b51c-49af5e4cf22f:c7130]
2019-09-08 07:08:40,849 [grpc-default-executor-6] INFO  client.GrpcClientProtocolClient (GrpcClientProtocolClient.java:onNext(264)) - client-964B0EA39D34->4234af2c-5377-4886-a4e8-6fe45d0af45e: receive RaftClientReply:client-964B0EA39D34->4234af2c-5377-4886-a4e8-6fe45d0af45e@group-A1165329A1F1, cid=4690, SUCCESS, logIndex=7133, commits[4234af2c-5377-4886-a4e8-6fe45d0af45e:c7134, cef72988-acf5-49ad-9ec7-695a80e7a66d:c7130, d677508c-6db9-4741-b51c-49af5e4cf22f:c7130]
2019-09-08 07:08:40,849 [grpc-default-executor-6] INFO  client.GrpcClientProtocolClient (GrpcClientProtocolClient.java:onNext(264)) - client-964B0EA39D34->4234af2c-5377-4886-a4e8-6fe45d0af45e: receive RaftClientReply:client-964B0EA39D34->4234af2c-5377-4886-a4e8-6fe45d0af45e@group-A1165329A1F1, cid=4691, SUCCESS, logIndex=7134, commits[4234af2c-5377-4886-a4e8-6fe45d0af45e:c7134, cef72988-acf5-49ad-9ec7-695a80e7a66d:c7130, d677508c-6db9-4741-b51c-49af5e4cf22f:c7130]
2019-09-08 07:08:40,850 [grpc-default-executor-6] INFO  client.GrpcClientProtocolClient (GrpcClientProtocolClient.java:onNext(264)) - client-964B0EA39D34->4234af2c-5377-4886-a4e8-6fe45d0af45e: receive RaftClientReply:client-964B0EA39D34->4234af2c-5377-4886-a4e8-6fe45d0af45e@group-A1165329A1F1, cid=4692, SUCCESS, logIndex=0, commits[4234af2c-5377-4886-a4e8-6fe45d0af45e:c7135, cef72988-acf5-49ad-9ec7-695a80e7a66d:c7132, d677508c-6db9-4741-b51c-49af5e4cf22f:c7132]
2019-09-08 07:08:40,869 [grpc-default-executor-6] INFO  client.GrpcClientProtocolClient (GrpcClientProtocolClient.java:onNext(264)) - client-964B0EA39D34->4234af2c-5377-4886-a4e8-6fe45d0af45e: receive RaftClientReply:client-964B0EA39D34->4234af2c-5377-4886-a4e8-6fe45d0af45e@group-A1165329A1F1, cid=4693, SUCCESS, logIndex=7137, commits[4234af2c-5377-4886-a4e8-6fe45d0af45e:c7138, cef72988-acf5-49ad-9ec7-695a80e7a66d:c7134, d677508c-6db9-4741-b51c-49af5e4cf22f:c7136]
2019-09-08 07:08:40,870 [grpc-default-executor-6] INFO  client.GrpcClientProtocolClient (GrpcClientProtocolClient.java:onNext(264)) - client-964B0EA39D34->4234af2c-5377-4886-a4e8-6fe45d0af45e: receive RaftClientReply:client-964B0EA39D34->4234af2c-5377-4886-a4e8-6fe45d0af45e@group-A1165329A1F1, cid=4694, SUCCESS, logIndex=7138, commits[4234af2c-5377-4886-a4e8-6fe45d0af45e:c7138, cef72988-acf5-49ad-9ec7-695a80e7a66d:c7134, d677508c-6db9-4741-b51c-49af5e4cf22f:c7136]
2019-09-08 07:08:40,888 [grpc-default-executor-4] INFO  client.GrpcClientProtocolClient (GrpcClientProtocolClient.java:onNext(264)) - client-964B0EA39D34->4234af2c-5377-4886-a4e8-6fe45d0af45e: receive RaftClientReply:client-964B0EA39D34->4234af2c-5377-4886-a4e8-6fe45d0af45e@group-A1165329A1F1, cid=4695, SUCCESS, logIndex=7140, commits[4234af2c-5377-4886-a4e8-6fe45d0af45e:c7141, cef72988-acf5-49ad-9ec7-695a80e7a66d:c7138, d677508c-6db9-4741-b51c-49af5e4cf22f:c7139]
2019-09-08 07:08:40,888 [grpc-default-executor-4] INFO  client.GrpcClientProtocolClient (GrpcClientProtocolClient.java:onNext(264)) - client-964B0EA39D34->4234af2c-5377-4886-a4e8-6fe45d0af45e: receive RaftClientReply:client-964B0EA39D34->4234af2c-5377-4886-a4e8-6fe45d0af45e@group-A1165329A1F1, cid=4696, SUCCESS, logIndex=7141, commits[4234af2c-5377-4886-a4e8-6fe45d0af45e:c7141, cef72988-acf5-49ad-9ec7-695a80e7a66d:c7138, d677508c-6db9-4741-b51c-49af5e4cf22f:c7139]
2019-09-08 07:08:40,890 [grpc-default-executor-4] INFO  client.GrpcClientProtocolClient (GrpcClientProtocolClient.java:onNext(264)) - client-964B0EA39D34->4234af2c-5377-4886-a4e8-6fe45d0af45e: receive RaftClientReply:client-964B0EA39D34->4234af2c-5377-4886-a4e8-6fe45d0af45e@group-A1165329A1F1, cid=4697, SUCCESS, logIndex=0, commits[4234af2c-5377-4886-a4e8-6fe45d0af45e:c7142, cef72988-acf5-49ad-9ec7-695a80e7a66d:c7141, d677508c-6db9-4741-b51c-49af5e4cf22f:c7141]
2019-09-08 07:08:40,923 [grpc-default-executor-4] INFO  client.GrpcClientProtocolClient (GrpcClientProtocolClient.java:onNext(264)) - client-964B0EA39D34->4234af2c-5377-4886-a4e8-6fe45d0af45e: receive RaftClientReply:client-964B0EA39D34->4234af2c-5377-4886-a4e8-6fe45d0af45e@group-A1165329A1F1, cid=4698, SUCCESS, logIndex=7143, commits[4234af2c-5377-4886-a4e8-6fe45d0af45e:c7144, cef72988-acf5-49ad-9ec7-695a80e7a66d:c7141, d677508c-6db9-4741-b51c-49af5e4cf22f:c7142]
2019-09-08 07:08:40,924 [grpc-default-executor-4] INFO  client.GrpcClientProtocolClient (GrpcClientProtocolClient.java:onNext(264)) - client-964B0EA39D34->4234af2c-5377-4886-a4e8-6fe45d0af45e: receive RaftClientReply:client-964B0EA39D34->4234af2c-5377-4886-a4e8-6fe45d0af45e@group-A1165329A1F1, cid=4699, SUCCESS, logIndex=7144, commits[4234af2c-5377-4886-a4e8-6fe45d0af45e:c7144, cef72988-acf5-49ad-9ec7-695a80e7a66d:c7141, d677508c-6db9-4741-b51c-49af5e4cf22f:c7142]
2019-09-08 07:08:40,925 [grpc-default-executor-4] INFO  client.GrpcClientProtocolClient (GrpcClientProtocolClient.java:onNext(264)) - client-964B0EA39D34->4234af2c-5377-4886-a4e8-6fe45d0af45e: receive RaftClientReply:client-964B0EA39D34->4234af2c-5377-4886-a4e8-6fe45d0af45e@group-A1165329A1F1, cid=4700, SUCCESS, logIndex=7145, commits[4234af2c-5377-4886-a4e8-6fe45d0af45e:c7146, cef72988-acf5-49ad-9ec7-695a80e7a66d:c7142, d677508c-6db9-4741-b51c-49af5e4cf22f:c7142]
2019-09-08 07:08:40,925 [grpc-default-executor-4] INFO  client.GrpcClientProtocolClient (GrpcClientProtocolClient.java:onNext(264)) - client-964B0EA39D34->4234af2c-5377-4886-a4e8-6fe45d0af45e: receive RaftClientReply:client-964B0EA39D34->4234af2c-5377-4886-a4e8-6fe45d0af45e@group-A1165329A1F1, cid=4701, SUCCESS, logIndex=7146, commits[4234af2c-5377-4886-a4e8-6fe45d0af45e:c7146, cef72988-acf5-49ad-9ec7-695a80e7a66d:c7142, d677508c-6db9-4741-b51c-49af5e4cf22f:c7142]
2019-09-08 07:08:40,950 [grpc-default-executor-4] INFO  client.GrpcClientProtocolClient (GrpcClientProtocolClient.java:onNext(264)) - client-964B0EA39D34->4234af2c-5377-4886-a4e8-6fe45d0af45e: receive RaftClientReply:client-964B0EA39D34->4234af2c-5377-4886-a4e8-6fe45d0af45e@group-A1165329A1F1, cid=4702, SUCCESS, logIndex=0, commits[4234af2c-5377-4886-a4e8-6fe45d0af45e:c7149, cef72988-acf5-49ad-9ec7-695a80e7a66d:c7146, d677508c-6db9-4741-b51c-49af5e4cf22f:c7144]
2019-09-08 07:08:40,971 [grpc-default-executor-3] INFO  client.GrpcClientProtocolClient (GrpcClientProtocolClient.java:onNext(264)) - client-964B0EA39D34->4234af2c-5377-4886-a4e8-6fe45d0af45e: receive RaftClientReply:client-964B0EA39D34->4234af2c-5377-4886-a4e8-6fe45d0af45e@group-A1165329A1F1, cid=4703, SUCCESS, logIndex=7150, commits[4234af2c-5377-4886-a4e8-6fe45d0af45e:c7151, cef72988-acf5-49ad-9ec7-695a80e7a66d:c7149, d677508c-6db9-4741-b51c-49af5e4cf22f:c7146]
2019-09-08 07:08:40,971 [grpc-default-executor-3] INFO  client.GrpcClientProtocolClient (GrpcClientProtocolClient.java:onNext(264)) - client-964B0EA39D34->4234af2c-5377-4886-a4e8-6fe45d0af45e: receive RaftClientReply:client-964B0EA39D34->4234af2c-5377-4886-a4e8-6fe45d0af45e@group-A1165329A1F1, cid=4704, SUCCESS, logIndex=7151, commits[4234af2c-5377-4886-a4e8-6fe45d0af45e:c7151, cef72988-acf5-49ad-9ec7-695a80e7a66d:c7149, d677508c-6db9-4741-b51c-49af5e4cf22f:c7149]
2019-09-08 07:08:40,989 [grpc-default-executor-6] INFO  client.GrpcClientProtocolClient (GrpcClientProtocolClient.java:onNext(264)) - client-964B0EA39D34->4234af2c-5377-4886-a4e8-6fe45d0af45e: receive RaftClientReply:client-964B0EA39D34->4234af2c-5377-4886-a4e8-6fe45d0af45e@group-A1165329A1F1, cid=4705, SUCCESS, logIndex=7154, commits[4234af2c-5377-4886-a4e8-6fe45d0af45e:c7155, cef72988-acf5-49ad-9ec7-695a80e7a66d:c7153, d677508c-6db9-4741-b51c-49af5e4cf22f:c7151]
2019-09-08 07:08:40,989 [grpc-default-executor-6] INFO  client.GrpcClientProtocolClient (GrpcClientProtocolClient.java:onNext(264)) - client-964B0EA39D34->4234af2c-5377-4886-a4e8-6fe45d0af45e: receive RaftClientReply:client-964B0EA39D34->4234af2c-5377-4886-a4e8-6fe45d0af45e@group-A1165329A1F1, cid=4706, SUCCESS, logIndex=7155, commits[4234af2c-5377-4886-a4e8-6fe45d0af45e:c7155, cef72988-acf5-49ad-9ec7-695a80e7a66d:c7153, d677508c-6db9-4741-b51c-49af5e4cf22f:c7151]
2019-09-08 07:08:40,993 [grpc-default-executor-6] INFO  client.GrpcClientProtocolClient (GrpcClientProtocolClient.java:onNext(264)) - client-964B0EA39D34->4234af2c-5377-4886-a4e8-6fe45d0af45e: receive RaftClientReply:client-964B0EA39D34->4234af2c-5377-4886-a4e8-6fe45d0af45e@group-A1165329A1F1, cid=4707, SUCCESS, logIndex=0, commits[4234af2c-5377-4886-a4e8-6fe45d0af45e:c7157, cef72988-acf5-49ad-9ec7-695a80e7a66d:c7155, d677508c-6db9-4741-b51c-49af5e4cf22f:c7155]
2019-09-08 07:08:41,033 [grpc-default-executor-4] INFO  client.GrpcClientProtocolClient (GrpcClientProtocolClient.java:onNext(264)) - client-964B0EA39D34->4234af2c-5377-4886-a4e8-6fe45d0af45e: receive RaftClientReply:client-964B0EA39D34->4234af2c-5377-4886-a4e8-6fe45d0af45e@group-A1165329A1F1, cid=4708, SUCCESS, logIndex=7158, commits[4234af2c-5377-4886-a4e8-6fe45d0af45e:c7159, cef72988-acf5-49ad-9ec7-695a80e7a66d:c7155, d677508c-6db9-4741-b51c-49af5e4cf22f:c7157]
2019-09-08 07:08:41,034 [grpc-default-executor-4] INFO  client.GrpcClientProtocolClient (GrpcClientProtocolClient.java:onNext(264)) - client-964B0EA39D34->4234af2c-5377-4886-a4e8-6fe45d0af45e: receive RaftClientReply:client-964B0EA39D34->4234af2c-5377-4886-a4e8-6fe45d0af45e@group-A1165329A1F1, cid=4709, SUCCESS, logIndex=7159, commits[4234af2c-5377-4886-a4e8-6fe45d0af45e:c7161, cef72988-acf5-49ad-9ec7-695a80e7a66d:c7157, d677508c-6db9-4741-b51c-49af5e4cf22f:c7157]
2019-09-08 07:08:41,034 [grpc-default-executor-4] INFO  client.GrpcClientProtocolClient (GrpcClientProtocolClient.java:onNext(264)) - client-964B0EA39D34->4234af2c-5377-4886-a4e8-6fe45d0af45e: receive RaftClientReply:client-964B0EA39D34->4234af2c-5377-4886-a4e8-6fe45d0af45e@group-A1165329A1F1, cid=4710, SUCCESS, logIndex=7160, commits[4234af2c-5377-4886-a4e8-6fe45d0af45e:c7161, cef72988-acf5-49ad-9ec7-695a80e7a66d:c7157, d677508c-6db9-4741-b51c-49af5e4cf22f:c7157]
2019-09-08 07:08:41,035 [grpc-default-executor-6] INFO  client.GrpcClientProtocolClient (GrpcClientProtocolClient.java:onNext(264)) - client-964B0EA39D34->4234af2c-5377-4886-a4e8-6fe45d0af45e: receive RaftClientReply:client-964B0EA39D34->4234af2c-5377-4886-a4e8-6fe45d0af45e@group-A1165329A1F1, cid=4711, SUCCESS, logIndex=7161, commits[4234af2c-5377-4886-a4e8-6fe45d0af45e:c7161, cef72988-acf5-49ad-9ec7-695a80e7a66d:c7157, d677508c-6db9-4741-b51c-49af5e4cf22f:c7157]
2019-09-08 07:08:41,045 [grpc-default-executor-6] INFO  client.GrpcClientProtocolClient (GrpcClientProtocolClient.java:onNext(264)) - client-964B0EA39D34->4234af2c-5377-4886-a4e8-6fe45d0af45e: receive RaftClientReply:client-964B0EA39D34->4234af2c-5377-4886-a4e8-6fe45d0af45e@group-A1165329A1F1, cid=4712, SUCCESS, logIndex=0, commits[4234af2c-5377-4886-a4e8-6fe45d0af45e:c7164, cef72988-acf5-49ad-9ec7-695a80e7a66d:c7161, d677508c-6db9-4741-b51c-49af5e4cf22f:c7159]
2019-09-08 07:08:41,065 [grpc-default-executor-4] INFO  client.GrpcClientProtocolClient (GrpcClientProtocolClient.java:onNext(264)) - client-964B0EA39D34->4234af2c-5377-4886-a4e8-6fe45d0af45e: receive RaftClientReply:client-964B0EA39D34->4234af2c-5377-4886-a4e8-6fe45d0af45e@group-A1165329A1F1, cid=4713, SUCCESS, logIndex=7165, commits[4234af2c-5377-4886-a4e8-6fe45d0af45e:c7166, cef72988-acf5-49ad-9ec7-695a80e7a66d:c7164, d677508c-6db9-4741-b51c-49af5e4cf22f:c7161]
2019-09-08 07:08:41,065 [grpc-default-executor-4] INFO  client.GrpcClientProtocolClient (GrpcClientProtocolClient.java:onNext(264)) - client-964B0EA39D34->4234af2c-5377-4886-a4e8-6fe45d0af45e: receive RaftClientReply:client-964B0EA39D34->4234af2c-5377-4886-a4e8-6fe45d0af45e@group-A1165329A1F1, cid=4714, SUCCESS, logIndex=7166, commits[4234af2c-5377-4886-a4e8-6fe45d0af45e:c7166, cef72988-acf5-49ad-9ec7-695a80e7a66d:c7164, d677508c-6db9-4741-b51c-49af5e4cf22f:c7164]
2019-09-08 07:08:41,078 [grpc-default-executor-6] INFO  client.GrpcClientProtocolClient (GrpcClientProtocolClient.java:onNext(264)) - client-964B0EA39D34->4234af2c-5377-4886-a4e8-6fe45d0af45e: receive RaftClientReply:client-964B0EA39D34->4234af2c-5377-4886-a4e8-6fe45d0af45e@group-A1165329A1F1, cid=4715, SUCCESS, logIndex=7169, commits[4234af2c-5377-4886-a4e8-6fe45d0af45e:c7170, cef72988-acf5-49ad-9ec7-695a80e7a66d:c7166, d677508c-6db9-4741-b51c-49af5e4cf22f:c7166]
2019-09-08 07:08:41,078 [grpc-default-executor-6] INFO  client.GrpcClientProtocolClient (GrpcClientProtocolClient.java:onNext(264)) - client-964B0EA39D34->4234af2c-5377-4886-a4e8-6fe45d0af45e: receive RaftClientReply:client-964B0EA39D34->4234af2c-5377-4886-a4e8-6fe45d0af45e@group-A1165329A1F1, cid=4716, SUCCESS, logIndex=7170, commits[4234af2c-5377-4886-a4e8-6fe45d0af45e:c7170, cef72988-acf5-49ad-9ec7-695a80e7a66d:c7166, d677508c-6db9-4741-b51c-49af5e4cf22f:c7166]
2019-09-08 07:08:41,088 [grpc-default-executor-6] INFO  client.GrpcClientProtocolClient (GrpcClientProtocolClient.java:onNext(264)) - client-964B0EA39D34->4234af2c-5377-4886-a4e8-6fe45d0af45e: receive RaftClientReply:client-964B0EA39D34->4234af2c-5377-4886-a4e8-6fe45d0af45e@group-A1165329A1F1, cid=4717, SUCCESS, logIndex=0, commits[4234af2c-5377-4886-a4e8-6fe45d0af45e:c7172, cef72988-acf5-49ad-9ec7-695a80e7a66d:c7170, d677508c-6db9-4741-b51c-49af5e4cf22f:c7170]
2019-09-08 07:08:41,123 [grpc-default-executor-4] INFO  client.GrpcClientProtocolClient (GrpcClientProtocolClient.java:onNext(264)) - client-964B0EA39D34->4234af2c-5377-4886-a4e8-6fe45d0af45e: receive RaftClientReply:client-964B0EA39D34->4234af2c-5377-4886-a4e8-6fe45d0af45e@group-A1165329A1F1, cid=4718, SUCCESS, logIndex=7173, commits[4234af2c-5377-4886-a4e8-6fe45d0af45e:c7174, cef72988-acf5-49ad-9ec7-695a80e7a66d:c7172, d677508c-6db9-4741-b51c-49af5e4cf22f:c7170]
2019-09-08 07:08:41,123 [grpc-default-executor-4] INFO  client.GrpcClientProtocolClient (GrpcClientProtocolClient.java:onNext(264)) - client-964B0EA39D34->4234af2c-5377-4886-a4e8-6fe45d0af45e: receive RaftClientReply:client-964B0EA39D34->4234af2c-5377-4886-a4e8-6fe45d0af45e@group-A1165329A1F1, cid=4719, SUCCESS, logIndex=7174, commits[4234af2c-5377-4886-a4e8-6fe45d0af45e:c7174, cef72988-acf5-49ad-9ec7-695a80e7a66d:c7172, d677508c-6db9-4741-b51c-49af5e4cf22f:c7172]
2019-09-08 07:08:41,124 [grpc-default-executor-0] INFO  client.GrpcClientProtocolClient (GrpcClientProtocolClient.java:onNext(264)) - client-964B0EA39D34->4234af2c-5377-4886-a4e8-6fe45d0af45e: receive RaftClientReply:client-964B0EA39D34->4234af2c-5377-4886-a4e8-6fe45d0af45e@group-A1165329A1F1, cid=4720, SUCCESS, logIndex=7175, commits[4234af2c-5377-4886-a4e8-6fe45d0af45e:c7175, cef72988-acf5-49ad-9ec7-695a80e7a66d:c7172, d677508c-6db9-4741-b51c-49af5e4cf22f:c7172]
2019-09-08 07:08:41,124 [grpc-default-executor-0] INFO  client.GrpcClientProtocolClient (GrpcClientProtocolClient.java:onNext(264)) - client-964B0EA39D34->4234af2c-5377-4886-a4e8-6fe45d0af45e: receive RaftClientReply:client-964B0EA39D34->4234af2c-5377-4886-a4e8-6fe45d0af45e@group-A1165329A1F1, cid=4721, SUCCESS, logIndex=7176, commits[4234af2c-5377-4886-a4e8-6fe45d0af45e:c7176, cef72988-acf5-49ad-9ec7-695a80e7a66d:c7172, d677508c-6db9-4741-b51c-49af5e4cf22f:c7172]
2019-09-08 07:08:41,126 [grpc-default-executor-0] INFO  client.GrpcClientProtocolClient (GrpcClientProtocolClient.java:onNext(264)) - client-964B0EA39D34->4234af2c-5377-4886-a4e8-6fe45d0af45e: receive RaftClientReply:client-964B0EA39D34->4234af2c-5377-4886-a4e8-6fe45d0af45e@group-A1165329A1F1, cid=4722, SUCCESS, logIndex=0, commits[4234af2c-5377-4886-a4e8-6fe45d0af45e:c7178, cef72988-acf5-49ad-9ec7-695a80e7a66d:c7174, d677508c-6db9-4741-b51c-49af5e4cf22f:c7174]
2019-09-08 07:08:41,146 [grpc-default-executor-4] INFO  client.GrpcClientProtocolClient (GrpcClientProtocolClient.java:onNext(264)) - client-964B0EA39D34->4234af2c-5377-4886-a4e8-6fe45d0af45e: receive RaftClientReply:client-964B0EA39D34->4234af2c-5377-4886-a4e8-6fe45d0af45e@group-A1165329A1F1, cid=4723, SUCCESS, logIndex=7181, commits[4234af2c-5377-4886-a4e8-6fe45d0af45e:c7182, cef72988-acf5-49ad-9ec7-695a80e7a66d:c7180, d677508c-6db9-4741-b51c-49af5e4cf22f:c7176]
2019-09-08 07:08:41,146 [grpc-default-executor-4] INFO  client.GrpcClientProtocolClient (GrpcClientProtocolClient.java:onNext(264)) - client-964B0EA39D34->4234af2c-5377-4886-a4e8-6fe45d0af45e: receive RaftClientReply:client-964B0EA39D34->4234af2c-5377-4886-a4e8-6fe45d0af45e@group-A1165329A1F1, cid=4724, SUCCESS, logIndex=7182, commits[4234af2c-5377-4886-a4e8-6fe45d0af45e:c7182, cef72988-acf5-49ad-9ec7-695a80e7a66d:c7180, d677508c-6db9-4741-b51c-49af5e4cf22f:c7176]
2019-09-08 07:08:41,175 [grpc-default-executor-0] INFO  client.GrpcClientProtocolClient (GrpcClientProtocolClient.java:onNext(264)) - client-964B0EA39D34->4234af2c-5377-4886-a4e8-6fe45d0af45e: receive RaftClientReply:client-964B0EA39D34->4234af2c-5377-4886-a4e8-6fe45d0af45e@group-A1165329A1F1, cid=4725, SUCCESS, logIndex=7185, commits[4234af2c-5377-4886-a4e8-6fe45d0af45e:c7186, cef72988-acf5-49ad-9ec7-695a80e7a66d:c7182, d677508c-6db9-4741-b51c-49af5e4cf22f:c7182]
2019-09-08 07:08:41,176 [grpc-default-executor-0] INFO  client.GrpcClientProtocolClient (GrpcClientProtocolClient.java:onNext(264)) - client-964B0EA39D34->4234af2c-5377-4886-a4e8-6fe45d0af45e: receive RaftClientReply:client-964B0EA39D34->4234af2c-5377-4886-a4e8-6fe45d0af45e@group-A1165329A1F1, cid=4726, SUCCESS, logIndex=7186, commits[4234af2c-5377-4886-a4e8-6fe45d0af45e:c7186, cef72988-acf5-49ad-9ec7-695a80e7a66d:c7182, d677508c-6db9-4741-b51c-49af5e4cf22f:c7182]
2019-09-08 07:08:41,178 [grpc-default-executor-0] INFO  client.GrpcClientProtocolClient (GrpcClientProtocolClient.java:onNext(264)) - client-964B0EA39D34->4234af2c-5377-4886-a4e8-6fe45d0af45e: receive RaftClientReply:client-964B0EA39D34->4234af2c-5377-4886-a4e8-6fe45d0af45e@group-A1165329A1F1, cid=4727, SUCCESS, logIndex=0, commits[4234af2c-5377-4886-a4e8-6fe45d0af45e:c7187, cef72988-acf5-49ad-9ec7-695a80e7a66d:c7186, d677508c-6db9-4741-b51c-49af5e4cf22f:c7186]
2019-09-08 07:08:41,234 [grpc-default-executor-3] INFO  client.GrpcClientProtocolClient (GrpcClientProtocolClient.java:onNext(264)) - client-964B0EA39D34->4234af2c-5377-4886-a4e8-6fe45d0af45e: receive RaftClientReply:client-964B0EA39D34->4234af2c-5377-4886-a4e8-6fe45d0af45e@group-A1165329A1F1, cid=4728, SUCCESS, logIndex=7189, commits[4234af2c-5377-4886-a4e8-6fe45d0af45e:c7190, cef72988-acf5-49ad-9ec7-695a80e7a66d:c7186, d677508c-6db9-4741-b51c-49af5e4cf22f:c7188]
2019-09-08 07:08:41,235 [grpc-default-executor-3] INFO  client.GrpcClientProtocolClient (GrpcClientProtocolClient.java:onNext(264)) - client-964B0EA39D34->4234af2c-5377-4886-a4e8-6fe45d0af45e: receive RaftClientReply:client-964B0EA39D34->4234af2c-5377-4886-a4e8-6fe45d0af45e@group-A1165329A1F1, cid=4729, SUCCESS, logIndex=7190, commits[4234af2c-5377-4886-a4e8-6fe45d0af45e:c7191, cef72988-acf5-49ad-9ec7-695a80e7a66d:c7188, d677508c-6db9-4741-b51c-49af5e4cf22f:c7188]
2019-09-08 07:08:41,235 [grpc-default-executor-3] INFO  client.GrpcClientProtocolClient (GrpcClientProtocolClient.java:onNext(264)) - client-964B0EA39D34->4234af2c-5377-4886-a4e8-6fe45d0af45e: receive RaftClientReply:client-964B0EA39D34->4234af2c-5377-4886-a4e8-6fe45d0af45e@group-A1165329A1F1, cid=4730, SUCCESS, logIndex=7191, commits[4234af2c-5377-4886-a4e8-6fe45d0af45e:c7192, cef72988-acf5-49ad-9ec7-695a80e7a66d:c7188, d677508c-6db9-4741-b51c-49af5e4cf22f:c7188]
2019-09-08 07:08:41,236 [grpc-default-executor-3] INFO  client.GrpcClientProtocolClient (GrpcClientProtocolClient.java:onNext(264)) - client-964B0EA39D34->4234af2c-5377-4886-a4e8-6fe45d0af45e: receive RaftClientReply:client-964B0EA39D34->4234af2c-5377-4886-a4e8-6fe45d0af45e@group-A1165329A1F1, cid=4731, SUCCESS, logIndex=7192, commits[4234af2c-5377-4886-a4e8-6fe45d0af45e:c7192, cef72988-acf5-49ad-9ec7-695a80e7a66d:c7188, d677508c-6db9-4741-b51c-49af5e4cf22f:c7188]
2019-09-08 07:08:41,237 [grpc-default-executor-3] INFO  client.GrpcClientProtocolClient (GrpcClientProtocolClient.java:onNext(264)) - client-964B0EA39D34->4234af2c-5377-4886-a4e8-6fe45d0af45e: receive RaftClientReply:client-964B0EA39D34->4234af2c-5377-4886-a4e8-6fe45d0af45e@group-A1165329A1F1, cid=4732, SUCCESS, logIndex=0, commits[4234af2c-5377-4886-a4e8-6fe45d0af45e:c7194, cef72988-acf5-49ad-9ec7-695a80e7a66d:c7190, d677508c-6db9-4741-b51c-49af5e4cf22f:c7190]
2019-09-08 07:08:41,250 [grpc-default-executor-0] INFO  client.GrpcClientProtocolClient (GrpcClientProtocolClient.java:onNext(264)) - client-964B0EA39D34->4234af2c-5377-4886-a4e8-6fe45d0af45e: receive RaftClientReply:client-964B0EA39D34->4234af2c-5377-4886-a4e8-6fe45d0af45e@group-A1165329A1F1, cid=4733, SUCCESS, logIndex=7197, commits[4234af2c-5377-4886-a4e8-6fe45d0af45e:c7198, cef72988-acf5-49ad-9ec7-695a80e7a66d:c7196, d677508c-6db9-4741-b51c-49af5e4cf22f:c7196]
2019-09-08 07:08:41,250 [grpc-default-executor-0] INFO  client.GrpcClientProtocolClient (GrpcClientProtocolClient.java:onNext(264)) - client-964B0EA39D34->4234af2c-5377-4886-a4e8-6fe45d0af45e: receive RaftClientReply:client-964B0EA39D34->4234af2c-5377-4886-a4e8-6fe45d0af45e@group-A1165329A1F1, cid=4734, SUCCESS, logIndex=7198, commits[4234af2c-5377-4886-a4e8-6fe45d0af45e:c7198, cef72988-acf5-49ad-9ec7-695a80e7a66d:c7196, d677508c-6db9-4741-b51c-49af5e4cf22f:c7196]
2019-09-08 07:08:41,264 [grpc-default-executor-3] INFO  client.GrpcClientProtocolClient (GrpcClientProtocolClient.java:onNext(264)) - client-964B0EA39D34->4234af2c-5377-4886-a4e8-6fe45d0af45e: receive RaftClientReply:client-964B0EA39D34->4234af2c-5377-4886-a4e8-6fe45d0af45e@group-A1165329A1F1, cid=4735, SUCCESS, logIndex=7201, commits[4234af2c-5377-4886-a4e8-6fe45d0af45e:c7201, cef72988-acf5-49ad-9ec7-695a80e7a66d:c7198, d677508c-6db9-4741-b51c-49af5e4cf22f:c7198]
2019-09-08 07:08:41,264 [grpc-default-executor-3] INFO  client.GrpcClientProtocolClient (GrpcClientProtocolClient.java:onNext(264)) - client-964B0EA39D34->4234af2c-5377-4886-a4e8-6fe45d0af45e: receive RaftClientReply:client-964B0EA39D34->4234af2c-5377-4886-a4e8-6fe45d0af45e@group-A1165329A1F1, cid=4736, SUCCESS, logIndex=7202, commits[4234af2c-5377-4886-a4e8-6fe45d0af45e:c7202, cef72988-acf5-49ad-9ec7-695a80e7a66d:c7198, d677508c-6db9-4741-b51c-49af5e4cf22f:c7198]
2019-09-08 07:08:41,279 [grpc-default-executor-3] INFO  client.GrpcClientProtocolClient (GrpcClientProtocolClient.java:onNext(264)) - client-964B0EA39D34->4234af2c-5377-4886-a4e8-6fe45d0af45e: receive RaftClientReply:client-964B0EA39D34->4234af2c-5377-4886-a4e8-6fe45d0af45e@group-A1165329A1F1, cid=4737, SUCCESS, logIndex=0, commits[4234af2c-5377-4886-a4e8-6fe45d0af45e:c7204, cef72988-acf5-49ad-9ec7-695a80e7a66d:c7202, d677508c-6db9-4741-b51c-49af5e4cf22f:c7202]
2019-09-08 07:08:41,316 [grpc-default-executor-3] INFO  client.GrpcClientProtocolClient (GrpcClientProtocolClient.java:onNext(264)) - client-964B0EA39D34->4234af2c-5377-4886-a4e8-6fe45d0af45e: receive RaftClientReply:client-964B0EA39D34->4234af2c-5377-4886-a4e8-6fe45d0af45e@group-A1165329A1F1, cid=4738, SUCCESS, logIndex=7205, commits[4234af2c-5377-4886-a4e8-6fe45d0af45e:c7207, cef72988-acf5-49ad-9ec7-695a80e7a66d:c7204, d677508c-6db9-4741-b51c-49af5e4cf22f:c7204]
2019-09-08 07:08:41,316 [grpc-default-executor-3] INFO  client.GrpcClientProtocolClient (GrpcClientProtocolClient.java:onNext(264)) - client-964B0EA39D34->4234af2c-5377-4886-a4e8-6fe45d0af45e: receive RaftClientReply:client-964B0EA39D34->4234af2c-5377-4886-a4e8-6fe45d0af45e@group-A1165329A1F1, cid=4739, SUCCESS, logIndex=7206, commits[4234af2c-5377-4886-a4e8-6fe45d0af45e:c7207, cef72988-acf5-49ad-9ec7-695a80e7a66d:c7204, d677508c-6db9-4741-b51c-49af5e4cf22f:c7204]
2019-09-08 07:08:41,317 [grpc-default-executor-3] INFO  client.GrpcClientProtocolClient (GrpcClientProtocolClient.java:onNext(264)) - client-964B0EA39D34->4234af2c-5377-4886-a4e8-6fe45d0af45e: receive RaftClientReply:client-964B0EA39D34->4234af2c-5377-4886-a4e8-6fe45d0af45e@group-A1165329A1F1, cid=4740, SUCCESS, logIndex=7207, commits[4234af2c-5377-4886-a4e8-6fe45d0af45e:c7208, cef72988-acf5-49ad-9ec7-695a80e7a66d:c7204, d677508c-6db9-4741-b51c-49af5e4cf22f:c7204]
2019-09-08 07:08:41,317 [grpc-default-executor-3] INFO  client.GrpcClientProtocolClient (GrpcClientProtocolClient.java:onNext(264)) - client-964B0EA39D34->4234af2c-5377-4886-a4e8-6fe45d0af45e: receive RaftClientReply:client-964B0EA39D34->4234af2c-5377-4886-a4e8-6fe45d0af45e@group-A1165329A1F1, cid=4741, SUCCESS, logIndex=7208, commits[4234af2c-5377-4886-a4e8-6fe45d0af45e:c7208, cef72988-acf5-49ad-9ec7-695a80e7a66d:c7204, d677508c-6db9-4741-b51c-49af5e4cf22f:c7204]
2019-09-08 07:08:41,319 [grpc-default-executor-3] INFO  client.GrpcClientProtocolClient (GrpcClientProtocolClient.java:onNext(264)) - client-964B0EA39D34->4234af2c-5377-4886-a4e8-6fe45d0af45e: receive RaftClientReply:client-964B0EA39D34->4234af2c-5377-4886-a4e8-6fe45d0af45e@group-A1165329A1F1, cid=4742, SUCCESS, logIndex=0, commits[4234af2c-5377-4886-a4e8-6fe45d0af45e:c7209, cef72988-acf5-49ad-9ec7-695a80e7a66d:c7206, d677508c-6db9-4741-b51c-49af5e4cf22f:c7206]
2019-09-08 07:08:41,333 [grpc-default-executor-3] INFO  client.GrpcClientProtocolClient (GrpcClientProtocolClient.java:onNext(264)) - client-964B0EA39D34->4234af2c-5377-4886-a4e8-6fe45d0af45e: receive RaftClientReply:client-964B0EA39D34->4234af2c-5377-4886-a4e8-6fe45d0af45e@group-A1165329A1F1, cid=4743, SUCCESS, logIndex=7213, commits[4234af2c-5377-4886-a4e8-6fe45d0af45e:c7214, cef72988-acf5-49ad-9ec7-695a80e7a66d:c7208, d677508c-6db9-4741-b51c-49af5e4cf22f:c7209]
2019-09-08 07:08:41,333 [grpc-default-executor-3] INFO  client.GrpcClientProtocolClient (GrpcClientProtocolClient.java:onNext(264)) - client-964B0EA39D34->4234af2c-5377-4886-a4e8-6fe45d0af45e: receive RaftClientReply:client-964B0EA39D34->4234af2c-5377-4886-a4e8-6fe45d0af45e@group-A1165329A1F1, cid=4744, SUCCESS, logIndex=7214, commits[4234af2c-5377-4886-a4e8-6fe45d0af45e:c7214, cef72988-acf5-49ad-9ec7-695a80e7a66d:c7208, d677508c-6db9-4741-b51c-49af5e4cf22f:c7209]
2019-09-08 07:08:41,358 [grpc-default-executor-4] INFO  client.GrpcClientProtocolClient (GrpcClientProtocolClient.java:onNext(264)) - client-964B0EA39D34->4234af2c-5377-4886-a4e8-6fe45d0af45e: receive RaftClientReply:client-964B0EA39D34->4234af2c-5377-4886-a4e8-6fe45d0af45e@group-A1165329A1F1, cid=4745, SUCCESS, logIndex=7216, commits[4234af2c-5377-4886-a4e8-6fe45d0af45e:c7217, cef72988-acf5-49ad-9ec7-695a80e7a66d:c7214, d677508c-6db9-4741-b51c-49af5e4cf22f:c7214]
2019-09-08 07:08:41,358 [grpc-default-executor-4] INFO  client.GrpcClientProtocolClient (GrpcClientProtocolClient.java:onNext(264)) - client-964B0EA39D34->4234af2c-5377-4886-a4e8-6fe45d0af45e: receive RaftClientReply:client-964B0EA39D34->4234af2c-5377-4886-a4e8-6fe45d0af45e@group-A1165329A1F1, cid=4746, SUCCESS, logIndex=7217, commits[4234af2c-5377-4886-a4e8-6fe45d0af45e:c7217, cef72988-acf5-49ad-9ec7-695a80e7a66d:c7214, d677508c-6db9-4741-b51c-49af5e4cf22f:c7214]
2019-09-08 07:08:41,371 [grpc-default-executor-3] INFO  client.GrpcClientProtocolClient (GrpcClientProtocolClient.java:onNext(264)) - client-964B0EA39D34->4234af2c-5377-4886-a4e8-6fe45d0af45e: receive RaftClientReply:client-964B0EA39D34->4234af2c-5377-4886-a4e8-6fe45d0af45e@group-A1165329A1F1, cid=4747, SUCCESS, logIndex=0, commits[4234af2c-5377-4886-a4e8-6fe45d0af45e:c7218, cef72988-acf5-49ad-9ec7-695a80e7a66d:c7217, d677508c-6db9-4741-b51c-49af5e4cf22f:c7217]
 0.00% |█                                                                                                    |  0/1 Time: 0:01:222019-09-08 07:08:41,405 [grpc-default-executor-0] INFO  client.GrpcClientProtocolClient (GrpcClientProtocolClient.java:onNext(264)) - client-964B0EA39D34->4234af2c-5377-4886-a4e8-6fe45d0af45e: receive RaftClientReply:client-964B0EA39D34->4234af2c-5377-4886-a4e8-6fe45d0af45e@group-A1165329A1F1, cid=4748, SUCCESS, logIndex=7220, commits[4234af2c-5377-4886-a4e8-6fe45d0af45e:c7221, cef72988-acf5-49ad-9ec7-695a80e7a66d:c7219, d677508c-6db9-4741-b51c-49af5e4cf22f:c7219]
2019-09-08 07:08:41,406 [grpc-default-executor-0] INFO  client.GrpcClientProtocolClient (GrpcClientProtocolClient.java:onNext(264)) - client-964B0EA39D34->4234af2c-5377-4886-a4e8-6fe45d0af45e: receive RaftClientReply:client-964B0EA39D34->4234af2c-5377-4886-a4e8-6fe45d0af45e@group-A1165329A1F1, cid=4749, SUCCESS, logIndex=7221, commits[4234af2c-5377-4886-a4e8-6fe45d0af45e:c7221, cef72988-acf5-49ad-9ec7-695a80e7a66d:c7219, d677508c-6db9-4741-b51c-49af5e4cf22f:c7219]
2019-09-08 07:08:41,416 [grpc-default-executor-3] INFO  client.GrpcClientProtocolClient (GrpcClientProtocolClient.java:onNext(264)) - client-964B0EA39D34->4234af2c-5377-4886-a4e8-6fe45d0af45e: receive RaftClientReply:client-964B0EA39D34->4234af2c-5377-4886-a4e8-6fe45d0af45e@group-A1165329A1F1, cid=4750, SUCCESS, logIndex=7222, commits[4234af2c-5377-4886-a4e8-6fe45d0af45e:c7223, cef72988-acf5-49ad-9ec7-695a80e7a66d:c7219, d677508c-6db9-4741-b51c-49af5e4cf22f:c7219]
2019-09-08 07:08:41,416 [grpc-default-executor-3] INFO  client.GrpcClientProtocolClient (GrpcClientProtocolClient.java:onNext(264)) - client-964B0EA39D34->4234af2c-5377-4886-a4e8-6fe45d0af45e: receive RaftClientReply:client-964B0EA39D34->4234af2c-5377-4886-a4e8-6fe45d0af45e@group-A1165329A1F1, cid=4751, SUCCESS, logIndex=7223, commits[4234af2c-5377-4886-a4e8-6fe45d0af45e:c7223, cef72988-acf5-49ad-9ec7-695a80e7a66d:c7219, d677508c-6db9-4741-b51c-49af5e4cf22f:c7219]
2019-09-08 07:08:41,418 [grpc-default-executor-3] INFO  client.GrpcClientProtocolClient (GrpcClientProtocolClient.java:onNext(264)) - client-964B0EA39D34->4234af2c-5377-4886-a4e8-6fe45d0af45e: receive RaftClientReply:client-964B0EA39D34->4234af2c-5377-4886-a4e8-6fe45d0af45e@group-A1165329A1F1, cid=4752, SUCCESS, logIndex=0, commits[4234af2c-5377-4886-a4e8-6fe45d0af45e:c7224, cef72988-acf5-49ad-9ec7-695a80e7a66d:c7221, d677508c-6db9-4741-b51c-49af5e4cf22f:c7221]
2019-09-08 07:08:41,428 [grpc-default-executor-3] INFO  client.GrpcClientProtocolClient (GrpcClientProtocolClient.java:onNext(264)) - client-964B0EA39D34->4234af2c-5377-4886-a4e8-6fe45d0af45e: receive RaftClientReply:client-964B0EA39D34->4234af2c-5377-4886-a4e8-6fe45d0af45e@group-A1165329A1F1, cid=4753, SUCCESS, logIndex=7228, commits[4234af2c-5377-4886-a4e8-6fe45d0af45e:c7229, cef72988-acf5-49ad-9ec7-695a80e7a66d:c7227, d677508c-6db9-4741-b51c-49af5e4cf22f:c7223]
2019-09-08 07:08:41,428 [grpc-default-executor-3] INFO  client.GrpcClientProtocolClient (GrpcClientProtocolClient.java:onNext(264)) - client-964B0EA39D34->4234af2c-5377-4886-a4e8-6fe45d0af45e: receive RaftClientReply:client-964B0EA39D34->4234af2c-5377-4886-a4e8-6fe45d0af45e@group-A1165329A1F1, cid=4754, SUCCESS, logIndex=7229, commits[4234af2c-5377-4886-a4e8-6fe45d0af45e:c7229, cef72988-acf5-49ad-9ec7-695a80e7a66d:c7227, d677508c-6db9-4741-b51c-49af5e4cf22f:c7223]
2019-09-08 07:08:41,575 [grpc-default-executor-3] INFO  client.GrpcClientProtocolClient (GrpcClientProtocolClient.java:onNext(264)) - client-964B0EA39D34->4234af2c-5377-4886-a4e8-6fe45d0af45e: receive RaftClientReply:client-964B0EA39D34->4234af2c-5377-4886-a4e8-6fe45d0af45e@group-A1165329A1F1, cid=4755, SUCCESS, logIndex=7232, commits[4234af2c-5377-4886-a4e8-6fe45d0af45e:c7233, cef72988-acf5-49ad-9ec7-695a80e7a66d:c7231, d677508c-6db9-4741-b51c-49af5e4cf22f:c7231]
2019-09-08 07:08:41,575 [grpc-default-executor-3] INFO  client.GrpcClientProtocolClient (GrpcClientProtocolClient.java:onNext(264)) - client-964B0EA39D34->4234af2c-5377-4886-a4e8-6fe45d0af45e: receive RaftClientReply:client-964B0EA39D34->4234af2c-5377-4886-a4e8-6fe45d0af45e@group-A1165329A1F1, cid=4756, SUCCESS, logIndex=7233, commits[4234af2c-5377-4886-a4e8-6fe45d0af45e:c7233, cef72988-acf5-49ad-9ec7-695a80e7a66d:c7231, d677508c-6db9-4741-b51c-49af5e4cf22f:c7231]
2019-09-08 07:08:41,589 [grpc-default-executor-0] INFO  client.GrpcClientProtocolClient (GrpcClientProtocolClient.java:onNext(264)) - client-964B0EA39D34->4234af2c-5377-4886-a4e8-6fe45d0af45e: receive RaftClientReply:client-964B0EA39D34->4234af2c-5377-4886-a4e8-6fe45d0af45e@group-A1165329A1F1, cid=4757, SUCCESS, logIndex=0, commits[4234af2c-5377-4886-a4e8-6fe45d0af45e:c7235, cef72988-acf5-49ad-9ec7-695a80e7a66d:c7233, d677508c-6db9-4741-b51c-49af5e4cf22f:c7233]
2019-09-08 07:08:41,621 [grpc-default-executor-3] INFO  client.GrpcClientProtocolClient (GrpcClientProtocolClient.java:onNext(264)) - client-964B0EA39D34->4234af2c-5377-4886-a4e8-6fe45d0af45e: receive RaftClientReply:client-964B0EA39D34->4234af2c-5377-4886-a4e8-6fe45d0af45e@group-A1165329A1F1, cid=4758, SUCCESS, logIndex=7236, commits[4234af2c-5377-4886-a4e8-6fe45d0af45e:c7237, cef72988-acf5-49ad-9ec7-695a80e7a66d:c7235, d677508c-6db9-4741-b51c-49af5e4cf22f:c7235]
2019-09-08 07:08:41,621 [grpc-default-executor-3] INFO  client.GrpcClientProtocolClient (GrpcClientProtocolClient.java:onNext(264)) - client-964B0EA39D34->4234af2c-5377-4886-a4e8-6fe45d0af45e: receive RaftClientReply:client-964B0EA39D34->4234af2c-5377-4886-a4e8-6fe45d0af45e@group-A1165329A1F1, cid=4759, SUCCESS, logIndex=7237, commits[4234af2c-5377-4886-a4e8-6fe45d0af45e:c7239, cef72988-acf5-49ad-9ec7-695a80e7a66d:c7235, d677508c-6db9-4741-b51c-49af5e4cf22f:c7235]
2019-09-08 07:08:41,621 [grpc-default-executor-3] INFO  client.GrpcClientProtocolClient (GrpcClientProtocolClient.java:onNext(264)) - client-964B0EA39D34->4234af2c-5377-4886-a4e8-6fe45d0af45e: receive RaftClientReply:client-964B0EA39D34->4234af2c-5377-4886-a4e8-6fe45d0af45e@group-A1165329A1F1, cid=4760, SUCCESS, logIndex=7238, commits[4234af2c-5377-4886-a4e8-6fe45d0af45e:c7239, cef72988-acf5-49ad-9ec7-695a80e7a66d:c7235, d677508c-6db9-4741-b51c-49af5e4cf22f:c7235]
2019-09-08 07:08:41,622 [grpc-default-executor-4] INFO  client.GrpcClientProtocolClient (GrpcClientProtocolClient.java:onNext(264)) - client-964B0EA39D34->4234af2c-5377-4886-a4e8-6fe45d0af45e: receive RaftClientReply:client-964B0EA39D34->4234af2c-5377-4886-a4e8-6fe45d0af45e@group-A1165329A1F1, cid=4761, SUCCESS, logIndex=7239, commits[4234af2c-5377-4886-a4e8-6fe45d0af45e:c7239, cef72988-acf5-49ad-9ec7-695a80e7a66d:c7235, d677508c-6db9-4741-b51c-49af5e4cf22f:c7235]
2019-09-08 07:08:41,635 [grpc-default-executor-3] INFO  client.GrpcClientProtocolClient (GrpcClientProtocolClient.java:onNext(264)) - client-964B0EA39D34->4234af2c-5377-4886-a4e8-6fe45d0af45e: receive RaftClientReply:client-964B0EA39D34->4234af2c-5377-4886-a4e8-6fe45d0af45e@group-A1165329A1F1, cid=4762, SUCCESS, logIndex=0, commits[4234af2c-5377-4886-a4e8-6fe45d0af45e:c7241, cef72988-acf5-49ad-9ec7-695a80e7a66d:c7237, d677508c-6db9-4741-b51c-49af5e4cf22f:c7237]
2019-09-08 07:08:41,653 [grpc-default-executor-3] INFO  client.GrpcClientProtocolClient (GrpcClientProtocolClient.java:onNext(264)) - client-964B0EA39D34->4234af2c-5377-4886-a4e8-6fe45d0af45e: receive RaftClientReply:client-964B0EA39D34->4234af2c-5377-4886-a4e8-6fe45d0af45e@group-A1165329A1F1, cid=4763, SUCCESS, logIndex=7244, commits[4234af2c-5377-4886-a4e8-6fe45d0af45e:c7245, cef72988-acf5-49ad-9ec7-695a80e7a66d:c7243, d677508c-6db9-4741-b51c-49af5e4cf22f:c7243]
2019-09-08 07:08:41,654 [grpc-default-executor-3] INFO  client.GrpcClientProtocolClient (GrpcClientProtocolClient.java:onNext(264)) - client-964B0EA39D34->4234af2c-5377-4886-a4e8-6fe45d0af45e: receive RaftClientReply:client-964B0EA39D34->4234af2c-5377-4886-a4e8-6fe45d0af45e@group-A1165329A1F1, cid=4764, SUCCESS, logIndex=7245, commits[4234af2c-5377-4886-a4e8-6fe45d0af45e:c7245, cef72988-acf5-49ad-9ec7-695a80e7a66d:c7243, d677508c-6db9-4741-b51c-49af5e4cf22f:c7243]
2019-09-08 07:08:41,679 [grpc-default-executor-4] INFO  client.GrpcClientProtocolClient (GrpcClientProtocolClient.java:onNext(264)) - client-964B0EA39D34->4234af2c-5377-4886-a4e8-6fe45d0af45e: receive RaftClientReply:client-964B0EA39D34->4234af2c-5377-4886-a4e8-6fe45d0af45e@group-A1165329A1F1, cid=4765, SUCCESS, logIndex=7248, commits[4234af2c-5377-4886-a4e8-6fe45d0af45e:c7249, cef72988-acf5-49ad-9ec7-695a80e7a66d:c7245, d677508c-6db9-4741-b51c-49af5e4cf22f:c7245]
2019-09-08 07:08:41,680 [grpc-default-executor-4] INFO  client.GrpcClientProtocolClient (GrpcClientProtocolClient.java:onNext(264)) - client-964B0EA39D34->4234af2c-5377-4886-a4e8-6fe45d0af45e: receive RaftClientReply:client-964B0EA39D34->4234af2c-5377-4886-a4e8-6fe45d0af45e@group-A1165329A1F1, cid=4766, SUCCESS, logIndex=7249, commits[4234af2c-5377-4886-a4e8-6fe45d0af45e:c7249, cef72988-acf5-49ad-9ec7-695a80e7a66d:c7245, d677508c-6db9-4741-b51c-49af5e4cf22f:c7245]
2019-09-08 07:08:41,680 [grpc-default-executor-4] INFO  client.GrpcClientProtocolClient (GrpcClientProtocolClient.java:onNext(264)) - client-964B0EA39D34->4234af2c-5377-4886-a4e8-6fe45d0af45e: receive RaftClientReply:client-964B0EA39D34->4234af2c-5377-4886-a4e8-6fe45d0af45e@group-A1165329A1F1, cid=4767, SUCCESS, logIndex=0, commits[4234af2c-5377-4886-a4e8-6fe45d0af45e:c7250, cef72988-acf5-49ad-9ec7-695a80e7a66d:c7249, d677508c-6db9-4741-b51c-49af5e4cf22f:c7249]
2019-09-08 07:08:41,714 [grpc-default-executor-6] INFO  client.GrpcClientProtocolClient (GrpcClientProtocolClient.java:onNext(264)) - client-964B0EA39D34->4234af2c-5377-4886-a4e8-6fe45d0af45e: receive RaftClientReply:client-964B0EA39D34->4234af2c-5377-4886-a4e8-6fe45d0af45e@group-A1165329A1F1, cid=4768, SUCCESS, logIndex=7252, commits[4234af2c-5377-4886-a4e8-6fe45d0af45e:c7252, cef72988-acf5-49ad-9ec7-695a80e7a66d:c7251, d677508c-6db9-4741-b51c-49af5e4cf22f:c7251]
2019-09-08 07:08:41,715 [grpc-default-executor-6] INFO  client.GrpcClientProtocolClient (GrpcClientProtocolClient.java:onNext(264)) - client-964B0EA39D34->4234af2c-5377-4886-a4e8-6fe45d0af45e: receive RaftClientReply:client-964B0EA39D34->4234af2c-5377-4886-a4e8-6fe45d0af45e@group-A1165329A1F1, cid=4769, SUCCESS, logIndex=7253, commits[4234af2c-5377-4886-a4e8-6fe45d0af45e:c7255, cef72988-acf5-49ad-9ec7-695a80e7a66d:c7251, d677508c-6db9-4741-b51c-49af5e4cf22f:c7251]
2019-09-08 07:08:41,715 [grpc-default-executor-6] INFO  client.GrpcClientProtocolClient (GrpcClientProtocolClient.java:onNext(264)) - client-964B0EA39D34->4234af2c-5377-4886-a4e8-6fe45d0af45e: receive RaftClientReply:client-964B0EA39D34->4234af2c-5377-4886-a4e8-6fe45d0af45e@group-A1165329A1F1, cid=4770, SUCCESS, logIndex=7254, commits[4234af2c-5377-4886-a4e8-6fe45d0af45e:c7255, cef72988-acf5-49ad-9ec7-695a80e7a66d:c7251, d677508c-6db9-4741-b51c-49af5e4cf22f:c7251]
2019-09-08 07:08:41,716 [grpc-default-executor-6] INFO  client.GrpcClientProtocolClient (GrpcClientProtocolClient.java:onNext(264)) - client-964B0EA39D34->4234af2c-5377-4886-a4e8-6fe45d0af45e: receive RaftClientReply:client-964B0EA39D34->4234af2c-5377-4886-a4e8-6fe45d0af45e@group-A1165329A1F1, cid=4771, SUCCESS, logIndex=7255, commits[4234af2c-5377-4886-a4e8-6fe45d0af45e:c7255, cef72988-acf5-49ad-9ec7-695a80e7a66d:c7251, d677508c-6db9-4741-b51c-49af5e4cf22f:c7251]
2019-09-08 07:08:41,729 [grpc-default-executor-6] INFO  client.GrpcClientProtocolClient (GrpcClientProtocolClient.java:onNext(264)) - client-964B0EA39D34->4234af2c-5377-4886-a4e8-6fe45d0af45e: receive RaftClientReply:client-964B0EA39D34->4234af2c-5377-4886-a4e8-6fe45d0af45e@group-A1165329A1F1, cid=4772, SUCCESS, logIndex=0, commits[4234af2c-5377-4886-a4e8-6fe45d0af45e:c7258, cef72988-acf5-49ad-9ec7-695a80e7a66d:c7255, d677508c-6db9-4741-b51c-49af5e4cf22f:c7255]
2019-09-08 07:08:41,758 [grpc-default-executor-3] INFO  client.GrpcClientProtocolClient (GrpcClientProtocolClient.java:onNext(264)) - client-964B0EA39D34->4234af2c-5377-4886-a4e8-6fe45d0af45e: receive RaftClientReply:client-964B0EA39D34->4234af2c-5377-4886-a4e8-6fe45d0af45e@group-A1165329A1F1, cid=4773, SUCCESS, logIndex=7259, commits[4234af2c-5377-4886-a4e8-6fe45d0af45e:c7260, cef72988-acf5-49ad-9ec7-695a80e7a66d:c7258, d677508c-6db9-4741-b51c-49af5e4cf22f:c7255]
2019-09-08 07:08:41,758 [grpc-default-executor-3] INFO  client.GrpcClientProtocolClient (GrpcClientProtocolClient.java:onNext(264)) - client-964B0EA39D34->4234af2c-5377-4886-a4e8-6fe45d0af45e: receive RaftClientReply:client-964B0EA39D34->4234af2c-5377-4886-a4e8-6fe45d0af45e@group-A1165329A1F1, cid=4774, SUCCESS, logIndex=7260, commits[4234af2c-5377-4886-a4e8-6fe45d0af45e:c7260, cef72988-acf5-49ad-9ec7-695a80e7a66d:c7258, d677508c-6db9-4741-b51c-49af5e4cf22f:c7258]
2019-09-08 07:08:41,772 [grpc-default-executor-6] INFO  client.GrpcClientProtocolClient (GrpcClientProtocolClient.java:onNext(264)) - client-964B0EA39D34->4234af2c-5377-4886-a4e8-6fe45d0af45e: receive RaftClientReply:client-964B0EA39D34->4234af2c-5377-4886-a4e8-6fe45d0af45e@group-A1165329A1F1, cid=4775, SUCCESS, logIndex=7263, commits[4234af2c-5377-4886-a4e8-6fe45d0af45e:c7264, cef72988-acf5-49ad-9ec7-695a80e7a66d:c7261, d677508c-6db9-4741-b51c-49af5e4cf22f:c7260]
2019-09-08 07:08:41,773 [grpc-default-executor-6] INFO  client.GrpcClientProtocolClient (GrpcClientProtocolClient.java:onNext(264)) - client-964B0EA39D34->4234af2c-5377-4886-a4e8-6fe45d0af45e: receive RaftClientReply:client-964B0EA39D34->4234af2c-5377-4886-a4e8-6fe45d0af45e@group-A1165329A1F1, cid=4776, SUCCESS, logIndex=7264, commits[4234af2c-5377-4886-a4e8-6fe45d0af45e:c7264, cef72988-acf5-49ad-9ec7-695a80e7a66d:c7261, d677508c-6db9-4741-b51c-49af5e4cf22f:c7260]
2019-09-08 07:08:41,775 [grpc-default-executor-6] INFO  client.GrpcClientProtocolClient (GrpcClientProtocolClient.java:onNext(264)) - client-964B0EA39D34->4234af2c-5377-4886-a4e8-6fe45d0af45e: receive RaftClientReply:client-964B0EA39D34->4234af2c-5377-4886-a4e8-6fe45d0af45e@group-A1165329A1F1, cid=4777, SUCCESS, logIndex=0, commits[4234af2c-5377-4886-a4e8-6fe45d0af45e:c7265, cef72988-acf5-49ad-9ec7-695a80e7a66d:c7264, d677508c-6db9-4741-b51c-49af5e4cf22f:c7264]
2019-09-08 07:08:41,812 [grpc-default-executor-3] INFO  client.GrpcClientProtocolClient (GrpcClientProtocolClient.java:onNext(264)) - client-964B0EA39D34->4234af2c-5377-4886-a4e8-6fe45d0af45e: receive RaftClientReply:client-964B0EA39D34->4234af2c-5377-4886-a4e8-6fe45d0af45e@group-A1165329A1F1, cid=4778, SUCCESS, logIndex=7267, commits[4234af2c-5377-4886-a4e8-6fe45d0af45e:c7270, cef72988-acf5-49ad-9ec7-695a80e7a66d:c7266, d677508c-6db9-4741-b51c-49af5e4cf22f:c7266]
2019-09-08 07:08:41,813 [grpc-default-executor-3] INFO  client.GrpcClientProtocolClient (GrpcClientProtocolClient.java:onNext(264)) - client-964B0EA39D34->4234af2c-5377-4886-a4e8-6fe45d0af45e: receive RaftClientReply:client-964B0EA39D34->4234af2c-5377-4886-a4e8-6fe45d0af45e@group-A1165329A1F1, cid=4779, SUCCESS, logIndex=7268, commits[4234af2c-5377-4886-a4e8-6fe45d0af45e:c7270, cef72988-acf5-49ad-9ec7-695a80e7a66d:c7266, d677508c-6db9-4741-b51c-49af5e4cf22f:c7266]
2019-09-08 07:08:41,813 [grpc-default-executor-3] INFO  client.GrpcClientProtocolClient (GrpcClientProtocolClient.java:onNext(264)) - client-964B0EA39D34->4234af2c-5377-4886-a4e8-6fe45d0af45e: receive RaftClientReply:client-964B0EA39D34->4234af2c-5377-4886-a4e8-6fe45d0af45e@group-A1165329A1F1, cid=4780, SUCCESS, logIndex=7269, commits[4234af2c-5377-4886-a4e8-6fe45d0af45e:c7270, cef72988-acf5-49ad-9ec7-695a80e7a66d:c7266, d677508c-6db9-4741-b51c-49af5e4cf22f:c7266]
2019-09-08 07:08:41,814 [grpc-default-executor-3] INFO  client.GrpcClientProtocolClient (GrpcClientProtocolClient.java:onNext(264)) - client-964B0EA39D34->4234af2c-5377-4886-a4e8-6fe45d0af45e: receive RaftClientReply:client-964B0EA39D34->4234af2c-5377-4886-a4e8-6fe45d0af45e@group-A1165329A1F1, cid=4781, SUCCESS, logIndex=7270, commits[4234af2c-5377-4886-a4e8-6fe45d0af45e:c7270, cef72988-acf5-49ad-9ec7-695a80e7a66d:c7266, d677508c-6db9-4741-b51c-49af5e4cf22f:c7266]
2019-09-08 07:08:41,823 [grpc-default-executor-3] INFO  client.GrpcClientProtocolClient (GrpcClientProtocolClient.java:onNext(264)) - client-964B0EA39D34->4234af2c-5377-4886-a4e8-6fe45d0af45e: receive RaftClientReply:client-964B0EA39D34->4234af2c-5377-4886-a4e8-6fe45d0af45e@group-A1165329A1F1, cid=4782, SUCCESS, logIndex=0, commits[4234af2c-5377-4886-a4e8-6fe45d0af45e:c7271, cef72988-acf5-49ad-9ec7-695a80e7a66d:c7269, d677508c-6db9-4741-b51c-49af5e4cf22f:c7269]
2019-09-08 07:08:41,842 [grpc-default-executor-0] INFO  client.GrpcClientProtocolClient (GrpcClientProtocolClient.java:onNext(264)) - client-964B0EA39D34->4234af2c-5377-4886-a4e8-6fe45d0af45e: receive RaftClientReply:client-964B0EA39D34->4234af2c-5377-4886-a4e8-6fe45d0af45e@group-A1165329A1F1, cid=4783, SUCCESS, logIndex=7274, commits[4234af2c-5377-4886-a4e8-6fe45d0af45e:c7274, cef72988-acf5-49ad-9ec7-695a80e7a66d:c7273, d677508c-6db9-4741-b51c-49af5e4cf22f:c7273]
2019-09-08 07:08:41,843 [grpc-default-executor-0] INFO  client.GrpcClientProtocolClient (GrpcClientProtocolClient.java:onNext(264)) - client-964B0EA39D34->4234af2c-5377-4886-a4e8-6fe45d0af45e: receive RaftClientReply:client-964B0EA39D34->4234af2c-5377-4886-a4e8-6fe45d0af45e@group-A1165329A1F1, cid=4784, SUCCESS, logIndex=7275, commits[4234af2c-5377-4886-a4e8-6fe45d0af45e:c7275, cef72988-acf5-49ad-9ec7-695a80e7a66d:c7273, d677508c-6db9-4741-b51c-49af5e4cf22f:c7273]
2019-09-08 07:08:41,857 [grpc-default-executor-0] INFO  client.GrpcClientProtocolClient (GrpcClientProtocolClient.java:onNext(264)) - client-964B0EA39D34->4234af2c-5377-4886-a4e8-6fe45d0af45e: receive RaftClientReply:client-964B0EA39D34->4234af2c-5377-4886-a4e8-6fe45d0af45e@group-A1165329A1F1, cid=4785, SUCCESS, logIndex=7278, commits[4234af2c-5377-4886-a4e8-6fe45d0af45e:c7279, cef72988-acf5-49ad-9ec7-695a80e7a66d:c7275, d677508c-6db9-4741-b51c-49af5e4cf22f:c7275]
2019-09-08 07:08:41,857 [grpc-default-executor-0] INFO  client.GrpcClientProtocolClient (GrpcClientProtocolClient.java:onNext(264)) - client-964B0EA39D34->4234af2c-5377-4886-a4e8-6fe45d0af45e: receive RaftClientReply:client-964B0EA39D34->4234af2c-5377-4886-a4e8-6fe45d0af45e@group-A1165329A1F1, cid=4786, SUCCESS, logIndex=7279, commits[4234af2c-5377-4886-a4e8-6fe45d0af45e:c7279, cef72988-acf5-49ad-9ec7-695a80e7a66d:c7275, d677508c-6db9-4741-b51c-49af5e4cf22f:c7275]
2019-09-08 07:08:41,882 [grpc-default-executor-0] INFO  client.GrpcClientProtocolClient (GrpcClientProtocolClient.java:onNext(264)) - client-964B0EA39D34->4234af2c-5377-4886-a4e8-6fe45d0af45e: receive RaftClientReply:client-964B0EA39D34->4234af2c-5377-4886-a4e8-6fe45d0af45e@group-A1165329A1F1, cid=4787, SUCCESS, logIndex=0, commits[4234af2c-5377-4886-a4e8-6fe45d0af45e:c7281, cef72988-acf5-49ad-9ec7-695a80e7a66d:c7279, d677508c-6db9-4741-b51c-49af5e4cf22f:c7279]
2019-09-08 07:08:41,915 [grpc-default-executor-4] INFO  client.GrpcClientProtocolClient (GrpcClientProtocolClient.java:onNext(264)) - client-964B0EA39D34->4234af2c-5377-4886-a4e8-6fe45d0af45e: receive RaftClientReply:client-964B0EA39D34->4234af2c-5377-4886-a4e8-6fe45d0af45e@group-A1165329A1F1, cid=4788, SUCCESS, logIndex=7282, commits[4234af2c-5377-4886-a4e8-6fe45d0af45e:c7283, cef72988-acf5-49ad-9ec7-695a80e7a66d:c7281, d677508c-6db9-4741-b51c-49af5e4cf22f:c7281]
2019-09-08 07:08:41,916 [grpc-default-executor-4] INFO  client.GrpcClientProtocolClient (GrpcClientProtocolClient.java:onNext(264)) - client-964B0EA39D34->4234af2c-5377-4886-a4e8-6fe45d0af45e: receive RaftClientReply:client-964B0EA39D34->4234af2c-5377-4886-a4e8-6fe45d0af45e@group-A1165329A1F1, cid=4789, SUCCESS, logIndex=7283, commits[4234af2c-5377-4886-a4e8-6fe45d0af45e:c7284, cef72988-acf5-49ad-9ec7-695a80e7a66d:c7281, d677508c-6db9-4741-b51c-49af5e4cf22f:c7281]
2019-09-08 07:08:41,916 [grpc-default-executor-4] INFO  client.GrpcClientProtocolClient (GrpcClientProtocolClient.java:onNext(264)) - client-964B0EA39D34->4234af2c-5377-4886-a4e8-6fe45d0af45e: receive RaftClientReply:client-964B0EA39D34->4234af2c-5377-4886-a4e8-6fe45d0af45e@group-A1165329A1F1, cid=4790, SUCCESS, logIndex=7284, commits[4234af2c-5377-4886-a4e8-6fe45d0af45e:c7285, cef72988-acf5-49ad-9ec7-695a80e7a66d:c7281, d677508c-6db9-4741-b51c-49af5e4cf22f:c7281]
2019-09-08 07:08:41,916 [grpc-default-executor-4] INFO  client.GrpcClientProtocolClient (GrpcClientProtocolClient.java:onNext(264)) - client-964B0EA39D34->4234af2c-5377-4886-a4e8-6fe45d0af45e: receive RaftClientReply:client-964B0EA39D34->4234af2c-5377-4886-a4e8-6fe45d0af45e@group-A1165329A1F1, cid=4791, SUCCESS, logIndex=7285, commits[4234af2c-5377-4886-a4e8-6fe45d0af45e:c7285, cef72988-acf5-49ad-9ec7-695a80e7a66d:c7281, d677508c-6db9-4741-b51c-49af5e4cf22f:c7281]
2019-09-08 07:08:41,929 [grpc-default-executor-4] INFO  client.GrpcClientProtocolClient (GrpcClientProtocolClient.java:onNext(264)) - client-964B0EA39D34->4234af2c-5377-4886-a4e8-6fe45d0af45e: receive RaftClientReply:client-964B0EA39D34->4234af2c-5377-4886-a4e8-6fe45d0af45e@group-A1165329A1F1, cid=4792, SUCCESS, logIndex=0, commits[4234af2c-5377-4886-a4e8-6fe45d0af45e:c7288, cef72988-acf5-49ad-9ec7-695a80e7a66d:c7283, d677508c-6db9-4741-b51c-49af5e4cf22f:c7284]
2019-09-08 07:08:41,943 [grpc-default-executor-3] INFO  client.GrpcClientProtocolClient (GrpcClientProtocolClient.java:onNext(264)) - client-964B0EA39D34->4234af2c-5377-4886-a4e8-6fe45d0af45e: receive RaftClientReply:client-964B0EA39D34->4234af2c-5377-4886-a4e8-6fe45d0af45e@group-A1165329A1F1, cid=4793, SUCCESS, logIndex=7290, commits[4234af2c-5377-4886-a4e8-6fe45d0af45e:c7291, cef72988-acf5-49ad-9ec7-695a80e7a66d:c7285, d677508c-6db9-4741-b51c-49af5e4cf22f:c7289]
2019-09-08 07:08:41,943 [grpc-default-executor-3] INFO  client.GrpcClientProtocolClient (GrpcClientProtocolClient.java:onNext(264)) - client-964B0EA39D34->4234af2c-5377-4886-a4e8-6fe45d0af45e: receive RaftClientReply:client-964B0EA39D34->4234af2c-5377-4886-a4e8-6fe45d0af45e@group-A1165329A1F1, cid=4794, SUCCESS, logIndex=7291, commits[4234af2c-5377-4886-a4e8-6fe45d0af45e:c7291, cef72988-acf5-49ad-9ec7-695a80e7a66d:c7289, d677508c-6db9-4741-b51c-49af5e4cf22f:c7289]
2019-09-08 07:08:41,979 [grpc-default-executor-6] INFO  client.GrpcClientProtocolClient (GrpcClientProtocolClient.java:onNext(264)) - client-964B0EA39D34->4234af2c-5377-4886-a4e8-6fe45d0af45e: receive RaftClientReply:client-964B0EA39D34->4234af2c-5377-4886-a4e8-6fe45d0af45e@group-A1165329A1F1, cid=4795, SUCCESS, logIndex=7294, commits[4234af2c-5377-4886-a4e8-6fe45d0af45e:c7295, cef72988-acf5-49ad-9ec7-695a80e7a66d:c7293, d677508c-6db9-4741-b51c-49af5e4cf22f:c7291]
2019-09-08 07:08:41,979 [grpc-default-executor-6] INFO  client.GrpcClientProtocolClient (GrpcClientProtocolClient.java:onNext(264)) - client-964B0EA39D34->4234af2c-5377-4886-a4e8-6fe45d0af45e: receive RaftClientReply:client-964B0EA39D34->4234af2c-5377-4886-a4e8-6fe45d0af45e@group-A1165329A1F1, cid=4796, SUCCESS, logIndex=7295, commits[4234af2c-5377-4886-a4e8-6fe45d0af45e:c7295, cef72988-acf5-49ad-9ec7-695a80e7a66d:c7293, d677508c-6db9-4741-b51c-49af5e4cf22f:c7291]
2019-09-08 07:08:41,991 [grpc-default-executor-6] INFO  client.GrpcClientProtocolClient (GrpcClientProtocolClient.java:onNext(264)) - client-964B0EA39D34->4234af2c-5377-4886-a4e8-6fe45d0af45e: receive RaftClientReply:client-964B0EA39D34->4234af2c-5377-4886-a4e8-6fe45d0af45e@group-A1165329A1F1, cid=4797, SUCCESS, logIndex=0, commits[4234af2c-5377-4886-a4e8-6fe45d0af45e:c7297, cef72988-acf5-49ad-9ec7-695a80e7a66d:c7295, d677508c-6db9-4741-b51c-49af5e4cf22f:c7295]
2019-09-08 07:08:42,016 [grpc-default-executor-0] INFO  client.GrpcClientProtocolClient (GrpcClientProtocolClient.java:onNext(264)) - client-964B0EA39D34->4234af2c-5377-4886-a4e8-6fe45d0af45e: receive RaftClientReply:client-964B0EA39D34->4234af2c-5377-4886-a4e8-6fe45d0af45e@group-A1165329A1F1, cid=4798, SUCCESS, logIndex=7298, commits[4234af2c-5377-4886-a4e8-6fe45d0af45e:c7299, cef72988-acf5-49ad-9ec7-695a80e7a66d:c7295, d677508c-6db9-4741-b51c-49af5e4cf22f:c7297]
2019-09-08 07:08:42,016 [grpc-default-executor-0] INFO  client.GrpcClientProtocolClient (GrpcClientProtocolClient.java:onNext(264)) - client-964B0EA39D34->4234af2c-5377-4886-a4e8-6fe45d0af45e: receive RaftClientReply:client-964B0EA39D34->4234af2c-5377-4886-a4e8-6fe45d0af45e@group-A1165329A1F1, cid=4799, SUCCESS, logIndex=7299, commits[4234af2c-5377-4886-a4e8-6fe45d0af45e:c7299, cef72988-acf5-49ad-9ec7-695a80e7a66d:c7295, d677508c-6db9-4741-b51c-49af5e4cf22f:c7297]
2019-09-08 07:08:42,016 [grpc-default-executor-0] INFO  client.GrpcClientProtocolClient (GrpcClientProtocolClient.java:onNext(264)) - client-964B0EA39D34->4234af2c-5377-4886-a4e8-6fe45d0af45e: receive RaftClientReply:client-964B0EA39D34->4234af2c-5377-4886-a4e8-6fe45d0af45e@group-A1165329A1F1, cid=4800, SUCCESS, logIndex=7300, commits[4234af2c-5377-4886-a4e8-6fe45d0af45e:c7301, cef72988-acf5-49ad-9ec7-695a80e7a66d:c7295, d677508c-6db9-4741-b51c-49af5e4cf22f:c7297]
2019-09-08 07:08:42,017 [grpc-default-executor-0] INFO  client.GrpcClientProtocolClient (GrpcClientProtocolClient.java:onNext(264)) - client-964B0EA39D34->4234af2c-5377-4886-a4e8-6fe45d0af45e: receive RaftClientReply:client-964B0EA39D34->4234af2c-5377-4886-a4e8-6fe45d0af45e@group-A1165329A1F1, cid=4801, SUCCESS, logIndex=7301, commits[4234af2c-5377-4886-a4e8-6fe45d0af45e:c7301, cef72988-acf5-49ad-9ec7-695a80e7a66d:c7295, d677508c-6db9-4741-b51c-49af5e4cf22f:c7297]
2019-09-08 07:08:42,020 [grpc-default-executor-3] INFO  client.GrpcClientProtocolClient (GrpcClientProtocolClient.java:onNext(264)) - client-964B0EA39D34->4234af2c-5377-4886-a4e8-6fe45d0af45e: receive RaftClientReply:client-964B0EA39D34->4234af2c-5377-4886-a4e8-6fe45d0af45e@group-A1165329A1F1, cid=4802, SUCCESS, logIndex=0, commits[4234af2c-5377-4886-a4e8-6fe45d0af45e:c7304, cef72988-acf5-49ad-9ec7-695a80e7a66d:c7299, d677508c-6db9-4741-b51c-49af5e4cf22f:c7301]
2019-09-08 07:08:42,038 [grpc-default-executor-0] INFO  client.GrpcClientProtocolClient (GrpcClientProtocolClient.java:onNext(264)) - client-964B0EA39D34->4234af2c-5377-4886-a4e8-6fe45d0af45e: receive RaftClientReply:client-964B0EA39D34->4234af2c-5377-4886-a4e8-6fe45d0af45e@group-A1165329A1F1, cid=4803, SUCCESS, logIndex=7305, commits[4234af2c-5377-4886-a4e8-6fe45d0af45e:c7306, cef72988-acf5-49ad-9ec7-695a80e7a66d:c7301, d677508c-6db9-4741-b51c-49af5e4cf22f:c7304]
2019-09-08 07:08:42,038 [grpc-default-executor-0] INFO  client.GrpcClientProtocolClient (GrpcClientProtocolClient.java:onNext(264)) - client-964B0EA39D34->4234af2c-5377-4886-a4e8-6fe45d0af45e: receive RaftClientReply:client-964B0EA39D34->4234af2c-5377-4886-a4e8-6fe45d0af45e@group-A1165329A1F1, cid=4804, SUCCESS, logIndex=7306, commits[4234af2c-5377-4886-a4e8-6fe45d0af45e:c7306, cef72988-acf5-49ad-9ec7-695a80e7a66d:c7301, d677508c-6db9-4741-b51c-49af5e4cf22f:c7304]
2019-09-08 07:08:42,051 [grpc-default-executor-3] INFO  client.GrpcClientProtocolClient (GrpcClientProtocolClient.java:onNext(264)) - client-964B0EA39D34->4234af2c-5377-4886-a4e8-6fe45d0af45e: receive RaftClientReply:client-964B0EA39D34->4234af2c-5377-4886-a4e8-6fe45d0af45e@group-A1165329A1F1, cid=4805, SUCCESS, logIndex=7309, commits[4234af2c-5377-4886-a4e8-6fe45d0af45e:c7310, cef72988-acf5-49ad-9ec7-695a80e7a66d:c7306, d677508c-6db9-4741-b51c-49af5e4cf22f:c7306]
2019-09-08 07:08:42,051 [grpc-default-executor-3] INFO  client.GrpcClientProtocolClient (GrpcClientProtocolClient.java:onNext(264)) - client-964B0EA39D34->4234af2c-5377-4886-a4e8-6fe45d0af45e: receive RaftClientReply:client-964B0EA39D34->4234af2c-5377-4886-a4e8-6fe45d0af45e@group-A1165329A1F1, cid=4806, SUCCESS, logIndex=7310, commits[4234af2c-5377-4886-a4e8-6fe45d0af45e:c7310, cef72988-acf5-49ad-9ec7-695a80e7a66d:c7306, d677508c-6db9-4741-b51c-49af5e4cf22f:c7306]
2019-09-08 07:08:42,064 [grpc-default-executor-3] INFO  client.GrpcClientProtocolClient (GrpcClientProtocolClient.java:onNext(264)) - client-964B0EA39D34->4234af2c-5377-4886-a4e8-6fe45d0af45e: receive RaftClientReply:client-964B0EA39D34->4234af2c-5377-4886-a4e8-6fe45d0af45e@group-A1165329A1F1, cid=4807, SUCCESS, logIndex=0, commits[4234af2c-5377-4886-a4e8-6fe45d0af45e:c7312, cef72988-acf5-49ad-9ec7-695a80e7a66d:c7310, d677508c-6db9-4741-b51c-49af5e4cf22f:c7310]
2019-09-08 07:08:42,095 [grpc-default-executor-6] INFO  client.GrpcClientProtocolClient (GrpcClientProtocolClient.java:onNext(264)) - client-964B0EA39D34->4234af2c-5377-4886-a4e8-6fe45d0af45e: receive RaftClientReply:client-964B0EA39D34->4234af2c-5377-4886-a4e8-6fe45d0af45e@group-A1165329A1F1, cid=4808, SUCCESS, logIndex=7313, commits[4234af2c-5377-4886-a4e8-6fe45d0af45e:c7314, cef72988-acf5-49ad-9ec7-695a80e7a66d:c7312, d677508c-6db9-4741-b51c-49af5e4cf22f:c7310]
2019-09-08 07:08:42,095 [grpc-default-executor-6] INFO  client.GrpcClientProtocolClient (GrpcClientProtocolClient.java:onNext(264)) - client-964B0EA39D34->4234af2c-5377-4886-a4e8-6fe45d0af45e: receive RaftClientReply:client-964B0EA39D34->4234af2c-5377-4886-a4e8-6fe45d0af45e@group-A1165329A1F1, cid=4809, SUCCESS, logIndex=7314, commits[4234af2c-5377-4886-a4e8-6fe45d0af45e:c7314, cef72988-acf5-49ad-9ec7-695a80e7a66d:c7312, d677508c-6db9-4741-b51c-49af5e4cf22f:c7310]
2019-09-08 07:08:42,096 [grpc-default-executor-6] INFO  client.GrpcClientProtocolClient (GrpcClientProtocolClient.java:onNext(264)) - client-964B0EA39D34->4234af2c-5377-4886-a4e8-6fe45d0af45e: receive RaftClientReply:client-964B0EA39D34->4234af2c-5377-4886-a4e8-6fe45d0af45e@group-A1165329A1F1, cid=4810, SUCCESS, logIndex=7315, commits[4234af2c-5377-4886-a4e8-6fe45d0af45e:c7316, cef72988-acf5-49ad-9ec7-695a80e7a66d:c7312, d677508c-6db9-4741-b51c-49af5e4cf22f:c7312]
2019-09-08 07:08:42,096 [grpc-default-executor-6] INFO  client.GrpcClientProtocolClient (GrpcClientProtocolClient.java:onNext(264)) - client-964B0EA39D34->4234af2c-5377-4886-a4e8-6fe45d0af45e: receive RaftClientReply:client-964B0EA39D34->4234af2c-5377-4886-a4e8-6fe45d0af45e@group-A1165329A1F1, cid=4811, SUCCESS, logIndex=7316, commits[4234af2c-5377-4886-a4e8-6fe45d0af45e:c7316, cef72988-acf5-49ad-9ec7-695a80e7a66d:c7312, d677508c-6db9-4741-b51c-49af5e4cf22f:c7312]
2019-09-08 07:08:42,103 [grpc-default-executor-6] INFO  client.GrpcClientProtocolClient (GrpcClientProtocolClient.java:onNext(264)) - client-964B0EA39D34->4234af2c-5377-4886-a4e8-6fe45d0af45e: receive RaftClientReply:client-964B0EA39D34->4234af2c-5377-4886-a4e8-6fe45d0af45e@group-A1165329A1F1, cid=4812, SUCCESS, logIndex=0, commits[4234af2c-5377-4886-a4e8-6fe45d0af45e:c7318, cef72988-acf5-49ad-9ec7-695a80e7a66d:c7314, d677508c-6db9-4741-b51c-49af5e4cf22f:c7316]
2019-09-08 07:08:42,123 [grpc-default-executor-4] INFO  client.GrpcClientProtocolClient (GrpcClientProtocolClient.java:onNext(264)) - client-964B0EA39D34->4234af2c-5377-4886-a4e8-6fe45d0af45e: receive RaftClientReply:client-964B0EA39D34->4234af2c-5377-4886-a4e8-6fe45d0af45e@group-A1165329A1F1, cid=4813, SUCCESS, logIndex=7319, commits[4234af2c-5377-4886-a4e8-6fe45d0af45e:c7320, cef72988-acf5-49ad-9ec7-695a80e7a66d:c7316, d677508c-6db9-4741-b51c-49af5e4cf22f:c7318]
2019-09-08 07:08:42,123 [grpc-default-executor-4] INFO  client.GrpcClientProtocolClient (GrpcClientProtocolClient.java:onNext(264)) - client-964B0EA39D34->4234af2c-5377-4886-a4e8-6fe45d0af45e: receive RaftClientReply:client-964B0EA39D34->4234af2c-5377-4886-a4e8-6fe45d0af45e@group-A1165329A1F1, cid=4814, SUCCESS, logIndex=7320, commits[4234af2c-5377-4886-a4e8-6fe45d0af45e:c7320, cef72988-acf5-49ad-9ec7-695a80e7a66d:c7318, d677508c-6db9-4741-b51c-49af5e4cf22f:c7318]
2019-09-08 07:08:42,135 [grpc-default-executor-3] INFO  client.GrpcClientProtocolClient (GrpcClientProtocolClient.java:onNext(264)) - client-964B0EA39D34->4234af2c-5377-4886-a4e8-6fe45d0af45e: receive RaftClientReply:client-964B0EA39D34->4234af2c-5377-4886-a4e8-6fe45d0af45e@group-A1165329A1F1, cid=4815, SUCCESS, logIndex=7323, commits[4234af2c-5377-4886-a4e8-6fe45d0af45e:c7324, cef72988-acf5-49ad-9ec7-695a80e7a66d:c7320, d677508c-6db9-4741-b51c-49af5e4cf22f:c7320]
2019-09-08 07:08:42,135 [grpc-default-executor-3] INFO  client.GrpcClientProtocolClient (GrpcClientProtocolClient.java:onNext(264)) - client-964B0EA39D34->4234af2c-5377-4886-a4e8-6fe45d0af45e: receive RaftClientReply:client-964B0EA39D34->4234af2c-5377-4886-a4e8-6fe45d0af45e@group-A1165329A1F1, cid=4816, SUCCESS, logIndex=7324, commits[4234af2c-5377-4886-a4e8-6fe45d0af45e:c7324, cef72988-acf5-49ad-9ec7-695a80e7a66d:c7320, d677508c-6db9-4741-b51c-49af5e4cf22f:c7320]
2019-09-08 07:08:42,147 [grpc-default-executor-3] INFO  client.GrpcClientProtocolClient (GrpcClientProtocolClient.java:onNext(264)) - client-964B0EA39D34->4234af2c-5377-4886-a4e8-6fe45d0af45e: receive RaftClientReply:client-964B0EA39D34->4234af2c-5377-4886-a4e8-6fe45d0af45e@group-A1165329A1F1, cid=4817, SUCCESS, logIndex=0, commits[4234af2c-5377-4886-a4e8-6fe45d0af45e:c7326, cef72988-acf5-49ad-9ec7-695a80e7a66d:c7324, d677508c-6db9-4741-b51c-49af5e4cf22f:c7324]
2019-09-08 07:08:42,175 [grpc-default-executor-6] INFO  client.GrpcClientProtocolClient (GrpcClientProtocolClient.java:onNext(264)) - client-964B0EA39D34->4234af2c-5377-4886-a4e8-6fe45d0af45e: receive RaftClientReply:client-964B0EA39D34->4234af2c-5377-4886-a4e8-6fe45d0af45e@group-A1165329A1F1, cid=4818, SUCCESS, logIndex=7327, commits[4234af2c-5377-4886-a4e8-6fe45d0af45e:c7328, cef72988-acf5-49ad-9ec7-695a80e7a66d:c7326, d677508c-6db9-4741-b51c-49af5e4cf22f:c7324]
2019-09-08 07:08:42,176 [grpc-default-executor-4] INFO  client.GrpcClientProtocolClient (GrpcClientProtocolClient.java:onNext(264)) - client-964B0EA39D34->4234af2c-5377-4886-a4e8-6fe45d0af45e: receive RaftClientReply:client-964B0EA39D34->4234af2c-5377-4886-a4e8-6fe45d0af45e@group-A1165329A1F1, cid=4819, SUCCESS, logIndex=7328, commits[4234af2c-5377-4886-a4e8-6fe45d0af45e:c7328, cef72988-acf5-49ad-9ec7-695a80e7a66d:c7326, d677508c-6db9-4741-b51c-49af5e4cf22f:c7324]
2019-09-08 07:08:42,176 [grpc-default-executor-4] INFO  client.GrpcClientProtocolClient (GrpcClientProtocolClient.java:onNext(264)) - client-964B0EA39D34->4234af2c-5377-4886-a4e8-6fe45d0af45e: receive RaftClientReply:client-964B0EA39D34->4234af2c-5377-4886-a4e8-6fe45d0af45e@group-A1165329A1F1, cid=4820, SUCCESS, logIndex=7329, commits[4234af2c-5377-4886-a4e8-6fe45d0af45e:c7330, cef72988-acf5-49ad-9ec7-695a80e7a66d:c7326, d677508c-6db9-4741-b51c-49af5e4cf22f:c7326]
2019-09-08 07:08:42,176 [grpc-default-executor-4] INFO  client.GrpcClientProtocolClient (GrpcClientProtocolClient.java:onNext(264)) - client-964B0EA39D34->4234af2c-5377-4886-a4e8-6fe45d0af45e: receive RaftClientReply:client-964B0EA39D34->4234af2c-5377-4886-a4e8-6fe45d0af45e@group-A1165329A1F1, cid=4821, SUCCESS, logIndex=7330, commits[4234af2c-5377-4886-a4e8-6fe45d0af45e:c7330, cef72988-acf5-49ad-9ec7-695a80e7a66d:c7326, d677508c-6db9-4741-b51c-49af5e4cf22f:c7326]
2019-09-08 07:08:42,184 [grpc-default-executor-4] INFO  client.GrpcClientProtocolClient (GrpcClientProtocolClient.java:onNext(264)) - client-964B0EA39D34->4234af2c-5377-4886-a4e8-6fe45d0af45e: receive RaftClientReply:client-964B0EA39D34->4234af2c-5377-4886-a4e8-6fe45d0af45e@group-A1165329A1F1, cid=4822, SUCCESS, logIndex=0, commits[4234af2c-5377-4886-a4e8-6fe45d0af45e:c7332, cef72988-acf5-49ad-9ec7-695a80e7a66d:c7328, d677508c-6db9-4741-b51c-49af5e4cf22f:c7330]
2019-09-08 07:08:42,202 [grpc-default-executor-4] INFO  client.GrpcClientProtocolClient (GrpcClientProtocolClient.java:onNext(264)) - client-964B0EA39D34->4234af2c-5377-4886-a4e8-6fe45d0af45e: receive RaftClientReply:client-964B0EA39D34->4234af2c-5377-4886-a4e8-6fe45d0af45e@group-A1165329A1F1, cid=4823, SUCCESS, logIndex=7333, commits[4234af2c-5377-4886-a4e8-6fe45d0af45e:c7334, cef72988-acf5-49ad-9ec7-695a80e7a66d:c7330, d677508c-6db9-4741-b51c-49af5e4cf22f:c7332]
2019-09-08 07:08:42,202 [grpc-default-executor-4] INFO  client.GrpcClientProtocolClient (GrpcClientProtocolClient.java:onNext(264)) - client-964B0EA39D34->4234af2c-5377-4886-a4e8-6fe45d0af45e: receive RaftClientReply:client-964B0EA39D34->4234af2c-5377-4886-a4e8-6fe45d0af45e@group-A1165329A1F1, cid=4824, SUCCESS, logIndex=7334, commits[4234af2c-5377-4886-a4e8-6fe45d0af45e:c7334, cef72988-acf5-49ad-9ec7-695a80e7a66d:c7330, d677508c-6db9-4741-b51c-49af5e4cf22f:c7332]
2019-09-08 07:08:42,215 [grpc-default-executor-6] INFO  client.GrpcClientProtocolClient (GrpcClientProtocolClient.java:onNext(264)) - client-964B0EA39D34->4234af2c-5377-4886-a4e8-6fe45d0af45e: receive RaftClientReply:client-964B0EA39D34->4234af2c-5377-4886-a4e8-6fe45d0af45e@group-A1165329A1F1, cid=4825, SUCCESS, logIndex=7337, commits[4234af2c-5377-4886-a4e8-6fe45d0af45e:c7338, cef72988-acf5-49ad-9ec7-695a80e7a66d:c7334, d677508c-6db9-4741-b51c-49af5e4cf22f:c7334]
2019-09-08 07:08:42,215 [grpc-default-executor-6] INFO  client.GrpcClientProtocolClient (GrpcClientProtocolClient.java:onNext(264)) - client-964B0EA39D34->4234af2c-5377-4886-a4e8-6fe45d0af45e: receive RaftClientReply:client-964B0EA39D34->4234af2c-5377-4886-a4e8-6fe45d0af45e@group-A1165329A1F1, cid=4826, SUCCESS, logIndex=7338, commits[4234af2c-5377-4886-a4e8-6fe45d0af45e:c7338, cef72988-acf5-49ad-9ec7-695a80e7a66d:c7334, d677508c-6db9-4741-b51c-49af5e4cf22f:c7334]
2019-09-08 07:08:42,228 [grpc-default-executor-6] INFO  client.GrpcClientProtocolClient (GrpcClientProtocolClient.java:onNext(264)) - client-964B0EA39D34->4234af2c-5377-4886-a4e8-6fe45d0af45e: receive RaftClientReply:client-964B0EA39D34->4234af2c-5377-4886-a4e8-6fe45d0af45e@group-A1165329A1F1, cid=4827, SUCCESS, logIndex=0, commits[4234af2c-5377-4886-a4e8-6fe45d0af45e:c7340, cef72988-acf5-49ad-9ec7-695a80e7a66d:c7338, d677508c-6db9-4741-b51c-49af5e4cf22f:c7338]
2019-09-08 07:08:42,262 [grpc-default-executor-4] INFO  client.GrpcClientProtocolClient (GrpcClientProtocolClient.java:onNext(264)) - client-964B0EA39D34->4234af2c-5377-4886-a4e8-6fe45d0af45e: receive RaftClientReply:client-964B0EA39D34->4234af2c-5377-4886-a4e8-6fe45d0af45e@group-A1165329A1F1, cid=4828, SUCCESS, logIndex=7341, commits[4234af2c-5377-4886-a4e8-6fe45d0af45e:c7344, cef72988-acf5-49ad-9ec7-695a80e7a66d:c7340, d677508c-6db9-4741-b51c-49af5e4cf22f:c7338]
2019-09-08 07:08:42,262 [grpc-default-executor-4] INFO  client.GrpcClientProtocolClient (GrpcClientProtocolClient.java:onNext(264)) - client-964B0EA39D34->4234af2c-5377-4886-a4e8-6fe45d0af45e: receive RaftClientReply:client-964B0EA39D34->4234af2c-5377-4886-a4e8-6fe45d0af45e@group-A1165329A1F1, cid=4829, SUCCESS, logIndex=7342, commits[4234af2c-5377-4886-a4e8-6fe45d0af45e:c7344, cef72988-acf5-49ad-9ec7-695a80e7a66d:c7340, d677508c-6db9-4741-b51c-49af5e4cf22f:c7338]
2019-09-08 07:08:42,262 [grpc-default-executor-4] INFO  client.GrpcClientProtocolClient (GrpcClientProtocolClient.java:onNext(264)) - client-964B0EA39D34->4234af2c-5377-4886-a4e8-6fe45d0af45e: receive RaftClientReply:client-964B0EA39D34->4234af2c-5377-4886-a4e8-6fe45d0af45e@group-A1165329A1F1, cid=4830, SUCCESS, logIndex=7343, commits[4234af2c-5377-4886-a4e8-6fe45d0af45e:c7344, cef72988-acf5-49ad-9ec7-695a80e7a66d:c7340, d677508c-6db9-4741-b51c-49af5e4cf22f:c7338]
2019-09-08 07:08:42,262 [grpc-default-executor-4] INFO  client.GrpcClientProtocolClient (GrpcClientProtocolClient.java:onNext(264)) - client-964B0EA39D34->4234af2c-5377-4886-a4e8-6fe45d0af45e: receive RaftClientReply:client-964B0EA39D34->4234af2c-5377-4886-a4e8-6fe45d0af45e@group-A1165329A1F1, cid=4831, SUCCESS, logIndex=7344, commits[4234af2c-5377-4886-a4e8-6fe45d0af45e:c7344, cef72988-acf5-49ad-9ec7-695a80e7a66d:c7340, d677508c-6db9-4741-b51c-49af5e4cf22f:c7338]
2019-09-08 07:08:42,273 [grpc-default-executor-4] INFO  client.GrpcClientProtocolClient (GrpcClientProtocolClient.java:onNext(264)) - client-964B0EA39D34->4234af2c-5377-4886-a4e8-6fe45d0af45e: receive RaftClientReply:client-964B0EA39D34->4234af2c-5377-4886-a4e8-6fe45d0af45e@group-A1165329A1F1, cid=4832, SUCCESS, logIndex=0, commits[4234af2c-5377-4886-a4e8-6fe45d0af45e:c7348, cef72988-acf5-49ad-9ec7-695a80e7a66d:c7342, d677508c-6db9-4741-b51c-49af5e4cf22f:c7344]
2019-09-08 07:08:42,284 [grpc-default-executor-6] INFO  client.GrpcClientProtocolClient (GrpcClientProtocolClient.java:onNext(264)) - client-964B0EA39D34->4234af2c-5377-4886-a4e8-6fe45d0af45e: receive RaftClientReply:client-964B0EA39D34->4234af2c-5377-4886-a4e8-6fe45d0af45e@group-A1165329A1F1, cid=4833, SUCCESS, logIndex=7349, commits[4234af2c-5377-4886-a4e8-6fe45d0af45e:c7350, cef72988-acf5-49ad-9ec7-695a80e7a66d:c7348, d677508c-6db9-4741-b51c-49af5e4cf22f:c7344]
2019-09-08 07:08:42,284 [grpc-default-executor-6] INFO  client.GrpcClientProtocolClient (GrpcClientProtocolClient.java:onNext(264)) - client-964B0EA39D34->4234af2c-5377-4886-a4e8-6fe45d0af45e: receive RaftClientReply:client-964B0EA39D34->4234af2c-5377-4886-a4e8-6fe45d0af45e@group-A1165329A1F1, cid=4834, SUCCESS, logIndex=7350, commits[4234af2c-5377-4886-a4e8-6fe45d0af45e:c7350, cef72988-acf5-49ad-9ec7-695a80e7a66d:c7348, d677508c-6db9-4741-b51c-49af5e4cf22f:c7348]
 0.00% |█                                                                                                    |  0/1 Time: 0:01:232019-09-08 07:08:42,380 [grpc-default-executor-6] INFO  client.GrpcClientProtocolClient (GrpcClientProtocolClient.java:onNext(264)) - client-964B0EA39D34->4234af2c-5377-4886-a4e8-6fe45d0af45e: receive RaftClientReply:client-964B0EA39D34->4234af2c-5377-4886-a4e8-6fe45d0af45e@group-A1165329A1F1, cid=4835, SUCCESS, logIndex=7353, commits[4234af2c-5377-4886-a4e8-6fe45d0af45e:c7356, cef72988-acf5-49ad-9ec7-695a80e7a66d:c7350, d677508c-6db9-4741-b51c-49af5e4cf22f:c7354]
2019-09-08 07:08:42,380 [grpc-default-executor-6] INFO  client.GrpcClientProtocolClient (GrpcClientProtocolClient.java:onNext(264)) - client-964B0EA39D34->4234af2c-5377-4886-a4e8-6fe45d0af45e: receive RaftClientReply:client-964B0EA39D34->4234af2c-5377-4886-a4e8-6fe45d0af45e@group-A1165329A1F1, cid=4836, SUCCESS, logIndex=7354, commits[4234af2c-5377-4886-a4e8-6fe45d0af45e:c7356, cef72988-acf5-49ad-9ec7-695a80e7a66d:c7350, d677508c-6db9-4741-b51c-49af5e4cf22f:c7354]
 0.00% |█                                                                                                    |  0/1 Time: 0:01:24 0.00% |█                                                                                                    |  0/1 Time: 0:01:252019-09-08 07:08:45,297 [java.util.concurrent.ThreadPoolExecutor$Worker@280fc5a9[State = -1, empty queue]] WARN  server.GrpcLogAppender (GrpcLogAppender.java:timeoutAppendRequest(200)) - 4234af2c-5377-4886-a4e8-6fe45d0af45e@group-A1165329A1F1->cef72988-acf5-49ad-9ec7-695a80e7a66d-GrpcLogAppender: appendEntries Timeout, request=4234af2c-5377-4886-a4e8-6fe45d0af45e->cef72988-acf5-49ad-9ec7-695a80e7a66d#7368-t2, previous=(t:2, i:7354), leaderCommit=7353, initializing? false, entries: size=1, first=(t:2, i:7355), METADATAENTRY(c7353)
2019-09-08 07:08:45,298 [java.util.concurrent.ThreadPoolExecutor$Worker@280fc5a9[State = -1, empty queue]] WARN  server.GrpcLogAppender (GrpcLogAppender.java:timeoutAppendRequest(200)) - 4234af2c-5377-4886-a4e8-6fe45d0af45e@group-A1165329A1F1->cef72988-acf5-49ad-9ec7-695a80e7a66d-GrpcLogAppender: appendEntries Timeout, request=4234af2c-5377-4886-a4e8-6fe45d0af45e->cef72988-acf5-49ad-9ec7-695a80e7a66d#7369-t2, previous=(t:2, i:7355), leaderCommit=7354, initializing? false, entries: size=1, first=(t:2, i:7356), METADATAENTRY(c7354)
 0.00% |█                                                                                                    |  0/1 Time: 0:01:26 0.00% |█                                                                                                    |  0/1 Time: 0:01:27 0.00% |█                                                                                                    |  0/1 Time: 0:01:282019-09-08 07:08:47,385 [pool-277-thread-1] WARN  scm.XceiverClientRatis (XceiverClientRatis.java:watchForCommit(262)) - 3 way commit failed on pipeline Pipeline[ Id: f8615788-eeb1-4154-aace-a1165329a1f1, Nodes: cef72988-acf5-49ad-9ec7-695a80e7a66d{ip: 192.168.5.179, host: trunk-nightly-20190908-7d8xx-1985877823, networkLocation: /default-rack, certSerialId: null}4234af2c-5377-4886-a4e8-6fe45d0af45e{ip: 192.168.5.179, host: trunk-nightly-20190908-7d8xx-1985877823, networkLocation: /default-rack, certSerialId: null}d677508c-6db9-4741-b51c-49af5e4cf22f{ip: 192.168.5.179, host: trunk-nightly-20190908-7d8xx-1985877823, networkLocation: /default-rack, certSerialId: null}, Type:RATIS, Factor:THREE, State:OPEN]
java.util.concurrent.TimeoutException
	at java.util.concurrent.CompletableFuture.timedGet(CompletableFuture.java:1771)
	at java.util.concurrent.CompletableFuture.get(CompletableFuture.java:1915)
	at org.apache.hadoop.hdds.scm.XceiverClientRatis.watchForCommit(XceiverClientRatis.java:259)
	at org.apache.hadoop.hdds.scm.storage.CommitWatcher.watchForCommit(CommitWatcher.java:194)
	at org.apache.hadoop.hdds.scm.storage.CommitWatcher.watchOnLastIndex(CommitWatcher.java:157)
	at org.apache.hadoop.hdds.scm.storage.BlockOutputStream.watchForCommit(BlockOutputStream.java:347)
	at org.apache.hadoop.hdds.scm.storage.BlockOutputStream.handleFlush(BlockOutputStream.java:479)
	at org.apache.hadoop.hdds.scm.storage.BlockOutputStream.close(BlockOutputStream.java:493)
	at org.apache.hadoop.ozone.client.io.BlockOutputStreamEntry.close(BlockOutputStreamEntry.java:143)
	at org.apache.hadoop.ozone.client.io.KeyOutputStream.handleFlushOrClose(KeyOutputStream.java:438)
	at org.apache.hadoop.ozone.client.io.KeyOutputStream.handleWrite(KeyOutputStream.java:235)
	at org.apache.hadoop.ozone.client.io.KeyOutputStream.write(KeyOutputStream.java:193)
	at org.apache.hadoop.ozone.client.io.OzoneOutputStream.write(OzoneOutputStream.java:49)
	at org.apache.hadoop.ozone.freon.RandomKeyGenerator.createKey(RandomKeyGenerator.java:708)
	at org.apache.hadoop.ozone.freon.RandomKeyGenerator.access$1100(RandomKeyGenerator.java:88)
	at org.apache.hadoop.ozone.freon.RandomKeyGenerator$ObjectCreator.run(RandomKeyGenerator.java:615)
	at java.util.concurrent.Executors$RunnableAdapter.call(Executors.java:511)
	at java.util.concurrent.FutureTask.run(FutureTask.java:266)
	at java.util.concurrent.ThreadPoolExecutor.runWorker(ThreadPoolExecutor.java:1149)
	at java.util.concurrent.ThreadPoolExecutor$Worker.run(ThreadPoolExecutor.java:624)
	at java.lang.Thread.run(Thread.java:748)
2019-09-08 07:08:47,425 [grpc-default-executor-6] INFO  client.GrpcClientProtocolClient (GrpcClientProtocolClient.java:onNext(264)) - client-964B0EA39D34->4234af2c-5377-4886-a4e8-6fe45d0af45e: receive RaftClientReply:client-964B0EA39D34->4234af2c-5377-4886-a4e8-6fe45d0af45e@group-A1165329A1F1, cid=4838, SUCCESS, logIndex=0, commits[4234af2c-5377-4886-a4e8-6fe45d0af45e:c7356, cef72988-acf5-49ad-9ec7-695a80e7a66d:c7350, d677508c-6db9-4741-b51c-49af5e4cf22f:c7356]
2019-09-08 07:08:47,438 [pool-277-thread-1] INFO  scm.XceiverClientRatis (XceiverClientRatis.java:lambda$watchForCommit$7(280)) - Could not commit index 7354 on pipeline Pipeline[ Id: f8615788-eeb1-4154-aace-a1165329a1f1, Nodes: cef72988-acf5-49ad-9ec7-695a80e7a66d{ip: 192.168.5.179, host: trunk-nightly-20190908-7d8xx-1985877823, networkLocation: /default-rack, certSerialId: null}4234af2c-5377-4886-a4e8-6fe45d0af45e{ip: 192.168.5.179, host: trunk-nightly-20190908-7d8xx-1985877823, networkLocation: /default-rack, certSerialId: null}d677508c-6db9-4741-b51c-49af5e4cf22f{ip: 192.168.5.179, host: trunk-nightly-20190908-7d8xx-1985877823, networkLocation: /default-rack, certSerialId: null}, Type:RATIS, Factor:THREE, State:OPEN] to all the nodes. Server cef72988-acf5-49ad-9ec7-695a80e7a66d has failed. Committed by majority.
2019-09-08 07:08:47,446 [pool-277-thread-1] WARN  storage.BlockOutputStream (BlockOutputStream.java:watchForCommit(353)) - Failed to commit BlockId conID: 1 locID: 102755632560800571 bcsId: 7354 on Pipeline[ Id: f8615788-eeb1-4154-aace-a1165329a1f1, Nodes: cef72988-acf5-49ad-9ec7-695a80e7a66d{ip: 192.168.5.179, host: trunk-nightly-20190908-7d8xx-1985877823, networkLocation: /default-rack, certSerialId: null}4234af2c-5377-4886-a4e8-6fe45d0af45e{ip: 192.168.5.179, host: trunk-nightly-20190908-7d8xx-1985877823, networkLocation: /default-rack, certSerialId: null}d677508c-6db9-4741-b51c-49af5e4cf22f{ip: 192.168.5.179, host: trunk-nightly-20190908-7d8xx-1985877823, networkLocation: /default-rack, certSerialId: null}, Type:RATIS, Factor:THREE, State:OPEN]. Failed nodes: [cef72988-acf5-49ad-9ec7-695a80e7a66d{ip: null, host: null, networkLocation: /default-rack, certSerialId: null}]
2019-09-08 07:08:47,507 [grpc-default-executor-4] INFO  client.GrpcClientProtocolClient (GrpcClientProtocolClient.java:onNext(264)) - client-964B0EA39D34->4234af2c-5377-4886-a4e8-6fe45d0af45e: receive RaftClientReply:client-964B0EA39D34->4234af2c-5377-4886-a4e8-6fe45d0af45e@group-A1165329A1F1, cid=4839, SUCCESS, logIndex=7357, commits[4234af2c-5377-4886-a4e8-6fe45d0af45e:c7360, cef72988-acf5-49ad-9ec7-695a80e7a66d:c7350, d677508c-6db9-4741-b51c-49af5e4cf22f:c7356]
2019-09-08 07:08:47,511 [grpc-default-executor-4] INFO  client.GrpcClientProtocolClient (GrpcClientProtocolClient.java:onNext(264)) - client-964B0EA39D34->4234af2c-5377-4886-a4e8-6fe45d0af45e: receive RaftClientReply:client-964B0EA39D34->4234af2c-5377-4886-a4e8-6fe45d0af45e@group-A1165329A1F1, cid=4840, SUCCESS, logIndex=7358, commits[4234af2c-5377-4886-a4e8-6fe45d0af45e:c7360, cef72988-acf5-49ad-9ec7-695a80e7a66d:c7350, d677508c-6db9-4741-b51c-49af5e4cf22f:c7356]
2019-09-08 07:08:47,511 [grpc-default-executor-4] INFO  client.GrpcClientProtocolClient (GrpcClientProtocolClient.java:onNext(264)) - client-964B0EA39D34->4234af2c-5377-4886-a4e8-6fe45d0af45e: receive RaftClientReply:client-964B0EA39D34->4234af2c-5377-4886-a4e8-6fe45d0af45e@group-A1165329A1F1, cid=4841, SUCCESS, logIndex=7359, commits[4234af2c-5377-4886-a4e8-6fe45d0af45e:c7360, cef72988-acf5-49ad-9ec7-695a80e7a66d:c7350, d677508c-6db9-4741-b51c-49af5e4cf22f:c7356]
2019-09-08 07:08:47,511 [grpc-default-executor-4] INFO  client.GrpcClientProtocolClient (GrpcClientProtocolClient.java:onNext(264)) - client-964B0EA39D34->4234af2c-5377-4886-a4e8-6fe45d0af45e: receive RaftClientReply:client-964B0EA39D34->4234af2c-5377-4886-a4e8-6fe45d0af45e@group-A1165329A1F1, cid=4842, SUCCESS, logIndex=7360, commits[4234af2c-5377-4886-a4e8-6fe45d0af45e:c7360, cef72988-acf5-49ad-9ec7-695a80e7a66d:c7350, d677508c-6db9-4741-b51c-49af5e4cf22f:c7356]
 0.00% |█                                                                                                    |  0/1 Time: 0:01:292019-09-08 07:08:48,393 [grpc-default-executor-4] WARN  server.GrpcLogAppender (GrpcLogAppender.java:onNextImpl(251)) - 4234af2c-5377-4886-a4e8-6fe45d0af45e@group-A1165329A1F1->cef72988-acf5-49ad-9ec7-695a80e7a66d-AppendLogResponseHandler: Request not found, ignoring reply: 4234af2c-5377-4886-a4e8-6fe45d0af45e<-cef72988-acf5-49ad-9ec7-695a80e7a66d#7368:OK,SUCCESS,nextIndex:7356,term:2,followerCommit:7354
2019-09-08 07:08:48,394 [grpc-default-executor-4] WARN  server.GrpcLogAppender (GrpcLogAppender.java:onNextImpl(251)) - 4234af2c-5377-4886-a4e8-6fe45d0af45e@group-A1165329A1F1->cef72988-acf5-49ad-9ec7-695a80e7a66d-AppendLogResponseHandler: Request not found, ignoring reply: 4234af2c-5377-4886-a4e8-6fe45d0af45e<-cef72988-acf5-49ad-9ec7-695a80e7a66d#7369:OK,SUCCESS,nextIndex:7357,term:2,followerCommit:7354
2019-09-08 07:08:48,395 [grpc-default-executor-4] INFO  client.GrpcClientProtocolClient (GrpcClientProtocolClient.java:onNext(264)) - client-964B0EA39D34->4234af2c-5377-4886-a4e8-6fe45d0af45e: receive RaftClientReply:client-964B0EA39D34->4234af2c-5377-4886-a4e8-6fe45d0af45e@group-A1165329A1F1, cid=4837, SUCCESS, logIndex=0, commits[4234af2c-5377-4886-a4e8-6fe45d0af45e:c7362, cef72988-acf5-49ad-9ec7-695a80e7a66d:c7354, d677508c-6db9-4741-b51c-49af5e4cf22f:c7360]
2019-09-08 07:08:48,395 [grpc-default-executor-4] INFO  client.GrpcClientProtocolClient (GrpcClientProtocolClient.java:onNext(264)) - client-964B0EA39D34->4234af2c-5377-4886-a4e8-6fe45d0af45e: receive RaftClientReply:client-964B0EA39D34->4234af2c-5377-4886-a4e8-6fe45d0af45e@group-A1165329A1F1, cid=4837, SUCCESS, logIndex=0, commits[4234af2c-5377-4886-a4e8-6fe45d0af45e:c7362, cef72988-acf5-49ad-9ec7-695a80e7a66d:c7354, d677508c-6db9-4741-b51c-49af5e4cf22f:c7360]
 0.00% |█                                                                                                    |  0/1 Time: 0:01:30 0.00% |█                                                                                                    |  0/1 Time: 0:01:312019-09-08 07:08:50,492 [java.util.concurrent.ThreadPoolExecutor$Worker@280fc5a9[State = -1, empty queue]] WARN  server.GrpcLogAppender (GrpcLogAppender.java:timeoutAppendRequest(200)) - 4234af2c-5377-4886-a4e8-6fe45d0af45e@group-A1165329A1F1->cef72988-acf5-49ad-9ec7-695a80e7a66d-GrpcLogAppender: appendEntries Timeout, request=4234af2c-5377-4886-a4e8-6fe45d0af45e->cef72988-acf5-49ad-9ec7-695a80e7a66d#7371-t2, previous=(t:2, i:7356), leaderCommit=7356, initializing? false, entries: size=1, first=(t:2, i:7357), STATEMACHINELOGENTRY, client-964B0EA39D34, cid=4839
2019-09-08 07:08:50,495 [java.util.concurrent.ThreadPoolExecutor$Worker@280fc5a9[State = -1, empty queue]] WARN  server.GrpcLogAppender (GrpcLogAppender.java:timeoutAppendRequest(200)) - 4234af2c-5377-4886-a4e8-6fe45d0af45e@group-A1165329A1F1->cef72988-acf5-49ad-9ec7-695a80e7a66d-GrpcLogAppender: appendEntries Timeout, request=4234af2c-5377-4886-a4e8-6fe45d0af45e->cef72988-acf5-49ad-9ec7-695a80e7a66d#7372-t2, previous=(t:2, i:7357), leaderCommit=7356, initializing? false, entries: size=1, first=(t:2, i:7358), STATEMACHINELOGENTRY, client-964B0EA39D34, cid=4840
2019-09-08 07:08:50,495 [java.util.concurrent.ThreadPoolExecutor$Worker@280fc5a9[State = -1, empty queue]] WARN  server.GrpcLogAppender (GrpcLogAppender.java:timeoutAppendRequest(200)) - 4234af2c-5377-4886-a4e8-6fe45d0af45e@group-A1165329A1F1->cef72988-acf5-49ad-9ec7-695a80e7a66d-GrpcLogAppender: appendEntries Timeout, request=4234af2c-5377-4886-a4e8-6fe45d0af45e->cef72988-acf5-49ad-9ec7-695a80e7a66d#7373-t2, previous=(t:2, i:7358), leaderCommit=7356, initializing? false, entries: size=1, first=(t:2, i:7359), STATEMACHINELOGENTRY, client-964B0EA39D34, cid=4841
2019-09-08 07:08:50,495 [java.util.concurrent.ThreadPoolExecutor$Worker@280fc5a9[State = -1, empty queue]] WARN  server.GrpcLogAppender (GrpcLogAppender.java:timeoutAppendRequest(200)) - 4234af2c-5377-4886-a4e8-6fe45d0af45e@group-A1165329A1F1->cef72988-acf5-49ad-9ec7-695a80e7a66d-GrpcLogAppender: appendEntries Timeout, request=4234af2c-5377-4886-a4e8-6fe45d0af45e->cef72988-acf5-49ad-9ec7-695a80e7a66d#7374-t2, previous=(t:2, i:7359), leaderCommit=7356, initializing? false, entries: size=1, first=(t:2, i:7360), STATEMACHINELOGENTRY, client-964B0EA39D34, cid=4842
2019-09-08 07:08:50,505 [java.util.concurrent.ThreadPoolExecutor$Worker@280fc5a9[State = -1, empty queue]] WARN  server.GrpcLogAppender (GrpcLogAppender.java:timeoutAppendRequest(200)) - 4234af2c-5377-4886-a4e8-6fe45d0af45e@group-A1165329A1F1->cef72988-acf5-49ad-9ec7-695a80e7a66d-GrpcLogAppender: appendEntries Timeout, request=4234af2c-5377-4886-a4e8-6fe45d0af45e->cef72988-acf5-49ad-9ec7-695a80e7a66d#7375-t2, previous=(t:2, i:7360), leaderCommit=7357, initializing? false, entries: size=1, first=(t:2, i:7361), METADATAENTRY(c7357)
2019-09-08 07:08:50,505 [java.util.concurrent.ThreadPoolExecutor$Worker@280fc5a9[State = -1, empty queue]] WARN  server.GrpcLogAppender (GrpcLogAppender.java:timeoutAppendRequest(200)) - 4234af2c-5377-4886-a4e8-6fe45d0af45e@group-A1165329A1F1->cef72988-acf5-49ad-9ec7-695a80e7a66d-GrpcLogAppender: appendEntries Timeout, request=4234af2c-5377-4886-a4e8-6fe45d0af45e->cef72988-acf5-49ad-9ec7-695a80e7a66d#7376-t2, previous=(t:2, i:7361), leaderCommit=7360, initializing? false, entries: size=1, first=(t:2, i:7362), METADATAENTRY(c7360)
 0.00% |█                                                                                                    |  0/1 Time: 0:01:322019-09-08 07:08:51,753 [grpc-default-executor-4] WARN  server.GrpcLogAppender (GrpcLogAppender.java:onNextImpl(251)) - 4234af2c-5377-4886-a4e8-6fe45d0af45e@group-A1165329A1F1->cef72988-acf5-49ad-9ec7-695a80e7a66d-AppendLogResponseHandler: Request not found, ignoring reply: 4234af2c-5377-4886-a4e8-6fe45d0af45e<-cef72988-acf5-49ad-9ec7-695a80e7a66d#7371:OK,SUCCESS,nextIndex:7358,term:2,followerCommit:7356
2019-09-08 07:08:51,760 [grpc-default-executor-4] WARN  server.GrpcLogAppender (GrpcLogAppender.java:onNextImpl(251)) - 4234af2c-5377-4886-a4e8-6fe45d0af45e@group-A1165329A1F1->cef72988-acf5-49ad-9ec7-695a80e7a66d-AppendLogResponseHandler: Request not found, ignoring reply: 4234af2c-5377-4886-a4e8-6fe45d0af45e<-cef72988-acf5-49ad-9ec7-695a80e7a66d#7372:OK,SUCCESS,nextIndex:7359,term:2,followerCommit:7356
2019-09-08 07:08:51,761 [grpc-default-executor-4] WARN  server.GrpcLogAppender (GrpcLogAppender.java:onNextImpl(251)) - 4234af2c-5377-4886-a4e8-6fe45d0af45e@group-A1165329A1F1->cef72988-acf5-49ad-9ec7-695a80e7a66d-AppendLogResponseHandler: Request not found, ignoring reply: 4234af2c-5377-4886-a4e8-6fe45d0af45e<-cef72988-acf5-49ad-9ec7-695a80e7a66d#7373:OK,SUCCESS,nextIndex:7360,term:2,followerCommit:7356
2019-09-08 07:08:51,761 [grpc-default-executor-4] WARN  server.GrpcLogAppender (GrpcLogAppender.java:onNextImpl(251)) - 4234af2c-5377-4886-a4e8-6fe45d0af45e@group-A1165329A1F1->cef72988-acf5-49ad-9ec7-695a80e7a66d-AppendLogResponseHandler: Request not found, ignoring reply: 4234af2c-5377-4886-a4e8-6fe45d0af45e<-cef72988-acf5-49ad-9ec7-695a80e7a66d#7374:OK,SUCCESS,nextIndex:7361,term:2,followerCommit:7356
2019-09-08 07:08:51,761 [grpc-default-executor-4] WARN  server.GrpcLogAppender (GrpcLogAppender.java:onNextImpl(251)) - 4234af2c-5377-4886-a4e8-6fe45d0af45e@group-A1165329A1F1->cef72988-acf5-49ad-9ec7-695a80e7a66d-AppendLogResponseHandler: Request not found, ignoring reply: 4234af2c-5377-4886-a4e8-6fe45d0af45e<-cef72988-acf5-49ad-9ec7-695a80e7a66d#7375:OK,SUCCESS,nextIndex:7362,term:2,followerCommit:7357
2019-09-08 07:08:51,762 [grpc-default-executor-4] WARN  server.GrpcLogAppender (GrpcLogAppender.java:onNextImpl(251)) - 4234af2c-5377-4886-a4e8-6fe45d0af45e@group-A1165329A1F1->cef72988-acf5-49ad-9ec7-695a80e7a66d-AppendLogResponseHandler: Request not found, ignoring reply: 4234af2c-5377-4886-a4e8-6fe45d0af45e<-cef72988-acf5-49ad-9ec7-695a80e7a66d#7376:OK,SUCCESS,nextIndex:7363,term:2,followerCommit:7360
 0.00% |█                                                                                                    |  0/1 Time: 0:01:332019-09-08 07:08:52,513 [pool-277-thread-1] WARN  scm.XceiverClientRatis (XceiverClientRatis.java:watchForCommit(262)) - 3 way commit failed on pipeline Pipeline[ Id: f8615788-eeb1-4154-aace-a1165329a1f1, Nodes: cef72988-acf5-49ad-9ec7-695a80e7a66d{ip: 192.168.5.179, host: trunk-nightly-20190908-7d8xx-1985877823, networkLocation: /default-rack, certSerialId: null}4234af2c-5377-4886-a4e8-6fe45d0af45e{ip: 192.168.5.179, host: trunk-nightly-20190908-7d8xx-1985877823, networkLocation: /default-rack, certSerialId: null}d677508c-6db9-4741-b51c-49af5e4cf22f{ip: 192.168.5.179, host: trunk-nightly-20190908-7d8xx-1985877823, networkLocation: /default-rack, certSerialId: null}, Type:RATIS, Factor:THREE, State:OPEN]
java.util.concurrent.TimeoutException
	at java.util.concurrent.CompletableFuture.timedGet(CompletableFuture.java:1771)
	at java.util.concurrent.CompletableFuture.get(CompletableFuture.java:1915)
	at org.apache.hadoop.hdds.scm.XceiverClientRatis.watchForCommit(XceiverClientRatis.java:259)
	at org.apache.hadoop.hdds.scm.storage.CommitWatcher.watchForCommit(CommitWatcher.java:194)
	at org.apache.hadoop.hdds.scm.storage.CommitWatcher.watchOnFirstIndex(CommitWatcher.java:135)
	at org.apache.hadoop.hdds.scm.storage.BlockOutputStream.watchForCommit(BlockOutputStream.java:347)
	at org.apache.hadoop.hdds.scm.storage.BlockOutputStream.handleFullBuffer(BlockOutputStream.java:324)
	at org.apache.hadoop.hdds.scm.storage.BlockOutputStream.write(BlockOutputStream.java:251)
	at org.apache.hadoop.ozone.client.io.BlockOutputStreamEntry.write(BlockOutputStreamEntry.java:129)
	at org.apache.hadoop.ozone.client.io.KeyOutputStream.handleWrite(KeyOutputStream.java:211)
	at org.apache.hadoop.ozone.client.io.KeyOutputStream.write(KeyOutputStream.java:193)
	at org.apache.hadoop.ozone.client.io.OzoneOutputStream.write(OzoneOutputStream.java:49)
	at org.apache.hadoop.ozone.freon.RandomKeyGenerator.createKey(RandomKeyGenerator.java:708)
	at org.apache.hadoop.ozone.freon.RandomKeyGenerator.access$1100(RandomKeyGenerator.java:88)
	at org.apache.hadoop.ozone.freon.RandomKeyGenerator$ObjectCreator.run(RandomKeyGenerator.java:615)
	at java.util.concurrent.Executors$RunnableAdapter.call(Executors.java:511)
	at java.util.concurrent.FutureTask.run(FutureTask.java:266)
	at java.util.concurrent.ThreadPoolExecutor.runWorker(ThreadPoolExecutor.java:1149)
	at java.util.concurrent.ThreadPoolExecutor$Worker.run(ThreadPoolExecutor.java:624)
	at java.lang.Thread.run(Thread.java:748)
2019-09-08 07:08:52,522 [grpc-default-executor-4] INFO  client.GrpcClientProtocolClient (GrpcClientProtocolClient.java:onNext(264)) - client-964B0EA39D34->4234af2c-5377-4886-a4e8-6fe45d0af45e: receive RaftClientReply:client-964B0EA39D34->4234af2c-5377-4886-a4e8-6fe45d0af45e@group-A1165329A1F1, cid=4844, SUCCESS, logIndex=0, commits[4234af2c-5377-4886-a4e8-6fe45d0af45e:c7362, cef72988-acf5-49ad-9ec7-695a80e7a66d:c7356, d677508c-6db9-4741-b51c-49af5e4cf22f:c7362]
2019-09-08 07:08:52,524 [pool-277-thread-1] INFO  scm.XceiverClientRatis (XceiverClientRatis.java:lambda$watchForCommit$7(280)) - Could not commit index 7358 on pipeline Pipeline[ Id: f8615788-eeb1-4154-aace-a1165329a1f1, Nodes: cef72988-acf5-49ad-9ec7-695a80e7a66d{ip: 192.168.5.179, host: trunk-nightly-20190908-7d8xx-1985877823, networkLocation: /default-rack, certSerialId: null}4234af2c-5377-4886-a4e8-6fe45d0af45e{ip: 192.168.5.179, host: trunk-nightly-20190908-7d8xx-1985877823, networkLocation: /default-rack, certSerialId: null}d677508c-6db9-4741-b51c-49af5e4cf22f{ip: 192.168.5.179, host: trunk-nightly-20190908-7d8xx-1985877823, networkLocation: /default-rack, certSerialId: null}, Type:RATIS, Factor:THREE, State:OPEN] to all the nodes. Server cef72988-acf5-49ad-9ec7-695a80e7a66d has failed. Committed by majority.
2019-09-08 07:08:52,526 [pool-277-thread-1] WARN  storage.BlockOutputStream (BlockOutputStream.java:watchForCommit(353)) - Failed to commit BlockId conID: 2 locID: 102755632902964028 bcsId: 7360 on Pipeline[ Id: f8615788-eeb1-4154-aace-a1165329a1f1, Nodes: cef72988-acf5-49ad-9ec7-695a80e7a66d{ip: 192.168.5.179, host: trunk-nightly-20190908-7d8xx-1985877823, networkLocation: /default-rack, certSerialId: null}4234af2c-5377-4886-a4e8-6fe45d0af45e{ip: 192.168.5.179, host: trunk-nightly-20190908-7d8xx-1985877823, networkLocation: /default-rack, certSerialId: null}d677508c-6db9-4741-b51c-49af5e4cf22f{ip: 192.168.5.179, host: trunk-nightly-20190908-7d8xx-1985877823, networkLocation: /default-rack, certSerialId: null}, Type:RATIS, Factor:THREE, State:OPEN]. Failed nodes: [cef72988-acf5-49ad-9ec7-695a80e7a66d{ip: null, host: null, networkLocation: /default-rack, certSerialId: null}]
2019-09-08 07:08:52,747 [grpc-default-executor-4] INFO  client.GrpcClientProtocolClient (GrpcClientProtocolClient.java:onNext(264)) - client-964B0EA39D34->4234af2c-5377-4886-a4e8-6fe45d0af45e: receive RaftClientReply:client-964B0EA39D34->4234af2c-5377-4886-a4e8-6fe45d0af45e@group-A1165329A1F1, cid=4845, SUCCESS, logIndex=7363, commits[4234af2c-5377-4886-a4e8-6fe45d0af45e:c7364, cef72988-acf5-49ad-9ec7-695a80e7a66d:c7356, d677508c-6db9-4741-b51c-49af5e4cf22f:c7362]
2019-09-08 07:08:52,751 [grpc-default-executor-4] INFO  client.GrpcClientProtocolClient (GrpcClientProtocolClient.java:onNext(264)) - client-964B0EA39D34->4234af2c-5377-4886-a4e8-6fe45d0af45e: receive RaftClientReply:client-964B0EA39D34->4234af2c-5377-4886-a4e8-6fe45d0af45e@group-A1165329A1F1, cid=4846, SUCCESS, logIndex=7364, commits[4234af2c-5377-4886-a4e8-6fe45d0af45e:c7364, cef72988-acf5-49ad-9ec7-695a80e7a66d:c7356, d677508c-6db9-4741-b51c-49af5e4cf22f:c7362]
2019-09-08 07:08:52,774 [grpc-default-executor-4] INFO  client.GrpcClientProtocolClient (GrpcClientProtocolClient.java:onNext(264)) - client-964B0EA39D34->4234af2c-5377-4886-a4e8-6fe45d0af45e: receive RaftClientReply:client-964B0EA39D34->4234af2c-5377-4886-a4e8-6fe45d0af45e@group-A1165329A1F1, cid=4847, SUCCESS, logIndex=7367, commits[4234af2c-5377-4886-a4e8-6fe45d0af45e:c7368, cef72988-acf5-49ad-9ec7-695a80e7a66d:c7356, d677508c-6db9-4741-b51c-49af5e4cf22f:c7365]
2019-09-08 07:08:52,774 [grpc-default-executor-4] INFO  client.GrpcClientProtocolClient (GrpcClientProtocolClient.java:onNext(264)) - client-964B0EA39D34->4234af2c-5377-4886-a4e8-6fe45d0af45e: receive RaftClientReply:client-964B0EA39D34->4234af2c-5377-4886-a4e8-6fe45d0af45e@group-A1165329A1F1, cid=4848, SUCCESS, logIndex=7368, commits[4234af2c-5377-4886-a4e8-6fe45d0af45e:c7368, cef72988-acf5-49ad-9ec7-695a80e7a66d:c7356, d677508c-6db9-4741-b51c-49af5e4cf22f:c7365]
 0.00% |█                                                                                                    |  0/1 Time: 0:01:34 0.00% |█                                                                                                    |  0/1 Time: 0:01:35 0.00% |█                                                                                                    |  0/1 Time: 0:01:362019-09-08 07:08:55,733 [java.util.concurrent.ThreadPoolExecutor$Worker@280fc5a9[State = -1, empty queue]] WARN  server.GrpcLogAppender (GrpcLogAppender.java:timeoutAppendRequest(200)) - 4234af2c-5377-4886-a4e8-6fe45d0af45e@group-A1165329A1F1->cef72988-acf5-49ad-9ec7-695a80e7a66d-GrpcLogAppender: appendEntries Timeout, request=4234af2c-5377-4886-a4e8-6fe45d0af45e->cef72988-acf5-49ad-9ec7-695a80e7a66d#7378-t2, previous=(t:2, i:7362), leaderCommit=7362, initializing? false, entries: size=1, first=(t:2, i:7363), STATEMACHINELOGENTRY, client-964B0EA39D34, cid=4845
2019-09-08 07:08:55,739 [java.util.concurrent.ThreadPoolExecutor$Worker@280fc5a9[State = -1, empty queue]] WARN  server.GrpcLogAppender (GrpcLogAppender.java:timeoutAppendRequest(200)) - 4234af2c-5377-4886-a4e8-6fe45d0af45e@group-A1165329A1F1->cef72988-acf5-49ad-9ec7-695a80e7a66d-GrpcLogAppender: appendEntries Timeout, request=4234af2c-5377-4886-a4e8-6fe45d0af45e->cef72988-acf5-49ad-9ec7-695a80e7a66d#7379-t2, previous=(t:2, i:7363), leaderCommit=7362, initializing? false, entries: size=1, first=(t:2, i:7364), STATEMACHINELOGENTRY, client-964B0EA39D34, cid=4846
2019-09-08 07:08:55,746 [java.util.concurrent.ThreadPoolExecutor$Worker@280fc5a9[State = -1, empty queue]] WARN  server.GrpcLogAppender (GrpcLogAppender.java:timeoutAppendRequest(200)) - 4234af2c-5377-4886-a4e8-6fe45d0af45e@group-A1165329A1F1->cef72988-acf5-49ad-9ec7-695a80e7a66d-GrpcLogAppender: appendEntries Timeout, request=4234af2c-5377-4886-a4e8-6fe45d0af45e->cef72988-acf5-49ad-9ec7-695a80e7a66d#7380-t2, previous=(t:2, i:7364), leaderCommit=7363, initializing? false, entries: size=1, first=(t:2, i:7365), METADATAENTRY(c7363)
2019-09-08 07:08:55,746 [java.util.concurrent.ThreadPoolExecutor$Worker@280fc5a9[State = -1, empty queue]] WARN  server.GrpcLogAppender (GrpcLogAppender.java:timeoutAppendRequest(200)) - 4234af2c-5377-4886-a4e8-6fe45d0af45e@group-A1165329A1F1->cef72988-acf5-49ad-9ec7-695a80e7a66d-GrpcLogAppender: appendEntries Timeout, request=4234af2c-5377-4886-a4e8-6fe45d0af45e->cef72988-acf5-49ad-9ec7-695a80e7a66d#7381-t2, previous=(t:2, i:7365), leaderCommit=7364, initializing? false, entries: size=1, first=(t:2, i:7366), METADATAENTRY(c7364)
2019-09-08 07:08:55,759 [java.util.concurrent.ThreadPoolExecutor$Worker@280fc5a9[State = -1, empty queue]] WARN  server.GrpcLogAppender (GrpcLogAppender.java:timeoutAppendRequest(200)) - 4234af2c-5377-4886-a4e8-6fe45d0af45e@group-A1165329A1F1->cef72988-acf5-49ad-9ec7-695a80e7a66d-GrpcLogAppender: appendEntries Timeout, request=4234af2c-5377-4886-a4e8-6fe45d0af45e->cef72988-acf5-49ad-9ec7-695a80e7a66d#7382-t2, previous=(t:2, i:7366), leaderCommit=7365, initializing? false, entries: size=1, first=(t:2, i:7367), STATEMACHINELOGENTRY, client-964B0EA39D34, cid=4847
2019-09-08 07:08:55,759 [java.util.concurrent.ThreadPoolExecutor$Worker@280fc5a9[State = -1, empty queue]] WARN  server.GrpcLogAppender (GrpcLogAppender.java:timeoutAppendRequest(200)) - 4234af2c-5377-4886-a4e8-6fe45d0af45e@group-A1165329A1F1->cef72988-acf5-49ad-9ec7-695a80e7a66d-GrpcLogAppender: appendEntries Timeout, request=4234af2c-5377-4886-a4e8-6fe45d0af45e->cef72988-acf5-49ad-9ec7-695a80e7a66d#7383-t2, previous=(t:2, i:7367), leaderCommit=7365, initializing? false, entries: size=1, first=(t:2, i:7368), STATEMACHINELOGENTRY, client-964B0EA39D34, cid=4848
2019-09-08 07:08:55,773 [java.util.concurrent.ThreadPoolExecutor$Worker@280fc5a9[State = -1, empty queue]] WARN  server.GrpcLogAppender (GrpcLogAppender.java:timeoutAppendRequest(200)) - 4234af2c-5377-4886-a4e8-6fe45d0af45e@group-A1165329A1F1->cef72988-acf5-49ad-9ec7-695a80e7a66d-GrpcLogAppender: appendEntries Timeout, request=4234af2c-5377-4886-a4e8-6fe45d0af45e->cef72988-acf5-49ad-9ec7-695a80e7a66d#7384-t2, previous=(t:2, i:7368), leaderCommit=7368, initializing? false, entries: size=1, first=(t:2, i:7369), METADATAENTRY(c7367)
2019-09-08 07:08:55,773 [java.util.concurrent.ThreadPoolExecutor$Worker@280fc5a9[State = -1, empty queue]] WARN  server.GrpcLogAppender (GrpcLogAppender.java:timeoutAppendRequest(200)) - 4234af2c-5377-4886-a4e8-6fe45d0af45e@group-A1165329A1F1->cef72988-acf5-49ad-9ec7-695a80e7a66d-GrpcLogAppender: appendEntries Timeout, request=4234af2c-5377-4886-a4e8-6fe45d0af45e->cef72988-acf5-49ad-9ec7-695a80e7a66d#7385-t2, previous=(t:2, i:7369), leaderCommit=7368, initializing? false, entries: size=1, first=(t:2, i:7370), METADATAENTRY(c7368)
 0.00% |█                                                                                                    |  0/1 Time: 0:01:372019-09-08 07:08:56,962 [grpc-default-executor-4] WARN  server.GrpcLogAppender (GrpcLogAppender.java:onNextImpl(251)) - 4234af2c-5377-4886-a4e8-6fe45d0af45e@group-A1165329A1F1->cef72988-acf5-49ad-9ec7-695a80e7a66d-AppendLogResponseHandler: Request not found, ignoring reply: 4234af2c-5377-4886-a4e8-6fe45d0af45e<-cef72988-acf5-49ad-9ec7-695a80e7a66d#7378:OK,SUCCESS,nextIndex:7364,term:2,followerCommit:7362
2019-09-08 07:08:56,965 [grpc-default-executor-4] WARN  server.GrpcLogAppender (GrpcLogAppender.java:onNextImpl(251)) - 4234af2c-5377-4886-a4e8-6fe45d0af45e@group-A1165329A1F1->cef72988-acf5-49ad-9ec7-695a80e7a66d-AppendLogResponseHandler: Request not found, ignoring reply: 4234af2c-5377-4886-a4e8-6fe45d0af45e<-cef72988-acf5-49ad-9ec7-695a80e7a66d#7379:OK,SUCCESS,nextIndex:7365,term:2,followerCommit:7362
 0.00% |█                                                                                                    |  0/1 Time: 0:01:382019-09-08 07:08:57,551 [grpc-default-executor-4] WARN  server.GrpcLogAppender (GrpcLogAppender.java:onNextImpl(251)) - 4234af2c-5377-4886-a4e8-6fe45d0af45e@group-A1165329A1F1->cef72988-acf5-49ad-9ec7-695a80e7a66d-AppendLogResponseHandler: Request not found, ignoring reply: 4234af2c-5377-4886-a4e8-6fe45d0af45e<-cef72988-acf5-49ad-9ec7-695a80e7a66d#7380:OK,SUCCESS,nextIndex:7366,term:2,followerCommit:7363
2019-09-08 07:08:57,551 [grpc-default-executor-4] WARN  server.GrpcLogAppender (GrpcLogAppender.java:onNextImpl(251)) - 4234af2c-5377-4886-a4e8-6fe45d0af45e@group-A1165329A1F1->cef72988-acf5-49ad-9ec7-695a80e7a66d-AppendLogResponseHandler: Request not found, ignoring reply: 4234af2c-5377-4886-a4e8-6fe45d0af45e<-cef72988-acf5-49ad-9ec7-695a80e7a66d#7381:OK,SUCCESS,nextIndex:7367,term:2,followerCommit:7364
2019-09-08 07:08:57,552 [grpc-default-executor-4] WARN  server.GrpcLogAppender (GrpcLogAppender.java:onNextImpl(251)) - 4234af2c-5377-4886-a4e8-6fe45d0af45e@group-A1165329A1F1->cef72988-acf5-49ad-9ec7-695a80e7a66d-AppendLogResponseHandler: Request not found, ignoring reply: 4234af2c-5377-4886-a4e8-6fe45d0af45e<-cef72988-acf5-49ad-9ec7-695a80e7a66d#7382:OK,SUCCESS,nextIndex:7368,term:2,followerCommit:7365
2019-09-08 07:08:57,552 [grpc-default-executor-4] WARN  server.GrpcLogAppender (GrpcLogAppender.java:onNextImpl(251)) - 4234af2c-5377-4886-a4e8-6fe45d0af45e@group-A1165329A1F1->cef72988-acf5-49ad-9ec7-695a80e7a66d-AppendLogResponseHandler: Request not found, ignoring reply: 4234af2c-5377-4886-a4e8-6fe45d0af45e<-cef72988-acf5-49ad-9ec7-695a80e7a66d#7383:OK,SUCCESS,nextIndex:7369,term:2,followerCommit:7365
2019-09-08 07:08:57,552 [grpc-default-executor-4] WARN  server.GrpcLogAppender (GrpcLogAppender.java:onNextImpl(251)) - 4234af2c-5377-4886-a4e8-6fe45d0af45e@group-A1165329A1F1->cef72988-acf5-49ad-9ec7-695a80e7a66d-AppendLogResponseHandler: Request not found, ignoring reply: 4234af2c-5377-4886-a4e8-6fe45d0af45e<-cef72988-acf5-49ad-9ec7-695a80e7a66d#7384:OK,SUCCESS,nextIndex:7370,term:2,followerCommit:7368
2019-09-08 07:08:57,552 [grpc-default-executor-4] WARN  server.GrpcLogAppender (GrpcLogAppender.java:onNextImpl(251)) - 4234af2c-5377-4886-a4e8-6fe45d0af45e@group-A1165329A1F1->cef72988-acf5-49ad-9ec7-695a80e7a66d-AppendLogResponseHandler: Request not found, ignoring reply: 4234af2c-5377-4886-a4e8-6fe45d0af45e<-cef72988-acf5-49ad-9ec7-695a80e7a66d#7385:OK,SUCCESS,nextIndex:7371,term:2,followerCommit:7368
2019-09-08 07:08:57,554 [grpc-default-executor-4] INFO  client.GrpcClientProtocolClient (GrpcClientProtocolClient.java:onNext(264)) - client-964B0EA39D34->4234af2c-5377-4886-a4e8-6fe45d0af45e: receive RaftClientReply:client-964B0EA39D34->4234af2c-5377-4886-a4e8-6fe45d0af45e@group-A1165329A1F1, cid=4843, SUCCESS, logIndex=0, commits[4234af2c-5377-4886-a4e8-6fe45d0af45e:c7370, cef72988-acf5-49ad-9ec7-695a80e7a66d:c7362, d677508c-6db9-4741-b51c-49af5e4cf22f:c7370]
2019-09-08 07:08:57,555 [grpc-default-executor-4] INFO  client.GrpcClientProtocolClient (GrpcClientProtocolClient.java:onNext(264)) - client-964B0EA39D34->4234af2c-5377-4886-a4e8-6fe45d0af45e: receive RaftClientReply:client-964B0EA39D34->4234af2c-5377-4886-a4e8-6fe45d0af45e@group-A1165329A1F1, cid=4843, SUCCESS, logIndex=0, commits[4234af2c-5377-4886-a4e8-6fe45d0af45e:c7370, cef72988-acf5-49ad-9ec7-695a80e7a66d:c7362, d677508c-6db9-4741-b51c-49af5e4cf22f:c7370]
2019-09-08 07:08:57,555 [grpc-default-executor-4] INFO  client.GrpcClientProtocolClient (GrpcClientProtocolClient.java:onNext(264)) - client-964B0EA39D34->4234af2c-5377-4886-a4e8-6fe45d0af45e: receive RaftClientReply:client-964B0EA39D34->4234af2c-5377-4886-a4e8-6fe45d0af45e@group-A1165329A1F1, cid=4843, SUCCESS, logIndex=0, commits[4234af2c-5377-4886-a4e8-6fe45d0af45e:c7370, cef72988-acf5-49ad-9ec7-695a80e7a66d:c7362, d677508c-6db9-4741-b51c-49af5e4cf22f:c7370]
2019-09-08 07:08:57,775 [pool-277-thread-1] WARN  scm.XceiverClientRatis (XceiverClientRatis.java:watchForCommit(262)) - 3 way commit failed on pipeline Pipeline[ Id: f8615788-eeb1-4154-aace-a1165329a1f1, Nodes: cef72988-acf5-49ad-9ec7-695a80e7a66d{ip: 192.168.5.179, host: trunk-nightly-20190908-7d8xx-1985877823, networkLocation: /default-rack, certSerialId: null}4234af2c-5377-4886-a4e8-6fe45d0af45e{ip: 192.168.5.179, host: trunk-nightly-20190908-7d8xx-1985877823, networkLocation: /default-rack, certSerialId: null}d677508c-6db9-4741-b51c-49af5e4cf22f{ip: 192.168.5.179, host: trunk-nightly-20190908-7d8xx-1985877823, networkLocation: /default-rack, certSerialId: null}, Type:RATIS, Factor:THREE, State:OPEN]
java.util.concurrent.TimeoutException
	at java.util.concurrent.CompletableFuture.timedGet(CompletableFuture.java:1771)
	at java.util.concurrent.CompletableFuture.get(CompletableFuture.java:1915)
	at org.apache.hadoop.hdds.scm.XceiverClientRatis.watchForCommit(XceiverClientRatis.java:259)
	at org.apache.hadoop.hdds.scm.storage.CommitWatcher.watchForCommit(CommitWatcher.java:194)
	at org.apache.hadoop.hdds.scm.storage.CommitWatcher.watchOnLastIndex(CommitWatcher.java:157)
	at org.apache.hadoop.hdds.scm.storage.BlockOutputStream.watchForCommit(BlockOutputStream.java:347)
	at org.apache.hadoop.hdds.scm.storage.BlockOutputStream.handleFlush(BlockOutputStream.java:479)
	at org.apache.hadoop.hdds.scm.storage.BlockOutputStream.close(BlockOutputStream.java:493)
	at org.apache.hadoop.ozone.client.io.BlockOutputStreamEntry.close(BlockOutputStreamEntry.java:143)
	at org.apache.hadoop.ozone.client.io.KeyOutputStream.handleFlushOrClose(KeyOutputStream.java:438)
	at org.apache.hadoop.ozone.client.io.KeyOutputStream.handleWrite(KeyOutputStream.java:235)
	at org.apache.hadoop.ozone.client.io.KeyOutputStream.write(KeyOutputStream.java:193)
	at org.apache.hadoop.ozone.client.io.OzoneOutputStream.write(OzoneOutputStream.java:49)
	at org.apache.hadoop.ozone.freon.RandomKeyGenerator.createKey(RandomKeyGenerator.java:708)
	at org.apache.hadoop.ozone.freon.RandomKeyGenerator.access$1100(RandomKeyGenerator.java:88)
	at org.apache.hadoop.ozone.freon.RandomKeyGenerator$ObjectCreator.run(RandomKeyGenerator.java:615)
	at java.util.concurrent.Executors$RunnableAdapter.call(Executors.java:511)
	at java.util.concurrent.FutureTask.run(FutureTask.java:266)
	at java.util.concurrent.ThreadPoolExecutor.runWorker(ThreadPoolExecutor.java:1149)
	at java.util.concurrent.ThreadPoolExecutor$Worker.run(ThreadPoolExecutor.java:624)
	at java.lang.Thread.run(Thread.java:748)
2019-09-08 07:08:57,780 [grpc-default-executor-4] INFO  client.GrpcClientProtocolClient (GrpcClientProtocolClient.java:onNext(264)) - client-964B0EA39D34->4234af2c-5377-4886-a4e8-6fe45d0af45e: receive RaftClientReply:client-964B0EA39D34->4234af2c-5377-4886-a4e8-6fe45d0af45e@group-A1165329A1F1, cid=4850, SUCCESS, logIndex=0, commits[4234af2c-5377-4886-a4e8-6fe45d0af45e:c7370, cef72988-acf5-49ad-9ec7-695a80e7a66d:c7362, d677508c-6db9-4741-b51c-49af5e4cf22f:c7370]
2019-09-08 07:08:57,780 [pool-277-thread-1] INFO  scm.XceiverClientRatis (XceiverClientRatis.java:lambda$watchForCommit$7(280)) - Could not commit index 7368 on pipeline Pipeline[ Id: f8615788-eeb1-4154-aace-a1165329a1f1, Nodes: cef72988-acf5-49ad-9ec7-695a80e7a66d{ip: 192.168.5.179, host: trunk-nightly-20190908-7d8xx-1985877823, networkLocation: /default-rack, certSerialId: null}4234af2c-5377-4886-a4e8-6fe45d0af45e{ip: 192.168.5.179, host: trunk-nightly-20190908-7d8xx-1985877823, networkLocation: /default-rack, certSerialId: null}d677508c-6db9-4741-b51c-49af5e4cf22f{ip: 192.168.5.179, host: trunk-nightly-20190908-7d8xx-1985877823, networkLocation: /default-rack, certSerialId: null}, Type:RATIS, Factor:THREE, State:OPEN] to all the nodes. Server cef72988-acf5-49ad-9ec7-695a80e7a66d has failed. Committed by majority.
2019-09-08 07:08:57,782 [pool-277-thread-1] WARN  storage.BlockOutputStream (BlockOutputStream.java:watchForCommit(353)) - Failed to commit BlockId conID: 2 locID: 102755632902964028 bcsId: 7368 on Pipeline[ Id: f8615788-eeb1-4154-aace-a1165329a1f1, Nodes: cef72988-acf5-49ad-9ec7-695a80e7a66d{ip: 192.168.5.179, host: trunk-nightly-20190908-7d8xx-1985877823, networkLocation: /default-rack, certSerialId: null}4234af2c-5377-4886-a4e8-6fe45d0af45e{ip: 192.168.5.179, host: trunk-nightly-20190908-7d8xx-1985877823, networkLocation: /default-rack, certSerialId: null}d677508c-6db9-4741-b51c-49af5e4cf22f{ip: 192.168.5.179, host: trunk-nightly-20190908-7d8xx-1985877823, networkLocation: /default-rack, certSerialId: null}, Type:RATIS, Factor:THREE, State:OPEN]. Failed nodes: [cef72988-acf5-49ad-9ec7-695a80e7a66d{ip: null, host: null, networkLocation: /default-rack, certSerialId: null}]
2019-09-08 07:08:57,806 [IPC Server handler 1 on 38897] WARN  block.BlockManagerImpl (BlockManagerImpl.java:allocateBlock(192)) - Pipeline creation failed for type:RATIS factor:THREE. Retrying get pipelines call once.
org.apache.hadoop.hdds.scm.pipeline.InsufficientDatanodesException: Cannot create pipeline of factor 3 using 2 nodes.
	at org.apache.hadoop.hdds.scm.pipeline.RatisPipelineProvider.create(RatisPipelineProvider.java:152)
	at org.apache.hadoop.hdds.scm.pipeline.PipelineFactory.create(PipelineFactory.java:57)
	at org.apache.hadoop.hdds.scm.pipeline.SCMPipelineManager.createPipeline(SCMPipelineManager.java:151)
	at org.apache.hadoop.hdds.scm.block.BlockManagerImpl.allocateBlock(BlockManagerImpl.java:190)
	at org.apache.hadoop.hdds.scm.server.SCMBlockProtocolServer.allocateBlock(SCMBlockProtocolServer.java:182)
	at org.apache.hadoop.ozone.protocolPB.ScmBlockLocationProtocolServerSideTranslatorPB.allocateScmBlock(ScmBlockLocationProtocolServerSideTranslatorPB.java:183)
	at org.apache.hadoop.ozone.protocolPB.ScmBlockLocationProtocolServerSideTranslatorPB.processMessage(ScmBlockLocationProtocolServerSideTranslatorPB.java:141)
	at org.apache.hadoop.ozone.protocolPB.ScmBlockLocationProtocolServerSideTranslatorPB.send(ScmBlockLocationProtocolServerSideTranslatorPB.java:116)
	at org.apache.hadoop.hdds.protocol.proto.ScmBlockLocationProtocolProtos$ScmBlockLocationProtocolService$2.callBlockingMethod(ScmBlockLocationProtocolProtos.java:13157)
	at org.apache.hadoop.ipc.ProtobufRpcEngine$Server$ProtoBufRpcInvoker.call(ProtobufRpcEngine.java:524)
	at org.apache.hadoop.ipc.RPC$Server.call(RPC.java:1025)
	at org.apache.hadoop.ipc.Server$RpcCall.run(Server.java:876)
	at org.apache.hadoop.ipc.Server$RpcCall.run(Server.java:822)
	at java.security.AccessController.doPrivileged(Native Method)
	at javax.security.auth.Subject.doAs(Subject.java:422)
	at org.apache.hadoop.security.UserGroupInformation.doAs(UserGroupInformation.java:1730)
	at org.apache.hadoop.ipc.Server$Handler.run(Server.java:2682)
2019-09-08 07:08:57,808 [IPC Server handler 1 on 38897] INFO  block.BlockManagerImpl (BlockManagerImpl.java:allocateBlock(198)) - Could not find available pipeline of type:RATIS and factor:THREE even after retrying
2019-09-08 07:08:57,809 [IPC Server handler 1 on 38897] ERROR block.BlockManagerImpl (BlockManagerImpl.java:allocateBlock(222)) - Unable to allocate a block for the size: 4194304, type: RATIS, factor: THREE
2019-09-08 07:08:57,813 [pool-277-thread-1] ERROR io.BlockOutputStreamEntryPool (BlockOutputStreamEntryPool.java:allocateBlockIfNeeded(299)) - Try to allocate more blocks for write failed, already allocated 0 blocks for this write.
INTERNAL_ERROR org.apache.hadoop.ozone.om.exceptions.OMException: Allocated 0 blocks. Requested 1 blocks
	at org.apache.hadoop.ozone.om.protocolPB.OzoneManagerProtocolClientSideTranslatorPB.handleError(OzoneManagerProtocolClientSideTranslatorPB.java:725)
	at org.apache.hadoop.ozone.om.protocolPB.OzoneManagerProtocolClientSideTranslatorPB.allocateBlock(OzoneManagerProtocolClientSideTranslatorPB.java:757)
	at org.apache.hadoop.ozone.client.io.BlockOutputStreamEntryPool.allocateNewBlock(BlockOutputStreamEntryPool.java:248)
	at org.apache.hadoop.ozone.client.io.BlockOutputStreamEntryPool.allocateBlockIfNeeded(BlockOutputStreamEntryPool.java:296)
	at org.apache.hadoop.ozone.client.io.KeyOutputStream.handleWrite(KeyOutputStream.java:201)
	at org.apache.hadoop.ozone.client.io.KeyOutputStream.write(KeyOutputStream.java:193)
	at org.apache.hadoop.ozone.client.io.OzoneOutputStream.write(OzoneOutputStream.java:49)
	at org.apache.hadoop.ozone.freon.RandomKeyGenerator.createKey(RandomKeyGenerator.java:708)
	at org.apache.hadoop.ozone.freon.RandomKeyGenerator.access$1100(RandomKeyGenerator.java:88)
	at org.apache.hadoop.ozone.freon.RandomKeyGenerator$ObjectCreator.run(RandomKeyGenerator.java:615)
	at java.util.concurrent.Executors$RunnableAdapter.call(Executors.java:511)
	at java.util.concurrent.FutureTask.run(FutureTask.java:266)
	at java.util.concurrent.ThreadPoolExecutor.runWorker(ThreadPoolExecutor.java:1149)
	at java.util.concurrent.ThreadPoolExecutor$Worker.run(ThreadPoolExecutor.java:624)
	at java.lang.Thread.run(Thread.java:748)
2019-09-08 07:08:57,815 [pool-277-thread-1] ERROR freon.RandomKeyGenerator (RandomKeyGenerator.java:createKey(733)) - Exception while adding key: key-0-28781 in bucket: bucket-0-73582 of volume: vol-0-39455.
INTERNAL_ERROR org.apache.hadoop.ozone.om.exceptions.OMException: Allocated 0 blocks. Requested 1 blocks
	at org.apache.hadoop.ozone.om.protocolPB.OzoneManagerProtocolClientSideTranslatorPB.handleError(OzoneManagerProtocolClientSideTranslatorPB.java:725)
	at org.apache.hadoop.ozone.om.protocolPB.OzoneManagerProtocolClientSideTranslatorPB.allocateBlock(OzoneManagerProtocolClientSideTranslatorPB.java:757)
	at org.apache.hadoop.ozone.client.io.BlockOutputStreamEntryPool.allocateNewBlock(BlockOutputStreamEntryPool.java:248)
	at org.apache.hadoop.ozone.client.io.BlockOutputStreamEntryPool.allocateBlockIfNeeded(BlockOutputStreamEntryPool.java:296)
	at org.apache.hadoop.ozone.client.io.KeyOutputStream.handleWrite(KeyOutputStream.java:201)
	at org.apache.hadoop.ozone.client.io.KeyOutputStream.write(KeyOutputStream.java:193)
	at org.apache.hadoop.ozone.client.io.OzoneOutputStream.write(OzoneOutputStream.java:49)
	at org.apache.hadoop.ozone.freon.RandomKeyGenerator.createKey(RandomKeyGenerator.java:708)
	at org.apache.hadoop.ozone.freon.RandomKeyGenerator.access$1100(RandomKeyGenerator.java:88)
	at org.apache.hadoop.ozone.freon.RandomKeyGenerator$ObjectCreator.run(RandomKeyGenerator.java:615)
	at java.util.concurrent.Executors$RunnableAdapter.call(Executors.java:511)
	at java.util.concurrent.FutureTask.run(FutureTask.java:266)
	at java.util.concurrent.ThreadPoolExecutor.runWorker(ThreadPoolExecutor.java:1149)
	at java.util.concurrent.ThreadPoolExecutor$Worker.run(ThreadPoolExecutor.java:624)
	at java.lang.Thread.run(Thread.java:748)
 0.00% |█                                                                                                    |  0/1 Time: 0:01:39 100.00% |█████████████████████████████████████████████████████████████████████████████████████████████████████|  1/1 Time: 0:01:40
]]></system-out>
  </testcase>
  <testcase name="fileWithSizeZero" classname="org.apache.hadoop.ozone.freon.TestRandomKeyGenerator" time="5.062"/>
  <testcase name="multiThread" classname="org.apache.hadoop.ozone.freon.TestRandomKeyGenerator" time="5.039"/>
</testsuite>