<?xml version="1.0" encoding="UTF-8"?>
<testsuite xmlns:xsi="http://www.w3.org/2001/XMLSchema-instance" xsi:noNamespaceSchemaLocation="https://maven.apache.org/surefire/maven-surefire-plugin/xsd/surefire-test-report.xsd" name="org.apache.hadoop.ozone.freon.TestFreonWithPipelineDestroy" time="231.372" tests="1" errors="1" skipped="0" failures="0">
  <properties>
    <property name="awt.toolkit" value="sun.awt.X11.XToolkit"/>
    <property name="file.encoding.pkg" value="sun.io"/>
    <property name="java.specification.version" value="1.8"/>
    <property name="sun.cpu.isalist" value=""/>
    <property name="sun.jnu.encoding" value="UTF-8"/>
    <property name="java.class.path" value="/workdir/hadoop-ozone/tools/target/test-classes:/workdir/hadoop-ozone/tools/target/classes:/home/user/.m2/repository/org/apache/hadoop/hadoop-ozone-ozone-manager/0.5.0-SNAPSHOT/hadoop-ozone-ozone-manager-0.5.0-SNAPSHOT.jar:/home/user/.m2/repository/org/apache/hadoop/hadoop-hdds-docs/0.5.0-SNAPSHOT/hadoop-hdds-docs-0.5.0-SNAPSHOT.jar:/home/user/.m2/repository/org/bouncycastle/bcprov-jdk15on/1.60/bcprov-jdk15on-1.60.jar:/home/user/.m2/repository/org/apache/hadoop/hadoop-ozone-common/0.5.0-SNAPSHOT/hadoop-ozone-common-0.5.0-SNAPSHOT.jar:/home/user/.m2/repository/org/apache/commons/commons-compress/1.4.1/commons-compress-1.4.1.jar:/home/user/.m2/repository/org/tukaani/xz/1.0/xz-1.0.jar:/home/user/.m2/repository/org/apache/hadoop/hadoop-hdfs-client/3.2.0/hadoop-hdfs-client-3.2.0.jar:/home/user/.m2/repository/com/fasterxml/jackson/core/jackson-annotations/2.9.5/jackson-annotations-2.9.5.jar:/home/user/.m2/repository/org/apache/hadoop/hadoop-hdds-common/0.5.0-SNAPSHOT/hadoop-hdds-common-0.5.0-SNAPSHOT.jar:/home/user/.m2/repository/org/apache/hadoop/hadoop-hdds-config/0.5.0-SNAPSHOT/hadoop-hdds-config-0.5.0-SNAPSHOT.jar:/home/user/.m2/repository/javax/annotation/javax.annotation-api/1.2/javax.annotation-api-1.2.jar:/home/user/.m2/repository/org/apache/ratis/ratis-server/0.4.0-78e95b9-SNAPSHOT/ratis-server-0.4.0-78e95b9-SNAPSHOT.jar:/home/user/.m2/repository/org/apache/ratis/ratis-thirdparty-misc/0.2.0/ratis-thirdparty-misc-0.2.0.jar:/home/user/.m2/repository/org/apache/ratis/ratis-proto/0.4.0-78e95b9-SNAPSHOT/ratis-proto-0.4.0-78e95b9-SNAPSHOT.jar:/home/user/.m2/repository/org/apache/ratis/ratis-common/0.4.0-78e95b9-SNAPSHOT/ratis-common-0.4.0-78e95b9-SNAPSHOT.jar:/home/user/.m2/repository/org/apache/ratis/ratis-client/0.4.0-78e95b9-SNAPSHOT/ratis-client-0.4.0-78e95b9-SNAPSHOT.jar:/home/user/.m2/repository/org/apache/ratis/ratis-metrics/0.4.0-78e95b9-SNAPSHOT/ratis-metrics-0.4.0-78e95b9-SNAPSHOT.jar:/home/user/.m2/repository/com/github/joshelser/dropwizard-metrics-hadoop-metrics2-reporter/0.1.2/dropwizard-metrics-hadoop-metrics2-reporter-0.1.2.jar:/home/user/.m2/repository/io/dropwizard/metrics/metrics-jvm/3.2.5/metrics-jvm-3.2.5.jar:/home/user/.m2/repository/io/dropwizard/metrics/metrics-ganglia/3.2.5/metrics-ganglia-3.2.5.jar:/home/user/.m2/repository/info/ganglia/gmetric4j/gmetric4j/1.0.7/gmetric4j-1.0.7.jar:/home/user/.m2/repository/org/apache/ratis/ratis-netty/0.4.0-78e95b9-SNAPSHOT/ratis-netty-0.4.0-78e95b9-SNAPSHOT.jar:/home/user/.m2/repository/org/apache/ratis/ratis-grpc/0.4.0-78e95b9-SNAPSHOT/ratis-grpc-0.4.0-78e95b9-SNAPSHOT.jar:/home/user/.m2/repository/org/rocksdb/rocksdbjni/6.0.1/rocksdbjni-6.0.1.jar:/home/user/.m2/repository/org/apache/logging/log4j/log4j-api/2.11.0/log4j-api-2.11.0.jar:/home/user/.m2/repository/org/apache/logging/log4j/log4j-core/2.11.0/log4j-core-2.11.0.jar:/home/user/.m2/repository/com/lmax/disruptor/3.4.2/disruptor-3.4.2.jar:/home/user/.m2/repository/org/apache/commons/commons-pool2/2.6.0/commons-pool2-2.6.0.jar:/home/user/.m2/repository/org/bouncycastle/bcpkix-jdk15on/1.60/bcpkix-jdk15on-1.60.jar:/home/user/.m2/repository/commons-validator/commons-validator/1.6/commons-validator-1.6.jar:/home/user/.m2/repository/commons-digester/commons-digester/1.8.1/commons-digester-1.8.1.jar:/home/user/.m2/repository/io/jaegertracing/jaeger-client/0.33.1/jaeger-client-0.33.1.jar:/home/user/.m2/repository/io/jaegertracing/jaeger-thrift/0.33.1/jaeger-thrift-0.33.1.jar:/home/user/.m2/repository/org/apache/thrift/libthrift/0.11.0/libthrift-0.11.0.jar:/home/user/.m2/repository/com/squareup/okhttp3/okhttp/3.9.0/okhttp-3.9.0.jar:/home/user/.m2/repository/com/squareup/okio/okio/1.13.0/okio-1.13.0.jar:/home/user/.m2/repository/io/jaegertracing/jaeger-core/0.33.1/jaeger-core-0.33.1.jar:/home/user/.m2/repository/io/jaegertracing/jaeger-tracerresolver/0.33.1/jaeger-tracerresolver-0.33.1.jar:/home/user/.m2/repository/io/opentracing/contrib/opentracing-tracerresolver/0.1.5/opentracing-tracerresolver-0.1.5.jar:/home/user/.m2/repository/io/opentracing/opentracing-util/0.31.0/opentracing-util-0.31.0.jar:/home/user/.m2/repository/io/opentracing/opentracing-api/0.31.0/opentracing-api-0.31.0.jar:/home/user/.m2/repository/io/opentracing/opentracing-noop/0.31.0/opentracing-noop-0.31.0.jar:/home/user/.m2/repository/org/yaml/snakeyaml/1.16/snakeyaml-1.16.jar:/home/user/.m2/repository/org/apache/hadoop/hadoop-hdds-container-service/0.5.0-SNAPSHOT/hadoop-hdds-container-service-0.5.0-SNAPSHOT.jar:/home/user/.m2/repository/org/apache/hadoop/hadoop-hdds-client/0.5.0-SNAPSHOT/hadoop-hdds-client-0.5.0-SNAPSHOT.jar:/home/user/.m2/repository/org/apache/hadoop/hadoop-hdds-tools/0.5.0-SNAPSHOT/hadoop-hdds-tools-0.5.0-SNAPSHOT.jar:/home/user/.m2/repository/org/xerial/sqlite-jdbc/3.25.2/sqlite-jdbc-3.25.2.jar:/home/user/.m2/repository/org/apache/hadoop/hadoop-hdds-server-scm/0.5.0-SNAPSHOT/hadoop-hdds-server-scm-0.5.0-SNAPSHOT.jar:/home/user/.m2/repository/org/hamcrest/hamcrest-all/1.3/hamcrest-all-1.3.jar:/home/user/.m2/repository/info/picocli/picocli/3.9.6/picocli-3.9.6.jar:/home/user/.m2/repository/com/google/protobuf/protobuf-java/2.5.0/protobuf-java-2.5.0.jar:/home/user/.m2/repository/com/google/guava/guava/11.0.2/guava-11.0.2.jar:/home/user/.m2/repository/org/apache/hadoop/hadoop-ozone-client/0.5.0-SNAPSHOT/hadoop-ozone-client-0.5.0-SNAPSHOT.jar:/workdir/hadoop-ozone/ozonefs/target/classes:/home/user/.m2/repository/org/apache/hadoop/hadoop-hdds-server-framework/0.5.0-SNAPSHOT/hadoop-hdds-server-framework-0.5.0-SNAPSHOT.jar:/home/user/.m2/repository/org/apache/hadoop/hadoop-common/3.2.0/hadoop-common-3.2.0.jar:/home/user/.m2/repository/org/apache/hadoop/hadoop-annotations/3.2.0/hadoop-annotations-3.2.0.jar:/usr/lib/jvm/java-1.8-openjdk/jre/../lib/tools.jar:/home/user/.m2/repository/commons-cli/commons-cli/1.2/commons-cli-1.2.jar:/home/user/.m2/repository/org/apache/commons/commons-math3/3.1.1/commons-math3-3.1.1.jar:/home/user/.m2/repository/org/apache/httpcomponents/httpclient/4.5.2/httpclient-4.5.2.jar:/home/user/.m2/repository/org/apache/httpcomponents/httpcore/4.4.4/httpcore-4.4.4.jar:/home/user/.m2/repository/commons-codec/commons-codec/1.11/commons-codec-1.11.jar:/home/user/.m2/repository/commons-io/commons-io/2.5/commons-io-2.5.jar:/home/user/.m2/repository/commons-net/commons-net/3.6/commons-net-3.6.jar:/home/user/.m2/repository/commons-collections/commons-collections/3.2.2/commons-collections-3.2.2.jar:/home/user/.m2/repository/javax/servlet/javax.servlet-api/3.1.0/javax.servlet-api-3.1.0.jar:/home/user/.m2/repository/org/eclipse/jetty/jetty-server/9.3.24.v20180605/jetty-server-9.3.24.v20180605.jar:/home/user/.m2/repository/org/eclipse/jetty/jetty-http/9.3.24.v20180605/jetty-http-9.3.24.v20180605.jar:/home/user/.m2/repository/org/eclipse/jetty/jetty-io/9.3.24.v20180605/jetty-io-9.3.24.v20180605.jar:/home/user/.m2/repository/org/eclipse/jetty/jetty-util/9.3.24.v20180605/jetty-util-9.3.24.v20180605.jar:/home/user/.m2/repository/org/eclipse/jetty/jetty-servlet/9.3.24.v20180605/jetty-servlet-9.3.24.v20180605.jar:/home/user/.m2/repository/org/eclipse/jetty/jetty-security/9.3.24.v20180605/jetty-security-9.3.24.v20180605.jar:/home/user/.m2/repository/org/eclipse/jetty/jetty-webapp/9.3.24.v20180605/jetty-webapp-9.3.24.v20180605.jar:/home/user/.m2/repository/org/eclipse/jetty/jetty-xml/9.3.24.v20180605/jetty-xml-9.3.24.v20180605.jar:/home/user/.m2/repository/javax/servlet/jsp/jsp-api/2.1/jsp-api-2.1.jar:/home/user/.m2/repository/com/sun/jersey/jersey-core/1.19/jersey-core-1.19.jar:/home/user/.m2/repository/javax/ws/rs/jsr311-api/1.1.1/jsr311-api-1.1.1.jar:/home/user/.m2/repository/com/sun/jersey/jersey-servlet/1.19/jersey-servlet-1.19.jar:/home/user/.m2/repository/com/sun/jersey/jersey-json/1.19/jersey-json-1.19.jar:/home/user/.m2/repository/org/codehaus/jettison/jettison/1.1/jettison-1.1.jar:/home/user/.m2/repository/com/sun/xml/bind/jaxb-impl/2.3.0.1/jaxb-impl-2.3.0.1.jar:/home/user/.m2/repository/org/codehaus/jackson/jackson-core-asl/1.9.13/jackson-core-asl-1.9.13.jar:/home/user/.m2/repository/org/codehaus/jackson/jackson-mapper-asl/1.9.13/jackson-mapper-asl-1.9.13.jar:/home/user/.m2/repository/org/codehaus/jackson/jackson-jaxrs/1.9.13/jackson-jaxrs-1.9.13.jar:/home/user/.m2/repository/org/codehaus/jackson/jackson-xc/1.9.13/jackson-xc-1.9.13.jar:/home/user/.m2/repository/com/sun/jersey/jersey-server/1.19/jersey-server-1.19.jar:/home/user/.m2/repository/commons-logging/commons-logging/1.1.3/commons-logging-1.1.3.jar:/home/user/.m2/repository/log4j/log4j/1.2.17/log4j-1.2.17.jar:/home/user/.m2/repository/commons-beanutils/commons-beanutils/1.9.3/commons-beanutils-1.9.3.jar:/home/user/.m2/repository/org/apache/commons/commons-configuration2/2.1.1/commons-configuration2-2.1.1.jar:/home/user/.m2/repository/org/apache/commons/commons-lang3/3.7/commons-lang3-3.7.jar:/home/user/.m2/repository/org/apache/commons/commons-text/1.4/commons-text-1.4.jar:/home/user/.m2/repository/org/slf4j/slf4j-api/1.7.25/slf4j-api-1.7.25.jar:/home/user/.m2/repository/org/slf4j/slf4j-log4j12/1.7.25/slf4j-log4j12-1.7.25.jar:/home/user/.m2/repository/org/apache/avro/avro/1.7.7/avro-1.7.7.jar:/home/user/.m2/repository/com/thoughtworks/paranamer/paranamer/2.3/paranamer-2.3.jar:/home/user/.m2/repository/org/xerial/snappy/snappy-java/1.0.5/snappy-java-1.0.5.jar:/home/user/.m2/repository/com/google/re2j/re2j/1.1/re2j-1.1.jar:/home/user/.m2/repository/com/google/code/gson/gson/2.2.4/gson-2.2.4.jar:/home/user/.m2/repository/org/apache/hadoop/hadoop-auth/3.2.0/hadoop-auth-3.2.0.jar:/home/user/.m2/repository/com/nimbusds/nimbus-jose-jwt/4.41.1/nimbus-jose-jwt-4.41.1.jar:/home/user/.m2/repository/com/github/stephenc/jcip/jcip-annotations/1.0-1/jcip-annotations-1.0-1.jar:/home/user/.m2/repository/net/minidev/json-smart/2.3/json-smart-2.3.jar:/home/user/.m2/repository/net/minidev/accessors-smart/1.2/accessors-smart-1.2.jar:/home/user/.m2/repository/org/apache/curator/curator-framework/2.12.0/curator-framework-2.12.0.jar:/home/user/.m2/repository/com/jcraft/jsch/0.1.54/jsch-0.1.54.jar:/home/user/.m2/repository/org/apache/curator/curator-client/2.12.0/curator-client-2.12.0.jar:/home/user/.m2/repository/org/apache/curator/curator-recipes/2.12.0/curator-recipes-2.12.0.jar:/home/user/.m2/repository/com/google/code/findbugs/jsr305/3.0.0/jsr305-3.0.0.jar:/home/user/.m2/repository/org/apache/htrace/htrace-core4/4.1.0-incubating/htrace-core4-4.1.0-incubating.jar:/home/user/.m2/repository/org/apache/zookeeper/zookeeper/3.4.13/zookeeper-3.4.13.jar:/home/user/.m2/repository/org/apache/yetus/audience-annotations/0.5.0/audience-annotations-0.5.0.jar:/home/user/.m2/repository/org/apache/kerby/kerb-simplekdc/1.0.1/kerb-simplekdc-1.0.1.jar:/home/user/.m2/repository/org/apache/kerby/kerb-client/1.0.1/kerb-client-1.0.1.jar:/home/user/.m2/repository/org/apache/kerby/kerby-config/1.0.1/kerby-config-1.0.1.jar:/home/user/.m2/repository/org/apache/kerby/kerb-core/1.0.1/kerb-core-1.0.1.jar:/home/user/.m2/repository/org/apache/kerby/kerby-pkix/1.0.1/kerby-pkix-1.0.1.jar:/home/user/.m2/repository/org/apache/kerby/kerby-asn1/1.0.1/kerby-asn1-1.0.1.jar:/home/user/.m2/repository/org/apache/kerby/kerby-util/1.0.1/kerby-util-1.0.1.jar:/home/user/.m2/repository/org/apache/kerby/kerb-common/1.0.1/kerb-common-1.0.1.jar:/home/user/.m2/repository/org/apache/kerby/kerb-crypto/1.0.1/kerb-crypto-1.0.1.jar:/home/user/.m2/repository/org/apache/kerby/kerb-util/1.0.1/kerb-util-1.0.1.jar:/home/user/.m2/repository/org/apache/kerby/token-provider/1.0.1/token-provider-1.0.1.jar:/home/user/.m2/repository/org/apache/kerby/kerb-admin/1.0.1/kerb-admin-1.0.1.jar:/home/user/.m2/repository/org/apache/kerby/kerb-server/1.0.1/kerb-server-1.0.1.jar:/home/user/.m2/repository/org/apache/kerby/kerb-identity/1.0.1/kerb-identity-1.0.1.jar:/home/user/.m2/repository/org/apache/kerby/kerby-xdr/1.0.1/kerby-xdr-1.0.1.jar:/home/user/.m2/repository/com/fasterxml/jackson/core/jackson-databind/2.9.5/jackson-databind-2.9.5.jar:/home/user/.m2/repository/com/fasterxml/jackson/core/jackson-core/2.9.5/jackson-core-2.9.5.jar:/home/user/.m2/repository/org/codehaus/woodstox/stax2-api/3.1.4/stax2-api-3.1.4.jar:/home/user/.m2/repository/com/fasterxml/woodstox/woodstox-core/5.0.3/woodstox-core-5.0.3.jar:/home/user/.m2/repository/dnsjava/dnsjava/2.1.7/dnsjava-2.1.7.jar:/home/user/.m2/repository/org/apache/hadoop/hadoop-hdfs/3.2.0/hadoop-hdfs-3.2.0.jar:/home/user/.m2/repository/org/eclipse/jetty/jetty-util-ajax/9.3.24.v20180605/jetty-util-ajax-9.3.24.v20180605.jar:/home/user/.m2/repository/commons-daemon/commons-daemon/1.0.13/commons-daemon-1.0.13.jar:/home/user/.m2/repository/io/netty/netty/3.10.5.Final/netty-3.10.5.Final.jar:/home/user/.m2/repository/io/netty/netty-all/4.0.52.Final/netty-all-4.0.52.Final.jar:/home/user/.m2/repository/org/fusesource/leveldbjni/leveldbjni-all/1.8/leveldbjni-all-1.8.jar:/home/user/.m2/repository/com/sun/xml/bind/jaxb-core/2.3.0.1/jaxb-core-2.3.0.1.jar:/home/user/.m2/repository/javax/xml/bind/jaxb-api/2.3.0/jaxb-api-2.3.0.jar:/home/user/.m2/repository/javax/activation/activation/1.1.1/activation-1.1.1.jar:/home/user/.m2/repository/io/dropwizard/metrics/metrics-core/3.2.4/metrics-core-3.2.4.jar:/home/user/.m2/repository/org/openjdk/jmh/jmh-core/1.19/jmh-core-1.19.jar:/home/user/.m2/repository/net/sf/jopt-simple/jopt-simple/4.6/jopt-simple-4.6.jar:/home/user/.m2/repository/org/openjdk/jmh/jmh-generator-annprocess/1.19/jmh-generator-annprocess-1.19.jar:/home/user/.m2/repository/com/google/code/findbugs/findbugs/3.0.1/findbugs-3.0.1.jar:/home/user/.m2/repository/net/jcip/jcip-annotations/1.0/jcip-annotations-1.0.jar:/home/user/.m2/repository/com/google/code/findbugs/bcel-findbugs/6.0/bcel-findbugs-6.0.jar:/home/user/.m2/repository/com/google/code/findbugs/jFormatString/2.0.1/jFormatString-2.0.1.jar:/home/user/.m2/repository/dom4j/dom4j/1.6.1/dom4j-1.6.1.jar:/home/user/.m2/repository/xml-apis/xml-apis/1.0.b2/xml-apis-1.0.b2.jar:/home/user/.m2/repository/org/ow2/asm/asm-debug-all/5.0.2/asm-debug-all-5.0.2.jar:/home/user/.m2/repository/org/ow2/asm/asm-commons/5.0.2/asm-commons-5.0.2.jar:/home/user/.m2/repository/org/ow2/asm/asm-tree/5.0.2/asm-tree-5.0.2.jar:/home/user/.m2/repository/org/ow2/asm/asm/5.0.4/asm-5.0.4.jar:/home/user/.m2/repository/commons-lang/commons-lang/2.6/commons-lang-2.6.jar:/home/user/.m2/repository/com/apple/AppleJavaExtensions/1.4/AppleJavaExtensions-1.4.jar:/home/user/.m2/repository/jaxen/jaxen/1.1.6/jaxen-1.1.6.jar:/home/user/.m2/repository/junit/junit/4.11/junit-4.11.jar:/home/user/.m2/repository/org/hamcrest/hamcrest-core/1.3/hamcrest-core-1.3.jar:/home/user/.m2/repository/org/apache/hadoop/hadoop-common/3.2.0/hadoop-common-3.2.0-tests.jar:/workdir/hadoop-ozone/integration-test/target/test-classes:/home/user/.m2/repository/org/apache/hadoop/hadoop-ozone-s3gateway/0.5.0-SNAPSHOT/hadoop-ozone-s3gateway-0.5.0-SNAPSHOT.jar:/home/user/.m2/repository/org/jboss/weld/servlet/weld-servlet/2.4.7.Final/weld-servlet-2.4.7.Final.jar:/home/user/.m2/repository/org/glassfish/jersey/containers/jersey-container-servlet-core/2.27/jersey-container-servlet-core-2.27.jar:/home/user/.m2/repository/org/glassfish/hk2/external/javax.inject/2.5.0-b42/javax.inject-2.5.0-b42.jar:/home/user/.m2/repository/org/glassfish/jersey/core/jersey-common/2.27/jersey-common-2.27.jar:/home/user/.m2/repository/org/glassfish/hk2/osgi-resource-locator/1.0.1/osgi-resource-locator-1.0.1.jar:/home/user/.m2/repository/javax/ws/rs/javax.ws.rs-api/2.1/javax.ws.rs-api-2.1.jar:/home/user/.m2/repository/org/glassfish/jersey/ext/cdi/jersey-cdi1x/2.27/jersey-cdi1x-2.27.jar:/home/user/.m2/repository/org/glassfish/jersey/inject/jersey-hk2/2.27/jersey-hk2-2.27.jar:/home/user/.m2/repository/org/glassfish/hk2/hk2-locator/2.5.0-b42/hk2-locator-2.5.0-b42.jar:/home/user/.m2/repository/org/javassist/javassist/3.22.0-CR2/javassist-3.22.0-CR2.jar:/home/user/.m2/repository/org/glassfish/hk2/hk2-api/2.5.0/hk2-api-2.5.0.jar:/home/user/.m2/repository/org/glassfish/hk2/external/jakarta.inject/2.5.0/jakarta.inject-2.5.0.jar:/home/user/.m2/repository/org/glassfish/hk2/hk2-utils/2.5.0/hk2-utils-2.5.0.jar:/home/user/.m2/repository/jakarta/annotation/jakarta.annotation-api/1.3.4/jakarta.annotation-api-1.3.4.jar:/home/user/.m2/repository/org/glassfish/hk2/external/aopalliance-repackaged/2.5.0/aopalliance-repackaged-2.5.0.jar:/home/user/.m2/repository/com/fasterxml/jackson/dataformat/jackson-dataformat-xml/2.9.0/jackson-dataformat-xml-2.9.0.jar:/home/user/.m2/repository/com/fasterxml/jackson/module/jackson-module-jaxb-annotations/2.9.5/jackson-module-jaxb-annotations-2.9.5.jar:/home/user/.m2/repository/javax/enterprise/cdi-api/1.2/cdi-api-1.2.jar:/home/user/.m2/repository/javax/el/javax.el-api/3.0.0/javax.el-api-3.0.0.jar:/home/user/.m2/repository/javax/interceptor/javax.interceptor-api/1.2/javax.interceptor-api-1.2.jar:/home/user/.m2/repository/javax/inject/javax.inject/1/javax.inject-1.jar:/home/user/.m2/repository/org/apache/hadoop/hadoop-ozone-csi/0.5.0-SNAPSHOT/hadoop-ozone-csi-0.5.0-SNAPSHOT.jar:/home/user/.m2/repository/com/google/protobuf/protobuf-java-util/3.5.1/protobuf-java-util-3.5.1.jar:/home/user/.m2/repository/io/grpc/grpc-netty/1.17.1/grpc-netty-1.17.1.jar:/home/user/.m2/repository/io/grpc/grpc-core/1.17.1/grpc-core-1.17.1.jar:/home/user/.m2/repository/io/grpc/grpc-context/1.17.1/grpc-context-1.17.1.jar:/home/user/.m2/repository/com/google/errorprone/error_prone_annotations/2.2.0/error_prone_annotations-2.2.0.jar:/home/user/.m2/repository/org/codehaus/mojo/animal-sniffer-annotations/1.17/animal-sniffer-annotations-1.17.jar:/home/user/.m2/repository/io/opencensus/opencensus-api/0.17.0/opencensus-api-0.17.0.jar:/home/user/.m2/repository/io/opencensus/opencensus-contrib-grpc-metrics/0.17.0/opencensus-contrib-grpc-metrics-0.17.0.jar:/home/user/.m2/repository/io/netty/netty-codec-http2/4.1.30.Final/netty-codec-http2-4.1.30.Final.jar:/home/user/.m2/repository/io/netty/netty-codec-http/4.1.30.Final/netty-codec-http-4.1.30.Final.jar:/home/user/.m2/repository/io/netty/netty-codec/4.1.30.Final/netty-codec-4.1.30.Final.jar:/home/user/.m2/repository/io/netty/netty-handler/4.1.30.Final/netty-handler-4.1.30.Final.jar:/home/user/.m2/repository/io/netty/netty-handler-proxy/4.1.30.Final/netty-handler-proxy-4.1.30.Final.jar:/home/user/.m2/repository/io/netty/netty-codec-socks/4.1.30.Final/netty-codec-socks-4.1.30.Final.jar:/home/user/.m2/repository/io/netty/netty-transport-native-epoll/4.1.30.Final/netty-transport-native-epoll-4.1.30.Final.jar:/home/user/.m2/repository/io/netty/netty-common/4.1.30.Final/netty-common-4.1.30.Final.jar:/home/user/.m2/repository/io/netty/netty-buffer/4.1.30.Final/netty-buffer-4.1.30.Final.jar:/home/user/.m2/repository/io/netty/netty-transport/4.1.30.Final/netty-transport-4.1.30.Final.jar:/home/user/.m2/repository/io/netty/netty-resolver/4.1.30.Final/netty-resolver-4.1.30.Final.jar:/home/user/.m2/repository/io/netty/netty-transport-native-unix-common/4.1.30.Final/netty-transport-native-unix-common-4.1.30.Final.jar:/home/user/.m2/repository/io/grpc/grpc-protobuf/1.17.1/grpc-protobuf-1.17.1.jar:/home/user/.m2/repository/com/google/api/grpc/proto-google-common-protos/1.0.0/proto-google-common-protos-1.0.0.jar:/home/user/.m2/repository/io/grpc/grpc-protobuf-lite/1.17.1/grpc-protobuf-lite-1.17.1.jar:/home/user/.m2/repository/io/grpc/grpc-stub/1.17.1/grpc-stub-1.17.1.jar:/home/user/.m2/repository/org/apache/hadoop/hadoop-ozone-recon/0.5.0-SNAPSHOT/hadoop-ozone-recon-0.5.0-SNAPSHOT.jar:/home/user/.m2/repository/org/apache/hadoop/hadoop-ozone-reconcodegen/0.5.0-SNAPSHOT/hadoop-ozone-reconcodegen-0.5.0-SNAPSHOT.jar:/home/user/.m2/repository/com/google/inject/extensions/guice-multibindings/4.0/guice-multibindings-4.0.jar:/home/user/.m2/repository/com/google/inject/guice/4.0/guice-4.0.jar:/home/user/.m2/repository/aopalliance/aopalliance/1.0/aopalliance-1.0.jar:/home/user/.m2/repository/com/google/inject/extensions/guice-servlet/4.0/guice-servlet-4.0.jar:/home/user/.m2/repository/org/glassfish/jersey/containers/jersey-container-servlet/2.27/jersey-container-servlet-2.27.jar:/home/user/.m2/repository/org/glassfish/hk2/guice-bridge/2.5.0/guice-bridge-2.5.0.jar:/home/user/.m2/repository/org/glassfish/jersey/core/jersey-server/2.27/jersey-server-2.27.jar:/home/user/.m2/repository/org/glassfish/jersey/core/jersey-client/2.27/jersey-client-2.27.jar:/home/user/.m2/repository/org/glassfish/jersey/media/jersey-media-jaxb/2.27/jersey-media-jaxb-2.27.jar:/home/user/.m2/repository/javax/validation/validation-api/1.1.0.Final/validation-api-1.1.0.Final.jar:/home/user/.m2/repository/org/glassfish/jersey/media/jersey-media-json-jackson/2.27/jersey-media-json-jackson-2.27.jar:/home/user/.m2/repository/org/glassfish/jersey/ext/jersey-entity-filtering/2.27/jersey-entity-filtering-2.27.jar:/home/user/.m2/repository/com/google/inject/extensions/guice-assistedinject/4.0/guice-assistedinject-4.0.jar:/home/user/.m2/repository/org/jooq/jooq/3.11.10/jooq-3.11.10.jar:/home/user/.m2/repository/org/jooq/jooq-meta/3.11.10/jooq-meta-3.11.10.jar:/home/user/.m2/repository/org/jooq/jooq-codegen/3.11.10/jooq-codegen-3.11.10.jar:/home/user/.m2/repository/com/jolbox/bonecp/0.8.0.RELEASE/bonecp-0.8.0.RELEASE.jar:/home/user/.m2/repository/org/springframework/spring-jdbc/5.1.3.RELEASE/spring-jdbc-5.1.3.RELEASE.jar:/home/user/.m2/repository/org/springframework/spring-beans/5.1.3.RELEASE/spring-beans-5.1.3.RELEASE.jar:/home/user/.m2/repository/org/springframework/spring-core/5.1.3.RELEASE/spring-core-5.1.3.RELEASE.jar:/home/user/.m2/repository/org/springframework/spring-jcl/5.1.3.RELEASE/spring-jcl-5.1.3.RELEASE.jar:/home/user/.m2/repository/org/springframework/spring-tx/5.1.3.RELEASE/spring-tx-5.1.3.RELEASE.jar:/home/user/.m2/repository/org/mockito/mockito-core/2.15.0/mockito-core-2.15.0.jar:/home/user/.m2/repository/net/bytebuddy/byte-buddy/1.7.9/byte-buddy-1.7.9.jar:/home/user/.m2/repository/net/bytebuddy/byte-buddy-agent/1.7.9/byte-buddy-agent-1.7.9.jar:/home/user/.m2/repository/org/objenesis/objenesis/1.0/objenesis-1.0.jar:"/>
    <property name="java.vm.vendor" value="IcedTea"/>
    <property name="sun.arch.data.model" value="64"/>
    <property name="test.build.dir" value="/workdir/hadoop-ozone/tools/target/test-dir"/>
    <property name="test.cache.data" value=""/>
    <property name="java.vendor.url" value="https://icedtea.classpath.org"/>
    <property name="user.timezone" value=""/>
    <property name="java.vm.specification.version" value="1.8"/>
    <property name="os.name" value="Linux"/>
    <property name="test.build.data" value="/workdir/hadoop-ozone/tools/target/test-dir"/>
    <property name="user.country" value="US"/>
    <property name="sun.java.launcher" value="SUN_STANDARD"/>
    <property name="sun.boot.library.path" value="/usr/lib/jvm/java-1.8-openjdk/jre/lib/amd64"/>
    <property name="sun.java.command" value="/workdir/hadoop-ozone/tools/target/surefire/surefirebooter2855879395379851309.jar /workdir/hadoop-ozone/tools/target/surefire 2019-09-19T10-50-14_909-jvmRun1 surefire8286008129604802668tmp surefire_1068265091888999890090tmp"/>
    <property name="test" value="!TestMiniChaosOzoneCluster"/>
    <property name="surefire.test.class.path" value="/workdir/hadoop-ozone/tools/target/test-classes:/workdir/hadoop-ozone/tools/target/classes:/home/user/.m2/repository/org/apache/hadoop/hadoop-ozone-ozone-manager/0.5.0-SNAPSHOT/hadoop-ozone-ozone-manager-0.5.0-SNAPSHOT.jar:/home/user/.m2/repository/org/apache/hadoop/hadoop-hdds-docs/0.5.0-SNAPSHOT/hadoop-hdds-docs-0.5.0-SNAPSHOT.jar:/home/user/.m2/repository/org/bouncycastle/bcprov-jdk15on/1.60/bcprov-jdk15on-1.60.jar:/home/user/.m2/repository/org/apache/hadoop/hadoop-ozone-common/0.5.0-SNAPSHOT/hadoop-ozone-common-0.5.0-SNAPSHOT.jar:/home/user/.m2/repository/org/apache/commons/commons-compress/1.4.1/commons-compress-1.4.1.jar:/home/user/.m2/repository/org/tukaani/xz/1.0/xz-1.0.jar:/home/user/.m2/repository/org/apache/hadoop/hadoop-hdfs-client/3.2.0/hadoop-hdfs-client-3.2.0.jar:/home/user/.m2/repository/com/fasterxml/jackson/core/jackson-annotations/2.9.5/jackson-annotations-2.9.5.jar:/home/user/.m2/repository/org/apache/hadoop/hadoop-hdds-common/0.5.0-SNAPSHOT/hadoop-hdds-common-0.5.0-SNAPSHOT.jar:/home/user/.m2/repository/org/apache/hadoop/hadoop-hdds-config/0.5.0-SNAPSHOT/hadoop-hdds-config-0.5.0-SNAPSHOT.jar:/home/user/.m2/repository/javax/annotation/javax.annotation-api/1.2/javax.annotation-api-1.2.jar:/home/user/.m2/repository/org/apache/ratis/ratis-server/0.4.0-78e95b9-SNAPSHOT/ratis-server-0.4.0-78e95b9-SNAPSHOT.jar:/home/user/.m2/repository/org/apache/ratis/ratis-thirdparty-misc/0.2.0/ratis-thirdparty-misc-0.2.0.jar:/home/user/.m2/repository/org/apache/ratis/ratis-proto/0.4.0-78e95b9-SNAPSHOT/ratis-proto-0.4.0-78e95b9-SNAPSHOT.jar:/home/user/.m2/repository/org/apache/ratis/ratis-common/0.4.0-78e95b9-SNAPSHOT/ratis-common-0.4.0-78e95b9-SNAPSHOT.jar:/home/user/.m2/repository/org/apache/ratis/ratis-client/0.4.0-78e95b9-SNAPSHOT/ratis-client-0.4.0-78e95b9-SNAPSHOT.jar:/home/user/.m2/repository/org/apache/ratis/ratis-metrics/0.4.0-78e95b9-SNAPSHOT/ratis-metrics-0.4.0-78e95b9-SNAPSHOT.jar:/home/user/.m2/repository/com/github/joshelser/dropwizard-metrics-hadoop-metrics2-reporter/0.1.2/dropwizard-metrics-hadoop-metrics2-reporter-0.1.2.jar:/home/user/.m2/repository/io/dropwizard/metrics/metrics-jvm/3.2.5/metrics-jvm-3.2.5.jar:/home/user/.m2/repository/io/dropwizard/metrics/metrics-ganglia/3.2.5/metrics-ganglia-3.2.5.jar:/home/user/.m2/repository/info/ganglia/gmetric4j/gmetric4j/1.0.7/gmetric4j-1.0.7.jar:/home/user/.m2/repository/org/apache/ratis/ratis-netty/0.4.0-78e95b9-SNAPSHOT/ratis-netty-0.4.0-78e95b9-SNAPSHOT.jar:/home/user/.m2/repository/org/apache/ratis/ratis-grpc/0.4.0-78e95b9-SNAPSHOT/ratis-grpc-0.4.0-78e95b9-SNAPSHOT.jar:/home/user/.m2/repository/org/rocksdb/rocksdbjni/6.0.1/rocksdbjni-6.0.1.jar:/home/user/.m2/repository/org/apache/logging/log4j/log4j-api/2.11.0/log4j-api-2.11.0.jar:/home/user/.m2/repository/org/apache/logging/log4j/log4j-core/2.11.0/log4j-core-2.11.0.jar:/home/user/.m2/repository/com/lmax/disruptor/3.4.2/disruptor-3.4.2.jar:/home/user/.m2/repository/org/apache/commons/commons-pool2/2.6.0/commons-pool2-2.6.0.jar:/home/user/.m2/repository/org/bouncycastle/bcpkix-jdk15on/1.60/bcpkix-jdk15on-1.60.jar:/home/user/.m2/repository/commons-validator/commons-validator/1.6/commons-validator-1.6.jar:/home/user/.m2/repository/commons-digester/commons-digester/1.8.1/commons-digester-1.8.1.jar:/home/user/.m2/repository/io/jaegertracing/jaeger-client/0.33.1/jaeger-client-0.33.1.jar:/home/user/.m2/repository/io/jaegertracing/jaeger-thrift/0.33.1/jaeger-thrift-0.33.1.jar:/home/user/.m2/repository/org/apache/thrift/libthrift/0.11.0/libthrift-0.11.0.jar:/home/user/.m2/repository/com/squareup/okhttp3/okhttp/3.9.0/okhttp-3.9.0.jar:/home/user/.m2/repository/com/squareup/okio/okio/1.13.0/okio-1.13.0.jar:/home/user/.m2/repository/io/jaegertracing/jaeger-core/0.33.1/jaeger-core-0.33.1.jar:/home/user/.m2/repository/io/jaegertracing/jaeger-tracerresolver/0.33.1/jaeger-tracerresolver-0.33.1.jar:/home/user/.m2/repository/io/opentracing/contrib/opentracing-tracerresolver/0.1.5/opentracing-tracerresolver-0.1.5.jar:/home/user/.m2/repository/io/opentracing/opentracing-util/0.31.0/opentracing-util-0.31.0.jar:/home/user/.m2/repository/io/opentracing/opentracing-api/0.31.0/opentracing-api-0.31.0.jar:/home/user/.m2/repository/io/opentracing/opentracing-noop/0.31.0/opentracing-noop-0.31.0.jar:/home/user/.m2/repository/org/yaml/snakeyaml/1.16/snakeyaml-1.16.jar:/home/user/.m2/repository/org/apache/hadoop/hadoop-hdds-container-service/0.5.0-SNAPSHOT/hadoop-hdds-container-service-0.5.0-SNAPSHOT.jar:/home/user/.m2/repository/org/apache/hadoop/hadoop-hdds-client/0.5.0-SNAPSHOT/hadoop-hdds-client-0.5.0-SNAPSHOT.jar:/home/user/.m2/repository/org/apache/hadoop/hadoop-hdds-tools/0.5.0-SNAPSHOT/hadoop-hdds-tools-0.5.0-SNAPSHOT.jar:/home/user/.m2/repository/org/xerial/sqlite-jdbc/3.25.2/sqlite-jdbc-3.25.2.jar:/home/user/.m2/repository/org/apache/hadoop/hadoop-hdds-server-scm/0.5.0-SNAPSHOT/hadoop-hdds-server-scm-0.5.0-SNAPSHOT.jar:/home/user/.m2/repository/org/hamcrest/hamcrest-all/1.3/hamcrest-all-1.3.jar:/home/user/.m2/repository/info/picocli/picocli/3.9.6/picocli-3.9.6.jar:/home/user/.m2/repository/com/google/protobuf/protobuf-java/2.5.0/protobuf-java-2.5.0.jar:/home/user/.m2/repository/com/google/guava/guava/11.0.2/guava-11.0.2.jar:/home/user/.m2/repository/org/apache/hadoop/hadoop-ozone-client/0.5.0-SNAPSHOT/hadoop-ozone-client-0.5.0-SNAPSHOT.jar:/workdir/hadoop-ozone/ozonefs/target/classes:/home/user/.m2/repository/org/apache/hadoop/hadoop-hdds-server-framework/0.5.0-SNAPSHOT/hadoop-hdds-server-framework-0.5.0-SNAPSHOT.jar:/home/user/.m2/repository/org/apache/hadoop/hadoop-common/3.2.0/hadoop-common-3.2.0.jar:/home/user/.m2/repository/org/apache/hadoop/hadoop-annotations/3.2.0/hadoop-annotations-3.2.0.jar:/usr/lib/jvm/java-1.8-openjdk/jre/../lib/tools.jar:/home/user/.m2/repository/commons-cli/commons-cli/1.2/commons-cli-1.2.jar:/home/user/.m2/repository/org/apache/commons/commons-math3/3.1.1/commons-math3-3.1.1.jar:/home/user/.m2/repository/org/apache/httpcomponents/httpclient/4.5.2/httpclient-4.5.2.jar:/home/user/.m2/repository/org/apache/httpcomponents/httpcore/4.4.4/httpcore-4.4.4.jar:/home/user/.m2/repository/commons-codec/commons-codec/1.11/commons-codec-1.11.jar:/home/user/.m2/repository/commons-io/commons-io/2.5/commons-io-2.5.jar:/home/user/.m2/repository/commons-net/commons-net/3.6/commons-net-3.6.jar:/home/user/.m2/repository/commons-collections/commons-collections/3.2.2/commons-collections-3.2.2.jar:/home/user/.m2/repository/javax/servlet/javax.servlet-api/3.1.0/javax.servlet-api-3.1.0.jar:/home/user/.m2/repository/org/eclipse/jetty/jetty-server/9.3.24.v20180605/jetty-server-9.3.24.v20180605.jar:/home/user/.m2/repository/org/eclipse/jetty/jetty-http/9.3.24.v20180605/jetty-http-9.3.24.v20180605.jar:/home/user/.m2/repository/org/eclipse/jetty/jetty-io/9.3.24.v20180605/jetty-io-9.3.24.v20180605.jar:/home/user/.m2/repository/org/eclipse/jetty/jetty-util/9.3.24.v20180605/jetty-util-9.3.24.v20180605.jar:/home/user/.m2/repository/org/eclipse/jetty/jetty-servlet/9.3.24.v20180605/jetty-servlet-9.3.24.v20180605.jar:/home/user/.m2/repository/org/eclipse/jetty/jetty-security/9.3.24.v20180605/jetty-security-9.3.24.v20180605.jar:/home/user/.m2/repository/org/eclipse/jetty/jetty-webapp/9.3.24.v20180605/jetty-webapp-9.3.24.v20180605.jar:/home/user/.m2/repository/org/eclipse/jetty/jetty-xml/9.3.24.v20180605/jetty-xml-9.3.24.v20180605.jar:/home/user/.m2/repository/javax/servlet/jsp/jsp-api/2.1/jsp-api-2.1.jar:/home/user/.m2/repository/com/sun/jersey/jersey-core/1.19/jersey-core-1.19.jar:/home/user/.m2/repository/javax/ws/rs/jsr311-api/1.1.1/jsr311-api-1.1.1.jar:/home/user/.m2/repository/com/sun/jersey/jersey-servlet/1.19/jersey-servlet-1.19.jar:/home/user/.m2/repository/com/sun/jersey/jersey-json/1.19/jersey-json-1.19.jar:/home/user/.m2/repository/org/codehaus/jettison/jettison/1.1/jettison-1.1.jar:/home/user/.m2/repository/com/sun/xml/bind/jaxb-impl/2.3.0.1/jaxb-impl-2.3.0.1.jar:/home/user/.m2/repository/org/codehaus/jackson/jackson-core-asl/1.9.13/jackson-core-asl-1.9.13.jar:/home/user/.m2/repository/org/codehaus/jackson/jackson-mapper-asl/1.9.13/jackson-mapper-asl-1.9.13.jar:/home/user/.m2/repository/org/codehaus/jackson/jackson-jaxrs/1.9.13/jackson-jaxrs-1.9.13.jar:/home/user/.m2/repository/org/codehaus/jackson/jackson-xc/1.9.13/jackson-xc-1.9.13.jar:/home/user/.m2/repository/com/sun/jersey/jersey-server/1.19/jersey-server-1.19.jar:/home/user/.m2/repository/commons-logging/commons-logging/1.1.3/commons-logging-1.1.3.jar:/home/user/.m2/repository/log4j/log4j/1.2.17/log4j-1.2.17.jar:/home/user/.m2/repository/commons-beanutils/commons-beanutils/1.9.3/commons-beanutils-1.9.3.jar:/home/user/.m2/repository/org/apache/commons/commons-configuration2/2.1.1/commons-configuration2-2.1.1.jar:/home/user/.m2/repository/org/apache/commons/commons-lang3/3.7/commons-lang3-3.7.jar:/home/user/.m2/repository/org/apache/commons/commons-text/1.4/commons-text-1.4.jar:/home/user/.m2/repository/org/slf4j/slf4j-api/1.7.25/slf4j-api-1.7.25.jar:/home/user/.m2/repository/org/slf4j/slf4j-log4j12/1.7.25/slf4j-log4j12-1.7.25.jar:/home/user/.m2/repository/org/apache/avro/avro/1.7.7/avro-1.7.7.jar:/home/user/.m2/repository/com/thoughtworks/paranamer/paranamer/2.3/paranamer-2.3.jar:/home/user/.m2/repository/org/xerial/snappy/snappy-java/1.0.5/snappy-java-1.0.5.jar:/home/user/.m2/repository/com/google/re2j/re2j/1.1/re2j-1.1.jar:/home/user/.m2/repository/com/google/code/gson/gson/2.2.4/gson-2.2.4.jar:/home/user/.m2/repository/org/apache/hadoop/hadoop-auth/3.2.0/hadoop-auth-3.2.0.jar:/home/user/.m2/repository/com/nimbusds/nimbus-jose-jwt/4.41.1/nimbus-jose-jwt-4.41.1.jar:/home/user/.m2/repository/com/github/stephenc/jcip/jcip-annotations/1.0-1/jcip-annotations-1.0-1.jar:/home/user/.m2/repository/net/minidev/json-smart/2.3/json-smart-2.3.jar:/home/user/.m2/repository/net/minidev/accessors-smart/1.2/accessors-smart-1.2.jar:/home/user/.m2/repository/org/apache/curator/curator-framework/2.12.0/curator-framework-2.12.0.jar:/home/user/.m2/repository/com/jcraft/jsch/0.1.54/jsch-0.1.54.jar:/home/user/.m2/repository/org/apache/curator/curator-client/2.12.0/curator-client-2.12.0.jar:/home/user/.m2/repository/org/apache/curator/curator-recipes/2.12.0/curator-recipes-2.12.0.jar:/home/user/.m2/repository/com/google/code/findbugs/jsr305/3.0.0/jsr305-3.0.0.jar:/home/user/.m2/repository/org/apache/htrace/htrace-core4/4.1.0-incubating/htrace-core4-4.1.0-incubating.jar:/home/user/.m2/repository/org/apache/zookeeper/zookeeper/3.4.13/zookeeper-3.4.13.jar:/home/user/.m2/repository/org/apache/yetus/audience-annotations/0.5.0/audience-annotations-0.5.0.jar:/home/user/.m2/repository/org/apache/kerby/kerb-simplekdc/1.0.1/kerb-simplekdc-1.0.1.jar:/home/user/.m2/repository/org/apache/kerby/kerb-client/1.0.1/kerb-client-1.0.1.jar:/home/user/.m2/repository/org/apache/kerby/kerby-config/1.0.1/kerby-config-1.0.1.jar:/home/user/.m2/repository/org/apache/kerby/kerb-core/1.0.1/kerb-core-1.0.1.jar:/home/user/.m2/repository/org/apache/kerby/kerby-pkix/1.0.1/kerby-pkix-1.0.1.jar:/home/user/.m2/repository/org/apache/kerby/kerby-asn1/1.0.1/kerby-asn1-1.0.1.jar:/home/user/.m2/repository/org/apache/kerby/kerby-util/1.0.1/kerby-util-1.0.1.jar:/home/user/.m2/repository/org/apache/kerby/kerb-common/1.0.1/kerb-common-1.0.1.jar:/home/user/.m2/repository/org/apache/kerby/kerb-crypto/1.0.1/kerb-crypto-1.0.1.jar:/home/user/.m2/repository/org/apache/kerby/kerb-util/1.0.1/kerb-util-1.0.1.jar:/home/user/.m2/repository/org/apache/kerby/token-provider/1.0.1/token-provider-1.0.1.jar:/home/user/.m2/repository/org/apache/kerby/kerb-admin/1.0.1/kerb-admin-1.0.1.jar:/home/user/.m2/repository/org/apache/kerby/kerb-server/1.0.1/kerb-server-1.0.1.jar:/home/user/.m2/repository/org/apache/kerby/kerb-identity/1.0.1/kerb-identity-1.0.1.jar:/home/user/.m2/repository/org/apache/kerby/kerby-xdr/1.0.1/kerby-xdr-1.0.1.jar:/home/user/.m2/repository/com/fasterxml/jackson/core/jackson-databind/2.9.5/jackson-databind-2.9.5.jar:/home/user/.m2/repository/com/fasterxml/jackson/core/jackson-core/2.9.5/jackson-core-2.9.5.jar:/home/user/.m2/repository/org/codehaus/woodstox/stax2-api/3.1.4/stax2-api-3.1.4.jar:/home/user/.m2/repository/com/fasterxml/woodstox/woodstox-core/5.0.3/woodstox-core-5.0.3.jar:/home/user/.m2/repository/dnsjava/dnsjava/2.1.7/dnsjava-2.1.7.jar:/home/user/.m2/repository/org/apache/hadoop/hadoop-hdfs/3.2.0/hadoop-hdfs-3.2.0.jar:/home/user/.m2/repository/org/eclipse/jetty/jetty-util-ajax/9.3.24.v20180605/jetty-util-ajax-9.3.24.v20180605.jar:/home/user/.m2/repository/commons-daemon/commons-daemon/1.0.13/commons-daemon-1.0.13.jar:/home/user/.m2/repository/io/netty/netty/3.10.5.Final/netty-3.10.5.Final.jar:/home/user/.m2/repository/io/netty/netty-all/4.0.52.Final/netty-all-4.0.52.Final.jar:/home/user/.m2/repository/org/fusesource/leveldbjni/leveldbjni-all/1.8/leveldbjni-all-1.8.jar:/home/user/.m2/repository/com/sun/xml/bind/jaxb-core/2.3.0.1/jaxb-core-2.3.0.1.jar:/home/user/.m2/repository/javax/xml/bind/jaxb-api/2.3.0/jaxb-api-2.3.0.jar:/home/user/.m2/repository/javax/activation/activation/1.1.1/activation-1.1.1.jar:/home/user/.m2/repository/io/dropwizard/metrics/metrics-core/3.2.4/metrics-core-3.2.4.jar:/home/user/.m2/repository/org/openjdk/jmh/jmh-core/1.19/jmh-core-1.19.jar:/home/user/.m2/repository/net/sf/jopt-simple/jopt-simple/4.6/jopt-simple-4.6.jar:/home/user/.m2/repository/org/openjdk/jmh/jmh-generator-annprocess/1.19/jmh-generator-annprocess-1.19.jar:/home/user/.m2/repository/com/google/code/findbugs/findbugs/3.0.1/findbugs-3.0.1.jar:/home/user/.m2/repository/net/jcip/jcip-annotations/1.0/jcip-annotations-1.0.jar:/home/user/.m2/repository/com/google/code/findbugs/bcel-findbugs/6.0/bcel-findbugs-6.0.jar:/home/user/.m2/repository/com/google/code/findbugs/jFormatString/2.0.1/jFormatString-2.0.1.jar:/home/user/.m2/repository/dom4j/dom4j/1.6.1/dom4j-1.6.1.jar:/home/user/.m2/repository/xml-apis/xml-apis/1.0.b2/xml-apis-1.0.b2.jar:/home/user/.m2/repository/org/ow2/asm/asm-debug-all/5.0.2/asm-debug-all-5.0.2.jar:/home/user/.m2/repository/org/ow2/asm/asm-commons/5.0.2/asm-commons-5.0.2.jar:/home/user/.m2/repository/org/ow2/asm/asm-tree/5.0.2/asm-tree-5.0.2.jar:/home/user/.m2/repository/org/ow2/asm/asm/5.0.4/asm-5.0.4.jar:/home/user/.m2/repository/commons-lang/commons-lang/2.6/commons-lang-2.6.jar:/home/user/.m2/repository/com/apple/AppleJavaExtensions/1.4/AppleJavaExtensions-1.4.jar:/home/user/.m2/repository/jaxen/jaxen/1.1.6/jaxen-1.1.6.jar:/home/user/.m2/repository/junit/junit/4.11/junit-4.11.jar:/home/user/.m2/repository/org/hamcrest/hamcrest-core/1.3/hamcrest-core-1.3.jar:/home/user/.m2/repository/org/apache/hadoop/hadoop-common/3.2.0/hadoop-common-3.2.0-tests.jar:/workdir/hadoop-ozone/integration-test/target/test-classes:/home/user/.m2/repository/org/apache/hadoop/hadoop-ozone-s3gateway/0.5.0-SNAPSHOT/hadoop-ozone-s3gateway-0.5.0-SNAPSHOT.jar:/home/user/.m2/repository/org/jboss/weld/servlet/weld-servlet/2.4.7.Final/weld-servlet-2.4.7.Final.jar:/home/user/.m2/repository/org/glassfish/jersey/containers/jersey-container-servlet-core/2.27/jersey-container-servlet-core-2.27.jar:/home/user/.m2/repository/org/glassfish/hk2/external/javax.inject/2.5.0-b42/javax.inject-2.5.0-b42.jar:/home/user/.m2/repository/org/glassfish/jersey/core/jersey-common/2.27/jersey-common-2.27.jar:/home/user/.m2/repository/org/glassfish/hk2/osgi-resource-locator/1.0.1/osgi-resource-locator-1.0.1.jar:/home/user/.m2/repository/javax/ws/rs/javax.ws.rs-api/2.1/javax.ws.rs-api-2.1.jar:/home/user/.m2/repository/org/glassfish/jersey/ext/cdi/jersey-cdi1x/2.27/jersey-cdi1x-2.27.jar:/home/user/.m2/repository/org/glassfish/jersey/inject/jersey-hk2/2.27/jersey-hk2-2.27.jar:/home/user/.m2/repository/org/glassfish/hk2/hk2-locator/2.5.0-b42/hk2-locator-2.5.0-b42.jar:/home/user/.m2/repository/org/javassist/javassist/3.22.0-CR2/javassist-3.22.0-CR2.jar:/home/user/.m2/repository/org/glassfish/hk2/hk2-api/2.5.0/hk2-api-2.5.0.jar:/home/user/.m2/repository/org/glassfish/hk2/external/jakarta.inject/2.5.0/jakarta.inject-2.5.0.jar:/home/user/.m2/repository/org/glassfish/hk2/hk2-utils/2.5.0/hk2-utils-2.5.0.jar:/home/user/.m2/repository/jakarta/annotation/jakarta.annotation-api/1.3.4/jakarta.annotation-api-1.3.4.jar:/home/user/.m2/repository/org/glassfish/hk2/external/aopalliance-repackaged/2.5.0/aopalliance-repackaged-2.5.0.jar:/home/user/.m2/repository/com/fasterxml/jackson/dataformat/jackson-dataformat-xml/2.9.0/jackson-dataformat-xml-2.9.0.jar:/home/user/.m2/repository/com/fasterxml/jackson/module/jackson-module-jaxb-annotations/2.9.5/jackson-module-jaxb-annotations-2.9.5.jar:/home/user/.m2/repository/javax/enterprise/cdi-api/1.2/cdi-api-1.2.jar:/home/user/.m2/repository/javax/el/javax.el-api/3.0.0/javax.el-api-3.0.0.jar:/home/user/.m2/repository/javax/interceptor/javax.interceptor-api/1.2/javax.interceptor-api-1.2.jar:/home/user/.m2/repository/javax/inject/javax.inject/1/javax.inject-1.jar:/home/user/.m2/repository/org/apache/hadoop/hadoop-ozone-csi/0.5.0-SNAPSHOT/hadoop-ozone-csi-0.5.0-SNAPSHOT.jar:/home/user/.m2/repository/com/google/protobuf/protobuf-java-util/3.5.1/protobuf-java-util-3.5.1.jar:/home/user/.m2/repository/io/grpc/grpc-netty/1.17.1/grpc-netty-1.17.1.jar:/home/user/.m2/repository/io/grpc/grpc-core/1.17.1/grpc-core-1.17.1.jar:/home/user/.m2/repository/io/grpc/grpc-context/1.17.1/grpc-context-1.17.1.jar:/home/user/.m2/repository/com/google/errorprone/error_prone_annotations/2.2.0/error_prone_annotations-2.2.0.jar:/home/user/.m2/repository/org/codehaus/mojo/animal-sniffer-annotations/1.17/animal-sniffer-annotations-1.17.jar:/home/user/.m2/repository/io/opencensus/opencensus-api/0.17.0/opencensus-api-0.17.0.jar:/home/user/.m2/repository/io/opencensus/opencensus-contrib-grpc-metrics/0.17.0/opencensus-contrib-grpc-metrics-0.17.0.jar:/home/user/.m2/repository/io/netty/netty-codec-http2/4.1.30.Final/netty-codec-http2-4.1.30.Final.jar:/home/user/.m2/repository/io/netty/netty-codec-http/4.1.30.Final/netty-codec-http-4.1.30.Final.jar:/home/user/.m2/repository/io/netty/netty-codec/4.1.30.Final/netty-codec-4.1.30.Final.jar:/home/user/.m2/repository/io/netty/netty-handler/4.1.30.Final/netty-handler-4.1.30.Final.jar:/home/user/.m2/repository/io/netty/netty-handler-proxy/4.1.30.Final/netty-handler-proxy-4.1.30.Final.jar:/home/user/.m2/repository/io/netty/netty-codec-socks/4.1.30.Final/netty-codec-socks-4.1.30.Final.jar:/home/user/.m2/repository/io/netty/netty-transport-native-epoll/4.1.30.Final/netty-transport-native-epoll-4.1.30.Final.jar:/home/user/.m2/repository/io/netty/netty-common/4.1.30.Final/netty-common-4.1.30.Final.jar:/home/user/.m2/repository/io/netty/netty-buffer/4.1.30.Final/netty-buffer-4.1.30.Final.jar:/home/user/.m2/repository/io/netty/netty-transport/4.1.30.Final/netty-transport-4.1.30.Final.jar:/home/user/.m2/repository/io/netty/netty-resolver/4.1.30.Final/netty-resolver-4.1.30.Final.jar:/home/user/.m2/repository/io/netty/netty-transport-native-unix-common/4.1.30.Final/netty-transport-native-unix-common-4.1.30.Final.jar:/home/user/.m2/repository/io/grpc/grpc-protobuf/1.17.1/grpc-protobuf-1.17.1.jar:/home/user/.m2/repository/com/google/api/grpc/proto-google-common-protos/1.0.0/proto-google-common-protos-1.0.0.jar:/home/user/.m2/repository/io/grpc/grpc-protobuf-lite/1.17.1/grpc-protobuf-lite-1.17.1.jar:/home/user/.m2/repository/io/grpc/grpc-stub/1.17.1/grpc-stub-1.17.1.jar:/home/user/.m2/repository/org/apache/hadoop/hadoop-ozone-recon/0.5.0-SNAPSHOT/hadoop-ozone-recon-0.5.0-SNAPSHOT.jar:/home/user/.m2/repository/org/apache/hadoop/hadoop-ozone-reconcodegen/0.5.0-SNAPSHOT/hadoop-ozone-reconcodegen-0.5.0-SNAPSHOT.jar:/home/user/.m2/repository/com/google/inject/extensions/guice-multibindings/4.0/guice-multibindings-4.0.jar:/home/user/.m2/repository/com/google/inject/guice/4.0/guice-4.0.jar:/home/user/.m2/repository/aopalliance/aopalliance/1.0/aopalliance-1.0.jar:/home/user/.m2/repository/com/google/inject/extensions/guice-servlet/4.0/guice-servlet-4.0.jar:/home/user/.m2/repository/org/glassfish/jersey/containers/jersey-container-servlet/2.27/jersey-container-servlet-2.27.jar:/home/user/.m2/repository/org/glassfish/hk2/guice-bridge/2.5.0/guice-bridge-2.5.0.jar:/home/user/.m2/repository/org/glassfish/jersey/core/jersey-server/2.27/jersey-server-2.27.jar:/home/user/.m2/repository/org/glassfish/jersey/core/jersey-client/2.27/jersey-client-2.27.jar:/home/user/.m2/repository/org/glassfish/jersey/media/jersey-media-jaxb/2.27/jersey-media-jaxb-2.27.jar:/home/user/.m2/repository/javax/validation/validation-api/1.1.0.Final/validation-api-1.1.0.Final.jar:/home/user/.m2/repository/org/glassfish/jersey/media/jersey-media-json-jackson/2.27/jersey-media-json-jackson-2.27.jar:/home/user/.m2/repository/org/glassfish/jersey/ext/jersey-entity-filtering/2.27/jersey-entity-filtering-2.27.jar:/home/user/.m2/repository/com/google/inject/extensions/guice-assistedinject/4.0/guice-assistedinject-4.0.jar:/home/user/.m2/repository/org/jooq/jooq/3.11.10/jooq-3.11.10.jar:/home/user/.m2/repository/org/jooq/jooq-meta/3.11.10/jooq-meta-3.11.10.jar:/home/user/.m2/repository/org/jooq/jooq-codegen/3.11.10/jooq-codegen-3.11.10.jar:/home/user/.m2/repository/com/jolbox/bonecp/0.8.0.RELEASE/bonecp-0.8.0.RELEASE.jar:/home/user/.m2/repository/org/springframework/spring-jdbc/5.1.3.RELEASE/spring-jdbc-5.1.3.RELEASE.jar:/home/user/.m2/repository/org/springframework/spring-beans/5.1.3.RELEASE/spring-beans-5.1.3.RELEASE.jar:/home/user/.m2/repository/org/springframework/spring-core/5.1.3.RELEASE/spring-core-5.1.3.RELEASE.jar:/home/user/.m2/repository/org/springframework/spring-jcl/5.1.3.RELEASE/spring-jcl-5.1.3.RELEASE.jar:/home/user/.m2/repository/org/springframework/spring-tx/5.1.3.RELEASE/spring-tx-5.1.3.RELEASE.jar:/home/user/.m2/repository/org/mockito/mockito-core/2.15.0/mockito-core-2.15.0.jar:/home/user/.m2/repository/net/bytebuddy/byte-buddy/1.7.9/byte-buddy-1.7.9.jar:/home/user/.m2/repository/net/bytebuddy/byte-buddy-agent/1.7.9/byte-buddy-agent-1.7.9.jar:/home/user/.m2/repository/org/objenesis/objenesis/1.0/objenesis-1.0.jar:"/>
    <property name="sun.cpu.endian" value="little"/>
    <property name="user.home" value="/home/user"/>
    <property name="user.language" value="en"/>
    <property name="java.specification.vendor" value="Oracle Corporation"/>
    <property name="java.home" value="/usr/lib/jvm/java-1.8-openjdk/jre"/>
    <property name="java.security.krb5.conf" value="/workdir/hadoop-ozone/tools/target/test-classes/krb5.conf"/>
    <property name="basedir" value="/workdir/hadoop-ozone/tools"/>
    <property name="file.separator" value="/"/>
    <property name="line.separator" value="&#10;"/>
    <property name="java.vm.specification.vendor" value="Oracle Corporation"/>
    <property name="java.specification.name" value="Java Platform API Specification"/>
    <property name="java.awt.graphicsenv" value="sun.awt.X11GraphicsEnvironment"/>
    <property name="surefire.real.class.path" value="/workdir/hadoop-ozone/tools/target/surefire/surefirebooter2855879395379851309.jar"/>
    <property name="hadoop.log.dir" value="/workdir/hadoop-ozone/tools/target/log"/>
    <property name="sun.boot.class.path" value="/usr/lib/jvm/java-1.8-openjdk/jre/lib/resources.jar:/usr/lib/jvm/java-1.8-openjdk/jre/lib/rt.jar:/usr/lib/jvm/java-1.8-openjdk/jre/lib/sunrsasign.jar:/usr/lib/jvm/java-1.8-openjdk/jre/lib/jsse.jar:/usr/lib/jvm/java-1.8-openjdk/jre/lib/jce.jar:/usr/lib/jvm/java-1.8-openjdk/jre/lib/charsets.jar:/usr/lib/jvm/java-1.8-openjdk/jre/lib/jfr.jar:/usr/lib/jvm/java-1.8-openjdk/jre/classes"/>
    <property name="sun.management.compiler" value="HotSpot 64-Bit Tiered Compilers"/>
    <property name="java.runtime.version" value="1.8.0_212-b04"/>
    <property name="java.net.preferIPv4Stack" value="true"/>
    <property name="user.name" value="jenkins1000"/>
    <property name="path.separator" value=":"/>
    <property name="java.security.egd" value="file:///dev/urandom"/>
    <property name="os.version" value="3.10.0-957.12.2.el7.x86_64"/>
    <property name="java.endorsed.dirs" value="/usr/lib/jvm/java-1.8-openjdk/jre/lib/endorsed"/>
    <property name="java.runtime.name" value="OpenJDK Runtime Environment"/>
    <property name="file.encoding" value="UTF-8"/>
    <property name="java.vm.name" value="OpenJDK 64-Bit Server VM"/>
    <property name="test.build.webapps" value=""/>
    <property name="localRepository" value="/home/user/.m2/repository"/>
    <property name="java.vendor.url.bug" value="https://icedtea.classpath.org/bugzilla"/>
    <property name="java.io.tmpdir" value="/tmp"/>
    <property name="require.test.libhadoop" value=""/>
    <property name="java.version" value="1.8.0_212"/>
    <property name="user.dir" value="/workdir/hadoop-ozone/tools"/>
    <property name="os.arch" value="amd64"/>
    <property name="java.vm.specification.name" value="Java Virtual Machine Specification"/>
    <property name="test.build.classes" value="/workdir/hadoop-ozone/tools/target/test-classes"/>
    <property name="java.awt.printerjob" value="sun.print.PSPrinterJob"/>
    <property name="sun.os.patch.level" value="unknown"/>
    <property name="hadoop.tmp.dir" value="/workdir/hadoop-ozone/tools/target/tmp"/>
    <property name="java.library.path" value="/usr/lib/jvm/java-1.8-openjdk/jre/lib/amd64/server:/usr/lib/jvm/java-1.8-openjdk/jre/lib/amd64:/usr/lib/jvm/java-1.8-openjdk/jre/../lib/amd64:/workdir/hadoop-ozone/tools/target/native/target/usr/local/lib:/workdir/hadoop-ozone/tools/../../hadoop-common-project/hadoop-common/target/native/target/usr/local/lib:/usr/java/packages/lib/amd64:/usr/lib64:/lib64:/lib:/usr/lib"/>
    <property name="java.vm.info" value="mixed mode"/>
    <property name="java.vendor" value="IcedTea"/>
    <property name="java.vm.version" value="25.212-b04"/>
    <property name="java.ext.dirs" value="/usr/lib/jvm/java-1.8-openjdk/jre/lib/ext:/usr/java/packages/lib/ext"/>
    <property name="sun.io.unicode.encoding" value="UnicodeLittle"/>
    <property name="java.class.version" value="52.0"/>
  </properties>
  <testcase name="testRestart" classname="org.apache.hadoop.ozone.freon.TestFreonWithPipelineDestroy" time="210.567">
    <error message="Allocated 0 blocks. Requested 1 blocks" type="INTERNAL_ERROR org.apache.hadoop.ozone.om.exceptions.OMException">INTERNAL_ERROR org.apache.hadoop.ozone.om.exceptions.OMException: Allocated 0 blocks. Requested 1 blocks
	at org.apache.hadoop.ozone.om.protocolPB.OzoneManagerProtocolClientSideTranslatorPB.handleError(OzoneManagerProtocolClientSideTranslatorPB.java:724)
	at org.apache.hadoop.ozone.om.protocolPB.OzoneManagerProtocolClientSideTranslatorPB.allocateBlock(OzoneManagerProtocolClientSideTranslatorPB.java:756)
	at sun.reflect.NativeMethodAccessorImpl.invoke0(Native Method)
	at sun.reflect.NativeMethodAccessorImpl.invoke(NativeMethodAccessorImpl.java:62)
	at sun.reflect.DelegatingMethodAccessorImpl.invoke(DelegatingMethodAccessorImpl.java:43)
	at java.lang.reflect.Method.invoke(Method.java:498)
	at org.apache.hadoop.hdds.tracing.TraceAllMethod.invoke(TraceAllMethod.java:66)
	at com.sun.proxy.$Proxy37.allocateBlock(Unknown Source)
	at org.apache.hadoop.ozone.client.io.BlockOutputStreamEntryPool.allocateNewBlock(BlockOutputStreamEntryPool.java:248)
	at org.apache.hadoop.ozone.client.io.BlockOutputStreamEntryPool.allocateBlockIfNeeded(BlockOutputStreamEntryPool.java:296)
	at org.apache.hadoop.ozone.client.io.KeyOutputStream.handleWrite(KeyOutputStream.java:201)
	at org.apache.hadoop.ozone.client.io.KeyOutputStream.handleRetry(KeyOutputStream.java:376)
	at org.apache.hadoop.ozone.client.io.KeyOutputStream.handleException(KeyOutputStream.java:325)
	at org.apache.hadoop.ozone.client.io.KeyOutputStream.handleWrite(KeyOutputStream.java:231)
	at org.apache.hadoop.ozone.client.io.KeyOutputStream.write(KeyOutputStream.java:193)
	at org.apache.hadoop.ozone.client.io.OzoneOutputStream.write(OzoneOutputStream.java:49)
	at org.apache.hadoop.ozone.freon.RandomKeyGenerator.createKey(RandomKeyGenerator.java:708)
	at org.apache.hadoop.ozone.freon.RandomKeyGenerator.access$1100(RandomKeyGenerator.java:88)
	at org.apache.hadoop.ozone.freon.RandomKeyGenerator$ObjectCreator.run(RandomKeyGenerator.java:615)
	at java.util.concurrent.Executors$RunnableAdapter.call(Executors.java:511)
	at java.util.concurrent.FutureTask.run(FutureTask.java:266)
	at java.util.concurrent.ThreadPoolExecutor.runWorker(ThreadPoolExecutor.java:1149)
	at java.util.concurrent.ThreadPoolExecutor$Worker.run(ThreadPoolExecutor.java:624)
	at java.lang.Thread.run(Thread.java:748)
</error>
    <system-out><![CDATA[2019-09-19 13:05:44,151 [main] WARN  server.ServerUtils (ServerUtils.java:getScmDbDir(145)) - ozone.scm.db.dirs is not configured. We recommend adding this setting. Falling back to ozone.metadata.dirs instead.
2019-09-19 13:05:44,271 [main] WARN  server.ServerUtils (ServerUtils.java:getScmDbDir(145)) - ozone.scm.db.dirs is not configured. We recommend adding this setting. Falling back to ozone.metadata.dirs instead.
2019-09-19 13:05:44,275 [main] WARN  server.ServerUtils (ServerUtils.java:getScmDbDir(145)) - ozone.scm.db.dirs is not configured. We recommend adding this setting. Falling back to ozone.metadata.dirs instead.
2019-09-19 13:05:44,299 [main] INFO  util.log (Log.java:initialized(192)) - Logging initialized @967ms
2019-09-19 13:05:44,405 [main] INFO  db.DBStoreBuilder (DBStoreBuilder.java:addTable(110)) - using custom profile for table: deletedBlocks
2019-09-19 13:05:44,405 [main] INFO  db.DBStoreBuilder (DBStoreBuilder.java:processTables(161)) - Using default column profile:DBProfile.DISK for Table:deletedBlocks
2019-09-19 13:05:44,406 [main] INFO  db.DBStoreBuilder (DBStoreBuilder.java:addTable(110)) - using custom profile for table: validCerts
2019-09-19 13:05:44,406 [main] INFO  db.DBStoreBuilder (DBStoreBuilder.java:processTables(161)) - Using default column profile:DBProfile.DISK for Table:validCerts
2019-09-19 13:05:44,406 [main] INFO  db.DBStoreBuilder (DBStoreBuilder.java:addTable(110)) - using custom profile for table: revokedCerts
2019-09-19 13:05:44,406 [main] INFO  db.DBStoreBuilder (DBStoreBuilder.java:processTables(161)) - Using default column profile:DBProfile.DISK for Table:revokedCerts
2019-09-19 13:05:44,418 [main] INFO  db.DBStoreBuilder (DBStoreBuilder.java:addTable(110)) - using custom profile for table: default
2019-09-19 13:05:44,419 [main] INFO  db.DBStoreBuilder (DBStoreBuilder.java:processTables(167)) - Using default column profile:DBProfile.DISK for Table:default
2019-09-19 13:05:44,420 [main] INFO  db.DBStoreBuilder (DBStoreBuilder.java:getDbProfile(198)) - Using default options. DBProfile.DISK
2019-09-19 13:05:44,675 [main] INFO  net.NodeSchemaLoader (NodeSchemaLoader.java:loadSchemaFromFile(125)) - Loading file from sun.misc.CompoundEnumeration@7b2bbc3
2019-09-19 13:05:44,677 [main] INFO  net.NodeSchemaLoader (NodeSchemaLoader.java:loadSchema(171)) - Loading network topology layer schema file
2019-09-19 13:05:44,750 [main] INFO  node.SCMNodeManager (SCMNodeManager.java:<init>(114)) - Entering startup safe mode.
2019-09-19 13:05:44,819 [main] INFO  algorithms.ContainerPlacementPolicyFactory (ContainerPlacementPolicyFactory.java:getPolicy(57)) - Create container placement policy of type org.apache.hadoop.hdds.scm.container.placement.algorithms.SCMContainerPlacementRandom
2019-09-19 13:05:44,833 [main] WARN  server.ServerUtils (ServerUtils.java:getScmDbDir(145)) - ozone.scm.db.dirs is not configured. We recommend adding this setting. Falling back to ozone.metadata.dirs instead.
2019-09-19 13:05:44,919 [main] INFO  pipeline.SCMPipelineManager (SCMPipelineManager.java:initializePipelineState(128)) - No pipeline exists in current db
2019-09-19 13:05:44,921 [main] WARN  server.ServerUtils (ServerUtils.java:getScmDbDir(145)) - ozone.scm.db.dirs is not configured. We recommend adding this setting. Falling back to ozone.metadata.dirs instead.
2019-09-19 13:05:45,022 [main] WARN  events.EventQueue (EventQueue.java:fireEvent(183)) - No event handler registered for event TypedEvent{payloadType=SafeModeStatus, name='SafeModeStatus'}
2019-09-19 13:05:45,365 [main] INFO  ipc.CallQueueManager (CallQueueManager.java:<init>(84)) - Using callQueue: class java.util.concurrent.LinkedBlockingQueue, queueCapacity: 2000, scheduler: class org.apache.hadoop.ipc.DefaultRpcScheduler, ipcBackoff: false.
2019-09-19 13:05:45,390 [Socket Reader #1 for port 33461] INFO  ipc.Server (Server.java:run(1074)) - Starting Socket Reader #1 for port 33461
2019-09-19 13:05:45,515 [main] INFO  ipc.CallQueueManager (CallQueueManager.java:<init>(84)) - Using callQueue: class java.util.concurrent.LinkedBlockingQueue, queueCapacity: 2000, scheduler: class org.apache.hadoop.ipc.DefaultRpcScheduler, ipcBackoff: false.
2019-09-19 13:05:45,516 [Socket Reader #1 for port 42109] INFO  ipc.Server (Server.java:run(1074)) - Starting Socket Reader #1 for port 42109
2019-09-19 13:05:45,523 [main] INFO  ipc.CallQueueManager (CallQueueManager.java:<init>(84)) - Using callQueue: class java.util.concurrent.LinkedBlockingQueue, queueCapacity: 2000, scheduler: class org.apache.hadoop.ipc.DefaultRpcScheduler, ipcBackoff: false.
2019-09-19 13:05:45,524 [Socket Reader #1 for port 44424] INFO  ipc.Server (Server.java:run(1074)) - Starting Socket Reader #1 for port 44424
2019-09-19 13:05:45,543 [main] INFO  hdfs.DFSUtil (DFSUtil.java:httpServerTemplateForNNAndJN(1641)) - Starting Web-server for scm at: http://0.0.0.0:0
2019-09-19 13:05:45,671 [main] INFO  server.AuthenticationFilter (AuthenticationFilter.java:constructSecretProvider(240)) - Unable to initialize FileSignerSecretProvider, falling back to use random secrets.
2019-09-19 13:05:45,687 [main] WARN  http.HttpRequestLog (HttpRequestLog.java:getRequestLog(97)) - Jetty request log can only be enabled using Log4j
2019-09-19 13:05:45,696 [main] INFO  http.HttpServer2 (HttpServer2.java:addGlobalFilter(975)) - Added global filter 'safety' (class=org.apache.hadoop.http.HttpServer2$QuotingInputFilter)
2019-09-19 13:05:45,699 [main] INFO  http.HttpServer2 (HttpServer2.java:addFilter(948)) - Added filter static_user_filter (class=org.apache.hadoop.http.lib.StaticUserWebFilter$StaticUserFilter) to context scm
2019-09-19 13:05:45,699 [main] INFO  http.HttpServer2 (HttpServer2.java:addFilter(958)) - Added filter static_user_filter (class=org.apache.hadoop.http.lib.StaticUserWebFilter$StaticUserFilter) to context logs
2019-09-19 13:05:45,699 [main] INFO  http.HttpServer2 (HttpServer2.java:addFilter(958)) - Added filter static_user_filter (class=org.apache.hadoop.http.lib.StaticUserWebFilter$StaticUserFilter) to context static
2019-09-19 13:05:45,726 [main] INFO  server.StorageContainerManager (StorageContainerManager.java:start(763)) - StorageContainerLocationProtocol RPC server is listening at /0.0.0.0:44424
2019-09-19 13:05:45,776 [main] WARN  impl.MetricsConfig (MetricsConfig.java:loadFirst(134)) - Cannot locate configuration: tried hadoop-metrics2-storagecontainermanager.properties,hadoop-metrics2.properties
2019-09-19 13:05:45,788 [main] INFO  impl.MetricsSystemImpl (MetricsSystemImpl.java:startTimer(374)) - Scheduled Metric snapshot period at 10 second(s).
2019-09-19 13:05:45,788 [main] INFO  impl.MetricsSystemImpl (MetricsSystemImpl.java:start(191)) - StorageContainerManager metrics system started
2019-09-19 13:05:46,030 [main] INFO  server.SCMClientProtocolServer (SCMClientProtocolServer.java:start(151)) - RPC server for Client  is listening at /0.0.0.0:44424
2019-09-19 13:05:46,030 [IPC Server Responder] INFO  ipc.Server (Server.java:run(1314)) - IPC Server Responder: starting
2019-09-19 13:05:46,030 [IPC Server listener on 44424] INFO  ipc.Server (Server.java:run(1153)) - IPC Server listener on 44424: starting
2019-09-19 13:05:46,033 [main] INFO  server.StorageContainerManager (StorageContainerManager.java:start(773)) - ScmBlockLocationProtocol RPC server is listening at /0.0.0.0:42109
2019-09-19 13:05:46,035 [main] INFO  server.SCMBlockProtocolServer (SCMBlockProtocolServer.java:start(146)) - RPC server for Block Protocol is listening at /0.0.0.0:42109
2019-09-19 13:05:46,035 [IPC Server Responder] INFO  ipc.Server (Server.java:run(1314)) - IPC Server Responder: starting
2019-09-19 13:05:46,035 [IPC Server listener on 42109] INFO  ipc.Server (Server.java:run(1153)) - IPC Server listener on 42109: starting
2019-09-19 13:05:46,037 [main] INFO  server.StorageContainerManager (StorageContainerManager.java:start(777)) - ScmDatanodeProtocl RPC server is listening at /0.0.0.0:33461
2019-09-19 13:05:46,038 [main] INFO  server.SCMDatanodeProtocolServer (SCMDatanodeProtocolServer.java:start(191)) - RPC server for DataNodes is listening at /0.0.0.0:33461
2019-09-19 13:05:46,038 [IPC Server Responder] INFO  ipc.Server (Server.java:run(1314)) - IPC Server Responder: starting
2019-09-19 13:05:46,038 [IPC Server listener on 33461] INFO  ipc.Server (Server.java:run(1153)) - IPC Server listener on 33461: starting
2019-09-19 13:05:46,042 [main] INFO  http.HttpServer2 (HttpServer2.java:bindListener(1191)) - Jetty bound to port 37116
2019-09-19 13:05:46,043 [main] INFO  server.Server (Server.java:doStart(351)) - jetty-9.3.24.v20180605, build timestamp: 2018-06-05T17:11:56Z, git hash: 84205aa28f11a4f31f2a3b86d1bba2cc8ab69827
2019-09-19 13:05:46,076 [main] INFO  handler.ContextHandler (ContextHandler.java:doStart(781)) - Started o.e.j.s.ServletContextHandler@615091b8{/logs,file:///workdir/hadoop-ozone/tools/target/log,AVAILABLE}
2019-09-19 13:05:46,077 [main] INFO  handler.ContextHandler (ContextHandler.java:doStart(781)) - Started o.e.j.s.ServletContextHandler@260e86a1{/static,jar:file:/home/user/.m2/repository/org/apache/hadoop/hadoop-hdds-server-scm/0.5.0-SNAPSHOT/hadoop-hdds-server-scm-0.5.0-SNAPSHOT.jar!/webapps/static,AVAILABLE}
2019-09-19 13:05:46,152 [main] INFO  handler.ContextHandler (ContextHandler.java:doStart(781)) - Started o.e.j.w.WebAppContext@6db66836{/,file:///tmp/jetty-0.0.0.0-37116-scm-_-any-308311747627670201.dir/webapp/,AVAILABLE}{/scm}
2019-09-19 13:05:46,159 [main] INFO  server.AbstractConnector (AbstractConnector.java:doStart(278)) - Started ServerConnector@1ee4730{HTTP/1.1,[http/1.1]}{0.0.0.0:37116}
2019-09-19 13:05:46,159 [main] INFO  server.Server (Server.java:doStart(419)) - Started @2827ms
2019-09-19 13:05:46,162 [main] INFO  impl.MetricsSinkAdapter (MetricsSinkAdapter.java:start(204)) - Sink prometheus started
2019-09-19 13:05:46,162 [main] INFO  impl.MetricsSystemImpl (MetricsSystemImpl.java:registerSink(301)) - Registered sink prometheus
2019-09-19 13:05:46,163 [main] INFO  server.BaseHttpServer (BaseHttpServer.java:updateConnectorAddress(215)) - HTTP server of SCM is listening at http://0.0.0.0:37116
2019-09-19 13:05:46,170 [org.apache.hadoop.util.JvmPauseMonitor$Monitor@51f49060] INFO  util.JvmPauseMonitor (JvmPauseMonitor.java:run(188)) - Starting JVM pause monitor
2019-09-19 13:05:46,174 [main] WARN  server.ServerUtils (ServerUtils.java:getDBPath(222)) - ozone.om.db.dirs is not configured. We recommend adding this setting. Falling back to ozone.metadata.dirs instead.
2019-09-19 13:05:46,287 [main] WARN  server.ServerUtils (ServerUtils.java:getDBPath(222)) - ozone.om.db.dirs is not configured. We recommend adding this setting. Falling back to ozone.metadata.dirs instead.
2019-09-19 13:05:46,288 [main] WARN  server.ServerUtils (ServerUtils.java:getDBPath(222)) - ozone.om.db.dirs is not configured. We recommend adding this setting. Falling back to ozone.metadata.dirs instead.
2019-09-19 13:05:46,289 [main] INFO  om.OzoneManager (OzoneManager.java:setOMNodeDetails(649)) - OM Service ID is not set. Setting it to the default ID: omServiceIdDefault
2019-09-19 13:05:46,289 [main] INFO  om.OzoneManager (OzoneManager.java:setOMNodeDetails(655)) - OM Node ID is not set. Setting it to the OmStorage's OmID: 6e24a1db-b8a2-4b35-a57f-d71e538327c2
2019-09-19 13:05:46,290 [main] INFO  om.OzoneManager (OzoneManager.java:loadOMHAConfigs(606)) - Found matching OM address with OMServiceId: null, OMNodeId: null, RPC Address: localhost:0 and Ratis port: 9872
2019-09-19 13:05:46,982 [main] WARN  server.ServerUtils (ServerUtils.java:getDBPath(222)) - ozone.om.db.dirs is not configured. We recommend adding this setting. Falling back to ozone.metadata.dirs instead.
2019-09-19 13:05:46,990 [main] INFO  db.DBStoreBuilder (DBStoreBuilder.java:addTable(110)) - using custom profile for table: userTable
2019-09-19 13:05:46,990 [main] INFO  db.DBStoreBuilder (DBStoreBuilder.java:processTables(161)) - Using default column profile:DBProfile.DISK for Table:userTable
2019-09-19 13:05:46,990 [main] INFO  db.DBStoreBuilder (DBStoreBuilder.java:addTable(110)) - using custom profile for table: volumeTable
2019-09-19 13:05:46,991 [main] INFO  db.DBStoreBuilder (DBStoreBuilder.java:processTables(161)) - Using default column profile:DBProfile.DISK for Table:volumeTable
2019-09-19 13:05:46,991 [main] INFO  db.DBStoreBuilder (DBStoreBuilder.java:addTable(110)) - using custom profile for table: bucketTable
2019-09-19 13:05:46,991 [main] INFO  db.DBStoreBuilder (DBStoreBuilder.java:processTables(161)) - Using default column profile:DBProfile.DISK for Table:bucketTable
2019-09-19 13:05:46,991 [main] INFO  db.DBStoreBuilder (DBStoreBuilder.java:addTable(110)) - using custom profile for table: keyTable
2019-09-19 13:05:46,992 [main] INFO  db.DBStoreBuilder (DBStoreBuilder.java:processTables(161)) - Using default column profile:DBProfile.DISK for Table:keyTable
2019-09-19 13:05:46,992 [main] INFO  db.DBStoreBuilder (DBStoreBuilder.java:addTable(110)) - using custom profile for table: deletedTable
2019-09-19 13:05:46,992 [main] INFO  db.DBStoreBuilder (DBStoreBuilder.java:processTables(161)) - Using default column profile:DBProfile.DISK for Table:deletedTable
2019-09-19 13:05:46,992 [main] INFO  db.DBStoreBuilder (DBStoreBuilder.java:addTable(110)) - using custom profile for table: openKeyTable
2019-09-19 13:05:46,992 [main] INFO  db.DBStoreBuilder (DBStoreBuilder.java:processTables(161)) - Using default column profile:DBProfile.DISK for Table:openKeyTable
2019-09-19 13:05:46,993 [main] INFO  db.DBStoreBuilder (DBStoreBuilder.java:addTable(110)) - using custom profile for table: s3Table
2019-09-19 13:05:46,993 [main] INFO  db.DBStoreBuilder (DBStoreBuilder.java:processTables(161)) - Using default column profile:DBProfile.DISK for Table:s3Table
2019-09-19 13:05:46,993 [main] INFO  db.DBStoreBuilder (DBStoreBuilder.java:addTable(110)) - using custom profile for table: multipartInfoTable
2019-09-19 13:05:46,993 [main] INFO  db.DBStoreBuilder (DBStoreBuilder.java:processTables(161)) - Using default column profile:DBProfile.DISK for Table:multipartInfoTable
2019-09-19 13:05:46,994 [main] INFO  db.DBStoreBuilder (DBStoreBuilder.java:addTable(110)) - using custom profile for table: dTokenTable
2019-09-19 13:05:46,994 [main] INFO  db.DBStoreBuilder (DBStoreBuilder.java:processTables(161)) - Using default column profile:DBProfile.DISK for Table:dTokenTable
2019-09-19 13:05:46,994 [main] INFO  db.DBStoreBuilder (DBStoreBuilder.java:addTable(110)) - using custom profile for table: s3SecretTable
2019-09-19 13:05:46,994 [main] INFO  db.DBStoreBuilder (DBStoreBuilder.java:processTables(161)) - Using default column profile:DBProfile.DISK for Table:s3SecretTable
2019-09-19 13:05:46,995 [main] INFO  db.DBStoreBuilder (DBStoreBuilder.java:addTable(110)) - using custom profile for table: prefixTable
2019-09-19 13:05:46,995 [main] INFO  db.DBStoreBuilder (DBStoreBuilder.java:processTables(161)) - Using default column profile:DBProfile.DISK for Table:prefixTable
2019-09-19 13:05:46,995 [main] INFO  db.DBStoreBuilder (DBStoreBuilder.java:addTable(110)) - using custom profile for table: default
2019-09-19 13:05:46,995 [main] INFO  db.DBStoreBuilder (DBStoreBuilder.java:processTables(167)) - Using default column profile:DBProfile.DISK for Table:default
2019-09-19 13:05:46,995 [main] INFO  db.DBStoreBuilder (DBStoreBuilder.java:getDbProfile(198)) - Using default options. DBProfile.DISK
2019-09-19 13:05:47,522 [main] INFO  ipc.CallQueueManager (CallQueueManager.java:<init>(84)) - Using callQueue: class java.util.concurrent.LinkedBlockingQueue, queueCapacity: 2000, scheduler: class org.apache.hadoop.ipc.DefaultRpcScheduler, ipcBackoff: false.
2019-09-19 13:05:47,523 [Socket Reader #1 for port 33028] INFO  ipc.Server (Server.java:run(1074)) - Starting Socket Reader #1 for port 33028
2019-09-19 13:05:47,543 [main] INFO  om.OzoneManager (OzoneManager.java:start(1240)) - OzoneManager RPC server is listening at localhost/127.0.0.1:33028
2019-09-19 13:05:47,544 [main] INFO  impl.MetricsSystemImpl (MetricsSystemImpl.java:init(158)) - OzoneManager metrics system started (again)
2019-09-19 13:05:47,545 [IPC Server Responder] INFO  ipc.Server (Server.java:run(1314)) - IPC Server Responder: starting
2019-09-19 13:05:47,545 [IPC Server listener on 33028] INFO  ipc.Server (Server.java:run(1153)) - IPC Server listener on 33028: starting
2019-09-19 13:05:47,550 [main] INFO  hdfs.DFSUtil (DFSUtil.java:httpServerTemplateForNNAndJN(1641)) - Starting Web-server for ozoneManager at: http://0.0.0.0:0
2019-09-19 13:05:47,552 [main] INFO  server.AuthenticationFilter (AuthenticationFilter.java:constructSecretProvider(240)) - Unable to initialize FileSignerSecretProvider, falling back to use random secrets.
2019-09-19 13:05:47,552 [main] WARN  http.HttpRequestLog (HttpRequestLog.java:getRequestLog(97)) - Jetty request log can only be enabled using Log4j
2019-09-19 13:05:47,555 [main] INFO  http.HttpServer2 (HttpServer2.java:addGlobalFilter(975)) - Added global filter 'safety' (class=org.apache.hadoop.http.HttpServer2$QuotingInputFilter)
2019-09-19 13:05:47,556 [main] INFO  http.HttpServer2 (HttpServer2.java:addFilter(948)) - Added filter static_user_filter (class=org.apache.hadoop.http.lib.StaticUserWebFilter$StaticUserFilter) to context ozoneManager
2019-09-19 13:05:47,557 [main] INFO  http.HttpServer2 (HttpServer2.java:addFilter(958)) - Added filter static_user_filter (class=org.apache.hadoop.http.lib.StaticUserWebFilter$StaticUserFilter) to context logs
2019-09-19 13:05:47,557 [main] INFO  http.HttpServer2 (HttpServer2.java:addFilter(958)) - Added filter static_user_filter (class=org.apache.hadoop.http.lib.StaticUserWebFilter$StaticUserFilter) to context static
2019-09-19 13:05:47,560 [main] INFO  http.HttpServer2 (HttpServer2.java:bindListener(1191)) - Jetty bound to port 42448
2019-09-19 13:05:47,560 [main] INFO  server.Server (Server.java:doStart(351)) - jetty-9.3.24.v20180605, build timestamp: 2018-06-05T17:11:56Z, git hash: 84205aa28f11a4f31f2a3b86d1bba2cc8ab69827
2019-09-19 13:05:47,562 [main] INFO  handler.ContextHandler (ContextHandler.java:doStart(781)) - Started o.e.j.s.ServletContextHandler@57540fd0{/logs,file:///workdir/hadoop-ozone/tools/target/log,AVAILABLE}
2019-09-19 13:05:47,563 [main] INFO  handler.ContextHandler (ContextHandler.java:doStart(781)) - Started o.e.j.s.ServletContextHandler@58cec85b{/static,jar:file:/home/user/.m2/repository/org/apache/hadoop/hadoop-ozone-ozone-manager/0.5.0-SNAPSHOT/hadoop-ozone-ozone-manager-0.5.0-SNAPSHOT.jar!/webapps/static,AVAILABLE}
2019-09-19 13:05:47,638 [main] INFO  handler.ContextHandler (ContextHandler.java:doStart(781)) - Started o.e.j.w.WebAppContext@1cbb3d3b{/,file:///tmp/jetty-0.0.0.0-42448-ozoneManager-_-any-7090414013909259607.dir/webapp/,AVAILABLE}{/ozoneManager}
2019-09-19 13:05:47,640 [main] INFO  server.AbstractConnector (AbstractConnector.java:doStart(278)) - Started ServerConnector@529cfee5{HTTP/1.1,[http/1.1]}{0.0.0.0:42448}
2019-09-19 13:05:47,640 [main] INFO  server.Server (Server.java:doStart(419)) - Started @4308ms
2019-09-19 13:05:47,641 [main] WARN  impl.MetricsSystemImpl (MetricsSystemImpl.java:register(276)) - Sink prometheus already exists!
2019-09-19 13:05:47,642 [main] INFO  server.BaseHttpServer (BaseHttpServer.java:updateConnectorAddress(215)) - HTTP server of OZONEMANAGER is listening at http://0.0.0.0:42448
2019-09-19 13:05:47,967 [main] INFO  impl.MetricsSystemImpl (MetricsSystemImpl.java:init(158)) - HddsDatanode metrics system started (again)
2019-09-19 13:05:48,022 [main] INFO  ozone.HddsDatanodeService (HddsDatanodeService.java:start(184)) - HddsDatanodeService host:pr-hdds-2153-g484h-410672627 ip:192.168.34.13
2019-09-19 13:05:48,079 [main] INFO  volume.HddsVolume (HddsVolume.java:<init>(176)) - Creating Volume: /workdir/hadoop-ozone/tools/target/test-dir/MiniOzoneClusterImpl-15fc9b53-d736-4c3b-858f-342726019016/datanode-0/data/containers/hdds of  storage type : DISK and capacity : 1482555576320
2019-09-19 13:05:48,086 [main] INFO  volume.VolumeSet (VolumeSet.java:initializeVolumeSet(170)) - Added Volume : /workdir/hadoop-ozone/tools/target/test-dir/MiniOzoneClusterImpl-15fc9b53-d736-4c3b-858f-342726019016/datanode-0/data/containers/hdds to VolumeSet
2019-09-19 13:05:48,092 [main] INFO  volume.ThrottledAsyncChecker (ThrottledAsyncChecker.java:schedule(139)) - Scheduling a check for org.apache.hadoop.ozone.container.common.volume.HddsVolume@3fdecce
2019-09-19 13:05:48,124 [main] INFO  volume.HddsVolumeChecker (HddsVolumeChecker.java:checkAllVolumes(202)) - Scheduled health check for volume org.apache.hadoop.ozone.container.common.volume.HddsVolume@3fdecce
2019-09-19 13:05:48,245 [main] INFO  impl.RaftServerProxy (ConfUtils.java:logGet(43)) - raft.rpc.type = GRPC (default)
2019-09-19 13:05:48,312 [main] INFO  grpc.GrpcFactory (GrpcFactory.java:checkPooledByteBufAllocatorUseCacheForAllThreads(45)) - PERFORMANCE WARNING: useCacheForAllThreads is true that may cause Netty to create a lot garbage objects and, as a result, trigger GC.
	It is recommended to disable useCacheForAllThreads by setting -Dorg.apache.ratis.thirdparty.io.netty.allocator.useCacheForAllThreads=false in command line.
2019-09-19 13:05:48,317 [main] INFO  grpc.GrpcConfigKeys$Server (ConfUtils.java:logGet(43)) - raft.grpc.server.port = 0 (default)
2019-09-19 13:05:48,318 [main] INFO  server.GrpcService (ConfUtils.java:logGet(43)) - raft.grpc.message.size.max = 33570816 (custom)
2019-09-19 13:05:48,320 [main] INFO  server.RaftServerConfigKeys (ConfUtils.java:logGet(43)) - raft.server.log.appender.buffer.byte-limit = 33554432 (custom)
2019-09-19 13:05:48,321 [main] INFO  server.GrpcService (ConfUtils.java:logGet(43)) - raft.grpc.flow.control.window = 1MB (=1048576) (default)
2019-09-19 13:05:48,322 [main] INFO  server.RaftServerConfigKeys (ConfUtils.java:logGet(43)) - raft.server.rpc.request.timeout = 3000ms (default)
2019-09-19 13:05:48,498 [main] INFO  server.RaftServerConfigKeys (ConfUtils.java:logGet(43)) - raft.server.storage.dir = [/workdir/hadoop-ozone/tools/target/test-dir/MiniOzoneClusterImpl-15fc9b53-d736-4c3b-858f-342726019016/datanode-0/data/ratis] (custom)
2019-09-19 13:05:48,555 [main] INFO  hdfs.DFSUtil (DFSUtil.java:httpServerTemplateForNNAndJN(1641)) - Starting Web-server for hddsDatanode at: http://0.0.0.0:0
2019-09-19 13:05:48,557 [main] INFO  server.AuthenticationFilter (AuthenticationFilter.java:constructSecretProvider(240)) - Unable to initialize FileSignerSecretProvider, falling back to use random secrets.
2019-09-19 13:05:48,558 [main] WARN  http.HttpRequestLog (HttpRequestLog.java:getRequestLog(97)) - Jetty request log can only be enabled using Log4j
2019-09-19 13:05:48,560 [main] INFO  http.HttpServer2 (HttpServer2.java:addGlobalFilter(975)) - Added global filter 'safety' (class=org.apache.hadoop.http.HttpServer2$QuotingInputFilter)
2019-09-19 13:05:48,561 [main] INFO  http.HttpServer2 (HttpServer2.java:addFilter(948)) - Added filter static_user_filter (class=org.apache.hadoop.http.lib.StaticUserWebFilter$StaticUserFilter) to context hddsDatanode
2019-09-19 13:05:48,561 [main] INFO  http.HttpServer2 (HttpServer2.java:addFilter(958)) - Added filter static_user_filter (class=org.apache.hadoop.http.lib.StaticUserWebFilter$StaticUserFilter) to context static
2019-09-19 13:05:48,561 [main] INFO  http.HttpServer2 (HttpServer2.java:addFilter(958)) - Added filter static_user_filter (class=org.apache.hadoop.http.lib.StaticUserWebFilter$StaticUserFilter) to context logs
2019-09-19 13:05:48,562 [main] INFO  http.HttpServer2 (HttpServer2.java:bindListener(1191)) - Jetty bound to port 33803
2019-09-19 13:05:48,562 [main] INFO  server.Server (Server.java:doStart(351)) - jetty-9.3.24.v20180605, build timestamp: 2018-06-05T17:11:56Z, git hash: 84205aa28f11a4f31f2a3b86d1bba2cc8ab69827
2019-09-19 13:05:48,565 [main] INFO  handler.ContextHandler (ContextHandler.java:doStart(781)) - Started o.e.j.s.ServletContextHandler@102ecc22{/logs,file:///workdir/hadoop-ozone/tools/target/log,AVAILABLE}
2019-09-19 13:05:48,565 [main] INFO  handler.ContextHandler (ContextHandler.java:doStart(781)) - Started o.e.j.s.ServletContextHandler@26dc9bd5{/static,jar:file:/home/user/.m2/repository/org/apache/hadoop/hadoop-hdds-container-service/0.5.0-SNAPSHOT/hadoop-hdds-container-service-0.5.0-SNAPSHOT.jar!/webapps/static,AVAILABLE}
2019-09-19 13:05:48,596 [main] INFO  handler.ContextHandler (ContextHandler.java:doStart(781)) - Started o.e.j.w.WebAppContext@5b852b49{/,file:///tmp/jetty-0.0.0.0-33803-hddsDatanode-_-any-586512763928389438.dir/webapp/,AVAILABLE}{/hddsDatanode}
2019-09-19 13:05:48,598 [main] INFO  server.AbstractConnector (AbstractConnector.java:doStart(278)) - Started ServerConnector@cdb2d95{HTTP/1.1,[http/1.1]}{0.0.0.0:33803}
2019-09-19 13:05:48,598 [main] INFO  server.Server (Server.java:doStart(419)) - Started @5266ms
2019-09-19 13:05:48,598 [main] WARN  impl.MetricsSystemImpl (MetricsSystemImpl.java:register(276)) - Sink prometheus already exists!
2019-09-19 13:05:48,599 [main] INFO  server.BaseHttpServer (BaseHttpServer.java:updateConnectorAddress(215)) - HTTP server of HDDSDATANODE is listening at http://0.0.0.0:33803
2019-09-19 13:05:48,600 [main] INFO  impl.MetricsSystemImpl (MetricsSystemImpl.java:init(158)) - HddsDatanode metrics system started (again)
2019-09-19 13:05:48,603 [main] INFO  ozone.HddsDatanodeService (HddsDatanodeService.java:start(184)) - HddsDatanodeService host:pr-hdds-2153-g484h-410672627 ip:192.168.34.13
2019-09-19 13:05:48,606 [org.apache.hadoop.util.JvmPauseMonitor$Monitor@6e261b0c] INFO  util.JvmPauseMonitor (JvmPauseMonitor.java:run(188)) - Starting JVM pause monitor
2019-09-19 13:05:48,610 [main] INFO  volume.HddsVolume (HddsVolume.java:<init>(176)) - Creating Volume: /workdir/hadoop-ozone/tools/target/test-dir/MiniOzoneClusterImpl-15fc9b53-d736-4c3b-858f-342726019016/datanode-1/data/containers/hdds of  storage type : DISK and capacity : 1482555576320
2019-09-19 13:05:48,611 [main] INFO  volume.VolumeSet (VolumeSet.java:initializeVolumeSet(170)) - Added Volume : /workdir/hadoop-ozone/tools/target/test-dir/MiniOzoneClusterImpl-15fc9b53-d736-4c3b-858f-342726019016/datanode-1/data/containers/hdds to VolumeSet
2019-09-19 13:05:48,611 [main] INFO  volume.ThrottledAsyncChecker (ThrottledAsyncChecker.java:schedule(139)) - Scheduling a check for org.apache.hadoop.ozone.container.common.volume.HddsVolume@46963479
2019-09-19 13:05:48,612 [main] INFO  volume.HddsVolumeChecker (HddsVolumeChecker.java:checkAllVolumes(202)) - Scheduled health check for volume org.apache.hadoop.ozone.container.common.volume.HddsVolume@46963479
2019-09-19 13:05:48,627 [main] INFO  impl.RaftServerProxy (ConfUtils.java:logGet(43)) - raft.rpc.type = GRPC (default)
2019-09-19 13:05:48,628 [main] INFO  grpc.GrpcFactory (GrpcFactory.java:checkPooledByteBufAllocatorUseCacheForAllThreads(45)) - PERFORMANCE WARNING: useCacheForAllThreads is true that may cause Netty to create a lot garbage objects and, as a result, trigger GC.
	It is recommended to disable useCacheForAllThreads by setting -Dorg.apache.ratis.thirdparty.io.netty.allocator.useCacheForAllThreads=false in command line.
2019-09-19 13:05:48,628 [main] INFO  grpc.GrpcConfigKeys$Server (ConfUtils.java:logGet(43)) - raft.grpc.server.port = 0 (default)
2019-09-19 13:05:48,629 [main] INFO  server.GrpcService (ConfUtils.java:logGet(43)) - raft.grpc.message.size.max = 33570816 (custom)
2019-09-19 13:05:48,629 [main] INFO  server.RaftServerConfigKeys (ConfUtils.java:logGet(43)) - raft.server.log.appender.buffer.byte-limit = 33554432 (custom)
2019-09-19 13:05:48,629 [main] INFO  server.GrpcService (ConfUtils.java:logGet(43)) - raft.grpc.flow.control.window = 1MB (=1048576) (default)
2019-09-19 13:05:48,630 [main] INFO  server.RaftServerConfigKeys (ConfUtils.java:logGet(43)) - raft.server.rpc.request.timeout = 3000ms (default)
2019-09-19 13:05:48,631 [main] INFO  server.RaftServerConfigKeys (ConfUtils.java:logGet(43)) - raft.server.storage.dir = [/workdir/hadoop-ozone/tools/target/test-dir/MiniOzoneClusterImpl-15fc9b53-d736-4c3b-858f-342726019016/datanode-1/data/ratis] (custom)
2019-09-19 13:05:48,633 [main] INFO  hdfs.DFSUtil (DFSUtil.java:httpServerTemplateForNNAndJN(1641)) - Starting Web-server for hddsDatanode at: http://0.0.0.0:0
2019-09-19 13:05:48,634 [main] INFO  server.AuthenticationFilter (AuthenticationFilter.java:constructSecretProvider(240)) - Unable to initialize FileSignerSecretProvider, falling back to use random secrets.
2019-09-19 13:05:48,635 [main] WARN  http.HttpRequestLog (HttpRequestLog.java:getRequestLog(97)) - Jetty request log can only be enabled using Log4j
2019-09-19 13:05:48,637 [main] INFO  http.HttpServer2 (HttpServer2.java:addGlobalFilter(975)) - Added global filter 'safety' (class=org.apache.hadoop.http.HttpServer2$QuotingInputFilter)
2019-09-19 13:05:48,637 [main] INFO  http.HttpServer2 (HttpServer2.java:addFilter(948)) - Added filter static_user_filter (class=org.apache.hadoop.http.lib.StaticUserWebFilter$StaticUserFilter) to context hddsDatanode
2019-09-19 13:05:48,637 [main] INFO  http.HttpServer2 (HttpServer2.java:addFilter(958)) - Added filter static_user_filter (class=org.apache.hadoop.http.lib.StaticUserWebFilter$StaticUserFilter) to context static
2019-09-19 13:05:48,638 [main] INFO  http.HttpServer2 (HttpServer2.java:addFilter(958)) - Added filter static_user_filter (class=org.apache.hadoop.http.lib.StaticUserWebFilter$StaticUserFilter) to context logs
2019-09-19 13:05:48,638 [main] INFO  http.HttpServer2 (HttpServer2.java:bindListener(1191)) - Jetty bound to port 35558
2019-09-19 13:05:48,639 [main] INFO  server.Server (Server.java:doStart(351)) - jetty-9.3.24.v20180605, build timestamp: 2018-06-05T17:11:56Z, git hash: 84205aa28f11a4f31f2a3b86d1bba2cc8ab69827
2019-09-19 13:05:48,643 [main] INFO  handler.ContextHandler (ContextHandler.java:doStart(781)) - Started o.e.j.s.ServletContextHandler@620c8641{/logs,file:///workdir/hadoop-ozone/tools/target/log,AVAILABLE}
2019-09-19 13:05:48,644 [main] INFO  handler.ContextHandler (ContextHandler.java:doStart(781)) - Started o.e.j.s.ServletContextHandler@5460b754{/static,jar:file:/home/user/.m2/repository/org/apache/hadoop/hadoop-hdds-container-service/0.5.0-SNAPSHOT/hadoop-hdds-container-service-0.5.0-SNAPSHOT.jar!/webapps/static,AVAILABLE}
2019-09-19 13:05:48,672 [main] INFO  handler.ContextHandler (ContextHandler.java:doStart(781)) - Started o.e.j.w.WebAppContext@58472096{/,file:///tmp/jetty-0.0.0.0-35558-hddsDatanode-_-any-5407835329699440283.dir/webapp/,AVAILABLE}{/hddsDatanode}
2019-09-19 13:05:48,673 [main] INFO  server.AbstractConnector (AbstractConnector.java:doStart(278)) - Started ServerConnector@a92be4f{HTTP/1.1,[http/1.1]}{0.0.0.0:35558}
2019-09-19 13:05:48,674 [main] INFO  server.Server (Server.java:doStart(419)) - Started @5342ms
2019-09-19 13:05:48,675 [main] WARN  impl.MetricsSystemImpl (MetricsSystemImpl.java:register(276)) - Sink prometheus already exists!
2019-09-19 13:05:48,676 [main] INFO  server.BaseHttpServer (BaseHttpServer.java:updateConnectorAddress(215)) - HTTP server of HDDSDATANODE is listening at http://0.0.0.0:35558
2019-09-19 13:05:48,676 [main] INFO  impl.MetricsSystemImpl (MetricsSystemImpl.java:init(158)) - HddsDatanode metrics system started (again)
2019-09-19 13:05:48,679 [org.apache.hadoop.util.JvmPauseMonitor$Monitor@76e0fce4] INFO  util.JvmPauseMonitor (JvmPauseMonitor.java:run(188)) - Starting JVM pause monitor
2019-09-19 13:05:48,681 [main] INFO  ozone.HddsDatanodeService (HddsDatanodeService.java:start(184)) - HddsDatanodeService host:pr-hdds-2153-g484h-410672627 ip:192.168.34.13
2019-09-19 13:05:48,688 [main] INFO  volume.HddsVolume (HddsVolume.java:<init>(176)) - Creating Volume: /workdir/hadoop-ozone/tools/target/test-dir/MiniOzoneClusterImpl-15fc9b53-d736-4c3b-858f-342726019016/datanode-2/data/containers/hdds of  storage type : DISK and capacity : 1482555576320
2019-09-19 13:05:48,688 [main] INFO  volume.VolumeSet (VolumeSet.java:initializeVolumeSet(170)) - Added Volume : /workdir/hadoop-ozone/tools/target/test-dir/MiniOzoneClusterImpl-15fc9b53-d736-4c3b-858f-342726019016/datanode-2/data/containers/hdds to VolumeSet
2019-09-19 13:05:48,689 [main] INFO  volume.ThrottledAsyncChecker (ThrottledAsyncChecker.java:schedule(139)) - Scheduling a check for org.apache.hadoop.ozone.container.common.volume.HddsVolume@611a990b
2019-09-19 13:05:48,689 [main] INFO  volume.HddsVolumeChecker (HddsVolumeChecker.java:checkAllVolumes(202)) - Scheduled health check for volume org.apache.hadoop.ozone.container.common.volume.HddsVolume@611a990b
2019-09-19 13:05:48,708 [Datanode State Machine Thread - 0] INFO  datanode.InitDatanodeState (InitDatanodeState.java:persistContainerDatanodeDetails(140)) - DatanodeDetails is persisted to /workdir/hadoop-ozone/tools/target/test-dir/MiniOzoneClusterImpl-15fc9b53-d736-4c3b-858f-342726019016/datanode-0/meta/datanode.id
2019-09-19 13:05:48,712 [main] INFO  impl.RaftServerProxy (ConfUtils.java:logGet(43)) - raft.rpc.type = GRPC (default)
2019-09-19 13:05:48,712 [Datanode State Machine Thread - 0] INFO  datanode.InitDatanodeState (InitDatanodeState.java:persistContainerDatanodeDetails(140)) - DatanodeDetails is persisted to /workdir/hadoop-ozone/tools/target/test-dir/MiniOzoneClusterImpl-15fc9b53-d736-4c3b-858f-342726019016/datanode-1/meta/datanode.id
2019-09-19 13:05:48,713 [main] INFO  grpc.GrpcFactory (GrpcFactory.java:checkPooledByteBufAllocatorUseCacheForAllThreads(45)) - PERFORMANCE WARNING: useCacheForAllThreads is true that may cause Netty to create a lot garbage objects and, as a result, trigger GC.
	It is recommended to disable useCacheForAllThreads by setting -Dorg.apache.ratis.thirdparty.io.netty.allocator.useCacheForAllThreads=false in command line.
2019-09-19 13:05:48,713 [main] INFO  grpc.GrpcConfigKeys$Server (ConfUtils.java:logGet(43)) - raft.grpc.server.port = 0 (default)
2019-09-19 13:05:48,713 [main] INFO  server.GrpcService (ConfUtils.java:logGet(43)) - raft.grpc.message.size.max = 33570816 (custom)
2019-09-19 13:05:48,714 [main] INFO  server.RaftServerConfigKeys (ConfUtils.java:logGet(43)) - raft.server.log.appender.buffer.byte-limit = 33554432 (custom)
2019-09-19 13:05:48,714 [main] INFO  server.GrpcService (ConfUtils.java:logGet(43)) - raft.grpc.flow.control.window = 1MB (=1048576) (default)
2019-09-19 13:05:48,714 [main] INFO  server.RaftServerConfigKeys (ConfUtils.java:logGet(43)) - raft.server.rpc.request.timeout = 3000ms (default)
2019-09-19 13:05:48,715 [main] INFO  server.RaftServerConfigKeys (ConfUtils.java:logGet(43)) - raft.server.storage.dir = [/workdir/hadoop-ozone/tools/target/test-dir/MiniOzoneClusterImpl-15fc9b53-d736-4c3b-858f-342726019016/datanode-2/data/ratis] (custom)
2019-09-19 13:05:48,717 [main] INFO  hdfs.DFSUtil (DFSUtil.java:httpServerTemplateForNNAndJN(1641)) - Starting Web-server for hddsDatanode at: http://0.0.0.0:0
2019-09-19 13:05:48,719 [main] INFO  server.AuthenticationFilter (AuthenticationFilter.java:constructSecretProvider(240)) - Unable to initialize FileSignerSecretProvider, falling back to use random secrets.
2019-09-19 13:05:48,719 [main] WARN  http.HttpRequestLog (HttpRequestLog.java:getRequestLog(97)) - Jetty request log can only be enabled using Log4j
2019-09-19 13:05:48,721 [main] INFO  http.HttpServer2 (HttpServer2.java:addGlobalFilter(975)) - Added global filter 'safety' (class=org.apache.hadoop.http.HttpServer2$QuotingInputFilter)
2019-09-19 13:05:48,722 [main] INFO  http.HttpServer2 (HttpServer2.java:addFilter(948)) - Added filter static_user_filter (class=org.apache.hadoop.http.lib.StaticUserWebFilter$StaticUserFilter) to context hddsDatanode
2019-09-19 13:05:48,722 [main] INFO  http.HttpServer2 (HttpServer2.java:addFilter(958)) - Added filter static_user_filter (class=org.apache.hadoop.http.lib.StaticUserWebFilter$StaticUserFilter) to context logs
2019-09-19 13:05:48,722 [main] INFO  http.HttpServer2 (HttpServer2.java:addFilter(958)) - Added filter static_user_filter (class=org.apache.hadoop.http.lib.StaticUserWebFilter$StaticUserFilter) to context static
2019-09-19 13:05:48,723 [main] INFO  http.HttpServer2 (HttpServer2.java:bindListener(1191)) - Jetty bound to port 41834
2019-09-19 13:05:48,723 [main] INFO  server.Server (Server.java:doStart(351)) - jetty-9.3.24.v20180605, build timestamp: 2018-06-05T17:11:56Z, git hash: 84205aa28f11a4f31f2a3b86d1bba2cc8ab69827
2019-09-19 13:05:48,726 [main] INFO  handler.ContextHandler (ContextHandler.java:doStart(781)) - Started o.e.j.s.ServletContextHandler@5624657a{/logs,file:///workdir/hadoop-ozone/tools/target/log,AVAILABLE}
2019-09-19 13:05:48,726 [main] INFO  handler.ContextHandler (ContextHandler.java:doStart(781)) - Started o.e.j.s.ServletContextHandler@4d21c56e{/static,jar:file:/home/user/.m2/repository/org/apache/hadoop/hadoop-hdds-container-service/0.5.0-SNAPSHOT/hadoop-hdds-container-service-0.5.0-SNAPSHOT.jar!/webapps/static,AVAILABLE}
2019-09-19 13:05:48,750 [main] INFO  handler.ContextHandler (ContextHandler.java:doStart(781)) - Started o.e.j.w.WebAppContext@4a163575{/,file:///tmp/jetty-0.0.0.0-41834-hddsDatanode-_-any-5916841174142032235.dir/webapp/,AVAILABLE}{/hddsDatanode}
2019-09-19 13:05:48,751 [main] INFO  server.AbstractConnector (AbstractConnector.java:doStart(278)) - Started ServerConnector@7e642b88{HTTP/1.1,[http/1.1]}{0.0.0.0:41834}
2019-09-19 13:05:48,752 [main] INFO  server.Server (Server.java:doStart(419)) - Started @5420ms
2019-09-19 13:05:48,753 [main] WARN  impl.MetricsSystemImpl (MetricsSystemImpl.java:register(276)) - Sink prometheus already exists!
2019-09-19 13:05:48,754 [main] INFO  server.BaseHttpServer (BaseHttpServer.java:updateConnectorAddress(215)) - HTTP server of HDDSDATANODE is listening at http://0.0.0.0:41834
2019-09-19 13:05:48,756 [main] INFO  ozone.MiniOzoneClusterImpl (MiniOzoneClusterImpl.java:lambda$waitForClusterToBeReady$0(140)) - Waiting for cluster to be ready. Got 0 of 3 DN Heartbeats.
2019-09-19 13:05:48,756 [org.apache.hadoop.util.JvmPauseMonitor$Monitor@182edd17] INFO  util.JvmPauseMonitor (JvmPauseMonitor.java:run(188)) - Starting JVM pause monitor
2019-09-19 13:05:48,759 [Datanode State Machine Thread - 0] INFO  datanode.InitDatanodeState (InitDatanodeState.java:persistContainerDatanodeDetails(140)) - DatanodeDetails is persisted to /workdir/hadoop-ozone/tools/target/test-dir/MiniOzoneClusterImpl-15fc9b53-d736-4c3b-858f-342726019016/datanode-2/meta/datanode.id
2019-09-19 13:05:49,756 [main] INFO  ozone.MiniOzoneClusterImpl (MiniOzoneClusterImpl.java:lambda$waitForClusterToBeReady$0(140)) - Waiting for cluster to be ready. Got 0 of 3 DN Heartbeats.
2019-09-19 13:05:50,668 [Datanode State Machine Thread - 0] INFO  ozoneimpl.OzoneContainer (OzoneContainer.java:start(217)) - Attempting to start container services.
2019-09-19 13:05:50,670 [Datanode State Machine Thread - 0] INFO  ozoneimpl.OzoneContainer (OzoneContainer.java:startContainerScrub(179)) - Background container scanner has been disabled.
2019-09-19 13:05:50,671 [Datanode State Machine Thread - 0] INFO  ratis.XceiverServerRatis (XceiverServerRatis.java:start(404)) - Starting XceiverServerRatis cf73b394-96ec-4032-9230-43540487e60d at port 0
2019-09-19 13:05:50,695 [Datanode State Machine Thread - 0] INFO  impl.RaftServerProxy (RaftServerProxy.java:lambda$start$3(299)) - cf73b394-96ec-4032-9230-43540487e60d: start RPC server
2019-09-19 13:05:50,699 [Datanode State Machine Thread - 0] INFO  ozoneimpl.OzoneContainer (OzoneContainer.java:start(217)) - Attempting to start container services.
2019-09-19 13:05:50,704 [Datanode State Machine Thread - 0] INFO  ozoneimpl.OzoneContainer (OzoneContainer.java:startContainerScrub(179)) - Background container scanner has been disabled.
2019-09-19 13:05:50,704 [Datanode State Machine Thread - 0] INFO  ratis.XceiverServerRatis (XceiverServerRatis.java:start(404)) - Starting XceiverServerRatis b542397d-0a79-4b2f-bca4-8988c4585f57 at port 0
2019-09-19 13:05:50,713 [Datanode State Machine Thread - 0] INFO  impl.RaftServerProxy (RaftServerProxy.java:lambda$start$3(299)) - b542397d-0a79-4b2f-bca4-8988c4585f57: start RPC server
2019-09-19 13:05:50,757 [main] INFO  ozone.MiniOzoneClusterImpl (MiniOzoneClusterImpl.java:lambda$waitForClusterToBeReady$0(140)) - Waiting for cluster to be ready. Got 0 of 3 DN Heartbeats.
2019-09-19 13:05:50,777 [Datanode State Machine Thread - 0] INFO  ozoneimpl.OzoneContainer (OzoneContainer.java:start(217)) - Attempting to start container services.
2019-09-19 13:05:50,779 [Datanode State Machine Thread - 0] INFO  ozoneimpl.OzoneContainer (OzoneContainer.java:startContainerScrub(179)) - Background container scanner has been disabled.
2019-09-19 13:05:50,779 [Datanode State Machine Thread - 0] INFO  ratis.XceiverServerRatis (XceiverServerRatis.java:start(404)) - Starting XceiverServerRatis fc54a72e-a47f-4136-9ed5-ca4a72c32f0a at port 0
2019-09-19 13:05:50,791 [Datanode State Machine Thread - 0] INFO  impl.RaftServerProxy (RaftServerProxy.java:lambda$start$3(299)) - fc54a72e-a47f-4136-9ed5-ca4a72c32f0a: start RPC server
2019-09-19 13:05:50,876 [Datanode State Machine Thread - 0] INFO  server.GrpcService (GrpcService.java:startImpl(158)) - fc54a72e-a47f-4136-9ed5-ca4a72c32f0a: GrpcService started, listening on 0.0.0.0/0.0.0.0:35339
2019-09-19 13:05:50,876 [Datanode State Machine Thread - 0] INFO  server.GrpcService (GrpcService.java:startImpl(158)) - b542397d-0a79-4b2f-bca4-8988c4585f57: GrpcService started, listening on 0.0.0.0/0.0.0.0:37714
2019-09-19 13:05:50,876 [Datanode State Machine Thread - 0] INFO  server.GrpcService (GrpcService.java:startImpl(158)) - cf73b394-96ec-4032-9230-43540487e60d: GrpcService started, listening on 0.0.0.0/0.0.0.0:45267
2019-09-19 13:05:50,877 [Datanode State Machine Thread - 0] INFO  ratis.XceiverServerRatis (XceiverServerRatis.java:start(414)) - XceiverServerRatis b542397d-0a79-4b2f-bca4-8988c4585f57 is started using port 37714
2019-09-19 13:05:50,877 [Datanode State Machine Thread - 0] INFO  ratis.XceiverServerRatis (XceiverServerRatis.java:start(414)) - XceiverServerRatis fc54a72e-a47f-4136-9ed5-ca4a72c32f0a is started using port 35339
2019-09-19 13:05:50,878 [Datanode State Machine Thread - 0] INFO  ratis.XceiverServerRatis (XceiverServerRatis.java:start(414)) - XceiverServerRatis cf73b394-96ec-4032-9230-43540487e60d is started using port 45267
2019-09-19 13:05:50,883 [Datanode State Machine Thread - 0] INFO  server.XceiverServerGrpc (XceiverServerGrpc.java:start(163)) - XceiverServerGrpc cf73b394-96ec-4032-9230-43540487e60d is started using port 37662
2019-09-19 13:05:50,883 [Datanode State Machine Thread - 0] INFO  server.XceiverServerGrpc (XceiverServerGrpc.java:start(163)) - XceiverServerGrpc b542397d-0a79-4b2f-bca4-8988c4585f57 is started using port 33398
2019-09-19 13:05:50,883 [Datanode State Machine Thread - 0] INFO  server.XceiverServerGrpc (XceiverServerGrpc.java:start(163)) - XceiverServerGrpc fc54a72e-a47f-4136-9ed5-ca4a72c32f0a is started using port 45914
2019-09-19 13:05:51,757 [main] INFO  ozone.MiniOzoneClusterImpl (MiniOzoneClusterImpl.java:lambda$waitForClusterToBeReady$0(140)) - Waiting for cluster to be ready. Got 0 of 3 DN Heartbeats.
2019-09-19 13:05:52,652 [IPC Server handler 1 on 33461] INFO  net.NetworkTopology (NetworkTopologyImpl.java:add(110)) - Added a new node: /default-rack/cf73b394-96ec-4032-9230-43540487e60d
2019-09-19 13:05:52,652 [IPC Server handler 1 on 33461] INFO  node.SCMNodeManager (SCMNodeManager.java:register(266)) - Registered Data node : cf73b394-96ec-4032-9230-43540487e60d{ip: 192.168.34.13, host: pr-hdds-2153-g484h-410672627, networkLocation: /default-rack, certSerialId: null}
2019-09-19 13:05:52,657 [EventQueue-NodeRegistrationContainerReportForDataNodeSafeModeRule] INFO  safemode.SCMSafeModeManager (DataNodeSafeModeRule.java:process(71)) - SCM in safe mode. 1 DataNodes registered, 1 required.
2019-09-19 13:05:52,658 [EventQueue-NodeRegistrationContainerReportForDataNodeSafeModeRule] INFO  safemode.SCMSafeModeManager (SCMSafeModeManager.java:validateSafeModeExitRules(177)) - ScmSafeModeManager, all rules are successfully validated
2019-09-19 13:05:52,658 [EventQueue-NodeRegistrationContainerReportForDataNodeSafeModeRule] INFO  safemode.SCMSafeModeManager (SCMSafeModeManager.java:exitSafeMode(193)) - SCM exiting safe mode.
2019-09-19 13:05:52,682 [IPC Server handler 2 on 33461] INFO  net.NetworkTopology (NetworkTopologyImpl.java:add(110)) - Added a new node: /default-rack/b542397d-0a79-4b2f-bca4-8988c4585f57
2019-09-19 13:05:52,682 [IPC Server handler 2 on 33461] INFO  node.SCMNodeManager (SCMNodeManager.java:register(266)) - Registered Data node : b542397d-0a79-4b2f-bca4-8988c4585f57{ip: 192.168.34.13, host: pr-hdds-2153-g484h-410672627, networkLocation: /default-rack, certSerialId: null}
2019-09-19 13:05:52,758 [main] INFO  ozone.MiniOzoneClusterImpl (MiniOzoneClusterImpl.java:lambda$waitForClusterToBeReady$0(140)) - Waiting for cluster to be ready. Got 2 of 3 DN Heartbeats.
2019-09-19 13:05:52,760 [IPC Server handler 3 on 33461] INFO  net.NetworkTopology (NetworkTopologyImpl.java:add(110)) - Added a new node: /default-rack/fc54a72e-a47f-4136-9ed5-ca4a72c32f0a
2019-09-19 13:05:52,761 [IPC Server handler 3 on 33461] INFO  node.SCMNodeManager (SCMNodeManager.java:register(266)) - Registered Data node : fc54a72e-a47f-4136-9ed5-ca4a72c32f0a{ip: 192.168.34.13, host: pr-hdds-2153-g484h-410672627, networkLocation: /default-rack, certSerialId: null}
2019-09-19 13:05:53,179 [grpc-default-executor-0] INFO  impl.RaftServerProxy (RaftServerProxy.java:addNew(89)) - cf73b394-96ec-4032-9230-43540487e60d: addNew group-A39A38AEA846:[cf73b394-96ec-4032-9230-43540487e60d:192.168.34.13:45267] returns group-A39A38AEA846:java.util.concurrent.CompletableFuture@7872b72f[Not completed]
2019-09-19 13:05:53,195 [pool-27-thread-1] INFO  impl.RaftServerImpl (RaftServerImpl.java:<init>(95)) - cf73b394-96ec-4032-9230-43540487e60d: new RaftServerImpl for group-A39A38AEA846:[cf73b394-96ec-4032-9230-43540487e60d:192.168.34.13:45267] with ContainerStateMachine:uninitialized
2019-09-19 13:05:53,198 [pool-27-thread-1] INFO  server.RaftServerConfigKeys (ConfUtils.java:logGet(43)) - raft.server.rpc.timeout.min = 5s (custom)
2019-09-19 13:05:53,200 [pool-27-thread-1] INFO  server.RaftServerConfigKeys (ConfUtils.java:logGet(43)) - raft.server.rpc.timeout.max = 5200ms (custom)
2019-09-19 13:05:53,200 [pool-27-thread-1] INFO  server.RaftServerConfigKeys (ConfUtils.java:logGet(43)) - raft.server.rpcslowness.timeout = 120s (custom)
2019-09-19 13:05:53,201 [pool-27-thread-1] INFO  server.RaftServerConfigKeys (ConfUtils.java:logGet(43)) - raft.server.sleep.deviation.threshold = 300 (default)
2019-09-19 13:05:53,202 [pool-27-thread-1] INFO  server.RaftServerConfigKeys (ConfUtils.java:logGet(43)) - raft.server.log.appender.install.snapshot.enabled = false (custom)
2019-09-19 13:05:53,209 [pool-27-thread-1] INFO  impl.RaftServerImpl (ServerState.java:<init>(103)) - cf73b394-96ec-4032-9230-43540487e60d@group-A39A38AEA846: ConfigurationManager, init=-1: [cf73b394-96ec-4032-9230-43540487e60d:192.168.34.13:45267], old=null, confs=<EMPTY_MAP>
2019-09-19 13:05:53,210 [pool-27-thread-1] INFO  server.RaftServerConfigKeys (ConfUtils.java:logGet(43)) - raft.server.storage.dir = [/workdir/hadoop-ozone/tools/target/test-dir/MiniOzoneClusterImpl-15fc9b53-d736-4c3b-858f-342726019016/datanode-0/data/ratis] (custom)
2019-09-19 13:05:53,216 [pool-27-thread-1] INFO  storage.RaftStorageDirectory (RaftStorageDirectory.java:analyzeStorage(246)) - The storage directory /workdir/hadoop-ozone/tools/target/test-dir/MiniOzoneClusterImpl-15fc9b53-d736-4c3b-858f-342726019016/datanode-0/data/ratis/cbdebc56-01f0-4e5e-8e35-a39a38aea846 does not exist. Creating ...
2019-09-19 13:05:53,235 [pool-27-thread-1] INFO  storage.RaftStorageDirectory (RaftStorageDirectory.java:tryLock(328)) - Lock on /workdir/hadoop-ozone/tools/target/test-dir/MiniOzoneClusterImpl-15fc9b53-d736-4c3b-858f-342726019016/datanode-0/data/ratis/cbdebc56-01f0-4e5e-8e35-a39a38aea846/in_use.lock acquired by nodename 26476@pr-hdds-2153-g484h-410672627
2019-09-19 13:05:53,255 [pool-27-thread-1] INFO  storage.RaftStorage (RaftStorage.java:format(72)) - Storage directory /workdir/hadoop-ozone/tools/target/test-dir/MiniOzoneClusterImpl-15fc9b53-d736-4c3b-858f-342726019016/datanode-0/data/ratis/cbdebc56-01f0-4e5e-8e35-a39a38aea846 has been successfully formatted.
2019-09-19 13:05:53,258 [pool-27-thread-1] INFO  ratis.ContainerStateMachine (ContainerStateMachine.java:loadSnapshot(230)) - group-A39A38AEA846: The snapshot info is null. Setting the last applied indexto:(t:0, i:~)
2019-09-19 13:05:53,258 [pool-27-thread-1] INFO  server.RaftServerConfigKeys (ConfUtils.java:logGet(43)) - raft.server.notification.no-leader.timeout = 120s (custom)
2019-09-19 13:05:53,260 [pool-27-thread-1] INFO  server.RaftServerConfigKeys (ConfUtils.java:logGet(43)) - raft.server.log.use.memory = false (default)
2019-09-19 13:05:53,265 [pool-27-thread-1] INFO  server.RaftServerConfigKeys (ConfUtils.java:logGet(43)) - raft.server.log.purge.gap = 1000000 (custom)
2019-09-19 13:05:53,265 [pool-27-thread-1] INFO  server.RaftServerConfigKeys (ConfUtils.java:logGet(43)) - raft.server.log.appender.buffer.byte-limit = 33554432 (custom)
2019-09-19 13:05:53,267 [pool-27-thread-1] INFO  server.RaftServerConfigKeys (ConfUtils.java:logGet(43)) - raft.server.log.segment.size.max = 1048576 (custom)
2019-09-19 13:05:53,271 [pool-27-thread-1] INFO  server.RaftServerConfigKeys (ConfUtils.java:logGet(43)) - raft.server.log.segment.cache.num.max = 2 (custom)
2019-09-19 13:05:53,275 [pool-27-thread-1] INFO  segmented.SegmentedRaftLogWorker (SegmentedRaftLogWorker.java:<init>(172)) - new cf73b394-96ec-4032-9230-43540487e60d@group-A39A38AEA846-SegmentedRaftLogWorker for RaftStorage:Storage Directory /workdir/hadoop-ozone/tools/target/test-dir/MiniOzoneClusterImpl-15fc9b53-d736-4c3b-858f-342726019016/datanode-0/data/ratis/cbdebc56-01f0-4e5e-8e35-a39a38aea846
2019-09-19 13:05:53,277 [pool-27-thread-1] INFO  impl.MetricsSystemImpl (MetricsSystemImpl.java:init(158)) - ratis metrics system started (again)
2019-09-19 13:05:53,310 [pool-27-thread-1] INFO  server.RaftServerConfigKeys (ConfUtils.java:logGet(43)) - raft.server.log.queue.byte-limit = 2147483647 (custom)
2019-09-19 13:05:53,311 [pool-27-thread-1] INFO  server.RaftServerConfigKeys (ConfUtils.java:logGet(43)) - raft.server.log.queue.element-limit = 1024 (custom)
2019-09-19 13:05:53,314 [pool-27-thread-1] INFO  server.RaftServerConfigKeys (ConfUtils.java:logGet(43)) - raft.server.log.segment.size.max = 1048576 (custom)
2019-09-19 13:05:53,314 [pool-27-thread-1] INFO  server.RaftServerConfigKeys (ConfUtils.java:logGet(43)) - raft.server.log.preallocated.size = 16384 (custom)
2019-09-19 13:05:53,315 [pool-27-thread-1] INFO  server.RaftServerConfigKeys (ConfUtils.java:logGet(43)) - raft.server.log.write.buffer.size = 33554432 (custom)
2019-09-19 13:05:53,315 [pool-27-thread-1] INFO  server.RaftServerConfigKeys (ConfUtils.java:logGet(43)) - raft.server.log.force.sync.num = 128 (default)
2019-09-19 13:05:53,316 [pool-27-thread-1] INFO  server.RaftServerConfigKeys (ConfUtils.java:logGet(43)) - raft.server.log.statemachine.data.sync = true (default)
2019-09-19 13:05:53,316 [pool-27-thread-1] INFO  server.RaftServerConfigKeys (ConfUtils.java:logGet(43)) - raft.server.log.statemachine.data.sync.timeout = 10s (default)
2019-09-19 13:05:53,317 [pool-27-thread-1] INFO  server.RaftServerConfigKeys (ConfUtils.java:logGet(43)) - raft.server.log.statemachine.data.sync.timeout.retry = -1 (default)
2019-09-19 13:05:53,327 [pool-27-thread-1] INFO  server.RaftServerConfigKeys (ConfUtils.java:logGet(43)) - raft.server.log.statemachine.data.caching.enabled = true (custom)
2019-09-19 13:05:53,332 [pool-27-thread-1] INFO  segmented.SegmentedRaftLogWorker (SegmentedRaftLogWorker.java:lambda$new$0(132)) - cf73b394-96ec-4032-9230-43540487e60d@group-A39A38AEA846-SegmentedRaftLogWorker: flushIndex: setUnconditionally 0 -> -1
2019-09-19 13:05:53,336 [pool-27-thread-1] INFO  server.RaftServerConfigKeys (ConfUtils.java:logGet(43)) - raft.server.snapshot.auto.trigger.enabled = true (custom)
2019-09-19 13:05:53,338 [pool-27-thread-1] INFO  server.RaftServerConfigKeys (ConfUtils.java:logGet(43)) - raft.server.snapshot.auto.trigger.threshold = 10000 (custom)
2019-09-19 13:05:53,338 [pool-27-thread-1] INFO  server.RaftServerConfigKeys (ConfUtils.java:logGet(43)) - raft.server.snapshot.retention.num.files = -1 (default)
2019-09-19 13:05:53,339 [pool-27-thread-1] INFO  server.RaftServerConfigKeys (ConfUtils.java:logGet(43)) - raft.server.retrycache.expirytime = 600000ms (custom)
2019-09-19 13:05:53,366 [pool-27-thread-1] INFO  impl.RaftServerImpl (RaftServerImpl.java:start(185)) - cf73b394-96ec-4032-9230-43540487e60d@group-A39A38AEA846: start as a follower, conf=-1: [cf73b394-96ec-4032-9230-43540487e60d:192.168.34.13:45267], old=null
2019-09-19 13:05:53,368 [pool-27-thread-1] INFO  impl.RaftServerImpl (RaftServerImpl.java:setRole(174)) - cf73b394-96ec-4032-9230-43540487e60d@group-A39A38AEA846: changes role from      null to FOLLOWER at term 0 for startAsFollower
2019-09-19 13:05:53,369 [pool-27-thread-1] INFO  impl.RoleInfo (RoleInfo.java:updateAndGet(143)) - cf73b394-96ec-4032-9230-43540487e60d: start FollowerState
2019-09-19 13:05:53,371 [pool-27-thread-1] INFO  util.JmxRegister (JmxRegister.java:tryRegister(44)) - Successfully registered JMX Bean with object name Ratis:service=RaftServer,group=group-A39A38AEA846,id=cf73b394-96ec-4032-9230-43540487e60d
2019-09-19 13:05:53,432 [RatisPipelineUtilsThread] INFO  pipeline.PipelineStateManager (PipelineStateManager.java:addPipeline(56)) - Created pipeline Pipeline[ Id: cbdebc56-01f0-4e5e-8e35-a39a38aea846, Nodes: cf73b394-96ec-4032-9230-43540487e60d{ip: 192.168.34.13, host: pr-hdds-2153-g484h-410672627, networkLocation: /default-rack, certSerialId: null}, Type:RATIS, Factor:ONE, State:OPEN]
2019-09-19 13:05:53,450 [grpc-default-executor-0] INFO  impl.RaftServerProxy (RaftServerProxy.java:addNew(89)) - fc54a72e-a47f-4136-9ed5-ca4a72c32f0a: addNew group-C0E020D30797:[fc54a72e-a47f-4136-9ed5-ca4a72c32f0a:192.168.34.13:35339] returns group-C0E020D30797:java.util.concurrent.CompletableFuture@f59a822[Not completed]
2019-09-19 13:05:53,475 [pool-47-thread-1] INFO  impl.RaftServerImpl (RaftServerImpl.java:<init>(95)) - fc54a72e-a47f-4136-9ed5-ca4a72c32f0a: new RaftServerImpl for group-C0E020D30797:[fc54a72e-a47f-4136-9ed5-ca4a72c32f0a:192.168.34.13:35339] with ContainerStateMachine:uninitialized
2019-09-19 13:05:53,477 [pool-47-thread-1] INFO  server.RaftServerConfigKeys (ConfUtils.java:logGet(43)) - raft.server.rpc.timeout.min = 5s (custom)
2019-09-19 13:05:53,477 [pool-47-thread-1] INFO  server.RaftServerConfigKeys (ConfUtils.java:logGet(43)) - raft.server.rpc.timeout.max = 5200ms (custom)
2019-09-19 13:05:53,478 [pool-47-thread-1] INFO  server.RaftServerConfigKeys (ConfUtils.java:logGet(43)) - raft.server.rpcslowness.timeout = 120s (custom)
2019-09-19 13:05:53,478 [pool-47-thread-1] INFO  server.RaftServerConfigKeys (ConfUtils.java:logGet(43)) - raft.server.sleep.deviation.threshold = 300 (default)
2019-09-19 13:05:53,478 [pool-47-thread-1] INFO  server.RaftServerConfigKeys (ConfUtils.java:logGet(43)) - raft.server.log.appender.install.snapshot.enabled = false (custom)
2019-09-19 13:05:53,478 [pool-47-thread-1] INFO  impl.RaftServerImpl (ServerState.java:<init>(103)) - fc54a72e-a47f-4136-9ed5-ca4a72c32f0a@group-C0E020D30797: ConfigurationManager, init=-1: [fc54a72e-a47f-4136-9ed5-ca4a72c32f0a:192.168.34.13:35339], old=null, confs=<EMPTY_MAP>
2019-09-19 13:05:53,479 [pool-47-thread-1] INFO  server.RaftServerConfigKeys (ConfUtils.java:logGet(43)) - raft.server.storage.dir = [/workdir/hadoop-ozone/tools/target/test-dir/MiniOzoneClusterImpl-15fc9b53-d736-4c3b-858f-342726019016/datanode-2/data/ratis] (custom)
2019-09-19 13:05:53,479 [pool-47-thread-1] INFO  storage.RaftStorageDirectory (RaftStorageDirectory.java:analyzeStorage(246)) - The storage directory /workdir/hadoop-ozone/tools/target/test-dir/MiniOzoneClusterImpl-15fc9b53-d736-4c3b-858f-342726019016/datanode-2/data/ratis/8e2866ee-aa86-425a-813a-c0e020d30797 does not exist. Creating ...
2019-09-19 13:05:53,506 [pool-47-thread-1] INFO  storage.RaftStorageDirectory (RaftStorageDirectory.java:tryLock(328)) - Lock on /workdir/hadoop-ozone/tools/target/test-dir/MiniOzoneClusterImpl-15fc9b53-d736-4c3b-858f-342726019016/datanode-2/data/ratis/8e2866ee-aa86-425a-813a-c0e020d30797/in_use.lock acquired by nodename 26476@pr-hdds-2153-g484h-410672627
2019-09-19 13:05:53,524 [pool-47-thread-1] INFO  storage.RaftStorage (RaftStorage.java:format(72)) - Storage directory /workdir/hadoop-ozone/tools/target/test-dir/MiniOzoneClusterImpl-15fc9b53-d736-4c3b-858f-342726019016/datanode-2/data/ratis/8e2866ee-aa86-425a-813a-c0e020d30797 has been successfully formatted.
2019-09-19 13:05:53,525 [pool-47-thread-1] INFO  ratis.ContainerStateMachine (ContainerStateMachine.java:loadSnapshot(230)) - group-C0E020D30797: The snapshot info is null. Setting the last applied indexto:(t:0, i:~)
2019-09-19 13:05:53,526 [pool-47-thread-1] INFO  server.RaftServerConfigKeys (ConfUtils.java:logGet(43)) - raft.server.notification.no-leader.timeout = 120s (custom)
2019-09-19 13:05:53,526 [pool-47-thread-1] INFO  server.RaftServerConfigKeys (ConfUtils.java:logGet(43)) - raft.server.log.use.memory = false (default)
2019-09-19 13:05:53,526 [pool-47-thread-1] INFO  server.RaftServerConfigKeys (ConfUtils.java:logGet(43)) - raft.server.log.purge.gap = 1000000 (custom)
2019-09-19 13:05:53,526 [pool-47-thread-1] INFO  server.RaftServerConfigKeys (ConfUtils.java:logGet(43)) - raft.server.log.appender.buffer.byte-limit = 33554432 (custom)
2019-09-19 13:05:53,527 [pool-47-thread-1] INFO  server.RaftServerConfigKeys (ConfUtils.java:logGet(43)) - raft.server.log.segment.size.max = 1048576 (custom)
2019-09-19 13:05:53,527 [pool-47-thread-1] INFO  server.RaftServerConfigKeys (ConfUtils.java:logGet(43)) - raft.server.log.segment.cache.num.max = 2 (custom)
2019-09-19 13:05:53,527 [pool-47-thread-1] INFO  segmented.SegmentedRaftLogWorker (SegmentedRaftLogWorker.java:<init>(172)) - new fc54a72e-a47f-4136-9ed5-ca4a72c32f0a@group-C0E020D30797-SegmentedRaftLogWorker for RaftStorage:Storage Directory /workdir/hadoop-ozone/tools/target/test-dir/MiniOzoneClusterImpl-15fc9b53-d736-4c3b-858f-342726019016/datanode-2/data/ratis/8e2866ee-aa86-425a-813a-c0e020d30797
2019-09-19 13:05:53,533 [pool-47-thread-1] INFO  server.RaftServerConfigKeys (ConfUtils.java:logGet(43)) - raft.server.log.queue.byte-limit = 2147483647 (custom)
2019-09-19 13:05:53,533 [pool-47-thread-1] INFO  server.RaftServerConfigKeys (ConfUtils.java:logGet(43)) - raft.server.log.queue.element-limit = 1024 (custom)
2019-09-19 13:05:53,533 [pool-47-thread-1] INFO  server.RaftServerConfigKeys (ConfUtils.java:logGet(43)) - raft.server.log.segment.size.max = 1048576 (custom)
2019-09-19 13:05:53,534 [pool-47-thread-1] INFO  server.RaftServerConfigKeys (ConfUtils.java:logGet(43)) - raft.server.log.preallocated.size = 16384 (custom)
2019-09-19 13:05:53,534 [pool-47-thread-1] INFO  server.RaftServerConfigKeys (ConfUtils.java:logGet(43)) - raft.server.log.write.buffer.size = 33554432 (custom)
2019-09-19 13:05:53,534 [pool-47-thread-1] INFO  server.RaftServerConfigKeys (ConfUtils.java:logGet(43)) - raft.server.log.force.sync.num = 128 (default)
2019-09-19 13:05:53,534 [pool-47-thread-1] INFO  server.RaftServerConfigKeys (ConfUtils.java:logGet(43)) - raft.server.log.statemachine.data.sync = true (default)
2019-09-19 13:05:53,534 [pool-47-thread-1] INFO  server.RaftServerConfigKeys (ConfUtils.java:logGet(43)) - raft.server.log.statemachine.data.sync.timeout = 10s (default)
2019-09-19 13:05:53,534 [pool-47-thread-1] INFO  server.RaftServerConfigKeys (ConfUtils.java:logGet(43)) - raft.server.log.statemachine.data.sync.timeout.retry = -1 (default)
2019-09-19 13:05:53,535 [pool-47-thread-1] INFO  server.RaftServerConfigKeys (ConfUtils.java:logGet(43)) - raft.server.log.statemachine.data.caching.enabled = true (custom)
2019-09-19 13:05:53,535 [pool-47-thread-1] INFO  segmented.SegmentedRaftLogWorker (SegmentedRaftLogWorker.java:lambda$new$0(132)) - fc54a72e-a47f-4136-9ed5-ca4a72c32f0a@group-C0E020D30797-SegmentedRaftLogWorker: flushIndex: setUnconditionally 0 -> -1
2019-09-19 13:05:53,536 [pool-47-thread-1] INFO  server.RaftServerConfigKeys (ConfUtils.java:logGet(43)) - raft.server.snapshot.auto.trigger.enabled = true (custom)
2019-09-19 13:05:53,536 [pool-47-thread-1] INFO  server.RaftServerConfigKeys (ConfUtils.java:logGet(43)) - raft.server.snapshot.auto.trigger.threshold = 10000 (custom)
2019-09-19 13:05:53,536 [pool-47-thread-1] INFO  server.RaftServerConfigKeys (ConfUtils.java:logGet(43)) - raft.server.snapshot.retention.num.files = -1 (default)
2019-09-19 13:05:53,536 [pool-47-thread-1] INFO  server.RaftServerConfigKeys (ConfUtils.java:logGet(43)) - raft.server.retrycache.expirytime = 600000ms (custom)
2019-09-19 13:05:53,541 [pool-47-thread-1] INFO  impl.RaftServerImpl (RaftServerImpl.java:start(185)) - fc54a72e-a47f-4136-9ed5-ca4a72c32f0a@group-C0E020D30797: start as a follower, conf=-1: [fc54a72e-a47f-4136-9ed5-ca4a72c32f0a:192.168.34.13:35339], old=null
2019-09-19 13:05:53,541 [pool-47-thread-1] INFO  impl.RaftServerImpl (RaftServerImpl.java:setRole(174)) - fc54a72e-a47f-4136-9ed5-ca4a72c32f0a@group-C0E020D30797: changes role from      null to FOLLOWER at term 0 for startAsFollower
2019-09-19 13:05:53,542 [pool-47-thread-1] INFO  impl.RoleInfo (RoleInfo.java:updateAndGet(143)) - fc54a72e-a47f-4136-9ed5-ca4a72c32f0a: start FollowerState
2019-09-19 13:05:53,543 [pool-47-thread-1] INFO  util.JmxRegister (JmxRegister.java:tryRegister(44)) - Successfully registered JMX Bean with object name Ratis:service=RaftServer,group=group-C0E020D30797,id=fc54a72e-a47f-4136-9ed5-ca4a72c32f0a
2019-09-19 13:05:53,558 [RatisPipelineUtilsThread] INFO  pipeline.PipelineStateManager (PipelineStateManager.java:addPipeline(56)) - Created pipeline Pipeline[ Id: 8e2866ee-aa86-425a-813a-c0e020d30797, Nodes: fc54a72e-a47f-4136-9ed5-ca4a72c32f0a{ip: 192.168.34.13, host: pr-hdds-2153-g484h-410672627, networkLocation: /default-rack, certSerialId: null}, Type:RATIS, Factor:ONE, State:OPEN]
2019-09-19 13:05:53,577 [grpc-default-executor-0] INFO  impl.RaftServerProxy (RaftServerProxy.java:addNew(89)) - b542397d-0a79-4b2f-bca4-8988c4585f57: addNew group-5BB749186E0F:[b542397d-0a79-4b2f-bca4-8988c4585f57:192.168.34.13:37714] returns group-5BB749186E0F:java.util.concurrent.CompletableFuture@662b53db[Not completed]
2019-09-19 13:05:53,594 [pool-37-thread-1] INFO  impl.RaftServerImpl (RaftServerImpl.java:<init>(95)) - b542397d-0a79-4b2f-bca4-8988c4585f57: new RaftServerImpl for group-5BB749186E0F:[b542397d-0a79-4b2f-bca4-8988c4585f57:192.168.34.13:37714] with ContainerStateMachine:uninitialized
2019-09-19 13:05:53,595 [pool-37-thread-1] INFO  server.RaftServerConfigKeys (ConfUtils.java:logGet(43)) - raft.server.rpc.timeout.min = 5s (custom)
2019-09-19 13:05:53,595 [pool-37-thread-1] INFO  server.RaftServerConfigKeys (ConfUtils.java:logGet(43)) - raft.server.rpc.timeout.max = 5200ms (custom)
2019-09-19 13:05:53,595 [pool-37-thread-1] INFO  server.RaftServerConfigKeys (ConfUtils.java:logGet(43)) - raft.server.rpcslowness.timeout = 120s (custom)
2019-09-19 13:05:53,595 [pool-37-thread-1] INFO  server.RaftServerConfigKeys (ConfUtils.java:logGet(43)) - raft.server.sleep.deviation.threshold = 300 (default)
2019-09-19 13:05:53,595 [pool-37-thread-1] INFO  server.RaftServerConfigKeys (ConfUtils.java:logGet(43)) - raft.server.log.appender.install.snapshot.enabled = false (custom)
2019-09-19 13:05:53,596 [pool-37-thread-1] INFO  impl.RaftServerImpl (ServerState.java:<init>(103)) - b542397d-0a79-4b2f-bca4-8988c4585f57@group-5BB749186E0F: ConfigurationManager, init=-1: [b542397d-0a79-4b2f-bca4-8988c4585f57:192.168.34.13:37714], old=null, confs=<EMPTY_MAP>
2019-09-19 13:05:53,596 [pool-37-thread-1] INFO  server.RaftServerConfigKeys (ConfUtils.java:logGet(43)) - raft.server.storage.dir = [/workdir/hadoop-ozone/tools/target/test-dir/MiniOzoneClusterImpl-15fc9b53-d736-4c3b-858f-342726019016/datanode-1/data/ratis] (custom)
2019-09-19 13:05:53,596 [pool-37-thread-1] INFO  storage.RaftStorageDirectory (RaftStorageDirectory.java:analyzeStorage(246)) - The storage directory /workdir/hadoop-ozone/tools/target/test-dir/MiniOzoneClusterImpl-15fc9b53-d736-4c3b-858f-342726019016/datanode-1/data/ratis/36887bf9-354b-4a28-8668-5bb749186e0f does not exist. Creating ...
2019-09-19 13:05:53,609 [pool-37-thread-1] INFO  storage.RaftStorageDirectory (RaftStorageDirectory.java:tryLock(328)) - Lock on /workdir/hadoop-ozone/tools/target/test-dir/MiniOzoneClusterImpl-15fc9b53-d736-4c3b-858f-342726019016/datanode-1/data/ratis/36887bf9-354b-4a28-8668-5bb749186e0f/in_use.lock acquired by nodename 26476@pr-hdds-2153-g484h-410672627
2019-09-19 13:05:53,622 [pool-37-thread-1] INFO  storage.RaftStorage (RaftStorage.java:format(72)) - Storage directory /workdir/hadoop-ozone/tools/target/test-dir/MiniOzoneClusterImpl-15fc9b53-d736-4c3b-858f-342726019016/datanode-1/data/ratis/36887bf9-354b-4a28-8668-5bb749186e0f has been successfully formatted.
2019-09-19 13:05:53,623 [pool-37-thread-1] INFO  ratis.ContainerStateMachine (ContainerStateMachine.java:loadSnapshot(230)) - group-5BB749186E0F: The snapshot info is null. Setting the last applied indexto:(t:0, i:~)
2019-09-19 13:05:53,623 [pool-37-thread-1] INFO  server.RaftServerConfigKeys (ConfUtils.java:logGet(43)) - raft.server.notification.no-leader.timeout = 120s (custom)
2019-09-19 13:05:53,623 [pool-37-thread-1] INFO  server.RaftServerConfigKeys (ConfUtils.java:logGet(43)) - raft.server.log.use.memory = false (default)
2019-09-19 13:05:53,623 [pool-37-thread-1] INFO  server.RaftServerConfigKeys (ConfUtils.java:logGet(43)) - raft.server.log.purge.gap = 1000000 (custom)
2019-09-19 13:05:53,623 [pool-37-thread-1] INFO  server.RaftServerConfigKeys (ConfUtils.java:logGet(43)) - raft.server.log.appender.buffer.byte-limit = 33554432 (custom)
2019-09-19 13:05:53,624 [pool-37-thread-1] INFO  server.RaftServerConfigKeys (ConfUtils.java:logGet(43)) - raft.server.log.segment.size.max = 1048576 (custom)
2019-09-19 13:05:53,624 [pool-37-thread-1] INFO  server.RaftServerConfigKeys (ConfUtils.java:logGet(43)) - raft.server.log.segment.cache.num.max = 2 (custom)
2019-09-19 13:05:53,624 [pool-37-thread-1] INFO  segmented.SegmentedRaftLogWorker (SegmentedRaftLogWorker.java:<init>(172)) - new b542397d-0a79-4b2f-bca4-8988c4585f57@group-5BB749186E0F-SegmentedRaftLogWorker for RaftStorage:Storage Directory /workdir/hadoop-ozone/tools/target/test-dir/MiniOzoneClusterImpl-15fc9b53-d736-4c3b-858f-342726019016/datanode-1/data/ratis/36887bf9-354b-4a28-8668-5bb749186e0f
2019-09-19 13:05:53,654 [pool-37-thread-1] INFO  server.RaftServerConfigKeys (ConfUtils.java:logGet(43)) - raft.server.log.queue.byte-limit = 2147483647 (custom)
2019-09-19 13:05:53,654 [pool-37-thread-1] INFO  server.RaftServerConfigKeys (ConfUtils.java:logGet(43)) - raft.server.log.queue.element-limit = 1024 (custom)
2019-09-19 13:05:53,654 [pool-37-thread-1] INFO  server.RaftServerConfigKeys (ConfUtils.java:logGet(43)) - raft.server.log.segment.size.max = 1048576 (custom)
2019-09-19 13:05:53,654 [pool-37-thread-1] INFO  server.RaftServerConfigKeys (ConfUtils.java:logGet(43)) - raft.server.log.preallocated.size = 16384 (custom)
2019-09-19 13:05:53,655 [pool-37-thread-1] INFO  server.RaftServerConfigKeys (ConfUtils.java:logGet(43)) - raft.server.log.write.buffer.size = 33554432 (custom)
2019-09-19 13:05:53,655 [pool-37-thread-1] INFO  server.RaftServerConfigKeys (ConfUtils.java:logGet(43)) - raft.server.log.force.sync.num = 128 (default)
2019-09-19 13:05:53,655 [pool-37-thread-1] INFO  server.RaftServerConfigKeys (ConfUtils.java:logGet(43)) - raft.server.log.statemachine.data.sync = true (default)
2019-09-19 13:05:53,655 [pool-37-thread-1] INFO  server.RaftServerConfigKeys (ConfUtils.java:logGet(43)) - raft.server.log.statemachine.data.sync.timeout = 10s (default)
2019-09-19 13:05:53,655 [pool-37-thread-1] INFO  server.RaftServerConfigKeys (ConfUtils.java:logGet(43)) - raft.server.log.statemachine.data.sync.timeout.retry = -1 (default)
2019-09-19 13:05:53,656 [pool-37-thread-1] INFO  server.RaftServerConfigKeys (ConfUtils.java:logGet(43)) - raft.server.log.statemachine.data.caching.enabled = true (custom)
2019-09-19 13:05:53,657 [pool-37-thread-1] INFO  segmented.SegmentedRaftLogWorker (SegmentedRaftLogWorker.java:lambda$new$0(132)) - b542397d-0a79-4b2f-bca4-8988c4585f57@group-5BB749186E0F-SegmentedRaftLogWorker: flushIndex: setUnconditionally 0 -> -1
2019-09-19 13:05:53,657 [pool-37-thread-1] INFO  server.RaftServerConfigKeys (ConfUtils.java:logGet(43)) - raft.server.snapshot.auto.trigger.enabled = true (custom)
2019-09-19 13:05:53,657 [pool-37-thread-1] INFO  server.RaftServerConfigKeys (ConfUtils.java:logGet(43)) - raft.server.snapshot.auto.trigger.threshold = 10000 (custom)
2019-09-19 13:05:53,657 [pool-37-thread-1] INFO  server.RaftServerConfigKeys (ConfUtils.java:logGet(43)) - raft.server.snapshot.retention.num.files = -1 (default)
2019-09-19 13:05:53,658 [pool-37-thread-1] INFO  server.RaftServerConfigKeys (ConfUtils.java:logGet(43)) - raft.server.retrycache.expirytime = 600000ms (custom)
2019-09-19 13:05:53,663 [pool-37-thread-1] INFO  impl.RaftServerImpl (RaftServerImpl.java:start(185)) - b542397d-0a79-4b2f-bca4-8988c4585f57@group-5BB749186E0F: start as a follower, conf=-1: [b542397d-0a79-4b2f-bca4-8988c4585f57:192.168.34.13:37714], old=null
2019-09-19 13:05:53,663 [pool-37-thread-1] INFO  impl.RaftServerImpl (RaftServerImpl.java:setRole(174)) - b542397d-0a79-4b2f-bca4-8988c4585f57@group-5BB749186E0F: changes role from      null to FOLLOWER at term 0 for startAsFollower
2019-09-19 13:05:53,664 [pool-37-thread-1] INFO  impl.RoleInfo (RoleInfo.java:updateAndGet(143)) - b542397d-0a79-4b2f-bca4-8988c4585f57: start FollowerState
2019-09-19 13:05:53,664 [pool-37-thread-1] INFO  util.JmxRegister (JmxRegister.java:tryRegister(44)) - Successfully registered JMX Bean with object name Ratis:service=RaftServer,group=group-5BB749186E0F,id=b542397d-0a79-4b2f-bca4-8988c4585f57
2019-09-19 13:05:53,676 [RatisPipelineUtilsThread] INFO  pipeline.PipelineStateManager (PipelineStateManager.java:addPipeline(56)) - Created pipeline Pipeline[ Id: 36887bf9-354b-4a28-8668-5bb749186e0f, Nodes: b542397d-0a79-4b2f-bca4-8988c4585f57{ip: 192.168.34.13, host: pr-hdds-2153-g484h-410672627, networkLocation: /default-rack, certSerialId: null}, Type:RATIS, Factor:ONE, State:OPEN]
2019-09-19 13:05:53,711 [grpc-default-executor-2] INFO  impl.RaftServerProxy (RaftServerProxy.java:addNew(89)) - b542397d-0a79-4b2f-bca4-8988c4585f57: addNew group-1C24252B61C3:[fc54a72e-a47f-4136-9ed5-ca4a72c32f0a:192.168.34.13:35339, b542397d-0a79-4b2f-bca4-8988c4585f57:192.168.34.13:37714, cf73b394-96ec-4032-9230-43540487e60d:192.168.34.13:45267] returns group-1C24252B61C3:java.util.concurrent.CompletableFuture@2f70aaad[Not completed]
2019-09-19 13:05:53,715 [grpc-default-executor-2] INFO  impl.RaftServerProxy (RaftServerProxy.java:addNew(89)) - fc54a72e-a47f-4136-9ed5-ca4a72c32f0a: addNew group-1C24252B61C3:[fc54a72e-a47f-4136-9ed5-ca4a72c32f0a:192.168.34.13:35339, b542397d-0a79-4b2f-bca4-8988c4585f57:192.168.34.13:37714, cf73b394-96ec-4032-9230-43540487e60d:192.168.34.13:45267] returns group-1C24252B61C3:java.util.concurrent.CompletableFuture@6e4da096[Not completed]
2019-09-19 13:05:53,715 [pool-37-thread-1] INFO  impl.RaftServerImpl (RaftServerImpl.java:<init>(95)) - b542397d-0a79-4b2f-bca4-8988c4585f57: new RaftServerImpl for group-1C24252B61C3:[fc54a72e-a47f-4136-9ed5-ca4a72c32f0a:192.168.34.13:35339, b542397d-0a79-4b2f-bca4-8988c4585f57:192.168.34.13:37714, cf73b394-96ec-4032-9230-43540487e60d:192.168.34.13:45267] with ContainerStateMachine:uninitialized
2019-09-19 13:05:53,717 [pool-37-thread-1] INFO  server.RaftServerConfigKeys (ConfUtils.java:logGet(43)) - raft.server.rpc.timeout.min = 5s (custom)
2019-09-19 13:05:53,717 [pool-37-thread-1] INFO  server.RaftServerConfigKeys (ConfUtils.java:logGet(43)) - raft.server.rpc.timeout.max = 5200ms (custom)
2019-09-19 13:05:53,718 [pool-37-thread-1] INFO  server.RaftServerConfigKeys (ConfUtils.java:logGet(43)) - raft.server.rpcslowness.timeout = 120s (custom)
2019-09-19 13:05:53,718 [pool-37-thread-1] INFO  server.RaftServerConfigKeys (ConfUtils.java:logGet(43)) - raft.server.sleep.deviation.threshold = 300 (default)
2019-09-19 13:05:53,718 [pool-37-thread-1] INFO  server.RaftServerConfigKeys (ConfUtils.java:logGet(43)) - raft.server.log.appender.install.snapshot.enabled = false (custom)
2019-09-19 13:05:53,719 [pool-37-thread-1] INFO  impl.RaftServerImpl (ServerState.java:<init>(103)) - b542397d-0a79-4b2f-bca4-8988c4585f57@group-1C24252B61C3: ConfigurationManager, init=-1: [fc54a72e-a47f-4136-9ed5-ca4a72c32f0a:192.168.34.13:35339, b542397d-0a79-4b2f-bca4-8988c4585f57:192.168.34.13:37714, cf73b394-96ec-4032-9230-43540487e60d:192.168.34.13:45267], old=null, confs=<EMPTY_MAP>
2019-09-19 13:05:53,719 [pool-37-thread-1] INFO  server.RaftServerConfigKeys (ConfUtils.java:logGet(43)) - raft.server.storage.dir = [/workdir/hadoop-ozone/tools/target/test-dir/MiniOzoneClusterImpl-15fc9b53-d736-4c3b-858f-342726019016/datanode-1/data/ratis] (custom)
2019-09-19 13:05:53,719 [grpc-default-executor-2] INFO  impl.RaftServerProxy (RaftServerProxy.java:addNew(89)) - cf73b394-96ec-4032-9230-43540487e60d: addNew group-1C24252B61C3:[fc54a72e-a47f-4136-9ed5-ca4a72c32f0a:192.168.34.13:35339, b542397d-0a79-4b2f-bca4-8988c4585f57:192.168.34.13:37714, cf73b394-96ec-4032-9230-43540487e60d:192.168.34.13:45267] returns group-1C24252B61C3:java.util.concurrent.CompletableFuture@75e605ac[Not completed]
2019-09-19 13:05:53,720 [pool-37-thread-1] INFO  storage.RaftStorageDirectory (RaftStorageDirectory.java:analyzeStorage(246)) - The storage directory /workdir/hadoop-ozone/tools/target/test-dir/MiniOzoneClusterImpl-15fc9b53-d736-4c3b-858f-342726019016/datanode-1/data/ratis/5d8695b9-2179-4aa7-881b-1c24252b61c3 does not exist. Creating ...
2019-09-19 13:05:53,720 [pool-47-thread-1] INFO  impl.RaftServerImpl (RaftServerImpl.java:<init>(95)) - fc54a72e-a47f-4136-9ed5-ca4a72c32f0a: new RaftServerImpl for group-1C24252B61C3:[fc54a72e-a47f-4136-9ed5-ca4a72c32f0a:192.168.34.13:35339, b542397d-0a79-4b2f-bca4-8988c4585f57:192.168.34.13:37714, cf73b394-96ec-4032-9230-43540487e60d:192.168.34.13:45267] with ContainerStateMachine:uninitialized
2019-09-19 13:05:53,720 [pool-47-thread-1] INFO  server.RaftServerConfigKeys (ConfUtils.java:logGet(43)) - raft.server.rpc.timeout.min = 5s (custom)
2019-09-19 13:05:53,720 [pool-47-thread-1] INFO  server.RaftServerConfigKeys (ConfUtils.java:logGet(43)) - raft.server.rpc.timeout.max = 5200ms (custom)
2019-09-19 13:05:53,720 [pool-47-thread-1] INFO  server.RaftServerConfigKeys (ConfUtils.java:logGet(43)) - raft.server.rpcslowness.timeout = 120s (custom)
2019-09-19 13:05:53,721 [pool-47-thread-1] INFO  server.RaftServerConfigKeys (ConfUtils.java:logGet(43)) - raft.server.sleep.deviation.threshold = 300 (default)
2019-09-19 13:05:53,721 [pool-47-thread-1] INFO  server.RaftServerConfigKeys (ConfUtils.java:logGet(43)) - raft.server.log.appender.install.snapshot.enabled = false (custom)
2019-09-19 13:05:53,721 [pool-27-thread-1] INFO  impl.RaftServerImpl (RaftServerImpl.java:<init>(95)) - cf73b394-96ec-4032-9230-43540487e60d: new RaftServerImpl for group-1C24252B61C3:[fc54a72e-a47f-4136-9ed5-ca4a72c32f0a:192.168.34.13:35339, b542397d-0a79-4b2f-bca4-8988c4585f57:192.168.34.13:37714, cf73b394-96ec-4032-9230-43540487e60d:192.168.34.13:45267] with ContainerStateMachine:uninitialized
2019-09-19 13:05:53,721 [pool-47-thread-1] INFO  impl.RaftServerImpl (ServerState.java:<init>(103)) - fc54a72e-a47f-4136-9ed5-ca4a72c32f0a@group-1C24252B61C3: ConfigurationManager, init=-1: [fc54a72e-a47f-4136-9ed5-ca4a72c32f0a:192.168.34.13:35339, b542397d-0a79-4b2f-bca4-8988c4585f57:192.168.34.13:37714, cf73b394-96ec-4032-9230-43540487e60d:192.168.34.13:45267], old=null, confs=<EMPTY_MAP>
2019-09-19 13:05:53,721 [pool-27-thread-1] INFO  server.RaftServerConfigKeys (ConfUtils.java:logGet(43)) - raft.server.rpc.timeout.min = 5s (custom)
2019-09-19 13:05:53,722 [pool-47-thread-1] INFO  server.RaftServerConfigKeys (ConfUtils.java:logGet(43)) - raft.server.storage.dir = [/workdir/hadoop-ozone/tools/target/test-dir/MiniOzoneClusterImpl-15fc9b53-d736-4c3b-858f-342726019016/datanode-2/data/ratis] (custom)
2019-09-19 13:05:53,722 [pool-27-thread-1] INFO  server.RaftServerConfigKeys (ConfUtils.java:logGet(43)) - raft.server.rpc.timeout.max = 5200ms (custom)
2019-09-19 13:05:53,722 [pool-27-thread-1] INFO  server.RaftServerConfigKeys (ConfUtils.java:logGet(43)) - raft.server.rpcslowness.timeout = 120s (custom)
2019-09-19 13:05:53,722 [pool-27-thread-1] INFO  server.RaftServerConfigKeys (ConfUtils.java:logGet(43)) - raft.server.sleep.deviation.threshold = 300 (default)
2019-09-19 13:05:53,722 [pool-47-thread-1] INFO  storage.RaftStorageDirectory (RaftStorageDirectory.java:analyzeStorage(246)) - The storage directory /workdir/hadoop-ozone/tools/target/test-dir/MiniOzoneClusterImpl-15fc9b53-d736-4c3b-858f-342726019016/datanode-2/data/ratis/5d8695b9-2179-4aa7-881b-1c24252b61c3 does not exist. Creating ...
2019-09-19 13:05:53,722 [pool-27-thread-1] INFO  server.RaftServerConfigKeys (ConfUtils.java:logGet(43)) - raft.server.log.appender.install.snapshot.enabled = false (custom)
2019-09-19 13:05:53,722 [pool-27-thread-1] INFO  impl.RaftServerImpl (ServerState.java:<init>(103)) - cf73b394-96ec-4032-9230-43540487e60d@group-1C24252B61C3: ConfigurationManager, init=-1: [fc54a72e-a47f-4136-9ed5-ca4a72c32f0a:192.168.34.13:35339, b542397d-0a79-4b2f-bca4-8988c4585f57:192.168.34.13:37714, cf73b394-96ec-4032-9230-43540487e60d:192.168.34.13:45267], old=null, confs=<EMPTY_MAP>
2019-09-19 13:05:53,723 [pool-27-thread-1] INFO  server.RaftServerConfigKeys (ConfUtils.java:logGet(43)) - raft.server.storage.dir = [/workdir/hadoop-ozone/tools/target/test-dir/MiniOzoneClusterImpl-15fc9b53-d736-4c3b-858f-342726019016/datanode-0/data/ratis] (custom)
2019-09-19 13:05:53,723 [pool-27-thread-1] INFO  storage.RaftStorageDirectory (RaftStorageDirectory.java:analyzeStorage(246)) - The storage directory /workdir/hadoop-ozone/tools/target/test-dir/MiniOzoneClusterImpl-15fc9b53-d736-4c3b-858f-342726019016/datanode-0/data/ratis/5d8695b9-2179-4aa7-881b-1c24252b61c3 does not exist. Creating ...
2019-09-19 13:05:53,733 [pool-27-thread-1] INFO  storage.RaftStorageDirectory (RaftStorageDirectory.java:tryLock(328)) - Lock on /workdir/hadoop-ozone/tools/target/test-dir/MiniOzoneClusterImpl-15fc9b53-d736-4c3b-858f-342726019016/datanode-0/data/ratis/5d8695b9-2179-4aa7-881b-1c24252b61c3/in_use.lock acquired by nodename 26476@pr-hdds-2153-g484h-410672627
2019-09-19 13:05:53,733 [pool-47-thread-1] INFO  storage.RaftStorageDirectory (RaftStorageDirectory.java:tryLock(328)) - Lock on /workdir/hadoop-ozone/tools/target/test-dir/MiniOzoneClusterImpl-15fc9b53-d736-4c3b-858f-342726019016/datanode-2/data/ratis/5d8695b9-2179-4aa7-881b-1c24252b61c3/in_use.lock acquired by nodename 26476@pr-hdds-2153-g484h-410672627
2019-09-19 13:05:53,733 [pool-37-thread-1] INFO  storage.RaftStorageDirectory (RaftStorageDirectory.java:tryLock(328)) - Lock on /workdir/hadoop-ozone/tools/target/test-dir/MiniOzoneClusterImpl-15fc9b53-d736-4c3b-858f-342726019016/datanode-1/data/ratis/5d8695b9-2179-4aa7-881b-1c24252b61c3/in_use.lock acquired by nodename 26476@pr-hdds-2153-g484h-410672627
2019-09-19 13:05:53,759 [pool-27-thread-1] INFO  storage.RaftStorage (RaftStorage.java:format(72)) - Storage directory /workdir/hadoop-ozone/tools/target/test-dir/MiniOzoneClusterImpl-15fc9b53-d736-4c3b-858f-342726019016/datanode-0/data/ratis/5d8695b9-2179-4aa7-881b-1c24252b61c3 has been successfully formatted.
2019-09-19 13:05:53,759 [pool-37-thread-1] INFO  storage.RaftStorage (RaftStorage.java:format(72)) - Storage directory /workdir/hadoop-ozone/tools/target/test-dir/MiniOzoneClusterImpl-15fc9b53-d736-4c3b-858f-342726019016/datanode-1/data/ratis/5d8695b9-2179-4aa7-881b-1c24252b61c3 has been successfully formatted.
2019-09-19 13:05:53,759 [pool-27-thread-1] INFO  ratis.ContainerStateMachine (ContainerStateMachine.java:loadSnapshot(230)) - group-1C24252B61C3: The snapshot info is null. Setting the last applied indexto:(t:0, i:~)
2019-09-19 13:05:53,759 [pool-47-thread-1] INFO  storage.RaftStorage (RaftStorage.java:format(72)) - Storage directory /workdir/hadoop-ozone/tools/target/test-dir/MiniOzoneClusterImpl-15fc9b53-d736-4c3b-858f-342726019016/datanode-2/data/ratis/5d8695b9-2179-4aa7-881b-1c24252b61c3 has been successfully formatted.
2019-09-19 13:05:53,759 [pool-37-thread-1] INFO  ratis.ContainerStateMachine (ContainerStateMachine.java:loadSnapshot(230)) - group-1C24252B61C3: The snapshot info is null. Setting the last applied indexto:(t:0, i:~)
2019-09-19 13:05:53,759 [main] INFO  ozone.MiniOzoneClusterImpl (MiniOzoneClusterImpl.java:lambda$waitForClusterToBeReady$0(140)) - Cluster is ready. Got 3 of 3 DN Heartbeats.
2019-09-19 13:05:53,759 [pool-27-thread-1] INFO  server.RaftServerConfigKeys (ConfUtils.java:logGet(43)) - raft.server.notification.no-leader.timeout = 120s (custom)
2019-09-19 13:05:53,760 [pool-37-thread-1] INFO  server.RaftServerConfigKeys (ConfUtils.java:logGet(43)) - raft.server.notification.no-leader.timeout = 120s (custom)
2019-09-19 13:05:53,759 [pool-47-thread-1] INFO  ratis.ContainerStateMachine (ContainerStateMachine.java:loadSnapshot(230)) - group-1C24252B61C3: The snapshot info is null. Setting the last applied indexto:(t:0, i:~)
2019-09-19 13:05:53,760 [pool-37-thread-1] INFO  server.RaftServerConfigKeys (ConfUtils.java:logGet(43)) - raft.server.log.use.memory = false (default)
2019-09-19 13:05:53,760 [pool-27-thread-1] INFO  server.RaftServerConfigKeys (ConfUtils.java:logGet(43)) - raft.server.log.use.memory = false (default)
2019-09-19 13:05:53,760 [pool-37-thread-1] INFO  server.RaftServerConfigKeys (ConfUtils.java:logGet(43)) - raft.server.log.purge.gap = 1000000 (custom)
2019-09-19 13:05:53,760 [pool-47-thread-1] INFO  server.RaftServerConfigKeys (ConfUtils.java:logGet(43)) - raft.server.notification.no-leader.timeout = 120s (custom)
2019-09-19 13:05:53,761 [pool-27-thread-1] INFO  server.RaftServerConfigKeys (ConfUtils.java:logGet(43)) - raft.server.log.purge.gap = 1000000 (custom)
2019-09-19 13:05:53,761 [pool-47-thread-1] INFO  server.RaftServerConfigKeys (ConfUtils.java:logGet(43)) - raft.server.log.use.memory = false (default)
2019-09-19 13:05:53,761 [pool-37-thread-1] INFO  server.RaftServerConfigKeys (ConfUtils.java:logGet(43)) - raft.server.log.appender.buffer.byte-limit = 33554432 (custom)
2019-09-19 13:05:53,761 [pool-47-thread-1] INFO  server.RaftServerConfigKeys (ConfUtils.java:logGet(43)) - raft.server.log.purge.gap = 1000000 (custom)
2019-09-19 13:05:53,761 [pool-37-thread-1] INFO  server.RaftServerConfigKeys (ConfUtils.java:logGet(43)) - raft.server.log.segment.size.max = 1048576 (custom)
2019-09-19 13:05:53,761 [pool-27-thread-1] INFO  server.RaftServerConfigKeys (ConfUtils.java:logGet(43)) - raft.server.log.appender.buffer.byte-limit = 33554432 (custom)
2019-09-19 13:05:53,762 [pool-37-thread-1] INFO  server.RaftServerConfigKeys (ConfUtils.java:logGet(43)) - raft.server.log.segment.cache.num.max = 2 (custom)
2019-09-19 13:05:53,761 [pool-47-thread-1] INFO  server.RaftServerConfigKeys (ConfUtils.java:logGet(43)) - raft.server.log.appender.buffer.byte-limit = 33554432 (custom)
2019-09-19 13:05:53,762 [pool-37-thread-1] INFO  segmented.SegmentedRaftLogWorker (SegmentedRaftLogWorker.java:<init>(172)) - new b542397d-0a79-4b2f-bca4-8988c4585f57@group-1C24252B61C3-SegmentedRaftLogWorker for RaftStorage:Storage Directory /workdir/hadoop-ozone/tools/target/test-dir/MiniOzoneClusterImpl-15fc9b53-d736-4c3b-858f-342726019016/datanode-1/data/ratis/5d8695b9-2179-4aa7-881b-1c24252b61c3
2019-09-19 13:05:53,762 [pool-27-thread-1] INFO  server.RaftServerConfigKeys (ConfUtils.java:logGet(43)) - raft.server.log.segment.size.max = 1048576 (custom)
2019-09-19 13:05:53,762 [pool-37-thread-1] INFO  server.RaftServerConfigKeys (ConfUtils.java:logGet(43)) - raft.server.log.queue.byte-limit = 2147483647 (custom)
2019-09-19 13:05:53,762 [pool-47-thread-1] INFO  server.RaftServerConfigKeys (ConfUtils.java:logGet(43)) - raft.server.log.segment.size.max = 1048576 (custom)
2019-09-19 13:05:53,763 [pool-37-thread-1] INFO  server.RaftServerConfigKeys (ConfUtils.java:logGet(43)) - raft.server.log.queue.element-limit = 1024 (custom)
2019-09-19 13:05:53,762 [pool-27-thread-1] INFO  server.RaftServerConfigKeys (ConfUtils.java:logGet(43)) - raft.server.log.segment.cache.num.max = 2 (custom)
2019-09-19 13:05:53,763 [pool-37-thread-1] INFO  server.RaftServerConfigKeys (ConfUtils.java:logGet(43)) - raft.server.log.segment.size.max = 1048576 (custom)
2019-09-19 13:05:53,763 [pool-47-thread-1] INFO  server.RaftServerConfigKeys (ConfUtils.java:logGet(43)) - raft.server.log.segment.cache.num.max = 2 (custom)
2019-09-19 13:05:53,763 [pool-37-thread-1] INFO  server.RaftServerConfigKeys (ConfUtils.java:logGet(43)) - raft.server.log.preallocated.size = 16384 (custom)
2019-09-19 13:05:53,763 [pool-27-thread-1] INFO  segmented.SegmentedRaftLogWorker (SegmentedRaftLogWorker.java:<init>(172)) - new cf73b394-96ec-4032-9230-43540487e60d@group-1C24252B61C3-SegmentedRaftLogWorker for RaftStorage:Storage Directory /workdir/hadoop-ozone/tools/target/test-dir/MiniOzoneClusterImpl-15fc9b53-d736-4c3b-858f-342726019016/datanode-0/data/ratis/5d8695b9-2179-4aa7-881b-1c24252b61c3
2019-09-19 13:05:53,764 [pool-37-thread-1] INFO  server.RaftServerConfigKeys (ConfUtils.java:logGet(43)) - raft.server.log.write.buffer.size = 33554432 (custom)
2019-09-19 13:05:53,763 [pool-47-thread-1] INFO  segmented.SegmentedRaftLogWorker (SegmentedRaftLogWorker.java:<init>(172)) - new fc54a72e-a47f-4136-9ed5-ca4a72c32f0a@group-1C24252B61C3-SegmentedRaftLogWorker for RaftStorage:Storage Directory /workdir/hadoop-ozone/tools/target/test-dir/MiniOzoneClusterImpl-15fc9b53-d736-4c3b-858f-342726019016/datanode-2/data/ratis/5d8695b9-2179-4aa7-881b-1c24252b61c3
2019-09-19 13:05:53,764 [pool-37-thread-1] INFO  server.RaftServerConfigKeys (ConfUtils.java:logGet(43)) - raft.server.log.force.sync.num = 128 (default)
2019-09-19 13:05:53,764 [pool-27-thread-1] INFO  server.RaftServerConfigKeys (ConfUtils.java:logGet(43)) - raft.server.log.queue.byte-limit = 2147483647 (custom)
2019-09-19 13:05:53,764 [pool-37-thread-1] INFO  server.RaftServerConfigKeys (ConfUtils.java:logGet(43)) - raft.server.log.statemachine.data.sync = true (default)
2019-09-19 13:05:53,764 [pool-47-thread-1] INFO  server.RaftServerConfigKeys (ConfUtils.java:logGet(43)) - raft.server.log.queue.byte-limit = 2147483647 (custom)
2019-09-19 13:05:53,765 [pool-37-thread-1] INFO  server.RaftServerConfigKeys (ConfUtils.java:logGet(43)) - raft.server.log.statemachine.data.sync.timeout = 10s (default)
2019-09-19 13:05:53,764 [pool-27-thread-1] INFO  server.RaftServerConfigKeys (ConfUtils.java:logGet(43)) - raft.server.log.queue.element-limit = 1024 (custom)
2019-09-19 13:05:53,765 [pool-37-thread-1] INFO  server.RaftServerConfigKeys (ConfUtils.java:logGet(43)) - raft.server.log.statemachine.data.sync.timeout.retry = -1 (default)
2019-09-19 13:05:53,765 [pool-47-thread-1] INFO  server.RaftServerConfigKeys (ConfUtils.java:logGet(43)) - raft.server.log.queue.element-limit = 1024 (custom)
2019-09-19 13:05:53,765 [pool-27-thread-1] INFO  server.RaftServerConfigKeys (ConfUtils.java:logGet(43)) - raft.server.log.segment.size.max = 1048576 (custom)
2019-09-19 13:05:53,765 [pool-47-thread-1] INFO  server.RaftServerConfigKeys (ConfUtils.java:logGet(43)) - raft.server.log.segment.size.max = 1048576 (custom)
2019-09-19 13:05:53,765 [pool-37-thread-1] INFO  server.RaftServerConfigKeys (ConfUtils.java:logGet(43)) - raft.server.log.statemachine.data.caching.enabled = true (custom)
2019-09-19 13:05:53,766 [pool-47-thread-1] INFO  server.RaftServerConfigKeys (ConfUtils.java:logGet(43)) - raft.server.log.preallocated.size = 16384 (custom)
2019-09-19 13:05:53,766 [pool-27-thread-1] INFO  server.RaftServerConfigKeys (ConfUtils.java:logGet(43)) - raft.server.log.preallocated.size = 16384 (custom)
2019-09-19 13:05:53,766 [pool-37-thread-1] INFO  segmented.SegmentedRaftLogWorker (SegmentedRaftLogWorker.java:lambda$new$0(132)) - b542397d-0a79-4b2f-bca4-8988c4585f57@group-1C24252B61C3-SegmentedRaftLogWorker: flushIndex: setUnconditionally 0 -> -1
2019-09-19 13:05:53,766 [pool-47-thread-1] INFO  server.RaftServerConfigKeys (ConfUtils.java:logGet(43)) - raft.server.log.write.buffer.size = 33554432 (custom)
2019-09-19 13:05:53,766 [pool-27-thread-1] INFO  server.RaftServerConfigKeys (ConfUtils.java:logGet(43)) - raft.server.log.write.buffer.size = 33554432 (custom)
2019-09-19 13:05:53,767 [pool-37-thread-1] INFO  server.RaftServerConfigKeys (ConfUtils.java:logGet(43)) - raft.server.snapshot.auto.trigger.enabled = true (custom)
2019-09-19 13:05:53,767 [pool-47-thread-1] INFO  server.RaftServerConfigKeys (ConfUtils.java:logGet(43)) - raft.server.log.force.sync.num = 128 (default)
2019-09-19 13:05:53,767 [pool-37-thread-1] INFO  server.RaftServerConfigKeys (ConfUtils.java:logGet(43)) - raft.server.snapshot.auto.trigger.threshold = 10000 (custom)
2019-09-19 13:05:53,767 [pool-27-thread-1] INFO  server.RaftServerConfigKeys (ConfUtils.java:logGet(43)) - raft.server.log.force.sync.num = 128 (default)
2019-09-19 13:05:53,767 [pool-37-thread-1] INFO  server.RaftServerConfigKeys (ConfUtils.java:logGet(43)) - raft.server.snapshot.retention.num.files = -1 (default)
2019-09-19 13:05:53,767 [pool-47-thread-1] INFO  server.RaftServerConfigKeys (ConfUtils.java:logGet(43)) - raft.server.log.statemachine.data.sync = true (default)
2019-09-19 13:05:53,767 [pool-27-thread-1] INFO  server.RaftServerConfigKeys (ConfUtils.java:logGet(43)) - raft.server.log.statemachine.data.sync = true (default)
2019-09-19 13:05:53,768 [pool-47-thread-1] INFO  server.RaftServerConfigKeys (ConfUtils.java:logGet(43)) - raft.server.log.statemachine.data.sync.timeout = 10s (default)
2019-09-19 13:05:53,768 [pool-37-thread-1] INFO  server.RaftServerConfigKeys (ConfUtils.java:logGet(43)) - raft.server.retrycache.expirytime = 600000ms (custom)
2019-09-19 13:05:53,768 [pool-47-thread-1] INFO  server.RaftServerConfigKeys (ConfUtils.java:logGet(43)) - raft.server.log.statemachine.data.sync.timeout.retry = -1 (default)
2019-09-19 13:05:53,768 [pool-27-thread-1] INFO  server.RaftServerConfigKeys (ConfUtils.java:logGet(43)) - raft.server.log.statemachine.data.sync.timeout = 10s (default)
2019-09-19 13:05:53,768 [pool-47-thread-1] INFO  server.RaftServerConfigKeys (ConfUtils.java:logGet(43)) - raft.server.log.statemachine.data.caching.enabled = true (custom)
2019-09-19 13:05:53,769 [pool-27-thread-1] INFO  server.RaftServerConfigKeys (ConfUtils.java:logGet(43)) - raft.server.log.statemachine.data.sync.timeout.retry = -1 (default)
2019-09-19 13:05:53,769 [pool-47-thread-1] INFO  segmented.SegmentedRaftLogWorker (SegmentedRaftLogWorker.java:lambda$new$0(132)) - fc54a72e-a47f-4136-9ed5-ca4a72c32f0a@group-1C24252B61C3-SegmentedRaftLogWorker: flushIndex: setUnconditionally 0 -> -1
2019-09-19 13:05:53,769 [pool-27-thread-1] INFO  server.RaftServerConfigKeys (ConfUtils.java:logGet(43)) - raft.server.log.statemachine.data.caching.enabled = true (custom)
2019-09-19 13:05:53,769 [pool-47-thread-1] INFO  server.RaftServerConfigKeys (ConfUtils.java:logGet(43)) - raft.server.snapshot.auto.trigger.enabled = true (custom)
2019-09-19 13:05:53,769 [pool-47-thread-1] INFO  server.RaftServerConfigKeys (ConfUtils.java:logGet(43)) - raft.server.snapshot.auto.trigger.threshold = 10000 (custom)
2019-09-19 13:05:53,769 [pool-27-thread-1] INFO  segmented.SegmentedRaftLogWorker (SegmentedRaftLogWorker.java:lambda$new$0(132)) - cf73b394-96ec-4032-9230-43540487e60d@group-1C24252B61C3-SegmentedRaftLogWorker: flushIndex: setUnconditionally 0 -> -1
2019-09-19 13:05:53,770 [pool-47-thread-1] INFO  server.RaftServerConfigKeys (ConfUtils.java:logGet(43)) - raft.server.snapshot.retention.num.files = -1 (default)
2019-09-19 13:05:53,770 [pool-47-thread-1] INFO  server.RaftServerConfigKeys (ConfUtils.java:logGet(43)) - raft.server.retrycache.expirytime = 600000ms (custom)
2019-09-19 13:05:53,770 [pool-27-thread-1] INFO  server.RaftServerConfigKeys (ConfUtils.java:logGet(43)) - raft.server.snapshot.auto.trigger.enabled = true (custom)
2019-09-19 13:05:53,770 [pool-27-thread-1] INFO  server.RaftServerConfigKeys (ConfUtils.java:logGet(43)) - raft.server.snapshot.auto.trigger.threshold = 10000 (custom)
2019-09-19 13:05:53,770 [pool-27-thread-1] INFO  server.RaftServerConfigKeys (ConfUtils.java:logGet(43)) - raft.server.snapshot.retention.num.files = -1 (default)
2019-09-19 13:05:53,771 [pool-27-thread-1] INFO  server.RaftServerConfigKeys (ConfUtils.java:logGet(43)) - raft.server.retrycache.expirytime = 600000ms (custom)
2019-09-19 13:05:53,775 [pool-37-thread-1] INFO  impl.RaftServerImpl (RaftServerImpl.java:start(185)) - b542397d-0a79-4b2f-bca4-8988c4585f57@group-1C24252B61C3: start as a follower, conf=-1: [fc54a72e-a47f-4136-9ed5-ca4a72c32f0a:192.168.34.13:35339, b542397d-0a79-4b2f-bca4-8988c4585f57:192.168.34.13:37714, cf73b394-96ec-4032-9230-43540487e60d:192.168.34.13:45267], old=null
2019-09-19 13:05:53,776 [pool-37-thread-1] INFO  impl.RaftServerImpl (RaftServerImpl.java:setRole(174)) - b542397d-0a79-4b2f-bca4-8988c4585f57@group-1C24252B61C3: changes role from      null to FOLLOWER at term 0 for startAsFollower
2019-09-19 13:05:53,776 [pool-37-thread-1] INFO  impl.RoleInfo (RoleInfo.java:updateAndGet(143)) - b542397d-0a79-4b2f-bca4-8988c4585f57: start FollowerState
2019-09-19 13:05:53,776 [pool-47-thread-1] INFO  impl.RaftServerImpl (RaftServerImpl.java:start(185)) - fc54a72e-a47f-4136-9ed5-ca4a72c32f0a@group-1C24252B61C3: start as a follower, conf=-1: [fc54a72e-a47f-4136-9ed5-ca4a72c32f0a:192.168.34.13:35339, b542397d-0a79-4b2f-bca4-8988c4585f57:192.168.34.13:37714, cf73b394-96ec-4032-9230-43540487e60d:192.168.34.13:45267], old=null
2019-09-19 13:05:53,776 [pool-47-thread-1] INFO  impl.RaftServerImpl (RaftServerImpl.java:setRole(174)) - fc54a72e-a47f-4136-9ed5-ca4a72c32f0a@group-1C24252B61C3: changes role from      null to FOLLOWER at term 0 for startAsFollower
2019-09-19 13:05:53,776 [pool-27-thread-1] INFO  impl.RaftServerImpl (RaftServerImpl.java:start(185)) - cf73b394-96ec-4032-9230-43540487e60d@group-1C24252B61C3: start as a follower, conf=-1: [fc54a72e-a47f-4136-9ed5-ca4a72c32f0a:192.168.34.13:35339, b542397d-0a79-4b2f-bca4-8988c4585f57:192.168.34.13:37714, cf73b394-96ec-4032-9230-43540487e60d:192.168.34.13:45267], old=null
2019-09-19 13:05:53,776 [pool-47-thread-1] INFO  impl.RoleInfo (RoleInfo.java:updateAndGet(143)) - fc54a72e-a47f-4136-9ed5-ca4a72c32f0a: start FollowerState
2019-09-19 13:05:53,777 [pool-27-thread-1] INFO  impl.RaftServerImpl (RaftServerImpl.java:setRole(174)) - cf73b394-96ec-4032-9230-43540487e60d@group-1C24252B61C3: changes role from      null to FOLLOWER at term 0 for startAsFollower
2019-09-19 13:05:53,777 [pool-37-thread-1] INFO  util.JmxRegister (JmxRegister.java:tryRegister(44)) - Successfully registered JMX Bean with object name Ratis:service=RaftServer,group=group-1C24252B61C3,id=b542397d-0a79-4b2f-bca4-8988c4585f57
2019-09-19 13:05:53,777 [pool-27-thread-1] INFO  impl.RoleInfo (RoleInfo.java:updateAndGet(143)) - cf73b394-96ec-4032-9230-43540487e60d: start FollowerState
2019-09-19 13:05:53,777 [pool-47-thread-1] INFO  util.JmxRegister (JmxRegister.java:tryRegister(44)) - Successfully registered JMX Bean with object name Ratis:service=RaftServer,group=group-1C24252B61C3,id=fc54a72e-a47f-4136-9ed5-ca4a72c32f0a
2019-09-19 13:05:53,778 [pool-27-thread-1] INFO  util.JmxRegister (JmxRegister.java:tryRegister(44)) - Successfully registered JMX Bean with object name Ratis:service=RaftServer,group=group-1C24252B61C3,id=cf73b394-96ec-4032-9230-43540487e60d
2019-09-19 13:05:53,803 [RatisPipelineUtilsThread] INFO  pipeline.PipelineStateManager (PipelineStateManager.java:addPipeline(56)) - Created pipeline Pipeline[ Id: 5d8695b9-2179-4aa7-881b-1c24252b61c3, Nodes: fc54a72e-a47f-4136-9ed5-ca4a72c32f0a{ip: 192.168.34.13, host: pr-hdds-2153-g484h-410672627, networkLocation: /default-rack, certSerialId: null}cf73b394-96ec-4032-9230-43540487e60d{ip: 192.168.34.13, host: pr-hdds-2153-g484h-410672627, networkLocation: /default-rack, certSerialId: null}b542397d-0a79-4b2f-bca4-8988c4585f57{ip: 192.168.34.13, host: pr-hdds-2153-g484h-410672627, networkLocation: /default-rack, certSerialId: null}, Type:RATIS, Factor:THREE, State:OPEN]
2019-09-19 13:05:54,299 [main] INFO  freon.RandomKeyGenerator (RandomKeyGenerator.java:call(283)) - Number of Threads: 10
2019-09-19 13:05:54,300 [main] INFO  freon.RandomKeyGenerator (RandomKeyGenerator.java:call(288)) - Number of Volumes: 1.
2019-09-19 13:05:54,300 [main] INFO  freon.RandomKeyGenerator (RandomKeyGenerator.java:call(289)) - Number of Buckets per Volume: 1.
2019-09-19 13:05:54,300 [main] INFO  freon.RandomKeyGenerator (RandomKeyGenerator.java:call(290)) - Number of Keys per Bucket: 1.
2019-09-19 13:05:54,300 [main] INFO  freon.RandomKeyGenerator (RandomKeyGenerator.java:call(291)) - Key size: 20971520 bytes
2019-09-19 13:05:54,301 [main] INFO  freon.RandomKeyGenerator (RandomKeyGenerator.java:call(292)) - Buffer size: 4096 bytes
2019-09-19 13:05:54,301 [main] INFO  freon.RandomKeyGenerator (RandomKeyGenerator.java:call(293)) - validateWrites : true
2019-09-19 13:05:54,305 [main] INFO  freon.RandomKeyGenerator (RandomKeyGenerator.java:call(307)) - Data validation is enabled.
2019-09-19 13:05:54,306 [main] INFO  freon.RandomKeyGenerator (RandomKeyGenerator.java:call(313)) - Starting progress bar Thread.

 0.00% |█                                                                                                    |  0/1 Time: 0:00:002019-09-19 13:05:54,323 [pool-53-thread-1] INFO  rpc.RpcClient (RpcClient.java:createVolume(301)) - Creating Volume: vol-0-02906, with jenkins1000 as owner.
2019-09-19 13:05:54,422 [IPC Server handler 2 on 33028] INFO  volume.OMVolumeCreateRequest (OMVolumeCreateRequest.java:validateAndUpdateCache(189)) - created volume:vol-0-02906 for user:jenkins1000
2019-09-19 13:05:54,447 [pool-53-thread-2] INFO  rpc.RpcClient (RpcClient.java:createBucket(440)) - Creating Bucket: vol-0-02906/bucket-0-77437, with Versioning false and Storage Type set to DISK and Encryption set to false 
2019-09-19 13:05:54,926 [pool-53-thread-3] INFO  impl.MetricsSystemImpl (MetricsSystemImpl.java:init(158)) - XceiverClientMetrics metrics system started (again)
2019-09-19 13:05:55,050 [grpc-default-executor-1] INFO  client.GrpcClientProtocolClient (GrpcClientProtocolClient.java:onNext(264)) - client-EC956C876447->fc54a72e-a47f-4136-9ed5-ca4a72c32f0a: receive RaftClientReply:client-EC956C876447->fc54a72e-a47f-4136-9ed5-ca4a72c32f0a@group-1C24252B61C3, cid=6, FAILED org.apache.ratis.protocol.NotLeaderException: Server fc54a72e-a47f-4136-9ed5-ca4a72c32f0a@group-1C24252B61C3 is not the leader, logIndex=0, commits[fc54a72e-a47f-4136-9ed5-ca4a72c32f0a:c-1]
 0.00% |█                                                                                                    |  0/1 Time: 0:00:012019-09-19 13:05:55,663 [Thread-178] INFO  container.ReplicationManager (ReplicationManager.java:start(162)) - Starting Replication Monitor Thread.
2019-09-19 13:05:55,664 [ReplicationMonitor] INFO  container.ReplicationManager (ReplicationManager.java:run(225)) - Replication Monitor Thread took 1 milliseconds for processing 3 containers.
2019-09-19 13:05:56,087 [grpc-default-executor-1] INFO  client.GrpcClientProtocolClient (GrpcClientProtocolClient.java:onNext(264)) - client-EC956C876447->cf73b394-96ec-4032-9230-43540487e60d: receive RaftClientReply:client-EC956C876447->cf73b394-96ec-4032-9230-43540487e60d@group-1C24252B61C3, cid=6, FAILED org.apache.ratis.protocol.NotLeaderException: Server cf73b394-96ec-4032-9230-43540487e60d@group-1C24252B61C3 is not the leader, logIndex=0, commits[cf73b394-96ec-4032-9230-43540487e60d:c-1]
 0.00% |█                                                                                                    |  0/1 Time: 0:00:022019-09-19 13:05:57,120 [grpc-default-executor-2] INFO  client.GrpcClientProtocolClient (GrpcClientProtocolClient.java:onNext(264)) - client-EC956C876447->b542397d-0a79-4b2f-bca4-8988c4585f57: receive RaftClientReply:client-EC956C876447->b542397d-0a79-4b2f-bca4-8988c4585f57@group-1C24252B61C3, cid=6, FAILED org.apache.ratis.protocol.NotLeaderException: Server b542397d-0a79-4b2f-bca4-8988c4585f57@group-1C24252B61C3 is not the leader, logIndex=0, commits[b542397d-0a79-4b2f-bca4-8988c4585f57:c-1]
 0.00% |█                                                                                                    |  0/1 Time: 0:00:032019-09-19 13:05:58,154 [grpc-default-executor-2] INFO  client.GrpcClientProtocolClient (GrpcClientProtocolClient.java:onNext(264)) - client-EC956C876447->cf73b394-96ec-4032-9230-43540487e60d: receive RaftClientReply:client-EC956C876447->cf73b394-96ec-4032-9230-43540487e60d@group-1C24252B61C3, cid=6, FAILED org.apache.ratis.protocol.NotLeaderException: Server cf73b394-96ec-4032-9230-43540487e60d@group-1C24252B61C3 is not the leader, logIndex=0, commits[cf73b394-96ec-4032-9230-43540487e60d:c-1]
 0.00% |█                                                                                                    |  0/1 Time: 0:00:042019-09-19 13:05:58,539 [Thread-180] INFO  impl.FollowerState (FollowerState.java:run(106)) - cf73b394-96ec-4032-9230-43540487e60d:group-A39A38AEA846 changes to CANDIDATE, lastRpcTime:5170, electionTimeout:5169ms
2019-09-19 13:05:58,542 [Thread-180] INFO  impl.RoleInfo (RoleInfo.java:shutdownFollowerState(121)) - cf73b394-96ec-4032-9230-43540487e60d: shutdown FollowerState
2019-09-19 13:05:58,542 [Thread-180] INFO  impl.RaftServerImpl (RaftServerImpl.java:setRole(174)) - cf73b394-96ec-4032-9230-43540487e60d@group-A39A38AEA846: changes role from  FOLLOWER to CANDIDATE at term 0 for changeToCandidate
2019-09-19 13:05:58,548 [Thread-180] INFO  impl.RoleInfo (RoleInfo.java:updateAndGet(143)) - cf73b394-96ec-4032-9230-43540487e60d: start LeaderElection
2019-09-19 13:05:58,573 [cf73b394-96ec-4032-9230-43540487e60d@group-A39A38AEA846:LeaderElection1] INFO  impl.LeaderElection (LeaderElection.java:askForVotes(182)) - cf73b394-96ec-4032-9230-43540487e60d@group-A39A38AEA846:LeaderElection1: begin an election at term 1 for -1: [cf73b394-96ec-4032-9230-43540487e60d:192.168.34.13:45267], old=null
2019-09-19 13:05:58,575 [cf73b394-96ec-4032-9230-43540487e60d@group-A39A38AEA846:LeaderElection1] INFO  impl.RoleInfo (RoleInfo.java:shutdownLeaderElection(134)) - cf73b394-96ec-4032-9230-43540487e60d: shutdown LeaderElection
2019-09-19 13:05:58,576 [cf73b394-96ec-4032-9230-43540487e60d@group-A39A38AEA846:LeaderElection1] INFO  impl.RaftServerImpl (RaftServerImpl.java:setRole(174)) - cf73b394-96ec-4032-9230-43540487e60d@group-A39A38AEA846: changes role from CANDIDATE to LEADER at term 1 for changeToLeader
2019-09-19 13:05:58,577 [cf73b394-96ec-4032-9230-43540487e60d@group-A39A38AEA846:LeaderElection1] INFO  impl.RaftServerImpl (ServerState.java:setLeader(253)) - cf73b394-96ec-4032-9230-43540487e60d@group-A39A38AEA846: change Leader from null to cf73b394-96ec-4032-9230-43540487e60d at term 1 for becomeLeader, leader elected after 5318ms
2019-09-19 13:05:58,587 [cf73b394-96ec-4032-9230-43540487e60d@group-A39A38AEA846:LeaderElection1] INFO  server.RaftServerConfigKeys (ConfUtils.java:logGet(43)) - raft.server.staging.catchup.gap = 1000 (default)
2019-09-19 13:05:58,588 [cf73b394-96ec-4032-9230-43540487e60d@group-A39A38AEA846:LeaderElection1] INFO  server.RaftServerConfigKeys (ConfUtils.java:logGet(43)) - raft.server.rpc.sleep.time = 25ms (default)
2019-09-19 13:05:58,592 [cf73b394-96ec-4032-9230-43540487e60d@group-A39A38AEA846:LeaderElection1] INFO  server.RaftServerConfigKeys (ConfUtils.java:logGet(43)) - raft.server.write.element-limit = 4096 (default)
2019-09-19 13:05:58,597 [cf73b394-96ec-4032-9230-43540487e60d@group-A39A38AEA846:LeaderElection1] INFO  server.RaftServerConfigKeys (ConfUtils.java:logGet(43)) - raft.server.watch.timeout = 10s (default)
2019-09-19 13:05:58,597 [cf73b394-96ec-4032-9230-43540487e60d@group-A39A38AEA846:LeaderElection1] INFO  server.RaftServerConfigKeys (ConfUtils.java:logGet(43)) - raft.server.watch.timeout.denomination = 1s (default)
2019-09-19 13:05:58,598 [cf73b394-96ec-4032-9230-43540487e60d@group-A39A38AEA846:LeaderElection1] INFO  server.RaftServerConfigKeys (ConfUtils.java:logGet(43)) - raft.server.watch.element-limit = 65536 (default)
2019-09-19 13:05:58,608 [cf73b394-96ec-4032-9230-43540487e60d@group-A39A38AEA846:LeaderElection1] INFO  impl.RoleInfo (RoleInfo.java:updateAndGet(143)) - cf73b394-96ec-4032-9230-43540487e60d: start LeaderState
2019-09-19 13:05:58,624 [cf73b394-96ec-4032-9230-43540487e60d@group-A39A38AEA846:LeaderElection1] INFO  segmented.SegmentedRaftLogWorker (SegmentedRaftLogWorker.java:startLogSegment(380)) - cf73b394-96ec-4032-9230-43540487e60d@group-A39A38AEA846-SegmentedRaftLogWorker: Starting segment from index:0
2019-09-19 13:05:58,631 [cf73b394-96ec-4032-9230-43540487e60d@group-A39A38AEA846:LeaderElection1] INFO  impl.RaftServerImpl (ServerState.java:setRaftConf(354)) - cf73b394-96ec-4032-9230-43540487e60d@group-A39A38AEA846: set configuration 0: [cf73b394-96ec-4032-9230-43540487e60d:192.168.34.13:45267], old=null at 0
2019-09-19 13:05:58,667 [Thread-183] INFO  impl.FollowerState (FollowerState.java:run(106)) - fc54a72e-a47f-4136-9ed5-ca4a72c32f0a:group-C0E020D30797 changes to CANDIDATE, lastRpcTime:5125, electionTimeout:5124ms
2019-09-19 13:05:58,668 [Thread-183] INFO  impl.RoleInfo (RoleInfo.java:shutdownFollowerState(121)) - fc54a72e-a47f-4136-9ed5-ca4a72c32f0a: shutdown FollowerState
2019-09-19 13:05:58,669 [Thread-183] INFO  impl.RaftServerImpl (RaftServerImpl.java:setRole(174)) - fc54a72e-a47f-4136-9ed5-ca4a72c32f0a@group-C0E020D30797: changes role from  FOLLOWER to CANDIDATE at term 0 for changeToCandidate
2019-09-19 13:05:58,669 [Thread-183] INFO  impl.RoleInfo (RoleInfo.java:updateAndGet(143)) - fc54a72e-a47f-4136-9ed5-ca4a72c32f0a: start LeaderElection
2019-09-19 13:05:58,684 [fc54a72e-a47f-4136-9ed5-ca4a72c32f0a@group-C0E020D30797:LeaderElection2] INFO  impl.LeaderElection (LeaderElection.java:askForVotes(182)) - fc54a72e-a47f-4136-9ed5-ca4a72c32f0a@group-C0E020D30797:LeaderElection2: begin an election at term 1 for -1: [fc54a72e-a47f-4136-9ed5-ca4a72c32f0a:192.168.34.13:35339], old=null
2019-09-19 13:05:58,688 [fc54a72e-a47f-4136-9ed5-ca4a72c32f0a@group-C0E020D30797:LeaderElection2] INFO  impl.RoleInfo (RoleInfo.java:shutdownLeaderElection(134)) - fc54a72e-a47f-4136-9ed5-ca4a72c32f0a: shutdown LeaderElection
2019-09-19 13:05:58,689 [fc54a72e-a47f-4136-9ed5-ca4a72c32f0a@group-C0E020D30797:LeaderElection2] INFO  impl.RaftServerImpl (RaftServerImpl.java:setRole(174)) - fc54a72e-a47f-4136-9ed5-ca4a72c32f0a@group-C0E020D30797: changes role from CANDIDATE to LEADER at term 1 for changeToLeader
2019-09-19 13:05:58,689 [fc54a72e-a47f-4136-9ed5-ca4a72c32f0a@group-C0E020D30797:LeaderElection2] INFO  impl.RaftServerImpl (ServerState.java:setLeader(253)) - fc54a72e-a47f-4136-9ed5-ca4a72c32f0a@group-C0E020D30797: change Leader from null to fc54a72e-a47f-4136-9ed5-ca4a72c32f0a at term 1 for becomeLeader, leader elected after 5163ms
2019-09-19 13:05:58,689 [fc54a72e-a47f-4136-9ed5-ca4a72c32f0a@group-C0E020D30797:LeaderElection2] INFO  server.RaftServerConfigKeys (ConfUtils.java:logGet(43)) - raft.server.staging.catchup.gap = 1000 (default)
2019-09-19 13:05:58,689 [fc54a72e-a47f-4136-9ed5-ca4a72c32f0a@group-C0E020D30797:LeaderElection2] INFO  server.RaftServerConfigKeys (ConfUtils.java:logGet(43)) - raft.server.rpc.sleep.time = 25ms (default)
2019-09-19 13:05:58,689 [fc54a72e-a47f-4136-9ed5-ca4a72c32f0a@group-C0E020D30797:LeaderElection2] INFO  server.RaftServerConfigKeys (ConfUtils.java:logGet(43)) - raft.server.write.element-limit = 4096 (default)
2019-09-19 13:05:58,689 [fc54a72e-a47f-4136-9ed5-ca4a72c32f0a@group-C0E020D30797:LeaderElection2] INFO  server.RaftServerConfigKeys (ConfUtils.java:logGet(43)) - raft.server.watch.timeout = 10s (default)
2019-09-19 13:05:58,689 [fc54a72e-a47f-4136-9ed5-ca4a72c32f0a@group-C0E020D30797:LeaderElection2] INFO  server.RaftServerConfigKeys (ConfUtils.java:logGet(43)) - raft.server.watch.timeout.denomination = 1s (default)
2019-09-19 13:05:58,690 [fc54a72e-a47f-4136-9ed5-ca4a72c32f0a@group-C0E020D30797:LeaderElection2] INFO  server.RaftServerConfigKeys (ConfUtils.java:logGet(43)) - raft.server.watch.element-limit = 65536 (default)
2019-09-19 13:05:58,692 [fc54a72e-a47f-4136-9ed5-ca4a72c32f0a@group-C0E020D30797:LeaderElection2] INFO  impl.RoleInfo (RoleInfo.java:updateAndGet(143)) - fc54a72e-a47f-4136-9ed5-ca4a72c32f0a: start LeaderState
2019-09-19 13:05:58,693 [fc54a72e-a47f-4136-9ed5-ca4a72c32f0a@group-C0E020D30797:LeaderElection2] INFO  segmented.SegmentedRaftLogWorker (SegmentedRaftLogWorker.java:startLogSegment(380)) - fc54a72e-a47f-4136-9ed5-ca4a72c32f0a@group-C0E020D30797-SegmentedRaftLogWorker: Starting segment from index:0
2019-09-19 13:05:58,693 [fc54a72e-a47f-4136-9ed5-ca4a72c32f0a@group-C0E020D30797:LeaderElection2] INFO  impl.RaftServerImpl (ServerState.java:setRaftConf(354)) - fc54a72e-a47f-4136-9ed5-ca4a72c32f0a@group-C0E020D30797: set configuration 0: [fc54a72e-a47f-4136-9ed5-ca4a72c32f0a:192.168.34.13:35339], old=null at 0
2019-09-19 13:05:58,807 [Thread-186] INFO  impl.FollowerState (FollowerState.java:run(106)) - b542397d-0a79-4b2f-bca4-8988c4585f57:group-5BB749186E0F changes to CANDIDATE, lastRpcTime:5143, electionTimeout:5143ms
2019-09-19 13:05:58,807 [Thread-186] INFO  impl.RoleInfo (RoleInfo.java:shutdownFollowerState(121)) - b542397d-0a79-4b2f-bca4-8988c4585f57: shutdown FollowerState
2019-09-19 13:05:58,808 [Thread-186] INFO  impl.RaftServerImpl (RaftServerImpl.java:setRole(174)) - b542397d-0a79-4b2f-bca4-8988c4585f57@group-5BB749186E0F: changes role from  FOLLOWER to CANDIDATE at term 0 for changeToCandidate
2019-09-19 13:05:58,808 [Thread-186] INFO  impl.RoleInfo (RoleInfo.java:updateAndGet(143)) - b542397d-0a79-4b2f-bca4-8988c4585f57: start LeaderElection
2019-09-19 13:05:58,835 [Thread-193] INFO  impl.FollowerState (FollowerState.java:run(106)) - cf73b394-96ec-4032-9230-43540487e60d:group-1C24252B61C3 changes to CANDIDATE, lastRpcTime:5057, electionTimeout:5057ms
2019-09-19 13:05:58,835 [Thread-192] INFO  impl.FollowerState (FollowerState.java:run(106)) - fc54a72e-a47f-4136-9ed5-ca4a72c32f0a:group-1C24252B61C3 changes to CANDIDATE, lastRpcTime:5058, electionTimeout:5035ms
2019-09-19 13:05:58,837 [Thread-193] INFO  impl.RoleInfo (RoleInfo.java:shutdownFollowerState(121)) - cf73b394-96ec-4032-9230-43540487e60d: shutdown FollowerState
2019-09-19 13:05:58,837 [Thread-192] INFO  impl.RoleInfo (RoleInfo.java:shutdownFollowerState(121)) - fc54a72e-a47f-4136-9ed5-ca4a72c32f0a: shutdown FollowerState
2019-09-19 13:05:58,837 [Thread-193] INFO  impl.RaftServerImpl (RaftServerImpl.java:setRole(174)) - cf73b394-96ec-4032-9230-43540487e60d@group-1C24252B61C3: changes role from  FOLLOWER to CANDIDATE at term 0 for changeToCandidate
2019-09-19 13:05:58,837 [Thread-192] INFO  impl.RaftServerImpl (RaftServerImpl.java:setRole(174)) - fc54a72e-a47f-4136-9ed5-ca4a72c32f0a@group-1C24252B61C3: changes role from  FOLLOWER to CANDIDATE at term 0 for changeToCandidate
2019-09-19 13:05:58,837 [Thread-193] INFO  impl.RoleInfo (RoleInfo.java:updateAndGet(143)) - cf73b394-96ec-4032-9230-43540487e60d: start LeaderElection
2019-09-19 13:05:58,837 [Thread-192] INFO  impl.RoleInfo (RoleInfo.java:updateAndGet(143)) - fc54a72e-a47f-4136-9ed5-ca4a72c32f0a: start LeaderElection
2019-09-19 13:05:58,860 [cf73b394-96ec-4032-9230-43540487e60d@group-A39A38AEA846-SegmentedRaftLogWorker] INFO  segmented.SegmentedRaftLogWorker (SegmentedRaftLogWorker.java:execute(569)) - cf73b394-96ec-4032-9230-43540487e60d@group-A39A38AEA846-SegmentedRaftLogWorker: created new log segment /workdir/hadoop-ozone/tools/target/test-dir/MiniOzoneClusterImpl-15fc9b53-d736-4c3b-858f-342726019016/datanode-0/data/ratis/cbdebc56-01f0-4e5e-8e35-a39a38aea846/current/log_inprogress_0
2019-09-19 13:05:58,860 [fc54a72e-a47f-4136-9ed5-ca4a72c32f0a@group-C0E020D30797-SegmentedRaftLogWorker] INFO  segmented.SegmentedRaftLogWorker (SegmentedRaftLogWorker.java:execute(569)) - fc54a72e-a47f-4136-9ed5-ca4a72c32f0a@group-C0E020D30797-SegmentedRaftLogWorker: created new log segment /workdir/hadoop-ozone/tools/target/test-dir/MiniOzoneClusterImpl-15fc9b53-d736-4c3b-858f-342726019016/datanode-2/data/ratis/8e2866ee-aa86-425a-813a-c0e020d30797/current/log_inprogress_0
2019-09-19 13:05:58,860 [fc54a72e-a47f-4136-9ed5-ca4a72c32f0a@group-1C24252B61C3:LeaderElection5] INFO  impl.LeaderElection (LeaderElection.java:askForVotes(182)) - fc54a72e-a47f-4136-9ed5-ca4a72c32f0a@group-1C24252B61C3:LeaderElection5: begin an election at term 1 for -1: [fc54a72e-a47f-4136-9ed5-ca4a72c32f0a:192.168.34.13:35339, b542397d-0a79-4b2f-bca4-8988c4585f57:192.168.34.13:37714, cf73b394-96ec-4032-9230-43540487e60d:192.168.34.13:45267], old=null
2019-09-19 13:05:58,860 [b542397d-0a79-4b2f-bca4-8988c4585f57@group-5BB749186E0F:LeaderElection3] INFO  impl.LeaderElection (LeaderElection.java:askForVotes(182)) - b542397d-0a79-4b2f-bca4-8988c4585f57@group-5BB749186E0F:LeaderElection3: begin an election at term 1 for -1: [b542397d-0a79-4b2f-bca4-8988c4585f57:192.168.34.13:37714], old=null
2019-09-19 13:05:58,860 [cf73b394-96ec-4032-9230-43540487e60d@group-1C24252B61C3:LeaderElection4] INFO  impl.LeaderElection (LeaderElection.java:askForVotes(182)) - cf73b394-96ec-4032-9230-43540487e60d@group-1C24252B61C3:LeaderElection4: begin an election at term 1 for -1: [fc54a72e-a47f-4136-9ed5-ca4a72c32f0a:192.168.34.13:35339, b542397d-0a79-4b2f-bca4-8988c4585f57:192.168.34.13:37714, cf73b394-96ec-4032-9230-43540487e60d:192.168.34.13:45267], old=null
2019-09-19 13:05:58,862 [b542397d-0a79-4b2f-bca4-8988c4585f57@group-5BB749186E0F:LeaderElection3] INFO  impl.RoleInfo (RoleInfo.java:shutdownLeaderElection(134)) - b542397d-0a79-4b2f-bca4-8988c4585f57: shutdown LeaderElection
2019-09-19 13:05:58,862 [b542397d-0a79-4b2f-bca4-8988c4585f57@group-5BB749186E0F:LeaderElection3] INFO  impl.RaftServerImpl (RaftServerImpl.java:setRole(174)) - b542397d-0a79-4b2f-bca4-8988c4585f57@group-5BB749186E0F: changes role from CANDIDATE to LEADER at term 1 for changeToLeader
2019-09-19 13:05:58,862 [b542397d-0a79-4b2f-bca4-8988c4585f57@group-5BB749186E0F:LeaderElection3] INFO  impl.RaftServerImpl (ServerState.java:setLeader(253)) - b542397d-0a79-4b2f-bca4-8988c4585f57@group-5BB749186E0F: change Leader from null to b542397d-0a79-4b2f-bca4-8988c4585f57 at term 1 for becomeLeader, leader elected after 5239ms
2019-09-19 13:05:58,862 [b542397d-0a79-4b2f-bca4-8988c4585f57@group-5BB749186E0F:LeaderElection3] INFO  server.RaftServerConfigKeys (ConfUtils.java:logGet(43)) - raft.server.staging.catchup.gap = 1000 (default)
2019-09-19 13:05:58,862 [b542397d-0a79-4b2f-bca4-8988c4585f57@group-5BB749186E0F:LeaderElection3] INFO  server.RaftServerConfigKeys (ConfUtils.java:logGet(43)) - raft.server.rpc.sleep.time = 25ms (default)
2019-09-19 13:05:58,862 [b542397d-0a79-4b2f-bca4-8988c4585f57@group-5BB749186E0F:LeaderElection3] INFO  server.RaftServerConfigKeys (ConfUtils.java:logGet(43)) - raft.server.write.element-limit = 4096 (default)
2019-09-19 13:05:58,862 [b542397d-0a79-4b2f-bca4-8988c4585f57@group-5BB749186E0F:LeaderElection3] INFO  server.RaftServerConfigKeys (ConfUtils.java:logGet(43)) - raft.server.watch.timeout = 10s (default)
2019-09-19 13:05:58,863 [b542397d-0a79-4b2f-bca4-8988c4585f57@group-5BB749186E0F:LeaderElection3] INFO  server.RaftServerConfigKeys (ConfUtils.java:logGet(43)) - raft.server.watch.timeout.denomination = 1s (default)
2019-09-19 13:05:58,863 [b542397d-0a79-4b2f-bca4-8988c4585f57@group-5BB749186E0F:LeaderElection3] INFO  server.RaftServerConfigKeys (ConfUtils.java:logGet(43)) - raft.server.watch.element-limit = 65536 (default)
2019-09-19 13:05:58,865 [b542397d-0a79-4b2f-bca4-8988c4585f57@group-5BB749186E0F:LeaderElection3] INFO  impl.RoleInfo (RoleInfo.java:updateAndGet(143)) - b542397d-0a79-4b2f-bca4-8988c4585f57: start LeaderState
2019-09-19 13:05:58,866 [b542397d-0a79-4b2f-bca4-8988c4585f57@group-5BB749186E0F:LeaderElection3] INFO  segmented.SegmentedRaftLogWorker (SegmentedRaftLogWorker.java:startLogSegment(380)) - b542397d-0a79-4b2f-bca4-8988c4585f57@group-5BB749186E0F-SegmentedRaftLogWorker: Starting segment from index:0
2019-09-19 13:05:58,866 [b542397d-0a79-4b2f-bca4-8988c4585f57@group-5BB749186E0F:LeaderElection3] INFO  impl.RaftServerImpl (ServerState.java:setRaftConf(354)) - b542397d-0a79-4b2f-bca4-8988c4585f57@group-5BB749186E0F: set configuration 0: [b542397d-0a79-4b2f-bca4-8988c4585f57:192.168.34.13:37714], old=null at 0
2019-09-19 13:05:58,901 [Thread-191] INFO  impl.FollowerState (FollowerState.java:run(106)) - b542397d-0a79-4b2f-bca4-8988c4585f57:group-1C24252B61C3 changes to CANDIDATE, lastRpcTime:5125, electionTimeout:5111ms
2019-09-19 13:05:58,901 [Thread-191] INFO  impl.RoleInfo (RoleInfo.java:shutdownFollowerState(121)) - b542397d-0a79-4b2f-bca4-8988c4585f57: shutdown FollowerState
2019-09-19 13:05:58,902 [Thread-191] INFO  impl.RaftServerImpl (RaftServerImpl.java:setRole(174)) - b542397d-0a79-4b2f-bca4-8988c4585f57@group-1C24252B61C3: changes role from  FOLLOWER to CANDIDATE at term 0 for changeToCandidate
2019-09-19 13:05:58,903 [Thread-191] INFO  impl.RoleInfo (RoleInfo.java:updateAndGet(143)) - b542397d-0a79-4b2f-bca4-8988c4585f57: start LeaderElection
2019-09-19 13:05:58,914 [b542397d-0a79-4b2f-bca4-8988c4585f57@group-5BB749186E0F-SegmentedRaftLogWorker] INFO  segmented.SegmentedRaftLogWorker (SegmentedRaftLogWorker.java:execute(569)) - b542397d-0a79-4b2f-bca4-8988c4585f57@group-5BB749186E0F-SegmentedRaftLogWorker: created new log segment /workdir/hadoop-ozone/tools/target/test-dir/MiniOzoneClusterImpl-15fc9b53-d736-4c3b-858f-342726019016/datanode-1/data/ratis/36887bf9-354b-4a28-8668-5bb749186e0f/current/log_inprogress_0
2019-09-19 13:05:58,914 [b542397d-0a79-4b2f-bca4-8988c4585f57@group-1C24252B61C3:LeaderElection6] INFO  impl.LeaderElection (LeaderElection.java:askForVotes(182)) - b542397d-0a79-4b2f-bca4-8988c4585f57@group-1C24252B61C3:LeaderElection6: begin an election at term 1 for -1: [fc54a72e-a47f-4136-9ed5-ca4a72c32f0a:192.168.34.13:35339, b542397d-0a79-4b2f-bca4-8988c4585f57:192.168.34.13:37714, cf73b394-96ec-4032-9230-43540487e60d:192.168.34.13:45267], old=null
2019-09-19 13:05:58,957 [fc54a72e-a47f-4136-9ed5-ca4a72c32f0a@group-1C24252B61C3:LeaderElection5] INFO  impl.LeaderElection (LeaderElection.java:logAndReturn(56)) - fc54a72e-a47f-4136-9ed5-ca4a72c32f0a@group-1C24252B61C3:LeaderElection5: Election REJECTED; received 2 response(s) [fc54a72e-a47f-4136-9ed5-ca4a72c32f0a<-b542397d-0a79-4b2f-bca4-8988c4585f57#0:FAIL-t1, fc54a72e-a47f-4136-9ed5-ca4a72c32f0a<-cf73b394-96ec-4032-9230-43540487e60d#0:FAIL-t1] and 0 exception(s); fc54a72e-a47f-4136-9ed5-ca4a72c32f0a@group-1C24252B61C3:t1, leader=null, voted=fc54a72e-a47f-4136-9ed5-ca4a72c32f0a, raftlog=fc54a72e-a47f-4136-9ed5-ca4a72c32f0a@group-1C24252B61C3-SegmentedRaftLog:OPENED:c-1,f-1,i0, conf=-1: [fc54a72e-a47f-4136-9ed5-ca4a72c32f0a:192.168.34.13:35339, b542397d-0a79-4b2f-bca4-8988c4585f57:192.168.34.13:37714, cf73b394-96ec-4032-9230-43540487e60d:192.168.34.13:45267], old=null
2019-09-19 13:05:58,957 [b542397d-0a79-4b2f-bca4-8988c4585f57@group-1C24252B61C3:LeaderElection6] INFO  impl.LeaderElection (LeaderElection.java:logAndReturn(56)) - b542397d-0a79-4b2f-bca4-8988c4585f57@group-1C24252B61C3:LeaderElection6: Election REJECTED; received 2 response(s) [b542397d-0a79-4b2f-bca4-8988c4585f57<-fc54a72e-a47f-4136-9ed5-ca4a72c32f0a#0:FAIL-t1, b542397d-0a79-4b2f-bca4-8988c4585f57<-cf73b394-96ec-4032-9230-43540487e60d#0:FAIL-t1] and 0 exception(s); b542397d-0a79-4b2f-bca4-8988c4585f57@group-1C24252B61C3:t1, leader=null, voted=b542397d-0a79-4b2f-bca4-8988c4585f57, raftlog=b542397d-0a79-4b2f-bca4-8988c4585f57@group-1C24252B61C3-SegmentedRaftLog:OPENED:c-1,f-1,i0, conf=-1: [fc54a72e-a47f-4136-9ed5-ca4a72c32f0a:192.168.34.13:35339, b542397d-0a79-4b2f-bca4-8988c4585f57:192.168.34.13:37714, cf73b394-96ec-4032-9230-43540487e60d:192.168.34.13:45267], old=null
2019-09-19 13:05:58,957 [cf73b394-96ec-4032-9230-43540487e60d@group-1C24252B61C3:LeaderElection4] INFO  impl.LeaderElection (LeaderElection.java:logAndReturn(56)) - cf73b394-96ec-4032-9230-43540487e60d@group-1C24252B61C3:LeaderElection4: Election REJECTED; received 2 response(s) [cf73b394-96ec-4032-9230-43540487e60d<-fc54a72e-a47f-4136-9ed5-ca4a72c32f0a#0:FAIL-t1, cf73b394-96ec-4032-9230-43540487e60d<-b542397d-0a79-4b2f-bca4-8988c4585f57#0:FAIL-t1] and 0 exception(s); cf73b394-96ec-4032-9230-43540487e60d@group-1C24252B61C3:t1, leader=null, voted=cf73b394-96ec-4032-9230-43540487e60d, raftlog=cf73b394-96ec-4032-9230-43540487e60d@group-1C24252B61C3-SegmentedRaftLog:OPENED:c-1,f-1,i0, conf=-1: [fc54a72e-a47f-4136-9ed5-ca4a72c32f0a:192.168.34.13:35339, b542397d-0a79-4b2f-bca4-8988c4585f57:192.168.34.13:37714, cf73b394-96ec-4032-9230-43540487e60d:192.168.34.13:45267], old=null
2019-09-19 13:05:58,960 [b542397d-0a79-4b2f-bca4-8988c4585f57@group-1C24252B61C3:LeaderElection6] INFO  impl.RaftServerImpl (RaftServerImpl.java:setRole(174)) - b542397d-0a79-4b2f-bca4-8988c4585f57@group-1C24252B61C3: changes role from CANDIDATE to FOLLOWER at term 1 for DISCOVERED_A_NEW_TERM
2019-09-19 13:05:58,960 [fc54a72e-a47f-4136-9ed5-ca4a72c32f0a@group-1C24252B61C3:LeaderElection5] INFO  impl.RaftServerImpl (RaftServerImpl.java:setRole(174)) - fc54a72e-a47f-4136-9ed5-ca4a72c32f0a@group-1C24252B61C3: changes role from CANDIDATE to FOLLOWER at term 1 for DISCOVERED_A_NEW_TERM
2019-09-19 13:05:58,960 [cf73b394-96ec-4032-9230-43540487e60d@group-1C24252B61C3:LeaderElection4] INFO  impl.RaftServerImpl (RaftServerImpl.java:setRole(174)) - cf73b394-96ec-4032-9230-43540487e60d@group-1C24252B61C3: changes role from CANDIDATE to FOLLOWER at term 1 for DISCOVERED_A_NEW_TERM
2019-09-19 13:05:58,963 [b542397d-0a79-4b2f-bca4-8988c4585f57@group-1C24252B61C3:LeaderElection6] INFO  impl.RoleInfo (RoleInfo.java:shutdownLeaderElection(134)) - b542397d-0a79-4b2f-bca4-8988c4585f57: shutdown LeaderElection
2019-09-19 13:05:58,963 [fc54a72e-a47f-4136-9ed5-ca4a72c32f0a@group-1C24252B61C3:LeaderElection5] INFO  impl.RoleInfo (RoleInfo.java:shutdownLeaderElection(134)) - fc54a72e-a47f-4136-9ed5-ca4a72c32f0a: shutdown LeaderElection
2019-09-19 13:05:58,963 [cf73b394-96ec-4032-9230-43540487e60d@group-1C24252B61C3:LeaderElection4] INFO  impl.RoleInfo (RoleInfo.java:shutdownLeaderElection(134)) - cf73b394-96ec-4032-9230-43540487e60d: shutdown LeaderElection
2019-09-19 13:05:58,963 [fc54a72e-a47f-4136-9ed5-ca4a72c32f0a@group-1C24252B61C3:LeaderElection5] INFO  impl.RoleInfo (RoleInfo.java:updateAndGet(143)) - fc54a72e-a47f-4136-9ed5-ca4a72c32f0a: start FollowerState
2019-09-19 13:05:58,963 [cf73b394-96ec-4032-9230-43540487e60d@group-1C24252B61C3:LeaderElection4] INFO  impl.RoleInfo (RoleInfo.java:updateAndGet(143)) - cf73b394-96ec-4032-9230-43540487e60d: start FollowerState
2019-09-19 13:05:58,963 [b542397d-0a79-4b2f-bca4-8988c4585f57@group-1C24252B61C3:LeaderElection6] INFO  impl.RoleInfo (RoleInfo.java:updateAndGet(143)) - b542397d-0a79-4b2f-bca4-8988c4585f57: start FollowerState
2019-09-19 13:05:59,184 [grpc-default-executor-0] INFO  client.GrpcClientProtocolClient (GrpcClientProtocolClient.java:onNext(264)) - client-EC956C876447->fc54a72e-a47f-4136-9ed5-ca4a72c32f0a: receive RaftClientReply:client-EC956C876447->fc54a72e-a47f-4136-9ed5-ca4a72c32f0a@group-1C24252B61C3, cid=6, FAILED org.apache.ratis.protocol.NotLeaderException: Server fc54a72e-a47f-4136-9ed5-ca4a72c32f0a@group-1C24252B61C3 is not the leader, logIndex=0, commits[fc54a72e-a47f-4136-9ed5-ca4a72c32f0a:c-1]
 0.00% |█                                                                                                    |  0/1 Time: 0:00:052019-09-19 13:06:00,221 [grpc-default-executor-3] INFO  client.GrpcClientProtocolClient (GrpcClientProtocolClient.java:onNext(264)) - client-EC956C876447->b542397d-0a79-4b2f-bca4-8988c4585f57: receive RaftClientReply:client-EC956C876447->b542397d-0a79-4b2f-bca4-8988c4585f57@group-1C24252B61C3, cid=6, FAILED org.apache.ratis.protocol.NotLeaderException: Server b542397d-0a79-4b2f-bca4-8988c4585f57@group-1C24252B61C3 is not the leader, logIndex=0, commits[b542397d-0a79-4b2f-bca4-8988c4585f57:c-1]
 0.00% |█                                                                                                    |  0/1 Time: 0:00:062019-09-19 13:06:01,268 [grpc-default-executor-3] INFO  client.GrpcClientProtocolClient (GrpcClientProtocolClient.java:onNext(264)) - client-EC956C876447->fc54a72e-a47f-4136-9ed5-ca4a72c32f0a: receive RaftClientReply:client-EC956C876447->fc54a72e-a47f-4136-9ed5-ca4a72c32f0a@group-1C24252B61C3, cid=6, FAILED org.apache.ratis.protocol.NotLeaderException: Server fc54a72e-a47f-4136-9ed5-ca4a72c32f0a@group-1C24252B61C3 is not the leader, logIndex=0, commits[fc54a72e-a47f-4136-9ed5-ca4a72c32f0a:c-1]
 0.00% |█                                                                                                    |  0/1 Time: 0:00:07 0.00% |█                                                                                                    |  0/1 Time: 0:00:082019-09-19 13:06:02,327 [grpc-default-executor-0] INFO  client.GrpcClientProtocolClient (GrpcClientProtocolClient.java:onNext(264)) - client-EC956C876447->cf73b394-96ec-4032-9230-43540487e60d: receive RaftClientReply:client-EC956C876447->cf73b394-96ec-4032-9230-43540487e60d@group-1C24252B61C3, cid=6, FAILED org.apache.ratis.protocol.NotLeaderException: Server cf73b394-96ec-4032-9230-43540487e60d@group-1C24252B61C3 is not the leader, logIndex=0, commits[cf73b394-96ec-4032-9230-43540487e60d:c-1]
 0.00% |█                                                                                                    |  0/1 Time: 0:00:092019-09-19 13:06:03,377 [grpc-default-executor-3] INFO  client.GrpcClientProtocolClient (GrpcClientProtocolClient.java:onNext(264)) - client-EC956C876447->fc54a72e-a47f-4136-9ed5-ca4a72c32f0a: receive RaftClientReply:client-EC956C876447->fc54a72e-a47f-4136-9ed5-ca4a72c32f0a@group-1C24252B61C3, cid=6, FAILED org.apache.ratis.protocol.NotLeaderException: Server fc54a72e-a47f-4136-9ed5-ca4a72c32f0a@group-1C24252B61C3 is not the leader, logIndex=0, commits[fc54a72e-a47f-4136-9ed5-ca4a72c32f0a:c-1]
2019-09-19 13:06:03,975 [Thread-229] INFO  impl.FollowerState (FollowerState.java:run(106)) - fc54a72e-a47f-4136-9ed5-ca4a72c32f0a:group-1C24252B61C3 changes to CANDIDATE, lastRpcTime:5011, electionTimeout:5011ms
2019-09-19 13:06:03,975 [Thread-229] INFO  impl.RoleInfo (RoleInfo.java:shutdownFollowerState(121)) - fc54a72e-a47f-4136-9ed5-ca4a72c32f0a: shutdown FollowerState
2019-09-19 13:06:03,975 [Thread-229] INFO  impl.RaftServerImpl (RaftServerImpl.java:setRole(174)) - fc54a72e-a47f-4136-9ed5-ca4a72c32f0a@group-1C24252B61C3: changes role from  FOLLOWER to CANDIDATE at term 1 for changeToCandidate
2019-09-19 13:06:03,976 [Thread-229] INFO  impl.RoleInfo (RoleInfo.java:updateAndGet(143)) - fc54a72e-a47f-4136-9ed5-ca4a72c32f0a: start LeaderElection
2019-09-19 13:06:03,991 [fc54a72e-a47f-4136-9ed5-ca4a72c32f0a@group-1C24252B61C3:LeaderElection7] INFO  impl.LeaderElection (LeaderElection.java:askForVotes(182)) - fc54a72e-a47f-4136-9ed5-ca4a72c32f0a@group-1C24252B61C3:LeaderElection7: begin an election at term 2 for -1: [fc54a72e-a47f-4136-9ed5-ca4a72c32f0a:192.168.34.13:35339, b542397d-0a79-4b2f-bca4-8988c4585f57:192.168.34.13:37714, cf73b394-96ec-4032-9230-43540487e60d:192.168.34.13:45267], old=null
2019-09-19 13:06:03,998 [grpc-default-executor-3] INFO  impl.RaftServerImpl (RaftServerImpl.java:setRole(174)) - cf73b394-96ec-4032-9230-43540487e60d@group-1C24252B61C3: changes role from  FOLLOWER to FOLLOWER at term 2 for recognizeCandidate:fc54a72e-a47f-4136-9ed5-ca4a72c32f0a
2019-09-19 13:06:03,998 [grpc-default-executor-3] INFO  impl.RoleInfo (RoleInfo.java:shutdownFollowerState(121)) - cf73b394-96ec-4032-9230-43540487e60d: shutdown FollowerState
2019-09-19 13:06:03,998 [grpc-default-executor-3] INFO  impl.RoleInfo (RoleInfo.java:updateAndGet(143)) - cf73b394-96ec-4032-9230-43540487e60d: start FollowerState
2019-09-19 13:06:03,998 [grpc-default-executor-0] INFO  impl.RaftServerImpl (RaftServerImpl.java:setRole(174)) - b542397d-0a79-4b2f-bca4-8988c4585f57@group-1C24252B61C3: changes role from  FOLLOWER to FOLLOWER at term 2 for recognizeCandidate:fc54a72e-a47f-4136-9ed5-ca4a72c32f0a
2019-09-19 13:06:03,998 [Thread-230] INFO  impl.FollowerState (FollowerState.java:run(115)) - cf73b394-96ec-4032-9230-43540487e60d: FollowerState was interrupted: java.lang.InterruptedException: sleep interrupted
2019-09-19 13:06:03,998 [grpc-default-executor-0] INFO  impl.RoleInfo (RoleInfo.java:shutdownFollowerState(121)) - b542397d-0a79-4b2f-bca4-8988c4585f57: shutdown FollowerState
2019-09-19 13:06:03,999 [grpc-default-executor-0] INFO  impl.RoleInfo (RoleInfo.java:updateAndGet(143)) - b542397d-0a79-4b2f-bca4-8988c4585f57: start FollowerState
2019-09-19 13:06:04,000 [Thread-228] INFO  impl.FollowerState (FollowerState.java:run(115)) - b542397d-0a79-4b2f-bca4-8988c4585f57: FollowerState was interrupted: java.lang.InterruptedException: sleep interrupted
2019-09-19 13:06:04,021 [fc54a72e-a47f-4136-9ed5-ca4a72c32f0a@group-1C24252B61C3:LeaderElection7] INFO  impl.LeaderElection (LeaderElection.java:logAndReturn(56)) - fc54a72e-a47f-4136-9ed5-ca4a72c32f0a@group-1C24252B61C3:LeaderElection7: Election PASSED; received 1 response(s) [fc54a72e-a47f-4136-9ed5-ca4a72c32f0a<-b542397d-0a79-4b2f-bca4-8988c4585f57#0:OK-t2] and 0 exception(s); fc54a72e-a47f-4136-9ed5-ca4a72c32f0a@group-1C24252B61C3:t2, leader=null, voted=fc54a72e-a47f-4136-9ed5-ca4a72c32f0a, raftlog=fc54a72e-a47f-4136-9ed5-ca4a72c32f0a@group-1C24252B61C3-SegmentedRaftLog:OPENED:c-1,f-1,i0, conf=-1: [fc54a72e-a47f-4136-9ed5-ca4a72c32f0a:192.168.34.13:35339, b542397d-0a79-4b2f-bca4-8988c4585f57:192.168.34.13:37714, cf73b394-96ec-4032-9230-43540487e60d:192.168.34.13:45267], old=null
2019-09-19 13:06:04,022 [fc54a72e-a47f-4136-9ed5-ca4a72c32f0a@group-1C24252B61C3:LeaderElection7] INFO  impl.RoleInfo (RoleInfo.java:shutdownLeaderElection(134)) - fc54a72e-a47f-4136-9ed5-ca4a72c32f0a: shutdown LeaderElection
2019-09-19 13:06:04,024 [fc54a72e-a47f-4136-9ed5-ca4a72c32f0a@group-1C24252B61C3:LeaderElection7] INFO  impl.RaftServerImpl (RaftServerImpl.java:setRole(174)) - fc54a72e-a47f-4136-9ed5-ca4a72c32f0a@group-1C24252B61C3: changes role from CANDIDATE to LEADER at term 2 for changeToLeader
2019-09-19 13:06:04,024 [fc54a72e-a47f-4136-9ed5-ca4a72c32f0a@group-1C24252B61C3:LeaderElection7] INFO  impl.RaftServerImpl (ServerState.java:setLeader(253)) - fc54a72e-a47f-4136-9ed5-ca4a72c32f0a@group-1C24252B61C3: change Leader from null to fc54a72e-a47f-4136-9ed5-ca4a72c32f0a at term 2 for becomeLeader, leader elected after 10263ms
2019-09-19 13:06:04,024 [fc54a72e-a47f-4136-9ed5-ca4a72c32f0a@group-1C24252B61C3:LeaderElection7] INFO  server.RaftServerConfigKeys (ConfUtils.java:logGet(43)) - raft.server.staging.catchup.gap = 1000 (default)
2019-09-19 13:06:04,025 [fc54a72e-a47f-4136-9ed5-ca4a72c32f0a@group-1C24252B61C3:LeaderElection7] INFO  server.RaftServerConfigKeys (ConfUtils.java:logGet(43)) - raft.server.rpc.sleep.time = 25ms (default)
2019-09-19 13:06:04,025 [fc54a72e-a47f-4136-9ed5-ca4a72c32f0a@group-1C24252B61C3:LeaderElection7] INFO  server.RaftServerConfigKeys (ConfUtils.java:logGet(43)) - raft.server.write.element-limit = 4096 (default)
2019-09-19 13:06:04,025 [fc54a72e-a47f-4136-9ed5-ca4a72c32f0a@group-1C24252B61C3:LeaderElection7] INFO  server.RaftServerConfigKeys (ConfUtils.java:logGet(43)) - raft.server.watch.timeout = 10s (default)
2019-09-19 13:06:04,025 [fc54a72e-a47f-4136-9ed5-ca4a72c32f0a@group-1C24252B61C3:LeaderElection7] INFO  server.RaftServerConfigKeys (ConfUtils.java:logGet(43)) - raft.server.watch.timeout.denomination = 1s (default)
2019-09-19 13:06:04,026 [fc54a72e-a47f-4136-9ed5-ca4a72c32f0a@group-1C24252B61C3:LeaderElection7] INFO  server.RaftServerConfigKeys (ConfUtils.java:logGet(43)) - raft.server.watch.element-limit = 65536 (default)
2019-09-19 13:06:04,033 [fc54a72e-a47f-4136-9ed5-ca4a72c32f0a@group-1C24252B61C3:LeaderElection7] INFO  server.RaftServerConfigKeys (ConfUtils.java:logGet(43)) - raft.server.log.appender.snapshot.chunk.size.max = 16MB (=16777216) (default)
2019-09-19 13:06:04,033 [fc54a72e-a47f-4136-9ed5-ca4a72c32f0a@group-1C24252B61C3:LeaderElection7] INFO  server.RaftServerConfigKeys (ConfUtils.java:logGet(43)) - raft.server.log.appender.buffer.byte-limit = 33554432 (custom)
2019-09-19 13:06:04,035 [fc54a72e-a47f-4136-9ed5-ca4a72c32f0a@group-1C24252B61C3:LeaderElection7] INFO  server.RaftServerConfigKeys (ConfUtils.java:logGet(43)) - raft.server.log.appender.buffer.element-limit = 1 (custom)
2019-09-19 13:06:04,040 [fc54a72e-a47f-4136-9ed5-ca4a72c32f0a@group-1C24252B61C3:LeaderElection7] INFO  grpc.GrpcConfigKeys$Server (ConfUtils.java:logGet(43)) - raft.grpc.server.leader.outstanding.appends.max = 128 (default)
2019-09-19 13:06:04,040 [fc54a72e-a47f-4136-9ed5-ca4a72c32f0a@group-1C24252B61C3:LeaderElection7] INFO  server.RaftServerConfigKeys (ConfUtils.java:logGet(43)) - raft.server.rpc.request.timeout = 3000ms (default)
2019-09-19 13:06:04,040 [fc54a72e-a47f-4136-9ed5-ca4a72c32f0a@group-1C24252B61C3:LeaderElection7] INFO  server.RaftServerConfigKeys (ConfUtils.java:logGet(43)) - raft.server.log.appender.install.snapshot.enabled = false (custom)
2019-09-19 13:06:04,041 [fc54a72e-a47f-4136-9ed5-ca4a72c32f0a@group-1C24252B61C3:LeaderElection7] INFO  server.RaftServerConfigKeys (ConfUtils.java:logGet(43)) - raft.server.log.appender.snapshot.chunk.size.max = 16MB (=16777216) (default)
2019-09-19 13:06:04,042 [fc54a72e-a47f-4136-9ed5-ca4a72c32f0a@group-1C24252B61C3:LeaderElection7] INFO  server.RaftServerConfigKeys (ConfUtils.java:logGet(43)) - raft.server.log.appender.buffer.byte-limit = 33554432 (custom)
2019-09-19 13:06:04,042 [fc54a72e-a47f-4136-9ed5-ca4a72c32f0a@group-1C24252B61C3:LeaderElection7] INFO  server.RaftServerConfigKeys (ConfUtils.java:logGet(43)) - raft.server.log.appender.buffer.element-limit = 1 (custom)
2019-09-19 13:06:04,042 [fc54a72e-a47f-4136-9ed5-ca4a72c32f0a@group-1C24252B61C3:LeaderElection7] INFO  grpc.GrpcConfigKeys$Server (ConfUtils.java:logGet(43)) - raft.grpc.server.leader.outstanding.appends.max = 128 (default)
2019-09-19 13:06:04,042 [fc54a72e-a47f-4136-9ed5-ca4a72c32f0a@group-1C24252B61C3:LeaderElection7] INFO  server.RaftServerConfigKeys (ConfUtils.java:logGet(43)) - raft.server.rpc.request.timeout = 3000ms (default)
2019-09-19 13:06:04,043 [fc54a72e-a47f-4136-9ed5-ca4a72c32f0a@group-1C24252B61C3:LeaderElection7] INFO  server.RaftServerConfigKeys (ConfUtils.java:logGet(43)) - raft.server.log.appender.install.snapshot.enabled = false (custom)
2019-09-19 13:06:04,044 [fc54a72e-a47f-4136-9ed5-ca4a72c32f0a@group-1C24252B61C3:LeaderElection7] INFO  impl.RoleInfo (RoleInfo.java:updateAndGet(143)) - fc54a72e-a47f-4136-9ed5-ca4a72c32f0a: start LeaderState
2019-09-19 13:06:04,045 [fc54a72e-a47f-4136-9ed5-ca4a72c32f0a@group-1C24252B61C3:LeaderElection7] INFO  segmented.SegmentedRaftLogWorker (SegmentedRaftLogWorker.java:startLogSegment(380)) - fc54a72e-a47f-4136-9ed5-ca4a72c32f0a@group-1C24252B61C3-SegmentedRaftLogWorker: Starting segment from index:0
2019-09-19 13:06:04,046 [fc54a72e-a47f-4136-9ed5-ca4a72c32f0a@group-1C24252B61C3:LeaderElection7] INFO  impl.RaftServerImpl (ServerState.java:setRaftConf(354)) - fc54a72e-a47f-4136-9ed5-ca4a72c32f0a@group-1C24252B61C3: set configuration 0: [fc54a72e-a47f-4136-9ed5-ca4a72c32f0a:192.168.34.13:35339, b542397d-0a79-4b2f-bca4-8988c4585f57:192.168.34.13:37714, cf73b394-96ec-4032-9230-43540487e60d:192.168.34.13:45267], old=null at 0
2019-09-19 13:06:04,090 [grpc-default-executor-0] INFO  impl.RaftServerImpl (ServerState.java:setLeader(253)) - cf73b394-96ec-4032-9230-43540487e60d@group-1C24252B61C3: change Leader from null to fc54a72e-a47f-4136-9ed5-ca4a72c32f0a at term 2 for appendEntries, leader elected after 10330ms
2019-09-19 13:06:04,090 [grpc-default-executor-3] INFO  impl.RaftServerImpl (ServerState.java:setLeader(253)) - b542397d-0a79-4b2f-bca4-8988c4585f57@group-1C24252B61C3: change Leader from null to fc54a72e-a47f-4136-9ed5-ca4a72c32f0a at term 2 for appendEntries, leader elected after 10330ms
2019-09-19 13:06:04,094 [fc54a72e-a47f-4136-9ed5-ca4a72c32f0a@group-1C24252B61C3-SegmentedRaftLogWorker] INFO  segmented.SegmentedRaftLogWorker (SegmentedRaftLogWorker.java:execute(569)) - fc54a72e-a47f-4136-9ed5-ca4a72c32f0a@group-1C24252B61C3-SegmentedRaftLogWorker: created new log segment /workdir/hadoop-ozone/tools/target/test-dir/MiniOzoneClusterImpl-15fc9b53-d736-4c3b-858f-342726019016/datanode-2/data/ratis/5d8695b9-2179-4aa7-881b-1c24252b61c3/current/log_inprogress_0
2019-09-19 13:06:04,112 [grpc-default-executor-3] INFO  impl.RaftServerImpl (ServerState.java:setRaftConf(354)) - cf73b394-96ec-4032-9230-43540487e60d@group-1C24252B61C3: set configuration 0: [fc54a72e-a47f-4136-9ed5-ca4a72c32f0a:192.168.34.13:35339, b542397d-0a79-4b2f-bca4-8988c4585f57:192.168.34.13:37714, cf73b394-96ec-4032-9230-43540487e60d:192.168.34.13:45267], old=null at 0
2019-09-19 13:06:04,112 [grpc-default-executor-0] INFO  impl.RaftServerImpl (ServerState.java:setRaftConf(354)) - b542397d-0a79-4b2f-bca4-8988c4585f57@group-1C24252B61C3: set configuration 0: [fc54a72e-a47f-4136-9ed5-ca4a72c32f0a:192.168.34.13:35339, b542397d-0a79-4b2f-bca4-8988c4585f57:192.168.34.13:37714, cf73b394-96ec-4032-9230-43540487e60d:192.168.34.13:45267], old=null at 0
2019-09-19 13:06:04,112 [grpc-default-executor-3] INFO  segmented.SegmentedRaftLogWorker (SegmentedRaftLogWorker.java:startLogSegment(380)) - cf73b394-96ec-4032-9230-43540487e60d@group-1C24252B61C3-SegmentedRaftLogWorker: Starting segment from index:0
2019-09-19 13:06:04,112 [grpc-default-executor-0] INFO  segmented.SegmentedRaftLogWorker (SegmentedRaftLogWorker.java:startLogSegment(380)) - b542397d-0a79-4b2f-bca4-8988c4585f57@group-1C24252B61C3-SegmentedRaftLogWorker: Starting segment from index:0
2019-09-19 13:06:04,157 [cf73b394-96ec-4032-9230-43540487e60d@group-1C24252B61C3-SegmentedRaftLogWorker] INFO  segmented.SegmentedRaftLogWorker (SegmentedRaftLogWorker.java:execute(569)) - cf73b394-96ec-4032-9230-43540487e60d@group-1C24252B61C3-SegmentedRaftLogWorker: created new log segment /workdir/hadoop-ozone/tools/target/test-dir/MiniOzoneClusterImpl-15fc9b53-d736-4c3b-858f-342726019016/datanode-0/data/ratis/5d8695b9-2179-4aa7-881b-1c24252b61c3/current/log_inprogress_0
2019-09-19 13:06:04,157 [b542397d-0a79-4b2f-bca4-8988c4585f57@group-1C24252B61C3-SegmentedRaftLogWorker] INFO  segmented.SegmentedRaftLogWorker (SegmentedRaftLogWorker.java:execute(569)) - b542397d-0a79-4b2f-bca4-8988c4585f57@group-1C24252B61C3-SegmentedRaftLogWorker: created new log segment /workdir/hadoop-ozone/tools/target/test-dir/MiniOzoneClusterImpl-15fc9b53-d736-4c3b-858f-342726019016/datanode-1/data/ratis/5d8695b9-2179-4aa7-881b-1c24252b61c3/current/log_inprogress_0
 0.00% |█                                                                                                    |  0/1 Time: 0:00:102019-09-19 13:06:04,401 [grpc-default-executor-0] INFO  client.GrpcClientProtocolClient (GrpcClientProtocolClient.java:onNext(264)) - client-EC956C876447->cf73b394-96ec-4032-9230-43540487e60d: receive RaftClientReply:client-EC956C876447->cf73b394-96ec-4032-9230-43540487e60d@group-1C24252B61C3, cid=6, FAILED org.apache.ratis.protocol.NotLeaderException: Server cf73b394-96ec-4032-9230-43540487e60d@group-1C24252B61C3 is not the leader fc54a72e-a47f-4136-9ed5-ca4a72c32f0a:192.168.34.13:35339, logIndex=0, commits[cf73b394-96ec-4032-9230-43540487e60d:c-1, fc54a72e-a47f-4136-9ed5-ca4a72c32f0a:c-1, b542397d-0a79-4b2f-bca4-8988c4585f57:c-1]
2019-09-19 13:06:04,735 [grpc-default-executor-0] INFO  client.GrpcClientProtocolClient (GrpcClientProtocolClient.java:onNext(264)) - client-EC956C876447->fc54a72e-a47f-4136-9ed5-ca4a72c32f0a: receive RaftClientReply:client-EC956C876447->fc54a72e-a47f-4136-9ed5-ca4a72c32f0a@group-1C24252B61C3, cid=6, SUCCESS, logIndex=1, commits[fc54a72e-a47f-4136-9ed5-ca4a72c32f0a:c1, b542397d-0a79-4b2f-bca4-8988c4585f57:c0, cf73b394-96ec-4032-9230-43540487e60d:c0]
2019-09-19 13:06:04,829 [grpc-default-executor-4] INFO  client.GrpcClientProtocolClient (GrpcClientProtocolClient.java:onNext(264)) - client-EC956C876447->fc54a72e-a47f-4136-9ed5-ca4a72c32f0a: receive RaftClientReply:client-EC956C876447->fc54a72e-a47f-4136-9ed5-ca4a72c32f0a@group-1C24252B61C3, cid=7, SUCCESS, logIndex=3, commits[fc54a72e-a47f-4136-9ed5-ca4a72c32f0a:c8, b542397d-0a79-4b2f-bca4-8988c4585f57:c6, cf73b394-96ec-4032-9230-43540487e60d:c6]
2019-09-19 13:06:04,832 [grpc-default-executor-4] INFO  client.GrpcClientProtocolClient (GrpcClientProtocolClient.java:onNext(264)) - client-EC956C876447->fc54a72e-a47f-4136-9ed5-ca4a72c32f0a: receive RaftClientReply:client-EC956C876447->fc54a72e-a47f-4136-9ed5-ca4a72c32f0a@group-1C24252B61C3, cid=8, SUCCESS, logIndex=4, commits[fc54a72e-a47f-4136-9ed5-ca4a72c32f0a:c8, b542397d-0a79-4b2f-bca4-8988c4585f57:c6, cf73b394-96ec-4032-9230-43540487e60d:c6]
2019-09-19 13:06:04,908 [grpc-default-executor-4] INFO  client.GrpcClientProtocolClient (GrpcClientProtocolClient.java:onNext(264)) - client-EC956C876447->fc54a72e-a47f-4136-9ed5-ca4a72c32f0a: receive RaftClientReply:client-EC956C876447->fc54a72e-a47f-4136-9ed5-ca4a72c32f0a@group-1C24252B61C3, cid=9, SUCCESS, logIndex=5, commits[fc54a72e-a47f-4136-9ed5-ca4a72c32f0a:c8, b542397d-0a79-4b2f-bca4-8988c4585f57:c6, cf73b394-96ec-4032-9230-43540487e60d:c6]
2019-09-19 13:06:04,965 [grpc-default-executor-3] INFO  client.GrpcClientProtocolClient (GrpcClientProtocolClient.java:onNext(264)) - client-EC956C876447->fc54a72e-a47f-4136-9ed5-ca4a72c32f0a: receive RaftClientReply:client-EC956C876447->fc54a72e-a47f-4136-9ed5-ca4a72c32f0a@group-1C24252B61C3, cid=10, SUCCESS, logIndex=9, commits[fc54a72e-a47f-4136-9ed5-ca4a72c32f0a:c10, b542397d-0a79-4b2f-bca4-8988c4585f57:c8, cf73b394-96ec-4032-9230-43540487e60d:c8]
2019-09-19 13:06:04,966 [grpc-default-executor-3] INFO  client.GrpcClientProtocolClient (GrpcClientProtocolClient.java:onNext(264)) - client-EC956C876447->fc54a72e-a47f-4136-9ed5-ca4a72c32f0a: receive RaftClientReply:client-EC956C876447->fc54a72e-a47f-4136-9ed5-ca4a72c32f0a@group-1C24252B61C3, cid=11, SUCCESS, logIndex=10, commits[fc54a72e-a47f-4136-9ed5-ca4a72c32f0a:c10, b542397d-0a79-4b2f-bca4-8988c4585f57:c8, cf73b394-96ec-4032-9230-43540487e60d:c8]
2019-09-19 13:06:04,966 [grpc-default-executor-3] INFO  client.GrpcClientProtocolClient (GrpcClientProtocolClient.java:onNext(264)) - client-EC956C876447->fc54a72e-a47f-4136-9ed5-ca4a72c32f0a: receive RaftClientReply:client-EC956C876447->fc54a72e-a47f-4136-9ed5-ca4a72c32f0a@group-1C24252B61C3, cid=12, SUCCESS, logIndex=11, commits[fc54a72e-a47f-4136-9ed5-ca4a72c32f0a:c12, b542397d-0a79-4b2f-bca4-8988c4585f57:c8, cf73b394-96ec-4032-9230-43540487e60d:c8]
2019-09-19 13:06:04,967 [grpc-default-executor-3] INFO  client.GrpcClientProtocolClient (GrpcClientProtocolClient.java:onNext(264)) - client-EC956C876447->fc54a72e-a47f-4136-9ed5-ca4a72c32f0a: receive RaftClientReply:client-EC956C876447->fc54a72e-a47f-4136-9ed5-ca4a72c32f0a@group-1C24252B61C3, cid=13, SUCCESS, logIndex=12, commits[fc54a72e-a47f-4136-9ed5-ca4a72c32f0a:c13, b542397d-0a79-4b2f-bca4-8988c4585f57:c9, cf73b394-96ec-4032-9230-43540487e60d:c8]
2019-09-19 13:06:04,985 [grpc-default-executor-4] INFO  client.GrpcClientProtocolClient (GrpcClientProtocolClient.java:onNext(264)) - client-EC956C876447->fc54a72e-a47f-4136-9ed5-ca4a72c32f0a: receive RaftClientReply:client-EC956C876447->fc54a72e-a47f-4136-9ed5-ca4a72c32f0a@group-1C24252B61C3, cid=14, SUCCESS, logIndex=0, commits[fc54a72e-a47f-4136-9ed5-ca4a72c32f0a:c15, b542397d-0a79-4b2f-bca4-8988c4585f57:c11, cf73b394-96ec-4032-9230-43540487e60d:c12]
2019-09-19 13:06:04,992 [grpc-default-executor-4] INFO  client.GrpcClientProtocolClient (GrpcClientProtocolClient.java:onNext(264)) - client-EC956C876447->fc54a72e-a47f-4136-9ed5-ca4a72c32f0a: receive RaftClientReply:client-EC956C876447->fc54a72e-a47f-4136-9ed5-ca4a72c32f0a@group-1C24252B61C3, cid=15, SUCCESS, logIndex=0, commits[fc54a72e-a47f-4136-9ed5-ca4a72c32f0a:c16, b542397d-0a79-4b2f-bca4-8988c4585f57:c12, cf73b394-96ec-4032-9230-43540487e60d:c12]
2019-09-19 13:06:05,206 [grpc-default-executor-4] INFO  client.GrpcClientProtocolClient (GrpcClientProtocolClient.java:onNext(264)) - client-6FEDB5C32964->fc54a72e-a47f-4136-9ed5-ca4a72c32f0a: receive RaftClientReply:client-6FEDB5C32964->fc54a72e-a47f-4136-9ed5-ca4a72c32f0a@group-1C24252B61C3, cid=16, SUCCESS, logIndex=17, commits[fc54a72e-a47f-4136-9ed5-ca4a72c32f0a:c17, b542397d-0a79-4b2f-bca4-8988c4585f57:c16, cf73b394-96ec-4032-9230-43540487e60d:c16]
2019-09-19 13:06:05,284 [grpc-default-executor-3] INFO  client.GrpcClientProtocolClient (GrpcClientProtocolClient.java:onNext(264)) - client-6FEDB5C32964->fc54a72e-a47f-4136-9ed5-ca4a72c32f0a: receive RaftClientReply:client-6FEDB5C32964->fc54a72e-a47f-4136-9ed5-ca4a72c32f0a@group-1C24252B61C3, cid=17, SUCCESS, logIndex=19, commits[fc54a72e-a47f-4136-9ed5-ca4a72c32f0a:c24, b542397d-0a79-4b2f-bca4-8988c4585f57:c22, cf73b394-96ec-4032-9230-43540487e60d:c22]
2019-09-19 13:06:05,285 [grpc-default-executor-3] INFO  client.GrpcClientProtocolClient (GrpcClientProtocolClient.java:onNext(264)) - client-6FEDB5C32964->fc54a72e-a47f-4136-9ed5-ca4a72c32f0a: receive RaftClientReply:client-6FEDB5C32964->fc54a72e-a47f-4136-9ed5-ca4a72c32f0a@group-1C24252B61C3, cid=18, SUCCESS, logIndex=20, commits[fc54a72e-a47f-4136-9ed5-ca4a72c32f0a:c24, b542397d-0a79-4b2f-bca4-8988c4585f57:c22, cf73b394-96ec-4032-9230-43540487e60d:c22]
 0.00% |█                                                                                                    |  0/1 Time: 0:00:112019-09-19 13:06:05,371 [grpc-default-executor-3] INFO  client.GrpcClientProtocolClient (GrpcClientProtocolClient.java:onNext(264)) - client-6FEDB5C32964->fc54a72e-a47f-4136-9ed5-ca4a72c32f0a: receive RaftClientReply:client-6FEDB5C32964->fc54a72e-a47f-4136-9ed5-ca4a72c32f0a@group-1C24252B61C3, cid=19, SUCCESS, logIndex=21, commits[fc54a72e-a47f-4136-9ed5-ca4a72c32f0a:c24, b542397d-0a79-4b2f-bca4-8988c4585f57:c22, cf73b394-96ec-4032-9230-43540487e60d:c22]
2019-09-19 13:06:05,411 [grpc-default-executor-4] INFO  client.GrpcClientProtocolClient (GrpcClientProtocolClient.java:onNext(264)) - client-6FEDB5C32964->fc54a72e-a47f-4136-9ed5-ca4a72c32f0a: receive RaftClientReply:client-6FEDB5C32964->fc54a72e-a47f-4136-9ed5-ca4a72c32f0a@group-1C24252B61C3, cid=20, SUCCESS, logIndex=25, commits[fc54a72e-a47f-4136-9ed5-ca4a72c32f0a:c26, b542397d-0a79-4b2f-bca4-8988c4585f57:c24, cf73b394-96ec-4032-9230-43540487e60d:c24]
2019-09-19 13:06:05,412 [grpc-default-executor-4] INFO  client.GrpcClientProtocolClient (GrpcClientProtocolClient.java:onNext(264)) - client-6FEDB5C32964->fc54a72e-a47f-4136-9ed5-ca4a72c32f0a: receive RaftClientReply:client-6FEDB5C32964->fc54a72e-a47f-4136-9ed5-ca4a72c32f0a@group-1C24252B61C3, cid=21, SUCCESS, logIndex=26, commits[fc54a72e-a47f-4136-9ed5-ca4a72c32f0a:c26, b542397d-0a79-4b2f-bca4-8988c4585f57:c24, cf73b394-96ec-4032-9230-43540487e60d:c24]
2019-09-19 13:06:05,429 [grpc-default-executor-0] INFO  client.GrpcClientProtocolClient (GrpcClientProtocolClient.java:onNext(264)) - client-6FEDB5C32964->fc54a72e-a47f-4136-9ed5-ca4a72c32f0a: receive RaftClientReply:client-6FEDB5C32964->fc54a72e-a47f-4136-9ed5-ca4a72c32f0a@group-1C24252B61C3, cid=22, SUCCESS, logIndex=27, commits[fc54a72e-a47f-4136-9ed5-ca4a72c32f0a:c30, b542397d-0a79-4b2f-bca4-8988c4585f57:c26, cf73b394-96ec-4032-9230-43540487e60d:c26]
2019-09-19 13:06:05,429 [grpc-default-executor-0] INFO  client.GrpcClientProtocolClient (GrpcClientProtocolClient.java:onNext(264)) - client-6FEDB5C32964->fc54a72e-a47f-4136-9ed5-ca4a72c32f0a: receive RaftClientReply:client-6FEDB5C32964->fc54a72e-a47f-4136-9ed5-ca4a72c32f0a@group-1C24252B61C3, cid=23, SUCCESS, logIndex=28, commits[fc54a72e-a47f-4136-9ed5-ca4a72c32f0a:c30, b542397d-0a79-4b2f-bca4-8988c4585f57:c26, cf73b394-96ec-4032-9230-43540487e60d:c26]
 0.00% |█                                                                                                    |  0/1 Time: 0:00:12 0.00% |█                                                                                                    |  0/1 Time: 0:00:132019-09-19 13:06:07,945 [grpc-default-executor-4] INFO  client.GrpcClientProtocolClient (GrpcClientProtocolClient.java:onNext(264)) - client-6FEDB5C32964->fc54a72e-a47f-4136-9ed5-ca4a72c32f0a: receive RaftClientReply:client-6FEDB5C32964->fc54a72e-a47f-4136-9ed5-ca4a72c32f0a@group-1C24252B61C3, cid=24, SUCCESS, logIndex=0, commits[fc54a72e-a47f-4136-9ed5-ca4a72c32f0a:c31, b542397d-0a79-4b2f-bca4-8988c4585f57:c31, cf73b394-96ec-4032-9230-43540487e60d:c31]
 0.00% |█                                                                                                    |  0/1 Time: 0:00:14 0.00% |█                                                                                                    |  0/1 Time: 0:00:15 0.00% |█                                                                                                    |  0/1 Time: 0:00:162019-09-19 13:06:10,964 [java.util.concurrent.ThreadPoolExecutor$Worker@42bf2603[State = -1, empty queue]] WARN  server.GrpcLogAppender (GrpcLogAppender.java:timeoutAppendRequest(200)) - fc54a72e-a47f-4136-9ed5-ca4a72c32f0a@group-1C24252B61C3->cf73b394-96ec-4032-9230-43540487e60d-GrpcLogAppender: appendEntries Timeout, request=fc54a72e-a47f-4136-9ed5-ca4a72c32f0a->cf73b394-96ec-4032-9230-43540487e60d#34-t2, previous=(t:2, i:31), leaderCommit=31, initializing? false, entries: size=1, first=(t:2, i:32), STATEMACHINELOGENTRY, client-6FEDB5C32964, cid=25
2019-09-19 13:06:10,964 [java.util.concurrent.ThreadPoolExecutor$Worker@3523dec8[State = -1, empty queue]] WARN  server.GrpcLogAppender (GrpcLogAppender.java:timeoutAppendRequest(200)) - fc54a72e-a47f-4136-9ed5-ca4a72c32f0a@group-1C24252B61C3->b542397d-0a79-4b2f-bca4-8988c4585f57-GrpcLogAppender: appendEntries Timeout, request=fc54a72e-a47f-4136-9ed5-ca4a72c32f0a->b542397d-0a79-4b2f-bca4-8988c4585f57#34-t2, previous=(t:2, i:31), leaderCommit=31, initializing? false, entries: size=1, first=(t:2, i:32), STATEMACHINELOGENTRY, client-6FEDB5C32964, cid=25
2019-09-19 13:06:10,971 [java.util.concurrent.ThreadPoolExecutor$Worker@42bf2603[State = -1, empty queue]] WARN  server.GrpcLogAppender (GrpcLogAppender.java:timeoutAppendRequest(200)) - fc54a72e-a47f-4136-9ed5-ca4a72c32f0a@group-1C24252B61C3->cf73b394-96ec-4032-9230-43540487e60d-GrpcLogAppender: appendEntries Timeout, request=fc54a72e-a47f-4136-9ed5-ca4a72c32f0a->cf73b394-96ec-4032-9230-43540487e60d#35-t2, previous=(t:2, i:32), leaderCommit=31, initializing? false, entries: size=1, first=(t:2, i:33), STATEMACHINELOGENTRY, client-6FEDB5C32964, cid=26
2019-09-19 13:06:10,973 [java.util.concurrent.ThreadPoolExecutor$Worker@3523dec8[State = -1, empty queue]] WARN  server.GrpcLogAppender (GrpcLogAppender.java:timeoutAppendRequest(200)) - fc54a72e-a47f-4136-9ed5-ca4a72c32f0a@group-1C24252B61C3->b542397d-0a79-4b2f-bca4-8988c4585f57-GrpcLogAppender: appendEntries Timeout, request=fc54a72e-a47f-4136-9ed5-ca4a72c32f0a->b542397d-0a79-4b2f-bca4-8988c4585f57#35-t2, previous=(t:2, i:32), leaderCommit=31, initializing? false, entries: size=1, first=(t:2, i:33), STATEMACHINELOGENTRY, client-6FEDB5C32964, cid=26
2019-09-19 13:06:10,974 [java.util.concurrent.ThreadPoolExecutor$Worker@42bf2603[State = -1, empty queue]] WARN  server.GrpcLogAppender (GrpcLogAppender.java:timeoutAppendRequest(200)) - fc54a72e-a47f-4136-9ed5-ca4a72c32f0a@group-1C24252B61C3->cf73b394-96ec-4032-9230-43540487e60d-GrpcLogAppender: appendEntries Timeout, request=fc54a72e-a47f-4136-9ed5-ca4a72c32f0a->cf73b394-96ec-4032-9230-43540487e60d#36-t2, previous=(t:2, i:33), leaderCommit=31, initializing? false, entries: size=1, first=(t:2, i:34), STATEMACHINELOGENTRY, client-6FEDB5C32964, cid=27
2019-09-19 13:06:10,976 [java.util.concurrent.ThreadPoolExecutor$Worker@3523dec8[State = -1, empty queue]] WARN  server.GrpcLogAppender (GrpcLogAppender.java:timeoutAppendRequest(200)) - fc54a72e-a47f-4136-9ed5-ca4a72c32f0a@group-1C24252B61C3->b542397d-0a79-4b2f-bca4-8988c4585f57-GrpcLogAppender: appendEntries Timeout, request=fc54a72e-a47f-4136-9ed5-ca4a72c32f0a->b542397d-0a79-4b2f-bca4-8988c4585f57#36-t2, previous=(t:2, i:33), leaderCommit=31, initializing? false, entries: size=1, first=(t:2, i:34), STATEMACHINELOGENTRY, client-6FEDB5C32964, cid=27
2019-09-19 13:06:10,977 [java.util.concurrent.ThreadPoolExecutor$Worker@42bf2603[State = -1, empty queue]] WARN  server.GrpcLogAppender (GrpcLogAppender.java:timeoutAppendRequest(200)) - fc54a72e-a47f-4136-9ed5-ca4a72c32f0a@group-1C24252B61C3->cf73b394-96ec-4032-9230-43540487e60d-GrpcLogAppender: appendEntries Timeout, request=fc54a72e-a47f-4136-9ed5-ca4a72c32f0a->cf73b394-96ec-4032-9230-43540487e60d#37-t2, previous=(t:2, i:34), leaderCommit=31, initializing? false, entries: size=1, first=(t:2, i:35), STATEMACHINELOGENTRY, client-6FEDB5C32964, cid=28
2019-09-19 13:06:10,979 [java.util.concurrent.ThreadPoolExecutor$Worker@3523dec8[State = -1, empty queue]] WARN  server.GrpcLogAppender (GrpcLogAppender.java:timeoutAppendRequest(200)) - fc54a72e-a47f-4136-9ed5-ca4a72c32f0a@group-1C24252B61C3->b542397d-0a79-4b2f-bca4-8988c4585f57-GrpcLogAppender: appendEntries Timeout, request=fc54a72e-a47f-4136-9ed5-ca4a72c32f0a->b542397d-0a79-4b2f-bca4-8988c4585f57#37-t2, previous=(t:2, i:34), leaderCommit=31, initializing? false, entries: size=1, first=(t:2, i:35), STATEMACHINELOGENTRY, client-6FEDB5C32964, cid=28
 0.00% |█                                                                                                    |  0/1 Time: 0:00:17 0.00% |█                                                                                                    |  0/1 Time: 0:00:182019-09-19 13:06:13,044 [grpc-default-executor-3] INFO  client.GrpcClientProtocolClient (GrpcClientProtocolClient.java:onNext(264)) - client-6FEDB5C32964->cf73b394-96ec-4032-9230-43540487e60d: receive RaftClientReply:client-6FEDB5C32964->cf73b394-96ec-4032-9230-43540487e60d@group-1C24252B61C3, cid=25, FAILED org.apache.ratis.protocol.NotLeaderException: Server cf73b394-96ec-4032-9230-43540487e60d@group-1C24252B61C3 is not the leader fc54a72e-a47f-4136-9ed5-ca4a72c32f0a:192.168.34.13:35339, logIndex=0, commits[cf73b394-96ec-4032-9230-43540487e60d:c31, fc54a72e-a47f-4136-9ed5-ca4a72c32f0a:c31, b542397d-0a79-4b2f-bca4-8988c4585f57:c31]
 0.00% |█                                                                                                    |  0/1 Time: 0:00:192019-09-19 13:06:13,472 [java.util.concurrent.ThreadPoolExecutor$Worker@42bf2603[State = -1, empty queue]] WARN  server.GrpcLogAppender (GrpcLogAppender.java:timeoutAppendRequest(200)) - fc54a72e-a47f-4136-9ed5-ca4a72c32f0a@group-1C24252B61C3->cf73b394-96ec-4032-9230-43540487e60d-GrpcLogAppender: appendEntries Timeout, request=fc54a72e-a47f-4136-9ed5-ca4a72c32f0a->cf73b394-96ec-4032-9230-43540487e60d#38-t2, previous=(t:2, i:35), leaderCommit=31, initializing? false, entries: <empty>
2019-09-19 13:06:13,472 [java.util.concurrent.ThreadPoolExecutor$Worker@3523dec8[State = -1, empty queue]] WARN  server.GrpcLogAppender (GrpcLogAppender.java:timeoutAppendRequest(200)) - fc54a72e-a47f-4136-9ed5-ca4a72c32f0a@group-1C24252B61C3->b542397d-0a79-4b2f-bca4-8988c4585f57-GrpcLogAppender: appendEntries Timeout, request=fc54a72e-a47f-4136-9ed5-ca4a72c32f0a->b542397d-0a79-4b2f-bca4-8988c4585f57#38-t2, previous=(t:2, i:35), leaderCommit=31, initializing? false, entries: <empty>
 0.00% |█                                                                                                    |  0/1 Time: 0:00:20 0.00% |█                                                                                                    |  0/1 Time: 0:00:212019-09-19 13:06:15,973 [java.util.concurrent.ThreadPoolExecutor$Worker@3523dec8[State = -1, empty queue]] WARN  server.GrpcLogAppender (GrpcLogAppender.java:timeoutAppendRequest(200)) - fc54a72e-a47f-4136-9ed5-ca4a72c32f0a@group-1C24252B61C3->b542397d-0a79-4b2f-bca4-8988c4585f57-GrpcLogAppender: appendEntries Timeout, request=fc54a72e-a47f-4136-9ed5-ca4a72c32f0a->b542397d-0a79-4b2f-bca4-8988c4585f57#39-t2, previous=(t:2, i:35), leaderCommit=31, initializing? false, entries: <empty>
2019-09-19 13:06:15,973 [java.util.concurrent.ThreadPoolExecutor$Worker@42bf2603[State = -1, empty queue]] WARN  server.GrpcLogAppender (GrpcLogAppender.java:timeoutAppendRequest(200)) - fc54a72e-a47f-4136-9ed5-ca4a72c32f0a@group-1C24252B61C3->cf73b394-96ec-4032-9230-43540487e60d-GrpcLogAppender: appendEntries Timeout, request=fc54a72e-a47f-4136-9ed5-ca4a72c32f0a->cf73b394-96ec-4032-9230-43540487e60d#39-t2, previous=(t:2, i:35), leaderCommit=31, initializing? false, entries: <empty>
 0.00% |█                                                                                                    |  0/1 Time: 0:00:22 0.00% |█                                                                                                    |  0/1 Time: 0:00:232019-09-19 13:06:17,971 [b542397d-0a79-4b2f-bca4-8988c4585f57@group-1C24252B61C3-SegmentedRaftLogWorker] WARN  segmented.SegmentedRaftLogWorker (SegmentedRaftLogWorker.java:getFromFuture(90)) - Timeout 0/~
org.apache.ratis.protocol.TimeoutIOException: Timeout 10s: WriteLog:32: (t:2, i:32), STATEMACHINELOGENTRY, client-6FEDB5C32964, cid=25-writeStateMachineData
	at org.apache.ratis.util.IOUtils.getFromFuture(IOUtils.java:87)
	at org.apache.ratis.server.raftlog.segmented.SegmentedRaftLogWorker$StateMachineDataPolicy.getFromFuture(SegmentedRaftLogWorker.java:87)
	at org.apache.ratis.server.raftlog.segmented.SegmentedRaftLogWorker$WriteLog.execute(SegmentedRaftLogWorker.java:477)
	at org.apache.ratis.server.raftlog.segmented.SegmentedRaftLogWorker.run(SegmentedRaftLogWorker.java:289)
	at java.lang.Thread.run(Thread.java:748)
Caused by: java.util.concurrent.TimeoutException
	at java.util.concurrent.CompletableFuture.timedGet(CompletableFuture.java:1771)
	at java.util.concurrent.CompletableFuture.get(CompletableFuture.java:1915)
	at org.apache.ratis.util.IOUtils.getFromFuture(IOUtils.java:79)
	... 4 more
2019-09-19 13:06:18,119 [grpc-default-executor-3] INFO  client.GrpcClientProtocolClient (GrpcClientProtocolClient.java:onNext(264)) - client-6FEDB5C32964->b542397d-0a79-4b2f-bca4-8988c4585f57: receive RaftClientReply:client-6FEDB5C32964->b542397d-0a79-4b2f-bca4-8988c4585f57@group-1C24252B61C3, cid=25, FAILED org.apache.ratis.protocol.NotLeaderException: Server b542397d-0a79-4b2f-bca4-8988c4585f57@group-1C24252B61C3 is not the leader fc54a72e-a47f-4136-9ed5-ca4a72c32f0a:192.168.34.13:35339, logIndex=0, commits[b542397d-0a79-4b2f-bca4-8988c4585f57:c31, fc54a72e-a47f-4136-9ed5-ca4a72c32f0a:c31, cf73b394-96ec-4032-9230-43540487e60d:c31]
 0.00% |█                                                                                                    |  0/1 Time: 0:00:242019-09-19 13:06:18,367 [fc54a72e-a47f-4136-9ed5-ca4a72c32f0a@group-1C24252B61C3-SegmentedRaftLogWorker] WARN  segmented.SegmentedRaftLogWorker (SegmentedRaftLogWorker.java:getFromFuture(90)) - Timeout 0/~
org.apache.ratis.protocol.TimeoutIOException: Timeout 10s: WriteLog:34: (t:2, i:34), STATEMACHINELOGENTRY, client-6FEDB5C32964, cid=27-writeStateMachineData
	at org.apache.ratis.util.IOUtils.getFromFuture(IOUtils.java:87)
	at org.apache.ratis.server.raftlog.segmented.SegmentedRaftLogWorker$StateMachineDataPolicy.getFromFuture(SegmentedRaftLogWorker.java:87)
	at org.apache.ratis.server.raftlog.segmented.SegmentedRaftLogWorker$WriteLog.execute(SegmentedRaftLogWorker.java:477)
	at org.apache.ratis.server.raftlog.segmented.SegmentedRaftLogWorker.run(SegmentedRaftLogWorker.java:289)
	at java.lang.Thread.run(Thread.java:748)
Caused by: java.util.concurrent.TimeoutException
	at java.util.concurrent.CompletableFuture.timedGet(CompletableFuture.java:1771)
	at java.util.concurrent.CompletableFuture.get(CompletableFuture.java:1915)
	at org.apache.ratis.util.IOUtils.getFromFuture(IOUtils.java:79)
	... 4 more
2019-09-19 13:06:18,367 [cf73b394-96ec-4032-9230-43540487e60d@group-1C24252B61C3-SegmentedRaftLogWorker] WARN  segmented.SegmentedRaftLogWorker (SegmentedRaftLogWorker.java:getFromFuture(90)) - Timeout 0/~
org.apache.ratis.protocol.TimeoutIOException: Timeout 10s: WriteLog:34: (t:2, i:34), STATEMACHINELOGENTRY, client-6FEDB5C32964, cid=27-writeStateMachineData
	at org.apache.ratis.util.IOUtils.getFromFuture(IOUtils.java:87)
	at org.apache.ratis.server.raftlog.segmented.SegmentedRaftLogWorker$StateMachineDataPolicy.getFromFuture(SegmentedRaftLogWorker.java:87)
	at org.apache.ratis.server.raftlog.segmented.SegmentedRaftLogWorker$WriteLog.execute(SegmentedRaftLogWorker.java:477)
	at org.apache.ratis.server.raftlog.segmented.SegmentedRaftLogWorker.run(SegmentedRaftLogWorker.java:289)
	at java.lang.Thread.run(Thread.java:748)
Caused by: java.util.concurrent.TimeoutException
	at java.util.concurrent.CompletableFuture.timedGet(CompletableFuture.java:1771)
	at java.util.concurrent.CompletableFuture.get(CompletableFuture.java:1915)
	at org.apache.ratis.util.IOUtils.getFromFuture(IOUtils.java:79)
	... 4 more
2019-09-19 13:06:18,475 [java.util.concurrent.ThreadPoolExecutor$Worker@42bf2603[State = -1, empty queue]] WARN  server.GrpcLogAppender (GrpcLogAppender.java:timeoutAppendRequest(200)) - fc54a72e-a47f-4136-9ed5-ca4a72c32f0a@group-1C24252B61C3->cf73b394-96ec-4032-9230-43540487e60d-GrpcLogAppender: appendEntries Timeout, request=fc54a72e-a47f-4136-9ed5-ca4a72c32f0a->cf73b394-96ec-4032-9230-43540487e60d#40-t2, previous=(t:2, i:35), leaderCommit=31, initializing? false, entries: <empty>
2019-09-19 13:06:18,475 [java.util.concurrent.ThreadPoolExecutor$Worker@3523dec8[State = -1, empty queue]] WARN  server.GrpcLogAppender (GrpcLogAppender.java:timeoutAppendRequest(200)) - fc54a72e-a47f-4136-9ed5-ca4a72c32f0a@group-1C24252B61C3->b542397d-0a79-4b2f-bca4-8988c4585f57-GrpcLogAppender: appendEntries Timeout, request=fc54a72e-a47f-4136-9ed5-ca4a72c32f0a->b542397d-0a79-4b2f-bca4-8988c4585f57#40-t2, previous=(t:2, i:35), leaderCommit=31, initializing? false, entries: <empty>
 0.00% |█                                                                                                    |  0/1 Time: 0:00:25 0.00% |█                                                                                                    |  0/1 Time: 0:00:262019-09-19 13:06:20,976 [java.util.concurrent.ThreadPoolExecutor$Worker@3523dec8[State = -1, empty queue]] WARN  server.GrpcLogAppender (GrpcLogAppender.java:timeoutAppendRequest(200)) - fc54a72e-a47f-4136-9ed5-ca4a72c32f0a@group-1C24252B61C3->b542397d-0a79-4b2f-bca4-8988c4585f57-GrpcLogAppender: appendEntries Timeout, request=fc54a72e-a47f-4136-9ed5-ca4a72c32f0a->b542397d-0a79-4b2f-bca4-8988c4585f57#41-t2, previous=(t:2, i:35), leaderCommit=31, initializing? false, entries: <empty>
2019-09-19 13:06:20,976 [java.util.concurrent.ThreadPoolExecutor$Worker@42bf2603[State = -1, empty queue]] WARN  server.GrpcLogAppender (GrpcLogAppender.java:timeoutAppendRequest(200)) - fc54a72e-a47f-4136-9ed5-ca4a72c32f0a@group-1C24252B61C3->cf73b394-96ec-4032-9230-43540487e60d-GrpcLogAppender: appendEntries Timeout, request=fc54a72e-a47f-4136-9ed5-ca4a72c32f0a->cf73b394-96ec-4032-9230-43540487e60d#41-t2, previous=(t:2, i:35), leaderCommit=31, initializing? false, entries: <empty>
 0.00% |█                                                                                                    |  0/1 Time: 0:00:27 0.00% |█                                                                                                    |  0/1 Time: 0:00:282019-09-19 13:06:23,195 [grpc-default-executor-1] INFO  client.GrpcClientProtocolClient (GrpcClientProtocolClient.java:onNext(264)) - client-6FEDB5C32964->b542397d-0a79-4b2f-bca4-8988c4585f57: receive RaftClientReply:client-6FEDB5C32964->b542397d-0a79-4b2f-bca4-8988c4585f57@group-1C24252B61C3, cid=25, FAILED org.apache.ratis.protocol.NotLeaderException: Server b542397d-0a79-4b2f-bca4-8988c4585f57@group-1C24252B61C3 is not the leader fc54a72e-a47f-4136-9ed5-ca4a72c32f0a:192.168.34.13:35339, logIndex=0, commits[b542397d-0a79-4b2f-bca4-8988c4585f57:c31, fc54a72e-a47f-4136-9ed5-ca4a72c32f0a:c31, cf73b394-96ec-4032-9230-43540487e60d:c31]
 0.00% |█                                                                                                    |  0/1 Time: 0:00:292019-09-19 13:06:23,477 [java.util.concurrent.ThreadPoolExecutor$Worker@3523dec8[State = -1, empty queue]] WARN  server.GrpcLogAppender (GrpcLogAppender.java:timeoutAppendRequest(200)) - fc54a72e-a47f-4136-9ed5-ca4a72c32f0a@group-1C24252B61C3->b542397d-0a79-4b2f-bca4-8988c4585f57-GrpcLogAppender: appendEntries Timeout, request=fc54a72e-a47f-4136-9ed5-ca4a72c32f0a->b542397d-0a79-4b2f-bca4-8988c4585f57#42-t2, previous=(t:2, i:35), leaderCommit=31, initializing? false, entries: <empty>
2019-09-19 13:06:23,477 [java.util.concurrent.ThreadPoolExecutor$Worker@42bf2603[State = -1, empty queue]] WARN  server.GrpcLogAppender (GrpcLogAppender.java:timeoutAppendRequest(200)) - fc54a72e-a47f-4136-9ed5-ca4a72c32f0a@group-1C24252B61C3->cf73b394-96ec-4032-9230-43540487e60d-GrpcLogAppender: appendEntries Timeout, request=fc54a72e-a47f-4136-9ed5-ca4a72c32f0a->cf73b394-96ec-4032-9230-43540487e60d#42-t2, previous=(t:2, i:35), leaderCommit=31, initializing? false, entries: <empty>
 0.00% |█                                                                                                    |  0/1 Time: 0:00:30 0.00% |█                                                                                                    |  0/1 Time: 0:00:312019-09-19 13:06:25,978 [java.util.concurrent.ThreadPoolExecutor$Worker@3523dec8[State = -1, empty queue]] WARN  server.GrpcLogAppender (GrpcLogAppender.java:timeoutAppendRequest(200)) - fc54a72e-a47f-4136-9ed5-ca4a72c32f0a@group-1C24252B61C3->b542397d-0a79-4b2f-bca4-8988c4585f57-GrpcLogAppender: appendEntries Timeout, request=fc54a72e-a47f-4136-9ed5-ca4a72c32f0a->b542397d-0a79-4b2f-bca4-8988c4585f57#43-t2, previous=(t:2, i:35), leaderCommit=31, initializing? false, entries: <empty>
2019-09-19 13:06:25,978 [java.util.concurrent.ThreadPoolExecutor$Worker@42bf2603[State = -1, empty queue]] WARN  server.GrpcLogAppender (GrpcLogAppender.java:timeoutAppendRequest(200)) - fc54a72e-a47f-4136-9ed5-ca4a72c32f0a@group-1C24252B61C3->cf73b394-96ec-4032-9230-43540487e60d-GrpcLogAppender: appendEntries Timeout, request=fc54a72e-a47f-4136-9ed5-ca4a72c32f0a->cf73b394-96ec-4032-9230-43540487e60d#43-t2, previous=(t:2, i:35), leaderCommit=31, initializing? false, entries: <empty>
 0.00% |█                                                                                                    |  0/1 Time: 0:00:32 0.00% |█                                                                                                    |  0/1 Time: 0:00:332019-09-19 13:06:27,976 [b542397d-0a79-4b2f-bca4-8988c4585f57@group-1C24252B61C3-SegmentedRaftLogWorker] WARN  segmented.SegmentedRaftLogWorker (SegmentedRaftLogWorker.java:getFromFuture(90)) - Timeout 1/~
org.apache.ratis.protocol.TimeoutIOException: Timeout 10s: WriteLog:32: (t:2, i:32), STATEMACHINELOGENTRY, client-6FEDB5C32964, cid=25-writeStateMachineData
	at org.apache.ratis.util.IOUtils.getFromFuture(IOUtils.java:87)
	at org.apache.ratis.server.raftlog.segmented.SegmentedRaftLogWorker$StateMachineDataPolicy.getFromFuture(SegmentedRaftLogWorker.java:87)
	at org.apache.ratis.server.raftlog.segmented.SegmentedRaftLogWorker$WriteLog.execute(SegmentedRaftLogWorker.java:477)
	at org.apache.ratis.server.raftlog.segmented.SegmentedRaftLogWorker.run(SegmentedRaftLogWorker.java:289)
	at java.lang.Thread.run(Thread.java:748)
Caused by: java.util.concurrent.TimeoutException
	at java.util.concurrent.CompletableFuture.timedGet(CompletableFuture.java:1771)
	at java.util.concurrent.CompletableFuture.get(CompletableFuture.java:1915)
	at org.apache.ratis.util.IOUtils.getFromFuture(IOUtils.java:79)
	... 4 more
2019-09-19 13:06:28,266 [grpc-default-executor-3] INFO  client.GrpcClientProtocolClient (GrpcClientProtocolClient.java:onNext(264)) - client-6FEDB5C32964->cf73b394-96ec-4032-9230-43540487e60d: receive RaftClientReply:client-6FEDB5C32964->cf73b394-96ec-4032-9230-43540487e60d@group-1C24252B61C3, cid=25, FAILED org.apache.ratis.protocol.NotLeaderException: Server cf73b394-96ec-4032-9230-43540487e60d@group-1C24252B61C3 is not the leader fc54a72e-a47f-4136-9ed5-ca4a72c32f0a:192.168.34.13:35339, logIndex=0, commits[cf73b394-96ec-4032-9230-43540487e60d:c31, fc54a72e-a47f-4136-9ed5-ca4a72c32f0a:c31, b542397d-0a79-4b2f-bca4-8988c4585f57:c31]
 0.00% |█                                                                                                    |  0/1 Time: 0:00:342019-09-19 13:06:28,368 [fc54a72e-a47f-4136-9ed5-ca4a72c32f0a@group-1C24252B61C3-SegmentedRaftLogWorker] WARN  segmented.SegmentedRaftLogWorker (SegmentedRaftLogWorker.java:getFromFuture(90)) - Timeout 1/~
org.apache.ratis.protocol.TimeoutIOException: Timeout 10s: WriteLog:34: (t:2, i:34), STATEMACHINELOGENTRY, client-6FEDB5C32964, cid=27-writeStateMachineData
	at org.apache.ratis.util.IOUtils.getFromFuture(IOUtils.java:87)
	at org.apache.ratis.server.raftlog.segmented.SegmentedRaftLogWorker$StateMachineDataPolicy.getFromFuture(SegmentedRaftLogWorker.java:87)
	at org.apache.ratis.server.raftlog.segmented.SegmentedRaftLogWorker$WriteLog.execute(SegmentedRaftLogWorker.java:477)
	at org.apache.ratis.server.raftlog.segmented.SegmentedRaftLogWorker.run(SegmentedRaftLogWorker.java:289)
	at java.lang.Thread.run(Thread.java:748)
Caused by: java.util.concurrent.TimeoutException
	at java.util.concurrent.CompletableFuture.timedGet(CompletableFuture.java:1771)
	at java.util.concurrent.CompletableFuture.get(CompletableFuture.java:1915)
	at org.apache.ratis.util.IOUtils.getFromFuture(IOUtils.java:79)
	... 4 more
2019-09-19 13:06:28,370 [cf73b394-96ec-4032-9230-43540487e60d@group-1C24252B61C3-SegmentedRaftLogWorker] WARN  segmented.SegmentedRaftLogWorker (SegmentedRaftLogWorker.java:getFromFuture(90)) - Timeout 1/~
org.apache.ratis.protocol.TimeoutIOException: Timeout 10s: WriteLog:34: (t:2, i:34), STATEMACHINELOGENTRY, client-6FEDB5C32964, cid=27-writeStateMachineData
	at org.apache.ratis.util.IOUtils.getFromFuture(IOUtils.java:87)
	at org.apache.ratis.server.raftlog.segmented.SegmentedRaftLogWorker$StateMachineDataPolicy.getFromFuture(SegmentedRaftLogWorker.java:87)
	at org.apache.ratis.server.raftlog.segmented.SegmentedRaftLogWorker$WriteLog.execute(SegmentedRaftLogWorker.java:477)
	at org.apache.ratis.server.raftlog.segmented.SegmentedRaftLogWorker.run(SegmentedRaftLogWorker.java:289)
	at java.lang.Thread.run(Thread.java:748)
Caused by: java.util.concurrent.TimeoutException
	at java.util.concurrent.CompletableFuture.timedGet(CompletableFuture.java:1771)
	at java.util.concurrent.CompletableFuture.get(CompletableFuture.java:1915)
	at org.apache.ratis.util.IOUtils.getFromFuture(IOUtils.java:79)
	... 4 more
2019-09-19 13:06:28,481 [java.util.concurrent.ThreadPoolExecutor$Worker@42bf2603[State = -1, empty queue]] WARN  server.GrpcLogAppender (GrpcLogAppender.java:timeoutAppendRequest(200)) - fc54a72e-a47f-4136-9ed5-ca4a72c32f0a@group-1C24252B61C3->cf73b394-96ec-4032-9230-43540487e60d-GrpcLogAppender: appendEntries Timeout, request=fc54a72e-a47f-4136-9ed5-ca4a72c32f0a->cf73b394-96ec-4032-9230-43540487e60d#44-t2, previous=(t:2, i:35), leaderCommit=31, initializing? false, entries: <empty>
2019-09-19 13:06:28,481 [java.util.concurrent.ThreadPoolExecutor$Worker@3523dec8[State = -1, empty queue]] WARN  server.GrpcLogAppender (GrpcLogAppender.java:timeoutAppendRequest(200)) - fc54a72e-a47f-4136-9ed5-ca4a72c32f0a@group-1C24252B61C3->b542397d-0a79-4b2f-bca4-8988c4585f57-GrpcLogAppender: appendEntries Timeout, request=fc54a72e-a47f-4136-9ed5-ca4a72c32f0a->b542397d-0a79-4b2f-bca4-8988c4585f57#44-t2, previous=(t:2, i:35), leaderCommit=31, initializing? false, entries: <empty>
 0.00% |█                                                                                                    |  0/1 Time: 0:00:35 0.00% |█                                                                                                    |  0/1 Time: 0:00:362019-09-19 13:06:30,983 [java.util.concurrent.ThreadPoolExecutor$Worker@42bf2603[State = -1, empty queue]] WARN  server.GrpcLogAppender (GrpcLogAppender.java:timeoutAppendRequest(200)) - fc54a72e-a47f-4136-9ed5-ca4a72c32f0a@group-1C24252B61C3->cf73b394-96ec-4032-9230-43540487e60d-GrpcLogAppender: appendEntries Timeout, request=fc54a72e-a47f-4136-9ed5-ca4a72c32f0a->cf73b394-96ec-4032-9230-43540487e60d#45-t2, previous=(t:2, i:35), leaderCommit=31, initializing? false, entries: <empty>
2019-09-19 13:06:30,983 [java.util.concurrent.ThreadPoolExecutor$Worker@3523dec8[State = -1, empty queue]] WARN  server.GrpcLogAppender (GrpcLogAppender.java:timeoutAppendRequest(200)) - fc54a72e-a47f-4136-9ed5-ca4a72c32f0a@group-1C24252B61C3->b542397d-0a79-4b2f-bca4-8988c4585f57-GrpcLogAppender: appendEntries Timeout, request=fc54a72e-a47f-4136-9ed5-ca4a72c32f0a->b542397d-0a79-4b2f-bca4-8988c4585f57#45-t2, previous=(t:2, i:35), leaderCommit=31, initializing? false, entries: <empty>
 0.00% |█                                                                                                    |  0/1 Time: 0:00:37 0.00% |█                                                                                                    |  0/1 Time: 0:00:38 0.00% |█                                                                                                    |  0/1 Time: 0:00:392019-09-19 13:06:33,354 [grpc-default-executor-0] INFO  client.GrpcClientProtocolClient (GrpcClientProtocolClient.java:onNext(264)) - client-6FEDB5C32964->cf73b394-96ec-4032-9230-43540487e60d: receive RaftClientReply:client-6FEDB5C32964->cf73b394-96ec-4032-9230-43540487e60d@group-1C24252B61C3, cid=25, FAILED org.apache.ratis.protocol.NotLeaderException: Server cf73b394-96ec-4032-9230-43540487e60d@group-1C24252B61C3 is not the leader fc54a72e-a47f-4136-9ed5-ca4a72c32f0a:192.168.34.13:35339, logIndex=0, commits[cf73b394-96ec-4032-9230-43540487e60d:c31, fc54a72e-a47f-4136-9ed5-ca4a72c32f0a:c31, b542397d-0a79-4b2f-bca4-8988c4585f57:c31]
2019-09-19 13:06:33,485 [java.util.concurrent.ThreadPoolExecutor$Worker@42bf2603[State = -1, empty queue]] WARN  server.GrpcLogAppender (GrpcLogAppender.java:timeoutAppendRequest(200)) - fc54a72e-a47f-4136-9ed5-ca4a72c32f0a@group-1C24252B61C3->cf73b394-96ec-4032-9230-43540487e60d-GrpcLogAppender: appendEntries Timeout, request=fc54a72e-a47f-4136-9ed5-ca4a72c32f0a->cf73b394-96ec-4032-9230-43540487e60d#46-t2, previous=(t:2, i:35), leaderCommit=31, initializing? false, entries: <empty>
2019-09-19 13:06:33,485 [java.util.concurrent.ThreadPoolExecutor$Worker@3523dec8[State = -1, empty queue]] WARN  server.GrpcLogAppender (GrpcLogAppender.java:timeoutAppendRequest(200)) - fc54a72e-a47f-4136-9ed5-ca4a72c32f0a@group-1C24252B61C3->b542397d-0a79-4b2f-bca4-8988c4585f57-GrpcLogAppender: appendEntries Timeout, request=fc54a72e-a47f-4136-9ed5-ca4a72c32f0a->b542397d-0a79-4b2f-bca4-8988c4585f57#46-t2, previous=(t:2, i:35), leaderCommit=31, initializing? false, entries: <empty>
 0.00% |█                                                                                                    |  0/1 Time: 0:00:40 0.00% |█                                                                                                    |  0/1 Time: 0:00:412019-09-19 13:06:35,988 [java.util.concurrent.ThreadPoolExecutor$Worker@3523dec8[State = -1, empty queue]] WARN  server.GrpcLogAppender (GrpcLogAppender.java:timeoutAppendRequest(200)) - fc54a72e-a47f-4136-9ed5-ca4a72c32f0a@group-1C24252B61C3->b542397d-0a79-4b2f-bca4-8988c4585f57-GrpcLogAppender: appendEntries Timeout, request=fc54a72e-a47f-4136-9ed5-ca4a72c32f0a->b542397d-0a79-4b2f-bca4-8988c4585f57#47-t2, previous=(t:2, i:35), leaderCommit=31, initializing? false, entries: <empty>
2019-09-19 13:06:35,988 [java.util.concurrent.ThreadPoolExecutor$Worker@42bf2603[State = -1, empty queue]] WARN  server.GrpcLogAppender (GrpcLogAppender.java:timeoutAppendRequest(200)) - fc54a72e-a47f-4136-9ed5-ca4a72c32f0a@group-1C24252B61C3->cf73b394-96ec-4032-9230-43540487e60d-GrpcLogAppender: appendEntries Timeout, request=fc54a72e-a47f-4136-9ed5-ca4a72c32f0a->cf73b394-96ec-4032-9230-43540487e60d#47-t2, previous=(t:2, i:35), leaderCommit=31, initializing? false, entries: <empty>
 0.00% |█                                                                                                    |  0/1 Time: 0:00:42 0.00% |█                                                                                                    |  0/1 Time: 0:00:432019-09-19 13:06:37,978 [b542397d-0a79-4b2f-bca4-8988c4585f57@group-1C24252B61C3-SegmentedRaftLogWorker] WARN  segmented.SegmentedRaftLogWorker (SegmentedRaftLogWorker.java:getFromFuture(90)) - Timeout 2/~
org.apache.ratis.protocol.TimeoutIOException: Timeout 10s: WriteLog:32: (t:2, i:32), STATEMACHINELOGENTRY, client-6FEDB5C32964, cid=25-writeStateMachineData
	at org.apache.ratis.util.IOUtils.getFromFuture(IOUtils.java:87)
	at org.apache.ratis.server.raftlog.segmented.SegmentedRaftLogWorker$StateMachineDataPolicy.getFromFuture(SegmentedRaftLogWorker.java:87)
	at org.apache.ratis.server.raftlog.segmented.SegmentedRaftLogWorker$WriteLog.execute(SegmentedRaftLogWorker.java:477)
	at org.apache.ratis.server.raftlog.segmented.SegmentedRaftLogWorker.run(SegmentedRaftLogWorker.java:289)
	at java.lang.Thread.run(Thread.java:748)
Caused by: java.util.concurrent.TimeoutException
	at java.util.concurrent.CompletableFuture.timedGet(CompletableFuture.java:1771)
	at java.util.concurrent.CompletableFuture.get(CompletableFuture.java:1915)
	at org.apache.ratis.util.IOUtils.getFromFuture(IOUtils.java:79)
	... 4 more
 0.00% |█                                                                                                    |  0/1 Time: 0:00:442019-09-19 13:06:38,369 [fc54a72e-a47f-4136-9ed5-ca4a72c32f0a@group-1C24252B61C3-SegmentedRaftLogWorker] WARN  segmented.SegmentedRaftLogWorker (SegmentedRaftLogWorker.java:getFromFuture(90)) - Timeout 2/~
org.apache.ratis.protocol.TimeoutIOException: Timeout 10s: WriteLog:34: (t:2, i:34), STATEMACHINELOGENTRY, client-6FEDB5C32964, cid=27-writeStateMachineData
	at org.apache.ratis.util.IOUtils.getFromFuture(IOUtils.java:87)
	at org.apache.ratis.server.raftlog.segmented.SegmentedRaftLogWorker$StateMachineDataPolicy.getFromFuture(SegmentedRaftLogWorker.java:87)
	at org.apache.ratis.server.raftlog.segmented.SegmentedRaftLogWorker$WriteLog.execute(SegmentedRaftLogWorker.java:477)
	at org.apache.ratis.server.raftlog.segmented.SegmentedRaftLogWorker.run(SegmentedRaftLogWorker.java:289)
	at java.lang.Thread.run(Thread.java:748)
Caused by: java.util.concurrent.TimeoutException
	at java.util.concurrent.CompletableFuture.timedGet(CompletableFuture.java:1771)
	at java.util.concurrent.CompletableFuture.get(CompletableFuture.java:1915)
	at org.apache.ratis.util.IOUtils.getFromFuture(IOUtils.java:79)
	... 4 more
2019-09-19 13:06:38,372 [cf73b394-96ec-4032-9230-43540487e60d@group-1C24252B61C3-SegmentedRaftLogWorker] WARN  segmented.SegmentedRaftLogWorker (SegmentedRaftLogWorker.java:getFromFuture(90)) - Timeout 2/~
org.apache.ratis.protocol.TimeoutIOException: Timeout 10s: WriteLog:34: (t:2, i:34), STATEMACHINELOGENTRY, client-6FEDB5C32964, cid=27-writeStateMachineData
	at org.apache.ratis.util.IOUtils.getFromFuture(IOUtils.java:87)
	at org.apache.ratis.server.raftlog.segmented.SegmentedRaftLogWorker$StateMachineDataPolicy.getFromFuture(SegmentedRaftLogWorker.java:87)
	at org.apache.ratis.server.raftlog.segmented.SegmentedRaftLogWorker$WriteLog.execute(SegmentedRaftLogWorker.java:477)
	at org.apache.ratis.server.raftlog.segmented.SegmentedRaftLogWorker.run(SegmentedRaftLogWorker.java:289)
	at java.lang.Thread.run(Thread.java:748)
Caused by: java.util.concurrent.TimeoutException
	at java.util.concurrent.CompletableFuture.timedGet(CompletableFuture.java:1771)
	at java.util.concurrent.CompletableFuture.get(CompletableFuture.java:1915)
	at org.apache.ratis.util.IOUtils.getFromFuture(IOUtils.java:79)
	... 4 more
2019-09-19 13:06:38,408 [grpc-default-executor-3] INFO  client.GrpcClientProtocolClient (GrpcClientProtocolClient.java:onNext(264)) - client-6FEDB5C32964->cf73b394-96ec-4032-9230-43540487e60d: receive RaftClientReply:client-6FEDB5C32964->cf73b394-96ec-4032-9230-43540487e60d@group-1C24252B61C3, cid=25, FAILED org.apache.ratis.protocol.NotLeaderException: Server cf73b394-96ec-4032-9230-43540487e60d@group-1C24252B61C3 is not the leader fc54a72e-a47f-4136-9ed5-ca4a72c32f0a:192.168.34.13:35339, logIndex=0, commits[cf73b394-96ec-4032-9230-43540487e60d:c31, fc54a72e-a47f-4136-9ed5-ca4a72c32f0a:c31, b542397d-0a79-4b2f-bca4-8988c4585f57:c31]
2019-09-19 13:06:38,490 [java.util.concurrent.ThreadPoolExecutor$Worker@3523dec8[State = -1, empty queue]] WARN  server.GrpcLogAppender (GrpcLogAppender.java:timeoutAppendRequest(200)) - fc54a72e-a47f-4136-9ed5-ca4a72c32f0a@group-1C24252B61C3->b542397d-0a79-4b2f-bca4-8988c4585f57-GrpcLogAppender: appendEntries Timeout, request=fc54a72e-a47f-4136-9ed5-ca4a72c32f0a->b542397d-0a79-4b2f-bca4-8988c4585f57#48-t2, previous=(t:2, i:35), leaderCommit=31, initializing? false, entries: <empty>
2019-09-19 13:06:38,490 [java.util.concurrent.ThreadPoolExecutor$Worker@42bf2603[State = -1, empty queue]] WARN  server.GrpcLogAppender (GrpcLogAppender.java:timeoutAppendRequest(200)) - fc54a72e-a47f-4136-9ed5-ca4a72c32f0a@group-1C24252B61C3->cf73b394-96ec-4032-9230-43540487e60d-GrpcLogAppender: appendEntries Timeout, request=fc54a72e-a47f-4136-9ed5-ca4a72c32f0a->cf73b394-96ec-4032-9230-43540487e60d#48-t2, previous=(t:2, i:35), leaderCommit=31, initializing? false, entries: <empty>
 0.00% |█                                                                                                    |  0/1 Time: 0:00:45 0.00% |█                                                                                                    |  0/1 Time: 0:00:462019-09-19 13:06:40,991 [java.util.concurrent.ThreadPoolExecutor$Worker@42bf2603[State = -1, empty queue]] WARN  server.GrpcLogAppender (GrpcLogAppender.java:timeoutAppendRequest(200)) - fc54a72e-a47f-4136-9ed5-ca4a72c32f0a@group-1C24252B61C3->cf73b394-96ec-4032-9230-43540487e60d-GrpcLogAppender: appendEntries Timeout, request=fc54a72e-a47f-4136-9ed5-ca4a72c32f0a->cf73b394-96ec-4032-9230-43540487e60d#49-t2, previous=(t:2, i:35), leaderCommit=31, initializing? false, entries: <empty>
2019-09-19 13:06:40,991 [java.util.concurrent.ThreadPoolExecutor$Worker@3523dec8[State = -1, empty queue]] WARN  server.GrpcLogAppender (GrpcLogAppender.java:timeoutAppendRequest(200)) - fc54a72e-a47f-4136-9ed5-ca4a72c32f0a@group-1C24252B61C3->b542397d-0a79-4b2f-bca4-8988c4585f57-GrpcLogAppender: appendEntries Timeout, request=fc54a72e-a47f-4136-9ed5-ca4a72c32f0a->b542397d-0a79-4b2f-bca4-8988c4585f57#49-t2, previous=(t:2, i:35), leaderCommit=31, initializing? false, entries: <empty>
 0.00% |█                                                                                                    |  0/1 Time: 0:00:47 0.00% |█                                                                                                    |  0/1 Time: 0:00:48 0.00% |█                                                                                                    |  0/1 Time: 0:00:492019-09-19 13:06:43,462 [grpc-default-executor-1] INFO  client.GrpcClientProtocolClient (GrpcClientProtocolClient.java:onNext(264)) - client-6FEDB5C32964->b542397d-0a79-4b2f-bca4-8988c4585f57: receive RaftClientReply:client-6FEDB5C32964->b542397d-0a79-4b2f-bca4-8988c4585f57@group-1C24252B61C3, cid=25, FAILED org.apache.ratis.protocol.NotLeaderException: Server b542397d-0a79-4b2f-bca4-8988c4585f57@group-1C24252B61C3 is not the leader fc54a72e-a47f-4136-9ed5-ca4a72c32f0a:192.168.34.13:35339, logIndex=0, commits[b542397d-0a79-4b2f-bca4-8988c4585f57:c31, fc54a72e-a47f-4136-9ed5-ca4a72c32f0a:c31, cf73b394-96ec-4032-9230-43540487e60d:c31]
2019-09-19 13:06:43,492 [java.util.concurrent.ThreadPoolExecutor$Worker@42bf2603[State = -1, empty queue]] WARN  server.GrpcLogAppender (GrpcLogAppender.java:timeoutAppendRequest(200)) - fc54a72e-a47f-4136-9ed5-ca4a72c32f0a@group-1C24252B61C3->cf73b394-96ec-4032-9230-43540487e60d-GrpcLogAppender: appendEntries Timeout, request=fc54a72e-a47f-4136-9ed5-ca4a72c32f0a->cf73b394-96ec-4032-9230-43540487e60d#50-t2, previous=(t:2, i:35), leaderCommit=31, initializing? false, entries: <empty>
2019-09-19 13:06:43,492 [java.util.concurrent.ThreadPoolExecutor$Worker@3523dec8[State = -1, empty queue]] WARN  server.GrpcLogAppender (GrpcLogAppender.java:timeoutAppendRequest(200)) - fc54a72e-a47f-4136-9ed5-ca4a72c32f0a@group-1C24252B61C3->b542397d-0a79-4b2f-bca4-8988c4585f57-GrpcLogAppender: appendEntries Timeout, request=fc54a72e-a47f-4136-9ed5-ca4a72c32f0a->b542397d-0a79-4b2f-bca4-8988c4585f57#50-t2, previous=(t:2, i:35), leaderCommit=31, initializing? false, entries: <empty>
 0.00% |█                                                                                                    |  0/1 Time: 0:00:50 0.00% |█                                                                                                    |  0/1 Time: 0:00:512019-09-19 13:06:45,992 [java.util.concurrent.ThreadPoolExecutor$Worker@42bf2603[State = -1, empty queue]] WARN  server.GrpcLogAppender (GrpcLogAppender.java:timeoutAppendRequest(200)) - fc54a72e-a47f-4136-9ed5-ca4a72c32f0a@group-1C24252B61C3->cf73b394-96ec-4032-9230-43540487e60d-GrpcLogAppender: appendEntries Timeout, request=fc54a72e-a47f-4136-9ed5-ca4a72c32f0a->cf73b394-96ec-4032-9230-43540487e60d#51-t2, previous=(t:2, i:35), leaderCommit=31, initializing? false, entries: <empty>
2019-09-19 13:06:45,992 [java.util.concurrent.ThreadPoolExecutor$Worker@3523dec8[State = -1, empty queue]] WARN  server.GrpcLogAppender (GrpcLogAppender.java:timeoutAppendRequest(200)) - fc54a72e-a47f-4136-9ed5-ca4a72c32f0a@group-1C24252B61C3->b542397d-0a79-4b2f-bca4-8988c4585f57-GrpcLogAppender: appendEntries Timeout, request=fc54a72e-a47f-4136-9ed5-ca4a72c32f0a->b542397d-0a79-4b2f-bca4-8988c4585f57#51-t2, previous=(t:2, i:35), leaderCommit=31, initializing? false, entries: <empty>
 0.00% |█                                                                                                    |  0/1 Time: 0:00:52 0.00% |█                                                                                                    |  0/1 Time: 0:00:532019-09-19 13:06:47,980 [b542397d-0a79-4b2f-bca4-8988c4585f57@group-1C24252B61C3-SegmentedRaftLogWorker] WARN  segmented.SegmentedRaftLogWorker (SegmentedRaftLogWorker.java:getFromFuture(90)) - Timeout 3/~
org.apache.ratis.protocol.TimeoutIOException: Timeout 10s: WriteLog:32: (t:2, i:32), STATEMACHINELOGENTRY, client-6FEDB5C32964, cid=25-writeStateMachineData
	at org.apache.ratis.util.IOUtils.getFromFuture(IOUtils.java:87)
	at org.apache.ratis.server.raftlog.segmented.SegmentedRaftLogWorker$StateMachineDataPolicy.getFromFuture(SegmentedRaftLogWorker.java:87)
	at org.apache.ratis.server.raftlog.segmented.SegmentedRaftLogWorker$WriteLog.execute(SegmentedRaftLogWorker.java:477)
	at org.apache.ratis.server.raftlog.segmented.SegmentedRaftLogWorker.run(SegmentedRaftLogWorker.java:289)
	at java.lang.Thread.run(Thread.java:748)
Caused by: java.util.concurrent.TimeoutException
	at java.util.concurrent.CompletableFuture.timedGet(CompletableFuture.java:1771)
	at java.util.concurrent.CompletableFuture.get(CompletableFuture.java:1915)
	at org.apache.ratis.util.IOUtils.getFromFuture(IOUtils.java:79)
	... 4 more
 0.00% |█                                                                                                    |  0/1 Time: 0:00:542019-09-19 13:06:48,370 [fc54a72e-a47f-4136-9ed5-ca4a72c32f0a@group-1C24252B61C3-SegmentedRaftLogWorker] WARN  segmented.SegmentedRaftLogWorker (SegmentedRaftLogWorker.java:getFromFuture(90)) - Timeout 3/~
org.apache.ratis.protocol.TimeoutIOException: Timeout 10s: WriteLog:34: (t:2, i:34), STATEMACHINELOGENTRY, client-6FEDB5C32964, cid=27-writeStateMachineData
	at org.apache.ratis.util.IOUtils.getFromFuture(IOUtils.java:87)
	at org.apache.ratis.server.raftlog.segmented.SegmentedRaftLogWorker$StateMachineDataPolicy.getFromFuture(SegmentedRaftLogWorker.java:87)
	at org.apache.ratis.server.raftlog.segmented.SegmentedRaftLogWorker$WriteLog.execute(SegmentedRaftLogWorker.java:477)
	at org.apache.ratis.server.raftlog.segmented.SegmentedRaftLogWorker.run(SegmentedRaftLogWorker.java:289)
	at java.lang.Thread.run(Thread.java:748)
Caused by: java.util.concurrent.TimeoutException
	at java.util.concurrent.CompletableFuture.timedGet(CompletableFuture.java:1771)
	at java.util.concurrent.CompletableFuture.get(CompletableFuture.java:1915)
	at org.apache.ratis.util.IOUtils.getFromFuture(IOUtils.java:79)
	... 4 more
2019-09-19 13:06:48,373 [cf73b394-96ec-4032-9230-43540487e60d@group-1C24252B61C3-SegmentedRaftLogWorker] WARN  segmented.SegmentedRaftLogWorker (SegmentedRaftLogWorker.java:getFromFuture(90)) - Timeout 3/~
org.apache.ratis.protocol.TimeoutIOException: Timeout 10s: WriteLog:34: (t:2, i:34), STATEMACHINELOGENTRY, client-6FEDB5C32964, cid=27-writeStateMachineData
	at org.apache.ratis.util.IOUtils.getFromFuture(IOUtils.java:87)
	at org.apache.ratis.server.raftlog.segmented.SegmentedRaftLogWorker$StateMachineDataPolicy.getFromFuture(SegmentedRaftLogWorker.java:87)
	at org.apache.ratis.server.raftlog.segmented.SegmentedRaftLogWorker$WriteLog.execute(SegmentedRaftLogWorker.java:477)
	at org.apache.ratis.server.raftlog.segmented.SegmentedRaftLogWorker.run(SegmentedRaftLogWorker.java:289)
	at java.lang.Thread.run(Thread.java:748)
Caused by: java.util.concurrent.TimeoutException
	at java.util.concurrent.CompletableFuture.timedGet(CompletableFuture.java:1771)
	at java.util.concurrent.CompletableFuture.get(CompletableFuture.java:1915)
	at org.apache.ratis.util.IOUtils.getFromFuture(IOUtils.java:79)
	... 4 more
2019-09-19 13:06:48,493 [java.util.concurrent.ThreadPoolExecutor$Worker@3523dec8[State = -1, empty queue]] WARN  server.GrpcLogAppender (GrpcLogAppender.java:timeoutAppendRequest(200)) - fc54a72e-a47f-4136-9ed5-ca4a72c32f0a@group-1C24252B61C3->b542397d-0a79-4b2f-bca4-8988c4585f57-GrpcLogAppender: appendEntries Timeout, request=fc54a72e-a47f-4136-9ed5-ca4a72c32f0a->b542397d-0a79-4b2f-bca4-8988c4585f57#52-t2, previous=(t:2, i:35), leaderCommit=31, initializing? false, entries: <empty>
2019-09-19 13:06:48,493 [java.util.concurrent.ThreadPoolExecutor$Worker@42bf2603[State = -1, empty queue]] WARN  server.GrpcLogAppender (GrpcLogAppender.java:timeoutAppendRequest(200)) - fc54a72e-a47f-4136-9ed5-ca4a72c32f0a@group-1C24252B61C3->cf73b394-96ec-4032-9230-43540487e60d-GrpcLogAppender: appendEntries Timeout, request=fc54a72e-a47f-4136-9ed5-ca4a72c32f0a->cf73b394-96ec-4032-9230-43540487e60d#52-t2, previous=(t:2, i:35), leaderCommit=31, initializing? false, entries: <empty>
2019-09-19 13:06:48,509 [grpc-default-executor-1] INFO  client.GrpcClientProtocolClient (GrpcClientProtocolClient.java:onNext(264)) - client-6FEDB5C32964->b542397d-0a79-4b2f-bca4-8988c4585f57: receive RaftClientReply:client-6FEDB5C32964->b542397d-0a79-4b2f-bca4-8988c4585f57@group-1C24252B61C3, cid=25, FAILED org.apache.ratis.protocol.NotLeaderException: Server b542397d-0a79-4b2f-bca4-8988c4585f57@group-1C24252B61C3 is not the leader fc54a72e-a47f-4136-9ed5-ca4a72c32f0a:192.168.34.13:35339, logIndex=0, commits[b542397d-0a79-4b2f-bca4-8988c4585f57:c31, fc54a72e-a47f-4136-9ed5-ca4a72c32f0a:c31, cf73b394-96ec-4032-9230-43540487e60d:c31]
 0.00% |█                                                                                                    |  0/1 Time: 0:00:55 0.00% |█                                                                                                    |  0/1 Time: 0:00:562019-09-19 13:06:50,994 [java.util.concurrent.ThreadPoolExecutor$Worker@42bf2603[State = -1, empty queue]] WARN  server.GrpcLogAppender (GrpcLogAppender.java:timeoutAppendRequest(200)) - fc54a72e-a47f-4136-9ed5-ca4a72c32f0a@group-1C24252B61C3->cf73b394-96ec-4032-9230-43540487e60d-GrpcLogAppender: appendEntries Timeout, request=fc54a72e-a47f-4136-9ed5-ca4a72c32f0a->cf73b394-96ec-4032-9230-43540487e60d#53-t2, previous=(t:2, i:35), leaderCommit=31, initializing? false, entries: <empty>
2019-09-19 13:06:50,994 [java.util.concurrent.ThreadPoolExecutor$Worker@3523dec8[State = -1, empty queue]] WARN  server.GrpcLogAppender (GrpcLogAppender.java:timeoutAppendRequest(200)) - fc54a72e-a47f-4136-9ed5-ca4a72c32f0a@group-1C24252B61C3->b542397d-0a79-4b2f-bca4-8988c4585f57-GrpcLogAppender: appendEntries Timeout, request=fc54a72e-a47f-4136-9ed5-ca4a72c32f0a->b542397d-0a79-4b2f-bca4-8988c4585f57#53-t2, previous=(t:2, i:35), leaderCommit=31, initializing? false, entries: <empty>
 0.00% |█                                                                                                    |  0/1 Time: 0:00:57 0.00% |█                                                                                                    |  0/1 Time: 0:00:58 0.00% |█                                                                                                    |  0/1 Time: 0:00:592019-09-19 13:06:53,494 [java.util.concurrent.ThreadPoolExecutor$Worker@3523dec8[State = -1, empty queue]] WARN  server.GrpcLogAppender (GrpcLogAppender.java:timeoutAppendRequest(200)) - fc54a72e-a47f-4136-9ed5-ca4a72c32f0a@group-1C24252B61C3->b542397d-0a79-4b2f-bca4-8988c4585f57-GrpcLogAppender: appendEntries Timeout, request=fc54a72e-a47f-4136-9ed5-ca4a72c32f0a->b542397d-0a79-4b2f-bca4-8988c4585f57#54-t2, previous=(t:2, i:35), leaderCommit=31, initializing? false, entries: <empty>
2019-09-19 13:06:53,494 [java.util.concurrent.ThreadPoolExecutor$Worker@42bf2603[State = -1, empty queue]] WARN  server.GrpcLogAppender (GrpcLogAppender.java:timeoutAppendRequest(200)) - fc54a72e-a47f-4136-9ed5-ca4a72c32f0a@group-1C24252B61C3->cf73b394-96ec-4032-9230-43540487e60d-GrpcLogAppender: appendEntries Timeout, request=fc54a72e-a47f-4136-9ed5-ca4a72c32f0a->cf73b394-96ec-4032-9230-43540487e60d#54-t2, previous=(t:2, i:35), leaderCommit=31, initializing? false, entries: <empty>
2019-09-19 13:06:53,552 [grpc-default-executor-1] INFO  client.GrpcClientProtocolClient (GrpcClientProtocolClient.java:onNext(264)) - client-6FEDB5C32964->cf73b394-96ec-4032-9230-43540487e60d: receive RaftClientReply:client-6FEDB5C32964->cf73b394-96ec-4032-9230-43540487e60d@group-1C24252B61C3, cid=25, FAILED org.apache.ratis.protocol.NotLeaderException: Server cf73b394-96ec-4032-9230-43540487e60d@group-1C24252B61C3 is not the leader fc54a72e-a47f-4136-9ed5-ca4a72c32f0a:192.168.34.13:35339, logIndex=0, commits[cf73b394-96ec-4032-9230-43540487e60d:c31, fc54a72e-a47f-4136-9ed5-ca4a72c32f0a:c31, b542397d-0a79-4b2f-bca4-8988c4585f57:c31]
 0.00% |█                                                                                                    |  0/1 Time: 0:01:00 0.00% |█                                                                                                    |  0/1 Time: 0:01:012019-09-19 13:06:55,995 [java.util.concurrent.ThreadPoolExecutor$Worker@3523dec8[State = -1, empty queue]] WARN  server.GrpcLogAppender (GrpcLogAppender.java:timeoutAppendRequest(200)) - fc54a72e-a47f-4136-9ed5-ca4a72c32f0a@group-1C24252B61C3->b542397d-0a79-4b2f-bca4-8988c4585f57-GrpcLogAppender: appendEntries Timeout, request=fc54a72e-a47f-4136-9ed5-ca4a72c32f0a->b542397d-0a79-4b2f-bca4-8988c4585f57#55-t2, previous=(t:2, i:35), leaderCommit=31, initializing? false, entries: <empty>
2019-09-19 13:06:55,995 [java.util.concurrent.ThreadPoolExecutor$Worker@42bf2603[State = -1, empty queue]] WARN  server.GrpcLogAppender (GrpcLogAppender.java:timeoutAppendRequest(200)) - fc54a72e-a47f-4136-9ed5-ca4a72c32f0a@group-1C24252B61C3->cf73b394-96ec-4032-9230-43540487e60d-GrpcLogAppender: appendEntries Timeout, request=fc54a72e-a47f-4136-9ed5-ca4a72c32f0a->cf73b394-96ec-4032-9230-43540487e60d#55-t2, previous=(t:2, i:35), leaderCommit=31, initializing? false, entries: <empty>
 0.00% |█                                                                                                    |  0/1 Time: 0:01:02 0.00% |█                                                                                                    |  0/1 Time: 0:01:032019-09-19 13:06:57,981 [b542397d-0a79-4b2f-bca4-8988c4585f57@group-1C24252B61C3-SegmentedRaftLogWorker] WARN  segmented.SegmentedRaftLogWorker (SegmentedRaftLogWorker.java:getFromFuture(90)) - Timeout 4/~
org.apache.ratis.protocol.TimeoutIOException: Timeout 10s: WriteLog:32: (t:2, i:32), STATEMACHINELOGENTRY, client-6FEDB5C32964, cid=25-writeStateMachineData
	at org.apache.ratis.util.IOUtils.getFromFuture(IOUtils.java:87)
	at org.apache.ratis.server.raftlog.segmented.SegmentedRaftLogWorker$StateMachineDataPolicy.getFromFuture(SegmentedRaftLogWorker.java:87)
	at org.apache.ratis.server.raftlog.segmented.SegmentedRaftLogWorker$WriteLog.execute(SegmentedRaftLogWorker.java:477)
	at org.apache.ratis.server.raftlog.segmented.SegmentedRaftLogWorker.run(SegmentedRaftLogWorker.java:289)
	at java.lang.Thread.run(Thread.java:748)
Caused by: java.util.concurrent.TimeoutException
	at java.util.concurrent.CompletableFuture.timedGet(CompletableFuture.java:1771)
	at java.util.concurrent.CompletableFuture.get(CompletableFuture.java:1915)
	at org.apache.ratis.util.IOUtils.getFromFuture(IOUtils.java:79)
	... 4 more
 0.00% |█                                                                                                    |  0/1 Time: 0:01:042019-09-19 13:06:58,371 [fc54a72e-a47f-4136-9ed5-ca4a72c32f0a@group-1C24252B61C3-SegmentedRaftLogWorker] WARN  segmented.SegmentedRaftLogWorker (SegmentedRaftLogWorker.java:getFromFuture(90)) - Timeout 4/~
org.apache.ratis.protocol.TimeoutIOException: Timeout 10s: WriteLog:34: (t:2, i:34), STATEMACHINELOGENTRY, client-6FEDB5C32964, cid=27-writeStateMachineData
	at org.apache.ratis.util.IOUtils.getFromFuture(IOUtils.java:87)
	at org.apache.ratis.server.raftlog.segmented.SegmentedRaftLogWorker$StateMachineDataPolicy.getFromFuture(SegmentedRaftLogWorker.java:87)
	at org.apache.ratis.server.raftlog.segmented.SegmentedRaftLogWorker$WriteLog.execute(SegmentedRaftLogWorker.java:477)
	at org.apache.ratis.server.raftlog.segmented.SegmentedRaftLogWorker.run(SegmentedRaftLogWorker.java:289)
	at java.lang.Thread.run(Thread.java:748)
Caused by: java.util.concurrent.TimeoutException
	at java.util.concurrent.CompletableFuture.timedGet(CompletableFuture.java:1771)
	at java.util.concurrent.CompletableFuture.get(CompletableFuture.java:1915)
	at org.apache.ratis.util.IOUtils.getFromFuture(IOUtils.java:79)
	... 4 more
2019-09-19 13:06:58,374 [cf73b394-96ec-4032-9230-43540487e60d@group-1C24252B61C3-SegmentedRaftLogWorker] WARN  segmented.SegmentedRaftLogWorker (SegmentedRaftLogWorker.java:getFromFuture(90)) - Timeout 4/~
org.apache.ratis.protocol.TimeoutIOException: Timeout 10s: WriteLog:34: (t:2, i:34), STATEMACHINELOGENTRY, client-6FEDB5C32964, cid=27-writeStateMachineData
	at org.apache.ratis.util.IOUtils.getFromFuture(IOUtils.java:87)
	at org.apache.ratis.server.raftlog.segmented.SegmentedRaftLogWorker$StateMachineDataPolicy.getFromFuture(SegmentedRaftLogWorker.java:87)
	at org.apache.ratis.server.raftlog.segmented.SegmentedRaftLogWorker$WriteLog.execute(SegmentedRaftLogWorker.java:477)
	at org.apache.ratis.server.raftlog.segmented.SegmentedRaftLogWorker.run(SegmentedRaftLogWorker.java:289)
	at java.lang.Thread.run(Thread.java:748)
Caused by: java.util.concurrent.TimeoutException
	at java.util.concurrent.CompletableFuture.timedGet(CompletableFuture.java:1771)
	at java.util.concurrent.CompletableFuture.get(CompletableFuture.java:1915)
	at org.apache.ratis.util.IOUtils.getFromFuture(IOUtils.java:79)
	... 4 more
2019-09-19 13:06:58,495 [java.util.concurrent.ThreadPoolExecutor$Worker@3523dec8[State = -1, empty queue]] WARN  server.GrpcLogAppender (GrpcLogAppender.java:timeoutAppendRequest(200)) - fc54a72e-a47f-4136-9ed5-ca4a72c32f0a@group-1C24252B61C3->b542397d-0a79-4b2f-bca4-8988c4585f57-GrpcLogAppender: appendEntries Timeout, request=fc54a72e-a47f-4136-9ed5-ca4a72c32f0a->b542397d-0a79-4b2f-bca4-8988c4585f57#56-t2, previous=(t:2, i:35), leaderCommit=31, initializing? false, entries: <empty>
2019-09-19 13:06:58,495 [java.util.concurrent.ThreadPoolExecutor$Worker@42bf2603[State = -1, empty queue]] WARN  server.GrpcLogAppender (GrpcLogAppender.java:timeoutAppendRequest(200)) - fc54a72e-a47f-4136-9ed5-ca4a72c32f0a@group-1C24252B61C3->cf73b394-96ec-4032-9230-43540487e60d-GrpcLogAppender: appendEntries Timeout, request=fc54a72e-a47f-4136-9ed5-ca4a72c32f0a->cf73b394-96ec-4032-9230-43540487e60d#56-t2, previous=(t:2, i:35), leaderCommit=31, initializing? false, entries: <empty>
2019-09-19 13:06:58,611 [grpc-default-executor-3] INFO  client.GrpcClientProtocolClient (GrpcClientProtocolClient.java:onNext(264)) - client-6FEDB5C32964->cf73b394-96ec-4032-9230-43540487e60d: receive RaftClientReply:client-6FEDB5C32964->cf73b394-96ec-4032-9230-43540487e60d@group-1C24252B61C3, cid=25, FAILED org.apache.ratis.protocol.NotLeaderException: Server cf73b394-96ec-4032-9230-43540487e60d@group-1C24252B61C3 is not the leader fc54a72e-a47f-4136-9ed5-ca4a72c32f0a:192.168.34.13:35339, logIndex=0, commits[cf73b394-96ec-4032-9230-43540487e60d:c31, fc54a72e-a47f-4136-9ed5-ca4a72c32f0a:c31, b542397d-0a79-4b2f-bca4-8988c4585f57:c31]
 0.00% |█                                                                                                    |  0/1 Time: 0:01:05 0.00% |█                                                                                                    |  0/1 Time: 0:01:062019-09-19 13:07:00,996 [java.util.concurrent.ThreadPoolExecutor$Worker@3523dec8[State = -1, empty queue]] WARN  server.GrpcLogAppender (GrpcLogAppender.java:timeoutAppendRequest(200)) - fc54a72e-a47f-4136-9ed5-ca4a72c32f0a@group-1C24252B61C3->b542397d-0a79-4b2f-bca4-8988c4585f57-GrpcLogAppender: appendEntries Timeout, request=fc54a72e-a47f-4136-9ed5-ca4a72c32f0a->b542397d-0a79-4b2f-bca4-8988c4585f57#57-t2, previous=(t:2, i:35), leaderCommit=31, initializing? false, entries: <empty>
2019-09-19 13:07:00,996 [java.util.concurrent.ThreadPoolExecutor$Worker@42bf2603[State = -1, empty queue]] WARN  server.GrpcLogAppender (GrpcLogAppender.java:timeoutAppendRequest(200)) - fc54a72e-a47f-4136-9ed5-ca4a72c32f0a@group-1C24252B61C3->cf73b394-96ec-4032-9230-43540487e60d-GrpcLogAppender: appendEntries Timeout, request=fc54a72e-a47f-4136-9ed5-ca4a72c32f0a->cf73b394-96ec-4032-9230-43540487e60d#57-t2, previous=(t:2, i:35), leaderCommit=31, initializing? false, entries: <empty>
 0.00% |█                                                                                                    |  0/1 Time: 0:01:07 0.00% |█                                                                                                    |  0/1 Time: 0:01:08 0.00% |█                                                                                                    |  0/1 Time: 0:01:092019-09-19 13:07:03,497 [java.util.concurrent.ThreadPoolExecutor$Worker@42bf2603[State = -1, empty queue]] WARN  server.GrpcLogAppender (GrpcLogAppender.java:timeoutAppendRequest(200)) - fc54a72e-a47f-4136-9ed5-ca4a72c32f0a@group-1C24252B61C3->cf73b394-96ec-4032-9230-43540487e60d-GrpcLogAppender: appendEntries Timeout, request=fc54a72e-a47f-4136-9ed5-ca4a72c32f0a->cf73b394-96ec-4032-9230-43540487e60d#58-t2, previous=(t:2, i:35), leaderCommit=31, initializing? false, entries: <empty>
2019-09-19 13:07:03,497 [java.util.concurrent.ThreadPoolExecutor$Worker@3523dec8[State = -1, empty queue]] WARN  server.GrpcLogAppender (GrpcLogAppender.java:timeoutAppendRequest(200)) - fc54a72e-a47f-4136-9ed5-ca4a72c32f0a@group-1C24252B61C3->b542397d-0a79-4b2f-bca4-8988c4585f57-GrpcLogAppender: appendEntries Timeout, request=fc54a72e-a47f-4136-9ed5-ca4a72c32f0a->b542397d-0a79-4b2f-bca4-8988c4585f57#58-t2, previous=(t:2, i:35), leaderCommit=31, initializing? false, entries: <empty>
2019-09-19 13:07:03,656 [grpc-default-executor-0] INFO  client.GrpcClientProtocolClient (GrpcClientProtocolClient.java:onNext(264)) - client-6FEDB5C32964->b542397d-0a79-4b2f-bca4-8988c4585f57: receive RaftClientReply:client-6FEDB5C32964->b542397d-0a79-4b2f-bca4-8988c4585f57@group-1C24252B61C3, cid=25, FAILED org.apache.ratis.protocol.NotLeaderException: Server b542397d-0a79-4b2f-bca4-8988c4585f57@group-1C24252B61C3 is not the leader fc54a72e-a47f-4136-9ed5-ca4a72c32f0a:192.168.34.13:35339, logIndex=0, commits[b542397d-0a79-4b2f-bca4-8988c4585f57:c31, fc54a72e-a47f-4136-9ed5-ca4a72c32f0a:c31, cf73b394-96ec-4032-9230-43540487e60d:c31]
 0.00% |█                                                                                                    |  0/1 Time: 0:01:10 0.00% |█                                                                                                    |  0/1 Time: 0:01:112019-09-19 13:07:05,998 [java.util.concurrent.ThreadPoolExecutor$Worker@3523dec8[State = -1, empty queue]] WARN  server.GrpcLogAppender (GrpcLogAppender.java:timeoutAppendRequest(200)) - fc54a72e-a47f-4136-9ed5-ca4a72c32f0a@group-1C24252B61C3->b542397d-0a79-4b2f-bca4-8988c4585f57-GrpcLogAppender: appendEntries Timeout, request=fc54a72e-a47f-4136-9ed5-ca4a72c32f0a->b542397d-0a79-4b2f-bca4-8988c4585f57#59-t2, previous=(t:2, i:35), leaderCommit=31, initializing? false, entries: <empty>
2019-09-19 13:07:05,998 [java.util.concurrent.ThreadPoolExecutor$Worker@42bf2603[State = -1, empty queue]] WARN  server.GrpcLogAppender (GrpcLogAppender.java:timeoutAppendRequest(200)) - fc54a72e-a47f-4136-9ed5-ca4a72c32f0a@group-1C24252B61C3->cf73b394-96ec-4032-9230-43540487e60d-GrpcLogAppender: appendEntries Timeout, request=fc54a72e-a47f-4136-9ed5-ca4a72c32f0a->cf73b394-96ec-4032-9230-43540487e60d#59-t2, previous=(t:2, i:35), leaderCommit=31, initializing? false, entries: <empty>
 0.00% |█                                                                                                    |  0/1 Time: 0:01:12 0.00% |█                                                                                                    |  0/1 Time: 0:01:132019-09-19 13:07:07,982 [b542397d-0a79-4b2f-bca4-8988c4585f57@group-1C24252B61C3-SegmentedRaftLogWorker] WARN  segmented.SegmentedRaftLogWorker (SegmentedRaftLogWorker.java:getFromFuture(90)) - Timeout 5/~
org.apache.ratis.protocol.TimeoutIOException: Timeout 10s: WriteLog:32: (t:2, i:32), STATEMACHINELOGENTRY, client-6FEDB5C32964, cid=25-writeStateMachineData
	at org.apache.ratis.util.IOUtils.getFromFuture(IOUtils.java:87)
	at org.apache.ratis.server.raftlog.segmented.SegmentedRaftLogWorker$StateMachineDataPolicy.getFromFuture(SegmentedRaftLogWorker.java:87)
	at org.apache.ratis.server.raftlog.segmented.SegmentedRaftLogWorker$WriteLog.execute(SegmentedRaftLogWorker.java:477)
	at org.apache.ratis.server.raftlog.segmented.SegmentedRaftLogWorker.run(SegmentedRaftLogWorker.java:289)
	at java.lang.Thread.run(Thread.java:748)
Caused by: java.util.concurrent.TimeoutException
	at java.util.concurrent.CompletableFuture.timedGet(CompletableFuture.java:1771)
	at java.util.concurrent.CompletableFuture.get(CompletableFuture.java:1915)
	at org.apache.ratis.util.IOUtils.getFromFuture(IOUtils.java:79)
	... 4 more
 0.00% |█                                                                                                    |  0/1 Time: 0:01:142019-09-19 13:07:08,372 [fc54a72e-a47f-4136-9ed5-ca4a72c32f0a@group-1C24252B61C3-SegmentedRaftLogWorker] WARN  segmented.SegmentedRaftLogWorker (SegmentedRaftLogWorker.java:getFromFuture(90)) - Timeout 5/~
org.apache.ratis.protocol.TimeoutIOException: Timeout 10s: WriteLog:34: (t:2, i:34), STATEMACHINELOGENTRY, client-6FEDB5C32964, cid=27-writeStateMachineData
	at org.apache.ratis.util.IOUtils.getFromFuture(IOUtils.java:87)
	at org.apache.ratis.server.raftlog.segmented.SegmentedRaftLogWorker$StateMachineDataPolicy.getFromFuture(SegmentedRaftLogWorker.java:87)
	at org.apache.ratis.server.raftlog.segmented.SegmentedRaftLogWorker$WriteLog.execute(SegmentedRaftLogWorker.java:477)
	at org.apache.ratis.server.raftlog.segmented.SegmentedRaftLogWorker.run(SegmentedRaftLogWorker.java:289)
	at java.lang.Thread.run(Thread.java:748)
Caused by: java.util.concurrent.TimeoutException
	at java.util.concurrent.CompletableFuture.timedGet(CompletableFuture.java:1771)
	at java.util.concurrent.CompletableFuture.get(CompletableFuture.java:1915)
	at org.apache.ratis.util.IOUtils.getFromFuture(IOUtils.java:79)
	... 4 more
2019-09-19 13:07:08,375 [cf73b394-96ec-4032-9230-43540487e60d@group-1C24252B61C3-SegmentedRaftLogWorker] WARN  segmented.SegmentedRaftLogWorker (SegmentedRaftLogWorker.java:getFromFuture(90)) - Timeout 5/~
org.apache.ratis.protocol.TimeoutIOException: Timeout 10s: WriteLog:34: (t:2, i:34), STATEMACHINELOGENTRY, client-6FEDB5C32964, cid=27-writeStateMachineData
	at org.apache.ratis.util.IOUtils.getFromFuture(IOUtils.java:87)
	at org.apache.ratis.server.raftlog.segmented.SegmentedRaftLogWorker$StateMachineDataPolicy.getFromFuture(SegmentedRaftLogWorker.java:87)
	at org.apache.ratis.server.raftlog.segmented.SegmentedRaftLogWorker$WriteLog.execute(SegmentedRaftLogWorker.java:477)
	at org.apache.ratis.server.raftlog.segmented.SegmentedRaftLogWorker.run(SegmentedRaftLogWorker.java:289)
	at java.lang.Thread.run(Thread.java:748)
Caused by: java.util.concurrent.TimeoutException
	at java.util.concurrent.CompletableFuture.timedGet(CompletableFuture.java:1771)
	at java.util.concurrent.CompletableFuture.get(CompletableFuture.java:1915)
	at org.apache.ratis.util.IOUtils.getFromFuture(IOUtils.java:79)
	... 4 more
2019-09-19 13:07:08,499 [java.util.concurrent.ThreadPoolExecutor$Worker@3523dec8[State = -1, empty queue]] WARN  server.GrpcLogAppender (GrpcLogAppender.java:timeoutAppendRequest(200)) - fc54a72e-a47f-4136-9ed5-ca4a72c32f0a@group-1C24252B61C3->b542397d-0a79-4b2f-bca4-8988c4585f57-GrpcLogAppender: appendEntries Timeout, request=fc54a72e-a47f-4136-9ed5-ca4a72c32f0a->b542397d-0a79-4b2f-bca4-8988c4585f57#60-t2, previous=(t:2, i:35), leaderCommit=31, initializing? false, entries: <empty>
2019-09-19 13:07:08,499 [java.util.concurrent.ThreadPoolExecutor$Worker@42bf2603[State = -1, empty queue]] WARN  server.GrpcLogAppender (GrpcLogAppender.java:timeoutAppendRequest(200)) - fc54a72e-a47f-4136-9ed5-ca4a72c32f0a@group-1C24252B61C3->cf73b394-96ec-4032-9230-43540487e60d-GrpcLogAppender: appendEntries Timeout, request=fc54a72e-a47f-4136-9ed5-ca4a72c32f0a->cf73b394-96ec-4032-9230-43540487e60d#60-t2, previous=(t:2, i:35), leaderCommit=31, initializing? false, entries: <empty>
2019-09-19 13:07:08,735 [grpc-default-executor-0] INFO  client.GrpcClientProtocolClient (GrpcClientProtocolClient.java:onNext(264)) - client-6FEDB5C32964->cf73b394-96ec-4032-9230-43540487e60d: receive RaftClientReply:client-6FEDB5C32964->cf73b394-96ec-4032-9230-43540487e60d@group-1C24252B61C3, cid=25, FAILED org.apache.ratis.protocol.NotLeaderException: Server cf73b394-96ec-4032-9230-43540487e60d@group-1C24252B61C3 is not the leader fc54a72e-a47f-4136-9ed5-ca4a72c32f0a:192.168.34.13:35339, logIndex=0, commits[cf73b394-96ec-4032-9230-43540487e60d:c31, fc54a72e-a47f-4136-9ed5-ca4a72c32f0a:c31, b542397d-0a79-4b2f-bca4-8988c4585f57:c31]
 0.00% |█                                                                                                    |  0/1 Time: 0:01:15 0.00% |█                                                                                                    |  0/1 Time: 0:01:162019-09-19 13:07:11,000 [java.util.concurrent.ThreadPoolExecutor$Worker@42bf2603[State = -1, empty queue]] WARN  server.GrpcLogAppender (GrpcLogAppender.java:timeoutAppendRequest(200)) - fc54a72e-a47f-4136-9ed5-ca4a72c32f0a@group-1C24252B61C3->cf73b394-96ec-4032-9230-43540487e60d-GrpcLogAppender: appendEntries Timeout, request=fc54a72e-a47f-4136-9ed5-ca4a72c32f0a->cf73b394-96ec-4032-9230-43540487e60d#61-t2, previous=(t:2, i:35), leaderCommit=31, initializing? false, entries: <empty>
2019-09-19 13:07:11,000 [java.util.concurrent.ThreadPoolExecutor$Worker@3523dec8[State = -1, empty queue]] WARN  server.GrpcLogAppender (GrpcLogAppender.java:timeoutAppendRequest(200)) - fc54a72e-a47f-4136-9ed5-ca4a72c32f0a@group-1C24252B61C3->b542397d-0a79-4b2f-bca4-8988c4585f57-GrpcLogAppender: appendEntries Timeout, request=fc54a72e-a47f-4136-9ed5-ca4a72c32f0a->b542397d-0a79-4b2f-bca4-8988c4585f57#61-t2, previous=(t:2, i:35), leaderCommit=31, initializing? false, entries: <empty>
 0.00% |█                                                                                                    |  0/1 Time: 0:01:17 0.00% |█                                                                                                    |  0/1 Time: 0:01:18 0.00% |█                                                                                                    |  0/1 Time: 0:01:192019-09-19 13:07:13,501 [java.util.concurrent.ThreadPoolExecutor$Worker@42bf2603[State = -1, empty queue]] WARN  server.GrpcLogAppender (GrpcLogAppender.java:timeoutAppendRequest(200)) - fc54a72e-a47f-4136-9ed5-ca4a72c32f0a@group-1C24252B61C3->cf73b394-96ec-4032-9230-43540487e60d-GrpcLogAppender: appendEntries Timeout, request=fc54a72e-a47f-4136-9ed5-ca4a72c32f0a->cf73b394-96ec-4032-9230-43540487e60d#62-t2, previous=(t:2, i:35), leaderCommit=31, initializing? false, entries: <empty>
2019-09-19 13:07:13,501 [java.util.concurrent.ThreadPoolExecutor$Worker@3523dec8[State = -1, empty queue]] WARN  server.GrpcLogAppender (GrpcLogAppender.java:timeoutAppendRequest(200)) - fc54a72e-a47f-4136-9ed5-ca4a72c32f0a@group-1C24252B61C3->b542397d-0a79-4b2f-bca4-8988c4585f57-GrpcLogAppender: appendEntries Timeout, request=fc54a72e-a47f-4136-9ed5-ca4a72c32f0a->b542397d-0a79-4b2f-bca4-8988c4585f57#62-t2, previous=(t:2, i:35), leaderCommit=31, initializing? false, entries: <empty>
2019-09-19 13:07:13,784 [grpc-default-executor-0] INFO  client.GrpcClientProtocolClient (GrpcClientProtocolClient.java:onNext(264)) - client-6FEDB5C32964->cf73b394-96ec-4032-9230-43540487e60d: receive RaftClientReply:client-6FEDB5C32964->cf73b394-96ec-4032-9230-43540487e60d@group-1C24252B61C3, cid=25, FAILED org.apache.ratis.protocol.NotLeaderException: Server cf73b394-96ec-4032-9230-43540487e60d@group-1C24252B61C3 is not the leader fc54a72e-a47f-4136-9ed5-ca4a72c32f0a:192.168.34.13:35339, logIndex=0, commits[cf73b394-96ec-4032-9230-43540487e60d:c31, fc54a72e-a47f-4136-9ed5-ca4a72c32f0a:c31, b542397d-0a79-4b2f-bca4-8988c4585f57:c31]
 0.00% |█                                                                                                    |  0/1 Time: 0:01:20 0.00% |█                                                                                                    |  0/1 Time: 0:01:212019-09-19 13:07:16,002 [java.util.concurrent.ThreadPoolExecutor$Worker@42bf2603[State = -1, empty queue]] WARN  server.GrpcLogAppender (GrpcLogAppender.java:timeoutAppendRequest(200)) - fc54a72e-a47f-4136-9ed5-ca4a72c32f0a@group-1C24252B61C3->cf73b394-96ec-4032-9230-43540487e60d-GrpcLogAppender: appendEntries Timeout, request=fc54a72e-a47f-4136-9ed5-ca4a72c32f0a->cf73b394-96ec-4032-9230-43540487e60d#63-t2, previous=(t:2, i:35), leaderCommit=31, initializing? false, entries: <empty>
2019-09-19 13:07:16,002 [java.util.concurrent.ThreadPoolExecutor$Worker@3523dec8[State = -1, empty queue]] WARN  server.GrpcLogAppender (GrpcLogAppender.java:timeoutAppendRequest(200)) - fc54a72e-a47f-4136-9ed5-ca4a72c32f0a@group-1C24252B61C3->b542397d-0a79-4b2f-bca4-8988c4585f57-GrpcLogAppender: appendEntries Timeout, request=fc54a72e-a47f-4136-9ed5-ca4a72c32f0a->b542397d-0a79-4b2f-bca4-8988c4585f57#63-t2, previous=(t:2, i:35), leaderCommit=31, initializing? false, entries: <empty>
 0.00% |█                                                                                                    |  0/1 Time: 0:01:22 0.00% |█                                                                                                    |  0/1 Time: 0:01:232019-09-19 13:07:17,984 [b542397d-0a79-4b2f-bca4-8988c4585f57@group-1C24252B61C3-SegmentedRaftLogWorker] WARN  segmented.SegmentedRaftLogWorker (SegmentedRaftLogWorker.java:getFromFuture(90)) - Timeout 6/~
org.apache.ratis.protocol.TimeoutIOException: Timeout 10s: WriteLog:32: (t:2, i:32), STATEMACHINELOGENTRY, client-6FEDB5C32964, cid=25-writeStateMachineData
	at org.apache.ratis.util.IOUtils.getFromFuture(IOUtils.java:87)
	at org.apache.ratis.server.raftlog.segmented.SegmentedRaftLogWorker$StateMachineDataPolicy.getFromFuture(SegmentedRaftLogWorker.java:87)
	at org.apache.ratis.server.raftlog.segmented.SegmentedRaftLogWorker$WriteLog.execute(SegmentedRaftLogWorker.java:477)
	at org.apache.ratis.server.raftlog.segmented.SegmentedRaftLogWorker.run(SegmentedRaftLogWorker.java:289)
	at java.lang.Thread.run(Thread.java:748)
Caused by: java.util.concurrent.TimeoutException
	at java.util.concurrent.CompletableFuture.timedGet(CompletableFuture.java:1771)
	at java.util.concurrent.CompletableFuture.get(CompletableFuture.java:1915)
	at org.apache.ratis.util.IOUtils.getFromFuture(IOUtils.java:79)
	... 4 more
 0.00% |█                                                                                                    |  0/1 Time: 0:01:242019-09-19 13:07:18,373 [fc54a72e-a47f-4136-9ed5-ca4a72c32f0a@group-1C24252B61C3-SegmentedRaftLogWorker] WARN  segmented.SegmentedRaftLogWorker (SegmentedRaftLogWorker.java:getFromFuture(90)) - Timeout 6/~
org.apache.ratis.protocol.TimeoutIOException: Timeout 10s: WriteLog:34: (t:2, i:34), STATEMACHINELOGENTRY, client-6FEDB5C32964, cid=27-writeStateMachineData
	at org.apache.ratis.util.IOUtils.getFromFuture(IOUtils.java:87)
	at org.apache.ratis.server.raftlog.segmented.SegmentedRaftLogWorker$StateMachineDataPolicy.getFromFuture(SegmentedRaftLogWorker.java:87)
	at org.apache.ratis.server.raftlog.segmented.SegmentedRaftLogWorker$WriteLog.execute(SegmentedRaftLogWorker.java:477)
	at org.apache.ratis.server.raftlog.segmented.SegmentedRaftLogWorker.run(SegmentedRaftLogWorker.java:289)
	at java.lang.Thread.run(Thread.java:748)
Caused by: java.util.concurrent.TimeoutException
	at java.util.concurrent.CompletableFuture.timedGet(CompletableFuture.java:1771)
	at java.util.concurrent.CompletableFuture.get(CompletableFuture.java:1915)
	at org.apache.ratis.util.IOUtils.getFromFuture(IOUtils.java:79)
	... 4 more
2019-09-19 13:07:18,383 [cf73b394-96ec-4032-9230-43540487e60d@group-1C24252B61C3-SegmentedRaftLogWorker] WARN  segmented.SegmentedRaftLogWorker (SegmentedRaftLogWorker.java:getFromFuture(90)) - Timeout 6/~
org.apache.ratis.protocol.TimeoutIOException: Timeout 10s: WriteLog:34: (t:2, i:34), STATEMACHINELOGENTRY, client-6FEDB5C32964, cid=27-writeStateMachineData
	at org.apache.ratis.util.IOUtils.getFromFuture(IOUtils.java:87)
	at org.apache.ratis.server.raftlog.segmented.SegmentedRaftLogWorker$StateMachineDataPolicy.getFromFuture(SegmentedRaftLogWorker.java:87)
	at org.apache.ratis.server.raftlog.segmented.SegmentedRaftLogWorker$WriteLog.execute(SegmentedRaftLogWorker.java:477)
	at org.apache.ratis.server.raftlog.segmented.SegmentedRaftLogWorker.run(SegmentedRaftLogWorker.java:289)
	at java.lang.Thread.run(Thread.java:748)
Caused by: java.util.concurrent.TimeoutException
	at java.util.concurrent.CompletableFuture.timedGet(CompletableFuture.java:1771)
	at java.util.concurrent.CompletableFuture.get(CompletableFuture.java:1915)
	at org.apache.ratis.util.IOUtils.getFromFuture(IOUtils.java:79)
	... 4 more
2019-09-19 13:07:18,502 [java.util.concurrent.ThreadPoolExecutor$Worker@3523dec8[State = -1, empty queue]] WARN  server.GrpcLogAppender (GrpcLogAppender.java:timeoutAppendRequest(200)) - fc54a72e-a47f-4136-9ed5-ca4a72c32f0a@group-1C24252B61C3->b542397d-0a79-4b2f-bca4-8988c4585f57-GrpcLogAppender: appendEntries Timeout, request=fc54a72e-a47f-4136-9ed5-ca4a72c32f0a->b542397d-0a79-4b2f-bca4-8988c4585f57#64-t2, previous=(t:2, i:35), leaderCommit=31, initializing? false, entries: <empty>
2019-09-19 13:07:18,502 [java.util.concurrent.ThreadPoolExecutor$Worker@42bf2603[State = -1, empty queue]] WARN  server.GrpcLogAppender (GrpcLogAppender.java:timeoutAppendRequest(200)) - fc54a72e-a47f-4136-9ed5-ca4a72c32f0a@group-1C24252B61C3->cf73b394-96ec-4032-9230-43540487e60d-GrpcLogAppender: appendEntries Timeout, request=fc54a72e-a47f-4136-9ed5-ca4a72c32f0a->cf73b394-96ec-4032-9230-43540487e60d#64-t2, previous=(t:2, i:35), leaderCommit=31, initializing? false, entries: <empty>
2019-09-19 13:07:18,829 [grpc-default-executor-1] INFO  client.GrpcClientProtocolClient (GrpcClientProtocolClient.java:onNext(264)) - client-6FEDB5C32964->cf73b394-96ec-4032-9230-43540487e60d: receive RaftClientReply:client-6FEDB5C32964->cf73b394-96ec-4032-9230-43540487e60d@group-1C24252B61C3, cid=25, FAILED org.apache.ratis.protocol.NotLeaderException: Server cf73b394-96ec-4032-9230-43540487e60d@group-1C24252B61C3 is not the leader fc54a72e-a47f-4136-9ed5-ca4a72c32f0a:192.168.34.13:35339, logIndex=0, commits[cf73b394-96ec-4032-9230-43540487e60d:c31, fc54a72e-a47f-4136-9ed5-ca4a72c32f0a:c31, b542397d-0a79-4b2f-bca4-8988c4585f57:c31]
 0.00% |█                                                                                                    |  0/1 Time: 0:01:25 0.00% |█                                                                                                    |  0/1 Time: 0:01:262019-09-19 13:07:21,003 [java.util.concurrent.ThreadPoolExecutor$Worker@3523dec8[State = -1, empty queue]] WARN  server.GrpcLogAppender (GrpcLogAppender.java:timeoutAppendRequest(200)) - fc54a72e-a47f-4136-9ed5-ca4a72c32f0a@group-1C24252B61C3->b542397d-0a79-4b2f-bca4-8988c4585f57-GrpcLogAppender: appendEntries Timeout, request=fc54a72e-a47f-4136-9ed5-ca4a72c32f0a->b542397d-0a79-4b2f-bca4-8988c4585f57#65-t2, previous=(t:2, i:35), leaderCommit=31, initializing? false, entries: <empty>
2019-09-19 13:07:21,003 [java.util.concurrent.ThreadPoolExecutor$Worker@42bf2603[State = -1, empty queue]] WARN  server.GrpcLogAppender (GrpcLogAppender.java:timeoutAppendRequest(200)) - fc54a72e-a47f-4136-9ed5-ca4a72c32f0a@group-1C24252B61C3->cf73b394-96ec-4032-9230-43540487e60d-GrpcLogAppender: appendEntries Timeout, request=fc54a72e-a47f-4136-9ed5-ca4a72c32f0a->cf73b394-96ec-4032-9230-43540487e60d#65-t2, previous=(t:2, i:35), leaderCommit=31, initializing? false, entries: <empty>
 0.00% |█                                                                                                    |  0/1 Time: 0:01:27 0.00% |█                                                                                                    |  0/1 Time: 0:01:28 0.00% |█                                                                                                    |  0/1 Time: 0:01:292019-09-19 13:07:23,503 [java.util.concurrent.ThreadPoolExecutor$Worker@42bf2603[State = -1, empty queue]] WARN  server.GrpcLogAppender (GrpcLogAppender.java:timeoutAppendRequest(200)) - fc54a72e-a47f-4136-9ed5-ca4a72c32f0a@group-1C24252B61C3->cf73b394-96ec-4032-9230-43540487e60d-GrpcLogAppender: appendEntries Timeout, request=fc54a72e-a47f-4136-9ed5-ca4a72c32f0a->cf73b394-96ec-4032-9230-43540487e60d#66-t2, previous=(t:2, i:35), leaderCommit=31, initializing? false, entries: <empty>
2019-09-19 13:07:23,503 [java.util.concurrent.ThreadPoolExecutor$Worker@3523dec8[State = -1, empty queue]] WARN  server.GrpcLogAppender (GrpcLogAppender.java:timeoutAppendRequest(200)) - fc54a72e-a47f-4136-9ed5-ca4a72c32f0a@group-1C24252B61C3->b542397d-0a79-4b2f-bca4-8988c4585f57-GrpcLogAppender: appendEntries Timeout, request=fc54a72e-a47f-4136-9ed5-ca4a72c32f0a->b542397d-0a79-4b2f-bca4-8988c4585f57#66-t2, previous=(t:2, i:35), leaderCommit=31, initializing? false, entries: <empty>
2019-09-19 13:07:23,873 [grpc-default-executor-3] INFO  client.GrpcClientProtocolClient (GrpcClientProtocolClient.java:onNext(264)) - client-6FEDB5C32964->cf73b394-96ec-4032-9230-43540487e60d: receive RaftClientReply:client-6FEDB5C32964->cf73b394-96ec-4032-9230-43540487e60d@group-1C24252B61C3, cid=25, FAILED org.apache.ratis.protocol.NotLeaderException: Server cf73b394-96ec-4032-9230-43540487e60d@group-1C24252B61C3 is not the leader fc54a72e-a47f-4136-9ed5-ca4a72c32f0a:192.168.34.13:35339, logIndex=0, commits[cf73b394-96ec-4032-9230-43540487e60d:c31, fc54a72e-a47f-4136-9ed5-ca4a72c32f0a:c31, b542397d-0a79-4b2f-bca4-8988c4585f57:c31]
 0.00% |█                                                                                                    |  0/1 Time: 0:01:30 0.00% |█                                                                                                    |  0/1 Time: 0:01:312019-09-19 13:07:26,004 [java.util.concurrent.ThreadPoolExecutor$Worker@42bf2603[State = -1, empty queue]] WARN  server.GrpcLogAppender (GrpcLogAppender.java:timeoutAppendRequest(200)) - fc54a72e-a47f-4136-9ed5-ca4a72c32f0a@group-1C24252B61C3->cf73b394-96ec-4032-9230-43540487e60d-GrpcLogAppender: appendEntries Timeout, request=fc54a72e-a47f-4136-9ed5-ca4a72c32f0a->cf73b394-96ec-4032-9230-43540487e60d#67-t2, previous=(t:2, i:35), leaderCommit=31, initializing? false, entries: <empty>
2019-09-19 13:07:26,004 [java.util.concurrent.ThreadPoolExecutor$Worker@3523dec8[State = -1, empty queue]] WARN  server.GrpcLogAppender (GrpcLogAppender.java:timeoutAppendRequest(200)) - fc54a72e-a47f-4136-9ed5-ca4a72c32f0a@group-1C24252B61C3->b542397d-0a79-4b2f-bca4-8988c4585f57-GrpcLogAppender: appendEntries Timeout, request=fc54a72e-a47f-4136-9ed5-ca4a72c32f0a->b542397d-0a79-4b2f-bca4-8988c4585f57#67-t2, previous=(t:2, i:35), leaderCommit=31, initializing? false, entries: <empty>
 0.00% |█                                                                                                    |  0/1 Time: 0:01:32 0.00% |█                                                                                                    |  0/1 Time: 0:01:332019-09-19 13:07:27,985 [b542397d-0a79-4b2f-bca4-8988c4585f57@group-1C24252B61C3-SegmentedRaftLogWorker] WARN  segmented.SegmentedRaftLogWorker (SegmentedRaftLogWorker.java:getFromFuture(90)) - Timeout 7/~
org.apache.ratis.protocol.TimeoutIOException: Timeout 10s: WriteLog:32: (t:2, i:32), STATEMACHINELOGENTRY, client-6FEDB5C32964, cid=25-writeStateMachineData
	at org.apache.ratis.util.IOUtils.getFromFuture(IOUtils.java:87)
	at org.apache.ratis.server.raftlog.segmented.SegmentedRaftLogWorker$StateMachineDataPolicy.getFromFuture(SegmentedRaftLogWorker.java:87)
	at org.apache.ratis.server.raftlog.segmented.SegmentedRaftLogWorker$WriteLog.execute(SegmentedRaftLogWorker.java:477)
	at org.apache.ratis.server.raftlog.segmented.SegmentedRaftLogWorker.run(SegmentedRaftLogWorker.java:289)
	at java.lang.Thread.run(Thread.java:748)
Caused by: java.util.concurrent.TimeoutException
	at java.util.concurrent.CompletableFuture.timedGet(CompletableFuture.java:1771)
	at java.util.concurrent.CompletableFuture.get(CompletableFuture.java:1915)
	at org.apache.ratis.util.IOUtils.getFromFuture(IOUtils.java:79)
	... 4 more
 0.00% |█                                                                                                    |  0/1 Time: 0:01:342019-09-19 13:07:28,383 [fc54a72e-a47f-4136-9ed5-ca4a72c32f0a@group-1C24252B61C3-SegmentedRaftLogWorker] WARN  segmented.SegmentedRaftLogWorker (SegmentedRaftLogWorker.java:getFromFuture(90)) - Timeout 7/~
org.apache.ratis.protocol.TimeoutIOException: Timeout 10s: WriteLog:34: (t:2, i:34), STATEMACHINELOGENTRY, client-6FEDB5C32964, cid=27-writeStateMachineData
	at org.apache.ratis.util.IOUtils.getFromFuture(IOUtils.java:87)
	at org.apache.ratis.server.raftlog.segmented.SegmentedRaftLogWorker$StateMachineDataPolicy.getFromFuture(SegmentedRaftLogWorker.java:87)
	at org.apache.ratis.server.raftlog.segmented.SegmentedRaftLogWorker$WriteLog.execute(SegmentedRaftLogWorker.java:477)
	at org.apache.ratis.server.raftlog.segmented.SegmentedRaftLogWorker.run(SegmentedRaftLogWorker.java:289)
	at java.lang.Thread.run(Thread.java:748)
Caused by: java.util.concurrent.TimeoutException
	at java.util.concurrent.CompletableFuture.timedGet(CompletableFuture.java:1771)
	at java.util.concurrent.CompletableFuture.get(CompletableFuture.java:1915)
	at org.apache.ratis.util.IOUtils.getFromFuture(IOUtils.java:79)
	... 4 more
2019-09-19 13:07:28,383 [cf73b394-96ec-4032-9230-43540487e60d@group-1C24252B61C3-SegmentedRaftLogWorker] WARN  segmented.SegmentedRaftLogWorker (SegmentedRaftLogWorker.java:getFromFuture(90)) - Timeout 7/~
org.apache.ratis.protocol.TimeoutIOException: Timeout 10s: WriteLog:34: (t:2, i:34), STATEMACHINELOGENTRY, client-6FEDB5C32964, cid=27-writeStateMachineData
	at org.apache.ratis.util.IOUtils.getFromFuture(IOUtils.java:87)
	at org.apache.ratis.server.raftlog.segmented.SegmentedRaftLogWorker$StateMachineDataPolicy.getFromFuture(SegmentedRaftLogWorker.java:87)
	at org.apache.ratis.server.raftlog.segmented.SegmentedRaftLogWorker$WriteLog.execute(SegmentedRaftLogWorker.java:477)
	at org.apache.ratis.server.raftlog.segmented.SegmentedRaftLogWorker.run(SegmentedRaftLogWorker.java:289)
	at java.lang.Thread.run(Thread.java:748)
Caused by: java.util.concurrent.TimeoutException
	at java.util.concurrent.CompletableFuture.timedGet(CompletableFuture.java:1771)
	at java.util.concurrent.CompletableFuture.get(CompletableFuture.java:1915)
	at org.apache.ratis.util.IOUtils.getFromFuture(IOUtils.java:79)
	... 4 more
2019-09-19 13:07:28,505 [java.util.concurrent.ThreadPoolExecutor$Worker@3523dec8[State = -1, empty queue]] WARN  server.GrpcLogAppender (GrpcLogAppender.java:timeoutAppendRequest(200)) - fc54a72e-a47f-4136-9ed5-ca4a72c32f0a@group-1C24252B61C3->b542397d-0a79-4b2f-bca4-8988c4585f57-GrpcLogAppender: appendEntries Timeout, request=fc54a72e-a47f-4136-9ed5-ca4a72c32f0a->b542397d-0a79-4b2f-bca4-8988c4585f57#68-t2, previous=(t:2, i:35), leaderCommit=31, initializing? false, entries: <empty>
2019-09-19 13:07:28,505 [java.util.concurrent.ThreadPoolExecutor$Worker@42bf2603[State = -1, empty queue]] WARN  server.GrpcLogAppender (GrpcLogAppender.java:timeoutAppendRequest(200)) - fc54a72e-a47f-4136-9ed5-ca4a72c32f0a@group-1C24252B61C3->cf73b394-96ec-4032-9230-43540487e60d-GrpcLogAppender: appendEntries Timeout, request=fc54a72e-a47f-4136-9ed5-ca4a72c32f0a->cf73b394-96ec-4032-9230-43540487e60d#68-t2, previous=(t:2, i:35), leaderCommit=31, initializing? false, entries: <empty>
2019-09-19 13:07:28,916 [grpc-default-executor-1] INFO  client.GrpcClientProtocolClient (GrpcClientProtocolClient.java:onNext(264)) - client-6FEDB5C32964->cf73b394-96ec-4032-9230-43540487e60d: receive RaftClientReply:client-6FEDB5C32964->cf73b394-96ec-4032-9230-43540487e60d@group-1C24252B61C3, cid=25, FAILED org.apache.ratis.protocol.NotLeaderException: Server cf73b394-96ec-4032-9230-43540487e60d@group-1C24252B61C3 is not the leader fc54a72e-a47f-4136-9ed5-ca4a72c32f0a:192.168.34.13:35339, logIndex=0, commits[cf73b394-96ec-4032-9230-43540487e60d:c31, fc54a72e-a47f-4136-9ed5-ca4a72c32f0a:c31, b542397d-0a79-4b2f-bca4-8988c4585f57:c31]
 0.00% |█                                                                                                    |  0/1 Time: 0:01:35 0.00% |█                                                                                                    |  0/1 Time: 0:01:362019-09-19 13:07:31,005 [java.util.concurrent.ThreadPoolExecutor$Worker@42bf2603[State = -1, empty queue]] WARN  server.GrpcLogAppender (GrpcLogAppender.java:timeoutAppendRequest(200)) - fc54a72e-a47f-4136-9ed5-ca4a72c32f0a@group-1C24252B61C3->cf73b394-96ec-4032-9230-43540487e60d-GrpcLogAppender: appendEntries Timeout, request=fc54a72e-a47f-4136-9ed5-ca4a72c32f0a->cf73b394-96ec-4032-9230-43540487e60d#69-t2, previous=(t:2, i:35), leaderCommit=31, initializing? false, entries: <empty>
2019-09-19 13:07:31,005 [java.util.concurrent.ThreadPoolExecutor$Worker@3523dec8[State = -1, empty queue]] WARN  server.GrpcLogAppender (GrpcLogAppender.java:timeoutAppendRequest(200)) - fc54a72e-a47f-4136-9ed5-ca4a72c32f0a@group-1C24252B61C3->b542397d-0a79-4b2f-bca4-8988c4585f57-GrpcLogAppender: appendEntries Timeout, request=fc54a72e-a47f-4136-9ed5-ca4a72c32f0a->b542397d-0a79-4b2f-bca4-8988c4585f57#69-t2, previous=(t:2, i:35), leaderCommit=31, initializing? false, entries: <empty>
 0.00% |█                                                                                                    |  0/1 Time: 0:01:37 0.00% |█                                                                                                    |  0/1 Time: 0:01:38 0.00% |█                                                                                                    |  0/1 Time: 0:01:392019-09-19 13:07:33,506 [java.util.concurrent.ThreadPoolExecutor$Worker@3523dec8[State = -1, empty queue]] WARN  server.GrpcLogAppender (GrpcLogAppender.java:timeoutAppendRequest(200)) - fc54a72e-a47f-4136-9ed5-ca4a72c32f0a@group-1C24252B61C3->b542397d-0a79-4b2f-bca4-8988c4585f57-GrpcLogAppender: appendEntries Timeout, request=fc54a72e-a47f-4136-9ed5-ca4a72c32f0a->b542397d-0a79-4b2f-bca4-8988c4585f57#70-t2, previous=(t:2, i:35), leaderCommit=31, initializing? false, entries: <empty>
2019-09-19 13:07:33,506 [java.util.concurrent.ThreadPoolExecutor$Worker@42bf2603[State = -1, empty queue]] WARN  server.GrpcLogAppender (GrpcLogAppender.java:timeoutAppendRequest(200)) - fc54a72e-a47f-4136-9ed5-ca4a72c32f0a@group-1C24252B61C3->cf73b394-96ec-4032-9230-43540487e60d-GrpcLogAppender: appendEntries Timeout, request=fc54a72e-a47f-4136-9ed5-ca4a72c32f0a->cf73b394-96ec-4032-9230-43540487e60d#70-t2, previous=(t:2, i:35), leaderCommit=31, initializing? false, entries: <empty>
2019-09-19 13:07:33,961 [grpc-default-executor-1] INFO  client.GrpcClientProtocolClient (GrpcClientProtocolClient.java:onNext(264)) - client-6FEDB5C32964->b542397d-0a79-4b2f-bca4-8988c4585f57: receive RaftClientReply:client-6FEDB5C32964->b542397d-0a79-4b2f-bca4-8988c4585f57@group-1C24252B61C3, cid=25, FAILED org.apache.ratis.protocol.NotLeaderException: Server b542397d-0a79-4b2f-bca4-8988c4585f57@group-1C24252B61C3 is not the leader fc54a72e-a47f-4136-9ed5-ca4a72c32f0a:192.168.34.13:35339, logIndex=0, commits[b542397d-0a79-4b2f-bca4-8988c4585f57:c31, fc54a72e-a47f-4136-9ed5-ca4a72c32f0a:c31, cf73b394-96ec-4032-9230-43540487e60d:c31]
 0.00% |█                                                                                                    |  0/1 Time: 0:01:40 0.00% |█                                                                                                    |  0/1 Time: 0:01:412019-09-19 13:07:36,007 [java.util.concurrent.ThreadPoolExecutor$Worker@42bf2603[State = -1, empty queue]] WARN  server.GrpcLogAppender (GrpcLogAppender.java:timeoutAppendRequest(200)) - fc54a72e-a47f-4136-9ed5-ca4a72c32f0a@group-1C24252B61C3->cf73b394-96ec-4032-9230-43540487e60d-GrpcLogAppender: appendEntries Timeout, request=fc54a72e-a47f-4136-9ed5-ca4a72c32f0a->cf73b394-96ec-4032-9230-43540487e60d#71-t2, previous=(t:2, i:35), leaderCommit=31, initializing? false, entries: <empty>
2019-09-19 13:07:36,007 [java.util.concurrent.ThreadPoolExecutor$Worker@3523dec8[State = -1, empty queue]] WARN  server.GrpcLogAppender (GrpcLogAppender.java:timeoutAppendRequest(200)) - fc54a72e-a47f-4136-9ed5-ca4a72c32f0a@group-1C24252B61C3->b542397d-0a79-4b2f-bca4-8988c4585f57-GrpcLogAppender: appendEntries Timeout, request=fc54a72e-a47f-4136-9ed5-ca4a72c32f0a->b542397d-0a79-4b2f-bca4-8988c4585f57#71-t2, previous=(t:2, i:35), leaderCommit=31, initializing? false, entries: <empty>
 0.00% |█                                                                                                    |  0/1 Time: 0:01:42 0.00% |█                                                                                                    |  0/1 Time: 0:01:432019-09-19 13:07:37,985 [b542397d-0a79-4b2f-bca4-8988c4585f57@group-1C24252B61C3-SegmentedRaftLogWorker] WARN  segmented.SegmentedRaftLogWorker (SegmentedRaftLogWorker.java:getFromFuture(90)) - Timeout 8/~
org.apache.ratis.protocol.TimeoutIOException: Timeout 10s: WriteLog:32: (t:2, i:32), STATEMACHINELOGENTRY, client-6FEDB5C32964, cid=25-writeStateMachineData
	at org.apache.ratis.util.IOUtils.getFromFuture(IOUtils.java:87)
	at org.apache.ratis.server.raftlog.segmented.SegmentedRaftLogWorker$StateMachineDataPolicy.getFromFuture(SegmentedRaftLogWorker.java:87)
	at org.apache.ratis.server.raftlog.segmented.SegmentedRaftLogWorker$WriteLog.execute(SegmentedRaftLogWorker.java:477)
	at org.apache.ratis.server.raftlog.segmented.SegmentedRaftLogWorker.run(SegmentedRaftLogWorker.java:289)
	at java.lang.Thread.run(Thread.java:748)
Caused by: java.util.concurrent.TimeoutException
	at java.util.concurrent.CompletableFuture.timedGet(CompletableFuture.java:1771)
	at java.util.concurrent.CompletableFuture.get(CompletableFuture.java:1915)
	at org.apache.ratis.util.IOUtils.getFromFuture(IOUtils.java:79)
	... 4 more
 0.00% |█                                                                                                    |  0/1 Time: 0:01:442019-09-19 13:07:38,384 [fc54a72e-a47f-4136-9ed5-ca4a72c32f0a@group-1C24252B61C3-SegmentedRaftLogWorker] WARN  segmented.SegmentedRaftLogWorker (SegmentedRaftLogWorker.java:getFromFuture(90)) - Timeout 8/~
org.apache.ratis.protocol.TimeoutIOException: Timeout 10s: WriteLog:34: (t:2, i:34), STATEMACHINELOGENTRY, client-6FEDB5C32964, cid=27-writeStateMachineData
	at org.apache.ratis.util.IOUtils.getFromFuture(IOUtils.java:87)
	at org.apache.ratis.server.raftlog.segmented.SegmentedRaftLogWorker$StateMachineDataPolicy.getFromFuture(SegmentedRaftLogWorker.java:87)
	at org.apache.ratis.server.raftlog.segmented.SegmentedRaftLogWorker$WriteLog.execute(SegmentedRaftLogWorker.java:477)
	at org.apache.ratis.server.raftlog.segmented.SegmentedRaftLogWorker.run(SegmentedRaftLogWorker.java:289)
	at java.lang.Thread.run(Thread.java:748)
Caused by: java.util.concurrent.TimeoutException
	at java.util.concurrent.CompletableFuture.timedGet(CompletableFuture.java:1771)
	at java.util.concurrent.CompletableFuture.get(CompletableFuture.java:1915)
	at org.apache.ratis.util.IOUtils.getFromFuture(IOUtils.java:79)
	... 4 more
2019-09-19 13:07:38,384 [cf73b394-96ec-4032-9230-43540487e60d@group-1C24252B61C3-SegmentedRaftLogWorker] WARN  segmented.SegmentedRaftLogWorker (SegmentedRaftLogWorker.java:getFromFuture(90)) - Timeout 8/~
org.apache.ratis.protocol.TimeoutIOException: Timeout 10s: WriteLog:34: (t:2, i:34), STATEMACHINELOGENTRY, client-6FEDB5C32964, cid=27-writeStateMachineData
	at org.apache.ratis.util.IOUtils.getFromFuture(IOUtils.java:87)
	at org.apache.ratis.server.raftlog.segmented.SegmentedRaftLogWorker$StateMachineDataPolicy.getFromFuture(SegmentedRaftLogWorker.java:87)
	at org.apache.ratis.server.raftlog.segmented.SegmentedRaftLogWorker$WriteLog.execute(SegmentedRaftLogWorker.java:477)
	at org.apache.ratis.server.raftlog.segmented.SegmentedRaftLogWorker.run(SegmentedRaftLogWorker.java:289)
	at java.lang.Thread.run(Thread.java:748)
Caused by: java.util.concurrent.TimeoutException
	at java.util.concurrent.CompletableFuture.timedGet(CompletableFuture.java:1771)
	at java.util.concurrent.CompletableFuture.get(CompletableFuture.java:1915)
	at org.apache.ratis.util.IOUtils.getFromFuture(IOUtils.java:79)
	... 4 more
2019-09-19 13:07:38,507 [java.util.concurrent.ThreadPoolExecutor$Worker@3523dec8[State = -1, empty queue]] WARN  server.GrpcLogAppender (GrpcLogAppender.java:timeoutAppendRequest(200)) - fc54a72e-a47f-4136-9ed5-ca4a72c32f0a@group-1C24252B61C3->b542397d-0a79-4b2f-bca4-8988c4585f57-GrpcLogAppender: appendEntries Timeout, request=fc54a72e-a47f-4136-9ed5-ca4a72c32f0a->b542397d-0a79-4b2f-bca4-8988c4585f57#72-t2, previous=(t:2, i:35), leaderCommit=31, initializing? false, entries: <empty>
2019-09-19 13:07:38,507 [java.util.concurrent.ThreadPoolExecutor$Worker@42bf2603[State = -1, empty queue]] WARN  server.GrpcLogAppender (GrpcLogAppender.java:timeoutAppendRequest(200)) - fc54a72e-a47f-4136-9ed5-ca4a72c32f0a@group-1C24252B61C3->cf73b394-96ec-4032-9230-43540487e60d-GrpcLogAppender: appendEntries Timeout, request=fc54a72e-a47f-4136-9ed5-ca4a72c32f0a->cf73b394-96ec-4032-9230-43540487e60d#72-t2, previous=(t:2, i:35), leaderCommit=31, initializing? false, entries: <empty>
2019-09-19 13:07:38,999 [grpc-default-executor-1] INFO  client.GrpcClientProtocolClient (GrpcClientProtocolClient.java:onNext(264)) - client-6FEDB5C32964->b542397d-0a79-4b2f-bca4-8988c4585f57: receive RaftClientReply:client-6FEDB5C32964->b542397d-0a79-4b2f-bca4-8988c4585f57@group-1C24252B61C3, cid=25, FAILED org.apache.ratis.protocol.NotLeaderException: Server b542397d-0a79-4b2f-bca4-8988c4585f57@group-1C24252B61C3 is not the leader fc54a72e-a47f-4136-9ed5-ca4a72c32f0a:192.168.34.13:35339, logIndex=0, commits[b542397d-0a79-4b2f-bca4-8988c4585f57:c31, fc54a72e-a47f-4136-9ed5-ca4a72c32f0a:c31, cf73b394-96ec-4032-9230-43540487e60d:c31]
 0.00% |█                                                                                                    |  0/1 Time: 0:01:45 0.00% |█                                                                                                    |  0/1 Time: 0:01:462019-09-19 13:07:41,008 [java.util.concurrent.ThreadPoolExecutor$Worker@42bf2603[State = -1, empty queue]] WARN  server.GrpcLogAppender (GrpcLogAppender.java:timeoutAppendRequest(200)) - fc54a72e-a47f-4136-9ed5-ca4a72c32f0a@group-1C24252B61C3->cf73b394-96ec-4032-9230-43540487e60d-GrpcLogAppender: appendEntries Timeout, request=fc54a72e-a47f-4136-9ed5-ca4a72c32f0a->cf73b394-96ec-4032-9230-43540487e60d#73-t2, previous=(t:2, i:35), leaderCommit=31, initializing? false, entries: <empty>
2019-09-19 13:07:41,008 [java.util.concurrent.ThreadPoolExecutor$Worker@3523dec8[State = -1, empty queue]] WARN  server.GrpcLogAppender (GrpcLogAppender.java:timeoutAppendRequest(200)) - fc54a72e-a47f-4136-9ed5-ca4a72c32f0a@group-1C24252B61C3->b542397d-0a79-4b2f-bca4-8988c4585f57-GrpcLogAppender: appendEntries Timeout, request=fc54a72e-a47f-4136-9ed5-ca4a72c32f0a->b542397d-0a79-4b2f-bca4-8988c4585f57#73-t2, previous=(t:2, i:35), leaderCommit=31, initializing? false, entries: <empty>
 0.00% |█                                                                                                    |  0/1 Time: 0:01:47 0.00% |█                                                                                                    |  0/1 Time: 0:01:48 0.00% |█                                                                                                    |  0/1 Time: 0:01:492019-09-19 13:07:43,509 [java.util.concurrent.ThreadPoolExecutor$Worker@3523dec8[State = -1, empty queue]] WARN  server.GrpcLogAppender (GrpcLogAppender.java:timeoutAppendRequest(200)) - fc54a72e-a47f-4136-9ed5-ca4a72c32f0a@group-1C24252B61C3->b542397d-0a79-4b2f-bca4-8988c4585f57-GrpcLogAppender: appendEntries Timeout, request=fc54a72e-a47f-4136-9ed5-ca4a72c32f0a->b542397d-0a79-4b2f-bca4-8988c4585f57#74-t2, previous=(t:2, i:35), leaderCommit=31, initializing? false, entries: <empty>
2019-09-19 13:07:43,509 [java.util.concurrent.ThreadPoolExecutor$Worker@42bf2603[State = -1, empty queue]] WARN  server.GrpcLogAppender (GrpcLogAppender.java:timeoutAppendRequest(200)) - fc54a72e-a47f-4136-9ed5-ca4a72c32f0a@group-1C24252B61C3->cf73b394-96ec-4032-9230-43540487e60d-GrpcLogAppender: appendEntries Timeout, request=fc54a72e-a47f-4136-9ed5-ca4a72c32f0a->cf73b394-96ec-4032-9230-43540487e60d#74-t2, previous=(t:2, i:35), leaderCommit=31, initializing? false, entries: <empty>
2019-09-19 13:07:44,040 [grpc-default-executor-3] INFO  client.GrpcClientProtocolClient (GrpcClientProtocolClient.java:onNext(264)) - client-6FEDB5C32964->b542397d-0a79-4b2f-bca4-8988c4585f57: receive RaftClientReply:client-6FEDB5C32964->b542397d-0a79-4b2f-bca4-8988c4585f57@group-1C24252B61C3, cid=25, FAILED org.apache.ratis.protocol.NotLeaderException: Server b542397d-0a79-4b2f-bca4-8988c4585f57@group-1C24252B61C3 is not the leader fc54a72e-a47f-4136-9ed5-ca4a72c32f0a:192.168.34.13:35339, logIndex=0, commits[b542397d-0a79-4b2f-bca4-8988c4585f57:c31, fc54a72e-a47f-4136-9ed5-ca4a72c32f0a:c31, cf73b394-96ec-4032-9230-43540487e60d:c31]
 0.00% |█                                                                                                    |  0/1 Time: 0:01:50 0.00% |█                                                                                                    |  0/1 Time: 0:01:512019-09-19 13:07:46,010 [java.util.concurrent.ThreadPoolExecutor$Worker@3523dec8[State = -1, empty queue]] WARN  server.GrpcLogAppender (GrpcLogAppender.java:timeoutAppendRequest(200)) - fc54a72e-a47f-4136-9ed5-ca4a72c32f0a@group-1C24252B61C3->b542397d-0a79-4b2f-bca4-8988c4585f57-GrpcLogAppender: appendEntries Timeout, request=fc54a72e-a47f-4136-9ed5-ca4a72c32f0a->b542397d-0a79-4b2f-bca4-8988c4585f57#75-t2, previous=(t:2, i:35), leaderCommit=31, initializing? false, entries: <empty>
2019-09-19 13:07:46,010 [java.util.concurrent.ThreadPoolExecutor$Worker@42bf2603[State = -1, empty queue]] WARN  server.GrpcLogAppender (GrpcLogAppender.java:timeoutAppendRequest(200)) - fc54a72e-a47f-4136-9ed5-ca4a72c32f0a@group-1C24252B61C3->cf73b394-96ec-4032-9230-43540487e60d-GrpcLogAppender: appendEntries Timeout, request=fc54a72e-a47f-4136-9ed5-ca4a72c32f0a->cf73b394-96ec-4032-9230-43540487e60d#75-t2, previous=(t:2, i:35), leaderCommit=31, initializing? false, entries: <empty>
 0.00% |█                                                                                                    |  0/1 Time: 0:01:52 0.00% |█                                                                                                    |  0/1 Time: 0:01:532019-09-19 13:07:47,986 [b542397d-0a79-4b2f-bca4-8988c4585f57@group-1C24252B61C3-SegmentedRaftLogWorker] WARN  segmented.SegmentedRaftLogWorker (SegmentedRaftLogWorker.java:getFromFuture(90)) - Timeout 9/~
org.apache.ratis.protocol.TimeoutIOException: Timeout 10s: WriteLog:32: (t:2, i:32), STATEMACHINELOGENTRY, client-6FEDB5C32964, cid=25-writeStateMachineData
	at org.apache.ratis.util.IOUtils.getFromFuture(IOUtils.java:87)
	at org.apache.ratis.server.raftlog.segmented.SegmentedRaftLogWorker$StateMachineDataPolicy.getFromFuture(SegmentedRaftLogWorker.java:87)
	at org.apache.ratis.server.raftlog.segmented.SegmentedRaftLogWorker$WriteLog.execute(SegmentedRaftLogWorker.java:477)
	at org.apache.ratis.server.raftlog.segmented.SegmentedRaftLogWorker.run(SegmentedRaftLogWorker.java:289)
	at java.lang.Thread.run(Thread.java:748)
Caused by: java.util.concurrent.TimeoutException
	at java.util.concurrent.CompletableFuture.timedGet(CompletableFuture.java:1771)
	at java.util.concurrent.CompletableFuture.get(CompletableFuture.java:1915)
	at org.apache.ratis.util.IOUtils.getFromFuture(IOUtils.java:79)
	... 4 more
 0.00% |█                                                                                                    |  0/1 Time: 0:01:542019-09-19 13:07:48,385 [fc54a72e-a47f-4136-9ed5-ca4a72c32f0a@group-1C24252B61C3-SegmentedRaftLogWorker] WARN  segmented.SegmentedRaftLogWorker (SegmentedRaftLogWorker.java:getFromFuture(90)) - Timeout 9/~
org.apache.ratis.protocol.TimeoutIOException: Timeout 10s: WriteLog:34: (t:2, i:34), STATEMACHINELOGENTRY, client-6FEDB5C32964, cid=27-writeStateMachineData
	at org.apache.ratis.util.IOUtils.getFromFuture(IOUtils.java:87)
	at org.apache.ratis.server.raftlog.segmented.SegmentedRaftLogWorker$StateMachineDataPolicy.getFromFuture(SegmentedRaftLogWorker.java:87)
	at org.apache.ratis.server.raftlog.segmented.SegmentedRaftLogWorker$WriteLog.execute(SegmentedRaftLogWorker.java:477)
	at org.apache.ratis.server.raftlog.segmented.SegmentedRaftLogWorker.run(SegmentedRaftLogWorker.java:289)
	at java.lang.Thread.run(Thread.java:748)
Caused by: java.util.concurrent.TimeoutException
	at java.util.concurrent.CompletableFuture.timedGet(CompletableFuture.java:1771)
	at java.util.concurrent.CompletableFuture.get(CompletableFuture.java:1915)
	at org.apache.ratis.util.IOUtils.getFromFuture(IOUtils.java:79)
	... 4 more
2019-09-19 13:07:48,385 [cf73b394-96ec-4032-9230-43540487e60d@group-1C24252B61C3-SegmentedRaftLogWorker] WARN  segmented.SegmentedRaftLogWorker (SegmentedRaftLogWorker.java:getFromFuture(90)) - Timeout 9/~
org.apache.ratis.protocol.TimeoutIOException: Timeout 10s: WriteLog:34: (t:2, i:34), STATEMACHINELOGENTRY, client-6FEDB5C32964, cid=27-writeStateMachineData
	at org.apache.ratis.util.IOUtils.getFromFuture(IOUtils.java:87)
	at org.apache.ratis.server.raftlog.segmented.SegmentedRaftLogWorker$StateMachineDataPolicy.getFromFuture(SegmentedRaftLogWorker.java:87)
	at org.apache.ratis.server.raftlog.segmented.SegmentedRaftLogWorker$WriteLog.execute(SegmentedRaftLogWorker.java:477)
	at org.apache.ratis.server.raftlog.segmented.SegmentedRaftLogWorker.run(SegmentedRaftLogWorker.java:289)
	at java.lang.Thread.run(Thread.java:748)
Caused by: java.util.concurrent.TimeoutException
	at java.util.concurrent.CompletableFuture.timedGet(CompletableFuture.java:1771)
	at java.util.concurrent.CompletableFuture.get(CompletableFuture.java:1915)
	at org.apache.ratis.util.IOUtils.getFromFuture(IOUtils.java:79)
	... 4 more
2019-09-19 13:07:48,510 [java.util.concurrent.ThreadPoolExecutor$Worker@42bf2603[State = -1, empty queue]] WARN  server.GrpcLogAppender (GrpcLogAppender.java:timeoutAppendRequest(200)) - fc54a72e-a47f-4136-9ed5-ca4a72c32f0a@group-1C24252B61C3->cf73b394-96ec-4032-9230-43540487e60d-GrpcLogAppender: appendEntries Timeout, request=fc54a72e-a47f-4136-9ed5-ca4a72c32f0a->cf73b394-96ec-4032-9230-43540487e60d#76-t2, previous=(t:2, i:35), leaderCommit=31, initializing? false, entries: <empty>
2019-09-19 13:07:48,510 [java.util.concurrent.ThreadPoolExecutor$Worker@3523dec8[State = -1, empty queue]] WARN  server.GrpcLogAppender (GrpcLogAppender.java:timeoutAppendRequest(200)) - fc54a72e-a47f-4136-9ed5-ca4a72c32f0a@group-1C24252B61C3->b542397d-0a79-4b2f-bca4-8988c4585f57-GrpcLogAppender: appendEntries Timeout, request=fc54a72e-a47f-4136-9ed5-ca4a72c32f0a->b542397d-0a79-4b2f-bca4-8988c4585f57#76-t2, previous=(t:2, i:35), leaderCommit=31, initializing? false, entries: <empty>
2019-09-19 13:07:49,088 [grpc-default-executor-1] INFO  client.GrpcClientProtocolClient (GrpcClientProtocolClient.java:onNext(264)) - client-6FEDB5C32964->cf73b394-96ec-4032-9230-43540487e60d: receive RaftClientReply:client-6FEDB5C32964->cf73b394-96ec-4032-9230-43540487e60d@group-1C24252B61C3, cid=25, FAILED org.apache.ratis.protocol.NotLeaderException: Server cf73b394-96ec-4032-9230-43540487e60d@group-1C24252B61C3 is not the leader fc54a72e-a47f-4136-9ed5-ca4a72c32f0a:192.168.34.13:35339, logIndex=0, commits[cf73b394-96ec-4032-9230-43540487e60d:c31, fc54a72e-a47f-4136-9ed5-ca4a72c32f0a:c31, b542397d-0a79-4b2f-bca4-8988c4585f57:c31]
 0.00% |█                                                                                                    |  0/1 Time: 0:01:55 0.00% |█                                                                                                    |  0/1 Time: 0:01:562019-09-19 13:07:51,011 [java.util.concurrent.ThreadPoolExecutor$Worker@3523dec8[State = -1, empty queue]] WARN  server.GrpcLogAppender (GrpcLogAppender.java:timeoutAppendRequest(200)) - fc54a72e-a47f-4136-9ed5-ca4a72c32f0a@group-1C24252B61C3->b542397d-0a79-4b2f-bca4-8988c4585f57-GrpcLogAppender: appendEntries Timeout, request=fc54a72e-a47f-4136-9ed5-ca4a72c32f0a->b542397d-0a79-4b2f-bca4-8988c4585f57#77-t2, previous=(t:2, i:35), leaderCommit=31, initializing? false, entries: <empty>
2019-09-19 13:07:51,012 [java.util.concurrent.ThreadPoolExecutor$Worker@42bf2603[State = -1, empty queue]] WARN  server.GrpcLogAppender (GrpcLogAppender.java:timeoutAppendRequest(200)) - fc54a72e-a47f-4136-9ed5-ca4a72c32f0a@group-1C24252B61C3->cf73b394-96ec-4032-9230-43540487e60d-GrpcLogAppender: appendEntries Timeout, request=fc54a72e-a47f-4136-9ed5-ca4a72c32f0a->cf73b394-96ec-4032-9230-43540487e60d#77-t2, previous=(t:2, i:35), leaderCommit=31, initializing? false, entries: <empty>
 0.00% |█                                                                                                    |  0/1 Time: 0:01:57 0.00% |█                                                                                                    |  0/1 Time: 0:01:58 0.00% |█                                                                                                    |  0/1 Time: 0:01:592019-09-19 13:07:53,512 [java.util.concurrent.ThreadPoolExecutor$Worker@3523dec8[State = -1, empty queue]] WARN  server.GrpcLogAppender (GrpcLogAppender.java:timeoutAppendRequest(200)) - fc54a72e-a47f-4136-9ed5-ca4a72c32f0a@group-1C24252B61C3->b542397d-0a79-4b2f-bca4-8988c4585f57-GrpcLogAppender: appendEntries Timeout, request=fc54a72e-a47f-4136-9ed5-ca4a72c32f0a->b542397d-0a79-4b2f-bca4-8988c4585f57#78-t2, previous=(t:2, i:35), leaderCommit=31, initializing? false, entries: <empty>
2019-09-19 13:07:53,512 [java.util.concurrent.ThreadPoolExecutor$Worker@42bf2603[State = -1, empty queue]] WARN  server.GrpcLogAppender (GrpcLogAppender.java:timeoutAppendRequest(200)) - fc54a72e-a47f-4136-9ed5-ca4a72c32f0a@group-1C24252B61C3->cf73b394-96ec-4032-9230-43540487e60d-GrpcLogAppender: appendEntries Timeout, request=fc54a72e-a47f-4136-9ed5-ca4a72c32f0a->cf73b394-96ec-4032-9230-43540487e60d#78-t2, previous=(t:2, i:35), leaderCommit=31, initializing? false, entries: <empty>
2019-09-19 13:07:54,127 [grpc-default-executor-3] INFO  client.GrpcClientProtocolClient (GrpcClientProtocolClient.java:onNext(264)) - client-6FEDB5C32964->cf73b394-96ec-4032-9230-43540487e60d: receive RaftClientReply:client-6FEDB5C32964->cf73b394-96ec-4032-9230-43540487e60d@group-1C24252B61C3, cid=25, FAILED org.apache.ratis.protocol.NotLeaderException: Server cf73b394-96ec-4032-9230-43540487e60d@group-1C24252B61C3 is not the leader fc54a72e-a47f-4136-9ed5-ca4a72c32f0a:192.168.34.13:35339, logIndex=0, commits[cf73b394-96ec-4032-9230-43540487e60d:c31, fc54a72e-a47f-4136-9ed5-ca4a72c32f0a:c31, b542397d-0a79-4b2f-bca4-8988c4585f57:c31]
 0.00% |█                                                                                                    |  0/1 Time: 0:02:00 0.00% |█                                                                                                    |  0/1 Time: 0:02:012019-09-19 13:07:56,012 [java.util.concurrent.ThreadPoolExecutor$Worker@3523dec8[State = -1, empty queue]] WARN  server.GrpcLogAppender (GrpcLogAppender.java:timeoutAppendRequest(200)) - fc54a72e-a47f-4136-9ed5-ca4a72c32f0a@group-1C24252B61C3->b542397d-0a79-4b2f-bca4-8988c4585f57-GrpcLogAppender: appendEntries Timeout, request=fc54a72e-a47f-4136-9ed5-ca4a72c32f0a->b542397d-0a79-4b2f-bca4-8988c4585f57#79-t2, previous=(t:2, i:35), leaderCommit=31, initializing? false, entries: <empty>
2019-09-19 13:07:56,012 [java.util.concurrent.ThreadPoolExecutor$Worker@42bf2603[State = -1, empty queue]] WARN  server.GrpcLogAppender (GrpcLogAppender.java:timeoutAppendRequest(200)) - fc54a72e-a47f-4136-9ed5-ca4a72c32f0a@group-1C24252B61C3->cf73b394-96ec-4032-9230-43540487e60d-GrpcLogAppender: appendEntries Timeout, request=fc54a72e-a47f-4136-9ed5-ca4a72c32f0a->cf73b394-96ec-4032-9230-43540487e60d#79-t2, previous=(t:2, i:35), leaderCommit=31, initializing? false, entries: <empty>
 0.00% |█                                                                                                    |  0/1 Time: 0:02:02 0.00% |█                                                                                                    |  0/1 Time: 0:02:032019-09-19 13:07:57,988 [b542397d-0a79-4b2f-bca4-8988c4585f57@group-1C24252B61C3-SegmentedRaftLogWorker] WARN  segmented.SegmentedRaftLogWorker (SegmentedRaftLogWorker.java:getFromFuture(90)) - Timeout 10/~
org.apache.ratis.protocol.TimeoutIOException: Timeout 10s: WriteLog:32: (t:2, i:32), STATEMACHINELOGENTRY, client-6FEDB5C32964, cid=25-writeStateMachineData
	at org.apache.ratis.util.IOUtils.getFromFuture(IOUtils.java:87)
	at org.apache.ratis.server.raftlog.segmented.SegmentedRaftLogWorker$StateMachineDataPolicy.getFromFuture(SegmentedRaftLogWorker.java:87)
	at org.apache.ratis.server.raftlog.segmented.SegmentedRaftLogWorker$WriteLog.execute(SegmentedRaftLogWorker.java:477)
	at org.apache.ratis.server.raftlog.segmented.SegmentedRaftLogWorker.run(SegmentedRaftLogWorker.java:289)
	at java.lang.Thread.run(Thread.java:748)
Caused by: java.util.concurrent.TimeoutException
	at java.util.concurrent.CompletableFuture.timedGet(CompletableFuture.java:1771)
	at java.util.concurrent.CompletableFuture.get(CompletableFuture.java:1915)
	at org.apache.ratis.util.IOUtils.getFromFuture(IOUtils.java:79)
	... 4 more
 0.00% |█                                                                                                    |  0/1 Time: 0:02:042019-09-19 13:07:58,386 [fc54a72e-a47f-4136-9ed5-ca4a72c32f0a@group-1C24252B61C3-SegmentedRaftLogWorker] WARN  segmented.SegmentedRaftLogWorker (SegmentedRaftLogWorker.java:getFromFuture(90)) - Timeout 10/~
org.apache.ratis.protocol.TimeoutIOException: Timeout 10s: WriteLog:34: (t:2, i:34), STATEMACHINELOGENTRY, client-6FEDB5C32964, cid=27-writeStateMachineData
	at org.apache.ratis.util.IOUtils.getFromFuture(IOUtils.java:87)
	at org.apache.ratis.server.raftlog.segmented.SegmentedRaftLogWorker$StateMachineDataPolicy.getFromFuture(SegmentedRaftLogWorker.java:87)
	at org.apache.ratis.server.raftlog.segmented.SegmentedRaftLogWorker$WriteLog.execute(SegmentedRaftLogWorker.java:477)
	at org.apache.ratis.server.raftlog.segmented.SegmentedRaftLogWorker.run(SegmentedRaftLogWorker.java:289)
	at java.lang.Thread.run(Thread.java:748)
Caused by: java.util.concurrent.TimeoutException
	at java.util.concurrent.CompletableFuture.timedGet(CompletableFuture.java:1771)
	at java.util.concurrent.CompletableFuture.get(CompletableFuture.java:1915)
	at org.apache.ratis.util.IOUtils.getFromFuture(IOUtils.java:79)
	... 4 more
2019-09-19 13:07:58,386 [cf73b394-96ec-4032-9230-43540487e60d@group-1C24252B61C3-SegmentedRaftLogWorker] WARN  segmented.SegmentedRaftLogWorker (SegmentedRaftLogWorker.java:getFromFuture(90)) - Timeout 10/~
org.apache.ratis.protocol.TimeoutIOException: Timeout 10s: WriteLog:34: (t:2, i:34), STATEMACHINELOGENTRY, client-6FEDB5C32964, cid=27-writeStateMachineData
	at org.apache.ratis.util.IOUtils.getFromFuture(IOUtils.java:87)
	at org.apache.ratis.server.raftlog.segmented.SegmentedRaftLogWorker$StateMachineDataPolicy.getFromFuture(SegmentedRaftLogWorker.java:87)
	at org.apache.ratis.server.raftlog.segmented.SegmentedRaftLogWorker$WriteLog.execute(SegmentedRaftLogWorker.java:477)
	at org.apache.ratis.server.raftlog.segmented.SegmentedRaftLogWorker.run(SegmentedRaftLogWorker.java:289)
	at java.lang.Thread.run(Thread.java:748)
Caused by: java.util.concurrent.TimeoutException
	at java.util.concurrent.CompletableFuture.timedGet(CompletableFuture.java:1771)
	at java.util.concurrent.CompletableFuture.get(CompletableFuture.java:1915)
	at org.apache.ratis.util.IOUtils.getFromFuture(IOUtils.java:79)
	... 4 more
2019-09-19 13:07:58,513 [java.util.concurrent.ThreadPoolExecutor$Worker@42bf2603[State = -1, empty queue]] WARN  server.GrpcLogAppender (GrpcLogAppender.java:timeoutAppendRequest(200)) - fc54a72e-a47f-4136-9ed5-ca4a72c32f0a@group-1C24252B61C3->cf73b394-96ec-4032-9230-43540487e60d-GrpcLogAppender: appendEntries Timeout, request=fc54a72e-a47f-4136-9ed5-ca4a72c32f0a->cf73b394-96ec-4032-9230-43540487e60d#80-t2, previous=(t:2, i:35), leaderCommit=31, initializing? false, entries: <empty>
2019-09-19 13:07:58,513 [java.util.concurrent.ThreadPoolExecutor$Worker@3523dec8[State = -1, empty queue]] WARN  server.GrpcLogAppender (GrpcLogAppender.java:timeoutAppendRequest(200)) - fc54a72e-a47f-4136-9ed5-ca4a72c32f0a@group-1C24252B61C3->b542397d-0a79-4b2f-bca4-8988c4585f57-GrpcLogAppender: appendEntries Timeout, request=fc54a72e-a47f-4136-9ed5-ca4a72c32f0a->b542397d-0a79-4b2f-bca4-8988c4585f57#80-t2, previous=(t:2, i:35), leaderCommit=31, initializing? false, entries: <empty>
2019-09-19 13:07:59,281 [grpc-default-executor-3] INFO  client.GrpcClientProtocolClient (GrpcClientProtocolClient.java:onNext(264)) - client-6FEDB5C32964->b542397d-0a79-4b2f-bca4-8988c4585f57: receive RaftClientReply:client-6FEDB5C32964->b542397d-0a79-4b2f-bca4-8988c4585f57@group-1C24252B61C3, cid=25, FAILED org.apache.ratis.protocol.NotLeaderException: Server b542397d-0a79-4b2f-bca4-8988c4585f57@group-1C24252B61C3 is not the leader fc54a72e-a47f-4136-9ed5-ca4a72c32f0a:192.168.34.13:35339, logIndex=0, commits[b542397d-0a79-4b2f-bca4-8988c4585f57:c31, fc54a72e-a47f-4136-9ed5-ca4a72c32f0a:c31, cf73b394-96ec-4032-9230-43540487e60d:c31]
 0.00% |█                                                                                                    |  0/1 Time: 0:02:05 0.00% |█                                                                                                    |  0/1 Time: 0:02:062019-09-19 13:08:01,014 [java.util.concurrent.ThreadPoolExecutor$Worker@3523dec8[State = -1, empty queue]] WARN  server.GrpcLogAppender (GrpcLogAppender.java:timeoutAppendRequest(200)) - fc54a72e-a47f-4136-9ed5-ca4a72c32f0a@group-1C24252B61C3->b542397d-0a79-4b2f-bca4-8988c4585f57-GrpcLogAppender: appendEntries Timeout, request=fc54a72e-a47f-4136-9ed5-ca4a72c32f0a->b542397d-0a79-4b2f-bca4-8988c4585f57#81-t2, previous=(t:2, i:35), leaderCommit=31, initializing? false, entries: <empty>
2019-09-19 13:08:01,014 [java.util.concurrent.ThreadPoolExecutor$Worker@42bf2603[State = -1, empty queue]] WARN  server.GrpcLogAppender (GrpcLogAppender.java:timeoutAppendRequest(200)) - fc54a72e-a47f-4136-9ed5-ca4a72c32f0a@group-1C24252B61C3->cf73b394-96ec-4032-9230-43540487e60d-GrpcLogAppender: appendEntries Timeout, request=fc54a72e-a47f-4136-9ed5-ca4a72c32f0a->cf73b394-96ec-4032-9230-43540487e60d#81-t2, previous=(t:2, i:35), leaderCommit=31, initializing? false, entries: <empty>
 0.00% |█                                                                                                    |  0/1 Time: 0:02:07 0.00% |█                                                                                                    |  0/1 Time: 0:02:08 0.00% |█                                                                                                    |  0/1 Time: 0:02:092019-09-19 13:08:03,515 [java.util.concurrent.ThreadPoolExecutor$Worker@3523dec8[State = -1, empty queue]] WARN  server.GrpcLogAppender (GrpcLogAppender.java:timeoutAppendRequest(200)) - fc54a72e-a47f-4136-9ed5-ca4a72c32f0a@group-1C24252B61C3->b542397d-0a79-4b2f-bca4-8988c4585f57-GrpcLogAppender: appendEntries Timeout, request=fc54a72e-a47f-4136-9ed5-ca4a72c32f0a->b542397d-0a79-4b2f-bca4-8988c4585f57#82-t2, previous=(t:2, i:35), leaderCommit=31, initializing? false, entries: <empty>
2019-09-19 13:08:03,515 [java.util.concurrent.ThreadPoolExecutor$Worker@42bf2603[State = -1, empty queue]] WARN  server.GrpcLogAppender (GrpcLogAppender.java:timeoutAppendRequest(200)) - fc54a72e-a47f-4136-9ed5-ca4a72c32f0a@group-1C24252B61C3->cf73b394-96ec-4032-9230-43540487e60d-GrpcLogAppender: appendEntries Timeout, request=fc54a72e-a47f-4136-9ed5-ca4a72c32f0a->cf73b394-96ec-4032-9230-43540487e60d#82-t2, previous=(t:2, i:35), leaderCommit=31, initializing? false, entries: <empty>
2019-09-19 13:08:04,318 [grpc-default-executor-1] INFO  client.GrpcClientProtocolClient (GrpcClientProtocolClient.java:onNext(264)) - client-6FEDB5C32964->b542397d-0a79-4b2f-bca4-8988c4585f57: receive RaftClientReply:client-6FEDB5C32964->b542397d-0a79-4b2f-bca4-8988c4585f57@group-1C24252B61C3, cid=25, FAILED org.apache.ratis.protocol.NotLeaderException: Server b542397d-0a79-4b2f-bca4-8988c4585f57@group-1C24252B61C3 is not the leader fc54a72e-a47f-4136-9ed5-ca4a72c32f0a:192.168.34.13:35339, logIndex=0, commits[b542397d-0a79-4b2f-bca4-8988c4585f57:c31, fc54a72e-a47f-4136-9ed5-ca4a72c32f0a:c31, cf73b394-96ec-4032-9230-43540487e60d:c31]
 0.00% |█                                                                                                    |  0/1 Time: 0:02:10 0.00% |█                                                                                                    |  0/1 Time: 0:02:112019-09-19 13:08:06,016 [java.util.concurrent.ThreadPoolExecutor$Worker@42bf2603[State = -1, empty queue]] WARN  server.GrpcLogAppender (GrpcLogAppender.java:timeoutAppendRequest(200)) - fc54a72e-a47f-4136-9ed5-ca4a72c32f0a@group-1C24252B61C3->cf73b394-96ec-4032-9230-43540487e60d-GrpcLogAppender: appendEntries Timeout, request=fc54a72e-a47f-4136-9ed5-ca4a72c32f0a->cf73b394-96ec-4032-9230-43540487e60d#83-t2, previous=(t:2, i:35), leaderCommit=31, initializing? false, entries: <empty>
2019-09-19 13:08:06,016 [java.util.concurrent.ThreadPoolExecutor$Worker@3523dec8[State = -1, empty queue]] WARN  server.GrpcLogAppender (GrpcLogAppender.java:timeoutAppendRequest(200)) - fc54a72e-a47f-4136-9ed5-ca4a72c32f0a@group-1C24252B61C3->b542397d-0a79-4b2f-bca4-8988c4585f57-GrpcLogAppender: appendEntries Timeout, request=fc54a72e-a47f-4136-9ed5-ca4a72c32f0a->b542397d-0a79-4b2f-bca4-8988c4585f57#83-t2, previous=(t:2, i:35), leaderCommit=31, initializing? false, entries: <empty>
 0.00% |█                                                                                                    |  0/1 Time: 0:02:12 0.00% |█                                                                                                    |  0/1 Time: 0:02:132019-09-19 13:08:07,991 [b542397d-0a79-4b2f-bca4-8988c4585f57@group-1C24252B61C3-SegmentedRaftLogWorker] WARN  segmented.SegmentedRaftLogWorker (SegmentedRaftLogWorker.java:getFromFuture(90)) - Timeout 11/~
org.apache.ratis.protocol.TimeoutIOException: Timeout 10s: WriteLog:32: (t:2, i:32), STATEMACHINELOGENTRY, client-6FEDB5C32964, cid=25-writeStateMachineData
	at org.apache.ratis.util.IOUtils.getFromFuture(IOUtils.java:87)
	at org.apache.ratis.server.raftlog.segmented.SegmentedRaftLogWorker$StateMachineDataPolicy.getFromFuture(SegmentedRaftLogWorker.java:87)
	at org.apache.ratis.server.raftlog.segmented.SegmentedRaftLogWorker$WriteLog.execute(SegmentedRaftLogWorker.java:477)
	at org.apache.ratis.server.raftlog.segmented.SegmentedRaftLogWorker.run(SegmentedRaftLogWorker.java:289)
	at java.lang.Thread.run(Thread.java:748)
Caused by: java.util.concurrent.TimeoutException
	at java.util.concurrent.CompletableFuture.timedGet(CompletableFuture.java:1771)
	at java.util.concurrent.CompletableFuture.get(CompletableFuture.java:1915)
	at org.apache.ratis.util.IOUtils.getFromFuture(IOUtils.java:79)
	... 4 more
2019-09-19 13:08:08,047 [org.apache.ratis.server.impl.LogAppender$AppenderDaemon$$Lambda$514/988605289@4141eb5f] ERROR ratis.XceiverServerRatis (XceiverServerRatis.java:triggerPipelineClose(568)) - pipeline Action CLOSE  on pipeline PipelineID=5d8695b9-2179-4aa7-881b-1c24252b61c3.Reason : fc54a72e-a47f-4136-9ed5-ca4a72c32f0a has not seen follower/s b542397d-0a79-4b2f-bca4-8988c4585f57 for 120090ms cf73b394-96ec-4032-9230-43540487e60d for 120093ms
2019-09-19 13:08:08,047 [org.apache.ratis.server.impl.LogAppender$AppenderDaemon$$Lambda$514/988605289@1db0698b] ERROR ratis.XceiverServerRatis (XceiverServerRatis.java:triggerPipelineClose(568)) - pipeline Action CLOSE  on pipeline PipelineID=5d8695b9-2179-4aa7-881b-1c24252b61c3.Reason : fc54a72e-a47f-4136-9ed5-ca4a72c32f0a has not seen follower/s b542397d-0a79-4b2f-bca4-8988c4585f57 for 120090ms cf73b394-96ec-4032-9230-43540487e60d for 120093ms
 0.00% |█                                                                                                    |  0/1 Time: 0:02:142019-09-19 13:08:08,380 [EventQueue-PipelineActionsForPipelineActionHandler] ERROR pipeline.PipelineActionHandler (PipelineActionHandler.java:onMessage(60)) - Received pipeline action CLOSE for Pipeline[ Id: 5d8695b9-2179-4aa7-881b-1c24252b61c3, Nodes: fc54a72e-a47f-4136-9ed5-ca4a72c32f0a{ip: 192.168.34.13, host: pr-hdds-2153-g484h-410672627, networkLocation: /default-rack, certSerialId: null}cf73b394-96ec-4032-9230-43540487e60d{ip: 192.168.34.13, host: pr-hdds-2153-g484h-410672627, networkLocation: /default-rack, certSerialId: null}b542397d-0a79-4b2f-bca4-8988c4585f57{ip: 192.168.34.13, host: pr-hdds-2153-g484h-410672627, networkLocation: /default-rack, certSerialId: null}, Type:RATIS, Factor:THREE, State:OPEN] from datanode fc54a72e-a47f-4136-9ed5-ca4a72c32f0a{ip: 192.168.34.13, host: pr-hdds-2153-g484h-410672627, networkLocation: /default-rack, certSerialId: null}. Reason : fc54a72e-a47f-4136-9ed5-ca4a72c32f0a has not seen follower/s b542397d-0a79-4b2f-bca4-8988c4585f57 for 120090ms cf73b394-96ec-4032-9230-43540487e60d for 120093ms
2019-09-19 13:08:08,380 [EventQueue-PipelineActionsForPipelineActionHandler] INFO  pipeline.SCMPipelineManager (SCMPipelineManager.java:finalizeAndDestroyPipeline(311)) - destroying pipeline:Pipeline[ Id: 5d8695b9-2179-4aa7-881b-1c24252b61c3, Nodes: fc54a72e-a47f-4136-9ed5-ca4a72c32f0a{ip: 192.168.34.13, host: pr-hdds-2153-g484h-410672627, networkLocation: /default-rack, certSerialId: null}cf73b394-96ec-4032-9230-43540487e60d{ip: 192.168.34.13, host: pr-hdds-2153-g484h-410672627, networkLocation: /default-rack, certSerialId: null}b542397d-0a79-4b2f-bca4-8988c4585f57{ip: 192.168.34.13, host: pr-hdds-2153-g484h-410672627, networkLocation: /default-rack, certSerialId: null}, Type:RATIS, Factor:THREE, State:OPEN]
2019-09-19 13:08:08,381 [EventQueue-PipelineActionsForPipelineActionHandler] INFO  pipeline.PipelineStateManager (PipelineStateManager.java:finalizePipeline(123)) - Pipeline Pipeline[ Id: 5d8695b9-2179-4aa7-881b-1c24252b61c3, Nodes: fc54a72e-a47f-4136-9ed5-ca4a72c32f0a{ip: 192.168.34.13, host: pr-hdds-2153-g484h-410672627, networkLocation: /default-rack, certSerialId: null}cf73b394-96ec-4032-9230-43540487e60d{ip: 192.168.34.13, host: pr-hdds-2153-g484h-410672627, networkLocation: /default-rack, certSerialId: null}b542397d-0a79-4b2f-bca4-8988c4585f57{ip: 192.168.34.13, host: pr-hdds-2153-g484h-410672627, networkLocation: /default-rack, certSerialId: null}, Type:RATIS, Factor:THREE, State:CLOSED] moved to CLOSED state
2019-09-19 13:08:08,383 [EventQueue-CloseContainerForCloseContainerEventHandler] INFO  container.CloseContainerEventHandler (CloseContainerEventHandler.java:onMessage(61)) - Close container Event triggered for container : #1
2019-09-19 13:08:08,387 [fc54a72e-a47f-4136-9ed5-ca4a72c32f0a@group-1C24252B61C3-SegmentedRaftLogWorker] WARN  segmented.SegmentedRaftLogWorker (SegmentedRaftLogWorker.java:getFromFuture(90)) - Timeout 11/~
org.apache.ratis.protocol.TimeoutIOException: Timeout 10s: WriteLog:34: (t:2, i:34), STATEMACHINELOGENTRY, client-6FEDB5C32964, cid=27-writeStateMachineData
	at org.apache.ratis.util.IOUtils.getFromFuture(IOUtils.java:87)
	at org.apache.ratis.server.raftlog.segmented.SegmentedRaftLogWorker$StateMachineDataPolicy.getFromFuture(SegmentedRaftLogWorker.java:87)
	at org.apache.ratis.server.raftlog.segmented.SegmentedRaftLogWorker$WriteLog.execute(SegmentedRaftLogWorker.java:477)
	at org.apache.ratis.server.raftlog.segmented.SegmentedRaftLogWorker.run(SegmentedRaftLogWorker.java:289)
	at java.lang.Thread.run(Thread.java:748)
Caused by: java.util.concurrent.TimeoutException
	at java.util.concurrent.CompletableFuture.timedGet(CompletableFuture.java:1771)
	at java.util.concurrent.CompletableFuture.get(CompletableFuture.java:1915)
	at org.apache.ratis.util.IOUtils.getFromFuture(IOUtils.java:79)
	... 4 more
2019-09-19 13:08:08,388 [EventQueue-CloseContainerForCloseContainerEventHandler] INFO  container.CloseContainerEventHandler (CloseContainerEventHandler.java:onMessage(61)) - Close container Event triggered for container : #2
2019-09-19 13:08:08,388 [cf73b394-96ec-4032-9230-43540487e60d@group-1C24252B61C3-SegmentedRaftLogWorker] WARN  segmented.SegmentedRaftLogWorker (SegmentedRaftLogWorker.java:getFromFuture(90)) - Timeout 11/~
org.apache.ratis.protocol.TimeoutIOException: Timeout 10s: WriteLog:34: (t:2, i:34), STATEMACHINELOGENTRY, client-6FEDB5C32964, cid=27-writeStateMachineData
	at org.apache.ratis.util.IOUtils.getFromFuture(IOUtils.java:87)
	at org.apache.ratis.server.raftlog.segmented.SegmentedRaftLogWorker$StateMachineDataPolicy.getFromFuture(SegmentedRaftLogWorker.java:87)
	at org.apache.ratis.server.raftlog.segmented.SegmentedRaftLogWorker$WriteLog.execute(SegmentedRaftLogWorker.java:477)
	at org.apache.ratis.server.raftlog.segmented.SegmentedRaftLogWorker.run(SegmentedRaftLogWorker.java:289)
	at java.lang.Thread.run(Thread.java:748)
Caused by: java.util.concurrent.TimeoutException
	at java.util.concurrent.CompletableFuture.timedGet(CompletableFuture.java:1771)
	at java.util.concurrent.CompletableFuture.get(CompletableFuture.java:1915)
	at org.apache.ratis.util.IOUtils.getFromFuture(IOUtils.java:79)
	... 4 more
2019-09-19 13:08:08,389 [EventQueue-CloseContainerForCloseContainerEventHandler] INFO  container.CloseContainerEventHandler (CloseContainerEventHandler.java:onMessage(61)) - Close container Event triggered for container : #3
2019-09-19 13:08:08,516 [java.util.concurrent.ThreadPoolExecutor$Worker@42bf2603[State = -1, empty queue]] WARN  server.GrpcLogAppender (GrpcLogAppender.java:timeoutAppendRequest(200)) - fc54a72e-a47f-4136-9ed5-ca4a72c32f0a@group-1C24252B61C3->cf73b394-96ec-4032-9230-43540487e60d-GrpcLogAppender: appendEntries Timeout, request=fc54a72e-a47f-4136-9ed5-ca4a72c32f0a->cf73b394-96ec-4032-9230-43540487e60d#84-t2, previous=(t:2, i:35), leaderCommit=31, initializing? false, entries: <empty>
2019-09-19 13:08:08,516 [java.util.concurrent.ThreadPoolExecutor$Worker@3523dec8[State = -1, empty queue]] WARN  server.GrpcLogAppender (GrpcLogAppender.java:timeoutAppendRequest(200)) - fc54a72e-a47f-4136-9ed5-ca4a72c32f0a@group-1C24252B61C3->b542397d-0a79-4b2f-bca4-8988c4585f57-GrpcLogAppender: appendEntries Timeout, request=fc54a72e-a47f-4136-9ed5-ca4a72c32f0a->b542397d-0a79-4b2f-bca4-8988c4585f57#84-t2, previous=(t:2, i:35), leaderCommit=31, initializing? false, entries: <empty>
2019-09-19 13:08:09,353 [grpc-default-executor-1] INFO  client.GrpcClientProtocolClient (GrpcClientProtocolClient.java:onNext(264)) - client-6FEDB5C32964->cf73b394-96ec-4032-9230-43540487e60d: receive RaftClientReply:client-6FEDB5C32964->cf73b394-96ec-4032-9230-43540487e60d@group-1C24252B61C3, cid=25, FAILED org.apache.ratis.protocol.NotLeaderException: Server cf73b394-96ec-4032-9230-43540487e60d@group-1C24252B61C3 is not the leader fc54a72e-a47f-4136-9ed5-ca4a72c32f0a:192.168.34.13:35339, logIndex=0, commits[cf73b394-96ec-4032-9230-43540487e60d:c31, fc54a72e-a47f-4136-9ed5-ca4a72c32f0a:c31, b542397d-0a79-4b2f-bca4-8988c4585f57:c31]
 0.00% |█                                                                                                    |  0/1 Time: 0:02:15 0.00% |█                                                                                                    |  0/1 Time: 0:02:162019-09-19 13:08:10,400 [org.apache.ratis.server.impl.LogAppender$AppenderDaemon$$Lambda$514/988605289@4141eb5f] ERROR ratis.XceiverServerRatis (XceiverServerRatis.java:triggerPipelineClose(568)) - pipeline Action CLOSE  on pipeline PipelineID=5d8695b9-2179-4aa7-881b-1c24252b61c3.Reason : fc54a72e-a47f-4136-9ed5-ca4a72c32f0a has not seen follower/s b542397d-0a79-4b2f-bca4-8988c4585f57 for 122458ms cf73b394-96ec-4032-9230-43540487e60d for 122458ms
2019-09-19 13:08:10,400 [org.apache.ratis.server.impl.LogAppender$AppenderDaemon$$Lambda$514/988605289@1db0698b] ERROR ratis.XceiverServerRatis (XceiverServerRatis.java:triggerPipelineClose(568)) - pipeline Action CLOSE  on pipeline PipelineID=5d8695b9-2179-4aa7-881b-1c24252b61c3.Reason : fc54a72e-a47f-4136-9ed5-ca4a72c32f0a has not seen follower/s b542397d-0a79-4b2f-bca4-8988c4585f57 for 122458ms cf73b394-96ec-4032-9230-43540487e60d for 122458ms
2019-09-19 13:08:11,017 [java.util.concurrent.ThreadPoolExecutor$Worker@3523dec8[State = -1, empty queue]] WARN  server.GrpcLogAppender (GrpcLogAppender.java:timeoutAppendRequest(200)) - fc54a72e-a47f-4136-9ed5-ca4a72c32f0a@group-1C24252B61C3->b542397d-0a79-4b2f-bca4-8988c4585f57-GrpcLogAppender: appendEntries Timeout, request=fc54a72e-a47f-4136-9ed5-ca4a72c32f0a->b542397d-0a79-4b2f-bca4-8988c4585f57#85-t2, previous=(t:2, i:35), leaderCommit=31, initializing? false, entries: <empty>
2019-09-19 13:08:11,017 [java.util.concurrent.ThreadPoolExecutor$Worker@42bf2603[State = -1, empty queue]] WARN  server.GrpcLogAppender (GrpcLogAppender.java:timeoutAppendRequest(200)) - fc54a72e-a47f-4136-9ed5-ca4a72c32f0a@group-1C24252B61C3->cf73b394-96ec-4032-9230-43540487e60d-GrpcLogAppender: appendEntries Timeout, request=fc54a72e-a47f-4136-9ed5-ca4a72c32f0a->cf73b394-96ec-4032-9230-43540487e60d#85-t2, previous=(t:2, i:35), leaderCommit=31, initializing? false, entries: <empty>
 0.00% |█                                                                                                    |  0/1 Time: 0:02:172019-09-19 13:08:11,396 [EventQueue-PipelineActionsForPipelineActionHandler] ERROR pipeline.PipelineActionHandler (PipelineActionHandler.java:onMessage(60)) - Received pipeline action CLOSE for Pipeline[ Id: 5d8695b9-2179-4aa7-881b-1c24252b61c3, Nodes: fc54a72e-a47f-4136-9ed5-ca4a72c32f0a{ip: 192.168.34.13, host: pr-hdds-2153-g484h-410672627, networkLocation: /default-rack, certSerialId: null}cf73b394-96ec-4032-9230-43540487e60d{ip: 192.168.34.13, host: pr-hdds-2153-g484h-410672627, networkLocation: /default-rack, certSerialId: null}b542397d-0a79-4b2f-bca4-8988c4585f57{ip: 192.168.34.13, host: pr-hdds-2153-g484h-410672627, networkLocation: /default-rack, certSerialId: null}, Type:RATIS, Factor:THREE, State:CLOSED] from datanode fc54a72e-a47f-4136-9ed5-ca4a72c32f0a{ip: 192.168.34.13, host: pr-hdds-2153-g484h-410672627, networkLocation: /default-rack, certSerialId: null}. Reason : fc54a72e-a47f-4136-9ed5-ca4a72c32f0a has not seen follower/s b542397d-0a79-4b2f-bca4-8988c4585f57 for 122458ms cf73b394-96ec-4032-9230-43540487e60d for 122458ms
2019-09-19 13:08:11,397 [EventQueue-PipelineActionsForPipelineActionHandler] INFO  pipeline.SCMPipelineManager (SCMPipelineManager.java:finalizeAndDestroyPipeline(311)) - destroying pipeline:Pipeline[ Id: 5d8695b9-2179-4aa7-881b-1c24252b61c3, Nodes: fc54a72e-a47f-4136-9ed5-ca4a72c32f0a{ip: 192.168.34.13, host: pr-hdds-2153-g484h-410672627, networkLocation: /default-rack, certSerialId: null}cf73b394-96ec-4032-9230-43540487e60d{ip: 192.168.34.13, host: pr-hdds-2153-g484h-410672627, networkLocation: /default-rack, certSerialId: null}b542397d-0a79-4b2f-bca4-8988c4585f57{ip: 192.168.34.13, host: pr-hdds-2153-g484h-410672627, networkLocation: /default-rack, certSerialId: null}, Type:RATIS, Factor:THREE, State:CLOSED]
 0.00% |█                                                                                                    |  0/1 Time: 0:02:182019-09-19 13:08:12,901 [org.apache.ratis.server.impl.LogAppender$AppenderDaemon$$Lambda$514/988605289@1db0698b] ERROR ratis.XceiverServerRatis (XceiverServerRatis.java:triggerPipelineClose(568)) - pipeline Action CLOSE  on pipeline PipelineID=5d8695b9-2179-4aa7-881b-1c24252b61c3.Reason : fc54a72e-a47f-4136-9ed5-ca4a72c32f0a has not seen follower/s b542397d-0a79-4b2f-bca4-8988c4585f57 for 124958ms cf73b394-96ec-4032-9230-43540487e60d for 124958ms
2019-09-19 13:08:12,901 [org.apache.ratis.server.impl.LogAppender$AppenderDaemon$$Lambda$514/988605289@4141eb5f] ERROR ratis.XceiverServerRatis (XceiverServerRatis.java:triggerPipelineClose(568)) - pipeline Action CLOSE  on pipeline PipelineID=5d8695b9-2179-4aa7-881b-1c24252b61c3.Reason : fc54a72e-a47f-4136-9ed5-ca4a72c32f0a has not seen follower/s b542397d-0a79-4b2f-bca4-8988c4585f57 for 124958ms cf73b394-96ec-4032-9230-43540487e60d for 124959ms
 0.00% |█                                                                                                    |  0/1 Time: 0:02:192019-09-19 13:08:13,397 [EventQueue-PipelineActionsForPipelineActionHandler] ERROR pipeline.PipelineActionHandler (PipelineActionHandler.java:onMessage(60)) - Received pipeline action CLOSE for Pipeline[ Id: 5d8695b9-2179-4aa7-881b-1c24252b61c3, Nodes: fc54a72e-a47f-4136-9ed5-ca4a72c32f0a{ip: 192.168.34.13, host: pr-hdds-2153-g484h-410672627, networkLocation: /default-rack, certSerialId: null}cf73b394-96ec-4032-9230-43540487e60d{ip: 192.168.34.13, host: pr-hdds-2153-g484h-410672627, networkLocation: /default-rack, certSerialId: null}b542397d-0a79-4b2f-bca4-8988c4585f57{ip: 192.168.34.13, host: pr-hdds-2153-g484h-410672627, networkLocation: /default-rack, certSerialId: null}, Type:RATIS, Factor:THREE, State:CLOSED] from datanode fc54a72e-a47f-4136-9ed5-ca4a72c32f0a{ip: 192.168.34.13, host: pr-hdds-2153-g484h-410672627, networkLocation: /default-rack, certSerialId: null}. Reason : fc54a72e-a47f-4136-9ed5-ca4a72c32f0a has not seen follower/s b542397d-0a79-4b2f-bca4-8988c4585f57 for 124958ms cf73b394-96ec-4032-9230-43540487e60d for 124958ms
2019-09-19 13:08:13,397 [EventQueue-PipelineActionsForPipelineActionHandler] INFO  pipeline.SCMPipelineManager (SCMPipelineManager.java:finalizeAndDestroyPipeline(311)) - destroying pipeline:Pipeline[ Id: 5d8695b9-2179-4aa7-881b-1c24252b61c3, Nodes: fc54a72e-a47f-4136-9ed5-ca4a72c32f0a{ip: 192.168.34.13, host: pr-hdds-2153-g484h-410672627, networkLocation: /default-rack, certSerialId: null}cf73b394-96ec-4032-9230-43540487e60d{ip: 192.168.34.13, host: pr-hdds-2153-g484h-410672627, networkLocation: /default-rack, certSerialId: null}b542397d-0a79-4b2f-bca4-8988c4585f57{ip: 192.168.34.13, host: pr-hdds-2153-g484h-410672627, networkLocation: /default-rack, certSerialId: null}, Type:RATIS, Factor:THREE, State:CLOSED]
2019-09-19 13:08:13,400 [java.util.concurrent.ThreadPoolExecutor$Worker@42bf2603[State = -1, empty queue]] WARN  server.GrpcLogAppender (GrpcLogAppender.java:timeoutAppendRequest(200)) - fc54a72e-a47f-4136-9ed5-ca4a72c32f0a@group-1C24252B61C3->cf73b394-96ec-4032-9230-43540487e60d-GrpcLogAppender: appendEntries Timeout, request=fc54a72e-a47f-4136-9ed5-ca4a72c32f0a->cf73b394-96ec-4032-9230-43540487e60d#86-t2, previous=(t:2, i:35), leaderCommit=31, initializing? false, entries: size=1, first=(t:2, i:36), STATEMACHINELOGENTRY, client-8B712B982BBC, cid=0
2019-09-19 13:08:13,400 [java.util.concurrent.ThreadPoolExecutor$Worker@3523dec8[State = -1, empty queue]] WARN  server.GrpcLogAppender (GrpcLogAppender.java:timeoutAppendRequest(200)) - fc54a72e-a47f-4136-9ed5-ca4a72c32f0a@group-1C24252B61C3->b542397d-0a79-4b2f-bca4-8988c4585f57-GrpcLogAppender: appendEntries Timeout, request=fc54a72e-a47f-4136-9ed5-ca4a72c32f0a->b542397d-0a79-4b2f-bca4-8988c4585f57#86-t2, previous=(t:2, i:35), leaderCommit=31, initializing? false, entries: size=1, first=(t:2, i:36), STATEMACHINELOGENTRY, client-8B712B982BBC, cid=0
 0.00% |█                                                                                                    |  0/1 Time: 0:02:202019-09-19 13:08:14,387 [grpc-default-executor-1] INFO  client.GrpcClientProtocolClient (GrpcClientProtocolClient.java:onNext(264)) - client-6FEDB5C32964->cf73b394-96ec-4032-9230-43540487e60d: receive RaftClientReply:client-6FEDB5C32964->cf73b394-96ec-4032-9230-43540487e60d@group-1C24252B61C3, cid=25, FAILED org.apache.ratis.protocol.NotLeaderException: Server cf73b394-96ec-4032-9230-43540487e60d@group-1C24252B61C3 is not the leader fc54a72e-a47f-4136-9ed5-ca4a72c32f0a:192.168.34.13:35339, logIndex=0, commits[cf73b394-96ec-4032-9230-43540487e60d:c31, fc54a72e-a47f-4136-9ed5-ca4a72c32f0a:c31, b542397d-0a79-4b2f-bca4-8988c4585f57:c31]
 0.00% |█                                                                                                    |  0/1 Time: 0:02:212019-09-19 13:08:15,401 [org.apache.ratis.server.impl.LogAppender$AppenderDaemon$$Lambda$514/988605289@4141eb5f] ERROR ratis.XceiverServerRatis (XceiverServerRatis.java:triggerPipelineClose(568)) - pipeline Action CLOSE  on pipeline PipelineID=5d8695b9-2179-4aa7-881b-1c24252b61c3.Reason : fc54a72e-a47f-4136-9ed5-ca4a72c32f0a has not seen follower/s b542397d-0a79-4b2f-bca4-8988c4585f57 for 127459ms cf73b394-96ec-4032-9230-43540487e60d for 127459ms
2019-09-19 13:08:15,401 [org.apache.ratis.server.impl.LogAppender$AppenderDaemon$$Lambda$514/988605289@1db0698b] ERROR ratis.XceiverServerRatis (XceiverServerRatis.java:triggerPipelineClose(568)) - pipeline Action CLOSE  on pipeline PipelineID=5d8695b9-2179-4aa7-881b-1c24252b61c3.Reason : fc54a72e-a47f-4136-9ed5-ca4a72c32f0a has not seen follower/s b542397d-0a79-4b2f-bca4-8988c4585f57 for 127459ms cf73b394-96ec-4032-9230-43540487e60d for 127459ms
2019-09-19 13:08:15,901 [java.util.concurrent.ThreadPoolExecutor$Worker@42bf2603[State = -1, empty queue]] WARN  server.GrpcLogAppender (GrpcLogAppender.java:timeoutAppendRequest(200)) - fc54a72e-a47f-4136-9ed5-ca4a72c32f0a@group-1C24252B61C3->cf73b394-96ec-4032-9230-43540487e60d-GrpcLogAppender: appendEntries Timeout, request=fc54a72e-a47f-4136-9ed5-ca4a72c32f0a->cf73b394-96ec-4032-9230-43540487e60d#87-t2, previous=(t:2, i:36), leaderCommit=31, initializing? false, entries: <empty>
2019-09-19 13:08:15,901 [java.util.concurrent.ThreadPoolExecutor$Worker@3523dec8[State = -1, empty queue]] WARN  server.GrpcLogAppender (GrpcLogAppender.java:timeoutAppendRequest(200)) - fc54a72e-a47f-4136-9ed5-ca4a72c32f0a@group-1C24252B61C3->b542397d-0a79-4b2f-bca4-8988c4585f57-GrpcLogAppender: appendEntries Timeout, request=fc54a72e-a47f-4136-9ed5-ca4a72c32f0a->b542397d-0a79-4b2f-bca4-8988c4585f57#87-t2, previous=(t:2, i:36), leaderCommit=31, initializing? false, entries: <empty>
 0.00% |█                                                                                                    |  0/1 Time: 0:02:222019-09-19 13:08:16,397 [EventQueue-PipelineActionsForPipelineActionHandler] ERROR pipeline.PipelineActionHandler (PipelineActionHandler.java:onMessage(60)) - Received pipeline action CLOSE for Pipeline[ Id: 5d8695b9-2179-4aa7-881b-1c24252b61c3, Nodes: fc54a72e-a47f-4136-9ed5-ca4a72c32f0a{ip: 192.168.34.13, host: pr-hdds-2153-g484h-410672627, networkLocation: /default-rack, certSerialId: null}cf73b394-96ec-4032-9230-43540487e60d{ip: 192.168.34.13, host: pr-hdds-2153-g484h-410672627, networkLocation: /default-rack, certSerialId: null}b542397d-0a79-4b2f-bca4-8988c4585f57{ip: 192.168.34.13, host: pr-hdds-2153-g484h-410672627, networkLocation: /default-rack, certSerialId: null}, Type:RATIS, Factor:THREE, State:CLOSED] from datanode fc54a72e-a47f-4136-9ed5-ca4a72c32f0a{ip: 192.168.34.13, host: pr-hdds-2153-g484h-410672627, networkLocation: /default-rack, certSerialId: null}. Reason : fc54a72e-a47f-4136-9ed5-ca4a72c32f0a has not seen follower/s b542397d-0a79-4b2f-bca4-8988c4585f57 for 127459ms cf73b394-96ec-4032-9230-43540487e60d for 127459ms
2019-09-19 13:08:16,397 [EventQueue-PipelineActionsForPipelineActionHandler] INFO  pipeline.SCMPipelineManager (SCMPipelineManager.java:finalizeAndDestroyPipeline(311)) - destroying pipeline:Pipeline[ Id: 5d8695b9-2179-4aa7-881b-1c24252b61c3, Nodes: fc54a72e-a47f-4136-9ed5-ca4a72c32f0a{ip: 192.168.34.13, host: pr-hdds-2153-g484h-410672627, networkLocation: /default-rack, certSerialId: null}cf73b394-96ec-4032-9230-43540487e60d{ip: 192.168.34.13, host: pr-hdds-2153-g484h-410672627, networkLocation: /default-rack, certSerialId: null}b542397d-0a79-4b2f-bca4-8988c4585f57{ip: 192.168.34.13, host: pr-hdds-2153-g484h-410672627, networkLocation: /default-rack, certSerialId: null}, Type:RATIS, Factor:THREE, State:CLOSED]
 0.00% |█                                                                                                    |  0/1 Time: 0:02:232019-09-19 13:08:17,904 [org.apache.ratis.server.impl.LogAppender$AppenderDaemon$$Lambda$514/988605289@1db0698b] ERROR ratis.XceiverServerRatis (XceiverServerRatis.java:triggerPipelineClose(568)) - pipeline Action CLOSE  on pipeline PipelineID=5d8695b9-2179-4aa7-881b-1c24252b61c3.Reason : fc54a72e-a47f-4136-9ed5-ca4a72c32f0a has not seen follower/s b542397d-0a79-4b2f-bca4-8988c4585f57 for 129961ms cf73b394-96ec-4032-9230-43540487e60d for 129961ms
2019-09-19 13:08:17,904 [org.apache.ratis.server.impl.LogAppender$AppenderDaemon$$Lambda$514/988605289@4141eb5f] ERROR ratis.XceiverServerRatis (XceiverServerRatis.java:triggerPipelineClose(568)) - pipeline Action CLOSE  on pipeline PipelineID=5d8695b9-2179-4aa7-881b-1c24252b61c3.Reason : fc54a72e-a47f-4136-9ed5-ca4a72c32f0a has not seen follower/s b542397d-0a79-4b2f-bca4-8988c4585f57 for 129961ms cf73b394-96ec-4032-9230-43540487e60d for 129961ms
2019-09-19 13:08:17,992 [b542397d-0a79-4b2f-bca4-8988c4585f57@group-1C24252B61C3-SegmentedRaftLogWorker] WARN  segmented.SegmentedRaftLogWorker (SegmentedRaftLogWorker.java:getFromFuture(90)) - Timeout 12/~
org.apache.ratis.protocol.TimeoutIOException: Timeout 10s: WriteLog:32: (t:2, i:32), STATEMACHINELOGENTRY, client-6FEDB5C32964, cid=25-writeStateMachineData
	at org.apache.ratis.util.IOUtils.getFromFuture(IOUtils.java:87)
	at org.apache.ratis.server.raftlog.segmented.SegmentedRaftLogWorker$StateMachineDataPolicy.getFromFuture(SegmentedRaftLogWorker.java:87)
	at org.apache.ratis.server.raftlog.segmented.SegmentedRaftLogWorker$WriteLog.execute(SegmentedRaftLogWorker.java:477)
	at org.apache.ratis.server.raftlog.segmented.SegmentedRaftLogWorker.run(SegmentedRaftLogWorker.java:289)
	at java.lang.Thread.run(Thread.java:748)
Caused by: java.util.concurrent.TimeoutException
	at java.util.concurrent.CompletableFuture.timedGet(CompletableFuture.java:1771)
	at java.util.concurrent.CompletableFuture.get(CompletableFuture.java:1915)
	at org.apache.ratis.util.IOUtils.getFromFuture(IOUtils.java:79)
	... 4 more
 0.00% |█                                                                                                    |  0/1 Time: 0:02:242019-09-19 13:08:18,388 [fc54a72e-a47f-4136-9ed5-ca4a72c32f0a@group-1C24252B61C3-SegmentedRaftLogWorker] WARN  segmented.SegmentedRaftLogWorker (SegmentedRaftLogWorker.java:getFromFuture(90)) - Timeout 12/~
org.apache.ratis.protocol.TimeoutIOException: Timeout 10s: WriteLog:34: (t:2, i:34), STATEMACHINELOGENTRY, client-6FEDB5C32964, cid=27-writeStateMachineData
	at org.apache.ratis.util.IOUtils.getFromFuture(IOUtils.java:87)
	at org.apache.ratis.server.raftlog.segmented.SegmentedRaftLogWorker$StateMachineDataPolicy.getFromFuture(SegmentedRaftLogWorker.java:87)
	at org.apache.ratis.server.raftlog.segmented.SegmentedRaftLogWorker$WriteLog.execute(SegmentedRaftLogWorker.java:477)
	at org.apache.ratis.server.raftlog.segmented.SegmentedRaftLogWorker.run(SegmentedRaftLogWorker.java:289)
	at java.lang.Thread.run(Thread.java:748)
Caused by: java.util.concurrent.TimeoutException
	at java.util.concurrent.CompletableFuture.timedGet(CompletableFuture.java:1771)
	at java.util.concurrent.CompletableFuture.get(CompletableFuture.java:1915)
	at org.apache.ratis.util.IOUtils.getFromFuture(IOUtils.java:79)
	... 4 more
2019-09-19 13:08:18,389 [cf73b394-96ec-4032-9230-43540487e60d@group-1C24252B61C3-SegmentedRaftLogWorker] WARN  segmented.SegmentedRaftLogWorker (SegmentedRaftLogWorker.java:getFromFuture(90)) - Timeout 12/~
org.apache.ratis.protocol.TimeoutIOException: Timeout 10s: WriteLog:34: (t:2, i:34), STATEMACHINELOGENTRY, client-6FEDB5C32964, cid=27-writeStateMachineData
	at org.apache.ratis.util.IOUtils.getFromFuture(IOUtils.java:87)
	at org.apache.ratis.server.raftlog.segmented.SegmentedRaftLogWorker$StateMachineDataPolicy.getFromFuture(SegmentedRaftLogWorker.java:87)
	at org.apache.ratis.server.raftlog.segmented.SegmentedRaftLogWorker$WriteLog.execute(SegmentedRaftLogWorker.java:477)
	at org.apache.ratis.server.raftlog.segmented.SegmentedRaftLogWorker.run(SegmentedRaftLogWorker.java:289)
	at java.lang.Thread.run(Thread.java:748)
Caused by: java.util.concurrent.TimeoutException
	at java.util.concurrent.CompletableFuture.timedGet(CompletableFuture.java:1771)
	at java.util.concurrent.CompletableFuture.get(CompletableFuture.java:1915)
	at org.apache.ratis.util.IOUtils.getFromFuture(IOUtils.java:79)
	... 4 more
2019-09-19 13:08:18,398 [EventQueue-PipelineActionsForPipelineActionHandler] ERROR pipeline.PipelineActionHandler (PipelineActionHandler.java:onMessage(60)) - Received pipeline action CLOSE for Pipeline[ Id: 5d8695b9-2179-4aa7-881b-1c24252b61c3, Nodes: fc54a72e-a47f-4136-9ed5-ca4a72c32f0a{ip: 192.168.34.13, host: pr-hdds-2153-g484h-410672627, networkLocation: /default-rack, certSerialId: null}cf73b394-96ec-4032-9230-43540487e60d{ip: 192.168.34.13, host: pr-hdds-2153-g484h-410672627, networkLocation: /default-rack, certSerialId: null}b542397d-0a79-4b2f-bca4-8988c4585f57{ip: 192.168.34.13, host: pr-hdds-2153-g484h-410672627, networkLocation: /default-rack, certSerialId: null}, Type:RATIS, Factor:THREE, State:CLOSED] from datanode fc54a72e-a47f-4136-9ed5-ca4a72c32f0a{ip: 192.168.34.13, host: pr-hdds-2153-g484h-410672627, networkLocation: /default-rack, certSerialId: null}. Reason : fc54a72e-a47f-4136-9ed5-ca4a72c32f0a has not seen follower/s b542397d-0a79-4b2f-bca4-8988c4585f57 for 129961ms cf73b394-96ec-4032-9230-43540487e60d for 129961ms
2019-09-19 13:08:18,398 [EventQueue-PipelineActionsForPipelineActionHandler] INFO  pipeline.SCMPipelineManager (SCMPipelineManager.java:finalizeAndDestroyPipeline(311)) - destroying pipeline:Pipeline[ Id: 5d8695b9-2179-4aa7-881b-1c24252b61c3, Nodes: fc54a72e-a47f-4136-9ed5-ca4a72c32f0a{ip: 192.168.34.13, host: pr-hdds-2153-g484h-410672627, networkLocation: /default-rack, certSerialId: null}cf73b394-96ec-4032-9230-43540487e60d{ip: 192.168.34.13, host: pr-hdds-2153-g484h-410672627, networkLocation: /default-rack, certSerialId: null}b542397d-0a79-4b2f-bca4-8988c4585f57{ip: 192.168.34.13, host: pr-hdds-2153-g484h-410672627, networkLocation: /default-rack, certSerialId: null}, Type:RATIS, Factor:THREE, State:CLOSED]
2019-09-19 13:08:18,401 [java.util.concurrent.ThreadPoolExecutor$Worker@42bf2603[State = -1, empty queue]] WARN  server.GrpcLogAppender (GrpcLogAppender.java:timeoutAppendRequest(200)) - fc54a72e-a47f-4136-9ed5-ca4a72c32f0a@group-1C24252B61C3->cf73b394-96ec-4032-9230-43540487e60d-GrpcLogAppender: appendEntries Timeout, request=fc54a72e-a47f-4136-9ed5-ca4a72c32f0a->cf73b394-96ec-4032-9230-43540487e60d#88-t2, previous=(t:2, i:36), leaderCommit=31, initializing? false, entries: <empty>
2019-09-19 13:08:18,403 [java.util.concurrent.ThreadPoolExecutor$Worker@3523dec8[State = -1, empty queue]] WARN  server.GrpcLogAppender (GrpcLogAppender.java:timeoutAppendRequest(200)) - fc54a72e-a47f-4136-9ed5-ca4a72c32f0a@group-1C24252B61C3->b542397d-0a79-4b2f-bca4-8988c4585f57-GrpcLogAppender: appendEntries Timeout, request=fc54a72e-a47f-4136-9ed5-ca4a72c32f0a->b542397d-0a79-4b2f-bca4-8988c4585f57#88-t2, previous=(t:2, i:36), leaderCommit=31, initializing? false, entries: <empty>
 0.00% |█                                                                                                    |  0/1 Time: 0:02:252019-09-19 13:08:19,429 [grpc-default-executor-1] INFO  client.GrpcClientProtocolClient (GrpcClientProtocolClient.java:onNext(264)) - client-6FEDB5C32964->cf73b394-96ec-4032-9230-43540487e60d: receive RaftClientReply:client-6FEDB5C32964->cf73b394-96ec-4032-9230-43540487e60d@group-1C24252B61C3, cid=25, FAILED org.apache.ratis.protocol.NotLeaderException: Server cf73b394-96ec-4032-9230-43540487e60d@group-1C24252B61C3 is not the leader fc54a72e-a47f-4136-9ed5-ca4a72c32f0a:192.168.34.13:35339, logIndex=0, commits[cf73b394-96ec-4032-9230-43540487e60d:c31, fc54a72e-a47f-4136-9ed5-ca4a72c32f0a:c31, b542397d-0a79-4b2f-bca4-8988c4585f57:c31]
 0.00% |█                                                                                                    |  0/1 Time: 0:02:262019-09-19 13:08:20,404 [org.apache.ratis.server.impl.LogAppender$AppenderDaemon$$Lambda$514/988605289@1db0698b] ERROR ratis.XceiverServerRatis (XceiverServerRatis.java:triggerPipelineClose(568)) - pipeline Action CLOSE  on pipeline PipelineID=5d8695b9-2179-4aa7-881b-1c24252b61c3.Reason : fc54a72e-a47f-4136-9ed5-ca4a72c32f0a has not seen follower/s b542397d-0a79-4b2f-bca4-8988c4585f57 for 132462ms cf73b394-96ec-4032-9230-43540487e60d for 132462ms
2019-09-19 13:08:20,404 [org.apache.ratis.server.impl.LogAppender$AppenderDaemon$$Lambda$514/988605289@4141eb5f] ERROR ratis.XceiverServerRatis (XceiverServerRatis.java:triggerPipelineClose(568)) - pipeline Action CLOSE  on pipeline PipelineID=5d8695b9-2179-4aa7-881b-1c24252b61c3.Reason : fc54a72e-a47f-4136-9ed5-ca4a72c32f0a has not seen follower/s b542397d-0a79-4b2f-bca4-8988c4585f57 for 132462ms cf73b394-96ec-4032-9230-43540487e60d for 132462ms
2019-09-19 13:08:20,903 [java.util.concurrent.ThreadPoolExecutor$Worker@3523dec8[State = -1, empty queue]] WARN  server.GrpcLogAppender (GrpcLogAppender.java:timeoutAppendRequest(200)) - fc54a72e-a47f-4136-9ed5-ca4a72c32f0a@group-1C24252B61C3->b542397d-0a79-4b2f-bca4-8988c4585f57-GrpcLogAppender: appendEntries Timeout, request=fc54a72e-a47f-4136-9ed5-ca4a72c32f0a->b542397d-0a79-4b2f-bca4-8988c4585f57#89-t2, previous=(t:2, i:36), leaderCommit=31, initializing? false, entries: <empty>
2019-09-19 13:08:20,903 [java.util.concurrent.ThreadPoolExecutor$Worker@42bf2603[State = -1, empty queue]] WARN  server.GrpcLogAppender (GrpcLogAppender.java:timeoutAppendRequest(200)) - fc54a72e-a47f-4136-9ed5-ca4a72c32f0a@group-1C24252B61C3->cf73b394-96ec-4032-9230-43540487e60d-GrpcLogAppender: appendEntries Timeout, request=fc54a72e-a47f-4136-9ed5-ca4a72c32f0a->cf73b394-96ec-4032-9230-43540487e60d#89-t2, previous=(t:2, i:36), leaderCommit=31, initializing? false, entries: <empty>
 0.00% |█                                                                                                    |  0/1 Time: 0:02:272019-09-19 13:08:21,401 [EventQueue-PipelineActionsForPipelineActionHandler] ERROR pipeline.PipelineActionHandler (PipelineActionHandler.java:onMessage(60)) - Received pipeline action CLOSE for Pipeline[ Id: 5d8695b9-2179-4aa7-881b-1c24252b61c3, Nodes: fc54a72e-a47f-4136-9ed5-ca4a72c32f0a{ip: 192.168.34.13, host: pr-hdds-2153-g484h-410672627, networkLocation: /default-rack, certSerialId: null}cf73b394-96ec-4032-9230-43540487e60d{ip: 192.168.34.13, host: pr-hdds-2153-g484h-410672627, networkLocation: /default-rack, certSerialId: null}b542397d-0a79-4b2f-bca4-8988c4585f57{ip: 192.168.34.13, host: pr-hdds-2153-g484h-410672627, networkLocation: /default-rack, certSerialId: null}, Type:RATIS, Factor:THREE, State:CLOSED] from datanode fc54a72e-a47f-4136-9ed5-ca4a72c32f0a{ip: 192.168.34.13, host: pr-hdds-2153-g484h-410672627, networkLocation: /default-rack, certSerialId: null}. Reason : fc54a72e-a47f-4136-9ed5-ca4a72c32f0a has not seen follower/s b542397d-0a79-4b2f-bca4-8988c4585f57 for 132462ms cf73b394-96ec-4032-9230-43540487e60d for 132462ms
2019-09-19 13:08:21,402 [EventQueue-PipelineActionsForPipelineActionHandler] INFO  pipeline.SCMPipelineManager (SCMPipelineManager.java:finalizeAndDestroyPipeline(311)) - destroying pipeline:Pipeline[ Id: 5d8695b9-2179-4aa7-881b-1c24252b61c3, Nodes: fc54a72e-a47f-4136-9ed5-ca4a72c32f0a{ip: 192.168.34.13, host: pr-hdds-2153-g484h-410672627, networkLocation: /default-rack, certSerialId: null}cf73b394-96ec-4032-9230-43540487e60d{ip: 192.168.34.13, host: pr-hdds-2153-g484h-410672627, networkLocation: /default-rack, certSerialId: null}b542397d-0a79-4b2f-bca4-8988c4585f57{ip: 192.168.34.13, host: pr-hdds-2153-g484h-410672627, networkLocation: /default-rack, certSerialId: null}, Type:RATIS, Factor:THREE, State:CLOSED]
 0.00% |█                                                                                                    |  0/1 Time: 0:02:282019-09-19 13:08:22,907 [org.apache.ratis.server.impl.LogAppender$AppenderDaemon$$Lambda$514/988605289@1db0698b] ERROR ratis.XceiverServerRatis (XceiverServerRatis.java:triggerPipelineClose(568)) - pipeline Action CLOSE  on pipeline PipelineID=5d8695b9-2179-4aa7-881b-1c24252b61c3.Reason : fc54a72e-a47f-4136-9ed5-ca4a72c32f0a has not seen follower/s b542397d-0a79-4b2f-bca4-8988c4585f57 for 134964ms cf73b394-96ec-4032-9230-43540487e60d for 134964ms
2019-09-19 13:08:22,907 [org.apache.ratis.server.impl.LogAppender$AppenderDaemon$$Lambda$514/988605289@4141eb5f] ERROR ratis.XceiverServerRatis (XceiverServerRatis.java:triggerPipelineClose(568)) - pipeline Action CLOSE  on pipeline PipelineID=5d8695b9-2179-4aa7-881b-1c24252b61c3.Reason : fc54a72e-a47f-4136-9ed5-ca4a72c32f0a has not seen follower/s b542397d-0a79-4b2f-bca4-8988c4585f57 for 134964ms cf73b394-96ec-4032-9230-43540487e60d for 134964ms
 0.00% |█                                                                                                    |  0/1 Time: 0:02:292019-09-19 13:08:23,399 [EventQueue-PipelineActionsForPipelineActionHandler] ERROR pipeline.PipelineActionHandler (PipelineActionHandler.java:onMessage(60)) - Received pipeline action CLOSE for Pipeline[ Id: 5d8695b9-2179-4aa7-881b-1c24252b61c3, Nodes: fc54a72e-a47f-4136-9ed5-ca4a72c32f0a{ip: 192.168.34.13, host: pr-hdds-2153-g484h-410672627, networkLocation: /default-rack, certSerialId: null}cf73b394-96ec-4032-9230-43540487e60d{ip: 192.168.34.13, host: pr-hdds-2153-g484h-410672627, networkLocation: /default-rack, certSerialId: null}b542397d-0a79-4b2f-bca4-8988c4585f57{ip: 192.168.34.13, host: pr-hdds-2153-g484h-410672627, networkLocation: /default-rack, certSerialId: null}, Type:RATIS, Factor:THREE, State:CLOSED] from datanode fc54a72e-a47f-4136-9ed5-ca4a72c32f0a{ip: 192.168.34.13, host: pr-hdds-2153-g484h-410672627, networkLocation: /default-rack, certSerialId: null}. Reason : fc54a72e-a47f-4136-9ed5-ca4a72c32f0a has not seen follower/s b542397d-0a79-4b2f-bca4-8988c4585f57 for 134964ms cf73b394-96ec-4032-9230-43540487e60d for 134964ms
2019-09-19 13:08:23,399 [EventQueue-PipelineActionsForPipelineActionHandler] INFO  pipeline.SCMPipelineManager (SCMPipelineManager.java:finalizeAndDestroyPipeline(311)) - destroying pipeline:Pipeline[ Id: 5d8695b9-2179-4aa7-881b-1c24252b61c3, Nodes: fc54a72e-a47f-4136-9ed5-ca4a72c32f0a{ip: 192.168.34.13, host: pr-hdds-2153-g484h-410672627, networkLocation: /default-rack, certSerialId: null}cf73b394-96ec-4032-9230-43540487e60d{ip: 192.168.34.13, host: pr-hdds-2153-g484h-410672627, networkLocation: /default-rack, certSerialId: null}b542397d-0a79-4b2f-bca4-8988c4585f57{ip: 192.168.34.13, host: pr-hdds-2153-g484h-410672627, networkLocation: /default-rack, certSerialId: null}, Type:RATIS, Factor:THREE, State:CLOSED]
2019-09-19 13:08:23,404 [java.util.concurrent.ThreadPoolExecutor$Worker@3523dec8[State = -1, empty queue]] WARN  server.GrpcLogAppender (GrpcLogAppender.java:timeoutAppendRequest(200)) - fc54a72e-a47f-4136-9ed5-ca4a72c32f0a@group-1C24252B61C3->b542397d-0a79-4b2f-bca4-8988c4585f57-GrpcLogAppender: appendEntries Timeout, request=fc54a72e-a47f-4136-9ed5-ca4a72c32f0a->b542397d-0a79-4b2f-bca4-8988c4585f57#90-t2, previous=(t:2, i:36), leaderCommit=31, initializing? false, entries: <empty>
2019-09-19 13:08:23,404 [java.util.concurrent.ThreadPoolExecutor$Worker@42bf2603[State = -1, empty queue]] WARN  server.GrpcLogAppender (GrpcLogAppender.java:timeoutAppendRequest(200)) - fc54a72e-a47f-4136-9ed5-ca4a72c32f0a@group-1C24252B61C3->cf73b394-96ec-4032-9230-43540487e60d-GrpcLogAppender: appendEntries Timeout, request=fc54a72e-a47f-4136-9ed5-ca4a72c32f0a->cf73b394-96ec-4032-9230-43540487e60d#90-t2, previous=(t:2, i:36), leaderCommit=31, initializing? false, entries: <empty>
 0.00% |█                                                                                                    |  0/1 Time: 0:02:302019-09-19 13:08:24,463 [grpc-default-executor-1] INFO  client.GrpcClientProtocolClient (GrpcClientProtocolClient.java:onNext(264)) - client-6FEDB5C32964->b542397d-0a79-4b2f-bca4-8988c4585f57: receive RaftClientReply:client-6FEDB5C32964->b542397d-0a79-4b2f-bca4-8988c4585f57@group-1C24252B61C3, cid=25, FAILED org.apache.ratis.protocol.NotLeaderException: Server b542397d-0a79-4b2f-bca4-8988c4585f57@group-1C24252B61C3 is not the leader fc54a72e-a47f-4136-9ed5-ca4a72c32f0a:192.168.34.13:35339, logIndex=0, commits[b542397d-0a79-4b2f-bca4-8988c4585f57:c31, fc54a72e-a47f-4136-9ed5-ca4a72c32f0a:c31, cf73b394-96ec-4032-9230-43540487e60d:c31]
 0.00% |█                                                                                                    |  0/1 Time: 0:02:312019-09-19 13:08:25,407 [org.apache.ratis.server.impl.LogAppender$AppenderDaemon$$Lambda$514/988605289@4141eb5f] ERROR ratis.XceiverServerRatis (XceiverServerRatis.java:triggerPipelineClose(568)) - pipeline Action CLOSE  on pipeline PipelineID=5d8695b9-2179-4aa7-881b-1c24252b61c3.Reason : fc54a72e-a47f-4136-9ed5-ca4a72c32f0a has not seen follower/s b542397d-0a79-4b2f-bca4-8988c4585f57 for 137465ms cf73b394-96ec-4032-9230-43540487e60d for 137465ms
2019-09-19 13:08:25,407 [org.apache.ratis.server.impl.LogAppender$AppenderDaemon$$Lambda$514/988605289@1db0698b] ERROR ratis.XceiverServerRatis (XceiverServerRatis.java:triggerPipelineClose(568)) - pipeline Action CLOSE  on pipeline PipelineID=5d8695b9-2179-4aa7-881b-1c24252b61c3.Reason : fc54a72e-a47f-4136-9ed5-ca4a72c32f0a has not seen follower/s b542397d-0a79-4b2f-bca4-8988c4585f57 for 137465ms cf73b394-96ec-4032-9230-43540487e60d for 137465ms
2019-09-19 13:08:25,906 [java.util.concurrent.ThreadPoolExecutor$Worker@42bf2603[State = -1, empty queue]] WARN  server.GrpcLogAppender (GrpcLogAppender.java:timeoutAppendRequest(200)) - fc54a72e-a47f-4136-9ed5-ca4a72c32f0a@group-1C24252B61C3->cf73b394-96ec-4032-9230-43540487e60d-GrpcLogAppender: appendEntries Timeout, request=fc54a72e-a47f-4136-9ed5-ca4a72c32f0a->cf73b394-96ec-4032-9230-43540487e60d#91-t2, previous=(t:2, i:36), leaderCommit=31, initializing? false, entries: <empty>
2019-09-19 13:08:25,906 [java.util.concurrent.ThreadPoolExecutor$Worker@3523dec8[State = -1, empty queue]] WARN  server.GrpcLogAppender (GrpcLogAppender.java:timeoutAppendRequest(200)) - fc54a72e-a47f-4136-9ed5-ca4a72c32f0a@group-1C24252B61C3->b542397d-0a79-4b2f-bca4-8988c4585f57-GrpcLogAppender: appendEntries Timeout, request=fc54a72e-a47f-4136-9ed5-ca4a72c32f0a->b542397d-0a79-4b2f-bca4-8988c4585f57#91-t2, previous=(t:2, i:36), leaderCommit=31, initializing? false, entries: <empty>
 0.00% |█                                                                                                    |  0/1 Time: 0:02:322019-09-19 13:08:26,397 [EventQueue-PipelineActionsForPipelineActionHandler] ERROR pipeline.PipelineActionHandler (PipelineActionHandler.java:onMessage(60)) - Received pipeline action CLOSE for Pipeline[ Id: 5d8695b9-2179-4aa7-881b-1c24252b61c3, Nodes: fc54a72e-a47f-4136-9ed5-ca4a72c32f0a{ip: 192.168.34.13, host: pr-hdds-2153-g484h-410672627, networkLocation: /default-rack, certSerialId: null}cf73b394-96ec-4032-9230-43540487e60d{ip: 192.168.34.13, host: pr-hdds-2153-g484h-410672627, networkLocation: /default-rack, certSerialId: null}b542397d-0a79-4b2f-bca4-8988c4585f57{ip: 192.168.34.13, host: pr-hdds-2153-g484h-410672627, networkLocation: /default-rack, certSerialId: null}, Type:RATIS, Factor:THREE, State:CLOSED] from datanode fc54a72e-a47f-4136-9ed5-ca4a72c32f0a{ip: 192.168.34.13, host: pr-hdds-2153-g484h-410672627, networkLocation: /default-rack, certSerialId: null}. Reason : fc54a72e-a47f-4136-9ed5-ca4a72c32f0a has not seen follower/s b542397d-0a79-4b2f-bca4-8988c4585f57 for 137465ms cf73b394-96ec-4032-9230-43540487e60d for 137465ms
2019-09-19 13:08:26,398 [EventQueue-PipelineActionsForPipelineActionHandler] INFO  pipeline.SCMPipelineManager (SCMPipelineManager.java:finalizeAndDestroyPipeline(311)) - destroying pipeline:Pipeline[ Id: 5d8695b9-2179-4aa7-881b-1c24252b61c3, Nodes: fc54a72e-a47f-4136-9ed5-ca4a72c32f0a{ip: 192.168.34.13, host: pr-hdds-2153-g484h-410672627, networkLocation: /default-rack, certSerialId: null}cf73b394-96ec-4032-9230-43540487e60d{ip: 192.168.34.13, host: pr-hdds-2153-g484h-410672627, networkLocation: /default-rack, certSerialId: null}b542397d-0a79-4b2f-bca4-8988c4585f57{ip: 192.168.34.13, host: pr-hdds-2153-g484h-410672627, networkLocation: /default-rack, certSerialId: null}, Type:RATIS, Factor:THREE, State:CLOSED]
 0.00% |█                                                                                                    |  0/1 Time: 0:02:332019-09-19 13:08:27,908 [org.apache.ratis.server.impl.LogAppender$AppenderDaemon$$Lambda$514/988605289@4141eb5f] ERROR ratis.XceiverServerRatis (XceiverServerRatis.java:triggerPipelineClose(568)) - pipeline Action CLOSE  on pipeline PipelineID=5d8695b9-2179-4aa7-881b-1c24252b61c3.Reason : fc54a72e-a47f-4136-9ed5-ca4a72c32f0a has not seen follower/s b542397d-0a79-4b2f-bca4-8988c4585f57 for 139966ms cf73b394-96ec-4032-9230-43540487e60d for 139966ms
2019-09-19 13:08:27,908 [org.apache.ratis.server.impl.LogAppender$AppenderDaemon$$Lambda$514/988605289@1db0698b] ERROR ratis.XceiverServerRatis (XceiverServerRatis.java:triggerPipelineClose(568)) - pipeline Action CLOSE  on pipeline PipelineID=5d8695b9-2179-4aa7-881b-1c24252b61c3.Reason : fc54a72e-a47f-4136-9ed5-ca4a72c32f0a has not seen follower/s b542397d-0a79-4b2f-bca4-8988c4585f57 for 139966ms cf73b394-96ec-4032-9230-43540487e60d for 139966ms
2019-09-19 13:08:27,993 [b542397d-0a79-4b2f-bca4-8988c4585f57@group-1C24252B61C3-SegmentedRaftLogWorker] WARN  segmented.SegmentedRaftLogWorker (SegmentedRaftLogWorker.java:getFromFuture(90)) - Timeout 13/~
org.apache.ratis.protocol.TimeoutIOException: Timeout 10s: WriteLog:32: (t:2, i:32), STATEMACHINELOGENTRY, client-6FEDB5C32964, cid=25-writeStateMachineData
	at org.apache.ratis.util.IOUtils.getFromFuture(IOUtils.java:87)
	at org.apache.ratis.server.raftlog.segmented.SegmentedRaftLogWorker$StateMachineDataPolicy.getFromFuture(SegmentedRaftLogWorker.java:87)
	at org.apache.ratis.server.raftlog.segmented.SegmentedRaftLogWorker$WriteLog.execute(SegmentedRaftLogWorker.java:477)
	at org.apache.ratis.server.raftlog.segmented.SegmentedRaftLogWorker.run(SegmentedRaftLogWorker.java:289)
	at java.lang.Thread.run(Thread.java:748)
Caused by: java.util.concurrent.TimeoutException
	at java.util.concurrent.CompletableFuture.timedGet(CompletableFuture.java:1771)
	at java.util.concurrent.CompletableFuture.get(CompletableFuture.java:1915)
	at org.apache.ratis.util.IOUtils.getFromFuture(IOUtils.java:79)
	... 4 more
 0.00% |█                                                                                                    |  0/1 Time: 0:02:342019-09-19 13:08:28,389 [fc54a72e-a47f-4136-9ed5-ca4a72c32f0a@group-1C24252B61C3-SegmentedRaftLogWorker] WARN  segmented.SegmentedRaftLogWorker (SegmentedRaftLogWorker.java:getFromFuture(90)) - Timeout 13/~
org.apache.ratis.protocol.TimeoutIOException: Timeout 10s: WriteLog:34: (t:2, i:34), STATEMACHINELOGENTRY, client-6FEDB5C32964, cid=27-writeStateMachineData
	at org.apache.ratis.util.IOUtils.getFromFuture(IOUtils.java:87)
	at org.apache.ratis.server.raftlog.segmented.SegmentedRaftLogWorker$StateMachineDataPolicy.getFromFuture(SegmentedRaftLogWorker.java:87)
	at org.apache.ratis.server.raftlog.segmented.SegmentedRaftLogWorker$WriteLog.execute(SegmentedRaftLogWorker.java:477)
	at org.apache.ratis.server.raftlog.segmented.SegmentedRaftLogWorker.run(SegmentedRaftLogWorker.java:289)
	at java.lang.Thread.run(Thread.java:748)
Caused by: java.util.concurrent.TimeoutException
	at java.util.concurrent.CompletableFuture.timedGet(CompletableFuture.java:1771)
	at java.util.concurrent.CompletableFuture.get(CompletableFuture.java:1915)
	at org.apache.ratis.util.IOUtils.getFromFuture(IOUtils.java:79)
	... 4 more
2019-09-19 13:08:28,390 [cf73b394-96ec-4032-9230-43540487e60d@group-1C24252B61C3-SegmentedRaftLogWorker] WARN  segmented.SegmentedRaftLogWorker (SegmentedRaftLogWorker.java:getFromFuture(90)) - Timeout 13/~
org.apache.ratis.protocol.TimeoutIOException: Timeout 10s: WriteLog:34: (t:2, i:34), STATEMACHINELOGENTRY, client-6FEDB5C32964, cid=27-writeStateMachineData
	at org.apache.ratis.util.IOUtils.getFromFuture(IOUtils.java:87)
	at org.apache.ratis.server.raftlog.segmented.SegmentedRaftLogWorker$StateMachineDataPolicy.getFromFuture(SegmentedRaftLogWorker.java:87)
	at org.apache.ratis.server.raftlog.segmented.SegmentedRaftLogWorker$WriteLog.execute(SegmentedRaftLogWorker.java:477)
	at org.apache.ratis.server.raftlog.segmented.SegmentedRaftLogWorker.run(SegmentedRaftLogWorker.java:289)
	at java.lang.Thread.run(Thread.java:748)
Caused by: java.util.concurrent.TimeoutException
	at java.util.concurrent.CompletableFuture.timedGet(CompletableFuture.java:1771)
	at java.util.concurrent.CompletableFuture.get(CompletableFuture.java:1915)
	at org.apache.ratis.util.IOUtils.getFromFuture(IOUtils.java:79)
	... 4 more
2019-09-19 13:08:28,398 [EventQueue-PipelineActionsForPipelineActionHandler] ERROR pipeline.PipelineActionHandler (PipelineActionHandler.java:onMessage(60)) - Received pipeline action CLOSE for Pipeline[ Id: 5d8695b9-2179-4aa7-881b-1c24252b61c3, Nodes: fc54a72e-a47f-4136-9ed5-ca4a72c32f0a{ip: 192.168.34.13, host: pr-hdds-2153-g484h-410672627, networkLocation: /default-rack, certSerialId: null}cf73b394-96ec-4032-9230-43540487e60d{ip: 192.168.34.13, host: pr-hdds-2153-g484h-410672627, networkLocation: /default-rack, certSerialId: null}b542397d-0a79-4b2f-bca4-8988c4585f57{ip: 192.168.34.13, host: pr-hdds-2153-g484h-410672627, networkLocation: /default-rack, certSerialId: null}, Type:RATIS, Factor:THREE, State:CLOSED] from datanode fc54a72e-a47f-4136-9ed5-ca4a72c32f0a{ip: 192.168.34.13, host: pr-hdds-2153-g484h-410672627, networkLocation: /default-rack, certSerialId: null}. Reason : fc54a72e-a47f-4136-9ed5-ca4a72c32f0a has not seen follower/s b542397d-0a79-4b2f-bca4-8988c4585f57 for 139966ms cf73b394-96ec-4032-9230-43540487e60d for 139966ms
2019-09-19 13:08:28,398 [EventQueue-PipelineActionsForPipelineActionHandler] INFO  pipeline.SCMPipelineManager (SCMPipelineManager.java:finalizeAndDestroyPipeline(311)) - destroying pipeline:Pipeline[ Id: 5d8695b9-2179-4aa7-881b-1c24252b61c3, Nodes: fc54a72e-a47f-4136-9ed5-ca4a72c32f0a{ip: 192.168.34.13, host: pr-hdds-2153-g484h-410672627, networkLocation: /default-rack, certSerialId: null}cf73b394-96ec-4032-9230-43540487e60d{ip: 192.168.34.13, host: pr-hdds-2153-g484h-410672627, networkLocation: /default-rack, certSerialId: null}b542397d-0a79-4b2f-bca4-8988c4585f57{ip: 192.168.34.13, host: pr-hdds-2153-g484h-410672627, networkLocation: /default-rack, certSerialId: null}, Type:RATIS, Factor:THREE, State:CLOSED]
2019-09-19 13:08:28,407 [java.util.concurrent.ThreadPoolExecutor$Worker@3523dec8[State = -1, empty queue]] WARN  server.GrpcLogAppender (GrpcLogAppender.java:timeoutAppendRequest(200)) - fc54a72e-a47f-4136-9ed5-ca4a72c32f0a@group-1C24252B61C3->b542397d-0a79-4b2f-bca4-8988c4585f57-GrpcLogAppender: appendEntries Timeout, request=fc54a72e-a47f-4136-9ed5-ca4a72c32f0a->b542397d-0a79-4b2f-bca4-8988c4585f57#92-t2, previous=(t:2, i:36), leaderCommit=31, initializing? false, entries: <empty>
2019-09-19 13:08:28,408 [java.util.concurrent.ThreadPoolExecutor$Worker@42bf2603[State = -1, empty queue]] WARN  server.GrpcLogAppender (GrpcLogAppender.java:timeoutAppendRequest(200)) - fc54a72e-a47f-4136-9ed5-ca4a72c32f0a@group-1C24252B61C3->cf73b394-96ec-4032-9230-43540487e60d-GrpcLogAppender: appendEntries Timeout, request=fc54a72e-a47f-4136-9ed5-ca4a72c32f0a->cf73b394-96ec-4032-9230-43540487e60d#92-t2, previous=(t:2, i:36), leaderCommit=31, initializing? false, entries: <empty>
 0.00% |█                                                                                                    |  0/1 Time: 0:02:352019-09-19 13:08:29,494 [grpc-default-executor-1] INFO  client.GrpcClientProtocolClient (GrpcClientProtocolClient.java:onNext(264)) - client-6FEDB5C32964->b542397d-0a79-4b2f-bca4-8988c4585f57: receive RaftClientReply:client-6FEDB5C32964->b542397d-0a79-4b2f-bca4-8988c4585f57@group-1C24252B61C3, cid=25, FAILED org.apache.ratis.protocol.NotLeaderException: Server b542397d-0a79-4b2f-bca4-8988c4585f57@group-1C24252B61C3 is not the leader fc54a72e-a47f-4136-9ed5-ca4a72c32f0a:192.168.34.13:35339, logIndex=0, commits[b542397d-0a79-4b2f-bca4-8988c4585f57:c31, fc54a72e-a47f-4136-9ed5-ca4a72c32f0a:c31, cf73b394-96ec-4032-9230-43540487e60d:c31]
 0.00% |█                                                                                                    |  0/1 Time: 0:02:362019-09-19 13:08:30,409 [org.apache.ratis.server.impl.LogAppender$AppenderDaemon$$Lambda$514/988605289@1db0698b] ERROR ratis.XceiverServerRatis (XceiverServerRatis.java:triggerPipelineClose(568)) - pipeline Action CLOSE  on pipeline PipelineID=5d8695b9-2179-4aa7-881b-1c24252b61c3.Reason : fc54a72e-a47f-4136-9ed5-ca4a72c32f0a has not seen follower/s b542397d-0a79-4b2f-bca4-8988c4585f57 for 142466ms cf73b394-96ec-4032-9230-43540487e60d for 142467ms
2019-09-19 13:08:30,409 [org.apache.ratis.server.impl.LogAppender$AppenderDaemon$$Lambda$514/988605289@4141eb5f] ERROR ratis.XceiverServerRatis (XceiverServerRatis.java:triggerPipelineClose(568)) - pipeline Action CLOSE  on pipeline PipelineID=5d8695b9-2179-4aa7-881b-1c24252b61c3.Reason : fc54a72e-a47f-4136-9ed5-ca4a72c32f0a has not seen follower/s b542397d-0a79-4b2f-bca4-8988c4585f57 for 142466ms cf73b394-96ec-4032-9230-43540487e60d for 142467ms
2019-09-19 13:08:30,908 [java.util.concurrent.ThreadPoolExecutor$Worker@3523dec8[State = -1, empty queue]] WARN  server.GrpcLogAppender (GrpcLogAppender.java:timeoutAppendRequest(200)) - fc54a72e-a47f-4136-9ed5-ca4a72c32f0a@group-1C24252B61C3->b542397d-0a79-4b2f-bca4-8988c4585f57-GrpcLogAppender: appendEntries Timeout, request=fc54a72e-a47f-4136-9ed5-ca4a72c32f0a->b542397d-0a79-4b2f-bca4-8988c4585f57#93-t2, previous=(t:2, i:36), leaderCommit=31, initializing? false, entries: <empty>
2019-09-19 13:08:30,908 [java.util.concurrent.ThreadPoolExecutor$Worker@42bf2603[State = -1, empty queue]] WARN  server.GrpcLogAppender (GrpcLogAppender.java:timeoutAppendRequest(200)) - fc54a72e-a47f-4136-9ed5-ca4a72c32f0a@group-1C24252B61C3->cf73b394-96ec-4032-9230-43540487e60d-GrpcLogAppender: appendEntries Timeout, request=fc54a72e-a47f-4136-9ed5-ca4a72c32f0a->cf73b394-96ec-4032-9230-43540487e60d#93-t2, previous=(t:2, i:36), leaderCommit=31, initializing? false, entries: <empty>
 0.00% |█                                                                                                    |  0/1 Time: 0:02:372019-09-19 13:08:31,397 [EventQueue-PipelineActionsForPipelineActionHandler] ERROR pipeline.PipelineActionHandler (PipelineActionHandler.java:onMessage(60)) - Received pipeline action CLOSE for Pipeline[ Id: 5d8695b9-2179-4aa7-881b-1c24252b61c3, Nodes: fc54a72e-a47f-4136-9ed5-ca4a72c32f0a{ip: 192.168.34.13, host: pr-hdds-2153-g484h-410672627, networkLocation: /default-rack, certSerialId: null}cf73b394-96ec-4032-9230-43540487e60d{ip: 192.168.34.13, host: pr-hdds-2153-g484h-410672627, networkLocation: /default-rack, certSerialId: null}b542397d-0a79-4b2f-bca4-8988c4585f57{ip: 192.168.34.13, host: pr-hdds-2153-g484h-410672627, networkLocation: /default-rack, certSerialId: null}, Type:RATIS, Factor:THREE, State:CLOSED] from datanode fc54a72e-a47f-4136-9ed5-ca4a72c32f0a{ip: 192.168.34.13, host: pr-hdds-2153-g484h-410672627, networkLocation: /default-rack, certSerialId: null}. Reason : fc54a72e-a47f-4136-9ed5-ca4a72c32f0a has not seen follower/s b542397d-0a79-4b2f-bca4-8988c4585f57 for 142466ms cf73b394-96ec-4032-9230-43540487e60d for 142467ms
2019-09-19 13:08:31,398 [EventQueue-PipelineActionsForPipelineActionHandler] INFO  pipeline.SCMPipelineManager (SCMPipelineManager.java:finalizeAndDestroyPipeline(311)) - destroying pipeline:Pipeline[ Id: 5d8695b9-2179-4aa7-881b-1c24252b61c3, Nodes: fc54a72e-a47f-4136-9ed5-ca4a72c32f0a{ip: 192.168.34.13, host: pr-hdds-2153-g484h-410672627, networkLocation: /default-rack, certSerialId: null}cf73b394-96ec-4032-9230-43540487e60d{ip: 192.168.34.13, host: pr-hdds-2153-g484h-410672627, networkLocation: /default-rack, certSerialId: null}b542397d-0a79-4b2f-bca4-8988c4585f57{ip: 192.168.34.13, host: pr-hdds-2153-g484h-410672627, networkLocation: /default-rack, certSerialId: null}, Type:RATIS, Factor:THREE, State:CLOSED]
 0.00% |█                                                                                                    |  0/1 Time: 0:02:382019-09-19 13:08:32,910 [org.apache.ratis.server.impl.LogAppender$AppenderDaemon$$Lambda$514/988605289@1db0698b] ERROR ratis.XceiverServerRatis (XceiverServerRatis.java:triggerPipelineClose(568)) - pipeline Action CLOSE  on pipeline PipelineID=5d8695b9-2179-4aa7-881b-1c24252b61c3.Reason : fc54a72e-a47f-4136-9ed5-ca4a72c32f0a has not seen follower/s b542397d-0a79-4b2f-bca4-8988c4585f57 for 144967ms cf73b394-96ec-4032-9230-43540487e60d for 144967ms
2019-09-19 13:08:32,911 [org.apache.ratis.server.impl.LogAppender$AppenderDaemon$$Lambda$514/988605289@4141eb5f] ERROR ratis.XceiverServerRatis (XceiverServerRatis.java:triggerPipelineClose(568)) - pipeline Action CLOSE  on pipeline PipelineID=5d8695b9-2179-4aa7-881b-1c24252b61c3.Reason : fc54a72e-a47f-4136-9ed5-ca4a72c32f0a has not seen follower/s b542397d-0a79-4b2f-bca4-8988c4585f57 for 144967ms cf73b394-96ec-4032-9230-43540487e60d for 144969ms
 0.00% |█                                                                                                    |  0/1 Time: 0:02:392019-09-19 13:08:33,398 [EventQueue-PipelineActionsForPipelineActionHandler] ERROR pipeline.PipelineActionHandler (PipelineActionHandler.java:onMessage(60)) - Received pipeline action CLOSE for Pipeline[ Id: 5d8695b9-2179-4aa7-881b-1c24252b61c3, Nodes: fc54a72e-a47f-4136-9ed5-ca4a72c32f0a{ip: 192.168.34.13, host: pr-hdds-2153-g484h-410672627, networkLocation: /default-rack, certSerialId: null}cf73b394-96ec-4032-9230-43540487e60d{ip: 192.168.34.13, host: pr-hdds-2153-g484h-410672627, networkLocation: /default-rack, certSerialId: null}b542397d-0a79-4b2f-bca4-8988c4585f57{ip: 192.168.34.13, host: pr-hdds-2153-g484h-410672627, networkLocation: /default-rack, certSerialId: null}, Type:RATIS, Factor:THREE, State:CLOSED] from datanode fc54a72e-a47f-4136-9ed5-ca4a72c32f0a{ip: 192.168.34.13, host: pr-hdds-2153-g484h-410672627, networkLocation: /default-rack, certSerialId: null}. Reason : fc54a72e-a47f-4136-9ed5-ca4a72c32f0a has not seen follower/s b542397d-0a79-4b2f-bca4-8988c4585f57 for 144967ms cf73b394-96ec-4032-9230-43540487e60d for 144967ms
2019-09-19 13:08:33,398 [EventQueue-PipelineActionsForPipelineActionHandler] INFO  pipeline.SCMPipelineManager (SCMPipelineManager.java:finalizeAndDestroyPipeline(311)) - destroying pipeline:Pipeline[ Id: 5d8695b9-2179-4aa7-881b-1c24252b61c3, Nodes: fc54a72e-a47f-4136-9ed5-ca4a72c32f0a{ip: 192.168.34.13, host: pr-hdds-2153-g484h-410672627, networkLocation: /default-rack, certSerialId: null}cf73b394-96ec-4032-9230-43540487e60d{ip: 192.168.34.13, host: pr-hdds-2153-g484h-410672627, networkLocation: /default-rack, certSerialId: null}b542397d-0a79-4b2f-bca4-8988c4585f57{ip: 192.168.34.13, host: pr-hdds-2153-g484h-410672627, networkLocation: /default-rack, certSerialId: null}, Type:RATIS, Factor:THREE, State:CLOSED]
2019-09-19 13:08:33,409 [java.util.concurrent.ThreadPoolExecutor$Worker@42bf2603[State = -1, empty queue]] WARN  server.GrpcLogAppender (GrpcLogAppender.java:timeoutAppendRequest(200)) - fc54a72e-a47f-4136-9ed5-ca4a72c32f0a@group-1C24252B61C3->cf73b394-96ec-4032-9230-43540487e60d-GrpcLogAppender: appendEntries Timeout, request=fc54a72e-a47f-4136-9ed5-ca4a72c32f0a->cf73b394-96ec-4032-9230-43540487e60d#94-t2, previous=(t:2, i:36), leaderCommit=31, initializing? false, entries: <empty>
2019-09-19 13:08:33,409 [java.util.concurrent.ThreadPoolExecutor$Worker@3523dec8[State = -1, empty queue]] WARN  server.GrpcLogAppender (GrpcLogAppender.java:timeoutAppendRequest(200)) - fc54a72e-a47f-4136-9ed5-ca4a72c32f0a@group-1C24252B61C3->b542397d-0a79-4b2f-bca4-8988c4585f57-GrpcLogAppender: appendEntries Timeout, request=fc54a72e-a47f-4136-9ed5-ca4a72c32f0a->b542397d-0a79-4b2f-bca4-8988c4585f57#94-t2, previous=(t:2, i:36), leaderCommit=31, initializing? false, entries: <empty>
 0.00% |█                                                                                                    |  0/1 Time: 0:02:402019-09-19 13:08:34,530 [grpc-default-executor-3] INFO  client.GrpcClientProtocolClient (GrpcClientProtocolClient.java:onNext(264)) - client-6FEDB5C32964->b542397d-0a79-4b2f-bca4-8988c4585f57: receive RaftClientReply:client-6FEDB5C32964->b542397d-0a79-4b2f-bca4-8988c4585f57@group-1C24252B61C3, cid=25, FAILED org.apache.ratis.protocol.NotLeaderException: Server b542397d-0a79-4b2f-bca4-8988c4585f57@group-1C24252B61C3 is not the leader fc54a72e-a47f-4136-9ed5-ca4a72c32f0a:192.168.34.13:35339, logIndex=0, commits[b542397d-0a79-4b2f-bca4-8988c4585f57:c31, fc54a72e-a47f-4136-9ed5-ca4a72c32f0a:c31, cf73b394-96ec-4032-9230-43540487e60d:c31]
 0.00% |█                                                                                                    |  0/1 Time: 0:02:412019-09-19 13:08:35,411 [org.apache.ratis.server.impl.LogAppender$AppenderDaemon$$Lambda$514/988605289@4141eb5f] ERROR ratis.XceiverServerRatis (XceiverServerRatis.java:triggerPipelineClose(568)) - pipeline Action CLOSE  on pipeline PipelineID=5d8695b9-2179-4aa7-881b-1c24252b61c3.Reason : fc54a72e-a47f-4136-9ed5-ca4a72c32f0a has not seen follower/s b542397d-0a79-4b2f-bca4-8988c4585f57 for 147468ms cf73b394-96ec-4032-9230-43540487e60d for 147468ms
2019-09-19 13:08:35,411 [org.apache.ratis.server.impl.LogAppender$AppenderDaemon$$Lambda$514/988605289@1db0698b] ERROR ratis.XceiverServerRatis (XceiverServerRatis.java:triggerPipelineClose(568)) - pipeline Action CLOSE  on pipeline PipelineID=5d8695b9-2179-4aa7-881b-1c24252b61c3.Reason : fc54a72e-a47f-4136-9ed5-ca4a72c32f0a has not seen follower/s b542397d-0a79-4b2f-bca4-8988c4585f57 for 147468ms cf73b394-96ec-4032-9230-43540487e60d for 147469ms
2019-09-19 13:08:35,910 [java.util.concurrent.ThreadPoolExecutor$Worker@42bf2603[State = -1, empty queue]] WARN  server.GrpcLogAppender (GrpcLogAppender.java:timeoutAppendRequest(200)) - fc54a72e-a47f-4136-9ed5-ca4a72c32f0a@group-1C24252B61C3->cf73b394-96ec-4032-9230-43540487e60d-GrpcLogAppender: appendEntries Timeout, request=fc54a72e-a47f-4136-9ed5-ca4a72c32f0a->cf73b394-96ec-4032-9230-43540487e60d#95-t2, previous=(t:2, i:36), leaderCommit=31, initializing? false, entries: <empty>
2019-09-19 13:08:35,910 [java.util.concurrent.ThreadPoolExecutor$Worker@3523dec8[State = -1, empty queue]] WARN  server.GrpcLogAppender (GrpcLogAppender.java:timeoutAppendRequest(200)) - fc54a72e-a47f-4136-9ed5-ca4a72c32f0a@group-1C24252B61C3->b542397d-0a79-4b2f-bca4-8988c4585f57-GrpcLogAppender: appendEntries Timeout, request=fc54a72e-a47f-4136-9ed5-ca4a72c32f0a->b542397d-0a79-4b2f-bca4-8988c4585f57#95-t2, previous=(t:2, i:36), leaderCommit=31, initializing? false, entries: <empty>
 0.00% |█                                                                                                    |  0/1 Time: 0:02:422019-09-19 13:08:36,400 [EventQueue-PipelineActionsForPipelineActionHandler] ERROR pipeline.PipelineActionHandler (PipelineActionHandler.java:onMessage(60)) - Received pipeline action CLOSE for Pipeline[ Id: 5d8695b9-2179-4aa7-881b-1c24252b61c3, Nodes: fc54a72e-a47f-4136-9ed5-ca4a72c32f0a{ip: 192.168.34.13, host: pr-hdds-2153-g484h-410672627, networkLocation: /default-rack, certSerialId: null}cf73b394-96ec-4032-9230-43540487e60d{ip: 192.168.34.13, host: pr-hdds-2153-g484h-410672627, networkLocation: /default-rack, certSerialId: null}b542397d-0a79-4b2f-bca4-8988c4585f57{ip: 192.168.34.13, host: pr-hdds-2153-g484h-410672627, networkLocation: /default-rack, certSerialId: null}, Type:RATIS, Factor:THREE, State:CLOSED] from datanode fc54a72e-a47f-4136-9ed5-ca4a72c32f0a{ip: 192.168.34.13, host: pr-hdds-2153-g484h-410672627, networkLocation: /default-rack, certSerialId: null}. Reason : fc54a72e-a47f-4136-9ed5-ca4a72c32f0a has not seen follower/s b542397d-0a79-4b2f-bca4-8988c4585f57 for 147468ms cf73b394-96ec-4032-9230-43540487e60d for 147468ms
2019-09-19 13:08:36,400 [EventQueue-PipelineActionsForPipelineActionHandler] INFO  pipeline.SCMPipelineManager (SCMPipelineManager.java:finalizeAndDestroyPipeline(311)) - destroying pipeline:Pipeline[ Id: 5d8695b9-2179-4aa7-881b-1c24252b61c3, Nodes: fc54a72e-a47f-4136-9ed5-ca4a72c32f0a{ip: 192.168.34.13, host: pr-hdds-2153-g484h-410672627, networkLocation: /default-rack, certSerialId: null}cf73b394-96ec-4032-9230-43540487e60d{ip: 192.168.34.13, host: pr-hdds-2153-g484h-410672627, networkLocation: /default-rack, certSerialId: null}b542397d-0a79-4b2f-bca4-8988c4585f57{ip: 192.168.34.13, host: pr-hdds-2153-g484h-410672627, networkLocation: /default-rack, certSerialId: null}, Type:RATIS, Factor:THREE, State:CLOSED]
 0.00% |█                                                                                                    |  0/1 Time: 0:02:432019-09-19 13:08:37,911 [org.apache.ratis.server.impl.LogAppender$AppenderDaemon$$Lambda$514/988605289@1db0698b] ERROR ratis.XceiverServerRatis (XceiverServerRatis.java:triggerPipelineClose(568)) - pipeline Action CLOSE  on pipeline PipelineID=5d8695b9-2179-4aa7-881b-1c24252b61c3.Reason : fc54a72e-a47f-4136-9ed5-ca4a72c32f0a has not seen follower/s b542397d-0a79-4b2f-bca4-8988c4585f57 for 149969ms cf73b394-96ec-4032-9230-43540487e60d for 149969ms
2019-09-19 13:08:37,911 [org.apache.ratis.server.impl.LogAppender$AppenderDaemon$$Lambda$514/988605289@4141eb5f] ERROR ratis.XceiverServerRatis (XceiverServerRatis.java:triggerPipelineClose(568)) - pipeline Action CLOSE  on pipeline PipelineID=5d8695b9-2179-4aa7-881b-1c24252b61c3.Reason : fc54a72e-a47f-4136-9ed5-ca4a72c32f0a has not seen follower/s b542397d-0a79-4b2f-bca4-8988c4585f57 for 149969ms cf73b394-96ec-4032-9230-43540487e60d for 149969ms
2019-09-19 13:08:37,993 [b542397d-0a79-4b2f-bca4-8988c4585f57@group-1C24252B61C3-SegmentedRaftLogWorker] WARN  segmented.SegmentedRaftLogWorker (SegmentedRaftLogWorker.java:getFromFuture(90)) - Timeout 14/~
org.apache.ratis.protocol.TimeoutIOException: Timeout 10s: WriteLog:32: (t:2, i:32), STATEMACHINELOGENTRY, client-6FEDB5C32964, cid=25-writeStateMachineData
	at org.apache.ratis.util.IOUtils.getFromFuture(IOUtils.java:87)
	at org.apache.ratis.server.raftlog.segmented.SegmentedRaftLogWorker$StateMachineDataPolicy.getFromFuture(SegmentedRaftLogWorker.java:87)
	at org.apache.ratis.server.raftlog.segmented.SegmentedRaftLogWorker$WriteLog.execute(SegmentedRaftLogWorker.java:477)
	at org.apache.ratis.server.raftlog.segmented.SegmentedRaftLogWorker.run(SegmentedRaftLogWorker.java:289)
	at java.lang.Thread.run(Thread.java:748)
Caused by: java.util.concurrent.TimeoutException
	at java.util.concurrent.CompletableFuture.timedGet(CompletableFuture.java:1771)
	at java.util.concurrent.CompletableFuture.get(CompletableFuture.java:1915)
	at org.apache.ratis.util.IOUtils.getFromFuture(IOUtils.java:79)
	... 4 more
 0.00% |█                                                                                                    |  0/1 Time: 0:02:442019-09-19 13:08:38,390 [fc54a72e-a47f-4136-9ed5-ca4a72c32f0a@group-1C24252B61C3-SegmentedRaftLogWorker] WARN  segmented.SegmentedRaftLogWorker (SegmentedRaftLogWorker.java:getFromFuture(90)) - Timeout 14/~
org.apache.ratis.protocol.TimeoutIOException: Timeout 10s: WriteLog:34: (t:2, i:34), STATEMACHINELOGENTRY, client-6FEDB5C32964, cid=27-writeStateMachineData
	at org.apache.ratis.util.IOUtils.getFromFuture(IOUtils.java:87)
	at org.apache.ratis.server.raftlog.segmented.SegmentedRaftLogWorker$StateMachineDataPolicy.getFromFuture(SegmentedRaftLogWorker.java:87)
	at org.apache.ratis.server.raftlog.segmented.SegmentedRaftLogWorker$WriteLog.execute(SegmentedRaftLogWorker.java:477)
	at org.apache.ratis.server.raftlog.segmented.SegmentedRaftLogWorker.run(SegmentedRaftLogWorker.java:289)
	at java.lang.Thread.run(Thread.java:748)
Caused by: java.util.concurrent.TimeoutException
	at java.util.concurrent.CompletableFuture.timedGet(CompletableFuture.java:1771)
	at java.util.concurrent.CompletableFuture.get(CompletableFuture.java:1915)
	at org.apache.ratis.util.IOUtils.getFromFuture(IOUtils.java:79)
	... 4 more
2019-09-19 13:08:38,390 [cf73b394-96ec-4032-9230-43540487e60d@group-1C24252B61C3-SegmentedRaftLogWorker] WARN  segmented.SegmentedRaftLogWorker (SegmentedRaftLogWorker.java:getFromFuture(90)) - Timeout 14/~
org.apache.ratis.protocol.TimeoutIOException: Timeout 10s: WriteLog:34: (t:2, i:34), STATEMACHINELOGENTRY, client-6FEDB5C32964, cid=27-writeStateMachineData
	at org.apache.ratis.util.IOUtils.getFromFuture(IOUtils.java:87)
	at org.apache.ratis.server.raftlog.segmented.SegmentedRaftLogWorker$StateMachineDataPolicy.getFromFuture(SegmentedRaftLogWorker.java:87)
	at org.apache.ratis.server.raftlog.segmented.SegmentedRaftLogWorker$WriteLog.execute(SegmentedRaftLogWorker.java:477)
	at org.apache.ratis.server.raftlog.segmented.SegmentedRaftLogWorker.run(SegmentedRaftLogWorker.java:289)
	at java.lang.Thread.run(Thread.java:748)
Caused by: java.util.concurrent.TimeoutException
	at java.util.concurrent.CompletableFuture.timedGet(CompletableFuture.java:1771)
	at java.util.concurrent.CompletableFuture.get(CompletableFuture.java:1915)
	at org.apache.ratis.util.IOUtils.getFromFuture(IOUtils.java:79)
	... 4 more
2019-09-19 13:08:38,400 [EventQueue-PipelineActionsForPipelineActionHandler] ERROR pipeline.PipelineActionHandler (PipelineActionHandler.java:onMessage(60)) - Received pipeline action CLOSE for Pipeline[ Id: 5d8695b9-2179-4aa7-881b-1c24252b61c3, Nodes: fc54a72e-a47f-4136-9ed5-ca4a72c32f0a{ip: 192.168.34.13, host: pr-hdds-2153-g484h-410672627, networkLocation: /default-rack, certSerialId: null}cf73b394-96ec-4032-9230-43540487e60d{ip: 192.168.34.13, host: pr-hdds-2153-g484h-410672627, networkLocation: /default-rack, certSerialId: null}b542397d-0a79-4b2f-bca4-8988c4585f57{ip: 192.168.34.13, host: pr-hdds-2153-g484h-410672627, networkLocation: /default-rack, certSerialId: null}, Type:RATIS, Factor:THREE, State:CLOSED] from datanode fc54a72e-a47f-4136-9ed5-ca4a72c32f0a{ip: 192.168.34.13, host: pr-hdds-2153-g484h-410672627, networkLocation: /default-rack, certSerialId: null}. Reason : fc54a72e-a47f-4136-9ed5-ca4a72c32f0a has not seen follower/s b542397d-0a79-4b2f-bca4-8988c4585f57 for 149969ms cf73b394-96ec-4032-9230-43540487e60d for 149969ms
2019-09-19 13:08:38,400 [EventQueue-PipelineActionsForPipelineActionHandler] INFO  pipeline.SCMPipelineManager (SCMPipelineManager.java:finalizeAndDestroyPipeline(311)) - destroying pipeline:Pipeline[ Id: 5d8695b9-2179-4aa7-881b-1c24252b61c3, Nodes: fc54a72e-a47f-4136-9ed5-ca4a72c32f0a{ip: 192.168.34.13, host: pr-hdds-2153-g484h-410672627, networkLocation: /default-rack, certSerialId: null}cf73b394-96ec-4032-9230-43540487e60d{ip: 192.168.34.13, host: pr-hdds-2153-g484h-410672627, networkLocation: /default-rack, certSerialId: null}b542397d-0a79-4b2f-bca4-8988c4585f57{ip: 192.168.34.13, host: pr-hdds-2153-g484h-410672627, networkLocation: /default-rack, certSerialId: null}, Type:RATIS, Factor:THREE, State:CLOSED]
2019-09-19 13:08:38,411 [java.util.concurrent.ThreadPoolExecutor$Worker@42bf2603[State = -1, empty queue]] WARN  server.GrpcLogAppender (GrpcLogAppender.java:timeoutAppendRequest(200)) - fc54a72e-a47f-4136-9ed5-ca4a72c32f0a@group-1C24252B61C3->cf73b394-96ec-4032-9230-43540487e60d-GrpcLogAppender: appendEntries Timeout, request=fc54a72e-a47f-4136-9ed5-ca4a72c32f0a->cf73b394-96ec-4032-9230-43540487e60d#96-t2, previous=(t:2, i:36), leaderCommit=31, initializing? false, entries: <empty>
2019-09-19 13:08:38,411 [java.util.concurrent.ThreadPoolExecutor$Worker@3523dec8[State = -1, empty queue]] WARN  server.GrpcLogAppender (GrpcLogAppender.java:timeoutAppendRequest(200)) - fc54a72e-a47f-4136-9ed5-ca4a72c32f0a@group-1C24252B61C3->b542397d-0a79-4b2f-bca4-8988c4585f57-GrpcLogAppender: appendEntries Timeout, request=fc54a72e-a47f-4136-9ed5-ca4a72c32f0a->b542397d-0a79-4b2f-bca4-8988c4585f57#96-t2, previous=(t:2, i:36), leaderCommit=31, initializing? false, entries: <empty>
 0.00% |█                                                                                                    |  0/1 Time: 0:02:452019-09-19 13:08:39,560 [grpc-default-executor-1] INFO  client.GrpcClientProtocolClient (GrpcClientProtocolClient.java:onNext(264)) - client-6FEDB5C32964->b542397d-0a79-4b2f-bca4-8988c4585f57: receive RaftClientReply:client-6FEDB5C32964->b542397d-0a79-4b2f-bca4-8988c4585f57@group-1C24252B61C3, cid=25, FAILED org.apache.ratis.protocol.NotLeaderException: Server b542397d-0a79-4b2f-bca4-8988c4585f57@group-1C24252B61C3 is not the leader fc54a72e-a47f-4136-9ed5-ca4a72c32f0a:192.168.34.13:35339, logIndex=0, commits[b542397d-0a79-4b2f-bca4-8988c4585f57:c31, fc54a72e-a47f-4136-9ed5-ca4a72c32f0a:c31, cf73b394-96ec-4032-9230-43540487e60d:c31]
 0.00% |█                                                                                                    |  0/1 Time: 0:02:462019-09-19 13:08:40,412 [org.apache.ratis.server.impl.LogAppender$AppenderDaemon$$Lambda$514/988605289@4141eb5f] ERROR ratis.XceiverServerRatis (XceiverServerRatis.java:triggerPipelineClose(568)) - pipeline Action CLOSE  on pipeline PipelineID=5d8695b9-2179-4aa7-881b-1c24252b61c3.Reason : fc54a72e-a47f-4136-9ed5-ca4a72c32f0a has not seen follower/s b542397d-0a79-4b2f-bca4-8988c4585f57 for 152470ms cf73b394-96ec-4032-9230-43540487e60d for 152470ms
2019-09-19 13:08:40,412 [org.apache.ratis.server.impl.LogAppender$AppenderDaemon$$Lambda$514/988605289@1db0698b] ERROR ratis.XceiverServerRatis (XceiverServerRatis.java:triggerPipelineClose(568)) - pipeline Action CLOSE  on pipeline PipelineID=5d8695b9-2179-4aa7-881b-1c24252b61c3.Reason : fc54a72e-a47f-4136-9ed5-ca4a72c32f0a has not seen follower/s b542397d-0a79-4b2f-bca4-8988c4585f57 for 152470ms cf73b394-96ec-4032-9230-43540487e60d for 152470ms
2019-09-19 13:08:40,911 [java.util.concurrent.ThreadPoolExecutor$Worker@42bf2603[State = -1, empty queue]] WARN  server.GrpcLogAppender (GrpcLogAppender.java:timeoutAppendRequest(200)) - fc54a72e-a47f-4136-9ed5-ca4a72c32f0a@group-1C24252B61C3->cf73b394-96ec-4032-9230-43540487e60d-GrpcLogAppender: appendEntries Timeout, request=fc54a72e-a47f-4136-9ed5-ca4a72c32f0a->cf73b394-96ec-4032-9230-43540487e60d#97-t2, previous=(t:2, i:36), leaderCommit=31, initializing? false, entries: <empty>
2019-09-19 13:08:40,911 [java.util.concurrent.ThreadPoolExecutor$Worker@3523dec8[State = -1, empty queue]] WARN  server.GrpcLogAppender (GrpcLogAppender.java:timeoutAppendRequest(200)) - fc54a72e-a47f-4136-9ed5-ca4a72c32f0a@group-1C24252B61C3->b542397d-0a79-4b2f-bca4-8988c4585f57-GrpcLogAppender: appendEntries Timeout, request=fc54a72e-a47f-4136-9ed5-ca4a72c32f0a->b542397d-0a79-4b2f-bca4-8988c4585f57#97-t2, previous=(t:2, i:36), leaderCommit=31, initializing? false, entries: <empty>
 0.00% |█                                                                                                    |  0/1 Time: 0:02:472019-09-19 13:08:41,401 [EventQueue-PipelineActionsForPipelineActionHandler] ERROR pipeline.PipelineActionHandler (PipelineActionHandler.java:onMessage(60)) - Received pipeline action CLOSE for Pipeline[ Id: 5d8695b9-2179-4aa7-881b-1c24252b61c3, Nodes: fc54a72e-a47f-4136-9ed5-ca4a72c32f0a{ip: 192.168.34.13, host: pr-hdds-2153-g484h-410672627, networkLocation: /default-rack, certSerialId: null}cf73b394-96ec-4032-9230-43540487e60d{ip: 192.168.34.13, host: pr-hdds-2153-g484h-410672627, networkLocation: /default-rack, certSerialId: null}b542397d-0a79-4b2f-bca4-8988c4585f57{ip: 192.168.34.13, host: pr-hdds-2153-g484h-410672627, networkLocation: /default-rack, certSerialId: null}, Type:RATIS, Factor:THREE, State:CLOSED] from datanode fc54a72e-a47f-4136-9ed5-ca4a72c32f0a{ip: 192.168.34.13, host: pr-hdds-2153-g484h-410672627, networkLocation: /default-rack, certSerialId: null}. Reason : fc54a72e-a47f-4136-9ed5-ca4a72c32f0a has not seen follower/s b542397d-0a79-4b2f-bca4-8988c4585f57 for 152470ms cf73b394-96ec-4032-9230-43540487e60d for 152470ms
2019-09-19 13:08:41,401 [EventQueue-PipelineActionsForPipelineActionHandler] INFO  pipeline.SCMPipelineManager (SCMPipelineManager.java:finalizeAndDestroyPipeline(311)) - destroying pipeline:Pipeline[ Id: 5d8695b9-2179-4aa7-881b-1c24252b61c3, Nodes: fc54a72e-a47f-4136-9ed5-ca4a72c32f0a{ip: 192.168.34.13, host: pr-hdds-2153-g484h-410672627, networkLocation: /default-rack, certSerialId: null}cf73b394-96ec-4032-9230-43540487e60d{ip: 192.168.34.13, host: pr-hdds-2153-g484h-410672627, networkLocation: /default-rack, certSerialId: null}b542397d-0a79-4b2f-bca4-8988c4585f57{ip: 192.168.34.13, host: pr-hdds-2153-g484h-410672627, networkLocation: /default-rack, certSerialId: null}, Type:RATIS, Factor:THREE, State:CLOSED]
 0.00% |█                                                                                                    |  0/1 Time: 0:02:482019-09-19 13:08:42,913 [org.apache.ratis.server.impl.LogAppender$AppenderDaemon$$Lambda$514/988605289@4141eb5f] ERROR ratis.XceiverServerRatis (XceiverServerRatis.java:triggerPipelineClose(568)) - pipeline Action CLOSE  on pipeline PipelineID=5d8695b9-2179-4aa7-881b-1c24252b61c3.Reason : fc54a72e-a47f-4136-9ed5-ca4a72c32f0a has not seen follower/s b542397d-0a79-4b2f-bca4-8988c4585f57 for 154970ms cf73b394-96ec-4032-9230-43540487e60d for 154971ms
2019-09-19 13:08:42,913 [org.apache.ratis.server.impl.LogAppender$AppenderDaemon$$Lambda$514/988605289@1db0698b] ERROR ratis.XceiverServerRatis (XceiverServerRatis.java:triggerPipelineClose(568)) - pipeline Action CLOSE  on pipeline PipelineID=5d8695b9-2179-4aa7-881b-1c24252b61c3.Reason : fc54a72e-a47f-4136-9ed5-ca4a72c32f0a has not seen follower/s b542397d-0a79-4b2f-bca4-8988c4585f57 for 154970ms cf73b394-96ec-4032-9230-43540487e60d for 154971ms
 0.00% |█                                                                                                    |  0/1 Time: 0:02:492019-09-19 13:08:43,402 [EventQueue-PipelineActionsForPipelineActionHandler] ERROR pipeline.PipelineActionHandler (PipelineActionHandler.java:onMessage(60)) - Received pipeline action CLOSE for Pipeline[ Id: 5d8695b9-2179-4aa7-881b-1c24252b61c3, Nodes: fc54a72e-a47f-4136-9ed5-ca4a72c32f0a{ip: 192.168.34.13, host: pr-hdds-2153-g484h-410672627, networkLocation: /default-rack, certSerialId: null}cf73b394-96ec-4032-9230-43540487e60d{ip: 192.168.34.13, host: pr-hdds-2153-g484h-410672627, networkLocation: /default-rack, certSerialId: null}b542397d-0a79-4b2f-bca4-8988c4585f57{ip: 192.168.34.13, host: pr-hdds-2153-g484h-410672627, networkLocation: /default-rack, certSerialId: null}, Type:RATIS, Factor:THREE, State:CLOSED] from datanode fc54a72e-a47f-4136-9ed5-ca4a72c32f0a{ip: 192.168.34.13, host: pr-hdds-2153-g484h-410672627, networkLocation: /default-rack, certSerialId: null}. Reason : fc54a72e-a47f-4136-9ed5-ca4a72c32f0a has not seen follower/s b542397d-0a79-4b2f-bca4-8988c4585f57 for 154970ms cf73b394-96ec-4032-9230-43540487e60d for 154971ms
2019-09-19 13:08:43,402 [EventQueue-PipelineActionsForPipelineActionHandler] INFO  pipeline.SCMPipelineManager (SCMPipelineManager.java:finalizeAndDestroyPipeline(311)) - destroying pipeline:Pipeline[ Id: 5d8695b9-2179-4aa7-881b-1c24252b61c3, Nodes: fc54a72e-a47f-4136-9ed5-ca4a72c32f0a{ip: 192.168.34.13, host: pr-hdds-2153-g484h-410672627, networkLocation: /default-rack, certSerialId: null}cf73b394-96ec-4032-9230-43540487e60d{ip: 192.168.34.13, host: pr-hdds-2153-g484h-410672627, networkLocation: /default-rack, certSerialId: null}b542397d-0a79-4b2f-bca4-8988c4585f57{ip: 192.168.34.13, host: pr-hdds-2153-g484h-410672627, networkLocation: /default-rack, certSerialId: null}, Type:RATIS, Factor:THREE, State:CLOSED]
2019-09-19 13:08:43,412 [java.util.concurrent.ThreadPoolExecutor$Worker@42bf2603[State = -1, empty queue]] WARN  server.GrpcLogAppender (GrpcLogAppender.java:timeoutAppendRequest(200)) - fc54a72e-a47f-4136-9ed5-ca4a72c32f0a@group-1C24252B61C3->cf73b394-96ec-4032-9230-43540487e60d-GrpcLogAppender: appendEntries Timeout, request=fc54a72e-a47f-4136-9ed5-ca4a72c32f0a->cf73b394-96ec-4032-9230-43540487e60d#98-t2, previous=(t:2, i:36), leaderCommit=31, initializing? false, entries: <empty>
2019-09-19 13:08:43,412 [java.util.concurrent.ThreadPoolExecutor$Worker@3523dec8[State = -1, empty queue]] WARN  server.GrpcLogAppender (GrpcLogAppender.java:timeoutAppendRequest(200)) - fc54a72e-a47f-4136-9ed5-ca4a72c32f0a@group-1C24252B61C3->b542397d-0a79-4b2f-bca4-8988c4585f57-GrpcLogAppender: appendEntries Timeout, request=fc54a72e-a47f-4136-9ed5-ca4a72c32f0a->b542397d-0a79-4b2f-bca4-8988c4585f57#98-t2, previous=(t:2, i:36), leaderCommit=31, initializing? false, entries: <empty>
 0.00% |█                                                                                                    |  0/1 Time: 0:02:502019-09-19 13:08:44,589 [grpc-default-executor-1] INFO  client.GrpcClientProtocolClient (GrpcClientProtocolClient.java:onNext(264)) - client-6FEDB5C32964->b542397d-0a79-4b2f-bca4-8988c4585f57: receive RaftClientReply:client-6FEDB5C32964->b542397d-0a79-4b2f-bca4-8988c4585f57@group-1C24252B61C3, cid=25, FAILED org.apache.ratis.protocol.NotLeaderException: Server b542397d-0a79-4b2f-bca4-8988c4585f57@group-1C24252B61C3 is not the leader fc54a72e-a47f-4136-9ed5-ca4a72c32f0a:192.168.34.13:35339, logIndex=0, commits[b542397d-0a79-4b2f-bca4-8988c4585f57:c31, fc54a72e-a47f-4136-9ed5-ca4a72c32f0a:c31, cf73b394-96ec-4032-9230-43540487e60d:c31]
 0.00% |█                                                                                                    |  0/1 Time: 0:02:512019-09-19 13:08:45,414 [org.apache.ratis.server.impl.LogAppender$AppenderDaemon$$Lambda$514/988605289@4141eb5f] ERROR ratis.XceiverServerRatis (XceiverServerRatis.java:triggerPipelineClose(568)) - pipeline Action CLOSE  on pipeline PipelineID=5d8695b9-2179-4aa7-881b-1c24252b61c3.Reason : fc54a72e-a47f-4136-9ed5-ca4a72c32f0a has not seen follower/s b542397d-0a79-4b2f-bca4-8988c4585f57 for 157471ms cf73b394-96ec-4032-9230-43540487e60d for 157471ms
2019-09-19 13:08:45,414 [org.apache.ratis.server.impl.LogAppender$AppenderDaemon$$Lambda$514/988605289@1db0698b] ERROR ratis.XceiverServerRatis (XceiverServerRatis.java:triggerPipelineClose(568)) - pipeline Action CLOSE  on pipeline PipelineID=5d8695b9-2179-4aa7-881b-1c24252b61c3.Reason : fc54a72e-a47f-4136-9ed5-ca4a72c32f0a has not seen follower/s b542397d-0a79-4b2f-bca4-8988c4585f57 for 157471ms cf73b394-96ec-4032-9230-43540487e60d for 157472ms
2019-09-19 13:08:45,913 [java.util.concurrent.ThreadPoolExecutor$Worker@3523dec8[State = -1, empty queue]] WARN  server.GrpcLogAppender (GrpcLogAppender.java:timeoutAppendRequest(200)) - fc54a72e-a47f-4136-9ed5-ca4a72c32f0a@group-1C24252B61C3->b542397d-0a79-4b2f-bca4-8988c4585f57-GrpcLogAppender: appendEntries Timeout, request=fc54a72e-a47f-4136-9ed5-ca4a72c32f0a->b542397d-0a79-4b2f-bca4-8988c4585f57#99-t2, previous=(t:2, i:36), leaderCommit=31, initializing? false, entries: <empty>
2019-09-19 13:08:45,913 [java.util.concurrent.ThreadPoolExecutor$Worker@42bf2603[State = -1, empty queue]] WARN  server.GrpcLogAppender (GrpcLogAppender.java:timeoutAppendRequest(200)) - fc54a72e-a47f-4136-9ed5-ca4a72c32f0a@group-1C24252B61C3->cf73b394-96ec-4032-9230-43540487e60d-GrpcLogAppender: appendEntries Timeout, request=fc54a72e-a47f-4136-9ed5-ca4a72c32f0a->cf73b394-96ec-4032-9230-43540487e60d#99-t2, previous=(t:2, i:36), leaderCommit=31, initializing? false, entries: <empty>
 0.00% |█                                                                                                    |  0/1 Time: 0:02:522019-09-19 13:08:46,402 [EventQueue-PipelineActionsForPipelineActionHandler] ERROR pipeline.PipelineActionHandler (PipelineActionHandler.java:onMessage(60)) - Received pipeline action CLOSE for Pipeline[ Id: 5d8695b9-2179-4aa7-881b-1c24252b61c3, Nodes: fc54a72e-a47f-4136-9ed5-ca4a72c32f0a{ip: 192.168.34.13, host: pr-hdds-2153-g484h-410672627, networkLocation: /default-rack, certSerialId: null}cf73b394-96ec-4032-9230-43540487e60d{ip: 192.168.34.13, host: pr-hdds-2153-g484h-410672627, networkLocation: /default-rack, certSerialId: null}b542397d-0a79-4b2f-bca4-8988c4585f57{ip: 192.168.34.13, host: pr-hdds-2153-g484h-410672627, networkLocation: /default-rack, certSerialId: null}, Type:RATIS, Factor:THREE, State:CLOSED] from datanode fc54a72e-a47f-4136-9ed5-ca4a72c32f0a{ip: 192.168.34.13, host: pr-hdds-2153-g484h-410672627, networkLocation: /default-rack, certSerialId: null}. Reason : fc54a72e-a47f-4136-9ed5-ca4a72c32f0a has not seen follower/s b542397d-0a79-4b2f-bca4-8988c4585f57 for 157471ms cf73b394-96ec-4032-9230-43540487e60d for 157471ms
2019-09-19 13:08:46,402 [EventQueue-PipelineActionsForPipelineActionHandler] INFO  pipeline.SCMPipelineManager (SCMPipelineManager.java:finalizeAndDestroyPipeline(311)) - destroying pipeline:Pipeline[ Id: 5d8695b9-2179-4aa7-881b-1c24252b61c3, Nodes: fc54a72e-a47f-4136-9ed5-ca4a72c32f0a{ip: 192.168.34.13, host: pr-hdds-2153-g484h-410672627, networkLocation: /default-rack, certSerialId: null}cf73b394-96ec-4032-9230-43540487e60d{ip: 192.168.34.13, host: pr-hdds-2153-g484h-410672627, networkLocation: /default-rack, certSerialId: null}b542397d-0a79-4b2f-bca4-8988c4585f57{ip: 192.168.34.13, host: pr-hdds-2153-g484h-410672627, networkLocation: /default-rack, certSerialId: null}, Type:RATIS, Factor:THREE, State:CLOSED]
 0.00% |█                                                                                                    |  0/1 Time: 0:02:532019-09-19 13:08:47,916 [org.apache.ratis.server.impl.LogAppender$AppenderDaemon$$Lambda$514/988605289@4141eb5f] ERROR ratis.XceiverServerRatis (XceiverServerRatis.java:triggerPipelineClose(568)) - pipeline Action CLOSE  on pipeline PipelineID=5d8695b9-2179-4aa7-881b-1c24252b61c3.Reason : fc54a72e-a47f-4136-9ed5-ca4a72c32f0a has not seen follower/s b542397d-0a79-4b2f-bca4-8988c4585f57 for 159973ms cf73b394-96ec-4032-9230-43540487e60d for 159973ms
2019-09-19 13:08:47,916 [org.apache.ratis.server.impl.LogAppender$AppenderDaemon$$Lambda$514/988605289@1db0698b] ERROR ratis.XceiverServerRatis (XceiverServerRatis.java:triggerPipelineClose(568)) - pipeline Action CLOSE  on pipeline PipelineID=5d8695b9-2179-4aa7-881b-1c24252b61c3.Reason : fc54a72e-a47f-4136-9ed5-ca4a72c32f0a has not seen follower/s b542397d-0a79-4b2f-bca4-8988c4585f57 for 159973ms cf73b394-96ec-4032-9230-43540487e60d for 159973ms
2019-09-19 13:08:47,994 [b542397d-0a79-4b2f-bca4-8988c4585f57@group-1C24252B61C3-SegmentedRaftLogWorker] WARN  segmented.SegmentedRaftLogWorker (SegmentedRaftLogWorker.java:getFromFuture(90)) - Timeout 15/~
org.apache.ratis.protocol.TimeoutIOException: Timeout 10s: WriteLog:32: (t:2, i:32), STATEMACHINELOGENTRY, client-6FEDB5C32964, cid=25-writeStateMachineData
	at org.apache.ratis.util.IOUtils.getFromFuture(IOUtils.java:87)
	at org.apache.ratis.server.raftlog.segmented.SegmentedRaftLogWorker$StateMachineDataPolicy.getFromFuture(SegmentedRaftLogWorker.java:87)
	at org.apache.ratis.server.raftlog.segmented.SegmentedRaftLogWorker$WriteLog.execute(SegmentedRaftLogWorker.java:477)
	at org.apache.ratis.server.raftlog.segmented.SegmentedRaftLogWorker.run(SegmentedRaftLogWorker.java:289)
	at java.lang.Thread.run(Thread.java:748)
Caused by: java.util.concurrent.TimeoutException
	at java.util.concurrent.CompletableFuture.timedGet(CompletableFuture.java:1771)
	at java.util.concurrent.CompletableFuture.get(CompletableFuture.java:1915)
	at org.apache.ratis.util.IOUtils.getFromFuture(IOUtils.java:79)
	... 4 more
 0.00% |█                                                                                                    |  0/1 Time: 0:02:542019-09-19 13:08:48,391 [fc54a72e-a47f-4136-9ed5-ca4a72c32f0a@group-1C24252B61C3-SegmentedRaftLogWorker] WARN  segmented.SegmentedRaftLogWorker (SegmentedRaftLogWorker.java:getFromFuture(90)) - Timeout 15/~
org.apache.ratis.protocol.TimeoutIOException: Timeout 10s: WriteLog:34: (t:2, i:34), STATEMACHINELOGENTRY, client-6FEDB5C32964, cid=27-writeStateMachineData
	at org.apache.ratis.util.IOUtils.getFromFuture(IOUtils.java:87)
	at org.apache.ratis.server.raftlog.segmented.SegmentedRaftLogWorker$StateMachineDataPolicy.getFromFuture(SegmentedRaftLogWorker.java:87)
	at org.apache.ratis.server.raftlog.segmented.SegmentedRaftLogWorker$WriteLog.execute(SegmentedRaftLogWorker.java:477)
	at org.apache.ratis.server.raftlog.segmented.SegmentedRaftLogWorker.run(SegmentedRaftLogWorker.java:289)
	at java.lang.Thread.run(Thread.java:748)
Caused by: java.util.concurrent.TimeoutException
	at java.util.concurrent.CompletableFuture.timedGet(CompletableFuture.java:1771)
	at java.util.concurrent.CompletableFuture.get(CompletableFuture.java:1915)
	at org.apache.ratis.util.IOUtils.getFromFuture(IOUtils.java:79)
	... 4 more
2019-09-19 13:08:48,399 [cf73b394-96ec-4032-9230-43540487e60d@group-1C24252B61C3-SegmentedRaftLogWorker] WARN  segmented.SegmentedRaftLogWorker (SegmentedRaftLogWorker.java:getFromFuture(90)) - Timeout 15/~
org.apache.ratis.protocol.TimeoutIOException: Timeout 10s: WriteLog:34: (t:2, i:34), STATEMACHINELOGENTRY, client-6FEDB5C32964, cid=27-writeStateMachineData
	at org.apache.ratis.util.IOUtils.getFromFuture(IOUtils.java:87)
	at org.apache.ratis.server.raftlog.segmented.SegmentedRaftLogWorker$StateMachineDataPolicy.getFromFuture(SegmentedRaftLogWorker.java:87)
	at org.apache.ratis.server.raftlog.segmented.SegmentedRaftLogWorker$WriteLog.execute(SegmentedRaftLogWorker.java:477)
	at org.apache.ratis.server.raftlog.segmented.SegmentedRaftLogWorker.run(SegmentedRaftLogWorker.java:289)
	at java.lang.Thread.run(Thread.java:748)
Caused by: java.util.concurrent.TimeoutException
	at java.util.concurrent.CompletableFuture.timedGet(CompletableFuture.java:1771)
	at java.util.concurrent.CompletableFuture.get(CompletableFuture.java:1915)
	at org.apache.ratis.util.IOUtils.getFromFuture(IOUtils.java:79)
	... 4 more
2019-09-19 13:08:48,403 [EventQueue-PipelineActionsForPipelineActionHandler] ERROR pipeline.PipelineActionHandler (PipelineActionHandler.java:onMessage(60)) - Received pipeline action CLOSE for Pipeline[ Id: 5d8695b9-2179-4aa7-881b-1c24252b61c3, Nodes: fc54a72e-a47f-4136-9ed5-ca4a72c32f0a{ip: 192.168.34.13, host: pr-hdds-2153-g484h-410672627, networkLocation: /default-rack, certSerialId: null}cf73b394-96ec-4032-9230-43540487e60d{ip: 192.168.34.13, host: pr-hdds-2153-g484h-410672627, networkLocation: /default-rack, certSerialId: null}b542397d-0a79-4b2f-bca4-8988c4585f57{ip: 192.168.34.13, host: pr-hdds-2153-g484h-410672627, networkLocation: /default-rack, certSerialId: null}, Type:RATIS, Factor:THREE, State:CLOSED] from datanode fc54a72e-a47f-4136-9ed5-ca4a72c32f0a{ip: 192.168.34.13, host: pr-hdds-2153-g484h-410672627, networkLocation: /default-rack, certSerialId: null}. Reason : fc54a72e-a47f-4136-9ed5-ca4a72c32f0a has not seen follower/s b542397d-0a79-4b2f-bca4-8988c4585f57 for 159973ms cf73b394-96ec-4032-9230-43540487e60d for 159973ms
2019-09-19 13:08:48,403 [EventQueue-PipelineActionsForPipelineActionHandler] INFO  pipeline.SCMPipelineManager (SCMPipelineManager.java:finalizeAndDestroyPipeline(311)) - destroying pipeline:Pipeline[ Id: 5d8695b9-2179-4aa7-881b-1c24252b61c3, Nodes: fc54a72e-a47f-4136-9ed5-ca4a72c32f0a{ip: 192.168.34.13, host: pr-hdds-2153-g484h-410672627, networkLocation: /default-rack, certSerialId: null}cf73b394-96ec-4032-9230-43540487e60d{ip: 192.168.34.13, host: pr-hdds-2153-g484h-410672627, networkLocation: /default-rack, certSerialId: null}b542397d-0a79-4b2f-bca4-8988c4585f57{ip: 192.168.34.13, host: pr-hdds-2153-g484h-410672627, networkLocation: /default-rack, certSerialId: null}, Type:RATIS, Factor:THREE, State:CLOSED]
2019-09-19 13:08:48,414 [java.util.concurrent.ThreadPoolExecutor$Worker@3523dec8[State = -1, empty queue]] WARN  server.GrpcLogAppender (GrpcLogAppender.java:timeoutAppendRequest(200)) - fc54a72e-a47f-4136-9ed5-ca4a72c32f0a@group-1C24252B61C3->b542397d-0a79-4b2f-bca4-8988c4585f57-GrpcLogAppender: appendEntries Timeout, request=fc54a72e-a47f-4136-9ed5-ca4a72c32f0a->b542397d-0a79-4b2f-bca4-8988c4585f57#100-t2, previous=(t:2, i:36), leaderCommit=31, initializing? false, entries: <empty>
2019-09-19 13:08:48,414 [java.util.concurrent.ThreadPoolExecutor$Worker@42bf2603[State = -1, empty queue]] WARN  server.GrpcLogAppender (GrpcLogAppender.java:timeoutAppendRequest(200)) - fc54a72e-a47f-4136-9ed5-ca4a72c32f0a@group-1C24252B61C3->cf73b394-96ec-4032-9230-43540487e60d-GrpcLogAppender: appendEntries Timeout, request=fc54a72e-a47f-4136-9ed5-ca4a72c32f0a->cf73b394-96ec-4032-9230-43540487e60d#100-t2, previous=(t:2, i:36), leaderCommit=31, initializing? false, entries: <empty>
 0.00% |█                                                                                                    |  0/1 Time: 0:02:552019-09-19 13:08:49,634 [grpc-default-executor-5] INFO  client.GrpcClientProtocolClient (GrpcClientProtocolClient.java:onNext(264)) - client-6FEDB5C32964->cf73b394-96ec-4032-9230-43540487e60d: receive RaftClientReply:client-6FEDB5C32964->cf73b394-96ec-4032-9230-43540487e60d@group-1C24252B61C3, cid=25, FAILED org.apache.ratis.protocol.NotLeaderException: Server cf73b394-96ec-4032-9230-43540487e60d@group-1C24252B61C3 is not the leader fc54a72e-a47f-4136-9ed5-ca4a72c32f0a:192.168.34.13:35339, logIndex=0, commits[cf73b394-96ec-4032-9230-43540487e60d:c31, fc54a72e-a47f-4136-9ed5-ca4a72c32f0a:c31, b542397d-0a79-4b2f-bca4-8988c4585f57:c31]
 0.00% |█                                                                                                    |  0/1 Time: 0:02:562019-09-19 13:08:50,416 [org.apache.ratis.server.impl.LogAppender$AppenderDaemon$$Lambda$514/988605289@4141eb5f] ERROR ratis.XceiverServerRatis (XceiverServerRatis.java:triggerPipelineClose(568)) - pipeline Action CLOSE  on pipeline PipelineID=5d8695b9-2179-4aa7-881b-1c24252b61c3.Reason : fc54a72e-a47f-4136-9ed5-ca4a72c32f0a has not seen follower/s b542397d-0a79-4b2f-bca4-8988c4585f57 for 162473ms cf73b394-96ec-4032-9230-43540487e60d for 162474ms
2019-09-19 13:08:50,416 [org.apache.ratis.server.impl.LogAppender$AppenderDaemon$$Lambda$514/988605289@1db0698b] ERROR ratis.XceiverServerRatis (XceiverServerRatis.java:triggerPipelineClose(568)) - pipeline Action CLOSE  on pipeline PipelineID=5d8695b9-2179-4aa7-881b-1c24252b61c3.Reason : fc54a72e-a47f-4136-9ed5-ca4a72c32f0a has not seen follower/s b542397d-0a79-4b2f-bca4-8988c4585f57 for 162474ms cf73b394-96ec-4032-9230-43540487e60d for 162474ms
2019-09-19 13:08:50,915 [java.util.concurrent.ThreadPoolExecutor$Worker@42bf2603[State = -1, empty queue]] WARN  server.GrpcLogAppender (GrpcLogAppender.java:timeoutAppendRequest(200)) - fc54a72e-a47f-4136-9ed5-ca4a72c32f0a@group-1C24252B61C3->cf73b394-96ec-4032-9230-43540487e60d-GrpcLogAppender: appendEntries Timeout, request=fc54a72e-a47f-4136-9ed5-ca4a72c32f0a->cf73b394-96ec-4032-9230-43540487e60d#101-t2, previous=(t:2, i:36), leaderCommit=31, initializing? false, entries: <empty>
2019-09-19 13:08:50,915 [java.util.concurrent.ThreadPoolExecutor$Worker@3523dec8[State = -1, empty queue]] WARN  server.GrpcLogAppender (GrpcLogAppender.java:timeoutAppendRequest(200)) - fc54a72e-a47f-4136-9ed5-ca4a72c32f0a@group-1C24252B61C3->b542397d-0a79-4b2f-bca4-8988c4585f57-GrpcLogAppender: appendEntries Timeout, request=fc54a72e-a47f-4136-9ed5-ca4a72c32f0a->b542397d-0a79-4b2f-bca4-8988c4585f57#101-t2, previous=(t:2, i:36), leaderCommit=31, initializing? false, entries: <empty>
 0.00% |█                                                                                                    |  0/1 Time: 0:02:572019-09-19 13:08:51,403 [EventQueue-PipelineActionsForPipelineActionHandler] ERROR pipeline.PipelineActionHandler (PipelineActionHandler.java:onMessage(60)) - Received pipeline action CLOSE for Pipeline[ Id: 5d8695b9-2179-4aa7-881b-1c24252b61c3, Nodes: fc54a72e-a47f-4136-9ed5-ca4a72c32f0a{ip: 192.168.34.13, host: pr-hdds-2153-g484h-410672627, networkLocation: /default-rack, certSerialId: null}cf73b394-96ec-4032-9230-43540487e60d{ip: 192.168.34.13, host: pr-hdds-2153-g484h-410672627, networkLocation: /default-rack, certSerialId: null}b542397d-0a79-4b2f-bca4-8988c4585f57{ip: 192.168.34.13, host: pr-hdds-2153-g484h-410672627, networkLocation: /default-rack, certSerialId: null}, Type:RATIS, Factor:THREE, State:CLOSED] from datanode fc54a72e-a47f-4136-9ed5-ca4a72c32f0a{ip: 192.168.34.13, host: pr-hdds-2153-g484h-410672627, networkLocation: /default-rack, certSerialId: null}. Reason : fc54a72e-a47f-4136-9ed5-ca4a72c32f0a has not seen follower/s b542397d-0a79-4b2f-bca4-8988c4585f57 for 162473ms cf73b394-96ec-4032-9230-43540487e60d for 162474ms
2019-09-19 13:08:51,403 [EventQueue-PipelineActionsForPipelineActionHandler] INFO  pipeline.SCMPipelineManager (SCMPipelineManager.java:finalizeAndDestroyPipeline(311)) - destroying pipeline:Pipeline[ Id: 5d8695b9-2179-4aa7-881b-1c24252b61c3, Nodes: fc54a72e-a47f-4136-9ed5-ca4a72c32f0a{ip: 192.168.34.13, host: pr-hdds-2153-g484h-410672627, networkLocation: /default-rack, certSerialId: null}cf73b394-96ec-4032-9230-43540487e60d{ip: 192.168.34.13, host: pr-hdds-2153-g484h-410672627, networkLocation: /default-rack, certSerialId: null}b542397d-0a79-4b2f-bca4-8988c4585f57{ip: 192.168.34.13, host: pr-hdds-2153-g484h-410672627, networkLocation: /default-rack, certSerialId: null}, Type:RATIS, Factor:THREE, State:CLOSED]
 0.00% |█                                                                                                    |  0/1 Time: 0:02:582019-09-19 13:08:52,917 [org.apache.ratis.server.impl.LogAppender$AppenderDaemon$$Lambda$514/988605289@1db0698b] ERROR ratis.XceiverServerRatis (XceiverServerRatis.java:triggerPipelineClose(568)) - pipeline Action CLOSE  on pipeline PipelineID=5d8695b9-2179-4aa7-881b-1c24252b61c3.Reason : fc54a72e-a47f-4136-9ed5-ca4a72c32f0a has not seen follower/s b542397d-0a79-4b2f-bca4-8988c4585f57 for 164974ms cf73b394-96ec-4032-9230-43540487e60d for 164975ms
2019-09-19 13:08:52,917 [org.apache.ratis.server.impl.LogAppender$AppenderDaemon$$Lambda$514/988605289@4141eb5f] ERROR ratis.XceiverServerRatis (XceiverServerRatis.java:triggerPipelineClose(568)) - pipeline Action CLOSE  on pipeline PipelineID=5d8695b9-2179-4aa7-881b-1c24252b61c3.Reason : fc54a72e-a47f-4136-9ed5-ca4a72c32f0a has not seen follower/s b542397d-0a79-4b2f-bca4-8988c4585f57 for 164974ms cf73b394-96ec-4032-9230-43540487e60d for 164975ms
 0.00% |█                                                                                                    |  0/1 Time: 0:02:592019-09-19 13:08:53,405 [EventQueue-PipelineActionsForPipelineActionHandler] ERROR pipeline.PipelineActionHandler (PipelineActionHandler.java:onMessage(60)) - Received pipeline action CLOSE for Pipeline[ Id: 5d8695b9-2179-4aa7-881b-1c24252b61c3, Nodes: fc54a72e-a47f-4136-9ed5-ca4a72c32f0a{ip: 192.168.34.13, host: pr-hdds-2153-g484h-410672627, networkLocation: /default-rack, certSerialId: null}cf73b394-96ec-4032-9230-43540487e60d{ip: 192.168.34.13, host: pr-hdds-2153-g484h-410672627, networkLocation: /default-rack, certSerialId: null}b542397d-0a79-4b2f-bca4-8988c4585f57{ip: 192.168.34.13, host: pr-hdds-2153-g484h-410672627, networkLocation: /default-rack, certSerialId: null}, Type:RATIS, Factor:THREE, State:CLOSED] from datanode fc54a72e-a47f-4136-9ed5-ca4a72c32f0a{ip: 192.168.34.13, host: pr-hdds-2153-g484h-410672627, networkLocation: /default-rack, certSerialId: null}. Reason : fc54a72e-a47f-4136-9ed5-ca4a72c32f0a has not seen follower/s b542397d-0a79-4b2f-bca4-8988c4585f57 for 164974ms cf73b394-96ec-4032-9230-43540487e60d for 164975ms
2019-09-19 13:08:53,405 [EventQueue-PipelineActionsForPipelineActionHandler] INFO  pipeline.SCMPipelineManager (SCMPipelineManager.java:finalizeAndDestroyPipeline(311)) - destroying pipeline:Pipeline[ Id: 5d8695b9-2179-4aa7-881b-1c24252b61c3, Nodes: fc54a72e-a47f-4136-9ed5-ca4a72c32f0a{ip: 192.168.34.13, host: pr-hdds-2153-g484h-410672627, networkLocation: /default-rack, certSerialId: null}cf73b394-96ec-4032-9230-43540487e60d{ip: 192.168.34.13, host: pr-hdds-2153-g484h-410672627, networkLocation: /default-rack, certSerialId: null}b542397d-0a79-4b2f-bca4-8988c4585f57{ip: 192.168.34.13, host: pr-hdds-2153-g484h-410672627, networkLocation: /default-rack, certSerialId: null}, Type:RATIS, Factor:THREE, State:CLOSED]
2019-09-19 13:08:53,416 [java.util.concurrent.ThreadPoolExecutor$Worker@42bf2603[State = -1, empty queue]] WARN  server.GrpcLogAppender (GrpcLogAppender.java:timeoutAppendRequest(200)) - fc54a72e-a47f-4136-9ed5-ca4a72c32f0a@group-1C24252B61C3->cf73b394-96ec-4032-9230-43540487e60d-GrpcLogAppender: appendEntries Timeout, request=fc54a72e-a47f-4136-9ed5-ca4a72c32f0a->cf73b394-96ec-4032-9230-43540487e60d#102-t2, previous=(t:2, i:36), leaderCommit=31, initializing? false, entries: <empty>
2019-09-19 13:08:53,416 [java.util.concurrent.ThreadPoolExecutor$Worker@3523dec8[State = -1, empty queue]] WARN  server.GrpcLogAppender (GrpcLogAppender.java:timeoutAppendRequest(200)) - fc54a72e-a47f-4136-9ed5-ca4a72c32f0a@group-1C24252B61C3->b542397d-0a79-4b2f-bca4-8988c4585f57-GrpcLogAppender: appendEntries Timeout, request=fc54a72e-a47f-4136-9ed5-ca4a72c32f0a->b542397d-0a79-4b2f-bca4-8988c4585f57#102-t2, previous=(t:2, i:36), leaderCommit=31, initializing? false, entries: <empty>
 0.00% |█                                                                                                    |  0/1 Time: 0:03:002019-09-19 13:08:54,687 [grpc-default-executor-5] INFO  client.GrpcClientProtocolClient (GrpcClientProtocolClient.java:onNext(264)) - client-6FEDB5C32964->cf73b394-96ec-4032-9230-43540487e60d: receive RaftClientReply:client-6FEDB5C32964->cf73b394-96ec-4032-9230-43540487e60d@group-1C24252B61C3, cid=25, FAILED org.apache.ratis.protocol.NotLeaderException: Server cf73b394-96ec-4032-9230-43540487e60d@group-1C24252B61C3 is not the leader fc54a72e-a47f-4136-9ed5-ca4a72c32f0a:192.168.34.13:35339, logIndex=0, commits[cf73b394-96ec-4032-9230-43540487e60d:c31, fc54a72e-a47f-4136-9ed5-ca4a72c32f0a:c31, b542397d-0a79-4b2f-bca4-8988c4585f57:c31]
 0.00% |█                                                                                                    |  0/1 Time: 0:03:012019-09-19 13:08:55,418 [org.apache.ratis.server.impl.LogAppender$AppenderDaemon$$Lambda$514/988605289@4141eb5f] ERROR ratis.XceiverServerRatis (XceiverServerRatis.java:triggerPipelineClose(568)) - pipeline Action CLOSE  on pipeline PipelineID=5d8695b9-2179-4aa7-881b-1c24252b61c3.Reason : fc54a72e-a47f-4136-9ed5-ca4a72c32f0a has not seen follower/s b542397d-0a79-4b2f-bca4-8988c4585f57 for 167476ms cf73b394-96ec-4032-9230-43540487e60d for 167476ms
2019-09-19 13:08:55,418 [org.apache.ratis.server.impl.LogAppender$AppenderDaemon$$Lambda$514/988605289@1db0698b] ERROR ratis.XceiverServerRatis (XceiverServerRatis.java:triggerPipelineClose(568)) - pipeline Action CLOSE  on pipeline PipelineID=5d8695b9-2179-4aa7-881b-1c24252b61c3.Reason : fc54a72e-a47f-4136-9ed5-ca4a72c32f0a has not seen follower/s b542397d-0a79-4b2f-bca4-8988c4585f57 for 167476ms cf73b394-96ec-4032-9230-43540487e60d for 167476ms
2019-09-19 13:08:55,917 [java.util.concurrent.ThreadPoolExecutor$Worker@3523dec8[State = -1, empty queue]] WARN  server.GrpcLogAppender (GrpcLogAppender.java:timeoutAppendRequest(200)) - fc54a72e-a47f-4136-9ed5-ca4a72c32f0a@group-1C24252B61C3->b542397d-0a79-4b2f-bca4-8988c4585f57-GrpcLogAppender: appendEntries Timeout, request=fc54a72e-a47f-4136-9ed5-ca4a72c32f0a->b542397d-0a79-4b2f-bca4-8988c4585f57#103-t2, previous=(t:2, i:36), leaderCommit=31, initializing? false, entries: <empty>
2019-09-19 13:08:55,917 [java.util.concurrent.ThreadPoolExecutor$Worker@42bf2603[State = -1, empty queue]] WARN  server.GrpcLogAppender (GrpcLogAppender.java:timeoutAppendRequest(200)) - fc54a72e-a47f-4136-9ed5-ca4a72c32f0a@group-1C24252B61C3->cf73b394-96ec-4032-9230-43540487e60d-GrpcLogAppender: appendEntries Timeout, request=fc54a72e-a47f-4136-9ed5-ca4a72c32f0a->cf73b394-96ec-4032-9230-43540487e60d#103-t2, previous=(t:2, i:36), leaderCommit=31, initializing? false, entries: <empty>
 0.00% |█                                                                                                    |  0/1 Time: 0:03:022019-09-19 13:08:56,404 [EventQueue-PipelineActionsForPipelineActionHandler] ERROR pipeline.PipelineActionHandler (PipelineActionHandler.java:onMessage(60)) - Received pipeline action CLOSE for Pipeline[ Id: 5d8695b9-2179-4aa7-881b-1c24252b61c3, Nodes: fc54a72e-a47f-4136-9ed5-ca4a72c32f0a{ip: 192.168.34.13, host: pr-hdds-2153-g484h-410672627, networkLocation: /default-rack, certSerialId: null}cf73b394-96ec-4032-9230-43540487e60d{ip: 192.168.34.13, host: pr-hdds-2153-g484h-410672627, networkLocation: /default-rack, certSerialId: null}b542397d-0a79-4b2f-bca4-8988c4585f57{ip: 192.168.34.13, host: pr-hdds-2153-g484h-410672627, networkLocation: /default-rack, certSerialId: null}, Type:RATIS, Factor:THREE, State:CLOSED] from datanode fc54a72e-a47f-4136-9ed5-ca4a72c32f0a{ip: 192.168.34.13, host: pr-hdds-2153-g484h-410672627, networkLocation: /default-rack, certSerialId: null}. Reason : fc54a72e-a47f-4136-9ed5-ca4a72c32f0a has not seen follower/s b542397d-0a79-4b2f-bca4-8988c4585f57 for 167476ms cf73b394-96ec-4032-9230-43540487e60d for 167476ms
2019-09-19 13:08:56,405 [EventQueue-PipelineActionsForPipelineActionHandler] INFO  pipeline.SCMPipelineManager (SCMPipelineManager.java:finalizeAndDestroyPipeline(311)) - destroying pipeline:Pipeline[ Id: 5d8695b9-2179-4aa7-881b-1c24252b61c3, Nodes: fc54a72e-a47f-4136-9ed5-ca4a72c32f0a{ip: 192.168.34.13, host: pr-hdds-2153-g484h-410672627, networkLocation: /default-rack, certSerialId: null}cf73b394-96ec-4032-9230-43540487e60d{ip: 192.168.34.13, host: pr-hdds-2153-g484h-410672627, networkLocation: /default-rack, certSerialId: null}b542397d-0a79-4b2f-bca4-8988c4585f57{ip: 192.168.34.13, host: pr-hdds-2153-g484h-410672627, networkLocation: /default-rack, certSerialId: null}, Type:RATIS, Factor:THREE, State:CLOSED]
 0.00% |█                                                                                                    |  0/1 Time: 0:03:032019-09-19 13:08:57,920 [org.apache.ratis.server.impl.LogAppender$AppenderDaemon$$Lambda$514/988605289@4141eb5f] ERROR ratis.XceiverServerRatis (XceiverServerRatis.java:triggerPipelineClose(568)) - pipeline Action CLOSE  on pipeline PipelineID=5d8695b9-2179-4aa7-881b-1c24252b61c3.Reason : fc54a72e-a47f-4136-9ed5-ca4a72c32f0a has not seen follower/s b542397d-0a79-4b2f-bca4-8988c4585f57 for 169977ms cf73b394-96ec-4032-9230-43540487e60d for 169977ms
2019-09-19 13:08:57,920 [org.apache.ratis.server.impl.LogAppender$AppenderDaemon$$Lambda$514/988605289@1db0698b] ERROR ratis.XceiverServerRatis (XceiverServerRatis.java:triggerPipelineClose(568)) - pipeline Action CLOSE  on pipeline PipelineID=5d8695b9-2179-4aa7-881b-1c24252b61c3.Reason : fc54a72e-a47f-4136-9ed5-ca4a72c32f0a has not seen follower/s b542397d-0a79-4b2f-bca4-8988c4585f57 for 169977ms cf73b394-96ec-4032-9230-43540487e60d for 169977ms
2019-09-19 13:08:57,995 [b542397d-0a79-4b2f-bca4-8988c4585f57@group-1C24252B61C3-SegmentedRaftLogWorker] WARN  segmented.SegmentedRaftLogWorker (SegmentedRaftLogWorker.java:getFromFuture(90)) - Timeout 16/~
org.apache.ratis.protocol.TimeoutIOException: Timeout 10s: WriteLog:32: (t:2, i:32), STATEMACHINELOGENTRY, client-6FEDB5C32964, cid=25-writeStateMachineData
	at org.apache.ratis.util.IOUtils.getFromFuture(IOUtils.java:87)
	at org.apache.ratis.server.raftlog.segmented.SegmentedRaftLogWorker$StateMachineDataPolicy.getFromFuture(SegmentedRaftLogWorker.java:87)
	at org.apache.ratis.server.raftlog.segmented.SegmentedRaftLogWorker$WriteLog.execute(SegmentedRaftLogWorker.java:477)
	at org.apache.ratis.server.raftlog.segmented.SegmentedRaftLogWorker.run(SegmentedRaftLogWorker.java:289)
	at java.lang.Thread.run(Thread.java:748)
Caused by: java.util.concurrent.TimeoutException
	at java.util.concurrent.CompletableFuture.timedGet(CompletableFuture.java:1771)
	at java.util.concurrent.CompletableFuture.get(CompletableFuture.java:1915)
	at org.apache.ratis.util.IOUtils.getFromFuture(IOUtils.java:79)
	... 4 more
 0.00% |█                                                                                                    |  0/1 Time: 0:03:042019-09-19 13:08:58,400 [cf73b394-96ec-4032-9230-43540487e60d@group-1C24252B61C3-SegmentedRaftLogWorker] WARN  segmented.SegmentedRaftLogWorker (SegmentedRaftLogWorker.java:getFromFuture(90)) - Timeout 16/~
org.apache.ratis.protocol.TimeoutIOException: Timeout 10s: WriteLog:34: (t:2, i:34), STATEMACHINELOGENTRY, client-6FEDB5C32964, cid=27-writeStateMachineData
	at org.apache.ratis.util.IOUtils.getFromFuture(IOUtils.java:87)
	at org.apache.ratis.server.raftlog.segmented.SegmentedRaftLogWorker$StateMachineDataPolicy.getFromFuture(SegmentedRaftLogWorker.java:87)
	at org.apache.ratis.server.raftlog.segmented.SegmentedRaftLogWorker$WriteLog.execute(SegmentedRaftLogWorker.java:477)
	at org.apache.ratis.server.raftlog.segmented.SegmentedRaftLogWorker.run(SegmentedRaftLogWorker.java:289)
	at java.lang.Thread.run(Thread.java:748)
Caused by: java.util.concurrent.TimeoutException
	at java.util.concurrent.CompletableFuture.timedGet(CompletableFuture.java:1771)
	at java.util.concurrent.CompletableFuture.get(CompletableFuture.java:1915)
	at org.apache.ratis.util.IOUtils.getFromFuture(IOUtils.java:79)
	... 4 more
2019-09-19 13:08:58,400 [fc54a72e-a47f-4136-9ed5-ca4a72c32f0a@group-1C24252B61C3-SegmentedRaftLogWorker] WARN  segmented.SegmentedRaftLogWorker (SegmentedRaftLogWorker.java:getFromFuture(90)) - Timeout 16/~
org.apache.ratis.protocol.TimeoutIOException: Timeout 10s: WriteLog:34: (t:2, i:34), STATEMACHINELOGENTRY, client-6FEDB5C32964, cid=27-writeStateMachineData
	at org.apache.ratis.util.IOUtils.getFromFuture(IOUtils.java:87)
	at org.apache.ratis.server.raftlog.segmented.SegmentedRaftLogWorker$StateMachineDataPolicy.getFromFuture(SegmentedRaftLogWorker.java:87)
	at org.apache.ratis.server.raftlog.segmented.SegmentedRaftLogWorker$WriteLog.execute(SegmentedRaftLogWorker.java:477)
	at org.apache.ratis.server.raftlog.segmented.SegmentedRaftLogWorker.run(SegmentedRaftLogWorker.java:289)
	at java.lang.Thread.run(Thread.java:748)
Caused by: java.util.concurrent.TimeoutException
	at java.util.concurrent.CompletableFuture.timedGet(CompletableFuture.java:1771)
	at java.util.concurrent.CompletableFuture.get(CompletableFuture.java:1915)
	at org.apache.ratis.util.IOUtils.getFromFuture(IOUtils.java:79)
	... 4 more
2019-09-19 13:08:58,404 [EventQueue-PipelineActionsForPipelineActionHandler] ERROR pipeline.PipelineActionHandler (PipelineActionHandler.java:onMessage(60)) - Received pipeline action CLOSE for Pipeline[ Id: 5d8695b9-2179-4aa7-881b-1c24252b61c3, Nodes: fc54a72e-a47f-4136-9ed5-ca4a72c32f0a{ip: 192.168.34.13, host: pr-hdds-2153-g484h-410672627, networkLocation: /default-rack, certSerialId: null}cf73b394-96ec-4032-9230-43540487e60d{ip: 192.168.34.13, host: pr-hdds-2153-g484h-410672627, networkLocation: /default-rack, certSerialId: null}b542397d-0a79-4b2f-bca4-8988c4585f57{ip: 192.168.34.13, host: pr-hdds-2153-g484h-410672627, networkLocation: /default-rack, certSerialId: null}, Type:RATIS, Factor:THREE, State:CLOSED] from datanode fc54a72e-a47f-4136-9ed5-ca4a72c32f0a{ip: 192.168.34.13, host: pr-hdds-2153-g484h-410672627, networkLocation: /default-rack, certSerialId: null}. Reason : fc54a72e-a47f-4136-9ed5-ca4a72c32f0a has not seen follower/s b542397d-0a79-4b2f-bca4-8988c4585f57 for 169977ms cf73b394-96ec-4032-9230-43540487e60d for 169977ms
2019-09-19 13:08:58,405 [EventQueue-PipelineActionsForPipelineActionHandler] INFO  pipeline.SCMPipelineManager (SCMPipelineManager.java:finalizeAndDestroyPipeline(311)) - destroying pipeline:Pipeline[ Id: 5d8695b9-2179-4aa7-881b-1c24252b61c3, Nodes: fc54a72e-a47f-4136-9ed5-ca4a72c32f0a{ip: 192.168.34.13, host: pr-hdds-2153-g484h-410672627, networkLocation: /default-rack, certSerialId: null}cf73b394-96ec-4032-9230-43540487e60d{ip: 192.168.34.13, host: pr-hdds-2153-g484h-410672627, networkLocation: /default-rack, certSerialId: null}b542397d-0a79-4b2f-bca4-8988c4585f57{ip: 192.168.34.13, host: pr-hdds-2153-g484h-410672627, networkLocation: /default-rack, certSerialId: null}, Type:RATIS, Factor:THREE, State:CLOSED]
2019-09-19 13:08:58,418 [java.util.concurrent.ThreadPoolExecutor$Worker@42bf2603[State = -1, empty queue]] WARN  server.GrpcLogAppender (GrpcLogAppender.java:timeoutAppendRequest(200)) - fc54a72e-a47f-4136-9ed5-ca4a72c32f0a@group-1C24252B61C3->cf73b394-96ec-4032-9230-43540487e60d-GrpcLogAppender: appendEntries Timeout, request=fc54a72e-a47f-4136-9ed5-ca4a72c32f0a->cf73b394-96ec-4032-9230-43540487e60d#104-t2, previous=(t:2, i:36), leaderCommit=31, initializing? false, entries: <empty>
2019-09-19 13:08:58,418 [java.util.concurrent.ThreadPoolExecutor$Worker@3523dec8[State = -1, empty queue]] WARN  server.GrpcLogAppender (GrpcLogAppender.java:timeoutAppendRequest(200)) - fc54a72e-a47f-4136-9ed5-ca4a72c32f0a@group-1C24252B61C3->b542397d-0a79-4b2f-bca4-8988c4585f57-GrpcLogAppender: appendEntries Timeout, request=fc54a72e-a47f-4136-9ed5-ca4a72c32f0a->b542397d-0a79-4b2f-bca4-8988c4585f57#104-t2, previous=(t:2, i:36), leaderCommit=31, initializing? false, entries: <empty>
 0.00% |█                                                                                                    |  0/1 Time: 0:03:052019-09-19 13:08:59,750 [grpc-default-executor-3] INFO  client.GrpcClientProtocolClient (GrpcClientProtocolClient.java:onNext(264)) - client-6FEDB5C32964->b542397d-0a79-4b2f-bca4-8988c4585f57: receive RaftClientReply:client-6FEDB5C32964->b542397d-0a79-4b2f-bca4-8988c4585f57@group-1C24252B61C3, cid=25, FAILED org.apache.ratis.protocol.NotLeaderException: Server b542397d-0a79-4b2f-bca4-8988c4585f57@group-1C24252B61C3 is not the leader fc54a72e-a47f-4136-9ed5-ca4a72c32f0a:192.168.34.13:35339, logIndex=0, commits[b542397d-0a79-4b2f-bca4-8988c4585f57:c31, fc54a72e-a47f-4136-9ed5-ca4a72c32f0a:c31, cf73b394-96ec-4032-9230-43540487e60d:c31]
 0.00% |█                                                                                                    |  0/1 Time: 0:03:062019-09-19 13:09:00,421 [org.apache.ratis.server.impl.LogAppender$AppenderDaemon$$Lambda$514/988605289@1db0698b] ERROR ratis.XceiverServerRatis (XceiverServerRatis.java:triggerPipelineClose(568)) - pipeline Action CLOSE  on pipeline PipelineID=5d8695b9-2179-4aa7-881b-1c24252b61c3.Reason : fc54a72e-a47f-4136-9ed5-ca4a72c32f0a has not seen follower/s b542397d-0a79-4b2f-bca4-8988c4585f57 for 172478ms cf73b394-96ec-4032-9230-43540487e60d for 172478ms
2019-09-19 13:09:00,421 [org.apache.ratis.server.impl.LogAppender$AppenderDaemon$$Lambda$514/988605289@4141eb5f] ERROR ratis.XceiverServerRatis (XceiverServerRatis.java:triggerPipelineClose(568)) - pipeline Action CLOSE  on pipeline PipelineID=5d8695b9-2179-4aa7-881b-1c24252b61c3.Reason : fc54a72e-a47f-4136-9ed5-ca4a72c32f0a has not seen follower/s b542397d-0a79-4b2f-bca4-8988c4585f57 for 172478ms cf73b394-96ec-4032-9230-43540487e60d for 172478ms
2019-09-19 13:09:00,920 [java.util.concurrent.ThreadPoolExecutor$Worker@42bf2603[State = -1, empty queue]] WARN  server.GrpcLogAppender (GrpcLogAppender.java:timeoutAppendRequest(200)) - fc54a72e-a47f-4136-9ed5-ca4a72c32f0a@group-1C24252B61C3->cf73b394-96ec-4032-9230-43540487e60d-GrpcLogAppender: appendEntries Timeout, request=fc54a72e-a47f-4136-9ed5-ca4a72c32f0a->cf73b394-96ec-4032-9230-43540487e60d#105-t2, previous=(t:2, i:36), leaderCommit=31, initializing? false, entries: <empty>
2019-09-19 13:09:00,920 [java.util.concurrent.ThreadPoolExecutor$Worker@3523dec8[State = -1, empty queue]] WARN  server.GrpcLogAppender (GrpcLogAppender.java:timeoutAppendRequest(200)) - fc54a72e-a47f-4136-9ed5-ca4a72c32f0a@group-1C24252B61C3->b542397d-0a79-4b2f-bca4-8988c4585f57-GrpcLogAppender: appendEntries Timeout, request=fc54a72e-a47f-4136-9ed5-ca4a72c32f0a->b542397d-0a79-4b2f-bca4-8988c4585f57#105-t2, previous=(t:2, i:36), leaderCommit=31, initializing? false, entries: <empty>
 0.00% |█                                                                                                    |  0/1 Time: 0:03:072019-09-19 13:09:01,405 [EventQueue-PipelineActionsForPipelineActionHandler] ERROR pipeline.PipelineActionHandler (PipelineActionHandler.java:onMessage(60)) - Received pipeline action CLOSE for Pipeline[ Id: 5d8695b9-2179-4aa7-881b-1c24252b61c3, Nodes: fc54a72e-a47f-4136-9ed5-ca4a72c32f0a{ip: 192.168.34.13, host: pr-hdds-2153-g484h-410672627, networkLocation: /default-rack, certSerialId: null}cf73b394-96ec-4032-9230-43540487e60d{ip: 192.168.34.13, host: pr-hdds-2153-g484h-410672627, networkLocation: /default-rack, certSerialId: null}b542397d-0a79-4b2f-bca4-8988c4585f57{ip: 192.168.34.13, host: pr-hdds-2153-g484h-410672627, networkLocation: /default-rack, certSerialId: null}, Type:RATIS, Factor:THREE, State:CLOSED] from datanode fc54a72e-a47f-4136-9ed5-ca4a72c32f0a{ip: 192.168.34.13, host: pr-hdds-2153-g484h-410672627, networkLocation: /default-rack, certSerialId: null}. Reason : fc54a72e-a47f-4136-9ed5-ca4a72c32f0a has not seen follower/s b542397d-0a79-4b2f-bca4-8988c4585f57 for 172478ms cf73b394-96ec-4032-9230-43540487e60d for 172478ms
2019-09-19 13:09:01,405 [EventQueue-PipelineActionsForPipelineActionHandler] INFO  pipeline.SCMPipelineManager (SCMPipelineManager.java:finalizeAndDestroyPipeline(311)) - destroying pipeline:Pipeline[ Id: 5d8695b9-2179-4aa7-881b-1c24252b61c3, Nodes: fc54a72e-a47f-4136-9ed5-ca4a72c32f0a{ip: 192.168.34.13, host: pr-hdds-2153-g484h-410672627, networkLocation: /default-rack, certSerialId: null}cf73b394-96ec-4032-9230-43540487e60d{ip: 192.168.34.13, host: pr-hdds-2153-g484h-410672627, networkLocation: /default-rack, certSerialId: null}b542397d-0a79-4b2f-bca4-8988c4585f57{ip: 192.168.34.13, host: pr-hdds-2153-g484h-410672627, networkLocation: /default-rack, certSerialId: null}, Type:RATIS, Factor:THREE, State:CLOSED]
 0.00% |█                                                                                                    |  0/1 Time: 0:03:082019-09-19 13:09:02,925 [org.apache.ratis.server.impl.LogAppender$AppenderDaemon$$Lambda$514/988605289@4141eb5f] ERROR ratis.XceiverServerRatis (XceiverServerRatis.java:triggerPipelineClose(568)) - pipeline Action CLOSE  on pipeline PipelineID=5d8695b9-2179-4aa7-881b-1c24252b61c3.Reason : fc54a72e-a47f-4136-9ed5-ca4a72c32f0a has not seen follower/s b542397d-0a79-4b2f-bca4-8988c4585f57 for 174982ms cf73b394-96ec-4032-9230-43540487e60d for 174982ms
2019-09-19 13:09:02,925 [org.apache.ratis.server.impl.LogAppender$AppenderDaemon$$Lambda$514/988605289@1db0698b] ERROR ratis.XceiverServerRatis (XceiverServerRatis.java:triggerPipelineClose(568)) - pipeline Action CLOSE  on pipeline PipelineID=5d8695b9-2179-4aa7-881b-1c24252b61c3.Reason : fc54a72e-a47f-4136-9ed5-ca4a72c32f0a has not seen follower/s b542397d-0a79-4b2f-bca4-8988c4585f57 for 174982ms cf73b394-96ec-4032-9230-43540487e60d for 174982ms
 0.00% |█                                                                                                    |  0/1 Time: 0:03:092019-09-19 13:09:03,407 [EventQueue-PipelineActionsForPipelineActionHandler] ERROR pipeline.PipelineActionHandler (PipelineActionHandler.java:onMessage(60)) - Received pipeline action CLOSE for Pipeline[ Id: 5d8695b9-2179-4aa7-881b-1c24252b61c3, Nodes: fc54a72e-a47f-4136-9ed5-ca4a72c32f0a{ip: 192.168.34.13, host: pr-hdds-2153-g484h-410672627, networkLocation: /default-rack, certSerialId: null}cf73b394-96ec-4032-9230-43540487e60d{ip: 192.168.34.13, host: pr-hdds-2153-g484h-410672627, networkLocation: /default-rack, certSerialId: null}b542397d-0a79-4b2f-bca4-8988c4585f57{ip: 192.168.34.13, host: pr-hdds-2153-g484h-410672627, networkLocation: /default-rack, certSerialId: null}, Type:RATIS, Factor:THREE, State:CLOSED] from datanode fc54a72e-a47f-4136-9ed5-ca4a72c32f0a{ip: 192.168.34.13, host: pr-hdds-2153-g484h-410672627, networkLocation: /default-rack, certSerialId: null}. Reason : fc54a72e-a47f-4136-9ed5-ca4a72c32f0a has not seen follower/s b542397d-0a79-4b2f-bca4-8988c4585f57 for 174982ms cf73b394-96ec-4032-9230-43540487e60d for 174982ms
2019-09-19 13:09:03,407 [EventQueue-PipelineActionsForPipelineActionHandler] INFO  pipeline.SCMPipelineManager (SCMPipelineManager.java:finalizeAndDestroyPipeline(311)) - destroying pipeline:Pipeline[ Id: 5d8695b9-2179-4aa7-881b-1c24252b61c3, Nodes: fc54a72e-a47f-4136-9ed5-ca4a72c32f0a{ip: 192.168.34.13, host: pr-hdds-2153-g484h-410672627, networkLocation: /default-rack, certSerialId: null}cf73b394-96ec-4032-9230-43540487e60d{ip: 192.168.34.13, host: pr-hdds-2153-g484h-410672627, networkLocation: /default-rack, certSerialId: null}b542397d-0a79-4b2f-bca4-8988c4585f57{ip: 192.168.34.13, host: pr-hdds-2153-g484h-410672627, networkLocation: /default-rack, certSerialId: null}, Type:RATIS, Factor:THREE, State:CLOSED]
2019-09-19 13:09:03,421 [java.util.concurrent.ThreadPoolExecutor$Worker@42bf2603[State = -1, empty queue]] WARN  server.GrpcLogAppender (GrpcLogAppender.java:timeoutAppendRequest(200)) - fc54a72e-a47f-4136-9ed5-ca4a72c32f0a@group-1C24252B61C3->cf73b394-96ec-4032-9230-43540487e60d-GrpcLogAppender: appendEntries Timeout, request=fc54a72e-a47f-4136-9ed5-ca4a72c32f0a->cf73b394-96ec-4032-9230-43540487e60d#106-t2, previous=(t:2, i:36), leaderCommit=31, initializing? false, entries: <empty>
2019-09-19 13:09:03,421 [java.util.concurrent.ThreadPoolExecutor$Worker@3523dec8[State = -1, empty queue]] WARN  server.GrpcLogAppender (GrpcLogAppender.java:timeoutAppendRequest(200)) - fc54a72e-a47f-4136-9ed5-ca4a72c32f0a@group-1C24252B61C3->b542397d-0a79-4b2f-bca4-8988c4585f57-GrpcLogAppender: appendEntries Timeout, request=fc54a72e-a47f-4136-9ed5-ca4a72c32f0a->b542397d-0a79-4b2f-bca4-8988c4585f57#106-t2, previous=(t:2, i:36), leaderCommit=31, initializing? false, entries: <empty>
 0.00% |█                                                                                                    |  0/1 Time: 0:03:102019-09-19 13:09:04,792 [grpc-default-executor-5] INFO  client.GrpcClientProtocolClient (GrpcClientProtocolClient.java:onNext(264)) - client-6FEDB5C32964->cf73b394-96ec-4032-9230-43540487e60d: receive RaftClientReply:client-6FEDB5C32964->cf73b394-96ec-4032-9230-43540487e60d@group-1C24252B61C3, cid=25, FAILED org.apache.ratis.protocol.NotLeaderException: Server cf73b394-96ec-4032-9230-43540487e60d@group-1C24252B61C3 is not the leader fc54a72e-a47f-4136-9ed5-ca4a72c32f0a:192.168.34.13:35339, logIndex=0, commits[cf73b394-96ec-4032-9230-43540487e60d:c31, fc54a72e-a47f-4136-9ed5-ca4a72c32f0a:c31, b542397d-0a79-4b2f-bca4-8988c4585f57:c31]
 0.00% |█                                                                                                    |  0/1 Time: 0:03:112019-09-19 13:09:05,425 [org.apache.ratis.server.impl.LogAppender$AppenderDaemon$$Lambda$514/988605289@4141eb5f] ERROR ratis.XceiverServerRatis (XceiverServerRatis.java:triggerPipelineClose(568)) - pipeline Action CLOSE  on pipeline PipelineID=5d8695b9-2179-4aa7-881b-1c24252b61c3.Reason : fc54a72e-a47f-4136-9ed5-ca4a72c32f0a has not seen follower/s b542397d-0a79-4b2f-bca4-8988c4585f57 for 177482ms cf73b394-96ec-4032-9230-43540487e60d for 177482ms
2019-09-19 13:09:05,425 [org.apache.ratis.server.impl.LogAppender$AppenderDaemon$$Lambda$514/988605289@1db0698b] ERROR ratis.XceiverServerRatis (XceiverServerRatis.java:triggerPipelineClose(568)) - pipeline Action CLOSE  on pipeline PipelineID=5d8695b9-2179-4aa7-881b-1c24252b61c3.Reason : fc54a72e-a47f-4136-9ed5-ca4a72c32f0a has not seen follower/s b542397d-0a79-4b2f-bca4-8988c4585f57 for 177482ms cf73b394-96ec-4032-9230-43540487e60d for 177482ms
2019-09-19 13:09:05,924 [java.util.concurrent.ThreadPoolExecutor$Worker@3523dec8[State = -1, empty queue]] WARN  server.GrpcLogAppender (GrpcLogAppender.java:timeoutAppendRequest(200)) - fc54a72e-a47f-4136-9ed5-ca4a72c32f0a@group-1C24252B61C3->b542397d-0a79-4b2f-bca4-8988c4585f57-GrpcLogAppender: appendEntries Timeout, request=fc54a72e-a47f-4136-9ed5-ca4a72c32f0a->b542397d-0a79-4b2f-bca4-8988c4585f57#107-t2, previous=(t:2, i:36), leaderCommit=31, initializing? false, entries: <empty>
2019-09-19 13:09:05,924 [java.util.concurrent.ThreadPoolExecutor$Worker@42bf2603[State = -1, empty queue]] WARN  server.GrpcLogAppender (GrpcLogAppender.java:timeoutAppendRequest(200)) - fc54a72e-a47f-4136-9ed5-ca4a72c32f0a@group-1C24252B61C3->cf73b394-96ec-4032-9230-43540487e60d-GrpcLogAppender: appendEntries Timeout, request=fc54a72e-a47f-4136-9ed5-ca4a72c32f0a->cf73b394-96ec-4032-9230-43540487e60d#107-t2, previous=(t:2, i:36), leaderCommit=31, initializing? false, entries: <empty>
 0.00% |█                                                                                                    |  0/1 Time: 0:03:122019-09-19 13:09:06,405 [EventQueue-PipelineActionsForPipelineActionHandler] ERROR pipeline.PipelineActionHandler (PipelineActionHandler.java:onMessage(60)) - Received pipeline action CLOSE for Pipeline[ Id: 5d8695b9-2179-4aa7-881b-1c24252b61c3, Nodes: fc54a72e-a47f-4136-9ed5-ca4a72c32f0a{ip: 192.168.34.13, host: pr-hdds-2153-g484h-410672627, networkLocation: /default-rack, certSerialId: null}cf73b394-96ec-4032-9230-43540487e60d{ip: 192.168.34.13, host: pr-hdds-2153-g484h-410672627, networkLocation: /default-rack, certSerialId: null}b542397d-0a79-4b2f-bca4-8988c4585f57{ip: 192.168.34.13, host: pr-hdds-2153-g484h-410672627, networkLocation: /default-rack, certSerialId: null}, Type:RATIS, Factor:THREE, State:CLOSED] from datanode fc54a72e-a47f-4136-9ed5-ca4a72c32f0a{ip: 192.168.34.13, host: pr-hdds-2153-g484h-410672627, networkLocation: /default-rack, certSerialId: null}. Reason : fc54a72e-a47f-4136-9ed5-ca4a72c32f0a has not seen follower/s b542397d-0a79-4b2f-bca4-8988c4585f57 for 177482ms cf73b394-96ec-4032-9230-43540487e60d for 177482ms
2019-09-19 13:09:06,405 [EventQueue-PipelineActionsForPipelineActionHandler] INFO  pipeline.SCMPipelineManager (SCMPipelineManager.java:finalizeAndDestroyPipeline(311)) - destroying pipeline:Pipeline[ Id: 5d8695b9-2179-4aa7-881b-1c24252b61c3, Nodes: fc54a72e-a47f-4136-9ed5-ca4a72c32f0a{ip: 192.168.34.13, host: pr-hdds-2153-g484h-410672627, networkLocation: /default-rack, certSerialId: null}cf73b394-96ec-4032-9230-43540487e60d{ip: 192.168.34.13, host: pr-hdds-2153-g484h-410672627, networkLocation: /default-rack, certSerialId: null}b542397d-0a79-4b2f-bca4-8988c4585f57{ip: 192.168.34.13, host: pr-hdds-2153-g484h-410672627, networkLocation: /default-rack, certSerialId: null}, Type:RATIS, Factor:THREE, State:CLOSED]
 0.00% |█                                                                                                    |  0/1 Time: 0:03:132019-09-19 13:09:07,926 [org.apache.ratis.server.impl.LogAppender$AppenderDaemon$$Lambda$514/988605289@4141eb5f] ERROR ratis.XceiverServerRatis (XceiverServerRatis.java:triggerPipelineClose(568)) - pipeline Action CLOSE  on pipeline PipelineID=5d8695b9-2179-4aa7-881b-1c24252b61c3.Reason : fc54a72e-a47f-4136-9ed5-ca4a72c32f0a has not seen follower/s b542397d-0a79-4b2f-bca4-8988c4585f57 for 179983ms cf73b394-96ec-4032-9230-43540487e60d for 179983ms
2019-09-19 13:09:07,926 [org.apache.ratis.server.impl.LogAppender$AppenderDaemon$$Lambda$514/988605289@1db0698b] ERROR ratis.XceiverServerRatis (XceiverServerRatis.java:triggerPipelineClose(568)) - pipeline Action CLOSE  on pipeline PipelineID=5d8695b9-2179-4aa7-881b-1c24252b61c3.Reason : fc54a72e-a47f-4136-9ed5-ca4a72c32f0a has not seen follower/s b542397d-0a79-4b2f-bca4-8988c4585f57 for 179983ms cf73b394-96ec-4032-9230-43540487e60d for 179983ms
2019-09-19 13:09:07,996 [b542397d-0a79-4b2f-bca4-8988c4585f57@group-1C24252B61C3-SegmentedRaftLogWorker] WARN  segmented.SegmentedRaftLogWorker (SegmentedRaftLogWorker.java:getFromFuture(90)) - Timeout 17/~
org.apache.ratis.protocol.TimeoutIOException: Timeout 10s: WriteLog:32: (t:2, i:32), STATEMACHINELOGENTRY, client-6FEDB5C32964, cid=25-writeStateMachineData
	at org.apache.ratis.util.IOUtils.getFromFuture(IOUtils.java:87)
	at org.apache.ratis.server.raftlog.segmented.SegmentedRaftLogWorker$StateMachineDataPolicy.getFromFuture(SegmentedRaftLogWorker.java:87)
	at org.apache.ratis.server.raftlog.segmented.SegmentedRaftLogWorker$WriteLog.execute(SegmentedRaftLogWorker.java:477)
	at org.apache.ratis.server.raftlog.segmented.SegmentedRaftLogWorker.run(SegmentedRaftLogWorker.java:289)
	at java.lang.Thread.run(Thread.java:748)
Caused by: java.util.concurrent.TimeoutException
	at java.util.concurrent.CompletableFuture.timedGet(CompletableFuture.java:1771)
	at java.util.concurrent.CompletableFuture.get(CompletableFuture.java:1915)
	at org.apache.ratis.util.IOUtils.getFromFuture(IOUtils.java:79)
	... 4 more
 0.00% |█                                                                                                    |  0/1 Time: 0:03:142019-09-19 13:09:08,401 [cf73b394-96ec-4032-9230-43540487e60d@group-1C24252B61C3-SegmentedRaftLogWorker] WARN  segmented.SegmentedRaftLogWorker (SegmentedRaftLogWorker.java:getFromFuture(90)) - Timeout 17/~
org.apache.ratis.protocol.TimeoutIOException: Timeout 10s: WriteLog:34: (t:2, i:34), STATEMACHINELOGENTRY, client-6FEDB5C32964, cid=27-writeStateMachineData
	at org.apache.ratis.util.IOUtils.getFromFuture(IOUtils.java:87)
	at org.apache.ratis.server.raftlog.segmented.SegmentedRaftLogWorker$StateMachineDataPolicy.getFromFuture(SegmentedRaftLogWorker.java:87)
	at org.apache.ratis.server.raftlog.segmented.SegmentedRaftLogWorker$WriteLog.execute(SegmentedRaftLogWorker.java:477)
	at org.apache.ratis.server.raftlog.segmented.SegmentedRaftLogWorker.run(SegmentedRaftLogWorker.java:289)
	at java.lang.Thread.run(Thread.java:748)
Caused by: java.util.concurrent.TimeoutException
	at java.util.concurrent.CompletableFuture.timedGet(CompletableFuture.java:1771)
	at java.util.concurrent.CompletableFuture.get(CompletableFuture.java:1915)
	at org.apache.ratis.util.IOUtils.getFromFuture(IOUtils.java:79)
	... 4 more
2019-09-19 13:09:08,402 [fc54a72e-a47f-4136-9ed5-ca4a72c32f0a@group-1C24252B61C3-SegmentedRaftLogWorker] WARN  segmented.SegmentedRaftLogWorker (SegmentedRaftLogWorker.java:getFromFuture(90)) - Timeout 17/~
org.apache.ratis.protocol.TimeoutIOException: Timeout 10s: WriteLog:34: (t:2, i:34), STATEMACHINELOGENTRY, client-6FEDB5C32964, cid=27-writeStateMachineData
	at org.apache.ratis.util.IOUtils.getFromFuture(IOUtils.java:87)
	at org.apache.ratis.server.raftlog.segmented.SegmentedRaftLogWorker$StateMachineDataPolicy.getFromFuture(SegmentedRaftLogWorker.java:87)
	at org.apache.ratis.server.raftlog.segmented.SegmentedRaftLogWorker$WriteLog.execute(SegmentedRaftLogWorker.java:477)
	at org.apache.ratis.server.raftlog.segmented.SegmentedRaftLogWorker.run(SegmentedRaftLogWorker.java:289)
	at java.lang.Thread.run(Thread.java:748)
Caused by: java.util.concurrent.TimeoutException
	at java.util.concurrent.CompletableFuture.timedGet(CompletableFuture.java:1771)
	at java.util.concurrent.CompletableFuture.get(CompletableFuture.java:1915)
	at org.apache.ratis.util.IOUtils.getFromFuture(IOUtils.java:79)
	... 4 more
2019-09-19 13:09:08,405 [EventQueue-PipelineActionsForPipelineActionHandler] ERROR pipeline.PipelineActionHandler (PipelineActionHandler.java:onMessage(60)) - Received pipeline action CLOSE for Pipeline[ Id: 5d8695b9-2179-4aa7-881b-1c24252b61c3, Nodes: fc54a72e-a47f-4136-9ed5-ca4a72c32f0a{ip: 192.168.34.13, host: pr-hdds-2153-g484h-410672627, networkLocation: /default-rack, certSerialId: null}cf73b394-96ec-4032-9230-43540487e60d{ip: 192.168.34.13, host: pr-hdds-2153-g484h-410672627, networkLocation: /default-rack, certSerialId: null}b542397d-0a79-4b2f-bca4-8988c4585f57{ip: 192.168.34.13, host: pr-hdds-2153-g484h-410672627, networkLocation: /default-rack, certSerialId: null}, Type:RATIS, Factor:THREE, State:CLOSED] from datanode fc54a72e-a47f-4136-9ed5-ca4a72c32f0a{ip: 192.168.34.13, host: pr-hdds-2153-g484h-410672627, networkLocation: /default-rack, certSerialId: null}. Reason : fc54a72e-a47f-4136-9ed5-ca4a72c32f0a has not seen follower/s b542397d-0a79-4b2f-bca4-8988c4585f57 for 179983ms cf73b394-96ec-4032-9230-43540487e60d for 179983ms
2019-09-19 13:09:08,405 [EventQueue-PipelineActionsForPipelineActionHandler] INFO  pipeline.SCMPipelineManager (SCMPipelineManager.java:finalizeAndDestroyPipeline(311)) - destroying pipeline:Pipeline[ Id: 5d8695b9-2179-4aa7-881b-1c24252b61c3, Nodes: fc54a72e-a47f-4136-9ed5-ca4a72c32f0a{ip: 192.168.34.13, host: pr-hdds-2153-g484h-410672627, networkLocation: /default-rack, certSerialId: null}cf73b394-96ec-4032-9230-43540487e60d{ip: 192.168.34.13, host: pr-hdds-2153-g484h-410672627, networkLocation: /default-rack, certSerialId: null}b542397d-0a79-4b2f-bca4-8988c4585f57{ip: 192.168.34.13, host: pr-hdds-2153-g484h-410672627, networkLocation: /default-rack, certSerialId: null}, Type:RATIS, Factor:THREE, State:CLOSED]
2019-09-19 13:09:08,425 [java.util.concurrent.ThreadPoolExecutor$Worker@3523dec8[State = -1, empty queue]] WARN  server.GrpcLogAppender (GrpcLogAppender.java:timeoutAppendRequest(200)) - fc54a72e-a47f-4136-9ed5-ca4a72c32f0a@group-1C24252B61C3->b542397d-0a79-4b2f-bca4-8988c4585f57-GrpcLogAppender: appendEntries Timeout, request=fc54a72e-a47f-4136-9ed5-ca4a72c32f0a->b542397d-0a79-4b2f-bca4-8988c4585f57#108-t2, previous=(t:2, i:36), leaderCommit=31, initializing? false, entries: <empty>
2019-09-19 13:09:08,425 [java.util.concurrent.ThreadPoolExecutor$Worker@42bf2603[State = -1, empty queue]] WARN  server.GrpcLogAppender (GrpcLogAppender.java:timeoutAppendRequest(200)) - fc54a72e-a47f-4136-9ed5-ca4a72c32f0a@group-1C24252B61C3->cf73b394-96ec-4032-9230-43540487e60d-GrpcLogAppender: appendEntries Timeout, request=fc54a72e-a47f-4136-9ed5-ca4a72c32f0a->cf73b394-96ec-4032-9230-43540487e60d#108-t2, previous=(t:2, i:36), leaderCommit=31, initializing? false, entries: <empty>
 0.00% |█                                                                                                    |  0/1 Time: 0:03:152019-09-19 13:09:09,821 [grpc-default-executor-5] INFO  client.GrpcClientProtocolClient (GrpcClientProtocolClient.java:onNext(264)) - client-6FEDB5C32964->cf73b394-96ec-4032-9230-43540487e60d: receive RaftClientReply:client-6FEDB5C32964->cf73b394-96ec-4032-9230-43540487e60d@group-1C24252B61C3, cid=25, FAILED org.apache.ratis.protocol.NotLeaderException: Server cf73b394-96ec-4032-9230-43540487e60d@group-1C24252B61C3 is not the leader fc54a72e-a47f-4136-9ed5-ca4a72c32f0a:192.168.34.13:35339, logIndex=0, commits[cf73b394-96ec-4032-9230-43540487e60d:c31, fc54a72e-a47f-4136-9ed5-ca4a72c32f0a:c31, b542397d-0a79-4b2f-bca4-8988c4585f57:c31]
 0.00% |█                                                                                                    |  0/1 Time: 0:03:162019-09-19 13:09:10,426 [org.apache.ratis.server.impl.LogAppender$AppenderDaemon$$Lambda$514/988605289@4141eb5f] ERROR ratis.XceiverServerRatis (XceiverServerRatis.java:triggerPipelineClose(568)) - pipeline Action CLOSE  on pipeline PipelineID=5d8695b9-2179-4aa7-881b-1c24252b61c3.Reason : fc54a72e-a47f-4136-9ed5-ca4a72c32f0a has not seen follower/s b542397d-0a79-4b2f-bca4-8988c4585f57 for 182484ms cf73b394-96ec-4032-9230-43540487e60d for 182484ms
2019-09-19 13:09:10,427 [org.apache.ratis.server.impl.LogAppender$AppenderDaemon$$Lambda$514/988605289@1db0698b] ERROR ratis.XceiverServerRatis (XceiverServerRatis.java:triggerPipelineClose(568)) - pipeline Action CLOSE  on pipeline PipelineID=5d8695b9-2179-4aa7-881b-1c24252b61c3.Reason : fc54a72e-a47f-4136-9ed5-ca4a72c32f0a has not seen follower/s b542397d-0a79-4b2f-bca4-8988c4585f57 for 182484ms cf73b394-96ec-4032-9230-43540487e60d for 182484ms
2019-09-19 13:09:10,926 [java.util.concurrent.ThreadPoolExecutor$Worker@3523dec8[State = -1, empty queue]] WARN  server.GrpcLogAppender (GrpcLogAppender.java:timeoutAppendRequest(200)) - fc54a72e-a47f-4136-9ed5-ca4a72c32f0a@group-1C24252B61C3->b542397d-0a79-4b2f-bca4-8988c4585f57-GrpcLogAppender: appendEntries Timeout, request=fc54a72e-a47f-4136-9ed5-ca4a72c32f0a->b542397d-0a79-4b2f-bca4-8988c4585f57#109-t2, previous=(t:2, i:36), leaderCommit=31, initializing? false, entries: <empty>
2019-09-19 13:09:10,926 [java.util.concurrent.ThreadPoolExecutor$Worker@42bf2603[State = -1, empty queue]] WARN  server.GrpcLogAppender (GrpcLogAppender.java:timeoutAppendRequest(200)) - fc54a72e-a47f-4136-9ed5-ca4a72c32f0a@group-1C24252B61C3->cf73b394-96ec-4032-9230-43540487e60d-GrpcLogAppender: appendEntries Timeout, request=fc54a72e-a47f-4136-9ed5-ca4a72c32f0a->cf73b394-96ec-4032-9230-43540487e60d#109-t2, previous=(t:2, i:36), leaderCommit=31, initializing? false, entries: <empty>
 0.00% |█                                                                                                    |  0/1 Time: 0:03:172019-09-19 13:09:11,405 [EventQueue-PipelineActionsForPipelineActionHandler] ERROR pipeline.PipelineActionHandler (PipelineActionHandler.java:onMessage(60)) - Received pipeline action CLOSE for Pipeline[ Id: 5d8695b9-2179-4aa7-881b-1c24252b61c3, Nodes: fc54a72e-a47f-4136-9ed5-ca4a72c32f0a{ip: 192.168.34.13, host: pr-hdds-2153-g484h-410672627, networkLocation: /default-rack, certSerialId: null}cf73b394-96ec-4032-9230-43540487e60d{ip: 192.168.34.13, host: pr-hdds-2153-g484h-410672627, networkLocation: /default-rack, certSerialId: null}b542397d-0a79-4b2f-bca4-8988c4585f57{ip: 192.168.34.13, host: pr-hdds-2153-g484h-410672627, networkLocation: /default-rack, certSerialId: null}, Type:RATIS, Factor:THREE, State:CLOSED] from datanode fc54a72e-a47f-4136-9ed5-ca4a72c32f0a{ip: 192.168.34.13, host: pr-hdds-2153-g484h-410672627, networkLocation: /default-rack, certSerialId: null}. Reason : fc54a72e-a47f-4136-9ed5-ca4a72c32f0a has not seen follower/s b542397d-0a79-4b2f-bca4-8988c4585f57 for 182484ms cf73b394-96ec-4032-9230-43540487e60d for 182484ms
2019-09-19 13:09:11,406 [EventQueue-PipelineActionsForPipelineActionHandler] INFO  pipeline.SCMPipelineManager (SCMPipelineManager.java:finalizeAndDestroyPipeline(311)) - destroying pipeline:Pipeline[ Id: 5d8695b9-2179-4aa7-881b-1c24252b61c3, Nodes: fc54a72e-a47f-4136-9ed5-ca4a72c32f0a{ip: 192.168.34.13, host: pr-hdds-2153-g484h-410672627, networkLocation: /default-rack, certSerialId: null}cf73b394-96ec-4032-9230-43540487e60d{ip: 192.168.34.13, host: pr-hdds-2153-g484h-410672627, networkLocation: /default-rack, certSerialId: null}b542397d-0a79-4b2f-bca4-8988c4585f57{ip: 192.168.34.13, host: pr-hdds-2153-g484h-410672627, networkLocation: /default-rack, certSerialId: null}, Type:RATIS, Factor:THREE, State:CLOSED]
 0.00% |█                                                                                                    |  0/1 Time: 0:03:182019-09-19 13:09:12,927 [org.apache.ratis.server.impl.LogAppender$AppenderDaemon$$Lambda$514/988605289@4141eb5f] ERROR ratis.XceiverServerRatis (XceiverServerRatis.java:triggerPipelineClose(568)) - pipeline Action CLOSE  on pipeline PipelineID=5d8695b9-2179-4aa7-881b-1c24252b61c3.Reason : fc54a72e-a47f-4136-9ed5-ca4a72c32f0a has not seen follower/s b542397d-0a79-4b2f-bca4-8988c4585f57 for 184985ms cf73b394-96ec-4032-9230-43540487e60d for 184985ms
2019-09-19 13:09:12,928 [org.apache.ratis.server.impl.LogAppender$AppenderDaemon$$Lambda$514/988605289@1db0698b] ERROR ratis.XceiverServerRatis (XceiverServerRatis.java:triggerPipelineClose(568)) - pipeline Action CLOSE  on pipeline PipelineID=5d8695b9-2179-4aa7-881b-1c24252b61c3.Reason : fc54a72e-a47f-4136-9ed5-ca4a72c32f0a has not seen follower/s b542397d-0a79-4b2f-bca4-8988c4585f57 for 184985ms cf73b394-96ec-4032-9230-43540487e60d for 184985ms
 0.00% |█                                                                                                    |  0/1 Time: 0:03:192019-09-19 13:09:13,406 [EventQueue-PipelineActionsForPipelineActionHandler] ERROR pipeline.PipelineActionHandler (PipelineActionHandler.java:onMessage(60)) - Received pipeline action CLOSE for Pipeline[ Id: 5d8695b9-2179-4aa7-881b-1c24252b61c3, Nodes: fc54a72e-a47f-4136-9ed5-ca4a72c32f0a{ip: 192.168.34.13, host: pr-hdds-2153-g484h-410672627, networkLocation: /default-rack, certSerialId: null}cf73b394-96ec-4032-9230-43540487e60d{ip: 192.168.34.13, host: pr-hdds-2153-g484h-410672627, networkLocation: /default-rack, certSerialId: null}b542397d-0a79-4b2f-bca4-8988c4585f57{ip: 192.168.34.13, host: pr-hdds-2153-g484h-410672627, networkLocation: /default-rack, certSerialId: null}, Type:RATIS, Factor:THREE, State:CLOSED] from datanode fc54a72e-a47f-4136-9ed5-ca4a72c32f0a{ip: 192.168.34.13, host: pr-hdds-2153-g484h-410672627, networkLocation: /default-rack, certSerialId: null}. Reason : fc54a72e-a47f-4136-9ed5-ca4a72c32f0a has not seen follower/s b542397d-0a79-4b2f-bca4-8988c4585f57 for 184985ms cf73b394-96ec-4032-9230-43540487e60d for 184985ms
2019-09-19 13:09:13,406 [EventQueue-PipelineActionsForPipelineActionHandler] INFO  pipeline.SCMPipelineManager (SCMPipelineManager.java:finalizeAndDestroyPipeline(311)) - destroying pipeline:Pipeline[ Id: 5d8695b9-2179-4aa7-881b-1c24252b61c3, Nodes: fc54a72e-a47f-4136-9ed5-ca4a72c32f0a{ip: 192.168.34.13, host: pr-hdds-2153-g484h-410672627, networkLocation: /default-rack, certSerialId: null}cf73b394-96ec-4032-9230-43540487e60d{ip: 192.168.34.13, host: pr-hdds-2153-g484h-410672627, networkLocation: /default-rack, certSerialId: null}b542397d-0a79-4b2f-bca4-8988c4585f57{ip: 192.168.34.13, host: pr-hdds-2153-g484h-410672627, networkLocation: /default-rack, certSerialId: null}, Type:RATIS, Factor:THREE, State:CLOSED]
2019-09-19 13:09:13,426 [java.util.concurrent.ThreadPoolExecutor$Worker@3523dec8[State = -1, empty queue]] WARN  server.GrpcLogAppender (GrpcLogAppender.java:timeoutAppendRequest(200)) - fc54a72e-a47f-4136-9ed5-ca4a72c32f0a@group-1C24252B61C3->b542397d-0a79-4b2f-bca4-8988c4585f57-GrpcLogAppender: appendEntries Timeout, request=fc54a72e-a47f-4136-9ed5-ca4a72c32f0a->b542397d-0a79-4b2f-bca4-8988c4585f57#110-t2, previous=(t:2, i:36), leaderCommit=31, initializing? false, entries: <empty>
2019-09-19 13:09:13,427 [java.util.concurrent.ThreadPoolExecutor$Worker@42bf2603[State = -1, empty queue]] WARN  server.GrpcLogAppender (GrpcLogAppender.java:timeoutAppendRequest(200)) - fc54a72e-a47f-4136-9ed5-ca4a72c32f0a@group-1C24252B61C3->cf73b394-96ec-4032-9230-43540487e60d-GrpcLogAppender: appendEntries Timeout, request=fc54a72e-a47f-4136-9ed5-ca4a72c32f0a->cf73b394-96ec-4032-9230-43540487e60d#110-t2, previous=(t:2, i:36), leaderCommit=31, initializing? false, entries: <empty>
 0.00% |█                                                                                                    |  0/1 Time: 0:03:202019-09-19 13:09:14,404 [grpc-default-executor-5] INFO  impl.RaftServerProxy (RaftServerProxy.java:remove(95)) - fc54a72e-a47f-4136-9ed5-ca4a72c32f0a: remove    LEADER fc54a72e-a47f-4136-9ed5-ca4a72c32f0a@group-1C24252B61C3:t2, leader=fc54a72e-a47f-4136-9ed5-ca4a72c32f0a, voted=fc54a72e-a47f-4136-9ed5-ca4a72c32f0a, raftlog=fc54a72e-a47f-4136-9ed5-ca4a72c32f0a@group-1C24252B61C3-SegmentedRaftLog:OPENED:c31,f31,i36, conf=0: [fc54a72e-a47f-4136-9ed5-ca4a72c32f0a:192.168.34.13:35339, b542397d-0a79-4b2f-bca4-8988c4585f57:192.168.34.13:37714, cf73b394-96ec-4032-9230-43540487e60d:192.168.34.13:45267], old=null RUNNING
2019-09-19 13:09:14,407 [grpc-default-executor-5] INFO  impl.RaftServerImpl (RaftServerImpl.java:lambda$shutdown$3(251)) - fc54a72e-a47f-4136-9ed5-ca4a72c32f0a@group-1C24252B61C3: shutdown
2019-09-19 13:09:14,407 [grpc-default-executor-5] INFO  util.JmxRegister (JmxRegister.java:unregister(73)) - Successfully un-registered JMX Bean with object name Ratis:service=RaftServer,group=group-1C24252B61C3,id=fc54a72e-a47f-4136-9ed5-ca4a72c32f0a
2019-09-19 13:09:14,408 [grpc-default-executor-5] INFO  impl.RoleInfo (RoleInfo.java:shutdownLeaderState(104)) - fc54a72e-a47f-4136-9ed5-ca4a72c32f0a: shutdown LeaderState
2019-09-19 13:09:14,410 [org.apache.ratis.server.impl.LogAppender$AppenderDaemon$$Lambda$514/988605289@1db0698b] WARN  server.GrpcLogAppender (GrpcLogAppender.java:mayWait(143)) - fc54a72e-a47f-4136-9ed5-ca4a72c32f0a@group-1C24252B61C3->cf73b394-96ec-4032-9230-43540487e60d-GrpcLogAppender: Wait interrupted by java.lang.InterruptedException
2019-09-19 13:09:14,411 [org.apache.ratis.server.impl.LogAppender$AppenderDaemon$$Lambda$514/988605289@4141eb5f] WARN  server.GrpcLogAppender (GrpcLogAppender.java:mayWait(143)) - fc54a72e-a47f-4136-9ed5-ca4a72c32f0a@group-1C24252B61C3->b542397d-0a79-4b2f-bca4-8988c4585f57-GrpcLogAppender: Wait interrupted by java.lang.InterruptedException
2019-09-19 13:09:14,411 [grpc-default-executor-5] INFO  impl.PendingRequests (PendingRequests.java:sendNotLeaderResponses(202)) - fc54a72e-a47f-4136-9ed5-ca4a72c32f0a-PendingRequests: sendNotLeaderResponses
2019-09-19 13:09:14,412 [grpc-default-executor-3] INFO  server.GrpcServerProtocolService (GrpcServerProtocolService.java:onCompleted(113)) - cf73b394-96ec-4032-9230-43540487e60d: Completed APPEND_ENTRIES, lastRequest: fc54a72e-a47f-4136-9ed5-ca4a72c32f0a->cf73b394-96ec-4032-9230-43540487e60d#111-t2, previous=(t:2, i:36), leaderCommit=31, initializing? false, entries: <empty>
2019-09-19 13:09:14,412 [grpc-default-executor-1] INFO  server.GrpcServerProtocolService (GrpcServerProtocolService.java:onCompleted(113)) - b542397d-0a79-4b2f-bca4-8988c4585f57: Completed APPEND_ENTRIES, lastRequest: fc54a72e-a47f-4136-9ed5-ca4a72c32f0a->b542397d-0a79-4b2f-bca4-8988c4585f57#111-t2, previous=(t:2, i:36), leaderCommit=31, initializing? false, entries: <empty>
2019-09-19 13:09:14,414 [grpc-default-executor-1] INFO  server.GrpcLogAppender (GrpcLogAppender.java:onCompleted(293)) - fc54a72e-a47f-4136-9ed5-ca4a72c32f0a@group-1C24252B61C3->cf73b394-96ec-4032-9230-43540487e60d-AppendLogResponseHandler: follower responses appendEntries COMPLETED
2019-09-19 13:09:14,414 [grpc-default-executor-3] INFO  server.GrpcLogAppender (GrpcLogAppender.java:onCompleted(293)) - fc54a72e-a47f-4136-9ed5-ca4a72c32f0a@group-1C24252B61C3->b542397d-0a79-4b2f-bca4-8988c4585f57-AppendLogResponseHandler: follower responses appendEntries COMPLETED
2019-09-19 13:09:14,415 [grpc-default-executor-1] INFO  impl.FollowerInfo (FollowerInfo.java:lambda$new$0(51)) - fc54a72e-a47f-4136-9ed5-ca4a72c32f0a@group-1C24252B61C3->cf73b394-96ec-4032-9230-43540487e60d: nextIndex: updateUnconditionally 37 -> 32
2019-09-19 13:09:14,415 [grpc-default-executor-3] INFO  impl.FollowerInfo (FollowerInfo.java:lambda$new$0(51)) - fc54a72e-a47f-4136-9ed5-ca4a72c32f0a@group-1C24252B61C3->b542397d-0a79-4b2f-bca4-8988c4585f57: nextIndex: updateUnconditionally 37 -> 32
2019-09-19 13:09:14,418 [grpc-default-executor-5] INFO  impl.StateMachineUpdater (StateMachineUpdater.java:stopAndJoin(125)) - fc54a72e-a47f-4136-9ed5-ca4a72c32f0a@group-1C24252B61C3-StateMachineUpdater: set stopIndex = 31
2019-09-19 13:09:14,419 [fc54a72e-a47f-4136-9ed5-ca4a72c32f0a@group-1C24252B61C3-StateMachineUpdater] INFO  ratis.ContainerStateMachine (ContainerStateMachine.java:takeSnapshot(289)) - group-1C24252B61C3: Taking a snapshot at:(t:2, i:30) file /workdir/hadoop-ozone/tools/target/test-dir/MiniOzoneClusterImpl-15fc9b53-d736-4c3b-858f-342726019016/datanode-2/data/ratis/5d8695b9-2179-4aa7-881b-1c24252b61c3/sm/snapshot.2_30
2019-09-19 13:09:14,856 [grpc-default-executor-1] INFO  client.GrpcClientProtocolClient (GrpcClientProtocolClient.java:onNext(264)) - client-6FEDB5C32964->b542397d-0a79-4b2f-bca4-8988c4585f57: receive RaftClientReply:client-6FEDB5C32964->b542397d-0a79-4b2f-bca4-8988c4585f57@group-1C24252B61C3, cid=25, FAILED org.apache.ratis.protocol.NotLeaderException: Server b542397d-0a79-4b2f-bca4-8988c4585f57@group-1C24252B61C3 is not the leader fc54a72e-a47f-4136-9ed5-ca4a72c32f0a:192.168.34.13:35339, logIndex=0, commits[b542397d-0a79-4b2f-bca4-8988c4585f57:c31, fc54a72e-a47f-4136-9ed5-ca4a72c32f0a:c31, cf73b394-96ec-4032-9230-43540487e60d:c31]
2019-09-19 13:09:14,895 [pool-53-thread-3] WARN  io.KeyOutputStream (KeyOutputStream.java:handleException(276)) - Encountered exception java.io.IOException: Unexpected Storage Container Exception: java.util.concurrent.CompletionException: java.util.concurrent.CompletionException: org.apache.ratis.protocol.GroupMismatchException: fc54a72e-a47f-4136-9ed5-ca4a72c32f0a: group-1C24252B61C3 not found. on the pipeline Pipeline[ Id: 5d8695b9-2179-4aa7-881b-1c24252b61c3, Nodes: fc54a72e-a47f-4136-9ed5-ca4a72c32f0a{ip: 192.168.34.13, host: pr-hdds-2153-g484h-410672627, networkLocation: /default-rack, certSerialId: null}cf73b394-96ec-4032-9230-43540487e60d{ip: 192.168.34.13, host: pr-hdds-2153-g484h-410672627, networkLocation: /default-rack, certSerialId: null}b542397d-0a79-4b2f-bca4-8988c4585f57{ip: 192.168.34.13, host: pr-hdds-2153-g484h-410672627, networkLocation: /default-rack, certSerialId: null}, Type:RATIS, Factor:THREE, State:OPEN]. The last committed block length is 0, uncommitted data length is 2097152 retry count 0
2019-09-19 13:09:14,928 [grpc-default-executor-3] INFO  impl.RaftServerProxy (RaftServerProxy.java:addNew(89)) - cf73b394-96ec-4032-9230-43540487e60d: addNew group-A113EA47E608:[fc54a72e-a47f-4136-9ed5-ca4a72c32f0a:192.168.34.13:35339, b542397d-0a79-4b2f-bca4-8988c4585f57:192.168.34.13:37714, cf73b394-96ec-4032-9230-43540487e60d:192.168.34.13:45267] returns group-A113EA47E608:java.util.concurrent.CompletableFuture@1bf8a7c2[Not completed]
2019-09-19 13:09:14,930 [grpc-default-executor-1] INFO  impl.RaftServerProxy (RaftServerProxy.java:addNew(89)) - fc54a72e-a47f-4136-9ed5-ca4a72c32f0a: addNew group-A113EA47E608:[fc54a72e-a47f-4136-9ed5-ca4a72c32f0a:192.168.34.13:35339, b542397d-0a79-4b2f-bca4-8988c4585f57:192.168.34.13:37714, cf73b394-96ec-4032-9230-43540487e60d:192.168.34.13:45267] returns group-A113EA47E608:java.util.concurrent.CompletableFuture@19f4c827[Not completed]
2019-09-19 13:09:14,930 [grpc-default-executor-3] INFO  impl.RaftServerProxy (RaftServerProxy.java:addNew(89)) - b542397d-0a79-4b2f-bca4-8988c4585f57: addNew group-A113EA47E608:[fc54a72e-a47f-4136-9ed5-ca4a72c32f0a:192.168.34.13:35339, b542397d-0a79-4b2f-bca4-8988c4585f57:192.168.34.13:37714, cf73b394-96ec-4032-9230-43540487e60d:192.168.34.13:45267] returns group-A113EA47E608:java.util.concurrent.CompletableFuture@537481ec[Not completed]
2019-09-19 13:09:14,932 [pool-27-thread-1] INFO  impl.RaftServerImpl (RaftServerImpl.java:<init>(95)) - cf73b394-96ec-4032-9230-43540487e60d: new RaftServerImpl for group-A113EA47E608:[fc54a72e-a47f-4136-9ed5-ca4a72c32f0a:192.168.34.13:35339, b542397d-0a79-4b2f-bca4-8988c4585f57:192.168.34.13:37714, cf73b394-96ec-4032-9230-43540487e60d:192.168.34.13:45267] with ContainerStateMachine:uninitialized
2019-09-19 13:09:14,933 [pool-27-thread-1] INFO  server.RaftServerConfigKeys (ConfUtils.java:logGet(43)) - raft.server.rpc.timeout.min = 5s (custom)
2019-09-19 13:09:14,933 [pool-27-thread-1] INFO  server.RaftServerConfigKeys (ConfUtils.java:logGet(43)) - raft.server.rpc.timeout.max = 5200ms (custom)
2019-09-19 13:09:14,933 [pool-27-thread-1] INFO  server.RaftServerConfigKeys (ConfUtils.java:logGet(43)) - raft.server.rpcslowness.timeout = 120s (custom)
2019-09-19 13:09:14,933 [pool-27-thread-1] INFO  server.RaftServerConfigKeys (ConfUtils.java:logGet(43)) - raft.server.sleep.deviation.threshold = 300 (default)
2019-09-19 13:09:14,933 [pool-37-thread-1] INFO  impl.RaftServerImpl (RaftServerImpl.java:<init>(95)) - b542397d-0a79-4b2f-bca4-8988c4585f57: new RaftServerImpl for group-A113EA47E608:[fc54a72e-a47f-4136-9ed5-ca4a72c32f0a:192.168.34.13:35339, b542397d-0a79-4b2f-bca4-8988c4585f57:192.168.34.13:37714, cf73b394-96ec-4032-9230-43540487e60d:192.168.34.13:45267] with ContainerStateMachine:uninitialized
2019-09-19 13:09:14,933 [pool-27-thread-1] INFO  server.RaftServerConfigKeys (ConfUtils.java:logGet(43)) - raft.server.log.appender.install.snapshot.enabled = false (custom)
2019-09-19 13:09:14,934 [pool-37-thread-1] INFO  server.RaftServerConfigKeys (ConfUtils.java:logGet(43)) - raft.server.rpc.timeout.min = 5s (custom)
2019-09-19 13:09:14,934 [pool-27-thread-1] INFO  impl.RaftServerImpl (ServerState.java:<init>(103)) - cf73b394-96ec-4032-9230-43540487e60d@group-A113EA47E608: ConfigurationManager, init=-1: [fc54a72e-a47f-4136-9ed5-ca4a72c32f0a:192.168.34.13:35339, b542397d-0a79-4b2f-bca4-8988c4585f57:192.168.34.13:37714, cf73b394-96ec-4032-9230-43540487e60d:192.168.34.13:45267], old=null, confs=<EMPTY_MAP>
2019-09-19 13:09:14,934 [pool-37-thread-1] INFO  server.RaftServerConfigKeys (ConfUtils.java:logGet(43)) - raft.server.rpc.timeout.max = 5200ms (custom)
2019-09-19 13:09:14,934 [pool-37-thread-1] INFO  server.RaftServerConfigKeys (ConfUtils.java:logGet(43)) - raft.server.rpcslowness.timeout = 120s (custom)
2019-09-19 13:09:14,934 [pool-27-thread-1] INFO  server.RaftServerConfigKeys (ConfUtils.java:logGet(43)) - raft.server.storage.dir = [/workdir/hadoop-ozone/tools/target/test-dir/MiniOzoneClusterImpl-15fc9b53-d736-4c3b-858f-342726019016/datanode-0/data/ratis] (custom)
2019-09-19 13:09:14,934 [pool-37-thread-1] INFO  server.RaftServerConfigKeys (ConfUtils.java:logGet(43)) - raft.server.sleep.deviation.threshold = 300 (default)
2019-09-19 13:09:14,934 [pool-47-thread-1] INFO  impl.RaftServerImpl (RaftServerImpl.java:<init>(95)) - fc54a72e-a47f-4136-9ed5-ca4a72c32f0a: new RaftServerImpl for group-A113EA47E608:[fc54a72e-a47f-4136-9ed5-ca4a72c32f0a:192.168.34.13:35339, b542397d-0a79-4b2f-bca4-8988c4585f57:192.168.34.13:37714, cf73b394-96ec-4032-9230-43540487e60d:192.168.34.13:45267] with ContainerStateMachine:uninitialized
2019-09-19 13:09:14,934 [pool-37-thread-1] INFO  server.RaftServerConfigKeys (ConfUtils.java:logGet(43)) - raft.server.log.appender.install.snapshot.enabled = false (custom)
2019-09-19 13:09:14,935 [pool-47-thread-1] INFO  server.RaftServerConfigKeys (ConfUtils.java:logGet(43)) - raft.server.rpc.timeout.min = 5s (custom)
2019-09-19 13:09:14,935 [pool-37-thread-1] INFO  impl.RaftServerImpl (ServerState.java:<init>(103)) - b542397d-0a79-4b2f-bca4-8988c4585f57@group-A113EA47E608: ConfigurationManager, init=-1: [fc54a72e-a47f-4136-9ed5-ca4a72c32f0a:192.168.34.13:35339, b542397d-0a79-4b2f-bca4-8988c4585f57:192.168.34.13:37714, cf73b394-96ec-4032-9230-43540487e60d:192.168.34.13:45267], old=null, confs=<EMPTY_MAP>
2019-09-19 13:09:14,935 [pool-27-thread-1] INFO  storage.RaftStorageDirectory (RaftStorageDirectory.java:analyzeStorage(246)) - The storage directory /workdir/hadoop-ozone/tools/target/test-dir/MiniOzoneClusterImpl-15fc9b53-d736-4c3b-858f-342726019016/datanode-0/data/ratis/d23097d0-bf0f-42ac-8ac0-a113ea47e608 does not exist. Creating ...
2019-09-19 13:09:14,935 [pool-37-thread-1] INFO  server.RaftServerConfigKeys (ConfUtils.java:logGet(43)) - raft.server.storage.dir = [/workdir/hadoop-ozone/tools/target/test-dir/MiniOzoneClusterImpl-15fc9b53-d736-4c3b-858f-342726019016/datanode-1/data/ratis] (custom)
2019-09-19 13:09:14,935 [pool-47-thread-1] INFO  server.RaftServerConfigKeys (ConfUtils.java:logGet(43)) - raft.server.rpc.timeout.max = 5200ms (custom)
2019-09-19 13:09:14,936 [pool-47-thread-1] INFO  server.RaftServerConfigKeys (ConfUtils.java:logGet(43)) - raft.server.rpcslowness.timeout = 120s (custom)
2019-09-19 13:09:14,936 [pool-37-thread-1] INFO  storage.RaftStorageDirectory (RaftStorageDirectory.java:analyzeStorage(246)) - The storage directory /workdir/hadoop-ozone/tools/target/test-dir/MiniOzoneClusterImpl-15fc9b53-d736-4c3b-858f-342726019016/datanode-1/data/ratis/d23097d0-bf0f-42ac-8ac0-a113ea47e608 does not exist. Creating ...
2019-09-19 13:09:14,936 [pool-47-thread-1] INFO  server.RaftServerConfigKeys (ConfUtils.java:logGet(43)) - raft.server.sleep.deviation.threshold = 300 (default)
2019-09-19 13:09:14,936 [pool-47-thread-1] INFO  server.RaftServerConfigKeys (ConfUtils.java:logGet(43)) - raft.server.log.appender.install.snapshot.enabled = false (custom)
2019-09-19 13:09:14,936 [pool-47-thread-1] INFO  impl.RaftServerImpl (ServerState.java:<init>(103)) - fc54a72e-a47f-4136-9ed5-ca4a72c32f0a@group-A113EA47E608: ConfigurationManager, init=-1: [fc54a72e-a47f-4136-9ed5-ca4a72c32f0a:192.168.34.13:35339, b542397d-0a79-4b2f-bca4-8988c4585f57:192.168.34.13:37714, cf73b394-96ec-4032-9230-43540487e60d:192.168.34.13:45267], old=null, confs=<EMPTY_MAP>
2019-09-19 13:09:14,937 [pool-47-thread-1] INFO  server.RaftServerConfigKeys (ConfUtils.java:logGet(43)) - raft.server.storage.dir = [/workdir/hadoop-ozone/tools/target/test-dir/MiniOzoneClusterImpl-15fc9b53-d736-4c3b-858f-342726019016/datanode-2/data/ratis] (custom)
2019-09-19 13:09:14,937 [pool-47-thread-1] INFO  storage.RaftStorageDirectory (RaftStorageDirectory.java:analyzeStorage(246)) - The storage directory /workdir/hadoop-ozone/tools/target/test-dir/MiniOzoneClusterImpl-15fc9b53-d736-4c3b-858f-342726019016/datanode-2/data/ratis/d23097d0-bf0f-42ac-8ac0-a113ea47e608 does not exist. Creating ...
 0.00% |█                                                                                                    |  0/1 Time: 0:03:21 0.00% |█                                                                                                    |  0/1 Time: 0:03:22 0.00% |█                                                                                                    |  0/1 Time: 0:03:232019-09-19 13:09:17,404 [RatisPipelineUtilsThread] WARN  pipeline.RatisPipelineUtils (RatisPipelineUtils.java:destroyPipeline(66)) - Pipeline destroy failed for pipeline=PipelineID=5d8695b9-2179-4aa7-881b-1c24252b61c3 dn=fc54a72e-a47f-4136-9ed5-ca4a72c32f0a{ip: 192.168.34.13, host: pr-hdds-2153-g484h-410672627, networkLocation: /default-rack, certSerialId: null}
2019-09-19 13:09:17,412 [grpc-default-executor-3] INFO  impl.RaftServerProxy (RaftServerProxy.java:remove(95)) - cf73b394-96ec-4032-9230-43540487e60d: remove  FOLLOWER cf73b394-96ec-4032-9230-43540487e60d@group-1C24252B61C3:t2, leader=fc54a72e-a47f-4136-9ed5-ca4a72c32f0a, voted=fc54a72e-a47f-4136-9ed5-ca4a72c32f0a, raftlog=cf73b394-96ec-4032-9230-43540487e60d@group-1C24252B61C3-SegmentedRaftLog:OPENED:c31,f31,i36, conf=0: [fc54a72e-a47f-4136-9ed5-ca4a72c32f0a:192.168.34.13:35339, b542397d-0a79-4b2f-bca4-8988c4585f57:192.168.34.13:37714, cf73b394-96ec-4032-9230-43540487e60d:192.168.34.13:45267], old=null RUNNING
2019-09-19 13:09:17,412 [grpc-default-executor-3] INFO  impl.RaftServerImpl (RaftServerImpl.java:lambda$shutdown$3(251)) - cf73b394-96ec-4032-9230-43540487e60d@group-1C24252B61C3: shutdown
2019-09-19 13:09:17,412 [grpc-default-executor-3] INFO  util.JmxRegister (JmxRegister.java:unregister(73)) - Successfully un-registered JMX Bean with object name Ratis:service=RaftServer,group=group-1C24252B61C3,id=cf73b394-96ec-4032-9230-43540487e60d
2019-09-19 13:09:17,412 [grpc-default-executor-3] INFO  impl.RoleInfo (RoleInfo.java:shutdownFollowerState(121)) - cf73b394-96ec-4032-9230-43540487e60d: shutdown FollowerState
2019-09-19 13:09:17,413 [grpc-default-executor-3] INFO  impl.StateMachineUpdater (StateMachineUpdater.java:stopAndJoin(125)) - cf73b394-96ec-4032-9230-43540487e60d@group-1C24252B61C3-StateMachineUpdater: set stopIndex = 31
2019-09-19 13:09:17,414 [Thread-244] INFO  impl.FollowerState (FollowerState.java:run(115)) - cf73b394-96ec-4032-9230-43540487e60d: FollowerState was interrupted: java.lang.InterruptedException: sleep interrupted
2019-09-19 13:09:17,414 [cf73b394-96ec-4032-9230-43540487e60d@group-1C24252B61C3-StateMachineUpdater] INFO  ratis.ContainerStateMachine (ContainerStateMachine.java:takeSnapshot(289)) - group-1C24252B61C3: Taking a snapshot at:(t:2, i:31) file /workdir/hadoop-ozone/tools/target/test-dir/MiniOzoneClusterImpl-15fc9b53-d736-4c3b-858f-342726019016/datanode-0/data/ratis/5d8695b9-2179-4aa7-881b-1c24252b61c3/sm/snapshot.2_31
2019-09-19 13:09:17,924 [RATISCREATEPIPELINE0] ERROR pipeline.RatisPipelineProvider (RatisPipelineProvider.java:lambda$null$5(236)) - Failed invoke Ratis rpc org.apache.hadoop.hdds.scm.pipeline.RatisPipelineProvider$$Lambda$182/1432337444@4ccd818f for cf73b394-96ec-4032-9230-43540487e60d
org.apache.ratis.protocol.TimeoutIOException: deadline exceeded after 2999862195ns
	at org.apache.ratis.grpc.GrpcUtil.tryUnwrapException(GrpcUtil.java:82)
	at org.apache.ratis.grpc.GrpcUtil.unwrapException(GrpcUtil.java:75)
	at org.apache.ratis.grpc.client.GrpcClientProtocolClient.blockingCall(GrpcClientProtocolClient.java:178)
	at org.apache.ratis.grpc.client.GrpcClientProtocolClient.groupAdd(GrpcClientProtocolClient.java:147)
	at org.apache.ratis.grpc.client.GrpcClientRpc.sendRequest(GrpcClientRpc.java:94)
	at org.apache.ratis.client.impl.RaftClientImpl.sendRequest(RaftClientImpl.java:278)
	at org.apache.ratis.client.impl.RaftClientImpl.groupAdd(RaftClientImpl.java:205)
	at org.apache.hadoop.hdds.scm.pipeline.RatisPipelineProvider.lambda$initializePipeline$4(RatisPipelineProvider.java:195)
	at org.apache.hadoop.hdds.scm.pipeline.RatisPipelineProvider.lambda$null$5(RatisPipelineProvider.java:232)
	at java.util.stream.ForEachOps$ForEachOp$OfRef.accept(ForEachOps.java:184)
	at java.util.ArrayList$ArrayListSpliterator.forEachRemaining(ArrayList.java:1382)
	at java.util.stream.AbstractPipeline.copyInto(AbstractPipeline.java:482)
	at java.util.stream.ForEachOps$ForEachTask.compute(ForEachOps.java:291)
	at java.util.concurrent.CountedCompleter.exec(CountedCompleter.java:731)
	at java.util.concurrent.ForkJoinTask.doExec(ForkJoinTask.java:289)
	at java.util.concurrent.ForkJoinTask.doInvoke(ForkJoinTask.java:401)
	at java.util.concurrent.ForkJoinTask.invoke(ForkJoinTask.java:734)
	at java.util.stream.ForEachOps$ForEachOp.evaluateParallel(ForEachOps.java:160)
	at java.util.stream.ForEachOps$ForEachOp$OfRef.evaluateParallel(ForEachOps.java:174)
	at java.util.stream.AbstractPipeline.evaluate(AbstractPipeline.java:233)
	at java.util.stream.ReferencePipeline.forEach(ReferencePipeline.java:418)
	at java.util.stream.ReferencePipeline$Head.forEach(ReferencePipeline.java:583)
	at org.apache.hadoop.hdds.scm.pipeline.RatisPipelineProvider.lambda$callRatisRpc$6(RatisPipelineProvider.java:226)
	at java.util.concurrent.ForkJoinTask$AdaptedRunnableAction.exec(ForkJoinTask.java:1386)
	at java.util.concurrent.ForkJoinTask.doExec(ForkJoinTask.java:289)
	at java.util.concurrent.ForkJoinPool$WorkQueue.runTask(ForkJoinPool.java:1056)
	at java.util.concurrent.ForkJoinPool.runWorker(ForkJoinPool.java:1692)
	at java.util.concurrent.ForkJoinWorkerThread.run(ForkJoinWorkerThread.java:157)
Caused by: org.apache.ratis.thirdparty.io.grpc.StatusRuntimeException: DEADLINE_EXCEEDED: deadline exceeded after 2999862195ns
	at org.apache.ratis.thirdparty.io.grpc.stub.ClientCalls.toStatusRuntimeException(ClientCalls.java:233)
	at org.apache.ratis.thirdparty.io.grpc.stub.ClientCalls.getUnchecked(ClientCalls.java:214)
	at org.apache.ratis.thirdparty.io.grpc.stub.ClientCalls.blockingUnaryCall(ClientCalls.java:139)
	at org.apache.ratis.proto.grpc.AdminProtocolServiceGrpc$AdminProtocolServiceBlockingStub.groupManagement(AdminProtocolServiceGrpc.java:274)
	at org.apache.ratis.grpc.client.GrpcClientProtocolClient.lambda$groupAdd$3(GrpcClientProtocolClient.java:149)
	at org.apache.ratis.grpc.client.GrpcClientProtocolClient.blockingCall(GrpcClientProtocolClient.java:176)
	... 25 more
2019-09-19 13:09:17,925 [RATISCREATEPIPELINE2] ERROR pipeline.RatisPipelineProvider (RatisPipelineProvider.java:lambda$null$5(236)) - Failed invoke Ratis rpc org.apache.hadoop.hdds.scm.pipeline.RatisPipelineProvider$$Lambda$182/1432337444@4ccd818f for b542397d-0a79-4b2f-bca4-8988c4585f57
org.apache.ratis.protocol.TimeoutIOException: deadline exceeded after 2996834045ns
	at org.apache.ratis.grpc.GrpcUtil.tryUnwrapException(GrpcUtil.java:82)
	at org.apache.ratis.grpc.GrpcUtil.unwrapException(GrpcUtil.java:75)
	at org.apache.ratis.grpc.client.GrpcClientProtocolClient.blockingCall(GrpcClientProtocolClient.java:178)
	at org.apache.ratis.grpc.client.GrpcClientProtocolClient.groupAdd(GrpcClientProtocolClient.java:147)
	at org.apache.ratis.grpc.client.GrpcClientRpc.sendRequest(GrpcClientRpc.java:94)
	at org.apache.ratis.client.impl.RaftClientImpl.sendRequest(RaftClientImpl.java:278)
	at org.apache.ratis.client.impl.RaftClientImpl.groupAdd(RaftClientImpl.java:205)
	at org.apache.hadoop.hdds.scm.pipeline.RatisPipelineProvider.lambda$initializePipeline$4(RatisPipelineProvider.java:195)
	at org.apache.hadoop.hdds.scm.pipeline.RatisPipelineProvider.lambda$null$5(RatisPipelineProvider.java:232)
	at java.util.stream.ForEachOps$ForEachOp$OfRef.accept(ForEachOps.java:184)
	at java.util.ArrayList$ArrayListSpliterator.forEachRemaining(ArrayList.java:1382)
	at java.util.stream.AbstractPipeline.copyInto(AbstractPipeline.java:482)
	at java.util.stream.ForEachOps$ForEachTask.compute(ForEachOps.java:291)
	at java.util.concurrent.CountedCompleter.exec(CountedCompleter.java:731)
	at java.util.concurrent.ForkJoinTask.doExec(ForkJoinTask.java:289)
	at java.util.concurrent.ForkJoinPool$WorkQueue.runTask(ForkJoinPool.java:1056)
	at java.util.concurrent.ForkJoinPool.runWorker(ForkJoinPool.java:1692)
	at java.util.concurrent.ForkJoinWorkerThread.run(ForkJoinWorkerThread.java:157)
Caused by: org.apache.ratis.thirdparty.io.grpc.StatusRuntimeException: DEADLINE_EXCEEDED: deadline exceeded after 2996834045ns
	at org.apache.ratis.thirdparty.io.grpc.stub.ClientCalls.toStatusRuntimeException(ClientCalls.java:233)
	at org.apache.ratis.thirdparty.io.grpc.stub.ClientCalls.getUnchecked(ClientCalls.java:214)
	at org.apache.ratis.thirdparty.io.grpc.stub.ClientCalls.blockingUnaryCall(ClientCalls.java:139)
	at org.apache.ratis.proto.grpc.AdminProtocolServiceGrpc$AdminProtocolServiceBlockingStub.groupManagement(AdminProtocolServiceGrpc.java:274)
	at org.apache.ratis.grpc.client.GrpcClientProtocolClient.lambda$groupAdd$3(GrpcClientProtocolClient.java:149)
	at org.apache.ratis.grpc.client.GrpcClientProtocolClient.blockingCall(GrpcClientProtocolClient.java:176)
	... 15 more
2019-09-19 13:09:17,926 [RATISCREATEPIPELINE1] ERROR pipeline.RatisPipelineProvider (RatisPipelineProvider.java:lambda$null$5(236)) - Failed invoke Ratis rpc org.apache.hadoop.hdds.scm.pipeline.RatisPipelineProvider$$Lambda$182/1432337444@4ccd818f for fc54a72e-a47f-4136-9ed5-ca4a72c32f0a
org.apache.ratis.protocol.TimeoutIOException
	at org.apache.ratis.grpc.GrpcUtil.tryUnwrapException(GrpcUtil.java:82)
	at org.apache.ratis.grpc.GrpcUtil.unwrapException(GrpcUtil.java:75)
	at org.apache.ratis.grpc.client.GrpcClientProtocolClient.blockingCall(GrpcClientProtocolClient.java:178)
	at org.apache.ratis.grpc.client.GrpcClientProtocolClient.groupAdd(GrpcClientProtocolClient.java:147)
	at org.apache.ratis.grpc.client.GrpcClientRpc.sendRequest(GrpcClientRpc.java:94)
	at org.apache.ratis.client.impl.RaftClientImpl.sendRequest(RaftClientImpl.java:278)
	at org.apache.ratis.client.impl.RaftClientImpl.groupAdd(RaftClientImpl.java:205)
	at org.apache.hadoop.hdds.scm.pipeline.RatisPipelineProvider.lambda$initializePipeline$4(RatisPipelineProvider.java:195)
	at org.apache.hadoop.hdds.scm.pipeline.RatisPipelineProvider.lambda$null$5(RatisPipelineProvider.java:232)
	at java.util.stream.ForEachOps$ForEachOp$OfRef.accept(ForEachOps.java:184)
	at java.util.ArrayList$ArrayListSpliterator.forEachRemaining(ArrayList.java:1382)
	at java.util.stream.AbstractPipeline.copyInto(AbstractPipeline.java:482)
	at java.util.stream.ForEachOps$ForEachTask.compute(ForEachOps.java:291)
	at java.util.concurrent.CountedCompleter.exec(CountedCompleter.java:731)
	at java.util.concurrent.ForkJoinTask.doExec(ForkJoinTask.java:289)
	at java.util.concurrent.ForkJoinPool$WorkQueue.runTask(ForkJoinPool.java:1056)
	at java.util.concurrent.ForkJoinPool.runWorker(ForkJoinPool.java:1692)
	at java.util.concurrent.ForkJoinWorkerThread.run(ForkJoinWorkerThread.java:157)
Caused by: org.apache.ratis.thirdparty.io.grpc.StatusRuntimeException: DEADLINE_EXCEEDED
	at org.apache.ratis.thirdparty.io.grpc.stub.ClientCalls.toStatusRuntimeException(ClientCalls.java:233)
	at org.apache.ratis.thirdparty.io.grpc.stub.ClientCalls.getUnchecked(ClientCalls.java:214)
	at org.apache.ratis.thirdparty.io.grpc.stub.ClientCalls.blockingUnaryCall(ClientCalls.java:139)
	at org.apache.ratis.proto.grpc.AdminProtocolServiceGrpc$AdminProtocolServiceBlockingStub.groupManagement(AdminProtocolServiceGrpc.java:274)
	at org.apache.ratis.grpc.client.GrpcClientProtocolClient.lambda$groupAdd$3(GrpcClientProtocolClient.java:149)
	at org.apache.ratis.grpc.client.GrpcClientProtocolClient.blockingCall(GrpcClientProtocolClient.java:176)
	... 15 more
2019-09-19 13:09:17,930 [IPC Server handler 5 on 42109] WARN  block.BlockManagerImpl (BlockManagerImpl.java:allocateBlock(192)) - Pipeline creation failed for type:RATIS factor:THREE. Retrying get pipelines call once.
org.apache.hadoop.io.MultipleIOException: 3 exceptions [java.io.IOException: Failed invoke Ratis rpc org.apache.hadoop.hdds.scm.pipeline.RatisPipelineProvider$$Lambda$182/1432337444@4ccd818f for cf73b394-96ec-4032-9230-43540487e60d, java.io.IOException: Failed invoke Ratis rpc org.apache.hadoop.hdds.scm.pipeline.RatisPipelineProvider$$Lambda$182/1432337444@4ccd818f for b542397d-0a79-4b2f-bca4-8988c4585f57, java.io.IOException: Failed invoke Ratis rpc org.apache.hadoop.hdds.scm.pipeline.RatisPipelineProvider$$Lambda$182/1432337444@4ccd818f for fc54a72e-a47f-4136-9ed5-ca4a72c32f0a]
	at org.apache.hadoop.io.MultipleIOException.createIOException(MultipleIOException.java:53)
	at org.apache.hadoop.hdds.scm.pipeline.RatisPipelineProvider.callRatisRpc(RatisPipelineProvider.java:252)
	at org.apache.hadoop.hdds.scm.pipeline.RatisPipelineProvider.initializePipeline(RatisPipelineProvider.java:193)
	at org.apache.hadoop.hdds.scm.pipeline.RatisPipelineProvider.create(RatisPipelineProvider.java:162)
	at org.apache.hadoop.hdds.scm.pipeline.PipelineFactory.create(PipelineFactory.java:57)
	at org.apache.hadoop.hdds.scm.pipeline.SCMPipelineManager.createPipeline(SCMPipelineManager.java:151)
	at org.apache.hadoop.hdds.scm.block.BlockManagerImpl.allocateBlock(BlockManagerImpl.java:190)
	at org.apache.hadoop.hdds.scm.server.SCMBlockProtocolServer.allocateBlock(SCMBlockProtocolServer.java:182)
	at org.apache.hadoop.ozone.protocolPB.ScmBlockLocationProtocolServerSideTranslatorPB.allocateScmBlock(ScmBlockLocationProtocolServerSideTranslatorPB.java:183)
	at org.apache.hadoop.ozone.protocolPB.ScmBlockLocationProtocolServerSideTranslatorPB.processMessage(ScmBlockLocationProtocolServerSideTranslatorPB.java:141)
	at org.apache.hadoop.ozone.protocolPB.ScmBlockLocationProtocolServerSideTranslatorPB.send(ScmBlockLocationProtocolServerSideTranslatorPB.java:116)
	at org.apache.hadoop.hdds.protocol.proto.ScmBlockLocationProtocolProtos$ScmBlockLocationProtocolService$2.callBlockingMethod(ScmBlockLocationProtocolProtos.java:13157)
	at org.apache.hadoop.ipc.ProtobufRpcEngine$Server$ProtoBufRpcInvoker.call(ProtobufRpcEngine.java:524)
	at org.apache.hadoop.ipc.RPC$Server.call(RPC.java:1025)
	at org.apache.hadoop.ipc.Server$RpcCall.run(Server.java:876)
	at org.apache.hadoop.ipc.Server$RpcCall.run(Server.java:822)
	at java.security.AccessController.doPrivileged(Native Method)
	at javax.security.auth.Subject.doAs(Subject.java:422)
	at org.apache.hadoop.security.UserGroupInformation.doAs(UserGroupInformation.java:1730)
	at org.apache.hadoop.ipc.Server$Handler.run(Server.java:2682)
2019-09-19 13:09:17,930 [IPC Server handler 5 on 42109] INFO  block.BlockManagerImpl (BlockManagerImpl.java:allocateBlock(198)) - Could not find available pipeline of type:RATIS and factor:THREE even after retrying
2019-09-19 13:09:17,930 [IPC Server handler 5 on 42109] ERROR block.BlockManagerImpl (BlockManagerImpl.java:allocateBlock(222)) - Unable to allocate a block for the size: 4194304, type: RATIS, factor: THREE
2019-09-19 13:09:17,935 [pool-53-thread-3] ERROR io.BlockOutputStreamEntryPool (BlockOutputStreamEntryPool.java:allocateBlockIfNeeded(299)) - Try to allocate more blocks for write failed, already allocated 0 blocks for this write.
INTERNAL_ERROR org.apache.hadoop.ozone.om.exceptions.OMException: Allocated 0 blocks. Requested 1 blocks
	at org.apache.hadoop.ozone.om.protocolPB.OzoneManagerProtocolClientSideTranslatorPB.handleError(OzoneManagerProtocolClientSideTranslatorPB.java:724)
	at org.apache.hadoop.ozone.om.protocolPB.OzoneManagerProtocolClientSideTranslatorPB.allocateBlock(OzoneManagerProtocolClientSideTranslatorPB.java:756)
	at sun.reflect.NativeMethodAccessorImpl.invoke0(Native Method)
	at sun.reflect.NativeMethodAccessorImpl.invoke(NativeMethodAccessorImpl.java:62)
	at sun.reflect.DelegatingMethodAccessorImpl.invoke(DelegatingMethodAccessorImpl.java:43)
	at java.lang.reflect.Method.invoke(Method.java:498)
	at org.apache.hadoop.hdds.tracing.TraceAllMethod.invoke(TraceAllMethod.java:66)
	at com.sun.proxy.$Proxy37.allocateBlock(Unknown Source)
	at org.apache.hadoop.ozone.client.io.BlockOutputStreamEntryPool.allocateNewBlock(BlockOutputStreamEntryPool.java:248)
	at org.apache.hadoop.ozone.client.io.BlockOutputStreamEntryPool.allocateBlockIfNeeded(BlockOutputStreamEntryPool.java:296)
	at org.apache.hadoop.ozone.client.io.KeyOutputStream.handleWrite(KeyOutputStream.java:201)
	at org.apache.hadoop.ozone.client.io.KeyOutputStream.handleRetry(KeyOutputStream.java:376)
	at org.apache.hadoop.ozone.client.io.KeyOutputStream.handleException(KeyOutputStream.java:325)
	at org.apache.hadoop.ozone.client.io.KeyOutputStream.handleWrite(KeyOutputStream.java:231)
	at org.apache.hadoop.ozone.client.io.KeyOutputStream.write(KeyOutputStream.java:193)
	at org.apache.hadoop.ozone.client.io.OzoneOutputStream.write(OzoneOutputStream.java:49)
	at org.apache.hadoop.ozone.freon.RandomKeyGenerator.createKey(RandomKeyGenerator.java:708)
	at org.apache.hadoop.ozone.freon.RandomKeyGenerator.access$1100(RandomKeyGenerator.java:88)
	at org.apache.hadoop.ozone.freon.RandomKeyGenerator$ObjectCreator.run(RandomKeyGenerator.java:615)
	at java.util.concurrent.Executors$RunnableAdapter.call(Executors.java:511)
	at java.util.concurrent.FutureTask.run(FutureTask.java:266)
	at java.util.concurrent.ThreadPoolExecutor.runWorker(ThreadPoolExecutor.java:1149)
	at java.util.concurrent.ThreadPoolExecutor$Worker.run(ThreadPoolExecutor.java:624)
	at java.lang.Thread.run(Thread.java:748)
2019-09-19 13:09:17,936 [pool-53-thread-3] ERROR freon.RandomKeyGenerator (RandomKeyGenerator.java:createKey(733)) - Exception while adding key: key-0-77124 in bucket: bucket-0-77437 of volume: vol-0-02906.
INTERNAL_ERROR org.apache.hadoop.ozone.om.exceptions.OMException: Allocated 0 blocks. Requested 1 blocks
	at org.apache.hadoop.ozone.om.protocolPB.OzoneManagerProtocolClientSideTranslatorPB.handleError(OzoneManagerProtocolClientSideTranslatorPB.java:724)
	at org.apache.hadoop.ozone.om.protocolPB.OzoneManagerProtocolClientSideTranslatorPB.allocateBlock(OzoneManagerProtocolClientSideTranslatorPB.java:756)
	at sun.reflect.NativeMethodAccessorImpl.invoke0(Native Method)
	at sun.reflect.NativeMethodAccessorImpl.invoke(NativeMethodAccessorImpl.java:62)
	at sun.reflect.DelegatingMethodAccessorImpl.invoke(DelegatingMethodAccessorImpl.java:43)
	at java.lang.reflect.Method.invoke(Method.java:498)
	at org.apache.hadoop.hdds.tracing.TraceAllMethod.invoke(TraceAllMethod.java:66)
	at com.sun.proxy.$Proxy37.allocateBlock(Unknown Source)
	at org.apache.hadoop.ozone.client.io.BlockOutputStreamEntryPool.allocateNewBlock(BlockOutputStreamEntryPool.java:248)
	at org.apache.hadoop.ozone.client.io.BlockOutputStreamEntryPool.allocateBlockIfNeeded(BlockOutputStreamEntryPool.java:296)
	at org.apache.hadoop.ozone.client.io.KeyOutputStream.handleWrite(KeyOutputStream.java:201)
	at org.apache.hadoop.ozone.client.io.KeyOutputStream.handleRetry(KeyOutputStream.java:376)
	at org.apache.hadoop.ozone.client.io.KeyOutputStream.handleException(KeyOutputStream.java:325)
	at org.apache.hadoop.ozone.client.io.KeyOutputStream.handleWrite(KeyOutputStream.java:231)
	at org.apache.hadoop.ozone.client.io.KeyOutputStream.write(KeyOutputStream.java:193)
	at org.apache.hadoop.ozone.client.io.OzoneOutputStream.write(OzoneOutputStream.java:49)
	at org.apache.hadoop.ozone.freon.RandomKeyGenerator.createKey(RandomKeyGenerator.java:708)
	at org.apache.hadoop.ozone.freon.RandomKeyGenerator.access$1100(RandomKeyGenerator.java:88)
	at org.apache.hadoop.ozone.freon.RandomKeyGenerator$ObjectCreator.run(RandomKeyGenerator.java:615)
	at java.util.concurrent.Executors$RunnableAdapter.call(Executors.java:511)
	at java.util.concurrent.FutureTask.run(FutureTask.java:266)
	at java.util.concurrent.ThreadPoolExecutor.runWorker(ThreadPoolExecutor.java:1149)
	at java.util.concurrent.ThreadPoolExecutor$Worker.run(ThreadPoolExecutor.java:624)
	at java.lang.Thread.run(Thread.java:748)
2019-09-19 13:09:17,997 [b542397d-0a79-4b2f-bca4-8988c4585f57@group-1C24252B61C3-SegmentedRaftLogWorker] WARN  segmented.SegmentedRaftLogWorker (SegmentedRaftLogWorker.java:getFromFuture(90)) - Timeout 18/~
org.apache.ratis.protocol.TimeoutIOException: Timeout 10s: WriteLog:32: (t:2, i:32), STATEMACHINELOGENTRY, client-6FEDB5C32964, cid=25-writeStateMachineData
	at org.apache.ratis.util.IOUtils.getFromFuture(IOUtils.java:87)
	at org.apache.ratis.server.raftlog.segmented.SegmentedRaftLogWorker$StateMachineDataPolicy.getFromFuture(SegmentedRaftLogWorker.java:87)
	at org.apache.ratis.server.raftlog.segmented.SegmentedRaftLogWorker$WriteLog.execute(SegmentedRaftLogWorker.java:477)
	at org.apache.ratis.server.raftlog.segmented.SegmentedRaftLogWorker.run(SegmentedRaftLogWorker.java:289)
	at java.lang.Thread.run(Thread.java:748)
Caused by: java.util.concurrent.TimeoutException
	at java.util.concurrent.CompletableFuture.timedGet(CompletableFuture.java:1771)
	at java.util.concurrent.CompletableFuture.get(CompletableFuture.java:1915)
	at org.apache.ratis.util.IOUtils.getFromFuture(IOUtils.java:79)
	... 4 more
 0.00% |█                                                                                                    |  0/1 Time: 0:03:242019-09-19 13:09:18,402 [cf73b394-96ec-4032-9230-43540487e60d@group-1C24252B61C3-SegmentedRaftLogWorker] WARN  segmented.SegmentedRaftLogWorker (SegmentedRaftLogWorker.java:getFromFuture(90)) - Timeout 18/~
org.apache.ratis.protocol.TimeoutIOException: Timeout 10s: WriteLog:34: (t:2, i:34), STATEMACHINELOGENTRY, client-6FEDB5C32964, cid=27-writeStateMachineData
	at org.apache.ratis.util.IOUtils.getFromFuture(IOUtils.java:87)
	at org.apache.ratis.server.raftlog.segmented.SegmentedRaftLogWorker$StateMachineDataPolicy.getFromFuture(SegmentedRaftLogWorker.java:87)
	at org.apache.ratis.server.raftlog.segmented.SegmentedRaftLogWorker$WriteLog.execute(SegmentedRaftLogWorker.java:477)
	at org.apache.ratis.server.raftlog.segmented.SegmentedRaftLogWorker.run(SegmentedRaftLogWorker.java:289)
	at java.lang.Thread.run(Thread.java:748)
Caused by: java.util.concurrent.TimeoutException
	at java.util.concurrent.CompletableFuture.timedGet(CompletableFuture.java:1771)
	at java.util.concurrent.CompletableFuture.get(CompletableFuture.java:1915)
	at org.apache.ratis.util.IOUtils.getFromFuture(IOUtils.java:79)
	... 4 more
2019-09-19 13:09:18,402 [fc54a72e-a47f-4136-9ed5-ca4a72c32f0a@group-1C24252B61C3-SegmentedRaftLogWorker] WARN  segmented.SegmentedRaftLogWorker (SegmentedRaftLogWorker.java:getFromFuture(90)) - Timeout 18/~
org.apache.ratis.protocol.TimeoutIOException: Timeout 10s: WriteLog:34: (t:2, i:34), STATEMACHINELOGENTRY, client-6FEDB5C32964, cid=27-writeStateMachineData
	at org.apache.ratis.util.IOUtils.getFromFuture(IOUtils.java:87)
	at org.apache.ratis.server.raftlog.segmented.SegmentedRaftLogWorker$StateMachineDataPolicy.getFromFuture(SegmentedRaftLogWorker.java:87)
	at org.apache.ratis.server.raftlog.segmented.SegmentedRaftLogWorker$WriteLog.execute(SegmentedRaftLogWorker.java:477)
	at org.apache.ratis.server.raftlog.segmented.SegmentedRaftLogWorker.run(SegmentedRaftLogWorker.java:289)
	at java.lang.Thread.run(Thread.java:748)
Caused by: java.util.concurrent.TimeoutException
	at java.util.concurrent.CompletableFuture.timedGet(CompletableFuture.java:1771)
	at java.util.concurrent.CompletableFuture.get(CompletableFuture.java:1915)
	at org.apache.ratis.util.IOUtils.getFromFuture(IOUtils.java:79)
	... 4 more
2019-09-19 13:09:18,508 [pool-47-thread-1] INFO  storage.RaftStorageDirectory (RaftStorageDirectory.java:tryLock(328)) - Lock on /workdir/hadoop-ozone/tools/target/test-dir/MiniOzoneClusterImpl-15fc9b53-d736-4c3b-858f-342726019016/datanode-2/data/ratis/d23097d0-bf0f-42ac-8ac0-a113ea47e608/in_use.lock acquired by nodename 26476@pr-hdds-2153-g484h-410672627
2019-09-19 13:09:18,509 [fc54a72e-a47f-4136-9ed5-ca4a72c32f0a@group-1C24252B61C3-StateMachineUpdater] INFO  ratis.ContainerStateMachine (ContainerStateMachine.java:takeSnapshot(300)) - group-1C24252B61C3: Finished taking a snapshot at:(t:2, i:30) file:/workdir/hadoop-ozone/tools/target/test-dir/MiniOzoneClusterImpl-15fc9b53-d736-4c3b-858f-342726019016/datanode-2/data/ratis/5d8695b9-2179-4aa7-881b-1c24252b61c3/sm/snapshot.2_30 time:4090
2019-09-19 13:09:18,509 [pool-27-thread-1] INFO  storage.RaftStorageDirectory (RaftStorageDirectory.java:tryLock(328)) - Lock on /workdir/hadoop-ozone/tools/target/test-dir/MiniOzoneClusterImpl-15fc9b53-d736-4c3b-858f-342726019016/datanode-0/data/ratis/d23097d0-bf0f-42ac-8ac0-a113ea47e608/in_use.lock acquired by nodename 26476@pr-hdds-2153-g484h-410672627
2019-09-19 13:09:18,508 [pool-37-thread-1] INFO  storage.RaftStorageDirectory (RaftStorageDirectory.java:tryLock(328)) - Lock on /workdir/hadoop-ozone/tools/target/test-dir/MiniOzoneClusterImpl-15fc9b53-d736-4c3b-858f-342726019016/datanode-1/data/ratis/d23097d0-bf0f-42ac-8ac0-a113ea47e608/in_use.lock acquired by nodename 26476@pr-hdds-2153-g484h-410672627
2019-09-19 13:09:18,510 [fc54a72e-a47f-4136-9ed5-ca4a72c32f0a@group-1C24252B61C3-StateMachineUpdater] INFO  impl.StateMachineUpdater (StateMachineUpdater.java:takeSnapshot(258)) - fc54a72e-a47f-4136-9ed5-ca4a72c32f0a@group-1C24252B61C3-StateMachineUpdater: Took a snapshot at index 30
2019-09-19 13:09:18,510 [fc54a72e-a47f-4136-9ed5-ca4a72c32f0a@group-1C24252B61C3-StateMachineUpdater] INFO  impl.StateMachineUpdater (StateMachineUpdater.java:lambda$new$0(83)) - fc54a72e-a47f-4136-9ed5-ca4a72c32f0a@group-1C24252B61C3-StateMachineUpdater: snapshotIndex: updateIncreasingly -1 -> 30
2019-09-19 13:09:18,517 [fc54a72e-a47f-4136-9ed5-ca4a72c32f0a@group-1C24252B61C3-StateMachineUpdater] INFO  ratis.ContainerStateMachine (ContainerStateMachine.java:takeSnapshot(289)) - group-1C24252B61C3: Taking a snapshot at:(t:2, i:30) file /workdir/hadoop-ozone/tools/target/test-dir/MiniOzoneClusterImpl-15fc9b53-d736-4c3b-858f-342726019016/datanode-2/data/ratis/5d8695b9-2179-4aa7-881b-1c24252b61c3/sm/snapshot.2_30
2019-09-19 13:09:18,578 [Command processor thread] ERROR commandhandler.CloseContainerCommandHandler (CloseContainerCommandHandler.java:handle(125)) - Can't close container #2
java.io.IOException: org.apache.ratis.protocol.GroupMismatchException: fc54a72e-a47f-4136-9ed5-ca4a72c32f0a: group-1C24252B61C3 not found.
	at org.apache.hadoop.ozone.container.common.transport.server.ratis.XceiverServerRatis.submitRequest(XceiverServerRatis.java:495)
	at org.apache.hadoop.ozone.container.common.statemachine.commandhandler.CloseContainerCommandHandler.handle(CloseContainerCommandHandler.java:102)
	at org.apache.hadoop.ozone.container.common.statemachine.commandhandler.CommandDispatcher.handle(CommandDispatcher.java:99)
	at org.apache.hadoop.ozone.container.common.statemachine.DatanodeStateMachine.lambda$initCommandHandlerThread$1(DatanodeStateMachine.java:432)
	at java.lang.Thread.run(Thread.java:748)
Caused by: java.util.concurrent.ExecutionException: org.apache.ratis.protocol.GroupMismatchException: fc54a72e-a47f-4136-9ed5-ca4a72c32f0a: group-1C24252B61C3 not found.
	at java.util.concurrent.CompletableFuture.reportGet(CompletableFuture.java:357)
	at java.util.concurrent.CompletableFuture.get(CompletableFuture.java:1895)
	at org.apache.hadoop.ozone.container.common.transport.server.ratis.XceiverServerRatis.submitRequest(XceiverServerRatis.java:493)
	... 4 more
Caused by: org.apache.ratis.protocol.GroupMismatchException: fc54a72e-a47f-4136-9ed5-ca4a72c32f0a: group-1C24252B61C3 not found.
	at org.apache.ratis.server.impl.RaftServerProxy$ImplMap.get(RaftServerProxy.java:122)
	at org.apache.ratis.server.impl.RaftServerProxy.getImplFuture(RaftServerProxy.java:269)
	at org.apache.ratis.server.impl.RaftServerProxy.submitRequest(RaftServerProxy.java:327)
	at org.apache.ratis.server.impl.RaftServerProxy.submitClientRequestAsync(RaftServerProxy.java:333)
	... 5 more
 100.00% |█████████████████████████████████████████████████████████████████████████████████████████████████████|  1/1 Time: 0:03:25
2019-09-19 13:09:19,706 [cf73b394-96ec-4032-9230-43540487e60d@group-1C24252B61C3-StateMachineUpdater] INFO  ratis.ContainerStateMachine (ContainerStateMachine.java:takeSnapshot(300)) - group-1C24252B61C3: Finished taking a snapshot at:(t:2, i:31) file:/workdir/hadoop-ozone/tools/target/test-dir/MiniOzoneClusterImpl-15fc9b53-d736-4c3b-858f-342726019016/datanode-0/data/ratis/5d8695b9-2179-4aa7-881b-1c24252b61c3/sm/snapshot.2_31 time:2292
2019-09-19 13:09:19,707 [cf73b394-96ec-4032-9230-43540487e60d@group-1C24252B61C3-StateMachineUpdater] INFO  impl.StateMachineUpdater (StateMachineUpdater.java:takeSnapshot(258)) - cf73b394-96ec-4032-9230-43540487e60d@group-1C24252B61C3-StateMachineUpdater: Took a snapshot at index 31
2019-09-19 13:09:19,707 [cf73b394-96ec-4032-9230-43540487e60d@group-1C24252B61C3-StateMachineUpdater] INFO  impl.StateMachineUpdater (StateMachineUpdater.java:lambda$new$0(83)) - cf73b394-96ec-4032-9230-43540487e60d@group-1C24252B61C3-StateMachineUpdater: snapshotIndex: updateIncreasingly -1 -> 31
2019-09-19 13:09:19,709 [grpc-default-executor-3] INFO  impl.RaftServerImpl (ServerState.java:close(385)) - cf73b394-96ec-4032-9230-43540487e60d@group-1C24252B61C3: closes. applyIndex: 31
2019-09-19 13:09:19,714 [cf73b394-96ec-4032-9230-43540487e60d@group-1C24252B61C3-SegmentedRaftLogWorker] ERROR ratis.XceiverServerRatis (XceiverServerRatis.java:triggerPipelineClose(568)) - pipeline Action CLOSE  on pipeline PipelineID=5d8695b9-2179-4aa7-881b-1c24252b61c3.Reason : WriteLog:34: (t:2, i:34), STATEMACHINELOGENTRY, client-6FEDB5C32964, cid=27-writeStateMachineData interrupted.
2019-09-19 13:09:19,717 [EventQueue-PipelineActionsForPipelineActionHandler] ERROR pipeline.PipelineActionHandler (PipelineActionHandler.java:onMessage(60)) - Received pipeline action CLOSE for Pipeline[ Id: 5d8695b9-2179-4aa7-881b-1c24252b61c3, Nodes: fc54a72e-a47f-4136-9ed5-ca4a72c32f0a{ip: 192.168.34.13, host: pr-hdds-2153-g484h-410672627, networkLocation: /default-rack, certSerialId: null}cf73b394-96ec-4032-9230-43540487e60d{ip: 192.168.34.13, host: pr-hdds-2153-g484h-410672627, networkLocation: /default-rack, certSerialId: null}b542397d-0a79-4b2f-bca4-8988c4585f57{ip: 192.168.34.13, host: pr-hdds-2153-g484h-410672627, networkLocation: /default-rack, certSerialId: null}, Type:RATIS, Factor:THREE, State:CLOSED] from datanode cf73b394-96ec-4032-9230-43540487e60d{ip: 192.168.34.13, host: pr-hdds-2153-g484h-410672627, networkLocation: /default-rack, certSerialId: null}. Reason : WriteLog:34: (t:2, i:34), STATEMACHINELOGENTRY, client-6FEDB5C32964, cid=27-writeStateMachineData interrupted.
2019-09-19 13:09:19,717 [EventQueue-PipelineActionsForPipelineActionHandler] INFO  pipeline.SCMPipelineManager (SCMPipelineManager.java:finalizeAndDestroyPipeline(311)) - destroying pipeline:Pipeline[ Id: 5d8695b9-2179-4aa7-881b-1c24252b61c3, Nodes: fc54a72e-a47f-4136-9ed5-ca4a72c32f0a{ip: 192.168.34.13, host: pr-hdds-2153-g484h-410672627, networkLocation: /default-rack, certSerialId: null}cf73b394-96ec-4032-9230-43540487e60d{ip: 192.168.34.13, host: pr-hdds-2153-g484h-410672627, networkLocation: /default-rack, certSerialId: null}b542397d-0a79-4b2f-bca4-8988c4585f57{ip: 192.168.34.13, host: pr-hdds-2153-g484h-410672627, networkLocation: /default-rack, certSerialId: null}, Type:RATIS, Factor:THREE, State:CLOSED]
2019-09-19 13:09:19,719 [grpc-default-executor-3] INFO  segmented.SegmentedRaftLogWorker (SegmentedRaftLogWorker.java:close(228)) - cf73b394-96ec-4032-9230-43540487e60d@group-1C24252B61C3-SegmentedRaftLogWorker close()
2019-09-19 13:09:19,721 [fc54a72e-a47f-4136-9ed5-ca4a72c32f0a@group-1C24252B61C3-StateMachineUpdater] INFO  ratis.ContainerStateMachine (ContainerStateMachine.java:takeSnapshot(300)) - group-1C24252B61C3: Finished taking a snapshot at:(t:2, i:30) file:/workdir/hadoop-ozone/tools/target/test-dir/MiniOzoneClusterImpl-15fc9b53-d736-4c3b-858f-342726019016/datanode-2/data/ratis/5d8695b9-2179-4aa7-881b-1c24252b61c3/sm/snapshot.2_30 time:1204
2019-09-19 13:09:19,721 [pool-47-thread-1] INFO  storage.RaftStorage (RaftStorage.java:format(72)) - Storage directory /workdir/hadoop-ozone/tools/target/test-dir/MiniOzoneClusterImpl-15fc9b53-d736-4c3b-858f-342726019016/datanode-2/data/ratis/d23097d0-bf0f-42ac-8ac0-a113ea47e608 has been successfully formatted.
2019-09-19 13:09:19,721 [fc54a72e-a47f-4136-9ed5-ca4a72c32f0a@group-1C24252B61C3-StateMachineUpdater] INFO  impl.StateMachineUpdater (StateMachineUpdater.java:takeSnapshot(258)) - fc54a72e-a47f-4136-9ed5-ca4a72c32f0a@group-1C24252B61C3-StateMachineUpdater: Took a snapshot at index 30
2019-09-19 13:09:19,721 [pool-27-thread-1] INFO  storage.RaftStorage (RaftStorage.java:format(72)) - Storage directory /workdir/hadoop-ozone/tools/target/test-dir/MiniOzoneClusterImpl-15fc9b53-d736-4c3b-858f-342726019016/datanode-0/data/ratis/d23097d0-bf0f-42ac-8ac0-a113ea47e608 has been successfully formatted.
2019-09-19 13:09:19,722 [Command processor thread] ERROR commandhandler.CloseContainerCommandHandler (CloseContainerCommandHandler.java:handle(125)) - Can't close container #3
java.io.IOException: org.apache.ratis.protocol.GroupMismatchException: fc54a72e-a47f-4136-9ed5-ca4a72c32f0a: group-1C24252B61C3 not found.
	at org.apache.hadoop.ozone.container.common.transport.server.ratis.XceiverServerRatis.submitRequest(XceiverServerRatis.java:495)
	at org.apache.hadoop.ozone.container.common.statemachine.commandhandler.CloseContainerCommandHandler.handle(CloseContainerCommandHandler.java:102)
	at org.apache.hadoop.ozone.container.common.statemachine.commandhandler.CommandDispatcher.handle(CommandDispatcher.java:99)
	at org.apache.hadoop.ozone.container.common.statemachine.DatanodeStateMachine.lambda$initCommandHandlerThread$1(DatanodeStateMachine.java:432)
	at java.lang.Thread.run(Thread.java:748)
Caused by: java.util.concurrent.ExecutionException: org.apache.ratis.protocol.GroupMismatchException: fc54a72e-a47f-4136-9ed5-ca4a72c32f0a: group-1C24252B61C3 not found.
	at java.util.concurrent.CompletableFuture.reportGet(CompletableFuture.java:357)
	at java.util.concurrent.CompletableFuture.get(CompletableFuture.java:1895)
	at org.apache.hadoop.ozone.container.common.transport.server.ratis.XceiverServerRatis.submitRequest(XceiverServerRatis.java:493)
	... 4 more
Caused by: org.apache.ratis.protocol.GroupMismatchException: fc54a72e-a47f-4136-9ed5-ca4a72c32f0a: group-1C24252B61C3 not found.
	at org.apache.ratis.server.impl.RaftServerProxy$ImplMap.get(RaftServerProxy.java:122)
	at org.apache.ratis.server.impl.RaftServerProxy.getImplFuture(RaftServerProxy.java:269)
	at org.apache.ratis.server.impl.RaftServerProxy.submitRequest(RaftServerProxy.java:327)
	at org.apache.ratis.server.impl.RaftServerProxy.submitClientRequestAsync(RaftServerProxy.java:333)
	... 5 more
2019-09-19 13:09:19,721 [pool-37-thread-1] INFO  storage.RaftStorage (RaftStorage.java:format(72)) - Storage directory /workdir/hadoop-ozone/tools/target/test-dir/MiniOzoneClusterImpl-15fc9b53-d736-4c3b-858f-342726019016/datanode-1/data/ratis/d23097d0-bf0f-42ac-8ac0-a113ea47e608 has been successfully formatted.
2019-09-19 13:09:19,722 [pool-27-thread-1] INFO  ratis.ContainerStateMachine (ContainerStateMachine.java:loadSnapshot(230)) - group-A113EA47E608: The snapshot info is null. Setting the last applied indexto:(t:0, i:~)
2019-09-19 13:09:19,722 [pool-47-thread-1] INFO  ratis.ContainerStateMachine (ContainerStateMachine.java:loadSnapshot(230)) - group-A113EA47E608: The snapshot info is null. Setting the last applied indexto:(t:0, i:~)
2019-09-19 13:09:19,722 [fc54a72e-a47f-4136-9ed5-ca4a72c32f0a@group-1C24252B61C3-StateMachineUpdater] INFO  impl.StateMachineUpdater (StateMachineUpdater.java:lambda$new$0(83)) - fc54a72e-a47f-4136-9ed5-ca4a72c32f0a@group-1C24252B61C3-StateMachineUpdater: snapshotIndex: updateIncreasingly 30 -> 30
2019-09-19 13:09:19,723 [pool-47-thread-1] INFO  server.RaftServerConfigKeys (ConfUtils.java:logGet(43)) - raft.server.notification.no-leader.timeout = 120s (custom)
2019-09-19 13:09:19,723 [pool-37-thread-1] INFO  ratis.ContainerStateMachine (ContainerStateMachine.java:loadSnapshot(230)) - group-A113EA47E608: The snapshot info is null. Setting the last applied indexto:(t:0, i:~)
2019-09-19 13:09:19,723 [pool-47-thread-1] INFO  server.RaftServerConfigKeys (ConfUtils.java:logGet(43)) - raft.server.log.use.memory = false (default)
2019-09-19 13:09:19,723 [pool-27-thread-1] INFO  server.RaftServerConfigKeys (ConfUtils.java:logGet(43)) - raft.server.notification.no-leader.timeout = 120s (custom)
2019-09-19 13:09:19,724 [pool-47-thread-1] INFO  server.RaftServerConfigKeys (ConfUtils.java:logGet(43)) - raft.server.log.purge.gap = 1000000 (custom)
2019-09-19 13:09:19,724 [grpc-default-executor-5] INFO  impl.RaftServerImpl (ServerState.java:close(385)) - fc54a72e-a47f-4136-9ed5-ca4a72c32f0a@group-1C24252B61C3: closes. applyIndex: 31
2019-09-19 13:09:19,724 [pool-37-thread-1] INFO  server.RaftServerConfigKeys (ConfUtils.java:logGet(43)) - raft.server.notification.no-leader.timeout = 120s (custom)
2019-09-19 13:09:19,724 [pool-47-thread-1] INFO  server.RaftServerConfigKeys (ConfUtils.java:logGet(43)) - raft.server.log.appender.buffer.byte-limit = 33554432 (custom)
2019-09-19 13:09:19,724 [pool-27-thread-1] INFO  server.RaftServerConfigKeys (ConfUtils.java:logGet(43)) - raft.server.log.use.memory = false (default)
2019-09-19 13:09:19,725 [fc54a72e-a47f-4136-9ed5-ca4a72c32f0a@group-1C24252B61C3-SegmentedRaftLogWorker] ERROR ratis.XceiverServerRatis (XceiverServerRatis.java:triggerPipelineClose(568)) - pipeline Action CLOSE  on pipeline PipelineID=5d8695b9-2179-4aa7-881b-1c24252b61c3.Reason : WriteLog:34: (t:2, i:34), STATEMACHINELOGENTRY, client-6FEDB5C32964, cid=27-writeStateMachineData interrupted.
2019-09-19 13:09:19,725 [pool-37-thread-1] INFO  server.RaftServerConfigKeys (ConfUtils.java:logGet(43)) - raft.server.log.use.memory = false (default)
2019-09-19 13:09:19,725 [pool-27-thread-1] INFO  server.RaftServerConfigKeys (ConfUtils.java:logGet(43)) - raft.server.log.purge.gap = 1000000 (custom)
2019-09-19 13:09:19,725 [pool-47-thread-1] INFO  server.RaftServerConfigKeys (ConfUtils.java:logGet(43)) - raft.server.log.segment.size.max = 1048576 (custom)
2019-09-19 13:09:19,726 [EventQueue-PipelineActionsForPipelineActionHandler] ERROR pipeline.PipelineActionHandler (PipelineActionHandler.java:onMessage(60)) - Received pipeline action CLOSE for Pipeline[ Id: 5d8695b9-2179-4aa7-881b-1c24252b61c3, Nodes: fc54a72e-a47f-4136-9ed5-ca4a72c32f0a{ip: 192.168.34.13, host: pr-hdds-2153-g484h-410672627, networkLocation: /default-rack, certSerialId: null}cf73b394-96ec-4032-9230-43540487e60d{ip: 192.168.34.13, host: pr-hdds-2153-g484h-410672627, networkLocation: /default-rack, certSerialId: null}b542397d-0a79-4b2f-bca4-8988c4585f57{ip: 192.168.34.13, host: pr-hdds-2153-g484h-410672627, networkLocation: /default-rack, certSerialId: null}, Type:RATIS, Factor:THREE, State:CLOSED] from datanode fc54a72e-a47f-4136-9ed5-ca4a72c32f0a{ip: 192.168.34.13, host: pr-hdds-2153-g484h-410672627, networkLocation: /default-rack, certSerialId: null}. Reason : WriteLog:34: (t:2, i:34), STATEMACHINELOGENTRY, client-6FEDB5C32964, cid=27-writeStateMachineData interrupted.
2019-09-19 13:09:19,726 [pool-27-thread-1] INFO  server.RaftServerConfigKeys (ConfUtils.java:logGet(43)) - raft.server.log.appender.buffer.byte-limit = 33554432 (custom)
2019-09-19 13:09:19,726 [pool-37-thread-1] INFO  server.RaftServerConfigKeys (ConfUtils.java:logGet(43)) - raft.server.log.purge.gap = 1000000 (custom)
2019-09-19 13:09:19,727 [pool-27-thread-1] INFO  server.RaftServerConfigKeys (ConfUtils.java:logGet(43)) - raft.server.log.segment.size.max = 1048576 (custom)
2019-09-19 13:09:19,727 [EventQueue-PipelineActionsForPipelineActionHandler] INFO  pipeline.SCMPipelineManager (SCMPipelineManager.java:finalizeAndDestroyPipeline(311)) - destroying pipeline:Pipeline[ Id: 5d8695b9-2179-4aa7-881b-1c24252b61c3, Nodes: fc54a72e-a47f-4136-9ed5-ca4a72c32f0a{ip: 192.168.34.13, host: pr-hdds-2153-g484h-410672627, networkLocation: /default-rack, certSerialId: null}cf73b394-96ec-4032-9230-43540487e60d{ip: 192.168.34.13, host: pr-hdds-2153-g484h-410672627, networkLocation: /default-rack, certSerialId: null}b542397d-0a79-4b2f-bca4-8988c4585f57{ip: 192.168.34.13, host: pr-hdds-2153-g484h-410672627, networkLocation: /default-rack, certSerialId: null}, Type:RATIS, Factor:THREE, State:CLOSED]
2019-09-19 13:09:19,727 [pool-47-thread-1] INFO  server.RaftServerConfigKeys (ConfUtils.java:logGet(43)) - raft.server.log.segment.cache.num.max = 2 (custom)
2019-09-19 13:09:19,727 [pool-27-thread-1] INFO  server.RaftServerConfigKeys (ConfUtils.java:logGet(43)) - raft.server.log.segment.cache.num.max = 2 (custom)
2019-09-19 13:09:19,727 [pool-37-thread-1] INFO  server.RaftServerConfigKeys (ConfUtils.java:logGet(43)) - raft.server.log.appender.buffer.byte-limit = 33554432 (custom)
2019-09-19 13:09:19,727 [pool-27-thread-1] INFO  segmented.SegmentedRaftLogWorker (SegmentedRaftLogWorker.java:<init>(172)) - new cf73b394-96ec-4032-9230-43540487e60d@group-A113EA47E608-SegmentedRaftLogWorker for RaftStorage:Storage Directory /workdir/hadoop-ozone/tools/target/test-dir/MiniOzoneClusterImpl-15fc9b53-d736-4c3b-858f-342726019016/datanode-0/data/ratis/d23097d0-bf0f-42ac-8ac0-a113ea47e608
2019-09-19 13:09:19,727 [pool-47-thread-1] INFO  segmented.SegmentedRaftLogWorker (SegmentedRaftLogWorker.java:<init>(172)) - new fc54a72e-a47f-4136-9ed5-ca4a72c32f0a@group-A113EA47E608-SegmentedRaftLogWorker for RaftStorage:Storage Directory /workdir/hadoop-ozone/tools/target/test-dir/MiniOzoneClusterImpl-15fc9b53-d736-4c3b-858f-342726019016/datanode-2/data/ratis/d23097d0-bf0f-42ac-8ac0-a113ea47e608
2019-09-19 13:09:19,728 [pool-27-thread-1] INFO  server.RaftServerConfigKeys (ConfUtils.java:logGet(43)) - raft.server.log.queue.byte-limit = 2147483647 (custom)
2019-09-19 13:09:19,728 [pool-37-thread-1] INFO  server.RaftServerConfigKeys (ConfUtils.java:logGet(43)) - raft.server.log.segment.size.max = 1048576 (custom)
2019-09-19 13:09:19,728 [pool-27-thread-1] INFO  server.RaftServerConfigKeys (ConfUtils.java:logGet(43)) - raft.server.log.queue.element-limit = 1024 (custom)
2019-09-19 13:09:19,728 [pool-47-thread-1] INFO  server.RaftServerConfigKeys (ConfUtils.java:logGet(43)) - raft.server.log.queue.byte-limit = 2147483647 (custom)
2019-09-19 13:09:19,728 [pool-27-thread-1] INFO  server.RaftServerConfigKeys (ConfUtils.java:logGet(43)) - raft.server.log.segment.size.max = 1048576 (custom)
2019-09-19 13:09:19,728 [pool-37-thread-1] INFO  server.RaftServerConfigKeys (ConfUtils.java:logGet(43)) - raft.server.log.segment.cache.num.max = 2 (custom)
2019-09-19 13:09:19,728 [pool-27-thread-1] INFO  server.RaftServerConfigKeys (ConfUtils.java:logGet(43)) - raft.server.log.preallocated.size = 16384 (custom)
2019-09-19 13:09:19,728 [pool-47-thread-1] INFO  server.RaftServerConfigKeys (ConfUtils.java:logGet(43)) - raft.server.log.queue.element-limit = 1024 (custom)
2019-09-19 13:09:19,729 [pool-27-thread-1] INFO  server.RaftServerConfigKeys (ConfUtils.java:logGet(43)) - raft.server.log.write.buffer.size = 33554432 (custom)
2019-09-19 13:09:19,728 [pool-37-thread-1] INFO  segmented.SegmentedRaftLogWorker (SegmentedRaftLogWorker.java:<init>(172)) - new b542397d-0a79-4b2f-bca4-8988c4585f57@group-A113EA47E608-SegmentedRaftLogWorker for RaftStorage:Storage Directory /workdir/hadoop-ozone/tools/target/test-dir/MiniOzoneClusterImpl-15fc9b53-d736-4c3b-858f-342726019016/datanode-1/data/ratis/d23097d0-bf0f-42ac-8ac0-a113ea47e608
2019-09-19 13:09:19,729 [pool-27-thread-1] INFO  server.RaftServerConfigKeys (ConfUtils.java:logGet(43)) - raft.server.log.force.sync.num = 128 (default)
2019-09-19 13:09:19,729 [pool-47-thread-1] INFO  server.RaftServerConfigKeys (ConfUtils.java:logGet(43)) - raft.server.log.segment.size.max = 1048576 (custom)
2019-09-19 13:09:19,729 [pool-27-thread-1] INFO  server.RaftServerConfigKeys (ConfUtils.java:logGet(43)) - raft.server.log.statemachine.data.sync = true (default)
2019-09-19 13:09:19,729 [pool-37-thread-1] INFO  server.RaftServerConfigKeys (ConfUtils.java:logGet(43)) - raft.server.log.queue.byte-limit = 2147483647 (custom)
2019-09-19 13:09:19,729 [pool-27-thread-1] INFO  server.RaftServerConfigKeys (ConfUtils.java:logGet(43)) - raft.server.log.statemachine.data.sync.timeout = 10s (default)
2019-09-19 13:09:19,729 [pool-47-thread-1] INFO  server.RaftServerConfigKeys (ConfUtils.java:logGet(43)) - raft.server.log.preallocated.size = 16384 (custom)
2019-09-19 13:09:19,729 [pool-27-thread-1] INFO  server.RaftServerConfigKeys (ConfUtils.java:logGet(43)) - raft.server.log.statemachine.data.sync.timeout.retry = -1 (default)
2019-09-19 13:09:19,729 [pool-37-thread-1] INFO  server.RaftServerConfigKeys (ConfUtils.java:logGet(43)) - raft.server.log.queue.element-limit = 1024 (custom)
2019-09-19 13:09:19,730 [pool-27-thread-1] INFO  server.RaftServerConfigKeys (ConfUtils.java:logGet(43)) - raft.server.log.statemachine.data.caching.enabled = true (custom)
2019-09-19 13:09:19,729 [pool-47-thread-1] INFO  server.RaftServerConfigKeys (ConfUtils.java:logGet(43)) - raft.server.log.write.buffer.size = 33554432 (custom)
2019-09-19 13:09:19,730 [pool-37-thread-1] INFO  server.RaftServerConfigKeys (ConfUtils.java:logGet(43)) - raft.server.log.segment.size.max = 1048576 (custom)
2019-09-19 13:09:19,730 [pool-47-thread-1] INFO  server.RaftServerConfigKeys (ConfUtils.java:logGet(43)) - raft.server.log.force.sync.num = 128 (default)
2019-09-19 13:09:19,730 [pool-37-thread-1] INFO  server.RaftServerConfigKeys (ConfUtils.java:logGet(43)) - raft.server.log.preallocated.size = 16384 (custom)
2019-09-19 13:09:19,730 [pool-47-thread-1] INFO  server.RaftServerConfigKeys (ConfUtils.java:logGet(43)) - raft.server.log.statemachine.data.sync = true (default)
2019-09-19 13:09:19,730 [pool-37-thread-1] INFO  server.RaftServerConfigKeys (ConfUtils.java:logGet(43)) - raft.server.log.write.buffer.size = 33554432 (custom)
2019-09-19 13:09:19,730 [pool-47-thread-1] INFO  server.RaftServerConfigKeys (ConfUtils.java:logGet(43)) - raft.server.log.statemachine.data.sync.timeout = 10s (default)
2019-09-19 13:09:19,730 [pool-37-thread-1] INFO  server.RaftServerConfigKeys (ConfUtils.java:logGet(43)) - raft.server.log.force.sync.num = 128 (default)
2019-09-19 13:09:19,731 [pool-47-thread-1] INFO  server.RaftServerConfigKeys (ConfUtils.java:logGet(43)) - raft.server.log.statemachine.data.sync.timeout.retry = -1 (default)
2019-09-19 13:09:19,731 [pool-37-thread-1] INFO  server.RaftServerConfigKeys (ConfUtils.java:logGet(43)) - raft.server.log.statemachine.data.sync = true (default)
2019-09-19 13:09:19,731 [pool-47-thread-1] INFO  server.RaftServerConfigKeys (ConfUtils.java:logGet(43)) - raft.server.log.statemachine.data.caching.enabled = true (custom)
2019-09-19 13:09:19,731 [pool-37-thread-1] INFO  server.RaftServerConfigKeys (ConfUtils.java:logGet(43)) - raft.server.log.statemachine.data.sync.timeout = 10s (default)
2019-09-19 13:09:19,731 [pool-37-thread-1] INFO  server.RaftServerConfigKeys (ConfUtils.java:logGet(43)) - raft.server.log.statemachine.data.sync.timeout.retry = -1 (default)
2019-09-19 13:09:19,731 [pool-37-thread-1] INFO  server.RaftServerConfigKeys (ConfUtils.java:logGet(43)) - raft.server.log.statemachine.data.caching.enabled = true (custom)
2019-09-19 13:09:19,734 [grpc-default-executor-5] INFO  segmented.SegmentedRaftLogWorker (SegmentedRaftLogWorker.java:close(228)) - fc54a72e-a47f-4136-9ed5-ca4a72c32f0a@group-1C24252B61C3-SegmentedRaftLogWorker close()
2019-09-19 13:09:19,734 [grpc-default-executor-3] INFO  interfaces.Container (KeyValueContainer.java:flushAndSyncDB(386)) - Container 1 is synced with bcsId 12.
2019-09-19 13:09:19,734 [pool-47-thread-1] INFO  segmented.SegmentedRaftLogWorker (SegmentedRaftLogWorker.java:lambda$new$0(132)) - fc54a72e-a47f-4136-9ed5-ca4a72c32f0a@group-A113EA47E608-SegmentedRaftLogWorker: flushIndex: setUnconditionally 0 -> -1
2019-09-19 13:09:19,734 [pool-37-thread-1] INFO  segmented.SegmentedRaftLogWorker (SegmentedRaftLogWorker.java:lambda$new$0(132)) - b542397d-0a79-4b2f-bca4-8988c4585f57@group-A113EA47E608-SegmentedRaftLogWorker: flushIndex: setUnconditionally 0 -> -1
2019-09-19 13:09:19,734 [pool-27-thread-1] INFO  segmented.SegmentedRaftLogWorker (SegmentedRaftLogWorker.java:lambda$new$0(132)) - cf73b394-96ec-4032-9230-43540487e60d@group-A113EA47E608-SegmentedRaftLogWorker: flushIndex: setUnconditionally 0 -> -1
2019-09-19 13:09:19,737 [pool-47-thread-1] INFO  server.RaftServerConfigKeys (ConfUtils.java:logGet(43)) - raft.server.snapshot.auto.trigger.enabled = true (custom)
2019-09-19 13:09:19,737 [grpc-default-executor-3] INFO  interfaces.Container (KeyValueContainer.java:flushAndSyncDB(386)) - Container 1 is synced with bcsId 12.
2019-09-19 13:09:19,737 [pool-47-thread-1] INFO  server.RaftServerConfigKeys (ConfUtils.java:logGet(43)) - raft.server.snapshot.auto.trigger.threshold = 10000 (custom)
2019-09-19 13:09:19,737 [pool-27-thread-1] INFO  server.RaftServerConfigKeys (ConfUtils.java:logGet(43)) - raft.server.snapshot.auto.trigger.enabled = true (custom)
2019-09-19 13:09:19,738 [pool-27-thread-1] INFO  server.RaftServerConfigKeys (ConfUtils.java:logGet(43)) - raft.server.snapshot.auto.trigger.threshold = 10000 (custom)
2019-09-19 13:09:19,737 [pool-37-thread-1] INFO  server.RaftServerConfigKeys (ConfUtils.java:logGet(43)) - raft.server.snapshot.auto.trigger.enabled = true (custom)
2019-09-19 13:09:19,738 [pool-27-thread-1] INFO  server.RaftServerConfigKeys (ConfUtils.java:logGet(43)) - raft.server.snapshot.retention.num.files = -1 (default)
2019-09-19 13:09:19,737 [pool-47-thread-1] INFO  server.RaftServerConfigKeys (ConfUtils.java:logGet(43)) - raft.server.snapshot.retention.num.files = -1 (default)
2019-09-19 13:09:19,738 [pool-27-thread-1] INFO  server.RaftServerConfigKeys (ConfUtils.java:logGet(43)) - raft.server.retrycache.expirytime = 600000ms (custom)
2019-09-19 13:09:19,738 [pool-37-thread-1] INFO  server.RaftServerConfigKeys (ConfUtils.java:logGet(43)) - raft.server.snapshot.auto.trigger.threshold = 10000 (custom)
2019-09-19 13:09:19,738 [pool-47-thread-1] INFO  server.RaftServerConfigKeys (ConfUtils.java:logGet(43)) - raft.server.retrycache.expirytime = 600000ms (custom)
2019-09-19 13:09:19,738 [pool-37-thread-1] INFO  server.RaftServerConfigKeys (ConfUtils.java:logGet(43)) - raft.server.snapshot.retention.num.files = -1 (default)
2019-09-19 13:09:19,739 [pool-37-thread-1] INFO  server.RaftServerConfigKeys (ConfUtils.java:logGet(43)) - raft.server.retrycache.expirytime = 600000ms (custom)
2019-09-19 13:09:19,743 [pool-27-thread-1] INFO  impl.RaftServerImpl (RaftServerImpl.java:start(185)) - cf73b394-96ec-4032-9230-43540487e60d@group-A113EA47E608: start as a follower, conf=-1: [fc54a72e-a47f-4136-9ed5-ca4a72c32f0a:192.168.34.13:35339, b542397d-0a79-4b2f-bca4-8988c4585f57:192.168.34.13:37714, cf73b394-96ec-4032-9230-43540487e60d:192.168.34.13:45267], old=null
2019-09-19 13:09:19,743 [pool-27-thread-1] INFO  impl.RaftServerImpl (RaftServerImpl.java:setRole(174)) - cf73b394-96ec-4032-9230-43540487e60d@group-A113EA47E608: changes role from      null to FOLLOWER at term 0 for startAsFollower
2019-09-19 13:09:19,743 [pool-27-thread-1] INFO  impl.RoleInfo (RoleInfo.java:updateAndGet(143)) - cf73b394-96ec-4032-9230-43540487e60d: start FollowerState
2019-09-19 13:09:19,744 [pool-37-thread-1] INFO  impl.RaftServerImpl (RaftServerImpl.java:start(185)) - b542397d-0a79-4b2f-bca4-8988c4585f57@group-A113EA47E608: start as a follower, conf=-1: [fc54a72e-a47f-4136-9ed5-ca4a72c32f0a:192.168.34.13:35339, b542397d-0a79-4b2f-bca4-8988c4585f57:192.168.34.13:37714, cf73b394-96ec-4032-9230-43540487e60d:192.168.34.13:45267], old=null
2019-09-19 13:09:19,744 [pool-27-thread-1] INFO  util.JmxRegister (JmxRegister.java:tryRegister(44)) - Successfully registered JMX Bean with object name Ratis:service=RaftServer,group=group-A113EA47E608,id=cf73b394-96ec-4032-9230-43540487e60d
2019-09-19 13:09:19,744 [pool-37-thread-1] INFO  impl.RaftServerImpl (RaftServerImpl.java:setRole(174)) - b542397d-0a79-4b2f-bca4-8988c4585f57@group-A113EA47E608: changes role from      null to FOLLOWER at term 0 for startAsFollower
2019-09-19 13:09:19,744 [grpc-default-executor-5] INFO  interfaces.Container (KeyValueContainer.java:flushAndSyncDB(386)) - Container 1 is synced with bcsId 12.
2019-09-19 13:09:19,744 [pool-47-thread-1] INFO  impl.RaftServerImpl (RaftServerImpl.java:start(185)) - fc54a72e-a47f-4136-9ed5-ca4a72c32f0a@group-A113EA47E608: start as a follower, conf=-1: [fc54a72e-a47f-4136-9ed5-ca4a72c32f0a:192.168.34.13:35339, b542397d-0a79-4b2f-bca4-8988c4585f57:192.168.34.13:37714, cf73b394-96ec-4032-9230-43540487e60d:192.168.34.13:45267], old=null
2019-09-19 13:09:19,746 [grpc-default-executor-5] INFO  interfaces.Container (KeyValueContainer.java:flushAndSyncDB(386)) - Container 1 is synced with bcsId 12.
2019-09-19 13:09:19,746 [pool-37-thread-1] INFO  impl.RoleInfo (RoleInfo.java:updateAndGet(143)) - b542397d-0a79-4b2f-bca4-8988c4585f57: start FollowerState
2019-09-19 13:09:19,746 [pool-47-thread-1] INFO  impl.RaftServerImpl (RaftServerImpl.java:setRole(174)) - fc54a72e-a47f-4136-9ed5-ca4a72c32f0a@group-A113EA47E608: changes role from      null to FOLLOWER at term 0 for startAsFollower
2019-09-19 13:09:19,746 [pool-47-thread-1] INFO  impl.RoleInfo (RoleInfo.java:updateAndGet(143)) - fc54a72e-a47f-4136-9ed5-ca4a72c32f0a: start FollowerState
2019-09-19 13:09:19,747 [pool-37-thread-1] INFO  util.JmxRegister (JmxRegister.java:tryRegister(44)) - Successfully registered JMX Bean with object name Ratis:service=RaftServer,group=group-A113EA47E608,id=b542397d-0a79-4b2f-bca4-8988c4585f57
2019-09-19 13:09:19,747 [pool-47-thread-1] INFO  util.JmxRegister (JmxRegister.java:tryRegister(44)) - Successfully registered JMX Bean with object name Ratis:service=RaftServer,group=group-A113EA47E608,id=fc54a72e-a47f-4136-9ed5-ca4a72c32f0a
2019-09-19 13:09:19,747 [EventQueue-IncrementalContainerReportForIncrementalContainerReportHandler] INFO  container.IncrementalContainerReportHandler (AbstractContainerReportHandler.java:updateContainerState(169)) - Moving container #1 to QUASI_CLOSED state, datanode cf73b394-96ec-4032-9230-43540487e60d{ip: 192.168.34.13, host: pr-hdds-2153-g484h-410672627, networkLocation: /default-rack, certSerialId: null} reported QUASI_CLOSED replica.
2019-09-19 13:09:19,759 [grpc-default-executor-3] INFO  interfaces.Container (KeyValueContainer.java:flushAndSyncDB(386)) - Container 2 is synced with bcsId 28.
2019-09-19 13:09:19,760 [grpc-default-executor-3] INFO  interfaces.Container (KeyValueContainer.java:flushAndSyncDB(386)) - Container 2 is synced with bcsId 28.
2019-09-19 13:09:19,776 [grpc-default-executor-5] INFO  interfaces.Container (KeyValueContainer.java:flushAndSyncDB(386)) - Container 2 is synced with bcsId 28.
2019-09-19 13:09:19,776 [grpc-default-executor-5] INFO  interfaces.Container (KeyValueContainer.java:flushAndSyncDB(386)) - Container 2 is synced with bcsId 28.
2019-09-19 13:09:19,789 [EventQueue-IncrementalContainerReportForIncrementalContainerReportHandler] INFO  container.IncrementalContainerReportHandler (AbstractContainerReportHandler.java:updateContainerState(169)) - Moving container #2 to QUASI_CLOSED state, datanode cf73b394-96ec-4032-9230-43540487e60d{ip: 192.168.34.13, host: pr-hdds-2153-g484h-410672627, networkLocation: /default-rack, certSerialId: null} reported QUASI_CLOSED replica.
2019-09-19 13:09:19,868 [grpc-default-executor-3] INFO  interfaces.Container (KeyValueContainer.java:flushAndSyncDB(386)) - Container 3 is synced with bcsId 0.
2019-09-19 13:09:19,901 [grpc-default-executor-3] INFO  interfaces.Container (KeyValueContainer.java:flushAndSyncDB(386)) - Container 3 is synced with bcsId 0.
2019-09-19 13:09:19,905 [grpc-default-executor-5] INFO  interfaces.Container (KeyValueContainer.java:flushAndSyncDB(386)) - Container 3 is synced with bcsId 0.
2019-09-19 13:09:19,906 [grpc-default-executor-5] INFO  interfaces.Container (KeyValueContainer.java:flushAndSyncDB(386)) - Container 3 is synced with bcsId 0.
2019-09-19 13:09:19,926 [EventQueue-IncrementalContainerReportForIncrementalContainerReportHandler] INFO  container.IncrementalContainerReportHandler (AbstractContainerReportHandler.java:updateContainerState(169)) - Moving container #3 to QUASI_CLOSED state, datanode fc54a72e-a47f-4136-9ed5-ca4a72c32f0a{ip: 192.168.34.13, host: pr-hdds-2153-g484h-410672627, networkLocation: /default-rack, certSerialId: null} reported QUASI_CLOSED replica.
2019-09-19 13:09:19,935 [grpc-default-executor-5] INFO  impl.RaftServerProxy (RaftServerProxy.java:remove(95)) - b542397d-0a79-4b2f-bca4-8988c4585f57: remove  FOLLOWER b542397d-0a79-4b2f-bca4-8988c4585f57@group-1C24252B61C3:t2, leader=fc54a72e-a47f-4136-9ed5-ca4a72c32f0a, voted=fc54a72e-a47f-4136-9ed5-ca4a72c32f0a, raftlog=b542397d-0a79-4b2f-bca4-8988c4585f57@group-1C24252B61C3-SegmentedRaftLog:OPENED:c31,f31,i36, conf=0: [fc54a72e-a47f-4136-9ed5-ca4a72c32f0a:192.168.34.13:35339, b542397d-0a79-4b2f-bca4-8988c4585f57:192.168.34.13:37714, cf73b394-96ec-4032-9230-43540487e60d:192.168.34.13:45267], old=null RUNNING
2019-09-19 13:09:19,935 [grpc-default-executor-5] INFO  impl.RaftServerImpl (RaftServerImpl.java:lambda$shutdown$3(251)) - b542397d-0a79-4b2f-bca4-8988c4585f57@group-1C24252B61C3: shutdown
2019-09-19 13:09:19,936 [grpc-default-executor-5] INFO  util.JmxRegister (JmxRegister.java:unregister(73)) - Successfully un-registered JMX Bean with object name Ratis:service=RaftServer,group=group-1C24252B61C3,id=b542397d-0a79-4b2f-bca4-8988c4585f57
2019-09-19 13:09:19,936 [grpc-default-executor-5] INFO  impl.RoleInfo (RoleInfo.java:shutdownFollowerState(121)) - b542397d-0a79-4b2f-bca4-8988c4585f57: shutdown FollowerState
2019-09-19 13:09:19,936 [grpc-default-executor-5] INFO  impl.StateMachineUpdater (StateMachineUpdater.java:stopAndJoin(125)) - b542397d-0a79-4b2f-bca4-8988c4585f57@group-1C24252B61C3-StateMachineUpdater: set stopIndex = 31
2019-09-19 13:09:19,936 [Thread-245] INFO  impl.FollowerState (FollowerState.java:run(115)) - b542397d-0a79-4b2f-bca4-8988c4585f57: FollowerState was interrupted: java.lang.InterruptedException: sleep interrupted
2019-09-19 13:09:19,936 [b542397d-0a79-4b2f-bca4-8988c4585f57@group-1C24252B61C3-StateMachineUpdater] INFO  ratis.ContainerStateMachine (ContainerStateMachine.java:takeSnapshot(289)) - group-1C24252B61C3: Taking a snapshot at:(t:2, i:31) file /workdir/hadoop-ozone/tools/target/test-dir/MiniOzoneClusterImpl-15fc9b53-d736-4c3b-858f-342726019016/datanode-1/data/ratis/5d8695b9-2179-4aa7-881b-1c24252b61c3/sm/snapshot.2_31
2019-09-19 13:09:19,942 [b542397d-0a79-4b2f-bca4-8988c4585f57@group-1C24252B61C3-StateMachineUpdater] INFO  ratis.ContainerStateMachine (ContainerStateMachine.java:takeSnapshot(300)) - group-1C24252B61C3: Finished taking a snapshot at:(t:2, i:31) file:/workdir/hadoop-ozone/tools/target/test-dir/MiniOzoneClusterImpl-15fc9b53-d736-4c3b-858f-342726019016/datanode-1/data/ratis/5d8695b9-2179-4aa7-881b-1c24252b61c3/sm/snapshot.2_31 time:6
2019-09-19 13:09:19,942 [b542397d-0a79-4b2f-bca4-8988c4585f57@group-1C24252B61C3-StateMachineUpdater] INFO  impl.StateMachineUpdater (StateMachineUpdater.java:takeSnapshot(258)) - b542397d-0a79-4b2f-bca4-8988c4585f57@group-1C24252B61C3-StateMachineUpdater: Took a snapshot at index 31
2019-09-19 13:09:19,942 [b542397d-0a79-4b2f-bca4-8988c4585f57@group-1C24252B61C3-StateMachineUpdater] INFO  impl.StateMachineUpdater (StateMachineUpdater.java:lambda$new$0(83)) - b542397d-0a79-4b2f-bca4-8988c4585f57@group-1C24252B61C3-StateMachineUpdater: snapshotIndex: updateIncreasingly -1 -> 31
2019-09-19 13:09:19,943 [grpc-default-executor-5] INFO  impl.RaftServerImpl (ServerState.java:close(385)) - b542397d-0a79-4b2f-bca4-8988c4585f57@group-1C24252B61C3: closes. applyIndex: 31
2019-09-19 13:09:19,944 [b542397d-0a79-4b2f-bca4-8988c4585f57@group-1C24252B61C3-SegmentedRaftLogWorker] ERROR ratis.XceiverServerRatis (XceiverServerRatis.java:triggerPipelineClose(568)) - pipeline Action CLOSE  on pipeline PipelineID=5d8695b9-2179-4aa7-881b-1c24252b61c3.Reason : WriteLog:32: (t:2, i:32), STATEMACHINELOGENTRY, client-6FEDB5C32964, cid=25-writeStateMachineData interrupted.
2019-09-19 13:09:19,945 [grpc-default-executor-5] INFO  segmented.SegmentedRaftLogWorker (SegmentedRaftLogWorker.java:close(228)) - b542397d-0a79-4b2f-bca4-8988c4585f57@group-1C24252B61C3-SegmentedRaftLogWorker close()
2019-09-19 13:09:19,945 [EventQueue-PipelineActionsForPipelineActionHandler] ERROR pipeline.PipelineActionHandler (PipelineActionHandler.java:onMessage(60)) - Received pipeline action CLOSE for Pipeline[ Id: 5d8695b9-2179-4aa7-881b-1c24252b61c3, Nodes: fc54a72e-a47f-4136-9ed5-ca4a72c32f0a{ip: 192.168.34.13, host: pr-hdds-2153-g484h-410672627, networkLocation: /default-rack, certSerialId: null}cf73b394-96ec-4032-9230-43540487e60d{ip: 192.168.34.13, host: pr-hdds-2153-g484h-410672627, networkLocation: /default-rack, certSerialId: null}b542397d-0a79-4b2f-bca4-8988c4585f57{ip: 192.168.34.13, host: pr-hdds-2153-g484h-410672627, networkLocation: /default-rack, certSerialId: null}, Type:RATIS, Factor:THREE, State:CLOSED] from datanode b542397d-0a79-4b2f-bca4-8988c4585f57{ip: 192.168.34.13, host: pr-hdds-2153-g484h-410672627, networkLocation: /default-rack, certSerialId: null}. Reason : WriteLog:32: (t:2, i:32), STATEMACHINELOGENTRY, client-6FEDB5C32964, cid=25-writeStateMachineData interrupted.
2019-09-19 13:09:19,947 [EventQueue-PipelineActionsForPipelineActionHandler] INFO  pipeline.SCMPipelineManager (SCMPipelineManager.java:finalizeAndDestroyPipeline(311)) - destroying pipeline:Pipeline[ Id: 5d8695b9-2179-4aa7-881b-1c24252b61c3, Nodes: fc54a72e-a47f-4136-9ed5-ca4a72c32f0a{ip: 192.168.34.13, host: pr-hdds-2153-g484h-410672627, networkLocation: /default-rack, certSerialId: null}cf73b394-96ec-4032-9230-43540487e60d{ip: 192.168.34.13, host: pr-hdds-2153-g484h-410672627, networkLocation: /default-rack, certSerialId: null}b542397d-0a79-4b2f-bca4-8988c4585f57{ip: 192.168.34.13, host: pr-hdds-2153-g484h-410672627, networkLocation: /default-rack, certSerialId: null}, Type:RATIS, Factor:THREE, State:CLOSED]
2019-09-19 13:09:19,954 [grpc-default-executor-5] INFO  interfaces.Container (KeyValueContainer.java:flushAndSyncDB(386)) - Container 1 is synced with bcsId 12.
2019-09-19 13:09:19,955 [grpc-default-executor-5] INFO  interfaces.Container (KeyValueContainer.java:flushAndSyncDB(386)) - Container 1 is synced with bcsId 12.
2019-09-19 13:09:19,982 [grpc-default-executor-5] INFO  interfaces.Container (KeyValueContainer.java:flushAndSyncDB(386)) - Container 2 is synced with bcsId 28.
2019-09-19 13:09:19,983 [grpc-default-executor-5] INFO  interfaces.Container (KeyValueContainer.java:flushAndSyncDB(386)) - Container 2 is synced with bcsId 28.
2019-09-19 13:09:20,064 [grpc-default-executor-5] INFO  interfaces.Container (KeyValueContainer.java:flushAndSyncDB(386)) - Container 3 is synced with bcsId 0.
2019-09-19 13:09:20,064 [grpc-default-executor-5] INFO  interfaces.Container (KeyValueContainer.java:flushAndSyncDB(386)) - Container 3 is synced with bcsId 0.
2019-09-19 13:09:20,079 [RatisPipelineUtilsThread] INFO  pipeline.PipelineStateManager (PipelineStateManager.java:removePipeline(108)) - Pipeline Pipeline[ Id: 5d8695b9-2179-4aa7-881b-1c24252b61c3, Nodes: fc54a72e-a47f-4136-9ed5-ca4a72c32f0a{ip: 192.168.34.13, host: pr-hdds-2153-g484h-410672627, networkLocation: /default-rack, certSerialId: null}cf73b394-96ec-4032-9230-43540487e60d{ip: 192.168.34.13, host: pr-hdds-2153-g484h-410672627, networkLocation: /default-rack, certSerialId: null}b542397d-0a79-4b2f-bca4-8988c4585f57{ip: 192.168.34.13, host: pr-hdds-2153-g484h-410672627, networkLocation: /default-rack, certSerialId: null}, Type:RATIS, Factor:THREE, State:CLOSED] removed from db
2019-09-19 13:09:20,090 [grpc-default-executor-5] INFO  impl.RaftServerProxy (RaftServerProxy.java:remove(95)) - fc54a72e-a47f-4136-9ed5-ca4a72c32f0a: remove group-1C24252B61C3:null
2019-09-19 13:09:20,094 [RatisPipelineUtilsThread] WARN  pipeline.RatisPipelineUtils (RatisPipelineUtils.java:destroyPipeline(66)) - Pipeline destroy failed for pipeline=PipelineID=5d8695b9-2179-4aa7-881b-1c24252b61c3 dn=fc54a72e-a47f-4136-9ed5-ca4a72c32f0a{ip: 192.168.34.13, host: pr-hdds-2153-g484h-410672627, networkLocation: /default-rack, certSerialId: null}
2019-09-19 13:09:20,102 [grpc-default-executor-5] INFO  impl.RaftServerProxy (RaftServerProxy.java:remove(95)) - cf73b394-96ec-4032-9230-43540487e60d: remove group-1C24252B61C3:null
2019-09-19 13:09:20,110 [RatisPipelineUtilsThread] WARN  pipeline.RatisPipelineUtils (RatisPipelineUtils.java:destroyPipeline(66)) - Pipeline destroy failed for pipeline=PipelineID=5d8695b9-2179-4aa7-881b-1c24252b61c3 dn=cf73b394-96ec-4032-9230-43540487e60d{ip: 192.168.34.13, host: pr-hdds-2153-g484h-410672627, networkLocation: /default-rack, certSerialId: null}
2019-09-19 13:09:20,115 [grpc-default-executor-5] INFO  impl.RaftServerProxy (RaftServerProxy.java:remove(95)) - b542397d-0a79-4b2f-bca4-8988c4585f57: remove group-1C24252B61C3:null
2019-09-19 13:09:20,119 [RatisPipelineUtilsThread] WARN  pipeline.RatisPipelineUtils (RatisPipelineUtils.java:destroyPipeline(66)) - Pipeline destroy failed for pipeline=PipelineID=5d8695b9-2179-4aa7-881b-1c24252b61c3 dn=b542397d-0a79-4b2f-bca4-8988c4585f57{ip: 192.168.34.13, host: pr-hdds-2153-g484h-410672627, networkLocation: /default-rack, certSerialId: null}
2019-09-19 13:09:20,120 [RatisPipelineUtilsThread] ERROR pipeline.SCMPipelineManager (Scheduler.java:lambda$schedule$1(70)) - Destroy pipeline failed for pipeline:Pipeline[ Id: 5d8695b9-2179-4aa7-881b-1c24252b61c3, Nodes: fc54a72e-a47f-4136-9ed5-ca4a72c32f0a{ip: 192.168.34.13, host: pr-hdds-2153-g484h-410672627, networkLocation: /default-rack, certSerialId: null}cf73b394-96ec-4032-9230-43540487e60d{ip: 192.168.34.13, host: pr-hdds-2153-g484h-410672627, networkLocation: /default-rack, certSerialId: null}b542397d-0a79-4b2f-bca4-8988c4585f57{ip: 192.168.34.13, host: pr-hdds-2153-g484h-410672627, networkLocation: /default-rack, certSerialId: null}, Type:RATIS, Factor:THREE, State:CLOSED]
org.apache.hadoop.hdds.scm.pipeline.PipelineNotFoundException: PipelineID=5d8695b9-2179-4aa7-881b-1c24252b61c3 not found
	at org.apache.hadoop.hdds.scm.pipeline.PipelineStateMap.getPipeline(PipelineStateMap.java:132)
	at org.apache.hadoop.hdds.scm.pipeline.PipelineStateMap.removePipeline(PipelineStateMap.java:322)
	at org.apache.hadoop.hdds.scm.pipeline.PipelineStateManager.removePipeline(PipelineStateManager.java:107)
	at org.apache.hadoop.hdds.scm.pipeline.SCMPipelineManager.removePipeline(SCMPipelineManager.java:423)
	at org.apache.hadoop.hdds.scm.pipeline.SCMPipelineManager.destroyPipeline(SCMPipelineManager.java:409)
	at org.apache.hadoop.hdds.scm.pipeline.SCMPipelineManager.lambda$finalizeAndDestroyPipeline$0(SCMPipelineManager.java:318)
	at org.apache.hadoop.utils.Scheduler.lambda$schedule$1(Scheduler.java:68)
	at java.util.concurrent.Executors$RunnableAdapter.call(Executors.java:511)
	at java.util.concurrent.FutureTask.run(FutureTask.java:266)
	at java.util.concurrent.ScheduledThreadPoolExecutor$ScheduledFutureTask.access$201(ScheduledThreadPoolExecutor.java:180)
	at java.util.concurrent.ScheduledThreadPoolExecutor$ScheduledFutureTask.run(ScheduledThreadPoolExecutor.java:293)
	at java.util.concurrent.ThreadPoolExecutor.runWorker(ThreadPoolExecutor.java:1149)
	at java.util.concurrent.ThreadPoolExecutor$Worker.run(ThreadPoolExecutor.java:624)
	at java.lang.Thread.run(Thread.java:748)
2019-09-19 13:09:20,126 [grpc-default-executor-5] INFO  impl.RaftServerProxy (RaftServerProxy.java:remove(95)) - fc54a72e-a47f-4136-9ed5-ca4a72c32f0a: remove group-1C24252B61C3:null
2019-09-19 13:09:20,130 [RatisPipelineUtilsThread] WARN  pipeline.RatisPipelineUtils (RatisPipelineUtils.java:destroyPipeline(66)) - Pipeline destroy failed for pipeline=PipelineID=5d8695b9-2179-4aa7-881b-1c24252b61c3 dn=fc54a72e-a47f-4136-9ed5-ca4a72c32f0a{ip: 192.168.34.13, host: pr-hdds-2153-g484h-410672627, networkLocation: /default-rack, certSerialId: null}
2019-09-19 13:09:20,136 [grpc-default-executor-5] INFO  impl.RaftServerProxy (RaftServerProxy.java:remove(95)) - cf73b394-96ec-4032-9230-43540487e60d: remove group-1C24252B61C3:null
2019-09-19 13:09:20,141 [RatisPipelineUtilsThread] WARN  pipeline.RatisPipelineUtils (RatisPipelineUtils.java:destroyPipeline(66)) - Pipeline destroy failed for pipeline=PipelineID=5d8695b9-2179-4aa7-881b-1c24252b61c3 dn=cf73b394-96ec-4032-9230-43540487e60d{ip: 192.168.34.13, host: pr-hdds-2153-g484h-410672627, networkLocation: /default-rack, certSerialId: null}
2019-09-19 13:09:20,146 [grpc-default-executor-5] INFO  impl.RaftServerProxy (RaftServerProxy.java:remove(95)) - b542397d-0a79-4b2f-bca4-8988c4585f57: remove group-1C24252B61C3:null
2019-09-19 13:09:20,150 [RatisPipelineUtilsThread] WARN  pipeline.RatisPipelineUtils (RatisPipelineUtils.java:destroyPipeline(66)) - Pipeline destroy failed for pipeline=PipelineID=5d8695b9-2179-4aa7-881b-1c24252b61c3 dn=b542397d-0a79-4b2f-bca4-8988c4585f57{ip: 192.168.34.13, host: pr-hdds-2153-g484h-410672627, networkLocation: /default-rack, certSerialId: null}
2019-09-19 13:09:20,151 [RatisPipelineUtilsThread] ERROR pipeline.SCMPipelineManager (Scheduler.java:lambda$schedule$1(70)) - Destroy pipeline failed for pipeline:Pipeline[ Id: 5d8695b9-2179-4aa7-881b-1c24252b61c3, Nodes: fc54a72e-a47f-4136-9ed5-ca4a72c32f0a{ip: 192.168.34.13, host: pr-hdds-2153-g484h-410672627, networkLocation: /default-rack, certSerialId: null}cf73b394-96ec-4032-9230-43540487e60d{ip: 192.168.34.13, host: pr-hdds-2153-g484h-410672627, networkLocation: /default-rack, certSerialId: null}b542397d-0a79-4b2f-bca4-8988c4585f57{ip: 192.168.34.13, host: pr-hdds-2153-g484h-410672627, networkLocation: /default-rack, certSerialId: null}, Type:RATIS, Factor:THREE, State:CLOSED]
org.apache.hadoop.hdds.scm.pipeline.PipelineNotFoundException: PipelineID=5d8695b9-2179-4aa7-881b-1c24252b61c3 not found
	at org.apache.hadoop.hdds.scm.pipeline.PipelineStateMap.getPipeline(PipelineStateMap.java:132)
	at org.apache.hadoop.hdds.scm.pipeline.PipelineStateMap.removePipeline(PipelineStateMap.java:322)
	at org.apache.hadoop.hdds.scm.pipeline.PipelineStateManager.removePipeline(PipelineStateManager.java:107)
	at org.apache.hadoop.hdds.scm.pipeline.SCMPipelineManager.removePipeline(SCMPipelineManager.java:423)
	at org.apache.hadoop.hdds.scm.pipeline.SCMPipelineManager.destroyPipeline(SCMPipelineManager.java:409)
	at org.apache.hadoop.hdds.scm.pipeline.SCMPipelineManager.lambda$finalizeAndDestroyPipeline$0(SCMPipelineManager.java:318)
	at org.apache.hadoop.utils.Scheduler.lambda$schedule$1(Scheduler.java:68)
	at java.util.concurrent.Executors$RunnableAdapter.call(Executors.java:511)
	at java.util.concurrent.FutureTask.run(FutureTask.java:266)
	at java.util.concurrent.ScheduledThreadPoolExecutor$ScheduledFutureTask.access$201(ScheduledThreadPoolExecutor.java:180)
	at java.util.concurrent.ScheduledThreadPoolExecutor$ScheduledFutureTask.run(ScheduledThreadPoolExecutor.java:293)
	at java.util.concurrent.ThreadPoolExecutor.runWorker(ThreadPoolExecutor.java:1149)
	at java.util.concurrent.ThreadPoolExecutor$Worker.run(ThreadPoolExecutor.java:624)
	at java.lang.Thread.run(Thread.java:748)
2019-09-19 13:09:20,158 [grpc-default-executor-8] INFO  impl.RaftServerProxy (RaftServerProxy.java:addNew(89)) - fc54a72e-a47f-4136-9ed5-ca4a72c32f0a: addNew group-B48342982F49:[fc54a72e-a47f-4136-9ed5-ca4a72c32f0a:192.168.34.13:35339, b542397d-0a79-4b2f-bca4-8988c4585f57:192.168.34.13:37714, cf73b394-96ec-4032-9230-43540487e60d:192.168.34.13:45267] returns group-B48342982F49:java.util.concurrent.CompletableFuture@53e1820d[Not completed]
2019-09-19 13:09:20,158 [grpc-default-executor-3] INFO  impl.RaftServerProxy (RaftServerProxy.java:addNew(89)) - cf73b394-96ec-4032-9230-43540487e60d: addNew group-B48342982F49:[fc54a72e-a47f-4136-9ed5-ca4a72c32f0a:192.168.34.13:35339, b542397d-0a79-4b2f-bca4-8988c4585f57:192.168.34.13:37714, cf73b394-96ec-4032-9230-43540487e60d:192.168.34.13:45267] returns group-B48342982F49:java.util.concurrent.CompletableFuture@61d34177[Not completed]
2019-09-19 13:09:20,160 [grpc-default-executor-3] INFO  impl.RaftServerProxy (RaftServerProxy.java:addNew(89)) - b542397d-0a79-4b2f-bca4-8988c4585f57: addNew group-B48342982F49:[fc54a72e-a47f-4136-9ed5-ca4a72c32f0a:192.168.34.13:35339, b542397d-0a79-4b2f-bca4-8988c4585f57:192.168.34.13:37714, cf73b394-96ec-4032-9230-43540487e60d:192.168.34.13:45267] returns group-B48342982F49:java.util.concurrent.CompletableFuture@4103f891[Not completed]
2019-09-19 13:09:20,161 [pool-47-thread-1] INFO  impl.RaftServerImpl (RaftServerImpl.java:<init>(95)) - fc54a72e-a47f-4136-9ed5-ca4a72c32f0a: new RaftServerImpl for group-B48342982F49:[fc54a72e-a47f-4136-9ed5-ca4a72c32f0a:192.168.34.13:35339, b542397d-0a79-4b2f-bca4-8988c4585f57:192.168.34.13:37714, cf73b394-96ec-4032-9230-43540487e60d:192.168.34.13:45267] with ContainerStateMachine:uninitialized
2019-09-19 13:09:20,161 [pool-47-thread-1] INFO  server.RaftServerConfigKeys (ConfUtils.java:logGet(43)) - raft.server.rpc.timeout.min = 5s (custom)
2019-09-19 13:09:20,161 [pool-47-thread-1] INFO  server.RaftServerConfigKeys (ConfUtils.java:logGet(43)) - raft.server.rpc.timeout.max = 5200ms (custom)
2019-09-19 13:09:20,161 [pool-47-thread-1] INFO  server.RaftServerConfigKeys (ConfUtils.java:logGet(43)) - raft.server.rpcslowness.timeout = 120s (custom)
2019-09-19 13:09:20,161 [pool-47-thread-1] INFO  server.RaftServerConfigKeys (ConfUtils.java:logGet(43)) - raft.server.sleep.deviation.threshold = 300 (default)
2019-09-19 13:09:20,161 [pool-27-thread-1] INFO  impl.RaftServerImpl (RaftServerImpl.java:<init>(95)) - cf73b394-96ec-4032-9230-43540487e60d: new RaftServerImpl for group-B48342982F49:[fc54a72e-a47f-4136-9ed5-ca4a72c32f0a:192.168.34.13:35339, b542397d-0a79-4b2f-bca4-8988c4585f57:192.168.34.13:37714, cf73b394-96ec-4032-9230-43540487e60d:192.168.34.13:45267] with ContainerStateMachine:uninitialized
2019-09-19 13:09:20,161 [pool-47-thread-1] INFO  server.RaftServerConfigKeys (ConfUtils.java:logGet(43)) - raft.server.log.appender.install.snapshot.enabled = false (custom)
2019-09-19 13:09:20,161 [pool-27-thread-1] INFO  server.RaftServerConfigKeys (ConfUtils.java:logGet(43)) - raft.server.rpc.timeout.min = 5s (custom)
2019-09-19 13:09:20,161 [pool-47-thread-1] INFO  impl.RaftServerImpl (ServerState.java:<init>(103)) - fc54a72e-a47f-4136-9ed5-ca4a72c32f0a@group-B48342982F49: ConfigurationManager, init=-1: [fc54a72e-a47f-4136-9ed5-ca4a72c32f0a:192.168.34.13:35339, b542397d-0a79-4b2f-bca4-8988c4585f57:192.168.34.13:37714, cf73b394-96ec-4032-9230-43540487e60d:192.168.34.13:45267], old=null, confs=<EMPTY_MAP>
2019-09-19 13:09:20,161 [pool-27-thread-1] INFO  server.RaftServerConfigKeys (ConfUtils.java:logGet(43)) - raft.server.rpc.timeout.max = 5200ms (custom)
2019-09-19 13:09:20,162 [pool-27-thread-1] INFO  server.RaftServerConfigKeys (ConfUtils.java:logGet(43)) - raft.server.rpcslowness.timeout = 120s (custom)
2019-09-19 13:09:20,162 [pool-47-thread-1] INFO  server.RaftServerConfigKeys (ConfUtils.java:logGet(43)) - raft.server.storage.dir = [/workdir/hadoop-ozone/tools/target/test-dir/MiniOzoneClusterImpl-15fc9b53-d736-4c3b-858f-342726019016/datanode-2/data/ratis] (custom)
2019-09-19 13:09:20,162 [pool-27-thread-1] INFO  server.RaftServerConfigKeys (ConfUtils.java:logGet(43)) - raft.server.sleep.deviation.threshold = 300 (default)
2019-09-19 13:09:20,162 [pool-27-thread-1] INFO  server.RaftServerConfigKeys (ConfUtils.java:logGet(43)) - raft.server.log.appender.install.snapshot.enabled = false (custom)
2019-09-19 13:09:20,162 [pool-27-thread-1] INFO  impl.RaftServerImpl (ServerState.java:<init>(103)) - cf73b394-96ec-4032-9230-43540487e60d@group-B48342982F49: ConfigurationManager, init=-1: [fc54a72e-a47f-4136-9ed5-ca4a72c32f0a:192.168.34.13:35339, b542397d-0a79-4b2f-bca4-8988c4585f57:192.168.34.13:37714, cf73b394-96ec-4032-9230-43540487e60d:192.168.34.13:45267], old=null, confs=<EMPTY_MAP>
2019-09-19 13:09:20,162 [pool-47-thread-1] INFO  storage.RaftStorageDirectory (RaftStorageDirectory.java:analyzeStorage(246)) - The storage directory /workdir/hadoop-ozone/tools/target/test-dir/MiniOzoneClusterImpl-15fc9b53-d736-4c3b-858f-342726019016/datanode-2/data/ratis/8942ba7f-3729-48e9-aae2-b48342982f49 does not exist. Creating ...
2019-09-19 13:09:20,162 [pool-27-thread-1] INFO  server.RaftServerConfigKeys (ConfUtils.java:logGet(43)) - raft.server.storage.dir = [/workdir/hadoop-ozone/tools/target/test-dir/MiniOzoneClusterImpl-15fc9b53-d736-4c3b-858f-342726019016/datanode-0/data/ratis] (custom)
2019-09-19 13:09:20,162 [pool-37-thread-1] INFO  impl.RaftServerImpl (RaftServerImpl.java:<init>(95)) - b542397d-0a79-4b2f-bca4-8988c4585f57: new RaftServerImpl for group-B48342982F49:[fc54a72e-a47f-4136-9ed5-ca4a72c32f0a:192.168.34.13:35339, b542397d-0a79-4b2f-bca4-8988c4585f57:192.168.34.13:37714, cf73b394-96ec-4032-9230-43540487e60d:192.168.34.13:45267] with ContainerStateMachine:uninitialized
2019-09-19 13:09:20,162 [pool-27-thread-1] INFO  storage.RaftStorageDirectory (RaftStorageDirectory.java:analyzeStorage(246)) - The storage directory /workdir/hadoop-ozone/tools/target/test-dir/MiniOzoneClusterImpl-15fc9b53-d736-4c3b-858f-342726019016/datanode-0/data/ratis/8942ba7f-3729-48e9-aae2-b48342982f49 does not exist. Creating ...
2019-09-19 13:09:20,163 [pool-37-thread-1] INFO  server.RaftServerConfigKeys (ConfUtils.java:logGet(43)) - raft.server.rpc.timeout.min = 5s (custom)
2019-09-19 13:09:20,163 [pool-37-thread-1] INFO  server.RaftServerConfigKeys (ConfUtils.java:logGet(43)) - raft.server.rpc.timeout.max = 5200ms (custom)
2019-09-19 13:09:20,163 [pool-37-thread-1] INFO  server.RaftServerConfigKeys (ConfUtils.java:logGet(43)) - raft.server.rpcslowness.timeout = 120s (custom)
2019-09-19 13:09:20,163 [pool-37-thread-1] INFO  server.RaftServerConfigKeys (ConfUtils.java:logGet(43)) - raft.server.sleep.deviation.threshold = 300 (default)
2019-09-19 13:09:20,163 [pool-37-thread-1] INFO  server.RaftServerConfigKeys (ConfUtils.java:logGet(43)) - raft.server.log.appender.install.snapshot.enabled = false (custom)
2019-09-19 13:09:20,163 [pool-37-thread-1] INFO  impl.RaftServerImpl (ServerState.java:<init>(103)) - b542397d-0a79-4b2f-bca4-8988c4585f57@group-B48342982F49: ConfigurationManager, init=-1: [fc54a72e-a47f-4136-9ed5-ca4a72c32f0a:192.168.34.13:35339, b542397d-0a79-4b2f-bca4-8988c4585f57:192.168.34.13:37714, cf73b394-96ec-4032-9230-43540487e60d:192.168.34.13:45267], old=null, confs=<EMPTY_MAP>
2019-09-19 13:09:20,163 [pool-37-thread-1] INFO  server.RaftServerConfigKeys (ConfUtils.java:logGet(43)) - raft.server.storage.dir = [/workdir/hadoop-ozone/tools/target/test-dir/MiniOzoneClusterImpl-15fc9b53-d736-4c3b-858f-342726019016/datanode-1/data/ratis] (custom)
2019-09-19 13:09:20,164 [pool-37-thread-1] INFO  storage.RaftStorageDirectory (RaftStorageDirectory.java:analyzeStorage(246)) - The storage directory /workdir/hadoop-ozone/tools/target/test-dir/MiniOzoneClusterImpl-15fc9b53-d736-4c3b-858f-342726019016/datanode-1/data/ratis/8942ba7f-3729-48e9-aae2-b48342982f49 does not exist. Creating ...
2019-09-19 13:09:20,182 [pool-37-thread-1] INFO  storage.RaftStorageDirectory (RaftStorageDirectory.java:tryLock(328)) - Lock on /workdir/hadoop-ozone/tools/target/test-dir/MiniOzoneClusterImpl-15fc9b53-d736-4c3b-858f-342726019016/datanode-1/data/ratis/8942ba7f-3729-48e9-aae2-b48342982f49/in_use.lock acquired by nodename 26476@pr-hdds-2153-g484h-410672627
2019-09-19 13:09:20,182 [pool-47-thread-1] INFO  storage.RaftStorageDirectory (RaftStorageDirectory.java:tryLock(328)) - Lock on /workdir/hadoop-ozone/tools/target/test-dir/MiniOzoneClusterImpl-15fc9b53-d736-4c3b-858f-342726019016/datanode-2/data/ratis/8942ba7f-3729-48e9-aae2-b48342982f49/in_use.lock acquired by nodename 26476@pr-hdds-2153-g484h-410672627
2019-09-19 13:09:20,182 [pool-27-thread-1] INFO  storage.RaftStorageDirectory (RaftStorageDirectory.java:tryLock(328)) - Lock on /workdir/hadoop-ozone/tools/target/test-dir/MiniOzoneClusterImpl-15fc9b53-d736-4c3b-858f-342726019016/datanode-0/data/ratis/8942ba7f-3729-48e9-aae2-b48342982f49/in_use.lock acquired by nodename 26476@pr-hdds-2153-g484h-410672627
2019-09-19 13:09:20,197 [pool-27-thread-1] INFO  storage.RaftStorage (RaftStorage.java:format(72)) - Storage directory /workdir/hadoop-ozone/tools/target/test-dir/MiniOzoneClusterImpl-15fc9b53-d736-4c3b-858f-342726019016/datanode-0/data/ratis/8942ba7f-3729-48e9-aae2-b48342982f49 has been successfully formatted.
2019-09-19 13:09:20,197 [pool-37-thread-1] INFO  storage.RaftStorage (RaftStorage.java:format(72)) - Storage directory /workdir/hadoop-ozone/tools/target/test-dir/MiniOzoneClusterImpl-15fc9b53-d736-4c3b-858f-342726019016/datanode-1/data/ratis/8942ba7f-3729-48e9-aae2-b48342982f49 has been successfully formatted.
2019-09-19 13:09:20,197 [pool-47-thread-1] INFO  storage.RaftStorage (RaftStorage.java:format(72)) - Storage directory /workdir/hadoop-ozone/tools/target/test-dir/MiniOzoneClusterImpl-15fc9b53-d736-4c3b-858f-342726019016/datanode-2/data/ratis/8942ba7f-3729-48e9-aae2-b48342982f49 has been successfully formatted.
2019-09-19 13:09:20,198 [pool-27-thread-1] INFO  ratis.ContainerStateMachine (ContainerStateMachine.java:loadSnapshot(230)) - group-B48342982F49: The snapshot info is null. Setting the last applied indexto:(t:0, i:~)
2019-09-19 13:09:20,198 [pool-47-thread-1] INFO  ratis.ContainerStateMachine (ContainerStateMachine.java:loadSnapshot(230)) - group-B48342982F49: The snapshot info is null. Setting the last applied indexto:(t:0, i:~)
2019-09-19 13:09:20,198 [pool-27-thread-1] INFO  server.RaftServerConfigKeys (ConfUtils.java:logGet(43)) - raft.server.notification.no-leader.timeout = 120s (custom)
2019-09-19 13:09:20,198 [pool-37-thread-1] INFO  ratis.ContainerStateMachine (ContainerStateMachine.java:loadSnapshot(230)) - group-B48342982F49: The snapshot info is null. Setting the last applied indexto:(t:0, i:~)
2019-09-19 13:09:20,198 [pool-27-thread-1] INFO  server.RaftServerConfigKeys (ConfUtils.java:logGet(43)) - raft.server.log.use.memory = false (default)
2019-09-19 13:09:20,198 [pool-47-thread-1] INFO  server.RaftServerConfigKeys (ConfUtils.java:logGet(43)) - raft.server.notification.no-leader.timeout = 120s (custom)
2019-09-19 13:09:20,198 [pool-27-thread-1] INFO  server.RaftServerConfigKeys (ConfUtils.java:logGet(43)) - raft.server.log.purge.gap = 1000000 (custom)
2019-09-19 13:09:20,198 [pool-37-thread-1] INFO  server.RaftServerConfigKeys (ConfUtils.java:logGet(43)) - raft.server.notification.no-leader.timeout = 120s (custom)
2019-09-19 13:09:20,199 [pool-27-thread-1] INFO  server.RaftServerConfigKeys (ConfUtils.java:logGet(43)) - raft.server.log.appender.buffer.byte-limit = 33554432 (custom)
2019-09-19 13:09:20,198 [pool-47-thread-1] INFO  server.RaftServerConfigKeys (ConfUtils.java:logGet(43)) - raft.server.log.use.memory = false (default)
2019-09-19 13:09:20,199 [pool-27-thread-1] INFO  server.RaftServerConfigKeys (ConfUtils.java:logGet(43)) - raft.server.log.segment.size.max = 1048576 (custom)
2019-09-19 13:09:20,199 [pool-37-thread-1] INFO  server.RaftServerConfigKeys (ConfUtils.java:logGet(43)) - raft.server.log.use.memory = false (default)
2019-09-19 13:09:20,199 [pool-27-thread-1] INFO  server.RaftServerConfigKeys (ConfUtils.java:logGet(43)) - raft.server.log.segment.cache.num.max = 2 (custom)
2019-09-19 13:09:20,199 [pool-47-thread-1] INFO  server.RaftServerConfigKeys (ConfUtils.java:logGet(43)) - raft.server.log.purge.gap = 1000000 (custom)
2019-09-19 13:09:20,199 [pool-27-thread-1] INFO  segmented.SegmentedRaftLogWorker (SegmentedRaftLogWorker.java:<init>(172)) - new cf73b394-96ec-4032-9230-43540487e60d@group-B48342982F49-SegmentedRaftLogWorker for RaftStorage:Storage Directory /workdir/hadoop-ozone/tools/target/test-dir/MiniOzoneClusterImpl-15fc9b53-d736-4c3b-858f-342726019016/datanode-0/data/ratis/8942ba7f-3729-48e9-aae2-b48342982f49
2019-09-19 13:09:20,199 [pool-37-thread-1] INFO  server.RaftServerConfigKeys (ConfUtils.java:logGet(43)) - raft.server.log.purge.gap = 1000000 (custom)
2019-09-19 13:09:20,199 [pool-27-thread-1] INFO  server.RaftServerConfigKeys (ConfUtils.java:logGet(43)) - raft.server.log.queue.byte-limit = 2147483647 (custom)
2019-09-19 13:09:20,199 [pool-47-thread-1] INFO  server.RaftServerConfigKeys (ConfUtils.java:logGet(43)) - raft.server.log.appender.buffer.byte-limit = 33554432 (custom)
2019-09-19 13:09:20,200 [pool-27-thread-1] INFO  server.RaftServerConfigKeys (ConfUtils.java:logGet(43)) - raft.server.log.queue.element-limit = 1024 (custom)
2019-09-19 13:09:20,199 [pool-37-thread-1] INFO  server.RaftServerConfigKeys (ConfUtils.java:logGet(43)) - raft.server.log.appender.buffer.byte-limit = 33554432 (custom)
2019-09-19 13:09:20,200 [pool-27-thread-1] INFO  server.RaftServerConfigKeys (ConfUtils.java:logGet(43)) - raft.server.log.segment.size.max = 1048576 (custom)
2019-09-19 13:09:20,200 [pool-47-thread-1] INFO  server.RaftServerConfigKeys (ConfUtils.java:logGet(43)) - raft.server.log.segment.size.max = 1048576 (custom)
2019-09-19 13:09:20,200 [pool-27-thread-1] INFO  server.RaftServerConfigKeys (ConfUtils.java:logGet(43)) - raft.server.log.preallocated.size = 16384 (custom)
2019-09-19 13:09:20,200 [pool-37-thread-1] INFO  server.RaftServerConfigKeys (ConfUtils.java:logGet(43)) - raft.server.log.segment.size.max = 1048576 (custom)
2019-09-19 13:09:20,200 [pool-27-thread-1] INFO  server.RaftServerConfigKeys (ConfUtils.java:logGet(43)) - raft.server.log.write.buffer.size = 33554432 (custom)
2019-09-19 13:09:20,200 [pool-47-thread-1] INFO  server.RaftServerConfigKeys (ConfUtils.java:logGet(43)) - raft.server.log.segment.cache.num.max = 2 (custom)
2019-09-19 13:09:20,200 [pool-27-thread-1] INFO  server.RaftServerConfigKeys (ConfUtils.java:logGet(43)) - raft.server.log.force.sync.num = 128 (default)
2019-09-19 13:09:20,200 [pool-37-thread-1] INFO  server.RaftServerConfigKeys (ConfUtils.java:logGet(43)) - raft.server.log.segment.cache.num.max = 2 (custom)
2019-09-19 13:09:20,200 [pool-27-thread-1] INFO  server.RaftServerConfigKeys (ConfUtils.java:logGet(43)) - raft.server.log.statemachine.data.sync = true (default)
2019-09-19 13:09:20,200 [pool-47-thread-1] INFO  segmented.SegmentedRaftLogWorker (SegmentedRaftLogWorker.java:<init>(172)) - new fc54a72e-a47f-4136-9ed5-ca4a72c32f0a@group-B48342982F49-SegmentedRaftLogWorker for RaftStorage:Storage Directory /workdir/hadoop-ozone/tools/target/test-dir/MiniOzoneClusterImpl-15fc9b53-d736-4c3b-858f-342726019016/datanode-2/data/ratis/8942ba7f-3729-48e9-aae2-b48342982f49
2019-09-19 13:09:20,201 [pool-27-thread-1] INFO  server.RaftServerConfigKeys (ConfUtils.java:logGet(43)) - raft.server.log.statemachine.data.sync.timeout = 10s (default)
2019-09-19 13:09:20,201 [pool-37-thread-1] INFO  segmented.SegmentedRaftLogWorker (SegmentedRaftLogWorker.java:<init>(172)) - new b542397d-0a79-4b2f-bca4-8988c4585f57@group-B48342982F49-SegmentedRaftLogWorker for RaftStorage:Storage Directory /workdir/hadoop-ozone/tools/target/test-dir/MiniOzoneClusterImpl-15fc9b53-d736-4c3b-858f-342726019016/datanode-1/data/ratis/8942ba7f-3729-48e9-aae2-b48342982f49
2019-09-19 13:09:20,201 [pool-27-thread-1] INFO  server.RaftServerConfigKeys (ConfUtils.java:logGet(43)) - raft.server.log.statemachine.data.sync.timeout.retry = -1 (default)
2019-09-19 13:09:20,201 [pool-47-thread-1] INFO  server.RaftServerConfigKeys (ConfUtils.java:logGet(43)) - raft.server.log.queue.byte-limit = 2147483647 (custom)
2019-09-19 13:09:20,201 [pool-27-thread-1] INFO  server.RaftServerConfigKeys (ConfUtils.java:logGet(43)) - raft.server.log.statemachine.data.caching.enabled = true (custom)
2019-09-19 13:09:20,201 [pool-37-thread-1] INFO  server.RaftServerConfigKeys (ConfUtils.java:logGet(43)) - raft.server.log.queue.byte-limit = 2147483647 (custom)
2019-09-19 13:09:20,201 [pool-47-thread-1] INFO  server.RaftServerConfigKeys (ConfUtils.java:logGet(43)) - raft.server.log.queue.element-limit = 1024 (custom)
2019-09-19 13:09:20,201 [pool-27-thread-1] INFO  segmented.SegmentedRaftLogWorker (SegmentedRaftLogWorker.java:lambda$new$0(132)) - cf73b394-96ec-4032-9230-43540487e60d@group-B48342982F49-SegmentedRaftLogWorker: flushIndex: setUnconditionally 0 -> -1
2019-09-19 13:09:20,201 [pool-37-thread-1] INFO  server.RaftServerConfigKeys (ConfUtils.java:logGet(43)) - raft.server.log.queue.element-limit = 1024 (custom)
2019-09-19 13:09:20,201 [pool-47-thread-1] INFO  server.RaftServerConfigKeys (ConfUtils.java:logGet(43)) - raft.server.log.segment.size.max = 1048576 (custom)
2019-09-19 13:09:20,202 [pool-37-thread-1] INFO  server.RaftServerConfigKeys (ConfUtils.java:logGet(43)) - raft.server.log.segment.size.max = 1048576 (custom)
2019-09-19 13:09:20,202 [pool-27-thread-1] INFO  server.RaftServerConfigKeys (ConfUtils.java:logGet(43)) - raft.server.snapshot.auto.trigger.enabled = true (custom)
2019-09-19 13:09:20,202 [pool-37-thread-1] INFO  server.RaftServerConfigKeys (ConfUtils.java:logGet(43)) - raft.server.log.preallocated.size = 16384 (custom)
2019-09-19 13:09:20,202 [pool-47-thread-1] INFO  server.RaftServerConfigKeys (ConfUtils.java:logGet(43)) - raft.server.log.preallocated.size = 16384 (custom)
2019-09-19 13:09:20,202 [pool-37-thread-1] INFO  server.RaftServerConfigKeys (ConfUtils.java:logGet(43)) - raft.server.log.write.buffer.size = 33554432 (custom)
2019-09-19 13:09:20,202 [pool-27-thread-1] INFO  server.RaftServerConfigKeys (ConfUtils.java:logGet(43)) - raft.server.snapshot.auto.trigger.threshold = 10000 (custom)
2019-09-19 13:09:20,203 [pool-37-thread-1] INFO  server.RaftServerConfigKeys (ConfUtils.java:logGet(43)) - raft.server.log.force.sync.num = 128 (default)
2019-09-19 13:09:20,203 [pool-47-thread-1] INFO  server.RaftServerConfigKeys (ConfUtils.java:logGet(43)) - raft.server.log.write.buffer.size = 33554432 (custom)
2019-09-19 13:09:20,204 [pool-37-thread-1] INFO  server.RaftServerConfigKeys (ConfUtils.java:logGet(43)) - raft.server.log.statemachine.data.sync = true (default)
2019-09-19 13:09:20,203 [pool-27-thread-1] INFO  server.RaftServerConfigKeys (ConfUtils.java:logGet(43)) - raft.server.snapshot.retention.num.files = -1 (default)
2019-09-19 13:09:20,204 [pool-37-thread-1] INFO  server.RaftServerConfigKeys (ConfUtils.java:logGet(43)) - raft.server.log.statemachine.data.sync.timeout = 10s (default)
2019-09-19 13:09:20,204 [pool-47-thread-1] INFO  server.RaftServerConfigKeys (ConfUtils.java:logGet(43)) - raft.server.log.force.sync.num = 128 (default)
2019-09-19 13:09:20,204 [pool-37-thread-1] INFO  server.RaftServerConfigKeys (ConfUtils.java:logGet(43)) - raft.server.log.statemachine.data.sync.timeout.retry = -1 (default)
2019-09-19 13:09:20,204 [pool-27-thread-1] INFO  server.RaftServerConfigKeys (ConfUtils.java:logGet(43)) - raft.server.retrycache.expirytime = 600000ms (custom)
2019-09-19 13:09:20,204 [pool-37-thread-1] INFO  server.RaftServerConfigKeys (ConfUtils.java:logGet(43)) - raft.server.log.statemachine.data.caching.enabled = true (custom)
2019-09-19 13:09:20,204 [pool-47-thread-1] INFO  server.RaftServerConfigKeys (ConfUtils.java:logGet(43)) - raft.server.log.statemachine.data.sync = true (default)
2019-09-19 13:09:20,204 [pool-47-thread-1] INFO  server.RaftServerConfigKeys (ConfUtils.java:logGet(43)) - raft.server.log.statemachine.data.sync.timeout = 10s (default)
2019-09-19 13:09:20,205 [pool-47-thread-1] INFO  server.RaftServerConfigKeys (ConfUtils.java:logGet(43)) - raft.server.log.statemachine.data.sync.timeout.retry = -1 (default)
2019-09-19 13:09:20,205 [pool-37-thread-1] INFO  segmented.SegmentedRaftLogWorker (SegmentedRaftLogWorker.java:lambda$new$0(132)) - b542397d-0a79-4b2f-bca4-8988c4585f57@group-B48342982F49-SegmentedRaftLogWorker: flushIndex: setUnconditionally 0 -> -1
2019-09-19 13:09:20,205 [pool-47-thread-1] INFO  server.RaftServerConfigKeys (ConfUtils.java:logGet(43)) - raft.server.log.statemachine.data.caching.enabled = true (custom)
2019-09-19 13:09:20,205 [pool-37-thread-1] INFO  server.RaftServerConfigKeys (ConfUtils.java:logGet(43)) - raft.server.snapshot.auto.trigger.enabled = true (custom)
2019-09-19 13:09:20,205 [pool-47-thread-1] INFO  segmented.SegmentedRaftLogWorker (SegmentedRaftLogWorker.java:lambda$new$0(132)) - fc54a72e-a47f-4136-9ed5-ca4a72c32f0a@group-B48342982F49-SegmentedRaftLogWorker: flushIndex: setUnconditionally 0 -> -1
2019-09-19 13:09:20,205 [pool-37-thread-1] INFO  server.RaftServerConfigKeys (ConfUtils.java:logGet(43)) - raft.server.snapshot.auto.trigger.threshold = 10000 (custom)
2019-09-19 13:09:20,205 [pool-47-thread-1] INFO  server.RaftServerConfigKeys (ConfUtils.java:logGet(43)) - raft.server.snapshot.auto.trigger.enabled = true (custom)
2019-09-19 13:09:20,205 [pool-37-thread-1] INFO  server.RaftServerConfigKeys (ConfUtils.java:logGet(43)) - raft.server.snapshot.retention.num.files = -1 (default)
2019-09-19 13:09:20,205 [pool-47-thread-1] INFO  server.RaftServerConfigKeys (ConfUtils.java:logGet(43)) - raft.server.snapshot.auto.trigger.threshold = 10000 (custom)
2019-09-19 13:09:20,205 [pool-37-thread-1] INFO  server.RaftServerConfigKeys (ConfUtils.java:logGet(43)) - raft.server.retrycache.expirytime = 600000ms (custom)
2019-09-19 13:09:20,205 [pool-47-thread-1] INFO  server.RaftServerConfigKeys (ConfUtils.java:logGet(43)) - raft.server.snapshot.retention.num.files = -1 (default)
2019-09-19 13:09:20,206 [pool-47-thread-1] INFO  server.RaftServerConfigKeys (ConfUtils.java:logGet(43)) - raft.server.retrycache.expirytime = 600000ms (custom)
2019-09-19 13:09:20,206 [pool-27-thread-1] INFO  impl.RaftServerImpl (RaftServerImpl.java:start(185)) - cf73b394-96ec-4032-9230-43540487e60d@group-B48342982F49: start as a follower, conf=-1: [fc54a72e-a47f-4136-9ed5-ca4a72c32f0a:192.168.34.13:35339, b542397d-0a79-4b2f-bca4-8988c4585f57:192.168.34.13:37714, cf73b394-96ec-4032-9230-43540487e60d:192.168.34.13:45267], old=null
2019-09-19 13:09:20,206 [pool-27-thread-1] INFO  impl.RaftServerImpl (RaftServerImpl.java:setRole(174)) - cf73b394-96ec-4032-9230-43540487e60d@group-B48342982F49: changes role from      null to FOLLOWER at term 0 for startAsFollower
2019-09-19 13:09:20,206 [pool-27-thread-1] INFO  impl.RoleInfo (RoleInfo.java:updateAndGet(143)) - cf73b394-96ec-4032-9230-43540487e60d: start FollowerState
2019-09-19 13:09:20,207 [pool-27-thread-1] INFO  util.JmxRegister (JmxRegister.java:tryRegister(44)) - Successfully registered JMX Bean with object name Ratis:service=RaftServer,group=group-B48342982F49,id=cf73b394-96ec-4032-9230-43540487e60d
2019-09-19 13:09:20,209 [pool-37-thread-1] INFO  impl.RaftServerImpl (RaftServerImpl.java:start(185)) - b542397d-0a79-4b2f-bca4-8988c4585f57@group-B48342982F49: start as a follower, conf=-1: [fc54a72e-a47f-4136-9ed5-ca4a72c32f0a:192.168.34.13:35339, b542397d-0a79-4b2f-bca4-8988c4585f57:192.168.34.13:37714, cf73b394-96ec-4032-9230-43540487e60d:192.168.34.13:45267], old=null
2019-09-19 13:09:20,209 [pool-47-thread-1] INFO  impl.RaftServerImpl (RaftServerImpl.java:start(185)) - fc54a72e-a47f-4136-9ed5-ca4a72c32f0a@group-B48342982F49: start as a follower, conf=-1: [fc54a72e-a47f-4136-9ed5-ca4a72c32f0a:192.168.34.13:35339, b542397d-0a79-4b2f-bca4-8988c4585f57:192.168.34.13:37714, cf73b394-96ec-4032-9230-43540487e60d:192.168.34.13:45267], old=null
2019-09-19 13:09:20,210 [pool-37-thread-1] INFO  impl.RaftServerImpl (RaftServerImpl.java:setRole(174)) - b542397d-0a79-4b2f-bca4-8988c4585f57@group-B48342982F49: changes role from      null to FOLLOWER at term 0 for startAsFollower
2019-09-19 13:09:20,210 [pool-47-thread-1] INFO  impl.RaftServerImpl (RaftServerImpl.java:setRole(174)) - fc54a72e-a47f-4136-9ed5-ca4a72c32f0a@group-B48342982F49: changes role from      null to FOLLOWER at term 0 for startAsFollower
2019-09-19 13:09:20,210 [pool-37-thread-1] INFO  impl.RoleInfo (RoleInfo.java:updateAndGet(143)) - b542397d-0a79-4b2f-bca4-8988c4585f57: start FollowerState
2019-09-19 13:09:20,210 [pool-47-thread-1] INFO  impl.RoleInfo (RoleInfo.java:updateAndGet(143)) - fc54a72e-a47f-4136-9ed5-ca4a72c32f0a: start FollowerState
2019-09-19 13:09:20,210 [pool-37-thread-1] INFO  util.JmxRegister (JmxRegister.java:tryRegister(44)) - Successfully registered JMX Bean with object name Ratis:service=RaftServer,group=group-B48342982F49,id=b542397d-0a79-4b2f-bca4-8988c4585f57
2019-09-19 13:09:20,210 [pool-47-thread-1] INFO  util.JmxRegister (JmxRegister.java:tryRegister(44)) - Successfully registered JMX Bean with object name Ratis:service=RaftServer,group=group-B48342982F49,id=fc54a72e-a47f-4136-9ed5-ca4a72c32f0a
2019-09-19 13:09:20,221 [RatisPipelineUtilsThread] INFO  pipeline.PipelineStateManager (PipelineStateManager.java:addPipeline(56)) - Created pipeline Pipeline[ Id: 8942ba7f-3729-48e9-aae2-b48342982f49, Nodes: fc54a72e-a47f-4136-9ed5-ca4a72c32f0a{ip: 192.168.34.13, host: pr-hdds-2153-g484h-410672627, networkLocation: /default-rack, certSerialId: null}cf73b394-96ec-4032-9230-43540487e60d{ip: 192.168.34.13, host: pr-hdds-2153-g484h-410672627, networkLocation: /default-rack, certSerialId: null}b542397d-0a79-4b2f-bca4-8988c4585f57{ip: 192.168.34.13, host: pr-hdds-2153-g484h-410672627, networkLocation: /default-rack, certSerialId: null}, Type:RATIS, Factor:THREE, State:OPEN]
2019-09-19 13:09:21,933 [grpc-default-executor-3] INFO  impl.RaftServerProxy (RaftServerProxy.java:remove(95)) - fc54a72e-a47f-4136-9ed5-ca4a72c32f0a: remove  FOLLOWER fc54a72e-a47f-4136-9ed5-ca4a72c32f0a@group-A113EA47E608:t0, leader=null, voted=null, raftlog=fc54a72e-a47f-4136-9ed5-ca4a72c32f0a@group-A113EA47E608-SegmentedRaftLog:OPENED:c-1,f-1,i0, conf=-1: [fc54a72e-a47f-4136-9ed5-ca4a72c32f0a:192.168.34.13:35339, b542397d-0a79-4b2f-bca4-8988c4585f57:192.168.34.13:37714, cf73b394-96ec-4032-9230-43540487e60d:192.168.34.13:45267], old=null RUNNING
2019-09-19 13:09:21,933 [grpc-default-executor-3] INFO  impl.RaftServerImpl (RaftServerImpl.java:lambda$shutdown$3(251)) - fc54a72e-a47f-4136-9ed5-ca4a72c32f0a@group-A113EA47E608: shutdown
2019-09-19 13:09:21,933 [grpc-default-executor-3] INFO  util.JmxRegister (JmxRegister.java:unregister(73)) - Successfully un-registered JMX Bean with object name Ratis:service=RaftServer,group=group-A113EA47E608,id=fc54a72e-a47f-4136-9ed5-ca4a72c32f0a
2019-09-19 13:09:21,934 [grpc-default-executor-3] INFO  impl.RoleInfo (RoleInfo.java:shutdownFollowerState(121)) - fc54a72e-a47f-4136-9ed5-ca4a72c32f0a: shutdown FollowerState
2019-09-19 13:09:21,934 [grpc-default-executor-3] INFO  impl.StateMachineUpdater (StateMachineUpdater.java:stopAndJoin(125)) - fc54a72e-a47f-4136-9ed5-ca4a72c32f0a@group-A113EA47E608-StateMachineUpdater: set stopIndex = -1
2019-09-19 13:09:21,934 [Thread-637] INFO  impl.FollowerState (FollowerState.java:run(115)) - fc54a72e-a47f-4136-9ed5-ca4a72c32f0a: FollowerState was interrupted: java.lang.InterruptedException: sleep interrupted
2019-09-19 13:09:21,935 [grpc-default-executor-3] INFO  impl.RaftServerImpl (ServerState.java:close(385)) - fc54a72e-a47f-4136-9ed5-ca4a72c32f0a@group-A113EA47E608: closes. applyIndex: -1
2019-09-19 13:09:21,936 [fc54a72e-a47f-4136-9ed5-ca4a72c32f0a@group-A113EA47E608-SegmentedRaftLogWorker] INFO  segmented.SegmentedRaftLogWorker (SegmentedRaftLogWorker.java:run(313)) - fc54a72e-a47f-4136-9ed5-ca4a72c32f0a@group-A113EA47E608-SegmentedRaftLogWorker was interrupted, exiting. There are 0 tasks remaining in the queue.
2019-09-19 13:09:21,936 [grpc-default-executor-3] INFO  segmented.SegmentedRaftLogWorker (SegmentedRaftLogWorker.java:close(228)) - fc54a72e-a47f-4136-9ed5-ca4a72c32f0a@group-A113EA47E608-SegmentedRaftLogWorker close()
2019-09-19 13:09:22,406 [grpc-default-executor-3] INFO  impl.RaftServerProxy (RaftServerProxy.java:remove(95)) - fc54a72e-a47f-4136-9ed5-ca4a72c32f0a: remove group-1C24252B61C3:null
2019-09-19 13:09:22,412 [RatisPipelineUtilsThread] WARN  pipeline.RatisPipelineUtils (RatisPipelineUtils.java:destroyPipeline(66)) - Pipeline destroy failed for pipeline=PipelineID=5d8695b9-2179-4aa7-881b-1c24252b61c3 dn=fc54a72e-a47f-4136-9ed5-ca4a72c32f0a{ip: 192.168.34.13, host: pr-hdds-2153-g484h-410672627, networkLocation: /default-rack, certSerialId: null}
2019-09-19 13:09:22,417 [grpc-default-executor-3] INFO  impl.RaftServerProxy (RaftServerProxy.java:remove(95)) - cf73b394-96ec-4032-9230-43540487e60d: remove group-1C24252B61C3:null
2019-09-19 13:09:22,423 [RatisPipelineUtilsThread] WARN  pipeline.RatisPipelineUtils (RatisPipelineUtils.java:destroyPipeline(66)) - Pipeline destroy failed for pipeline=PipelineID=5d8695b9-2179-4aa7-881b-1c24252b61c3 dn=cf73b394-96ec-4032-9230-43540487e60d{ip: 192.168.34.13, host: pr-hdds-2153-g484h-410672627, networkLocation: /default-rack, certSerialId: null}
2019-09-19 13:09:22,429 [grpc-default-executor-3] INFO  impl.RaftServerProxy (RaftServerProxy.java:remove(95)) - b542397d-0a79-4b2f-bca4-8988c4585f57: remove group-1C24252B61C3:null
2019-09-19 13:09:22,433 [RatisPipelineUtilsThread] WARN  pipeline.RatisPipelineUtils (RatisPipelineUtils.java:destroyPipeline(66)) - Pipeline destroy failed for pipeline=PipelineID=5d8695b9-2179-4aa7-881b-1c24252b61c3 dn=b542397d-0a79-4b2f-bca4-8988c4585f57{ip: 192.168.34.13, host: pr-hdds-2153-g484h-410672627, networkLocation: /default-rack, certSerialId: null}
2019-09-19 13:09:22,434 [RatisPipelineUtilsThread] ERROR pipeline.SCMPipelineManager (Scheduler.java:lambda$schedule$1(70)) - Destroy pipeline failed for pipeline:Pipeline[ Id: 5d8695b9-2179-4aa7-881b-1c24252b61c3, Nodes: fc54a72e-a47f-4136-9ed5-ca4a72c32f0a{ip: 192.168.34.13, host: pr-hdds-2153-g484h-410672627, networkLocation: /default-rack, certSerialId: null}cf73b394-96ec-4032-9230-43540487e60d{ip: 192.168.34.13, host: pr-hdds-2153-g484h-410672627, networkLocation: /default-rack, certSerialId: null}b542397d-0a79-4b2f-bca4-8988c4585f57{ip: 192.168.34.13, host: pr-hdds-2153-g484h-410672627, networkLocation: /default-rack, certSerialId: null}, Type:RATIS, Factor:THREE, State:CLOSED]
org.apache.hadoop.hdds.scm.pipeline.PipelineNotFoundException: PipelineID=5d8695b9-2179-4aa7-881b-1c24252b61c3 not found
	at org.apache.hadoop.hdds.scm.pipeline.PipelineStateMap.getPipeline(PipelineStateMap.java:132)
	at org.apache.hadoop.hdds.scm.pipeline.PipelineStateMap.removePipeline(PipelineStateMap.java:322)
	at org.apache.hadoop.hdds.scm.pipeline.PipelineStateManager.removePipeline(PipelineStateManager.java:107)
	at org.apache.hadoop.hdds.scm.pipeline.SCMPipelineManager.removePipeline(SCMPipelineManager.java:423)
	at org.apache.hadoop.hdds.scm.pipeline.SCMPipelineManager.destroyPipeline(SCMPipelineManager.java:409)
	at org.apache.hadoop.hdds.scm.pipeline.SCMPipelineManager.lambda$finalizeAndDestroyPipeline$0(SCMPipelineManager.java:318)
	at org.apache.hadoop.utils.Scheduler.lambda$schedule$1(Scheduler.java:68)
	at java.util.concurrent.Executors$RunnableAdapter.call(Executors.java:511)
	at java.util.concurrent.FutureTask.run(FutureTask.java:266)
	at java.util.concurrent.ScheduledThreadPoolExecutor$ScheduledFutureTask.access$201(ScheduledThreadPoolExecutor.java:180)
	at java.util.concurrent.ScheduledThreadPoolExecutor$ScheduledFutureTask.run(ScheduledThreadPoolExecutor.java:293)
	at java.util.concurrent.ThreadPoolExecutor.runWorker(ThreadPoolExecutor.java:1149)
	at java.util.concurrent.ThreadPoolExecutor$Worker.run(ThreadPoolExecutor.java:624)
	at java.lang.Thread.run(Thread.java:748)
]]></system-out>
    <system-err><![CDATA[ERROR StatusLogger No Log4j 2 configuration file found. Using default configuration (logging only errors to the console), or user programmatically provided configurations. Set system property 'log4j2.debug' to show Log4j 2 internal initialization logging. See https://logging.apache.org/log4j/2.x/manual/configuration.html for instructions on how to configure Log4j 2
]]></system-err>
  </testcase>
</testsuite>