<?xml version="1.0" encoding="UTF-8"?>
<testsuite xmlns:xsi="http://www.w3.org/2001/XMLSchema-instance" xsi:noNamespaceSchemaLocation="https://maven.apache.org/surefire/maven-surefire-plugin/xsd/surefire-test-report.xsd" name="org.apache.hadoop.ozone.TestStorageContainerManager" time="109.054" tests="9" errors="2" skipped="0" failures="1">
  <properties>
    <property name="awt.toolkit" value="sun.awt.X11.XToolkit"/>
    <property name="file.encoding.pkg" value="sun.io"/>
    <property name="java.specification.version" value="1.8"/>
    <property name="sun.cpu.isalist" value=""/>
    <property name="sun.jnu.encoding" value="UTF-8"/>
    <property name="java.class.path" value="/workdir/hadoop-ozone/integration-test/target/test-classes:/workdir/hadoop-ozone/integration-test/target/classes:/home/user/.m2/repository/org/apache/hadoop/hadoop-ozone-common/0.4.1-SNAPSHOT/hadoop-ozone-common-0.4.1-SNAPSHOT.jar:/home/user/.m2/repository/org/apache/commons/commons-compress/1.4.1/commons-compress-1.4.1.jar:/home/user/.m2/repository/org/tukaani/xz/1.0/xz-1.0.jar:/home/user/.m2/repository/org/apache/hadoop/hadoop-common/3.2.0/hadoop-common-3.2.0.jar:/home/user/.m2/repository/org/apache/hadoop/hadoop-hdfs/3.2.0/hadoop-hdfs-3.2.0.jar:/home/user/.m2/repository/org/apache/hadoop/hadoop-hdfs-client/3.2.0/hadoop-hdfs-client-3.2.0.jar:/home/user/.m2/repository/com/fasterxml/jackson/core/jackson-annotations/2.9.5/jackson-annotations-2.9.5.jar:/home/user/.m2/repository/org/apache/hadoop/hadoop-hdds-common/0.4.1-SNAPSHOT/hadoop-hdds-common-0.4.1-SNAPSHOT.jar:/home/user/.m2/repository/javax/annotation/javax.annotation-api/1.2/javax.annotation-api-1.2.jar:/home/user/.m2/repository/org/apache/ratis/ratis-server/0.4.0-2337318-SNAPSHOT/ratis-server-0.4.0-2337318-SNAPSHOT.jar:/home/user/.m2/repository/org/apache/ratis/ratis-thirdparty-misc/0.2.0/ratis-thirdparty-misc-0.2.0.jar:/home/user/.m2/repository/org/apache/ratis/ratis-proto/0.4.0-2337318-SNAPSHOT/ratis-proto-0.4.0-2337318-SNAPSHOT.jar:/home/user/.m2/repository/org/apache/ratis/ratis-common/0.4.0-2337318-SNAPSHOT/ratis-common-0.4.0-2337318-SNAPSHOT.jar:/home/user/.m2/repository/org/apache/ratis/ratis-client/0.4.0-2337318-SNAPSHOT/ratis-client-0.4.0-2337318-SNAPSHOT.jar:/home/user/.m2/repository/org/apache/ratis/ratis-metrics/0.4.0-2337318-SNAPSHOT/ratis-metrics-0.4.0-2337318-SNAPSHOT.jar:/home/user/.m2/repository/org/apache/ratis/ratis-netty/0.4.0-2337318-SNAPSHOT/ratis-netty-0.4.0-2337318-SNAPSHOT.jar:/home/user/.m2/repository/org/apache/ratis/ratis-grpc/0.4.0-2337318-SNAPSHOT/ratis-grpc-0.4.0-2337318-SNAPSHOT.jar:/home/user/.m2/repository/org/rocksdb/rocksdbjni/6.0.1/rocksdbjni-6.0.1.jar:/home/user/.m2/repository/org/apache/logging/log4j/log4j-api/2.11.0/log4j-api-2.11.0.jar:/home/user/.m2/repository/org/apache/logging/log4j/log4j-core/2.11.0/log4j-core-2.11.0.jar:/home/user/.m2/repository/com/lmax/disruptor/3.4.2/disruptor-3.4.2.jar:/home/user/.m2/repository/org/apache/commons/commons-pool2/2.6.0/commons-pool2-2.6.0.jar:/home/user/.m2/repository/org/bouncycastle/bcpkix-jdk15on/1.60/bcpkix-jdk15on-1.60.jar:/home/user/.m2/repository/commons-validator/commons-validator/1.6/commons-validator-1.6.jar:/home/user/.m2/repository/commons-digester/commons-digester/1.8.1/commons-digester-1.8.1.jar:/home/user/.m2/repository/io/jaegertracing/jaeger-client/0.33.1/jaeger-client-0.33.1.jar:/home/user/.m2/repository/io/jaegertracing/jaeger-thrift/0.33.1/jaeger-thrift-0.33.1.jar:/home/user/.m2/repository/org/apache/thrift/libthrift/0.11.0/libthrift-0.11.0.jar:/home/user/.m2/repository/com/squareup/okhttp3/okhttp/3.9.0/okhttp-3.9.0.jar:/home/user/.m2/repository/com/squareup/okio/okio/1.13.0/okio-1.13.0.jar:/home/user/.m2/repository/io/jaegertracing/jaeger-core/0.33.1/jaeger-core-0.33.1.jar:/home/user/.m2/repository/io/jaegertracing/jaeger-tracerresolver/0.33.1/jaeger-tracerresolver-0.33.1.jar:/home/user/.m2/repository/io/opentracing/contrib/opentracing-tracerresolver/0.1.5/opentracing-tracerresolver-0.1.5.jar:/home/user/.m2/repository/io/opentracing/opentracing-util/0.31.0/opentracing-util-0.31.0.jar:/home/user/.m2/repository/io/opentracing/opentracing-api/0.31.0/opentracing-api-0.31.0.jar:/home/user/.m2/repository/io/opentracing/opentracing-noop/0.31.0/opentracing-noop-0.31.0.jar:/home/user/.m2/repository/org/apache/hadoop/hadoop-hdds-server-framework/0.4.1-SNAPSHOT/hadoop-hdds-server-framework-0.4.1-SNAPSHOT.jar:/home/user/.m2/repository/org/apache/hadoop/hadoop-hdds-container-service/0.4.1-SNAPSHOT/hadoop-hdds-container-service-0.4.1-SNAPSHOT.jar:/home/user/.m2/repository/org/apache/hadoop/hadoop-hdds-client/0.4.1-SNAPSHOT/hadoop-hdds-client-0.4.1-SNAPSHOT.jar:/home/user/.m2/repository/org/apache/hadoop/hadoop-hdds-tools/0.4.1-SNAPSHOT/hadoop-hdds-tools-0.4.1-SNAPSHOT.jar:/home/user/.m2/repository/org/apache/hadoop/hadoop-hdds-server-scm/0.4.1-SNAPSHOT/hadoop-hdds-server-scm-0.4.1-SNAPSHOT.jar:/home/user/.m2/repository/org/apache/hadoop/hadoop-hdds-docs/0.4.1-SNAPSHOT/hadoop-hdds-docs-0.4.1-SNAPSHOT.jar:/home/user/.m2/repository/io/dropwizard/metrics/metrics-core/3.2.4/metrics-core-3.2.4.jar:/home/user/.m2/repository/org/hamcrest/hamcrest-all/1.3/hamcrest-all-1.3.jar:/home/user/.m2/repository/org/bouncycastle/bcprov-jdk15on/1.60/bcprov-jdk15on-1.60.jar:/home/user/.m2/repository/info/picocli/picocli/3.9.6/picocli-3.9.6.jar:/home/user/.m2/repository/com/google/protobuf/protobuf-java/2.5.0/protobuf-java-2.5.0.jar:/home/user/.m2/repository/com/google/guava/guava/11.0.2/guava-11.0.2.jar:/home/user/.m2/repository/org/apache/hadoop/hadoop-ozone-ozone-manager/0.4.1-SNAPSHOT/hadoop-ozone-ozone-manager-0.4.1-SNAPSHOT.jar:/home/user/.m2/repository/org/apache/hadoop/hadoop-minikdc/3.2.0/hadoop-minikdc-3.2.0.jar:/home/user/.m2/repository/commons-io/commons-io/2.5/commons-io-2.5.jar:/home/user/.m2/repository/org/apache/kerby/kerb-simplekdc/1.0.1/kerb-simplekdc-1.0.1.jar:/home/user/.m2/repository/org/apache/kerby/kerb-client/1.0.1/kerb-client-1.0.1.jar:/home/user/.m2/repository/org/apache/kerby/kerby-config/1.0.1/kerby-config-1.0.1.jar:/home/user/.m2/repository/org/apache/kerby/kerb-core/1.0.1/kerb-core-1.0.1.jar:/home/user/.m2/repository/org/apache/kerby/kerby-pkix/1.0.1/kerby-pkix-1.0.1.jar:/home/user/.m2/repository/org/apache/kerby/kerby-asn1/1.0.1/kerby-asn1-1.0.1.jar:/home/user/.m2/repository/org/apache/kerby/kerby-util/1.0.1/kerby-util-1.0.1.jar:/home/user/.m2/repository/org/apache/kerby/kerb-common/1.0.1/kerb-common-1.0.1.jar:/home/user/.m2/repository/org/apache/kerby/kerb-crypto/1.0.1/kerb-crypto-1.0.1.jar:/home/user/.m2/repository/org/apache/kerby/kerb-util/1.0.1/kerb-util-1.0.1.jar:/home/user/.m2/repository/org/apache/kerby/token-provider/1.0.1/token-provider-1.0.1.jar:/home/user/.m2/repository/org/apache/kerby/kerb-admin/1.0.1/kerb-admin-1.0.1.jar:/home/user/.m2/repository/org/apache/kerby/kerb-server/1.0.1/kerb-server-1.0.1.jar:/home/user/.m2/repository/org/apache/kerby/kerb-identity/1.0.1/kerb-identity-1.0.1.jar:/home/user/.m2/repository/org/apache/kerby/kerby-xdr/1.0.1/kerby-xdr-1.0.1.jar:/home/user/.m2/repository/org/slf4j/slf4j-log4j12/1.7.25/slf4j-log4j12-1.7.25.jar:/home/user/.m2/repository/org/apache/hadoop/hadoop-ozone-objectstore-service/0.4.1-SNAPSHOT/hadoop-ozone-objectstore-service-0.4.1-SNAPSHOT.jar:/home/user/.m2/repository/org/apache/hadoop/hadoop-ozone-s3gateway/0.4.1-SNAPSHOT/hadoop-ozone-s3gateway-0.4.1-SNAPSHOT.jar:/home/user/.m2/repository/org/jboss/weld/servlet/weld-servlet/2.4.7.Final/weld-servlet-2.4.7.Final.jar:/home/user/.m2/repository/org/glassfish/jersey/containers/jersey-container-servlet-core/2.27/jersey-container-servlet-core-2.27.jar:/home/user/.m2/repository/org/glassfish/hk2/external/javax.inject/2.5.0-b42/javax.inject-2.5.0-b42.jar:/home/user/.m2/repository/org/glassfish/jersey/core/jersey-common/2.27/jersey-common-2.27.jar:/home/user/.m2/repository/org/glassfish/hk2/osgi-resource-locator/1.0.1/osgi-resource-locator-1.0.1.jar:/home/user/.m2/repository/javax/ws/rs/javax.ws.rs-api/2.1/javax.ws.rs-api-2.1.jar:/home/user/.m2/repository/org/glassfish/jersey/ext/cdi/jersey-cdi1x/2.27/jersey-cdi1x-2.27.jar:/home/user/.m2/repository/org/glassfish/jersey/inject/jersey-hk2/2.27/jersey-hk2-2.27.jar:/home/user/.m2/repository/org/glassfish/hk2/hk2-locator/2.5.0-b42/hk2-locator-2.5.0-b42.jar:/home/user/.m2/repository/org/javassist/javassist/3.22.0-CR2/javassist-3.22.0-CR2.jar:/home/user/.m2/repository/org/glassfish/hk2/hk2-api/2.5.0/hk2-api-2.5.0.jar:/home/user/.m2/repository/org/glassfish/hk2/external/jakarta.inject/2.5.0/jakarta.inject-2.5.0.jar:/home/user/.m2/repository/org/glassfish/hk2/hk2-utils/2.5.0/hk2-utils-2.5.0.jar:/home/user/.m2/repository/jakarta/annotation/jakarta.annotation-api/1.3.4/jakarta.annotation-api-1.3.4.jar:/home/user/.m2/repository/org/glassfish/hk2/external/aopalliance-repackaged/2.5.0/aopalliance-repackaged-2.5.0.jar:/home/user/.m2/repository/com/fasterxml/jackson/dataformat/jackson-dataformat-xml/2.9.0/jackson-dataformat-xml-2.9.0.jar:/home/user/.m2/repository/com/fasterxml/jackson/core/jackson-core/2.9.5/jackson-core-2.9.5.jar:/home/user/.m2/repository/com/fasterxml/jackson/module/jackson-module-jaxb-annotations/2.9.5/jackson-module-jaxb-annotations-2.9.5.jar:/home/user/.m2/repository/javax/enterprise/cdi-api/1.2/cdi-api-1.2.jar:/home/user/.m2/repository/javax/el/javax.el-api/3.0.0/javax.el-api-3.0.0.jar:/home/user/.m2/repository/javax/interceptor/javax.interceptor-api/1.2/javax.interceptor-api-1.2.jar:/home/user/.m2/repository/javax/inject/javax.inject/1/javax.inject-1.jar:/home/user/.m2/repository/com/sun/xml/bind/jaxb-impl/2.3.0.1/jaxb-impl-2.3.0.1.jar:/home/user/.m2/repository/com/sun/xml/bind/jaxb-core/2.3.0.1/jaxb-core-2.3.0.1.jar:/home/user/.m2/repository/javax/xml/bind/jaxb-api/2.3.0/jaxb-api-2.3.0.jar:/home/user/.m2/repository/javax/activation/activation/1.1.1/activation-1.1.1.jar:/home/user/.m2/repository/org/apache/hadoop/hadoop-ozone-csi/0.4.1-SNAPSHOT/hadoop-ozone-csi-0.4.1-SNAPSHOT.jar:/home/user/.m2/repository/com/google/protobuf/protobuf-java-util/3.5.1/protobuf-java-util-3.5.1.jar:/home/user/.m2/repository/org/apache/hadoop/hadoop-hdds-config/0.4.1-SNAPSHOT/hadoop-hdds-config-0.4.1-SNAPSHOT.jar:/home/user/.m2/repository/io/grpc/grpc-netty/1.17.1/grpc-netty-1.17.1.jar:/home/user/.m2/repository/io/grpc/grpc-core/1.17.1/grpc-core-1.17.1.jar:/home/user/.m2/repository/io/grpc/grpc-context/1.17.1/grpc-context-1.17.1.jar:/home/user/.m2/repository/com/google/errorprone/error_prone_annotations/2.2.0/error_prone_annotations-2.2.0.jar:/home/user/.m2/repository/org/codehaus/mojo/animal-sniffer-annotations/1.17/animal-sniffer-annotations-1.17.jar:/home/user/.m2/repository/io/opencensus/opencensus-api/0.17.0/opencensus-api-0.17.0.jar:/home/user/.m2/repository/io/opencensus/opencensus-contrib-grpc-metrics/0.17.0/opencensus-contrib-grpc-metrics-0.17.0.jar:/home/user/.m2/repository/io/netty/netty-codec-http2/4.1.30.Final/netty-codec-http2-4.1.30.Final.jar:/home/user/.m2/repository/io/netty/netty-codec-http/4.1.30.Final/netty-codec-http-4.1.30.Final.jar:/home/user/.m2/repository/io/netty/netty-codec/4.1.30.Final/netty-codec-4.1.30.Final.jar:/home/user/.m2/repository/io/netty/netty-handler/4.1.30.Final/netty-handler-4.1.30.Final.jar:/home/user/.m2/repository/io/netty/netty-handler-proxy/4.1.30.Final/netty-handler-proxy-4.1.30.Final.jar:/home/user/.m2/repository/io/netty/netty-codec-socks/4.1.30.Final/netty-codec-socks-4.1.30.Final.jar:/home/user/.m2/repository/io/netty/netty-transport-native-epoll/4.1.30.Final/netty-transport-native-epoll-4.1.30.Final.jar:/home/user/.m2/repository/io/netty/netty-common/4.1.30.Final/netty-common-4.1.30.Final.jar:/home/user/.m2/repository/io/netty/netty-buffer/4.1.30.Final/netty-buffer-4.1.30.Final.jar:/home/user/.m2/repository/io/netty/netty-transport/4.1.30.Final/netty-transport-4.1.30.Final.jar:/home/user/.m2/repository/io/netty/netty-resolver/4.1.30.Final/netty-resolver-4.1.30.Final.jar:/home/user/.m2/repository/io/netty/netty-transport-native-unix-common/4.1.30.Final/netty-transport-native-unix-common-4.1.30.Final.jar:/home/user/.m2/repository/io/grpc/grpc-protobuf/1.17.1/grpc-protobuf-1.17.1.jar:/home/user/.m2/repository/com/google/api/grpc/proto-google-common-protos/1.0.0/proto-google-common-protos-1.0.0.jar:/home/user/.m2/repository/io/grpc/grpc-protobuf-lite/1.17.1/grpc-protobuf-lite-1.17.1.jar:/home/user/.m2/repository/io/grpc/grpc-stub/1.17.1/grpc-stub-1.17.1.jar:/home/user/.m2/repository/org/apache/hadoop/hadoop-ozone-recon/0.4.1-SNAPSHOT/hadoop-ozone-recon-0.4.1-SNAPSHOT.jar:/home/user/.m2/repository/org/apache/hadoop/hadoop-ozone-reconcodegen/0.4.1-SNAPSHOT/hadoop-ozone-reconcodegen-0.4.1-SNAPSHOT.jar:/home/user/.m2/repository/com/google/inject/extensions/guice-multibindings/4.0/guice-multibindings-4.0.jar:/home/user/.m2/repository/com/google/inject/guice/4.0/guice-4.0.jar:/home/user/.m2/repository/aopalliance/aopalliance/1.0/aopalliance-1.0.jar:/home/user/.m2/repository/com/google/inject/extensions/guice-servlet/4.0/guice-servlet-4.0.jar:/home/user/.m2/repository/org/glassfish/jersey/containers/jersey-container-servlet/2.27/jersey-container-servlet-2.27.jar:/home/user/.m2/repository/org/glassfish/hk2/guice-bridge/2.5.0/guice-bridge-2.5.0.jar:/home/user/.m2/repository/org/glassfish/jersey/core/jersey-server/2.27/jersey-server-2.27.jar:/home/user/.m2/repository/org/glassfish/jersey/core/jersey-client/2.27/jersey-client-2.27.jar:/home/user/.m2/repository/org/glassfish/jersey/media/jersey-media-jaxb/2.27/jersey-media-jaxb-2.27.jar:/home/user/.m2/repository/javax/validation/validation-api/1.1.0.Final/validation-api-1.1.0.Final.jar:/home/user/.m2/repository/org/glassfish/jersey/media/jersey-media-json-jackson/2.27/jersey-media-json-jackson-2.27.jar:/home/user/.m2/repository/org/glassfish/jersey/ext/jersey-entity-filtering/2.27/jersey-entity-filtering-2.27.jar:/home/user/.m2/repository/com/google/inject/extensions/guice-assistedinject/4.0/guice-assistedinject-4.0.jar:/home/user/.m2/repository/org/jooq/jooq/3.11.10/jooq-3.11.10.jar:/home/user/.m2/repository/org/jooq/jooq-meta/3.11.10/jooq-meta-3.11.10.jar:/home/user/.m2/repository/org/jooq/jooq-codegen/3.11.10/jooq-codegen-3.11.10.jar:/home/user/.m2/repository/com/jolbox/bonecp/0.8.0.RELEASE/bonecp-0.8.0.RELEASE.jar:/home/user/.m2/repository/org/xerial/sqlite-jdbc/3.25.2/sqlite-jdbc-3.25.2.jar:/home/user/.m2/repository/org/springframework/spring-jdbc/5.1.3.RELEASE/spring-jdbc-5.1.3.RELEASE.jar:/home/user/.m2/repository/org/springframework/spring-beans/5.1.3.RELEASE/spring-beans-5.1.3.RELEASE.jar:/home/user/.m2/repository/org/springframework/spring-core/5.1.3.RELEASE/spring-core-5.1.3.RELEASE.jar:/home/user/.m2/repository/org/springframework/spring-jcl/5.1.3.RELEASE/spring-jcl-5.1.3.RELEASE.jar:/home/user/.m2/repository/org/springframework/spring-tx/5.1.3.RELEASE/spring-tx-5.1.3.RELEASE.jar:/home/user/.m2/repository/org/apache/hadoop/hadoop-ozone-client/0.4.1-SNAPSHOT/hadoop-ozone-client-0.4.1-SNAPSHOT.jar:/home/user/.m2/repository/commons-lang/commons-lang/2.6/commons-lang-2.6.jar:/home/user/.m2/repository/org/apache/hadoop/hadoop-ozone-ozone-manager/0.4.1-SNAPSHOT/hadoop-ozone-ozone-manager-0.4.1-SNAPSHOT-tests.jar:/home/user/.m2/repository/junit/junit/4.11/junit-4.11.jar:/home/user/.m2/repository/org/hamcrest/hamcrest-core/1.3/hamcrest-core-1.3.jar:/home/user/.m2/repository/org/openjdk/jmh/jmh-core/1.19/jmh-core-1.19.jar:/home/user/.m2/repository/net/sf/jopt-simple/jopt-simple/4.6/jopt-simple-4.6.jar:/home/user/.m2/repository/org/apache/commons/commons-math3/3.1.1/commons-math3-3.1.1.jar:/home/user/.m2/repository/org/openjdk/jmh/jmh-generator-annprocess/1.19/jmh-generator-annprocess-1.19.jar:/home/user/.m2/repository/org/mockito/mockito-all/1.8.5/mockito-all-1.8.5.jar:/home/user/.m2/repository/org/apache/hadoop/hadoop-kms/3.2.0/hadoop-kms-3.2.0.jar:/home/user/.m2/repository/org/apache/hadoop/hadoop-auth/3.2.0/hadoop-auth-3.2.0.jar:/home/user/.m2/repository/com/nimbusds/nimbus-jose-jwt/4.41.1/nimbus-jose-jwt-4.41.1.jar:/home/user/.m2/repository/com/github/stephenc/jcip/jcip-annotations/1.0-1/jcip-annotations-1.0-1.jar:/home/user/.m2/repository/net/minidev/json-smart/2.3/json-smart-2.3.jar:/home/user/.m2/repository/net/minidev/accessors-smart/1.2/accessors-smart-1.2.jar:/home/user/.m2/repository/org/ow2/asm/asm/5.0.4/asm-5.0.4.jar:/home/user/.m2/repository/org/apache/curator/curator-framework/2.12.0/curator-framework-2.12.0.jar:/home/user/.m2/repository/com/sun/jersey/jersey-core/1.19/jersey-core-1.19.jar:/home/user/.m2/repository/javax/ws/rs/jsr311-api/1.1.1/jsr311-api-1.1.1.jar:/home/user/.m2/repository/com/sun/jersey/jersey-server/1.19/jersey-server-1.19.jar:/home/user/.m2/repository/javax/servlet/javax.servlet-api/3.1.0/javax.servlet-api-3.1.0.jar:/home/user/.m2/repository/org/eclipse/jetty/jetty-server/9.3.24.v20180605/jetty-server-9.3.24.v20180605.jar:/home/user/.m2/repository/org/eclipse/jetty/jetty-http/9.3.24.v20180605/jetty-http-9.3.24.v20180605.jar:/home/user/.m2/repository/org/eclipse/jetty/jetty-io/9.3.24.v20180605/jetty-io-9.3.24.v20180605.jar:/home/user/.m2/repository/org/eclipse/jetty/jetty-webapp/9.3.24.v20180605/jetty-webapp-9.3.24.v20180605.jar:/home/user/.m2/repository/org/eclipse/jetty/jetty-xml/9.3.24.v20180605/jetty-xml-9.3.24.v20180605.jar:/home/user/.m2/repository/log4j/log4j/1.2.17/log4j-1.2.17.jar:/home/user/.m2/repository/org/slf4j/slf4j-api/1.7.25/slf4j-api-1.7.25.jar:/home/user/.m2/repository/org/slf4j/jul-to-slf4j/1.7.25/jul-to-slf4j-1.7.25.jar:/home/user/.m2/repository/org/eclipse/jetty/jetty-util/9.3.24.v20180605/jetty-util-9.3.24.v20180605.jar:/home/user/.m2/repository/com/fasterxml/jackson/core/jackson-databind/2.9.5/jackson-databind-2.9.5.jar:/home/user/.m2/repository/org/apache/hadoop/hadoop-kms/3.2.0/hadoop-kms-3.2.0-tests.jar:/home/user/.m2/repository/org/apache/hadoop/hadoop-hdds-server-scm/0.4.1-SNAPSHOT/hadoop-hdds-server-scm-0.4.1-SNAPSHOT-tests.jar:/home/user/.m2/repository/org/apache/hadoop/hadoop-hdds-container-service/0.4.1-SNAPSHOT/hadoop-hdds-container-service-0.4.1-SNAPSHOT-tests.jar:/home/user/.m2/repository/org/yaml/snakeyaml/1.16/snakeyaml-1.16.jar:/home/user/.m2/repository/org/apache/hadoop/hadoop-common/3.2.0/hadoop-common-3.2.0-tests.jar:/home/user/.m2/repository/org/apache/hadoop/hadoop-annotations/3.2.0/hadoop-annotations-3.2.0.jar:/usr/lib/jvm/java-1.8-openjdk/jre/../lib/tools.jar:/home/user/.m2/repository/commons-cli/commons-cli/1.2/commons-cli-1.2.jar:/home/user/.m2/repository/org/apache/httpcomponents/httpclient/4.5.2/httpclient-4.5.2.jar:/home/user/.m2/repository/org/apache/httpcomponents/httpcore/4.4.4/httpcore-4.4.4.jar:/home/user/.m2/repository/commons-codec/commons-codec/1.11/commons-codec-1.11.jar:/home/user/.m2/repository/commons-net/commons-net/3.6/commons-net-3.6.jar:/home/user/.m2/repository/commons-collections/commons-collections/3.2.2/commons-collections-3.2.2.jar:/home/user/.m2/repository/org/eclipse/jetty/jetty-servlet/9.3.24.v20180605/jetty-servlet-9.3.24.v20180605.jar:/home/user/.m2/repository/org/eclipse/jetty/jetty-security/9.3.24.v20180605/jetty-security-9.3.24.v20180605.jar:/home/user/.m2/repository/javax/servlet/jsp/jsp-api/2.1/jsp-api-2.1.jar:/home/user/.m2/repository/com/sun/jersey/jersey-servlet/1.19/jersey-servlet-1.19.jar:/home/user/.m2/repository/com/sun/jersey/jersey-json/1.19/jersey-json-1.19.jar:/home/user/.m2/repository/org/codehaus/jettison/jettison/1.1/jettison-1.1.jar:/home/user/.m2/repository/org/codehaus/jackson/jackson-core-asl/1.9.13/jackson-core-asl-1.9.13.jar:/home/user/.m2/repository/org/codehaus/jackson/jackson-mapper-asl/1.9.13/jackson-mapper-asl-1.9.13.jar:/home/user/.m2/repository/org/codehaus/jackson/jackson-jaxrs/1.9.13/jackson-jaxrs-1.9.13.jar:/home/user/.m2/repository/org/codehaus/jackson/jackson-xc/1.9.13/jackson-xc-1.9.13.jar:/home/user/.m2/repository/commons-logging/commons-logging/1.1.3/commons-logging-1.1.3.jar:/home/user/.m2/repository/commons-beanutils/commons-beanutils/1.9.3/commons-beanutils-1.9.3.jar:/home/user/.m2/repository/org/apache/commons/commons-configuration2/2.1.1/commons-configuration2-2.1.1.jar:/home/user/.m2/repository/org/apache/commons/commons-lang3/3.7/commons-lang3-3.7.jar:/home/user/.m2/repository/org/apache/commons/commons-text/1.4/commons-text-1.4.jar:/home/user/.m2/repository/org/apache/avro/avro/1.7.7/avro-1.7.7.jar:/home/user/.m2/repository/com/thoughtworks/paranamer/paranamer/2.3/paranamer-2.3.jar:/home/user/.m2/repository/org/xerial/snappy/snappy-java/1.0.5/snappy-java-1.0.5.jar:/home/user/.m2/repository/com/google/re2j/re2j/1.1/re2j-1.1.jar:/home/user/.m2/repository/com/google/code/gson/gson/2.2.4/gson-2.2.4.jar:/home/user/.m2/repository/com/jcraft/jsch/0.1.54/jsch-0.1.54.jar:/home/user/.m2/repository/org/apache/curator/curator-client/2.12.0/curator-client-2.12.0.jar:/home/user/.m2/repository/org/apache/curator/curator-recipes/2.12.0/curator-recipes-2.12.0.jar:/home/user/.m2/repository/com/google/code/findbugs/jsr305/3.0.0/jsr305-3.0.0.jar:/home/user/.m2/repository/org/apache/htrace/htrace-core4/4.1.0-incubating/htrace-core4-4.1.0-incubating.jar:/home/user/.m2/repository/org/apache/zookeeper/zookeeper/3.4.13/zookeeper-3.4.13.jar:/home/user/.m2/repository/org/apache/yetus/audience-annotations/0.5.0/audience-annotations-0.5.0.jar:/home/user/.m2/repository/org/codehaus/woodstox/stax2-api/3.1.4/stax2-api-3.1.4.jar:/home/user/.m2/repository/com/fasterxml/woodstox/woodstox-core/5.0.3/woodstox-core-5.0.3.jar:/home/user/.m2/repository/dnsjava/dnsjava/2.1.7/dnsjava-2.1.7.jar:/home/user/.m2/repository/org/apache/hadoop/hadoop-hdfs/3.2.0/hadoop-hdfs-3.2.0-tests.jar:/home/user/.m2/repository/org/eclipse/jetty/jetty-util-ajax/9.3.24.v20180605/jetty-util-ajax-9.3.24.v20180605.jar:/home/user/.m2/repository/commons-daemon/commons-daemon/1.0.13/commons-daemon-1.0.13.jar:/home/user/.m2/repository/io/netty/netty/3.10.5.Final/netty-3.10.5.Final.jar:/home/user/.m2/repository/io/netty/netty-all/4.0.52.Final/netty-all-4.0.52.Final.jar:/home/user/.m2/repository/org/fusesource/leveldbjni/leveldbjni-all/1.8/leveldbjni-all-1.8.jar:"/>
    <property name="java.vm.vendor" value="IcedTea"/>
    <property name="sun.arch.data.model" value="64"/>
    <property name="test.build.dir" value="/workdir/hadoop-ozone/integration-test/target/test-dir"/>
    <property name="test.cache.data" value=""/>
    <property name="java.vendor.url" value="https://icedtea.classpath.org"/>
    <property name="user.timezone" value=""/>
    <property name="java.vm.specification.version" value="1.8"/>
    <property name="os.name" value="Linux"/>
    <property name="test.build.data" value="/workdir/hadoop-ozone/integration-test/target/test-dir"/>
    <property name="user.country" value="US"/>
    <property name="sun.java.launcher" value="SUN_STANDARD"/>
    <property name="sun.boot.library.path" value="/usr/lib/jvm/java-1.8-openjdk/jre/lib/amd64"/>
    <property name="sun.java.command" value="/workdir/hadoop-ozone/integration-test/target/surefire/surefirebooter5331433680481293613.jar /workdir/hadoop-ozone/integration-test/target/surefire 2019-08-07T03-12-40_230-jvmRun1 surefire4811309371628783788tmp surefire_782533812692809257750tmp"/>
    <property name="surefire.test.class.path" value="/workdir/hadoop-ozone/integration-test/target/test-classes:/workdir/hadoop-ozone/integration-test/target/classes:/home/user/.m2/repository/org/apache/hadoop/hadoop-ozone-common/0.4.1-SNAPSHOT/hadoop-ozone-common-0.4.1-SNAPSHOT.jar:/home/user/.m2/repository/org/apache/commons/commons-compress/1.4.1/commons-compress-1.4.1.jar:/home/user/.m2/repository/org/tukaani/xz/1.0/xz-1.0.jar:/home/user/.m2/repository/org/apache/hadoop/hadoop-common/3.2.0/hadoop-common-3.2.0.jar:/home/user/.m2/repository/org/apache/hadoop/hadoop-hdfs/3.2.0/hadoop-hdfs-3.2.0.jar:/home/user/.m2/repository/org/apache/hadoop/hadoop-hdfs-client/3.2.0/hadoop-hdfs-client-3.2.0.jar:/home/user/.m2/repository/com/fasterxml/jackson/core/jackson-annotations/2.9.5/jackson-annotations-2.9.5.jar:/home/user/.m2/repository/org/apache/hadoop/hadoop-hdds-common/0.4.1-SNAPSHOT/hadoop-hdds-common-0.4.1-SNAPSHOT.jar:/home/user/.m2/repository/javax/annotation/javax.annotation-api/1.2/javax.annotation-api-1.2.jar:/home/user/.m2/repository/org/apache/ratis/ratis-server/0.4.0-2337318-SNAPSHOT/ratis-server-0.4.0-2337318-SNAPSHOT.jar:/home/user/.m2/repository/org/apache/ratis/ratis-thirdparty-misc/0.2.0/ratis-thirdparty-misc-0.2.0.jar:/home/user/.m2/repository/org/apache/ratis/ratis-proto/0.4.0-2337318-SNAPSHOT/ratis-proto-0.4.0-2337318-SNAPSHOT.jar:/home/user/.m2/repository/org/apache/ratis/ratis-common/0.4.0-2337318-SNAPSHOT/ratis-common-0.4.0-2337318-SNAPSHOT.jar:/home/user/.m2/repository/org/apache/ratis/ratis-client/0.4.0-2337318-SNAPSHOT/ratis-client-0.4.0-2337318-SNAPSHOT.jar:/home/user/.m2/repository/org/apache/ratis/ratis-metrics/0.4.0-2337318-SNAPSHOT/ratis-metrics-0.4.0-2337318-SNAPSHOT.jar:/home/user/.m2/repository/org/apache/ratis/ratis-netty/0.4.0-2337318-SNAPSHOT/ratis-netty-0.4.0-2337318-SNAPSHOT.jar:/home/user/.m2/repository/org/apache/ratis/ratis-grpc/0.4.0-2337318-SNAPSHOT/ratis-grpc-0.4.0-2337318-SNAPSHOT.jar:/home/user/.m2/repository/org/rocksdb/rocksdbjni/6.0.1/rocksdbjni-6.0.1.jar:/home/user/.m2/repository/org/apache/logging/log4j/log4j-api/2.11.0/log4j-api-2.11.0.jar:/home/user/.m2/repository/org/apache/logging/log4j/log4j-core/2.11.0/log4j-core-2.11.0.jar:/home/user/.m2/repository/com/lmax/disruptor/3.4.2/disruptor-3.4.2.jar:/home/user/.m2/repository/org/apache/commons/commons-pool2/2.6.0/commons-pool2-2.6.0.jar:/home/user/.m2/repository/org/bouncycastle/bcpkix-jdk15on/1.60/bcpkix-jdk15on-1.60.jar:/home/user/.m2/repository/commons-validator/commons-validator/1.6/commons-validator-1.6.jar:/home/user/.m2/repository/commons-digester/commons-digester/1.8.1/commons-digester-1.8.1.jar:/home/user/.m2/repository/io/jaegertracing/jaeger-client/0.33.1/jaeger-client-0.33.1.jar:/home/user/.m2/repository/io/jaegertracing/jaeger-thrift/0.33.1/jaeger-thrift-0.33.1.jar:/home/user/.m2/repository/org/apache/thrift/libthrift/0.11.0/libthrift-0.11.0.jar:/home/user/.m2/repository/com/squareup/okhttp3/okhttp/3.9.0/okhttp-3.9.0.jar:/home/user/.m2/repository/com/squareup/okio/okio/1.13.0/okio-1.13.0.jar:/home/user/.m2/repository/io/jaegertracing/jaeger-core/0.33.1/jaeger-core-0.33.1.jar:/home/user/.m2/repository/io/jaegertracing/jaeger-tracerresolver/0.33.1/jaeger-tracerresolver-0.33.1.jar:/home/user/.m2/repository/io/opentracing/contrib/opentracing-tracerresolver/0.1.5/opentracing-tracerresolver-0.1.5.jar:/home/user/.m2/repository/io/opentracing/opentracing-util/0.31.0/opentracing-util-0.31.0.jar:/home/user/.m2/repository/io/opentracing/opentracing-api/0.31.0/opentracing-api-0.31.0.jar:/home/user/.m2/repository/io/opentracing/opentracing-noop/0.31.0/opentracing-noop-0.31.0.jar:/home/user/.m2/repository/org/apache/hadoop/hadoop-hdds-server-framework/0.4.1-SNAPSHOT/hadoop-hdds-server-framework-0.4.1-SNAPSHOT.jar:/home/user/.m2/repository/org/apache/hadoop/hadoop-hdds-container-service/0.4.1-SNAPSHOT/hadoop-hdds-container-service-0.4.1-SNAPSHOT.jar:/home/user/.m2/repository/org/apache/hadoop/hadoop-hdds-client/0.4.1-SNAPSHOT/hadoop-hdds-client-0.4.1-SNAPSHOT.jar:/home/user/.m2/repository/org/apache/hadoop/hadoop-hdds-tools/0.4.1-SNAPSHOT/hadoop-hdds-tools-0.4.1-SNAPSHOT.jar:/home/user/.m2/repository/org/apache/hadoop/hadoop-hdds-server-scm/0.4.1-SNAPSHOT/hadoop-hdds-server-scm-0.4.1-SNAPSHOT.jar:/home/user/.m2/repository/org/apache/hadoop/hadoop-hdds-docs/0.4.1-SNAPSHOT/hadoop-hdds-docs-0.4.1-SNAPSHOT.jar:/home/user/.m2/repository/io/dropwizard/metrics/metrics-core/3.2.4/metrics-core-3.2.4.jar:/home/user/.m2/repository/org/hamcrest/hamcrest-all/1.3/hamcrest-all-1.3.jar:/home/user/.m2/repository/org/bouncycastle/bcprov-jdk15on/1.60/bcprov-jdk15on-1.60.jar:/home/user/.m2/repository/info/picocli/picocli/3.9.6/picocli-3.9.6.jar:/home/user/.m2/repository/com/google/protobuf/protobuf-java/2.5.0/protobuf-java-2.5.0.jar:/home/user/.m2/repository/com/google/guava/guava/11.0.2/guava-11.0.2.jar:/home/user/.m2/repository/org/apache/hadoop/hadoop-ozone-ozone-manager/0.4.1-SNAPSHOT/hadoop-ozone-ozone-manager-0.4.1-SNAPSHOT.jar:/home/user/.m2/repository/org/apache/hadoop/hadoop-minikdc/3.2.0/hadoop-minikdc-3.2.0.jar:/home/user/.m2/repository/commons-io/commons-io/2.5/commons-io-2.5.jar:/home/user/.m2/repository/org/apache/kerby/kerb-simplekdc/1.0.1/kerb-simplekdc-1.0.1.jar:/home/user/.m2/repository/org/apache/kerby/kerb-client/1.0.1/kerb-client-1.0.1.jar:/home/user/.m2/repository/org/apache/kerby/kerby-config/1.0.1/kerby-config-1.0.1.jar:/home/user/.m2/repository/org/apache/kerby/kerb-core/1.0.1/kerb-core-1.0.1.jar:/home/user/.m2/repository/org/apache/kerby/kerby-pkix/1.0.1/kerby-pkix-1.0.1.jar:/home/user/.m2/repository/org/apache/kerby/kerby-asn1/1.0.1/kerby-asn1-1.0.1.jar:/home/user/.m2/repository/org/apache/kerby/kerby-util/1.0.1/kerby-util-1.0.1.jar:/home/user/.m2/repository/org/apache/kerby/kerb-common/1.0.1/kerb-common-1.0.1.jar:/home/user/.m2/repository/org/apache/kerby/kerb-crypto/1.0.1/kerb-crypto-1.0.1.jar:/home/user/.m2/repository/org/apache/kerby/kerb-util/1.0.1/kerb-util-1.0.1.jar:/home/user/.m2/repository/org/apache/kerby/token-provider/1.0.1/token-provider-1.0.1.jar:/home/user/.m2/repository/org/apache/kerby/kerb-admin/1.0.1/kerb-admin-1.0.1.jar:/home/user/.m2/repository/org/apache/kerby/kerb-server/1.0.1/kerb-server-1.0.1.jar:/home/user/.m2/repository/org/apache/kerby/kerb-identity/1.0.1/kerb-identity-1.0.1.jar:/home/user/.m2/repository/org/apache/kerby/kerby-xdr/1.0.1/kerby-xdr-1.0.1.jar:/home/user/.m2/repository/org/slf4j/slf4j-log4j12/1.7.25/slf4j-log4j12-1.7.25.jar:/home/user/.m2/repository/org/apache/hadoop/hadoop-ozone-objectstore-service/0.4.1-SNAPSHOT/hadoop-ozone-objectstore-service-0.4.1-SNAPSHOT.jar:/home/user/.m2/repository/org/apache/hadoop/hadoop-ozone-s3gateway/0.4.1-SNAPSHOT/hadoop-ozone-s3gateway-0.4.1-SNAPSHOT.jar:/home/user/.m2/repository/org/jboss/weld/servlet/weld-servlet/2.4.7.Final/weld-servlet-2.4.7.Final.jar:/home/user/.m2/repository/org/glassfish/jersey/containers/jersey-container-servlet-core/2.27/jersey-container-servlet-core-2.27.jar:/home/user/.m2/repository/org/glassfish/hk2/external/javax.inject/2.5.0-b42/javax.inject-2.5.0-b42.jar:/home/user/.m2/repository/org/glassfish/jersey/core/jersey-common/2.27/jersey-common-2.27.jar:/home/user/.m2/repository/org/glassfish/hk2/osgi-resource-locator/1.0.1/osgi-resource-locator-1.0.1.jar:/home/user/.m2/repository/javax/ws/rs/javax.ws.rs-api/2.1/javax.ws.rs-api-2.1.jar:/home/user/.m2/repository/org/glassfish/jersey/ext/cdi/jersey-cdi1x/2.27/jersey-cdi1x-2.27.jar:/home/user/.m2/repository/org/glassfish/jersey/inject/jersey-hk2/2.27/jersey-hk2-2.27.jar:/home/user/.m2/repository/org/glassfish/hk2/hk2-locator/2.5.0-b42/hk2-locator-2.5.0-b42.jar:/home/user/.m2/repository/org/javassist/javassist/3.22.0-CR2/javassist-3.22.0-CR2.jar:/home/user/.m2/repository/org/glassfish/hk2/hk2-api/2.5.0/hk2-api-2.5.0.jar:/home/user/.m2/repository/org/glassfish/hk2/external/jakarta.inject/2.5.0/jakarta.inject-2.5.0.jar:/home/user/.m2/repository/org/glassfish/hk2/hk2-utils/2.5.0/hk2-utils-2.5.0.jar:/home/user/.m2/repository/jakarta/annotation/jakarta.annotation-api/1.3.4/jakarta.annotation-api-1.3.4.jar:/home/user/.m2/repository/org/glassfish/hk2/external/aopalliance-repackaged/2.5.0/aopalliance-repackaged-2.5.0.jar:/home/user/.m2/repository/com/fasterxml/jackson/dataformat/jackson-dataformat-xml/2.9.0/jackson-dataformat-xml-2.9.0.jar:/home/user/.m2/repository/com/fasterxml/jackson/core/jackson-core/2.9.5/jackson-core-2.9.5.jar:/home/user/.m2/repository/com/fasterxml/jackson/module/jackson-module-jaxb-annotations/2.9.5/jackson-module-jaxb-annotations-2.9.5.jar:/home/user/.m2/repository/javax/enterprise/cdi-api/1.2/cdi-api-1.2.jar:/home/user/.m2/repository/javax/el/javax.el-api/3.0.0/javax.el-api-3.0.0.jar:/home/user/.m2/repository/javax/interceptor/javax.interceptor-api/1.2/javax.interceptor-api-1.2.jar:/home/user/.m2/repository/javax/inject/javax.inject/1/javax.inject-1.jar:/home/user/.m2/repository/com/sun/xml/bind/jaxb-impl/2.3.0.1/jaxb-impl-2.3.0.1.jar:/home/user/.m2/repository/com/sun/xml/bind/jaxb-core/2.3.0.1/jaxb-core-2.3.0.1.jar:/home/user/.m2/repository/javax/xml/bind/jaxb-api/2.3.0/jaxb-api-2.3.0.jar:/home/user/.m2/repository/javax/activation/activation/1.1.1/activation-1.1.1.jar:/home/user/.m2/repository/org/apache/hadoop/hadoop-ozone-csi/0.4.1-SNAPSHOT/hadoop-ozone-csi-0.4.1-SNAPSHOT.jar:/home/user/.m2/repository/com/google/protobuf/protobuf-java-util/3.5.1/protobuf-java-util-3.5.1.jar:/home/user/.m2/repository/org/apache/hadoop/hadoop-hdds-config/0.4.1-SNAPSHOT/hadoop-hdds-config-0.4.1-SNAPSHOT.jar:/home/user/.m2/repository/io/grpc/grpc-netty/1.17.1/grpc-netty-1.17.1.jar:/home/user/.m2/repository/io/grpc/grpc-core/1.17.1/grpc-core-1.17.1.jar:/home/user/.m2/repository/io/grpc/grpc-context/1.17.1/grpc-context-1.17.1.jar:/home/user/.m2/repository/com/google/errorprone/error_prone_annotations/2.2.0/error_prone_annotations-2.2.0.jar:/home/user/.m2/repository/org/codehaus/mojo/animal-sniffer-annotations/1.17/animal-sniffer-annotations-1.17.jar:/home/user/.m2/repository/io/opencensus/opencensus-api/0.17.0/opencensus-api-0.17.0.jar:/home/user/.m2/repository/io/opencensus/opencensus-contrib-grpc-metrics/0.17.0/opencensus-contrib-grpc-metrics-0.17.0.jar:/home/user/.m2/repository/io/netty/netty-codec-http2/4.1.30.Final/netty-codec-http2-4.1.30.Final.jar:/home/user/.m2/repository/io/netty/netty-codec-http/4.1.30.Final/netty-codec-http-4.1.30.Final.jar:/home/user/.m2/repository/io/netty/netty-codec/4.1.30.Final/netty-codec-4.1.30.Final.jar:/home/user/.m2/repository/io/netty/netty-handler/4.1.30.Final/netty-handler-4.1.30.Final.jar:/home/user/.m2/repository/io/netty/netty-handler-proxy/4.1.30.Final/netty-handler-proxy-4.1.30.Final.jar:/home/user/.m2/repository/io/netty/netty-codec-socks/4.1.30.Final/netty-codec-socks-4.1.30.Final.jar:/home/user/.m2/repository/io/netty/netty-transport-native-epoll/4.1.30.Final/netty-transport-native-epoll-4.1.30.Final.jar:/home/user/.m2/repository/io/netty/netty-common/4.1.30.Final/netty-common-4.1.30.Final.jar:/home/user/.m2/repository/io/netty/netty-buffer/4.1.30.Final/netty-buffer-4.1.30.Final.jar:/home/user/.m2/repository/io/netty/netty-transport/4.1.30.Final/netty-transport-4.1.30.Final.jar:/home/user/.m2/repository/io/netty/netty-resolver/4.1.30.Final/netty-resolver-4.1.30.Final.jar:/home/user/.m2/repository/io/netty/netty-transport-native-unix-common/4.1.30.Final/netty-transport-native-unix-common-4.1.30.Final.jar:/home/user/.m2/repository/io/grpc/grpc-protobuf/1.17.1/grpc-protobuf-1.17.1.jar:/home/user/.m2/repository/com/google/api/grpc/proto-google-common-protos/1.0.0/proto-google-common-protos-1.0.0.jar:/home/user/.m2/repository/io/grpc/grpc-protobuf-lite/1.17.1/grpc-protobuf-lite-1.17.1.jar:/home/user/.m2/repository/io/grpc/grpc-stub/1.17.1/grpc-stub-1.17.1.jar:/home/user/.m2/repository/org/apache/hadoop/hadoop-ozone-recon/0.4.1-SNAPSHOT/hadoop-ozone-recon-0.4.1-SNAPSHOT.jar:/home/user/.m2/repository/org/apache/hadoop/hadoop-ozone-reconcodegen/0.4.1-SNAPSHOT/hadoop-ozone-reconcodegen-0.4.1-SNAPSHOT.jar:/home/user/.m2/repository/com/google/inject/extensions/guice-multibindings/4.0/guice-multibindings-4.0.jar:/home/user/.m2/repository/com/google/inject/guice/4.0/guice-4.0.jar:/home/user/.m2/repository/aopalliance/aopalliance/1.0/aopalliance-1.0.jar:/home/user/.m2/repository/com/google/inject/extensions/guice-servlet/4.0/guice-servlet-4.0.jar:/home/user/.m2/repository/org/glassfish/jersey/containers/jersey-container-servlet/2.27/jersey-container-servlet-2.27.jar:/home/user/.m2/repository/org/glassfish/hk2/guice-bridge/2.5.0/guice-bridge-2.5.0.jar:/home/user/.m2/repository/org/glassfish/jersey/core/jersey-server/2.27/jersey-server-2.27.jar:/home/user/.m2/repository/org/glassfish/jersey/core/jersey-client/2.27/jersey-client-2.27.jar:/home/user/.m2/repository/org/glassfish/jersey/media/jersey-media-jaxb/2.27/jersey-media-jaxb-2.27.jar:/home/user/.m2/repository/javax/validation/validation-api/1.1.0.Final/validation-api-1.1.0.Final.jar:/home/user/.m2/repository/org/glassfish/jersey/media/jersey-media-json-jackson/2.27/jersey-media-json-jackson-2.27.jar:/home/user/.m2/repository/org/glassfish/jersey/ext/jersey-entity-filtering/2.27/jersey-entity-filtering-2.27.jar:/home/user/.m2/repository/com/google/inject/extensions/guice-assistedinject/4.0/guice-assistedinject-4.0.jar:/home/user/.m2/repository/org/jooq/jooq/3.11.10/jooq-3.11.10.jar:/home/user/.m2/repository/org/jooq/jooq-meta/3.11.10/jooq-meta-3.11.10.jar:/home/user/.m2/repository/org/jooq/jooq-codegen/3.11.10/jooq-codegen-3.11.10.jar:/home/user/.m2/repository/com/jolbox/bonecp/0.8.0.RELEASE/bonecp-0.8.0.RELEASE.jar:/home/user/.m2/repository/org/xerial/sqlite-jdbc/3.25.2/sqlite-jdbc-3.25.2.jar:/home/user/.m2/repository/org/springframework/spring-jdbc/5.1.3.RELEASE/spring-jdbc-5.1.3.RELEASE.jar:/home/user/.m2/repository/org/springframework/spring-beans/5.1.3.RELEASE/spring-beans-5.1.3.RELEASE.jar:/home/user/.m2/repository/org/springframework/spring-core/5.1.3.RELEASE/spring-core-5.1.3.RELEASE.jar:/home/user/.m2/repository/org/springframework/spring-jcl/5.1.3.RELEASE/spring-jcl-5.1.3.RELEASE.jar:/home/user/.m2/repository/org/springframework/spring-tx/5.1.3.RELEASE/spring-tx-5.1.3.RELEASE.jar:/home/user/.m2/repository/org/apache/hadoop/hadoop-ozone-client/0.4.1-SNAPSHOT/hadoop-ozone-client-0.4.1-SNAPSHOT.jar:/home/user/.m2/repository/commons-lang/commons-lang/2.6/commons-lang-2.6.jar:/home/user/.m2/repository/org/apache/hadoop/hadoop-ozone-ozone-manager/0.4.1-SNAPSHOT/hadoop-ozone-ozone-manager-0.4.1-SNAPSHOT-tests.jar:/home/user/.m2/repository/junit/junit/4.11/junit-4.11.jar:/home/user/.m2/repository/org/hamcrest/hamcrest-core/1.3/hamcrest-core-1.3.jar:/home/user/.m2/repository/org/openjdk/jmh/jmh-core/1.19/jmh-core-1.19.jar:/home/user/.m2/repository/net/sf/jopt-simple/jopt-simple/4.6/jopt-simple-4.6.jar:/home/user/.m2/repository/org/apache/commons/commons-math3/3.1.1/commons-math3-3.1.1.jar:/home/user/.m2/repository/org/openjdk/jmh/jmh-generator-annprocess/1.19/jmh-generator-annprocess-1.19.jar:/home/user/.m2/repository/org/mockito/mockito-all/1.8.5/mockito-all-1.8.5.jar:/home/user/.m2/repository/org/apache/hadoop/hadoop-kms/3.2.0/hadoop-kms-3.2.0.jar:/home/user/.m2/repository/org/apache/hadoop/hadoop-auth/3.2.0/hadoop-auth-3.2.0.jar:/home/user/.m2/repository/com/nimbusds/nimbus-jose-jwt/4.41.1/nimbus-jose-jwt-4.41.1.jar:/home/user/.m2/repository/com/github/stephenc/jcip/jcip-annotations/1.0-1/jcip-annotations-1.0-1.jar:/home/user/.m2/repository/net/minidev/json-smart/2.3/json-smart-2.3.jar:/home/user/.m2/repository/net/minidev/accessors-smart/1.2/accessors-smart-1.2.jar:/home/user/.m2/repository/org/ow2/asm/asm/5.0.4/asm-5.0.4.jar:/home/user/.m2/repository/org/apache/curator/curator-framework/2.12.0/curator-framework-2.12.0.jar:/home/user/.m2/repository/com/sun/jersey/jersey-core/1.19/jersey-core-1.19.jar:/home/user/.m2/repository/javax/ws/rs/jsr311-api/1.1.1/jsr311-api-1.1.1.jar:/home/user/.m2/repository/com/sun/jersey/jersey-server/1.19/jersey-server-1.19.jar:/home/user/.m2/repository/javax/servlet/javax.servlet-api/3.1.0/javax.servlet-api-3.1.0.jar:/home/user/.m2/repository/org/eclipse/jetty/jetty-server/9.3.24.v20180605/jetty-server-9.3.24.v20180605.jar:/home/user/.m2/repository/org/eclipse/jetty/jetty-http/9.3.24.v20180605/jetty-http-9.3.24.v20180605.jar:/home/user/.m2/repository/org/eclipse/jetty/jetty-io/9.3.24.v20180605/jetty-io-9.3.24.v20180605.jar:/home/user/.m2/repository/org/eclipse/jetty/jetty-webapp/9.3.24.v20180605/jetty-webapp-9.3.24.v20180605.jar:/home/user/.m2/repository/org/eclipse/jetty/jetty-xml/9.3.24.v20180605/jetty-xml-9.3.24.v20180605.jar:/home/user/.m2/repository/log4j/log4j/1.2.17/log4j-1.2.17.jar:/home/user/.m2/repository/org/slf4j/slf4j-api/1.7.25/slf4j-api-1.7.25.jar:/home/user/.m2/repository/org/slf4j/jul-to-slf4j/1.7.25/jul-to-slf4j-1.7.25.jar:/home/user/.m2/repository/org/eclipse/jetty/jetty-util/9.3.24.v20180605/jetty-util-9.3.24.v20180605.jar:/home/user/.m2/repository/com/fasterxml/jackson/core/jackson-databind/2.9.5/jackson-databind-2.9.5.jar:/home/user/.m2/repository/org/apache/hadoop/hadoop-kms/3.2.0/hadoop-kms-3.2.0-tests.jar:/home/user/.m2/repository/org/apache/hadoop/hadoop-hdds-server-scm/0.4.1-SNAPSHOT/hadoop-hdds-server-scm-0.4.1-SNAPSHOT-tests.jar:/home/user/.m2/repository/org/apache/hadoop/hadoop-hdds-container-service/0.4.1-SNAPSHOT/hadoop-hdds-container-service-0.4.1-SNAPSHOT-tests.jar:/home/user/.m2/repository/org/yaml/snakeyaml/1.16/snakeyaml-1.16.jar:/home/user/.m2/repository/org/apache/hadoop/hadoop-common/3.2.0/hadoop-common-3.2.0-tests.jar:/home/user/.m2/repository/org/apache/hadoop/hadoop-annotations/3.2.0/hadoop-annotations-3.2.0.jar:/usr/lib/jvm/java-1.8-openjdk/jre/../lib/tools.jar:/home/user/.m2/repository/commons-cli/commons-cli/1.2/commons-cli-1.2.jar:/home/user/.m2/repository/org/apache/httpcomponents/httpclient/4.5.2/httpclient-4.5.2.jar:/home/user/.m2/repository/org/apache/httpcomponents/httpcore/4.4.4/httpcore-4.4.4.jar:/home/user/.m2/repository/commons-codec/commons-codec/1.11/commons-codec-1.11.jar:/home/user/.m2/repository/commons-net/commons-net/3.6/commons-net-3.6.jar:/home/user/.m2/repository/commons-collections/commons-collections/3.2.2/commons-collections-3.2.2.jar:/home/user/.m2/repository/org/eclipse/jetty/jetty-servlet/9.3.24.v20180605/jetty-servlet-9.3.24.v20180605.jar:/home/user/.m2/repository/org/eclipse/jetty/jetty-security/9.3.24.v20180605/jetty-security-9.3.24.v20180605.jar:/home/user/.m2/repository/javax/servlet/jsp/jsp-api/2.1/jsp-api-2.1.jar:/home/user/.m2/repository/com/sun/jersey/jersey-servlet/1.19/jersey-servlet-1.19.jar:/home/user/.m2/repository/com/sun/jersey/jersey-json/1.19/jersey-json-1.19.jar:/home/user/.m2/repository/org/codehaus/jettison/jettison/1.1/jettison-1.1.jar:/home/user/.m2/repository/org/codehaus/jackson/jackson-core-asl/1.9.13/jackson-core-asl-1.9.13.jar:/home/user/.m2/repository/org/codehaus/jackson/jackson-mapper-asl/1.9.13/jackson-mapper-asl-1.9.13.jar:/home/user/.m2/repository/org/codehaus/jackson/jackson-jaxrs/1.9.13/jackson-jaxrs-1.9.13.jar:/home/user/.m2/repository/org/codehaus/jackson/jackson-xc/1.9.13/jackson-xc-1.9.13.jar:/home/user/.m2/repository/commons-logging/commons-logging/1.1.3/commons-logging-1.1.3.jar:/home/user/.m2/repository/commons-beanutils/commons-beanutils/1.9.3/commons-beanutils-1.9.3.jar:/home/user/.m2/repository/org/apache/commons/commons-configuration2/2.1.1/commons-configuration2-2.1.1.jar:/home/user/.m2/repository/org/apache/commons/commons-lang3/3.7/commons-lang3-3.7.jar:/home/user/.m2/repository/org/apache/commons/commons-text/1.4/commons-text-1.4.jar:/home/user/.m2/repository/org/apache/avro/avro/1.7.7/avro-1.7.7.jar:/home/user/.m2/repository/com/thoughtworks/paranamer/paranamer/2.3/paranamer-2.3.jar:/home/user/.m2/repository/org/xerial/snappy/snappy-java/1.0.5/snappy-java-1.0.5.jar:/home/user/.m2/repository/com/google/re2j/re2j/1.1/re2j-1.1.jar:/home/user/.m2/repository/com/google/code/gson/gson/2.2.4/gson-2.2.4.jar:/home/user/.m2/repository/com/jcraft/jsch/0.1.54/jsch-0.1.54.jar:/home/user/.m2/repository/org/apache/curator/curator-client/2.12.0/curator-client-2.12.0.jar:/home/user/.m2/repository/org/apache/curator/curator-recipes/2.12.0/curator-recipes-2.12.0.jar:/home/user/.m2/repository/com/google/code/findbugs/jsr305/3.0.0/jsr305-3.0.0.jar:/home/user/.m2/repository/org/apache/htrace/htrace-core4/4.1.0-incubating/htrace-core4-4.1.0-incubating.jar:/home/user/.m2/repository/org/apache/zookeeper/zookeeper/3.4.13/zookeeper-3.4.13.jar:/home/user/.m2/repository/org/apache/yetus/audience-annotations/0.5.0/audience-annotations-0.5.0.jar:/home/user/.m2/repository/org/codehaus/woodstox/stax2-api/3.1.4/stax2-api-3.1.4.jar:/home/user/.m2/repository/com/fasterxml/woodstox/woodstox-core/5.0.3/woodstox-core-5.0.3.jar:/home/user/.m2/repository/dnsjava/dnsjava/2.1.7/dnsjava-2.1.7.jar:/home/user/.m2/repository/org/apache/hadoop/hadoop-hdfs/3.2.0/hadoop-hdfs-3.2.0-tests.jar:/home/user/.m2/repository/org/eclipse/jetty/jetty-util-ajax/9.3.24.v20180605/jetty-util-ajax-9.3.24.v20180605.jar:/home/user/.m2/repository/commons-daemon/commons-daemon/1.0.13/commons-daemon-1.0.13.jar:/home/user/.m2/repository/io/netty/netty/3.10.5.Final/netty-3.10.5.Final.jar:/home/user/.m2/repository/io/netty/netty-all/4.0.52.Final/netty-all-4.0.52.Final.jar:/home/user/.m2/repository/org/fusesource/leveldbjni/leveldbjni-all/1.8/leveldbjni-all-1.8.jar:"/>
    <property name="sun.cpu.endian" value="little"/>
    <property name="user.home" value="/home/user"/>
    <property name="user.language" value="en"/>
    <property name="java.specification.vendor" value="Oracle Corporation"/>
    <property name="java.home" value="/usr/lib/jvm/java-1.8-openjdk/jre"/>
    <property name="java.security.krb5.conf" value="/workdir/hadoop-ozone/integration-test/target/test-classes/krb5.conf"/>
    <property name="basedir" value="/workdir/hadoop-ozone/integration-test"/>
    <property name="file.separator" value="/"/>
    <property name="line.separator" value="&#10;"/>
    <property name="java.vm.specification.vendor" value="Oracle Corporation"/>
    <property name="java.specification.name" value="Java Platform API Specification"/>
    <property name="java.awt.graphicsenv" value="sun.awt.X11GraphicsEnvironment"/>
    <property name="surefire.real.class.path" value="/workdir/hadoop-ozone/integration-test/target/surefire/surefirebooter5331433680481293613.jar"/>
    <property name="hadoop.log.dir" value="/workdir/hadoop-ozone/integration-test/target/log"/>
    <property name="sun.boot.class.path" value="/usr/lib/jvm/java-1.8-openjdk/jre/lib/resources.jar:/usr/lib/jvm/java-1.8-openjdk/jre/lib/rt.jar:/usr/lib/jvm/java-1.8-openjdk/jre/lib/sunrsasign.jar:/usr/lib/jvm/java-1.8-openjdk/jre/lib/jsse.jar:/usr/lib/jvm/java-1.8-openjdk/jre/lib/jce.jar:/usr/lib/jvm/java-1.8-openjdk/jre/lib/charsets.jar:/usr/lib/jvm/java-1.8-openjdk/jre/lib/jfr.jar:/usr/lib/jvm/java-1.8-openjdk/jre/classes"/>
    <property name="sun.management.compiler" value="HotSpot 64-Bit Tiered Compilers"/>
    <property name="java.runtime.version" value="1.8.0_212-b04"/>
    <property name="java.net.preferIPv4Stack" value="true"/>
    <property name="user.name" value="jenkins1000"/>
    <property name="path.separator" value=":"/>
    <property name="java.security.egd" value="file:///dev/urandom"/>
    <property name="os.version" value="3.10.0-957.12.2.el7.x86_64"/>
    <property name="java.endorsed.dirs" value="/usr/lib/jvm/java-1.8-openjdk/jre/lib/endorsed"/>
    <property name="java.runtime.name" value="OpenJDK Runtime Environment"/>
    <property name="file.encoding" value="UTF-8"/>
    <property name="java.vm.name" value="OpenJDK 64-Bit Server VM"/>
    <property name="test.build.webapps" value=""/>
    <property name="localRepository" value="/home/user/.m2/repository"/>
    <property name="java.vendor.url.bug" value="https://icedtea.classpath.org/bugzilla"/>
    <property name="java.io.tmpdir" value="/tmp"/>
    <property name="require.test.libhadoop" value=""/>
    <property name="java.version" value="1.8.0_212"/>
    <property name="user.dir" value="/workdir/hadoop-ozone/integration-test"/>
    <property name="os.arch" value="amd64"/>
    <property name="java.vm.specification.name" value="Java Virtual Machine Specification"/>
    <property name="test.build.classes" value="/workdir/hadoop-ozone/integration-test/target/test-classes"/>
    <property name="java.awt.printerjob" value="sun.print.PSPrinterJob"/>
    <property name="sun.os.patch.level" value="unknown"/>
    <property name="hadoop.tmp.dir" value="/workdir/hadoop-ozone/integration-test/target/tmp"/>
    <property name="java.library.path" value="/usr/lib/jvm/java-1.8-openjdk/jre/lib/amd64/server:/usr/lib/jvm/java-1.8-openjdk/jre/lib/amd64:/usr/lib/jvm/java-1.8-openjdk/jre/../lib/amd64:/workdir/hadoop-ozone/integration-test/target/native/target/usr/local/lib:/workdir/hadoop-ozone/integration-test/../../hadoop-common-project/hadoop-common/target/native/target/usr/local/lib:/usr/java/packages/lib/amd64:/usr/lib64:/lib64:/lib:/usr/lib"/>
    <property name="java.vm.info" value="mixed mode"/>
    <property name="java.vendor" value="IcedTea"/>
    <property name="java.vm.version" value="25.212-b04"/>
    <property name="java.ext.dirs" value="/usr/lib/jvm/java-1.8-openjdk/jre/lib/ext:/usr/java/packages/lib/ext"/>
    <property name="sun.io.unicode.encoding" value="UnicodeLittle"/>
    <property name="java.class.version" value="52.0"/>
  </properties>
  <testcase name="testBlockDeletionTransactions" classname="org.apache.hadoop.ozone.TestStorageContainerManager" time="19.088"/>
  <testcase name="testBlockDeletingThrottling" classname="org.apache.hadoop.ozone.TestStorageContainerManager" time="7.332">
    <error message="Unexpected Storage Container Exception: org.apache.hadoop.hdds.scm.container.common.helpers.StorageContainerException: ContainerID 7 creation failed" type="java.io.IOException">java.io.IOException: Unexpected Storage Container Exception: org.apache.hadoop.hdds.scm.container.common.helpers.StorageContainerException: ContainerID 7 creation failed
	at org.apache.hadoop.hdds.scm.storage.BlockOutputStream.setIoException(BlockOutputStream.java:541)
	at org.apache.hadoop.hdds.scm.storage.BlockOutputStream.validateResponse(BlockOutputStream.java:532)
	at org.apache.hadoop.hdds.scm.storage.BlockOutputStream.lambda$writeChunkToContainer$2(BlockOutputStream.java:606)
	at java.util.concurrent.CompletableFuture.uniApply(CompletableFuture.java:602)
	at java.util.concurrent.CompletableFuture$UniApply.tryFire(CompletableFuture.java:577)
	at java.util.concurrent.CompletableFuture$Completion.run(CompletableFuture.java:442)
	at java.util.concurrent.ThreadPoolExecutor.runWorker(ThreadPoolExecutor.java:1149)
	at java.util.concurrent.ThreadPoolExecutor$Worker.run(ThreadPoolExecutor.java:624)
	at java.lang.Thread.run(Thread.java:748)
Caused by: org.apache.hadoop.hdds.scm.container.common.helpers.StorageContainerException: ContainerID 7 creation failed
	at org.apache.hadoop.hdds.scm.storage.ContainerProtocolCalls.validateContainerResponse(ContainerProtocolCalls.java:536)
	at org.apache.hadoop.hdds.scm.storage.BlockOutputStream.validateResponse(BlockOutputStream.java:529)
	... 7 more
</error>
    <system-out><![CDATA[2019-08-07 04:30:27,187 WARN  server.ServerUtils (ServerUtils.java:getScmDbDir(145)) - ozone.scm.db.dirs is not configured. We recommend adding this setting. Falling back to ozone.metadata.dirs instead.
2019-08-07 04:30:27,204 WARN  server.ServerUtils (ServerUtils.java:getScmDbDir(145)) - ozone.scm.db.dirs is not configured. We recommend adding this setting. Falling back to ozone.metadata.dirs instead.
2019-08-07 04:30:27,204 WARN  server.ServerUtils (ServerUtils.java:getScmDbDir(145)) - ozone.scm.db.dirs is not configured. We recommend adding this setting. Falling back to ozone.metadata.dirs instead.
2019-08-07 04:30:27,205 INFO  db.DBStoreBuilder (DBStoreBuilder.java:addTable(110)) - using custom profile for table: deletedBlocks
2019-08-07 04:30:27,205 INFO  db.DBStoreBuilder (DBStoreBuilder.java:processTables(161)) - Using default column profile:DBProfile.DISK for Table:deletedBlocks
2019-08-07 04:30:27,205 INFO  db.DBStoreBuilder (DBStoreBuilder.java:addTable(110)) - using custom profile for table: validCerts
2019-08-07 04:30:27,205 INFO  db.DBStoreBuilder (DBStoreBuilder.java:processTables(161)) - Using default column profile:DBProfile.DISK for Table:validCerts
2019-08-07 04:30:27,206 INFO  db.DBStoreBuilder (DBStoreBuilder.java:addTable(110)) - using custom profile for table: revokedCerts
2019-08-07 04:30:27,206 INFO  db.DBStoreBuilder (DBStoreBuilder.java:processTables(161)) - Using default column profile:DBProfile.DISK for Table:revokedCerts
2019-08-07 04:30:27,206 INFO  db.DBStoreBuilder (DBStoreBuilder.java:addTable(110)) - using custom profile for table: default
2019-08-07 04:30:27,206 INFO  db.DBStoreBuilder (DBStoreBuilder.java:processTables(167)) - Using default column profile:DBProfile.DISK for Table:default
2019-08-07 04:30:27,207 INFO  db.DBStoreBuilder (DBStoreBuilder.java:getDbProfile(198)) - Using default options. DBProfile.DISK
2019-08-07 04:30:27,359 INFO  net.NodeSchemaLoader (NodeSchemaLoader.java:loadSchemaFromFile(125)) - Loading file from sun.misc.CompoundEnumeration@eec96bf
2019-08-07 04:30:27,359 INFO  net.NodeSchemaLoader (NodeSchemaLoader.java:loadSchema(171)) - Loading network topology layer schema file
2019-08-07 04:30:27,365 INFO  node.SCMNodeManager (SCMNodeManager.java:<init>(121)) - Entering startup safe mode.
2019-08-07 04:30:27,366 WARN  server.ServerUtils (ServerUtils.java:getScmDbDir(145)) - ozone.scm.db.dirs is not configured. We recommend adding this setting. Falling back to ozone.metadata.dirs instead.
2019-08-07 04:30:27,404 INFO  pipeline.SCMPipelineManager (SCMPipelineManager.java:initializePipelineState(126)) - No pipeline exists in current db
2019-08-07 04:30:27,405 WARN  server.ServerUtils (ServerUtils.java:getScmDbDir(145)) - ozone.scm.db.dirs is not configured. We recommend adding this setting. Falling back to ozone.metadata.dirs instead.
2019-08-07 04:30:27,452 WARN  events.EventQueue (EventQueue.java:fireEvent(175)) - No event handler registered for event TypedEvent{payloadType=SafeModeStatus, name='SafeModeStatus'}
2019-08-07 04:30:27,454 INFO  ipc.CallQueueManager (CallQueueManager.java:<init>(84)) - Using callQueue: class java.util.concurrent.LinkedBlockingQueue, queueCapacity: 2000, scheduler: class org.apache.hadoop.ipc.DefaultRpcScheduler, ipcBackoff: false.
2019-08-07 04:30:27,455 INFO  ipc.Server (Server.java:run(1074)) - Starting Socket Reader #1 for port 42808
2019-08-07 04:30:27,457 INFO  ipc.CallQueueManager (CallQueueManager.java:<init>(84)) - Using callQueue: class java.util.concurrent.LinkedBlockingQueue, queueCapacity: 2000, scheduler: class org.apache.hadoop.ipc.DefaultRpcScheduler, ipcBackoff: false.
2019-08-07 04:30:27,458 INFO  ipc.Server (Server.java:run(1074)) - Starting Socket Reader #1 for port 35458
2019-08-07 04:30:27,459 INFO  ipc.CallQueueManager (CallQueueManager.java:<init>(84)) - Using callQueue: class java.util.concurrent.LinkedBlockingQueue, queueCapacity: 2000, scheduler: class org.apache.hadoop.ipc.DefaultRpcScheduler, ipcBackoff: false.
2019-08-07 04:30:27,460 INFO  ipc.Server (Server.java:run(1074)) - Starting Socket Reader #1 for port 44468
2019-08-07 04:30:27,463 INFO  hdfs.DFSUtil (DFSUtil.java:httpServerTemplateForNNAndJN(1641)) - Starting Web-server for scm at: http://0.0.0.0:0
2019-08-07 04:30:27,466 INFO  server.AuthenticationFilter (AuthenticationFilter.java:constructSecretProvider(240)) - Unable to initialize FileSignerSecretProvider, falling back to use random secrets.
2019-08-07 04:30:27,467 WARN  http.HttpRequestLog (HttpRequestLog.java:getRequestLog(97)) - Jetty request log can only be enabled using Log4j
2019-08-07 04:30:27,470 INFO  http.HttpServer2 (HttpServer2.java:addGlobalFilter(975)) - Added global filter 'safety' (class=org.apache.hadoop.http.HttpServer2$QuotingInputFilter)
2019-08-07 04:30:27,471 INFO  http.HttpServer2 (HttpServer2.java:addFilter(948)) - Added filter static_user_filter (class=org.apache.hadoop.http.lib.StaticUserWebFilter$StaticUserFilter) to context scm
2019-08-07 04:30:27,472 INFO  http.HttpServer2 (HttpServer2.java:addFilter(958)) - Added filter static_user_filter (class=org.apache.hadoop.http.lib.StaticUserWebFilter$StaticUserFilter) to context logs
2019-08-07 04:30:27,472 INFO  http.HttpServer2 (HttpServer2.java:addFilter(958)) - Added filter static_user_filter (class=org.apache.hadoop.http.lib.StaticUserWebFilter$StaticUserFilter) to context static
2019-08-07 04:30:27,476 INFO  server.StorageContainerManager (StorageContainerManager.java:start(758)) - StorageContainerLocationProtocol RPC server is listening at /0.0.0.0:44468
2019-08-07 04:30:27,478 WARN  impl.MetricsConfig (MetricsConfig.java:loadFirst(134)) - Cannot locate configuration: tried hadoop-metrics2-storagecontainermanager.properties,hadoop-metrics2.properties
2019-08-07 04:30:27,480 INFO  impl.MetricsSystemImpl (MetricsSystemImpl.java:startTimer(374)) - Scheduled Metric snapshot period at 10 second(s).
2019-08-07 04:30:27,480 INFO  impl.MetricsSystemImpl (MetricsSystemImpl.java:start(191)) - StorageContainerManager metrics system started
2019-08-07 04:30:27,512 INFO  server.SCMClientProtocolServer (SCMClientProtocolServer.java:start(151)) - RPC server for Client  is listening at /0.0.0.0:44468
2019-08-07 04:30:27,513 INFO  ipc.Server (Server.java:run(1314)) - IPC Server Responder: starting
2019-08-07 04:30:27,513 INFO  ipc.Server (Server.java:run(1153)) - IPC Server listener on 44468: starting
2019-08-07 04:30:27,517 INFO  server.StorageContainerManager (StorageContainerManager.java:start(768)) - ScmBlockLocationProtocol RPC server is listening at /0.0.0.0:35458
2019-08-07 04:30:27,517 INFO  server.SCMBlockProtocolServer (SCMBlockProtocolServer.java:start(140)) - RPC server for Block Protocol is listening at /0.0.0.0:35458
2019-08-07 04:30:27,517 INFO  ipc.Server (Server.java:run(1314)) - IPC Server Responder: starting
2019-08-07 04:30:27,517 INFO  ipc.Server (Server.java:run(1153)) - IPC Server listener on 35458: starting
2019-08-07 04:30:27,521 INFO  server.StorageContainerManager (StorageContainerManager.java:start(772)) - ScmDatanodeProtocl RPC server is listening at /0.0.0.0:42808
2019-08-07 04:30:27,522 INFO  server.SCMDatanodeProtocolServer (SCMDatanodeProtocolServer.java:start(191)) - RPC server for DataNodes is listening at /0.0.0.0:42808
2019-08-07 04:30:27,522 INFO  ipc.Server (Server.java:run(1314)) - IPC Server Responder: starting
2019-08-07 04:30:27,522 INFO  ipc.Server (Server.java:run(1153)) - IPC Server listener on 42808: starting
2019-08-07 04:30:27,526 INFO  http.HttpServer2 (HttpServer2.java:bindListener(1191)) - Jetty bound to port 42102
2019-08-07 04:30:27,526 INFO  server.Server (Server.java:doStart(351)) - jetty-9.3.24.v20180605, build timestamp: 2018-06-05T17:11:56Z, git hash: 84205aa28f11a4f31f2a3b86d1bba2cc8ab69827
2019-08-07 04:30:27,529 INFO  handler.ContextHandler (ContextHandler.java:doStart(781)) - Started o.e.j.s.ServletContextHandler@6f2217d3{/logs,file:///workdir/hadoop-ozone/integration-test/target/log,AVAILABLE}
2019-08-07 04:30:27,529 INFO  handler.ContextHandler (ContextHandler.java:doStart(781)) - Started o.e.j.s.ServletContextHandler@250a5598{/static,file:///workdir/hadoop-ozone/integration-test/target/test-classes/webapps/static,AVAILABLE}
2019-08-07 04:30:27,536 INFO  handler.ContextHandler (ContextHandler.java:doStart(781)) - Started o.e.j.w.WebAppContext@78354ff5{/,file:///workdir/hadoop-ozone/integration-test/target/test-classes/webapps/scm/,AVAILABLE}{/scm}
2019-08-07 04:30:27,537 INFO  server.AbstractConnector (AbstractConnector.java:doStart(278)) - Started ServerConnector@1a726bb7{HTTP/1.1,[http/1.1]}{0.0.0.0:42102}
2019-08-07 04:30:27,537 INFO  server.Server (Server.java:doStart(419)) - Started @20189ms
2019-08-07 04:30:27,538 INFO  server.BaseHttpServer (BaseHttpServer.java:updateConnectorAddress(207)) - HTTP server of SCM is listening at http://0.0.0.0:42102
2019-08-07 04:30:27,539 WARN  server.ServerUtils (ServerUtils.java:getDBPath(222)) - ozone.om.db.dirs is not configured. We recommend adding this setting. Falling back to ozone.metadata.dirs instead.
2019-08-07 04:30:27,539 INFO  util.JvmPauseMonitor (JvmPauseMonitor.java:run(188)) - Starting JVM pause monitor
2019-08-07 04:30:27,561 WARN  server.ServerUtils (ServerUtils.java:getDBPath(222)) - ozone.om.db.dirs is not configured. We recommend adding this setting. Falling back to ozone.metadata.dirs instead.
2019-08-07 04:30:27,561 WARN  server.ServerUtils (ServerUtils.java:getDBPath(222)) - ozone.om.db.dirs is not configured. We recommend adding this setting. Falling back to ozone.metadata.dirs instead.
2019-08-07 04:30:27,562 INFO  om.OzoneManager (OzoneManager.java:setOMNodeDetails(644)) - OM Service ID is not set. Setting it to the default ID: omServiceIdDefault
2019-08-07 04:30:27,562 INFO  om.OzoneManager (OzoneManager.java:setOMNodeDetails(650)) - OM Node ID is not set. Setting it to the OmStorage's OmID: 154af637-b70a-402e-9df8-706180b9994e
2019-08-07 04:30:27,563 INFO  om.OzoneManager (OzoneManager.java:loadOMHAConfigs(601)) - Found matching OM address with OMServiceId: null, OMNodeId: null, RPC Address: localhost:0 and Ratis port: 9872
2019-08-07 04:30:27,572 WARN  server.ServerUtils (ServerUtils.java:getDBPath(222)) - ozone.om.db.dirs is not configured. We recommend adding this setting. Falling back to ozone.metadata.dirs instead.
2019-08-07 04:30:27,573 INFO  db.DBStoreBuilder (DBStoreBuilder.java:addTable(110)) - using custom profile for table: userTable
2019-08-07 04:30:27,573 INFO  db.DBStoreBuilder (DBStoreBuilder.java:processTables(161)) - Using default column profile:DBProfile.DISK for Table:userTable
2019-08-07 04:30:27,573 INFO  db.DBStoreBuilder (DBStoreBuilder.java:addTable(110)) - using custom profile for table: volumeTable
2019-08-07 04:30:27,573 INFO  db.DBStoreBuilder (DBStoreBuilder.java:processTables(161)) - Using default column profile:DBProfile.DISK for Table:volumeTable
2019-08-07 04:30:27,574 INFO  db.DBStoreBuilder (DBStoreBuilder.java:addTable(110)) - using custom profile for table: bucketTable
2019-08-07 04:30:27,574 INFO  db.DBStoreBuilder (DBStoreBuilder.java:processTables(161)) - Using default column profile:DBProfile.DISK for Table:bucketTable
2019-08-07 04:30:27,574 INFO  db.DBStoreBuilder (DBStoreBuilder.java:addTable(110)) - using custom profile for table: keyTable
2019-08-07 04:30:27,574 INFO  db.DBStoreBuilder (DBStoreBuilder.java:processTables(161)) - Using default column profile:DBProfile.DISK for Table:keyTable
2019-08-07 04:30:27,575 INFO  db.DBStoreBuilder (DBStoreBuilder.java:addTable(110)) - using custom profile for table: deletedTable
2019-08-07 04:30:27,575 INFO  db.DBStoreBuilder (DBStoreBuilder.java:processTables(161)) - Using default column profile:DBProfile.DISK for Table:deletedTable
2019-08-07 04:30:27,575 INFO  db.DBStoreBuilder (DBStoreBuilder.java:addTable(110)) - using custom profile for table: openKeyTable
2019-08-07 04:30:27,576 INFO  db.DBStoreBuilder (DBStoreBuilder.java:processTables(161)) - Using default column profile:DBProfile.DISK for Table:openKeyTable
2019-08-07 04:30:27,576 INFO  db.DBStoreBuilder (DBStoreBuilder.java:addTable(110)) - using custom profile for table: s3Table
2019-08-07 04:30:27,576 INFO  db.DBStoreBuilder (DBStoreBuilder.java:processTables(161)) - Using default column profile:DBProfile.DISK for Table:s3Table
2019-08-07 04:30:27,576 INFO  db.DBStoreBuilder (DBStoreBuilder.java:addTable(110)) - using custom profile for table: multipartInfoTable
2019-08-07 04:30:27,577 INFO  db.DBStoreBuilder (DBStoreBuilder.java:processTables(161)) - Using default column profile:DBProfile.DISK for Table:multipartInfoTable
2019-08-07 04:30:27,577 INFO  db.DBStoreBuilder (DBStoreBuilder.java:addTable(110)) - using custom profile for table: dTokenTable
2019-08-07 04:30:27,577 INFO  db.DBStoreBuilder (DBStoreBuilder.java:processTables(161)) - Using default column profile:DBProfile.DISK for Table:dTokenTable
2019-08-07 04:30:27,578 INFO  db.DBStoreBuilder (DBStoreBuilder.java:addTable(110)) - using custom profile for table: s3SecretTable
2019-08-07 04:30:27,578 INFO  db.DBStoreBuilder (DBStoreBuilder.java:processTables(161)) - Using default column profile:DBProfile.DISK for Table:s3SecretTable
2019-08-07 04:30:27,578 INFO  db.DBStoreBuilder (DBStoreBuilder.java:addTable(110)) - using custom profile for table: prefixTable
2019-08-07 04:30:27,578 INFO  db.DBStoreBuilder (DBStoreBuilder.java:processTables(161)) - Using default column profile:DBProfile.DISK for Table:prefixTable
2019-08-07 04:30:27,579 INFO  db.DBStoreBuilder (DBStoreBuilder.java:addTable(110)) - using custom profile for table: default
2019-08-07 04:30:27,579 INFO  db.DBStoreBuilder (DBStoreBuilder.java:processTables(167)) - Using default column profile:DBProfile.DISK for Table:default
2019-08-07 04:30:27,579 INFO  db.DBStoreBuilder (DBStoreBuilder.java:getDbProfile(198)) - Using default options. DBProfile.DISK
2019-08-07 04:30:28,092 INFO  ipc.CallQueueManager (CallQueueManager.java:<init>(84)) - Using callQueue: class java.util.concurrent.LinkedBlockingQueue, queueCapacity: 2000, scheduler: class org.apache.hadoop.ipc.DefaultRpcScheduler, ipcBackoff: false.
2019-08-07 04:30:28,094 INFO  ipc.Server (Server.java:run(1074)) - Starting Socket Reader #1 for port 43780
2019-08-07 04:30:28,109 INFO  om.OzoneManager (OzoneManager.java:start(1255)) - OzoneManager RPC server is listening at localhost/127.0.0.1:43780
2019-08-07 04:30:28,109 INFO  impl.MetricsSystemImpl (MetricsSystemImpl.java:init(158)) - OzoneManager metrics system started (again)
2019-08-07 04:30:28,110 INFO  ipc.Server (Server.java:run(1314)) - IPC Server Responder: starting
2019-08-07 04:30:28,110 INFO  ipc.Server (Server.java:run(1153)) - IPC Server listener on 43780: starting
2019-08-07 04:30:28,115 INFO  hdfs.DFSUtil (DFSUtil.java:httpServerTemplateForNNAndJN(1641)) - Starting Web-server for ozoneManager at: http://0.0.0.0:0
2019-08-07 04:30:28,117 INFO  server.AuthenticationFilter (AuthenticationFilter.java:constructSecretProvider(240)) - Unable to initialize FileSignerSecretProvider, falling back to use random secrets.
2019-08-07 04:30:28,118 WARN  http.HttpRequestLog (HttpRequestLog.java:getRequestLog(97)) - Jetty request log can only be enabled using Log4j
2019-08-07 04:30:28,121 INFO  http.HttpServer2 (HttpServer2.java:addGlobalFilter(975)) - Added global filter 'safety' (class=org.apache.hadoop.http.HttpServer2$QuotingInputFilter)
2019-08-07 04:30:28,122 INFO  http.HttpServer2 (HttpServer2.java:addFilter(948)) - Added filter static_user_filter (class=org.apache.hadoop.http.lib.StaticUserWebFilter$StaticUserFilter) to context ozoneManager
2019-08-07 04:30:28,122 INFO  http.HttpServer2 (HttpServer2.java:addFilter(958)) - Added filter static_user_filter (class=org.apache.hadoop.http.lib.StaticUserWebFilter$StaticUserFilter) to context logs
2019-08-07 04:30:28,122 INFO  http.HttpServer2 (HttpServer2.java:addFilter(958)) - Added filter static_user_filter (class=org.apache.hadoop.http.lib.StaticUserWebFilter$StaticUserFilter) to context static
2019-08-07 04:30:28,123 INFO  http.HttpServer2 (HttpServer2.java:bindListener(1191)) - Jetty bound to port 41061
2019-08-07 04:30:28,123 INFO  server.Server (Server.java:doStart(351)) - jetty-9.3.24.v20180605, build timestamp: 2018-06-05T17:11:56Z, git hash: 84205aa28f11a4f31f2a3b86d1bba2cc8ab69827
2019-08-07 04:30:28,126 INFO  handler.ContextHandler (ContextHandler.java:doStart(781)) - Started o.e.j.s.ServletContextHandler@7799dff4{/logs,file:///workdir/hadoop-ozone/integration-test/target/log,AVAILABLE}
2019-08-07 04:30:28,127 INFO  handler.ContextHandler (ContextHandler.java:doStart(781)) - Started o.e.j.s.ServletContextHandler@64c81327{/static,file:///workdir/hadoop-ozone/integration-test/target/test-classes/webapps/static,AVAILABLE}
2019-08-07 04:30:28,134 INFO  handler.ContextHandler (ContextHandler.java:doStart(781)) - Started o.e.j.w.WebAppContext@172957d3{/,file:///workdir/hadoop-ozone/integration-test/target/test-classes/webapps/ozoneManager/,AVAILABLE}{/ozoneManager}
2019-08-07 04:30:28,135 INFO  server.AbstractConnector (AbstractConnector.java:doStart(278)) - Started ServerConnector@5592b0bc{HTTP/1.1,[http/1.1]}{0.0.0.0:41061}
2019-08-07 04:30:28,135 INFO  server.Server (Server.java:doStart(419)) - Started @20788ms
2019-08-07 04:30:28,136 INFO  server.BaseHttpServer (BaseHttpServer.java:updateConnectorAddress(207)) - HTTP server of OZONEMANAGER is listening at http://0.0.0.0:41061
2019-08-07 04:30:28,158 INFO  impl.MetricsSystemImpl (MetricsSystemImpl.java:init(158)) - HddsDatanode metrics system started (again)
2019-08-07 04:30:28,160 INFO  ozone.HddsDatanodeService (HddsDatanodeService.java:start(184)) - HddsDatanodeService host:byscane-nightly-ds7lx-2296511547 ip:192.168.157.245
2019-08-07 04:30:28,169 INFO  volume.HddsVolume (HddsVolume.java:<init>(176)) - Creating Volume: /workdir/hadoop-ozone/integration-test/target/test-dir/MiniOzoneClusterImpl-65564acb-16ec-4ce8-bb2c-8a1c38d87f3a/datanode-0/data/containers/hdds of  storage type : DISK and capacity : 52710309888
2019-08-07 04:30:28,170 INFO  volume.VolumeSet (VolumeSet.java:initializeVolumeSet(170)) - Added Volume : /workdir/hadoop-ozone/integration-test/target/test-dir/MiniOzoneClusterImpl-65564acb-16ec-4ce8-bb2c-8a1c38d87f3a/datanode-0/data/containers/hdds to VolumeSet
2019-08-07 04:30:28,170 INFO  volume.ThrottledAsyncChecker (ThrottledAsyncChecker.java:schedule(140)) - Scheduling a check for org.apache.hadoop.ozone.container.common.volume.HddsVolume@33e856ed
2019-08-07 04:30:28,172 INFO  volume.HddsVolumeChecker (HddsVolumeChecker.java:checkAllVolumes(203)) - Scheduled health check for volume org.apache.hadoop.ozone.container.common.volume.HddsVolume@33e856ed
2019-08-07 04:30:28,192 INFO  impl.RaftServerProxy (ConfUtils.java:logGet(43)) - raft.rpc.type = GRPC (default)
2019-08-07 04:30:28,193 INFO  grpc.GrpcFactory (GrpcFactory.java:checkPooledByteBufAllocatorUseCacheForAllThreads(45)) - PERFORMANCE WARNING: useCacheForAllThreads is true that may cause Netty to create a lot garbage objects and, as a result, trigger GC.
	It is recommended to disable useCacheForAllThreads by setting -Dorg.apache.ratis.thirdparty.io.netty.allocator.useCacheForAllThreads=false in command line.
2019-08-07 04:30:28,193 INFO  grpc.GrpcConfigKeys$Server (ConfUtils.java:logGet(43)) - raft.grpc.server.port = 0 (default)
2019-08-07 04:30:28,194 INFO  server.GrpcService (ConfUtils.java:logGet(43)) - raft.grpc.message.size.max = 33570816 (custom)
2019-08-07 04:30:28,194 INFO  server.RaftServerConfigKeys (ConfUtils.java:logGet(43)) - raft.server.log.appender.buffer.byte-limit = 33554432 (custom)
2019-08-07 04:30:28,194 INFO  server.GrpcService (ConfUtils.java:logGet(43)) - raft.grpc.flow.control.window = 1MB (=1048576) (default)
2019-08-07 04:30:28,195 INFO  server.RaftServerConfigKeys (ConfUtils.java:logGet(43)) - raft.server.rpc.request.timeout = 3000ms (default)
2019-08-07 04:30:28,195 INFO  server.RaftServerConfigKeys (ConfUtils.java:logGet(43)) - raft.server.storage.dir = [/workdir/hadoop-ozone/integration-test/target/test-dir/MiniOzoneClusterImpl-65564acb-16ec-4ce8-bb2c-8a1c38d87f3a/datanode-0/data/ratis] (custom)
2019-08-07 04:30:28,196 INFO  replication.SimpleContainerDownloader (SimpleContainerDownloader.java:<init>(72)) - Starting container downloader service to copy containers to replicate.
2019-08-07 04:30:28,197 INFO  hdfs.DFSUtil (DFSUtil.java:httpServerTemplateForNNAndJN(1641)) - Starting Web-server for hddsDatanode at: http://0.0.0.0:0
2019-08-07 04:30:28,199 INFO  server.AuthenticationFilter (AuthenticationFilter.java:constructSecretProvider(240)) - Unable to initialize FileSignerSecretProvider, falling back to use random secrets.
2019-08-07 04:30:28,199 WARN  http.HttpRequestLog (HttpRequestLog.java:getRequestLog(97)) - Jetty request log can only be enabled using Log4j
2019-08-07 04:30:28,201 INFO  http.HttpServer2 (HttpServer2.java:addGlobalFilter(975)) - Added global filter 'safety' (class=org.apache.hadoop.http.HttpServer2$QuotingInputFilter)
2019-08-07 04:30:28,202 INFO  http.HttpServer2 (HttpServer2.java:addFilter(948)) - Added filter static_user_filter (class=org.apache.hadoop.http.lib.StaticUserWebFilter$StaticUserFilter) to context hddsDatanode
2019-08-07 04:30:28,202 INFO  http.HttpServer2 (HttpServer2.java:addFilter(958)) - Added filter static_user_filter (class=org.apache.hadoop.http.lib.StaticUserWebFilter$StaticUserFilter) to context static
2019-08-07 04:30:28,202 INFO  http.HttpServer2 (HttpServer2.java:addFilter(958)) - Added filter static_user_filter (class=org.apache.hadoop.http.lib.StaticUserWebFilter$StaticUserFilter) to context logs
2019-08-07 04:30:28,203 INFO  http.HttpServer2 (HttpServer2.java:bindListener(1191)) - Jetty bound to port 34329
2019-08-07 04:30:28,203 INFO  server.Server (Server.java:doStart(351)) - jetty-9.3.24.v20180605, build timestamp: 2018-06-05T17:11:56Z, git hash: 84205aa28f11a4f31f2a3b86d1bba2cc8ab69827
2019-08-07 04:30:28,206 INFO  handler.ContextHandler (ContextHandler.java:doStart(781)) - Started o.e.j.s.ServletContextHandler@e228328{/logs,file:///workdir/hadoop-ozone/integration-test/target/log,AVAILABLE}
2019-08-07 04:30:28,207 INFO  handler.ContextHandler (ContextHandler.java:doStart(781)) - Started o.e.j.s.ServletContextHandler@4d811458{/static,jar:file:/home/user/.m2/repository/org/apache/hadoop/hadoop-hdds-container-service/0.4.1-SNAPSHOT/hadoop-hdds-container-service-0.4.1-SNAPSHOT.jar!/webapps/static,AVAILABLE}
2019-08-07 04:30:28,243 INFO  handler.ContextHandler (ContextHandler.java:doStart(781)) - Started o.e.j.w.WebAppContext@77e74b5f{/,file:///tmp/jetty-0.0.0.0-34329-hddsDatanode-_-any-6371581258817947488.dir/webapp/,AVAILABLE}{/hddsDatanode}
2019-08-07 04:30:28,243 INFO  server.AbstractConnector (AbstractConnector.java:doStart(278)) - Started ServerConnector@51027ce2{HTTP/1.1,[http/1.1]}{0.0.0.0:34329}
2019-08-07 04:30:28,244 INFO  server.Server (Server.java:doStart(419)) - Started @20896ms
2019-08-07 04:30:28,245 INFO  server.BaseHttpServer (BaseHttpServer.java:updateConnectorAddress(207)) - HTTP server of HDDSDATANODE is listening at http://0.0.0.0:34329
2019-08-07 04:30:28,383 INFO  ozone.HddsDatanodeService (HddsDatanodeService.java:startPlugins(395)) - Started plug-in org.apache.hadoop.ozone.web.OzoneHddsDatanodeService@46b469e8
2019-08-07 04:30:28,384 INFO  ozone.MiniOzoneClusterImpl (MiniOzoneClusterImpl.java:lambda$waitForClusterToBeReady$0(142)) - Waiting for cluster to be ready. Got 0 of 1 DN Heartbeats.
2019-08-07 04:30:28,387 INFO  util.JvmPauseMonitor (JvmPauseMonitor.java:run(188)) - Starting JVM pause monitor
2019-08-07 04:30:28,393 INFO  datanode.InitDatanodeState (InitDatanodeState.java:persistContainerDatanodeDetails(140)) - DatanodeDetails is persisted to /workdir/hadoop-ozone/integration-test/target/test-dir/MiniOzoneClusterImpl-65564acb-16ec-4ce8-bb2c-8a1c38d87f3a/datanode-0/meta/datanode.id
2019-08-07 04:30:29,386 INFO  ozone.MiniOzoneClusterImpl (MiniOzoneClusterImpl.java:lambda$waitForClusterToBeReady$0(142)) - Waiting for cluster to be ready. Got 0 of 1 DN Heartbeats.
2019-08-07 04:30:30,386 INFO  ozone.MiniOzoneClusterImpl (MiniOzoneClusterImpl.java:lambda$waitForClusterToBeReady$0(142)) - Waiting for cluster to be ready. Got 0 of 1 DN Heartbeats.
2019-08-07 04:30:30,408 INFO  ozoneimpl.OzoneContainer (OzoneContainer.java:start(186)) - Attempting to start container services.
2019-08-07 04:30:30,409 INFO  ozoneimpl.OzoneContainer (OzoneContainer.java:startContainerScrub(160)) - Background container scrubber has been disabled by hdds.containerscrub.enabled
2019-08-07 04:30:30,409 INFO  ratis.XceiverServerRatis (XceiverServerRatis.java:start(404)) - Starting XceiverServerRatis 42c3b2ed-144c-40e6-b21e-05ee706adaf5 at port 0
2019-08-07 04:30:30,419 INFO  impl.RaftServerProxy (RaftServerProxy.java:lambda$start$3(299)) - 42c3b2ed-144c-40e6-b21e-05ee706adaf5: start RPC server
2019-08-07 04:30:30,422 INFO  server.GrpcService (GrpcService.java:startImpl(149)) - 42c3b2ed-144c-40e6-b21e-05ee706adaf5: GrpcService started, listening on 0.0.0.0/0.0.0.0:36345
2019-08-07 04:30:30,422 INFO  ratis.XceiverServerRatis (XceiverServerRatis.java:start(414)) - XceiverServerRatis 42c3b2ed-144c-40e6-b21e-05ee706adaf5 is started using port 36345
2019-08-07 04:30:30,424 INFO  server.XceiverServerGrpc (XceiverServerGrpc.java:start(161)) - XceiverServerGrpc 42c3b2ed-144c-40e6-b21e-05ee706adaf5 is started using port 44613
2019-08-07 04:30:31,387 INFO  ozone.MiniOzoneClusterImpl (MiniOzoneClusterImpl.java:lambda$waitForClusterToBeReady$0(142)) - Waiting for cluster to be ready. Got 0 of 1 DN Heartbeats.
2019-08-07 04:30:32,387 INFO  ozone.MiniOzoneClusterImpl (MiniOzoneClusterImpl.java:lambda$waitForClusterToBeReady$0(142)) - Waiting for cluster to be ready. Got 0 of 1 DN Heartbeats.
2019-08-07 04:30:32,391 INFO  net.NetworkTopology (NetworkTopologyImpl.java:add(110)) - Added a new node: /default-rack/42c3b2ed-144c-40e6-b21e-05ee706adaf5
2019-08-07 04:30:32,392 INFO  node.SCMNodeManager (SCMNodeManager.java:register(273)) - Registered Data node : 42c3b2ed-144c-40e6-b21e-05ee706adaf5{ip: 192.168.157.245, host: byscane-nightly-ds7lx-2296511547, networkLocation: /default-rack, certSerialId: null}
2019-08-07 04:30:32,394 INFO  safemode.SCMSafeModeManager (DataNodeSafeModeRule.java:process(71)) - SCM in safe mode. 1 DataNodes registered, 1 required.
2019-08-07 04:30:32,396 INFO  safemode.SCMSafeModeManager (SCMSafeModeManager.java:validateSafeModeExitRules(177)) - ScmSafeModeManager, all rules are successfully validated
2019-08-07 04:30:32,396 INFO  safemode.SCMSafeModeManager (SCMSafeModeManager.java:exitSafeMode(193)) - SCM exiting safe mode.
2019-08-07 04:30:32,411 INFO  impl.RaftServerProxy (RaftServerProxy.java:addNew(89)) - 42c3b2ed-144c-40e6-b21e-05ee706adaf5: addNew group-E3C11E03143C:[42c3b2ed-144c-40e6-b21e-05ee706adaf5:192.168.157.245:36345] returns group-E3C11E03143C:java.util.concurrent.CompletableFuture@45d43e49[Not completed]
2019-08-07 04:30:32,413 INFO  impl.RaftServerImpl (RaftServerImpl.java:<init>(93)) - 42c3b2ed-144c-40e6-b21e-05ee706adaf5: new RaftServerImpl for group-E3C11E03143C:[42c3b2ed-144c-40e6-b21e-05ee706adaf5:192.168.157.245:36345] with ContainerStateMachine:uninitialized
2019-08-07 04:30:32,414 INFO  server.RaftServerConfigKeys (ConfUtils.java:logGet(43)) - raft.server.rpc.timeout.min = 5s (custom)
2019-08-07 04:30:32,414 INFO  server.RaftServerConfigKeys (ConfUtils.java:logGet(43)) - raft.server.rpc.timeout.max = 5200ms (custom)
2019-08-07 04:30:32,414 INFO  server.RaftServerConfigKeys (ConfUtils.java:logGet(43)) - raft.server.rpcslowness.timeout = 120s (custom)
2019-08-07 04:30:32,415 INFO  server.RaftServerConfigKeys (ConfUtils.java:logGet(43)) - raft.server.sleep.deviation.threshold = 300 (default)
2019-08-07 04:30:32,415 INFO  server.RaftServerConfigKeys (ConfUtils.java:logGet(43)) - raft.server.log.appender.install.snapshot.enabled = false (custom)
2019-08-07 04:30:32,415 INFO  impl.RaftServerImpl (ServerState.java:<init>(105)) - 42c3b2ed-144c-40e6-b21e-05ee706adaf5:group-E3C11E03143C ConfigurationManager, init=-1: [42c3b2ed-144c-40e6-b21e-05ee706adaf5:192.168.157.245:36345], old=null, confs=<EMPTY_MAP>
2019-08-07 04:30:32,415 INFO  server.RaftServerConfigKeys (ConfUtils.java:logGet(43)) - raft.server.storage.dir = [/workdir/hadoop-ozone/integration-test/target/test-dir/MiniOzoneClusterImpl-65564acb-16ec-4ce8-bb2c-8a1c38d87f3a/datanode-0/data/ratis] (custom)
2019-08-07 04:30:32,417 INFO  storage.RaftStorageDirectory (RaftStorageDirectory.java:analyzeStorage(246)) - The storage directory /workdir/hadoop-ozone/integration-test/target/test-dir/MiniOzoneClusterImpl-65564acb-16ec-4ce8-bb2c-8a1c38d87f3a/datanode-0/data/ratis/5873d7cd-5084-4687-a27a-e3c11e03143c does not exist. Creating ...
2019-08-07 04:30:32,431 INFO  storage.RaftStorageDirectory (RaftStorageDirectory.java:tryLock(328)) - Lock on /workdir/hadoop-ozone/integration-test/target/test-dir/MiniOzoneClusterImpl-65564acb-16ec-4ce8-bb2c-8a1c38d87f3a/datanode-0/data/ratis/5873d7cd-5084-4687-a27a-e3c11e03143c/in_use.lock acquired by nodename 1920@byscane-nightly-ds7lx-2296511547
2019-08-07 04:30:32,444 INFO  storage.RaftStorage (RaftStorage.java:format(72)) - Storage directory /workdir/hadoop-ozone/integration-test/target/test-dir/MiniOzoneClusterImpl-65564acb-16ec-4ce8-bb2c-8a1c38d87f3a/datanode-0/data/ratis/5873d7cd-5084-4687-a27a-e3c11e03143c has been successfully formatted.
2019-08-07 04:30:32,444 INFO  ratis.ContainerStateMachine (ContainerStateMachine.java:loadSnapshot(213)) - group-E3C11E03143C: The snapshot info is null. Setting the last applied indexto:(t:0, i:~)
2019-08-07 04:30:32,445 INFO  server.RaftServerConfigKeys (ConfUtils.java:logGet(43)) - raft.server.leader.election.timeout = 120s (custom)
2019-08-07 04:30:32,445 INFO  server.RaftServerConfigKeys (ConfUtils.java:logGet(43)) - raft.server.log.use.memory = false (default)
2019-08-07 04:30:32,445 INFO  server.RaftServerConfigKeys (ConfUtils.java:logGet(43)) - raft.server.log.purge.gap = 1000000000 (custom)
2019-08-07 04:30:32,445 INFO  server.RaftServerConfigKeys (ConfUtils.java:logGet(43)) - raft.server.log.appender.buffer.byte-limit = 33554432 (custom)
2019-08-07 04:30:32,445 INFO  server.RaftServerConfigKeys (ConfUtils.java:logGet(43)) - raft.server.log.segment.size.max = 1048576 (custom)
2019-08-07 04:30:32,446 INFO  server.RaftServerConfigKeys (ConfUtils.java:logGet(43)) - raft.server.log.segment.cache.num.max = 2 (custom)
2019-08-07 04:30:32,446 INFO  segmented.SegmentedRaftLogWorker (SegmentedRaftLogWorker.java:<init>(172)) - new 42c3b2ed-144c-40e6-b21e-05ee706adaf5-SegmentedRaftLogWorker:Storage Directory /workdir/hadoop-ozone/integration-test/target/test-dir/MiniOzoneClusterImpl-65564acb-16ec-4ce8-bb2c-8a1c38d87f3a/datanode-0/data/ratis/5873d7cd-5084-4687-a27a-e3c11e03143c for RaftStorage:Storage Directory /workdir/hadoop-ozone/integration-test/target/test-dir/MiniOzoneClusterImpl-65564acb-16ec-4ce8-bb2c-8a1c38d87f3a/datanode-0/data/ratis/5873d7cd-5084-4687-a27a-e3c11e03143c
2019-08-07 04:30:32,446 INFO  server.RaftServerConfigKeys (ConfUtils.java:logGet(43)) - raft.server.log.queue.byte-limit = 2147483647 (custom)
2019-08-07 04:30:32,446 INFO  server.RaftServerConfigKeys (ConfUtils.java:logGet(43)) - raft.server.log.queue.element-limit = 1024 (custom)
2019-08-07 04:30:32,447 INFO  server.RaftServerConfigKeys (ConfUtils.java:logGet(43)) - raft.server.log.segment.size.max = 1048576 (custom)
2019-08-07 04:30:32,447 INFO  server.RaftServerConfigKeys (ConfUtils.java:logGet(43)) - raft.server.log.preallocated.size = 16384 (custom)
2019-08-07 04:30:32,447 INFO  server.RaftServerConfigKeys (ConfUtils.java:logGet(43)) - raft.server.log.write.buffer.size = 33554432 (custom)
2019-08-07 04:30:32,447 INFO  server.RaftServerConfigKeys (ConfUtils.java:logGet(43)) - raft.server.log.force.sync.num = 128 (default)
2019-08-07 04:30:32,447 INFO  server.RaftServerConfigKeys (ConfUtils.java:logGet(43)) - raft.server.log.statemachine.data.sync = true (default)
2019-08-07 04:30:32,448 INFO  server.RaftServerConfigKeys (ConfUtils.java:logGet(43)) - raft.server.log.statemachine.data.sync.timeout = 10s (default)
2019-08-07 04:30:32,448 INFO  server.RaftServerConfigKeys (ConfUtils.java:logGet(43)) - raft.server.log.statemachine.data.sync.timeout.retry = -1 (default)
2019-08-07 04:30:32,448 INFO  server.RaftServerConfigKeys (ConfUtils.java:logGet(43)) - raft.server.log.statemachine.data.caching.enabled = true (custom)
2019-08-07 04:30:32,449 INFO  segmented.SegmentedRaftLogWorker (SegmentedRaftLogWorker.java:lambda$new$0(132)) - 42c3b2ed-144c-40e6-b21e-05ee706adaf5-SegmentedRaftLogWorker:Storage Directory /workdir/hadoop-ozone/integration-test/target/test-dir/MiniOzoneClusterImpl-65564acb-16ec-4ce8-bb2c-8a1c38d87f3a/datanode-0/data/ratis/5873d7cd-5084-4687-a27a-e3c11e03143c: flushIndex: setUnconditionally 0 -> -1
2019-08-07 04:30:32,449 INFO  server.RaftServerConfigKeys (ConfUtils.java:logGet(43)) - raft.server.snapshot.auto.trigger.enabled = true (custom)
2019-08-07 04:30:32,449 INFO  server.RaftServerConfigKeys (ConfUtils.java:logGet(43)) - raft.server.snapshot.auto.trigger.threshold = 10000 (custom)
2019-08-07 04:30:32,450 INFO  server.RaftServerConfigKeys (ConfUtils.java:logGet(43)) - raft.server.retrycache.expirytime = 600000ms (custom)
2019-08-07 04:30:32,450 INFO  impl.RaftServerImpl (RaftServerImpl.java:start(180)) - 42c3b2ed-144c-40e6-b21e-05ee706adaf5: start group-E3C11E03143C
2019-08-07 04:30:32,450 INFO  impl.RaftServerImpl (RaftServerImpl.java:setRole(171)) - 42c3b2ed-144c-40e6-b21e-05ee706adaf5:group-E3C11E03143C changes role from null to FOLLOWER at term 0 for startAsFollower
2019-08-07 04:30:32,450 INFO  impl.RoleInfo (RoleInfo.java:updateAndGet(143)) - 42c3b2ed-144c-40e6-b21e-05ee706adaf5: start FollowerState
2019-08-07 04:30:32,451 INFO  util.JmxRegister (JmxRegister.java:tryRegister(44)) - Successfully registered JMX Bean with object name Ratis:service=RaftServer,group=group-E3C11E03143C,id=42c3b2ed-144c-40e6-b21e-05ee706adaf5
2019-08-07 04:30:32,460 INFO  pipeline.PipelineStateManager (PipelineStateManager.java:addPipeline(56)) - Created pipeline Pipeline[ Id: 5873d7cd-5084-4687-a27a-e3c11e03143c, Nodes: 42c3b2ed-144c-40e6-b21e-05ee706adaf5{ip: 192.168.157.245, host: byscane-nightly-ds7lx-2296511547, networkLocation: /default-rack, certSerialId: null}, Type:RATIS, Factor:ONE, State:OPEN]
2019-08-07 04:30:33,388 INFO  ozone.MiniOzoneClusterImpl (MiniOzoneClusterImpl.java:lambda$waitForClusterToBeReady$0(142)) - Cluster is ready. Got 1 of 1 DN Heartbeats.
2019-08-07 04:30:33,559 INFO  pipeline.PipelineStateManager (PipelineStateManager.java:addPipeline(56)) - Created pipeline Pipeline[ Id: 6ed3832e-8bb1-45dc-bce9-60342a983138, Nodes: 42c3b2ed-144c-40e6-b21e-05ee706adaf5{ip: 192.168.157.245, host: byscane-nightly-ds7lx-2296511547, networkLocation: /default-rack, certSerialId: null}, Type:STAND_ALONE, Factor:ONE, State:OPEN]
2019-08-07 04:30:34,444 INFO  keyvalue.KeyValueHandler (ContainerUtils.java:logAndReturnError(146)) - Operation: CreateContainer : Trace ID: 3b429dc557e96c0e:3b429dc557e96c0e:0:0 : Message: Container creation failed, due to disk out of space : Result: DISK_OUT_OF_SPACE
04:30:34.447 [grpc-default-executor-1] ERROR DNAudit - user=null | ip=null | op=WRITE_CHUNK {blockData=conID: 7 locID: 102573816829313047 bcsId: 0} | ret=FAILURE
org.apache.hadoop.hdds.scm.container.common.helpers.StorageContainerException: ContainerID 7 creation failed
	at org.apache.hadoop.ozone.container.common.impl.HddsDispatcher.dispatchRequest(HddsDispatcher.java:227) [hadoop-hdds-container-service-0.4.1-SNAPSHOT.jar:?]
	at org.apache.hadoop.ozone.container.common.impl.HddsDispatcher.dispatch(HddsDispatcher.java:148) [hadoop-hdds-container-service-0.4.1-SNAPSHOT.jar:?]
	at org.apache.hadoop.ozone.container.common.transport.server.GrpcXceiverService$1.onNext(GrpcXceiverService.java:73) [hadoop-hdds-container-service-0.4.1-SNAPSHOT.jar:?]
	at org.apache.hadoop.ozone.container.common.transport.server.GrpcXceiverService$1.onNext(GrpcXceiverService.java:61) [hadoop-hdds-container-service-0.4.1-SNAPSHOT.jar:?]
	at org.apache.ratis.thirdparty.io.grpc.stub.ServerCalls$StreamingServerCallHandler$StreamingServerCallListener.onMessage(ServerCalls.java:248) [ratis-thirdparty-misc-0.2.0.jar:0.2.0]
	at org.apache.ratis.thirdparty.io.grpc.ForwardingServerCallListener.onMessage(ForwardingServerCallListener.java:33) [ratis-thirdparty-misc-0.2.0.jar:0.2.0]
	at org.apache.ratis.thirdparty.io.grpc.Contexts$ContextualizedServerCallListener.onMessage(Contexts.java:76) [ratis-thirdparty-misc-0.2.0.jar:0.2.0]
	at org.apache.ratis.thirdparty.io.grpc.ForwardingServerCallListener.onMessage(ForwardingServerCallListener.java:33) [ratis-thirdparty-misc-0.2.0.jar:0.2.0]
	at org.apache.hadoop.hdds.tracing.GrpcServerInterceptor$1.onMessage(GrpcServerInterceptor.java:46) [hadoop-hdds-common-0.4.1-SNAPSHOT.jar:?]
	at org.apache.ratis.thirdparty.io.grpc.internal.ServerCallImpl$ServerStreamListenerImpl.messagesAvailable(ServerCallImpl.java:263) [ratis-thirdparty-misc-0.2.0.jar:0.2.0]
	at org.apache.ratis.thirdparty.io.grpc.internal.ServerImpl$JumpToApplicationThreadServerStreamListener$1MessagesAvailable.runInContext(ServerImpl.java:686) [ratis-thirdparty-misc-0.2.0.jar:0.2.0]
	at org.apache.ratis.thirdparty.io.grpc.internal.ContextRunnable.run(ContextRunnable.java:37) [ratis-thirdparty-misc-0.2.0.jar:0.2.0]
	at org.apache.ratis.thirdparty.io.grpc.internal.SerializingExecutor.run(SerializingExecutor.java:123) [ratis-thirdparty-misc-0.2.0.jar:0.2.0]
	at java.util.concurrent.ThreadPoolExecutor.runWorker(ThreadPoolExecutor.java:1149) [?:1.8.0_212]
	at java.util.concurrent.ThreadPoolExecutor$Worker.run(ThreadPoolExecutor.java:624) [?:1.8.0_212]
	at java.lang.Thread.run(Thread.java:748) [?:1.8.0_212]
2019-08-07 04:30:34,460 INFO  impl.HddsDispatcher (ContainerUtils.java:logAndReturnError(146)) - Operation: WriteChunk : Trace ID: 3b429dc557e96c0e:3b429dc557e96c0e:0:0 : Message: ContainerID 7 creation failed : Result: DISK_OUT_OF_SPACE
2019-08-07 04:30:34,466 ERROR storage.BlockOutputStream (BlockOutputStream.java:validateResponse(531)) - Unexpected Storage Container Exception: 
org.apache.hadoop.hdds.scm.container.common.helpers.StorageContainerException: ContainerID 7 creation failed
	at org.apache.hadoop.hdds.scm.storage.ContainerProtocolCalls.validateContainerResponse(ContainerProtocolCalls.java:536)
	at org.apache.hadoop.hdds.scm.storage.BlockOutputStream.validateResponse(BlockOutputStream.java:529)
	at org.apache.hadoop.hdds.scm.storage.BlockOutputStream.lambda$writeChunkToContainer$2(BlockOutputStream.java:606)
	at java.util.concurrent.CompletableFuture.uniApply(CompletableFuture.java:602)
	at java.util.concurrent.CompletableFuture$UniApply.tryFire(CompletableFuture.java:577)
	at java.util.concurrent.CompletableFuture$Completion.run(CompletableFuture.java:442)
	at java.util.concurrent.ThreadPoolExecutor.runWorker(ThreadPoolExecutor.java:1149)
	at java.util.concurrent.ThreadPoolExecutor$Worker.run(ThreadPoolExecutor.java:624)
	at java.lang.Thread.run(Thread.java:748)
04:30:34.471 [grpc-default-executor-1] ERROR DNAudit - user=null | ip=null | op=PUT_BLOCK {blockData=[blockId=conID: 7 locID: 102573816829313047 bcsId: 0,size=5]} | ret=FAILURE
org.apache.hadoop.hdds.scm.container.common.helpers.StorageContainerException: ContainerID 7 does not exist
	at org.apache.hadoop.ozone.container.common.impl.HddsDispatcher.dispatchRequest(HddsDispatcher.java:242) [hadoop-hdds-container-service-0.4.1-SNAPSHOT.jar:?]
	at org.apache.hadoop.ozone.container.common.impl.HddsDispatcher.dispatch(HddsDispatcher.java:148) [hadoop-hdds-container-service-0.4.1-SNAPSHOT.jar:?]
	at org.apache.hadoop.ozone.container.common.transport.server.GrpcXceiverService$1.onNext(GrpcXceiverService.java:73) [hadoop-hdds-container-service-0.4.1-SNAPSHOT.jar:?]
	at org.apache.hadoop.ozone.container.common.transport.server.GrpcXceiverService$1.onNext(GrpcXceiverService.java:61) [hadoop-hdds-container-service-0.4.1-SNAPSHOT.jar:?]
	at org.apache.ratis.thirdparty.io.grpc.stub.ServerCalls$StreamingServerCallHandler$StreamingServerCallListener.onMessage(ServerCalls.java:248) [ratis-thirdparty-misc-0.2.0.jar:0.2.0]
	at org.apache.ratis.thirdparty.io.grpc.ForwardingServerCallListener.onMessage(ForwardingServerCallListener.java:33) [ratis-thirdparty-misc-0.2.0.jar:0.2.0]
	at org.apache.ratis.thirdparty.io.grpc.Contexts$ContextualizedServerCallListener.onMessage(Contexts.java:76) [ratis-thirdparty-misc-0.2.0.jar:0.2.0]
	at org.apache.ratis.thirdparty.io.grpc.ForwardingServerCallListener.onMessage(ForwardingServerCallListener.java:33) [ratis-thirdparty-misc-0.2.0.jar:0.2.0]
	at org.apache.hadoop.hdds.tracing.GrpcServerInterceptor$1.onMessage(GrpcServerInterceptor.java:46) [hadoop-hdds-common-0.4.1-SNAPSHOT.jar:?]
	at org.apache.ratis.thirdparty.io.grpc.internal.ServerCallImpl$ServerStreamListenerImpl.messagesAvailable(ServerCallImpl.java:263) [ratis-thirdparty-misc-0.2.0.jar:0.2.0]
	at org.apache.ratis.thirdparty.io.grpc.internal.ServerImpl$JumpToApplicationThreadServerStreamListener$1MessagesAvailable.runInContext(ServerImpl.java:686) [ratis-thirdparty-misc-0.2.0.jar:0.2.0]
	at org.apache.ratis.thirdparty.io.grpc.internal.ContextRunnable.run(ContextRunnable.java:37) [ratis-thirdparty-misc-0.2.0.jar:0.2.0]
	at org.apache.ratis.thirdparty.io.grpc.internal.SerializingExecutor.run(SerializingExecutor.java:123) [ratis-thirdparty-misc-0.2.0.jar:0.2.0]
	at java.util.concurrent.ThreadPoolExecutor.runWorker(ThreadPoolExecutor.java:1149) [?:1.8.0_212]
	at java.util.concurrent.ThreadPoolExecutor$Worker.run(ThreadPoolExecutor.java:624) [?:1.8.0_212]
	at java.lang.Thread.run(Thread.java:748) [?:1.8.0_212]
2019-08-07 04:30:34,471 INFO  impl.HddsDispatcher (ContainerUtils.java:logAndReturnError(146)) - Operation: PutBlock : Trace ID: 38062dc8d0251713:38062dc8d0251713:0:0 : Message: ContainerID 7 does not exist : Result: CONTAINER_NOT_FOUND
]]></system-out>
    <system-err><![CDATA[Aug 07, 2019 4:30:28 AM com.sun.jersey.server.impl.application.WebApplicationImpl _initiate
INFO: Initiating Jersey application, version 'Jersey: 1.19 02/11/2015 03:25 AM'
Aug 07, 2019 4:30:33 AM com.sun.jersey.server.impl.application.WebApplicationImpl _initiate
INFO: Initiating Jersey application, version 'Jersey: 1.19 02/11/2015 03:25 AM'
]]></system-err>
  </testcase>
  <testcase name="testSCMReinitialization" classname="org.apache.hadoop.ozone.TestStorageContainerManager" time="11.495"/>
  <testcase name="testCloseContainerCommandOnRestart" classname="org.apache.hadoop.ozone.TestStorageContainerManager" time="7.107">
    <error message="Unexpected Storage Container Exception: org.apache.hadoop.hdds.scm.container.common.helpers.StorageContainerException: ContainerID 6 creation failed" type="java.io.IOException">java.io.IOException: Unexpected Storage Container Exception: org.apache.hadoop.hdds.scm.container.common.helpers.StorageContainerException: ContainerID 6 creation failed
	at org.apache.hadoop.hdds.scm.storage.BlockOutputStream.setIoException(BlockOutputStream.java:541)
	at org.apache.hadoop.hdds.scm.storage.BlockOutputStream.validateResponse(BlockOutputStream.java:532)
	at org.apache.hadoop.hdds.scm.storage.BlockOutputStream.lambda$writeChunkToContainer$2(BlockOutputStream.java:606)
	at java.util.concurrent.CompletableFuture.uniApply(CompletableFuture.java:602)
	at java.util.concurrent.CompletableFuture$UniApply.tryFire(CompletableFuture.java:577)
	at java.util.concurrent.CompletableFuture$Completion.run(CompletableFuture.java:442)
	at java.util.concurrent.ThreadPoolExecutor.runWorker(ThreadPoolExecutor.java:1149)
	at java.util.concurrent.ThreadPoolExecutor$Worker.run(ThreadPoolExecutor.java:624)
	at java.lang.Thread.run(Thread.java:748)
Caused by: org.apache.hadoop.hdds.scm.container.common.helpers.StorageContainerException: ContainerID 6 creation failed
	at org.apache.hadoop.hdds.scm.storage.ContainerProtocolCalls.validateContainerResponse(ContainerProtocolCalls.java:536)
	at org.apache.hadoop.hdds.scm.storage.BlockOutputStream.validateResponse(BlockOutputStream.java:529)
	... 7 more
</error>
    <system-out><![CDATA[2019-08-07 04:30:46,011 WARN  server.ServerUtils (ServerUtils.java:getScmDbDir(145)) - ozone.scm.db.dirs is not configured. We recommend adding this setting. Falling back to ozone.metadata.dirs instead.
2019-08-07 04:30:46,027 WARN  server.ServerUtils (ServerUtils.java:getScmDbDir(145)) - ozone.scm.db.dirs is not configured. We recommend adding this setting. Falling back to ozone.metadata.dirs instead.
2019-08-07 04:30:46,028 WARN  server.ServerUtils (ServerUtils.java:getScmDbDir(145)) - ozone.scm.db.dirs is not configured. We recommend adding this setting. Falling back to ozone.metadata.dirs instead.
2019-08-07 04:30:46,028 INFO  db.DBStoreBuilder (DBStoreBuilder.java:addTable(110)) - using custom profile for table: deletedBlocks
2019-08-07 04:30:46,028 INFO  db.DBStoreBuilder (DBStoreBuilder.java:processTables(161)) - Using default column profile:DBProfile.DISK for Table:deletedBlocks
2019-08-07 04:30:46,029 INFO  db.DBStoreBuilder (DBStoreBuilder.java:addTable(110)) - using custom profile for table: validCerts
2019-08-07 04:30:46,029 INFO  db.DBStoreBuilder (DBStoreBuilder.java:processTables(161)) - Using default column profile:DBProfile.DISK for Table:validCerts
2019-08-07 04:30:46,029 INFO  db.DBStoreBuilder (DBStoreBuilder.java:addTable(110)) - using custom profile for table: revokedCerts
2019-08-07 04:30:46,029 INFO  db.DBStoreBuilder (DBStoreBuilder.java:processTables(161)) - Using default column profile:DBProfile.DISK for Table:revokedCerts
2019-08-07 04:30:46,030 INFO  db.DBStoreBuilder (DBStoreBuilder.java:addTable(110)) - using custom profile for table: default
2019-08-07 04:30:46,030 INFO  db.DBStoreBuilder (DBStoreBuilder.java:processTables(167)) - Using default column profile:DBProfile.DISK for Table:default
2019-08-07 04:30:46,030 INFO  db.DBStoreBuilder (DBStoreBuilder.java:getDbProfile(198)) - Using default options. DBProfile.DISK
2019-08-07 04:30:46,191 INFO  net.NodeSchemaLoader (NodeSchemaLoader.java:loadSchemaFromFile(125)) - Loading file from sun.misc.CompoundEnumeration@67450266
2019-08-07 04:30:46,191 INFO  net.NodeSchemaLoader (NodeSchemaLoader.java:loadSchema(171)) - Loading network topology layer schema file
2019-08-07 04:30:46,197 INFO  node.SCMNodeManager (SCMNodeManager.java:<init>(121)) - Entering startup safe mode.
2019-08-07 04:30:46,198 WARN  server.ServerUtils (ServerUtils.java:getScmDbDir(145)) - ozone.scm.db.dirs is not configured. We recommend adding this setting. Falling back to ozone.metadata.dirs instead.
2019-08-07 04:30:46,221 INFO  pipeline.SCMPipelineManager (SCMPipelineManager.java:initializePipelineState(126)) - No pipeline exists in current db
2019-08-07 04:30:46,221 WARN  server.ServerUtils (ServerUtils.java:getScmDbDir(145)) - ozone.scm.db.dirs is not configured. We recommend adding this setting. Falling back to ozone.metadata.dirs instead.
2019-08-07 04:30:46,247 WARN  events.EventQueue (EventQueue.java:fireEvent(175)) - No event handler registered for event TypedEvent{payloadType=SafeModeStatus, name='SafeModeStatus'}
2019-08-07 04:30:46,248 INFO  ipc.CallQueueManager (CallQueueManager.java:<init>(84)) - Using callQueue: class java.util.concurrent.LinkedBlockingQueue, queueCapacity: 2000, scheduler: class org.apache.hadoop.ipc.DefaultRpcScheduler, ipcBackoff: false.
2019-08-07 04:30:46,249 INFO  ipc.Server (Server.java:run(1074)) - Starting Socket Reader #1 for port 34081
2019-08-07 04:30:46,252 INFO  ipc.CallQueueManager (CallQueueManager.java:<init>(84)) - Using callQueue: class java.util.concurrent.LinkedBlockingQueue, queueCapacity: 2000, scheduler: class org.apache.hadoop.ipc.DefaultRpcScheduler, ipcBackoff: false.
2019-08-07 04:30:46,253 INFO  ipc.Server (Server.java:run(1074)) - Starting Socket Reader #1 for port 42682
2019-08-07 04:30:46,255 INFO  ipc.CallQueueManager (CallQueueManager.java:<init>(84)) - Using callQueue: class java.util.concurrent.LinkedBlockingQueue, queueCapacity: 2000, scheduler: class org.apache.hadoop.ipc.DefaultRpcScheduler, ipcBackoff: false.
2019-08-07 04:30:46,256 INFO  ipc.Server (Server.java:run(1074)) - Starting Socket Reader #1 for port 44283
2019-08-07 04:30:46,260 INFO  hdfs.DFSUtil (DFSUtil.java:httpServerTemplateForNNAndJN(1641)) - Starting Web-server for scm at: http://0.0.0.0:0
2019-08-07 04:30:46,262 INFO  server.AuthenticationFilter (AuthenticationFilter.java:constructSecretProvider(240)) - Unable to initialize FileSignerSecretProvider, falling back to use random secrets.
2019-08-07 04:30:46,263 WARN  http.HttpRequestLog (HttpRequestLog.java:getRequestLog(97)) - Jetty request log can only be enabled using Log4j
2019-08-07 04:30:46,266 INFO  http.HttpServer2 (HttpServer2.java:addGlobalFilter(975)) - Added global filter 'safety' (class=org.apache.hadoop.http.HttpServer2$QuotingInputFilter)
2019-08-07 04:30:46,266 INFO  http.HttpServer2 (HttpServer2.java:addFilter(948)) - Added filter static_user_filter (class=org.apache.hadoop.http.lib.StaticUserWebFilter$StaticUserFilter) to context scm
2019-08-07 04:30:46,267 INFO  http.HttpServer2 (HttpServer2.java:addFilter(958)) - Added filter static_user_filter (class=org.apache.hadoop.http.lib.StaticUserWebFilter$StaticUserFilter) to context static
2019-08-07 04:30:46,267 INFO  http.HttpServer2 (HttpServer2.java:addFilter(958)) - Added filter static_user_filter (class=org.apache.hadoop.http.lib.StaticUserWebFilter$StaticUserFilter) to context logs
2019-08-07 04:30:46,270 INFO  server.StorageContainerManager (StorageContainerManager.java:start(758)) - StorageContainerLocationProtocol RPC server is listening at /0.0.0.0:44283
2019-08-07 04:30:46,272 WARN  impl.MetricsConfig (MetricsConfig.java:loadFirst(134)) - Cannot locate configuration: tried hadoop-metrics2-storagecontainermanager.properties,hadoop-metrics2.properties
2019-08-07 04:30:46,274 INFO  impl.MetricsSystemImpl (MetricsSystemImpl.java:startTimer(374)) - Scheduled Metric snapshot period at 10 second(s).
2019-08-07 04:30:46,274 INFO  impl.MetricsSystemImpl (MetricsSystemImpl.java:start(191)) - StorageContainerManager metrics system started
2019-08-07 04:30:46,375 INFO  server.SCMClientProtocolServer (SCMClientProtocolServer.java:start(151)) - RPC server for Client  is listening at /0.0.0.0:44283
2019-08-07 04:30:46,376 INFO  ipc.Server (Server.java:run(1314)) - IPC Server Responder: starting
2019-08-07 04:30:46,376 INFO  ipc.Server (Server.java:run(1153)) - IPC Server listener on 44283: starting
2019-08-07 04:30:46,380 INFO  server.StorageContainerManager (StorageContainerManager.java:start(768)) - ScmBlockLocationProtocol RPC server is listening at /0.0.0.0:42682
2019-08-07 04:30:46,380 INFO  server.SCMBlockProtocolServer (SCMBlockProtocolServer.java:start(140)) - RPC server for Block Protocol is listening at /0.0.0.0:42682
2019-08-07 04:30:46,381 INFO  ipc.Server (Server.java:run(1314)) - IPC Server Responder: starting
2019-08-07 04:30:46,381 INFO  ipc.Server (Server.java:run(1153)) - IPC Server listener on 42682: starting
2019-08-07 04:30:46,387 INFO  server.StorageContainerManager (StorageContainerManager.java:start(772)) - ScmDatanodeProtocl RPC server is listening at /0.0.0.0:34081
2019-08-07 04:30:46,387 INFO  server.SCMDatanodeProtocolServer (SCMDatanodeProtocolServer.java:start(191)) - RPC server for DataNodes is listening at /0.0.0.0:34081
2019-08-07 04:30:46,387 INFO  ipc.Server (Server.java:run(1314)) - IPC Server Responder: starting
2019-08-07 04:30:46,389 INFO  ipc.Server (Server.java:run(1153)) - IPC Server listener on 34081: starting
2019-08-07 04:30:46,393 INFO  http.HttpServer2 (HttpServer2.java:bindListener(1191)) - Jetty bound to port 39554
2019-08-07 04:30:46,394 INFO  server.Server (Server.java:doStart(351)) - jetty-9.3.24.v20180605, build timestamp: 2018-06-05T17:11:56Z, git hash: 84205aa28f11a4f31f2a3b86d1bba2cc8ab69827
2019-08-07 04:30:46,396 INFO  handler.ContextHandler (ContextHandler.java:doStart(781)) - Started o.e.j.s.ServletContextHandler@701d5ee7{/logs,file:///workdir/hadoop-ozone/integration-test/target/log,AVAILABLE}
2019-08-07 04:30:46,396 INFO  handler.ContextHandler (ContextHandler.java:doStart(781)) - Started o.e.j.s.ServletContextHandler@2631f077{/static,file:///workdir/hadoop-ozone/integration-test/target/test-classes/webapps/static,AVAILABLE}
2019-08-07 04:30:46,401 INFO  handler.ContextHandler (ContextHandler.java:doStart(781)) - Started o.e.j.w.WebAppContext@f7a084d{/,file:///workdir/hadoop-ozone/integration-test/target/test-classes/webapps/scm/,AVAILABLE}{/scm}
2019-08-07 04:30:46,402 INFO  server.AbstractConnector (AbstractConnector.java:doStart(278)) - Started ServerConnector@10a5b94d{HTTP/1.1,[http/1.1]}{0.0.0.0:39554}
2019-08-07 04:30:46,403 INFO  server.Server (Server.java:doStart(419)) - Started @39055ms
2019-08-07 04:30:46,404 INFO  server.BaseHttpServer (BaseHttpServer.java:updateConnectorAddress(207)) - HTTP server of SCM is listening at http://0.0.0.0:39554
2019-08-07 04:30:46,404 WARN  server.ServerUtils (ServerUtils.java:getDBPath(222)) - ozone.om.db.dirs is not configured. We recommend adding this setting. Falling back to ozone.metadata.dirs instead.
2019-08-07 04:30:46,405 INFO  util.JvmPauseMonitor (JvmPauseMonitor.java:run(188)) - Starting JVM pause monitor
2019-08-07 04:30:46,420 WARN  server.ServerUtils (ServerUtils.java:getDBPath(222)) - ozone.om.db.dirs is not configured. We recommend adding this setting. Falling back to ozone.metadata.dirs instead.
2019-08-07 04:30:46,420 WARN  server.ServerUtils (ServerUtils.java:getDBPath(222)) - ozone.om.db.dirs is not configured. We recommend adding this setting. Falling back to ozone.metadata.dirs instead.
2019-08-07 04:30:46,420 INFO  om.OzoneManager (OzoneManager.java:setOMNodeDetails(644)) - OM Service ID is not set. Setting it to the default ID: omServiceIdDefault
2019-08-07 04:30:46,421 INFO  om.OzoneManager (OzoneManager.java:setOMNodeDetails(650)) - OM Node ID is not set. Setting it to the OmStorage's OmID: cc89dfee-b952-4772-b592-7571d46446d7
2019-08-07 04:30:46,421 INFO  om.OzoneManager (OzoneManager.java:loadOMHAConfigs(601)) - Found matching OM address with OMServiceId: null, OMNodeId: null, RPC Address: localhost:0 and Ratis port: 9872
2019-08-07 04:30:46,428 WARN  server.ServerUtils (ServerUtils.java:getDBPath(222)) - ozone.om.db.dirs is not configured. We recommend adding this setting. Falling back to ozone.metadata.dirs instead.
2019-08-07 04:30:46,429 INFO  db.DBStoreBuilder (DBStoreBuilder.java:addTable(110)) - using custom profile for table: userTable
2019-08-07 04:30:46,429 INFO  db.DBStoreBuilder (DBStoreBuilder.java:processTables(161)) - Using default column profile:DBProfile.DISK for Table:userTable
2019-08-07 04:30:46,429 INFO  db.DBStoreBuilder (DBStoreBuilder.java:addTable(110)) - using custom profile for table: volumeTable
2019-08-07 04:30:46,429 INFO  db.DBStoreBuilder (DBStoreBuilder.java:processTables(161)) - Using default column profile:DBProfile.DISK for Table:volumeTable
2019-08-07 04:30:46,430 INFO  db.DBStoreBuilder (DBStoreBuilder.java:addTable(110)) - using custom profile for table: bucketTable
2019-08-07 04:30:46,430 INFO  db.DBStoreBuilder (DBStoreBuilder.java:processTables(161)) - Using default column profile:DBProfile.DISK for Table:bucketTable
2019-08-07 04:30:46,430 INFO  db.DBStoreBuilder (DBStoreBuilder.java:addTable(110)) - using custom profile for table: keyTable
2019-08-07 04:30:46,430 INFO  db.DBStoreBuilder (DBStoreBuilder.java:processTables(161)) - Using default column profile:DBProfile.DISK for Table:keyTable
2019-08-07 04:30:46,430 INFO  db.DBStoreBuilder (DBStoreBuilder.java:addTable(110)) - using custom profile for table: deletedTable
2019-08-07 04:30:46,430 INFO  db.DBStoreBuilder (DBStoreBuilder.java:processTables(161)) - Using default column profile:DBProfile.DISK for Table:deletedTable
2019-08-07 04:30:46,431 INFO  db.DBStoreBuilder (DBStoreBuilder.java:addTable(110)) - using custom profile for table: openKeyTable
2019-08-07 04:30:46,431 INFO  db.DBStoreBuilder (DBStoreBuilder.java:processTables(161)) - Using default column profile:DBProfile.DISK for Table:openKeyTable
2019-08-07 04:30:46,431 INFO  db.DBStoreBuilder (DBStoreBuilder.java:addTable(110)) - using custom profile for table: s3Table
2019-08-07 04:30:46,431 INFO  db.DBStoreBuilder (DBStoreBuilder.java:processTables(161)) - Using default column profile:DBProfile.DISK for Table:s3Table
2019-08-07 04:30:46,431 INFO  db.DBStoreBuilder (DBStoreBuilder.java:addTable(110)) - using custom profile for table: multipartInfoTable
2019-08-07 04:30:46,431 INFO  db.DBStoreBuilder (DBStoreBuilder.java:processTables(161)) - Using default column profile:DBProfile.DISK for Table:multipartInfoTable
2019-08-07 04:30:46,431 INFO  db.DBStoreBuilder (DBStoreBuilder.java:addTable(110)) - using custom profile for table: dTokenTable
2019-08-07 04:30:46,432 INFO  db.DBStoreBuilder (DBStoreBuilder.java:processTables(161)) - Using default column profile:DBProfile.DISK for Table:dTokenTable
2019-08-07 04:30:46,432 INFO  db.DBStoreBuilder (DBStoreBuilder.java:addTable(110)) - using custom profile for table: s3SecretTable
2019-08-07 04:30:46,432 INFO  db.DBStoreBuilder (DBStoreBuilder.java:processTables(161)) - Using default column profile:DBProfile.DISK for Table:s3SecretTable
2019-08-07 04:30:46,432 INFO  db.DBStoreBuilder (DBStoreBuilder.java:addTable(110)) - using custom profile for table: prefixTable
2019-08-07 04:30:46,432 INFO  db.DBStoreBuilder (DBStoreBuilder.java:processTables(161)) - Using default column profile:DBProfile.DISK for Table:prefixTable
2019-08-07 04:30:46,432 INFO  db.DBStoreBuilder (DBStoreBuilder.java:addTable(110)) - using custom profile for table: default
2019-08-07 04:30:46,433 INFO  db.DBStoreBuilder (DBStoreBuilder.java:processTables(167)) - Using default column profile:DBProfile.DISK for Table:default
2019-08-07 04:30:46,433 INFO  db.DBStoreBuilder (DBStoreBuilder.java:getDbProfile(198)) - Using default options. DBProfile.DISK
2019-08-07 04:30:46,956 INFO  ipc.CallQueueManager (CallQueueManager.java:<init>(84)) - Using callQueue: class java.util.concurrent.LinkedBlockingQueue, queueCapacity: 2000, scheduler: class org.apache.hadoop.ipc.DefaultRpcScheduler, ipcBackoff: false.
2019-08-07 04:30:46,957 INFO  ipc.Server (Server.java:run(1074)) - Starting Socket Reader #1 for port 43402
2019-08-07 04:30:46,976 INFO  om.OzoneManager (OzoneManager.java:start(1255)) - OzoneManager RPC server is listening at localhost/127.0.0.1:43402
2019-08-07 04:30:46,976 INFO  impl.MetricsSystemImpl (MetricsSystemImpl.java:init(158)) - OzoneManager metrics system started (again)
2019-08-07 04:30:46,977 INFO  ipc.Server (Server.java:run(1153)) - IPC Server listener on 43402: starting
2019-08-07 04:30:46,977 INFO  ipc.Server (Server.java:run(1314)) - IPC Server Responder: starting
2019-08-07 04:30:46,985 INFO  hdfs.DFSUtil (DFSUtil.java:httpServerTemplateForNNAndJN(1641)) - Starting Web-server for ozoneManager at: http://0.0.0.0:0
2019-08-07 04:30:46,988 INFO  server.AuthenticationFilter (AuthenticationFilter.java:constructSecretProvider(240)) - Unable to initialize FileSignerSecretProvider, falling back to use random secrets.
2019-08-07 04:30:46,988 WARN  http.HttpRequestLog (HttpRequestLog.java:getRequestLog(97)) - Jetty request log can only be enabled using Log4j
2019-08-07 04:30:46,991 INFO  http.HttpServer2 (HttpServer2.java:addGlobalFilter(975)) - Added global filter 'safety' (class=org.apache.hadoop.http.HttpServer2$QuotingInputFilter)
2019-08-07 04:30:46,992 INFO  http.HttpServer2 (HttpServer2.java:addFilter(948)) - Added filter static_user_filter (class=org.apache.hadoop.http.lib.StaticUserWebFilter$StaticUserFilter) to context ozoneManager
2019-08-07 04:30:46,992 INFO  http.HttpServer2 (HttpServer2.java:addFilter(958)) - Added filter static_user_filter (class=org.apache.hadoop.http.lib.StaticUserWebFilter$StaticUserFilter) to context logs
2019-08-07 04:30:46,993 INFO  http.HttpServer2 (HttpServer2.java:addFilter(958)) - Added filter static_user_filter (class=org.apache.hadoop.http.lib.StaticUserWebFilter$StaticUserFilter) to context static
2019-08-07 04:30:46,994 INFO  http.HttpServer2 (HttpServer2.java:bindListener(1191)) - Jetty bound to port 45170
2019-08-07 04:30:46,994 INFO  server.Server (Server.java:doStart(351)) - jetty-9.3.24.v20180605, build timestamp: 2018-06-05T17:11:56Z, git hash: 84205aa28f11a4f31f2a3b86d1bba2cc8ab69827
2019-08-07 04:30:46,996 INFO  handler.ContextHandler (ContextHandler.java:doStart(781)) - Started o.e.j.s.ServletContextHandler@31600322{/logs,file:///workdir/hadoop-ozone/integration-test/target/log,AVAILABLE}
2019-08-07 04:30:46,997 INFO  handler.ContextHandler (ContextHandler.java:doStart(781)) - Started o.e.j.s.ServletContextHandler@507e8c9c{/static,file:///workdir/hadoop-ozone/integration-test/target/test-classes/webapps/static,AVAILABLE}
2019-08-07 04:30:47,003 INFO  handler.ContextHandler (ContextHandler.java:doStart(781)) - Started o.e.j.w.WebAppContext@11247a6e{/,file:///workdir/hadoop-ozone/integration-test/target/test-classes/webapps/ozoneManager/,AVAILABLE}{/ozoneManager}
2019-08-07 04:30:47,004 INFO  server.AbstractConnector (AbstractConnector.java:doStart(278)) - Started ServerConnector@7664cb11{HTTP/1.1,[http/1.1]}{0.0.0.0:45170}
2019-08-07 04:30:47,005 INFO  server.Server (Server.java:doStart(419)) - Started @39657ms
2019-08-07 04:30:47,006 INFO  server.BaseHttpServer (BaseHttpServer.java:updateConnectorAddress(207)) - HTTP server of OZONEMANAGER is listening at http://0.0.0.0:45170
2019-08-07 04:30:47,011 INFO  impl.MetricsSystemImpl (MetricsSystemImpl.java:init(158)) - HddsDatanode metrics system started (again)
2019-08-07 04:30:47,017 INFO  ozone.HddsDatanodeService (HddsDatanodeService.java:start(184)) - HddsDatanodeService host:byscane-nightly-ds7lx-2296511547 ip:192.168.157.245
2019-08-07 04:30:47,031 INFO  volume.HddsVolume (HddsVolume.java:<init>(176)) - Creating Volume: /workdir/hadoop-ozone/integration-test/target/test-dir/MiniOzoneClusterImpl-e8b7de04-7acf-419a-9f04-c71c52f9aeee/datanode-0/data/containers/hdds of  storage type : DISK and capacity : 52710309888
2019-08-07 04:30:47,032 INFO  volume.VolumeSet (VolumeSet.java:initializeVolumeSet(170)) - Added Volume : /workdir/hadoop-ozone/integration-test/target/test-dir/MiniOzoneClusterImpl-e8b7de04-7acf-419a-9f04-c71c52f9aeee/datanode-0/data/containers/hdds to VolumeSet
2019-08-07 04:30:47,032 INFO  volume.ThrottledAsyncChecker (ThrottledAsyncChecker.java:schedule(140)) - Scheduling a check for org.apache.hadoop.ozone.container.common.volume.HddsVolume@306140d1
2019-08-07 04:30:47,033 INFO  volume.HddsVolumeChecker (HddsVolumeChecker.java:checkAllVolumes(203)) - Scheduled health check for volume org.apache.hadoop.ozone.container.common.volume.HddsVolume@306140d1
2019-08-07 04:30:47,052 INFO  impl.RaftServerProxy (ConfUtils.java:logGet(43)) - raft.rpc.type = GRPC (default)
2019-08-07 04:30:47,052 INFO  grpc.GrpcFactory (GrpcFactory.java:checkPooledByteBufAllocatorUseCacheForAllThreads(45)) - PERFORMANCE WARNING: useCacheForAllThreads is true that may cause Netty to create a lot garbage objects and, as a result, trigger GC.
	It is recommended to disable useCacheForAllThreads by setting -Dorg.apache.ratis.thirdparty.io.netty.allocator.useCacheForAllThreads=false in command line.
2019-08-07 04:30:47,052 INFO  grpc.GrpcConfigKeys$Server (ConfUtils.java:logGet(43)) - raft.grpc.server.port = 0 (default)
2019-08-07 04:30:47,053 INFO  server.GrpcService (ConfUtils.java:logGet(43)) - raft.grpc.message.size.max = 33570816 (custom)
2019-08-07 04:30:47,053 INFO  server.RaftServerConfigKeys (ConfUtils.java:logGet(43)) - raft.server.log.appender.buffer.byte-limit = 33554432 (custom)
2019-08-07 04:30:47,053 INFO  server.GrpcService (ConfUtils.java:logGet(43)) - raft.grpc.flow.control.window = 1MB (=1048576) (default)
2019-08-07 04:30:47,054 INFO  server.RaftServerConfigKeys (ConfUtils.java:logGet(43)) - raft.server.rpc.request.timeout = 3000ms (default)
2019-08-07 04:30:47,054 INFO  server.RaftServerConfigKeys (ConfUtils.java:logGet(43)) - raft.server.storage.dir = [/workdir/hadoop-ozone/integration-test/target/test-dir/MiniOzoneClusterImpl-e8b7de04-7acf-419a-9f04-c71c52f9aeee/datanode-0/data/ratis] (custom)
2019-08-07 04:30:47,055 INFO  replication.SimpleContainerDownloader (SimpleContainerDownloader.java:<init>(72)) - Starting container downloader service to copy containers to replicate.
2019-08-07 04:30:47,057 INFO  hdfs.DFSUtil (DFSUtil.java:httpServerTemplateForNNAndJN(1641)) - Starting Web-server for hddsDatanode at: http://0.0.0.0:0
2019-08-07 04:30:47,058 INFO  server.AuthenticationFilter (AuthenticationFilter.java:constructSecretProvider(240)) - Unable to initialize FileSignerSecretProvider, falling back to use random secrets.
2019-08-07 04:30:47,058 WARN  http.HttpRequestLog (HttpRequestLog.java:getRequestLog(97)) - Jetty request log can only be enabled using Log4j
2019-08-07 04:30:47,060 INFO  http.HttpServer2 (HttpServer2.java:addGlobalFilter(975)) - Added global filter 'safety' (class=org.apache.hadoop.http.HttpServer2$QuotingInputFilter)
2019-08-07 04:30:47,060 INFO  http.HttpServer2 (HttpServer2.java:addFilter(948)) - Added filter static_user_filter (class=org.apache.hadoop.http.lib.StaticUserWebFilter$StaticUserFilter) to context hddsDatanode
2019-08-07 04:30:47,061 INFO  http.HttpServer2 (HttpServer2.java:addFilter(958)) - Added filter static_user_filter (class=org.apache.hadoop.http.lib.StaticUserWebFilter$StaticUserFilter) to context static
2019-08-07 04:30:47,061 INFO  http.HttpServer2 (HttpServer2.java:addFilter(958)) - Added filter static_user_filter (class=org.apache.hadoop.http.lib.StaticUserWebFilter$StaticUserFilter) to context logs
2019-08-07 04:30:47,062 INFO  http.HttpServer2 (HttpServer2.java:bindListener(1191)) - Jetty bound to port 37129
2019-08-07 04:30:47,062 INFO  server.Server (Server.java:doStart(351)) - jetty-9.3.24.v20180605, build timestamp: 2018-06-05T17:11:56Z, git hash: 84205aa28f11a4f31f2a3b86d1bba2cc8ab69827
2019-08-07 04:30:47,064 INFO  handler.ContextHandler (ContextHandler.java:doStart(781)) - Started o.e.j.s.ServletContextHandler@5c21de5a{/logs,file:///workdir/hadoop-ozone/integration-test/target/log,AVAILABLE}
2019-08-07 04:30:47,065 INFO  handler.ContextHandler (ContextHandler.java:doStart(781)) - Started o.e.j.s.ServletContextHandler@3c0a9482{/static,jar:file:/home/user/.m2/repository/org/apache/hadoop/hadoop-hdds-container-service/0.4.1-SNAPSHOT/hadoop-hdds-container-service-0.4.1-SNAPSHOT.jar!/webapps/static,AVAILABLE}
2019-08-07 04:30:47,095 INFO  handler.ContextHandler (ContextHandler.java:doStart(781)) - Started o.e.j.w.WebAppContext@4d09163c{/,file:///tmp/jetty-0.0.0.0-37129-hddsDatanode-_-any-2328768620167306659.dir/webapp/,AVAILABLE}{/hddsDatanode}
2019-08-07 04:30:47,096 INFO  server.AbstractConnector (AbstractConnector.java:doStart(278)) - Started ServerConnector@4a105e8a{HTTP/1.1,[http/1.1]}{0.0.0.0:37129}
2019-08-07 04:30:47,097 INFO  server.Server (Server.java:doStart(419)) - Started @39749ms
2019-08-07 04:30:47,098 INFO  server.BaseHttpServer (BaseHttpServer.java:updateConnectorAddress(207)) - HTTP server of HDDSDATANODE is listening at http://0.0.0.0:37129
2019-08-07 04:30:47,219 INFO  ozone.HddsDatanodeService (HddsDatanodeService.java:startPlugins(395)) - Started plug-in org.apache.hadoop.ozone.web.OzoneHddsDatanodeService@5ae0c5d
2019-08-07 04:30:47,220 INFO  ozone.MiniOzoneClusterImpl (MiniOzoneClusterImpl.java:lambda$waitForClusterToBeReady$0(142)) - Waiting for cluster to be ready. Got 0 of 1 DN Heartbeats.
2019-08-07 04:30:47,224 INFO  util.JvmPauseMonitor (JvmPauseMonitor.java:run(188)) - Starting JVM pause monitor
2019-08-07 04:30:47,226 INFO  datanode.InitDatanodeState (InitDatanodeState.java:persistContainerDatanodeDetails(140)) - DatanodeDetails is persisted to /workdir/hadoop-ozone/integration-test/target/test-dir/MiniOzoneClusterImpl-e8b7de04-7acf-419a-9f04-c71c52f9aeee/datanode-0/meta/datanode.id
2019-08-07 04:30:48,220 INFO  ozone.MiniOzoneClusterImpl (MiniOzoneClusterImpl.java:lambda$waitForClusterToBeReady$0(142)) - Waiting for cluster to be ready. Got 0 of 1 DN Heartbeats.
2019-08-07 04:30:49,221 INFO  ozone.MiniOzoneClusterImpl (MiniOzoneClusterImpl.java:lambda$waitForClusterToBeReady$0(142)) - Waiting for cluster to be ready. Got 0 of 1 DN Heartbeats.
2019-08-07 04:30:49,244 INFO  ozoneimpl.OzoneContainer (OzoneContainer.java:start(186)) - Attempting to start container services.
2019-08-07 04:30:49,247 INFO  ozoneimpl.OzoneContainer (OzoneContainer.java:startContainerScrub(160)) - Background container scrubber has been disabled by hdds.containerscrub.enabled
2019-08-07 04:30:49,247 INFO  ratis.XceiverServerRatis (XceiverServerRatis.java:start(404)) - Starting XceiverServerRatis 78966590-7370-4a3d-a591-eab80e2eddd7 at port 0
2019-08-07 04:30:49,259 INFO  impl.RaftServerProxy (RaftServerProxy.java:lambda$start$3(299)) - 78966590-7370-4a3d-a591-eab80e2eddd7: start RPC server
2019-08-07 04:30:49,263 INFO  server.GrpcService (GrpcService.java:startImpl(149)) - 78966590-7370-4a3d-a591-eab80e2eddd7: GrpcService started, listening on 0.0.0.0/0.0.0.0:43642
2019-08-07 04:30:49,263 INFO  ratis.XceiverServerRatis (XceiverServerRatis.java:start(414)) - XceiverServerRatis 78966590-7370-4a3d-a591-eab80e2eddd7 is started using port 43642
2019-08-07 04:30:49,265 INFO  server.XceiverServerGrpc (XceiverServerGrpc.java:start(161)) - XceiverServerGrpc 78966590-7370-4a3d-a591-eab80e2eddd7 is started using port 37680
2019-08-07 04:30:50,221 INFO  ozone.MiniOzoneClusterImpl (MiniOzoneClusterImpl.java:lambda$waitForClusterToBeReady$0(142)) - Waiting for cluster to be ready. Got 0 of 1 DN Heartbeats.
2019-08-07 04:30:51,222 INFO  ozone.MiniOzoneClusterImpl (MiniOzoneClusterImpl.java:lambda$waitForClusterToBeReady$0(142)) - Waiting for cluster to be ready. Got 0 of 1 DN Heartbeats.
2019-08-07 04:30:51,227 INFO  net.NetworkTopology (NetworkTopologyImpl.java:add(110)) - Added a new node: /default-rack/78966590-7370-4a3d-a591-eab80e2eddd7
2019-08-07 04:30:51,229 INFO  node.SCMNodeManager (SCMNodeManager.java:register(273)) - Registered Data node : 78966590-7370-4a3d-a591-eab80e2eddd7{ip: 192.168.157.245, host: byscane-nightly-ds7lx-2296511547, networkLocation: /default-rack, certSerialId: null}
2019-08-07 04:30:51,233 INFO  safemode.SCMSafeModeManager (DataNodeSafeModeRule.java:process(71)) - SCM in safe mode. 1 DataNodes registered, 1 required.
2019-08-07 04:30:51,235 INFO  safemode.SCMSafeModeManager (SCMSafeModeManager.java:validateSafeModeExitRules(177)) - ScmSafeModeManager, all rules are successfully validated
2019-08-07 04:30:51,235 INFO  safemode.SCMSafeModeManager (SCMSafeModeManager.java:exitSafeMode(193)) - SCM exiting safe mode.
2019-08-07 04:30:51,258 INFO  impl.RaftServerProxy (RaftServerProxy.java:addNew(89)) - 78966590-7370-4a3d-a591-eab80e2eddd7: addNew group-87D7C1724E3A:[78966590-7370-4a3d-a591-eab80e2eddd7:192.168.157.245:43642] returns group-87D7C1724E3A:java.util.concurrent.CompletableFuture@6229cb0a[Not completed]
2019-08-07 04:30:51,261 INFO  impl.RaftServerImpl (RaftServerImpl.java:<init>(93)) - 78966590-7370-4a3d-a591-eab80e2eddd7: new RaftServerImpl for group-87D7C1724E3A:[78966590-7370-4a3d-a591-eab80e2eddd7:192.168.157.245:43642] with ContainerStateMachine:uninitialized
2019-08-07 04:30:51,262 INFO  server.RaftServerConfigKeys (ConfUtils.java:logGet(43)) - raft.server.rpc.timeout.min = 5s (custom)
2019-08-07 04:30:51,263 INFO  server.RaftServerConfigKeys (ConfUtils.java:logGet(43)) - raft.server.rpc.timeout.max = 5200ms (custom)
2019-08-07 04:30:51,263 INFO  server.RaftServerConfigKeys (ConfUtils.java:logGet(43)) - raft.server.rpcslowness.timeout = 120s (custom)
2019-08-07 04:30:51,263 INFO  server.RaftServerConfigKeys (ConfUtils.java:logGet(43)) - raft.server.sleep.deviation.threshold = 300 (default)
2019-08-07 04:30:51,263 INFO  server.RaftServerConfigKeys (ConfUtils.java:logGet(43)) - raft.server.log.appender.install.snapshot.enabled = false (custom)
2019-08-07 04:30:51,263 INFO  impl.RaftServerImpl (ServerState.java:<init>(105)) - 78966590-7370-4a3d-a591-eab80e2eddd7:group-87D7C1724E3A ConfigurationManager, init=-1: [78966590-7370-4a3d-a591-eab80e2eddd7:192.168.157.245:43642], old=null, confs=<EMPTY_MAP>
2019-08-07 04:30:51,264 INFO  server.RaftServerConfigKeys (ConfUtils.java:logGet(43)) - raft.server.storage.dir = [/workdir/hadoop-ozone/integration-test/target/test-dir/MiniOzoneClusterImpl-e8b7de04-7acf-419a-9f04-c71c52f9aeee/datanode-0/data/ratis] (custom)
2019-08-07 04:30:51,264 INFO  storage.RaftStorageDirectory (RaftStorageDirectory.java:analyzeStorage(246)) - The storage directory /workdir/hadoop-ozone/integration-test/target/test-dir/MiniOzoneClusterImpl-e8b7de04-7acf-419a-9f04-c71c52f9aeee/datanode-0/data/ratis/4192e147-9900-4d97-8a64-87d7c1724e3a does not exist. Creating ...
2019-08-07 04:30:51,278 INFO  storage.RaftStorageDirectory (RaftStorageDirectory.java:tryLock(328)) - Lock on /workdir/hadoop-ozone/integration-test/target/test-dir/MiniOzoneClusterImpl-e8b7de04-7acf-419a-9f04-c71c52f9aeee/datanode-0/data/ratis/4192e147-9900-4d97-8a64-87d7c1724e3a/in_use.lock acquired by nodename 1920@byscane-nightly-ds7lx-2296511547
2019-08-07 04:30:51,292 INFO  storage.RaftStorage (RaftStorage.java:format(72)) - Storage directory /workdir/hadoop-ozone/integration-test/target/test-dir/MiniOzoneClusterImpl-e8b7de04-7acf-419a-9f04-c71c52f9aeee/datanode-0/data/ratis/4192e147-9900-4d97-8a64-87d7c1724e3a has been successfully formatted.
2019-08-07 04:30:51,292 INFO  ratis.ContainerStateMachine (ContainerStateMachine.java:loadSnapshot(213)) - group-87D7C1724E3A: The snapshot info is null. Setting the last applied indexto:(t:0, i:~)
2019-08-07 04:30:51,292 INFO  server.RaftServerConfigKeys (ConfUtils.java:logGet(43)) - raft.server.leader.election.timeout = 120s (custom)
2019-08-07 04:30:51,293 INFO  server.RaftServerConfigKeys (ConfUtils.java:logGet(43)) - raft.server.log.use.memory = false (default)
2019-08-07 04:30:51,293 INFO  server.RaftServerConfigKeys (ConfUtils.java:logGet(43)) - raft.server.log.purge.gap = 1000000000 (custom)
2019-08-07 04:30:51,293 INFO  server.RaftServerConfigKeys (ConfUtils.java:logGet(43)) - raft.server.log.appender.buffer.byte-limit = 33554432 (custom)
2019-08-07 04:30:51,293 INFO  server.RaftServerConfigKeys (ConfUtils.java:logGet(43)) - raft.server.log.segment.size.max = 1048576 (custom)
2019-08-07 04:30:51,293 INFO  server.RaftServerConfigKeys (ConfUtils.java:logGet(43)) - raft.server.log.segment.cache.num.max = 2 (custom)
2019-08-07 04:30:51,294 INFO  segmented.SegmentedRaftLogWorker (SegmentedRaftLogWorker.java:<init>(172)) - new 78966590-7370-4a3d-a591-eab80e2eddd7-SegmentedRaftLogWorker:Storage Directory /workdir/hadoop-ozone/integration-test/target/test-dir/MiniOzoneClusterImpl-e8b7de04-7acf-419a-9f04-c71c52f9aeee/datanode-0/data/ratis/4192e147-9900-4d97-8a64-87d7c1724e3a for RaftStorage:Storage Directory /workdir/hadoop-ozone/integration-test/target/test-dir/MiniOzoneClusterImpl-e8b7de04-7acf-419a-9f04-c71c52f9aeee/datanode-0/data/ratis/4192e147-9900-4d97-8a64-87d7c1724e3a
2019-08-07 04:30:51,294 INFO  server.RaftServerConfigKeys (ConfUtils.java:logGet(43)) - raft.server.log.queue.byte-limit = 2147483647 (custom)
2019-08-07 04:30:51,294 INFO  server.RaftServerConfigKeys (ConfUtils.java:logGet(43)) - raft.server.log.queue.element-limit = 1024 (custom)
2019-08-07 04:30:51,294 INFO  server.RaftServerConfigKeys (ConfUtils.java:logGet(43)) - raft.server.log.segment.size.max = 1048576 (custom)
2019-08-07 04:30:51,295 INFO  server.RaftServerConfigKeys (ConfUtils.java:logGet(43)) - raft.server.log.preallocated.size = 16384 (custom)
2019-08-07 04:30:51,295 INFO  server.RaftServerConfigKeys (ConfUtils.java:logGet(43)) - raft.server.log.write.buffer.size = 33554432 (custom)
2019-08-07 04:30:51,295 INFO  server.RaftServerConfigKeys (ConfUtils.java:logGet(43)) - raft.server.log.force.sync.num = 128 (default)
2019-08-07 04:30:51,295 INFO  server.RaftServerConfigKeys (ConfUtils.java:logGet(43)) - raft.server.log.statemachine.data.sync = true (default)
2019-08-07 04:30:51,295 INFO  server.RaftServerConfigKeys (ConfUtils.java:logGet(43)) - raft.server.log.statemachine.data.sync.timeout = 10s (default)
2019-08-07 04:30:51,295 INFO  server.RaftServerConfigKeys (ConfUtils.java:logGet(43)) - raft.server.log.statemachine.data.sync.timeout.retry = -1 (default)
2019-08-07 04:30:51,296 INFO  server.RaftServerConfigKeys (ConfUtils.java:logGet(43)) - raft.server.log.statemachine.data.caching.enabled = true (custom)
2019-08-07 04:30:51,296 INFO  segmented.SegmentedRaftLogWorker (SegmentedRaftLogWorker.java:lambda$new$0(132)) - 78966590-7370-4a3d-a591-eab80e2eddd7-SegmentedRaftLogWorker:Storage Directory /workdir/hadoop-ozone/integration-test/target/test-dir/MiniOzoneClusterImpl-e8b7de04-7acf-419a-9f04-c71c52f9aeee/datanode-0/data/ratis/4192e147-9900-4d97-8a64-87d7c1724e3a: flushIndex: setUnconditionally 0 -> -1
2019-08-07 04:30:51,297 INFO  server.RaftServerConfigKeys (ConfUtils.java:logGet(43)) - raft.server.snapshot.auto.trigger.enabled = true (custom)
2019-08-07 04:30:51,297 INFO  server.RaftServerConfigKeys (ConfUtils.java:logGet(43)) - raft.server.snapshot.auto.trigger.threshold = 10000 (custom)
2019-08-07 04:30:51,297 INFO  server.RaftServerConfigKeys (ConfUtils.java:logGet(43)) - raft.server.retrycache.expirytime = 600000ms (custom)
2019-08-07 04:30:51,298 INFO  impl.RaftServerImpl (RaftServerImpl.java:start(180)) - 78966590-7370-4a3d-a591-eab80e2eddd7: start group-87D7C1724E3A
2019-08-07 04:30:51,298 INFO  impl.RaftServerImpl (RaftServerImpl.java:setRole(171)) - 78966590-7370-4a3d-a591-eab80e2eddd7:group-87D7C1724E3A changes role from null to FOLLOWER at term 0 for startAsFollower
2019-08-07 04:30:51,298 INFO  impl.RoleInfo (RoleInfo.java:updateAndGet(143)) - 78966590-7370-4a3d-a591-eab80e2eddd7: start FollowerState
2019-08-07 04:30:51,299 INFO  util.JmxRegister (JmxRegister.java:tryRegister(44)) - Successfully registered JMX Bean with object name Ratis:service=RaftServer,group=group-87D7C1724E3A,id=78966590-7370-4a3d-a591-eab80e2eddd7
2019-08-07 04:30:51,308 INFO  pipeline.PipelineStateManager (PipelineStateManager.java:addPipeline(56)) - Created pipeline Pipeline[ Id: 4192e147-9900-4d97-8a64-87d7c1724e3a, Nodes: 78966590-7370-4a3d-a591-eab80e2eddd7{ip: 192.168.157.245, host: byscane-nightly-ds7lx-2296511547, networkLocation: /default-rack, certSerialId: null}, Type:RATIS, Factor:ONE, State:OPEN]
2019-08-07 04:30:52,222 INFO  ozone.MiniOzoneClusterImpl (MiniOzoneClusterImpl.java:lambda$waitForClusterToBeReady$0(142)) - Cluster is ready. Got 1 of 1 DN Heartbeats.
2019-08-07 04:30:52,518 INFO  pipeline.PipelineStateManager (PipelineStateManager.java:addPipeline(56)) - Created pipeline Pipeline[ Id: fe49f037-3474-4561-836f-03e4493cc338, Nodes: 78966590-7370-4a3d-a591-eab80e2eddd7{ip: 192.168.157.245, host: byscane-nightly-ds7lx-2296511547, networkLocation: /default-rack, certSerialId: null}, Type:STAND_ALONE, Factor:ONE, State:OPEN]
2019-08-07 04:30:53,081 INFO  keyvalue.KeyValueHandler (ContainerUtils.java:logAndReturnError(146)) - Operation: CreateContainer : Trace ID: bf6e11eb4102ab38:bf6e11eb4102ab38:0:0 : Message: Container creation failed, due to disk out of space : Result: DISK_OUT_OF_SPACE
04:30:53.082 [grpc-default-executor-1] ERROR DNAudit - user=null | ip=null | op=WRITE_CHUNK {blockData=conID: 6 locID: 102573818057588771 bcsId: 0} | ret=FAILURE
org.apache.hadoop.hdds.scm.container.common.helpers.StorageContainerException: ContainerID 6 creation failed
	at org.apache.hadoop.ozone.container.common.impl.HddsDispatcher.dispatchRequest(HddsDispatcher.java:227) [hadoop-hdds-container-service-0.4.1-SNAPSHOT.jar:?]
	at org.apache.hadoop.ozone.container.common.impl.HddsDispatcher.dispatch(HddsDispatcher.java:148) [hadoop-hdds-container-service-0.4.1-SNAPSHOT.jar:?]
	at org.apache.hadoop.ozone.container.common.transport.server.GrpcXceiverService$1.onNext(GrpcXceiverService.java:73) [hadoop-hdds-container-service-0.4.1-SNAPSHOT.jar:?]
	at org.apache.hadoop.ozone.container.common.transport.server.GrpcXceiverService$1.onNext(GrpcXceiverService.java:61) [hadoop-hdds-container-service-0.4.1-SNAPSHOT.jar:?]
	at org.apache.ratis.thirdparty.io.grpc.stub.ServerCalls$StreamingServerCallHandler$StreamingServerCallListener.onMessage(ServerCalls.java:248) [ratis-thirdparty-misc-0.2.0.jar:0.2.0]
	at org.apache.ratis.thirdparty.io.grpc.ForwardingServerCallListener.onMessage(ForwardingServerCallListener.java:33) [ratis-thirdparty-misc-0.2.0.jar:0.2.0]
	at org.apache.ratis.thirdparty.io.grpc.Contexts$ContextualizedServerCallListener.onMessage(Contexts.java:76) [ratis-thirdparty-misc-0.2.0.jar:0.2.0]
	at org.apache.ratis.thirdparty.io.grpc.ForwardingServerCallListener.onMessage(ForwardingServerCallListener.java:33) [ratis-thirdparty-misc-0.2.0.jar:0.2.0]
	at org.apache.hadoop.hdds.tracing.GrpcServerInterceptor$1.onMessage(GrpcServerInterceptor.java:46) [hadoop-hdds-common-0.4.1-SNAPSHOT.jar:?]
	at org.apache.ratis.thirdparty.io.grpc.internal.ServerCallImpl$ServerStreamListenerImpl.messagesAvailable(ServerCallImpl.java:263) [ratis-thirdparty-misc-0.2.0.jar:0.2.0]
	at org.apache.ratis.thirdparty.io.grpc.internal.ServerImpl$JumpToApplicationThreadServerStreamListener$1MessagesAvailable.runInContext(ServerImpl.java:686) [ratis-thirdparty-misc-0.2.0.jar:0.2.0]
	at org.apache.ratis.thirdparty.io.grpc.internal.ContextRunnable.run(ContextRunnable.java:37) [ratis-thirdparty-misc-0.2.0.jar:0.2.0]
	at org.apache.ratis.thirdparty.io.grpc.internal.SerializingExecutor.run(SerializingExecutor.java:123) [ratis-thirdparty-misc-0.2.0.jar:0.2.0]
	at java.util.concurrent.ThreadPoolExecutor.runWorker(ThreadPoolExecutor.java:1149) [?:1.8.0_212]
	at java.util.concurrent.ThreadPoolExecutor$Worker.run(ThreadPoolExecutor.java:624) [?:1.8.0_212]
	at java.lang.Thread.run(Thread.java:748) [?:1.8.0_212]
2019-08-07 04:30:53,083 INFO  impl.HddsDispatcher (ContainerUtils.java:logAndReturnError(146)) - Operation: WriteChunk : Trace ID: bf6e11eb4102ab38:bf6e11eb4102ab38:0:0 : Message: ContainerID 6 creation failed : Result: DISK_OUT_OF_SPACE
2019-08-07 04:30:53,085 ERROR storage.BlockOutputStream (BlockOutputStream.java:validateResponse(531)) - Unexpected Storage Container Exception: 
org.apache.hadoop.hdds.scm.container.common.helpers.StorageContainerException: ContainerID 6 creation failed
	at org.apache.hadoop.hdds.scm.storage.ContainerProtocolCalls.validateContainerResponse(ContainerProtocolCalls.java:536)
	at org.apache.hadoop.hdds.scm.storage.BlockOutputStream.validateResponse(BlockOutputStream.java:529)
	at org.apache.hadoop.hdds.scm.storage.BlockOutputStream.lambda$writeChunkToContainer$2(BlockOutputStream.java:606)
	at java.util.concurrent.CompletableFuture.uniApply(CompletableFuture.java:602)
	at java.util.concurrent.CompletableFuture$UniApply.tryFire(CompletableFuture.java:577)
	at java.util.concurrent.CompletableFuture$Completion.run(CompletableFuture.java:442)
	at java.util.concurrent.ThreadPoolExecutor.runWorker(ThreadPoolExecutor.java:1149)
	at java.util.concurrent.ThreadPoolExecutor$Worker.run(ThreadPoolExecutor.java:624)
	at java.lang.Thread.run(Thread.java:748)
04:30:53.089 [grpc-default-executor-0] ERROR DNAudit - user=null | ip=null | op=PUT_BLOCK {blockData=[blockId=conID: 6 locID: 102573818057588771 bcsId: 0,size=5]} | ret=FAILURE
org.apache.hadoop.hdds.scm.container.common.helpers.StorageContainerException: ContainerID 6 does not exist
	at org.apache.hadoop.ozone.container.common.impl.HddsDispatcher.dispatchRequest(HddsDispatcher.java:242) [hadoop-hdds-container-service-0.4.1-SNAPSHOT.jar:?]
	at org.apache.hadoop.ozone.container.common.impl.HddsDispatcher.dispatch(HddsDispatcher.java:148) [hadoop-hdds-container-service-0.4.1-SNAPSHOT.jar:?]
	at org.apache.hadoop.ozone.container.common.transport.server.GrpcXceiverService$1.onNext(GrpcXceiverService.java:73) [hadoop-hdds-container-service-0.4.1-SNAPSHOT.jar:?]
	at org.apache.hadoop.ozone.container.common.transport.server.GrpcXceiverService$1.onNext(GrpcXceiverService.java:61) [hadoop-hdds-container-service-0.4.1-SNAPSHOT.jar:?]
	at org.apache.ratis.thirdparty.io.grpc.stub.ServerCalls$StreamingServerCallHandler$StreamingServerCallListener.onMessage(ServerCalls.java:248) [ratis-thirdparty-misc-0.2.0.jar:0.2.0]
	at org.apache.ratis.thirdparty.io.grpc.ForwardingServerCallListener.onMessage(ForwardingServerCallListener.java:33) [ratis-thirdparty-misc-0.2.0.jar:0.2.0]
	at org.apache.ratis.thirdparty.io.grpc.Contexts$ContextualizedServerCallListener.onMessage(Contexts.java:76) [ratis-thirdparty-misc-0.2.0.jar:0.2.0]
	at org.apache.ratis.thirdparty.io.grpc.ForwardingServerCallListener.onMessage(ForwardingServerCallListener.java:33) [ratis-thirdparty-misc-0.2.0.jar:0.2.0]
	at org.apache.hadoop.hdds.tracing.GrpcServerInterceptor$1.onMessage(GrpcServerInterceptor.java:46) [hadoop-hdds-common-0.4.1-SNAPSHOT.jar:?]
	at org.apache.ratis.thirdparty.io.grpc.internal.ServerCallImpl$ServerStreamListenerImpl.messagesAvailable(ServerCallImpl.java:263) [ratis-thirdparty-misc-0.2.0.jar:0.2.0]
	at org.apache.ratis.thirdparty.io.grpc.internal.ServerImpl$JumpToApplicationThreadServerStreamListener$1MessagesAvailable.runInContext(ServerImpl.java:686) [ratis-thirdparty-misc-0.2.0.jar:0.2.0]
	at org.apache.ratis.thirdparty.io.grpc.internal.ContextRunnable.run(ContextRunnable.java:37) [ratis-thirdparty-misc-0.2.0.jar:0.2.0]
	at org.apache.ratis.thirdparty.io.grpc.internal.SerializingExecutor.run(SerializingExecutor.java:123) [ratis-thirdparty-misc-0.2.0.jar:0.2.0]
	at java.util.concurrent.ThreadPoolExecutor.runWorker(ThreadPoolExecutor.java:1149) [?:1.8.0_212]
	at java.util.concurrent.ThreadPoolExecutor$Worker.run(ThreadPoolExecutor.java:624) [?:1.8.0_212]
	at java.lang.Thread.run(Thread.java:748) [?:1.8.0_212]
2019-08-07 04:30:53,090 INFO  impl.HddsDispatcher (ContainerUtils.java:logAndReturnError(146)) - Operation: PutBlock : Trace ID: 3a1cfec351758225:3a1cfec351758225:0:0 : Message: ContainerID 6 does not exist : Result: CONTAINER_NOT_FOUND
]]></system-out>
    <system-err><![CDATA[Aug 07, 2019 4:30:47 AM com.sun.jersey.server.impl.application.WebApplicationImpl _initiate
INFO: Initiating Jersey application, version 'Jersey: 1.19 02/11/2015 03:25 AM'
Aug 07, 2019 4:30:52 AM com.sun.jersey.server.impl.application.WebApplicationImpl _initiate
INFO: Initiating Jersey application, version 'Jersey: 1.19 02/11/2015 03:25 AM'
Aug 07, 2019 4:30:52 AM org.apache.ratis.thirdparty.io.grpc.internal.ManagedChannelOrphanWrapper$ManagedChannelReference cleanQueue
SEVERE: *~*~*~ Channel ManagedChannelImpl{logId=12, target=192.168.157.245:45765} was not shutdown properly!!! ~*~*~*
    Make sure to call shutdown()/shutdownNow() and wait until awaitTermination() returns true.
java.lang.RuntimeException: ManagedChannel allocation site
	at org.apache.ratis.thirdparty.io.grpc.internal.ManagedChannelOrphanWrapper$ManagedChannelReference.<init>(ManagedChannelOrphanWrapper.java:103)
	at org.apache.ratis.thirdparty.io.grpc.internal.ManagedChannelOrphanWrapper.<init>(ManagedChannelOrphanWrapper.java:53)
	at org.apache.ratis.thirdparty.io.grpc.internal.ManagedChannelOrphanWrapper.<init>(ManagedChannelOrphanWrapper.java:44)
	at org.apache.ratis.thirdparty.io.grpc.internal.AbstractManagedChannelImplBuilder.build(AbstractManagedChannelImplBuilder.java:411)
	at org.apache.hadoop.hdds.scm.XceiverClientGrpc.connectToDatanode(XceiverClientGrpc.java:174)
	at org.apache.hadoop.hdds.scm.XceiverClientGrpc.reconnect(XceiverClientGrpc.java:422)
	at org.apache.hadoop.hdds.scm.XceiverClientGrpc.sendCommandAsync(XceiverClientGrpc.java:371)
	at org.apache.hadoop.hdds.scm.XceiverClientGrpc.sendCommandAsync(XceiverClientGrpc.java:346)
	at org.apache.hadoop.hdds.scm.storage.ContainerProtocolCalls.writeChunkAsync(ContainerProtocolCalls.java:310)
	at org.apache.hadoop.hdds.scm.storage.BlockOutputStream.writeChunkToContainer(BlockOutputStream.java:601)
	at org.apache.hadoop.hdds.scm.storage.BlockOutputStream.writeChunk(BlockOutputStream.java:459)
	at org.apache.hadoop.hdds.scm.storage.BlockOutputStream.handleFlush(BlockOutputStream.java:470)
	at org.apache.hadoop.hdds.scm.storage.BlockOutputStream.close(BlockOutputStream.java:493)
	at org.apache.hadoop.ozone.client.io.BlockOutputStreamEntry.close(BlockOutputStreamEntry.java:143)
	at org.apache.hadoop.ozone.client.io.KeyOutputStream.handleFlushOrClose(KeyOutputStream.java:434)
	at org.apache.hadoop.ozone.client.io.KeyOutputStream.close(KeyOutputStream.java:472)
	at org.apache.hadoop.ozone.client.io.OzoneOutputStream.close(OzoneOutputStream.java:60)
	at org.apache.hadoop.ozone.TestStorageContainerManagerHelper.createKeys(TestStorageContainerManagerHelper.java:102)
	at org.apache.hadoop.ozone.TestStorageContainerManager.testBlockDeletionTransactions(TestStorageContainerManager.java:249)
	at sun.reflect.NativeMethodAccessorImpl.invoke0(Native Method)
	at sun.reflect.NativeMethodAccessorImpl.invoke(NativeMethodAccessorImpl.java:62)
	at sun.reflect.DelegatingMethodAccessorImpl.invoke(DelegatingMethodAccessorImpl.java:43)
	at java.lang.reflect.Method.invoke(Method.java:498)
	at org.junit.runners.model.FrameworkMethod$1.runReflectiveCall(FrameworkMethod.java:47)
	at org.junit.internal.runners.model.ReflectiveCallable.run(ReflectiveCallable.java:12)
	at org.junit.runners.model.FrameworkMethod.invokeExplosively(FrameworkMethod.java:44)
	at org.junit.internal.runners.statements.InvokeMethod.evaluate(InvokeMethod.java:17)
	at org.junit.internal.runners.statements.FailOnTimeout$StatementThread.run(FailOnTimeout.java:74)

Aug 07, 2019 4:30:52 AM org.apache.ratis.thirdparty.io.grpc.internal.ManagedChannelOrphanWrapper$ManagedChannelReference cleanQueue
SEVERE: *~*~*~ Channel ManagedChannelImpl{logId=28, target=192.168.157.245:44613} was not shutdown properly!!! ~*~*~*
    Make sure to call shutdown()/shutdownNow() and wait until awaitTermination() returns true.
java.lang.RuntimeException: ManagedChannel allocation site
	at org.apache.ratis.thirdparty.io.grpc.internal.ManagedChannelOrphanWrapper$ManagedChannelReference.<init>(ManagedChannelOrphanWrapper.java:103)
	at org.apache.ratis.thirdparty.io.grpc.internal.ManagedChannelOrphanWrapper.<init>(ManagedChannelOrphanWrapper.java:53)
	at org.apache.ratis.thirdparty.io.grpc.internal.ManagedChannelOrphanWrapper.<init>(ManagedChannelOrphanWrapper.java:44)
	at org.apache.ratis.thirdparty.io.grpc.internal.AbstractManagedChannelImplBuilder.build(AbstractManagedChannelImplBuilder.java:411)
	at org.apache.hadoop.hdds.scm.XceiverClientGrpc.connectToDatanode(XceiverClientGrpc.java:174)
	at org.apache.hadoop.hdds.scm.XceiverClientGrpc.reconnect(XceiverClientGrpc.java:422)
	at org.apache.hadoop.hdds.scm.XceiverClientGrpc.sendCommandAsync(XceiverClientGrpc.java:371)
	at org.apache.hadoop.hdds.scm.XceiverClientGrpc.sendCommandAsync(XceiverClientGrpc.java:346)
	at org.apache.hadoop.hdds.scm.storage.ContainerProtocolCalls.writeChunkAsync(ContainerProtocolCalls.java:310)
	at org.apache.hadoop.hdds.scm.storage.BlockOutputStream.writeChunkToContainer(BlockOutputStream.java:601)
	at org.apache.hadoop.hdds.scm.storage.BlockOutputStream.writeChunk(BlockOutputStream.java:459)
	at org.apache.hadoop.hdds.scm.storage.BlockOutputStream.handleFlush(BlockOutputStream.java:470)
	at org.apache.hadoop.hdds.scm.storage.BlockOutputStream.close(BlockOutputStream.java:493)
	at org.apache.hadoop.ozone.client.io.BlockOutputStreamEntry.close(BlockOutputStreamEntry.java:143)
	at org.apache.hadoop.ozone.client.io.KeyOutputStream.handleFlushOrClose(KeyOutputStream.java:434)
	at org.apache.hadoop.ozone.client.io.KeyOutputStream.close(KeyOutputStream.java:472)
	at org.apache.hadoop.ozone.client.io.OzoneOutputStream.close(OzoneOutputStream.java:60)
	at org.apache.hadoop.ozone.TestStorageContainerManagerHelper.createKeys(TestStorageContainerManagerHelper.java:102)
	at org.apache.hadoop.ozone.TestStorageContainerManager.testBlockDeletingThrottling(TestStorageContainerManager.java:338)
	at sun.reflect.NativeMethodAccessorImpl.invoke0(Native Method)
	at sun.reflect.NativeMethodAccessorImpl.invoke(NativeMethodAccessorImpl.java:62)
	at sun.reflect.DelegatingMethodAccessorImpl.invoke(DelegatingMethodAccessorImpl.java:43)
	at java.lang.reflect.Method.invoke(Method.java:498)
	at org.junit.runners.model.FrameworkMethod$1.runReflectiveCall(FrameworkMethod.java:47)
	at org.junit.internal.runners.model.ReflectiveCallable.run(ReflectiveCallable.java:12)
	at org.junit.runners.model.FrameworkMethod.invokeExplosively(FrameworkMethod.java:44)
	at org.junit.internal.runners.statements.InvokeMethod.evaluate(InvokeMethod.java:17)
	at org.junit.internal.runners.statements.FailOnTimeout$StatementThread.run(FailOnTimeout.java:74)

]]></system-err>
  </testcase>
  <testcase name="testRpcPermission" classname="org.apache.hadoop.ozone.TestStorageContainerManager" time="34.476"/>
  <testcase name="testSCMInitializationFailure" classname="org.apache.hadoop.ozone.TestStorageContainerManager" time="0.03"/>
  <testcase name="testSCMInitialization" classname="org.apache.hadoop.ozone.TestStorageContainerManager" time="0.037"/>
  <testcase name="testScmProcessDatanodeHeartbeat" classname="org.apache.hadoop.ozone.TestStorageContainerManager" time="28.812">
    <failure type="java.lang.AssertionError">java.lang.AssertionError
	at org.junit.Assert.fail(Assert.java:86)
	at org.junit.Assert.assertTrue(Assert.java:41)
	at org.junit.Assert.assertTrue(Assert.java:52)
	at org.apache.hadoop.ozone.TestStorageContainerManager.testScmProcessDatanodeHeartbeat(TestStorageContainerManager.java:531)
	at sun.reflect.NativeMethodAccessorImpl.invoke0(Native Method)
	at sun.reflect.NativeMethodAccessorImpl.invoke(NativeMethodAccessorImpl.java:62)
	at sun.reflect.DelegatingMethodAccessorImpl.invoke(DelegatingMethodAccessorImpl.java:43)
	at java.lang.reflect.Method.invoke(Method.java:498)
	at org.junit.runners.model.FrameworkMethod$1.runReflectiveCall(FrameworkMethod.java:47)
	at org.junit.internal.runners.model.ReflectiveCallable.run(ReflectiveCallable.java:12)
	at org.junit.runners.model.FrameworkMethod.invokeExplosively(FrameworkMethod.java:44)
	at org.junit.internal.runners.statements.InvokeMethod.evaluate(InvokeMethod.java:17)
	at org.junit.internal.runners.statements.FailOnTimeout$StatementThread.run(FailOnTimeout.java:74)
</failure>
    <system-out><![CDATA[2019-08-07 04:31:27,664 WARN  server.ServerUtils (ServerUtils.java:getScmDbDir(145)) - ozone.scm.db.dirs is not configured. We recommend adding this setting. Falling back to ozone.metadata.dirs instead.
2019-08-07 04:31:27,677 WARN  server.ServerUtils (ServerUtils.java:getScmDbDir(145)) - ozone.scm.db.dirs is not configured. We recommend adding this setting. Falling back to ozone.metadata.dirs instead.
2019-08-07 04:31:27,678 WARN  server.ServerUtils (ServerUtils.java:getScmDbDir(145)) - ozone.scm.db.dirs is not configured. We recommend adding this setting. Falling back to ozone.metadata.dirs instead.
2019-08-07 04:31:27,678 INFO  db.DBStoreBuilder (DBStoreBuilder.java:addTable(110)) - using custom profile for table: deletedBlocks
2019-08-07 04:31:27,678 INFO  db.DBStoreBuilder (DBStoreBuilder.java:processTables(161)) - Using default column profile:DBProfile.DISK for Table:deletedBlocks
2019-08-07 04:31:27,679 INFO  db.DBStoreBuilder (DBStoreBuilder.java:addTable(110)) - using custom profile for table: validCerts
2019-08-07 04:31:27,679 INFO  db.DBStoreBuilder (DBStoreBuilder.java:processTables(161)) - Using default column profile:DBProfile.DISK for Table:validCerts
2019-08-07 04:31:27,679 INFO  db.DBStoreBuilder (DBStoreBuilder.java:addTable(110)) - using custom profile for table: revokedCerts
2019-08-07 04:31:27,680 INFO  db.DBStoreBuilder (DBStoreBuilder.java:processTables(161)) - Using default column profile:DBProfile.DISK for Table:revokedCerts
2019-08-07 04:31:27,680 INFO  db.DBStoreBuilder (DBStoreBuilder.java:addTable(110)) - using custom profile for table: default
2019-08-07 04:31:27,680 INFO  db.DBStoreBuilder (DBStoreBuilder.java:processTables(167)) - Using default column profile:DBProfile.DISK for Table:default
2019-08-07 04:31:27,680 INFO  db.DBStoreBuilder (DBStoreBuilder.java:getDbProfile(198)) - Using default options. DBProfile.DISK
2019-08-07 04:31:27,828 INFO  net.NodeSchemaLoader (NodeSchemaLoader.java:loadSchemaFromFile(125)) - Loading file from sun.misc.CompoundEnumeration@48fb2797
2019-08-07 04:31:27,828 INFO  net.NodeSchemaLoader (NodeSchemaLoader.java:loadSchema(171)) - Loading network topology layer schema file
2019-08-07 04:31:27,832 WARN  server.ServerUtils (ServerUtils.java:sanitizeUserArgs(70)) - ozone.scm.stale.node.interval value = 300000 is larger than max = 100000 based on the key value of ozone.scm.heartbeat.thread.interval, reset to the max value 100000.
2019-08-07 04:31:27,832 WARN  server.ServerUtils (ServerUtils.java:sanitizeUserArgs(70)) - ozone.scm.stale.node.interval value = 300000 is larger than max = 100000 based on the key value of ozone.scm.heartbeat.thread.interval, reset to the max value 100000.
2019-08-07 04:31:27,833 INFO  node.SCMNodeManager (SCMNodeManager.java:<init>(121)) - Entering startup safe mode.
2019-08-07 04:31:27,834 INFO  Configuration.deprecation (Configuration.java:logDeprecation(1394)) - hadoop.configured.node.mapping is deprecated. Instead, use net.topology.configured.node.mapping
2019-08-07 04:31:27,834 WARN  server.ServerUtils (ServerUtils.java:getScmDbDir(145)) - ozone.scm.db.dirs is not configured. We recommend adding this setting. Falling back to ozone.metadata.dirs instead.
2019-08-07 04:31:27,858 INFO  pipeline.SCMPipelineManager (SCMPipelineManager.java:initializePipelineState(126)) - No pipeline exists in current db
2019-08-07 04:31:27,858 WARN  server.ServerUtils (ServerUtils.java:getScmDbDir(145)) - ozone.scm.db.dirs is not configured. We recommend adding this setting. Falling back to ozone.metadata.dirs instead.
2019-08-07 04:31:27,885 WARN  events.EventQueue (EventQueue.java:fireEvent(175)) - No event handler registered for event TypedEvent{payloadType=SafeModeStatus, name='SafeModeStatus'}
2019-08-07 04:31:27,886 INFO  ipc.CallQueueManager (CallQueueManager.java:<init>(84)) - Using callQueue: class java.util.concurrent.LinkedBlockingQueue, queueCapacity: 2000, scheduler: class org.apache.hadoop.ipc.DefaultRpcScheduler, ipcBackoff: false.
2019-08-07 04:31:27,887 INFO  ipc.Server (Server.java:run(1074)) - Starting Socket Reader #1 for port 35383
2019-08-07 04:31:27,891 INFO  ipc.CallQueueManager (CallQueueManager.java:<init>(84)) - Using callQueue: class java.util.concurrent.LinkedBlockingQueue, queueCapacity: 2000, scheduler: class org.apache.hadoop.ipc.DefaultRpcScheduler, ipcBackoff: false.
2019-08-07 04:31:27,891 INFO  ipc.Server (Server.java:run(1074)) - Starting Socket Reader #1 for port 36801
2019-08-07 04:31:27,893 INFO  ipc.CallQueueManager (CallQueueManager.java:<init>(84)) - Using callQueue: class java.util.concurrent.LinkedBlockingQueue, queueCapacity: 2000, scheduler: class org.apache.hadoop.ipc.DefaultRpcScheduler, ipcBackoff: false.
2019-08-07 04:31:27,894 INFO  ipc.Server (Server.java:run(1074)) - Starting Socket Reader #1 for port 40066
2019-08-07 04:31:27,897 INFO  hdfs.DFSUtil (DFSUtil.java:httpServerTemplateForNNAndJN(1641)) - Starting Web-server for scm at: http://0.0.0.0:0
2019-08-07 04:31:27,906 INFO  server.AuthenticationFilter (AuthenticationFilter.java:constructSecretProvider(240)) - Unable to initialize FileSignerSecretProvider, falling back to use random secrets.
2019-08-07 04:31:27,907 WARN  http.HttpRequestLog (HttpRequestLog.java:getRequestLog(97)) - Jetty request log can only be enabled using Log4j
2019-08-07 04:31:27,909 INFO  http.HttpServer2 (HttpServer2.java:addGlobalFilter(975)) - Added global filter 'safety' (class=org.apache.hadoop.http.HttpServer2$QuotingInputFilter)
2019-08-07 04:31:27,910 INFO  http.HttpServer2 (HttpServer2.java:addFilter(948)) - Added filter static_user_filter (class=org.apache.hadoop.http.lib.StaticUserWebFilter$StaticUserFilter) to context scm
2019-08-07 04:31:27,910 INFO  http.HttpServer2 (HttpServer2.java:addFilter(958)) - Added filter static_user_filter (class=org.apache.hadoop.http.lib.StaticUserWebFilter$StaticUserFilter) to context logs
2019-08-07 04:31:27,910 INFO  http.HttpServer2 (HttpServer2.java:addFilter(958)) - Added filter static_user_filter (class=org.apache.hadoop.http.lib.StaticUserWebFilter$StaticUserFilter) to context static
2019-08-07 04:31:27,912 INFO  server.StorageContainerManager (StorageContainerManager.java:start(758)) - StorageContainerLocationProtocol RPC server is listening at /0.0.0.0:40066
2019-08-07 04:31:27,914 WARN  impl.MetricsConfig (MetricsConfig.java:loadFirst(134)) - Cannot locate configuration: tried hadoop-metrics2-storagecontainermanager.properties,hadoop-metrics2.properties
2019-08-07 04:31:27,915 INFO  impl.MetricsSystemImpl (MetricsSystemImpl.java:startTimer(374)) - Scheduled Metric snapshot period at 10 second(s).
2019-08-07 04:31:27,915 INFO  impl.MetricsSystemImpl (MetricsSystemImpl.java:start(191)) - StorageContainerManager metrics system started
2019-08-07 04:31:28,040 INFO  server.SCMClientProtocolServer (SCMClientProtocolServer.java:start(151)) - RPC server for Client  is listening at /0.0.0.0:40066
2019-08-07 04:31:28,041 INFO  ipc.Server (Server.java:run(1314)) - IPC Server Responder: starting
2019-08-07 04:31:28,041 INFO  ipc.Server (Server.java:run(1153)) - IPC Server listener on 40066: starting
2019-08-07 04:31:28,047 INFO  server.StorageContainerManager (StorageContainerManager.java:start(768)) - ScmBlockLocationProtocol RPC server is listening at /0.0.0.0:36801
2019-08-07 04:31:28,047 INFO  server.SCMBlockProtocolServer (SCMBlockProtocolServer.java:start(140)) - RPC server for Block Protocol is listening at /0.0.0.0:36801
2019-08-07 04:31:28,048 INFO  ipc.Server (Server.java:run(1314)) - IPC Server Responder: starting
2019-08-07 04:31:28,048 INFO  ipc.Server (Server.java:run(1153)) - IPC Server listener on 36801: starting
2019-08-07 04:31:28,054 INFO  server.StorageContainerManager (StorageContainerManager.java:start(772)) - ScmDatanodeProtocl RPC server is listening at /0.0.0.0:35383
2019-08-07 04:31:28,054 INFO  server.SCMDatanodeProtocolServer (SCMDatanodeProtocolServer.java:start(191)) - RPC server for DataNodes is listening at /0.0.0.0:35383
2019-08-07 04:31:28,054 INFO  ipc.Server (Server.java:run(1314)) - IPC Server Responder: starting
2019-08-07 04:31:28,054 INFO  ipc.Server (Server.java:run(1153)) - IPC Server listener on 35383: starting
2019-08-07 04:31:28,060 INFO  http.HttpServer2 (HttpServer2.java:bindListener(1191)) - Jetty bound to port 46369
2019-08-07 04:31:28,060 INFO  server.Server (Server.java:doStart(351)) - jetty-9.3.24.v20180605, build timestamp: 2018-06-05T17:11:56Z, git hash: 84205aa28f11a4f31f2a3b86d1bba2cc8ab69827
2019-08-07 04:31:28,062 INFO  handler.ContextHandler (ContextHandler.java:doStart(781)) - Started o.e.j.s.ServletContextHandler@100fe80{/logs,file:///workdir/hadoop-ozone/integration-test/target/log,AVAILABLE}
2019-08-07 04:31:28,062 INFO  handler.ContextHandler (ContextHandler.java:doStart(781)) - Started o.e.j.s.ServletContextHandler@2b4ae35c{/static,file:///workdir/hadoop-ozone/integration-test/target/test-classes/webapps/static,AVAILABLE}
2019-08-07 04:31:28,066 INFO  handler.ContextHandler (ContextHandler.java:doStart(781)) - Started o.e.j.w.WebAppContext@74ef6c5f{/,file:///workdir/hadoop-ozone/integration-test/target/test-classes/webapps/scm/,AVAILABLE}{/scm}
2019-08-07 04:31:28,066 INFO  server.AbstractConnector (AbstractConnector.java:doStart(278)) - Started ServerConnector@50cc6fc4{HTTP/1.1,[http/1.1]}{0.0.0.0:46369}
2019-08-07 04:31:28,074 INFO  server.Server (Server.java:doStart(419)) - Started @80726ms
2019-08-07 04:31:28,075 INFO  server.BaseHttpServer (BaseHttpServer.java:updateConnectorAddress(207)) - HTTP server of SCM is listening at http://0.0.0.0:46369
2019-08-07 04:31:28,075 WARN  server.ServerUtils (ServerUtils.java:getDBPath(222)) - ozone.om.db.dirs is not configured. We recommend adding this setting. Falling back to ozone.metadata.dirs instead.
2019-08-07 04:31:28,080 INFO  util.JvmPauseMonitor (JvmPauseMonitor.java:run(188)) - Starting JVM pause monitor
2019-08-07 04:31:28,094 WARN  server.ServerUtils (ServerUtils.java:getDBPath(222)) - ozone.om.db.dirs is not configured. We recommend adding this setting. Falling back to ozone.metadata.dirs instead.
2019-08-07 04:31:28,094 WARN  server.ServerUtils (ServerUtils.java:getDBPath(222)) - ozone.om.db.dirs is not configured. We recommend adding this setting. Falling back to ozone.metadata.dirs instead.
2019-08-07 04:31:28,095 INFO  om.OzoneManager (OzoneManager.java:setOMNodeDetails(644)) - OM Service ID is not set. Setting it to the default ID: omServiceIdDefault
2019-08-07 04:31:28,095 INFO  om.OzoneManager (OzoneManager.java:setOMNodeDetails(650)) - OM Node ID is not set. Setting it to the OmStorage's OmID: e5e43eb4-677d-4a17-bb42-cbcaf95c6530
2019-08-07 04:31:28,095 INFO  om.OzoneManager (OzoneManager.java:loadOMHAConfigs(601)) - Found matching OM address with OMServiceId: null, OMNodeId: null, RPC Address: localhost:0 and Ratis port: 9872
2019-08-07 04:31:28,104 WARN  server.ServerUtils (ServerUtils.java:getDBPath(222)) - ozone.om.db.dirs is not configured. We recommend adding this setting. Falling back to ozone.metadata.dirs instead.
2019-08-07 04:31:28,105 INFO  db.DBStoreBuilder (DBStoreBuilder.java:addTable(110)) - using custom profile for table: userTable
2019-08-07 04:31:28,105 INFO  db.DBStoreBuilder (DBStoreBuilder.java:processTables(161)) - Using default column profile:DBProfile.DISK for Table:userTable
2019-08-07 04:31:28,105 INFO  db.DBStoreBuilder (DBStoreBuilder.java:addTable(110)) - using custom profile for table: volumeTable
2019-08-07 04:31:28,105 INFO  db.DBStoreBuilder (DBStoreBuilder.java:processTables(161)) - Using default column profile:DBProfile.DISK for Table:volumeTable
2019-08-07 04:31:28,105 INFO  db.DBStoreBuilder (DBStoreBuilder.java:addTable(110)) - using custom profile for table: bucketTable
2019-08-07 04:31:28,105 INFO  db.DBStoreBuilder (DBStoreBuilder.java:processTables(161)) - Using default column profile:DBProfile.DISK for Table:bucketTable
2019-08-07 04:31:28,105 INFO  db.DBStoreBuilder (DBStoreBuilder.java:addTable(110)) - using custom profile for table: keyTable
2019-08-07 04:31:28,106 INFO  db.DBStoreBuilder (DBStoreBuilder.java:processTables(161)) - Using default column profile:DBProfile.DISK for Table:keyTable
2019-08-07 04:31:28,106 INFO  db.DBStoreBuilder (DBStoreBuilder.java:addTable(110)) - using custom profile for table: deletedTable
2019-08-07 04:31:28,106 INFO  db.DBStoreBuilder (DBStoreBuilder.java:processTables(161)) - Using default column profile:DBProfile.DISK for Table:deletedTable
2019-08-07 04:31:28,106 INFO  db.DBStoreBuilder (DBStoreBuilder.java:addTable(110)) - using custom profile for table: openKeyTable
2019-08-07 04:31:28,106 INFO  db.DBStoreBuilder (DBStoreBuilder.java:processTables(161)) - Using default column profile:DBProfile.DISK for Table:openKeyTable
2019-08-07 04:31:28,106 INFO  db.DBStoreBuilder (DBStoreBuilder.java:addTable(110)) - using custom profile for table: s3Table
2019-08-07 04:31:28,106 INFO  db.DBStoreBuilder (DBStoreBuilder.java:processTables(161)) - Using default column profile:DBProfile.DISK for Table:s3Table
2019-08-07 04:31:28,107 INFO  db.DBStoreBuilder (DBStoreBuilder.java:addTable(110)) - using custom profile for table: multipartInfoTable
2019-08-07 04:31:28,107 INFO  db.DBStoreBuilder (DBStoreBuilder.java:processTables(161)) - Using default column profile:DBProfile.DISK for Table:multipartInfoTable
2019-08-07 04:31:28,107 INFO  db.DBStoreBuilder (DBStoreBuilder.java:addTable(110)) - using custom profile for table: dTokenTable
2019-08-07 04:31:28,107 INFO  db.DBStoreBuilder (DBStoreBuilder.java:processTables(161)) - Using default column profile:DBProfile.DISK for Table:dTokenTable
2019-08-07 04:31:28,107 INFO  db.DBStoreBuilder (DBStoreBuilder.java:addTable(110)) - using custom profile for table: s3SecretTable
2019-08-07 04:31:28,107 INFO  db.DBStoreBuilder (DBStoreBuilder.java:processTables(161)) - Using default column profile:DBProfile.DISK for Table:s3SecretTable
2019-08-07 04:31:28,107 INFO  db.DBStoreBuilder (DBStoreBuilder.java:addTable(110)) - using custom profile for table: prefixTable
2019-08-07 04:31:28,107 INFO  db.DBStoreBuilder (DBStoreBuilder.java:processTables(161)) - Using default column profile:DBProfile.DISK for Table:prefixTable
2019-08-07 04:31:28,108 INFO  db.DBStoreBuilder (DBStoreBuilder.java:addTable(110)) - using custom profile for table: default
2019-08-07 04:31:28,108 INFO  db.DBStoreBuilder (DBStoreBuilder.java:processTables(167)) - Using default column profile:DBProfile.DISK for Table:default
2019-08-07 04:31:28,108 INFO  db.DBStoreBuilder (DBStoreBuilder.java:getDbProfile(198)) - Using default options. DBProfile.DISK
2019-08-07 04:31:28,511 INFO  ipc.CallQueueManager (CallQueueManager.java:<init>(84)) - Using callQueue: class java.util.concurrent.LinkedBlockingQueue, queueCapacity: 2000, scheduler: class org.apache.hadoop.ipc.DefaultRpcScheduler, ipcBackoff: false.
2019-08-07 04:31:28,512 INFO  ipc.Server (Server.java:run(1074)) - Starting Socket Reader #1 for port 46724
2019-08-07 04:31:28,531 INFO  om.OzoneManager (OzoneManager.java:start(1255)) - OzoneManager RPC server is listening at localhost/127.0.0.1:46724
2019-08-07 04:31:28,531 INFO  impl.MetricsSystemImpl (MetricsSystemImpl.java:init(158)) - OzoneManager metrics system started (again)
2019-08-07 04:31:28,532 INFO  ipc.Server (Server.java:run(1314)) - IPC Server Responder: starting
2019-08-07 04:31:28,532 INFO  ipc.Server (Server.java:run(1153)) - IPC Server listener on 46724: starting
2019-08-07 04:31:28,541 INFO  hdfs.DFSUtil (DFSUtil.java:httpServerTemplateForNNAndJN(1641)) - Starting Web-server for ozoneManager at: http://0.0.0.0:0
2019-08-07 04:31:28,543 INFO  server.AuthenticationFilter (AuthenticationFilter.java:constructSecretProvider(240)) - Unable to initialize FileSignerSecretProvider, falling back to use random secrets.
2019-08-07 04:31:28,543 WARN  http.HttpRequestLog (HttpRequestLog.java:getRequestLog(97)) - Jetty request log can only be enabled using Log4j
2019-08-07 04:31:28,545 INFO  http.HttpServer2 (HttpServer2.java:addGlobalFilter(975)) - Added global filter 'safety' (class=org.apache.hadoop.http.HttpServer2$QuotingInputFilter)
2019-08-07 04:31:28,546 INFO  http.HttpServer2 (HttpServer2.java:addFilter(948)) - Added filter static_user_filter (class=org.apache.hadoop.http.lib.StaticUserWebFilter$StaticUserFilter) to context ozoneManager
2019-08-07 04:31:28,546 INFO  http.HttpServer2 (HttpServer2.java:addFilter(958)) - Added filter static_user_filter (class=org.apache.hadoop.http.lib.StaticUserWebFilter$StaticUserFilter) to context logs
2019-08-07 04:31:28,546 INFO  http.HttpServer2 (HttpServer2.java:addFilter(958)) - Added filter static_user_filter (class=org.apache.hadoop.http.lib.StaticUserWebFilter$StaticUserFilter) to context static
2019-08-07 04:31:28,547 INFO  http.HttpServer2 (HttpServer2.java:bindListener(1191)) - Jetty bound to port 39288
2019-08-07 04:31:28,547 INFO  server.Server (Server.java:doStart(351)) - jetty-9.3.24.v20180605, build timestamp: 2018-06-05T17:11:56Z, git hash: 84205aa28f11a4f31f2a3b86d1bba2cc8ab69827
2019-08-07 04:31:28,549 INFO  handler.ContextHandler (ContextHandler.java:doStart(781)) - Started o.e.j.s.ServletContextHandler@30d6e904{/logs,file:///workdir/hadoop-ozone/integration-test/target/log,AVAILABLE}
2019-08-07 04:31:28,550 INFO  handler.ContextHandler (ContextHandler.java:doStart(781)) - Started o.e.j.s.ServletContextHandler@1867b579{/static,file:///workdir/hadoop-ozone/integration-test/target/test-classes/webapps/static,AVAILABLE}
2019-08-07 04:31:28,555 INFO  handler.ContextHandler (ContextHandler.java:doStart(781)) - Started o.e.j.w.WebAppContext@144cfa73{/,file:///workdir/hadoop-ozone/integration-test/target/test-classes/webapps/ozoneManager/,AVAILABLE}{/ozoneManager}
2019-08-07 04:31:28,556 INFO  server.AbstractConnector (AbstractConnector.java:doStart(278)) - Started ServerConnector@6c780b1c{HTTP/1.1,[http/1.1]}{0.0.0.0:39288}
2019-08-07 04:31:28,557 INFO  server.Server (Server.java:doStart(419)) - Started @81210ms
2019-08-07 04:31:28,558 INFO  server.BaseHttpServer (BaseHttpServer.java:updateConnectorAddress(207)) - HTTP server of OZONEMANAGER is listening at http://0.0.0.0:39288
2019-08-07 04:31:28,566 INFO  impl.MetricsSystemImpl (MetricsSystemImpl.java:init(158)) - HddsDatanode metrics system started (again)
2019-08-07 04:31:28,576 INFO  ozone.HddsDatanodeService (HddsDatanodeService.java:start(184)) - HddsDatanodeService host:byscane-nightly-ds7lx-2296511547 ip:192.168.157.245
2019-08-07 04:31:28,585 INFO  volume.HddsVolume (HddsVolume.java:<init>(176)) - Creating Volume: /workdir/hadoop-ozone/integration-test/target/test-dir/MiniOzoneClusterImpl-a33b54dd-db2d-4f8c-b136-cccfa3d908fa/datanode-0/data/containers/hdds of  storage type : DISK and capacity : 52710309888
2019-08-07 04:31:28,585 INFO  volume.VolumeSet (VolumeSet.java:initializeVolumeSet(170)) - Added Volume : /workdir/hadoop-ozone/integration-test/target/test-dir/MiniOzoneClusterImpl-a33b54dd-db2d-4f8c-b136-cccfa3d908fa/datanode-0/data/containers/hdds to VolumeSet
2019-08-07 04:31:28,586 INFO  volume.ThrottledAsyncChecker (ThrottledAsyncChecker.java:schedule(140)) - Scheduling a check for org.apache.hadoop.ozone.container.common.volume.HddsVolume@4d015ece
2019-08-07 04:31:28,586 INFO  volume.HddsVolumeChecker (HddsVolumeChecker.java:checkAllVolumes(203)) - Scheduled health check for volume org.apache.hadoop.ozone.container.common.volume.HddsVolume@4d015ece
2019-08-07 04:31:28,610 INFO  impl.RaftServerProxy (ConfUtils.java:logGet(43)) - raft.rpc.type = GRPC (default)
2019-08-07 04:31:28,610 INFO  grpc.GrpcFactory (GrpcFactory.java:checkPooledByteBufAllocatorUseCacheForAllThreads(45)) - PERFORMANCE WARNING: useCacheForAllThreads is true that may cause Netty to create a lot garbage objects and, as a result, trigger GC.
	It is recommended to disable useCacheForAllThreads by setting -Dorg.apache.ratis.thirdparty.io.netty.allocator.useCacheForAllThreads=false in command line.
2019-08-07 04:31:28,610 INFO  grpc.GrpcConfigKeys$Server (ConfUtils.java:logGet(43)) - raft.grpc.server.port = 0 (default)
2019-08-07 04:31:28,610 INFO  server.GrpcService (ConfUtils.java:logGet(43)) - raft.grpc.message.size.max = 33570816 (custom)
2019-08-07 04:31:28,610 INFO  server.RaftServerConfigKeys (ConfUtils.java:logGet(43)) - raft.server.log.appender.buffer.byte-limit = 33554432 (custom)
2019-08-07 04:31:28,611 INFO  server.GrpcService (ConfUtils.java:logGet(43)) - raft.grpc.flow.control.window = 1MB (=1048576) (default)
2019-08-07 04:31:28,611 INFO  server.RaftServerConfigKeys (ConfUtils.java:logGet(43)) - raft.server.rpc.request.timeout = 3000ms (default)
2019-08-07 04:31:28,612 INFO  server.RaftServerConfigKeys (ConfUtils.java:logGet(43)) - raft.server.storage.dir = [/workdir/hadoop-ozone/integration-test/target/test-dir/MiniOzoneClusterImpl-a33b54dd-db2d-4f8c-b136-cccfa3d908fa/datanode-0/data/ratis] (custom)
2019-08-07 04:31:28,612 INFO  replication.SimpleContainerDownloader (SimpleContainerDownloader.java:<init>(72)) - Starting container downloader service to copy containers to replicate.
2019-08-07 04:31:28,613 INFO  hdfs.DFSUtil (DFSUtil.java:httpServerTemplateForNNAndJN(1641)) - Starting Web-server for hddsDatanode at: http://0.0.0.0:0
2019-08-07 04:31:28,614 INFO  server.AuthenticationFilter (AuthenticationFilter.java:constructSecretProvider(240)) - Unable to initialize FileSignerSecretProvider, falling back to use random secrets.
2019-08-07 04:31:28,615 WARN  http.HttpRequestLog (HttpRequestLog.java:getRequestLog(97)) - Jetty request log can only be enabled using Log4j
2019-08-07 04:31:28,616 INFO  http.HttpServer2 (HttpServer2.java:addGlobalFilter(975)) - Added global filter 'safety' (class=org.apache.hadoop.http.HttpServer2$QuotingInputFilter)
2019-08-07 04:31:28,617 INFO  http.HttpServer2 (HttpServer2.java:addFilter(948)) - Added filter static_user_filter (class=org.apache.hadoop.http.lib.StaticUserWebFilter$StaticUserFilter) to context hddsDatanode
2019-08-07 04:31:28,617 INFO  http.HttpServer2 (HttpServer2.java:addFilter(958)) - Added filter static_user_filter (class=org.apache.hadoop.http.lib.StaticUserWebFilter$StaticUserFilter) to context static
2019-08-07 04:31:28,617 INFO  http.HttpServer2 (HttpServer2.java:addFilter(958)) - Added filter static_user_filter (class=org.apache.hadoop.http.lib.StaticUserWebFilter$StaticUserFilter) to context logs
2019-08-07 04:31:28,618 INFO  http.HttpServer2 (HttpServer2.java:bindListener(1191)) - Jetty bound to port 37175
2019-08-07 04:31:28,618 INFO  server.Server (Server.java:doStart(351)) - jetty-9.3.24.v20180605, build timestamp: 2018-06-05T17:11:56Z, git hash: 84205aa28f11a4f31f2a3b86d1bba2cc8ab69827
2019-08-07 04:31:28,620 INFO  handler.ContextHandler (ContextHandler.java:doStart(781)) - Started o.e.j.s.ServletContextHandler@7a144560{/logs,file:///workdir/hadoop-ozone/integration-test/target/log,AVAILABLE}
2019-08-07 04:31:28,621 INFO  handler.ContextHandler (ContextHandler.java:doStart(781)) - Started o.e.j.s.ServletContextHandler@7364e1b7{/static,jar:file:/home/user/.m2/repository/org/apache/hadoop/hadoop-hdds-container-service/0.4.1-SNAPSHOT/hadoop-hdds-container-service-0.4.1-SNAPSHOT.jar!/webapps/static,AVAILABLE}
2019-08-07 04:31:28,654 INFO  handler.ContextHandler (ContextHandler.java:doStart(781)) - Started o.e.j.w.WebAppContext@712ef349{/,file:///tmp/jetty-0.0.0.0-37175-hddsDatanode-_-any-1746454805533000602.dir/webapp/,AVAILABLE}{/hddsDatanode}
2019-08-07 04:31:28,654 INFO  server.AbstractConnector (AbstractConnector.java:doStart(278)) - Started ServerConnector@11991aa1{HTTP/1.1,[http/1.1]}{0.0.0.0:37175}
2019-08-07 04:31:28,656 INFO  server.Server (Server.java:doStart(419)) - Started @81308ms
2019-08-07 04:31:28,656 INFO  server.BaseHttpServer (BaseHttpServer.java:updateConnectorAddress(207)) - HTTP server of HDDSDATANODE is listening at http://0.0.0.0:37175
2019-08-07 04:31:28,763 INFO  ozone.HddsDatanodeService (HddsDatanodeService.java:startPlugins(395)) - Started plug-in org.apache.hadoop.ozone.web.OzoneHddsDatanodeService@41fba75c
2019-08-07 04:31:28,764 INFO  impl.MetricsSystemImpl (MetricsSystemImpl.java:init(158)) - HddsDatanode metrics system started (again)
2019-08-07 04:31:28,774 INFO  util.JvmPauseMonitor (JvmPauseMonitor.java:run(188)) - Starting JVM pause monitor
2019-08-07 04:31:28,775 INFO  ozone.HddsDatanodeService (HddsDatanodeService.java:start(184)) - HddsDatanodeService host:byscane-nightly-ds7lx-2296511547 ip:192.168.157.245
2019-08-07 04:31:28,776 INFO  datanode.InitDatanodeState (InitDatanodeState.java:persistContainerDatanodeDetails(140)) - DatanodeDetails is persisted to /workdir/hadoop-ozone/integration-test/target/test-dir/MiniOzoneClusterImpl-a33b54dd-db2d-4f8c-b136-cccfa3d908fa/datanode-0/meta/datanode.id
2019-08-07 04:31:28,784 INFO  volume.HddsVolume (HddsVolume.java:<init>(176)) - Creating Volume: /workdir/hadoop-ozone/integration-test/target/test-dir/MiniOzoneClusterImpl-a33b54dd-db2d-4f8c-b136-cccfa3d908fa/datanode-1/data/containers/hdds of  storage type : DISK and capacity : 52710309888
2019-08-07 04:31:28,784 INFO  volume.VolumeSet (VolumeSet.java:initializeVolumeSet(170)) - Added Volume : /workdir/hadoop-ozone/integration-test/target/test-dir/MiniOzoneClusterImpl-a33b54dd-db2d-4f8c-b136-cccfa3d908fa/datanode-1/data/containers/hdds to VolumeSet
2019-08-07 04:31:28,784 INFO  volume.ThrottledAsyncChecker (ThrottledAsyncChecker.java:schedule(140)) - Scheduling a check for org.apache.hadoop.ozone.container.common.volume.HddsVolume@5ea66676
2019-08-07 04:31:28,785 INFO  volume.HddsVolumeChecker (HddsVolumeChecker.java:checkAllVolumes(203)) - Scheduled health check for volume org.apache.hadoop.ozone.container.common.volume.HddsVolume@5ea66676
2019-08-07 04:31:28,801 INFO  impl.RaftServerProxy (ConfUtils.java:logGet(43)) - raft.rpc.type = GRPC (default)
2019-08-07 04:31:28,801 INFO  grpc.GrpcFactory (GrpcFactory.java:checkPooledByteBufAllocatorUseCacheForAllThreads(45)) - PERFORMANCE WARNING: useCacheForAllThreads is true that may cause Netty to create a lot garbage objects and, as a result, trigger GC.
	It is recommended to disable useCacheForAllThreads by setting -Dorg.apache.ratis.thirdparty.io.netty.allocator.useCacheForAllThreads=false in command line.
2019-08-07 04:31:28,801 INFO  grpc.GrpcConfigKeys$Server (ConfUtils.java:logGet(43)) - raft.grpc.server.port = 0 (default)
2019-08-07 04:31:28,801 INFO  server.GrpcService (ConfUtils.java:logGet(43)) - raft.grpc.message.size.max = 33570816 (custom)
2019-08-07 04:31:28,802 INFO  server.RaftServerConfigKeys (ConfUtils.java:logGet(43)) - raft.server.log.appender.buffer.byte-limit = 33554432 (custom)
2019-08-07 04:31:28,802 INFO  server.GrpcService (ConfUtils.java:logGet(43)) - raft.grpc.flow.control.window = 1MB (=1048576) (default)
2019-08-07 04:31:28,802 INFO  server.RaftServerConfigKeys (ConfUtils.java:logGet(43)) - raft.server.rpc.request.timeout = 3000ms (default)
2019-08-07 04:31:28,802 INFO  server.RaftServerConfigKeys (ConfUtils.java:logGet(43)) - raft.server.storage.dir = [/workdir/hadoop-ozone/integration-test/target/test-dir/MiniOzoneClusterImpl-a33b54dd-db2d-4f8c-b136-cccfa3d908fa/datanode-1/data/ratis] (custom)
2019-08-07 04:31:28,803 INFO  replication.SimpleContainerDownloader (SimpleContainerDownloader.java:<init>(72)) - Starting container downloader service to copy containers to replicate.
2019-08-07 04:31:28,804 INFO  hdfs.DFSUtil (DFSUtil.java:httpServerTemplateForNNAndJN(1641)) - Starting Web-server for hddsDatanode at: http://0.0.0.0:0
2019-08-07 04:31:28,805 INFO  server.AuthenticationFilter (AuthenticationFilter.java:constructSecretProvider(240)) - Unable to initialize FileSignerSecretProvider, falling back to use random secrets.
2019-08-07 04:31:28,805 WARN  http.HttpRequestLog (HttpRequestLog.java:getRequestLog(97)) - Jetty request log can only be enabled using Log4j
2019-08-07 04:31:28,806 INFO  http.HttpServer2 (HttpServer2.java:addGlobalFilter(975)) - Added global filter 'safety' (class=org.apache.hadoop.http.HttpServer2$QuotingInputFilter)
2019-08-07 04:31:28,807 INFO  http.HttpServer2 (HttpServer2.java:addFilter(948)) - Added filter static_user_filter (class=org.apache.hadoop.http.lib.StaticUserWebFilter$StaticUserFilter) to context hddsDatanode
2019-08-07 04:31:28,807 INFO  http.HttpServer2 (HttpServer2.java:addFilter(958)) - Added filter static_user_filter (class=org.apache.hadoop.http.lib.StaticUserWebFilter$StaticUserFilter) to context static
2019-08-07 04:31:28,807 INFO  http.HttpServer2 (HttpServer2.java:addFilter(958)) - Added filter static_user_filter (class=org.apache.hadoop.http.lib.StaticUserWebFilter$StaticUserFilter) to context logs
2019-08-07 04:31:28,807 INFO  http.HttpServer2 (HttpServer2.java:bindListener(1191)) - Jetty bound to port 46668
2019-08-07 04:31:28,808 INFO  server.Server (Server.java:doStart(351)) - jetty-9.3.24.v20180605, build timestamp: 2018-06-05T17:11:56Z, git hash: 84205aa28f11a4f31f2a3b86d1bba2cc8ab69827
2019-08-07 04:31:28,809 INFO  handler.ContextHandler (ContextHandler.java:doStart(781)) - Started o.e.j.s.ServletContextHandler@14e9b54{/logs,file:///workdir/hadoop-ozone/integration-test/target/log,AVAILABLE}
2019-08-07 04:31:28,810 INFO  handler.ContextHandler (ContextHandler.java:doStart(781)) - Started o.e.j.s.ServletContextHandler@6d9b90ec{/static,jar:file:/home/user/.m2/repository/org/apache/hadoop/hadoop-hdds-container-service/0.4.1-SNAPSHOT/hadoop-hdds-container-service-0.4.1-SNAPSHOT.jar!/webapps/static,AVAILABLE}
2019-08-07 04:31:28,836 INFO  handler.ContextHandler (ContextHandler.java:doStart(781)) - Started o.e.j.w.WebAppContext@59653eed{/,file:///tmp/jetty-0.0.0.0-46668-hddsDatanode-_-any-8499540564164093242.dir/webapp/,AVAILABLE}{/hddsDatanode}
2019-08-07 04:31:28,836 INFO  server.AbstractConnector (AbstractConnector.java:doStart(278)) - Started ServerConnector@61d0d53{HTTP/1.1,[http/1.1]}{0.0.0.0:46668}
2019-08-07 04:31:28,838 INFO  server.Server (Server.java:doStart(419)) - Started @81490ms
2019-08-07 04:31:28,839 INFO  server.BaseHttpServer (BaseHttpServer.java:updateConnectorAddress(207)) - HTTP server of HDDSDATANODE is listening at http://0.0.0.0:46668
2019-08-07 04:31:28,942 INFO  ozone.HddsDatanodeService (HddsDatanodeService.java:startPlugins(395)) - Started plug-in org.apache.hadoop.ozone.web.OzoneHddsDatanodeService@471aedf9
2019-08-07 04:31:28,943 INFO  impl.MetricsSystemImpl (MetricsSystemImpl.java:init(158)) - HddsDatanode metrics system started (again)
2019-08-07 04:31:28,954 INFO  ozone.HddsDatanodeService (HddsDatanodeService.java:start(184)) - HddsDatanodeService host:byscane-nightly-ds7lx-2296511547 ip:192.168.157.245
2019-08-07 04:31:28,954 INFO  util.JvmPauseMonitor (JvmPauseMonitor.java:run(188)) - Starting JVM pause monitor
2019-08-07 04:31:28,956 INFO  datanode.InitDatanodeState (InitDatanodeState.java:persistContainerDatanodeDetails(140)) - DatanodeDetails is persisted to /workdir/hadoop-ozone/integration-test/target/test-dir/MiniOzoneClusterImpl-a33b54dd-db2d-4f8c-b136-cccfa3d908fa/datanode-1/meta/datanode.id
2019-08-07 04:31:28,964 INFO  volume.HddsVolume (HddsVolume.java:<init>(176)) - Creating Volume: /workdir/hadoop-ozone/integration-test/target/test-dir/MiniOzoneClusterImpl-a33b54dd-db2d-4f8c-b136-cccfa3d908fa/datanode-2/data/containers/hdds of  storage type : DISK and capacity : 52710309888
2019-08-07 04:31:28,964 INFO  volume.VolumeSet (VolumeSet.java:initializeVolumeSet(170)) - Added Volume : /workdir/hadoop-ozone/integration-test/target/test-dir/MiniOzoneClusterImpl-a33b54dd-db2d-4f8c-b136-cccfa3d908fa/datanode-2/data/containers/hdds to VolumeSet
2019-08-07 04:31:28,964 INFO  volume.ThrottledAsyncChecker (ThrottledAsyncChecker.java:schedule(140)) - Scheduling a check for org.apache.hadoop.ozone.container.common.volume.HddsVolume@60da8703
2019-08-07 04:31:28,964 INFO  volume.HddsVolumeChecker (HddsVolumeChecker.java:checkAllVolumes(203)) - Scheduled health check for volume org.apache.hadoop.ozone.container.common.volume.HddsVolume@60da8703
2019-08-07 04:31:28,980 INFO  impl.RaftServerProxy (ConfUtils.java:logGet(43)) - raft.rpc.type = GRPC (default)
2019-08-07 04:31:28,980 INFO  grpc.GrpcFactory (GrpcFactory.java:checkPooledByteBufAllocatorUseCacheForAllThreads(45)) - PERFORMANCE WARNING: useCacheForAllThreads is true that may cause Netty to create a lot garbage objects and, as a result, trigger GC.
	It is recommended to disable useCacheForAllThreads by setting -Dorg.apache.ratis.thirdparty.io.netty.allocator.useCacheForAllThreads=false in command line.
2019-08-07 04:31:28,980 INFO  grpc.GrpcConfigKeys$Server (ConfUtils.java:logGet(43)) - raft.grpc.server.port = 0 (default)
2019-08-07 04:31:28,981 INFO  server.GrpcService (ConfUtils.java:logGet(43)) - raft.grpc.message.size.max = 33570816 (custom)
2019-08-07 04:31:28,981 INFO  server.RaftServerConfigKeys (ConfUtils.java:logGet(43)) - raft.server.log.appender.buffer.byte-limit = 33554432 (custom)
2019-08-07 04:31:28,981 INFO  server.GrpcService (ConfUtils.java:logGet(43)) - raft.grpc.flow.control.window = 1MB (=1048576) (default)
2019-08-07 04:31:28,981 INFO  server.RaftServerConfigKeys (ConfUtils.java:logGet(43)) - raft.server.rpc.request.timeout = 3000ms (default)
2019-08-07 04:31:28,981 INFO  server.RaftServerConfigKeys (ConfUtils.java:logGet(43)) - raft.server.storage.dir = [/workdir/hadoop-ozone/integration-test/target/test-dir/MiniOzoneClusterImpl-a33b54dd-db2d-4f8c-b136-cccfa3d908fa/datanode-2/data/ratis] (custom)
2019-08-07 04:31:28,982 INFO  replication.SimpleContainerDownloader (SimpleContainerDownloader.java:<init>(72)) - Starting container downloader service to copy containers to replicate.
2019-08-07 04:31:28,983 INFO  hdfs.DFSUtil (DFSUtil.java:httpServerTemplateForNNAndJN(1641)) - Starting Web-server for hddsDatanode at: http://0.0.0.0:0
2019-08-07 04:31:28,984 INFO  server.AuthenticationFilter (AuthenticationFilter.java:constructSecretProvider(240)) - Unable to initialize FileSignerSecretProvider, falling back to use random secrets.
2019-08-07 04:31:28,984 WARN  http.HttpRequestLog (HttpRequestLog.java:getRequestLog(97)) - Jetty request log can only be enabled using Log4j
2019-08-07 04:31:28,985 INFO  http.HttpServer2 (HttpServer2.java:addGlobalFilter(975)) - Added global filter 'safety' (class=org.apache.hadoop.http.HttpServer2$QuotingInputFilter)
2019-08-07 04:31:28,986 INFO  http.HttpServer2 (HttpServer2.java:addFilter(948)) - Added filter static_user_filter (class=org.apache.hadoop.http.lib.StaticUserWebFilter$StaticUserFilter) to context hddsDatanode
2019-08-07 04:31:28,986 INFO  http.HttpServer2 (HttpServer2.java:addFilter(958)) - Added filter static_user_filter (class=org.apache.hadoop.http.lib.StaticUserWebFilter$StaticUserFilter) to context static
2019-08-07 04:31:28,986 INFO  http.HttpServer2 (HttpServer2.java:addFilter(958)) - Added filter static_user_filter (class=org.apache.hadoop.http.lib.StaticUserWebFilter$StaticUserFilter) to context logs
2019-08-07 04:31:28,986 INFO  http.HttpServer2 (HttpServer2.java:bindListener(1191)) - Jetty bound to port 37989
2019-08-07 04:31:28,987 INFO  server.Server (Server.java:doStart(351)) - jetty-9.3.24.v20180605, build timestamp: 2018-06-05T17:11:56Z, git hash: 84205aa28f11a4f31f2a3b86d1bba2cc8ab69827
2019-08-07 04:31:28,988 INFO  handler.ContextHandler (ContextHandler.java:doStart(781)) - Started o.e.j.s.ServletContextHandler@5ec7318b{/logs,file:///workdir/hadoop-ozone/integration-test/target/log,AVAILABLE}
2019-08-07 04:31:28,989 INFO  handler.ContextHandler (ContextHandler.java:doStart(781)) - Started o.e.j.s.ServletContextHandler@3f18f39a{/static,jar:file:/home/user/.m2/repository/org/apache/hadoop/hadoop-hdds-container-service/0.4.1-SNAPSHOT/hadoop-hdds-container-service-0.4.1-SNAPSHOT.jar!/webapps/static,AVAILABLE}
2019-08-07 04:31:29,016 INFO  handler.ContextHandler (ContextHandler.java:doStart(781)) - Started o.e.j.w.WebAppContext@6fdf3074{/,file:///tmp/jetty-0.0.0.0-37989-hddsDatanode-_-any-1710778890642478757.dir/webapp/,AVAILABLE}{/hddsDatanode}
2019-08-07 04:31:29,016 INFO  server.AbstractConnector (AbstractConnector.java:doStart(278)) - Started ServerConnector@780adc69{HTTP/1.1,[http/1.1]}{0.0.0.0:37989}
2019-08-07 04:31:29,020 INFO  server.Server (Server.java:doStart(419)) - Started @81672ms
2019-08-07 04:31:29,021 INFO  server.BaseHttpServer (BaseHttpServer.java:updateConnectorAddress(207)) - HTTP server of HDDSDATANODE is listening at http://0.0.0.0:37989
2019-08-07 04:31:29,125 INFO  ozone.HddsDatanodeService (HddsDatanodeService.java:startPlugins(395)) - Started plug-in org.apache.hadoop.ozone.web.OzoneHddsDatanodeService@3edd07f0
2019-08-07 04:31:29,125 INFO  ozone.MiniOzoneClusterImpl (MiniOzoneClusterImpl.java:lambda$waitForClusterToBeReady$0(142)) - Waiting for cluster to be ready. Got 0 of 3 DN Heartbeats.
2019-08-07 04:31:29,135 INFO  util.JvmPauseMonitor (JvmPauseMonitor.java:run(188)) - Starting JVM pause monitor
2019-08-07 04:31:29,139 INFO  datanode.InitDatanodeState (InitDatanodeState.java:persistContainerDatanodeDetails(140)) - DatanodeDetails is persisted to /workdir/hadoop-ozone/integration-test/target/test-dir/MiniOzoneClusterImpl-a33b54dd-db2d-4f8c-b136-cccfa3d908fa/datanode-2/meta/datanode.id
2019-08-07 04:31:30,125 INFO  ozone.MiniOzoneClusterImpl (MiniOzoneClusterImpl.java:lambda$waitForClusterToBeReady$0(142)) - Waiting for cluster to be ready. Got 0 of 3 DN Heartbeats.
2019-08-07 04:31:30,799 INFO  ozoneimpl.OzoneContainer (OzoneContainer.java:start(186)) - Attempting to start container services.
2019-08-07 04:31:30,799 INFO  ozoneimpl.OzoneContainer (OzoneContainer.java:startContainerScrub(160)) - Background container scrubber has been disabled by hdds.containerscrub.enabled
2019-08-07 04:31:30,799 INFO  ratis.XceiverServerRatis (XceiverServerRatis.java:start(404)) - Starting XceiverServerRatis dbce3e28-f862-4b28-bd0d-37668f06b72e at port 0
2019-08-07 04:31:30,808 INFO  impl.RaftServerProxy (RaftServerProxy.java:lambda$start$3(299)) - dbce3e28-f862-4b28-bd0d-37668f06b72e: start RPC server
2019-08-07 04:31:30,812 INFO  server.GrpcService (GrpcService.java:startImpl(149)) - dbce3e28-f862-4b28-bd0d-37668f06b72e: GrpcService started, listening on 0.0.0.0/0.0.0.0:35366
2019-08-07 04:31:30,812 INFO  ratis.XceiverServerRatis (XceiverServerRatis.java:start(414)) - XceiverServerRatis dbce3e28-f862-4b28-bd0d-37668f06b72e is started using port 35366
2019-08-07 04:31:30,815 INFO  server.XceiverServerGrpc (XceiverServerGrpc.java:start(161)) - XceiverServerGrpc dbce3e28-f862-4b28-bd0d-37668f06b72e is started using port 35588
2019-08-07 04:31:30,970 INFO  ozoneimpl.OzoneContainer (OzoneContainer.java:start(186)) - Attempting to start container services.
2019-08-07 04:31:30,970 INFO  ozoneimpl.OzoneContainer (OzoneContainer.java:startContainerScrub(160)) - Background container scrubber has been disabled by hdds.containerscrub.enabled
2019-08-07 04:31:30,970 INFO  ratis.XceiverServerRatis (XceiverServerRatis.java:start(404)) - Starting XceiverServerRatis edcf201a-8d20-48a9-8e96-6e9b4422274a at port 0
2019-08-07 04:31:30,979 INFO  impl.RaftServerProxy (RaftServerProxy.java:lambda$start$3(299)) - edcf201a-8d20-48a9-8e96-6e9b4422274a: start RPC server
2019-08-07 04:31:30,991 INFO  server.GrpcService (GrpcService.java:startImpl(149)) - edcf201a-8d20-48a9-8e96-6e9b4422274a: GrpcService started, listening on 0.0.0.0/0.0.0.0:42968
2019-08-07 04:31:30,991 INFO  ratis.XceiverServerRatis (XceiverServerRatis.java:start(414)) - XceiverServerRatis edcf201a-8d20-48a9-8e96-6e9b4422274a is started using port 42968
2019-08-07 04:31:30,994 INFO  server.XceiverServerGrpc (XceiverServerGrpc.java:start(161)) - XceiverServerGrpc edcf201a-8d20-48a9-8e96-6e9b4422274a is started using port 39342
2019-08-07 04:31:31,126 INFO  ozone.MiniOzoneClusterImpl (MiniOzoneClusterImpl.java:lambda$waitForClusterToBeReady$0(142)) - Waiting for cluster to be ready. Got 0 of 3 DN Heartbeats.
2019-08-07 04:31:31,149 INFO  ozoneimpl.OzoneContainer (OzoneContainer.java:start(186)) - Attempting to start container services.
2019-08-07 04:31:31,149 INFO  ozoneimpl.OzoneContainer (OzoneContainer.java:startContainerScrub(160)) - Background container scrubber has been disabled by hdds.containerscrub.enabled
2019-08-07 04:31:31,150 INFO  ratis.XceiverServerRatis (XceiverServerRatis.java:start(404)) - Starting XceiverServerRatis a101e6c2-62d3-4a70-bcd6-8fd51ec4b5fb at port 0
2019-08-07 04:31:31,159 INFO  impl.RaftServerProxy (RaftServerProxy.java:lambda$start$3(299)) - a101e6c2-62d3-4a70-bcd6-8fd51ec4b5fb: start RPC server
2019-08-07 04:31:31,162 INFO  server.GrpcService (GrpcService.java:startImpl(149)) - a101e6c2-62d3-4a70-bcd6-8fd51ec4b5fb: GrpcService started, listening on 0.0.0.0/0.0.0.0:36932
2019-08-07 04:31:31,163 INFO  ratis.XceiverServerRatis (XceiverServerRatis.java:start(414)) - XceiverServerRatis a101e6c2-62d3-4a70-bcd6-8fd51ec4b5fb is started using port 36932
2019-08-07 04:31:31,172 INFO  server.XceiverServerGrpc (XceiverServerGrpc.java:start(161)) - XceiverServerGrpc a101e6c2-62d3-4a70-bcd6-8fd51ec4b5fb is started using port 32902
2019-08-07 04:31:32,126 INFO  ozone.MiniOzoneClusterImpl (MiniOzoneClusterImpl.java:lambda$waitForClusterToBeReady$0(142)) - Waiting for cluster to be ready. Got 0 of 3 DN Heartbeats.
2019-08-07 04:31:32,783 INFO  net.NetworkTopology (NetworkTopologyImpl.java:add(110)) - Added a new node: /default-rack/dbce3e28-f862-4b28-bd0d-37668f06b72e
2019-08-07 04:31:32,785 INFO  node.SCMNodeManager (SCMNodeManager.java:register(273)) - Registered Data node : dbce3e28-f862-4b28-bd0d-37668f06b72e{ip: 192.168.157.245, host: byscane-nightly-ds7lx-2296511547, networkLocation: /default-rack, certSerialId: null}
2019-08-07 04:31:32,786 INFO  safemode.SCMSafeModeManager (DataNodeSafeModeRule.java:process(71)) - SCM in safe mode. 1 DataNodes registered, 1 required.
2019-08-07 04:31:32,789 INFO  safemode.SCMSafeModeManager (SCMSafeModeManager.java:validateSafeModeExitRules(177)) - ScmSafeModeManager, all rules are successfully validated
2019-08-07 04:31:32,789 INFO  safemode.SCMSafeModeManager (SCMSafeModeManager.java:exitSafeMode(193)) - SCM exiting safe mode.
2019-08-07 04:31:32,814 INFO  impl.RaftServerProxy (RaftServerProxy.java:addNew(89)) - dbce3e28-f862-4b28-bd0d-37668f06b72e: addNew group-8FC550731BE2:[dbce3e28-f862-4b28-bd0d-37668f06b72e:192.168.157.245:35366] returns group-8FC550731BE2:java.util.concurrent.CompletableFuture@2c391f5[Not completed]
2019-08-07 04:31:32,819 INFO  impl.RaftServerImpl (RaftServerImpl.java:<init>(93)) - dbce3e28-f862-4b28-bd0d-37668f06b72e: new RaftServerImpl for group-8FC550731BE2:[dbce3e28-f862-4b28-bd0d-37668f06b72e:192.168.157.245:35366] with ContainerStateMachine:uninitialized
2019-08-07 04:31:32,819 INFO  server.RaftServerConfigKeys (ConfUtils.java:logGet(43)) - raft.server.rpc.timeout.min = 5s (custom)
2019-08-07 04:31:32,819 INFO  server.RaftServerConfigKeys (ConfUtils.java:logGet(43)) - raft.server.rpc.timeout.max = 5200ms (custom)
2019-08-07 04:31:32,820 INFO  server.RaftServerConfigKeys (ConfUtils.java:logGet(43)) - raft.server.rpcslowness.timeout = 120s (custom)
2019-08-07 04:31:32,820 INFO  server.RaftServerConfigKeys (ConfUtils.java:logGet(43)) - raft.server.sleep.deviation.threshold = 300 (default)
2019-08-07 04:31:32,820 INFO  server.RaftServerConfigKeys (ConfUtils.java:logGet(43)) - raft.server.log.appender.install.snapshot.enabled = false (custom)
2019-08-07 04:31:32,820 INFO  impl.RaftServerImpl (ServerState.java:<init>(105)) - dbce3e28-f862-4b28-bd0d-37668f06b72e:group-8FC550731BE2 ConfigurationManager, init=-1: [dbce3e28-f862-4b28-bd0d-37668f06b72e:192.168.157.245:35366], old=null, confs=<EMPTY_MAP>
2019-08-07 04:31:32,820 INFO  server.RaftServerConfigKeys (ConfUtils.java:logGet(43)) - raft.server.storage.dir = [/workdir/hadoop-ozone/integration-test/target/test-dir/MiniOzoneClusterImpl-a33b54dd-db2d-4f8c-b136-cccfa3d908fa/datanode-0/data/ratis] (custom)
2019-08-07 04:31:32,821 INFO  storage.RaftStorageDirectory (RaftStorageDirectory.java:analyzeStorage(246)) - The storage directory /workdir/hadoop-ozone/integration-test/target/test-dir/MiniOzoneClusterImpl-a33b54dd-db2d-4f8c-b136-cccfa3d908fa/datanode-0/data/ratis/aa62276a-3166-41f9-b312-8fc550731be2 does not exist. Creating ...
2019-08-07 04:31:32,835 INFO  storage.RaftStorageDirectory (RaftStorageDirectory.java:tryLock(328)) - Lock on /workdir/hadoop-ozone/integration-test/target/test-dir/MiniOzoneClusterImpl-a33b54dd-db2d-4f8c-b136-cccfa3d908fa/datanode-0/data/ratis/aa62276a-3166-41f9-b312-8fc550731be2/in_use.lock acquired by nodename 1920@byscane-nightly-ds7lx-2296511547
2019-08-07 04:31:32,849 INFO  storage.RaftStorage (RaftStorage.java:format(72)) - Storage directory /workdir/hadoop-ozone/integration-test/target/test-dir/MiniOzoneClusterImpl-a33b54dd-db2d-4f8c-b136-cccfa3d908fa/datanode-0/data/ratis/aa62276a-3166-41f9-b312-8fc550731be2 has been successfully formatted.
2019-08-07 04:31:32,850 INFO  ratis.ContainerStateMachine (ContainerStateMachine.java:loadSnapshot(213)) - group-8FC550731BE2: The snapshot info is null. Setting the last applied indexto:(t:0, i:~)
2019-08-07 04:31:32,850 INFO  server.RaftServerConfigKeys (ConfUtils.java:logGet(43)) - raft.server.leader.election.timeout = 120s (custom)
2019-08-07 04:31:32,850 INFO  server.RaftServerConfigKeys (ConfUtils.java:logGet(43)) - raft.server.log.use.memory = false (default)
2019-08-07 04:31:32,850 INFO  server.RaftServerConfigKeys (ConfUtils.java:logGet(43)) - raft.server.log.purge.gap = 1000000000 (custom)
2019-08-07 04:31:32,850 INFO  server.RaftServerConfigKeys (ConfUtils.java:logGet(43)) - raft.server.log.appender.buffer.byte-limit = 33554432 (custom)
2019-08-07 04:31:32,851 INFO  server.RaftServerConfigKeys (ConfUtils.java:logGet(43)) - raft.server.log.segment.size.max = 1048576 (custom)
2019-08-07 04:31:32,851 INFO  server.RaftServerConfigKeys (ConfUtils.java:logGet(43)) - raft.server.log.segment.cache.num.max = 2 (custom)
2019-08-07 04:31:32,851 INFO  segmented.SegmentedRaftLogWorker (SegmentedRaftLogWorker.java:<init>(172)) - new dbce3e28-f862-4b28-bd0d-37668f06b72e-SegmentedRaftLogWorker:Storage Directory /workdir/hadoop-ozone/integration-test/target/test-dir/MiniOzoneClusterImpl-a33b54dd-db2d-4f8c-b136-cccfa3d908fa/datanode-0/data/ratis/aa62276a-3166-41f9-b312-8fc550731be2 for RaftStorage:Storage Directory /workdir/hadoop-ozone/integration-test/target/test-dir/MiniOzoneClusterImpl-a33b54dd-db2d-4f8c-b136-cccfa3d908fa/datanode-0/data/ratis/aa62276a-3166-41f9-b312-8fc550731be2
2019-08-07 04:31:32,851 INFO  server.RaftServerConfigKeys (ConfUtils.java:logGet(43)) - raft.server.log.queue.byte-limit = 2147483647 (custom)
2019-08-07 04:31:32,851 INFO  server.RaftServerConfigKeys (ConfUtils.java:logGet(43)) - raft.server.log.queue.element-limit = 1024 (custom)
2019-08-07 04:31:32,852 INFO  server.RaftServerConfigKeys (ConfUtils.java:logGet(43)) - raft.server.log.segment.size.max = 1048576 (custom)
2019-08-07 04:31:32,852 INFO  server.RaftServerConfigKeys (ConfUtils.java:logGet(43)) - raft.server.log.preallocated.size = 16384 (custom)
2019-08-07 04:31:32,852 INFO  server.RaftServerConfigKeys (ConfUtils.java:logGet(43)) - raft.server.log.write.buffer.size = 33554432 (custom)
2019-08-07 04:31:32,853 INFO  server.RaftServerConfigKeys (ConfUtils.java:logGet(43)) - raft.server.log.force.sync.num = 128 (default)
2019-08-07 04:31:32,853 INFO  server.RaftServerConfigKeys (ConfUtils.java:logGet(43)) - raft.server.log.statemachine.data.sync = true (default)
2019-08-07 04:31:32,853 INFO  server.RaftServerConfigKeys (ConfUtils.java:logGet(43)) - raft.server.log.statemachine.data.sync.timeout = 10s (default)
2019-08-07 04:31:32,853 INFO  server.RaftServerConfigKeys (ConfUtils.java:logGet(43)) - raft.server.log.statemachine.data.sync.timeout.retry = -1 (default)
2019-08-07 04:31:32,854 INFO  server.RaftServerConfigKeys (ConfUtils.java:logGet(43)) - raft.server.log.statemachine.data.caching.enabled = true (custom)
2019-08-07 04:31:32,854 INFO  segmented.SegmentedRaftLogWorker (SegmentedRaftLogWorker.java:lambda$new$0(132)) - dbce3e28-f862-4b28-bd0d-37668f06b72e-SegmentedRaftLogWorker:Storage Directory /workdir/hadoop-ozone/integration-test/target/test-dir/MiniOzoneClusterImpl-a33b54dd-db2d-4f8c-b136-cccfa3d908fa/datanode-0/data/ratis/aa62276a-3166-41f9-b312-8fc550731be2: flushIndex: setUnconditionally 0 -> -1
2019-08-07 04:31:32,855 INFO  server.RaftServerConfigKeys (ConfUtils.java:logGet(43)) - raft.server.snapshot.auto.trigger.enabled = true (custom)
2019-08-07 04:31:32,855 INFO  server.RaftServerConfigKeys (ConfUtils.java:logGet(43)) - raft.server.snapshot.auto.trigger.threshold = 10000 (custom)
2019-08-07 04:31:32,855 INFO  server.RaftServerConfigKeys (ConfUtils.java:logGet(43)) - raft.server.retrycache.expirytime = 600000ms (custom)
2019-08-07 04:31:32,855 INFO  impl.RaftServerImpl (RaftServerImpl.java:start(180)) - dbce3e28-f862-4b28-bd0d-37668f06b72e: start group-8FC550731BE2
2019-08-07 04:31:32,856 INFO  impl.RaftServerImpl (RaftServerImpl.java:setRole(171)) - dbce3e28-f862-4b28-bd0d-37668f06b72e:group-8FC550731BE2 changes role from null to FOLLOWER at term 0 for startAsFollower
2019-08-07 04:31:32,856 INFO  impl.RoleInfo (RoleInfo.java:updateAndGet(143)) - dbce3e28-f862-4b28-bd0d-37668f06b72e: start FollowerState
2019-08-07 04:31:32,856 INFO  util.JmxRegister (JmxRegister.java:tryRegister(44)) - Successfully registered JMX Bean with object name Ratis:service=RaftServer,group=group-8FC550731BE2,id=dbce3e28-f862-4b28-bd0d-37668f06b72e
2019-08-07 04:31:32,869 INFO  pipeline.PipelineStateManager (PipelineStateManager.java:addPipeline(56)) - Created pipeline Pipeline[ Id: aa62276a-3166-41f9-b312-8fc550731be2, Nodes: dbce3e28-f862-4b28-bd0d-37668f06b72e{ip: 192.168.157.245, host: byscane-nightly-ds7lx-2296511547, networkLocation: /default-rack, certSerialId: null}, Type:RATIS, Factor:ONE, State:OPEN]
2019-08-07 04:31:32,955 INFO  net.NetworkTopology (NetworkTopologyImpl.java:add(110)) - Added a new node: /default-rack/edcf201a-8d20-48a9-8e96-6e9b4422274a
2019-08-07 04:31:32,955 INFO  node.SCMNodeManager (SCMNodeManager.java:register(273)) - Registered Data node : edcf201a-8d20-48a9-8e96-6e9b4422274a{ip: 192.168.157.245, host: byscane-nightly-ds7lx-2296511547, networkLocation: /default-rack, certSerialId: null}
2019-08-07 04:31:32,977 INFO  impl.RaftServerProxy (RaftServerProxy.java:addNew(89)) - edcf201a-8d20-48a9-8e96-6e9b4422274a: addNew group-96BAEF48FC5C:[edcf201a-8d20-48a9-8e96-6e9b4422274a:192.168.157.245:42968] returns group-96BAEF48FC5C:java.util.concurrent.CompletableFuture@29b561a8[Not completed]
2019-08-07 04:31:32,982 INFO  impl.RaftServerImpl (RaftServerImpl.java:<init>(93)) - edcf201a-8d20-48a9-8e96-6e9b4422274a: new RaftServerImpl for group-96BAEF48FC5C:[edcf201a-8d20-48a9-8e96-6e9b4422274a:192.168.157.245:42968] with ContainerStateMachine:uninitialized
2019-08-07 04:31:32,982 INFO  server.RaftServerConfigKeys (ConfUtils.java:logGet(43)) - raft.server.rpc.timeout.min = 5s (custom)
2019-08-07 04:31:32,982 INFO  server.RaftServerConfigKeys (ConfUtils.java:logGet(43)) - raft.server.rpc.timeout.max = 5200ms (custom)
2019-08-07 04:31:32,982 INFO  server.RaftServerConfigKeys (ConfUtils.java:logGet(43)) - raft.server.rpcslowness.timeout = 120s (custom)
2019-08-07 04:31:32,983 INFO  server.RaftServerConfigKeys (ConfUtils.java:logGet(43)) - raft.server.sleep.deviation.threshold = 300 (default)
2019-08-07 04:31:32,983 INFO  server.RaftServerConfigKeys (ConfUtils.java:logGet(43)) - raft.server.log.appender.install.snapshot.enabled = false (custom)
2019-08-07 04:31:32,983 INFO  impl.RaftServerImpl (ServerState.java:<init>(105)) - edcf201a-8d20-48a9-8e96-6e9b4422274a:group-96BAEF48FC5C ConfigurationManager, init=-1: [edcf201a-8d20-48a9-8e96-6e9b4422274a:192.168.157.245:42968], old=null, confs=<EMPTY_MAP>
2019-08-07 04:31:32,983 INFO  server.RaftServerConfigKeys (ConfUtils.java:logGet(43)) - raft.server.storage.dir = [/workdir/hadoop-ozone/integration-test/target/test-dir/MiniOzoneClusterImpl-a33b54dd-db2d-4f8c-b136-cccfa3d908fa/datanode-1/data/ratis] (custom)
2019-08-07 04:31:32,984 INFO  storage.RaftStorageDirectory (RaftStorageDirectory.java:analyzeStorage(246)) - The storage directory /workdir/hadoop-ozone/integration-test/target/test-dir/MiniOzoneClusterImpl-a33b54dd-db2d-4f8c-b136-cccfa3d908fa/datanode-1/data/ratis/a06ab12c-4f3d-45f1-b1fc-96baef48fc5c does not exist. Creating ...
2019-08-07 04:31:32,997 INFO  storage.RaftStorageDirectory (RaftStorageDirectory.java:tryLock(328)) - Lock on /workdir/hadoop-ozone/integration-test/target/test-dir/MiniOzoneClusterImpl-a33b54dd-db2d-4f8c-b136-cccfa3d908fa/datanode-1/data/ratis/a06ab12c-4f3d-45f1-b1fc-96baef48fc5c/in_use.lock acquired by nodename 1920@byscane-nightly-ds7lx-2296511547
2019-08-07 04:31:33,011 INFO  storage.RaftStorage (RaftStorage.java:format(72)) - Storage directory /workdir/hadoop-ozone/integration-test/target/test-dir/MiniOzoneClusterImpl-a33b54dd-db2d-4f8c-b136-cccfa3d908fa/datanode-1/data/ratis/a06ab12c-4f3d-45f1-b1fc-96baef48fc5c has been successfully formatted.
2019-08-07 04:31:33,011 INFO  ratis.ContainerStateMachine (ContainerStateMachine.java:loadSnapshot(213)) - group-96BAEF48FC5C: The snapshot info is null. Setting the last applied indexto:(t:0, i:~)
2019-08-07 04:31:33,011 INFO  server.RaftServerConfigKeys (ConfUtils.java:logGet(43)) - raft.server.leader.election.timeout = 120s (custom)
2019-08-07 04:31:33,011 INFO  server.RaftServerConfigKeys (ConfUtils.java:logGet(43)) - raft.server.log.use.memory = false (default)
2019-08-07 04:31:33,011 INFO  server.RaftServerConfigKeys (ConfUtils.java:logGet(43)) - raft.server.log.purge.gap = 1000000000 (custom)
2019-08-07 04:31:33,012 INFO  server.RaftServerConfigKeys (ConfUtils.java:logGet(43)) - raft.server.log.appender.buffer.byte-limit = 33554432 (custom)
2019-08-07 04:31:33,012 INFO  server.RaftServerConfigKeys (ConfUtils.java:logGet(43)) - raft.server.log.segment.size.max = 1048576 (custom)
2019-08-07 04:31:33,012 INFO  server.RaftServerConfigKeys (ConfUtils.java:logGet(43)) - raft.server.log.segment.cache.num.max = 2 (custom)
2019-08-07 04:31:33,012 INFO  segmented.SegmentedRaftLogWorker (SegmentedRaftLogWorker.java:<init>(172)) - new edcf201a-8d20-48a9-8e96-6e9b4422274a-SegmentedRaftLogWorker:Storage Directory /workdir/hadoop-ozone/integration-test/target/test-dir/MiniOzoneClusterImpl-a33b54dd-db2d-4f8c-b136-cccfa3d908fa/datanode-1/data/ratis/a06ab12c-4f3d-45f1-b1fc-96baef48fc5c for RaftStorage:Storage Directory /workdir/hadoop-ozone/integration-test/target/test-dir/MiniOzoneClusterImpl-a33b54dd-db2d-4f8c-b136-cccfa3d908fa/datanode-1/data/ratis/a06ab12c-4f3d-45f1-b1fc-96baef48fc5c
2019-08-07 04:31:33,012 INFO  server.RaftServerConfigKeys (ConfUtils.java:logGet(43)) - raft.server.log.queue.byte-limit = 2147483647 (custom)
2019-08-07 04:31:33,013 INFO  server.RaftServerConfigKeys (ConfUtils.java:logGet(43)) - raft.server.log.queue.element-limit = 1024 (custom)
2019-08-07 04:31:33,013 INFO  server.RaftServerConfigKeys (ConfUtils.java:logGet(43)) - raft.server.log.segment.size.max = 1048576 (custom)
2019-08-07 04:31:33,013 INFO  server.RaftServerConfigKeys (ConfUtils.java:logGet(43)) - raft.server.log.preallocated.size = 16384 (custom)
2019-08-07 04:31:33,013 INFO  server.RaftServerConfigKeys (ConfUtils.java:logGet(43)) - raft.server.log.write.buffer.size = 33554432 (custom)
2019-08-07 04:31:33,013 INFO  server.RaftServerConfigKeys (ConfUtils.java:logGet(43)) - raft.server.log.force.sync.num = 128 (default)
2019-08-07 04:31:33,014 INFO  server.RaftServerConfigKeys (ConfUtils.java:logGet(43)) - raft.server.log.statemachine.data.sync = true (default)
2019-08-07 04:31:33,014 INFO  server.RaftServerConfigKeys (ConfUtils.java:logGet(43)) - raft.server.log.statemachine.data.sync.timeout = 10s (default)
2019-08-07 04:31:33,014 INFO  server.RaftServerConfigKeys (ConfUtils.java:logGet(43)) - raft.server.log.statemachine.data.sync.timeout.retry = -1 (default)
2019-08-07 04:31:33,014 INFO  server.RaftServerConfigKeys (ConfUtils.java:logGet(43)) - raft.server.log.statemachine.data.caching.enabled = true (custom)
2019-08-07 04:31:33,015 INFO  segmented.SegmentedRaftLogWorker (SegmentedRaftLogWorker.java:lambda$new$0(132)) - edcf201a-8d20-48a9-8e96-6e9b4422274a-SegmentedRaftLogWorker:Storage Directory /workdir/hadoop-ozone/integration-test/target/test-dir/MiniOzoneClusterImpl-a33b54dd-db2d-4f8c-b136-cccfa3d908fa/datanode-1/data/ratis/a06ab12c-4f3d-45f1-b1fc-96baef48fc5c: flushIndex: setUnconditionally 0 -> -1
2019-08-07 04:31:33,015 INFO  server.RaftServerConfigKeys (ConfUtils.java:logGet(43)) - raft.server.snapshot.auto.trigger.enabled = true (custom)
2019-08-07 04:31:33,015 INFO  server.RaftServerConfigKeys (ConfUtils.java:logGet(43)) - raft.server.snapshot.auto.trigger.threshold = 10000 (custom)
2019-08-07 04:31:33,016 INFO  server.RaftServerConfigKeys (ConfUtils.java:logGet(43)) - raft.server.retrycache.expirytime = 600000ms (custom)
2019-08-07 04:31:33,016 INFO  impl.RaftServerImpl (RaftServerImpl.java:start(180)) - edcf201a-8d20-48a9-8e96-6e9b4422274a: start group-96BAEF48FC5C
2019-08-07 04:31:33,016 INFO  impl.RaftServerImpl (RaftServerImpl.java:setRole(171)) - edcf201a-8d20-48a9-8e96-6e9b4422274a:group-96BAEF48FC5C changes role from null to FOLLOWER at term 0 for startAsFollower
2019-08-07 04:31:33,016 INFO  impl.RoleInfo (RoleInfo.java:updateAndGet(143)) - edcf201a-8d20-48a9-8e96-6e9b4422274a: start FollowerState
2019-08-07 04:31:33,017 INFO  util.JmxRegister (JmxRegister.java:tryRegister(44)) - Successfully registered JMX Bean with object name Ratis:service=RaftServer,group=group-96BAEF48FC5C,id=edcf201a-8d20-48a9-8e96-6e9b4422274a
2019-08-07 04:31:33,029 INFO  pipeline.PipelineStateManager (PipelineStateManager.java:addPipeline(56)) - Created pipeline Pipeline[ Id: a06ab12c-4f3d-45f1-b1fc-96baef48fc5c, Nodes: edcf201a-8d20-48a9-8e96-6e9b4422274a{ip: 192.168.157.245, host: byscane-nightly-ds7lx-2296511547, networkLocation: /default-rack, certSerialId: null}, Type:RATIS, Factor:ONE, State:OPEN]
2019-08-07 04:31:33,127 INFO  ozone.MiniOzoneClusterImpl (MiniOzoneClusterImpl.java:lambda$waitForClusterToBeReady$0(142)) - Waiting for cluster to be ready. Got 2 of 3 DN Heartbeats.
2019-08-07 04:31:33,135 INFO  net.NetworkTopology (NetworkTopologyImpl.java:add(110)) - Added a new node: /default-rack/a101e6c2-62d3-4a70-bcd6-8fd51ec4b5fb
2019-08-07 04:31:33,135 INFO  node.SCMNodeManager (SCMNodeManager.java:register(273)) - Registered Data node : a101e6c2-62d3-4a70-bcd6-8fd51ec4b5fb{ip: 192.168.157.245, host: byscane-nightly-ds7lx-2296511547, networkLocation: /default-rack, certSerialId: null}
2019-08-07 04:31:33,155 INFO  impl.RaftServerProxy (RaftServerProxy.java:addNew(89)) - a101e6c2-62d3-4a70-bcd6-8fd51ec4b5fb: addNew group-698E89B884A3:[a101e6c2-62d3-4a70-bcd6-8fd51ec4b5fb:192.168.157.245:36932] returns group-698E89B884A3:java.util.concurrent.CompletableFuture@7fd667a[Not completed]
2019-08-07 04:31:33,160 INFO  impl.RaftServerImpl (RaftServerImpl.java:<init>(93)) - a101e6c2-62d3-4a70-bcd6-8fd51ec4b5fb: new RaftServerImpl for group-698E89B884A3:[a101e6c2-62d3-4a70-bcd6-8fd51ec4b5fb:192.168.157.245:36932] with ContainerStateMachine:uninitialized
2019-08-07 04:31:33,161 INFO  server.RaftServerConfigKeys (ConfUtils.java:logGet(43)) - raft.server.rpc.timeout.min = 5s (custom)
2019-08-07 04:31:33,161 INFO  server.RaftServerConfigKeys (ConfUtils.java:logGet(43)) - raft.server.rpc.timeout.max = 5200ms (custom)
2019-08-07 04:31:33,161 INFO  server.RaftServerConfigKeys (ConfUtils.java:logGet(43)) - raft.server.rpcslowness.timeout = 120s (custom)
2019-08-07 04:31:33,161 INFO  server.RaftServerConfigKeys (ConfUtils.java:logGet(43)) - raft.server.sleep.deviation.threshold = 300 (default)
2019-08-07 04:31:33,161 INFO  server.RaftServerConfigKeys (ConfUtils.java:logGet(43)) - raft.server.log.appender.install.snapshot.enabled = false (custom)
2019-08-07 04:31:33,162 INFO  impl.RaftServerImpl (ServerState.java:<init>(105)) - a101e6c2-62d3-4a70-bcd6-8fd51ec4b5fb:group-698E89B884A3 ConfigurationManager, init=-1: [a101e6c2-62d3-4a70-bcd6-8fd51ec4b5fb:192.168.157.245:36932], old=null, confs=<EMPTY_MAP>
2019-08-07 04:31:33,162 INFO  server.RaftServerConfigKeys (ConfUtils.java:logGet(43)) - raft.server.storage.dir = [/workdir/hadoop-ozone/integration-test/target/test-dir/MiniOzoneClusterImpl-a33b54dd-db2d-4f8c-b136-cccfa3d908fa/datanode-2/data/ratis] (custom)
2019-08-07 04:31:33,162 INFO  storage.RaftStorageDirectory (RaftStorageDirectory.java:analyzeStorage(246)) - The storage directory /workdir/hadoop-ozone/integration-test/target/test-dir/MiniOzoneClusterImpl-a33b54dd-db2d-4f8c-b136-cccfa3d908fa/datanode-2/data/ratis/204d1aee-9af3-486d-baae-698e89b884a3 does not exist. Creating ...
2019-08-07 04:31:33,176 INFO  storage.RaftStorageDirectory (RaftStorageDirectory.java:tryLock(328)) - Lock on /workdir/hadoop-ozone/integration-test/target/test-dir/MiniOzoneClusterImpl-a33b54dd-db2d-4f8c-b136-cccfa3d908fa/datanode-2/data/ratis/204d1aee-9af3-486d-baae-698e89b884a3/in_use.lock acquired by nodename 1920@byscane-nightly-ds7lx-2296511547
2019-08-07 04:31:33,189 INFO  storage.RaftStorage (RaftStorage.java:format(72)) - Storage directory /workdir/hadoop-ozone/integration-test/target/test-dir/MiniOzoneClusterImpl-a33b54dd-db2d-4f8c-b136-cccfa3d908fa/datanode-2/data/ratis/204d1aee-9af3-486d-baae-698e89b884a3 has been successfully formatted.
2019-08-07 04:31:33,190 INFO  ratis.ContainerStateMachine (ContainerStateMachine.java:loadSnapshot(213)) - group-698E89B884A3: The snapshot info is null. Setting the last applied indexto:(t:0, i:~)
2019-08-07 04:31:33,190 INFO  server.RaftServerConfigKeys (ConfUtils.java:logGet(43)) - raft.server.leader.election.timeout = 120s (custom)
2019-08-07 04:31:33,190 INFO  server.RaftServerConfigKeys (ConfUtils.java:logGet(43)) - raft.server.log.use.memory = false (default)
2019-08-07 04:31:33,190 INFO  server.RaftServerConfigKeys (ConfUtils.java:logGet(43)) - raft.server.log.purge.gap = 1000000000 (custom)
2019-08-07 04:31:33,191 INFO  server.RaftServerConfigKeys (ConfUtils.java:logGet(43)) - raft.server.log.appender.buffer.byte-limit = 33554432 (custom)
2019-08-07 04:31:33,191 INFO  server.RaftServerConfigKeys (ConfUtils.java:logGet(43)) - raft.server.log.segment.size.max = 1048576 (custom)
2019-08-07 04:31:33,191 INFO  server.RaftServerConfigKeys (ConfUtils.java:logGet(43)) - raft.server.log.segment.cache.num.max = 2 (custom)
2019-08-07 04:31:33,191 INFO  segmented.SegmentedRaftLogWorker (SegmentedRaftLogWorker.java:<init>(172)) - new a101e6c2-62d3-4a70-bcd6-8fd51ec4b5fb-SegmentedRaftLogWorker:Storage Directory /workdir/hadoop-ozone/integration-test/target/test-dir/MiniOzoneClusterImpl-a33b54dd-db2d-4f8c-b136-cccfa3d908fa/datanode-2/data/ratis/204d1aee-9af3-486d-baae-698e89b884a3 for RaftStorage:Storage Directory /workdir/hadoop-ozone/integration-test/target/test-dir/MiniOzoneClusterImpl-a33b54dd-db2d-4f8c-b136-cccfa3d908fa/datanode-2/data/ratis/204d1aee-9af3-486d-baae-698e89b884a3
2019-08-07 04:31:33,191 INFO  server.RaftServerConfigKeys (ConfUtils.java:logGet(43)) - raft.server.log.queue.byte-limit = 2147483647 (custom)
2019-08-07 04:31:33,192 INFO  server.RaftServerConfigKeys (ConfUtils.java:logGet(43)) - raft.server.log.queue.element-limit = 1024 (custom)
2019-08-07 04:31:33,192 INFO  server.RaftServerConfigKeys (ConfUtils.java:logGet(43)) - raft.server.log.segment.size.max = 1048576 (custom)
2019-08-07 04:31:33,192 INFO  server.RaftServerConfigKeys (ConfUtils.java:logGet(43)) - raft.server.log.preallocated.size = 16384 (custom)
2019-08-07 04:31:33,192 INFO  server.RaftServerConfigKeys (ConfUtils.java:logGet(43)) - raft.server.log.write.buffer.size = 33554432 (custom)
2019-08-07 04:31:33,192 INFO  server.RaftServerConfigKeys (ConfUtils.java:logGet(43)) - raft.server.log.force.sync.num = 128 (default)
2019-08-07 04:31:33,193 INFO  server.RaftServerConfigKeys (ConfUtils.java:logGet(43)) - raft.server.log.statemachine.data.sync = true (default)
2019-08-07 04:31:33,193 INFO  server.RaftServerConfigKeys (ConfUtils.java:logGet(43)) - raft.server.log.statemachine.data.sync.timeout = 10s (default)
2019-08-07 04:31:33,193 INFO  server.RaftServerConfigKeys (ConfUtils.java:logGet(43)) - raft.server.log.statemachine.data.sync.timeout.retry = -1 (default)
2019-08-07 04:31:33,193 INFO  server.RaftServerConfigKeys (ConfUtils.java:logGet(43)) - raft.server.log.statemachine.data.caching.enabled = true (custom)
2019-08-07 04:31:33,194 INFO  segmented.SegmentedRaftLogWorker (SegmentedRaftLogWorker.java:lambda$new$0(132)) - a101e6c2-62d3-4a70-bcd6-8fd51ec4b5fb-SegmentedRaftLogWorker:Storage Directory /workdir/hadoop-ozone/integration-test/target/test-dir/MiniOzoneClusterImpl-a33b54dd-db2d-4f8c-b136-cccfa3d908fa/datanode-2/data/ratis/204d1aee-9af3-486d-baae-698e89b884a3: flushIndex: setUnconditionally 0 -> -1
2019-08-07 04:31:33,194 INFO  server.RaftServerConfigKeys (ConfUtils.java:logGet(43)) - raft.server.snapshot.auto.trigger.enabled = true (custom)
2019-08-07 04:31:33,194 INFO  server.RaftServerConfigKeys (ConfUtils.java:logGet(43)) - raft.server.snapshot.auto.trigger.threshold = 10000 (custom)
2019-08-07 04:31:33,195 INFO  server.RaftServerConfigKeys (ConfUtils.java:logGet(43)) - raft.server.retrycache.expirytime = 600000ms (custom)
2019-08-07 04:31:33,195 INFO  impl.RaftServerImpl (RaftServerImpl.java:start(180)) - a101e6c2-62d3-4a70-bcd6-8fd51ec4b5fb: start group-698E89B884A3
2019-08-07 04:31:33,195 INFO  impl.RaftServerImpl (RaftServerImpl.java:setRole(171)) - a101e6c2-62d3-4a70-bcd6-8fd51ec4b5fb:group-698E89B884A3 changes role from null to FOLLOWER at term 0 for startAsFollower
2019-08-07 04:31:33,195 INFO  impl.RoleInfo (RoleInfo.java:updateAndGet(143)) - a101e6c2-62d3-4a70-bcd6-8fd51ec4b5fb: start FollowerState
2019-08-07 04:31:33,196 INFO  util.JmxRegister (JmxRegister.java:tryRegister(44)) - Successfully registered JMX Bean with object name Ratis:service=RaftServer,group=group-698E89B884A3,id=a101e6c2-62d3-4a70-bcd6-8fd51ec4b5fb
2019-08-07 04:31:33,209 INFO  pipeline.PipelineStateManager (PipelineStateManager.java:addPipeline(56)) - Created pipeline Pipeline[ Id: 204d1aee-9af3-486d-baae-698e89b884a3, Nodes: a101e6c2-62d3-4a70-bcd6-8fd51ec4b5fb{ip: 192.168.157.245, host: byscane-nightly-ds7lx-2296511547, networkLocation: /default-rack, certSerialId: null}, Type:RATIS, Factor:ONE, State:OPEN]
2019-08-07 04:31:33,263 INFO  impl.RaftServerProxy (RaftServerProxy.java:addNew(89)) - dbce3e28-f862-4b28-bd0d-37668f06b72e: addNew group-208C76652F18:[edcf201a-8d20-48a9-8e96-6e9b4422274a:192.168.157.245:42968, a101e6c2-62d3-4a70-bcd6-8fd51ec4b5fb:192.168.157.245:36932, dbce3e28-f862-4b28-bd0d-37668f06b72e:192.168.157.245:35366] returns group-208C76652F18:java.util.concurrent.CompletableFuture@5e457ad1[Not completed]
2019-08-07 04:31:33,263 INFO  impl.RaftServerProxy (RaftServerProxy.java:addNew(89)) - a101e6c2-62d3-4a70-bcd6-8fd51ec4b5fb: addNew group-208C76652F18:[edcf201a-8d20-48a9-8e96-6e9b4422274a:192.168.157.245:42968, a101e6c2-62d3-4a70-bcd6-8fd51ec4b5fb:192.168.157.245:36932, dbce3e28-f862-4b28-bd0d-37668f06b72e:192.168.157.245:35366] returns group-208C76652F18:java.util.concurrent.CompletableFuture@4bdf5f2f[Not completed]
2019-08-07 04:31:33,266 INFO  impl.RaftServerProxy (RaftServerProxy.java:addNew(89)) - edcf201a-8d20-48a9-8e96-6e9b4422274a: addNew group-208C76652F18:[edcf201a-8d20-48a9-8e96-6e9b4422274a:192.168.157.245:42968, a101e6c2-62d3-4a70-bcd6-8fd51ec4b5fb:192.168.157.245:36932, dbce3e28-f862-4b28-bd0d-37668f06b72e:192.168.157.245:35366] returns group-208C76652F18:java.util.concurrent.CompletableFuture@a258367[Not completed]
2019-08-07 04:31:33,268 INFO  impl.RaftServerImpl (RaftServerImpl.java:<init>(93)) - dbce3e28-f862-4b28-bd0d-37668f06b72e: new RaftServerImpl for group-208C76652F18:[edcf201a-8d20-48a9-8e96-6e9b4422274a:192.168.157.245:42968, a101e6c2-62d3-4a70-bcd6-8fd51ec4b5fb:192.168.157.245:36932, dbce3e28-f862-4b28-bd0d-37668f06b72e:192.168.157.245:35366] with ContainerStateMachine:uninitialized
2019-08-07 04:31:33,268 INFO  server.RaftServerConfigKeys (ConfUtils.java:logGet(43)) - raft.server.rpc.timeout.min = 5s (custom)
2019-08-07 04:31:33,268 INFO  impl.RaftServerImpl (RaftServerImpl.java:<init>(93)) - edcf201a-8d20-48a9-8e96-6e9b4422274a: new RaftServerImpl for group-208C76652F18:[edcf201a-8d20-48a9-8e96-6e9b4422274a:192.168.157.245:42968, a101e6c2-62d3-4a70-bcd6-8fd51ec4b5fb:192.168.157.245:36932, dbce3e28-f862-4b28-bd0d-37668f06b72e:192.168.157.245:35366] with ContainerStateMachine:uninitialized
2019-08-07 04:31:33,269 INFO  server.RaftServerConfigKeys (ConfUtils.java:logGet(43)) - raft.server.rpc.timeout.max = 5200ms (custom)
2019-08-07 04:31:33,269 INFO  server.RaftServerConfigKeys (ConfUtils.java:logGet(43)) - raft.server.rpc.timeout.min = 5s (custom)
2019-08-07 04:31:33,269 INFO  server.RaftServerConfigKeys (ConfUtils.java:logGet(43)) - raft.server.rpcslowness.timeout = 120s (custom)
2019-08-07 04:31:33,269 INFO  impl.RaftServerImpl (RaftServerImpl.java:<init>(93)) - a101e6c2-62d3-4a70-bcd6-8fd51ec4b5fb: new RaftServerImpl for group-208C76652F18:[edcf201a-8d20-48a9-8e96-6e9b4422274a:192.168.157.245:42968, a101e6c2-62d3-4a70-bcd6-8fd51ec4b5fb:192.168.157.245:36932, dbce3e28-f862-4b28-bd0d-37668f06b72e:192.168.157.245:35366] with ContainerStateMachine:uninitialized
2019-08-07 04:31:33,269 INFO  server.RaftServerConfigKeys (ConfUtils.java:logGet(43)) - raft.server.sleep.deviation.threshold = 300 (default)
2019-08-07 04:31:33,269 INFO  server.RaftServerConfigKeys (ConfUtils.java:logGet(43)) - raft.server.rpc.timeout.max = 5200ms (custom)
2019-08-07 04:31:33,269 INFO  server.RaftServerConfigKeys (ConfUtils.java:logGet(43)) - raft.server.log.appender.install.snapshot.enabled = false (custom)
2019-08-07 04:31:33,269 INFO  server.RaftServerConfigKeys (ConfUtils.java:logGet(43)) - raft.server.rpc.timeout.min = 5s (custom)
2019-08-07 04:31:33,270 INFO  impl.RaftServerImpl (ServerState.java:<init>(105)) - dbce3e28-f862-4b28-bd0d-37668f06b72e:group-208C76652F18 ConfigurationManager, init=-1: [edcf201a-8d20-48a9-8e96-6e9b4422274a:192.168.157.245:42968, a101e6c2-62d3-4a70-bcd6-8fd51ec4b5fb:192.168.157.245:36932, dbce3e28-f862-4b28-bd0d-37668f06b72e:192.168.157.245:35366], old=null, confs=<EMPTY_MAP>
2019-08-07 04:31:33,270 INFO  server.RaftServerConfigKeys (ConfUtils.java:logGet(43)) - raft.server.rpcslowness.timeout = 120s (custom)
2019-08-07 04:31:33,270 INFO  server.RaftServerConfigKeys (ConfUtils.java:logGet(43)) - raft.server.storage.dir = [/workdir/hadoop-ozone/integration-test/target/test-dir/MiniOzoneClusterImpl-a33b54dd-db2d-4f8c-b136-cccfa3d908fa/datanode-0/data/ratis] (custom)
2019-08-07 04:31:33,270 INFO  server.RaftServerConfigKeys (ConfUtils.java:logGet(43)) - raft.server.rpc.timeout.max = 5200ms (custom)
2019-08-07 04:31:33,270 INFO  server.RaftServerConfigKeys (ConfUtils.java:logGet(43)) - raft.server.sleep.deviation.threshold = 300 (default)
2019-08-07 04:31:33,270 INFO  server.RaftServerConfigKeys (ConfUtils.java:logGet(43)) - raft.server.rpcslowness.timeout = 120s (custom)
2019-08-07 04:31:33,271 INFO  server.RaftServerConfigKeys (ConfUtils.java:logGet(43)) - raft.server.log.appender.install.snapshot.enabled = false (custom)
2019-08-07 04:31:33,271 INFO  storage.RaftStorageDirectory (RaftStorageDirectory.java:analyzeStorage(246)) - The storage directory /workdir/hadoop-ozone/integration-test/target/test-dir/MiniOzoneClusterImpl-a33b54dd-db2d-4f8c-b136-cccfa3d908fa/datanode-0/data/ratis/eba43d18-488f-4560-b779-208c76652f18 does not exist. Creating ...
2019-08-07 04:31:33,271 INFO  server.RaftServerConfigKeys (ConfUtils.java:logGet(43)) - raft.server.sleep.deviation.threshold = 300 (default)
2019-08-07 04:31:33,271 INFO  server.RaftServerConfigKeys (ConfUtils.java:logGet(43)) - raft.server.log.appender.install.snapshot.enabled = false (custom)
2019-08-07 04:31:33,271 INFO  impl.RaftServerImpl (ServerState.java:<init>(105)) - edcf201a-8d20-48a9-8e96-6e9b4422274a:group-208C76652F18 ConfigurationManager, init=-1: [edcf201a-8d20-48a9-8e96-6e9b4422274a:192.168.157.245:42968, a101e6c2-62d3-4a70-bcd6-8fd51ec4b5fb:192.168.157.245:36932, dbce3e28-f862-4b28-bd0d-37668f06b72e:192.168.157.245:35366], old=null, confs=<EMPTY_MAP>
2019-08-07 04:31:33,271 INFO  impl.RaftServerImpl (ServerState.java:<init>(105)) - a101e6c2-62d3-4a70-bcd6-8fd51ec4b5fb:group-208C76652F18 ConfigurationManager, init=-1: [edcf201a-8d20-48a9-8e96-6e9b4422274a:192.168.157.245:42968, a101e6c2-62d3-4a70-bcd6-8fd51ec4b5fb:192.168.157.245:36932, dbce3e28-f862-4b28-bd0d-37668f06b72e:192.168.157.245:35366], old=null, confs=<EMPTY_MAP>
2019-08-07 04:31:33,272 INFO  server.RaftServerConfigKeys (ConfUtils.java:logGet(43)) - raft.server.storage.dir = [/workdir/hadoop-ozone/integration-test/target/test-dir/MiniOzoneClusterImpl-a33b54dd-db2d-4f8c-b136-cccfa3d908fa/datanode-1/data/ratis] (custom)
2019-08-07 04:31:33,272 INFO  server.RaftServerConfigKeys (ConfUtils.java:logGet(43)) - raft.server.storage.dir = [/workdir/hadoop-ozone/integration-test/target/test-dir/MiniOzoneClusterImpl-a33b54dd-db2d-4f8c-b136-cccfa3d908fa/datanode-2/data/ratis] (custom)
2019-08-07 04:31:33,272 INFO  storage.RaftStorageDirectory (RaftStorageDirectory.java:analyzeStorage(246)) - The storage directory /workdir/hadoop-ozone/integration-test/target/test-dir/MiniOzoneClusterImpl-a33b54dd-db2d-4f8c-b136-cccfa3d908fa/datanode-1/data/ratis/eba43d18-488f-4560-b779-208c76652f18 does not exist. Creating ...
2019-08-07 04:31:33,272 INFO  storage.RaftStorageDirectory (RaftStorageDirectory.java:analyzeStorage(246)) - The storage directory /workdir/hadoop-ozone/integration-test/target/test-dir/MiniOzoneClusterImpl-a33b54dd-db2d-4f8c-b136-cccfa3d908fa/datanode-2/data/ratis/eba43d18-488f-4560-b779-208c76652f18 does not exist. Creating ...
2019-08-07 04:31:33,284 INFO  storage.RaftStorageDirectory (RaftStorageDirectory.java:tryLock(328)) - Lock on /workdir/hadoop-ozone/integration-test/target/test-dir/MiniOzoneClusterImpl-a33b54dd-db2d-4f8c-b136-cccfa3d908fa/datanode-2/data/ratis/eba43d18-488f-4560-b779-208c76652f18/in_use.lock acquired by nodename 1920@byscane-nightly-ds7lx-2296511547
2019-08-07 04:31:33,284 INFO  storage.RaftStorageDirectory (RaftStorageDirectory.java:tryLock(328)) - Lock on /workdir/hadoop-ozone/integration-test/target/test-dir/MiniOzoneClusterImpl-a33b54dd-db2d-4f8c-b136-cccfa3d908fa/datanode-0/data/ratis/eba43d18-488f-4560-b779-208c76652f18/in_use.lock acquired by nodename 1920@byscane-nightly-ds7lx-2296511547
2019-08-07 04:31:33,284 INFO  storage.RaftStorageDirectory (RaftStorageDirectory.java:tryLock(328)) - Lock on /workdir/hadoop-ozone/integration-test/target/test-dir/MiniOzoneClusterImpl-a33b54dd-db2d-4f8c-b136-cccfa3d908fa/datanode-1/data/ratis/eba43d18-488f-4560-b779-208c76652f18/in_use.lock acquired by nodename 1920@byscane-nightly-ds7lx-2296511547
2019-08-07 04:31:33,299 INFO  storage.RaftStorage (RaftStorage.java:format(72)) - Storage directory /workdir/hadoop-ozone/integration-test/target/test-dir/MiniOzoneClusterImpl-a33b54dd-db2d-4f8c-b136-cccfa3d908fa/datanode-1/data/ratis/eba43d18-488f-4560-b779-208c76652f18 has been successfully formatted.
2019-08-07 04:31:33,299 INFO  storage.RaftStorage (RaftStorage.java:format(72)) - Storage directory /workdir/hadoop-ozone/integration-test/target/test-dir/MiniOzoneClusterImpl-a33b54dd-db2d-4f8c-b136-cccfa3d908fa/datanode-0/data/ratis/eba43d18-488f-4560-b779-208c76652f18 has been successfully formatted.
2019-08-07 04:31:33,299 INFO  storage.RaftStorage (RaftStorage.java:format(72)) - Storage directory /workdir/hadoop-ozone/integration-test/target/test-dir/MiniOzoneClusterImpl-a33b54dd-db2d-4f8c-b136-cccfa3d908fa/datanode-2/data/ratis/eba43d18-488f-4560-b779-208c76652f18 has been successfully formatted.
2019-08-07 04:31:33,299 INFO  ratis.ContainerStateMachine (ContainerStateMachine.java:loadSnapshot(213)) - group-208C76652F18: The snapshot info is null. Setting the last applied indexto:(t:0, i:~)
2019-08-07 04:31:33,300 INFO  ratis.ContainerStateMachine (ContainerStateMachine.java:loadSnapshot(213)) - group-208C76652F18: The snapshot info is null. Setting the last applied indexto:(t:0, i:~)
2019-08-07 04:31:33,299 INFO  ratis.ContainerStateMachine (ContainerStateMachine.java:loadSnapshot(213)) - group-208C76652F18: The snapshot info is null. Setting the last applied indexto:(t:0, i:~)
2019-08-07 04:31:33,300 INFO  server.RaftServerConfigKeys (ConfUtils.java:logGet(43)) - raft.server.leader.election.timeout = 120s (custom)
2019-08-07 04:31:33,300 INFO  server.RaftServerConfigKeys (ConfUtils.java:logGet(43)) - raft.server.leader.election.timeout = 120s (custom)
2019-08-07 04:31:33,300 INFO  server.RaftServerConfigKeys (ConfUtils.java:logGet(43)) - raft.server.log.use.memory = false (default)
2019-08-07 04:31:33,300 INFO  server.RaftServerConfigKeys (ConfUtils.java:logGet(43)) - raft.server.leader.election.timeout = 120s (custom)
2019-08-07 04:31:33,300 INFO  server.RaftServerConfigKeys (ConfUtils.java:logGet(43)) - raft.server.log.purge.gap = 1000000000 (custom)
2019-08-07 04:31:33,300 INFO  server.RaftServerConfigKeys (ConfUtils.java:logGet(43)) - raft.server.log.use.memory = false (default)
2019-08-07 04:31:33,301 INFO  server.RaftServerConfigKeys (ConfUtils.java:logGet(43)) - raft.server.log.appender.buffer.byte-limit = 33554432 (custom)
2019-08-07 04:31:33,301 INFO  server.RaftServerConfigKeys (ConfUtils.java:logGet(43)) - raft.server.log.use.memory = false (default)
2019-08-07 04:31:33,301 INFO  server.RaftServerConfigKeys (ConfUtils.java:logGet(43)) - raft.server.log.segment.size.max = 1048576 (custom)
2019-08-07 04:31:33,301 INFO  server.RaftServerConfigKeys (ConfUtils.java:logGet(43)) - raft.server.log.purge.gap = 1000000000 (custom)
2019-08-07 04:31:33,301 INFO  server.RaftServerConfigKeys (ConfUtils.java:logGet(43)) - raft.server.log.segment.cache.num.max = 2 (custom)
2019-08-07 04:31:33,301 INFO  server.RaftServerConfigKeys (ConfUtils.java:logGet(43)) - raft.server.log.purge.gap = 1000000000 (custom)
2019-08-07 04:31:33,302 INFO  segmented.SegmentedRaftLogWorker (SegmentedRaftLogWorker.java:<init>(172)) - new a101e6c2-62d3-4a70-bcd6-8fd51ec4b5fb-SegmentedRaftLogWorker:Storage Directory /workdir/hadoop-ozone/integration-test/target/test-dir/MiniOzoneClusterImpl-a33b54dd-db2d-4f8c-b136-cccfa3d908fa/datanode-2/data/ratis/eba43d18-488f-4560-b779-208c76652f18 for RaftStorage:Storage Directory /workdir/hadoop-ozone/integration-test/target/test-dir/MiniOzoneClusterImpl-a33b54dd-db2d-4f8c-b136-cccfa3d908fa/datanode-2/data/ratis/eba43d18-488f-4560-b779-208c76652f18
2019-08-07 04:31:33,301 INFO  server.RaftServerConfigKeys (ConfUtils.java:logGet(43)) - raft.server.log.appender.buffer.byte-limit = 33554432 (custom)
2019-08-07 04:31:33,302 INFO  server.RaftServerConfigKeys (ConfUtils.java:logGet(43)) - raft.server.log.queue.byte-limit = 2147483647 (custom)
2019-08-07 04:31:33,302 INFO  server.RaftServerConfigKeys (ConfUtils.java:logGet(43)) - raft.server.log.appender.buffer.byte-limit = 33554432 (custom)
2019-08-07 04:31:33,305 INFO  server.RaftServerConfigKeys (ConfUtils.java:logGet(43)) - raft.server.log.queue.element-limit = 1024 (custom)
2019-08-07 04:31:33,302 INFO  server.RaftServerConfigKeys (ConfUtils.java:logGet(43)) - raft.server.log.segment.size.max = 1048576 (custom)
2019-08-07 04:31:33,305 INFO  server.RaftServerConfigKeys (ConfUtils.java:logGet(43)) - raft.server.log.segment.size.max = 1048576 (custom)
2019-08-07 04:31:33,305 INFO  server.RaftServerConfigKeys (ConfUtils.java:logGet(43)) - raft.server.log.segment.size.max = 1048576 (custom)
2019-08-07 04:31:33,306 INFO  server.RaftServerConfigKeys (ConfUtils.java:logGet(43)) - raft.server.log.preallocated.size = 16384 (custom)
2019-08-07 04:31:33,305 INFO  server.RaftServerConfigKeys (ConfUtils.java:logGet(43)) - raft.server.log.segment.cache.num.max = 2 (custom)
2019-08-07 04:31:33,306 INFO  server.RaftServerConfigKeys (ConfUtils.java:logGet(43)) - raft.server.log.write.buffer.size = 33554432 (custom)
2019-08-07 04:31:33,306 INFO  server.RaftServerConfigKeys (ConfUtils.java:logGet(43)) - raft.server.log.force.sync.num = 128 (default)
2019-08-07 04:31:33,306 INFO  server.RaftServerConfigKeys (ConfUtils.java:logGet(43)) - raft.server.log.segment.cache.num.max = 2 (custom)
2019-08-07 04:31:33,306 INFO  server.RaftServerConfigKeys (ConfUtils.java:logGet(43)) - raft.server.log.statemachine.data.sync = true (default)
2019-08-07 04:31:33,306 INFO  segmented.SegmentedRaftLogWorker (SegmentedRaftLogWorker.java:<init>(172)) - new edcf201a-8d20-48a9-8e96-6e9b4422274a-SegmentedRaftLogWorker:Storage Directory /workdir/hadoop-ozone/integration-test/target/test-dir/MiniOzoneClusterImpl-a33b54dd-db2d-4f8c-b136-cccfa3d908fa/datanode-1/data/ratis/eba43d18-488f-4560-b779-208c76652f18 for RaftStorage:Storage Directory /workdir/hadoop-ozone/integration-test/target/test-dir/MiniOzoneClusterImpl-a33b54dd-db2d-4f8c-b136-cccfa3d908fa/datanode-1/data/ratis/eba43d18-488f-4560-b779-208c76652f18
2019-08-07 04:31:33,307 INFO  server.RaftServerConfigKeys (ConfUtils.java:logGet(43)) - raft.server.log.statemachine.data.sync.timeout = 10s (default)
2019-08-07 04:31:33,307 INFO  segmented.SegmentedRaftLogWorker (SegmentedRaftLogWorker.java:<init>(172)) - new dbce3e28-f862-4b28-bd0d-37668f06b72e-SegmentedRaftLogWorker:Storage Directory /workdir/hadoop-ozone/integration-test/target/test-dir/MiniOzoneClusterImpl-a33b54dd-db2d-4f8c-b136-cccfa3d908fa/datanode-0/data/ratis/eba43d18-488f-4560-b779-208c76652f18 for RaftStorage:Storage Directory /workdir/hadoop-ozone/integration-test/target/test-dir/MiniOzoneClusterImpl-a33b54dd-db2d-4f8c-b136-cccfa3d908fa/datanode-0/data/ratis/eba43d18-488f-4560-b779-208c76652f18
2019-08-07 04:31:33,307 INFO  server.RaftServerConfigKeys (ConfUtils.java:logGet(43)) - raft.server.log.statemachine.data.sync.timeout.retry = -1 (default)
2019-08-07 04:31:33,307 INFO  server.RaftServerConfigKeys (ConfUtils.java:logGet(43)) - raft.server.log.queue.byte-limit = 2147483647 (custom)
2019-08-07 04:31:33,318 INFO  server.RaftServerConfigKeys (ConfUtils.java:logGet(43)) - raft.server.log.statemachine.data.caching.enabled = true (custom)
2019-08-07 04:31:33,309 INFO  server.RaftServerConfigKeys (ConfUtils.java:logGet(43)) - raft.server.log.queue.byte-limit = 2147483647 (custom)
2019-08-07 04:31:33,321 INFO  server.RaftServerConfigKeys (ConfUtils.java:logGet(43)) - raft.server.log.queue.element-limit = 1024 (custom)
2019-08-07 04:31:33,321 INFO  server.RaftServerConfigKeys (ConfUtils.java:logGet(43)) - raft.server.log.queue.element-limit = 1024 (custom)
2019-08-07 04:31:33,321 INFO  segmented.SegmentedRaftLogWorker (SegmentedRaftLogWorker.java:lambda$new$0(132)) - a101e6c2-62d3-4a70-bcd6-8fd51ec4b5fb-SegmentedRaftLogWorker:Storage Directory /workdir/hadoop-ozone/integration-test/target/test-dir/MiniOzoneClusterImpl-a33b54dd-db2d-4f8c-b136-cccfa3d908fa/datanode-2/data/ratis/eba43d18-488f-4560-b779-208c76652f18: flushIndex: setUnconditionally 0 -> -1
2019-08-07 04:31:33,322 INFO  server.RaftServerConfigKeys (ConfUtils.java:logGet(43)) - raft.server.log.segment.size.max = 1048576 (custom)
2019-08-07 04:31:33,322 INFO  server.RaftServerConfigKeys (ConfUtils.java:logGet(43)) - raft.server.log.segment.size.max = 1048576 (custom)
2019-08-07 04:31:33,322 INFO  server.RaftServerConfigKeys (ConfUtils.java:logGet(43)) - raft.server.snapshot.auto.trigger.enabled = true (custom)
2019-08-07 04:31:33,322 INFO  server.RaftServerConfigKeys (ConfUtils.java:logGet(43)) - raft.server.log.preallocated.size = 16384 (custom)
2019-08-07 04:31:33,322 INFO  server.RaftServerConfigKeys (ConfUtils.java:logGet(43)) - raft.server.snapshot.auto.trigger.threshold = 10000 (custom)
2019-08-07 04:31:33,322 INFO  server.RaftServerConfigKeys (ConfUtils.java:logGet(43)) - raft.server.log.preallocated.size = 16384 (custom)
2019-08-07 04:31:33,323 INFO  server.RaftServerConfigKeys (ConfUtils.java:logGet(43)) - raft.server.retrycache.expirytime = 600000ms (custom)
2019-08-07 04:31:33,323 INFO  server.RaftServerConfigKeys (ConfUtils.java:logGet(43)) - raft.server.log.write.buffer.size = 33554432 (custom)
2019-08-07 04:31:33,323 INFO  impl.RaftServerImpl (RaftServerImpl.java:start(180)) - a101e6c2-62d3-4a70-bcd6-8fd51ec4b5fb: start group-208C76652F18
2019-08-07 04:31:33,323 INFO  server.RaftServerConfigKeys (ConfUtils.java:logGet(43)) - raft.server.log.write.buffer.size = 33554432 (custom)
2019-08-07 04:31:33,323 INFO  impl.RaftServerImpl (RaftServerImpl.java:setRole(171)) - a101e6c2-62d3-4a70-bcd6-8fd51ec4b5fb:group-208C76652F18 changes role from null to FOLLOWER at term 0 for startAsFollower
2019-08-07 04:31:33,323 INFO  server.RaftServerConfigKeys (ConfUtils.java:logGet(43)) - raft.server.log.force.sync.num = 128 (default)
2019-08-07 04:31:33,324 INFO  impl.RoleInfo (RoleInfo.java:updateAndGet(143)) - a101e6c2-62d3-4a70-bcd6-8fd51ec4b5fb: start FollowerState
2019-08-07 04:31:33,324 INFO  server.RaftServerConfigKeys (ConfUtils.java:logGet(43)) - raft.server.log.force.sync.num = 128 (default)
2019-08-07 04:31:33,324 INFO  server.RaftServerConfigKeys (ConfUtils.java:logGet(43)) - raft.server.log.statemachine.data.sync = true (default)
2019-08-07 04:31:33,324 INFO  util.JmxRegister (JmxRegister.java:tryRegister(44)) - Successfully registered JMX Bean with object name Ratis:service=RaftServer,group=group-208C76652F18,id=a101e6c2-62d3-4a70-bcd6-8fd51ec4b5fb
2019-08-07 04:31:33,324 INFO  server.RaftServerConfigKeys (ConfUtils.java:logGet(43)) - raft.server.log.statemachine.data.sync = true (default)
2019-08-07 04:31:33,325 INFO  server.RaftServerConfigKeys (ConfUtils.java:logGet(43)) - raft.server.log.statemachine.data.sync.timeout = 10s (default)
2019-08-07 04:31:33,325 INFO  server.RaftServerConfigKeys (ConfUtils.java:logGet(43)) - raft.server.log.statemachine.data.sync.timeout = 10s (default)
2019-08-07 04:31:33,325 INFO  server.RaftServerConfigKeys (ConfUtils.java:logGet(43)) - raft.server.log.statemachine.data.sync.timeout.retry = -1 (default)
2019-08-07 04:31:33,325 INFO  server.RaftServerConfigKeys (ConfUtils.java:logGet(43)) - raft.server.log.statemachine.data.sync.timeout.retry = -1 (default)
2019-08-07 04:31:33,325 INFO  server.RaftServerConfigKeys (ConfUtils.java:logGet(43)) - raft.server.log.statemachine.data.caching.enabled = true (custom)
2019-08-07 04:31:33,326 INFO  server.RaftServerConfigKeys (ConfUtils.java:logGet(43)) - raft.server.log.statemachine.data.caching.enabled = true (custom)
2019-08-07 04:31:33,326 INFO  segmented.SegmentedRaftLogWorker (SegmentedRaftLogWorker.java:lambda$new$0(132)) - dbce3e28-f862-4b28-bd0d-37668f06b72e-SegmentedRaftLogWorker:Storage Directory /workdir/hadoop-ozone/integration-test/target/test-dir/MiniOzoneClusterImpl-a33b54dd-db2d-4f8c-b136-cccfa3d908fa/datanode-0/data/ratis/eba43d18-488f-4560-b779-208c76652f18: flushIndex: setUnconditionally 0 -> -1
2019-08-07 04:31:33,326 INFO  segmented.SegmentedRaftLogWorker (SegmentedRaftLogWorker.java:lambda$new$0(132)) - edcf201a-8d20-48a9-8e96-6e9b4422274a-SegmentedRaftLogWorker:Storage Directory /workdir/hadoop-ozone/integration-test/target/test-dir/MiniOzoneClusterImpl-a33b54dd-db2d-4f8c-b136-cccfa3d908fa/datanode-1/data/ratis/eba43d18-488f-4560-b779-208c76652f18: flushIndex: setUnconditionally 0 -> -1
2019-08-07 04:31:33,326 INFO  server.RaftServerConfigKeys (ConfUtils.java:logGet(43)) - raft.server.snapshot.auto.trigger.enabled = true (custom)
2019-08-07 04:31:33,327 INFO  server.RaftServerConfigKeys (ConfUtils.java:logGet(43)) - raft.server.snapshot.auto.trigger.threshold = 10000 (custom)
2019-08-07 04:31:33,329 INFO  server.RaftServerConfigKeys (ConfUtils.java:logGet(43)) - raft.server.snapshot.auto.trigger.enabled = true (custom)
2019-08-07 04:31:33,332 INFO  server.RaftServerConfigKeys (ConfUtils.java:logGet(43)) - raft.server.retrycache.expirytime = 600000ms (custom)
2019-08-07 04:31:33,332 INFO  server.RaftServerConfigKeys (ConfUtils.java:logGet(43)) - raft.server.snapshot.auto.trigger.threshold = 10000 (custom)
2019-08-07 04:31:33,332 INFO  impl.RaftServerImpl (RaftServerImpl.java:start(180)) - dbce3e28-f862-4b28-bd0d-37668f06b72e: start group-208C76652F18
2019-08-07 04:31:33,332 INFO  server.RaftServerConfigKeys (ConfUtils.java:logGet(43)) - raft.server.retrycache.expirytime = 600000ms (custom)
2019-08-07 04:31:33,334 INFO  impl.RaftServerImpl (RaftServerImpl.java:setRole(171)) - dbce3e28-f862-4b28-bd0d-37668f06b72e:group-208C76652F18 changes role from null to FOLLOWER at term 0 for startAsFollower
2019-08-07 04:31:33,337 INFO  impl.RaftServerImpl (RaftServerImpl.java:start(180)) - edcf201a-8d20-48a9-8e96-6e9b4422274a: start group-208C76652F18
2019-08-07 04:31:33,337 INFO  impl.RoleInfo (RoleInfo.java:updateAndGet(143)) - dbce3e28-f862-4b28-bd0d-37668f06b72e: start FollowerState
2019-08-07 04:31:33,337 INFO  impl.RaftServerImpl (RaftServerImpl.java:setRole(171)) - edcf201a-8d20-48a9-8e96-6e9b4422274a:group-208C76652F18 changes role from null to FOLLOWER at term 0 for startAsFollower
2019-08-07 04:31:33,338 INFO  impl.RoleInfo (RoleInfo.java:updateAndGet(143)) - edcf201a-8d20-48a9-8e96-6e9b4422274a: start FollowerState
2019-08-07 04:31:33,338 INFO  util.JmxRegister (JmxRegister.java:tryRegister(44)) - Successfully registered JMX Bean with object name Ratis:service=RaftServer,group=group-208C76652F18,id=dbce3e28-f862-4b28-bd0d-37668f06b72e
2019-08-07 04:31:33,338 INFO  util.JmxRegister (JmxRegister.java:tryRegister(44)) - Successfully registered JMX Bean with object name Ratis:service=RaftServer,group=group-208C76652F18,id=edcf201a-8d20-48a9-8e96-6e9b4422274a
2019-08-07 04:31:33,359 INFO  pipeline.PipelineStateManager (PipelineStateManager.java:addPipeline(56)) - Created pipeline Pipeline[ Id: eba43d18-488f-4560-b779-208c76652f18, Nodes: edcf201a-8d20-48a9-8e96-6e9b4422274a{ip: 192.168.157.245, host: byscane-nightly-ds7lx-2296511547, networkLocation: /default-rack, certSerialId: null}a101e6c2-62d3-4a70-bcd6-8fd51ec4b5fb{ip: 192.168.157.245, host: byscane-nightly-ds7lx-2296511547, networkLocation: /default-rack, certSerialId: null}dbce3e28-f862-4b28-bd0d-37668f06b72e{ip: 192.168.157.245, host: byscane-nightly-ds7lx-2296511547, networkLocation: /default-rack, certSerialId: null}, Type:RATIS, Factor:THREE, State:OPEN]
2019-08-07 04:31:34,127 INFO  ozone.MiniOzoneClusterImpl (MiniOzoneClusterImpl.java:lambda$waitForClusterToBeReady$0(142)) - Cluster is ready. Got 3 of 3 DN Heartbeats.
2019-08-07 04:31:35,795 INFO  container.ReplicationManager (ReplicationManager.java:start(155)) - Starting Replication Monitor Thread.
2019-08-07 04:31:35,801 INFO  container.ReplicationManager (ReplicationManager.java:run(207)) - Replication Monitor Thread took 0 milliseconds for processing 0 containers.
2019-08-07 04:31:38,034 INFO  impl.FollowerState (FollowerState.java:run(106)) - dbce3e28-f862-4b28-bd0d-37668f06b72e:group-8FC550731BE2 changes to CANDIDATE, lastRpcTime:5178, electionTimeout:5178ms
2019-08-07 04:31:38,035 INFO  impl.RoleInfo (RoleInfo.java:shutdownFollowerState(121)) - dbce3e28-f862-4b28-bd0d-37668f06b72e: shutdown FollowerState
2019-08-07 04:31:38,035 INFO  impl.RaftServerImpl (RaftServerImpl.java:setRole(171)) - dbce3e28-f862-4b28-bd0d-37668f06b72e:group-8FC550731BE2 changes role from FOLLOWER to CANDIDATE at term 0 for changeToCandidate
2019-08-07 04:31:38,035 INFO  impl.RoleInfo (RoleInfo.java:updateAndGet(143)) - dbce3e28-f862-4b28-bd0d-37668f06b72e: start LeaderElection
2019-08-07 04:31:38,058 INFO  impl.LeaderElection (LeaderElection.java:askForVotes(181)) - dbce3e28-f862-4b28-bd0d-37668f06b72e:group-8FC550731BE2:LeaderElection8: begin an election at term 1 for -1: [dbce3e28-f862-4b28-bd0d-37668f06b72e:192.168.157.245:35366], old=null
2019-08-07 04:31:38,058 INFO  impl.RoleInfo (RoleInfo.java:shutdownLeaderElection(134)) - dbce3e28-f862-4b28-bd0d-37668f06b72e: shutdown LeaderElection
2019-08-07 04:31:38,058 INFO  impl.RaftServerImpl (RaftServerImpl.java:setRole(171)) - dbce3e28-f862-4b28-bd0d-37668f06b72e:group-8FC550731BE2 changes role from CANDIDATE to LEADER at term 1 for changeToLeader
2019-08-07 04:31:38,058 INFO  impl.RaftServerImpl (ServerState.java:setLeader(263)) - dbce3e28-f862-4b28-bd0d-37668f06b72e:group-8FC550731BE2 change Leader from null to dbce3e28-f862-4b28-bd0d-37668f06b72e at term 1 for becomeLeader, leader elected after 5208ms
2019-08-07 04:31:38,061 INFO  server.RaftServerConfigKeys (ConfUtils.java:logGet(43)) - raft.server.staging.catchup.gap = 1000 (default)
2019-08-07 04:31:38,061 INFO  server.RaftServerConfigKeys (ConfUtils.java:logGet(43)) - raft.server.rpc.sleep.time = 25ms (default)
2019-08-07 04:31:38,062 INFO  server.RaftServerConfigKeys (ConfUtils.java:logGet(43)) - raft.server.write.element-limit = 4096 (default)
2019-08-07 04:31:38,062 INFO  server.RaftServerConfigKeys (ConfUtils.java:logGet(43)) - raft.server.watch.timeout = 10s (default)
2019-08-07 04:31:38,062 INFO  server.RaftServerConfigKeys (ConfUtils.java:logGet(43)) - raft.server.watch.timeout.denomination = 1s (default)
2019-08-07 04:31:38,062 INFO  server.RaftServerConfigKeys (ConfUtils.java:logGet(43)) - raft.server.watch.element-limit = 65536 (default)
2019-08-07 04:31:38,062 INFO  impl.RoleInfo (RoleInfo.java:updateAndGet(143)) - dbce3e28-f862-4b28-bd0d-37668f06b72e: start LeaderState
2019-08-07 04:31:38,063 INFO  segmented.SegmentedRaftLogWorker (SegmentedRaftLogWorker.java:startLogSegment(380)) - dbce3e28-f862-4b28-bd0d-37668f06b72e-SegmentedRaftLogWorker:Storage Directory /workdir/hadoop-ozone/integration-test/target/test-dir/MiniOzoneClusterImpl-a33b54dd-db2d-4f8c-b136-cccfa3d908fa/datanode-0/data/ratis/aa62276a-3166-41f9-b312-8fc550731be2: Starting segment from index:0
2019-08-07 04:31:38,063 INFO  impl.RaftServerImpl (ServerState.java:setRaftConf(361)) - dbce3e28-f862-4b28-bd0d-37668f06b72e:group-8FC550731BE2 set configuration 0: [dbce3e28-f862-4b28-bd0d-37668f06b72e:192.168.157.245:35366], old=null at 0
2019-08-07 04:31:38,084 INFO  impl.FollowerState (FollowerState.java:run(106)) - edcf201a-8d20-48a9-8e96-6e9b4422274a:group-96BAEF48FC5C changes to CANDIDATE, lastRpcTime:5068, electionTimeout:5066ms
2019-08-07 04:31:38,084 INFO  impl.RoleInfo (RoleInfo.java:shutdownFollowerState(121)) - edcf201a-8d20-48a9-8e96-6e9b4422274a: shutdown FollowerState
2019-08-07 04:31:38,085 INFO  impl.RaftServerImpl (RaftServerImpl.java:setRole(171)) - edcf201a-8d20-48a9-8e96-6e9b4422274a:group-96BAEF48FC5C changes role from FOLLOWER to CANDIDATE at term 0 for changeToCandidate
2019-08-07 04:31:38,085 INFO  impl.RoleInfo (RoleInfo.java:updateAndGet(143)) - edcf201a-8d20-48a9-8e96-6e9b4422274a: start LeaderElection
2019-08-07 04:31:38,098 INFO  segmented.SegmentedRaftLogWorker (SegmentedRaftLogWorker.java:execute(569)) - dbce3e28-f862-4b28-bd0d-37668f06b72e-SegmentedRaftLogWorker:Storage Directory /workdir/hadoop-ozone/integration-test/target/test-dir/MiniOzoneClusterImpl-a33b54dd-db2d-4f8c-b136-cccfa3d908fa/datanode-0/data/ratis/aa62276a-3166-41f9-b312-8fc550731be2: created new log segment /workdir/hadoop-ozone/integration-test/target/test-dir/MiniOzoneClusterImpl-a33b54dd-db2d-4f8c-b136-cccfa3d908fa/datanode-0/data/ratis/aa62276a-3166-41f9-b312-8fc550731be2/current/log_inprogress_0
2019-08-07 04:31:38,098 INFO  impl.LeaderElection (LeaderElection.java:askForVotes(181)) - edcf201a-8d20-48a9-8e96-6e9b4422274a:group-96BAEF48FC5C:LeaderElection9: begin an election at term 1 for -1: [edcf201a-8d20-48a9-8e96-6e9b4422274a:192.168.157.245:42968], old=null
2019-08-07 04:31:38,099 INFO  impl.RoleInfo (RoleInfo.java:shutdownLeaderElection(134)) - edcf201a-8d20-48a9-8e96-6e9b4422274a: shutdown LeaderElection
2019-08-07 04:31:38,099 INFO  impl.RaftServerImpl (RaftServerImpl.java:setRole(171)) - edcf201a-8d20-48a9-8e96-6e9b4422274a:group-96BAEF48FC5C changes role from CANDIDATE to LEADER at term 1 for changeToLeader
2019-08-07 04:31:38,099 INFO  impl.RaftServerImpl (ServerState.java:setLeader(263)) - edcf201a-8d20-48a9-8e96-6e9b4422274a:group-96BAEF48FC5C change Leader from null to edcf201a-8d20-48a9-8e96-6e9b4422274a at term 1 for becomeLeader, leader elected after 5087ms
2019-08-07 04:31:38,101 INFO  server.RaftServerConfigKeys (ConfUtils.java:logGet(43)) - raft.server.staging.catchup.gap = 1000 (default)
2019-08-07 04:31:38,101 INFO  server.RaftServerConfigKeys (ConfUtils.java:logGet(43)) - raft.server.rpc.sleep.time = 25ms (default)
2019-08-07 04:31:38,102 INFO  server.RaftServerConfigKeys (ConfUtils.java:logGet(43)) - raft.server.write.element-limit = 4096 (default)
2019-08-07 04:31:38,103 INFO  server.RaftServerConfigKeys (ConfUtils.java:logGet(43)) - raft.server.watch.timeout = 10s (default)
2019-08-07 04:31:38,103 INFO  server.RaftServerConfigKeys (ConfUtils.java:logGet(43)) - raft.server.watch.timeout.denomination = 1s (default)
2019-08-07 04:31:38,103 INFO  server.RaftServerConfigKeys (ConfUtils.java:logGet(43)) - raft.server.watch.element-limit = 65536 (default)
2019-08-07 04:31:38,103 INFO  impl.RoleInfo (RoleInfo.java:updateAndGet(143)) - edcf201a-8d20-48a9-8e96-6e9b4422274a: start LeaderState
2019-08-07 04:31:38,103 INFO  segmented.SegmentedRaftLogWorker (SegmentedRaftLogWorker.java:startLogSegment(380)) - edcf201a-8d20-48a9-8e96-6e9b4422274a-SegmentedRaftLogWorker:Storage Directory /workdir/hadoop-ozone/integration-test/target/test-dir/MiniOzoneClusterImpl-a33b54dd-db2d-4f8c-b136-cccfa3d908fa/datanode-1/data/ratis/a06ab12c-4f3d-45f1-b1fc-96baef48fc5c: Starting segment from index:0
2019-08-07 04:31:38,104 INFO  impl.RaftServerImpl (ServerState.java:setRaftConf(361)) - edcf201a-8d20-48a9-8e96-6e9b4422274a:group-96BAEF48FC5C set configuration 0: [edcf201a-8d20-48a9-8e96-6e9b4422274a:192.168.157.245:42968], old=null at 0
2019-08-07 04:31:38,136 INFO  segmented.SegmentedRaftLogWorker (SegmentedRaftLogWorker.java:execute(569)) - edcf201a-8d20-48a9-8e96-6e9b4422274a-SegmentedRaftLogWorker:Storage Directory /workdir/hadoop-ozone/integration-test/target/test-dir/MiniOzoneClusterImpl-a33b54dd-db2d-4f8c-b136-cccfa3d908fa/datanode-1/data/ratis/a06ab12c-4f3d-45f1-b1fc-96baef48fc5c: created new log segment /workdir/hadoop-ozone/integration-test/target/test-dir/MiniOzoneClusterImpl-a33b54dd-db2d-4f8c-b136-cccfa3d908fa/datanode-1/data/ratis/a06ab12c-4f3d-45f1-b1fc-96baef48fc5c/current/log_inprogress_0
2019-08-07 04:31:38,349 INFO  impl.FollowerState (FollowerState.java:run(106)) - a101e6c2-62d3-4a70-bcd6-8fd51ec4b5fb:group-698E89B884A3 changes to CANDIDATE, lastRpcTime:5153, electionTimeout:5153ms
2019-08-07 04:31:38,349 INFO  impl.RoleInfo (RoleInfo.java:shutdownFollowerState(121)) - a101e6c2-62d3-4a70-bcd6-8fd51ec4b5fb: shutdown FollowerState
2019-08-07 04:31:38,349 INFO  impl.RaftServerImpl (RaftServerImpl.java:setRole(171)) - a101e6c2-62d3-4a70-bcd6-8fd51ec4b5fb:group-698E89B884A3 changes role from FOLLOWER to CANDIDATE at term 0 for changeToCandidate
2019-08-07 04:31:38,350 INFO  impl.RoleInfo (RoleInfo.java:updateAndGet(143)) - a101e6c2-62d3-4a70-bcd6-8fd51ec4b5fb: start LeaderElection
2019-08-07 04:31:38,358 INFO  impl.FollowerState (FollowerState.java:run(106)) - a101e6c2-62d3-4a70-bcd6-8fd51ec4b5fb:group-208C76652F18 changes to CANDIDATE, lastRpcTime:5034, electionTimeout:5032ms
2019-08-07 04:31:38,361 INFO  impl.RoleInfo (RoleInfo.java:shutdownFollowerState(121)) - a101e6c2-62d3-4a70-bcd6-8fd51ec4b5fb: shutdown FollowerState
2019-08-07 04:31:38,361 INFO  impl.RaftServerImpl (RaftServerImpl.java:setRole(171)) - a101e6c2-62d3-4a70-bcd6-8fd51ec4b5fb:group-208C76652F18 changes role from FOLLOWER to CANDIDATE at term 0 for changeToCandidate
2019-08-07 04:31:38,361 INFO  impl.RoleInfo (RoleInfo.java:updateAndGet(143)) - a101e6c2-62d3-4a70-bcd6-8fd51ec4b5fb: start LeaderElection
2019-08-07 04:31:38,374 INFO  impl.LeaderElection (LeaderElection.java:askForVotes(181)) - a101e6c2-62d3-4a70-bcd6-8fd51ec4b5fb:group-698E89B884A3:LeaderElection10: begin an election at term 1 for -1: [a101e6c2-62d3-4a70-bcd6-8fd51ec4b5fb:192.168.157.245:36932], old=null
2019-08-07 04:31:38,374 INFO  impl.LeaderElection (LeaderElection.java:askForVotes(181)) - a101e6c2-62d3-4a70-bcd6-8fd51ec4b5fb:group-208C76652F18:LeaderElection11: begin an election at term 1 for -1: [edcf201a-8d20-48a9-8e96-6e9b4422274a:192.168.157.245:42968, a101e6c2-62d3-4a70-bcd6-8fd51ec4b5fb:192.168.157.245:36932, dbce3e28-f862-4b28-bd0d-37668f06b72e:192.168.157.245:35366], old=null
2019-08-07 04:31:38,375 INFO  impl.RoleInfo (RoleInfo.java:shutdownLeaderElection(134)) - a101e6c2-62d3-4a70-bcd6-8fd51ec4b5fb: shutdown LeaderElection
2019-08-07 04:31:38,375 INFO  impl.RaftServerImpl (RaftServerImpl.java:setRole(171)) - a101e6c2-62d3-4a70-bcd6-8fd51ec4b5fb:group-698E89B884A3 changes role from CANDIDATE to LEADER at term 1 for changeToLeader
2019-08-07 04:31:38,375 INFO  impl.RaftServerImpl (ServerState.java:setLeader(263)) - a101e6c2-62d3-4a70-bcd6-8fd51ec4b5fb:group-698E89B884A3 change Leader from null to a101e6c2-62d3-4a70-bcd6-8fd51ec4b5fb at term 1 for becomeLeader, leader elected after 5185ms
2019-08-07 04:31:38,378 INFO  server.RaftServerConfigKeys (ConfUtils.java:logGet(43)) - raft.server.staging.catchup.gap = 1000 (default)
2019-08-07 04:31:38,378 INFO  server.RaftServerConfigKeys (ConfUtils.java:logGet(43)) - raft.server.rpc.sleep.time = 25ms (default)
2019-08-07 04:31:38,378 INFO  server.RaftServerConfigKeys (ConfUtils.java:logGet(43)) - raft.server.write.element-limit = 4096 (default)
2019-08-07 04:31:38,378 INFO  server.RaftServerConfigKeys (ConfUtils.java:logGet(43)) - raft.server.watch.timeout = 10s (default)
2019-08-07 04:31:38,379 INFO  server.RaftServerConfigKeys (ConfUtils.java:logGet(43)) - raft.server.watch.timeout.denomination = 1s (default)
2019-08-07 04:31:38,379 INFO  server.RaftServerConfigKeys (ConfUtils.java:logGet(43)) - raft.server.watch.element-limit = 65536 (default)
2019-08-07 04:31:38,379 INFO  impl.RoleInfo (RoleInfo.java:updateAndGet(143)) - a101e6c2-62d3-4a70-bcd6-8fd51ec4b5fb: start LeaderState
2019-08-07 04:31:38,379 INFO  segmented.SegmentedRaftLogWorker (SegmentedRaftLogWorker.java:startLogSegment(380)) - a101e6c2-62d3-4a70-bcd6-8fd51ec4b5fb-SegmentedRaftLogWorker:Storage Directory /workdir/hadoop-ozone/integration-test/target/test-dir/MiniOzoneClusterImpl-a33b54dd-db2d-4f8c-b136-cccfa3d908fa/datanode-2/data/ratis/204d1aee-9af3-486d-baae-698e89b884a3: Starting segment from index:0
2019-08-07 04:31:38,380 INFO  impl.RaftServerImpl (ServerState.java:setRaftConf(361)) - a101e6c2-62d3-4a70-bcd6-8fd51ec4b5fb:group-698E89B884A3 set configuration 0: [a101e6c2-62d3-4a70-bcd6-8fd51ec4b5fb:192.168.157.245:36932], old=null at 0
2019-08-07 04:31:38,406 INFO  impl.FollowerState (FollowerState.java:run(106)) - edcf201a-8d20-48a9-8e96-6e9b4422274a:group-208C76652F18 changes to CANDIDATE, lastRpcTime:5068, electionTimeout:5068ms
2019-08-07 04:31:38,406 INFO  impl.RoleInfo (RoleInfo.java:shutdownFollowerState(121)) - edcf201a-8d20-48a9-8e96-6e9b4422274a: shutdown FollowerState
2019-08-07 04:31:38,407 INFO  impl.RaftServerImpl (RaftServerImpl.java:setRole(171)) - edcf201a-8d20-48a9-8e96-6e9b4422274a:group-208C76652F18 changes role from FOLLOWER to CANDIDATE at term 0 for changeToCandidate
2019-08-07 04:31:38,407 INFO  impl.RoleInfo (RoleInfo.java:updateAndGet(143)) - edcf201a-8d20-48a9-8e96-6e9b4422274a: start LeaderElection
2019-08-07 04:31:38,415 INFO  segmented.SegmentedRaftLogWorker (SegmentedRaftLogWorker.java:execute(569)) - a101e6c2-62d3-4a70-bcd6-8fd51ec4b5fb-SegmentedRaftLogWorker:Storage Directory /workdir/hadoop-ozone/integration-test/target/test-dir/MiniOzoneClusterImpl-a33b54dd-db2d-4f8c-b136-cccfa3d908fa/datanode-2/data/ratis/204d1aee-9af3-486d-baae-698e89b884a3: created new log segment /workdir/hadoop-ozone/integration-test/target/test-dir/MiniOzoneClusterImpl-a33b54dd-db2d-4f8c-b136-cccfa3d908fa/datanode-2/data/ratis/204d1aee-9af3-486d-baae-698e89b884a3/current/log_inprogress_0
2019-08-07 04:31:38,418 INFO  impl.LeaderElection (LeaderElection.java:askForVotes(181)) - edcf201a-8d20-48a9-8e96-6e9b4422274a:group-208C76652F18:LeaderElection12: begin an election at term 1 for -1: [edcf201a-8d20-48a9-8e96-6e9b4422274a:192.168.157.245:42968, a101e6c2-62d3-4a70-bcd6-8fd51ec4b5fb:192.168.157.245:36932, dbce3e28-f862-4b28-bd0d-37668f06b72e:192.168.157.245:35366], old=null
2019-08-07 04:31:38,447 INFO  impl.FollowerState (FollowerState.java:run(106)) - dbce3e28-f862-4b28-bd0d-37668f06b72e:group-208C76652F18 changes to CANDIDATE, lastRpcTime:5109, electionTimeout:5109ms
2019-08-07 04:31:38,449 INFO  impl.RoleInfo (RoleInfo.java:shutdownFollowerState(121)) - dbce3e28-f862-4b28-bd0d-37668f06b72e: shutdown FollowerState
2019-08-07 04:31:38,449 INFO  impl.RaftServerImpl (RaftServerImpl.java:setRole(171)) - dbce3e28-f862-4b28-bd0d-37668f06b72e:group-208C76652F18 changes role from FOLLOWER to CANDIDATE at term 0 for changeToCandidate
2019-08-07 04:31:38,449 INFO  impl.RoleInfo (RoleInfo.java:updateAndGet(143)) - dbce3e28-f862-4b28-bd0d-37668f06b72e: start LeaderElection
2019-08-07 04:31:38,471 INFO  impl.LeaderElection (LeaderElection.java:askForVotes(181)) - dbce3e28-f862-4b28-bd0d-37668f06b72e:group-208C76652F18:LeaderElection13: begin an election at term 1 for -1: [edcf201a-8d20-48a9-8e96-6e9b4422274a:192.168.157.245:42968, a101e6c2-62d3-4a70-bcd6-8fd51ec4b5fb:192.168.157.245:36932, dbce3e28-f862-4b28-bd0d-37668f06b72e:192.168.157.245:35366], old=null
2019-08-07 04:31:38,507 INFO  impl.LeaderElection (LeaderElection.java:logAndReturn(56)) - a101e6c2-62d3-4a70-bcd6-8fd51ec4b5fb:group-208C76652F18:LeaderElection11: Election REJECTED; received 2 response(s) [a101e6c2-62d3-4a70-bcd6-8fd51ec4b5fb<-edcf201a-8d20-48a9-8e96-6e9b4422274a#0:FAIL-t1, a101e6c2-62d3-4a70-bcd6-8fd51ec4b5fb<-dbce3e28-f862-4b28-bd0d-37668f06b72e#0:FAIL-t1] and 0 exception(s); a101e6c2-62d3-4a70-bcd6-8fd51ec4b5fb:t1, leader=null, voted=a101e6c2-62d3-4a70-bcd6-8fd51ec4b5fb, raftlog=a101e6c2-62d3-4a70-bcd6-8fd51ec4b5fb-SegmentedRaftLog:OPENED:c-1,f-1,i0, conf=-1: [edcf201a-8d20-48a9-8e96-6e9b4422274a:192.168.157.245:42968, a101e6c2-62d3-4a70-bcd6-8fd51ec4b5fb:192.168.157.245:36932, dbce3e28-f862-4b28-bd0d-37668f06b72e:192.168.157.245:35366], old=null
2019-08-07 04:31:38,507 INFO  impl.LeaderElection (LeaderElection.java:logAndReturn(56)) - edcf201a-8d20-48a9-8e96-6e9b4422274a:group-208C76652F18:LeaderElection12: Election REJECTED; received 2 response(s) [edcf201a-8d20-48a9-8e96-6e9b4422274a<-a101e6c2-62d3-4a70-bcd6-8fd51ec4b5fb#0:FAIL-t1, edcf201a-8d20-48a9-8e96-6e9b4422274a<-dbce3e28-f862-4b28-bd0d-37668f06b72e#0:FAIL-t1] and 0 exception(s); edcf201a-8d20-48a9-8e96-6e9b4422274a:t1, leader=null, voted=edcf201a-8d20-48a9-8e96-6e9b4422274a, raftlog=edcf201a-8d20-48a9-8e96-6e9b4422274a-SegmentedRaftLog:OPENED:c-1,f-1,i0, conf=-1: [edcf201a-8d20-48a9-8e96-6e9b4422274a:192.168.157.245:42968, a101e6c2-62d3-4a70-bcd6-8fd51ec4b5fb:192.168.157.245:36932, dbce3e28-f862-4b28-bd0d-37668f06b72e:192.168.157.245:35366], old=null
2019-08-07 04:31:38,523 INFO  impl.RaftServerImpl (RaftServerImpl.java:setRole(171)) - a101e6c2-62d3-4a70-bcd6-8fd51ec4b5fb:group-208C76652F18 changes role from CANDIDATE to FOLLOWER at term 1 for DISCOVERED_A_NEW_TERM
2019-08-07 04:31:38,525 INFO  impl.RaftServerImpl (RaftServerImpl.java:setRole(171)) - edcf201a-8d20-48a9-8e96-6e9b4422274a:group-208C76652F18 changes role from CANDIDATE to FOLLOWER at term 1 for DISCOVERED_A_NEW_TERM
2019-08-07 04:31:38,527 INFO  impl.RoleInfo (RoleInfo.java:shutdownLeaderElection(134)) - edcf201a-8d20-48a9-8e96-6e9b4422274a: shutdown LeaderElection
2019-08-07 04:31:38,527 INFO  impl.RoleInfo (RoleInfo.java:shutdownLeaderElection(134)) - a101e6c2-62d3-4a70-bcd6-8fd51ec4b5fb: shutdown LeaderElection
2019-08-07 04:31:38,527 INFO  impl.RoleInfo (RoleInfo.java:updateAndGet(143)) - edcf201a-8d20-48a9-8e96-6e9b4422274a: start FollowerState
2019-08-07 04:31:38,527 INFO  impl.RoleInfo (RoleInfo.java:updateAndGet(143)) - a101e6c2-62d3-4a70-bcd6-8fd51ec4b5fb: start FollowerState
2019-08-07 04:31:38,534 INFO  impl.LeaderElection (LeaderElection.java:logAndReturn(56)) - dbce3e28-f862-4b28-bd0d-37668f06b72e:group-208C76652F18:LeaderElection13: Election REJECTED; received 2 response(s) [dbce3e28-f862-4b28-bd0d-37668f06b72e<-edcf201a-8d20-48a9-8e96-6e9b4422274a#0:FAIL-t1, dbce3e28-f862-4b28-bd0d-37668f06b72e<-a101e6c2-62d3-4a70-bcd6-8fd51ec4b5fb#0:FAIL-t1] and 0 exception(s); dbce3e28-f862-4b28-bd0d-37668f06b72e:t1, leader=null, voted=dbce3e28-f862-4b28-bd0d-37668f06b72e, raftlog=dbce3e28-f862-4b28-bd0d-37668f06b72e-SegmentedRaftLog:OPENED:c-1,f-1,i0, conf=-1: [edcf201a-8d20-48a9-8e96-6e9b4422274a:192.168.157.245:42968, a101e6c2-62d3-4a70-bcd6-8fd51ec4b5fb:192.168.157.245:36932, dbce3e28-f862-4b28-bd0d-37668f06b72e:192.168.157.245:35366], old=null
2019-08-07 04:31:38,534 INFO  impl.RaftServerImpl (RaftServerImpl.java:setRole(171)) - dbce3e28-f862-4b28-bd0d-37668f06b72e:group-208C76652F18 changes role from CANDIDATE to FOLLOWER at term 1 for DISCOVERED_A_NEW_TERM
2019-08-07 04:31:38,534 INFO  impl.RoleInfo (RoleInfo.java:shutdownLeaderElection(134)) - dbce3e28-f862-4b28-bd0d-37668f06b72e: shutdown LeaderElection
2019-08-07 04:31:38,534 INFO  impl.RoleInfo (RoleInfo.java:updateAndGet(143)) - dbce3e28-f862-4b28-bd0d-37668f06b72e: start FollowerState
2019-08-07 04:31:43,545 INFO  impl.FollowerState (FollowerState.java:run(106)) - edcf201a-8d20-48a9-8e96-6e9b4422274a:group-208C76652F18 changes to CANDIDATE, lastRpcTime:5018, electionTimeout:5018ms
2019-08-07 04:31:43,549 INFO  impl.RoleInfo (RoleInfo.java:shutdownFollowerState(121)) - edcf201a-8d20-48a9-8e96-6e9b4422274a: shutdown FollowerState
2019-08-07 04:31:43,549 INFO  impl.RaftServerImpl (RaftServerImpl.java:setRole(171)) - edcf201a-8d20-48a9-8e96-6e9b4422274a:group-208C76652F18 changes role from FOLLOWER to CANDIDATE at term 1 for changeToCandidate
2019-08-07 04:31:43,550 INFO  impl.RoleInfo (RoleInfo.java:updateAndGet(143)) - edcf201a-8d20-48a9-8e96-6e9b4422274a: start LeaderElection
2019-08-07 04:31:43,567 INFO  impl.LeaderElection (LeaderElection.java:askForVotes(181)) - edcf201a-8d20-48a9-8e96-6e9b4422274a:group-208C76652F18:LeaderElection14: begin an election at term 2 for -1: [edcf201a-8d20-48a9-8e96-6e9b4422274a:192.168.157.245:42968, a101e6c2-62d3-4a70-bcd6-8fd51ec4b5fb:192.168.157.245:36932, dbce3e28-f862-4b28-bd0d-37668f06b72e:192.168.157.245:35366], old=null
2019-08-07 04:31:43,574 INFO  impl.RaftServerImpl (RaftServerImpl.java:setRole(171)) - a101e6c2-62d3-4a70-bcd6-8fd51ec4b5fb:group-208C76652F18 changes role from FOLLOWER to FOLLOWER at term 2 for recognizeCandidate:edcf201a-8d20-48a9-8e96-6e9b4422274a
2019-08-07 04:31:43,574 INFO  impl.RaftServerImpl (RaftServerImpl.java:setRole(171)) - dbce3e28-f862-4b28-bd0d-37668f06b72e:group-208C76652F18 changes role from FOLLOWER to FOLLOWER at term 2 for recognizeCandidate:edcf201a-8d20-48a9-8e96-6e9b4422274a
2019-08-07 04:31:43,574 INFO  impl.RoleInfo (RoleInfo.java:shutdownFollowerState(121)) - a101e6c2-62d3-4a70-bcd6-8fd51ec4b5fb: shutdown FollowerState
2019-08-07 04:31:43,574 INFO  impl.RoleInfo (RoleInfo.java:shutdownFollowerState(121)) - dbce3e28-f862-4b28-bd0d-37668f06b72e: shutdown FollowerState
2019-08-07 04:31:43,575 INFO  impl.RoleInfo (RoleInfo.java:updateAndGet(143)) - a101e6c2-62d3-4a70-bcd6-8fd51ec4b5fb: start FollowerState
2019-08-07 04:31:43,575 INFO  impl.FollowerState (FollowerState.java:run(114)) - dbce3e28-f862-4b28-bd0d-37668f06b72e: FollowerState was interrupted: java.lang.InterruptedException: sleep interrupted
2019-08-07 04:31:43,575 INFO  impl.FollowerState (FollowerState.java:run(114)) - a101e6c2-62d3-4a70-bcd6-8fd51ec4b5fb: FollowerState was interrupted: java.lang.InterruptedException: sleep interrupted
2019-08-07 04:31:43,575 INFO  impl.RoleInfo (RoleInfo.java:updateAndGet(143)) - dbce3e28-f862-4b28-bd0d-37668f06b72e: start FollowerState
2019-08-07 04:31:43,599 INFO  impl.LeaderElection (LeaderElection.java:logAndReturn(56)) - edcf201a-8d20-48a9-8e96-6e9b4422274a:group-208C76652F18:LeaderElection14: Election PASSED; received 1 response(s) [edcf201a-8d20-48a9-8e96-6e9b4422274a<-dbce3e28-f862-4b28-bd0d-37668f06b72e#0:OK-t2] and 0 exception(s); edcf201a-8d20-48a9-8e96-6e9b4422274a:t2, leader=null, voted=edcf201a-8d20-48a9-8e96-6e9b4422274a, raftlog=edcf201a-8d20-48a9-8e96-6e9b4422274a-SegmentedRaftLog:OPENED:c-1,f-1,i0, conf=-1: [edcf201a-8d20-48a9-8e96-6e9b4422274a:192.168.157.245:42968, a101e6c2-62d3-4a70-bcd6-8fd51ec4b5fb:192.168.157.245:36932, dbce3e28-f862-4b28-bd0d-37668f06b72e:192.168.157.245:35366], old=null
2019-08-07 04:31:43,599 INFO  impl.RoleInfo (RoleInfo.java:shutdownLeaderElection(134)) - edcf201a-8d20-48a9-8e96-6e9b4422274a: shutdown LeaderElection
2019-08-07 04:31:43,602 INFO  impl.RaftServerImpl (RaftServerImpl.java:setRole(171)) - edcf201a-8d20-48a9-8e96-6e9b4422274a:group-208C76652F18 changes role from CANDIDATE to LEADER at term 2 for changeToLeader
2019-08-07 04:31:43,602 INFO  impl.RaftServerImpl (ServerState.java:setLeader(263)) - edcf201a-8d20-48a9-8e96-6e9b4422274a:group-208C76652F18 change Leader from null to edcf201a-8d20-48a9-8e96-6e9b4422274a at term 2 for becomeLeader, leader elected after 10302ms
2019-08-07 04:31:43,602 INFO  server.RaftServerConfigKeys (ConfUtils.java:logGet(43)) - raft.server.staging.catchup.gap = 1000 (default)
2019-08-07 04:31:43,602 INFO  server.RaftServerConfigKeys (ConfUtils.java:logGet(43)) - raft.server.rpc.sleep.time = 25ms (default)
2019-08-07 04:31:43,602 INFO  server.RaftServerConfigKeys (ConfUtils.java:logGet(43)) - raft.server.write.element-limit = 4096 (default)
2019-08-07 04:31:43,603 INFO  server.RaftServerConfigKeys (ConfUtils.java:logGet(43)) - raft.server.watch.timeout = 10s (default)
2019-08-07 04:31:43,603 INFO  server.RaftServerConfigKeys (ConfUtils.java:logGet(43)) - raft.server.watch.timeout.denomination = 1s (default)
2019-08-07 04:31:43,603 INFO  server.RaftServerConfigKeys (ConfUtils.java:logGet(43)) - raft.server.watch.element-limit = 65536 (default)
2019-08-07 04:31:43,606 INFO  server.RaftServerConfigKeys (ConfUtils.java:logGet(43)) - raft.server.log.appender.snapshot.chunk.size.max = 16MB (=16777216) (default)
2019-08-07 04:31:43,607 INFO  server.RaftServerConfigKeys (ConfUtils.java:logGet(43)) - raft.server.log.appender.buffer.byte-limit = 33554432 (custom)
2019-08-07 04:31:43,608 INFO  server.RaftServerConfigKeys (ConfUtils.java:logGet(43)) - raft.server.log.appender.buffer.element-limit = 1 (custom)
2019-08-07 04:31:43,612 INFO  grpc.GrpcConfigKeys$Server (ConfUtils.java:logGet(43)) - raft.grpc.server.leader.outstanding.appends.max = 128 (default)
2019-08-07 04:31:43,612 INFO  server.RaftServerConfigKeys (ConfUtils.java:logGet(43)) - raft.server.rpc.request.timeout = 3000ms (default)
2019-08-07 04:31:43,612 INFO  server.RaftServerConfigKeys (ConfUtils.java:logGet(43)) - raft.server.log.appender.install.snapshot.enabled = false (custom)
2019-08-07 04:31:43,612 INFO  server.RaftServerConfigKeys (ConfUtils.java:logGet(43)) - raft.server.log.appender.snapshot.chunk.size.max = 16MB (=16777216) (default)
2019-08-07 04:31:43,613 INFO  server.RaftServerConfigKeys (ConfUtils.java:logGet(43)) - raft.server.log.appender.buffer.byte-limit = 33554432 (custom)
2019-08-07 04:31:43,613 INFO  server.RaftServerConfigKeys (ConfUtils.java:logGet(43)) - raft.server.log.appender.buffer.element-limit = 1 (custom)
2019-08-07 04:31:43,613 INFO  grpc.GrpcConfigKeys$Server (ConfUtils.java:logGet(43)) - raft.grpc.server.leader.outstanding.appends.max = 128 (default)
2019-08-07 04:31:43,613 INFO  server.RaftServerConfigKeys (ConfUtils.java:logGet(43)) - raft.server.rpc.request.timeout = 3000ms (default)
2019-08-07 04:31:43,614 INFO  server.RaftServerConfigKeys (ConfUtils.java:logGet(43)) - raft.server.log.appender.install.snapshot.enabled = false (custom)
2019-08-07 04:31:43,618 INFO  impl.RoleInfo (RoleInfo.java:updateAndGet(143)) - edcf201a-8d20-48a9-8e96-6e9b4422274a: start LeaderState
2019-08-07 04:31:43,618 INFO  segmented.SegmentedRaftLogWorker (SegmentedRaftLogWorker.java:startLogSegment(380)) - edcf201a-8d20-48a9-8e96-6e9b4422274a-SegmentedRaftLogWorker:Storage Directory /workdir/hadoop-ozone/integration-test/target/test-dir/MiniOzoneClusterImpl-a33b54dd-db2d-4f8c-b136-cccfa3d908fa/datanode-1/data/ratis/eba43d18-488f-4560-b779-208c76652f18: Starting segment from index:0
2019-08-07 04:31:43,619 INFO  impl.RaftServerImpl (ServerState.java:setRaftConf(361)) - edcf201a-8d20-48a9-8e96-6e9b4422274a:group-208C76652F18 set configuration 0: [edcf201a-8d20-48a9-8e96-6e9b4422274a:192.168.157.245:42968, a101e6c2-62d3-4a70-bcd6-8fd51ec4b5fb:192.168.157.245:36932, dbce3e28-f862-4b28-bd0d-37668f06b72e:192.168.157.245:35366], old=null at 0
2019-08-07 04:31:43,654 INFO  segmented.SegmentedRaftLogWorker (SegmentedRaftLogWorker.java:execute(569)) - edcf201a-8d20-48a9-8e96-6e9b4422274a-SegmentedRaftLogWorker:Storage Directory /workdir/hadoop-ozone/integration-test/target/test-dir/MiniOzoneClusterImpl-a33b54dd-db2d-4f8c-b136-cccfa3d908fa/datanode-1/data/ratis/eba43d18-488f-4560-b779-208c76652f18: created new log segment /workdir/hadoop-ozone/integration-test/target/test-dir/MiniOzoneClusterImpl-a33b54dd-db2d-4f8c-b136-cccfa3d908fa/datanode-1/data/ratis/eba43d18-488f-4560-b779-208c76652f18/current/log_inprogress_0
2019-08-07 04:31:43,672 INFO  impl.RaftServerImpl (ServerState.java:setLeader(263)) - a101e6c2-62d3-4a70-bcd6-8fd51ec4b5fb:group-208C76652F18 change Leader from null to edcf201a-8d20-48a9-8e96-6e9b4422274a at term 2 for appendEntries, leader elected after 10372ms
2019-08-07 04:31:43,672 INFO  impl.RaftServerImpl (ServerState.java:setLeader(263)) - dbce3e28-f862-4b28-bd0d-37668f06b72e:group-208C76652F18 change Leader from null to edcf201a-8d20-48a9-8e96-6e9b4422274a at term 2 for appendEntries, leader elected after 10372ms
2019-08-07 04:31:43,719 INFO  impl.RaftServerImpl (ServerState.java:setRaftConf(361)) - a101e6c2-62d3-4a70-bcd6-8fd51ec4b5fb:group-208C76652F18 set configuration 0: [edcf201a-8d20-48a9-8e96-6e9b4422274a:192.168.157.245:42968, a101e6c2-62d3-4a70-bcd6-8fd51ec4b5fb:192.168.157.245:36932, dbce3e28-f862-4b28-bd0d-37668f06b72e:192.168.157.245:35366], old=null at 0
2019-08-07 04:31:43,719 INFO  impl.RaftServerImpl (ServerState.java:setRaftConf(361)) - dbce3e28-f862-4b28-bd0d-37668f06b72e:group-208C76652F18 set configuration 0: [edcf201a-8d20-48a9-8e96-6e9b4422274a:192.168.157.245:42968, a101e6c2-62d3-4a70-bcd6-8fd51ec4b5fb:192.168.157.245:36932, dbce3e28-f862-4b28-bd0d-37668f06b72e:192.168.157.245:35366], old=null at 0
2019-08-07 04:31:43,719 INFO  segmented.SegmentedRaftLogWorker (SegmentedRaftLogWorker.java:startLogSegment(380)) - a101e6c2-62d3-4a70-bcd6-8fd51ec4b5fb-SegmentedRaftLogWorker:Storage Directory /workdir/hadoop-ozone/integration-test/target/test-dir/MiniOzoneClusterImpl-a33b54dd-db2d-4f8c-b136-cccfa3d908fa/datanode-2/data/ratis/eba43d18-488f-4560-b779-208c76652f18: Starting segment from index:0
2019-08-07 04:31:43,720 INFO  segmented.SegmentedRaftLogWorker (SegmentedRaftLogWorker.java:startLogSegment(380)) - dbce3e28-f862-4b28-bd0d-37668f06b72e-SegmentedRaftLogWorker:Storage Directory /workdir/hadoop-ozone/integration-test/target/test-dir/MiniOzoneClusterImpl-a33b54dd-db2d-4f8c-b136-cccfa3d908fa/datanode-0/data/ratis/eba43d18-488f-4560-b779-208c76652f18: Starting segment from index:0
2019-08-07 04:31:43,750 INFO  segmented.SegmentedRaftLogWorker (SegmentedRaftLogWorker.java:execute(569)) - a101e6c2-62d3-4a70-bcd6-8fd51ec4b5fb-SegmentedRaftLogWorker:Storage Directory /workdir/hadoop-ozone/integration-test/target/test-dir/MiniOzoneClusterImpl-a33b54dd-db2d-4f8c-b136-cccfa3d908fa/datanode-2/data/ratis/eba43d18-488f-4560-b779-208c76652f18: created new log segment /workdir/hadoop-ozone/integration-test/target/test-dir/MiniOzoneClusterImpl-a33b54dd-db2d-4f8c-b136-cccfa3d908fa/datanode-2/data/ratis/eba43d18-488f-4560-b779-208c76652f18/current/log_inprogress_0
2019-08-07 04:31:43,750 INFO  segmented.SegmentedRaftLogWorker (SegmentedRaftLogWorker.java:execute(569)) - dbce3e28-f862-4b28-bd0d-37668f06b72e-SegmentedRaftLogWorker:Storage Directory /workdir/hadoop-ozone/integration-test/target/test-dir/MiniOzoneClusterImpl-a33b54dd-db2d-4f8c-b136-cccfa3d908fa/datanode-0/data/ratis/eba43d18-488f-4560-b779-208c76652f18: created new log segment /workdir/hadoop-ozone/integration-test/target/test-dir/MiniOzoneClusterImpl-a33b54dd-db2d-4f8c-b136-cccfa3d908fa/datanode-0/data/ratis/eba43d18-488f-4560-b779-208c76652f18/current/log_inprogress_0
2019-08-07 04:31:46,131 INFO  ozone.MiniOzoneClusterImpl (MiniOzoneClusterImpl.java:shutdown(321)) - Shutting down the Mini Ozone Cluster
2019-08-07 04:31:46,134 INFO  ozone.MiniOzoneClusterImpl (MiniOzoneClusterImpl.java:stop(336)) - Stopping the Mini Ozone Cluster
2019-08-07 04:31:46,134 INFO  ozone.MiniOzoneClusterImpl (MiniOzoneClusterImpl.java:stop(338)) - Stopping the OzoneManager
2019-08-07 04:31:46,134 INFO  ipc.Server (Server.java:stop(3082)) - Stopping server on 46724
2019-08-07 04:31:46,140 INFO  ipc.Server (Server.java:run(1185)) - Stopping IPC Server listener on 46724
2019-08-07 04:31:46,140 INFO  ipc.Server (Server.java:run(1319)) - Stopping IPC Server Responder
2019-08-07 04:31:46,140 INFO  utils.BackgroundService (BackgroundService.java:shutdown(148)) - Shutting down service KeyDeletingService
2019-08-07 04:31:46,160 INFO  handler.ContextHandler (ContextHandler.java:doStop(910)) - Stopped o.e.j.w.WebAppContext@144cfa73{/,null,UNAVAILABLE}{/ozoneManager}
2019-08-07 04:31:46,161 INFO  server.AbstractConnector (AbstractConnector.java:doStop(318)) - Stopped ServerConnector@6c780b1c{HTTP/1.1,[http/1.1]}{0.0.0.0:0}
2019-08-07 04:31:46,161 INFO  handler.ContextHandler (ContextHandler.java:doStop(910)) - Stopped o.e.j.s.ServletContextHandler@1867b579{/static,file:///workdir/hadoop-ozone/integration-test/target/test-classes/webapps/static,UNAVAILABLE}
2019-08-07 04:31:46,162 INFO  handler.ContextHandler (ContextHandler.java:doStop(910)) - Stopped o.e.j.s.ServletContextHandler@30d6e904{/logs,file:///workdir/hadoop-ozone/integration-test/target/log,UNAVAILABLE}
2019-08-07 04:31:46,166 INFO  ozone.MiniOzoneClusterImpl (MiniOzoneClusterImpl.java:stop(344)) - Shutting the HddsDatanodes
2019-08-07 04:31:46,166 INFO  datanode.ObjectStoreHandler (ObjectStoreHandler.java:close(155)) - Closing ObjectStoreHandler.
2019-08-07 04:31:46,166 INFO  datanode.ObjectStoreHandler (ObjectStoreHandler.java:close(155)) - Closing ObjectStoreHandler.
2019-08-07 04:31:46,167 INFO  ozone.HddsDatanodeService (HddsDatanodeService.java:stop(451)) - Stopped plug-in org.apache.hadoop.ozone.web.OzoneHddsDatanodeService@471aedf9
2019-08-07 04:31:46,167 INFO  ozone.HddsDatanodeService (HddsDatanodeService.java:stop(451)) - Stopped plug-in org.apache.hadoop.ozone.web.OzoneHddsDatanodeService@41fba75c
2019-08-07 04:31:46,775 INFO  statemachine.DatanodeStateMachine (DatanodeStateMachine.java:lambda$startDaemon$0(350)) - Ozone container server started.
2019-08-07 04:31:46,953 INFO  statemachine.DatanodeStateMachine (DatanodeStateMachine.java:lambda$startDaemon$0(350)) - Ozone container server started.
2019-08-07 04:31:51,168 INFO  ozoneimpl.OzoneContainer (OzoneContainer.java:stop(199)) - Attempting to stop container services.
2019-08-07 04:31:51,168 INFO  ozoneimpl.OzoneContainer (OzoneContainer.java:stop(199)) - Attempting to stop container services.
2019-08-07 04:31:51,169 INFO  impl.RaftServerProxy (RaftServerProxy.java:lambda$close$4(314)) - edcf201a-8d20-48a9-8e96-6e9b4422274a: close
2019-08-07 04:31:51,169 INFO  impl.RaftServerProxy (RaftServerProxy.java:lambda$close$4(314)) - dbce3e28-f862-4b28-bd0d-37668f06b72e: close
2019-08-07 04:31:51,169 INFO  impl.RaftServerImpl (RaftServerImpl.java:lambda$shutdown$3(245)) - edcf201a-8d20-48a9-8e96-6e9b4422274a: shutdown group-96BAEF48FC5C
2019-08-07 04:31:51,169 INFO  impl.RaftServerImpl (RaftServerImpl.java:lambda$shutdown$3(245)) - dbce3e28-f862-4b28-bd0d-37668f06b72e: shutdown group-8FC550731BE2
2019-08-07 04:31:51,170 INFO  util.JmxRegister (JmxRegister.java:unregister(73)) - Successfully un-registered JMX Bean with object name Ratis:service=RaftServer,group=group-96BAEF48FC5C,id=edcf201a-8d20-48a9-8e96-6e9b4422274a
2019-08-07 04:31:51,170 INFO  util.JmxRegister (JmxRegister.java:unregister(73)) - Successfully un-registered JMX Bean with object name Ratis:service=RaftServer,group=group-8FC550731BE2,id=dbce3e28-f862-4b28-bd0d-37668f06b72e
2019-08-07 04:31:51,170 INFO  impl.RoleInfo (RoleInfo.java:shutdownLeaderState(104)) - edcf201a-8d20-48a9-8e96-6e9b4422274a: shutdown LeaderState
2019-08-07 04:31:51,171 INFO  impl.RoleInfo (RoleInfo.java:shutdownLeaderState(104)) - dbce3e28-f862-4b28-bd0d-37668f06b72e: shutdown LeaderState
2019-08-07 04:31:51,171 INFO  impl.PendingRequests (PendingRequests.java:sendNotLeaderResponses(202)) - edcf201a-8d20-48a9-8e96-6e9b4422274a-PendingRequests: sendNotLeaderResponses
2019-08-07 04:31:51,172 INFO  impl.PendingRequests (PendingRequests.java:sendNotLeaderResponses(202)) - dbce3e28-f862-4b28-bd0d-37668f06b72e-PendingRequests: sendNotLeaderResponses
2019-08-07 04:31:51,172 INFO  impl.StateMachineUpdater (StateMachineUpdater.java:stopAndJoin(115)) - StateMachineUpdater:edcf201a-8d20-48a9-8e96-6e9b4422274a:group-96BAEF48FC5C: set stopIndex = 0
2019-08-07 04:31:51,172 INFO  impl.StateMachineUpdater (StateMachineUpdater.java:stopAndJoin(115)) - StateMachineUpdater:dbce3e28-f862-4b28-bd0d-37668f06b72e:group-8FC550731BE2: set stopIndex = 0
2019-08-07 04:31:51,173 INFO  impl.RaftServerImpl (ServerState.java:close(394)) - dbce3e28-f862-4b28-bd0d-37668f06b72e:group-8FC550731BE2 closes. The last applied log index is 0
2019-08-07 04:31:51,173 INFO  impl.RaftServerImpl (ServerState.java:close(394)) - edcf201a-8d20-48a9-8e96-6e9b4422274a:group-96BAEF48FC5C closes. The last applied log index is 0
2019-08-07 04:31:51,173 INFO  segmented.SegmentedRaftLogWorker (SegmentedRaftLogWorker.java:run(313)) - dbce3e28-f862-4b28-bd0d-37668f06b72e-SegmentedRaftLogWorker:Storage Directory /workdir/hadoop-ozone/integration-test/target/test-dir/MiniOzoneClusterImpl-a33b54dd-db2d-4f8c-b136-cccfa3d908fa/datanode-0/data/ratis/aa62276a-3166-41f9-b312-8fc550731be2 was interrupted, exiting. There are 0 tasks remaining in the queue.
2019-08-07 04:31:51,174 INFO  segmented.SegmentedRaftLogWorker (SegmentedRaftLogWorker.java:run(313)) - edcf201a-8d20-48a9-8e96-6e9b4422274a-SegmentedRaftLogWorker:Storage Directory /workdir/hadoop-ozone/integration-test/target/test-dir/MiniOzoneClusterImpl-a33b54dd-db2d-4f8c-b136-cccfa3d908fa/datanode-1/data/ratis/a06ab12c-4f3d-45f1-b1fc-96baef48fc5c was interrupted, exiting. There are 0 tasks remaining in the queue.
2019-08-07 04:31:51,179 INFO  segmented.SegmentedRaftLogWorker (SegmentedRaftLogWorker.java:close(228)) - dbce3e28-f862-4b28-bd0d-37668f06b72e-SegmentedRaftLogWorker:Storage Directory /workdir/hadoop-ozone/integration-test/target/test-dir/MiniOzoneClusterImpl-a33b54dd-db2d-4f8c-b136-cccfa3d908fa/datanode-0/data/ratis/aa62276a-3166-41f9-b312-8fc550731be2 close()
2019-08-07 04:31:51,179 INFO  segmented.SegmentedRaftLogWorker (SegmentedRaftLogWorker.java:close(228)) - edcf201a-8d20-48a9-8e96-6e9b4422274a-SegmentedRaftLogWorker:Storage Directory /workdir/hadoop-ozone/integration-test/target/test-dir/MiniOzoneClusterImpl-a33b54dd-db2d-4f8c-b136-cccfa3d908fa/datanode-1/data/ratis/a06ab12c-4f3d-45f1-b1fc-96baef48fc5c close()
2019-08-07 04:31:51,184 INFO  impl.RaftServerImpl (RaftServerImpl.java:lambda$shutdown$3(245)) - dbce3e28-f862-4b28-bd0d-37668f06b72e: shutdown group-208C76652F18
2019-08-07 04:31:51,189 INFO  impl.RaftServerImpl (RaftServerImpl.java:lambda$shutdown$3(245)) - edcf201a-8d20-48a9-8e96-6e9b4422274a: shutdown group-208C76652F18
2019-08-07 04:31:51,189 INFO  util.JmxRegister (JmxRegister.java:unregister(73)) - Successfully un-registered JMX Bean with object name Ratis:service=RaftServer,group=group-208C76652F18,id=dbce3e28-f862-4b28-bd0d-37668f06b72e
2019-08-07 04:31:51,190 INFO  util.JmxRegister (JmxRegister.java:unregister(73)) - Successfully un-registered JMX Bean with object name Ratis:service=RaftServer,group=group-208C76652F18,id=edcf201a-8d20-48a9-8e96-6e9b4422274a
2019-08-07 04:31:51,190 INFO  impl.RoleInfo (RoleInfo.java:shutdownFollowerState(121)) - dbce3e28-f862-4b28-bd0d-37668f06b72e: shutdown FollowerState
2019-08-07 04:31:51,190 INFO  impl.RoleInfo (RoleInfo.java:shutdownLeaderState(104)) - edcf201a-8d20-48a9-8e96-6e9b4422274a: shutdown LeaderState
2019-08-07 04:31:51,191 INFO  impl.FollowerState (FollowerState.java:run(114)) - dbce3e28-f862-4b28-bd0d-37668f06b72e: FollowerState was interrupted: java.lang.InterruptedException: sleep interrupted
2019-08-07 04:31:51,191 INFO  impl.StateMachineUpdater (StateMachineUpdater.java:stopAndJoin(115)) - StateMachineUpdater:dbce3e28-f862-4b28-bd0d-37668f06b72e:group-208C76652F18: set stopIndex = 0
2019-08-07 04:31:51,198 INFO  impl.RaftServerImpl (ServerState.java:close(394)) - dbce3e28-f862-4b28-bd0d-37668f06b72e:group-208C76652F18 closes. The last applied log index is 0
2019-08-07 04:31:51,196 WARN  server.GrpcLogAppender (GrpcLogAppender.java:mayWait(143)) - GrpcLogAppender(edcf201a-8d20-48a9-8e96-6e9b4422274a->dbce3e28-f862-4b28-bd0d-37668f06b72e): Wait interrupted by java.lang.InterruptedException
2019-08-07 04:31:51,196 WARN  server.GrpcLogAppender (GrpcLogAppender.java:mayWait(143)) - GrpcLogAppender(edcf201a-8d20-48a9-8e96-6e9b4422274a->a101e6c2-62d3-4a70-bcd6-8fd51ec4b5fb): Wait interrupted by java.lang.InterruptedException
2019-08-07 04:31:51,196 INFO  impl.PendingRequests (PendingRequests.java:sendNotLeaderResponses(202)) - edcf201a-8d20-48a9-8e96-6e9b4422274a-PendingRequests: sendNotLeaderResponses
2019-08-07 04:31:51,198 INFO  segmented.SegmentedRaftLogWorker (SegmentedRaftLogWorker.java:run(313)) - dbce3e28-f862-4b28-bd0d-37668f06b72e-SegmentedRaftLogWorker:Storage Directory /workdir/hadoop-ozone/integration-test/target/test-dir/MiniOzoneClusterImpl-a33b54dd-db2d-4f8c-b136-cccfa3d908fa/datanode-0/data/ratis/eba43d18-488f-4560-b779-208c76652f18 was interrupted, exiting. There are 0 tasks remaining in the queue.
2019-08-07 04:31:51,199 INFO  impl.StateMachineUpdater (StateMachineUpdater.java:stopAndJoin(115)) - StateMachineUpdater:edcf201a-8d20-48a9-8e96-6e9b4422274a:group-208C76652F18: set stopIndex = 0
2019-08-07 04:31:51,207 INFO  segmented.SegmentedRaftLogWorker (SegmentedRaftLogWorker.java:close(228)) - dbce3e28-f862-4b28-bd0d-37668f06b72e-SegmentedRaftLogWorker:Storage Directory /workdir/hadoop-ozone/integration-test/target/test-dir/MiniOzoneClusterImpl-a33b54dd-db2d-4f8c-b136-cccfa3d908fa/datanode-0/data/ratis/eba43d18-488f-4560-b779-208c76652f18 close()
2019-08-07 04:31:51,207 INFO  impl.RaftServerImpl (ServerState.java:close(394)) - edcf201a-8d20-48a9-8e96-6e9b4422274a:group-208C76652F18 closes. The last applied log index is 0
2019-08-07 04:31:51,212 INFO  server.GrpcService (GrpcService.java:closeImpl(155)) - dbce3e28-f862-4b28-bd0d-37668f06b72e: shutdown server with port 35366 now
2019-08-07 04:31:51,213 INFO  segmented.SegmentedRaftLogWorker (SegmentedRaftLogWorker.java:run(313)) - edcf201a-8d20-48a9-8e96-6e9b4422274a-SegmentedRaftLogWorker:Storage Directory /workdir/hadoop-ozone/integration-test/target/test-dir/MiniOzoneClusterImpl-a33b54dd-db2d-4f8c-b136-cccfa3d908fa/datanode-1/data/ratis/eba43d18-488f-4560-b779-208c76652f18 was interrupted, exiting. There are 0 tasks remaining in the queue.
2019-08-07 04:31:51,213 INFO  server.GrpcServerProtocolService (GrpcServerProtocolService.java:onCompleted(104)) - a101e6c2-62d3-4a70-bcd6-8fd51ec4b5fb: appendEntries completed
2019-08-07 04:31:51,218 INFO  segmented.SegmentedRaftLogWorker (SegmentedRaftLogWorker.java:close(228)) - edcf201a-8d20-48a9-8e96-6e9b4422274a-SegmentedRaftLogWorker:Storage Directory /workdir/hadoop-ozone/integration-test/target/test-dir/MiniOzoneClusterImpl-a33b54dd-db2d-4f8c-b136-cccfa3d908fa/datanode-1/data/ratis/eba43d18-488f-4560-b779-208c76652f18 close()
2019-08-07 04:31:51,213 INFO  server.GrpcServerProtocolService (GrpcServerProtocolService.java:onCompleted(104)) - dbce3e28-f862-4b28-bd0d-37668f06b72e: appendEntries completed
2019-08-07 04:31:51,226 INFO  server.GrpcService (GrpcService.java:closeImpl(155)) - edcf201a-8d20-48a9-8e96-6e9b4422274a: shutdown server with port 42968 now
2019-08-07 04:31:51,242 INFO  server.GrpcLogAppender (GrpcLogAppender.java:onError(281)) - GrpcLogAppender(edcf201a-8d20-48a9-8e96-6e9b4422274a->dbce3e28-f862-4b28-bd0d-37668f06b72e) is stopped
2019-08-07 04:31:51,243 INFO  server.GrpcService (GrpcService.java:closeImpl(163)) - dbce3e28-f862-4b28-bd0d-37668f06b72e: shutdown server with port 35366 successfully
2019-08-07 04:31:51,245 INFO  server.GrpcLogAppender (GrpcLogAppender.java:onError(281)) - GrpcLogAppender(edcf201a-8d20-48a9-8e96-6e9b4422274a->a101e6c2-62d3-4a70-bcd6-8fd51ec4b5fb) is stopped
2019-08-07 04:31:51,245 INFO  utils.BackgroundService (BackgroundService.java:shutdown(148)) - Shutting down service BlockDeletingService
2019-08-07 04:31:51,245 INFO  server.GrpcService (GrpcService.java:closeImpl(163)) - edcf201a-8d20-48a9-8e96-6e9b4422274a: shutdown server with port 42968 successfully
2019-08-07 04:31:51,247 WARN  fs.CachingGetSpaceUsed (CachingGetSpaceUsed.java:run(183)) - Thread Interrupted waiting to refresh disk information: sleep interrupted
2019-08-07 04:31:51,247 INFO  utils.BackgroundService (BackgroundService.java:shutdown(148)) - Shutting down service BlockDeletingService
2019-08-07 04:31:51,249 WARN  fs.CachingGetSpaceUsed (CachingGetSpaceUsed.java:run(183)) - Thread Interrupted waiting to refresh disk information: sleep interrupted
2019-08-07 04:31:51,274 INFO  statemachine.DatanodeStateMachine (DatanodeStateMachine.java:stopDaemon(395)) - Ozone container server stopped.
2019-08-07 04:31:51,280 INFO  statemachine.DatanodeStateMachine (DatanodeStateMachine.java:stopDaemon(395)) - Ozone container server stopped.
2019-08-07 04:31:51,286 INFO  handler.ContextHandler (ContextHandler.java:doStop(910)) - Stopped o.e.j.w.WebAppContext@712ef349{/,null,UNAVAILABLE}{/hddsDatanode}
2019-08-07 04:31:51,286 INFO  handler.ContextHandler (ContextHandler.java:doStop(910)) - Stopped o.e.j.w.WebAppContext@59653eed{/,null,UNAVAILABLE}{/hddsDatanode}
2019-08-07 04:31:51,286 INFO  server.AbstractConnector (AbstractConnector.java:doStop(318)) - Stopped ServerConnector@11991aa1{HTTP/1.1,[http/1.1]}{0.0.0.0:0}
2019-08-07 04:31:51,290 INFO  handler.ContextHandler (ContextHandler.java:doStop(910)) - Stopped o.e.j.s.ServletContextHandler@7364e1b7{/static,jar:file:/home/user/.m2/repository/org/apache/hadoop/hadoop-hdds-container-service/0.4.1-SNAPSHOT/hadoop-hdds-container-service-0.4.1-SNAPSHOT.jar!/webapps/static,UNAVAILABLE}
2019-08-07 04:31:51,290 INFO  server.AbstractConnector (AbstractConnector.java:doStop(318)) - Stopped ServerConnector@61d0d53{HTTP/1.1,[http/1.1]}{0.0.0.0:0}
2019-08-07 04:31:51,292 INFO  handler.ContextHandler (ContextHandler.java:doStop(910)) - Stopped o.e.j.s.ServletContextHandler@7a144560{/logs,file:///workdir/hadoop-ozone/integration-test/target/log,UNAVAILABLE}
2019-08-07 04:31:51,292 INFO  handler.ContextHandler (ContextHandler.java:doStop(910)) - Stopped o.e.j.s.ServletContextHandler@6d9b90ec{/static,jar:file:/home/user/.m2/repository/org/apache/hadoop/hadoop-hdds-container-service/0.4.1-SNAPSHOT/hadoop-hdds-container-service-0.4.1-SNAPSHOT.jar!/webapps/static,UNAVAILABLE}
2019-08-07 04:31:51,293 INFO  datanode.ObjectStoreHandler (ObjectStoreHandler.java:close(155)) - Closing ObjectStoreHandler.
2019-08-07 04:31:51,293 INFO  handler.ContextHandler (ContextHandler.java:doStop(910)) - Stopped o.e.j.s.ServletContextHandler@14e9b54{/logs,file:///workdir/hadoop-ozone/integration-test/target/log,UNAVAILABLE}
2019-08-07 04:31:51,295 INFO  ozone.HddsDatanodeService (HddsDatanodeService.java:stop(451)) - Stopped plug-in org.apache.hadoop.ozone.web.OzoneHddsDatanodeService@3edd07f0
2019-08-07 04:31:52,142 INFO  statemachine.DatanodeStateMachine (DatanodeStateMachine.java:lambda$startDaemon$0(350)) - Ozone container server started.
2019-08-07 04:31:56,296 INFO  ozoneimpl.OzoneContainer (OzoneContainer.java:stop(199)) - Attempting to stop container services.
2019-08-07 04:31:56,297 INFO  impl.RaftServerProxy (RaftServerProxy.java:lambda$close$4(314)) - a101e6c2-62d3-4a70-bcd6-8fd51ec4b5fb: close
2019-08-07 04:31:56,297 INFO  impl.RaftServerImpl (RaftServerImpl.java:lambda$shutdown$3(245)) - a101e6c2-62d3-4a70-bcd6-8fd51ec4b5fb: shutdown group-698E89B884A3
2019-08-07 04:31:56,297 INFO  util.JmxRegister (JmxRegister.java:unregister(73)) - Successfully un-registered JMX Bean with object name Ratis:service=RaftServer,group=group-698E89B884A3,id=a101e6c2-62d3-4a70-bcd6-8fd51ec4b5fb
2019-08-07 04:31:56,298 INFO  impl.RoleInfo (RoleInfo.java:shutdownLeaderState(104)) - a101e6c2-62d3-4a70-bcd6-8fd51ec4b5fb: shutdown LeaderState
2019-08-07 04:31:56,298 INFO  impl.PendingRequests (PendingRequests.java:sendNotLeaderResponses(202)) - a101e6c2-62d3-4a70-bcd6-8fd51ec4b5fb-PendingRequests: sendNotLeaderResponses
2019-08-07 04:31:56,298 INFO  impl.StateMachineUpdater (StateMachineUpdater.java:stopAndJoin(115)) - StateMachineUpdater:a101e6c2-62d3-4a70-bcd6-8fd51ec4b5fb:group-698E89B884A3: set stopIndex = 0
2019-08-07 04:31:56,299 INFO  impl.RaftServerImpl (ServerState.java:close(394)) - a101e6c2-62d3-4a70-bcd6-8fd51ec4b5fb:group-698E89B884A3 closes. The last applied log index is 0
2019-08-07 04:31:56,299 INFO  segmented.SegmentedRaftLogWorker (SegmentedRaftLogWorker.java:run(313)) - a101e6c2-62d3-4a70-bcd6-8fd51ec4b5fb-SegmentedRaftLogWorker:Storage Directory /workdir/hadoop-ozone/integration-test/target/test-dir/MiniOzoneClusterImpl-a33b54dd-db2d-4f8c-b136-cccfa3d908fa/datanode-2/data/ratis/204d1aee-9af3-486d-baae-698e89b884a3 was interrupted, exiting. There are 0 tasks remaining in the queue.
2019-08-07 04:31:56,302 INFO  segmented.SegmentedRaftLogWorker (SegmentedRaftLogWorker.java:close(228)) - a101e6c2-62d3-4a70-bcd6-8fd51ec4b5fb-SegmentedRaftLogWorker:Storage Directory /workdir/hadoop-ozone/integration-test/target/test-dir/MiniOzoneClusterImpl-a33b54dd-db2d-4f8c-b136-cccfa3d908fa/datanode-2/data/ratis/204d1aee-9af3-486d-baae-698e89b884a3 close()
2019-08-07 04:31:56,316 INFO  impl.RaftServerImpl (RaftServerImpl.java:lambda$shutdown$3(245)) - a101e6c2-62d3-4a70-bcd6-8fd51ec4b5fb: shutdown group-208C76652F18
2019-08-07 04:31:56,316 INFO  util.JmxRegister (JmxRegister.java:unregister(73)) - Successfully un-registered JMX Bean with object name Ratis:service=RaftServer,group=group-208C76652F18,id=a101e6c2-62d3-4a70-bcd6-8fd51ec4b5fb
2019-08-07 04:31:56,317 INFO  impl.RoleInfo (RoleInfo.java:shutdownFollowerState(121)) - a101e6c2-62d3-4a70-bcd6-8fd51ec4b5fb: shutdown FollowerState
2019-08-07 04:31:56,317 INFO  impl.StateMachineUpdater (StateMachineUpdater.java:stopAndJoin(115)) - StateMachineUpdater:a101e6c2-62d3-4a70-bcd6-8fd51ec4b5fb:group-208C76652F18: set stopIndex = 0
2019-08-07 04:31:56,317 INFO  impl.FollowerState (FollowerState.java:run(114)) - a101e6c2-62d3-4a70-bcd6-8fd51ec4b5fb: FollowerState was interrupted: java.lang.InterruptedException: sleep interrupted
2019-08-07 04:31:56,317 INFO  impl.RaftServerImpl (ServerState.java:close(394)) - a101e6c2-62d3-4a70-bcd6-8fd51ec4b5fb:group-208C76652F18 closes. The last applied log index is 0
2019-08-07 04:31:56,320 INFO  segmented.SegmentedRaftLogWorker (SegmentedRaftLogWorker.java:run(313)) - a101e6c2-62d3-4a70-bcd6-8fd51ec4b5fb-SegmentedRaftLogWorker:Storage Directory /workdir/hadoop-ozone/integration-test/target/test-dir/MiniOzoneClusterImpl-a33b54dd-db2d-4f8c-b136-cccfa3d908fa/datanode-2/data/ratis/eba43d18-488f-4560-b779-208c76652f18 was interrupted, exiting. There are 0 tasks remaining in the queue.
2019-08-07 04:31:56,320 INFO  segmented.SegmentedRaftLogWorker (SegmentedRaftLogWorker.java:close(228)) - a101e6c2-62d3-4a70-bcd6-8fd51ec4b5fb-SegmentedRaftLogWorker:Storage Directory /workdir/hadoop-ozone/integration-test/target/test-dir/MiniOzoneClusterImpl-a33b54dd-db2d-4f8c-b136-cccfa3d908fa/datanode-2/data/ratis/eba43d18-488f-4560-b779-208c76652f18 close()
2019-08-07 04:31:56,322 INFO  server.GrpcService (GrpcService.java:closeImpl(155)) - a101e6c2-62d3-4a70-bcd6-8fd51ec4b5fb: shutdown server with port 36932 now
2019-08-07 04:31:56,325 INFO  server.GrpcService (GrpcService.java:closeImpl(163)) - a101e6c2-62d3-4a70-bcd6-8fd51ec4b5fb: shutdown server with port 36932 successfully
2019-08-07 04:31:56,330 INFO  utils.BackgroundService (BackgroundService.java:shutdown(148)) - Shutting down service BlockDeletingService
2019-08-07 04:31:56,333 WARN  fs.CachingGetSpaceUsed (CachingGetSpaceUsed.java:run(183)) - Thread Interrupted waiting to refresh disk information: sleep interrupted
2019-08-07 04:31:56,354 INFO  statemachine.DatanodeStateMachine (DatanodeStateMachine.java:stopDaemon(395)) - Ozone container server stopped.
2019-08-07 04:31:56,370 INFO  handler.ContextHandler (ContextHandler.java:doStop(910)) - Stopped o.e.j.w.WebAppContext@6fdf3074{/,null,UNAVAILABLE}{/hddsDatanode}
2019-08-07 04:31:56,372 INFO  server.AbstractConnector (AbstractConnector.java:doStop(318)) - Stopped ServerConnector@780adc69{HTTP/1.1,[http/1.1]}{0.0.0.0:0}
2019-08-07 04:31:56,373 INFO  handler.ContextHandler (ContextHandler.java:doStop(910)) - Stopped o.e.j.s.ServletContextHandler@3f18f39a{/static,jar:file:/home/user/.m2/repository/org/apache/hadoop/hadoop-hdds-container-service/0.4.1-SNAPSHOT/hadoop-hdds-container-service-0.4.1-SNAPSHOT.jar!/webapps/static,UNAVAILABLE}
2019-08-07 04:31:56,375 INFO  handler.ContextHandler (ContextHandler.java:doStop(910)) - Stopped o.e.j.s.ServletContextHandler@5ec7318b{/logs,file:///workdir/hadoop-ozone/integration-test/target/log,UNAVAILABLE}
2019-08-07 04:31:56,377 INFO  ozone.MiniOzoneClusterImpl (MiniOzoneClusterImpl.java:stop(353)) - Stopping the StorageContainerManager
2019-08-07 04:31:56,377 INFO  server.StorageContainerManager (StorageContainerManager.java:stop(796)) - Stopping Replication Manager Service.
2019-08-07 04:31:56,377 INFO  container.ReplicationManager (ReplicationManager.java:stop(187)) - Stopping Replication Monitor Thread.
2019-08-07 04:31:56,377 INFO  server.StorageContainerManager (StorageContainerManager.java:stop(803)) - Stopping Lease Manager of the command watchers
2019-08-07 04:31:56,378 INFO  server.StorageContainerManager (StorageContainerManager.java:stop(810)) - Stopping datanode service RPC server
2019-08-07 04:31:56,378 INFO  server.SCMDatanodeProtocolServer (SCMDatanodeProtocolServer.java:stop(367)) - Stopping the RPC server for DataNodes
2019-08-07 04:31:56,378 INFO  ipc.Server (Server.java:stop(3082)) - Stopping server on 35383
2019-08-07 04:31:56,381 INFO  ipc.Server (Server.java:run(1185)) - Stopping IPC Server listener on 35383
2019-08-07 04:31:56,381 INFO  ipc.Server (Server.java:run(1319)) - Stopping IPC Server Responder
2019-08-07 04:31:56,397 WARN  node.NodeStateManager (NodeStateManager.java:scheduleNextHealthCheck(631)) - Current Thread is interrupted, shutting down HB processing thread for Node Manager.
2019-08-07 04:31:56,397 INFO  server.StorageContainerManager (StorageContainerManager.java:stop(818)) - Stopping block service RPC server
2019-08-07 04:31:56,397 INFO  server.SCMBlockProtocolServer (SCMBlockProtocolServer.java:stop(148)) - Stopping the RPC server for Block Protocol
2019-08-07 04:31:56,397 INFO  ipc.Server (Server.java:stop(3082)) - Stopping server on 36801
2019-08-07 04:31:56,405 INFO  server.StorageContainerManager (StorageContainerManager.java:stop(825)) - Stopping the StorageContainerLocationProtocol RPC server
2019-08-07 04:31:56,405 INFO  server.SCMClientProtocolServer (SCMClientProtocolServer.java:stop(159)) - Stopping the RPC server for Client Protocol
2019-08-07 04:31:56,405 INFO  ipc.Server (Server.java:run(1319)) - Stopping IPC Server Responder
2019-08-07 04:31:56,405 INFO  ipc.Server (Server.java:stop(3082)) - Stopping server on 40066
2019-08-07 04:31:56,408 INFO  ipc.Server (Server.java:run(1185)) - Stopping IPC Server listener on 36801
2019-08-07 04:31:56,408 INFO  ipc.Server (Server.java:run(1185)) - Stopping IPC Server listener on 40066
2019-08-07 04:31:56,413 INFO  ipc.Server (Server.java:run(1319)) - Stopping IPC Server Responder
2019-08-07 04:31:56,413 INFO  server.StorageContainerManager (StorageContainerManager.java:stop(832)) - Stopping Storage Container Manager HTTP server.
2019-08-07 04:31:56,419 INFO  handler.ContextHandler (ContextHandler.java:doStop(910)) - Stopped o.e.j.w.WebAppContext@74ef6c5f{/,null,UNAVAILABLE}{/scm}
2019-08-07 04:31:56,422 INFO  server.AbstractConnector (AbstractConnector.java:doStop(318)) - Stopped ServerConnector@50cc6fc4{HTTP/1.1,[http/1.1]}{0.0.0.0:0}
2019-08-07 04:31:56,422 INFO  handler.ContextHandler (ContextHandler.java:doStop(910)) - Stopped o.e.j.s.ServletContextHandler@2b4ae35c{/static,file:///workdir/hadoop-ozone/integration-test/target/test-classes/webapps/static,UNAVAILABLE}
2019-08-07 04:31:56,423 INFO  handler.ContextHandler (ContextHandler.java:doStop(910)) - Stopped o.e.j.s.ServletContextHandler@100fe80{/logs,file:///workdir/hadoop-ozone/integration-test/target/log,UNAVAILABLE}
2019-08-07 04:31:56,424 INFO  server.StorageContainerManager (StorageContainerManager.java:stop(843)) - Stopping Block Manager Service.
2019-08-07 04:31:56,425 INFO  utils.BackgroundService (BackgroundService.java:shutdown(148)) - Shutting down service SCMBlockDeletingService
2019-08-07 04:31:56,426 INFO  utils.BackgroundService (BackgroundService.java:shutdown(148)) - Shutting down service SCMBlockDeletingService
2019-08-07 04:31:56,427 INFO  server.StorageContainerManager (StorageContainerManager.java:stop(865)) - Stopping SCM Event Queue.
2019-08-07 04:31:56,431 INFO  impl.MetricsSystemImpl (MetricsSystemImpl.java:stop(210)) - Stopping HddsDatanode metrics system...
2019-08-07 04:31:56,434 INFO  impl.MetricsSystemImpl (MetricsSystemImpl.java:stop(216)) - HddsDatanode metrics system stopped.
]]></system-out>
    <system-err><![CDATA[Aug 07, 2019 4:31:28 AM com.sun.jersey.server.impl.application.WebApplicationImpl _initiate
INFO: Initiating Jersey application, version 'Jersey: 1.19 02/11/2015 03:25 AM'
Aug 07, 2019 4:31:28 AM com.sun.jersey.server.impl.application.WebApplicationImpl _initiate
INFO: Initiating Jersey application, version 'Jersey: 1.19 02/11/2015 03:25 AM'
Aug 07, 2019 4:31:29 AM com.sun.jersey.server.impl.application.WebApplicationImpl _initiate
INFO: Initiating Jersey application, version 'Jersey: 1.19 02/11/2015 03:25 AM'
]]></system-err>
  </testcase>
  <testcase name="testScmInfo" classname="org.apache.hadoop.ozone.TestStorageContainerManager" time="0.288"/>
</testsuite>