<?xml version="1.0" encoding="UTF-8"?>
<testsuite xmlns:xsi="http://www.w3.org/2001/XMLSchema-instance" xsi:noNamespaceSchemaLocation="https://maven.apache.org/surefire/maven-surefire-plugin/xsd/surefire-test-report.xsd" name="org.apache.hadoop.ozone.client.rpc.TestBlockOutputStreamWithFailures" time="671.743" tests="8" errors="0" skipped="0" failures="1">
  <properties>
    <property name="awt.toolkit" value="sun.awt.X11.XToolkit"/>
    <property name="file.encoding.pkg" value="sun.io"/>
    <property name="java.specification.version" value="1.8"/>
    <property name="sun.cpu.isalist" value=""/>
    <property name="sun.jnu.encoding" value="UTF-8"/>
    <property name="java.class.path" value="/workdir/hadoop-ozone/integration-test/target/test-classes:/workdir/hadoop-ozone/integration-test/target/classes:/home/user/.m2/repository/org/apache/hadoop/hadoop-ozone-common/0.4.1-SNAPSHOT/hadoop-ozone-common-0.4.1-SNAPSHOT.jar:/home/user/.m2/repository/org/apache/commons/commons-compress/1.4.1/commons-compress-1.4.1.jar:/home/user/.m2/repository/org/tukaani/xz/1.0/xz-1.0.jar:/home/user/.m2/repository/org/apache/hadoop/hadoop-common/3.2.0/hadoop-common-3.2.0.jar:/home/user/.m2/repository/org/apache/hadoop/hadoop-hdfs/3.2.0/hadoop-hdfs-3.2.0.jar:/home/user/.m2/repository/org/apache/hadoop/hadoop-hdfs-client/3.2.0/hadoop-hdfs-client-3.2.0.jar:/home/user/.m2/repository/com/fasterxml/jackson/core/jackson-annotations/2.9.5/jackson-annotations-2.9.5.jar:/home/user/.m2/repository/org/apache/hadoop/hadoop-hdds-common/0.4.1-SNAPSHOT/hadoop-hdds-common-0.4.1-SNAPSHOT.jar:/home/user/.m2/repository/javax/annotation/javax.annotation-api/1.2/javax.annotation-api-1.2.jar:/home/user/.m2/repository/org/apache/ratis/ratis-server/0.4.0-2337318-SNAPSHOT/ratis-server-0.4.0-2337318-SNAPSHOT.jar:/home/user/.m2/repository/org/apache/ratis/ratis-thirdparty-misc/0.2.0/ratis-thirdparty-misc-0.2.0.jar:/home/user/.m2/repository/org/apache/ratis/ratis-proto/0.4.0-2337318-SNAPSHOT/ratis-proto-0.4.0-2337318-SNAPSHOT.jar:/home/user/.m2/repository/org/apache/ratis/ratis-common/0.4.0-2337318-SNAPSHOT/ratis-common-0.4.0-2337318-SNAPSHOT.jar:/home/user/.m2/repository/org/apache/ratis/ratis-client/0.4.0-2337318-SNAPSHOT/ratis-client-0.4.0-2337318-SNAPSHOT.jar:/home/user/.m2/repository/org/apache/ratis/ratis-metrics/0.4.0-2337318-SNAPSHOT/ratis-metrics-0.4.0-2337318-SNAPSHOT.jar:/home/user/.m2/repository/org/apache/ratis/ratis-netty/0.4.0-2337318-SNAPSHOT/ratis-netty-0.4.0-2337318-SNAPSHOT.jar:/home/user/.m2/repository/org/apache/ratis/ratis-grpc/0.4.0-2337318-SNAPSHOT/ratis-grpc-0.4.0-2337318-SNAPSHOT.jar:/home/user/.m2/repository/org/rocksdb/rocksdbjni/6.0.1/rocksdbjni-6.0.1.jar:/home/user/.m2/repository/org/apache/logging/log4j/log4j-api/2.11.0/log4j-api-2.11.0.jar:/home/user/.m2/repository/org/apache/logging/log4j/log4j-core/2.11.0/log4j-core-2.11.0.jar:/home/user/.m2/repository/com/lmax/disruptor/3.4.2/disruptor-3.4.2.jar:/home/user/.m2/repository/org/apache/commons/commons-pool2/2.6.0/commons-pool2-2.6.0.jar:/home/user/.m2/repository/org/bouncycastle/bcpkix-jdk15on/1.60/bcpkix-jdk15on-1.60.jar:/home/user/.m2/repository/commons-validator/commons-validator/1.6/commons-validator-1.6.jar:/home/user/.m2/repository/commons-digester/commons-digester/1.8.1/commons-digester-1.8.1.jar:/home/user/.m2/repository/io/jaegertracing/jaeger-client/0.33.1/jaeger-client-0.33.1.jar:/home/user/.m2/repository/io/jaegertracing/jaeger-thrift/0.33.1/jaeger-thrift-0.33.1.jar:/home/user/.m2/repository/org/apache/thrift/libthrift/0.11.0/libthrift-0.11.0.jar:/home/user/.m2/repository/com/squareup/okhttp3/okhttp/3.9.0/okhttp-3.9.0.jar:/home/user/.m2/repository/com/squareup/okio/okio/1.13.0/okio-1.13.0.jar:/home/user/.m2/repository/io/jaegertracing/jaeger-core/0.33.1/jaeger-core-0.33.1.jar:/home/user/.m2/repository/io/jaegertracing/jaeger-tracerresolver/0.33.1/jaeger-tracerresolver-0.33.1.jar:/home/user/.m2/repository/io/opentracing/contrib/opentracing-tracerresolver/0.1.5/opentracing-tracerresolver-0.1.5.jar:/home/user/.m2/repository/io/opentracing/opentracing-util/0.31.0/opentracing-util-0.31.0.jar:/home/user/.m2/repository/io/opentracing/opentracing-api/0.31.0/opentracing-api-0.31.0.jar:/home/user/.m2/repository/io/opentracing/opentracing-noop/0.31.0/opentracing-noop-0.31.0.jar:/home/user/.m2/repository/org/apache/hadoop/hadoop-hdds-server-framework/0.4.1-SNAPSHOT/hadoop-hdds-server-framework-0.4.1-SNAPSHOT.jar:/home/user/.m2/repository/org/apache/hadoop/hadoop-hdds-container-service/0.4.1-SNAPSHOT/hadoop-hdds-container-service-0.4.1-SNAPSHOT.jar:/home/user/.m2/repository/org/apache/hadoop/hadoop-hdds-client/0.4.1-SNAPSHOT/hadoop-hdds-client-0.4.1-SNAPSHOT.jar:/home/user/.m2/repository/org/apache/hadoop/hadoop-hdds-tools/0.4.1-SNAPSHOT/hadoop-hdds-tools-0.4.1-SNAPSHOT.jar:/home/user/.m2/repository/org/apache/hadoop/hadoop-hdds-server-scm/0.4.1-SNAPSHOT/hadoop-hdds-server-scm-0.4.1-SNAPSHOT.jar:/home/user/.m2/repository/org/apache/hadoop/hadoop-hdds-docs/0.4.1-SNAPSHOT/hadoop-hdds-docs-0.4.1-SNAPSHOT.jar:/home/user/.m2/repository/io/dropwizard/metrics/metrics-core/3.2.4/metrics-core-3.2.4.jar:/home/user/.m2/repository/org/hamcrest/hamcrest-all/1.3/hamcrest-all-1.3.jar:/home/user/.m2/repository/org/bouncycastle/bcprov-jdk15on/1.60/bcprov-jdk15on-1.60.jar:/home/user/.m2/repository/info/picocli/picocli/3.9.6/picocli-3.9.6.jar:/home/user/.m2/repository/com/google/protobuf/protobuf-java/2.5.0/protobuf-java-2.5.0.jar:/home/user/.m2/repository/com/google/guava/guava/11.0.2/guava-11.0.2.jar:/home/user/.m2/repository/org/apache/hadoop/hadoop-ozone-ozone-manager/0.4.1-SNAPSHOT/hadoop-ozone-ozone-manager-0.4.1-SNAPSHOT.jar:/home/user/.m2/repository/org/apache/hadoop/hadoop-minikdc/3.2.0/hadoop-minikdc-3.2.0.jar:/home/user/.m2/repository/commons-io/commons-io/2.5/commons-io-2.5.jar:/home/user/.m2/repository/org/apache/kerby/kerb-simplekdc/1.0.1/kerb-simplekdc-1.0.1.jar:/home/user/.m2/repository/org/apache/kerby/kerb-client/1.0.1/kerb-client-1.0.1.jar:/home/user/.m2/repository/org/apache/kerby/kerby-config/1.0.1/kerby-config-1.0.1.jar:/home/user/.m2/repository/org/apache/kerby/kerb-core/1.0.1/kerb-core-1.0.1.jar:/home/user/.m2/repository/org/apache/kerby/kerby-pkix/1.0.1/kerby-pkix-1.0.1.jar:/home/user/.m2/repository/org/apache/kerby/kerby-asn1/1.0.1/kerby-asn1-1.0.1.jar:/home/user/.m2/repository/org/apache/kerby/kerby-util/1.0.1/kerby-util-1.0.1.jar:/home/user/.m2/repository/org/apache/kerby/kerb-common/1.0.1/kerb-common-1.0.1.jar:/home/user/.m2/repository/org/apache/kerby/kerb-crypto/1.0.1/kerb-crypto-1.0.1.jar:/home/user/.m2/repository/org/apache/kerby/kerb-util/1.0.1/kerb-util-1.0.1.jar:/home/user/.m2/repository/org/apache/kerby/token-provider/1.0.1/token-provider-1.0.1.jar:/home/user/.m2/repository/org/apache/kerby/kerb-admin/1.0.1/kerb-admin-1.0.1.jar:/home/user/.m2/repository/org/apache/kerby/kerb-server/1.0.1/kerb-server-1.0.1.jar:/home/user/.m2/repository/org/apache/kerby/kerb-identity/1.0.1/kerb-identity-1.0.1.jar:/home/user/.m2/repository/org/apache/kerby/kerby-xdr/1.0.1/kerby-xdr-1.0.1.jar:/home/user/.m2/repository/org/slf4j/slf4j-log4j12/1.7.25/slf4j-log4j12-1.7.25.jar:/home/user/.m2/repository/org/apache/hadoop/hadoop-ozone-objectstore-service/0.4.1-SNAPSHOT/hadoop-ozone-objectstore-service-0.4.1-SNAPSHOT.jar:/home/user/.m2/repository/org/apache/hadoop/hadoop-ozone-s3gateway/0.4.1-SNAPSHOT/hadoop-ozone-s3gateway-0.4.1-SNAPSHOT.jar:/home/user/.m2/repository/org/jboss/weld/servlet/weld-servlet/2.4.7.Final/weld-servlet-2.4.7.Final.jar:/home/user/.m2/repository/org/glassfish/jersey/containers/jersey-container-servlet-core/2.27/jersey-container-servlet-core-2.27.jar:/home/user/.m2/repository/org/glassfish/hk2/external/javax.inject/2.5.0-b42/javax.inject-2.5.0-b42.jar:/home/user/.m2/repository/org/glassfish/jersey/core/jersey-common/2.27/jersey-common-2.27.jar:/home/user/.m2/repository/org/glassfish/hk2/osgi-resource-locator/1.0.1/osgi-resource-locator-1.0.1.jar:/home/user/.m2/repository/javax/ws/rs/javax.ws.rs-api/2.1/javax.ws.rs-api-2.1.jar:/home/user/.m2/repository/org/glassfish/jersey/ext/cdi/jersey-cdi1x/2.27/jersey-cdi1x-2.27.jar:/home/user/.m2/repository/org/glassfish/jersey/inject/jersey-hk2/2.27/jersey-hk2-2.27.jar:/home/user/.m2/repository/org/glassfish/hk2/hk2-locator/2.5.0-b42/hk2-locator-2.5.0-b42.jar:/home/user/.m2/repository/org/javassist/javassist/3.22.0-CR2/javassist-3.22.0-CR2.jar:/home/user/.m2/repository/org/glassfish/hk2/hk2-api/2.5.0/hk2-api-2.5.0.jar:/home/user/.m2/repository/org/glassfish/hk2/external/jakarta.inject/2.5.0/jakarta.inject-2.5.0.jar:/home/user/.m2/repository/org/glassfish/hk2/hk2-utils/2.5.0/hk2-utils-2.5.0.jar:/home/user/.m2/repository/jakarta/annotation/jakarta.annotation-api/1.3.4/jakarta.annotation-api-1.3.4.jar:/home/user/.m2/repository/org/glassfish/hk2/external/aopalliance-repackaged/2.5.0/aopalliance-repackaged-2.5.0.jar:/home/user/.m2/repository/com/fasterxml/jackson/dataformat/jackson-dataformat-xml/2.9.0/jackson-dataformat-xml-2.9.0.jar:/home/user/.m2/repository/com/fasterxml/jackson/core/jackson-core/2.9.5/jackson-core-2.9.5.jar:/home/user/.m2/repository/com/fasterxml/jackson/module/jackson-module-jaxb-annotations/2.9.5/jackson-module-jaxb-annotations-2.9.5.jar:/home/user/.m2/repository/javax/enterprise/cdi-api/1.2/cdi-api-1.2.jar:/home/user/.m2/repository/javax/el/javax.el-api/3.0.0/javax.el-api-3.0.0.jar:/home/user/.m2/repository/javax/interceptor/javax.interceptor-api/1.2/javax.interceptor-api-1.2.jar:/home/user/.m2/repository/javax/inject/javax.inject/1/javax.inject-1.jar:/home/user/.m2/repository/com/sun/xml/bind/jaxb-impl/2.3.0.1/jaxb-impl-2.3.0.1.jar:/home/user/.m2/repository/com/sun/xml/bind/jaxb-core/2.3.0.1/jaxb-core-2.3.0.1.jar:/home/user/.m2/repository/javax/xml/bind/jaxb-api/2.3.0/jaxb-api-2.3.0.jar:/home/user/.m2/repository/javax/activation/activation/1.1.1/activation-1.1.1.jar:/home/user/.m2/repository/org/apache/hadoop/hadoop-ozone-csi/0.4.1-SNAPSHOT/hadoop-ozone-csi-0.4.1-SNAPSHOT.jar:/home/user/.m2/repository/com/google/protobuf/protobuf-java-util/3.5.1/protobuf-java-util-3.5.1.jar:/home/user/.m2/repository/org/apache/hadoop/hadoop-hdds-config/0.4.1-SNAPSHOT/hadoop-hdds-config-0.4.1-SNAPSHOT.jar:/home/user/.m2/repository/io/grpc/grpc-netty/1.17.1/grpc-netty-1.17.1.jar:/home/user/.m2/repository/io/grpc/grpc-core/1.17.1/grpc-core-1.17.1.jar:/home/user/.m2/repository/io/grpc/grpc-context/1.17.1/grpc-context-1.17.1.jar:/home/user/.m2/repository/com/google/errorprone/error_prone_annotations/2.2.0/error_prone_annotations-2.2.0.jar:/home/user/.m2/repository/org/codehaus/mojo/animal-sniffer-annotations/1.17/animal-sniffer-annotations-1.17.jar:/home/user/.m2/repository/io/opencensus/opencensus-api/0.17.0/opencensus-api-0.17.0.jar:/home/user/.m2/repository/io/opencensus/opencensus-contrib-grpc-metrics/0.17.0/opencensus-contrib-grpc-metrics-0.17.0.jar:/home/user/.m2/repository/io/netty/netty-codec-http2/4.1.30.Final/netty-codec-http2-4.1.30.Final.jar:/home/user/.m2/repository/io/netty/netty-codec-http/4.1.30.Final/netty-codec-http-4.1.30.Final.jar:/home/user/.m2/repository/io/netty/netty-codec/4.1.30.Final/netty-codec-4.1.30.Final.jar:/home/user/.m2/repository/io/netty/netty-handler/4.1.30.Final/netty-handler-4.1.30.Final.jar:/home/user/.m2/repository/io/netty/netty-handler-proxy/4.1.30.Final/netty-handler-proxy-4.1.30.Final.jar:/home/user/.m2/repository/io/netty/netty-codec-socks/4.1.30.Final/netty-codec-socks-4.1.30.Final.jar:/home/user/.m2/repository/io/netty/netty-transport-native-epoll/4.1.30.Final/netty-transport-native-epoll-4.1.30.Final.jar:/home/user/.m2/repository/io/netty/netty-common/4.1.30.Final/netty-common-4.1.30.Final.jar:/home/user/.m2/repository/io/netty/netty-buffer/4.1.30.Final/netty-buffer-4.1.30.Final.jar:/home/user/.m2/repository/io/netty/netty-transport/4.1.30.Final/netty-transport-4.1.30.Final.jar:/home/user/.m2/repository/io/netty/netty-resolver/4.1.30.Final/netty-resolver-4.1.30.Final.jar:/home/user/.m2/repository/io/netty/netty-transport-native-unix-common/4.1.30.Final/netty-transport-native-unix-common-4.1.30.Final.jar:/home/user/.m2/repository/io/grpc/grpc-protobuf/1.17.1/grpc-protobuf-1.17.1.jar:/home/user/.m2/repository/com/google/api/grpc/proto-google-common-protos/1.0.0/proto-google-common-protos-1.0.0.jar:/home/user/.m2/repository/io/grpc/grpc-protobuf-lite/1.17.1/grpc-protobuf-lite-1.17.1.jar:/home/user/.m2/repository/io/grpc/grpc-stub/1.17.1/grpc-stub-1.17.1.jar:/home/user/.m2/repository/org/apache/hadoop/hadoop-ozone-recon/0.4.1-SNAPSHOT/hadoop-ozone-recon-0.4.1-SNAPSHOT.jar:/home/user/.m2/repository/org/apache/hadoop/hadoop-ozone-reconcodegen/0.4.1-SNAPSHOT/hadoop-ozone-reconcodegen-0.4.1-SNAPSHOT.jar:/home/user/.m2/repository/com/google/inject/extensions/guice-multibindings/4.0/guice-multibindings-4.0.jar:/home/user/.m2/repository/com/google/inject/guice/4.0/guice-4.0.jar:/home/user/.m2/repository/aopalliance/aopalliance/1.0/aopalliance-1.0.jar:/home/user/.m2/repository/com/google/inject/extensions/guice-servlet/4.0/guice-servlet-4.0.jar:/home/user/.m2/repository/org/glassfish/jersey/containers/jersey-container-servlet/2.27/jersey-container-servlet-2.27.jar:/home/user/.m2/repository/org/glassfish/hk2/guice-bridge/2.5.0/guice-bridge-2.5.0.jar:/home/user/.m2/repository/org/glassfish/jersey/core/jersey-server/2.27/jersey-server-2.27.jar:/home/user/.m2/repository/org/glassfish/jersey/core/jersey-client/2.27/jersey-client-2.27.jar:/home/user/.m2/repository/org/glassfish/jersey/media/jersey-media-jaxb/2.27/jersey-media-jaxb-2.27.jar:/home/user/.m2/repository/javax/validation/validation-api/1.1.0.Final/validation-api-1.1.0.Final.jar:/home/user/.m2/repository/org/glassfish/jersey/media/jersey-media-json-jackson/2.27/jersey-media-json-jackson-2.27.jar:/home/user/.m2/repository/org/glassfish/jersey/ext/jersey-entity-filtering/2.27/jersey-entity-filtering-2.27.jar:/home/user/.m2/repository/com/google/inject/extensions/guice-assistedinject/4.0/guice-assistedinject-4.0.jar:/home/user/.m2/repository/org/jooq/jooq/3.11.10/jooq-3.11.10.jar:/home/user/.m2/repository/org/jooq/jooq-meta/3.11.10/jooq-meta-3.11.10.jar:/home/user/.m2/repository/org/jooq/jooq-codegen/3.11.10/jooq-codegen-3.11.10.jar:/home/user/.m2/repository/com/jolbox/bonecp/0.8.0.RELEASE/bonecp-0.8.0.RELEASE.jar:/home/user/.m2/repository/org/xerial/sqlite-jdbc/3.25.2/sqlite-jdbc-3.25.2.jar:/home/user/.m2/repository/org/springframework/spring-jdbc/5.1.3.RELEASE/spring-jdbc-5.1.3.RELEASE.jar:/home/user/.m2/repository/org/springframework/spring-beans/5.1.3.RELEASE/spring-beans-5.1.3.RELEASE.jar:/home/user/.m2/repository/org/springframework/spring-core/5.1.3.RELEASE/spring-core-5.1.3.RELEASE.jar:/home/user/.m2/repository/org/springframework/spring-jcl/5.1.3.RELEASE/spring-jcl-5.1.3.RELEASE.jar:/home/user/.m2/repository/org/springframework/spring-tx/5.1.3.RELEASE/spring-tx-5.1.3.RELEASE.jar:/home/user/.m2/repository/org/apache/hadoop/hadoop-ozone-client/0.4.1-SNAPSHOT/hadoop-ozone-client-0.4.1-SNAPSHOT.jar:/home/user/.m2/repository/commons-lang/commons-lang/2.6/commons-lang-2.6.jar:/home/user/.m2/repository/org/apache/hadoop/hadoop-ozone-ozone-manager/0.4.1-SNAPSHOT/hadoop-ozone-ozone-manager-0.4.1-SNAPSHOT-tests.jar:/home/user/.m2/repository/junit/junit/4.11/junit-4.11.jar:/home/user/.m2/repository/org/hamcrest/hamcrest-core/1.3/hamcrest-core-1.3.jar:/home/user/.m2/repository/org/openjdk/jmh/jmh-core/1.19/jmh-core-1.19.jar:/home/user/.m2/repository/net/sf/jopt-simple/jopt-simple/4.6/jopt-simple-4.6.jar:/home/user/.m2/repository/org/apache/commons/commons-math3/3.1.1/commons-math3-3.1.1.jar:/home/user/.m2/repository/org/openjdk/jmh/jmh-generator-annprocess/1.19/jmh-generator-annprocess-1.19.jar:/home/user/.m2/repository/org/mockito/mockito-all/1.8.5/mockito-all-1.8.5.jar:/home/user/.m2/repository/org/apache/hadoop/hadoop-kms/3.2.0/hadoop-kms-3.2.0.jar:/home/user/.m2/repository/org/apache/hadoop/hadoop-auth/3.2.0/hadoop-auth-3.2.0.jar:/home/user/.m2/repository/com/nimbusds/nimbus-jose-jwt/4.41.1/nimbus-jose-jwt-4.41.1.jar:/home/user/.m2/repository/com/github/stephenc/jcip/jcip-annotations/1.0-1/jcip-annotations-1.0-1.jar:/home/user/.m2/repository/net/minidev/json-smart/2.3/json-smart-2.3.jar:/home/user/.m2/repository/net/minidev/accessors-smart/1.2/accessors-smart-1.2.jar:/home/user/.m2/repository/org/ow2/asm/asm/5.0.4/asm-5.0.4.jar:/home/user/.m2/repository/org/apache/curator/curator-framework/2.12.0/curator-framework-2.12.0.jar:/home/user/.m2/repository/com/sun/jersey/jersey-core/1.19/jersey-core-1.19.jar:/home/user/.m2/repository/javax/ws/rs/jsr311-api/1.1.1/jsr311-api-1.1.1.jar:/home/user/.m2/repository/com/sun/jersey/jersey-server/1.19/jersey-server-1.19.jar:/home/user/.m2/repository/javax/servlet/javax.servlet-api/3.1.0/javax.servlet-api-3.1.0.jar:/home/user/.m2/repository/org/eclipse/jetty/jetty-server/9.3.24.v20180605/jetty-server-9.3.24.v20180605.jar:/home/user/.m2/repository/org/eclipse/jetty/jetty-http/9.3.24.v20180605/jetty-http-9.3.24.v20180605.jar:/home/user/.m2/repository/org/eclipse/jetty/jetty-io/9.3.24.v20180605/jetty-io-9.3.24.v20180605.jar:/home/user/.m2/repository/org/eclipse/jetty/jetty-webapp/9.3.24.v20180605/jetty-webapp-9.3.24.v20180605.jar:/home/user/.m2/repository/org/eclipse/jetty/jetty-xml/9.3.24.v20180605/jetty-xml-9.3.24.v20180605.jar:/home/user/.m2/repository/log4j/log4j/1.2.17/log4j-1.2.17.jar:/home/user/.m2/repository/org/slf4j/slf4j-api/1.7.25/slf4j-api-1.7.25.jar:/home/user/.m2/repository/org/slf4j/jul-to-slf4j/1.7.25/jul-to-slf4j-1.7.25.jar:/home/user/.m2/repository/org/eclipse/jetty/jetty-util/9.3.24.v20180605/jetty-util-9.3.24.v20180605.jar:/home/user/.m2/repository/com/fasterxml/jackson/core/jackson-databind/2.9.5/jackson-databind-2.9.5.jar:/home/user/.m2/repository/org/apache/hadoop/hadoop-kms/3.2.0/hadoop-kms-3.2.0-tests.jar:/home/user/.m2/repository/org/apache/hadoop/hadoop-hdds-server-scm/0.4.1-SNAPSHOT/hadoop-hdds-server-scm-0.4.1-SNAPSHOT-tests.jar:/home/user/.m2/repository/org/apache/hadoop/hadoop-hdds-container-service/0.4.1-SNAPSHOT/hadoop-hdds-container-service-0.4.1-SNAPSHOT-tests.jar:/home/user/.m2/repository/org/yaml/snakeyaml/1.16/snakeyaml-1.16.jar:/home/user/.m2/repository/org/apache/hadoop/hadoop-common/3.2.0/hadoop-common-3.2.0-tests.jar:/home/user/.m2/repository/org/apache/hadoop/hadoop-annotations/3.2.0/hadoop-annotations-3.2.0.jar:/usr/lib/jvm/java-1.8-openjdk/jre/../lib/tools.jar:/home/user/.m2/repository/commons-cli/commons-cli/1.2/commons-cli-1.2.jar:/home/user/.m2/repository/org/apache/httpcomponents/httpclient/4.5.2/httpclient-4.5.2.jar:/home/user/.m2/repository/org/apache/httpcomponents/httpcore/4.4.4/httpcore-4.4.4.jar:/home/user/.m2/repository/commons-codec/commons-codec/1.11/commons-codec-1.11.jar:/home/user/.m2/repository/commons-net/commons-net/3.6/commons-net-3.6.jar:/home/user/.m2/repository/commons-collections/commons-collections/3.2.2/commons-collections-3.2.2.jar:/home/user/.m2/repository/org/eclipse/jetty/jetty-servlet/9.3.24.v20180605/jetty-servlet-9.3.24.v20180605.jar:/home/user/.m2/repository/org/eclipse/jetty/jetty-security/9.3.24.v20180605/jetty-security-9.3.24.v20180605.jar:/home/user/.m2/repository/javax/servlet/jsp/jsp-api/2.1/jsp-api-2.1.jar:/home/user/.m2/repository/com/sun/jersey/jersey-servlet/1.19/jersey-servlet-1.19.jar:/home/user/.m2/repository/com/sun/jersey/jersey-json/1.19/jersey-json-1.19.jar:/home/user/.m2/repository/org/codehaus/jettison/jettison/1.1/jettison-1.1.jar:/home/user/.m2/repository/org/codehaus/jackson/jackson-core-asl/1.9.13/jackson-core-asl-1.9.13.jar:/home/user/.m2/repository/org/codehaus/jackson/jackson-mapper-asl/1.9.13/jackson-mapper-asl-1.9.13.jar:/home/user/.m2/repository/org/codehaus/jackson/jackson-jaxrs/1.9.13/jackson-jaxrs-1.9.13.jar:/home/user/.m2/repository/org/codehaus/jackson/jackson-xc/1.9.13/jackson-xc-1.9.13.jar:/home/user/.m2/repository/commons-logging/commons-logging/1.1.3/commons-logging-1.1.3.jar:/home/user/.m2/repository/commons-beanutils/commons-beanutils/1.9.3/commons-beanutils-1.9.3.jar:/home/user/.m2/repository/org/apache/commons/commons-configuration2/2.1.1/commons-configuration2-2.1.1.jar:/home/user/.m2/repository/org/apache/commons/commons-lang3/3.7/commons-lang3-3.7.jar:/home/user/.m2/repository/org/apache/commons/commons-text/1.4/commons-text-1.4.jar:/home/user/.m2/repository/org/apache/avro/avro/1.7.7/avro-1.7.7.jar:/home/user/.m2/repository/com/thoughtworks/paranamer/paranamer/2.3/paranamer-2.3.jar:/home/user/.m2/repository/org/xerial/snappy/snappy-java/1.0.5/snappy-java-1.0.5.jar:/home/user/.m2/repository/com/google/re2j/re2j/1.1/re2j-1.1.jar:/home/user/.m2/repository/com/google/code/gson/gson/2.2.4/gson-2.2.4.jar:/home/user/.m2/repository/com/jcraft/jsch/0.1.54/jsch-0.1.54.jar:/home/user/.m2/repository/org/apache/curator/curator-client/2.12.0/curator-client-2.12.0.jar:/home/user/.m2/repository/org/apache/curator/curator-recipes/2.12.0/curator-recipes-2.12.0.jar:/home/user/.m2/repository/com/google/code/findbugs/jsr305/3.0.0/jsr305-3.0.0.jar:/home/user/.m2/repository/org/apache/htrace/htrace-core4/4.1.0-incubating/htrace-core4-4.1.0-incubating.jar:/home/user/.m2/repository/org/apache/zookeeper/zookeeper/3.4.13/zookeeper-3.4.13.jar:/home/user/.m2/repository/org/apache/yetus/audience-annotations/0.5.0/audience-annotations-0.5.0.jar:/home/user/.m2/repository/org/codehaus/woodstox/stax2-api/3.1.4/stax2-api-3.1.4.jar:/home/user/.m2/repository/com/fasterxml/woodstox/woodstox-core/5.0.3/woodstox-core-5.0.3.jar:/home/user/.m2/repository/dnsjava/dnsjava/2.1.7/dnsjava-2.1.7.jar:/home/user/.m2/repository/org/apache/hadoop/hadoop-hdfs/3.2.0/hadoop-hdfs-3.2.0-tests.jar:/home/user/.m2/repository/org/eclipse/jetty/jetty-util-ajax/9.3.24.v20180605/jetty-util-ajax-9.3.24.v20180605.jar:/home/user/.m2/repository/commons-daemon/commons-daemon/1.0.13/commons-daemon-1.0.13.jar:/home/user/.m2/repository/io/netty/netty/3.10.5.Final/netty-3.10.5.Final.jar:/home/user/.m2/repository/io/netty/netty-all/4.0.52.Final/netty-all-4.0.52.Final.jar:/home/user/.m2/repository/org/fusesource/leveldbjni/leveldbjni-all/1.8/leveldbjni-all-1.8.jar:"/>
    <property name="java.vm.vendor" value="IcedTea"/>
    <property name="sun.arch.data.model" value="64"/>
    <property name="test.build.dir" value="/workdir/hadoop-ozone/integration-test/target/test-dir"/>
    <property name="test.cache.data" value=""/>
    <property name="java.vendor.url" value="https://icedtea.classpath.org"/>
    <property name="user.timezone" value=""/>
    <property name="java.vm.specification.version" value="1.8"/>
    <property name="os.name" value="Linux"/>
    <property name="test.build.data" value="/workdir/hadoop-ozone/integration-test/target/test-dir"/>
    <property name="user.country" value="US"/>
    <property name="sun.java.launcher" value="SUN_STANDARD"/>
    <property name="sun.boot.library.path" value="/usr/lib/jvm/java-1.8-openjdk/jre/lib/amd64"/>
    <property name="sun.java.command" value="/workdir/hadoop-ozone/integration-test/target/surefire/surefirebooter3970183248561273720.jar /workdir/hadoop-ozone/integration-test/target/surefire 2019-08-07T03-12-40_230-jvmRun1 surefire6855740593566399133tmp surefire_545873180648352927903tmp"/>
    <property name="surefire.test.class.path" value="/workdir/hadoop-ozone/integration-test/target/test-classes:/workdir/hadoop-ozone/integration-test/target/classes:/home/user/.m2/repository/org/apache/hadoop/hadoop-ozone-common/0.4.1-SNAPSHOT/hadoop-ozone-common-0.4.1-SNAPSHOT.jar:/home/user/.m2/repository/org/apache/commons/commons-compress/1.4.1/commons-compress-1.4.1.jar:/home/user/.m2/repository/org/tukaani/xz/1.0/xz-1.0.jar:/home/user/.m2/repository/org/apache/hadoop/hadoop-common/3.2.0/hadoop-common-3.2.0.jar:/home/user/.m2/repository/org/apache/hadoop/hadoop-hdfs/3.2.0/hadoop-hdfs-3.2.0.jar:/home/user/.m2/repository/org/apache/hadoop/hadoop-hdfs-client/3.2.0/hadoop-hdfs-client-3.2.0.jar:/home/user/.m2/repository/com/fasterxml/jackson/core/jackson-annotations/2.9.5/jackson-annotations-2.9.5.jar:/home/user/.m2/repository/org/apache/hadoop/hadoop-hdds-common/0.4.1-SNAPSHOT/hadoop-hdds-common-0.4.1-SNAPSHOT.jar:/home/user/.m2/repository/javax/annotation/javax.annotation-api/1.2/javax.annotation-api-1.2.jar:/home/user/.m2/repository/org/apache/ratis/ratis-server/0.4.0-2337318-SNAPSHOT/ratis-server-0.4.0-2337318-SNAPSHOT.jar:/home/user/.m2/repository/org/apache/ratis/ratis-thirdparty-misc/0.2.0/ratis-thirdparty-misc-0.2.0.jar:/home/user/.m2/repository/org/apache/ratis/ratis-proto/0.4.0-2337318-SNAPSHOT/ratis-proto-0.4.0-2337318-SNAPSHOT.jar:/home/user/.m2/repository/org/apache/ratis/ratis-common/0.4.0-2337318-SNAPSHOT/ratis-common-0.4.0-2337318-SNAPSHOT.jar:/home/user/.m2/repository/org/apache/ratis/ratis-client/0.4.0-2337318-SNAPSHOT/ratis-client-0.4.0-2337318-SNAPSHOT.jar:/home/user/.m2/repository/org/apache/ratis/ratis-metrics/0.4.0-2337318-SNAPSHOT/ratis-metrics-0.4.0-2337318-SNAPSHOT.jar:/home/user/.m2/repository/org/apache/ratis/ratis-netty/0.4.0-2337318-SNAPSHOT/ratis-netty-0.4.0-2337318-SNAPSHOT.jar:/home/user/.m2/repository/org/apache/ratis/ratis-grpc/0.4.0-2337318-SNAPSHOT/ratis-grpc-0.4.0-2337318-SNAPSHOT.jar:/home/user/.m2/repository/org/rocksdb/rocksdbjni/6.0.1/rocksdbjni-6.0.1.jar:/home/user/.m2/repository/org/apache/logging/log4j/log4j-api/2.11.0/log4j-api-2.11.0.jar:/home/user/.m2/repository/org/apache/logging/log4j/log4j-core/2.11.0/log4j-core-2.11.0.jar:/home/user/.m2/repository/com/lmax/disruptor/3.4.2/disruptor-3.4.2.jar:/home/user/.m2/repository/org/apache/commons/commons-pool2/2.6.0/commons-pool2-2.6.0.jar:/home/user/.m2/repository/org/bouncycastle/bcpkix-jdk15on/1.60/bcpkix-jdk15on-1.60.jar:/home/user/.m2/repository/commons-validator/commons-validator/1.6/commons-validator-1.6.jar:/home/user/.m2/repository/commons-digester/commons-digester/1.8.1/commons-digester-1.8.1.jar:/home/user/.m2/repository/io/jaegertracing/jaeger-client/0.33.1/jaeger-client-0.33.1.jar:/home/user/.m2/repository/io/jaegertracing/jaeger-thrift/0.33.1/jaeger-thrift-0.33.1.jar:/home/user/.m2/repository/org/apache/thrift/libthrift/0.11.0/libthrift-0.11.0.jar:/home/user/.m2/repository/com/squareup/okhttp3/okhttp/3.9.0/okhttp-3.9.0.jar:/home/user/.m2/repository/com/squareup/okio/okio/1.13.0/okio-1.13.0.jar:/home/user/.m2/repository/io/jaegertracing/jaeger-core/0.33.1/jaeger-core-0.33.1.jar:/home/user/.m2/repository/io/jaegertracing/jaeger-tracerresolver/0.33.1/jaeger-tracerresolver-0.33.1.jar:/home/user/.m2/repository/io/opentracing/contrib/opentracing-tracerresolver/0.1.5/opentracing-tracerresolver-0.1.5.jar:/home/user/.m2/repository/io/opentracing/opentracing-util/0.31.0/opentracing-util-0.31.0.jar:/home/user/.m2/repository/io/opentracing/opentracing-api/0.31.0/opentracing-api-0.31.0.jar:/home/user/.m2/repository/io/opentracing/opentracing-noop/0.31.0/opentracing-noop-0.31.0.jar:/home/user/.m2/repository/org/apache/hadoop/hadoop-hdds-server-framework/0.4.1-SNAPSHOT/hadoop-hdds-server-framework-0.4.1-SNAPSHOT.jar:/home/user/.m2/repository/org/apache/hadoop/hadoop-hdds-container-service/0.4.1-SNAPSHOT/hadoop-hdds-container-service-0.4.1-SNAPSHOT.jar:/home/user/.m2/repository/org/apache/hadoop/hadoop-hdds-client/0.4.1-SNAPSHOT/hadoop-hdds-client-0.4.1-SNAPSHOT.jar:/home/user/.m2/repository/org/apache/hadoop/hadoop-hdds-tools/0.4.1-SNAPSHOT/hadoop-hdds-tools-0.4.1-SNAPSHOT.jar:/home/user/.m2/repository/org/apache/hadoop/hadoop-hdds-server-scm/0.4.1-SNAPSHOT/hadoop-hdds-server-scm-0.4.1-SNAPSHOT.jar:/home/user/.m2/repository/org/apache/hadoop/hadoop-hdds-docs/0.4.1-SNAPSHOT/hadoop-hdds-docs-0.4.1-SNAPSHOT.jar:/home/user/.m2/repository/io/dropwizard/metrics/metrics-core/3.2.4/metrics-core-3.2.4.jar:/home/user/.m2/repository/org/hamcrest/hamcrest-all/1.3/hamcrest-all-1.3.jar:/home/user/.m2/repository/org/bouncycastle/bcprov-jdk15on/1.60/bcprov-jdk15on-1.60.jar:/home/user/.m2/repository/info/picocli/picocli/3.9.6/picocli-3.9.6.jar:/home/user/.m2/repository/com/google/protobuf/protobuf-java/2.5.0/protobuf-java-2.5.0.jar:/home/user/.m2/repository/com/google/guava/guava/11.0.2/guava-11.0.2.jar:/home/user/.m2/repository/org/apache/hadoop/hadoop-ozone-ozone-manager/0.4.1-SNAPSHOT/hadoop-ozone-ozone-manager-0.4.1-SNAPSHOT.jar:/home/user/.m2/repository/org/apache/hadoop/hadoop-minikdc/3.2.0/hadoop-minikdc-3.2.0.jar:/home/user/.m2/repository/commons-io/commons-io/2.5/commons-io-2.5.jar:/home/user/.m2/repository/org/apache/kerby/kerb-simplekdc/1.0.1/kerb-simplekdc-1.0.1.jar:/home/user/.m2/repository/org/apache/kerby/kerb-client/1.0.1/kerb-client-1.0.1.jar:/home/user/.m2/repository/org/apache/kerby/kerby-config/1.0.1/kerby-config-1.0.1.jar:/home/user/.m2/repository/org/apache/kerby/kerb-core/1.0.1/kerb-core-1.0.1.jar:/home/user/.m2/repository/org/apache/kerby/kerby-pkix/1.0.1/kerby-pkix-1.0.1.jar:/home/user/.m2/repository/org/apache/kerby/kerby-asn1/1.0.1/kerby-asn1-1.0.1.jar:/home/user/.m2/repository/org/apache/kerby/kerby-util/1.0.1/kerby-util-1.0.1.jar:/home/user/.m2/repository/org/apache/kerby/kerb-common/1.0.1/kerb-common-1.0.1.jar:/home/user/.m2/repository/org/apache/kerby/kerb-crypto/1.0.1/kerb-crypto-1.0.1.jar:/home/user/.m2/repository/org/apache/kerby/kerb-util/1.0.1/kerb-util-1.0.1.jar:/home/user/.m2/repository/org/apache/kerby/token-provider/1.0.1/token-provider-1.0.1.jar:/home/user/.m2/repository/org/apache/kerby/kerb-admin/1.0.1/kerb-admin-1.0.1.jar:/home/user/.m2/repository/org/apache/kerby/kerb-server/1.0.1/kerb-server-1.0.1.jar:/home/user/.m2/repository/org/apache/kerby/kerb-identity/1.0.1/kerb-identity-1.0.1.jar:/home/user/.m2/repository/org/apache/kerby/kerby-xdr/1.0.1/kerby-xdr-1.0.1.jar:/home/user/.m2/repository/org/slf4j/slf4j-log4j12/1.7.25/slf4j-log4j12-1.7.25.jar:/home/user/.m2/repository/org/apache/hadoop/hadoop-ozone-objectstore-service/0.4.1-SNAPSHOT/hadoop-ozone-objectstore-service-0.4.1-SNAPSHOT.jar:/home/user/.m2/repository/org/apache/hadoop/hadoop-ozone-s3gateway/0.4.1-SNAPSHOT/hadoop-ozone-s3gateway-0.4.1-SNAPSHOT.jar:/home/user/.m2/repository/org/jboss/weld/servlet/weld-servlet/2.4.7.Final/weld-servlet-2.4.7.Final.jar:/home/user/.m2/repository/org/glassfish/jersey/containers/jersey-container-servlet-core/2.27/jersey-container-servlet-core-2.27.jar:/home/user/.m2/repository/org/glassfish/hk2/external/javax.inject/2.5.0-b42/javax.inject-2.5.0-b42.jar:/home/user/.m2/repository/org/glassfish/jersey/core/jersey-common/2.27/jersey-common-2.27.jar:/home/user/.m2/repository/org/glassfish/hk2/osgi-resource-locator/1.0.1/osgi-resource-locator-1.0.1.jar:/home/user/.m2/repository/javax/ws/rs/javax.ws.rs-api/2.1/javax.ws.rs-api-2.1.jar:/home/user/.m2/repository/org/glassfish/jersey/ext/cdi/jersey-cdi1x/2.27/jersey-cdi1x-2.27.jar:/home/user/.m2/repository/org/glassfish/jersey/inject/jersey-hk2/2.27/jersey-hk2-2.27.jar:/home/user/.m2/repository/org/glassfish/hk2/hk2-locator/2.5.0-b42/hk2-locator-2.5.0-b42.jar:/home/user/.m2/repository/org/javassist/javassist/3.22.0-CR2/javassist-3.22.0-CR2.jar:/home/user/.m2/repository/org/glassfish/hk2/hk2-api/2.5.0/hk2-api-2.5.0.jar:/home/user/.m2/repository/org/glassfish/hk2/external/jakarta.inject/2.5.0/jakarta.inject-2.5.0.jar:/home/user/.m2/repository/org/glassfish/hk2/hk2-utils/2.5.0/hk2-utils-2.5.0.jar:/home/user/.m2/repository/jakarta/annotation/jakarta.annotation-api/1.3.4/jakarta.annotation-api-1.3.4.jar:/home/user/.m2/repository/org/glassfish/hk2/external/aopalliance-repackaged/2.5.0/aopalliance-repackaged-2.5.0.jar:/home/user/.m2/repository/com/fasterxml/jackson/dataformat/jackson-dataformat-xml/2.9.0/jackson-dataformat-xml-2.9.0.jar:/home/user/.m2/repository/com/fasterxml/jackson/core/jackson-core/2.9.5/jackson-core-2.9.5.jar:/home/user/.m2/repository/com/fasterxml/jackson/module/jackson-module-jaxb-annotations/2.9.5/jackson-module-jaxb-annotations-2.9.5.jar:/home/user/.m2/repository/javax/enterprise/cdi-api/1.2/cdi-api-1.2.jar:/home/user/.m2/repository/javax/el/javax.el-api/3.0.0/javax.el-api-3.0.0.jar:/home/user/.m2/repository/javax/interceptor/javax.interceptor-api/1.2/javax.interceptor-api-1.2.jar:/home/user/.m2/repository/javax/inject/javax.inject/1/javax.inject-1.jar:/home/user/.m2/repository/com/sun/xml/bind/jaxb-impl/2.3.0.1/jaxb-impl-2.3.0.1.jar:/home/user/.m2/repository/com/sun/xml/bind/jaxb-core/2.3.0.1/jaxb-core-2.3.0.1.jar:/home/user/.m2/repository/javax/xml/bind/jaxb-api/2.3.0/jaxb-api-2.3.0.jar:/home/user/.m2/repository/javax/activation/activation/1.1.1/activation-1.1.1.jar:/home/user/.m2/repository/org/apache/hadoop/hadoop-ozone-csi/0.4.1-SNAPSHOT/hadoop-ozone-csi-0.4.1-SNAPSHOT.jar:/home/user/.m2/repository/com/google/protobuf/protobuf-java-util/3.5.1/protobuf-java-util-3.5.1.jar:/home/user/.m2/repository/org/apache/hadoop/hadoop-hdds-config/0.4.1-SNAPSHOT/hadoop-hdds-config-0.4.1-SNAPSHOT.jar:/home/user/.m2/repository/io/grpc/grpc-netty/1.17.1/grpc-netty-1.17.1.jar:/home/user/.m2/repository/io/grpc/grpc-core/1.17.1/grpc-core-1.17.1.jar:/home/user/.m2/repository/io/grpc/grpc-context/1.17.1/grpc-context-1.17.1.jar:/home/user/.m2/repository/com/google/errorprone/error_prone_annotations/2.2.0/error_prone_annotations-2.2.0.jar:/home/user/.m2/repository/org/codehaus/mojo/animal-sniffer-annotations/1.17/animal-sniffer-annotations-1.17.jar:/home/user/.m2/repository/io/opencensus/opencensus-api/0.17.0/opencensus-api-0.17.0.jar:/home/user/.m2/repository/io/opencensus/opencensus-contrib-grpc-metrics/0.17.0/opencensus-contrib-grpc-metrics-0.17.0.jar:/home/user/.m2/repository/io/netty/netty-codec-http2/4.1.30.Final/netty-codec-http2-4.1.30.Final.jar:/home/user/.m2/repository/io/netty/netty-codec-http/4.1.30.Final/netty-codec-http-4.1.30.Final.jar:/home/user/.m2/repository/io/netty/netty-codec/4.1.30.Final/netty-codec-4.1.30.Final.jar:/home/user/.m2/repository/io/netty/netty-handler/4.1.30.Final/netty-handler-4.1.30.Final.jar:/home/user/.m2/repository/io/netty/netty-handler-proxy/4.1.30.Final/netty-handler-proxy-4.1.30.Final.jar:/home/user/.m2/repository/io/netty/netty-codec-socks/4.1.30.Final/netty-codec-socks-4.1.30.Final.jar:/home/user/.m2/repository/io/netty/netty-transport-native-epoll/4.1.30.Final/netty-transport-native-epoll-4.1.30.Final.jar:/home/user/.m2/repository/io/netty/netty-common/4.1.30.Final/netty-common-4.1.30.Final.jar:/home/user/.m2/repository/io/netty/netty-buffer/4.1.30.Final/netty-buffer-4.1.30.Final.jar:/home/user/.m2/repository/io/netty/netty-transport/4.1.30.Final/netty-transport-4.1.30.Final.jar:/home/user/.m2/repository/io/netty/netty-resolver/4.1.30.Final/netty-resolver-4.1.30.Final.jar:/home/user/.m2/repository/io/netty/netty-transport-native-unix-common/4.1.30.Final/netty-transport-native-unix-common-4.1.30.Final.jar:/home/user/.m2/repository/io/grpc/grpc-protobuf/1.17.1/grpc-protobuf-1.17.1.jar:/home/user/.m2/repository/com/google/api/grpc/proto-google-common-protos/1.0.0/proto-google-common-protos-1.0.0.jar:/home/user/.m2/repository/io/grpc/grpc-protobuf-lite/1.17.1/grpc-protobuf-lite-1.17.1.jar:/home/user/.m2/repository/io/grpc/grpc-stub/1.17.1/grpc-stub-1.17.1.jar:/home/user/.m2/repository/org/apache/hadoop/hadoop-ozone-recon/0.4.1-SNAPSHOT/hadoop-ozone-recon-0.4.1-SNAPSHOT.jar:/home/user/.m2/repository/org/apache/hadoop/hadoop-ozone-reconcodegen/0.4.1-SNAPSHOT/hadoop-ozone-reconcodegen-0.4.1-SNAPSHOT.jar:/home/user/.m2/repository/com/google/inject/extensions/guice-multibindings/4.0/guice-multibindings-4.0.jar:/home/user/.m2/repository/com/google/inject/guice/4.0/guice-4.0.jar:/home/user/.m2/repository/aopalliance/aopalliance/1.0/aopalliance-1.0.jar:/home/user/.m2/repository/com/google/inject/extensions/guice-servlet/4.0/guice-servlet-4.0.jar:/home/user/.m2/repository/org/glassfish/jersey/containers/jersey-container-servlet/2.27/jersey-container-servlet-2.27.jar:/home/user/.m2/repository/org/glassfish/hk2/guice-bridge/2.5.0/guice-bridge-2.5.0.jar:/home/user/.m2/repository/org/glassfish/jersey/core/jersey-server/2.27/jersey-server-2.27.jar:/home/user/.m2/repository/org/glassfish/jersey/core/jersey-client/2.27/jersey-client-2.27.jar:/home/user/.m2/repository/org/glassfish/jersey/media/jersey-media-jaxb/2.27/jersey-media-jaxb-2.27.jar:/home/user/.m2/repository/javax/validation/validation-api/1.1.0.Final/validation-api-1.1.0.Final.jar:/home/user/.m2/repository/org/glassfish/jersey/media/jersey-media-json-jackson/2.27/jersey-media-json-jackson-2.27.jar:/home/user/.m2/repository/org/glassfish/jersey/ext/jersey-entity-filtering/2.27/jersey-entity-filtering-2.27.jar:/home/user/.m2/repository/com/google/inject/extensions/guice-assistedinject/4.0/guice-assistedinject-4.0.jar:/home/user/.m2/repository/org/jooq/jooq/3.11.10/jooq-3.11.10.jar:/home/user/.m2/repository/org/jooq/jooq-meta/3.11.10/jooq-meta-3.11.10.jar:/home/user/.m2/repository/org/jooq/jooq-codegen/3.11.10/jooq-codegen-3.11.10.jar:/home/user/.m2/repository/com/jolbox/bonecp/0.8.0.RELEASE/bonecp-0.8.0.RELEASE.jar:/home/user/.m2/repository/org/xerial/sqlite-jdbc/3.25.2/sqlite-jdbc-3.25.2.jar:/home/user/.m2/repository/org/springframework/spring-jdbc/5.1.3.RELEASE/spring-jdbc-5.1.3.RELEASE.jar:/home/user/.m2/repository/org/springframework/spring-beans/5.1.3.RELEASE/spring-beans-5.1.3.RELEASE.jar:/home/user/.m2/repository/org/springframework/spring-core/5.1.3.RELEASE/spring-core-5.1.3.RELEASE.jar:/home/user/.m2/repository/org/springframework/spring-jcl/5.1.3.RELEASE/spring-jcl-5.1.3.RELEASE.jar:/home/user/.m2/repository/org/springframework/spring-tx/5.1.3.RELEASE/spring-tx-5.1.3.RELEASE.jar:/home/user/.m2/repository/org/apache/hadoop/hadoop-ozone-client/0.4.1-SNAPSHOT/hadoop-ozone-client-0.4.1-SNAPSHOT.jar:/home/user/.m2/repository/commons-lang/commons-lang/2.6/commons-lang-2.6.jar:/home/user/.m2/repository/org/apache/hadoop/hadoop-ozone-ozone-manager/0.4.1-SNAPSHOT/hadoop-ozone-ozone-manager-0.4.1-SNAPSHOT-tests.jar:/home/user/.m2/repository/junit/junit/4.11/junit-4.11.jar:/home/user/.m2/repository/org/hamcrest/hamcrest-core/1.3/hamcrest-core-1.3.jar:/home/user/.m2/repository/org/openjdk/jmh/jmh-core/1.19/jmh-core-1.19.jar:/home/user/.m2/repository/net/sf/jopt-simple/jopt-simple/4.6/jopt-simple-4.6.jar:/home/user/.m2/repository/org/apache/commons/commons-math3/3.1.1/commons-math3-3.1.1.jar:/home/user/.m2/repository/org/openjdk/jmh/jmh-generator-annprocess/1.19/jmh-generator-annprocess-1.19.jar:/home/user/.m2/repository/org/mockito/mockito-all/1.8.5/mockito-all-1.8.5.jar:/home/user/.m2/repository/org/apache/hadoop/hadoop-kms/3.2.0/hadoop-kms-3.2.0.jar:/home/user/.m2/repository/org/apache/hadoop/hadoop-auth/3.2.0/hadoop-auth-3.2.0.jar:/home/user/.m2/repository/com/nimbusds/nimbus-jose-jwt/4.41.1/nimbus-jose-jwt-4.41.1.jar:/home/user/.m2/repository/com/github/stephenc/jcip/jcip-annotations/1.0-1/jcip-annotations-1.0-1.jar:/home/user/.m2/repository/net/minidev/json-smart/2.3/json-smart-2.3.jar:/home/user/.m2/repository/net/minidev/accessors-smart/1.2/accessors-smart-1.2.jar:/home/user/.m2/repository/org/ow2/asm/asm/5.0.4/asm-5.0.4.jar:/home/user/.m2/repository/org/apache/curator/curator-framework/2.12.0/curator-framework-2.12.0.jar:/home/user/.m2/repository/com/sun/jersey/jersey-core/1.19/jersey-core-1.19.jar:/home/user/.m2/repository/javax/ws/rs/jsr311-api/1.1.1/jsr311-api-1.1.1.jar:/home/user/.m2/repository/com/sun/jersey/jersey-server/1.19/jersey-server-1.19.jar:/home/user/.m2/repository/javax/servlet/javax.servlet-api/3.1.0/javax.servlet-api-3.1.0.jar:/home/user/.m2/repository/org/eclipse/jetty/jetty-server/9.3.24.v20180605/jetty-server-9.3.24.v20180605.jar:/home/user/.m2/repository/org/eclipse/jetty/jetty-http/9.3.24.v20180605/jetty-http-9.3.24.v20180605.jar:/home/user/.m2/repository/org/eclipse/jetty/jetty-io/9.3.24.v20180605/jetty-io-9.3.24.v20180605.jar:/home/user/.m2/repository/org/eclipse/jetty/jetty-webapp/9.3.24.v20180605/jetty-webapp-9.3.24.v20180605.jar:/home/user/.m2/repository/org/eclipse/jetty/jetty-xml/9.3.24.v20180605/jetty-xml-9.3.24.v20180605.jar:/home/user/.m2/repository/log4j/log4j/1.2.17/log4j-1.2.17.jar:/home/user/.m2/repository/org/slf4j/slf4j-api/1.7.25/slf4j-api-1.7.25.jar:/home/user/.m2/repository/org/slf4j/jul-to-slf4j/1.7.25/jul-to-slf4j-1.7.25.jar:/home/user/.m2/repository/org/eclipse/jetty/jetty-util/9.3.24.v20180605/jetty-util-9.3.24.v20180605.jar:/home/user/.m2/repository/com/fasterxml/jackson/core/jackson-databind/2.9.5/jackson-databind-2.9.5.jar:/home/user/.m2/repository/org/apache/hadoop/hadoop-kms/3.2.0/hadoop-kms-3.2.0-tests.jar:/home/user/.m2/repository/org/apache/hadoop/hadoop-hdds-server-scm/0.4.1-SNAPSHOT/hadoop-hdds-server-scm-0.4.1-SNAPSHOT-tests.jar:/home/user/.m2/repository/org/apache/hadoop/hadoop-hdds-container-service/0.4.1-SNAPSHOT/hadoop-hdds-container-service-0.4.1-SNAPSHOT-tests.jar:/home/user/.m2/repository/org/yaml/snakeyaml/1.16/snakeyaml-1.16.jar:/home/user/.m2/repository/org/apache/hadoop/hadoop-common/3.2.0/hadoop-common-3.2.0-tests.jar:/home/user/.m2/repository/org/apache/hadoop/hadoop-annotations/3.2.0/hadoop-annotations-3.2.0.jar:/usr/lib/jvm/java-1.8-openjdk/jre/../lib/tools.jar:/home/user/.m2/repository/commons-cli/commons-cli/1.2/commons-cli-1.2.jar:/home/user/.m2/repository/org/apache/httpcomponents/httpclient/4.5.2/httpclient-4.5.2.jar:/home/user/.m2/repository/org/apache/httpcomponents/httpcore/4.4.4/httpcore-4.4.4.jar:/home/user/.m2/repository/commons-codec/commons-codec/1.11/commons-codec-1.11.jar:/home/user/.m2/repository/commons-net/commons-net/3.6/commons-net-3.6.jar:/home/user/.m2/repository/commons-collections/commons-collections/3.2.2/commons-collections-3.2.2.jar:/home/user/.m2/repository/org/eclipse/jetty/jetty-servlet/9.3.24.v20180605/jetty-servlet-9.3.24.v20180605.jar:/home/user/.m2/repository/org/eclipse/jetty/jetty-security/9.3.24.v20180605/jetty-security-9.3.24.v20180605.jar:/home/user/.m2/repository/javax/servlet/jsp/jsp-api/2.1/jsp-api-2.1.jar:/home/user/.m2/repository/com/sun/jersey/jersey-servlet/1.19/jersey-servlet-1.19.jar:/home/user/.m2/repository/com/sun/jersey/jersey-json/1.19/jersey-json-1.19.jar:/home/user/.m2/repository/org/codehaus/jettison/jettison/1.1/jettison-1.1.jar:/home/user/.m2/repository/org/codehaus/jackson/jackson-core-asl/1.9.13/jackson-core-asl-1.9.13.jar:/home/user/.m2/repository/org/codehaus/jackson/jackson-mapper-asl/1.9.13/jackson-mapper-asl-1.9.13.jar:/home/user/.m2/repository/org/codehaus/jackson/jackson-jaxrs/1.9.13/jackson-jaxrs-1.9.13.jar:/home/user/.m2/repository/org/codehaus/jackson/jackson-xc/1.9.13/jackson-xc-1.9.13.jar:/home/user/.m2/repository/commons-logging/commons-logging/1.1.3/commons-logging-1.1.3.jar:/home/user/.m2/repository/commons-beanutils/commons-beanutils/1.9.3/commons-beanutils-1.9.3.jar:/home/user/.m2/repository/org/apache/commons/commons-configuration2/2.1.1/commons-configuration2-2.1.1.jar:/home/user/.m2/repository/org/apache/commons/commons-lang3/3.7/commons-lang3-3.7.jar:/home/user/.m2/repository/org/apache/commons/commons-text/1.4/commons-text-1.4.jar:/home/user/.m2/repository/org/apache/avro/avro/1.7.7/avro-1.7.7.jar:/home/user/.m2/repository/com/thoughtworks/paranamer/paranamer/2.3/paranamer-2.3.jar:/home/user/.m2/repository/org/xerial/snappy/snappy-java/1.0.5/snappy-java-1.0.5.jar:/home/user/.m2/repository/com/google/re2j/re2j/1.1/re2j-1.1.jar:/home/user/.m2/repository/com/google/code/gson/gson/2.2.4/gson-2.2.4.jar:/home/user/.m2/repository/com/jcraft/jsch/0.1.54/jsch-0.1.54.jar:/home/user/.m2/repository/org/apache/curator/curator-client/2.12.0/curator-client-2.12.0.jar:/home/user/.m2/repository/org/apache/curator/curator-recipes/2.12.0/curator-recipes-2.12.0.jar:/home/user/.m2/repository/com/google/code/findbugs/jsr305/3.0.0/jsr305-3.0.0.jar:/home/user/.m2/repository/org/apache/htrace/htrace-core4/4.1.0-incubating/htrace-core4-4.1.0-incubating.jar:/home/user/.m2/repository/org/apache/zookeeper/zookeeper/3.4.13/zookeeper-3.4.13.jar:/home/user/.m2/repository/org/apache/yetus/audience-annotations/0.5.0/audience-annotations-0.5.0.jar:/home/user/.m2/repository/org/codehaus/woodstox/stax2-api/3.1.4/stax2-api-3.1.4.jar:/home/user/.m2/repository/com/fasterxml/woodstox/woodstox-core/5.0.3/woodstox-core-5.0.3.jar:/home/user/.m2/repository/dnsjava/dnsjava/2.1.7/dnsjava-2.1.7.jar:/home/user/.m2/repository/org/apache/hadoop/hadoop-hdfs/3.2.0/hadoop-hdfs-3.2.0-tests.jar:/home/user/.m2/repository/org/eclipse/jetty/jetty-util-ajax/9.3.24.v20180605/jetty-util-ajax-9.3.24.v20180605.jar:/home/user/.m2/repository/commons-daemon/commons-daemon/1.0.13/commons-daemon-1.0.13.jar:/home/user/.m2/repository/io/netty/netty/3.10.5.Final/netty-3.10.5.Final.jar:/home/user/.m2/repository/io/netty/netty-all/4.0.52.Final/netty-all-4.0.52.Final.jar:/home/user/.m2/repository/org/fusesource/leveldbjni/leveldbjni-all/1.8/leveldbjni-all-1.8.jar:"/>
    <property name="sun.cpu.endian" value="little"/>
    <property name="user.home" value="/home/user"/>
    <property name="user.language" value="en"/>
    <property name="java.specification.vendor" value="Oracle Corporation"/>
    <property name="java.home" value="/usr/lib/jvm/java-1.8-openjdk/jre"/>
    <property name="java.security.krb5.conf" value="/workdir/hadoop-ozone/integration-test/target/test-classes/krb5.conf"/>
    <property name="basedir" value="/workdir/hadoop-ozone/integration-test"/>
    <property name="file.separator" value="/"/>
    <property name="line.separator" value="&#10;"/>
    <property name="java.vm.specification.vendor" value="Oracle Corporation"/>
    <property name="java.specification.name" value="Java Platform API Specification"/>
    <property name="java.awt.graphicsenv" value="sun.awt.X11GraphicsEnvironment"/>
    <property name="surefire.real.class.path" value="/workdir/hadoop-ozone/integration-test/target/surefire/surefirebooter3970183248561273720.jar"/>
    <property name="hadoop.log.dir" value="/workdir/hadoop-ozone/integration-test/target/log"/>
    <property name="sun.boot.class.path" value="/usr/lib/jvm/java-1.8-openjdk/jre/lib/resources.jar:/usr/lib/jvm/java-1.8-openjdk/jre/lib/rt.jar:/usr/lib/jvm/java-1.8-openjdk/jre/lib/sunrsasign.jar:/usr/lib/jvm/java-1.8-openjdk/jre/lib/jsse.jar:/usr/lib/jvm/java-1.8-openjdk/jre/lib/jce.jar:/usr/lib/jvm/java-1.8-openjdk/jre/lib/charsets.jar:/usr/lib/jvm/java-1.8-openjdk/jre/lib/jfr.jar:/usr/lib/jvm/java-1.8-openjdk/jre/classes"/>
    <property name="sun.management.compiler" value="HotSpot 64-Bit Tiered Compilers"/>
    <property name="java.runtime.version" value="1.8.0_212-b04"/>
    <property name="java.net.preferIPv4Stack" value="true"/>
    <property name="user.name" value="jenkins1000"/>
    <property name="path.separator" value=":"/>
    <property name="java.security.egd" value="file:///dev/urandom"/>
    <property name="os.version" value="3.10.0-957.12.2.el7.x86_64"/>
    <property name="java.endorsed.dirs" value="/usr/lib/jvm/java-1.8-openjdk/jre/lib/endorsed"/>
    <property name="java.runtime.name" value="OpenJDK Runtime Environment"/>
    <property name="file.encoding" value="UTF-8"/>
    <property name="java.vm.name" value="OpenJDK 64-Bit Server VM"/>
    <property name="test.build.webapps" value=""/>
    <property name="localRepository" value="/home/user/.m2/repository"/>
    <property name="java.vendor.url.bug" value="https://icedtea.classpath.org/bugzilla"/>
    <property name="java.io.tmpdir" value="/tmp"/>
    <property name="require.test.libhadoop" value=""/>
    <property name="java.version" value="1.8.0_212"/>
    <property name="user.dir" value="/workdir/hadoop-ozone/integration-test"/>
    <property name="os.arch" value="amd64"/>
    <property name="java.vm.specification.name" value="Java Virtual Machine Specification"/>
    <property name="test.build.classes" value="/workdir/hadoop-ozone/integration-test/target/test-classes"/>
    <property name="java.awt.printerjob" value="sun.print.PSPrinterJob"/>
    <property name="sun.os.patch.level" value="unknown"/>
    <property name="hadoop.tmp.dir" value="/workdir/hadoop-ozone/integration-test/target/tmp"/>
    <property name="java.library.path" value="/usr/lib/jvm/java-1.8-openjdk/jre/lib/amd64/server:/usr/lib/jvm/java-1.8-openjdk/jre/lib/amd64:/usr/lib/jvm/java-1.8-openjdk/jre/../lib/amd64:/workdir/hadoop-ozone/integration-test/target/native/target/usr/local/lib:/workdir/hadoop-ozone/integration-test/../../hadoop-common-project/hadoop-common/target/native/target/usr/local/lib:/usr/java/packages/lib/amd64:/usr/lib64:/lib64:/lib:/usr/lib"/>
    <property name="java.vm.info" value="mixed mode"/>
    <property name="java.vendor" value="IcedTea"/>
    <property name="java.vm.version" value="25.212-b04"/>
    <property name="java.ext.dirs" value="/usr/lib/jvm/java-1.8-openjdk/jre/lib/ext:/usr/java/packages/lib/ext"/>
    <property name="sun.io.unicode.encoding" value="UnicodeLittle"/>
    <property name="java.class.version" value="52.0"/>
  </properties>
  <testcase name="test2DatanodesFailure" classname="org.apache.hadoop.ozone.client.rpc.TestBlockOutputStreamWithFailures" time="48.787">
    <failure type="java.lang.AssertionError">java.lang.AssertionError
	at org.junit.Assert.fail(Assert.java:86)
	at org.junit.Assert.assertTrue(Assert.java:41)
	at org.junit.Assert.assertTrue(Assert.java:52)
	at org.apache.hadoop.ozone.client.rpc.TestBlockOutputStreamWithFailures.test2DatanodesFailure(TestBlockOutputStreamWithFailures.java:507)
	at sun.reflect.NativeMethodAccessorImpl.invoke0(Native Method)
	at sun.reflect.NativeMethodAccessorImpl.invoke(NativeMethodAccessorImpl.java:62)
	at sun.reflect.DelegatingMethodAccessorImpl.invoke(DelegatingMethodAccessorImpl.java:43)
	at java.lang.reflect.Method.invoke(Method.java:498)
	at org.junit.runners.model.FrameworkMethod$1.runReflectiveCall(FrameworkMethod.java:47)
	at org.junit.internal.runners.model.ReflectiveCallable.run(ReflectiveCallable.java:12)
	at org.junit.runners.model.FrameworkMethod.invokeExplosively(FrameworkMethod.java:44)
	at org.junit.internal.runners.statements.InvokeMethod.evaluate(InvokeMethod.java:17)
	at org.junit.internal.runners.statements.RunBefores.evaluate(RunBefores.java:26)
	at org.junit.internal.runners.statements.RunAfters.evaluate(RunAfters.java:27)
	at org.junit.runners.ParentRunner.runLeaf(ParentRunner.java:271)
	at org.junit.runners.BlockJUnit4ClassRunner.runChild(BlockJUnit4ClassRunner.java:70)
	at org.junit.runners.BlockJUnit4ClassRunner.runChild(BlockJUnit4ClassRunner.java:50)
	at org.junit.runners.ParentRunner$3.run(ParentRunner.java:238)
	at org.junit.runners.ParentRunner$1.schedule(ParentRunner.java:63)
	at org.junit.runners.ParentRunner.runChildren(ParentRunner.java:236)
	at org.junit.runners.ParentRunner.access$000(ParentRunner.java:53)
	at org.junit.runners.ParentRunner$2.evaluate(ParentRunner.java:229)
	at org.junit.runners.ParentRunner.run(ParentRunner.java:309)
	at org.apache.maven.surefire.junit4.JUnit4Provider.execute(JUnit4Provider.java:365)
	at org.apache.maven.surefire.junit4.JUnit4Provider.executeWithRerun(JUnit4Provider.java:273)
	at org.apache.maven.surefire.junit4.JUnit4Provider.executeTestSet(JUnit4Provider.java:238)
	at org.apache.maven.surefire.junit4.JUnit4Provider.invoke(JUnit4Provider.java:159)
	at org.apache.maven.surefire.booter.ForkedBooter.invokeProviderInSameClassLoader(ForkedBooter.java:384)
	at org.apache.maven.surefire.booter.ForkedBooter.runSuitesInProcess(ForkedBooter.java:345)
	at org.apache.maven.surefire.booter.ForkedBooter.execute(ForkedBooter.java:126)
	at org.apache.maven.surefire.booter.ForkedBooter.main(ForkedBooter.java:418)
</failure>
    <system-out><![CDATA[2019-08-07 04:04:44,493 WARN  server.ServerUtils (ServerUtils.java:getScmDbDir(145)) - ozone.scm.db.dirs is not configured. We recommend adding this setting. Falling back to ozone.metadata.dirs instead.
2019-08-07 04:04:44,647 WARN  server.ServerUtils (ServerUtils.java:getScmDbDir(145)) - ozone.scm.db.dirs is not configured. We recommend adding this setting. Falling back to ozone.metadata.dirs instead.
2019-08-07 04:04:44,650 WARN  server.ServerUtils (ServerUtils.java:getScmDbDir(145)) - ozone.scm.db.dirs is not configured. We recommend adding this setting. Falling back to ozone.metadata.dirs instead.
2019-08-07 04:04:44,670 INFO  util.log (Log.java:initialized(192)) - Logging initialized @947ms
2019-08-07 04:04:44,772 INFO  db.DBStoreBuilder (DBStoreBuilder.java:addTable(110)) - using custom profile for table: deletedBlocks
2019-08-07 04:04:44,773 INFO  db.DBStoreBuilder (DBStoreBuilder.java:processTables(161)) - Using default column profile:DBProfile.DISK for Table:deletedBlocks
2019-08-07 04:04:44,773 INFO  db.DBStoreBuilder (DBStoreBuilder.java:addTable(110)) - using custom profile for table: validCerts
2019-08-07 04:04:44,773 INFO  db.DBStoreBuilder (DBStoreBuilder.java:processTables(161)) - Using default column profile:DBProfile.DISK for Table:validCerts
2019-08-07 04:04:44,774 INFO  db.DBStoreBuilder (DBStoreBuilder.java:addTable(110)) - using custom profile for table: revokedCerts
2019-08-07 04:04:44,776 INFO  db.DBStoreBuilder (DBStoreBuilder.java:processTables(161)) - Using default column profile:DBProfile.DISK for Table:revokedCerts
2019-08-07 04:04:44,794 INFO  db.DBStoreBuilder (DBStoreBuilder.java:addTable(110)) - using custom profile for table: default
2019-08-07 04:04:44,795 INFO  db.DBStoreBuilder (DBStoreBuilder.java:processTables(167)) - Using default column profile:DBProfile.DISK for Table:default
2019-08-07 04:04:44,796 INFO  db.DBStoreBuilder (DBStoreBuilder.java:getDbProfile(198)) - Using default options. DBProfile.DISK
2019-08-07 04:04:44,983 INFO  net.NodeSchemaLoader (NodeSchemaLoader.java:loadSchemaFromFile(125)) - Loading file from sun.misc.CompoundEnumeration@7714e963
2019-08-07 04:04:44,986 INFO  net.NodeSchemaLoader (NodeSchemaLoader.java:loadSchema(171)) - Loading network topology layer schema file
2019-08-07 04:04:45,063 INFO  node.SCMNodeManager (SCMNodeManager.java:<init>(121)) - Entering startup safe mode.
2019-08-07 04:04:45,146 WARN  server.ServerUtils (ServerUtils.java:getScmDbDir(145)) - ozone.scm.db.dirs is not configured. We recommend adding this setting. Falling back to ozone.metadata.dirs instead.
2019-08-07 04:04:45,205 INFO  pipeline.SCMPipelineManager (SCMPipelineManager.java:initializePipelineState(126)) - No pipeline exists in current db
2019-08-07 04:04:45,207 WARN  server.ServerUtils (ServerUtils.java:getScmDbDir(145)) - ozone.scm.db.dirs is not configured. We recommend adding this setting. Falling back to ozone.metadata.dirs instead.
2019-08-07 04:04:45,321 WARN  events.EventQueue (EventQueue.java:fireEvent(175)) - No event handler registered for event TypedEvent{payloadType=SafeModeStatus, name='SafeModeStatus'}
2019-08-07 04:04:45,653 INFO  ipc.CallQueueManager (CallQueueManager.java:<init>(84)) - Using callQueue: class java.util.concurrent.LinkedBlockingQueue, queueCapacity: 2000, scheduler: class org.apache.hadoop.ipc.DefaultRpcScheduler, ipcBackoff: false.
2019-08-07 04:04:45,679 INFO  ipc.Server (Server.java:run(1074)) - Starting Socket Reader #1 for port 41469
2019-08-07 04:04:45,701 INFO  ipc.CallQueueManager (CallQueueManager.java:<init>(84)) - Using callQueue: class java.util.concurrent.LinkedBlockingQueue, queueCapacity: 2000, scheduler: class org.apache.hadoop.ipc.DefaultRpcScheduler, ipcBackoff: false.
2019-08-07 04:04:45,703 INFO  ipc.Server (Server.java:run(1074)) - Starting Socket Reader #1 for port 42978
2019-08-07 04:04:45,709 INFO  ipc.CallQueueManager (CallQueueManager.java:<init>(84)) - Using callQueue: class java.util.concurrent.LinkedBlockingQueue, queueCapacity: 2000, scheduler: class org.apache.hadoop.ipc.DefaultRpcScheduler, ipcBackoff: false.
2019-08-07 04:04:45,710 INFO  ipc.Server (Server.java:run(1074)) - Starting Socket Reader #1 for port 44682
2019-08-07 04:04:45,843 INFO  hdfs.DFSUtil (DFSUtil.java:httpServerTemplateForNNAndJN(1641)) - Starting Web-server for scm at: http://0.0.0.0:0
2019-08-07 04:04:46,000 INFO  server.AuthenticationFilter (AuthenticationFilter.java:constructSecretProvider(240)) - Unable to initialize FileSignerSecretProvider, falling back to use random secrets.
2019-08-07 04:04:46,008 WARN  http.HttpRequestLog (HttpRequestLog.java:getRequestLog(97)) - Jetty request log can only be enabled using Log4j
2019-08-07 04:04:46,015 INFO  http.HttpServer2 (HttpServer2.java:addGlobalFilter(975)) - Added global filter 'safety' (class=org.apache.hadoop.http.HttpServer2$QuotingInputFilter)
2019-08-07 04:04:46,018 INFO  http.HttpServer2 (HttpServer2.java:addFilter(948)) - Added filter static_user_filter (class=org.apache.hadoop.http.lib.StaticUserWebFilter$StaticUserFilter) to context scm
2019-08-07 04:04:46,018 INFO  http.HttpServer2 (HttpServer2.java:addFilter(958)) - Added filter static_user_filter (class=org.apache.hadoop.http.lib.StaticUserWebFilter$StaticUserFilter) to context logs
2019-08-07 04:04:46,018 INFO  http.HttpServer2 (HttpServer2.java:addFilter(958)) - Added filter static_user_filter (class=org.apache.hadoop.http.lib.StaticUserWebFilter$StaticUserFilter) to context static
2019-08-07 04:04:46,045 INFO  server.StorageContainerManager (StorageContainerManager.java:start(758)) - StorageContainerLocationProtocol RPC server is listening at /0.0.0.0:44682
2019-08-07 04:04:46,100 WARN  impl.MetricsConfig (MetricsConfig.java:loadFirst(134)) - Cannot locate configuration: tried hadoop-metrics2-storagecontainermanager.properties,hadoop-metrics2.properties
2019-08-07 04:04:46,113 INFO  impl.MetricsSystemImpl (MetricsSystemImpl.java:startTimer(374)) - Scheduled Metric snapshot period at 10 second(s).
2019-08-07 04:04:46,113 INFO  impl.MetricsSystemImpl (MetricsSystemImpl.java:start(191)) - StorageContainerManager metrics system started
2019-08-07 04:04:46,332 INFO  server.SCMClientProtocolServer (SCMClientProtocolServer.java:start(151)) - RPC server for Client  is listening at /0.0.0.0:44682
2019-08-07 04:04:46,334 INFO  ipc.Server (Server.java:run(1314)) - IPC Server Responder: starting
2019-08-07 04:04:46,334 INFO  ipc.Server (Server.java:run(1153)) - IPC Server listener on 44682: starting
2019-08-07 04:04:46,338 INFO  server.StorageContainerManager (StorageContainerManager.java:start(768)) - ScmBlockLocationProtocol RPC server is listening at /0.0.0.0:42978
2019-08-07 04:04:46,338 INFO  server.SCMBlockProtocolServer (SCMBlockProtocolServer.java:start(140)) - RPC server for Block Protocol is listening at /0.0.0.0:42978
2019-08-07 04:04:46,339 INFO  ipc.Server (Server.java:run(1314)) - IPC Server Responder: starting
2019-08-07 04:04:46,339 INFO  ipc.Server (Server.java:run(1153)) - IPC Server listener on 42978: starting
2019-08-07 04:04:46,347 INFO  server.StorageContainerManager (StorageContainerManager.java:start(772)) - ScmDatanodeProtocl RPC server is listening at /0.0.0.0:41469
2019-08-07 04:04:46,348 INFO  server.SCMDatanodeProtocolServer (SCMDatanodeProtocolServer.java:start(191)) - RPC server for DataNodes is listening at /0.0.0.0:41469
2019-08-07 04:04:46,350 INFO  ipc.Server (Server.java:run(1314)) - IPC Server Responder: starting
2019-08-07 04:04:46,351 INFO  ipc.Server (Server.java:run(1153)) - IPC Server listener on 41469: starting
2019-08-07 04:04:46,365 INFO  http.HttpServer2 (HttpServer2.java:bindListener(1191)) - Jetty bound to port 36154
2019-08-07 04:04:46,368 INFO  server.Server (Server.java:doStart(351)) - jetty-9.3.24.v20180605, build timestamp: 2018-06-05T17:11:56Z, git hash: 84205aa28f11a4f31f2a3b86d1bba2cc8ab69827
2019-08-07 04:04:46,423 INFO  handler.ContextHandler (ContextHandler.java:doStart(781)) - Started o.e.j.s.ServletContextHandler@76012793{/logs,file:///workdir/hadoop-ozone/integration-test/target/log,AVAILABLE}
2019-08-07 04:04:46,424 INFO  handler.ContextHandler (ContextHandler.java:doStart(781)) - Started o.e.j.s.ServletContextHandler@79d94571{/static,file:///workdir/hadoop-ozone/integration-test/target/test-classes/webapps/static,AVAILABLE}
2019-08-07 04:04:46,462 INFO  handler.ContextHandler (ContextHandler.java:doStart(781)) - Started o.e.j.w.WebAppContext@5118388b{/,file:///workdir/hadoop-ozone/integration-test/target/test-classes/webapps/scm/,AVAILABLE}{/scm}
2019-08-07 04:04:46,467 INFO  server.AbstractConnector (AbstractConnector.java:doStart(278)) - Started ServerConnector@293bb8a5{HTTP/1.1,[http/1.1]}{0.0.0.0:36154}
2019-08-07 04:04:46,468 INFO  server.Server (Server.java:doStart(419)) - Started @2745ms
2019-08-07 04:04:46,470 INFO  server.BaseHttpServer (BaseHttpServer.java:updateConnectorAddress(207)) - HTTP server of SCM is listening at http://0.0.0.0:36154
2019-08-07 04:04:46,480 INFO  util.JvmPauseMonitor (JvmPauseMonitor.java:run(188)) - Starting JVM pause monitor
2019-08-07 04:04:46,485 WARN  server.ServerUtils (ServerUtils.java:getDBPath(222)) - ozone.om.db.dirs is not configured. We recommend adding this setting. Falling back to ozone.metadata.dirs instead.
2019-08-07 04:04:46,626 WARN  server.ServerUtils (ServerUtils.java:getDBPath(222)) - ozone.om.db.dirs is not configured. We recommend adding this setting. Falling back to ozone.metadata.dirs instead.
2019-08-07 04:04:46,627 WARN  server.ServerUtils (ServerUtils.java:getDBPath(222)) - ozone.om.db.dirs is not configured. We recommend adding this setting. Falling back to ozone.metadata.dirs instead.
2019-08-07 04:04:46,628 INFO  om.OzoneManager (OzoneManager.java:setOMNodeDetails(644)) - OM Service ID is not set. Setting it to the default ID: omServiceIdDefault
2019-08-07 04:04:46,628 INFO  om.OzoneManager (OzoneManager.java:setOMNodeDetails(650)) - OM Node ID is not set. Setting it to the OmStorage's OmID: 347b3ab6-d8b5-496f-9137-0a262e213640
2019-08-07 04:04:46,629 INFO  om.OzoneManager (OzoneManager.java:loadOMHAConfigs(601)) - Found matching OM address with OMServiceId: null, OMNodeId: null, RPC Address: localhost:0 and Ratis port: 9872
2019-08-07 04:04:47,315 WARN  server.ServerUtils (ServerUtils.java:getDBPath(222)) - ozone.om.db.dirs is not configured. We recommend adding this setting. Falling back to ozone.metadata.dirs instead.
2019-08-07 04:04:47,322 INFO  db.DBStoreBuilder (DBStoreBuilder.java:addTable(110)) - using custom profile for table: userTable
2019-08-07 04:04:47,322 INFO  db.DBStoreBuilder (DBStoreBuilder.java:processTables(161)) - Using default column profile:DBProfile.DISK for Table:userTable
2019-08-07 04:04:47,323 INFO  db.DBStoreBuilder (DBStoreBuilder.java:addTable(110)) - using custom profile for table: volumeTable
2019-08-07 04:04:47,323 INFO  db.DBStoreBuilder (DBStoreBuilder.java:processTables(161)) - Using default column profile:DBProfile.DISK for Table:volumeTable
2019-08-07 04:04:47,323 INFO  db.DBStoreBuilder (DBStoreBuilder.java:addTable(110)) - using custom profile for table: bucketTable
2019-08-07 04:04:47,323 INFO  db.DBStoreBuilder (DBStoreBuilder.java:processTables(161)) - Using default column profile:DBProfile.DISK for Table:bucketTable
2019-08-07 04:04:47,324 INFO  db.DBStoreBuilder (DBStoreBuilder.java:addTable(110)) - using custom profile for table: keyTable
2019-08-07 04:04:47,324 INFO  db.DBStoreBuilder (DBStoreBuilder.java:processTables(161)) - Using default column profile:DBProfile.DISK for Table:keyTable
2019-08-07 04:04:47,324 INFO  db.DBStoreBuilder (DBStoreBuilder.java:addTable(110)) - using custom profile for table: deletedTable
2019-08-07 04:04:47,324 INFO  db.DBStoreBuilder (DBStoreBuilder.java:processTables(161)) - Using default column profile:DBProfile.DISK for Table:deletedTable
2019-08-07 04:04:47,325 INFO  db.DBStoreBuilder (DBStoreBuilder.java:addTable(110)) - using custom profile for table: openKeyTable
2019-08-07 04:04:47,325 INFO  db.DBStoreBuilder (DBStoreBuilder.java:processTables(161)) - Using default column profile:DBProfile.DISK for Table:openKeyTable
2019-08-07 04:04:47,325 INFO  db.DBStoreBuilder (DBStoreBuilder.java:addTable(110)) - using custom profile for table: s3Table
2019-08-07 04:04:47,325 INFO  db.DBStoreBuilder (DBStoreBuilder.java:processTables(161)) - Using default column profile:DBProfile.DISK for Table:s3Table
2019-08-07 04:04:47,326 INFO  db.DBStoreBuilder (DBStoreBuilder.java:addTable(110)) - using custom profile for table: multipartInfoTable
2019-08-07 04:04:47,326 INFO  db.DBStoreBuilder (DBStoreBuilder.java:processTables(161)) - Using default column profile:DBProfile.DISK for Table:multipartInfoTable
2019-08-07 04:04:47,326 INFO  db.DBStoreBuilder (DBStoreBuilder.java:addTable(110)) - using custom profile for table: dTokenTable
2019-08-07 04:04:47,326 INFO  db.DBStoreBuilder (DBStoreBuilder.java:processTables(161)) - Using default column profile:DBProfile.DISK for Table:dTokenTable
2019-08-07 04:04:47,327 INFO  db.DBStoreBuilder (DBStoreBuilder.java:addTable(110)) - using custom profile for table: s3SecretTable
2019-08-07 04:04:47,327 INFO  db.DBStoreBuilder (DBStoreBuilder.java:processTables(161)) - Using default column profile:DBProfile.DISK for Table:s3SecretTable
2019-08-07 04:04:47,327 INFO  db.DBStoreBuilder (DBStoreBuilder.java:addTable(110)) - using custom profile for table: prefixTable
2019-08-07 04:04:47,327 INFO  db.DBStoreBuilder (DBStoreBuilder.java:processTables(161)) - Using default column profile:DBProfile.DISK for Table:prefixTable
2019-08-07 04:04:47,328 INFO  db.DBStoreBuilder (DBStoreBuilder.java:addTable(110)) - using custom profile for table: default
2019-08-07 04:04:47,328 INFO  db.DBStoreBuilder (DBStoreBuilder.java:processTables(167)) - Using default column profile:DBProfile.DISK for Table:default
2019-08-07 04:04:47,328 INFO  db.DBStoreBuilder (DBStoreBuilder.java:getDbProfile(198)) - Using default options. DBProfile.DISK
2019-08-07 04:04:47,757 INFO  ipc.CallQueueManager (CallQueueManager.java:<init>(84)) - Using callQueue: class java.util.concurrent.LinkedBlockingQueue, queueCapacity: 2000, scheduler: class org.apache.hadoop.ipc.DefaultRpcScheduler, ipcBackoff: false.
2019-08-07 04:04:47,758 INFO  ipc.Server (Server.java:run(1074)) - Starting Socket Reader #1 for port 45144
2019-08-07 04:04:47,775 INFO  om.OzoneManager (OzoneManager.java:start(1255)) - OzoneManager RPC server is listening at localhost/127.0.0.1:45144
2019-08-07 04:04:47,776 INFO  impl.MetricsSystemImpl (MetricsSystemImpl.java:init(158)) - OzoneManager metrics system started (again)
2019-08-07 04:04:47,777 INFO  ipc.Server (Server.java:run(1314)) - IPC Server Responder: starting
2019-08-07 04:04:47,778 INFO  ipc.Server (Server.java:run(1153)) - IPC Server listener on 45144: starting
2019-08-07 04:04:47,793 INFO  hdfs.DFSUtil (DFSUtil.java:httpServerTemplateForNNAndJN(1641)) - Starting Web-server for ozoneManager at: http://0.0.0.0:0
2019-08-07 04:04:47,794 INFO  server.AuthenticationFilter (AuthenticationFilter.java:constructSecretProvider(240)) - Unable to initialize FileSignerSecretProvider, falling back to use random secrets.
2019-08-07 04:04:47,795 WARN  http.HttpRequestLog (HttpRequestLog.java:getRequestLog(97)) - Jetty request log can only be enabled using Log4j
2019-08-07 04:04:47,797 INFO  http.HttpServer2 (HttpServer2.java:addGlobalFilter(975)) - Added global filter 'safety' (class=org.apache.hadoop.http.HttpServer2$QuotingInputFilter)
2019-08-07 04:04:47,798 INFO  http.HttpServer2 (HttpServer2.java:addFilter(948)) - Added filter static_user_filter (class=org.apache.hadoop.http.lib.StaticUserWebFilter$StaticUserFilter) to context ozoneManager
2019-08-07 04:04:47,798 INFO  http.HttpServer2 (HttpServer2.java:addFilter(958)) - Added filter static_user_filter (class=org.apache.hadoop.http.lib.StaticUserWebFilter$StaticUserFilter) to context static
2019-08-07 04:04:47,798 INFO  http.HttpServer2 (HttpServer2.java:addFilter(958)) - Added filter static_user_filter (class=org.apache.hadoop.http.lib.StaticUserWebFilter$StaticUserFilter) to context logs
2019-08-07 04:04:47,802 INFO  http.HttpServer2 (HttpServer2.java:bindListener(1191)) - Jetty bound to port 33081
2019-08-07 04:04:47,802 INFO  server.Server (Server.java:doStart(351)) - jetty-9.3.24.v20180605, build timestamp: 2018-06-05T17:11:56Z, git hash: 84205aa28f11a4f31f2a3b86d1bba2cc8ab69827
2019-08-07 04:04:47,805 INFO  handler.ContextHandler (ContextHandler.java:doStart(781)) - Started o.e.j.s.ServletContextHandler@6d91790b{/logs,file:///workdir/hadoop-ozone/integration-test/target/log,AVAILABLE}
2019-08-07 04:04:47,806 INFO  handler.ContextHandler (ContextHandler.java:doStart(781)) - Started o.e.j.s.ServletContextHandler@47c64cfe{/static,file:///workdir/hadoop-ozone/integration-test/target/test-classes/webapps/static,AVAILABLE}
2019-08-07 04:04:47,814 INFO  handler.ContextHandler (ContextHandler.java:doStart(781)) - Started o.e.j.w.WebAppContext@4bdcaf36{/,file:///workdir/hadoop-ozone/integration-test/target/test-classes/webapps/ozoneManager/,AVAILABLE}{/ozoneManager}
2019-08-07 04:04:47,815 INFO  server.AbstractConnector (AbstractConnector.java:doStart(278)) - Started ServerConnector@61d01788{HTTP/1.1,[http/1.1]}{0.0.0.0:33081}
2019-08-07 04:04:47,816 INFO  server.Server (Server.java:doStart(419)) - Started @4093ms
2019-08-07 04:04:47,817 INFO  server.BaseHttpServer (BaseHttpServer.java:updateConnectorAddress(207)) - HTTP server of OZONEMANAGER is listening at http://0.0.0.0:33081
2019-08-07 04:04:48,151 INFO  impl.MetricsSystemImpl (MetricsSystemImpl.java:init(158)) - HddsDatanode metrics system started (again)
2019-08-07 04:04:48,237 INFO  ozone.HddsDatanodeService (HddsDatanodeService.java:start(184)) - HddsDatanodeService host:byscane-nightly-ds7lx-2296511547 ip:192.168.157.245
2019-08-07 04:04:48,268 INFO  volume.HddsVolume (HddsVolume.java:<init>(176)) - Creating Volume: /workdir/hadoop-ozone/integration-test/target/test-dir/MiniOzoneClusterImpl-7026e4b8-6df6-4897-bd33-9f5e93510a50/datanode-0/data/containers/hdds of  storage type : DISK and capacity : 52710309888
2019-08-07 04:04:48,270 INFO  volume.VolumeSet (VolumeSet.java:initializeVolumeSet(170)) - Added Volume : /workdir/hadoop-ozone/integration-test/target/test-dir/MiniOzoneClusterImpl-7026e4b8-6df6-4897-bd33-9f5e93510a50/datanode-0/data/containers/hdds to VolumeSet
2019-08-07 04:04:48,273 INFO  volume.ThrottledAsyncChecker (ThrottledAsyncChecker.java:schedule(140)) - Scheduling a check for org.apache.hadoop.ozone.container.common.volume.HddsVolume@6345e7b9
2019-08-07 04:04:48,291 INFO  volume.HddsVolumeChecker (HddsVolumeChecker.java:checkAllVolumes(203)) - Scheduled health check for volume org.apache.hadoop.ozone.container.common.volume.HddsVolume@6345e7b9
2019-08-07 04:04:48,399 INFO  impl.RaftServerProxy (ConfUtils.java:logGet(43)) - raft.rpc.type = GRPC (default)
2019-08-07 04:04:48,476 INFO  grpc.GrpcFactory (GrpcFactory.java:checkPooledByteBufAllocatorUseCacheForAllThreads(45)) - PERFORMANCE WARNING: useCacheForAllThreads is true that may cause Netty to create a lot garbage objects and, as a result, trigger GC.
	It is recommended to disable useCacheForAllThreads by setting -Dorg.apache.ratis.thirdparty.io.netty.allocator.useCacheForAllThreads=false in command line.
2019-08-07 04:04:48,481 INFO  grpc.GrpcConfigKeys$Server (ConfUtils.java:logGet(43)) - raft.grpc.server.port = 0 (default)
2019-08-07 04:04:48,482 INFO  server.GrpcService (ConfUtils.java:logGet(43)) - raft.grpc.message.size.max = 33570816 (custom)
2019-08-07 04:04:48,484 INFO  server.RaftServerConfigKeys (ConfUtils.java:logGet(43)) - raft.server.log.appender.buffer.byte-limit = 33554432 (custom)
2019-08-07 04:04:48,485 INFO  server.GrpcService (ConfUtils.java:logGet(43)) - raft.grpc.flow.control.window = 1MB (=1048576) (default)
2019-08-07 04:04:48,486 INFO  server.RaftServerConfigKeys (ConfUtils.java:logGet(43)) - raft.server.rpc.request.timeout = 3000ms (default)
2019-08-07 04:04:48,651 INFO  server.RaftServerConfigKeys (ConfUtils.java:logGet(43)) - raft.server.storage.dir = [/workdir/hadoop-ozone/integration-test/target/test-dir/MiniOzoneClusterImpl-7026e4b8-6df6-4897-bd33-9f5e93510a50/datanode-0/data/ratis] (custom)
2019-08-07 04:04:48,703 INFO  replication.SimpleContainerDownloader (SimpleContainerDownloader.java:<init>(72)) - Starting container downloader service to copy containers to replicate.
2019-08-07 04:04:48,720 INFO  hdfs.DFSUtil (DFSUtil.java:httpServerTemplateForNNAndJN(1641)) - Starting Web-server for hddsDatanode at: http://0.0.0.0:0
2019-08-07 04:04:48,724 INFO  server.AuthenticationFilter (AuthenticationFilter.java:constructSecretProvider(240)) - Unable to initialize FileSignerSecretProvider, falling back to use random secrets.
2019-08-07 04:04:48,726 WARN  http.HttpRequestLog (HttpRequestLog.java:getRequestLog(97)) - Jetty request log can only be enabled using Log4j
2019-08-07 04:04:48,730 INFO  http.HttpServer2 (HttpServer2.java:addGlobalFilter(975)) - Added global filter 'safety' (class=org.apache.hadoop.http.HttpServer2$QuotingInputFilter)
2019-08-07 04:04:48,732 INFO  http.HttpServer2 (HttpServer2.java:addFilter(948)) - Added filter static_user_filter (class=org.apache.hadoop.http.lib.StaticUserWebFilter$StaticUserFilter) to context hddsDatanode
2019-08-07 04:04:48,732 INFO  http.HttpServer2 (HttpServer2.java:addFilter(958)) - Added filter static_user_filter (class=org.apache.hadoop.http.lib.StaticUserWebFilter$StaticUserFilter) to context static
2019-08-07 04:04:48,733 INFO  http.HttpServer2 (HttpServer2.java:addFilter(958)) - Added filter static_user_filter (class=org.apache.hadoop.http.lib.StaticUserWebFilter$StaticUserFilter) to context logs
2019-08-07 04:04:48,735 INFO  http.HttpServer2 (HttpServer2.java:bindListener(1191)) - Jetty bound to port 37685
2019-08-07 04:04:48,735 INFO  server.Server (Server.java:doStart(351)) - jetty-9.3.24.v20180605, build timestamp: 2018-06-05T17:11:56Z, git hash: 84205aa28f11a4f31f2a3b86d1bba2cc8ab69827
2019-08-07 04:04:48,739 INFO  handler.ContextHandler (ContextHandler.java:doStart(781)) - Started o.e.j.s.ServletContextHandler@42ea287{/logs,file:///workdir/hadoop-ozone/integration-test/target/log,AVAILABLE}
2019-08-07 04:04:48,741 INFO  handler.ContextHandler (ContextHandler.java:doStart(781)) - Started o.e.j.s.ServletContextHandler@1f0b3cfe{/static,jar:file:/home/user/.m2/repository/org/apache/hadoop/hadoop-hdds-container-service/0.4.1-SNAPSHOT/hadoop-hdds-container-service-0.4.1-SNAPSHOT.jar!/webapps/static,AVAILABLE}
2019-08-07 04:04:48,801 INFO  handler.ContextHandler (ContextHandler.java:doStart(781)) - Started o.e.j.w.WebAppContext@dc79225{/,file:///tmp/jetty-0.0.0.0-37685-hddsDatanode-_-any-7834025061481464753.dir/webapp/,AVAILABLE}{/hddsDatanode}
2019-08-07 04:04:48,802 INFO  server.AbstractConnector (AbstractConnector.java:doStart(278)) - Started ServerConnector@30e9ca13{HTTP/1.1,[http/1.1]}{0.0.0.0:37685}
2019-08-07 04:04:48,808 INFO  server.Server (Server.java:doStart(419)) - Started @5085ms
2019-08-07 04:04:48,809 INFO  server.BaseHttpServer (BaseHttpServer.java:updateConnectorAddress(207)) - HTTP server of HDDSDATANODE is listening at http://0.0.0.0:37685
2019-08-07 04:04:50,006 INFO  ozone.HddsDatanodeService (HddsDatanodeService.java:startPlugins(395)) - Started plug-in org.apache.hadoop.ozone.web.OzoneHddsDatanodeService@364fd4ae
2019-08-07 04:04:50,009 INFO  impl.MetricsSystemImpl (MetricsSystemImpl.java:init(158)) - HddsDatanode metrics system started (again)
2019-08-07 04:04:50,013 INFO  ozone.HddsDatanodeService (HddsDatanodeService.java:start(184)) - HddsDatanodeService host:byscane-nightly-ds7lx-2296511547 ip:192.168.157.245
2019-08-07 04:04:50,015 INFO  util.JvmPauseMonitor (JvmPauseMonitor.java:run(188)) - Starting JVM pause monitor
2019-08-07 04:04:50,025 INFO  volume.HddsVolume (HddsVolume.java:<init>(176)) - Creating Volume: /workdir/hadoop-ozone/integration-test/target/test-dir/MiniOzoneClusterImpl-7026e4b8-6df6-4897-bd33-9f5e93510a50/datanode-1/data/containers/hdds of  storage type : DISK and capacity : 52710309888
2019-08-07 04:04:50,026 INFO  volume.VolumeSet (VolumeSet.java:initializeVolumeSet(170)) - Added Volume : /workdir/hadoop-ozone/integration-test/target/test-dir/MiniOzoneClusterImpl-7026e4b8-6df6-4897-bd33-9f5e93510a50/datanode-1/data/containers/hdds to VolumeSet
2019-08-07 04:04:50,027 INFO  volume.ThrottledAsyncChecker (ThrottledAsyncChecker.java:schedule(140)) - Scheduling a check for org.apache.hadoop.ozone.container.common.volume.HddsVolume@5c059a68
2019-08-07 04:04:50,029 INFO  volume.HddsVolumeChecker (HddsVolumeChecker.java:checkAllVolumes(203)) - Scheduled health check for volume org.apache.hadoop.ozone.container.common.volume.HddsVolume@5c059a68
2019-08-07 04:04:50,051 INFO  impl.RaftServerProxy (ConfUtils.java:logGet(43)) - raft.rpc.type = GRPC (default)
2019-08-07 04:04:50,051 INFO  grpc.GrpcFactory (GrpcFactory.java:checkPooledByteBufAllocatorUseCacheForAllThreads(45)) - PERFORMANCE WARNING: useCacheForAllThreads is true that may cause Netty to create a lot garbage objects and, as a result, trigger GC.
	It is recommended to disable useCacheForAllThreads by setting -Dorg.apache.ratis.thirdparty.io.netty.allocator.useCacheForAllThreads=false in command line.
2019-08-07 04:04:50,052 INFO  grpc.GrpcConfigKeys$Server (ConfUtils.java:logGet(43)) - raft.grpc.server.port = 0 (default)
2019-08-07 04:04:50,052 INFO  server.GrpcService (ConfUtils.java:logGet(43)) - raft.grpc.message.size.max = 33570816 (custom)
2019-08-07 04:04:50,053 INFO  server.RaftServerConfigKeys (ConfUtils.java:logGet(43)) - raft.server.log.appender.buffer.byte-limit = 33554432 (custom)
2019-08-07 04:04:50,053 INFO  server.GrpcService (ConfUtils.java:logGet(43)) - raft.grpc.flow.control.window = 1MB (=1048576) (default)
2019-08-07 04:04:50,053 INFO  server.RaftServerConfigKeys (ConfUtils.java:logGet(43)) - raft.server.rpc.request.timeout = 3000ms (default)
2019-08-07 04:04:50,054 INFO  server.RaftServerConfigKeys (ConfUtils.java:logGet(43)) - raft.server.storage.dir = [/workdir/hadoop-ozone/integration-test/target/test-dir/MiniOzoneClusterImpl-7026e4b8-6df6-4897-bd33-9f5e93510a50/datanode-1/data/ratis] (custom)
2019-08-07 04:04:50,055 INFO  replication.SimpleContainerDownloader (SimpleContainerDownloader.java:<init>(72)) - Starting container downloader service to copy containers to replicate.
2019-08-07 04:04:50,057 INFO  hdfs.DFSUtil (DFSUtil.java:httpServerTemplateForNNAndJN(1641)) - Starting Web-server for hddsDatanode at: http://0.0.0.0:0
2019-08-07 04:04:50,058 INFO  server.AuthenticationFilter (AuthenticationFilter.java:constructSecretProvider(240)) - Unable to initialize FileSignerSecretProvider, falling back to use random secrets.
2019-08-07 04:04:50,059 WARN  http.HttpRequestLog (HttpRequestLog.java:getRequestLog(97)) - Jetty request log can only be enabled using Log4j
2019-08-07 04:04:50,061 INFO  http.HttpServer2 (HttpServer2.java:addGlobalFilter(975)) - Added global filter 'safety' (class=org.apache.hadoop.http.HttpServer2$QuotingInputFilter)
2019-08-07 04:04:50,062 INFO  http.HttpServer2 (HttpServer2.java:addFilter(948)) - Added filter static_user_filter (class=org.apache.hadoop.http.lib.StaticUserWebFilter$StaticUserFilter) to context hddsDatanode
2019-08-07 04:04:50,062 INFO  http.HttpServer2 (HttpServer2.java:addFilter(958)) - Added filter static_user_filter (class=org.apache.hadoop.http.lib.StaticUserWebFilter$StaticUserFilter) to context logs
2019-08-07 04:04:50,062 INFO  http.HttpServer2 (HttpServer2.java:addFilter(958)) - Added filter static_user_filter (class=org.apache.hadoop.http.lib.StaticUserWebFilter$StaticUserFilter) to context static
2019-08-07 04:04:50,063 INFO  http.HttpServer2 (HttpServer2.java:bindListener(1191)) - Jetty bound to port 36654
2019-08-07 04:04:50,063 INFO  server.Server (Server.java:doStart(351)) - jetty-9.3.24.v20180605, build timestamp: 2018-06-05T17:11:56Z, git hash: 84205aa28f11a4f31f2a3b86d1bba2cc8ab69827
2019-08-07 04:04:50,065 INFO  handler.ContextHandler (ContextHandler.java:doStart(781)) - Started o.e.j.s.ServletContextHandler@515b9d4a{/logs,file:///workdir/hadoop-ozone/integration-test/target/log,AVAILABLE}
2019-08-07 04:04:50,066 INFO  handler.ContextHandler (ContextHandler.java:doStart(781)) - Started o.e.j.s.ServletContextHandler@32a4ecbe{/static,jar:file:/home/user/.m2/repository/org/apache/hadoop/hadoop-hdds-container-service/0.4.1-SNAPSHOT/hadoop-hdds-container-service-0.4.1-SNAPSHOT.jar!/webapps/static,AVAILABLE}
2019-08-07 04:04:50,094 INFO  handler.ContextHandler (ContextHandler.java:doStart(781)) - Started o.e.j.w.WebAppContext@747835f5{/,file:///tmp/jetty-0.0.0.0-36654-hddsDatanode-_-any-284496575550834855.dir/webapp/,AVAILABLE}{/hddsDatanode}
2019-08-07 04:04:50,094 INFO  server.AbstractConnector (AbstractConnector.java:doStart(278)) - Started ServerConnector@594131f2{HTTP/1.1,[http/1.1]}{0.0.0.0:36654}
2019-08-07 04:04:50,095 INFO  server.Server (Server.java:doStart(419)) - Started @6373ms
2019-08-07 04:04:50,097 INFO  server.BaseHttpServer (BaseHttpServer.java:updateConnectorAddress(207)) - HTTP server of HDDSDATANODE is listening at http://0.0.0.0:36654
2019-08-07 04:04:50,125 INFO  datanode.InitDatanodeState (InitDatanodeState.java:persistContainerDatanodeDetails(140)) - DatanodeDetails is persisted to /workdir/hadoop-ozone/integration-test/target/test-dir/MiniOzoneClusterImpl-7026e4b8-6df6-4897-bd33-9f5e93510a50/datanode-0/meta/datanode.id
2019-08-07 04:04:50,233 INFO  ozone.HddsDatanodeService (HddsDatanodeService.java:startPlugins(395)) - Started plug-in org.apache.hadoop.ozone.web.OzoneHddsDatanodeService@20d19f2c
2019-08-07 04:04:50,233 INFO  impl.MetricsSystemImpl (MetricsSystemImpl.java:init(158)) - HddsDatanode metrics system started (again)
2019-08-07 04:04:50,236 INFO  ozone.HddsDatanodeService (HddsDatanodeService.java:start(184)) - HddsDatanodeService host:byscane-nightly-ds7lx-2296511547 ip:192.168.157.245
2019-08-07 04:04:50,237 INFO  util.JvmPauseMonitor (JvmPauseMonitor.java:run(188)) - Starting JVM pause monitor
2019-08-07 04:04:50,247 INFO  volume.HddsVolume (HddsVolume.java:<init>(176)) - Creating Volume: /workdir/hadoop-ozone/integration-test/target/test-dir/MiniOzoneClusterImpl-7026e4b8-6df6-4897-bd33-9f5e93510a50/datanode-2/data/containers/hdds of  storage type : DISK and capacity : 52710309888
2019-08-07 04:04:50,247 INFO  volume.VolumeSet (VolumeSet.java:initializeVolumeSet(170)) - Added Volume : /workdir/hadoop-ozone/integration-test/target/test-dir/MiniOzoneClusterImpl-7026e4b8-6df6-4897-bd33-9f5e93510a50/datanode-2/data/containers/hdds to VolumeSet
2019-08-07 04:04:50,247 INFO  volume.ThrottledAsyncChecker (ThrottledAsyncChecker.java:schedule(140)) - Scheduling a check for org.apache.hadoop.ozone.container.common.volume.HddsVolume@7cff3f1d
2019-08-07 04:04:50,248 INFO  datanode.InitDatanodeState (InitDatanodeState.java:persistContainerDatanodeDetails(140)) - DatanodeDetails is persisted to /workdir/hadoop-ozone/integration-test/target/test-dir/MiniOzoneClusterImpl-7026e4b8-6df6-4897-bd33-9f5e93510a50/datanode-1/meta/datanode.id
2019-08-07 04:04:50,248 INFO  volume.HddsVolumeChecker (HddsVolumeChecker.java:checkAllVolumes(203)) - Scheduled health check for volume org.apache.hadoop.ozone.container.common.volume.HddsVolume@7cff3f1d
2019-08-07 04:04:50,262 INFO  impl.RaftServerProxy (ConfUtils.java:logGet(43)) - raft.rpc.type = GRPC (default)
2019-08-07 04:04:50,262 INFO  grpc.GrpcFactory (GrpcFactory.java:checkPooledByteBufAllocatorUseCacheForAllThreads(45)) - PERFORMANCE WARNING: useCacheForAllThreads is true that may cause Netty to create a lot garbage objects and, as a result, trigger GC.
	It is recommended to disable useCacheForAllThreads by setting -Dorg.apache.ratis.thirdparty.io.netty.allocator.useCacheForAllThreads=false in command line.
2019-08-07 04:04:50,262 INFO  grpc.GrpcConfigKeys$Server (ConfUtils.java:logGet(43)) - raft.grpc.server.port = 0 (default)
2019-08-07 04:04:50,263 INFO  server.GrpcService (ConfUtils.java:logGet(43)) - raft.grpc.message.size.max = 33570816 (custom)
2019-08-07 04:04:50,263 INFO  server.RaftServerConfigKeys (ConfUtils.java:logGet(43)) - raft.server.log.appender.buffer.byte-limit = 33554432 (custom)
2019-08-07 04:04:50,263 INFO  server.GrpcService (ConfUtils.java:logGet(43)) - raft.grpc.flow.control.window = 1MB (=1048576) (default)
2019-08-07 04:04:50,264 INFO  server.RaftServerConfigKeys (ConfUtils.java:logGet(43)) - raft.server.rpc.request.timeout = 3000ms (default)
2019-08-07 04:04:50,264 INFO  server.RaftServerConfigKeys (ConfUtils.java:logGet(43)) - raft.server.storage.dir = [/workdir/hadoop-ozone/integration-test/target/test-dir/MiniOzoneClusterImpl-7026e4b8-6df6-4897-bd33-9f5e93510a50/datanode-2/data/ratis] (custom)
2019-08-07 04:04:50,265 INFO  replication.SimpleContainerDownloader (SimpleContainerDownloader.java:<init>(72)) - Starting container downloader service to copy containers to replicate.
2019-08-07 04:04:50,266 INFO  hdfs.DFSUtil (DFSUtil.java:httpServerTemplateForNNAndJN(1641)) - Starting Web-server for hddsDatanode at: http://0.0.0.0:0
2019-08-07 04:04:50,267 INFO  server.AuthenticationFilter (AuthenticationFilter.java:constructSecretProvider(240)) - Unable to initialize FileSignerSecretProvider, falling back to use random secrets.
2019-08-07 04:04:50,268 WARN  http.HttpRequestLog (HttpRequestLog.java:getRequestLog(97)) - Jetty request log can only be enabled using Log4j
2019-08-07 04:04:50,269 INFO  http.HttpServer2 (HttpServer2.java:addGlobalFilter(975)) - Added global filter 'safety' (class=org.apache.hadoop.http.HttpServer2$QuotingInputFilter)
2019-08-07 04:04:50,270 INFO  http.HttpServer2 (HttpServer2.java:addFilter(948)) - Added filter static_user_filter (class=org.apache.hadoop.http.lib.StaticUserWebFilter$StaticUserFilter) to context hddsDatanode
2019-08-07 04:04:50,270 INFO  http.HttpServer2 (HttpServer2.java:addFilter(958)) - Added filter static_user_filter (class=org.apache.hadoop.http.lib.StaticUserWebFilter$StaticUserFilter) to context logs
2019-08-07 04:04:50,270 INFO  http.HttpServer2 (HttpServer2.java:addFilter(958)) - Added filter static_user_filter (class=org.apache.hadoop.http.lib.StaticUserWebFilter$StaticUserFilter) to context static
2019-08-07 04:04:50,271 INFO  http.HttpServer2 (HttpServer2.java:bindListener(1191)) - Jetty bound to port 44129
2019-08-07 04:04:50,271 INFO  server.Server (Server.java:doStart(351)) - jetty-9.3.24.v20180605, build timestamp: 2018-06-05T17:11:56Z, git hash: 84205aa28f11a4f31f2a3b86d1bba2cc8ab69827
2019-08-07 04:04:50,275 INFO  handler.ContextHandler (ContextHandler.java:doStart(781)) - Started o.e.j.s.ServletContextHandler@7b351446{/logs,file:///workdir/hadoop-ozone/integration-test/target/log,AVAILABLE}
2019-08-07 04:04:50,276 INFO  handler.ContextHandler (ContextHandler.java:doStart(781)) - Started o.e.j.s.ServletContextHandler@a1691c0{/static,jar:file:/home/user/.m2/repository/org/apache/hadoop/hadoop-hdds-container-service/0.4.1-SNAPSHOT/hadoop-hdds-container-service-0.4.1-SNAPSHOT.jar!/webapps/static,AVAILABLE}
2019-08-07 04:04:50,304 INFO  handler.ContextHandler (ContextHandler.java:doStart(781)) - Started o.e.j.w.WebAppContext@37e0056e{/,file:///tmp/jetty-0.0.0.0-44129-hddsDatanode-_-any-6005847859004109691.dir/webapp/,AVAILABLE}{/hddsDatanode}
2019-08-07 04:04:50,305 INFO  server.AbstractConnector (AbstractConnector.java:doStart(278)) - Started ServerConnector@415795f3{HTTP/1.1,[http/1.1]}{0.0.0.0:44129}
2019-08-07 04:04:50,305 INFO  server.Server (Server.java:doStart(419)) - Started @6583ms
2019-08-07 04:04:50,307 INFO  server.BaseHttpServer (BaseHttpServer.java:updateConnectorAddress(207)) - HTTP server of HDDSDATANODE is listening at http://0.0.0.0:44129
2019-08-07 04:04:50,426 INFO  ozone.HddsDatanodeService (HddsDatanodeService.java:startPlugins(395)) - Started plug-in org.apache.hadoop.ozone.web.OzoneHddsDatanodeService@4702e7a5
2019-08-07 04:04:50,426 INFO  impl.MetricsSystemImpl (MetricsSystemImpl.java:init(158)) - HddsDatanode metrics system started (again)
2019-08-07 04:04:50,430 INFO  ozone.HddsDatanodeService (HddsDatanodeService.java:start(184)) - HddsDatanodeService host:byscane-nightly-ds7lx-2296511547 ip:192.168.157.245
2019-08-07 04:04:50,431 INFO  util.JvmPauseMonitor (JvmPauseMonitor.java:run(188)) - Starting JVM pause monitor
2019-08-07 04:04:50,435 INFO  datanode.InitDatanodeState (InitDatanodeState.java:persistContainerDatanodeDetails(140)) - DatanodeDetails is persisted to /workdir/hadoop-ozone/integration-test/target/test-dir/MiniOzoneClusterImpl-7026e4b8-6df6-4897-bd33-9f5e93510a50/datanode-2/meta/datanode.id
2019-08-07 04:04:50,440 INFO  volume.HddsVolume (HddsVolume.java:<init>(176)) - Creating Volume: /workdir/hadoop-ozone/integration-test/target/test-dir/MiniOzoneClusterImpl-7026e4b8-6df6-4897-bd33-9f5e93510a50/datanode-3/data/containers/hdds of  storage type : DISK and capacity : 52710309888
2019-08-07 04:04:50,440 INFO  volume.VolumeSet (VolumeSet.java:initializeVolumeSet(170)) - Added Volume : /workdir/hadoop-ozone/integration-test/target/test-dir/MiniOzoneClusterImpl-7026e4b8-6df6-4897-bd33-9f5e93510a50/datanode-3/data/containers/hdds to VolumeSet
2019-08-07 04:04:50,440 INFO  volume.ThrottledAsyncChecker (ThrottledAsyncChecker.java:schedule(140)) - Scheduling a check for org.apache.hadoop.ozone.container.common.volume.HddsVolume@525647f3
2019-08-07 04:04:50,441 INFO  volume.HddsVolumeChecker (HddsVolumeChecker.java:checkAllVolumes(203)) - Scheduled health check for volume org.apache.hadoop.ozone.container.common.volume.HddsVolume@525647f3
2019-08-07 04:04:50,456 INFO  impl.RaftServerProxy (ConfUtils.java:logGet(43)) - raft.rpc.type = GRPC (default)
2019-08-07 04:04:50,457 INFO  grpc.GrpcFactory (GrpcFactory.java:checkPooledByteBufAllocatorUseCacheForAllThreads(45)) - PERFORMANCE WARNING: useCacheForAllThreads is true that may cause Netty to create a lot garbage objects and, as a result, trigger GC.
	It is recommended to disable useCacheForAllThreads by setting -Dorg.apache.ratis.thirdparty.io.netty.allocator.useCacheForAllThreads=false in command line.
2019-08-07 04:04:50,457 INFO  grpc.GrpcConfigKeys$Server (ConfUtils.java:logGet(43)) - raft.grpc.server.port = 0 (default)
2019-08-07 04:04:50,457 INFO  server.GrpcService (ConfUtils.java:logGet(43)) - raft.grpc.message.size.max = 33570816 (custom)
2019-08-07 04:04:50,457 INFO  server.RaftServerConfigKeys (ConfUtils.java:logGet(43)) - raft.server.log.appender.buffer.byte-limit = 33554432 (custom)
2019-08-07 04:04:50,458 INFO  server.GrpcService (ConfUtils.java:logGet(43)) - raft.grpc.flow.control.window = 1MB (=1048576) (default)
2019-08-07 04:04:50,458 INFO  server.RaftServerConfigKeys (ConfUtils.java:logGet(43)) - raft.server.rpc.request.timeout = 3000ms (default)
2019-08-07 04:04:50,458 INFO  server.RaftServerConfigKeys (ConfUtils.java:logGet(43)) - raft.server.storage.dir = [/workdir/hadoop-ozone/integration-test/target/test-dir/MiniOzoneClusterImpl-7026e4b8-6df6-4897-bd33-9f5e93510a50/datanode-3/data/ratis] (custom)
2019-08-07 04:04:50,459 INFO  replication.SimpleContainerDownloader (SimpleContainerDownloader.java:<init>(72)) - Starting container downloader service to copy containers to replicate.
2019-08-07 04:04:50,460 INFO  hdfs.DFSUtil (DFSUtil.java:httpServerTemplateForNNAndJN(1641)) - Starting Web-server for hddsDatanode at: http://0.0.0.0:0
2019-08-07 04:04:50,461 INFO  server.AuthenticationFilter (AuthenticationFilter.java:constructSecretProvider(240)) - Unable to initialize FileSignerSecretProvider, falling back to use random secrets.
2019-08-07 04:04:50,462 WARN  http.HttpRequestLog (HttpRequestLog.java:getRequestLog(97)) - Jetty request log can only be enabled using Log4j
2019-08-07 04:04:50,463 INFO  http.HttpServer2 (HttpServer2.java:addGlobalFilter(975)) - Added global filter 'safety' (class=org.apache.hadoop.http.HttpServer2$QuotingInputFilter)
2019-08-07 04:04:50,464 INFO  http.HttpServer2 (HttpServer2.java:addFilter(948)) - Added filter static_user_filter (class=org.apache.hadoop.http.lib.StaticUserWebFilter$StaticUserFilter) to context hddsDatanode
2019-08-07 04:04:50,464 INFO  http.HttpServer2 (HttpServer2.java:addFilter(958)) - Added filter static_user_filter (class=org.apache.hadoop.http.lib.StaticUserWebFilter$StaticUserFilter) to context logs
2019-08-07 04:04:50,464 INFO  http.HttpServer2 (HttpServer2.java:addFilter(958)) - Added filter static_user_filter (class=org.apache.hadoop.http.lib.StaticUserWebFilter$StaticUserFilter) to context static
2019-08-07 04:04:50,465 INFO  http.HttpServer2 (HttpServer2.java:bindListener(1191)) - Jetty bound to port 46579
2019-08-07 04:04:50,465 INFO  server.Server (Server.java:doStart(351)) - jetty-9.3.24.v20180605, build timestamp: 2018-06-05T17:11:56Z, git hash: 84205aa28f11a4f31f2a3b86d1bba2cc8ab69827
2019-08-07 04:04:50,468 INFO  handler.ContextHandler (ContextHandler.java:doStart(781)) - Started o.e.j.s.ServletContextHandler@5c313224{/logs,file:///workdir/hadoop-ozone/integration-test/target/log,AVAILABLE}
2019-08-07 04:04:50,468 INFO  handler.ContextHandler (ContextHandler.java:doStart(781)) - Started o.e.j.s.ServletContextHandler@4b957db0{/static,jar:file:/home/user/.m2/repository/org/apache/hadoop/hadoop-hdds-container-service/0.4.1-SNAPSHOT/hadoop-hdds-container-service-0.4.1-SNAPSHOT.jar!/webapps/static,AVAILABLE}
2019-08-07 04:04:50,496 INFO  handler.ContextHandler (ContextHandler.java:doStart(781)) - Started o.e.j.w.WebAppContext@69ed5ea2{/,file:///tmp/jetty-0.0.0.0-46579-hddsDatanode-_-any-8930938006043904183.dir/webapp/,AVAILABLE}{/hddsDatanode}
2019-08-07 04:04:50,496 INFO  server.AbstractConnector (AbstractConnector.java:doStart(278)) - Started ServerConnector@56a4abd0{HTTP/1.1,[http/1.1]}{0.0.0.0:46579}
2019-08-07 04:04:50,497 INFO  server.Server (Server.java:doStart(419)) - Started @6775ms
2019-08-07 04:04:50,499 INFO  server.BaseHttpServer (BaseHttpServer.java:updateConnectorAddress(207)) - HTTP server of HDDSDATANODE is listening at http://0.0.0.0:46579
2019-08-07 04:04:50,616 INFO  ozone.HddsDatanodeService (HddsDatanodeService.java:startPlugins(395)) - Started plug-in org.apache.hadoop.ozone.web.OzoneHddsDatanodeService@2589d787
2019-08-07 04:04:50,617 INFO  impl.MetricsSystemImpl (MetricsSystemImpl.java:init(158)) - HddsDatanode metrics system started (again)
2019-08-07 04:04:50,620 INFO  ozone.HddsDatanodeService (HddsDatanodeService.java:start(184)) - HddsDatanodeService host:byscane-nightly-ds7lx-2296511547 ip:192.168.157.245
2019-08-07 04:04:50,620 INFO  util.JvmPauseMonitor (JvmPauseMonitor.java:run(188)) - Starting JVM pause monitor
2019-08-07 04:04:50,623 INFO  datanode.InitDatanodeState (InitDatanodeState.java:persistContainerDatanodeDetails(140)) - DatanodeDetails is persisted to /workdir/hadoop-ozone/integration-test/target/test-dir/MiniOzoneClusterImpl-7026e4b8-6df6-4897-bd33-9f5e93510a50/datanode-3/meta/datanode.id
2019-08-07 04:04:50,627 INFO  volume.HddsVolume (HddsVolume.java:<init>(176)) - Creating Volume: /workdir/hadoop-ozone/integration-test/target/test-dir/MiniOzoneClusterImpl-7026e4b8-6df6-4897-bd33-9f5e93510a50/datanode-4/data/containers/hdds of  storage type : DISK and capacity : 52710309888
2019-08-07 04:04:50,628 INFO  volume.VolumeSet (VolumeSet.java:initializeVolumeSet(170)) - Added Volume : /workdir/hadoop-ozone/integration-test/target/test-dir/MiniOzoneClusterImpl-7026e4b8-6df6-4897-bd33-9f5e93510a50/datanode-4/data/containers/hdds to VolumeSet
2019-08-07 04:04:50,628 INFO  volume.ThrottledAsyncChecker (ThrottledAsyncChecker.java:schedule(140)) - Scheduling a check for org.apache.hadoop.ozone.container.common.volume.HddsVolume@2dc39b53
2019-08-07 04:04:50,629 INFO  volume.HddsVolumeChecker (HddsVolumeChecker.java:checkAllVolumes(203)) - Scheduled health check for volume org.apache.hadoop.ozone.container.common.volume.HddsVolume@2dc39b53
2019-08-07 04:04:50,652 INFO  impl.RaftServerProxy (ConfUtils.java:logGet(43)) - raft.rpc.type = GRPC (default)
2019-08-07 04:04:50,652 INFO  grpc.GrpcFactory (GrpcFactory.java:checkPooledByteBufAllocatorUseCacheForAllThreads(45)) - PERFORMANCE WARNING: useCacheForAllThreads is true that may cause Netty to create a lot garbage objects and, as a result, trigger GC.
	It is recommended to disable useCacheForAllThreads by setting -Dorg.apache.ratis.thirdparty.io.netty.allocator.useCacheForAllThreads=false in command line.
2019-08-07 04:04:50,653 INFO  grpc.GrpcConfigKeys$Server (ConfUtils.java:logGet(43)) - raft.grpc.server.port = 0 (default)
2019-08-07 04:04:50,653 INFO  server.GrpcService (ConfUtils.java:logGet(43)) - raft.grpc.message.size.max = 33570816 (custom)
2019-08-07 04:04:50,653 INFO  server.RaftServerConfigKeys (ConfUtils.java:logGet(43)) - raft.server.log.appender.buffer.byte-limit = 33554432 (custom)
2019-08-07 04:04:50,654 INFO  server.GrpcService (ConfUtils.java:logGet(43)) - raft.grpc.flow.control.window = 1MB (=1048576) (default)
2019-08-07 04:04:50,654 INFO  server.RaftServerConfigKeys (ConfUtils.java:logGet(43)) - raft.server.rpc.request.timeout = 3000ms (default)
2019-08-07 04:04:50,655 INFO  server.RaftServerConfigKeys (ConfUtils.java:logGet(43)) - raft.server.storage.dir = [/workdir/hadoop-ozone/integration-test/target/test-dir/MiniOzoneClusterImpl-7026e4b8-6df6-4897-bd33-9f5e93510a50/datanode-4/data/ratis] (custom)
2019-08-07 04:04:50,656 INFO  replication.SimpleContainerDownloader (SimpleContainerDownloader.java:<init>(72)) - Starting container downloader service to copy containers to replicate.
2019-08-07 04:04:50,658 INFO  hdfs.DFSUtil (DFSUtil.java:httpServerTemplateForNNAndJN(1641)) - Starting Web-server for hddsDatanode at: http://0.0.0.0:0
2019-08-07 04:04:50,660 INFO  server.AuthenticationFilter (AuthenticationFilter.java:constructSecretProvider(240)) - Unable to initialize FileSignerSecretProvider, falling back to use random secrets.
2019-08-07 04:04:50,661 WARN  http.HttpRequestLog (HttpRequestLog.java:getRequestLog(97)) - Jetty request log can only be enabled using Log4j
2019-08-07 04:04:50,663 INFO  http.HttpServer2 (HttpServer2.java:addGlobalFilter(975)) - Added global filter 'safety' (class=org.apache.hadoop.http.HttpServer2$QuotingInputFilter)
2019-08-07 04:04:50,664 INFO  http.HttpServer2 (HttpServer2.java:addFilter(948)) - Added filter static_user_filter (class=org.apache.hadoop.http.lib.StaticUserWebFilter$StaticUserFilter) to context hddsDatanode
2019-08-07 04:04:50,665 INFO  http.HttpServer2 (HttpServer2.java:addFilter(958)) - Added filter static_user_filter (class=org.apache.hadoop.http.lib.StaticUserWebFilter$StaticUserFilter) to context static
2019-08-07 04:04:50,665 INFO  http.HttpServer2 (HttpServer2.java:addFilter(958)) - Added filter static_user_filter (class=org.apache.hadoop.http.lib.StaticUserWebFilter$StaticUserFilter) to context logs
2019-08-07 04:04:50,666 INFO  http.HttpServer2 (HttpServer2.java:bindListener(1191)) - Jetty bound to port 41845
2019-08-07 04:04:50,666 INFO  server.Server (Server.java:doStart(351)) - jetty-9.3.24.v20180605, build timestamp: 2018-06-05T17:11:56Z, git hash: 84205aa28f11a4f31f2a3b86d1bba2cc8ab69827
2019-08-07 04:04:50,673 INFO  handler.ContextHandler (ContextHandler.java:doStart(781)) - Started o.e.j.s.ServletContextHandler@42c12b3e{/logs,file:///workdir/hadoop-ozone/integration-test/target/log,AVAILABLE}
2019-08-07 04:04:50,674 INFO  handler.ContextHandler (ContextHandler.java:doStart(781)) - Started o.e.j.s.ServletContextHandler@46f73ffa{/static,jar:file:/home/user/.m2/repository/org/apache/hadoop/hadoop-hdds-container-service/0.4.1-SNAPSHOT/hadoop-hdds-container-service-0.4.1-SNAPSHOT.jar!/webapps/static,AVAILABLE}
2019-08-07 04:04:50,716 INFO  handler.ContextHandler (ContextHandler.java:doStart(781)) - Started o.e.j.w.WebAppContext@251c90f{/,file:///tmp/jetty-0.0.0.0-41845-hddsDatanode-_-any-6716998799314351586.dir/webapp/,AVAILABLE}{/hddsDatanode}
2019-08-07 04:04:50,718 INFO  server.AbstractConnector (AbstractConnector.java:doStart(278)) - Started ServerConnector@6629643d{HTTP/1.1,[http/1.1]}{0.0.0.0:41845}
2019-08-07 04:04:50,718 INFO  server.Server (Server.java:doStart(419)) - Started @6996ms
2019-08-07 04:04:50,719 INFO  server.BaseHttpServer (BaseHttpServer.java:updateConnectorAddress(207)) - HTTP server of HDDSDATANODE is listening at http://0.0.0.0:41845
2019-08-07 04:04:50,838 INFO  ozone.HddsDatanodeService (HddsDatanodeService.java:startPlugins(395)) - Started plug-in org.apache.hadoop.ozone.web.OzoneHddsDatanodeService@1c3b6963
2019-08-07 04:04:50,838 INFO  impl.MetricsSystemImpl (MetricsSystemImpl.java:init(158)) - HddsDatanode metrics system started (again)
2019-08-07 04:04:50,842 INFO  ozone.HddsDatanodeService (HddsDatanodeService.java:start(184)) - HddsDatanodeService host:byscane-nightly-ds7lx-2296511547 ip:192.168.157.245
2019-08-07 04:04:50,843 INFO  util.JvmPauseMonitor (JvmPauseMonitor.java:run(188)) - Starting JVM pause monitor
2019-08-07 04:04:50,846 INFO  datanode.InitDatanodeState (InitDatanodeState.java:persistContainerDatanodeDetails(140)) - DatanodeDetails is persisted to /workdir/hadoop-ozone/integration-test/target/test-dir/MiniOzoneClusterImpl-7026e4b8-6df6-4897-bd33-9f5e93510a50/datanode-4/meta/datanode.id
2019-08-07 04:04:50,851 INFO  volume.HddsVolume (HddsVolume.java:<init>(176)) - Creating Volume: /workdir/hadoop-ozone/integration-test/target/test-dir/MiniOzoneClusterImpl-7026e4b8-6df6-4897-bd33-9f5e93510a50/datanode-5/data/containers/hdds of  storage type : DISK and capacity : 52710309888
2019-08-07 04:04:50,852 INFO  volume.VolumeSet (VolumeSet.java:initializeVolumeSet(170)) - Added Volume : /workdir/hadoop-ozone/integration-test/target/test-dir/MiniOzoneClusterImpl-7026e4b8-6df6-4897-bd33-9f5e93510a50/datanode-5/data/containers/hdds to VolumeSet
2019-08-07 04:04:50,852 INFO  volume.ThrottledAsyncChecker (ThrottledAsyncChecker.java:schedule(140)) - Scheduling a check for org.apache.hadoop.ozone.container.common.volume.HddsVolume@4bc9ca97
2019-08-07 04:04:50,853 INFO  volume.HddsVolumeChecker (HddsVolumeChecker.java:checkAllVolumes(203)) - Scheduled health check for volume org.apache.hadoop.ozone.container.common.volume.HddsVolume@4bc9ca97
2019-08-07 04:04:50,867 INFO  impl.RaftServerProxy (ConfUtils.java:logGet(43)) - raft.rpc.type = GRPC (default)
2019-08-07 04:04:50,867 INFO  grpc.GrpcFactory (GrpcFactory.java:checkPooledByteBufAllocatorUseCacheForAllThreads(45)) - PERFORMANCE WARNING: useCacheForAllThreads is true that may cause Netty to create a lot garbage objects and, as a result, trigger GC.
	It is recommended to disable useCacheForAllThreads by setting -Dorg.apache.ratis.thirdparty.io.netty.allocator.useCacheForAllThreads=false in command line.
2019-08-07 04:04:50,868 INFO  grpc.GrpcConfigKeys$Server (ConfUtils.java:logGet(43)) - raft.grpc.server.port = 0 (default)
2019-08-07 04:04:50,868 INFO  server.GrpcService (ConfUtils.java:logGet(43)) - raft.grpc.message.size.max = 33570816 (custom)
2019-08-07 04:04:50,868 INFO  server.RaftServerConfigKeys (ConfUtils.java:logGet(43)) - raft.server.log.appender.buffer.byte-limit = 33554432 (custom)
2019-08-07 04:04:50,868 INFO  server.GrpcService (ConfUtils.java:logGet(43)) - raft.grpc.flow.control.window = 1MB (=1048576) (default)
2019-08-07 04:04:50,869 INFO  server.RaftServerConfigKeys (ConfUtils.java:logGet(43)) - raft.server.rpc.request.timeout = 3000ms (default)
2019-08-07 04:04:50,869 INFO  server.RaftServerConfigKeys (ConfUtils.java:logGet(43)) - raft.server.storage.dir = [/workdir/hadoop-ozone/integration-test/target/test-dir/MiniOzoneClusterImpl-7026e4b8-6df6-4897-bd33-9f5e93510a50/datanode-5/data/ratis] (custom)
2019-08-07 04:04:50,870 INFO  replication.SimpleContainerDownloader (SimpleContainerDownloader.java:<init>(72)) - Starting container downloader service to copy containers to replicate.
2019-08-07 04:04:50,871 INFO  hdfs.DFSUtil (DFSUtil.java:httpServerTemplateForNNAndJN(1641)) - Starting Web-server for hddsDatanode at: http://0.0.0.0:0
2019-08-07 04:04:50,872 INFO  server.AuthenticationFilter (AuthenticationFilter.java:constructSecretProvider(240)) - Unable to initialize FileSignerSecretProvider, falling back to use random secrets.
2019-08-07 04:04:50,873 WARN  http.HttpRequestLog (HttpRequestLog.java:getRequestLog(97)) - Jetty request log can only be enabled using Log4j
2019-08-07 04:04:50,874 INFO  http.HttpServer2 (HttpServer2.java:addGlobalFilter(975)) - Added global filter 'safety' (class=org.apache.hadoop.http.HttpServer2$QuotingInputFilter)
2019-08-07 04:04:50,874 INFO  http.HttpServer2 (HttpServer2.java:addFilter(948)) - Added filter static_user_filter (class=org.apache.hadoop.http.lib.StaticUserWebFilter$StaticUserFilter) to context hddsDatanode
2019-08-07 04:04:50,875 INFO  http.HttpServer2 (HttpServer2.java:addFilter(958)) - Added filter static_user_filter (class=org.apache.hadoop.http.lib.StaticUserWebFilter$StaticUserFilter) to context logs
2019-08-07 04:04:50,875 INFO  http.HttpServer2 (HttpServer2.java:addFilter(958)) - Added filter static_user_filter (class=org.apache.hadoop.http.lib.StaticUserWebFilter$StaticUserFilter) to context static
2019-08-07 04:04:50,876 INFO  http.HttpServer2 (HttpServer2.java:bindListener(1191)) - Jetty bound to port 42900
2019-08-07 04:04:50,876 INFO  server.Server (Server.java:doStart(351)) - jetty-9.3.24.v20180605, build timestamp: 2018-06-05T17:11:56Z, git hash: 84205aa28f11a4f31f2a3b86d1bba2cc8ab69827
2019-08-07 04:04:50,878 INFO  handler.ContextHandler (ContextHandler.java:doStart(781)) - Started o.e.j.s.ServletContextHandler@3f048c86{/logs,file:///workdir/hadoop-ozone/integration-test/target/log,AVAILABLE}
2019-08-07 04:04:50,879 INFO  handler.ContextHandler (ContextHandler.java:doStart(781)) - Started o.e.j.s.ServletContextHandler@1de13f34{/static,jar:file:/home/user/.m2/repository/org/apache/hadoop/hadoop-hdds-container-service/0.4.1-SNAPSHOT/hadoop-hdds-container-service-0.4.1-SNAPSHOT.jar!/webapps/static,AVAILABLE}
2019-08-07 04:04:50,907 INFO  handler.ContextHandler (ContextHandler.java:doStart(781)) - Started o.e.j.w.WebAppContext@256589a1{/,file:///tmp/jetty-0.0.0.0-42900-hddsDatanode-_-any-4511656181107826734.dir/webapp/,AVAILABLE}{/hddsDatanode}
2019-08-07 04:04:50,908 INFO  server.AbstractConnector (AbstractConnector.java:doStart(278)) - Started ServerConnector@935493d{HTTP/1.1,[http/1.1]}{0.0.0.0:42900}
2019-08-07 04:04:50,909 INFO  server.Server (Server.java:doStart(419)) - Started @7186ms
2019-08-07 04:04:50,909 INFO  server.BaseHttpServer (BaseHttpServer.java:updateConnectorAddress(207)) - HTTP server of HDDSDATANODE is listening at http://0.0.0.0:42900
2019-08-07 04:04:51,029 INFO  ozone.HddsDatanodeService (HddsDatanodeService.java:startPlugins(395)) - Started plug-in org.apache.hadoop.ozone.web.OzoneHddsDatanodeService@69d103f0
2019-08-07 04:04:51,029 INFO  impl.MetricsSystemImpl (MetricsSystemImpl.java:init(158)) - HddsDatanode metrics system started (again)
2019-08-07 04:04:51,033 INFO  ozone.HddsDatanodeService (HddsDatanodeService.java:start(184)) - HddsDatanodeService host:byscane-nightly-ds7lx-2296511547 ip:192.168.157.245
2019-08-07 04:04:51,035 INFO  util.JvmPauseMonitor (JvmPauseMonitor.java:run(188)) - Starting JVM pause monitor
2019-08-07 04:04:51,038 INFO  datanode.InitDatanodeState (InitDatanodeState.java:persistContainerDatanodeDetails(140)) - DatanodeDetails is persisted to /workdir/hadoop-ozone/integration-test/target/test-dir/MiniOzoneClusterImpl-7026e4b8-6df6-4897-bd33-9f5e93510a50/datanode-5/meta/datanode.id
2019-08-07 04:04:51,042 INFO  volume.HddsVolume (HddsVolume.java:<init>(176)) - Creating Volume: /workdir/hadoop-ozone/integration-test/target/test-dir/MiniOzoneClusterImpl-7026e4b8-6df6-4897-bd33-9f5e93510a50/datanode-6/data/containers/hdds of  storage type : DISK and capacity : 52710309888
2019-08-07 04:04:51,042 INFO  volume.VolumeSet (VolumeSet.java:initializeVolumeSet(170)) - Added Volume : /workdir/hadoop-ozone/integration-test/target/test-dir/MiniOzoneClusterImpl-7026e4b8-6df6-4897-bd33-9f5e93510a50/datanode-6/data/containers/hdds to VolumeSet
2019-08-07 04:04:51,042 INFO  volume.ThrottledAsyncChecker (ThrottledAsyncChecker.java:schedule(140)) - Scheduling a check for org.apache.hadoop.ozone.container.common.volume.HddsVolume@120df990
2019-08-07 04:04:51,043 INFO  volume.HddsVolumeChecker (HddsVolumeChecker.java:checkAllVolumes(203)) - Scheduled health check for volume org.apache.hadoop.ozone.container.common.volume.HddsVolume@120df990
2019-08-07 04:04:51,058 INFO  impl.RaftServerProxy (ConfUtils.java:logGet(43)) - raft.rpc.type = GRPC (default)
2019-08-07 04:04:51,058 INFO  grpc.GrpcFactory (GrpcFactory.java:checkPooledByteBufAllocatorUseCacheForAllThreads(45)) - PERFORMANCE WARNING: useCacheForAllThreads is true that may cause Netty to create a lot garbage objects and, as a result, trigger GC.
	It is recommended to disable useCacheForAllThreads by setting -Dorg.apache.ratis.thirdparty.io.netty.allocator.useCacheForAllThreads=false in command line.
2019-08-07 04:04:51,058 INFO  grpc.GrpcConfigKeys$Server (ConfUtils.java:logGet(43)) - raft.grpc.server.port = 0 (default)
2019-08-07 04:04:51,058 INFO  server.GrpcService (ConfUtils.java:logGet(43)) - raft.grpc.message.size.max = 33570816 (custom)
2019-08-07 04:04:51,059 INFO  server.RaftServerConfigKeys (ConfUtils.java:logGet(43)) - raft.server.log.appender.buffer.byte-limit = 33554432 (custom)
2019-08-07 04:04:51,059 INFO  server.GrpcService (ConfUtils.java:logGet(43)) - raft.grpc.flow.control.window = 1MB (=1048576) (default)
2019-08-07 04:04:51,059 INFO  server.RaftServerConfigKeys (ConfUtils.java:logGet(43)) - raft.server.rpc.request.timeout = 3000ms (default)
2019-08-07 04:04:51,060 INFO  server.RaftServerConfigKeys (ConfUtils.java:logGet(43)) - raft.server.storage.dir = [/workdir/hadoop-ozone/integration-test/target/test-dir/MiniOzoneClusterImpl-7026e4b8-6df6-4897-bd33-9f5e93510a50/datanode-6/data/ratis] (custom)
2019-08-07 04:04:51,060 INFO  replication.SimpleContainerDownloader (SimpleContainerDownloader.java:<init>(72)) - Starting container downloader service to copy containers to replicate.
2019-08-07 04:04:51,061 INFO  hdfs.DFSUtil (DFSUtil.java:httpServerTemplateForNNAndJN(1641)) - Starting Web-server for hddsDatanode at: http://0.0.0.0:0
2019-08-07 04:04:51,063 INFO  server.AuthenticationFilter (AuthenticationFilter.java:constructSecretProvider(240)) - Unable to initialize FileSignerSecretProvider, falling back to use random secrets.
2019-08-07 04:04:51,063 WARN  http.HttpRequestLog (HttpRequestLog.java:getRequestLog(97)) - Jetty request log can only be enabled using Log4j
2019-08-07 04:04:51,064 INFO  http.HttpServer2 (HttpServer2.java:addGlobalFilter(975)) - Added global filter 'safety' (class=org.apache.hadoop.http.HttpServer2$QuotingInputFilter)
2019-08-07 04:04:51,065 INFO  http.HttpServer2 (HttpServer2.java:addFilter(948)) - Added filter static_user_filter (class=org.apache.hadoop.http.lib.StaticUserWebFilter$StaticUserFilter) to context hddsDatanode
2019-08-07 04:04:51,065 INFO  http.HttpServer2 (HttpServer2.java:addFilter(958)) - Added filter static_user_filter (class=org.apache.hadoop.http.lib.StaticUserWebFilter$StaticUserFilter) to context logs
2019-08-07 04:04:51,065 INFO  http.HttpServer2 (HttpServer2.java:addFilter(958)) - Added filter static_user_filter (class=org.apache.hadoop.http.lib.StaticUserWebFilter$StaticUserFilter) to context static
2019-08-07 04:04:51,066 INFO  http.HttpServer2 (HttpServer2.java:bindListener(1191)) - Jetty bound to port 40771
2019-08-07 04:04:51,066 INFO  server.Server (Server.java:doStart(351)) - jetty-9.3.24.v20180605, build timestamp: 2018-06-05T17:11:56Z, git hash: 84205aa28f11a4f31f2a3b86d1bba2cc8ab69827
2019-08-07 04:04:51,069 INFO  handler.ContextHandler (ContextHandler.java:doStart(781)) - Started o.e.j.s.ServletContextHandler@4466cf5d{/logs,file:///workdir/hadoop-ozone/integration-test/target/log,AVAILABLE}
2019-08-07 04:04:51,069 INFO  handler.ContextHandler (ContextHandler.java:doStart(781)) - Started o.e.j.s.ServletContextHandler@2450256f{/static,jar:file:/home/user/.m2/repository/org/apache/hadoop/hadoop-hdds-container-service/0.4.1-SNAPSHOT/hadoop-hdds-container-service-0.4.1-SNAPSHOT.jar!/webapps/static,AVAILABLE}
2019-08-07 04:04:51,097 INFO  handler.ContextHandler (ContextHandler.java:doStart(781)) - Started o.e.j.w.WebAppContext@61a87366{/,file:///tmp/jetty-0.0.0.0-40771-hddsDatanode-_-any-630548826138866352.dir/webapp/,AVAILABLE}{/hddsDatanode}
2019-08-07 04:04:51,098 INFO  server.AbstractConnector (AbstractConnector.java:doStart(278)) - Started ServerConnector@3c33fcf8{HTTP/1.1,[http/1.1]}{0.0.0.0:40771}
2019-08-07 04:04:51,099 INFO  server.Server (Server.java:doStart(419)) - Started @7376ms
2019-08-07 04:04:51,099 INFO  server.BaseHttpServer (BaseHttpServer.java:updateConnectorAddress(207)) - HTTP server of HDDSDATANODE is listening at http://0.0.0.0:40771
2019-08-07 04:04:51,322 INFO  ozone.HddsDatanodeService (HddsDatanodeService.java:startPlugins(395)) - Started plug-in org.apache.hadoop.ozone.web.OzoneHddsDatanodeService@33627576
2019-08-07 04:04:51,325 INFO  ozone.MiniOzoneClusterImpl (MiniOzoneClusterImpl.java:lambda$waitForClusterToBeReady$0(142)) - Waiting for cluster to be ready. Got 0 of 7 DN Heartbeats.
2019-08-07 04:04:51,326 INFO  util.JvmPauseMonitor (JvmPauseMonitor.java:run(188)) - Starting JVM pause monitor
2019-08-07 04:04:51,329 INFO  datanode.InitDatanodeState (InitDatanodeState.java:persistContainerDatanodeDetails(140)) - DatanodeDetails is persisted to /workdir/hadoop-ozone/integration-test/target/test-dir/MiniOzoneClusterImpl-7026e4b8-6df6-4897-bd33-9f5e93510a50/datanode-6/meta/datanode.id
2019-08-07 04:04:52,077 INFO  ozoneimpl.OzoneContainer (OzoneContainer.java:start(186)) - Attempting to start container services.
2019-08-07 04:04:52,079 INFO  ozoneimpl.OzoneContainer (OzoneContainer.java:startContainerScrub(160)) - Background container scrubber has been disabled by hdds.containerscrub.enabled
2019-08-07 04:04:52,079 INFO  ratis.XceiverServerRatis (XceiverServerRatis.java:start(404)) - Starting XceiverServerRatis d49b19ea-6ba3-479d-bc88-273610ee8dcd at port 0
2019-08-07 04:04:52,103 INFO  impl.RaftServerProxy (RaftServerProxy.java:lambda$start$3(299)) - d49b19ea-6ba3-479d-bc88-273610ee8dcd: start RPC server
2019-08-07 04:04:52,253 INFO  server.GrpcService (GrpcService.java:startImpl(149)) - d49b19ea-6ba3-479d-bc88-273610ee8dcd: GrpcService started, listening on 0.0.0.0/0.0.0.0:38694
2019-08-07 04:04:52,254 INFO  ratis.XceiverServerRatis (XceiverServerRatis.java:start(414)) - XceiverServerRatis d49b19ea-6ba3-479d-bc88-273610ee8dcd is started using port 38694
2019-08-07 04:04:52,256 INFO  ozoneimpl.OzoneContainer (OzoneContainer.java:start(186)) - Attempting to start container services.
2019-08-07 04:04:52,256 INFO  server.XceiverServerGrpc (XceiverServerGrpc.java:start(161)) - XceiverServerGrpc d49b19ea-6ba3-479d-bc88-273610ee8dcd is started using port 35257
2019-08-07 04:04:52,258 INFO  ozoneimpl.OzoneContainer (OzoneContainer.java:startContainerScrub(160)) - Background container scrubber has been disabled by hdds.containerscrub.enabled
2019-08-07 04:04:52,258 INFO  ratis.XceiverServerRatis (XceiverServerRatis.java:start(404)) - Starting XceiverServerRatis a97530da-6325-42dd-bbf1-858bb8a52e40 at port 0
2019-08-07 04:04:52,268 INFO  impl.RaftServerProxy (RaftServerProxy.java:lambda$start$3(299)) - a97530da-6325-42dd-bbf1-858bb8a52e40: start RPC server
2019-08-07 04:04:52,271 INFO  server.GrpcService (GrpcService.java:startImpl(149)) - a97530da-6325-42dd-bbf1-858bb8a52e40: GrpcService started, listening on 0.0.0.0/0.0.0.0:44184
2019-08-07 04:04:52,271 INFO  ratis.XceiverServerRatis (XceiverServerRatis.java:start(414)) - XceiverServerRatis a97530da-6325-42dd-bbf1-858bb8a52e40 is started using port 44184
2019-08-07 04:04:52,273 INFO  server.XceiverServerGrpc (XceiverServerGrpc.java:start(161)) - XceiverServerGrpc a97530da-6325-42dd-bbf1-858bb8a52e40 is started using port 37949
2019-08-07 04:04:52,325 INFO  ozone.MiniOzoneClusterImpl (MiniOzoneClusterImpl.java:lambda$waitForClusterToBeReady$0(142)) - Waiting for cluster to be ready. Got 0 of 7 DN Heartbeats.
2019-08-07 04:04:52,450 INFO  ozoneimpl.OzoneContainer (OzoneContainer.java:start(186)) - Attempting to start container services.
2019-08-07 04:04:52,452 INFO  ozoneimpl.OzoneContainer (OzoneContainer.java:startContainerScrub(160)) - Background container scrubber has been disabled by hdds.containerscrub.enabled
2019-08-07 04:04:52,452 INFO  ratis.XceiverServerRatis (XceiverServerRatis.java:start(404)) - Starting XceiverServerRatis 7adafec3-b0f2-463f-af01-7d468c370e20 at port 0
2019-08-07 04:04:52,461 INFO  impl.RaftServerProxy (RaftServerProxy.java:lambda$start$3(299)) - 7adafec3-b0f2-463f-af01-7d468c370e20: start RPC server
2019-08-07 04:04:52,465 INFO  server.GrpcService (GrpcService.java:startImpl(149)) - 7adafec3-b0f2-463f-af01-7d468c370e20: GrpcService started, listening on 0.0.0.0/0.0.0.0:33920
2019-08-07 04:04:52,465 INFO  ratis.XceiverServerRatis (XceiverServerRatis.java:start(414)) - XceiverServerRatis 7adafec3-b0f2-463f-af01-7d468c370e20 is started using port 33920
2019-08-07 04:04:52,468 INFO  server.XceiverServerGrpc (XceiverServerGrpc.java:start(161)) - XceiverServerGrpc 7adafec3-b0f2-463f-af01-7d468c370e20 is started using port 35912
2019-08-07 04:04:52,639 INFO  ozoneimpl.OzoneContainer (OzoneContainer.java:start(186)) - Attempting to start container services.
2019-08-07 04:04:52,645 INFO  ozoneimpl.OzoneContainer (OzoneContainer.java:startContainerScrub(160)) - Background container scrubber has been disabled by hdds.containerscrub.enabled
2019-08-07 04:04:52,645 INFO  ratis.XceiverServerRatis (XceiverServerRatis.java:start(404)) - Starting XceiverServerRatis f7b9037a-943b-46c6-85ee-08a8477532e9 at port 0
2019-08-07 04:04:52,653 INFO  impl.RaftServerProxy (RaftServerProxy.java:lambda$start$3(299)) - f7b9037a-943b-46c6-85ee-08a8477532e9: start RPC server
2019-08-07 04:04:52,657 INFO  server.GrpcService (GrpcService.java:startImpl(149)) - f7b9037a-943b-46c6-85ee-08a8477532e9: GrpcService started, listening on 0.0.0.0/0.0.0.0:44603
2019-08-07 04:04:52,657 INFO  ratis.XceiverServerRatis (XceiverServerRatis.java:start(414)) - XceiverServerRatis f7b9037a-943b-46c6-85ee-08a8477532e9 is started using port 44603
2019-08-07 04:04:52,660 INFO  server.XceiverServerGrpc (XceiverServerGrpc.java:start(161)) - XceiverServerGrpc f7b9037a-943b-46c6-85ee-08a8477532e9 is started using port 46849
2019-08-07 04:04:52,861 INFO  ozoneimpl.OzoneContainer (OzoneContainer.java:start(186)) - Attempting to start container services.
2019-08-07 04:04:52,861 INFO  ozoneimpl.OzoneContainer (OzoneContainer.java:startContainerScrub(160)) - Background container scrubber has been disabled by hdds.containerscrub.enabled
2019-08-07 04:04:52,861 INFO  ratis.XceiverServerRatis (XceiverServerRatis.java:start(404)) - Starting XceiverServerRatis 6c6467a9-1f52-40cc-ac68-0360210b74cd at port 0
2019-08-07 04:04:52,871 INFO  impl.RaftServerProxy (RaftServerProxy.java:lambda$start$3(299)) - 6c6467a9-1f52-40cc-ac68-0360210b74cd: start RPC server
2019-08-07 04:04:52,876 INFO  server.GrpcService (GrpcService.java:startImpl(149)) - 6c6467a9-1f52-40cc-ac68-0360210b74cd: GrpcService started, listening on 0.0.0.0/0.0.0.0:46524
2019-08-07 04:04:52,876 INFO  ratis.XceiverServerRatis (XceiverServerRatis.java:start(414)) - XceiverServerRatis 6c6467a9-1f52-40cc-ac68-0360210b74cd is started using port 46524
2019-08-07 04:04:52,879 INFO  server.XceiverServerGrpc (XceiverServerGrpc.java:start(161)) - XceiverServerGrpc 6c6467a9-1f52-40cc-ac68-0360210b74cd is started using port 43634
2019-08-07 04:04:53,052 INFO  ozoneimpl.OzoneContainer (OzoneContainer.java:start(186)) - Attempting to start container services.
2019-08-07 04:04:53,052 INFO  ozoneimpl.OzoneContainer (OzoneContainer.java:startContainerScrub(160)) - Background container scrubber has been disabled by hdds.containerscrub.enabled
2019-08-07 04:04:53,052 INFO  ratis.XceiverServerRatis (XceiverServerRatis.java:start(404)) - Starting XceiverServerRatis 0b21f3e6-f0c2-43e8-b6d9-5d75b3b4759c at port 0
2019-08-07 04:04:53,062 INFO  impl.RaftServerProxy (RaftServerProxy.java:lambda$start$3(299)) - 0b21f3e6-f0c2-43e8-b6d9-5d75b3b4759c: start RPC server
2019-08-07 04:04:53,067 INFO  server.GrpcService (GrpcService.java:startImpl(149)) - 0b21f3e6-f0c2-43e8-b6d9-5d75b3b4759c: GrpcService started, listening on 0.0.0.0/0.0.0.0:36595
2019-08-07 04:04:53,067 INFO  ratis.XceiverServerRatis (XceiverServerRatis.java:start(414)) - XceiverServerRatis 0b21f3e6-f0c2-43e8-b6d9-5d75b3b4759c is started using port 36595
2019-08-07 04:04:53,071 INFO  server.XceiverServerGrpc (XceiverServerGrpc.java:start(161)) - XceiverServerGrpc 0b21f3e6-f0c2-43e8-b6d9-5d75b3b4759c is started using port 42482
2019-08-07 04:04:53,326 INFO  ozone.MiniOzoneClusterImpl (MiniOzoneClusterImpl.java:lambda$waitForClusterToBeReady$0(142)) - Waiting for cluster to be ready. Got 0 of 7 DN Heartbeats.
2019-08-07 04:04:53,344 INFO  ozoneimpl.OzoneContainer (OzoneContainer.java:start(186)) - Attempting to start container services.
2019-08-07 04:04:53,344 INFO  ozoneimpl.OzoneContainer (OzoneContainer.java:startContainerScrub(160)) - Background container scrubber has been disabled by hdds.containerscrub.enabled
2019-08-07 04:04:53,344 INFO  ratis.XceiverServerRatis (XceiverServerRatis.java:start(404)) - Starting XceiverServerRatis f49ca53a-90dd-4043-8db0-75f56fae1500 at port 0
2019-08-07 04:04:53,353 INFO  impl.RaftServerProxy (RaftServerProxy.java:lambda$start$3(299)) - f49ca53a-90dd-4043-8db0-75f56fae1500: start RPC server
2019-08-07 04:04:53,358 INFO  server.GrpcService (GrpcService.java:startImpl(149)) - f49ca53a-90dd-4043-8db0-75f56fae1500: GrpcService started, listening on 0.0.0.0/0.0.0.0:39800
2019-08-07 04:04:53,358 INFO  ratis.XceiverServerRatis (XceiverServerRatis.java:start(414)) - XceiverServerRatis f49ca53a-90dd-4043-8db0-75f56fae1500 is started using port 39800
2019-08-07 04:04:53,362 INFO  server.XceiverServerGrpc (XceiverServerGrpc.java:start(161)) - XceiverServerGrpc f49ca53a-90dd-4043-8db0-75f56fae1500 is started using port 36229
2019-08-07 04:04:54,065 INFO  net.NetworkTopology (NetworkTopologyImpl.java:add(110)) - Added a new node: /default-rack/d49b19ea-6ba3-479d-bc88-273610ee8dcd
2019-08-07 04:04:54,066 INFO  node.SCMNodeManager (SCMNodeManager.java:register(273)) - Registered Data node : d49b19ea-6ba3-479d-bc88-273610ee8dcd{ip: 192.168.157.245, host: byscane-nightly-ds7lx-2296511547, networkLocation: /default-rack, certSerialId: null}
2019-08-07 04:04:54,072 INFO  safemode.SCMSafeModeManager (DataNodeSafeModeRule.java:process(71)) - SCM in safe mode. 1 DataNodes registered, 1 required.
2019-08-07 04:04:54,073 INFO  safemode.SCMSafeModeManager (SCMSafeModeManager.java:validateSafeModeExitRules(177)) - ScmSafeModeManager, all rules are successfully validated
2019-08-07 04:04:54,073 INFO  safemode.SCMSafeModeManager (SCMSafeModeManager.java:exitSafeMode(193)) - SCM exiting safe mode.
2019-08-07 04:04:54,241 INFO  net.NetworkTopology (NetworkTopologyImpl.java:add(110)) - Added a new node: /default-rack/a97530da-6325-42dd-bbf1-858bb8a52e40
2019-08-07 04:04:54,241 INFO  node.SCMNodeManager (SCMNodeManager.java:register(273)) - Registered Data node : a97530da-6325-42dd-bbf1-858bb8a52e40{ip: 192.168.157.245, host: byscane-nightly-ds7lx-2296511547, networkLocation: /default-rack, certSerialId: null}
2019-08-07 04:04:54,329 INFO  ozone.MiniOzoneClusterImpl (MiniOzoneClusterImpl.java:lambda$waitForClusterToBeReady$0(142)) - Waiting for cluster to be ready. Got 2 of 7 DN Heartbeats.
2019-08-07 04:04:54,435 INFO  net.NetworkTopology (NetworkTopologyImpl.java:add(110)) - Added a new node: /default-rack/7adafec3-b0f2-463f-af01-7d468c370e20
2019-08-07 04:04:54,436 INFO  node.SCMNodeManager (SCMNodeManager.java:register(273)) - Registered Data node : 7adafec3-b0f2-463f-af01-7d468c370e20{ip: 192.168.157.245, host: byscane-nightly-ds7lx-2296511547, networkLocation: /default-rack, certSerialId: null}
2019-08-07 04:04:54,624 INFO  net.NetworkTopology (NetworkTopologyImpl.java:add(110)) - Added a new node: /default-rack/f7b9037a-943b-46c6-85ee-08a8477532e9
2019-08-07 04:04:54,624 INFO  node.SCMNodeManager (SCMNodeManager.java:register(273)) - Registered Data node : f7b9037a-943b-46c6-85ee-08a8477532e9{ip: 192.168.157.245, host: byscane-nightly-ds7lx-2296511547, networkLocation: /default-rack, certSerialId: null}
2019-08-07 04:04:54,980 INFO  net.NetworkTopology (NetworkTopologyImpl.java:add(110)) - Added a new node: /default-rack/6c6467a9-1f52-40cc-ac68-0360210b74cd
2019-08-07 04:04:54,981 INFO  node.SCMNodeManager (SCMNodeManager.java:register(273)) - Registered Data node : 6c6467a9-1f52-40cc-ac68-0360210b74cd{ip: 192.168.157.245, host: byscane-nightly-ds7lx-2296511547, networkLocation: /default-rack, certSerialId: null}
2019-08-07 04:04:54,992 INFO  impl.RaftServerProxy (RaftServerProxy.java:addNew(89)) - d49b19ea-6ba3-479d-bc88-273610ee8dcd: addNew group-AF772C03EB60:[d49b19ea-6ba3-479d-bc88-273610ee8dcd:192.168.157.245:38694] returns group-AF772C03EB60:java.util.concurrent.CompletableFuture@42729930[Not completed]
2019-08-07 04:04:55,022 INFO  impl.RaftServerImpl (RaftServerImpl.java:<init>(93)) - d49b19ea-6ba3-479d-bc88-273610ee8dcd: new RaftServerImpl for group-AF772C03EB60:[d49b19ea-6ba3-479d-bc88-273610ee8dcd:192.168.157.245:38694] with ContainerStateMachine:uninitialized
2019-08-07 04:04:55,025 INFO  server.RaftServerConfigKeys (ConfUtils.java:logGet(43)) - raft.server.rpc.timeout.min = 5s (custom)
2019-08-07 04:04:55,027 INFO  server.RaftServerConfigKeys (ConfUtils.java:logGet(43)) - raft.server.rpc.timeout.max = 5200ms (custom)
2019-08-07 04:04:55,027 INFO  server.RaftServerConfigKeys (ConfUtils.java:logGet(43)) - raft.server.rpcslowness.timeout = 120s (custom)
2019-08-07 04:04:55,028 INFO  server.RaftServerConfigKeys (ConfUtils.java:logGet(43)) - raft.server.sleep.deviation.threshold = 300 (default)
2019-08-07 04:04:55,029 INFO  server.RaftServerConfigKeys (ConfUtils.java:logGet(43)) - raft.server.log.appender.install.snapshot.enabled = false (custom)
2019-08-07 04:04:55,038 INFO  net.NetworkTopology (NetworkTopologyImpl.java:add(110)) - Added a new node: /default-rack/0b21f3e6-f0c2-43e8-b6d9-5d75b3b4759c
2019-08-07 04:04:55,038 INFO  node.SCMNodeManager (SCMNodeManager.java:register(273)) - Registered Data node : 0b21f3e6-f0c2-43e8-b6d9-5d75b3b4759c{ip: 192.168.157.245, host: byscane-nightly-ds7lx-2296511547, networkLocation: /default-rack, certSerialId: null}
2019-08-07 04:04:55,040 INFO  impl.RaftServerImpl (ServerState.java:<init>(105)) - d49b19ea-6ba3-479d-bc88-273610ee8dcd:group-AF772C03EB60 ConfigurationManager, init=-1: [d49b19ea-6ba3-479d-bc88-273610ee8dcd:192.168.157.245:38694], old=null, confs=<EMPTY_MAP>
2019-08-07 04:04:55,040 INFO  server.RaftServerConfigKeys (ConfUtils.java:logGet(43)) - raft.server.storage.dir = [/workdir/hadoop-ozone/integration-test/target/test-dir/MiniOzoneClusterImpl-7026e4b8-6df6-4897-bd33-9f5e93510a50/datanode-0/data/ratis] (custom)
2019-08-07 04:04:55,049 INFO  storage.RaftStorageDirectory (RaftStorageDirectory.java:analyzeStorage(246)) - The storage directory /workdir/hadoop-ozone/integration-test/target/test-dir/MiniOzoneClusterImpl-7026e4b8-6df6-4897-bd33-9f5e93510a50/datanode-0/data/ratis/cf58c0e7-10f6-4cf8-8f26-af772c03eb60 does not exist. Creating ...
2019-08-07 04:04:55,066 INFO  storage.RaftStorageDirectory (RaftStorageDirectory.java:tryLock(328)) - Lock on /workdir/hadoop-ozone/integration-test/target/test-dir/MiniOzoneClusterImpl-7026e4b8-6df6-4897-bd33-9f5e93510a50/datanode-0/data/ratis/cf58c0e7-10f6-4cf8-8f26-af772c03eb60/in_use.lock acquired by nodename 30074@byscane-nightly-ds7lx-2296511547
2019-08-07 04:04:55,081 INFO  storage.RaftStorage (RaftStorage.java:format(72)) - Storage directory /workdir/hadoop-ozone/integration-test/target/test-dir/MiniOzoneClusterImpl-7026e4b8-6df6-4897-bd33-9f5e93510a50/datanode-0/data/ratis/cf58c0e7-10f6-4cf8-8f26-af772c03eb60 has been successfully formatted.
2019-08-07 04:04:55,084 INFO  ratis.ContainerStateMachine (ContainerStateMachine.java:loadSnapshot(213)) - group-AF772C03EB60: The snapshot info is null. Setting the last applied indexto:(t:0, i:~)
2019-08-07 04:04:55,085 INFO  server.RaftServerConfigKeys (ConfUtils.java:logGet(43)) - raft.server.leader.election.timeout = 120s (custom)
2019-08-07 04:04:55,088 INFO  server.RaftServerConfigKeys (ConfUtils.java:logGet(43)) - raft.server.log.use.memory = false (default)
2019-08-07 04:04:55,096 INFO  server.RaftServerConfigKeys (ConfUtils.java:logGet(43)) - raft.server.log.purge.gap = 1000000000 (custom)
2019-08-07 04:04:55,096 INFO  server.RaftServerConfigKeys (ConfUtils.java:logGet(43)) - raft.server.log.appender.buffer.byte-limit = 33554432 (custom)
2019-08-07 04:04:55,097 INFO  server.RaftServerConfigKeys (ConfUtils.java:logGet(43)) - raft.server.log.segment.size.max = 1048576 (custom)
2019-08-07 04:04:55,102 INFO  server.RaftServerConfigKeys (ConfUtils.java:logGet(43)) - raft.server.log.segment.cache.num.max = 2 (custom)
2019-08-07 04:04:55,110 INFO  segmented.SegmentedRaftLogWorker (SegmentedRaftLogWorker.java:<init>(172)) - new d49b19ea-6ba3-479d-bc88-273610ee8dcd-SegmentedRaftLogWorker:Storage Directory /workdir/hadoop-ozone/integration-test/target/test-dir/MiniOzoneClusterImpl-7026e4b8-6df6-4897-bd33-9f5e93510a50/datanode-0/data/ratis/cf58c0e7-10f6-4cf8-8f26-af772c03eb60 for RaftStorage:Storage Directory /workdir/hadoop-ozone/integration-test/target/test-dir/MiniOzoneClusterImpl-7026e4b8-6df6-4897-bd33-9f5e93510a50/datanode-0/data/ratis/cf58c0e7-10f6-4cf8-8f26-af772c03eb60
2019-08-07 04:04:55,124 INFO  server.RaftServerConfigKeys (ConfUtils.java:logGet(43)) - raft.server.log.queue.byte-limit = 2147483647 (custom)
2019-08-07 04:04:55,125 INFO  server.RaftServerConfigKeys (ConfUtils.java:logGet(43)) - raft.server.log.queue.element-limit = 1024 (custom)
2019-08-07 04:04:55,130 INFO  server.RaftServerConfigKeys (ConfUtils.java:logGet(43)) - raft.server.log.segment.size.max = 1048576 (custom)
2019-08-07 04:04:55,131 INFO  server.RaftServerConfigKeys (ConfUtils.java:logGet(43)) - raft.server.log.preallocated.size = 16384 (custom)
2019-08-07 04:04:55,131 INFO  server.RaftServerConfigKeys (ConfUtils.java:logGet(43)) - raft.server.log.write.buffer.size = 33554432 (custom)
2019-08-07 04:04:55,132 INFO  server.RaftServerConfigKeys (ConfUtils.java:logGet(43)) - raft.server.log.force.sync.num = 128 (default)
2019-08-07 04:04:55,133 INFO  server.RaftServerConfigKeys (ConfUtils.java:logGet(43)) - raft.server.log.statemachine.data.sync = true (default)
2019-08-07 04:04:55,133 INFO  server.RaftServerConfigKeys (ConfUtils.java:logGet(43)) - raft.server.log.statemachine.data.sync.timeout = 10s (default)
2019-08-07 04:04:55,134 INFO  server.RaftServerConfigKeys (ConfUtils.java:logGet(43)) - raft.server.log.statemachine.data.sync.timeout.retry = -1 (default)
2019-08-07 04:04:55,142 INFO  server.RaftServerConfigKeys (ConfUtils.java:logGet(43)) - raft.server.log.statemachine.data.caching.enabled = true (custom)
2019-08-07 04:04:55,147 INFO  segmented.SegmentedRaftLogWorker (SegmentedRaftLogWorker.java:lambda$new$0(132)) - d49b19ea-6ba3-479d-bc88-273610ee8dcd-SegmentedRaftLogWorker:Storage Directory /workdir/hadoop-ozone/integration-test/target/test-dir/MiniOzoneClusterImpl-7026e4b8-6df6-4897-bd33-9f5e93510a50/datanode-0/data/ratis/cf58c0e7-10f6-4cf8-8f26-af772c03eb60: flushIndex: setUnconditionally 0 -> -1
2019-08-07 04:04:55,151 INFO  server.RaftServerConfigKeys (ConfUtils.java:logGet(43)) - raft.server.snapshot.auto.trigger.enabled = true (custom)
2019-08-07 04:04:55,152 INFO  server.RaftServerConfigKeys (ConfUtils.java:logGet(43)) - raft.server.snapshot.auto.trigger.threshold = 10000 (custom)
2019-08-07 04:04:55,152 INFO  server.RaftServerConfigKeys (ConfUtils.java:logGet(43)) - raft.server.retrycache.expirytime = 600000ms (custom)
2019-08-07 04:04:55,171 INFO  impl.RaftServerImpl (RaftServerImpl.java:start(180)) - d49b19ea-6ba3-479d-bc88-273610ee8dcd: start group-AF772C03EB60
2019-08-07 04:04:55,171 INFO  impl.RaftServerImpl (RaftServerImpl.java:setRole(171)) - d49b19ea-6ba3-479d-bc88-273610ee8dcd:group-AF772C03EB60 changes role from null to FOLLOWER at term 0 for startAsFollower
2019-08-07 04:04:55,172 INFO  impl.RoleInfo (RoleInfo.java:updateAndGet(143)) - d49b19ea-6ba3-479d-bc88-273610ee8dcd: start FollowerState
2019-08-07 04:04:55,174 INFO  util.JmxRegister (JmxRegister.java:tryRegister(44)) - Successfully registered JMX Bean with object name Ratis:service=RaftServer,group=group-AF772C03EB60,id=d49b19ea-6ba3-479d-bc88-273610ee8dcd
2019-08-07 04:04:55,237 INFO  pipeline.PipelineStateManager (PipelineStateManager.java:addPipeline(56)) - Created pipeline Pipeline[ Id: cf58c0e7-10f6-4cf8-8f26-af772c03eb60, Nodes: d49b19ea-6ba3-479d-bc88-273610ee8dcd{ip: 192.168.157.245, host: byscane-nightly-ds7lx-2296511547, networkLocation: /default-rack, certSerialId: null}, Type:RATIS, Factor:ONE, State:OPEN]
2019-08-07 04:04:55,277 INFO  impl.RaftServerProxy (RaftServerProxy.java:addNew(89)) - 7adafec3-b0f2-463f-af01-7d468c370e20: addNew group-D124A49545AD:[7adafec3-b0f2-463f-af01-7d468c370e20:192.168.157.245:33920] returns group-D124A49545AD:java.util.concurrent.CompletableFuture@197424b9[Not completed]
2019-08-07 04:04:55,330 INFO  ozone.MiniOzoneClusterImpl (MiniOzoneClusterImpl.java:lambda$waitForClusterToBeReady$0(142)) - Waiting for cluster to be ready. Got 6 of 7 DN Heartbeats.
2019-08-07 04:04:55,333 INFO  impl.RaftServerImpl (RaftServerImpl.java:<init>(93)) - 7adafec3-b0f2-463f-af01-7d468c370e20: new RaftServerImpl for group-D124A49545AD:[7adafec3-b0f2-463f-af01-7d468c370e20:192.168.157.245:33920] with ContainerStateMachine:uninitialized
2019-08-07 04:04:55,334 INFO  net.NetworkTopology (NetworkTopologyImpl.java:add(110)) - Added a new node: /default-rack/f49ca53a-90dd-4043-8db0-75f56fae1500
2019-08-07 04:04:55,334 INFO  server.RaftServerConfigKeys (ConfUtils.java:logGet(43)) - raft.server.rpc.timeout.min = 5s (custom)
2019-08-07 04:04:55,334 INFO  node.SCMNodeManager (SCMNodeManager.java:register(273)) - Registered Data node : f49ca53a-90dd-4043-8db0-75f56fae1500{ip: 192.168.157.245, host: byscane-nightly-ds7lx-2296511547, networkLocation: /default-rack, certSerialId: null}
2019-08-07 04:04:55,335 INFO  server.RaftServerConfigKeys (ConfUtils.java:logGet(43)) - raft.server.rpc.timeout.max = 5200ms (custom)
2019-08-07 04:04:55,335 INFO  server.RaftServerConfigKeys (ConfUtils.java:logGet(43)) - raft.server.rpcslowness.timeout = 120s (custom)
2019-08-07 04:04:55,335 INFO  server.RaftServerConfigKeys (ConfUtils.java:logGet(43)) - raft.server.sleep.deviation.threshold = 300 (default)
2019-08-07 04:04:55,335 INFO  server.RaftServerConfigKeys (ConfUtils.java:logGet(43)) - raft.server.log.appender.install.snapshot.enabled = false (custom)
2019-08-07 04:04:55,336 INFO  impl.RaftServerImpl (ServerState.java:<init>(105)) - 7adafec3-b0f2-463f-af01-7d468c370e20:group-D124A49545AD ConfigurationManager, init=-1: [7adafec3-b0f2-463f-af01-7d468c370e20:192.168.157.245:33920], old=null, confs=<EMPTY_MAP>
2019-08-07 04:04:55,336 INFO  server.RaftServerConfigKeys (ConfUtils.java:logGet(43)) - raft.server.storage.dir = [/workdir/hadoop-ozone/integration-test/target/test-dir/MiniOzoneClusterImpl-7026e4b8-6df6-4897-bd33-9f5e93510a50/datanode-2/data/ratis] (custom)
2019-08-07 04:04:55,337 INFO  storage.RaftStorageDirectory (RaftStorageDirectory.java:analyzeStorage(246)) - The storage directory /workdir/hadoop-ozone/integration-test/target/test-dir/MiniOzoneClusterImpl-7026e4b8-6df6-4897-bd33-9f5e93510a50/datanode-2/data/ratis/5901f511-7403-4744-8bed-d124a49545ad does not exist. Creating ...
2019-08-07 04:04:55,355 INFO  storage.RaftStorageDirectory (RaftStorageDirectory.java:tryLock(328)) - Lock on /workdir/hadoop-ozone/integration-test/target/test-dir/MiniOzoneClusterImpl-7026e4b8-6df6-4897-bd33-9f5e93510a50/datanode-2/data/ratis/5901f511-7403-4744-8bed-d124a49545ad/in_use.lock acquired by nodename 30074@byscane-nightly-ds7lx-2296511547
2019-08-07 04:04:55,368 INFO  storage.RaftStorage (RaftStorage.java:format(72)) - Storage directory /workdir/hadoop-ozone/integration-test/target/test-dir/MiniOzoneClusterImpl-7026e4b8-6df6-4897-bd33-9f5e93510a50/datanode-2/data/ratis/5901f511-7403-4744-8bed-d124a49545ad has been successfully formatted.
2019-08-07 04:04:55,370 INFO  ratis.ContainerStateMachine (ContainerStateMachine.java:loadSnapshot(213)) - group-D124A49545AD: The snapshot info is null. Setting the last applied indexto:(t:0, i:~)
2019-08-07 04:04:55,372 INFO  server.RaftServerConfigKeys (ConfUtils.java:logGet(43)) - raft.server.leader.election.timeout = 120s (custom)
2019-08-07 04:04:55,372 INFO  server.RaftServerConfigKeys (ConfUtils.java:logGet(43)) - raft.server.log.use.memory = false (default)
2019-08-07 04:04:55,372 INFO  server.RaftServerConfigKeys (ConfUtils.java:logGet(43)) - raft.server.log.purge.gap = 1000000000 (custom)
2019-08-07 04:04:55,373 INFO  server.RaftServerConfigKeys (ConfUtils.java:logGet(43)) - raft.server.log.appender.buffer.byte-limit = 33554432 (custom)
2019-08-07 04:04:55,373 INFO  server.RaftServerConfigKeys (ConfUtils.java:logGet(43)) - raft.server.log.segment.size.max = 1048576 (custom)
2019-08-07 04:04:55,373 INFO  server.RaftServerConfigKeys (ConfUtils.java:logGet(43)) - raft.server.log.segment.cache.num.max = 2 (custom)
2019-08-07 04:04:55,373 INFO  segmented.SegmentedRaftLogWorker (SegmentedRaftLogWorker.java:<init>(172)) - new 7adafec3-b0f2-463f-af01-7d468c370e20-SegmentedRaftLogWorker:Storage Directory /workdir/hadoop-ozone/integration-test/target/test-dir/MiniOzoneClusterImpl-7026e4b8-6df6-4897-bd33-9f5e93510a50/datanode-2/data/ratis/5901f511-7403-4744-8bed-d124a49545ad for RaftStorage:Storage Directory /workdir/hadoop-ozone/integration-test/target/test-dir/MiniOzoneClusterImpl-7026e4b8-6df6-4897-bd33-9f5e93510a50/datanode-2/data/ratis/5901f511-7403-4744-8bed-d124a49545ad
2019-08-07 04:04:55,375 INFO  server.RaftServerConfigKeys (ConfUtils.java:logGet(43)) - raft.server.log.queue.byte-limit = 2147483647 (custom)
2019-08-07 04:04:55,375 INFO  server.RaftServerConfigKeys (ConfUtils.java:logGet(43)) - raft.server.log.queue.element-limit = 1024 (custom)
2019-08-07 04:04:55,376 INFO  server.RaftServerConfigKeys (ConfUtils.java:logGet(43)) - raft.server.log.segment.size.max = 1048576 (custom)
2019-08-07 04:04:55,376 INFO  server.RaftServerConfigKeys (ConfUtils.java:logGet(43)) - raft.server.log.preallocated.size = 16384 (custom)
2019-08-07 04:04:55,376 INFO  server.RaftServerConfigKeys (ConfUtils.java:logGet(43)) - raft.server.log.write.buffer.size = 33554432 (custom)
2019-08-07 04:04:55,376 INFO  server.RaftServerConfigKeys (ConfUtils.java:logGet(43)) - raft.server.log.force.sync.num = 128 (default)
2019-08-07 04:04:55,377 INFO  server.RaftServerConfigKeys (ConfUtils.java:logGet(43)) - raft.server.log.statemachine.data.sync = true (default)
2019-08-07 04:04:55,377 INFO  server.RaftServerConfigKeys (ConfUtils.java:logGet(43)) - raft.server.log.statemachine.data.sync.timeout = 10s (default)
2019-08-07 04:04:55,377 INFO  server.RaftServerConfigKeys (ConfUtils.java:logGet(43)) - raft.server.log.statemachine.data.sync.timeout.retry = -1 (default)
2019-08-07 04:04:55,377 INFO  server.RaftServerConfigKeys (ConfUtils.java:logGet(43)) - raft.server.log.statemachine.data.caching.enabled = true (custom)
2019-08-07 04:04:55,378 INFO  segmented.SegmentedRaftLogWorker (SegmentedRaftLogWorker.java:lambda$new$0(132)) - 7adafec3-b0f2-463f-af01-7d468c370e20-SegmentedRaftLogWorker:Storage Directory /workdir/hadoop-ozone/integration-test/target/test-dir/MiniOzoneClusterImpl-7026e4b8-6df6-4897-bd33-9f5e93510a50/datanode-2/data/ratis/5901f511-7403-4744-8bed-d124a49545ad: flushIndex: setUnconditionally 0 -> -1
2019-08-07 04:04:55,378 INFO  server.RaftServerConfigKeys (ConfUtils.java:logGet(43)) - raft.server.snapshot.auto.trigger.enabled = true (custom)
2019-08-07 04:04:55,379 INFO  server.RaftServerConfigKeys (ConfUtils.java:logGet(43)) - raft.server.snapshot.auto.trigger.threshold = 10000 (custom)
2019-08-07 04:04:55,379 INFO  server.RaftServerConfigKeys (ConfUtils.java:logGet(43)) - raft.server.retrycache.expirytime = 600000ms (custom)
2019-08-07 04:04:55,379 INFO  impl.RaftServerImpl (RaftServerImpl.java:start(180)) - 7adafec3-b0f2-463f-af01-7d468c370e20: start group-D124A49545AD
2019-08-07 04:04:55,379 INFO  impl.RaftServerImpl (RaftServerImpl.java:setRole(171)) - 7adafec3-b0f2-463f-af01-7d468c370e20:group-D124A49545AD changes role from null to FOLLOWER at term 0 for startAsFollower
2019-08-07 04:04:55,380 INFO  impl.RoleInfo (RoleInfo.java:updateAndGet(143)) - 7adafec3-b0f2-463f-af01-7d468c370e20: start FollowerState
2019-08-07 04:04:55,382 INFO  util.JmxRegister (JmxRegister.java:tryRegister(44)) - Successfully registered JMX Bean with object name Ratis:service=RaftServer,group=group-D124A49545AD,id=7adafec3-b0f2-463f-af01-7d468c370e20
2019-08-07 04:04:55,399 INFO  pipeline.PipelineStateManager (PipelineStateManager.java:addPipeline(56)) - Created pipeline Pipeline[ Id: 5901f511-7403-4744-8bed-d124a49545ad, Nodes: 7adafec3-b0f2-463f-af01-7d468c370e20{ip: 192.168.157.245, host: byscane-nightly-ds7lx-2296511547, networkLocation: /default-rack, certSerialId: null}, Type:RATIS, Factor:ONE, State:OPEN]
2019-08-07 04:04:55,432 INFO  impl.RaftServerProxy (RaftServerProxy.java:addNew(89)) - f49ca53a-90dd-4043-8db0-75f56fae1500: addNew group-D34C2115D80E:[f49ca53a-90dd-4043-8db0-75f56fae1500:192.168.157.245:39800] returns group-D34C2115D80E:java.util.concurrent.CompletableFuture@43e7eb25[Not completed]
2019-08-07 04:04:55,446 INFO  impl.RaftServerImpl (RaftServerImpl.java:<init>(93)) - f49ca53a-90dd-4043-8db0-75f56fae1500: new RaftServerImpl for group-D34C2115D80E:[f49ca53a-90dd-4043-8db0-75f56fae1500:192.168.157.245:39800] with ContainerStateMachine:uninitialized
2019-08-07 04:04:55,446 INFO  server.RaftServerConfigKeys (ConfUtils.java:logGet(43)) - raft.server.rpc.timeout.min = 5s (custom)
2019-08-07 04:04:55,446 INFO  server.RaftServerConfigKeys (ConfUtils.java:logGet(43)) - raft.server.rpc.timeout.max = 5200ms (custom)
2019-08-07 04:04:55,446 INFO  server.RaftServerConfigKeys (ConfUtils.java:logGet(43)) - raft.server.rpcslowness.timeout = 120s (custom)
2019-08-07 04:04:55,447 INFO  server.RaftServerConfigKeys (ConfUtils.java:logGet(43)) - raft.server.sleep.deviation.threshold = 300 (default)
2019-08-07 04:04:55,447 INFO  server.RaftServerConfigKeys (ConfUtils.java:logGet(43)) - raft.server.log.appender.install.snapshot.enabled = false (custom)
2019-08-07 04:04:55,447 INFO  impl.RaftServerImpl (ServerState.java:<init>(105)) - f49ca53a-90dd-4043-8db0-75f56fae1500:group-D34C2115D80E ConfigurationManager, init=-1: [f49ca53a-90dd-4043-8db0-75f56fae1500:192.168.157.245:39800], old=null, confs=<EMPTY_MAP>
2019-08-07 04:04:55,447 INFO  server.RaftServerConfigKeys (ConfUtils.java:logGet(43)) - raft.server.storage.dir = [/workdir/hadoop-ozone/integration-test/target/test-dir/MiniOzoneClusterImpl-7026e4b8-6df6-4897-bd33-9f5e93510a50/datanode-6/data/ratis] (custom)
2019-08-07 04:04:55,448 INFO  storage.RaftStorageDirectory (RaftStorageDirectory.java:analyzeStorage(246)) - The storage directory /workdir/hadoop-ozone/integration-test/target/test-dir/MiniOzoneClusterImpl-7026e4b8-6df6-4897-bd33-9f5e93510a50/datanode-6/data/ratis/79490445-aa8e-489d-9462-d34c2115d80e does not exist. Creating ...
2019-08-07 04:04:55,460 INFO  storage.RaftStorageDirectory (RaftStorageDirectory.java:tryLock(328)) - Lock on /workdir/hadoop-ozone/integration-test/target/test-dir/MiniOzoneClusterImpl-7026e4b8-6df6-4897-bd33-9f5e93510a50/datanode-6/data/ratis/79490445-aa8e-489d-9462-d34c2115d80e/in_use.lock acquired by nodename 30074@byscane-nightly-ds7lx-2296511547
2019-08-07 04:04:55,474 INFO  storage.RaftStorage (RaftStorage.java:format(72)) - Storage directory /workdir/hadoop-ozone/integration-test/target/test-dir/MiniOzoneClusterImpl-7026e4b8-6df6-4897-bd33-9f5e93510a50/datanode-6/data/ratis/79490445-aa8e-489d-9462-d34c2115d80e has been successfully formatted.
2019-08-07 04:04:55,474 INFO  ratis.ContainerStateMachine (ContainerStateMachine.java:loadSnapshot(213)) - group-D34C2115D80E: The snapshot info is null. Setting the last applied indexto:(t:0, i:~)
2019-08-07 04:04:55,474 INFO  server.RaftServerConfigKeys (ConfUtils.java:logGet(43)) - raft.server.leader.election.timeout = 120s (custom)
2019-08-07 04:04:55,475 INFO  server.RaftServerConfigKeys (ConfUtils.java:logGet(43)) - raft.server.log.use.memory = false (default)
2019-08-07 04:04:55,475 INFO  server.RaftServerConfigKeys (ConfUtils.java:logGet(43)) - raft.server.log.purge.gap = 1000000000 (custom)
2019-08-07 04:04:55,475 INFO  server.RaftServerConfigKeys (ConfUtils.java:logGet(43)) - raft.server.log.appender.buffer.byte-limit = 33554432 (custom)
2019-08-07 04:04:55,475 INFO  server.RaftServerConfigKeys (ConfUtils.java:logGet(43)) - raft.server.log.segment.size.max = 1048576 (custom)
2019-08-07 04:04:55,475 INFO  server.RaftServerConfigKeys (ConfUtils.java:logGet(43)) - raft.server.log.segment.cache.num.max = 2 (custom)
2019-08-07 04:04:55,476 INFO  segmented.SegmentedRaftLogWorker (SegmentedRaftLogWorker.java:<init>(172)) - new f49ca53a-90dd-4043-8db0-75f56fae1500-SegmentedRaftLogWorker:Storage Directory /workdir/hadoop-ozone/integration-test/target/test-dir/MiniOzoneClusterImpl-7026e4b8-6df6-4897-bd33-9f5e93510a50/datanode-6/data/ratis/79490445-aa8e-489d-9462-d34c2115d80e for RaftStorage:Storage Directory /workdir/hadoop-ozone/integration-test/target/test-dir/MiniOzoneClusterImpl-7026e4b8-6df6-4897-bd33-9f5e93510a50/datanode-6/data/ratis/79490445-aa8e-489d-9462-d34c2115d80e
2019-08-07 04:04:55,476 INFO  server.RaftServerConfigKeys (ConfUtils.java:logGet(43)) - raft.server.log.queue.byte-limit = 2147483647 (custom)
2019-08-07 04:04:55,476 INFO  server.RaftServerConfigKeys (ConfUtils.java:logGet(43)) - raft.server.log.queue.element-limit = 1024 (custom)
2019-08-07 04:04:55,476 INFO  server.RaftServerConfigKeys (ConfUtils.java:logGet(43)) - raft.server.log.segment.size.max = 1048576 (custom)
2019-08-07 04:04:55,477 INFO  server.RaftServerConfigKeys (ConfUtils.java:logGet(43)) - raft.server.log.preallocated.size = 16384 (custom)
2019-08-07 04:04:55,477 INFO  server.RaftServerConfigKeys (ConfUtils.java:logGet(43)) - raft.server.log.write.buffer.size = 33554432 (custom)
2019-08-07 04:04:55,477 INFO  server.RaftServerConfigKeys (ConfUtils.java:logGet(43)) - raft.server.log.force.sync.num = 128 (default)
2019-08-07 04:04:55,477 INFO  server.RaftServerConfigKeys (ConfUtils.java:logGet(43)) - raft.server.log.statemachine.data.sync = true (default)
2019-08-07 04:04:55,477 INFO  server.RaftServerConfigKeys (ConfUtils.java:logGet(43)) - raft.server.log.statemachine.data.sync.timeout = 10s (default)
2019-08-07 04:04:55,478 INFO  server.RaftServerConfigKeys (ConfUtils.java:logGet(43)) - raft.server.log.statemachine.data.sync.timeout.retry = -1 (default)
2019-08-07 04:04:55,478 INFO  server.RaftServerConfigKeys (ConfUtils.java:logGet(43)) - raft.server.log.statemachine.data.caching.enabled = true (custom)
2019-08-07 04:04:55,478 INFO  segmented.SegmentedRaftLogWorker (SegmentedRaftLogWorker.java:lambda$new$0(132)) - f49ca53a-90dd-4043-8db0-75f56fae1500-SegmentedRaftLogWorker:Storage Directory /workdir/hadoop-ozone/integration-test/target/test-dir/MiniOzoneClusterImpl-7026e4b8-6df6-4897-bd33-9f5e93510a50/datanode-6/data/ratis/79490445-aa8e-489d-9462-d34c2115d80e: flushIndex: setUnconditionally 0 -> -1
2019-08-07 04:04:55,479 INFO  server.RaftServerConfigKeys (ConfUtils.java:logGet(43)) - raft.server.snapshot.auto.trigger.enabled = true (custom)
2019-08-07 04:04:55,479 INFO  server.RaftServerConfigKeys (ConfUtils.java:logGet(43)) - raft.server.snapshot.auto.trigger.threshold = 10000 (custom)
2019-08-07 04:04:55,479 INFO  server.RaftServerConfigKeys (ConfUtils.java:logGet(43)) - raft.server.retrycache.expirytime = 600000ms (custom)
2019-08-07 04:04:55,480 INFO  impl.RaftServerImpl (RaftServerImpl.java:start(180)) - f49ca53a-90dd-4043-8db0-75f56fae1500: start group-D34C2115D80E
2019-08-07 04:04:55,480 INFO  impl.RaftServerImpl (RaftServerImpl.java:setRole(171)) - f49ca53a-90dd-4043-8db0-75f56fae1500:group-D34C2115D80E changes role from null to FOLLOWER at term 0 for startAsFollower
2019-08-07 04:04:55,480 INFO  impl.RoleInfo (RoleInfo.java:updateAndGet(143)) - f49ca53a-90dd-4043-8db0-75f56fae1500: start FollowerState
2019-08-07 04:04:55,481 INFO  util.JmxRegister (JmxRegister.java:tryRegister(44)) - Successfully registered JMX Bean with object name Ratis:service=RaftServer,group=group-D34C2115D80E,id=f49ca53a-90dd-4043-8db0-75f56fae1500
2019-08-07 04:04:55,496 INFO  pipeline.PipelineStateManager (PipelineStateManager.java:addPipeline(56)) - Created pipeline Pipeline[ Id: 79490445-aa8e-489d-9462-d34c2115d80e, Nodes: f49ca53a-90dd-4043-8db0-75f56fae1500{ip: 192.168.157.245, host: byscane-nightly-ds7lx-2296511547, networkLocation: /default-rack, certSerialId: null}, Type:RATIS, Factor:ONE, State:OPEN]
2019-08-07 04:04:55,523 INFO  impl.RaftServerProxy (RaftServerProxy.java:addNew(89)) - f7b9037a-943b-46c6-85ee-08a8477532e9: addNew group-1E8FFC4EE81F:[f7b9037a-943b-46c6-85ee-08a8477532e9:192.168.157.245:44603] returns group-1E8FFC4EE81F:java.util.concurrent.CompletableFuture@40190e75[Not completed]
2019-08-07 04:04:55,525 INFO  impl.RaftServerImpl (RaftServerImpl.java:<init>(93)) - f7b9037a-943b-46c6-85ee-08a8477532e9: new RaftServerImpl for group-1E8FFC4EE81F:[f7b9037a-943b-46c6-85ee-08a8477532e9:192.168.157.245:44603] with ContainerStateMachine:uninitialized
2019-08-07 04:04:55,526 INFO  server.RaftServerConfigKeys (ConfUtils.java:logGet(43)) - raft.server.rpc.timeout.min = 5s (custom)
2019-08-07 04:04:55,526 INFO  server.RaftServerConfigKeys (ConfUtils.java:logGet(43)) - raft.server.rpc.timeout.max = 5200ms (custom)
2019-08-07 04:04:55,526 INFO  server.RaftServerConfigKeys (ConfUtils.java:logGet(43)) - raft.server.rpcslowness.timeout = 120s (custom)
2019-08-07 04:04:55,526 INFO  server.RaftServerConfigKeys (ConfUtils.java:logGet(43)) - raft.server.sleep.deviation.threshold = 300 (default)
2019-08-07 04:04:55,526 INFO  server.RaftServerConfigKeys (ConfUtils.java:logGet(43)) - raft.server.log.appender.install.snapshot.enabled = false (custom)
2019-08-07 04:04:55,527 INFO  impl.RaftServerImpl (ServerState.java:<init>(105)) - f7b9037a-943b-46c6-85ee-08a8477532e9:group-1E8FFC4EE81F ConfigurationManager, init=-1: [f7b9037a-943b-46c6-85ee-08a8477532e9:192.168.157.245:44603], old=null, confs=<EMPTY_MAP>
2019-08-07 04:04:55,527 INFO  server.RaftServerConfigKeys (ConfUtils.java:logGet(43)) - raft.server.storage.dir = [/workdir/hadoop-ozone/integration-test/target/test-dir/MiniOzoneClusterImpl-7026e4b8-6df6-4897-bd33-9f5e93510a50/datanode-3/data/ratis] (custom)
2019-08-07 04:04:55,527 INFO  storage.RaftStorageDirectory (RaftStorageDirectory.java:analyzeStorage(246)) - The storage directory /workdir/hadoop-ozone/integration-test/target/test-dir/MiniOzoneClusterImpl-7026e4b8-6df6-4897-bd33-9f5e93510a50/datanode-3/data/ratis/8b826fcc-277d-4ba4-a8b2-1e8ffc4ee81f does not exist. Creating ...
2019-08-07 04:04:55,539 INFO  storage.RaftStorageDirectory (RaftStorageDirectory.java:tryLock(328)) - Lock on /workdir/hadoop-ozone/integration-test/target/test-dir/MiniOzoneClusterImpl-7026e4b8-6df6-4897-bd33-9f5e93510a50/datanode-3/data/ratis/8b826fcc-277d-4ba4-a8b2-1e8ffc4ee81f/in_use.lock acquired by nodename 30074@byscane-nightly-ds7lx-2296511547
2019-08-07 04:04:55,552 INFO  storage.RaftStorage (RaftStorage.java:format(72)) - Storage directory /workdir/hadoop-ozone/integration-test/target/test-dir/MiniOzoneClusterImpl-7026e4b8-6df6-4897-bd33-9f5e93510a50/datanode-3/data/ratis/8b826fcc-277d-4ba4-a8b2-1e8ffc4ee81f has been successfully formatted.
2019-08-07 04:04:55,552 INFO  ratis.ContainerStateMachine (ContainerStateMachine.java:loadSnapshot(213)) - group-1E8FFC4EE81F: The snapshot info is null. Setting the last applied indexto:(t:0, i:~)
2019-08-07 04:04:55,552 INFO  server.RaftServerConfigKeys (ConfUtils.java:logGet(43)) - raft.server.leader.election.timeout = 120s (custom)
2019-08-07 04:04:55,552 INFO  server.RaftServerConfigKeys (ConfUtils.java:logGet(43)) - raft.server.log.use.memory = false (default)
2019-08-07 04:04:55,553 INFO  server.RaftServerConfigKeys (ConfUtils.java:logGet(43)) - raft.server.log.purge.gap = 1000000000 (custom)
2019-08-07 04:04:55,553 INFO  server.RaftServerConfigKeys (ConfUtils.java:logGet(43)) - raft.server.log.appender.buffer.byte-limit = 33554432 (custom)
2019-08-07 04:04:55,553 INFO  server.RaftServerConfigKeys (ConfUtils.java:logGet(43)) - raft.server.log.segment.size.max = 1048576 (custom)
2019-08-07 04:04:55,553 INFO  server.RaftServerConfigKeys (ConfUtils.java:logGet(43)) - raft.server.log.segment.cache.num.max = 2 (custom)
2019-08-07 04:04:55,553 INFO  segmented.SegmentedRaftLogWorker (SegmentedRaftLogWorker.java:<init>(172)) - new f7b9037a-943b-46c6-85ee-08a8477532e9-SegmentedRaftLogWorker:Storage Directory /workdir/hadoop-ozone/integration-test/target/test-dir/MiniOzoneClusterImpl-7026e4b8-6df6-4897-bd33-9f5e93510a50/datanode-3/data/ratis/8b826fcc-277d-4ba4-a8b2-1e8ffc4ee81f for RaftStorage:Storage Directory /workdir/hadoop-ozone/integration-test/target/test-dir/MiniOzoneClusterImpl-7026e4b8-6df6-4897-bd33-9f5e93510a50/datanode-3/data/ratis/8b826fcc-277d-4ba4-a8b2-1e8ffc4ee81f
2019-08-07 04:04:55,553 INFO  server.RaftServerConfigKeys (ConfUtils.java:logGet(43)) - raft.server.log.queue.byte-limit = 2147483647 (custom)
2019-08-07 04:04:55,553 INFO  server.RaftServerConfigKeys (ConfUtils.java:logGet(43)) - raft.server.log.queue.element-limit = 1024 (custom)
2019-08-07 04:04:55,554 INFO  server.RaftServerConfigKeys (ConfUtils.java:logGet(43)) - raft.server.log.segment.size.max = 1048576 (custom)
2019-08-07 04:04:55,554 INFO  server.RaftServerConfigKeys (ConfUtils.java:logGet(43)) - raft.server.log.preallocated.size = 16384 (custom)
2019-08-07 04:04:55,554 INFO  server.RaftServerConfigKeys (ConfUtils.java:logGet(43)) - raft.server.log.write.buffer.size = 33554432 (custom)
2019-08-07 04:04:55,554 INFO  server.RaftServerConfigKeys (ConfUtils.java:logGet(43)) - raft.server.log.force.sync.num = 128 (default)
2019-08-07 04:04:55,554 INFO  server.RaftServerConfigKeys (ConfUtils.java:logGet(43)) - raft.server.log.statemachine.data.sync = true (default)
2019-08-07 04:04:55,554 INFO  server.RaftServerConfigKeys (ConfUtils.java:logGet(43)) - raft.server.log.statemachine.data.sync.timeout = 10s (default)
2019-08-07 04:04:55,554 INFO  server.RaftServerConfigKeys (ConfUtils.java:logGet(43)) - raft.server.log.statemachine.data.sync.timeout.retry = -1 (default)
2019-08-07 04:04:55,555 INFO  server.RaftServerConfigKeys (ConfUtils.java:logGet(43)) - raft.server.log.statemachine.data.caching.enabled = true (custom)
2019-08-07 04:04:55,555 INFO  segmented.SegmentedRaftLogWorker (SegmentedRaftLogWorker.java:lambda$new$0(132)) - f7b9037a-943b-46c6-85ee-08a8477532e9-SegmentedRaftLogWorker:Storage Directory /workdir/hadoop-ozone/integration-test/target/test-dir/MiniOzoneClusterImpl-7026e4b8-6df6-4897-bd33-9f5e93510a50/datanode-3/data/ratis/8b826fcc-277d-4ba4-a8b2-1e8ffc4ee81f: flushIndex: setUnconditionally 0 -> -1
2019-08-07 04:04:55,555 INFO  server.RaftServerConfigKeys (ConfUtils.java:logGet(43)) - raft.server.snapshot.auto.trigger.enabled = true (custom)
2019-08-07 04:04:55,556 INFO  server.RaftServerConfigKeys (ConfUtils.java:logGet(43)) - raft.server.snapshot.auto.trigger.threshold = 10000 (custom)
2019-08-07 04:04:55,556 INFO  server.RaftServerConfigKeys (ConfUtils.java:logGet(43)) - raft.server.retrycache.expirytime = 600000ms (custom)
2019-08-07 04:04:55,556 INFO  impl.RaftServerImpl (RaftServerImpl.java:start(180)) - f7b9037a-943b-46c6-85ee-08a8477532e9: start group-1E8FFC4EE81F
2019-08-07 04:04:55,556 INFO  impl.RaftServerImpl (RaftServerImpl.java:setRole(171)) - f7b9037a-943b-46c6-85ee-08a8477532e9:group-1E8FFC4EE81F changes role from null to FOLLOWER at term 0 for startAsFollower
2019-08-07 04:04:55,556 INFO  impl.RoleInfo (RoleInfo.java:updateAndGet(143)) - f7b9037a-943b-46c6-85ee-08a8477532e9: start FollowerState
2019-08-07 04:04:55,557 INFO  util.JmxRegister (JmxRegister.java:tryRegister(44)) - Successfully registered JMX Bean with object name Ratis:service=RaftServer,group=group-1E8FFC4EE81F,id=f7b9037a-943b-46c6-85ee-08a8477532e9
2019-08-07 04:04:55,569 INFO  pipeline.PipelineStateManager (PipelineStateManager.java:addPipeline(56)) - Created pipeline Pipeline[ Id: 8b826fcc-277d-4ba4-a8b2-1e8ffc4ee81f, Nodes: f7b9037a-943b-46c6-85ee-08a8477532e9{ip: 192.168.157.245, host: byscane-nightly-ds7lx-2296511547, networkLocation: /default-rack, certSerialId: null}, Type:RATIS, Factor:ONE, State:OPEN]
2019-08-07 04:04:55,592 INFO  impl.RaftServerProxy (RaftServerProxy.java:addNew(89)) - a97530da-6325-42dd-bbf1-858bb8a52e40: addNew group-1A24608DCA6E:[a97530da-6325-42dd-bbf1-858bb8a52e40:192.168.157.245:44184] returns group-1A24608DCA6E:java.util.concurrent.CompletableFuture@28883e54[Not completed]
2019-08-07 04:04:55,594 INFO  impl.RaftServerImpl (RaftServerImpl.java:<init>(93)) - a97530da-6325-42dd-bbf1-858bb8a52e40: new RaftServerImpl for group-1A24608DCA6E:[a97530da-6325-42dd-bbf1-858bb8a52e40:192.168.157.245:44184] with ContainerStateMachine:uninitialized
2019-08-07 04:04:55,594 INFO  server.RaftServerConfigKeys (ConfUtils.java:logGet(43)) - raft.server.rpc.timeout.min = 5s (custom)
2019-08-07 04:04:55,594 INFO  server.RaftServerConfigKeys (ConfUtils.java:logGet(43)) - raft.server.rpc.timeout.max = 5200ms (custom)
2019-08-07 04:04:55,594 INFO  server.RaftServerConfigKeys (ConfUtils.java:logGet(43)) - raft.server.rpcslowness.timeout = 120s (custom)
2019-08-07 04:04:55,594 INFO  server.RaftServerConfigKeys (ConfUtils.java:logGet(43)) - raft.server.sleep.deviation.threshold = 300 (default)
2019-08-07 04:04:55,594 INFO  server.RaftServerConfigKeys (ConfUtils.java:logGet(43)) - raft.server.log.appender.install.snapshot.enabled = false (custom)
2019-08-07 04:04:55,594 INFO  impl.RaftServerImpl (ServerState.java:<init>(105)) - a97530da-6325-42dd-bbf1-858bb8a52e40:group-1A24608DCA6E ConfigurationManager, init=-1: [a97530da-6325-42dd-bbf1-858bb8a52e40:192.168.157.245:44184], old=null, confs=<EMPTY_MAP>
2019-08-07 04:04:55,595 INFO  server.RaftServerConfigKeys (ConfUtils.java:logGet(43)) - raft.server.storage.dir = [/workdir/hadoop-ozone/integration-test/target/test-dir/MiniOzoneClusterImpl-7026e4b8-6df6-4897-bd33-9f5e93510a50/datanode-1/data/ratis] (custom)
2019-08-07 04:04:55,595 INFO  storage.RaftStorageDirectory (RaftStorageDirectory.java:analyzeStorage(246)) - The storage directory /workdir/hadoop-ozone/integration-test/target/test-dir/MiniOzoneClusterImpl-7026e4b8-6df6-4897-bd33-9f5e93510a50/datanode-1/data/ratis/799e8463-8f3f-4583-b703-1a24608dca6e does not exist. Creating ...
2019-08-07 04:04:55,608 INFO  storage.RaftStorageDirectory (RaftStorageDirectory.java:tryLock(328)) - Lock on /workdir/hadoop-ozone/integration-test/target/test-dir/MiniOzoneClusterImpl-7026e4b8-6df6-4897-bd33-9f5e93510a50/datanode-1/data/ratis/799e8463-8f3f-4583-b703-1a24608dca6e/in_use.lock acquired by nodename 30074@byscane-nightly-ds7lx-2296511547
2019-08-07 04:04:55,630 INFO  storage.RaftStorage (RaftStorage.java:format(72)) - Storage directory /workdir/hadoop-ozone/integration-test/target/test-dir/MiniOzoneClusterImpl-7026e4b8-6df6-4897-bd33-9f5e93510a50/datanode-1/data/ratis/799e8463-8f3f-4583-b703-1a24608dca6e has been successfully formatted.
2019-08-07 04:04:55,630 INFO  ratis.ContainerStateMachine (ContainerStateMachine.java:loadSnapshot(213)) - group-1A24608DCA6E: The snapshot info is null. Setting the last applied indexto:(t:0, i:~)
2019-08-07 04:04:55,630 INFO  server.RaftServerConfigKeys (ConfUtils.java:logGet(43)) - raft.server.leader.election.timeout = 120s (custom)
2019-08-07 04:04:55,630 INFO  server.RaftServerConfigKeys (ConfUtils.java:logGet(43)) - raft.server.log.use.memory = false (default)
2019-08-07 04:04:55,631 INFO  server.RaftServerConfigKeys (ConfUtils.java:logGet(43)) - raft.server.log.purge.gap = 1000000000 (custom)
2019-08-07 04:04:55,631 INFO  server.RaftServerConfigKeys (ConfUtils.java:logGet(43)) - raft.server.log.appender.buffer.byte-limit = 33554432 (custom)
2019-08-07 04:04:55,631 INFO  server.RaftServerConfigKeys (ConfUtils.java:logGet(43)) - raft.server.log.segment.size.max = 1048576 (custom)
2019-08-07 04:04:55,631 INFO  server.RaftServerConfigKeys (ConfUtils.java:logGet(43)) - raft.server.log.segment.cache.num.max = 2 (custom)
2019-08-07 04:04:55,631 INFO  segmented.SegmentedRaftLogWorker (SegmentedRaftLogWorker.java:<init>(172)) - new a97530da-6325-42dd-bbf1-858bb8a52e40-SegmentedRaftLogWorker:Storage Directory /workdir/hadoop-ozone/integration-test/target/test-dir/MiniOzoneClusterImpl-7026e4b8-6df6-4897-bd33-9f5e93510a50/datanode-1/data/ratis/799e8463-8f3f-4583-b703-1a24608dca6e for RaftStorage:Storage Directory /workdir/hadoop-ozone/integration-test/target/test-dir/MiniOzoneClusterImpl-7026e4b8-6df6-4897-bd33-9f5e93510a50/datanode-1/data/ratis/799e8463-8f3f-4583-b703-1a24608dca6e
2019-08-07 04:04:55,631 INFO  server.RaftServerConfigKeys (ConfUtils.java:logGet(43)) - raft.server.log.queue.byte-limit = 2147483647 (custom)
2019-08-07 04:04:55,632 INFO  server.RaftServerConfigKeys (ConfUtils.java:logGet(43)) - raft.server.log.queue.element-limit = 1024 (custom)
2019-08-07 04:04:55,632 INFO  server.RaftServerConfigKeys (ConfUtils.java:logGet(43)) - raft.server.log.segment.size.max = 1048576 (custom)
2019-08-07 04:04:55,632 INFO  server.RaftServerConfigKeys (ConfUtils.java:logGet(43)) - raft.server.log.preallocated.size = 16384 (custom)
2019-08-07 04:04:55,632 INFO  server.RaftServerConfigKeys (ConfUtils.java:logGet(43)) - raft.server.log.write.buffer.size = 33554432 (custom)
2019-08-07 04:04:55,632 INFO  server.RaftServerConfigKeys (ConfUtils.java:logGet(43)) - raft.server.log.force.sync.num = 128 (default)
2019-08-07 04:04:55,632 INFO  server.RaftServerConfigKeys (ConfUtils.java:logGet(43)) - raft.server.log.statemachine.data.sync = true (default)
2019-08-07 04:04:55,633 INFO  server.RaftServerConfigKeys (ConfUtils.java:logGet(43)) - raft.server.log.statemachine.data.sync.timeout = 10s (default)
2019-08-07 04:04:55,633 INFO  server.RaftServerConfigKeys (ConfUtils.java:logGet(43)) - raft.server.log.statemachine.data.sync.timeout.retry = -1 (default)
2019-08-07 04:04:55,633 INFO  server.RaftServerConfigKeys (ConfUtils.java:logGet(43)) - raft.server.log.statemachine.data.caching.enabled = true (custom)
2019-08-07 04:04:55,633 INFO  segmented.SegmentedRaftLogWorker (SegmentedRaftLogWorker.java:lambda$new$0(132)) - a97530da-6325-42dd-bbf1-858bb8a52e40-SegmentedRaftLogWorker:Storage Directory /workdir/hadoop-ozone/integration-test/target/test-dir/MiniOzoneClusterImpl-7026e4b8-6df6-4897-bd33-9f5e93510a50/datanode-1/data/ratis/799e8463-8f3f-4583-b703-1a24608dca6e: flushIndex: setUnconditionally 0 -> -1
2019-08-07 04:04:55,634 INFO  server.RaftServerConfigKeys (ConfUtils.java:logGet(43)) - raft.server.snapshot.auto.trigger.enabled = true (custom)
2019-08-07 04:04:55,634 INFO  server.RaftServerConfigKeys (ConfUtils.java:logGet(43)) - raft.server.snapshot.auto.trigger.threshold = 10000 (custom)
2019-08-07 04:04:55,634 INFO  server.RaftServerConfigKeys (ConfUtils.java:logGet(43)) - raft.server.retrycache.expirytime = 600000ms (custom)
2019-08-07 04:04:55,634 INFO  impl.RaftServerImpl (RaftServerImpl.java:start(180)) - a97530da-6325-42dd-bbf1-858bb8a52e40: start group-1A24608DCA6E
2019-08-07 04:04:55,634 INFO  impl.RaftServerImpl (RaftServerImpl.java:setRole(171)) - a97530da-6325-42dd-bbf1-858bb8a52e40:group-1A24608DCA6E changes role from null to FOLLOWER at term 0 for startAsFollower
2019-08-07 04:04:55,635 INFO  impl.RoleInfo (RoleInfo.java:updateAndGet(143)) - a97530da-6325-42dd-bbf1-858bb8a52e40: start FollowerState
2019-08-07 04:04:55,635 INFO  util.JmxRegister (JmxRegister.java:tryRegister(44)) - Successfully registered JMX Bean with object name Ratis:service=RaftServer,group=group-1A24608DCA6E,id=a97530da-6325-42dd-bbf1-858bb8a52e40
2019-08-07 04:04:55,649 INFO  pipeline.PipelineStateManager (PipelineStateManager.java:addPipeline(56)) - Created pipeline Pipeline[ Id: 799e8463-8f3f-4583-b703-1a24608dca6e, Nodes: a97530da-6325-42dd-bbf1-858bb8a52e40{ip: 192.168.157.245, host: byscane-nightly-ds7lx-2296511547, networkLocation: /default-rack, certSerialId: null}, Type:RATIS, Factor:ONE, State:OPEN]
2019-08-07 04:04:55,677 INFO  impl.RaftServerProxy (RaftServerProxy.java:addNew(89)) - 0b21f3e6-f0c2-43e8-b6d9-5d75b3b4759c: addNew group-FE0F55CF420E:[0b21f3e6-f0c2-43e8-b6d9-5d75b3b4759c:192.168.157.245:36595] returns group-FE0F55CF420E:java.util.concurrent.CompletableFuture@1393becc[Not completed]
2019-08-07 04:04:55,682 INFO  impl.RaftServerImpl (RaftServerImpl.java:<init>(93)) - 0b21f3e6-f0c2-43e8-b6d9-5d75b3b4759c: new RaftServerImpl for group-FE0F55CF420E:[0b21f3e6-f0c2-43e8-b6d9-5d75b3b4759c:192.168.157.245:36595] with ContainerStateMachine:uninitialized
2019-08-07 04:04:55,682 INFO  server.RaftServerConfigKeys (ConfUtils.java:logGet(43)) - raft.server.rpc.timeout.min = 5s (custom)
2019-08-07 04:04:55,682 INFO  server.RaftServerConfigKeys (ConfUtils.java:logGet(43)) - raft.server.rpc.timeout.max = 5200ms (custom)
2019-08-07 04:04:55,683 INFO  server.RaftServerConfigKeys (ConfUtils.java:logGet(43)) - raft.server.rpcslowness.timeout = 120s (custom)
2019-08-07 04:04:55,683 INFO  server.RaftServerConfigKeys (ConfUtils.java:logGet(43)) - raft.server.sleep.deviation.threshold = 300 (default)
2019-08-07 04:04:55,683 INFO  server.RaftServerConfigKeys (ConfUtils.java:logGet(43)) - raft.server.log.appender.install.snapshot.enabled = false (custom)
2019-08-07 04:04:55,683 INFO  impl.RaftServerImpl (ServerState.java:<init>(105)) - 0b21f3e6-f0c2-43e8-b6d9-5d75b3b4759c:group-FE0F55CF420E ConfigurationManager, init=-1: [0b21f3e6-f0c2-43e8-b6d9-5d75b3b4759c:192.168.157.245:36595], old=null, confs=<EMPTY_MAP>
2019-08-07 04:04:55,683 INFO  server.RaftServerConfigKeys (ConfUtils.java:logGet(43)) - raft.server.storage.dir = [/workdir/hadoop-ozone/integration-test/target/test-dir/MiniOzoneClusterImpl-7026e4b8-6df6-4897-bd33-9f5e93510a50/datanode-5/data/ratis] (custom)
2019-08-07 04:04:55,684 INFO  storage.RaftStorageDirectory (RaftStorageDirectory.java:analyzeStorage(246)) - The storage directory /workdir/hadoop-ozone/integration-test/target/test-dir/MiniOzoneClusterImpl-7026e4b8-6df6-4897-bd33-9f5e93510a50/datanode-5/data/ratis/c5f32831-e09b-464d-b036-fe0f55cf420e does not exist. Creating ...
2019-08-07 04:04:55,697 INFO  storage.RaftStorageDirectory (RaftStorageDirectory.java:tryLock(328)) - Lock on /workdir/hadoop-ozone/integration-test/target/test-dir/MiniOzoneClusterImpl-7026e4b8-6df6-4897-bd33-9f5e93510a50/datanode-5/data/ratis/c5f32831-e09b-464d-b036-fe0f55cf420e/in_use.lock acquired by nodename 30074@byscane-nightly-ds7lx-2296511547
2019-08-07 04:04:55,710 INFO  storage.RaftStorage (RaftStorage.java:format(72)) - Storage directory /workdir/hadoop-ozone/integration-test/target/test-dir/MiniOzoneClusterImpl-7026e4b8-6df6-4897-bd33-9f5e93510a50/datanode-5/data/ratis/c5f32831-e09b-464d-b036-fe0f55cf420e has been successfully formatted.
2019-08-07 04:04:55,711 INFO  ratis.ContainerStateMachine (ContainerStateMachine.java:loadSnapshot(213)) - group-FE0F55CF420E: The snapshot info is null. Setting the last applied indexto:(t:0, i:~)
2019-08-07 04:04:55,711 INFO  server.RaftServerConfigKeys (ConfUtils.java:logGet(43)) - raft.server.leader.election.timeout = 120s (custom)
2019-08-07 04:04:55,711 INFO  server.RaftServerConfigKeys (ConfUtils.java:logGet(43)) - raft.server.log.use.memory = false (default)
2019-08-07 04:04:55,711 INFO  server.RaftServerConfigKeys (ConfUtils.java:logGet(43)) - raft.server.log.purge.gap = 1000000000 (custom)
2019-08-07 04:04:55,711 INFO  server.RaftServerConfigKeys (ConfUtils.java:logGet(43)) - raft.server.log.appender.buffer.byte-limit = 33554432 (custom)
2019-08-07 04:04:55,712 INFO  server.RaftServerConfigKeys (ConfUtils.java:logGet(43)) - raft.server.log.segment.size.max = 1048576 (custom)
2019-08-07 04:04:55,712 INFO  server.RaftServerConfigKeys (ConfUtils.java:logGet(43)) - raft.server.log.segment.cache.num.max = 2 (custom)
2019-08-07 04:04:55,712 INFO  segmented.SegmentedRaftLogWorker (SegmentedRaftLogWorker.java:<init>(172)) - new 0b21f3e6-f0c2-43e8-b6d9-5d75b3b4759c-SegmentedRaftLogWorker:Storage Directory /workdir/hadoop-ozone/integration-test/target/test-dir/MiniOzoneClusterImpl-7026e4b8-6df6-4897-bd33-9f5e93510a50/datanode-5/data/ratis/c5f32831-e09b-464d-b036-fe0f55cf420e for RaftStorage:Storage Directory /workdir/hadoop-ozone/integration-test/target/test-dir/MiniOzoneClusterImpl-7026e4b8-6df6-4897-bd33-9f5e93510a50/datanode-5/data/ratis/c5f32831-e09b-464d-b036-fe0f55cf420e
2019-08-07 04:04:55,712 INFO  server.RaftServerConfigKeys (ConfUtils.java:logGet(43)) - raft.server.log.queue.byte-limit = 2147483647 (custom)
2019-08-07 04:04:55,712 INFO  server.RaftServerConfigKeys (ConfUtils.java:logGet(43)) - raft.server.log.queue.element-limit = 1024 (custom)
2019-08-07 04:04:55,713 INFO  server.RaftServerConfigKeys (ConfUtils.java:logGet(43)) - raft.server.log.segment.size.max = 1048576 (custom)
2019-08-07 04:04:55,713 INFO  server.RaftServerConfigKeys (ConfUtils.java:logGet(43)) - raft.server.log.preallocated.size = 16384 (custom)
2019-08-07 04:04:55,713 INFO  server.RaftServerConfigKeys (ConfUtils.java:logGet(43)) - raft.server.log.write.buffer.size = 33554432 (custom)
2019-08-07 04:04:55,713 INFO  server.RaftServerConfigKeys (ConfUtils.java:logGet(43)) - raft.server.log.force.sync.num = 128 (default)
2019-08-07 04:04:55,713 INFO  server.RaftServerConfigKeys (ConfUtils.java:logGet(43)) - raft.server.log.statemachine.data.sync = true (default)
2019-08-07 04:04:55,713 INFO  server.RaftServerConfigKeys (ConfUtils.java:logGet(43)) - raft.server.log.statemachine.data.sync.timeout = 10s (default)
2019-08-07 04:04:55,714 INFO  server.RaftServerConfigKeys (ConfUtils.java:logGet(43)) - raft.server.log.statemachine.data.sync.timeout.retry = -1 (default)
2019-08-07 04:04:55,714 INFO  server.RaftServerConfigKeys (ConfUtils.java:logGet(43)) - raft.server.log.statemachine.data.caching.enabled = true (custom)
2019-08-07 04:04:55,714 INFO  segmented.SegmentedRaftLogWorker (SegmentedRaftLogWorker.java:lambda$new$0(132)) - 0b21f3e6-f0c2-43e8-b6d9-5d75b3b4759c-SegmentedRaftLogWorker:Storage Directory /workdir/hadoop-ozone/integration-test/target/test-dir/MiniOzoneClusterImpl-7026e4b8-6df6-4897-bd33-9f5e93510a50/datanode-5/data/ratis/c5f32831-e09b-464d-b036-fe0f55cf420e: flushIndex: setUnconditionally 0 -> -1
2019-08-07 04:04:55,715 INFO  server.RaftServerConfigKeys (ConfUtils.java:logGet(43)) - raft.server.snapshot.auto.trigger.enabled = true (custom)
2019-08-07 04:04:55,715 INFO  server.RaftServerConfigKeys (ConfUtils.java:logGet(43)) - raft.server.snapshot.auto.trigger.threshold = 10000 (custom)
2019-08-07 04:04:55,715 INFO  server.RaftServerConfigKeys (ConfUtils.java:logGet(43)) - raft.server.retrycache.expirytime = 600000ms (custom)
2019-08-07 04:04:55,716 INFO  impl.RaftServerImpl (RaftServerImpl.java:start(180)) - 0b21f3e6-f0c2-43e8-b6d9-5d75b3b4759c: start group-FE0F55CF420E
2019-08-07 04:04:55,716 INFO  impl.RaftServerImpl (RaftServerImpl.java:setRole(171)) - 0b21f3e6-f0c2-43e8-b6d9-5d75b3b4759c:group-FE0F55CF420E changes role from null to FOLLOWER at term 0 for startAsFollower
2019-08-07 04:04:55,716 INFO  impl.RoleInfo (RoleInfo.java:updateAndGet(143)) - 0b21f3e6-f0c2-43e8-b6d9-5d75b3b4759c: start FollowerState
2019-08-07 04:04:55,716 INFO  util.JmxRegister (JmxRegister.java:tryRegister(44)) - Successfully registered JMX Bean with object name Ratis:service=RaftServer,group=group-FE0F55CF420E,id=0b21f3e6-f0c2-43e8-b6d9-5d75b3b4759c
2019-08-07 04:04:55,730 INFO  pipeline.PipelineStateManager (PipelineStateManager.java:addPipeline(56)) - Created pipeline Pipeline[ Id: c5f32831-e09b-464d-b036-fe0f55cf420e, Nodes: 0b21f3e6-f0c2-43e8-b6d9-5d75b3b4759c{ip: 192.168.157.245, host: byscane-nightly-ds7lx-2296511547, networkLocation: /default-rack, certSerialId: null}, Type:RATIS, Factor:ONE, State:OPEN]
2019-08-07 04:04:55,748 INFO  impl.RaftServerProxy (RaftServerProxy.java:addNew(89)) - 6c6467a9-1f52-40cc-ac68-0360210b74cd: addNew group-6A46FACF61E2:[6c6467a9-1f52-40cc-ac68-0360210b74cd:192.168.157.245:46524] returns group-6A46FACF61E2:java.util.concurrent.CompletableFuture@1e47bdae[Not completed]
2019-08-07 04:04:55,753 INFO  impl.RaftServerImpl (RaftServerImpl.java:<init>(93)) - 6c6467a9-1f52-40cc-ac68-0360210b74cd: new RaftServerImpl for group-6A46FACF61E2:[6c6467a9-1f52-40cc-ac68-0360210b74cd:192.168.157.245:46524] with ContainerStateMachine:uninitialized
2019-08-07 04:04:55,753 INFO  server.RaftServerConfigKeys (ConfUtils.java:logGet(43)) - raft.server.rpc.timeout.min = 5s (custom)
2019-08-07 04:04:55,753 INFO  server.RaftServerConfigKeys (ConfUtils.java:logGet(43)) - raft.server.rpc.timeout.max = 5200ms (custom)
2019-08-07 04:04:55,753 INFO  server.RaftServerConfigKeys (ConfUtils.java:logGet(43)) - raft.server.rpcslowness.timeout = 120s (custom)
2019-08-07 04:04:55,753 INFO  server.RaftServerConfigKeys (ConfUtils.java:logGet(43)) - raft.server.sleep.deviation.threshold = 300 (default)
2019-08-07 04:04:55,753 INFO  server.RaftServerConfigKeys (ConfUtils.java:logGet(43)) - raft.server.log.appender.install.snapshot.enabled = false (custom)
2019-08-07 04:04:55,753 INFO  impl.RaftServerImpl (ServerState.java:<init>(105)) - 6c6467a9-1f52-40cc-ac68-0360210b74cd:group-6A46FACF61E2 ConfigurationManager, init=-1: [6c6467a9-1f52-40cc-ac68-0360210b74cd:192.168.157.245:46524], old=null, confs=<EMPTY_MAP>
2019-08-07 04:04:55,754 INFO  server.RaftServerConfigKeys (ConfUtils.java:logGet(43)) - raft.server.storage.dir = [/workdir/hadoop-ozone/integration-test/target/test-dir/MiniOzoneClusterImpl-7026e4b8-6df6-4897-bd33-9f5e93510a50/datanode-4/data/ratis] (custom)
2019-08-07 04:04:55,754 INFO  storage.RaftStorageDirectory (RaftStorageDirectory.java:analyzeStorage(246)) - The storage directory /workdir/hadoop-ozone/integration-test/target/test-dir/MiniOzoneClusterImpl-7026e4b8-6df6-4897-bd33-9f5e93510a50/datanode-4/data/ratis/d1f01239-beb2-42c1-a273-6a46facf61e2 does not exist. Creating ...
2019-08-07 04:04:55,766 INFO  storage.RaftStorageDirectory (RaftStorageDirectory.java:tryLock(328)) - Lock on /workdir/hadoop-ozone/integration-test/target/test-dir/MiniOzoneClusterImpl-7026e4b8-6df6-4897-bd33-9f5e93510a50/datanode-4/data/ratis/d1f01239-beb2-42c1-a273-6a46facf61e2/in_use.lock acquired by nodename 30074@byscane-nightly-ds7lx-2296511547
2019-08-07 04:04:55,779 INFO  storage.RaftStorage (RaftStorage.java:format(72)) - Storage directory /workdir/hadoop-ozone/integration-test/target/test-dir/MiniOzoneClusterImpl-7026e4b8-6df6-4897-bd33-9f5e93510a50/datanode-4/data/ratis/d1f01239-beb2-42c1-a273-6a46facf61e2 has been successfully formatted.
2019-08-07 04:04:55,779 INFO  ratis.ContainerStateMachine (ContainerStateMachine.java:loadSnapshot(213)) - group-6A46FACF61E2: The snapshot info is null. Setting the last applied indexto:(t:0, i:~)
2019-08-07 04:04:55,780 INFO  server.RaftServerConfigKeys (ConfUtils.java:logGet(43)) - raft.server.leader.election.timeout = 120s (custom)
2019-08-07 04:04:55,780 INFO  server.RaftServerConfigKeys (ConfUtils.java:logGet(43)) - raft.server.log.use.memory = false (default)
2019-08-07 04:04:55,780 INFO  server.RaftServerConfigKeys (ConfUtils.java:logGet(43)) - raft.server.log.purge.gap = 1000000000 (custom)
2019-08-07 04:04:55,780 INFO  server.RaftServerConfigKeys (ConfUtils.java:logGet(43)) - raft.server.log.appender.buffer.byte-limit = 33554432 (custom)
2019-08-07 04:04:55,780 INFO  server.RaftServerConfigKeys (ConfUtils.java:logGet(43)) - raft.server.log.segment.size.max = 1048576 (custom)
2019-08-07 04:04:55,780 INFO  server.RaftServerConfigKeys (ConfUtils.java:logGet(43)) - raft.server.log.segment.cache.num.max = 2 (custom)
2019-08-07 04:04:55,780 INFO  segmented.SegmentedRaftLogWorker (SegmentedRaftLogWorker.java:<init>(172)) - new 6c6467a9-1f52-40cc-ac68-0360210b74cd-SegmentedRaftLogWorker:Storage Directory /workdir/hadoop-ozone/integration-test/target/test-dir/MiniOzoneClusterImpl-7026e4b8-6df6-4897-bd33-9f5e93510a50/datanode-4/data/ratis/d1f01239-beb2-42c1-a273-6a46facf61e2 for RaftStorage:Storage Directory /workdir/hadoop-ozone/integration-test/target/test-dir/MiniOzoneClusterImpl-7026e4b8-6df6-4897-bd33-9f5e93510a50/datanode-4/data/ratis/d1f01239-beb2-42c1-a273-6a46facf61e2
2019-08-07 04:04:55,781 INFO  server.RaftServerConfigKeys (ConfUtils.java:logGet(43)) - raft.server.log.queue.byte-limit = 2147483647 (custom)
2019-08-07 04:04:55,781 INFO  server.RaftServerConfigKeys (ConfUtils.java:logGet(43)) - raft.server.log.queue.element-limit = 1024 (custom)
2019-08-07 04:04:55,781 INFO  server.RaftServerConfigKeys (ConfUtils.java:logGet(43)) - raft.server.log.segment.size.max = 1048576 (custom)
2019-08-07 04:04:55,781 INFO  server.RaftServerConfigKeys (ConfUtils.java:logGet(43)) - raft.server.log.preallocated.size = 16384 (custom)
2019-08-07 04:04:55,781 INFO  server.RaftServerConfigKeys (ConfUtils.java:logGet(43)) - raft.server.log.write.buffer.size = 33554432 (custom)
2019-08-07 04:04:55,781 INFO  server.RaftServerConfigKeys (ConfUtils.java:logGet(43)) - raft.server.log.force.sync.num = 128 (default)
2019-08-07 04:04:55,781 INFO  server.RaftServerConfigKeys (ConfUtils.java:logGet(43)) - raft.server.log.statemachine.data.sync = true (default)
2019-08-07 04:04:55,782 INFO  server.RaftServerConfigKeys (ConfUtils.java:logGet(43)) - raft.server.log.statemachine.data.sync.timeout = 10s (default)
2019-08-07 04:04:55,782 INFO  server.RaftServerConfigKeys (ConfUtils.java:logGet(43)) - raft.server.log.statemachine.data.sync.timeout.retry = -1 (default)
2019-08-07 04:04:55,782 INFO  server.RaftServerConfigKeys (ConfUtils.java:logGet(43)) - raft.server.log.statemachine.data.caching.enabled = true (custom)
2019-08-07 04:04:55,782 INFO  segmented.SegmentedRaftLogWorker (SegmentedRaftLogWorker.java:lambda$new$0(132)) - 6c6467a9-1f52-40cc-ac68-0360210b74cd-SegmentedRaftLogWorker:Storage Directory /workdir/hadoop-ozone/integration-test/target/test-dir/MiniOzoneClusterImpl-7026e4b8-6df6-4897-bd33-9f5e93510a50/datanode-4/data/ratis/d1f01239-beb2-42c1-a273-6a46facf61e2: flushIndex: setUnconditionally 0 -> -1
2019-08-07 04:04:55,783 INFO  server.RaftServerConfigKeys (ConfUtils.java:logGet(43)) - raft.server.snapshot.auto.trigger.enabled = true (custom)
2019-08-07 04:04:55,783 INFO  server.RaftServerConfigKeys (ConfUtils.java:logGet(43)) - raft.server.snapshot.auto.trigger.threshold = 10000 (custom)
2019-08-07 04:04:55,783 INFO  server.RaftServerConfigKeys (ConfUtils.java:logGet(43)) - raft.server.retrycache.expirytime = 600000ms (custom)
2019-08-07 04:04:55,783 INFO  impl.RaftServerImpl (RaftServerImpl.java:start(180)) - 6c6467a9-1f52-40cc-ac68-0360210b74cd: start group-6A46FACF61E2
2019-08-07 04:04:55,783 INFO  impl.RaftServerImpl (RaftServerImpl.java:setRole(171)) - 6c6467a9-1f52-40cc-ac68-0360210b74cd:group-6A46FACF61E2 changes role from null to FOLLOWER at term 0 for startAsFollower
2019-08-07 04:04:55,783 INFO  impl.RoleInfo (RoleInfo.java:updateAndGet(143)) - 6c6467a9-1f52-40cc-ac68-0360210b74cd: start FollowerState
2019-08-07 04:04:55,784 INFO  util.JmxRegister (JmxRegister.java:tryRegister(44)) - Successfully registered JMX Bean with object name Ratis:service=RaftServer,group=group-6A46FACF61E2,id=6c6467a9-1f52-40cc-ac68-0360210b74cd
2019-08-07 04:04:55,801 INFO  pipeline.PipelineStateManager (PipelineStateManager.java:addPipeline(56)) - Created pipeline Pipeline[ Id: d1f01239-beb2-42c1-a273-6a46facf61e2, Nodes: 6c6467a9-1f52-40cc-ac68-0360210b74cd{ip: 192.168.157.245, host: byscane-nightly-ds7lx-2296511547, networkLocation: /default-rack, certSerialId: null}, Type:RATIS, Factor:ONE, State:OPEN]
2019-08-07 04:04:55,842 INFO  impl.RaftServerProxy (RaftServerProxy.java:addNew(89)) - d49b19ea-6ba3-479d-bc88-273610ee8dcd: addNew group-66BEACE66F67:[d49b19ea-6ba3-479d-bc88-273610ee8dcd:192.168.157.245:38694, f49ca53a-90dd-4043-8db0-75f56fae1500:192.168.157.245:39800, 7adafec3-b0f2-463f-af01-7d468c370e20:192.168.157.245:33920] returns group-66BEACE66F67:java.util.concurrent.CompletableFuture@52e433ba[Not completed]
2019-08-07 04:04:55,846 INFO  impl.RaftServerProxy (RaftServerProxy.java:addNew(89)) - 7adafec3-b0f2-463f-af01-7d468c370e20: addNew group-66BEACE66F67:[d49b19ea-6ba3-479d-bc88-273610ee8dcd:192.168.157.245:38694, f49ca53a-90dd-4043-8db0-75f56fae1500:192.168.157.245:39800, 7adafec3-b0f2-463f-af01-7d468c370e20:192.168.157.245:33920] returns group-66BEACE66F67:java.util.concurrent.CompletableFuture@6b824964[Not completed]
2019-08-07 04:04:55,846 INFO  impl.RaftServerProxy (RaftServerProxy.java:addNew(89)) - f49ca53a-90dd-4043-8db0-75f56fae1500: addNew group-66BEACE66F67:[d49b19ea-6ba3-479d-bc88-273610ee8dcd:192.168.157.245:38694, f49ca53a-90dd-4043-8db0-75f56fae1500:192.168.157.245:39800, 7adafec3-b0f2-463f-af01-7d468c370e20:192.168.157.245:33920] returns group-66BEACE66F67:java.util.concurrent.CompletableFuture@1e06dc2e[Not completed]
2019-08-07 04:04:55,847 INFO  impl.RaftServerImpl (RaftServerImpl.java:<init>(93)) - d49b19ea-6ba3-479d-bc88-273610ee8dcd: new RaftServerImpl for group-66BEACE66F67:[d49b19ea-6ba3-479d-bc88-273610ee8dcd:192.168.157.245:38694, f49ca53a-90dd-4043-8db0-75f56fae1500:192.168.157.245:39800, 7adafec3-b0f2-463f-af01-7d468c370e20:192.168.157.245:33920] with ContainerStateMachine:uninitialized
2019-08-07 04:04:55,847 INFO  server.RaftServerConfigKeys (ConfUtils.java:logGet(43)) - raft.server.rpc.timeout.min = 5s (custom)
2019-08-07 04:04:55,847 INFO  server.RaftServerConfigKeys (ConfUtils.java:logGet(43)) - raft.server.rpc.timeout.max = 5200ms (custom)
2019-08-07 04:04:55,847 INFO  server.RaftServerConfigKeys (ConfUtils.java:logGet(43)) - raft.server.rpcslowness.timeout = 120s (custom)
2019-08-07 04:04:55,847 INFO  server.RaftServerConfigKeys (ConfUtils.java:logGet(43)) - raft.server.sleep.deviation.threshold = 300 (default)
2019-08-07 04:04:55,848 INFO  server.RaftServerConfigKeys (ConfUtils.java:logGet(43)) - raft.server.log.appender.install.snapshot.enabled = false (custom)
2019-08-07 04:04:55,848 INFO  impl.RaftServerImpl (ServerState.java:<init>(105)) - d49b19ea-6ba3-479d-bc88-273610ee8dcd:group-66BEACE66F67 ConfigurationManager, init=-1: [d49b19ea-6ba3-479d-bc88-273610ee8dcd:192.168.157.245:38694, f49ca53a-90dd-4043-8db0-75f56fae1500:192.168.157.245:39800, 7adafec3-b0f2-463f-af01-7d468c370e20:192.168.157.245:33920], old=null, confs=<EMPTY_MAP>
2019-08-07 04:04:55,848 INFO  impl.RaftServerImpl (RaftServerImpl.java:<init>(93)) - 7adafec3-b0f2-463f-af01-7d468c370e20: new RaftServerImpl for group-66BEACE66F67:[d49b19ea-6ba3-479d-bc88-273610ee8dcd:192.168.157.245:38694, f49ca53a-90dd-4043-8db0-75f56fae1500:192.168.157.245:39800, 7adafec3-b0f2-463f-af01-7d468c370e20:192.168.157.245:33920] with ContainerStateMachine:uninitialized
2019-08-07 04:04:55,848 INFO  server.RaftServerConfigKeys (ConfUtils.java:logGet(43)) - raft.server.storage.dir = [/workdir/hadoop-ozone/integration-test/target/test-dir/MiniOzoneClusterImpl-7026e4b8-6df6-4897-bd33-9f5e93510a50/datanode-0/data/ratis] (custom)
2019-08-07 04:04:55,848 INFO  server.RaftServerConfigKeys (ConfUtils.java:logGet(43)) - raft.server.rpc.timeout.min = 5s (custom)
2019-08-07 04:04:55,848 INFO  impl.RaftServerImpl (RaftServerImpl.java:<init>(93)) - f49ca53a-90dd-4043-8db0-75f56fae1500: new RaftServerImpl for group-66BEACE66F67:[d49b19ea-6ba3-479d-bc88-273610ee8dcd:192.168.157.245:38694, f49ca53a-90dd-4043-8db0-75f56fae1500:192.168.157.245:39800, 7adafec3-b0f2-463f-af01-7d468c370e20:192.168.157.245:33920] with ContainerStateMachine:uninitialized
2019-08-07 04:04:55,849 INFO  server.RaftServerConfigKeys (ConfUtils.java:logGet(43)) - raft.server.rpc.timeout.max = 5200ms (custom)
2019-08-07 04:04:55,849 INFO  storage.RaftStorageDirectory (RaftStorageDirectory.java:analyzeStorage(246)) - The storage directory /workdir/hadoop-ozone/integration-test/target/test-dir/MiniOzoneClusterImpl-7026e4b8-6df6-4897-bd33-9f5e93510a50/datanode-0/data/ratis/ad9cd516-662b-487c-9f0e-66beace66f67 does not exist. Creating ...
2019-08-07 04:04:55,849 INFO  server.RaftServerConfigKeys (ConfUtils.java:logGet(43)) - raft.server.rpc.timeout.min = 5s (custom)
2019-08-07 04:04:55,849 INFO  server.RaftServerConfigKeys (ConfUtils.java:logGet(43)) - raft.server.rpcslowness.timeout = 120s (custom)
2019-08-07 04:04:55,849 INFO  server.RaftServerConfigKeys (ConfUtils.java:logGet(43)) - raft.server.rpc.timeout.max = 5200ms (custom)
2019-08-07 04:04:55,849 INFO  server.RaftServerConfigKeys (ConfUtils.java:logGet(43)) - raft.server.sleep.deviation.threshold = 300 (default)
2019-08-07 04:04:55,849 INFO  server.RaftServerConfigKeys (ConfUtils.java:logGet(43)) - raft.server.rpcslowness.timeout = 120s (custom)
2019-08-07 04:04:55,849 INFO  server.RaftServerConfigKeys (ConfUtils.java:logGet(43)) - raft.server.log.appender.install.snapshot.enabled = false (custom)
2019-08-07 04:04:55,850 INFO  server.RaftServerConfigKeys (ConfUtils.java:logGet(43)) - raft.server.sleep.deviation.threshold = 300 (default)
2019-08-07 04:04:55,850 INFO  impl.RaftServerImpl (ServerState.java:<init>(105)) - 7adafec3-b0f2-463f-af01-7d468c370e20:group-66BEACE66F67 ConfigurationManager, init=-1: [d49b19ea-6ba3-479d-bc88-273610ee8dcd:192.168.157.245:38694, f49ca53a-90dd-4043-8db0-75f56fae1500:192.168.157.245:39800, 7adafec3-b0f2-463f-af01-7d468c370e20:192.168.157.245:33920], old=null, confs=<EMPTY_MAP>
2019-08-07 04:04:55,850 INFO  server.RaftServerConfigKeys (ConfUtils.java:logGet(43)) - raft.server.log.appender.install.snapshot.enabled = false (custom)
2019-08-07 04:04:55,850 INFO  server.RaftServerConfigKeys (ConfUtils.java:logGet(43)) - raft.server.storage.dir = [/workdir/hadoop-ozone/integration-test/target/test-dir/MiniOzoneClusterImpl-7026e4b8-6df6-4897-bd33-9f5e93510a50/datanode-2/data/ratis] (custom)
2019-08-07 04:04:55,850 INFO  impl.RaftServerImpl (ServerState.java:<init>(105)) - f49ca53a-90dd-4043-8db0-75f56fae1500:group-66BEACE66F67 ConfigurationManager, init=-1: [d49b19ea-6ba3-479d-bc88-273610ee8dcd:192.168.157.245:38694, f49ca53a-90dd-4043-8db0-75f56fae1500:192.168.157.245:39800, 7adafec3-b0f2-463f-af01-7d468c370e20:192.168.157.245:33920], old=null, confs=<EMPTY_MAP>
2019-08-07 04:04:55,850 INFO  server.RaftServerConfigKeys (ConfUtils.java:logGet(43)) - raft.server.storage.dir = [/workdir/hadoop-ozone/integration-test/target/test-dir/MiniOzoneClusterImpl-7026e4b8-6df6-4897-bd33-9f5e93510a50/datanode-6/data/ratis] (custom)
2019-08-07 04:04:55,851 INFO  storage.RaftStorageDirectory (RaftStorageDirectory.java:analyzeStorage(246)) - The storage directory /workdir/hadoop-ozone/integration-test/target/test-dir/MiniOzoneClusterImpl-7026e4b8-6df6-4897-bd33-9f5e93510a50/datanode-2/data/ratis/ad9cd516-662b-487c-9f0e-66beace66f67 does not exist. Creating ...
2019-08-07 04:04:55,851 INFO  storage.RaftStorageDirectory (RaftStorageDirectory.java:analyzeStorage(246)) - The storage directory /workdir/hadoop-ozone/integration-test/target/test-dir/MiniOzoneClusterImpl-7026e4b8-6df6-4897-bd33-9f5e93510a50/datanode-6/data/ratis/ad9cd516-662b-487c-9f0e-66beace66f67 does not exist. Creating ...
2019-08-07 04:04:55,862 INFO  storage.RaftStorageDirectory (RaftStorageDirectory.java:tryLock(328)) - Lock on /workdir/hadoop-ozone/integration-test/target/test-dir/MiniOzoneClusterImpl-7026e4b8-6df6-4897-bd33-9f5e93510a50/datanode-6/data/ratis/ad9cd516-662b-487c-9f0e-66beace66f67/in_use.lock acquired by nodename 30074@byscane-nightly-ds7lx-2296511547
2019-08-07 04:04:55,862 INFO  storage.RaftStorageDirectory (RaftStorageDirectory.java:tryLock(328)) - Lock on /workdir/hadoop-ozone/integration-test/target/test-dir/MiniOzoneClusterImpl-7026e4b8-6df6-4897-bd33-9f5e93510a50/datanode-2/data/ratis/ad9cd516-662b-487c-9f0e-66beace66f67/in_use.lock acquired by nodename 30074@byscane-nightly-ds7lx-2296511547
2019-08-07 04:04:55,862 INFO  storage.RaftStorageDirectory (RaftStorageDirectory.java:tryLock(328)) - Lock on /workdir/hadoop-ozone/integration-test/target/test-dir/MiniOzoneClusterImpl-7026e4b8-6df6-4897-bd33-9f5e93510a50/datanode-0/data/ratis/ad9cd516-662b-487c-9f0e-66beace66f67/in_use.lock acquired by nodename 30074@byscane-nightly-ds7lx-2296511547
2019-08-07 04:04:55,884 INFO  storage.RaftStorage (RaftStorage.java:format(72)) - Storage directory /workdir/hadoop-ozone/integration-test/target/test-dir/MiniOzoneClusterImpl-7026e4b8-6df6-4897-bd33-9f5e93510a50/datanode-6/data/ratis/ad9cd516-662b-487c-9f0e-66beace66f67 has been successfully formatted.
2019-08-07 04:04:55,884 INFO  storage.RaftStorage (RaftStorage.java:format(72)) - Storage directory /workdir/hadoop-ozone/integration-test/target/test-dir/MiniOzoneClusterImpl-7026e4b8-6df6-4897-bd33-9f5e93510a50/datanode-0/data/ratis/ad9cd516-662b-487c-9f0e-66beace66f67 has been successfully formatted.
2019-08-07 04:04:55,884 INFO  ratis.ContainerStateMachine (ContainerStateMachine.java:loadSnapshot(213)) - group-66BEACE66F67: The snapshot info is null. Setting the last applied indexto:(t:0, i:~)
2019-08-07 04:04:55,884 INFO  storage.RaftStorage (RaftStorage.java:format(72)) - Storage directory /workdir/hadoop-ozone/integration-test/target/test-dir/MiniOzoneClusterImpl-7026e4b8-6df6-4897-bd33-9f5e93510a50/datanode-2/data/ratis/ad9cd516-662b-487c-9f0e-66beace66f67 has been successfully formatted.
2019-08-07 04:04:55,884 INFO  ratis.ContainerStateMachine (ContainerStateMachine.java:loadSnapshot(213)) - group-66BEACE66F67: The snapshot info is null. Setting the last applied indexto:(t:0, i:~)
2019-08-07 04:04:55,884 INFO  server.RaftServerConfigKeys (ConfUtils.java:logGet(43)) - raft.server.leader.election.timeout = 120s (custom)
2019-08-07 04:04:55,884 INFO  ratis.ContainerStateMachine (ContainerStateMachine.java:loadSnapshot(213)) - group-66BEACE66F67: The snapshot info is null. Setting the last applied indexto:(t:0, i:~)
2019-08-07 04:04:55,885 INFO  server.RaftServerConfigKeys (ConfUtils.java:logGet(43)) - raft.server.leader.election.timeout = 120s (custom)
2019-08-07 04:04:55,885 INFO  server.RaftServerConfigKeys (ConfUtils.java:logGet(43)) - raft.server.leader.election.timeout = 120s (custom)
2019-08-07 04:04:55,885 INFO  server.RaftServerConfigKeys (ConfUtils.java:logGet(43)) - raft.server.log.use.memory = false (default)
2019-08-07 04:04:55,885 INFO  server.RaftServerConfigKeys (ConfUtils.java:logGet(43)) - raft.server.log.use.memory = false (default)
2019-08-07 04:04:55,885 INFO  server.RaftServerConfigKeys (ConfUtils.java:logGet(43)) - raft.server.log.use.memory = false (default)
2019-08-07 04:04:55,885 INFO  server.RaftServerConfigKeys (ConfUtils.java:logGet(43)) - raft.server.log.purge.gap = 1000000000 (custom)
2019-08-07 04:04:55,885 INFO  server.RaftServerConfigKeys (ConfUtils.java:logGet(43)) - raft.server.log.purge.gap = 1000000000 (custom)
2019-08-07 04:04:55,886 INFO  server.RaftServerConfigKeys (ConfUtils.java:logGet(43)) - raft.server.log.appender.buffer.byte-limit = 33554432 (custom)
2019-08-07 04:04:55,886 INFO  server.RaftServerConfigKeys (ConfUtils.java:logGet(43)) - raft.server.log.purge.gap = 1000000000 (custom)
2019-08-07 04:04:55,886 INFO  server.RaftServerConfigKeys (ConfUtils.java:logGet(43)) - raft.server.log.segment.size.max = 1048576 (custom)
2019-08-07 04:04:55,886 INFO  server.RaftServerConfigKeys (ConfUtils.java:logGet(43)) - raft.server.log.appender.buffer.byte-limit = 33554432 (custom)
2019-08-07 04:04:55,886 INFO  server.RaftServerConfigKeys (ConfUtils.java:logGet(43)) - raft.server.log.segment.cache.num.max = 2 (custom)
2019-08-07 04:04:55,886 INFO  server.RaftServerConfigKeys (ConfUtils.java:logGet(43)) - raft.server.log.appender.buffer.byte-limit = 33554432 (custom)
2019-08-07 04:04:55,887 INFO  segmented.SegmentedRaftLogWorker (SegmentedRaftLogWorker.java:<init>(172)) - new 7adafec3-b0f2-463f-af01-7d468c370e20-SegmentedRaftLogWorker:Storage Directory /workdir/hadoop-ozone/integration-test/target/test-dir/MiniOzoneClusterImpl-7026e4b8-6df6-4897-bd33-9f5e93510a50/datanode-2/data/ratis/ad9cd516-662b-487c-9f0e-66beace66f67 for RaftStorage:Storage Directory /workdir/hadoop-ozone/integration-test/target/test-dir/MiniOzoneClusterImpl-7026e4b8-6df6-4897-bd33-9f5e93510a50/datanode-2/data/ratis/ad9cd516-662b-487c-9f0e-66beace66f67
2019-08-07 04:04:55,887 INFO  server.RaftServerConfigKeys (ConfUtils.java:logGet(43)) - raft.server.log.segment.size.max = 1048576 (custom)
2019-08-07 04:04:55,887 INFO  server.RaftServerConfigKeys (ConfUtils.java:logGet(43)) - raft.server.log.queue.byte-limit = 2147483647 (custom)
2019-08-07 04:04:55,887 INFO  server.RaftServerConfigKeys (ConfUtils.java:logGet(43)) - raft.server.log.segment.size.max = 1048576 (custom)
2019-08-07 04:04:55,889 INFO  server.RaftServerConfigKeys (ConfUtils.java:logGet(43)) - raft.server.log.queue.element-limit = 1024 (custom)
2019-08-07 04:04:55,887 INFO  server.RaftServerConfigKeys (ConfUtils.java:logGet(43)) - raft.server.log.segment.cache.num.max = 2 (custom)
2019-08-07 04:04:55,890 INFO  server.RaftServerConfigKeys (ConfUtils.java:logGet(43)) - raft.server.log.segment.size.max = 1048576 (custom)
2019-08-07 04:04:55,890 INFO  server.RaftServerConfigKeys (ConfUtils.java:logGet(43)) - raft.server.log.segment.cache.num.max = 2 (custom)
2019-08-07 04:04:55,890 INFO  server.RaftServerConfigKeys (ConfUtils.java:logGet(43)) - raft.server.log.preallocated.size = 16384 (custom)
2019-08-07 04:04:55,890 INFO  segmented.SegmentedRaftLogWorker (SegmentedRaftLogWorker.java:<init>(172)) - new f49ca53a-90dd-4043-8db0-75f56fae1500-SegmentedRaftLogWorker:Storage Directory /workdir/hadoop-ozone/integration-test/target/test-dir/MiniOzoneClusterImpl-7026e4b8-6df6-4897-bd33-9f5e93510a50/datanode-6/data/ratis/ad9cd516-662b-487c-9f0e-66beace66f67 for RaftStorage:Storage Directory /workdir/hadoop-ozone/integration-test/target/test-dir/MiniOzoneClusterImpl-7026e4b8-6df6-4897-bd33-9f5e93510a50/datanode-6/data/ratis/ad9cd516-662b-487c-9f0e-66beace66f67
2019-08-07 04:04:55,890 INFO  server.RaftServerConfigKeys (ConfUtils.java:logGet(43)) - raft.server.log.write.buffer.size = 33554432 (custom)
2019-08-07 04:04:55,890 INFO  segmented.SegmentedRaftLogWorker (SegmentedRaftLogWorker.java:<init>(172)) - new d49b19ea-6ba3-479d-bc88-273610ee8dcd-SegmentedRaftLogWorker:Storage Directory /workdir/hadoop-ozone/integration-test/target/test-dir/MiniOzoneClusterImpl-7026e4b8-6df6-4897-bd33-9f5e93510a50/datanode-0/data/ratis/ad9cd516-662b-487c-9f0e-66beace66f67 for RaftStorage:Storage Directory /workdir/hadoop-ozone/integration-test/target/test-dir/MiniOzoneClusterImpl-7026e4b8-6df6-4897-bd33-9f5e93510a50/datanode-0/data/ratis/ad9cd516-662b-487c-9f0e-66beace66f67
2019-08-07 04:04:55,891 INFO  server.RaftServerConfigKeys (ConfUtils.java:logGet(43)) - raft.server.log.force.sync.num = 128 (default)
2019-08-07 04:04:55,890 INFO  server.RaftServerConfigKeys (ConfUtils.java:logGet(43)) - raft.server.log.queue.byte-limit = 2147483647 (custom)
2019-08-07 04:04:55,895 INFO  server.RaftServerConfigKeys (ConfUtils.java:logGet(43)) - raft.server.log.statemachine.data.sync = true (default)
2019-08-07 04:04:55,893 INFO  server.RaftServerConfigKeys (ConfUtils.java:logGet(43)) - raft.server.log.queue.byte-limit = 2147483647 (custom)
2019-08-07 04:04:55,895 INFO  server.RaftServerConfigKeys (ConfUtils.java:logGet(43)) - raft.server.log.statemachine.data.sync.timeout = 10s (default)
2019-08-07 04:04:55,895 INFO  server.RaftServerConfigKeys (ConfUtils.java:logGet(43)) - raft.server.log.queue.element-limit = 1024 (custom)
2019-08-07 04:04:55,895 INFO  server.RaftServerConfigKeys (ConfUtils.java:logGet(43)) - raft.server.log.statemachine.data.sync.timeout.retry = -1 (default)
2019-08-07 04:04:55,895 INFO  server.RaftServerConfigKeys (ConfUtils.java:logGet(43)) - raft.server.log.queue.element-limit = 1024 (custom)
2019-08-07 04:04:55,896 INFO  server.RaftServerConfigKeys (ConfUtils.java:logGet(43)) - raft.server.log.statemachine.data.caching.enabled = true (custom)
2019-08-07 04:04:55,895 INFO  server.RaftServerConfigKeys (ConfUtils.java:logGet(43)) - raft.server.log.segment.size.max = 1048576 (custom)
2019-08-07 04:04:55,896 INFO  server.RaftServerConfigKeys (ConfUtils.java:logGet(43)) - raft.server.log.segment.size.max = 1048576 (custom)
2019-08-07 04:04:55,896 INFO  segmented.SegmentedRaftLogWorker (SegmentedRaftLogWorker.java:lambda$new$0(132)) - 7adafec3-b0f2-463f-af01-7d468c370e20-SegmentedRaftLogWorker:Storage Directory /workdir/hadoop-ozone/integration-test/target/test-dir/MiniOzoneClusterImpl-7026e4b8-6df6-4897-bd33-9f5e93510a50/datanode-2/data/ratis/ad9cd516-662b-487c-9f0e-66beace66f67: flushIndex: setUnconditionally 0 -> -1
2019-08-07 04:04:55,896 INFO  server.RaftServerConfigKeys (ConfUtils.java:logGet(43)) - raft.server.log.preallocated.size = 16384 (custom)
2019-08-07 04:04:55,896 INFO  server.RaftServerConfigKeys (ConfUtils.java:logGet(43)) - raft.server.log.preallocated.size = 16384 (custom)
2019-08-07 04:04:55,897 INFO  server.RaftServerConfigKeys (ConfUtils.java:logGet(43)) - raft.server.snapshot.auto.trigger.enabled = true (custom)
2019-08-07 04:04:55,897 INFO  server.RaftServerConfigKeys (ConfUtils.java:logGet(43)) - raft.server.log.write.buffer.size = 33554432 (custom)
2019-08-07 04:04:55,897 INFO  server.RaftServerConfigKeys (ConfUtils.java:logGet(43)) - raft.server.snapshot.auto.trigger.threshold = 10000 (custom)
2019-08-07 04:04:55,897 INFO  server.RaftServerConfigKeys (ConfUtils.java:logGet(43)) - raft.server.log.write.buffer.size = 33554432 (custom)
2019-08-07 04:04:55,897 INFO  server.RaftServerConfigKeys (ConfUtils.java:logGet(43)) - raft.server.retrycache.expirytime = 600000ms (custom)
2019-08-07 04:04:55,897 INFO  server.RaftServerConfigKeys (ConfUtils.java:logGet(43)) - raft.server.log.force.sync.num = 128 (default)
2019-08-07 04:04:55,897 INFO  server.RaftServerConfigKeys (ConfUtils.java:logGet(43)) - raft.server.log.force.sync.num = 128 (default)
2019-08-07 04:04:55,898 INFO  server.RaftServerConfigKeys (ConfUtils.java:logGet(43)) - raft.server.log.statemachine.data.sync = true (default)
2019-08-07 04:04:55,898 INFO  impl.RaftServerImpl (RaftServerImpl.java:start(180)) - 7adafec3-b0f2-463f-af01-7d468c370e20: start group-66BEACE66F67
2019-08-07 04:04:55,898 INFO  server.RaftServerConfigKeys (ConfUtils.java:logGet(43)) - raft.server.log.statemachine.data.sync.timeout = 10s (default)
2019-08-07 04:04:55,898 INFO  server.RaftServerConfigKeys (ConfUtils.java:logGet(43)) - raft.server.log.statemachine.data.sync = true (default)
2019-08-07 04:04:55,898 INFO  server.RaftServerConfigKeys (ConfUtils.java:logGet(43)) - raft.server.log.statemachine.data.sync.timeout.retry = -1 (default)
2019-08-07 04:04:55,898 INFO  impl.RaftServerImpl (RaftServerImpl.java:setRole(171)) - 7adafec3-b0f2-463f-af01-7d468c370e20:group-66BEACE66F67 changes role from null to FOLLOWER at term 0 for startAsFollower
2019-08-07 04:04:55,899 INFO  server.RaftServerConfigKeys (ConfUtils.java:logGet(43)) - raft.server.log.statemachine.data.caching.enabled = true (custom)
2019-08-07 04:04:55,898 INFO  server.RaftServerConfigKeys (ConfUtils.java:logGet(43)) - raft.server.log.statemachine.data.sync.timeout = 10s (default)
2019-08-07 04:04:55,899 INFO  impl.RoleInfo (RoleInfo.java:updateAndGet(143)) - 7adafec3-b0f2-463f-af01-7d468c370e20: start FollowerState
2019-08-07 04:04:55,899 INFO  server.RaftServerConfigKeys (ConfUtils.java:logGet(43)) - raft.server.log.statemachine.data.sync.timeout.retry = -1 (default)
2019-08-07 04:04:55,899 INFO  segmented.SegmentedRaftLogWorker (SegmentedRaftLogWorker.java:lambda$new$0(132)) - f49ca53a-90dd-4043-8db0-75f56fae1500-SegmentedRaftLogWorker:Storage Directory /workdir/hadoop-ozone/integration-test/target/test-dir/MiniOzoneClusterImpl-7026e4b8-6df6-4897-bd33-9f5e93510a50/datanode-6/data/ratis/ad9cd516-662b-487c-9f0e-66beace66f67: flushIndex: setUnconditionally 0 -> -1
2019-08-07 04:04:55,899 INFO  server.RaftServerConfigKeys (ConfUtils.java:logGet(43)) - raft.server.log.statemachine.data.caching.enabled = true (custom)
2019-08-07 04:04:55,900 INFO  util.JmxRegister (JmxRegister.java:tryRegister(44)) - Successfully registered JMX Bean with object name Ratis:service=RaftServer,group=group-66BEACE66F67,id=7adafec3-b0f2-463f-af01-7d468c370e20
2019-08-07 04:04:55,900 INFO  server.RaftServerConfigKeys (ConfUtils.java:logGet(43)) - raft.server.snapshot.auto.trigger.enabled = true (custom)
2019-08-07 04:04:55,900 INFO  segmented.SegmentedRaftLogWorker (SegmentedRaftLogWorker.java:lambda$new$0(132)) - d49b19ea-6ba3-479d-bc88-273610ee8dcd-SegmentedRaftLogWorker:Storage Directory /workdir/hadoop-ozone/integration-test/target/test-dir/MiniOzoneClusterImpl-7026e4b8-6df6-4897-bd33-9f5e93510a50/datanode-0/data/ratis/ad9cd516-662b-487c-9f0e-66beace66f67: flushIndex: setUnconditionally 0 -> -1
2019-08-07 04:04:55,900 INFO  server.RaftServerConfigKeys (ConfUtils.java:logGet(43)) - raft.server.snapshot.auto.trigger.threshold = 10000 (custom)
2019-08-07 04:04:55,900 INFO  server.RaftServerConfigKeys (ConfUtils.java:logGet(43)) - raft.server.snapshot.auto.trigger.enabled = true (custom)
2019-08-07 04:04:55,900 INFO  server.RaftServerConfigKeys (ConfUtils.java:logGet(43)) - raft.server.retrycache.expirytime = 600000ms (custom)
2019-08-07 04:04:55,900 INFO  server.RaftServerConfigKeys (ConfUtils.java:logGet(43)) - raft.server.snapshot.auto.trigger.threshold = 10000 (custom)
2019-08-07 04:04:55,901 INFO  impl.RaftServerImpl (RaftServerImpl.java:start(180)) - f49ca53a-90dd-4043-8db0-75f56fae1500: start group-66BEACE66F67
2019-08-07 04:04:55,901 INFO  impl.RaftServerImpl (RaftServerImpl.java:setRole(171)) - f49ca53a-90dd-4043-8db0-75f56fae1500:group-66BEACE66F67 changes role from null to FOLLOWER at term 0 for startAsFollower
2019-08-07 04:04:55,901 INFO  server.RaftServerConfigKeys (ConfUtils.java:logGet(43)) - raft.server.retrycache.expirytime = 600000ms (custom)
2019-08-07 04:04:55,901 INFO  impl.RoleInfo (RoleInfo.java:updateAndGet(143)) - f49ca53a-90dd-4043-8db0-75f56fae1500: start FollowerState
2019-08-07 04:04:55,901 INFO  impl.RaftServerImpl (RaftServerImpl.java:start(180)) - d49b19ea-6ba3-479d-bc88-273610ee8dcd: start group-66BEACE66F67
2019-08-07 04:04:55,901 INFO  impl.RaftServerImpl (RaftServerImpl.java:setRole(171)) - d49b19ea-6ba3-479d-bc88-273610ee8dcd:group-66BEACE66F67 changes role from null to FOLLOWER at term 0 for startAsFollower
2019-08-07 04:04:55,901 INFO  util.JmxRegister (JmxRegister.java:tryRegister(44)) - Successfully registered JMX Bean with object name Ratis:service=RaftServer,group=group-66BEACE66F67,id=f49ca53a-90dd-4043-8db0-75f56fae1500
2019-08-07 04:04:55,902 INFO  impl.RoleInfo (RoleInfo.java:updateAndGet(143)) - d49b19ea-6ba3-479d-bc88-273610ee8dcd: start FollowerState
2019-08-07 04:04:55,902 INFO  util.JmxRegister (JmxRegister.java:tryRegister(44)) - Successfully registered JMX Bean with object name Ratis:service=RaftServer,group=group-66BEACE66F67,id=d49b19ea-6ba3-479d-bc88-273610ee8dcd
2019-08-07 04:04:55,930 INFO  pipeline.PipelineStateManager (PipelineStateManager.java:addPipeline(56)) - Created pipeline Pipeline[ Id: ad9cd516-662b-487c-9f0e-66beace66f67, Nodes: d49b19ea-6ba3-479d-bc88-273610ee8dcd{ip: 192.168.157.245, host: byscane-nightly-ds7lx-2296511547, networkLocation: /default-rack, certSerialId: null}f49ca53a-90dd-4043-8db0-75f56fae1500{ip: 192.168.157.245, host: byscane-nightly-ds7lx-2296511547, networkLocation: /default-rack, certSerialId: null}7adafec3-b0f2-463f-af01-7d468c370e20{ip: 192.168.157.245, host: byscane-nightly-ds7lx-2296511547, networkLocation: /default-rack, certSerialId: null}, Type:RATIS, Factor:THREE, State:OPEN]
2019-08-07 04:04:55,966 INFO  impl.RaftServerProxy (RaftServerProxy.java:addNew(89)) - a97530da-6325-42dd-bbf1-858bb8a52e40: addNew group-97F906D22FC2:[f7b9037a-943b-46c6-85ee-08a8477532e9:192.168.157.245:44603, a97530da-6325-42dd-bbf1-858bb8a52e40:192.168.157.245:44184, 0b21f3e6-f0c2-43e8-b6d9-5d75b3b4759c:192.168.157.245:36595] returns group-97F906D22FC2:java.util.concurrent.CompletableFuture@13d93981[Not completed]
2019-08-07 04:04:55,968 INFO  impl.RaftServerProxy (RaftServerProxy.java:addNew(89)) - 0b21f3e6-f0c2-43e8-b6d9-5d75b3b4759c: addNew group-97F906D22FC2:[f7b9037a-943b-46c6-85ee-08a8477532e9:192.168.157.245:44603, a97530da-6325-42dd-bbf1-858bb8a52e40:192.168.157.245:44184, 0b21f3e6-f0c2-43e8-b6d9-5d75b3b4759c:192.168.157.245:36595] returns group-97F906D22FC2:java.util.concurrent.CompletableFuture@5f3bd615[Not completed]
2019-08-07 04:04:55,970 INFO  impl.RaftServerProxy (RaftServerProxy.java:addNew(89)) - f7b9037a-943b-46c6-85ee-08a8477532e9: addNew group-97F906D22FC2:[f7b9037a-943b-46c6-85ee-08a8477532e9:192.168.157.245:44603, a97530da-6325-42dd-bbf1-858bb8a52e40:192.168.157.245:44184, 0b21f3e6-f0c2-43e8-b6d9-5d75b3b4759c:192.168.157.245:36595] returns group-97F906D22FC2:java.util.concurrent.CompletableFuture@22000c6a[Not completed]
2019-08-07 04:04:55,970 INFO  impl.RaftServerImpl (RaftServerImpl.java:<init>(93)) - a97530da-6325-42dd-bbf1-858bb8a52e40: new RaftServerImpl for group-97F906D22FC2:[f7b9037a-943b-46c6-85ee-08a8477532e9:192.168.157.245:44603, a97530da-6325-42dd-bbf1-858bb8a52e40:192.168.157.245:44184, 0b21f3e6-f0c2-43e8-b6d9-5d75b3b4759c:192.168.157.245:36595] with ContainerStateMachine:uninitialized
2019-08-07 04:04:55,971 INFO  server.RaftServerConfigKeys (ConfUtils.java:logGet(43)) - raft.server.rpc.timeout.min = 5s (custom)
2019-08-07 04:04:55,971 INFO  server.RaftServerConfigKeys (ConfUtils.java:logGet(43)) - raft.server.rpc.timeout.max = 5200ms (custom)
2019-08-07 04:04:55,971 INFO  server.RaftServerConfigKeys (ConfUtils.java:logGet(43)) - raft.server.rpcslowness.timeout = 120s (custom)
2019-08-07 04:04:55,971 INFO  server.RaftServerConfigKeys (ConfUtils.java:logGet(43)) - raft.server.sleep.deviation.threshold = 300 (default)
2019-08-07 04:04:55,971 INFO  server.RaftServerConfigKeys (ConfUtils.java:logGet(43)) - raft.server.log.appender.install.snapshot.enabled = false (custom)
2019-08-07 04:04:55,971 INFO  impl.RaftServerImpl (RaftServerImpl.java:<init>(93)) - 0b21f3e6-f0c2-43e8-b6d9-5d75b3b4759c: new RaftServerImpl for group-97F906D22FC2:[f7b9037a-943b-46c6-85ee-08a8477532e9:192.168.157.245:44603, a97530da-6325-42dd-bbf1-858bb8a52e40:192.168.157.245:44184, 0b21f3e6-f0c2-43e8-b6d9-5d75b3b4759c:192.168.157.245:36595] with ContainerStateMachine:uninitialized
2019-08-07 04:04:55,971 INFO  impl.RaftServerImpl (ServerState.java:<init>(105)) - a97530da-6325-42dd-bbf1-858bb8a52e40:group-97F906D22FC2 ConfigurationManager, init=-1: [f7b9037a-943b-46c6-85ee-08a8477532e9:192.168.157.245:44603, a97530da-6325-42dd-bbf1-858bb8a52e40:192.168.157.245:44184, 0b21f3e6-f0c2-43e8-b6d9-5d75b3b4759c:192.168.157.245:36595], old=null, confs=<EMPTY_MAP>
2019-08-07 04:04:55,971 INFO  server.RaftServerConfigKeys (ConfUtils.java:logGet(43)) - raft.server.rpc.timeout.min = 5s (custom)
2019-08-07 04:04:55,971 INFO  server.RaftServerConfigKeys (ConfUtils.java:logGet(43)) - raft.server.storage.dir = [/workdir/hadoop-ozone/integration-test/target/test-dir/MiniOzoneClusterImpl-7026e4b8-6df6-4897-bd33-9f5e93510a50/datanode-1/data/ratis] (custom)
2019-08-07 04:04:55,972 INFO  server.RaftServerConfigKeys (ConfUtils.java:logGet(43)) - raft.server.rpc.timeout.max = 5200ms (custom)
2019-08-07 04:04:55,972 INFO  server.RaftServerConfigKeys (ConfUtils.java:logGet(43)) - raft.server.rpcslowness.timeout = 120s (custom)
2019-08-07 04:04:55,972 INFO  server.RaftServerConfigKeys (ConfUtils.java:logGet(43)) - raft.server.sleep.deviation.threshold = 300 (default)
2019-08-07 04:04:55,972 INFO  storage.RaftStorageDirectory (RaftStorageDirectory.java:analyzeStorage(246)) - The storage directory /workdir/hadoop-ozone/integration-test/target/test-dir/MiniOzoneClusterImpl-7026e4b8-6df6-4897-bd33-9f5e93510a50/datanode-1/data/ratis/f2689bcc-c858-417b-b71a-97f906d22fc2 does not exist. Creating ...
2019-08-07 04:04:55,972 INFO  server.RaftServerConfigKeys (ConfUtils.java:logGet(43)) - raft.server.log.appender.install.snapshot.enabled = false (custom)
2019-08-07 04:04:55,972 INFO  impl.RaftServerImpl (RaftServerImpl.java:<init>(93)) - f7b9037a-943b-46c6-85ee-08a8477532e9: new RaftServerImpl for group-97F906D22FC2:[f7b9037a-943b-46c6-85ee-08a8477532e9:192.168.157.245:44603, a97530da-6325-42dd-bbf1-858bb8a52e40:192.168.157.245:44184, 0b21f3e6-f0c2-43e8-b6d9-5d75b3b4759c:192.168.157.245:36595] with ContainerStateMachine:uninitialized
2019-08-07 04:04:55,972 INFO  impl.RaftServerImpl (ServerState.java:<init>(105)) - 0b21f3e6-f0c2-43e8-b6d9-5d75b3b4759c:group-97F906D22FC2 ConfigurationManager, init=-1: [f7b9037a-943b-46c6-85ee-08a8477532e9:192.168.157.245:44603, a97530da-6325-42dd-bbf1-858bb8a52e40:192.168.157.245:44184, 0b21f3e6-f0c2-43e8-b6d9-5d75b3b4759c:192.168.157.245:36595], old=null, confs=<EMPTY_MAP>
2019-08-07 04:04:55,972 INFO  server.RaftServerConfigKeys (ConfUtils.java:logGet(43)) - raft.server.rpc.timeout.min = 5s (custom)
2019-08-07 04:04:55,973 INFO  server.RaftServerConfigKeys (ConfUtils.java:logGet(43)) - raft.server.storage.dir = [/workdir/hadoop-ozone/integration-test/target/test-dir/MiniOzoneClusterImpl-7026e4b8-6df6-4897-bd33-9f5e93510a50/datanode-5/data/ratis] (custom)
2019-08-07 04:04:55,973 INFO  server.RaftServerConfigKeys (ConfUtils.java:logGet(43)) - raft.server.rpc.timeout.max = 5200ms (custom)
2019-08-07 04:04:55,973 INFO  server.RaftServerConfigKeys (ConfUtils.java:logGet(43)) - raft.server.rpcslowness.timeout = 120s (custom)
2019-08-07 04:04:55,973 INFO  storage.RaftStorageDirectory (RaftStorageDirectory.java:analyzeStorage(246)) - The storage directory /workdir/hadoop-ozone/integration-test/target/test-dir/MiniOzoneClusterImpl-7026e4b8-6df6-4897-bd33-9f5e93510a50/datanode-5/data/ratis/f2689bcc-c858-417b-b71a-97f906d22fc2 does not exist. Creating ...
2019-08-07 04:04:55,973 INFO  server.RaftServerConfigKeys (ConfUtils.java:logGet(43)) - raft.server.sleep.deviation.threshold = 300 (default)
2019-08-07 04:04:55,973 INFO  server.RaftServerConfigKeys (ConfUtils.java:logGet(43)) - raft.server.log.appender.install.snapshot.enabled = false (custom)
2019-08-07 04:04:55,973 INFO  impl.RaftServerImpl (ServerState.java:<init>(105)) - f7b9037a-943b-46c6-85ee-08a8477532e9:group-97F906D22FC2 ConfigurationManager, init=-1: [f7b9037a-943b-46c6-85ee-08a8477532e9:192.168.157.245:44603, a97530da-6325-42dd-bbf1-858bb8a52e40:192.168.157.245:44184, 0b21f3e6-f0c2-43e8-b6d9-5d75b3b4759c:192.168.157.245:36595], old=null, confs=<EMPTY_MAP>
2019-08-07 04:04:55,974 INFO  server.RaftServerConfigKeys (ConfUtils.java:logGet(43)) - raft.server.storage.dir = [/workdir/hadoop-ozone/integration-test/target/test-dir/MiniOzoneClusterImpl-7026e4b8-6df6-4897-bd33-9f5e93510a50/datanode-3/data/ratis] (custom)
2019-08-07 04:04:55,974 INFO  storage.RaftStorageDirectory (RaftStorageDirectory.java:analyzeStorage(246)) - The storage directory /workdir/hadoop-ozone/integration-test/target/test-dir/MiniOzoneClusterImpl-7026e4b8-6df6-4897-bd33-9f5e93510a50/datanode-3/data/ratis/f2689bcc-c858-417b-b71a-97f906d22fc2 does not exist. Creating ...
2019-08-07 04:04:55,986 INFO  storage.RaftStorageDirectory (RaftStorageDirectory.java:tryLock(328)) - Lock on /workdir/hadoop-ozone/integration-test/target/test-dir/MiniOzoneClusterImpl-7026e4b8-6df6-4897-bd33-9f5e93510a50/datanode-1/data/ratis/f2689bcc-c858-417b-b71a-97f906d22fc2/in_use.lock acquired by nodename 30074@byscane-nightly-ds7lx-2296511547
2019-08-07 04:04:55,986 INFO  storage.RaftStorageDirectory (RaftStorageDirectory.java:tryLock(328)) - Lock on /workdir/hadoop-ozone/integration-test/target/test-dir/MiniOzoneClusterImpl-7026e4b8-6df6-4897-bd33-9f5e93510a50/datanode-5/data/ratis/f2689bcc-c858-417b-b71a-97f906d22fc2/in_use.lock acquired by nodename 30074@byscane-nightly-ds7lx-2296511547
2019-08-07 04:04:55,986 INFO  storage.RaftStorageDirectory (RaftStorageDirectory.java:tryLock(328)) - Lock on /workdir/hadoop-ozone/integration-test/target/test-dir/MiniOzoneClusterImpl-7026e4b8-6df6-4897-bd33-9f5e93510a50/datanode-3/data/ratis/f2689bcc-c858-417b-b71a-97f906d22fc2/in_use.lock acquired by nodename 30074@byscane-nightly-ds7lx-2296511547
2019-08-07 04:04:55,999 INFO  storage.RaftStorage (RaftStorage.java:format(72)) - Storage directory /workdir/hadoop-ozone/integration-test/target/test-dir/MiniOzoneClusterImpl-7026e4b8-6df6-4897-bd33-9f5e93510a50/datanode-1/data/ratis/f2689bcc-c858-417b-b71a-97f906d22fc2 has been successfully formatted.
2019-08-07 04:04:55,999 INFO  storage.RaftStorage (RaftStorage.java:format(72)) - Storage directory /workdir/hadoop-ozone/integration-test/target/test-dir/MiniOzoneClusterImpl-7026e4b8-6df6-4897-bd33-9f5e93510a50/datanode-5/data/ratis/f2689bcc-c858-417b-b71a-97f906d22fc2 has been successfully formatted.
2019-08-07 04:04:55,999 INFO  ratis.ContainerStateMachine (ContainerStateMachine.java:loadSnapshot(213)) - group-97F906D22FC2: The snapshot info is null. Setting the last applied indexto:(t:0, i:~)
2019-08-07 04:04:55,999 INFO  storage.RaftStorage (RaftStorage.java:format(72)) - Storage directory /workdir/hadoop-ozone/integration-test/target/test-dir/MiniOzoneClusterImpl-7026e4b8-6df6-4897-bd33-9f5e93510a50/datanode-3/data/ratis/f2689bcc-c858-417b-b71a-97f906d22fc2 has been successfully formatted.
2019-08-07 04:04:56,000 INFO  ratis.ContainerStateMachine (ContainerStateMachine.java:loadSnapshot(213)) - group-97F906D22FC2: The snapshot info is null. Setting the last applied indexto:(t:0, i:~)
2019-08-07 04:04:55,999 INFO  server.RaftServerConfigKeys (ConfUtils.java:logGet(43)) - raft.server.leader.election.timeout = 120s (custom)
2019-08-07 04:04:56,000 INFO  server.RaftServerConfigKeys (ConfUtils.java:logGet(43)) - raft.server.leader.election.timeout = 120s (custom)
2019-08-07 04:04:56,000 INFO  ratis.ContainerStateMachine (ContainerStateMachine.java:loadSnapshot(213)) - group-97F906D22FC2: The snapshot info is null. Setting the last applied indexto:(t:0, i:~)
2019-08-07 04:04:56,000 INFO  server.RaftServerConfigKeys (ConfUtils.java:logGet(43)) - raft.server.log.use.memory = false (default)
2019-08-07 04:04:56,000 INFO  server.RaftServerConfigKeys (ConfUtils.java:logGet(43)) - raft.server.log.use.memory = false (default)
2019-08-07 04:04:56,001 INFO  server.RaftServerConfigKeys (ConfUtils.java:logGet(43)) - raft.server.log.purge.gap = 1000000000 (custom)
2019-08-07 04:04:56,000 INFO  server.RaftServerConfigKeys (ConfUtils.java:logGet(43)) - raft.server.leader.election.timeout = 120s (custom)
2019-08-07 04:04:56,001 INFO  server.RaftServerConfigKeys (ConfUtils.java:logGet(43)) - raft.server.log.appender.buffer.byte-limit = 33554432 (custom)
2019-08-07 04:04:56,001 INFO  server.RaftServerConfigKeys (ConfUtils.java:logGet(43)) - raft.server.log.purge.gap = 1000000000 (custom)
2019-08-07 04:04:56,001 INFO  server.RaftServerConfigKeys (ConfUtils.java:logGet(43)) - raft.server.log.segment.size.max = 1048576 (custom)
2019-08-07 04:04:56,001 INFO  server.RaftServerConfigKeys (ConfUtils.java:logGet(43)) - raft.server.log.use.memory = false (default)
2019-08-07 04:04:56,002 INFO  server.RaftServerConfigKeys (ConfUtils.java:logGet(43)) - raft.server.log.segment.cache.num.max = 2 (custom)
2019-08-07 04:04:56,001 INFO  server.RaftServerConfigKeys (ConfUtils.java:logGet(43)) - raft.server.log.appender.buffer.byte-limit = 33554432 (custom)
2019-08-07 04:04:56,002 INFO  segmented.SegmentedRaftLogWorker (SegmentedRaftLogWorker.java:<init>(172)) - new 0b21f3e6-f0c2-43e8-b6d9-5d75b3b4759c-SegmentedRaftLogWorker:Storage Directory /workdir/hadoop-ozone/integration-test/target/test-dir/MiniOzoneClusterImpl-7026e4b8-6df6-4897-bd33-9f5e93510a50/datanode-5/data/ratis/f2689bcc-c858-417b-b71a-97f906d22fc2 for RaftStorage:Storage Directory /workdir/hadoop-ozone/integration-test/target/test-dir/MiniOzoneClusterImpl-7026e4b8-6df6-4897-bd33-9f5e93510a50/datanode-5/data/ratis/f2689bcc-c858-417b-b71a-97f906d22fc2
2019-08-07 04:04:56,002 INFO  server.RaftServerConfigKeys (ConfUtils.java:logGet(43)) - raft.server.log.purge.gap = 1000000000 (custom)
2019-08-07 04:04:56,002 INFO  server.RaftServerConfigKeys (ConfUtils.java:logGet(43)) - raft.server.log.queue.byte-limit = 2147483647 (custom)
2019-08-07 04:04:56,002 INFO  server.RaftServerConfigKeys (ConfUtils.java:logGet(43)) - raft.server.log.segment.size.max = 1048576 (custom)
2019-08-07 04:04:56,004 INFO  server.RaftServerConfigKeys (ConfUtils.java:logGet(43)) - raft.server.log.queue.element-limit = 1024 (custom)
2019-08-07 04:04:56,004 INFO  server.RaftServerConfigKeys (ConfUtils.java:logGet(43)) - raft.server.log.appender.buffer.byte-limit = 33554432 (custom)
2019-08-07 04:04:56,004 INFO  server.RaftServerConfigKeys (ConfUtils.java:logGet(43)) - raft.server.log.segment.size.max = 1048576 (custom)
2019-08-07 04:04:56,004 INFO  server.RaftServerConfigKeys (ConfUtils.java:logGet(43)) - raft.server.log.segment.cache.num.max = 2 (custom)
2019-08-07 04:04:56,005 INFO  server.RaftServerConfigKeys (ConfUtils.java:logGet(43)) - raft.server.log.preallocated.size = 16384 (custom)
2019-08-07 04:04:56,005 INFO  server.RaftServerConfigKeys (ConfUtils.java:logGet(43)) - raft.server.log.segment.size.max = 1048576 (custom)
2019-08-07 04:04:56,005 INFO  server.RaftServerConfigKeys (ConfUtils.java:logGet(43)) - raft.server.log.write.buffer.size = 33554432 (custom)
2019-08-07 04:04:56,005 INFO  segmented.SegmentedRaftLogWorker (SegmentedRaftLogWorker.java:<init>(172)) - new a97530da-6325-42dd-bbf1-858bb8a52e40-SegmentedRaftLogWorker:Storage Directory /workdir/hadoop-ozone/integration-test/target/test-dir/MiniOzoneClusterImpl-7026e4b8-6df6-4897-bd33-9f5e93510a50/datanode-1/data/ratis/f2689bcc-c858-417b-b71a-97f906d22fc2 for RaftStorage:Storage Directory /workdir/hadoop-ozone/integration-test/target/test-dir/MiniOzoneClusterImpl-7026e4b8-6df6-4897-bd33-9f5e93510a50/datanode-1/data/ratis/f2689bcc-c858-417b-b71a-97f906d22fc2
2019-08-07 04:04:56,005 INFO  server.RaftServerConfigKeys (ConfUtils.java:logGet(43)) - raft.server.log.force.sync.num = 128 (default)
2019-08-07 04:04:56,005 INFO  server.RaftServerConfigKeys (ConfUtils.java:logGet(43)) - raft.server.log.segment.cache.num.max = 2 (custom)
2019-08-07 04:04:56,006 INFO  server.RaftServerConfigKeys (ConfUtils.java:logGet(43)) - raft.server.log.statemachine.data.sync = true (default)
2019-08-07 04:04:56,005 INFO  server.RaftServerConfigKeys (ConfUtils.java:logGet(43)) - raft.server.log.queue.byte-limit = 2147483647 (custom)
2019-08-07 04:04:56,007 INFO  server.RaftServerConfigKeys (ConfUtils.java:logGet(43)) - raft.server.log.statemachine.data.sync.timeout = 10s (default)
2019-08-07 04:04:56,007 INFO  segmented.SegmentedRaftLogWorker (SegmentedRaftLogWorker.java:<init>(172)) - new f7b9037a-943b-46c6-85ee-08a8477532e9-SegmentedRaftLogWorker:Storage Directory /workdir/hadoop-ozone/integration-test/target/test-dir/MiniOzoneClusterImpl-7026e4b8-6df6-4897-bd33-9f5e93510a50/datanode-3/data/ratis/f2689bcc-c858-417b-b71a-97f906d22fc2 for RaftStorage:Storage Directory /workdir/hadoop-ozone/integration-test/target/test-dir/MiniOzoneClusterImpl-7026e4b8-6df6-4897-bd33-9f5e93510a50/datanode-3/data/ratis/f2689bcc-c858-417b-b71a-97f906d22fc2
2019-08-07 04:04:56,008 INFO  server.RaftServerConfigKeys (ConfUtils.java:logGet(43)) - raft.server.log.statemachine.data.sync.timeout.retry = -1 (default)
2019-08-07 04:04:56,007 INFO  server.RaftServerConfigKeys (ConfUtils.java:logGet(43)) - raft.server.log.queue.element-limit = 1024 (custom)
2019-08-07 04:04:56,009 INFO  server.RaftServerConfigKeys (ConfUtils.java:logGet(43)) - raft.server.log.statemachine.data.caching.enabled = true (custom)
2019-08-07 04:04:56,008 INFO  server.RaftServerConfigKeys (ConfUtils.java:logGet(43)) - raft.server.log.queue.byte-limit = 2147483647 (custom)
2019-08-07 04:04:56,009 INFO  server.RaftServerConfigKeys (ConfUtils.java:logGet(43)) - raft.server.log.segment.size.max = 1048576 (custom)
2019-08-07 04:04:56,010 INFO  server.RaftServerConfigKeys (ConfUtils.java:logGet(43)) - raft.server.log.queue.element-limit = 1024 (custom)
2019-08-07 04:04:56,010 INFO  segmented.SegmentedRaftLogWorker (SegmentedRaftLogWorker.java:lambda$new$0(132)) - 0b21f3e6-f0c2-43e8-b6d9-5d75b3b4759c-SegmentedRaftLogWorker:Storage Directory /workdir/hadoop-ozone/integration-test/target/test-dir/MiniOzoneClusterImpl-7026e4b8-6df6-4897-bd33-9f5e93510a50/datanode-5/data/ratis/f2689bcc-c858-417b-b71a-97f906d22fc2: flushIndex: setUnconditionally 0 -> -1
2019-08-07 04:04:56,010 INFO  server.RaftServerConfigKeys (ConfUtils.java:logGet(43)) - raft.server.log.segment.size.max = 1048576 (custom)
2019-08-07 04:04:56,010 INFO  server.RaftServerConfigKeys (ConfUtils.java:logGet(43)) - raft.server.log.preallocated.size = 16384 (custom)
2019-08-07 04:04:56,010 INFO  server.RaftServerConfigKeys (ConfUtils.java:logGet(43)) - raft.server.log.preallocated.size = 16384 (custom)
2019-08-07 04:04:56,010 INFO  server.RaftServerConfigKeys (ConfUtils.java:logGet(43)) - raft.server.snapshot.auto.trigger.enabled = true (custom)
2019-08-07 04:04:56,011 INFO  server.RaftServerConfigKeys (ConfUtils.java:logGet(43)) - raft.server.log.write.buffer.size = 33554432 (custom)
2019-08-07 04:04:56,011 INFO  server.RaftServerConfigKeys (ConfUtils.java:logGet(43)) - raft.server.log.write.buffer.size = 33554432 (custom)
2019-08-07 04:04:56,011 INFO  server.RaftServerConfigKeys (ConfUtils.java:logGet(43)) - raft.server.log.force.sync.num = 128 (default)
2019-08-07 04:04:56,011 INFO  server.RaftServerConfigKeys (ConfUtils.java:logGet(43)) - raft.server.snapshot.auto.trigger.threshold = 10000 (custom)
2019-08-07 04:04:56,011 INFO  server.RaftServerConfigKeys (ConfUtils.java:logGet(43)) - raft.server.log.statemachine.data.sync = true (default)
2019-08-07 04:04:56,011 INFO  server.RaftServerConfigKeys (ConfUtils.java:logGet(43)) - raft.server.log.force.sync.num = 128 (default)
2019-08-07 04:04:56,012 INFO  server.RaftServerConfigKeys (ConfUtils.java:logGet(43)) - raft.server.log.statemachine.data.sync.timeout = 10s (default)
2019-08-07 04:04:56,012 INFO  server.RaftServerConfigKeys (ConfUtils.java:logGet(43)) - raft.server.retrycache.expirytime = 600000ms (custom)
2019-08-07 04:04:56,012 INFO  server.RaftServerConfigKeys (ConfUtils.java:logGet(43)) - raft.server.log.statemachine.data.sync.timeout.retry = -1 (default)
2019-08-07 04:04:56,012 INFO  server.RaftServerConfigKeys (ConfUtils.java:logGet(43)) - raft.server.log.statemachine.data.sync = true (default)
2019-08-07 04:04:56,012 INFO  server.RaftServerConfigKeys (ConfUtils.java:logGet(43)) - raft.server.log.statemachine.data.caching.enabled = true (custom)
2019-08-07 04:04:56,012 INFO  impl.RaftServerImpl (RaftServerImpl.java:start(180)) - 0b21f3e6-f0c2-43e8-b6d9-5d75b3b4759c: start group-97F906D22FC2
2019-08-07 04:04:56,012 INFO  server.RaftServerConfigKeys (ConfUtils.java:logGet(43)) - raft.server.log.statemachine.data.sync.timeout = 10s (default)
2019-08-07 04:04:56,013 INFO  segmented.SegmentedRaftLogWorker (SegmentedRaftLogWorker.java:lambda$new$0(132)) - f7b9037a-943b-46c6-85ee-08a8477532e9-SegmentedRaftLogWorker:Storage Directory /workdir/hadoop-ozone/integration-test/target/test-dir/MiniOzoneClusterImpl-7026e4b8-6df6-4897-bd33-9f5e93510a50/datanode-3/data/ratis/f2689bcc-c858-417b-b71a-97f906d22fc2: flushIndex: setUnconditionally 0 -> -1
2019-08-07 04:04:56,013 INFO  impl.RaftServerImpl (RaftServerImpl.java:setRole(171)) - 0b21f3e6-f0c2-43e8-b6d9-5d75b3b4759c:group-97F906D22FC2 changes role from null to FOLLOWER at term 0 for startAsFollower
2019-08-07 04:04:56,013 INFO  server.RaftServerConfigKeys (ConfUtils.java:logGet(43)) - raft.server.log.statemachine.data.sync.timeout.retry = -1 (default)
2019-08-07 04:04:56,013 INFO  impl.RoleInfo (RoleInfo.java:updateAndGet(143)) - 0b21f3e6-f0c2-43e8-b6d9-5d75b3b4759c: start FollowerState
2019-08-07 04:04:56,013 INFO  server.RaftServerConfigKeys (ConfUtils.java:logGet(43)) - raft.server.snapshot.auto.trigger.enabled = true (custom)
2019-08-07 04:04:56,013 INFO  server.RaftServerConfigKeys (ConfUtils.java:logGet(43)) - raft.server.log.statemachine.data.caching.enabled = true (custom)
2019-08-07 04:04:56,014 INFO  server.RaftServerConfigKeys (ConfUtils.java:logGet(43)) - raft.server.snapshot.auto.trigger.threshold = 10000 (custom)
2019-08-07 04:04:56,014 INFO  util.JmxRegister (JmxRegister.java:tryRegister(44)) - Successfully registered JMX Bean with object name Ratis:service=RaftServer,group=group-97F906D22FC2,id=0b21f3e6-f0c2-43e8-b6d9-5d75b3b4759c
2019-08-07 04:04:56,014 INFO  server.RaftServerConfigKeys (ConfUtils.java:logGet(43)) - raft.server.retrycache.expirytime = 600000ms (custom)
2019-08-07 04:04:56,014 INFO  segmented.SegmentedRaftLogWorker (SegmentedRaftLogWorker.java:lambda$new$0(132)) - a97530da-6325-42dd-bbf1-858bb8a52e40-SegmentedRaftLogWorker:Storage Directory /workdir/hadoop-ozone/integration-test/target/test-dir/MiniOzoneClusterImpl-7026e4b8-6df6-4897-bd33-9f5e93510a50/datanode-1/data/ratis/f2689bcc-c858-417b-b71a-97f906d22fc2: flushIndex: setUnconditionally 0 -> -1
2019-08-07 04:04:56,014 INFO  impl.RaftServerImpl (RaftServerImpl.java:start(180)) - f7b9037a-943b-46c6-85ee-08a8477532e9: start group-97F906D22FC2
2019-08-07 04:04:56,014 INFO  impl.RaftServerImpl (RaftServerImpl.java:setRole(171)) - f7b9037a-943b-46c6-85ee-08a8477532e9:group-97F906D22FC2 changes role from null to FOLLOWER at term 0 for startAsFollower
2019-08-07 04:04:56,014 INFO  server.RaftServerConfigKeys (ConfUtils.java:logGet(43)) - raft.server.snapshot.auto.trigger.enabled = true (custom)
2019-08-07 04:04:56,015 INFO  impl.RoleInfo (RoleInfo.java:updateAndGet(143)) - f7b9037a-943b-46c6-85ee-08a8477532e9: start FollowerState
2019-08-07 04:04:56,015 INFO  server.RaftServerConfigKeys (ConfUtils.java:logGet(43)) - raft.server.snapshot.auto.trigger.threshold = 10000 (custom)
2019-08-07 04:04:56,015 INFO  server.RaftServerConfigKeys (ConfUtils.java:logGet(43)) - raft.server.retrycache.expirytime = 600000ms (custom)
2019-08-07 04:04:56,015 INFO  impl.RaftServerImpl (RaftServerImpl.java:start(180)) - a97530da-6325-42dd-bbf1-858bb8a52e40: start group-97F906D22FC2
2019-08-07 04:04:56,015 INFO  util.JmxRegister (JmxRegister.java:tryRegister(44)) - Successfully registered JMX Bean with object name Ratis:service=RaftServer,group=group-97F906D22FC2,id=f7b9037a-943b-46c6-85ee-08a8477532e9
2019-08-07 04:04:56,015 INFO  impl.RaftServerImpl (RaftServerImpl.java:setRole(171)) - a97530da-6325-42dd-bbf1-858bb8a52e40:group-97F906D22FC2 changes role from null to FOLLOWER at term 0 for startAsFollower
2019-08-07 04:04:56,015 INFO  impl.RoleInfo (RoleInfo.java:updateAndGet(143)) - a97530da-6325-42dd-bbf1-858bb8a52e40: start FollowerState
2019-08-07 04:04:56,016 INFO  util.JmxRegister (JmxRegister.java:tryRegister(44)) - Successfully registered JMX Bean with object name Ratis:service=RaftServer,group=group-97F906D22FC2,id=a97530da-6325-42dd-bbf1-858bb8a52e40
2019-08-07 04:04:56,036 INFO  pipeline.PipelineStateManager (PipelineStateManager.java:addPipeline(56)) - Created pipeline Pipeline[ Id: f2689bcc-c858-417b-b71a-97f906d22fc2, Nodes: f7b9037a-943b-46c6-85ee-08a8477532e9{ip: 192.168.157.245, host: byscane-nightly-ds7lx-2296511547, networkLocation: /default-rack, certSerialId: null}a97530da-6325-42dd-bbf1-858bb8a52e40{ip: 192.168.157.245, host: byscane-nightly-ds7lx-2296511547, networkLocation: /default-rack, certSerialId: null}0b21f3e6-f0c2-43e8-b6d9-5d75b3b4759c{ip: 192.168.157.245, host: byscane-nightly-ds7lx-2296511547, networkLocation: /default-rack, certSerialId: null}, Type:RATIS, Factor:THREE, State:OPEN]
2019-08-07 04:04:56,330 INFO  ozone.MiniOzoneClusterImpl (MiniOzoneClusterImpl.java:lambda$waitForClusterToBeReady$0(142)) - Cluster is ready. Got 7 of 7 DN Heartbeats.
2019-08-07 04:04:56,694 INFO  rpc.RpcClient (RpcClient.java:createVolume(288)) - Creating Volume: testblockoutputstream, with jenkins1000 as owner.
2019-08-07 04:04:56,739 INFO  rpc.RpcClient (RpcClient.java:createBucket(425)) - Creating Bucket: testblockoutputstream/testblockoutputstream, with Versioning false and Storage Type set to DISK and Encryption set to false 
2019-08-07 04:04:56,764 INFO  impl.MetricsSystemImpl (MetricsSystemImpl.java:init(158)) - XceiverClientMetrics metrics system started (again)
2019-08-07 04:04:57,020 INFO  client.GrpcClientProtocolClient (GrpcClientProtocolClient.java:onNext(255)) - client-EC9E27FCCB6F->d49b19ea-6ba3-479d-bc88-273610ee8dcd: receive RaftClientReply:client-EC9E27FCCB6F->d49b19ea-6ba3-479d-bc88-273610ee8dcd@group-66BEACE66F67, cid=13, FAILED org.apache.ratis.protocol.NotLeaderException: Server d49b19ea-6ba3-479d-bc88-273610ee8dcd is not the leader (null). Request must be sent to leader., logIndex=0, commits[d49b19ea-6ba3-479d-bc88-273610ee8dcd:c-1]
2019-08-07 04:04:57,075 INFO  container.ReplicationManager (ReplicationManager.java:start(155)) - Starting Replication Monitor Thread.
2019-08-07 04:04:57,080 INFO  container.ReplicationManager (ReplicationManager.java:run(207)) - Replication Monitor Thread took 4 milliseconds for processing 1 containers.
2019-08-07 04:04:58,069 INFO  client.GrpcClientProtocolClient (GrpcClientProtocolClient.java:onNext(255)) - client-EC9E27FCCB6F->7adafec3-b0f2-463f-af01-7d468c370e20: receive RaftClientReply:client-EC9E27FCCB6F->7adafec3-b0f2-463f-af01-7d468c370e20@group-66BEACE66F67, cid=13, FAILED org.apache.ratis.protocol.NotLeaderException: Server 7adafec3-b0f2-463f-af01-7d468c370e20 is not the leader (null). Request must be sent to leader., logIndex=0, commits[7adafec3-b0f2-463f-af01-7d468c370e20:c-1]
2019-08-07 04:04:59,101 INFO  client.GrpcClientProtocolClient (GrpcClientProtocolClient.java:onNext(255)) - client-EC9E27FCCB6F->f49ca53a-90dd-4043-8db0-75f56fae1500: receive RaftClientReply:client-EC9E27FCCB6F->f49ca53a-90dd-4043-8db0-75f56fae1500@group-66BEACE66F67, cid=13, FAILED org.apache.ratis.protocol.NotLeaderException: Server f49ca53a-90dd-4043-8db0-75f56fae1500 is not the leader (null). Request must be sent to leader., logIndex=0, commits[f49ca53a-90dd-4043-8db0-75f56fae1500:c-1]
2019-08-07 04:05:00,125 INFO  client.GrpcClientProtocolClient (GrpcClientProtocolClient.java:onNext(255)) - client-EC9E27FCCB6F->7adafec3-b0f2-463f-af01-7d468c370e20: receive RaftClientReply:client-EC9E27FCCB6F->7adafec3-b0f2-463f-af01-7d468c370e20@group-66BEACE66F67, cid=13, FAILED org.apache.ratis.protocol.NotLeaderException: Server 7adafec3-b0f2-463f-af01-7d468c370e20 is not the leader (null). Request must be sent to leader., logIndex=0, commits[7adafec3-b0f2-463f-af01-7d468c370e20:c-1]
2019-08-07 04:05:00,298 INFO  impl.FollowerState (FollowerState.java:run(106)) - d49b19ea-6ba3-479d-bc88-273610ee8dcd:group-AF772C03EB60 changes to CANDIDATE, lastRpcTime:5126, electionTimeout:5125ms
2019-08-07 04:05:00,299 INFO  impl.RoleInfo (RoleInfo.java:shutdownFollowerState(121)) - d49b19ea-6ba3-479d-bc88-273610ee8dcd: shutdown FollowerState
2019-08-07 04:05:00,299 INFO  impl.RaftServerImpl (RaftServerImpl.java:setRole(171)) - d49b19ea-6ba3-479d-bc88-273610ee8dcd:group-AF772C03EB60 changes role from FOLLOWER to CANDIDATE at term 0 for changeToCandidate
2019-08-07 04:05:00,302 INFO  impl.RoleInfo (RoleInfo.java:updateAndGet(143)) - d49b19ea-6ba3-479d-bc88-273610ee8dcd: start LeaderElection
2019-08-07 04:05:00,324 INFO  impl.LeaderElection (LeaderElection.java:askForVotes(181)) - d49b19ea-6ba3-479d-bc88-273610ee8dcd:group-AF772C03EB60:LeaderElection1: begin an election at term 1 for -1: [d49b19ea-6ba3-479d-bc88-273610ee8dcd:192.168.157.245:38694], old=null
2019-08-07 04:05:00,326 INFO  impl.RoleInfo (RoleInfo.java:shutdownLeaderElection(134)) - d49b19ea-6ba3-479d-bc88-273610ee8dcd: shutdown LeaderElection
2019-08-07 04:05:00,327 INFO  impl.RaftServerImpl (RaftServerImpl.java:setRole(171)) - d49b19ea-6ba3-479d-bc88-273610ee8dcd:group-AF772C03EB60 changes role from CANDIDATE to LEADER at term 1 for changeToLeader
2019-08-07 04:05:00,328 INFO  impl.RaftServerImpl (ServerState.java:setLeader(263)) - d49b19ea-6ba3-479d-bc88-273610ee8dcd:group-AF772C03EB60 change Leader from null to d49b19ea-6ba3-479d-bc88-273610ee8dcd at term 1 for becomeLeader, leader elected after 5242ms
2019-08-07 04:05:00,338 INFO  server.RaftServerConfigKeys (ConfUtils.java:logGet(43)) - raft.server.staging.catchup.gap = 1000 (default)
2019-08-07 04:05:00,338 INFO  server.RaftServerConfigKeys (ConfUtils.java:logGet(43)) - raft.server.rpc.sleep.time = 25ms (default)
2019-08-07 04:05:00,342 INFO  server.RaftServerConfigKeys (ConfUtils.java:logGet(43)) - raft.server.write.element-limit = 4096 (default)
2019-08-07 04:05:00,345 INFO  server.RaftServerConfigKeys (ConfUtils.java:logGet(43)) - raft.server.watch.timeout = 10s (default)
2019-08-07 04:05:00,345 INFO  server.RaftServerConfigKeys (ConfUtils.java:logGet(43)) - raft.server.watch.timeout.denomination = 1s (default)
2019-08-07 04:05:00,347 INFO  server.RaftServerConfigKeys (ConfUtils.java:logGet(43)) - raft.server.watch.element-limit = 65536 (default)
2019-08-07 04:05:00,365 INFO  impl.RoleInfo (RoleInfo.java:updateAndGet(143)) - d49b19ea-6ba3-479d-bc88-273610ee8dcd: start LeaderState
2019-08-07 04:05:00,393 INFO  segmented.SegmentedRaftLogWorker (SegmentedRaftLogWorker.java:startLogSegment(380)) - d49b19ea-6ba3-479d-bc88-273610ee8dcd-SegmentedRaftLogWorker:Storage Directory /workdir/hadoop-ozone/integration-test/target/test-dir/MiniOzoneClusterImpl-7026e4b8-6df6-4897-bd33-9f5e93510a50/datanode-0/data/ratis/cf58c0e7-10f6-4cf8-8f26-af772c03eb60: Starting segment from index:0
2019-08-07 04:05:00,403 INFO  impl.RaftServerImpl (ServerState.java:setRaftConf(361)) - d49b19ea-6ba3-479d-bc88-273610ee8dcd:group-AF772C03EB60 set configuration 0: [d49b19ea-6ba3-479d-bc88-273610ee8dcd:192.168.157.245:38694], old=null at 0
2019-08-07 04:05:00,563 INFO  impl.FollowerState (FollowerState.java:run(106)) - 7adafec3-b0f2-463f-af01-7d468c370e20:group-D124A49545AD changes to CANDIDATE, lastRpcTime:5183, electionTimeout:5181ms
2019-08-07 04:05:00,566 INFO  impl.RoleInfo (RoleInfo.java:shutdownFollowerState(121)) - 7adafec3-b0f2-463f-af01-7d468c370e20: shutdown FollowerState
2019-08-07 04:05:00,566 INFO  impl.RaftServerImpl (RaftServerImpl.java:setRole(171)) - 7adafec3-b0f2-463f-af01-7d468c370e20:group-D124A49545AD changes role from FOLLOWER to CANDIDATE at term 0 for changeToCandidate
2019-08-07 04:05:00,566 INFO  impl.RoleInfo (RoleInfo.java:updateAndGet(143)) - 7adafec3-b0f2-463f-af01-7d468c370e20: start LeaderElection
2019-08-07 04:05:00,568 INFO  segmented.SegmentedRaftLogWorker (SegmentedRaftLogWorker.java:execute(569)) - d49b19ea-6ba3-479d-bc88-273610ee8dcd-SegmentedRaftLogWorker:Storage Directory /workdir/hadoop-ozone/integration-test/target/test-dir/MiniOzoneClusterImpl-7026e4b8-6df6-4897-bd33-9f5e93510a50/datanode-0/data/ratis/cf58c0e7-10f6-4cf8-8f26-af772c03eb60: created new log segment /workdir/hadoop-ozone/integration-test/target/test-dir/MiniOzoneClusterImpl-7026e4b8-6df6-4897-bd33-9f5e93510a50/datanode-0/data/ratis/cf58c0e7-10f6-4cf8-8f26-af772c03eb60/current/log_inprogress_0
2019-08-07 04:05:00,587 INFO  impl.LeaderElection (LeaderElection.java:askForVotes(181)) - 7adafec3-b0f2-463f-af01-7d468c370e20:group-D124A49545AD:LeaderElection2: begin an election at term 1 for -1: [7adafec3-b0f2-463f-af01-7d468c370e20:192.168.157.245:33920], old=null
2019-08-07 04:05:00,589 INFO  impl.RoleInfo (RoleInfo.java:shutdownLeaderElection(134)) - 7adafec3-b0f2-463f-af01-7d468c370e20: shutdown LeaderElection
2019-08-07 04:05:00,590 INFO  impl.RaftServerImpl (RaftServerImpl.java:setRole(171)) - 7adafec3-b0f2-463f-af01-7d468c370e20:group-D124A49545AD changes role from CANDIDATE to LEADER at term 1 for changeToLeader
2019-08-07 04:05:00,590 INFO  impl.RaftServerImpl (ServerState.java:setLeader(263)) - 7adafec3-b0f2-463f-af01-7d468c370e20:group-D124A49545AD change Leader from null to 7adafec3-b0f2-463f-af01-7d468c370e20 at term 1 for becomeLeader, leader elected after 5217ms
2019-08-07 04:05:00,592 INFO  server.RaftServerConfigKeys (ConfUtils.java:logGet(43)) - raft.server.staging.catchup.gap = 1000 (default)
2019-08-07 04:05:00,592 INFO  server.RaftServerConfigKeys (ConfUtils.java:logGet(43)) - raft.server.rpc.sleep.time = 25ms (default)
2019-08-07 04:05:00,592 INFO  server.RaftServerConfigKeys (ConfUtils.java:logGet(43)) - raft.server.write.element-limit = 4096 (default)
2019-08-07 04:05:00,592 INFO  server.RaftServerConfigKeys (ConfUtils.java:logGet(43)) - raft.server.watch.timeout = 10s (default)
2019-08-07 04:05:00,592 INFO  server.RaftServerConfigKeys (ConfUtils.java:logGet(43)) - raft.server.watch.timeout.denomination = 1s (default)
2019-08-07 04:05:00,593 INFO  server.RaftServerConfigKeys (ConfUtils.java:logGet(43)) - raft.server.watch.element-limit = 65536 (default)
2019-08-07 04:05:00,593 INFO  impl.RoleInfo (RoleInfo.java:updateAndGet(143)) - 7adafec3-b0f2-463f-af01-7d468c370e20: start LeaderState
2019-08-07 04:05:00,593 INFO  segmented.SegmentedRaftLogWorker (SegmentedRaftLogWorker.java:startLogSegment(380)) - 7adafec3-b0f2-463f-af01-7d468c370e20-SegmentedRaftLogWorker:Storage Directory /workdir/hadoop-ozone/integration-test/target/test-dir/MiniOzoneClusterImpl-7026e4b8-6df6-4897-bd33-9f5e93510a50/datanode-2/data/ratis/5901f511-7403-4744-8bed-d124a49545ad: Starting segment from index:0
2019-08-07 04:05:00,594 INFO  impl.RaftServerImpl (ServerState.java:setRaftConf(361)) - 7adafec3-b0f2-463f-af01-7d468c370e20:group-D124A49545AD set configuration 0: [7adafec3-b0f2-463f-af01-7d468c370e20:192.168.157.245:33920], old=null at 0
2019-08-07 04:05:00,626 INFO  segmented.SegmentedRaftLogWorker (SegmentedRaftLogWorker.java:execute(569)) - 7adafec3-b0f2-463f-af01-7d468c370e20-SegmentedRaftLogWorker:Storage Directory /workdir/hadoop-ozone/integration-test/target/test-dir/MiniOzoneClusterImpl-7026e4b8-6df6-4897-bd33-9f5e93510a50/datanode-2/data/ratis/5901f511-7403-4744-8bed-d124a49545ad: created new log segment /workdir/hadoop-ozone/integration-test/target/test-dir/MiniOzoneClusterImpl-7026e4b8-6df6-4897-bd33-9f5e93510a50/datanode-2/data/ratis/5901f511-7403-4744-8bed-d124a49545ad/current/log_inprogress_0
2019-08-07 04:05:00,659 INFO  impl.FollowerState (FollowerState.java:run(106)) - f7b9037a-943b-46c6-85ee-08a8477532e9:group-1E8FFC4EE81F changes to CANDIDATE, lastRpcTime:5102, electionTimeout:5102ms
2019-08-07 04:05:00,659 INFO  impl.RoleInfo (RoleInfo.java:shutdownFollowerState(121)) - f7b9037a-943b-46c6-85ee-08a8477532e9: shutdown FollowerState
2019-08-07 04:05:00,659 INFO  impl.RaftServerImpl (RaftServerImpl.java:setRole(171)) - f7b9037a-943b-46c6-85ee-08a8477532e9:group-1E8FFC4EE81F changes role from FOLLOWER to CANDIDATE at term 0 for changeToCandidate
2019-08-07 04:05:00,659 INFO  impl.RoleInfo (RoleInfo.java:updateAndGet(143)) - f7b9037a-943b-46c6-85ee-08a8477532e9: start LeaderElection
2019-08-07 04:05:00,676 INFO  impl.LeaderElection (LeaderElection.java:askForVotes(181)) - f7b9037a-943b-46c6-85ee-08a8477532e9:group-1E8FFC4EE81F:LeaderElection3: begin an election at term 1 for -1: [f7b9037a-943b-46c6-85ee-08a8477532e9:192.168.157.245:44603], old=null
2019-08-07 04:05:00,678 INFO  impl.FollowerState (FollowerState.java:run(106)) - f49ca53a-90dd-4043-8db0-75f56fae1500:group-D34C2115D80E changes to CANDIDATE, lastRpcTime:5198, electionTimeout:5196ms
2019-08-07 04:05:00,678 INFO  impl.RoleInfo (RoleInfo.java:shutdownLeaderElection(134)) - f7b9037a-943b-46c6-85ee-08a8477532e9: shutdown LeaderElection
2019-08-07 04:05:00,678 INFO  impl.RoleInfo (RoleInfo.java:shutdownFollowerState(121)) - f49ca53a-90dd-4043-8db0-75f56fae1500: shutdown FollowerState
2019-08-07 04:05:00,679 INFO  impl.RaftServerImpl (RaftServerImpl.java:setRole(171)) - f7b9037a-943b-46c6-85ee-08a8477532e9:group-1E8FFC4EE81F changes role from CANDIDATE to LEADER at term 1 for changeToLeader
2019-08-07 04:05:00,679 INFO  impl.RaftServerImpl (RaftServerImpl.java:setRole(171)) - f49ca53a-90dd-4043-8db0-75f56fae1500:group-D34C2115D80E changes role from FOLLOWER to CANDIDATE at term 0 for changeToCandidate
2019-08-07 04:05:00,679 INFO  impl.RaftServerImpl (ServerState.java:setLeader(263)) - f7b9037a-943b-46c6-85ee-08a8477532e9:group-1E8FFC4EE81F change Leader from null to f7b9037a-943b-46c6-85ee-08a8477532e9 at term 1 for becomeLeader, leader elected after 5126ms
2019-08-07 04:05:00,679 INFO  impl.RoleInfo (RoleInfo.java:updateAndGet(143)) - f49ca53a-90dd-4043-8db0-75f56fae1500: start LeaderElection
2019-08-07 04:05:00,681 INFO  server.RaftServerConfigKeys (ConfUtils.java:logGet(43)) - raft.server.staging.catchup.gap = 1000 (default)
2019-08-07 04:05:00,681 INFO  server.RaftServerConfigKeys (ConfUtils.java:logGet(43)) - raft.server.rpc.sleep.time = 25ms (default)
2019-08-07 04:05:00,687 INFO  server.RaftServerConfigKeys (ConfUtils.java:logGet(43)) - raft.server.write.element-limit = 4096 (default)
2019-08-07 04:05:00,687 INFO  server.RaftServerConfigKeys (ConfUtils.java:logGet(43)) - raft.server.watch.timeout = 10s (default)
2019-08-07 04:05:00,688 INFO  server.RaftServerConfigKeys (ConfUtils.java:logGet(43)) - raft.server.watch.timeout.denomination = 1s (default)
2019-08-07 04:05:00,688 INFO  server.RaftServerConfigKeys (ConfUtils.java:logGet(43)) - raft.server.watch.element-limit = 65536 (default)
2019-08-07 04:05:00,688 INFO  impl.RoleInfo (RoleInfo.java:updateAndGet(143)) - f7b9037a-943b-46c6-85ee-08a8477532e9: start LeaderState
2019-08-07 04:05:00,688 INFO  segmented.SegmentedRaftLogWorker (SegmentedRaftLogWorker.java:startLogSegment(380)) - f7b9037a-943b-46c6-85ee-08a8477532e9-SegmentedRaftLogWorker:Storage Directory /workdir/hadoop-ozone/integration-test/target/test-dir/MiniOzoneClusterImpl-7026e4b8-6df6-4897-bd33-9f5e93510a50/datanode-3/data/ratis/8b826fcc-277d-4ba4-a8b2-1e8ffc4ee81f: Starting segment from index:0
2019-08-07 04:05:00,689 INFO  impl.RaftServerImpl (ServerState.java:setRaftConf(361)) - f7b9037a-943b-46c6-85ee-08a8477532e9:group-1E8FFC4EE81F set configuration 0: [f7b9037a-943b-46c6-85ee-08a8477532e9:192.168.157.245:44603], old=null at 0
2019-08-07 04:05:00,709 INFO  impl.LeaderElection (LeaderElection.java:askForVotes(181)) - f49ca53a-90dd-4043-8db0-75f56fae1500:group-D34C2115D80E:LeaderElection4: begin an election at term 1 for -1: [f49ca53a-90dd-4043-8db0-75f56fae1500:192.168.157.245:39800], old=null
2019-08-07 04:05:00,710 INFO  impl.RoleInfo (RoleInfo.java:shutdownLeaderElection(134)) - f49ca53a-90dd-4043-8db0-75f56fae1500: shutdown LeaderElection
2019-08-07 04:05:00,710 INFO  impl.RaftServerImpl (RaftServerImpl.java:setRole(171)) - f49ca53a-90dd-4043-8db0-75f56fae1500:group-D34C2115D80E changes role from CANDIDATE to LEADER at term 1 for changeToLeader
2019-08-07 04:05:00,710 INFO  impl.RaftServerImpl (ServerState.java:setLeader(263)) - f49ca53a-90dd-4043-8db0-75f56fae1500:group-D34C2115D80E change Leader from null to f49ca53a-90dd-4043-8db0-75f56fae1500 at term 1 for becomeLeader, leader elected after 5235ms
2019-08-07 04:05:00,712 INFO  server.RaftServerConfigKeys (ConfUtils.java:logGet(43)) - raft.server.staging.catchup.gap = 1000 (default)
2019-08-07 04:05:00,712 INFO  server.RaftServerConfigKeys (ConfUtils.java:logGet(43)) - raft.server.rpc.sleep.time = 25ms (default)
2019-08-07 04:05:00,712 INFO  server.RaftServerConfigKeys (ConfUtils.java:logGet(43)) - raft.server.write.element-limit = 4096 (default)
2019-08-07 04:05:00,712 INFO  server.RaftServerConfigKeys (ConfUtils.java:logGet(43)) - raft.server.watch.timeout = 10s (default)
2019-08-07 04:05:00,713 INFO  server.RaftServerConfigKeys (ConfUtils.java:logGet(43)) - raft.server.watch.timeout.denomination = 1s (default)
2019-08-07 04:05:00,713 INFO  server.RaftServerConfigKeys (ConfUtils.java:logGet(43)) - raft.server.watch.element-limit = 65536 (default)
2019-08-07 04:05:00,713 INFO  impl.RoleInfo (RoleInfo.java:updateAndGet(143)) - f49ca53a-90dd-4043-8db0-75f56fae1500: start LeaderState
2019-08-07 04:05:00,713 INFO  segmented.SegmentedRaftLogWorker (SegmentedRaftLogWorker.java:startLogSegment(380)) - f49ca53a-90dd-4043-8db0-75f56fae1500-SegmentedRaftLogWorker:Storage Directory /workdir/hadoop-ozone/integration-test/target/test-dir/MiniOzoneClusterImpl-7026e4b8-6df6-4897-bd33-9f5e93510a50/datanode-6/data/ratis/79490445-aa8e-489d-9462-d34c2115d80e: Starting segment from index:0
2019-08-07 04:05:00,714 INFO  impl.RaftServerImpl (ServerState.java:setRaftConf(361)) - f49ca53a-90dd-4043-8db0-75f56fae1500:group-D34C2115D80E set configuration 0: [f49ca53a-90dd-4043-8db0-75f56fae1500:192.168.157.245:39800], old=null at 0
2019-08-07 04:05:00,734 INFO  segmented.SegmentedRaftLogWorker (SegmentedRaftLogWorker.java:execute(569)) - f7b9037a-943b-46c6-85ee-08a8477532e9-SegmentedRaftLogWorker:Storage Directory /workdir/hadoop-ozone/integration-test/target/test-dir/MiniOzoneClusterImpl-7026e4b8-6df6-4897-bd33-9f5e93510a50/datanode-3/data/ratis/8b826fcc-277d-4ba4-a8b2-1e8ffc4ee81f: created new log segment /workdir/hadoop-ozone/integration-test/target/test-dir/MiniOzoneClusterImpl-7026e4b8-6df6-4897-bd33-9f5e93510a50/datanode-3/data/ratis/8b826fcc-277d-4ba4-a8b2-1e8ffc4ee81f/current/log_inprogress_0
2019-08-07 04:05:00,746 INFO  impl.FollowerState (FollowerState.java:run(106)) - a97530da-6325-42dd-bbf1-858bb8a52e40:group-1A24608DCA6E changes to CANDIDATE, lastRpcTime:5111, electionTimeout:5111ms
2019-08-07 04:05:00,746 INFO  impl.RoleInfo (RoleInfo.java:shutdownFollowerState(121)) - a97530da-6325-42dd-bbf1-858bb8a52e40: shutdown FollowerState
2019-08-07 04:05:00,746 INFO  segmented.SegmentedRaftLogWorker (SegmentedRaftLogWorker.java:execute(569)) - f49ca53a-90dd-4043-8db0-75f56fae1500-SegmentedRaftLogWorker:Storage Directory /workdir/hadoop-ozone/integration-test/target/test-dir/MiniOzoneClusterImpl-7026e4b8-6df6-4897-bd33-9f5e93510a50/datanode-6/data/ratis/79490445-aa8e-489d-9462-d34c2115d80e: created new log segment /workdir/hadoop-ozone/integration-test/target/test-dir/MiniOzoneClusterImpl-7026e4b8-6df6-4897-bd33-9f5e93510a50/datanode-6/data/ratis/79490445-aa8e-489d-9462-d34c2115d80e/current/log_inprogress_0
2019-08-07 04:05:00,746 INFO  impl.RaftServerImpl (RaftServerImpl.java:setRole(171)) - a97530da-6325-42dd-bbf1-858bb8a52e40:group-1A24608DCA6E changes role from FOLLOWER to CANDIDATE at term 0 for changeToCandidate
2019-08-07 04:05:00,748 INFO  impl.RoleInfo (RoleInfo.java:updateAndGet(143)) - a97530da-6325-42dd-bbf1-858bb8a52e40: start LeaderElection
2019-08-07 04:05:00,761 INFO  impl.LeaderElection (LeaderElection.java:askForVotes(181)) - a97530da-6325-42dd-bbf1-858bb8a52e40:group-1A24608DCA6E:LeaderElection5: begin an election at term 1 for -1: [a97530da-6325-42dd-bbf1-858bb8a52e40:192.168.157.245:44184], old=null
2019-08-07 04:05:00,763 INFO  impl.RoleInfo (RoleInfo.java:shutdownLeaderElection(134)) - a97530da-6325-42dd-bbf1-858bb8a52e40: shutdown LeaderElection
2019-08-07 04:05:00,763 INFO  impl.RaftServerImpl (RaftServerImpl.java:setRole(171)) - a97530da-6325-42dd-bbf1-858bb8a52e40:group-1A24608DCA6E changes role from CANDIDATE to LEADER at term 1 for changeToLeader
2019-08-07 04:05:00,763 INFO  impl.RaftServerImpl (ServerState.java:setLeader(263)) - a97530da-6325-42dd-bbf1-858bb8a52e40:group-1A24608DCA6E change Leader from null to a97530da-6325-42dd-bbf1-858bb8a52e40 at term 1 for becomeLeader, leader elected after 5132ms
2019-08-07 04:05:00,765 INFO  server.RaftServerConfigKeys (ConfUtils.java:logGet(43)) - raft.server.staging.catchup.gap = 1000 (default)
2019-08-07 04:05:00,765 INFO  server.RaftServerConfigKeys (ConfUtils.java:logGet(43)) - raft.server.rpc.sleep.time = 25ms (default)
2019-08-07 04:05:00,765 INFO  server.RaftServerConfigKeys (ConfUtils.java:logGet(43)) - raft.server.write.element-limit = 4096 (default)
2019-08-07 04:05:00,765 INFO  server.RaftServerConfigKeys (ConfUtils.java:logGet(43)) - raft.server.watch.timeout = 10s (default)
2019-08-07 04:05:00,765 INFO  server.RaftServerConfigKeys (ConfUtils.java:logGet(43)) - raft.server.watch.timeout.denomination = 1s (default)
2019-08-07 04:05:00,765 INFO  server.RaftServerConfigKeys (ConfUtils.java:logGet(43)) - raft.server.watch.element-limit = 65536 (default)
2019-08-07 04:05:00,766 INFO  impl.RoleInfo (RoleInfo.java:updateAndGet(143)) - a97530da-6325-42dd-bbf1-858bb8a52e40: start LeaderState
2019-08-07 04:05:00,766 INFO  segmented.SegmentedRaftLogWorker (SegmentedRaftLogWorker.java:startLogSegment(380)) - a97530da-6325-42dd-bbf1-858bb8a52e40-SegmentedRaftLogWorker:Storage Directory /workdir/hadoop-ozone/integration-test/target/test-dir/MiniOzoneClusterImpl-7026e4b8-6df6-4897-bd33-9f5e93510a50/datanode-1/data/ratis/799e8463-8f3f-4583-b703-1a24608dca6e: Starting segment from index:0
2019-08-07 04:05:00,767 INFO  impl.RaftServerImpl (ServerState.java:setRaftConf(361)) - a97530da-6325-42dd-bbf1-858bb8a52e40:group-1A24608DCA6E set configuration 0: [a97530da-6325-42dd-bbf1-858bb8a52e40:192.168.157.245:44184], old=null at 0
2019-08-07 04:05:00,799 INFO  segmented.SegmentedRaftLogWorker (SegmentedRaftLogWorker.java:execute(569)) - a97530da-6325-42dd-bbf1-858bb8a52e40-SegmentedRaftLogWorker:Storage Directory /workdir/hadoop-ozone/integration-test/target/test-dir/MiniOzoneClusterImpl-7026e4b8-6df6-4897-bd33-9f5e93510a50/datanode-1/data/ratis/799e8463-8f3f-4583-b703-1a24608dca6e: created new log segment /workdir/hadoop-ozone/integration-test/target/test-dir/MiniOzoneClusterImpl-7026e4b8-6df6-4897-bd33-9f5e93510a50/datanode-1/data/ratis/799e8463-8f3f-4583-b703-1a24608dca6e/current/log_inprogress_0
2019-08-07 04:05:00,870 INFO  impl.FollowerState (FollowerState.java:run(106)) - 0b21f3e6-f0c2-43e8-b6d9-5d75b3b4759c:group-FE0F55CF420E changes to CANDIDATE, lastRpcTime:5153, electionTimeout:5153ms
2019-08-07 04:05:00,870 INFO  impl.RoleInfo (RoleInfo.java:shutdownFollowerState(121)) - 0b21f3e6-f0c2-43e8-b6d9-5d75b3b4759c: shutdown FollowerState
2019-08-07 04:05:00,870 INFO  impl.RaftServerImpl (RaftServerImpl.java:setRole(171)) - 0b21f3e6-f0c2-43e8-b6d9-5d75b3b4759c:group-FE0F55CF420E changes role from FOLLOWER to CANDIDATE at term 0 for changeToCandidate
2019-08-07 04:05:00,870 INFO  impl.RoleInfo (RoleInfo.java:updateAndGet(143)) - 0b21f3e6-f0c2-43e8-b6d9-5d75b3b4759c: start LeaderElection
2019-08-07 04:05:00,890 INFO  impl.LeaderElection (LeaderElection.java:askForVotes(181)) - 0b21f3e6-f0c2-43e8-b6d9-5d75b3b4759c:group-FE0F55CF420E:LeaderElection6: begin an election at term 1 for -1: [0b21f3e6-f0c2-43e8-b6d9-5d75b3b4759c:192.168.157.245:36595], old=null
2019-08-07 04:05:00,899 INFO  impl.RoleInfo (RoleInfo.java:shutdownLeaderElection(134)) - 0b21f3e6-f0c2-43e8-b6d9-5d75b3b4759c: shutdown LeaderElection
2019-08-07 04:05:00,899 INFO  impl.RaftServerImpl (RaftServerImpl.java:setRole(171)) - 0b21f3e6-f0c2-43e8-b6d9-5d75b3b4759c:group-FE0F55CF420E changes role from CANDIDATE to LEADER at term 1 for changeToLeader
2019-08-07 04:05:00,899 INFO  impl.RaftServerImpl (ServerState.java:setLeader(263)) - 0b21f3e6-f0c2-43e8-b6d9-5d75b3b4759c:group-FE0F55CF420E change Leader from null to 0b21f3e6-f0c2-43e8-b6d9-5d75b3b4759c at term 1 for becomeLeader, leader elected after 5188ms
2019-08-07 04:05:00,901 INFO  server.RaftServerConfigKeys (ConfUtils.java:logGet(43)) - raft.server.staging.catchup.gap = 1000 (default)
2019-08-07 04:05:00,901 INFO  server.RaftServerConfigKeys (ConfUtils.java:logGet(43)) - raft.server.rpc.sleep.time = 25ms (default)
2019-08-07 04:05:00,902 INFO  server.RaftServerConfigKeys (ConfUtils.java:logGet(43)) - raft.server.write.element-limit = 4096 (default)
2019-08-07 04:05:00,902 INFO  server.RaftServerConfigKeys (ConfUtils.java:logGet(43)) - raft.server.watch.timeout = 10s (default)
2019-08-07 04:05:00,902 INFO  server.RaftServerConfigKeys (ConfUtils.java:logGet(43)) - raft.server.watch.timeout.denomination = 1s (default)
2019-08-07 04:05:00,902 INFO  server.RaftServerConfigKeys (ConfUtils.java:logGet(43)) - raft.server.watch.element-limit = 65536 (default)
2019-08-07 04:05:00,902 INFO  impl.RoleInfo (RoleInfo.java:updateAndGet(143)) - 0b21f3e6-f0c2-43e8-b6d9-5d75b3b4759c: start LeaderState
2019-08-07 04:05:00,903 INFO  segmented.SegmentedRaftLogWorker (SegmentedRaftLogWorker.java:startLogSegment(380)) - 0b21f3e6-f0c2-43e8-b6d9-5d75b3b4759c-SegmentedRaftLogWorker:Storage Directory /workdir/hadoop-ozone/integration-test/target/test-dir/MiniOzoneClusterImpl-7026e4b8-6df6-4897-bd33-9f5e93510a50/datanode-5/data/ratis/c5f32831-e09b-464d-b036-fe0f55cf420e: Starting segment from index:0
2019-08-07 04:05:00,903 INFO  impl.RaftServerImpl (ServerState.java:setRaftConf(361)) - 0b21f3e6-f0c2-43e8-b6d9-5d75b3b4759c:group-FE0F55CF420E set configuration 0: [0b21f3e6-f0c2-43e8-b6d9-5d75b3b4759c:192.168.157.245:36595], old=null at 0
2019-08-07 04:05:00,938 INFO  segmented.SegmentedRaftLogWorker (SegmentedRaftLogWorker.java:execute(569)) - 0b21f3e6-f0c2-43e8-b6d9-5d75b3b4759c-SegmentedRaftLogWorker:Storage Directory /workdir/hadoop-ozone/integration-test/target/test-dir/MiniOzoneClusterImpl-7026e4b8-6df6-4897-bd33-9f5e93510a50/datanode-5/data/ratis/c5f32831-e09b-464d-b036-fe0f55cf420e: created new log segment /workdir/hadoop-ozone/integration-test/target/test-dir/MiniOzoneClusterImpl-7026e4b8-6df6-4897-bd33-9f5e93510a50/datanode-5/data/ratis/c5f32831-e09b-464d-b036-fe0f55cf420e/current/log_inprogress_0
2019-08-07 04:05:00,958 INFO  impl.FollowerState (FollowerState.java:run(106)) - 6c6467a9-1f52-40cc-ac68-0360210b74cd:group-6A46FACF61E2 changes to CANDIDATE, lastRpcTime:5174, electionTimeout:5174ms
2019-08-07 04:05:00,958 INFO  impl.RoleInfo (RoleInfo.java:shutdownFollowerState(121)) - 6c6467a9-1f52-40cc-ac68-0360210b74cd: shutdown FollowerState
2019-08-07 04:05:00,958 INFO  impl.RaftServerImpl (RaftServerImpl.java:setRole(171)) - 6c6467a9-1f52-40cc-ac68-0360210b74cd:group-6A46FACF61E2 changes role from FOLLOWER to CANDIDATE at term 0 for changeToCandidate
2019-08-07 04:05:00,959 INFO  impl.RoleInfo (RoleInfo.java:updateAndGet(143)) - 6c6467a9-1f52-40cc-ac68-0360210b74cd: start LeaderElection
2019-08-07 04:05:00,978 INFO  impl.LeaderElection (LeaderElection.java:askForVotes(181)) - 6c6467a9-1f52-40cc-ac68-0360210b74cd:group-6A46FACF61E2:LeaderElection7: begin an election at term 1 for -1: [6c6467a9-1f52-40cc-ac68-0360210b74cd:192.168.157.245:46524], old=null
2019-08-07 04:05:00,980 INFO  impl.RoleInfo (RoleInfo.java:shutdownLeaderElection(134)) - 6c6467a9-1f52-40cc-ac68-0360210b74cd: shutdown LeaderElection
2019-08-07 04:05:00,980 INFO  impl.FollowerState (FollowerState.java:run(106)) - 7adafec3-b0f2-463f-af01-7d468c370e20:group-66BEACE66F67 changes to CANDIDATE, lastRpcTime:5080, electionTimeout:5080ms
2019-08-07 04:05:00,980 INFO  impl.RaftServerImpl (RaftServerImpl.java:setRole(171)) - 6c6467a9-1f52-40cc-ac68-0360210b74cd:group-6A46FACF61E2 changes role from CANDIDATE to LEADER at term 1 for changeToLeader
2019-08-07 04:05:00,980 INFO  impl.RoleInfo (RoleInfo.java:shutdownFollowerState(121)) - 7adafec3-b0f2-463f-af01-7d468c370e20: shutdown FollowerState
2019-08-07 04:05:00,980 INFO  impl.RaftServerImpl (ServerState.java:setLeader(263)) - 6c6467a9-1f52-40cc-ac68-0360210b74cd:group-6A46FACF61E2 change Leader from null to 6c6467a9-1f52-40cc-ac68-0360210b74cd at term 1 for becomeLeader, leader elected after 5200ms
2019-08-07 04:05:00,980 INFO  impl.RaftServerImpl (RaftServerImpl.java:setRole(171)) - 7adafec3-b0f2-463f-af01-7d468c370e20:group-66BEACE66F67 changes role from FOLLOWER to CANDIDATE at term 0 for changeToCandidate
2019-08-07 04:05:00,983 INFO  server.RaftServerConfigKeys (ConfUtils.java:logGet(43)) - raft.server.staging.catchup.gap = 1000 (default)
2019-08-07 04:05:00,984 INFO  impl.RoleInfo (RoleInfo.java:updateAndGet(143)) - 7adafec3-b0f2-463f-af01-7d468c370e20: start LeaderElection
2019-08-07 04:05:00,984 INFO  server.RaftServerConfigKeys (ConfUtils.java:logGet(43)) - raft.server.rpc.sleep.time = 25ms (default)
2019-08-07 04:05:00,988 INFO  server.RaftServerConfigKeys (ConfUtils.java:logGet(43)) - raft.server.write.element-limit = 4096 (default)
2019-08-07 04:05:00,989 INFO  server.RaftServerConfigKeys (ConfUtils.java:logGet(43)) - raft.server.watch.timeout = 10s (default)
2019-08-07 04:05:00,989 INFO  server.RaftServerConfigKeys (ConfUtils.java:logGet(43)) - raft.server.watch.timeout.denomination = 1s (default)
2019-08-07 04:05:00,989 INFO  server.RaftServerConfigKeys (ConfUtils.java:logGet(43)) - raft.server.watch.element-limit = 65536 (default)
2019-08-07 04:05:00,989 INFO  impl.RoleInfo (RoleInfo.java:updateAndGet(143)) - 6c6467a9-1f52-40cc-ac68-0360210b74cd: start LeaderState
2019-08-07 04:05:00,990 INFO  segmented.SegmentedRaftLogWorker (SegmentedRaftLogWorker.java:startLogSegment(380)) - 6c6467a9-1f52-40cc-ac68-0360210b74cd-SegmentedRaftLogWorker:Storage Directory /workdir/hadoop-ozone/integration-test/target/test-dir/MiniOzoneClusterImpl-7026e4b8-6df6-4897-bd33-9f5e93510a50/datanode-4/data/ratis/d1f01239-beb2-42c1-a273-6a46facf61e2: Starting segment from index:0
2019-08-07 04:05:00,990 INFO  impl.RaftServerImpl (ServerState.java:setRaftConf(361)) - 6c6467a9-1f52-40cc-ac68-0360210b74cd:group-6A46FACF61E2 set configuration 0: [6c6467a9-1f52-40cc-ac68-0360210b74cd:192.168.157.245:46524], old=null at 0
2019-08-07 04:05:01,010 INFO  impl.LeaderElection (LeaderElection.java:askForVotes(181)) - 7adafec3-b0f2-463f-af01-7d468c370e20:group-66BEACE66F67:LeaderElection8: begin an election at term 1 for -1: [d49b19ea-6ba3-479d-bc88-273610ee8dcd:192.168.157.245:38694, f49ca53a-90dd-4043-8db0-75f56fae1500:192.168.157.245:39800, 7adafec3-b0f2-463f-af01-7d468c370e20:192.168.157.245:33920], old=null
2019-08-07 04:05:01,018 INFO  impl.FollowerState (FollowerState.java:run(106)) - d49b19ea-6ba3-479d-bc88-273610ee8dcd:group-66BEACE66F67 changes to CANDIDATE, lastRpcTime:5116, electionTimeout:5116ms
2019-08-07 04:05:01,018 INFO  impl.RoleInfo (RoleInfo.java:shutdownFollowerState(121)) - d49b19ea-6ba3-479d-bc88-273610ee8dcd: shutdown FollowerState
2019-08-07 04:05:01,018 INFO  impl.RaftServerImpl (RaftServerImpl.java:setRole(171)) - d49b19ea-6ba3-479d-bc88-273610ee8dcd:group-66BEACE66F67 changes role from FOLLOWER to CANDIDATE at term 0 for changeToCandidate
2019-08-07 04:05:01,019 INFO  impl.RoleInfo (RoleInfo.java:updateAndGet(143)) - d49b19ea-6ba3-479d-bc88-273610ee8dcd: start LeaderElection
2019-08-07 04:05:01,022 INFO  segmented.SegmentedRaftLogWorker (SegmentedRaftLogWorker.java:execute(569)) - 6c6467a9-1f52-40cc-ac68-0360210b74cd-SegmentedRaftLogWorker:Storage Directory /workdir/hadoop-ozone/integration-test/target/test-dir/MiniOzoneClusterImpl-7026e4b8-6df6-4897-bd33-9f5e93510a50/datanode-4/data/ratis/d1f01239-beb2-42c1-a273-6a46facf61e2: created new log segment /workdir/hadoop-ozone/integration-test/target/test-dir/MiniOzoneClusterImpl-7026e4b8-6df6-4897-bd33-9f5e93510a50/datanode-4/data/ratis/d1f01239-beb2-42c1-a273-6a46facf61e2/current/log_inprogress_0
2019-08-07 04:05:01,025 INFO  impl.LeaderElection (LeaderElection.java:askForVotes(181)) - d49b19ea-6ba3-479d-bc88-273610ee8dcd:group-66BEACE66F67:LeaderElection9: begin an election at term 1 for -1: [d49b19ea-6ba3-479d-bc88-273610ee8dcd:192.168.157.245:38694, f49ca53a-90dd-4043-8db0-75f56fae1500:192.168.157.245:39800, 7adafec3-b0f2-463f-af01-7d468c370e20:192.168.157.245:33920], old=null
2019-08-07 04:05:01,039 INFO  impl.FollowerState (FollowerState.java:run(106)) - 0b21f3e6-f0c2-43e8-b6d9-5d75b3b4759c:group-97F906D22FC2 changes to CANDIDATE, lastRpcTime:5025, electionTimeout:5025ms
2019-08-07 04:05:01,041 INFO  impl.RoleInfo (RoleInfo.java:shutdownFollowerState(121)) - 0b21f3e6-f0c2-43e8-b6d9-5d75b3b4759c: shutdown FollowerState
2019-08-07 04:05:01,041 INFO  impl.RaftServerImpl (RaftServerImpl.java:setRole(171)) - 0b21f3e6-f0c2-43e8-b6d9-5d75b3b4759c:group-97F906D22FC2 changes role from FOLLOWER to CANDIDATE at term 0 for changeToCandidate
2019-08-07 04:05:01,041 INFO  impl.RoleInfo (RoleInfo.java:updateAndGet(143)) - 0b21f3e6-f0c2-43e8-b6d9-5d75b3b4759c: start LeaderElection
2019-08-07 04:05:01,062 INFO  impl.FollowerState (FollowerState.java:run(106)) - f49ca53a-90dd-4043-8db0-75f56fae1500:group-66BEACE66F67 changes to CANDIDATE, lastRpcTime:5160, electionTimeout:5160ms
2019-08-07 04:05:01,062 INFO  impl.LeaderElection (LeaderElection.java:askForVotes(181)) - 0b21f3e6-f0c2-43e8-b6d9-5d75b3b4759c:group-97F906D22FC2:LeaderElection10: begin an election at term 1 for -1: [f7b9037a-943b-46c6-85ee-08a8477532e9:192.168.157.245:44603, a97530da-6325-42dd-bbf1-858bb8a52e40:192.168.157.245:44184, 0b21f3e6-f0c2-43e8-b6d9-5d75b3b4759c:192.168.157.245:36595], old=null
2019-08-07 04:05:01,062 INFO  impl.RoleInfo (RoleInfo.java:shutdownFollowerState(121)) - f49ca53a-90dd-4043-8db0-75f56fae1500: shutdown FollowerState
2019-08-07 04:05:01,062 INFO  impl.RaftServerImpl (RaftServerImpl.java:setRole(171)) - f49ca53a-90dd-4043-8db0-75f56fae1500:group-66BEACE66F67 changes role from FOLLOWER to CANDIDATE at term 0 for changeToCandidate
2019-08-07 04:05:01,062 INFO  impl.RoleInfo (RoleInfo.java:updateAndGet(143)) - f49ca53a-90dd-4043-8db0-75f56fae1500: start LeaderElection
2019-08-07 04:05:01,081 INFO  impl.LeaderElection (LeaderElection.java:askForVotes(181)) - f49ca53a-90dd-4043-8db0-75f56fae1500:group-66BEACE66F67:LeaderElection11: begin an election at term 1 for -1: [d49b19ea-6ba3-479d-bc88-273610ee8dcd:192.168.157.245:38694, f49ca53a-90dd-4043-8db0-75f56fae1500:192.168.157.245:39800, 7adafec3-b0f2-463f-af01-7d468c370e20:192.168.157.245:33920], old=null
2019-08-07 04:05:01,091 INFO  impl.RaftServerImpl (RaftServerImpl.java:setRole(171)) - a97530da-6325-42dd-bbf1-858bb8a52e40:group-97F906D22FC2 changes role from FOLLOWER to FOLLOWER at term 1 for recognizeCandidate:0b21f3e6-f0c2-43e8-b6d9-5d75b3b4759c
2019-08-07 04:05:01,101 INFO  impl.RoleInfo (RoleInfo.java:shutdownFollowerState(121)) - a97530da-6325-42dd-bbf1-858bb8a52e40: shutdown FollowerState
2019-08-07 04:05:01,101 INFO  impl.RoleInfo (RoleInfo.java:updateAndGet(143)) - a97530da-6325-42dd-bbf1-858bb8a52e40: start FollowerState
2019-08-07 04:05:01,107 INFO  impl.FollowerState (FollowerState.java:run(106)) - f7b9037a-943b-46c6-85ee-08a8477532e9:group-97F906D22FC2 changes to CANDIDATE, lastRpcTime:5092, electionTimeout:5091ms
2019-08-07 04:05:01,108 INFO  impl.FollowerState (FollowerState.java:run(114)) - a97530da-6325-42dd-bbf1-858bb8a52e40: FollowerState was interrupted: java.lang.InterruptedException: sleep interrupted
2019-08-07 04:05:01,108 INFO  impl.RoleInfo (RoleInfo.java:shutdownFollowerState(121)) - f7b9037a-943b-46c6-85ee-08a8477532e9: shutdown FollowerState
2019-08-07 04:05:01,110 INFO  impl.RaftServerImpl (RaftServerImpl.java:setRole(171)) - f7b9037a-943b-46c6-85ee-08a8477532e9:group-97F906D22FC2 changes role from FOLLOWER to CANDIDATE at term 0 for changeToCandidate
2019-08-07 04:05:01,111 INFO  impl.RoleInfo (RoleInfo.java:updateAndGet(143)) - f7b9037a-943b-46c6-85ee-08a8477532e9: start LeaderElection
2019-08-07 04:05:01,115 INFO  impl.RaftServerImpl (RaftServerImpl.java:setRole(171)) - f7b9037a-943b-46c6-85ee-08a8477532e9:group-97F906D22FC2 changes role from CANDIDATE to FOLLOWER at term 1 for recognizeCandidate:0b21f3e6-f0c2-43e8-b6d9-5d75b3b4759c
2019-08-07 04:05:01,115 INFO  impl.RoleInfo (RoleInfo.java:shutdownLeaderElection(134)) - f7b9037a-943b-46c6-85ee-08a8477532e9: shutdown LeaderElection
2019-08-07 04:05:01,116 INFO  impl.RoleInfo (RoleInfo.java:updateAndGet(143)) - f7b9037a-943b-46c6-85ee-08a8477532e9: start FollowerState
2019-08-07 04:05:01,117 INFO  impl.LeaderElection (LeaderElection.java:logAndReturn(56)) - 7adafec3-b0f2-463f-af01-7d468c370e20:group-66BEACE66F67:LeaderElection8: Election REJECTED; received 2 response(s) [7adafec3-b0f2-463f-af01-7d468c370e20<-d49b19ea-6ba3-479d-bc88-273610ee8dcd#0:FAIL-t1, 7adafec3-b0f2-463f-af01-7d468c370e20<-f49ca53a-90dd-4043-8db0-75f56fae1500#0:FAIL-t1] and 0 exception(s); 7adafec3-b0f2-463f-af01-7d468c370e20:t1, leader=null, voted=7adafec3-b0f2-463f-af01-7d468c370e20, raftlog=7adafec3-b0f2-463f-af01-7d468c370e20-SegmentedRaftLog:OPENED:c-1,f-1,i0, conf=-1: [d49b19ea-6ba3-479d-bc88-273610ee8dcd:192.168.157.245:38694, f49ca53a-90dd-4043-8db0-75f56fae1500:192.168.157.245:39800, 7adafec3-b0f2-463f-af01-7d468c370e20:192.168.157.245:33920], old=null
2019-08-07 04:05:01,117 INFO  impl.LeaderElection (LeaderElection.java:logAndReturn(56)) - d49b19ea-6ba3-479d-bc88-273610ee8dcd:group-66BEACE66F67:LeaderElection9: Election REJECTED; received 2 response(s) [d49b19ea-6ba3-479d-bc88-273610ee8dcd<-f49ca53a-90dd-4043-8db0-75f56fae1500#0:FAIL-t1, d49b19ea-6ba3-479d-bc88-273610ee8dcd<-7adafec3-b0f2-463f-af01-7d468c370e20#0:FAIL-t1] and 0 exception(s); d49b19ea-6ba3-479d-bc88-273610ee8dcd:t1, leader=null, voted=d49b19ea-6ba3-479d-bc88-273610ee8dcd, raftlog=d49b19ea-6ba3-479d-bc88-273610ee8dcd-SegmentedRaftLog:OPENED:c-1,f-1,i0, conf=-1: [d49b19ea-6ba3-479d-bc88-273610ee8dcd:192.168.157.245:38694, f49ca53a-90dd-4043-8db0-75f56fae1500:192.168.157.245:39800, 7adafec3-b0f2-463f-af01-7d468c370e20:192.168.157.245:33920], old=null
2019-08-07 04:05:01,117 INFO  impl.RaftServerImpl (RaftServerImpl.java:setRole(171)) - 7adafec3-b0f2-463f-af01-7d468c370e20:group-66BEACE66F67 changes role from CANDIDATE to FOLLOWER at term 1 for DISCOVERED_A_NEW_TERM
2019-08-07 04:05:01,120 INFO  impl.RoleInfo (RoleInfo.java:shutdownLeaderElection(134)) - 7adafec3-b0f2-463f-af01-7d468c370e20: shutdown LeaderElection
2019-08-07 04:05:01,117 INFO  impl.RaftServerImpl (RaftServerImpl.java:setRole(171)) - d49b19ea-6ba3-479d-bc88-273610ee8dcd:group-66BEACE66F67 changes role from CANDIDATE to FOLLOWER at term 1 for DISCOVERED_A_NEW_TERM
2019-08-07 04:05:01,126 INFO  impl.RoleInfo (RoleInfo.java:shutdownLeaderElection(134)) - d49b19ea-6ba3-479d-bc88-273610ee8dcd: shutdown LeaderElection
2019-08-07 04:05:01,132 INFO  impl.RoleInfo (RoleInfo.java:updateAndGet(143)) - 7adafec3-b0f2-463f-af01-7d468c370e20: start FollowerState
2019-08-07 04:05:01,132 INFO  impl.RoleInfo (RoleInfo.java:updateAndGet(143)) - d49b19ea-6ba3-479d-bc88-273610ee8dcd: start FollowerState
2019-08-07 04:05:01,145 INFO  impl.LeaderElection (LeaderElection.java:logAndReturn(56)) - 0b21f3e6-f0c2-43e8-b6d9-5d75b3b4759c:group-97F906D22FC2:LeaderElection10: Election PASSED; received 2 response(s) [0b21f3e6-f0c2-43e8-b6d9-5d75b3b4759c<-f7b9037a-943b-46c6-85ee-08a8477532e9#0:FAIL-t1, 0b21f3e6-f0c2-43e8-b6d9-5d75b3b4759c<-a97530da-6325-42dd-bbf1-858bb8a52e40#0:OK-t1] and 0 exception(s); 0b21f3e6-f0c2-43e8-b6d9-5d75b3b4759c:t1, leader=null, voted=0b21f3e6-f0c2-43e8-b6d9-5d75b3b4759c, raftlog=0b21f3e6-f0c2-43e8-b6d9-5d75b3b4759c-SegmentedRaftLog:OPENED:c-1,f-1,i0, conf=-1: [f7b9037a-943b-46c6-85ee-08a8477532e9:192.168.157.245:44603, a97530da-6325-42dd-bbf1-858bb8a52e40:192.168.157.245:44184, 0b21f3e6-f0c2-43e8-b6d9-5d75b3b4759c:192.168.157.245:36595], old=null
2019-08-07 04:05:01,145 INFO  impl.RoleInfo (RoleInfo.java:shutdownLeaderElection(134)) - 0b21f3e6-f0c2-43e8-b6d9-5d75b3b4759c: shutdown LeaderElection
2019-08-07 04:05:01,147 INFO  impl.RaftServerImpl (RaftServerImpl.java:setRole(171)) - 0b21f3e6-f0c2-43e8-b6d9-5d75b3b4759c:group-97F906D22FC2 changes role from CANDIDATE to LEADER at term 1 for changeToLeader
2019-08-07 04:05:01,149 INFO  impl.RaftServerImpl (ServerState.java:setLeader(263)) - 0b21f3e6-f0c2-43e8-b6d9-5d75b3b4759c:group-97F906D22FC2 change Leader from null to 0b21f3e6-f0c2-43e8-b6d9-5d75b3b4759c at term 1 for becomeLeader, leader elected after 5149ms
2019-08-07 04:05:01,149 INFO  server.RaftServerConfigKeys (ConfUtils.java:logGet(43)) - raft.server.staging.catchup.gap = 1000 (default)
2019-08-07 04:05:01,151 INFO  server.RaftServerConfigKeys (ConfUtils.java:logGet(43)) - raft.server.rpc.sleep.time = 25ms (default)
2019-08-07 04:05:01,151 INFO  impl.LeaderElection (LeaderElection.java:askForVotes(181)) - f7b9037a-943b-46c6-85ee-08a8477532e9:group-97F906D22FC2:LeaderElection12: begin an election at term 2 for -1: [f7b9037a-943b-46c6-85ee-08a8477532e9:192.168.157.245:44603, a97530da-6325-42dd-bbf1-858bb8a52e40:192.168.157.245:44184, 0b21f3e6-f0c2-43e8-b6d9-5d75b3b4759c:192.168.157.245:36595], old=null
2019-08-07 04:05:01,152 INFO  server.RaftServerConfigKeys (ConfUtils.java:logGet(43)) - raft.server.write.element-limit = 4096 (default)
2019-08-07 04:05:01,153 INFO  server.RaftServerConfigKeys (ConfUtils.java:logGet(43)) - raft.server.watch.timeout = 10s (default)
2019-08-07 04:05:01,153 INFO  server.RaftServerConfigKeys (ConfUtils.java:logGet(43)) - raft.server.watch.timeout.denomination = 1s (default)
2019-08-07 04:05:01,153 INFO  impl.LeaderElection (LeaderElection.java:logAndReturn(56)) - f49ca53a-90dd-4043-8db0-75f56fae1500:group-66BEACE66F67:LeaderElection11: Election REJECTED; received 2 response(s) [f49ca53a-90dd-4043-8db0-75f56fae1500<-d49b19ea-6ba3-479d-bc88-273610ee8dcd#0:FAIL-t1, f49ca53a-90dd-4043-8db0-75f56fae1500<-7adafec3-b0f2-463f-af01-7d468c370e20#0:FAIL-t1] and 0 exception(s); f49ca53a-90dd-4043-8db0-75f56fae1500:t1, leader=null, voted=f49ca53a-90dd-4043-8db0-75f56fae1500, raftlog=f49ca53a-90dd-4043-8db0-75f56fae1500-SegmentedRaftLog:OPENED:c-1,f-1,i0, conf=-1: [d49b19ea-6ba3-479d-bc88-273610ee8dcd:192.168.157.245:38694, f49ca53a-90dd-4043-8db0-75f56fae1500:192.168.157.245:39800, 7adafec3-b0f2-463f-af01-7d468c370e20:192.168.157.245:33920], old=null
2019-08-07 04:05:01,153 INFO  server.RaftServerConfigKeys (ConfUtils.java:logGet(43)) - raft.server.watch.element-limit = 65536 (default)
2019-08-07 04:05:01,153 INFO  impl.RaftServerImpl (RaftServerImpl.java:setRole(171)) - f49ca53a-90dd-4043-8db0-75f56fae1500:group-66BEACE66F67 changes role from CANDIDATE to FOLLOWER at term 1 for DISCOVERED_A_NEW_TERM
2019-08-07 04:05:01,153 INFO  impl.LeaderElection (LeaderElection.java:logAndReturn(56)) - f7b9037a-943b-46c6-85ee-08a8477532e9:group-97F906D22FC2:LeaderElection12: Election REJECTED; received 0 response(s) [] and 0 exception(s); f7b9037a-943b-46c6-85ee-08a8477532e9:t2, leader=null, voted=f7b9037a-943b-46c6-85ee-08a8477532e9, raftlog=f7b9037a-943b-46c6-85ee-08a8477532e9-SegmentedRaftLog:OPENED:c-1,f-1,i0, conf=-1: [f7b9037a-943b-46c6-85ee-08a8477532e9:192.168.157.245:44603, a97530da-6325-42dd-bbf1-858bb8a52e40:192.168.157.245:44184, 0b21f3e6-f0c2-43e8-b6d9-5d75b3b4759c:192.168.157.245:36595], old=null
2019-08-07 04:05:01,159 INFO  impl.RoleInfo (RoleInfo.java:shutdownLeaderElection(134)) - f49ca53a-90dd-4043-8db0-75f56fae1500: shutdown LeaderElection
2019-08-07 04:05:01,160 INFO  impl.RoleInfo (RoleInfo.java:updateAndGet(143)) - f49ca53a-90dd-4043-8db0-75f56fae1500: start FollowerState
2019-08-07 04:05:01,167 INFO  server.RaftServerConfigKeys (ConfUtils.java:logGet(43)) - raft.server.log.appender.snapshot.chunk.size.max = 16MB (=16777216) (default)
2019-08-07 04:05:01,169 INFO  server.RaftServerConfigKeys (ConfUtils.java:logGet(43)) - raft.server.log.appender.buffer.byte-limit = 33554432 (custom)
2019-08-07 04:05:01,171 INFO  server.RaftServerConfigKeys (ConfUtils.java:logGet(43)) - raft.server.log.appender.buffer.element-limit = 1 (custom)
2019-08-07 04:05:01,177 INFO  impl.RaftServerImpl (RaftServerImpl.java:setRole(171)) - a97530da-6325-42dd-bbf1-858bb8a52e40:group-97F906D22FC2 changes role from FOLLOWER to FOLLOWER at term 2 for recognizeCandidate:f7b9037a-943b-46c6-85ee-08a8477532e9
2019-08-07 04:05:01,177 INFO  client.GrpcClientProtocolClient (GrpcClientProtocolClient.java:onNext(255)) - client-EC9E27FCCB6F->d49b19ea-6ba3-479d-bc88-273610ee8dcd: receive RaftClientReply:client-EC9E27FCCB6F->d49b19ea-6ba3-479d-bc88-273610ee8dcd@group-66BEACE66F67, cid=13, FAILED org.apache.ratis.protocol.NotLeaderException: Server d49b19ea-6ba3-479d-bc88-273610ee8dcd is not the leader (null). Request must be sent to leader., logIndex=0, commits[d49b19ea-6ba3-479d-bc88-273610ee8dcd:c-1]
2019-08-07 04:05:01,177 INFO  impl.RoleInfo (RoleInfo.java:shutdownFollowerState(121)) - a97530da-6325-42dd-bbf1-858bb8a52e40: shutdown FollowerState
2019-08-07 04:05:01,182 INFO  impl.FollowerState (FollowerState.java:run(114)) - a97530da-6325-42dd-bbf1-858bb8a52e40: FollowerState was interrupted: java.lang.InterruptedException: sleep interrupted
2019-08-07 04:05:01,182 INFO  impl.RoleInfo (RoleInfo.java:updateAndGet(143)) - a97530da-6325-42dd-bbf1-858bb8a52e40: start FollowerState
2019-08-07 04:05:01,182 INFO  grpc.GrpcConfigKeys$Server (ConfUtils.java:logGet(43)) - raft.grpc.server.leader.outstanding.appends.max = 128 (default)
2019-08-07 04:05:01,189 INFO  server.RaftServerConfigKeys (ConfUtils.java:logGet(43)) - raft.server.rpc.request.timeout = 3000ms (default)
2019-08-07 04:05:01,189 INFO  server.RaftServerConfigKeys (ConfUtils.java:logGet(43)) - raft.server.log.appender.install.snapshot.enabled = false (custom)
2019-08-07 04:05:01,189 INFO  server.RaftServerConfigKeys (ConfUtils.java:logGet(43)) - raft.server.log.appender.snapshot.chunk.size.max = 16MB (=16777216) (default)
2019-08-07 04:05:01,190 INFO  server.RaftServerConfigKeys (ConfUtils.java:logGet(43)) - raft.server.log.appender.buffer.byte-limit = 33554432 (custom)
2019-08-07 04:05:01,190 INFO  server.RaftServerConfigKeys (ConfUtils.java:logGet(43)) - raft.server.log.appender.buffer.element-limit = 1 (custom)
2019-08-07 04:05:01,190 INFO  grpc.GrpcConfigKeys$Server (ConfUtils.java:logGet(43)) - raft.grpc.server.leader.outstanding.appends.max = 128 (default)
2019-08-07 04:05:01,191 INFO  server.RaftServerConfigKeys (ConfUtils.java:logGet(43)) - raft.server.rpc.request.timeout = 3000ms (default)
2019-08-07 04:05:01,191 INFO  server.RaftServerConfigKeys (ConfUtils.java:logGet(43)) - raft.server.log.appender.install.snapshot.enabled = false (custom)
2019-08-07 04:05:01,195 INFO  impl.RoleInfo (RoleInfo.java:updateAndGet(143)) - 0b21f3e6-f0c2-43e8-b6d9-5d75b3b4759c: start LeaderState
2019-08-07 04:05:01,195 INFO  segmented.SegmentedRaftLogWorker (SegmentedRaftLogWorker.java:startLogSegment(380)) - 0b21f3e6-f0c2-43e8-b6d9-5d75b3b4759c-SegmentedRaftLogWorker:Storage Directory /workdir/hadoop-ozone/integration-test/target/test-dir/MiniOzoneClusterImpl-7026e4b8-6df6-4897-bd33-9f5e93510a50/datanode-5/data/ratis/f2689bcc-c858-417b-b71a-97f906d22fc2: Starting segment from index:0
2019-08-07 04:05:01,196 INFO  impl.RaftServerImpl (ServerState.java:setRaftConf(361)) - 0b21f3e6-f0c2-43e8-b6d9-5d75b3b4759c:group-97F906D22FC2 set configuration 0: [f7b9037a-943b-46c6-85ee-08a8477532e9:192.168.157.245:44603, a97530da-6325-42dd-bbf1-858bb8a52e40:192.168.157.245:44184, 0b21f3e6-f0c2-43e8-b6d9-5d75b3b4759c:192.168.157.245:36595], old=null at 0
2019-08-07 04:05:01,218 INFO  impl.RaftServerImpl (ServerState.java:setLeader(263)) - 0b21f3e6-f0c2-43e8-b6d9-5d75b3b4759c:group-97F906D22FC2 change Leader from 0b21f3e6-f0c2-43e8-b6d9-5d75b3b4759c to null at term 2 for updateCurrentTerm
2019-08-07 04:05:01,218 INFO  impl.RaftServerImpl (RaftServerImpl.java:setRole(171)) - 0b21f3e6-f0c2-43e8-b6d9-5d75b3b4759c:group-97F906D22FC2 changes role from LEADER to FOLLOWER at term 2 for recognizeCandidate:f7b9037a-943b-46c6-85ee-08a8477532e9
2019-08-07 04:05:01,219 INFO  impl.RoleInfo (RoleInfo.java:shutdownLeaderState(104)) - 0b21f3e6-f0c2-43e8-b6d9-5d75b3b4759c: shutdown LeaderState
2019-08-07 04:05:01,222 INFO  impl.PendingRequests (PendingRequests.java:sendNotLeaderResponses(202)) - 0b21f3e6-f0c2-43e8-b6d9-5d75b3b4759c-PendingRequests: sendNotLeaderResponses
2019-08-07 04:05:01,226 INFO  impl.RoleInfo (RoleInfo.java:updateAndGet(143)) - 0b21f3e6-f0c2-43e8-b6d9-5d75b3b4759c: start FollowerState
2019-08-07 04:05:01,229 WARN  server.GrpcLogAppender (GrpcLogAppender.java:mayWait(143)) - GrpcLogAppender(0b21f3e6-f0c2-43e8-b6d9-5d75b3b4759c->a97530da-6325-42dd-bbf1-858bb8a52e40): Wait interrupted by java.lang.InterruptedException
2019-08-07 04:05:01,229 WARN  server.GrpcLogAppender (GrpcLogAppender.java:mayWait(143)) - GrpcLogAppender(0b21f3e6-f0c2-43e8-b6d9-5d75b3b4759c->f7b9037a-943b-46c6-85ee-08a8477532e9): Wait interrupted by java.lang.InterruptedException
2019-08-07 04:05:01,231 INFO  segmented.SegmentedRaftLogWorker (SegmentedRaftLogWorker.java:execute(569)) - 0b21f3e6-f0c2-43e8-b6d9-5d75b3b4759c-SegmentedRaftLogWorker:Storage Directory /workdir/hadoop-ozone/integration-test/target/test-dir/MiniOzoneClusterImpl-7026e4b8-6df6-4897-bd33-9f5e93510a50/datanode-5/data/ratis/f2689bcc-c858-417b-b71a-97f906d22fc2: created new log segment /workdir/hadoop-ozone/integration-test/target/test-dir/MiniOzoneClusterImpl-7026e4b8-6df6-4897-bd33-9f5e93510a50/datanode-5/data/ratis/f2689bcc-c858-417b-b71a-97f906d22fc2/current/log_inprogress_0
2019-08-07 04:05:01,235 INFO  server.GrpcServerProtocolService (GrpcServerProtocolService.java:onCompleted(104)) - a97530da-6325-42dd-bbf1-858bb8a52e40: appendEntries completed
2019-08-07 04:05:01,235 INFO  server.GrpcServerProtocolService (GrpcServerProtocolService.java:onCompleted(104)) - f7b9037a-943b-46c6-85ee-08a8477532e9: appendEntries completed
2019-08-07 04:05:01,245 INFO  server.GrpcLogAppender (GrpcLogAppender.java:onCompleted(292)) - 0b21f3e6-f0c2-43e8-b6d9-5d75b3b4759c->a97530da-6325-42dd-bbf1-858bb8a52e40: follower responses appendEntries COMPLETED
2019-08-07 04:05:01,245 INFO  server.GrpcLogAppender (GrpcLogAppender.java:onCompleted(292)) - 0b21f3e6-f0c2-43e8-b6d9-5d75b3b4759c->f7b9037a-943b-46c6-85ee-08a8477532e9: follower responses appendEntries COMPLETED
2019-08-07 04:05:01,248 INFO  impl.FollowerInfo (FollowerInfo.java:lambda$new$0(50)) - 0b21f3e6-f0c2-43e8-b6d9-5d75b3b4759c->a97530da-6325-42dd-bbf1-858bb8a52e40: nextIndex: updateUnconditionally 0 -> 0
2019-08-07 04:05:01,248 INFO  impl.FollowerInfo (FollowerInfo.java:lambda$new$0(50)) - 0b21f3e6-f0c2-43e8-b6d9-5d75b3b4759c->f7b9037a-943b-46c6-85ee-08a8477532e9: nextIndex: updateUnconditionally 0 -> 0
2019-08-07 04:05:02,212 INFO  client.GrpcClientProtocolClient (GrpcClientProtocolClient.java:onNext(255)) - client-EC9E27FCCB6F->f49ca53a-90dd-4043-8db0-75f56fae1500: receive RaftClientReply:client-EC9E27FCCB6F->f49ca53a-90dd-4043-8db0-75f56fae1500@group-66BEACE66F67, cid=13, FAILED org.apache.ratis.protocol.NotLeaderException: Server f49ca53a-90dd-4043-8db0-75f56fae1500 is not the leader (null). Request must be sent to leader., logIndex=0, commits[f49ca53a-90dd-4043-8db0-75f56fae1500:c-1]
2019-08-07 04:05:03,238 INFO  client.GrpcClientProtocolClient (GrpcClientProtocolClient.java:onNext(255)) - client-EC9E27FCCB6F->7adafec3-b0f2-463f-af01-7d468c370e20: receive RaftClientReply:client-EC9E27FCCB6F->7adafec3-b0f2-463f-af01-7d468c370e20@group-66BEACE66F67, cid=13, FAILED org.apache.ratis.protocol.NotLeaderException: Server 7adafec3-b0f2-463f-af01-7d468c370e20 is not the leader (null). Request must be sent to leader., logIndex=0, commits[7adafec3-b0f2-463f-af01-7d468c370e20:c-1]
2019-08-07 04:05:04,262 INFO  client.GrpcClientProtocolClient (GrpcClientProtocolClient.java:onNext(255)) - client-EC9E27FCCB6F->d49b19ea-6ba3-479d-bc88-273610ee8dcd: receive RaftClientReply:client-EC9E27FCCB6F->d49b19ea-6ba3-479d-bc88-273610ee8dcd@group-66BEACE66F67, cid=13, FAILED org.apache.ratis.protocol.NotLeaderException: Server d49b19ea-6ba3-479d-bc88-273610ee8dcd is not the leader (null). Request must be sent to leader., logIndex=0, commits[d49b19ea-6ba3-479d-bc88-273610ee8dcd:c-1]
2019-08-07 04:05:05,286 INFO  client.GrpcClientProtocolClient (GrpcClientProtocolClient.java:onNext(255)) - client-EC9E27FCCB6F->f49ca53a-90dd-4043-8db0-75f56fae1500: receive RaftClientReply:client-EC9E27FCCB6F->f49ca53a-90dd-4043-8db0-75f56fae1500@group-66BEACE66F67, cid=13, FAILED org.apache.ratis.protocol.NotLeaderException: Server f49ca53a-90dd-4043-8db0-75f56fae1500 is not the leader (null). Request must be sent to leader., logIndex=0, commits[f49ca53a-90dd-4043-8db0-75f56fae1500:c-1]
2019-08-07 04:05:06,174 INFO  impl.FollowerState (FollowerState.java:run(106)) - 7adafec3-b0f2-463f-af01-7d468c370e20:group-66BEACE66F67 changes to CANDIDATE, lastRpcTime:5042, electionTimeout:5042ms
2019-08-07 04:05:06,175 INFO  impl.RoleInfo (RoleInfo.java:shutdownFollowerState(121)) - 7adafec3-b0f2-463f-af01-7d468c370e20: shutdown FollowerState
2019-08-07 04:05:06,175 INFO  impl.RaftServerImpl (RaftServerImpl.java:setRole(171)) - 7adafec3-b0f2-463f-af01-7d468c370e20:group-66BEACE66F67 changes role from FOLLOWER to CANDIDATE at term 1 for changeToCandidate
2019-08-07 04:05:06,175 INFO  impl.RoleInfo (RoleInfo.java:updateAndGet(143)) - 7adafec3-b0f2-463f-af01-7d468c370e20: start LeaderElection
2019-08-07 04:05:06,193 INFO  impl.LeaderElection (LeaderElection.java:askForVotes(181)) - 7adafec3-b0f2-463f-af01-7d468c370e20:group-66BEACE66F67:LeaderElection13: begin an election at term 2 for -1: [d49b19ea-6ba3-479d-bc88-273610ee8dcd:192.168.157.245:38694, f49ca53a-90dd-4043-8db0-75f56fae1500:192.168.157.245:39800, 7adafec3-b0f2-463f-af01-7d468c370e20:192.168.157.245:33920], old=null
2019-08-07 04:05:06,195 INFO  impl.FollowerState (FollowerState.java:run(106)) - f7b9037a-943b-46c6-85ee-08a8477532e9:group-97F906D22FC2 changes to CANDIDATE, lastRpcTime:5078, electionTimeout:5078ms
2019-08-07 04:05:06,195 INFO  impl.RoleInfo (RoleInfo.java:shutdownFollowerState(121)) - f7b9037a-943b-46c6-85ee-08a8477532e9: shutdown FollowerState
2019-08-07 04:05:06,195 INFO  impl.RaftServerImpl (RaftServerImpl.java:setRole(171)) - f7b9037a-943b-46c6-85ee-08a8477532e9:group-97F906D22FC2 changes role from FOLLOWER to CANDIDATE at term 2 for changeToCandidate
2019-08-07 04:05:06,195 INFO  impl.RoleInfo (RoleInfo.java:updateAndGet(143)) - f7b9037a-943b-46c6-85ee-08a8477532e9: start LeaderElection
2019-08-07 04:05:06,198 INFO  impl.FollowerState (FollowerState.java:run(106)) - a97530da-6325-42dd-bbf1-858bb8a52e40:group-97F906D22FC2 changes to CANDIDATE, lastRpcTime:5016, electionTimeout:5011ms
2019-08-07 04:05:06,198 INFO  impl.RoleInfo (RoleInfo.java:shutdownFollowerState(121)) - a97530da-6325-42dd-bbf1-858bb8a52e40: shutdown FollowerState
2019-08-07 04:05:06,199 INFO  impl.RaftServerImpl (RaftServerImpl.java:setRole(171)) - a97530da-6325-42dd-bbf1-858bb8a52e40:group-97F906D22FC2 changes role from FOLLOWER to CANDIDATE at term 2 for changeToCandidate
2019-08-07 04:05:06,199 INFO  impl.RoleInfo (RoleInfo.java:updateAndGet(143)) - a97530da-6325-42dd-bbf1-858bb8a52e40: start LeaderElection
2019-08-07 04:05:06,207 INFO  impl.RaftServerImpl (RaftServerImpl.java:setRole(171)) - f49ca53a-90dd-4043-8db0-75f56fae1500:group-66BEACE66F67 changes role from FOLLOWER to FOLLOWER at term 2 for recognizeCandidate:7adafec3-b0f2-463f-af01-7d468c370e20
2019-08-07 04:05:06,207 INFO  impl.RaftServerImpl (RaftServerImpl.java:setRole(171)) - d49b19ea-6ba3-479d-bc88-273610ee8dcd:group-66BEACE66F67 changes role from FOLLOWER to FOLLOWER at term 2 for recognizeCandidate:7adafec3-b0f2-463f-af01-7d468c370e20
2019-08-07 04:05:06,207 INFO  impl.RoleInfo (RoleInfo.java:shutdownFollowerState(121)) - f49ca53a-90dd-4043-8db0-75f56fae1500: shutdown FollowerState
2019-08-07 04:05:06,207 INFO  impl.RoleInfo (RoleInfo.java:shutdownFollowerState(121)) - d49b19ea-6ba3-479d-bc88-273610ee8dcd: shutdown FollowerState
2019-08-07 04:05:06,208 INFO  impl.FollowerState (FollowerState.java:run(114)) - f49ca53a-90dd-4043-8db0-75f56fae1500: FollowerState was interrupted: java.lang.InterruptedException: sleep interrupted
2019-08-07 04:05:06,208 INFO  impl.RoleInfo (RoleInfo.java:updateAndGet(143)) - f49ca53a-90dd-4043-8db0-75f56fae1500: start FollowerState
2019-08-07 04:05:06,208 INFO  impl.FollowerState (FollowerState.java:run(114)) - d49b19ea-6ba3-479d-bc88-273610ee8dcd: FollowerState was interrupted: java.lang.InterruptedException: sleep interrupted
2019-08-07 04:05:06,208 INFO  impl.RoleInfo (RoleInfo.java:updateAndGet(143)) - d49b19ea-6ba3-479d-bc88-273610ee8dcd: start FollowerState
2019-08-07 04:05:06,213 INFO  impl.LeaderElection (LeaderElection.java:askForVotes(181)) - a97530da-6325-42dd-bbf1-858bb8a52e40:group-97F906D22FC2:LeaderElection15: begin an election at term 3 for -1: [f7b9037a-943b-46c6-85ee-08a8477532e9:192.168.157.245:44603, a97530da-6325-42dd-bbf1-858bb8a52e40:192.168.157.245:44184, 0b21f3e6-f0c2-43e8-b6d9-5d75b3b4759c:192.168.157.245:36595], old=null
2019-08-07 04:05:06,213 INFO  impl.LeaderElection (LeaderElection.java:askForVotes(181)) - f7b9037a-943b-46c6-85ee-08a8477532e9:group-97F906D22FC2:LeaderElection14: begin an election at term 3 for -1: [f7b9037a-943b-46c6-85ee-08a8477532e9:192.168.157.245:44603, a97530da-6325-42dd-bbf1-858bb8a52e40:192.168.157.245:44184, 0b21f3e6-f0c2-43e8-b6d9-5d75b3b4759c:192.168.157.245:36595], old=null
2019-08-07 04:05:06,228 INFO  impl.RaftServerImpl (RaftServerImpl.java:setRole(171)) - 0b21f3e6-f0c2-43e8-b6d9-5d75b3b4759c:group-97F906D22FC2 changes role from FOLLOWER to FOLLOWER at term 3 for recognizeCandidate:f7b9037a-943b-46c6-85ee-08a8477532e9
2019-08-07 04:05:06,229 INFO  impl.RoleInfo (RoleInfo.java:shutdownFollowerState(121)) - 0b21f3e6-f0c2-43e8-b6d9-5d75b3b4759c: shutdown FollowerState
2019-08-07 04:05:06,230 INFO  impl.RoleInfo (RoleInfo.java:updateAndGet(143)) - 0b21f3e6-f0c2-43e8-b6d9-5d75b3b4759c: start FollowerState
2019-08-07 04:05:06,230 INFO  impl.FollowerState (FollowerState.java:run(114)) - 0b21f3e6-f0c2-43e8-b6d9-5d75b3b4759c: FollowerState was interrupted: java.lang.InterruptedException: sleep interrupted
2019-08-07 04:05:06,230 INFO  impl.LeaderElection (LeaderElection.java:logAndReturn(56)) - 7adafec3-b0f2-463f-af01-7d468c370e20:group-66BEACE66F67:LeaderElection13: Election PASSED; received 1 response(s) [7adafec3-b0f2-463f-af01-7d468c370e20<-f49ca53a-90dd-4043-8db0-75f56fae1500#0:OK-t2] and 0 exception(s); 7adafec3-b0f2-463f-af01-7d468c370e20:t2, leader=null, voted=7adafec3-b0f2-463f-af01-7d468c370e20, raftlog=7adafec3-b0f2-463f-af01-7d468c370e20-SegmentedRaftLog:OPENED:c-1,f-1,i0, conf=-1: [d49b19ea-6ba3-479d-bc88-273610ee8dcd:192.168.157.245:38694, f49ca53a-90dd-4043-8db0-75f56fae1500:192.168.157.245:39800, 7adafec3-b0f2-463f-af01-7d468c370e20:192.168.157.245:33920], old=null
2019-08-07 04:05:06,239 INFO  impl.RoleInfo (RoleInfo.java:shutdownLeaderElection(134)) - 7adafec3-b0f2-463f-af01-7d468c370e20: shutdown LeaderElection
2019-08-07 04:05:06,243 INFO  impl.RaftServerImpl (RaftServerImpl.java:setRole(171)) - 7adafec3-b0f2-463f-af01-7d468c370e20:group-66BEACE66F67 changes role from CANDIDATE to LEADER at term 2 for changeToLeader
2019-08-07 04:05:06,244 INFO  impl.RaftServerImpl (ServerState.java:setLeader(263)) - 7adafec3-b0f2-463f-af01-7d468c370e20:group-66BEACE66F67 change Leader from null to 7adafec3-b0f2-463f-af01-7d468c370e20 at term 2 for becomeLeader, leader elected after 10358ms
2019-08-07 04:05:06,244 INFO  server.RaftServerConfigKeys (ConfUtils.java:logGet(43)) - raft.server.staging.catchup.gap = 1000 (default)
2019-08-07 04:05:06,244 INFO  server.RaftServerConfigKeys (ConfUtils.java:logGet(43)) - raft.server.rpc.sleep.time = 25ms (default)
2019-08-07 04:05:06,245 INFO  server.RaftServerConfigKeys (ConfUtils.java:logGet(43)) - raft.server.write.element-limit = 4096 (default)
2019-08-07 04:05:06,245 INFO  server.RaftServerConfigKeys (ConfUtils.java:logGet(43)) - raft.server.watch.timeout = 10s (default)
2019-08-07 04:05:06,251 INFO  server.RaftServerConfigKeys (ConfUtils.java:logGet(43)) - raft.server.watch.timeout.denomination = 1s (default)
2019-08-07 04:05:06,251 INFO  server.RaftServerConfigKeys (ConfUtils.java:logGet(43)) - raft.server.watch.element-limit = 65536 (default)
2019-08-07 04:05:06,251 INFO  server.RaftServerConfigKeys (ConfUtils.java:logGet(43)) - raft.server.log.appender.snapshot.chunk.size.max = 16MB (=16777216) (default)
2019-08-07 04:05:06,252 INFO  server.RaftServerConfigKeys (ConfUtils.java:logGet(43)) - raft.server.log.appender.buffer.byte-limit = 33554432 (custom)
2019-08-07 04:05:06,252 INFO  server.RaftServerConfigKeys (ConfUtils.java:logGet(43)) - raft.server.log.appender.buffer.element-limit = 1 (custom)
2019-08-07 04:05:06,254 INFO  grpc.GrpcConfigKeys$Server (ConfUtils.java:logGet(43)) - raft.grpc.server.leader.outstanding.appends.max = 128 (default)
2019-08-07 04:05:06,255 INFO  server.RaftServerConfigKeys (ConfUtils.java:logGet(43)) - raft.server.rpc.request.timeout = 3000ms (default)
2019-08-07 04:05:06,255 INFO  server.RaftServerConfigKeys (ConfUtils.java:logGet(43)) - raft.server.log.appender.install.snapshot.enabled = false (custom)
2019-08-07 04:05:06,255 INFO  server.RaftServerConfigKeys (ConfUtils.java:logGet(43)) - raft.server.log.appender.snapshot.chunk.size.max = 16MB (=16777216) (default)
2019-08-07 04:05:06,255 INFO  server.RaftServerConfigKeys (ConfUtils.java:logGet(43)) - raft.server.log.appender.buffer.byte-limit = 33554432 (custom)
2019-08-07 04:05:06,256 INFO  server.RaftServerConfigKeys (ConfUtils.java:logGet(43)) - raft.server.log.appender.buffer.element-limit = 1 (custom)
2019-08-07 04:05:06,256 INFO  grpc.GrpcConfigKeys$Server (ConfUtils.java:logGet(43)) - raft.grpc.server.leader.outstanding.appends.max = 128 (default)
2019-08-07 04:05:06,256 INFO  server.RaftServerConfigKeys (ConfUtils.java:logGet(43)) - raft.server.rpc.request.timeout = 3000ms (default)
2019-08-07 04:05:06,256 INFO  server.RaftServerConfigKeys (ConfUtils.java:logGet(43)) - raft.server.log.appender.install.snapshot.enabled = false (custom)
2019-08-07 04:05:06,256 INFO  impl.RoleInfo (RoleInfo.java:updateAndGet(143)) - 7adafec3-b0f2-463f-af01-7d468c370e20: start LeaderState
2019-08-07 04:05:06,257 INFO  segmented.SegmentedRaftLogWorker (SegmentedRaftLogWorker.java:startLogSegment(380)) - 7adafec3-b0f2-463f-af01-7d468c370e20-SegmentedRaftLogWorker:Storage Directory /workdir/hadoop-ozone/integration-test/target/test-dir/MiniOzoneClusterImpl-7026e4b8-6df6-4897-bd33-9f5e93510a50/datanode-2/data/ratis/ad9cd516-662b-487c-9f0e-66beace66f67: Starting segment from index:0
2019-08-07 04:05:06,258 INFO  impl.RaftServerImpl (ServerState.java:setRaftConf(361)) - 7adafec3-b0f2-463f-af01-7d468c370e20:group-66BEACE66F67 set configuration 0: [d49b19ea-6ba3-479d-bc88-273610ee8dcd:192.168.157.245:38694, f49ca53a-90dd-4043-8db0-75f56fae1500:192.168.157.245:39800, 7adafec3-b0f2-463f-af01-7d468c370e20:192.168.157.245:33920], old=null at 0
2019-08-07 04:05:06,290 INFO  impl.RaftServerImpl (ServerState.java:setLeader(263)) - d49b19ea-6ba3-479d-bc88-273610ee8dcd:group-66BEACE66F67 change Leader from null to 7adafec3-b0f2-463f-af01-7d468c370e20 at term 2 for appendEntries, leader elected after 10402ms
2019-08-07 04:05:06,291 INFO  impl.RaftServerImpl (ServerState.java:setLeader(263)) - f49ca53a-90dd-4043-8db0-75f56fae1500:group-66BEACE66F67 change Leader from null to 7adafec3-b0f2-463f-af01-7d468c370e20 at term 2 for appendEntries, leader elected after 10407ms
2019-08-07 04:05:06,323 INFO  segmented.SegmentedRaftLogWorker (SegmentedRaftLogWorker.java:execute(569)) - 7adafec3-b0f2-463f-af01-7d468c370e20-SegmentedRaftLogWorker:Storage Directory /workdir/hadoop-ozone/integration-test/target/test-dir/MiniOzoneClusterImpl-7026e4b8-6df6-4897-bd33-9f5e93510a50/datanode-2/data/ratis/ad9cd516-662b-487c-9f0e-66beace66f67: created new log segment /workdir/hadoop-ozone/integration-test/target/test-dir/MiniOzoneClusterImpl-7026e4b8-6df6-4897-bd33-9f5e93510a50/datanode-2/data/ratis/ad9cd516-662b-487c-9f0e-66beace66f67/current/log_inprogress_0
2019-08-07 04:05:06,324 INFO  client.GrpcClientProtocolClient (GrpcClientProtocolClient.java:onNext(255)) - client-EC9E27FCCB6F->d49b19ea-6ba3-479d-bc88-273610ee8dcd: receive RaftClientReply:client-EC9E27FCCB6F->d49b19ea-6ba3-479d-bc88-273610ee8dcd@group-66BEACE66F67, cid=13, FAILED org.apache.ratis.protocol.NotLeaderException: Server d49b19ea-6ba3-479d-bc88-273610ee8dcd is not the leader (7adafec3-b0f2-463f-af01-7d468c370e20:192.168.157.245:33920). Request must be sent to leader., logIndex=0, commits[d49b19ea-6ba3-479d-bc88-273610ee8dcd:c-1, f49ca53a-90dd-4043-8db0-75f56fae1500:c-1, 7adafec3-b0f2-463f-af01-7d468c370e20:c-1]
2019-08-07 04:05:06,326 INFO  impl.RaftServerImpl (RaftServerImpl.java:setRole(171)) - 0b21f3e6-f0c2-43e8-b6d9-5d75b3b4759c:group-97F906D22FC2 changes role from FOLLOWER to FOLLOWER at term 3 for recognizeCandidate:a97530da-6325-42dd-bbf1-858bb8a52e40
2019-08-07 04:05:06,331 INFO  impl.RoleInfo (RoleInfo.java:shutdownFollowerState(121)) - 0b21f3e6-f0c2-43e8-b6d9-5d75b3b4759c: shutdown FollowerState
2019-08-07 04:05:06,331 INFO  impl.RoleInfo (RoleInfo.java:updateAndGet(143)) - 0b21f3e6-f0c2-43e8-b6d9-5d75b3b4759c: start FollowerState
2019-08-07 04:05:06,331 INFO  impl.FollowerState (FollowerState.java:run(114)) - 0b21f3e6-f0c2-43e8-b6d9-5d75b3b4759c: FollowerState was interrupted: java.lang.InterruptedException: sleep interrupted
2019-08-07 04:05:06,338 INFO  impl.LeaderElection (LeaderElection.java:logAndReturn(56)) - f7b9037a-943b-46c6-85ee-08a8477532e9:group-97F906D22FC2:LeaderElection14: Election REJECTED; received 2 response(s) [f7b9037a-943b-46c6-85ee-08a8477532e9<-a97530da-6325-42dd-bbf1-858bb8a52e40#0:FAIL-t3, f7b9037a-943b-46c6-85ee-08a8477532e9<-0b21f3e6-f0c2-43e8-b6d9-5d75b3b4759c#0:FAIL-t3] and 0 exception(s); f7b9037a-943b-46c6-85ee-08a8477532e9:t3, leader=null, voted=f7b9037a-943b-46c6-85ee-08a8477532e9, raftlog=f7b9037a-943b-46c6-85ee-08a8477532e9-SegmentedRaftLog:OPENED:c-1,f-1,i0, conf=-1: [f7b9037a-943b-46c6-85ee-08a8477532e9:192.168.157.245:44603, a97530da-6325-42dd-bbf1-858bb8a52e40:192.168.157.245:44184, 0b21f3e6-f0c2-43e8-b6d9-5d75b3b4759c:192.168.157.245:36595], old=null
2019-08-07 04:05:06,340 INFO  impl.RaftServerImpl (RaftServerImpl.java:setRole(171)) - f7b9037a-943b-46c6-85ee-08a8477532e9:group-97F906D22FC2 changes role from CANDIDATE to FOLLOWER at term 3 for DISCOVERED_A_NEW_TERM
2019-08-07 04:05:06,343 INFO  impl.RoleInfo (RoleInfo.java:shutdownLeaderElection(134)) - f7b9037a-943b-46c6-85ee-08a8477532e9: shutdown LeaderElection
2019-08-07 04:05:06,346 INFO  impl.RoleInfo (RoleInfo.java:updateAndGet(143)) - f7b9037a-943b-46c6-85ee-08a8477532e9: start FollowerState
2019-08-07 04:05:06,346 INFO  impl.LeaderElection (LeaderElection.java:logAndReturn(56)) - a97530da-6325-42dd-bbf1-858bb8a52e40:group-97F906D22FC2:LeaderElection15: Election REJECTED; received 2 response(s) [a97530da-6325-42dd-bbf1-858bb8a52e40<-f7b9037a-943b-46c6-85ee-08a8477532e9#0:FAIL-t3, a97530da-6325-42dd-bbf1-858bb8a52e40<-0b21f3e6-f0c2-43e8-b6d9-5d75b3b4759c#0:FAIL-t3] and 0 exception(s); a97530da-6325-42dd-bbf1-858bb8a52e40:t3, leader=null, voted=a97530da-6325-42dd-bbf1-858bb8a52e40, raftlog=a97530da-6325-42dd-bbf1-858bb8a52e40-SegmentedRaftLog:OPENED:c-1,f-1,i0, conf=-1: [f7b9037a-943b-46c6-85ee-08a8477532e9:192.168.157.245:44603, a97530da-6325-42dd-bbf1-858bb8a52e40:192.168.157.245:44184, 0b21f3e6-f0c2-43e8-b6d9-5d75b3b4759c:192.168.157.245:36595], old=null
2019-08-07 04:05:06,351 INFO  impl.RaftServerImpl (RaftServerImpl.java:setRole(171)) - a97530da-6325-42dd-bbf1-858bb8a52e40:group-97F906D22FC2 changes role from CANDIDATE to FOLLOWER at term 3 for DISCOVERED_A_NEW_TERM
2019-08-07 04:05:06,353 INFO  impl.RoleInfo (RoleInfo.java:shutdownLeaderElection(134)) - a97530da-6325-42dd-bbf1-858bb8a52e40: shutdown LeaderElection
2019-08-07 04:05:06,355 INFO  impl.RoleInfo (RoleInfo.java:updateAndGet(143)) - a97530da-6325-42dd-bbf1-858bb8a52e40: start FollowerState
2019-08-07 04:05:06,364 INFO  impl.RaftServerImpl (ServerState.java:setRaftConf(361)) - d49b19ea-6ba3-479d-bc88-273610ee8dcd:group-66BEACE66F67 set configuration 0: [d49b19ea-6ba3-479d-bc88-273610ee8dcd:192.168.157.245:38694, f49ca53a-90dd-4043-8db0-75f56fae1500:192.168.157.245:39800, 7adafec3-b0f2-463f-af01-7d468c370e20:192.168.157.245:33920], old=null at 0
2019-08-07 04:05:06,364 INFO  impl.RaftServerImpl (ServerState.java:setRaftConf(361)) - f49ca53a-90dd-4043-8db0-75f56fae1500:group-66BEACE66F67 set configuration 0: [d49b19ea-6ba3-479d-bc88-273610ee8dcd:192.168.157.245:38694, f49ca53a-90dd-4043-8db0-75f56fae1500:192.168.157.245:39800, 7adafec3-b0f2-463f-af01-7d468c370e20:192.168.157.245:33920], old=null at 0
2019-08-07 04:05:06,366 INFO  segmented.SegmentedRaftLogWorker (SegmentedRaftLogWorker.java:startLogSegment(380)) - d49b19ea-6ba3-479d-bc88-273610ee8dcd-SegmentedRaftLogWorker:Storage Directory /workdir/hadoop-ozone/integration-test/target/test-dir/MiniOzoneClusterImpl-7026e4b8-6df6-4897-bd33-9f5e93510a50/datanode-0/data/ratis/ad9cd516-662b-487c-9f0e-66beace66f67: Starting segment from index:0
2019-08-07 04:05:06,366 INFO  segmented.SegmentedRaftLogWorker (SegmentedRaftLogWorker.java:startLogSegment(380)) - f49ca53a-90dd-4043-8db0-75f56fae1500-SegmentedRaftLogWorker:Storage Directory /workdir/hadoop-ozone/integration-test/target/test-dir/MiniOzoneClusterImpl-7026e4b8-6df6-4897-bd33-9f5e93510a50/datanode-6/data/ratis/ad9cd516-662b-487c-9f0e-66beace66f67: Starting segment from index:0
2019-08-07 04:05:06,399 INFO  segmented.SegmentedRaftLogWorker (SegmentedRaftLogWorker.java:execute(569)) - f49ca53a-90dd-4043-8db0-75f56fae1500-SegmentedRaftLogWorker:Storage Directory /workdir/hadoop-ozone/integration-test/target/test-dir/MiniOzoneClusterImpl-7026e4b8-6df6-4897-bd33-9f5e93510a50/datanode-6/data/ratis/ad9cd516-662b-487c-9f0e-66beace66f67: created new log segment /workdir/hadoop-ozone/integration-test/target/test-dir/MiniOzoneClusterImpl-7026e4b8-6df6-4897-bd33-9f5e93510a50/datanode-6/data/ratis/ad9cd516-662b-487c-9f0e-66beace66f67/current/log_inprogress_0
2019-08-07 04:05:06,399 INFO  segmented.SegmentedRaftLogWorker (SegmentedRaftLogWorker.java:execute(569)) - d49b19ea-6ba3-479d-bc88-273610ee8dcd-SegmentedRaftLogWorker:Storage Directory /workdir/hadoop-ozone/integration-test/target/test-dir/MiniOzoneClusterImpl-7026e4b8-6df6-4897-bd33-9f5e93510a50/datanode-0/data/ratis/ad9cd516-662b-487c-9f0e-66beace66f67: created new log segment /workdir/hadoop-ozone/integration-test/target/test-dir/MiniOzoneClusterImpl-7026e4b8-6df6-4897-bd33-9f5e93510a50/datanode-0/data/ratis/ad9cd516-662b-487c-9f0e-66beace66f67/current/log_inprogress_0
2019-08-07 04:05:06,614 INFO  client.GrpcClientProtocolClient (GrpcClientProtocolClient.java:onNext(255)) - client-EC9E27FCCB6F->7adafec3-b0f2-463f-af01-7d468c370e20: receive RaftClientReply:client-EC9E27FCCB6F->7adafec3-b0f2-463f-af01-7d468c370e20@group-66BEACE66F67, cid=13, SUCCESS, logIndex=1, commits[7adafec3-b0f2-463f-af01-7d468c370e20:c1, d49b19ea-6ba3-479d-bc88-273610ee8dcd:c0, f49ca53a-90dd-4043-8db0-75f56fae1500:c0]
2019-08-07 04:05:06,662 INFO  client.GrpcClientProtocolClient (GrpcClientProtocolClient.java:onNext(255)) - client-EC9E27FCCB6F->7adafec3-b0f2-463f-af01-7d468c370e20: receive RaftClientReply:client-EC9E27FCCB6F->7adafec3-b0f2-463f-af01-7d468c370e20@group-66BEACE66F67, cid=14, SUCCESS, logIndex=3, commits[7adafec3-b0f2-463f-af01-7d468c370e20:c3, d49b19ea-6ba3-479d-bc88-273610ee8dcd:c2, f49ca53a-90dd-4043-8db0-75f56fae1500:c2]
2019-08-07 04:05:06,744 INFO  client.GrpcClientProtocolClient (GrpcClientProtocolClient.java:onNext(255)) - client-EC9E27FCCB6F->7adafec3-b0f2-463f-af01-7d468c370e20: receive RaftClientReply:client-EC9E27FCCB6F->7adafec3-b0f2-463f-af01-7d468c370e20@group-66BEACE66F67, cid=15, SUCCESS, logIndex=4, commits[7adafec3-b0f2-463f-af01-7d468c370e20:c12, d49b19ea-6ba3-479d-bc88-273610ee8dcd:c9, f49ca53a-90dd-4043-8db0-75f56fae1500:c8]
2019-08-07 04:05:06,756 INFO  client.GrpcClientProtocolClient (GrpcClientProtocolClient.java:onNext(255)) - client-EC9E27FCCB6F->7adafec3-b0f2-463f-af01-7d468c370e20: receive RaftClientReply:client-EC9E27FCCB6F->7adafec3-b0f2-463f-af01-7d468c370e20@group-66BEACE66F67, cid=16, SUCCESS, logIndex=5, commits[7adafec3-b0f2-463f-af01-7d468c370e20:c12, d49b19ea-6ba3-479d-bc88-273610ee8dcd:c9, f49ca53a-90dd-4043-8db0-75f56fae1500:c8]
2019-08-07 04:05:06,757 INFO  client.GrpcClientProtocolClient (GrpcClientProtocolClient.java:onNext(255)) - client-EC9E27FCCB6F->7adafec3-b0f2-463f-af01-7d468c370e20: receive RaftClientReply:client-EC9E27FCCB6F->7adafec3-b0f2-463f-af01-7d468c370e20@group-66BEACE66F67, cid=17, SUCCESS, logIndex=6, commits[7adafec3-b0f2-463f-af01-7d468c370e20:c12, d49b19ea-6ba3-479d-bc88-273610ee8dcd:c9, f49ca53a-90dd-4043-8db0-75f56fae1500:c8]
2019-08-07 04:05:06,828 INFO  client.GrpcClientProtocolClient (GrpcClientProtocolClient.java:onNext(255)) - client-EC9E27FCCB6F->7adafec3-b0f2-463f-af01-7d468c370e20: receive RaftClientReply:client-EC9E27FCCB6F->7adafec3-b0f2-463f-af01-7d468c370e20@group-66BEACE66F67, cid=18, SUCCESS, logIndex=8, commits[7adafec3-b0f2-463f-af01-7d468c370e20:c12, d49b19ea-6ba3-479d-bc88-273610ee8dcd:c9, f49ca53a-90dd-4043-8db0-75f56fae1500:c8]
2019-08-07 04:05:06,871 INFO  client.GrpcClientProtocolClient (GrpcClientProtocolClient.java:onNext(255)) - client-EC9E27FCCB6F->7adafec3-b0f2-463f-af01-7d468c370e20: receive RaftClientReply:client-EC9E27FCCB6F->7adafec3-b0f2-463f-af01-7d468c370e20@group-66BEACE66F67, cid=19, SUCCESS, logIndex=13, commits[7adafec3-b0f2-463f-af01-7d468c370e20:c14, d49b19ea-6ba3-479d-bc88-273610ee8dcd:c12, f49ca53a-90dd-4043-8db0-75f56fae1500:c12]
2019-08-07 04:05:06,872 INFO  client.GrpcClientProtocolClient (GrpcClientProtocolClient.java:onNext(255)) - client-EC9E27FCCB6F->7adafec3-b0f2-463f-af01-7d468c370e20: receive RaftClientReply:client-EC9E27FCCB6F->7adafec3-b0f2-463f-af01-7d468c370e20@group-66BEACE66F67, cid=20, SUCCESS, logIndex=14, commits[7adafec3-b0f2-463f-af01-7d468c370e20:c14, d49b19ea-6ba3-479d-bc88-273610ee8dcd:c12, f49ca53a-90dd-4043-8db0-75f56fae1500:c12]
2019-08-07 04:05:06,903 INFO  client.GrpcClientProtocolClient (GrpcClientProtocolClient.java:onNext(255)) - client-EC9E27FCCB6F->7adafec3-b0f2-463f-af01-7d468c370e20: receive RaftClientReply:client-EC9E27FCCB6F->7adafec3-b0f2-463f-af01-7d468c370e20@group-66BEACE66F67, cid=21, SUCCESS, logIndex=0, commits[7adafec3-b0f2-463f-af01-7d468c370e20:c16, d49b19ea-6ba3-479d-bc88-273610ee8dcd:c14, f49ca53a-90dd-4043-8db0-75f56fae1500:c14]
2019-08-07 04:05:06,905 INFO  datanode.ObjectStoreHandler (ObjectStoreHandler.java:close(155)) - Closing ObjectStoreHandler.
2019-08-07 04:05:06,906 INFO  ozone.HddsDatanodeService (HddsDatanodeService.java:stop(451)) - Stopped plug-in org.apache.hadoop.ozone.web.OzoneHddsDatanodeService@364fd4ae
2019-08-07 04:05:07,573 INFO  statemachine.DatanodeStateMachine (DatanodeStateMachine.java:lambda$startDaemon$0(350)) - Ozone container server started.
2019-08-07 04:05:11,358 INFO  impl.FollowerState (FollowerState.java:run(106)) - 0b21f3e6-f0c2-43e8-b6d9-5d75b3b4759c:group-97F906D22FC2 changes to CANDIDATE, lastRpcTime:5027, electionTimeout:5024ms
2019-08-07 04:05:11,359 INFO  impl.RoleInfo (RoleInfo.java:shutdownFollowerState(121)) - 0b21f3e6-f0c2-43e8-b6d9-5d75b3b4759c: shutdown FollowerState
2019-08-07 04:05:11,359 INFO  impl.RaftServerImpl (RaftServerImpl.java:setRole(171)) - 0b21f3e6-f0c2-43e8-b6d9-5d75b3b4759c:group-97F906D22FC2 changes role from FOLLOWER to CANDIDATE at term 3 for changeToCandidate
2019-08-07 04:05:11,359 INFO  impl.RoleInfo (RoleInfo.java:updateAndGet(143)) - 0b21f3e6-f0c2-43e8-b6d9-5d75b3b4759c: start LeaderElection
2019-08-07 04:05:11,376 INFO  impl.LeaderElection (LeaderElection.java:askForVotes(181)) - 0b21f3e6-f0c2-43e8-b6d9-5d75b3b4759c:group-97F906D22FC2:LeaderElection16: begin an election at term 4 for 0: [f7b9037a-943b-46c6-85ee-08a8477532e9:192.168.157.245:44603, a97530da-6325-42dd-bbf1-858bb8a52e40:192.168.157.245:44184, 0b21f3e6-f0c2-43e8-b6d9-5d75b3b4759c:192.168.157.245:36595], old=null
2019-08-07 04:05:11,392 INFO  impl.RaftServerImpl (RaftServerImpl.java:setRole(171)) - a97530da-6325-42dd-bbf1-858bb8a52e40:group-97F906D22FC2 changes role from FOLLOWER to FOLLOWER at term 4 for recognizeCandidate:0b21f3e6-f0c2-43e8-b6d9-5d75b3b4759c
2019-08-07 04:05:11,392 INFO  impl.RoleInfo (RoleInfo.java:shutdownFollowerState(121)) - a97530da-6325-42dd-bbf1-858bb8a52e40: shutdown FollowerState
2019-08-07 04:05:11,392 INFO  impl.RaftServerImpl (RaftServerImpl.java:setRole(171)) - f7b9037a-943b-46c6-85ee-08a8477532e9:group-97F906D22FC2 changes role from FOLLOWER to FOLLOWER at term 4 for recognizeCandidate:0b21f3e6-f0c2-43e8-b6d9-5d75b3b4759c
2019-08-07 04:05:11,392 INFO  impl.RoleInfo (RoleInfo.java:updateAndGet(143)) - a97530da-6325-42dd-bbf1-858bb8a52e40: start FollowerState
2019-08-07 04:05:11,392 INFO  impl.FollowerState (FollowerState.java:run(114)) - a97530da-6325-42dd-bbf1-858bb8a52e40: FollowerState was interrupted: java.lang.InterruptedException: sleep interrupted
2019-08-07 04:05:11,392 INFO  impl.RoleInfo (RoleInfo.java:shutdownFollowerState(121)) - f7b9037a-943b-46c6-85ee-08a8477532e9: shutdown FollowerState
2019-08-07 04:05:11,395 INFO  impl.RoleInfo (RoleInfo.java:updateAndGet(143)) - f7b9037a-943b-46c6-85ee-08a8477532e9: start FollowerState
2019-08-07 04:05:11,395 INFO  impl.FollowerState (FollowerState.java:run(114)) - f7b9037a-943b-46c6-85ee-08a8477532e9: FollowerState was interrupted: java.lang.InterruptedException: sleep interrupted
2019-08-07 04:05:11,416 INFO  impl.LeaderElection (LeaderElection.java:logAndReturn(56)) - 0b21f3e6-f0c2-43e8-b6d9-5d75b3b4759c:group-97F906D22FC2:LeaderElection16: Election PASSED; received 1 response(s) [0b21f3e6-f0c2-43e8-b6d9-5d75b3b4759c<-f7b9037a-943b-46c6-85ee-08a8477532e9#0:OK-t4] and 0 exception(s); 0b21f3e6-f0c2-43e8-b6d9-5d75b3b4759c:t4, leader=null, voted=0b21f3e6-f0c2-43e8-b6d9-5d75b3b4759c, raftlog=0b21f3e6-f0c2-43e8-b6d9-5d75b3b4759c-SegmentedRaftLog:OPENED:c-1,f0,i0, conf=0: [f7b9037a-943b-46c6-85ee-08a8477532e9:192.168.157.245:44603, a97530da-6325-42dd-bbf1-858bb8a52e40:192.168.157.245:44184, 0b21f3e6-f0c2-43e8-b6d9-5d75b3b4759c:192.168.157.245:36595], old=null
2019-08-07 04:05:11,416 INFO  impl.RoleInfo (RoleInfo.java:shutdownLeaderElection(134)) - 0b21f3e6-f0c2-43e8-b6d9-5d75b3b4759c: shutdown LeaderElection
2019-08-07 04:05:11,420 INFO  impl.RaftServerImpl (RaftServerImpl.java:setRole(171)) - 0b21f3e6-f0c2-43e8-b6d9-5d75b3b4759c:group-97F906D22FC2 changes role from CANDIDATE to LEADER at term 4 for changeToLeader
2019-08-07 04:05:11,420 INFO  impl.RaftServerImpl (ServerState.java:setLeader(263)) - 0b21f3e6-f0c2-43e8-b6d9-5d75b3b4759c:group-97F906D22FC2 change Leader from null to 0b21f3e6-f0c2-43e8-b6d9-5d75b3b4759c at term 4 for becomeLeader, leader elected after 10201ms
2019-08-07 04:05:11,420 INFO  server.RaftServerConfigKeys (ConfUtils.java:logGet(43)) - raft.server.staging.catchup.gap = 1000 (default)
2019-08-07 04:05:11,420 INFO  server.RaftServerConfigKeys (ConfUtils.java:logGet(43)) - raft.server.rpc.sleep.time = 25ms (default)
2019-08-07 04:05:11,420 INFO  server.RaftServerConfigKeys (ConfUtils.java:logGet(43)) - raft.server.write.element-limit = 4096 (default)
2019-08-07 04:05:11,421 INFO  server.RaftServerConfigKeys (ConfUtils.java:logGet(43)) - raft.server.watch.timeout = 10s (default)
2019-08-07 04:05:11,421 INFO  server.RaftServerConfigKeys (ConfUtils.java:logGet(43)) - raft.server.watch.timeout.denomination = 1s (default)
2019-08-07 04:05:11,421 INFO  server.RaftServerConfigKeys (ConfUtils.java:logGet(43)) - raft.server.watch.element-limit = 65536 (default)
2019-08-07 04:05:11,421 INFO  server.RaftServerConfigKeys (ConfUtils.java:logGet(43)) - raft.server.log.appender.snapshot.chunk.size.max = 16MB (=16777216) (default)
2019-08-07 04:05:11,422 INFO  server.RaftServerConfigKeys (ConfUtils.java:logGet(43)) - raft.server.log.appender.buffer.byte-limit = 33554432 (custom)
2019-08-07 04:05:11,422 INFO  server.RaftServerConfigKeys (ConfUtils.java:logGet(43)) - raft.server.log.appender.buffer.element-limit = 1 (custom)
2019-08-07 04:05:11,422 INFO  grpc.GrpcConfigKeys$Server (ConfUtils.java:logGet(43)) - raft.grpc.server.leader.outstanding.appends.max = 128 (default)
2019-08-07 04:05:11,423 INFO  server.RaftServerConfigKeys (ConfUtils.java:logGet(43)) - raft.server.rpc.request.timeout = 3000ms (default)
2019-08-07 04:05:11,423 INFO  server.RaftServerConfigKeys (ConfUtils.java:logGet(43)) - raft.server.log.appender.install.snapshot.enabled = false (custom)
2019-08-07 04:05:11,423 INFO  server.RaftServerConfigKeys (ConfUtils.java:logGet(43)) - raft.server.log.appender.snapshot.chunk.size.max = 16MB (=16777216) (default)
2019-08-07 04:05:11,423 INFO  server.RaftServerConfigKeys (ConfUtils.java:logGet(43)) - raft.server.log.appender.buffer.byte-limit = 33554432 (custom)
2019-08-07 04:05:11,423 INFO  server.RaftServerConfigKeys (ConfUtils.java:logGet(43)) - raft.server.log.appender.buffer.element-limit = 1 (custom)
2019-08-07 04:05:11,424 INFO  grpc.GrpcConfigKeys$Server (ConfUtils.java:logGet(43)) - raft.grpc.server.leader.outstanding.appends.max = 128 (default)
2019-08-07 04:05:11,424 INFO  server.RaftServerConfigKeys (ConfUtils.java:logGet(43)) - raft.server.rpc.request.timeout = 3000ms (default)
2019-08-07 04:05:11,424 INFO  server.RaftServerConfigKeys (ConfUtils.java:logGet(43)) - raft.server.log.appender.install.snapshot.enabled = false (custom)
2019-08-07 04:05:11,424 INFO  impl.RoleInfo (RoleInfo.java:updateAndGet(143)) - 0b21f3e6-f0c2-43e8-b6d9-5d75b3b4759c: start LeaderState
2019-08-07 04:05:11,426 INFO  segmented.SegmentedRaftLogWorker (SegmentedRaftLogWorker.java:rollLogSegment(385)) - 0b21f3e6-f0c2-43e8-b6d9-5d75b3b4759c-SegmentedRaftLogWorker:Storage Directory /workdir/hadoop-ozone/integration-test/target/test-dir/MiniOzoneClusterImpl-7026e4b8-6df6-4897-bd33-9f5e93510a50/datanode-5/data/ratis/f2689bcc-c858-417b-b71a-97f906d22fc2: Rolling segment log-0_0 to index:0
2019-08-07 04:05:11,429 INFO  impl.RaftServerImpl (ServerState.java:setRaftConf(361)) - 0b21f3e6-f0c2-43e8-b6d9-5d75b3b4759c:group-97F906D22FC2 set configuration 1: [f7b9037a-943b-46c6-85ee-08a8477532e9:192.168.157.245:44603, a97530da-6325-42dd-bbf1-858bb8a52e40:192.168.157.245:44184, 0b21f3e6-f0c2-43e8-b6d9-5d75b3b4759c:192.168.157.245:36595], old=null at 1
2019-08-07 04:05:11,433 INFO  segmented.SegmentedRaftLogWorker (SegmentedRaftLogWorker.java:execute(526)) - 0b21f3e6-f0c2-43e8-b6d9-5d75b3b4759c-SegmentedRaftLogWorker:Storage Directory /workdir/hadoop-ozone/integration-test/target/test-dir/MiniOzoneClusterImpl-7026e4b8-6df6-4897-bd33-9f5e93510a50/datanode-5/data/ratis/f2689bcc-c858-417b-b71a-97f906d22fc2: Rolled log segment from /workdir/hadoop-ozone/integration-test/target/test-dir/MiniOzoneClusterImpl-7026e4b8-6df6-4897-bd33-9f5e93510a50/datanode-5/data/ratis/f2689bcc-c858-417b-b71a-97f906d22fc2/current/log_inprogress_0 to /workdir/hadoop-ozone/integration-test/target/test-dir/MiniOzoneClusterImpl-7026e4b8-6df6-4897-bd33-9f5e93510a50/datanode-5/data/ratis/f2689bcc-c858-417b-b71a-97f906d22fc2/current/log_0-0
2019-08-07 04:05:11,435 INFO  impl.RaftServerImpl (ServerState.java:setLeader(263)) - f7b9037a-943b-46c6-85ee-08a8477532e9:group-97F906D22FC2 change Leader from null to 0b21f3e6-f0c2-43e8-b6d9-5d75b3b4759c at term 4 for appendEntries, leader elected after 15434ms
2019-08-07 04:05:11,436 INFO  impl.RaftServerImpl (ServerState.java:setLeader(263)) - a97530da-6325-42dd-bbf1-858bb8a52e40:group-97F906D22FC2 change Leader from null to 0b21f3e6-f0c2-43e8-b6d9-5d75b3b4759c at term 4 for appendEntries, leader elected after 15436ms
2019-08-07 04:05:11,457 INFO  impl.RaftServerImpl (RaftServerImpl.java:checkInconsistentAppendEntries(999)) - a97530da-6325-42dd-bbf1-858bb8a52e40: Failed appendEntries as previous log entry ((t:1, i:0)) is not found
2019-08-07 04:05:11,457 INFO  impl.RaftServerImpl (RaftServerImpl.java:checkInconsistentAppendEntries(999)) - f7b9037a-943b-46c6-85ee-08a8477532e9: Failed appendEntries as previous log entry ((t:1, i:0)) is not found
2019-08-07 04:05:11,457 INFO  impl.RaftServerImpl (RaftServerImpl.java:checkInconsistentAppendEntries(972)) - a97530da-6325-42dd-bbf1-858bb8a52e40: inconsistency entries. Reply:0b21f3e6-f0c2-43e8-b6d9-5d75b3b4759c<-a97530da-6325-42dd-bbf1-858bb8a52e40#0:FAIL,INCONSISTENCY,nextIndex:0,term:4,followerCommit:-1
2019-08-07 04:05:11,457 INFO  impl.RaftServerImpl (RaftServerImpl.java:checkInconsistentAppendEntries(972)) - f7b9037a-943b-46c6-85ee-08a8477532e9: inconsistency entries. Reply:0b21f3e6-f0c2-43e8-b6d9-5d75b3b4759c<-f7b9037a-943b-46c6-85ee-08a8477532e9#0:FAIL,INCONSISTENCY,nextIndex:0,term:4,followerCommit:-1
2019-08-07 04:05:11,460 INFO  impl.FollowerInfo (FollowerInfo.java:lambda$new$0(50)) - 0b21f3e6-f0c2-43e8-b6d9-5d75b3b4759c->f7b9037a-943b-46c6-85ee-08a8477532e9: nextIndex: updateUnconditionally 1 -> 0
2019-08-07 04:05:11,460 INFO  impl.FollowerInfo (FollowerInfo.java:lambda$new$0(50)) - 0b21f3e6-f0c2-43e8-b6d9-5d75b3b4759c->a97530da-6325-42dd-bbf1-858bb8a52e40: nextIndex: updateUnconditionally 1 -> 0
2019-08-07 04:05:11,462 INFO  impl.RaftServerImpl (ServerState.java:setRaftConf(361)) - f7b9037a-943b-46c6-85ee-08a8477532e9:group-97F906D22FC2 set configuration 0: [f7b9037a-943b-46c6-85ee-08a8477532e9:192.168.157.245:44603, a97530da-6325-42dd-bbf1-858bb8a52e40:192.168.157.245:44184, 0b21f3e6-f0c2-43e8-b6d9-5d75b3b4759c:192.168.157.245:36595], old=null at 0
2019-08-07 04:05:11,462 INFO  impl.RaftServerImpl (ServerState.java:setRaftConf(361)) - a97530da-6325-42dd-bbf1-858bb8a52e40:group-97F906D22FC2 set configuration 0: [f7b9037a-943b-46c6-85ee-08a8477532e9:192.168.157.245:44603, a97530da-6325-42dd-bbf1-858bb8a52e40:192.168.157.245:44184, 0b21f3e6-f0c2-43e8-b6d9-5d75b3b4759c:192.168.157.245:36595], old=null at 0
2019-08-07 04:05:11,463 INFO  segmented.SegmentedRaftLogWorker (SegmentedRaftLogWorker.java:startLogSegment(380)) - f7b9037a-943b-46c6-85ee-08a8477532e9-SegmentedRaftLogWorker:Storage Directory /workdir/hadoop-ozone/integration-test/target/test-dir/MiniOzoneClusterImpl-7026e4b8-6df6-4897-bd33-9f5e93510a50/datanode-3/data/ratis/f2689bcc-c858-417b-b71a-97f906d22fc2: Starting segment from index:0
2019-08-07 04:05:11,463 INFO  segmented.SegmentedRaftLogWorker (SegmentedRaftLogWorker.java:startLogSegment(380)) - a97530da-6325-42dd-bbf1-858bb8a52e40-SegmentedRaftLogWorker:Storage Directory /workdir/hadoop-ozone/integration-test/target/test-dir/MiniOzoneClusterImpl-7026e4b8-6df6-4897-bd33-9f5e93510a50/datanode-1/data/ratis/f2689bcc-c858-417b-b71a-97f906d22fc2: Starting segment from index:0
2019-08-07 04:05:11,464 INFO  impl.RaftServerImpl (ServerState.java:setRaftConf(361)) - f7b9037a-943b-46c6-85ee-08a8477532e9:group-97F906D22FC2 set configuration 1: [f7b9037a-943b-46c6-85ee-08a8477532e9:192.168.157.245:44603, a97530da-6325-42dd-bbf1-858bb8a52e40:192.168.157.245:44184, 0b21f3e6-f0c2-43e8-b6d9-5d75b3b4759c:192.168.157.245:36595], old=null at 1
2019-08-07 04:05:11,464 INFO  impl.RaftServerImpl (ServerState.java:setRaftConf(361)) - a97530da-6325-42dd-bbf1-858bb8a52e40:group-97F906D22FC2 set configuration 1: [f7b9037a-943b-46c6-85ee-08a8477532e9:192.168.157.245:44603, a97530da-6325-42dd-bbf1-858bb8a52e40:192.168.157.245:44184, 0b21f3e6-f0c2-43e8-b6d9-5d75b3b4759c:192.168.157.245:36595], old=null at 1
2019-08-07 04:05:11,464 INFO  segmented.SegmentedRaftLogWorker (SegmentedRaftLogWorker.java:rollLogSegment(385)) - f7b9037a-943b-46c6-85ee-08a8477532e9-SegmentedRaftLogWorker:Storage Directory /workdir/hadoop-ozone/integration-test/target/test-dir/MiniOzoneClusterImpl-7026e4b8-6df6-4897-bd33-9f5e93510a50/datanode-3/data/ratis/f2689bcc-c858-417b-b71a-97f906d22fc2: Rolling segment log-0_0 to index:0
2019-08-07 04:05:11,465 INFO  segmented.SegmentedRaftLogWorker (SegmentedRaftLogWorker.java:rollLogSegment(385)) - a97530da-6325-42dd-bbf1-858bb8a52e40-SegmentedRaftLogWorker:Storage Directory /workdir/hadoop-ozone/integration-test/target/test-dir/MiniOzoneClusterImpl-7026e4b8-6df6-4897-bd33-9f5e93510a50/datanode-1/data/ratis/f2689bcc-c858-417b-b71a-97f906d22fc2: Rolling segment log-0_0 to index:0
2019-08-07 04:05:11,469 INFO  segmented.SegmentedRaftLogWorker (SegmentedRaftLogWorker.java:execute(569)) - 0b21f3e6-f0c2-43e8-b6d9-5d75b3b4759c-SegmentedRaftLogWorker:Storage Directory /workdir/hadoop-ozone/integration-test/target/test-dir/MiniOzoneClusterImpl-7026e4b8-6df6-4897-bd33-9f5e93510a50/datanode-5/data/ratis/f2689bcc-c858-417b-b71a-97f906d22fc2: created new log segment /workdir/hadoop-ozone/integration-test/target/test-dir/MiniOzoneClusterImpl-7026e4b8-6df6-4897-bd33-9f5e93510a50/datanode-5/data/ratis/f2689bcc-c858-417b-b71a-97f906d22fc2/current/log_inprogress_1
2019-08-07 04:05:11,495 INFO  segmented.SegmentedRaftLogWorker (SegmentedRaftLogWorker.java:execute(569)) - f7b9037a-943b-46c6-85ee-08a8477532e9-SegmentedRaftLogWorker:Storage Directory /workdir/hadoop-ozone/integration-test/target/test-dir/MiniOzoneClusterImpl-7026e4b8-6df6-4897-bd33-9f5e93510a50/datanode-3/data/ratis/f2689bcc-c858-417b-b71a-97f906d22fc2: created new log segment /workdir/hadoop-ozone/integration-test/target/test-dir/MiniOzoneClusterImpl-7026e4b8-6df6-4897-bd33-9f5e93510a50/datanode-3/data/ratis/f2689bcc-c858-417b-b71a-97f906d22fc2/current/log_inprogress_0
2019-08-07 04:05:11,495 INFO  segmented.SegmentedRaftLogWorker (SegmentedRaftLogWorker.java:execute(569)) - a97530da-6325-42dd-bbf1-858bb8a52e40-SegmentedRaftLogWorker:Storage Directory /workdir/hadoop-ozone/integration-test/target/test-dir/MiniOzoneClusterImpl-7026e4b8-6df6-4897-bd33-9f5e93510a50/datanode-1/data/ratis/f2689bcc-c858-417b-b71a-97f906d22fc2: created new log segment /workdir/hadoop-ozone/integration-test/target/test-dir/MiniOzoneClusterImpl-7026e4b8-6df6-4897-bd33-9f5e93510a50/datanode-1/data/ratis/f2689bcc-c858-417b-b71a-97f906d22fc2/current/log_inprogress_0
2019-08-07 04:05:11,510 INFO  segmented.SegmentedRaftLogWorker (SegmentedRaftLogWorker.java:execute(526)) - f7b9037a-943b-46c6-85ee-08a8477532e9-SegmentedRaftLogWorker:Storage Directory /workdir/hadoop-ozone/integration-test/target/test-dir/MiniOzoneClusterImpl-7026e4b8-6df6-4897-bd33-9f5e93510a50/datanode-3/data/ratis/f2689bcc-c858-417b-b71a-97f906d22fc2: Rolled log segment from /workdir/hadoop-ozone/integration-test/target/test-dir/MiniOzoneClusterImpl-7026e4b8-6df6-4897-bd33-9f5e93510a50/datanode-3/data/ratis/f2689bcc-c858-417b-b71a-97f906d22fc2/current/log_inprogress_0 to /workdir/hadoop-ozone/integration-test/target/test-dir/MiniOzoneClusterImpl-7026e4b8-6df6-4897-bd33-9f5e93510a50/datanode-3/data/ratis/f2689bcc-c858-417b-b71a-97f906d22fc2/current/log_0-0
2019-08-07 04:05:11,525 INFO  segmented.SegmentedRaftLogWorker (SegmentedRaftLogWorker.java:execute(526)) - a97530da-6325-42dd-bbf1-858bb8a52e40-SegmentedRaftLogWorker:Storage Directory /workdir/hadoop-ozone/integration-test/target/test-dir/MiniOzoneClusterImpl-7026e4b8-6df6-4897-bd33-9f5e93510a50/datanode-1/data/ratis/f2689bcc-c858-417b-b71a-97f906d22fc2: Rolled log segment from /workdir/hadoop-ozone/integration-test/target/test-dir/MiniOzoneClusterImpl-7026e4b8-6df6-4897-bd33-9f5e93510a50/datanode-1/data/ratis/f2689bcc-c858-417b-b71a-97f906d22fc2/current/log_inprogress_0 to /workdir/hadoop-ozone/integration-test/target/test-dir/MiniOzoneClusterImpl-7026e4b8-6df6-4897-bd33-9f5e93510a50/datanode-1/data/ratis/f2689bcc-c858-417b-b71a-97f906d22fc2/current/log_0-0
2019-08-07 04:05:11,553 INFO  segmented.SegmentedRaftLogWorker (SegmentedRaftLogWorker.java:execute(569)) - f7b9037a-943b-46c6-85ee-08a8477532e9-SegmentedRaftLogWorker:Storage Directory /workdir/hadoop-ozone/integration-test/target/test-dir/MiniOzoneClusterImpl-7026e4b8-6df6-4897-bd33-9f5e93510a50/datanode-3/data/ratis/f2689bcc-c858-417b-b71a-97f906d22fc2: created new log segment /workdir/hadoop-ozone/integration-test/target/test-dir/MiniOzoneClusterImpl-7026e4b8-6df6-4897-bd33-9f5e93510a50/datanode-3/data/ratis/f2689bcc-c858-417b-b71a-97f906d22fc2/current/log_inprogress_1
2019-08-07 04:05:11,553 INFO  segmented.SegmentedRaftLogWorker (SegmentedRaftLogWorker.java:execute(569)) - a97530da-6325-42dd-bbf1-858bb8a52e40-SegmentedRaftLogWorker:Storage Directory /workdir/hadoop-ozone/integration-test/target/test-dir/MiniOzoneClusterImpl-7026e4b8-6df6-4897-bd33-9f5e93510a50/datanode-1/data/ratis/f2689bcc-c858-417b-b71a-97f906d22fc2: created new log segment /workdir/hadoop-ozone/integration-test/target/test-dir/MiniOzoneClusterImpl-7026e4b8-6df6-4897-bd33-9f5e93510a50/datanode-1/data/ratis/f2689bcc-c858-417b-b71a-97f906d22fc2/current/log_inprogress_1
2019-08-07 04:05:11,668 INFO  node.StaleNodeHandler (StaleNodeHandler.java:onMessage(58)) - Datanode d49b19ea-6ba3-479d-bc88-273610ee8dcd{ip: 192.168.157.245, host: byscane-nightly-ds7lx-2296511547, networkLocation: /default-rack, certSerialId: null} moved to stale state. Finalizing its pipelines [PipelineID=cf58c0e7-10f6-4cf8-8f26-af772c03eb60, PipelineID=ad9cd516-662b-487c-9f0e-66beace66f67]
2019-08-07 04:05:11,669 INFO  pipeline.SCMPipelineManager (SCMPipelineManager.java:finalizeAndDestroyPipeline(309)) - destroying pipeline:Pipeline[ Id: cf58c0e7-10f6-4cf8-8f26-af772c03eb60, Nodes: d49b19ea-6ba3-479d-bc88-273610ee8dcd{ip: 192.168.157.245, host: byscane-nightly-ds7lx-2296511547, networkLocation: /default-rack, certSerialId: null}, Type:RATIS, Factor:ONE, State:OPEN]
2019-08-07 04:05:11,670 INFO  pipeline.PipelineStateManager (PipelineStateManager.java:finalizePipeline(123)) - Pipeline Pipeline[ Id: cf58c0e7-10f6-4cf8-8f26-af772c03eb60, Nodes: d49b19ea-6ba3-479d-bc88-273610ee8dcd{ip: 192.168.157.245, host: byscane-nightly-ds7lx-2296511547, networkLocation: /default-rack, certSerialId: null}, Type:RATIS, Factor:ONE, State:CLOSED] moved to CLOSED state
2019-08-07 04:05:11,672 INFO  pipeline.SCMPipelineManager (SCMPipelineManager.java:finalizeAndDestroyPipeline(309)) - destroying pipeline:Pipeline[ Id: ad9cd516-662b-487c-9f0e-66beace66f67, Nodes: d49b19ea-6ba3-479d-bc88-273610ee8dcd{ip: 192.168.157.245, host: byscane-nightly-ds7lx-2296511547, networkLocation: /default-rack, certSerialId: null}f49ca53a-90dd-4043-8db0-75f56fae1500{ip: 192.168.157.245, host: byscane-nightly-ds7lx-2296511547, networkLocation: /default-rack, certSerialId: null}7adafec3-b0f2-463f-af01-7d468c370e20{ip: 192.168.157.245, host: byscane-nightly-ds7lx-2296511547, networkLocation: /default-rack, certSerialId: null}, Type:RATIS, Factor:THREE, State:OPEN]
2019-08-07 04:05:11,672 INFO  pipeline.PipelineStateManager (PipelineStateManager.java:finalizePipeline(123)) - Pipeline Pipeline[ Id: ad9cd516-662b-487c-9f0e-66beace66f67, Nodes: d49b19ea-6ba3-479d-bc88-273610ee8dcd{ip: 192.168.157.245, host: byscane-nightly-ds7lx-2296511547, networkLocation: /default-rack, certSerialId: null}f49ca53a-90dd-4043-8db0-75f56fae1500{ip: 192.168.157.245, host: byscane-nightly-ds7lx-2296511547, networkLocation: /default-rack, certSerialId: null}7adafec3-b0f2-463f-af01-7d468c370e20{ip: 192.168.157.245, host: byscane-nightly-ds7lx-2296511547, networkLocation: /default-rack, certSerialId: null}, Type:RATIS, Factor:THREE, State:CLOSED] moved to CLOSED state
2019-08-07 04:05:11,673 INFO  container.CloseContainerEventHandler (CloseContainerEventHandler.java:onMessage(61)) - Close container Event triggered for container : #1
2019-08-07 04:05:11,908 INFO  ozoneimpl.OzoneContainer (OzoneContainer.java:stop(199)) - Attempting to stop container services.
2019-08-07 04:05:11,909 INFO  impl.RaftServerProxy (RaftServerProxy.java:lambda$close$4(314)) - d49b19ea-6ba3-479d-bc88-273610ee8dcd: close
2019-08-07 04:05:11,911 INFO  impl.RaftServerImpl (RaftServerImpl.java:lambda$shutdown$3(245)) - d49b19ea-6ba3-479d-bc88-273610ee8dcd: shutdown group-AF772C03EB60
2019-08-07 04:05:11,911 INFO  impl.RaftServerImpl (RaftServerImpl.java:lambda$shutdown$3(245)) - d49b19ea-6ba3-479d-bc88-273610ee8dcd: shutdown group-66BEACE66F67
2019-08-07 04:05:11,911 INFO  util.JmxRegister (JmxRegister.java:unregister(73)) - Successfully un-registered JMX Bean with object name Ratis:service=RaftServer,group=group-AF772C03EB60,id=d49b19ea-6ba3-479d-bc88-273610ee8dcd
2019-08-07 04:05:11,912 INFO  util.JmxRegister (JmxRegister.java:unregister(73)) - Successfully un-registered JMX Bean with object name Ratis:service=RaftServer,group=group-66BEACE66F67,id=d49b19ea-6ba3-479d-bc88-273610ee8dcd
2019-08-07 04:05:11,912 INFO  impl.RoleInfo (RoleInfo.java:shutdownLeaderState(104)) - d49b19ea-6ba3-479d-bc88-273610ee8dcd: shutdown LeaderState
2019-08-07 04:05:11,912 INFO  impl.RoleInfo (RoleInfo.java:shutdownFollowerState(121)) - d49b19ea-6ba3-479d-bc88-273610ee8dcd: shutdown FollowerState
2019-08-07 04:05:11,913 INFO  impl.PendingRequests (PendingRequests.java:sendNotLeaderResponses(202)) - d49b19ea-6ba3-479d-bc88-273610ee8dcd-PendingRequests: sendNotLeaderResponses
2019-08-07 04:05:11,913 INFO  ratis.ContainerStateMachine (ContainerStateMachine.java:takeSnapshot(262)) - group-66BEACE66F67: Taking a snapshot at:(t:2, i:14) file /workdir/hadoop-ozone/integration-test/target/test-dir/MiniOzoneClusterImpl-7026e4b8-6df6-4897-bd33-9f5e93510a50/datanode-0/data/ratis/ad9cd516-662b-487c-9f0e-66beace66f67/sm/snapshot.2_14
2019-08-07 04:05:11,913 INFO  impl.FollowerState (FollowerState.java:run(114)) - d49b19ea-6ba3-479d-bc88-273610ee8dcd: FollowerState was interrupted: java.lang.InterruptedException: sleep interrupted
2019-08-07 04:05:11,913 INFO  impl.StateMachineUpdater (StateMachineUpdater.java:stopAndJoin(115)) - StateMachineUpdater:d49b19ea-6ba3-479d-bc88-273610ee8dcd:group-66BEACE66F67: set stopIndex = 16
2019-08-07 04:05:11,913 INFO  impl.StateMachineUpdater (StateMachineUpdater.java:stopAndJoin(115)) - StateMachineUpdater:d49b19ea-6ba3-479d-bc88-273610ee8dcd:group-AF772C03EB60: set stopIndex = 0
2019-08-07 04:05:11,917 INFO  impl.RaftServerImpl (ServerState.java:close(394)) - d49b19ea-6ba3-479d-bc88-273610ee8dcd:group-AF772C03EB60 closes. The last applied log index is 0
2019-08-07 04:05:11,919 INFO  segmented.SegmentedRaftLogWorker (SegmentedRaftLogWorker.java:run(313)) - d49b19ea-6ba3-479d-bc88-273610ee8dcd-SegmentedRaftLogWorker:Storage Directory /workdir/hadoop-ozone/integration-test/target/test-dir/MiniOzoneClusterImpl-7026e4b8-6df6-4897-bd33-9f5e93510a50/datanode-0/data/ratis/cf58c0e7-10f6-4cf8-8f26-af772c03eb60 was interrupted, exiting. There are 0 tasks remaining in the queue.
2019-08-07 04:05:11,922 INFO  segmented.SegmentedRaftLogWorker (SegmentedRaftLogWorker.java:close(228)) - d49b19ea-6ba3-479d-bc88-273610ee8dcd-SegmentedRaftLogWorker:Storage Directory /workdir/hadoop-ozone/integration-test/target/test-dir/MiniOzoneClusterImpl-7026e4b8-6df6-4897-bd33-9f5e93510a50/datanode-0/data/ratis/cf58c0e7-10f6-4cf8-8f26-af772c03eb60 close()
2019-08-07 04:05:11,949 INFO  ratis.ContainerStateMachine (ContainerStateMachine.java:takeSnapshot(273)) - group-66BEACE66F67: Finished taking a snapshot at:(t:2, i:14) file:/workdir/hadoop-ozone/integration-test/target/test-dir/MiniOzoneClusterImpl-7026e4b8-6df6-4897-bd33-9f5e93510a50/datanode-0/data/ratis/ad9cd516-662b-487c-9f0e-66beace66f67/sm/snapshot.2_14 time:36
2019-08-07 04:05:11,949 INFO  impl.StateMachineUpdater (StateMachineUpdater.java:takeSnapshot(242)) - StateMachineUpdater:d49b19ea-6ba3-479d-bc88-273610ee8dcd:group-66BEACE66F67: Took a snapshot at index 14
2019-08-07 04:05:11,950 INFO  impl.StateMachineUpdater (StateMachineUpdater.java:lambda$new$0(80)) - StateMachineUpdater:d49b19ea-6ba3-479d-bc88-273610ee8dcd:group-66BEACE66F67: snapshotIndex: updateIncreasingly -1 -> 14
2019-08-07 04:05:11,955 INFO  impl.RaftServerImpl (ServerState.java:close(394)) - d49b19ea-6ba3-479d-bc88-273610ee8dcd:group-66BEACE66F67 closes. The last applied log index is 16
2019-08-07 04:05:11,956 INFO  segmented.SegmentedRaftLogWorker (SegmentedRaftLogWorker.java:run(313)) - d49b19ea-6ba3-479d-bc88-273610ee8dcd-SegmentedRaftLogWorker:Storage Directory /workdir/hadoop-ozone/integration-test/target/test-dir/MiniOzoneClusterImpl-7026e4b8-6df6-4897-bd33-9f5e93510a50/datanode-0/data/ratis/ad9cd516-662b-487c-9f0e-66beace66f67 was interrupted, exiting. There are 0 tasks remaining in the queue.
2019-08-07 04:05:11,958 INFO  segmented.SegmentedRaftLogWorker (SegmentedRaftLogWorker.java:close(228)) - d49b19ea-6ba3-479d-bc88-273610ee8dcd-SegmentedRaftLogWorker:Storage Directory /workdir/hadoop-ozone/integration-test/target/test-dir/MiniOzoneClusterImpl-7026e4b8-6df6-4897-bd33-9f5e93510a50/datanode-0/data/ratis/ad9cd516-662b-487c-9f0e-66beace66f67 close()
2019-08-07 04:05:11,963 INFO  server.GrpcService (GrpcService.java:closeImpl(155)) - d49b19ea-6ba3-479d-bc88-273610ee8dcd: shutdown server with port 38694 now
2019-08-07 04:05:11,975 INFO  server.GrpcService (GrpcService.java:closeImpl(163)) - d49b19ea-6ba3-479d-bc88-273610ee8dcd: shutdown server with port 38694 successfully
2019-08-07 04:05:11,976 WARN  server.GrpcServerProtocolService (LogUtils.java:warn(134)) - d49b19ea-6ba3-479d-bc88-273610ee8dcd: appendEntries onError: org.apache.ratis.thirdparty.io.grpc.StatusRuntimeException: CANCELLED: cancelled before receiving half close
2019-08-07 04:05:11,985 WARN  server.GrpcLogAppender (LogUtils.java:warn(134)) - 7adafec3-b0f2-463f-af01-7d468c370e20->d49b19ea-6ba3-479d-bc88-273610ee8dcd: Failed appendEntries: org.apache.ratis.thirdparty.io.grpc.StatusRuntimeException: CANCELLED: HTTP/2 error code: CANCEL
Received Rst Stream
2019-08-07 04:05:11,987 INFO  impl.FollowerInfo (FollowerInfo.java:lambda$new$0(50)) - 7adafec3-b0f2-463f-af01-7d468c370e20->d49b19ea-6ba3-479d-bc88-273610ee8dcd: nextIndex: updateUnconditionally 17 -> 16
2019-08-07 04:05:11,990 INFO  utils.BackgroundService (BackgroundService.java:shutdown(148)) - Shutting down service BlockDeletingService
2019-08-07 04:05:11,994 WARN  fs.CachingGetSpaceUsed (CachingGetSpaceUsed.java:run(183)) - Thread Interrupted waiting to refresh disk information: sleep interrupted
2019-08-07 04:05:12,017 INFO  statemachine.DatanodeStateMachine (DatanodeStateMachine.java:stopDaemon(395)) - Ozone container server stopped.
2019-08-07 04:05:12,023 INFO  handler.ContextHandler (ContextHandler.java:doStop(910)) - Stopped o.e.j.w.WebAppContext@dc79225{/,null,UNAVAILABLE}{/hddsDatanode}
2019-08-07 04:05:12,031 INFO  server.AbstractConnector (AbstractConnector.java:doStop(318)) - Stopped ServerConnector@30e9ca13{HTTP/1.1,[http/1.1]}{0.0.0.0:0}
2019-08-07 04:05:12,032 INFO  handler.ContextHandler (ContextHandler.java:doStop(910)) - Stopped o.e.j.s.ServletContextHandler@1f0b3cfe{/static,jar:file:/home/user/.m2/repository/org/apache/hadoop/hadoop-hdds-container-service/0.4.1-SNAPSHOT/hadoop-hdds-container-service-0.4.1-SNAPSHOT.jar!/webapps/static,UNAVAILABLE}
2019-08-07 04:05:12,032 INFO  handler.ContextHandler (ContextHandler.java:doStop(910)) - Stopped o.e.j.s.ServletContextHandler@42ea287{/logs,file:///workdir/hadoop-ozone/integration-test/target/log,UNAVAILABLE}
2019-08-07 04:05:12,034 INFO  datanode.ObjectStoreHandler (ObjectStoreHandler.java:close(155)) - Closing ObjectStoreHandler.
2019-08-07 04:05:12,034 INFO  ozone.HddsDatanodeService (HddsDatanodeService.java:stop(451)) - Stopped plug-in org.apache.hadoop.ozone.web.OzoneHddsDatanodeService@33627576
2019-08-07 04:05:12,576 INFO  statemachine.DatanodeStateMachine (DatanodeStateMachine.java:lambda$startDaemon$0(350)) - Ozone container server started.
2019-08-07 04:05:13,581 WARN  server.GrpcLogAppender (LogUtils.java:warn(134)) - 7adafec3-b0f2-463f-af01-7d468c370e20->d49b19ea-6ba3-479d-bc88-273610ee8dcd: Failed appendEntries: org.apache.ratis.thirdparty.io.grpc.StatusRuntimeException: UNAVAILABLE: io exception
2019-08-07 04:05:13,584 INFO  impl.FollowerInfo (FollowerInfo.java:lambda$new$0(50)) - 7adafec3-b0f2-463f-af01-7d468c370e20->d49b19ea-6ba3-479d-bc88-273610ee8dcd: nextIndex: updateUnconditionally 17 -> 16
2019-08-07 04:05:13,589 WARN  server.GrpcLogAppender (LogUtils.java:warn(134)) - 7adafec3-b0f2-463f-af01-7d468c370e20->d49b19ea-6ba3-479d-bc88-273610ee8dcd: Failed appendEntries: org.apache.ratis.thirdparty.io.grpc.StatusRuntimeException: UNAVAILABLE: io exception
2019-08-07 04:05:13,591 INFO  impl.FollowerInfo (FollowerInfo.java:lambda$new$0(50)) - 7adafec3-b0f2-463f-af01-7d468c370e20->d49b19ea-6ba3-479d-bc88-273610ee8dcd: nextIndex: updateUnconditionally 17 -> 16
2019-08-07 04:05:13,603 WARN  server.GrpcLogAppender (LogUtils.java:warn(134)) - 7adafec3-b0f2-463f-af01-7d468c370e20->d49b19ea-6ba3-479d-bc88-273610ee8dcd: Failed appendEntries: org.apache.ratis.thirdparty.io.grpc.StatusRuntimeException: UNAVAILABLE: io exception
2019-08-07 04:05:13,605 INFO  impl.FollowerInfo (FollowerInfo.java:lambda$new$0(50)) - 7adafec3-b0f2-463f-af01-7d468c370e20->d49b19ea-6ba3-479d-bc88-273610ee8dcd: nextIndex: updateUnconditionally 17 -> 16
2019-08-07 04:05:13,647 INFO  interfaces.Container (KeyValueContainer.java:compactDB(356)) - Container 1 is closed with bcsId 14.
2019-08-07 04:05:13,653 INFO  container.IncrementalContainerReportHandler (AbstractContainerReportHandler.java:updateContainerState(176)) - Moving container #1 to CLOSED state, datanode 7adafec3-b0f2-463f-af01-7d468c370e20{ip: 192.168.157.245, host: byscane-nightly-ds7lx-2296511547, networkLocation: /default-rack, certSerialId: null} reported CLOSED replica.
2019-08-07 04:05:13,674 INFO  interfaces.Container (KeyValueContainer.java:compactDB(356)) - Container 1 is closed with bcsId 14.
2019-08-07 04:05:16,105 WARN  server.GrpcLogAppender (LogUtils.java:warn(134)) - 7adafec3-b0f2-463f-af01-7d468c370e20->d49b19ea-6ba3-479d-bc88-273610ee8dcd: Failed appendEntries: org.apache.ratis.thirdparty.io.grpc.StatusRuntimeException: UNAVAILABLE: io exception
2019-08-07 04:05:16,108 INFO  impl.FollowerInfo (FollowerInfo.java:lambda$new$0(50)) - 7adafec3-b0f2-463f-af01-7d468c370e20->d49b19ea-6ba3-479d-bc88-273610ee8dcd: nextIndex: updateUnconditionally 16 -> 15
2019-08-07 04:05:16,577 INFO  node.StaleNodeHandler (StaleNodeHandler.java:onMessage(58)) - Datanode f49ca53a-90dd-4043-8db0-75f56fae1500{ip: 192.168.157.245, host: byscane-nightly-ds7lx-2296511547, networkLocation: /default-rack, certSerialId: null} moved to stale state. Finalizing its pipelines [PipelineID=79490445-aa8e-489d-9462-d34c2115d80e, PipelineID=ad9cd516-662b-487c-9f0e-66beace66f67]
2019-08-07 04:05:16,578 INFO  pipeline.SCMPipelineManager (SCMPipelineManager.java:finalizeAndDestroyPipeline(309)) - destroying pipeline:Pipeline[ Id: 79490445-aa8e-489d-9462-d34c2115d80e, Nodes: f49ca53a-90dd-4043-8db0-75f56fae1500{ip: 192.168.157.245, host: byscane-nightly-ds7lx-2296511547, networkLocation: /default-rack, certSerialId: null}, Type:RATIS, Factor:ONE, State:OPEN]
2019-08-07 04:05:16,578 INFO  pipeline.PipelineStateManager (PipelineStateManager.java:finalizePipeline(123)) - Pipeline Pipeline[ Id: 79490445-aa8e-489d-9462-d34c2115d80e, Nodes: f49ca53a-90dd-4043-8db0-75f56fae1500{ip: 192.168.157.245, host: byscane-nightly-ds7lx-2296511547, networkLocation: /default-rack, certSerialId: null}, Type:RATIS, Factor:ONE, State:CLOSED] moved to CLOSED state
2019-08-07 04:05:16,578 INFO  pipeline.SCMPipelineManager (SCMPipelineManager.java:finalizeAndDestroyPipeline(309)) - destroying pipeline:Pipeline[ Id: ad9cd516-662b-487c-9f0e-66beace66f67, Nodes: d49b19ea-6ba3-479d-bc88-273610ee8dcd{ip: 192.168.157.245, host: byscane-nightly-ds7lx-2296511547, networkLocation: /default-rack, certSerialId: null}f49ca53a-90dd-4043-8db0-75f56fae1500{ip: 192.168.157.245, host: byscane-nightly-ds7lx-2296511547, networkLocation: /default-rack, certSerialId: null}7adafec3-b0f2-463f-af01-7d468c370e20{ip: 192.168.157.245, host: byscane-nightly-ds7lx-2296511547, networkLocation: /default-rack, certSerialId: null}, Type:RATIS, Factor:THREE, State:CLOSED]
2019-08-07 04:05:17,035 INFO  ozoneimpl.OzoneContainer (OzoneContainer.java:stop(199)) - Attempting to stop container services.
2019-08-07 04:05:17,036 INFO  impl.RaftServerProxy (RaftServerProxy.java:lambda$close$4(314)) - f49ca53a-90dd-4043-8db0-75f56fae1500: close
2019-08-07 04:05:17,037 INFO  impl.RaftServerImpl (RaftServerImpl.java:lambda$shutdown$3(245)) - f49ca53a-90dd-4043-8db0-75f56fae1500: shutdown group-D34C2115D80E
2019-08-07 04:05:17,037 INFO  util.JmxRegister (JmxRegister.java:unregister(73)) - Successfully un-registered JMX Bean with object name Ratis:service=RaftServer,group=group-D34C2115D80E,id=f49ca53a-90dd-4043-8db0-75f56fae1500
2019-08-07 04:05:17,038 INFO  impl.RoleInfo (RoleInfo.java:shutdownLeaderState(104)) - f49ca53a-90dd-4043-8db0-75f56fae1500: shutdown LeaderState
2019-08-07 04:05:17,038 INFO  impl.PendingRequests (PendingRequests.java:sendNotLeaderResponses(202)) - f49ca53a-90dd-4043-8db0-75f56fae1500-PendingRequests: sendNotLeaderResponses
2019-08-07 04:05:17,039 INFO  impl.StateMachineUpdater (StateMachineUpdater.java:stopAndJoin(115)) - StateMachineUpdater:f49ca53a-90dd-4043-8db0-75f56fae1500:group-D34C2115D80E: set stopIndex = 0
2019-08-07 04:05:17,039 INFO  impl.RaftServerImpl (ServerState.java:close(394)) - f49ca53a-90dd-4043-8db0-75f56fae1500:group-D34C2115D80E closes. The last applied log index is 0
2019-08-07 04:05:17,040 INFO  segmented.SegmentedRaftLogWorker (SegmentedRaftLogWorker.java:run(313)) - f49ca53a-90dd-4043-8db0-75f56fae1500-SegmentedRaftLogWorker:Storage Directory /workdir/hadoop-ozone/integration-test/target/test-dir/MiniOzoneClusterImpl-7026e4b8-6df6-4897-bd33-9f5e93510a50/datanode-6/data/ratis/79490445-aa8e-489d-9462-d34c2115d80e was interrupted, exiting. There are 0 tasks remaining in the queue.
2019-08-07 04:05:17,042 INFO  segmented.SegmentedRaftLogWorker (SegmentedRaftLogWorker.java:close(228)) - f49ca53a-90dd-4043-8db0-75f56fae1500-SegmentedRaftLogWorker:Storage Directory /workdir/hadoop-ozone/integration-test/target/test-dir/MiniOzoneClusterImpl-7026e4b8-6df6-4897-bd33-9f5e93510a50/datanode-6/data/ratis/79490445-aa8e-489d-9462-d34c2115d80e close()
2019-08-07 04:05:17,047 INFO  impl.RaftServerImpl (RaftServerImpl.java:lambda$shutdown$3(245)) - f49ca53a-90dd-4043-8db0-75f56fae1500: shutdown group-66BEACE66F67
2019-08-07 04:05:17,047 INFO  util.JmxRegister (JmxRegister.java:unregister(73)) - Successfully un-registered JMX Bean with object name Ratis:service=RaftServer,group=group-66BEACE66F67,id=f49ca53a-90dd-4043-8db0-75f56fae1500
2019-08-07 04:05:17,047 INFO  impl.RoleInfo (RoleInfo.java:shutdownFollowerState(121)) - f49ca53a-90dd-4043-8db0-75f56fae1500: shutdown FollowerState
2019-08-07 04:05:17,048 INFO  impl.StateMachineUpdater (StateMachineUpdater.java:stopAndJoin(115)) - StateMachineUpdater:f49ca53a-90dd-4043-8db0-75f56fae1500:group-66BEACE66F67: set stopIndex = 18
2019-08-07 04:05:17,048 INFO  ratis.ContainerStateMachine (ContainerStateMachine.java:takeSnapshot(262)) - group-66BEACE66F67: Taking a snapshot at:(t:2, i:17) file /workdir/hadoop-ozone/integration-test/target/test-dir/MiniOzoneClusterImpl-7026e4b8-6df6-4897-bd33-9f5e93510a50/datanode-6/data/ratis/ad9cd516-662b-487c-9f0e-66beace66f67/sm/snapshot.2_17
2019-08-07 04:05:17,048 INFO  impl.FollowerState (FollowerState.java:run(114)) - f49ca53a-90dd-4043-8db0-75f56fae1500: FollowerState was interrupted: java.lang.InterruptedException: sleep interrupted
2019-08-07 04:05:17,062 INFO  ratis.ContainerStateMachine (ContainerStateMachine.java:takeSnapshot(273)) - group-66BEACE66F67: Finished taking a snapshot at:(t:2, i:17) file:/workdir/hadoop-ozone/integration-test/target/test-dir/MiniOzoneClusterImpl-7026e4b8-6df6-4897-bd33-9f5e93510a50/datanode-6/data/ratis/ad9cd516-662b-487c-9f0e-66beace66f67/sm/snapshot.2_17 time:14
2019-08-07 04:05:17,062 INFO  impl.StateMachineUpdater (StateMachineUpdater.java:takeSnapshot(242)) - StateMachineUpdater:f49ca53a-90dd-4043-8db0-75f56fae1500:group-66BEACE66F67: Took a snapshot at index 17
2019-08-07 04:05:17,062 INFO  impl.StateMachineUpdater (StateMachineUpdater.java:lambda$new$0(80)) - StateMachineUpdater:f49ca53a-90dd-4043-8db0-75f56fae1500:group-66BEACE66F67: snapshotIndex: updateIncreasingly -1 -> 17
2019-08-07 04:05:17,063 INFO  impl.RaftServerImpl (ServerState.java:close(394)) - f49ca53a-90dd-4043-8db0-75f56fae1500:group-66BEACE66F67 closes. The last applied log index is 18
2019-08-07 04:05:17,063 INFO  segmented.SegmentedRaftLogWorker (SegmentedRaftLogWorker.java:run(313)) - f49ca53a-90dd-4043-8db0-75f56fae1500-SegmentedRaftLogWorker:Storage Directory /workdir/hadoop-ozone/integration-test/target/test-dir/MiniOzoneClusterImpl-7026e4b8-6df6-4897-bd33-9f5e93510a50/datanode-6/data/ratis/ad9cd516-662b-487c-9f0e-66beace66f67 was interrupted, exiting. There are 0 tasks remaining in the queue.
2019-08-07 04:05:17,066 INFO  segmented.SegmentedRaftLogWorker (SegmentedRaftLogWorker.java:close(228)) - f49ca53a-90dd-4043-8db0-75f56fae1500-SegmentedRaftLogWorker:Storage Directory /workdir/hadoop-ozone/integration-test/target/test-dir/MiniOzoneClusterImpl-7026e4b8-6df6-4897-bd33-9f5e93510a50/datanode-6/data/ratis/ad9cd516-662b-487c-9f0e-66beace66f67 close()
2019-08-07 04:05:17,070 INFO  server.GrpcService (GrpcService.java:closeImpl(155)) - f49ca53a-90dd-4043-8db0-75f56fae1500: shutdown server with port 39800 now
2019-08-07 04:05:17,090 WARN  server.GrpcServerProtocolService (LogUtils.java:warn(134)) - f49ca53a-90dd-4043-8db0-75f56fae1500: appendEntries onError: org.apache.ratis.thirdparty.io.grpc.StatusRuntimeException: CANCELLED: cancelled before receiving half close
2019-08-07 04:05:17,090 INFO  server.GrpcService (GrpcService.java:closeImpl(163)) - f49ca53a-90dd-4043-8db0-75f56fae1500: shutdown server with port 39800 successfully
2019-08-07 04:05:17,090 WARN  server.GrpcLogAppender (LogUtils.java:warn(134)) - 7adafec3-b0f2-463f-af01-7d468c370e20->f49ca53a-90dd-4043-8db0-75f56fae1500: Failed appendEntries: org.apache.ratis.thirdparty.io.grpc.StatusRuntimeException: CANCELLED: HTTP/2 error code: CANCEL
Received Rst Stream
2019-08-07 04:05:17,091 INFO  impl.FollowerInfo (FollowerInfo.java:lambda$new$0(50)) - 7adafec3-b0f2-463f-af01-7d468c370e20->f49ca53a-90dd-4043-8db0-75f56fae1500: nextIndex: updateUnconditionally 19 -> 18
2019-08-07 04:05:17,093 INFO  utils.BackgroundService (BackgroundService.java:shutdown(148)) - Shutting down service BlockDeletingService
2019-08-07 04:05:17,097 WARN  fs.CachingGetSpaceUsed (CachingGetSpaceUsed.java:run(183)) - Thread Interrupted waiting to refresh disk information: sleep interrupted
2019-08-07 04:05:17,121 INFO  statemachine.DatanodeStateMachine (DatanodeStateMachine.java:stopDaemon(395)) - Ozone container server stopped.
2019-08-07 04:05:17,134 INFO  handler.ContextHandler (ContextHandler.java:doStop(910)) - Stopped o.e.j.w.WebAppContext@61a87366{/,null,UNAVAILABLE}{/hddsDatanode}
2019-08-07 04:05:17,135 INFO  server.AbstractConnector (AbstractConnector.java:doStop(318)) - Stopped ServerConnector@3c33fcf8{HTTP/1.1,[http/1.1]}{0.0.0.0:0}
2019-08-07 04:05:17,136 INFO  handler.ContextHandler (ContextHandler.java:doStop(910)) - Stopped o.e.j.s.ServletContextHandler@2450256f{/static,jar:file:/home/user/.m2/repository/org/apache/hadoop/hadoop-hdds-container-service/0.4.1-SNAPSHOT/hadoop-hdds-container-service-0.4.1-SNAPSHOT.jar!/webapps/static,UNAVAILABLE}
2019-08-07 04:05:17,136 INFO  handler.ContextHandler (ContextHandler.java:doStop(910)) - Stopped o.e.j.s.ServletContextHandler@4466cf5d{/logs,file:///workdir/hadoop-ozone/integration-test/target/log,UNAVAILABLE}
04:05:17.144 [grpc-default-executor-3] ERROR DNAudit - user=null | ip=null | op=WRITE_CHUNK {blockData=conID: 1 locID: 102573716068302849 bcsId: 14} | ret=FAILURE
org.apache.hadoop.hdds.scm.container.common.helpers.ContainerNotOpenException: Container 1 in CLOSED state
	at org.apache.hadoop.ozone.container.common.impl.HddsDispatcher.validateContainerCommand(HddsDispatcher.java:408) ~[hadoop-hdds-container-service-0.4.1-SNAPSHOT.jar:?]
	at org.apache.hadoop.ozone.container.common.transport.server.ratis.ContainerStateMachine.startTransaction(ContainerStateMachine.java:288) ~[hadoop-hdds-container-service-0.4.1-SNAPSHOT.jar:?]
	at org.apache.ratis.server.impl.RaftServerImpl.submitClientRequestAsync(RaftServerImpl.java:566) ~[ratis-server-0.4.0-2337318-SNAPSHOT.jar:0.4.0-2337318-SNAPSHOT]
	at org.apache.ratis.server.impl.RaftServerProxy.lambda$submitClientRequestAsync$7(RaftServerProxy.java:333) ~[ratis-server-0.4.0-2337318-SNAPSHOT.jar:0.4.0-2337318-SNAPSHOT]
	at org.apache.ratis.server.impl.RaftServerProxy.lambda$null$5(RaftServerProxy.java:328) ~[ratis-server-0.4.0-2337318-SNAPSHOT.jar:0.4.0-2337318-SNAPSHOT]
	at org.apache.ratis.util.JavaUtils.callAsUnchecked(JavaUtils.java:109) ~[ratis-common-0.4.0-2337318-SNAPSHOT.jar:0.4.0-2337318-SNAPSHOT]
	at org.apache.ratis.server.impl.RaftServerProxy.lambda$submitRequest$6(RaftServerProxy.java:328) ~[ratis-server-0.4.0-2337318-SNAPSHOT.jar:0.4.0-2337318-SNAPSHOT]
	at java.util.concurrent.CompletableFuture.uniComposeStage(CompletableFuture.java:981) ~[?:1.8.0_212]
	at java.util.concurrent.CompletableFuture.thenCompose(CompletableFuture.java:2124) ~[?:1.8.0_212]
	at org.apache.ratis.server.impl.RaftServerProxy.submitRequest(RaftServerProxy.java:327) ~[ratis-server-0.4.0-2337318-SNAPSHOT.jar:0.4.0-2337318-SNAPSHOT]
	at org.apache.ratis.server.impl.RaftServerProxy.submitClientRequestAsync(RaftServerProxy.java:333) ~[ratis-server-0.4.0-2337318-SNAPSHOT.jar:0.4.0-2337318-SNAPSHOT]
	at org.apache.ratis.grpc.client.GrpcClientProtocolService$RequestStreamObserver.processClientRequest(GrpcClientProtocolService.java:220) ~[ratis-grpc-0.4.0-2337318-SNAPSHOT.jar:0.4.0-2337318-SNAPSHOT]
	at org.apache.ratis.grpc.client.GrpcClientProtocolService$OrderedRequestStreamObserver.processClientRequest(GrpcClientProtocolService.java:326) ~[ratis-grpc-0.4.0-2337318-SNAPSHOT.jar:0.4.0-2337318-SNAPSHOT]
	at org.apache.ratis.util.SlidingWindow$Server.processRequestsFromHead(SlidingWindow.java:429) [ratis-common-0.4.0-2337318-SNAPSHOT.jar:0.4.0-2337318-SNAPSHOT]
	at org.apache.ratis.util.SlidingWindow$Server.receivedRequest(SlidingWindow.java:421) [ratis-common-0.4.0-2337318-SNAPSHOT.jar:0.4.0-2337318-SNAPSHOT]
	at org.apache.ratis.grpc.client.GrpcClientProtocolService$OrderedRequestStreamObserver.processClientRequest(GrpcClientProtocolService.java:345) [ratis-grpc-0.4.0-2337318-SNAPSHOT.jar:0.4.0-2337318-SNAPSHOT]
	at org.apache.ratis.grpc.client.GrpcClientProtocolService$RequestStreamObserver.onNext(GrpcClientProtocolService.java:240) [ratis-grpc-0.4.0-2337318-SNAPSHOT.jar:0.4.0-2337318-SNAPSHOT]
	at org.apache.ratis.grpc.client.GrpcClientProtocolService$RequestStreamObserver.onNext(GrpcClientProtocolService.java:168) [ratis-grpc-0.4.0-2337318-SNAPSHOT.jar:0.4.0-2337318-SNAPSHOT]
	at org.apache.ratis.thirdparty.io.grpc.stub.ServerCalls$StreamingServerCallHandler$StreamingServerCallListener.onMessage(ServerCalls.java:248) [ratis-thirdparty-misc-0.2.0.jar:0.2.0]
	at org.apache.ratis.thirdparty.io.grpc.internal.ServerCallImpl$ServerStreamListenerImpl.messagesAvailable(ServerCallImpl.java:263) [ratis-thirdparty-misc-0.2.0.jar:0.2.0]
	at org.apache.ratis.thirdparty.io.grpc.internal.ServerImpl$JumpToApplicationThreadServerStreamListener$1MessagesAvailable.runInContext(ServerImpl.java:686) [ratis-thirdparty-misc-0.2.0.jar:0.2.0]
	at org.apache.ratis.thirdparty.io.grpc.internal.ContextRunnable.run(ContextRunnable.java:37) [ratis-thirdparty-misc-0.2.0.jar:0.2.0]
	at org.apache.ratis.thirdparty.io.grpc.internal.SerializingExecutor.run(SerializingExecutor.java:123) [ratis-thirdparty-misc-0.2.0.jar:0.2.0]
	at java.util.concurrent.ThreadPoolExecutor.runWorker(ThreadPoolExecutor.java:1149) [?:1.8.0_212]
	at java.util.concurrent.ThreadPoolExecutor$Worker.run(ThreadPoolExecutor.java:624) [?:1.8.0_212]
	at java.lang.Thread.run(Thread.java:748) [?:1.8.0_212]
04:05:17.189 [grpc-default-executor-3] ERROR DNAudit - user=null | ip=null | op=WRITE_CHUNK {blockData=conID: 1 locID: 102573716068302849 bcsId: 14} | ret=FAILURE
org.apache.hadoop.hdds.scm.container.common.helpers.ContainerNotOpenException: Container 1 in CLOSED state
	at org.apache.hadoop.ozone.container.common.impl.HddsDispatcher.validateContainerCommand(HddsDispatcher.java:408) ~[hadoop-hdds-container-service-0.4.1-SNAPSHOT.jar:?]
	at org.apache.hadoop.ozone.container.common.transport.server.ratis.ContainerStateMachine.startTransaction(ContainerStateMachine.java:288) ~[hadoop-hdds-container-service-0.4.1-SNAPSHOT.jar:?]
	at org.apache.ratis.server.impl.RaftServerImpl.submitClientRequestAsync(RaftServerImpl.java:566) ~[ratis-server-0.4.0-2337318-SNAPSHOT.jar:0.4.0-2337318-SNAPSHOT]
	at org.apache.ratis.server.impl.RaftServerProxy.lambda$submitClientRequestAsync$7(RaftServerProxy.java:333) ~[ratis-server-0.4.0-2337318-SNAPSHOT.jar:0.4.0-2337318-SNAPSHOT]
	at org.apache.ratis.server.impl.RaftServerProxy.lambda$null$5(RaftServerProxy.java:328) ~[ratis-server-0.4.0-2337318-SNAPSHOT.jar:0.4.0-2337318-SNAPSHOT]
	at org.apache.ratis.util.JavaUtils.callAsUnchecked(JavaUtils.java:109) ~[ratis-common-0.4.0-2337318-SNAPSHOT.jar:0.4.0-2337318-SNAPSHOT]
	at org.apache.ratis.server.impl.RaftServerProxy.lambda$submitRequest$6(RaftServerProxy.java:328) ~[ratis-server-0.4.0-2337318-SNAPSHOT.jar:0.4.0-2337318-SNAPSHOT]
	at java.util.concurrent.CompletableFuture.uniComposeStage(CompletableFuture.java:981) ~[?:1.8.0_212]
	at java.util.concurrent.CompletableFuture.thenCompose(CompletableFuture.java:2124) ~[?:1.8.0_212]
	at org.apache.ratis.server.impl.RaftServerProxy.submitRequest(RaftServerProxy.java:327) ~[ratis-server-0.4.0-2337318-SNAPSHOT.jar:0.4.0-2337318-SNAPSHOT]
	at org.apache.ratis.server.impl.RaftServerProxy.submitClientRequestAsync(RaftServerProxy.java:333) ~[ratis-server-0.4.0-2337318-SNAPSHOT.jar:0.4.0-2337318-SNAPSHOT]
	at org.apache.ratis.grpc.client.GrpcClientProtocolService$RequestStreamObserver.processClientRequest(GrpcClientProtocolService.java:220) ~[ratis-grpc-0.4.0-2337318-SNAPSHOT.jar:0.4.0-2337318-SNAPSHOT]
	at org.apache.ratis.grpc.client.GrpcClientProtocolService$OrderedRequestStreamObserver.processClientRequest(GrpcClientProtocolService.java:326) ~[ratis-grpc-0.4.0-2337318-SNAPSHOT.jar:0.4.0-2337318-SNAPSHOT]
	at org.apache.ratis.util.SlidingWindow$Server.processRequestsFromHead(SlidingWindow.java:429) [ratis-common-0.4.0-2337318-SNAPSHOT.jar:0.4.0-2337318-SNAPSHOT]
	at org.apache.ratis.util.SlidingWindow$Server.receivedRequest(SlidingWindow.java:421) [ratis-common-0.4.0-2337318-SNAPSHOT.jar:0.4.0-2337318-SNAPSHOT]
	at org.apache.ratis.grpc.client.GrpcClientProtocolService$OrderedRequestStreamObserver.processClientRequest(GrpcClientProtocolService.java:345) [ratis-grpc-0.4.0-2337318-SNAPSHOT.jar:0.4.0-2337318-SNAPSHOT]
	at org.apache.ratis.grpc.client.GrpcClientProtocolService$RequestStreamObserver.onNext(GrpcClientProtocolService.java:240) [ratis-grpc-0.4.0-2337318-SNAPSHOT.jar:0.4.0-2337318-SNAPSHOT]
	at org.apache.ratis.grpc.client.GrpcClientProtocolService$RequestStreamObserver.onNext(GrpcClientProtocolService.java:168) [ratis-grpc-0.4.0-2337318-SNAPSHOT.jar:0.4.0-2337318-SNAPSHOT]
	at org.apache.ratis.thirdparty.io.grpc.stub.ServerCalls$StreamingServerCallHandler$StreamingServerCallListener.onMessage(ServerCalls.java:248) [ratis-thirdparty-misc-0.2.0.jar:0.2.0]
	at org.apache.ratis.thirdparty.io.grpc.internal.ServerCallImpl$ServerStreamListenerImpl.messagesAvailable(ServerCallImpl.java:263) [ratis-thirdparty-misc-0.2.0.jar:0.2.0]
	at org.apache.ratis.thirdparty.io.grpc.internal.ServerImpl$JumpToApplicationThreadServerStreamListener$1MessagesAvailable.runInContext(ServerImpl.java:686) [ratis-thirdparty-misc-0.2.0.jar:0.2.0]
	at org.apache.ratis.thirdparty.io.grpc.internal.ContextRunnable.run(ContextRunnable.java:37) [ratis-thirdparty-misc-0.2.0.jar:0.2.0]
	at org.apache.ratis.thirdparty.io.grpc.internal.SerializingExecutor.run(SerializingExecutor.java:123) [ratis-thirdparty-misc-0.2.0.jar:0.2.0]
	at java.util.concurrent.ThreadPoolExecutor.runWorker(ThreadPoolExecutor.java:1149) [?:1.8.0_212]
	at java.util.concurrent.ThreadPoolExecutor$Worker.run(ThreadPoolExecutor.java:624) [?:1.8.0_212]
	at java.lang.Thread.run(Thread.java:748) [?:1.8.0_212]
04:05:17.196 [grpc-default-executor-3] ERROR DNAudit - user=null | ip=null | op=PUT_BLOCK {blockData=[blockId=conID: 1 locID: 102573716068302849 bcsId: 0,size=650]} | ret=FAILURE
org.apache.hadoop.hdds.scm.container.common.helpers.ContainerNotOpenException: Container 1 in CLOSED state
	at org.apache.hadoop.ozone.container.common.impl.HddsDispatcher.validateContainerCommand(HddsDispatcher.java:408) ~[hadoop-hdds-container-service-0.4.1-SNAPSHOT.jar:?]
	at org.apache.hadoop.ozone.container.common.transport.server.ratis.ContainerStateMachine.startTransaction(ContainerStateMachine.java:288) ~[hadoop-hdds-container-service-0.4.1-SNAPSHOT.jar:?]
	at org.apache.ratis.server.impl.RaftServerImpl.submitClientRequestAsync(RaftServerImpl.java:566) ~[ratis-server-0.4.0-2337318-SNAPSHOT.jar:0.4.0-2337318-SNAPSHOT]
	at org.apache.ratis.server.impl.RaftServerProxy.lambda$submitClientRequestAsync$7(RaftServerProxy.java:333) ~[ratis-server-0.4.0-2337318-SNAPSHOT.jar:0.4.0-2337318-SNAPSHOT]
	at org.apache.ratis.server.impl.RaftServerProxy.lambda$null$5(RaftServerProxy.java:328) ~[ratis-server-0.4.0-2337318-SNAPSHOT.jar:0.4.0-2337318-SNAPSHOT]
	at org.apache.ratis.util.JavaUtils.callAsUnchecked(JavaUtils.java:109) ~[ratis-common-0.4.0-2337318-SNAPSHOT.jar:0.4.0-2337318-SNAPSHOT]
	at org.apache.ratis.server.impl.RaftServerProxy.lambda$submitRequest$6(RaftServerProxy.java:328) ~[ratis-server-0.4.0-2337318-SNAPSHOT.jar:0.4.0-2337318-SNAPSHOT]
	at java.util.concurrent.CompletableFuture.uniComposeStage(CompletableFuture.java:981) ~[?:1.8.0_212]
	at java.util.concurrent.CompletableFuture.thenCompose(CompletableFuture.java:2124) ~[?:1.8.0_212]
	at org.apache.ratis.server.impl.RaftServerProxy.submitRequest(RaftServerProxy.java:327) ~[ratis-server-0.4.0-2337318-SNAPSHOT.jar:0.4.0-2337318-SNAPSHOT]
	at org.apache.ratis.server.impl.RaftServerProxy.submitClientRequestAsync(RaftServerProxy.java:333) ~[ratis-server-0.4.0-2337318-SNAPSHOT.jar:0.4.0-2337318-SNAPSHOT]
	at org.apache.ratis.grpc.client.GrpcClientProtocolService$RequestStreamObserver.processClientRequest(GrpcClientProtocolService.java:220) ~[ratis-grpc-0.4.0-2337318-SNAPSHOT.jar:0.4.0-2337318-SNAPSHOT]
	at org.apache.ratis.grpc.client.GrpcClientProtocolService$OrderedRequestStreamObserver.processClientRequest(GrpcClientProtocolService.java:326) ~[ratis-grpc-0.4.0-2337318-SNAPSHOT.jar:0.4.0-2337318-SNAPSHOT]
	at org.apache.ratis.util.SlidingWindow$Server.processRequestsFromHead(SlidingWindow.java:429) [ratis-common-0.4.0-2337318-SNAPSHOT.jar:0.4.0-2337318-SNAPSHOT]
	at org.apache.ratis.util.SlidingWindow$Server.receivedRequest(SlidingWindow.java:421) [ratis-common-0.4.0-2337318-SNAPSHOT.jar:0.4.0-2337318-SNAPSHOT]
	at org.apache.ratis.grpc.client.GrpcClientProtocolService$OrderedRequestStreamObserver.processClientRequest(GrpcClientProtocolService.java:345) [ratis-grpc-0.4.0-2337318-SNAPSHOT.jar:0.4.0-2337318-SNAPSHOT]
	at org.apache.ratis.grpc.client.GrpcClientProtocolService$RequestStreamObserver.onNext(GrpcClientProtocolService.java:240) [ratis-grpc-0.4.0-2337318-SNAPSHOT.jar:0.4.0-2337318-SNAPSHOT]
	at org.apache.ratis.grpc.client.GrpcClientProtocolService$RequestStreamObserver.onNext(GrpcClientProtocolService.java:168) [ratis-grpc-0.4.0-2337318-SNAPSHOT.jar:0.4.0-2337318-SNAPSHOT]
	at org.apache.ratis.thirdparty.io.grpc.stub.ServerCalls$StreamingServerCallHandler$StreamingServerCallListener.onMessage(ServerCalls.java:248) [ratis-thirdparty-misc-0.2.0.jar:0.2.0]
	at org.apache.ratis.thirdparty.io.grpc.internal.ServerCallImpl$ServerStreamListenerImpl.messagesAvailable(ServerCallImpl.java:263) [ratis-thirdparty-misc-0.2.0.jar:0.2.0]
	at org.apache.ratis.thirdparty.io.grpc.internal.ServerImpl$JumpToApplicationThreadServerStreamListener$1MessagesAvailable.runInContext(ServerImpl.java:686) [ratis-thirdparty-misc-0.2.0.jar:0.2.0]
	at org.apache.ratis.thirdparty.io.grpc.internal.ContextRunnable.run(ContextRunnable.java:37) [ratis-thirdparty-misc-0.2.0.jar:0.2.0]
	at org.apache.ratis.thirdparty.io.grpc.internal.SerializingExecutor.run(SerializingExecutor.java:123) [ratis-thirdparty-misc-0.2.0.jar:0.2.0]
	at java.util.concurrent.ThreadPoolExecutor.runWorker(ThreadPoolExecutor.java:1149) [?:1.8.0_212]
	at java.util.concurrent.ThreadPoolExecutor$Worker.run(ThreadPoolExecutor.java:624) [?:1.8.0_212]
	at java.lang.Thread.run(Thread.java:748) [?:1.8.0_212]
2019-08-07 04:05:17,203 INFO  client.GrpcClientProtocolClient (GrpcClientProtocolClient.java:onNext(255)) - client-EC9E27FCCB6F->7adafec3-b0f2-463f-af01-7d468c370e20: receive RaftClientReply:client-EC9E27FCCB6F->7adafec3-b0f2-463f-af01-7d468c370e20@group-66BEACE66F67, cid=22, FAILED org.apache.ratis.protocol.StateMachineException: org.apache.hadoop.hdds.scm.container.common.helpers.ContainerNotOpenException from Server 7adafec3-b0f2-463f-af01-7d468c370e20: Container 1 in CLOSED state, logIndex=0, commits[7adafec3-b0f2-463f-af01-7d468c370e20:c18, d49b19ea-6ba3-479d-bc88-273610ee8dcd:c16, f49ca53a-90dd-4043-8db0-75f56fae1500:c18]
04:05:17.203 [grpc-default-executor-3] ERROR DNAudit - user=null | ip=null | op=WRITE_CHUNK {blockData=conID: 1 locID: 102573716068302849 bcsId: 14} | ret=FAILURE
org.apache.hadoop.hdds.scm.container.common.helpers.ContainerNotOpenException: Container 1 in CLOSED state
	at org.apache.hadoop.ozone.container.common.impl.HddsDispatcher.validateContainerCommand(HddsDispatcher.java:408) ~[hadoop-hdds-container-service-0.4.1-SNAPSHOT.jar:?]
	at org.apache.hadoop.ozone.container.common.transport.server.ratis.ContainerStateMachine.startTransaction(ContainerStateMachine.java:288) ~[hadoop-hdds-container-service-0.4.1-SNAPSHOT.jar:?]
	at org.apache.ratis.server.impl.RaftServerImpl.submitClientRequestAsync(RaftServerImpl.java:566) ~[ratis-server-0.4.0-2337318-SNAPSHOT.jar:0.4.0-2337318-SNAPSHOT]
	at org.apache.ratis.server.impl.RaftServerProxy.lambda$submitClientRequestAsync$7(RaftServerProxy.java:333) ~[ratis-server-0.4.0-2337318-SNAPSHOT.jar:0.4.0-2337318-SNAPSHOT]
	at org.apache.ratis.server.impl.RaftServerProxy.lambda$null$5(RaftServerProxy.java:328) ~[ratis-server-0.4.0-2337318-SNAPSHOT.jar:0.4.0-2337318-SNAPSHOT]
	at org.apache.ratis.util.JavaUtils.callAsUnchecked(JavaUtils.java:109) ~[ratis-common-0.4.0-2337318-SNAPSHOT.jar:0.4.0-2337318-SNAPSHOT]
	at org.apache.ratis.server.impl.RaftServerProxy.lambda$submitRequest$6(RaftServerProxy.java:328) ~[ratis-server-0.4.0-2337318-SNAPSHOT.jar:0.4.0-2337318-SNAPSHOT]
	at java.util.concurrent.CompletableFuture.uniComposeStage(CompletableFuture.java:981) ~[?:1.8.0_212]
	at java.util.concurrent.CompletableFuture.thenCompose(CompletableFuture.java:2124) ~[?:1.8.0_212]
	at org.apache.ratis.server.impl.RaftServerProxy.submitRequest(RaftServerProxy.java:327) ~[ratis-server-0.4.0-2337318-SNAPSHOT.jar:0.4.0-2337318-SNAPSHOT]
	at org.apache.ratis.server.impl.RaftServerProxy.submitClientRequestAsync(RaftServerProxy.java:333) ~[ratis-server-0.4.0-2337318-SNAPSHOT.jar:0.4.0-2337318-SNAPSHOT]
	at org.apache.ratis.grpc.client.GrpcClientProtocolService$RequestStreamObserver.processClientRequest(GrpcClientProtocolService.java:220) ~[ratis-grpc-0.4.0-2337318-SNAPSHOT.jar:0.4.0-2337318-SNAPSHOT]
	at org.apache.ratis.grpc.client.GrpcClientProtocolService$OrderedRequestStreamObserver.processClientRequest(GrpcClientProtocolService.java:326) ~[ratis-grpc-0.4.0-2337318-SNAPSHOT.jar:0.4.0-2337318-SNAPSHOT]
	at org.apache.ratis.util.SlidingWindow$Server.processRequestsFromHead(SlidingWindow.java:429) [ratis-common-0.4.0-2337318-SNAPSHOT.jar:0.4.0-2337318-SNAPSHOT]
	at org.apache.ratis.util.SlidingWindow$Server.receivedRequest(SlidingWindow.java:421) [ratis-common-0.4.0-2337318-SNAPSHOT.jar:0.4.0-2337318-SNAPSHOT]
	at org.apache.ratis.grpc.client.GrpcClientProtocolService$OrderedRequestStreamObserver.processClientRequest(GrpcClientProtocolService.java:345) [ratis-grpc-0.4.0-2337318-SNAPSHOT.jar:0.4.0-2337318-SNAPSHOT]
	at org.apache.ratis.grpc.client.GrpcClientProtocolService$RequestStreamObserver.onNext(GrpcClientProtocolService.java:240) [ratis-grpc-0.4.0-2337318-SNAPSHOT.jar:0.4.0-2337318-SNAPSHOT]
	at org.apache.ratis.grpc.client.GrpcClientProtocolService$RequestStreamObserver.onNext(GrpcClientProtocolService.java:168) [ratis-grpc-0.4.0-2337318-SNAPSHOT.jar:0.4.0-2337318-SNAPSHOT]
	at org.apache.ratis.thirdparty.io.grpc.stub.ServerCalls$StreamingServerCallHandler$StreamingServerCallListener.onMessage(ServerCalls.java:248) [ratis-thirdparty-misc-0.2.0.jar:0.2.0]
	at org.apache.ratis.thirdparty.io.grpc.internal.ServerCallImpl$ServerStreamListenerImpl.messagesAvailable(ServerCallImpl.java:263) [ratis-thirdparty-misc-0.2.0.jar:0.2.0]
	at org.apache.ratis.thirdparty.io.grpc.internal.ServerImpl$JumpToApplicationThreadServerStreamListener$1MessagesAvailable.runInContext(ServerImpl.java:686) [ratis-thirdparty-misc-0.2.0.jar:0.2.0]
	at org.apache.ratis.thirdparty.io.grpc.internal.ContextRunnable.run(ContextRunnable.java:37) [ratis-thirdparty-misc-0.2.0.jar:0.2.0]
	at org.apache.ratis.thirdparty.io.grpc.internal.SerializingExecutor.run(SerializingExecutor.java:123) [ratis-thirdparty-misc-0.2.0.jar:0.2.0]
	at java.util.concurrent.ThreadPoolExecutor.runWorker(ThreadPoolExecutor.java:1149) [?:1.8.0_212]
	at java.util.concurrent.ThreadPoolExecutor$Worker.run(ThreadPoolExecutor.java:624) [?:1.8.0_212]
	at java.lang.Thread.run(Thread.java:748) [?:1.8.0_212]
2019-08-07 04:05:17,209 INFO  client.GrpcClientProtocolClient (GrpcClientProtocolClient.java:onNext(255)) - client-EC9E27FCCB6F->7adafec3-b0f2-463f-af01-7d468c370e20: receive RaftClientReply:client-EC9E27FCCB6F->7adafec3-b0f2-463f-af01-7d468c370e20@group-66BEACE66F67, cid=23, FAILED org.apache.ratis.protocol.StateMachineException: org.apache.hadoop.hdds.scm.container.common.helpers.ContainerNotOpenException from Server 7adafec3-b0f2-463f-af01-7d468c370e20: Container 1 in CLOSED state, logIndex=0, commits[7adafec3-b0f2-463f-af01-7d468c370e20:c18, d49b19ea-6ba3-479d-bc88-273610ee8dcd:c16, f49ca53a-90dd-4043-8db0-75f56fae1500:c18]
04:05:17.209 [grpc-default-executor-3] ERROR DNAudit - user=null | ip=null | op=WRITE_CHUNK {blockData=conID: 1 locID: 102573716068302849 bcsId: 14} | ret=FAILURE
org.apache.hadoop.hdds.scm.container.common.helpers.ContainerNotOpenException: Container 1 in CLOSED state
	at org.apache.hadoop.ozone.container.common.impl.HddsDispatcher.validateContainerCommand(HddsDispatcher.java:408) ~[hadoop-hdds-container-service-0.4.1-SNAPSHOT.jar:?]
	at org.apache.hadoop.ozone.container.common.transport.server.ratis.ContainerStateMachine.startTransaction(ContainerStateMachine.java:288) ~[hadoop-hdds-container-service-0.4.1-SNAPSHOT.jar:?]
	at org.apache.ratis.server.impl.RaftServerImpl.submitClientRequestAsync(RaftServerImpl.java:566) ~[ratis-server-0.4.0-2337318-SNAPSHOT.jar:0.4.0-2337318-SNAPSHOT]
	at org.apache.ratis.server.impl.RaftServerProxy.lambda$submitClientRequestAsync$7(RaftServerProxy.java:333) ~[ratis-server-0.4.0-2337318-SNAPSHOT.jar:0.4.0-2337318-SNAPSHOT]
	at org.apache.ratis.server.impl.RaftServerProxy.lambda$null$5(RaftServerProxy.java:328) ~[ratis-server-0.4.0-2337318-SNAPSHOT.jar:0.4.0-2337318-SNAPSHOT]
	at org.apache.ratis.util.JavaUtils.callAsUnchecked(JavaUtils.java:109) ~[ratis-common-0.4.0-2337318-SNAPSHOT.jar:0.4.0-2337318-SNAPSHOT]
	at org.apache.ratis.server.impl.RaftServerProxy.lambda$submitRequest$6(RaftServerProxy.java:328) ~[ratis-server-0.4.0-2337318-SNAPSHOT.jar:0.4.0-2337318-SNAPSHOT]
	at java.util.concurrent.CompletableFuture.uniComposeStage(CompletableFuture.java:981) ~[?:1.8.0_212]
	at java.util.concurrent.CompletableFuture.thenCompose(CompletableFuture.java:2124) ~[?:1.8.0_212]
	at org.apache.ratis.server.impl.RaftServerProxy.submitRequest(RaftServerProxy.java:327) ~[ratis-server-0.4.0-2337318-SNAPSHOT.jar:0.4.0-2337318-SNAPSHOT]
	at org.apache.ratis.server.impl.RaftServerProxy.submitClientRequestAsync(RaftServerProxy.java:333) ~[ratis-server-0.4.0-2337318-SNAPSHOT.jar:0.4.0-2337318-SNAPSHOT]
	at org.apache.ratis.grpc.client.GrpcClientProtocolService$RequestStreamObserver.processClientRequest(GrpcClientProtocolService.java:220) ~[ratis-grpc-0.4.0-2337318-SNAPSHOT.jar:0.4.0-2337318-SNAPSHOT]
	at org.apache.ratis.grpc.client.GrpcClientProtocolService$OrderedRequestStreamObserver.processClientRequest(GrpcClientProtocolService.java:326) ~[ratis-grpc-0.4.0-2337318-SNAPSHOT.jar:0.4.0-2337318-SNAPSHOT]
	at org.apache.ratis.util.SlidingWindow$Server.processRequestsFromHead(SlidingWindow.java:429) [ratis-common-0.4.0-2337318-SNAPSHOT.jar:0.4.0-2337318-SNAPSHOT]
	at org.apache.ratis.util.SlidingWindow$Server.receivedRequest(SlidingWindow.java:421) [ratis-common-0.4.0-2337318-SNAPSHOT.jar:0.4.0-2337318-SNAPSHOT]
	at org.apache.ratis.grpc.client.GrpcClientProtocolService$OrderedRequestStreamObserver.processClientRequest(GrpcClientProtocolService.java:345) [ratis-grpc-0.4.0-2337318-SNAPSHOT.jar:0.4.0-2337318-SNAPSHOT]
	at org.apache.ratis.grpc.client.GrpcClientProtocolService$RequestStreamObserver.onNext(GrpcClientProtocolService.java:240) [ratis-grpc-0.4.0-2337318-SNAPSHOT.jar:0.4.0-2337318-SNAPSHOT]
	at org.apache.ratis.grpc.client.GrpcClientProtocolService$RequestStreamObserver.onNext(GrpcClientProtocolService.java:168) [ratis-grpc-0.4.0-2337318-SNAPSHOT.jar:0.4.0-2337318-SNAPSHOT]
	at org.apache.ratis.thirdparty.io.grpc.stub.ServerCalls$StreamingServerCallHandler$StreamingServerCallListener.onMessage(ServerCalls.java:248) [ratis-thirdparty-misc-0.2.0.jar:0.2.0]
	at org.apache.ratis.thirdparty.io.grpc.internal.ServerCallImpl$ServerStreamListenerImpl.messagesAvailable(ServerCallImpl.java:263) [ratis-thirdparty-misc-0.2.0.jar:0.2.0]
	at org.apache.ratis.thirdparty.io.grpc.internal.ServerImpl$JumpToApplicationThreadServerStreamListener$1MessagesAvailable.runInContext(ServerImpl.java:686) [ratis-thirdparty-misc-0.2.0.jar:0.2.0]
	at org.apache.ratis.thirdparty.io.grpc.internal.ContextRunnable.run(ContextRunnable.java:37) [ratis-thirdparty-misc-0.2.0.jar:0.2.0]
	at org.apache.ratis.thirdparty.io.grpc.internal.SerializingExecutor.run(SerializingExecutor.java:123) [ratis-thirdparty-misc-0.2.0.jar:0.2.0]
	at java.util.concurrent.ThreadPoolExecutor.runWorker(ThreadPoolExecutor.java:1149) [?:1.8.0_212]
	at java.util.concurrent.ThreadPoolExecutor$Worker.run(ThreadPoolExecutor.java:624) [?:1.8.0_212]
	at java.lang.Thread.run(Thread.java:748) [?:1.8.0_212]
2019-08-07 04:05:17,214 INFO  client.GrpcClientProtocolClient (GrpcClientProtocolClient.java:onNext(255)) - client-EC9E27FCCB6F->7adafec3-b0f2-463f-af01-7d468c370e20: receive RaftClientReply:client-EC9E27FCCB6F->7adafec3-b0f2-463f-af01-7d468c370e20@group-66BEACE66F67, cid=24, FAILED org.apache.ratis.protocol.StateMachineException: org.apache.hadoop.hdds.scm.container.common.helpers.ContainerNotOpenException from Server 7adafec3-b0f2-463f-af01-7d468c370e20: Container 1 in CLOSED state, logIndex=0, commits[7adafec3-b0f2-463f-af01-7d468c370e20:c18, d49b19ea-6ba3-479d-bc88-273610ee8dcd:c16, f49ca53a-90dd-4043-8db0-75f56fae1500:c18]
04:05:17.215 [grpc-default-executor-3] ERROR DNAudit - user=null | ip=null | op=PUT_BLOCK {blockData=[blockId=conID: 1 locID: 102573716068302849 bcsId: 0,size=800]} | ret=FAILURE
org.apache.hadoop.hdds.scm.container.common.helpers.ContainerNotOpenException: Container 1 in CLOSED state
	at org.apache.hadoop.ozone.container.common.impl.HddsDispatcher.validateContainerCommand(HddsDispatcher.java:408) ~[hadoop-hdds-container-service-0.4.1-SNAPSHOT.jar:?]
	at org.apache.hadoop.ozone.container.common.transport.server.ratis.ContainerStateMachine.startTransaction(ContainerStateMachine.java:288) ~[hadoop-hdds-container-service-0.4.1-SNAPSHOT.jar:?]
	at org.apache.ratis.server.impl.RaftServerImpl.submitClientRequestAsync(RaftServerImpl.java:566) ~[ratis-server-0.4.0-2337318-SNAPSHOT.jar:0.4.0-2337318-SNAPSHOT]
	at org.apache.ratis.server.impl.RaftServerProxy.lambda$submitClientRequestAsync$7(RaftServerProxy.java:333) ~[ratis-server-0.4.0-2337318-SNAPSHOT.jar:0.4.0-2337318-SNAPSHOT]
	at org.apache.ratis.server.impl.RaftServerProxy.lambda$null$5(RaftServerProxy.java:328) ~[ratis-server-0.4.0-2337318-SNAPSHOT.jar:0.4.0-2337318-SNAPSHOT]
	at org.apache.ratis.util.JavaUtils.callAsUnchecked(JavaUtils.java:109) ~[ratis-common-0.4.0-2337318-SNAPSHOT.jar:0.4.0-2337318-SNAPSHOT]
	at org.apache.ratis.server.impl.RaftServerProxy.lambda$submitRequest$6(RaftServerProxy.java:328) ~[ratis-server-0.4.0-2337318-SNAPSHOT.jar:0.4.0-2337318-SNAPSHOT]
	at java.util.concurrent.CompletableFuture.uniComposeStage(CompletableFuture.java:981) ~[?:1.8.0_212]
	at java.util.concurrent.CompletableFuture.thenCompose(CompletableFuture.java:2124) ~[?:1.8.0_212]
	at org.apache.ratis.server.impl.RaftServerProxy.submitRequest(RaftServerProxy.java:327) ~[ratis-server-0.4.0-2337318-SNAPSHOT.jar:0.4.0-2337318-SNAPSHOT]
	at org.apache.ratis.server.impl.RaftServerProxy.submitClientRequestAsync(RaftServerProxy.java:333) ~[ratis-server-0.4.0-2337318-SNAPSHOT.jar:0.4.0-2337318-SNAPSHOT]
	at org.apache.ratis.grpc.client.GrpcClientProtocolService$RequestStreamObserver.processClientRequest(GrpcClientProtocolService.java:220) ~[ratis-grpc-0.4.0-2337318-SNAPSHOT.jar:0.4.0-2337318-SNAPSHOT]
	at org.apache.ratis.grpc.client.GrpcClientProtocolService$OrderedRequestStreamObserver.processClientRequest(GrpcClientProtocolService.java:326) ~[ratis-grpc-0.4.0-2337318-SNAPSHOT.jar:0.4.0-2337318-SNAPSHOT]
	at org.apache.ratis.util.SlidingWindow$Server.processRequestsFromHead(SlidingWindow.java:429) [ratis-common-0.4.0-2337318-SNAPSHOT.jar:0.4.0-2337318-SNAPSHOT]
	at org.apache.ratis.util.SlidingWindow$Server.receivedRequest(SlidingWindow.java:421) [ratis-common-0.4.0-2337318-SNAPSHOT.jar:0.4.0-2337318-SNAPSHOT]
	at org.apache.ratis.grpc.client.GrpcClientProtocolService$OrderedRequestStreamObserver.processClientRequest(GrpcClientProtocolService.java:345) [ratis-grpc-0.4.0-2337318-SNAPSHOT.jar:0.4.0-2337318-SNAPSHOT]
	at org.apache.ratis.grpc.client.GrpcClientProtocolService$RequestStreamObserver.onNext(GrpcClientProtocolService.java:240) [ratis-grpc-0.4.0-2337318-SNAPSHOT.jar:0.4.0-2337318-SNAPSHOT]
	at org.apache.ratis.grpc.client.GrpcClientProtocolService$RequestStreamObserver.onNext(GrpcClientProtocolService.java:168) [ratis-grpc-0.4.0-2337318-SNAPSHOT.jar:0.4.0-2337318-SNAPSHOT]
	at org.apache.ratis.thirdparty.io.grpc.stub.ServerCalls$StreamingServerCallHandler$StreamingServerCallListener.onMessage(ServerCalls.java:248) [ratis-thirdparty-misc-0.2.0.jar:0.2.0]
	at org.apache.ratis.thirdparty.io.grpc.internal.ServerCallImpl$ServerStreamListenerImpl.messagesAvailable(ServerCallImpl.java:263) [ratis-thirdparty-misc-0.2.0.jar:0.2.0]
	at org.apache.ratis.thirdparty.io.grpc.internal.ServerImpl$JumpToApplicationThreadServerStreamListener$1MessagesAvailable.runInContext(ServerImpl.java:686) [ratis-thirdparty-misc-0.2.0.jar:0.2.0]
	at org.apache.ratis.thirdparty.io.grpc.internal.ContextRunnable.run(ContextRunnable.java:37) [ratis-thirdparty-misc-0.2.0.jar:0.2.0]
	at org.apache.ratis.thirdparty.io.grpc.internal.SerializingExecutor.run(SerializingExecutor.java:123) [ratis-thirdparty-misc-0.2.0.jar:0.2.0]
	at java.util.concurrent.ThreadPoolExecutor.runWorker(ThreadPoolExecutor.java:1149) [?:1.8.0_212]
	at java.util.concurrent.ThreadPoolExecutor$Worker.run(ThreadPoolExecutor.java:624) [?:1.8.0_212]
	at java.lang.Thread.run(Thread.java:748) [?:1.8.0_212]
2019-08-07 04:05:17,220 INFO  client.GrpcClientProtocolClient (GrpcClientProtocolClient.java:onNext(255)) - client-EC9E27FCCB6F->7adafec3-b0f2-463f-af01-7d468c370e20: receive RaftClientReply:client-EC9E27FCCB6F->7adafec3-b0f2-463f-af01-7d468c370e20@group-66BEACE66F67, cid=25, FAILED org.apache.ratis.protocol.StateMachineException: org.apache.hadoop.hdds.scm.container.common.helpers.ContainerNotOpenException from Server 7adafec3-b0f2-463f-af01-7d468c370e20: Container 1 in CLOSED state, logIndex=0, commits[7adafec3-b0f2-463f-af01-7d468c370e20:c18, d49b19ea-6ba3-479d-bc88-273610ee8dcd:c16, f49ca53a-90dd-4043-8db0-75f56fae1500:c18]
2019-08-07 04:05:17,222 INFO  client.GrpcClientProtocolClient (GrpcClientProtocolClient.java:onNext(255)) - client-EC9E27FCCB6F->7adafec3-b0f2-463f-af01-7d468c370e20: receive RaftClientReply:client-EC9E27FCCB6F->7adafec3-b0f2-463f-af01-7d468c370e20@group-66BEACE66F67, cid=26, FAILED org.apache.ratis.protocol.StateMachineException: org.apache.hadoop.hdds.scm.container.common.helpers.ContainerNotOpenException from Server 7adafec3-b0f2-463f-af01-7d468c370e20: Container 1 in CLOSED state, logIndex=0, commits[7adafec3-b0f2-463f-af01-7d468c370e20:c18, d49b19ea-6ba3-479d-bc88-273610ee8dcd:c16, f49ca53a-90dd-4043-8db0-75f56fae1500:c18]
2019-08-07 04:05:17,225 INFO  client.GrpcClientProtocolClient (GrpcClientProtocolClient.java:onNext(255)) - client-EC9E27FCCB6F->7adafec3-b0f2-463f-af01-7d468c370e20: receive RaftClientReply:client-EC9E27FCCB6F->7adafec3-b0f2-463f-af01-7d468c370e20@group-66BEACE66F67, cid=27, FAILED org.apache.ratis.protocol.StateMachineException: org.apache.hadoop.hdds.scm.container.common.helpers.ContainerNotOpenException from Server 7adafec3-b0f2-463f-af01-7d468c370e20: Container 1 in CLOSED state, logIndex=0, commits[7adafec3-b0f2-463f-af01-7d468c370e20:c18, d49b19ea-6ba3-479d-bc88-273610ee8dcd:c16, f49ca53a-90dd-4043-8db0-75f56fae1500:c18]
2019-08-07 04:05:17,279 INFO  client.GrpcClientProtocolClient (GrpcClientProtocolClient.java:onNext(255)) - client-899A9D7B7EB7->f7b9037a-943b-46c6-85ee-08a8477532e9: receive RaftClientReply:client-899A9D7B7EB7->f7b9037a-943b-46c6-85ee-08a8477532e9@group-97F906D22FC2, cid=28, FAILED org.apache.ratis.protocol.NotLeaderException: Server f7b9037a-943b-46c6-85ee-08a8477532e9 is not the leader (0b21f3e6-f0c2-43e8-b6d9-5d75b3b4759c:192.168.157.245:36595). Request must be sent to leader., logIndex=0, commits[f7b9037a-943b-46c6-85ee-08a8477532e9:c2, a97530da-6325-42dd-bbf1-858bb8a52e40:c2, 0b21f3e6-f0c2-43e8-b6d9-5d75b3b4759c:c2]
2019-08-07 04:05:17,435 INFO  client.GrpcClientProtocolClient (GrpcClientProtocolClient.java:onNext(255)) - client-899A9D7B7EB7->0b21f3e6-f0c2-43e8-b6d9-5d75b3b4759c: receive RaftClientReply:client-899A9D7B7EB7->0b21f3e6-f0c2-43e8-b6d9-5d75b3b4759c@group-97F906D22FC2, cid=28, SUCCESS, logIndex=3, commits[0b21f3e6-f0c2-43e8-b6d9-5d75b3b4759c:c3, f7b9037a-943b-46c6-85ee-08a8477532e9:c2, a97530da-6325-42dd-bbf1-858bb8a52e40:c2]
2019-08-07 04:05:17,473 INFO  client.GrpcClientProtocolClient (GrpcClientProtocolClient.java:onNext(255)) - client-899A9D7B7EB7->0b21f3e6-f0c2-43e8-b6d9-5d75b3b4759c: receive RaftClientReply:client-899A9D7B7EB7->0b21f3e6-f0c2-43e8-b6d9-5d75b3b4759c@group-97F906D22FC2, cid=29, SUCCESS, logIndex=5, commits[0b21f3e6-f0c2-43e8-b6d9-5d75b3b4759c:c7, f7b9037a-943b-46c6-85ee-08a8477532e9:c4, a97530da-6325-42dd-bbf1-858bb8a52e40:c4]
2019-08-07 04:05:17,533 INFO  client.GrpcClientProtocolClient (GrpcClientProtocolClient.java:onNext(255)) - client-899A9D7B7EB7->0b21f3e6-f0c2-43e8-b6d9-5d75b3b4759c: receive RaftClientReply:client-899A9D7B7EB7->0b21f3e6-f0c2-43e8-b6d9-5d75b3b4759c@group-97F906D22FC2, cid=30, SUCCESS, logIndex=6, commits[0b21f3e6-f0c2-43e8-b6d9-5d75b3b4759c:c14, f7b9037a-943b-46c6-85ee-08a8477532e9:c9, a97530da-6325-42dd-bbf1-858bb8a52e40:c9]
2019-08-07 04:05:17,535 INFO  client.GrpcClientProtocolClient (GrpcClientProtocolClient.java:onNext(255)) - client-899A9D7B7EB7->0b21f3e6-f0c2-43e8-b6d9-5d75b3b4759c: receive RaftClientReply:client-899A9D7B7EB7->0b21f3e6-f0c2-43e8-b6d9-5d75b3b4759c@group-97F906D22FC2, cid=31, SUCCESS, logIndex=7, commits[0b21f3e6-f0c2-43e8-b6d9-5d75b3b4759c:c14, f7b9037a-943b-46c6-85ee-08a8477532e9:c9, a97530da-6325-42dd-bbf1-858bb8a52e40:c9]
2019-08-07 04:05:17,535 INFO  client.GrpcClientProtocolClient (GrpcClientProtocolClient.java:onNext(255)) - client-899A9D7B7EB7->0b21f3e6-f0c2-43e8-b6d9-5d75b3b4759c: receive RaftClientReply:client-899A9D7B7EB7->0b21f3e6-f0c2-43e8-b6d9-5d75b3b4759c@group-97F906D22FC2, cid=32, SUCCESS, logIndex=8, commits[0b21f3e6-f0c2-43e8-b6d9-5d75b3b4759c:c14, f7b9037a-943b-46c6-85ee-08a8477532e9:c9, a97530da-6325-42dd-bbf1-858bb8a52e40:c9]
2019-08-07 04:05:17,621 INFO  client.GrpcClientProtocolClient (GrpcClientProtocolClient.java:onNext(255)) - client-899A9D7B7EB7->0b21f3e6-f0c2-43e8-b6d9-5d75b3b4759c: receive RaftClientReply:client-899A9D7B7EB7->0b21f3e6-f0c2-43e8-b6d9-5d75b3b4759c@group-97F906D22FC2, cid=33, SUCCESS, logIndex=9, commits[0b21f3e6-f0c2-43e8-b6d9-5d75b3b4759c:c14, f7b9037a-943b-46c6-85ee-08a8477532e9:c9, a97530da-6325-42dd-bbf1-858bb8a52e40:c9]
2019-08-07 04:05:17,651 INFO  client.GrpcClientProtocolClient (GrpcClientProtocolClient.java:onNext(255)) - client-899A9D7B7EB7->0b21f3e6-f0c2-43e8-b6d9-5d75b3b4759c: receive RaftClientReply:client-899A9D7B7EB7->0b21f3e6-f0c2-43e8-b6d9-5d75b3b4759c@group-97F906D22FC2, cid=34, SUCCESS, logIndex=15, commits[0b21f3e6-f0c2-43e8-b6d9-5d75b3b4759c:c16, f7b9037a-943b-46c6-85ee-08a8477532e9:c14, a97530da-6325-42dd-bbf1-858bb8a52e40:c14]
2019-08-07 04:05:17,652 INFO  client.GrpcClientProtocolClient (GrpcClientProtocolClient.java:onNext(255)) - client-899A9D7B7EB7->0b21f3e6-f0c2-43e8-b6d9-5d75b3b4759c: receive RaftClientReply:client-899A9D7B7EB7->0b21f3e6-f0c2-43e8-b6d9-5d75b3b4759c@group-97F906D22FC2, cid=35, SUCCESS, logIndex=16, commits[0b21f3e6-f0c2-43e8-b6d9-5d75b3b4759c:c16, f7b9037a-943b-46c6-85ee-08a8477532e9:c14, a97530da-6325-42dd-bbf1-858bb8a52e40:c14]
2019-08-07 04:05:17,661 INFO  client.GrpcClientProtocolClient (GrpcClientProtocolClient.java:onNext(255)) - client-899A9D7B7EB7->0b21f3e6-f0c2-43e8-b6d9-5d75b3b4759c: receive RaftClientReply:client-899A9D7B7EB7->0b21f3e6-f0c2-43e8-b6d9-5d75b3b4759c@group-97F906D22FC2, cid=36, SUCCESS, logIndex=0, commits[0b21f3e6-f0c2-43e8-b6d9-5d75b3b4759c:c18, f7b9037a-943b-46c6-85ee-08a8477532e9:c16, a97530da-6325-42dd-bbf1-858bb8a52e40:c16]
2019-08-07 04:05:17,662 INFO  ozone.MiniOzoneClusterImpl (MiniOzoneClusterImpl.java:shutdown(321)) - Shutting down the Mini Ozone Cluster
2019-08-07 04:05:17,662 INFO  ozone.MiniOzoneClusterImpl (MiniOzoneClusterImpl.java:stop(336)) - Stopping the Mini Ozone Cluster
2019-08-07 04:05:17,663 INFO  ozone.MiniOzoneClusterImpl (MiniOzoneClusterImpl.java:stop(338)) - Stopping the OzoneManager
2019-08-07 04:05:17,663 INFO  ipc.Server (Server.java:stop(3082)) - Stopping server on 45144
2019-08-07 04:05:17,664 INFO  ipc.Server (Server.java:run(1185)) - Stopping IPC Server listener on 45144
2019-08-07 04:05:17,664 INFO  utils.BackgroundService (BackgroundService.java:shutdown(148)) - Shutting down service KeyDeletingService
2019-08-07 04:05:17,666 INFO  ipc.Server (Server.java:run(1319)) - Stopping IPC Server Responder
2019-08-07 04:05:17,667 INFO  handler.ContextHandler (ContextHandler.java:doStop(910)) - Stopped o.e.j.w.WebAppContext@4bdcaf36{/,null,UNAVAILABLE}{/ozoneManager}
2019-08-07 04:05:17,668 INFO  server.AbstractConnector (AbstractConnector.java:doStop(318)) - Stopped ServerConnector@61d01788{HTTP/1.1,[http/1.1]}{0.0.0.0:0}
2019-08-07 04:05:17,668 INFO  handler.ContextHandler (ContextHandler.java:doStop(910)) - Stopped o.e.j.s.ServletContextHandler@47c64cfe{/static,file:///workdir/hadoop-ozone/integration-test/target/test-classes/webapps/static,UNAVAILABLE}
2019-08-07 04:05:17,669 INFO  handler.ContextHandler (ContextHandler.java:doStop(910)) - Stopped o.e.j.s.ServletContextHandler@6d91790b{/logs,file:///workdir/hadoop-ozone/integration-test/target/log,UNAVAILABLE}
2019-08-07 04:05:17,675 INFO  ozone.MiniOzoneClusterImpl (MiniOzoneClusterImpl.java:stop(344)) - Shutting the HddsDatanodes
2019-08-07 04:05:17,676 INFO  datanode.ObjectStoreHandler (ObjectStoreHandler.java:close(155)) - Closing ObjectStoreHandler.
2019-08-07 04:05:17,676 INFO  datanode.ObjectStoreHandler (ObjectStoreHandler.java:close(155)) - Closing ObjectStoreHandler.
2019-08-07 04:05:17,678 INFO  ozone.HddsDatanodeService (HddsDatanodeService.java:stop(451)) - Stopped plug-in org.apache.hadoop.ozone.web.OzoneHddsDatanodeService@1c3b6963
2019-08-07 04:05:17,678 INFO  ozone.HddsDatanodeService (HddsDatanodeService.java:stop(451)) - Stopped plug-in org.apache.hadoop.ozone.web.OzoneHddsDatanodeService@20d19f2c
2019-08-07 04:05:17,968 INFO  statemachine.DatanodeStateMachine (DatanodeStateMachine.java:lambda$startDaemon$0(350)) - Ozone container server started.
2019-08-07 04:05:18,407 INFO  statemachine.DatanodeStateMachine (DatanodeStateMachine.java:lambda$startDaemon$0(350)) - Ozone container server started.
2019-08-07 04:05:18,607 WARN  server.GrpcLogAppender (LogUtils.java:warn(134)) - 7adafec3-b0f2-463f-af01-7d468c370e20->d49b19ea-6ba3-479d-bc88-273610ee8dcd: Failed appendEntries: org.apache.ratis.thirdparty.io.grpc.StatusRuntimeException: UNAVAILABLE: io exception
2019-08-07 04:05:18,610 INFO  impl.FollowerInfo (FollowerInfo.java:lambda$new$0(50)) - 7adafec3-b0f2-463f-af01-7d468c370e20->d49b19ea-6ba3-479d-bc88-273610ee8dcd: nextIndex: updateUnconditionally 15 -> 14
2019-08-07 04:05:18,611 WARN  server.GrpcLogAppender (LogUtils.java:warn(134)) - 7adafec3-b0f2-463f-af01-7d468c370e20->f49ca53a-90dd-4043-8db0-75f56fae1500: Failed appendEntries: org.apache.ratis.thirdparty.io.grpc.StatusRuntimeException: UNAVAILABLE: io exception
2019-08-07 04:05:18,613 INFO  impl.FollowerInfo (FollowerInfo.java:lambda$new$0(50)) - 7adafec3-b0f2-463f-af01-7d468c370e20->f49ca53a-90dd-4043-8db0-75f56fae1500: nextIndex: updateUnconditionally 18 -> 17
2019-08-07 04:05:21,108 WARN  server.GrpcLogAppender (LogUtils.java:warn(134)) - 7adafec3-b0f2-463f-af01-7d468c370e20->d49b19ea-6ba3-479d-bc88-273610ee8dcd: Failed appendEntries: org.apache.ratis.thirdparty.io.grpc.StatusRuntimeException: UNAVAILABLE: io exception
2019-08-07 04:05:21,112 INFO  impl.FollowerInfo (FollowerInfo.java:lambda$new$0(50)) - 7adafec3-b0f2-463f-af01-7d468c370e20->d49b19ea-6ba3-479d-bc88-273610ee8dcd: nextIndex: updateUnconditionally 14 -> 13
2019-08-07 04:05:21,112 WARN  server.GrpcLogAppender (LogUtils.java:warn(134)) - 7adafec3-b0f2-463f-af01-7d468c370e20->f49ca53a-90dd-4043-8db0-75f56fae1500: Failed appendEntries: org.apache.ratis.thirdparty.io.grpc.StatusRuntimeException: UNAVAILABLE: io exception
2019-08-07 04:05:21,115 INFO  impl.FollowerInfo (FollowerInfo.java:lambda$new$0(50)) - 7adafec3-b0f2-463f-af01-7d468c370e20->f49ca53a-90dd-4043-8db0-75f56fae1500: nextIndex: updateUnconditionally 17 -> 16
2019-08-07 04:05:21,996 INFO  node.StaleNodeHandler (StaleNodeHandler.java:onMessage(58)) - Datanode 6c6467a9-1f52-40cc-ac68-0360210b74cd{ip: 192.168.157.245, host: byscane-nightly-ds7lx-2296511547, networkLocation: /default-rack, certSerialId: null} moved to stale state. Finalizing its pipelines [PipelineID=d1f01239-beb2-42c1-a273-6a46facf61e2]
2019-08-07 04:05:21,997 INFO  pipeline.SCMPipelineManager (SCMPipelineManager.java:finalizeAndDestroyPipeline(309)) - destroying pipeline:Pipeline[ Id: d1f01239-beb2-42c1-a273-6a46facf61e2, Nodes: 6c6467a9-1f52-40cc-ac68-0360210b74cd{ip: 192.168.157.245, host: byscane-nightly-ds7lx-2296511547, networkLocation: /default-rack, certSerialId: null}, Type:RATIS, Factor:ONE, State:OPEN]
2019-08-07 04:05:21,997 INFO  pipeline.PipelineStateManager (PipelineStateManager.java:finalizePipeline(123)) - Pipeline Pipeline[ Id: d1f01239-beb2-42c1-a273-6a46facf61e2, Nodes: 6c6467a9-1f52-40cc-ac68-0360210b74cd{ip: 192.168.157.245, host: byscane-nightly-ds7lx-2296511547, networkLocation: /default-rack, certSerialId: null}, Type:RATIS, Factor:ONE, State:CLOSED] moved to CLOSED state
2019-08-07 04:05:22,497 INFO  node.StaleNodeHandler (StaleNodeHandler.java:onMessage(58)) - Datanode a97530da-6325-42dd-bbf1-858bb8a52e40{ip: 192.168.157.245, host: byscane-nightly-ds7lx-2296511547, networkLocation: /default-rack, certSerialId: null} moved to stale state. Finalizing its pipelines [PipelineID=f2689bcc-c858-417b-b71a-97f906d22fc2, PipelineID=799e8463-8f3f-4583-b703-1a24608dca6e]
2019-08-07 04:05:22,498 INFO  pipeline.SCMPipelineManager (SCMPipelineManager.java:finalizeAndDestroyPipeline(309)) - destroying pipeline:Pipeline[ Id: f2689bcc-c858-417b-b71a-97f906d22fc2, Nodes: f7b9037a-943b-46c6-85ee-08a8477532e9{ip: 192.168.157.245, host: byscane-nightly-ds7lx-2296511547, networkLocation: /default-rack, certSerialId: null}a97530da-6325-42dd-bbf1-858bb8a52e40{ip: 192.168.157.245, host: byscane-nightly-ds7lx-2296511547, networkLocation: /default-rack, certSerialId: null}0b21f3e6-f0c2-43e8-b6d9-5d75b3b4759c{ip: 192.168.157.245, host: byscane-nightly-ds7lx-2296511547, networkLocation: /default-rack, certSerialId: null}, Type:RATIS, Factor:THREE, State:OPEN]
2019-08-07 04:05:22,498 INFO  pipeline.PipelineStateManager (PipelineStateManager.java:finalizePipeline(123)) - Pipeline Pipeline[ Id: f2689bcc-c858-417b-b71a-97f906d22fc2, Nodes: f7b9037a-943b-46c6-85ee-08a8477532e9{ip: 192.168.157.245, host: byscane-nightly-ds7lx-2296511547, networkLocation: /default-rack, certSerialId: null}a97530da-6325-42dd-bbf1-858bb8a52e40{ip: 192.168.157.245, host: byscane-nightly-ds7lx-2296511547, networkLocation: /default-rack, certSerialId: null}0b21f3e6-f0c2-43e8-b6d9-5d75b3b4759c{ip: 192.168.157.245, host: byscane-nightly-ds7lx-2296511547, networkLocation: /default-rack, certSerialId: null}, Type:RATIS, Factor:THREE, State:CLOSED] moved to CLOSED state
2019-08-07 04:05:22,498 INFO  container.CloseContainerEventHandler (CloseContainerEventHandler.java:onMessage(61)) - Close container Event triggered for container : #2
2019-08-07 04:05:22,498 INFO  pipeline.SCMPipelineManager (SCMPipelineManager.java:finalizeAndDestroyPipeline(309)) - destroying pipeline:Pipeline[ Id: 799e8463-8f3f-4583-b703-1a24608dca6e, Nodes: a97530da-6325-42dd-bbf1-858bb8a52e40{ip: 192.168.157.245, host: byscane-nightly-ds7lx-2296511547, networkLocation: /default-rack, certSerialId: null}, Type:RATIS, Factor:ONE, State:OPEN]
2019-08-07 04:05:22,499 INFO  pipeline.PipelineStateManager (PipelineStateManager.java:finalizePipeline(123)) - Pipeline Pipeline[ Id: 799e8463-8f3f-4583-b703-1a24608dca6e, Nodes: a97530da-6325-42dd-bbf1-858bb8a52e40{ip: 192.168.157.245, host: byscane-nightly-ds7lx-2296511547, networkLocation: /default-rack, certSerialId: null}, Type:RATIS, Factor:ONE, State:CLOSED] moved to CLOSED state
2019-08-07 04:05:22,679 INFO  ozoneimpl.OzoneContainer (OzoneContainer.java:stop(199)) - Attempting to stop container services.
2019-08-07 04:05:22,679 INFO  ozoneimpl.OzoneContainer (OzoneContainer.java:stop(199)) - Attempting to stop container services.
2019-08-07 04:05:22,680 INFO  impl.RaftServerProxy (RaftServerProxy.java:lambda$close$4(314)) - 6c6467a9-1f52-40cc-ac68-0360210b74cd: close
2019-08-07 04:05:22,680 INFO  impl.RaftServerProxy (RaftServerProxy.java:lambda$close$4(314)) - a97530da-6325-42dd-bbf1-858bb8a52e40: close
2019-08-07 04:05:22,680 INFO  impl.RaftServerImpl (RaftServerImpl.java:lambda$shutdown$3(245)) - 6c6467a9-1f52-40cc-ac68-0360210b74cd: shutdown group-6A46FACF61E2
2019-08-07 04:05:22,681 INFO  impl.RaftServerImpl (RaftServerImpl.java:lambda$shutdown$3(245)) - a97530da-6325-42dd-bbf1-858bb8a52e40: shutdown group-97F906D22FC2
2019-08-07 04:05:22,681 INFO  util.JmxRegister (JmxRegister.java:unregister(73)) - Successfully un-registered JMX Bean with object name Ratis:service=RaftServer,group=group-6A46FACF61E2,id=6c6467a9-1f52-40cc-ac68-0360210b74cd
2019-08-07 04:05:22,682 INFO  impl.RoleInfo (RoleInfo.java:shutdownLeaderState(104)) - 6c6467a9-1f52-40cc-ac68-0360210b74cd: shutdown LeaderState
2019-08-07 04:05:22,681 INFO  util.JmxRegister (JmxRegister.java:unregister(73)) - Successfully un-registered JMX Bean with object name Ratis:service=RaftServer,group=group-97F906D22FC2,id=a97530da-6325-42dd-bbf1-858bb8a52e40
2019-08-07 04:05:22,682 INFO  impl.PendingRequests (PendingRequests.java:sendNotLeaderResponses(202)) - 6c6467a9-1f52-40cc-ac68-0360210b74cd-PendingRequests: sendNotLeaderResponses
2019-08-07 04:05:22,683 INFO  impl.RoleInfo (RoleInfo.java:shutdownFollowerState(121)) - a97530da-6325-42dd-bbf1-858bb8a52e40: shutdown FollowerState
2019-08-07 04:05:22,683 INFO  impl.StateMachineUpdater (StateMachineUpdater.java:stopAndJoin(115)) - StateMachineUpdater:6c6467a9-1f52-40cc-ac68-0360210b74cd:group-6A46FACF61E2: set stopIndex = 0
2019-08-07 04:05:22,683 INFO  impl.FollowerState (FollowerState.java:run(114)) - a97530da-6325-42dd-bbf1-858bb8a52e40: FollowerState was interrupted: java.lang.InterruptedException: sleep interrupted
2019-08-07 04:05:22,683 INFO  ratis.ContainerStateMachine (ContainerStateMachine.java:takeSnapshot(262)) - group-97F906D22FC2: Taking a snapshot at:(t:4, i:16) file /workdir/hadoop-ozone/integration-test/target/test-dir/MiniOzoneClusterImpl-7026e4b8-6df6-4897-bd33-9f5e93510a50/datanode-1/data/ratis/f2689bcc-c858-417b-b71a-97f906d22fc2/sm/snapshot.4_16
2019-08-07 04:05:22,683 INFO  impl.StateMachineUpdater (StateMachineUpdater.java:stopAndJoin(115)) - StateMachineUpdater:a97530da-6325-42dd-bbf1-858bb8a52e40:group-97F906D22FC2: set stopIndex = 18
2019-08-07 04:05:22,684 INFO  impl.RaftServerImpl (ServerState.java:close(394)) - 6c6467a9-1f52-40cc-ac68-0360210b74cd:group-6A46FACF61E2 closes. The last applied log index is 0
2019-08-07 04:05:22,688 INFO  segmented.SegmentedRaftLogWorker (SegmentedRaftLogWorker.java:run(313)) - 6c6467a9-1f52-40cc-ac68-0360210b74cd-SegmentedRaftLogWorker:Storage Directory /workdir/hadoop-ozone/integration-test/target/test-dir/MiniOzoneClusterImpl-7026e4b8-6df6-4897-bd33-9f5e93510a50/datanode-4/data/ratis/d1f01239-beb2-42c1-a273-6a46facf61e2 was interrupted, exiting. There are 0 tasks remaining in the queue.
2019-08-07 04:05:22,699 INFO  segmented.SegmentedRaftLogWorker (SegmentedRaftLogWorker.java:close(228)) - 6c6467a9-1f52-40cc-ac68-0360210b74cd-SegmentedRaftLogWorker:Storage Directory /workdir/hadoop-ozone/integration-test/target/test-dir/MiniOzoneClusterImpl-7026e4b8-6df6-4897-bd33-9f5e93510a50/datanode-4/data/ratis/d1f01239-beb2-42c1-a273-6a46facf61e2 close()
2019-08-07 04:05:22,705 INFO  ratis.ContainerStateMachine (ContainerStateMachine.java:takeSnapshot(273)) - group-97F906D22FC2: Finished taking a snapshot at:(t:4, i:16) file:/workdir/hadoop-ozone/integration-test/target/test-dir/MiniOzoneClusterImpl-7026e4b8-6df6-4897-bd33-9f5e93510a50/datanode-1/data/ratis/f2689bcc-c858-417b-b71a-97f906d22fc2/sm/snapshot.4_16 time:19
2019-08-07 04:05:22,705 INFO  server.GrpcService (GrpcService.java:closeImpl(155)) - 6c6467a9-1f52-40cc-ac68-0360210b74cd: shutdown server with port 46524 now
2019-08-07 04:05:22,705 INFO  impl.StateMachineUpdater (StateMachineUpdater.java:takeSnapshot(242)) - StateMachineUpdater:a97530da-6325-42dd-bbf1-858bb8a52e40:group-97F906D22FC2: Took a snapshot at index 16
2019-08-07 04:05:22,706 INFO  impl.StateMachineUpdater (StateMachineUpdater.java:lambda$new$0(80)) - StateMachineUpdater:a97530da-6325-42dd-bbf1-858bb8a52e40:group-97F906D22FC2: snapshotIndex: updateIncreasingly -1 -> 16
2019-08-07 04:05:22,707 INFO  impl.RaftServerImpl (ServerState.java:close(394)) - a97530da-6325-42dd-bbf1-858bb8a52e40:group-97F906D22FC2 closes. The last applied log index is 18
2019-08-07 04:05:22,708 INFO  server.GrpcService (GrpcService.java:closeImpl(163)) - 6c6467a9-1f52-40cc-ac68-0360210b74cd: shutdown server with port 46524 successfully
2019-08-07 04:05:22,709 INFO  segmented.SegmentedRaftLogWorker (SegmentedRaftLogWorker.java:run(313)) - a97530da-6325-42dd-bbf1-858bb8a52e40-SegmentedRaftLogWorker:Storage Directory /workdir/hadoop-ozone/integration-test/target/test-dir/MiniOzoneClusterImpl-7026e4b8-6df6-4897-bd33-9f5e93510a50/datanode-1/data/ratis/f2689bcc-c858-417b-b71a-97f906d22fc2 was interrupted, exiting. There are 0 tasks remaining in the queue.
2019-08-07 04:05:22,712 INFO  segmented.SegmentedRaftLogWorker (SegmentedRaftLogWorker.java:close(228)) - a97530da-6325-42dd-bbf1-858bb8a52e40-SegmentedRaftLogWorker:Storage Directory /workdir/hadoop-ozone/integration-test/target/test-dir/MiniOzoneClusterImpl-7026e4b8-6df6-4897-bd33-9f5e93510a50/datanode-1/data/ratis/f2689bcc-c858-417b-b71a-97f906d22fc2 close()
2019-08-07 04:05:22,712 INFO  utils.BackgroundService (BackgroundService.java:shutdown(148)) - Shutting down service BlockDeletingService
2019-08-07 04:05:22,716 INFO  impl.RaftServerImpl (RaftServerImpl.java:lambda$shutdown$3(245)) - a97530da-6325-42dd-bbf1-858bb8a52e40: shutdown group-1A24608DCA6E
2019-08-07 04:05:22,717 INFO  util.JmxRegister (JmxRegister.java:unregister(73)) - Successfully un-registered JMX Bean with object name Ratis:service=RaftServer,group=group-1A24608DCA6E,id=a97530da-6325-42dd-bbf1-858bb8a52e40
2019-08-07 04:05:22,717 INFO  impl.RoleInfo (RoleInfo.java:shutdownLeaderState(104)) - a97530da-6325-42dd-bbf1-858bb8a52e40: shutdown LeaderState
2019-08-07 04:05:22,718 WARN  fs.CachingGetSpaceUsed (CachingGetSpaceUsed.java:run(183)) - Thread Interrupted waiting to refresh disk information: sleep interrupted
2019-08-07 04:05:22,718 INFO  impl.PendingRequests (PendingRequests.java:sendNotLeaderResponses(202)) - a97530da-6325-42dd-bbf1-858bb8a52e40-PendingRequests: sendNotLeaderResponses
2019-08-07 04:05:22,720 INFO  impl.StateMachineUpdater (StateMachineUpdater.java:stopAndJoin(115)) - StateMachineUpdater:a97530da-6325-42dd-bbf1-858bb8a52e40:group-1A24608DCA6E: set stopIndex = 0
2019-08-07 04:05:22,721 INFO  impl.RaftServerImpl (ServerState.java:close(394)) - a97530da-6325-42dd-bbf1-858bb8a52e40:group-1A24608DCA6E closes. The last applied log index is 0
2019-08-07 04:05:22,721 INFO  segmented.SegmentedRaftLogWorker (SegmentedRaftLogWorker.java:run(313)) - a97530da-6325-42dd-bbf1-858bb8a52e40-SegmentedRaftLogWorker:Storage Directory /workdir/hadoop-ozone/integration-test/target/test-dir/MiniOzoneClusterImpl-7026e4b8-6df6-4897-bd33-9f5e93510a50/datanode-1/data/ratis/799e8463-8f3f-4583-b703-1a24608dca6e was interrupted, exiting. There are 0 tasks remaining in the queue.
2019-08-07 04:05:22,724 INFO  segmented.SegmentedRaftLogWorker (SegmentedRaftLogWorker.java:close(228)) - a97530da-6325-42dd-bbf1-858bb8a52e40-SegmentedRaftLogWorker:Storage Directory /workdir/hadoop-ozone/integration-test/target/test-dir/MiniOzoneClusterImpl-7026e4b8-6df6-4897-bd33-9f5e93510a50/datanode-1/data/ratis/799e8463-8f3f-4583-b703-1a24608dca6e close()
2019-08-07 04:05:22,728 INFO  server.GrpcService (GrpcService.java:closeImpl(155)) - a97530da-6325-42dd-bbf1-858bb8a52e40: shutdown server with port 44184 now
2019-08-07 04:05:22,730 WARN  server.GrpcServerProtocolService (LogUtils.java:warn(134)) - a97530da-6325-42dd-bbf1-858bb8a52e40: appendEntries onError: org.apache.ratis.thirdparty.io.grpc.StatusRuntimeException: CANCELLED: cancelled before receiving half close
2019-08-07 04:05:22,733 INFO  server.GrpcService (GrpcService.java:closeImpl(163)) - a97530da-6325-42dd-bbf1-858bb8a52e40: shutdown server with port 44184 successfully
2019-08-07 04:05:22,735 WARN  server.GrpcLogAppender (LogUtils.java:warn(134)) - 0b21f3e6-f0c2-43e8-b6d9-5d75b3b4759c->a97530da-6325-42dd-bbf1-858bb8a52e40: Failed appendEntries: org.apache.ratis.thirdparty.io.grpc.StatusRuntimeException: CANCELLED: HTTP/2 error code: CANCEL
Received Rst Stream
2019-08-07 04:05:22,735 INFO  impl.FollowerInfo (FollowerInfo.java:lambda$new$0(50)) - 0b21f3e6-f0c2-43e8-b6d9-5d75b3b4759c->a97530da-6325-42dd-bbf1-858bb8a52e40: nextIndex: updateUnconditionally 19 -> 18
2019-08-07 04:05:22,736 INFO  utils.BackgroundService (BackgroundService.java:shutdown(148)) - Shutting down service BlockDeletingService
2019-08-07 04:05:22,741 WARN  fs.CachingGetSpaceUsed (CachingGetSpaceUsed.java:run(183)) - Thread Interrupted waiting to refresh disk information: sleep interrupted
2019-08-07 04:05:22,754 INFO  statemachine.DatanodeStateMachine (DatanodeStateMachine.java:stopDaemon(395)) - Ozone container server stopped.
2019-08-07 04:05:22,760 INFO  handler.ContextHandler (ContextHandler.java:doStop(910)) - Stopped o.e.j.w.WebAppContext@251c90f{/,null,UNAVAILABLE}{/hddsDatanode}
2019-08-07 04:05:22,763 INFO  statemachine.DatanodeStateMachine (DatanodeStateMachine.java:stopDaemon(395)) - Ozone container server stopped.
2019-08-07 04:05:22,768 INFO  server.AbstractConnector (AbstractConnector.java:doStop(318)) - Stopped ServerConnector@6629643d{HTTP/1.1,[http/1.1]}{0.0.0.0:0}
2019-08-07 04:05:22,768 INFO  handler.ContextHandler (ContextHandler.java:doStop(910)) - Stopped o.e.j.w.WebAppContext@747835f5{/,null,UNAVAILABLE}{/hddsDatanode}
2019-08-07 04:05:22,768 INFO  handler.ContextHandler (ContextHandler.java:doStop(910)) - Stopped o.e.j.s.ServletContextHandler@46f73ffa{/static,jar:file:/home/user/.m2/repository/org/apache/hadoop/hadoop-hdds-container-service/0.4.1-SNAPSHOT/hadoop-hdds-container-service-0.4.1-SNAPSHOT.jar!/webapps/static,UNAVAILABLE}
2019-08-07 04:05:22,769 INFO  server.AbstractConnector (AbstractConnector.java:doStop(318)) - Stopped ServerConnector@594131f2{HTTP/1.1,[http/1.1]}{0.0.0.0:0}
2019-08-07 04:05:22,769 INFO  handler.ContextHandler (ContextHandler.java:doStop(910)) - Stopped o.e.j.s.ServletContextHandler@42c12b3e{/logs,file:///workdir/hadoop-ozone/integration-test/target/log,UNAVAILABLE}
2019-08-07 04:05:22,770 INFO  handler.ContextHandler (ContextHandler.java:doStop(910)) - Stopped o.e.j.s.ServletContextHandler@32a4ecbe{/static,jar:file:/home/user/.m2/repository/org/apache/hadoop/hadoop-hdds-container-service/0.4.1-SNAPSHOT/hadoop-hdds-container-service-0.4.1-SNAPSHOT.jar!/webapps/static,UNAVAILABLE}
2019-08-07 04:05:22,772 INFO  handler.ContextHandler (ContextHandler.java:doStop(910)) - Stopped o.e.j.s.ServletContextHandler@515b9d4a{/logs,file:///workdir/hadoop-ozone/integration-test/target/log,UNAVAILABLE}
2019-08-07 04:05:22,774 INFO  datanode.ObjectStoreHandler (ObjectStoreHandler.java:close(155)) - Closing ObjectStoreHandler.
2019-08-07 04:05:22,774 INFO  datanode.ObjectStoreHandler (ObjectStoreHandler.java:close(155)) - Closing ObjectStoreHandler.
2019-08-07 04:05:22,775 INFO  ozone.HddsDatanodeService (HddsDatanodeService.java:stop(451)) - Stopped plug-in org.apache.hadoop.ozone.web.OzoneHddsDatanodeService@4702e7a5
2019-08-07 04:05:22,775 INFO  ozone.HddsDatanodeService (HddsDatanodeService.java:stop(451)) - Stopped plug-in org.apache.hadoop.ozone.web.OzoneHddsDatanodeService@2589d787
2019-08-07 04:05:23,407 INFO  statemachine.DatanodeStateMachine (DatanodeStateMachine.java:lambda$startDaemon$0(350)) - Ozone container server started.
2019-08-07 04:05:23,610 WARN  server.GrpcLogAppender (LogUtils.java:warn(134)) - 7adafec3-b0f2-463f-af01-7d468c370e20->d49b19ea-6ba3-479d-bc88-273610ee8dcd: Failed appendEntries: org.apache.ratis.thirdparty.io.grpc.StatusRuntimeException: UNAVAILABLE: io exception
2019-08-07 04:05:23,611 WARN  server.GrpcLogAppender (LogUtils.java:warn(134)) - 7adafec3-b0f2-463f-af01-7d468c370e20->f49ca53a-90dd-4043-8db0-75f56fae1500: Failed appendEntries: org.apache.ratis.thirdparty.io.grpc.StatusRuntimeException: UNAVAILABLE: io exception
2019-08-07 04:05:23,614 INFO  impl.FollowerInfo (FollowerInfo.java:lambda$new$0(50)) - 7adafec3-b0f2-463f-af01-7d468c370e20->d49b19ea-6ba3-479d-bc88-273610ee8dcd: nextIndex: updateUnconditionally 13 -> 12
2019-08-07 04:05:23,614 INFO  impl.FollowerInfo (FollowerInfo.java:lambda$new$0(50)) - 7adafec3-b0f2-463f-af01-7d468c370e20->f49ca53a-90dd-4043-8db0-75f56fae1500: nextIndex: updateUnconditionally 16 -> 15
2019-08-07 04:05:23,648 INFO  statemachine.DatanodeStateMachine (DatanodeStateMachine.java:lambda$startDaemon$0(350)) - Ozone container server started.
2019-08-07 04:05:25,172 WARN  server.GrpcLogAppender (LogUtils.java:warn(134)) - 0b21f3e6-f0c2-43e8-b6d9-5d75b3b4759c->a97530da-6325-42dd-bbf1-858bb8a52e40: Failed appendEntries: org.apache.ratis.thirdparty.io.grpc.StatusRuntimeException: UNAVAILABLE: io exception
2019-08-07 04:05:25,175 INFO  impl.FollowerInfo (FollowerInfo.java:lambda$new$0(50)) - 0b21f3e6-f0c2-43e8-b6d9-5d75b3b4759c->a97530da-6325-42dd-bbf1-858bb8a52e40: nextIndex: updateUnconditionally 18 -> 17
2019-08-07 04:05:25,445 WARN  server.GrpcLogAppender (LogUtils.java:warn(134)) - 0b21f3e6-f0c2-43e8-b6d9-5d75b3b4759c->a97530da-6325-42dd-bbf1-858bb8a52e40: Failed appendEntries: org.apache.ratis.thirdparty.io.grpc.StatusRuntimeException: UNAVAILABLE: io exception
2019-08-07 04:05:25,448 INFO  impl.FollowerInfo (FollowerInfo.java:lambda$new$0(50)) - 0b21f3e6-f0c2-43e8-b6d9-5d75b3b4759c->a97530da-6325-42dd-bbf1-858bb8a52e40: nextIndex: updateUnconditionally 18 -> 17
2019-08-07 04:05:25,459 WARN  server.GrpcLogAppender (LogUtils.java:warn(134)) - 0b21f3e6-f0c2-43e8-b6d9-5d75b3b4759c->a97530da-6325-42dd-bbf1-858bb8a52e40: Failed appendEntries: org.apache.ratis.thirdparty.io.grpc.StatusRuntimeException: UNAVAILABLE: io exception
2019-08-07 04:05:25,461 INFO  impl.FollowerInfo (FollowerInfo.java:lambda$new$0(50)) - 0b21f3e6-f0c2-43e8-b6d9-5d75b3b4759c->a97530da-6325-42dd-bbf1-858bb8a52e40: nextIndex: updateUnconditionally 18 -> 17
2019-08-07 04:05:25,473 WARN  server.GrpcLogAppender (LogUtils.java:warn(134)) - 0b21f3e6-f0c2-43e8-b6d9-5d75b3b4759c->a97530da-6325-42dd-bbf1-858bb8a52e40: Failed appendEntries: org.apache.ratis.thirdparty.io.grpc.StatusRuntimeException: UNAVAILABLE: io exception
2019-08-07 04:05:25,475 INFO  impl.FollowerInfo (FollowerInfo.java:lambda$new$0(50)) - 0b21f3e6-f0c2-43e8-b6d9-5d75b3b4759c->a97530da-6325-42dd-bbf1-858bb8a52e40: nextIndex: updateUnconditionally 18 -> 17
2019-08-07 04:05:25,503 INFO  interfaces.Container (KeyValueContainer.java:compactDB(356)) - Container 2 is closed with bcsId 16.
2019-08-07 04:05:25,505 INFO  container.IncrementalContainerReportHandler (AbstractContainerReportHandler.java:updateContainerState(176)) - Moving container #2 to CLOSED state, datanode 0b21f3e6-f0c2-43e8-b6d9-5d75b3b4759c{ip: 192.168.157.245, host: byscane-nightly-ds7lx-2296511547, networkLocation: /default-rack, certSerialId: null} reported CLOSED replica.
2019-08-07 04:05:25,529 INFO  interfaces.Container (KeyValueContainer.java:compactDB(356)) - Container 2 is closed with bcsId 16.
2019-08-07 04:05:26,111 WARN  server.GrpcLogAppender (LogUtils.java:warn(134)) - 7adafec3-b0f2-463f-af01-7d468c370e20->d49b19ea-6ba3-479d-bc88-273610ee8dcd: Failed appendEntries: org.apache.ratis.thirdparty.io.grpc.StatusRuntimeException: UNAVAILABLE: io exception
2019-08-07 04:05:26,113 INFO  impl.FollowerInfo (FollowerInfo.java:lambda$new$0(50)) - 7adafec3-b0f2-463f-af01-7d468c370e20->d49b19ea-6ba3-479d-bc88-273610ee8dcd: nextIndex: updateUnconditionally 12 -> 11
2019-08-07 04:05:26,114 WARN  server.GrpcLogAppender (LogUtils.java:warn(134)) - 7adafec3-b0f2-463f-af01-7d468c370e20->f49ca53a-90dd-4043-8db0-75f56fae1500: Failed appendEntries: org.apache.ratis.thirdparty.io.grpc.StatusRuntimeException: UNAVAILABLE: io exception
2019-08-07 04:05:26,115 INFO  impl.FollowerInfo (FollowerInfo.java:lambda$new$0(50)) - 7adafec3-b0f2-463f-af01-7d468c370e20->f49ca53a-90dd-4043-8db0-75f56fae1500: nextIndex: updateUnconditionally 15 -> 14
2019-08-07 04:05:27,506 INFO  node.StaleNodeHandler (StaleNodeHandler.java:onMessage(58)) - Datanode f7b9037a-943b-46c6-85ee-08a8477532e9{ip: 192.168.157.245, host: byscane-nightly-ds7lx-2296511547, networkLocation: /default-rack, certSerialId: null} moved to stale state. Finalizing its pipelines [PipelineID=f2689bcc-c858-417b-b71a-97f906d22fc2, PipelineID=8b826fcc-277d-4ba4-a8b2-1e8ffc4ee81f]
2019-08-07 04:05:27,507 INFO  pipeline.SCMPipelineManager (SCMPipelineManager.java:finalizeAndDestroyPipeline(309)) - destroying pipeline:Pipeline[ Id: f2689bcc-c858-417b-b71a-97f906d22fc2, Nodes: f7b9037a-943b-46c6-85ee-08a8477532e9{ip: 192.168.157.245, host: byscane-nightly-ds7lx-2296511547, networkLocation: /default-rack, certSerialId: null}a97530da-6325-42dd-bbf1-858bb8a52e40{ip: 192.168.157.245, host: byscane-nightly-ds7lx-2296511547, networkLocation: /default-rack, certSerialId: null}0b21f3e6-f0c2-43e8-b6d9-5d75b3b4759c{ip: 192.168.157.245, host: byscane-nightly-ds7lx-2296511547, networkLocation: /default-rack, certSerialId: null}, Type:RATIS, Factor:THREE, State:CLOSED]
2019-08-07 04:05:27,507 INFO  pipeline.SCMPipelineManager (SCMPipelineManager.java:finalizeAndDestroyPipeline(309)) - destroying pipeline:Pipeline[ Id: 8b826fcc-277d-4ba4-a8b2-1e8ffc4ee81f, Nodes: f7b9037a-943b-46c6-85ee-08a8477532e9{ip: 192.168.157.245, host: byscane-nightly-ds7lx-2296511547, networkLocation: /default-rack, certSerialId: null}, Type:RATIS, Factor:ONE, State:OPEN]
2019-08-07 04:05:27,507 INFO  pipeline.PipelineStateManager (PipelineStateManager.java:finalizePipeline(123)) - Pipeline Pipeline[ Id: 8b826fcc-277d-4ba4-a8b2-1e8ffc4ee81f, Nodes: f7b9037a-943b-46c6-85ee-08a8477532e9{ip: 192.168.157.245, host: byscane-nightly-ds7lx-2296511547, networkLocation: /default-rack, certSerialId: null}, Type:RATIS, Factor:ONE, State:CLOSED] moved to CLOSED state
2019-08-07 04:05:27,707 INFO  node.StaleNodeHandler (StaleNodeHandler.java:onMessage(58)) - Datanode 7adafec3-b0f2-463f-af01-7d468c370e20{ip: 192.168.157.245, host: byscane-nightly-ds7lx-2296511547, networkLocation: /default-rack, certSerialId: null} moved to stale state. Finalizing its pipelines [PipelineID=5901f511-7403-4744-8bed-d124a49545ad, PipelineID=ad9cd516-662b-487c-9f0e-66beace66f67]
2019-08-07 04:05:27,707 INFO  pipeline.SCMPipelineManager (SCMPipelineManager.java:finalizeAndDestroyPipeline(309)) - destroying pipeline:Pipeline[ Id: 5901f511-7403-4744-8bed-d124a49545ad, Nodes: 7adafec3-b0f2-463f-af01-7d468c370e20{ip: 192.168.157.245, host: byscane-nightly-ds7lx-2296511547, networkLocation: /default-rack, certSerialId: null}, Type:RATIS, Factor:ONE, State:OPEN]
2019-08-07 04:05:27,707 INFO  pipeline.PipelineStateManager (PipelineStateManager.java:finalizePipeline(123)) - Pipeline Pipeline[ Id: 5901f511-7403-4744-8bed-d124a49545ad, Nodes: 7adafec3-b0f2-463f-af01-7d468c370e20{ip: 192.168.157.245, host: byscane-nightly-ds7lx-2296511547, networkLocation: /default-rack, certSerialId: null}, Type:RATIS, Factor:ONE, State:CLOSED] moved to CLOSED state
2019-08-07 04:05:27,707 INFO  pipeline.SCMPipelineManager (SCMPipelineManager.java:finalizeAndDestroyPipeline(309)) - destroying pipeline:Pipeline[ Id: ad9cd516-662b-487c-9f0e-66beace66f67, Nodes: d49b19ea-6ba3-479d-bc88-273610ee8dcd{ip: 192.168.157.245, host: byscane-nightly-ds7lx-2296511547, networkLocation: /default-rack, certSerialId: null}f49ca53a-90dd-4043-8db0-75f56fae1500{ip: 192.168.157.245, host: byscane-nightly-ds7lx-2296511547, networkLocation: /default-rack, certSerialId: null}7adafec3-b0f2-463f-af01-7d468c370e20{ip: 192.168.157.245, host: byscane-nightly-ds7lx-2296511547, networkLocation: /default-rack, certSerialId: null}, Type:RATIS, Factor:THREE, State:CLOSED]
2019-08-07 04:05:27,776 INFO  ozoneimpl.OzoneContainer (OzoneContainer.java:stop(199)) - Attempting to stop container services.
2019-08-07 04:05:27,776 INFO  ozoneimpl.OzoneContainer (OzoneContainer.java:stop(199)) - Attempting to stop container services.
2019-08-07 04:05:27,776 INFO  impl.RaftServerProxy (RaftServerProxy.java:lambda$close$4(314)) - 7adafec3-b0f2-463f-af01-7d468c370e20: close
2019-08-07 04:05:27,777 INFO  impl.RaftServerProxy (RaftServerProxy.java:lambda$close$4(314)) - f7b9037a-943b-46c6-85ee-08a8477532e9: close
2019-08-07 04:05:27,777 INFO  impl.RaftServerImpl (RaftServerImpl.java:lambda$shutdown$3(245)) - 7adafec3-b0f2-463f-af01-7d468c370e20: shutdown group-D124A49545AD
2019-08-07 04:05:27,777 INFO  impl.RaftServerImpl (RaftServerImpl.java:lambda$shutdown$3(245)) - f7b9037a-943b-46c6-85ee-08a8477532e9: shutdown group-97F906D22FC2
2019-08-07 04:05:27,778 INFO  util.JmxRegister (JmxRegister.java:unregister(73)) - Successfully un-registered JMX Bean with object name Ratis:service=RaftServer,group=group-D124A49545AD,id=7adafec3-b0f2-463f-af01-7d468c370e20
2019-08-07 04:05:27,778 INFO  util.JmxRegister (JmxRegister.java:unregister(73)) - Successfully un-registered JMX Bean with object name Ratis:service=RaftServer,group=group-97F906D22FC2,id=f7b9037a-943b-46c6-85ee-08a8477532e9
2019-08-07 04:05:27,779 INFO  impl.RoleInfo (RoleInfo.java:shutdownFollowerState(121)) - f7b9037a-943b-46c6-85ee-08a8477532e9: shutdown FollowerState
2019-08-07 04:05:27,779 INFO  impl.StateMachineUpdater (StateMachineUpdater.java:stopAndJoin(115)) - StateMachineUpdater:f7b9037a-943b-46c6-85ee-08a8477532e9:group-97F906D22FC2: set stopIndex = 19
2019-08-07 04:05:27,778 INFO  impl.RoleInfo (RoleInfo.java:shutdownLeaderState(104)) - 7adafec3-b0f2-463f-af01-7d468c370e20: shutdown LeaderState
2019-08-07 04:05:27,779 INFO  impl.FollowerState (FollowerState.java:run(114)) - f7b9037a-943b-46c6-85ee-08a8477532e9: FollowerState was interrupted: java.lang.InterruptedException: sleep interrupted
2019-08-07 04:05:27,779 INFO  ratis.ContainerStateMachine (ContainerStateMachine.java:takeSnapshot(262)) - group-97F906D22FC2: Taking a snapshot at:(t:4, i:19) file /workdir/hadoop-ozone/integration-test/target/test-dir/MiniOzoneClusterImpl-7026e4b8-6df6-4897-bd33-9f5e93510a50/datanode-3/data/ratis/f2689bcc-c858-417b-b71a-97f906d22fc2/sm/snapshot.4_19
2019-08-07 04:05:27,780 INFO  impl.PendingRequests (PendingRequests.java:sendNotLeaderResponses(202)) - 7adafec3-b0f2-463f-af01-7d468c370e20-PendingRequests: sendNotLeaderResponses
2019-08-07 04:05:27,783 INFO  impl.StateMachineUpdater (StateMachineUpdater.java:stopAndJoin(115)) - StateMachineUpdater:7adafec3-b0f2-463f-af01-7d468c370e20:group-D124A49545AD: set stopIndex = 0
2019-08-07 04:05:27,784 INFO  impl.RaftServerImpl (ServerState.java:close(394)) - 7adafec3-b0f2-463f-af01-7d468c370e20:group-D124A49545AD closes. The last applied log index is 0
2019-08-07 04:05:27,784 INFO  segmented.SegmentedRaftLogWorker (SegmentedRaftLogWorker.java:run(313)) - 7adafec3-b0f2-463f-af01-7d468c370e20-SegmentedRaftLogWorker:Storage Directory /workdir/hadoop-ozone/integration-test/target/test-dir/MiniOzoneClusterImpl-7026e4b8-6df6-4897-bd33-9f5e93510a50/datanode-2/data/ratis/5901f511-7403-4744-8bed-d124a49545ad was interrupted, exiting. There are 0 tasks remaining in the queue.
2019-08-07 04:05:27,786 INFO  segmented.SegmentedRaftLogWorker (SegmentedRaftLogWorker.java:close(228)) - 7adafec3-b0f2-463f-af01-7d468c370e20-SegmentedRaftLogWorker:Storage Directory /workdir/hadoop-ozone/integration-test/target/test-dir/MiniOzoneClusterImpl-7026e4b8-6df6-4897-bd33-9f5e93510a50/datanode-2/data/ratis/5901f511-7403-4744-8bed-d124a49545ad close()
2019-08-07 04:05:27,789 INFO  impl.RaftServerImpl (RaftServerImpl.java:lambda$shutdown$3(245)) - 7adafec3-b0f2-463f-af01-7d468c370e20: shutdown group-66BEACE66F67
2019-08-07 04:05:27,790 INFO  util.JmxRegister (JmxRegister.java:unregister(73)) - Successfully un-registered JMX Bean with object name Ratis:service=RaftServer,group=group-66BEACE66F67,id=7adafec3-b0f2-463f-af01-7d468c370e20
2019-08-07 04:05:27,790 INFO  impl.RoleInfo (RoleInfo.java:shutdownLeaderState(104)) - 7adafec3-b0f2-463f-af01-7d468c370e20: shutdown LeaderState
2019-08-07 04:05:27,793 WARN  server.GrpcLogAppender (GrpcLogAppender.java:mayWait(143)) - GrpcLogAppender(7adafec3-b0f2-463f-af01-7d468c370e20->d49b19ea-6ba3-479d-bc88-273610ee8dcd): Wait interrupted by java.lang.InterruptedException
2019-08-07 04:05:27,793 WARN  server.GrpcLogAppender (GrpcLogAppender.java:mayWait(143)) - GrpcLogAppender(7adafec3-b0f2-463f-af01-7d468c370e20->f49ca53a-90dd-4043-8db0-75f56fae1500): Wait interrupted by java.lang.InterruptedException
2019-08-07 04:05:27,793 INFO  impl.PendingRequests (PendingRequests.java:sendNotLeaderResponses(202)) - 7adafec3-b0f2-463f-af01-7d468c370e20-PendingRequests: sendNotLeaderResponses
2019-08-07 04:05:27,796 INFO  ratis.ContainerStateMachine (ContainerStateMachine.java:takeSnapshot(273)) - group-97F906D22FC2: Finished taking a snapshot at:(t:4, i:19) file:/workdir/hadoop-ozone/integration-test/target/test-dir/MiniOzoneClusterImpl-7026e4b8-6df6-4897-bd33-9f5e93510a50/datanode-3/data/ratis/f2689bcc-c858-417b-b71a-97f906d22fc2/sm/snapshot.4_19 time:16
2019-08-07 04:05:27,796 INFO  impl.StateMachineUpdater (StateMachineUpdater.java:takeSnapshot(242)) - StateMachineUpdater:f7b9037a-943b-46c6-85ee-08a8477532e9:group-97F906D22FC2: Took a snapshot at index 19
2019-08-07 04:05:27,796 INFO  impl.StateMachineUpdater (StateMachineUpdater.java:lambda$new$0(80)) - StateMachineUpdater:f7b9037a-943b-46c6-85ee-08a8477532e9:group-97F906D22FC2: snapshotIndex: updateIncreasingly -1 -> 19
2019-08-07 04:05:27,797 INFO  impl.RaftServerImpl (ServerState.java:close(394)) - f7b9037a-943b-46c6-85ee-08a8477532e9:group-97F906D22FC2 closes. The last applied log index is 19
2019-08-07 04:05:27,797 INFO  segmented.SegmentedRaftLogWorker (SegmentedRaftLogWorker.java:run(313)) - f7b9037a-943b-46c6-85ee-08a8477532e9-SegmentedRaftLogWorker:Storage Directory /workdir/hadoop-ozone/integration-test/target/test-dir/MiniOzoneClusterImpl-7026e4b8-6df6-4897-bd33-9f5e93510a50/datanode-3/data/ratis/f2689bcc-c858-417b-b71a-97f906d22fc2 was interrupted, exiting. There are 0 tasks remaining in the queue.
2019-08-07 04:05:27,799 INFO  segmented.SegmentedRaftLogWorker (SegmentedRaftLogWorker.java:close(228)) - f7b9037a-943b-46c6-85ee-08a8477532e9-SegmentedRaftLogWorker:Storage Directory /workdir/hadoop-ozone/integration-test/target/test-dir/MiniOzoneClusterImpl-7026e4b8-6df6-4897-bd33-9f5e93510a50/datanode-3/data/ratis/f2689bcc-c858-417b-b71a-97f906d22fc2 close()
2019-08-07 04:05:27,802 INFO  impl.RaftServerImpl (RaftServerImpl.java:lambda$shutdown$3(245)) - f7b9037a-943b-46c6-85ee-08a8477532e9: shutdown group-1E8FFC4EE81F
2019-08-07 04:05:27,802 INFO  util.JmxRegister (JmxRegister.java:unregister(73)) - Successfully un-registered JMX Bean with object name Ratis:service=RaftServer,group=group-1E8FFC4EE81F,id=f7b9037a-943b-46c6-85ee-08a8477532e9
2019-08-07 04:05:27,803 INFO  impl.RoleInfo (RoleInfo.java:shutdownLeaderState(104)) - f7b9037a-943b-46c6-85ee-08a8477532e9: shutdown LeaderState
2019-08-07 04:05:27,803 INFO  impl.PendingRequests (PendingRequests.java:sendNotLeaderResponses(202)) - f7b9037a-943b-46c6-85ee-08a8477532e9-PendingRequests: sendNotLeaderResponses
2019-08-07 04:05:27,805 INFO  impl.StateMachineUpdater (StateMachineUpdater.java:stopAndJoin(115)) - StateMachineUpdater:7adafec3-b0f2-463f-af01-7d468c370e20:group-66BEACE66F67: set stopIndex = 18
2019-08-07 04:05:27,805 INFO  ratis.ContainerStateMachine (ContainerStateMachine.java:takeSnapshot(262)) - group-66BEACE66F67: Taking a snapshot at:(t:2, i:18) file /workdir/hadoop-ozone/integration-test/target/test-dir/MiniOzoneClusterImpl-7026e4b8-6df6-4897-bd33-9f5e93510a50/datanode-2/data/ratis/ad9cd516-662b-487c-9f0e-66beace66f67/sm/snapshot.2_18
2019-08-07 04:05:27,805 INFO  impl.StateMachineUpdater (StateMachineUpdater.java:stopAndJoin(115)) - StateMachineUpdater:f7b9037a-943b-46c6-85ee-08a8477532e9:group-1E8FFC4EE81F: set stopIndex = 0
2019-08-07 04:05:27,806 INFO  impl.RaftServerImpl (ServerState.java:close(394)) - f7b9037a-943b-46c6-85ee-08a8477532e9:group-1E8FFC4EE81F closes. The last applied log index is 0
2019-08-07 04:05:27,807 INFO  segmented.SegmentedRaftLogWorker (SegmentedRaftLogWorker.java:run(313)) - f7b9037a-943b-46c6-85ee-08a8477532e9-SegmentedRaftLogWorker:Storage Directory /workdir/hadoop-ozone/integration-test/target/test-dir/MiniOzoneClusterImpl-7026e4b8-6df6-4897-bd33-9f5e93510a50/datanode-3/data/ratis/8b826fcc-277d-4ba4-a8b2-1e8ffc4ee81f was interrupted, exiting. There are 0 tasks remaining in the queue.
2019-08-07 04:05:27,808 INFO  segmented.SegmentedRaftLogWorker (SegmentedRaftLogWorker.java:close(228)) - f7b9037a-943b-46c6-85ee-08a8477532e9-SegmentedRaftLogWorker:Storage Directory /workdir/hadoop-ozone/integration-test/target/test-dir/MiniOzoneClusterImpl-7026e4b8-6df6-4897-bd33-9f5e93510a50/datanode-3/data/ratis/8b826fcc-277d-4ba4-a8b2-1e8ffc4ee81f close()
2019-08-07 04:05:27,816 INFO  server.GrpcService (GrpcService.java:closeImpl(155)) - f7b9037a-943b-46c6-85ee-08a8477532e9: shutdown server with port 44603 now
2019-08-07 04:05:27,817 WARN  server.GrpcServerProtocolService (LogUtils.java:warn(134)) - f7b9037a-943b-46c6-85ee-08a8477532e9: appendEntries onError: org.apache.ratis.thirdparty.io.grpc.StatusRuntimeException: CANCELLED: cancelled before receiving half close
2019-08-07 04:05:27,817 INFO  server.GrpcService (GrpcService.java:closeImpl(163)) - f7b9037a-943b-46c6-85ee-08a8477532e9: shutdown server with port 44603 successfully
2019-08-07 04:05:27,817 WARN  server.GrpcLogAppender (LogUtils.java:warn(134)) - 0b21f3e6-f0c2-43e8-b6d9-5d75b3b4759c->f7b9037a-943b-46c6-85ee-08a8477532e9: Failed appendEntries: org.apache.ratis.thirdparty.io.grpc.StatusRuntimeException: CANCELLED: HTTP/2 error code: CANCEL
Received Rst Stream
2019-08-07 04:05:27,818 INFO  impl.FollowerInfo (FollowerInfo.java:lambda$new$0(50)) - 0b21f3e6-f0c2-43e8-b6d9-5d75b3b4759c->f7b9037a-943b-46c6-85ee-08a8477532e9: nextIndex: updateUnconditionally 21 -> 20
2019-08-07 04:05:27,819 INFO  ratis.ContainerStateMachine (ContainerStateMachine.java:takeSnapshot(273)) - group-66BEACE66F67: Finished taking a snapshot at:(t:2, i:18) file:/workdir/hadoop-ozone/integration-test/target/test-dir/MiniOzoneClusterImpl-7026e4b8-6df6-4897-bd33-9f5e93510a50/datanode-2/data/ratis/ad9cd516-662b-487c-9f0e-66beace66f67/sm/snapshot.2_18 time:14
2019-08-07 04:05:27,819 INFO  impl.StateMachineUpdater (StateMachineUpdater.java:takeSnapshot(242)) - StateMachineUpdater:7adafec3-b0f2-463f-af01-7d468c370e20:group-66BEACE66F67: Took a snapshot at index 18
2019-08-07 04:05:27,819 INFO  impl.StateMachineUpdater (StateMachineUpdater.java:lambda$new$0(80)) - StateMachineUpdater:7adafec3-b0f2-463f-af01-7d468c370e20:group-66BEACE66F67: snapshotIndex: updateIncreasingly -1 -> 18
2019-08-07 04:05:27,820 INFO  impl.RaftServerImpl (ServerState.java:close(394)) - 7adafec3-b0f2-463f-af01-7d468c370e20:group-66BEACE66F67 closes. The last applied log index is 18
2019-08-07 04:05:27,820 INFO  segmented.SegmentedRaftLogWorker (SegmentedRaftLogWorker.java:run(313)) - 7adafec3-b0f2-463f-af01-7d468c370e20-SegmentedRaftLogWorker:Storage Directory /workdir/hadoop-ozone/integration-test/target/test-dir/MiniOzoneClusterImpl-7026e4b8-6df6-4897-bd33-9f5e93510a50/datanode-2/data/ratis/ad9cd516-662b-487c-9f0e-66beace66f67 was interrupted, exiting. There are 0 tasks remaining in the queue.
2019-08-07 04:05:27,821 INFO  segmented.SegmentedRaftLogWorker (SegmentedRaftLogWorker.java:close(228)) - 7adafec3-b0f2-463f-af01-7d468c370e20-SegmentedRaftLogWorker:Storage Directory /workdir/hadoop-ozone/integration-test/target/test-dir/MiniOzoneClusterImpl-7026e4b8-6df6-4897-bd33-9f5e93510a50/datanode-2/data/ratis/ad9cd516-662b-487c-9f0e-66beace66f67 close()
2019-08-07 04:05:27,823 INFO  server.GrpcService (GrpcService.java:closeImpl(155)) - 7adafec3-b0f2-463f-af01-7d468c370e20: shutdown server with port 33920 now
2019-08-07 04:05:27,824 INFO  server.GrpcService (GrpcService.java:closeImpl(163)) - 7adafec3-b0f2-463f-af01-7d468c370e20: shutdown server with port 33920 successfully
2019-08-07 04:05:27,828 WARN  client.GrpcClientProtocolService (LogUtils.java:warn(134)) - 4-UnorderedRequestStreamObserver4: onError: org.apache.ratis.thirdparty.io.grpc.StatusRuntimeException: CANCELLED: cancelled before receiving half close
2019-08-07 04:05:27,832 INFO  utils.BackgroundService (BackgroundService.java:shutdown(148)) - Shutting down service BlockDeletingService
2019-08-07 04:05:27,836 INFO  utils.BackgroundService (BackgroundService.java:shutdown(148)) - Shutting down service BlockDeletingService
2019-08-07 04:05:27,842 WARN  fs.CachingGetSpaceUsed (CachingGetSpaceUsed.java:run(183)) - Thread Interrupted waiting to refresh disk information: sleep interrupted
2019-08-07 04:05:27,842 WARN  fs.CachingGetSpaceUsed (CachingGetSpaceUsed.java:run(183)) - Thread Interrupted waiting to refresh disk information: sleep interrupted
2019-08-07 04:05:27,858 INFO  statemachine.DatanodeStateMachine (DatanodeStateMachine.java:stopDaemon(395)) - Ozone container server stopped.
2019-08-07 04:05:27,864 INFO  statemachine.DatanodeStateMachine (DatanodeStateMachine.java:stopDaemon(395)) - Ozone container server stopped.
2019-08-07 04:05:27,873 INFO  handler.ContextHandler (ContextHandler.java:doStop(910)) - Stopped o.e.j.w.WebAppContext@69ed5ea2{/,null,UNAVAILABLE}{/hddsDatanode}
2019-08-07 04:05:27,873 INFO  handler.ContextHandler (ContextHandler.java:doStop(910)) - Stopped o.e.j.w.WebAppContext@37e0056e{/,null,UNAVAILABLE}{/hddsDatanode}
2019-08-07 04:05:27,876 INFO  server.AbstractConnector (AbstractConnector.java:doStop(318)) - Stopped ServerConnector@415795f3{HTTP/1.1,[http/1.1]}{0.0.0.0:0}
2019-08-07 04:05:27,876 INFO  server.AbstractConnector (AbstractConnector.java:doStop(318)) - Stopped ServerConnector@56a4abd0{HTTP/1.1,[http/1.1]}{0.0.0.0:0}
2019-08-07 04:05:27,877 INFO  handler.ContextHandler (ContextHandler.java:doStop(910)) - Stopped o.e.j.s.ServletContextHandler@a1691c0{/static,jar:file:/home/user/.m2/repository/org/apache/hadoop/hadoop-hdds-container-service/0.4.1-SNAPSHOT/hadoop-hdds-container-service-0.4.1-SNAPSHOT.jar!/webapps/static,UNAVAILABLE}
2019-08-07 04:05:27,877 INFO  handler.ContextHandler (ContextHandler.java:doStop(910)) - Stopped o.e.j.s.ServletContextHandler@4b957db0{/static,jar:file:/home/user/.m2/repository/org/apache/hadoop/hadoop-hdds-container-service/0.4.1-SNAPSHOT/hadoop-hdds-container-service-0.4.1-SNAPSHOT.jar!/webapps/static,UNAVAILABLE}
2019-08-07 04:05:27,879 INFO  handler.ContextHandler (ContextHandler.java:doStop(910)) - Stopped o.e.j.s.ServletContextHandler@7b351446{/logs,file:///workdir/hadoop-ozone/integration-test/target/log,UNAVAILABLE}
2019-08-07 04:05:27,879 INFO  handler.ContextHandler (ContextHandler.java:doStop(910)) - Stopped o.e.j.s.ServletContextHandler@5c313224{/logs,file:///workdir/hadoop-ozone/integration-test/target/log,UNAVAILABLE}
2019-08-07 04:05:27,880 INFO  datanode.ObjectStoreHandler (ObjectStoreHandler.java:close(155)) - Closing ObjectStoreHandler.
2019-08-07 04:05:27,881 INFO  ozone.HddsDatanodeService (HddsDatanodeService.java:stop(451)) - Stopped plug-in org.apache.hadoop.ozone.web.OzoneHddsDatanodeService@69d103f0
2019-08-07 04:05:27,974 WARN  server.GrpcLogAppender (LogUtils.java:warn(134)) - 0b21f3e6-f0c2-43e8-b6d9-5d75b3b4759c->f7b9037a-943b-46c6-85ee-08a8477532e9: Failed appendEntries: org.apache.ratis.thirdparty.io.grpc.StatusRuntimeException: UNAVAILABLE: io exception
2019-08-07 04:05:27,974 WARN  server.GrpcLogAppender (LogUtils.java:warn(134)) - 0b21f3e6-f0c2-43e8-b6d9-5d75b3b4759c->a97530da-6325-42dd-bbf1-858bb8a52e40: Failed appendEntries: org.apache.ratis.thirdparty.io.grpc.StatusRuntimeException: UNAVAILABLE: io exception
2019-08-07 04:05:27,975 INFO  impl.FollowerInfo (FollowerInfo.java:lambda$new$0(50)) - 0b21f3e6-f0c2-43e8-b6d9-5d75b3b4759c->f7b9037a-943b-46c6-85ee-08a8477532e9: nextIndex: updateUnconditionally 20 -> 19
2019-08-07 04:05:27,977 INFO  impl.FollowerInfo (FollowerInfo.java:lambda$new$0(50)) - 0b21f3e6-f0c2-43e8-b6d9-5d75b3b4759c->a97530da-6325-42dd-bbf1-858bb8a52e40: nextIndex: updateUnconditionally 17 -> 16
2019-08-07 04:05:28,504 INFO  statemachine.DatanodeStateMachine (DatanodeStateMachine.java:lambda$startDaemon$0(350)) - Ozone container server started.
2019-08-07 04:05:30,483 WARN  server.GrpcLogAppender (LogUtils.java:warn(134)) - 0b21f3e6-f0c2-43e8-b6d9-5d75b3b4759c->f7b9037a-943b-46c6-85ee-08a8477532e9: Failed appendEntries: org.apache.ratis.thirdparty.io.grpc.StatusRuntimeException: UNAVAILABLE: io exception
2019-08-07 04:05:30,483 WARN  server.GrpcLogAppender (LogUtils.java:warn(134)) - 0b21f3e6-f0c2-43e8-b6d9-5d75b3b4759c->a97530da-6325-42dd-bbf1-858bb8a52e40: Failed appendEntries: org.apache.ratis.thirdparty.io.grpc.StatusRuntimeException: UNAVAILABLE: io exception
2019-08-07 04:05:30,485 INFO  impl.FollowerInfo (FollowerInfo.java:lambda$new$0(50)) - 0b21f3e6-f0c2-43e8-b6d9-5d75b3b4759c->f7b9037a-943b-46c6-85ee-08a8477532e9: nextIndex: updateUnconditionally 19 -> 18
2019-08-07 04:05:30,486 INFO  impl.FollowerInfo (FollowerInfo.java:lambda$new$0(50)) - 0b21f3e6-f0c2-43e8-b6d9-5d75b3b4759c->a97530da-6325-42dd-bbf1-858bb8a52e40: nextIndex: updateUnconditionally 16 -> 15
2019-08-07 04:05:32,515 INFO  node.StaleNodeHandler (StaleNodeHandler.java:onMessage(58)) - Datanode 0b21f3e6-f0c2-43e8-b6d9-5d75b3b4759c{ip: 192.168.157.245, host: byscane-nightly-ds7lx-2296511547, networkLocation: /default-rack, certSerialId: null} moved to stale state. Finalizing its pipelines [PipelineID=f2689bcc-c858-417b-b71a-97f906d22fc2, PipelineID=c5f32831-e09b-464d-b036-fe0f55cf420e]
2019-08-07 04:05:32,515 INFO  pipeline.SCMPipelineManager (SCMPipelineManager.java:finalizeAndDestroyPipeline(309)) - destroying pipeline:Pipeline[ Id: f2689bcc-c858-417b-b71a-97f906d22fc2, Nodes: f7b9037a-943b-46c6-85ee-08a8477532e9{ip: 192.168.157.245, host: byscane-nightly-ds7lx-2296511547, networkLocation: /default-rack, certSerialId: null}a97530da-6325-42dd-bbf1-858bb8a52e40{ip: 192.168.157.245, host: byscane-nightly-ds7lx-2296511547, networkLocation: /default-rack, certSerialId: null}0b21f3e6-f0c2-43e8-b6d9-5d75b3b4759c{ip: 192.168.157.245, host: byscane-nightly-ds7lx-2296511547, networkLocation: /default-rack, certSerialId: null}, Type:RATIS, Factor:THREE, State:CLOSED]
2019-08-07 04:05:32,516 INFO  pipeline.SCMPipelineManager (SCMPipelineManager.java:finalizeAndDestroyPipeline(309)) - destroying pipeline:Pipeline[ Id: c5f32831-e09b-464d-b036-fe0f55cf420e, Nodes: 0b21f3e6-f0c2-43e8-b6d9-5d75b3b4759c{ip: 192.168.157.245, host: byscane-nightly-ds7lx-2296511547, networkLocation: /default-rack, certSerialId: null}, Type:RATIS, Factor:ONE, State:OPEN]
2019-08-07 04:05:32,516 INFO  pipeline.PipelineStateManager (PipelineStateManager.java:finalizePipeline(123)) - Pipeline Pipeline[ Id: c5f32831-e09b-464d-b036-fe0f55cf420e, Nodes: 0b21f3e6-f0c2-43e8-b6d9-5d75b3b4759c{ip: 192.168.157.245, host: byscane-nightly-ds7lx-2296511547, networkLocation: /default-rack, certSerialId: null}, Type:RATIS, Factor:ONE, State:CLOSED] moved to CLOSED state
2019-08-07 04:05:32,882 INFO  ozoneimpl.OzoneContainer (OzoneContainer.java:stop(199)) - Attempting to stop container services.
2019-08-07 04:05:32,883 INFO  impl.RaftServerProxy (RaftServerProxy.java:lambda$close$4(314)) - 0b21f3e6-f0c2-43e8-b6d9-5d75b3b4759c: close
2019-08-07 04:05:32,883 INFO  impl.RaftServerImpl (RaftServerImpl.java:lambda$shutdown$3(245)) - 0b21f3e6-f0c2-43e8-b6d9-5d75b3b4759c: shutdown group-97F906D22FC2
2019-08-07 04:05:32,883 INFO  util.JmxRegister (JmxRegister.java:unregister(73)) - Successfully un-registered JMX Bean with object name Ratis:service=RaftServer,group=group-97F906D22FC2,id=0b21f3e6-f0c2-43e8-b6d9-5d75b3b4759c
2019-08-07 04:05:32,884 INFO  impl.RoleInfo (RoleInfo.java:shutdownLeaderState(104)) - 0b21f3e6-f0c2-43e8-b6d9-5d75b3b4759c: shutdown LeaderState
2019-08-07 04:05:32,886 WARN  server.GrpcLogAppender (GrpcLogAppender.java:mayWait(143)) - GrpcLogAppender(0b21f3e6-f0c2-43e8-b6d9-5d75b3b4759c->f7b9037a-943b-46c6-85ee-08a8477532e9): Wait interrupted by java.lang.InterruptedException
2019-08-07 04:05:32,886 WARN  server.GrpcLogAppender (GrpcLogAppender.java:mayWait(143)) - GrpcLogAppender(0b21f3e6-f0c2-43e8-b6d9-5d75b3b4759c->a97530da-6325-42dd-bbf1-858bb8a52e40): Wait interrupted by java.lang.InterruptedException
2019-08-07 04:05:32,886 INFO  impl.PendingRequests (PendingRequests.java:sendNotLeaderResponses(202)) - 0b21f3e6-f0c2-43e8-b6d9-5d75b3b4759c-PendingRequests: sendNotLeaderResponses
2019-08-07 04:05:32,891 INFO  impl.StateMachineUpdater (StateMachineUpdater.java:stopAndJoin(115)) - StateMachineUpdater:0b21f3e6-f0c2-43e8-b6d9-5d75b3b4759c:group-97F906D22FC2: set stopIndex = 20
2019-08-07 04:05:32,891 INFO  ratis.ContainerStateMachine (ContainerStateMachine.java:takeSnapshot(262)) - group-97F906D22FC2: Taking a snapshot at:(t:4, i:20) file /workdir/hadoop-ozone/integration-test/target/test-dir/MiniOzoneClusterImpl-7026e4b8-6df6-4897-bd33-9f5e93510a50/datanode-5/data/ratis/f2689bcc-c858-417b-b71a-97f906d22fc2/sm/snapshot.4_20
2019-08-07 04:05:32,896 INFO  ratis.ContainerStateMachine (ContainerStateMachine.java:takeSnapshot(273)) - group-97F906D22FC2: Finished taking a snapshot at:(t:4, i:20) file:/workdir/hadoop-ozone/integration-test/target/test-dir/MiniOzoneClusterImpl-7026e4b8-6df6-4897-bd33-9f5e93510a50/datanode-5/data/ratis/f2689bcc-c858-417b-b71a-97f906d22fc2/sm/snapshot.4_20 time:4
2019-08-07 04:05:32,896 INFO  impl.StateMachineUpdater (StateMachineUpdater.java:takeSnapshot(242)) - StateMachineUpdater:0b21f3e6-f0c2-43e8-b6d9-5d75b3b4759c:group-97F906D22FC2: Took a snapshot at index 20
2019-08-07 04:05:32,896 INFO  impl.StateMachineUpdater (StateMachineUpdater.java:lambda$new$0(80)) - StateMachineUpdater:0b21f3e6-f0c2-43e8-b6d9-5d75b3b4759c:group-97F906D22FC2: snapshotIndex: updateIncreasingly -1 -> 20
2019-08-07 04:05:32,896 INFO  impl.RaftServerImpl (ServerState.java:close(394)) - 0b21f3e6-f0c2-43e8-b6d9-5d75b3b4759c:group-97F906D22FC2 closes. The last applied log index is 20
2019-08-07 04:05:32,897 INFO  segmented.SegmentedRaftLogWorker (SegmentedRaftLogWorker.java:run(313)) - 0b21f3e6-f0c2-43e8-b6d9-5d75b3b4759c-SegmentedRaftLogWorker:Storage Directory /workdir/hadoop-ozone/integration-test/target/test-dir/MiniOzoneClusterImpl-7026e4b8-6df6-4897-bd33-9f5e93510a50/datanode-5/data/ratis/f2689bcc-c858-417b-b71a-97f906d22fc2 was interrupted, exiting. There are 0 tasks remaining in the queue.
2019-08-07 04:05:32,897 INFO  segmented.SegmentedRaftLogWorker (SegmentedRaftLogWorker.java:close(228)) - 0b21f3e6-f0c2-43e8-b6d9-5d75b3b4759c-SegmentedRaftLogWorker:Storage Directory /workdir/hadoop-ozone/integration-test/target/test-dir/MiniOzoneClusterImpl-7026e4b8-6df6-4897-bd33-9f5e93510a50/datanode-5/data/ratis/f2689bcc-c858-417b-b71a-97f906d22fc2 close()
2019-08-07 04:05:32,899 INFO  impl.RaftServerImpl (RaftServerImpl.java:lambda$shutdown$3(245)) - 0b21f3e6-f0c2-43e8-b6d9-5d75b3b4759c: shutdown group-FE0F55CF420E
2019-08-07 04:05:32,899 INFO  util.JmxRegister (JmxRegister.java:unregister(73)) - Successfully un-registered JMX Bean with object name Ratis:service=RaftServer,group=group-FE0F55CF420E,id=0b21f3e6-f0c2-43e8-b6d9-5d75b3b4759c
2019-08-07 04:05:32,899 INFO  impl.RoleInfo (RoleInfo.java:shutdownLeaderState(104)) - 0b21f3e6-f0c2-43e8-b6d9-5d75b3b4759c: shutdown LeaderState
2019-08-07 04:05:32,900 INFO  impl.PendingRequests (PendingRequests.java:sendNotLeaderResponses(202)) - 0b21f3e6-f0c2-43e8-b6d9-5d75b3b4759c-PendingRequests: sendNotLeaderResponses
2019-08-07 04:05:32,900 INFO  impl.StateMachineUpdater (StateMachineUpdater.java:stopAndJoin(115)) - StateMachineUpdater:0b21f3e6-f0c2-43e8-b6d9-5d75b3b4759c:group-FE0F55CF420E: set stopIndex = 0
2019-08-07 04:05:32,900 INFO  impl.RaftServerImpl (ServerState.java:close(394)) - 0b21f3e6-f0c2-43e8-b6d9-5d75b3b4759c:group-FE0F55CF420E closes. The last applied log index is 0
2019-08-07 04:05:32,901 INFO  segmented.SegmentedRaftLogWorker (SegmentedRaftLogWorker.java:run(313)) - 0b21f3e6-f0c2-43e8-b6d9-5d75b3b4759c-SegmentedRaftLogWorker:Storage Directory /workdir/hadoop-ozone/integration-test/target/test-dir/MiniOzoneClusterImpl-7026e4b8-6df6-4897-bd33-9f5e93510a50/datanode-5/data/ratis/c5f32831-e09b-464d-b036-fe0f55cf420e was interrupted, exiting. There are 0 tasks remaining in the queue.
2019-08-07 04:05:32,901 INFO  segmented.SegmentedRaftLogWorker (SegmentedRaftLogWorker.java:close(228)) - 0b21f3e6-f0c2-43e8-b6d9-5d75b3b4759c-SegmentedRaftLogWorker:Storage Directory /workdir/hadoop-ozone/integration-test/target/test-dir/MiniOzoneClusterImpl-7026e4b8-6df6-4897-bd33-9f5e93510a50/datanode-5/data/ratis/c5f32831-e09b-464d-b036-fe0f55cf420e close()
2019-08-07 04:05:32,902 INFO  server.GrpcService (GrpcService.java:closeImpl(155)) - 0b21f3e6-f0c2-43e8-b6d9-5d75b3b4759c: shutdown server with port 36595 now
2019-08-07 04:05:32,903 WARN  client.GrpcClientProtocolService (LogUtils.java:warn(134)) - 1-UnorderedRequestStreamObserver1: onError: org.apache.ratis.thirdparty.io.grpc.StatusRuntimeException: CANCELLED: cancelled before receiving half close
2019-08-07 04:05:32,905 INFO  server.GrpcService (GrpcService.java:closeImpl(163)) - 0b21f3e6-f0c2-43e8-b6d9-5d75b3b4759c: shutdown server with port 36595 successfully
2019-08-07 04:05:32,907 INFO  utils.BackgroundService (BackgroundService.java:shutdown(148)) - Shutting down service BlockDeletingService
2019-08-07 04:05:32,909 WARN  fs.CachingGetSpaceUsed (CachingGetSpaceUsed.java:run(183)) - Thread Interrupted waiting to refresh disk information: sleep interrupted
2019-08-07 04:05:32,930 INFO  statemachine.DatanodeStateMachine (DatanodeStateMachine.java:stopDaemon(395)) - Ozone container server stopped.
2019-08-07 04:05:32,945 INFO  handler.ContextHandler (ContextHandler.java:doStop(910)) - Stopped o.e.j.w.WebAppContext@256589a1{/,null,UNAVAILABLE}{/hddsDatanode}
2019-08-07 04:05:32,945 INFO  server.AbstractConnector (AbstractConnector.java:doStop(318)) - Stopped ServerConnector@935493d{HTTP/1.1,[http/1.1]}{0.0.0.0:0}
2019-08-07 04:05:32,947 INFO  handler.ContextHandler (ContextHandler.java:doStop(910)) - Stopped o.e.j.s.ServletContextHandler@1de13f34{/static,jar:file:/home/user/.m2/repository/org/apache/hadoop/hadoop-hdds-container-service/0.4.1-SNAPSHOT/hadoop-hdds-container-service-0.4.1-SNAPSHOT.jar!/webapps/static,UNAVAILABLE}
2019-08-07 04:05:32,948 INFO  handler.ContextHandler (ContextHandler.java:doStop(910)) - Stopped o.e.j.s.ServletContextHandler@3f048c86{/logs,file:///workdir/hadoop-ozone/integration-test/target/log,UNAVAILABLE}
2019-08-07 04:05:32,950 INFO  ozone.MiniOzoneClusterImpl (MiniOzoneClusterImpl.java:stop(353)) - Stopping the StorageContainerManager
2019-08-07 04:05:32,950 INFO  server.StorageContainerManager (StorageContainerManager.java:stop(796)) - Stopping Replication Manager Service.
2019-08-07 04:05:32,950 INFO  container.ReplicationManager (ReplicationManager.java:stop(187)) - Stopping Replication Monitor Thread.
2019-08-07 04:05:32,950 INFO  server.StorageContainerManager (StorageContainerManager.java:stop(803)) - Stopping Lease Manager of the command watchers
2019-08-07 04:05:32,951 INFO  server.StorageContainerManager (StorageContainerManager.java:stop(810)) - Stopping datanode service RPC server
2019-08-07 04:05:32,951 INFO  server.SCMDatanodeProtocolServer (SCMDatanodeProtocolServer.java:stop(367)) - Stopping the RPC server for DataNodes
2019-08-07 04:05:32,951 INFO  ipc.Server (Server.java:stop(3082)) - Stopping server on 41469
2019-08-07 04:05:32,953 INFO  ipc.Server (Server.java:run(1319)) - Stopping IPC Server Responder
2019-08-07 04:05:32,953 INFO  ipc.Server (Server.java:run(1185)) - Stopping IPC Server listener on 41469
2019-08-07 04:05:33,015 WARN  node.NodeStateManager (NodeStateManager.java:scheduleNextHealthCheck(631)) - Current Thread is interrupted, shutting down HB processing thread for Node Manager.
2019-08-07 04:05:33,016 INFO  server.StorageContainerManager (StorageContainerManager.java:stop(818)) - Stopping block service RPC server
2019-08-07 04:05:33,016 INFO  server.SCMBlockProtocolServer (SCMBlockProtocolServer.java:stop(148)) - Stopping the RPC server for Block Protocol
2019-08-07 04:05:33,016 INFO  ipc.Server (Server.java:stop(3082)) - Stopping server on 42978
2019-08-07 04:05:33,018 INFO  server.StorageContainerManager (StorageContainerManager.java:stop(825)) - Stopping the StorageContainerLocationProtocol RPC server
2019-08-07 04:05:33,018 INFO  ipc.Server (Server.java:run(1185)) - Stopping IPC Server listener on 42978
2019-08-07 04:05:33,019 INFO  server.SCMClientProtocolServer (SCMClientProtocolServer.java:stop(159)) - Stopping the RPC server for Client Protocol
2019-08-07 04:05:33,019 INFO  ipc.Server (Server.java:run(1319)) - Stopping IPC Server Responder
2019-08-07 04:05:33,019 INFO  ipc.Server (Server.java:stop(3082)) - Stopping server on 44682
2019-08-07 04:05:33,022 INFO  ipc.Server (Server.java:run(1185)) - Stopping IPC Server listener on 44682
2019-08-07 04:05:33,022 INFO  server.StorageContainerManager (StorageContainerManager.java:stop(832)) - Stopping Storage Container Manager HTTP server.
2019-08-07 04:05:33,022 INFO  ipc.Server (Server.java:run(1319)) - Stopping IPC Server Responder
2019-08-07 04:05:33,023 INFO  handler.ContextHandler (ContextHandler.java:doStop(910)) - Stopped o.e.j.w.WebAppContext@5118388b{/,null,UNAVAILABLE}{/scm}
2019-08-07 04:05:33,024 INFO  server.AbstractConnector (AbstractConnector.java:doStop(318)) - Stopped ServerConnector@293bb8a5{HTTP/1.1,[http/1.1]}{0.0.0.0:0}
2019-08-07 04:05:33,025 INFO  handler.ContextHandler (ContextHandler.java:doStop(910)) - Stopped o.e.j.s.ServletContextHandler@79d94571{/static,file:///workdir/hadoop-ozone/integration-test/target/test-classes/webapps/static,UNAVAILABLE}
2019-08-07 04:05:33,025 INFO  handler.ContextHandler (ContextHandler.java:doStop(910)) - Stopped o.e.j.s.ServletContextHandler@76012793{/logs,file:///workdir/hadoop-ozone/integration-test/target/log,UNAVAILABLE}
2019-08-07 04:05:33,027 INFO  server.StorageContainerManager (StorageContainerManager.java:stop(843)) - Stopping Block Manager Service.
2019-08-07 04:05:33,027 INFO  utils.BackgroundService (BackgroundService.java:shutdown(148)) - Shutting down service SCMBlockDeletingService
2019-08-07 04:05:33,029 INFO  utils.BackgroundService (BackgroundService.java:shutdown(148)) - Shutting down service SCMBlockDeletingService
2019-08-07 04:05:33,030 INFO  server.StorageContainerManager (StorageContainerManager.java:stop(865)) - Stopping SCM Event Queue.
2019-08-07 04:05:33,039 INFO  impl.MetricsSystemImpl (MetricsSystemImpl.java:stop(210)) - Stopping XceiverClientMetrics metrics system...
2019-08-07 04:05:33,047 INFO  impl.MetricsSystemImpl (MetricsSystemImpl.java:stop(216)) - XceiverClientMetrics metrics system stopped.
]]></system-out>
    <system-err><![CDATA[ERROR StatusLogger No Log4j 2 configuration file found. Using default configuration (logging only errors to the console), or user programmatically provided configurations. Set system property 'log4j2.debug' to show Log4j 2 internal initialization logging. See https://logging.apache.org/log4j/2.x/manual/configuration.html for instructions on how to configure Log4j 2
Aug 07, 2019 4:04:49 AM com.sun.jersey.server.impl.application.WebApplicationImpl _initiate
INFO: Initiating Jersey application, version 'Jersey: 1.19 02/11/2015 03:25 AM'
Aug 07, 2019 4:04:50 AM com.sun.jersey.server.impl.application.WebApplicationImpl _initiate
INFO: Initiating Jersey application, version 'Jersey: 1.19 02/11/2015 03:25 AM'
Aug 07, 2019 4:04:50 AM com.sun.jersey.server.impl.application.WebApplicationImpl _initiate
INFO: Initiating Jersey application, version 'Jersey: 1.19 02/11/2015 03:25 AM'
Aug 07, 2019 4:04:50 AM com.sun.jersey.server.impl.application.WebApplicationImpl _initiate
INFO: Initiating Jersey application, version 'Jersey: 1.19 02/11/2015 03:25 AM'
Aug 07, 2019 4:04:50 AM com.sun.jersey.server.impl.application.WebApplicationImpl _initiate
INFO: Initiating Jersey application, version 'Jersey: 1.19 02/11/2015 03:25 AM'
Aug 07, 2019 4:04:50 AM com.sun.jersey.server.impl.application.WebApplicationImpl _initiate
INFO: Initiating Jersey application, version 'Jersey: 1.19 02/11/2015 03:25 AM'
Aug 07, 2019 4:04:51 AM com.sun.jersey.server.impl.application.WebApplicationImpl _initiate
INFO: Initiating Jersey application, version 'Jersey: 1.19 02/11/2015 03:25 AM'
]]></system-err>
  </testcase>
  <testcase name="testDatanodeFailureWithPreAllocation" classname="org.apache.hadoop.ozone.client.rpc.TestBlockOutputStreamWithFailures" time="225.131"/>
  <testcase name="testDatanodeFailureWithSingleNodeRatis" classname="org.apache.hadoop.ozone.client.rpc.TestBlockOutputStreamWithFailures" time="226.513"/>
  <testcase name="testWatchForCommitWithSingleNodeRatis" classname="org.apache.hadoop.ozone.client.rpc.TestBlockOutputStreamWithFailures" time="34.097"/>
  <testcase name="testWatchForCommitDatanodeFailure" classname="org.apache.hadoop.ozone.client.rpc.TestBlockOutputStreamWithFailures" time="33.579"/>
  <testcase name="testFailureWithPrimeSizedData" classname="org.apache.hadoop.ozone.client.rpc.TestBlockOutputStreamWithFailures" time="34.702"/>
  <testcase name="testWatchForCommitWithCloseContainerException" classname="org.apache.hadoop.ozone.client.rpc.TestBlockOutputStreamWithFailures" time="34.455"/>
  <testcase name="testExceptionDuringClose" classname="org.apache.hadoop.ozone.client.rpc.TestBlockOutputStreamWithFailures" time="34.207"/>
</testsuite>