<?xml version="1.0" encoding="UTF-8"?>
<testsuite xmlns:xsi="http://www.w3.org/2001/XMLSchema-instance" xsi:noNamespaceSchemaLocation="https://maven.apache.org/surefire/maven-surefire-plugin/xsd/surefire-test-report.xsd" name="org.apache.hadoop.ozone.client.rpc.TestOzoneClientRetriesOnException" time="83.953" tests="2" errors="1" skipped="0" failures="0">
  <properties>
    <property name="awt.toolkit" value="sun.awt.X11.XToolkit"/>
    <property name="file.encoding.pkg" value="sun.io"/>
    <property name="java.specification.version" value="1.8"/>
    <property name="sun.cpu.isalist" value=""/>
    <property name="sun.jnu.encoding" value="UTF-8"/>
    <property name="java.class.path" value="/workdir/hadoop-ozone/integration-test/target/test-classes:/workdir/hadoop-ozone/integration-test/target/classes:/home/user/.m2/repository/org/apache/hadoop/hadoop-ozone-common/0.4.1-SNAPSHOT/hadoop-ozone-common-0.4.1-SNAPSHOT.jar:/home/user/.m2/repository/org/apache/commons/commons-compress/1.4.1/commons-compress-1.4.1.jar:/home/user/.m2/repository/org/tukaani/xz/1.0/xz-1.0.jar:/home/user/.m2/repository/org/apache/hadoop/hadoop-common/3.2.0/hadoop-common-3.2.0.jar:/home/user/.m2/repository/org/apache/hadoop/hadoop-hdfs/3.2.0/hadoop-hdfs-3.2.0.jar:/home/user/.m2/repository/org/apache/hadoop/hadoop-hdfs-client/3.2.0/hadoop-hdfs-client-3.2.0.jar:/home/user/.m2/repository/com/fasterxml/jackson/core/jackson-annotations/2.9.5/jackson-annotations-2.9.5.jar:/home/user/.m2/repository/org/apache/hadoop/hadoop-hdds-common/0.4.1-SNAPSHOT/hadoop-hdds-common-0.4.1-SNAPSHOT.jar:/home/user/.m2/repository/javax/annotation/javax.annotation-api/1.2/javax.annotation-api-1.2.jar:/home/user/.m2/repository/org/apache/ratis/ratis-server/0.4.0-2337318-SNAPSHOT/ratis-server-0.4.0-2337318-SNAPSHOT.jar:/home/user/.m2/repository/org/apache/ratis/ratis-thirdparty-misc/0.2.0/ratis-thirdparty-misc-0.2.0.jar:/home/user/.m2/repository/org/apache/ratis/ratis-proto/0.4.0-2337318-SNAPSHOT/ratis-proto-0.4.0-2337318-SNAPSHOT.jar:/home/user/.m2/repository/org/apache/ratis/ratis-common/0.4.0-2337318-SNAPSHOT/ratis-common-0.4.0-2337318-SNAPSHOT.jar:/home/user/.m2/repository/org/apache/ratis/ratis-client/0.4.0-2337318-SNAPSHOT/ratis-client-0.4.0-2337318-SNAPSHOT.jar:/home/user/.m2/repository/org/apache/ratis/ratis-metrics/0.4.0-2337318-SNAPSHOT/ratis-metrics-0.4.0-2337318-SNAPSHOT.jar:/home/user/.m2/repository/org/apache/ratis/ratis-netty/0.4.0-2337318-SNAPSHOT/ratis-netty-0.4.0-2337318-SNAPSHOT.jar:/home/user/.m2/repository/org/apache/ratis/ratis-grpc/0.4.0-2337318-SNAPSHOT/ratis-grpc-0.4.0-2337318-SNAPSHOT.jar:/home/user/.m2/repository/org/rocksdb/rocksdbjni/6.0.1/rocksdbjni-6.0.1.jar:/home/user/.m2/repository/org/apache/logging/log4j/log4j-api/2.11.0/log4j-api-2.11.0.jar:/home/user/.m2/repository/org/apache/logging/log4j/log4j-core/2.11.0/log4j-core-2.11.0.jar:/home/user/.m2/repository/com/lmax/disruptor/3.4.2/disruptor-3.4.2.jar:/home/user/.m2/repository/org/apache/commons/commons-pool2/2.6.0/commons-pool2-2.6.0.jar:/home/user/.m2/repository/org/bouncycastle/bcpkix-jdk15on/1.60/bcpkix-jdk15on-1.60.jar:/home/user/.m2/repository/commons-validator/commons-validator/1.6/commons-validator-1.6.jar:/home/user/.m2/repository/commons-digester/commons-digester/1.8.1/commons-digester-1.8.1.jar:/home/user/.m2/repository/io/jaegertracing/jaeger-client/0.33.1/jaeger-client-0.33.1.jar:/home/user/.m2/repository/io/jaegertracing/jaeger-thrift/0.33.1/jaeger-thrift-0.33.1.jar:/home/user/.m2/repository/org/apache/thrift/libthrift/0.11.0/libthrift-0.11.0.jar:/home/user/.m2/repository/com/squareup/okhttp3/okhttp/3.9.0/okhttp-3.9.0.jar:/home/user/.m2/repository/com/squareup/okio/okio/1.13.0/okio-1.13.0.jar:/home/user/.m2/repository/io/jaegertracing/jaeger-core/0.33.1/jaeger-core-0.33.1.jar:/home/user/.m2/repository/io/jaegertracing/jaeger-tracerresolver/0.33.1/jaeger-tracerresolver-0.33.1.jar:/home/user/.m2/repository/io/opentracing/contrib/opentracing-tracerresolver/0.1.5/opentracing-tracerresolver-0.1.5.jar:/home/user/.m2/repository/io/opentracing/opentracing-util/0.31.0/opentracing-util-0.31.0.jar:/home/user/.m2/repository/io/opentracing/opentracing-api/0.31.0/opentracing-api-0.31.0.jar:/home/user/.m2/repository/io/opentracing/opentracing-noop/0.31.0/opentracing-noop-0.31.0.jar:/home/user/.m2/repository/org/apache/hadoop/hadoop-hdds-server-framework/0.4.1-SNAPSHOT/hadoop-hdds-server-framework-0.4.1-SNAPSHOT.jar:/home/user/.m2/repository/org/apache/hadoop/hadoop-hdds-container-service/0.4.1-SNAPSHOT/hadoop-hdds-container-service-0.4.1-SNAPSHOT.jar:/home/user/.m2/repository/org/apache/hadoop/hadoop-hdds-client/0.4.1-SNAPSHOT/hadoop-hdds-client-0.4.1-SNAPSHOT.jar:/home/user/.m2/repository/org/apache/hadoop/hadoop-hdds-tools/0.4.1-SNAPSHOT/hadoop-hdds-tools-0.4.1-SNAPSHOT.jar:/home/user/.m2/repository/org/apache/hadoop/hadoop-hdds-server-scm/0.4.1-SNAPSHOT/hadoop-hdds-server-scm-0.4.1-SNAPSHOT.jar:/home/user/.m2/repository/org/apache/hadoop/hadoop-hdds-docs/0.4.1-SNAPSHOT/hadoop-hdds-docs-0.4.1-SNAPSHOT.jar:/home/user/.m2/repository/io/dropwizard/metrics/metrics-core/3.2.4/metrics-core-3.2.4.jar:/home/user/.m2/repository/org/hamcrest/hamcrest-all/1.3/hamcrest-all-1.3.jar:/home/user/.m2/repository/org/bouncycastle/bcprov-jdk15on/1.60/bcprov-jdk15on-1.60.jar:/home/user/.m2/repository/info/picocli/picocli/3.9.6/picocli-3.9.6.jar:/home/user/.m2/repository/com/google/protobuf/protobuf-java/2.5.0/protobuf-java-2.5.0.jar:/home/user/.m2/repository/com/google/guava/guava/11.0.2/guava-11.0.2.jar:/home/user/.m2/repository/org/apache/hadoop/hadoop-ozone-ozone-manager/0.4.1-SNAPSHOT/hadoop-ozone-ozone-manager-0.4.1-SNAPSHOT.jar:/home/user/.m2/repository/org/apache/hadoop/hadoop-minikdc/3.2.0/hadoop-minikdc-3.2.0.jar:/home/user/.m2/repository/commons-io/commons-io/2.5/commons-io-2.5.jar:/home/user/.m2/repository/org/apache/kerby/kerb-simplekdc/1.0.1/kerb-simplekdc-1.0.1.jar:/home/user/.m2/repository/org/apache/kerby/kerb-client/1.0.1/kerb-client-1.0.1.jar:/home/user/.m2/repository/org/apache/kerby/kerby-config/1.0.1/kerby-config-1.0.1.jar:/home/user/.m2/repository/org/apache/kerby/kerb-core/1.0.1/kerb-core-1.0.1.jar:/home/user/.m2/repository/org/apache/kerby/kerby-pkix/1.0.1/kerby-pkix-1.0.1.jar:/home/user/.m2/repository/org/apache/kerby/kerby-asn1/1.0.1/kerby-asn1-1.0.1.jar:/home/user/.m2/repository/org/apache/kerby/kerby-util/1.0.1/kerby-util-1.0.1.jar:/home/user/.m2/repository/org/apache/kerby/kerb-common/1.0.1/kerb-common-1.0.1.jar:/home/user/.m2/repository/org/apache/kerby/kerb-crypto/1.0.1/kerb-crypto-1.0.1.jar:/home/user/.m2/repository/org/apache/kerby/kerb-util/1.0.1/kerb-util-1.0.1.jar:/home/user/.m2/repository/org/apache/kerby/token-provider/1.0.1/token-provider-1.0.1.jar:/home/user/.m2/repository/org/apache/kerby/kerb-admin/1.0.1/kerb-admin-1.0.1.jar:/home/user/.m2/repository/org/apache/kerby/kerb-server/1.0.1/kerb-server-1.0.1.jar:/home/user/.m2/repository/org/apache/kerby/kerb-identity/1.0.1/kerb-identity-1.0.1.jar:/home/user/.m2/repository/org/apache/kerby/kerby-xdr/1.0.1/kerby-xdr-1.0.1.jar:/home/user/.m2/repository/org/slf4j/slf4j-log4j12/1.7.25/slf4j-log4j12-1.7.25.jar:/home/user/.m2/repository/org/apache/hadoop/hadoop-ozone-objectstore-service/0.4.1-SNAPSHOT/hadoop-ozone-objectstore-service-0.4.1-SNAPSHOT.jar:/home/user/.m2/repository/org/apache/hadoop/hadoop-ozone-s3gateway/0.4.1-SNAPSHOT/hadoop-ozone-s3gateway-0.4.1-SNAPSHOT.jar:/home/user/.m2/repository/org/jboss/weld/servlet/weld-servlet/2.4.7.Final/weld-servlet-2.4.7.Final.jar:/home/user/.m2/repository/org/glassfish/jersey/containers/jersey-container-servlet-core/2.27/jersey-container-servlet-core-2.27.jar:/home/user/.m2/repository/org/glassfish/hk2/external/javax.inject/2.5.0-b42/javax.inject-2.5.0-b42.jar:/home/user/.m2/repository/org/glassfish/jersey/core/jersey-common/2.27/jersey-common-2.27.jar:/home/user/.m2/repository/org/glassfish/hk2/osgi-resource-locator/1.0.1/osgi-resource-locator-1.0.1.jar:/home/user/.m2/repository/javax/ws/rs/javax.ws.rs-api/2.1/javax.ws.rs-api-2.1.jar:/home/user/.m2/repository/org/glassfish/jersey/ext/cdi/jersey-cdi1x/2.27/jersey-cdi1x-2.27.jar:/home/user/.m2/repository/org/glassfish/jersey/inject/jersey-hk2/2.27/jersey-hk2-2.27.jar:/home/user/.m2/repository/org/glassfish/hk2/hk2-locator/2.5.0-b42/hk2-locator-2.5.0-b42.jar:/home/user/.m2/repository/org/javassist/javassist/3.22.0-CR2/javassist-3.22.0-CR2.jar:/home/user/.m2/repository/org/glassfish/hk2/hk2-api/2.5.0/hk2-api-2.5.0.jar:/home/user/.m2/repository/org/glassfish/hk2/external/jakarta.inject/2.5.0/jakarta.inject-2.5.0.jar:/home/user/.m2/repository/org/glassfish/hk2/hk2-utils/2.5.0/hk2-utils-2.5.0.jar:/home/user/.m2/repository/jakarta/annotation/jakarta.annotation-api/1.3.4/jakarta.annotation-api-1.3.4.jar:/home/user/.m2/repository/org/glassfish/hk2/external/aopalliance-repackaged/2.5.0/aopalliance-repackaged-2.5.0.jar:/home/user/.m2/repository/com/fasterxml/jackson/dataformat/jackson-dataformat-xml/2.9.0/jackson-dataformat-xml-2.9.0.jar:/home/user/.m2/repository/com/fasterxml/jackson/core/jackson-core/2.9.5/jackson-core-2.9.5.jar:/home/user/.m2/repository/com/fasterxml/jackson/module/jackson-module-jaxb-annotations/2.9.5/jackson-module-jaxb-annotations-2.9.5.jar:/home/user/.m2/repository/javax/enterprise/cdi-api/1.2/cdi-api-1.2.jar:/home/user/.m2/repository/javax/el/javax.el-api/3.0.0/javax.el-api-3.0.0.jar:/home/user/.m2/repository/javax/interceptor/javax.interceptor-api/1.2/javax.interceptor-api-1.2.jar:/home/user/.m2/repository/javax/inject/javax.inject/1/javax.inject-1.jar:/home/user/.m2/repository/com/sun/xml/bind/jaxb-impl/2.3.0.1/jaxb-impl-2.3.0.1.jar:/home/user/.m2/repository/com/sun/xml/bind/jaxb-core/2.3.0.1/jaxb-core-2.3.0.1.jar:/home/user/.m2/repository/javax/xml/bind/jaxb-api/2.3.0/jaxb-api-2.3.0.jar:/home/user/.m2/repository/javax/activation/activation/1.1.1/activation-1.1.1.jar:/home/user/.m2/repository/org/apache/hadoop/hadoop-ozone-csi/0.4.1-SNAPSHOT/hadoop-ozone-csi-0.4.1-SNAPSHOT.jar:/home/user/.m2/repository/com/google/protobuf/protobuf-java-util/3.5.1/protobuf-java-util-3.5.1.jar:/home/user/.m2/repository/org/apache/hadoop/hadoop-hdds-config/0.4.1-SNAPSHOT/hadoop-hdds-config-0.4.1-SNAPSHOT.jar:/home/user/.m2/repository/io/grpc/grpc-netty/1.17.1/grpc-netty-1.17.1.jar:/home/user/.m2/repository/io/grpc/grpc-core/1.17.1/grpc-core-1.17.1.jar:/home/user/.m2/repository/io/grpc/grpc-context/1.17.1/grpc-context-1.17.1.jar:/home/user/.m2/repository/com/google/errorprone/error_prone_annotations/2.2.0/error_prone_annotations-2.2.0.jar:/home/user/.m2/repository/org/codehaus/mojo/animal-sniffer-annotations/1.17/animal-sniffer-annotations-1.17.jar:/home/user/.m2/repository/io/opencensus/opencensus-api/0.17.0/opencensus-api-0.17.0.jar:/home/user/.m2/repository/io/opencensus/opencensus-contrib-grpc-metrics/0.17.0/opencensus-contrib-grpc-metrics-0.17.0.jar:/home/user/.m2/repository/io/netty/netty-codec-http2/4.1.30.Final/netty-codec-http2-4.1.30.Final.jar:/home/user/.m2/repository/io/netty/netty-codec-http/4.1.30.Final/netty-codec-http-4.1.30.Final.jar:/home/user/.m2/repository/io/netty/netty-codec/4.1.30.Final/netty-codec-4.1.30.Final.jar:/home/user/.m2/repository/io/netty/netty-handler/4.1.30.Final/netty-handler-4.1.30.Final.jar:/home/user/.m2/repository/io/netty/netty-handler-proxy/4.1.30.Final/netty-handler-proxy-4.1.30.Final.jar:/home/user/.m2/repository/io/netty/netty-codec-socks/4.1.30.Final/netty-codec-socks-4.1.30.Final.jar:/home/user/.m2/repository/io/netty/netty-transport-native-epoll/4.1.30.Final/netty-transport-native-epoll-4.1.30.Final.jar:/home/user/.m2/repository/io/netty/netty-common/4.1.30.Final/netty-common-4.1.30.Final.jar:/home/user/.m2/repository/io/netty/netty-buffer/4.1.30.Final/netty-buffer-4.1.30.Final.jar:/home/user/.m2/repository/io/netty/netty-transport/4.1.30.Final/netty-transport-4.1.30.Final.jar:/home/user/.m2/repository/io/netty/netty-resolver/4.1.30.Final/netty-resolver-4.1.30.Final.jar:/home/user/.m2/repository/io/netty/netty-transport-native-unix-common/4.1.30.Final/netty-transport-native-unix-common-4.1.30.Final.jar:/home/user/.m2/repository/io/grpc/grpc-protobuf/1.17.1/grpc-protobuf-1.17.1.jar:/home/user/.m2/repository/com/google/api/grpc/proto-google-common-protos/1.0.0/proto-google-common-protos-1.0.0.jar:/home/user/.m2/repository/io/grpc/grpc-protobuf-lite/1.17.1/grpc-protobuf-lite-1.17.1.jar:/home/user/.m2/repository/io/grpc/grpc-stub/1.17.1/grpc-stub-1.17.1.jar:/home/user/.m2/repository/org/apache/hadoop/hadoop-ozone-recon/0.4.1-SNAPSHOT/hadoop-ozone-recon-0.4.1-SNAPSHOT.jar:/home/user/.m2/repository/org/apache/hadoop/hadoop-ozone-reconcodegen/0.4.1-SNAPSHOT/hadoop-ozone-reconcodegen-0.4.1-SNAPSHOT.jar:/home/user/.m2/repository/com/google/inject/extensions/guice-multibindings/4.0/guice-multibindings-4.0.jar:/home/user/.m2/repository/com/google/inject/guice/4.0/guice-4.0.jar:/home/user/.m2/repository/aopalliance/aopalliance/1.0/aopalliance-1.0.jar:/home/user/.m2/repository/com/google/inject/extensions/guice-servlet/4.0/guice-servlet-4.0.jar:/home/user/.m2/repository/org/glassfish/jersey/containers/jersey-container-servlet/2.27/jersey-container-servlet-2.27.jar:/home/user/.m2/repository/org/glassfish/hk2/guice-bridge/2.5.0/guice-bridge-2.5.0.jar:/home/user/.m2/repository/org/glassfish/jersey/core/jersey-server/2.27/jersey-server-2.27.jar:/home/user/.m2/repository/org/glassfish/jersey/core/jersey-client/2.27/jersey-client-2.27.jar:/home/user/.m2/repository/org/glassfish/jersey/media/jersey-media-jaxb/2.27/jersey-media-jaxb-2.27.jar:/home/user/.m2/repository/javax/validation/validation-api/1.1.0.Final/validation-api-1.1.0.Final.jar:/home/user/.m2/repository/org/glassfish/jersey/media/jersey-media-json-jackson/2.27/jersey-media-json-jackson-2.27.jar:/home/user/.m2/repository/org/glassfish/jersey/ext/jersey-entity-filtering/2.27/jersey-entity-filtering-2.27.jar:/home/user/.m2/repository/com/google/inject/extensions/guice-assistedinject/4.0/guice-assistedinject-4.0.jar:/home/user/.m2/repository/org/jooq/jooq/3.11.10/jooq-3.11.10.jar:/home/user/.m2/repository/org/jooq/jooq-meta/3.11.10/jooq-meta-3.11.10.jar:/home/user/.m2/repository/org/jooq/jooq-codegen/3.11.10/jooq-codegen-3.11.10.jar:/home/user/.m2/repository/com/jolbox/bonecp/0.8.0.RELEASE/bonecp-0.8.0.RELEASE.jar:/home/user/.m2/repository/org/xerial/sqlite-jdbc/3.25.2/sqlite-jdbc-3.25.2.jar:/home/user/.m2/repository/org/springframework/spring-jdbc/5.1.3.RELEASE/spring-jdbc-5.1.3.RELEASE.jar:/home/user/.m2/repository/org/springframework/spring-beans/5.1.3.RELEASE/spring-beans-5.1.3.RELEASE.jar:/home/user/.m2/repository/org/springframework/spring-core/5.1.3.RELEASE/spring-core-5.1.3.RELEASE.jar:/home/user/.m2/repository/org/springframework/spring-jcl/5.1.3.RELEASE/spring-jcl-5.1.3.RELEASE.jar:/home/user/.m2/repository/org/springframework/spring-tx/5.1.3.RELEASE/spring-tx-5.1.3.RELEASE.jar:/home/user/.m2/repository/org/apache/hadoop/hadoop-ozone-client/0.4.1-SNAPSHOT/hadoop-ozone-client-0.4.1-SNAPSHOT.jar:/home/user/.m2/repository/commons-lang/commons-lang/2.6/commons-lang-2.6.jar:/home/user/.m2/repository/org/apache/hadoop/hadoop-ozone-ozone-manager/0.4.1-SNAPSHOT/hadoop-ozone-ozone-manager-0.4.1-SNAPSHOT-tests.jar:/home/user/.m2/repository/junit/junit/4.11/junit-4.11.jar:/home/user/.m2/repository/org/hamcrest/hamcrest-core/1.3/hamcrest-core-1.3.jar:/home/user/.m2/repository/org/openjdk/jmh/jmh-core/1.19/jmh-core-1.19.jar:/home/user/.m2/repository/net/sf/jopt-simple/jopt-simple/4.6/jopt-simple-4.6.jar:/home/user/.m2/repository/org/apache/commons/commons-math3/3.1.1/commons-math3-3.1.1.jar:/home/user/.m2/repository/org/openjdk/jmh/jmh-generator-annprocess/1.19/jmh-generator-annprocess-1.19.jar:/home/user/.m2/repository/org/mockito/mockito-all/1.8.5/mockito-all-1.8.5.jar:/home/user/.m2/repository/org/apache/hadoop/hadoop-kms/3.2.0/hadoop-kms-3.2.0.jar:/home/user/.m2/repository/org/apache/hadoop/hadoop-auth/3.2.0/hadoop-auth-3.2.0.jar:/home/user/.m2/repository/com/nimbusds/nimbus-jose-jwt/4.41.1/nimbus-jose-jwt-4.41.1.jar:/home/user/.m2/repository/com/github/stephenc/jcip/jcip-annotations/1.0-1/jcip-annotations-1.0-1.jar:/home/user/.m2/repository/net/minidev/json-smart/2.3/json-smart-2.3.jar:/home/user/.m2/repository/net/minidev/accessors-smart/1.2/accessors-smart-1.2.jar:/home/user/.m2/repository/org/ow2/asm/asm/5.0.4/asm-5.0.4.jar:/home/user/.m2/repository/org/apache/curator/curator-framework/2.12.0/curator-framework-2.12.0.jar:/home/user/.m2/repository/com/sun/jersey/jersey-core/1.19/jersey-core-1.19.jar:/home/user/.m2/repository/javax/ws/rs/jsr311-api/1.1.1/jsr311-api-1.1.1.jar:/home/user/.m2/repository/com/sun/jersey/jersey-server/1.19/jersey-server-1.19.jar:/home/user/.m2/repository/javax/servlet/javax.servlet-api/3.1.0/javax.servlet-api-3.1.0.jar:/home/user/.m2/repository/org/eclipse/jetty/jetty-server/9.3.24.v20180605/jetty-server-9.3.24.v20180605.jar:/home/user/.m2/repository/org/eclipse/jetty/jetty-http/9.3.24.v20180605/jetty-http-9.3.24.v20180605.jar:/home/user/.m2/repository/org/eclipse/jetty/jetty-io/9.3.24.v20180605/jetty-io-9.3.24.v20180605.jar:/home/user/.m2/repository/org/eclipse/jetty/jetty-webapp/9.3.24.v20180605/jetty-webapp-9.3.24.v20180605.jar:/home/user/.m2/repository/org/eclipse/jetty/jetty-xml/9.3.24.v20180605/jetty-xml-9.3.24.v20180605.jar:/home/user/.m2/repository/log4j/log4j/1.2.17/log4j-1.2.17.jar:/home/user/.m2/repository/org/slf4j/slf4j-api/1.7.25/slf4j-api-1.7.25.jar:/home/user/.m2/repository/org/slf4j/jul-to-slf4j/1.7.25/jul-to-slf4j-1.7.25.jar:/home/user/.m2/repository/org/eclipse/jetty/jetty-util/9.3.24.v20180605/jetty-util-9.3.24.v20180605.jar:/home/user/.m2/repository/com/fasterxml/jackson/core/jackson-databind/2.9.5/jackson-databind-2.9.5.jar:/home/user/.m2/repository/org/apache/hadoop/hadoop-kms/3.2.0/hadoop-kms-3.2.0-tests.jar:/home/user/.m2/repository/org/apache/hadoop/hadoop-hdds-server-scm/0.4.1-SNAPSHOT/hadoop-hdds-server-scm-0.4.1-SNAPSHOT-tests.jar:/home/user/.m2/repository/org/apache/hadoop/hadoop-hdds-container-service/0.4.1-SNAPSHOT/hadoop-hdds-container-service-0.4.1-SNAPSHOT-tests.jar:/home/user/.m2/repository/org/yaml/snakeyaml/1.16/snakeyaml-1.16.jar:/home/user/.m2/repository/org/apache/hadoop/hadoop-common/3.2.0/hadoop-common-3.2.0-tests.jar:/home/user/.m2/repository/org/apache/hadoop/hadoop-annotations/3.2.0/hadoop-annotations-3.2.0.jar:/usr/lib/jvm/java-1.8-openjdk/jre/../lib/tools.jar:/home/user/.m2/repository/commons-cli/commons-cli/1.2/commons-cli-1.2.jar:/home/user/.m2/repository/org/apache/httpcomponents/httpclient/4.5.2/httpclient-4.5.2.jar:/home/user/.m2/repository/org/apache/httpcomponents/httpcore/4.4.4/httpcore-4.4.4.jar:/home/user/.m2/repository/commons-codec/commons-codec/1.11/commons-codec-1.11.jar:/home/user/.m2/repository/commons-net/commons-net/3.6/commons-net-3.6.jar:/home/user/.m2/repository/commons-collections/commons-collections/3.2.2/commons-collections-3.2.2.jar:/home/user/.m2/repository/org/eclipse/jetty/jetty-servlet/9.3.24.v20180605/jetty-servlet-9.3.24.v20180605.jar:/home/user/.m2/repository/org/eclipse/jetty/jetty-security/9.3.24.v20180605/jetty-security-9.3.24.v20180605.jar:/home/user/.m2/repository/javax/servlet/jsp/jsp-api/2.1/jsp-api-2.1.jar:/home/user/.m2/repository/com/sun/jersey/jersey-servlet/1.19/jersey-servlet-1.19.jar:/home/user/.m2/repository/com/sun/jersey/jersey-json/1.19/jersey-json-1.19.jar:/home/user/.m2/repository/org/codehaus/jettison/jettison/1.1/jettison-1.1.jar:/home/user/.m2/repository/org/codehaus/jackson/jackson-core-asl/1.9.13/jackson-core-asl-1.9.13.jar:/home/user/.m2/repository/org/codehaus/jackson/jackson-mapper-asl/1.9.13/jackson-mapper-asl-1.9.13.jar:/home/user/.m2/repository/org/codehaus/jackson/jackson-jaxrs/1.9.13/jackson-jaxrs-1.9.13.jar:/home/user/.m2/repository/org/codehaus/jackson/jackson-xc/1.9.13/jackson-xc-1.9.13.jar:/home/user/.m2/repository/commons-logging/commons-logging/1.1.3/commons-logging-1.1.3.jar:/home/user/.m2/repository/commons-beanutils/commons-beanutils/1.9.3/commons-beanutils-1.9.3.jar:/home/user/.m2/repository/org/apache/commons/commons-configuration2/2.1.1/commons-configuration2-2.1.1.jar:/home/user/.m2/repository/org/apache/commons/commons-lang3/3.7/commons-lang3-3.7.jar:/home/user/.m2/repository/org/apache/commons/commons-text/1.4/commons-text-1.4.jar:/home/user/.m2/repository/org/apache/avro/avro/1.7.7/avro-1.7.7.jar:/home/user/.m2/repository/com/thoughtworks/paranamer/paranamer/2.3/paranamer-2.3.jar:/home/user/.m2/repository/org/xerial/snappy/snappy-java/1.0.5/snappy-java-1.0.5.jar:/home/user/.m2/repository/com/google/re2j/re2j/1.1/re2j-1.1.jar:/home/user/.m2/repository/com/google/code/gson/gson/2.2.4/gson-2.2.4.jar:/home/user/.m2/repository/com/jcraft/jsch/0.1.54/jsch-0.1.54.jar:/home/user/.m2/repository/org/apache/curator/curator-client/2.12.0/curator-client-2.12.0.jar:/home/user/.m2/repository/org/apache/curator/curator-recipes/2.12.0/curator-recipes-2.12.0.jar:/home/user/.m2/repository/com/google/code/findbugs/jsr305/3.0.0/jsr305-3.0.0.jar:/home/user/.m2/repository/org/apache/htrace/htrace-core4/4.1.0-incubating/htrace-core4-4.1.0-incubating.jar:/home/user/.m2/repository/org/apache/zookeeper/zookeeper/3.4.13/zookeeper-3.4.13.jar:/home/user/.m2/repository/org/apache/yetus/audience-annotations/0.5.0/audience-annotations-0.5.0.jar:/home/user/.m2/repository/org/codehaus/woodstox/stax2-api/3.1.4/stax2-api-3.1.4.jar:/home/user/.m2/repository/com/fasterxml/woodstox/woodstox-core/5.0.3/woodstox-core-5.0.3.jar:/home/user/.m2/repository/dnsjava/dnsjava/2.1.7/dnsjava-2.1.7.jar:/home/user/.m2/repository/org/apache/hadoop/hadoop-hdfs/3.2.0/hadoop-hdfs-3.2.0-tests.jar:/home/user/.m2/repository/org/eclipse/jetty/jetty-util-ajax/9.3.24.v20180605/jetty-util-ajax-9.3.24.v20180605.jar:/home/user/.m2/repository/commons-daemon/commons-daemon/1.0.13/commons-daemon-1.0.13.jar:/home/user/.m2/repository/io/netty/netty/3.10.5.Final/netty-3.10.5.Final.jar:/home/user/.m2/repository/io/netty/netty-all/4.0.52.Final/netty-all-4.0.52.Final.jar:/home/user/.m2/repository/org/fusesource/leveldbjni/leveldbjni-all/1.8/leveldbjni-all-1.8.jar:"/>
    <property name="java.vm.vendor" value="IcedTea"/>
    <property name="sun.arch.data.model" value="64"/>
    <property name="test.build.dir" value="/workdir/hadoop-ozone/integration-test/target/test-dir"/>
    <property name="test.cache.data" value=""/>
    <property name="java.vendor.url" value="https://icedtea.classpath.org"/>
    <property name="user.timezone" value=""/>
    <property name="java.vm.specification.version" value="1.8"/>
    <property name="os.name" value="Linux"/>
    <property name="test.build.data" value="/workdir/hadoop-ozone/integration-test/target/test-dir"/>
    <property name="user.country" value="US"/>
    <property name="sun.java.launcher" value="SUN_STANDARD"/>
    <property name="sun.boot.library.path" value="/usr/lib/jvm/java-1.8-openjdk/jre/lib/amd64"/>
    <property name="sun.java.command" value="/workdir/hadoop-ozone/integration-test/target/surefire/surefirebooter4594390218117758154.jar /workdir/hadoop-ozone/integration-test/target/surefire 2019-08-07T03-12-40_230-jvmRun1 surefire2664899008380881414tmp surefire_421185621333568429468tmp"/>
    <property name="surefire.test.class.path" value="/workdir/hadoop-ozone/integration-test/target/test-classes:/workdir/hadoop-ozone/integration-test/target/classes:/home/user/.m2/repository/org/apache/hadoop/hadoop-ozone-common/0.4.1-SNAPSHOT/hadoop-ozone-common-0.4.1-SNAPSHOT.jar:/home/user/.m2/repository/org/apache/commons/commons-compress/1.4.1/commons-compress-1.4.1.jar:/home/user/.m2/repository/org/tukaani/xz/1.0/xz-1.0.jar:/home/user/.m2/repository/org/apache/hadoop/hadoop-common/3.2.0/hadoop-common-3.2.0.jar:/home/user/.m2/repository/org/apache/hadoop/hadoop-hdfs/3.2.0/hadoop-hdfs-3.2.0.jar:/home/user/.m2/repository/org/apache/hadoop/hadoop-hdfs-client/3.2.0/hadoop-hdfs-client-3.2.0.jar:/home/user/.m2/repository/com/fasterxml/jackson/core/jackson-annotations/2.9.5/jackson-annotations-2.9.5.jar:/home/user/.m2/repository/org/apache/hadoop/hadoop-hdds-common/0.4.1-SNAPSHOT/hadoop-hdds-common-0.4.1-SNAPSHOT.jar:/home/user/.m2/repository/javax/annotation/javax.annotation-api/1.2/javax.annotation-api-1.2.jar:/home/user/.m2/repository/org/apache/ratis/ratis-server/0.4.0-2337318-SNAPSHOT/ratis-server-0.4.0-2337318-SNAPSHOT.jar:/home/user/.m2/repository/org/apache/ratis/ratis-thirdparty-misc/0.2.0/ratis-thirdparty-misc-0.2.0.jar:/home/user/.m2/repository/org/apache/ratis/ratis-proto/0.4.0-2337318-SNAPSHOT/ratis-proto-0.4.0-2337318-SNAPSHOT.jar:/home/user/.m2/repository/org/apache/ratis/ratis-common/0.4.0-2337318-SNAPSHOT/ratis-common-0.4.0-2337318-SNAPSHOT.jar:/home/user/.m2/repository/org/apache/ratis/ratis-client/0.4.0-2337318-SNAPSHOT/ratis-client-0.4.0-2337318-SNAPSHOT.jar:/home/user/.m2/repository/org/apache/ratis/ratis-metrics/0.4.0-2337318-SNAPSHOT/ratis-metrics-0.4.0-2337318-SNAPSHOT.jar:/home/user/.m2/repository/org/apache/ratis/ratis-netty/0.4.0-2337318-SNAPSHOT/ratis-netty-0.4.0-2337318-SNAPSHOT.jar:/home/user/.m2/repository/org/apache/ratis/ratis-grpc/0.4.0-2337318-SNAPSHOT/ratis-grpc-0.4.0-2337318-SNAPSHOT.jar:/home/user/.m2/repository/org/rocksdb/rocksdbjni/6.0.1/rocksdbjni-6.0.1.jar:/home/user/.m2/repository/org/apache/logging/log4j/log4j-api/2.11.0/log4j-api-2.11.0.jar:/home/user/.m2/repository/org/apache/logging/log4j/log4j-core/2.11.0/log4j-core-2.11.0.jar:/home/user/.m2/repository/com/lmax/disruptor/3.4.2/disruptor-3.4.2.jar:/home/user/.m2/repository/org/apache/commons/commons-pool2/2.6.0/commons-pool2-2.6.0.jar:/home/user/.m2/repository/org/bouncycastle/bcpkix-jdk15on/1.60/bcpkix-jdk15on-1.60.jar:/home/user/.m2/repository/commons-validator/commons-validator/1.6/commons-validator-1.6.jar:/home/user/.m2/repository/commons-digester/commons-digester/1.8.1/commons-digester-1.8.1.jar:/home/user/.m2/repository/io/jaegertracing/jaeger-client/0.33.1/jaeger-client-0.33.1.jar:/home/user/.m2/repository/io/jaegertracing/jaeger-thrift/0.33.1/jaeger-thrift-0.33.1.jar:/home/user/.m2/repository/org/apache/thrift/libthrift/0.11.0/libthrift-0.11.0.jar:/home/user/.m2/repository/com/squareup/okhttp3/okhttp/3.9.0/okhttp-3.9.0.jar:/home/user/.m2/repository/com/squareup/okio/okio/1.13.0/okio-1.13.0.jar:/home/user/.m2/repository/io/jaegertracing/jaeger-core/0.33.1/jaeger-core-0.33.1.jar:/home/user/.m2/repository/io/jaegertracing/jaeger-tracerresolver/0.33.1/jaeger-tracerresolver-0.33.1.jar:/home/user/.m2/repository/io/opentracing/contrib/opentracing-tracerresolver/0.1.5/opentracing-tracerresolver-0.1.5.jar:/home/user/.m2/repository/io/opentracing/opentracing-util/0.31.0/opentracing-util-0.31.0.jar:/home/user/.m2/repository/io/opentracing/opentracing-api/0.31.0/opentracing-api-0.31.0.jar:/home/user/.m2/repository/io/opentracing/opentracing-noop/0.31.0/opentracing-noop-0.31.0.jar:/home/user/.m2/repository/org/apache/hadoop/hadoop-hdds-server-framework/0.4.1-SNAPSHOT/hadoop-hdds-server-framework-0.4.1-SNAPSHOT.jar:/home/user/.m2/repository/org/apache/hadoop/hadoop-hdds-container-service/0.4.1-SNAPSHOT/hadoop-hdds-container-service-0.4.1-SNAPSHOT.jar:/home/user/.m2/repository/org/apache/hadoop/hadoop-hdds-client/0.4.1-SNAPSHOT/hadoop-hdds-client-0.4.1-SNAPSHOT.jar:/home/user/.m2/repository/org/apache/hadoop/hadoop-hdds-tools/0.4.1-SNAPSHOT/hadoop-hdds-tools-0.4.1-SNAPSHOT.jar:/home/user/.m2/repository/org/apache/hadoop/hadoop-hdds-server-scm/0.4.1-SNAPSHOT/hadoop-hdds-server-scm-0.4.1-SNAPSHOT.jar:/home/user/.m2/repository/org/apache/hadoop/hadoop-hdds-docs/0.4.1-SNAPSHOT/hadoop-hdds-docs-0.4.1-SNAPSHOT.jar:/home/user/.m2/repository/io/dropwizard/metrics/metrics-core/3.2.4/metrics-core-3.2.4.jar:/home/user/.m2/repository/org/hamcrest/hamcrest-all/1.3/hamcrest-all-1.3.jar:/home/user/.m2/repository/org/bouncycastle/bcprov-jdk15on/1.60/bcprov-jdk15on-1.60.jar:/home/user/.m2/repository/info/picocli/picocli/3.9.6/picocli-3.9.6.jar:/home/user/.m2/repository/com/google/protobuf/protobuf-java/2.5.0/protobuf-java-2.5.0.jar:/home/user/.m2/repository/com/google/guava/guava/11.0.2/guava-11.0.2.jar:/home/user/.m2/repository/org/apache/hadoop/hadoop-ozone-ozone-manager/0.4.1-SNAPSHOT/hadoop-ozone-ozone-manager-0.4.1-SNAPSHOT.jar:/home/user/.m2/repository/org/apache/hadoop/hadoop-minikdc/3.2.0/hadoop-minikdc-3.2.0.jar:/home/user/.m2/repository/commons-io/commons-io/2.5/commons-io-2.5.jar:/home/user/.m2/repository/org/apache/kerby/kerb-simplekdc/1.0.1/kerb-simplekdc-1.0.1.jar:/home/user/.m2/repository/org/apache/kerby/kerb-client/1.0.1/kerb-client-1.0.1.jar:/home/user/.m2/repository/org/apache/kerby/kerby-config/1.0.1/kerby-config-1.0.1.jar:/home/user/.m2/repository/org/apache/kerby/kerb-core/1.0.1/kerb-core-1.0.1.jar:/home/user/.m2/repository/org/apache/kerby/kerby-pkix/1.0.1/kerby-pkix-1.0.1.jar:/home/user/.m2/repository/org/apache/kerby/kerby-asn1/1.0.1/kerby-asn1-1.0.1.jar:/home/user/.m2/repository/org/apache/kerby/kerby-util/1.0.1/kerby-util-1.0.1.jar:/home/user/.m2/repository/org/apache/kerby/kerb-common/1.0.1/kerb-common-1.0.1.jar:/home/user/.m2/repository/org/apache/kerby/kerb-crypto/1.0.1/kerb-crypto-1.0.1.jar:/home/user/.m2/repository/org/apache/kerby/kerb-util/1.0.1/kerb-util-1.0.1.jar:/home/user/.m2/repository/org/apache/kerby/token-provider/1.0.1/token-provider-1.0.1.jar:/home/user/.m2/repository/org/apache/kerby/kerb-admin/1.0.1/kerb-admin-1.0.1.jar:/home/user/.m2/repository/org/apache/kerby/kerb-server/1.0.1/kerb-server-1.0.1.jar:/home/user/.m2/repository/org/apache/kerby/kerb-identity/1.0.1/kerb-identity-1.0.1.jar:/home/user/.m2/repository/org/apache/kerby/kerby-xdr/1.0.1/kerby-xdr-1.0.1.jar:/home/user/.m2/repository/org/slf4j/slf4j-log4j12/1.7.25/slf4j-log4j12-1.7.25.jar:/home/user/.m2/repository/org/apache/hadoop/hadoop-ozone-objectstore-service/0.4.1-SNAPSHOT/hadoop-ozone-objectstore-service-0.4.1-SNAPSHOT.jar:/home/user/.m2/repository/org/apache/hadoop/hadoop-ozone-s3gateway/0.4.1-SNAPSHOT/hadoop-ozone-s3gateway-0.4.1-SNAPSHOT.jar:/home/user/.m2/repository/org/jboss/weld/servlet/weld-servlet/2.4.7.Final/weld-servlet-2.4.7.Final.jar:/home/user/.m2/repository/org/glassfish/jersey/containers/jersey-container-servlet-core/2.27/jersey-container-servlet-core-2.27.jar:/home/user/.m2/repository/org/glassfish/hk2/external/javax.inject/2.5.0-b42/javax.inject-2.5.0-b42.jar:/home/user/.m2/repository/org/glassfish/jersey/core/jersey-common/2.27/jersey-common-2.27.jar:/home/user/.m2/repository/org/glassfish/hk2/osgi-resource-locator/1.0.1/osgi-resource-locator-1.0.1.jar:/home/user/.m2/repository/javax/ws/rs/javax.ws.rs-api/2.1/javax.ws.rs-api-2.1.jar:/home/user/.m2/repository/org/glassfish/jersey/ext/cdi/jersey-cdi1x/2.27/jersey-cdi1x-2.27.jar:/home/user/.m2/repository/org/glassfish/jersey/inject/jersey-hk2/2.27/jersey-hk2-2.27.jar:/home/user/.m2/repository/org/glassfish/hk2/hk2-locator/2.5.0-b42/hk2-locator-2.5.0-b42.jar:/home/user/.m2/repository/org/javassist/javassist/3.22.0-CR2/javassist-3.22.0-CR2.jar:/home/user/.m2/repository/org/glassfish/hk2/hk2-api/2.5.0/hk2-api-2.5.0.jar:/home/user/.m2/repository/org/glassfish/hk2/external/jakarta.inject/2.5.0/jakarta.inject-2.5.0.jar:/home/user/.m2/repository/org/glassfish/hk2/hk2-utils/2.5.0/hk2-utils-2.5.0.jar:/home/user/.m2/repository/jakarta/annotation/jakarta.annotation-api/1.3.4/jakarta.annotation-api-1.3.4.jar:/home/user/.m2/repository/org/glassfish/hk2/external/aopalliance-repackaged/2.5.0/aopalliance-repackaged-2.5.0.jar:/home/user/.m2/repository/com/fasterxml/jackson/dataformat/jackson-dataformat-xml/2.9.0/jackson-dataformat-xml-2.9.0.jar:/home/user/.m2/repository/com/fasterxml/jackson/core/jackson-core/2.9.5/jackson-core-2.9.5.jar:/home/user/.m2/repository/com/fasterxml/jackson/module/jackson-module-jaxb-annotations/2.9.5/jackson-module-jaxb-annotations-2.9.5.jar:/home/user/.m2/repository/javax/enterprise/cdi-api/1.2/cdi-api-1.2.jar:/home/user/.m2/repository/javax/el/javax.el-api/3.0.0/javax.el-api-3.0.0.jar:/home/user/.m2/repository/javax/interceptor/javax.interceptor-api/1.2/javax.interceptor-api-1.2.jar:/home/user/.m2/repository/javax/inject/javax.inject/1/javax.inject-1.jar:/home/user/.m2/repository/com/sun/xml/bind/jaxb-impl/2.3.0.1/jaxb-impl-2.3.0.1.jar:/home/user/.m2/repository/com/sun/xml/bind/jaxb-core/2.3.0.1/jaxb-core-2.3.0.1.jar:/home/user/.m2/repository/javax/xml/bind/jaxb-api/2.3.0/jaxb-api-2.3.0.jar:/home/user/.m2/repository/javax/activation/activation/1.1.1/activation-1.1.1.jar:/home/user/.m2/repository/org/apache/hadoop/hadoop-ozone-csi/0.4.1-SNAPSHOT/hadoop-ozone-csi-0.4.1-SNAPSHOT.jar:/home/user/.m2/repository/com/google/protobuf/protobuf-java-util/3.5.1/protobuf-java-util-3.5.1.jar:/home/user/.m2/repository/org/apache/hadoop/hadoop-hdds-config/0.4.1-SNAPSHOT/hadoop-hdds-config-0.4.1-SNAPSHOT.jar:/home/user/.m2/repository/io/grpc/grpc-netty/1.17.1/grpc-netty-1.17.1.jar:/home/user/.m2/repository/io/grpc/grpc-core/1.17.1/grpc-core-1.17.1.jar:/home/user/.m2/repository/io/grpc/grpc-context/1.17.1/grpc-context-1.17.1.jar:/home/user/.m2/repository/com/google/errorprone/error_prone_annotations/2.2.0/error_prone_annotations-2.2.0.jar:/home/user/.m2/repository/org/codehaus/mojo/animal-sniffer-annotations/1.17/animal-sniffer-annotations-1.17.jar:/home/user/.m2/repository/io/opencensus/opencensus-api/0.17.0/opencensus-api-0.17.0.jar:/home/user/.m2/repository/io/opencensus/opencensus-contrib-grpc-metrics/0.17.0/opencensus-contrib-grpc-metrics-0.17.0.jar:/home/user/.m2/repository/io/netty/netty-codec-http2/4.1.30.Final/netty-codec-http2-4.1.30.Final.jar:/home/user/.m2/repository/io/netty/netty-codec-http/4.1.30.Final/netty-codec-http-4.1.30.Final.jar:/home/user/.m2/repository/io/netty/netty-codec/4.1.30.Final/netty-codec-4.1.30.Final.jar:/home/user/.m2/repository/io/netty/netty-handler/4.1.30.Final/netty-handler-4.1.30.Final.jar:/home/user/.m2/repository/io/netty/netty-handler-proxy/4.1.30.Final/netty-handler-proxy-4.1.30.Final.jar:/home/user/.m2/repository/io/netty/netty-codec-socks/4.1.30.Final/netty-codec-socks-4.1.30.Final.jar:/home/user/.m2/repository/io/netty/netty-transport-native-epoll/4.1.30.Final/netty-transport-native-epoll-4.1.30.Final.jar:/home/user/.m2/repository/io/netty/netty-common/4.1.30.Final/netty-common-4.1.30.Final.jar:/home/user/.m2/repository/io/netty/netty-buffer/4.1.30.Final/netty-buffer-4.1.30.Final.jar:/home/user/.m2/repository/io/netty/netty-transport/4.1.30.Final/netty-transport-4.1.30.Final.jar:/home/user/.m2/repository/io/netty/netty-resolver/4.1.30.Final/netty-resolver-4.1.30.Final.jar:/home/user/.m2/repository/io/netty/netty-transport-native-unix-common/4.1.30.Final/netty-transport-native-unix-common-4.1.30.Final.jar:/home/user/.m2/repository/io/grpc/grpc-protobuf/1.17.1/grpc-protobuf-1.17.1.jar:/home/user/.m2/repository/com/google/api/grpc/proto-google-common-protos/1.0.0/proto-google-common-protos-1.0.0.jar:/home/user/.m2/repository/io/grpc/grpc-protobuf-lite/1.17.1/grpc-protobuf-lite-1.17.1.jar:/home/user/.m2/repository/io/grpc/grpc-stub/1.17.1/grpc-stub-1.17.1.jar:/home/user/.m2/repository/org/apache/hadoop/hadoop-ozone-recon/0.4.1-SNAPSHOT/hadoop-ozone-recon-0.4.1-SNAPSHOT.jar:/home/user/.m2/repository/org/apache/hadoop/hadoop-ozone-reconcodegen/0.4.1-SNAPSHOT/hadoop-ozone-reconcodegen-0.4.1-SNAPSHOT.jar:/home/user/.m2/repository/com/google/inject/extensions/guice-multibindings/4.0/guice-multibindings-4.0.jar:/home/user/.m2/repository/com/google/inject/guice/4.0/guice-4.0.jar:/home/user/.m2/repository/aopalliance/aopalliance/1.0/aopalliance-1.0.jar:/home/user/.m2/repository/com/google/inject/extensions/guice-servlet/4.0/guice-servlet-4.0.jar:/home/user/.m2/repository/org/glassfish/jersey/containers/jersey-container-servlet/2.27/jersey-container-servlet-2.27.jar:/home/user/.m2/repository/org/glassfish/hk2/guice-bridge/2.5.0/guice-bridge-2.5.0.jar:/home/user/.m2/repository/org/glassfish/jersey/core/jersey-server/2.27/jersey-server-2.27.jar:/home/user/.m2/repository/org/glassfish/jersey/core/jersey-client/2.27/jersey-client-2.27.jar:/home/user/.m2/repository/org/glassfish/jersey/media/jersey-media-jaxb/2.27/jersey-media-jaxb-2.27.jar:/home/user/.m2/repository/javax/validation/validation-api/1.1.0.Final/validation-api-1.1.0.Final.jar:/home/user/.m2/repository/org/glassfish/jersey/media/jersey-media-json-jackson/2.27/jersey-media-json-jackson-2.27.jar:/home/user/.m2/repository/org/glassfish/jersey/ext/jersey-entity-filtering/2.27/jersey-entity-filtering-2.27.jar:/home/user/.m2/repository/com/google/inject/extensions/guice-assistedinject/4.0/guice-assistedinject-4.0.jar:/home/user/.m2/repository/org/jooq/jooq/3.11.10/jooq-3.11.10.jar:/home/user/.m2/repository/org/jooq/jooq-meta/3.11.10/jooq-meta-3.11.10.jar:/home/user/.m2/repository/org/jooq/jooq-codegen/3.11.10/jooq-codegen-3.11.10.jar:/home/user/.m2/repository/com/jolbox/bonecp/0.8.0.RELEASE/bonecp-0.8.0.RELEASE.jar:/home/user/.m2/repository/org/xerial/sqlite-jdbc/3.25.2/sqlite-jdbc-3.25.2.jar:/home/user/.m2/repository/org/springframework/spring-jdbc/5.1.3.RELEASE/spring-jdbc-5.1.3.RELEASE.jar:/home/user/.m2/repository/org/springframework/spring-beans/5.1.3.RELEASE/spring-beans-5.1.3.RELEASE.jar:/home/user/.m2/repository/org/springframework/spring-core/5.1.3.RELEASE/spring-core-5.1.3.RELEASE.jar:/home/user/.m2/repository/org/springframework/spring-jcl/5.1.3.RELEASE/spring-jcl-5.1.3.RELEASE.jar:/home/user/.m2/repository/org/springframework/spring-tx/5.1.3.RELEASE/spring-tx-5.1.3.RELEASE.jar:/home/user/.m2/repository/org/apache/hadoop/hadoop-ozone-client/0.4.1-SNAPSHOT/hadoop-ozone-client-0.4.1-SNAPSHOT.jar:/home/user/.m2/repository/commons-lang/commons-lang/2.6/commons-lang-2.6.jar:/home/user/.m2/repository/org/apache/hadoop/hadoop-ozone-ozone-manager/0.4.1-SNAPSHOT/hadoop-ozone-ozone-manager-0.4.1-SNAPSHOT-tests.jar:/home/user/.m2/repository/junit/junit/4.11/junit-4.11.jar:/home/user/.m2/repository/org/hamcrest/hamcrest-core/1.3/hamcrest-core-1.3.jar:/home/user/.m2/repository/org/openjdk/jmh/jmh-core/1.19/jmh-core-1.19.jar:/home/user/.m2/repository/net/sf/jopt-simple/jopt-simple/4.6/jopt-simple-4.6.jar:/home/user/.m2/repository/org/apache/commons/commons-math3/3.1.1/commons-math3-3.1.1.jar:/home/user/.m2/repository/org/openjdk/jmh/jmh-generator-annprocess/1.19/jmh-generator-annprocess-1.19.jar:/home/user/.m2/repository/org/mockito/mockito-all/1.8.5/mockito-all-1.8.5.jar:/home/user/.m2/repository/org/apache/hadoop/hadoop-kms/3.2.0/hadoop-kms-3.2.0.jar:/home/user/.m2/repository/org/apache/hadoop/hadoop-auth/3.2.0/hadoop-auth-3.2.0.jar:/home/user/.m2/repository/com/nimbusds/nimbus-jose-jwt/4.41.1/nimbus-jose-jwt-4.41.1.jar:/home/user/.m2/repository/com/github/stephenc/jcip/jcip-annotations/1.0-1/jcip-annotations-1.0-1.jar:/home/user/.m2/repository/net/minidev/json-smart/2.3/json-smart-2.3.jar:/home/user/.m2/repository/net/minidev/accessors-smart/1.2/accessors-smart-1.2.jar:/home/user/.m2/repository/org/ow2/asm/asm/5.0.4/asm-5.0.4.jar:/home/user/.m2/repository/org/apache/curator/curator-framework/2.12.0/curator-framework-2.12.0.jar:/home/user/.m2/repository/com/sun/jersey/jersey-core/1.19/jersey-core-1.19.jar:/home/user/.m2/repository/javax/ws/rs/jsr311-api/1.1.1/jsr311-api-1.1.1.jar:/home/user/.m2/repository/com/sun/jersey/jersey-server/1.19/jersey-server-1.19.jar:/home/user/.m2/repository/javax/servlet/javax.servlet-api/3.1.0/javax.servlet-api-3.1.0.jar:/home/user/.m2/repository/org/eclipse/jetty/jetty-server/9.3.24.v20180605/jetty-server-9.3.24.v20180605.jar:/home/user/.m2/repository/org/eclipse/jetty/jetty-http/9.3.24.v20180605/jetty-http-9.3.24.v20180605.jar:/home/user/.m2/repository/org/eclipse/jetty/jetty-io/9.3.24.v20180605/jetty-io-9.3.24.v20180605.jar:/home/user/.m2/repository/org/eclipse/jetty/jetty-webapp/9.3.24.v20180605/jetty-webapp-9.3.24.v20180605.jar:/home/user/.m2/repository/org/eclipse/jetty/jetty-xml/9.3.24.v20180605/jetty-xml-9.3.24.v20180605.jar:/home/user/.m2/repository/log4j/log4j/1.2.17/log4j-1.2.17.jar:/home/user/.m2/repository/org/slf4j/slf4j-api/1.7.25/slf4j-api-1.7.25.jar:/home/user/.m2/repository/org/slf4j/jul-to-slf4j/1.7.25/jul-to-slf4j-1.7.25.jar:/home/user/.m2/repository/org/eclipse/jetty/jetty-util/9.3.24.v20180605/jetty-util-9.3.24.v20180605.jar:/home/user/.m2/repository/com/fasterxml/jackson/core/jackson-databind/2.9.5/jackson-databind-2.9.5.jar:/home/user/.m2/repository/org/apache/hadoop/hadoop-kms/3.2.0/hadoop-kms-3.2.0-tests.jar:/home/user/.m2/repository/org/apache/hadoop/hadoop-hdds-server-scm/0.4.1-SNAPSHOT/hadoop-hdds-server-scm-0.4.1-SNAPSHOT-tests.jar:/home/user/.m2/repository/org/apache/hadoop/hadoop-hdds-container-service/0.4.1-SNAPSHOT/hadoop-hdds-container-service-0.4.1-SNAPSHOT-tests.jar:/home/user/.m2/repository/org/yaml/snakeyaml/1.16/snakeyaml-1.16.jar:/home/user/.m2/repository/org/apache/hadoop/hadoop-common/3.2.0/hadoop-common-3.2.0-tests.jar:/home/user/.m2/repository/org/apache/hadoop/hadoop-annotations/3.2.0/hadoop-annotations-3.2.0.jar:/usr/lib/jvm/java-1.8-openjdk/jre/../lib/tools.jar:/home/user/.m2/repository/commons-cli/commons-cli/1.2/commons-cli-1.2.jar:/home/user/.m2/repository/org/apache/httpcomponents/httpclient/4.5.2/httpclient-4.5.2.jar:/home/user/.m2/repository/org/apache/httpcomponents/httpcore/4.4.4/httpcore-4.4.4.jar:/home/user/.m2/repository/commons-codec/commons-codec/1.11/commons-codec-1.11.jar:/home/user/.m2/repository/commons-net/commons-net/3.6/commons-net-3.6.jar:/home/user/.m2/repository/commons-collections/commons-collections/3.2.2/commons-collections-3.2.2.jar:/home/user/.m2/repository/org/eclipse/jetty/jetty-servlet/9.3.24.v20180605/jetty-servlet-9.3.24.v20180605.jar:/home/user/.m2/repository/org/eclipse/jetty/jetty-security/9.3.24.v20180605/jetty-security-9.3.24.v20180605.jar:/home/user/.m2/repository/javax/servlet/jsp/jsp-api/2.1/jsp-api-2.1.jar:/home/user/.m2/repository/com/sun/jersey/jersey-servlet/1.19/jersey-servlet-1.19.jar:/home/user/.m2/repository/com/sun/jersey/jersey-json/1.19/jersey-json-1.19.jar:/home/user/.m2/repository/org/codehaus/jettison/jettison/1.1/jettison-1.1.jar:/home/user/.m2/repository/org/codehaus/jackson/jackson-core-asl/1.9.13/jackson-core-asl-1.9.13.jar:/home/user/.m2/repository/org/codehaus/jackson/jackson-mapper-asl/1.9.13/jackson-mapper-asl-1.9.13.jar:/home/user/.m2/repository/org/codehaus/jackson/jackson-jaxrs/1.9.13/jackson-jaxrs-1.9.13.jar:/home/user/.m2/repository/org/codehaus/jackson/jackson-xc/1.9.13/jackson-xc-1.9.13.jar:/home/user/.m2/repository/commons-logging/commons-logging/1.1.3/commons-logging-1.1.3.jar:/home/user/.m2/repository/commons-beanutils/commons-beanutils/1.9.3/commons-beanutils-1.9.3.jar:/home/user/.m2/repository/org/apache/commons/commons-configuration2/2.1.1/commons-configuration2-2.1.1.jar:/home/user/.m2/repository/org/apache/commons/commons-lang3/3.7/commons-lang3-3.7.jar:/home/user/.m2/repository/org/apache/commons/commons-text/1.4/commons-text-1.4.jar:/home/user/.m2/repository/org/apache/avro/avro/1.7.7/avro-1.7.7.jar:/home/user/.m2/repository/com/thoughtworks/paranamer/paranamer/2.3/paranamer-2.3.jar:/home/user/.m2/repository/org/xerial/snappy/snappy-java/1.0.5/snappy-java-1.0.5.jar:/home/user/.m2/repository/com/google/re2j/re2j/1.1/re2j-1.1.jar:/home/user/.m2/repository/com/google/code/gson/gson/2.2.4/gson-2.2.4.jar:/home/user/.m2/repository/com/jcraft/jsch/0.1.54/jsch-0.1.54.jar:/home/user/.m2/repository/org/apache/curator/curator-client/2.12.0/curator-client-2.12.0.jar:/home/user/.m2/repository/org/apache/curator/curator-recipes/2.12.0/curator-recipes-2.12.0.jar:/home/user/.m2/repository/com/google/code/findbugs/jsr305/3.0.0/jsr305-3.0.0.jar:/home/user/.m2/repository/org/apache/htrace/htrace-core4/4.1.0-incubating/htrace-core4-4.1.0-incubating.jar:/home/user/.m2/repository/org/apache/zookeeper/zookeeper/3.4.13/zookeeper-3.4.13.jar:/home/user/.m2/repository/org/apache/yetus/audience-annotations/0.5.0/audience-annotations-0.5.0.jar:/home/user/.m2/repository/org/codehaus/woodstox/stax2-api/3.1.4/stax2-api-3.1.4.jar:/home/user/.m2/repository/com/fasterxml/woodstox/woodstox-core/5.0.3/woodstox-core-5.0.3.jar:/home/user/.m2/repository/dnsjava/dnsjava/2.1.7/dnsjava-2.1.7.jar:/home/user/.m2/repository/org/apache/hadoop/hadoop-hdfs/3.2.0/hadoop-hdfs-3.2.0-tests.jar:/home/user/.m2/repository/org/eclipse/jetty/jetty-util-ajax/9.3.24.v20180605/jetty-util-ajax-9.3.24.v20180605.jar:/home/user/.m2/repository/commons-daemon/commons-daemon/1.0.13/commons-daemon-1.0.13.jar:/home/user/.m2/repository/io/netty/netty/3.10.5.Final/netty-3.10.5.Final.jar:/home/user/.m2/repository/io/netty/netty-all/4.0.52.Final/netty-all-4.0.52.Final.jar:/home/user/.m2/repository/org/fusesource/leveldbjni/leveldbjni-all/1.8/leveldbjni-all-1.8.jar:"/>
    <property name="sun.cpu.endian" value="little"/>
    <property name="user.home" value="/home/user"/>
    <property name="user.language" value="en"/>
    <property name="java.specification.vendor" value="Oracle Corporation"/>
    <property name="java.home" value="/usr/lib/jvm/java-1.8-openjdk/jre"/>
    <property name="java.security.krb5.conf" value="/workdir/hadoop-ozone/integration-test/target/test-classes/krb5.conf"/>
    <property name="basedir" value="/workdir/hadoop-ozone/integration-test"/>
    <property name="file.separator" value="/"/>
    <property name="line.separator" value="&#10;"/>
    <property name="java.vm.specification.vendor" value="Oracle Corporation"/>
    <property name="java.specification.name" value="Java Platform API Specification"/>
    <property name="java.awt.graphicsenv" value="sun.awt.X11GraphicsEnvironment"/>
    <property name="surefire.real.class.path" value="/workdir/hadoop-ozone/integration-test/target/surefire/surefirebooter4594390218117758154.jar"/>
    <property name="hadoop.log.dir" value="/workdir/hadoop-ozone/integration-test/target/log"/>
    <property name="sun.boot.class.path" value="/usr/lib/jvm/java-1.8-openjdk/jre/lib/resources.jar:/usr/lib/jvm/java-1.8-openjdk/jre/lib/rt.jar:/usr/lib/jvm/java-1.8-openjdk/jre/lib/sunrsasign.jar:/usr/lib/jvm/java-1.8-openjdk/jre/lib/jsse.jar:/usr/lib/jvm/java-1.8-openjdk/jre/lib/jce.jar:/usr/lib/jvm/java-1.8-openjdk/jre/lib/charsets.jar:/usr/lib/jvm/java-1.8-openjdk/jre/lib/jfr.jar:/usr/lib/jvm/java-1.8-openjdk/jre/classes"/>
    <property name="sun.management.compiler" value="HotSpot 64-Bit Tiered Compilers"/>
    <property name="java.runtime.version" value="1.8.0_212-b04"/>
    <property name="java.net.preferIPv4Stack" value="true"/>
    <property name="user.name" value="jenkins1000"/>
    <property name="path.separator" value=":"/>
    <property name="java.security.egd" value="file:///dev/urandom"/>
    <property name="os.version" value="3.10.0-957.12.2.el7.x86_64"/>
    <property name="java.endorsed.dirs" value="/usr/lib/jvm/java-1.8-openjdk/jre/lib/endorsed"/>
    <property name="java.runtime.name" value="OpenJDK Runtime Environment"/>
    <property name="file.encoding" value="UTF-8"/>
    <property name="java.vm.name" value="OpenJDK 64-Bit Server VM"/>
    <property name="test.build.webapps" value=""/>
    <property name="localRepository" value="/home/user/.m2/repository"/>
    <property name="java.vendor.url.bug" value="https://icedtea.classpath.org/bugzilla"/>
    <property name="java.io.tmpdir" value="/tmp"/>
    <property name="require.test.libhadoop" value=""/>
    <property name="java.version" value="1.8.0_212"/>
    <property name="user.dir" value="/workdir/hadoop-ozone/integration-test"/>
    <property name="os.arch" value="amd64"/>
    <property name="java.vm.specification.name" value="Java Virtual Machine Specification"/>
    <property name="test.build.classes" value="/workdir/hadoop-ozone/integration-test/target/test-classes"/>
    <property name="java.awt.printerjob" value="sun.print.PSPrinterJob"/>
    <property name="sun.os.patch.level" value="unknown"/>
    <property name="hadoop.tmp.dir" value="/workdir/hadoop-ozone/integration-test/target/tmp"/>
    <property name="java.library.path" value="/usr/lib/jvm/java-1.8-openjdk/jre/lib/amd64/server:/usr/lib/jvm/java-1.8-openjdk/jre/lib/amd64:/usr/lib/jvm/java-1.8-openjdk/jre/../lib/amd64:/workdir/hadoop-ozone/integration-test/target/native/target/usr/local/lib:/workdir/hadoop-ozone/integration-test/../../hadoop-common-project/hadoop-common/target/native/target/usr/local/lib:/usr/java/packages/lib/amd64:/usr/lib64:/lib64:/lib:/usr/lib"/>
    <property name="java.vm.info" value="mixed mode"/>
    <property name="java.vendor" value="IcedTea"/>
    <property name="java.vm.version" value="25.212-b04"/>
    <property name="java.ext.dirs" value="/usr/lib/jvm/java-1.8-openjdk/jre/lib/ext:/usr/java/packages/lib/ext"/>
    <property name="sun.io.unicode.encoding" value="UnicodeLittle"/>
    <property name="java.class.version" value="52.0"/>
  </properties>
  <testcase name="testGroupMismatchExceptionHandling" classname="org.apache.hadoop.ozone.client.rpc.TestOzoneClientRetriesOnException" time="51.039"/>
  <testcase name="testMaxRetriesByOzoneClient" classname="org.apache.hadoop.ozone.client.rpc.TestOzoneClientRetriesOnException" time="32.688">
    <error message="Failed to command cmdType: CreateContainer&#10;containerID: 1&#10;datanodeUuid: &quot;0bbcd879-c78e-4773-8a35-7ac80a545710&quot;&#10;createContainer {&#10;}&#10;" type="java.io.IOException">java.io.IOException: 
Failed to command cmdType: CreateContainer
containerID: 1
datanodeUuid: "0bbcd879-c78e-4773-8a35-7ac80a545710"
createContainer {
}

	at org.apache.hadoop.hdds.scm.XceiverClientSpi.sendCommand(XceiverClientSpi.java:113)
	at org.apache.hadoop.ozone.client.rpc.TestOzoneClientRetriesOnException.testMaxRetriesByOzoneClient(TestOzoneClientRetriesOnException.java:190)
	at sun.reflect.NativeMethodAccessorImpl.invoke0(Native Method)
	at sun.reflect.NativeMethodAccessorImpl.invoke(NativeMethodAccessorImpl.java:62)
	at sun.reflect.DelegatingMethodAccessorImpl.invoke(DelegatingMethodAccessorImpl.java:43)
	at java.lang.reflect.Method.invoke(Method.java:498)
	at org.junit.runners.model.FrameworkMethod$1.runReflectiveCall(FrameworkMethod.java:47)
	at org.junit.internal.runners.model.ReflectiveCallable.run(ReflectiveCallable.java:12)
	at org.junit.runners.model.FrameworkMethod.invokeExplosively(FrameworkMethod.java:44)
	at org.junit.internal.runners.statements.InvokeMethod.evaluate(InvokeMethod.java:17)
	at org.junit.internal.runners.statements.RunBefores.evaluate(RunBefores.java:26)
	at org.junit.internal.runners.statements.RunAfters.evaluate(RunAfters.java:27)
	at org.junit.runners.ParentRunner.runLeaf(ParentRunner.java:271)
	at org.junit.runners.BlockJUnit4ClassRunner.runChild(BlockJUnit4ClassRunner.java:70)
	at org.junit.runners.BlockJUnit4ClassRunner.runChild(BlockJUnit4ClassRunner.java:50)
	at org.junit.runners.ParentRunner$3.run(ParentRunner.java:238)
	at org.junit.runners.ParentRunner$1.schedule(ParentRunner.java:63)
	at org.junit.runners.ParentRunner.runChildren(ParentRunner.java:236)
	at org.junit.runners.ParentRunner.access$000(ParentRunner.java:53)
	at org.junit.runners.ParentRunner$2.evaluate(ParentRunner.java:229)
	at org.junit.runners.ParentRunner.run(ParentRunner.java:309)
	at org.apache.maven.surefire.junit4.JUnit4Provider.execute(JUnit4Provider.java:365)
	at org.apache.maven.surefire.junit4.JUnit4Provider.executeWithRerun(JUnit4Provider.java:273)
	at org.apache.maven.surefire.junit4.JUnit4Provider.executeTestSet(JUnit4Provider.java:238)
	at org.apache.maven.surefire.junit4.JUnit4Provider.invoke(JUnit4Provider.java:159)
	at org.apache.maven.surefire.booter.ForkedBooter.invokeProviderInSameClassLoader(ForkedBooter.java:384)
	at org.apache.maven.surefire.booter.ForkedBooter.runSuitesInProcess(ForkedBooter.java:345)
	at org.apache.maven.surefire.booter.ForkedBooter.execute(ForkedBooter.java:126)
	at org.apache.maven.surefire.booter.ForkedBooter.main(ForkedBooter.java:418)
Caused by: java.util.concurrent.ExecutionException: org.apache.ratis.protocol.StateMachineException: java.util.concurrent.CompletionException: java.lang.IllegalArgumentException
	at java.util.concurrent.CompletableFuture.reportGet(CompletableFuture.java:357)
	at java.util.concurrent.CompletableFuture.get(CompletableFuture.java:1895)
	at org.apache.hadoop.hdds.scm.XceiverClientSpi.sendCommand(XceiverClientSpi.java:110)
	... 28 more
Caused by: org.apache.ratis.protocol.StateMachineException: java.util.concurrent.CompletionException: java.lang.IllegalArgumentException
	at java.util.concurrent.CompletableFuture.encodeThrowable(CompletableFuture.java:273)
	at java.util.concurrent.CompletableFuture.completeThrowable(CompletableFuture.java:280)
	at java.util.concurrent.CompletableFuture$AsyncSupply.run(CompletableFuture.java:1592)
	at java.util.concurrent.ThreadPoolExecutor.runWorker(ThreadPoolExecutor.java:1149)
	at java.util.concurrent.ThreadPoolExecutor$Worker.run(ThreadPoolExecutor.java:624)
	at java.lang.Thread.run(Thread.java:748)
</error>
    <system-out><![CDATA[2019-08-07 03:48:13,496 WARN  server.ServerUtils (ServerUtils.java:getScmDbDir(145)) - ozone.scm.db.dirs is not configured. We recommend adding this setting. Falling back to ozone.metadata.dirs instead.
2019-08-07 03:48:13,512 WARN  server.ServerUtils (ServerUtils.java:getScmDbDir(145)) - ozone.scm.db.dirs is not configured. We recommend adding this setting. Falling back to ozone.metadata.dirs instead.
2019-08-07 03:48:13,512 WARN  server.ServerUtils (ServerUtils.java:getScmDbDir(145)) - ozone.scm.db.dirs is not configured. We recommend adding this setting. Falling back to ozone.metadata.dirs instead.
2019-08-07 03:48:13,512 INFO  db.DBStoreBuilder (DBStoreBuilder.java:addTable(110)) - using custom profile for table: deletedBlocks
2019-08-07 03:48:13,513 INFO  db.DBStoreBuilder (DBStoreBuilder.java:processTables(161)) - Using default column profile:DBProfile.DISK for Table:deletedBlocks
2019-08-07 03:48:13,513 INFO  db.DBStoreBuilder (DBStoreBuilder.java:addTable(110)) - using custom profile for table: validCerts
2019-08-07 03:48:13,513 INFO  db.DBStoreBuilder (DBStoreBuilder.java:processTables(161)) - Using default column profile:DBProfile.DISK for Table:validCerts
2019-08-07 03:48:13,513 INFO  db.DBStoreBuilder (DBStoreBuilder.java:addTable(110)) - using custom profile for table: revokedCerts
2019-08-07 03:48:13,513 INFO  db.DBStoreBuilder (DBStoreBuilder.java:processTables(161)) - Using default column profile:DBProfile.DISK for Table:revokedCerts
2019-08-07 03:48:13,514 INFO  db.DBStoreBuilder (DBStoreBuilder.java:addTable(110)) - using custom profile for table: default
2019-08-07 03:48:13,514 INFO  db.DBStoreBuilder (DBStoreBuilder.java:processTables(167)) - Using default column profile:DBProfile.DISK for Table:default
2019-08-07 03:48:13,514 INFO  db.DBStoreBuilder (DBStoreBuilder.java:getDbProfile(198)) - Using default options. DBProfile.DISK
2019-08-07 03:48:13,672 INFO  net.NodeSchemaLoader (NodeSchemaLoader.java:loadSchemaFromFile(125)) - Loading file from sun.misc.CompoundEnumeration@3356ff58
2019-08-07 03:48:13,672 INFO  net.NodeSchemaLoader (NodeSchemaLoader.java:loadSchema(171)) - Loading network topology layer schema file
2019-08-07 03:48:13,678 WARN  server.ServerUtils (ServerUtils.java:sanitizeUserArgs(70)) - ozone.scm.stale.node.interval value = 300000 is larger than max = 100000 based on the key value of ozone.scm.heartbeat.thread.interval, reset to the max value 100000.
2019-08-07 03:48:13,678 WARN  server.ServerUtils (ServerUtils.java:sanitizeUserArgs(70)) - ozone.scm.stale.node.interval value = 300000 is larger than max = 100000 based on the key value of ozone.scm.heartbeat.thread.interval, reset to the max value 100000.
2019-08-07 03:48:13,679 INFO  node.SCMNodeManager (SCMNodeManager.java:<init>(121)) - Entering startup safe mode.
2019-08-07 03:48:13,680 WARN  server.ServerUtils (ServerUtils.java:getScmDbDir(145)) - ozone.scm.db.dirs is not configured. We recommend adding this setting. Falling back to ozone.metadata.dirs instead.
2019-08-07 03:48:13,730 INFO  pipeline.SCMPipelineManager (SCMPipelineManager.java:initializePipelineState(126)) - No pipeline exists in current db
2019-08-07 03:48:13,730 WARN  server.ServerUtils (ServerUtils.java:getScmDbDir(145)) - ozone.scm.db.dirs is not configured. We recommend adding this setting. Falling back to ozone.metadata.dirs instead.
2019-08-07 03:48:13,773 WARN  events.EventQueue (EventQueue.java:fireEvent(175)) - No event handler registered for event TypedEvent{payloadType=SafeModeStatus, name='SafeModeStatus'}
2019-08-07 03:48:13,774 INFO  ipc.CallQueueManager (CallQueueManager.java:<init>(84)) - Using callQueue: class java.util.concurrent.LinkedBlockingQueue, queueCapacity: 2000, scheduler: class org.apache.hadoop.ipc.DefaultRpcScheduler, ipcBackoff: false.
2019-08-07 03:48:13,775 INFO  ipc.Server (Server.java:run(1074)) - Starting Socket Reader #1 for port 41913
2019-08-07 03:48:13,777 INFO  ipc.CallQueueManager (CallQueueManager.java:<init>(84)) - Using callQueue: class java.util.concurrent.LinkedBlockingQueue, queueCapacity: 2000, scheduler: class org.apache.hadoop.ipc.DefaultRpcScheduler, ipcBackoff: false.
2019-08-07 03:48:13,778 INFO  ipc.Server (Server.java:run(1074)) - Starting Socket Reader #1 for port 42887
2019-08-07 03:48:13,779 INFO  ipc.CallQueueManager (CallQueueManager.java:<init>(84)) - Using callQueue: class java.util.concurrent.LinkedBlockingQueue, queueCapacity: 2000, scheduler: class org.apache.hadoop.ipc.DefaultRpcScheduler, ipcBackoff: false.
2019-08-07 03:48:13,780 INFO  ipc.Server (Server.java:run(1074)) - Starting Socket Reader #1 for port 33092
2019-08-07 03:48:13,784 INFO  hdfs.DFSUtil (DFSUtil.java:httpServerTemplateForNNAndJN(1641)) - Starting Web-server for scm at: http://0.0.0.0:0
2019-08-07 03:48:13,786 INFO  server.AuthenticationFilter (AuthenticationFilter.java:constructSecretProvider(240)) - Unable to initialize FileSignerSecretProvider, falling back to use random secrets.
2019-08-07 03:48:13,787 WARN  http.HttpRequestLog (HttpRequestLog.java:getRequestLog(97)) - Jetty request log can only be enabled using Log4j
2019-08-07 03:48:13,790 INFO  http.HttpServer2 (HttpServer2.java:addGlobalFilter(975)) - Added global filter 'safety' (class=org.apache.hadoop.http.HttpServer2$QuotingInputFilter)
2019-08-07 03:48:13,792 INFO  http.HttpServer2 (HttpServer2.java:addFilter(948)) - Added filter static_user_filter (class=org.apache.hadoop.http.lib.StaticUserWebFilter$StaticUserFilter) to context scm
2019-08-07 03:48:13,792 INFO  http.HttpServer2 (HttpServer2.java:addFilter(958)) - Added filter static_user_filter (class=org.apache.hadoop.http.lib.StaticUserWebFilter$StaticUserFilter) to context static
2019-08-07 03:48:13,793 INFO  http.HttpServer2 (HttpServer2.java:addFilter(958)) - Added filter static_user_filter (class=org.apache.hadoop.http.lib.StaticUserWebFilter$StaticUserFilter) to context logs
2019-08-07 03:48:13,796 INFO  server.StorageContainerManager (StorageContainerManager.java:start(758)) - StorageContainerLocationProtocol RPC server is listening at /0.0.0.0:33092
2019-08-07 03:48:13,799 WARN  impl.MetricsConfig (MetricsConfig.java:loadFirst(134)) - Cannot locate configuration: tried hadoop-metrics2-storagecontainermanager.properties,hadoop-metrics2.properties
2019-08-07 03:48:13,800 INFO  impl.MetricsSystemImpl (MetricsSystemImpl.java:startTimer(374)) - Scheduled Metric snapshot period at 10 second(s).
2019-08-07 03:48:13,801 INFO  impl.MetricsSystemImpl (MetricsSystemImpl.java:start(191)) - StorageContainerManager metrics system started
2019-08-07 03:48:13,860 INFO  server.SCMClientProtocolServer (SCMClientProtocolServer.java:start(151)) - RPC server for Client  is listening at /0.0.0.0:33092
2019-08-07 03:48:13,861 INFO  ipc.Server (Server.java:run(1314)) - IPC Server Responder: starting
2019-08-07 03:48:13,861 INFO  ipc.Server (Server.java:run(1153)) - IPC Server listener on 33092: starting
2019-08-07 03:48:13,865 INFO  server.StorageContainerManager (StorageContainerManager.java:start(768)) - ScmBlockLocationProtocol RPC server is listening at /0.0.0.0:42887
2019-08-07 03:48:13,865 INFO  server.SCMBlockProtocolServer (SCMBlockProtocolServer.java:start(140)) - RPC server for Block Protocol is listening at /0.0.0.0:42887
2019-08-07 03:48:13,866 INFO  ipc.Server (Server.java:run(1153)) - IPC Server listener on 42887: starting
2019-08-07 03:48:13,866 INFO  ipc.Server (Server.java:run(1314)) - IPC Server Responder: starting
2019-08-07 03:48:13,870 INFO  server.StorageContainerManager (StorageContainerManager.java:start(772)) - ScmDatanodeProtocl RPC server is listening at /0.0.0.0:41913
2019-08-07 03:48:13,870 INFO  server.SCMDatanodeProtocolServer (SCMDatanodeProtocolServer.java:start(191)) - RPC server for DataNodes is listening at /0.0.0.0:41913
2019-08-07 03:48:13,871 INFO  ipc.Server (Server.java:run(1314)) - IPC Server Responder: starting
2019-08-07 03:48:13,871 INFO  ipc.Server (Server.java:run(1153)) - IPC Server listener on 41913: starting
2019-08-07 03:48:13,875 INFO  http.HttpServer2 (HttpServer2.java:bindListener(1191)) - Jetty bound to port 44140
2019-08-07 03:48:13,875 INFO  server.Server (Server.java:doStart(351)) - jetty-9.3.24.v20180605, build timestamp: 2018-06-05T17:11:56Z, git hash: 84205aa28f11a4f31f2a3b86d1bba2cc8ab69827
2019-08-07 03:48:13,877 INFO  handler.ContextHandler (ContextHandler.java:doStart(781)) - Started o.e.j.s.ServletContextHandler@a9a8ec3{/logs,file:///workdir/hadoop-ozone/integration-test/target/log,AVAILABLE}
2019-08-07 03:48:13,878 INFO  handler.ContextHandler (ContextHandler.java:doStart(781)) - Started o.e.j.s.ServletContextHandler@40016ce1{/static,file:///workdir/hadoop-ozone/integration-test/target/test-classes/webapps/static,AVAILABLE}
2019-08-07 03:48:13,884 INFO  handler.ContextHandler (ContextHandler.java:doStart(781)) - Started o.e.j.w.WebAppContext@49190ed6{/,file:///workdir/hadoop-ozone/integration-test/target/test-classes/webapps/scm/,AVAILABLE}{/scm}
2019-08-07 03:48:13,885 INFO  server.AbstractConnector (AbstractConnector.java:doStart(278)) - Started ServerConnector@5d717f19{HTTP/1.1,[http/1.1]}{0.0.0.0:44140}
2019-08-07 03:48:13,886 INFO  server.Server (Server.java:doStart(419)) - Started @52032ms
2019-08-07 03:48:13,887 INFO  server.BaseHttpServer (BaseHttpServer.java:updateConnectorAddress(207)) - HTTP server of SCM is listening at http://0.0.0.0:44140
2019-08-07 03:48:13,888 WARN  server.ServerUtils (ServerUtils.java:getDBPath(222)) - ozone.om.db.dirs is not configured. We recommend adding this setting. Falling back to ozone.metadata.dirs instead.
2019-08-07 03:48:13,888 INFO  util.JvmPauseMonitor (JvmPauseMonitor.java:run(188)) - Starting JVM pause monitor
2019-08-07 03:48:13,903 WARN  server.ServerUtils (ServerUtils.java:getDBPath(222)) - ozone.om.db.dirs is not configured. We recommend adding this setting. Falling back to ozone.metadata.dirs instead.
2019-08-07 03:48:13,903 WARN  server.ServerUtils (ServerUtils.java:getDBPath(222)) - ozone.om.db.dirs is not configured. We recommend adding this setting. Falling back to ozone.metadata.dirs instead.
2019-08-07 03:48:13,904 INFO  om.OzoneManager (OzoneManager.java:setOMNodeDetails(644)) - OM Service ID is not set. Setting it to the default ID: omServiceIdDefault
2019-08-07 03:48:13,904 INFO  om.OzoneManager (OzoneManager.java:setOMNodeDetails(650)) - OM Node ID is not set. Setting it to the OmStorage's OmID: 589130ac-e4fa-47d2-b069-fc689bfaa36a
2019-08-07 03:48:13,904 INFO  om.OzoneManager (OzoneManager.java:loadOMHAConfigs(601)) - Found matching OM address with OMServiceId: null, OMNodeId: null, RPC Address: localhost:0 and Ratis port: 9872
2019-08-07 03:48:13,914 WARN  server.ServerUtils (ServerUtils.java:getDBPath(222)) - ozone.om.db.dirs is not configured. We recommend adding this setting. Falling back to ozone.metadata.dirs instead.
2019-08-07 03:48:13,915 INFO  db.DBStoreBuilder (DBStoreBuilder.java:addTable(110)) - using custom profile for table: userTable
2019-08-07 03:48:13,915 INFO  db.DBStoreBuilder (DBStoreBuilder.java:processTables(161)) - Using default column profile:DBProfile.DISK for Table:userTable
2019-08-07 03:48:13,915 INFO  db.DBStoreBuilder (DBStoreBuilder.java:addTable(110)) - using custom profile for table: volumeTable
2019-08-07 03:48:13,916 INFO  db.DBStoreBuilder (DBStoreBuilder.java:processTables(161)) - Using default column profile:DBProfile.DISK for Table:volumeTable
2019-08-07 03:48:13,916 INFO  db.DBStoreBuilder (DBStoreBuilder.java:addTable(110)) - using custom profile for table: bucketTable
2019-08-07 03:48:13,916 INFO  db.DBStoreBuilder (DBStoreBuilder.java:processTables(161)) - Using default column profile:DBProfile.DISK for Table:bucketTable
2019-08-07 03:48:13,917 INFO  db.DBStoreBuilder (DBStoreBuilder.java:addTable(110)) - using custom profile for table: keyTable
2019-08-07 03:48:13,917 INFO  db.DBStoreBuilder (DBStoreBuilder.java:processTables(161)) - Using default column profile:DBProfile.DISK for Table:keyTable
2019-08-07 03:48:13,917 INFO  db.DBStoreBuilder (DBStoreBuilder.java:addTable(110)) - using custom profile for table: deletedTable
2019-08-07 03:48:13,917 INFO  db.DBStoreBuilder (DBStoreBuilder.java:processTables(161)) - Using default column profile:DBProfile.DISK for Table:deletedTable
2019-08-07 03:48:13,918 INFO  db.DBStoreBuilder (DBStoreBuilder.java:addTable(110)) - using custom profile for table: openKeyTable
2019-08-07 03:48:13,918 INFO  db.DBStoreBuilder (DBStoreBuilder.java:processTables(161)) - Using default column profile:DBProfile.DISK for Table:openKeyTable
2019-08-07 03:48:13,918 INFO  db.DBStoreBuilder (DBStoreBuilder.java:addTable(110)) - using custom profile for table: s3Table
2019-08-07 03:48:13,919 INFO  db.DBStoreBuilder (DBStoreBuilder.java:processTables(161)) - Using default column profile:DBProfile.DISK for Table:s3Table
2019-08-07 03:48:13,919 INFO  db.DBStoreBuilder (DBStoreBuilder.java:addTable(110)) - using custom profile for table: multipartInfoTable
2019-08-07 03:48:13,919 INFO  db.DBStoreBuilder (DBStoreBuilder.java:processTables(161)) - Using default column profile:DBProfile.DISK for Table:multipartInfoTable
2019-08-07 03:48:13,920 INFO  db.DBStoreBuilder (DBStoreBuilder.java:addTable(110)) - using custom profile for table: dTokenTable
2019-08-07 03:48:13,920 INFO  db.DBStoreBuilder (DBStoreBuilder.java:processTables(161)) - Using default column profile:DBProfile.DISK for Table:dTokenTable
2019-08-07 03:48:13,920 INFO  db.DBStoreBuilder (DBStoreBuilder.java:addTable(110)) - using custom profile for table: s3SecretTable
2019-08-07 03:48:13,920 INFO  db.DBStoreBuilder (DBStoreBuilder.java:processTables(161)) - Using default column profile:DBProfile.DISK for Table:s3SecretTable
2019-08-07 03:48:13,921 INFO  db.DBStoreBuilder (DBStoreBuilder.java:addTable(110)) - using custom profile for table: prefixTable
2019-08-07 03:48:13,921 INFO  db.DBStoreBuilder (DBStoreBuilder.java:processTables(161)) - Using default column profile:DBProfile.DISK for Table:prefixTable
2019-08-07 03:48:13,921 INFO  db.DBStoreBuilder (DBStoreBuilder.java:addTable(110)) - using custom profile for table: default
2019-08-07 03:48:13,921 INFO  db.DBStoreBuilder (DBStoreBuilder.java:processTables(167)) - Using default column profile:DBProfile.DISK for Table:default
2019-08-07 03:48:13,922 INFO  db.DBStoreBuilder (DBStoreBuilder.java:getDbProfile(198)) - Using default options. DBProfile.DISK
2019-08-07 03:48:14,364 INFO  ipc.CallQueueManager (CallQueueManager.java:<init>(84)) - Using callQueue: class java.util.concurrent.LinkedBlockingQueue, queueCapacity: 2000, scheduler: class org.apache.hadoop.ipc.DefaultRpcScheduler, ipcBackoff: false.
2019-08-07 03:48:14,365 INFO  ipc.Server (Server.java:run(1074)) - Starting Socket Reader #1 for port 35027
2019-08-07 03:48:14,381 INFO  om.OzoneManager (OzoneManager.java:start(1255)) - OzoneManager RPC server is listening at localhost/127.0.0.1:35027
2019-08-07 03:48:14,381 INFO  impl.MetricsSystemImpl (MetricsSystemImpl.java:init(158)) - OzoneManager metrics system started (again)
2019-08-07 03:48:14,382 INFO  ipc.Server (Server.java:run(1314)) - IPC Server Responder: starting
2019-08-07 03:48:14,382 INFO  ipc.Server (Server.java:run(1153)) - IPC Server listener on 35027: starting
2019-08-07 03:48:14,388 INFO  hdfs.DFSUtil (DFSUtil.java:httpServerTemplateForNNAndJN(1641)) - Starting Web-server for ozoneManager at: http://0.0.0.0:0
2019-08-07 03:48:14,391 INFO  server.AuthenticationFilter (AuthenticationFilter.java:constructSecretProvider(240)) - Unable to initialize FileSignerSecretProvider, falling back to use random secrets.
2019-08-07 03:48:14,391 WARN  http.HttpRequestLog (HttpRequestLog.java:getRequestLog(97)) - Jetty request log can only be enabled using Log4j
2019-08-07 03:48:14,394 INFO  http.HttpServer2 (HttpServer2.java:addGlobalFilter(975)) - Added global filter 'safety' (class=org.apache.hadoop.http.HttpServer2$QuotingInputFilter)
2019-08-07 03:48:14,395 INFO  http.HttpServer2 (HttpServer2.java:addFilter(948)) - Added filter static_user_filter (class=org.apache.hadoop.http.lib.StaticUserWebFilter$StaticUserFilter) to context ozoneManager
2019-08-07 03:48:14,395 INFO  http.HttpServer2 (HttpServer2.java:addFilter(958)) - Added filter static_user_filter (class=org.apache.hadoop.http.lib.StaticUserWebFilter$StaticUserFilter) to context logs
2019-08-07 03:48:14,395 INFO  http.HttpServer2 (HttpServer2.java:addFilter(958)) - Added filter static_user_filter (class=org.apache.hadoop.http.lib.StaticUserWebFilter$StaticUserFilter) to context static
2019-08-07 03:48:14,396 INFO  http.HttpServer2 (HttpServer2.java:bindListener(1191)) - Jetty bound to port 40894
2019-08-07 03:48:14,396 INFO  server.Server (Server.java:doStart(351)) - jetty-9.3.24.v20180605, build timestamp: 2018-06-05T17:11:56Z, git hash: 84205aa28f11a4f31f2a3b86d1bba2cc8ab69827
2019-08-07 03:48:14,399 INFO  handler.ContextHandler (ContextHandler.java:doStart(781)) - Started o.e.j.s.ServletContextHandler@67afe909{/logs,file:///workdir/hadoop-ozone/integration-test/target/log,AVAILABLE}
2019-08-07 03:48:14,399 INFO  handler.ContextHandler (ContextHandler.java:doStart(781)) - Started o.e.j.s.ServletContextHandler@6903ed0e{/static,file:///workdir/hadoop-ozone/integration-test/target/test-classes/webapps/static,AVAILABLE}
2019-08-07 03:48:14,406 INFO  handler.ContextHandler (ContextHandler.java:doStart(781)) - Started o.e.j.w.WebAppContext@a9e8da1{/,file:///workdir/hadoop-ozone/integration-test/target/test-classes/webapps/ozoneManager/,AVAILABLE}{/ozoneManager}
2019-08-07 03:48:14,407 INFO  server.AbstractConnector (AbstractConnector.java:doStart(278)) - Started ServerConnector@14b5752f{HTTP/1.1,[http/1.1]}{0.0.0.0:40894}
2019-08-07 03:48:14,408 INFO  server.Server (Server.java:doStart(419)) - Started @52554ms
2019-08-07 03:48:14,410 INFO  server.BaseHttpServer (BaseHttpServer.java:updateConnectorAddress(207)) - HTTP server of OZONEMANAGER is listening at http://0.0.0.0:40894
2019-08-07 03:48:14,432 INFO  impl.MetricsSystemImpl (MetricsSystemImpl.java:init(158)) - HddsDatanode metrics system started (again)
2019-08-07 03:48:14,435 INFO  ozone.HddsDatanodeService (HddsDatanodeService.java:start(184)) - HddsDatanodeService host:byscane-nightly-ds7lx-2296511547 ip:192.168.157.245
2019-08-07 03:48:14,444 INFO  volume.HddsVolume (HddsVolume.java:<init>(176)) - Creating Volume: /workdir/hadoop-ozone/integration-test/target/test-dir/MiniOzoneClusterImpl-13422be5-0f54-42a0-8685-8e8a9f9c51cc/datanode-0/data/containers/hdds of  storage type : DISK and capacity : 52710309888
2019-08-07 03:48:14,445 INFO  volume.VolumeSet (VolumeSet.java:initializeVolumeSet(170)) - Added Volume : /workdir/hadoop-ozone/integration-test/target/test-dir/MiniOzoneClusterImpl-13422be5-0f54-42a0-8685-8e8a9f9c51cc/datanode-0/data/containers/hdds to VolumeSet
2019-08-07 03:48:14,445 INFO  volume.ThrottledAsyncChecker (ThrottledAsyncChecker.java:schedule(140)) - Scheduling a check for org.apache.hadoop.ozone.container.common.volume.HddsVolume@15ac02d5
2019-08-07 03:48:14,446 INFO  volume.HddsVolumeChecker (HddsVolumeChecker.java:checkAllVolumes(203)) - Scheduled health check for volume org.apache.hadoop.ozone.container.common.volume.HddsVolume@15ac02d5
2019-08-07 03:48:14,464 INFO  impl.RaftServerProxy (ConfUtils.java:logGet(43)) - raft.rpc.type = GRPC (default)
2019-08-07 03:48:14,464 INFO  grpc.GrpcFactory (GrpcFactory.java:checkPooledByteBufAllocatorUseCacheForAllThreads(45)) - PERFORMANCE WARNING: useCacheForAllThreads is true that may cause Netty to create a lot garbage objects and, as a result, trigger GC.
	It is recommended to disable useCacheForAllThreads by setting -Dorg.apache.ratis.thirdparty.io.netty.allocator.useCacheForAllThreads=false in command line.
2019-08-07 03:48:14,464 INFO  grpc.GrpcConfigKeys$Server (ConfUtils.java:logGet(43)) - raft.grpc.server.port = 0 (default)
2019-08-07 03:48:14,465 INFO  server.GrpcService (ConfUtils.java:logGet(43)) - raft.grpc.message.size.max = 33570816 (custom)
2019-08-07 03:48:14,465 INFO  server.RaftServerConfigKeys (ConfUtils.java:logGet(43)) - raft.server.log.appender.buffer.byte-limit = 33554432 (custom)
2019-08-07 03:48:14,465 INFO  server.GrpcService (ConfUtils.java:logGet(43)) - raft.grpc.flow.control.window = 1MB (=1048576) (default)
2019-08-07 03:48:14,465 INFO  server.RaftServerConfigKeys (ConfUtils.java:logGet(43)) - raft.server.rpc.request.timeout = 3000ms (default)
2019-08-07 03:48:14,466 INFO  server.RaftServerConfigKeys (ConfUtils.java:logGet(43)) - raft.server.storage.dir = [/workdir/hadoop-ozone/integration-test/target/test-dir/MiniOzoneClusterImpl-13422be5-0f54-42a0-8685-8e8a9f9c51cc/datanode-0/data/ratis] (custom)
2019-08-07 03:48:14,467 INFO  replication.SimpleContainerDownloader (SimpleContainerDownloader.java:<init>(72)) - Starting container downloader service to copy containers to replicate.
2019-08-07 03:48:14,468 INFO  hdfs.DFSUtil (DFSUtil.java:httpServerTemplateForNNAndJN(1641)) - Starting Web-server for hddsDatanode at: http://0.0.0.0:0
2019-08-07 03:48:14,469 INFO  server.AuthenticationFilter (AuthenticationFilter.java:constructSecretProvider(240)) - Unable to initialize FileSignerSecretProvider, falling back to use random secrets.
2019-08-07 03:48:14,470 WARN  http.HttpRequestLog (HttpRequestLog.java:getRequestLog(97)) - Jetty request log can only be enabled using Log4j
2019-08-07 03:48:14,472 INFO  http.HttpServer2 (HttpServer2.java:addGlobalFilter(975)) - Added global filter 'safety' (class=org.apache.hadoop.http.HttpServer2$QuotingInputFilter)
2019-08-07 03:48:14,472 INFO  http.HttpServer2 (HttpServer2.java:addFilter(948)) - Added filter static_user_filter (class=org.apache.hadoop.http.lib.StaticUserWebFilter$StaticUserFilter) to context hddsDatanode
2019-08-07 03:48:14,473 INFO  http.HttpServer2 (HttpServer2.java:addFilter(958)) - Added filter static_user_filter (class=org.apache.hadoop.http.lib.StaticUserWebFilter$StaticUserFilter) to context static
2019-08-07 03:48:14,473 INFO  http.HttpServer2 (HttpServer2.java:addFilter(958)) - Added filter static_user_filter (class=org.apache.hadoop.http.lib.StaticUserWebFilter$StaticUserFilter) to context logs
2019-08-07 03:48:14,473 INFO  http.HttpServer2 (HttpServer2.java:bindListener(1191)) - Jetty bound to port 38981
2019-08-07 03:48:14,474 INFO  server.Server (Server.java:doStart(351)) - jetty-9.3.24.v20180605, build timestamp: 2018-06-05T17:11:56Z, git hash: 84205aa28f11a4f31f2a3b86d1bba2cc8ab69827
2019-08-07 03:48:14,476 INFO  handler.ContextHandler (ContextHandler.java:doStart(781)) - Started o.e.j.s.ServletContextHandler@315b4202{/logs,file:///workdir/hadoop-ozone/integration-test/target/log,AVAILABLE}
2019-08-07 03:48:14,476 INFO  handler.ContextHandler (ContextHandler.java:doStart(781)) - Started o.e.j.s.ServletContextHandler@5a899811{/static,jar:file:/home/user/.m2/repository/org/apache/hadoop/hadoop-hdds-container-service/0.4.1-SNAPSHOT/hadoop-hdds-container-service-0.4.1-SNAPSHOT.jar!/webapps/static,AVAILABLE}
2019-08-07 03:48:14,511 INFO  handler.ContextHandler (ContextHandler.java:doStart(781)) - Started o.e.j.w.WebAppContext@4a9b92c6{/,file:///tmp/jetty-0.0.0.0-38981-hddsDatanode-_-any-7644322168693767907.dir/webapp/,AVAILABLE}{/hddsDatanode}
2019-08-07 03:48:14,511 INFO  server.AbstractConnector (AbstractConnector.java:doStart(278)) - Started ServerConnector@6eed46e9{HTTP/1.1,[http/1.1]}{0.0.0.0:38981}
2019-08-07 03:48:14,512 INFO  server.Server (Server.java:doStart(419)) - Started @52658ms
2019-08-07 03:48:14,513 INFO  server.BaseHttpServer (BaseHttpServer.java:updateConnectorAddress(207)) - HTTP server of HDDSDATANODE is listening at http://0.0.0.0:38981
2019-08-07 03:48:14,630 INFO  ozone.HddsDatanodeService (HddsDatanodeService.java:startPlugins(395)) - Started plug-in org.apache.hadoop.ozone.web.OzoneHddsDatanodeService@54bb1194
2019-08-07 03:48:14,631 INFO  impl.MetricsSystemImpl (MetricsSystemImpl.java:init(158)) - HddsDatanode metrics system started (again)
2019-08-07 03:48:14,635 INFO  ozone.HddsDatanodeService (HddsDatanodeService.java:start(184)) - HddsDatanodeService host:byscane-nightly-ds7lx-2296511547 ip:192.168.157.245
2019-08-07 03:48:14,635 INFO  util.JvmPauseMonitor (JvmPauseMonitor.java:run(188)) - Starting JVM pause monitor
2019-08-07 03:48:14,637 INFO  datanode.InitDatanodeState (InitDatanodeState.java:persistContainerDatanodeDetails(140)) - DatanodeDetails is persisted to /workdir/hadoop-ozone/integration-test/target/test-dir/MiniOzoneClusterImpl-13422be5-0f54-42a0-8685-8e8a9f9c51cc/datanode-0/meta/datanode.id
2019-08-07 03:48:14,642 INFO  volume.HddsVolume (HddsVolume.java:<init>(176)) - Creating Volume: /workdir/hadoop-ozone/integration-test/target/test-dir/MiniOzoneClusterImpl-13422be5-0f54-42a0-8685-8e8a9f9c51cc/datanode-1/data/containers/hdds of  storage type : DISK and capacity : 52710309888
2019-08-07 03:48:14,643 INFO  volume.VolumeSet (VolumeSet.java:initializeVolumeSet(170)) - Added Volume : /workdir/hadoop-ozone/integration-test/target/test-dir/MiniOzoneClusterImpl-13422be5-0f54-42a0-8685-8e8a9f9c51cc/datanode-1/data/containers/hdds to VolumeSet
2019-08-07 03:48:14,643 INFO  volume.ThrottledAsyncChecker (ThrottledAsyncChecker.java:schedule(140)) - Scheduling a check for org.apache.hadoop.ozone.container.common.volume.HddsVolume@2c77344f
2019-08-07 03:48:14,643 INFO  volume.HddsVolumeChecker (HddsVolumeChecker.java:checkAllVolumes(203)) - Scheduled health check for volume org.apache.hadoop.ozone.container.common.volume.HddsVolume@2c77344f
2019-08-07 03:48:14,657 INFO  impl.RaftServerProxy (ConfUtils.java:logGet(43)) - raft.rpc.type = GRPC (default)
2019-08-07 03:48:14,657 INFO  grpc.GrpcFactory (GrpcFactory.java:checkPooledByteBufAllocatorUseCacheForAllThreads(45)) - PERFORMANCE WARNING: useCacheForAllThreads is true that may cause Netty to create a lot garbage objects and, as a result, trigger GC.
	It is recommended to disable useCacheForAllThreads by setting -Dorg.apache.ratis.thirdparty.io.netty.allocator.useCacheForAllThreads=false in command line.
2019-08-07 03:48:14,658 INFO  grpc.GrpcConfigKeys$Server (ConfUtils.java:logGet(43)) - raft.grpc.server.port = 0 (default)
2019-08-07 03:48:14,658 INFO  server.GrpcService (ConfUtils.java:logGet(43)) - raft.grpc.message.size.max = 33570816 (custom)
2019-08-07 03:48:14,658 INFO  server.RaftServerConfigKeys (ConfUtils.java:logGet(43)) - raft.server.log.appender.buffer.byte-limit = 33554432 (custom)
2019-08-07 03:48:14,658 INFO  server.GrpcService (ConfUtils.java:logGet(43)) - raft.grpc.flow.control.window = 1MB (=1048576) (default)
2019-08-07 03:48:14,658 INFO  server.RaftServerConfigKeys (ConfUtils.java:logGet(43)) - raft.server.rpc.request.timeout = 3000ms (default)
2019-08-07 03:48:14,659 INFO  server.RaftServerConfigKeys (ConfUtils.java:logGet(43)) - raft.server.storage.dir = [/workdir/hadoop-ozone/integration-test/target/test-dir/MiniOzoneClusterImpl-13422be5-0f54-42a0-8685-8e8a9f9c51cc/datanode-1/data/ratis] (custom)
2019-08-07 03:48:14,659 INFO  replication.SimpleContainerDownloader (SimpleContainerDownloader.java:<init>(72)) - Starting container downloader service to copy containers to replicate.
2019-08-07 03:48:14,660 INFO  hdfs.DFSUtil (DFSUtil.java:httpServerTemplateForNNAndJN(1641)) - Starting Web-server for hddsDatanode at: http://0.0.0.0:0
2019-08-07 03:48:14,662 INFO  server.AuthenticationFilter (AuthenticationFilter.java:constructSecretProvider(240)) - Unable to initialize FileSignerSecretProvider, falling back to use random secrets.
2019-08-07 03:48:14,662 WARN  http.HttpRequestLog (HttpRequestLog.java:getRequestLog(97)) - Jetty request log can only be enabled using Log4j
2019-08-07 03:48:14,663 INFO  http.HttpServer2 (HttpServer2.java:addGlobalFilter(975)) - Added global filter 'safety' (class=org.apache.hadoop.http.HttpServer2$QuotingInputFilter)
2019-08-07 03:48:14,664 INFO  http.HttpServer2 (HttpServer2.java:addFilter(948)) - Added filter static_user_filter (class=org.apache.hadoop.http.lib.StaticUserWebFilter$StaticUserFilter) to context hddsDatanode
2019-08-07 03:48:14,664 INFO  http.HttpServer2 (HttpServer2.java:addFilter(958)) - Added filter static_user_filter (class=org.apache.hadoop.http.lib.StaticUserWebFilter$StaticUserFilter) to context static
2019-08-07 03:48:14,664 INFO  http.HttpServer2 (HttpServer2.java:addFilter(958)) - Added filter static_user_filter (class=org.apache.hadoop.http.lib.StaticUserWebFilter$StaticUserFilter) to context logs
2019-08-07 03:48:14,665 INFO  http.HttpServer2 (HttpServer2.java:bindListener(1191)) - Jetty bound to port 46666
2019-08-07 03:48:14,665 INFO  server.Server (Server.java:doStart(351)) - jetty-9.3.24.v20180605, build timestamp: 2018-06-05T17:11:56Z, git hash: 84205aa28f11a4f31f2a3b86d1bba2cc8ab69827
2019-08-07 03:48:14,666 INFO  handler.ContextHandler (ContextHandler.java:doStart(781)) - Started o.e.j.s.ServletContextHandler@71ad959b{/logs,file:///workdir/hadoop-ozone/integration-test/target/log,AVAILABLE}
2019-08-07 03:48:14,667 INFO  handler.ContextHandler (ContextHandler.java:doStart(781)) - Started o.e.j.s.ServletContextHandler@3b362f1{/static,jar:file:/home/user/.m2/repository/org/apache/hadoop/hadoop-hdds-container-service/0.4.1-SNAPSHOT/hadoop-hdds-container-service-0.4.1-SNAPSHOT.jar!/webapps/static,AVAILABLE}
2019-08-07 03:48:14,694 INFO  handler.ContextHandler (ContextHandler.java:doStart(781)) - Started o.e.j.w.WebAppContext@8f6b4ab{/,file:///tmp/jetty-0.0.0.0-46666-hddsDatanode-_-any-609024930028070201.dir/webapp/,AVAILABLE}{/hddsDatanode}
2019-08-07 03:48:14,695 INFO  server.AbstractConnector (AbstractConnector.java:doStart(278)) - Started ServerConnector@6e517c9e{HTTP/1.1,[http/1.1]}{0.0.0.0:46666}
2019-08-07 03:48:14,696 INFO  server.Server (Server.java:doStart(419)) - Started @52842ms
2019-08-07 03:48:14,697 INFO  server.BaseHttpServer (BaseHttpServer.java:updateConnectorAddress(207)) - HTTP server of HDDSDATANODE is listening at http://0.0.0.0:46666
2019-08-07 03:48:14,806 INFO  ozone.HddsDatanodeService (HddsDatanodeService.java:startPlugins(395)) - Started plug-in org.apache.hadoop.ozone.web.OzoneHddsDatanodeService@4b32465
2019-08-07 03:48:14,806 INFO  impl.MetricsSystemImpl (MetricsSystemImpl.java:init(158)) - HddsDatanode metrics system started (again)
2019-08-07 03:48:14,811 INFO  ozone.HddsDatanodeService (HddsDatanodeService.java:start(184)) - HddsDatanodeService host:byscane-nightly-ds7lx-2296511547 ip:192.168.157.245
2019-08-07 03:48:14,811 INFO  util.JvmPauseMonitor (JvmPauseMonitor.java:run(188)) - Starting JVM pause monitor
2019-08-07 03:48:14,813 INFO  datanode.InitDatanodeState (InitDatanodeState.java:persistContainerDatanodeDetails(140)) - DatanodeDetails is persisted to /workdir/hadoop-ozone/integration-test/target/test-dir/MiniOzoneClusterImpl-13422be5-0f54-42a0-8685-8e8a9f9c51cc/datanode-1/meta/datanode.id
2019-08-07 03:48:14,819 INFO  volume.HddsVolume (HddsVolume.java:<init>(176)) - Creating Volume: /workdir/hadoop-ozone/integration-test/target/test-dir/MiniOzoneClusterImpl-13422be5-0f54-42a0-8685-8e8a9f9c51cc/datanode-2/data/containers/hdds of  storage type : DISK and capacity : 52710309888
2019-08-07 03:48:14,819 INFO  volume.VolumeSet (VolumeSet.java:initializeVolumeSet(170)) - Added Volume : /workdir/hadoop-ozone/integration-test/target/test-dir/MiniOzoneClusterImpl-13422be5-0f54-42a0-8685-8e8a9f9c51cc/datanode-2/data/containers/hdds to VolumeSet
2019-08-07 03:48:14,819 INFO  volume.ThrottledAsyncChecker (ThrottledAsyncChecker.java:schedule(140)) - Scheduling a check for org.apache.hadoop.ozone.container.common.volume.HddsVolume@2299d903
2019-08-07 03:48:14,820 INFO  volume.HddsVolumeChecker (HddsVolumeChecker.java:checkAllVolumes(203)) - Scheduled health check for volume org.apache.hadoop.ozone.container.common.volume.HddsVolume@2299d903
2019-08-07 03:48:14,834 INFO  impl.RaftServerProxy (ConfUtils.java:logGet(43)) - raft.rpc.type = GRPC (default)
2019-08-07 03:48:14,835 INFO  grpc.GrpcFactory (GrpcFactory.java:checkPooledByteBufAllocatorUseCacheForAllThreads(45)) - PERFORMANCE WARNING: useCacheForAllThreads is true that may cause Netty to create a lot garbage objects and, as a result, trigger GC.
	It is recommended to disable useCacheForAllThreads by setting -Dorg.apache.ratis.thirdparty.io.netty.allocator.useCacheForAllThreads=false in command line.
2019-08-07 03:48:14,835 INFO  grpc.GrpcConfigKeys$Server (ConfUtils.java:logGet(43)) - raft.grpc.server.port = 0 (default)
2019-08-07 03:48:14,835 INFO  server.GrpcService (ConfUtils.java:logGet(43)) - raft.grpc.message.size.max = 33570816 (custom)
2019-08-07 03:48:14,835 INFO  server.RaftServerConfigKeys (ConfUtils.java:logGet(43)) - raft.server.log.appender.buffer.byte-limit = 33554432 (custom)
2019-08-07 03:48:14,835 INFO  server.GrpcService (ConfUtils.java:logGet(43)) - raft.grpc.flow.control.window = 1MB (=1048576) (default)
2019-08-07 03:48:14,836 INFO  server.RaftServerConfigKeys (ConfUtils.java:logGet(43)) - raft.server.rpc.request.timeout = 3000ms (default)
2019-08-07 03:48:14,836 INFO  server.RaftServerConfigKeys (ConfUtils.java:logGet(43)) - raft.server.storage.dir = [/workdir/hadoop-ozone/integration-test/target/test-dir/MiniOzoneClusterImpl-13422be5-0f54-42a0-8685-8e8a9f9c51cc/datanode-2/data/ratis] (custom)
2019-08-07 03:48:14,836 INFO  replication.SimpleContainerDownloader (SimpleContainerDownloader.java:<init>(72)) - Starting container downloader service to copy containers to replicate.
2019-08-07 03:48:14,837 INFO  hdfs.DFSUtil (DFSUtil.java:httpServerTemplateForNNAndJN(1641)) - Starting Web-server for hddsDatanode at: http://0.0.0.0:0
2019-08-07 03:48:14,838 INFO  server.AuthenticationFilter (AuthenticationFilter.java:constructSecretProvider(240)) - Unable to initialize FileSignerSecretProvider, falling back to use random secrets.
2019-08-07 03:48:14,839 WARN  http.HttpRequestLog (HttpRequestLog.java:getRequestLog(97)) - Jetty request log can only be enabled using Log4j
2019-08-07 03:48:14,840 INFO  http.HttpServer2 (HttpServer2.java:addGlobalFilter(975)) - Added global filter 'safety' (class=org.apache.hadoop.http.HttpServer2$QuotingInputFilter)
2019-08-07 03:48:14,840 INFO  http.HttpServer2 (HttpServer2.java:addFilter(948)) - Added filter static_user_filter (class=org.apache.hadoop.http.lib.StaticUserWebFilter$StaticUserFilter) to context hddsDatanode
2019-08-07 03:48:14,841 INFO  http.HttpServer2 (HttpServer2.java:addFilter(958)) - Added filter static_user_filter (class=org.apache.hadoop.http.lib.StaticUserWebFilter$StaticUserFilter) to context static
2019-08-07 03:48:14,841 INFO  http.HttpServer2 (HttpServer2.java:addFilter(958)) - Added filter static_user_filter (class=org.apache.hadoop.http.lib.StaticUserWebFilter$StaticUserFilter) to context logs
2019-08-07 03:48:14,841 INFO  http.HttpServer2 (HttpServer2.java:bindListener(1191)) - Jetty bound to port 45729
2019-08-07 03:48:14,841 INFO  server.Server (Server.java:doStart(351)) - jetty-9.3.24.v20180605, build timestamp: 2018-06-05T17:11:56Z, git hash: 84205aa28f11a4f31f2a3b86d1bba2cc8ab69827
2019-08-07 03:48:14,843 INFO  handler.ContextHandler (ContextHandler.java:doStart(781)) - Started o.e.j.s.ServletContextHandler@4cb4c4cc{/logs,file:///workdir/hadoop-ozone/integration-test/target/log,AVAILABLE}
2019-08-07 03:48:14,844 INFO  handler.ContextHandler (ContextHandler.java:doStart(781)) - Started o.e.j.s.ServletContextHandler@41be8db9{/static,jar:file:/home/user/.m2/repository/org/apache/hadoop/hadoop-hdds-container-service/0.4.1-SNAPSHOT/hadoop-hdds-container-service-0.4.1-SNAPSHOT.jar!/webapps/static,AVAILABLE}
2019-08-07 03:48:14,870 INFO  handler.ContextHandler (ContextHandler.java:doStart(781)) - Started o.e.j.w.WebAppContext@e06ec83{/,file:///tmp/jetty-0.0.0.0-45729-hddsDatanode-_-any-7950354576662424741.dir/webapp/,AVAILABLE}{/hddsDatanode}
2019-08-07 03:48:14,871 INFO  server.AbstractConnector (AbstractConnector.java:doStart(278)) - Started ServerConnector@628962e5{HTTP/1.1,[http/1.1]}{0.0.0.0:45729}
2019-08-07 03:48:14,872 INFO  server.Server (Server.java:doStart(419)) - Started @53018ms
2019-08-07 03:48:14,873 INFO  server.BaseHttpServer (BaseHttpServer.java:updateConnectorAddress(207)) - HTTP server of HDDSDATANODE is listening at http://0.0.0.0:45729
2019-08-07 03:48:15,005 INFO  ozone.HddsDatanodeService (HddsDatanodeService.java:startPlugins(395)) - Started plug-in org.apache.hadoop.ozone.web.OzoneHddsDatanodeService@37806be6
2019-08-07 03:48:15,006 INFO  impl.MetricsSystemImpl (MetricsSystemImpl.java:init(158)) - HddsDatanode metrics system started (again)
2019-08-07 03:48:15,010 INFO  util.JvmPauseMonitor (JvmPauseMonitor.java:run(188)) - Starting JVM pause monitor
2019-08-07 03:48:15,010 INFO  ozone.HddsDatanodeService (HddsDatanodeService.java:start(184)) - HddsDatanodeService host:byscane-nightly-ds7lx-2296511547 ip:192.168.157.245
2019-08-07 03:48:15,013 INFO  datanode.InitDatanodeState (InitDatanodeState.java:persistContainerDatanodeDetails(140)) - DatanodeDetails is persisted to /workdir/hadoop-ozone/integration-test/target/test-dir/MiniOzoneClusterImpl-13422be5-0f54-42a0-8685-8e8a9f9c51cc/datanode-2/meta/datanode.id
2019-08-07 03:48:15,019 INFO  volume.HddsVolume (HddsVolume.java:<init>(176)) - Creating Volume: /workdir/hadoop-ozone/integration-test/target/test-dir/MiniOzoneClusterImpl-13422be5-0f54-42a0-8685-8e8a9f9c51cc/datanode-3/data/containers/hdds of  storage type : DISK and capacity : 52710309888
2019-08-07 03:48:15,020 INFO  volume.VolumeSet (VolumeSet.java:initializeVolumeSet(170)) - Added Volume : /workdir/hadoop-ozone/integration-test/target/test-dir/MiniOzoneClusterImpl-13422be5-0f54-42a0-8685-8e8a9f9c51cc/datanode-3/data/containers/hdds to VolumeSet
2019-08-07 03:48:15,020 INFO  volume.ThrottledAsyncChecker (ThrottledAsyncChecker.java:schedule(140)) - Scheduling a check for org.apache.hadoop.ozone.container.common.volume.HddsVolume@315cf170
2019-08-07 03:48:15,020 INFO  volume.HddsVolumeChecker (HddsVolumeChecker.java:checkAllVolumes(203)) - Scheduled health check for volume org.apache.hadoop.ozone.container.common.volume.HddsVolume@315cf170
2019-08-07 03:48:15,037 INFO  impl.RaftServerProxy (ConfUtils.java:logGet(43)) - raft.rpc.type = GRPC (default)
2019-08-07 03:48:15,037 INFO  grpc.GrpcFactory (GrpcFactory.java:checkPooledByteBufAllocatorUseCacheForAllThreads(45)) - PERFORMANCE WARNING: useCacheForAllThreads is true that may cause Netty to create a lot garbage objects and, as a result, trigger GC.
	It is recommended to disable useCacheForAllThreads by setting -Dorg.apache.ratis.thirdparty.io.netty.allocator.useCacheForAllThreads=false in command line.
2019-08-07 03:48:15,037 INFO  grpc.GrpcConfigKeys$Server (ConfUtils.java:logGet(43)) - raft.grpc.server.port = 0 (default)
2019-08-07 03:48:15,038 INFO  server.GrpcService (ConfUtils.java:logGet(43)) - raft.grpc.message.size.max = 33570816 (custom)
2019-08-07 03:48:15,038 INFO  server.RaftServerConfigKeys (ConfUtils.java:logGet(43)) - raft.server.log.appender.buffer.byte-limit = 33554432 (custom)
2019-08-07 03:48:15,038 INFO  server.GrpcService (ConfUtils.java:logGet(43)) - raft.grpc.flow.control.window = 1MB (=1048576) (default)
2019-08-07 03:48:15,038 INFO  server.RaftServerConfigKeys (ConfUtils.java:logGet(43)) - raft.server.rpc.request.timeout = 3000ms (default)
2019-08-07 03:48:15,039 INFO  server.RaftServerConfigKeys (ConfUtils.java:logGet(43)) - raft.server.storage.dir = [/workdir/hadoop-ozone/integration-test/target/test-dir/MiniOzoneClusterImpl-13422be5-0f54-42a0-8685-8e8a9f9c51cc/datanode-3/data/ratis] (custom)
2019-08-07 03:48:15,039 INFO  replication.SimpleContainerDownloader (SimpleContainerDownloader.java:<init>(72)) - Starting container downloader service to copy containers to replicate.
2019-08-07 03:48:15,040 INFO  hdfs.DFSUtil (DFSUtil.java:httpServerTemplateForNNAndJN(1641)) - Starting Web-server for hddsDatanode at: http://0.0.0.0:0
2019-08-07 03:48:15,042 INFO  server.AuthenticationFilter (AuthenticationFilter.java:constructSecretProvider(240)) - Unable to initialize FileSignerSecretProvider, falling back to use random secrets.
2019-08-07 03:48:15,043 WARN  http.HttpRequestLog (HttpRequestLog.java:getRequestLog(97)) - Jetty request log can only be enabled using Log4j
2019-08-07 03:48:15,045 INFO  http.HttpServer2 (HttpServer2.java:addGlobalFilter(975)) - Added global filter 'safety' (class=org.apache.hadoop.http.HttpServer2$QuotingInputFilter)
2019-08-07 03:48:15,045 INFO  http.HttpServer2 (HttpServer2.java:addFilter(948)) - Added filter static_user_filter (class=org.apache.hadoop.http.lib.StaticUserWebFilter$StaticUserFilter) to context hddsDatanode
2019-08-07 03:48:15,046 INFO  http.HttpServer2 (HttpServer2.java:addFilter(958)) - Added filter static_user_filter (class=org.apache.hadoop.http.lib.StaticUserWebFilter$StaticUserFilter) to context static
2019-08-07 03:48:15,046 INFO  http.HttpServer2 (HttpServer2.java:addFilter(958)) - Added filter static_user_filter (class=org.apache.hadoop.http.lib.StaticUserWebFilter$StaticUserFilter) to context logs
2019-08-07 03:48:15,047 INFO  http.HttpServer2 (HttpServer2.java:bindListener(1191)) - Jetty bound to port 38556
2019-08-07 03:48:15,047 INFO  server.Server (Server.java:doStart(351)) - jetty-9.3.24.v20180605, build timestamp: 2018-06-05T17:11:56Z, git hash: 84205aa28f11a4f31f2a3b86d1bba2cc8ab69827
2019-08-07 03:48:15,049 INFO  handler.ContextHandler (ContextHandler.java:doStart(781)) - Started o.e.j.s.ServletContextHandler@389a1e34{/logs,file:///workdir/hadoop-ozone/integration-test/target/log,AVAILABLE}
2019-08-07 03:48:15,050 INFO  handler.ContextHandler (ContextHandler.java:doStart(781)) - Started o.e.j.s.ServletContextHandler@6f68756d{/static,jar:file:/home/user/.m2/repository/org/apache/hadoop/hadoop-hdds-container-service/0.4.1-SNAPSHOT/hadoop-hdds-container-service-0.4.1-SNAPSHOT.jar!/webapps/static,AVAILABLE}
2019-08-07 03:48:15,088 INFO  handler.ContextHandler (ContextHandler.java:doStart(781)) - Started o.e.j.w.WebAppContext@76ffc17c{/,file:///tmp/jetty-0.0.0.0-38556-hddsDatanode-_-any-6350354806231783494.dir/webapp/,AVAILABLE}{/hddsDatanode}
2019-08-07 03:48:15,089 INFO  server.AbstractConnector (AbstractConnector.java:doStart(278)) - Started ServerConnector@3a8fb023{HTTP/1.1,[http/1.1]}{0.0.0.0:38556}
2019-08-07 03:48:15,091 INFO  server.Server (Server.java:doStart(419)) - Started @53237ms
2019-08-07 03:48:15,092 INFO  server.BaseHttpServer (BaseHttpServer.java:updateConnectorAddress(207)) - HTTP server of HDDSDATANODE is listening at http://0.0.0.0:38556
2019-08-07 03:48:15,206 INFO  ozone.HddsDatanodeService (HddsDatanodeService.java:startPlugins(395)) - Started plug-in org.apache.hadoop.ozone.web.OzoneHddsDatanodeService@6ac9b66b
2019-08-07 03:48:15,207 INFO  impl.MetricsSystemImpl (MetricsSystemImpl.java:init(158)) - HddsDatanode metrics system started (again)
2019-08-07 03:48:15,212 INFO  util.JvmPauseMonitor (JvmPauseMonitor.java:run(188)) - Starting JVM pause monitor
2019-08-07 03:48:15,212 INFO  ozone.HddsDatanodeService (HddsDatanodeService.java:start(184)) - HddsDatanodeService host:byscane-nightly-ds7lx-2296511547 ip:192.168.157.245
2019-08-07 03:48:15,215 INFO  datanode.InitDatanodeState (InitDatanodeState.java:persistContainerDatanodeDetails(140)) - DatanodeDetails is persisted to /workdir/hadoop-ozone/integration-test/target/test-dir/MiniOzoneClusterImpl-13422be5-0f54-42a0-8685-8e8a9f9c51cc/datanode-3/meta/datanode.id
2019-08-07 03:48:15,220 INFO  volume.HddsVolume (HddsVolume.java:<init>(176)) - Creating Volume: /workdir/hadoop-ozone/integration-test/target/test-dir/MiniOzoneClusterImpl-13422be5-0f54-42a0-8685-8e8a9f9c51cc/datanode-4/data/containers/hdds of  storage type : DISK and capacity : 52710309888
2019-08-07 03:48:15,220 INFO  volume.VolumeSet (VolumeSet.java:initializeVolumeSet(170)) - Added Volume : /workdir/hadoop-ozone/integration-test/target/test-dir/MiniOzoneClusterImpl-13422be5-0f54-42a0-8685-8e8a9f9c51cc/datanode-4/data/containers/hdds to VolumeSet
2019-08-07 03:48:15,221 INFO  volume.ThrottledAsyncChecker (ThrottledAsyncChecker.java:schedule(140)) - Scheduling a check for org.apache.hadoop.ozone.container.common.volume.HddsVolume@4cd5fc46
2019-08-07 03:48:15,221 INFO  volume.HddsVolumeChecker (HddsVolumeChecker.java:checkAllVolumes(203)) - Scheduled health check for volume org.apache.hadoop.ozone.container.common.volume.HddsVolume@4cd5fc46
2019-08-07 03:48:15,235 INFO  impl.RaftServerProxy (ConfUtils.java:logGet(43)) - raft.rpc.type = GRPC (default)
2019-08-07 03:48:15,236 INFO  grpc.GrpcFactory (GrpcFactory.java:checkPooledByteBufAllocatorUseCacheForAllThreads(45)) - PERFORMANCE WARNING: useCacheForAllThreads is true that may cause Netty to create a lot garbage objects and, as a result, trigger GC.
	It is recommended to disable useCacheForAllThreads by setting -Dorg.apache.ratis.thirdparty.io.netty.allocator.useCacheForAllThreads=false in command line.
2019-08-07 03:48:15,236 INFO  grpc.GrpcConfigKeys$Server (ConfUtils.java:logGet(43)) - raft.grpc.server.port = 0 (default)
2019-08-07 03:48:15,236 INFO  server.GrpcService (ConfUtils.java:logGet(43)) - raft.grpc.message.size.max = 33570816 (custom)
2019-08-07 03:48:15,236 INFO  server.RaftServerConfigKeys (ConfUtils.java:logGet(43)) - raft.server.log.appender.buffer.byte-limit = 33554432 (custom)
2019-08-07 03:48:15,237 INFO  server.GrpcService (ConfUtils.java:logGet(43)) - raft.grpc.flow.control.window = 1MB (=1048576) (default)
2019-08-07 03:48:15,237 INFO  server.RaftServerConfigKeys (ConfUtils.java:logGet(43)) - raft.server.rpc.request.timeout = 3000ms (default)
2019-08-07 03:48:15,237 INFO  server.RaftServerConfigKeys (ConfUtils.java:logGet(43)) - raft.server.storage.dir = [/workdir/hadoop-ozone/integration-test/target/test-dir/MiniOzoneClusterImpl-13422be5-0f54-42a0-8685-8e8a9f9c51cc/datanode-4/data/ratis] (custom)
2019-08-07 03:48:15,238 INFO  replication.SimpleContainerDownloader (SimpleContainerDownloader.java:<init>(72)) - Starting container downloader service to copy containers to replicate.
2019-08-07 03:48:15,239 INFO  hdfs.DFSUtil (DFSUtil.java:httpServerTemplateForNNAndJN(1641)) - Starting Web-server for hddsDatanode at: http://0.0.0.0:0
2019-08-07 03:48:15,240 INFO  server.AuthenticationFilter (AuthenticationFilter.java:constructSecretProvider(240)) - Unable to initialize FileSignerSecretProvider, falling back to use random secrets.
2019-08-07 03:48:15,241 WARN  http.HttpRequestLog (HttpRequestLog.java:getRequestLog(97)) - Jetty request log can only be enabled using Log4j
2019-08-07 03:48:15,242 INFO  http.HttpServer2 (HttpServer2.java:addGlobalFilter(975)) - Added global filter 'safety' (class=org.apache.hadoop.http.HttpServer2$QuotingInputFilter)
2019-08-07 03:48:15,243 INFO  http.HttpServer2 (HttpServer2.java:addFilter(948)) - Added filter static_user_filter (class=org.apache.hadoop.http.lib.StaticUserWebFilter$StaticUserFilter) to context hddsDatanode
2019-08-07 03:48:15,243 INFO  http.HttpServer2 (HttpServer2.java:addFilter(958)) - Added filter static_user_filter (class=org.apache.hadoop.http.lib.StaticUserWebFilter$StaticUserFilter) to context static
2019-08-07 03:48:15,243 INFO  http.HttpServer2 (HttpServer2.java:addFilter(958)) - Added filter static_user_filter (class=org.apache.hadoop.http.lib.StaticUserWebFilter$StaticUserFilter) to context logs
2019-08-07 03:48:15,243 INFO  http.HttpServer2 (HttpServer2.java:bindListener(1191)) - Jetty bound to port 39804
2019-08-07 03:48:15,244 INFO  server.Server (Server.java:doStart(351)) - jetty-9.3.24.v20180605, build timestamp: 2018-06-05T17:11:56Z, git hash: 84205aa28f11a4f31f2a3b86d1bba2cc8ab69827
2019-08-07 03:48:15,245 INFO  handler.ContextHandler (ContextHandler.java:doStart(781)) - Started o.e.j.s.ServletContextHandler@129b69b2{/logs,file:///workdir/hadoop-ozone/integration-test/target/log,AVAILABLE}
2019-08-07 03:48:15,246 INFO  handler.ContextHandler (ContextHandler.java:doStart(781)) - Started o.e.j.s.ServletContextHandler@eb1d475{/static,jar:file:/home/user/.m2/repository/org/apache/hadoop/hadoop-hdds-container-service/0.4.1-SNAPSHOT/hadoop-hdds-container-service-0.4.1-SNAPSHOT.jar!/webapps/static,AVAILABLE}
2019-08-07 03:48:15,274 INFO  handler.ContextHandler (ContextHandler.java:doStart(781)) - Started o.e.j.w.WebAppContext@42a05533{/,file:///tmp/jetty-0.0.0.0-39804-hddsDatanode-_-any-9155733383630739550.dir/webapp/,AVAILABLE}{/hddsDatanode}
2019-08-07 03:48:15,274 INFO  server.AbstractConnector (AbstractConnector.java:doStart(278)) - Started ServerConnector@17053b5{HTTP/1.1,[http/1.1]}{0.0.0.0:39804}
2019-08-07 03:48:15,276 INFO  server.Server (Server.java:doStart(419)) - Started @53422ms
2019-08-07 03:48:15,276 INFO  server.BaseHttpServer (BaseHttpServer.java:updateConnectorAddress(207)) - HTTP server of HDDSDATANODE is listening at http://0.0.0.0:39804
2019-08-07 03:48:15,521 INFO  ozone.HddsDatanodeService (HddsDatanodeService.java:startPlugins(395)) - Started plug-in org.apache.hadoop.ozone.web.OzoneHddsDatanodeService@aa8dce8
2019-08-07 03:48:15,522 INFO  impl.MetricsSystemImpl (MetricsSystemImpl.java:init(158)) - HddsDatanode metrics system started (again)
2019-08-07 03:48:15,528 INFO  util.JvmPauseMonitor (JvmPauseMonitor.java:run(188)) - Starting JVM pause monitor
2019-08-07 03:48:15,528 INFO  ozone.HddsDatanodeService (HddsDatanodeService.java:start(184)) - HddsDatanodeService host:byscane-nightly-ds7lx-2296511547 ip:192.168.157.245
2019-08-07 03:48:15,530 INFO  datanode.InitDatanodeState (InitDatanodeState.java:persistContainerDatanodeDetails(140)) - DatanodeDetails is persisted to /workdir/hadoop-ozone/integration-test/target/test-dir/MiniOzoneClusterImpl-13422be5-0f54-42a0-8685-8e8a9f9c51cc/datanode-4/meta/datanode.id
2019-08-07 03:48:15,538 INFO  volume.HddsVolume (HddsVolume.java:<init>(176)) - Creating Volume: /workdir/hadoop-ozone/integration-test/target/test-dir/MiniOzoneClusterImpl-13422be5-0f54-42a0-8685-8e8a9f9c51cc/datanode-5/data/containers/hdds of  storage type : DISK and capacity : 52710309888
2019-08-07 03:48:15,538 INFO  volume.VolumeSet (VolumeSet.java:initializeVolumeSet(170)) - Added Volume : /workdir/hadoop-ozone/integration-test/target/test-dir/MiniOzoneClusterImpl-13422be5-0f54-42a0-8685-8e8a9f9c51cc/datanode-5/data/containers/hdds to VolumeSet
2019-08-07 03:48:15,538 INFO  volume.ThrottledAsyncChecker (ThrottledAsyncChecker.java:schedule(140)) - Scheduling a check for org.apache.hadoop.ozone.container.common.volume.HddsVolume@13404f75
2019-08-07 03:48:15,539 INFO  volume.HddsVolumeChecker (HddsVolumeChecker.java:checkAllVolumes(203)) - Scheduled health check for volume org.apache.hadoop.ozone.container.common.volume.HddsVolume@13404f75
2019-08-07 03:48:15,554 INFO  impl.RaftServerProxy (ConfUtils.java:logGet(43)) - raft.rpc.type = GRPC (default)
2019-08-07 03:48:15,555 INFO  grpc.GrpcFactory (GrpcFactory.java:checkPooledByteBufAllocatorUseCacheForAllThreads(45)) - PERFORMANCE WARNING: useCacheForAllThreads is true that may cause Netty to create a lot garbage objects and, as a result, trigger GC.
	It is recommended to disable useCacheForAllThreads by setting -Dorg.apache.ratis.thirdparty.io.netty.allocator.useCacheForAllThreads=false in command line.
2019-08-07 03:48:15,555 INFO  grpc.GrpcConfigKeys$Server (ConfUtils.java:logGet(43)) - raft.grpc.server.port = 0 (default)
2019-08-07 03:48:15,555 INFO  server.GrpcService (ConfUtils.java:logGet(43)) - raft.grpc.message.size.max = 33570816 (custom)
2019-08-07 03:48:15,555 INFO  server.RaftServerConfigKeys (ConfUtils.java:logGet(43)) - raft.server.log.appender.buffer.byte-limit = 33554432 (custom)
2019-08-07 03:48:15,555 INFO  server.GrpcService (ConfUtils.java:logGet(43)) - raft.grpc.flow.control.window = 1MB (=1048576) (default)
2019-08-07 03:48:15,556 INFO  server.RaftServerConfigKeys (ConfUtils.java:logGet(43)) - raft.server.rpc.request.timeout = 3000ms (default)
2019-08-07 03:48:15,556 INFO  server.RaftServerConfigKeys (ConfUtils.java:logGet(43)) - raft.server.storage.dir = [/workdir/hadoop-ozone/integration-test/target/test-dir/MiniOzoneClusterImpl-13422be5-0f54-42a0-8685-8e8a9f9c51cc/datanode-5/data/ratis] (custom)
2019-08-07 03:48:15,557 INFO  replication.SimpleContainerDownloader (SimpleContainerDownloader.java:<init>(72)) - Starting container downloader service to copy containers to replicate.
2019-08-07 03:48:15,558 INFO  hdfs.DFSUtil (DFSUtil.java:httpServerTemplateForNNAndJN(1641)) - Starting Web-server for hddsDatanode at: http://0.0.0.0:0
2019-08-07 03:48:15,559 INFO  server.AuthenticationFilter (AuthenticationFilter.java:constructSecretProvider(240)) - Unable to initialize FileSignerSecretProvider, falling back to use random secrets.
2019-08-07 03:48:15,560 WARN  http.HttpRequestLog (HttpRequestLog.java:getRequestLog(97)) - Jetty request log can only be enabled using Log4j
2019-08-07 03:48:15,562 INFO  http.HttpServer2 (HttpServer2.java:addGlobalFilter(975)) - Added global filter 'safety' (class=org.apache.hadoop.http.HttpServer2$QuotingInputFilter)
2019-08-07 03:48:15,562 INFO  http.HttpServer2 (HttpServer2.java:addFilter(948)) - Added filter static_user_filter (class=org.apache.hadoop.http.lib.StaticUserWebFilter$StaticUserFilter) to context hddsDatanode
2019-08-07 03:48:15,563 INFO  http.HttpServer2 (HttpServer2.java:addFilter(958)) - Added filter static_user_filter (class=org.apache.hadoop.http.lib.StaticUserWebFilter$StaticUserFilter) to context static
2019-08-07 03:48:15,563 INFO  http.HttpServer2 (HttpServer2.java:addFilter(958)) - Added filter static_user_filter (class=org.apache.hadoop.http.lib.StaticUserWebFilter$StaticUserFilter) to context logs
2019-08-07 03:48:15,564 INFO  http.HttpServer2 (HttpServer2.java:bindListener(1191)) - Jetty bound to port 40570
2019-08-07 03:48:15,564 INFO  server.Server (Server.java:doStart(351)) - jetty-9.3.24.v20180605, build timestamp: 2018-06-05T17:11:56Z, git hash: 84205aa28f11a4f31f2a3b86d1bba2cc8ab69827
2019-08-07 03:48:15,566 INFO  handler.ContextHandler (ContextHandler.java:doStart(781)) - Started o.e.j.s.ServletContextHandler@2b90cc1{/logs,file:///workdir/hadoop-ozone/integration-test/target/log,AVAILABLE}
2019-08-07 03:48:15,567 INFO  handler.ContextHandler (ContextHandler.java:doStart(781)) - Started o.e.j.s.ServletContextHandler@6bdedbbd{/static,jar:file:/home/user/.m2/repository/org/apache/hadoop/hadoop-hdds-container-service/0.4.1-SNAPSHOT/hadoop-hdds-container-service-0.4.1-SNAPSHOT.jar!/webapps/static,AVAILABLE}
2019-08-07 03:48:15,610 INFO  handler.ContextHandler (ContextHandler.java:doStart(781)) - Started o.e.j.w.WebAppContext@67f8f5a6{/,file:///tmp/jetty-0.0.0.0-40570-hddsDatanode-_-any-7238466583053279647.dir/webapp/,AVAILABLE}{/hddsDatanode}
2019-08-07 03:48:15,612 INFO  server.AbstractConnector (AbstractConnector.java:doStart(278)) - Started ServerConnector@141b011a{HTTP/1.1,[http/1.1]}{0.0.0.0:40570}
2019-08-07 03:48:15,612 INFO  server.Server (Server.java:doStart(419)) - Started @53758ms
2019-08-07 03:48:15,613 INFO  server.BaseHttpServer (BaseHttpServer.java:updateConnectorAddress(207)) - HTTP server of HDDSDATANODE is listening at http://0.0.0.0:40570
2019-08-07 03:48:15,761 INFO  ozone.HddsDatanodeService (HddsDatanodeService.java:startPlugins(395)) - Started plug-in org.apache.hadoop.ozone.web.OzoneHddsDatanodeService@21d8da75
2019-08-07 03:48:15,761 INFO  impl.MetricsSystemImpl (MetricsSystemImpl.java:init(158)) - HddsDatanode metrics system started (again)
2019-08-07 03:48:15,767 INFO  util.JvmPauseMonitor (JvmPauseMonitor.java:run(188)) - Starting JVM pause monitor
2019-08-07 03:48:15,768 INFO  ozone.HddsDatanodeService (HddsDatanodeService.java:start(184)) - HddsDatanodeService host:byscane-nightly-ds7lx-2296511547 ip:192.168.157.245
2019-08-07 03:48:15,769 INFO  datanode.InitDatanodeState (InitDatanodeState.java:persistContainerDatanodeDetails(140)) - DatanodeDetails is persisted to /workdir/hadoop-ozone/integration-test/target/test-dir/MiniOzoneClusterImpl-13422be5-0f54-42a0-8685-8e8a9f9c51cc/datanode-5/meta/datanode.id
2019-08-07 03:48:15,777 INFO  volume.HddsVolume (HddsVolume.java:<init>(176)) - Creating Volume: /workdir/hadoop-ozone/integration-test/target/test-dir/MiniOzoneClusterImpl-13422be5-0f54-42a0-8685-8e8a9f9c51cc/datanode-6/data/containers/hdds of  storage type : DISK and capacity : 52710309888
2019-08-07 03:48:15,777 INFO  volume.VolumeSet (VolumeSet.java:initializeVolumeSet(170)) - Added Volume : /workdir/hadoop-ozone/integration-test/target/test-dir/MiniOzoneClusterImpl-13422be5-0f54-42a0-8685-8e8a9f9c51cc/datanode-6/data/containers/hdds to VolumeSet
2019-08-07 03:48:15,777 INFO  volume.ThrottledAsyncChecker (ThrottledAsyncChecker.java:schedule(140)) - Scheduling a check for org.apache.hadoop.ozone.container.common.volume.HddsVolume@1feb586d
2019-08-07 03:48:15,778 INFO  volume.HddsVolumeChecker (HddsVolumeChecker.java:checkAllVolumes(203)) - Scheduled health check for volume org.apache.hadoop.ozone.container.common.volume.HddsVolume@1feb586d
2019-08-07 03:48:15,791 INFO  impl.RaftServerProxy (ConfUtils.java:logGet(43)) - raft.rpc.type = GRPC (default)
2019-08-07 03:48:15,791 INFO  grpc.GrpcFactory (GrpcFactory.java:checkPooledByteBufAllocatorUseCacheForAllThreads(45)) - PERFORMANCE WARNING: useCacheForAllThreads is true that may cause Netty to create a lot garbage objects and, as a result, trigger GC.
	It is recommended to disable useCacheForAllThreads by setting -Dorg.apache.ratis.thirdparty.io.netty.allocator.useCacheForAllThreads=false in command line.
2019-08-07 03:48:15,792 INFO  grpc.GrpcConfigKeys$Server (ConfUtils.java:logGet(43)) - raft.grpc.server.port = 0 (default)
2019-08-07 03:48:15,792 INFO  server.GrpcService (ConfUtils.java:logGet(43)) - raft.grpc.message.size.max = 33570816 (custom)
2019-08-07 03:48:15,792 INFO  server.RaftServerConfigKeys (ConfUtils.java:logGet(43)) - raft.server.log.appender.buffer.byte-limit = 33554432 (custom)
2019-08-07 03:48:15,792 INFO  server.GrpcService (ConfUtils.java:logGet(43)) - raft.grpc.flow.control.window = 1MB (=1048576) (default)
2019-08-07 03:48:15,792 INFO  server.RaftServerConfigKeys (ConfUtils.java:logGet(43)) - raft.server.rpc.request.timeout = 3000ms (default)
2019-08-07 03:48:15,793 INFO  server.RaftServerConfigKeys (ConfUtils.java:logGet(43)) - raft.server.storage.dir = [/workdir/hadoop-ozone/integration-test/target/test-dir/MiniOzoneClusterImpl-13422be5-0f54-42a0-8685-8e8a9f9c51cc/datanode-6/data/ratis] (custom)
2019-08-07 03:48:15,793 INFO  replication.SimpleContainerDownloader (SimpleContainerDownloader.java:<init>(72)) - Starting container downloader service to copy containers to replicate.
2019-08-07 03:48:15,794 INFO  hdfs.DFSUtil (DFSUtil.java:httpServerTemplateForNNAndJN(1641)) - Starting Web-server for hddsDatanode at: http://0.0.0.0:0
2019-08-07 03:48:15,796 INFO  server.AuthenticationFilter (AuthenticationFilter.java:constructSecretProvider(240)) - Unable to initialize FileSignerSecretProvider, falling back to use random secrets.
2019-08-07 03:48:15,796 WARN  http.HttpRequestLog (HttpRequestLog.java:getRequestLog(97)) - Jetty request log can only be enabled using Log4j
2019-08-07 03:48:15,798 INFO  http.HttpServer2 (HttpServer2.java:addGlobalFilter(975)) - Added global filter 'safety' (class=org.apache.hadoop.http.HttpServer2$QuotingInputFilter)
2019-08-07 03:48:15,799 INFO  http.HttpServer2 (HttpServer2.java:addFilter(948)) - Added filter static_user_filter (class=org.apache.hadoop.http.lib.StaticUserWebFilter$StaticUserFilter) to context hddsDatanode
2019-08-07 03:48:15,799 INFO  http.HttpServer2 (HttpServer2.java:addFilter(958)) - Added filter static_user_filter (class=org.apache.hadoop.http.lib.StaticUserWebFilter$StaticUserFilter) to context static
2019-08-07 03:48:15,799 INFO  http.HttpServer2 (HttpServer2.java:addFilter(958)) - Added filter static_user_filter (class=org.apache.hadoop.http.lib.StaticUserWebFilter$StaticUserFilter) to context logs
2019-08-07 03:48:15,800 INFO  http.HttpServer2 (HttpServer2.java:bindListener(1191)) - Jetty bound to port 41875
2019-08-07 03:48:15,800 INFO  server.Server (Server.java:doStart(351)) - jetty-9.3.24.v20180605, build timestamp: 2018-06-05T17:11:56Z, git hash: 84205aa28f11a4f31f2a3b86d1bba2cc8ab69827
2019-08-07 03:48:15,802 INFO  handler.ContextHandler (ContextHandler.java:doStart(781)) - Started o.e.j.s.ServletContextHandler@65d23aa3{/logs,file:///workdir/hadoop-ozone/integration-test/target/log,AVAILABLE}
2019-08-07 03:48:15,803 INFO  handler.ContextHandler (ContextHandler.java:doStart(781)) - Started o.e.j.s.ServletContextHandler@63d0e8d{/static,jar:file:/home/user/.m2/repository/org/apache/hadoop/hadoop-hdds-container-service/0.4.1-SNAPSHOT/hadoop-hdds-container-service-0.4.1-SNAPSHOT.jar!/webapps/static,AVAILABLE}
2019-08-07 03:48:15,843 INFO  handler.ContextHandler (ContextHandler.java:doStart(781)) - Started o.e.j.w.WebAppContext@2e44cb34{/,file:///tmp/jetty-0.0.0.0-41875-hddsDatanode-_-any-5021606291628075653.dir/webapp/,AVAILABLE}{/hddsDatanode}
2019-08-07 03:48:15,843 INFO  server.AbstractConnector (AbstractConnector.java:doStart(278)) - Started ServerConnector@731e0bff{HTTP/1.1,[http/1.1]}{0.0.0.0:41875}
2019-08-07 03:48:15,845 INFO  server.Server (Server.java:doStart(419)) - Started @53991ms
2019-08-07 03:48:15,846 INFO  server.BaseHttpServer (BaseHttpServer.java:updateConnectorAddress(207)) - HTTP server of HDDSDATANODE is listening at http://0.0.0.0:41875
2019-08-07 03:48:15,980 INFO  ozone.HddsDatanodeService (HddsDatanodeService.java:startPlugins(395)) - Started plug-in org.apache.hadoop.ozone.web.OzoneHddsDatanodeService@35841d6
2019-08-07 03:48:15,980 INFO  ozone.MiniOzoneClusterImpl (MiniOzoneClusterImpl.java:lambda$waitForClusterToBeReady$0(142)) - Waiting for cluster to be ready. Got 0 of 7 DN Heartbeats.
2019-08-07 03:48:15,984 INFO  util.JvmPauseMonitor (JvmPauseMonitor.java:run(188)) - Starting JVM pause monitor
2019-08-07 03:48:15,985 INFO  datanode.InitDatanodeState (InitDatanodeState.java:persistContainerDatanodeDetails(140)) - DatanodeDetails is persisted to /workdir/hadoop-ozone/integration-test/target/test-dir/MiniOzoneClusterImpl-13422be5-0f54-42a0-8685-8e8a9f9c51cc/datanode-6/meta/datanode.id
2019-08-07 03:48:16,672 INFO  ozoneimpl.OzoneContainer (OzoneContainer.java:start(186)) - Attempting to start container services.
2019-08-07 03:48:16,675 INFO  ozoneimpl.OzoneContainer (OzoneContainer.java:startContainerScrub(160)) - Background container scrubber has been disabled by hdds.containerscrub.enabled
2019-08-07 03:48:16,675 INFO  ratis.XceiverServerRatis (XceiverServerRatis.java:start(404)) - Starting XceiverServerRatis d8e8dedd-b554-4429-b41d-4482edac5b6d at port 0
2019-08-07 03:48:16,683 INFO  impl.RaftServerProxy (RaftServerProxy.java:lambda$start$3(299)) - d8e8dedd-b554-4429-b41d-4482edac5b6d: start RPC server
2019-08-07 03:48:16,685 INFO  server.GrpcService (GrpcService.java:startImpl(149)) - d8e8dedd-b554-4429-b41d-4482edac5b6d: GrpcService started, listening on 0.0.0.0/0.0.0.0:36251
2019-08-07 03:48:16,685 INFO  ratis.XceiverServerRatis (XceiverServerRatis.java:start(414)) - XceiverServerRatis d8e8dedd-b554-4429-b41d-4482edac5b6d is started using port 36251
2019-08-07 03:48:16,686 INFO  server.XceiverServerGrpc (XceiverServerGrpc.java:start(161)) - XceiverServerGrpc d8e8dedd-b554-4429-b41d-4482edac5b6d is started using port 34813
2019-08-07 03:48:16,826 INFO  ozoneimpl.OzoneContainer (OzoneContainer.java:start(186)) - Attempting to start container services.
2019-08-07 03:48:16,832 INFO  ozoneimpl.OzoneContainer (OzoneContainer.java:startContainerScrub(160)) - Background container scrubber has been disabled by hdds.containerscrub.enabled
2019-08-07 03:48:16,832 INFO  ratis.XceiverServerRatis (XceiverServerRatis.java:start(404)) - Starting XceiverServerRatis 0bbcd879-c78e-4773-8a35-7ac80a545710 at port 0
2019-08-07 03:48:16,840 INFO  impl.RaftServerProxy (RaftServerProxy.java:lambda$start$3(299)) - 0bbcd879-c78e-4773-8a35-7ac80a545710: start RPC server
2019-08-07 03:48:16,842 INFO  server.GrpcService (GrpcService.java:startImpl(149)) - 0bbcd879-c78e-4773-8a35-7ac80a545710: GrpcService started, listening on 0.0.0.0/0.0.0.0:43277
2019-08-07 03:48:16,842 INFO  ratis.XceiverServerRatis (XceiverServerRatis.java:start(414)) - XceiverServerRatis 0bbcd879-c78e-4773-8a35-7ac80a545710 is started using port 43277
2019-08-07 03:48:16,843 INFO  server.XceiverServerGrpc (XceiverServerGrpc.java:start(161)) - XceiverServerGrpc 0bbcd879-c78e-4773-8a35-7ac80a545710 is started using port 45234
2019-08-07 03:48:16,981 INFO  ozone.MiniOzoneClusterImpl (MiniOzoneClusterImpl.java:lambda$waitForClusterToBeReady$0(142)) - Waiting for cluster to be ready. Got 0 of 7 DN Heartbeats.
2019-08-07 03:48:17,025 INFO  ozoneimpl.OzoneContainer (OzoneContainer.java:start(186)) - Attempting to start container services.
2019-08-07 03:48:17,026 INFO  ozoneimpl.OzoneContainer (OzoneContainer.java:startContainerScrub(160)) - Background container scrubber has been disabled by hdds.containerscrub.enabled
2019-08-07 03:48:17,026 INFO  ratis.XceiverServerRatis (XceiverServerRatis.java:start(404)) - Starting XceiverServerRatis 961187a3-8668-452f-8b74-0209867b1080 at port 0
2019-08-07 03:48:17,033 INFO  impl.RaftServerProxy (RaftServerProxy.java:lambda$start$3(299)) - 961187a3-8668-452f-8b74-0209867b1080: start RPC server
2019-08-07 03:48:17,041 INFO  server.GrpcService (GrpcService.java:startImpl(149)) - 961187a3-8668-452f-8b74-0209867b1080: GrpcService started, listening on 0.0.0.0/0.0.0.0:34365
2019-08-07 03:48:17,041 INFO  ratis.XceiverServerRatis (XceiverServerRatis.java:start(414)) - XceiverServerRatis 961187a3-8668-452f-8b74-0209867b1080 is started using port 34365
2019-08-07 03:48:17,049 INFO  server.XceiverServerGrpc (XceiverServerGrpc.java:start(161)) - XceiverServerGrpc 961187a3-8668-452f-8b74-0209867b1080 is started using port 45272
2019-08-07 03:48:17,226 INFO  ozoneimpl.OzoneContainer (OzoneContainer.java:start(186)) - Attempting to start container services.
2019-08-07 03:48:17,226 INFO  ozoneimpl.OzoneContainer (OzoneContainer.java:startContainerScrub(160)) - Background container scrubber has been disabled by hdds.containerscrub.enabled
2019-08-07 03:48:17,227 INFO  ratis.XceiverServerRatis (XceiverServerRatis.java:start(404)) - Starting XceiverServerRatis 084644e9-8d0e-46ef-94f4-71b7ec4ffb0e at port 0
2019-08-07 03:48:17,234 INFO  impl.RaftServerProxy (RaftServerProxy.java:lambda$start$3(299)) - 084644e9-8d0e-46ef-94f4-71b7ec4ffb0e: start RPC server
2019-08-07 03:48:17,237 INFO  server.GrpcService (GrpcService.java:startImpl(149)) - 084644e9-8d0e-46ef-94f4-71b7ec4ffb0e: GrpcService started, listening on 0.0.0.0/0.0.0.0:35520
2019-08-07 03:48:17,237 INFO  ratis.XceiverServerRatis (XceiverServerRatis.java:start(414)) - XceiverServerRatis 084644e9-8d0e-46ef-94f4-71b7ec4ffb0e is started using port 35520
2019-08-07 03:48:17,240 INFO  server.XceiverServerGrpc (XceiverServerGrpc.java:start(161)) - XceiverServerGrpc 084644e9-8d0e-46ef-94f4-71b7ec4ffb0e is started using port 40136
2019-08-07 03:48:17,553 INFO  ozoneimpl.OzoneContainer (OzoneContainer.java:start(186)) - Attempting to start container services.
2019-08-07 03:48:17,554 INFO  ozoneimpl.OzoneContainer (OzoneContainer.java:startContainerScrub(160)) - Background container scrubber has been disabled by hdds.containerscrub.enabled
2019-08-07 03:48:17,554 INFO  ratis.XceiverServerRatis (XceiverServerRatis.java:start(404)) - Starting XceiverServerRatis ead1c4ed-749c-44c7-b9cd-44af1bc78f5d at port 0
2019-08-07 03:48:17,563 INFO  impl.RaftServerProxy (RaftServerProxy.java:lambda$start$3(299)) - ead1c4ed-749c-44c7-b9cd-44af1bc78f5d: start RPC server
2019-08-07 03:48:17,564 INFO  server.GrpcService (GrpcService.java:startImpl(149)) - ead1c4ed-749c-44c7-b9cd-44af1bc78f5d: GrpcService started, listening on 0.0.0.0/0.0.0.0:35660
2019-08-07 03:48:17,564 INFO  ratis.XceiverServerRatis (XceiverServerRatis.java:start(414)) - XceiverServerRatis ead1c4ed-749c-44c7-b9cd-44af1bc78f5d is started using port 35660
2019-08-07 03:48:17,567 INFO  server.XceiverServerGrpc (XceiverServerGrpc.java:start(161)) - XceiverServerGrpc ead1c4ed-749c-44c7-b9cd-44af1bc78f5d is started using port 46075
2019-08-07 03:48:17,795 INFO  ozoneimpl.OzoneContainer (OzoneContainer.java:start(186)) - Attempting to start container services.
2019-08-07 03:48:17,795 INFO  ozoneimpl.OzoneContainer (OzoneContainer.java:startContainerScrub(160)) - Background container scrubber has been disabled by hdds.containerscrub.enabled
2019-08-07 03:48:17,795 INFO  ratis.XceiverServerRatis (XceiverServerRatis.java:start(404)) - Starting XceiverServerRatis b911820e-b08c-4e4e-a398-345134e61fee at port 0
2019-08-07 03:48:17,804 INFO  impl.RaftServerProxy (RaftServerProxy.java:lambda$start$3(299)) - b911820e-b08c-4e4e-a398-345134e61fee: start RPC server
2019-08-07 03:48:17,805 INFO  server.GrpcService (GrpcService.java:startImpl(149)) - b911820e-b08c-4e4e-a398-345134e61fee: GrpcService started, listening on 0.0.0.0/0.0.0.0:46541
2019-08-07 03:48:17,805 INFO  ratis.XceiverServerRatis (XceiverServerRatis.java:start(414)) - XceiverServerRatis b911820e-b08c-4e4e-a398-345134e61fee is started using port 46541
2019-08-07 03:48:17,806 INFO  server.XceiverServerGrpc (XceiverServerGrpc.java:start(161)) - XceiverServerGrpc b911820e-b08c-4e4e-a398-345134e61fee is started using port 44699
2019-08-07 03:48:17,981 INFO  ozone.MiniOzoneClusterImpl (MiniOzoneClusterImpl.java:lambda$waitForClusterToBeReady$0(142)) - Waiting for cluster to be ready. Got 0 of 7 DN Heartbeats.
2019-08-07 03:48:18,006 INFO  ozoneimpl.OzoneContainer (OzoneContainer.java:start(186)) - Attempting to start container services.
2019-08-07 03:48:18,006 INFO  ozoneimpl.OzoneContainer (OzoneContainer.java:startContainerScrub(160)) - Background container scrubber has been disabled by hdds.containerscrub.enabled
2019-08-07 03:48:18,006 INFO  ratis.XceiverServerRatis (XceiverServerRatis.java:start(404)) - Starting XceiverServerRatis 83c7ff2c-57cd-41c7-8c27-8b8f169f9d72 at port 0
2019-08-07 03:48:18,014 INFO  impl.RaftServerProxy (RaftServerProxy.java:lambda$start$3(299)) - 83c7ff2c-57cd-41c7-8c27-8b8f169f9d72: start RPC server
2019-08-07 03:48:18,015 INFO  server.GrpcService (GrpcService.java:startImpl(149)) - 83c7ff2c-57cd-41c7-8c27-8b8f169f9d72: GrpcService started, listening on 0.0.0.0/0.0.0.0:36872
2019-08-07 03:48:18,015 INFO  ratis.XceiverServerRatis (XceiverServerRatis.java:start(414)) - XceiverServerRatis 83c7ff2c-57cd-41c7-8c27-8b8f169f9d72 is started using port 36872
2019-08-07 03:48:18,018 INFO  server.XceiverServerGrpc (XceiverServerGrpc.java:start(161)) - XceiverServerGrpc 83c7ff2c-57cd-41c7-8c27-8b8f169f9d72 is started using port 41379
2019-08-07 03:48:18,642 INFO  net.NetworkTopology (NetworkTopologyImpl.java:add(110)) - Added a new node: /default-rack/d8e8dedd-b554-4429-b41d-4482edac5b6d
2019-08-07 03:48:18,645 INFO  node.SCMNodeManager (SCMNodeManager.java:register(273)) - Registered Data node : d8e8dedd-b554-4429-b41d-4482edac5b6d{ip: 192.168.157.245, host: byscane-nightly-ds7lx-2296511547, networkLocation: /default-rack, certSerialId: null}
2019-08-07 03:48:18,646 INFO  safemode.SCMSafeModeManager (DataNodeSafeModeRule.java:process(71)) - SCM in safe mode. 1 DataNodes registered, 1 required.
2019-08-07 03:48:18,649 INFO  safemode.SCMSafeModeManager (SCMSafeModeManager.java:validateSafeModeExitRules(177)) - ScmSafeModeManager, all rules are successfully validated
2019-08-07 03:48:18,649 INFO  safemode.SCMSafeModeManager (SCMSafeModeManager.java:exitSafeMode(193)) - SCM exiting safe mode.
2019-08-07 03:48:18,662 INFO  impl.RaftServerProxy (RaftServerProxy.java:addNew(89)) - d8e8dedd-b554-4429-b41d-4482edac5b6d: addNew group-7E13306A3B29:[d8e8dedd-b554-4429-b41d-4482edac5b6d:192.168.157.245:36251] returns group-7E13306A3B29:java.util.concurrent.CompletableFuture@7120eadc[Not completed]
2019-08-07 03:48:18,664 INFO  impl.RaftServerImpl (RaftServerImpl.java:<init>(93)) - d8e8dedd-b554-4429-b41d-4482edac5b6d: new RaftServerImpl for group-7E13306A3B29:[d8e8dedd-b554-4429-b41d-4482edac5b6d:192.168.157.245:36251] with ContainerStateMachine:uninitialized
2019-08-07 03:48:18,665 INFO  server.RaftServerConfigKeys (ConfUtils.java:logGet(43)) - raft.server.rpc.timeout.min = 5s (custom)
2019-08-07 03:48:18,665 INFO  server.RaftServerConfigKeys (ConfUtils.java:logGet(43)) - raft.server.rpc.timeout.max = 5200ms (custom)
2019-08-07 03:48:18,665 INFO  server.RaftServerConfigKeys (ConfUtils.java:logGet(43)) - raft.server.rpcslowness.timeout = 120s (custom)
2019-08-07 03:48:18,665 INFO  server.RaftServerConfigKeys (ConfUtils.java:logGet(43)) - raft.server.sleep.deviation.threshold = 300 (default)
2019-08-07 03:48:18,665 INFO  server.RaftServerConfigKeys (ConfUtils.java:logGet(43)) - raft.server.log.appender.install.snapshot.enabled = false (custom)
2019-08-07 03:48:18,665 INFO  impl.RaftServerImpl (ServerState.java:<init>(105)) - d8e8dedd-b554-4429-b41d-4482edac5b6d:group-7E13306A3B29 ConfigurationManager, init=-1: [d8e8dedd-b554-4429-b41d-4482edac5b6d:192.168.157.245:36251], old=null, confs=<EMPTY_MAP>
2019-08-07 03:48:18,666 INFO  server.RaftServerConfigKeys (ConfUtils.java:logGet(43)) - raft.server.storage.dir = [/workdir/hadoop-ozone/integration-test/target/test-dir/MiniOzoneClusterImpl-13422be5-0f54-42a0-8685-8e8a9f9c51cc/datanode-0/data/ratis] (custom)
2019-08-07 03:48:18,666 INFO  storage.RaftStorageDirectory (RaftStorageDirectory.java:analyzeStorage(246)) - The storage directory /workdir/hadoop-ozone/integration-test/target/test-dir/MiniOzoneClusterImpl-13422be5-0f54-42a0-8685-8e8a9f9c51cc/datanode-0/data/ratis/982b3043-fd88-44c6-9307-7e13306a3b29 does not exist. Creating ...
2019-08-07 03:48:18,680 INFO  storage.RaftStorageDirectory (RaftStorageDirectory.java:tryLock(328)) - Lock on /workdir/hadoop-ozone/integration-test/target/test-dir/MiniOzoneClusterImpl-13422be5-0f54-42a0-8685-8e8a9f9c51cc/datanode-0/data/ratis/982b3043-fd88-44c6-9307-7e13306a3b29/in_use.lock acquired by nodename 28933@byscane-nightly-ds7lx-2296511547
2019-08-07 03:48:18,693 INFO  storage.RaftStorage (RaftStorage.java:format(72)) - Storage directory /workdir/hadoop-ozone/integration-test/target/test-dir/MiniOzoneClusterImpl-13422be5-0f54-42a0-8685-8e8a9f9c51cc/datanode-0/data/ratis/982b3043-fd88-44c6-9307-7e13306a3b29 has been successfully formatted.
2019-08-07 03:48:18,693 INFO  ratis.ContainerStateMachine (ContainerStateMachine.java:loadSnapshot(213)) - group-7E13306A3B29: The snapshot info is null. Setting the last applied indexto:(t:0, i:~)
2019-08-07 03:48:18,694 INFO  server.RaftServerConfigKeys (ConfUtils.java:logGet(43)) - raft.server.leader.election.timeout = 120s (custom)
2019-08-07 03:48:18,694 INFO  server.RaftServerConfigKeys (ConfUtils.java:logGet(43)) - raft.server.log.use.memory = false (default)
2019-08-07 03:48:18,694 INFO  server.RaftServerConfigKeys (ConfUtils.java:logGet(43)) - raft.server.log.purge.gap = 1000000000 (custom)
2019-08-07 03:48:18,694 INFO  server.RaftServerConfigKeys (ConfUtils.java:logGet(43)) - raft.server.log.appender.buffer.byte-limit = 33554432 (custom)
2019-08-07 03:48:18,694 INFO  server.RaftServerConfigKeys (ConfUtils.java:logGet(43)) - raft.server.log.segment.size.max = 1048576 (custom)
2019-08-07 03:48:18,695 INFO  server.RaftServerConfigKeys (ConfUtils.java:logGet(43)) - raft.server.log.segment.cache.num.max = 2 (custom)
2019-08-07 03:48:18,695 INFO  segmented.SegmentedRaftLogWorker (SegmentedRaftLogWorker.java:<init>(172)) - new d8e8dedd-b554-4429-b41d-4482edac5b6d-SegmentedRaftLogWorker:Storage Directory /workdir/hadoop-ozone/integration-test/target/test-dir/MiniOzoneClusterImpl-13422be5-0f54-42a0-8685-8e8a9f9c51cc/datanode-0/data/ratis/982b3043-fd88-44c6-9307-7e13306a3b29 for RaftStorage:Storage Directory /workdir/hadoop-ozone/integration-test/target/test-dir/MiniOzoneClusterImpl-13422be5-0f54-42a0-8685-8e8a9f9c51cc/datanode-0/data/ratis/982b3043-fd88-44c6-9307-7e13306a3b29
2019-08-07 03:48:18,695 INFO  server.RaftServerConfigKeys (ConfUtils.java:logGet(43)) - raft.server.log.queue.byte-limit = 2147483647 (custom)
2019-08-07 03:48:18,695 INFO  server.RaftServerConfigKeys (ConfUtils.java:logGet(43)) - raft.server.log.queue.element-limit = 1024 (custom)
2019-08-07 03:48:18,696 INFO  server.RaftServerConfigKeys (ConfUtils.java:logGet(43)) - raft.server.log.segment.size.max = 1048576 (custom)
2019-08-07 03:48:18,696 INFO  server.RaftServerConfigKeys (ConfUtils.java:logGet(43)) - raft.server.log.preallocated.size = 16384 (custom)
2019-08-07 03:48:18,696 INFO  server.RaftServerConfigKeys (ConfUtils.java:logGet(43)) - raft.server.log.write.buffer.size = 33554432 (custom)
2019-08-07 03:48:18,696 INFO  server.RaftServerConfigKeys (ConfUtils.java:logGet(43)) - raft.server.log.force.sync.num = 128 (default)
2019-08-07 03:48:18,697 INFO  server.RaftServerConfigKeys (ConfUtils.java:logGet(43)) - raft.server.log.statemachine.data.sync = true (default)
2019-08-07 03:48:18,697 INFO  server.RaftServerConfigKeys (ConfUtils.java:logGet(43)) - raft.server.log.statemachine.data.sync.timeout = 10s (default)
2019-08-07 03:48:18,697 INFO  server.RaftServerConfigKeys (ConfUtils.java:logGet(43)) - raft.server.log.statemachine.data.sync.timeout.retry = -1 (default)
2019-08-07 03:48:18,697 INFO  server.RaftServerConfigKeys (ConfUtils.java:logGet(43)) - raft.server.log.statemachine.data.caching.enabled = true (custom)
2019-08-07 03:48:18,698 INFO  segmented.SegmentedRaftLogWorker (SegmentedRaftLogWorker.java:lambda$new$0(132)) - d8e8dedd-b554-4429-b41d-4482edac5b6d-SegmentedRaftLogWorker:Storage Directory /workdir/hadoop-ozone/integration-test/target/test-dir/MiniOzoneClusterImpl-13422be5-0f54-42a0-8685-8e8a9f9c51cc/datanode-0/data/ratis/982b3043-fd88-44c6-9307-7e13306a3b29: flushIndex: setUnconditionally 0 -> -1
2019-08-07 03:48:18,698 INFO  server.RaftServerConfigKeys (ConfUtils.java:logGet(43)) - raft.server.snapshot.auto.trigger.enabled = true (custom)
2019-08-07 03:48:18,699 INFO  server.RaftServerConfigKeys (ConfUtils.java:logGet(43)) - raft.server.snapshot.auto.trigger.threshold = 10000 (custom)
2019-08-07 03:48:18,699 INFO  server.RaftServerConfigKeys (ConfUtils.java:logGet(43)) - raft.server.retrycache.expirytime = 600000ms (custom)
2019-08-07 03:48:18,699 INFO  impl.RaftServerImpl (RaftServerImpl.java:start(180)) - d8e8dedd-b554-4429-b41d-4482edac5b6d: start group-7E13306A3B29
2019-08-07 03:48:18,699 INFO  impl.RaftServerImpl (RaftServerImpl.java:setRole(171)) - d8e8dedd-b554-4429-b41d-4482edac5b6d:group-7E13306A3B29 changes role from null to FOLLOWER at term 0 for startAsFollower
2019-08-07 03:48:18,699 INFO  impl.RoleInfo (RoleInfo.java:updateAndGet(143)) - d8e8dedd-b554-4429-b41d-4482edac5b6d: start FollowerState
2019-08-07 03:48:18,701 INFO  util.JmxRegister (JmxRegister.java:tryRegister(44)) - Successfully registered JMX Bean with object name Ratis:service=RaftServer,group=group-7E13306A3B29,id=d8e8dedd-b554-4429-b41d-4482edac5b6d
2019-08-07 03:48:18,705 INFO  pipeline.PipelineStateManager (PipelineStateManager.java:addPipeline(56)) - Created pipeline Pipeline[ Id: 982b3043-fd88-44c6-9307-7e13306a3b29, Nodes: d8e8dedd-b554-4429-b41d-4482edac5b6d{ip: 192.168.157.245, host: byscane-nightly-ds7lx-2296511547, networkLocation: /default-rack, certSerialId: null}, Type:RATIS, Factor:ONE, State:OPEN]
2019-08-07 03:48:18,812 INFO  net.NetworkTopology (NetworkTopologyImpl.java:add(110)) - Added a new node: /default-rack/0bbcd879-c78e-4773-8a35-7ac80a545710
2019-08-07 03:48:18,812 INFO  node.SCMNodeManager (SCMNodeManager.java:register(273)) - Registered Data node : 0bbcd879-c78e-4773-8a35-7ac80a545710{ip: 192.168.157.245, host: byscane-nightly-ds7lx-2296511547, networkLocation: /default-rack, certSerialId: null}
2019-08-07 03:48:18,836 INFO  impl.RaftServerProxy (RaftServerProxy.java:addNew(89)) - 0bbcd879-c78e-4773-8a35-7ac80a545710: addNew group-E228396BAEB0:[0bbcd879-c78e-4773-8a35-7ac80a545710:192.168.157.245:43277] returns group-E228396BAEB0:java.util.concurrent.CompletableFuture@622fc11d[Not completed]
2019-08-07 03:48:18,841 INFO  impl.RaftServerImpl (RaftServerImpl.java:<init>(93)) - 0bbcd879-c78e-4773-8a35-7ac80a545710: new RaftServerImpl for group-E228396BAEB0:[0bbcd879-c78e-4773-8a35-7ac80a545710:192.168.157.245:43277] with ContainerStateMachine:uninitialized
2019-08-07 03:48:18,842 INFO  server.RaftServerConfigKeys (ConfUtils.java:logGet(43)) - raft.server.rpc.timeout.min = 5s (custom)
2019-08-07 03:48:18,842 INFO  server.RaftServerConfigKeys (ConfUtils.java:logGet(43)) - raft.server.rpc.timeout.max = 5200ms (custom)
2019-08-07 03:48:18,842 INFO  server.RaftServerConfigKeys (ConfUtils.java:logGet(43)) - raft.server.rpcslowness.timeout = 120s (custom)
2019-08-07 03:48:18,842 INFO  server.RaftServerConfigKeys (ConfUtils.java:logGet(43)) - raft.server.sleep.deviation.threshold = 300 (default)
2019-08-07 03:48:18,843 INFO  server.RaftServerConfigKeys (ConfUtils.java:logGet(43)) - raft.server.log.appender.install.snapshot.enabled = false (custom)
2019-08-07 03:48:18,843 INFO  impl.RaftServerImpl (ServerState.java:<init>(105)) - 0bbcd879-c78e-4773-8a35-7ac80a545710:group-E228396BAEB0 ConfigurationManager, init=-1: [0bbcd879-c78e-4773-8a35-7ac80a545710:192.168.157.245:43277], old=null, confs=<EMPTY_MAP>
2019-08-07 03:48:18,843 INFO  server.RaftServerConfigKeys (ConfUtils.java:logGet(43)) - raft.server.storage.dir = [/workdir/hadoop-ozone/integration-test/target/test-dir/MiniOzoneClusterImpl-13422be5-0f54-42a0-8685-8e8a9f9c51cc/datanode-1/data/ratis] (custom)
2019-08-07 03:48:18,844 INFO  storage.RaftStorageDirectory (RaftStorageDirectory.java:analyzeStorage(246)) - The storage directory /workdir/hadoop-ozone/integration-test/target/test-dir/MiniOzoneClusterImpl-13422be5-0f54-42a0-8685-8e8a9f9c51cc/datanode-1/data/ratis/27301423-8e86-4ae9-9887-e228396baeb0 does not exist. Creating ...
2019-08-07 03:48:18,857 INFO  storage.RaftStorageDirectory (RaftStorageDirectory.java:tryLock(328)) - Lock on /workdir/hadoop-ozone/integration-test/target/test-dir/MiniOzoneClusterImpl-13422be5-0f54-42a0-8685-8e8a9f9c51cc/datanode-1/data/ratis/27301423-8e86-4ae9-9887-e228396baeb0/in_use.lock acquired by nodename 28933@byscane-nightly-ds7lx-2296511547
2019-08-07 03:48:18,869 INFO  storage.RaftStorage (RaftStorage.java:format(72)) - Storage directory /workdir/hadoop-ozone/integration-test/target/test-dir/MiniOzoneClusterImpl-13422be5-0f54-42a0-8685-8e8a9f9c51cc/datanode-1/data/ratis/27301423-8e86-4ae9-9887-e228396baeb0 has been successfully formatted.
2019-08-07 03:48:18,870 INFO  ratis.ContainerStateMachine (ContainerStateMachine.java:loadSnapshot(213)) - group-E228396BAEB0: The snapshot info is null. Setting the last applied indexto:(t:0, i:~)
2019-08-07 03:48:18,870 INFO  server.RaftServerConfigKeys (ConfUtils.java:logGet(43)) - raft.server.leader.election.timeout = 120s (custom)
2019-08-07 03:48:18,870 INFO  server.RaftServerConfigKeys (ConfUtils.java:logGet(43)) - raft.server.log.use.memory = false (default)
2019-08-07 03:48:18,870 INFO  server.RaftServerConfigKeys (ConfUtils.java:logGet(43)) - raft.server.log.purge.gap = 1000000000 (custom)
2019-08-07 03:48:18,871 INFO  server.RaftServerConfigKeys (ConfUtils.java:logGet(43)) - raft.server.log.appender.buffer.byte-limit = 33554432 (custom)
2019-08-07 03:48:18,871 INFO  server.RaftServerConfigKeys (ConfUtils.java:logGet(43)) - raft.server.log.segment.size.max = 1048576 (custom)
2019-08-07 03:48:18,871 INFO  server.RaftServerConfigKeys (ConfUtils.java:logGet(43)) - raft.server.log.segment.cache.num.max = 2 (custom)
2019-08-07 03:48:18,871 INFO  segmented.SegmentedRaftLogWorker (SegmentedRaftLogWorker.java:<init>(172)) - new 0bbcd879-c78e-4773-8a35-7ac80a545710-SegmentedRaftLogWorker:Storage Directory /workdir/hadoop-ozone/integration-test/target/test-dir/MiniOzoneClusterImpl-13422be5-0f54-42a0-8685-8e8a9f9c51cc/datanode-1/data/ratis/27301423-8e86-4ae9-9887-e228396baeb0 for RaftStorage:Storage Directory /workdir/hadoop-ozone/integration-test/target/test-dir/MiniOzoneClusterImpl-13422be5-0f54-42a0-8685-8e8a9f9c51cc/datanode-1/data/ratis/27301423-8e86-4ae9-9887-e228396baeb0
2019-08-07 03:48:18,872 INFO  server.RaftServerConfigKeys (ConfUtils.java:logGet(43)) - raft.server.log.queue.byte-limit = 2147483647 (custom)
2019-08-07 03:48:18,872 INFO  server.RaftServerConfigKeys (ConfUtils.java:logGet(43)) - raft.server.log.queue.element-limit = 1024 (custom)
2019-08-07 03:48:18,872 INFO  server.RaftServerConfigKeys (ConfUtils.java:logGet(43)) - raft.server.log.segment.size.max = 1048576 (custom)
2019-08-07 03:48:18,872 INFO  server.RaftServerConfigKeys (ConfUtils.java:logGet(43)) - raft.server.log.preallocated.size = 16384 (custom)
2019-08-07 03:48:18,873 INFO  server.RaftServerConfigKeys (ConfUtils.java:logGet(43)) - raft.server.log.write.buffer.size = 33554432 (custom)
2019-08-07 03:48:18,873 INFO  server.RaftServerConfigKeys (ConfUtils.java:logGet(43)) - raft.server.log.force.sync.num = 128 (default)
2019-08-07 03:48:18,873 INFO  server.RaftServerConfigKeys (ConfUtils.java:logGet(43)) - raft.server.log.statemachine.data.sync = true (default)
2019-08-07 03:48:18,873 INFO  server.RaftServerConfigKeys (ConfUtils.java:logGet(43)) - raft.server.log.statemachine.data.sync.timeout = 10s (default)
2019-08-07 03:48:18,873 INFO  server.RaftServerConfigKeys (ConfUtils.java:logGet(43)) - raft.server.log.statemachine.data.sync.timeout.retry = -1 (default)
2019-08-07 03:48:18,874 INFO  server.RaftServerConfigKeys (ConfUtils.java:logGet(43)) - raft.server.log.statemachine.data.caching.enabled = true (custom)
2019-08-07 03:48:18,874 INFO  segmented.SegmentedRaftLogWorker (SegmentedRaftLogWorker.java:lambda$new$0(132)) - 0bbcd879-c78e-4773-8a35-7ac80a545710-SegmentedRaftLogWorker:Storage Directory /workdir/hadoop-ozone/integration-test/target/test-dir/MiniOzoneClusterImpl-13422be5-0f54-42a0-8685-8e8a9f9c51cc/datanode-1/data/ratis/27301423-8e86-4ae9-9887-e228396baeb0: flushIndex: setUnconditionally 0 -> -1
2019-08-07 03:48:18,875 INFO  server.RaftServerConfigKeys (ConfUtils.java:logGet(43)) - raft.server.snapshot.auto.trigger.enabled = true (custom)
2019-08-07 03:48:18,875 INFO  server.RaftServerConfigKeys (ConfUtils.java:logGet(43)) - raft.server.snapshot.auto.trigger.threshold = 10000 (custom)
2019-08-07 03:48:18,875 INFO  server.RaftServerConfigKeys (ConfUtils.java:logGet(43)) - raft.server.retrycache.expirytime = 600000ms (custom)
2019-08-07 03:48:18,876 INFO  impl.RaftServerImpl (RaftServerImpl.java:start(180)) - 0bbcd879-c78e-4773-8a35-7ac80a545710: start group-E228396BAEB0
2019-08-07 03:48:18,876 INFO  impl.RaftServerImpl (RaftServerImpl.java:setRole(171)) - 0bbcd879-c78e-4773-8a35-7ac80a545710:group-E228396BAEB0 changes role from null to FOLLOWER at term 0 for startAsFollower
2019-08-07 03:48:18,876 INFO  impl.RoleInfo (RoleInfo.java:updateAndGet(143)) - 0bbcd879-c78e-4773-8a35-7ac80a545710: start FollowerState
2019-08-07 03:48:18,877 INFO  util.JmxRegister (JmxRegister.java:tryRegister(44)) - Successfully registered JMX Bean with object name Ratis:service=RaftServer,group=group-E228396BAEB0,id=0bbcd879-c78e-4773-8a35-7ac80a545710
2019-08-07 03:48:18,880 INFO  pipeline.PipelineStateManager (PipelineStateManager.java:addPipeline(56)) - Created pipeline Pipeline[ Id: 27301423-8e86-4ae9-9887-e228396baeb0, Nodes: 0bbcd879-c78e-4773-8a35-7ac80a545710{ip: 192.168.157.245, host: byscane-nightly-ds7lx-2296511547, networkLocation: /default-rack, certSerialId: null}, Type:RATIS, Factor:ONE, State:OPEN]
2019-08-07 03:48:18,982 INFO  ozone.MiniOzoneClusterImpl (MiniOzoneClusterImpl.java:lambda$waitForClusterToBeReady$0(142)) - Waiting for cluster to be ready. Got 2 of 7 DN Heartbeats.
2019-08-07 03:48:19,013 INFO  net.NetworkTopology (NetworkTopologyImpl.java:add(110)) - Added a new node: /default-rack/961187a3-8668-452f-8b74-0209867b1080
2019-08-07 03:48:19,014 INFO  node.SCMNodeManager (SCMNodeManager.java:register(273)) - Registered Data node : 961187a3-8668-452f-8b74-0209867b1080{ip: 192.168.157.245, host: byscane-nightly-ds7lx-2296511547, networkLocation: /default-rack, certSerialId: null}
2019-08-07 03:48:19,024 INFO  impl.RaftServerProxy (RaftServerProxy.java:addNew(89)) - 961187a3-8668-452f-8b74-0209867b1080: addNew group-50BFAD83C16D:[961187a3-8668-452f-8b74-0209867b1080:192.168.157.245:34365] returns group-50BFAD83C16D:java.util.concurrent.CompletableFuture@14b16483[Not completed]
2019-08-07 03:48:19,030 INFO  impl.RaftServerImpl (RaftServerImpl.java:<init>(93)) - 961187a3-8668-452f-8b74-0209867b1080: new RaftServerImpl for group-50BFAD83C16D:[961187a3-8668-452f-8b74-0209867b1080:192.168.157.245:34365] with ContainerStateMachine:uninitialized
2019-08-07 03:48:19,030 INFO  server.RaftServerConfigKeys (ConfUtils.java:logGet(43)) - raft.server.rpc.timeout.min = 5s (custom)
2019-08-07 03:48:19,031 INFO  server.RaftServerConfigKeys (ConfUtils.java:logGet(43)) - raft.server.rpc.timeout.max = 5200ms (custom)
2019-08-07 03:48:19,031 INFO  server.RaftServerConfigKeys (ConfUtils.java:logGet(43)) - raft.server.rpcslowness.timeout = 120s (custom)
2019-08-07 03:48:19,031 INFO  server.RaftServerConfigKeys (ConfUtils.java:logGet(43)) - raft.server.sleep.deviation.threshold = 300 (default)
2019-08-07 03:48:19,031 INFO  server.RaftServerConfigKeys (ConfUtils.java:logGet(43)) - raft.server.log.appender.install.snapshot.enabled = false (custom)
2019-08-07 03:48:19,031 INFO  impl.RaftServerImpl (ServerState.java:<init>(105)) - 961187a3-8668-452f-8b74-0209867b1080:group-50BFAD83C16D ConfigurationManager, init=-1: [961187a3-8668-452f-8b74-0209867b1080:192.168.157.245:34365], old=null, confs=<EMPTY_MAP>
2019-08-07 03:48:19,032 INFO  server.RaftServerConfigKeys (ConfUtils.java:logGet(43)) - raft.server.storage.dir = [/workdir/hadoop-ozone/integration-test/target/test-dir/MiniOzoneClusterImpl-13422be5-0f54-42a0-8685-8e8a9f9c51cc/datanode-2/data/ratis] (custom)
2019-08-07 03:48:19,032 INFO  storage.RaftStorageDirectory (RaftStorageDirectory.java:analyzeStorage(246)) - The storage directory /workdir/hadoop-ozone/integration-test/target/test-dir/MiniOzoneClusterImpl-13422be5-0f54-42a0-8685-8e8a9f9c51cc/datanode-2/data/ratis/e38059bc-8881-41b3-9832-50bfad83c16d does not exist. Creating ...
2019-08-07 03:48:19,046 INFO  storage.RaftStorageDirectory (RaftStorageDirectory.java:tryLock(328)) - Lock on /workdir/hadoop-ozone/integration-test/target/test-dir/MiniOzoneClusterImpl-13422be5-0f54-42a0-8685-8e8a9f9c51cc/datanode-2/data/ratis/e38059bc-8881-41b3-9832-50bfad83c16d/in_use.lock acquired by nodename 28933@byscane-nightly-ds7lx-2296511547
2019-08-07 03:48:19,059 INFO  storage.RaftStorage (RaftStorage.java:format(72)) - Storage directory /workdir/hadoop-ozone/integration-test/target/test-dir/MiniOzoneClusterImpl-13422be5-0f54-42a0-8685-8e8a9f9c51cc/datanode-2/data/ratis/e38059bc-8881-41b3-9832-50bfad83c16d has been successfully formatted.
2019-08-07 03:48:19,059 INFO  ratis.ContainerStateMachine (ContainerStateMachine.java:loadSnapshot(213)) - group-50BFAD83C16D: The snapshot info is null. Setting the last applied indexto:(t:0, i:~)
2019-08-07 03:48:19,059 INFO  server.RaftServerConfigKeys (ConfUtils.java:logGet(43)) - raft.server.leader.election.timeout = 120s (custom)
2019-08-07 03:48:19,059 INFO  server.RaftServerConfigKeys (ConfUtils.java:logGet(43)) - raft.server.log.use.memory = false (default)
2019-08-07 03:48:19,060 INFO  server.RaftServerConfigKeys (ConfUtils.java:logGet(43)) - raft.server.log.purge.gap = 1000000000 (custom)
2019-08-07 03:48:19,060 INFO  server.RaftServerConfigKeys (ConfUtils.java:logGet(43)) - raft.server.log.appender.buffer.byte-limit = 33554432 (custom)
2019-08-07 03:48:19,060 INFO  server.RaftServerConfigKeys (ConfUtils.java:logGet(43)) - raft.server.log.segment.size.max = 1048576 (custom)
2019-08-07 03:48:19,060 INFO  server.RaftServerConfigKeys (ConfUtils.java:logGet(43)) - raft.server.log.segment.cache.num.max = 2 (custom)
2019-08-07 03:48:19,060 INFO  segmented.SegmentedRaftLogWorker (SegmentedRaftLogWorker.java:<init>(172)) - new 961187a3-8668-452f-8b74-0209867b1080-SegmentedRaftLogWorker:Storage Directory /workdir/hadoop-ozone/integration-test/target/test-dir/MiniOzoneClusterImpl-13422be5-0f54-42a0-8685-8e8a9f9c51cc/datanode-2/data/ratis/e38059bc-8881-41b3-9832-50bfad83c16d for RaftStorage:Storage Directory /workdir/hadoop-ozone/integration-test/target/test-dir/MiniOzoneClusterImpl-13422be5-0f54-42a0-8685-8e8a9f9c51cc/datanode-2/data/ratis/e38059bc-8881-41b3-9832-50bfad83c16d
2019-08-07 03:48:19,061 INFO  server.RaftServerConfigKeys (ConfUtils.java:logGet(43)) - raft.server.log.queue.byte-limit = 2147483647 (custom)
2019-08-07 03:48:19,061 INFO  server.RaftServerConfigKeys (ConfUtils.java:logGet(43)) - raft.server.log.queue.element-limit = 1024 (custom)
2019-08-07 03:48:19,061 INFO  server.RaftServerConfigKeys (ConfUtils.java:logGet(43)) - raft.server.log.segment.size.max = 1048576 (custom)
2019-08-07 03:48:19,061 INFO  server.RaftServerConfigKeys (ConfUtils.java:logGet(43)) - raft.server.log.preallocated.size = 16384 (custom)
2019-08-07 03:48:19,061 INFO  server.RaftServerConfigKeys (ConfUtils.java:logGet(43)) - raft.server.log.write.buffer.size = 33554432 (custom)
2019-08-07 03:48:19,062 INFO  server.RaftServerConfigKeys (ConfUtils.java:logGet(43)) - raft.server.log.force.sync.num = 128 (default)
2019-08-07 03:48:19,062 INFO  server.RaftServerConfigKeys (ConfUtils.java:logGet(43)) - raft.server.log.statemachine.data.sync = true (default)
2019-08-07 03:48:19,062 INFO  server.RaftServerConfigKeys (ConfUtils.java:logGet(43)) - raft.server.log.statemachine.data.sync.timeout = 10s (default)
2019-08-07 03:48:19,062 INFO  server.RaftServerConfigKeys (ConfUtils.java:logGet(43)) - raft.server.log.statemachine.data.sync.timeout.retry = -1 (default)
2019-08-07 03:48:19,063 INFO  server.RaftServerConfigKeys (ConfUtils.java:logGet(43)) - raft.server.log.statemachine.data.caching.enabled = true (custom)
2019-08-07 03:48:19,063 INFO  segmented.SegmentedRaftLogWorker (SegmentedRaftLogWorker.java:lambda$new$0(132)) - 961187a3-8668-452f-8b74-0209867b1080-SegmentedRaftLogWorker:Storage Directory /workdir/hadoop-ozone/integration-test/target/test-dir/MiniOzoneClusterImpl-13422be5-0f54-42a0-8685-8e8a9f9c51cc/datanode-2/data/ratis/e38059bc-8881-41b3-9832-50bfad83c16d: flushIndex: setUnconditionally 0 -> -1
2019-08-07 03:48:19,063 INFO  server.RaftServerConfigKeys (ConfUtils.java:logGet(43)) - raft.server.snapshot.auto.trigger.enabled = true (custom)
2019-08-07 03:48:19,064 INFO  server.RaftServerConfigKeys (ConfUtils.java:logGet(43)) - raft.server.snapshot.auto.trigger.threshold = 10000 (custom)
2019-08-07 03:48:19,064 INFO  server.RaftServerConfigKeys (ConfUtils.java:logGet(43)) - raft.server.retrycache.expirytime = 600000ms (custom)
2019-08-07 03:48:19,064 INFO  impl.RaftServerImpl (RaftServerImpl.java:start(180)) - 961187a3-8668-452f-8b74-0209867b1080: start group-50BFAD83C16D
2019-08-07 03:48:19,064 INFO  impl.RaftServerImpl (RaftServerImpl.java:setRole(171)) - 961187a3-8668-452f-8b74-0209867b1080:group-50BFAD83C16D changes role from null to FOLLOWER at term 0 for startAsFollower
2019-08-07 03:48:19,064 INFO  impl.RoleInfo (RoleInfo.java:updateAndGet(143)) - 961187a3-8668-452f-8b74-0209867b1080: start FollowerState
2019-08-07 03:48:19,065 INFO  util.JmxRegister (JmxRegister.java:tryRegister(44)) - Successfully registered JMX Bean with object name Ratis:service=RaftServer,group=group-50BFAD83C16D,id=961187a3-8668-452f-8b74-0209867b1080
2019-08-07 03:48:19,068 INFO  pipeline.PipelineStateManager (PipelineStateManager.java:addPipeline(56)) - Created pipeline Pipeline[ Id: e38059bc-8881-41b3-9832-50bfad83c16d, Nodes: 961187a3-8668-452f-8b74-0209867b1080{ip: 192.168.157.245, host: byscane-nightly-ds7lx-2296511547, networkLocation: /default-rack, certSerialId: null}, Type:RATIS, Factor:ONE, State:OPEN]
2019-08-07 03:48:19,103 INFO  impl.RaftServerProxy (RaftServerProxy.java:addNew(89)) - 0bbcd879-c78e-4773-8a35-7ac80a545710: addNew group-051F78E6C7B1:[d8e8dedd-b554-4429-b41d-4482edac5b6d:192.168.157.245:36251, 0bbcd879-c78e-4773-8a35-7ac80a545710:192.168.157.245:43277, 961187a3-8668-452f-8b74-0209867b1080:192.168.157.245:34365] returns group-051F78E6C7B1:java.util.concurrent.CompletableFuture@3caa6fb7[Not completed]
2019-08-07 03:48:19,103 INFO  impl.RaftServerProxy (RaftServerProxy.java:addNew(89)) - 961187a3-8668-452f-8b74-0209867b1080: addNew group-051F78E6C7B1:[d8e8dedd-b554-4429-b41d-4482edac5b6d:192.168.157.245:36251, 0bbcd879-c78e-4773-8a35-7ac80a545710:192.168.157.245:43277, 961187a3-8668-452f-8b74-0209867b1080:192.168.157.245:34365] returns group-051F78E6C7B1:java.util.concurrent.CompletableFuture@30f289c[Not completed]
2019-08-07 03:48:19,103 INFO  impl.RaftServerProxy (RaftServerProxy.java:addNew(89)) - d8e8dedd-b554-4429-b41d-4482edac5b6d: addNew group-051F78E6C7B1:[d8e8dedd-b554-4429-b41d-4482edac5b6d:192.168.157.245:36251, 0bbcd879-c78e-4773-8a35-7ac80a545710:192.168.157.245:43277, 961187a3-8668-452f-8b74-0209867b1080:192.168.157.245:34365] returns group-051F78E6C7B1:java.util.concurrent.CompletableFuture@61408b7f[Not completed]
2019-08-07 03:48:19,105 INFO  impl.RaftServerImpl (RaftServerImpl.java:<init>(93)) - 0bbcd879-c78e-4773-8a35-7ac80a545710: new RaftServerImpl for group-051F78E6C7B1:[d8e8dedd-b554-4429-b41d-4482edac5b6d:192.168.157.245:36251, 0bbcd879-c78e-4773-8a35-7ac80a545710:192.168.157.245:43277, 961187a3-8668-452f-8b74-0209867b1080:192.168.157.245:34365] with ContainerStateMachine:uninitialized
2019-08-07 03:48:19,105 INFO  server.RaftServerConfigKeys (ConfUtils.java:logGet(43)) - raft.server.rpc.timeout.min = 5s (custom)
2019-08-07 03:48:19,105 INFO  server.RaftServerConfigKeys (ConfUtils.java:logGet(43)) - raft.server.rpc.timeout.max = 5200ms (custom)
2019-08-07 03:48:19,105 INFO  server.RaftServerConfigKeys (ConfUtils.java:logGet(43)) - raft.server.rpcslowness.timeout = 120s (custom)
2019-08-07 03:48:19,105 INFO  server.RaftServerConfigKeys (ConfUtils.java:logGet(43)) - raft.server.sleep.deviation.threshold = 300 (default)
2019-08-07 03:48:19,106 INFO  server.RaftServerConfigKeys (ConfUtils.java:logGet(43)) - raft.server.log.appender.install.snapshot.enabled = false (custom)
2019-08-07 03:48:19,106 INFO  impl.RaftServerImpl (RaftServerImpl.java:<init>(93)) - d8e8dedd-b554-4429-b41d-4482edac5b6d: new RaftServerImpl for group-051F78E6C7B1:[d8e8dedd-b554-4429-b41d-4482edac5b6d:192.168.157.245:36251, 0bbcd879-c78e-4773-8a35-7ac80a545710:192.168.157.245:43277, 961187a3-8668-452f-8b74-0209867b1080:192.168.157.245:34365] with ContainerStateMachine:uninitialized
2019-08-07 03:48:19,106 INFO  impl.RaftServerImpl (ServerState.java:<init>(105)) - 0bbcd879-c78e-4773-8a35-7ac80a545710:group-051F78E6C7B1 ConfigurationManager, init=-1: [d8e8dedd-b554-4429-b41d-4482edac5b6d:192.168.157.245:36251, 0bbcd879-c78e-4773-8a35-7ac80a545710:192.168.157.245:43277, 961187a3-8668-452f-8b74-0209867b1080:192.168.157.245:34365], old=null, confs=<EMPTY_MAP>
2019-08-07 03:48:19,106 INFO  server.RaftServerConfigKeys (ConfUtils.java:logGet(43)) - raft.server.rpc.timeout.min = 5s (custom)
2019-08-07 03:48:19,106 INFO  server.RaftServerConfigKeys (ConfUtils.java:logGet(43)) - raft.server.storage.dir = [/workdir/hadoop-ozone/integration-test/target/test-dir/MiniOzoneClusterImpl-13422be5-0f54-42a0-8685-8e8a9f9c51cc/datanode-1/data/ratis] (custom)
2019-08-07 03:48:19,106 INFO  impl.RaftServerImpl (RaftServerImpl.java:<init>(93)) - 961187a3-8668-452f-8b74-0209867b1080: new RaftServerImpl for group-051F78E6C7B1:[d8e8dedd-b554-4429-b41d-4482edac5b6d:192.168.157.245:36251, 0bbcd879-c78e-4773-8a35-7ac80a545710:192.168.157.245:43277, 961187a3-8668-452f-8b74-0209867b1080:192.168.157.245:34365] with ContainerStateMachine:uninitialized
2019-08-07 03:48:19,106 INFO  server.RaftServerConfigKeys (ConfUtils.java:logGet(43)) - raft.server.rpc.timeout.max = 5200ms (custom)
2019-08-07 03:48:19,107 INFO  server.RaftServerConfigKeys (ConfUtils.java:logGet(43)) - raft.server.rpc.timeout.min = 5s (custom)
2019-08-07 03:48:19,107 INFO  server.RaftServerConfigKeys (ConfUtils.java:logGet(43)) - raft.server.rpcslowness.timeout = 120s (custom)
2019-08-07 03:48:19,107 INFO  storage.RaftStorageDirectory (RaftStorageDirectory.java:analyzeStorage(246)) - The storage directory /workdir/hadoop-ozone/integration-test/target/test-dir/MiniOzoneClusterImpl-13422be5-0f54-42a0-8685-8e8a9f9c51cc/datanode-1/data/ratis/365a4eb4-4897-4dbb-b308-051f78e6c7b1 does not exist. Creating ...
2019-08-07 03:48:19,107 INFO  server.RaftServerConfigKeys (ConfUtils.java:logGet(43)) - raft.server.sleep.deviation.threshold = 300 (default)
2019-08-07 03:48:19,107 INFO  server.RaftServerConfigKeys (ConfUtils.java:logGet(43)) - raft.server.rpc.timeout.max = 5200ms (custom)
2019-08-07 03:48:19,108 INFO  server.RaftServerConfigKeys (ConfUtils.java:logGet(43)) - raft.server.log.appender.install.snapshot.enabled = false (custom)
2019-08-07 03:48:19,108 INFO  server.RaftServerConfigKeys (ConfUtils.java:logGet(43)) - raft.server.rpcslowness.timeout = 120s (custom)
2019-08-07 03:48:19,108 INFO  impl.RaftServerImpl (ServerState.java:<init>(105)) - d8e8dedd-b554-4429-b41d-4482edac5b6d:group-051F78E6C7B1 ConfigurationManager, init=-1: [d8e8dedd-b554-4429-b41d-4482edac5b6d:192.168.157.245:36251, 0bbcd879-c78e-4773-8a35-7ac80a545710:192.168.157.245:43277, 961187a3-8668-452f-8b74-0209867b1080:192.168.157.245:34365], old=null, confs=<EMPTY_MAP>
2019-08-07 03:48:19,108 INFO  server.RaftServerConfigKeys (ConfUtils.java:logGet(43)) - raft.server.sleep.deviation.threshold = 300 (default)
2019-08-07 03:48:19,108 INFO  server.RaftServerConfigKeys (ConfUtils.java:logGet(43)) - raft.server.log.appender.install.snapshot.enabled = false (custom)
2019-08-07 03:48:19,108 INFO  server.RaftServerConfigKeys (ConfUtils.java:logGet(43)) - raft.server.storage.dir = [/workdir/hadoop-ozone/integration-test/target/test-dir/MiniOzoneClusterImpl-13422be5-0f54-42a0-8685-8e8a9f9c51cc/datanode-0/data/ratis] (custom)
2019-08-07 03:48:19,108 INFO  impl.RaftServerImpl (ServerState.java:<init>(105)) - 961187a3-8668-452f-8b74-0209867b1080:group-051F78E6C7B1 ConfigurationManager, init=-1: [d8e8dedd-b554-4429-b41d-4482edac5b6d:192.168.157.245:36251, 0bbcd879-c78e-4773-8a35-7ac80a545710:192.168.157.245:43277, 961187a3-8668-452f-8b74-0209867b1080:192.168.157.245:34365], old=null, confs=<EMPTY_MAP>
2019-08-07 03:48:19,109 INFO  server.RaftServerConfigKeys (ConfUtils.java:logGet(43)) - raft.server.storage.dir = [/workdir/hadoop-ozone/integration-test/target/test-dir/MiniOzoneClusterImpl-13422be5-0f54-42a0-8685-8e8a9f9c51cc/datanode-2/data/ratis] (custom)
2019-08-07 03:48:19,109 INFO  storage.RaftStorageDirectory (RaftStorageDirectory.java:analyzeStorage(246)) - The storage directory /workdir/hadoop-ozone/integration-test/target/test-dir/MiniOzoneClusterImpl-13422be5-0f54-42a0-8685-8e8a9f9c51cc/datanode-0/data/ratis/365a4eb4-4897-4dbb-b308-051f78e6c7b1 does not exist. Creating ...
2019-08-07 03:48:19,109 INFO  storage.RaftStorageDirectory (RaftStorageDirectory.java:analyzeStorage(246)) - The storage directory /workdir/hadoop-ozone/integration-test/target/test-dir/MiniOzoneClusterImpl-13422be5-0f54-42a0-8685-8e8a9f9c51cc/datanode-2/data/ratis/365a4eb4-4897-4dbb-b308-051f78e6c7b1 does not exist. Creating ...
2019-08-07 03:48:19,121 INFO  storage.RaftStorageDirectory (RaftStorageDirectory.java:tryLock(328)) - Lock on /workdir/hadoop-ozone/integration-test/target/test-dir/MiniOzoneClusterImpl-13422be5-0f54-42a0-8685-8e8a9f9c51cc/datanode-2/data/ratis/365a4eb4-4897-4dbb-b308-051f78e6c7b1/in_use.lock acquired by nodename 28933@byscane-nightly-ds7lx-2296511547
2019-08-07 03:48:19,121 INFO  storage.RaftStorageDirectory (RaftStorageDirectory.java:tryLock(328)) - Lock on /workdir/hadoop-ozone/integration-test/target/test-dir/MiniOzoneClusterImpl-13422be5-0f54-42a0-8685-8e8a9f9c51cc/datanode-0/data/ratis/365a4eb4-4897-4dbb-b308-051f78e6c7b1/in_use.lock acquired by nodename 28933@byscane-nightly-ds7lx-2296511547
2019-08-07 03:48:19,121 INFO  storage.RaftStorageDirectory (RaftStorageDirectory.java:tryLock(328)) - Lock on /workdir/hadoop-ozone/integration-test/target/test-dir/MiniOzoneClusterImpl-13422be5-0f54-42a0-8685-8e8a9f9c51cc/datanode-1/data/ratis/365a4eb4-4897-4dbb-b308-051f78e6c7b1/in_use.lock acquired by nodename 28933@byscane-nightly-ds7lx-2296511547
2019-08-07 03:48:19,135 INFO  storage.RaftStorage (RaftStorage.java:format(72)) - Storage directory /workdir/hadoop-ozone/integration-test/target/test-dir/MiniOzoneClusterImpl-13422be5-0f54-42a0-8685-8e8a9f9c51cc/datanode-2/data/ratis/365a4eb4-4897-4dbb-b308-051f78e6c7b1 has been successfully formatted.
2019-08-07 03:48:19,135 INFO  storage.RaftStorage (RaftStorage.java:format(72)) - Storage directory /workdir/hadoop-ozone/integration-test/target/test-dir/MiniOzoneClusterImpl-13422be5-0f54-42a0-8685-8e8a9f9c51cc/datanode-1/data/ratis/365a4eb4-4897-4dbb-b308-051f78e6c7b1 has been successfully formatted.
2019-08-07 03:48:19,135 INFO  storage.RaftStorage (RaftStorage.java:format(72)) - Storage directory /workdir/hadoop-ozone/integration-test/target/test-dir/MiniOzoneClusterImpl-13422be5-0f54-42a0-8685-8e8a9f9c51cc/datanode-0/data/ratis/365a4eb4-4897-4dbb-b308-051f78e6c7b1 has been successfully formatted.
2019-08-07 03:48:19,136 INFO  ratis.ContainerStateMachine (ContainerStateMachine.java:loadSnapshot(213)) - group-051F78E6C7B1: The snapshot info is null. Setting the last applied indexto:(t:0, i:~)
2019-08-07 03:48:19,136 INFO  ratis.ContainerStateMachine (ContainerStateMachine.java:loadSnapshot(213)) - group-051F78E6C7B1: The snapshot info is null. Setting the last applied indexto:(t:0, i:~)
2019-08-07 03:48:19,135 INFO  ratis.ContainerStateMachine (ContainerStateMachine.java:loadSnapshot(213)) - group-051F78E6C7B1: The snapshot info is null. Setting the last applied indexto:(t:0, i:~)
2019-08-07 03:48:19,136 INFO  server.RaftServerConfigKeys (ConfUtils.java:logGet(43)) - raft.server.leader.election.timeout = 120s (custom)
2019-08-07 03:48:19,136 INFO  server.RaftServerConfigKeys (ConfUtils.java:logGet(43)) - raft.server.leader.election.timeout = 120s (custom)
2019-08-07 03:48:19,136 INFO  server.RaftServerConfigKeys (ConfUtils.java:logGet(43)) - raft.server.log.use.memory = false (default)
2019-08-07 03:48:19,136 INFO  server.RaftServerConfigKeys (ConfUtils.java:logGet(43)) - raft.server.leader.election.timeout = 120s (custom)
2019-08-07 03:48:19,137 INFO  server.RaftServerConfigKeys (ConfUtils.java:logGet(43)) - raft.server.log.purge.gap = 1000000000 (custom)
2019-08-07 03:48:19,137 INFO  server.RaftServerConfigKeys (ConfUtils.java:logGet(43)) - raft.server.log.use.memory = false (default)
2019-08-07 03:48:19,137 INFO  server.RaftServerConfigKeys (ConfUtils.java:logGet(43)) - raft.server.log.appender.buffer.byte-limit = 33554432 (custom)
2019-08-07 03:48:19,137 INFO  server.RaftServerConfigKeys (ConfUtils.java:logGet(43)) - raft.server.log.use.memory = false (default)
2019-08-07 03:48:19,137 INFO  server.RaftServerConfigKeys (ConfUtils.java:logGet(43)) - raft.server.log.segment.size.max = 1048576 (custom)
2019-08-07 03:48:19,137 INFO  server.RaftServerConfigKeys (ConfUtils.java:logGet(43)) - raft.server.log.purge.gap = 1000000000 (custom)
2019-08-07 03:48:19,138 INFO  server.RaftServerConfigKeys (ConfUtils.java:logGet(43)) - raft.server.log.segment.cache.num.max = 2 (custom)
2019-08-07 03:48:19,138 INFO  server.RaftServerConfigKeys (ConfUtils.java:logGet(43)) - raft.server.log.purge.gap = 1000000000 (custom)
2019-08-07 03:48:19,138 INFO  segmented.SegmentedRaftLogWorker (SegmentedRaftLogWorker.java:<init>(172)) - new d8e8dedd-b554-4429-b41d-4482edac5b6d-SegmentedRaftLogWorker:Storage Directory /workdir/hadoop-ozone/integration-test/target/test-dir/MiniOzoneClusterImpl-13422be5-0f54-42a0-8685-8e8a9f9c51cc/datanode-0/data/ratis/365a4eb4-4897-4dbb-b308-051f78e6c7b1 for RaftStorage:Storage Directory /workdir/hadoop-ozone/integration-test/target/test-dir/MiniOzoneClusterImpl-13422be5-0f54-42a0-8685-8e8a9f9c51cc/datanode-0/data/ratis/365a4eb4-4897-4dbb-b308-051f78e6c7b1
2019-08-07 03:48:19,138 INFO  server.RaftServerConfigKeys (ConfUtils.java:logGet(43)) - raft.server.log.appender.buffer.byte-limit = 33554432 (custom)
2019-08-07 03:48:19,138 INFO  server.RaftServerConfigKeys (ConfUtils.java:logGet(43)) - raft.server.log.queue.byte-limit = 2147483647 (custom)
2019-08-07 03:48:19,138 INFO  server.RaftServerConfigKeys (ConfUtils.java:logGet(43)) - raft.server.log.appender.buffer.byte-limit = 33554432 (custom)
2019-08-07 03:48:19,139 INFO  server.RaftServerConfigKeys (ConfUtils.java:logGet(43)) - raft.server.log.queue.element-limit = 1024 (custom)
2019-08-07 03:48:19,139 INFO  server.RaftServerConfigKeys (ConfUtils.java:logGet(43)) - raft.server.log.segment.size.max = 1048576 (custom)
2019-08-07 03:48:19,139 INFO  server.RaftServerConfigKeys (ConfUtils.java:logGet(43)) - raft.server.log.segment.size.max = 1048576 (custom)
2019-08-07 03:48:19,139 INFO  server.RaftServerConfigKeys (ConfUtils.java:logGet(43)) - raft.server.log.segment.size.max = 1048576 (custom)
2019-08-07 03:48:19,139 INFO  server.RaftServerConfigKeys (ConfUtils.java:logGet(43)) - raft.server.log.segment.cache.num.max = 2 (custom)
2019-08-07 03:48:19,140 INFO  server.RaftServerConfigKeys (ConfUtils.java:logGet(43)) - raft.server.log.preallocated.size = 16384 (custom)
2019-08-07 03:48:19,140 INFO  server.RaftServerConfigKeys (ConfUtils.java:logGet(43)) - raft.server.log.segment.cache.num.max = 2 (custom)
2019-08-07 03:48:19,140 INFO  server.RaftServerConfigKeys (ConfUtils.java:logGet(43)) - raft.server.log.write.buffer.size = 33554432 (custom)
2019-08-07 03:48:19,140 INFO  segmented.SegmentedRaftLogWorker (SegmentedRaftLogWorker.java:<init>(172)) - new 0bbcd879-c78e-4773-8a35-7ac80a545710-SegmentedRaftLogWorker:Storage Directory /workdir/hadoop-ozone/integration-test/target/test-dir/MiniOzoneClusterImpl-13422be5-0f54-42a0-8685-8e8a9f9c51cc/datanode-1/data/ratis/365a4eb4-4897-4dbb-b308-051f78e6c7b1 for RaftStorage:Storage Directory /workdir/hadoop-ozone/integration-test/target/test-dir/MiniOzoneClusterImpl-13422be5-0f54-42a0-8685-8e8a9f9c51cc/datanode-1/data/ratis/365a4eb4-4897-4dbb-b308-051f78e6c7b1
2019-08-07 03:48:19,140 INFO  server.RaftServerConfigKeys (ConfUtils.java:logGet(43)) - raft.server.log.force.sync.num = 128 (default)
2019-08-07 03:48:19,140 INFO  segmented.SegmentedRaftLogWorker (SegmentedRaftLogWorker.java:<init>(172)) - new 961187a3-8668-452f-8b74-0209867b1080-SegmentedRaftLogWorker:Storage Directory /workdir/hadoop-ozone/integration-test/target/test-dir/MiniOzoneClusterImpl-13422be5-0f54-42a0-8685-8e8a9f9c51cc/datanode-2/data/ratis/365a4eb4-4897-4dbb-b308-051f78e6c7b1 for RaftStorage:Storage Directory /workdir/hadoop-ozone/integration-test/target/test-dir/MiniOzoneClusterImpl-13422be5-0f54-42a0-8685-8e8a9f9c51cc/datanode-2/data/ratis/365a4eb4-4897-4dbb-b308-051f78e6c7b1
2019-08-07 03:48:19,141 INFO  server.RaftServerConfigKeys (ConfUtils.java:logGet(43)) - raft.server.log.statemachine.data.sync = true (default)
2019-08-07 03:48:19,141 INFO  server.RaftServerConfigKeys (ConfUtils.java:logGet(43)) - raft.server.log.queue.byte-limit = 2147483647 (custom)
2019-08-07 03:48:19,141 INFO  server.RaftServerConfigKeys (ConfUtils.java:logGet(43)) - raft.server.log.statemachine.data.sync.timeout = 10s (default)
2019-08-07 03:48:19,141 INFO  server.RaftServerConfigKeys (ConfUtils.java:logGet(43)) - raft.server.log.queue.byte-limit = 2147483647 (custom)
2019-08-07 03:48:19,141 INFO  server.RaftServerConfigKeys (ConfUtils.java:logGet(43)) - raft.server.log.statemachine.data.sync.timeout.retry = -1 (default)
2019-08-07 03:48:19,141 INFO  server.RaftServerConfigKeys (ConfUtils.java:logGet(43)) - raft.server.log.queue.element-limit = 1024 (custom)
2019-08-07 03:48:19,142 INFO  server.RaftServerConfigKeys (ConfUtils.java:logGet(43)) - raft.server.log.statemachine.data.caching.enabled = true (custom)
2019-08-07 03:48:19,142 INFO  server.RaftServerConfigKeys (ConfUtils.java:logGet(43)) - raft.server.log.queue.element-limit = 1024 (custom)
2019-08-07 03:48:19,142 INFO  server.RaftServerConfigKeys (ConfUtils.java:logGet(43)) - raft.server.log.segment.size.max = 1048576 (custom)
2019-08-07 03:48:19,142 INFO  server.RaftServerConfigKeys (ConfUtils.java:logGet(43)) - raft.server.log.segment.size.max = 1048576 (custom)
2019-08-07 03:48:19,142 INFO  segmented.SegmentedRaftLogWorker (SegmentedRaftLogWorker.java:lambda$new$0(132)) - d8e8dedd-b554-4429-b41d-4482edac5b6d-SegmentedRaftLogWorker:Storage Directory /workdir/hadoop-ozone/integration-test/target/test-dir/MiniOzoneClusterImpl-13422be5-0f54-42a0-8685-8e8a9f9c51cc/datanode-0/data/ratis/365a4eb4-4897-4dbb-b308-051f78e6c7b1: flushIndex: setUnconditionally 0 -> -1
2019-08-07 03:48:19,143 INFO  server.RaftServerConfigKeys (ConfUtils.java:logGet(43)) - raft.server.log.preallocated.size = 16384 (custom)
2019-08-07 03:48:19,143 INFO  server.RaftServerConfigKeys (ConfUtils.java:logGet(43)) - raft.server.log.preallocated.size = 16384 (custom)
2019-08-07 03:48:19,143 INFO  server.RaftServerConfigKeys (ConfUtils.java:logGet(43)) - raft.server.snapshot.auto.trigger.enabled = true (custom)
2019-08-07 03:48:19,143 INFO  server.RaftServerConfigKeys (ConfUtils.java:logGet(43)) - raft.server.log.write.buffer.size = 33554432 (custom)
2019-08-07 03:48:19,143 INFO  server.RaftServerConfigKeys (ConfUtils.java:logGet(43)) - raft.server.snapshot.auto.trigger.threshold = 10000 (custom)
2019-08-07 03:48:19,143 INFO  server.RaftServerConfigKeys (ConfUtils.java:logGet(43)) - raft.server.log.write.buffer.size = 33554432 (custom)
2019-08-07 03:48:19,144 INFO  server.RaftServerConfigKeys (ConfUtils.java:logGet(43)) - raft.server.retrycache.expirytime = 600000ms (custom)
2019-08-07 03:48:19,144 INFO  server.RaftServerConfigKeys (ConfUtils.java:logGet(43)) - raft.server.log.force.sync.num = 128 (default)
2019-08-07 03:48:19,144 INFO  impl.RaftServerImpl (RaftServerImpl.java:start(180)) - d8e8dedd-b554-4429-b41d-4482edac5b6d: start group-051F78E6C7B1
2019-08-07 03:48:19,144 INFO  server.RaftServerConfigKeys (ConfUtils.java:logGet(43)) - raft.server.log.force.sync.num = 128 (default)
2019-08-07 03:48:19,144 INFO  impl.RaftServerImpl (RaftServerImpl.java:setRole(171)) - d8e8dedd-b554-4429-b41d-4482edac5b6d:group-051F78E6C7B1 changes role from null to FOLLOWER at term 0 for startAsFollower
2019-08-07 03:48:19,144 INFO  server.RaftServerConfigKeys (ConfUtils.java:logGet(43)) - raft.server.log.statemachine.data.sync = true (default)
2019-08-07 03:48:19,145 INFO  impl.RoleInfo (RoleInfo.java:updateAndGet(143)) - d8e8dedd-b554-4429-b41d-4482edac5b6d: start FollowerState
2019-08-07 03:48:19,145 INFO  server.RaftServerConfigKeys (ConfUtils.java:logGet(43)) - raft.server.log.statemachine.data.sync = true (default)
2019-08-07 03:48:19,145 INFO  server.RaftServerConfigKeys (ConfUtils.java:logGet(43)) - raft.server.log.statemachine.data.sync.timeout = 10s (default)
2019-08-07 03:48:19,159 INFO  util.JmxRegister (JmxRegister.java:tryRegister(44)) - Successfully registered JMX Bean with object name Ratis:service=RaftServer,group=group-051F78E6C7B1,id=d8e8dedd-b554-4429-b41d-4482edac5b6d
2019-08-07 03:48:19,159 INFO  server.RaftServerConfigKeys (ConfUtils.java:logGet(43)) - raft.server.log.statemachine.data.sync.timeout.retry = -1 (default)
2019-08-07 03:48:19,145 INFO  server.RaftServerConfigKeys (ConfUtils.java:logGet(43)) - raft.server.log.statemachine.data.sync.timeout = 10s (default)
2019-08-07 03:48:19,159 INFO  server.RaftServerConfigKeys (ConfUtils.java:logGet(43)) - raft.server.log.statemachine.data.caching.enabled = true (custom)
2019-08-07 03:48:19,160 INFO  server.RaftServerConfigKeys (ConfUtils.java:logGet(43)) - raft.server.log.statemachine.data.sync.timeout.retry = -1 (default)
2019-08-07 03:48:19,168 INFO  segmented.SegmentedRaftLogWorker (SegmentedRaftLogWorker.java:lambda$new$0(132)) - 961187a3-8668-452f-8b74-0209867b1080-SegmentedRaftLogWorker:Storage Directory /workdir/hadoop-ozone/integration-test/target/test-dir/MiniOzoneClusterImpl-13422be5-0f54-42a0-8685-8e8a9f9c51cc/datanode-2/data/ratis/365a4eb4-4897-4dbb-b308-051f78e6c7b1: flushIndex: setUnconditionally 0 -> -1
2019-08-07 03:48:19,168 INFO  server.RaftServerConfigKeys (ConfUtils.java:logGet(43)) - raft.server.log.statemachine.data.caching.enabled = true (custom)
2019-08-07 03:48:19,169 INFO  server.RaftServerConfigKeys (ConfUtils.java:logGet(43)) - raft.server.snapshot.auto.trigger.enabled = true (custom)
2019-08-07 03:48:19,169 INFO  segmented.SegmentedRaftLogWorker (SegmentedRaftLogWorker.java:lambda$new$0(132)) - 0bbcd879-c78e-4773-8a35-7ac80a545710-SegmentedRaftLogWorker:Storage Directory /workdir/hadoop-ozone/integration-test/target/test-dir/MiniOzoneClusterImpl-13422be5-0f54-42a0-8685-8e8a9f9c51cc/datanode-1/data/ratis/365a4eb4-4897-4dbb-b308-051f78e6c7b1: flushIndex: setUnconditionally 0 -> -1
2019-08-07 03:48:19,169 INFO  server.RaftServerConfigKeys (ConfUtils.java:logGet(43)) - raft.server.snapshot.auto.trigger.threshold = 10000 (custom)
2019-08-07 03:48:19,169 INFO  server.RaftServerConfigKeys (ConfUtils.java:logGet(43)) - raft.server.snapshot.auto.trigger.enabled = true (custom)
2019-08-07 03:48:19,169 INFO  server.RaftServerConfigKeys (ConfUtils.java:logGet(43)) - raft.server.retrycache.expirytime = 600000ms (custom)
2019-08-07 03:48:19,169 INFO  server.RaftServerConfigKeys (ConfUtils.java:logGet(43)) - raft.server.snapshot.auto.trigger.threshold = 10000 (custom)
2019-08-07 03:48:19,170 INFO  impl.RaftServerImpl (RaftServerImpl.java:start(180)) - 961187a3-8668-452f-8b74-0209867b1080: start group-051F78E6C7B1
2019-08-07 03:48:19,170 INFO  server.RaftServerConfigKeys (ConfUtils.java:logGet(43)) - raft.server.retrycache.expirytime = 600000ms (custom)
2019-08-07 03:48:19,170 INFO  impl.RaftServerImpl (RaftServerImpl.java:setRole(171)) - 961187a3-8668-452f-8b74-0209867b1080:group-051F78E6C7B1 changes role from null to FOLLOWER at term 0 for startAsFollower
2019-08-07 03:48:19,170 INFO  impl.RaftServerImpl (RaftServerImpl.java:start(180)) - 0bbcd879-c78e-4773-8a35-7ac80a545710: start group-051F78E6C7B1
2019-08-07 03:48:19,170 INFO  impl.RoleInfo (RoleInfo.java:updateAndGet(143)) - 961187a3-8668-452f-8b74-0209867b1080: start FollowerState
2019-08-07 03:48:19,170 INFO  impl.RaftServerImpl (RaftServerImpl.java:setRole(171)) - 0bbcd879-c78e-4773-8a35-7ac80a545710:group-051F78E6C7B1 changes role from null to FOLLOWER at term 0 for startAsFollower
2019-08-07 03:48:19,171 INFO  impl.RoleInfo (RoleInfo.java:updateAndGet(143)) - 0bbcd879-c78e-4773-8a35-7ac80a545710: start FollowerState
2019-08-07 03:48:19,171 INFO  util.JmxRegister (JmxRegister.java:tryRegister(44)) - Successfully registered JMX Bean with object name Ratis:service=RaftServer,group=group-051F78E6C7B1,id=961187a3-8668-452f-8b74-0209867b1080
2019-08-07 03:48:19,171 INFO  util.JmxRegister (JmxRegister.java:tryRegister(44)) - Successfully registered JMX Bean with object name Ratis:service=RaftServer,group=group-051F78E6C7B1,id=0bbcd879-c78e-4773-8a35-7ac80a545710
2019-08-07 03:48:19,177 INFO  pipeline.PipelineStateManager (PipelineStateManager.java:addPipeline(56)) - Created pipeline Pipeline[ Id: 365a4eb4-4897-4dbb-b308-051f78e6c7b1, Nodes: 0bbcd879-c78e-4773-8a35-7ac80a545710{ip: 192.168.157.245, host: byscane-nightly-ds7lx-2296511547, networkLocation: /default-rack, certSerialId: null}961187a3-8668-452f-8b74-0209867b1080{ip: 192.168.157.245, host: byscane-nightly-ds7lx-2296511547, networkLocation: /default-rack, certSerialId: null}d8e8dedd-b554-4429-b41d-4482edac5b6d{ip: 192.168.157.245, host: byscane-nightly-ds7lx-2296511547, networkLocation: /default-rack, certSerialId: null}, Type:RATIS, Factor:THREE, State:OPEN]
2019-08-07 03:48:19,213 INFO  net.NetworkTopology (NetworkTopologyImpl.java:add(110)) - Added a new node: /default-rack/084644e9-8d0e-46ef-94f4-71b7ec4ffb0e
2019-08-07 03:48:19,213 INFO  node.SCMNodeManager (SCMNodeManager.java:register(273)) - Registered Data node : 084644e9-8d0e-46ef-94f4-71b7ec4ffb0e{ip: 192.168.157.245, host: byscane-nightly-ds7lx-2296511547, networkLocation: /default-rack, certSerialId: null}
2019-08-07 03:48:19,227 INFO  impl.RaftServerProxy (RaftServerProxy.java:addNew(89)) - 084644e9-8d0e-46ef-94f4-71b7ec4ffb0e: addNew group-86EC0BBAE070:[084644e9-8d0e-46ef-94f4-71b7ec4ffb0e:192.168.157.245:35520] returns group-86EC0BBAE070:java.util.concurrent.CompletableFuture@1a192f9[Not completed]
2019-08-07 03:48:19,234 INFO  impl.RaftServerImpl (RaftServerImpl.java:<init>(93)) - 084644e9-8d0e-46ef-94f4-71b7ec4ffb0e: new RaftServerImpl for group-86EC0BBAE070:[084644e9-8d0e-46ef-94f4-71b7ec4ffb0e:192.168.157.245:35520] with ContainerStateMachine:uninitialized
2019-08-07 03:48:19,234 INFO  server.RaftServerConfigKeys (ConfUtils.java:logGet(43)) - raft.server.rpc.timeout.min = 5s (custom)
2019-08-07 03:48:19,234 INFO  server.RaftServerConfigKeys (ConfUtils.java:logGet(43)) - raft.server.rpc.timeout.max = 5200ms (custom)
2019-08-07 03:48:19,235 INFO  server.RaftServerConfigKeys (ConfUtils.java:logGet(43)) - raft.server.rpcslowness.timeout = 120s (custom)
2019-08-07 03:48:19,235 INFO  server.RaftServerConfigKeys (ConfUtils.java:logGet(43)) - raft.server.sleep.deviation.threshold = 300 (default)
2019-08-07 03:48:19,235 INFO  server.RaftServerConfigKeys (ConfUtils.java:logGet(43)) - raft.server.log.appender.install.snapshot.enabled = false (custom)
2019-08-07 03:48:19,235 INFO  impl.RaftServerImpl (ServerState.java:<init>(105)) - 084644e9-8d0e-46ef-94f4-71b7ec4ffb0e:group-86EC0BBAE070 ConfigurationManager, init=-1: [084644e9-8d0e-46ef-94f4-71b7ec4ffb0e:192.168.157.245:35520], old=null, confs=<EMPTY_MAP>
2019-08-07 03:48:19,235 INFO  server.RaftServerConfigKeys (ConfUtils.java:logGet(43)) - raft.server.storage.dir = [/workdir/hadoop-ozone/integration-test/target/test-dir/MiniOzoneClusterImpl-13422be5-0f54-42a0-8685-8e8a9f9c51cc/datanode-3/data/ratis] (custom)
2019-08-07 03:48:19,236 INFO  storage.RaftStorageDirectory (RaftStorageDirectory.java:analyzeStorage(246)) - The storage directory /workdir/hadoop-ozone/integration-test/target/test-dir/MiniOzoneClusterImpl-13422be5-0f54-42a0-8685-8e8a9f9c51cc/datanode-3/data/ratis/d5a32a6d-b36f-4b2c-8a1e-86ec0bbae070 does not exist. Creating ...
2019-08-07 03:48:19,249 INFO  storage.RaftStorageDirectory (RaftStorageDirectory.java:tryLock(328)) - Lock on /workdir/hadoop-ozone/integration-test/target/test-dir/MiniOzoneClusterImpl-13422be5-0f54-42a0-8685-8e8a9f9c51cc/datanode-3/data/ratis/d5a32a6d-b36f-4b2c-8a1e-86ec0bbae070/in_use.lock acquired by nodename 28933@byscane-nightly-ds7lx-2296511547
2019-08-07 03:48:19,262 INFO  storage.RaftStorage (RaftStorage.java:format(72)) - Storage directory /workdir/hadoop-ozone/integration-test/target/test-dir/MiniOzoneClusterImpl-13422be5-0f54-42a0-8685-8e8a9f9c51cc/datanode-3/data/ratis/d5a32a6d-b36f-4b2c-8a1e-86ec0bbae070 has been successfully formatted.
2019-08-07 03:48:19,263 INFO  ratis.ContainerStateMachine (ContainerStateMachine.java:loadSnapshot(213)) - group-86EC0BBAE070: The snapshot info is null. Setting the last applied indexto:(t:0, i:~)
2019-08-07 03:48:19,263 INFO  server.RaftServerConfigKeys (ConfUtils.java:logGet(43)) - raft.server.leader.election.timeout = 120s (custom)
2019-08-07 03:48:19,263 INFO  server.RaftServerConfigKeys (ConfUtils.java:logGet(43)) - raft.server.log.use.memory = false (default)
2019-08-07 03:48:19,263 INFO  server.RaftServerConfigKeys (ConfUtils.java:logGet(43)) - raft.server.log.purge.gap = 1000000000 (custom)
2019-08-07 03:48:19,263 INFO  server.RaftServerConfigKeys (ConfUtils.java:logGet(43)) - raft.server.log.appender.buffer.byte-limit = 33554432 (custom)
2019-08-07 03:48:19,264 INFO  server.RaftServerConfigKeys (ConfUtils.java:logGet(43)) - raft.server.log.segment.size.max = 1048576 (custom)
2019-08-07 03:48:19,264 INFO  server.RaftServerConfigKeys (ConfUtils.java:logGet(43)) - raft.server.log.segment.cache.num.max = 2 (custom)
2019-08-07 03:48:19,264 INFO  segmented.SegmentedRaftLogWorker (SegmentedRaftLogWorker.java:<init>(172)) - new 084644e9-8d0e-46ef-94f4-71b7ec4ffb0e-SegmentedRaftLogWorker:Storage Directory /workdir/hadoop-ozone/integration-test/target/test-dir/MiniOzoneClusterImpl-13422be5-0f54-42a0-8685-8e8a9f9c51cc/datanode-3/data/ratis/d5a32a6d-b36f-4b2c-8a1e-86ec0bbae070 for RaftStorage:Storage Directory /workdir/hadoop-ozone/integration-test/target/test-dir/MiniOzoneClusterImpl-13422be5-0f54-42a0-8685-8e8a9f9c51cc/datanode-3/data/ratis/d5a32a6d-b36f-4b2c-8a1e-86ec0bbae070
2019-08-07 03:48:19,264 INFO  server.RaftServerConfigKeys (ConfUtils.java:logGet(43)) - raft.server.log.queue.byte-limit = 2147483647 (custom)
2019-08-07 03:48:19,265 INFO  server.RaftServerConfigKeys (ConfUtils.java:logGet(43)) - raft.server.log.queue.element-limit = 1024 (custom)
2019-08-07 03:48:19,265 INFO  server.RaftServerConfigKeys (ConfUtils.java:logGet(43)) - raft.server.log.segment.size.max = 1048576 (custom)
2019-08-07 03:48:19,265 INFO  server.RaftServerConfigKeys (ConfUtils.java:logGet(43)) - raft.server.log.preallocated.size = 16384 (custom)
2019-08-07 03:48:19,265 INFO  server.RaftServerConfigKeys (ConfUtils.java:logGet(43)) - raft.server.log.write.buffer.size = 33554432 (custom)
2019-08-07 03:48:19,266 INFO  server.RaftServerConfigKeys (ConfUtils.java:logGet(43)) - raft.server.log.force.sync.num = 128 (default)
2019-08-07 03:48:19,266 INFO  server.RaftServerConfigKeys (ConfUtils.java:logGet(43)) - raft.server.log.statemachine.data.sync = true (default)
2019-08-07 03:48:19,266 INFO  server.RaftServerConfigKeys (ConfUtils.java:logGet(43)) - raft.server.log.statemachine.data.sync.timeout = 10s (default)
2019-08-07 03:48:19,266 INFO  server.RaftServerConfigKeys (ConfUtils.java:logGet(43)) - raft.server.log.statemachine.data.sync.timeout.retry = -1 (default)
2019-08-07 03:48:19,267 INFO  server.RaftServerConfigKeys (ConfUtils.java:logGet(43)) - raft.server.log.statemachine.data.caching.enabled = true (custom)
2019-08-07 03:48:19,267 INFO  segmented.SegmentedRaftLogWorker (SegmentedRaftLogWorker.java:lambda$new$0(132)) - 084644e9-8d0e-46ef-94f4-71b7ec4ffb0e-SegmentedRaftLogWorker:Storage Directory /workdir/hadoop-ozone/integration-test/target/test-dir/MiniOzoneClusterImpl-13422be5-0f54-42a0-8685-8e8a9f9c51cc/datanode-3/data/ratis/d5a32a6d-b36f-4b2c-8a1e-86ec0bbae070: flushIndex: setUnconditionally 0 -> -1
2019-08-07 03:48:19,267 INFO  server.RaftServerConfigKeys (ConfUtils.java:logGet(43)) - raft.server.snapshot.auto.trigger.enabled = true (custom)
2019-08-07 03:48:19,268 INFO  server.RaftServerConfigKeys (ConfUtils.java:logGet(43)) - raft.server.snapshot.auto.trigger.threshold = 10000 (custom)
2019-08-07 03:48:19,268 INFO  server.RaftServerConfigKeys (ConfUtils.java:logGet(43)) - raft.server.retrycache.expirytime = 600000ms (custom)
2019-08-07 03:48:19,268 INFO  impl.RaftServerImpl (RaftServerImpl.java:start(180)) - 084644e9-8d0e-46ef-94f4-71b7ec4ffb0e: start group-86EC0BBAE070
2019-08-07 03:48:19,268 INFO  impl.RaftServerImpl (RaftServerImpl.java:setRole(171)) - 084644e9-8d0e-46ef-94f4-71b7ec4ffb0e:group-86EC0BBAE070 changes role from null to FOLLOWER at term 0 for startAsFollower
2019-08-07 03:48:19,269 INFO  impl.RoleInfo (RoleInfo.java:updateAndGet(143)) - 084644e9-8d0e-46ef-94f4-71b7ec4ffb0e: start FollowerState
2019-08-07 03:48:19,269 INFO  util.JmxRegister (JmxRegister.java:tryRegister(44)) - Successfully registered JMX Bean with object name Ratis:service=RaftServer,group=group-86EC0BBAE070,id=084644e9-8d0e-46ef-94f4-71b7ec4ffb0e
2019-08-07 03:48:19,272 INFO  pipeline.PipelineStateManager (PipelineStateManager.java:addPipeline(56)) - Created pipeline Pipeline[ Id: d5a32a6d-b36f-4b2c-8a1e-86ec0bbae070, Nodes: 084644e9-8d0e-46ef-94f4-71b7ec4ffb0e{ip: 192.168.157.245, host: byscane-nightly-ds7lx-2296511547, networkLocation: /default-rack, certSerialId: null}, Type:RATIS, Factor:ONE, State:OPEN]
2019-08-07 03:48:19,529 INFO  net.NetworkTopology (NetworkTopologyImpl.java:add(110)) - Added a new node: /default-rack/ead1c4ed-749c-44c7-b9cd-44af1bc78f5d
2019-08-07 03:48:19,529 INFO  node.SCMNodeManager (SCMNodeManager.java:register(273)) - Registered Data node : ead1c4ed-749c-44c7-b9cd-44af1bc78f5d{ip: 192.168.157.245, host: byscane-nightly-ds7lx-2296511547, networkLocation: /default-rack, certSerialId: null}
2019-08-07 03:48:19,543 INFO  impl.RaftServerProxy (RaftServerProxy.java:addNew(89)) - ead1c4ed-749c-44c7-b9cd-44af1bc78f5d: addNew group-AE41E92D986B:[ead1c4ed-749c-44c7-b9cd-44af1bc78f5d:192.168.157.245:35660] returns group-AE41E92D986B:java.util.concurrent.CompletableFuture@2c1748cf[Not completed]
2019-08-07 03:48:19,550 INFO  impl.RaftServerImpl (RaftServerImpl.java:<init>(93)) - ead1c4ed-749c-44c7-b9cd-44af1bc78f5d: new RaftServerImpl for group-AE41E92D986B:[ead1c4ed-749c-44c7-b9cd-44af1bc78f5d:192.168.157.245:35660] with ContainerStateMachine:uninitialized
2019-08-07 03:48:19,550 INFO  server.RaftServerConfigKeys (ConfUtils.java:logGet(43)) - raft.server.rpc.timeout.min = 5s (custom)
2019-08-07 03:48:19,550 INFO  server.RaftServerConfigKeys (ConfUtils.java:logGet(43)) - raft.server.rpc.timeout.max = 5200ms (custom)
2019-08-07 03:48:19,551 INFO  server.RaftServerConfigKeys (ConfUtils.java:logGet(43)) - raft.server.rpcslowness.timeout = 120s (custom)
2019-08-07 03:48:19,551 INFO  server.RaftServerConfigKeys (ConfUtils.java:logGet(43)) - raft.server.sleep.deviation.threshold = 300 (default)
2019-08-07 03:48:19,551 INFO  server.RaftServerConfigKeys (ConfUtils.java:logGet(43)) - raft.server.log.appender.install.snapshot.enabled = false (custom)
2019-08-07 03:48:19,551 INFO  impl.RaftServerImpl (ServerState.java:<init>(105)) - ead1c4ed-749c-44c7-b9cd-44af1bc78f5d:group-AE41E92D986B ConfigurationManager, init=-1: [ead1c4ed-749c-44c7-b9cd-44af1bc78f5d:192.168.157.245:35660], old=null, confs=<EMPTY_MAP>
2019-08-07 03:48:19,551 INFO  server.RaftServerConfigKeys (ConfUtils.java:logGet(43)) - raft.server.storage.dir = [/workdir/hadoop-ozone/integration-test/target/test-dir/MiniOzoneClusterImpl-13422be5-0f54-42a0-8685-8e8a9f9c51cc/datanode-4/data/ratis] (custom)
2019-08-07 03:48:19,552 INFO  storage.RaftStorageDirectory (RaftStorageDirectory.java:analyzeStorage(246)) - The storage directory /workdir/hadoop-ozone/integration-test/target/test-dir/MiniOzoneClusterImpl-13422be5-0f54-42a0-8685-8e8a9f9c51cc/datanode-4/data/ratis/7eeacc80-a395-4dfe-bb36-ae41e92d986b does not exist. Creating ...
2019-08-07 03:48:19,565 INFO  storage.RaftStorageDirectory (RaftStorageDirectory.java:tryLock(328)) - Lock on /workdir/hadoop-ozone/integration-test/target/test-dir/MiniOzoneClusterImpl-13422be5-0f54-42a0-8685-8e8a9f9c51cc/datanode-4/data/ratis/7eeacc80-a395-4dfe-bb36-ae41e92d986b/in_use.lock acquired by nodename 28933@byscane-nightly-ds7lx-2296511547
2019-08-07 03:48:19,579 INFO  storage.RaftStorage (RaftStorage.java:format(72)) - Storage directory /workdir/hadoop-ozone/integration-test/target/test-dir/MiniOzoneClusterImpl-13422be5-0f54-42a0-8685-8e8a9f9c51cc/datanode-4/data/ratis/7eeacc80-a395-4dfe-bb36-ae41e92d986b has been successfully formatted.
2019-08-07 03:48:19,580 INFO  ratis.ContainerStateMachine (ContainerStateMachine.java:loadSnapshot(213)) - group-AE41E92D986B: The snapshot info is null. Setting the last applied indexto:(t:0, i:~)
2019-08-07 03:48:19,580 INFO  server.RaftServerConfigKeys (ConfUtils.java:logGet(43)) - raft.server.leader.election.timeout = 120s (custom)
2019-08-07 03:48:19,580 INFO  server.RaftServerConfigKeys (ConfUtils.java:logGet(43)) - raft.server.log.use.memory = false (default)
2019-08-07 03:48:19,580 INFO  server.RaftServerConfigKeys (ConfUtils.java:logGet(43)) - raft.server.log.purge.gap = 1000000000 (custom)
2019-08-07 03:48:19,580 INFO  server.RaftServerConfigKeys (ConfUtils.java:logGet(43)) - raft.server.log.appender.buffer.byte-limit = 33554432 (custom)
2019-08-07 03:48:19,580 INFO  server.RaftServerConfigKeys (ConfUtils.java:logGet(43)) - raft.server.log.segment.size.max = 1048576 (custom)
2019-08-07 03:48:19,581 INFO  server.RaftServerConfigKeys (ConfUtils.java:logGet(43)) - raft.server.log.segment.cache.num.max = 2 (custom)
2019-08-07 03:48:19,581 INFO  segmented.SegmentedRaftLogWorker (SegmentedRaftLogWorker.java:<init>(172)) - new ead1c4ed-749c-44c7-b9cd-44af1bc78f5d-SegmentedRaftLogWorker:Storage Directory /workdir/hadoop-ozone/integration-test/target/test-dir/MiniOzoneClusterImpl-13422be5-0f54-42a0-8685-8e8a9f9c51cc/datanode-4/data/ratis/7eeacc80-a395-4dfe-bb36-ae41e92d986b for RaftStorage:Storage Directory /workdir/hadoop-ozone/integration-test/target/test-dir/MiniOzoneClusterImpl-13422be5-0f54-42a0-8685-8e8a9f9c51cc/datanode-4/data/ratis/7eeacc80-a395-4dfe-bb36-ae41e92d986b
2019-08-07 03:48:19,581 INFO  server.RaftServerConfigKeys (ConfUtils.java:logGet(43)) - raft.server.log.queue.byte-limit = 2147483647 (custom)
2019-08-07 03:48:19,581 INFO  server.RaftServerConfigKeys (ConfUtils.java:logGet(43)) - raft.server.log.queue.element-limit = 1024 (custom)
2019-08-07 03:48:19,582 INFO  server.RaftServerConfigKeys (ConfUtils.java:logGet(43)) - raft.server.log.segment.size.max = 1048576 (custom)
2019-08-07 03:48:19,582 INFO  server.RaftServerConfigKeys (ConfUtils.java:logGet(43)) - raft.server.log.preallocated.size = 16384 (custom)
2019-08-07 03:48:19,582 INFO  server.RaftServerConfigKeys (ConfUtils.java:logGet(43)) - raft.server.log.write.buffer.size = 33554432 (custom)
2019-08-07 03:48:19,582 INFO  server.RaftServerConfigKeys (ConfUtils.java:logGet(43)) - raft.server.log.force.sync.num = 128 (default)
2019-08-07 03:48:19,582 INFO  server.RaftServerConfigKeys (ConfUtils.java:logGet(43)) - raft.server.log.statemachine.data.sync = true (default)
2019-08-07 03:48:19,582 INFO  server.RaftServerConfigKeys (ConfUtils.java:logGet(43)) - raft.server.log.statemachine.data.sync.timeout = 10s (default)
2019-08-07 03:48:19,583 INFO  server.RaftServerConfigKeys (ConfUtils.java:logGet(43)) - raft.server.log.statemachine.data.sync.timeout.retry = -1 (default)
2019-08-07 03:48:19,583 INFO  server.RaftServerConfigKeys (ConfUtils.java:logGet(43)) - raft.server.log.statemachine.data.caching.enabled = true (custom)
2019-08-07 03:48:19,583 INFO  segmented.SegmentedRaftLogWorker (SegmentedRaftLogWorker.java:lambda$new$0(132)) - ead1c4ed-749c-44c7-b9cd-44af1bc78f5d-SegmentedRaftLogWorker:Storage Directory /workdir/hadoop-ozone/integration-test/target/test-dir/MiniOzoneClusterImpl-13422be5-0f54-42a0-8685-8e8a9f9c51cc/datanode-4/data/ratis/7eeacc80-a395-4dfe-bb36-ae41e92d986b: flushIndex: setUnconditionally 0 -> -1
2019-08-07 03:48:19,584 INFO  server.RaftServerConfigKeys (ConfUtils.java:logGet(43)) - raft.server.snapshot.auto.trigger.enabled = true (custom)
2019-08-07 03:48:19,584 INFO  server.RaftServerConfigKeys (ConfUtils.java:logGet(43)) - raft.server.snapshot.auto.trigger.threshold = 10000 (custom)
2019-08-07 03:48:19,584 INFO  server.RaftServerConfigKeys (ConfUtils.java:logGet(43)) - raft.server.retrycache.expirytime = 600000ms (custom)
2019-08-07 03:48:19,584 INFO  impl.RaftServerImpl (RaftServerImpl.java:start(180)) - ead1c4ed-749c-44c7-b9cd-44af1bc78f5d: start group-AE41E92D986B
2019-08-07 03:48:19,584 INFO  impl.RaftServerImpl (RaftServerImpl.java:setRole(171)) - ead1c4ed-749c-44c7-b9cd-44af1bc78f5d:group-AE41E92D986B changes role from null to FOLLOWER at term 0 for startAsFollower
2019-08-07 03:48:19,585 INFO  impl.RoleInfo (RoleInfo.java:updateAndGet(143)) - ead1c4ed-749c-44c7-b9cd-44af1bc78f5d: start FollowerState
2019-08-07 03:48:19,585 INFO  util.JmxRegister (JmxRegister.java:tryRegister(44)) - Successfully registered JMX Bean with object name Ratis:service=RaftServer,group=group-AE41E92D986B,id=ead1c4ed-749c-44c7-b9cd-44af1bc78f5d
2019-08-07 03:48:19,588 INFO  pipeline.PipelineStateManager (PipelineStateManager.java:addPipeline(56)) - Created pipeline Pipeline[ Id: 7eeacc80-a395-4dfe-bb36-ae41e92d986b, Nodes: ead1c4ed-749c-44c7-b9cd-44af1bc78f5d{ip: 192.168.157.245, host: byscane-nightly-ds7lx-2296511547, networkLocation: /default-rack, certSerialId: null}, Type:RATIS, Factor:ONE, State:OPEN]
2019-08-07 03:48:19,770 INFO  net.NetworkTopology (NetworkTopologyImpl.java:add(110)) - Added a new node: /default-rack/b911820e-b08c-4e4e-a398-345134e61fee
2019-08-07 03:48:19,770 INFO  node.SCMNodeManager (SCMNodeManager.java:register(273)) - Registered Data node : b911820e-b08c-4e4e-a398-345134e61fee{ip: 192.168.157.245, host: byscane-nightly-ds7lx-2296511547, networkLocation: /default-rack, certSerialId: null}
2019-08-07 03:48:19,781 INFO  impl.RaftServerProxy (RaftServerProxy.java:addNew(89)) - b911820e-b08c-4e4e-a398-345134e61fee: addNew group-0625C8878656:[b911820e-b08c-4e4e-a398-345134e61fee:192.168.157.245:46541] returns group-0625C8878656:java.util.concurrent.CompletableFuture@54aa687b[Not completed]
2019-08-07 03:48:19,788 INFO  impl.RaftServerImpl (RaftServerImpl.java:<init>(93)) - b911820e-b08c-4e4e-a398-345134e61fee: new RaftServerImpl for group-0625C8878656:[b911820e-b08c-4e4e-a398-345134e61fee:192.168.157.245:46541] with ContainerStateMachine:uninitialized
2019-08-07 03:48:19,788 INFO  server.RaftServerConfigKeys (ConfUtils.java:logGet(43)) - raft.server.rpc.timeout.min = 5s (custom)
2019-08-07 03:48:19,788 INFO  server.RaftServerConfigKeys (ConfUtils.java:logGet(43)) - raft.server.rpc.timeout.max = 5200ms (custom)
2019-08-07 03:48:19,788 INFO  server.RaftServerConfigKeys (ConfUtils.java:logGet(43)) - raft.server.rpcslowness.timeout = 120s (custom)
2019-08-07 03:48:19,788 INFO  server.RaftServerConfigKeys (ConfUtils.java:logGet(43)) - raft.server.sleep.deviation.threshold = 300 (default)
2019-08-07 03:48:19,789 INFO  server.RaftServerConfigKeys (ConfUtils.java:logGet(43)) - raft.server.log.appender.install.snapshot.enabled = false (custom)
2019-08-07 03:48:19,789 INFO  impl.RaftServerImpl (ServerState.java:<init>(105)) - b911820e-b08c-4e4e-a398-345134e61fee:group-0625C8878656 ConfigurationManager, init=-1: [b911820e-b08c-4e4e-a398-345134e61fee:192.168.157.245:46541], old=null, confs=<EMPTY_MAP>
2019-08-07 03:48:19,789 INFO  server.RaftServerConfigKeys (ConfUtils.java:logGet(43)) - raft.server.storage.dir = [/workdir/hadoop-ozone/integration-test/target/test-dir/MiniOzoneClusterImpl-13422be5-0f54-42a0-8685-8e8a9f9c51cc/datanode-5/data/ratis] (custom)
2019-08-07 03:48:19,789 INFO  storage.RaftStorageDirectory (RaftStorageDirectory.java:analyzeStorage(246)) - The storage directory /workdir/hadoop-ozone/integration-test/target/test-dir/MiniOzoneClusterImpl-13422be5-0f54-42a0-8685-8e8a9f9c51cc/datanode-5/data/ratis/f0f2f31a-3644-4e2e-8d9a-0625c8878656 does not exist. Creating ...
2019-08-07 03:48:19,803 INFO  storage.RaftStorageDirectory (RaftStorageDirectory.java:tryLock(328)) - Lock on /workdir/hadoop-ozone/integration-test/target/test-dir/MiniOzoneClusterImpl-13422be5-0f54-42a0-8685-8e8a9f9c51cc/datanode-5/data/ratis/f0f2f31a-3644-4e2e-8d9a-0625c8878656/in_use.lock acquired by nodename 28933@byscane-nightly-ds7lx-2296511547
2019-08-07 03:48:19,816 INFO  storage.RaftStorage (RaftStorage.java:format(72)) - Storage directory /workdir/hadoop-ozone/integration-test/target/test-dir/MiniOzoneClusterImpl-13422be5-0f54-42a0-8685-8e8a9f9c51cc/datanode-5/data/ratis/f0f2f31a-3644-4e2e-8d9a-0625c8878656 has been successfully formatted.
2019-08-07 03:48:19,816 INFO  ratis.ContainerStateMachine (ContainerStateMachine.java:loadSnapshot(213)) - group-0625C8878656: The snapshot info is null. Setting the last applied indexto:(t:0, i:~)
2019-08-07 03:48:19,817 INFO  server.RaftServerConfigKeys (ConfUtils.java:logGet(43)) - raft.server.leader.election.timeout = 120s (custom)
2019-08-07 03:48:19,817 INFO  server.RaftServerConfigKeys (ConfUtils.java:logGet(43)) - raft.server.log.use.memory = false (default)
2019-08-07 03:48:19,817 INFO  server.RaftServerConfigKeys (ConfUtils.java:logGet(43)) - raft.server.log.purge.gap = 1000000000 (custom)
2019-08-07 03:48:19,817 INFO  server.RaftServerConfigKeys (ConfUtils.java:logGet(43)) - raft.server.log.appender.buffer.byte-limit = 33554432 (custom)
2019-08-07 03:48:19,817 INFO  server.RaftServerConfigKeys (ConfUtils.java:logGet(43)) - raft.server.log.segment.size.max = 1048576 (custom)
2019-08-07 03:48:19,817 INFO  server.RaftServerConfigKeys (ConfUtils.java:logGet(43)) - raft.server.log.segment.cache.num.max = 2 (custom)
2019-08-07 03:48:19,818 INFO  segmented.SegmentedRaftLogWorker (SegmentedRaftLogWorker.java:<init>(172)) - new b911820e-b08c-4e4e-a398-345134e61fee-SegmentedRaftLogWorker:Storage Directory /workdir/hadoop-ozone/integration-test/target/test-dir/MiniOzoneClusterImpl-13422be5-0f54-42a0-8685-8e8a9f9c51cc/datanode-5/data/ratis/f0f2f31a-3644-4e2e-8d9a-0625c8878656 for RaftStorage:Storage Directory /workdir/hadoop-ozone/integration-test/target/test-dir/MiniOzoneClusterImpl-13422be5-0f54-42a0-8685-8e8a9f9c51cc/datanode-5/data/ratis/f0f2f31a-3644-4e2e-8d9a-0625c8878656
2019-08-07 03:48:19,818 INFO  server.RaftServerConfigKeys (ConfUtils.java:logGet(43)) - raft.server.log.queue.byte-limit = 2147483647 (custom)
2019-08-07 03:48:19,818 INFO  server.RaftServerConfigKeys (ConfUtils.java:logGet(43)) - raft.server.log.queue.element-limit = 1024 (custom)
2019-08-07 03:48:19,818 INFO  server.RaftServerConfigKeys (ConfUtils.java:logGet(43)) - raft.server.log.segment.size.max = 1048576 (custom)
2019-08-07 03:48:19,818 INFO  server.RaftServerConfigKeys (ConfUtils.java:logGet(43)) - raft.server.log.preallocated.size = 16384 (custom)
2019-08-07 03:48:19,819 INFO  server.RaftServerConfigKeys (ConfUtils.java:logGet(43)) - raft.server.log.write.buffer.size = 33554432 (custom)
2019-08-07 03:48:19,819 INFO  server.RaftServerConfigKeys (ConfUtils.java:logGet(43)) - raft.server.log.force.sync.num = 128 (default)
2019-08-07 03:48:19,819 INFO  server.RaftServerConfigKeys (ConfUtils.java:logGet(43)) - raft.server.log.statemachine.data.sync = true (default)
2019-08-07 03:48:19,819 INFO  server.RaftServerConfigKeys (ConfUtils.java:logGet(43)) - raft.server.log.statemachine.data.sync.timeout = 10s (default)
2019-08-07 03:48:19,819 INFO  server.RaftServerConfigKeys (ConfUtils.java:logGet(43)) - raft.server.log.statemachine.data.sync.timeout.retry = -1 (default)
2019-08-07 03:48:19,820 INFO  server.RaftServerConfigKeys (ConfUtils.java:logGet(43)) - raft.server.log.statemachine.data.caching.enabled = true (custom)
2019-08-07 03:48:19,820 INFO  segmented.SegmentedRaftLogWorker (SegmentedRaftLogWorker.java:lambda$new$0(132)) - b911820e-b08c-4e4e-a398-345134e61fee-SegmentedRaftLogWorker:Storage Directory /workdir/hadoop-ozone/integration-test/target/test-dir/MiniOzoneClusterImpl-13422be5-0f54-42a0-8685-8e8a9f9c51cc/datanode-5/data/ratis/f0f2f31a-3644-4e2e-8d9a-0625c8878656: flushIndex: setUnconditionally 0 -> -1
2019-08-07 03:48:19,820 INFO  server.RaftServerConfigKeys (ConfUtils.java:logGet(43)) - raft.server.snapshot.auto.trigger.enabled = true (custom)
2019-08-07 03:48:19,820 INFO  server.RaftServerConfigKeys (ConfUtils.java:logGet(43)) - raft.server.snapshot.auto.trigger.threshold = 10000 (custom)
2019-08-07 03:48:19,821 INFO  server.RaftServerConfigKeys (ConfUtils.java:logGet(43)) - raft.server.retrycache.expirytime = 600000ms (custom)
2019-08-07 03:48:19,821 INFO  impl.RaftServerImpl (RaftServerImpl.java:start(180)) - b911820e-b08c-4e4e-a398-345134e61fee: start group-0625C8878656
2019-08-07 03:48:19,821 INFO  impl.RaftServerImpl (RaftServerImpl.java:setRole(171)) - b911820e-b08c-4e4e-a398-345134e61fee:group-0625C8878656 changes role from null to FOLLOWER at term 0 for startAsFollower
2019-08-07 03:48:19,821 INFO  impl.RoleInfo (RoleInfo.java:updateAndGet(143)) - b911820e-b08c-4e4e-a398-345134e61fee: start FollowerState
2019-08-07 03:48:19,822 INFO  util.JmxRegister (JmxRegister.java:tryRegister(44)) - Successfully registered JMX Bean with object name Ratis:service=RaftServer,group=group-0625C8878656,id=b911820e-b08c-4e4e-a398-345134e61fee
2019-08-07 03:48:19,825 INFO  pipeline.PipelineStateManager (PipelineStateManager.java:addPipeline(56)) - Created pipeline Pipeline[ Id: f0f2f31a-3644-4e2e-8d9a-0625c8878656, Nodes: b911820e-b08c-4e4e-a398-345134e61fee{ip: 192.168.157.245, host: byscane-nightly-ds7lx-2296511547, networkLocation: /default-rack, certSerialId: null}, Type:RATIS, Factor:ONE, State:OPEN]
2019-08-07 03:48:19,840 INFO  impl.RaftServerProxy (RaftServerProxy.java:addNew(89)) - ead1c4ed-749c-44c7-b9cd-44af1bc78f5d: addNew group-13E49C4CFC01:[ead1c4ed-749c-44c7-b9cd-44af1bc78f5d:192.168.157.245:35660, 084644e9-8d0e-46ef-94f4-71b7ec4ffb0e:192.168.157.245:35520, b911820e-b08c-4e4e-a398-345134e61fee:192.168.157.245:46541] returns group-13E49C4CFC01:java.util.concurrent.CompletableFuture@7dc7a3e0[Not completed]
2019-08-07 03:48:19,840 INFO  impl.RaftServerProxy (RaftServerProxy.java:addNew(89)) - 084644e9-8d0e-46ef-94f4-71b7ec4ffb0e: addNew group-13E49C4CFC01:[ead1c4ed-749c-44c7-b9cd-44af1bc78f5d:192.168.157.245:35660, 084644e9-8d0e-46ef-94f4-71b7ec4ffb0e:192.168.157.245:35520, b911820e-b08c-4e4e-a398-345134e61fee:192.168.157.245:46541] returns group-13E49C4CFC01:java.util.concurrent.CompletableFuture@4e0b21d3[Not completed]
2019-08-07 03:48:19,840 INFO  impl.RaftServerProxy (RaftServerProxy.java:addNew(89)) - b911820e-b08c-4e4e-a398-345134e61fee: addNew group-13E49C4CFC01:[ead1c4ed-749c-44c7-b9cd-44af1bc78f5d:192.168.157.245:35660, 084644e9-8d0e-46ef-94f4-71b7ec4ffb0e:192.168.157.245:35520, b911820e-b08c-4e4e-a398-345134e61fee:192.168.157.245:46541] returns group-13E49C4CFC01:java.util.concurrent.CompletableFuture@20e69e3[Not completed]
2019-08-07 03:48:19,842 INFO  impl.RaftServerImpl (RaftServerImpl.java:<init>(93)) - ead1c4ed-749c-44c7-b9cd-44af1bc78f5d: new RaftServerImpl for group-13E49C4CFC01:[ead1c4ed-749c-44c7-b9cd-44af1bc78f5d:192.168.157.245:35660, 084644e9-8d0e-46ef-94f4-71b7ec4ffb0e:192.168.157.245:35520, b911820e-b08c-4e4e-a398-345134e61fee:192.168.157.245:46541] with ContainerStateMachine:uninitialized
2019-08-07 03:48:19,842 INFO  server.RaftServerConfigKeys (ConfUtils.java:logGet(43)) - raft.server.rpc.timeout.min = 5s (custom)
2019-08-07 03:48:19,843 INFO  server.RaftServerConfigKeys (ConfUtils.java:logGet(43)) - raft.server.rpc.timeout.max = 5200ms (custom)
2019-08-07 03:48:19,843 INFO  server.RaftServerConfigKeys (ConfUtils.java:logGet(43)) - raft.server.rpcslowness.timeout = 120s (custom)
2019-08-07 03:48:19,843 INFO  impl.RaftServerImpl (RaftServerImpl.java:<init>(93)) - b911820e-b08c-4e4e-a398-345134e61fee: new RaftServerImpl for group-13E49C4CFC01:[ead1c4ed-749c-44c7-b9cd-44af1bc78f5d:192.168.157.245:35660, 084644e9-8d0e-46ef-94f4-71b7ec4ffb0e:192.168.157.245:35520, b911820e-b08c-4e4e-a398-345134e61fee:192.168.157.245:46541] with ContainerStateMachine:uninitialized
2019-08-07 03:48:19,843 INFO  server.RaftServerConfigKeys (ConfUtils.java:logGet(43)) - raft.server.sleep.deviation.threshold = 300 (default)
2019-08-07 03:48:19,843 INFO  server.RaftServerConfigKeys (ConfUtils.java:logGet(43)) - raft.server.rpc.timeout.min = 5s (custom)
2019-08-07 03:48:19,843 INFO  server.RaftServerConfigKeys (ConfUtils.java:logGet(43)) - raft.server.log.appender.install.snapshot.enabled = false (custom)
2019-08-07 03:48:19,843 INFO  server.RaftServerConfigKeys (ConfUtils.java:logGet(43)) - raft.server.rpc.timeout.max = 5200ms (custom)
2019-08-07 03:48:19,844 INFO  impl.RaftServerImpl (ServerState.java:<init>(105)) - ead1c4ed-749c-44c7-b9cd-44af1bc78f5d:group-13E49C4CFC01 ConfigurationManager, init=-1: [ead1c4ed-749c-44c7-b9cd-44af1bc78f5d:192.168.157.245:35660, 084644e9-8d0e-46ef-94f4-71b7ec4ffb0e:192.168.157.245:35520, b911820e-b08c-4e4e-a398-345134e61fee:192.168.157.245:46541], old=null, confs=<EMPTY_MAP>
2019-08-07 03:48:19,844 INFO  impl.RaftServerImpl (RaftServerImpl.java:<init>(93)) - 084644e9-8d0e-46ef-94f4-71b7ec4ffb0e: new RaftServerImpl for group-13E49C4CFC01:[ead1c4ed-749c-44c7-b9cd-44af1bc78f5d:192.168.157.245:35660, 084644e9-8d0e-46ef-94f4-71b7ec4ffb0e:192.168.157.245:35520, b911820e-b08c-4e4e-a398-345134e61fee:192.168.157.245:46541] with ContainerStateMachine:uninitialized
2019-08-07 03:48:19,844 INFO  server.RaftServerConfigKeys (ConfUtils.java:logGet(43)) - raft.server.rpcslowness.timeout = 120s (custom)
2019-08-07 03:48:19,844 INFO  server.RaftServerConfigKeys (ConfUtils.java:logGet(43)) - raft.server.storage.dir = [/workdir/hadoop-ozone/integration-test/target/test-dir/MiniOzoneClusterImpl-13422be5-0f54-42a0-8685-8e8a9f9c51cc/datanode-4/data/ratis] (custom)
2019-08-07 03:48:19,844 INFO  server.RaftServerConfigKeys (ConfUtils.java:logGet(43)) - raft.server.rpc.timeout.min = 5s (custom)
2019-08-07 03:48:19,844 INFO  server.RaftServerConfigKeys (ConfUtils.java:logGet(43)) - raft.server.sleep.deviation.threshold = 300 (default)
2019-08-07 03:48:19,845 INFO  server.RaftServerConfigKeys (ConfUtils.java:logGet(43)) - raft.server.rpc.timeout.max = 5200ms (custom)
2019-08-07 03:48:19,845 INFO  storage.RaftStorageDirectory (RaftStorageDirectory.java:analyzeStorage(246)) - The storage directory /workdir/hadoop-ozone/integration-test/target/test-dir/MiniOzoneClusterImpl-13422be5-0f54-42a0-8685-8e8a9f9c51cc/datanode-4/data/ratis/3d17a2ef-6e90-4e31-80ed-13e49c4cfc01 does not exist. Creating ...
2019-08-07 03:48:19,845 INFO  server.RaftServerConfigKeys (ConfUtils.java:logGet(43)) - raft.server.log.appender.install.snapshot.enabled = false (custom)
2019-08-07 03:48:19,845 INFO  server.RaftServerConfigKeys (ConfUtils.java:logGet(43)) - raft.server.rpcslowness.timeout = 120s (custom)
2019-08-07 03:48:19,845 INFO  impl.RaftServerImpl (ServerState.java:<init>(105)) - b911820e-b08c-4e4e-a398-345134e61fee:group-13E49C4CFC01 ConfigurationManager, init=-1: [ead1c4ed-749c-44c7-b9cd-44af1bc78f5d:192.168.157.245:35660, 084644e9-8d0e-46ef-94f4-71b7ec4ffb0e:192.168.157.245:35520, b911820e-b08c-4e4e-a398-345134e61fee:192.168.157.245:46541], old=null, confs=<EMPTY_MAP>
2019-08-07 03:48:19,845 INFO  server.RaftServerConfigKeys (ConfUtils.java:logGet(43)) - raft.server.sleep.deviation.threshold = 300 (default)
2019-08-07 03:48:19,846 INFO  server.RaftServerConfigKeys (ConfUtils.java:logGet(43)) - raft.server.storage.dir = [/workdir/hadoop-ozone/integration-test/target/test-dir/MiniOzoneClusterImpl-13422be5-0f54-42a0-8685-8e8a9f9c51cc/datanode-5/data/ratis] (custom)
2019-08-07 03:48:19,846 INFO  server.RaftServerConfigKeys (ConfUtils.java:logGet(43)) - raft.server.log.appender.install.snapshot.enabled = false (custom)
2019-08-07 03:48:19,846 INFO  impl.RaftServerImpl (ServerState.java:<init>(105)) - 084644e9-8d0e-46ef-94f4-71b7ec4ffb0e:group-13E49C4CFC01 ConfigurationManager, init=-1: [ead1c4ed-749c-44c7-b9cd-44af1bc78f5d:192.168.157.245:35660, 084644e9-8d0e-46ef-94f4-71b7ec4ffb0e:192.168.157.245:35520, b911820e-b08c-4e4e-a398-345134e61fee:192.168.157.245:46541], old=null, confs=<EMPTY_MAP>
2019-08-07 03:48:19,846 INFO  storage.RaftStorageDirectory (RaftStorageDirectory.java:analyzeStorage(246)) - The storage directory /workdir/hadoop-ozone/integration-test/target/test-dir/MiniOzoneClusterImpl-13422be5-0f54-42a0-8685-8e8a9f9c51cc/datanode-5/data/ratis/3d17a2ef-6e90-4e31-80ed-13e49c4cfc01 does not exist. Creating ...
2019-08-07 03:48:19,846 INFO  server.RaftServerConfigKeys (ConfUtils.java:logGet(43)) - raft.server.storage.dir = [/workdir/hadoop-ozone/integration-test/target/test-dir/MiniOzoneClusterImpl-13422be5-0f54-42a0-8685-8e8a9f9c51cc/datanode-3/data/ratis] (custom)
2019-08-07 03:48:19,847 INFO  storage.RaftStorageDirectory (RaftStorageDirectory.java:analyzeStorage(246)) - The storage directory /workdir/hadoop-ozone/integration-test/target/test-dir/MiniOzoneClusterImpl-13422be5-0f54-42a0-8685-8e8a9f9c51cc/datanode-3/data/ratis/3d17a2ef-6e90-4e31-80ed-13e49c4cfc01 does not exist. Creating ...
2019-08-07 03:48:19,859 INFO  storage.RaftStorageDirectory (RaftStorageDirectory.java:tryLock(328)) - Lock on /workdir/hadoop-ozone/integration-test/target/test-dir/MiniOzoneClusterImpl-13422be5-0f54-42a0-8685-8e8a9f9c51cc/datanode-4/data/ratis/3d17a2ef-6e90-4e31-80ed-13e49c4cfc01/in_use.lock acquired by nodename 28933@byscane-nightly-ds7lx-2296511547
2019-08-07 03:48:19,859 INFO  storage.RaftStorageDirectory (RaftStorageDirectory.java:tryLock(328)) - Lock on /workdir/hadoop-ozone/integration-test/target/test-dir/MiniOzoneClusterImpl-13422be5-0f54-42a0-8685-8e8a9f9c51cc/datanode-3/data/ratis/3d17a2ef-6e90-4e31-80ed-13e49c4cfc01/in_use.lock acquired by nodename 28933@byscane-nightly-ds7lx-2296511547
2019-08-07 03:48:19,859 INFO  storage.RaftStorageDirectory (RaftStorageDirectory.java:tryLock(328)) - Lock on /workdir/hadoop-ozone/integration-test/target/test-dir/MiniOzoneClusterImpl-13422be5-0f54-42a0-8685-8e8a9f9c51cc/datanode-5/data/ratis/3d17a2ef-6e90-4e31-80ed-13e49c4cfc01/in_use.lock acquired by nodename 28933@byscane-nightly-ds7lx-2296511547
2019-08-07 03:48:19,881 INFO  storage.RaftStorage (RaftStorage.java:format(72)) - Storage directory /workdir/hadoop-ozone/integration-test/target/test-dir/MiniOzoneClusterImpl-13422be5-0f54-42a0-8685-8e8a9f9c51cc/datanode-5/data/ratis/3d17a2ef-6e90-4e31-80ed-13e49c4cfc01 has been successfully formatted.
2019-08-07 03:48:19,881 INFO  storage.RaftStorage (RaftStorage.java:format(72)) - Storage directory /workdir/hadoop-ozone/integration-test/target/test-dir/MiniOzoneClusterImpl-13422be5-0f54-42a0-8685-8e8a9f9c51cc/datanode-3/data/ratis/3d17a2ef-6e90-4e31-80ed-13e49c4cfc01 has been successfully formatted.
2019-08-07 03:48:19,882 INFO  ratis.ContainerStateMachine (ContainerStateMachine.java:loadSnapshot(213)) - group-13E49C4CFC01: The snapshot info is null. Setting the last applied indexto:(t:0, i:~)
2019-08-07 03:48:19,881 INFO  storage.RaftStorage (RaftStorage.java:format(72)) - Storage directory /workdir/hadoop-ozone/integration-test/target/test-dir/MiniOzoneClusterImpl-13422be5-0f54-42a0-8685-8e8a9f9c51cc/datanode-4/data/ratis/3d17a2ef-6e90-4e31-80ed-13e49c4cfc01 has been successfully formatted.
2019-08-07 03:48:19,882 INFO  server.RaftServerConfigKeys (ConfUtils.java:logGet(43)) - raft.server.leader.election.timeout = 120s (custom)
2019-08-07 03:48:19,882 INFO  ratis.ContainerStateMachine (ContainerStateMachine.java:loadSnapshot(213)) - group-13E49C4CFC01: The snapshot info is null. Setting the last applied indexto:(t:0, i:~)
2019-08-07 03:48:19,882 INFO  server.RaftServerConfigKeys (ConfUtils.java:logGet(43)) - raft.server.log.use.memory = false (default)
2019-08-07 03:48:19,882 INFO  ratis.ContainerStateMachine (ContainerStateMachine.java:loadSnapshot(213)) - group-13E49C4CFC01: The snapshot info is null. Setting the last applied indexto:(t:0, i:~)
2019-08-07 03:48:19,882 INFO  server.RaftServerConfigKeys (ConfUtils.java:logGet(43)) - raft.server.log.purge.gap = 1000000000 (custom)
2019-08-07 03:48:19,882 INFO  server.RaftServerConfigKeys (ConfUtils.java:logGet(43)) - raft.server.leader.election.timeout = 120s (custom)
2019-08-07 03:48:19,883 INFO  server.RaftServerConfigKeys (ConfUtils.java:logGet(43)) - raft.server.log.appender.buffer.byte-limit = 33554432 (custom)
2019-08-07 03:48:19,883 INFO  server.RaftServerConfigKeys (ConfUtils.java:logGet(43)) - raft.server.leader.election.timeout = 120s (custom)
2019-08-07 03:48:19,883 INFO  server.RaftServerConfigKeys (ConfUtils.java:logGet(43)) - raft.server.log.segment.size.max = 1048576 (custom)
2019-08-07 03:48:19,883 INFO  server.RaftServerConfigKeys (ConfUtils.java:logGet(43)) - raft.server.log.use.memory = false (default)
2019-08-07 03:48:19,883 INFO  server.RaftServerConfigKeys (ConfUtils.java:logGet(43)) - raft.server.log.segment.cache.num.max = 2 (custom)
2019-08-07 03:48:19,883 INFO  segmented.SegmentedRaftLogWorker (SegmentedRaftLogWorker.java:<init>(172)) - new b911820e-b08c-4e4e-a398-345134e61fee-SegmentedRaftLogWorker:Storage Directory /workdir/hadoop-ozone/integration-test/target/test-dir/MiniOzoneClusterImpl-13422be5-0f54-42a0-8685-8e8a9f9c51cc/datanode-5/data/ratis/3d17a2ef-6e90-4e31-80ed-13e49c4cfc01 for RaftStorage:Storage Directory /workdir/hadoop-ozone/integration-test/target/test-dir/MiniOzoneClusterImpl-13422be5-0f54-42a0-8685-8e8a9f9c51cc/datanode-5/data/ratis/3d17a2ef-6e90-4e31-80ed-13e49c4cfc01
2019-08-07 03:48:19,883 INFO  server.RaftServerConfigKeys (ConfUtils.java:logGet(43)) - raft.server.log.use.memory = false (default)
2019-08-07 03:48:19,884 INFO  server.RaftServerConfigKeys (ConfUtils.java:logGet(43)) - raft.server.log.queue.byte-limit = 2147483647 (custom)
2019-08-07 03:48:19,883 INFO  server.RaftServerConfigKeys (ConfUtils.java:logGet(43)) - raft.server.log.purge.gap = 1000000000 (custom)
2019-08-07 03:48:19,884 INFO  server.RaftServerConfigKeys (ConfUtils.java:logGet(43)) - raft.server.log.queue.element-limit = 1024 (custom)
2019-08-07 03:48:19,884 INFO  server.RaftServerConfigKeys (ConfUtils.java:logGet(43)) - raft.server.log.purge.gap = 1000000000 (custom)
2019-08-07 03:48:19,884 INFO  server.RaftServerConfigKeys (ConfUtils.java:logGet(43)) - raft.server.log.segment.size.max = 1048576 (custom)
2019-08-07 03:48:19,884 INFO  server.RaftServerConfigKeys (ConfUtils.java:logGet(43)) - raft.server.log.appender.buffer.byte-limit = 33554432 (custom)
2019-08-07 03:48:19,884 INFO  server.RaftServerConfigKeys (ConfUtils.java:logGet(43)) - raft.server.log.preallocated.size = 16384 (custom)
2019-08-07 03:48:19,884 INFO  server.RaftServerConfigKeys (ConfUtils.java:logGet(43)) - raft.server.log.appender.buffer.byte-limit = 33554432 (custom)
2019-08-07 03:48:19,885 INFO  server.RaftServerConfigKeys (ConfUtils.java:logGet(43)) - raft.server.log.write.buffer.size = 33554432 (custom)
2019-08-07 03:48:19,885 INFO  server.RaftServerConfigKeys (ConfUtils.java:logGet(43)) - raft.server.log.segment.size.max = 1048576 (custom)
2019-08-07 03:48:19,885 INFO  server.RaftServerConfigKeys (ConfUtils.java:logGet(43)) - raft.server.log.force.sync.num = 128 (default)
2019-08-07 03:48:19,885 INFO  server.RaftServerConfigKeys (ConfUtils.java:logGet(43)) - raft.server.log.segment.size.max = 1048576 (custom)
2019-08-07 03:48:19,885 INFO  server.RaftServerConfigKeys (ConfUtils.java:logGet(43)) - raft.server.log.statemachine.data.sync = true (default)
2019-08-07 03:48:19,885 INFO  server.RaftServerConfigKeys (ConfUtils.java:logGet(43)) - raft.server.log.segment.cache.num.max = 2 (custom)
2019-08-07 03:48:19,886 INFO  server.RaftServerConfigKeys (ConfUtils.java:logGet(43)) - raft.server.log.statemachine.data.sync.timeout = 10s (default)
2019-08-07 03:48:19,885 INFO  server.RaftServerConfigKeys (ConfUtils.java:logGet(43)) - raft.server.log.segment.cache.num.max = 2 (custom)
2019-08-07 03:48:19,886 INFO  server.RaftServerConfigKeys (ConfUtils.java:logGet(43)) - raft.server.log.statemachine.data.sync.timeout.retry = -1 (default)
2019-08-07 03:48:19,886 INFO  segmented.SegmentedRaftLogWorker (SegmentedRaftLogWorker.java:<init>(172)) - new 084644e9-8d0e-46ef-94f4-71b7ec4ffb0e-SegmentedRaftLogWorker:Storage Directory /workdir/hadoop-ozone/integration-test/target/test-dir/MiniOzoneClusterImpl-13422be5-0f54-42a0-8685-8e8a9f9c51cc/datanode-3/data/ratis/3d17a2ef-6e90-4e31-80ed-13e49c4cfc01 for RaftStorage:Storage Directory /workdir/hadoop-ozone/integration-test/target/test-dir/MiniOzoneClusterImpl-13422be5-0f54-42a0-8685-8e8a9f9c51cc/datanode-3/data/ratis/3d17a2ef-6e90-4e31-80ed-13e49c4cfc01
2019-08-07 03:48:19,886 INFO  segmented.SegmentedRaftLogWorker (SegmentedRaftLogWorker.java:<init>(172)) - new ead1c4ed-749c-44c7-b9cd-44af1bc78f5d-SegmentedRaftLogWorker:Storage Directory /workdir/hadoop-ozone/integration-test/target/test-dir/MiniOzoneClusterImpl-13422be5-0f54-42a0-8685-8e8a9f9c51cc/datanode-4/data/ratis/3d17a2ef-6e90-4e31-80ed-13e49c4cfc01 for RaftStorage:Storage Directory /workdir/hadoop-ozone/integration-test/target/test-dir/MiniOzoneClusterImpl-13422be5-0f54-42a0-8685-8e8a9f9c51cc/datanode-4/data/ratis/3d17a2ef-6e90-4e31-80ed-13e49c4cfc01
2019-08-07 03:48:19,886 INFO  server.RaftServerConfigKeys (ConfUtils.java:logGet(43)) - raft.server.log.statemachine.data.caching.enabled = true (custom)
2019-08-07 03:48:19,886 INFO  server.RaftServerConfigKeys (ConfUtils.java:logGet(43)) - raft.server.log.queue.byte-limit = 2147483647 (custom)
2019-08-07 03:48:19,887 INFO  server.RaftServerConfigKeys (ConfUtils.java:logGet(43)) - raft.server.log.queue.byte-limit = 2147483647 (custom)
2019-08-07 03:48:19,887 INFO  segmented.SegmentedRaftLogWorker (SegmentedRaftLogWorker.java:lambda$new$0(132)) - b911820e-b08c-4e4e-a398-345134e61fee-SegmentedRaftLogWorker:Storage Directory /workdir/hadoop-ozone/integration-test/target/test-dir/MiniOzoneClusterImpl-13422be5-0f54-42a0-8685-8e8a9f9c51cc/datanode-5/data/ratis/3d17a2ef-6e90-4e31-80ed-13e49c4cfc01: flushIndex: setUnconditionally 0 -> -1
2019-08-07 03:48:19,887 INFO  server.RaftServerConfigKeys (ConfUtils.java:logGet(43)) - raft.server.log.queue.element-limit = 1024 (custom)
2019-08-07 03:48:19,887 INFO  server.RaftServerConfigKeys (ConfUtils.java:logGet(43)) - raft.server.log.queue.element-limit = 1024 (custom)
2019-08-07 03:48:19,887 INFO  server.RaftServerConfigKeys (ConfUtils.java:logGet(43)) - raft.server.snapshot.auto.trigger.enabled = true (custom)
2019-08-07 03:48:19,887 INFO  server.RaftServerConfigKeys (ConfUtils.java:logGet(43)) - raft.server.log.segment.size.max = 1048576 (custom)
2019-08-07 03:48:19,888 INFO  server.RaftServerConfigKeys (ConfUtils.java:logGet(43)) - raft.server.snapshot.auto.trigger.threshold = 10000 (custom)
2019-08-07 03:48:19,887 INFO  server.RaftServerConfigKeys (ConfUtils.java:logGet(43)) - raft.server.log.segment.size.max = 1048576 (custom)
2019-08-07 03:48:19,888 INFO  server.RaftServerConfigKeys (ConfUtils.java:logGet(43)) - raft.server.retrycache.expirytime = 600000ms (custom)
2019-08-07 03:48:19,888 INFO  server.RaftServerConfigKeys (ConfUtils.java:logGet(43)) - raft.server.log.preallocated.size = 16384 (custom)
2019-08-07 03:48:19,888 INFO  impl.RaftServerImpl (RaftServerImpl.java:start(180)) - b911820e-b08c-4e4e-a398-345134e61fee: start group-13E49C4CFC01
2019-08-07 03:48:19,888 INFO  server.RaftServerConfigKeys (ConfUtils.java:logGet(43)) - raft.server.log.preallocated.size = 16384 (custom)
2019-08-07 03:48:19,888 INFO  impl.RaftServerImpl (RaftServerImpl.java:setRole(171)) - b911820e-b08c-4e4e-a398-345134e61fee:group-13E49C4CFC01 changes role from null to FOLLOWER at term 0 for startAsFollower
2019-08-07 03:48:19,888 INFO  server.RaftServerConfigKeys (ConfUtils.java:logGet(43)) - raft.server.log.write.buffer.size = 33554432 (custom)
2019-08-07 03:48:19,889 INFO  impl.RoleInfo (RoleInfo.java:updateAndGet(143)) - b911820e-b08c-4e4e-a398-345134e61fee: start FollowerState
2019-08-07 03:48:19,888 INFO  server.RaftServerConfigKeys (ConfUtils.java:logGet(43)) - raft.server.log.write.buffer.size = 33554432 (custom)
2019-08-07 03:48:19,889 INFO  server.RaftServerConfigKeys (ConfUtils.java:logGet(43)) - raft.server.log.force.sync.num = 128 (default)
2019-08-07 03:48:19,889 INFO  server.RaftServerConfigKeys (ConfUtils.java:logGet(43)) - raft.server.log.force.sync.num = 128 (default)
2019-08-07 03:48:19,889 INFO  util.JmxRegister (JmxRegister.java:tryRegister(44)) - Successfully registered JMX Bean with object name Ratis:service=RaftServer,group=group-13E49C4CFC01,id=b911820e-b08c-4e4e-a398-345134e61fee
2019-08-07 03:48:19,889 INFO  server.RaftServerConfigKeys (ConfUtils.java:logGet(43)) - raft.server.log.statemachine.data.sync = true (default)
2019-08-07 03:48:19,889 INFO  server.RaftServerConfigKeys (ConfUtils.java:logGet(43)) - raft.server.log.statemachine.data.sync = true (default)
2019-08-07 03:48:19,890 INFO  server.RaftServerConfigKeys (ConfUtils.java:logGet(43)) - raft.server.log.statemachine.data.sync.timeout = 10s (default)
2019-08-07 03:48:19,890 INFO  server.RaftServerConfigKeys (ConfUtils.java:logGet(43)) - raft.server.log.statemachine.data.sync.timeout = 10s (default)
2019-08-07 03:48:19,890 INFO  server.RaftServerConfigKeys (ConfUtils.java:logGet(43)) - raft.server.log.statemachine.data.sync.timeout.retry = -1 (default)
2019-08-07 03:48:19,890 INFO  server.RaftServerConfigKeys (ConfUtils.java:logGet(43)) - raft.server.log.statemachine.data.sync.timeout.retry = -1 (default)
2019-08-07 03:48:19,890 INFO  server.RaftServerConfigKeys (ConfUtils.java:logGet(43)) - raft.server.log.statemachine.data.caching.enabled = true (custom)
2019-08-07 03:48:19,890 INFO  server.RaftServerConfigKeys (ConfUtils.java:logGet(43)) - raft.server.log.statemachine.data.caching.enabled = true (custom)
2019-08-07 03:48:19,891 INFO  segmented.SegmentedRaftLogWorker (SegmentedRaftLogWorker.java:lambda$new$0(132)) - 084644e9-8d0e-46ef-94f4-71b7ec4ffb0e-SegmentedRaftLogWorker:Storage Directory /workdir/hadoop-ozone/integration-test/target/test-dir/MiniOzoneClusterImpl-13422be5-0f54-42a0-8685-8e8a9f9c51cc/datanode-3/data/ratis/3d17a2ef-6e90-4e31-80ed-13e49c4cfc01: flushIndex: setUnconditionally 0 -> -1
2019-08-07 03:48:19,891 INFO  segmented.SegmentedRaftLogWorker (SegmentedRaftLogWorker.java:lambda$new$0(132)) - ead1c4ed-749c-44c7-b9cd-44af1bc78f5d-SegmentedRaftLogWorker:Storage Directory /workdir/hadoop-ozone/integration-test/target/test-dir/MiniOzoneClusterImpl-13422be5-0f54-42a0-8685-8e8a9f9c51cc/datanode-4/data/ratis/3d17a2ef-6e90-4e31-80ed-13e49c4cfc01: flushIndex: setUnconditionally 0 -> -1
2019-08-07 03:48:19,891 INFO  server.RaftServerConfigKeys (ConfUtils.java:logGet(43)) - raft.server.snapshot.auto.trigger.enabled = true (custom)
2019-08-07 03:48:19,891 INFO  server.RaftServerConfigKeys (ConfUtils.java:logGet(43)) - raft.server.snapshot.auto.trigger.threshold = 10000 (custom)
2019-08-07 03:48:19,891 INFO  server.RaftServerConfigKeys (ConfUtils.java:logGet(43)) - raft.server.snapshot.auto.trigger.enabled = true (custom)
2019-08-07 03:48:19,891 INFO  server.RaftServerConfigKeys (ConfUtils.java:logGet(43)) - raft.server.retrycache.expirytime = 600000ms (custom)
2019-08-07 03:48:19,891 INFO  server.RaftServerConfigKeys (ConfUtils.java:logGet(43)) - raft.server.snapshot.auto.trigger.threshold = 10000 (custom)
2019-08-07 03:48:19,892 INFO  impl.RaftServerImpl (RaftServerImpl.java:start(180)) - 084644e9-8d0e-46ef-94f4-71b7ec4ffb0e: start group-13E49C4CFC01
2019-08-07 03:48:19,892 INFO  server.RaftServerConfigKeys (ConfUtils.java:logGet(43)) - raft.server.retrycache.expirytime = 600000ms (custom)
2019-08-07 03:48:19,892 INFO  impl.RaftServerImpl (RaftServerImpl.java:setRole(171)) - 084644e9-8d0e-46ef-94f4-71b7ec4ffb0e:group-13E49C4CFC01 changes role from null to FOLLOWER at term 0 for startAsFollower
2019-08-07 03:48:19,892 INFO  impl.RaftServerImpl (RaftServerImpl.java:start(180)) - ead1c4ed-749c-44c7-b9cd-44af1bc78f5d: start group-13E49C4CFC01
2019-08-07 03:48:19,892 INFO  impl.RoleInfo (RoleInfo.java:updateAndGet(143)) - 084644e9-8d0e-46ef-94f4-71b7ec4ffb0e: start FollowerState
2019-08-07 03:48:19,892 INFO  impl.RaftServerImpl (RaftServerImpl.java:setRole(171)) - ead1c4ed-749c-44c7-b9cd-44af1bc78f5d:group-13E49C4CFC01 changes role from null to FOLLOWER at term 0 for startAsFollower
2019-08-07 03:48:19,893 INFO  impl.RoleInfo (RoleInfo.java:updateAndGet(143)) - ead1c4ed-749c-44c7-b9cd-44af1bc78f5d: start FollowerState
2019-08-07 03:48:19,893 INFO  util.JmxRegister (JmxRegister.java:tryRegister(44)) - Successfully registered JMX Bean with object name Ratis:service=RaftServer,group=group-13E49C4CFC01,id=084644e9-8d0e-46ef-94f4-71b7ec4ffb0e
2019-08-07 03:48:19,894 INFO  util.JmxRegister (JmxRegister.java:tryRegister(44)) - Successfully registered JMX Bean with object name Ratis:service=RaftServer,group=group-13E49C4CFC01,id=ead1c4ed-749c-44c7-b9cd-44af1bc78f5d
2019-08-07 03:48:19,897 INFO  pipeline.PipelineStateManager (PipelineStateManager.java:addPipeline(56)) - Created pipeline Pipeline[ Id: 3d17a2ef-6e90-4e31-80ed-13e49c4cfc01, Nodes: 084644e9-8d0e-46ef-94f4-71b7ec4ffb0e{ip: 192.168.157.245, host: byscane-nightly-ds7lx-2296511547, networkLocation: /default-rack, certSerialId: null}b911820e-b08c-4e4e-a398-345134e61fee{ip: 192.168.157.245, host: byscane-nightly-ds7lx-2296511547, networkLocation: /default-rack, certSerialId: null}ead1c4ed-749c-44c7-b9cd-44af1bc78f5d{ip: 192.168.157.245, host: byscane-nightly-ds7lx-2296511547, networkLocation: /default-rack, certSerialId: null}, Type:RATIS, Factor:THREE, State:OPEN]
2019-08-07 03:48:19,983 INFO  ozone.MiniOzoneClusterImpl (MiniOzoneClusterImpl.java:lambda$waitForClusterToBeReady$0(142)) - Waiting for cluster to be ready. Got 6 of 7 DN Heartbeats.
2019-08-07 03:48:19,986 INFO  net.NetworkTopology (NetworkTopologyImpl.java:add(110)) - Added a new node: /default-rack/83c7ff2c-57cd-41c7-8c27-8b8f169f9d72
2019-08-07 03:48:19,986 INFO  node.SCMNodeManager (SCMNodeManager.java:register(273)) - Registered Data node : 83c7ff2c-57cd-41c7-8c27-8b8f169f9d72{ip: 192.168.157.245, host: byscane-nightly-ds7lx-2296511547, networkLocation: /default-rack, certSerialId: null}
2019-08-07 03:48:19,997 INFO  impl.RaftServerProxy (RaftServerProxy.java:addNew(89)) - 83c7ff2c-57cd-41c7-8c27-8b8f169f9d72: addNew group-BA2C1C1D39C2:[83c7ff2c-57cd-41c7-8c27-8b8f169f9d72:192.168.157.245:36872] returns group-BA2C1C1D39C2:java.util.concurrent.CompletableFuture@673e9968[Not completed]
2019-08-07 03:48:20,003 INFO  impl.RaftServerImpl (RaftServerImpl.java:<init>(93)) - 83c7ff2c-57cd-41c7-8c27-8b8f169f9d72: new RaftServerImpl for group-BA2C1C1D39C2:[83c7ff2c-57cd-41c7-8c27-8b8f169f9d72:192.168.157.245:36872] with ContainerStateMachine:uninitialized
2019-08-07 03:48:20,003 INFO  server.RaftServerConfigKeys (ConfUtils.java:logGet(43)) - raft.server.rpc.timeout.min = 5s (custom)
2019-08-07 03:48:20,003 INFO  server.RaftServerConfigKeys (ConfUtils.java:logGet(43)) - raft.server.rpc.timeout.max = 5200ms (custom)
2019-08-07 03:48:20,004 INFO  server.RaftServerConfigKeys (ConfUtils.java:logGet(43)) - raft.server.rpcslowness.timeout = 120s (custom)
2019-08-07 03:48:20,004 INFO  server.RaftServerConfigKeys (ConfUtils.java:logGet(43)) - raft.server.sleep.deviation.threshold = 300 (default)
2019-08-07 03:48:20,004 INFO  server.RaftServerConfigKeys (ConfUtils.java:logGet(43)) - raft.server.log.appender.install.snapshot.enabled = false (custom)
2019-08-07 03:48:20,004 INFO  impl.RaftServerImpl (ServerState.java:<init>(105)) - 83c7ff2c-57cd-41c7-8c27-8b8f169f9d72:group-BA2C1C1D39C2 ConfigurationManager, init=-1: [83c7ff2c-57cd-41c7-8c27-8b8f169f9d72:192.168.157.245:36872], old=null, confs=<EMPTY_MAP>
2019-08-07 03:48:20,004 INFO  server.RaftServerConfigKeys (ConfUtils.java:logGet(43)) - raft.server.storage.dir = [/workdir/hadoop-ozone/integration-test/target/test-dir/MiniOzoneClusterImpl-13422be5-0f54-42a0-8685-8e8a9f9c51cc/datanode-6/data/ratis] (custom)
2019-08-07 03:48:20,005 INFO  storage.RaftStorageDirectory (RaftStorageDirectory.java:analyzeStorage(246)) - The storage directory /workdir/hadoop-ozone/integration-test/target/test-dir/MiniOzoneClusterImpl-13422be5-0f54-42a0-8685-8e8a9f9c51cc/datanode-6/data/ratis/422d623f-cca6-4642-a0ec-ba2c1c1d39c2 does not exist. Creating ...
2019-08-07 03:48:20,019 INFO  storage.RaftStorageDirectory (RaftStorageDirectory.java:tryLock(328)) - Lock on /workdir/hadoop-ozone/integration-test/target/test-dir/MiniOzoneClusterImpl-13422be5-0f54-42a0-8685-8e8a9f9c51cc/datanode-6/data/ratis/422d623f-cca6-4642-a0ec-ba2c1c1d39c2/in_use.lock acquired by nodename 28933@byscane-nightly-ds7lx-2296511547
2019-08-07 03:48:20,032 INFO  storage.RaftStorage (RaftStorage.java:format(72)) - Storage directory /workdir/hadoop-ozone/integration-test/target/test-dir/MiniOzoneClusterImpl-13422be5-0f54-42a0-8685-8e8a9f9c51cc/datanode-6/data/ratis/422d623f-cca6-4642-a0ec-ba2c1c1d39c2 has been successfully formatted.
2019-08-07 03:48:20,032 INFO  ratis.ContainerStateMachine (ContainerStateMachine.java:loadSnapshot(213)) - group-BA2C1C1D39C2: The snapshot info is null. Setting the last applied indexto:(t:0, i:~)
2019-08-07 03:48:20,032 INFO  server.RaftServerConfigKeys (ConfUtils.java:logGet(43)) - raft.server.leader.election.timeout = 120s (custom)
2019-08-07 03:48:20,033 INFO  server.RaftServerConfigKeys (ConfUtils.java:logGet(43)) - raft.server.log.use.memory = false (default)
2019-08-07 03:48:20,033 INFO  server.RaftServerConfigKeys (ConfUtils.java:logGet(43)) - raft.server.log.purge.gap = 1000000000 (custom)
2019-08-07 03:48:20,033 INFO  server.RaftServerConfigKeys (ConfUtils.java:logGet(43)) - raft.server.log.appender.buffer.byte-limit = 33554432 (custom)
2019-08-07 03:48:20,033 INFO  server.RaftServerConfigKeys (ConfUtils.java:logGet(43)) - raft.server.log.segment.size.max = 1048576 (custom)
2019-08-07 03:48:20,033 INFO  server.RaftServerConfigKeys (ConfUtils.java:logGet(43)) - raft.server.log.segment.cache.num.max = 2 (custom)
2019-08-07 03:48:20,034 INFO  segmented.SegmentedRaftLogWorker (SegmentedRaftLogWorker.java:<init>(172)) - new 83c7ff2c-57cd-41c7-8c27-8b8f169f9d72-SegmentedRaftLogWorker:Storage Directory /workdir/hadoop-ozone/integration-test/target/test-dir/MiniOzoneClusterImpl-13422be5-0f54-42a0-8685-8e8a9f9c51cc/datanode-6/data/ratis/422d623f-cca6-4642-a0ec-ba2c1c1d39c2 for RaftStorage:Storage Directory /workdir/hadoop-ozone/integration-test/target/test-dir/MiniOzoneClusterImpl-13422be5-0f54-42a0-8685-8e8a9f9c51cc/datanode-6/data/ratis/422d623f-cca6-4642-a0ec-ba2c1c1d39c2
2019-08-07 03:48:20,034 INFO  server.RaftServerConfigKeys (ConfUtils.java:logGet(43)) - raft.server.log.queue.byte-limit = 2147483647 (custom)
2019-08-07 03:48:20,034 INFO  server.RaftServerConfigKeys (ConfUtils.java:logGet(43)) - raft.server.log.queue.element-limit = 1024 (custom)
2019-08-07 03:48:20,034 INFO  server.RaftServerConfigKeys (ConfUtils.java:logGet(43)) - raft.server.log.segment.size.max = 1048576 (custom)
2019-08-07 03:48:20,034 INFO  server.RaftServerConfigKeys (ConfUtils.java:logGet(43)) - raft.server.log.preallocated.size = 16384 (custom)
2019-08-07 03:48:20,035 INFO  server.RaftServerConfigKeys (ConfUtils.java:logGet(43)) - raft.server.log.write.buffer.size = 33554432 (custom)
2019-08-07 03:48:20,035 INFO  server.RaftServerConfigKeys (ConfUtils.java:logGet(43)) - raft.server.log.force.sync.num = 128 (default)
2019-08-07 03:48:20,035 INFO  server.RaftServerConfigKeys (ConfUtils.java:logGet(43)) - raft.server.log.statemachine.data.sync = true (default)
2019-08-07 03:48:20,035 INFO  server.RaftServerConfigKeys (ConfUtils.java:logGet(43)) - raft.server.log.statemachine.data.sync.timeout = 10s (default)
2019-08-07 03:48:20,035 INFO  server.RaftServerConfigKeys (ConfUtils.java:logGet(43)) - raft.server.log.statemachine.data.sync.timeout.retry = -1 (default)
2019-08-07 03:48:20,036 INFO  server.RaftServerConfigKeys (ConfUtils.java:logGet(43)) - raft.server.log.statemachine.data.caching.enabled = true (custom)
2019-08-07 03:48:20,036 INFO  segmented.SegmentedRaftLogWorker (SegmentedRaftLogWorker.java:lambda$new$0(132)) - 83c7ff2c-57cd-41c7-8c27-8b8f169f9d72-SegmentedRaftLogWorker:Storage Directory /workdir/hadoop-ozone/integration-test/target/test-dir/MiniOzoneClusterImpl-13422be5-0f54-42a0-8685-8e8a9f9c51cc/datanode-6/data/ratis/422d623f-cca6-4642-a0ec-ba2c1c1d39c2: flushIndex: setUnconditionally 0 -> -1
2019-08-07 03:48:20,036 INFO  server.RaftServerConfigKeys (ConfUtils.java:logGet(43)) - raft.server.snapshot.auto.trigger.enabled = true (custom)
2019-08-07 03:48:20,037 INFO  server.RaftServerConfigKeys (ConfUtils.java:logGet(43)) - raft.server.snapshot.auto.trigger.threshold = 10000 (custom)
2019-08-07 03:48:20,037 INFO  server.RaftServerConfigKeys (ConfUtils.java:logGet(43)) - raft.server.retrycache.expirytime = 600000ms (custom)
2019-08-07 03:48:20,037 INFO  impl.RaftServerImpl (RaftServerImpl.java:start(180)) - 83c7ff2c-57cd-41c7-8c27-8b8f169f9d72: start group-BA2C1C1D39C2
2019-08-07 03:48:20,037 INFO  impl.RaftServerImpl (RaftServerImpl.java:setRole(171)) - 83c7ff2c-57cd-41c7-8c27-8b8f169f9d72:group-BA2C1C1D39C2 changes role from null to FOLLOWER at term 0 for startAsFollower
2019-08-07 03:48:20,037 INFO  impl.RoleInfo (RoleInfo.java:updateAndGet(143)) - 83c7ff2c-57cd-41c7-8c27-8b8f169f9d72: start FollowerState
2019-08-07 03:48:20,038 INFO  util.JmxRegister (JmxRegister.java:tryRegister(44)) - Successfully registered JMX Bean with object name Ratis:service=RaftServer,group=group-BA2C1C1D39C2,id=83c7ff2c-57cd-41c7-8c27-8b8f169f9d72
2019-08-07 03:48:20,041 INFO  pipeline.PipelineStateManager (PipelineStateManager.java:addPipeline(56)) - Created pipeline Pipeline[ Id: 422d623f-cca6-4642-a0ec-ba2c1c1d39c2, Nodes: 83c7ff2c-57cd-41c7-8c27-8b8f169f9d72{ip: 192.168.157.245, host: byscane-nightly-ds7lx-2296511547, networkLocation: /default-rack, certSerialId: null}, Type:RATIS, Factor:ONE, State:OPEN]
2019-08-07 03:48:20,983 INFO  ozone.MiniOzoneClusterImpl (MiniOzoneClusterImpl.java:lambda$waitForClusterToBeReady$0(142)) - Cluster is ready. Got 7 of 7 DN Heartbeats.
2019-08-07 03:48:21,034 INFO  rpc.RpcClient (RpcClient.java:createVolume(288)) - Creating Volume: testblockoutputstreamwithretries, with jenkins1000 as owner.
2019-08-07 03:48:21,050 INFO  rpc.RpcClient (RpcClient.java:createBucket(425)) - Creating Bucket: testblockoutputstreamwithretries/testblockoutputstreamwithretries, with Versioning false and Storage Type set to DISK and Encryption set to false 
2019-08-07 03:48:21,083 INFO  client.GrpcClientProtocolClient (GrpcClientProtocolClient.java:onNext(255)) - client-A29CEB1F447C->0bbcd879-c78e-4773-8a35-7ac80a545710: receive RaftClientReply:client-A29CEB1F447C->0bbcd879-c78e-4773-8a35-7ac80a545710@group-051F78E6C7B1, cid=42, FAILED org.apache.ratis.protocol.NotLeaderException: Server 0bbcd879-c78e-4773-8a35-7ac80a545710 is not the leader (null). Request must be sent to leader., logIndex=0, commits[0bbcd879-c78e-4773-8a35-7ac80a545710:c-1]
2019-08-07 03:48:21,653 INFO  container.ReplicationManager (ReplicationManager.java:start(155)) - Starting Replication Monitor Thread.
2019-08-07 03:48:21,657 INFO  container.ReplicationManager (ReplicationManager.java:run(207)) - Replication Monitor Thread took 0 milliseconds for processing 3 containers.
2019-08-07 03:48:22,138 INFO  client.GrpcClientProtocolClient (GrpcClientProtocolClient.java:onNext(255)) - client-A29CEB1F447C->d8e8dedd-b554-4429-b41d-4482edac5b6d: receive RaftClientReply:client-A29CEB1F447C->d8e8dedd-b554-4429-b41d-4482edac5b6d@group-051F78E6C7B1, cid=42, FAILED org.apache.ratis.protocol.NotLeaderException: Server d8e8dedd-b554-4429-b41d-4482edac5b6d is not the leader (null). Request must be sent to leader., logIndex=0, commits[d8e8dedd-b554-4429-b41d-4482edac5b6d:c-1]
2019-08-07 03:48:22,170 WARN  nio.NioEventLoop (NioEventLoop.java:select(786)) - Selector.select() returned prematurely {} times in a row; rebuilding Selector {}.
2019-08-07 03:48:22,171 INFO  nio.NioEventLoop (NioEventLoop.java:rebuildSelector0(396)) - Migrated 0 channel(s) to the new Selector.
2019-08-07 03:48:23,159 INFO  client.GrpcClientProtocolClient (GrpcClientProtocolClient.java:onNext(255)) - client-A29CEB1F447C->0bbcd879-c78e-4773-8a35-7ac80a545710: receive RaftClientReply:client-A29CEB1F447C->0bbcd879-c78e-4773-8a35-7ac80a545710@group-051F78E6C7B1, cid=42, FAILED org.apache.ratis.protocol.NotLeaderException: Server 0bbcd879-c78e-4773-8a35-7ac80a545710 is not the leader (null). Request must be sent to leader., logIndex=0, commits[0bbcd879-c78e-4773-8a35-7ac80a545710:c-1]
2019-08-07 03:48:23,768 INFO  impl.FollowerState (FollowerState.java:run(106)) - d8e8dedd-b554-4429-b41d-4482edac5b6d:group-7E13306A3B29 changes to CANDIDATE, lastRpcTime:5068, electionTimeout:5068ms
2019-08-07 03:48:23,768 INFO  impl.RoleInfo (RoleInfo.java:shutdownFollowerState(121)) - d8e8dedd-b554-4429-b41d-4482edac5b6d: shutdown FollowerState
2019-08-07 03:48:23,769 INFO  impl.RaftServerImpl (RaftServerImpl.java:setRole(171)) - d8e8dedd-b554-4429-b41d-4482edac5b6d:group-7E13306A3B29 changes role from FOLLOWER to CANDIDATE at term 0 for changeToCandidate
2019-08-07 03:48:23,769 INFO  impl.RoleInfo (RoleInfo.java:updateAndGet(143)) - d8e8dedd-b554-4429-b41d-4482edac5b6d: start LeaderElection
2019-08-07 03:48:23,791 INFO  impl.LeaderElection (LeaderElection.java:askForVotes(181)) - d8e8dedd-b554-4429-b41d-4482edac5b6d:group-7E13306A3B29:LeaderElection16: begin an election at term 1 for -1: [d8e8dedd-b554-4429-b41d-4482edac5b6d:192.168.157.245:36251], old=null
2019-08-07 03:48:23,792 INFO  impl.RoleInfo (RoleInfo.java:shutdownLeaderElection(134)) - d8e8dedd-b554-4429-b41d-4482edac5b6d: shutdown LeaderElection
2019-08-07 03:48:23,792 INFO  impl.RaftServerImpl (RaftServerImpl.java:setRole(171)) - d8e8dedd-b554-4429-b41d-4482edac5b6d:group-7E13306A3B29 changes role from CANDIDATE to LEADER at term 1 for changeToLeader
2019-08-07 03:48:23,792 INFO  impl.RaftServerImpl (ServerState.java:setLeader(263)) - d8e8dedd-b554-4429-b41d-4482edac5b6d:group-7E13306A3B29 change Leader from null to d8e8dedd-b554-4429-b41d-4482edac5b6d at term 1 for becomeLeader, leader elected after 5098ms
2019-08-07 03:48:23,795 INFO  server.RaftServerConfigKeys (ConfUtils.java:logGet(43)) - raft.server.staging.catchup.gap = 1000 (default)
2019-08-07 03:48:23,795 INFO  server.RaftServerConfigKeys (ConfUtils.java:logGet(43)) - raft.server.rpc.sleep.time = 25ms (default)
2019-08-07 03:48:23,795 INFO  server.RaftServerConfigKeys (ConfUtils.java:logGet(43)) - raft.server.write.element-limit = 4096 (default)
2019-08-07 03:48:23,796 INFO  server.RaftServerConfigKeys (ConfUtils.java:logGet(43)) - raft.server.watch.timeout = 10s (default)
2019-08-07 03:48:23,796 INFO  server.RaftServerConfigKeys (ConfUtils.java:logGet(43)) - raft.server.watch.timeout.denomination = 1s (default)
2019-08-07 03:48:23,796 INFO  server.RaftServerConfigKeys (ConfUtils.java:logGet(43)) - raft.server.watch.element-limit = 65536 (default)
2019-08-07 03:48:23,796 INFO  impl.RoleInfo (RoleInfo.java:updateAndGet(143)) - d8e8dedd-b554-4429-b41d-4482edac5b6d: start LeaderState
2019-08-07 03:48:23,797 INFO  segmented.SegmentedRaftLogWorker (SegmentedRaftLogWorker.java:startLogSegment(380)) - d8e8dedd-b554-4429-b41d-4482edac5b6d-SegmentedRaftLogWorker:Storage Directory /workdir/hadoop-ozone/integration-test/target/test-dir/MiniOzoneClusterImpl-13422be5-0f54-42a0-8685-8e8a9f9c51cc/datanode-0/data/ratis/982b3043-fd88-44c6-9307-7e13306a3b29: Starting segment from index:0
2019-08-07 03:48:23,798 INFO  impl.RaftServerImpl (ServerState.java:setRaftConf(361)) - d8e8dedd-b554-4429-b41d-4482edac5b6d:group-7E13306A3B29 set configuration 0: [d8e8dedd-b554-4429-b41d-4482edac5b6d:192.168.157.245:36251], old=null at 0
2019-08-07 03:48:23,829 INFO  segmented.SegmentedRaftLogWorker (SegmentedRaftLogWorker.java:execute(569)) - d8e8dedd-b554-4429-b41d-4482edac5b6d-SegmentedRaftLogWorker:Storage Directory /workdir/hadoop-ozone/integration-test/target/test-dir/MiniOzoneClusterImpl-13422be5-0f54-42a0-8685-8e8a9f9c51cc/datanode-0/data/ratis/982b3043-fd88-44c6-9307-7e13306a3b29: created new log segment /workdir/hadoop-ozone/integration-test/target/test-dir/MiniOzoneClusterImpl-13422be5-0f54-42a0-8685-8e8a9f9c51cc/datanode-0/data/ratis/982b3043-fd88-44c6-9307-7e13306a3b29/current/log_inprogress_0
2019-08-07 03:48:23,990 INFO  impl.FollowerState (FollowerState.java:run(106)) - 0bbcd879-c78e-4773-8a35-7ac80a545710:group-E228396BAEB0 changes to CANDIDATE, lastRpcTime:5113, electionTimeout:5113ms
2019-08-07 03:48:23,990 INFO  impl.RoleInfo (RoleInfo.java:shutdownFollowerState(121)) - 0bbcd879-c78e-4773-8a35-7ac80a545710: shutdown FollowerState
2019-08-07 03:48:23,990 INFO  impl.RaftServerImpl (RaftServerImpl.java:setRole(171)) - 0bbcd879-c78e-4773-8a35-7ac80a545710:group-E228396BAEB0 changes role from FOLLOWER to CANDIDATE at term 0 for changeToCandidate
2019-08-07 03:48:23,990 INFO  impl.RoleInfo (RoleInfo.java:updateAndGet(143)) - 0bbcd879-c78e-4773-8a35-7ac80a545710: start LeaderElection
2019-08-07 03:48:24,019 INFO  impl.LeaderElection (LeaderElection.java:askForVotes(181)) - 0bbcd879-c78e-4773-8a35-7ac80a545710:group-E228396BAEB0:LeaderElection17: begin an election at term 1 for -1: [0bbcd879-c78e-4773-8a35-7ac80a545710:192.168.157.245:43277], old=null
2019-08-07 03:48:24,019 INFO  impl.RoleInfo (RoleInfo.java:shutdownLeaderElection(134)) - 0bbcd879-c78e-4773-8a35-7ac80a545710: shutdown LeaderElection
2019-08-07 03:48:24,019 INFO  impl.RaftServerImpl (RaftServerImpl.java:setRole(171)) - 0bbcd879-c78e-4773-8a35-7ac80a545710:group-E228396BAEB0 changes role from CANDIDATE to LEADER at term 1 for changeToLeader
2019-08-07 03:48:24,020 INFO  impl.RaftServerImpl (ServerState.java:setLeader(263)) - 0bbcd879-c78e-4773-8a35-7ac80a545710:group-E228396BAEB0 change Leader from null to 0bbcd879-c78e-4773-8a35-7ac80a545710 at term 1 for becomeLeader, leader elected after 5149ms
2019-08-07 03:48:24,022 INFO  server.RaftServerConfigKeys (ConfUtils.java:logGet(43)) - raft.server.staging.catchup.gap = 1000 (default)
2019-08-07 03:48:24,023 INFO  server.RaftServerConfigKeys (ConfUtils.java:logGet(43)) - raft.server.rpc.sleep.time = 25ms (default)
2019-08-07 03:48:24,023 INFO  server.RaftServerConfigKeys (ConfUtils.java:logGet(43)) - raft.server.write.element-limit = 4096 (default)
2019-08-07 03:48:24,023 INFO  server.RaftServerConfigKeys (ConfUtils.java:logGet(43)) - raft.server.watch.timeout = 10s (default)
2019-08-07 03:48:24,023 INFO  server.RaftServerConfigKeys (ConfUtils.java:logGet(43)) - raft.server.watch.timeout.denomination = 1s (default)
2019-08-07 03:48:24,023 INFO  server.RaftServerConfigKeys (ConfUtils.java:logGet(43)) - raft.server.watch.element-limit = 65536 (default)
2019-08-07 03:48:24,024 INFO  impl.RoleInfo (RoleInfo.java:updateAndGet(143)) - 0bbcd879-c78e-4773-8a35-7ac80a545710: start LeaderState
2019-08-07 03:48:24,024 INFO  segmented.SegmentedRaftLogWorker (SegmentedRaftLogWorker.java:startLogSegment(380)) - 0bbcd879-c78e-4773-8a35-7ac80a545710-SegmentedRaftLogWorker:Storage Directory /workdir/hadoop-ozone/integration-test/target/test-dir/MiniOzoneClusterImpl-13422be5-0f54-42a0-8685-8e8a9f9c51cc/datanode-1/data/ratis/27301423-8e86-4ae9-9887-e228396baeb0: Starting segment from index:0
2019-08-07 03:48:24,025 INFO  impl.RaftServerImpl (ServerState.java:setRaftConf(361)) - 0bbcd879-c78e-4773-8a35-7ac80a545710:group-E228396BAEB0 set configuration 0: [0bbcd879-c78e-4773-8a35-7ac80a545710:192.168.157.245:43277], old=null at 0
2019-08-07 03:48:24,056 INFO  segmented.SegmentedRaftLogWorker (SegmentedRaftLogWorker.java:execute(569)) - 0bbcd879-c78e-4773-8a35-7ac80a545710-SegmentedRaftLogWorker:Storage Directory /workdir/hadoop-ozone/integration-test/target/test-dir/MiniOzoneClusterImpl-13422be5-0f54-42a0-8685-8e8a9f9c51cc/datanode-1/data/ratis/27301423-8e86-4ae9-9887-e228396baeb0: created new log segment /workdir/hadoop-ozone/integration-test/target/test-dir/MiniOzoneClusterImpl-13422be5-0f54-42a0-8685-8e8a9f9c51cc/datanode-1/data/ratis/27301423-8e86-4ae9-9887-e228396baeb0/current/log_inprogress_0
2019-08-07 03:48:24,164 INFO  impl.FollowerState (FollowerState.java:run(106)) - 961187a3-8668-452f-8b74-0209867b1080:group-50BFAD83C16D changes to CANDIDATE, lastRpcTime:5099, electionTimeout:5099ms
2019-08-07 03:48:24,164 INFO  impl.RoleInfo (RoleInfo.java:shutdownFollowerState(121)) - 961187a3-8668-452f-8b74-0209867b1080: shutdown FollowerState
2019-08-07 03:48:24,165 INFO  impl.RaftServerImpl (RaftServerImpl.java:setRole(171)) - 961187a3-8668-452f-8b74-0209867b1080:group-50BFAD83C16D changes role from FOLLOWER to CANDIDATE at term 0 for changeToCandidate
2019-08-07 03:48:24,165 INFO  impl.RoleInfo (RoleInfo.java:updateAndGet(143)) - 961187a3-8668-452f-8b74-0209867b1080: start LeaderElection
2019-08-07 03:48:24,184 INFO  impl.LeaderElection (LeaderElection.java:askForVotes(181)) - 961187a3-8668-452f-8b74-0209867b1080:group-50BFAD83C16D:LeaderElection18: begin an election at term 1 for -1: [961187a3-8668-452f-8b74-0209867b1080:192.168.157.245:34365], old=null
2019-08-07 03:48:24,185 INFO  impl.RoleInfo (RoleInfo.java:shutdownLeaderElection(134)) - 961187a3-8668-452f-8b74-0209867b1080: shutdown LeaderElection
2019-08-07 03:48:24,185 INFO  impl.RaftServerImpl (RaftServerImpl.java:setRole(171)) - 961187a3-8668-452f-8b74-0209867b1080:group-50BFAD83C16D changes role from CANDIDATE to LEADER at term 1 for changeToLeader
2019-08-07 03:48:24,185 INFO  impl.RaftServerImpl (ServerState.java:setLeader(263)) - 961187a3-8668-452f-8b74-0209867b1080:group-50BFAD83C16D change Leader from null to 961187a3-8668-452f-8b74-0209867b1080 at term 1 for becomeLeader, leader elected after 5125ms
2019-08-07 03:48:24,188 INFO  client.GrpcClientProtocolClient (GrpcClientProtocolClient.java:onNext(255)) - client-A29CEB1F447C->d8e8dedd-b554-4429-b41d-4482edac5b6d: receive RaftClientReply:client-A29CEB1F447C->d8e8dedd-b554-4429-b41d-4482edac5b6d@group-051F78E6C7B1, cid=42, FAILED org.apache.ratis.protocol.NotLeaderException: Server d8e8dedd-b554-4429-b41d-4482edac5b6d is not the leader (null). Request must be sent to leader., logIndex=0, commits[d8e8dedd-b554-4429-b41d-4482edac5b6d:c-1]
2019-08-07 03:48:24,188 INFO  server.RaftServerConfigKeys (ConfUtils.java:logGet(43)) - raft.server.staging.catchup.gap = 1000 (default)
2019-08-07 03:48:24,192 INFO  server.RaftServerConfigKeys (ConfUtils.java:logGet(43)) - raft.server.rpc.sleep.time = 25ms (default)
2019-08-07 03:48:24,194 INFO  server.RaftServerConfigKeys (ConfUtils.java:logGet(43)) - raft.server.write.element-limit = 4096 (default)
2019-08-07 03:48:24,197 INFO  server.RaftServerConfigKeys (ConfUtils.java:logGet(43)) - raft.server.watch.timeout = 10s (default)
2019-08-07 03:48:24,198 INFO  server.RaftServerConfigKeys (ConfUtils.java:logGet(43)) - raft.server.watch.timeout.denomination = 1s (default)
2019-08-07 03:48:24,198 INFO  server.RaftServerConfigKeys (ConfUtils.java:logGet(43)) - raft.server.watch.element-limit = 65536 (default)
2019-08-07 03:48:24,198 INFO  impl.RoleInfo (RoleInfo.java:updateAndGet(143)) - 961187a3-8668-452f-8b74-0209867b1080: start LeaderState
2019-08-07 03:48:24,198 INFO  segmented.SegmentedRaftLogWorker (SegmentedRaftLogWorker.java:startLogSegment(380)) - 961187a3-8668-452f-8b74-0209867b1080-SegmentedRaftLogWorker:Storage Directory /workdir/hadoop-ozone/integration-test/target/test-dir/MiniOzoneClusterImpl-13422be5-0f54-42a0-8685-8e8a9f9c51cc/datanode-2/data/ratis/e38059bc-8881-41b3-9832-50bfad83c16d: Starting segment from index:0
2019-08-07 03:48:24,200 INFO  impl.RaftServerImpl (ServerState.java:setRaftConf(361)) - 961187a3-8668-452f-8b74-0209867b1080:group-50BFAD83C16D set configuration 0: [961187a3-8668-452f-8b74-0209867b1080:192.168.157.245:34365], old=null at 0
2019-08-07 03:48:24,220 INFO  impl.FollowerState (FollowerState.java:run(106)) - 961187a3-8668-452f-8b74-0209867b1080:group-051F78E6C7B1 changes to CANDIDATE, lastRpcTime:5049, electionTimeout:5036ms
2019-08-07 03:48:24,220 INFO  impl.RoleInfo (RoleInfo.java:shutdownFollowerState(121)) - 961187a3-8668-452f-8b74-0209867b1080: shutdown FollowerState
2019-08-07 03:48:24,220 INFO  impl.RaftServerImpl (RaftServerImpl.java:setRole(171)) - 961187a3-8668-452f-8b74-0209867b1080:group-051F78E6C7B1 changes role from FOLLOWER to CANDIDATE at term 0 for changeToCandidate
2019-08-07 03:48:24,220 INFO  impl.RoleInfo (RoleInfo.java:updateAndGet(143)) - 961187a3-8668-452f-8b74-0209867b1080: start LeaderElection
2019-08-07 03:48:24,233 INFO  segmented.SegmentedRaftLogWorker (SegmentedRaftLogWorker.java:execute(569)) - 961187a3-8668-452f-8b74-0209867b1080-SegmentedRaftLogWorker:Storage Directory /workdir/hadoop-ozone/integration-test/target/test-dir/MiniOzoneClusterImpl-13422be5-0f54-42a0-8685-8e8a9f9c51cc/datanode-2/data/ratis/e38059bc-8881-41b3-9832-50bfad83c16d: created new log segment /workdir/hadoop-ozone/integration-test/target/test-dir/MiniOzoneClusterImpl-13422be5-0f54-42a0-8685-8e8a9f9c51cc/datanode-2/data/ratis/e38059bc-8881-41b3-9832-50bfad83c16d/current/log_inprogress_0
2019-08-07 03:48:24,246 INFO  impl.LeaderElection (LeaderElection.java:askForVotes(181)) - 961187a3-8668-452f-8b74-0209867b1080:group-051F78E6C7B1:LeaderElection19: begin an election at term 1 for -1: [d8e8dedd-b554-4429-b41d-4482edac5b6d:192.168.157.245:36251, 0bbcd879-c78e-4773-8a35-7ac80a545710:192.168.157.245:43277, 961187a3-8668-452f-8b74-0209867b1080:192.168.157.245:34365], old=null
2019-08-07 03:48:24,252 INFO  impl.RaftServerImpl (RaftServerImpl.java:setRole(171)) - 0bbcd879-c78e-4773-8a35-7ac80a545710:group-051F78E6C7B1 changes role from FOLLOWER to FOLLOWER at term 1 for recognizeCandidate:961187a3-8668-452f-8b74-0209867b1080
2019-08-07 03:48:24,253 INFO  impl.RoleInfo (RoleInfo.java:shutdownFollowerState(121)) - 0bbcd879-c78e-4773-8a35-7ac80a545710: shutdown FollowerState
2019-08-07 03:48:24,253 INFO  impl.RaftServerImpl (RaftServerImpl.java:setRole(171)) - d8e8dedd-b554-4429-b41d-4482edac5b6d:group-051F78E6C7B1 changes role from FOLLOWER to FOLLOWER at term 1 for recognizeCandidate:961187a3-8668-452f-8b74-0209867b1080
2019-08-07 03:48:24,253 INFO  impl.FollowerState (FollowerState.java:run(114)) - 0bbcd879-c78e-4773-8a35-7ac80a545710: FollowerState was interrupted: java.lang.InterruptedException: sleep interrupted
2019-08-07 03:48:24,253 INFO  impl.RoleInfo (RoleInfo.java:updateAndGet(143)) - 0bbcd879-c78e-4773-8a35-7ac80a545710: start FollowerState
2019-08-07 03:48:24,253 INFO  impl.RoleInfo (RoleInfo.java:shutdownFollowerState(121)) - d8e8dedd-b554-4429-b41d-4482edac5b6d: shutdown FollowerState
2019-08-07 03:48:24,257 INFO  impl.RoleInfo (RoleInfo.java:updateAndGet(143)) - d8e8dedd-b554-4429-b41d-4482edac5b6d: start FollowerState
2019-08-07 03:48:24,257 INFO  impl.FollowerState (FollowerState.java:run(114)) - d8e8dedd-b554-4429-b41d-4482edac5b6d: FollowerState was interrupted: java.lang.InterruptedException: sleep interrupted
2019-08-07 03:48:24,274 INFO  impl.LeaderElection (LeaderElection.java:logAndReturn(56)) - 961187a3-8668-452f-8b74-0209867b1080:group-051F78E6C7B1:LeaderElection19: Election PASSED; received 1 response(s) [961187a3-8668-452f-8b74-0209867b1080<-0bbcd879-c78e-4773-8a35-7ac80a545710#0:OK-t1] and 0 exception(s); 961187a3-8668-452f-8b74-0209867b1080:t1, leader=null, voted=961187a3-8668-452f-8b74-0209867b1080, raftlog=961187a3-8668-452f-8b74-0209867b1080-SegmentedRaftLog:OPENED:c-1,f-1,i0, conf=-1: [d8e8dedd-b554-4429-b41d-4482edac5b6d:192.168.157.245:36251, 0bbcd879-c78e-4773-8a35-7ac80a545710:192.168.157.245:43277, 961187a3-8668-452f-8b74-0209867b1080:192.168.157.245:34365], old=null
2019-08-07 03:48:24,274 INFO  impl.RoleInfo (RoleInfo.java:shutdownLeaderElection(134)) - 961187a3-8668-452f-8b74-0209867b1080: shutdown LeaderElection
2019-08-07 03:48:24,274 INFO  impl.RaftServerImpl (RaftServerImpl.java:setRole(171)) - 961187a3-8668-452f-8b74-0209867b1080:group-051F78E6C7B1 changes role from CANDIDATE to LEADER at term 1 for changeToLeader
2019-08-07 03:48:24,275 INFO  impl.RaftServerImpl (ServerState.java:setLeader(263)) - 961187a3-8668-452f-8b74-0209867b1080:group-051F78E6C7B1 change Leader from null to 961187a3-8668-452f-8b74-0209867b1080 at term 1 for becomeLeader, leader elected after 5138ms
2019-08-07 03:48:24,275 INFO  server.RaftServerConfigKeys (ConfUtils.java:logGet(43)) - raft.server.staging.catchup.gap = 1000 (default)
2019-08-07 03:48:24,275 INFO  server.RaftServerConfigKeys (ConfUtils.java:logGet(43)) - raft.server.rpc.sleep.time = 25ms (default)
2019-08-07 03:48:24,275 INFO  server.RaftServerConfigKeys (ConfUtils.java:logGet(43)) - raft.server.write.element-limit = 4096 (default)
2019-08-07 03:48:24,275 INFO  server.RaftServerConfigKeys (ConfUtils.java:logGet(43)) - raft.server.watch.timeout = 10s (default)
2019-08-07 03:48:24,275 INFO  server.RaftServerConfigKeys (ConfUtils.java:logGet(43)) - raft.server.watch.timeout.denomination = 1s (default)
2019-08-07 03:48:24,275 INFO  server.RaftServerConfigKeys (ConfUtils.java:logGet(43)) - raft.server.watch.element-limit = 65536 (default)
2019-08-07 03:48:24,276 INFO  server.RaftServerConfigKeys (ConfUtils.java:logGet(43)) - raft.server.log.appender.snapshot.chunk.size.max = 16MB (=16777216) (default)
2019-08-07 03:48:24,276 INFO  server.RaftServerConfigKeys (ConfUtils.java:logGet(43)) - raft.server.log.appender.buffer.byte-limit = 33554432 (custom)
2019-08-07 03:48:24,276 INFO  server.RaftServerConfigKeys (ConfUtils.java:logGet(43)) - raft.server.log.appender.buffer.element-limit = 1 (custom)
2019-08-07 03:48:24,276 INFO  grpc.GrpcConfigKeys$Server (ConfUtils.java:logGet(43)) - raft.grpc.server.leader.outstanding.appends.max = 128 (default)
2019-08-07 03:48:24,276 INFO  server.RaftServerConfigKeys (ConfUtils.java:logGet(43)) - raft.server.rpc.request.timeout = 3000ms (default)
2019-08-07 03:48:24,277 INFO  server.RaftServerConfigKeys (ConfUtils.java:logGet(43)) - raft.server.log.appender.install.snapshot.enabled = false (custom)
2019-08-07 03:48:24,277 INFO  server.RaftServerConfigKeys (ConfUtils.java:logGet(43)) - raft.server.log.appender.snapshot.chunk.size.max = 16MB (=16777216) (default)
2019-08-07 03:48:24,277 INFO  server.RaftServerConfigKeys (ConfUtils.java:logGet(43)) - raft.server.log.appender.buffer.byte-limit = 33554432 (custom)
2019-08-07 03:48:24,277 INFO  server.RaftServerConfigKeys (ConfUtils.java:logGet(43)) - raft.server.log.appender.buffer.element-limit = 1 (custom)
2019-08-07 03:48:24,277 INFO  grpc.GrpcConfigKeys$Server (ConfUtils.java:logGet(43)) - raft.grpc.server.leader.outstanding.appends.max = 128 (default)
2019-08-07 03:48:24,277 INFO  server.RaftServerConfigKeys (ConfUtils.java:logGet(43)) - raft.server.rpc.request.timeout = 3000ms (default)
2019-08-07 03:48:24,277 INFO  server.RaftServerConfigKeys (ConfUtils.java:logGet(43)) - raft.server.log.appender.install.snapshot.enabled = false (custom)
2019-08-07 03:48:24,277 INFO  impl.RoleInfo (RoleInfo.java:updateAndGet(143)) - 961187a3-8668-452f-8b74-0209867b1080: start LeaderState
2019-08-07 03:48:24,278 INFO  segmented.SegmentedRaftLogWorker (SegmentedRaftLogWorker.java:startLogSegment(380)) - 961187a3-8668-452f-8b74-0209867b1080-SegmentedRaftLogWorker:Storage Directory /workdir/hadoop-ozone/integration-test/target/test-dir/MiniOzoneClusterImpl-13422be5-0f54-42a0-8685-8e8a9f9c51cc/datanode-2/data/ratis/365a4eb4-4897-4dbb-b308-051f78e6c7b1: Starting segment from index:0
2019-08-07 03:48:24,281 INFO  impl.RaftServerImpl (ServerState.java:setRaftConf(361)) - 961187a3-8668-452f-8b74-0209867b1080:group-051F78E6C7B1 set configuration 0: [d8e8dedd-b554-4429-b41d-4482edac5b6d:192.168.157.245:36251, 0bbcd879-c78e-4773-8a35-7ac80a545710:192.168.157.245:43277, 961187a3-8668-452f-8b74-0209867b1080:192.168.157.245:34365], old=null at 0
2019-08-07 03:48:24,303 INFO  segmented.SegmentedRaftLogWorker (SegmentedRaftLogWorker.java:execute(569)) - 961187a3-8668-452f-8b74-0209867b1080-SegmentedRaftLogWorker:Storage Directory /workdir/hadoop-ozone/integration-test/target/test-dir/MiniOzoneClusterImpl-13422be5-0f54-42a0-8685-8e8a9f9c51cc/datanode-2/data/ratis/365a4eb4-4897-4dbb-b308-051f78e6c7b1: created new log segment /workdir/hadoop-ozone/integration-test/target/test-dir/MiniOzoneClusterImpl-13422be5-0f54-42a0-8685-8e8a9f9c51cc/datanode-2/data/ratis/365a4eb4-4897-4dbb-b308-051f78e6c7b1/current/log_inprogress_0
2019-08-07 03:48:24,303 INFO  impl.RaftServerImpl (ServerState.java:setLeader(263)) - 0bbcd879-c78e-4773-8a35-7ac80a545710:group-051F78E6C7B1 change Leader from null to 961187a3-8668-452f-8b74-0209867b1080 at term 1 for appendEntries, leader elected after 5167ms
2019-08-07 03:48:24,303 INFO  impl.RaftServerImpl (ServerState.java:setLeader(263)) - d8e8dedd-b554-4429-b41d-4482edac5b6d:group-051F78E6C7B1 change Leader from null to 961187a3-8668-452f-8b74-0209867b1080 at term 1 for appendEntries, leader elected after 5167ms
2019-08-07 03:48:24,308 INFO  impl.RaftServerImpl (ServerState.java:setRaftConf(361)) - 0bbcd879-c78e-4773-8a35-7ac80a545710:group-051F78E6C7B1 set configuration 0: [d8e8dedd-b554-4429-b41d-4482edac5b6d:192.168.157.245:36251, 0bbcd879-c78e-4773-8a35-7ac80a545710:192.168.157.245:43277, 961187a3-8668-452f-8b74-0209867b1080:192.168.157.245:34365], old=null at 0
2019-08-07 03:48:24,308 INFO  impl.RaftServerImpl (ServerState.java:setRaftConf(361)) - d8e8dedd-b554-4429-b41d-4482edac5b6d:group-051F78E6C7B1 set configuration 0: [d8e8dedd-b554-4429-b41d-4482edac5b6d:192.168.157.245:36251, 0bbcd879-c78e-4773-8a35-7ac80a545710:192.168.157.245:43277, 961187a3-8668-452f-8b74-0209867b1080:192.168.157.245:34365], old=null at 0
2019-08-07 03:48:24,308 INFO  segmented.SegmentedRaftLogWorker (SegmentedRaftLogWorker.java:startLogSegment(380)) - 0bbcd879-c78e-4773-8a35-7ac80a545710-SegmentedRaftLogWorker:Storage Directory /workdir/hadoop-ozone/integration-test/target/test-dir/MiniOzoneClusterImpl-13422be5-0f54-42a0-8685-8e8a9f9c51cc/datanode-1/data/ratis/365a4eb4-4897-4dbb-b308-051f78e6c7b1: Starting segment from index:0
2019-08-07 03:48:24,309 INFO  segmented.SegmentedRaftLogWorker (SegmentedRaftLogWorker.java:startLogSegment(380)) - d8e8dedd-b554-4429-b41d-4482edac5b6d-SegmentedRaftLogWorker:Storage Directory /workdir/hadoop-ozone/integration-test/target/test-dir/MiniOzoneClusterImpl-13422be5-0f54-42a0-8685-8e8a9f9c51cc/datanode-0/data/ratis/365a4eb4-4897-4dbb-b308-051f78e6c7b1: Starting segment from index:0
2019-08-07 03:48:24,330 INFO  segmented.SegmentedRaftLogWorker (SegmentedRaftLogWorker.java:execute(569)) - 0bbcd879-c78e-4773-8a35-7ac80a545710-SegmentedRaftLogWorker:Storage Directory /workdir/hadoop-ozone/integration-test/target/test-dir/MiniOzoneClusterImpl-13422be5-0f54-42a0-8685-8e8a9f9c51cc/datanode-1/data/ratis/365a4eb4-4897-4dbb-b308-051f78e6c7b1: created new log segment /workdir/hadoop-ozone/integration-test/target/test-dir/MiniOzoneClusterImpl-13422be5-0f54-42a0-8685-8e8a9f9c51cc/datanode-1/data/ratis/365a4eb4-4897-4dbb-b308-051f78e6c7b1/current/log_inprogress_0
2019-08-07 03:48:24,330 INFO  segmented.SegmentedRaftLogWorker (SegmentedRaftLogWorker.java:execute(569)) - d8e8dedd-b554-4429-b41d-4482edac5b6d-SegmentedRaftLogWorker:Storage Directory /workdir/hadoop-ozone/integration-test/target/test-dir/MiniOzoneClusterImpl-13422be5-0f54-42a0-8685-8e8a9f9c51cc/datanode-0/data/ratis/365a4eb4-4897-4dbb-b308-051f78e6c7b1: created new log segment /workdir/hadoop-ozone/integration-test/target/test-dir/MiniOzoneClusterImpl-13422be5-0f54-42a0-8685-8e8a9f9c51cc/datanode-0/data/ratis/365a4eb4-4897-4dbb-b308-051f78e6c7b1/current/log_inprogress_0
2019-08-07 03:48:24,397 INFO  impl.FollowerState (FollowerState.java:run(106)) - 084644e9-8d0e-46ef-94f4-71b7ec4ffb0e:group-86EC0BBAE070 changes to CANDIDATE, lastRpcTime:5128, electionTimeout:5128ms
2019-08-07 03:48:24,397 INFO  impl.RoleInfo (RoleInfo.java:shutdownFollowerState(121)) - 084644e9-8d0e-46ef-94f4-71b7ec4ffb0e: shutdown FollowerState
2019-08-07 03:48:24,398 INFO  impl.RaftServerImpl (RaftServerImpl.java:setRole(171)) - 084644e9-8d0e-46ef-94f4-71b7ec4ffb0e:group-86EC0BBAE070 changes role from FOLLOWER to CANDIDATE at term 0 for changeToCandidate
2019-08-07 03:48:24,398 INFO  impl.RoleInfo (RoleInfo.java:updateAndGet(143)) - 084644e9-8d0e-46ef-94f4-71b7ec4ffb0e: start LeaderElection
2019-08-07 03:48:24,417 INFO  impl.LeaderElection (LeaderElection.java:askForVotes(181)) - 084644e9-8d0e-46ef-94f4-71b7ec4ffb0e:group-86EC0BBAE070:LeaderElection20: begin an election at term 1 for -1: [084644e9-8d0e-46ef-94f4-71b7ec4ffb0e:192.168.157.245:35520], old=null
2019-08-07 03:48:24,418 INFO  impl.RoleInfo (RoleInfo.java:shutdownLeaderElection(134)) - 084644e9-8d0e-46ef-94f4-71b7ec4ffb0e: shutdown LeaderElection
2019-08-07 03:48:24,418 INFO  impl.RaftServerImpl (RaftServerImpl.java:setRole(171)) - 084644e9-8d0e-46ef-94f4-71b7ec4ffb0e:group-86EC0BBAE070 changes role from CANDIDATE to LEADER at term 1 for changeToLeader
2019-08-07 03:48:24,418 INFO  impl.RaftServerImpl (ServerState.java:setLeader(263)) - 084644e9-8d0e-46ef-94f4-71b7ec4ffb0e:group-86EC0BBAE070 change Leader from null to 084644e9-8d0e-46ef-94f4-71b7ec4ffb0e at term 1 for becomeLeader, leader elected after 5155ms
2019-08-07 03:48:24,420 INFO  server.RaftServerConfigKeys (ConfUtils.java:logGet(43)) - raft.server.staging.catchup.gap = 1000 (default)
2019-08-07 03:48:24,421 INFO  server.RaftServerConfigKeys (ConfUtils.java:logGet(43)) - raft.server.rpc.sleep.time = 25ms (default)
2019-08-07 03:48:24,421 INFO  server.RaftServerConfigKeys (ConfUtils.java:logGet(43)) - raft.server.write.element-limit = 4096 (default)
2019-08-07 03:48:24,421 INFO  server.RaftServerConfigKeys (ConfUtils.java:logGet(43)) - raft.server.watch.timeout = 10s (default)
2019-08-07 03:48:24,421 INFO  server.RaftServerConfigKeys (ConfUtils.java:logGet(43)) - raft.server.watch.timeout.denomination = 1s (default)
2019-08-07 03:48:24,422 INFO  server.RaftServerConfigKeys (ConfUtils.java:logGet(43)) - raft.server.watch.element-limit = 65536 (default)
2019-08-07 03:48:24,422 INFO  impl.RoleInfo (RoleInfo.java:updateAndGet(143)) - 084644e9-8d0e-46ef-94f4-71b7ec4ffb0e: start LeaderState
2019-08-07 03:48:24,422 INFO  segmented.SegmentedRaftLogWorker (SegmentedRaftLogWorker.java:startLogSegment(380)) - 084644e9-8d0e-46ef-94f4-71b7ec4ffb0e-SegmentedRaftLogWorker:Storage Directory /workdir/hadoop-ozone/integration-test/target/test-dir/MiniOzoneClusterImpl-13422be5-0f54-42a0-8685-8e8a9f9c51cc/datanode-3/data/ratis/d5a32a6d-b36f-4b2c-8a1e-86ec0bbae070: Starting segment from index:0
2019-08-07 03:48:24,423 INFO  impl.RaftServerImpl (ServerState.java:setRaftConf(361)) - 084644e9-8d0e-46ef-94f4-71b7ec4ffb0e:group-86EC0BBAE070 set configuration 0: [084644e9-8d0e-46ef-94f4-71b7ec4ffb0e:192.168.157.245:35520], old=null at 0
2019-08-07 03:48:24,456 INFO  segmented.SegmentedRaftLogWorker (SegmentedRaftLogWorker.java:execute(569)) - 084644e9-8d0e-46ef-94f4-71b7ec4ffb0e-SegmentedRaftLogWorker:Storage Directory /workdir/hadoop-ozone/integration-test/target/test-dir/MiniOzoneClusterImpl-13422be5-0f54-42a0-8685-8e8a9f9c51cc/datanode-3/data/ratis/d5a32a6d-b36f-4b2c-8a1e-86ec0bbae070: created new log segment /workdir/hadoop-ozone/integration-test/target/test-dir/MiniOzoneClusterImpl-13422be5-0f54-42a0-8685-8e8a9f9c51cc/datanode-3/data/ratis/d5a32a6d-b36f-4b2c-8a1e-86ec0bbae070/current/log_inprogress_0
2019-08-07 03:48:24,626 INFO  impl.FollowerState (FollowerState.java:run(106)) - ead1c4ed-749c-44c7-b9cd-44af1bc78f5d:group-AE41E92D986B changes to CANDIDATE, lastRpcTime:5041, electionTimeout:5041ms
2019-08-07 03:48:24,626 INFO  impl.RoleInfo (RoleInfo.java:shutdownFollowerState(121)) - ead1c4ed-749c-44c7-b9cd-44af1bc78f5d: shutdown FollowerState
2019-08-07 03:48:24,626 INFO  impl.RaftServerImpl (RaftServerImpl.java:setRole(171)) - ead1c4ed-749c-44c7-b9cd-44af1bc78f5d:group-AE41E92D986B changes role from FOLLOWER to CANDIDATE at term 0 for changeToCandidate
2019-08-07 03:48:24,627 INFO  impl.RoleInfo (RoleInfo.java:updateAndGet(143)) - ead1c4ed-749c-44c7-b9cd-44af1bc78f5d: start LeaderElection
2019-08-07 03:48:24,645 INFO  impl.LeaderElection (LeaderElection.java:askForVotes(181)) - ead1c4ed-749c-44c7-b9cd-44af1bc78f5d:group-AE41E92D986B:LeaderElection21: begin an election at term 1 for -1: [ead1c4ed-749c-44c7-b9cd-44af1bc78f5d:192.168.157.245:35660], old=null
2019-08-07 03:48:24,645 INFO  impl.RoleInfo (RoleInfo.java:shutdownLeaderElection(134)) - ead1c4ed-749c-44c7-b9cd-44af1bc78f5d: shutdown LeaderElection
2019-08-07 03:48:24,645 INFO  impl.RaftServerImpl (RaftServerImpl.java:setRole(171)) - ead1c4ed-749c-44c7-b9cd-44af1bc78f5d:group-AE41E92D986B changes role from CANDIDATE to LEADER at term 1 for changeToLeader
2019-08-07 03:48:24,645 INFO  impl.RaftServerImpl (ServerState.java:setLeader(263)) - ead1c4ed-749c-44c7-b9cd-44af1bc78f5d:group-AE41E92D986B change Leader from null to ead1c4ed-749c-44c7-b9cd-44af1bc78f5d at term 1 for becomeLeader, leader elected after 5065ms
2019-08-07 03:48:24,648 INFO  server.RaftServerConfigKeys (ConfUtils.java:logGet(43)) - raft.server.staging.catchup.gap = 1000 (default)
2019-08-07 03:48:24,648 INFO  server.RaftServerConfigKeys (ConfUtils.java:logGet(43)) - raft.server.rpc.sleep.time = 25ms (default)
2019-08-07 03:48:24,648 INFO  server.RaftServerConfigKeys (ConfUtils.java:logGet(43)) - raft.server.write.element-limit = 4096 (default)
2019-08-07 03:48:24,648 INFO  server.RaftServerConfigKeys (ConfUtils.java:logGet(43)) - raft.server.watch.timeout = 10s (default)
2019-08-07 03:48:24,649 INFO  server.RaftServerConfigKeys (ConfUtils.java:logGet(43)) - raft.server.watch.timeout.denomination = 1s (default)
2019-08-07 03:48:24,649 INFO  server.RaftServerConfigKeys (ConfUtils.java:logGet(43)) - raft.server.watch.element-limit = 65536 (default)
2019-08-07 03:48:24,649 INFO  impl.RoleInfo (RoleInfo.java:updateAndGet(143)) - ead1c4ed-749c-44c7-b9cd-44af1bc78f5d: start LeaderState
2019-08-07 03:48:24,649 INFO  segmented.SegmentedRaftLogWorker (SegmentedRaftLogWorker.java:startLogSegment(380)) - ead1c4ed-749c-44c7-b9cd-44af1bc78f5d-SegmentedRaftLogWorker:Storage Directory /workdir/hadoop-ozone/integration-test/target/test-dir/MiniOzoneClusterImpl-13422be5-0f54-42a0-8685-8e8a9f9c51cc/datanode-4/data/ratis/7eeacc80-a395-4dfe-bb36-ae41e92d986b: Starting segment from index:0
2019-08-07 03:48:24,650 INFO  impl.RaftServerImpl (ServerState.java:setRaftConf(361)) - ead1c4ed-749c-44c7-b9cd-44af1bc78f5d:group-AE41E92D986B set configuration 0: [ead1c4ed-749c-44c7-b9cd-44af1bc78f5d:192.168.157.245:35660], old=null at 0
2019-08-07 03:48:24,683 INFO  segmented.SegmentedRaftLogWorker (SegmentedRaftLogWorker.java:execute(569)) - ead1c4ed-749c-44c7-b9cd-44af1bc78f5d-SegmentedRaftLogWorker:Storage Directory /workdir/hadoop-ozone/integration-test/target/test-dir/MiniOzoneClusterImpl-13422be5-0f54-42a0-8685-8e8a9f9c51cc/datanode-4/data/ratis/7eeacc80-a395-4dfe-bb36-ae41e92d986b: created new log segment /workdir/hadoop-ozone/integration-test/target/test-dir/MiniOzoneClusterImpl-13422be5-0f54-42a0-8685-8e8a9f9c51cc/datanode-4/data/ratis/7eeacc80-a395-4dfe-bb36-ae41e92d986b/current/log_inprogress_0
2019-08-07 03:48:24,897 INFO  impl.FollowerState (FollowerState.java:run(106)) - 084644e9-8d0e-46ef-94f4-71b7ec4ffb0e:group-13E49C4CFC01 changes to CANDIDATE, lastRpcTime:5005, electionTimeout:5003ms
2019-08-07 03:48:24,897 INFO  impl.RoleInfo (RoleInfo.java:shutdownFollowerState(121)) - 084644e9-8d0e-46ef-94f4-71b7ec4ffb0e: shutdown FollowerState
2019-08-07 03:48:24,897 INFO  impl.RaftServerImpl (RaftServerImpl.java:setRole(171)) - 084644e9-8d0e-46ef-94f4-71b7ec4ffb0e:group-13E49C4CFC01 changes role from FOLLOWER to CANDIDATE at term 0 for changeToCandidate
2019-08-07 03:48:24,898 INFO  impl.RoleInfo (RoleInfo.java:updateAndGet(143)) - 084644e9-8d0e-46ef-94f4-71b7ec4ffb0e: start LeaderElection
2019-08-07 03:48:24,941 INFO  impl.LeaderElection (LeaderElection.java:askForVotes(181)) - 084644e9-8d0e-46ef-94f4-71b7ec4ffb0e:group-13E49C4CFC01:LeaderElection22: begin an election at term 1 for -1: [ead1c4ed-749c-44c7-b9cd-44af1bc78f5d:192.168.157.245:35660, 084644e9-8d0e-46ef-94f4-71b7ec4ffb0e:192.168.157.245:35520, b911820e-b08c-4e4e-a398-345134e61fee:192.168.157.245:46541], old=null
2019-08-07 03:48:24,946 INFO  impl.FollowerState (FollowerState.java:run(106)) - b911820e-b08c-4e4e-a398-345134e61fee:group-0625C8878656 changes to CANDIDATE, lastRpcTime:5124, electionTimeout:5124ms
2019-08-07 03:48:24,946 INFO  impl.RoleInfo (RoleInfo.java:shutdownFollowerState(121)) - b911820e-b08c-4e4e-a398-345134e61fee: shutdown FollowerState
2019-08-07 03:48:24,946 INFO  impl.RaftServerImpl (RaftServerImpl.java:setRole(171)) - b911820e-b08c-4e4e-a398-345134e61fee:group-0625C8878656 changes role from FOLLOWER to CANDIDATE at term 0 for changeToCandidate
2019-08-07 03:48:24,946 INFO  impl.RoleInfo (RoleInfo.java:updateAndGet(143)) - b911820e-b08c-4e4e-a398-345134e61fee: start LeaderElection
2019-08-07 03:48:24,953 INFO  impl.RaftServerImpl (RaftServerImpl.java:setRole(171)) - ead1c4ed-749c-44c7-b9cd-44af1bc78f5d:group-13E49C4CFC01 changes role from FOLLOWER to FOLLOWER at term 1 for recognizeCandidate:084644e9-8d0e-46ef-94f4-71b7ec4ffb0e
2019-08-07 03:48:24,953 INFO  impl.RaftServerImpl (RaftServerImpl.java:setRole(171)) - b911820e-b08c-4e4e-a398-345134e61fee:group-13E49C4CFC01 changes role from FOLLOWER to FOLLOWER at term 1 for recognizeCandidate:084644e9-8d0e-46ef-94f4-71b7ec4ffb0e
2019-08-07 03:48:24,954 INFO  impl.RoleInfo (RoleInfo.java:shutdownFollowerState(121)) - ead1c4ed-749c-44c7-b9cd-44af1bc78f5d: shutdown FollowerState
2019-08-07 03:48:24,954 INFO  impl.RoleInfo (RoleInfo.java:shutdownFollowerState(121)) - b911820e-b08c-4e4e-a398-345134e61fee: shutdown FollowerState
2019-08-07 03:48:24,954 INFO  impl.FollowerState (FollowerState.java:run(114)) - ead1c4ed-749c-44c7-b9cd-44af1bc78f5d: FollowerState was interrupted: java.lang.InterruptedException: sleep interrupted
2019-08-07 03:48:24,954 INFO  impl.FollowerState (FollowerState.java:run(114)) - b911820e-b08c-4e4e-a398-345134e61fee: FollowerState was interrupted: java.lang.InterruptedException: sleep interrupted
2019-08-07 03:48:24,954 INFO  impl.RoleInfo (RoleInfo.java:updateAndGet(143)) - b911820e-b08c-4e4e-a398-345134e61fee: start FollowerState
2019-08-07 03:48:24,954 INFO  impl.RoleInfo (RoleInfo.java:updateAndGet(143)) - ead1c4ed-749c-44c7-b9cd-44af1bc78f5d: start FollowerState
2019-08-07 03:48:24,960 INFO  impl.LeaderElection (LeaderElection.java:askForVotes(181)) - b911820e-b08c-4e4e-a398-345134e61fee:group-0625C8878656:LeaderElection23: begin an election at term 1 for -1: [b911820e-b08c-4e4e-a398-345134e61fee:192.168.157.245:46541], old=null
2019-08-07 03:48:24,962 INFO  impl.RoleInfo (RoleInfo.java:shutdownLeaderElection(134)) - b911820e-b08c-4e4e-a398-345134e61fee: shutdown LeaderElection
2019-08-07 03:48:24,962 INFO  impl.RaftServerImpl (RaftServerImpl.java:setRole(171)) - b911820e-b08c-4e4e-a398-345134e61fee:group-0625C8878656 changes role from CANDIDATE to LEADER at term 1 for changeToLeader
2019-08-07 03:48:24,962 INFO  impl.RaftServerImpl (ServerState.java:setLeader(263)) - b911820e-b08c-4e4e-a398-345134e61fee:group-0625C8878656 change Leader from null to b911820e-b08c-4e4e-a398-345134e61fee at term 1 for becomeLeader, leader elected after 5145ms
2019-08-07 03:48:24,965 INFO  server.RaftServerConfigKeys (ConfUtils.java:logGet(43)) - raft.server.staging.catchup.gap = 1000 (default)
2019-08-07 03:48:24,965 INFO  server.RaftServerConfigKeys (ConfUtils.java:logGet(43)) - raft.server.rpc.sleep.time = 25ms (default)
2019-08-07 03:48:24,965 INFO  server.RaftServerConfigKeys (ConfUtils.java:logGet(43)) - raft.server.write.element-limit = 4096 (default)
2019-08-07 03:48:24,965 INFO  server.RaftServerConfigKeys (ConfUtils.java:logGet(43)) - raft.server.watch.timeout = 10s (default)
2019-08-07 03:48:24,965 INFO  server.RaftServerConfigKeys (ConfUtils.java:logGet(43)) - raft.server.watch.timeout.denomination = 1s (default)
2019-08-07 03:48:24,966 INFO  server.RaftServerConfigKeys (ConfUtils.java:logGet(43)) - raft.server.watch.element-limit = 65536 (default)
2019-08-07 03:48:24,966 INFO  impl.RoleInfo (RoleInfo.java:updateAndGet(143)) - b911820e-b08c-4e4e-a398-345134e61fee: start LeaderState
2019-08-07 03:48:24,966 INFO  impl.LeaderElection (LeaderElection.java:logAndReturn(56)) - 084644e9-8d0e-46ef-94f4-71b7ec4ffb0e:group-13E49C4CFC01:LeaderElection22: Election PASSED; received 1 response(s) [084644e9-8d0e-46ef-94f4-71b7ec4ffb0e<-b911820e-b08c-4e4e-a398-345134e61fee#0:OK-t1] and 0 exception(s); 084644e9-8d0e-46ef-94f4-71b7ec4ffb0e:t1, leader=null, voted=084644e9-8d0e-46ef-94f4-71b7ec4ffb0e, raftlog=084644e9-8d0e-46ef-94f4-71b7ec4ffb0e-SegmentedRaftLog:OPENED:c-1,f-1,i0, conf=-1: [ead1c4ed-749c-44c7-b9cd-44af1bc78f5d:192.168.157.245:35660, 084644e9-8d0e-46ef-94f4-71b7ec4ffb0e:192.168.157.245:35520, b911820e-b08c-4e4e-a398-345134e61fee:192.168.157.245:46541], old=null
2019-08-07 03:48:24,966 INFO  segmented.SegmentedRaftLogWorker (SegmentedRaftLogWorker.java:startLogSegment(380)) - b911820e-b08c-4e4e-a398-345134e61fee-SegmentedRaftLogWorker:Storage Directory /workdir/hadoop-ozone/integration-test/target/test-dir/MiniOzoneClusterImpl-13422be5-0f54-42a0-8685-8e8a9f9c51cc/datanode-5/data/ratis/f0f2f31a-3644-4e2e-8d9a-0625c8878656: Starting segment from index:0
2019-08-07 03:48:24,966 INFO  impl.RoleInfo (RoleInfo.java:shutdownLeaderElection(134)) - 084644e9-8d0e-46ef-94f4-71b7ec4ffb0e: shutdown LeaderElection
2019-08-07 03:48:24,967 INFO  impl.RaftServerImpl (RaftServerImpl.java:setRole(171)) - 084644e9-8d0e-46ef-94f4-71b7ec4ffb0e:group-13E49C4CFC01 changes role from CANDIDATE to LEADER at term 1 for changeToLeader
2019-08-07 03:48:24,967 INFO  impl.RaftServerImpl (ServerState.java:setLeader(263)) - 084644e9-8d0e-46ef-94f4-71b7ec4ffb0e:group-13E49C4CFC01 change Leader from null to 084644e9-8d0e-46ef-94f4-71b7ec4ffb0e at term 1 for becomeLeader, leader elected after 5084ms
2019-08-07 03:48:24,967 INFO  impl.RaftServerImpl (ServerState.java:setRaftConf(361)) - b911820e-b08c-4e4e-a398-345134e61fee:group-0625C8878656 set configuration 0: [b911820e-b08c-4e4e-a398-345134e61fee:192.168.157.245:46541], old=null at 0
2019-08-07 03:48:24,967 INFO  server.RaftServerConfigKeys (ConfUtils.java:logGet(43)) - raft.server.staging.catchup.gap = 1000 (default)
2019-08-07 03:48:24,989 INFO  server.RaftServerConfigKeys (ConfUtils.java:logGet(43)) - raft.server.rpc.sleep.time = 25ms (default)
2019-08-07 03:48:24,989 INFO  server.RaftServerConfigKeys (ConfUtils.java:logGet(43)) - raft.server.write.element-limit = 4096 (default)
2019-08-07 03:48:24,989 INFO  server.RaftServerConfigKeys (ConfUtils.java:logGet(43)) - raft.server.watch.timeout = 10s (default)
2019-08-07 03:48:24,989 INFO  server.RaftServerConfigKeys (ConfUtils.java:logGet(43)) - raft.server.watch.timeout.denomination = 1s (default)
2019-08-07 03:48:24,989 INFO  server.RaftServerConfigKeys (ConfUtils.java:logGet(43)) - raft.server.watch.element-limit = 65536 (default)
2019-08-07 03:48:24,990 INFO  server.RaftServerConfigKeys (ConfUtils.java:logGet(43)) - raft.server.log.appender.snapshot.chunk.size.max = 16MB (=16777216) (default)
2019-08-07 03:48:24,990 INFO  server.RaftServerConfigKeys (ConfUtils.java:logGet(43)) - raft.server.log.appender.buffer.byte-limit = 33554432 (custom)
2019-08-07 03:48:24,990 INFO  server.RaftServerConfigKeys (ConfUtils.java:logGet(43)) - raft.server.log.appender.buffer.element-limit = 1 (custom)
2019-08-07 03:48:24,991 INFO  grpc.GrpcConfigKeys$Server (ConfUtils.java:logGet(43)) - raft.grpc.server.leader.outstanding.appends.max = 128 (default)
2019-08-07 03:48:24,991 INFO  server.RaftServerConfigKeys (ConfUtils.java:logGet(43)) - raft.server.rpc.request.timeout = 3000ms (default)
2019-08-07 03:48:24,991 INFO  server.RaftServerConfigKeys (ConfUtils.java:logGet(43)) - raft.server.log.appender.install.snapshot.enabled = false (custom)
2019-08-07 03:48:24,991 INFO  server.RaftServerConfigKeys (ConfUtils.java:logGet(43)) - raft.server.log.appender.snapshot.chunk.size.max = 16MB (=16777216) (default)
2019-08-07 03:48:24,992 INFO  server.RaftServerConfigKeys (ConfUtils.java:logGet(43)) - raft.server.log.appender.buffer.byte-limit = 33554432 (custom)
2019-08-07 03:48:24,992 INFO  server.RaftServerConfigKeys (ConfUtils.java:logGet(43)) - raft.server.log.appender.buffer.element-limit = 1 (custom)
2019-08-07 03:48:24,992 INFO  segmented.SegmentedRaftLogWorker (SegmentedRaftLogWorker.java:execute(569)) - b911820e-b08c-4e4e-a398-345134e61fee-SegmentedRaftLogWorker:Storage Directory /workdir/hadoop-ozone/integration-test/target/test-dir/MiniOzoneClusterImpl-13422be5-0f54-42a0-8685-8e8a9f9c51cc/datanode-5/data/ratis/f0f2f31a-3644-4e2e-8d9a-0625c8878656: created new log segment /workdir/hadoop-ozone/integration-test/target/test-dir/MiniOzoneClusterImpl-13422be5-0f54-42a0-8685-8e8a9f9c51cc/datanode-5/data/ratis/f0f2f31a-3644-4e2e-8d9a-0625c8878656/current/log_inprogress_0
2019-08-07 03:48:24,992 INFO  grpc.GrpcConfigKeys$Server (ConfUtils.java:logGet(43)) - raft.grpc.server.leader.outstanding.appends.max = 128 (default)
2019-08-07 03:48:24,992 INFO  server.RaftServerConfigKeys (ConfUtils.java:logGet(43)) - raft.server.rpc.request.timeout = 3000ms (default)
2019-08-07 03:48:24,993 INFO  server.RaftServerConfigKeys (ConfUtils.java:logGet(43)) - raft.server.log.appender.install.snapshot.enabled = false (custom)
2019-08-07 03:48:24,993 INFO  impl.RoleInfo (RoleInfo.java:updateAndGet(143)) - 084644e9-8d0e-46ef-94f4-71b7ec4ffb0e: start LeaderState
2019-08-07 03:48:24,993 INFO  segmented.SegmentedRaftLogWorker (SegmentedRaftLogWorker.java:startLogSegment(380)) - 084644e9-8d0e-46ef-94f4-71b7ec4ffb0e-SegmentedRaftLogWorker:Storage Directory /workdir/hadoop-ozone/integration-test/target/test-dir/MiniOzoneClusterImpl-13422be5-0f54-42a0-8685-8e8a9f9c51cc/datanode-3/data/ratis/3d17a2ef-6e90-4e31-80ed-13e49c4cfc01: Starting segment from index:0
2019-08-07 03:48:24,994 INFO  impl.RaftServerImpl (ServerState.java:setRaftConf(361)) - 084644e9-8d0e-46ef-94f4-71b7ec4ffb0e:group-13E49C4CFC01 set configuration 0: [ead1c4ed-749c-44c7-b9cd-44af1bc78f5d:192.168.157.245:35660, 084644e9-8d0e-46ef-94f4-71b7ec4ffb0e:192.168.157.245:35520, b911820e-b08c-4e4e-a398-345134e61fee:192.168.157.245:46541], old=null at 0
2019-08-07 03:48:25,017 INFO  impl.RaftServerImpl (ServerState.java:setLeader(263)) - b911820e-b08c-4e4e-a398-345134e61fee:group-13E49C4CFC01 change Leader from null to 084644e9-8d0e-46ef-94f4-71b7ec4ffb0e at term 1 for appendEntries, leader elected after 5134ms
2019-08-07 03:48:25,017 INFO  impl.RaftServerImpl (ServerState.java:setLeader(263)) - ead1c4ed-749c-44c7-b9cd-44af1bc78f5d:group-13E49C4CFC01 change Leader from null to 084644e9-8d0e-46ef-94f4-71b7ec4ffb0e at term 1 for appendEntries, leader elected after 5134ms
2019-08-07 03:48:25,017 INFO  segmented.SegmentedRaftLogWorker (SegmentedRaftLogWorker.java:execute(569)) - 084644e9-8d0e-46ef-94f4-71b7ec4ffb0e-SegmentedRaftLogWorker:Storage Directory /workdir/hadoop-ozone/integration-test/target/test-dir/MiniOzoneClusterImpl-13422be5-0f54-42a0-8685-8e8a9f9c51cc/datanode-3/data/ratis/3d17a2ef-6e90-4e31-80ed-13e49c4cfc01: created new log segment /workdir/hadoop-ozone/integration-test/target/test-dir/MiniOzoneClusterImpl-13422be5-0f54-42a0-8685-8e8a9f9c51cc/datanode-3/data/ratis/3d17a2ef-6e90-4e31-80ed-13e49c4cfc01/current/log_inprogress_0
2019-08-07 03:48:25,029 INFO  impl.RaftServerImpl (ServerState.java:setRaftConf(361)) - b911820e-b08c-4e4e-a398-345134e61fee:group-13E49C4CFC01 set configuration 0: [ead1c4ed-749c-44c7-b9cd-44af1bc78f5d:192.168.157.245:35660, 084644e9-8d0e-46ef-94f4-71b7ec4ffb0e:192.168.157.245:35520, b911820e-b08c-4e4e-a398-345134e61fee:192.168.157.245:46541], old=null at 0
2019-08-07 03:48:25,029 INFO  impl.RaftServerImpl (ServerState.java:setRaftConf(361)) - ead1c4ed-749c-44c7-b9cd-44af1bc78f5d:group-13E49C4CFC01 set configuration 0: [ead1c4ed-749c-44c7-b9cd-44af1bc78f5d:192.168.157.245:35660, 084644e9-8d0e-46ef-94f4-71b7ec4ffb0e:192.168.157.245:35520, b911820e-b08c-4e4e-a398-345134e61fee:192.168.157.245:46541], old=null at 0
2019-08-07 03:48:25,029 INFO  segmented.SegmentedRaftLogWorker (SegmentedRaftLogWorker.java:startLogSegment(380)) - b911820e-b08c-4e4e-a398-345134e61fee-SegmentedRaftLogWorker:Storage Directory /workdir/hadoop-ozone/integration-test/target/test-dir/MiniOzoneClusterImpl-13422be5-0f54-42a0-8685-8e8a9f9c51cc/datanode-5/data/ratis/3d17a2ef-6e90-4e31-80ed-13e49c4cfc01: Starting segment from index:0
2019-08-07 03:48:25,029 INFO  segmented.SegmentedRaftLogWorker (SegmentedRaftLogWorker.java:startLogSegment(380)) - ead1c4ed-749c-44c7-b9cd-44af1bc78f5d-SegmentedRaftLogWorker:Storage Directory /workdir/hadoop-ozone/integration-test/target/test-dir/MiniOzoneClusterImpl-13422be5-0f54-42a0-8685-8e8a9f9c51cc/datanode-4/data/ratis/3d17a2ef-6e90-4e31-80ed-13e49c4cfc01: Starting segment from index:0
2019-08-07 03:48:25,051 INFO  segmented.SegmentedRaftLogWorker (SegmentedRaftLogWorker.java:execute(569)) - b911820e-b08c-4e4e-a398-345134e61fee-SegmentedRaftLogWorker:Storage Directory /workdir/hadoop-ozone/integration-test/target/test-dir/MiniOzoneClusterImpl-13422be5-0f54-42a0-8685-8e8a9f9c51cc/datanode-5/data/ratis/3d17a2ef-6e90-4e31-80ed-13e49c4cfc01: created new log segment /workdir/hadoop-ozone/integration-test/target/test-dir/MiniOzoneClusterImpl-13422be5-0f54-42a0-8685-8e8a9f9c51cc/datanode-5/data/ratis/3d17a2ef-6e90-4e31-80ed-13e49c4cfc01/current/log_inprogress_0
2019-08-07 03:48:25,053 INFO  segmented.SegmentedRaftLogWorker (SegmentedRaftLogWorker.java:execute(569)) - ead1c4ed-749c-44c7-b9cd-44af1bc78f5d-SegmentedRaftLogWorker:Storage Directory /workdir/hadoop-ozone/integration-test/target/test-dir/MiniOzoneClusterImpl-13422be5-0f54-42a0-8685-8e8a9f9c51cc/datanode-4/data/ratis/3d17a2ef-6e90-4e31-80ed-13e49c4cfc01: created new log segment /workdir/hadoop-ozone/integration-test/target/test-dir/MiniOzoneClusterImpl-13422be5-0f54-42a0-8685-8e8a9f9c51cc/datanode-4/data/ratis/3d17a2ef-6e90-4e31-80ed-13e49c4cfc01/current/log_inprogress_0
2019-08-07 03:48:25,203 INFO  impl.FollowerState (FollowerState.java:run(106)) - 83c7ff2c-57cd-41c7-8c27-8b8f169f9d72:group-BA2C1C1D39C2 changes to CANDIDATE, lastRpcTime:5165, electionTimeout:5165ms
2019-08-07 03:48:25,203 INFO  impl.RoleInfo (RoleInfo.java:shutdownFollowerState(121)) - 83c7ff2c-57cd-41c7-8c27-8b8f169f9d72: shutdown FollowerState
2019-08-07 03:48:25,203 INFO  impl.RaftServerImpl (RaftServerImpl.java:setRole(171)) - 83c7ff2c-57cd-41c7-8c27-8b8f169f9d72:group-BA2C1C1D39C2 changes role from FOLLOWER to CANDIDATE at term 0 for changeToCandidate
2019-08-07 03:48:25,204 INFO  impl.RoleInfo (RoleInfo.java:updateAndGet(143)) - 83c7ff2c-57cd-41c7-8c27-8b8f169f9d72: start LeaderElection
2019-08-07 03:48:25,212 INFO  client.GrpcClientProtocolClient (GrpcClientProtocolClient.java:onNext(255)) - client-A29CEB1F447C->0bbcd879-c78e-4773-8a35-7ac80a545710: receive RaftClientReply:client-A29CEB1F447C->0bbcd879-c78e-4773-8a35-7ac80a545710@group-051F78E6C7B1, cid=42, FAILED org.apache.ratis.protocol.NotLeaderException: Server 0bbcd879-c78e-4773-8a35-7ac80a545710 is not the leader (961187a3-8668-452f-8b74-0209867b1080:192.168.157.245:34365). Request must be sent to leader., logIndex=0, commits[0bbcd879-c78e-4773-8a35-7ac80a545710:c-1, d8e8dedd-b554-4429-b41d-4482edac5b6d:c-1, 961187a3-8668-452f-8b74-0209867b1080:c-1]
2019-08-07 03:48:25,223 INFO  impl.LeaderElection (LeaderElection.java:askForVotes(181)) - 83c7ff2c-57cd-41c7-8c27-8b8f169f9d72:group-BA2C1C1D39C2:LeaderElection24: begin an election at term 1 for -1: [83c7ff2c-57cd-41c7-8c27-8b8f169f9d72:192.168.157.245:36872], old=null
2019-08-07 03:48:25,224 INFO  impl.RoleInfo (RoleInfo.java:shutdownLeaderElection(134)) - 83c7ff2c-57cd-41c7-8c27-8b8f169f9d72: shutdown LeaderElection
2019-08-07 03:48:25,224 INFO  impl.RaftServerImpl (RaftServerImpl.java:setRole(171)) - 83c7ff2c-57cd-41c7-8c27-8b8f169f9d72:group-BA2C1C1D39C2 changes role from CANDIDATE to LEADER at term 1 for changeToLeader
2019-08-07 03:48:25,224 INFO  impl.RaftServerImpl (ServerState.java:setLeader(263)) - 83c7ff2c-57cd-41c7-8c27-8b8f169f9d72:group-BA2C1C1D39C2 change Leader from null to 83c7ff2c-57cd-41c7-8c27-8b8f169f9d72 at term 1 for becomeLeader, leader elected after 5191ms
2019-08-07 03:48:25,224 WARN  nio.NioEventLoop (NioEventLoop.java:select(786)) - Selector.select() returned prematurely {} times in a row; rebuilding Selector {}.
2019-08-07 03:48:25,234 INFO  server.RaftServerConfigKeys (ConfUtils.java:logGet(43)) - raft.server.staging.catchup.gap = 1000 (default)
2019-08-07 03:48:25,234 INFO  server.RaftServerConfigKeys (ConfUtils.java:logGet(43)) - raft.server.rpc.sleep.time = 25ms (default)
2019-08-07 03:48:25,234 INFO  nio.NioEventLoop (NioEventLoop.java:rebuildSelector0(396)) - Migrated 2 channel(s) to the new Selector.
2019-08-07 03:48:25,234 INFO  server.RaftServerConfigKeys (ConfUtils.java:logGet(43)) - raft.server.write.element-limit = 4096 (default)
2019-08-07 03:48:25,235 INFO  server.RaftServerConfigKeys (ConfUtils.java:logGet(43)) - raft.server.watch.timeout = 10s (default)
2019-08-07 03:48:25,235 INFO  server.RaftServerConfigKeys (ConfUtils.java:logGet(43)) - raft.server.watch.timeout.denomination = 1s (default)
2019-08-07 03:48:25,235 INFO  server.RaftServerConfigKeys (ConfUtils.java:logGet(43)) - raft.server.watch.element-limit = 65536 (default)
2019-08-07 03:48:25,235 INFO  impl.RoleInfo (RoleInfo.java:updateAndGet(143)) - 83c7ff2c-57cd-41c7-8c27-8b8f169f9d72: start LeaderState
2019-08-07 03:48:25,235 INFO  segmented.SegmentedRaftLogWorker (SegmentedRaftLogWorker.java:startLogSegment(380)) - 83c7ff2c-57cd-41c7-8c27-8b8f169f9d72-SegmentedRaftLogWorker:Storage Directory /workdir/hadoop-ozone/integration-test/target/test-dir/MiniOzoneClusterImpl-13422be5-0f54-42a0-8685-8e8a9f9c51cc/datanode-6/data/ratis/422d623f-cca6-4642-a0ec-ba2c1c1d39c2: Starting segment from index:0
2019-08-07 03:48:25,236 INFO  impl.RaftServerImpl (ServerState.java:setRaftConf(361)) - 83c7ff2c-57cd-41c7-8c27-8b8f169f9d72:group-BA2C1C1D39C2 set configuration 0: [83c7ff2c-57cd-41c7-8c27-8b8f169f9d72:192.168.157.245:36872], old=null at 0
2019-08-07 03:48:25,272 INFO  segmented.SegmentedRaftLogWorker (SegmentedRaftLogWorker.java:execute(569)) - 83c7ff2c-57cd-41c7-8c27-8b8f169f9d72-SegmentedRaftLogWorker:Storage Directory /workdir/hadoop-ozone/integration-test/target/test-dir/MiniOzoneClusterImpl-13422be5-0f54-42a0-8685-8e8a9f9c51cc/datanode-6/data/ratis/422d623f-cca6-4642-a0ec-ba2c1c1d39c2: created new log segment /workdir/hadoop-ozone/integration-test/target/test-dir/MiniOzoneClusterImpl-13422be5-0f54-42a0-8685-8e8a9f9c51cc/datanode-6/data/ratis/422d623f-cca6-4642-a0ec-ba2c1c1d39c2/current/log_inprogress_0
2019-08-07 03:48:25,362 INFO  client.GrpcClientProtocolClient (GrpcClientProtocolClient.java:onNext(255)) - client-A29CEB1F447C->961187a3-8668-452f-8b74-0209867b1080: receive RaftClientReply:client-A29CEB1F447C->961187a3-8668-452f-8b74-0209867b1080@group-051F78E6C7B1, cid=42, SUCCESS, logIndex=1, commits[961187a3-8668-452f-8b74-0209867b1080:c2, d8e8dedd-b554-4429-b41d-4482edac5b6d:c1, 0bbcd879-c78e-4773-8a35-7ac80a545710:c1]
2019-08-07 03:48:25,498 INFO  client.GrpcClientProtocolClient (GrpcClientProtocolClient.java:onNext(255)) - client-A29CEB1F447C->961187a3-8668-452f-8b74-0209867b1080: receive RaftClientReply:client-A29CEB1F447C->961187a3-8668-452f-8b74-0209867b1080@group-051F78E6C7B1, cid=43, SUCCESS, logIndex=3, commits[961187a3-8668-452f-8b74-0209867b1080:c4, d8e8dedd-b554-4429-b41d-4482edac5b6d:c3, 0bbcd879-c78e-4773-8a35-7ac80a545710:c3]
2019-08-07 03:48:25,609 INFO  client.GrpcClientProtocolClient (GrpcClientProtocolClient.java:onNext(255)) - client-A29CEB1F447C->961187a3-8668-452f-8b74-0209867b1080: receive RaftClientReply:client-A29CEB1F447C->961187a3-8668-452f-8b74-0209867b1080@group-051F78E6C7B1, cid=44, SUCCESS, logIndex=5, commits[961187a3-8668-452f-8b74-0209867b1080:c6, d8e8dedd-b554-4429-b41d-4482edac5b6d:c5, 0bbcd879-c78e-4773-8a35-7ac80a545710:c5]
2019-08-07 03:48:25,653 INFO  client.GrpcClientProtocolClient (GrpcClientProtocolClient.java:onNext(255)) - client-A29CEB1F447C->961187a3-8668-452f-8b74-0209867b1080: receive RaftClientReply:client-A29CEB1F447C->961187a3-8668-452f-8b74-0209867b1080@group-051F78E6C7B1, cid=45, FAILED org.apache.ratis.protocol.StateMachineException: java.util.concurrent.CompletionException: java.lang.IllegalArgumentException, logIndex=7, commits[961187a3-8668-452f-8b74-0209867b1080:c7, d8e8dedd-b554-4429-b41d-4482edac5b6d:c6, 0bbcd879-c78e-4773-8a35-7ac80a545710:c6]
2019-08-07 03:48:25,658 INFO  ozone.MiniOzoneClusterImpl (MiniOzoneClusterImpl.java:shutdown(321)) - Shutting down the Mini Ozone Cluster
2019-08-07 03:48:25,659 INFO  ozone.MiniOzoneClusterImpl (MiniOzoneClusterImpl.java:stop(336)) - Stopping the Mini Ozone Cluster
2019-08-07 03:48:25,659 INFO  ozone.MiniOzoneClusterImpl (MiniOzoneClusterImpl.java:stop(338)) - Stopping the OzoneManager
2019-08-07 03:48:25,659 INFO  ipc.Server (Server.java:stop(3082)) - Stopping server on 35027
2019-08-07 03:48:25,674 INFO  ipc.Server (Server.java:run(1185)) - Stopping IPC Server listener on 35027
2019-08-07 03:48:25,679 INFO  ipc.Server (Server.java:run(1319)) - Stopping IPC Server Responder
2019-08-07 03:48:25,679 INFO  utils.BackgroundService (BackgroundService.java:shutdown(148)) - Shutting down service KeyDeletingService
2019-08-07 03:48:25,707 INFO  handler.ContextHandler (ContextHandler.java:doStop(910)) - Stopped o.e.j.w.WebAppContext@a9e8da1{/,null,UNAVAILABLE}{/ozoneManager}
2019-08-07 03:48:25,708 INFO  server.AbstractConnector (AbstractConnector.java:doStop(318)) - Stopped ServerConnector@14b5752f{HTTP/1.1,[http/1.1]}{0.0.0.0:0}
2019-08-07 03:48:25,708 INFO  handler.ContextHandler (ContextHandler.java:doStop(910)) - Stopped o.e.j.s.ServletContextHandler@6903ed0e{/static,file:///workdir/hadoop-ozone/integration-test/target/test-classes/webapps/static,UNAVAILABLE}
2019-08-07 03:48:25,709 INFO  handler.ContextHandler (ContextHandler.java:doStop(910)) - Stopped o.e.j.s.ServletContextHandler@67afe909{/logs,file:///workdir/hadoop-ozone/integration-test/target/log,UNAVAILABLE}
2019-08-07 03:48:25,713 INFO  ozone.MiniOzoneClusterImpl (MiniOzoneClusterImpl.java:stop(344)) - Shutting the HddsDatanodes
2019-08-07 03:48:25,713 INFO  datanode.ObjectStoreHandler (ObjectStoreHandler.java:close(155)) - Closing ObjectStoreHandler.
2019-08-07 03:48:25,713 INFO  datanode.ObjectStoreHandler (ObjectStoreHandler.java:close(155)) - Closing ObjectStoreHandler.
2019-08-07 03:48:25,715 INFO  ozone.HddsDatanodeService (HddsDatanodeService.java:stop(451)) - Stopped plug-in org.apache.hadoop.ozone.web.OzoneHddsDatanodeService@aa8dce8
2019-08-07 03:48:25,715 INFO  ozone.HddsDatanodeService (HddsDatanodeService.java:stop(451)) - Stopped plug-in org.apache.hadoop.ozone.web.OzoneHddsDatanodeService@4b32465
2019-08-07 03:48:26,529 INFO  statemachine.DatanodeStateMachine (DatanodeStateMachine.java:lambda$startDaemon$0(350)) - Ozone container server started.
2019-08-07 03:48:26,647 INFO  statemachine.DatanodeStateMachine (DatanodeStateMachine.java:lambda$startDaemon$0(350)) - Ozone container server started.
2019-08-07 03:48:30,716 INFO  ozoneimpl.OzoneContainer (OzoneContainer.java:stop(199)) - Attempting to stop container services.
2019-08-07 03:48:30,717 INFO  ozoneimpl.OzoneContainer (OzoneContainer.java:stop(199)) - Attempting to stop container services.
2019-08-07 03:48:30,717 INFO  impl.RaftServerProxy (RaftServerProxy.java:lambda$close$4(314)) - ead1c4ed-749c-44c7-b9cd-44af1bc78f5d: close
2019-08-07 03:48:30,718 INFO  impl.RaftServerProxy (RaftServerProxy.java:lambda$close$4(314)) - 0bbcd879-c78e-4773-8a35-7ac80a545710: close
2019-08-07 03:48:30,718 INFO  impl.RaftServerImpl (RaftServerImpl.java:lambda$shutdown$3(245)) - ead1c4ed-749c-44c7-b9cd-44af1bc78f5d: shutdown group-AE41E92D986B
2019-08-07 03:48:30,718 INFO  impl.RaftServerImpl (RaftServerImpl.java:lambda$shutdown$3(245)) - 0bbcd879-c78e-4773-8a35-7ac80a545710: shutdown group-051F78E6C7B1
2019-08-07 03:48:30,719 INFO  util.JmxRegister (JmxRegister.java:unregister(73)) - Successfully un-registered JMX Bean with object name Ratis:service=RaftServer,group=group-AE41E92D986B,id=ead1c4ed-749c-44c7-b9cd-44af1bc78f5d
2019-08-07 03:48:30,719 INFO  util.JmxRegister (JmxRegister.java:unregister(73)) - Successfully un-registered JMX Bean with object name Ratis:service=RaftServer,group=group-051F78E6C7B1,id=0bbcd879-c78e-4773-8a35-7ac80a545710
2019-08-07 03:48:30,719 INFO  impl.RoleInfo (RoleInfo.java:shutdownLeaderState(104)) - ead1c4ed-749c-44c7-b9cd-44af1bc78f5d: shutdown LeaderState
2019-08-07 03:48:30,720 INFO  impl.RoleInfo (RoleInfo.java:shutdownFollowerState(121)) - 0bbcd879-c78e-4773-8a35-7ac80a545710: shutdown FollowerState
2019-08-07 03:48:30,720 INFO  impl.PendingRequests (PendingRequests.java:sendNotLeaderResponses(202)) - ead1c4ed-749c-44c7-b9cd-44af1bc78f5d-PendingRequests: sendNotLeaderResponses
2019-08-07 03:48:30,721 INFO  ratis.ContainerStateMachine (ContainerStateMachine.java:takeSnapshot(262)) - group-051F78E6C7B1: Taking a snapshot at:(t:1, i:6) file /workdir/hadoop-ozone/integration-test/target/test-dir/MiniOzoneClusterImpl-13422be5-0f54-42a0-8685-8e8a9f9c51cc/datanode-1/data/ratis/365a4eb4-4897-4dbb-b308-051f78e6c7b1/sm/snapshot.1_6
2019-08-07 03:48:30,721 INFO  impl.FollowerState (FollowerState.java:run(114)) - 0bbcd879-c78e-4773-8a35-7ac80a545710: FollowerState was interrupted: java.lang.InterruptedException: sleep interrupted
2019-08-07 03:48:30,721 INFO  impl.StateMachineUpdater (StateMachineUpdater.java:stopAndJoin(115)) - StateMachineUpdater:0bbcd879-c78e-4773-8a35-7ac80a545710:group-051F78E6C7B1: set stopIndex = 8
2019-08-07 03:48:30,721 INFO  impl.StateMachineUpdater (StateMachineUpdater.java:stopAndJoin(115)) - StateMachineUpdater:ead1c4ed-749c-44c7-b9cd-44af1bc78f5d:group-AE41E92D986B: set stopIndex = 0
2019-08-07 03:48:30,726 INFO  impl.RaftServerImpl (ServerState.java:close(394)) - ead1c4ed-749c-44c7-b9cd-44af1bc78f5d:group-AE41E92D986B closes. The last applied log index is 0
2019-08-07 03:48:30,726 INFO  segmented.SegmentedRaftLogWorker (SegmentedRaftLogWorker.java:run(313)) - ead1c4ed-749c-44c7-b9cd-44af1bc78f5d-SegmentedRaftLogWorker:Storage Directory /workdir/hadoop-ozone/integration-test/target/test-dir/MiniOzoneClusterImpl-13422be5-0f54-42a0-8685-8e8a9f9c51cc/datanode-4/data/ratis/7eeacc80-a395-4dfe-bb36-ae41e92d986b was interrupted, exiting. There are 0 tasks remaining in the queue.
2019-08-07 03:48:30,735 INFO  segmented.SegmentedRaftLogWorker (SegmentedRaftLogWorker.java:close(228)) - ead1c4ed-749c-44c7-b9cd-44af1bc78f5d-SegmentedRaftLogWorker:Storage Directory /workdir/hadoop-ozone/integration-test/target/test-dir/MiniOzoneClusterImpl-13422be5-0f54-42a0-8685-8e8a9f9c51cc/datanode-4/data/ratis/7eeacc80-a395-4dfe-bb36-ae41e92d986b close()
2019-08-07 03:48:30,739 INFO  ratis.ContainerStateMachine (ContainerStateMachine.java:takeSnapshot(273)) - group-051F78E6C7B1: Finished taking a snapshot at:(t:1, i:6) file:/workdir/hadoop-ozone/integration-test/target/test-dir/MiniOzoneClusterImpl-13422be5-0f54-42a0-8685-8e8a9f9c51cc/datanode-1/data/ratis/365a4eb4-4897-4dbb-b308-051f78e6c7b1/sm/snapshot.1_6 time:19
2019-08-07 03:48:30,739 INFO  impl.RaftServerImpl (RaftServerImpl.java:lambda$shutdown$3(245)) - ead1c4ed-749c-44c7-b9cd-44af1bc78f5d: shutdown group-13E49C4CFC01
2019-08-07 03:48:30,739 INFO  impl.StateMachineUpdater (StateMachineUpdater.java:takeSnapshot(242)) - StateMachineUpdater:0bbcd879-c78e-4773-8a35-7ac80a545710:group-051F78E6C7B1: Took a snapshot at index 6
2019-08-07 03:48:30,740 INFO  util.JmxRegister (JmxRegister.java:unregister(73)) - Successfully un-registered JMX Bean with object name Ratis:service=RaftServer,group=group-13E49C4CFC01,id=ead1c4ed-749c-44c7-b9cd-44af1bc78f5d
2019-08-07 03:48:30,740 INFO  impl.RoleInfo (RoleInfo.java:shutdownFollowerState(121)) - ead1c4ed-749c-44c7-b9cd-44af1bc78f5d: shutdown FollowerState
2019-08-07 03:48:30,740 INFO  impl.StateMachineUpdater (StateMachineUpdater.java:lambda$new$0(80)) - StateMachineUpdater:0bbcd879-c78e-4773-8a35-7ac80a545710:group-051F78E6C7B1: snapshotIndex: updateIncreasingly -1 -> 6
2019-08-07 03:48:30,741 INFO  impl.StateMachineUpdater (StateMachineUpdater.java:stopAndJoin(115)) - StateMachineUpdater:ead1c4ed-749c-44c7-b9cd-44af1bc78f5d:group-13E49C4CFC01: set stopIndex = 0
2019-08-07 03:48:30,741 INFO  impl.FollowerState (FollowerState.java:run(114)) - ead1c4ed-749c-44c7-b9cd-44af1bc78f5d: FollowerState was interrupted: java.lang.InterruptedException: sleep interrupted
2019-08-07 03:48:30,741 INFO  impl.RaftServerImpl (ServerState.java:close(394)) - 0bbcd879-c78e-4773-8a35-7ac80a545710:group-051F78E6C7B1 closes. The last applied log index is 8
2019-08-07 03:48:30,741 INFO  impl.RaftServerImpl (ServerState.java:close(394)) - ead1c4ed-749c-44c7-b9cd-44af1bc78f5d:group-13E49C4CFC01 closes. The last applied log index is 0
2019-08-07 03:48:30,744 INFO  segmented.SegmentedRaftLogWorker (SegmentedRaftLogWorker.java:run(313)) - 0bbcd879-c78e-4773-8a35-7ac80a545710-SegmentedRaftLogWorker:Storage Directory /workdir/hadoop-ozone/integration-test/target/test-dir/MiniOzoneClusterImpl-13422be5-0f54-42a0-8685-8e8a9f9c51cc/datanode-1/data/ratis/365a4eb4-4897-4dbb-b308-051f78e6c7b1 was interrupted, exiting. There are 0 tasks remaining in the queue.
2019-08-07 03:48:30,745 INFO  segmented.SegmentedRaftLogWorker (SegmentedRaftLogWorker.java:run(313)) - ead1c4ed-749c-44c7-b9cd-44af1bc78f5d-SegmentedRaftLogWorker:Storage Directory /workdir/hadoop-ozone/integration-test/target/test-dir/MiniOzoneClusterImpl-13422be5-0f54-42a0-8685-8e8a9f9c51cc/datanode-4/data/ratis/3d17a2ef-6e90-4e31-80ed-13e49c4cfc01 was interrupted, exiting. There are 0 tasks remaining in the queue.
2019-08-07 03:48:30,749 INFO  segmented.SegmentedRaftLogWorker (SegmentedRaftLogWorker.java:close(228)) - 0bbcd879-c78e-4773-8a35-7ac80a545710-SegmentedRaftLogWorker:Storage Directory /workdir/hadoop-ozone/integration-test/target/test-dir/MiniOzoneClusterImpl-13422be5-0f54-42a0-8685-8e8a9f9c51cc/datanode-1/data/ratis/365a4eb4-4897-4dbb-b308-051f78e6c7b1 close()
2019-08-07 03:48:30,749 INFO  segmented.SegmentedRaftLogWorker (SegmentedRaftLogWorker.java:close(228)) - ead1c4ed-749c-44c7-b9cd-44af1bc78f5d-SegmentedRaftLogWorker:Storage Directory /workdir/hadoop-ozone/integration-test/target/test-dir/MiniOzoneClusterImpl-13422be5-0f54-42a0-8685-8e8a9f9c51cc/datanode-4/data/ratis/3d17a2ef-6e90-4e31-80ed-13e49c4cfc01 close()
2019-08-07 03:48:30,754 INFO  impl.RaftServerImpl (RaftServerImpl.java:lambda$shutdown$3(245)) - 0bbcd879-c78e-4773-8a35-7ac80a545710: shutdown group-E228396BAEB0
2019-08-07 03:48:30,758 INFO  server.GrpcService (GrpcService.java:closeImpl(155)) - ead1c4ed-749c-44c7-b9cd-44af1bc78f5d: shutdown server with port 35660 now
2019-08-07 03:48:30,758 INFO  util.JmxRegister (JmxRegister.java:unregister(73)) - Successfully un-registered JMX Bean with object name Ratis:service=RaftServer,group=group-E228396BAEB0,id=0bbcd879-c78e-4773-8a35-7ac80a545710
2019-08-07 03:48:30,759 INFO  impl.RoleInfo (RoleInfo.java:shutdownLeaderState(104)) - 0bbcd879-c78e-4773-8a35-7ac80a545710: shutdown LeaderState
2019-08-07 03:48:30,760 INFO  impl.PendingRequests (PendingRequests.java:sendNotLeaderResponses(202)) - 0bbcd879-c78e-4773-8a35-7ac80a545710-PendingRequests: sendNotLeaderResponses
2019-08-07 03:48:30,761 WARN  server.GrpcServerProtocolService (LogUtils.java:warn(134)) - ead1c4ed-749c-44c7-b9cd-44af1bc78f5d: appendEntries onError: org.apache.ratis.thirdparty.io.grpc.StatusRuntimeException: CANCELLED: cancelled before receiving half close
2019-08-07 03:48:30,761 INFO  impl.StateMachineUpdater (StateMachineUpdater.java:stopAndJoin(115)) - StateMachineUpdater:0bbcd879-c78e-4773-8a35-7ac80a545710:group-E228396BAEB0: set stopIndex = 0
2019-08-07 03:48:30,762 INFO  server.GrpcService (GrpcService.java:closeImpl(163)) - ead1c4ed-749c-44c7-b9cd-44af1bc78f5d: shutdown server with port 35660 successfully
2019-08-07 03:48:30,762 WARN  server.GrpcLogAppender (LogUtils.java:warn(134)) - 084644e9-8d0e-46ef-94f4-71b7ec4ffb0e->ead1c4ed-749c-44c7-b9cd-44af1bc78f5d: Failed appendEntries: org.apache.ratis.thirdparty.io.grpc.StatusRuntimeException: CANCELLED: HTTP/2 error code: CANCEL
Received Rst Stream
2019-08-07 03:48:30,762 INFO  impl.RaftServerImpl (ServerState.java:close(394)) - 0bbcd879-c78e-4773-8a35-7ac80a545710:group-E228396BAEB0 closes. The last applied log index is 0
2019-08-07 03:48:30,768 INFO  impl.FollowerInfo (FollowerInfo.java:lambda$new$0(50)) - 084644e9-8d0e-46ef-94f4-71b7ec4ffb0e->ead1c4ed-749c-44c7-b9cd-44af1bc78f5d: nextIndex: updateUnconditionally 1 -> 0
2019-08-07 03:48:30,768 INFO  segmented.SegmentedRaftLogWorker (SegmentedRaftLogWorker.java:run(313)) - 0bbcd879-c78e-4773-8a35-7ac80a545710-SegmentedRaftLogWorker:Storage Directory /workdir/hadoop-ozone/integration-test/target/test-dir/MiniOzoneClusterImpl-13422be5-0f54-42a0-8685-8e8a9f9c51cc/datanode-1/data/ratis/27301423-8e86-4ae9-9887-e228396baeb0 was interrupted, exiting. There are 0 tasks remaining in the queue.
2019-08-07 03:48:30,772 INFO  segmented.SegmentedRaftLogWorker (SegmentedRaftLogWorker.java:close(228)) - 0bbcd879-c78e-4773-8a35-7ac80a545710-SegmentedRaftLogWorker:Storage Directory /workdir/hadoop-ozone/integration-test/target/test-dir/MiniOzoneClusterImpl-13422be5-0f54-42a0-8685-8e8a9f9c51cc/datanode-1/data/ratis/27301423-8e86-4ae9-9887-e228396baeb0 close()
2019-08-07 03:48:30,789 INFO  server.GrpcService (GrpcService.java:closeImpl(155)) - 0bbcd879-c78e-4773-8a35-7ac80a545710: shutdown server with port 43277 now
2019-08-07 03:48:30,789 INFO  utils.BackgroundService (BackgroundService.java:shutdown(148)) - Shutting down service BlockDeletingService
2019-08-07 03:48:30,789 WARN  server.GrpcServerProtocolService (LogUtils.java:warn(134)) - 0bbcd879-c78e-4773-8a35-7ac80a545710: appendEntries onError: org.apache.ratis.thirdparty.io.grpc.StatusRuntimeException: CANCELLED: cancelled before receiving half close
2019-08-07 03:48:30,790 INFO  server.GrpcService (GrpcService.java:closeImpl(163)) - 0bbcd879-c78e-4773-8a35-7ac80a545710: shutdown server with port 43277 successfully
2019-08-07 03:48:30,790 WARN  server.GrpcLogAppender (LogUtils.java:warn(134)) - 961187a3-8668-452f-8b74-0209867b1080->0bbcd879-c78e-4773-8a35-7ac80a545710: Failed appendEntries: org.apache.ratis.thirdparty.io.grpc.StatusRuntimeException: CANCELLED: HTTP/2 error code: CANCEL
Received Rst Stream
2019-08-07 03:48:30,793 INFO  impl.FollowerInfo (FollowerInfo.java:lambda$new$0(50)) - 961187a3-8668-452f-8b74-0209867b1080->0bbcd879-c78e-4773-8a35-7ac80a545710: nextIndex: updateUnconditionally 9 -> 8
2019-08-07 03:48:30,794 WARN  fs.CachingGetSpaceUsed (CachingGetSpaceUsed.java:run(183)) - Thread Interrupted waiting to refresh disk information: sleep interrupted
2019-08-07 03:48:30,794 INFO  utils.BackgroundService (BackgroundService.java:shutdown(148)) - Shutting down service BlockDeletingService
2019-08-07 03:48:30,796 WARN  fs.CachingGetSpaceUsed (CachingGetSpaceUsed.java:run(183)) - Thread Interrupted waiting to refresh disk information: sleep interrupted
2019-08-07 03:48:30,819 INFO  statemachine.DatanodeStateMachine (DatanodeStateMachine.java:stopDaemon(395)) - Ozone container server stopped.
2019-08-07 03:48:30,825 INFO  statemachine.DatanodeStateMachine (DatanodeStateMachine.java:stopDaemon(395)) - Ozone container server stopped.
2019-08-07 03:48:30,841 INFO  handler.ContextHandler (ContextHandler.java:doStop(910)) - Stopped o.e.j.w.WebAppContext@42a05533{/,null,UNAVAILABLE}{/hddsDatanode}
2019-08-07 03:48:30,841 INFO  handler.ContextHandler (ContextHandler.java:doStop(910)) - Stopped o.e.j.w.WebAppContext@8f6b4ab{/,null,UNAVAILABLE}{/hddsDatanode}
2019-08-07 03:48:30,842 INFO  server.AbstractConnector (AbstractConnector.java:doStop(318)) - Stopped ServerConnector@17053b5{HTTP/1.1,[http/1.1]}{0.0.0.0:0}
2019-08-07 03:48:30,842 INFO  server.AbstractConnector (AbstractConnector.java:doStop(318)) - Stopped ServerConnector@6e517c9e{HTTP/1.1,[http/1.1]}{0.0.0.0:0}
2019-08-07 03:48:30,842 INFO  handler.ContextHandler (ContextHandler.java:doStop(910)) - Stopped o.e.j.s.ServletContextHandler@eb1d475{/static,jar:file:/home/user/.m2/repository/org/apache/hadoop/hadoop-hdds-container-service/0.4.1-SNAPSHOT/hadoop-hdds-container-service-0.4.1-SNAPSHOT.jar!/webapps/static,UNAVAILABLE}
2019-08-07 03:48:30,844 INFO  handler.ContextHandler (ContextHandler.java:doStop(910)) - Stopped o.e.j.s.ServletContextHandler@3b362f1{/static,jar:file:/home/user/.m2/repository/org/apache/hadoop/hadoop-hdds-container-service/0.4.1-SNAPSHOT/hadoop-hdds-container-service-0.4.1-SNAPSHOT.jar!/webapps/static,UNAVAILABLE}
2019-08-07 03:48:30,844 INFO  handler.ContextHandler (ContextHandler.java:doStop(910)) - Stopped o.e.j.s.ServletContextHandler@129b69b2{/logs,file:///workdir/hadoop-ozone/integration-test/target/log,UNAVAILABLE}
2019-08-07 03:48:30,846 INFO  handler.ContextHandler (ContextHandler.java:doStop(910)) - Stopped o.e.j.s.ServletContextHandler@71ad959b{/logs,file:///workdir/hadoop-ozone/integration-test/target/log,UNAVAILABLE}
2019-08-07 03:48:30,847 INFO  datanode.ObjectStoreHandler (ObjectStoreHandler.java:close(155)) - Closing ObjectStoreHandler.
2019-08-07 03:48:30,847 INFO  datanode.ObjectStoreHandler (ObjectStoreHandler.java:close(155)) - Closing ObjectStoreHandler.
2019-08-07 03:48:30,848 INFO  ozone.HddsDatanodeService (HddsDatanodeService.java:stop(451)) - Stopped plug-in org.apache.hadoop.ozone.web.OzoneHddsDatanodeService@37806be6
2019-08-07 03:48:30,848 INFO  ozone.HddsDatanodeService (HddsDatanodeService.java:stop(451)) - Stopped plug-in org.apache.hadoop.ozone.web.OzoneHddsDatanodeService@6ac9b66b
2019-08-07 03:48:31,222 INFO  statemachine.DatanodeStateMachine (DatanodeStateMachine.java:lambda$startDaemon$0(350)) - Ozone container server started.
2019-08-07 03:48:31,607 INFO  statemachine.DatanodeStateMachine (DatanodeStateMachine.java:lambda$startDaemon$0(350)) - Ozone container server started.
2019-08-07 03:48:32,569 WARN  server.GrpcLogAppender (LogUtils.java:warn(134)) - 084644e9-8d0e-46ef-94f4-71b7ec4ffb0e->ead1c4ed-749c-44c7-b9cd-44af1bc78f5d: Failed appendEntries: org.apache.ratis.thirdparty.io.grpc.StatusRuntimeException: UNAVAILABLE: io exception
2019-08-07 03:48:32,573 INFO  impl.FollowerInfo (FollowerInfo.java:lambda$new$0(50)) - 084644e9-8d0e-46ef-94f4-71b7ec4ffb0e->ead1c4ed-749c-44c7-b9cd-44af1bc78f5d: nextIndex: updateUnconditionally 0 -> 0
2019-08-07 03:48:33,165 WARN  server.GrpcLogAppender (LogUtils.java:warn(134)) - 961187a3-8668-452f-8b74-0209867b1080->0bbcd879-c78e-4773-8a35-7ac80a545710: Failed appendEntries: org.apache.ratis.thirdparty.io.grpc.StatusRuntimeException: UNAVAILABLE: io exception
2019-08-07 03:48:33,168 INFO  impl.FollowerInfo (FollowerInfo.java:lambda$new$0(50)) - 961187a3-8668-452f-8b74-0209867b1080->0bbcd879-c78e-4773-8a35-7ac80a545710: nextIndex: updateUnconditionally 8 -> 7
2019-08-07 03:48:35,070 WARN  server.GrpcLogAppender (LogUtils.java:warn(134)) - 084644e9-8d0e-46ef-94f4-71b7ec4ffb0e->ead1c4ed-749c-44c7-b9cd-44af1bc78f5d: Failed appendEntries: org.apache.ratis.thirdparty.io.grpc.StatusRuntimeException: UNAVAILABLE: io exception
2019-08-07 03:48:35,073 INFO  impl.FollowerInfo (FollowerInfo.java:lambda$new$0(50)) - 084644e9-8d0e-46ef-94f4-71b7ec4ffb0e->ead1c4ed-749c-44c7-b9cd-44af1bc78f5d: nextIndex: updateUnconditionally 0 -> 0
2019-08-07 03:48:35,666 WARN  server.GrpcLogAppender (LogUtils.java:warn(134)) - 961187a3-8668-452f-8b74-0209867b1080->0bbcd879-c78e-4773-8a35-7ac80a545710: Failed appendEntries: org.apache.ratis.thirdparty.io.grpc.StatusRuntimeException: UNAVAILABLE: io exception
2019-08-07 03:48:35,670 INFO  impl.FollowerInfo (FollowerInfo.java:lambda$new$0(50)) - 961187a3-8668-452f-8b74-0209867b1080->0bbcd879-c78e-4773-8a35-7ac80a545710: nextIndex: updateUnconditionally 7 -> 6
2019-08-07 03:48:35,848 INFO  ozoneimpl.OzoneContainer (OzoneContainer.java:stop(199)) - Attempting to stop container services.
2019-08-07 03:48:35,849 INFO  ozoneimpl.OzoneContainer (OzoneContainer.java:stop(199)) - Attempting to stop container services.
2019-08-07 03:48:35,849 INFO  impl.RaftServerProxy (RaftServerProxy.java:lambda$close$4(314)) - 961187a3-8668-452f-8b74-0209867b1080: close
2019-08-07 03:48:35,849 INFO  impl.RaftServerProxy (RaftServerProxy.java:lambda$close$4(314)) - 084644e9-8d0e-46ef-94f4-71b7ec4ffb0e: close
2019-08-07 03:48:35,850 INFO  impl.RaftServerImpl (RaftServerImpl.java:lambda$shutdown$3(245)) - 961187a3-8668-452f-8b74-0209867b1080: shutdown group-051F78E6C7B1
2019-08-07 03:48:35,850 INFO  impl.RaftServerImpl (RaftServerImpl.java:lambda$shutdown$3(245)) - 084644e9-8d0e-46ef-94f4-71b7ec4ffb0e: shutdown group-86EC0BBAE070
2019-08-07 03:48:35,850 INFO  util.JmxRegister (JmxRegister.java:unregister(73)) - Successfully un-registered JMX Bean with object name Ratis:service=RaftServer,group=group-051F78E6C7B1,id=961187a3-8668-452f-8b74-0209867b1080
2019-08-07 03:48:35,851 INFO  util.JmxRegister (JmxRegister.java:unregister(73)) - Successfully un-registered JMX Bean with object name Ratis:service=RaftServer,group=group-86EC0BBAE070,id=084644e9-8d0e-46ef-94f4-71b7ec4ffb0e
2019-08-07 03:48:35,851 INFO  impl.RoleInfo (RoleInfo.java:shutdownLeaderState(104)) - 961187a3-8668-452f-8b74-0209867b1080: shutdown LeaderState
2019-08-07 03:48:35,851 INFO  impl.RoleInfo (RoleInfo.java:shutdownLeaderState(104)) - 084644e9-8d0e-46ef-94f4-71b7ec4ffb0e: shutdown LeaderState
2019-08-07 03:48:35,856 WARN  server.GrpcLogAppender (GrpcLogAppender.java:mayWait(143)) - GrpcLogAppender(961187a3-8668-452f-8b74-0209867b1080->0bbcd879-c78e-4773-8a35-7ac80a545710): Wait interrupted by java.lang.InterruptedException
2019-08-07 03:48:35,856 WARN  server.GrpcLogAppender (GrpcLogAppender.java:mayWait(143)) - GrpcLogAppender(961187a3-8668-452f-8b74-0209867b1080->d8e8dedd-b554-4429-b41d-4482edac5b6d): Wait interrupted by java.lang.InterruptedException
2019-08-07 03:48:35,856 INFO  impl.PendingRequests (PendingRequests.java:sendNotLeaderResponses(202)) - 961187a3-8668-452f-8b74-0209867b1080-PendingRequests: sendNotLeaderResponses
2019-08-07 03:48:35,856 INFO  impl.PendingRequests (PendingRequests.java:sendNotLeaderResponses(202)) - 084644e9-8d0e-46ef-94f4-71b7ec4ffb0e-PendingRequests: sendNotLeaderResponses
2019-08-07 03:48:35,860 INFO  ratis.ContainerStateMachine (ContainerStateMachine.java:takeSnapshot(262)) - group-051F78E6C7B1: Taking a snapshot at:(t:1, i:6) file /workdir/hadoop-ozone/integration-test/target/test-dir/MiniOzoneClusterImpl-13422be5-0f54-42a0-8685-8e8a9f9c51cc/datanode-2/data/ratis/365a4eb4-4897-4dbb-b308-051f78e6c7b1/sm/snapshot.1_6
2019-08-07 03:48:35,860 INFO  impl.StateMachineUpdater (StateMachineUpdater.java:stopAndJoin(115)) - StateMachineUpdater:084644e9-8d0e-46ef-94f4-71b7ec4ffb0e:group-86EC0BBAE070: set stopIndex = 0
2019-08-07 03:48:35,859 INFO  server.GrpcServerProtocolService (GrpcServerProtocolService.java:onCompleted(104)) - d8e8dedd-b554-4429-b41d-4482edac5b6d: appendEntries completed
2019-08-07 03:48:35,859 INFO  impl.StateMachineUpdater (StateMachineUpdater.java:stopAndJoin(115)) - StateMachineUpdater:961187a3-8668-452f-8b74-0209867b1080:group-051F78E6C7B1: set stopIndex = 8
2019-08-07 03:48:35,860 INFO  impl.RaftServerImpl (ServerState.java:close(394)) - 084644e9-8d0e-46ef-94f4-71b7ec4ffb0e:group-86EC0BBAE070 closes. The last applied log index is 0
2019-08-07 03:48:35,861 INFO  server.GrpcLogAppender (GrpcLogAppender.java:onCompleted(292)) - 961187a3-8668-452f-8b74-0209867b1080->d8e8dedd-b554-4429-b41d-4482edac5b6d: follower responses appendEntries COMPLETED
2019-08-07 03:48:35,861 INFO  segmented.SegmentedRaftLogWorker (SegmentedRaftLogWorker.java:run(313)) - 084644e9-8d0e-46ef-94f4-71b7ec4ffb0e-SegmentedRaftLogWorker:Storage Directory /workdir/hadoop-ozone/integration-test/target/test-dir/MiniOzoneClusterImpl-13422be5-0f54-42a0-8685-8e8a9f9c51cc/datanode-3/data/ratis/d5a32a6d-b36f-4b2c-8a1e-86ec0bbae070 was interrupted, exiting. There are 0 tasks remaining in the queue.
2019-08-07 03:48:35,864 INFO  impl.FollowerInfo (FollowerInfo.java:lambda$new$0(50)) - 961187a3-8668-452f-8b74-0209867b1080->d8e8dedd-b554-4429-b41d-4482edac5b6d: nextIndex: updateUnconditionally 9 -> 8
2019-08-07 03:48:35,872 INFO  segmented.SegmentedRaftLogWorker (SegmentedRaftLogWorker.java:close(228)) - 084644e9-8d0e-46ef-94f4-71b7ec4ffb0e-SegmentedRaftLogWorker:Storage Directory /workdir/hadoop-ozone/integration-test/target/test-dir/MiniOzoneClusterImpl-13422be5-0f54-42a0-8685-8e8a9f9c51cc/datanode-3/data/ratis/d5a32a6d-b36f-4b2c-8a1e-86ec0bbae070 close()
2019-08-07 03:48:35,875 INFO  ratis.ContainerStateMachine (ContainerStateMachine.java:takeSnapshot(273)) - group-051F78E6C7B1: Finished taking a snapshot at:(t:1, i:6) file:/workdir/hadoop-ozone/integration-test/target/test-dir/MiniOzoneClusterImpl-13422be5-0f54-42a0-8685-8e8a9f9c51cc/datanode-2/data/ratis/365a4eb4-4897-4dbb-b308-051f78e6c7b1/sm/snapshot.1_6 time:15
2019-08-07 03:48:35,875 INFO  impl.RaftServerImpl (RaftServerImpl.java:lambda$shutdown$3(245)) - 084644e9-8d0e-46ef-94f4-71b7ec4ffb0e: shutdown group-13E49C4CFC01
2019-08-07 03:48:35,875 INFO  impl.StateMachineUpdater (StateMachineUpdater.java:takeSnapshot(242)) - StateMachineUpdater:961187a3-8668-452f-8b74-0209867b1080:group-051F78E6C7B1: Took a snapshot at index 6
2019-08-07 03:48:35,875 INFO  util.JmxRegister (JmxRegister.java:unregister(73)) - Successfully un-registered JMX Bean with object name Ratis:service=RaftServer,group=group-13E49C4CFC01,id=084644e9-8d0e-46ef-94f4-71b7ec4ffb0e
2019-08-07 03:48:35,875 INFO  impl.StateMachineUpdater (StateMachineUpdater.java:lambda$new$0(80)) - StateMachineUpdater:961187a3-8668-452f-8b74-0209867b1080:group-051F78E6C7B1: snapshotIndex: updateIncreasingly -1 -> 6
2019-08-07 03:48:35,876 INFO  impl.RoleInfo (RoleInfo.java:shutdownLeaderState(104)) - 084644e9-8d0e-46ef-94f4-71b7ec4ffb0e: shutdown LeaderState
2019-08-07 03:48:35,876 INFO  impl.RaftServerImpl (ServerState.java:close(394)) - 961187a3-8668-452f-8b74-0209867b1080:group-051F78E6C7B1 closes. The last applied log index is 8
2019-08-07 03:48:35,881 WARN  server.GrpcLogAppender (GrpcLogAppender.java:mayWait(143)) - GrpcLogAppender(084644e9-8d0e-46ef-94f4-71b7ec4ffb0e->b911820e-b08c-4e4e-a398-345134e61fee): Wait interrupted by java.lang.InterruptedException
2019-08-07 03:48:35,881 INFO  segmented.SegmentedRaftLogWorker (SegmentedRaftLogWorker.java:run(313)) - 961187a3-8668-452f-8b74-0209867b1080-SegmentedRaftLogWorker:Storage Directory /workdir/hadoop-ozone/integration-test/target/test-dir/MiniOzoneClusterImpl-13422be5-0f54-42a0-8685-8e8a9f9c51cc/datanode-2/data/ratis/365a4eb4-4897-4dbb-b308-051f78e6c7b1 was interrupted, exiting. There are 0 tasks remaining in the queue.
2019-08-07 03:48:35,881 WARN  server.GrpcLogAppender (GrpcLogAppender.java:mayWait(143)) - GrpcLogAppender(084644e9-8d0e-46ef-94f4-71b7ec4ffb0e->ead1c4ed-749c-44c7-b9cd-44af1bc78f5d): Wait interrupted by java.lang.InterruptedException
2019-08-07 03:48:35,880 INFO  impl.PendingRequests (PendingRequests.java:sendNotLeaderResponses(202)) - 084644e9-8d0e-46ef-94f4-71b7ec4ffb0e-PendingRequests: sendNotLeaderResponses
2019-08-07 03:48:35,883 INFO  server.GrpcServerProtocolService (GrpcServerProtocolService.java:onCompleted(104)) - b911820e-b08c-4e4e-a398-345134e61fee: appendEntries completed
2019-08-07 03:48:35,883 INFO  segmented.SegmentedRaftLogWorker (SegmentedRaftLogWorker.java:close(228)) - 961187a3-8668-452f-8b74-0209867b1080-SegmentedRaftLogWorker:Storage Directory /workdir/hadoop-ozone/integration-test/target/test-dir/MiniOzoneClusterImpl-13422be5-0f54-42a0-8685-8e8a9f9c51cc/datanode-2/data/ratis/365a4eb4-4897-4dbb-b308-051f78e6c7b1 close()
2019-08-07 03:48:35,884 INFO  impl.StateMachineUpdater (StateMachineUpdater.java:stopAndJoin(115)) - StateMachineUpdater:084644e9-8d0e-46ef-94f4-71b7ec4ffb0e:group-13E49C4CFC01: set stopIndex = 0
2019-08-07 03:48:35,886 INFO  server.GrpcLogAppender (GrpcLogAppender.java:onCompleted(292)) - 084644e9-8d0e-46ef-94f4-71b7ec4ffb0e->b911820e-b08c-4e4e-a398-345134e61fee: follower responses appendEntries COMPLETED
2019-08-07 03:48:35,886 INFO  impl.RaftServerImpl (RaftServerImpl.java:lambda$shutdown$3(245)) - 961187a3-8668-452f-8b74-0209867b1080: shutdown group-50BFAD83C16D
2019-08-07 03:48:35,889 INFO  impl.FollowerInfo (FollowerInfo.java:lambda$new$0(50)) - 084644e9-8d0e-46ef-94f4-71b7ec4ffb0e->b911820e-b08c-4e4e-a398-345134e61fee: nextIndex: updateUnconditionally 1 -> 0
2019-08-07 03:48:35,889 INFO  util.JmxRegister (JmxRegister.java:unregister(73)) - Successfully un-registered JMX Bean with object name Ratis:service=RaftServer,group=group-50BFAD83C16D,id=961187a3-8668-452f-8b74-0209867b1080
2019-08-07 03:48:35,887 INFO  impl.RaftServerImpl (ServerState.java:close(394)) - 084644e9-8d0e-46ef-94f4-71b7ec4ffb0e:group-13E49C4CFC01 closes. The last applied log index is 0
2019-08-07 03:48:35,889 INFO  impl.RoleInfo (RoleInfo.java:shutdownLeaderState(104)) - 961187a3-8668-452f-8b74-0209867b1080: shutdown LeaderState
2019-08-07 03:48:35,890 INFO  segmented.SegmentedRaftLogWorker (SegmentedRaftLogWorker.java:run(313)) - 084644e9-8d0e-46ef-94f4-71b7ec4ffb0e-SegmentedRaftLogWorker:Storage Directory /workdir/hadoop-ozone/integration-test/target/test-dir/MiniOzoneClusterImpl-13422be5-0f54-42a0-8685-8e8a9f9c51cc/datanode-3/data/ratis/3d17a2ef-6e90-4e31-80ed-13e49c4cfc01 was interrupted, exiting. There are 0 tasks remaining in the queue.
2019-08-07 03:48:35,890 INFO  impl.PendingRequests (PendingRequests.java:sendNotLeaderResponses(202)) - 961187a3-8668-452f-8b74-0209867b1080-PendingRequests: sendNotLeaderResponses
2019-08-07 03:48:35,892 INFO  segmented.SegmentedRaftLogWorker (SegmentedRaftLogWorker.java:close(228)) - 084644e9-8d0e-46ef-94f4-71b7ec4ffb0e-SegmentedRaftLogWorker:Storage Directory /workdir/hadoop-ozone/integration-test/target/test-dir/MiniOzoneClusterImpl-13422be5-0f54-42a0-8685-8e8a9f9c51cc/datanode-3/data/ratis/3d17a2ef-6e90-4e31-80ed-13e49c4cfc01 close()
2019-08-07 03:48:35,893 INFO  impl.StateMachineUpdater (StateMachineUpdater.java:stopAndJoin(115)) - StateMachineUpdater:961187a3-8668-452f-8b74-0209867b1080:group-50BFAD83C16D: set stopIndex = 0
2019-08-07 03:48:35,895 INFO  server.GrpcService (GrpcService.java:closeImpl(155)) - 084644e9-8d0e-46ef-94f4-71b7ec4ffb0e: shutdown server with port 35520 now
2019-08-07 03:48:35,895 INFO  impl.RaftServerImpl (ServerState.java:close(394)) - 961187a3-8668-452f-8b74-0209867b1080:group-50BFAD83C16D closes. The last applied log index is 0
2019-08-07 03:48:35,898 INFO  server.GrpcService (GrpcService.java:closeImpl(163)) - 084644e9-8d0e-46ef-94f4-71b7ec4ffb0e: shutdown server with port 35520 successfully
2019-08-07 03:48:35,898 INFO  segmented.SegmentedRaftLogWorker (SegmentedRaftLogWorker.java:run(313)) - 961187a3-8668-452f-8b74-0209867b1080-SegmentedRaftLogWorker:Storage Directory /workdir/hadoop-ozone/integration-test/target/test-dir/MiniOzoneClusterImpl-13422be5-0f54-42a0-8685-8e8a9f9c51cc/datanode-2/data/ratis/e38059bc-8881-41b3-9832-50bfad83c16d was interrupted, exiting. There are 0 tasks remaining in the queue.
2019-08-07 03:48:35,900 INFO  segmented.SegmentedRaftLogWorker (SegmentedRaftLogWorker.java:close(228)) - 961187a3-8668-452f-8b74-0209867b1080-SegmentedRaftLogWorker:Storage Directory /workdir/hadoop-ozone/integration-test/target/test-dir/MiniOzoneClusterImpl-13422be5-0f54-42a0-8685-8e8a9f9c51cc/datanode-2/data/ratis/e38059bc-8881-41b3-9832-50bfad83c16d close()
2019-08-07 03:48:35,902 INFO  server.GrpcService (GrpcService.java:closeImpl(155)) - 961187a3-8668-452f-8b74-0209867b1080: shutdown server with port 34365 now
2019-08-07 03:48:35,903 INFO  server.GrpcService (GrpcService.java:closeImpl(163)) - 961187a3-8668-452f-8b74-0209867b1080: shutdown server with port 34365 successfully
2019-08-07 03:48:35,905 INFO  utils.BackgroundService (BackgroundService.java:shutdown(148)) - Shutting down service BlockDeletingService
2019-08-07 03:48:35,906 INFO  utils.BackgroundService (BackgroundService.java:shutdown(148)) - Shutting down service BlockDeletingService
2019-08-07 03:48:35,909 WARN  fs.CachingGetSpaceUsed (CachingGetSpaceUsed.java:run(183)) - Thread Interrupted waiting to refresh disk information: sleep interrupted
2019-08-07 03:48:35,911 WARN  fs.CachingGetSpaceUsed (CachingGetSpaceUsed.java:run(183)) - Thread Interrupted waiting to refresh disk information: sleep interrupted
2019-08-07 03:48:35,933 INFO  statemachine.DatanodeStateMachine (DatanodeStateMachine.java:stopDaemon(395)) - Ozone container server stopped.
2019-08-07 03:48:35,935 INFO  statemachine.DatanodeStateMachine (DatanodeStateMachine.java:stopDaemon(395)) - Ozone container server stopped.
2019-08-07 03:48:35,940 INFO  handler.ContextHandler (ContextHandler.java:doStop(910)) - Stopped o.e.j.w.WebAppContext@76ffc17c{/,null,UNAVAILABLE}{/hddsDatanode}
2019-08-07 03:48:35,940 INFO  handler.ContextHandler (ContextHandler.java:doStop(910)) - Stopped o.e.j.w.WebAppContext@e06ec83{/,null,UNAVAILABLE}{/hddsDatanode}
2019-08-07 03:48:35,941 INFO  server.AbstractConnector (AbstractConnector.java:doStop(318)) - Stopped ServerConnector@628962e5{HTTP/1.1,[http/1.1]}{0.0.0.0:0}
2019-08-07 03:48:35,941 INFO  server.AbstractConnector (AbstractConnector.java:doStop(318)) - Stopped ServerConnector@3a8fb023{HTTP/1.1,[http/1.1]}{0.0.0.0:0}
2019-08-07 03:48:35,942 INFO  handler.ContextHandler (ContextHandler.java:doStop(910)) - Stopped o.e.j.s.ServletContextHandler@41be8db9{/static,jar:file:/home/user/.m2/repository/org/apache/hadoop/hadoop-hdds-container-service/0.4.1-SNAPSHOT/hadoop-hdds-container-service-0.4.1-SNAPSHOT.jar!/webapps/static,UNAVAILABLE}
2019-08-07 03:48:35,943 INFO  handler.ContextHandler (ContextHandler.java:doStop(910)) - Stopped o.e.j.s.ServletContextHandler@6f68756d{/static,jar:file:/home/user/.m2/repository/org/apache/hadoop/hadoop-hdds-container-service/0.4.1-SNAPSHOT/hadoop-hdds-container-service-0.4.1-SNAPSHOT.jar!/webapps/static,UNAVAILABLE}
2019-08-07 03:48:35,944 INFO  handler.ContextHandler (ContextHandler.java:doStop(910)) - Stopped o.e.j.s.ServletContextHandler@4cb4c4cc{/logs,file:///workdir/hadoop-ozone/integration-test/target/log,UNAVAILABLE}
2019-08-07 03:48:35,944 INFO  handler.ContextHandler (ContextHandler.java:doStop(910)) - Stopped o.e.j.s.ServletContextHandler@389a1e34{/logs,file:///workdir/hadoop-ozone/integration-test/target/log,UNAVAILABLE}
2019-08-07 03:48:35,946 INFO  datanode.ObjectStoreHandler (ObjectStoreHandler.java:close(155)) - Closing ObjectStoreHandler.
2019-08-07 03:48:35,946 INFO  ozone.HddsDatanodeService (HddsDatanodeService.java:stop(451)) - Stopped plug-in org.apache.hadoop.ozone.web.OzoneHddsDatanodeService@54bb1194
2019-08-07 03:48:35,947 INFO  datanode.ObjectStoreHandler (ObjectStoreHandler.java:close(155)) - Closing ObjectStoreHandler.
2019-08-07 03:48:35,947 INFO  ozone.HddsDatanodeService (HddsDatanodeService.java:stop(451)) - Stopped plug-in org.apache.hadoop.ozone.web.OzoneHddsDatanodeService@35841d6
2019-08-07 03:48:35,990 INFO  statemachine.DatanodeStateMachine (DatanodeStateMachine.java:lambda$startDaemon$0(350)) - Ozone container server started.
2019-08-07 03:48:36,647 INFO  statemachine.DatanodeStateMachine (DatanodeStateMachine.java:lambda$startDaemon$0(350)) - Ozone container server started.
2019-08-07 03:48:40,275 INFO  impl.FollowerState (FollowerState.java:run(106)) - b911820e-b08c-4e4e-a398-345134e61fee:group-13E49C4CFC01 changes to CANDIDATE, lastRpcTime:5200, electionTimeout:5196ms
2019-08-07 03:48:40,275 INFO  impl.RoleInfo (RoleInfo.java:shutdownFollowerState(121)) - b911820e-b08c-4e4e-a398-345134e61fee: shutdown FollowerState
2019-08-07 03:48:40,275 INFO  impl.RaftServerImpl (RaftServerImpl.java:setRole(171)) - b911820e-b08c-4e4e-a398-345134e61fee:group-13E49C4CFC01 changes role from FOLLOWER to CANDIDATE at term 1 for changeToCandidate
2019-08-07 03:48:40,275 INFO  impl.RoleInfo (RoleInfo.java:updateAndGet(143)) - b911820e-b08c-4e4e-a398-345134e61fee: start LeaderElection
2019-08-07 03:48:40,278 INFO  impl.RaftServerImpl (ServerState.java:setLeader(263)) - b911820e-b08c-4e4e-a398-345134e61fee:group-13E49C4CFC01 change Leader from 084644e9-8d0e-46ef-94f4-71b7ec4ffb0e to null at term 1 for initElection
2019-08-07 03:48:40,293 INFO  impl.LeaderElection (LeaderElection.java:askForVotes(181)) - b911820e-b08c-4e4e-a398-345134e61fee:group-13E49C4CFC01:LeaderElection25: begin an election at term 2 for 0: [ead1c4ed-749c-44c7-b9cd-44af1bc78f5d:192.168.157.245:35660, 084644e9-8d0e-46ef-94f4-71b7ec4ffb0e:192.168.157.245:35520, b911820e-b08c-4e4e-a398-345134e61fee:192.168.157.245:46541], old=null
2019-08-07 03:48:40,302 INFO  impl.LeaderElection (LogUtils.java:infoOrTrace(149)) - b911820e-b08c-4e4e-a398-345134e61fee:group-13E49C4CFC01:LeaderElection25 got exception when requesting votes: {}
java.util.concurrent.ExecutionException: org.apache.ratis.thirdparty.io.grpc.StatusRuntimeException: UNAVAILABLE: io exception
	at java.util.concurrent.FutureTask.report(FutureTask.java:122)
	at java.util.concurrent.FutureTask.get(FutureTask.java:192)
	at org.apache.ratis.server.impl.LeaderElection.waitForResults(LeaderElection.java:262)
	at org.apache.ratis.server.impl.LeaderElection.askForVotes(LeaderElection.java:200)
	at org.apache.ratis.server.impl.LeaderElection.run(LeaderElection.java:130)
	at java.lang.Thread.run(Thread.java:748)
Caused by: org.apache.ratis.thirdparty.io.grpc.StatusRuntimeException: UNAVAILABLE: io exception
	at org.apache.ratis.thirdparty.io.grpc.stub.ClientCalls.toStatusRuntimeException(ClientCalls.java:233)
	at org.apache.ratis.thirdparty.io.grpc.stub.ClientCalls.getUnchecked(ClientCalls.java:214)
	at org.apache.ratis.thirdparty.io.grpc.stub.ClientCalls.blockingUnaryCall(ClientCalls.java:139)
	at org.apache.ratis.proto.grpc.RaftServerProtocolServiceGrpc$RaftServerProtocolServiceBlockingStub.requestVote(RaftServerProtocolServiceGrpc.java:265)
	at org.apache.ratis.grpc.server.GrpcServerProtocolClient.requestVote(GrpcServerProtocolClient.java:83)
	at org.apache.ratis.grpc.server.GrpcService.requestVote(GrpcService.java:195)
	at org.apache.ratis.server.impl.LeaderElection.lambda$submitRequests$1(LeaderElection.java:237)
	at java.util.concurrent.FutureTask.run(FutureTask.java:266)
	at java.util.concurrent.Executors$RunnableAdapter.call(Executors.java:511)
	at java.util.concurrent.FutureTask.run(FutureTask.java:266)
	at java.util.concurrent.ThreadPoolExecutor.runWorker(ThreadPoolExecutor.java:1149)
	at java.util.concurrent.ThreadPoolExecutor$Worker.run(ThreadPoolExecutor.java:624)
	... 1 more
Caused by: org.apache.ratis.thirdparty.io.netty.channel.AbstractChannel$AnnotatedConnectException: Connection refused: /192.168.157.245:35660
	at sun.nio.ch.SocketChannelImpl.checkConnect(Native Method)
	at sun.nio.ch.SocketChannelImpl.finishConnect(SocketChannelImpl.java:717)
	at org.apache.ratis.thirdparty.io.netty.channel.socket.nio.NioSocketChannel.doFinishConnect(NioSocketChannel.java:327)
	at org.apache.ratis.thirdparty.io.netty.channel.nio.AbstractNioChannel$AbstractNioUnsafe.finishConnect(AbstractNioChannel.java:340)
	at org.apache.ratis.thirdparty.io.netty.channel.nio.NioEventLoop.processSelectedKey(NioEventLoop.java:632)
	at org.apache.ratis.thirdparty.io.netty.channel.nio.NioEventLoop.processSelectedKeysOptimized(NioEventLoop.java:579)
	at org.apache.ratis.thirdparty.io.netty.channel.nio.NioEventLoop.processSelectedKeys(NioEventLoop.java:496)
	at org.apache.ratis.thirdparty.io.netty.channel.nio.NioEventLoop.run(NioEventLoop.java:458)
	at org.apache.ratis.thirdparty.io.netty.util.concurrent.SingleThreadEventExecutor$5.run(SingleThreadEventExecutor.java:897)
	at org.apache.ratis.thirdparty.io.netty.util.concurrent.FastThreadLocalRunnable.run(FastThreadLocalRunnable.java:30)
	... 1 more
Caused by: java.net.ConnectException: Connection refused
	... 11 more
2019-08-07 03:48:40,307 INFO  impl.LeaderElection (LogUtils.java:infoOrTrace(149)) - b911820e-b08c-4e4e-a398-345134e61fee:group-13E49C4CFC01:LeaderElection25 got exception when requesting votes: {}
java.util.concurrent.ExecutionException: org.apache.ratis.thirdparty.io.grpc.StatusRuntimeException: UNAVAILABLE: io exception
	at java.util.concurrent.FutureTask.report(FutureTask.java:122)
	at java.util.concurrent.FutureTask.get(FutureTask.java:192)
	at org.apache.ratis.server.impl.LeaderElection.waitForResults(LeaderElection.java:262)
	at org.apache.ratis.server.impl.LeaderElection.askForVotes(LeaderElection.java:200)
	at org.apache.ratis.server.impl.LeaderElection.run(LeaderElection.java:130)
	at java.lang.Thread.run(Thread.java:748)
Caused by: org.apache.ratis.thirdparty.io.grpc.StatusRuntimeException: UNAVAILABLE: io exception
	at org.apache.ratis.thirdparty.io.grpc.stub.ClientCalls.toStatusRuntimeException(ClientCalls.java:233)
	at org.apache.ratis.thirdparty.io.grpc.stub.ClientCalls.getUnchecked(ClientCalls.java:214)
	at org.apache.ratis.thirdparty.io.grpc.stub.ClientCalls.blockingUnaryCall(ClientCalls.java:139)
	at org.apache.ratis.proto.grpc.RaftServerProtocolServiceGrpc$RaftServerProtocolServiceBlockingStub.requestVote(RaftServerProtocolServiceGrpc.java:265)
	at org.apache.ratis.grpc.server.GrpcServerProtocolClient.requestVote(GrpcServerProtocolClient.java:83)
	at org.apache.ratis.grpc.server.GrpcService.requestVote(GrpcService.java:195)
	at org.apache.ratis.server.impl.LeaderElection.lambda$submitRequests$1(LeaderElection.java:237)
	at java.util.concurrent.FutureTask.run(FutureTask.java:266)
	at java.util.concurrent.Executors$RunnableAdapter.call(Executors.java:511)
	at java.util.concurrent.FutureTask.run(FutureTask.java:266)
	at java.util.concurrent.ThreadPoolExecutor.runWorker(ThreadPoolExecutor.java:1149)
	at java.util.concurrent.ThreadPoolExecutor$Worker.run(ThreadPoolExecutor.java:624)
	... 1 more
Caused by: org.apache.ratis.thirdparty.io.netty.channel.AbstractChannel$AnnotatedConnectException: Connection refused: /192.168.157.245:35520
	at sun.nio.ch.SocketChannelImpl.checkConnect(Native Method)
	at sun.nio.ch.SocketChannelImpl.finishConnect(SocketChannelImpl.java:717)
	at org.apache.ratis.thirdparty.io.netty.channel.socket.nio.NioSocketChannel.doFinishConnect(NioSocketChannel.java:327)
	at org.apache.ratis.thirdparty.io.netty.channel.nio.AbstractNioChannel$AbstractNioUnsafe.finishConnect(AbstractNioChannel.java:340)
	at org.apache.ratis.thirdparty.io.netty.channel.nio.NioEventLoop.processSelectedKey(NioEventLoop.java:632)
	at org.apache.ratis.thirdparty.io.netty.channel.nio.NioEventLoop.processSelectedKeysOptimized(NioEventLoop.java:579)
	at org.apache.ratis.thirdparty.io.netty.channel.nio.NioEventLoop.processSelectedKeys(NioEventLoop.java:496)
	at org.apache.ratis.thirdparty.io.netty.channel.nio.NioEventLoop.run(NioEventLoop.java:458)
	at org.apache.ratis.thirdparty.io.netty.util.concurrent.SingleThreadEventExecutor$5.run(SingleThreadEventExecutor.java:897)
	at org.apache.ratis.thirdparty.io.netty.util.concurrent.FastThreadLocalRunnable.run(FastThreadLocalRunnable.java:30)
	... 1 more
Caused by: java.net.ConnectException: Connection refused
	... 11 more
2019-08-07 03:48:40,311 INFO  impl.LeaderElection (LeaderElection.java:logAndReturn(56)) - b911820e-b08c-4e4e-a398-345134e61fee:group-13E49C4CFC01:LeaderElection25: Election REJECTED; received 0 response(s) [] and 2 exception(s); b911820e-b08c-4e4e-a398-345134e61fee:t2, leader=null, voted=b911820e-b08c-4e4e-a398-345134e61fee, raftlog=b911820e-b08c-4e4e-a398-345134e61fee-SegmentedRaftLog:OPENED:c0,f0,i0, conf=0: [ead1c4ed-749c-44c7-b9cd-44af1bc78f5d:192.168.157.245:35660, 084644e9-8d0e-46ef-94f4-71b7ec4ffb0e:192.168.157.245:35520, b911820e-b08c-4e4e-a398-345134e61fee:192.168.157.245:46541], old=null
2019-08-07 03:48:40,312 INFO  impl.LeaderElection (LogUtils.java:infoOrTrace(149)) -   Exception 0: {}
java.util.concurrent.ExecutionException: org.apache.ratis.thirdparty.io.grpc.StatusRuntimeException: UNAVAILABLE: io exception
	at java.util.concurrent.FutureTask.report(FutureTask.java:122)
	at java.util.concurrent.FutureTask.get(FutureTask.java:192)
	at org.apache.ratis.server.impl.LeaderElection.waitForResults(LeaderElection.java:262)
	at org.apache.ratis.server.impl.LeaderElection.askForVotes(LeaderElection.java:200)
	at org.apache.ratis.server.impl.LeaderElection.run(LeaderElection.java:130)
	at java.lang.Thread.run(Thread.java:748)
Caused by: org.apache.ratis.thirdparty.io.grpc.StatusRuntimeException: UNAVAILABLE: io exception
	at org.apache.ratis.thirdparty.io.grpc.stub.ClientCalls.toStatusRuntimeException(ClientCalls.java:233)
	at org.apache.ratis.thirdparty.io.grpc.stub.ClientCalls.getUnchecked(ClientCalls.java:214)
	at org.apache.ratis.thirdparty.io.grpc.stub.ClientCalls.blockingUnaryCall(ClientCalls.java:139)
	at org.apache.ratis.proto.grpc.RaftServerProtocolServiceGrpc$RaftServerProtocolServiceBlockingStub.requestVote(RaftServerProtocolServiceGrpc.java:265)
	at org.apache.ratis.grpc.server.GrpcServerProtocolClient.requestVote(GrpcServerProtocolClient.java:83)
	at org.apache.ratis.grpc.server.GrpcService.requestVote(GrpcService.java:195)
	at org.apache.ratis.server.impl.LeaderElection.lambda$submitRequests$1(LeaderElection.java:237)
	at java.util.concurrent.FutureTask.run(FutureTask.java:266)
	at java.util.concurrent.Executors$RunnableAdapter.call(Executors.java:511)
	at java.util.concurrent.FutureTask.run(FutureTask.java:266)
	at java.util.concurrent.ThreadPoolExecutor.runWorker(ThreadPoolExecutor.java:1149)
	at java.util.concurrent.ThreadPoolExecutor$Worker.run(ThreadPoolExecutor.java:624)
	... 1 more
Caused by: org.apache.ratis.thirdparty.io.netty.channel.AbstractChannel$AnnotatedConnectException: Connection refused: /192.168.157.245:35660
	at sun.nio.ch.SocketChannelImpl.checkConnect(Native Method)
	at sun.nio.ch.SocketChannelImpl.finishConnect(SocketChannelImpl.java:717)
	at org.apache.ratis.thirdparty.io.netty.channel.socket.nio.NioSocketChannel.doFinishConnect(NioSocketChannel.java:327)
	at org.apache.ratis.thirdparty.io.netty.channel.nio.AbstractNioChannel$AbstractNioUnsafe.finishConnect(AbstractNioChannel.java:340)
	at org.apache.ratis.thirdparty.io.netty.channel.nio.NioEventLoop.processSelectedKey(NioEventLoop.java:632)
	at org.apache.ratis.thirdparty.io.netty.channel.nio.NioEventLoop.processSelectedKeysOptimized(NioEventLoop.java:579)
	at org.apache.ratis.thirdparty.io.netty.channel.nio.NioEventLoop.processSelectedKeys(NioEventLoop.java:496)
	at org.apache.ratis.thirdparty.io.netty.channel.nio.NioEventLoop.run(NioEventLoop.java:458)
	at org.apache.ratis.thirdparty.io.netty.util.concurrent.SingleThreadEventExecutor$5.run(SingleThreadEventExecutor.java:897)
	at org.apache.ratis.thirdparty.io.netty.util.concurrent.FastThreadLocalRunnable.run(FastThreadLocalRunnable.java:30)
	... 1 more
Caused by: java.net.ConnectException: Connection refused
	... 11 more
2019-08-07 03:48:40,312 INFO  impl.LeaderElection (LogUtils.java:infoOrTrace(149)) -   Exception 1: {}
java.util.concurrent.ExecutionException: org.apache.ratis.thirdparty.io.grpc.StatusRuntimeException: UNAVAILABLE: io exception
	at java.util.concurrent.FutureTask.report(FutureTask.java:122)
	at java.util.concurrent.FutureTask.get(FutureTask.java:192)
	at org.apache.ratis.server.impl.LeaderElection.waitForResults(LeaderElection.java:262)
	at org.apache.ratis.server.impl.LeaderElection.askForVotes(LeaderElection.java:200)
	at org.apache.ratis.server.impl.LeaderElection.run(LeaderElection.java:130)
	at java.lang.Thread.run(Thread.java:748)
Caused by: org.apache.ratis.thirdparty.io.grpc.StatusRuntimeException: UNAVAILABLE: io exception
	at org.apache.ratis.thirdparty.io.grpc.stub.ClientCalls.toStatusRuntimeException(ClientCalls.java:233)
	at org.apache.ratis.thirdparty.io.grpc.stub.ClientCalls.getUnchecked(ClientCalls.java:214)
	at org.apache.ratis.thirdparty.io.grpc.stub.ClientCalls.blockingUnaryCall(ClientCalls.java:139)
	at org.apache.ratis.proto.grpc.RaftServerProtocolServiceGrpc$RaftServerProtocolServiceBlockingStub.requestVote(RaftServerProtocolServiceGrpc.java:265)
	at org.apache.ratis.grpc.server.GrpcServerProtocolClient.requestVote(GrpcServerProtocolClient.java:83)
	at org.apache.ratis.grpc.server.GrpcService.requestVote(GrpcService.java:195)
	at org.apache.ratis.server.impl.LeaderElection.lambda$submitRequests$1(LeaderElection.java:237)
	at java.util.concurrent.FutureTask.run(FutureTask.java:266)
	at java.util.concurrent.Executors$RunnableAdapter.call(Executors.java:511)
	at java.util.concurrent.FutureTask.run(FutureTask.java:266)
	at java.util.concurrent.ThreadPoolExecutor.runWorker(ThreadPoolExecutor.java:1149)
	at java.util.concurrent.ThreadPoolExecutor$Worker.run(ThreadPoolExecutor.java:624)
	... 1 more
Caused by: org.apache.ratis.thirdparty.io.netty.channel.AbstractChannel$AnnotatedConnectException: Connection refused: /192.168.157.245:35520
	at sun.nio.ch.SocketChannelImpl.checkConnect(Native Method)
	at sun.nio.ch.SocketChannelImpl.finishConnect(SocketChannelImpl.java:717)
	at org.apache.ratis.thirdparty.io.netty.channel.socket.nio.NioSocketChannel.doFinishConnect(NioSocketChannel.java:327)
	at org.apache.ratis.thirdparty.io.netty.channel.nio.AbstractNioChannel$AbstractNioUnsafe.finishConnect(AbstractNioChannel.java:340)
	at org.apache.ratis.thirdparty.io.netty.channel.nio.NioEventLoop.processSelectedKey(NioEventLoop.java:632)
	at org.apache.ratis.thirdparty.io.netty.channel.nio.NioEventLoop.processSelectedKeysOptimized(NioEventLoop.java:579)
	at org.apache.ratis.thirdparty.io.netty.channel.nio.NioEventLoop.processSelectedKeys(NioEventLoop.java:496)
	at org.apache.ratis.thirdparty.io.netty.channel.nio.NioEventLoop.run(NioEventLoop.java:458)
	at org.apache.ratis.thirdparty.io.netty.util.concurrent.SingleThreadEventExecutor$5.run(SingleThreadEventExecutor.java:897)
	at org.apache.ratis.thirdparty.io.netty.util.concurrent.FastThreadLocalRunnable.run(FastThreadLocalRunnable.java:30)
	... 1 more
Caused by: java.net.ConnectException: Connection refused
	... 11 more
2019-08-07 03:48:40,314 INFO  impl.RaftServerImpl (RaftServerImpl.java:setRole(171)) - b911820e-b08c-4e4e-a398-345134e61fee:group-13E49C4CFC01 changes role from CANDIDATE to FOLLOWER at term 2 for DISCOVERED_A_NEW_TERM
2019-08-07 03:48:40,314 INFO  impl.RoleInfo (RoleInfo.java:shutdownLeaderElection(134)) - b911820e-b08c-4e4e-a398-345134e61fee: shutdown LeaderElection
2019-08-07 03:48:40,315 INFO  impl.RoleInfo (RoleInfo.java:updateAndGet(143)) - b911820e-b08c-4e4e-a398-345134e61fee: start FollowerState
2019-08-07 03:48:40,947 INFO  ozoneimpl.OzoneContainer (OzoneContainer.java:stop(199)) - Attempting to stop container services.
2019-08-07 03:48:40,947 INFO  impl.RaftServerProxy (RaftServerProxy.java:lambda$close$4(314)) - d8e8dedd-b554-4429-b41d-4482edac5b6d: close
2019-08-07 03:48:40,948 INFO  impl.RaftServerImpl (RaftServerImpl.java:lambda$shutdown$3(245)) - d8e8dedd-b554-4429-b41d-4482edac5b6d: shutdown group-7E13306A3B29
2019-08-07 03:48:40,948 INFO  ozoneimpl.OzoneContainer (OzoneContainer.java:stop(199)) - Attempting to stop container services.
2019-08-07 03:48:40,948 INFO  util.JmxRegister (JmxRegister.java:unregister(73)) - Successfully un-registered JMX Bean with object name Ratis:service=RaftServer,group=group-7E13306A3B29,id=d8e8dedd-b554-4429-b41d-4482edac5b6d
2019-08-07 03:48:40,949 INFO  impl.RaftServerProxy (RaftServerProxy.java:lambda$close$4(314)) - 83c7ff2c-57cd-41c7-8c27-8b8f169f9d72: close
2019-08-07 03:48:40,949 INFO  impl.RoleInfo (RoleInfo.java:shutdownLeaderState(104)) - d8e8dedd-b554-4429-b41d-4482edac5b6d: shutdown LeaderState
2019-08-07 03:48:40,950 INFO  impl.RaftServerImpl (RaftServerImpl.java:lambda$shutdown$3(245)) - 83c7ff2c-57cd-41c7-8c27-8b8f169f9d72: shutdown group-BA2C1C1D39C2
2019-08-07 03:48:40,950 INFO  impl.PendingRequests (PendingRequests.java:sendNotLeaderResponses(202)) - d8e8dedd-b554-4429-b41d-4482edac5b6d-PendingRequests: sendNotLeaderResponses
2019-08-07 03:48:40,950 INFO  util.JmxRegister (JmxRegister.java:unregister(73)) - Successfully un-registered JMX Bean with object name Ratis:service=RaftServer,group=group-BA2C1C1D39C2,id=83c7ff2c-57cd-41c7-8c27-8b8f169f9d72
2019-08-07 03:48:40,951 INFO  impl.StateMachineUpdater (StateMachineUpdater.java:stopAndJoin(115)) - StateMachineUpdater:d8e8dedd-b554-4429-b41d-4482edac5b6d:group-7E13306A3B29: set stopIndex = 0
2019-08-07 03:48:40,951 INFO  impl.RoleInfo (RoleInfo.java:shutdownLeaderState(104)) - 83c7ff2c-57cd-41c7-8c27-8b8f169f9d72: shutdown LeaderState
2019-08-07 03:48:40,952 INFO  impl.RaftServerImpl (ServerState.java:close(394)) - d8e8dedd-b554-4429-b41d-4482edac5b6d:group-7E13306A3B29 closes. The last applied log index is 0
2019-08-07 03:48:40,952 INFO  impl.PendingRequests (PendingRequests.java:sendNotLeaderResponses(202)) - 83c7ff2c-57cd-41c7-8c27-8b8f169f9d72-PendingRequests: sendNotLeaderResponses
2019-08-07 03:48:40,953 INFO  segmented.SegmentedRaftLogWorker (SegmentedRaftLogWorker.java:run(313)) - d8e8dedd-b554-4429-b41d-4482edac5b6d-SegmentedRaftLogWorker:Storage Directory /workdir/hadoop-ozone/integration-test/target/test-dir/MiniOzoneClusterImpl-13422be5-0f54-42a0-8685-8e8a9f9c51cc/datanode-0/data/ratis/982b3043-fd88-44c6-9307-7e13306a3b29 was interrupted, exiting. There are 0 tasks remaining in the queue.
2019-08-07 03:48:40,953 INFO  impl.StateMachineUpdater (StateMachineUpdater.java:stopAndJoin(115)) - StateMachineUpdater:83c7ff2c-57cd-41c7-8c27-8b8f169f9d72:group-BA2C1C1D39C2: set stopIndex = 0
2019-08-07 03:48:40,955 INFO  segmented.SegmentedRaftLogWorker (SegmentedRaftLogWorker.java:close(228)) - d8e8dedd-b554-4429-b41d-4482edac5b6d-SegmentedRaftLogWorker:Storage Directory /workdir/hadoop-ozone/integration-test/target/test-dir/MiniOzoneClusterImpl-13422be5-0f54-42a0-8685-8e8a9f9c51cc/datanode-0/data/ratis/982b3043-fd88-44c6-9307-7e13306a3b29 close()
2019-08-07 03:48:40,955 INFO  impl.RaftServerImpl (ServerState.java:close(394)) - 83c7ff2c-57cd-41c7-8c27-8b8f169f9d72:group-BA2C1C1D39C2 closes. The last applied log index is 0
2019-08-07 03:48:40,957 INFO  impl.RaftServerImpl (RaftServerImpl.java:lambda$shutdown$3(245)) - d8e8dedd-b554-4429-b41d-4482edac5b6d: shutdown group-051F78E6C7B1
2019-08-07 03:48:40,958 INFO  segmented.SegmentedRaftLogWorker (SegmentedRaftLogWorker.java:run(313)) - 83c7ff2c-57cd-41c7-8c27-8b8f169f9d72-SegmentedRaftLogWorker:Storage Directory /workdir/hadoop-ozone/integration-test/target/test-dir/MiniOzoneClusterImpl-13422be5-0f54-42a0-8685-8e8a9f9c51cc/datanode-6/data/ratis/422d623f-cca6-4642-a0ec-ba2c1c1d39c2 was interrupted, exiting. There are 0 tasks remaining in the queue.
2019-08-07 03:48:40,958 INFO  util.JmxRegister (JmxRegister.java:unregister(73)) - Successfully un-registered JMX Bean with object name Ratis:service=RaftServer,group=group-051F78E6C7B1,id=d8e8dedd-b554-4429-b41d-4482edac5b6d
2019-08-07 03:48:40,960 INFO  segmented.SegmentedRaftLogWorker (SegmentedRaftLogWorker.java:close(228)) - 83c7ff2c-57cd-41c7-8c27-8b8f169f9d72-SegmentedRaftLogWorker:Storage Directory /workdir/hadoop-ozone/integration-test/target/test-dir/MiniOzoneClusterImpl-13422be5-0f54-42a0-8685-8e8a9f9c51cc/datanode-6/data/ratis/422d623f-cca6-4642-a0ec-ba2c1c1d39c2 close()
2019-08-07 03:48:40,960 INFO  impl.RoleInfo (RoleInfo.java:shutdownFollowerState(121)) - d8e8dedd-b554-4429-b41d-4482edac5b6d: shutdown FollowerState
2019-08-07 03:48:40,968 INFO  server.GrpcService (GrpcService.java:closeImpl(155)) - 83c7ff2c-57cd-41c7-8c27-8b8f169f9d72: shutdown server with port 36872 now
2019-08-07 03:48:40,968 INFO  ratis.ContainerStateMachine (ContainerStateMachine.java:takeSnapshot(262)) - group-051F78E6C7B1: Taking a snapshot at:(t:1, i:6) file /workdir/hadoop-ozone/integration-test/target/test-dir/MiniOzoneClusterImpl-13422be5-0f54-42a0-8685-8e8a9f9c51cc/datanode-0/data/ratis/365a4eb4-4897-4dbb-b308-051f78e6c7b1/sm/snapshot.1_6
2019-08-07 03:48:40,968 INFO  impl.FollowerState (FollowerState.java:run(114)) - d8e8dedd-b554-4429-b41d-4482edac5b6d: FollowerState was interrupted: java.lang.InterruptedException: sleep interrupted
2019-08-07 03:48:40,968 INFO  impl.StateMachineUpdater (StateMachineUpdater.java:stopAndJoin(115)) - StateMachineUpdater:d8e8dedd-b554-4429-b41d-4482edac5b6d:group-051F78E6C7B1: set stopIndex = 8
2019-08-07 03:48:40,972 INFO  server.GrpcService (GrpcService.java:closeImpl(163)) - 83c7ff2c-57cd-41c7-8c27-8b8f169f9d72: shutdown server with port 36872 successfully
2019-08-07 03:48:40,973 INFO  utils.BackgroundService (BackgroundService.java:shutdown(148)) - Shutting down service BlockDeletingService
2019-08-07 03:48:40,983 WARN  fs.CachingGetSpaceUsed (CachingGetSpaceUsed.java:run(183)) - Thread Interrupted waiting to refresh disk information: sleep interrupted
2019-08-07 03:48:40,983 INFO  ratis.ContainerStateMachine (ContainerStateMachine.java:takeSnapshot(273)) - group-051F78E6C7B1: Finished taking a snapshot at:(t:1, i:6) file:/workdir/hadoop-ozone/integration-test/target/test-dir/MiniOzoneClusterImpl-13422be5-0f54-42a0-8685-8e8a9f9c51cc/datanode-0/data/ratis/365a4eb4-4897-4dbb-b308-051f78e6c7b1/sm/snapshot.1_6 time:15
2019-08-07 03:48:40,983 INFO  impl.StateMachineUpdater (StateMachineUpdater.java:takeSnapshot(242)) - StateMachineUpdater:d8e8dedd-b554-4429-b41d-4482edac5b6d:group-051F78E6C7B1: Took a snapshot at index 6
2019-08-07 03:48:40,983 INFO  impl.StateMachineUpdater (StateMachineUpdater.java:lambda$new$0(80)) - StateMachineUpdater:d8e8dedd-b554-4429-b41d-4482edac5b6d:group-051F78E6C7B1: snapshotIndex: updateIncreasingly -1 -> 6
2019-08-07 03:48:40,984 INFO  impl.RaftServerImpl (ServerState.java:close(394)) - d8e8dedd-b554-4429-b41d-4482edac5b6d:group-051F78E6C7B1 closes. The last applied log index is 8
2019-08-07 03:48:40,985 INFO  segmented.SegmentedRaftLogWorker (SegmentedRaftLogWorker.java:run(313)) - d8e8dedd-b554-4429-b41d-4482edac5b6d-SegmentedRaftLogWorker:Storage Directory /workdir/hadoop-ozone/integration-test/target/test-dir/MiniOzoneClusterImpl-13422be5-0f54-42a0-8685-8e8a9f9c51cc/datanode-0/data/ratis/365a4eb4-4897-4dbb-b308-051f78e6c7b1 was interrupted, exiting. There are 0 tasks remaining in the queue.
2019-08-07 03:48:40,985 INFO  segmented.SegmentedRaftLogWorker (SegmentedRaftLogWorker.java:close(228)) - d8e8dedd-b554-4429-b41d-4482edac5b6d-SegmentedRaftLogWorker:Storage Directory /workdir/hadoop-ozone/integration-test/target/test-dir/MiniOzoneClusterImpl-13422be5-0f54-42a0-8685-8e8a9f9c51cc/datanode-0/data/ratis/365a4eb4-4897-4dbb-b308-051f78e6c7b1 close()
2019-08-07 03:48:40,985 INFO  server.GrpcService (GrpcService.java:closeImpl(155)) - d8e8dedd-b554-4429-b41d-4482edac5b6d: shutdown server with port 36251 now
2019-08-07 03:48:40,986 INFO  server.GrpcService (GrpcService.java:closeImpl(163)) - d8e8dedd-b554-4429-b41d-4482edac5b6d: shutdown server with port 36251 successfully
2019-08-07 03:48:40,987 INFO  utils.BackgroundService (BackgroundService.java:shutdown(148)) - Shutting down service BlockDeletingService
2019-08-07 03:48:40,989 WARN  fs.CachingGetSpaceUsed (CachingGetSpaceUsed.java:run(183)) - Thread Interrupted waiting to refresh disk information: sleep interrupted
2019-08-07 03:48:41,001 INFO  statemachine.DatanodeStateMachine (DatanodeStateMachine.java:stopDaemon(395)) - Ozone container server stopped.
2019-08-07 03:48:41,007 INFO  statemachine.DatanodeStateMachine (DatanodeStateMachine.java:stopDaemon(395)) - Ozone container server stopped.
2019-08-07 03:48:41,016 INFO  handler.ContextHandler (ContextHandler.java:doStop(910)) - Stopped o.e.j.w.WebAppContext@2e44cb34{/,null,UNAVAILABLE}{/hddsDatanode}
2019-08-07 03:48:41,016 INFO  handler.ContextHandler (ContextHandler.java:doStop(910)) - Stopped o.e.j.w.WebAppContext@4a9b92c6{/,null,UNAVAILABLE}{/hddsDatanode}
2019-08-07 03:48:41,017 INFO  server.AbstractConnector (AbstractConnector.java:doStop(318)) - Stopped ServerConnector@731e0bff{HTTP/1.1,[http/1.1]}{0.0.0.0:0}
2019-08-07 03:48:41,017 INFO  server.AbstractConnector (AbstractConnector.java:doStop(318)) - Stopped ServerConnector@6eed46e9{HTTP/1.1,[http/1.1]}{0.0.0.0:0}
2019-08-07 03:48:41,017 INFO  handler.ContextHandler (ContextHandler.java:doStop(910)) - Stopped o.e.j.s.ServletContextHandler@63d0e8d{/static,jar:file:/home/user/.m2/repository/org/apache/hadoop/hadoop-hdds-container-service/0.4.1-SNAPSHOT/hadoop-hdds-container-service-0.4.1-SNAPSHOT.jar!/webapps/static,UNAVAILABLE}
2019-08-07 03:48:41,019 INFO  handler.ContextHandler (ContextHandler.java:doStop(910)) - Stopped o.e.j.s.ServletContextHandler@5a899811{/static,jar:file:/home/user/.m2/repository/org/apache/hadoop/hadoop-hdds-container-service/0.4.1-SNAPSHOT/hadoop-hdds-container-service-0.4.1-SNAPSHOT.jar!/webapps/static,UNAVAILABLE}
2019-08-07 03:48:41,019 INFO  handler.ContextHandler (ContextHandler.java:doStop(910)) - Stopped o.e.j.s.ServletContextHandler@65d23aa3{/logs,file:///workdir/hadoop-ozone/integration-test/target/log,UNAVAILABLE}
2019-08-07 03:48:41,020 INFO  handler.ContextHandler (ContextHandler.java:doStop(910)) - Stopped o.e.j.s.ServletContextHandler@315b4202{/logs,file:///workdir/hadoop-ozone/integration-test/target/log,UNAVAILABLE}
2019-08-07 03:48:41,022 INFO  datanode.ObjectStoreHandler (ObjectStoreHandler.java:close(155)) - Closing ObjectStoreHandler.
2019-08-07 03:48:41,023 INFO  ozone.HddsDatanodeService (HddsDatanodeService.java:stop(451)) - Stopped plug-in org.apache.hadoop.ozone.web.OzoneHddsDatanodeService@21d8da75
2019-08-07 03:48:41,776 INFO  statemachine.DatanodeStateMachine (DatanodeStateMachine.java:lambda$startDaemon$0(350)) - Ozone container server started.
2019-08-07 03:48:45,503 INFO  impl.FollowerState (FollowerState.java:run(106)) - b911820e-b08c-4e4e-a398-345134e61fee:group-13E49C4CFC01 changes to CANDIDATE, lastRpcTime:5188, electionTimeout:5188ms
2019-08-07 03:48:45,503 INFO  impl.RoleInfo (RoleInfo.java:shutdownFollowerState(121)) - b911820e-b08c-4e4e-a398-345134e61fee: shutdown FollowerState
2019-08-07 03:48:45,504 INFO  impl.RaftServerImpl (RaftServerImpl.java:setRole(171)) - b911820e-b08c-4e4e-a398-345134e61fee:group-13E49C4CFC01 changes role from FOLLOWER to CANDIDATE at term 2 for changeToCandidate
2019-08-07 03:48:45,504 INFO  impl.RoleInfo (RoleInfo.java:updateAndGet(143)) - b911820e-b08c-4e4e-a398-345134e61fee: start LeaderElection
2019-08-07 03:48:45,521 INFO  impl.LeaderElection (LeaderElection.java:askForVotes(181)) - b911820e-b08c-4e4e-a398-345134e61fee:group-13E49C4CFC01:LeaderElection26: begin an election at term 3 for 0: [ead1c4ed-749c-44c7-b9cd-44af1bc78f5d:192.168.157.245:35660, 084644e9-8d0e-46ef-94f4-71b7ec4ffb0e:192.168.157.245:35520, b911820e-b08c-4e4e-a398-345134e61fee:192.168.157.245:46541], old=null
2019-08-07 03:48:45,522 INFO  impl.LeaderElection (LogUtils.java:infoOrTrace(149)) - b911820e-b08c-4e4e-a398-345134e61fee:group-13E49C4CFC01:LeaderElection26 got exception when requesting votes: {}
java.util.concurrent.ExecutionException: org.apache.ratis.thirdparty.io.grpc.StatusRuntimeException: UNAVAILABLE: io exception
	at java.util.concurrent.FutureTask.report(FutureTask.java:122)
	at java.util.concurrent.FutureTask.get(FutureTask.java:192)
	at org.apache.ratis.server.impl.LeaderElection.waitForResults(LeaderElection.java:262)
	at org.apache.ratis.server.impl.LeaderElection.askForVotes(LeaderElection.java:200)
	at org.apache.ratis.server.impl.LeaderElection.run(LeaderElection.java:130)
	at java.lang.Thread.run(Thread.java:748)
Caused by: org.apache.ratis.thirdparty.io.grpc.StatusRuntimeException: UNAVAILABLE: io exception
	at org.apache.ratis.thirdparty.io.grpc.stub.ClientCalls.toStatusRuntimeException(ClientCalls.java:233)
	at org.apache.ratis.thirdparty.io.grpc.stub.ClientCalls.getUnchecked(ClientCalls.java:214)
	at org.apache.ratis.thirdparty.io.grpc.stub.ClientCalls.blockingUnaryCall(ClientCalls.java:139)
	at org.apache.ratis.proto.grpc.RaftServerProtocolServiceGrpc$RaftServerProtocolServiceBlockingStub.requestVote(RaftServerProtocolServiceGrpc.java:265)
	at org.apache.ratis.grpc.server.GrpcServerProtocolClient.requestVote(GrpcServerProtocolClient.java:83)
	at org.apache.ratis.grpc.server.GrpcService.requestVote(GrpcService.java:195)
	at org.apache.ratis.server.impl.LeaderElection.lambda$submitRequests$1(LeaderElection.java:237)
	at java.util.concurrent.FutureTask.run(FutureTask.java:266)
	at java.util.concurrent.Executors$RunnableAdapter.call(Executors.java:511)
	at java.util.concurrent.FutureTask.run(FutureTask.java:266)
	at java.util.concurrent.ThreadPoolExecutor.runWorker(ThreadPoolExecutor.java:1149)
	at java.util.concurrent.ThreadPoolExecutor$Worker.run(ThreadPoolExecutor.java:624)
	... 1 more
Caused by: org.apache.ratis.thirdparty.io.netty.channel.AbstractChannel$AnnotatedConnectException: Connection refused: /192.168.157.245:35660
	at sun.nio.ch.SocketChannelImpl.checkConnect(Native Method)
	at sun.nio.ch.SocketChannelImpl.finishConnect(SocketChannelImpl.java:717)
	at org.apache.ratis.thirdparty.io.netty.channel.socket.nio.NioSocketChannel.doFinishConnect(NioSocketChannel.java:327)
	at org.apache.ratis.thirdparty.io.netty.channel.nio.AbstractNioChannel$AbstractNioUnsafe.finishConnect(AbstractNioChannel.java:340)
	at org.apache.ratis.thirdparty.io.netty.channel.nio.NioEventLoop.processSelectedKey(NioEventLoop.java:632)
	at org.apache.ratis.thirdparty.io.netty.channel.nio.NioEventLoop.processSelectedKeysOptimized(NioEventLoop.java:579)
	at org.apache.ratis.thirdparty.io.netty.channel.nio.NioEventLoop.processSelectedKeys(NioEventLoop.java:496)
	at org.apache.ratis.thirdparty.io.netty.channel.nio.NioEventLoop.run(NioEventLoop.java:458)
	at org.apache.ratis.thirdparty.io.netty.util.concurrent.SingleThreadEventExecutor$5.run(SingleThreadEventExecutor.java:897)
	at org.apache.ratis.thirdparty.io.netty.util.concurrent.FastThreadLocalRunnable.run(FastThreadLocalRunnable.java:30)
	... 1 more
Caused by: java.net.ConnectException: Connection refused
	... 11 more
2019-08-07 03:48:45,524 INFO  impl.LeaderElection (LogUtils.java:infoOrTrace(149)) - b911820e-b08c-4e4e-a398-345134e61fee:group-13E49C4CFC01:LeaderElection26 got exception when requesting votes: {}
java.util.concurrent.ExecutionException: org.apache.ratis.thirdparty.io.grpc.StatusRuntimeException: UNAVAILABLE: io exception
	at java.util.concurrent.FutureTask.report(FutureTask.java:122)
	at java.util.concurrent.FutureTask.get(FutureTask.java:192)
	at org.apache.ratis.server.impl.LeaderElection.waitForResults(LeaderElection.java:262)
	at org.apache.ratis.server.impl.LeaderElection.askForVotes(LeaderElection.java:200)
	at org.apache.ratis.server.impl.LeaderElection.run(LeaderElection.java:130)
	at java.lang.Thread.run(Thread.java:748)
Caused by: org.apache.ratis.thirdparty.io.grpc.StatusRuntimeException: UNAVAILABLE: io exception
	at org.apache.ratis.thirdparty.io.grpc.stub.ClientCalls.toStatusRuntimeException(ClientCalls.java:233)
	at org.apache.ratis.thirdparty.io.grpc.stub.ClientCalls.getUnchecked(ClientCalls.java:214)
	at org.apache.ratis.thirdparty.io.grpc.stub.ClientCalls.blockingUnaryCall(ClientCalls.java:139)
	at org.apache.ratis.proto.grpc.RaftServerProtocolServiceGrpc$RaftServerProtocolServiceBlockingStub.requestVote(RaftServerProtocolServiceGrpc.java:265)
	at org.apache.ratis.grpc.server.GrpcServerProtocolClient.requestVote(GrpcServerProtocolClient.java:83)
	at org.apache.ratis.grpc.server.GrpcService.requestVote(GrpcService.java:195)
	at org.apache.ratis.server.impl.LeaderElection.lambda$submitRequests$1(LeaderElection.java:237)
	at java.util.concurrent.FutureTask.run(FutureTask.java:266)
	at java.util.concurrent.Executors$RunnableAdapter.call(Executors.java:511)
	at java.util.concurrent.FutureTask.run(FutureTask.java:266)
	at java.util.concurrent.ThreadPoolExecutor.runWorker(ThreadPoolExecutor.java:1149)
	at java.util.concurrent.ThreadPoolExecutor$Worker.run(ThreadPoolExecutor.java:624)
	... 1 more
Caused by: org.apache.ratis.thirdparty.io.netty.channel.AbstractChannel$AnnotatedConnectException: Connection refused: /192.168.157.245:35520
	at sun.nio.ch.SocketChannelImpl.checkConnect(Native Method)
	at sun.nio.ch.SocketChannelImpl.finishConnect(SocketChannelImpl.java:717)
	at org.apache.ratis.thirdparty.io.netty.channel.socket.nio.NioSocketChannel.doFinishConnect(NioSocketChannel.java:327)
	at org.apache.ratis.thirdparty.io.netty.channel.nio.AbstractNioChannel$AbstractNioUnsafe.finishConnect(AbstractNioChannel.java:340)
	at org.apache.ratis.thirdparty.io.netty.channel.nio.NioEventLoop.processSelectedKey(NioEventLoop.java:632)
	at org.apache.ratis.thirdparty.io.netty.channel.nio.NioEventLoop.processSelectedKeysOptimized(NioEventLoop.java:579)
	at org.apache.ratis.thirdparty.io.netty.channel.nio.NioEventLoop.processSelectedKeys(NioEventLoop.java:496)
	at org.apache.ratis.thirdparty.io.netty.channel.nio.NioEventLoop.run(NioEventLoop.java:458)
	at org.apache.ratis.thirdparty.io.netty.util.concurrent.SingleThreadEventExecutor$5.run(SingleThreadEventExecutor.java:897)
	at org.apache.ratis.thirdparty.io.netty.util.concurrent.FastThreadLocalRunnable.run(FastThreadLocalRunnable.java:30)
	... 1 more
Caused by: java.net.ConnectException: Connection refused
	... 11 more
2019-08-07 03:48:45,525 INFO  impl.LeaderElection (LeaderElection.java:logAndReturn(56)) - b911820e-b08c-4e4e-a398-345134e61fee:group-13E49C4CFC01:LeaderElection26: Election REJECTED; received 0 response(s) [] and 2 exception(s); b911820e-b08c-4e4e-a398-345134e61fee:t3, leader=null, voted=b911820e-b08c-4e4e-a398-345134e61fee, raftlog=b911820e-b08c-4e4e-a398-345134e61fee-SegmentedRaftLog:OPENED:c0,f0,i0, conf=0: [ead1c4ed-749c-44c7-b9cd-44af1bc78f5d:192.168.157.245:35660, 084644e9-8d0e-46ef-94f4-71b7ec4ffb0e:192.168.157.245:35520, b911820e-b08c-4e4e-a398-345134e61fee:192.168.157.245:46541], old=null
2019-08-07 03:48:45,526 INFO  impl.LeaderElection (LogUtils.java:infoOrTrace(149)) -   Exception 0: {}
java.util.concurrent.ExecutionException: org.apache.ratis.thirdparty.io.grpc.StatusRuntimeException: UNAVAILABLE: io exception
	at java.util.concurrent.FutureTask.report(FutureTask.java:122)
	at java.util.concurrent.FutureTask.get(FutureTask.java:192)
	at org.apache.ratis.server.impl.LeaderElection.waitForResults(LeaderElection.java:262)
	at org.apache.ratis.server.impl.LeaderElection.askForVotes(LeaderElection.java:200)
	at org.apache.ratis.server.impl.LeaderElection.run(LeaderElection.java:130)
	at java.lang.Thread.run(Thread.java:748)
Caused by: org.apache.ratis.thirdparty.io.grpc.StatusRuntimeException: UNAVAILABLE: io exception
	at org.apache.ratis.thirdparty.io.grpc.stub.ClientCalls.toStatusRuntimeException(ClientCalls.java:233)
	at org.apache.ratis.thirdparty.io.grpc.stub.ClientCalls.getUnchecked(ClientCalls.java:214)
	at org.apache.ratis.thirdparty.io.grpc.stub.ClientCalls.blockingUnaryCall(ClientCalls.java:139)
	at org.apache.ratis.proto.grpc.RaftServerProtocolServiceGrpc$RaftServerProtocolServiceBlockingStub.requestVote(RaftServerProtocolServiceGrpc.java:265)
	at org.apache.ratis.grpc.server.GrpcServerProtocolClient.requestVote(GrpcServerProtocolClient.java:83)
	at org.apache.ratis.grpc.server.GrpcService.requestVote(GrpcService.java:195)
	at org.apache.ratis.server.impl.LeaderElection.lambda$submitRequests$1(LeaderElection.java:237)
	at java.util.concurrent.FutureTask.run(FutureTask.java:266)
	at java.util.concurrent.Executors$RunnableAdapter.call(Executors.java:511)
	at java.util.concurrent.FutureTask.run(FutureTask.java:266)
	at java.util.concurrent.ThreadPoolExecutor.runWorker(ThreadPoolExecutor.java:1149)
	at java.util.concurrent.ThreadPoolExecutor$Worker.run(ThreadPoolExecutor.java:624)
	... 1 more
Caused by: org.apache.ratis.thirdparty.io.netty.channel.AbstractChannel$AnnotatedConnectException: Connection refused: /192.168.157.245:35660
	at sun.nio.ch.SocketChannelImpl.checkConnect(Native Method)
	at sun.nio.ch.SocketChannelImpl.finishConnect(SocketChannelImpl.java:717)
	at org.apache.ratis.thirdparty.io.netty.channel.socket.nio.NioSocketChannel.doFinishConnect(NioSocketChannel.java:327)
	at org.apache.ratis.thirdparty.io.netty.channel.nio.AbstractNioChannel$AbstractNioUnsafe.finishConnect(AbstractNioChannel.java:340)
	at org.apache.ratis.thirdparty.io.netty.channel.nio.NioEventLoop.processSelectedKey(NioEventLoop.java:632)
	at org.apache.ratis.thirdparty.io.netty.channel.nio.NioEventLoop.processSelectedKeysOptimized(NioEventLoop.java:579)
	at org.apache.ratis.thirdparty.io.netty.channel.nio.NioEventLoop.processSelectedKeys(NioEventLoop.java:496)
	at org.apache.ratis.thirdparty.io.netty.channel.nio.NioEventLoop.run(NioEventLoop.java:458)
	at org.apache.ratis.thirdparty.io.netty.util.concurrent.SingleThreadEventExecutor$5.run(SingleThreadEventExecutor.java:897)
	at org.apache.ratis.thirdparty.io.netty.util.concurrent.FastThreadLocalRunnable.run(FastThreadLocalRunnable.java:30)
	... 1 more
Caused by: java.net.ConnectException: Connection refused
	... 11 more
2019-08-07 03:48:45,526 INFO  impl.LeaderElection (LogUtils.java:infoOrTrace(149)) -   Exception 1: {}
java.util.concurrent.ExecutionException: org.apache.ratis.thirdparty.io.grpc.StatusRuntimeException: UNAVAILABLE: io exception
	at java.util.concurrent.FutureTask.report(FutureTask.java:122)
	at java.util.concurrent.FutureTask.get(FutureTask.java:192)
	at org.apache.ratis.server.impl.LeaderElection.waitForResults(LeaderElection.java:262)
	at org.apache.ratis.server.impl.LeaderElection.askForVotes(LeaderElection.java:200)
	at org.apache.ratis.server.impl.LeaderElection.run(LeaderElection.java:130)
	at java.lang.Thread.run(Thread.java:748)
Caused by: org.apache.ratis.thirdparty.io.grpc.StatusRuntimeException: UNAVAILABLE: io exception
	at org.apache.ratis.thirdparty.io.grpc.stub.ClientCalls.toStatusRuntimeException(ClientCalls.java:233)
	at org.apache.ratis.thirdparty.io.grpc.stub.ClientCalls.getUnchecked(ClientCalls.java:214)
	at org.apache.ratis.thirdparty.io.grpc.stub.ClientCalls.blockingUnaryCall(ClientCalls.java:139)
	at org.apache.ratis.proto.grpc.RaftServerProtocolServiceGrpc$RaftServerProtocolServiceBlockingStub.requestVote(RaftServerProtocolServiceGrpc.java:265)
	at org.apache.ratis.grpc.server.GrpcServerProtocolClient.requestVote(GrpcServerProtocolClient.java:83)
	at org.apache.ratis.grpc.server.GrpcService.requestVote(GrpcService.java:195)
	at org.apache.ratis.server.impl.LeaderElection.lambda$submitRequests$1(LeaderElection.java:237)
	at java.util.concurrent.FutureTask.run(FutureTask.java:266)
	at java.util.concurrent.Executors$RunnableAdapter.call(Executors.java:511)
	at java.util.concurrent.FutureTask.run(FutureTask.java:266)
	at java.util.concurrent.ThreadPoolExecutor.runWorker(ThreadPoolExecutor.java:1149)
	at java.util.concurrent.ThreadPoolExecutor$Worker.run(ThreadPoolExecutor.java:624)
	... 1 more
Caused by: org.apache.ratis.thirdparty.io.netty.channel.AbstractChannel$AnnotatedConnectException: Connection refused: /192.168.157.245:35520
	at sun.nio.ch.SocketChannelImpl.checkConnect(Native Method)
	at sun.nio.ch.SocketChannelImpl.finishConnect(SocketChannelImpl.java:717)
	at org.apache.ratis.thirdparty.io.netty.channel.socket.nio.NioSocketChannel.doFinishConnect(NioSocketChannel.java:327)
	at org.apache.ratis.thirdparty.io.netty.channel.nio.AbstractNioChannel$AbstractNioUnsafe.finishConnect(AbstractNioChannel.java:340)
	at org.apache.ratis.thirdparty.io.netty.channel.nio.NioEventLoop.processSelectedKey(NioEventLoop.java:632)
	at org.apache.ratis.thirdparty.io.netty.channel.nio.NioEventLoop.processSelectedKeysOptimized(NioEventLoop.java:579)
	at org.apache.ratis.thirdparty.io.netty.channel.nio.NioEventLoop.processSelectedKeys(NioEventLoop.java:496)
	at org.apache.ratis.thirdparty.io.netty.channel.nio.NioEventLoop.run(NioEventLoop.java:458)
	at org.apache.ratis.thirdparty.io.netty.util.concurrent.SingleThreadEventExecutor$5.run(SingleThreadEventExecutor.java:897)
	at org.apache.ratis.thirdparty.io.netty.util.concurrent.FastThreadLocalRunnable.run(FastThreadLocalRunnable.java:30)
	... 1 more
Caused by: java.net.ConnectException: Connection refused
	... 11 more
2019-08-07 03:48:45,526 INFO  impl.RaftServerImpl (RaftServerImpl.java:setRole(171)) - b911820e-b08c-4e4e-a398-345134e61fee:group-13E49C4CFC01 changes role from CANDIDATE to FOLLOWER at term 3 for DISCOVERED_A_NEW_TERM
2019-08-07 03:48:45,526 INFO  impl.RoleInfo (RoleInfo.java:shutdownLeaderElection(134)) - b911820e-b08c-4e4e-a398-345134e61fee: shutdown LeaderElection
2019-08-07 03:48:45,526 INFO  impl.RoleInfo (RoleInfo.java:updateAndGet(143)) - b911820e-b08c-4e4e-a398-345134e61fee: start FollowerState
2019-08-07 03:48:46,023 INFO  ozoneimpl.OzoneContainer (OzoneContainer.java:stop(199)) - Attempting to stop container services.
2019-08-07 03:48:46,024 INFO  impl.RaftServerProxy (RaftServerProxy.java:lambda$close$4(314)) - b911820e-b08c-4e4e-a398-345134e61fee: close
2019-08-07 03:48:46,025 INFO  impl.RaftServerImpl (RaftServerImpl.java:lambda$shutdown$3(245)) - b911820e-b08c-4e4e-a398-345134e61fee: shutdown group-0625C8878656
2019-08-07 03:48:46,026 INFO  util.JmxRegister (JmxRegister.java:unregister(73)) - Successfully un-registered JMX Bean with object name Ratis:service=RaftServer,group=group-0625C8878656,id=b911820e-b08c-4e4e-a398-345134e61fee
2019-08-07 03:48:46,026 INFO  impl.RoleInfo (RoleInfo.java:shutdownLeaderState(104)) - b911820e-b08c-4e4e-a398-345134e61fee: shutdown LeaderState
2019-08-07 03:48:46,027 INFO  impl.PendingRequests (PendingRequests.java:sendNotLeaderResponses(202)) - b911820e-b08c-4e4e-a398-345134e61fee-PendingRequests: sendNotLeaderResponses
2019-08-07 03:48:46,027 INFO  impl.StateMachineUpdater (StateMachineUpdater.java:stopAndJoin(115)) - StateMachineUpdater:b911820e-b08c-4e4e-a398-345134e61fee:group-0625C8878656: set stopIndex = 0
2019-08-07 03:48:46,028 INFO  impl.RaftServerImpl (ServerState.java:close(394)) - b911820e-b08c-4e4e-a398-345134e61fee:group-0625C8878656 closes. The last applied log index is 0
2019-08-07 03:48:46,028 INFO  segmented.SegmentedRaftLogWorker (SegmentedRaftLogWorker.java:run(313)) - b911820e-b08c-4e4e-a398-345134e61fee-SegmentedRaftLogWorker:Storage Directory /workdir/hadoop-ozone/integration-test/target/test-dir/MiniOzoneClusterImpl-13422be5-0f54-42a0-8685-8e8a9f9c51cc/datanode-5/data/ratis/f0f2f31a-3644-4e2e-8d9a-0625c8878656 was interrupted, exiting. There are 0 tasks remaining in the queue.
2019-08-07 03:48:46,029 INFO  segmented.SegmentedRaftLogWorker (SegmentedRaftLogWorker.java:close(228)) - b911820e-b08c-4e4e-a398-345134e61fee-SegmentedRaftLogWorker:Storage Directory /workdir/hadoop-ozone/integration-test/target/test-dir/MiniOzoneClusterImpl-13422be5-0f54-42a0-8685-8e8a9f9c51cc/datanode-5/data/ratis/f0f2f31a-3644-4e2e-8d9a-0625c8878656 close()
2019-08-07 03:48:46,029 INFO  impl.RaftServerImpl (RaftServerImpl.java:lambda$shutdown$3(245)) - b911820e-b08c-4e4e-a398-345134e61fee: shutdown group-13E49C4CFC01
2019-08-07 03:48:46,030 INFO  util.JmxRegister (JmxRegister.java:unregister(73)) - Successfully un-registered JMX Bean with object name Ratis:service=RaftServer,group=group-13E49C4CFC01,id=b911820e-b08c-4e4e-a398-345134e61fee
2019-08-07 03:48:46,030 INFO  impl.RoleInfo (RoleInfo.java:shutdownFollowerState(121)) - b911820e-b08c-4e4e-a398-345134e61fee: shutdown FollowerState
2019-08-07 03:48:46,031 INFO  impl.StateMachineUpdater (StateMachineUpdater.java:stopAndJoin(115)) - StateMachineUpdater:b911820e-b08c-4e4e-a398-345134e61fee:group-13E49C4CFC01: set stopIndex = 0
2019-08-07 03:48:46,031 INFO  impl.FollowerState (FollowerState.java:run(114)) - b911820e-b08c-4e4e-a398-345134e61fee: FollowerState was interrupted: java.lang.InterruptedException: sleep interrupted
2019-08-07 03:48:46,031 INFO  impl.RaftServerImpl (ServerState.java:close(394)) - b911820e-b08c-4e4e-a398-345134e61fee:group-13E49C4CFC01 closes. The last applied log index is 0
2019-08-07 03:48:46,033 INFO  segmented.SegmentedRaftLogWorker (SegmentedRaftLogWorker.java:run(313)) - b911820e-b08c-4e4e-a398-345134e61fee-SegmentedRaftLogWorker:Storage Directory /workdir/hadoop-ozone/integration-test/target/test-dir/MiniOzoneClusterImpl-13422be5-0f54-42a0-8685-8e8a9f9c51cc/datanode-5/data/ratis/3d17a2ef-6e90-4e31-80ed-13e49c4cfc01 was interrupted, exiting. There are 0 tasks remaining in the queue.
2019-08-07 03:48:46,033 INFO  segmented.SegmentedRaftLogWorker (SegmentedRaftLogWorker.java:close(228)) - b911820e-b08c-4e4e-a398-345134e61fee-SegmentedRaftLogWorker:Storage Directory /workdir/hadoop-ozone/integration-test/target/test-dir/MiniOzoneClusterImpl-13422be5-0f54-42a0-8685-8e8a9f9c51cc/datanode-5/data/ratis/3d17a2ef-6e90-4e31-80ed-13e49c4cfc01 close()
2019-08-07 03:48:46,034 INFO  server.GrpcService (GrpcService.java:closeImpl(155)) - b911820e-b08c-4e4e-a398-345134e61fee: shutdown server with port 46541 now
2019-08-07 03:48:46,037 INFO  server.GrpcService (GrpcService.java:closeImpl(163)) - b911820e-b08c-4e4e-a398-345134e61fee: shutdown server with port 46541 successfully
2019-08-07 03:48:46,038 INFO  utils.BackgroundService (BackgroundService.java:shutdown(148)) - Shutting down service BlockDeletingService
2019-08-07 03:48:46,040 WARN  fs.CachingGetSpaceUsed (CachingGetSpaceUsed.java:run(183)) - Thread Interrupted waiting to refresh disk information: sleep interrupted
2019-08-07 03:48:46,058 INFO  statemachine.DatanodeStateMachine (DatanodeStateMachine.java:stopDaemon(395)) - Ozone container server stopped.
2019-08-07 03:48:46,078 INFO  handler.ContextHandler (ContextHandler.java:doStop(910)) - Stopped o.e.j.w.WebAppContext@67f8f5a6{/,null,UNAVAILABLE}{/hddsDatanode}
2019-08-07 03:48:46,079 INFO  server.AbstractConnector (AbstractConnector.java:doStop(318)) - Stopped ServerConnector@141b011a{HTTP/1.1,[http/1.1]}{0.0.0.0:0}
2019-08-07 03:48:46,080 INFO  handler.ContextHandler (ContextHandler.java:doStop(910)) - Stopped o.e.j.s.ServletContextHandler@6bdedbbd{/static,jar:file:/home/user/.m2/repository/org/apache/hadoop/hadoop-hdds-container-service/0.4.1-SNAPSHOT/hadoop-hdds-container-service-0.4.1-SNAPSHOT.jar!/webapps/static,UNAVAILABLE}
2019-08-07 03:48:46,080 INFO  handler.ContextHandler (ContextHandler.java:doStop(910)) - Stopped o.e.j.s.ServletContextHandler@2b90cc1{/logs,file:///workdir/hadoop-ozone/integration-test/target/log,UNAVAILABLE}
2019-08-07 03:48:46,082 INFO  ozone.MiniOzoneClusterImpl (MiniOzoneClusterImpl.java:stop(353)) - Stopping the StorageContainerManager
2019-08-07 03:48:46,082 INFO  server.StorageContainerManager (StorageContainerManager.java:stop(796)) - Stopping Replication Manager Service.
2019-08-07 03:48:46,083 INFO  container.ReplicationManager (ReplicationManager.java:stop(187)) - Stopping Replication Monitor Thread.
2019-08-07 03:48:46,083 INFO  server.StorageContainerManager (StorageContainerManager.java:stop(803)) - Stopping Lease Manager of the command watchers
2019-08-07 03:48:46,083 INFO  server.StorageContainerManager (StorageContainerManager.java:stop(810)) - Stopping datanode service RPC server
2019-08-07 03:48:46,083 INFO  server.SCMDatanodeProtocolServer (SCMDatanodeProtocolServer.java:stop(367)) - Stopping the RPC server for DataNodes
2019-08-07 03:48:46,084 INFO  ipc.Server (Server.java:stop(3082)) - Stopping server on 41913
2019-08-07 03:48:46,087 INFO  ipc.Server (Server.java:run(1319)) - Stopping IPC Server Responder
2019-08-07 03:48:46,088 INFO  ipc.Server (Server.java:run(1185)) - Stopping IPC Server listener on 41913
2019-08-07 03:48:46,105 WARN  node.NodeStateManager (NodeStateManager.java:scheduleNextHealthCheck(631)) - Current Thread is interrupted, shutting down HB processing thread for Node Manager.
2019-08-07 03:48:46,105 INFO  server.StorageContainerManager (StorageContainerManager.java:stop(818)) - Stopping block service RPC server
2019-08-07 03:48:46,105 INFO  server.SCMBlockProtocolServer (SCMBlockProtocolServer.java:stop(148)) - Stopping the RPC server for Block Protocol
2019-08-07 03:48:46,106 INFO  ipc.Server (Server.java:stop(3082)) - Stopping server on 42887
2019-08-07 03:48:46,108 INFO  server.StorageContainerManager (StorageContainerManager.java:stop(825)) - Stopping the StorageContainerLocationProtocol RPC server
2019-08-07 03:48:46,108 INFO  ipc.Server (Server.java:run(1319)) - Stopping IPC Server Responder
2019-08-07 03:48:46,109 INFO  server.SCMClientProtocolServer (SCMClientProtocolServer.java:stop(159)) - Stopping the RPC server for Client Protocol
2019-08-07 03:48:46,109 INFO  ipc.Server (Server.java:stop(3082)) - Stopping server on 33092
2019-08-07 03:48:46,108 INFO  ipc.Server (Server.java:run(1185)) - Stopping IPC Server listener on 42887
2019-08-07 03:48:46,111 INFO  server.StorageContainerManager (StorageContainerManager.java:stop(832)) - Stopping Storage Container Manager HTTP server.
2019-08-07 03:48:46,112 INFO  handler.ContextHandler (ContextHandler.java:doStop(910)) - Stopped o.e.j.w.WebAppContext@49190ed6{/,null,UNAVAILABLE}{/scm}
2019-08-07 03:48:46,112 INFO  ipc.Server (Server.java:run(1185)) - Stopping IPC Server listener on 33092
2019-08-07 03:48:46,112 INFO  ipc.Server (Server.java:run(1319)) - Stopping IPC Server Responder
2019-08-07 03:48:46,114 INFO  server.AbstractConnector (AbstractConnector.java:doStop(318)) - Stopped ServerConnector@5d717f19{HTTP/1.1,[http/1.1]}{0.0.0.0:0}
2019-08-07 03:48:46,114 INFO  handler.ContextHandler (ContextHandler.java:doStop(910)) - Stopped o.e.j.s.ServletContextHandler@40016ce1{/static,file:///workdir/hadoop-ozone/integration-test/target/test-classes/webapps/static,UNAVAILABLE}
2019-08-07 03:48:46,115 INFO  handler.ContextHandler (ContextHandler.java:doStop(910)) - Stopped o.e.j.s.ServletContextHandler@a9a8ec3{/logs,file:///workdir/hadoop-ozone/integration-test/target/log,UNAVAILABLE}
2019-08-07 03:48:46,116 INFO  server.StorageContainerManager (StorageContainerManager.java:stop(843)) - Stopping Block Manager Service.
2019-08-07 03:48:46,117 INFO  utils.BackgroundService (BackgroundService.java:shutdown(148)) - Shutting down service SCMBlockDeletingService
2019-08-07 03:48:46,117 INFO  utils.BackgroundService (BackgroundService.java:shutdown(148)) - Shutting down service SCMBlockDeletingService
2019-08-07 03:48:46,118 INFO  server.StorageContainerManager (StorageContainerManager.java:stop(865)) - Stopping SCM Event Queue.
2019-08-07 03:48:46,122 INFO  impl.MetricsSystemImpl (MetricsSystemImpl.java:stop(210)) - Stopping HddsDatanode metrics system...
2019-08-07 03:48:46,128 INFO  impl.MetricsSystemImpl (MetricsSystemImpl.java:stop(216)) - HddsDatanode metrics system stopped.
]]></system-out>
    <system-err><![CDATA[Aug 07, 2019 3:48:14 AM com.sun.jersey.server.impl.application.WebApplicationImpl _initiate
INFO: Initiating Jersey application, version 'Jersey: 1.19 02/11/2015 03:25 AM'
Aug 07, 2019 3:48:14 AM com.sun.jersey.server.impl.application.WebApplicationImpl _initiate
INFO: Initiating Jersey application, version 'Jersey: 1.19 02/11/2015 03:25 AM'
Aug 07, 2019 3:48:14 AM com.sun.jersey.server.impl.application.WebApplicationImpl _initiate
INFO: Initiating Jersey application, version 'Jersey: 1.19 02/11/2015 03:25 AM'
Aug 07, 2019 3:48:15 AM com.sun.jersey.server.impl.application.WebApplicationImpl _initiate
INFO: Initiating Jersey application, version 'Jersey: 1.19 02/11/2015 03:25 AM'
Aug 07, 2019 3:48:15 AM com.sun.jersey.server.impl.application.WebApplicationImpl _initiate
INFO: Initiating Jersey application, version 'Jersey: 1.19 02/11/2015 03:25 AM'
Aug 07, 2019 3:48:15 AM com.sun.jersey.server.impl.application.WebApplicationImpl _initiate
INFO: Initiating Jersey application, version 'Jersey: 1.19 02/11/2015 03:25 AM'
Aug 07, 2019 3:48:15 AM com.sun.jersey.server.impl.application.WebApplicationImpl _initiate
INFO: Initiating Jersey application, version 'Jersey: 1.19 02/11/2015 03:25 AM'
]]></system-err>
  </testcase>
</testsuite>