<?xml version="1.0" encoding="UTF-8"?>
<testsuite xmlns:xsi="http://www.w3.org/2001/XMLSchema-instance" xsi:noNamespaceSchemaLocation="https://maven.apache.org/surefire/maven-surefire-plugin/xsd/surefire-test-report.xsd" name="org.apache.hadoop.ozone.client.rpc.TestBlockOutputStream" time="604.01" tests="6" errors="0" skipped="0" failures="3">
  <properties>
    <property name="awt.toolkit" value="sun.awt.X11.XToolkit"/>
    <property name="file.encoding.pkg" value="sun.io"/>
    <property name="java.specification.version" value="1.8"/>
    <property name="sun.cpu.isalist" value=""/>
    <property name="sun.jnu.encoding" value="UTF-8"/>
    <property name="java.class.path" value="/workdir/hadoop-ozone/integration-test/target/test-classes:/workdir/hadoop-ozone/integration-test/target/classes:/home/user/.m2/repository/org/apache/hadoop/hadoop-ozone-common/0.5.0-SNAPSHOT/hadoop-ozone-common-0.5.0-SNAPSHOT.jar:/home/user/.m2/repository/org/apache/commons/commons-compress/1.4.1/commons-compress-1.4.1.jar:/home/user/.m2/repository/org/tukaani/xz/1.0/xz-1.0.jar:/home/user/.m2/repository/org/apache/hadoop/hadoop-common/3.2.0/hadoop-common-3.2.0.jar:/home/user/.m2/repository/org/apache/hadoop/hadoop-hdfs/3.2.0/hadoop-hdfs-3.2.0.jar:/home/user/.m2/repository/org/apache/hadoop/hadoop-hdfs-client/3.2.0/hadoop-hdfs-client-3.2.0.jar:/home/user/.m2/repository/com/fasterxml/jackson/core/jackson-annotations/2.9.5/jackson-annotations-2.9.5.jar:/home/user/.m2/repository/org/apache/hadoop/hadoop-hdds-common/0.5.0-SNAPSHOT/hadoop-hdds-common-0.5.0-SNAPSHOT.jar:/home/user/.m2/repository/javax/annotation/javax.annotation-api/1.2/javax.annotation-api-1.2.jar:/home/user/.m2/repository/org/apache/ratis/ratis-server/0.4.0-78e95b9-SNAPSHOT/ratis-server-0.4.0-78e95b9-SNAPSHOT.jar:/home/user/.m2/repository/org/apache/ratis/ratis-thirdparty-misc/0.2.0/ratis-thirdparty-misc-0.2.0.jar:/home/user/.m2/repository/org/apache/ratis/ratis-proto/0.4.0-78e95b9-SNAPSHOT/ratis-proto-0.4.0-78e95b9-SNAPSHOT.jar:/home/user/.m2/repository/org/apache/ratis/ratis-common/0.4.0-78e95b9-SNAPSHOT/ratis-common-0.4.0-78e95b9-SNAPSHOT.jar:/home/user/.m2/repository/org/apache/ratis/ratis-client/0.4.0-78e95b9-SNAPSHOT/ratis-client-0.4.0-78e95b9-SNAPSHOT.jar:/home/user/.m2/repository/org/apache/ratis/ratis-metrics/0.4.0-78e95b9-SNAPSHOT/ratis-metrics-0.4.0-78e95b9-SNAPSHOT.jar:/home/user/.m2/repository/com/github/joshelser/dropwizard-metrics-hadoop-metrics2-reporter/0.1.2/dropwizard-metrics-hadoop-metrics2-reporter-0.1.2.jar:/home/user/.m2/repository/io/dropwizard/metrics/metrics-jvm/3.2.5/metrics-jvm-3.2.5.jar:/home/user/.m2/repository/io/dropwizard/metrics/metrics-ganglia/3.2.5/metrics-ganglia-3.2.5.jar:/home/user/.m2/repository/info/ganglia/gmetric4j/gmetric4j/1.0.7/gmetric4j-1.0.7.jar:/home/user/.m2/repository/org/apache/ratis/ratis-netty/0.4.0-78e95b9-SNAPSHOT/ratis-netty-0.4.0-78e95b9-SNAPSHOT.jar:/home/user/.m2/repository/org/apache/ratis/ratis-grpc/0.4.0-78e95b9-SNAPSHOT/ratis-grpc-0.4.0-78e95b9-SNAPSHOT.jar:/home/user/.m2/repository/org/rocksdb/rocksdbjni/6.0.1/rocksdbjni-6.0.1.jar:/home/user/.m2/repository/org/apache/logging/log4j/log4j-api/2.11.0/log4j-api-2.11.0.jar:/home/user/.m2/repository/org/apache/logging/log4j/log4j-core/2.11.0/log4j-core-2.11.0.jar:/home/user/.m2/repository/com/lmax/disruptor/3.4.2/disruptor-3.4.2.jar:/home/user/.m2/repository/org/apache/commons/commons-pool2/2.6.0/commons-pool2-2.6.0.jar:/home/user/.m2/repository/org/bouncycastle/bcpkix-jdk15on/1.60/bcpkix-jdk15on-1.60.jar:/home/user/.m2/repository/commons-validator/commons-validator/1.6/commons-validator-1.6.jar:/home/user/.m2/repository/commons-digester/commons-digester/1.8.1/commons-digester-1.8.1.jar:/home/user/.m2/repository/io/jaegertracing/jaeger-client/0.33.1/jaeger-client-0.33.1.jar:/home/user/.m2/repository/io/jaegertracing/jaeger-thrift/0.33.1/jaeger-thrift-0.33.1.jar:/home/user/.m2/repository/org/apache/thrift/libthrift/0.11.0/libthrift-0.11.0.jar:/home/user/.m2/repository/com/squareup/okhttp3/okhttp/3.9.0/okhttp-3.9.0.jar:/home/user/.m2/repository/com/squareup/okio/okio/1.13.0/okio-1.13.0.jar:/home/user/.m2/repository/io/jaegertracing/jaeger-core/0.33.1/jaeger-core-0.33.1.jar:/home/user/.m2/repository/io/jaegertracing/jaeger-tracerresolver/0.33.1/jaeger-tracerresolver-0.33.1.jar:/home/user/.m2/repository/io/opentracing/contrib/opentracing-tracerresolver/0.1.5/opentracing-tracerresolver-0.1.5.jar:/home/user/.m2/repository/io/opentracing/opentracing-util/0.31.0/opentracing-util-0.31.0.jar:/home/user/.m2/repository/io/opentracing/opentracing-api/0.31.0/opentracing-api-0.31.0.jar:/home/user/.m2/repository/io/opentracing/opentracing-noop/0.31.0/opentracing-noop-0.31.0.jar:/home/user/.m2/repository/org/apache/hadoop/hadoop-hdds-server-framework/0.5.0-SNAPSHOT/hadoop-hdds-server-framework-0.5.0-SNAPSHOT.jar:/home/user/.m2/repository/org/apache/hadoop/hadoop-hdds-container-service/0.5.0-SNAPSHOT/hadoop-hdds-container-service-0.5.0-SNAPSHOT.jar:/home/user/.m2/repository/org/apache/hadoop/hadoop-hdds-client/0.5.0-SNAPSHOT/hadoop-hdds-client-0.5.0-SNAPSHOT.jar:/home/user/.m2/repository/org/apache/hadoop/hadoop-hdds-tools/0.5.0-SNAPSHOT/hadoop-hdds-tools-0.5.0-SNAPSHOT.jar:/home/user/.m2/repository/org/apache/hadoop/hadoop-hdds-server-scm/0.5.0-SNAPSHOT/hadoop-hdds-server-scm-0.5.0-SNAPSHOT.jar:/home/user/.m2/repository/org/apache/hadoop/hadoop-hdds-docs/0.5.0-SNAPSHOT/hadoop-hdds-docs-0.5.0-SNAPSHOT.jar:/home/user/.m2/repository/io/dropwizard/metrics/metrics-core/3.2.4/metrics-core-3.2.4.jar:/home/user/.m2/repository/org/hamcrest/hamcrest-all/1.3/hamcrest-all-1.3.jar:/home/user/.m2/repository/org/bouncycastle/bcprov-jdk15on/1.60/bcprov-jdk15on-1.60.jar:/home/user/.m2/repository/info/picocli/picocli/3.9.6/picocli-3.9.6.jar:/home/user/.m2/repository/com/google/protobuf/protobuf-java/2.5.0/protobuf-java-2.5.0.jar:/home/user/.m2/repository/com/google/guava/guava/11.0.2/guava-11.0.2.jar:/home/user/.m2/repository/org/apache/hadoop/hadoop-ozone-ozone-manager/0.5.0-SNAPSHOT/hadoop-ozone-ozone-manager-0.5.0-SNAPSHOT.jar:/home/user/.m2/repository/org/apache/hadoop/hadoop-minikdc/3.2.0/hadoop-minikdc-3.2.0.jar:/home/user/.m2/repository/commons-io/commons-io/2.5/commons-io-2.5.jar:/home/user/.m2/repository/org/apache/kerby/kerb-simplekdc/1.0.1/kerb-simplekdc-1.0.1.jar:/home/user/.m2/repository/org/apache/kerby/kerb-client/1.0.1/kerb-client-1.0.1.jar:/home/user/.m2/repository/org/apache/kerby/kerby-config/1.0.1/kerby-config-1.0.1.jar:/home/user/.m2/repository/org/apache/kerby/kerb-core/1.0.1/kerb-core-1.0.1.jar:/home/user/.m2/repository/org/apache/kerby/kerby-pkix/1.0.1/kerby-pkix-1.0.1.jar:/home/user/.m2/repository/org/apache/kerby/kerby-asn1/1.0.1/kerby-asn1-1.0.1.jar:/home/user/.m2/repository/org/apache/kerby/kerby-util/1.0.1/kerby-util-1.0.1.jar:/home/user/.m2/repository/org/apache/kerby/kerb-common/1.0.1/kerb-common-1.0.1.jar:/home/user/.m2/repository/org/apache/kerby/kerb-crypto/1.0.1/kerb-crypto-1.0.1.jar:/home/user/.m2/repository/org/apache/kerby/kerb-util/1.0.1/kerb-util-1.0.1.jar:/home/user/.m2/repository/org/apache/kerby/token-provider/1.0.1/token-provider-1.0.1.jar:/home/user/.m2/repository/org/apache/kerby/kerb-admin/1.0.1/kerb-admin-1.0.1.jar:/home/user/.m2/repository/org/apache/kerby/kerb-server/1.0.1/kerb-server-1.0.1.jar:/home/user/.m2/repository/org/apache/kerby/kerb-identity/1.0.1/kerb-identity-1.0.1.jar:/home/user/.m2/repository/org/apache/kerby/kerby-xdr/1.0.1/kerby-xdr-1.0.1.jar:/home/user/.m2/repository/org/slf4j/slf4j-log4j12/1.7.25/slf4j-log4j12-1.7.25.jar:/home/user/.m2/repository/org/apache/hadoop/hadoop-ozone-s3gateway/0.5.0-SNAPSHOT/hadoop-ozone-s3gateway-0.5.0-SNAPSHOT.jar:/home/user/.m2/repository/org/jboss/weld/servlet/weld-servlet/2.4.7.Final/weld-servlet-2.4.7.Final.jar:/home/user/.m2/repository/org/glassfish/jersey/containers/jersey-container-servlet-core/2.27/jersey-container-servlet-core-2.27.jar:/home/user/.m2/repository/org/glassfish/hk2/external/javax.inject/2.5.0-b42/javax.inject-2.5.0-b42.jar:/home/user/.m2/repository/org/glassfish/jersey/core/jersey-common/2.27/jersey-common-2.27.jar:/home/user/.m2/repository/org/glassfish/hk2/osgi-resource-locator/1.0.1/osgi-resource-locator-1.0.1.jar:/home/user/.m2/repository/javax/ws/rs/javax.ws.rs-api/2.1/javax.ws.rs-api-2.1.jar:/home/user/.m2/repository/org/glassfish/jersey/ext/cdi/jersey-cdi1x/2.27/jersey-cdi1x-2.27.jar:/home/user/.m2/repository/org/glassfish/jersey/inject/jersey-hk2/2.27/jersey-hk2-2.27.jar:/home/user/.m2/repository/org/glassfish/hk2/hk2-locator/2.5.0-b42/hk2-locator-2.5.0-b42.jar:/home/user/.m2/repository/org/javassist/javassist/3.22.0-CR2/javassist-3.22.0-CR2.jar:/home/user/.m2/repository/org/glassfish/hk2/hk2-api/2.5.0/hk2-api-2.5.0.jar:/home/user/.m2/repository/org/glassfish/hk2/external/jakarta.inject/2.5.0/jakarta.inject-2.5.0.jar:/home/user/.m2/repository/org/glassfish/hk2/hk2-utils/2.5.0/hk2-utils-2.5.0.jar:/home/user/.m2/repository/jakarta/annotation/jakarta.annotation-api/1.3.4/jakarta.annotation-api-1.3.4.jar:/home/user/.m2/repository/org/glassfish/hk2/external/aopalliance-repackaged/2.5.0/aopalliance-repackaged-2.5.0.jar:/home/user/.m2/repository/com/fasterxml/jackson/dataformat/jackson-dataformat-xml/2.9.0/jackson-dataformat-xml-2.9.0.jar:/home/user/.m2/repository/com/fasterxml/jackson/core/jackson-core/2.9.5/jackson-core-2.9.5.jar:/home/user/.m2/repository/com/fasterxml/jackson/module/jackson-module-jaxb-annotations/2.9.5/jackson-module-jaxb-annotations-2.9.5.jar:/home/user/.m2/repository/javax/enterprise/cdi-api/1.2/cdi-api-1.2.jar:/home/user/.m2/repository/javax/el/javax.el-api/3.0.0/javax.el-api-3.0.0.jar:/home/user/.m2/repository/javax/interceptor/javax.interceptor-api/1.2/javax.interceptor-api-1.2.jar:/home/user/.m2/repository/javax/inject/javax.inject/1/javax.inject-1.jar:/home/user/.m2/repository/com/sun/xml/bind/jaxb-impl/2.3.0.1/jaxb-impl-2.3.0.1.jar:/home/user/.m2/repository/com/sun/xml/bind/jaxb-core/2.3.0.1/jaxb-core-2.3.0.1.jar:/home/user/.m2/repository/javax/xml/bind/jaxb-api/2.3.0/jaxb-api-2.3.0.jar:/home/user/.m2/repository/javax/activation/activation/1.1.1/activation-1.1.1.jar:/home/user/.m2/repository/org/apache/hadoop/hadoop-ozone-csi/0.5.0-SNAPSHOT/hadoop-ozone-csi-0.5.0-SNAPSHOT.jar:/home/user/.m2/repository/com/google/protobuf/protobuf-java-util/3.5.1/protobuf-java-util-3.5.1.jar:/home/user/.m2/repository/org/apache/hadoop/hadoop-hdds-config/0.5.0-SNAPSHOT/hadoop-hdds-config-0.5.0-SNAPSHOT.jar:/home/user/.m2/repository/io/grpc/grpc-netty/1.17.1/grpc-netty-1.17.1.jar:/home/user/.m2/repository/io/grpc/grpc-core/1.17.1/grpc-core-1.17.1.jar:/home/user/.m2/repository/io/grpc/grpc-context/1.17.1/grpc-context-1.17.1.jar:/home/user/.m2/repository/com/google/errorprone/error_prone_annotations/2.2.0/error_prone_annotations-2.2.0.jar:/home/user/.m2/repository/org/codehaus/mojo/animal-sniffer-annotations/1.17/animal-sniffer-annotations-1.17.jar:/home/user/.m2/repository/io/opencensus/opencensus-api/0.17.0/opencensus-api-0.17.0.jar:/home/user/.m2/repository/io/opencensus/opencensus-contrib-grpc-metrics/0.17.0/opencensus-contrib-grpc-metrics-0.17.0.jar:/home/user/.m2/repository/io/netty/netty-codec-http2/4.1.30.Final/netty-codec-http2-4.1.30.Final.jar:/home/user/.m2/repository/io/netty/netty-codec-http/4.1.30.Final/netty-codec-http-4.1.30.Final.jar:/home/user/.m2/repository/io/netty/netty-codec/4.1.30.Final/netty-codec-4.1.30.Final.jar:/home/user/.m2/repository/io/netty/netty-handler/4.1.30.Final/netty-handler-4.1.30.Final.jar:/home/user/.m2/repository/io/netty/netty-handler-proxy/4.1.30.Final/netty-handler-proxy-4.1.30.Final.jar:/home/user/.m2/repository/io/netty/netty-codec-socks/4.1.30.Final/netty-codec-socks-4.1.30.Final.jar:/home/user/.m2/repository/io/netty/netty-transport-native-epoll/4.1.30.Final/netty-transport-native-epoll-4.1.30.Final.jar:/home/user/.m2/repository/io/netty/netty-common/4.1.30.Final/netty-common-4.1.30.Final.jar:/home/user/.m2/repository/io/netty/netty-buffer/4.1.30.Final/netty-buffer-4.1.30.Final.jar:/home/user/.m2/repository/io/netty/netty-transport/4.1.30.Final/netty-transport-4.1.30.Final.jar:/home/user/.m2/repository/io/netty/netty-resolver/4.1.30.Final/netty-resolver-4.1.30.Final.jar:/home/user/.m2/repository/io/netty/netty-transport-native-unix-common/4.1.30.Final/netty-transport-native-unix-common-4.1.30.Final.jar:/home/user/.m2/repository/io/grpc/grpc-protobuf/1.17.1/grpc-protobuf-1.17.1.jar:/home/user/.m2/repository/com/google/api/grpc/proto-google-common-protos/1.0.0/proto-google-common-protos-1.0.0.jar:/home/user/.m2/repository/io/grpc/grpc-protobuf-lite/1.17.1/grpc-protobuf-lite-1.17.1.jar:/home/user/.m2/repository/io/grpc/grpc-stub/1.17.1/grpc-stub-1.17.1.jar:/home/user/.m2/repository/org/apache/hadoop/hadoop-ozone-recon/0.5.0-SNAPSHOT/hadoop-ozone-recon-0.5.0-SNAPSHOT.jar:/home/user/.m2/repository/org/apache/hadoop/hadoop-ozone-reconcodegen/0.5.0-SNAPSHOT/hadoop-ozone-reconcodegen-0.5.0-SNAPSHOT.jar:/home/user/.m2/repository/com/google/inject/extensions/guice-multibindings/4.0/guice-multibindings-4.0.jar:/home/user/.m2/repository/com/google/inject/guice/4.0/guice-4.0.jar:/home/user/.m2/repository/aopalliance/aopalliance/1.0/aopalliance-1.0.jar:/home/user/.m2/repository/com/google/inject/extensions/guice-servlet/4.0/guice-servlet-4.0.jar:/home/user/.m2/repository/org/glassfish/jersey/containers/jersey-container-servlet/2.27/jersey-container-servlet-2.27.jar:/home/user/.m2/repository/org/glassfish/hk2/guice-bridge/2.5.0/guice-bridge-2.5.0.jar:/home/user/.m2/repository/org/glassfish/jersey/core/jersey-server/2.27/jersey-server-2.27.jar:/home/user/.m2/repository/org/glassfish/jersey/core/jersey-client/2.27/jersey-client-2.27.jar:/home/user/.m2/repository/org/glassfish/jersey/media/jersey-media-jaxb/2.27/jersey-media-jaxb-2.27.jar:/home/user/.m2/repository/javax/validation/validation-api/1.1.0.Final/validation-api-1.1.0.Final.jar:/home/user/.m2/repository/org/glassfish/jersey/media/jersey-media-json-jackson/2.27/jersey-media-json-jackson-2.27.jar:/home/user/.m2/repository/org/glassfish/jersey/ext/jersey-entity-filtering/2.27/jersey-entity-filtering-2.27.jar:/home/user/.m2/repository/com/google/inject/extensions/guice-assistedinject/4.0/guice-assistedinject-4.0.jar:/home/user/.m2/repository/org/jooq/jooq/3.11.10/jooq-3.11.10.jar:/home/user/.m2/repository/org/jooq/jooq-meta/3.11.10/jooq-meta-3.11.10.jar:/home/user/.m2/repository/org/jooq/jooq-codegen/3.11.10/jooq-codegen-3.11.10.jar:/home/user/.m2/repository/com/jolbox/bonecp/0.8.0.RELEASE/bonecp-0.8.0.RELEASE.jar:/home/user/.m2/repository/org/xerial/sqlite-jdbc/3.25.2/sqlite-jdbc-3.25.2.jar:/home/user/.m2/repository/org/springframework/spring-jdbc/5.1.3.RELEASE/spring-jdbc-5.1.3.RELEASE.jar:/home/user/.m2/repository/org/springframework/spring-beans/5.1.3.RELEASE/spring-beans-5.1.3.RELEASE.jar:/home/user/.m2/repository/org/springframework/spring-core/5.1.3.RELEASE/spring-core-5.1.3.RELEASE.jar:/home/user/.m2/repository/org/springframework/spring-jcl/5.1.3.RELEASE/spring-jcl-5.1.3.RELEASE.jar:/home/user/.m2/repository/org/springframework/spring-tx/5.1.3.RELEASE/spring-tx-5.1.3.RELEASE.jar:/home/user/.m2/repository/org/apache/hadoop/hadoop-ozone-client/0.5.0-SNAPSHOT/hadoop-ozone-client-0.5.0-SNAPSHOT.jar:/home/user/.m2/repository/commons-lang/commons-lang/2.6/commons-lang-2.6.jar:/home/user/.m2/repository/org/apache/hadoop/hadoop-ozone-ozone-manager/0.5.0-SNAPSHOT/hadoop-ozone-ozone-manager-0.5.0-SNAPSHOT-tests.jar:/home/user/.m2/repository/junit/junit/4.11/junit-4.11.jar:/home/user/.m2/repository/org/hamcrest/hamcrest-core/1.3/hamcrest-core-1.3.jar:/home/user/.m2/repository/org/openjdk/jmh/jmh-core/1.19/jmh-core-1.19.jar:/home/user/.m2/repository/net/sf/jopt-simple/jopt-simple/4.6/jopt-simple-4.6.jar:/home/user/.m2/repository/org/apache/commons/commons-math3/3.1.1/commons-math3-3.1.1.jar:/home/user/.m2/repository/org/openjdk/jmh/jmh-generator-annprocess/1.19/jmh-generator-annprocess-1.19.jar:/home/user/.m2/repository/org/mockito/mockito-all/1.8.5/mockito-all-1.8.5.jar:/home/user/.m2/repository/org/apache/hadoop/hadoop-kms/3.2.0/hadoop-kms-3.2.0.jar:/home/user/.m2/repository/org/apache/hadoop/hadoop-auth/3.2.0/hadoop-auth-3.2.0.jar:/home/user/.m2/repository/com/nimbusds/nimbus-jose-jwt/4.41.1/nimbus-jose-jwt-4.41.1.jar:/home/user/.m2/repository/com/github/stephenc/jcip/jcip-annotations/1.0-1/jcip-annotations-1.0-1.jar:/home/user/.m2/repository/net/minidev/json-smart/2.3/json-smart-2.3.jar:/home/user/.m2/repository/net/minidev/accessors-smart/1.2/accessors-smart-1.2.jar:/home/user/.m2/repository/org/ow2/asm/asm/5.0.4/asm-5.0.4.jar:/home/user/.m2/repository/org/apache/curator/curator-framework/2.12.0/curator-framework-2.12.0.jar:/home/user/.m2/repository/com/sun/jersey/jersey-core/1.19/jersey-core-1.19.jar:/home/user/.m2/repository/javax/ws/rs/jsr311-api/1.1.1/jsr311-api-1.1.1.jar:/home/user/.m2/repository/com/sun/jersey/jersey-server/1.19/jersey-server-1.19.jar:/home/user/.m2/repository/javax/servlet/javax.servlet-api/3.1.0/javax.servlet-api-3.1.0.jar:/home/user/.m2/repository/org/eclipse/jetty/jetty-server/9.3.24.v20180605/jetty-server-9.3.24.v20180605.jar:/home/user/.m2/repository/org/eclipse/jetty/jetty-http/9.3.24.v20180605/jetty-http-9.3.24.v20180605.jar:/home/user/.m2/repository/org/eclipse/jetty/jetty-io/9.3.24.v20180605/jetty-io-9.3.24.v20180605.jar:/home/user/.m2/repository/org/eclipse/jetty/jetty-webapp/9.3.24.v20180605/jetty-webapp-9.3.24.v20180605.jar:/home/user/.m2/repository/org/eclipse/jetty/jetty-xml/9.3.24.v20180605/jetty-xml-9.3.24.v20180605.jar:/home/user/.m2/repository/log4j/log4j/1.2.17/log4j-1.2.17.jar:/home/user/.m2/repository/org/slf4j/slf4j-api/1.7.25/slf4j-api-1.7.25.jar:/home/user/.m2/repository/org/slf4j/jul-to-slf4j/1.7.25/jul-to-slf4j-1.7.25.jar:/home/user/.m2/repository/org/eclipse/jetty/jetty-util/9.3.24.v20180605/jetty-util-9.3.24.v20180605.jar:/home/user/.m2/repository/com/fasterxml/jackson/core/jackson-databind/2.9.5/jackson-databind-2.9.5.jar:/home/user/.m2/repository/org/apache/hadoop/hadoop-kms/3.2.0/hadoop-kms-3.2.0-tests.jar:/home/user/.m2/repository/org/apache/hadoop/hadoop-hdds-server-scm/0.5.0-SNAPSHOT/hadoop-hdds-server-scm-0.5.0-SNAPSHOT-tests.jar:/home/user/.m2/repository/org/apache/hadoop/hadoop-hdds-container-service/0.5.0-SNAPSHOT/hadoop-hdds-container-service-0.5.0-SNAPSHOT-tests.jar:/home/user/.m2/repository/org/yaml/snakeyaml/1.16/snakeyaml-1.16.jar:/home/user/.m2/repository/org/apache/hadoop/hadoop-common/3.2.0/hadoop-common-3.2.0-tests.jar:/home/user/.m2/repository/org/apache/hadoop/hadoop-annotations/3.2.0/hadoop-annotations-3.2.0.jar:/usr/lib/jvm/java-1.8-openjdk/jre/../lib/tools.jar:/home/user/.m2/repository/commons-cli/commons-cli/1.2/commons-cli-1.2.jar:/home/user/.m2/repository/org/apache/httpcomponents/httpclient/4.5.2/httpclient-4.5.2.jar:/home/user/.m2/repository/org/apache/httpcomponents/httpcore/4.4.4/httpcore-4.4.4.jar:/home/user/.m2/repository/commons-codec/commons-codec/1.11/commons-codec-1.11.jar:/home/user/.m2/repository/commons-net/commons-net/3.6/commons-net-3.6.jar:/home/user/.m2/repository/commons-collections/commons-collections/3.2.2/commons-collections-3.2.2.jar:/home/user/.m2/repository/org/eclipse/jetty/jetty-servlet/9.3.24.v20180605/jetty-servlet-9.3.24.v20180605.jar:/home/user/.m2/repository/org/eclipse/jetty/jetty-security/9.3.24.v20180605/jetty-security-9.3.24.v20180605.jar:/home/user/.m2/repository/javax/servlet/jsp/jsp-api/2.1/jsp-api-2.1.jar:/home/user/.m2/repository/com/sun/jersey/jersey-servlet/1.19/jersey-servlet-1.19.jar:/home/user/.m2/repository/com/sun/jersey/jersey-json/1.19/jersey-json-1.19.jar:/home/user/.m2/repository/org/codehaus/jettison/jettison/1.1/jettison-1.1.jar:/home/user/.m2/repository/org/codehaus/jackson/jackson-core-asl/1.9.13/jackson-core-asl-1.9.13.jar:/home/user/.m2/repository/org/codehaus/jackson/jackson-mapper-asl/1.9.13/jackson-mapper-asl-1.9.13.jar:/home/user/.m2/repository/org/codehaus/jackson/jackson-jaxrs/1.9.13/jackson-jaxrs-1.9.13.jar:/home/user/.m2/repository/org/codehaus/jackson/jackson-xc/1.9.13/jackson-xc-1.9.13.jar:/home/user/.m2/repository/commons-logging/commons-logging/1.1.3/commons-logging-1.1.3.jar:/home/user/.m2/repository/commons-beanutils/commons-beanutils/1.9.3/commons-beanutils-1.9.3.jar:/home/user/.m2/repository/org/apache/commons/commons-configuration2/2.1.1/commons-configuration2-2.1.1.jar:/home/user/.m2/repository/org/apache/commons/commons-lang3/3.7/commons-lang3-3.7.jar:/home/user/.m2/repository/org/apache/commons/commons-text/1.4/commons-text-1.4.jar:/home/user/.m2/repository/org/apache/avro/avro/1.7.7/avro-1.7.7.jar:/home/user/.m2/repository/com/thoughtworks/paranamer/paranamer/2.3/paranamer-2.3.jar:/home/user/.m2/repository/org/xerial/snappy/snappy-java/1.0.5/snappy-java-1.0.5.jar:/home/user/.m2/repository/com/google/re2j/re2j/1.1/re2j-1.1.jar:/home/user/.m2/repository/com/google/code/gson/gson/2.2.4/gson-2.2.4.jar:/home/user/.m2/repository/com/jcraft/jsch/0.1.54/jsch-0.1.54.jar:/home/user/.m2/repository/org/apache/curator/curator-client/2.12.0/curator-client-2.12.0.jar:/home/user/.m2/repository/org/apache/curator/curator-recipes/2.12.0/curator-recipes-2.12.0.jar:/home/user/.m2/repository/com/google/code/findbugs/jsr305/3.0.0/jsr305-3.0.0.jar:/home/user/.m2/repository/org/apache/htrace/htrace-core4/4.1.0-incubating/htrace-core4-4.1.0-incubating.jar:/home/user/.m2/repository/org/apache/zookeeper/zookeeper/3.4.13/zookeeper-3.4.13.jar:/home/user/.m2/repository/org/apache/yetus/audience-annotations/0.5.0/audience-annotations-0.5.0.jar:/home/user/.m2/repository/org/codehaus/woodstox/stax2-api/3.1.4/stax2-api-3.1.4.jar:/home/user/.m2/repository/com/fasterxml/woodstox/woodstox-core/5.0.3/woodstox-core-5.0.3.jar:/home/user/.m2/repository/dnsjava/dnsjava/2.1.7/dnsjava-2.1.7.jar:/home/user/.m2/repository/org/apache/hadoop/hadoop-hdfs/3.2.0/hadoop-hdfs-3.2.0-tests.jar:/home/user/.m2/repository/org/eclipse/jetty/jetty-util-ajax/9.3.24.v20180605/jetty-util-ajax-9.3.24.v20180605.jar:/home/user/.m2/repository/commons-daemon/commons-daemon/1.0.13/commons-daemon-1.0.13.jar:/home/user/.m2/repository/io/netty/netty/3.10.5.Final/netty-3.10.5.Final.jar:/home/user/.m2/repository/io/netty/netty-all/4.0.52.Final/netty-all-4.0.52.Final.jar:/home/user/.m2/repository/org/fusesource/leveldbjni/leveldbjni-all/1.8/leveldbjni-all-1.8.jar:"/>
    <property name="java.vm.vendor" value="IcedTea"/>
    <property name="sun.arch.data.model" value="64"/>
    <property name="test.build.dir" value="/workdir/hadoop-ozone/integration-test/target/test-dir"/>
    <property name="test.cache.data" value=""/>
    <property name="java.vendor.url" value="https://icedtea.classpath.org"/>
    <property name="user.timezone" value=""/>
    <property name="java.vm.specification.version" value="1.8"/>
    <property name="os.name" value="Linux"/>
    <property name="test.build.data" value="/workdir/hadoop-ozone/integration-test/target/test-dir"/>
    <property name="user.country" value="US"/>
    <property name="sun.java.launcher" value="SUN_STANDARD"/>
    <property name="sun.boot.library.path" value="/usr/lib/jvm/java-1.8-openjdk/jre/lib/amd64"/>
    <property name="sun.java.command" value="/workdir/hadoop-ozone/integration-test/target/surefire/surefirebooter5615152404549138772.jar /workdir/hadoop-ozone/integration-test/target/surefire 2019-09-11T05-14-36_521-jvmRun1 surefire8378323115343153229tmp surefire_332450883897033449307tmp"/>
    <property name="test" value="!TestMiniChaosOzoneCluster"/>
    <property name="surefire.test.class.path" value="/workdir/hadoop-ozone/integration-test/target/test-classes:/workdir/hadoop-ozone/integration-test/target/classes:/home/user/.m2/repository/org/apache/hadoop/hadoop-ozone-common/0.5.0-SNAPSHOT/hadoop-ozone-common-0.5.0-SNAPSHOT.jar:/home/user/.m2/repository/org/apache/commons/commons-compress/1.4.1/commons-compress-1.4.1.jar:/home/user/.m2/repository/org/tukaani/xz/1.0/xz-1.0.jar:/home/user/.m2/repository/org/apache/hadoop/hadoop-common/3.2.0/hadoop-common-3.2.0.jar:/home/user/.m2/repository/org/apache/hadoop/hadoop-hdfs/3.2.0/hadoop-hdfs-3.2.0.jar:/home/user/.m2/repository/org/apache/hadoop/hadoop-hdfs-client/3.2.0/hadoop-hdfs-client-3.2.0.jar:/home/user/.m2/repository/com/fasterxml/jackson/core/jackson-annotations/2.9.5/jackson-annotations-2.9.5.jar:/home/user/.m2/repository/org/apache/hadoop/hadoop-hdds-common/0.5.0-SNAPSHOT/hadoop-hdds-common-0.5.0-SNAPSHOT.jar:/home/user/.m2/repository/javax/annotation/javax.annotation-api/1.2/javax.annotation-api-1.2.jar:/home/user/.m2/repository/org/apache/ratis/ratis-server/0.4.0-78e95b9-SNAPSHOT/ratis-server-0.4.0-78e95b9-SNAPSHOT.jar:/home/user/.m2/repository/org/apache/ratis/ratis-thirdparty-misc/0.2.0/ratis-thirdparty-misc-0.2.0.jar:/home/user/.m2/repository/org/apache/ratis/ratis-proto/0.4.0-78e95b9-SNAPSHOT/ratis-proto-0.4.0-78e95b9-SNAPSHOT.jar:/home/user/.m2/repository/org/apache/ratis/ratis-common/0.4.0-78e95b9-SNAPSHOT/ratis-common-0.4.0-78e95b9-SNAPSHOT.jar:/home/user/.m2/repository/org/apache/ratis/ratis-client/0.4.0-78e95b9-SNAPSHOT/ratis-client-0.4.0-78e95b9-SNAPSHOT.jar:/home/user/.m2/repository/org/apache/ratis/ratis-metrics/0.4.0-78e95b9-SNAPSHOT/ratis-metrics-0.4.0-78e95b9-SNAPSHOT.jar:/home/user/.m2/repository/com/github/joshelser/dropwizard-metrics-hadoop-metrics2-reporter/0.1.2/dropwizard-metrics-hadoop-metrics2-reporter-0.1.2.jar:/home/user/.m2/repository/io/dropwizard/metrics/metrics-jvm/3.2.5/metrics-jvm-3.2.5.jar:/home/user/.m2/repository/io/dropwizard/metrics/metrics-ganglia/3.2.5/metrics-ganglia-3.2.5.jar:/home/user/.m2/repository/info/ganglia/gmetric4j/gmetric4j/1.0.7/gmetric4j-1.0.7.jar:/home/user/.m2/repository/org/apache/ratis/ratis-netty/0.4.0-78e95b9-SNAPSHOT/ratis-netty-0.4.0-78e95b9-SNAPSHOT.jar:/home/user/.m2/repository/org/apache/ratis/ratis-grpc/0.4.0-78e95b9-SNAPSHOT/ratis-grpc-0.4.0-78e95b9-SNAPSHOT.jar:/home/user/.m2/repository/org/rocksdb/rocksdbjni/6.0.1/rocksdbjni-6.0.1.jar:/home/user/.m2/repository/org/apache/logging/log4j/log4j-api/2.11.0/log4j-api-2.11.0.jar:/home/user/.m2/repository/org/apache/logging/log4j/log4j-core/2.11.0/log4j-core-2.11.0.jar:/home/user/.m2/repository/com/lmax/disruptor/3.4.2/disruptor-3.4.2.jar:/home/user/.m2/repository/org/apache/commons/commons-pool2/2.6.0/commons-pool2-2.6.0.jar:/home/user/.m2/repository/org/bouncycastle/bcpkix-jdk15on/1.60/bcpkix-jdk15on-1.60.jar:/home/user/.m2/repository/commons-validator/commons-validator/1.6/commons-validator-1.6.jar:/home/user/.m2/repository/commons-digester/commons-digester/1.8.1/commons-digester-1.8.1.jar:/home/user/.m2/repository/io/jaegertracing/jaeger-client/0.33.1/jaeger-client-0.33.1.jar:/home/user/.m2/repository/io/jaegertracing/jaeger-thrift/0.33.1/jaeger-thrift-0.33.1.jar:/home/user/.m2/repository/org/apache/thrift/libthrift/0.11.0/libthrift-0.11.0.jar:/home/user/.m2/repository/com/squareup/okhttp3/okhttp/3.9.0/okhttp-3.9.0.jar:/home/user/.m2/repository/com/squareup/okio/okio/1.13.0/okio-1.13.0.jar:/home/user/.m2/repository/io/jaegertracing/jaeger-core/0.33.1/jaeger-core-0.33.1.jar:/home/user/.m2/repository/io/jaegertracing/jaeger-tracerresolver/0.33.1/jaeger-tracerresolver-0.33.1.jar:/home/user/.m2/repository/io/opentracing/contrib/opentracing-tracerresolver/0.1.5/opentracing-tracerresolver-0.1.5.jar:/home/user/.m2/repository/io/opentracing/opentracing-util/0.31.0/opentracing-util-0.31.0.jar:/home/user/.m2/repository/io/opentracing/opentracing-api/0.31.0/opentracing-api-0.31.0.jar:/home/user/.m2/repository/io/opentracing/opentracing-noop/0.31.0/opentracing-noop-0.31.0.jar:/home/user/.m2/repository/org/apache/hadoop/hadoop-hdds-server-framework/0.5.0-SNAPSHOT/hadoop-hdds-server-framework-0.5.0-SNAPSHOT.jar:/home/user/.m2/repository/org/apache/hadoop/hadoop-hdds-container-service/0.5.0-SNAPSHOT/hadoop-hdds-container-service-0.5.0-SNAPSHOT.jar:/home/user/.m2/repository/org/apache/hadoop/hadoop-hdds-client/0.5.0-SNAPSHOT/hadoop-hdds-client-0.5.0-SNAPSHOT.jar:/home/user/.m2/repository/org/apache/hadoop/hadoop-hdds-tools/0.5.0-SNAPSHOT/hadoop-hdds-tools-0.5.0-SNAPSHOT.jar:/home/user/.m2/repository/org/apache/hadoop/hadoop-hdds-server-scm/0.5.0-SNAPSHOT/hadoop-hdds-server-scm-0.5.0-SNAPSHOT.jar:/home/user/.m2/repository/org/apache/hadoop/hadoop-hdds-docs/0.5.0-SNAPSHOT/hadoop-hdds-docs-0.5.0-SNAPSHOT.jar:/home/user/.m2/repository/io/dropwizard/metrics/metrics-core/3.2.4/metrics-core-3.2.4.jar:/home/user/.m2/repository/org/hamcrest/hamcrest-all/1.3/hamcrest-all-1.3.jar:/home/user/.m2/repository/org/bouncycastle/bcprov-jdk15on/1.60/bcprov-jdk15on-1.60.jar:/home/user/.m2/repository/info/picocli/picocli/3.9.6/picocli-3.9.6.jar:/home/user/.m2/repository/com/google/protobuf/protobuf-java/2.5.0/protobuf-java-2.5.0.jar:/home/user/.m2/repository/com/google/guava/guava/11.0.2/guava-11.0.2.jar:/home/user/.m2/repository/org/apache/hadoop/hadoop-ozone-ozone-manager/0.5.0-SNAPSHOT/hadoop-ozone-ozone-manager-0.5.0-SNAPSHOT.jar:/home/user/.m2/repository/org/apache/hadoop/hadoop-minikdc/3.2.0/hadoop-minikdc-3.2.0.jar:/home/user/.m2/repository/commons-io/commons-io/2.5/commons-io-2.5.jar:/home/user/.m2/repository/org/apache/kerby/kerb-simplekdc/1.0.1/kerb-simplekdc-1.0.1.jar:/home/user/.m2/repository/org/apache/kerby/kerb-client/1.0.1/kerb-client-1.0.1.jar:/home/user/.m2/repository/org/apache/kerby/kerby-config/1.0.1/kerby-config-1.0.1.jar:/home/user/.m2/repository/org/apache/kerby/kerb-core/1.0.1/kerb-core-1.0.1.jar:/home/user/.m2/repository/org/apache/kerby/kerby-pkix/1.0.1/kerby-pkix-1.0.1.jar:/home/user/.m2/repository/org/apache/kerby/kerby-asn1/1.0.1/kerby-asn1-1.0.1.jar:/home/user/.m2/repository/org/apache/kerby/kerby-util/1.0.1/kerby-util-1.0.1.jar:/home/user/.m2/repository/org/apache/kerby/kerb-common/1.0.1/kerb-common-1.0.1.jar:/home/user/.m2/repository/org/apache/kerby/kerb-crypto/1.0.1/kerb-crypto-1.0.1.jar:/home/user/.m2/repository/org/apache/kerby/kerb-util/1.0.1/kerb-util-1.0.1.jar:/home/user/.m2/repository/org/apache/kerby/token-provider/1.0.1/token-provider-1.0.1.jar:/home/user/.m2/repository/org/apache/kerby/kerb-admin/1.0.1/kerb-admin-1.0.1.jar:/home/user/.m2/repository/org/apache/kerby/kerb-server/1.0.1/kerb-server-1.0.1.jar:/home/user/.m2/repository/org/apache/kerby/kerb-identity/1.0.1/kerb-identity-1.0.1.jar:/home/user/.m2/repository/org/apache/kerby/kerby-xdr/1.0.1/kerby-xdr-1.0.1.jar:/home/user/.m2/repository/org/slf4j/slf4j-log4j12/1.7.25/slf4j-log4j12-1.7.25.jar:/home/user/.m2/repository/org/apache/hadoop/hadoop-ozone-s3gateway/0.5.0-SNAPSHOT/hadoop-ozone-s3gateway-0.5.0-SNAPSHOT.jar:/home/user/.m2/repository/org/jboss/weld/servlet/weld-servlet/2.4.7.Final/weld-servlet-2.4.7.Final.jar:/home/user/.m2/repository/org/glassfish/jersey/containers/jersey-container-servlet-core/2.27/jersey-container-servlet-core-2.27.jar:/home/user/.m2/repository/org/glassfish/hk2/external/javax.inject/2.5.0-b42/javax.inject-2.5.0-b42.jar:/home/user/.m2/repository/org/glassfish/jersey/core/jersey-common/2.27/jersey-common-2.27.jar:/home/user/.m2/repository/org/glassfish/hk2/osgi-resource-locator/1.0.1/osgi-resource-locator-1.0.1.jar:/home/user/.m2/repository/javax/ws/rs/javax.ws.rs-api/2.1/javax.ws.rs-api-2.1.jar:/home/user/.m2/repository/org/glassfish/jersey/ext/cdi/jersey-cdi1x/2.27/jersey-cdi1x-2.27.jar:/home/user/.m2/repository/org/glassfish/jersey/inject/jersey-hk2/2.27/jersey-hk2-2.27.jar:/home/user/.m2/repository/org/glassfish/hk2/hk2-locator/2.5.0-b42/hk2-locator-2.5.0-b42.jar:/home/user/.m2/repository/org/javassist/javassist/3.22.0-CR2/javassist-3.22.0-CR2.jar:/home/user/.m2/repository/org/glassfish/hk2/hk2-api/2.5.0/hk2-api-2.5.0.jar:/home/user/.m2/repository/org/glassfish/hk2/external/jakarta.inject/2.5.0/jakarta.inject-2.5.0.jar:/home/user/.m2/repository/org/glassfish/hk2/hk2-utils/2.5.0/hk2-utils-2.5.0.jar:/home/user/.m2/repository/jakarta/annotation/jakarta.annotation-api/1.3.4/jakarta.annotation-api-1.3.4.jar:/home/user/.m2/repository/org/glassfish/hk2/external/aopalliance-repackaged/2.5.0/aopalliance-repackaged-2.5.0.jar:/home/user/.m2/repository/com/fasterxml/jackson/dataformat/jackson-dataformat-xml/2.9.0/jackson-dataformat-xml-2.9.0.jar:/home/user/.m2/repository/com/fasterxml/jackson/core/jackson-core/2.9.5/jackson-core-2.9.5.jar:/home/user/.m2/repository/com/fasterxml/jackson/module/jackson-module-jaxb-annotations/2.9.5/jackson-module-jaxb-annotations-2.9.5.jar:/home/user/.m2/repository/javax/enterprise/cdi-api/1.2/cdi-api-1.2.jar:/home/user/.m2/repository/javax/el/javax.el-api/3.0.0/javax.el-api-3.0.0.jar:/home/user/.m2/repository/javax/interceptor/javax.interceptor-api/1.2/javax.interceptor-api-1.2.jar:/home/user/.m2/repository/javax/inject/javax.inject/1/javax.inject-1.jar:/home/user/.m2/repository/com/sun/xml/bind/jaxb-impl/2.3.0.1/jaxb-impl-2.3.0.1.jar:/home/user/.m2/repository/com/sun/xml/bind/jaxb-core/2.3.0.1/jaxb-core-2.3.0.1.jar:/home/user/.m2/repository/javax/xml/bind/jaxb-api/2.3.0/jaxb-api-2.3.0.jar:/home/user/.m2/repository/javax/activation/activation/1.1.1/activation-1.1.1.jar:/home/user/.m2/repository/org/apache/hadoop/hadoop-ozone-csi/0.5.0-SNAPSHOT/hadoop-ozone-csi-0.5.0-SNAPSHOT.jar:/home/user/.m2/repository/com/google/protobuf/protobuf-java-util/3.5.1/protobuf-java-util-3.5.1.jar:/home/user/.m2/repository/org/apache/hadoop/hadoop-hdds-config/0.5.0-SNAPSHOT/hadoop-hdds-config-0.5.0-SNAPSHOT.jar:/home/user/.m2/repository/io/grpc/grpc-netty/1.17.1/grpc-netty-1.17.1.jar:/home/user/.m2/repository/io/grpc/grpc-core/1.17.1/grpc-core-1.17.1.jar:/home/user/.m2/repository/io/grpc/grpc-context/1.17.1/grpc-context-1.17.1.jar:/home/user/.m2/repository/com/google/errorprone/error_prone_annotations/2.2.0/error_prone_annotations-2.2.0.jar:/home/user/.m2/repository/org/codehaus/mojo/animal-sniffer-annotations/1.17/animal-sniffer-annotations-1.17.jar:/home/user/.m2/repository/io/opencensus/opencensus-api/0.17.0/opencensus-api-0.17.0.jar:/home/user/.m2/repository/io/opencensus/opencensus-contrib-grpc-metrics/0.17.0/opencensus-contrib-grpc-metrics-0.17.0.jar:/home/user/.m2/repository/io/netty/netty-codec-http2/4.1.30.Final/netty-codec-http2-4.1.30.Final.jar:/home/user/.m2/repository/io/netty/netty-codec-http/4.1.30.Final/netty-codec-http-4.1.30.Final.jar:/home/user/.m2/repository/io/netty/netty-codec/4.1.30.Final/netty-codec-4.1.30.Final.jar:/home/user/.m2/repository/io/netty/netty-handler/4.1.30.Final/netty-handler-4.1.30.Final.jar:/home/user/.m2/repository/io/netty/netty-handler-proxy/4.1.30.Final/netty-handler-proxy-4.1.30.Final.jar:/home/user/.m2/repository/io/netty/netty-codec-socks/4.1.30.Final/netty-codec-socks-4.1.30.Final.jar:/home/user/.m2/repository/io/netty/netty-transport-native-epoll/4.1.30.Final/netty-transport-native-epoll-4.1.30.Final.jar:/home/user/.m2/repository/io/netty/netty-common/4.1.30.Final/netty-common-4.1.30.Final.jar:/home/user/.m2/repository/io/netty/netty-buffer/4.1.30.Final/netty-buffer-4.1.30.Final.jar:/home/user/.m2/repository/io/netty/netty-transport/4.1.30.Final/netty-transport-4.1.30.Final.jar:/home/user/.m2/repository/io/netty/netty-resolver/4.1.30.Final/netty-resolver-4.1.30.Final.jar:/home/user/.m2/repository/io/netty/netty-transport-native-unix-common/4.1.30.Final/netty-transport-native-unix-common-4.1.30.Final.jar:/home/user/.m2/repository/io/grpc/grpc-protobuf/1.17.1/grpc-protobuf-1.17.1.jar:/home/user/.m2/repository/com/google/api/grpc/proto-google-common-protos/1.0.0/proto-google-common-protos-1.0.0.jar:/home/user/.m2/repository/io/grpc/grpc-protobuf-lite/1.17.1/grpc-protobuf-lite-1.17.1.jar:/home/user/.m2/repository/io/grpc/grpc-stub/1.17.1/grpc-stub-1.17.1.jar:/home/user/.m2/repository/org/apache/hadoop/hadoop-ozone-recon/0.5.0-SNAPSHOT/hadoop-ozone-recon-0.5.0-SNAPSHOT.jar:/home/user/.m2/repository/org/apache/hadoop/hadoop-ozone-reconcodegen/0.5.0-SNAPSHOT/hadoop-ozone-reconcodegen-0.5.0-SNAPSHOT.jar:/home/user/.m2/repository/com/google/inject/extensions/guice-multibindings/4.0/guice-multibindings-4.0.jar:/home/user/.m2/repository/com/google/inject/guice/4.0/guice-4.0.jar:/home/user/.m2/repository/aopalliance/aopalliance/1.0/aopalliance-1.0.jar:/home/user/.m2/repository/com/google/inject/extensions/guice-servlet/4.0/guice-servlet-4.0.jar:/home/user/.m2/repository/org/glassfish/jersey/containers/jersey-container-servlet/2.27/jersey-container-servlet-2.27.jar:/home/user/.m2/repository/org/glassfish/hk2/guice-bridge/2.5.0/guice-bridge-2.5.0.jar:/home/user/.m2/repository/org/glassfish/jersey/core/jersey-server/2.27/jersey-server-2.27.jar:/home/user/.m2/repository/org/glassfish/jersey/core/jersey-client/2.27/jersey-client-2.27.jar:/home/user/.m2/repository/org/glassfish/jersey/media/jersey-media-jaxb/2.27/jersey-media-jaxb-2.27.jar:/home/user/.m2/repository/javax/validation/validation-api/1.1.0.Final/validation-api-1.1.0.Final.jar:/home/user/.m2/repository/org/glassfish/jersey/media/jersey-media-json-jackson/2.27/jersey-media-json-jackson-2.27.jar:/home/user/.m2/repository/org/glassfish/jersey/ext/jersey-entity-filtering/2.27/jersey-entity-filtering-2.27.jar:/home/user/.m2/repository/com/google/inject/extensions/guice-assistedinject/4.0/guice-assistedinject-4.0.jar:/home/user/.m2/repository/org/jooq/jooq/3.11.10/jooq-3.11.10.jar:/home/user/.m2/repository/org/jooq/jooq-meta/3.11.10/jooq-meta-3.11.10.jar:/home/user/.m2/repository/org/jooq/jooq-codegen/3.11.10/jooq-codegen-3.11.10.jar:/home/user/.m2/repository/com/jolbox/bonecp/0.8.0.RELEASE/bonecp-0.8.0.RELEASE.jar:/home/user/.m2/repository/org/xerial/sqlite-jdbc/3.25.2/sqlite-jdbc-3.25.2.jar:/home/user/.m2/repository/org/springframework/spring-jdbc/5.1.3.RELEASE/spring-jdbc-5.1.3.RELEASE.jar:/home/user/.m2/repository/org/springframework/spring-beans/5.1.3.RELEASE/spring-beans-5.1.3.RELEASE.jar:/home/user/.m2/repository/org/springframework/spring-core/5.1.3.RELEASE/spring-core-5.1.3.RELEASE.jar:/home/user/.m2/repository/org/springframework/spring-jcl/5.1.3.RELEASE/spring-jcl-5.1.3.RELEASE.jar:/home/user/.m2/repository/org/springframework/spring-tx/5.1.3.RELEASE/spring-tx-5.1.3.RELEASE.jar:/home/user/.m2/repository/org/apache/hadoop/hadoop-ozone-client/0.5.0-SNAPSHOT/hadoop-ozone-client-0.5.0-SNAPSHOT.jar:/home/user/.m2/repository/commons-lang/commons-lang/2.6/commons-lang-2.6.jar:/home/user/.m2/repository/org/apache/hadoop/hadoop-ozone-ozone-manager/0.5.0-SNAPSHOT/hadoop-ozone-ozone-manager-0.5.0-SNAPSHOT-tests.jar:/home/user/.m2/repository/junit/junit/4.11/junit-4.11.jar:/home/user/.m2/repository/org/hamcrest/hamcrest-core/1.3/hamcrest-core-1.3.jar:/home/user/.m2/repository/org/openjdk/jmh/jmh-core/1.19/jmh-core-1.19.jar:/home/user/.m2/repository/net/sf/jopt-simple/jopt-simple/4.6/jopt-simple-4.6.jar:/home/user/.m2/repository/org/apache/commons/commons-math3/3.1.1/commons-math3-3.1.1.jar:/home/user/.m2/repository/org/openjdk/jmh/jmh-generator-annprocess/1.19/jmh-generator-annprocess-1.19.jar:/home/user/.m2/repository/org/mockito/mockito-all/1.8.5/mockito-all-1.8.5.jar:/home/user/.m2/repository/org/apache/hadoop/hadoop-kms/3.2.0/hadoop-kms-3.2.0.jar:/home/user/.m2/repository/org/apache/hadoop/hadoop-auth/3.2.0/hadoop-auth-3.2.0.jar:/home/user/.m2/repository/com/nimbusds/nimbus-jose-jwt/4.41.1/nimbus-jose-jwt-4.41.1.jar:/home/user/.m2/repository/com/github/stephenc/jcip/jcip-annotations/1.0-1/jcip-annotations-1.0-1.jar:/home/user/.m2/repository/net/minidev/json-smart/2.3/json-smart-2.3.jar:/home/user/.m2/repository/net/minidev/accessors-smart/1.2/accessors-smart-1.2.jar:/home/user/.m2/repository/org/ow2/asm/asm/5.0.4/asm-5.0.4.jar:/home/user/.m2/repository/org/apache/curator/curator-framework/2.12.0/curator-framework-2.12.0.jar:/home/user/.m2/repository/com/sun/jersey/jersey-core/1.19/jersey-core-1.19.jar:/home/user/.m2/repository/javax/ws/rs/jsr311-api/1.1.1/jsr311-api-1.1.1.jar:/home/user/.m2/repository/com/sun/jersey/jersey-server/1.19/jersey-server-1.19.jar:/home/user/.m2/repository/javax/servlet/javax.servlet-api/3.1.0/javax.servlet-api-3.1.0.jar:/home/user/.m2/repository/org/eclipse/jetty/jetty-server/9.3.24.v20180605/jetty-server-9.3.24.v20180605.jar:/home/user/.m2/repository/org/eclipse/jetty/jetty-http/9.3.24.v20180605/jetty-http-9.3.24.v20180605.jar:/home/user/.m2/repository/org/eclipse/jetty/jetty-io/9.3.24.v20180605/jetty-io-9.3.24.v20180605.jar:/home/user/.m2/repository/org/eclipse/jetty/jetty-webapp/9.3.24.v20180605/jetty-webapp-9.3.24.v20180605.jar:/home/user/.m2/repository/org/eclipse/jetty/jetty-xml/9.3.24.v20180605/jetty-xml-9.3.24.v20180605.jar:/home/user/.m2/repository/log4j/log4j/1.2.17/log4j-1.2.17.jar:/home/user/.m2/repository/org/slf4j/slf4j-api/1.7.25/slf4j-api-1.7.25.jar:/home/user/.m2/repository/org/slf4j/jul-to-slf4j/1.7.25/jul-to-slf4j-1.7.25.jar:/home/user/.m2/repository/org/eclipse/jetty/jetty-util/9.3.24.v20180605/jetty-util-9.3.24.v20180605.jar:/home/user/.m2/repository/com/fasterxml/jackson/core/jackson-databind/2.9.5/jackson-databind-2.9.5.jar:/home/user/.m2/repository/org/apache/hadoop/hadoop-kms/3.2.0/hadoop-kms-3.2.0-tests.jar:/home/user/.m2/repository/org/apache/hadoop/hadoop-hdds-server-scm/0.5.0-SNAPSHOT/hadoop-hdds-server-scm-0.5.0-SNAPSHOT-tests.jar:/home/user/.m2/repository/org/apache/hadoop/hadoop-hdds-container-service/0.5.0-SNAPSHOT/hadoop-hdds-container-service-0.5.0-SNAPSHOT-tests.jar:/home/user/.m2/repository/org/yaml/snakeyaml/1.16/snakeyaml-1.16.jar:/home/user/.m2/repository/org/apache/hadoop/hadoop-common/3.2.0/hadoop-common-3.2.0-tests.jar:/home/user/.m2/repository/org/apache/hadoop/hadoop-annotations/3.2.0/hadoop-annotations-3.2.0.jar:/usr/lib/jvm/java-1.8-openjdk/jre/../lib/tools.jar:/home/user/.m2/repository/commons-cli/commons-cli/1.2/commons-cli-1.2.jar:/home/user/.m2/repository/org/apache/httpcomponents/httpclient/4.5.2/httpclient-4.5.2.jar:/home/user/.m2/repository/org/apache/httpcomponents/httpcore/4.4.4/httpcore-4.4.4.jar:/home/user/.m2/repository/commons-codec/commons-codec/1.11/commons-codec-1.11.jar:/home/user/.m2/repository/commons-net/commons-net/3.6/commons-net-3.6.jar:/home/user/.m2/repository/commons-collections/commons-collections/3.2.2/commons-collections-3.2.2.jar:/home/user/.m2/repository/org/eclipse/jetty/jetty-servlet/9.3.24.v20180605/jetty-servlet-9.3.24.v20180605.jar:/home/user/.m2/repository/org/eclipse/jetty/jetty-security/9.3.24.v20180605/jetty-security-9.3.24.v20180605.jar:/home/user/.m2/repository/javax/servlet/jsp/jsp-api/2.1/jsp-api-2.1.jar:/home/user/.m2/repository/com/sun/jersey/jersey-servlet/1.19/jersey-servlet-1.19.jar:/home/user/.m2/repository/com/sun/jersey/jersey-json/1.19/jersey-json-1.19.jar:/home/user/.m2/repository/org/codehaus/jettison/jettison/1.1/jettison-1.1.jar:/home/user/.m2/repository/org/codehaus/jackson/jackson-core-asl/1.9.13/jackson-core-asl-1.9.13.jar:/home/user/.m2/repository/org/codehaus/jackson/jackson-mapper-asl/1.9.13/jackson-mapper-asl-1.9.13.jar:/home/user/.m2/repository/org/codehaus/jackson/jackson-jaxrs/1.9.13/jackson-jaxrs-1.9.13.jar:/home/user/.m2/repository/org/codehaus/jackson/jackson-xc/1.9.13/jackson-xc-1.9.13.jar:/home/user/.m2/repository/commons-logging/commons-logging/1.1.3/commons-logging-1.1.3.jar:/home/user/.m2/repository/commons-beanutils/commons-beanutils/1.9.3/commons-beanutils-1.9.3.jar:/home/user/.m2/repository/org/apache/commons/commons-configuration2/2.1.1/commons-configuration2-2.1.1.jar:/home/user/.m2/repository/org/apache/commons/commons-lang3/3.7/commons-lang3-3.7.jar:/home/user/.m2/repository/org/apache/commons/commons-text/1.4/commons-text-1.4.jar:/home/user/.m2/repository/org/apache/avro/avro/1.7.7/avro-1.7.7.jar:/home/user/.m2/repository/com/thoughtworks/paranamer/paranamer/2.3/paranamer-2.3.jar:/home/user/.m2/repository/org/xerial/snappy/snappy-java/1.0.5/snappy-java-1.0.5.jar:/home/user/.m2/repository/com/google/re2j/re2j/1.1/re2j-1.1.jar:/home/user/.m2/repository/com/google/code/gson/gson/2.2.4/gson-2.2.4.jar:/home/user/.m2/repository/com/jcraft/jsch/0.1.54/jsch-0.1.54.jar:/home/user/.m2/repository/org/apache/curator/curator-client/2.12.0/curator-client-2.12.0.jar:/home/user/.m2/repository/org/apache/curator/curator-recipes/2.12.0/curator-recipes-2.12.0.jar:/home/user/.m2/repository/com/google/code/findbugs/jsr305/3.0.0/jsr305-3.0.0.jar:/home/user/.m2/repository/org/apache/htrace/htrace-core4/4.1.0-incubating/htrace-core4-4.1.0-incubating.jar:/home/user/.m2/repository/org/apache/zookeeper/zookeeper/3.4.13/zookeeper-3.4.13.jar:/home/user/.m2/repository/org/apache/yetus/audience-annotations/0.5.0/audience-annotations-0.5.0.jar:/home/user/.m2/repository/org/codehaus/woodstox/stax2-api/3.1.4/stax2-api-3.1.4.jar:/home/user/.m2/repository/com/fasterxml/woodstox/woodstox-core/5.0.3/woodstox-core-5.0.3.jar:/home/user/.m2/repository/dnsjava/dnsjava/2.1.7/dnsjava-2.1.7.jar:/home/user/.m2/repository/org/apache/hadoop/hadoop-hdfs/3.2.0/hadoop-hdfs-3.2.0-tests.jar:/home/user/.m2/repository/org/eclipse/jetty/jetty-util-ajax/9.3.24.v20180605/jetty-util-ajax-9.3.24.v20180605.jar:/home/user/.m2/repository/commons-daemon/commons-daemon/1.0.13/commons-daemon-1.0.13.jar:/home/user/.m2/repository/io/netty/netty/3.10.5.Final/netty-3.10.5.Final.jar:/home/user/.m2/repository/io/netty/netty-all/4.0.52.Final/netty-all-4.0.52.Final.jar:/home/user/.m2/repository/org/fusesource/leveldbjni/leveldbjni-all/1.8/leveldbjni-all-1.8.jar:"/>
    <property name="sun.cpu.endian" value="little"/>
    <property name="user.home" value="/home/user"/>
    <property name="user.language" value="en"/>
    <property name="java.specification.vendor" value="Oracle Corporation"/>
    <property name="java.home" value="/usr/lib/jvm/java-1.8-openjdk/jre"/>
    <property name="java.security.krb5.conf" value="/workdir/hadoop-ozone/integration-test/target/test-classes/krb5.conf"/>
    <property name="basedir" value="/workdir/hadoop-ozone/integration-test"/>
    <property name="file.separator" value="/"/>
    <property name="line.separator" value="&#10;"/>
    <property name="java.vm.specification.vendor" value="Oracle Corporation"/>
    <property name="java.specification.name" value="Java Platform API Specification"/>
    <property name="java.awt.graphicsenv" value="sun.awt.X11GraphicsEnvironment"/>
    <property name="surefire.real.class.path" value="/workdir/hadoop-ozone/integration-test/target/surefire/surefirebooter5615152404549138772.jar"/>
    <property name="hadoop.log.dir" value="/workdir/hadoop-ozone/integration-test/target/log"/>
    <property name="sun.boot.class.path" value="/usr/lib/jvm/java-1.8-openjdk/jre/lib/resources.jar:/usr/lib/jvm/java-1.8-openjdk/jre/lib/rt.jar:/usr/lib/jvm/java-1.8-openjdk/jre/lib/sunrsasign.jar:/usr/lib/jvm/java-1.8-openjdk/jre/lib/jsse.jar:/usr/lib/jvm/java-1.8-openjdk/jre/lib/jce.jar:/usr/lib/jvm/java-1.8-openjdk/jre/lib/charsets.jar:/usr/lib/jvm/java-1.8-openjdk/jre/lib/jfr.jar:/usr/lib/jvm/java-1.8-openjdk/jre/classes"/>
    <property name="sun.management.compiler" value="HotSpot 64-Bit Tiered Compilers"/>
    <property name="java.runtime.version" value="1.8.0_212-b04"/>
    <property name="java.net.preferIPv4Stack" value="true"/>
    <property name="user.name" value="jenkins1000"/>
    <property name="path.separator" value=":"/>
    <property name="java.security.egd" value="file:///dev/urandom"/>
    <property name="os.version" value="3.10.0-957.12.2.el7.x86_64"/>
    <property name="java.endorsed.dirs" value="/usr/lib/jvm/java-1.8-openjdk/jre/lib/endorsed"/>
    <property name="java.runtime.name" value="OpenJDK Runtime Environment"/>
    <property name="file.encoding" value="UTF-8"/>
    <property name="java.vm.name" value="OpenJDK 64-Bit Server VM"/>
    <property name="test.build.webapps" value=""/>
    <property name="localRepository" value="/home/user/.m2/repository"/>
    <property name="java.vendor.url.bug" value="https://icedtea.classpath.org/bugzilla"/>
    <property name="java.io.tmpdir" value="/tmp"/>
    <property name="require.test.libhadoop" value=""/>
    <property name="java.version" value="1.8.0_212"/>
    <property name="user.dir" value="/workdir/hadoop-ozone/integration-test"/>
    <property name="os.arch" value="amd64"/>
    <property name="java.vm.specification.name" value="Java Virtual Machine Specification"/>
    <property name="test.build.classes" value="/workdir/hadoop-ozone/integration-test/target/test-classes"/>
    <property name="java.awt.printerjob" value="sun.print.PSPrinterJob"/>
    <property name="sun.os.patch.level" value="unknown"/>
    <property name="hadoop.tmp.dir" value="/workdir/hadoop-ozone/integration-test/target/tmp"/>
    <property name="java.library.path" value="/usr/lib/jvm/java-1.8-openjdk/jre/lib/amd64/server:/usr/lib/jvm/java-1.8-openjdk/jre/lib/amd64:/usr/lib/jvm/java-1.8-openjdk/jre/../lib/amd64:/workdir/hadoop-ozone/integration-test/target/native/target/usr/local/lib:/workdir/hadoop-ozone/integration-test/../../hadoop-common-project/hadoop-common/target/native/target/usr/local/lib:/usr/java/packages/lib/amd64:/usr/lib64:/lib64:/lib:/usr/lib"/>
    <property name="java.vm.info" value="mixed mode"/>
    <property name="java.vendor" value="IcedTea"/>
    <property name="java.vm.version" value="25.212-b04"/>
    <property name="java.ext.dirs" value="/usr/lib/jvm/java-1.8-openjdk/jre/lib/ext:/usr/java/packages/lib/ext"/>
    <property name="sun.io.unicode.encoding" value="UnicodeLittle"/>
    <property name="java.class.version" value="52.0"/>
  </properties>
  <testcase name="testFlushChunk" classname="org.apache.hadoop.ozone.client.rpc.TestBlockOutputStream" time="5.301"/>
  <testcase name="testMultiChunkWrite2" classname="org.apache.hadoop.ozone.client.rpc.TestBlockOutputStream" time="0.366"/>
  <testcase name="testMultiChunkWrite" classname="org.apache.hadoop.ozone.client.rpc.TestBlockOutputStream" time="192.453">
    <failure message="expected:&lt;7&gt; but was:&lt;9&gt;" type="java.lang.AssertionError"><![CDATA[java.lang.AssertionError: expected:<7> but was:<9>
	at org.junit.Assert.fail(Assert.java:88)
	at org.junit.Assert.failNotEquals(Assert.java:743)
	at org.junit.Assert.assertEquals(Assert.java:118)
	at org.junit.Assert.assertEquals(Assert.java:555)
	at org.junit.Assert.assertEquals(Assert.java:542)
	at org.apache.hadoop.ozone.client.rpc.TestBlockOutputStream.testMultiChunkWrite(TestBlockOutputStream.java:364)
	at sun.reflect.NativeMethodAccessorImpl.invoke0(Native Method)
	at sun.reflect.NativeMethodAccessorImpl.invoke(NativeMethodAccessorImpl.java:62)
	at sun.reflect.DelegatingMethodAccessorImpl.invoke(DelegatingMethodAccessorImpl.java:43)
	at java.lang.reflect.Method.invoke(Method.java:498)
	at org.junit.runners.model.FrameworkMethod$1.runReflectiveCall(FrameworkMethod.java:47)
	at org.junit.internal.runners.model.ReflectiveCallable.run(ReflectiveCallable.java:12)
	at org.junit.runners.model.FrameworkMethod.invokeExplosively(FrameworkMethod.java:44)
	at org.junit.internal.runners.statements.InvokeMethod.evaluate(InvokeMethod.java:17)
	at org.junit.runners.ParentRunner.runLeaf(ParentRunner.java:271)
	at org.junit.runners.BlockJUnit4ClassRunner.runChild(BlockJUnit4ClassRunner.java:70)
	at org.junit.runners.BlockJUnit4ClassRunner.runChild(BlockJUnit4ClassRunner.java:50)
	at org.junit.runners.ParentRunner$3.run(ParentRunner.java:238)
	at org.junit.runners.ParentRunner$1.schedule(ParentRunner.java:63)
	at org.junit.runners.ParentRunner.runChildren(ParentRunner.java:236)
	at org.junit.runners.ParentRunner.access$000(ParentRunner.java:53)
	at org.junit.runners.ParentRunner$2.evaluate(ParentRunner.java:229)
	at org.junit.internal.runners.statements.RunBefores.evaluate(RunBefores.java:26)
	at org.junit.internal.runners.statements.RunAfters.evaluate(RunAfters.java:27)
	at org.junit.runners.ParentRunner.run(ParentRunner.java:309)
	at org.apache.maven.surefire.junit4.JUnit4Provider.execute(JUnit4Provider.java:365)
	at org.apache.maven.surefire.junit4.JUnit4Provider.executeWithRerun(JUnit4Provider.java:273)
	at org.apache.maven.surefire.junit4.JUnit4Provider.executeTestSet(JUnit4Provider.java:238)
	at org.apache.maven.surefire.junit4.JUnit4Provider.invoke(JUnit4Provider.java:159)
	at org.apache.maven.surefire.booter.ForkedBooter.invokeProviderInSameClassLoader(ForkedBooter.java:384)
	at org.apache.maven.surefire.booter.ForkedBooter.runSuitesInProcess(ForkedBooter.java:345)
	at org.apache.maven.surefire.booter.ForkedBooter.execute(ForkedBooter.java:126)
	at org.apache.maven.surefire.booter.ForkedBooter.main(ForkedBooter.java:418)
]]></failure>
    <system-out><![CDATA[2019-09-11 06:28:06,887 [java.util.concurrent.ThreadPoolExecutor$Worker@6828608c[State = -1, empty queue]] WARN  server.GrpcLogAppender (GrpcLogAppender.java:timeoutAppendRequest(200)) - fbfdc5e7-35fe-4dec-93a8-24c91dabe6d4@group-CAB34B64531B->b3ae6e77-09f2-43a9-bb74-0baf269e9625-GrpcLogAppender: appendEntries Timeout, request=fbfdc5e7-35fe-4dec-93a8-24c91dabe6d4->b3ae6e77-09f2-43a9-bb74-0baf269e9625#8-t1, previous=(t:1, i:6), leaderCommit=6, initializing? false, entries: size=1, first=(t:1, i:7), STATEMACHINELOGENTRY, client-DDC0476EEFF3, cid=21
2019-09-11 06:28:06,887 [java.util.concurrent.ThreadPoolExecutor$Worker@c8b29ab[State = -1, empty queue]] WARN  server.GrpcLogAppender (GrpcLogAppender.java:timeoutAppendRequest(200)) - fbfdc5e7-35fe-4dec-93a8-24c91dabe6d4@group-CAB34B64531B->16d0fe26-9857-4477-8b2c-205100b6d095-GrpcLogAppender: appendEntries Timeout, request=fbfdc5e7-35fe-4dec-93a8-24c91dabe6d4->16d0fe26-9857-4477-8b2c-205100b6d095#8-t1, previous=(t:1, i:6), leaderCommit=6, initializing? false, entries: size=1, first=(t:1, i:7), STATEMACHINELOGENTRY, client-DDC0476EEFF3, cid=21
2019-09-11 06:28:06,890 [java.util.concurrent.ThreadPoolExecutor$Worker@6828608c[State = -1, empty queue]] WARN  server.GrpcLogAppender (GrpcLogAppender.java:timeoutAppendRequest(200)) - fbfdc5e7-35fe-4dec-93a8-24c91dabe6d4@group-CAB34B64531B->b3ae6e77-09f2-43a9-bb74-0baf269e9625-GrpcLogAppender: appendEntries Timeout, request=fbfdc5e7-35fe-4dec-93a8-24c91dabe6d4->b3ae6e77-09f2-43a9-bb74-0baf269e9625#9-t1, previous=(t:1, i:7), leaderCommit=6, initializing? false, entries: size=1, first=(t:1, i:8), STATEMACHINELOGENTRY, client-DDC0476EEFF3, cid=22
2019-09-11 06:28:06,891 [java.util.concurrent.ThreadPoolExecutor$Worker@c8b29ab[State = -1, empty queue]] WARN  server.GrpcLogAppender (GrpcLogAppender.java:timeoutAppendRequest(200)) - fbfdc5e7-35fe-4dec-93a8-24c91dabe6d4@group-CAB34B64531B->16d0fe26-9857-4477-8b2c-205100b6d095-GrpcLogAppender: appendEntries Timeout, request=fbfdc5e7-35fe-4dec-93a8-24c91dabe6d4->16d0fe26-9857-4477-8b2c-205100b6d095#9-t1, previous=(t:1, i:7), leaderCommit=6, initializing? false, entries: size=1, first=(t:1, i:8), STATEMACHINELOGENTRY, client-DDC0476EEFF3, cid=22
2019-09-11 06:28:06,893 [java.util.concurrent.ThreadPoolExecutor$Worker@6828608c[State = -1, empty queue]] WARN  server.GrpcLogAppender (GrpcLogAppender.java:timeoutAppendRequest(200)) - fbfdc5e7-35fe-4dec-93a8-24c91dabe6d4@group-CAB34B64531B->b3ae6e77-09f2-43a9-bb74-0baf269e9625-GrpcLogAppender: appendEntries Timeout, request=fbfdc5e7-35fe-4dec-93a8-24c91dabe6d4->b3ae6e77-09f2-43a9-bb74-0baf269e9625#10-t1, previous=(t:1, i:8), leaderCommit=6, initializing? false, entries: size=1, first=(t:1, i:9), STATEMACHINELOGENTRY, client-DDC0476EEFF3, cid=23
2019-09-11 06:28:06,894 [java.util.concurrent.ThreadPoolExecutor$Worker@c8b29ab[State = -1, empty queue]] WARN  server.GrpcLogAppender (GrpcLogAppender.java:timeoutAppendRequest(200)) - fbfdc5e7-35fe-4dec-93a8-24c91dabe6d4@group-CAB34B64531B->16d0fe26-9857-4477-8b2c-205100b6d095-GrpcLogAppender: appendEntries Timeout, request=fbfdc5e7-35fe-4dec-93a8-24c91dabe6d4->16d0fe26-9857-4477-8b2c-205100b6d095#10-t1, previous=(t:1, i:8), leaderCommit=6, initializing? false, entries: size=1, first=(t:1, i:9), STATEMACHINELOGENTRY, client-DDC0476EEFF3, cid=23
2019-09-11 06:28:08,961 [grpc-default-executor-2] INFO  client.GrpcClientProtocolClient (GrpcClientProtocolClient.java:onNext(264)) - client-DDC0476EEFF3->b3ae6e77-09f2-43a9-bb74-0baf269e9625: receive RaftClientReply:client-DDC0476EEFF3->b3ae6e77-09f2-43a9-bb74-0baf269e9625@group-CAB34B64531B, cid=21, FAILED org.apache.ratis.protocol.NotLeaderException: Server b3ae6e77-09f2-43a9-bb74-0baf269e9625@group-CAB34B64531B is not the leader fbfdc5e7-35fe-4dec-93a8-24c91dabe6d4:192.168.36.125:35103, logIndex=0, commits[b3ae6e77-09f2-43a9-bb74-0baf269e9625:c6, 16d0fe26-9857-4477-8b2c-205100b6d095:c4, fbfdc5e7-35fe-4dec-93a8-24c91dabe6d4:c6]
2019-09-11 06:28:09,388 [java.util.concurrent.ThreadPoolExecutor$Worker@6828608c[State = -1, empty queue]] WARN  server.GrpcLogAppender (GrpcLogAppender.java:timeoutAppendRequest(200)) - fbfdc5e7-35fe-4dec-93a8-24c91dabe6d4@group-CAB34B64531B->b3ae6e77-09f2-43a9-bb74-0baf269e9625-GrpcLogAppender: appendEntries Timeout, request=fbfdc5e7-35fe-4dec-93a8-24c91dabe6d4->b3ae6e77-09f2-43a9-bb74-0baf269e9625#11-t1, previous=(t:1, i:9), leaderCommit=6, initializing? false, entries: <empty>
2019-09-11 06:28:09,388 [java.util.concurrent.ThreadPoolExecutor$Worker@c8b29ab[State = -1, empty queue]] WARN  server.GrpcLogAppender (GrpcLogAppender.java:timeoutAppendRequest(200)) - fbfdc5e7-35fe-4dec-93a8-24c91dabe6d4@group-CAB34B64531B->16d0fe26-9857-4477-8b2c-205100b6d095-GrpcLogAppender: appendEntries Timeout, request=fbfdc5e7-35fe-4dec-93a8-24c91dabe6d4->16d0fe26-9857-4477-8b2c-205100b6d095#11-t1, previous=(t:1, i:9), leaderCommit=6, initializing? false, entries: <empty>
2019-09-11 06:28:11,889 [java.util.concurrent.ThreadPoolExecutor$Worker@6828608c[State = -1, empty queue]] WARN  server.GrpcLogAppender (GrpcLogAppender.java:timeoutAppendRequest(200)) - fbfdc5e7-35fe-4dec-93a8-24c91dabe6d4@group-CAB34B64531B->b3ae6e77-09f2-43a9-bb74-0baf269e9625-GrpcLogAppender: appendEntries Timeout, request=fbfdc5e7-35fe-4dec-93a8-24c91dabe6d4->b3ae6e77-09f2-43a9-bb74-0baf269e9625#12-t1, previous=(t:1, i:9), leaderCommit=6, initializing? false, entries: <empty>
2019-09-11 06:28:11,889 [java.util.concurrent.ThreadPoolExecutor$Worker@c8b29ab[State = -1, empty queue]] WARN  server.GrpcLogAppender (GrpcLogAppender.java:timeoutAppendRequest(200)) - fbfdc5e7-35fe-4dec-93a8-24c91dabe6d4@group-CAB34B64531B->16d0fe26-9857-4477-8b2c-205100b6d095-GrpcLogAppender: appendEntries Timeout, request=fbfdc5e7-35fe-4dec-93a8-24c91dabe6d4->16d0fe26-9857-4477-8b2c-205100b6d095#12-t1, previous=(t:1, i:9), leaderCommit=6, initializing? false, entries: <empty>
2019-09-11 06:28:13,972 [16d0fe26-9857-4477-8b2c-205100b6d095@group-CAB34B64531B-SegmentedRaftLogWorker] WARN  segmented.SegmentedRaftLogWorker (SegmentedRaftLogWorker.java:getFromFuture(90)) - Timeout 0/~
org.apache.ratis.protocol.TimeoutIOException: Timeout 10s: WriteLog:8: (t:1, i:8), STATEMACHINELOGENTRY, client-DDC0476EEFF3, cid=22-writeStateMachineData
	at org.apache.ratis.util.IOUtils.getFromFuture(IOUtils.java:87)
	at org.apache.ratis.server.raftlog.segmented.SegmentedRaftLogWorker$StateMachineDataPolicy.getFromFuture(SegmentedRaftLogWorker.java:87)
	at org.apache.ratis.server.raftlog.segmented.SegmentedRaftLogWorker$WriteLog.execute(SegmentedRaftLogWorker.java:477)
	at org.apache.ratis.server.raftlog.segmented.SegmentedRaftLogWorker.run(SegmentedRaftLogWorker.java:289)
	at java.lang.Thread.run(Thread.java:748)
Caused by: java.util.concurrent.TimeoutException
	at java.util.concurrent.CompletableFuture.timedGet(CompletableFuture.java:1771)
	at java.util.concurrent.CompletableFuture.get(CompletableFuture.java:1915)
	at org.apache.ratis.util.IOUtils.getFromFuture(IOUtils.java:79)
	... 4 more
2019-09-11 06:28:13,972 [fbfdc5e7-35fe-4dec-93a8-24c91dabe6d4@group-CAB34B64531B-SegmentedRaftLogWorker] WARN  segmented.SegmentedRaftLogWorker (SegmentedRaftLogWorker.java:getFromFuture(90)) - Timeout 0/~
org.apache.ratis.protocol.TimeoutIOException: Timeout 10s: WriteLog:8: (t:1, i:8), STATEMACHINELOGENTRY, client-DDC0476EEFF3, cid=22-writeStateMachineData
	at org.apache.ratis.util.IOUtils.getFromFuture(IOUtils.java:87)
	at org.apache.ratis.server.raftlog.segmented.SegmentedRaftLogWorker$StateMachineDataPolicy.getFromFuture(SegmentedRaftLogWorker.java:87)
	at org.apache.ratis.server.raftlog.segmented.SegmentedRaftLogWorker$WriteLog.execute(SegmentedRaftLogWorker.java:477)
	at org.apache.ratis.server.raftlog.segmented.SegmentedRaftLogWorker.run(SegmentedRaftLogWorker.java:289)
	at java.lang.Thread.run(Thread.java:748)
Caused by: java.util.concurrent.TimeoutException
	at java.util.concurrent.CompletableFuture.timedGet(CompletableFuture.java:1771)
	at java.util.concurrent.CompletableFuture.get(CompletableFuture.java:1915)
	at org.apache.ratis.util.IOUtils.getFromFuture(IOUtils.java:79)
	... 4 more
2019-09-11 06:28:13,972 [b3ae6e77-09f2-43a9-bb74-0baf269e9625@group-CAB34B64531B-SegmentedRaftLogWorker] WARN  segmented.SegmentedRaftLogWorker (SegmentedRaftLogWorker.java:getFromFuture(90)) - Timeout 0/~
org.apache.ratis.protocol.TimeoutIOException: Timeout 10s: WriteLog:8: (t:1, i:8), STATEMACHINELOGENTRY, client-DDC0476EEFF3, cid=22-writeStateMachineData
	at org.apache.ratis.util.IOUtils.getFromFuture(IOUtils.java:87)
	at org.apache.ratis.server.raftlog.segmented.SegmentedRaftLogWorker$StateMachineDataPolicy.getFromFuture(SegmentedRaftLogWorker.java:87)
	at org.apache.ratis.server.raftlog.segmented.SegmentedRaftLogWorker$WriteLog.execute(SegmentedRaftLogWorker.java:477)
	at org.apache.ratis.server.raftlog.segmented.SegmentedRaftLogWorker.run(SegmentedRaftLogWorker.java:289)
	at java.lang.Thread.run(Thread.java:748)
Caused by: java.util.concurrent.TimeoutException
	at java.util.concurrent.CompletableFuture.timedGet(CompletableFuture.java:1771)
	at java.util.concurrent.CompletableFuture.get(CompletableFuture.java:1915)
	at org.apache.ratis.util.IOUtils.getFromFuture(IOUtils.java:79)
	... 4 more
2019-09-11 06:28:14,025 [grpc-default-executor-2] INFO  client.GrpcClientProtocolClient (GrpcClientProtocolClient.java:onNext(264)) - client-DDC0476EEFF3->b3ae6e77-09f2-43a9-bb74-0baf269e9625: receive RaftClientReply:client-DDC0476EEFF3->b3ae6e77-09f2-43a9-bb74-0baf269e9625@group-CAB34B64531B, cid=21, FAILED org.apache.ratis.protocol.NotLeaderException: Server b3ae6e77-09f2-43a9-bb74-0baf269e9625@group-CAB34B64531B is not the leader fbfdc5e7-35fe-4dec-93a8-24c91dabe6d4:192.168.36.125:35103, logIndex=0, commits[b3ae6e77-09f2-43a9-bb74-0baf269e9625:c6, 16d0fe26-9857-4477-8b2c-205100b6d095:c4, fbfdc5e7-35fe-4dec-93a8-24c91dabe6d4:c6]
2019-09-11 06:28:14,390 [java.util.concurrent.ThreadPoolExecutor$Worker@6828608c[State = -1, empty queue]] WARN  server.GrpcLogAppender (GrpcLogAppender.java:timeoutAppendRequest(200)) - fbfdc5e7-35fe-4dec-93a8-24c91dabe6d4@group-CAB34B64531B->b3ae6e77-09f2-43a9-bb74-0baf269e9625-GrpcLogAppender: appendEntries Timeout, request=fbfdc5e7-35fe-4dec-93a8-24c91dabe6d4->b3ae6e77-09f2-43a9-bb74-0baf269e9625#13-t1, previous=(t:1, i:9), leaderCommit=6, initializing? false, entries: <empty>
2019-09-11 06:28:14,390 [java.util.concurrent.ThreadPoolExecutor$Worker@c8b29ab[State = -1, empty queue]] WARN  server.GrpcLogAppender (GrpcLogAppender.java:timeoutAppendRequest(200)) - fbfdc5e7-35fe-4dec-93a8-24c91dabe6d4@group-CAB34B64531B->16d0fe26-9857-4477-8b2c-205100b6d095-GrpcLogAppender: appendEntries Timeout, request=fbfdc5e7-35fe-4dec-93a8-24c91dabe6d4->16d0fe26-9857-4477-8b2c-205100b6d095#13-t1, previous=(t:1, i:9), leaderCommit=6, initializing? false, entries: <empty>
2019-09-11 06:28:16,891 [java.util.concurrent.ThreadPoolExecutor$Worker@6828608c[State = -1, empty queue]] WARN  server.GrpcLogAppender (GrpcLogAppender.java:timeoutAppendRequest(200)) - fbfdc5e7-35fe-4dec-93a8-24c91dabe6d4@group-CAB34B64531B->b3ae6e77-09f2-43a9-bb74-0baf269e9625-GrpcLogAppender: appendEntries Timeout, request=fbfdc5e7-35fe-4dec-93a8-24c91dabe6d4->b3ae6e77-09f2-43a9-bb74-0baf269e9625#14-t1, previous=(t:1, i:9), leaderCommit=6, initializing? false, entries: <empty>
2019-09-11 06:28:16,891 [java.util.concurrent.ThreadPoolExecutor$Worker@c8b29ab[State = -1, empty queue]] WARN  server.GrpcLogAppender (GrpcLogAppender.java:timeoutAppendRequest(200)) - fbfdc5e7-35fe-4dec-93a8-24c91dabe6d4@group-CAB34B64531B->16d0fe26-9857-4477-8b2c-205100b6d095-GrpcLogAppender: appendEntries Timeout, request=fbfdc5e7-35fe-4dec-93a8-24c91dabe6d4->16d0fe26-9857-4477-8b2c-205100b6d095#14-t1, previous=(t:1, i:9), leaderCommit=6, initializing? false, entries: <empty>
2019-09-11 06:28:19,084 [grpc-default-executor-5] INFO  client.GrpcClientProtocolClient (GrpcClientProtocolClient.java:onNext(264)) - client-DDC0476EEFF3->b3ae6e77-09f2-43a9-bb74-0baf269e9625: receive RaftClientReply:client-DDC0476EEFF3->b3ae6e77-09f2-43a9-bb74-0baf269e9625@group-CAB34B64531B, cid=21, FAILED org.apache.ratis.protocol.NotLeaderException: Server b3ae6e77-09f2-43a9-bb74-0baf269e9625@group-CAB34B64531B is not the leader fbfdc5e7-35fe-4dec-93a8-24c91dabe6d4:192.168.36.125:35103, logIndex=0, commits[b3ae6e77-09f2-43a9-bb74-0baf269e9625:c6, 16d0fe26-9857-4477-8b2c-205100b6d095:c4, fbfdc5e7-35fe-4dec-93a8-24c91dabe6d4:c6]
2019-09-11 06:28:19,392 [java.util.concurrent.ThreadPoolExecutor$Worker@c8b29ab[State = -1, empty queue]] WARN  server.GrpcLogAppender (GrpcLogAppender.java:timeoutAppendRequest(200)) - fbfdc5e7-35fe-4dec-93a8-24c91dabe6d4@group-CAB34B64531B->16d0fe26-9857-4477-8b2c-205100b6d095-GrpcLogAppender: appendEntries Timeout, request=fbfdc5e7-35fe-4dec-93a8-24c91dabe6d4->16d0fe26-9857-4477-8b2c-205100b6d095#15-t1, previous=(t:1, i:9), leaderCommit=6, initializing? false, entries: <empty>
2019-09-11 06:28:19,392 [java.util.concurrent.ThreadPoolExecutor$Worker@6828608c[State = -1, empty queue]] WARN  server.GrpcLogAppender (GrpcLogAppender.java:timeoutAppendRequest(200)) - fbfdc5e7-35fe-4dec-93a8-24c91dabe6d4@group-CAB34B64531B->b3ae6e77-09f2-43a9-bb74-0baf269e9625-GrpcLogAppender: appendEntries Timeout, request=fbfdc5e7-35fe-4dec-93a8-24c91dabe6d4->b3ae6e77-09f2-43a9-bb74-0baf269e9625#15-t1, previous=(t:1, i:9), leaderCommit=6, initializing? false, entries: <empty>
2019-09-11 06:28:21,892 [java.util.concurrent.ThreadPoolExecutor$Worker@6828608c[State = -1, empty queue]] WARN  server.GrpcLogAppender (GrpcLogAppender.java:timeoutAppendRequest(200)) - fbfdc5e7-35fe-4dec-93a8-24c91dabe6d4@group-CAB34B64531B->b3ae6e77-09f2-43a9-bb74-0baf269e9625-GrpcLogAppender: appendEntries Timeout, request=fbfdc5e7-35fe-4dec-93a8-24c91dabe6d4->b3ae6e77-09f2-43a9-bb74-0baf269e9625#16-t1, previous=(t:1, i:9), leaderCommit=6, initializing? false, entries: <empty>
2019-09-11 06:28:21,892 [java.util.concurrent.ThreadPoolExecutor$Worker@c8b29ab[State = -1, empty queue]] WARN  server.GrpcLogAppender (GrpcLogAppender.java:timeoutAppendRequest(200)) - fbfdc5e7-35fe-4dec-93a8-24c91dabe6d4@group-CAB34B64531B->16d0fe26-9857-4477-8b2c-205100b6d095-GrpcLogAppender: appendEntries Timeout, request=fbfdc5e7-35fe-4dec-93a8-24c91dabe6d4->16d0fe26-9857-4477-8b2c-205100b6d095#16-t1, previous=(t:1, i:9), leaderCommit=6, initializing? false, entries: <empty>
2019-09-11 06:28:23,974 [16d0fe26-9857-4477-8b2c-205100b6d095@group-CAB34B64531B-SegmentedRaftLogWorker] WARN  segmented.SegmentedRaftLogWorker (SegmentedRaftLogWorker.java:getFromFuture(90)) - Timeout 1/~
org.apache.ratis.protocol.TimeoutIOException: Timeout 10s: WriteLog:8: (t:1, i:8), STATEMACHINELOGENTRY, client-DDC0476EEFF3, cid=22-writeStateMachineData
	at org.apache.ratis.util.IOUtils.getFromFuture(IOUtils.java:87)
	at org.apache.ratis.server.raftlog.segmented.SegmentedRaftLogWorker$StateMachineDataPolicy.getFromFuture(SegmentedRaftLogWorker.java:87)
	at org.apache.ratis.server.raftlog.segmented.SegmentedRaftLogWorker$WriteLog.execute(SegmentedRaftLogWorker.java:477)
	at org.apache.ratis.server.raftlog.segmented.SegmentedRaftLogWorker.run(SegmentedRaftLogWorker.java:289)
	at java.lang.Thread.run(Thread.java:748)
Caused by: java.util.concurrent.TimeoutException
	at java.util.concurrent.CompletableFuture.timedGet(CompletableFuture.java:1771)
	at java.util.concurrent.CompletableFuture.get(CompletableFuture.java:1915)
	at org.apache.ratis.util.IOUtils.getFromFuture(IOUtils.java:79)
	... 4 more
2019-09-11 06:28:23,974 [fbfdc5e7-35fe-4dec-93a8-24c91dabe6d4@group-CAB34B64531B-SegmentedRaftLogWorker] WARN  segmented.SegmentedRaftLogWorker (SegmentedRaftLogWorker.java:getFromFuture(90)) - Timeout 1/~
org.apache.ratis.protocol.TimeoutIOException: Timeout 10s: WriteLog:8: (t:1, i:8), STATEMACHINELOGENTRY, client-DDC0476EEFF3, cid=22-writeStateMachineData
	at org.apache.ratis.util.IOUtils.getFromFuture(IOUtils.java:87)
	at org.apache.ratis.server.raftlog.segmented.SegmentedRaftLogWorker$StateMachineDataPolicy.getFromFuture(SegmentedRaftLogWorker.java:87)
	at org.apache.ratis.server.raftlog.segmented.SegmentedRaftLogWorker$WriteLog.execute(SegmentedRaftLogWorker.java:477)
	at org.apache.ratis.server.raftlog.segmented.SegmentedRaftLogWorker.run(SegmentedRaftLogWorker.java:289)
	at java.lang.Thread.run(Thread.java:748)
Caused by: java.util.concurrent.TimeoutException
	at java.util.concurrent.CompletableFuture.timedGet(CompletableFuture.java:1771)
	at java.util.concurrent.CompletableFuture.get(CompletableFuture.java:1915)
	at org.apache.ratis.util.IOUtils.getFromFuture(IOUtils.java:79)
	... 4 more
2019-09-11 06:28:23,975 [b3ae6e77-09f2-43a9-bb74-0baf269e9625@group-CAB34B64531B-SegmentedRaftLogWorker] WARN  segmented.SegmentedRaftLogWorker (SegmentedRaftLogWorker.java:getFromFuture(90)) - Timeout 1/~
org.apache.ratis.protocol.TimeoutIOException: Timeout 10s: WriteLog:8: (t:1, i:8), STATEMACHINELOGENTRY, client-DDC0476EEFF3, cid=22-writeStateMachineData
	at org.apache.ratis.util.IOUtils.getFromFuture(IOUtils.java:87)
	at org.apache.ratis.server.raftlog.segmented.SegmentedRaftLogWorker$StateMachineDataPolicy.getFromFuture(SegmentedRaftLogWorker.java:87)
	at org.apache.ratis.server.raftlog.segmented.SegmentedRaftLogWorker$WriteLog.execute(SegmentedRaftLogWorker.java:477)
	at org.apache.ratis.server.raftlog.segmented.SegmentedRaftLogWorker.run(SegmentedRaftLogWorker.java:289)
	at java.lang.Thread.run(Thread.java:748)
Caused by: java.util.concurrent.TimeoutException
	at java.util.concurrent.CompletableFuture.timedGet(CompletableFuture.java:1771)
	at java.util.concurrent.CompletableFuture.get(CompletableFuture.java:1915)
	at org.apache.ratis.util.IOUtils.getFromFuture(IOUtils.java:79)
	... 4 more
2019-09-11 06:28:24,133 [grpc-default-executor-6] INFO  client.GrpcClientProtocolClient (GrpcClientProtocolClient.java:onNext(264)) - client-DDC0476EEFF3->16d0fe26-9857-4477-8b2c-205100b6d095: receive RaftClientReply:client-DDC0476EEFF3->16d0fe26-9857-4477-8b2c-205100b6d095@group-CAB34B64531B, cid=21, FAILED org.apache.ratis.protocol.NotLeaderException: Server 16d0fe26-9857-4477-8b2c-205100b6d095@group-CAB34B64531B is not the leader fbfdc5e7-35fe-4dec-93a8-24c91dabe6d4:192.168.36.125:35103, logIndex=0, commits[16d0fe26-9857-4477-8b2c-205100b6d095:c6, b3ae6e77-09f2-43a9-bb74-0baf269e9625:c4, fbfdc5e7-35fe-4dec-93a8-24c91dabe6d4:c6]
2019-09-11 06:28:24,393 [java.util.concurrent.ThreadPoolExecutor$Worker@6828608c[State = -1, empty queue]] WARN  server.GrpcLogAppender (GrpcLogAppender.java:timeoutAppendRequest(200)) - fbfdc5e7-35fe-4dec-93a8-24c91dabe6d4@group-CAB34B64531B->b3ae6e77-09f2-43a9-bb74-0baf269e9625-GrpcLogAppender: appendEntries Timeout, request=fbfdc5e7-35fe-4dec-93a8-24c91dabe6d4->b3ae6e77-09f2-43a9-bb74-0baf269e9625#17-t1, previous=(t:1, i:9), leaderCommit=6, initializing? false, entries: <empty>
2019-09-11 06:28:24,393 [java.util.concurrent.ThreadPoolExecutor$Worker@c8b29ab[State = -1, empty queue]] WARN  server.GrpcLogAppender (GrpcLogAppender.java:timeoutAppendRequest(200)) - fbfdc5e7-35fe-4dec-93a8-24c91dabe6d4@group-CAB34B64531B->16d0fe26-9857-4477-8b2c-205100b6d095-GrpcLogAppender: appendEntries Timeout, request=fbfdc5e7-35fe-4dec-93a8-24c91dabe6d4->16d0fe26-9857-4477-8b2c-205100b6d095#17-t1, previous=(t:1, i:9), leaderCommit=6, initializing? false, entries: <empty>
2019-09-11 06:28:26,893 [java.util.concurrent.ThreadPoolExecutor$Worker@6828608c[State = -1, empty queue]] WARN  server.GrpcLogAppender (GrpcLogAppender.java:timeoutAppendRequest(200)) - fbfdc5e7-35fe-4dec-93a8-24c91dabe6d4@group-CAB34B64531B->b3ae6e77-09f2-43a9-bb74-0baf269e9625-GrpcLogAppender: appendEntries Timeout, request=fbfdc5e7-35fe-4dec-93a8-24c91dabe6d4->b3ae6e77-09f2-43a9-bb74-0baf269e9625#18-t1, previous=(t:1, i:9), leaderCommit=6, initializing? false, entries: <empty>
2019-09-11 06:28:26,893 [java.util.concurrent.ThreadPoolExecutor$Worker@c8b29ab[State = -1, empty queue]] WARN  server.GrpcLogAppender (GrpcLogAppender.java:timeoutAppendRequest(200)) - fbfdc5e7-35fe-4dec-93a8-24c91dabe6d4@group-CAB34B64531B->16d0fe26-9857-4477-8b2c-205100b6d095-GrpcLogAppender: appendEntries Timeout, request=fbfdc5e7-35fe-4dec-93a8-24c91dabe6d4->16d0fe26-9857-4477-8b2c-205100b6d095#18-t1, previous=(t:1, i:9), leaderCommit=6, initializing? false, entries: <empty>
2019-09-11 06:28:29,193 [grpc-default-executor-5] INFO  client.GrpcClientProtocolClient (GrpcClientProtocolClient.java:onNext(264)) - client-DDC0476EEFF3->b3ae6e77-09f2-43a9-bb74-0baf269e9625: receive RaftClientReply:client-DDC0476EEFF3->b3ae6e77-09f2-43a9-bb74-0baf269e9625@group-CAB34B64531B, cid=21, FAILED org.apache.ratis.protocol.NotLeaderException: Server b3ae6e77-09f2-43a9-bb74-0baf269e9625@group-CAB34B64531B is not the leader fbfdc5e7-35fe-4dec-93a8-24c91dabe6d4:192.168.36.125:35103, logIndex=0, commits[b3ae6e77-09f2-43a9-bb74-0baf269e9625:c6, 16d0fe26-9857-4477-8b2c-205100b6d095:c4, fbfdc5e7-35fe-4dec-93a8-24c91dabe6d4:c6]
2019-09-11 06:28:29,394 [java.util.concurrent.ThreadPoolExecutor$Worker@6828608c[State = -1, empty queue]] WARN  server.GrpcLogAppender (GrpcLogAppender.java:timeoutAppendRequest(200)) - fbfdc5e7-35fe-4dec-93a8-24c91dabe6d4@group-CAB34B64531B->b3ae6e77-09f2-43a9-bb74-0baf269e9625-GrpcLogAppender: appendEntries Timeout, request=fbfdc5e7-35fe-4dec-93a8-24c91dabe6d4->b3ae6e77-09f2-43a9-bb74-0baf269e9625#19-t1, previous=(t:1, i:9), leaderCommit=6, initializing? false, entries: <empty>
2019-09-11 06:28:29,394 [java.util.concurrent.ThreadPoolExecutor$Worker@c8b29ab[State = -1, empty queue]] WARN  server.GrpcLogAppender (GrpcLogAppender.java:timeoutAppendRequest(200)) - fbfdc5e7-35fe-4dec-93a8-24c91dabe6d4@group-CAB34B64531B->16d0fe26-9857-4477-8b2c-205100b6d095-GrpcLogAppender: appendEntries Timeout, request=fbfdc5e7-35fe-4dec-93a8-24c91dabe6d4->16d0fe26-9857-4477-8b2c-205100b6d095#19-t1, previous=(t:1, i:9), leaderCommit=6, initializing? false, entries: <empty>
2019-09-11 06:28:31,895 [java.util.concurrent.ThreadPoolExecutor$Worker@6828608c[State = -1, empty queue]] WARN  server.GrpcLogAppender (GrpcLogAppender.java:timeoutAppendRequest(200)) - fbfdc5e7-35fe-4dec-93a8-24c91dabe6d4@group-CAB34B64531B->b3ae6e77-09f2-43a9-bb74-0baf269e9625-GrpcLogAppender: appendEntries Timeout, request=fbfdc5e7-35fe-4dec-93a8-24c91dabe6d4->b3ae6e77-09f2-43a9-bb74-0baf269e9625#20-t1, previous=(t:1, i:9), leaderCommit=6, initializing? false, entries: <empty>
2019-09-11 06:28:31,896 [java.util.concurrent.ThreadPoolExecutor$Worker@c8b29ab[State = -1, empty queue]] WARN  server.GrpcLogAppender (GrpcLogAppender.java:timeoutAppendRequest(200)) - fbfdc5e7-35fe-4dec-93a8-24c91dabe6d4@group-CAB34B64531B->16d0fe26-9857-4477-8b2c-205100b6d095-GrpcLogAppender: appendEntries Timeout, request=fbfdc5e7-35fe-4dec-93a8-24c91dabe6d4->16d0fe26-9857-4477-8b2c-205100b6d095#20-t1, previous=(t:1, i:9), leaderCommit=6, initializing? false, entries: <empty>
2019-09-11 06:28:33,975 [16d0fe26-9857-4477-8b2c-205100b6d095@group-CAB34B64531B-SegmentedRaftLogWorker] WARN  segmented.SegmentedRaftLogWorker (SegmentedRaftLogWorker.java:getFromFuture(90)) - Timeout 2/~
org.apache.ratis.protocol.TimeoutIOException: Timeout 10s: WriteLog:8: (t:1, i:8), STATEMACHINELOGENTRY, client-DDC0476EEFF3, cid=22-writeStateMachineData
	at org.apache.ratis.util.IOUtils.getFromFuture(IOUtils.java:87)
	at org.apache.ratis.server.raftlog.segmented.SegmentedRaftLogWorker$StateMachineDataPolicy.getFromFuture(SegmentedRaftLogWorker.java:87)
	at org.apache.ratis.server.raftlog.segmented.SegmentedRaftLogWorker$WriteLog.execute(SegmentedRaftLogWorker.java:477)
	at org.apache.ratis.server.raftlog.segmented.SegmentedRaftLogWorker.run(SegmentedRaftLogWorker.java:289)
	at java.lang.Thread.run(Thread.java:748)
Caused by: java.util.concurrent.TimeoutException
	at java.util.concurrent.CompletableFuture.timedGet(CompletableFuture.java:1771)
	at java.util.concurrent.CompletableFuture.get(CompletableFuture.java:1915)
	at org.apache.ratis.util.IOUtils.getFromFuture(IOUtils.java:79)
	... 4 more
2019-09-11 06:28:33,976 [b3ae6e77-09f2-43a9-bb74-0baf269e9625@group-CAB34B64531B-SegmentedRaftLogWorker] WARN  segmented.SegmentedRaftLogWorker (SegmentedRaftLogWorker.java:getFromFuture(90)) - Timeout 2/~
org.apache.ratis.protocol.TimeoutIOException: Timeout 10s: WriteLog:8: (t:1, i:8), STATEMACHINELOGENTRY, client-DDC0476EEFF3, cid=22-writeStateMachineData
	at org.apache.ratis.util.IOUtils.getFromFuture(IOUtils.java:87)
	at org.apache.ratis.server.raftlog.segmented.SegmentedRaftLogWorker$StateMachineDataPolicy.getFromFuture(SegmentedRaftLogWorker.java:87)
	at org.apache.ratis.server.raftlog.segmented.SegmentedRaftLogWorker$WriteLog.execute(SegmentedRaftLogWorker.java:477)
	at org.apache.ratis.server.raftlog.segmented.SegmentedRaftLogWorker.run(SegmentedRaftLogWorker.java:289)
	at java.lang.Thread.run(Thread.java:748)
Caused by: java.util.concurrent.TimeoutException
	at java.util.concurrent.CompletableFuture.timedGet(CompletableFuture.java:1771)
	at java.util.concurrent.CompletableFuture.get(CompletableFuture.java:1915)
	at org.apache.ratis.util.IOUtils.getFromFuture(IOUtils.java:79)
	... 4 more
2019-09-11 06:28:33,975 [fbfdc5e7-35fe-4dec-93a8-24c91dabe6d4@group-CAB34B64531B-SegmentedRaftLogWorker] WARN  segmented.SegmentedRaftLogWorker (SegmentedRaftLogWorker.java:getFromFuture(90)) - Timeout 2/~
org.apache.ratis.protocol.TimeoutIOException: Timeout 10s: WriteLog:8: (t:1, i:8), STATEMACHINELOGENTRY, client-DDC0476EEFF3, cid=22-writeStateMachineData
	at org.apache.ratis.util.IOUtils.getFromFuture(IOUtils.java:87)
	at org.apache.ratis.server.raftlog.segmented.SegmentedRaftLogWorker$StateMachineDataPolicy.getFromFuture(SegmentedRaftLogWorker.java:87)
	at org.apache.ratis.server.raftlog.segmented.SegmentedRaftLogWorker$WriteLog.execute(SegmentedRaftLogWorker.java:477)
	at org.apache.ratis.server.raftlog.segmented.SegmentedRaftLogWorker.run(SegmentedRaftLogWorker.java:289)
	at java.lang.Thread.run(Thread.java:748)
Caused by: java.util.concurrent.TimeoutException
	at java.util.concurrent.CompletableFuture.timedGet(CompletableFuture.java:1771)
	at java.util.concurrent.CompletableFuture.get(CompletableFuture.java:1915)
	at org.apache.ratis.util.IOUtils.getFromFuture(IOUtils.java:79)
	... 4 more
2019-09-11 06:28:34,253 [grpc-default-executor-5] INFO  client.GrpcClientProtocolClient (GrpcClientProtocolClient.java:onNext(264)) - client-DDC0476EEFF3->16d0fe26-9857-4477-8b2c-205100b6d095: receive RaftClientReply:client-DDC0476EEFF3->16d0fe26-9857-4477-8b2c-205100b6d095@group-CAB34B64531B, cid=21, FAILED org.apache.ratis.protocol.NotLeaderException: Server 16d0fe26-9857-4477-8b2c-205100b6d095@group-CAB34B64531B is not the leader fbfdc5e7-35fe-4dec-93a8-24c91dabe6d4:192.168.36.125:35103, logIndex=0, commits[16d0fe26-9857-4477-8b2c-205100b6d095:c6, b3ae6e77-09f2-43a9-bb74-0baf269e9625:c4, fbfdc5e7-35fe-4dec-93a8-24c91dabe6d4:c6]
2019-09-11 06:28:34,397 [java.util.concurrent.ThreadPoolExecutor$Worker@6828608c[State = -1, empty queue]] WARN  server.GrpcLogAppender (GrpcLogAppender.java:timeoutAppendRequest(200)) - fbfdc5e7-35fe-4dec-93a8-24c91dabe6d4@group-CAB34B64531B->b3ae6e77-09f2-43a9-bb74-0baf269e9625-GrpcLogAppender: appendEntries Timeout, request=fbfdc5e7-35fe-4dec-93a8-24c91dabe6d4->b3ae6e77-09f2-43a9-bb74-0baf269e9625#21-t1, previous=(t:1, i:9), leaderCommit=6, initializing? false, entries: <empty>
2019-09-11 06:28:34,397 [java.util.concurrent.ThreadPoolExecutor$Worker@c8b29ab[State = -1, empty queue]] WARN  server.GrpcLogAppender (GrpcLogAppender.java:timeoutAppendRequest(200)) - fbfdc5e7-35fe-4dec-93a8-24c91dabe6d4@group-CAB34B64531B->16d0fe26-9857-4477-8b2c-205100b6d095-GrpcLogAppender: appendEntries Timeout, request=fbfdc5e7-35fe-4dec-93a8-24c91dabe6d4->16d0fe26-9857-4477-8b2c-205100b6d095#21-t1, previous=(t:1, i:9), leaderCommit=6, initializing? false, entries: <empty>
2019-09-11 06:28:36,898 [java.util.concurrent.ThreadPoolExecutor$Worker@6828608c[State = -1, empty queue]] WARN  server.GrpcLogAppender (GrpcLogAppender.java:timeoutAppendRequest(200)) - fbfdc5e7-35fe-4dec-93a8-24c91dabe6d4@group-CAB34B64531B->b3ae6e77-09f2-43a9-bb74-0baf269e9625-GrpcLogAppender: appendEntries Timeout, request=fbfdc5e7-35fe-4dec-93a8-24c91dabe6d4->b3ae6e77-09f2-43a9-bb74-0baf269e9625#22-t1, previous=(t:1, i:9), leaderCommit=6, initializing? false, entries: <empty>
2019-09-11 06:28:36,898 [java.util.concurrent.ThreadPoolExecutor$Worker@c8b29ab[State = -1, empty queue]] WARN  server.GrpcLogAppender (GrpcLogAppender.java:timeoutAppendRequest(200)) - fbfdc5e7-35fe-4dec-93a8-24c91dabe6d4@group-CAB34B64531B->16d0fe26-9857-4477-8b2c-205100b6d095-GrpcLogAppender: appendEntries Timeout, request=fbfdc5e7-35fe-4dec-93a8-24c91dabe6d4->16d0fe26-9857-4477-8b2c-205100b6d095#22-t1, previous=(t:1, i:9), leaderCommit=6, initializing? false, entries: <empty>
2019-09-11 06:28:39,324 [grpc-default-executor-6] INFO  client.GrpcClientProtocolClient (GrpcClientProtocolClient.java:onNext(264)) - client-DDC0476EEFF3->b3ae6e77-09f2-43a9-bb74-0baf269e9625: receive RaftClientReply:client-DDC0476EEFF3->b3ae6e77-09f2-43a9-bb74-0baf269e9625@group-CAB34B64531B, cid=21, FAILED org.apache.ratis.protocol.NotLeaderException: Server b3ae6e77-09f2-43a9-bb74-0baf269e9625@group-CAB34B64531B is not the leader fbfdc5e7-35fe-4dec-93a8-24c91dabe6d4:192.168.36.125:35103, logIndex=0, commits[b3ae6e77-09f2-43a9-bb74-0baf269e9625:c6, 16d0fe26-9857-4477-8b2c-205100b6d095:c4, fbfdc5e7-35fe-4dec-93a8-24c91dabe6d4:c6]
2019-09-11 06:28:39,398 [java.util.concurrent.ThreadPoolExecutor$Worker@6828608c[State = -1, empty queue]] WARN  server.GrpcLogAppender (GrpcLogAppender.java:timeoutAppendRequest(200)) - fbfdc5e7-35fe-4dec-93a8-24c91dabe6d4@group-CAB34B64531B->b3ae6e77-09f2-43a9-bb74-0baf269e9625-GrpcLogAppender: appendEntries Timeout, request=fbfdc5e7-35fe-4dec-93a8-24c91dabe6d4->b3ae6e77-09f2-43a9-bb74-0baf269e9625#23-t1, previous=(t:1, i:9), leaderCommit=6, initializing? false, entries: <empty>
2019-09-11 06:28:39,398 [java.util.concurrent.ThreadPoolExecutor$Worker@c8b29ab[State = -1, empty queue]] WARN  server.GrpcLogAppender (GrpcLogAppender.java:timeoutAppendRequest(200)) - fbfdc5e7-35fe-4dec-93a8-24c91dabe6d4@group-CAB34B64531B->16d0fe26-9857-4477-8b2c-205100b6d095-GrpcLogAppender: appendEntries Timeout, request=fbfdc5e7-35fe-4dec-93a8-24c91dabe6d4->16d0fe26-9857-4477-8b2c-205100b6d095#23-t1, previous=(t:1, i:9), leaderCommit=6, initializing? false, entries: <empty>
2019-09-11 06:28:41,899 [java.util.concurrent.ThreadPoolExecutor$Worker@6828608c[State = -1, empty queue]] WARN  server.GrpcLogAppender (GrpcLogAppender.java:timeoutAppendRequest(200)) - fbfdc5e7-35fe-4dec-93a8-24c91dabe6d4@group-CAB34B64531B->b3ae6e77-09f2-43a9-bb74-0baf269e9625-GrpcLogAppender: appendEntries Timeout, request=fbfdc5e7-35fe-4dec-93a8-24c91dabe6d4->b3ae6e77-09f2-43a9-bb74-0baf269e9625#24-t1, previous=(t:1, i:9), leaderCommit=6, initializing? false, entries: <empty>
2019-09-11 06:28:41,899 [java.util.concurrent.ThreadPoolExecutor$Worker@c8b29ab[State = -1, empty queue]] WARN  server.GrpcLogAppender (GrpcLogAppender.java:timeoutAppendRequest(200)) - fbfdc5e7-35fe-4dec-93a8-24c91dabe6d4@group-CAB34B64531B->16d0fe26-9857-4477-8b2c-205100b6d095-GrpcLogAppender: appendEntries Timeout, request=fbfdc5e7-35fe-4dec-93a8-24c91dabe6d4->16d0fe26-9857-4477-8b2c-205100b6d095#24-t1, previous=(t:1, i:9), leaderCommit=6, initializing? false, entries: <empty>
2019-09-11 06:28:43,976 [16d0fe26-9857-4477-8b2c-205100b6d095@group-CAB34B64531B-SegmentedRaftLogWorker] WARN  segmented.SegmentedRaftLogWorker (SegmentedRaftLogWorker.java:getFromFuture(90)) - Timeout 3/~
org.apache.ratis.protocol.TimeoutIOException: Timeout 10s: WriteLog:8: (t:1, i:8), STATEMACHINELOGENTRY, client-DDC0476EEFF3, cid=22-writeStateMachineData
	at org.apache.ratis.util.IOUtils.getFromFuture(IOUtils.java:87)
	at org.apache.ratis.server.raftlog.segmented.SegmentedRaftLogWorker$StateMachineDataPolicy.getFromFuture(SegmentedRaftLogWorker.java:87)
	at org.apache.ratis.server.raftlog.segmented.SegmentedRaftLogWorker$WriteLog.execute(SegmentedRaftLogWorker.java:477)
	at org.apache.ratis.server.raftlog.segmented.SegmentedRaftLogWorker.run(SegmentedRaftLogWorker.java:289)
	at java.lang.Thread.run(Thread.java:748)
Caused by: java.util.concurrent.TimeoutException
	at java.util.concurrent.CompletableFuture.timedGet(CompletableFuture.java:1771)
	at java.util.concurrent.CompletableFuture.get(CompletableFuture.java:1915)
	at org.apache.ratis.util.IOUtils.getFromFuture(IOUtils.java:79)
	... 4 more
2019-09-11 06:28:43,977 [fbfdc5e7-35fe-4dec-93a8-24c91dabe6d4@group-CAB34B64531B-SegmentedRaftLogWorker] WARN  segmented.SegmentedRaftLogWorker (SegmentedRaftLogWorker.java:getFromFuture(90)) - Timeout 3/~
org.apache.ratis.protocol.TimeoutIOException: Timeout 10s: WriteLog:8: (t:1, i:8), STATEMACHINELOGENTRY, client-DDC0476EEFF3, cid=22-writeStateMachineData
	at org.apache.ratis.util.IOUtils.getFromFuture(IOUtils.java:87)
	at org.apache.ratis.server.raftlog.segmented.SegmentedRaftLogWorker$StateMachineDataPolicy.getFromFuture(SegmentedRaftLogWorker.java:87)
	at org.apache.ratis.server.raftlog.segmented.SegmentedRaftLogWorker$WriteLog.execute(SegmentedRaftLogWorker.java:477)
	at org.apache.ratis.server.raftlog.segmented.SegmentedRaftLogWorker.run(SegmentedRaftLogWorker.java:289)
	at java.lang.Thread.run(Thread.java:748)
Caused by: java.util.concurrent.TimeoutException
	at java.util.concurrent.CompletableFuture.timedGet(CompletableFuture.java:1771)
	at java.util.concurrent.CompletableFuture.get(CompletableFuture.java:1915)
	at org.apache.ratis.util.IOUtils.getFromFuture(IOUtils.java:79)
	... 4 more
2019-09-11 06:28:43,977 [b3ae6e77-09f2-43a9-bb74-0baf269e9625@group-CAB34B64531B-SegmentedRaftLogWorker] WARN  segmented.SegmentedRaftLogWorker (SegmentedRaftLogWorker.java:getFromFuture(90)) - Timeout 3/~
org.apache.ratis.protocol.TimeoutIOException: Timeout 10s: WriteLog:8: (t:1, i:8), STATEMACHINELOGENTRY, client-DDC0476EEFF3, cid=22-writeStateMachineData
	at org.apache.ratis.util.IOUtils.getFromFuture(IOUtils.java:87)
	at org.apache.ratis.server.raftlog.segmented.SegmentedRaftLogWorker$StateMachineDataPolicy.getFromFuture(SegmentedRaftLogWorker.java:87)
	at org.apache.ratis.server.raftlog.segmented.SegmentedRaftLogWorker$WriteLog.execute(SegmentedRaftLogWorker.java:477)
	at org.apache.ratis.server.raftlog.segmented.SegmentedRaftLogWorker.run(SegmentedRaftLogWorker.java:289)
	at java.lang.Thread.run(Thread.java:748)
Caused by: java.util.concurrent.TimeoutException
	at java.util.concurrent.CompletableFuture.timedGet(CompletableFuture.java:1771)
	at java.util.concurrent.CompletableFuture.get(CompletableFuture.java:1915)
	at org.apache.ratis.util.IOUtils.getFromFuture(IOUtils.java:79)
	... 4 more
2019-09-11 06:28:44,390 [grpc-default-executor-2] INFO  client.GrpcClientProtocolClient (GrpcClientProtocolClient.java:onNext(264)) - client-DDC0476EEFF3->b3ae6e77-09f2-43a9-bb74-0baf269e9625: receive RaftClientReply:client-DDC0476EEFF3->b3ae6e77-09f2-43a9-bb74-0baf269e9625@group-CAB34B64531B, cid=21, FAILED org.apache.ratis.protocol.NotLeaderException: Server b3ae6e77-09f2-43a9-bb74-0baf269e9625@group-CAB34B64531B is not the leader fbfdc5e7-35fe-4dec-93a8-24c91dabe6d4:192.168.36.125:35103, logIndex=0, commits[b3ae6e77-09f2-43a9-bb74-0baf269e9625:c6, 16d0fe26-9857-4477-8b2c-205100b6d095:c4, fbfdc5e7-35fe-4dec-93a8-24c91dabe6d4:c6]
2019-09-11 06:28:44,400 [java.util.concurrent.ThreadPoolExecutor$Worker@6828608c[State = -1, empty queue]] WARN  server.GrpcLogAppender (GrpcLogAppender.java:timeoutAppendRequest(200)) - fbfdc5e7-35fe-4dec-93a8-24c91dabe6d4@group-CAB34B64531B->b3ae6e77-09f2-43a9-bb74-0baf269e9625-GrpcLogAppender: appendEntries Timeout, request=fbfdc5e7-35fe-4dec-93a8-24c91dabe6d4->b3ae6e77-09f2-43a9-bb74-0baf269e9625#25-t1, previous=(t:1, i:9), leaderCommit=6, initializing? false, entries: <empty>
2019-09-11 06:28:44,400 [java.util.concurrent.ThreadPoolExecutor$Worker@c8b29ab[State = -1, empty queue]] WARN  server.GrpcLogAppender (GrpcLogAppender.java:timeoutAppendRequest(200)) - fbfdc5e7-35fe-4dec-93a8-24c91dabe6d4@group-CAB34B64531B->16d0fe26-9857-4477-8b2c-205100b6d095-GrpcLogAppender: appendEntries Timeout, request=fbfdc5e7-35fe-4dec-93a8-24c91dabe6d4->16d0fe26-9857-4477-8b2c-205100b6d095#25-t1, previous=(t:1, i:9), leaderCommit=6, initializing? false, entries: <empty>
2019-09-11 06:28:46,900 [java.util.concurrent.ThreadPoolExecutor$Worker@6828608c[State = -1, empty queue]] WARN  server.GrpcLogAppender (GrpcLogAppender.java:timeoutAppendRequest(200)) - fbfdc5e7-35fe-4dec-93a8-24c91dabe6d4@group-CAB34B64531B->b3ae6e77-09f2-43a9-bb74-0baf269e9625-GrpcLogAppender: appendEntries Timeout, request=fbfdc5e7-35fe-4dec-93a8-24c91dabe6d4->b3ae6e77-09f2-43a9-bb74-0baf269e9625#26-t1, previous=(t:1, i:9), leaderCommit=6, initializing? false, entries: <empty>
2019-09-11 06:28:46,900 [java.util.concurrent.ThreadPoolExecutor$Worker@c8b29ab[State = -1, empty queue]] WARN  server.GrpcLogAppender (GrpcLogAppender.java:timeoutAppendRequest(200)) - fbfdc5e7-35fe-4dec-93a8-24c91dabe6d4@group-CAB34B64531B->16d0fe26-9857-4477-8b2c-205100b6d095-GrpcLogAppender: appendEntries Timeout, request=fbfdc5e7-35fe-4dec-93a8-24c91dabe6d4->16d0fe26-9857-4477-8b2c-205100b6d095#26-t1, previous=(t:1, i:9), leaderCommit=6, initializing? false, entries: <empty>
2019-09-11 06:28:49,401 [java.util.concurrent.ThreadPoolExecutor$Worker@6828608c[State = -1, empty queue]] WARN  server.GrpcLogAppender (GrpcLogAppender.java:timeoutAppendRequest(200)) - fbfdc5e7-35fe-4dec-93a8-24c91dabe6d4@group-CAB34B64531B->b3ae6e77-09f2-43a9-bb74-0baf269e9625-GrpcLogAppender: appendEntries Timeout, request=fbfdc5e7-35fe-4dec-93a8-24c91dabe6d4->b3ae6e77-09f2-43a9-bb74-0baf269e9625#27-t1, previous=(t:1, i:9), leaderCommit=6, initializing? false, entries: <empty>
2019-09-11 06:28:49,401 [java.util.concurrent.ThreadPoolExecutor$Worker@c8b29ab[State = -1, empty queue]] WARN  server.GrpcLogAppender (GrpcLogAppender.java:timeoutAppendRequest(200)) - fbfdc5e7-35fe-4dec-93a8-24c91dabe6d4@group-CAB34B64531B->16d0fe26-9857-4477-8b2c-205100b6d095-GrpcLogAppender: appendEntries Timeout, request=fbfdc5e7-35fe-4dec-93a8-24c91dabe6d4->16d0fe26-9857-4477-8b2c-205100b6d095#27-t1, previous=(t:1, i:9), leaderCommit=6, initializing? false, entries: <empty>
2019-09-11 06:28:49,443 [grpc-default-executor-2] INFO  client.GrpcClientProtocolClient (GrpcClientProtocolClient.java:onNext(264)) - client-DDC0476EEFF3->16d0fe26-9857-4477-8b2c-205100b6d095: receive RaftClientReply:client-DDC0476EEFF3->16d0fe26-9857-4477-8b2c-205100b6d095@group-CAB34B64531B, cid=21, FAILED org.apache.ratis.protocol.NotLeaderException: Server 16d0fe26-9857-4477-8b2c-205100b6d095@group-CAB34B64531B is not the leader fbfdc5e7-35fe-4dec-93a8-24c91dabe6d4:192.168.36.125:35103, logIndex=0, commits[16d0fe26-9857-4477-8b2c-205100b6d095:c6, b3ae6e77-09f2-43a9-bb74-0baf269e9625:c4, fbfdc5e7-35fe-4dec-93a8-24c91dabe6d4:c6]
2019-09-11 06:28:51,901 [java.util.concurrent.ThreadPoolExecutor$Worker@6828608c[State = -1, empty queue]] WARN  server.GrpcLogAppender (GrpcLogAppender.java:timeoutAppendRequest(200)) - fbfdc5e7-35fe-4dec-93a8-24c91dabe6d4@group-CAB34B64531B->b3ae6e77-09f2-43a9-bb74-0baf269e9625-GrpcLogAppender: appendEntries Timeout, request=fbfdc5e7-35fe-4dec-93a8-24c91dabe6d4->b3ae6e77-09f2-43a9-bb74-0baf269e9625#28-t1, previous=(t:1, i:9), leaderCommit=6, initializing? false, entries: <empty>
2019-09-11 06:28:51,902 [java.util.concurrent.ThreadPoolExecutor$Worker@c8b29ab[State = -1, empty queue]] WARN  server.GrpcLogAppender (GrpcLogAppender.java:timeoutAppendRequest(200)) - fbfdc5e7-35fe-4dec-93a8-24c91dabe6d4@group-CAB34B64531B->16d0fe26-9857-4477-8b2c-205100b6d095-GrpcLogAppender: appendEntries Timeout, request=fbfdc5e7-35fe-4dec-93a8-24c91dabe6d4->16d0fe26-9857-4477-8b2c-205100b6d095#28-t1, previous=(t:1, i:9), leaderCommit=6, initializing? false, entries: <empty>
2019-09-11 06:28:53,978 [16d0fe26-9857-4477-8b2c-205100b6d095@group-CAB34B64531B-SegmentedRaftLogWorker] WARN  segmented.SegmentedRaftLogWorker (SegmentedRaftLogWorker.java:getFromFuture(90)) - Timeout 4/~
org.apache.ratis.protocol.TimeoutIOException: Timeout 10s: WriteLog:8: (t:1, i:8), STATEMACHINELOGENTRY, client-DDC0476EEFF3, cid=22-writeStateMachineData
	at org.apache.ratis.util.IOUtils.getFromFuture(IOUtils.java:87)
	at org.apache.ratis.server.raftlog.segmented.SegmentedRaftLogWorker$StateMachineDataPolicy.getFromFuture(SegmentedRaftLogWorker.java:87)
	at org.apache.ratis.server.raftlog.segmented.SegmentedRaftLogWorker$WriteLog.execute(SegmentedRaftLogWorker.java:477)
	at org.apache.ratis.server.raftlog.segmented.SegmentedRaftLogWorker.run(SegmentedRaftLogWorker.java:289)
	at java.lang.Thread.run(Thread.java:748)
Caused by: java.util.concurrent.TimeoutException
	at java.util.concurrent.CompletableFuture.timedGet(CompletableFuture.java:1771)
	at java.util.concurrent.CompletableFuture.get(CompletableFuture.java:1915)
	at org.apache.ratis.util.IOUtils.getFromFuture(IOUtils.java:79)
	... 4 more
2019-09-11 06:28:53,978 [fbfdc5e7-35fe-4dec-93a8-24c91dabe6d4@group-CAB34B64531B-SegmentedRaftLogWorker] WARN  segmented.SegmentedRaftLogWorker (SegmentedRaftLogWorker.java:getFromFuture(90)) - Timeout 4/~
org.apache.ratis.protocol.TimeoutIOException: Timeout 10s: WriteLog:8: (t:1, i:8), STATEMACHINELOGENTRY, client-DDC0476EEFF3, cid=22-writeStateMachineData
	at org.apache.ratis.util.IOUtils.getFromFuture(IOUtils.java:87)
	at org.apache.ratis.server.raftlog.segmented.SegmentedRaftLogWorker$StateMachineDataPolicy.getFromFuture(SegmentedRaftLogWorker.java:87)
	at org.apache.ratis.server.raftlog.segmented.SegmentedRaftLogWorker$WriteLog.execute(SegmentedRaftLogWorker.java:477)
	at org.apache.ratis.server.raftlog.segmented.SegmentedRaftLogWorker.run(SegmentedRaftLogWorker.java:289)
	at java.lang.Thread.run(Thread.java:748)
Caused by: java.util.concurrent.TimeoutException
	at java.util.concurrent.CompletableFuture.timedGet(CompletableFuture.java:1771)
	at java.util.concurrent.CompletableFuture.get(CompletableFuture.java:1915)
	at org.apache.ratis.util.IOUtils.getFromFuture(IOUtils.java:79)
	... 4 more
2019-09-11 06:28:53,978 [b3ae6e77-09f2-43a9-bb74-0baf269e9625@group-CAB34B64531B-SegmentedRaftLogWorker] WARN  segmented.SegmentedRaftLogWorker (SegmentedRaftLogWorker.java:getFromFuture(90)) - Timeout 4/~
org.apache.ratis.protocol.TimeoutIOException: Timeout 10s: WriteLog:8: (t:1, i:8), STATEMACHINELOGENTRY, client-DDC0476EEFF3, cid=22-writeStateMachineData
	at org.apache.ratis.util.IOUtils.getFromFuture(IOUtils.java:87)
	at org.apache.ratis.server.raftlog.segmented.SegmentedRaftLogWorker$StateMachineDataPolicy.getFromFuture(SegmentedRaftLogWorker.java:87)
	at org.apache.ratis.server.raftlog.segmented.SegmentedRaftLogWorker$WriteLog.execute(SegmentedRaftLogWorker.java:477)
	at org.apache.ratis.server.raftlog.segmented.SegmentedRaftLogWorker.run(SegmentedRaftLogWorker.java:289)
	at java.lang.Thread.run(Thread.java:748)
Caused by: java.util.concurrent.TimeoutException
	at java.util.concurrent.CompletableFuture.timedGet(CompletableFuture.java:1771)
	at java.util.concurrent.CompletableFuture.get(CompletableFuture.java:1915)
	at org.apache.ratis.util.IOUtils.getFromFuture(IOUtils.java:79)
	... 4 more
2019-09-11 06:28:54,402 [java.util.concurrent.ThreadPoolExecutor$Worker@6828608c[State = -1, empty queue]] WARN  server.GrpcLogAppender (GrpcLogAppender.java:timeoutAppendRequest(200)) - fbfdc5e7-35fe-4dec-93a8-24c91dabe6d4@group-CAB34B64531B->b3ae6e77-09f2-43a9-bb74-0baf269e9625-GrpcLogAppender: appendEntries Timeout, request=fbfdc5e7-35fe-4dec-93a8-24c91dabe6d4->b3ae6e77-09f2-43a9-bb74-0baf269e9625#29-t1, previous=(t:1, i:9), leaderCommit=6, initializing? false, entries: <empty>
2019-09-11 06:28:54,402 [java.util.concurrent.ThreadPoolExecutor$Worker@c8b29ab[State = -1, empty queue]] WARN  server.GrpcLogAppender (GrpcLogAppender.java:timeoutAppendRequest(200)) - fbfdc5e7-35fe-4dec-93a8-24c91dabe6d4@group-CAB34B64531B->16d0fe26-9857-4477-8b2c-205100b6d095-GrpcLogAppender: appendEntries Timeout, request=fbfdc5e7-35fe-4dec-93a8-24c91dabe6d4->16d0fe26-9857-4477-8b2c-205100b6d095#29-t1, previous=(t:1, i:9), leaderCommit=6, initializing? false, entries: <empty>
2019-09-11 06:28:54,485 [grpc-default-executor-2] INFO  client.GrpcClientProtocolClient (GrpcClientProtocolClient.java:onNext(264)) - client-DDC0476EEFF3->16d0fe26-9857-4477-8b2c-205100b6d095: receive RaftClientReply:client-DDC0476EEFF3->16d0fe26-9857-4477-8b2c-205100b6d095@group-CAB34B64531B, cid=21, FAILED org.apache.ratis.protocol.NotLeaderException: Server 16d0fe26-9857-4477-8b2c-205100b6d095@group-CAB34B64531B is not the leader fbfdc5e7-35fe-4dec-93a8-24c91dabe6d4:192.168.36.125:35103, logIndex=0, commits[16d0fe26-9857-4477-8b2c-205100b6d095:c6, b3ae6e77-09f2-43a9-bb74-0baf269e9625:c4, fbfdc5e7-35fe-4dec-93a8-24c91dabe6d4:c6]
2019-09-11 06:28:56,903 [java.util.concurrent.ThreadPoolExecutor$Worker@6828608c[State = -1, empty queue]] WARN  server.GrpcLogAppender (GrpcLogAppender.java:timeoutAppendRequest(200)) - fbfdc5e7-35fe-4dec-93a8-24c91dabe6d4@group-CAB34B64531B->b3ae6e77-09f2-43a9-bb74-0baf269e9625-GrpcLogAppender: appendEntries Timeout, request=fbfdc5e7-35fe-4dec-93a8-24c91dabe6d4->b3ae6e77-09f2-43a9-bb74-0baf269e9625#30-t1, previous=(t:1, i:9), leaderCommit=6, initializing? false, entries: <empty>
2019-09-11 06:28:56,903 [java.util.concurrent.ThreadPoolExecutor$Worker@c8b29ab[State = -1, empty queue]] WARN  server.GrpcLogAppender (GrpcLogAppender.java:timeoutAppendRequest(200)) - fbfdc5e7-35fe-4dec-93a8-24c91dabe6d4@group-CAB34B64531B->16d0fe26-9857-4477-8b2c-205100b6d095-GrpcLogAppender: appendEntries Timeout, request=fbfdc5e7-35fe-4dec-93a8-24c91dabe6d4->16d0fe26-9857-4477-8b2c-205100b6d095#30-t1, previous=(t:1, i:9), leaderCommit=6, initializing? false, entries: <empty>
2019-09-11 06:28:59,403 [java.util.concurrent.ThreadPoolExecutor$Worker@c8b29ab[State = -1, empty queue]] WARN  server.GrpcLogAppender (GrpcLogAppender.java:timeoutAppendRequest(200)) - fbfdc5e7-35fe-4dec-93a8-24c91dabe6d4@group-CAB34B64531B->16d0fe26-9857-4477-8b2c-205100b6d095-GrpcLogAppender: appendEntries Timeout, request=fbfdc5e7-35fe-4dec-93a8-24c91dabe6d4->16d0fe26-9857-4477-8b2c-205100b6d095#31-t1, previous=(t:1, i:9), leaderCommit=6, initializing? false, entries: <empty>
2019-09-11 06:28:59,403 [java.util.concurrent.ThreadPoolExecutor$Worker@6828608c[State = -1, empty queue]] WARN  server.GrpcLogAppender (GrpcLogAppender.java:timeoutAppendRequest(200)) - fbfdc5e7-35fe-4dec-93a8-24c91dabe6d4@group-CAB34B64531B->b3ae6e77-09f2-43a9-bb74-0baf269e9625-GrpcLogAppender: appendEntries Timeout, request=fbfdc5e7-35fe-4dec-93a8-24c91dabe6d4->b3ae6e77-09f2-43a9-bb74-0baf269e9625#31-t1, previous=(t:1, i:9), leaderCommit=6, initializing? false, entries: <empty>
2019-09-11 06:28:59,529 [grpc-default-executor-6] INFO  client.GrpcClientProtocolClient (GrpcClientProtocolClient.java:onNext(264)) - client-DDC0476EEFF3->b3ae6e77-09f2-43a9-bb74-0baf269e9625: receive RaftClientReply:client-DDC0476EEFF3->b3ae6e77-09f2-43a9-bb74-0baf269e9625@group-CAB34B64531B, cid=21, FAILED org.apache.ratis.protocol.NotLeaderException: Server b3ae6e77-09f2-43a9-bb74-0baf269e9625@group-CAB34B64531B is not the leader fbfdc5e7-35fe-4dec-93a8-24c91dabe6d4:192.168.36.125:35103, logIndex=0, commits[b3ae6e77-09f2-43a9-bb74-0baf269e9625:c6, 16d0fe26-9857-4477-8b2c-205100b6d095:c4, fbfdc5e7-35fe-4dec-93a8-24c91dabe6d4:c6]
2019-09-11 06:29:01,903 [java.util.concurrent.ThreadPoolExecutor$Worker@c8b29ab[State = -1, empty queue]] WARN  server.GrpcLogAppender (GrpcLogAppender.java:timeoutAppendRequest(200)) - fbfdc5e7-35fe-4dec-93a8-24c91dabe6d4@group-CAB34B64531B->16d0fe26-9857-4477-8b2c-205100b6d095-GrpcLogAppender: appendEntries Timeout, request=fbfdc5e7-35fe-4dec-93a8-24c91dabe6d4->16d0fe26-9857-4477-8b2c-205100b6d095#32-t1, previous=(t:1, i:9), leaderCommit=6, initializing? false, entries: <empty>
2019-09-11 06:29:01,903 [java.util.concurrent.ThreadPoolExecutor$Worker@6828608c[State = -1, empty queue]] WARN  server.GrpcLogAppender (GrpcLogAppender.java:timeoutAppendRequest(200)) - fbfdc5e7-35fe-4dec-93a8-24c91dabe6d4@group-CAB34B64531B->b3ae6e77-09f2-43a9-bb74-0baf269e9625-GrpcLogAppender: appendEntries Timeout, request=fbfdc5e7-35fe-4dec-93a8-24c91dabe6d4->b3ae6e77-09f2-43a9-bb74-0baf269e9625#32-t1, previous=(t:1, i:9), leaderCommit=6, initializing? false, entries: <empty>
2019-09-11 06:29:03,979 [16d0fe26-9857-4477-8b2c-205100b6d095@group-CAB34B64531B-SegmentedRaftLogWorker] WARN  segmented.SegmentedRaftLogWorker (SegmentedRaftLogWorker.java:getFromFuture(90)) - Timeout 5/~
org.apache.ratis.protocol.TimeoutIOException: Timeout 10s: WriteLog:8: (t:1, i:8), STATEMACHINELOGENTRY, client-DDC0476EEFF3, cid=22-writeStateMachineData
	at org.apache.ratis.util.IOUtils.getFromFuture(IOUtils.java:87)
	at org.apache.ratis.server.raftlog.segmented.SegmentedRaftLogWorker$StateMachineDataPolicy.getFromFuture(SegmentedRaftLogWorker.java:87)
	at org.apache.ratis.server.raftlog.segmented.SegmentedRaftLogWorker$WriteLog.execute(SegmentedRaftLogWorker.java:477)
	at org.apache.ratis.server.raftlog.segmented.SegmentedRaftLogWorker.run(SegmentedRaftLogWorker.java:289)
	at java.lang.Thread.run(Thread.java:748)
Caused by: java.util.concurrent.TimeoutException
	at java.util.concurrent.CompletableFuture.timedGet(CompletableFuture.java:1771)
	at java.util.concurrent.CompletableFuture.get(CompletableFuture.java:1915)
	at org.apache.ratis.util.IOUtils.getFromFuture(IOUtils.java:79)
	... 4 more
2019-09-11 06:29:03,980 [b3ae6e77-09f2-43a9-bb74-0baf269e9625@group-CAB34B64531B-SegmentedRaftLogWorker] WARN  segmented.SegmentedRaftLogWorker (SegmentedRaftLogWorker.java:getFromFuture(90)) - Timeout 5/~
org.apache.ratis.protocol.TimeoutIOException: Timeout 10s: WriteLog:8: (t:1, i:8), STATEMACHINELOGENTRY, client-DDC0476EEFF3, cid=22-writeStateMachineData
	at org.apache.ratis.util.IOUtils.getFromFuture(IOUtils.java:87)
	at org.apache.ratis.server.raftlog.segmented.SegmentedRaftLogWorker$StateMachineDataPolicy.getFromFuture(SegmentedRaftLogWorker.java:87)
	at org.apache.ratis.server.raftlog.segmented.SegmentedRaftLogWorker$WriteLog.execute(SegmentedRaftLogWorker.java:477)
	at org.apache.ratis.server.raftlog.segmented.SegmentedRaftLogWorker.run(SegmentedRaftLogWorker.java:289)
	at java.lang.Thread.run(Thread.java:748)
Caused by: java.util.concurrent.TimeoutException
	at java.util.concurrent.CompletableFuture.timedGet(CompletableFuture.java:1771)
	at java.util.concurrent.CompletableFuture.get(CompletableFuture.java:1915)
	at org.apache.ratis.util.IOUtils.getFromFuture(IOUtils.java:79)
	... 4 more
2019-09-11 06:29:03,979 [fbfdc5e7-35fe-4dec-93a8-24c91dabe6d4@group-CAB34B64531B-SegmentedRaftLogWorker] WARN  segmented.SegmentedRaftLogWorker (SegmentedRaftLogWorker.java:getFromFuture(90)) - Timeout 5/~
org.apache.ratis.protocol.TimeoutIOException: Timeout 10s: WriteLog:8: (t:1, i:8), STATEMACHINELOGENTRY, client-DDC0476EEFF3, cid=22-writeStateMachineData
	at org.apache.ratis.util.IOUtils.getFromFuture(IOUtils.java:87)
	at org.apache.ratis.server.raftlog.segmented.SegmentedRaftLogWorker$StateMachineDataPolicy.getFromFuture(SegmentedRaftLogWorker.java:87)
	at org.apache.ratis.server.raftlog.segmented.SegmentedRaftLogWorker$WriteLog.execute(SegmentedRaftLogWorker.java:477)
	at org.apache.ratis.server.raftlog.segmented.SegmentedRaftLogWorker.run(SegmentedRaftLogWorker.java:289)
	at java.lang.Thread.run(Thread.java:748)
Caused by: java.util.concurrent.TimeoutException
	at java.util.concurrent.CompletableFuture.timedGet(CompletableFuture.java:1771)
	at java.util.concurrent.CompletableFuture.get(CompletableFuture.java:1915)
	at org.apache.ratis.util.IOUtils.getFromFuture(IOUtils.java:79)
	... 4 more
2019-09-11 06:29:04,404 [java.util.concurrent.ThreadPoolExecutor$Worker@c8b29ab[State = -1, empty queue]] WARN  server.GrpcLogAppender (GrpcLogAppender.java:timeoutAppendRequest(200)) - fbfdc5e7-35fe-4dec-93a8-24c91dabe6d4@group-CAB34B64531B->16d0fe26-9857-4477-8b2c-205100b6d095-GrpcLogAppender: appendEntries Timeout, request=fbfdc5e7-35fe-4dec-93a8-24c91dabe6d4->16d0fe26-9857-4477-8b2c-205100b6d095#33-t1, previous=(t:1, i:9), leaderCommit=6, initializing? false, entries: <empty>
2019-09-11 06:29:04,404 [java.util.concurrent.ThreadPoolExecutor$Worker@6828608c[State = -1, empty queue]] WARN  server.GrpcLogAppender (GrpcLogAppender.java:timeoutAppendRequest(200)) - fbfdc5e7-35fe-4dec-93a8-24c91dabe6d4@group-CAB34B64531B->b3ae6e77-09f2-43a9-bb74-0baf269e9625-GrpcLogAppender: appendEntries Timeout, request=fbfdc5e7-35fe-4dec-93a8-24c91dabe6d4->b3ae6e77-09f2-43a9-bb74-0baf269e9625#33-t1, previous=(t:1, i:9), leaderCommit=6, initializing? false, entries: <empty>
2019-09-11 06:29:04,575 [grpc-default-executor-6] INFO  client.GrpcClientProtocolClient (GrpcClientProtocolClient.java:onNext(264)) - client-DDC0476EEFF3->b3ae6e77-09f2-43a9-bb74-0baf269e9625: receive RaftClientReply:client-DDC0476EEFF3->b3ae6e77-09f2-43a9-bb74-0baf269e9625@group-CAB34B64531B, cid=21, FAILED org.apache.ratis.protocol.NotLeaderException: Server b3ae6e77-09f2-43a9-bb74-0baf269e9625@group-CAB34B64531B is not the leader fbfdc5e7-35fe-4dec-93a8-24c91dabe6d4:192.168.36.125:35103, logIndex=0, commits[b3ae6e77-09f2-43a9-bb74-0baf269e9625:c6, 16d0fe26-9857-4477-8b2c-205100b6d095:c4, fbfdc5e7-35fe-4dec-93a8-24c91dabe6d4:c6]
2019-09-11 06:29:04,586 [grpc-default-executor-6] WARN  client.GrpcClientProtocolService (LogUtils.java:warn(134)) - 10-OrderedRequestStreamObserver10: onError: org.apache.ratis.thirdparty.io.grpc.StatusRuntimeException: CANCELLED: cancelled before receiving half close
2019-09-11 06:29:06,905 [java.util.concurrent.ThreadPoolExecutor$Worker@6828608c[State = -1, empty queue]] WARN  server.GrpcLogAppender (GrpcLogAppender.java:timeoutAppendRequest(200)) - fbfdc5e7-35fe-4dec-93a8-24c91dabe6d4@group-CAB34B64531B->b3ae6e77-09f2-43a9-bb74-0baf269e9625-GrpcLogAppender: appendEntries Timeout, request=fbfdc5e7-35fe-4dec-93a8-24c91dabe6d4->b3ae6e77-09f2-43a9-bb74-0baf269e9625#34-t1, previous=(t:1, i:9), leaderCommit=6, initializing? false, entries: <empty>
2019-09-11 06:29:06,905 [java.util.concurrent.ThreadPoolExecutor$Worker@c8b29ab[State = -1, empty queue]] WARN  server.GrpcLogAppender (GrpcLogAppender.java:timeoutAppendRequest(200)) - fbfdc5e7-35fe-4dec-93a8-24c91dabe6d4@group-CAB34B64531B->16d0fe26-9857-4477-8b2c-205100b6d095-GrpcLogAppender: appendEntries Timeout, request=fbfdc5e7-35fe-4dec-93a8-24c91dabe6d4->16d0fe26-9857-4477-8b2c-205100b6d095#34-t1, previous=(t:1, i:9), leaderCommit=6, initializing? false, entries: <empty>
2019-09-11 06:29:09,405 [java.util.concurrent.ThreadPoolExecutor$Worker@6828608c[State = -1, empty queue]] WARN  server.GrpcLogAppender (GrpcLogAppender.java:timeoutAppendRequest(200)) - fbfdc5e7-35fe-4dec-93a8-24c91dabe6d4@group-CAB34B64531B->b3ae6e77-09f2-43a9-bb74-0baf269e9625-GrpcLogAppender: appendEntries Timeout, request=fbfdc5e7-35fe-4dec-93a8-24c91dabe6d4->b3ae6e77-09f2-43a9-bb74-0baf269e9625#35-t1, previous=(t:1, i:9), leaderCommit=6, initializing? false, entries: <empty>
2019-09-11 06:29:09,405 [java.util.concurrent.ThreadPoolExecutor$Worker@c8b29ab[State = -1, empty queue]] WARN  server.GrpcLogAppender (GrpcLogAppender.java:timeoutAppendRequest(200)) - fbfdc5e7-35fe-4dec-93a8-24c91dabe6d4@group-CAB34B64531B->16d0fe26-9857-4477-8b2c-205100b6d095-GrpcLogAppender: appendEntries Timeout, request=fbfdc5e7-35fe-4dec-93a8-24c91dabe6d4->16d0fe26-9857-4477-8b2c-205100b6d095#35-t1, previous=(t:1, i:9), leaderCommit=6, initializing? false, entries: <empty>
2019-09-11 06:29:09,628 [grpc-default-executor-6] INFO  client.GrpcClientProtocolClient (GrpcClientProtocolClient.java:onNext(264)) - client-DDC0476EEFF3->b3ae6e77-09f2-43a9-bb74-0baf269e9625: receive RaftClientReply:client-DDC0476EEFF3->b3ae6e77-09f2-43a9-bb74-0baf269e9625@group-CAB34B64531B, cid=21, FAILED org.apache.ratis.protocol.NotLeaderException: Server b3ae6e77-09f2-43a9-bb74-0baf269e9625@group-CAB34B64531B is not the leader fbfdc5e7-35fe-4dec-93a8-24c91dabe6d4:192.168.36.125:35103, logIndex=0, commits[b3ae6e77-09f2-43a9-bb74-0baf269e9625:c6, 16d0fe26-9857-4477-8b2c-205100b6d095:c4, fbfdc5e7-35fe-4dec-93a8-24c91dabe6d4:c6]
2019-09-11 06:29:11,905 [java.util.concurrent.ThreadPoolExecutor$Worker@6828608c[State = -1, empty queue]] WARN  server.GrpcLogAppender (GrpcLogAppender.java:timeoutAppendRequest(200)) - fbfdc5e7-35fe-4dec-93a8-24c91dabe6d4@group-CAB34B64531B->b3ae6e77-09f2-43a9-bb74-0baf269e9625-GrpcLogAppender: appendEntries Timeout, request=fbfdc5e7-35fe-4dec-93a8-24c91dabe6d4->b3ae6e77-09f2-43a9-bb74-0baf269e9625#36-t1, previous=(t:1, i:9), leaderCommit=6, initializing? false, entries: <empty>
2019-09-11 06:29:11,905 [java.util.concurrent.ThreadPoolExecutor$Worker@c8b29ab[State = -1, empty queue]] WARN  server.GrpcLogAppender (GrpcLogAppender.java:timeoutAppendRequest(200)) - fbfdc5e7-35fe-4dec-93a8-24c91dabe6d4@group-CAB34B64531B->16d0fe26-9857-4477-8b2c-205100b6d095-GrpcLogAppender: appendEntries Timeout, request=fbfdc5e7-35fe-4dec-93a8-24c91dabe6d4->16d0fe26-9857-4477-8b2c-205100b6d095#36-t1, previous=(t:1, i:9), leaderCommit=6, initializing? false, entries: <empty>
2019-09-11 06:29:13,981 [b3ae6e77-09f2-43a9-bb74-0baf269e9625@group-CAB34B64531B-SegmentedRaftLogWorker] WARN  segmented.SegmentedRaftLogWorker (SegmentedRaftLogWorker.java:getFromFuture(90)) - Timeout 6/~
org.apache.ratis.protocol.TimeoutIOException: Timeout 10s: WriteLog:8: (t:1, i:8), STATEMACHINELOGENTRY, client-DDC0476EEFF3, cid=22-writeStateMachineData
	at org.apache.ratis.util.IOUtils.getFromFuture(IOUtils.java:87)
	at org.apache.ratis.server.raftlog.segmented.SegmentedRaftLogWorker$StateMachineDataPolicy.getFromFuture(SegmentedRaftLogWorker.java:87)
	at org.apache.ratis.server.raftlog.segmented.SegmentedRaftLogWorker$WriteLog.execute(SegmentedRaftLogWorker.java:477)
	at org.apache.ratis.server.raftlog.segmented.SegmentedRaftLogWorker.run(SegmentedRaftLogWorker.java:289)
	at java.lang.Thread.run(Thread.java:748)
Caused by: java.util.concurrent.TimeoutException
	at java.util.concurrent.CompletableFuture.timedGet(CompletableFuture.java:1771)
	at java.util.concurrent.CompletableFuture.get(CompletableFuture.java:1915)
	at org.apache.ratis.util.IOUtils.getFromFuture(IOUtils.java:79)
	... 4 more
2019-09-11 06:29:13,981 [fbfdc5e7-35fe-4dec-93a8-24c91dabe6d4@group-CAB34B64531B-SegmentedRaftLogWorker] WARN  segmented.SegmentedRaftLogWorker (SegmentedRaftLogWorker.java:getFromFuture(90)) - Timeout 6/~
org.apache.ratis.protocol.TimeoutIOException: Timeout 10s: WriteLog:8: (t:1, i:8), STATEMACHINELOGENTRY, client-DDC0476EEFF3, cid=22-writeStateMachineData
	at org.apache.ratis.util.IOUtils.getFromFuture(IOUtils.java:87)
	at org.apache.ratis.server.raftlog.segmented.SegmentedRaftLogWorker$StateMachineDataPolicy.getFromFuture(SegmentedRaftLogWorker.java:87)
	at org.apache.ratis.server.raftlog.segmented.SegmentedRaftLogWorker$WriteLog.execute(SegmentedRaftLogWorker.java:477)
	at org.apache.ratis.server.raftlog.segmented.SegmentedRaftLogWorker.run(SegmentedRaftLogWorker.java:289)
	at java.lang.Thread.run(Thread.java:748)
Caused by: java.util.concurrent.TimeoutException
	at java.util.concurrent.CompletableFuture.timedGet(CompletableFuture.java:1771)
	at java.util.concurrent.CompletableFuture.get(CompletableFuture.java:1915)
	at org.apache.ratis.util.IOUtils.getFromFuture(IOUtils.java:79)
	... 4 more
2019-09-11 06:29:13,981 [16d0fe26-9857-4477-8b2c-205100b6d095@group-CAB34B64531B-SegmentedRaftLogWorker] WARN  segmented.SegmentedRaftLogWorker (SegmentedRaftLogWorker.java:getFromFuture(90)) - Timeout 6/~
org.apache.ratis.protocol.TimeoutIOException: Timeout 10s: WriteLog:8: (t:1, i:8), STATEMACHINELOGENTRY, client-DDC0476EEFF3, cid=22-writeStateMachineData
	at org.apache.ratis.util.IOUtils.getFromFuture(IOUtils.java:87)
	at org.apache.ratis.server.raftlog.segmented.SegmentedRaftLogWorker$StateMachineDataPolicy.getFromFuture(SegmentedRaftLogWorker.java:87)
	at org.apache.ratis.server.raftlog.segmented.SegmentedRaftLogWorker$WriteLog.execute(SegmentedRaftLogWorker.java:477)
	at org.apache.ratis.server.raftlog.segmented.SegmentedRaftLogWorker.run(SegmentedRaftLogWorker.java:289)
	at java.lang.Thread.run(Thread.java:748)
Caused by: java.util.concurrent.TimeoutException
	at java.util.concurrent.CompletableFuture.timedGet(CompletableFuture.java:1771)
	at java.util.concurrent.CompletableFuture.get(CompletableFuture.java:1915)
	at org.apache.ratis.util.IOUtils.getFromFuture(IOUtils.java:79)
	... 4 more
2019-09-11 06:29:14,406 [java.util.concurrent.ThreadPoolExecutor$Worker@6828608c[State = -1, empty queue]] WARN  server.GrpcLogAppender (GrpcLogAppender.java:timeoutAppendRequest(200)) - fbfdc5e7-35fe-4dec-93a8-24c91dabe6d4@group-CAB34B64531B->b3ae6e77-09f2-43a9-bb74-0baf269e9625-GrpcLogAppender: appendEntries Timeout, request=fbfdc5e7-35fe-4dec-93a8-24c91dabe6d4->b3ae6e77-09f2-43a9-bb74-0baf269e9625#37-t1, previous=(t:1, i:9), leaderCommit=6, initializing? false, entries: <empty>
2019-09-11 06:29:14,406 [java.util.concurrent.ThreadPoolExecutor$Worker@c8b29ab[State = -1, empty queue]] WARN  server.GrpcLogAppender (GrpcLogAppender.java:timeoutAppendRequest(200)) - fbfdc5e7-35fe-4dec-93a8-24c91dabe6d4@group-CAB34B64531B->16d0fe26-9857-4477-8b2c-205100b6d095-GrpcLogAppender: appendEntries Timeout, request=fbfdc5e7-35fe-4dec-93a8-24c91dabe6d4->16d0fe26-9857-4477-8b2c-205100b6d095#37-t1, previous=(t:1, i:9), leaderCommit=6, initializing? false, entries: <empty>
2019-09-11 06:29:14,688 [grpc-default-executor-6] INFO  client.GrpcClientProtocolClient (GrpcClientProtocolClient.java:onNext(264)) - client-DDC0476EEFF3->16d0fe26-9857-4477-8b2c-205100b6d095: receive RaftClientReply:client-DDC0476EEFF3->16d0fe26-9857-4477-8b2c-205100b6d095@group-CAB34B64531B, cid=21, FAILED org.apache.ratis.protocol.NotLeaderException: Server 16d0fe26-9857-4477-8b2c-205100b6d095@group-CAB34B64531B is not the leader fbfdc5e7-35fe-4dec-93a8-24c91dabe6d4:192.168.36.125:35103, logIndex=0, commits[16d0fe26-9857-4477-8b2c-205100b6d095:c6, b3ae6e77-09f2-43a9-bb74-0baf269e9625:c4, fbfdc5e7-35fe-4dec-93a8-24c91dabe6d4:c6]
2019-09-11 06:29:16,906 [java.util.concurrent.ThreadPoolExecutor$Worker@6828608c[State = -1, empty queue]] WARN  server.GrpcLogAppender (GrpcLogAppender.java:timeoutAppendRequest(200)) - fbfdc5e7-35fe-4dec-93a8-24c91dabe6d4@group-CAB34B64531B->b3ae6e77-09f2-43a9-bb74-0baf269e9625-GrpcLogAppender: appendEntries Timeout, request=fbfdc5e7-35fe-4dec-93a8-24c91dabe6d4->b3ae6e77-09f2-43a9-bb74-0baf269e9625#38-t1, previous=(t:1, i:9), leaderCommit=6, initializing? false, entries: <empty>
2019-09-11 06:29:16,906 [java.util.concurrent.ThreadPoolExecutor$Worker@c8b29ab[State = -1, empty queue]] WARN  server.GrpcLogAppender (GrpcLogAppender.java:timeoutAppendRequest(200)) - fbfdc5e7-35fe-4dec-93a8-24c91dabe6d4@group-CAB34B64531B->16d0fe26-9857-4477-8b2c-205100b6d095-GrpcLogAppender: appendEntries Timeout, request=fbfdc5e7-35fe-4dec-93a8-24c91dabe6d4->16d0fe26-9857-4477-8b2c-205100b6d095#38-t1, previous=(t:1, i:9), leaderCommit=6, initializing? false, entries: <empty>
2019-09-11 06:29:19,407 [java.util.concurrent.ThreadPoolExecutor$Worker@6828608c[State = -1, empty queue]] WARN  server.GrpcLogAppender (GrpcLogAppender.java:timeoutAppendRequest(200)) - fbfdc5e7-35fe-4dec-93a8-24c91dabe6d4@group-CAB34B64531B->b3ae6e77-09f2-43a9-bb74-0baf269e9625-GrpcLogAppender: appendEntries Timeout, request=fbfdc5e7-35fe-4dec-93a8-24c91dabe6d4->b3ae6e77-09f2-43a9-bb74-0baf269e9625#39-t1, previous=(t:1, i:9), leaderCommit=6, initializing? false, entries: <empty>
2019-09-11 06:29:19,407 [java.util.concurrent.ThreadPoolExecutor$Worker@c8b29ab[State = -1, empty queue]] WARN  server.GrpcLogAppender (GrpcLogAppender.java:timeoutAppendRequest(200)) - fbfdc5e7-35fe-4dec-93a8-24c91dabe6d4@group-CAB34B64531B->16d0fe26-9857-4477-8b2c-205100b6d095-GrpcLogAppender: appendEntries Timeout, request=fbfdc5e7-35fe-4dec-93a8-24c91dabe6d4->16d0fe26-9857-4477-8b2c-205100b6d095#39-t1, previous=(t:1, i:9), leaderCommit=6, initializing? false, entries: <empty>
2019-09-11 06:29:19,739 [grpc-default-executor-2] INFO  client.GrpcClientProtocolClient (GrpcClientProtocolClient.java:onNext(264)) - client-DDC0476EEFF3->16d0fe26-9857-4477-8b2c-205100b6d095: receive RaftClientReply:client-DDC0476EEFF3->16d0fe26-9857-4477-8b2c-205100b6d095@group-CAB34B64531B, cid=21, FAILED org.apache.ratis.protocol.NotLeaderException: Server 16d0fe26-9857-4477-8b2c-205100b6d095@group-CAB34B64531B is not the leader fbfdc5e7-35fe-4dec-93a8-24c91dabe6d4:192.168.36.125:35103, logIndex=0, commits[16d0fe26-9857-4477-8b2c-205100b6d095:c6, b3ae6e77-09f2-43a9-bb74-0baf269e9625:c4, fbfdc5e7-35fe-4dec-93a8-24c91dabe6d4:c6]
2019-09-11 06:29:21,907 [java.util.concurrent.ThreadPoolExecutor$Worker@6828608c[State = -1, empty queue]] WARN  server.GrpcLogAppender (GrpcLogAppender.java:timeoutAppendRequest(200)) - fbfdc5e7-35fe-4dec-93a8-24c91dabe6d4@group-CAB34B64531B->b3ae6e77-09f2-43a9-bb74-0baf269e9625-GrpcLogAppender: appendEntries Timeout, request=fbfdc5e7-35fe-4dec-93a8-24c91dabe6d4->b3ae6e77-09f2-43a9-bb74-0baf269e9625#40-t1, previous=(t:1, i:9), leaderCommit=6, initializing? false, entries: <empty>
2019-09-11 06:29:21,907 [java.util.concurrent.ThreadPoolExecutor$Worker@c8b29ab[State = -1, empty queue]] WARN  server.GrpcLogAppender (GrpcLogAppender.java:timeoutAppendRequest(200)) - fbfdc5e7-35fe-4dec-93a8-24c91dabe6d4@group-CAB34B64531B->16d0fe26-9857-4477-8b2c-205100b6d095-GrpcLogAppender: appendEntries Timeout, request=fbfdc5e7-35fe-4dec-93a8-24c91dabe6d4->16d0fe26-9857-4477-8b2c-205100b6d095#40-t1, previous=(t:1, i:9), leaderCommit=6, initializing? false, entries: <empty>
2019-09-11 06:29:23,982 [b3ae6e77-09f2-43a9-bb74-0baf269e9625@group-CAB34B64531B-SegmentedRaftLogWorker] WARN  segmented.SegmentedRaftLogWorker (SegmentedRaftLogWorker.java:getFromFuture(90)) - Timeout 7/~
org.apache.ratis.protocol.TimeoutIOException: Timeout 10s: WriteLog:8: (t:1, i:8), STATEMACHINELOGENTRY, client-DDC0476EEFF3, cid=22-writeStateMachineData
	at org.apache.ratis.util.IOUtils.getFromFuture(IOUtils.java:87)
	at org.apache.ratis.server.raftlog.segmented.SegmentedRaftLogWorker$StateMachineDataPolicy.getFromFuture(SegmentedRaftLogWorker.java:87)
	at org.apache.ratis.server.raftlog.segmented.SegmentedRaftLogWorker$WriteLog.execute(SegmentedRaftLogWorker.java:477)
	at org.apache.ratis.server.raftlog.segmented.SegmentedRaftLogWorker.run(SegmentedRaftLogWorker.java:289)
	at java.lang.Thread.run(Thread.java:748)
Caused by: java.util.concurrent.TimeoutException
	at java.util.concurrent.CompletableFuture.timedGet(CompletableFuture.java:1771)
	at java.util.concurrent.CompletableFuture.get(CompletableFuture.java:1915)
	at org.apache.ratis.util.IOUtils.getFromFuture(IOUtils.java:79)
	... 4 more
2019-09-11 06:29:23,995 [fbfdc5e7-35fe-4dec-93a8-24c91dabe6d4@group-CAB34B64531B-SegmentedRaftLogWorker] WARN  segmented.SegmentedRaftLogWorker (SegmentedRaftLogWorker.java:getFromFuture(90)) - Timeout 7/~
org.apache.ratis.protocol.TimeoutIOException: Timeout 10s: WriteLog:8: (t:1, i:8), STATEMACHINELOGENTRY, client-DDC0476EEFF3, cid=22-writeStateMachineData
	at org.apache.ratis.util.IOUtils.getFromFuture(IOUtils.java:87)
	at org.apache.ratis.server.raftlog.segmented.SegmentedRaftLogWorker$StateMachineDataPolicy.getFromFuture(SegmentedRaftLogWorker.java:87)
	at org.apache.ratis.server.raftlog.segmented.SegmentedRaftLogWorker$WriteLog.execute(SegmentedRaftLogWorker.java:477)
	at org.apache.ratis.server.raftlog.segmented.SegmentedRaftLogWorker.run(SegmentedRaftLogWorker.java:289)
	at java.lang.Thread.run(Thread.java:748)
Caused by: java.util.concurrent.TimeoutException
	at java.util.concurrent.CompletableFuture.timedGet(CompletableFuture.java:1771)
	at java.util.concurrent.CompletableFuture.get(CompletableFuture.java:1915)
	at org.apache.ratis.util.IOUtils.getFromFuture(IOUtils.java:79)
	... 4 more
2019-09-11 06:29:23,996 [16d0fe26-9857-4477-8b2c-205100b6d095@group-CAB34B64531B-SegmentedRaftLogWorker] WARN  segmented.SegmentedRaftLogWorker (SegmentedRaftLogWorker.java:getFromFuture(90)) - Timeout 7/~
org.apache.ratis.protocol.TimeoutIOException: Timeout 10s: WriteLog:8: (t:1, i:8), STATEMACHINELOGENTRY, client-DDC0476EEFF3, cid=22-writeStateMachineData
	at org.apache.ratis.util.IOUtils.getFromFuture(IOUtils.java:87)
	at org.apache.ratis.server.raftlog.segmented.SegmentedRaftLogWorker$StateMachineDataPolicy.getFromFuture(SegmentedRaftLogWorker.java:87)
	at org.apache.ratis.server.raftlog.segmented.SegmentedRaftLogWorker$WriteLog.execute(SegmentedRaftLogWorker.java:477)
	at org.apache.ratis.server.raftlog.segmented.SegmentedRaftLogWorker.run(SegmentedRaftLogWorker.java:289)
	at java.lang.Thread.run(Thread.java:748)
Caused by: java.util.concurrent.TimeoutException
	at java.util.concurrent.CompletableFuture.timedGet(CompletableFuture.java:1771)
	at java.util.concurrent.CompletableFuture.get(CompletableFuture.java:1915)
	at org.apache.ratis.util.IOUtils.getFromFuture(IOUtils.java:79)
	... 4 more
2019-09-11 06:29:24,408 [java.util.concurrent.ThreadPoolExecutor$Worker@6828608c[State = -1, empty queue]] WARN  server.GrpcLogAppender (GrpcLogAppender.java:timeoutAppendRequest(200)) - fbfdc5e7-35fe-4dec-93a8-24c91dabe6d4@group-CAB34B64531B->b3ae6e77-09f2-43a9-bb74-0baf269e9625-GrpcLogAppender: appendEntries Timeout, request=fbfdc5e7-35fe-4dec-93a8-24c91dabe6d4->b3ae6e77-09f2-43a9-bb74-0baf269e9625#41-t1, previous=(t:1, i:9), leaderCommit=6, initializing? false, entries: <empty>
2019-09-11 06:29:24,408 [java.util.concurrent.ThreadPoolExecutor$Worker@c8b29ab[State = -1, empty queue]] WARN  server.GrpcLogAppender (GrpcLogAppender.java:timeoutAppendRequest(200)) - fbfdc5e7-35fe-4dec-93a8-24c91dabe6d4@group-CAB34B64531B->16d0fe26-9857-4477-8b2c-205100b6d095-GrpcLogAppender: appendEntries Timeout, request=fbfdc5e7-35fe-4dec-93a8-24c91dabe6d4->16d0fe26-9857-4477-8b2c-205100b6d095#41-t1, previous=(t:1, i:9), leaderCommit=6, initializing? false, entries: <empty>
2019-09-11 06:29:24,792 [grpc-default-executor-6] INFO  client.GrpcClientProtocolClient (GrpcClientProtocolClient.java:onNext(264)) - client-DDC0476EEFF3->b3ae6e77-09f2-43a9-bb74-0baf269e9625: receive RaftClientReply:client-DDC0476EEFF3->b3ae6e77-09f2-43a9-bb74-0baf269e9625@group-CAB34B64531B, cid=21, FAILED org.apache.ratis.protocol.NotLeaderException: Server b3ae6e77-09f2-43a9-bb74-0baf269e9625@group-CAB34B64531B is not the leader fbfdc5e7-35fe-4dec-93a8-24c91dabe6d4:192.168.36.125:35103, logIndex=0, commits[b3ae6e77-09f2-43a9-bb74-0baf269e9625:c6, 16d0fe26-9857-4477-8b2c-205100b6d095:c4, fbfdc5e7-35fe-4dec-93a8-24c91dabe6d4:c6]
2019-09-11 06:29:26,908 [java.util.concurrent.ThreadPoolExecutor$Worker@6828608c[State = -1, empty queue]] WARN  server.GrpcLogAppender (GrpcLogAppender.java:timeoutAppendRequest(200)) - fbfdc5e7-35fe-4dec-93a8-24c91dabe6d4@group-CAB34B64531B->b3ae6e77-09f2-43a9-bb74-0baf269e9625-GrpcLogAppender: appendEntries Timeout, request=fbfdc5e7-35fe-4dec-93a8-24c91dabe6d4->b3ae6e77-09f2-43a9-bb74-0baf269e9625#42-t1, previous=(t:1, i:9), leaderCommit=6, initializing? false, entries: <empty>
2019-09-11 06:29:26,909 [java.util.concurrent.ThreadPoolExecutor$Worker@c8b29ab[State = -1, empty queue]] WARN  server.GrpcLogAppender (GrpcLogAppender.java:timeoutAppendRequest(200)) - fbfdc5e7-35fe-4dec-93a8-24c91dabe6d4@group-CAB34B64531B->16d0fe26-9857-4477-8b2c-205100b6d095-GrpcLogAppender: appendEntries Timeout, request=fbfdc5e7-35fe-4dec-93a8-24c91dabe6d4->16d0fe26-9857-4477-8b2c-205100b6d095#42-t1, previous=(t:1, i:9), leaderCommit=6, initializing? false, entries: <empty>
2019-09-11 06:29:29,408 [java.util.concurrent.ThreadPoolExecutor$Worker@6828608c[State = -1, empty queue]] WARN  server.GrpcLogAppender (GrpcLogAppender.java:timeoutAppendRequest(200)) - fbfdc5e7-35fe-4dec-93a8-24c91dabe6d4@group-CAB34B64531B->b3ae6e77-09f2-43a9-bb74-0baf269e9625-GrpcLogAppender: appendEntries Timeout, request=fbfdc5e7-35fe-4dec-93a8-24c91dabe6d4->b3ae6e77-09f2-43a9-bb74-0baf269e9625#43-t1, previous=(t:1, i:9), leaderCommit=6, initializing? false, entries: <empty>
2019-09-11 06:29:29,409 [java.util.concurrent.ThreadPoolExecutor$Worker@c8b29ab[State = -1, empty queue]] WARN  server.GrpcLogAppender (GrpcLogAppender.java:timeoutAppendRequest(200)) - fbfdc5e7-35fe-4dec-93a8-24c91dabe6d4@group-CAB34B64531B->16d0fe26-9857-4477-8b2c-205100b6d095-GrpcLogAppender: appendEntries Timeout, request=fbfdc5e7-35fe-4dec-93a8-24c91dabe6d4->16d0fe26-9857-4477-8b2c-205100b6d095#43-t1, previous=(t:1, i:9), leaderCommit=6, initializing? false, entries: <empty>
2019-09-11 06:29:29,829 [grpc-default-executor-6] INFO  client.GrpcClientProtocolClient (GrpcClientProtocolClient.java:onNext(264)) - client-DDC0476EEFF3->16d0fe26-9857-4477-8b2c-205100b6d095: receive RaftClientReply:client-DDC0476EEFF3->16d0fe26-9857-4477-8b2c-205100b6d095@group-CAB34B64531B, cid=21, FAILED org.apache.ratis.protocol.NotLeaderException: Server 16d0fe26-9857-4477-8b2c-205100b6d095@group-CAB34B64531B is not the leader fbfdc5e7-35fe-4dec-93a8-24c91dabe6d4:192.168.36.125:35103, logIndex=0, commits[16d0fe26-9857-4477-8b2c-205100b6d095:c6, b3ae6e77-09f2-43a9-bb74-0baf269e9625:c4, fbfdc5e7-35fe-4dec-93a8-24c91dabe6d4:c6]
2019-09-11 06:29:31,909 [java.util.concurrent.ThreadPoolExecutor$Worker@6828608c[State = -1, empty queue]] WARN  server.GrpcLogAppender (GrpcLogAppender.java:timeoutAppendRequest(200)) - fbfdc5e7-35fe-4dec-93a8-24c91dabe6d4@group-CAB34B64531B->b3ae6e77-09f2-43a9-bb74-0baf269e9625-GrpcLogAppender: appendEntries Timeout, request=fbfdc5e7-35fe-4dec-93a8-24c91dabe6d4->b3ae6e77-09f2-43a9-bb74-0baf269e9625#44-t1, previous=(t:1, i:9), leaderCommit=6, initializing? false, entries: <empty>
2019-09-11 06:29:31,909 [java.util.concurrent.ThreadPoolExecutor$Worker@c8b29ab[State = -1, empty queue]] WARN  server.GrpcLogAppender (GrpcLogAppender.java:timeoutAppendRequest(200)) - fbfdc5e7-35fe-4dec-93a8-24c91dabe6d4@group-CAB34B64531B->16d0fe26-9857-4477-8b2c-205100b6d095-GrpcLogAppender: appendEntries Timeout, request=fbfdc5e7-35fe-4dec-93a8-24c91dabe6d4->16d0fe26-9857-4477-8b2c-205100b6d095#44-t1, previous=(t:1, i:9), leaderCommit=6, initializing? false, entries: <empty>
2019-09-11 06:29:33,983 [b3ae6e77-09f2-43a9-bb74-0baf269e9625@group-CAB34B64531B-SegmentedRaftLogWorker] WARN  segmented.SegmentedRaftLogWorker (SegmentedRaftLogWorker.java:getFromFuture(90)) - Timeout 8/~
org.apache.ratis.protocol.TimeoutIOException: Timeout 10s: WriteLog:8: (t:1, i:8), STATEMACHINELOGENTRY, client-DDC0476EEFF3, cid=22-writeStateMachineData
	at org.apache.ratis.util.IOUtils.getFromFuture(IOUtils.java:87)
	at org.apache.ratis.server.raftlog.segmented.SegmentedRaftLogWorker$StateMachineDataPolicy.getFromFuture(SegmentedRaftLogWorker.java:87)
	at org.apache.ratis.server.raftlog.segmented.SegmentedRaftLogWorker$WriteLog.execute(SegmentedRaftLogWorker.java:477)
	at org.apache.ratis.server.raftlog.segmented.SegmentedRaftLogWorker.run(SegmentedRaftLogWorker.java:289)
	at java.lang.Thread.run(Thread.java:748)
Caused by: java.util.concurrent.TimeoutException
	at java.util.concurrent.CompletableFuture.timedGet(CompletableFuture.java:1771)
	at java.util.concurrent.CompletableFuture.get(CompletableFuture.java:1915)
	at org.apache.ratis.util.IOUtils.getFromFuture(IOUtils.java:79)
	... 4 more
2019-09-11 06:29:33,996 [fbfdc5e7-35fe-4dec-93a8-24c91dabe6d4@group-CAB34B64531B-SegmentedRaftLogWorker] WARN  segmented.SegmentedRaftLogWorker (SegmentedRaftLogWorker.java:getFromFuture(90)) - Timeout 8/~
org.apache.ratis.protocol.TimeoutIOException: Timeout 10s: WriteLog:8: (t:1, i:8), STATEMACHINELOGENTRY, client-DDC0476EEFF3, cid=22-writeStateMachineData
	at org.apache.ratis.util.IOUtils.getFromFuture(IOUtils.java:87)
	at org.apache.ratis.server.raftlog.segmented.SegmentedRaftLogWorker$StateMachineDataPolicy.getFromFuture(SegmentedRaftLogWorker.java:87)
	at org.apache.ratis.server.raftlog.segmented.SegmentedRaftLogWorker$WriteLog.execute(SegmentedRaftLogWorker.java:477)
	at org.apache.ratis.server.raftlog.segmented.SegmentedRaftLogWorker.run(SegmentedRaftLogWorker.java:289)
	at java.lang.Thread.run(Thread.java:748)
Caused by: java.util.concurrent.TimeoutException
	at java.util.concurrent.CompletableFuture.timedGet(CompletableFuture.java:1771)
	at java.util.concurrent.CompletableFuture.get(CompletableFuture.java:1915)
	at org.apache.ratis.util.IOUtils.getFromFuture(IOUtils.java:79)
	... 4 more
2019-09-11 06:29:33,996 [16d0fe26-9857-4477-8b2c-205100b6d095@group-CAB34B64531B-SegmentedRaftLogWorker] WARN  segmented.SegmentedRaftLogWorker (SegmentedRaftLogWorker.java:getFromFuture(90)) - Timeout 8/~
org.apache.ratis.protocol.TimeoutIOException: Timeout 10s: WriteLog:8: (t:1, i:8), STATEMACHINELOGENTRY, client-DDC0476EEFF3, cid=22-writeStateMachineData
	at org.apache.ratis.util.IOUtils.getFromFuture(IOUtils.java:87)
	at org.apache.ratis.server.raftlog.segmented.SegmentedRaftLogWorker$StateMachineDataPolicy.getFromFuture(SegmentedRaftLogWorker.java:87)
	at org.apache.ratis.server.raftlog.segmented.SegmentedRaftLogWorker$WriteLog.execute(SegmentedRaftLogWorker.java:477)
	at org.apache.ratis.server.raftlog.segmented.SegmentedRaftLogWorker.run(SegmentedRaftLogWorker.java:289)
	at java.lang.Thread.run(Thread.java:748)
Caused by: java.util.concurrent.TimeoutException
	at java.util.concurrent.CompletableFuture.timedGet(CompletableFuture.java:1771)
	at java.util.concurrent.CompletableFuture.get(CompletableFuture.java:1915)
	at org.apache.ratis.util.IOUtils.getFromFuture(IOUtils.java:79)
	... 4 more
2019-09-11 06:29:34,409 [java.util.concurrent.ThreadPoolExecutor$Worker@6828608c[State = -1, empty queue]] WARN  server.GrpcLogAppender (GrpcLogAppender.java:timeoutAppendRequest(200)) - fbfdc5e7-35fe-4dec-93a8-24c91dabe6d4@group-CAB34B64531B->b3ae6e77-09f2-43a9-bb74-0baf269e9625-GrpcLogAppender: appendEntries Timeout, request=fbfdc5e7-35fe-4dec-93a8-24c91dabe6d4->b3ae6e77-09f2-43a9-bb74-0baf269e9625#45-t1, previous=(t:1, i:9), leaderCommit=6, initializing? false, entries: <empty>
2019-09-11 06:29:34,410 [java.util.concurrent.ThreadPoolExecutor$Worker@c8b29ab[State = -1, empty queue]] WARN  server.GrpcLogAppender (GrpcLogAppender.java:timeoutAppendRequest(200)) - fbfdc5e7-35fe-4dec-93a8-24c91dabe6d4@group-CAB34B64531B->16d0fe26-9857-4477-8b2c-205100b6d095-GrpcLogAppender: appendEntries Timeout, request=fbfdc5e7-35fe-4dec-93a8-24c91dabe6d4->16d0fe26-9857-4477-8b2c-205100b6d095#45-t1, previous=(t:1, i:9), leaderCommit=6, initializing? false, entries: <empty>
2019-09-11 06:29:34,869 [grpc-default-executor-5] INFO  client.GrpcClientProtocolClient (GrpcClientProtocolClient.java:onNext(264)) - client-DDC0476EEFF3->b3ae6e77-09f2-43a9-bb74-0baf269e9625: receive RaftClientReply:client-DDC0476EEFF3->b3ae6e77-09f2-43a9-bb74-0baf269e9625@group-CAB34B64531B, cid=21, FAILED org.apache.ratis.protocol.NotLeaderException: Server b3ae6e77-09f2-43a9-bb74-0baf269e9625@group-CAB34B64531B is not the leader fbfdc5e7-35fe-4dec-93a8-24c91dabe6d4:192.168.36.125:35103, logIndex=0, commits[b3ae6e77-09f2-43a9-bb74-0baf269e9625:c6, 16d0fe26-9857-4477-8b2c-205100b6d095:c4, fbfdc5e7-35fe-4dec-93a8-24c91dabe6d4:c6]
2019-09-11 06:29:36,909 [java.util.concurrent.ThreadPoolExecutor$Worker@6828608c[State = -1, empty queue]] WARN  server.GrpcLogAppender (GrpcLogAppender.java:timeoutAppendRequest(200)) - fbfdc5e7-35fe-4dec-93a8-24c91dabe6d4@group-CAB34B64531B->b3ae6e77-09f2-43a9-bb74-0baf269e9625-GrpcLogAppender: appendEntries Timeout, request=fbfdc5e7-35fe-4dec-93a8-24c91dabe6d4->b3ae6e77-09f2-43a9-bb74-0baf269e9625#46-t1, previous=(t:1, i:9), leaderCommit=6, initializing? false, entries: <empty>
2019-09-11 06:29:36,910 [java.util.concurrent.ThreadPoolExecutor$Worker@c8b29ab[State = -1, empty queue]] WARN  server.GrpcLogAppender (GrpcLogAppender.java:timeoutAppendRequest(200)) - fbfdc5e7-35fe-4dec-93a8-24c91dabe6d4@group-CAB34B64531B->16d0fe26-9857-4477-8b2c-205100b6d095-GrpcLogAppender: appendEntries Timeout, request=fbfdc5e7-35fe-4dec-93a8-24c91dabe6d4->16d0fe26-9857-4477-8b2c-205100b6d095#46-t1, previous=(t:1, i:9), leaderCommit=6, initializing? false, entries: <empty>
2019-09-11 06:29:39,410 [java.util.concurrent.ThreadPoolExecutor$Worker@6828608c[State = -1, empty queue]] WARN  server.GrpcLogAppender (GrpcLogAppender.java:timeoutAppendRequest(200)) - fbfdc5e7-35fe-4dec-93a8-24c91dabe6d4@group-CAB34B64531B->b3ae6e77-09f2-43a9-bb74-0baf269e9625-GrpcLogAppender: appendEntries Timeout, request=fbfdc5e7-35fe-4dec-93a8-24c91dabe6d4->b3ae6e77-09f2-43a9-bb74-0baf269e9625#47-t1, previous=(t:1, i:9), leaderCommit=6, initializing? false, entries: <empty>
2019-09-11 06:29:39,410 [java.util.concurrent.ThreadPoolExecutor$Worker@c8b29ab[State = -1, empty queue]] WARN  server.GrpcLogAppender (GrpcLogAppender.java:timeoutAppendRequest(200)) - fbfdc5e7-35fe-4dec-93a8-24c91dabe6d4@group-CAB34B64531B->16d0fe26-9857-4477-8b2c-205100b6d095-GrpcLogAppender: appendEntries Timeout, request=fbfdc5e7-35fe-4dec-93a8-24c91dabe6d4->16d0fe26-9857-4477-8b2c-205100b6d095#47-t1, previous=(t:1, i:9), leaderCommit=6, initializing? false, entries: <empty>
2019-09-11 06:29:39,929 [grpc-default-executor-6] INFO  client.GrpcClientProtocolClient (GrpcClientProtocolClient.java:onNext(264)) - client-DDC0476EEFF3->b3ae6e77-09f2-43a9-bb74-0baf269e9625: receive RaftClientReply:client-DDC0476EEFF3->b3ae6e77-09f2-43a9-bb74-0baf269e9625@group-CAB34B64531B, cid=21, FAILED org.apache.ratis.protocol.NotLeaderException: Server b3ae6e77-09f2-43a9-bb74-0baf269e9625@group-CAB34B64531B is not the leader fbfdc5e7-35fe-4dec-93a8-24c91dabe6d4:192.168.36.125:35103, logIndex=0, commits[b3ae6e77-09f2-43a9-bb74-0baf269e9625:c6, 16d0fe26-9857-4477-8b2c-205100b6d095:c4, fbfdc5e7-35fe-4dec-93a8-24c91dabe6d4:c6]
2019-09-11 06:29:41,912 [java.util.concurrent.ThreadPoolExecutor$Worker@6828608c[State = -1, empty queue]] WARN  server.GrpcLogAppender (GrpcLogAppender.java:timeoutAppendRequest(200)) - fbfdc5e7-35fe-4dec-93a8-24c91dabe6d4@group-CAB34B64531B->b3ae6e77-09f2-43a9-bb74-0baf269e9625-GrpcLogAppender: appendEntries Timeout, request=fbfdc5e7-35fe-4dec-93a8-24c91dabe6d4->b3ae6e77-09f2-43a9-bb74-0baf269e9625#48-t1, previous=(t:1, i:9), leaderCommit=6, initializing? false, entries: <empty>
2019-09-11 06:29:41,912 [java.util.concurrent.ThreadPoolExecutor$Worker@c8b29ab[State = -1, empty queue]] WARN  server.GrpcLogAppender (GrpcLogAppender.java:timeoutAppendRequest(200)) - fbfdc5e7-35fe-4dec-93a8-24c91dabe6d4@group-CAB34B64531B->16d0fe26-9857-4477-8b2c-205100b6d095-GrpcLogAppender: appendEntries Timeout, request=fbfdc5e7-35fe-4dec-93a8-24c91dabe6d4->16d0fe26-9857-4477-8b2c-205100b6d095#48-t1, previous=(t:1, i:9), leaderCommit=6, initializing? false, entries: <empty>
2019-09-11 06:29:43,984 [b3ae6e77-09f2-43a9-bb74-0baf269e9625@group-CAB34B64531B-SegmentedRaftLogWorker] WARN  segmented.SegmentedRaftLogWorker (SegmentedRaftLogWorker.java:getFromFuture(90)) - Timeout 9/~
org.apache.ratis.protocol.TimeoutIOException: Timeout 10s: WriteLog:8: (t:1, i:8), STATEMACHINELOGENTRY, client-DDC0476EEFF3, cid=22-writeStateMachineData
	at org.apache.ratis.util.IOUtils.getFromFuture(IOUtils.java:87)
	at org.apache.ratis.server.raftlog.segmented.SegmentedRaftLogWorker$StateMachineDataPolicy.getFromFuture(SegmentedRaftLogWorker.java:87)
	at org.apache.ratis.server.raftlog.segmented.SegmentedRaftLogWorker$WriteLog.execute(SegmentedRaftLogWorker.java:477)
	at org.apache.ratis.server.raftlog.segmented.SegmentedRaftLogWorker.run(SegmentedRaftLogWorker.java:289)
	at java.lang.Thread.run(Thread.java:748)
Caused by: java.util.concurrent.TimeoutException
	at java.util.concurrent.CompletableFuture.timedGet(CompletableFuture.java:1771)
	at java.util.concurrent.CompletableFuture.get(CompletableFuture.java:1915)
	at org.apache.ratis.util.IOUtils.getFromFuture(IOUtils.java:79)
	... 4 more
2019-09-11 06:29:43,997 [fbfdc5e7-35fe-4dec-93a8-24c91dabe6d4@group-CAB34B64531B-SegmentedRaftLogWorker] WARN  segmented.SegmentedRaftLogWorker (SegmentedRaftLogWorker.java:getFromFuture(90)) - Timeout 9/~
org.apache.ratis.protocol.TimeoutIOException: Timeout 10s: WriteLog:8: (t:1, i:8), STATEMACHINELOGENTRY, client-DDC0476EEFF3, cid=22-writeStateMachineData
	at org.apache.ratis.util.IOUtils.getFromFuture(IOUtils.java:87)
	at org.apache.ratis.server.raftlog.segmented.SegmentedRaftLogWorker$StateMachineDataPolicy.getFromFuture(SegmentedRaftLogWorker.java:87)
	at org.apache.ratis.server.raftlog.segmented.SegmentedRaftLogWorker$WriteLog.execute(SegmentedRaftLogWorker.java:477)
	at org.apache.ratis.server.raftlog.segmented.SegmentedRaftLogWorker.run(SegmentedRaftLogWorker.java:289)
	at java.lang.Thread.run(Thread.java:748)
Caused by: java.util.concurrent.TimeoutException
	at java.util.concurrent.CompletableFuture.timedGet(CompletableFuture.java:1771)
	at java.util.concurrent.CompletableFuture.get(CompletableFuture.java:1915)
	at org.apache.ratis.util.IOUtils.getFromFuture(IOUtils.java:79)
	... 4 more
2019-09-11 06:29:43,999 [16d0fe26-9857-4477-8b2c-205100b6d095@group-CAB34B64531B-SegmentedRaftLogWorker] WARN  segmented.SegmentedRaftLogWorker (SegmentedRaftLogWorker.java:getFromFuture(90)) - Timeout 9/~
org.apache.ratis.protocol.TimeoutIOException: Timeout 10s: WriteLog:8: (t:1, i:8), STATEMACHINELOGENTRY, client-DDC0476EEFF3, cid=22-writeStateMachineData
	at org.apache.ratis.util.IOUtils.getFromFuture(IOUtils.java:87)
	at org.apache.ratis.server.raftlog.segmented.SegmentedRaftLogWorker$StateMachineDataPolicy.getFromFuture(SegmentedRaftLogWorker.java:87)
	at org.apache.ratis.server.raftlog.segmented.SegmentedRaftLogWorker$WriteLog.execute(SegmentedRaftLogWorker.java:477)
	at org.apache.ratis.server.raftlog.segmented.SegmentedRaftLogWorker.run(SegmentedRaftLogWorker.java:289)
	at java.lang.Thread.run(Thread.java:748)
Caused by: java.util.concurrent.TimeoutException
	at java.util.concurrent.CompletableFuture.timedGet(CompletableFuture.java:1771)
	at java.util.concurrent.CompletableFuture.get(CompletableFuture.java:1915)
	at org.apache.ratis.util.IOUtils.getFromFuture(IOUtils.java:79)
	... 4 more
2019-09-11 06:29:44,413 [java.util.concurrent.ThreadPoolExecutor$Worker@6828608c[State = -1, empty queue]] WARN  server.GrpcLogAppender (GrpcLogAppender.java:timeoutAppendRequest(200)) - fbfdc5e7-35fe-4dec-93a8-24c91dabe6d4@group-CAB34B64531B->b3ae6e77-09f2-43a9-bb74-0baf269e9625-GrpcLogAppender: appendEntries Timeout, request=fbfdc5e7-35fe-4dec-93a8-24c91dabe6d4->b3ae6e77-09f2-43a9-bb74-0baf269e9625#49-t1, previous=(t:1, i:9), leaderCommit=6, initializing? false, entries: <empty>
2019-09-11 06:29:44,413 [java.util.concurrent.ThreadPoolExecutor$Worker@c8b29ab[State = -1, empty queue]] WARN  server.GrpcLogAppender (GrpcLogAppender.java:timeoutAppendRequest(200)) - fbfdc5e7-35fe-4dec-93a8-24c91dabe6d4@group-CAB34B64531B->16d0fe26-9857-4477-8b2c-205100b6d095-GrpcLogAppender: appendEntries Timeout, request=fbfdc5e7-35fe-4dec-93a8-24c91dabe6d4->16d0fe26-9857-4477-8b2c-205100b6d095#49-t1, previous=(t:1, i:9), leaderCommit=6, initializing? false, entries: <empty>
2019-09-11 06:29:44,998 [grpc-default-executor-2] INFO  client.GrpcClientProtocolClient (GrpcClientProtocolClient.java:onNext(264)) - client-DDC0476EEFF3->16d0fe26-9857-4477-8b2c-205100b6d095: receive RaftClientReply:client-DDC0476EEFF3->16d0fe26-9857-4477-8b2c-205100b6d095@group-CAB34B64531B, cid=21, FAILED org.apache.ratis.protocol.NotLeaderException: Server 16d0fe26-9857-4477-8b2c-205100b6d095@group-CAB34B64531B is not the leader fbfdc5e7-35fe-4dec-93a8-24c91dabe6d4:192.168.36.125:35103, logIndex=0, commits[16d0fe26-9857-4477-8b2c-205100b6d095:c6, b3ae6e77-09f2-43a9-bb74-0baf269e9625:c4, fbfdc5e7-35fe-4dec-93a8-24c91dabe6d4:c6]
2019-09-11 06:29:46,913 [java.util.concurrent.ThreadPoolExecutor$Worker@6828608c[State = -1, empty queue]] WARN  server.GrpcLogAppender (GrpcLogAppender.java:timeoutAppendRequest(200)) - fbfdc5e7-35fe-4dec-93a8-24c91dabe6d4@group-CAB34B64531B->b3ae6e77-09f2-43a9-bb74-0baf269e9625-GrpcLogAppender: appendEntries Timeout, request=fbfdc5e7-35fe-4dec-93a8-24c91dabe6d4->b3ae6e77-09f2-43a9-bb74-0baf269e9625#50-t1, previous=(t:1, i:9), leaderCommit=6, initializing? false, entries: <empty>
2019-09-11 06:29:46,913 [java.util.concurrent.ThreadPoolExecutor$Worker@c8b29ab[State = -1, empty queue]] WARN  server.GrpcLogAppender (GrpcLogAppender.java:timeoutAppendRequest(200)) - fbfdc5e7-35fe-4dec-93a8-24c91dabe6d4@group-CAB34B64531B->16d0fe26-9857-4477-8b2c-205100b6d095-GrpcLogAppender: appendEntries Timeout, request=fbfdc5e7-35fe-4dec-93a8-24c91dabe6d4->16d0fe26-9857-4477-8b2c-205100b6d095#50-t1, previous=(t:1, i:9), leaderCommit=6, initializing? false, entries: <empty>
2019-09-11 06:29:49,414 [java.util.concurrent.ThreadPoolExecutor$Worker@c8b29ab[State = -1, empty queue]] WARN  server.GrpcLogAppender (GrpcLogAppender.java:timeoutAppendRequest(200)) - fbfdc5e7-35fe-4dec-93a8-24c91dabe6d4@group-CAB34B64531B->16d0fe26-9857-4477-8b2c-205100b6d095-GrpcLogAppender: appendEntries Timeout, request=fbfdc5e7-35fe-4dec-93a8-24c91dabe6d4->16d0fe26-9857-4477-8b2c-205100b6d095#51-t1, previous=(t:1, i:9), leaderCommit=6, initializing? false, entries: <empty>
2019-09-11 06:29:49,414 [java.util.concurrent.ThreadPoolExecutor$Worker@6828608c[State = -1, empty queue]] WARN  server.GrpcLogAppender (GrpcLogAppender.java:timeoutAppendRequest(200)) - fbfdc5e7-35fe-4dec-93a8-24c91dabe6d4@group-CAB34B64531B->b3ae6e77-09f2-43a9-bb74-0baf269e9625-GrpcLogAppender: appendEntries Timeout, request=fbfdc5e7-35fe-4dec-93a8-24c91dabe6d4->b3ae6e77-09f2-43a9-bb74-0baf269e9625#51-t1, previous=(t:1, i:9), leaderCommit=6, initializing? false, entries: <empty>
2019-09-11 06:29:50,048 [grpc-default-executor-6] INFO  client.GrpcClientProtocolClient (GrpcClientProtocolClient.java:onNext(264)) - client-DDC0476EEFF3->16d0fe26-9857-4477-8b2c-205100b6d095: receive RaftClientReply:client-DDC0476EEFF3->16d0fe26-9857-4477-8b2c-205100b6d095@group-CAB34B64531B, cid=21, FAILED org.apache.ratis.protocol.NotLeaderException: Server 16d0fe26-9857-4477-8b2c-205100b6d095@group-CAB34B64531B is not the leader fbfdc5e7-35fe-4dec-93a8-24c91dabe6d4:192.168.36.125:35103, logIndex=0, commits[16d0fe26-9857-4477-8b2c-205100b6d095:c6, b3ae6e77-09f2-43a9-bb74-0baf269e9625:c4, fbfdc5e7-35fe-4dec-93a8-24c91dabe6d4:c6]
2019-09-11 06:29:51,914 [java.util.concurrent.ThreadPoolExecutor$Worker@c8b29ab[State = -1, empty queue]] WARN  server.GrpcLogAppender (GrpcLogAppender.java:timeoutAppendRequest(200)) - fbfdc5e7-35fe-4dec-93a8-24c91dabe6d4@group-CAB34B64531B->16d0fe26-9857-4477-8b2c-205100b6d095-GrpcLogAppender: appendEntries Timeout, request=fbfdc5e7-35fe-4dec-93a8-24c91dabe6d4->16d0fe26-9857-4477-8b2c-205100b6d095#52-t1, previous=(t:1, i:9), leaderCommit=6, initializing? false, entries: <empty>
2019-09-11 06:29:51,914 [java.util.concurrent.ThreadPoolExecutor$Worker@6828608c[State = -1, empty queue]] WARN  server.GrpcLogAppender (GrpcLogAppender.java:timeoutAppendRequest(200)) - fbfdc5e7-35fe-4dec-93a8-24c91dabe6d4@group-CAB34B64531B->b3ae6e77-09f2-43a9-bb74-0baf269e9625-GrpcLogAppender: appendEntries Timeout, request=fbfdc5e7-35fe-4dec-93a8-24c91dabe6d4->b3ae6e77-09f2-43a9-bb74-0baf269e9625#52-t1, previous=(t:1, i:9), leaderCommit=6, initializing? false, entries: <empty>
2019-09-11 06:29:53,985 [b3ae6e77-09f2-43a9-bb74-0baf269e9625@group-CAB34B64531B-SegmentedRaftLogWorker] WARN  segmented.SegmentedRaftLogWorker (SegmentedRaftLogWorker.java:getFromFuture(90)) - Timeout 10/~
org.apache.ratis.protocol.TimeoutIOException: Timeout 10s: WriteLog:8: (t:1, i:8), STATEMACHINELOGENTRY, client-DDC0476EEFF3, cid=22-writeStateMachineData
	at org.apache.ratis.util.IOUtils.getFromFuture(IOUtils.java:87)
	at org.apache.ratis.server.raftlog.segmented.SegmentedRaftLogWorker$StateMachineDataPolicy.getFromFuture(SegmentedRaftLogWorker.java:87)
	at org.apache.ratis.server.raftlog.segmented.SegmentedRaftLogWorker$WriteLog.execute(SegmentedRaftLogWorker.java:477)
	at org.apache.ratis.server.raftlog.segmented.SegmentedRaftLogWorker.run(SegmentedRaftLogWorker.java:289)
	at java.lang.Thread.run(Thread.java:748)
Caused by: java.util.concurrent.TimeoutException
	at java.util.concurrent.CompletableFuture.timedGet(CompletableFuture.java:1771)
	at java.util.concurrent.CompletableFuture.get(CompletableFuture.java:1915)
	at org.apache.ratis.util.IOUtils.getFromFuture(IOUtils.java:79)
	... 4 more
2019-09-11 06:29:53,999 [fbfdc5e7-35fe-4dec-93a8-24c91dabe6d4@group-CAB34B64531B-SegmentedRaftLogWorker] WARN  segmented.SegmentedRaftLogWorker (SegmentedRaftLogWorker.java:getFromFuture(90)) - Timeout 10/~
org.apache.ratis.protocol.TimeoutIOException: Timeout 10s: WriteLog:8: (t:1, i:8), STATEMACHINELOGENTRY, client-DDC0476EEFF3, cid=22-writeStateMachineData
	at org.apache.ratis.util.IOUtils.getFromFuture(IOUtils.java:87)
	at org.apache.ratis.server.raftlog.segmented.SegmentedRaftLogWorker$StateMachineDataPolicy.getFromFuture(SegmentedRaftLogWorker.java:87)
	at org.apache.ratis.server.raftlog.segmented.SegmentedRaftLogWorker$WriteLog.execute(SegmentedRaftLogWorker.java:477)
	at org.apache.ratis.server.raftlog.segmented.SegmentedRaftLogWorker.run(SegmentedRaftLogWorker.java:289)
	at java.lang.Thread.run(Thread.java:748)
Caused by: java.util.concurrent.TimeoutException
	at java.util.concurrent.CompletableFuture.timedGet(CompletableFuture.java:1771)
	at java.util.concurrent.CompletableFuture.get(CompletableFuture.java:1915)
	at org.apache.ratis.util.IOUtils.getFromFuture(IOUtils.java:79)
	... 4 more
2019-09-11 06:29:53,999 [16d0fe26-9857-4477-8b2c-205100b6d095@group-CAB34B64531B-SegmentedRaftLogWorker] WARN  segmented.SegmentedRaftLogWorker (SegmentedRaftLogWorker.java:getFromFuture(90)) - Timeout 10/~
org.apache.ratis.protocol.TimeoutIOException: Timeout 10s: WriteLog:8: (t:1, i:8), STATEMACHINELOGENTRY, client-DDC0476EEFF3, cid=22-writeStateMachineData
	at org.apache.ratis.util.IOUtils.getFromFuture(IOUtils.java:87)
	at org.apache.ratis.server.raftlog.segmented.SegmentedRaftLogWorker$StateMachineDataPolicy.getFromFuture(SegmentedRaftLogWorker.java:87)
	at org.apache.ratis.server.raftlog.segmented.SegmentedRaftLogWorker$WriteLog.execute(SegmentedRaftLogWorker.java:477)
	at org.apache.ratis.server.raftlog.segmented.SegmentedRaftLogWorker.run(SegmentedRaftLogWorker.java:289)
	at java.lang.Thread.run(Thread.java:748)
Caused by: java.util.concurrent.TimeoutException
	at java.util.concurrent.CompletableFuture.timedGet(CompletableFuture.java:1771)
	at java.util.concurrent.CompletableFuture.get(CompletableFuture.java:1915)
	at org.apache.ratis.util.IOUtils.getFromFuture(IOUtils.java:79)
	... 4 more
2019-09-11 06:29:54,414 [java.util.concurrent.ThreadPoolExecutor$Worker@c8b29ab[State = -1, empty queue]] WARN  server.GrpcLogAppender (GrpcLogAppender.java:timeoutAppendRequest(200)) - fbfdc5e7-35fe-4dec-93a8-24c91dabe6d4@group-CAB34B64531B->16d0fe26-9857-4477-8b2c-205100b6d095-GrpcLogAppender: appendEntries Timeout, request=fbfdc5e7-35fe-4dec-93a8-24c91dabe6d4->16d0fe26-9857-4477-8b2c-205100b6d095#53-t1, previous=(t:1, i:9), leaderCommit=6, initializing? false, entries: <empty>
2019-09-11 06:29:54,414 [java.util.concurrent.ThreadPoolExecutor$Worker@6828608c[State = -1, empty queue]] WARN  server.GrpcLogAppender (GrpcLogAppender.java:timeoutAppendRequest(200)) - fbfdc5e7-35fe-4dec-93a8-24c91dabe6d4@group-CAB34B64531B->b3ae6e77-09f2-43a9-bb74-0baf269e9625-GrpcLogAppender: appendEntries Timeout, request=fbfdc5e7-35fe-4dec-93a8-24c91dabe6d4->b3ae6e77-09f2-43a9-bb74-0baf269e9625#53-t1, previous=(t:1, i:9), leaderCommit=6, initializing? false, entries: <empty>
2019-09-11 06:29:55,120 [grpc-default-executor-7] INFO  client.GrpcClientProtocolClient (GrpcClientProtocolClient.java:onNext(264)) - client-DDC0476EEFF3->16d0fe26-9857-4477-8b2c-205100b6d095: receive RaftClientReply:client-DDC0476EEFF3->16d0fe26-9857-4477-8b2c-205100b6d095@group-CAB34B64531B, cid=21, FAILED org.apache.ratis.protocol.NotLeaderException: Server 16d0fe26-9857-4477-8b2c-205100b6d095@group-CAB34B64531B is not the leader fbfdc5e7-35fe-4dec-93a8-24c91dabe6d4:192.168.36.125:35103, logIndex=0, commits[16d0fe26-9857-4477-8b2c-205100b6d095:c6, b3ae6e77-09f2-43a9-bb74-0baf269e9625:c4, fbfdc5e7-35fe-4dec-93a8-24c91dabe6d4:c6]
2019-09-11 06:29:56,914 [java.util.concurrent.ThreadPoolExecutor$Worker@c8b29ab[State = -1, empty queue]] WARN  server.GrpcLogAppender (GrpcLogAppender.java:timeoutAppendRequest(200)) - fbfdc5e7-35fe-4dec-93a8-24c91dabe6d4@group-CAB34B64531B->16d0fe26-9857-4477-8b2c-205100b6d095-GrpcLogAppender: appendEntries Timeout, request=fbfdc5e7-35fe-4dec-93a8-24c91dabe6d4->16d0fe26-9857-4477-8b2c-205100b6d095#54-t1, previous=(t:1, i:9), leaderCommit=6, initializing? false, entries: <empty>
2019-09-11 06:29:56,914 [java.util.concurrent.ThreadPoolExecutor$Worker@6828608c[State = -1, empty queue]] WARN  server.GrpcLogAppender (GrpcLogAppender.java:timeoutAppendRequest(200)) - fbfdc5e7-35fe-4dec-93a8-24c91dabe6d4@group-CAB34B64531B->b3ae6e77-09f2-43a9-bb74-0baf269e9625-GrpcLogAppender: appendEntries Timeout, request=fbfdc5e7-35fe-4dec-93a8-24c91dabe6d4->b3ae6e77-09f2-43a9-bb74-0baf269e9625#54-t1, previous=(t:1, i:9), leaderCommit=6, initializing? false, entries: <empty>
2019-09-11 06:29:59,415 [java.util.concurrent.ThreadPoolExecutor$Worker@6828608c[State = -1, empty queue]] WARN  server.GrpcLogAppender (GrpcLogAppender.java:timeoutAppendRequest(200)) - fbfdc5e7-35fe-4dec-93a8-24c91dabe6d4@group-CAB34B64531B->b3ae6e77-09f2-43a9-bb74-0baf269e9625-GrpcLogAppender: appendEntries Timeout, request=fbfdc5e7-35fe-4dec-93a8-24c91dabe6d4->b3ae6e77-09f2-43a9-bb74-0baf269e9625#55-t1, previous=(t:1, i:9), leaderCommit=6, initializing? false, entries: <empty>
2019-09-11 06:29:59,415 [java.util.concurrent.ThreadPoolExecutor$Worker@c8b29ab[State = -1, empty queue]] WARN  server.GrpcLogAppender (GrpcLogAppender.java:timeoutAppendRequest(200)) - fbfdc5e7-35fe-4dec-93a8-24c91dabe6d4@group-CAB34B64531B->16d0fe26-9857-4477-8b2c-205100b6d095-GrpcLogAppender: appendEntries Timeout, request=fbfdc5e7-35fe-4dec-93a8-24c91dabe6d4->16d0fe26-9857-4477-8b2c-205100b6d095#55-t1, previous=(t:1, i:9), leaderCommit=6, initializing? false, entries: <empty>
2019-09-11 06:30:00,163 [grpc-default-executor-7] INFO  client.GrpcClientProtocolClient (GrpcClientProtocolClient.java:onNext(264)) - client-DDC0476EEFF3->16d0fe26-9857-4477-8b2c-205100b6d095: receive RaftClientReply:client-DDC0476EEFF3->16d0fe26-9857-4477-8b2c-205100b6d095@group-CAB34B64531B, cid=21, FAILED org.apache.ratis.protocol.NotLeaderException: Server 16d0fe26-9857-4477-8b2c-205100b6d095@group-CAB34B64531B is not the leader fbfdc5e7-35fe-4dec-93a8-24c91dabe6d4:192.168.36.125:35103, logIndex=0, commits[16d0fe26-9857-4477-8b2c-205100b6d095:c6, b3ae6e77-09f2-43a9-bb74-0baf269e9625:c4, fbfdc5e7-35fe-4dec-93a8-24c91dabe6d4:c6]
2019-09-11 06:30:01,915 [java.util.concurrent.ThreadPoolExecutor$Worker@c8b29ab[State = -1, empty queue]] WARN  server.GrpcLogAppender (GrpcLogAppender.java:timeoutAppendRequest(200)) - fbfdc5e7-35fe-4dec-93a8-24c91dabe6d4@group-CAB34B64531B->16d0fe26-9857-4477-8b2c-205100b6d095-GrpcLogAppender: appendEntries Timeout, request=fbfdc5e7-35fe-4dec-93a8-24c91dabe6d4->16d0fe26-9857-4477-8b2c-205100b6d095#56-t1, previous=(t:1, i:9), leaderCommit=6, initializing? false, entries: <empty>
2019-09-11 06:30:01,915 [java.util.concurrent.ThreadPoolExecutor$Worker@6828608c[State = -1, empty queue]] WARN  server.GrpcLogAppender (GrpcLogAppender.java:timeoutAppendRequest(200)) - fbfdc5e7-35fe-4dec-93a8-24c91dabe6d4@group-CAB34B64531B->b3ae6e77-09f2-43a9-bb74-0baf269e9625-GrpcLogAppender: appendEntries Timeout, request=fbfdc5e7-35fe-4dec-93a8-24c91dabe6d4->b3ae6e77-09f2-43a9-bb74-0baf269e9625#56-t1, previous=(t:1, i:9), leaderCommit=6, initializing? false, entries: <empty>
2019-09-11 06:30:03,948 [org.apache.ratis.server.impl.LogAppender$AppenderDaemon$$Lambda$521/1122258981@4ac226bc] ERROR ratis.XceiverServerRatis (XceiverServerRatis.java:triggerPipelineClose(568)) - pipeline Action CLOSE  on pipeline PipelineID=f7ee6abd-8b7b-4e6e-a17a-cab34b64531b.Reason : fbfdc5e7-35fe-4dec-93a8-24c91dabe6d4 has not seen follower/s b3ae6e77-09f2-43a9-bb74-0baf269e9625 for 120686ms 16d0fe26-9857-4477-8b2c-205100b6d095 for 120689ms
2019-09-11 06:30:03,948 [org.apache.ratis.server.impl.LogAppender$AppenderDaemon$$Lambda$521/1122258981@41c91151] ERROR ratis.XceiverServerRatis (XceiverServerRatis.java:triggerPipelineClose(568)) - pipeline Action CLOSE  on pipeline PipelineID=f7ee6abd-8b7b-4e6e-a17a-cab34b64531b.Reason : fbfdc5e7-35fe-4dec-93a8-24c91dabe6d4 has not seen follower/s b3ae6e77-09f2-43a9-bb74-0baf269e9625 for 120686ms 16d0fe26-9857-4477-8b2c-205100b6d095 for 120689ms
2019-09-11 06:30:03,986 [b3ae6e77-09f2-43a9-bb74-0baf269e9625@group-CAB34B64531B-SegmentedRaftLogWorker] WARN  segmented.SegmentedRaftLogWorker (SegmentedRaftLogWorker.java:getFromFuture(90)) - Timeout 11/~
org.apache.ratis.protocol.TimeoutIOException: Timeout 10s: WriteLog:8: (t:1, i:8), STATEMACHINELOGENTRY, client-DDC0476EEFF3, cid=22-writeStateMachineData
	at org.apache.ratis.util.IOUtils.getFromFuture(IOUtils.java:87)
	at org.apache.ratis.server.raftlog.segmented.SegmentedRaftLogWorker$StateMachineDataPolicy.getFromFuture(SegmentedRaftLogWorker.java:87)
	at org.apache.ratis.server.raftlog.segmented.SegmentedRaftLogWorker$WriteLog.execute(SegmentedRaftLogWorker.java:477)
	at org.apache.ratis.server.raftlog.segmented.SegmentedRaftLogWorker.run(SegmentedRaftLogWorker.java:289)
	at java.lang.Thread.run(Thread.java:748)
Caused by: java.util.concurrent.TimeoutException
	at java.util.concurrent.CompletableFuture.timedGet(CompletableFuture.java:1771)
	at java.util.concurrent.CompletableFuture.get(CompletableFuture.java:1915)
	at org.apache.ratis.util.IOUtils.getFromFuture(IOUtils.java:79)
	... 4 more
2019-09-11 06:30:03,987 [EventQueue-PipelineActionsForPipelineActionHandler] ERROR pipeline.PipelineActionHandler (PipelineActionHandler.java:onMessage(60)) - Received pipeline action CLOSE for Pipeline[ Id: f7ee6abd-8b7b-4e6e-a17a-cab34b64531b, Nodes: b3ae6e77-09f2-43a9-bb74-0baf269e9625{ip: 192.168.36.125, host: trunk-nightly-20190911-vpfxm-1000144475, networkLocation: /default-rack, certSerialId: null}fbfdc5e7-35fe-4dec-93a8-24c91dabe6d4{ip: 192.168.36.125, host: trunk-nightly-20190911-vpfxm-1000144475, networkLocation: /default-rack, certSerialId: null}16d0fe26-9857-4477-8b2c-205100b6d095{ip: 192.168.36.125, host: trunk-nightly-20190911-vpfxm-1000144475, networkLocation: /default-rack, certSerialId: null}, Type:RATIS, Factor:THREE, State:OPEN] from datanode fbfdc5e7-35fe-4dec-93a8-24c91dabe6d4{ip: 192.168.36.125, host: trunk-nightly-20190911-vpfxm-1000144475, networkLocation: /default-rack, certSerialId: null}. Reason : fbfdc5e7-35fe-4dec-93a8-24c91dabe6d4 has not seen follower/s b3ae6e77-09f2-43a9-bb74-0baf269e9625 for 120686ms 16d0fe26-9857-4477-8b2c-205100b6d095 for 120689ms
2019-09-11 06:30:03,988 [EventQueue-PipelineActionsForPipelineActionHandler] INFO  pipeline.SCMPipelineManager (SCMPipelineManager.java:finalizeAndDestroyPipeline(311)) - destroying pipeline:Pipeline[ Id: f7ee6abd-8b7b-4e6e-a17a-cab34b64531b, Nodes: b3ae6e77-09f2-43a9-bb74-0baf269e9625{ip: 192.168.36.125, host: trunk-nightly-20190911-vpfxm-1000144475, networkLocation: /default-rack, certSerialId: null}fbfdc5e7-35fe-4dec-93a8-24c91dabe6d4{ip: 192.168.36.125, host: trunk-nightly-20190911-vpfxm-1000144475, networkLocation: /default-rack, certSerialId: null}16d0fe26-9857-4477-8b2c-205100b6d095{ip: 192.168.36.125, host: trunk-nightly-20190911-vpfxm-1000144475, networkLocation: /default-rack, certSerialId: null}, Type:RATIS, Factor:THREE, State:OPEN]
2019-09-11 06:30:03,989 [EventQueue-PipelineActionsForPipelineActionHandler] INFO  pipeline.PipelineStateManager (PipelineStateManager.java:finalizePipeline(123)) - Pipeline Pipeline[ Id: f7ee6abd-8b7b-4e6e-a17a-cab34b64531b, Nodes: b3ae6e77-09f2-43a9-bb74-0baf269e9625{ip: 192.168.36.125, host: trunk-nightly-20190911-vpfxm-1000144475, networkLocation: /default-rack, certSerialId: null}fbfdc5e7-35fe-4dec-93a8-24c91dabe6d4{ip: 192.168.36.125, host: trunk-nightly-20190911-vpfxm-1000144475, networkLocation: /default-rack, certSerialId: null}16d0fe26-9857-4477-8b2c-205100b6d095{ip: 192.168.36.125, host: trunk-nightly-20190911-vpfxm-1000144475, networkLocation: /default-rack, certSerialId: null}, Type:RATIS, Factor:THREE, State:CLOSED] moved to CLOSED state
2019-09-11 06:30:03,992 [EventQueue-CloseContainerForCloseContainerEventHandler] INFO  container.CloseContainerEventHandler (CloseContainerEventHandler.java:onMessage(61)) - Close container Event triggered for container : #1
2019-09-11 06:30:03,997 [EventQueue-CloseContainerForCloseContainerEventHandler] INFO  container.CloseContainerEventHandler (CloseContainerEventHandler.java:onMessage(61)) - Close container Event triggered for container : #3
2019-09-11 06:30:04,000 [fbfdc5e7-35fe-4dec-93a8-24c91dabe6d4@group-CAB34B64531B-SegmentedRaftLogWorker] WARN  segmented.SegmentedRaftLogWorker (SegmentedRaftLogWorker.java:getFromFuture(90)) - Timeout 11/~
org.apache.ratis.protocol.TimeoutIOException: Timeout 10s: WriteLog:8: (t:1, i:8), STATEMACHINELOGENTRY, client-DDC0476EEFF3, cid=22-writeStateMachineData
	at org.apache.ratis.util.IOUtils.getFromFuture(IOUtils.java:87)
	at org.apache.ratis.server.raftlog.segmented.SegmentedRaftLogWorker$StateMachineDataPolicy.getFromFuture(SegmentedRaftLogWorker.java:87)
	at org.apache.ratis.server.raftlog.segmented.SegmentedRaftLogWorker$WriteLog.execute(SegmentedRaftLogWorker.java:477)
	at org.apache.ratis.server.raftlog.segmented.SegmentedRaftLogWorker.run(SegmentedRaftLogWorker.java:289)
	at java.lang.Thread.run(Thread.java:748)
Caused by: java.util.concurrent.TimeoutException
	at java.util.concurrent.CompletableFuture.timedGet(CompletableFuture.java:1771)
	at java.util.concurrent.CompletableFuture.get(CompletableFuture.java:1915)
	at org.apache.ratis.util.IOUtils.getFromFuture(IOUtils.java:79)
	... 4 more
2019-09-11 06:30:04,002 [16d0fe26-9857-4477-8b2c-205100b6d095@group-CAB34B64531B-SegmentedRaftLogWorker] WARN  segmented.SegmentedRaftLogWorker (SegmentedRaftLogWorker.java:getFromFuture(90)) - Timeout 11/~
org.apache.ratis.protocol.TimeoutIOException: Timeout 10s: WriteLog:8: (t:1, i:8), STATEMACHINELOGENTRY, client-DDC0476EEFF3, cid=22-writeStateMachineData
	at org.apache.ratis.util.IOUtils.getFromFuture(IOUtils.java:87)
	at org.apache.ratis.server.raftlog.segmented.SegmentedRaftLogWorker$StateMachineDataPolicy.getFromFuture(SegmentedRaftLogWorker.java:87)
	at org.apache.ratis.server.raftlog.segmented.SegmentedRaftLogWorker$WriteLog.execute(SegmentedRaftLogWorker.java:477)
	at org.apache.ratis.server.raftlog.segmented.SegmentedRaftLogWorker.run(SegmentedRaftLogWorker.java:289)
	at java.lang.Thread.run(Thread.java:748)
Caused by: java.util.concurrent.TimeoutException
	at java.util.concurrent.CompletableFuture.timedGet(CompletableFuture.java:1771)
	at java.util.concurrent.CompletableFuture.get(CompletableFuture.java:1915)
	at org.apache.ratis.util.IOUtils.getFromFuture(IOUtils.java:79)
	... 4 more
2019-09-11 06:30:04,416 [java.util.concurrent.ThreadPoolExecutor$Worker@6828608c[State = -1, empty queue]] WARN  server.GrpcLogAppender (GrpcLogAppender.java:timeoutAppendRequest(200)) - fbfdc5e7-35fe-4dec-93a8-24c91dabe6d4@group-CAB34B64531B->b3ae6e77-09f2-43a9-bb74-0baf269e9625-GrpcLogAppender: appendEntries Timeout, request=fbfdc5e7-35fe-4dec-93a8-24c91dabe6d4->b3ae6e77-09f2-43a9-bb74-0baf269e9625#57-t1, previous=(t:1, i:9), leaderCommit=6, initializing? false, entries: <empty>
2019-09-11 06:30:04,416 [java.util.concurrent.ThreadPoolExecutor$Worker@c8b29ab[State = -1, empty queue]] WARN  server.GrpcLogAppender (GrpcLogAppender.java:timeoutAppendRequest(200)) - fbfdc5e7-35fe-4dec-93a8-24c91dabe6d4@group-CAB34B64531B->16d0fe26-9857-4477-8b2c-205100b6d095-GrpcLogAppender: appendEntries Timeout, request=fbfdc5e7-35fe-4dec-93a8-24c91dabe6d4->16d0fe26-9857-4477-8b2c-205100b6d095#57-t1, previous=(t:1, i:9), leaderCommit=6, initializing? false, entries: <empty>
2019-09-11 06:30:05,209 [grpc-default-executor-7] INFO  client.GrpcClientProtocolClient (GrpcClientProtocolClient.java:onNext(264)) - client-DDC0476EEFF3->16d0fe26-9857-4477-8b2c-205100b6d095: receive RaftClientReply:client-DDC0476EEFF3->16d0fe26-9857-4477-8b2c-205100b6d095@group-CAB34B64531B, cid=21, FAILED org.apache.ratis.protocol.NotLeaderException: Server 16d0fe26-9857-4477-8b2c-205100b6d095@group-CAB34B64531B is not the leader fbfdc5e7-35fe-4dec-93a8-24c91dabe6d4:192.168.36.125:35103, logIndex=0, commits[16d0fe26-9857-4477-8b2c-205100b6d095:c6, b3ae6e77-09f2-43a9-bb74-0baf269e9625:c4, fbfdc5e7-35fe-4dec-93a8-24c91dabe6d4:c6]
2019-09-11 06:30:06,417 [org.apache.ratis.server.impl.LogAppender$AppenderDaemon$$Lambda$521/1122258981@4ac226bc] ERROR ratis.XceiverServerRatis (XceiverServerRatis.java:triggerPipelineClose(568)) - pipeline Action CLOSE  on pipeline PipelineID=f7ee6abd-8b7b-4e6e-a17a-cab34b64531b.Reason : fbfdc5e7-35fe-4dec-93a8-24c91dabe6d4 has not seen follower/s b3ae6e77-09f2-43a9-bb74-0baf269e9625 for 123171ms 16d0fe26-9857-4477-8b2c-205100b6d095 for 123171ms
2019-09-11 06:30:06,417 [org.apache.ratis.server.impl.LogAppender$AppenderDaemon$$Lambda$521/1122258981@41c91151] ERROR ratis.XceiverServerRatis (XceiverServerRatis.java:triggerPipelineClose(568)) - pipeline Action CLOSE  on pipeline PipelineID=f7ee6abd-8b7b-4e6e-a17a-cab34b64531b.Reason : fbfdc5e7-35fe-4dec-93a8-24c91dabe6d4 has not seen follower/s b3ae6e77-09f2-43a9-bb74-0baf269e9625 for 123171ms 16d0fe26-9857-4477-8b2c-205100b6d095 for 123171ms
2019-09-11 06:30:06,916 [java.util.concurrent.ThreadPoolExecutor$Worker@6828608c[State = -1, empty queue]] WARN  server.GrpcLogAppender (GrpcLogAppender.java:timeoutAppendRequest(200)) - fbfdc5e7-35fe-4dec-93a8-24c91dabe6d4@group-CAB34B64531B->b3ae6e77-09f2-43a9-bb74-0baf269e9625-GrpcLogAppender: appendEntries Timeout, request=fbfdc5e7-35fe-4dec-93a8-24c91dabe6d4->b3ae6e77-09f2-43a9-bb74-0baf269e9625#58-t1, previous=(t:1, i:9), leaderCommit=6, initializing? false, entries: <empty>
2019-09-11 06:30:06,916 [java.util.concurrent.ThreadPoolExecutor$Worker@c8b29ab[State = -1, empty queue]] WARN  server.GrpcLogAppender (GrpcLogAppender.java:timeoutAppendRequest(200)) - fbfdc5e7-35fe-4dec-93a8-24c91dabe6d4@group-CAB34B64531B->16d0fe26-9857-4477-8b2c-205100b6d095-GrpcLogAppender: appendEntries Timeout, request=fbfdc5e7-35fe-4dec-93a8-24c91dabe6d4->16d0fe26-9857-4477-8b2c-205100b6d095#58-t1, previous=(t:1, i:9), leaderCommit=6, initializing? false, entries: <empty>
2019-09-11 06:30:06,986 [EventQueue-PipelineActionsForPipelineActionHandler] ERROR pipeline.PipelineActionHandler (PipelineActionHandler.java:onMessage(60)) - Received pipeline action CLOSE for Pipeline[ Id: f7ee6abd-8b7b-4e6e-a17a-cab34b64531b, Nodes: b3ae6e77-09f2-43a9-bb74-0baf269e9625{ip: 192.168.36.125, host: trunk-nightly-20190911-vpfxm-1000144475, networkLocation: /default-rack, certSerialId: null}fbfdc5e7-35fe-4dec-93a8-24c91dabe6d4{ip: 192.168.36.125, host: trunk-nightly-20190911-vpfxm-1000144475, networkLocation: /default-rack, certSerialId: null}16d0fe26-9857-4477-8b2c-205100b6d095{ip: 192.168.36.125, host: trunk-nightly-20190911-vpfxm-1000144475, networkLocation: /default-rack, certSerialId: null}, Type:RATIS, Factor:THREE, State:CLOSED] from datanode fbfdc5e7-35fe-4dec-93a8-24c91dabe6d4{ip: 192.168.36.125, host: trunk-nightly-20190911-vpfxm-1000144475, networkLocation: /default-rack, certSerialId: null}. Reason : fbfdc5e7-35fe-4dec-93a8-24c91dabe6d4 has not seen follower/s b3ae6e77-09f2-43a9-bb74-0baf269e9625 for 123171ms 16d0fe26-9857-4477-8b2c-205100b6d095 for 123171ms
2019-09-11 06:30:06,986 [EventQueue-PipelineActionsForPipelineActionHandler] INFO  pipeline.SCMPipelineManager (SCMPipelineManager.java:finalizeAndDestroyPipeline(311)) - destroying pipeline:Pipeline[ Id: f7ee6abd-8b7b-4e6e-a17a-cab34b64531b, Nodes: b3ae6e77-09f2-43a9-bb74-0baf269e9625{ip: 192.168.36.125, host: trunk-nightly-20190911-vpfxm-1000144475, networkLocation: /default-rack, certSerialId: null}fbfdc5e7-35fe-4dec-93a8-24c91dabe6d4{ip: 192.168.36.125, host: trunk-nightly-20190911-vpfxm-1000144475, networkLocation: /default-rack, certSerialId: null}16d0fe26-9857-4477-8b2c-205100b6d095{ip: 192.168.36.125, host: trunk-nightly-20190911-vpfxm-1000144475, networkLocation: /default-rack, certSerialId: null}, Type:RATIS, Factor:THREE, State:CLOSED]
2019-09-11 06:30:07,003 [org.apache.ratis.server.impl.LogAppender$AppenderDaemon$$Lambda$521/1122258981@4ac226bc] ERROR ratis.XceiverServerRatis (XceiverServerRatis.java:triggerPipelineClose(568)) - pipeline Action CLOSE  on pipeline PipelineID=f7ee6abd-8b7b-4e6e-a17a-cab34b64531b.Reason : fbfdc5e7-35fe-4dec-93a8-24c91dabe6d4 has not seen follower/s b3ae6e77-09f2-43a9-bb74-0baf269e9625 for 123757ms 16d0fe26-9857-4477-8b2c-205100b6d095 for 123757ms
2019-09-11 06:30:07,003 [org.apache.ratis.server.impl.LogAppender$AppenderDaemon$$Lambda$521/1122258981@41c91151] ERROR ratis.XceiverServerRatis (XceiverServerRatis.java:triggerPipelineClose(568)) - pipeline Action CLOSE  on pipeline PipelineID=f7ee6abd-8b7b-4e6e-a17a-cab34b64531b.Reason : fbfdc5e7-35fe-4dec-93a8-24c91dabe6d4 has not seen follower/s b3ae6e77-09f2-43a9-bb74-0baf269e9625 for 123757ms 16d0fe26-9857-4477-8b2c-205100b6d095 for 123757ms
2019-09-11 06:30:08,002 [EventQueue-PipelineActionsForPipelineActionHandler] ERROR pipeline.PipelineActionHandler (PipelineActionHandler.java:onMessage(60)) - Received pipeline action CLOSE for Pipeline[ Id: f7ee6abd-8b7b-4e6e-a17a-cab34b64531b, Nodes: b3ae6e77-09f2-43a9-bb74-0baf269e9625{ip: 192.168.36.125, host: trunk-nightly-20190911-vpfxm-1000144475, networkLocation: /default-rack, certSerialId: null}fbfdc5e7-35fe-4dec-93a8-24c91dabe6d4{ip: 192.168.36.125, host: trunk-nightly-20190911-vpfxm-1000144475, networkLocation: /default-rack, certSerialId: null}16d0fe26-9857-4477-8b2c-205100b6d095{ip: 192.168.36.125, host: trunk-nightly-20190911-vpfxm-1000144475, networkLocation: /default-rack, certSerialId: null}, Type:RATIS, Factor:THREE, State:CLOSED] from datanode fbfdc5e7-35fe-4dec-93a8-24c91dabe6d4{ip: 192.168.36.125, host: trunk-nightly-20190911-vpfxm-1000144475, networkLocation: /default-rack, certSerialId: null}. Reason : fbfdc5e7-35fe-4dec-93a8-24c91dabe6d4 has not seen follower/s b3ae6e77-09f2-43a9-bb74-0baf269e9625 for 123757ms 16d0fe26-9857-4477-8b2c-205100b6d095 for 123757ms
2019-09-11 06:30:08,002 [EventQueue-PipelineActionsForPipelineActionHandler] INFO  pipeline.SCMPipelineManager (SCMPipelineManager.java:finalizeAndDestroyPipeline(311)) - destroying pipeline:Pipeline[ Id: f7ee6abd-8b7b-4e6e-a17a-cab34b64531b, Nodes: b3ae6e77-09f2-43a9-bb74-0baf269e9625{ip: 192.168.36.125, host: trunk-nightly-20190911-vpfxm-1000144475, networkLocation: /default-rack, certSerialId: null}fbfdc5e7-35fe-4dec-93a8-24c91dabe6d4{ip: 192.168.36.125, host: trunk-nightly-20190911-vpfxm-1000144475, networkLocation: /default-rack, certSerialId: null}16d0fe26-9857-4477-8b2c-205100b6d095{ip: 192.168.36.125, host: trunk-nightly-20190911-vpfxm-1000144475, networkLocation: /default-rack, certSerialId: null}, Type:RATIS, Factor:THREE, State:CLOSED]
2019-09-11 06:30:09,417 [java.util.concurrent.ThreadPoolExecutor$Worker@6828608c[State = -1, empty queue]] WARN  server.GrpcLogAppender (GrpcLogAppender.java:timeoutAppendRequest(200)) - fbfdc5e7-35fe-4dec-93a8-24c91dabe6d4@group-CAB34B64531B->b3ae6e77-09f2-43a9-bb74-0baf269e9625-GrpcLogAppender: appendEntries Timeout, request=fbfdc5e7-35fe-4dec-93a8-24c91dabe6d4->b3ae6e77-09f2-43a9-bb74-0baf269e9625#59-t1, previous=(t:1, i:9), leaderCommit=6, initializing? false, entries: <empty>
2019-09-11 06:30:09,417 [java.util.concurrent.ThreadPoolExecutor$Worker@c8b29ab[State = -1, empty queue]] WARN  server.GrpcLogAppender (GrpcLogAppender.java:timeoutAppendRequest(200)) - fbfdc5e7-35fe-4dec-93a8-24c91dabe6d4@group-CAB34B64531B->16d0fe26-9857-4477-8b2c-205100b6d095-GrpcLogAppender: appendEntries Timeout, request=fbfdc5e7-35fe-4dec-93a8-24c91dabe6d4->16d0fe26-9857-4477-8b2c-205100b6d095#59-t1, previous=(t:1, i:9), leaderCommit=6, initializing? false, entries: <empty>
2019-09-11 06:30:09,504 [org.apache.ratis.server.impl.LogAppender$AppenderDaemon$$Lambda$521/1122258981@41c91151] ERROR ratis.XceiverServerRatis (XceiverServerRatis.java:triggerPipelineClose(568)) - pipeline Action CLOSE  on pipeline PipelineID=f7ee6abd-8b7b-4e6e-a17a-cab34b64531b.Reason : fbfdc5e7-35fe-4dec-93a8-24c91dabe6d4 has not seen follower/s b3ae6e77-09f2-43a9-bb74-0baf269e9625 for 126258ms 16d0fe26-9857-4477-8b2c-205100b6d095 for 126258ms
2019-09-11 06:30:09,504 [org.apache.ratis.server.impl.LogAppender$AppenderDaemon$$Lambda$521/1122258981@4ac226bc] ERROR ratis.XceiverServerRatis (XceiverServerRatis.java:triggerPipelineClose(568)) - pipeline Action CLOSE  on pipeline PipelineID=f7ee6abd-8b7b-4e6e-a17a-cab34b64531b.Reason : fbfdc5e7-35fe-4dec-93a8-24c91dabe6d4 has not seen follower/s b3ae6e77-09f2-43a9-bb74-0baf269e9625 for 126258ms 16d0fe26-9857-4477-8b2c-205100b6d095 for 126258ms
2019-09-11 06:30:10,002 [EventQueue-PipelineActionsForPipelineActionHandler] ERROR pipeline.PipelineActionHandler (PipelineActionHandler.java:onMessage(60)) - Received pipeline action CLOSE for Pipeline[ Id: f7ee6abd-8b7b-4e6e-a17a-cab34b64531b, Nodes: b3ae6e77-09f2-43a9-bb74-0baf269e9625{ip: 192.168.36.125, host: trunk-nightly-20190911-vpfxm-1000144475, networkLocation: /default-rack, certSerialId: null}fbfdc5e7-35fe-4dec-93a8-24c91dabe6d4{ip: 192.168.36.125, host: trunk-nightly-20190911-vpfxm-1000144475, networkLocation: /default-rack, certSerialId: null}16d0fe26-9857-4477-8b2c-205100b6d095{ip: 192.168.36.125, host: trunk-nightly-20190911-vpfxm-1000144475, networkLocation: /default-rack, certSerialId: null}, Type:RATIS, Factor:THREE, State:CLOSED] from datanode fbfdc5e7-35fe-4dec-93a8-24c91dabe6d4{ip: 192.168.36.125, host: trunk-nightly-20190911-vpfxm-1000144475, networkLocation: /default-rack, certSerialId: null}. Reason : fbfdc5e7-35fe-4dec-93a8-24c91dabe6d4 has not seen follower/s b3ae6e77-09f2-43a9-bb74-0baf269e9625 for 126258ms 16d0fe26-9857-4477-8b2c-205100b6d095 for 126258ms
2019-09-11 06:30:10,003 [EventQueue-PipelineActionsForPipelineActionHandler] INFO  pipeline.SCMPipelineManager (SCMPipelineManager.java:finalizeAndDestroyPipeline(311)) - destroying pipeline:Pipeline[ Id: f7ee6abd-8b7b-4e6e-a17a-cab34b64531b, Nodes: b3ae6e77-09f2-43a9-bb74-0baf269e9625{ip: 192.168.36.125, host: trunk-nightly-20190911-vpfxm-1000144475, networkLocation: /default-rack, certSerialId: null}fbfdc5e7-35fe-4dec-93a8-24c91dabe6d4{ip: 192.168.36.125, host: trunk-nightly-20190911-vpfxm-1000144475, networkLocation: /default-rack, certSerialId: null}16d0fe26-9857-4477-8b2c-205100b6d095{ip: 192.168.36.125, host: trunk-nightly-20190911-vpfxm-1000144475, networkLocation: /default-rack, certSerialId: null}, Type:RATIS, Factor:THREE, State:CLOSED]
2019-09-11 06:30:10,003 [java.util.concurrent.ThreadPoolExecutor$Worker@6828608c[State = -1, empty queue]] WARN  server.GrpcLogAppender (GrpcLogAppender.java:timeoutAppendRequest(200)) - fbfdc5e7-35fe-4dec-93a8-24c91dabe6d4@group-CAB34B64531B->b3ae6e77-09f2-43a9-bb74-0baf269e9625-GrpcLogAppender: appendEntries Timeout, request=fbfdc5e7-35fe-4dec-93a8-24c91dabe6d4->b3ae6e77-09f2-43a9-bb74-0baf269e9625#60-t1, previous=(t:1, i:9), leaderCommit=6, initializing? false, entries: size=1, first=(t:1, i:10), STATEMACHINELOGENTRY, client-34A549277750, cid=4
2019-09-11 06:30:10,003 [java.util.concurrent.ThreadPoolExecutor$Worker@c8b29ab[State = -1, empty queue]] WARN  server.GrpcLogAppender (GrpcLogAppender.java:timeoutAppendRequest(200)) - fbfdc5e7-35fe-4dec-93a8-24c91dabe6d4@group-CAB34B64531B->16d0fe26-9857-4477-8b2c-205100b6d095-GrpcLogAppender: appendEntries Timeout, request=fbfdc5e7-35fe-4dec-93a8-24c91dabe6d4->16d0fe26-9857-4477-8b2c-205100b6d095#60-t1, previous=(t:1, i:9), leaderCommit=6, initializing? false, entries: size=1, first=(t:1, i:10), STATEMACHINELOGENTRY, client-34A549277750, cid=4
2019-09-11 06:30:10,265 [grpc-default-executor-5] INFO  client.GrpcClientProtocolClient (GrpcClientProtocolClient.java:onNext(264)) - client-DDC0476EEFF3->16d0fe26-9857-4477-8b2c-205100b6d095: receive RaftClientReply:client-DDC0476EEFF3->16d0fe26-9857-4477-8b2c-205100b6d095@group-CAB34B64531B, cid=21, FAILED org.apache.ratis.protocol.NotLeaderException: Server 16d0fe26-9857-4477-8b2c-205100b6d095@group-CAB34B64531B is not the leader fbfdc5e7-35fe-4dec-93a8-24c91dabe6d4:192.168.36.125:35103, logIndex=0, commits[16d0fe26-9857-4477-8b2c-205100b6d095:c6, b3ae6e77-09f2-43a9-bb74-0baf269e9625:c4, fbfdc5e7-35fe-4dec-93a8-24c91dabe6d4:c6]
2019-09-11 06:30:12,006 [org.apache.ratis.server.impl.LogAppender$AppenderDaemon$$Lambda$521/1122258981@41c91151] ERROR ratis.XceiverServerRatis (XceiverServerRatis.java:triggerPipelineClose(568)) - pipeline Action CLOSE  on pipeline PipelineID=f7ee6abd-8b7b-4e6e-a17a-cab34b64531b.Reason : fbfdc5e7-35fe-4dec-93a8-24c91dabe6d4 has not seen follower/s b3ae6e77-09f2-43a9-bb74-0baf269e9625 for 128759ms 16d0fe26-9857-4477-8b2c-205100b6d095 for 128759ms
2019-09-11 06:30:12,006 [org.apache.ratis.server.impl.LogAppender$AppenderDaemon$$Lambda$521/1122258981@4ac226bc] ERROR ratis.XceiverServerRatis (XceiverServerRatis.java:triggerPipelineClose(568)) - pipeline Action CLOSE  on pipeline PipelineID=f7ee6abd-8b7b-4e6e-a17a-cab34b64531b.Reason : fbfdc5e7-35fe-4dec-93a8-24c91dabe6d4 has not seen follower/s b3ae6e77-09f2-43a9-bb74-0baf269e9625 for 128759ms 16d0fe26-9857-4477-8b2c-205100b6d095 for 128759ms
2019-09-11 06:30:12,504 [java.util.concurrent.ThreadPoolExecutor$Worker@c8b29ab[State = -1, empty queue]] WARN  server.GrpcLogAppender (GrpcLogAppender.java:timeoutAppendRequest(200)) - fbfdc5e7-35fe-4dec-93a8-24c91dabe6d4@group-CAB34B64531B->16d0fe26-9857-4477-8b2c-205100b6d095-GrpcLogAppender: appendEntries Timeout, request=fbfdc5e7-35fe-4dec-93a8-24c91dabe6d4->16d0fe26-9857-4477-8b2c-205100b6d095#61-t1, previous=(t:1, i:10), leaderCommit=6, initializing? false, entries: <empty>
2019-09-11 06:30:12,504 [java.util.concurrent.ThreadPoolExecutor$Worker@6828608c[State = -1, empty queue]] WARN  server.GrpcLogAppender (GrpcLogAppender.java:timeoutAppendRequest(200)) - fbfdc5e7-35fe-4dec-93a8-24c91dabe6d4@group-CAB34B64531B->b3ae6e77-09f2-43a9-bb74-0baf269e9625-GrpcLogAppender: appendEntries Timeout, request=fbfdc5e7-35fe-4dec-93a8-24c91dabe6d4->b3ae6e77-09f2-43a9-bb74-0baf269e9625#61-t1, previous=(t:1, i:10), leaderCommit=6, initializing? false, entries: <empty>
2019-09-11 06:30:13,006 [EventQueue-PipelineActionsForPipelineActionHandler] ERROR pipeline.PipelineActionHandler (PipelineActionHandler.java:onMessage(60)) - Received pipeline action CLOSE for Pipeline[ Id: f7ee6abd-8b7b-4e6e-a17a-cab34b64531b, Nodes: b3ae6e77-09f2-43a9-bb74-0baf269e9625{ip: 192.168.36.125, host: trunk-nightly-20190911-vpfxm-1000144475, networkLocation: /default-rack, certSerialId: null}fbfdc5e7-35fe-4dec-93a8-24c91dabe6d4{ip: 192.168.36.125, host: trunk-nightly-20190911-vpfxm-1000144475, networkLocation: /default-rack, certSerialId: null}16d0fe26-9857-4477-8b2c-205100b6d095{ip: 192.168.36.125, host: trunk-nightly-20190911-vpfxm-1000144475, networkLocation: /default-rack, certSerialId: null}, Type:RATIS, Factor:THREE, State:CLOSED] from datanode fbfdc5e7-35fe-4dec-93a8-24c91dabe6d4{ip: 192.168.36.125, host: trunk-nightly-20190911-vpfxm-1000144475, networkLocation: /default-rack, certSerialId: null}. Reason : fbfdc5e7-35fe-4dec-93a8-24c91dabe6d4 has not seen follower/s b3ae6e77-09f2-43a9-bb74-0baf269e9625 for 128759ms 16d0fe26-9857-4477-8b2c-205100b6d095 for 128759ms
2019-09-11 06:30:13,007 [EventQueue-PipelineActionsForPipelineActionHandler] INFO  pipeline.SCMPipelineManager (SCMPipelineManager.java:finalizeAndDestroyPipeline(311)) - destroying pipeline:Pipeline[ Id: f7ee6abd-8b7b-4e6e-a17a-cab34b64531b, Nodes: b3ae6e77-09f2-43a9-bb74-0baf269e9625{ip: 192.168.36.125, host: trunk-nightly-20190911-vpfxm-1000144475, networkLocation: /default-rack, certSerialId: null}fbfdc5e7-35fe-4dec-93a8-24c91dabe6d4{ip: 192.168.36.125, host: trunk-nightly-20190911-vpfxm-1000144475, networkLocation: /default-rack, certSerialId: null}16d0fe26-9857-4477-8b2c-205100b6d095{ip: 192.168.36.125, host: trunk-nightly-20190911-vpfxm-1000144475, networkLocation: /default-rack, certSerialId: null}, Type:RATIS, Factor:THREE, State:CLOSED]
2019-09-11 06:30:13,987 [b3ae6e77-09f2-43a9-bb74-0baf269e9625@group-CAB34B64531B-SegmentedRaftLogWorker] WARN  segmented.SegmentedRaftLogWorker (SegmentedRaftLogWorker.java:getFromFuture(90)) - Timeout 12/~
org.apache.ratis.protocol.TimeoutIOException: Timeout 10s: WriteLog:8: (t:1, i:8), STATEMACHINELOGENTRY, client-DDC0476EEFF3, cid=22-writeStateMachineData
	at org.apache.ratis.util.IOUtils.getFromFuture(IOUtils.java:87)
	at org.apache.ratis.server.raftlog.segmented.SegmentedRaftLogWorker$StateMachineDataPolicy.getFromFuture(SegmentedRaftLogWorker.java:87)
	at org.apache.ratis.server.raftlog.segmented.SegmentedRaftLogWorker$WriteLog.execute(SegmentedRaftLogWorker.java:477)
	at org.apache.ratis.server.raftlog.segmented.SegmentedRaftLogWorker.run(SegmentedRaftLogWorker.java:289)
	at java.lang.Thread.run(Thread.java:748)
Caused by: java.util.concurrent.TimeoutException
	at java.util.concurrent.CompletableFuture.timedGet(CompletableFuture.java:1771)
	at java.util.concurrent.CompletableFuture.get(CompletableFuture.java:1915)
	at org.apache.ratis.util.IOUtils.getFromFuture(IOUtils.java:79)
	... 4 more
2019-09-11 06:30:14,002 [fbfdc5e7-35fe-4dec-93a8-24c91dabe6d4@group-CAB34B64531B-SegmentedRaftLogWorker] WARN  segmented.SegmentedRaftLogWorker (SegmentedRaftLogWorker.java:getFromFuture(90)) - Timeout 12/~
org.apache.ratis.protocol.TimeoutIOException: Timeout 10s: WriteLog:8: (t:1, i:8), STATEMACHINELOGENTRY, client-DDC0476EEFF3, cid=22-writeStateMachineData
	at org.apache.ratis.util.IOUtils.getFromFuture(IOUtils.java:87)
	at org.apache.ratis.server.raftlog.segmented.SegmentedRaftLogWorker$StateMachineDataPolicy.getFromFuture(SegmentedRaftLogWorker.java:87)
	at org.apache.ratis.server.raftlog.segmented.SegmentedRaftLogWorker$WriteLog.execute(SegmentedRaftLogWorker.java:477)
	at org.apache.ratis.server.raftlog.segmented.SegmentedRaftLogWorker.run(SegmentedRaftLogWorker.java:289)
	at java.lang.Thread.run(Thread.java:748)
Caused by: java.util.concurrent.TimeoutException
	at java.util.concurrent.CompletableFuture.timedGet(CompletableFuture.java:1771)
	at java.util.concurrent.CompletableFuture.get(CompletableFuture.java:1915)
	at org.apache.ratis.util.IOUtils.getFromFuture(IOUtils.java:79)
	... 4 more
2019-09-11 06:30:14,004 [16d0fe26-9857-4477-8b2c-205100b6d095@group-CAB34B64531B-SegmentedRaftLogWorker] WARN  segmented.SegmentedRaftLogWorker (SegmentedRaftLogWorker.java:getFromFuture(90)) - Timeout 12/~
org.apache.ratis.protocol.TimeoutIOException: Timeout 10s: WriteLog:8: (t:1, i:8), STATEMACHINELOGENTRY, client-DDC0476EEFF3, cid=22-writeStateMachineData
	at org.apache.ratis.util.IOUtils.getFromFuture(IOUtils.java:87)
	at org.apache.ratis.server.raftlog.segmented.SegmentedRaftLogWorker$StateMachineDataPolicy.getFromFuture(SegmentedRaftLogWorker.java:87)
	at org.apache.ratis.server.raftlog.segmented.SegmentedRaftLogWorker$WriteLog.execute(SegmentedRaftLogWorker.java:477)
	at org.apache.ratis.server.raftlog.segmented.SegmentedRaftLogWorker.run(SegmentedRaftLogWorker.java:289)
	at java.lang.Thread.run(Thread.java:748)
Caused by: java.util.concurrent.TimeoutException
	at java.util.concurrent.CompletableFuture.timedGet(CompletableFuture.java:1771)
	at java.util.concurrent.CompletableFuture.get(CompletableFuture.java:1915)
	at org.apache.ratis.util.IOUtils.getFromFuture(IOUtils.java:79)
	... 4 more
2019-09-11 06:30:14,506 [org.apache.ratis.server.impl.LogAppender$AppenderDaemon$$Lambda$521/1122258981@4ac226bc] ERROR ratis.XceiverServerRatis (XceiverServerRatis.java:triggerPipelineClose(568)) - pipeline Action CLOSE  on pipeline PipelineID=f7ee6abd-8b7b-4e6e-a17a-cab34b64531b.Reason : fbfdc5e7-35fe-4dec-93a8-24c91dabe6d4 has not seen follower/s b3ae6e77-09f2-43a9-bb74-0baf269e9625 for 131260ms 16d0fe26-9857-4477-8b2c-205100b6d095 for 131260ms
2019-09-11 06:30:14,506 [org.apache.ratis.server.impl.LogAppender$AppenderDaemon$$Lambda$521/1122258981@41c91151] ERROR ratis.XceiverServerRatis (XceiverServerRatis.java:triggerPipelineClose(568)) - pipeline Action CLOSE  on pipeline PipelineID=f7ee6abd-8b7b-4e6e-a17a-cab34b64531b.Reason : fbfdc5e7-35fe-4dec-93a8-24c91dabe6d4 has not seen follower/s b3ae6e77-09f2-43a9-bb74-0baf269e9625 for 131260ms 16d0fe26-9857-4477-8b2c-205100b6d095 for 131260ms
2019-09-11 06:30:15,003 [EventQueue-PipelineActionsForPipelineActionHandler] ERROR pipeline.PipelineActionHandler (PipelineActionHandler.java:onMessage(60)) - Received pipeline action CLOSE for Pipeline[ Id: f7ee6abd-8b7b-4e6e-a17a-cab34b64531b, Nodes: b3ae6e77-09f2-43a9-bb74-0baf269e9625{ip: 192.168.36.125, host: trunk-nightly-20190911-vpfxm-1000144475, networkLocation: /default-rack, certSerialId: null}fbfdc5e7-35fe-4dec-93a8-24c91dabe6d4{ip: 192.168.36.125, host: trunk-nightly-20190911-vpfxm-1000144475, networkLocation: /default-rack, certSerialId: null}16d0fe26-9857-4477-8b2c-205100b6d095{ip: 192.168.36.125, host: trunk-nightly-20190911-vpfxm-1000144475, networkLocation: /default-rack, certSerialId: null}, Type:RATIS, Factor:THREE, State:CLOSED] from datanode fbfdc5e7-35fe-4dec-93a8-24c91dabe6d4{ip: 192.168.36.125, host: trunk-nightly-20190911-vpfxm-1000144475, networkLocation: /default-rack, certSerialId: null}. Reason : fbfdc5e7-35fe-4dec-93a8-24c91dabe6d4 has not seen follower/s b3ae6e77-09f2-43a9-bb74-0baf269e9625 for 131260ms 16d0fe26-9857-4477-8b2c-205100b6d095 for 131260ms
2019-09-11 06:30:15,003 [EventQueue-PipelineActionsForPipelineActionHandler] INFO  pipeline.SCMPipelineManager (SCMPipelineManager.java:finalizeAndDestroyPipeline(311)) - destroying pipeline:Pipeline[ Id: f7ee6abd-8b7b-4e6e-a17a-cab34b64531b, Nodes: b3ae6e77-09f2-43a9-bb74-0baf269e9625{ip: 192.168.36.125, host: trunk-nightly-20190911-vpfxm-1000144475, networkLocation: /default-rack, certSerialId: null}fbfdc5e7-35fe-4dec-93a8-24c91dabe6d4{ip: 192.168.36.125, host: trunk-nightly-20190911-vpfxm-1000144475, networkLocation: /default-rack, certSerialId: null}16d0fe26-9857-4477-8b2c-205100b6d095{ip: 192.168.36.125, host: trunk-nightly-20190911-vpfxm-1000144475, networkLocation: /default-rack, certSerialId: null}, Type:RATIS, Factor:THREE, State:CLOSED]
2019-09-11 06:30:15,005 [java.util.concurrent.ThreadPoolExecutor$Worker@c8b29ab[State = -1, empty queue]] WARN  server.GrpcLogAppender (GrpcLogAppender.java:timeoutAppendRequest(200)) - fbfdc5e7-35fe-4dec-93a8-24c91dabe6d4@group-CAB34B64531B->16d0fe26-9857-4477-8b2c-205100b6d095-GrpcLogAppender: appendEntries Timeout, request=fbfdc5e7-35fe-4dec-93a8-24c91dabe6d4->16d0fe26-9857-4477-8b2c-205100b6d095#62-t1, previous=(t:1, i:10), leaderCommit=6, initializing? false, entries: <empty>
2019-09-11 06:30:15,005 [java.util.concurrent.ThreadPoolExecutor$Worker@6828608c[State = -1, empty queue]] WARN  server.GrpcLogAppender (GrpcLogAppender.java:timeoutAppendRequest(200)) - fbfdc5e7-35fe-4dec-93a8-24c91dabe6d4@group-CAB34B64531B->b3ae6e77-09f2-43a9-bb74-0baf269e9625-GrpcLogAppender: appendEntries Timeout, request=fbfdc5e7-35fe-4dec-93a8-24c91dabe6d4->b3ae6e77-09f2-43a9-bb74-0baf269e9625#62-t1, previous=(t:1, i:10), leaderCommit=6, initializing? false, entries: <empty>
2019-09-11 06:30:15,322 [grpc-default-executor-5] INFO  client.GrpcClientProtocolClient (GrpcClientProtocolClient.java:onNext(264)) - client-DDC0476EEFF3->b3ae6e77-09f2-43a9-bb74-0baf269e9625: receive RaftClientReply:client-DDC0476EEFF3->b3ae6e77-09f2-43a9-bb74-0baf269e9625@group-CAB34B64531B, cid=21, FAILED org.apache.ratis.protocol.NotLeaderException: Server b3ae6e77-09f2-43a9-bb74-0baf269e9625@group-CAB34B64531B is not the leader fbfdc5e7-35fe-4dec-93a8-24c91dabe6d4:192.168.36.125:35103, logIndex=0, commits[b3ae6e77-09f2-43a9-bb74-0baf269e9625:c6, 16d0fe26-9857-4477-8b2c-205100b6d095:c4, fbfdc5e7-35fe-4dec-93a8-24c91dabe6d4:c6]
2019-09-11 06:30:17,008 [org.apache.ratis.server.impl.LogAppender$AppenderDaemon$$Lambda$521/1122258981@4ac226bc] ERROR ratis.XceiverServerRatis (XceiverServerRatis.java:triggerPipelineClose(568)) - pipeline Action CLOSE  on pipeline PipelineID=f7ee6abd-8b7b-4e6e-a17a-cab34b64531b.Reason : fbfdc5e7-35fe-4dec-93a8-24c91dabe6d4 has not seen follower/s b3ae6e77-09f2-43a9-bb74-0baf269e9625 for 133762ms 16d0fe26-9857-4477-8b2c-205100b6d095 for 133762ms
2019-09-11 06:30:17,008 [org.apache.ratis.server.impl.LogAppender$AppenderDaemon$$Lambda$521/1122258981@41c91151] ERROR ratis.XceiverServerRatis (XceiverServerRatis.java:triggerPipelineClose(568)) - pipeline Action CLOSE  on pipeline PipelineID=f7ee6abd-8b7b-4e6e-a17a-cab34b64531b.Reason : fbfdc5e7-35fe-4dec-93a8-24c91dabe6d4 has not seen follower/s b3ae6e77-09f2-43a9-bb74-0baf269e9625 for 133762ms 16d0fe26-9857-4477-8b2c-205100b6d095 for 133762ms
2019-09-11 06:30:17,506 [java.util.concurrent.ThreadPoolExecutor$Worker@c8b29ab[State = -1, empty queue]] WARN  server.GrpcLogAppender (GrpcLogAppender.java:timeoutAppendRequest(200)) - fbfdc5e7-35fe-4dec-93a8-24c91dabe6d4@group-CAB34B64531B->16d0fe26-9857-4477-8b2c-205100b6d095-GrpcLogAppender: appendEntries Timeout, request=fbfdc5e7-35fe-4dec-93a8-24c91dabe6d4->16d0fe26-9857-4477-8b2c-205100b6d095#63-t1, previous=(t:1, i:10), leaderCommit=6, initializing? false, entries: <empty>
2019-09-11 06:30:17,506 [java.util.concurrent.ThreadPoolExecutor$Worker@6828608c[State = -1, empty queue]] WARN  server.GrpcLogAppender (GrpcLogAppender.java:timeoutAppendRequest(200)) - fbfdc5e7-35fe-4dec-93a8-24c91dabe6d4@group-CAB34B64531B->b3ae6e77-09f2-43a9-bb74-0baf269e9625-GrpcLogAppender: appendEntries Timeout, request=fbfdc5e7-35fe-4dec-93a8-24c91dabe6d4->b3ae6e77-09f2-43a9-bb74-0baf269e9625#63-t1, previous=(t:1, i:10), leaderCommit=6, initializing? false, entries: <empty>
2019-09-11 06:30:18,004 [EventQueue-PipelineActionsForPipelineActionHandler] ERROR pipeline.PipelineActionHandler (PipelineActionHandler.java:onMessage(60)) - Received pipeline action CLOSE for Pipeline[ Id: f7ee6abd-8b7b-4e6e-a17a-cab34b64531b, Nodes: b3ae6e77-09f2-43a9-bb74-0baf269e9625{ip: 192.168.36.125, host: trunk-nightly-20190911-vpfxm-1000144475, networkLocation: /default-rack, certSerialId: null}fbfdc5e7-35fe-4dec-93a8-24c91dabe6d4{ip: 192.168.36.125, host: trunk-nightly-20190911-vpfxm-1000144475, networkLocation: /default-rack, certSerialId: null}16d0fe26-9857-4477-8b2c-205100b6d095{ip: 192.168.36.125, host: trunk-nightly-20190911-vpfxm-1000144475, networkLocation: /default-rack, certSerialId: null}, Type:RATIS, Factor:THREE, State:CLOSED] from datanode fbfdc5e7-35fe-4dec-93a8-24c91dabe6d4{ip: 192.168.36.125, host: trunk-nightly-20190911-vpfxm-1000144475, networkLocation: /default-rack, certSerialId: null}. Reason : fbfdc5e7-35fe-4dec-93a8-24c91dabe6d4 has not seen follower/s b3ae6e77-09f2-43a9-bb74-0baf269e9625 for 133762ms 16d0fe26-9857-4477-8b2c-205100b6d095 for 133762ms
2019-09-11 06:30:18,004 [EventQueue-PipelineActionsForPipelineActionHandler] INFO  pipeline.SCMPipelineManager (SCMPipelineManager.java:finalizeAndDestroyPipeline(311)) - destroying pipeline:Pipeline[ Id: f7ee6abd-8b7b-4e6e-a17a-cab34b64531b, Nodes: b3ae6e77-09f2-43a9-bb74-0baf269e9625{ip: 192.168.36.125, host: trunk-nightly-20190911-vpfxm-1000144475, networkLocation: /default-rack, certSerialId: null}fbfdc5e7-35fe-4dec-93a8-24c91dabe6d4{ip: 192.168.36.125, host: trunk-nightly-20190911-vpfxm-1000144475, networkLocation: /default-rack, certSerialId: null}16d0fe26-9857-4477-8b2c-205100b6d095{ip: 192.168.36.125, host: trunk-nightly-20190911-vpfxm-1000144475, networkLocation: /default-rack, certSerialId: null}, Type:RATIS, Factor:THREE, State:CLOSED]
2019-09-11 06:30:19,508 [org.apache.ratis.server.impl.LogAppender$AppenderDaemon$$Lambda$521/1122258981@41c91151] ERROR ratis.XceiverServerRatis (XceiverServerRatis.java:triggerPipelineClose(568)) - pipeline Action CLOSE  on pipeline PipelineID=f7ee6abd-8b7b-4e6e-a17a-cab34b64531b.Reason : fbfdc5e7-35fe-4dec-93a8-24c91dabe6d4 has not seen follower/s b3ae6e77-09f2-43a9-bb74-0baf269e9625 for 136262ms 16d0fe26-9857-4477-8b2c-205100b6d095 for 136262ms
2019-09-11 06:30:19,511 [org.apache.ratis.server.impl.LogAppender$AppenderDaemon$$Lambda$521/1122258981@4ac226bc] ERROR ratis.XceiverServerRatis (XceiverServerRatis.java:triggerPipelineClose(568)) - pipeline Action CLOSE  on pipeline PipelineID=f7ee6abd-8b7b-4e6e-a17a-cab34b64531b.Reason : fbfdc5e7-35fe-4dec-93a8-24c91dabe6d4 has not seen follower/s b3ae6e77-09f2-43a9-bb74-0baf269e9625 for 136265ms 16d0fe26-9857-4477-8b2c-205100b6d095 for 136265ms
2019-09-11 06:30:20,004 [EventQueue-PipelineActionsForPipelineActionHandler] ERROR pipeline.PipelineActionHandler (PipelineActionHandler.java:onMessage(60)) - Received pipeline action CLOSE for Pipeline[ Id: f7ee6abd-8b7b-4e6e-a17a-cab34b64531b, Nodes: b3ae6e77-09f2-43a9-bb74-0baf269e9625{ip: 192.168.36.125, host: trunk-nightly-20190911-vpfxm-1000144475, networkLocation: /default-rack, certSerialId: null}fbfdc5e7-35fe-4dec-93a8-24c91dabe6d4{ip: 192.168.36.125, host: trunk-nightly-20190911-vpfxm-1000144475, networkLocation: /default-rack, certSerialId: null}16d0fe26-9857-4477-8b2c-205100b6d095{ip: 192.168.36.125, host: trunk-nightly-20190911-vpfxm-1000144475, networkLocation: /default-rack, certSerialId: null}, Type:RATIS, Factor:THREE, State:CLOSED] from datanode fbfdc5e7-35fe-4dec-93a8-24c91dabe6d4{ip: 192.168.36.125, host: trunk-nightly-20190911-vpfxm-1000144475, networkLocation: /default-rack, certSerialId: null}. Reason : fbfdc5e7-35fe-4dec-93a8-24c91dabe6d4 has not seen follower/s b3ae6e77-09f2-43a9-bb74-0baf269e9625 for 136262ms 16d0fe26-9857-4477-8b2c-205100b6d095 for 136262ms
2019-09-11 06:30:20,004 [EventQueue-PipelineActionsForPipelineActionHandler] INFO  pipeline.SCMPipelineManager (SCMPipelineManager.java:finalizeAndDestroyPipeline(311)) - destroying pipeline:Pipeline[ Id: f7ee6abd-8b7b-4e6e-a17a-cab34b64531b, Nodes: b3ae6e77-09f2-43a9-bb74-0baf269e9625{ip: 192.168.36.125, host: trunk-nightly-20190911-vpfxm-1000144475, networkLocation: /default-rack, certSerialId: null}fbfdc5e7-35fe-4dec-93a8-24c91dabe6d4{ip: 192.168.36.125, host: trunk-nightly-20190911-vpfxm-1000144475, networkLocation: /default-rack, certSerialId: null}16d0fe26-9857-4477-8b2c-205100b6d095{ip: 192.168.36.125, host: trunk-nightly-20190911-vpfxm-1000144475, networkLocation: /default-rack, certSerialId: null}, Type:RATIS, Factor:THREE, State:CLOSED]
2019-09-11 06:30:20,008 [java.util.concurrent.ThreadPoolExecutor$Worker@c8b29ab[State = -1, empty queue]] WARN  server.GrpcLogAppender (GrpcLogAppender.java:timeoutAppendRequest(200)) - fbfdc5e7-35fe-4dec-93a8-24c91dabe6d4@group-CAB34B64531B->16d0fe26-9857-4477-8b2c-205100b6d095-GrpcLogAppender: appendEntries Timeout, request=fbfdc5e7-35fe-4dec-93a8-24c91dabe6d4->16d0fe26-9857-4477-8b2c-205100b6d095#64-t1, previous=(t:1, i:10), leaderCommit=6, initializing? false, entries: <empty>
2019-09-11 06:30:20,008 [java.util.concurrent.ThreadPoolExecutor$Worker@6828608c[State = -1, empty queue]] WARN  server.GrpcLogAppender (GrpcLogAppender.java:timeoutAppendRequest(200)) - fbfdc5e7-35fe-4dec-93a8-24c91dabe6d4@group-CAB34B64531B->b3ae6e77-09f2-43a9-bb74-0baf269e9625-GrpcLogAppender: appendEntries Timeout, request=fbfdc5e7-35fe-4dec-93a8-24c91dabe6d4->b3ae6e77-09f2-43a9-bb74-0baf269e9625#64-t1, previous=(t:1, i:10), leaderCommit=6, initializing? false, entries: <empty>
2019-09-11 06:30:20,370 [grpc-default-executor-7] INFO  client.GrpcClientProtocolClient (GrpcClientProtocolClient.java:onNext(264)) - client-DDC0476EEFF3->16d0fe26-9857-4477-8b2c-205100b6d095: receive RaftClientReply:client-DDC0476EEFF3->16d0fe26-9857-4477-8b2c-205100b6d095@group-CAB34B64531B, cid=21, FAILED org.apache.ratis.protocol.NotLeaderException: Server 16d0fe26-9857-4477-8b2c-205100b6d095@group-CAB34B64531B is not the leader fbfdc5e7-35fe-4dec-93a8-24c91dabe6d4:192.168.36.125:35103, logIndex=0, commits[16d0fe26-9857-4477-8b2c-205100b6d095:c6, b3ae6e77-09f2-43a9-bb74-0baf269e9625:c4, fbfdc5e7-35fe-4dec-93a8-24c91dabe6d4:c6]
2019-09-11 06:30:22,009 [org.apache.ratis.server.impl.LogAppender$AppenderDaemon$$Lambda$521/1122258981@41c91151] ERROR ratis.XceiverServerRatis (XceiverServerRatis.java:triggerPipelineClose(568)) - pipeline Action CLOSE  on pipeline PipelineID=f7ee6abd-8b7b-4e6e-a17a-cab34b64531b.Reason : fbfdc5e7-35fe-4dec-93a8-24c91dabe6d4 has not seen follower/s b3ae6e77-09f2-43a9-bb74-0baf269e9625 for 138763ms 16d0fe26-9857-4477-8b2c-205100b6d095 for 138763ms
2019-09-11 06:30:22,012 [org.apache.ratis.server.impl.LogAppender$AppenderDaemon$$Lambda$521/1122258981@4ac226bc] ERROR ratis.XceiverServerRatis (XceiverServerRatis.java:triggerPipelineClose(568)) - pipeline Action CLOSE  on pipeline PipelineID=f7ee6abd-8b7b-4e6e-a17a-cab34b64531b.Reason : fbfdc5e7-35fe-4dec-93a8-24c91dabe6d4 has not seen follower/s b3ae6e77-09f2-43a9-bb74-0baf269e9625 for 138766ms 16d0fe26-9857-4477-8b2c-205100b6d095 for 138766ms
2019-09-11 06:30:22,508 [java.util.concurrent.ThreadPoolExecutor$Worker@6828608c[State = -1, empty queue]] WARN  server.GrpcLogAppender (GrpcLogAppender.java:timeoutAppendRequest(200)) - fbfdc5e7-35fe-4dec-93a8-24c91dabe6d4@group-CAB34B64531B->b3ae6e77-09f2-43a9-bb74-0baf269e9625-GrpcLogAppender: appendEntries Timeout, request=fbfdc5e7-35fe-4dec-93a8-24c91dabe6d4->b3ae6e77-09f2-43a9-bb74-0baf269e9625#65-t1, previous=(t:1, i:10), leaderCommit=6, initializing? false, entries: <empty>
2019-09-11 06:30:22,511 [java.util.concurrent.ThreadPoolExecutor$Worker@c8b29ab[State = -1, empty queue]] WARN  server.GrpcLogAppender (GrpcLogAppender.java:timeoutAppendRequest(200)) - fbfdc5e7-35fe-4dec-93a8-24c91dabe6d4@group-CAB34B64531B->16d0fe26-9857-4477-8b2c-205100b6d095-GrpcLogAppender: appendEntries Timeout, request=fbfdc5e7-35fe-4dec-93a8-24c91dabe6d4->16d0fe26-9857-4477-8b2c-205100b6d095#65-t1, previous=(t:1, i:10), leaderCommit=6, initializing? false, entries: <empty>
2019-09-11 06:30:23,005 [EventQueue-PipelineActionsForPipelineActionHandler] ERROR pipeline.PipelineActionHandler (PipelineActionHandler.java:onMessage(60)) - Received pipeline action CLOSE for Pipeline[ Id: f7ee6abd-8b7b-4e6e-a17a-cab34b64531b, Nodes: b3ae6e77-09f2-43a9-bb74-0baf269e9625{ip: 192.168.36.125, host: trunk-nightly-20190911-vpfxm-1000144475, networkLocation: /default-rack, certSerialId: null}fbfdc5e7-35fe-4dec-93a8-24c91dabe6d4{ip: 192.168.36.125, host: trunk-nightly-20190911-vpfxm-1000144475, networkLocation: /default-rack, certSerialId: null}16d0fe26-9857-4477-8b2c-205100b6d095{ip: 192.168.36.125, host: trunk-nightly-20190911-vpfxm-1000144475, networkLocation: /default-rack, certSerialId: null}, Type:RATIS, Factor:THREE, State:CLOSED] from datanode fbfdc5e7-35fe-4dec-93a8-24c91dabe6d4{ip: 192.168.36.125, host: trunk-nightly-20190911-vpfxm-1000144475, networkLocation: /default-rack, certSerialId: null}. Reason : fbfdc5e7-35fe-4dec-93a8-24c91dabe6d4 has not seen follower/s b3ae6e77-09f2-43a9-bb74-0baf269e9625 for 138763ms 16d0fe26-9857-4477-8b2c-205100b6d095 for 138763ms
2019-09-11 06:30:23,005 [EventQueue-PipelineActionsForPipelineActionHandler] INFO  pipeline.SCMPipelineManager (SCMPipelineManager.java:finalizeAndDestroyPipeline(311)) - destroying pipeline:Pipeline[ Id: f7ee6abd-8b7b-4e6e-a17a-cab34b64531b, Nodes: b3ae6e77-09f2-43a9-bb74-0baf269e9625{ip: 192.168.36.125, host: trunk-nightly-20190911-vpfxm-1000144475, networkLocation: /default-rack, certSerialId: null}fbfdc5e7-35fe-4dec-93a8-24c91dabe6d4{ip: 192.168.36.125, host: trunk-nightly-20190911-vpfxm-1000144475, networkLocation: /default-rack, certSerialId: null}16d0fe26-9857-4477-8b2c-205100b6d095{ip: 192.168.36.125, host: trunk-nightly-20190911-vpfxm-1000144475, networkLocation: /default-rack, certSerialId: null}, Type:RATIS, Factor:THREE, State:CLOSED]
2019-09-11 06:30:23,992 [b3ae6e77-09f2-43a9-bb74-0baf269e9625@group-CAB34B64531B-SegmentedRaftLogWorker] WARN  segmented.SegmentedRaftLogWorker (SegmentedRaftLogWorker.java:getFromFuture(90)) - Timeout 13/~
org.apache.ratis.protocol.TimeoutIOException: Timeout 10s: WriteLog:8: (t:1, i:8), STATEMACHINELOGENTRY, client-DDC0476EEFF3, cid=22-writeStateMachineData
	at org.apache.ratis.util.IOUtils.getFromFuture(IOUtils.java:87)
	at org.apache.ratis.server.raftlog.segmented.SegmentedRaftLogWorker$StateMachineDataPolicy.getFromFuture(SegmentedRaftLogWorker.java:87)
	at org.apache.ratis.server.raftlog.segmented.SegmentedRaftLogWorker$WriteLog.execute(SegmentedRaftLogWorker.java:477)
	at org.apache.ratis.server.raftlog.segmented.SegmentedRaftLogWorker.run(SegmentedRaftLogWorker.java:289)
	at java.lang.Thread.run(Thread.java:748)
Caused by: java.util.concurrent.TimeoutException
	at java.util.concurrent.CompletableFuture.timedGet(CompletableFuture.java:1771)
	at java.util.concurrent.CompletableFuture.get(CompletableFuture.java:1915)
	at org.apache.ratis.util.IOUtils.getFromFuture(IOUtils.java:79)
	... 4 more
2019-09-11 06:30:24,004 [fbfdc5e7-35fe-4dec-93a8-24c91dabe6d4@group-CAB34B64531B-SegmentedRaftLogWorker] WARN  segmented.SegmentedRaftLogWorker (SegmentedRaftLogWorker.java:getFromFuture(90)) - Timeout 13/~
org.apache.ratis.protocol.TimeoutIOException: Timeout 10s: WriteLog:8: (t:1, i:8), STATEMACHINELOGENTRY, client-DDC0476EEFF3, cid=22-writeStateMachineData
	at org.apache.ratis.util.IOUtils.getFromFuture(IOUtils.java:87)
	at org.apache.ratis.server.raftlog.segmented.SegmentedRaftLogWorker$StateMachineDataPolicy.getFromFuture(SegmentedRaftLogWorker.java:87)
	at org.apache.ratis.server.raftlog.segmented.SegmentedRaftLogWorker$WriteLog.execute(SegmentedRaftLogWorker.java:477)
	at org.apache.ratis.server.raftlog.segmented.SegmentedRaftLogWorker.run(SegmentedRaftLogWorker.java:289)
	at java.lang.Thread.run(Thread.java:748)
Caused by: java.util.concurrent.TimeoutException
	at java.util.concurrent.CompletableFuture.timedGet(CompletableFuture.java:1771)
	at java.util.concurrent.CompletableFuture.get(CompletableFuture.java:1915)
	at org.apache.ratis.util.IOUtils.getFromFuture(IOUtils.java:79)
	... 4 more
2019-09-11 06:30:24,007 [16d0fe26-9857-4477-8b2c-205100b6d095@group-CAB34B64531B-SegmentedRaftLogWorker] WARN  segmented.SegmentedRaftLogWorker (SegmentedRaftLogWorker.java:getFromFuture(90)) - Timeout 13/~
org.apache.ratis.protocol.TimeoutIOException: Timeout 10s: WriteLog:8: (t:1, i:8), STATEMACHINELOGENTRY, client-DDC0476EEFF3, cid=22-writeStateMachineData
	at org.apache.ratis.util.IOUtils.getFromFuture(IOUtils.java:87)
	at org.apache.ratis.server.raftlog.segmented.SegmentedRaftLogWorker$StateMachineDataPolicy.getFromFuture(SegmentedRaftLogWorker.java:87)
	at org.apache.ratis.server.raftlog.segmented.SegmentedRaftLogWorker$WriteLog.execute(SegmentedRaftLogWorker.java:477)
	at org.apache.ratis.server.raftlog.segmented.SegmentedRaftLogWorker.run(SegmentedRaftLogWorker.java:289)
	at java.lang.Thread.run(Thread.java:748)
Caused by: java.util.concurrent.TimeoutException
	at java.util.concurrent.CompletableFuture.timedGet(CompletableFuture.java:1771)
	at java.util.concurrent.CompletableFuture.get(CompletableFuture.java:1915)
	at org.apache.ratis.util.IOUtils.getFromFuture(IOUtils.java:79)
	... 4 more
2019-09-11 06:30:24,510 [org.apache.ratis.server.impl.LogAppender$AppenderDaemon$$Lambda$521/1122258981@41c91151] ERROR ratis.XceiverServerRatis (XceiverServerRatis.java:triggerPipelineClose(568)) - pipeline Action CLOSE  on pipeline PipelineID=f7ee6abd-8b7b-4e6e-a17a-cab34b64531b.Reason : fbfdc5e7-35fe-4dec-93a8-24c91dabe6d4 has not seen follower/s b3ae6e77-09f2-43a9-bb74-0baf269e9625 for 141264ms 16d0fe26-9857-4477-8b2c-205100b6d095 for 141263ms
2019-09-11 06:30:24,513 [org.apache.ratis.server.impl.LogAppender$AppenderDaemon$$Lambda$521/1122258981@4ac226bc] ERROR ratis.XceiverServerRatis (XceiverServerRatis.java:triggerPipelineClose(568)) - pipeline Action CLOSE  on pipeline PipelineID=f7ee6abd-8b7b-4e6e-a17a-cab34b64531b.Reason : fbfdc5e7-35fe-4dec-93a8-24c91dabe6d4 has not seen follower/s b3ae6e77-09f2-43a9-bb74-0baf269e9625 for 141266ms 16d0fe26-9857-4477-8b2c-205100b6d095 for 141266ms
2019-09-11 06:30:25,004 [EventQueue-PipelineActionsForPipelineActionHandler] ERROR pipeline.PipelineActionHandler (PipelineActionHandler.java:onMessage(60)) - Received pipeline action CLOSE for Pipeline[ Id: f7ee6abd-8b7b-4e6e-a17a-cab34b64531b, Nodes: b3ae6e77-09f2-43a9-bb74-0baf269e9625{ip: 192.168.36.125, host: trunk-nightly-20190911-vpfxm-1000144475, networkLocation: /default-rack, certSerialId: null}fbfdc5e7-35fe-4dec-93a8-24c91dabe6d4{ip: 192.168.36.125, host: trunk-nightly-20190911-vpfxm-1000144475, networkLocation: /default-rack, certSerialId: null}16d0fe26-9857-4477-8b2c-205100b6d095{ip: 192.168.36.125, host: trunk-nightly-20190911-vpfxm-1000144475, networkLocation: /default-rack, certSerialId: null}, Type:RATIS, Factor:THREE, State:CLOSED] from datanode fbfdc5e7-35fe-4dec-93a8-24c91dabe6d4{ip: 192.168.36.125, host: trunk-nightly-20190911-vpfxm-1000144475, networkLocation: /default-rack, certSerialId: null}. Reason : fbfdc5e7-35fe-4dec-93a8-24c91dabe6d4 has not seen follower/s b3ae6e77-09f2-43a9-bb74-0baf269e9625 for 141264ms 16d0fe26-9857-4477-8b2c-205100b6d095 for 141263ms
2019-09-11 06:30:25,005 [EventQueue-PipelineActionsForPipelineActionHandler] INFO  pipeline.SCMPipelineManager (SCMPipelineManager.java:finalizeAndDestroyPipeline(311)) - destroying pipeline:Pipeline[ Id: f7ee6abd-8b7b-4e6e-a17a-cab34b64531b, Nodes: b3ae6e77-09f2-43a9-bb74-0baf269e9625{ip: 192.168.36.125, host: trunk-nightly-20190911-vpfxm-1000144475, networkLocation: /default-rack, certSerialId: null}fbfdc5e7-35fe-4dec-93a8-24c91dabe6d4{ip: 192.168.36.125, host: trunk-nightly-20190911-vpfxm-1000144475, networkLocation: /default-rack, certSerialId: null}16d0fe26-9857-4477-8b2c-205100b6d095{ip: 192.168.36.125, host: trunk-nightly-20190911-vpfxm-1000144475, networkLocation: /default-rack, certSerialId: null}, Type:RATIS, Factor:THREE, State:CLOSED]
2019-09-11 06:30:25,009 [java.util.concurrent.ThreadPoolExecutor$Worker@6828608c[State = -1, empty queue]] WARN  server.GrpcLogAppender (GrpcLogAppender.java:timeoutAppendRequest(200)) - fbfdc5e7-35fe-4dec-93a8-24c91dabe6d4@group-CAB34B64531B->b3ae6e77-09f2-43a9-bb74-0baf269e9625-GrpcLogAppender: appendEntries Timeout, request=fbfdc5e7-35fe-4dec-93a8-24c91dabe6d4->b3ae6e77-09f2-43a9-bb74-0baf269e9625#66-t1, previous=(t:1, i:10), leaderCommit=6, initializing? false, entries: <empty>
2019-09-11 06:30:25,012 [java.util.concurrent.ThreadPoolExecutor$Worker@c8b29ab[State = -1, empty queue]] WARN  server.GrpcLogAppender (GrpcLogAppender.java:timeoutAppendRequest(200)) - fbfdc5e7-35fe-4dec-93a8-24c91dabe6d4@group-CAB34B64531B->16d0fe26-9857-4477-8b2c-205100b6d095-GrpcLogAppender: appendEntries Timeout, request=fbfdc5e7-35fe-4dec-93a8-24c91dabe6d4->16d0fe26-9857-4477-8b2c-205100b6d095#66-t1, previous=(t:1, i:10), leaderCommit=6, initializing? false, entries: <empty>
2019-09-11 06:30:25,414 [grpc-default-executor-5] INFO  client.GrpcClientProtocolClient (GrpcClientProtocolClient.java:onNext(264)) - client-DDC0476EEFF3->b3ae6e77-09f2-43a9-bb74-0baf269e9625: receive RaftClientReply:client-DDC0476EEFF3->b3ae6e77-09f2-43a9-bb74-0baf269e9625@group-CAB34B64531B, cid=21, FAILED org.apache.ratis.protocol.NotLeaderException: Server b3ae6e77-09f2-43a9-bb74-0baf269e9625@group-CAB34B64531B is not the leader fbfdc5e7-35fe-4dec-93a8-24c91dabe6d4:192.168.36.125:35103, logIndex=0, commits[b3ae6e77-09f2-43a9-bb74-0baf269e9625:c6, 16d0fe26-9857-4477-8b2c-205100b6d095:c4, fbfdc5e7-35fe-4dec-93a8-24c91dabe6d4:c6]
2019-09-11 06:30:27,011 [org.apache.ratis.server.impl.LogAppender$AppenderDaemon$$Lambda$521/1122258981@41c91151] ERROR ratis.XceiverServerRatis (XceiverServerRatis.java:triggerPipelineClose(568)) - pipeline Action CLOSE  on pipeline PipelineID=f7ee6abd-8b7b-4e6e-a17a-cab34b64531b.Reason : fbfdc5e7-35fe-4dec-93a8-24c91dabe6d4 has not seen follower/s b3ae6e77-09f2-43a9-bb74-0baf269e9625 for 143765ms 16d0fe26-9857-4477-8b2c-205100b6d095 for 143764ms
2019-09-11 06:30:27,013 [org.apache.ratis.server.impl.LogAppender$AppenderDaemon$$Lambda$521/1122258981@4ac226bc] ERROR ratis.XceiverServerRatis (XceiverServerRatis.java:triggerPipelineClose(568)) - pipeline Action CLOSE  on pipeline PipelineID=f7ee6abd-8b7b-4e6e-a17a-cab34b64531b.Reason : fbfdc5e7-35fe-4dec-93a8-24c91dabe6d4 has not seen follower/s b3ae6e77-09f2-43a9-bb74-0baf269e9625 for 143767ms 16d0fe26-9857-4477-8b2c-205100b6d095 for 143767ms
2019-09-11 06:30:27,510 [java.util.concurrent.ThreadPoolExecutor$Worker@6828608c[State = -1, empty queue]] WARN  server.GrpcLogAppender (GrpcLogAppender.java:timeoutAppendRequest(200)) - fbfdc5e7-35fe-4dec-93a8-24c91dabe6d4@group-CAB34B64531B->b3ae6e77-09f2-43a9-bb74-0baf269e9625-GrpcLogAppender: appendEntries Timeout, request=fbfdc5e7-35fe-4dec-93a8-24c91dabe6d4->b3ae6e77-09f2-43a9-bb74-0baf269e9625#67-t1, previous=(t:1, i:10), leaderCommit=6, initializing? false, entries: <empty>
2019-09-11 06:30:27,513 [java.util.concurrent.ThreadPoolExecutor$Worker@c8b29ab[State = -1, empty queue]] WARN  server.GrpcLogAppender (GrpcLogAppender.java:timeoutAppendRequest(200)) - fbfdc5e7-35fe-4dec-93a8-24c91dabe6d4@group-CAB34B64531B->16d0fe26-9857-4477-8b2c-205100b6d095-GrpcLogAppender: appendEntries Timeout, request=fbfdc5e7-35fe-4dec-93a8-24c91dabe6d4->16d0fe26-9857-4477-8b2c-205100b6d095#67-t1, previous=(t:1, i:10), leaderCommit=6, initializing? false, entries: <empty>
2019-09-11 06:30:28,005 [EventQueue-PipelineActionsForPipelineActionHandler] ERROR pipeline.PipelineActionHandler (PipelineActionHandler.java:onMessage(60)) - Received pipeline action CLOSE for Pipeline[ Id: f7ee6abd-8b7b-4e6e-a17a-cab34b64531b, Nodes: b3ae6e77-09f2-43a9-bb74-0baf269e9625{ip: 192.168.36.125, host: trunk-nightly-20190911-vpfxm-1000144475, networkLocation: /default-rack, certSerialId: null}fbfdc5e7-35fe-4dec-93a8-24c91dabe6d4{ip: 192.168.36.125, host: trunk-nightly-20190911-vpfxm-1000144475, networkLocation: /default-rack, certSerialId: null}16d0fe26-9857-4477-8b2c-205100b6d095{ip: 192.168.36.125, host: trunk-nightly-20190911-vpfxm-1000144475, networkLocation: /default-rack, certSerialId: null}, Type:RATIS, Factor:THREE, State:CLOSED] from datanode fbfdc5e7-35fe-4dec-93a8-24c91dabe6d4{ip: 192.168.36.125, host: trunk-nightly-20190911-vpfxm-1000144475, networkLocation: /default-rack, certSerialId: null}. Reason : fbfdc5e7-35fe-4dec-93a8-24c91dabe6d4 has not seen follower/s b3ae6e77-09f2-43a9-bb74-0baf269e9625 for 143765ms 16d0fe26-9857-4477-8b2c-205100b6d095 for 143764ms
2019-09-11 06:30:28,005 [EventQueue-PipelineActionsForPipelineActionHandler] INFO  pipeline.SCMPipelineManager (SCMPipelineManager.java:finalizeAndDestroyPipeline(311)) - destroying pipeline:Pipeline[ Id: f7ee6abd-8b7b-4e6e-a17a-cab34b64531b, Nodes: b3ae6e77-09f2-43a9-bb74-0baf269e9625{ip: 192.168.36.125, host: trunk-nightly-20190911-vpfxm-1000144475, networkLocation: /default-rack, certSerialId: null}fbfdc5e7-35fe-4dec-93a8-24c91dabe6d4{ip: 192.168.36.125, host: trunk-nightly-20190911-vpfxm-1000144475, networkLocation: /default-rack, certSerialId: null}16d0fe26-9857-4477-8b2c-205100b6d095{ip: 192.168.36.125, host: trunk-nightly-20190911-vpfxm-1000144475, networkLocation: /default-rack, certSerialId: null}, Type:RATIS, Factor:THREE, State:CLOSED]
2019-09-11 06:30:29,512 [org.apache.ratis.server.impl.LogAppender$AppenderDaemon$$Lambda$521/1122258981@41c91151] ERROR ratis.XceiverServerRatis (XceiverServerRatis.java:triggerPipelineClose(568)) - pipeline Action CLOSE  on pipeline PipelineID=f7ee6abd-8b7b-4e6e-a17a-cab34b64531b.Reason : fbfdc5e7-35fe-4dec-93a8-24c91dabe6d4 has not seen follower/s b3ae6e77-09f2-43a9-bb74-0baf269e9625 for 146265ms 16d0fe26-9857-4477-8b2c-205100b6d095 for 146265ms
2019-09-11 06:30:29,515 [org.apache.ratis.server.impl.LogAppender$AppenderDaemon$$Lambda$521/1122258981@4ac226bc] ERROR ratis.XceiverServerRatis (XceiverServerRatis.java:triggerPipelineClose(568)) - pipeline Action CLOSE  on pipeline PipelineID=f7ee6abd-8b7b-4e6e-a17a-cab34b64531b.Reason : fbfdc5e7-35fe-4dec-93a8-24c91dabe6d4 has not seen follower/s b3ae6e77-09f2-43a9-bb74-0baf269e9625 for 146268ms 16d0fe26-9857-4477-8b2c-205100b6d095 for 146268ms
2019-09-11 06:30:30,005 [EventQueue-PipelineActionsForPipelineActionHandler] ERROR pipeline.PipelineActionHandler (PipelineActionHandler.java:onMessage(60)) - Received pipeline action CLOSE for Pipeline[ Id: f7ee6abd-8b7b-4e6e-a17a-cab34b64531b, Nodes: b3ae6e77-09f2-43a9-bb74-0baf269e9625{ip: 192.168.36.125, host: trunk-nightly-20190911-vpfxm-1000144475, networkLocation: /default-rack, certSerialId: null}fbfdc5e7-35fe-4dec-93a8-24c91dabe6d4{ip: 192.168.36.125, host: trunk-nightly-20190911-vpfxm-1000144475, networkLocation: /default-rack, certSerialId: null}16d0fe26-9857-4477-8b2c-205100b6d095{ip: 192.168.36.125, host: trunk-nightly-20190911-vpfxm-1000144475, networkLocation: /default-rack, certSerialId: null}, Type:RATIS, Factor:THREE, State:CLOSED] from datanode fbfdc5e7-35fe-4dec-93a8-24c91dabe6d4{ip: 192.168.36.125, host: trunk-nightly-20190911-vpfxm-1000144475, networkLocation: /default-rack, certSerialId: null}. Reason : fbfdc5e7-35fe-4dec-93a8-24c91dabe6d4 has not seen follower/s b3ae6e77-09f2-43a9-bb74-0baf269e9625 for 146265ms 16d0fe26-9857-4477-8b2c-205100b6d095 for 146265ms
2019-09-11 06:30:30,006 [EventQueue-PipelineActionsForPipelineActionHandler] INFO  pipeline.SCMPipelineManager (SCMPipelineManager.java:finalizeAndDestroyPipeline(311)) - destroying pipeline:Pipeline[ Id: f7ee6abd-8b7b-4e6e-a17a-cab34b64531b, Nodes: b3ae6e77-09f2-43a9-bb74-0baf269e9625{ip: 192.168.36.125, host: trunk-nightly-20190911-vpfxm-1000144475, networkLocation: /default-rack, certSerialId: null}fbfdc5e7-35fe-4dec-93a8-24c91dabe6d4{ip: 192.168.36.125, host: trunk-nightly-20190911-vpfxm-1000144475, networkLocation: /default-rack, certSerialId: null}16d0fe26-9857-4477-8b2c-205100b6d095{ip: 192.168.36.125, host: trunk-nightly-20190911-vpfxm-1000144475, networkLocation: /default-rack, certSerialId: null}, Type:RATIS, Factor:THREE, State:CLOSED]
2019-09-11 06:30:30,011 [java.util.concurrent.ThreadPoolExecutor$Worker@6828608c[State = -1, empty queue]] WARN  server.GrpcLogAppender (GrpcLogAppender.java:timeoutAppendRequest(200)) - fbfdc5e7-35fe-4dec-93a8-24c91dabe6d4@group-CAB34B64531B->b3ae6e77-09f2-43a9-bb74-0baf269e9625-GrpcLogAppender: appendEntries Timeout, request=fbfdc5e7-35fe-4dec-93a8-24c91dabe6d4->b3ae6e77-09f2-43a9-bb74-0baf269e9625#68-t1, previous=(t:1, i:10), leaderCommit=6, initializing? false, entries: <empty>
2019-09-11 06:30:30,013 [java.util.concurrent.ThreadPoolExecutor$Worker@c8b29ab[State = -1, empty queue]] WARN  server.GrpcLogAppender (GrpcLogAppender.java:timeoutAppendRequest(200)) - fbfdc5e7-35fe-4dec-93a8-24c91dabe6d4@group-CAB34B64531B->16d0fe26-9857-4477-8b2c-205100b6d095-GrpcLogAppender: appendEntries Timeout, request=fbfdc5e7-35fe-4dec-93a8-24c91dabe6d4->16d0fe26-9857-4477-8b2c-205100b6d095#68-t1, previous=(t:1, i:10), leaderCommit=6, initializing? false, entries: <empty>
2019-09-11 06:30:30,475 [grpc-default-executor-7] INFO  client.GrpcClientProtocolClient (GrpcClientProtocolClient.java:onNext(264)) - client-DDC0476EEFF3->16d0fe26-9857-4477-8b2c-205100b6d095: receive RaftClientReply:client-DDC0476EEFF3->16d0fe26-9857-4477-8b2c-205100b6d095@group-CAB34B64531B, cid=21, FAILED org.apache.ratis.protocol.NotLeaderException: Server 16d0fe26-9857-4477-8b2c-205100b6d095@group-CAB34B64531B is not the leader fbfdc5e7-35fe-4dec-93a8-24c91dabe6d4:192.168.36.125:35103, logIndex=0, commits[16d0fe26-9857-4477-8b2c-205100b6d095:c6, b3ae6e77-09f2-43a9-bb74-0baf269e9625:c4, fbfdc5e7-35fe-4dec-93a8-24c91dabe6d4:c6]
2019-09-11 06:30:32,013 [org.apache.ratis.server.impl.LogAppender$AppenderDaemon$$Lambda$521/1122258981@41c91151] ERROR ratis.XceiverServerRatis (XceiverServerRatis.java:triggerPipelineClose(568)) - pipeline Action CLOSE  on pipeline PipelineID=f7ee6abd-8b7b-4e6e-a17a-cab34b64531b.Reason : fbfdc5e7-35fe-4dec-93a8-24c91dabe6d4 has not seen follower/s b3ae6e77-09f2-43a9-bb74-0baf269e9625 for 148767ms 16d0fe26-9857-4477-8b2c-205100b6d095 for 148767ms
2019-09-11 06:30:32,016 [org.apache.ratis.server.impl.LogAppender$AppenderDaemon$$Lambda$521/1122258981@4ac226bc] ERROR ratis.XceiverServerRatis (XceiverServerRatis.java:triggerPipelineClose(568)) - pipeline Action CLOSE  on pipeline PipelineID=f7ee6abd-8b7b-4e6e-a17a-cab34b64531b.Reason : fbfdc5e7-35fe-4dec-93a8-24c91dabe6d4 has not seen follower/s b3ae6e77-09f2-43a9-bb74-0baf269e9625 for 148769ms 16d0fe26-9857-4477-8b2c-205100b6d095 for 148769ms
2019-09-11 06:30:32,512 [java.util.concurrent.ThreadPoolExecutor$Worker@6828608c[State = -1, empty queue]] WARN  server.GrpcLogAppender (GrpcLogAppender.java:timeoutAppendRequest(200)) - fbfdc5e7-35fe-4dec-93a8-24c91dabe6d4@group-CAB34B64531B->b3ae6e77-09f2-43a9-bb74-0baf269e9625-GrpcLogAppender: appendEntries Timeout, request=fbfdc5e7-35fe-4dec-93a8-24c91dabe6d4->b3ae6e77-09f2-43a9-bb74-0baf269e9625#69-t1, previous=(t:1, i:10), leaderCommit=6, initializing? false, entries: <empty>
2019-09-11 06:30:32,515 [java.util.concurrent.ThreadPoolExecutor$Worker@c8b29ab[State = -1, empty queue]] WARN  server.GrpcLogAppender (GrpcLogAppender.java:timeoutAppendRequest(200)) - fbfdc5e7-35fe-4dec-93a8-24c91dabe6d4@group-CAB34B64531B->16d0fe26-9857-4477-8b2c-205100b6d095-GrpcLogAppender: appendEntries Timeout, request=fbfdc5e7-35fe-4dec-93a8-24c91dabe6d4->16d0fe26-9857-4477-8b2c-205100b6d095#69-t1, previous=(t:1, i:10), leaderCommit=6, initializing? false, entries: <empty>
2019-09-11 06:30:33,005 [EventQueue-PipelineActionsForPipelineActionHandler] ERROR pipeline.PipelineActionHandler (PipelineActionHandler.java:onMessage(60)) - Received pipeline action CLOSE for Pipeline[ Id: f7ee6abd-8b7b-4e6e-a17a-cab34b64531b, Nodes: b3ae6e77-09f2-43a9-bb74-0baf269e9625{ip: 192.168.36.125, host: trunk-nightly-20190911-vpfxm-1000144475, networkLocation: /default-rack, certSerialId: null}fbfdc5e7-35fe-4dec-93a8-24c91dabe6d4{ip: 192.168.36.125, host: trunk-nightly-20190911-vpfxm-1000144475, networkLocation: /default-rack, certSerialId: null}16d0fe26-9857-4477-8b2c-205100b6d095{ip: 192.168.36.125, host: trunk-nightly-20190911-vpfxm-1000144475, networkLocation: /default-rack, certSerialId: null}, Type:RATIS, Factor:THREE, State:CLOSED] from datanode fbfdc5e7-35fe-4dec-93a8-24c91dabe6d4{ip: 192.168.36.125, host: trunk-nightly-20190911-vpfxm-1000144475, networkLocation: /default-rack, certSerialId: null}. Reason : fbfdc5e7-35fe-4dec-93a8-24c91dabe6d4 has not seen follower/s b3ae6e77-09f2-43a9-bb74-0baf269e9625 for 148767ms 16d0fe26-9857-4477-8b2c-205100b6d095 for 148767ms
2019-09-11 06:30:33,005 [EventQueue-PipelineActionsForPipelineActionHandler] INFO  pipeline.SCMPipelineManager (SCMPipelineManager.java:finalizeAndDestroyPipeline(311)) - destroying pipeline:Pipeline[ Id: f7ee6abd-8b7b-4e6e-a17a-cab34b64531b, Nodes: b3ae6e77-09f2-43a9-bb74-0baf269e9625{ip: 192.168.36.125, host: trunk-nightly-20190911-vpfxm-1000144475, networkLocation: /default-rack, certSerialId: null}fbfdc5e7-35fe-4dec-93a8-24c91dabe6d4{ip: 192.168.36.125, host: trunk-nightly-20190911-vpfxm-1000144475, networkLocation: /default-rack, certSerialId: null}16d0fe26-9857-4477-8b2c-205100b6d095{ip: 192.168.36.125, host: trunk-nightly-20190911-vpfxm-1000144475, networkLocation: /default-rack, certSerialId: null}, Type:RATIS, Factor:THREE, State:CLOSED]
2019-09-11 06:30:33,995 [b3ae6e77-09f2-43a9-bb74-0baf269e9625@group-CAB34B64531B-SegmentedRaftLogWorker] WARN  segmented.SegmentedRaftLogWorker (SegmentedRaftLogWorker.java:getFromFuture(90)) - Timeout 14/~
org.apache.ratis.protocol.TimeoutIOException: Timeout 10s: WriteLog:8: (t:1, i:8), STATEMACHINELOGENTRY, client-DDC0476EEFF3, cid=22-writeStateMachineData
	at org.apache.ratis.util.IOUtils.getFromFuture(IOUtils.java:87)
	at org.apache.ratis.server.raftlog.segmented.SegmentedRaftLogWorker$StateMachineDataPolicy.getFromFuture(SegmentedRaftLogWorker.java:87)
	at org.apache.ratis.server.raftlog.segmented.SegmentedRaftLogWorker$WriteLog.execute(SegmentedRaftLogWorker.java:477)
	at org.apache.ratis.server.raftlog.segmented.SegmentedRaftLogWorker.run(SegmentedRaftLogWorker.java:289)
	at java.lang.Thread.run(Thread.java:748)
Caused by: java.util.concurrent.TimeoutException
	at java.util.concurrent.CompletableFuture.timedGet(CompletableFuture.java:1771)
	at java.util.concurrent.CompletableFuture.get(CompletableFuture.java:1915)
	at org.apache.ratis.util.IOUtils.getFromFuture(IOUtils.java:79)
	... 4 more
2019-09-11 06:30:34,008 [fbfdc5e7-35fe-4dec-93a8-24c91dabe6d4@group-CAB34B64531B-SegmentedRaftLogWorker] WARN  segmented.SegmentedRaftLogWorker (SegmentedRaftLogWorker.java:getFromFuture(90)) - Timeout 14/~
org.apache.ratis.protocol.TimeoutIOException: Timeout 10s: WriteLog:8: (t:1, i:8), STATEMACHINELOGENTRY, client-DDC0476EEFF3, cid=22-writeStateMachineData
	at org.apache.ratis.util.IOUtils.getFromFuture(IOUtils.java:87)
	at org.apache.ratis.server.raftlog.segmented.SegmentedRaftLogWorker$StateMachineDataPolicy.getFromFuture(SegmentedRaftLogWorker.java:87)
	at org.apache.ratis.server.raftlog.segmented.SegmentedRaftLogWorker$WriteLog.execute(SegmentedRaftLogWorker.java:477)
	at org.apache.ratis.server.raftlog.segmented.SegmentedRaftLogWorker.run(SegmentedRaftLogWorker.java:289)
	at java.lang.Thread.run(Thread.java:748)
Caused by: java.util.concurrent.TimeoutException
	at java.util.concurrent.CompletableFuture.timedGet(CompletableFuture.java:1771)
	at java.util.concurrent.CompletableFuture.get(CompletableFuture.java:1915)
	at org.apache.ratis.util.IOUtils.getFromFuture(IOUtils.java:79)
	... 4 more
2019-09-11 06:30:34,008 [16d0fe26-9857-4477-8b2c-205100b6d095@group-CAB34B64531B-SegmentedRaftLogWorker] WARN  segmented.SegmentedRaftLogWorker (SegmentedRaftLogWorker.java:getFromFuture(90)) - Timeout 14/~
org.apache.ratis.protocol.TimeoutIOException: Timeout 10s: WriteLog:8: (t:1, i:8), STATEMACHINELOGENTRY, client-DDC0476EEFF3, cid=22-writeStateMachineData
	at org.apache.ratis.util.IOUtils.getFromFuture(IOUtils.java:87)
	at org.apache.ratis.server.raftlog.segmented.SegmentedRaftLogWorker$StateMachineDataPolicy.getFromFuture(SegmentedRaftLogWorker.java:87)
	at org.apache.ratis.server.raftlog.segmented.SegmentedRaftLogWorker$WriteLog.execute(SegmentedRaftLogWorker.java:477)
	at org.apache.ratis.server.raftlog.segmented.SegmentedRaftLogWorker.run(SegmentedRaftLogWorker.java:289)
	at java.lang.Thread.run(Thread.java:748)
Caused by: java.util.concurrent.TimeoutException
	at java.util.concurrent.CompletableFuture.timedGet(CompletableFuture.java:1771)
	at java.util.concurrent.CompletableFuture.get(CompletableFuture.java:1915)
	at org.apache.ratis.util.IOUtils.getFromFuture(IOUtils.java:79)
	... 4 more
2019-09-11 06:30:34,528 [org.apache.ratis.server.impl.LogAppender$AppenderDaemon$$Lambda$521/1122258981@4ac226bc] ERROR ratis.XceiverServerRatis (XceiverServerRatis.java:triggerPipelineClose(568)) - pipeline Action CLOSE  on pipeline PipelineID=f7ee6abd-8b7b-4e6e-a17a-cab34b64531b.Reason : fbfdc5e7-35fe-4dec-93a8-24c91dabe6d4 has not seen follower/s b3ae6e77-09f2-43a9-bb74-0baf269e9625 for 151281ms 16d0fe26-9857-4477-8b2c-205100b6d095 for 151281ms
2019-09-11 06:30:34,528 [org.apache.ratis.server.impl.LogAppender$AppenderDaemon$$Lambda$521/1122258981@41c91151] ERROR ratis.XceiverServerRatis (XceiverServerRatis.java:triggerPipelineClose(568)) - pipeline Action CLOSE  on pipeline PipelineID=f7ee6abd-8b7b-4e6e-a17a-cab34b64531b.Reason : fbfdc5e7-35fe-4dec-93a8-24c91dabe6d4 has not seen follower/s b3ae6e77-09f2-43a9-bb74-0baf269e9625 for 151281ms 16d0fe26-9857-4477-8b2c-205100b6d095 for 151281ms
2019-09-11 06:30:35,006 [EventQueue-PipelineActionsForPipelineActionHandler] ERROR pipeline.PipelineActionHandler (PipelineActionHandler.java:onMessage(60)) - Received pipeline action CLOSE for Pipeline[ Id: f7ee6abd-8b7b-4e6e-a17a-cab34b64531b, Nodes: b3ae6e77-09f2-43a9-bb74-0baf269e9625{ip: 192.168.36.125, host: trunk-nightly-20190911-vpfxm-1000144475, networkLocation: /default-rack, certSerialId: null}fbfdc5e7-35fe-4dec-93a8-24c91dabe6d4{ip: 192.168.36.125, host: trunk-nightly-20190911-vpfxm-1000144475, networkLocation: /default-rack, certSerialId: null}16d0fe26-9857-4477-8b2c-205100b6d095{ip: 192.168.36.125, host: trunk-nightly-20190911-vpfxm-1000144475, networkLocation: /default-rack, certSerialId: null}, Type:RATIS, Factor:THREE, State:CLOSED] from datanode fbfdc5e7-35fe-4dec-93a8-24c91dabe6d4{ip: 192.168.36.125, host: trunk-nightly-20190911-vpfxm-1000144475, networkLocation: /default-rack, certSerialId: null}. Reason : fbfdc5e7-35fe-4dec-93a8-24c91dabe6d4 has not seen follower/s b3ae6e77-09f2-43a9-bb74-0baf269e9625 for 151281ms 16d0fe26-9857-4477-8b2c-205100b6d095 for 151281ms
2019-09-11 06:30:35,006 [EventQueue-PipelineActionsForPipelineActionHandler] INFO  pipeline.SCMPipelineManager (SCMPipelineManager.java:finalizeAndDestroyPipeline(311)) - destroying pipeline:Pipeline[ Id: f7ee6abd-8b7b-4e6e-a17a-cab34b64531b, Nodes: b3ae6e77-09f2-43a9-bb74-0baf269e9625{ip: 192.168.36.125, host: trunk-nightly-20190911-vpfxm-1000144475, networkLocation: /default-rack, certSerialId: null}fbfdc5e7-35fe-4dec-93a8-24c91dabe6d4{ip: 192.168.36.125, host: trunk-nightly-20190911-vpfxm-1000144475, networkLocation: /default-rack, certSerialId: null}16d0fe26-9857-4477-8b2c-205100b6d095{ip: 192.168.36.125, host: trunk-nightly-20190911-vpfxm-1000144475, networkLocation: /default-rack, certSerialId: null}, Type:RATIS, Factor:THREE, State:CLOSED]
2019-09-11 06:30:35,013 [java.util.concurrent.ThreadPoolExecutor$Worker@6828608c[State = -1, empty queue]] WARN  server.GrpcLogAppender (GrpcLogAppender.java:timeoutAppendRequest(200)) - fbfdc5e7-35fe-4dec-93a8-24c91dabe6d4@group-CAB34B64531B->b3ae6e77-09f2-43a9-bb74-0baf269e9625-GrpcLogAppender: appendEntries Timeout, request=fbfdc5e7-35fe-4dec-93a8-24c91dabe6d4->b3ae6e77-09f2-43a9-bb74-0baf269e9625#70-t1, previous=(t:1, i:10), leaderCommit=6, initializing? false, entries: <empty>
2019-09-11 06:30:35,016 [java.util.concurrent.ThreadPoolExecutor$Worker@c8b29ab[State = -1, empty queue]] WARN  server.GrpcLogAppender (GrpcLogAppender.java:timeoutAppendRequest(200)) - fbfdc5e7-35fe-4dec-93a8-24c91dabe6d4@group-CAB34B64531B->16d0fe26-9857-4477-8b2c-205100b6d095-GrpcLogAppender: appendEntries Timeout, request=fbfdc5e7-35fe-4dec-93a8-24c91dabe6d4->16d0fe26-9857-4477-8b2c-205100b6d095#70-t1, previous=(t:1, i:10), leaderCommit=6, initializing? false, entries: <empty>
2019-09-11 06:30:35,545 [grpc-default-executor-5] INFO  client.GrpcClientProtocolClient (GrpcClientProtocolClient.java:onNext(264)) - client-DDC0476EEFF3->16d0fe26-9857-4477-8b2c-205100b6d095: receive RaftClientReply:client-DDC0476EEFF3->16d0fe26-9857-4477-8b2c-205100b6d095@group-CAB34B64531B, cid=21, FAILED org.apache.ratis.protocol.NotLeaderException: Server 16d0fe26-9857-4477-8b2c-205100b6d095@group-CAB34B64531B is not the leader fbfdc5e7-35fe-4dec-93a8-24c91dabe6d4:192.168.36.125:35103, logIndex=0, commits[16d0fe26-9857-4477-8b2c-205100b6d095:c6, b3ae6e77-09f2-43a9-bb74-0baf269e9625:c4, fbfdc5e7-35fe-4dec-93a8-24c91dabe6d4:c6]
2019-09-11 06:30:37,029 [org.apache.ratis.server.impl.LogAppender$AppenderDaemon$$Lambda$521/1122258981@41c91151] ERROR ratis.XceiverServerRatis (XceiverServerRatis.java:triggerPipelineClose(568)) - pipeline Action CLOSE  on pipeline PipelineID=f7ee6abd-8b7b-4e6e-a17a-cab34b64531b.Reason : fbfdc5e7-35fe-4dec-93a8-24c91dabe6d4 has not seen follower/s b3ae6e77-09f2-43a9-bb74-0baf269e9625 for 153782ms 16d0fe26-9857-4477-8b2c-205100b6d095 for 153782ms
2019-09-11 06:30:37,029 [org.apache.ratis.server.impl.LogAppender$AppenderDaemon$$Lambda$521/1122258981@4ac226bc] ERROR ratis.XceiverServerRatis (XceiverServerRatis.java:triggerPipelineClose(568)) - pipeline Action CLOSE  on pipeline PipelineID=f7ee6abd-8b7b-4e6e-a17a-cab34b64531b.Reason : fbfdc5e7-35fe-4dec-93a8-24c91dabe6d4 has not seen follower/s b3ae6e77-09f2-43a9-bb74-0baf269e9625 for 153782ms 16d0fe26-9857-4477-8b2c-205100b6d095 for 153782ms
2019-09-11 06:30:37,527 [java.util.concurrent.ThreadPoolExecutor$Worker@c8b29ab[State = -1, empty queue]] WARN  server.GrpcLogAppender (GrpcLogAppender.java:timeoutAppendRequest(200)) - fbfdc5e7-35fe-4dec-93a8-24c91dabe6d4@group-CAB34B64531B->16d0fe26-9857-4477-8b2c-205100b6d095-GrpcLogAppender: appendEntries Timeout, request=fbfdc5e7-35fe-4dec-93a8-24c91dabe6d4->16d0fe26-9857-4477-8b2c-205100b6d095#71-t1, previous=(t:1, i:10), leaderCommit=6, initializing? false, entries: <empty>
2019-09-11 06:30:37,527 [java.util.concurrent.ThreadPoolExecutor$Worker@6828608c[State = -1, empty queue]] WARN  server.GrpcLogAppender (GrpcLogAppender.java:timeoutAppendRequest(200)) - fbfdc5e7-35fe-4dec-93a8-24c91dabe6d4@group-CAB34B64531B->b3ae6e77-09f2-43a9-bb74-0baf269e9625-GrpcLogAppender: appendEntries Timeout, request=fbfdc5e7-35fe-4dec-93a8-24c91dabe6d4->b3ae6e77-09f2-43a9-bb74-0baf269e9625#71-t1, previous=(t:1, i:10), leaderCommit=6, initializing? false, entries: <empty>
2019-09-11 06:30:38,005 [EventQueue-PipelineActionsForPipelineActionHandler] ERROR pipeline.PipelineActionHandler (PipelineActionHandler.java:onMessage(60)) - Received pipeline action CLOSE for Pipeline[ Id: f7ee6abd-8b7b-4e6e-a17a-cab34b64531b, Nodes: b3ae6e77-09f2-43a9-bb74-0baf269e9625{ip: 192.168.36.125, host: trunk-nightly-20190911-vpfxm-1000144475, networkLocation: /default-rack, certSerialId: null}fbfdc5e7-35fe-4dec-93a8-24c91dabe6d4{ip: 192.168.36.125, host: trunk-nightly-20190911-vpfxm-1000144475, networkLocation: /default-rack, certSerialId: null}16d0fe26-9857-4477-8b2c-205100b6d095{ip: 192.168.36.125, host: trunk-nightly-20190911-vpfxm-1000144475, networkLocation: /default-rack, certSerialId: null}, Type:RATIS, Factor:THREE, State:CLOSED] from datanode fbfdc5e7-35fe-4dec-93a8-24c91dabe6d4{ip: 192.168.36.125, host: trunk-nightly-20190911-vpfxm-1000144475, networkLocation: /default-rack, certSerialId: null}. Reason : fbfdc5e7-35fe-4dec-93a8-24c91dabe6d4 has not seen follower/s b3ae6e77-09f2-43a9-bb74-0baf269e9625 for 153782ms 16d0fe26-9857-4477-8b2c-205100b6d095 for 153782ms
2019-09-11 06:30:38,005 [EventQueue-PipelineActionsForPipelineActionHandler] INFO  pipeline.SCMPipelineManager (SCMPipelineManager.java:finalizeAndDestroyPipeline(311)) - destroying pipeline:Pipeline[ Id: f7ee6abd-8b7b-4e6e-a17a-cab34b64531b, Nodes: b3ae6e77-09f2-43a9-bb74-0baf269e9625{ip: 192.168.36.125, host: trunk-nightly-20190911-vpfxm-1000144475, networkLocation: /default-rack, certSerialId: null}fbfdc5e7-35fe-4dec-93a8-24c91dabe6d4{ip: 192.168.36.125, host: trunk-nightly-20190911-vpfxm-1000144475, networkLocation: /default-rack, certSerialId: null}16d0fe26-9857-4477-8b2c-205100b6d095{ip: 192.168.36.125, host: trunk-nightly-20190911-vpfxm-1000144475, networkLocation: /default-rack, certSerialId: null}, Type:RATIS, Factor:THREE, State:CLOSED]
2019-09-11 06:30:39,530 [org.apache.ratis.server.impl.LogAppender$AppenderDaemon$$Lambda$521/1122258981@4ac226bc] ERROR ratis.XceiverServerRatis (XceiverServerRatis.java:triggerPipelineClose(568)) - pipeline Action CLOSE  on pipeline PipelineID=f7ee6abd-8b7b-4e6e-a17a-cab34b64531b.Reason : fbfdc5e7-35fe-4dec-93a8-24c91dabe6d4 has not seen follower/s b3ae6e77-09f2-43a9-bb74-0baf269e9625 for 156283ms 16d0fe26-9857-4477-8b2c-205100b6d095 for 156283ms
2019-09-11 06:30:39,530 [org.apache.ratis.server.impl.LogAppender$AppenderDaemon$$Lambda$521/1122258981@41c91151] ERROR ratis.XceiverServerRatis (XceiverServerRatis.java:triggerPipelineClose(568)) - pipeline Action CLOSE  on pipeline PipelineID=f7ee6abd-8b7b-4e6e-a17a-cab34b64531b.Reason : fbfdc5e7-35fe-4dec-93a8-24c91dabe6d4 has not seen follower/s b3ae6e77-09f2-43a9-bb74-0baf269e9625 for 156283ms 16d0fe26-9857-4477-8b2c-205100b6d095 for 156283ms
2019-09-11 06:30:40,005 [EventQueue-PipelineActionsForPipelineActionHandler] ERROR pipeline.PipelineActionHandler (PipelineActionHandler.java:onMessage(60)) - Received pipeline action CLOSE for Pipeline[ Id: f7ee6abd-8b7b-4e6e-a17a-cab34b64531b, Nodes: b3ae6e77-09f2-43a9-bb74-0baf269e9625{ip: 192.168.36.125, host: trunk-nightly-20190911-vpfxm-1000144475, networkLocation: /default-rack, certSerialId: null}fbfdc5e7-35fe-4dec-93a8-24c91dabe6d4{ip: 192.168.36.125, host: trunk-nightly-20190911-vpfxm-1000144475, networkLocation: /default-rack, certSerialId: null}16d0fe26-9857-4477-8b2c-205100b6d095{ip: 192.168.36.125, host: trunk-nightly-20190911-vpfxm-1000144475, networkLocation: /default-rack, certSerialId: null}, Type:RATIS, Factor:THREE, State:CLOSED] from datanode fbfdc5e7-35fe-4dec-93a8-24c91dabe6d4{ip: 192.168.36.125, host: trunk-nightly-20190911-vpfxm-1000144475, networkLocation: /default-rack, certSerialId: null}. Reason : fbfdc5e7-35fe-4dec-93a8-24c91dabe6d4 has not seen follower/s b3ae6e77-09f2-43a9-bb74-0baf269e9625 for 156283ms 16d0fe26-9857-4477-8b2c-205100b6d095 for 156283ms
2019-09-11 06:30:40,005 [EventQueue-PipelineActionsForPipelineActionHandler] INFO  pipeline.SCMPipelineManager (SCMPipelineManager.java:finalizeAndDestroyPipeline(311)) - destroying pipeline:Pipeline[ Id: f7ee6abd-8b7b-4e6e-a17a-cab34b64531b, Nodes: b3ae6e77-09f2-43a9-bb74-0baf269e9625{ip: 192.168.36.125, host: trunk-nightly-20190911-vpfxm-1000144475, networkLocation: /default-rack, certSerialId: null}fbfdc5e7-35fe-4dec-93a8-24c91dabe6d4{ip: 192.168.36.125, host: trunk-nightly-20190911-vpfxm-1000144475, networkLocation: /default-rack, certSerialId: null}16d0fe26-9857-4477-8b2c-205100b6d095{ip: 192.168.36.125, host: trunk-nightly-20190911-vpfxm-1000144475, networkLocation: /default-rack, certSerialId: null}, Type:RATIS, Factor:THREE, State:CLOSED]
2019-09-11 06:30:40,028 [java.util.concurrent.ThreadPoolExecutor$Worker@c8b29ab[State = -1, empty queue]] WARN  server.GrpcLogAppender (GrpcLogAppender.java:timeoutAppendRequest(200)) - fbfdc5e7-35fe-4dec-93a8-24c91dabe6d4@group-CAB34B64531B->16d0fe26-9857-4477-8b2c-205100b6d095-GrpcLogAppender: appendEntries Timeout, request=fbfdc5e7-35fe-4dec-93a8-24c91dabe6d4->16d0fe26-9857-4477-8b2c-205100b6d095#72-t1, previous=(t:1, i:10), leaderCommit=6, initializing? false, entries: <empty>
2019-09-11 06:30:40,028 [java.util.concurrent.ThreadPoolExecutor$Worker@6828608c[State = -1, empty queue]] WARN  server.GrpcLogAppender (GrpcLogAppender.java:timeoutAppendRequest(200)) - fbfdc5e7-35fe-4dec-93a8-24c91dabe6d4@group-CAB34B64531B->b3ae6e77-09f2-43a9-bb74-0baf269e9625-GrpcLogAppender: appendEntries Timeout, request=fbfdc5e7-35fe-4dec-93a8-24c91dabe6d4->b3ae6e77-09f2-43a9-bb74-0baf269e9625#72-t1, previous=(t:1, i:10), leaderCommit=6, initializing? false, entries: <empty>
2019-09-11 06:30:40,595 [grpc-default-executor-5] INFO  client.GrpcClientProtocolClient (GrpcClientProtocolClient.java:onNext(264)) - client-DDC0476EEFF3->b3ae6e77-09f2-43a9-bb74-0baf269e9625: receive RaftClientReply:client-DDC0476EEFF3->b3ae6e77-09f2-43a9-bb74-0baf269e9625@group-CAB34B64531B, cid=21, FAILED org.apache.ratis.protocol.NotLeaderException: Server b3ae6e77-09f2-43a9-bb74-0baf269e9625@group-CAB34B64531B is not the leader fbfdc5e7-35fe-4dec-93a8-24c91dabe6d4:192.168.36.125:35103, logIndex=0, commits[b3ae6e77-09f2-43a9-bb74-0baf269e9625:c6, 16d0fe26-9857-4477-8b2c-205100b6d095:c4, fbfdc5e7-35fe-4dec-93a8-24c91dabe6d4:c6]
2019-09-11 06:30:42,031 [org.apache.ratis.server.impl.LogAppender$AppenderDaemon$$Lambda$521/1122258981@4ac226bc] ERROR ratis.XceiverServerRatis (XceiverServerRatis.java:triggerPipelineClose(568)) - pipeline Action CLOSE  on pipeline PipelineID=f7ee6abd-8b7b-4e6e-a17a-cab34b64531b.Reason : fbfdc5e7-35fe-4dec-93a8-24c91dabe6d4 has not seen follower/s b3ae6e77-09f2-43a9-bb74-0baf269e9625 for 158784ms 16d0fe26-9857-4477-8b2c-205100b6d095 for 158784ms
2019-09-11 06:30:42,031 [org.apache.ratis.server.impl.LogAppender$AppenderDaemon$$Lambda$521/1122258981@41c91151] ERROR ratis.XceiverServerRatis (XceiverServerRatis.java:triggerPipelineClose(568)) - pipeline Action CLOSE  on pipeline PipelineID=f7ee6abd-8b7b-4e6e-a17a-cab34b64531b.Reason : fbfdc5e7-35fe-4dec-93a8-24c91dabe6d4 has not seen follower/s b3ae6e77-09f2-43a9-bb74-0baf269e9625 for 158784ms 16d0fe26-9857-4477-8b2c-205100b6d095 for 158784ms
2019-09-11 06:30:42,530 [java.util.concurrent.ThreadPoolExecutor$Worker@c8b29ab[State = -1, empty queue]] WARN  server.GrpcLogAppender (GrpcLogAppender.java:timeoutAppendRequest(200)) - fbfdc5e7-35fe-4dec-93a8-24c91dabe6d4@group-CAB34B64531B->16d0fe26-9857-4477-8b2c-205100b6d095-GrpcLogAppender: appendEntries Timeout, request=fbfdc5e7-35fe-4dec-93a8-24c91dabe6d4->16d0fe26-9857-4477-8b2c-205100b6d095#73-t1, previous=(t:1, i:10), leaderCommit=6, initializing? false, entries: <empty>
2019-09-11 06:30:42,530 [java.util.concurrent.ThreadPoolExecutor$Worker@6828608c[State = -1, empty queue]] WARN  server.GrpcLogAppender (GrpcLogAppender.java:timeoutAppendRequest(200)) - fbfdc5e7-35fe-4dec-93a8-24c91dabe6d4@group-CAB34B64531B->b3ae6e77-09f2-43a9-bb74-0baf269e9625-GrpcLogAppender: appendEntries Timeout, request=fbfdc5e7-35fe-4dec-93a8-24c91dabe6d4->b3ae6e77-09f2-43a9-bb74-0baf269e9625#73-t1, previous=(t:1, i:10), leaderCommit=6, initializing? false, entries: <empty>
2019-09-11 06:30:43,005 [EventQueue-PipelineActionsForPipelineActionHandler] ERROR pipeline.PipelineActionHandler (PipelineActionHandler.java:onMessage(60)) - Received pipeline action CLOSE for Pipeline[ Id: f7ee6abd-8b7b-4e6e-a17a-cab34b64531b, Nodes: b3ae6e77-09f2-43a9-bb74-0baf269e9625{ip: 192.168.36.125, host: trunk-nightly-20190911-vpfxm-1000144475, networkLocation: /default-rack, certSerialId: null}fbfdc5e7-35fe-4dec-93a8-24c91dabe6d4{ip: 192.168.36.125, host: trunk-nightly-20190911-vpfxm-1000144475, networkLocation: /default-rack, certSerialId: null}16d0fe26-9857-4477-8b2c-205100b6d095{ip: 192.168.36.125, host: trunk-nightly-20190911-vpfxm-1000144475, networkLocation: /default-rack, certSerialId: null}, Type:RATIS, Factor:THREE, State:CLOSED] from datanode fbfdc5e7-35fe-4dec-93a8-24c91dabe6d4{ip: 192.168.36.125, host: trunk-nightly-20190911-vpfxm-1000144475, networkLocation: /default-rack, certSerialId: null}. Reason : fbfdc5e7-35fe-4dec-93a8-24c91dabe6d4 has not seen follower/s b3ae6e77-09f2-43a9-bb74-0baf269e9625 for 158784ms 16d0fe26-9857-4477-8b2c-205100b6d095 for 158784ms
2019-09-11 06:30:43,005 [EventQueue-PipelineActionsForPipelineActionHandler] INFO  pipeline.SCMPipelineManager (SCMPipelineManager.java:finalizeAndDestroyPipeline(311)) - destroying pipeline:Pipeline[ Id: f7ee6abd-8b7b-4e6e-a17a-cab34b64531b, Nodes: b3ae6e77-09f2-43a9-bb74-0baf269e9625{ip: 192.168.36.125, host: trunk-nightly-20190911-vpfxm-1000144475, networkLocation: /default-rack, certSerialId: null}fbfdc5e7-35fe-4dec-93a8-24c91dabe6d4{ip: 192.168.36.125, host: trunk-nightly-20190911-vpfxm-1000144475, networkLocation: /default-rack, certSerialId: null}16d0fe26-9857-4477-8b2c-205100b6d095{ip: 192.168.36.125, host: trunk-nightly-20190911-vpfxm-1000144475, networkLocation: /default-rack, certSerialId: null}, Type:RATIS, Factor:THREE, State:CLOSED]
2019-09-11 06:30:43,997 [b3ae6e77-09f2-43a9-bb74-0baf269e9625@group-CAB34B64531B-SegmentedRaftLogWorker] WARN  segmented.SegmentedRaftLogWorker (SegmentedRaftLogWorker.java:getFromFuture(90)) - Timeout 15/~
org.apache.ratis.protocol.TimeoutIOException: Timeout 10s: WriteLog:8: (t:1, i:8), STATEMACHINELOGENTRY, client-DDC0476EEFF3, cid=22-writeStateMachineData
	at org.apache.ratis.util.IOUtils.getFromFuture(IOUtils.java:87)
	at org.apache.ratis.server.raftlog.segmented.SegmentedRaftLogWorker$StateMachineDataPolicy.getFromFuture(SegmentedRaftLogWorker.java:87)
	at org.apache.ratis.server.raftlog.segmented.SegmentedRaftLogWorker$WriteLog.execute(SegmentedRaftLogWorker.java:477)
	at org.apache.ratis.server.raftlog.segmented.SegmentedRaftLogWorker.run(SegmentedRaftLogWorker.java:289)
	at java.lang.Thread.run(Thread.java:748)
Caused by: java.util.concurrent.TimeoutException
	at java.util.concurrent.CompletableFuture.timedGet(CompletableFuture.java:1771)
	at java.util.concurrent.CompletableFuture.get(CompletableFuture.java:1915)
	at org.apache.ratis.util.IOUtils.getFromFuture(IOUtils.java:79)
	... 4 more
2019-09-11 06:30:44,008 [fbfdc5e7-35fe-4dec-93a8-24c91dabe6d4@group-CAB34B64531B-SegmentedRaftLogWorker] WARN  segmented.SegmentedRaftLogWorker (SegmentedRaftLogWorker.java:getFromFuture(90)) - Timeout 15/~
org.apache.ratis.protocol.TimeoutIOException: Timeout 10s: WriteLog:8: (t:1, i:8), STATEMACHINELOGENTRY, client-DDC0476EEFF3, cid=22-writeStateMachineData
	at org.apache.ratis.util.IOUtils.getFromFuture(IOUtils.java:87)
	at org.apache.ratis.server.raftlog.segmented.SegmentedRaftLogWorker$StateMachineDataPolicy.getFromFuture(SegmentedRaftLogWorker.java:87)
	at org.apache.ratis.server.raftlog.segmented.SegmentedRaftLogWorker$WriteLog.execute(SegmentedRaftLogWorker.java:477)
	at org.apache.ratis.server.raftlog.segmented.SegmentedRaftLogWorker.run(SegmentedRaftLogWorker.java:289)
	at java.lang.Thread.run(Thread.java:748)
Caused by: java.util.concurrent.TimeoutException
	at java.util.concurrent.CompletableFuture.timedGet(CompletableFuture.java:1771)
	at java.util.concurrent.CompletableFuture.get(CompletableFuture.java:1915)
	at org.apache.ratis.util.IOUtils.getFromFuture(IOUtils.java:79)
	... 4 more
2019-09-11 06:30:44,008 [16d0fe26-9857-4477-8b2c-205100b6d095@group-CAB34B64531B-SegmentedRaftLogWorker] WARN  segmented.SegmentedRaftLogWorker (SegmentedRaftLogWorker.java:getFromFuture(90)) - Timeout 15/~
org.apache.ratis.protocol.TimeoutIOException: Timeout 10s: WriteLog:8: (t:1, i:8), STATEMACHINELOGENTRY, client-DDC0476EEFF3, cid=22-writeStateMachineData
	at org.apache.ratis.util.IOUtils.getFromFuture(IOUtils.java:87)
	at org.apache.ratis.server.raftlog.segmented.SegmentedRaftLogWorker$StateMachineDataPolicy.getFromFuture(SegmentedRaftLogWorker.java:87)
	at org.apache.ratis.server.raftlog.segmented.SegmentedRaftLogWorker$WriteLog.execute(SegmentedRaftLogWorker.java:477)
	at org.apache.ratis.server.raftlog.segmented.SegmentedRaftLogWorker.run(SegmentedRaftLogWorker.java:289)
	at java.lang.Thread.run(Thread.java:748)
Caused by: java.util.concurrent.TimeoutException
	at java.util.concurrent.CompletableFuture.timedGet(CompletableFuture.java:1771)
	at java.util.concurrent.CompletableFuture.get(CompletableFuture.java:1915)
	at org.apache.ratis.util.IOUtils.getFromFuture(IOUtils.java:79)
	... 4 more
2019-09-11 06:30:44,533 [org.apache.ratis.server.impl.LogAppender$AppenderDaemon$$Lambda$521/1122258981@41c91151] ERROR ratis.XceiverServerRatis (XceiverServerRatis.java:triggerPipelineClose(568)) - pipeline Action CLOSE  on pipeline PipelineID=f7ee6abd-8b7b-4e6e-a17a-cab34b64531b.Reason : fbfdc5e7-35fe-4dec-93a8-24c91dabe6d4 has not seen follower/s b3ae6e77-09f2-43a9-bb74-0baf269e9625 for 161286ms 16d0fe26-9857-4477-8b2c-205100b6d095 for 161286ms
2019-09-11 06:30:44,533 [org.apache.ratis.server.impl.LogAppender$AppenderDaemon$$Lambda$521/1122258981@4ac226bc] ERROR ratis.XceiverServerRatis (XceiverServerRatis.java:triggerPipelineClose(568)) - pipeline Action CLOSE  on pipeline PipelineID=f7ee6abd-8b7b-4e6e-a17a-cab34b64531b.Reason : fbfdc5e7-35fe-4dec-93a8-24c91dabe6d4 has not seen follower/s b3ae6e77-09f2-43a9-bb74-0baf269e9625 for 161286ms 16d0fe26-9857-4477-8b2c-205100b6d095 for 161286ms
2019-09-11 06:30:45,006 [EventQueue-PipelineActionsForPipelineActionHandler] ERROR pipeline.PipelineActionHandler (PipelineActionHandler.java:onMessage(60)) - Received pipeline action CLOSE for Pipeline[ Id: f7ee6abd-8b7b-4e6e-a17a-cab34b64531b, Nodes: b3ae6e77-09f2-43a9-bb74-0baf269e9625{ip: 192.168.36.125, host: trunk-nightly-20190911-vpfxm-1000144475, networkLocation: /default-rack, certSerialId: null}fbfdc5e7-35fe-4dec-93a8-24c91dabe6d4{ip: 192.168.36.125, host: trunk-nightly-20190911-vpfxm-1000144475, networkLocation: /default-rack, certSerialId: null}16d0fe26-9857-4477-8b2c-205100b6d095{ip: 192.168.36.125, host: trunk-nightly-20190911-vpfxm-1000144475, networkLocation: /default-rack, certSerialId: null}, Type:RATIS, Factor:THREE, State:CLOSED] from datanode fbfdc5e7-35fe-4dec-93a8-24c91dabe6d4{ip: 192.168.36.125, host: trunk-nightly-20190911-vpfxm-1000144475, networkLocation: /default-rack, certSerialId: null}. Reason : fbfdc5e7-35fe-4dec-93a8-24c91dabe6d4 has not seen follower/s b3ae6e77-09f2-43a9-bb74-0baf269e9625 for 161286ms 16d0fe26-9857-4477-8b2c-205100b6d095 for 161286ms
2019-09-11 06:30:45,006 [EventQueue-PipelineActionsForPipelineActionHandler] INFO  pipeline.SCMPipelineManager (SCMPipelineManager.java:finalizeAndDestroyPipeline(311)) - destroying pipeline:Pipeline[ Id: f7ee6abd-8b7b-4e6e-a17a-cab34b64531b, Nodes: b3ae6e77-09f2-43a9-bb74-0baf269e9625{ip: 192.168.36.125, host: trunk-nightly-20190911-vpfxm-1000144475, networkLocation: /default-rack, certSerialId: null}fbfdc5e7-35fe-4dec-93a8-24c91dabe6d4{ip: 192.168.36.125, host: trunk-nightly-20190911-vpfxm-1000144475, networkLocation: /default-rack, certSerialId: null}16d0fe26-9857-4477-8b2c-205100b6d095{ip: 192.168.36.125, host: trunk-nightly-20190911-vpfxm-1000144475, networkLocation: /default-rack, certSerialId: null}, Type:RATIS, Factor:THREE, State:CLOSED]
2019-09-11 06:30:45,030 [java.util.concurrent.ThreadPoolExecutor$Worker@c8b29ab[State = -1, empty queue]] WARN  server.GrpcLogAppender (GrpcLogAppender.java:timeoutAppendRequest(200)) - fbfdc5e7-35fe-4dec-93a8-24c91dabe6d4@group-CAB34B64531B->16d0fe26-9857-4477-8b2c-205100b6d095-GrpcLogAppender: appendEntries Timeout, request=fbfdc5e7-35fe-4dec-93a8-24c91dabe6d4->16d0fe26-9857-4477-8b2c-205100b6d095#74-t1, previous=(t:1, i:10), leaderCommit=6, initializing? false, entries: <empty>
2019-09-11 06:30:45,031 [java.util.concurrent.ThreadPoolExecutor$Worker@6828608c[State = -1, empty queue]] WARN  server.GrpcLogAppender (GrpcLogAppender.java:timeoutAppendRequest(200)) - fbfdc5e7-35fe-4dec-93a8-24c91dabe6d4@group-CAB34B64531B->b3ae6e77-09f2-43a9-bb74-0baf269e9625-GrpcLogAppender: appendEntries Timeout, request=fbfdc5e7-35fe-4dec-93a8-24c91dabe6d4->b3ae6e77-09f2-43a9-bb74-0baf269e9625#74-t1, previous=(t:1, i:10), leaderCommit=6, initializing? false, entries: <empty>
2019-09-11 06:30:45,641 [grpc-default-executor-7] INFO  client.GrpcClientProtocolClient (GrpcClientProtocolClient.java:onNext(264)) - client-DDC0476EEFF3->b3ae6e77-09f2-43a9-bb74-0baf269e9625: receive RaftClientReply:client-DDC0476EEFF3->b3ae6e77-09f2-43a9-bb74-0baf269e9625@group-CAB34B64531B, cid=21, FAILED org.apache.ratis.protocol.NotLeaderException: Server b3ae6e77-09f2-43a9-bb74-0baf269e9625@group-CAB34B64531B is not the leader fbfdc5e7-35fe-4dec-93a8-24c91dabe6d4:192.168.36.125:35103, logIndex=0, commits[b3ae6e77-09f2-43a9-bb74-0baf269e9625:c6, 16d0fe26-9857-4477-8b2c-205100b6d095:c4, fbfdc5e7-35fe-4dec-93a8-24c91dabe6d4:c6]
2019-09-11 06:30:47,033 [org.apache.ratis.server.impl.LogAppender$AppenderDaemon$$Lambda$521/1122258981@4ac226bc] ERROR ratis.XceiverServerRatis (XceiverServerRatis.java:triggerPipelineClose(568)) - pipeline Action CLOSE  on pipeline PipelineID=f7ee6abd-8b7b-4e6e-a17a-cab34b64531b.Reason : fbfdc5e7-35fe-4dec-93a8-24c91dabe6d4 has not seen follower/s b3ae6e77-09f2-43a9-bb74-0baf269e9625 for 163787ms 16d0fe26-9857-4477-8b2c-205100b6d095 for 163787ms
2019-09-11 06:30:47,033 [org.apache.ratis.server.impl.LogAppender$AppenderDaemon$$Lambda$521/1122258981@41c91151] ERROR ratis.XceiverServerRatis (XceiverServerRatis.java:triggerPipelineClose(568)) - pipeline Action CLOSE  on pipeline PipelineID=f7ee6abd-8b7b-4e6e-a17a-cab34b64531b.Reason : fbfdc5e7-35fe-4dec-93a8-24c91dabe6d4 has not seen follower/s b3ae6e77-09f2-43a9-bb74-0baf269e9625 for 163787ms 16d0fe26-9857-4477-8b2c-205100b6d095 for 163787ms
2019-09-11 06:30:47,532 [java.util.concurrent.ThreadPoolExecutor$Worker@c8b29ab[State = -1, empty queue]] WARN  server.GrpcLogAppender (GrpcLogAppender.java:timeoutAppendRequest(200)) - fbfdc5e7-35fe-4dec-93a8-24c91dabe6d4@group-CAB34B64531B->16d0fe26-9857-4477-8b2c-205100b6d095-GrpcLogAppender: appendEntries Timeout, request=fbfdc5e7-35fe-4dec-93a8-24c91dabe6d4->16d0fe26-9857-4477-8b2c-205100b6d095#75-t1, previous=(t:1, i:10), leaderCommit=6, initializing? false, entries: <empty>
2019-09-11 06:30:47,532 [java.util.concurrent.ThreadPoolExecutor$Worker@6828608c[State = -1, empty queue]] WARN  server.GrpcLogAppender (GrpcLogAppender.java:timeoutAppendRequest(200)) - fbfdc5e7-35fe-4dec-93a8-24c91dabe6d4@group-CAB34B64531B->b3ae6e77-09f2-43a9-bb74-0baf269e9625-GrpcLogAppender: appendEntries Timeout, request=fbfdc5e7-35fe-4dec-93a8-24c91dabe6d4->b3ae6e77-09f2-43a9-bb74-0baf269e9625#75-t1, previous=(t:1, i:10), leaderCommit=6, initializing? false, entries: <empty>
2019-09-11 06:30:48,005 [EventQueue-PipelineActionsForPipelineActionHandler] ERROR pipeline.PipelineActionHandler (PipelineActionHandler.java:onMessage(60)) - Received pipeline action CLOSE for Pipeline[ Id: f7ee6abd-8b7b-4e6e-a17a-cab34b64531b, Nodes: b3ae6e77-09f2-43a9-bb74-0baf269e9625{ip: 192.168.36.125, host: trunk-nightly-20190911-vpfxm-1000144475, networkLocation: /default-rack, certSerialId: null}fbfdc5e7-35fe-4dec-93a8-24c91dabe6d4{ip: 192.168.36.125, host: trunk-nightly-20190911-vpfxm-1000144475, networkLocation: /default-rack, certSerialId: null}16d0fe26-9857-4477-8b2c-205100b6d095{ip: 192.168.36.125, host: trunk-nightly-20190911-vpfxm-1000144475, networkLocation: /default-rack, certSerialId: null}, Type:RATIS, Factor:THREE, State:CLOSED] from datanode fbfdc5e7-35fe-4dec-93a8-24c91dabe6d4{ip: 192.168.36.125, host: trunk-nightly-20190911-vpfxm-1000144475, networkLocation: /default-rack, certSerialId: null}. Reason : fbfdc5e7-35fe-4dec-93a8-24c91dabe6d4 has not seen follower/s b3ae6e77-09f2-43a9-bb74-0baf269e9625 for 163787ms 16d0fe26-9857-4477-8b2c-205100b6d095 for 163787ms
2019-09-11 06:30:48,006 [EventQueue-PipelineActionsForPipelineActionHandler] INFO  pipeline.SCMPipelineManager (SCMPipelineManager.java:finalizeAndDestroyPipeline(311)) - destroying pipeline:Pipeline[ Id: f7ee6abd-8b7b-4e6e-a17a-cab34b64531b, Nodes: b3ae6e77-09f2-43a9-bb74-0baf269e9625{ip: 192.168.36.125, host: trunk-nightly-20190911-vpfxm-1000144475, networkLocation: /default-rack, certSerialId: null}fbfdc5e7-35fe-4dec-93a8-24c91dabe6d4{ip: 192.168.36.125, host: trunk-nightly-20190911-vpfxm-1000144475, networkLocation: /default-rack, certSerialId: null}16d0fe26-9857-4477-8b2c-205100b6d095{ip: 192.168.36.125, host: trunk-nightly-20190911-vpfxm-1000144475, networkLocation: /default-rack, certSerialId: null}, Type:RATIS, Factor:THREE, State:CLOSED]
2019-09-11 06:30:49,534 [org.apache.ratis.server.impl.LogAppender$AppenderDaemon$$Lambda$521/1122258981@4ac226bc] ERROR ratis.XceiverServerRatis (XceiverServerRatis.java:triggerPipelineClose(568)) - pipeline Action CLOSE  on pipeline PipelineID=f7ee6abd-8b7b-4e6e-a17a-cab34b64531b.Reason : fbfdc5e7-35fe-4dec-93a8-24c91dabe6d4 has not seen follower/s b3ae6e77-09f2-43a9-bb74-0baf269e9625 for 166288ms 16d0fe26-9857-4477-8b2c-205100b6d095 for 166287ms
2019-09-11 06:30:49,534 [org.apache.ratis.server.impl.LogAppender$AppenderDaemon$$Lambda$521/1122258981@41c91151] ERROR ratis.XceiverServerRatis (XceiverServerRatis.java:triggerPipelineClose(568)) - pipeline Action CLOSE  on pipeline PipelineID=f7ee6abd-8b7b-4e6e-a17a-cab34b64531b.Reason : fbfdc5e7-35fe-4dec-93a8-24c91dabe6d4 has not seen follower/s b3ae6e77-09f2-43a9-bb74-0baf269e9625 for 166288ms 16d0fe26-9857-4477-8b2c-205100b6d095 for 166287ms
2019-09-11 06:30:50,006 [EventQueue-PipelineActionsForPipelineActionHandler] ERROR pipeline.PipelineActionHandler (PipelineActionHandler.java:onMessage(60)) - Received pipeline action CLOSE for Pipeline[ Id: f7ee6abd-8b7b-4e6e-a17a-cab34b64531b, Nodes: b3ae6e77-09f2-43a9-bb74-0baf269e9625{ip: 192.168.36.125, host: trunk-nightly-20190911-vpfxm-1000144475, networkLocation: /default-rack, certSerialId: null}fbfdc5e7-35fe-4dec-93a8-24c91dabe6d4{ip: 192.168.36.125, host: trunk-nightly-20190911-vpfxm-1000144475, networkLocation: /default-rack, certSerialId: null}16d0fe26-9857-4477-8b2c-205100b6d095{ip: 192.168.36.125, host: trunk-nightly-20190911-vpfxm-1000144475, networkLocation: /default-rack, certSerialId: null}, Type:RATIS, Factor:THREE, State:CLOSED] from datanode fbfdc5e7-35fe-4dec-93a8-24c91dabe6d4{ip: 192.168.36.125, host: trunk-nightly-20190911-vpfxm-1000144475, networkLocation: /default-rack, certSerialId: null}. Reason : fbfdc5e7-35fe-4dec-93a8-24c91dabe6d4 has not seen follower/s b3ae6e77-09f2-43a9-bb74-0baf269e9625 for 166288ms 16d0fe26-9857-4477-8b2c-205100b6d095 for 166287ms
2019-09-11 06:30:50,006 [EventQueue-PipelineActionsForPipelineActionHandler] INFO  pipeline.SCMPipelineManager (SCMPipelineManager.java:finalizeAndDestroyPipeline(311)) - destroying pipeline:Pipeline[ Id: f7ee6abd-8b7b-4e6e-a17a-cab34b64531b, Nodes: b3ae6e77-09f2-43a9-bb74-0baf269e9625{ip: 192.168.36.125, host: trunk-nightly-20190911-vpfxm-1000144475, networkLocation: /default-rack, certSerialId: null}fbfdc5e7-35fe-4dec-93a8-24c91dabe6d4{ip: 192.168.36.125, host: trunk-nightly-20190911-vpfxm-1000144475, networkLocation: /default-rack, certSerialId: null}16d0fe26-9857-4477-8b2c-205100b6d095{ip: 192.168.36.125, host: trunk-nightly-20190911-vpfxm-1000144475, networkLocation: /default-rack, certSerialId: null}, Type:RATIS, Factor:THREE, State:CLOSED]
2019-09-11 06:30:50,033 [java.util.concurrent.ThreadPoolExecutor$Worker@6828608c[State = -1, empty queue]] WARN  server.GrpcLogAppender (GrpcLogAppender.java:timeoutAppendRequest(200)) - fbfdc5e7-35fe-4dec-93a8-24c91dabe6d4@group-CAB34B64531B->b3ae6e77-09f2-43a9-bb74-0baf269e9625-GrpcLogAppender: appendEntries Timeout, request=fbfdc5e7-35fe-4dec-93a8-24c91dabe6d4->b3ae6e77-09f2-43a9-bb74-0baf269e9625#76-t1, previous=(t:1, i:10), leaderCommit=6, initializing? false, entries: <empty>
2019-09-11 06:30:50,033 [java.util.concurrent.ThreadPoolExecutor$Worker@c8b29ab[State = -1, empty queue]] WARN  server.GrpcLogAppender (GrpcLogAppender.java:timeoutAppendRequest(200)) - fbfdc5e7-35fe-4dec-93a8-24c91dabe6d4@group-CAB34B64531B->16d0fe26-9857-4477-8b2c-205100b6d095-GrpcLogAppender: appendEntries Timeout, request=fbfdc5e7-35fe-4dec-93a8-24c91dabe6d4->16d0fe26-9857-4477-8b2c-205100b6d095#76-t1, previous=(t:1, i:10), leaderCommit=6, initializing? false, entries: <empty>
2019-09-11 06:30:50,690 [grpc-default-executor-5] INFO  client.GrpcClientProtocolClient (GrpcClientProtocolClient.java:onNext(264)) - client-DDC0476EEFF3->b3ae6e77-09f2-43a9-bb74-0baf269e9625: receive RaftClientReply:client-DDC0476EEFF3->b3ae6e77-09f2-43a9-bb74-0baf269e9625@group-CAB34B64531B, cid=21, FAILED org.apache.ratis.protocol.NotLeaderException: Server b3ae6e77-09f2-43a9-bb74-0baf269e9625@group-CAB34B64531B is not the leader fbfdc5e7-35fe-4dec-93a8-24c91dabe6d4:192.168.36.125:35103, logIndex=0, commits[b3ae6e77-09f2-43a9-bb74-0baf269e9625:c6, 16d0fe26-9857-4477-8b2c-205100b6d095:c4, fbfdc5e7-35fe-4dec-93a8-24c91dabe6d4:c6]
2019-09-11 06:30:52,035 [org.apache.ratis.server.impl.LogAppender$AppenderDaemon$$Lambda$521/1122258981@41c91151] ERROR ratis.XceiverServerRatis (XceiverServerRatis.java:triggerPipelineClose(568)) - pipeline Action CLOSE  on pipeline PipelineID=f7ee6abd-8b7b-4e6e-a17a-cab34b64531b.Reason : fbfdc5e7-35fe-4dec-93a8-24c91dabe6d4 has not seen follower/s b3ae6e77-09f2-43a9-bb74-0baf269e9625 for 168789ms 16d0fe26-9857-4477-8b2c-205100b6d095 for 168788ms
2019-09-11 06:30:52,035 [org.apache.ratis.server.impl.LogAppender$AppenderDaemon$$Lambda$521/1122258981@4ac226bc] ERROR ratis.XceiverServerRatis (XceiverServerRatis.java:triggerPipelineClose(568)) - pipeline Action CLOSE  on pipeline PipelineID=f7ee6abd-8b7b-4e6e-a17a-cab34b64531b.Reason : fbfdc5e7-35fe-4dec-93a8-24c91dabe6d4 has not seen follower/s b3ae6e77-09f2-43a9-bb74-0baf269e9625 for 168789ms 16d0fe26-9857-4477-8b2c-205100b6d095 for 168788ms
2019-09-11 06:30:52,534 [java.util.concurrent.ThreadPoolExecutor$Worker@c8b29ab[State = -1, empty queue]] WARN  server.GrpcLogAppender (GrpcLogAppender.java:timeoutAppendRequest(200)) - fbfdc5e7-35fe-4dec-93a8-24c91dabe6d4@group-CAB34B64531B->16d0fe26-9857-4477-8b2c-205100b6d095-GrpcLogAppender: appendEntries Timeout, request=fbfdc5e7-35fe-4dec-93a8-24c91dabe6d4->16d0fe26-9857-4477-8b2c-205100b6d095#77-t1, previous=(t:1, i:10), leaderCommit=6, initializing? false, entries: <empty>
2019-09-11 06:30:52,534 [java.util.concurrent.ThreadPoolExecutor$Worker@6828608c[State = -1, empty queue]] WARN  server.GrpcLogAppender (GrpcLogAppender.java:timeoutAppendRequest(200)) - fbfdc5e7-35fe-4dec-93a8-24c91dabe6d4@group-CAB34B64531B->b3ae6e77-09f2-43a9-bb74-0baf269e9625-GrpcLogAppender: appendEntries Timeout, request=fbfdc5e7-35fe-4dec-93a8-24c91dabe6d4->b3ae6e77-09f2-43a9-bb74-0baf269e9625#77-t1, previous=(t:1, i:10), leaderCommit=6, initializing? false, entries: <empty>
2019-09-11 06:30:53,006 [EventQueue-PipelineActionsForPipelineActionHandler] ERROR pipeline.PipelineActionHandler (PipelineActionHandler.java:onMessage(60)) - Received pipeline action CLOSE for Pipeline[ Id: f7ee6abd-8b7b-4e6e-a17a-cab34b64531b, Nodes: b3ae6e77-09f2-43a9-bb74-0baf269e9625{ip: 192.168.36.125, host: trunk-nightly-20190911-vpfxm-1000144475, networkLocation: /default-rack, certSerialId: null}fbfdc5e7-35fe-4dec-93a8-24c91dabe6d4{ip: 192.168.36.125, host: trunk-nightly-20190911-vpfxm-1000144475, networkLocation: /default-rack, certSerialId: null}16d0fe26-9857-4477-8b2c-205100b6d095{ip: 192.168.36.125, host: trunk-nightly-20190911-vpfxm-1000144475, networkLocation: /default-rack, certSerialId: null}, Type:RATIS, Factor:THREE, State:CLOSED] from datanode fbfdc5e7-35fe-4dec-93a8-24c91dabe6d4{ip: 192.168.36.125, host: trunk-nightly-20190911-vpfxm-1000144475, networkLocation: /default-rack, certSerialId: null}. Reason : fbfdc5e7-35fe-4dec-93a8-24c91dabe6d4 has not seen follower/s b3ae6e77-09f2-43a9-bb74-0baf269e9625 for 168789ms 16d0fe26-9857-4477-8b2c-205100b6d095 for 168788ms
2019-09-11 06:30:53,007 [EventQueue-PipelineActionsForPipelineActionHandler] INFO  pipeline.SCMPipelineManager (SCMPipelineManager.java:finalizeAndDestroyPipeline(311)) - destroying pipeline:Pipeline[ Id: f7ee6abd-8b7b-4e6e-a17a-cab34b64531b, Nodes: b3ae6e77-09f2-43a9-bb74-0baf269e9625{ip: 192.168.36.125, host: trunk-nightly-20190911-vpfxm-1000144475, networkLocation: /default-rack, certSerialId: null}fbfdc5e7-35fe-4dec-93a8-24c91dabe6d4{ip: 192.168.36.125, host: trunk-nightly-20190911-vpfxm-1000144475, networkLocation: /default-rack, certSerialId: null}16d0fe26-9857-4477-8b2c-205100b6d095{ip: 192.168.36.125, host: trunk-nightly-20190911-vpfxm-1000144475, networkLocation: /default-rack, certSerialId: null}, Type:RATIS, Factor:THREE, State:CLOSED]
2019-09-11 06:30:53,998 [b3ae6e77-09f2-43a9-bb74-0baf269e9625@group-CAB34B64531B-SegmentedRaftLogWorker] WARN  segmented.SegmentedRaftLogWorker (SegmentedRaftLogWorker.java:getFromFuture(90)) - Timeout 16/~
org.apache.ratis.protocol.TimeoutIOException: Timeout 10s: WriteLog:8: (t:1, i:8), STATEMACHINELOGENTRY, client-DDC0476EEFF3, cid=22-writeStateMachineData
	at org.apache.ratis.util.IOUtils.getFromFuture(IOUtils.java:87)
	at org.apache.ratis.server.raftlog.segmented.SegmentedRaftLogWorker$StateMachineDataPolicy.getFromFuture(SegmentedRaftLogWorker.java:87)
	at org.apache.ratis.server.raftlog.segmented.SegmentedRaftLogWorker$WriteLog.execute(SegmentedRaftLogWorker.java:477)
	at org.apache.ratis.server.raftlog.segmented.SegmentedRaftLogWorker.run(SegmentedRaftLogWorker.java:289)
	at java.lang.Thread.run(Thread.java:748)
Caused by: java.util.concurrent.TimeoutException
	at java.util.concurrent.CompletableFuture.timedGet(CompletableFuture.java:1771)
	at java.util.concurrent.CompletableFuture.get(CompletableFuture.java:1915)
	at org.apache.ratis.util.IOUtils.getFromFuture(IOUtils.java:79)
	... 4 more
2019-09-11 06:30:54,036 [fbfdc5e7-35fe-4dec-93a8-24c91dabe6d4@group-CAB34B64531B-SegmentedRaftLogWorker] WARN  segmented.SegmentedRaftLogWorker (SegmentedRaftLogWorker.java:getFromFuture(90)) - Timeout 16/~
org.apache.ratis.protocol.TimeoutIOException: Timeout 10s: WriteLog:8: (t:1, i:8), STATEMACHINELOGENTRY, client-DDC0476EEFF3, cid=22-writeStateMachineData
	at org.apache.ratis.util.IOUtils.getFromFuture(IOUtils.java:87)
	at org.apache.ratis.server.raftlog.segmented.SegmentedRaftLogWorker$StateMachineDataPolicy.getFromFuture(SegmentedRaftLogWorker.java:87)
	at org.apache.ratis.server.raftlog.segmented.SegmentedRaftLogWorker$WriteLog.execute(SegmentedRaftLogWorker.java:477)
	at org.apache.ratis.server.raftlog.segmented.SegmentedRaftLogWorker.run(SegmentedRaftLogWorker.java:289)
	at java.lang.Thread.run(Thread.java:748)
Caused by: java.util.concurrent.TimeoutException
	at java.util.concurrent.CompletableFuture.timedGet(CompletableFuture.java:1771)
	at java.util.concurrent.CompletableFuture.get(CompletableFuture.java:1915)
	at org.apache.ratis.util.IOUtils.getFromFuture(IOUtils.java:79)
	... 4 more
2019-09-11 06:30:54,036 [16d0fe26-9857-4477-8b2c-205100b6d095@group-CAB34B64531B-SegmentedRaftLogWorker] WARN  segmented.SegmentedRaftLogWorker (SegmentedRaftLogWorker.java:getFromFuture(90)) - Timeout 16/~
org.apache.ratis.protocol.TimeoutIOException: Timeout 10s: WriteLog:8: (t:1, i:8), STATEMACHINELOGENTRY, client-DDC0476EEFF3, cid=22-writeStateMachineData
	at org.apache.ratis.util.IOUtils.getFromFuture(IOUtils.java:87)
	at org.apache.ratis.server.raftlog.segmented.SegmentedRaftLogWorker$StateMachineDataPolicy.getFromFuture(SegmentedRaftLogWorker.java:87)
	at org.apache.ratis.server.raftlog.segmented.SegmentedRaftLogWorker$WriteLog.execute(SegmentedRaftLogWorker.java:477)
	at org.apache.ratis.server.raftlog.segmented.SegmentedRaftLogWorker.run(SegmentedRaftLogWorker.java:289)
	at java.lang.Thread.run(Thread.java:748)
Caused by: java.util.concurrent.TimeoutException
	at java.util.concurrent.CompletableFuture.timedGet(CompletableFuture.java:1771)
	at java.util.concurrent.CompletableFuture.get(CompletableFuture.java:1915)
	at org.apache.ratis.util.IOUtils.getFromFuture(IOUtils.java:79)
	... 4 more
2019-09-11 06:30:54,536 [org.apache.ratis.server.impl.LogAppender$AppenderDaemon$$Lambda$521/1122258981@41c91151] ERROR ratis.XceiverServerRatis (XceiverServerRatis.java:triggerPipelineClose(568)) - pipeline Action CLOSE  on pipeline PipelineID=f7ee6abd-8b7b-4e6e-a17a-cab34b64531b.Reason : fbfdc5e7-35fe-4dec-93a8-24c91dabe6d4 has not seen follower/s b3ae6e77-09f2-43a9-bb74-0baf269e9625 for 171290ms 16d0fe26-9857-4477-8b2c-205100b6d095 for 171290ms
2019-09-11 06:30:54,536 [org.apache.ratis.server.impl.LogAppender$AppenderDaemon$$Lambda$521/1122258981@4ac226bc] ERROR ratis.XceiverServerRatis (XceiverServerRatis.java:triggerPipelineClose(568)) - pipeline Action CLOSE  on pipeline PipelineID=f7ee6abd-8b7b-4e6e-a17a-cab34b64531b.Reason : fbfdc5e7-35fe-4dec-93a8-24c91dabe6d4 has not seen follower/s b3ae6e77-09f2-43a9-bb74-0baf269e9625 for 171290ms 16d0fe26-9857-4477-8b2c-205100b6d095 for 171290ms
2019-09-11 06:30:55,007 [EventQueue-PipelineActionsForPipelineActionHandler] ERROR pipeline.PipelineActionHandler (PipelineActionHandler.java:onMessage(60)) - Received pipeline action CLOSE for Pipeline[ Id: f7ee6abd-8b7b-4e6e-a17a-cab34b64531b, Nodes: b3ae6e77-09f2-43a9-bb74-0baf269e9625{ip: 192.168.36.125, host: trunk-nightly-20190911-vpfxm-1000144475, networkLocation: /default-rack, certSerialId: null}fbfdc5e7-35fe-4dec-93a8-24c91dabe6d4{ip: 192.168.36.125, host: trunk-nightly-20190911-vpfxm-1000144475, networkLocation: /default-rack, certSerialId: null}16d0fe26-9857-4477-8b2c-205100b6d095{ip: 192.168.36.125, host: trunk-nightly-20190911-vpfxm-1000144475, networkLocation: /default-rack, certSerialId: null}, Type:RATIS, Factor:THREE, State:CLOSED] from datanode fbfdc5e7-35fe-4dec-93a8-24c91dabe6d4{ip: 192.168.36.125, host: trunk-nightly-20190911-vpfxm-1000144475, networkLocation: /default-rack, certSerialId: null}. Reason : fbfdc5e7-35fe-4dec-93a8-24c91dabe6d4 has not seen follower/s b3ae6e77-09f2-43a9-bb74-0baf269e9625 for 171290ms 16d0fe26-9857-4477-8b2c-205100b6d095 for 171290ms
2019-09-11 06:30:55,007 [EventQueue-PipelineActionsForPipelineActionHandler] INFO  pipeline.SCMPipelineManager (SCMPipelineManager.java:finalizeAndDestroyPipeline(311)) - destroying pipeline:Pipeline[ Id: f7ee6abd-8b7b-4e6e-a17a-cab34b64531b, Nodes: b3ae6e77-09f2-43a9-bb74-0baf269e9625{ip: 192.168.36.125, host: trunk-nightly-20190911-vpfxm-1000144475, networkLocation: /default-rack, certSerialId: null}fbfdc5e7-35fe-4dec-93a8-24c91dabe6d4{ip: 192.168.36.125, host: trunk-nightly-20190911-vpfxm-1000144475, networkLocation: /default-rack, certSerialId: null}16d0fe26-9857-4477-8b2c-205100b6d095{ip: 192.168.36.125, host: trunk-nightly-20190911-vpfxm-1000144475, networkLocation: /default-rack, certSerialId: null}, Type:RATIS, Factor:THREE, State:CLOSED]
2019-09-11 06:30:55,035 [java.util.concurrent.ThreadPoolExecutor$Worker@6828608c[State = -1, empty queue]] WARN  server.GrpcLogAppender (GrpcLogAppender.java:timeoutAppendRequest(200)) - fbfdc5e7-35fe-4dec-93a8-24c91dabe6d4@group-CAB34B64531B->b3ae6e77-09f2-43a9-bb74-0baf269e9625-GrpcLogAppender: appendEntries Timeout, request=fbfdc5e7-35fe-4dec-93a8-24c91dabe6d4->b3ae6e77-09f2-43a9-bb74-0baf269e9625#78-t1, previous=(t:1, i:10), leaderCommit=6, initializing? false, entries: <empty>
2019-09-11 06:30:55,035 [java.util.concurrent.ThreadPoolExecutor$Worker@c8b29ab[State = -1, empty queue]] WARN  server.GrpcLogAppender (GrpcLogAppender.java:timeoutAppendRequest(200)) - fbfdc5e7-35fe-4dec-93a8-24c91dabe6d4@group-CAB34B64531B->16d0fe26-9857-4477-8b2c-205100b6d095-GrpcLogAppender: appendEntries Timeout, request=fbfdc5e7-35fe-4dec-93a8-24c91dabe6d4->16d0fe26-9857-4477-8b2c-205100b6d095#78-t1, previous=(t:1, i:10), leaderCommit=6, initializing? false, entries: <empty>
2019-09-11 06:30:55,743 [grpc-default-executor-5] INFO  client.GrpcClientProtocolClient (GrpcClientProtocolClient.java:onNext(264)) - client-DDC0476EEFF3->b3ae6e77-09f2-43a9-bb74-0baf269e9625: receive RaftClientReply:client-DDC0476EEFF3->b3ae6e77-09f2-43a9-bb74-0baf269e9625@group-CAB34B64531B, cid=21, FAILED org.apache.ratis.protocol.NotLeaderException: Server b3ae6e77-09f2-43a9-bb74-0baf269e9625@group-CAB34B64531B is not the leader fbfdc5e7-35fe-4dec-93a8-24c91dabe6d4:192.168.36.125:35103, logIndex=0, commits[b3ae6e77-09f2-43a9-bb74-0baf269e9625:c6, 16d0fe26-9857-4477-8b2c-205100b6d095:c4, fbfdc5e7-35fe-4dec-93a8-24c91dabe6d4:c6]
2019-09-11 06:30:57,037 [org.apache.ratis.server.impl.LogAppender$AppenderDaemon$$Lambda$521/1122258981@4ac226bc] ERROR ratis.XceiverServerRatis (XceiverServerRatis.java:triggerPipelineClose(568)) - pipeline Action CLOSE  on pipeline PipelineID=f7ee6abd-8b7b-4e6e-a17a-cab34b64531b.Reason : fbfdc5e7-35fe-4dec-93a8-24c91dabe6d4 has not seen follower/s b3ae6e77-09f2-43a9-bb74-0baf269e9625 for 173791ms 16d0fe26-9857-4477-8b2c-205100b6d095 for 173790ms
2019-09-11 06:30:57,037 [org.apache.ratis.server.impl.LogAppender$AppenderDaemon$$Lambda$521/1122258981@41c91151] ERROR ratis.XceiverServerRatis (XceiverServerRatis.java:triggerPipelineClose(568)) - pipeline Action CLOSE  on pipeline PipelineID=f7ee6abd-8b7b-4e6e-a17a-cab34b64531b.Reason : fbfdc5e7-35fe-4dec-93a8-24c91dabe6d4 has not seen follower/s b3ae6e77-09f2-43a9-bb74-0baf269e9625 for 173791ms 16d0fe26-9857-4477-8b2c-205100b6d095 for 173791ms
2019-09-11 06:30:57,536 [java.util.concurrent.ThreadPoolExecutor$Worker@6828608c[State = -1, empty queue]] WARN  server.GrpcLogAppender (GrpcLogAppender.java:timeoutAppendRequest(200)) - fbfdc5e7-35fe-4dec-93a8-24c91dabe6d4@group-CAB34B64531B->b3ae6e77-09f2-43a9-bb74-0baf269e9625-GrpcLogAppender: appendEntries Timeout, request=fbfdc5e7-35fe-4dec-93a8-24c91dabe6d4->b3ae6e77-09f2-43a9-bb74-0baf269e9625#79-t1, previous=(t:1, i:10), leaderCommit=6, initializing? false, entries: <empty>
2019-09-11 06:30:57,536 [java.util.concurrent.ThreadPoolExecutor$Worker@c8b29ab[State = -1, empty queue]] WARN  server.GrpcLogAppender (GrpcLogAppender.java:timeoutAppendRequest(200)) - fbfdc5e7-35fe-4dec-93a8-24c91dabe6d4@group-CAB34B64531B->16d0fe26-9857-4477-8b2c-205100b6d095-GrpcLogAppender: appendEntries Timeout, request=fbfdc5e7-35fe-4dec-93a8-24c91dabe6d4->16d0fe26-9857-4477-8b2c-205100b6d095#79-t1, previous=(t:1, i:10), leaderCommit=6, initializing? false, entries: <empty>
2019-09-11 06:30:58,006 [EventQueue-PipelineActionsForPipelineActionHandler] ERROR pipeline.PipelineActionHandler (PipelineActionHandler.java:onMessage(60)) - Received pipeline action CLOSE for Pipeline[ Id: f7ee6abd-8b7b-4e6e-a17a-cab34b64531b, Nodes: b3ae6e77-09f2-43a9-bb74-0baf269e9625{ip: 192.168.36.125, host: trunk-nightly-20190911-vpfxm-1000144475, networkLocation: /default-rack, certSerialId: null}fbfdc5e7-35fe-4dec-93a8-24c91dabe6d4{ip: 192.168.36.125, host: trunk-nightly-20190911-vpfxm-1000144475, networkLocation: /default-rack, certSerialId: null}16d0fe26-9857-4477-8b2c-205100b6d095{ip: 192.168.36.125, host: trunk-nightly-20190911-vpfxm-1000144475, networkLocation: /default-rack, certSerialId: null}, Type:RATIS, Factor:THREE, State:CLOSED] from datanode fbfdc5e7-35fe-4dec-93a8-24c91dabe6d4{ip: 192.168.36.125, host: trunk-nightly-20190911-vpfxm-1000144475, networkLocation: /default-rack, certSerialId: null}. Reason : fbfdc5e7-35fe-4dec-93a8-24c91dabe6d4 has not seen follower/s b3ae6e77-09f2-43a9-bb74-0baf269e9625 for 173791ms 16d0fe26-9857-4477-8b2c-205100b6d095 for 173790ms
2019-09-11 06:30:58,007 [EventQueue-PipelineActionsForPipelineActionHandler] INFO  pipeline.SCMPipelineManager (SCMPipelineManager.java:finalizeAndDestroyPipeline(311)) - destroying pipeline:Pipeline[ Id: f7ee6abd-8b7b-4e6e-a17a-cab34b64531b, Nodes: b3ae6e77-09f2-43a9-bb74-0baf269e9625{ip: 192.168.36.125, host: trunk-nightly-20190911-vpfxm-1000144475, networkLocation: /default-rack, certSerialId: null}fbfdc5e7-35fe-4dec-93a8-24c91dabe6d4{ip: 192.168.36.125, host: trunk-nightly-20190911-vpfxm-1000144475, networkLocation: /default-rack, certSerialId: null}16d0fe26-9857-4477-8b2c-205100b6d095{ip: 192.168.36.125, host: trunk-nightly-20190911-vpfxm-1000144475, networkLocation: /default-rack, certSerialId: null}, Type:RATIS, Factor:THREE, State:CLOSED]
2019-09-11 06:30:59,539 [org.apache.ratis.server.impl.LogAppender$AppenderDaemon$$Lambda$521/1122258981@41c91151] ERROR ratis.XceiverServerRatis (XceiverServerRatis.java:triggerPipelineClose(568)) - pipeline Action CLOSE  on pipeline PipelineID=f7ee6abd-8b7b-4e6e-a17a-cab34b64531b.Reason : fbfdc5e7-35fe-4dec-93a8-24c91dabe6d4 has not seen follower/s b3ae6e77-09f2-43a9-bb74-0baf269e9625 for 176292ms 16d0fe26-9857-4477-8b2c-205100b6d095 for 176292ms
2019-09-11 06:30:59,539 [org.apache.ratis.server.impl.LogAppender$AppenderDaemon$$Lambda$521/1122258981@4ac226bc] ERROR ratis.XceiverServerRatis (XceiverServerRatis.java:triggerPipelineClose(568)) - pipeline Action CLOSE  on pipeline PipelineID=f7ee6abd-8b7b-4e6e-a17a-cab34b64531b.Reason : fbfdc5e7-35fe-4dec-93a8-24c91dabe6d4 has not seen follower/s b3ae6e77-09f2-43a9-bb74-0baf269e9625 for 176292ms 16d0fe26-9857-4477-8b2c-205100b6d095 for 176292ms
2019-09-11 06:31:00,006 [EventQueue-PipelineActionsForPipelineActionHandler] ERROR pipeline.PipelineActionHandler (PipelineActionHandler.java:onMessage(60)) - Received pipeline action CLOSE for Pipeline[ Id: f7ee6abd-8b7b-4e6e-a17a-cab34b64531b, Nodes: b3ae6e77-09f2-43a9-bb74-0baf269e9625{ip: 192.168.36.125, host: trunk-nightly-20190911-vpfxm-1000144475, networkLocation: /default-rack, certSerialId: null}fbfdc5e7-35fe-4dec-93a8-24c91dabe6d4{ip: 192.168.36.125, host: trunk-nightly-20190911-vpfxm-1000144475, networkLocation: /default-rack, certSerialId: null}16d0fe26-9857-4477-8b2c-205100b6d095{ip: 192.168.36.125, host: trunk-nightly-20190911-vpfxm-1000144475, networkLocation: /default-rack, certSerialId: null}, Type:RATIS, Factor:THREE, State:CLOSED] from datanode fbfdc5e7-35fe-4dec-93a8-24c91dabe6d4{ip: 192.168.36.125, host: trunk-nightly-20190911-vpfxm-1000144475, networkLocation: /default-rack, certSerialId: null}. Reason : fbfdc5e7-35fe-4dec-93a8-24c91dabe6d4 has not seen follower/s b3ae6e77-09f2-43a9-bb74-0baf269e9625 for 176292ms 16d0fe26-9857-4477-8b2c-205100b6d095 for 176292ms
2019-09-11 06:31:00,007 [EventQueue-PipelineActionsForPipelineActionHandler] INFO  pipeline.SCMPipelineManager (SCMPipelineManager.java:finalizeAndDestroyPipeline(311)) - destroying pipeline:Pipeline[ Id: f7ee6abd-8b7b-4e6e-a17a-cab34b64531b, Nodes: b3ae6e77-09f2-43a9-bb74-0baf269e9625{ip: 192.168.36.125, host: trunk-nightly-20190911-vpfxm-1000144475, networkLocation: /default-rack, certSerialId: null}fbfdc5e7-35fe-4dec-93a8-24c91dabe6d4{ip: 192.168.36.125, host: trunk-nightly-20190911-vpfxm-1000144475, networkLocation: /default-rack, certSerialId: null}16d0fe26-9857-4477-8b2c-205100b6d095{ip: 192.168.36.125, host: trunk-nightly-20190911-vpfxm-1000144475, networkLocation: /default-rack, certSerialId: null}, Type:RATIS, Factor:THREE, State:CLOSED]
2019-09-11 06:31:00,037 [java.util.concurrent.ThreadPoolExecutor$Worker@c8b29ab[State = -1, empty queue]] WARN  server.GrpcLogAppender (GrpcLogAppender.java:timeoutAppendRequest(200)) - fbfdc5e7-35fe-4dec-93a8-24c91dabe6d4@group-CAB34B64531B->16d0fe26-9857-4477-8b2c-205100b6d095-GrpcLogAppender: appendEntries Timeout, request=fbfdc5e7-35fe-4dec-93a8-24c91dabe6d4->16d0fe26-9857-4477-8b2c-205100b6d095#80-t1, previous=(t:1, i:10), leaderCommit=6, initializing? false, entries: <empty>
2019-09-11 06:31:00,037 [java.util.concurrent.ThreadPoolExecutor$Worker@6828608c[State = -1, empty queue]] WARN  server.GrpcLogAppender (GrpcLogAppender.java:timeoutAppendRequest(200)) - fbfdc5e7-35fe-4dec-93a8-24c91dabe6d4@group-CAB34B64531B->b3ae6e77-09f2-43a9-bb74-0baf269e9625-GrpcLogAppender: appendEntries Timeout, request=fbfdc5e7-35fe-4dec-93a8-24c91dabe6d4->b3ae6e77-09f2-43a9-bb74-0baf269e9625#80-t1, previous=(t:1, i:10), leaderCommit=6, initializing? false, entries: <empty>
2019-09-11 06:31:00,782 [grpc-default-executor-5] INFO  client.GrpcClientProtocolClient (GrpcClientProtocolClient.java:onNext(264)) - client-DDC0476EEFF3->16d0fe26-9857-4477-8b2c-205100b6d095: receive RaftClientReply:client-DDC0476EEFF3->16d0fe26-9857-4477-8b2c-205100b6d095@group-CAB34B64531B, cid=21, FAILED org.apache.ratis.protocol.NotLeaderException: Server 16d0fe26-9857-4477-8b2c-205100b6d095@group-CAB34B64531B is not the leader fbfdc5e7-35fe-4dec-93a8-24c91dabe6d4:192.168.36.125:35103, logIndex=0, commits[16d0fe26-9857-4477-8b2c-205100b6d095:c6, b3ae6e77-09f2-43a9-bb74-0baf269e9625:c4, fbfdc5e7-35fe-4dec-93a8-24c91dabe6d4:c6]
2019-09-11 06:31:02,039 [org.apache.ratis.server.impl.LogAppender$AppenderDaemon$$Lambda$521/1122258981@41c91151] ERROR ratis.XceiverServerRatis (XceiverServerRatis.java:triggerPipelineClose(568)) - pipeline Action CLOSE  on pipeline PipelineID=f7ee6abd-8b7b-4e6e-a17a-cab34b64531b.Reason : fbfdc5e7-35fe-4dec-93a8-24c91dabe6d4 has not seen follower/s b3ae6e77-09f2-43a9-bb74-0baf269e9625 for 178793ms 16d0fe26-9857-4477-8b2c-205100b6d095 for 178793ms
2019-09-11 06:31:02,039 [org.apache.ratis.server.impl.LogAppender$AppenderDaemon$$Lambda$521/1122258981@4ac226bc] ERROR ratis.XceiverServerRatis (XceiverServerRatis.java:triggerPipelineClose(568)) - pipeline Action CLOSE  on pipeline PipelineID=f7ee6abd-8b7b-4e6e-a17a-cab34b64531b.Reason : fbfdc5e7-35fe-4dec-93a8-24c91dabe6d4 has not seen follower/s b3ae6e77-09f2-43a9-bb74-0baf269e9625 for 178793ms 16d0fe26-9857-4477-8b2c-205100b6d095 for 178793ms
2019-09-11 06:31:02,538 [java.util.concurrent.ThreadPoolExecutor$Worker@6828608c[State = -1, empty queue]] WARN  server.GrpcLogAppender (GrpcLogAppender.java:timeoutAppendRequest(200)) - fbfdc5e7-35fe-4dec-93a8-24c91dabe6d4@group-CAB34B64531B->b3ae6e77-09f2-43a9-bb74-0baf269e9625-GrpcLogAppender: appendEntries Timeout, request=fbfdc5e7-35fe-4dec-93a8-24c91dabe6d4->b3ae6e77-09f2-43a9-bb74-0baf269e9625#81-t1, previous=(t:1, i:10), leaderCommit=6, initializing? false, entries: <empty>
2019-09-11 06:31:02,538 [java.util.concurrent.ThreadPoolExecutor$Worker@c8b29ab[State = -1, empty queue]] WARN  server.GrpcLogAppender (GrpcLogAppender.java:timeoutAppendRequest(200)) - fbfdc5e7-35fe-4dec-93a8-24c91dabe6d4@group-CAB34B64531B->16d0fe26-9857-4477-8b2c-205100b6d095-GrpcLogAppender: appendEntries Timeout, request=fbfdc5e7-35fe-4dec-93a8-24c91dabe6d4->16d0fe26-9857-4477-8b2c-205100b6d095#81-t1, previous=(t:1, i:10), leaderCommit=6, initializing? false, entries: <empty>
2019-09-11 06:31:03,008 [EventQueue-PipelineActionsForPipelineActionHandler] ERROR pipeline.PipelineActionHandler (PipelineActionHandler.java:onMessage(60)) - Received pipeline action CLOSE for Pipeline[ Id: f7ee6abd-8b7b-4e6e-a17a-cab34b64531b, Nodes: b3ae6e77-09f2-43a9-bb74-0baf269e9625{ip: 192.168.36.125, host: trunk-nightly-20190911-vpfxm-1000144475, networkLocation: /default-rack, certSerialId: null}fbfdc5e7-35fe-4dec-93a8-24c91dabe6d4{ip: 192.168.36.125, host: trunk-nightly-20190911-vpfxm-1000144475, networkLocation: /default-rack, certSerialId: null}16d0fe26-9857-4477-8b2c-205100b6d095{ip: 192.168.36.125, host: trunk-nightly-20190911-vpfxm-1000144475, networkLocation: /default-rack, certSerialId: null}, Type:RATIS, Factor:THREE, State:CLOSED] from datanode fbfdc5e7-35fe-4dec-93a8-24c91dabe6d4{ip: 192.168.36.125, host: trunk-nightly-20190911-vpfxm-1000144475, networkLocation: /default-rack, certSerialId: null}. Reason : fbfdc5e7-35fe-4dec-93a8-24c91dabe6d4 has not seen follower/s b3ae6e77-09f2-43a9-bb74-0baf269e9625 for 178793ms 16d0fe26-9857-4477-8b2c-205100b6d095 for 178793ms
2019-09-11 06:31:03,009 [EventQueue-PipelineActionsForPipelineActionHandler] INFO  pipeline.SCMPipelineManager (SCMPipelineManager.java:finalizeAndDestroyPipeline(311)) - destroying pipeline:Pipeline[ Id: f7ee6abd-8b7b-4e6e-a17a-cab34b64531b, Nodes: b3ae6e77-09f2-43a9-bb74-0baf269e9625{ip: 192.168.36.125, host: trunk-nightly-20190911-vpfxm-1000144475, networkLocation: /default-rack, certSerialId: null}fbfdc5e7-35fe-4dec-93a8-24c91dabe6d4{ip: 192.168.36.125, host: trunk-nightly-20190911-vpfxm-1000144475, networkLocation: /default-rack, certSerialId: null}16d0fe26-9857-4477-8b2c-205100b6d095{ip: 192.168.36.125, host: trunk-nightly-20190911-vpfxm-1000144475, networkLocation: /default-rack, certSerialId: null}, Type:RATIS, Factor:THREE, State:CLOSED]
2019-09-11 06:31:03,999 [b3ae6e77-09f2-43a9-bb74-0baf269e9625@group-CAB34B64531B-SegmentedRaftLogWorker] WARN  segmented.SegmentedRaftLogWorker (SegmentedRaftLogWorker.java:getFromFuture(90)) - Timeout 17/~
org.apache.ratis.protocol.TimeoutIOException: Timeout 10s: WriteLog:8: (t:1, i:8), STATEMACHINELOGENTRY, client-DDC0476EEFF3, cid=22-writeStateMachineData
	at org.apache.ratis.util.IOUtils.getFromFuture(IOUtils.java:87)
	at org.apache.ratis.server.raftlog.segmented.SegmentedRaftLogWorker$StateMachineDataPolicy.getFromFuture(SegmentedRaftLogWorker.java:87)
	at org.apache.ratis.server.raftlog.segmented.SegmentedRaftLogWorker$WriteLog.execute(SegmentedRaftLogWorker.java:477)
	at org.apache.ratis.server.raftlog.segmented.SegmentedRaftLogWorker.run(SegmentedRaftLogWorker.java:289)
	at java.lang.Thread.run(Thread.java:748)
Caused by: java.util.concurrent.TimeoutException
	at java.util.concurrent.CompletableFuture.timedGet(CompletableFuture.java:1771)
	at java.util.concurrent.CompletableFuture.get(CompletableFuture.java:1915)
	at org.apache.ratis.util.IOUtils.getFromFuture(IOUtils.java:79)
	... 4 more
2019-09-11 06:31:04,037 [fbfdc5e7-35fe-4dec-93a8-24c91dabe6d4@group-CAB34B64531B-SegmentedRaftLogWorker] WARN  segmented.SegmentedRaftLogWorker (SegmentedRaftLogWorker.java:getFromFuture(90)) - Timeout 17/~
org.apache.ratis.protocol.TimeoutIOException: Timeout 10s: WriteLog:8: (t:1, i:8), STATEMACHINELOGENTRY, client-DDC0476EEFF3, cid=22-writeStateMachineData
	at org.apache.ratis.util.IOUtils.getFromFuture(IOUtils.java:87)
	at org.apache.ratis.server.raftlog.segmented.SegmentedRaftLogWorker$StateMachineDataPolicy.getFromFuture(SegmentedRaftLogWorker.java:87)
	at org.apache.ratis.server.raftlog.segmented.SegmentedRaftLogWorker$WriteLog.execute(SegmentedRaftLogWorker.java:477)
	at org.apache.ratis.server.raftlog.segmented.SegmentedRaftLogWorker.run(SegmentedRaftLogWorker.java:289)
	at java.lang.Thread.run(Thread.java:748)
Caused by: java.util.concurrent.TimeoutException
	at java.util.concurrent.CompletableFuture.timedGet(CompletableFuture.java:1771)
	at java.util.concurrent.CompletableFuture.get(CompletableFuture.java:1915)
	at org.apache.ratis.util.IOUtils.getFromFuture(IOUtils.java:79)
	... 4 more
2019-09-11 06:31:04,037 [16d0fe26-9857-4477-8b2c-205100b6d095@group-CAB34B64531B-SegmentedRaftLogWorker] WARN  segmented.SegmentedRaftLogWorker (SegmentedRaftLogWorker.java:getFromFuture(90)) - Timeout 17/~
org.apache.ratis.protocol.TimeoutIOException: Timeout 10s: WriteLog:8: (t:1, i:8), STATEMACHINELOGENTRY, client-DDC0476EEFF3, cid=22-writeStateMachineData
	at org.apache.ratis.util.IOUtils.getFromFuture(IOUtils.java:87)
	at org.apache.ratis.server.raftlog.segmented.SegmentedRaftLogWorker$StateMachineDataPolicy.getFromFuture(SegmentedRaftLogWorker.java:87)
	at org.apache.ratis.server.raftlog.segmented.SegmentedRaftLogWorker$WriteLog.execute(SegmentedRaftLogWorker.java:477)
	at org.apache.ratis.server.raftlog.segmented.SegmentedRaftLogWorker.run(SegmentedRaftLogWorker.java:289)
	at java.lang.Thread.run(Thread.java:748)
Caused by: java.util.concurrent.TimeoutException
	at java.util.concurrent.CompletableFuture.timedGet(CompletableFuture.java:1771)
	at java.util.concurrent.CompletableFuture.get(CompletableFuture.java:1915)
	at org.apache.ratis.util.IOUtils.getFromFuture(IOUtils.java:79)
	... 4 more
2019-09-11 06:31:04,540 [org.apache.ratis.server.impl.LogAppender$AppenderDaemon$$Lambda$521/1122258981@41c91151] ERROR ratis.XceiverServerRatis (XceiverServerRatis.java:triggerPipelineClose(568)) - pipeline Action CLOSE  on pipeline PipelineID=f7ee6abd-8b7b-4e6e-a17a-cab34b64531b.Reason : fbfdc5e7-35fe-4dec-93a8-24c91dabe6d4 has not seen follower/s b3ae6e77-09f2-43a9-bb74-0baf269e9625 for 181294ms 16d0fe26-9857-4477-8b2c-205100b6d095 for 181294ms
2019-09-11 06:31:04,540 [org.apache.ratis.server.impl.LogAppender$AppenderDaemon$$Lambda$521/1122258981@4ac226bc] ERROR ratis.XceiverServerRatis (XceiverServerRatis.java:triggerPipelineClose(568)) - pipeline Action CLOSE  on pipeline PipelineID=f7ee6abd-8b7b-4e6e-a17a-cab34b64531b.Reason : fbfdc5e7-35fe-4dec-93a8-24c91dabe6d4 has not seen follower/s b3ae6e77-09f2-43a9-bb74-0baf269e9625 for 181294ms 16d0fe26-9857-4477-8b2c-205100b6d095 for 181294ms
2019-09-11 06:31:05,009 [EventQueue-PipelineActionsForPipelineActionHandler] ERROR pipeline.PipelineActionHandler (PipelineActionHandler.java:onMessage(60)) - Received pipeline action CLOSE for Pipeline[ Id: f7ee6abd-8b7b-4e6e-a17a-cab34b64531b, Nodes: b3ae6e77-09f2-43a9-bb74-0baf269e9625{ip: 192.168.36.125, host: trunk-nightly-20190911-vpfxm-1000144475, networkLocation: /default-rack, certSerialId: null}fbfdc5e7-35fe-4dec-93a8-24c91dabe6d4{ip: 192.168.36.125, host: trunk-nightly-20190911-vpfxm-1000144475, networkLocation: /default-rack, certSerialId: null}16d0fe26-9857-4477-8b2c-205100b6d095{ip: 192.168.36.125, host: trunk-nightly-20190911-vpfxm-1000144475, networkLocation: /default-rack, certSerialId: null}, Type:RATIS, Factor:THREE, State:CLOSED] from datanode fbfdc5e7-35fe-4dec-93a8-24c91dabe6d4{ip: 192.168.36.125, host: trunk-nightly-20190911-vpfxm-1000144475, networkLocation: /default-rack, certSerialId: null}. Reason : fbfdc5e7-35fe-4dec-93a8-24c91dabe6d4 has not seen follower/s b3ae6e77-09f2-43a9-bb74-0baf269e9625 for 181294ms 16d0fe26-9857-4477-8b2c-205100b6d095 for 181294ms
2019-09-11 06:31:05,009 [EventQueue-PipelineActionsForPipelineActionHandler] INFO  pipeline.SCMPipelineManager (SCMPipelineManager.java:finalizeAndDestroyPipeline(311)) - destroying pipeline:Pipeline[ Id: f7ee6abd-8b7b-4e6e-a17a-cab34b64531b, Nodes: b3ae6e77-09f2-43a9-bb74-0baf269e9625{ip: 192.168.36.125, host: trunk-nightly-20190911-vpfxm-1000144475, networkLocation: /default-rack, certSerialId: null}fbfdc5e7-35fe-4dec-93a8-24c91dabe6d4{ip: 192.168.36.125, host: trunk-nightly-20190911-vpfxm-1000144475, networkLocation: /default-rack, certSerialId: null}16d0fe26-9857-4477-8b2c-205100b6d095{ip: 192.168.36.125, host: trunk-nightly-20190911-vpfxm-1000144475, networkLocation: /default-rack, certSerialId: null}, Type:RATIS, Factor:THREE, State:CLOSED]
2019-09-11 06:31:05,039 [java.util.concurrent.ThreadPoolExecutor$Worker@6828608c[State = -1, empty queue]] WARN  server.GrpcLogAppender (GrpcLogAppender.java:timeoutAppendRequest(200)) - fbfdc5e7-35fe-4dec-93a8-24c91dabe6d4@group-CAB34B64531B->b3ae6e77-09f2-43a9-bb74-0baf269e9625-GrpcLogAppender: appendEntries Timeout, request=fbfdc5e7-35fe-4dec-93a8-24c91dabe6d4->b3ae6e77-09f2-43a9-bb74-0baf269e9625#82-t1, previous=(t:1, i:10), leaderCommit=6, initializing? false, entries: <empty>
2019-09-11 06:31:05,039 [java.util.concurrent.ThreadPoolExecutor$Worker@c8b29ab[State = -1, empty queue]] WARN  server.GrpcLogAppender (GrpcLogAppender.java:timeoutAppendRequest(200)) - fbfdc5e7-35fe-4dec-93a8-24c91dabe6d4@group-CAB34B64531B->16d0fe26-9857-4477-8b2c-205100b6d095-GrpcLogAppender: appendEntries Timeout, request=fbfdc5e7-35fe-4dec-93a8-24c91dabe6d4->16d0fe26-9857-4477-8b2c-205100b6d095#82-t1, previous=(t:1, i:10), leaderCommit=6, initializing? false, entries: <empty>
2019-09-11 06:31:05,854 [grpc-default-executor-7] INFO  client.GrpcClientProtocolClient (GrpcClientProtocolClient.java:onNext(264)) - client-DDC0476EEFF3->16d0fe26-9857-4477-8b2c-205100b6d095: receive RaftClientReply:client-DDC0476EEFF3->16d0fe26-9857-4477-8b2c-205100b6d095@group-CAB34B64531B, cid=21, FAILED org.apache.ratis.protocol.NotLeaderException: Server 16d0fe26-9857-4477-8b2c-205100b6d095@group-CAB34B64531B is not the leader fbfdc5e7-35fe-4dec-93a8-24c91dabe6d4:192.168.36.125:35103, logIndex=0, commits[16d0fe26-9857-4477-8b2c-205100b6d095:c6, b3ae6e77-09f2-43a9-bb74-0baf269e9625:c4, fbfdc5e7-35fe-4dec-93a8-24c91dabe6d4:c6]
2019-09-11 06:31:07,040 [org.apache.ratis.server.impl.LogAppender$AppenderDaemon$$Lambda$521/1122258981@4ac226bc] ERROR ratis.XceiverServerRatis (XceiverServerRatis.java:triggerPipelineClose(568)) - pipeline Action CLOSE  on pipeline PipelineID=f7ee6abd-8b7b-4e6e-a17a-cab34b64531b.Reason : fbfdc5e7-35fe-4dec-93a8-24c91dabe6d4 has not seen follower/s b3ae6e77-09f2-43a9-bb74-0baf269e9625 for 183794ms 16d0fe26-9857-4477-8b2c-205100b6d095 for 183794ms
2019-09-11 06:31:07,041 [org.apache.ratis.server.impl.LogAppender$AppenderDaemon$$Lambda$521/1122258981@41c91151] ERROR ratis.XceiverServerRatis (XceiverServerRatis.java:triggerPipelineClose(568)) - pipeline Action CLOSE  on pipeline PipelineID=f7ee6abd-8b7b-4e6e-a17a-cab34b64531b.Reason : fbfdc5e7-35fe-4dec-93a8-24c91dabe6d4 has not seen follower/s b3ae6e77-09f2-43a9-bb74-0baf269e9625 for 183795ms 16d0fe26-9857-4477-8b2c-205100b6d095 for 183795ms
2019-09-11 06:31:07,540 [java.util.concurrent.ThreadPoolExecutor$Worker@c8b29ab[State = -1, empty queue]] WARN  server.GrpcLogAppender (GrpcLogAppender.java:timeoutAppendRequest(200)) - fbfdc5e7-35fe-4dec-93a8-24c91dabe6d4@group-CAB34B64531B->16d0fe26-9857-4477-8b2c-205100b6d095-GrpcLogAppender: appendEntries Timeout, request=fbfdc5e7-35fe-4dec-93a8-24c91dabe6d4->16d0fe26-9857-4477-8b2c-205100b6d095#83-t1, previous=(t:1, i:10), leaderCommit=6, initializing? false, entries: <empty>
2019-09-11 06:31:07,540 [java.util.concurrent.ThreadPoolExecutor$Worker@6828608c[State = -1, empty queue]] WARN  server.GrpcLogAppender (GrpcLogAppender.java:timeoutAppendRequest(200)) - fbfdc5e7-35fe-4dec-93a8-24c91dabe6d4@group-CAB34B64531B->b3ae6e77-09f2-43a9-bb74-0baf269e9625-GrpcLogAppender: appendEntries Timeout, request=fbfdc5e7-35fe-4dec-93a8-24c91dabe6d4->b3ae6e77-09f2-43a9-bb74-0baf269e9625#83-t1, previous=(t:1, i:10), leaderCommit=6, initializing? false, entries: <empty>
2019-09-11 06:31:08,009 [EventQueue-PipelineActionsForPipelineActionHandler] ERROR pipeline.PipelineActionHandler (PipelineActionHandler.java:onMessage(60)) - Received pipeline action CLOSE for Pipeline[ Id: f7ee6abd-8b7b-4e6e-a17a-cab34b64531b, Nodes: b3ae6e77-09f2-43a9-bb74-0baf269e9625{ip: 192.168.36.125, host: trunk-nightly-20190911-vpfxm-1000144475, networkLocation: /default-rack, certSerialId: null}fbfdc5e7-35fe-4dec-93a8-24c91dabe6d4{ip: 192.168.36.125, host: trunk-nightly-20190911-vpfxm-1000144475, networkLocation: /default-rack, certSerialId: null}16d0fe26-9857-4477-8b2c-205100b6d095{ip: 192.168.36.125, host: trunk-nightly-20190911-vpfxm-1000144475, networkLocation: /default-rack, certSerialId: null}, Type:RATIS, Factor:THREE, State:CLOSED] from datanode fbfdc5e7-35fe-4dec-93a8-24c91dabe6d4{ip: 192.168.36.125, host: trunk-nightly-20190911-vpfxm-1000144475, networkLocation: /default-rack, certSerialId: null}. Reason : fbfdc5e7-35fe-4dec-93a8-24c91dabe6d4 has not seen follower/s b3ae6e77-09f2-43a9-bb74-0baf269e9625 for 183794ms 16d0fe26-9857-4477-8b2c-205100b6d095 for 183794ms
2019-09-11 06:31:08,009 [EventQueue-PipelineActionsForPipelineActionHandler] INFO  pipeline.SCMPipelineManager (SCMPipelineManager.java:finalizeAndDestroyPipeline(311)) - destroying pipeline:Pipeline[ Id: f7ee6abd-8b7b-4e6e-a17a-cab34b64531b, Nodes: b3ae6e77-09f2-43a9-bb74-0baf269e9625{ip: 192.168.36.125, host: trunk-nightly-20190911-vpfxm-1000144475, networkLocation: /default-rack, certSerialId: null}fbfdc5e7-35fe-4dec-93a8-24c91dabe6d4{ip: 192.168.36.125, host: trunk-nightly-20190911-vpfxm-1000144475, networkLocation: /default-rack, certSerialId: null}16d0fe26-9857-4477-8b2c-205100b6d095{ip: 192.168.36.125, host: trunk-nightly-20190911-vpfxm-1000144475, networkLocation: /default-rack, certSerialId: null}, Type:RATIS, Factor:THREE, State:CLOSED]
2019-09-11 06:31:09,541 [org.apache.ratis.server.impl.LogAppender$AppenderDaemon$$Lambda$521/1122258981@4ac226bc] ERROR ratis.XceiverServerRatis (XceiverServerRatis.java:triggerPipelineClose(568)) - pipeline Action CLOSE  on pipeline PipelineID=f7ee6abd-8b7b-4e6e-a17a-cab34b64531b.Reason : fbfdc5e7-35fe-4dec-93a8-24c91dabe6d4 has not seen follower/s b3ae6e77-09f2-43a9-bb74-0baf269e9625 for 186295ms 16d0fe26-9857-4477-8b2c-205100b6d095 for 186295ms
2019-09-11 06:31:09,542 [org.apache.ratis.server.impl.LogAppender$AppenderDaemon$$Lambda$521/1122258981@41c91151] ERROR ratis.XceiverServerRatis (XceiverServerRatis.java:triggerPipelineClose(568)) - pipeline Action CLOSE  on pipeline PipelineID=f7ee6abd-8b7b-4e6e-a17a-cab34b64531b.Reason : fbfdc5e7-35fe-4dec-93a8-24c91dabe6d4 has not seen follower/s b3ae6e77-09f2-43a9-bb74-0baf269e9625 for 186296ms 16d0fe26-9857-4477-8b2c-205100b6d095 for 186295ms
2019-09-11 06:31:10,010 [EventQueue-PipelineActionsForPipelineActionHandler] ERROR pipeline.PipelineActionHandler (PipelineActionHandler.java:onMessage(60)) - Received pipeline action CLOSE for Pipeline[ Id: f7ee6abd-8b7b-4e6e-a17a-cab34b64531b, Nodes: b3ae6e77-09f2-43a9-bb74-0baf269e9625{ip: 192.168.36.125, host: trunk-nightly-20190911-vpfxm-1000144475, networkLocation: /default-rack, certSerialId: null}fbfdc5e7-35fe-4dec-93a8-24c91dabe6d4{ip: 192.168.36.125, host: trunk-nightly-20190911-vpfxm-1000144475, networkLocation: /default-rack, certSerialId: null}16d0fe26-9857-4477-8b2c-205100b6d095{ip: 192.168.36.125, host: trunk-nightly-20190911-vpfxm-1000144475, networkLocation: /default-rack, certSerialId: null}, Type:RATIS, Factor:THREE, State:CLOSED] from datanode fbfdc5e7-35fe-4dec-93a8-24c91dabe6d4{ip: 192.168.36.125, host: trunk-nightly-20190911-vpfxm-1000144475, networkLocation: /default-rack, certSerialId: null}. Reason : fbfdc5e7-35fe-4dec-93a8-24c91dabe6d4 has not seen follower/s b3ae6e77-09f2-43a9-bb74-0baf269e9625 for 186295ms 16d0fe26-9857-4477-8b2c-205100b6d095 for 186295ms
2019-09-11 06:31:10,010 [EventQueue-PipelineActionsForPipelineActionHandler] INFO  pipeline.SCMPipelineManager (SCMPipelineManager.java:finalizeAndDestroyPipeline(311)) - destroying pipeline:Pipeline[ Id: f7ee6abd-8b7b-4e6e-a17a-cab34b64531b, Nodes: b3ae6e77-09f2-43a9-bb74-0baf269e9625{ip: 192.168.36.125, host: trunk-nightly-20190911-vpfxm-1000144475, networkLocation: /default-rack, certSerialId: null}fbfdc5e7-35fe-4dec-93a8-24c91dabe6d4{ip: 192.168.36.125, host: trunk-nightly-20190911-vpfxm-1000144475, networkLocation: /default-rack, certSerialId: null}16d0fe26-9857-4477-8b2c-205100b6d095{ip: 192.168.36.125, host: trunk-nightly-20190911-vpfxm-1000144475, networkLocation: /default-rack, certSerialId: null}, Type:RATIS, Factor:THREE, State:CLOSED]
2019-09-11 06:31:10,015 [grpc-default-executor-5] INFO  impl.RaftServerProxy (RaftServerProxy.java:remove(95)) - b3ae6e77-09f2-43a9-bb74-0baf269e9625: remove  FOLLOWER b3ae6e77-09f2-43a9-bb74-0baf269e9625@group-CAB34B64531B:t1, leader=fbfdc5e7-35fe-4dec-93a8-24c91dabe6d4, voted=fbfdc5e7-35fe-4dec-93a8-24c91dabe6d4, raftlog=b3ae6e77-09f2-43a9-bb74-0baf269e9625@group-CAB34B64531B-SegmentedRaftLog:OPENED:c6,f6,i10, conf=0: [b3ae6e77-09f2-43a9-bb74-0baf269e9625:192.168.36.125:37266, 16d0fe26-9857-4477-8b2c-205100b6d095:192.168.36.125:33180, fbfdc5e7-35fe-4dec-93a8-24c91dabe6d4:192.168.36.125:35103], old=null RUNNING
2019-09-11 06:31:10,020 [grpc-default-executor-5] INFO  impl.RaftServerImpl (RaftServerImpl.java:lambda$shutdown$3(251)) - b3ae6e77-09f2-43a9-bb74-0baf269e9625@group-CAB34B64531B: shutdown
2019-09-11 06:31:10,021 [grpc-default-executor-5] INFO  util.JmxRegister (JmxRegister.java:unregister(73)) - Successfully un-registered JMX Bean with object name Ratis:service=RaftServer,group=group-CAB34B64531B,id=b3ae6e77-09f2-43a9-bb74-0baf269e9625
2019-09-11 06:31:10,021 [grpc-default-executor-5] INFO  impl.RoleInfo (RoleInfo.java:shutdownFollowerState(121)) - b3ae6e77-09f2-43a9-bb74-0baf269e9625: shutdown FollowerState
2019-09-11 06:31:10,021 [grpc-default-executor-5] INFO  impl.StateMachineUpdater (StateMachineUpdater.java:stopAndJoin(125)) - b3ae6e77-09f2-43a9-bb74-0baf269e9625@group-CAB34B64531B-StateMachineUpdater: set stopIndex = 6
2019-09-11 06:31:10,021 [Thread-308] INFO  impl.FollowerState (FollowerState.java:run(115)) - b3ae6e77-09f2-43a9-bb74-0baf269e9625: FollowerState was interrupted: java.lang.InterruptedException: sleep interrupted
2019-09-11 06:31:10,022 [b3ae6e77-09f2-43a9-bb74-0baf269e9625@group-CAB34B64531B-StateMachineUpdater] INFO  ratis.ContainerStateMachine (ContainerStateMachine.java:takeSnapshot(289)) - group-CAB34B64531B: Taking a snapshot at:(t:1, i:4) file /workdir/hadoop-ozone/integration-test/target/test-dir/MiniOzoneClusterImpl-9d70c5ba-4c04-47f2-8d5c-a3af1a60ee61/datanode-2/data/ratis/f7ee6abd-8b7b-4e6e-a17a-cab34b64531b/sm/snapshot.1_4
2019-09-11 06:31:10,040 [java.util.concurrent.ThreadPoolExecutor$Worker@c8b29ab[State = -1, empty queue]] WARN  server.GrpcLogAppender (GrpcLogAppender.java:timeoutAppendRequest(200)) - fbfdc5e7-35fe-4dec-93a8-24c91dabe6d4@group-CAB34B64531B->16d0fe26-9857-4477-8b2c-205100b6d095-GrpcLogAppender: appendEntries Timeout, request=fbfdc5e7-35fe-4dec-93a8-24c91dabe6d4->16d0fe26-9857-4477-8b2c-205100b6d095#84-t1, previous=(t:1, i:10), leaderCommit=6, initializing? false, entries: <empty>
2019-09-11 06:31:10,041 [java.util.concurrent.ThreadPoolExecutor$Worker@6828608c[State = -1, empty queue]] WARN  server.GrpcLogAppender (GrpcLogAppender.java:timeoutAppendRequest(200)) - fbfdc5e7-35fe-4dec-93a8-24c91dabe6d4@group-CAB34B64531B->b3ae6e77-09f2-43a9-bb74-0baf269e9625-GrpcLogAppender: appendEntries Timeout, request=fbfdc5e7-35fe-4dec-93a8-24c91dabe6d4->b3ae6e77-09f2-43a9-bb74-0baf269e9625#84-t1, previous=(t:1, i:10), leaderCommit=6, initializing? false, entries: <empty>
2019-09-11 06:31:10,060 [b3ae6e77-09f2-43a9-bb74-0baf269e9625@group-CAB34B64531B-StateMachineUpdater] INFO  ratis.ContainerStateMachine (ContainerStateMachine.java:takeSnapshot(300)) - group-CAB34B64531B: Finished taking a snapshot at:(t:1, i:4) file:/workdir/hadoop-ozone/integration-test/target/test-dir/MiniOzoneClusterImpl-9d70c5ba-4c04-47f2-8d5c-a3af1a60ee61/datanode-2/data/ratis/f7ee6abd-8b7b-4e6e-a17a-cab34b64531b/sm/snapshot.1_4 time:38
2019-09-11 06:31:10,060 [b3ae6e77-09f2-43a9-bb74-0baf269e9625@group-CAB34B64531B-StateMachineUpdater] INFO  impl.StateMachineUpdater (StateMachineUpdater.java:takeSnapshot(258)) - b3ae6e77-09f2-43a9-bb74-0baf269e9625@group-CAB34B64531B-StateMachineUpdater: Took a snapshot at index 4
2019-09-11 06:31:10,072 [b3ae6e77-09f2-43a9-bb74-0baf269e9625@group-CAB34B64531B-StateMachineUpdater] INFO  impl.StateMachineUpdater (StateMachineUpdater.java:lambda$new$0(83)) - b3ae6e77-09f2-43a9-bb74-0baf269e9625@group-CAB34B64531B-StateMachineUpdater: snapshotIndex: updateIncreasingly -1 -> 4
2019-09-11 06:31:10,082 [b3ae6e77-09f2-43a9-bb74-0baf269e9625@group-CAB34B64531B-StateMachineUpdater] INFO  ratis.ContainerStateMachine (ContainerStateMachine.java:takeSnapshot(289)) - group-CAB34B64531B: Taking a snapshot at:(t:1, i:4) file /workdir/hadoop-ozone/integration-test/target/test-dir/MiniOzoneClusterImpl-9d70c5ba-4c04-47f2-8d5c-a3af1a60ee61/datanode-2/data/ratis/f7ee6abd-8b7b-4e6e-a17a-cab34b64531b/sm/snapshot.1_4
2019-09-11 06:31:10,094 [b3ae6e77-09f2-43a9-bb74-0baf269e9625@group-CAB34B64531B-StateMachineUpdater] INFO  ratis.ContainerStateMachine (ContainerStateMachine.java:takeSnapshot(300)) - group-CAB34B64531B: Finished taking a snapshot at:(t:1, i:4) file:/workdir/hadoop-ozone/integration-test/target/test-dir/MiniOzoneClusterImpl-9d70c5ba-4c04-47f2-8d5c-a3af1a60ee61/datanode-2/data/ratis/f7ee6abd-8b7b-4e6e-a17a-cab34b64531b/sm/snapshot.1_4 time:12
2019-09-11 06:31:10,094 [b3ae6e77-09f2-43a9-bb74-0baf269e9625@group-CAB34B64531B-StateMachineUpdater] INFO  impl.StateMachineUpdater (StateMachineUpdater.java:takeSnapshot(258)) - b3ae6e77-09f2-43a9-bb74-0baf269e9625@group-CAB34B64531B-StateMachineUpdater: Took a snapshot at index 4
2019-09-11 06:31:10,094 [b3ae6e77-09f2-43a9-bb74-0baf269e9625@group-CAB34B64531B-StateMachineUpdater] INFO  impl.StateMachineUpdater (StateMachineUpdater.java:lambda$new$0(83)) - b3ae6e77-09f2-43a9-bb74-0baf269e9625@group-CAB34B64531B-StateMachineUpdater: snapshotIndex: updateIncreasingly 4 -> 4
2019-09-11 06:31:10,095 [grpc-default-executor-5] INFO  impl.RaftServerImpl (ServerState.java:close(385)) - b3ae6e77-09f2-43a9-bb74-0baf269e9625@group-CAB34B64531B: closes. applyIndex: 6
2019-09-11 06:31:10,105 [b3ae6e77-09f2-43a9-bb74-0baf269e9625@group-CAB34B64531B-SegmentedRaftLogWorker] ERROR ratis.XceiverServerRatis (XceiverServerRatis.java:triggerPipelineClose(568)) - pipeline Action CLOSE  on pipeline PipelineID=f7ee6abd-8b7b-4e6e-a17a-cab34b64531b.Reason : WriteLog:8: (t:1, i:8), STATEMACHINELOGENTRY, client-DDC0476EEFF3, cid=22-writeStateMachineData interrupted.
2019-09-11 06:31:10,110 [EventQueue-PipelineActionsForPipelineActionHandler] ERROR pipeline.PipelineActionHandler (PipelineActionHandler.java:onMessage(60)) - Received pipeline action CLOSE for Pipeline[ Id: f7ee6abd-8b7b-4e6e-a17a-cab34b64531b, Nodes: b3ae6e77-09f2-43a9-bb74-0baf269e9625{ip: 192.168.36.125, host: trunk-nightly-20190911-vpfxm-1000144475, networkLocation: /default-rack, certSerialId: null}fbfdc5e7-35fe-4dec-93a8-24c91dabe6d4{ip: 192.168.36.125, host: trunk-nightly-20190911-vpfxm-1000144475, networkLocation: /default-rack, certSerialId: null}16d0fe26-9857-4477-8b2c-205100b6d095{ip: 192.168.36.125, host: trunk-nightly-20190911-vpfxm-1000144475, networkLocation: /default-rack, certSerialId: null}, Type:RATIS, Factor:THREE, State:CLOSED] from datanode b3ae6e77-09f2-43a9-bb74-0baf269e9625{ip: 192.168.36.125, host: trunk-nightly-20190911-vpfxm-1000144475, networkLocation: /default-rack, certSerialId: null}. Reason : WriteLog:8: (t:1, i:8), STATEMACHINELOGENTRY, client-DDC0476EEFF3, cid=22-writeStateMachineData interrupted.
2019-09-11 06:31:10,110 [EventQueue-PipelineActionsForPipelineActionHandler] INFO  pipeline.SCMPipelineManager (SCMPipelineManager.java:finalizeAndDestroyPipeline(311)) - destroying pipeline:Pipeline[ Id: f7ee6abd-8b7b-4e6e-a17a-cab34b64531b, Nodes: b3ae6e77-09f2-43a9-bb74-0baf269e9625{ip: 192.168.36.125, host: trunk-nightly-20190911-vpfxm-1000144475, networkLocation: /default-rack, certSerialId: null}fbfdc5e7-35fe-4dec-93a8-24c91dabe6d4{ip: 192.168.36.125, host: trunk-nightly-20190911-vpfxm-1000144475, networkLocation: /default-rack, certSerialId: null}16d0fe26-9857-4477-8b2c-205100b6d095{ip: 192.168.36.125, host: trunk-nightly-20190911-vpfxm-1000144475, networkLocation: /default-rack, certSerialId: null}, Type:RATIS, Factor:THREE, State:CLOSED]
2019-09-11 06:31:10,120 [grpc-default-executor-5] INFO  segmented.SegmentedRaftLogWorker (SegmentedRaftLogWorker.java:close(228)) - b3ae6e77-09f2-43a9-bb74-0baf269e9625@group-CAB34B64531B-SegmentedRaftLogWorker close()
2019-09-11 06:31:10,143 [grpc-default-executor-5] INFO  interfaces.Container (KeyValueContainer.java:flushAndSyncDB(386)) - Container 1 is synced with bcsId 4.
2019-09-11 06:31:10,143 [grpc-default-executor-5] INFO  interfaces.Container (KeyValueContainer.java:flushAndSyncDB(386)) - Container 1 is synced with bcsId 4.
2019-09-11 06:31:10,157 [EventQueue-IncrementalContainerReportForIncrementalContainerReportHandler] INFO  container.IncrementalContainerReportHandler (AbstractContainerReportHandler.java:updateContainerState(169)) - Moving container #1 to QUASI_CLOSED state, datanode b3ae6e77-09f2-43a9-bb74-0baf269e9625{ip: 192.168.36.125, host: trunk-nightly-20190911-vpfxm-1000144475, networkLocation: /default-rack, certSerialId: null} reported QUASI_CLOSED replica.
2019-09-11 06:31:10,207 [grpc-default-executor-5] INFO  interfaces.Container (KeyValueContainer.java:flushAndSyncDB(386)) - Container 3 is synced with bcsId 0.
2019-09-11 06:31:10,208 [grpc-default-executor-5] INFO  interfaces.Container (KeyValueContainer.java:flushAndSyncDB(386)) - Container 3 is synced with bcsId 0.
2019-09-11 06:31:10,224 [EventQueue-IncrementalContainerReportForIncrementalContainerReportHandler] INFO  container.IncrementalContainerReportHandler (AbstractContainerReportHandler.java:updateContainerState(169)) - Moving container #3 to QUASI_CLOSED state, datanode b3ae6e77-09f2-43a9-bb74-0baf269e9625{ip: 192.168.36.125, host: trunk-nightly-20190911-vpfxm-1000144475, networkLocation: /default-rack, certSerialId: null} reported QUASI_CLOSED replica.
2019-09-11 06:31:10,234 [grpc-default-executor-5] INFO  impl.RaftServerProxy (RaftServerProxy.java:remove(95)) - fbfdc5e7-35fe-4dec-93a8-24c91dabe6d4: remove    LEADER fbfdc5e7-35fe-4dec-93a8-24c91dabe6d4@group-CAB34B64531B:t1, leader=fbfdc5e7-35fe-4dec-93a8-24c91dabe6d4, voted=fbfdc5e7-35fe-4dec-93a8-24c91dabe6d4, raftlog=fbfdc5e7-35fe-4dec-93a8-24c91dabe6d4@group-CAB34B64531B-SegmentedRaftLog:OPENED:c6,f6,i10, conf=0: [b3ae6e77-09f2-43a9-bb74-0baf269e9625:192.168.36.125:37266, 16d0fe26-9857-4477-8b2c-205100b6d095:192.168.36.125:33180, fbfdc5e7-35fe-4dec-93a8-24c91dabe6d4:192.168.36.125:35103], old=null RUNNING
2019-09-11 06:31:10,235 [grpc-default-executor-5] INFO  impl.RaftServerImpl (RaftServerImpl.java:lambda$shutdown$3(251)) - fbfdc5e7-35fe-4dec-93a8-24c91dabe6d4@group-CAB34B64531B: shutdown
2019-09-11 06:31:10,235 [grpc-default-executor-5] INFO  util.JmxRegister (JmxRegister.java:unregister(73)) - Successfully un-registered JMX Bean with object name Ratis:service=RaftServer,group=group-CAB34B64531B,id=fbfdc5e7-35fe-4dec-93a8-24c91dabe6d4
2019-09-11 06:31:10,235 [grpc-default-executor-5] INFO  impl.RoleInfo (RoleInfo.java:shutdownLeaderState(104)) - fbfdc5e7-35fe-4dec-93a8-24c91dabe6d4: shutdown LeaderState
2019-09-11 06:31:10,240 [grpc-default-executor-5] INFO  impl.PendingRequests (PendingRequests.java:sendNotLeaderResponses(202)) - fbfdc5e7-35fe-4dec-93a8-24c91dabe6d4-PendingRequests: sendNotLeaderResponses
2019-09-11 06:31:10,240 [org.apache.ratis.server.impl.LogAppender$AppenderDaemon$$Lambda$521/1122258981@41c91151] WARN  server.GrpcLogAppender (GrpcLogAppender.java:mayWait(143)) - fbfdc5e7-35fe-4dec-93a8-24c91dabe6d4@group-CAB34B64531B->b3ae6e77-09f2-43a9-bb74-0baf269e9625-GrpcLogAppender: Wait interrupted by java.lang.InterruptedException
2019-09-11 06:31:10,240 [org.apache.ratis.server.impl.LogAppender$AppenderDaemon$$Lambda$521/1122258981@4ac226bc] WARN  server.GrpcLogAppender (GrpcLogAppender.java:mayWait(143)) - fbfdc5e7-35fe-4dec-93a8-24c91dabe6d4@group-CAB34B64531B->16d0fe26-9857-4477-8b2c-205100b6d095-GrpcLogAppender: Wait interrupted by java.lang.InterruptedException
2019-09-11 06:31:10,242 [grpc-default-executor-7] INFO  server.GrpcServerProtocolService (GrpcServerProtocolService.java:onCompleted(113)) - b3ae6e77-09f2-43a9-bb74-0baf269e9625: Completed APPEND_ENTRIES, lastRequest: fbfdc5e7-35fe-4dec-93a8-24c91dabe6d4->b3ae6e77-09f2-43a9-bb74-0baf269e9625#85-t1, previous=(t:1, i:10), leaderCommit=6, initializing? false, entries: <empty>
2019-09-11 06:31:10,242 [grpc-default-executor-8] INFO  server.GrpcServerProtocolService (GrpcServerProtocolService.java:onCompleted(113)) - 16d0fe26-9857-4477-8b2c-205100b6d095: Completed APPEND_ENTRIES, lastRequest: fbfdc5e7-35fe-4dec-93a8-24c91dabe6d4->16d0fe26-9857-4477-8b2c-205100b6d095#85-t1, previous=(t:1, i:10), leaderCommit=6, initializing? false, entries: <empty>
2019-09-11 06:31:10,244 [grpc-default-executor-7] INFO  server.GrpcLogAppender (GrpcLogAppender.java:onCompleted(293)) - fbfdc5e7-35fe-4dec-93a8-24c91dabe6d4@group-CAB34B64531B->b3ae6e77-09f2-43a9-bb74-0baf269e9625-AppendLogResponseHandler: follower responses appendEntries COMPLETED
2019-09-11 06:31:10,244 [grpc-default-executor-8] INFO  server.GrpcLogAppender (GrpcLogAppender.java:onCompleted(293)) - fbfdc5e7-35fe-4dec-93a8-24c91dabe6d4@group-CAB34B64531B->16d0fe26-9857-4477-8b2c-205100b6d095-AppendLogResponseHandler: follower responses appendEntries COMPLETED
2019-09-11 06:31:10,246 [grpc-default-executor-7] INFO  impl.FollowerInfo (FollowerInfo.java:lambda$new$0(51)) - fbfdc5e7-35fe-4dec-93a8-24c91dabe6d4@group-CAB34B64531B->b3ae6e77-09f2-43a9-bb74-0baf269e9625: nextIndex: updateUnconditionally 11 -> 7
2019-09-11 06:31:10,246 [grpc-default-executor-8] INFO  impl.FollowerInfo (FollowerInfo.java:lambda$new$0(51)) - fbfdc5e7-35fe-4dec-93a8-24c91dabe6d4@group-CAB34B64531B->16d0fe26-9857-4477-8b2c-205100b6d095: nextIndex: updateUnconditionally 11 -> 7
2019-09-11 06:31:10,253 [grpc-default-executor-5] INFO  impl.StateMachineUpdater (StateMachineUpdater.java:stopAndJoin(125)) - fbfdc5e7-35fe-4dec-93a8-24c91dabe6d4@group-CAB34B64531B-StateMachineUpdater: set stopIndex = 6
2019-09-11 06:31:10,255 [fbfdc5e7-35fe-4dec-93a8-24c91dabe6d4@group-CAB34B64531B-StateMachineUpdater] INFO  ratis.ContainerStateMachine (ContainerStateMachine.java:takeSnapshot(289)) - group-CAB34B64531B: Taking a snapshot at:(t:1, i:6) file /workdir/hadoop-ozone/integration-test/target/test-dir/MiniOzoneClusterImpl-9d70c5ba-4c04-47f2-8d5c-a3af1a60ee61/datanode-5/data/ratis/f7ee6abd-8b7b-4e6e-a17a-cab34b64531b/sm/snapshot.1_6
2019-09-11 06:31:10,258 [Command processor thread] ERROR commandhandler.CloseContainerCommandHandler (CloseContainerCommandHandler.java:handle(125)) - Can't close container #3
java.io.IOException: org.apache.ratis.protocol.GroupMismatchException: fbfdc5e7-35fe-4dec-93a8-24c91dabe6d4: group-CAB34B64531B not found.
	at org.apache.hadoop.ozone.container.common.transport.server.ratis.XceiverServerRatis.submitRequest(XceiverServerRatis.java:495)
	at org.apache.hadoop.ozone.container.common.statemachine.commandhandler.CloseContainerCommandHandler.handle(CloseContainerCommandHandler.java:102)
	at org.apache.hadoop.ozone.container.common.statemachine.commandhandler.CommandDispatcher.handle(CommandDispatcher.java:99)
	at org.apache.hadoop.ozone.container.common.statemachine.DatanodeStateMachine.lambda$initCommandHandlerThread$1(DatanodeStateMachine.java:432)
	at java.lang.Thread.run(Thread.java:748)
Caused by: java.util.concurrent.ExecutionException: org.apache.ratis.protocol.GroupMismatchException: fbfdc5e7-35fe-4dec-93a8-24c91dabe6d4: group-CAB34B64531B not found.
	at java.util.concurrent.CompletableFuture.reportGet(CompletableFuture.java:357)
	at java.util.concurrent.CompletableFuture.get(CompletableFuture.java:1895)
	at org.apache.hadoop.ozone.container.common.transport.server.ratis.XceiverServerRatis.submitRequest(XceiverServerRatis.java:493)
	... 4 more
Caused by: org.apache.ratis.protocol.GroupMismatchException: fbfdc5e7-35fe-4dec-93a8-24c91dabe6d4: group-CAB34B64531B not found.
	at org.apache.ratis.server.impl.RaftServerProxy$ImplMap.get(RaftServerProxy.java:122)
	at org.apache.ratis.server.impl.RaftServerProxy.getImplFuture(RaftServerProxy.java:269)
	at org.apache.ratis.server.impl.RaftServerProxy.submitRequest(RaftServerProxy.java:327)
	at org.apache.ratis.server.impl.RaftServerProxy.submitClientRequestAsync(RaftServerProxy.java:333)
	... 5 more
2019-09-11 06:31:10,259 [fbfdc5e7-35fe-4dec-93a8-24c91dabe6d4@group-CAB34B64531B-StateMachineUpdater] INFO  ratis.ContainerStateMachine (ContainerStateMachine.java:takeSnapshot(300)) - group-CAB34B64531B: Finished taking a snapshot at:(t:1, i:6) file:/workdir/hadoop-ozone/integration-test/target/test-dir/MiniOzoneClusterImpl-9d70c5ba-4c04-47f2-8d5c-a3af1a60ee61/datanode-5/data/ratis/f7ee6abd-8b7b-4e6e-a17a-cab34b64531b/sm/snapshot.1_6 time:4
2019-09-11 06:31:10,259 [fbfdc5e7-35fe-4dec-93a8-24c91dabe6d4@group-CAB34B64531B-StateMachineUpdater] INFO  impl.StateMachineUpdater (StateMachineUpdater.java:takeSnapshot(258)) - fbfdc5e7-35fe-4dec-93a8-24c91dabe6d4@group-CAB34B64531B-StateMachineUpdater: Took a snapshot at index 6
2019-09-11 06:31:10,259 [fbfdc5e7-35fe-4dec-93a8-24c91dabe6d4@group-CAB34B64531B-StateMachineUpdater] INFO  impl.StateMachineUpdater (StateMachineUpdater.java:lambda$new$0(83)) - fbfdc5e7-35fe-4dec-93a8-24c91dabe6d4@group-CAB34B64531B-StateMachineUpdater: snapshotIndex: updateIncreasingly -1 -> 6
2019-09-11 06:31:10,260 [grpc-default-executor-5] INFO  impl.RaftServerImpl (ServerState.java:close(385)) - fbfdc5e7-35fe-4dec-93a8-24c91dabe6d4@group-CAB34B64531B: closes. applyIndex: 6
2019-09-11 06:31:10,260 [fbfdc5e7-35fe-4dec-93a8-24c91dabe6d4@group-CAB34B64531B-SegmentedRaftLogWorker] ERROR ratis.XceiverServerRatis (XceiverServerRatis.java:triggerPipelineClose(568)) - pipeline Action CLOSE  on pipeline PipelineID=f7ee6abd-8b7b-4e6e-a17a-cab34b64531b.Reason : WriteLog:8: (t:1, i:8), STATEMACHINELOGENTRY, client-DDC0476EEFF3, cid=22-writeStateMachineData interrupted.
2019-09-11 06:31:10,263 [EventQueue-PipelineActionsForPipelineActionHandler] ERROR pipeline.PipelineActionHandler (PipelineActionHandler.java:onMessage(60)) - Received pipeline action CLOSE for Pipeline[ Id: f7ee6abd-8b7b-4e6e-a17a-cab34b64531b, Nodes: b3ae6e77-09f2-43a9-bb74-0baf269e9625{ip: 192.168.36.125, host: trunk-nightly-20190911-vpfxm-1000144475, networkLocation: /default-rack, certSerialId: null}fbfdc5e7-35fe-4dec-93a8-24c91dabe6d4{ip: 192.168.36.125, host: trunk-nightly-20190911-vpfxm-1000144475, networkLocation: /default-rack, certSerialId: null}16d0fe26-9857-4477-8b2c-205100b6d095{ip: 192.168.36.125, host: trunk-nightly-20190911-vpfxm-1000144475, networkLocation: /default-rack, certSerialId: null}, Type:RATIS, Factor:THREE, State:CLOSED] from datanode fbfdc5e7-35fe-4dec-93a8-24c91dabe6d4{ip: 192.168.36.125, host: trunk-nightly-20190911-vpfxm-1000144475, networkLocation: /default-rack, certSerialId: null}. Reason : WriteLog:8: (t:1, i:8), STATEMACHINELOGENTRY, client-DDC0476EEFF3, cid=22-writeStateMachineData interrupted.
2019-09-11 06:31:10,263 [EventQueue-PipelineActionsForPipelineActionHandler] INFO  pipeline.SCMPipelineManager (SCMPipelineManager.java:finalizeAndDestroyPipeline(311)) - destroying pipeline:Pipeline[ Id: f7ee6abd-8b7b-4e6e-a17a-cab34b64531b, Nodes: b3ae6e77-09f2-43a9-bb74-0baf269e9625{ip: 192.168.36.125, host: trunk-nightly-20190911-vpfxm-1000144475, networkLocation: /default-rack, certSerialId: null}fbfdc5e7-35fe-4dec-93a8-24c91dabe6d4{ip: 192.168.36.125, host: trunk-nightly-20190911-vpfxm-1000144475, networkLocation: /default-rack, certSerialId: null}16d0fe26-9857-4477-8b2c-205100b6d095{ip: 192.168.36.125, host: trunk-nightly-20190911-vpfxm-1000144475, networkLocation: /default-rack, certSerialId: null}, Type:RATIS, Factor:THREE, State:CLOSED]
2019-09-11 06:31:10,264 [grpc-default-executor-5] INFO  segmented.SegmentedRaftLogWorker (SegmentedRaftLogWorker.java:close(228)) - fbfdc5e7-35fe-4dec-93a8-24c91dabe6d4@group-CAB34B64531B-SegmentedRaftLogWorker close()
2019-09-11 06:31:10,271 [grpc-default-executor-5] INFO  interfaces.Container (KeyValueContainer.java:flushAndSyncDB(386)) - Container 1 is synced with bcsId 4.
2019-09-11 06:31:10,271 [grpc-default-executor-5] INFO  interfaces.Container (KeyValueContainer.java:flushAndSyncDB(386)) - Container 1 is synced with bcsId 4.
2019-09-11 06:31:10,322 [grpc-default-executor-5] INFO  interfaces.Container (KeyValueContainer.java:flushAndSyncDB(386)) - Container 3 is synced with bcsId 0.
2019-09-11 06:31:10,323 [grpc-default-executor-5] INFO  interfaces.Container (KeyValueContainer.java:flushAndSyncDB(386)) - Container 3 is synced with bcsId 0.
2019-09-11 06:31:10,348 [grpc-default-executor-5] INFO  impl.RaftServerProxy (RaftServerProxy.java:remove(95)) - 16d0fe26-9857-4477-8b2c-205100b6d095: remove  FOLLOWER 16d0fe26-9857-4477-8b2c-205100b6d095@group-CAB34B64531B:t1, leader=fbfdc5e7-35fe-4dec-93a8-24c91dabe6d4, voted=fbfdc5e7-35fe-4dec-93a8-24c91dabe6d4, raftlog=16d0fe26-9857-4477-8b2c-205100b6d095@group-CAB34B64531B-SegmentedRaftLog:OPENED:c6,f6,i10, conf=0: [b3ae6e77-09f2-43a9-bb74-0baf269e9625:192.168.36.125:37266, 16d0fe26-9857-4477-8b2c-205100b6d095:192.168.36.125:33180, fbfdc5e7-35fe-4dec-93a8-24c91dabe6d4:192.168.36.125:35103], old=null RUNNING
2019-09-11 06:31:10,349 [grpc-default-executor-5] INFO  impl.RaftServerImpl (RaftServerImpl.java:lambda$shutdown$3(251)) - 16d0fe26-9857-4477-8b2c-205100b6d095@group-CAB34B64531B: shutdown
2019-09-11 06:31:10,349 [grpc-default-executor-5] INFO  util.JmxRegister (JmxRegister.java:unregister(73)) - Successfully un-registered JMX Bean with object name Ratis:service=RaftServer,group=group-CAB34B64531B,id=16d0fe26-9857-4477-8b2c-205100b6d095
2019-09-11 06:31:10,349 [grpc-default-executor-5] INFO  impl.RoleInfo (RoleInfo.java:shutdownFollowerState(121)) - 16d0fe26-9857-4477-8b2c-205100b6d095: shutdown FollowerState
2019-09-11 06:31:10,349 [grpc-default-executor-5] INFO  impl.StateMachineUpdater (StateMachineUpdater.java:stopAndJoin(125)) - 16d0fe26-9857-4477-8b2c-205100b6d095@group-CAB34B64531B-StateMachineUpdater: set stopIndex = 6
2019-09-11 06:31:10,349 [Thread-309] INFO  impl.FollowerState (FollowerState.java:run(115)) - 16d0fe26-9857-4477-8b2c-205100b6d095: FollowerState was interrupted: java.lang.InterruptedException: sleep interrupted
2019-09-11 06:31:10,349 [16d0fe26-9857-4477-8b2c-205100b6d095@group-CAB34B64531B-StateMachineUpdater] INFO  ratis.ContainerStateMachine (ContainerStateMachine.java:takeSnapshot(289)) - group-CAB34B64531B: Taking a snapshot at:(t:1, i:4) file /workdir/hadoop-ozone/integration-test/target/test-dir/MiniOzoneClusterImpl-9d70c5ba-4c04-47f2-8d5c-a3af1a60ee61/datanode-6/data/ratis/f7ee6abd-8b7b-4e6e-a17a-cab34b64531b/sm/snapshot.1_4
2019-09-11 06:31:10,355 [16d0fe26-9857-4477-8b2c-205100b6d095@group-CAB34B64531B-StateMachineUpdater] INFO  ratis.ContainerStateMachine (ContainerStateMachine.java:takeSnapshot(300)) - group-CAB34B64531B: Finished taking a snapshot at:(t:1, i:4) file:/workdir/hadoop-ozone/integration-test/target/test-dir/MiniOzoneClusterImpl-9d70c5ba-4c04-47f2-8d5c-a3af1a60ee61/datanode-6/data/ratis/f7ee6abd-8b7b-4e6e-a17a-cab34b64531b/sm/snapshot.1_4 time:5
2019-09-11 06:31:10,355 [16d0fe26-9857-4477-8b2c-205100b6d095@group-CAB34B64531B-StateMachineUpdater] INFO  impl.StateMachineUpdater (StateMachineUpdater.java:takeSnapshot(258)) - 16d0fe26-9857-4477-8b2c-205100b6d095@group-CAB34B64531B-StateMachineUpdater: Took a snapshot at index 4
2019-09-11 06:31:10,355 [16d0fe26-9857-4477-8b2c-205100b6d095@group-CAB34B64531B-StateMachineUpdater] INFO  impl.StateMachineUpdater (StateMachineUpdater.java:lambda$new$0(83)) - 16d0fe26-9857-4477-8b2c-205100b6d095@group-CAB34B64531B-StateMachineUpdater: snapshotIndex: updateIncreasingly -1 -> 4
2019-09-11 06:31:10,355 [16d0fe26-9857-4477-8b2c-205100b6d095@group-CAB34B64531B-StateMachineUpdater] INFO  ratis.ContainerStateMachine (ContainerStateMachine.java:takeSnapshot(289)) - group-CAB34B64531B: Taking a snapshot at:(t:1, i:4) file /workdir/hadoop-ozone/integration-test/target/test-dir/MiniOzoneClusterImpl-9d70c5ba-4c04-47f2-8d5c-a3af1a60ee61/datanode-6/data/ratis/f7ee6abd-8b7b-4e6e-a17a-cab34b64531b/sm/snapshot.1_4
2019-09-11 06:31:10,366 [16d0fe26-9857-4477-8b2c-205100b6d095@group-CAB34B64531B-StateMachineUpdater] INFO  ratis.ContainerStateMachine (ContainerStateMachine.java:takeSnapshot(300)) - group-CAB34B64531B: Finished taking a snapshot at:(t:1, i:4) file:/workdir/hadoop-ozone/integration-test/target/test-dir/MiniOzoneClusterImpl-9d70c5ba-4c04-47f2-8d5c-a3af1a60ee61/datanode-6/data/ratis/f7ee6abd-8b7b-4e6e-a17a-cab34b64531b/sm/snapshot.1_4 time:11
2019-09-11 06:31:10,366 [16d0fe26-9857-4477-8b2c-205100b6d095@group-CAB34B64531B-StateMachineUpdater] INFO  impl.StateMachineUpdater (StateMachineUpdater.java:takeSnapshot(258)) - 16d0fe26-9857-4477-8b2c-205100b6d095@group-CAB34B64531B-StateMachineUpdater: Took a snapshot at index 4
2019-09-11 06:31:10,366 [16d0fe26-9857-4477-8b2c-205100b6d095@group-CAB34B64531B-StateMachineUpdater] INFO  impl.StateMachineUpdater (StateMachineUpdater.java:lambda$new$0(83)) - 16d0fe26-9857-4477-8b2c-205100b6d095@group-CAB34B64531B-StateMachineUpdater: snapshotIndex: updateIncreasingly 4 -> 4
2019-09-11 06:31:10,366 [grpc-default-executor-5] INFO  impl.RaftServerImpl (ServerState.java:close(385)) - 16d0fe26-9857-4477-8b2c-205100b6d095@group-CAB34B64531B: closes. applyIndex: 6
2019-09-11 06:31:10,367 [16d0fe26-9857-4477-8b2c-205100b6d095@group-CAB34B64531B-SegmentedRaftLogWorker] ERROR ratis.XceiverServerRatis (XceiverServerRatis.java:triggerPipelineClose(568)) - pipeline Action CLOSE  on pipeline PipelineID=f7ee6abd-8b7b-4e6e-a17a-cab34b64531b.Reason : WriteLog:8: (t:1, i:8), STATEMACHINELOGENTRY, client-DDC0476EEFF3, cid=22-writeStateMachineData interrupted.
2019-09-11 06:31:10,372 [EventQueue-PipelineActionsForPipelineActionHandler] ERROR pipeline.PipelineActionHandler (PipelineActionHandler.java:onMessage(60)) - Received pipeline action CLOSE for Pipeline[ Id: f7ee6abd-8b7b-4e6e-a17a-cab34b64531b, Nodes: b3ae6e77-09f2-43a9-bb74-0baf269e9625{ip: 192.168.36.125, host: trunk-nightly-20190911-vpfxm-1000144475, networkLocation: /default-rack, certSerialId: null}fbfdc5e7-35fe-4dec-93a8-24c91dabe6d4{ip: 192.168.36.125, host: trunk-nightly-20190911-vpfxm-1000144475, networkLocation: /default-rack, certSerialId: null}16d0fe26-9857-4477-8b2c-205100b6d095{ip: 192.168.36.125, host: trunk-nightly-20190911-vpfxm-1000144475, networkLocation: /default-rack, certSerialId: null}, Type:RATIS, Factor:THREE, State:CLOSED] from datanode 16d0fe26-9857-4477-8b2c-205100b6d095{ip: 192.168.36.125, host: trunk-nightly-20190911-vpfxm-1000144475, networkLocation: /default-rack, certSerialId: null}. Reason : WriteLog:8: (t:1, i:8), STATEMACHINELOGENTRY, client-DDC0476EEFF3, cid=22-writeStateMachineData interrupted.
2019-09-11 06:31:10,372 [EventQueue-PipelineActionsForPipelineActionHandler] INFO  pipeline.SCMPipelineManager (SCMPipelineManager.java:finalizeAndDestroyPipeline(311)) - destroying pipeline:Pipeline[ Id: f7ee6abd-8b7b-4e6e-a17a-cab34b64531b, Nodes: b3ae6e77-09f2-43a9-bb74-0baf269e9625{ip: 192.168.36.125, host: trunk-nightly-20190911-vpfxm-1000144475, networkLocation: /default-rack, certSerialId: null}fbfdc5e7-35fe-4dec-93a8-24c91dabe6d4{ip: 192.168.36.125, host: trunk-nightly-20190911-vpfxm-1000144475, networkLocation: /default-rack, certSerialId: null}16d0fe26-9857-4477-8b2c-205100b6d095{ip: 192.168.36.125, host: trunk-nightly-20190911-vpfxm-1000144475, networkLocation: /default-rack, certSerialId: null}, Type:RATIS, Factor:THREE, State:CLOSED]
2019-09-11 06:31:10,381 [grpc-default-executor-5] INFO  segmented.SegmentedRaftLogWorker (SegmentedRaftLogWorker.java:close(228)) - 16d0fe26-9857-4477-8b2c-205100b6d095@group-CAB34B64531B-SegmentedRaftLogWorker close()
2019-09-11 06:31:10,388 [grpc-default-executor-5] INFO  interfaces.Container (KeyValueContainer.java:flushAndSyncDB(386)) - Container 1 is synced with bcsId 4.
2019-09-11 06:31:10,388 [grpc-default-executor-5] INFO  interfaces.Container (KeyValueContainer.java:flushAndSyncDB(386)) - Container 1 is synced with bcsId 4.
2019-09-11 06:31:10,454 [grpc-default-executor-5] INFO  interfaces.Container (KeyValueContainer.java:flushAndSyncDB(386)) - Container 3 is synced with bcsId 0.
2019-09-11 06:31:10,455 [grpc-default-executor-5] INFO  interfaces.Container (KeyValueContainer.java:flushAndSyncDB(386)) - Container 3 is synced with bcsId 0.
2019-09-11 06:31:10,474 [RatisPipelineUtilsThread] INFO  pipeline.PipelineStateManager (PipelineStateManager.java:removePipeline(108)) - Pipeline Pipeline[ Id: f7ee6abd-8b7b-4e6e-a17a-cab34b64531b, Nodes: b3ae6e77-09f2-43a9-bb74-0baf269e9625{ip: 192.168.36.125, host: trunk-nightly-20190911-vpfxm-1000144475, networkLocation: /default-rack, certSerialId: null}fbfdc5e7-35fe-4dec-93a8-24c91dabe6d4{ip: 192.168.36.125, host: trunk-nightly-20190911-vpfxm-1000144475, networkLocation: /default-rack, certSerialId: null}16d0fe26-9857-4477-8b2c-205100b6d095{ip: 192.168.36.125, host: trunk-nightly-20190911-vpfxm-1000144475, networkLocation: /default-rack, certSerialId: null}, Type:RATIS, Factor:THREE, State:CLOSED] removed from db
2019-09-11 06:31:10,492 [grpc-default-executor-5] INFO  impl.RaftServerProxy (RaftServerProxy.java:addNew(89)) - 16d0fe26-9857-4477-8b2c-205100b6d095: addNew group-B428A23D2245:[b3ae6e77-09f2-43a9-bb74-0baf269e9625:192.168.36.125:37266, 16d0fe26-9857-4477-8b2c-205100b6d095:192.168.36.125:33180, fbfdc5e7-35fe-4dec-93a8-24c91dabe6d4:192.168.36.125:35103] returns group-B428A23D2245:java.util.concurrent.CompletableFuture@34db294a[Not completed]
2019-09-11 06:31:10,494 [grpc-default-executor-7] INFO  impl.RaftServerProxy (RaftServerProxy.java:addNew(89)) - b3ae6e77-09f2-43a9-bb74-0baf269e9625: addNew group-B428A23D2245:[b3ae6e77-09f2-43a9-bb74-0baf269e9625:192.168.36.125:37266, 16d0fe26-9857-4477-8b2c-205100b6d095:192.168.36.125:33180, fbfdc5e7-35fe-4dec-93a8-24c91dabe6d4:192.168.36.125:35103] returns group-B428A23D2245:java.util.concurrent.CompletableFuture@2a1b5f1f[Not completed]
2019-09-11 06:31:10,494 [grpc-default-executor-8] INFO  impl.RaftServerProxy (RaftServerProxy.java:addNew(89)) - fbfdc5e7-35fe-4dec-93a8-24c91dabe6d4: addNew group-B428A23D2245:[b3ae6e77-09f2-43a9-bb74-0baf269e9625:192.168.36.125:37266, 16d0fe26-9857-4477-8b2c-205100b6d095:192.168.36.125:33180, fbfdc5e7-35fe-4dec-93a8-24c91dabe6d4:192.168.36.125:35103] returns group-B428A23D2245:java.util.concurrent.CompletableFuture@52cd3021[Not completed]
2019-09-11 06:31:10,497 [pool-87-thread-1] INFO  impl.RaftServerImpl (RaftServerImpl.java:<init>(95)) - 16d0fe26-9857-4477-8b2c-205100b6d095: new RaftServerImpl for group-B428A23D2245:[b3ae6e77-09f2-43a9-bb74-0baf269e9625:192.168.36.125:37266, 16d0fe26-9857-4477-8b2c-205100b6d095:192.168.36.125:33180, fbfdc5e7-35fe-4dec-93a8-24c91dabe6d4:192.168.36.125:35103] with ContainerStateMachine:uninitialized
2019-09-11 06:31:10,497 [pool-87-thread-1] INFO  server.RaftServerConfigKeys (ConfUtils.java:logGet(43)) - raft.server.rpc.timeout.min = 5s (custom)
2019-09-11 06:31:10,498 [pool-87-thread-1] INFO  server.RaftServerConfigKeys (ConfUtils.java:logGet(43)) - raft.server.rpc.timeout.max = 5200ms (custom)
2019-09-11 06:31:10,498 [pool-87-thread-1] INFO  server.RaftServerConfigKeys (ConfUtils.java:logGet(43)) - raft.server.rpcslowness.timeout = 120s (custom)
2019-09-11 06:31:10,498 [pool-87-thread-1] INFO  server.RaftServerConfigKeys (ConfUtils.java:logGet(43)) - raft.server.sleep.deviation.threshold = 300 (default)
2019-09-11 06:31:10,498 [pool-87-thread-1] INFO  server.RaftServerConfigKeys (ConfUtils.java:logGet(43)) - raft.server.log.appender.install.snapshot.enabled = false (custom)
2019-09-11 06:31:10,498 [pool-87-thread-1] INFO  impl.RaftServerImpl (ServerState.java:<init>(103)) - 16d0fe26-9857-4477-8b2c-205100b6d095@group-B428A23D2245: ConfigurationManager, init=-1: [b3ae6e77-09f2-43a9-bb74-0baf269e9625:192.168.36.125:37266, 16d0fe26-9857-4477-8b2c-205100b6d095:192.168.36.125:33180, fbfdc5e7-35fe-4dec-93a8-24c91dabe6d4:192.168.36.125:35103], old=null, confs=<EMPTY_MAP>
2019-09-11 06:31:10,498 [pool-77-thread-1] INFO  impl.RaftServerImpl (RaftServerImpl.java:<init>(95)) - fbfdc5e7-35fe-4dec-93a8-24c91dabe6d4: new RaftServerImpl for group-B428A23D2245:[b3ae6e77-09f2-43a9-bb74-0baf269e9625:192.168.36.125:37266, 16d0fe26-9857-4477-8b2c-205100b6d095:192.168.36.125:33180, fbfdc5e7-35fe-4dec-93a8-24c91dabe6d4:192.168.36.125:35103] with ContainerStateMachine:uninitialized
2019-09-11 06:31:10,499 [pool-77-thread-1] INFO  server.RaftServerConfigKeys (ConfUtils.java:logGet(43)) - raft.server.rpc.timeout.min = 5s (custom)
2019-09-11 06:31:10,499 [pool-87-thread-1] INFO  server.RaftServerConfigKeys (ConfUtils.java:logGet(43)) - raft.server.storage.dir = [/workdir/hadoop-ozone/integration-test/target/test-dir/MiniOzoneClusterImpl-9d70c5ba-4c04-47f2-8d5c-a3af1a60ee61/datanode-6/data/ratis] (custom)
2019-09-11 06:31:10,499 [pool-77-thread-1] INFO  server.RaftServerConfigKeys (ConfUtils.java:logGet(43)) - raft.server.rpc.timeout.max = 5200ms (custom)
2019-09-11 06:31:10,499 [pool-77-thread-1] INFO  server.RaftServerConfigKeys (ConfUtils.java:logGet(43)) - raft.server.rpcslowness.timeout = 120s (custom)
2019-09-11 06:31:10,499 [pool-47-thread-1] INFO  impl.RaftServerImpl (RaftServerImpl.java:<init>(95)) - b3ae6e77-09f2-43a9-bb74-0baf269e9625: new RaftServerImpl for group-B428A23D2245:[b3ae6e77-09f2-43a9-bb74-0baf269e9625:192.168.36.125:37266, 16d0fe26-9857-4477-8b2c-205100b6d095:192.168.36.125:33180, fbfdc5e7-35fe-4dec-93a8-24c91dabe6d4:192.168.36.125:35103] with ContainerStateMachine:uninitialized
2019-09-11 06:31:10,499 [pool-87-thread-1] INFO  storage.RaftStorageDirectory (RaftStorageDirectory.java:analyzeStorage(246)) - The storage directory /workdir/hadoop-ozone/integration-test/target/test-dir/MiniOzoneClusterImpl-9d70c5ba-4c04-47f2-8d5c-a3af1a60ee61/datanode-6/data/ratis/1b05caeb-6612-4f13-8732-b428a23d2245 does not exist. Creating ...
2019-09-11 06:31:10,499 [pool-77-thread-1] INFO  server.RaftServerConfigKeys (ConfUtils.java:logGet(43)) - raft.server.sleep.deviation.threshold = 300 (default)
2019-09-11 06:31:10,499 [pool-47-thread-1] INFO  server.RaftServerConfigKeys (ConfUtils.java:logGet(43)) - raft.server.rpc.timeout.min = 5s (custom)
2019-09-11 06:31:10,500 [pool-77-thread-1] INFO  server.RaftServerConfigKeys (ConfUtils.java:logGet(43)) - raft.server.log.appender.install.snapshot.enabled = false (custom)
2019-09-11 06:31:10,500 [pool-47-thread-1] INFO  server.RaftServerConfigKeys (ConfUtils.java:logGet(43)) - raft.server.rpc.timeout.max = 5200ms (custom)
2019-09-11 06:31:10,500 [pool-77-thread-1] INFO  impl.RaftServerImpl (ServerState.java:<init>(103)) - fbfdc5e7-35fe-4dec-93a8-24c91dabe6d4@group-B428A23D2245: ConfigurationManager, init=-1: [b3ae6e77-09f2-43a9-bb74-0baf269e9625:192.168.36.125:37266, 16d0fe26-9857-4477-8b2c-205100b6d095:192.168.36.125:33180, fbfdc5e7-35fe-4dec-93a8-24c91dabe6d4:192.168.36.125:35103], old=null, confs=<EMPTY_MAP>
2019-09-11 06:31:10,500 [pool-47-thread-1] INFO  server.RaftServerConfigKeys (ConfUtils.java:logGet(43)) - raft.server.rpcslowness.timeout = 120s (custom)
2019-09-11 06:31:10,500 [pool-77-thread-1] INFO  server.RaftServerConfigKeys (ConfUtils.java:logGet(43)) - raft.server.storage.dir = [/workdir/hadoop-ozone/integration-test/target/test-dir/MiniOzoneClusterImpl-9d70c5ba-4c04-47f2-8d5c-a3af1a60ee61/datanode-5/data/ratis] (custom)
2019-09-11 06:31:10,500 [pool-47-thread-1] INFO  server.RaftServerConfigKeys (ConfUtils.java:logGet(43)) - raft.server.sleep.deviation.threshold = 300 (default)
2019-09-11 06:31:10,501 [pool-47-thread-1] INFO  server.RaftServerConfigKeys (ConfUtils.java:logGet(43)) - raft.server.log.appender.install.snapshot.enabled = false (custom)
2019-09-11 06:31:10,501 [pool-47-thread-1] INFO  impl.RaftServerImpl (ServerState.java:<init>(103)) - b3ae6e77-09f2-43a9-bb74-0baf269e9625@group-B428A23D2245: ConfigurationManager, init=-1: [b3ae6e77-09f2-43a9-bb74-0baf269e9625:192.168.36.125:37266, 16d0fe26-9857-4477-8b2c-205100b6d095:192.168.36.125:33180, fbfdc5e7-35fe-4dec-93a8-24c91dabe6d4:192.168.36.125:35103], old=null, confs=<EMPTY_MAP>
2019-09-11 06:31:10,501 [pool-77-thread-1] INFO  storage.RaftStorageDirectory (RaftStorageDirectory.java:analyzeStorage(246)) - The storage directory /workdir/hadoop-ozone/integration-test/target/test-dir/MiniOzoneClusterImpl-9d70c5ba-4c04-47f2-8d5c-a3af1a60ee61/datanode-5/data/ratis/1b05caeb-6612-4f13-8732-b428a23d2245 does not exist. Creating ...
2019-09-11 06:31:10,501 [pool-47-thread-1] INFO  server.RaftServerConfigKeys (ConfUtils.java:logGet(43)) - raft.server.storage.dir = [/workdir/hadoop-ozone/integration-test/target/test-dir/MiniOzoneClusterImpl-9d70c5ba-4c04-47f2-8d5c-a3af1a60ee61/datanode-2/data/ratis] (custom)
2019-09-11 06:31:10,501 [pool-47-thread-1] INFO  storage.RaftStorageDirectory (RaftStorageDirectory.java:analyzeStorage(246)) - The storage directory /workdir/hadoop-ozone/integration-test/target/test-dir/MiniOzoneClusterImpl-9d70c5ba-4c04-47f2-8d5c-a3af1a60ee61/datanode-2/data/ratis/1b05caeb-6612-4f13-8732-b428a23d2245 does not exist. Creating ...
2019-09-11 06:31:10,512 [pool-47-thread-1] INFO  storage.RaftStorageDirectory (RaftStorageDirectory.java:tryLock(328)) - Lock on /workdir/hadoop-ozone/integration-test/target/test-dir/MiniOzoneClusterImpl-9d70c5ba-4c04-47f2-8d5c-a3af1a60ee61/datanode-2/data/ratis/1b05caeb-6612-4f13-8732-b428a23d2245/in_use.lock acquired by nodename 15250@trunk-nightly-20190911-vpfxm-1000144475
2019-09-11 06:31:10,512 [pool-87-thread-1] INFO  storage.RaftStorageDirectory (RaftStorageDirectory.java:tryLock(328)) - Lock on /workdir/hadoop-ozone/integration-test/target/test-dir/MiniOzoneClusterImpl-9d70c5ba-4c04-47f2-8d5c-a3af1a60ee61/datanode-6/data/ratis/1b05caeb-6612-4f13-8732-b428a23d2245/in_use.lock acquired by nodename 15250@trunk-nightly-20190911-vpfxm-1000144475
2019-09-11 06:31:10,512 [pool-77-thread-1] INFO  storage.RaftStorageDirectory (RaftStorageDirectory.java:tryLock(328)) - Lock on /workdir/hadoop-ozone/integration-test/target/test-dir/MiniOzoneClusterImpl-9d70c5ba-4c04-47f2-8d5c-a3af1a60ee61/datanode-5/data/ratis/1b05caeb-6612-4f13-8732-b428a23d2245/in_use.lock acquired by nodename 15250@trunk-nightly-20190911-vpfxm-1000144475
2019-09-11 06:31:10,526 [pool-47-thread-1] INFO  storage.RaftStorage (RaftStorage.java:format(72)) - Storage directory /workdir/hadoop-ozone/integration-test/target/test-dir/MiniOzoneClusterImpl-9d70c5ba-4c04-47f2-8d5c-a3af1a60ee61/datanode-2/data/ratis/1b05caeb-6612-4f13-8732-b428a23d2245 has been successfully formatted.
2019-09-11 06:31:10,526 [pool-77-thread-1] INFO  storage.RaftStorage (RaftStorage.java:format(72)) - Storage directory /workdir/hadoop-ozone/integration-test/target/test-dir/MiniOzoneClusterImpl-9d70c5ba-4c04-47f2-8d5c-a3af1a60ee61/datanode-5/data/ratis/1b05caeb-6612-4f13-8732-b428a23d2245 has been successfully formatted.
2019-09-11 06:31:10,526 [pool-87-thread-1] INFO  storage.RaftStorage (RaftStorage.java:format(72)) - Storage directory /workdir/hadoop-ozone/integration-test/target/test-dir/MiniOzoneClusterImpl-9d70c5ba-4c04-47f2-8d5c-a3af1a60ee61/datanode-6/data/ratis/1b05caeb-6612-4f13-8732-b428a23d2245 has been successfully formatted.
2019-09-11 06:31:10,526 [pool-77-thread-1] INFO  ratis.ContainerStateMachine (ContainerStateMachine.java:loadSnapshot(230)) - group-B428A23D2245: The snapshot info is null. Setting the last applied indexto:(t:0, i:~)
2019-09-11 06:31:10,526 [pool-47-thread-1] INFO  ratis.ContainerStateMachine (ContainerStateMachine.java:loadSnapshot(230)) - group-B428A23D2245: The snapshot info is null. Setting the last applied indexto:(t:0, i:~)
2019-09-11 06:31:10,526 [pool-87-thread-1] INFO  ratis.ContainerStateMachine (ContainerStateMachine.java:loadSnapshot(230)) - group-B428A23D2245: The snapshot info is null. Setting the last applied indexto:(t:0, i:~)
2019-09-11 06:31:10,526 [pool-77-thread-1] INFO  server.RaftServerConfigKeys (ConfUtils.java:logGet(43)) - raft.server.notification.no-leader.timeout = 120s (custom)
2019-09-11 06:31:10,527 [pool-87-thread-1] INFO  server.RaftServerConfigKeys (ConfUtils.java:logGet(43)) - raft.server.notification.no-leader.timeout = 120s (custom)
2019-09-11 06:31:10,527 [pool-47-thread-1] INFO  server.RaftServerConfigKeys (ConfUtils.java:logGet(43)) - raft.server.notification.no-leader.timeout = 120s (custom)
2019-09-11 06:31:10,527 [pool-87-thread-1] INFO  server.RaftServerConfigKeys (ConfUtils.java:logGet(43)) - raft.server.log.use.memory = false (default)
2019-09-11 06:31:10,527 [pool-77-thread-1] INFO  server.RaftServerConfigKeys (ConfUtils.java:logGet(43)) - raft.server.log.use.memory = false (default)
2019-09-11 06:31:10,527 [pool-87-thread-1] INFO  server.RaftServerConfigKeys (ConfUtils.java:logGet(43)) - raft.server.log.purge.gap = 1000000 (custom)
2019-09-11 06:31:10,527 [pool-77-thread-1] INFO  server.RaftServerConfigKeys (ConfUtils.java:logGet(43)) - raft.server.log.purge.gap = 1000000 (custom)
2019-09-11 06:31:10,527 [pool-47-thread-1] INFO  server.RaftServerConfigKeys (ConfUtils.java:logGet(43)) - raft.server.log.use.memory = false (default)
2019-09-11 06:31:10,528 [pool-77-thread-1] INFO  server.RaftServerConfigKeys (ConfUtils.java:logGet(43)) - raft.server.log.appender.buffer.byte-limit = 33554432 (custom)
2019-09-11 06:31:10,528 [pool-87-thread-1] INFO  server.RaftServerConfigKeys (ConfUtils.java:logGet(43)) - raft.server.log.appender.buffer.byte-limit = 33554432 (custom)
2019-09-11 06:31:10,528 [pool-77-thread-1] INFO  server.RaftServerConfigKeys (ConfUtils.java:logGet(43)) - raft.server.log.segment.size.max = 1048576 (custom)
2019-09-11 06:31:10,528 [pool-47-thread-1] INFO  server.RaftServerConfigKeys (ConfUtils.java:logGet(43)) - raft.server.log.purge.gap = 1000000 (custom)
2019-09-11 06:31:10,528 [pool-77-thread-1] INFO  server.RaftServerConfigKeys (ConfUtils.java:logGet(43)) - raft.server.log.segment.cache.num.max = 2 (custom)
2019-09-11 06:31:10,528 [pool-87-thread-1] INFO  server.RaftServerConfigKeys (ConfUtils.java:logGet(43)) - raft.server.log.segment.size.max = 1048576 (custom)
2019-09-11 06:31:10,529 [pool-77-thread-1] INFO  segmented.SegmentedRaftLogWorker (SegmentedRaftLogWorker.java:<init>(172)) - new fbfdc5e7-35fe-4dec-93a8-24c91dabe6d4@group-B428A23D2245-SegmentedRaftLogWorker for RaftStorage:Storage Directory /workdir/hadoop-ozone/integration-test/target/test-dir/MiniOzoneClusterImpl-9d70c5ba-4c04-47f2-8d5c-a3af1a60ee61/datanode-5/data/ratis/1b05caeb-6612-4f13-8732-b428a23d2245
2019-09-11 06:31:10,529 [pool-47-thread-1] INFO  server.RaftServerConfigKeys (ConfUtils.java:logGet(43)) - raft.server.log.appender.buffer.byte-limit = 33554432 (custom)
2019-09-11 06:31:10,529 [pool-77-thread-1] INFO  server.RaftServerConfigKeys (ConfUtils.java:logGet(43)) - raft.server.log.queue.byte-limit = 2147483647 (custom)
2019-09-11 06:31:10,529 [pool-87-thread-1] INFO  server.RaftServerConfigKeys (ConfUtils.java:logGet(43)) - raft.server.log.segment.cache.num.max = 2 (custom)
2019-09-11 06:31:10,529 [pool-77-thread-1] INFO  server.RaftServerConfigKeys (ConfUtils.java:logGet(43)) - raft.server.log.queue.element-limit = 1024 (custom)
2019-09-11 06:31:10,529 [pool-47-thread-1] INFO  server.RaftServerConfigKeys (ConfUtils.java:logGet(43)) - raft.server.log.segment.size.max = 1048576 (custom)
2019-09-11 06:31:10,530 [pool-77-thread-1] INFO  server.RaftServerConfigKeys (ConfUtils.java:logGet(43)) - raft.server.log.segment.size.max = 1048576 (custom)
2019-09-11 06:31:10,530 [pool-87-thread-1] INFO  segmented.SegmentedRaftLogWorker (SegmentedRaftLogWorker.java:<init>(172)) - new 16d0fe26-9857-4477-8b2c-205100b6d095@group-B428A23D2245-SegmentedRaftLogWorker for RaftStorage:Storage Directory /workdir/hadoop-ozone/integration-test/target/test-dir/MiniOzoneClusterImpl-9d70c5ba-4c04-47f2-8d5c-a3af1a60ee61/datanode-6/data/ratis/1b05caeb-6612-4f13-8732-b428a23d2245
2019-09-11 06:31:10,530 [pool-77-thread-1] INFO  server.RaftServerConfigKeys (ConfUtils.java:logGet(43)) - raft.server.log.preallocated.size = 16384 (custom)
2019-09-11 06:31:10,530 [pool-47-thread-1] INFO  server.RaftServerConfigKeys (ConfUtils.java:logGet(43)) - raft.server.log.segment.cache.num.max = 2 (custom)
2019-09-11 06:31:10,530 [pool-77-thread-1] INFO  server.RaftServerConfigKeys (ConfUtils.java:logGet(43)) - raft.server.log.write.buffer.size = 33554432 (custom)
2019-09-11 06:31:10,530 [pool-87-thread-1] INFO  server.RaftServerConfigKeys (ConfUtils.java:logGet(43)) - raft.server.log.queue.byte-limit = 2147483647 (custom)
2019-09-11 06:31:10,531 [pool-77-thread-1] INFO  server.RaftServerConfigKeys (ConfUtils.java:logGet(43)) - raft.server.log.force.sync.num = 128 (default)
2019-09-11 06:31:10,531 [pool-47-thread-1] INFO  segmented.SegmentedRaftLogWorker (SegmentedRaftLogWorker.java:<init>(172)) - new b3ae6e77-09f2-43a9-bb74-0baf269e9625@group-B428A23D2245-SegmentedRaftLogWorker for RaftStorage:Storage Directory /workdir/hadoop-ozone/integration-test/target/test-dir/MiniOzoneClusterImpl-9d70c5ba-4c04-47f2-8d5c-a3af1a60ee61/datanode-2/data/ratis/1b05caeb-6612-4f13-8732-b428a23d2245
2019-09-11 06:31:10,531 [pool-77-thread-1] INFO  server.RaftServerConfigKeys (ConfUtils.java:logGet(43)) - raft.server.log.statemachine.data.sync = true (default)
2019-09-11 06:31:10,531 [pool-87-thread-1] INFO  server.RaftServerConfigKeys (ConfUtils.java:logGet(43)) - raft.server.log.queue.element-limit = 1024 (custom)
2019-09-11 06:31:10,531 [pool-77-thread-1] INFO  server.RaftServerConfigKeys (ConfUtils.java:logGet(43)) - raft.server.log.statemachine.data.sync.timeout = 10s (default)
2019-09-11 06:31:10,531 [pool-47-thread-1] INFO  server.RaftServerConfigKeys (ConfUtils.java:logGet(43)) - raft.server.log.queue.byte-limit = 2147483647 (custom)
2019-09-11 06:31:10,532 [pool-77-thread-1] INFO  server.RaftServerConfigKeys (ConfUtils.java:logGet(43)) - raft.server.log.statemachine.data.sync.timeout.retry = -1 (default)
2019-09-11 06:31:10,532 [pool-87-thread-1] INFO  server.RaftServerConfigKeys (ConfUtils.java:logGet(43)) - raft.server.log.segment.size.max = 1048576 (custom)
2019-09-11 06:31:10,532 [pool-77-thread-1] INFO  server.RaftServerConfigKeys (ConfUtils.java:logGet(43)) - raft.server.log.statemachine.data.caching.enabled = true (custom)
2019-09-11 06:31:10,532 [pool-47-thread-1] INFO  server.RaftServerConfigKeys (ConfUtils.java:logGet(43)) - raft.server.log.queue.element-limit = 1024 (custom)
2019-09-11 06:31:10,532 [pool-87-thread-1] INFO  server.RaftServerConfigKeys (ConfUtils.java:logGet(43)) - raft.server.log.preallocated.size = 16384 (custom)
2019-09-11 06:31:10,532 [pool-47-thread-1] INFO  server.RaftServerConfigKeys (ConfUtils.java:logGet(43)) - raft.server.log.segment.size.max = 1048576 (custom)
2019-09-11 06:31:10,533 [pool-77-thread-1] INFO  segmented.SegmentedRaftLogWorker (SegmentedRaftLogWorker.java:lambda$new$0(132)) - fbfdc5e7-35fe-4dec-93a8-24c91dabe6d4@group-B428A23D2245-SegmentedRaftLogWorker: flushIndex: setUnconditionally 0 -> -1
2019-09-11 06:31:10,533 [pool-87-thread-1] INFO  server.RaftServerConfigKeys (ConfUtils.java:logGet(43)) - raft.server.log.write.buffer.size = 33554432 (custom)
2019-09-11 06:31:10,533 [pool-47-thread-1] INFO  server.RaftServerConfigKeys (ConfUtils.java:logGet(43)) - raft.server.log.preallocated.size = 16384 (custom)
2019-09-11 06:31:10,533 [pool-77-thread-1] INFO  server.RaftServerConfigKeys (ConfUtils.java:logGet(43)) - raft.server.snapshot.auto.trigger.enabled = true (custom)
2019-09-11 06:31:10,533 [pool-87-thread-1] INFO  server.RaftServerConfigKeys (ConfUtils.java:logGet(43)) - raft.server.log.force.sync.num = 128 (default)
2019-09-11 06:31:10,533 [pool-77-thread-1] INFO  server.RaftServerConfigKeys (ConfUtils.java:logGet(43)) - raft.server.snapshot.auto.trigger.threshold = 10000 (custom)
2019-09-11 06:31:10,533 [pool-47-thread-1] INFO  server.RaftServerConfigKeys (ConfUtils.java:logGet(43)) - raft.server.log.write.buffer.size = 33554432 (custom)
2019-09-11 06:31:10,534 [pool-77-thread-1] INFO  server.RaftServerConfigKeys (ConfUtils.java:logGet(43)) - raft.server.snapshot.retention.num.files = -1 (default)
2019-09-11 06:31:10,534 [pool-87-thread-1] INFO  server.RaftServerConfigKeys (ConfUtils.java:logGet(43)) - raft.server.log.statemachine.data.sync = true (default)
2019-09-11 06:31:10,534 [pool-77-thread-1] INFO  server.RaftServerConfigKeys (ConfUtils.java:logGet(43)) - raft.server.retrycache.expirytime = 600000ms (custom)
2019-09-11 06:31:10,534 [pool-47-thread-1] INFO  server.RaftServerConfigKeys (ConfUtils.java:logGet(43)) - raft.server.log.force.sync.num = 128 (default)
2019-09-11 06:31:10,534 [pool-87-thread-1] INFO  server.RaftServerConfigKeys (ConfUtils.java:logGet(43)) - raft.server.log.statemachine.data.sync.timeout = 10s (default)
2019-09-11 06:31:10,534 [pool-47-thread-1] INFO  server.RaftServerConfigKeys (ConfUtils.java:logGet(43)) - raft.server.log.statemachine.data.sync = true (default)
2019-09-11 06:31:10,535 [pool-87-thread-1] INFO  server.RaftServerConfigKeys (ConfUtils.java:logGet(43)) - raft.server.log.statemachine.data.sync.timeout.retry = -1 (default)
2019-09-11 06:31:10,535 [pool-47-thread-1] INFO  server.RaftServerConfigKeys (ConfUtils.java:logGet(43)) - raft.server.log.statemachine.data.sync.timeout = 10s (default)
2019-09-11 06:31:10,535 [pool-87-thread-1] INFO  server.RaftServerConfigKeys (ConfUtils.java:logGet(43)) - raft.server.log.statemachine.data.caching.enabled = true (custom)
2019-09-11 06:31:10,535 [pool-47-thread-1] INFO  server.RaftServerConfigKeys (ConfUtils.java:logGet(43)) - raft.server.log.statemachine.data.sync.timeout.retry = -1 (default)
2019-09-11 06:31:10,535 [pool-47-thread-1] INFO  server.RaftServerConfigKeys (ConfUtils.java:logGet(43)) - raft.server.log.statemachine.data.caching.enabled = true (custom)
2019-09-11 06:31:10,535 [pool-87-thread-1] INFO  segmented.SegmentedRaftLogWorker (SegmentedRaftLogWorker.java:lambda$new$0(132)) - 16d0fe26-9857-4477-8b2c-205100b6d095@group-B428A23D2245-SegmentedRaftLogWorker: flushIndex: setUnconditionally 0 -> -1
2019-09-11 06:31:10,535 [pool-47-thread-1] INFO  segmented.SegmentedRaftLogWorker (SegmentedRaftLogWorker.java:lambda$new$0(132)) - b3ae6e77-09f2-43a9-bb74-0baf269e9625@group-B428A23D2245-SegmentedRaftLogWorker: flushIndex: setUnconditionally 0 -> -1
2019-09-11 06:31:10,535 [pool-87-thread-1] INFO  server.RaftServerConfigKeys (ConfUtils.java:logGet(43)) - raft.server.snapshot.auto.trigger.enabled = true (custom)
2019-09-11 06:31:10,536 [pool-87-thread-1] INFO  server.RaftServerConfigKeys (ConfUtils.java:logGet(43)) - raft.server.snapshot.auto.trigger.threshold = 10000 (custom)
2019-09-11 06:31:10,536 [pool-47-thread-1] INFO  server.RaftServerConfigKeys (ConfUtils.java:logGet(43)) - raft.server.snapshot.auto.trigger.enabled = true (custom)
2019-09-11 06:31:10,536 [pool-87-thread-1] INFO  server.RaftServerConfigKeys (ConfUtils.java:logGet(43)) - raft.server.snapshot.retention.num.files = -1 (default)
2019-09-11 06:31:10,536 [pool-47-thread-1] INFO  server.RaftServerConfigKeys (ConfUtils.java:logGet(43)) - raft.server.snapshot.auto.trigger.threshold = 10000 (custom)
2019-09-11 06:31:10,536 [pool-87-thread-1] INFO  server.RaftServerConfigKeys (ConfUtils.java:logGet(43)) - raft.server.retrycache.expirytime = 600000ms (custom)
2019-09-11 06:31:10,536 [pool-47-thread-1] INFO  server.RaftServerConfigKeys (ConfUtils.java:logGet(43)) - raft.server.snapshot.retention.num.files = -1 (default)
2019-09-11 06:31:10,536 [pool-47-thread-1] INFO  server.RaftServerConfigKeys (ConfUtils.java:logGet(43)) - raft.server.retrycache.expirytime = 600000ms (custom)
2019-09-11 06:31:10,539 [pool-77-thread-1] INFO  impl.RaftServerImpl (RaftServerImpl.java:start(185)) - fbfdc5e7-35fe-4dec-93a8-24c91dabe6d4@group-B428A23D2245: start as a follower, conf=-1: [b3ae6e77-09f2-43a9-bb74-0baf269e9625:192.168.36.125:37266, 16d0fe26-9857-4477-8b2c-205100b6d095:192.168.36.125:33180, fbfdc5e7-35fe-4dec-93a8-24c91dabe6d4:192.168.36.125:35103], old=null
2019-09-11 06:31:10,539 [pool-77-thread-1] INFO  impl.RaftServerImpl (RaftServerImpl.java:setRole(174)) - fbfdc5e7-35fe-4dec-93a8-24c91dabe6d4@group-B428A23D2245: changes role from      null to FOLLOWER at term 0 for startAsFollower
2019-09-11 06:31:10,539 [pool-77-thread-1] INFO  impl.RoleInfo (RoleInfo.java:updateAndGet(143)) - fbfdc5e7-35fe-4dec-93a8-24c91dabe6d4: start FollowerState
2019-09-11 06:31:10,539 [pool-87-thread-1] INFO  impl.RaftServerImpl (RaftServerImpl.java:start(185)) - 16d0fe26-9857-4477-8b2c-205100b6d095@group-B428A23D2245: start as a follower, conf=-1: [b3ae6e77-09f2-43a9-bb74-0baf269e9625:192.168.36.125:37266, 16d0fe26-9857-4477-8b2c-205100b6d095:192.168.36.125:33180, fbfdc5e7-35fe-4dec-93a8-24c91dabe6d4:192.168.36.125:35103], old=null
2019-09-11 06:31:10,539 [pool-87-thread-1] INFO  impl.RaftServerImpl (RaftServerImpl.java:setRole(174)) - 16d0fe26-9857-4477-8b2c-205100b6d095@group-B428A23D2245: changes role from      null to FOLLOWER at term 0 for startAsFollower
2019-09-11 06:31:10,539 [pool-47-thread-1] INFO  impl.RaftServerImpl (RaftServerImpl.java:start(185)) - b3ae6e77-09f2-43a9-bb74-0baf269e9625@group-B428A23D2245: start as a follower, conf=-1: [b3ae6e77-09f2-43a9-bb74-0baf269e9625:192.168.36.125:37266, 16d0fe26-9857-4477-8b2c-205100b6d095:192.168.36.125:33180, fbfdc5e7-35fe-4dec-93a8-24c91dabe6d4:192.168.36.125:35103], old=null
2019-09-11 06:31:10,540 [pool-87-thread-1] INFO  impl.RoleInfo (RoleInfo.java:updateAndGet(143)) - 16d0fe26-9857-4477-8b2c-205100b6d095: start FollowerState
2019-09-11 06:31:10,540 [pool-77-thread-1] INFO  util.JmxRegister (JmxRegister.java:tryRegister(44)) - Successfully registered JMX Bean with object name Ratis:service=RaftServer,group=group-B428A23D2245,id=fbfdc5e7-35fe-4dec-93a8-24c91dabe6d4
2019-09-11 06:31:10,540 [pool-47-thread-1] INFO  impl.RaftServerImpl (RaftServerImpl.java:setRole(174)) - b3ae6e77-09f2-43a9-bb74-0baf269e9625@group-B428A23D2245: changes role from      null to FOLLOWER at term 0 for startAsFollower
2019-09-11 06:31:10,540 [pool-87-thread-1] INFO  util.JmxRegister (JmxRegister.java:tryRegister(44)) - Successfully registered JMX Bean with object name Ratis:service=RaftServer,group=group-B428A23D2245,id=16d0fe26-9857-4477-8b2c-205100b6d095
2019-09-11 06:31:10,540 [pool-47-thread-1] INFO  impl.RoleInfo (RoleInfo.java:updateAndGet(143)) - b3ae6e77-09f2-43a9-bb74-0baf269e9625: start FollowerState
2019-09-11 06:31:10,541 [pool-47-thread-1] INFO  util.JmxRegister (JmxRegister.java:tryRegister(44)) - Successfully registered JMX Bean with object name Ratis:service=RaftServer,group=group-B428A23D2245,id=b3ae6e77-09f2-43a9-bb74-0baf269e9625
2019-09-11 06:31:10,548 [RatisPipelineUtilsThread] INFO  pipeline.PipelineStateManager (PipelineStateManager.java:addPipeline(56)) - Created pipeline Pipeline[ Id: 1b05caeb-6612-4f13-8732-b428a23d2245, Nodes: b3ae6e77-09f2-43a9-bb74-0baf269e9625{ip: 192.168.36.125, host: trunk-nightly-20190911-vpfxm-1000144475, networkLocation: /default-rack, certSerialId: null}fbfdc5e7-35fe-4dec-93a8-24c91dabe6d4{ip: 192.168.36.125, host: trunk-nightly-20190911-vpfxm-1000144475, networkLocation: /default-rack, certSerialId: null}16d0fe26-9857-4477-8b2c-205100b6d095{ip: 192.168.36.125, host: trunk-nightly-20190911-vpfxm-1000144475, networkLocation: /default-rack, certSerialId: null}, Type:RATIS, Factor:THREE, State:OPEN]
2019-09-11 06:31:10,930 [main] WARN  io.KeyOutputStream (KeyOutputStream.java:handleException(276)) - Encountered exception java.io.IOException: Unexpected Storage Container Exception: java.util.concurrent.CompletionException: java.util.concurrent.CompletionException: org.apache.ratis.protocol.GroupMismatchException: 16d0fe26-9857-4477-8b2c-205100b6d095: group-CAB34B64531B not found. on the pipeline Pipeline[ Id: f7ee6abd-8b7b-4e6e-a17a-cab34b64531b, Nodes: b3ae6e77-09f2-43a9-bb74-0baf269e9625{ip: 192.168.36.125, host: trunk-nightly-20190911-vpfxm-1000144475, networkLocation: /default-rack, certSerialId: null}fbfdc5e7-35fe-4dec-93a8-24c91dabe6d4{ip: 192.168.36.125, host: trunk-nightly-20190911-vpfxm-1000144475, networkLocation: /default-rack, certSerialId: null}16d0fe26-9857-4477-8b2c-205100b6d095{ip: 192.168.36.125, host: trunk-nightly-20190911-vpfxm-1000144475, networkLocation: /default-rack, certSerialId: null}, Type:RATIS, Factor:THREE, State:OPEN]. The last committed block length is 0, uncommitted data length is 150 retry count 0
2019-09-11 06:31:10,992 [grpc-default-executor-7] INFO  client.GrpcClientProtocolClient (GrpcClientProtocolClient.java:onNext(264)) - client-003637AF6369->b3ae6e77-09f2-43a9-bb74-0baf269e9625: receive RaftClientReply:client-003637AF6369->b3ae6e77-09f2-43a9-bb74-0baf269e9625@group-B428A23D2245, cid=30, FAILED org.apache.ratis.protocol.NotLeaderException: Server b3ae6e77-09f2-43a9-bb74-0baf269e9625@group-B428A23D2245 is not the leader, logIndex=0, commits[b3ae6e77-09f2-43a9-bb74-0baf269e9625:c-1]
2019-09-11 06:31:12,021 [grpc-default-executor-8] INFO  client.GrpcClientProtocolClient (GrpcClientProtocolClient.java:onNext(264)) - client-003637AF6369->fbfdc5e7-35fe-4dec-93a8-24c91dabe6d4: receive RaftClientReply:client-003637AF6369->fbfdc5e7-35fe-4dec-93a8-24c91dabe6d4@group-B428A23D2245, cid=30, FAILED org.apache.ratis.protocol.NotLeaderException: Server fbfdc5e7-35fe-4dec-93a8-24c91dabe6d4@group-B428A23D2245 is not the leader, logIndex=0, commits[fbfdc5e7-35fe-4dec-93a8-24c91dabe6d4:c-1]
2019-09-11 06:31:13,002 [grpc-default-executor-8] INFO  impl.RaftServerProxy (RaftServerProxy.java:remove(95)) - b3ae6e77-09f2-43a9-bb74-0baf269e9625: remove group-CAB34B64531B:null
2019-09-11 06:31:13,012 [RatisPipelineUtilsThread] WARN  pipeline.RatisPipelineUtils (RatisPipelineUtils.java:destroyPipeline(66)) - Pipeline destroy failed for pipeline=PipelineID=f7ee6abd-8b7b-4e6e-a17a-cab34b64531b dn=b3ae6e77-09f2-43a9-bb74-0baf269e9625{ip: 192.168.36.125, host: trunk-nightly-20190911-vpfxm-1000144475, networkLocation: /default-rack, certSerialId: null}
2019-09-11 06:31:13,023 [grpc-default-executor-8] INFO  impl.RaftServerProxy (RaftServerProxy.java:remove(95)) - fbfdc5e7-35fe-4dec-93a8-24c91dabe6d4: remove group-CAB34B64531B:null
2019-09-11 06:31:13,030 [RatisPipelineUtilsThread] WARN  pipeline.RatisPipelineUtils (RatisPipelineUtils.java:destroyPipeline(66)) - Pipeline destroy failed for pipeline=PipelineID=f7ee6abd-8b7b-4e6e-a17a-cab34b64531b dn=fbfdc5e7-35fe-4dec-93a8-24c91dabe6d4{ip: 192.168.36.125, host: trunk-nightly-20190911-vpfxm-1000144475, networkLocation: /default-rack, certSerialId: null}
2019-09-11 06:31:13,043 [grpc-default-executor-8] INFO  impl.RaftServerProxy (RaftServerProxy.java:remove(95)) - 16d0fe26-9857-4477-8b2c-205100b6d095: remove group-CAB34B64531B:null
2019-09-11 06:31:13,049 [grpc-default-executor-8] INFO  client.GrpcClientProtocolClient (GrpcClientProtocolClient.java:onNext(264)) - client-003637AF6369->b3ae6e77-09f2-43a9-bb74-0baf269e9625: receive RaftClientReply:client-003637AF6369->b3ae6e77-09f2-43a9-bb74-0baf269e9625@group-B428A23D2245, cid=30, FAILED org.apache.ratis.protocol.NotLeaderException: Server b3ae6e77-09f2-43a9-bb74-0baf269e9625@group-B428A23D2245 is not the leader, logIndex=0, commits[b3ae6e77-09f2-43a9-bb74-0baf269e9625:c-1]
2019-09-11 06:31:13,071 [RatisPipelineUtilsThread] WARN  pipeline.RatisPipelineUtils (RatisPipelineUtils.java:destroyPipeline(66)) - Pipeline destroy failed for pipeline=PipelineID=f7ee6abd-8b7b-4e6e-a17a-cab34b64531b dn=16d0fe26-9857-4477-8b2c-205100b6d095{ip: 192.168.36.125, host: trunk-nightly-20190911-vpfxm-1000144475, networkLocation: /default-rack, certSerialId: null}
2019-09-11 06:31:13,072 [RatisPipelineUtilsThread] ERROR pipeline.SCMPipelineManager (Scheduler.java:lambda$schedule$1(70)) - Destroy pipeline failed for pipeline:Pipeline[ Id: f7ee6abd-8b7b-4e6e-a17a-cab34b64531b, Nodes: b3ae6e77-09f2-43a9-bb74-0baf269e9625{ip: 192.168.36.125, host: trunk-nightly-20190911-vpfxm-1000144475, networkLocation: /default-rack, certSerialId: null}fbfdc5e7-35fe-4dec-93a8-24c91dabe6d4{ip: 192.168.36.125, host: trunk-nightly-20190911-vpfxm-1000144475, networkLocation: /default-rack, certSerialId: null}16d0fe26-9857-4477-8b2c-205100b6d095{ip: 192.168.36.125, host: trunk-nightly-20190911-vpfxm-1000144475, networkLocation: /default-rack, certSerialId: null}, Type:RATIS, Factor:THREE, State:CLOSED]
org.apache.hadoop.hdds.scm.pipeline.PipelineNotFoundException: PipelineID=f7ee6abd-8b7b-4e6e-a17a-cab34b64531b not found
	at org.apache.hadoop.hdds.scm.pipeline.PipelineStateMap.getPipeline(PipelineStateMap.java:132)
	at org.apache.hadoop.hdds.scm.pipeline.PipelineStateMap.removePipeline(PipelineStateMap.java:322)
	at org.apache.hadoop.hdds.scm.pipeline.PipelineStateManager.removePipeline(PipelineStateManager.java:107)
	at org.apache.hadoop.hdds.scm.pipeline.SCMPipelineManager.removePipeline(SCMPipelineManager.java:423)
	at org.apache.hadoop.hdds.scm.pipeline.SCMPipelineManager.destroyPipeline(SCMPipelineManager.java:409)
	at org.apache.hadoop.hdds.scm.pipeline.SCMPipelineManager.lambda$finalizeAndDestroyPipeline$0(SCMPipelineManager.java:318)
	at org.apache.hadoop.utils.Scheduler.lambda$schedule$1(Scheduler.java:68)
	at java.util.concurrent.Executors$RunnableAdapter.call(Executors.java:511)
	at java.util.concurrent.FutureTask.run(FutureTask.java:266)
	at java.util.concurrent.ScheduledThreadPoolExecutor$ScheduledFutureTask.access$201(ScheduledThreadPoolExecutor.java:180)
	at java.util.concurrent.ScheduledThreadPoolExecutor$ScheduledFutureTask.run(ScheduledThreadPoolExecutor.java:293)
	at java.util.concurrent.ThreadPoolExecutor.runWorker(ThreadPoolExecutor.java:1149)
	at java.util.concurrent.ThreadPoolExecutor$Worker.run(ThreadPoolExecutor.java:624)
	at java.lang.Thread.run(Thread.java:748)
2019-09-11 06:31:14,011 [grpc-default-executor-7] INFO  impl.RaftServerProxy (RaftServerProxy.java:remove(95)) - b3ae6e77-09f2-43a9-bb74-0baf269e9625: remove group-CAB34B64531B:null
2019-09-11 06:31:14,018 [RatisPipelineUtilsThread] WARN  pipeline.RatisPipelineUtils (RatisPipelineUtils.java:destroyPipeline(66)) - Pipeline destroy failed for pipeline=PipelineID=f7ee6abd-8b7b-4e6e-a17a-cab34b64531b dn=b3ae6e77-09f2-43a9-bb74-0baf269e9625{ip: 192.168.36.125, host: trunk-nightly-20190911-vpfxm-1000144475, networkLocation: /default-rack, certSerialId: null}
2019-09-11 06:31:14,025 [grpc-default-executor-7] INFO  impl.RaftServerProxy (RaftServerProxy.java:remove(95)) - fbfdc5e7-35fe-4dec-93a8-24c91dabe6d4: remove group-CAB34B64531B:null
2019-09-11 06:31:14,031 [RatisPipelineUtilsThread] WARN  pipeline.RatisPipelineUtils (RatisPipelineUtils.java:destroyPipeline(66)) - Pipeline destroy failed for pipeline=PipelineID=f7ee6abd-8b7b-4e6e-a17a-cab34b64531b dn=fbfdc5e7-35fe-4dec-93a8-24c91dabe6d4{ip: 192.168.36.125, host: trunk-nightly-20190911-vpfxm-1000144475, networkLocation: /default-rack, certSerialId: null}
2019-09-11 06:31:14,038 [grpc-default-executor-7] INFO  impl.RaftServerProxy (RaftServerProxy.java:remove(95)) - 16d0fe26-9857-4477-8b2c-205100b6d095: remove group-CAB34B64531B:null
2019-09-11 06:31:14,043 [RatisPipelineUtilsThread] WARN  pipeline.RatisPipelineUtils (RatisPipelineUtils.java:destroyPipeline(66)) - Pipeline destroy failed for pipeline=PipelineID=f7ee6abd-8b7b-4e6e-a17a-cab34b64531b dn=16d0fe26-9857-4477-8b2c-205100b6d095{ip: 192.168.36.125, host: trunk-nightly-20190911-vpfxm-1000144475, networkLocation: /default-rack, certSerialId: null}
2019-09-11 06:31:14,044 [RatisPipelineUtilsThread] ERROR pipeline.SCMPipelineManager (Scheduler.java:lambda$schedule$1(70)) - Destroy pipeline failed for pipeline:Pipeline[ Id: f7ee6abd-8b7b-4e6e-a17a-cab34b64531b, Nodes: b3ae6e77-09f2-43a9-bb74-0baf269e9625{ip: 192.168.36.125, host: trunk-nightly-20190911-vpfxm-1000144475, networkLocation: /default-rack, certSerialId: null}fbfdc5e7-35fe-4dec-93a8-24c91dabe6d4{ip: 192.168.36.125, host: trunk-nightly-20190911-vpfxm-1000144475, networkLocation: /default-rack, certSerialId: null}16d0fe26-9857-4477-8b2c-205100b6d095{ip: 192.168.36.125, host: trunk-nightly-20190911-vpfxm-1000144475, networkLocation: /default-rack, certSerialId: null}, Type:RATIS, Factor:THREE, State:CLOSED]
org.apache.hadoop.hdds.scm.pipeline.PipelineNotFoundException: PipelineID=f7ee6abd-8b7b-4e6e-a17a-cab34b64531b not found
	at org.apache.hadoop.hdds.scm.pipeline.PipelineStateMap.getPipeline(PipelineStateMap.java:132)
	at org.apache.hadoop.hdds.scm.pipeline.PipelineStateMap.removePipeline(PipelineStateMap.java:322)
	at org.apache.hadoop.hdds.scm.pipeline.PipelineStateManager.removePipeline(PipelineStateManager.java:107)
	at org.apache.hadoop.hdds.scm.pipeline.SCMPipelineManager.removePipeline(SCMPipelineManager.java:423)
	at org.apache.hadoop.hdds.scm.pipeline.SCMPipelineManager.destroyPipeline(SCMPipelineManager.java:409)
	at org.apache.hadoop.hdds.scm.pipeline.SCMPipelineManager.lambda$finalizeAndDestroyPipeline$0(SCMPipelineManager.java:318)
	at org.apache.hadoop.utils.Scheduler.lambda$schedule$1(Scheduler.java:68)
	at java.util.concurrent.Executors$RunnableAdapter.call(Executors.java:511)
	at java.util.concurrent.FutureTask.run(FutureTask.java:266)
	at java.util.concurrent.ScheduledThreadPoolExecutor$ScheduledFutureTask.access$201(ScheduledThreadPoolExecutor.java:180)
	at java.util.concurrent.ScheduledThreadPoolExecutor$ScheduledFutureTask.run(ScheduledThreadPoolExecutor.java:293)
	at java.util.concurrent.ThreadPoolExecutor.runWorker(ThreadPoolExecutor.java:1149)
	at java.util.concurrent.ThreadPoolExecutor$Worker.run(ThreadPoolExecutor.java:624)
	at java.lang.Thread.run(Thread.java:748)
2019-09-11 06:31:14,069 [grpc-default-executor-7] INFO  client.GrpcClientProtocolClient (GrpcClientProtocolClient.java:onNext(264)) - client-003637AF6369->16d0fe26-9857-4477-8b2c-205100b6d095: receive RaftClientReply:client-003637AF6369->16d0fe26-9857-4477-8b2c-205100b6d095@group-B428A23D2245, cid=30, FAILED org.apache.ratis.protocol.NotLeaderException: Server 16d0fe26-9857-4477-8b2c-205100b6d095@group-B428A23D2245 is not the leader, logIndex=0, commits[16d0fe26-9857-4477-8b2c-205100b6d095:c-1]
2019-09-11 06:31:15,091 [grpc-default-executor-7] INFO  client.GrpcClientProtocolClient (GrpcClientProtocolClient.java:onNext(264)) - client-003637AF6369->fbfdc5e7-35fe-4dec-93a8-24c91dabe6d4: receive RaftClientReply:client-003637AF6369->fbfdc5e7-35fe-4dec-93a8-24c91dabe6d4@group-B428A23D2245, cid=30, FAILED org.apache.ratis.protocol.NotLeaderException: Server fbfdc5e7-35fe-4dec-93a8-24c91dabe6d4@group-B428A23D2245 is not the leader, logIndex=0, commits[fbfdc5e7-35fe-4dec-93a8-24c91dabe6d4:c-1]
2019-09-11 06:31:15,605 [Thread-828] INFO  impl.FollowerState (FollowerState.java:run(106)) - 16d0fe26-9857-4477-8b2c-205100b6d095:group-B428A23D2245 changes to CANDIDATE, lastRpcTime:5065, electionTimeout:5065ms
2019-09-11 06:31:15,606 [Thread-828] INFO  impl.RoleInfo (RoleInfo.java:shutdownFollowerState(121)) - 16d0fe26-9857-4477-8b2c-205100b6d095: shutdown FollowerState
2019-09-11 06:31:15,606 [Thread-828] INFO  impl.RaftServerImpl (RaftServerImpl.java:setRole(174)) - 16d0fe26-9857-4477-8b2c-205100b6d095@group-B428A23D2245: changes role from  FOLLOWER to CANDIDATE at term 0 for changeToCandidate
2019-09-11 06:31:15,606 [Thread-828] INFO  impl.RoleInfo (RoleInfo.java:updateAndGet(143)) - 16d0fe26-9857-4477-8b2c-205100b6d095: start LeaderElection
2019-09-11 06:31:15,623 [16d0fe26-9857-4477-8b2c-205100b6d095@group-B428A23D2245:LeaderElection10] INFO  impl.LeaderElection (LeaderElection.java:askForVotes(182)) - 16d0fe26-9857-4477-8b2c-205100b6d095@group-B428A23D2245:LeaderElection10: begin an election at term 1 for -1: [b3ae6e77-09f2-43a9-bb74-0baf269e9625:192.168.36.125:37266, 16d0fe26-9857-4477-8b2c-205100b6d095:192.168.36.125:33180, fbfdc5e7-35fe-4dec-93a8-24c91dabe6d4:192.168.36.125:35103], old=null
2019-09-11 06:31:15,635 [grpc-default-executor-8] INFO  impl.RaftServerImpl (RaftServerImpl.java:setRole(174)) - fbfdc5e7-35fe-4dec-93a8-24c91dabe6d4@group-B428A23D2245: changes role from  FOLLOWER to FOLLOWER at term 1 for recognizeCandidate:16d0fe26-9857-4477-8b2c-205100b6d095
2019-09-11 06:31:15,635 [grpc-default-executor-7] INFO  impl.RaftServerImpl (RaftServerImpl.java:setRole(174)) - b3ae6e77-09f2-43a9-bb74-0baf269e9625@group-B428A23D2245: changes role from  FOLLOWER to FOLLOWER at term 1 for recognizeCandidate:16d0fe26-9857-4477-8b2c-205100b6d095
2019-09-11 06:31:15,635 [grpc-default-executor-8] INFO  impl.RoleInfo (RoleInfo.java:shutdownFollowerState(121)) - fbfdc5e7-35fe-4dec-93a8-24c91dabe6d4: shutdown FollowerState
2019-09-11 06:31:15,635 [grpc-default-executor-7] INFO  impl.RoleInfo (RoleInfo.java:shutdownFollowerState(121)) - b3ae6e77-09f2-43a9-bb74-0baf269e9625: shutdown FollowerState
2019-09-11 06:31:15,636 [grpc-default-executor-8] INFO  impl.RoleInfo (RoleInfo.java:updateAndGet(143)) - fbfdc5e7-35fe-4dec-93a8-24c91dabe6d4: start FollowerState
2019-09-11 06:31:15,636 [Thread-827] INFO  impl.FollowerState (FollowerState.java:run(115)) - fbfdc5e7-35fe-4dec-93a8-24c91dabe6d4: FollowerState was interrupted: java.lang.InterruptedException: sleep interrupted
2019-09-11 06:31:15,636 [Thread-829] INFO  impl.FollowerState (FollowerState.java:run(115)) - b3ae6e77-09f2-43a9-bb74-0baf269e9625: FollowerState was interrupted: java.lang.InterruptedException: sleep interrupted
2019-09-11 06:31:15,636 [grpc-default-executor-7] INFO  impl.RoleInfo (RoleInfo.java:updateAndGet(143)) - b3ae6e77-09f2-43a9-bb74-0baf269e9625: start FollowerState
2019-09-11 06:31:15,658 [16d0fe26-9857-4477-8b2c-205100b6d095@group-B428A23D2245:LeaderElection10] INFO  impl.LeaderElection (LeaderElection.java:logAndReturn(56)) - 16d0fe26-9857-4477-8b2c-205100b6d095@group-B428A23D2245:LeaderElection10: Election PASSED; received 1 response(s) [16d0fe26-9857-4477-8b2c-205100b6d095<-b3ae6e77-09f2-43a9-bb74-0baf269e9625#0:OK-t1] and 0 exception(s); 16d0fe26-9857-4477-8b2c-205100b6d095@group-B428A23D2245:t1, leader=null, voted=16d0fe26-9857-4477-8b2c-205100b6d095, raftlog=16d0fe26-9857-4477-8b2c-205100b6d095@group-B428A23D2245-SegmentedRaftLog:OPENED:c-1,f-1,i0, conf=-1: [b3ae6e77-09f2-43a9-bb74-0baf269e9625:192.168.36.125:37266, 16d0fe26-9857-4477-8b2c-205100b6d095:192.168.36.125:33180, fbfdc5e7-35fe-4dec-93a8-24c91dabe6d4:192.168.36.125:35103], old=null
2019-09-11 06:31:15,658 [16d0fe26-9857-4477-8b2c-205100b6d095@group-B428A23D2245:LeaderElection10] INFO  impl.RoleInfo (RoleInfo.java:shutdownLeaderElection(134)) - 16d0fe26-9857-4477-8b2c-205100b6d095: shutdown LeaderElection
2019-09-11 06:31:15,658 [16d0fe26-9857-4477-8b2c-205100b6d095@group-B428A23D2245:LeaderElection10] INFO  impl.RaftServerImpl (RaftServerImpl.java:setRole(174)) - 16d0fe26-9857-4477-8b2c-205100b6d095@group-B428A23D2245: changes role from CANDIDATE to LEADER at term 1 for changeToLeader
2019-09-11 06:31:15,660 [16d0fe26-9857-4477-8b2c-205100b6d095@group-B428A23D2245:LeaderElection10] INFO  impl.RaftServerImpl (ServerState.java:setLeader(253)) - 16d0fe26-9857-4477-8b2c-205100b6d095@group-B428A23D2245: change Leader from null to 16d0fe26-9857-4477-8b2c-205100b6d095 at term 1 for becomeLeader, leader elected after 5133ms
2019-09-11 06:31:15,660 [16d0fe26-9857-4477-8b2c-205100b6d095@group-B428A23D2245:LeaderElection10] INFO  server.RaftServerConfigKeys (ConfUtils.java:logGet(43)) - raft.server.staging.catchup.gap = 1000 (default)
2019-09-11 06:31:15,660 [16d0fe26-9857-4477-8b2c-205100b6d095@group-B428A23D2245:LeaderElection10] INFO  server.RaftServerConfigKeys (ConfUtils.java:logGet(43)) - raft.server.rpc.sleep.time = 25ms (default)
2019-09-11 06:31:15,660 [16d0fe26-9857-4477-8b2c-205100b6d095@group-B428A23D2245:LeaderElection10] INFO  server.RaftServerConfigKeys (ConfUtils.java:logGet(43)) - raft.server.write.element-limit = 4096 (default)
2019-09-11 06:31:15,661 [16d0fe26-9857-4477-8b2c-205100b6d095@group-B428A23D2245:LeaderElection10] INFO  server.RaftServerConfigKeys (ConfUtils.java:logGet(43)) - raft.server.watch.timeout = 10s (default)
2019-09-11 06:31:15,661 [16d0fe26-9857-4477-8b2c-205100b6d095@group-B428A23D2245:LeaderElection10] INFO  server.RaftServerConfigKeys (ConfUtils.java:logGet(43)) - raft.server.watch.timeout.denomination = 1s (default)
2019-09-11 06:31:15,661 [16d0fe26-9857-4477-8b2c-205100b6d095@group-B428A23D2245:LeaderElection10] INFO  server.RaftServerConfigKeys (ConfUtils.java:logGet(43)) - raft.server.watch.element-limit = 65536 (default)
2019-09-11 06:31:15,663 [16d0fe26-9857-4477-8b2c-205100b6d095@group-B428A23D2245:LeaderElection10] INFO  server.RaftServerConfigKeys (ConfUtils.java:logGet(43)) - raft.server.log.appender.snapshot.chunk.size.max = 16MB (=16777216) (default)
2019-09-11 06:31:15,664 [16d0fe26-9857-4477-8b2c-205100b6d095@group-B428A23D2245:LeaderElection10] INFO  server.RaftServerConfigKeys (ConfUtils.java:logGet(43)) - raft.server.log.appender.buffer.byte-limit = 33554432 (custom)
2019-09-11 06:31:15,664 [16d0fe26-9857-4477-8b2c-205100b6d095@group-B428A23D2245:LeaderElection10] INFO  server.RaftServerConfigKeys (ConfUtils.java:logGet(43)) - raft.server.log.appender.buffer.element-limit = 1 (custom)
2019-09-11 06:31:15,664 [16d0fe26-9857-4477-8b2c-205100b6d095@group-B428A23D2245:LeaderElection10] INFO  grpc.GrpcConfigKeys$Server (ConfUtils.java:logGet(43)) - raft.grpc.server.leader.outstanding.appends.max = 128 (default)
2019-09-11 06:31:15,664 [16d0fe26-9857-4477-8b2c-205100b6d095@group-B428A23D2245:LeaderElection10] INFO  server.RaftServerConfigKeys (ConfUtils.java:logGet(43)) - raft.server.rpc.request.timeout = 3000ms (default)
2019-09-11 06:31:15,664 [16d0fe26-9857-4477-8b2c-205100b6d095@group-B428A23D2245:LeaderElection10] INFO  server.RaftServerConfigKeys (ConfUtils.java:logGet(43)) - raft.server.log.appender.install.snapshot.enabled = false (custom)
2019-09-11 06:31:15,664 [16d0fe26-9857-4477-8b2c-205100b6d095@group-B428A23D2245:LeaderElection10] INFO  server.RaftServerConfigKeys (ConfUtils.java:logGet(43)) - raft.server.log.appender.snapshot.chunk.size.max = 16MB (=16777216) (default)
2019-09-11 06:31:15,665 [16d0fe26-9857-4477-8b2c-205100b6d095@group-B428A23D2245:LeaderElection10] INFO  server.RaftServerConfigKeys (ConfUtils.java:logGet(43)) - raft.server.log.appender.buffer.byte-limit = 33554432 (custom)
2019-09-11 06:31:15,665 [16d0fe26-9857-4477-8b2c-205100b6d095@group-B428A23D2245:LeaderElection10] INFO  server.RaftServerConfigKeys (ConfUtils.java:logGet(43)) - raft.server.log.appender.buffer.element-limit = 1 (custom)
2019-09-11 06:31:15,665 [16d0fe26-9857-4477-8b2c-205100b6d095@group-B428A23D2245:LeaderElection10] INFO  grpc.GrpcConfigKeys$Server (ConfUtils.java:logGet(43)) - raft.grpc.server.leader.outstanding.appends.max = 128 (default)
2019-09-11 06:31:15,665 [16d0fe26-9857-4477-8b2c-205100b6d095@group-B428A23D2245:LeaderElection10] INFO  server.RaftServerConfigKeys (ConfUtils.java:logGet(43)) - raft.server.rpc.request.timeout = 3000ms (default)
2019-09-11 06:31:15,665 [16d0fe26-9857-4477-8b2c-205100b6d095@group-B428A23D2245:LeaderElection10] INFO  server.RaftServerConfigKeys (ConfUtils.java:logGet(43)) - raft.server.log.appender.install.snapshot.enabled = false (custom)
2019-09-11 06:31:15,665 [16d0fe26-9857-4477-8b2c-205100b6d095@group-B428A23D2245:LeaderElection10] INFO  impl.RoleInfo (RoleInfo.java:updateAndGet(143)) - 16d0fe26-9857-4477-8b2c-205100b6d095: start LeaderState
2019-09-11 06:31:15,666 [16d0fe26-9857-4477-8b2c-205100b6d095@group-B428A23D2245:LeaderElection10] INFO  segmented.SegmentedRaftLogWorker (SegmentedRaftLogWorker.java:startLogSegment(380)) - 16d0fe26-9857-4477-8b2c-205100b6d095@group-B428A23D2245-SegmentedRaftLogWorker: Starting segment from index:0
2019-09-11 06:31:15,667 [16d0fe26-9857-4477-8b2c-205100b6d095@group-B428A23D2245:LeaderElection10] INFO  impl.RaftServerImpl (ServerState.java:setRaftConf(354)) - 16d0fe26-9857-4477-8b2c-205100b6d095@group-B428A23D2245: set configuration 0: [b3ae6e77-09f2-43a9-bb74-0baf269e9625:192.168.36.125:37266, 16d0fe26-9857-4477-8b2c-205100b6d095:192.168.36.125:33180, fbfdc5e7-35fe-4dec-93a8-24c91dabe6d4:192.168.36.125:35103], old=null at 0
2019-09-11 06:31:15,693 [grpc-default-executor-8] INFO  impl.RaftServerImpl (ServerState.java:setLeader(253)) - fbfdc5e7-35fe-4dec-93a8-24c91dabe6d4@group-B428A23D2245: change Leader from null to 16d0fe26-9857-4477-8b2c-205100b6d095 at term 1 for appendEntries, leader elected after 5166ms
2019-09-11 06:31:15,693 [grpc-default-executor-7] INFO  impl.RaftServerImpl (ServerState.java:setLeader(253)) - b3ae6e77-09f2-43a9-bb74-0baf269e9625@group-B428A23D2245: change Leader from null to 16d0fe26-9857-4477-8b2c-205100b6d095 at term 1 for appendEntries, leader elected after 5166ms
2019-09-11 06:31:15,699 [grpc-default-executor-7] INFO  impl.RaftServerImpl (ServerState.java:setRaftConf(354)) - fbfdc5e7-35fe-4dec-93a8-24c91dabe6d4@group-B428A23D2245: set configuration 0: [b3ae6e77-09f2-43a9-bb74-0baf269e9625:192.168.36.125:37266, 16d0fe26-9857-4477-8b2c-205100b6d095:192.168.36.125:33180, fbfdc5e7-35fe-4dec-93a8-24c91dabe6d4:192.168.36.125:35103], old=null at 0
2019-09-11 06:31:15,699 [grpc-default-executor-8] INFO  impl.RaftServerImpl (ServerState.java:setRaftConf(354)) - b3ae6e77-09f2-43a9-bb74-0baf269e9625@group-B428A23D2245: set configuration 0: [b3ae6e77-09f2-43a9-bb74-0baf269e9625:192.168.36.125:37266, 16d0fe26-9857-4477-8b2c-205100b6d095:192.168.36.125:33180, fbfdc5e7-35fe-4dec-93a8-24c91dabe6d4:192.168.36.125:35103], old=null at 0
2019-09-11 06:31:15,699 [grpc-default-executor-7] INFO  segmented.SegmentedRaftLogWorker (SegmentedRaftLogWorker.java:startLogSegment(380)) - fbfdc5e7-35fe-4dec-93a8-24c91dabe6d4@group-B428A23D2245-SegmentedRaftLogWorker: Starting segment from index:0
2019-09-11 06:31:15,699 [grpc-default-executor-8] INFO  segmented.SegmentedRaftLogWorker (SegmentedRaftLogWorker.java:startLogSegment(380)) - b3ae6e77-09f2-43a9-bb74-0baf269e9625@group-B428A23D2245-SegmentedRaftLogWorker: Starting segment from index:0
2019-09-11 06:31:15,704 [16d0fe26-9857-4477-8b2c-205100b6d095@group-B428A23D2245-SegmentedRaftLogWorker] INFO  segmented.SegmentedRaftLogWorker (SegmentedRaftLogWorker.java:execute(569)) - 16d0fe26-9857-4477-8b2c-205100b6d095@group-B428A23D2245-SegmentedRaftLogWorker: created new log segment /workdir/hadoop-ozone/integration-test/target/test-dir/MiniOzoneClusterImpl-9d70c5ba-4c04-47f2-8d5c-a3af1a60ee61/datanode-6/data/ratis/1b05caeb-6612-4f13-8732-b428a23d2245/current/log_inprogress_0
2019-09-11 06:31:15,736 [fbfdc5e7-35fe-4dec-93a8-24c91dabe6d4@group-B428A23D2245-SegmentedRaftLogWorker] INFO  segmented.SegmentedRaftLogWorker (SegmentedRaftLogWorker.java:execute(569)) - fbfdc5e7-35fe-4dec-93a8-24c91dabe6d4@group-B428A23D2245-SegmentedRaftLogWorker: created new log segment /workdir/hadoop-ozone/integration-test/target/test-dir/MiniOzoneClusterImpl-9d70c5ba-4c04-47f2-8d5c-a3af1a60ee61/datanode-5/data/ratis/1b05caeb-6612-4f13-8732-b428a23d2245/current/log_inprogress_0
2019-09-11 06:31:15,737 [b3ae6e77-09f2-43a9-bb74-0baf269e9625@group-B428A23D2245-SegmentedRaftLogWorker] INFO  segmented.SegmentedRaftLogWorker (SegmentedRaftLogWorker.java:execute(569)) - b3ae6e77-09f2-43a9-bb74-0baf269e9625@group-B428A23D2245-SegmentedRaftLogWorker: created new log segment /workdir/hadoop-ozone/integration-test/target/test-dir/MiniOzoneClusterImpl-9d70c5ba-4c04-47f2-8d5c-a3af1a60ee61/datanode-2/data/ratis/1b05caeb-6612-4f13-8732-b428a23d2245/current/log_inprogress_0
2019-09-11 06:31:16,011 [grpc-default-executor-8] INFO  impl.RaftServerProxy (RaftServerProxy.java:remove(95)) - b3ae6e77-09f2-43a9-bb74-0baf269e9625: remove group-CAB34B64531B:null
2019-09-11 06:31:16,018 [RatisPipelineUtilsThread] WARN  pipeline.RatisPipelineUtils (RatisPipelineUtils.java:destroyPipeline(66)) - Pipeline destroy failed for pipeline=PipelineID=f7ee6abd-8b7b-4e6e-a17a-cab34b64531b dn=b3ae6e77-09f2-43a9-bb74-0baf269e9625{ip: 192.168.36.125, host: trunk-nightly-20190911-vpfxm-1000144475, networkLocation: /default-rack, certSerialId: null}
2019-09-11 06:31:16,025 [grpc-default-executor-8] INFO  impl.RaftServerProxy (RaftServerProxy.java:remove(95)) - fbfdc5e7-35fe-4dec-93a8-24c91dabe6d4: remove group-CAB34B64531B:null
2019-09-11 06:31:16,032 [RatisPipelineUtilsThread] WARN  pipeline.RatisPipelineUtils (RatisPipelineUtils.java:destroyPipeline(66)) - Pipeline destroy failed for pipeline=PipelineID=f7ee6abd-8b7b-4e6e-a17a-cab34b64531b dn=fbfdc5e7-35fe-4dec-93a8-24c91dabe6d4{ip: 192.168.36.125, host: trunk-nightly-20190911-vpfxm-1000144475, networkLocation: /default-rack, certSerialId: null}
2019-09-11 06:31:16,038 [grpc-default-executor-8] INFO  impl.RaftServerProxy (RaftServerProxy.java:remove(95)) - 16d0fe26-9857-4477-8b2c-205100b6d095: remove group-CAB34B64531B:null
2019-09-11 06:31:16,044 [RatisPipelineUtilsThread] WARN  pipeline.RatisPipelineUtils (RatisPipelineUtils.java:destroyPipeline(66)) - Pipeline destroy failed for pipeline=PipelineID=f7ee6abd-8b7b-4e6e-a17a-cab34b64531b dn=16d0fe26-9857-4477-8b2c-205100b6d095{ip: 192.168.36.125, host: trunk-nightly-20190911-vpfxm-1000144475, networkLocation: /default-rack, certSerialId: null}
2019-09-11 06:31:16,045 [RatisPipelineUtilsThread] ERROR pipeline.SCMPipelineManager (Scheduler.java:lambda$schedule$1(70)) - Destroy pipeline failed for pipeline:Pipeline[ Id: f7ee6abd-8b7b-4e6e-a17a-cab34b64531b, Nodes: b3ae6e77-09f2-43a9-bb74-0baf269e9625{ip: 192.168.36.125, host: trunk-nightly-20190911-vpfxm-1000144475, networkLocation: /default-rack, certSerialId: null}fbfdc5e7-35fe-4dec-93a8-24c91dabe6d4{ip: 192.168.36.125, host: trunk-nightly-20190911-vpfxm-1000144475, networkLocation: /default-rack, certSerialId: null}16d0fe26-9857-4477-8b2c-205100b6d095{ip: 192.168.36.125, host: trunk-nightly-20190911-vpfxm-1000144475, networkLocation: /default-rack, certSerialId: null}, Type:RATIS, Factor:THREE, State:CLOSED]
org.apache.hadoop.hdds.scm.pipeline.PipelineNotFoundException: PipelineID=f7ee6abd-8b7b-4e6e-a17a-cab34b64531b not found
	at org.apache.hadoop.hdds.scm.pipeline.PipelineStateMap.getPipeline(PipelineStateMap.java:132)
	at org.apache.hadoop.hdds.scm.pipeline.PipelineStateMap.removePipeline(PipelineStateMap.java:322)
	at org.apache.hadoop.hdds.scm.pipeline.PipelineStateManager.removePipeline(PipelineStateManager.java:107)
	at org.apache.hadoop.hdds.scm.pipeline.SCMPipelineManager.removePipeline(SCMPipelineManager.java:423)
	at org.apache.hadoop.hdds.scm.pipeline.SCMPipelineManager.destroyPipeline(SCMPipelineManager.java:409)
	at org.apache.hadoop.hdds.scm.pipeline.SCMPipelineManager.lambda$finalizeAndDestroyPipeline$0(SCMPipelineManager.java:318)
	at org.apache.hadoop.utils.Scheduler.lambda$schedule$1(Scheduler.java:68)
	at java.util.concurrent.Executors$RunnableAdapter.call(Executors.java:511)
	at java.util.concurrent.FutureTask.run(FutureTask.java:266)
	at java.util.concurrent.ScheduledThreadPoolExecutor$ScheduledFutureTask.access$201(ScheduledThreadPoolExecutor.java:180)
	at java.util.concurrent.ScheduledThreadPoolExecutor$ScheduledFutureTask.run(ScheduledThreadPoolExecutor.java:293)
	at java.util.concurrent.ThreadPoolExecutor.runWorker(ThreadPoolExecutor.java:1149)
	at java.util.concurrent.ThreadPoolExecutor$Worker.run(ThreadPoolExecutor.java:624)
	at java.lang.Thread.run(Thread.java:748)
2019-09-11 06:31:16,230 [grpc-default-executor-7] INFO  client.GrpcClientProtocolClient (GrpcClientProtocolClient.java:onNext(264)) - client-003637AF6369->16d0fe26-9857-4477-8b2c-205100b6d095: receive RaftClientReply:client-003637AF6369->16d0fe26-9857-4477-8b2c-205100b6d095@group-B428A23D2245, cid=30, SUCCESS, logIndex=1, commits[16d0fe26-9857-4477-8b2c-205100b6d095:c1, b3ae6e77-09f2-43a9-bb74-0baf269e9625:c0, fbfdc5e7-35fe-4dec-93a8-24c91dabe6d4:c0]
2019-09-11 06:31:16,265 [grpc-default-executor-8] INFO  client.GrpcClientProtocolClient (GrpcClientProtocolClient.java:onNext(264)) - client-003637AF6369->16d0fe26-9857-4477-8b2c-205100b6d095: receive RaftClientReply:client-003637AF6369->16d0fe26-9857-4477-8b2c-205100b6d095@group-B428A23D2245, cid=31, SUCCESS, logIndex=3, commits[16d0fe26-9857-4477-8b2c-205100b6d095:c4, b3ae6e77-09f2-43a9-bb74-0baf269e9625:c2, fbfdc5e7-35fe-4dec-93a8-24c91dabe6d4:c2]
2019-09-11 06:31:16,313 [grpc-default-executor-5] INFO  client.GrpcClientProtocolClient (GrpcClientProtocolClient.java:onNext(264)) - client-003637AF6369->16d0fe26-9857-4477-8b2c-205100b6d095: receive RaftClientReply:client-003637AF6369->16d0fe26-9857-4477-8b2c-205100b6d095@group-B428A23D2245, cid=32, SUCCESS, logIndex=4, commits[16d0fe26-9857-4477-8b2c-205100b6d095:c6, b3ae6e77-09f2-43a9-bb74-0baf269e9625:c4, fbfdc5e7-35fe-4dec-93a8-24c91dabe6d4:c4]
]]></system-out>
  </testcase>
  <testcase name="testFullBufferCondition" classname="org.apache.hadoop.ozone.client.rpc.TestBlockOutputStream" time="187.08">
    <failure type="java.lang.AssertionError">java.lang.AssertionError
	at org.junit.Assert.fail(Assert.java:86)
	at org.junit.Assert.assertTrue(Assert.java:41)
	at org.junit.Assert.assertTrue(Assert.java:52)
	at org.apache.hadoop.ozone.client.rpc.TestBlockOutputStream.testFullBufferCondition(TestBlockOutputStream.java:515)
	at sun.reflect.NativeMethodAccessorImpl.invoke0(Native Method)
	at sun.reflect.NativeMethodAccessorImpl.invoke(NativeMethodAccessorImpl.java:62)
	at sun.reflect.DelegatingMethodAccessorImpl.invoke(DelegatingMethodAccessorImpl.java:43)
	at java.lang.reflect.Method.invoke(Method.java:498)
	at org.junit.runners.model.FrameworkMethod$1.runReflectiveCall(FrameworkMethod.java:47)
	at org.junit.internal.runners.model.ReflectiveCallable.run(ReflectiveCallable.java:12)
	at org.junit.runners.model.FrameworkMethod.invokeExplosively(FrameworkMethod.java:44)
	at org.junit.internal.runners.statements.InvokeMethod.evaluate(InvokeMethod.java:17)
	at org.junit.runners.ParentRunner.runLeaf(ParentRunner.java:271)
	at org.junit.runners.BlockJUnit4ClassRunner.runChild(BlockJUnit4ClassRunner.java:70)
	at org.junit.runners.BlockJUnit4ClassRunner.runChild(BlockJUnit4ClassRunner.java:50)
	at org.junit.runners.ParentRunner$3.run(ParentRunner.java:238)
	at org.junit.runners.ParentRunner$1.schedule(ParentRunner.java:63)
	at org.junit.runners.ParentRunner.runChildren(ParentRunner.java:236)
	at org.junit.runners.ParentRunner.access$000(ParentRunner.java:53)
	at org.junit.runners.ParentRunner$2.evaluate(ParentRunner.java:229)
	at org.junit.internal.runners.statements.RunBefores.evaluate(RunBefores.java:26)
	at org.junit.internal.runners.statements.RunAfters.evaluate(RunAfters.java:27)
	at org.junit.runners.ParentRunner.run(ParentRunner.java:309)
	at org.apache.maven.surefire.junit4.JUnit4Provider.execute(JUnit4Provider.java:365)
	at org.apache.maven.surefire.junit4.JUnit4Provider.executeWithRerun(JUnit4Provider.java:273)
	at org.apache.maven.surefire.junit4.JUnit4Provider.executeTestSet(JUnit4Provider.java:238)
	at org.apache.maven.surefire.junit4.JUnit4Provider.invoke(JUnit4Provider.java:159)
	at org.apache.maven.surefire.booter.ForkedBooter.invokeProviderInSameClassLoader(ForkedBooter.java:384)
	at org.apache.maven.surefire.booter.ForkedBooter.runSuitesInProcess(ForkedBooter.java:345)
	at org.apache.maven.surefire.booter.ForkedBooter.execute(ForkedBooter.java:126)
	at org.apache.maven.surefire.booter.ForkedBooter.main(ForkedBooter.java:418)
</failure>
    <system-out><![CDATA[2019-09-11 06:31:19,016 [grpc-default-executor-5] INFO  impl.RaftServerProxy (RaftServerProxy.java:remove(95)) - b3ae6e77-09f2-43a9-bb74-0baf269e9625: remove group-CAB34B64531B:null
2019-09-11 06:31:19,023 [RatisPipelineUtilsThread] WARN  pipeline.RatisPipelineUtils (RatisPipelineUtils.java:destroyPipeline(66)) - Pipeline destroy failed for pipeline=PipelineID=f7ee6abd-8b7b-4e6e-a17a-cab34b64531b dn=b3ae6e77-09f2-43a9-bb74-0baf269e9625{ip: 192.168.36.125, host: trunk-nightly-20190911-vpfxm-1000144475, networkLocation: /default-rack, certSerialId: null}
2019-09-11 06:31:19,031 [grpc-default-executor-5] INFO  impl.RaftServerProxy (RaftServerProxy.java:remove(95)) - fbfdc5e7-35fe-4dec-93a8-24c91dabe6d4: remove group-CAB34B64531B:null
2019-09-11 06:31:19,038 [RatisPipelineUtilsThread] WARN  pipeline.RatisPipelineUtils (RatisPipelineUtils.java:destroyPipeline(66)) - Pipeline destroy failed for pipeline=PipelineID=f7ee6abd-8b7b-4e6e-a17a-cab34b64531b dn=fbfdc5e7-35fe-4dec-93a8-24c91dabe6d4{ip: 192.168.36.125, host: trunk-nightly-20190911-vpfxm-1000144475, networkLocation: /default-rack, certSerialId: null}
2019-09-11 06:31:19,050 [grpc-default-executor-5] INFO  impl.RaftServerProxy (RaftServerProxy.java:remove(95)) - 16d0fe26-9857-4477-8b2c-205100b6d095: remove group-CAB34B64531B:null
2019-09-11 06:31:19,062 [RatisPipelineUtilsThread] WARN  pipeline.RatisPipelineUtils (RatisPipelineUtils.java:destroyPipeline(66)) - Pipeline destroy failed for pipeline=PipelineID=f7ee6abd-8b7b-4e6e-a17a-cab34b64531b dn=16d0fe26-9857-4477-8b2c-205100b6d095{ip: 192.168.36.125, host: trunk-nightly-20190911-vpfxm-1000144475, networkLocation: /default-rack, certSerialId: null}
2019-09-11 06:31:19,062 [RatisPipelineUtilsThread] ERROR pipeline.SCMPipelineManager (Scheduler.java:lambda$schedule$1(70)) - Destroy pipeline failed for pipeline:Pipeline[ Id: f7ee6abd-8b7b-4e6e-a17a-cab34b64531b, Nodes: b3ae6e77-09f2-43a9-bb74-0baf269e9625{ip: 192.168.36.125, host: trunk-nightly-20190911-vpfxm-1000144475, networkLocation: /default-rack, certSerialId: null}fbfdc5e7-35fe-4dec-93a8-24c91dabe6d4{ip: 192.168.36.125, host: trunk-nightly-20190911-vpfxm-1000144475, networkLocation: /default-rack, certSerialId: null}16d0fe26-9857-4477-8b2c-205100b6d095{ip: 192.168.36.125, host: trunk-nightly-20190911-vpfxm-1000144475, networkLocation: /default-rack, certSerialId: null}, Type:RATIS, Factor:THREE, State:CLOSED]
org.apache.hadoop.hdds.scm.pipeline.PipelineNotFoundException: PipelineID=f7ee6abd-8b7b-4e6e-a17a-cab34b64531b not found
	at org.apache.hadoop.hdds.scm.pipeline.PipelineStateMap.getPipeline(PipelineStateMap.java:132)
	at org.apache.hadoop.hdds.scm.pipeline.PipelineStateMap.removePipeline(PipelineStateMap.java:322)
	at org.apache.hadoop.hdds.scm.pipeline.PipelineStateManager.removePipeline(PipelineStateManager.java:107)
	at org.apache.hadoop.hdds.scm.pipeline.SCMPipelineManager.removePipeline(SCMPipelineManager.java:423)
	at org.apache.hadoop.hdds.scm.pipeline.SCMPipelineManager.destroyPipeline(SCMPipelineManager.java:409)
	at org.apache.hadoop.hdds.scm.pipeline.SCMPipelineManager.lambda$finalizeAndDestroyPipeline$0(SCMPipelineManager.java:318)
	at org.apache.hadoop.utils.Scheduler.lambda$schedule$1(Scheduler.java:68)
	at java.util.concurrent.Executors$RunnableAdapter.call(Executors.java:511)
	at java.util.concurrent.FutureTask.run(FutureTask.java:266)
	at java.util.concurrent.ScheduledThreadPoolExecutor$ScheduledFutureTask.access$201(ScheduledThreadPoolExecutor.java:180)
	at java.util.concurrent.ScheduledThreadPoolExecutor$ScheduledFutureTask.run(ScheduledThreadPoolExecutor.java:293)
	at java.util.concurrent.ThreadPoolExecutor.runWorker(ThreadPoolExecutor.java:1149)
	at java.util.concurrent.ThreadPoolExecutor$Worker.run(ThreadPoolExecutor.java:624)
	at java.lang.Thread.run(Thread.java:748)
2019-09-11 06:31:19,349 [java.util.concurrent.ThreadPoolExecutor$Worker@550fe58d[State = -1, empty queue]] WARN  server.GrpcLogAppender (GrpcLogAppender.java:timeoutAppendRequest(200)) - 16d0fe26-9857-4477-8b2c-205100b6d095@group-B428A23D2245->b3ae6e77-09f2-43a9-bb74-0baf269e9625-GrpcLogAppender: appendEntries Timeout, request=16d0fe26-9857-4477-8b2c-205100b6d095->b3ae6e77-09f2-43a9-bb74-0baf269e9625#8-t1, previous=(t:1, i:6), leaderCommit=6, initializing? false, entries: size=1, first=(t:1, i:7), STATEMACHINELOGENTRY, client-003637AF6369, cid=42
2019-09-11 06:31:19,349 [java.util.concurrent.ThreadPoolExecutor$Worker@2eb904fc[State = -1, empty queue]] WARN  server.GrpcLogAppender (GrpcLogAppender.java:timeoutAppendRequest(200)) - 16d0fe26-9857-4477-8b2c-205100b6d095@group-B428A23D2245->fbfdc5e7-35fe-4dec-93a8-24c91dabe6d4-GrpcLogAppender: appendEntries Timeout, request=16d0fe26-9857-4477-8b2c-205100b6d095->fbfdc5e7-35fe-4dec-93a8-24c91dabe6d4#8-t1, previous=(t:1, i:6), leaderCommit=6, initializing? false, entries: size=1, first=(t:1, i:7), STATEMACHINELOGENTRY, client-003637AF6369, cid=42
2019-09-11 06:31:19,349 [java.util.concurrent.ThreadPoolExecutor$Worker@550fe58d[State = -1, empty queue]] WARN  server.GrpcLogAppender (GrpcLogAppender.java:timeoutAppendRequest(200)) - 16d0fe26-9857-4477-8b2c-205100b6d095@group-B428A23D2245->b3ae6e77-09f2-43a9-bb74-0baf269e9625-GrpcLogAppender: appendEntries Timeout, request=16d0fe26-9857-4477-8b2c-205100b6d095->b3ae6e77-09f2-43a9-bb74-0baf269e9625#9-t1, previous=(t:1, i:7), leaderCommit=6, initializing? false, entries: size=1, first=(t:1, i:8), STATEMACHINELOGENTRY, client-003637AF6369, cid=43
2019-09-11 06:31:19,349 [java.util.concurrent.ThreadPoolExecutor$Worker@2eb904fc[State = -1, empty queue]] WARN  server.GrpcLogAppender (GrpcLogAppender.java:timeoutAppendRequest(200)) - 16d0fe26-9857-4477-8b2c-205100b6d095@group-B428A23D2245->fbfdc5e7-35fe-4dec-93a8-24c91dabe6d4-GrpcLogAppender: appendEntries Timeout, request=16d0fe26-9857-4477-8b2c-205100b6d095->fbfdc5e7-35fe-4dec-93a8-24c91dabe6d4#9-t1, previous=(t:1, i:7), leaderCommit=6, initializing? false, entries: size=1, first=(t:1, i:8), STATEMACHINELOGENTRY, client-003637AF6369, cid=43
2019-09-11 06:31:19,349 [java.util.concurrent.ThreadPoolExecutor$Worker@550fe58d[State = -1, empty queue]] WARN  server.GrpcLogAppender (GrpcLogAppender.java:timeoutAppendRequest(200)) - 16d0fe26-9857-4477-8b2c-205100b6d095@group-B428A23D2245->b3ae6e77-09f2-43a9-bb74-0baf269e9625-GrpcLogAppender: appendEntries Timeout, request=16d0fe26-9857-4477-8b2c-205100b6d095->b3ae6e77-09f2-43a9-bb74-0baf269e9625#10-t1, previous=(t:1, i:8), leaderCommit=6, initializing? false, entries: size=1, first=(t:1, i:9), STATEMACHINELOGENTRY, client-003637AF6369, cid=44
2019-09-11 06:31:19,349 [java.util.concurrent.ThreadPoolExecutor$Worker@2eb904fc[State = -1, empty queue]] WARN  server.GrpcLogAppender (GrpcLogAppender.java:timeoutAppendRequest(200)) - 16d0fe26-9857-4477-8b2c-205100b6d095@group-B428A23D2245->fbfdc5e7-35fe-4dec-93a8-24c91dabe6d4-GrpcLogAppender: appendEntries Timeout, request=16d0fe26-9857-4477-8b2c-205100b6d095->fbfdc5e7-35fe-4dec-93a8-24c91dabe6d4#10-t1, previous=(t:1, i:8), leaderCommit=6, initializing? false, entries: size=1, first=(t:1, i:9), STATEMACHINELOGENTRY, client-003637AF6369, cid=44
2019-09-11 06:31:19,350 [java.util.concurrent.ThreadPoolExecutor$Worker@550fe58d[State = -1, empty queue]] WARN  server.GrpcLogAppender (GrpcLogAppender.java:timeoutAppendRequest(200)) - 16d0fe26-9857-4477-8b2c-205100b6d095@group-B428A23D2245->b3ae6e77-09f2-43a9-bb74-0baf269e9625-GrpcLogAppender: appendEntries Timeout, request=16d0fe26-9857-4477-8b2c-205100b6d095->b3ae6e77-09f2-43a9-bb74-0baf269e9625#11-t1, previous=(t:1, i:9), leaderCommit=6, initializing? false, entries: size=1, first=(t:1, i:10), STATEMACHINELOGENTRY, client-003637AF6369, cid=45
2019-09-11 06:31:19,350 [java.util.concurrent.ThreadPoolExecutor$Worker@2eb904fc[State = -1, empty queue]] WARN  server.GrpcLogAppender (GrpcLogAppender.java:timeoutAppendRequest(200)) - 16d0fe26-9857-4477-8b2c-205100b6d095@group-B428A23D2245->fbfdc5e7-35fe-4dec-93a8-24c91dabe6d4-GrpcLogAppender: appendEntries Timeout, request=16d0fe26-9857-4477-8b2c-205100b6d095->fbfdc5e7-35fe-4dec-93a8-24c91dabe6d4#11-t1, previous=(t:1, i:9), leaderCommit=6, initializing? false, entries: size=1, first=(t:1, i:10), STATEMACHINELOGENTRY, client-003637AF6369, cid=45
2019-09-11 06:31:19,351 [java.util.concurrent.ThreadPoolExecutor$Worker@550fe58d[State = -1, empty queue]] WARN  server.GrpcLogAppender (GrpcLogAppender.java:timeoutAppendRequest(200)) - 16d0fe26-9857-4477-8b2c-205100b6d095@group-B428A23D2245->b3ae6e77-09f2-43a9-bb74-0baf269e9625-GrpcLogAppender: appendEntries Timeout, request=16d0fe26-9857-4477-8b2c-205100b6d095->b3ae6e77-09f2-43a9-bb74-0baf269e9625#12-t1, previous=(t:1, i:10), leaderCommit=6, initializing? false, entries: size=1, first=(t:1, i:11), STATEMACHINELOGENTRY, client-003637AF6369, cid=46
2019-09-11 06:31:19,351 [java.util.concurrent.ThreadPoolExecutor$Worker@2eb904fc[State = -1, empty queue]] WARN  server.GrpcLogAppender (GrpcLogAppender.java:timeoutAppendRequest(200)) - 16d0fe26-9857-4477-8b2c-205100b6d095@group-B428A23D2245->fbfdc5e7-35fe-4dec-93a8-24c91dabe6d4-GrpcLogAppender: appendEntries Timeout, request=16d0fe26-9857-4477-8b2c-205100b6d095->fbfdc5e7-35fe-4dec-93a8-24c91dabe6d4#12-t1, previous=(t:1, i:10), leaderCommit=6, initializing? false, entries: size=1, first=(t:1, i:11), STATEMACHINELOGENTRY, client-003637AF6369, cid=46
2019-09-11 06:31:19,351 [java.util.concurrent.ThreadPoolExecutor$Worker@550fe58d[State = -1, empty queue]] WARN  server.GrpcLogAppender (GrpcLogAppender.java:timeoutAppendRequest(200)) - 16d0fe26-9857-4477-8b2c-205100b6d095@group-B428A23D2245->b3ae6e77-09f2-43a9-bb74-0baf269e9625-GrpcLogAppender: appendEntries Timeout, request=16d0fe26-9857-4477-8b2c-205100b6d095->b3ae6e77-09f2-43a9-bb74-0baf269e9625#13-t1, previous=(t:1, i:11), leaderCommit=6, initializing? false, entries: size=1, first=(t:1, i:12), STATEMACHINELOGENTRY, client-003637AF6369, cid=47
2019-09-11 06:31:19,351 [java.util.concurrent.ThreadPoolExecutor$Worker@2eb904fc[State = -1, empty queue]] WARN  server.GrpcLogAppender (GrpcLogAppender.java:timeoutAppendRequest(200)) - 16d0fe26-9857-4477-8b2c-205100b6d095@group-B428A23D2245->fbfdc5e7-35fe-4dec-93a8-24c91dabe6d4-GrpcLogAppender: appendEntries Timeout, request=16d0fe26-9857-4477-8b2c-205100b6d095->fbfdc5e7-35fe-4dec-93a8-24c91dabe6d4#13-t1, previous=(t:1, i:11), leaderCommit=6, initializing? false, entries: size=1, first=(t:1, i:12), STATEMACHINELOGENTRY, client-003637AF6369, cid=47
2019-09-11 06:31:21,022 [grpc-default-executor-8] INFO  impl.RaftServerProxy (RaftServerProxy.java:remove(95)) - b3ae6e77-09f2-43a9-bb74-0baf269e9625: remove group-CAB34B64531B:null
2019-09-11 06:31:21,031 [RatisPipelineUtilsThread] WARN  pipeline.RatisPipelineUtils (RatisPipelineUtils.java:destroyPipeline(66)) - Pipeline destroy failed for pipeline=PipelineID=f7ee6abd-8b7b-4e6e-a17a-cab34b64531b dn=b3ae6e77-09f2-43a9-bb74-0baf269e9625{ip: 192.168.36.125, host: trunk-nightly-20190911-vpfxm-1000144475, networkLocation: /default-rack, certSerialId: null}
2019-09-11 06:31:21,038 [grpc-default-executor-8] INFO  impl.RaftServerProxy (RaftServerProxy.java:remove(95)) - fbfdc5e7-35fe-4dec-93a8-24c91dabe6d4: remove group-CAB34B64531B:null
2019-09-11 06:31:21,045 [RatisPipelineUtilsThread] WARN  pipeline.RatisPipelineUtils (RatisPipelineUtils.java:destroyPipeline(66)) - Pipeline destroy failed for pipeline=PipelineID=f7ee6abd-8b7b-4e6e-a17a-cab34b64531b dn=fbfdc5e7-35fe-4dec-93a8-24c91dabe6d4{ip: 192.168.36.125, host: trunk-nightly-20190911-vpfxm-1000144475, networkLocation: /default-rack, certSerialId: null}
2019-09-11 06:31:21,052 [grpc-default-executor-8] INFO  impl.RaftServerProxy (RaftServerProxy.java:remove(95)) - 16d0fe26-9857-4477-8b2c-205100b6d095: remove group-CAB34B64531B:null
2019-09-11 06:31:21,059 [RatisPipelineUtilsThread] WARN  pipeline.RatisPipelineUtils (RatisPipelineUtils.java:destroyPipeline(66)) - Pipeline destroy failed for pipeline=PipelineID=f7ee6abd-8b7b-4e6e-a17a-cab34b64531b dn=16d0fe26-9857-4477-8b2c-205100b6d095{ip: 192.168.36.125, host: trunk-nightly-20190911-vpfxm-1000144475, networkLocation: /default-rack, certSerialId: null}
2019-09-11 06:31:21,060 [RatisPipelineUtilsThread] ERROR pipeline.SCMPipelineManager (Scheduler.java:lambda$schedule$1(70)) - Destroy pipeline failed for pipeline:Pipeline[ Id: f7ee6abd-8b7b-4e6e-a17a-cab34b64531b, Nodes: b3ae6e77-09f2-43a9-bb74-0baf269e9625{ip: 192.168.36.125, host: trunk-nightly-20190911-vpfxm-1000144475, networkLocation: /default-rack, certSerialId: null}fbfdc5e7-35fe-4dec-93a8-24c91dabe6d4{ip: 192.168.36.125, host: trunk-nightly-20190911-vpfxm-1000144475, networkLocation: /default-rack, certSerialId: null}16d0fe26-9857-4477-8b2c-205100b6d095{ip: 192.168.36.125, host: trunk-nightly-20190911-vpfxm-1000144475, networkLocation: /default-rack, certSerialId: null}, Type:RATIS, Factor:THREE, State:CLOSED]
org.apache.hadoop.hdds.scm.pipeline.PipelineNotFoundException: PipelineID=f7ee6abd-8b7b-4e6e-a17a-cab34b64531b not found
	at org.apache.hadoop.hdds.scm.pipeline.PipelineStateMap.getPipeline(PipelineStateMap.java:132)
	at org.apache.hadoop.hdds.scm.pipeline.PipelineStateMap.removePipeline(PipelineStateMap.java:322)
	at org.apache.hadoop.hdds.scm.pipeline.PipelineStateManager.removePipeline(PipelineStateManager.java:107)
	at org.apache.hadoop.hdds.scm.pipeline.SCMPipelineManager.removePipeline(SCMPipelineManager.java:423)
	at org.apache.hadoop.hdds.scm.pipeline.SCMPipelineManager.destroyPipeline(SCMPipelineManager.java:409)
	at org.apache.hadoop.hdds.scm.pipeline.SCMPipelineManager.lambda$finalizeAndDestroyPipeline$0(SCMPipelineManager.java:318)
	at org.apache.hadoop.utils.Scheduler.lambda$schedule$1(Scheduler.java:68)
	at java.util.concurrent.Executors$RunnableAdapter.call(Executors.java:511)
	at java.util.concurrent.FutureTask.run(FutureTask.java:266)
	at java.util.concurrent.ScheduledThreadPoolExecutor$ScheduledFutureTask.access$201(ScheduledThreadPoolExecutor.java:180)
	at java.util.concurrent.ScheduledThreadPoolExecutor$ScheduledFutureTask.run(ScheduledThreadPoolExecutor.java:293)
	at java.util.concurrent.ThreadPoolExecutor.runWorker(ThreadPoolExecutor.java:1149)
	at java.util.concurrent.ThreadPoolExecutor$Worker.run(ThreadPoolExecutor.java:624)
	at java.lang.Thread.run(Thread.java:748)
2019-09-11 06:31:21,364 [grpc-default-executor-7] INFO  client.GrpcClientProtocolClient (GrpcClientProtocolClient.java:onNext(264)) - client-003637AF6369->fbfdc5e7-35fe-4dec-93a8-24c91dabe6d4: receive RaftClientReply:client-003637AF6369->fbfdc5e7-35fe-4dec-93a8-24c91dabe6d4@group-B428A23D2245, cid=42, FAILED org.apache.ratis.protocol.NotLeaderException: Server fbfdc5e7-35fe-4dec-93a8-24c91dabe6d4@group-B428A23D2245 is not the leader 16d0fe26-9857-4477-8b2c-205100b6d095:192.168.36.125:33180, logIndex=0, commits[fbfdc5e7-35fe-4dec-93a8-24c91dabe6d4:c6, b3ae6e77-09f2-43a9-bb74-0baf269e9625:c4, 16d0fe26-9857-4477-8b2c-205100b6d095:c6]
2019-09-11 06:31:21,852 [java.util.concurrent.ThreadPoolExecutor$Worker@550fe58d[State = -1, empty queue]] WARN  server.GrpcLogAppender (GrpcLogAppender.java:timeoutAppendRequest(200)) - 16d0fe26-9857-4477-8b2c-205100b6d095@group-B428A23D2245->b3ae6e77-09f2-43a9-bb74-0baf269e9625-GrpcLogAppender: appendEntries Timeout, request=16d0fe26-9857-4477-8b2c-205100b6d095->b3ae6e77-09f2-43a9-bb74-0baf269e9625#14-t1, previous=(t:1, i:12), leaderCommit=6, initializing? false, entries: <empty>
2019-09-11 06:31:21,852 [java.util.concurrent.ThreadPoolExecutor$Worker@2eb904fc[State = -1, empty queue]] WARN  server.GrpcLogAppender (GrpcLogAppender.java:timeoutAppendRequest(200)) - 16d0fe26-9857-4477-8b2c-205100b6d095@group-B428A23D2245->fbfdc5e7-35fe-4dec-93a8-24c91dabe6d4-GrpcLogAppender: appendEntries Timeout, request=16d0fe26-9857-4477-8b2c-205100b6d095->fbfdc5e7-35fe-4dec-93a8-24c91dabe6d4#14-t1, previous=(t:1, i:12), leaderCommit=6, initializing? false, entries: <empty>
2019-09-11 06:31:24,021 [grpc-default-executor-7] INFO  impl.RaftServerProxy (RaftServerProxy.java:remove(95)) - b3ae6e77-09f2-43a9-bb74-0baf269e9625: remove group-CAB34B64531B:null
2019-09-11 06:31:24,029 [RatisPipelineUtilsThread] WARN  pipeline.RatisPipelineUtils (RatisPipelineUtils.java:destroyPipeline(66)) - Pipeline destroy failed for pipeline=PipelineID=f7ee6abd-8b7b-4e6e-a17a-cab34b64531b dn=b3ae6e77-09f2-43a9-bb74-0baf269e9625{ip: 192.168.36.125, host: trunk-nightly-20190911-vpfxm-1000144475, networkLocation: /default-rack, certSerialId: null}
2019-09-11 06:31:24,043 [grpc-default-executor-7] INFO  impl.RaftServerProxy (RaftServerProxy.java:remove(95)) - fbfdc5e7-35fe-4dec-93a8-24c91dabe6d4: remove group-CAB34B64531B:null
2019-09-11 06:31:24,052 [RatisPipelineUtilsThread] WARN  pipeline.RatisPipelineUtils (RatisPipelineUtils.java:destroyPipeline(66)) - Pipeline destroy failed for pipeline=PipelineID=f7ee6abd-8b7b-4e6e-a17a-cab34b64531b dn=fbfdc5e7-35fe-4dec-93a8-24c91dabe6d4{ip: 192.168.36.125, host: trunk-nightly-20190911-vpfxm-1000144475, networkLocation: /default-rack, certSerialId: null}
2019-09-11 06:31:24,056 [grpc-default-executor-7] INFO  impl.RaftServerProxy (RaftServerProxy.java:remove(95)) - 16d0fe26-9857-4477-8b2c-205100b6d095: remove group-CAB34B64531B:null
2019-09-11 06:31:24,067 [RatisPipelineUtilsThread] WARN  pipeline.RatisPipelineUtils (RatisPipelineUtils.java:destroyPipeline(66)) - Pipeline destroy failed for pipeline=PipelineID=f7ee6abd-8b7b-4e6e-a17a-cab34b64531b dn=16d0fe26-9857-4477-8b2c-205100b6d095{ip: 192.168.36.125, host: trunk-nightly-20190911-vpfxm-1000144475, networkLocation: /default-rack, certSerialId: null}
2019-09-11 06:31:24,068 [RatisPipelineUtilsThread] ERROR pipeline.SCMPipelineManager (Scheduler.java:lambda$schedule$1(70)) - Destroy pipeline failed for pipeline:Pipeline[ Id: f7ee6abd-8b7b-4e6e-a17a-cab34b64531b, Nodes: b3ae6e77-09f2-43a9-bb74-0baf269e9625{ip: 192.168.36.125, host: trunk-nightly-20190911-vpfxm-1000144475, networkLocation: /default-rack, certSerialId: null}fbfdc5e7-35fe-4dec-93a8-24c91dabe6d4{ip: 192.168.36.125, host: trunk-nightly-20190911-vpfxm-1000144475, networkLocation: /default-rack, certSerialId: null}16d0fe26-9857-4477-8b2c-205100b6d095{ip: 192.168.36.125, host: trunk-nightly-20190911-vpfxm-1000144475, networkLocation: /default-rack, certSerialId: null}, Type:RATIS, Factor:THREE, State:CLOSED]
org.apache.hadoop.hdds.scm.pipeline.PipelineNotFoundException: PipelineID=f7ee6abd-8b7b-4e6e-a17a-cab34b64531b not found
	at org.apache.hadoop.hdds.scm.pipeline.PipelineStateMap.getPipeline(PipelineStateMap.java:132)
	at org.apache.hadoop.hdds.scm.pipeline.PipelineStateMap.removePipeline(PipelineStateMap.java:322)
	at org.apache.hadoop.hdds.scm.pipeline.PipelineStateManager.removePipeline(PipelineStateManager.java:107)
	at org.apache.hadoop.hdds.scm.pipeline.SCMPipelineManager.removePipeline(SCMPipelineManager.java:423)
	at org.apache.hadoop.hdds.scm.pipeline.SCMPipelineManager.destroyPipeline(SCMPipelineManager.java:409)
	at org.apache.hadoop.hdds.scm.pipeline.SCMPipelineManager.lambda$finalizeAndDestroyPipeline$0(SCMPipelineManager.java:318)
	at org.apache.hadoop.utils.Scheduler.lambda$schedule$1(Scheduler.java:68)
	at java.util.concurrent.Executors$RunnableAdapter.call(Executors.java:511)
	at java.util.concurrent.FutureTask.run(FutureTask.java:266)
	at java.util.concurrent.ScheduledThreadPoolExecutor$ScheduledFutureTask.access$201(ScheduledThreadPoolExecutor.java:180)
	at java.util.concurrent.ScheduledThreadPoolExecutor$ScheduledFutureTask.run(ScheduledThreadPoolExecutor.java:293)
	at java.util.concurrent.ThreadPoolExecutor.runWorker(ThreadPoolExecutor.java:1149)
	at java.util.concurrent.ThreadPoolExecutor$Worker.run(ThreadPoolExecutor.java:624)
	at java.lang.Thread.run(Thread.java:748)
2019-09-11 06:31:24,352 [java.util.concurrent.ThreadPoolExecutor$Worker@550fe58d[State = -1, empty queue]] WARN  server.GrpcLogAppender (GrpcLogAppender.java:timeoutAppendRequest(200)) - 16d0fe26-9857-4477-8b2c-205100b6d095@group-B428A23D2245->b3ae6e77-09f2-43a9-bb74-0baf269e9625-GrpcLogAppender: appendEntries Timeout, request=16d0fe26-9857-4477-8b2c-205100b6d095->b3ae6e77-09f2-43a9-bb74-0baf269e9625#15-t1, previous=(t:1, i:12), leaderCommit=6, initializing? false, entries: <empty>
2019-09-11 06:31:24,352 [java.util.concurrent.ThreadPoolExecutor$Worker@2eb904fc[State = -1, empty queue]] WARN  server.GrpcLogAppender (GrpcLogAppender.java:timeoutAppendRequest(200)) - 16d0fe26-9857-4477-8b2c-205100b6d095@group-B428A23D2245->fbfdc5e7-35fe-4dec-93a8-24c91dabe6d4-GrpcLogAppender: appendEntries Timeout, request=16d0fe26-9857-4477-8b2c-205100b6d095->fbfdc5e7-35fe-4dec-93a8-24c91dabe6d4#15-t1, previous=(t:1, i:12), leaderCommit=6, initializing? false, entries: <empty>
2019-09-11 06:31:26,015 [grpc-default-executor-7] INFO  impl.RaftServerProxy (RaftServerProxy.java:remove(95)) - b3ae6e77-09f2-43a9-bb74-0baf269e9625: remove group-CAB34B64531B:null
2019-09-11 06:31:26,024 [RatisPipelineUtilsThread] WARN  pipeline.RatisPipelineUtils (RatisPipelineUtils.java:destroyPipeline(66)) - Pipeline destroy failed for pipeline=PipelineID=f7ee6abd-8b7b-4e6e-a17a-cab34b64531b dn=b3ae6e77-09f2-43a9-bb74-0baf269e9625{ip: 192.168.36.125, host: trunk-nightly-20190911-vpfxm-1000144475, networkLocation: /default-rack, certSerialId: null}
2019-09-11 06:31:26,028 [grpc-default-executor-7] INFO  impl.RaftServerProxy (RaftServerProxy.java:remove(95)) - fbfdc5e7-35fe-4dec-93a8-24c91dabe6d4: remove group-CAB34B64531B:null
2019-09-11 06:31:26,034 [RatisPipelineUtilsThread] WARN  pipeline.RatisPipelineUtils (RatisPipelineUtils.java:destroyPipeline(66)) - Pipeline destroy failed for pipeline=PipelineID=f7ee6abd-8b7b-4e6e-a17a-cab34b64531b dn=fbfdc5e7-35fe-4dec-93a8-24c91dabe6d4{ip: 192.168.36.125, host: trunk-nightly-20190911-vpfxm-1000144475, networkLocation: /default-rack, certSerialId: null}
2019-09-11 06:31:26,037 [grpc-default-executor-7] INFO  impl.RaftServerProxy (RaftServerProxy.java:remove(95)) - 16d0fe26-9857-4477-8b2c-205100b6d095: remove group-CAB34B64531B:null
2019-09-11 06:31:26,041 [RatisPipelineUtilsThread] WARN  pipeline.RatisPipelineUtils (RatisPipelineUtils.java:destroyPipeline(66)) - Pipeline destroy failed for pipeline=PipelineID=f7ee6abd-8b7b-4e6e-a17a-cab34b64531b dn=16d0fe26-9857-4477-8b2c-205100b6d095{ip: 192.168.36.125, host: trunk-nightly-20190911-vpfxm-1000144475, networkLocation: /default-rack, certSerialId: null}
2019-09-11 06:31:26,042 [RatisPipelineUtilsThread] ERROR pipeline.SCMPipelineManager (Scheduler.java:lambda$schedule$1(70)) - Destroy pipeline failed for pipeline:Pipeline[ Id: f7ee6abd-8b7b-4e6e-a17a-cab34b64531b, Nodes: b3ae6e77-09f2-43a9-bb74-0baf269e9625{ip: 192.168.36.125, host: trunk-nightly-20190911-vpfxm-1000144475, networkLocation: /default-rack, certSerialId: null}fbfdc5e7-35fe-4dec-93a8-24c91dabe6d4{ip: 192.168.36.125, host: trunk-nightly-20190911-vpfxm-1000144475, networkLocation: /default-rack, certSerialId: null}16d0fe26-9857-4477-8b2c-205100b6d095{ip: 192.168.36.125, host: trunk-nightly-20190911-vpfxm-1000144475, networkLocation: /default-rack, certSerialId: null}, Type:RATIS, Factor:THREE, State:CLOSED]
org.apache.hadoop.hdds.scm.pipeline.PipelineNotFoundException: PipelineID=f7ee6abd-8b7b-4e6e-a17a-cab34b64531b not found
	at org.apache.hadoop.hdds.scm.pipeline.PipelineStateMap.getPipeline(PipelineStateMap.java:132)
	at org.apache.hadoop.hdds.scm.pipeline.PipelineStateMap.removePipeline(PipelineStateMap.java:322)
	at org.apache.hadoop.hdds.scm.pipeline.PipelineStateManager.removePipeline(PipelineStateManager.java:107)
	at org.apache.hadoop.hdds.scm.pipeline.SCMPipelineManager.removePipeline(SCMPipelineManager.java:423)
	at org.apache.hadoop.hdds.scm.pipeline.SCMPipelineManager.destroyPipeline(SCMPipelineManager.java:409)
	at org.apache.hadoop.hdds.scm.pipeline.SCMPipelineManager.lambda$finalizeAndDestroyPipeline$0(SCMPipelineManager.java:318)
	at org.apache.hadoop.utils.Scheduler.lambda$schedule$1(Scheduler.java:68)
	at java.util.concurrent.Executors$RunnableAdapter.call(Executors.java:511)
	at java.util.concurrent.FutureTask.run(FutureTask.java:266)
	at java.util.concurrent.ScheduledThreadPoolExecutor$ScheduledFutureTask.access$201(ScheduledThreadPoolExecutor.java:180)
	at java.util.concurrent.ScheduledThreadPoolExecutor$ScheduledFutureTask.run(ScheduledThreadPoolExecutor.java:293)
	at java.util.concurrent.ThreadPoolExecutor.runWorker(ThreadPoolExecutor.java:1149)
	at java.util.concurrent.ThreadPoolExecutor$Worker.run(ThreadPoolExecutor.java:624)
	at java.lang.Thread.run(Thread.java:748)
2019-09-11 06:31:26,350 [b3ae6e77-09f2-43a9-bb74-0baf269e9625@group-B428A23D2245-SegmentedRaftLogWorker] WARN  segmented.SegmentedRaftLogWorker (SegmentedRaftLogWorker.java:getFromFuture(90)) - Timeout 0/~
org.apache.ratis.protocol.TimeoutIOException: Timeout 10s: WriteLog:7: (t:1, i:7), STATEMACHINELOGENTRY, client-003637AF6369, cid=42-writeStateMachineData
	at org.apache.ratis.util.IOUtils.getFromFuture(IOUtils.java:87)
	at org.apache.ratis.server.raftlog.segmented.SegmentedRaftLogWorker$StateMachineDataPolicy.getFromFuture(SegmentedRaftLogWorker.java:87)
	at org.apache.ratis.server.raftlog.segmented.SegmentedRaftLogWorker$WriteLog.execute(SegmentedRaftLogWorker.java:477)
	at org.apache.ratis.server.raftlog.segmented.SegmentedRaftLogWorker.run(SegmentedRaftLogWorker.java:289)
	at java.lang.Thread.run(Thread.java:748)
Caused by: java.util.concurrent.TimeoutException
	at java.util.concurrent.CompletableFuture.timedGet(CompletableFuture.java:1771)
	at java.util.concurrent.CompletableFuture.get(CompletableFuture.java:1915)
	at org.apache.ratis.util.IOUtils.getFromFuture(IOUtils.java:79)
	... 4 more
2019-09-11 06:31:26,350 [fbfdc5e7-35fe-4dec-93a8-24c91dabe6d4@group-B428A23D2245-SegmentedRaftLogWorker] WARN  segmented.SegmentedRaftLogWorker (SegmentedRaftLogWorker.java:getFromFuture(90)) - Timeout 0/~
org.apache.ratis.protocol.TimeoutIOException: Timeout 10s: WriteLog:7: (t:1, i:7), STATEMACHINELOGENTRY, client-003637AF6369, cid=42-writeStateMachineData
	at org.apache.ratis.util.IOUtils.getFromFuture(IOUtils.java:87)
	at org.apache.ratis.server.raftlog.segmented.SegmentedRaftLogWorker$StateMachineDataPolicy.getFromFuture(SegmentedRaftLogWorker.java:87)
	at org.apache.ratis.server.raftlog.segmented.SegmentedRaftLogWorker$WriteLog.execute(SegmentedRaftLogWorker.java:477)
	at org.apache.ratis.server.raftlog.segmented.SegmentedRaftLogWorker.run(SegmentedRaftLogWorker.java:289)
	at java.lang.Thread.run(Thread.java:748)
Caused by: java.util.concurrent.TimeoutException
	at java.util.concurrent.CompletableFuture.timedGet(CompletableFuture.java:1771)
	at java.util.concurrent.CompletableFuture.get(CompletableFuture.java:1915)
	at org.apache.ratis.util.IOUtils.getFromFuture(IOUtils.java:79)
	... 4 more
2019-09-11 06:31:26,421 [grpc-default-executor-7] INFO  client.GrpcClientProtocolClient (GrpcClientProtocolClient.java:onNext(264)) - client-003637AF6369->fbfdc5e7-35fe-4dec-93a8-24c91dabe6d4: receive RaftClientReply:client-003637AF6369->fbfdc5e7-35fe-4dec-93a8-24c91dabe6d4@group-B428A23D2245, cid=42, FAILED org.apache.ratis.protocol.NotLeaderException: Server fbfdc5e7-35fe-4dec-93a8-24c91dabe6d4@group-B428A23D2245 is not the leader 16d0fe26-9857-4477-8b2c-205100b6d095:192.168.36.125:33180, logIndex=0, commits[fbfdc5e7-35fe-4dec-93a8-24c91dabe6d4:c6, b3ae6e77-09f2-43a9-bb74-0baf269e9625:c4, 16d0fe26-9857-4477-8b2c-205100b6d095:c6]
2019-09-11 06:31:26,483 [16d0fe26-9857-4477-8b2c-205100b6d095@group-B428A23D2245-SegmentedRaftLogWorker] WARN  segmented.SegmentedRaftLogWorker (SegmentedRaftLogWorker.java:getFromFuture(90)) - Timeout 0/~
org.apache.ratis.protocol.TimeoutIOException: Timeout 10s: WriteLog:10: (t:1, i:10), STATEMACHINELOGENTRY, client-003637AF6369, cid=45-writeStateMachineData
	at org.apache.ratis.util.IOUtils.getFromFuture(IOUtils.java:87)
	at org.apache.ratis.server.raftlog.segmented.SegmentedRaftLogWorker$StateMachineDataPolicy.getFromFuture(SegmentedRaftLogWorker.java:87)
	at org.apache.ratis.server.raftlog.segmented.SegmentedRaftLogWorker$WriteLog.execute(SegmentedRaftLogWorker.java:477)
	at org.apache.ratis.server.raftlog.segmented.SegmentedRaftLogWorker.run(SegmentedRaftLogWorker.java:289)
	at java.lang.Thread.run(Thread.java:748)
Caused by: java.util.concurrent.TimeoutException
	at java.util.concurrent.CompletableFuture.timedGet(CompletableFuture.java:1771)
	at java.util.concurrent.CompletableFuture.get(CompletableFuture.java:1915)
	at org.apache.ratis.util.IOUtils.getFromFuture(IOUtils.java:79)
	... 4 more
2019-09-11 06:31:26,854 [java.util.concurrent.ThreadPoolExecutor$Worker@2eb904fc[State = -1, empty queue]] WARN  server.GrpcLogAppender (GrpcLogAppender.java:timeoutAppendRequest(200)) - 16d0fe26-9857-4477-8b2c-205100b6d095@group-B428A23D2245->fbfdc5e7-35fe-4dec-93a8-24c91dabe6d4-GrpcLogAppender: appendEntries Timeout, request=16d0fe26-9857-4477-8b2c-205100b6d095->fbfdc5e7-35fe-4dec-93a8-24c91dabe6d4#16-t1, previous=(t:1, i:12), leaderCommit=6, initializing? false, entries: <empty>
2019-09-11 06:31:26,856 [java.util.concurrent.ThreadPoolExecutor$Worker@550fe58d[State = -1, empty queue]] WARN  server.GrpcLogAppender (GrpcLogAppender.java:timeoutAppendRequest(200)) - 16d0fe26-9857-4477-8b2c-205100b6d095@group-B428A23D2245->b3ae6e77-09f2-43a9-bb74-0baf269e9625-GrpcLogAppender: appendEntries Timeout, request=16d0fe26-9857-4477-8b2c-205100b6d095->b3ae6e77-09f2-43a9-bb74-0baf269e9625#16-t1, previous=(t:1, i:12), leaderCommit=6, initializing? false, entries: <empty>
2019-09-11 06:31:29,013 [grpc-default-executor-7] INFO  impl.RaftServerProxy (RaftServerProxy.java:remove(95)) - b3ae6e77-09f2-43a9-bb74-0baf269e9625: remove group-CAB34B64531B:null
2019-09-11 06:31:29,021 [RatisPipelineUtilsThread] WARN  pipeline.RatisPipelineUtils (RatisPipelineUtils.java:destroyPipeline(66)) - Pipeline destroy failed for pipeline=PipelineID=f7ee6abd-8b7b-4e6e-a17a-cab34b64531b dn=b3ae6e77-09f2-43a9-bb74-0baf269e9625{ip: 192.168.36.125, host: trunk-nightly-20190911-vpfxm-1000144475, networkLocation: /default-rack, certSerialId: null}
2019-09-11 06:31:29,024 [grpc-default-executor-7] INFO  impl.RaftServerProxy (RaftServerProxy.java:remove(95)) - fbfdc5e7-35fe-4dec-93a8-24c91dabe6d4: remove group-CAB34B64531B:null
2019-09-11 06:31:29,030 [RatisPipelineUtilsThread] WARN  pipeline.RatisPipelineUtils (RatisPipelineUtils.java:destroyPipeline(66)) - Pipeline destroy failed for pipeline=PipelineID=f7ee6abd-8b7b-4e6e-a17a-cab34b64531b dn=fbfdc5e7-35fe-4dec-93a8-24c91dabe6d4{ip: 192.168.36.125, host: trunk-nightly-20190911-vpfxm-1000144475, networkLocation: /default-rack, certSerialId: null}
2019-09-11 06:31:29,034 [grpc-default-executor-7] INFO  impl.RaftServerProxy (RaftServerProxy.java:remove(95)) - 16d0fe26-9857-4477-8b2c-205100b6d095: remove group-CAB34B64531B:null
2019-09-11 06:31:29,039 [RatisPipelineUtilsThread] WARN  pipeline.RatisPipelineUtils (RatisPipelineUtils.java:destroyPipeline(66)) - Pipeline destroy failed for pipeline=PipelineID=f7ee6abd-8b7b-4e6e-a17a-cab34b64531b dn=16d0fe26-9857-4477-8b2c-205100b6d095{ip: 192.168.36.125, host: trunk-nightly-20190911-vpfxm-1000144475, networkLocation: /default-rack, certSerialId: null}
2019-09-11 06:31:29,039 [RatisPipelineUtilsThread] ERROR pipeline.SCMPipelineManager (Scheduler.java:lambda$schedule$1(70)) - Destroy pipeline failed for pipeline:Pipeline[ Id: f7ee6abd-8b7b-4e6e-a17a-cab34b64531b, Nodes: b3ae6e77-09f2-43a9-bb74-0baf269e9625{ip: 192.168.36.125, host: trunk-nightly-20190911-vpfxm-1000144475, networkLocation: /default-rack, certSerialId: null}fbfdc5e7-35fe-4dec-93a8-24c91dabe6d4{ip: 192.168.36.125, host: trunk-nightly-20190911-vpfxm-1000144475, networkLocation: /default-rack, certSerialId: null}16d0fe26-9857-4477-8b2c-205100b6d095{ip: 192.168.36.125, host: trunk-nightly-20190911-vpfxm-1000144475, networkLocation: /default-rack, certSerialId: null}, Type:RATIS, Factor:THREE, State:CLOSED]
org.apache.hadoop.hdds.scm.pipeline.PipelineNotFoundException: PipelineID=f7ee6abd-8b7b-4e6e-a17a-cab34b64531b not found
	at org.apache.hadoop.hdds.scm.pipeline.PipelineStateMap.getPipeline(PipelineStateMap.java:132)
	at org.apache.hadoop.hdds.scm.pipeline.PipelineStateMap.removePipeline(PipelineStateMap.java:322)
	at org.apache.hadoop.hdds.scm.pipeline.PipelineStateManager.removePipeline(PipelineStateManager.java:107)
	at org.apache.hadoop.hdds.scm.pipeline.SCMPipelineManager.removePipeline(SCMPipelineManager.java:423)
	at org.apache.hadoop.hdds.scm.pipeline.SCMPipelineManager.destroyPipeline(SCMPipelineManager.java:409)
	at org.apache.hadoop.hdds.scm.pipeline.SCMPipelineManager.lambda$finalizeAndDestroyPipeline$0(SCMPipelineManager.java:318)
	at org.apache.hadoop.utils.Scheduler.lambda$schedule$1(Scheduler.java:68)
	at java.util.concurrent.Executors$RunnableAdapter.call(Executors.java:511)
	at java.util.concurrent.FutureTask.run(FutureTask.java:266)
	at java.util.concurrent.ScheduledThreadPoolExecutor$ScheduledFutureTask.access$201(ScheduledThreadPoolExecutor.java:180)
	at java.util.concurrent.ScheduledThreadPoolExecutor$ScheduledFutureTask.run(ScheduledThreadPoolExecutor.java:293)
	at java.util.concurrent.ThreadPoolExecutor.runWorker(ThreadPoolExecutor.java:1149)
	at java.util.concurrent.ThreadPoolExecutor$Worker.run(ThreadPoolExecutor.java:624)
	at java.lang.Thread.run(Thread.java:748)
2019-09-11 06:31:29,355 [java.util.concurrent.ThreadPoolExecutor$Worker@2eb904fc[State = -1, empty queue]] WARN  server.GrpcLogAppender (GrpcLogAppender.java:timeoutAppendRequest(200)) - 16d0fe26-9857-4477-8b2c-205100b6d095@group-B428A23D2245->fbfdc5e7-35fe-4dec-93a8-24c91dabe6d4-GrpcLogAppender: appendEntries Timeout, request=16d0fe26-9857-4477-8b2c-205100b6d095->fbfdc5e7-35fe-4dec-93a8-24c91dabe6d4#17-t1, previous=(t:1, i:12), leaderCommit=6, initializing? false, entries: <empty>
2019-09-11 06:31:29,356 [java.util.concurrent.ThreadPoolExecutor$Worker@550fe58d[State = -1, empty queue]] WARN  server.GrpcLogAppender (GrpcLogAppender.java:timeoutAppendRequest(200)) - 16d0fe26-9857-4477-8b2c-205100b6d095@group-B428A23D2245->b3ae6e77-09f2-43a9-bb74-0baf269e9625-GrpcLogAppender: appendEntries Timeout, request=16d0fe26-9857-4477-8b2c-205100b6d095->b3ae6e77-09f2-43a9-bb74-0baf269e9625#17-t1, previous=(t:1, i:12), leaderCommit=6, initializing? false, entries: <empty>
2019-09-11 06:31:31,012 [grpc-default-executor-5] INFO  impl.RaftServerProxy (RaftServerProxy.java:remove(95)) - b3ae6e77-09f2-43a9-bb74-0baf269e9625: remove group-CAB34B64531B:null
2019-09-11 06:31:31,019 [RatisPipelineUtilsThread] WARN  pipeline.RatisPipelineUtils (RatisPipelineUtils.java:destroyPipeline(66)) - Pipeline destroy failed for pipeline=PipelineID=f7ee6abd-8b7b-4e6e-a17a-cab34b64531b dn=b3ae6e77-09f2-43a9-bb74-0baf269e9625{ip: 192.168.36.125, host: trunk-nightly-20190911-vpfxm-1000144475, networkLocation: /default-rack, certSerialId: null}
2019-09-11 06:31:31,023 [grpc-default-executor-5] INFO  impl.RaftServerProxy (RaftServerProxy.java:remove(95)) - fbfdc5e7-35fe-4dec-93a8-24c91dabe6d4: remove group-CAB34B64531B:null
2019-09-11 06:31:31,028 [RatisPipelineUtilsThread] WARN  pipeline.RatisPipelineUtils (RatisPipelineUtils.java:destroyPipeline(66)) - Pipeline destroy failed for pipeline=PipelineID=f7ee6abd-8b7b-4e6e-a17a-cab34b64531b dn=fbfdc5e7-35fe-4dec-93a8-24c91dabe6d4{ip: 192.168.36.125, host: trunk-nightly-20190911-vpfxm-1000144475, networkLocation: /default-rack, certSerialId: null}
2019-09-11 06:31:31,032 [grpc-default-executor-5] INFO  impl.RaftServerProxy (RaftServerProxy.java:remove(95)) - 16d0fe26-9857-4477-8b2c-205100b6d095: remove group-CAB34B64531B:null
2019-09-11 06:31:31,037 [RatisPipelineUtilsThread] WARN  pipeline.RatisPipelineUtils (RatisPipelineUtils.java:destroyPipeline(66)) - Pipeline destroy failed for pipeline=PipelineID=f7ee6abd-8b7b-4e6e-a17a-cab34b64531b dn=16d0fe26-9857-4477-8b2c-205100b6d095{ip: 192.168.36.125, host: trunk-nightly-20190911-vpfxm-1000144475, networkLocation: /default-rack, certSerialId: null}
2019-09-11 06:31:31,037 [RatisPipelineUtilsThread] ERROR pipeline.SCMPipelineManager (Scheduler.java:lambda$schedule$1(70)) - Destroy pipeline failed for pipeline:Pipeline[ Id: f7ee6abd-8b7b-4e6e-a17a-cab34b64531b, Nodes: b3ae6e77-09f2-43a9-bb74-0baf269e9625{ip: 192.168.36.125, host: trunk-nightly-20190911-vpfxm-1000144475, networkLocation: /default-rack, certSerialId: null}fbfdc5e7-35fe-4dec-93a8-24c91dabe6d4{ip: 192.168.36.125, host: trunk-nightly-20190911-vpfxm-1000144475, networkLocation: /default-rack, certSerialId: null}16d0fe26-9857-4477-8b2c-205100b6d095{ip: 192.168.36.125, host: trunk-nightly-20190911-vpfxm-1000144475, networkLocation: /default-rack, certSerialId: null}, Type:RATIS, Factor:THREE, State:CLOSED]
org.apache.hadoop.hdds.scm.pipeline.PipelineNotFoundException: PipelineID=f7ee6abd-8b7b-4e6e-a17a-cab34b64531b not found
	at org.apache.hadoop.hdds.scm.pipeline.PipelineStateMap.getPipeline(PipelineStateMap.java:132)
	at org.apache.hadoop.hdds.scm.pipeline.PipelineStateMap.removePipeline(PipelineStateMap.java:322)
	at org.apache.hadoop.hdds.scm.pipeline.PipelineStateManager.removePipeline(PipelineStateManager.java:107)
	at org.apache.hadoop.hdds.scm.pipeline.SCMPipelineManager.removePipeline(SCMPipelineManager.java:423)
	at org.apache.hadoop.hdds.scm.pipeline.SCMPipelineManager.destroyPipeline(SCMPipelineManager.java:409)
	at org.apache.hadoop.hdds.scm.pipeline.SCMPipelineManager.lambda$finalizeAndDestroyPipeline$0(SCMPipelineManager.java:318)
	at org.apache.hadoop.utils.Scheduler.lambda$schedule$1(Scheduler.java:68)
	at java.util.concurrent.Executors$RunnableAdapter.call(Executors.java:511)
	at java.util.concurrent.FutureTask.run(FutureTask.java:266)
	at java.util.concurrent.ScheduledThreadPoolExecutor$ScheduledFutureTask.access$201(ScheduledThreadPoolExecutor.java:180)
	at java.util.concurrent.ScheduledThreadPoolExecutor$ScheduledFutureTask.run(ScheduledThreadPoolExecutor.java:293)
	at java.util.concurrent.ThreadPoolExecutor.runWorker(ThreadPoolExecutor.java:1149)
	at java.util.concurrent.ThreadPoolExecutor$Worker.run(ThreadPoolExecutor.java:624)
	at java.lang.Thread.run(Thread.java:748)
2019-09-11 06:31:31,467 [grpc-default-executor-5] INFO  client.GrpcClientProtocolClient (GrpcClientProtocolClient.java:onNext(264)) - client-003637AF6369->fbfdc5e7-35fe-4dec-93a8-24c91dabe6d4: receive RaftClientReply:client-003637AF6369->fbfdc5e7-35fe-4dec-93a8-24c91dabe6d4@group-B428A23D2245, cid=42, FAILED org.apache.ratis.protocol.NotLeaderException: Server fbfdc5e7-35fe-4dec-93a8-24c91dabe6d4@group-B428A23D2245 is not the leader 16d0fe26-9857-4477-8b2c-205100b6d095:192.168.36.125:33180, logIndex=0, commits[fbfdc5e7-35fe-4dec-93a8-24c91dabe6d4:c6, b3ae6e77-09f2-43a9-bb74-0baf269e9625:c4, 16d0fe26-9857-4477-8b2c-205100b6d095:c6]
2019-09-11 06:31:31,856 [java.util.concurrent.ThreadPoolExecutor$Worker@2eb904fc[State = -1, empty queue]] WARN  server.GrpcLogAppender (GrpcLogAppender.java:timeoutAppendRequest(200)) - 16d0fe26-9857-4477-8b2c-205100b6d095@group-B428A23D2245->fbfdc5e7-35fe-4dec-93a8-24c91dabe6d4-GrpcLogAppender: appendEntries Timeout, request=16d0fe26-9857-4477-8b2c-205100b6d095->fbfdc5e7-35fe-4dec-93a8-24c91dabe6d4#18-t1, previous=(t:1, i:12), leaderCommit=6, initializing? false, entries: <empty>
2019-09-11 06:31:31,857 [java.util.concurrent.ThreadPoolExecutor$Worker@550fe58d[State = -1, empty queue]] WARN  server.GrpcLogAppender (GrpcLogAppender.java:timeoutAppendRequest(200)) - 16d0fe26-9857-4477-8b2c-205100b6d095@group-B428A23D2245->b3ae6e77-09f2-43a9-bb74-0baf269e9625-GrpcLogAppender: appendEntries Timeout, request=16d0fe26-9857-4477-8b2c-205100b6d095->b3ae6e77-09f2-43a9-bb74-0baf269e9625#18-t1, previous=(t:1, i:12), leaderCommit=6, initializing? false, entries: <empty>
2019-09-11 06:31:34,016 [grpc-default-executor-5] INFO  impl.RaftServerProxy (RaftServerProxy.java:remove(95)) - b3ae6e77-09f2-43a9-bb74-0baf269e9625: remove group-CAB34B64531B:null
2019-09-11 06:31:34,028 [RatisPipelineUtilsThread] WARN  pipeline.RatisPipelineUtils (RatisPipelineUtils.java:destroyPipeline(66)) - Pipeline destroy failed for pipeline=PipelineID=f7ee6abd-8b7b-4e6e-a17a-cab34b64531b dn=b3ae6e77-09f2-43a9-bb74-0baf269e9625{ip: 192.168.36.125, host: trunk-nightly-20190911-vpfxm-1000144475, networkLocation: /default-rack, certSerialId: null}
2019-09-11 06:31:34,033 [grpc-default-executor-5] INFO  impl.RaftServerProxy (RaftServerProxy.java:remove(95)) - fbfdc5e7-35fe-4dec-93a8-24c91dabe6d4: remove group-CAB34B64531B:null
2019-09-11 06:31:34,039 [RatisPipelineUtilsThread] WARN  pipeline.RatisPipelineUtils (RatisPipelineUtils.java:destroyPipeline(66)) - Pipeline destroy failed for pipeline=PipelineID=f7ee6abd-8b7b-4e6e-a17a-cab34b64531b dn=fbfdc5e7-35fe-4dec-93a8-24c91dabe6d4{ip: 192.168.36.125, host: trunk-nightly-20190911-vpfxm-1000144475, networkLocation: /default-rack, certSerialId: null}
2019-09-11 06:31:34,042 [grpc-default-executor-5] INFO  impl.RaftServerProxy (RaftServerProxy.java:remove(95)) - 16d0fe26-9857-4477-8b2c-205100b6d095: remove group-CAB34B64531B:null
2019-09-11 06:31:34,047 [RatisPipelineUtilsThread] WARN  pipeline.RatisPipelineUtils (RatisPipelineUtils.java:destroyPipeline(66)) - Pipeline destroy failed for pipeline=PipelineID=f7ee6abd-8b7b-4e6e-a17a-cab34b64531b dn=16d0fe26-9857-4477-8b2c-205100b6d095{ip: 192.168.36.125, host: trunk-nightly-20190911-vpfxm-1000144475, networkLocation: /default-rack, certSerialId: null}
2019-09-11 06:31:34,047 [RatisPipelineUtilsThread] ERROR pipeline.SCMPipelineManager (Scheduler.java:lambda$schedule$1(70)) - Destroy pipeline failed for pipeline:Pipeline[ Id: f7ee6abd-8b7b-4e6e-a17a-cab34b64531b, Nodes: b3ae6e77-09f2-43a9-bb74-0baf269e9625{ip: 192.168.36.125, host: trunk-nightly-20190911-vpfxm-1000144475, networkLocation: /default-rack, certSerialId: null}fbfdc5e7-35fe-4dec-93a8-24c91dabe6d4{ip: 192.168.36.125, host: trunk-nightly-20190911-vpfxm-1000144475, networkLocation: /default-rack, certSerialId: null}16d0fe26-9857-4477-8b2c-205100b6d095{ip: 192.168.36.125, host: trunk-nightly-20190911-vpfxm-1000144475, networkLocation: /default-rack, certSerialId: null}, Type:RATIS, Factor:THREE, State:CLOSED]
org.apache.hadoop.hdds.scm.pipeline.PipelineNotFoundException: PipelineID=f7ee6abd-8b7b-4e6e-a17a-cab34b64531b not found
	at org.apache.hadoop.hdds.scm.pipeline.PipelineStateMap.getPipeline(PipelineStateMap.java:132)
	at org.apache.hadoop.hdds.scm.pipeline.PipelineStateMap.removePipeline(PipelineStateMap.java:322)
	at org.apache.hadoop.hdds.scm.pipeline.PipelineStateManager.removePipeline(PipelineStateManager.java:107)
	at org.apache.hadoop.hdds.scm.pipeline.SCMPipelineManager.removePipeline(SCMPipelineManager.java:423)
	at org.apache.hadoop.hdds.scm.pipeline.SCMPipelineManager.destroyPipeline(SCMPipelineManager.java:409)
	at org.apache.hadoop.hdds.scm.pipeline.SCMPipelineManager.lambda$finalizeAndDestroyPipeline$0(SCMPipelineManager.java:318)
	at org.apache.hadoop.utils.Scheduler.lambda$schedule$1(Scheduler.java:68)
	at java.util.concurrent.Executors$RunnableAdapter.call(Executors.java:511)
	at java.util.concurrent.FutureTask.run(FutureTask.java:266)
	at java.util.concurrent.ScheduledThreadPoolExecutor$ScheduledFutureTask.access$201(ScheduledThreadPoolExecutor.java:180)
	at java.util.concurrent.ScheduledThreadPoolExecutor$ScheduledFutureTask.run(ScheduledThreadPoolExecutor.java:293)
	at java.util.concurrent.ThreadPoolExecutor.runWorker(ThreadPoolExecutor.java:1149)
	at java.util.concurrent.ThreadPoolExecutor$Worker.run(ThreadPoolExecutor.java:624)
	at java.lang.Thread.run(Thread.java:748)
2019-09-11 06:31:34,356 [java.util.concurrent.ThreadPoolExecutor$Worker@2eb904fc[State = -1, empty queue]] WARN  server.GrpcLogAppender (GrpcLogAppender.java:timeoutAppendRequest(200)) - 16d0fe26-9857-4477-8b2c-205100b6d095@group-B428A23D2245->fbfdc5e7-35fe-4dec-93a8-24c91dabe6d4-GrpcLogAppender: appendEntries Timeout, request=16d0fe26-9857-4477-8b2c-205100b6d095->fbfdc5e7-35fe-4dec-93a8-24c91dabe6d4#19-t1, previous=(t:1, i:12), leaderCommit=6, initializing? false, entries: <empty>
2019-09-11 06:31:34,357 [java.util.concurrent.ThreadPoolExecutor$Worker@550fe58d[State = -1, empty queue]] WARN  server.GrpcLogAppender (GrpcLogAppender.java:timeoutAppendRequest(200)) - 16d0fe26-9857-4477-8b2c-205100b6d095@group-B428A23D2245->b3ae6e77-09f2-43a9-bb74-0baf269e9625-GrpcLogAppender: appendEntries Timeout, request=16d0fe26-9857-4477-8b2c-205100b6d095->b3ae6e77-09f2-43a9-bb74-0baf269e9625#19-t1, previous=(t:1, i:12), leaderCommit=6, initializing? false, entries: <empty>
2019-09-11 06:31:36,014 [grpc-default-executor-7] INFO  impl.RaftServerProxy (RaftServerProxy.java:remove(95)) - b3ae6e77-09f2-43a9-bb74-0baf269e9625: remove group-CAB34B64531B:null
2019-09-11 06:31:36,021 [RatisPipelineUtilsThread] WARN  pipeline.RatisPipelineUtils (RatisPipelineUtils.java:destroyPipeline(66)) - Pipeline destroy failed for pipeline=PipelineID=f7ee6abd-8b7b-4e6e-a17a-cab34b64531b dn=b3ae6e77-09f2-43a9-bb74-0baf269e9625{ip: 192.168.36.125, host: trunk-nightly-20190911-vpfxm-1000144475, networkLocation: /default-rack, certSerialId: null}
2019-09-11 06:31:36,024 [grpc-default-executor-7] INFO  impl.RaftServerProxy (RaftServerProxy.java:remove(95)) - fbfdc5e7-35fe-4dec-93a8-24c91dabe6d4: remove group-CAB34B64531B:null
2019-09-11 06:31:36,029 [RatisPipelineUtilsThread] WARN  pipeline.RatisPipelineUtils (RatisPipelineUtils.java:destroyPipeline(66)) - Pipeline destroy failed for pipeline=PipelineID=f7ee6abd-8b7b-4e6e-a17a-cab34b64531b dn=fbfdc5e7-35fe-4dec-93a8-24c91dabe6d4{ip: 192.168.36.125, host: trunk-nightly-20190911-vpfxm-1000144475, networkLocation: /default-rack, certSerialId: null}
2019-09-11 06:31:36,032 [grpc-default-executor-7] INFO  impl.RaftServerProxy (RaftServerProxy.java:remove(95)) - 16d0fe26-9857-4477-8b2c-205100b6d095: remove group-CAB34B64531B:null
2019-09-11 06:31:36,036 [RatisPipelineUtilsThread] WARN  pipeline.RatisPipelineUtils (RatisPipelineUtils.java:destroyPipeline(66)) - Pipeline destroy failed for pipeline=PipelineID=f7ee6abd-8b7b-4e6e-a17a-cab34b64531b dn=16d0fe26-9857-4477-8b2c-205100b6d095{ip: 192.168.36.125, host: trunk-nightly-20190911-vpfxm-1000144475, networkLocation: /default-rack, certSerialId: null}
2019-09-11 06:31:36,036 [RatisPipelineUtilsThread] ERROR pipeline.SCMPipelineManager (Scheduler.java:lambda$schedule$1(70)) - Destroy pipeline failed for pipeline:Pipeline[ Id: f7ee6abd-8b7b-4e6e-a17a-cab34b64531b, Nodes: b3ae6e77-09f2-43a9-bb74-0baf269e9625{ip: 192.168.36.125, host: trunk-nightly-20190911-vpfxm-1000144475, networkLocation: /default-rack, certSerialId: null}fbfdc5e7-35fe-4dec-93a8-24c91dabe6d4{ip: 192.168.36.125, host: trunk-nightly-20190911-vpfxm-1000144475, networkLocation: /default-rack, certSerialId: null}16d0fe26-9857-4477-8b2c-205100b6d095{ip: 192.168.36.125, host: trunk-nightly-20190911-vpfxm-1000144475, networkLocation: /default-rack, certSerialId: null}, Type:RATIS, Factor:THREE, State:CLOSED]
org.apache.hadoop.hdds.scm.pipeline.PipelineNotFoundException: PipelineID=f7ee6abd-8b7b-4e6e-a17a-cab34b64531b not found
	at org.apache.hadoop.hdds.scm.pipeline.PipelineStateMap.getPipeline(PipelineStateMap.java:132)
	at org.apache.hadoop.hdds.scm.pipeline.PipelineStateMap.removePipeline(PipelineStateMap.java:322)
	at org.apache.hadoop.hdds.scm.pipeline.PipelineStateManager.removePipeline(PipelineStateManager.java:107)
	at org.apache.hadoop.hdds.scm.pipeline.SCMPipelineManager.removePipeline(SCMPipelineManager.java:423)
	at org.apache.hadoop.hdds.scm.pipeline.SCMPipelineManager.destroyPipeline(SCMPipelineManager.java:409)
	at org.apache.hadoop.hdds.scm.pipeline.SCMPipelineManager.lambda$finalizeAndDestroyPipeline$0(SCMPipelineManager.java:318)
	at org.apache.hadoop.utils.Scheduler.lambda$schedule$1(Scheduler.java:68)
	at java.util.concurrent.Executors$RunnableAdapter.call(Executors.java:511)
	at java.util.concurrent.FutureTask.run(FutureTask.java:266)
	at java.util.concurrent.ScheduledThreadPoolExecutor$ScheduledFutureTask.access$201(ScheduledThreadPoolExecutor.java:180)
	at java.util.concurrent.ScheduledThreadPoolExecutor$ScheduledFutureTask.run(ScheduledThreadPoolExecutor.java:293)
	at java.util.concurrent.ThreadPoolExecutor.runWorker(ThreadPoolExecutor.java:1149)
	at java.util.concurrent.ThreadPoolExecutor$Worker.run(ThreadPoolExecutor.java:624)
	at java.lang.Thread.run(Thread.java:748)
2019-09-11 06:31:36,351 [fbfdc5e7-35fe-4dec-93a8-24c91dabe6d4@group-B428A23D2245-SegmentedRaftLogWorker] WARN  segmented.SegmentedRaftLogWorker (SegmentedRaftLogWorker.java:getFromFuture(90)) - Timeout 1/~
org.apache.ratis.protocol.TimeoutIOException: Timeout 10s: WriteLog:7: (t:1, i:7), STATEMACHINELOGENTRY, client-003637AF6369, cid=42-writeStateMachineData
	at org.apache.ratis.util.IOUtils.getFromFuture(IOUtils.java:87)
	at org.apache.ratis.server.raftlog.segmented.SegmentedRaftLogWorker$StateMachineDataPolicy.getFromFuture(SegmentedRaftLogWorker.java:87)
	at org.apache.ratis.server.raftlog.segmented.SegmentedRaftLogWorker$WriteLog.execute(SegmentedRaftLogWorker.java:477)
	at org.apache.ratis.server.raftlog.segmented.SegmentedRaftLogWorker.run(SegmentedRaftLogWorker.java:289)
	at java.lang.Thread.run(Thread.java:748)
Caused by: java.util.concurrent.TimeoutException
	at java.util.concurrent.CompletableFuture.timedGet(CompletableFuture.java:1771)
	at java.util.concurrent.CompletableFuture.get(CompletableFuture.java:1915)
	at org.apache.ratis.util.IOUtils.getFromFuture(IOUtils.java:79)
	... 4 more
2019-09-11 06:31:36,351 [b3ae6e77-09f2-43a9-bb74-0baf269e9625@group-B428A23D2245-SegmentedRaftLogWorker] WARN  segmented.SegmentedRaftLogWorker (SegmentedRaftLogWorker.java:getFromFuture(90)) - Timeout 1/~
org.apache.ratis.protocol.TimeoutIOException: Timeout 10s: WriteLog:7: (t:1, i:7), STATEMACHINELOGENTRY, client-003637AF6369, cid=42-writeStateMachineData
	at org.apache.ratis.util.IOUtils.getFromFuture(IOUtils.java:87)
	at org.apache.ratis.server.raftlog.segmented.SegmentedRaftLogWorker$StateMachineDataPolicy.getFromFuture(SegmentedRaftLogWorker.java:87)
	at org.apache.ratis.server.raftlog.segmented.SegmentedRaftLogWorker$WriteLog.execute(SegmentedRaftLogWorker.java:477)
	at org.apache.ratis.server.raftlog.segmented.SegmentedRaftLogWorker.run(SegmentedRaftLogWorker.java:289)
	at java.lang.Thread.run(Thread.java:748)
Caused by: java.util.concurrent.TimeoutException
	at java.util.concurrent.CompletableFuture.timedGet(CompletableFuture.java:1771)
	at java.util.concurrent.CompletableFuture.get(CompletableFuture.java:1915)
	at org.apache.ratis.util.IOUtils.getFromFuture(IOUtils.java:79)
	... 4 more
2019-09-11 06:31:36,484 [16d0fe26-9857-4477-8b2c-205100b6d095@group-B428A23D2245-SegmentedRaftLogWorker] WARN  segmented.SegmentedRaftLogWorker (SegmentedRaftLogWorker.java:getFromFuture(90)) - Timeout 1/~
org.apache.ratis.protocol.TimeoutIOException: Timeout 10s: WriteLog:10: (t:1, i:10), STATEMACHINELOGENTRY, client-003637AF6369, cid=45-writeStateMachineData
	at org.apache.ratis.util.IOUtils.getFromFuture(IOUtils.java:87)
	at org.apache.ratis.server.raftlog.segmented.SegmentedRaftLogWorker$StateMachineDataPolicy.getFromFuture(SegmentedRaftLogWorker.java:87)
	at org.apache.ratis.server.raftlog.segmented.SegmentedRaftLogWorker$WriteLog.execute(SegmentedRaftLogWorker.java:477)
	at org.apache.ratis.server.raftlog.segmented.SegmentedRaftLogWorker.run(SegmentedRaftLogWorker.java:289)
	at java.lang.Thread.run(Thread.java:748)
Caused by: java.util.concurrent.TimeoutException
	at java.util.concurrent.CompletableFuture.timedGet(CompletableFuture.java:1771)
	at java.util.concurrent.CompletableFuture.get(CompletableFuture.java:1915)
	at org.apache.ratis.util.IOUtils.getFromFuture(IOUtils.java:79)
	... 4 more
2019-09-11 06:31:36,514 [grpc-default-executor-7] INFO  client.GrpcClientProtocolClient (GrpcClientProtocolClient.java:onNext(264)) - client-003637AF6369->fbfdc5e7-35fe-4dec-93a8-24c91dabe6d4: receive RaftClientReply:client-003637AF6369->fbfdc5e7-35fe-4dec-93a8-24c91dabe6d4@group-B428A23D2245, cid=42, FAILED org.apache.ratis.protocol.NotLeaderException: Server fbfdc5e7-35fe-4dec-93a8-24c91dabe6d4@group-B428A23D2245 is not the leader 16d0fe26-9857-4477-8b2c-205100b6d095:192.168.36.125:33180, logIndex=0, commits[fbfdc5e7-35fe-4dec-93a8-24c91dabe6d4:c6, b3ae6e77-09f2-43a9-bb74-0baf269e9625:c4, 16d0fe26-9857-4477-8b2c-205100b6d095:c6]
2019-09-11 06:31:36,858 [java.util.concurrent.ThreadPoolExecutor$Worker@550fe58d[State = -1, empty queue]] WARN  server.GrpcLogAppender (GrpcLogAppender.java:timeoutAppendRequest(200)) - 16d0fe26-9857-4477-8b2c-205100b6d095@group-B428A23D2245->b3ae6e77-09f2-43a9-bb74-0baf269e9625-GrpcLogAppender: appendEntries Timeout, request=16d0fe26-9857-4477-8b2c-205100b6d095->b3ae6e77-09f2-43a9-bb74-0baf269e9625#20-t1, previous=(t:1, i:12), leaderCommit=6, initializing? false, entries: <empty>
2019-09-11 06:31:36,858 [java.util.concurrent.ThreadPoolExecutor$Worker@2eb904fc[State = -1, empty queue]] WARN  server.GrpcLogAppender (GrpcLogAppender.java:timeoutAppendRequest(200)) - 16d0fe26-9857-4477-8b2c-205100b6d095@group-B428A23D2245->fbfdc5e7-35fe-4dec-93a8-24c91dabe6d4-GrpcLogAppender: appendEntries Timeout, request=16d0fe26-9857-4477-8b2c-205100b6d095->fbfdc5e7-35fe-4dec-93a8-24c91dabe6d4#20-t1, previous=(t:1, i:12), leaderCommit=6, initializing? false, entries: <empty>
2019-09-11 06:31:39,013 [grpc-default-executor-5] INFO  impl.RaftServerProxy (RaftServerProxy.java:remove(95)) - b3ae6e77-09f2-43a9-bb74-0baf269e9625: remove group-CAB34B64531B:null
2019-09-11 06:31:39,025 [RatisPipelineUtilsThread] WARN  pipeline.RatisPipelineUtils (RatisPipelineUtils.java:destroyPipeline(66)) - Pipeline destroy failed for pipeline=PipelineID=f7ee6abd-8b7b-4e6e-a17a-cab34b64531b dn=b3ae6e77-09f2-43a9-bb74-0baf269e9625{ip: 192.168.36.125, host: trunk-nightly-20190911-vpfxm-1000144475, networkLocation: /default-rack, certSerialId: null}
2019-09-11 06:31:39,028 [grpc-default-executor-5] INFO  impl.RaftServerProxy (RaftServerProxy.java:remove(95)) - fbfdc5e7-35fe-4dec-93a8-24c91dabe6d4: remove group-CAB34B64531B:null
2019-09-11 06:31:39,034 [RatisPipelineUtilsThread] WARN  pipeline.RatisPipelineUtils (RatisPipelineUtils.java:destroyPipeline(66)) - Pipeline destroy failed for pipeline=PipelineID=f7ee6abd-8b7b-4e6e-a17a-cab34b64531b dn=fbfdc5e7-35fe-4dec-93a8-24c91dabe6d4{ip: 192.168.36.125, host: trunk-nightly-20190911-vpfxm-1000144475, networkLocation: /default-rack, certSerialId: null}
2019-09-11 06:31:39,042 [grpc-default-executor-5] INFO  impl.RaftServerProxy (RaftServerProxy.java:remove(95)) - 16d0fe26-9857-4477-8b2c-205100b6d095: remove group-CAB34B64531B:null
2019-09-11 06:31:39,048 [RatisPipelineUtilsThread] WARN  pipeline.RatisPipelineUtils (RatisPipelineUtils.java:destroyPipeline(66)) - Pipeline destroy failed for pipeline=PipelineID=f7ee6abd-8b7b-4e6e-a17a-cab34b64531b dn=16d0fe26-9857-4477-8b2c-205100b6d095{ip: 192.168.36.125, host: trunk-nightly-20190911-vpfxm-1000144475, networkLocation: /default-rack, certSerialId: null}
2019-09-11 06:31:39,049 [RatisPipelineUtilsThread] ERROR pipeline.SCMPipelineManager (Scheduler.java:lambda$schedule$1(70)) - Destroy pipeline failed for pipeline:Pipeline[ Id: f7ee6abd-8b7b-4e6e-a17a-cab34b64531b, Nodes: b3ae6e77-09f2-43a9-bb74-0baf269e9625{ip: 192.168.36.125, host: trunk-nightly-20190911-vpfxm-1000144475, networkLocation: /default-rack, certSerialId: null}fbfdc5e7-35fe-4dec-93a8-24c91dabe6d4{ip: 192.168.36.125, host: trunk-nightly-20190911-vpfxm-1000144475, networkLocation: /default-rack, certSerialId: null}16d0fe26-9857-4477-8b2c-205100b6d095{ip: 192.168.36.125, host: trunk-nightly-20190911-vpfxm-1000144475, networkLocation: /default-rack, certSerialId: null}, Type:RATIS, Factor:THREE, State:CLOSED]
org.apache.hadoop.hdds.scm.pipeline.PipelineNotFoundException: PipelineID=f7ee6abd-8b7b-4e6e-a17a-cab34b64531b not found
	at org.apache.hadoop.hdds.scm.pipeline.PipelineStateMap.getPipeline(PipelineStateMap.java:132)
	at org.apache.hadoop.hdds.scm.pipeline.PipelineStateMap.removePipeline(PipelineStateMap.java:322)
	at org.apache.hadoop.hdds.scm.pipeline.PipelineStateManager.removePipeline(PipelineStateManager.java:107)
	at org.apache.hadoop.hdds.scm.pipeline.SCMPipelineManager.removePipeline(SCMPipelineManager.java:423)
	at org.apache.hadoop.hdds.scm.pipeline.SCMPipelineManager.destroyPipeline(SCMPipelineManager.java:409)
	at org.apache.hadoop.hdds.scm.pipeline.SCMPipelineManager.lambda$finalizeAndDestroyPipeline$0(SCMPipelineManager.java:318)
	at org.apache.hadoop.utils.Scheduler.lambda$schedule$1(Scheduler.java:68)
	at java.util.concurrent.Executors$RunnableAdapter.call(Executors.java:511)
	at java.util.concurrent.FutureTask.run(FutureTask.java:266)
	at java.util.concurrent.ScheduledThreadPoolExecutor$ScheduledFutureTask.access$201(ScheduledThreadPoolExecutor.java:180)
	at java.util.concurrent.ScheduledThreadPoolExecutor$ScheduledFutureTask.run(ScheduledThreadPoolExecutor.java:293)
	at java.util.concurrent.ThreadPoolExecutor.runWorker(ThreadPoolExecutor.java:1149)
	at java.util.concurrent.ThreadPoolExecutor$Worker.run(ThreadPoolExecutor.java:624)
	at java.lang.Thread.run(Thread.java:748)
2019-09-11 06:31:39,359 [java.util.concurrent.ThreadPoolExecutor$Worker@550fe58d[State = -1, empty queue]] WARN  server.GrpcLogAppender (GrpcLogAppender.java:timeoutAppendRequest(200)) - 16d0fe26-9857-4477-8b2c-205100b6d095@group-B428A23D2245->b3ae6e77-09f2-43a9-bb74-0baf269e9625-GrpcLogAppender: appendEntries Timeout, request=16d0fe26-9857-4477-8b2c-205100b6d095->b3ae6e77-09f2-43a9-bb74-0baf269e9625#21-t1, previous=(t:1, i:12), leaderCommit=6, initializing? false, entries: <empty>
2019-09-11 06:31:39,359 [java.util.concurrent.ThreadPoolExecutor$Worker@2eb904fc[State = -1, empty queue]] WARN  server.GrpcLogAppender (GrpcLogAppender.java:timeoutAppendRequest(200)) - 16d0fe26-9857-4477-8b2c-205100b6d095@group-B428A23D2245->fbfdc5e7-35fe-4dec-93a8-24c91dabe6d4-GrpcLogAppender: appendEntries Timeout, request=16d0fe26-9857-4477-8b2c-205100b6d095->fbfdc5e7-35fe-4dec-93a8-24c91dabe6d4#21-t1, previous=(t:1, i:12), leaderCommit=6, initializing? false, entries: <empty>
2019-09-11 06:31:41,012 [grpc-default-executor-7] INFO  impl.RaftServerProxy (RaftServerProxy.java:remove(95)) - b3ae6e77-09f2-43a9-bb74-0baf269e9625: remove group-CAB34B64531B:null
2019-09-11 06:31:41,018 [RatisPipelineUtilsThread] WARN  pipeline.RatisPipelineUtils (RatisPipelineUtils.java:destroyPipeline(66)) - Pipeline destroy failed for pipeline=PipelineID=f7ee6abd-8b7b-4e6e-a17a-cab34b64531b dn=b3ae6e77-09f2-43a9-bb74-0baf269e9625{ip: 192.168.36.125, host: trunk-nightly-20190911-vpfxm-1000144475, networkLocation: /default-rack, certSerialId: null}
2019-09-11 06:31:41,022 [grpc-default-executor-7] INFO  impl.RaftServerProxy (RaftServerProxy.java:remove(95)) - fbfdc5e7-35fe-4dec-93a8-24c91dabe6d4: remove group-CAB34B64531B:null
2019-09-11 06:31:41,034 [RatisPipelineUtilsThread] WARN  pipeline.RatisPipelineUtils (RatisPipelineUtils.java:destroyPipeline(66)) - Pipeline destroy failed for pipeline=PipelineID=f7ee6abd-8b7b-4e6e-a17a-cab34b64531b dn=fbfdc5e7-35fe-4dec-93a8-24c91dabe6d4{ip: 192.168.36.125, host: trunk-nightly-20190911-vpfxm-1000144475, networkLocation: /default-rack, certSerialId: null}
2019-09-11 06:31:41,038 [grpc-default-executor-7] INFO  impl.RaftServerProxy (RaftServerProxy.java:remove(95)) - 16d0fe26-9857-4477-8b2c-205100b6d095: remove group-CAB34B64531B:null
2019-09-11 06:31:41,040 [RatisPipelineUtilsThread] WARN  pipeline.RatisPipelineUtils (RatisPipelineUtils.java:destroyPipeline(66)) - Pipeline destroy failed for pipeline=PipelineID=f7ee6abd-8b7b-4e6e-a17a-cab34b64531b dn=16d0fe26-9857-4477-8b2c-205100b6d095{ip: 192.168.36.125, host: trunk-nightly-20190911-vpfxm-1000144475, networkLocation: /default-rack, certSerialId: null}
2019-09-11 06:31:41,040 [RatisPipelineUtilsThread] ERROR pipeline.SCMPipelineManager (Scheduler.java:lambda$schedule$1(70)) - Destroy pipeline failed for pipeline:Pipeline[ Id: f7ee6abd-8b7b-4e6e-a17a-cab34b64531b, Nodes: b3ae6e77-09f2-43a9-bb74-0baf269e9625{ip: 192.168.36.125, host: trunk-nightly-20190911-vpfxm-1000144475, networkLocation: /default-rack, certSerialId: null}fbfdc5e7-35fe-4dec-93a8-24c91dabe6d4{ip: 192.168.36.125, host: trunk-nightly-20190911-vpfxm-1000144475, networkLocation: /default-rack, certSerialId: null}16d0fe26-9857-4477-8b2c-205100b6d095{ip: 192.168.36.125, host: trunk-nightly-20190911-vpfxm-1000144475, networkLocation: /default-rack, certSerialId: null}, Type:RATIS, Factor:THREE, State:CLOSED]
org.apache.hadoop.hdds.scm.pipeline.PipelineNotFoundException: PipelineID=f7ee6abd-8b7b-4e6e-a17a-cab34b64531b not found
	at org.apache.hadoop.hdds.scm.pipeline.PipelineStateMap.getPipeline(PipelineStateMap.java:132)
	at org.apache.hadoop.hdds.scm.pipeline.PipelineStateMap.removePipeline(PipelineStateMap.java:322)
	at org.apache.hadoop.hdds.scm.pipeline.PipelineStateManager.removePipeline(PipelineStateManager.java:107)
	at org.apache.hadoop.hdds.scm.pipeline.SCMPipelineManager.removePipeline(SCMPipelineManager.java:423)
	at org.apache.hadoop.hdds.scm.pipeline.SCMPipelineManager.destroyPipeline(SCMPipelineManager.java:409)
	at org.apache.hadoop.hdds.scm.pipeline.SCMPipelineManager.lambda$finalizeAndDestroyPipeline$0(SCMPipelineManager.java:318)
	at org.apache.hadoop.utils.Scheduler.lambda$schedule$1(Scheduler.java:68)
	at java.util.concurrent.Executors$RunnableAdapter.call(Executors.java:511)
	at java.util.concurrent.FutureTask.run(FutureTask.java:266)
	at java.util.concurrent.ScheduledThreadPoolExecutor$ScheduledFutureTask.access$201(ScheduledThreadPoolExecutor.java:180)
	at java.util.concurrent.ScheduledThreadPoolExecutor$ScheduledFutureTask.run(ScheduledThreadPoolExecutor.java:293)
	at java.util.concurrent.ThreadPoolExecutor.runWorker(ThreadPoolExecutor.java:1149)
	at java.util.concurrent.ThreadPoolExecutor$Worker.run(ThreadPoolExecutor.java:624)
	at java.lang.Thread.run(Thread.java:748)
2019-09-11 06:31:41,549 [grpc-default-executor-5] INFO  client.GrpcClientProtocolClient (GrpcClientProtocolClient.java:onNext(264)) - client-003637AF6369->fbfdc5e7-35fe-4dec-93a8-24c91dabe6d4: receive RaftClientReply:client-003637AF6369->fbfdc5e7-35fe-4dec-93a8-24c91dabe6d4@group-B428A23D2245, cid=42, FAILED org.apache.ratis.protocol.NotLeaderException: Server fbfdc5e7-35fe-4dec-93a8-24c91dabe6d4@group-B428A23D2245 is not the leader 16d0fe26-9857-4477-8b2c-205100b6d095:192.168.36.125:33180, logIndex=0, commits[fbfdc5e7-35fe-4dec-93a8-24c91dabe6d4:c6, b3ae6e77-09f2-43a9-bb74-0baf269e9625:c4, 16d0fe26-9857-4477-8b2c-205100b6d095:c6]
2019-09-11 06:31:41,860 [java.util.concurrent.ThreadPoolExecutor$Worker@550fe58d[State = -1, empty queue]] WARN  server.GrpcLogAppender (GrpcLogAppender.java:timeoutAppendRequest(200)) - 16d0fe26-9857-4477-8b2c-205100b6d095@group-B428A23D2245->b3ae6e77-09f2-43a9-bb74-0baf269e9625-GrpcLogAppender: appendEntries Timeout, request=16d0fe26-9857-4477-8b2c-205100b6d095->b3ae6e77-09f2-43a9-bb74-0baf269e9625#22-t1, previous=(t:1, i:12), leaderCommit=6, initializing? false, entries: <empty>
2019-09-11 06:31:41,860 [java.util.concurrent.ThreadPoolExecutor$Worker@2eb904fc[State = -1, empty queue]] WARN  server.GrpcLogAppender (GrpcLogAppender.java:timeoutAppendRequest(200)) - 16d0fe26-9857-4477-8b2c-205100b6d095@group-B428A23D2245->fbfdc5e7-35fe-4dec-93a8-24c91dabe6d4-GrpcLogAppender: appendEntries Timeout, request=16d0fe26-9857-4477-8b2c-205100b6d095->fbfdc5e7-35fe-4dec-93a8-24c91dabe6d4#22-t1, previous=(t:1, i:12), leaderCommit=6, initializing? false, entries: <empty>
2019-09-11 06:31:44,012 [grpc-default-executor-5] INFO  impl.RaftServerProxy (RaftServerProxy.java:remove(95)) - b3ae6e77-09f2-43a9-bb74-0baf269e9625: remove group-CAB34B64531B:null
2019-09-11 06:31:44,018 [RatisPipelineUtilsThread] WARN  pipeline.RatisPipelineUtils (RatisPipelineUtils.java:destroyPipeline(66)) - Pipeline destroy failed for pipeline=PipelineID=f7ee6abd-8b7b-4e6e-a17a-cab34b64531b dn=b3ae6e77-09f2-43a9-bb74-0baf269e9625{ip: 192.168.36.125, host: trunk-nightly-20190911-vpfxm-1000144475, networkLocation: /default-rack, certSerialId: null}
2019-09-11 06:31:44,022 [grpc-default-executor-5] INFO  impl.RaftServerProxy (RaftServerProxy.java:remove(95)) - fbfdc5e7-35fe-4dec-93a8-24c91dabe6d4: remove group-CAB34B64531B:null
2019-09-11 06:31:44,026 [RatisPipelineUtilsThread] WARN  pipeline.RatisPipelineUtils (RatisPipelineUtils.java:destroyPipeline(66)) - Pipeline destroy failed for pipeline=PipelineID=f7ee6abd-8b7b-4e6e-a17a-cab34b64531b dn=fbfdc5e7-35fe-4dec-93a8-24c91dabe6d4{ip: 192.168.36.125, host: trunk-nightly-20190911-vpfxm-1000144475, networkLocation: /default-rack, certSerialId: null}
2019-09-11 06:31:44,030 [grpc-default-executor-5] INFO  impl.RaftServerProxy (RaftServerProxy.java:remove(95)) - 16d0fe26-9857-4477-8b2c-205100b6d095: remove group-CAB34B64531B:null
2019-09-11 06:31:44,034 [RatisPipelineUtilsThread] WARN  pipeline.RatisPipelineUtils (RatisPipelineUtils.java:destroyPipeline(66)) - Pipeline destroy failed for pipeline=PipelineID=f7ee6abd-8b7b-4e6e-a17a-cab34b64531b dn=16d0fe26-9857-4477-8b2c-205100b6d095{ip: 192.168.36.125, host: trunk-nightly-20190911-vpfxm-1000144475, networkLocation: /default-rack, certSerialId: null}
2019-09-11 06:31:44,034 [RatisPipelineUtilsThread] ERROR pipeline.SCMPipelineManager (Scheduler.java:lambda$schedule$1(70)) - Destroy pipeline failed for pipeline:Pipeline[ Id: f7ee6abd-8b7b-4e6e-a17a-cab34b64531b, Nodes: b3ae6e77-09f2-43a9-bb74-0baf269e9625{ip: 192.168.36.125, host: trunk-nightly-20190911-vpfxm-1000144475, networkLocation: /default-rack, certSerialId: null}fbfdc5e7-35fe-4dec-93a8-24c91dabe6d4{ip: 192.168.36.125, host: trunk-nightly-20190911-vpfxm-1000144475, networkLocation: /default-rack, certSerialId: null}16d0fe26-9857-4477-8b2c-205100b6d095{ip: 192.168.36.125, host: trunk-nightly-20190911-vpfxm-1000144475, networkLocation: /default-rack, certSerialId: null}, Type:RATIS, Factor:THREE, State:CLOSED]
org.apache.hadoop.hdds.scm.pipeline.PipelineNotFoundException: PipelineID=f7ee6abd-8b7b-4e6e-a17a-cab34b64531b not found
	at org.apache.hadoop.hdds.scm.pipeline.PipelineStateMap.getPipeline(PipelineStateMap.java:132)
	at org.apache.hadoop.hdds.scm.pipeline.PipelineStateMap.removePipeline(PipelineStateMap.java:322)
	at org.apache.hadoop.hdds.scm.pipeline.PipelineStateManager.removePipeline(PipelineStateManager.java:107)
	at org.apache.hadoop.hdds.scm.pipeline.SCMPipelineManager.removePipeline(SCMPipelineManager.java:423)
	at org.apache.hadoop.hdds.scm.pipeline.SCMPipelineManager.destroyPipeline(SCMPipelineManager.java:409)
	at org.apache.hadoop.hdds.scm.pipeline.SCMPipelineManager.lambda$finalizeAndDestroyPipeline$0(SCMPipelineManager.java:318)
	at org.apache.hadoop.utils.Scheduler.lambda$schedule$1(Scheduler.java:68)
	at java.util.concurrent.Executors$RunnableAdapter.call(Executors.java:511)
	at java.util.concurrent.FutureTask.run(FutureTask.java:266)
	at java.util.concurrent.ScheduledThreadPoolExecutor$ScheduledFutureTask.access$201(ScheduledThreadPoolExecutor.java:180)
	at java.util.concurrent.ScheduledThreadPoolExecutor$ScheduledFutureTask.run(ScheduledThreadPoolExecutor.java:293)
	at java.util.concurrent.ThreadPoolExecutor.runWorker(ThreadPoolExecutor.java:1149)
	at java.util.concurrent.ThreadPoolExecutor$Worker.run(ThreadPoolExecutor.java:624)
	at java.lang.Thread.run(Thread.java:748)
2019-09-11 06:31:44,361 [java.util.concurrent.ThreadPoolExecutor$Worker@2eb904fc[State = -1, empty queue]] WARN  server.GrpcLogAppender (GrpcLogAppender.java:timeoutAppendRequest(200)) - 16d0fe26-9857-4477-8b2c-205100b6d095@group-B428A23D2245->fbfdc5e7-35fe-4dec-93a8-24c91dabe6d4-GrpcLogAppender: appendEntries Timeout, request=16d0fe26-9857-4477-8b2c-205100b6d095->fbfdc5e7-35fe-4dec-93a8-24c91dabe6d4#23-t1, previous=(t:1, i:12), leaderCommit=6, initializing? false, entries: <empty>
2019-09-11 06:31:44,361 [java.util.concurrent.ThreadPoolExecutor$Worker@550fe58d[State = -1, empty queue]] WARN  server.GrpcLogAppender (GrpcLogAppender.java:timeoutAppendRequest(200)) - 16d0fe26-9857-4477-8b2c-205100b6d095@group-B428A23D2245->b3ae6e77-09f2-43a9-bb74-0baf269e9625-GrpcLogAppender: appendEntries Timeout, request=16d0fe26-9857-4477-8b2c-205100b6d095->b3ae6e77-09f2-43a9-bb74-0baf269e9625#23-t1, previous=(t:1, i:12), leaderCommit=6, initializing? false, entries: <empty>
2019-09-11 06:31:46,014 [grpc-default-executor-7] INFO  impl.RaftServerProxy (RaftServerProxy.java:remove(95)) - b3ae6e77-09f2-43a9-bb74-0baf269e9625: remove group-CAB34B64531B:null
2019-09-11 06:31:46,018 [RatisPipelineUtilsThread] WARN  pipeline.RatisPipelineUtils (RatisPipelineUtils.java:destroyPipeline(66)) - Pipeline destroy failed for pipeline=PipelineID=f7ee6abd-8b7b-4e6e-a17a-cab34b64531b dn=b3ae6e77-09f2-43a9-bb74-0baf269e9625{ip: 192.168.36.125, host: trunk-nightly-20190911-vpfxm-1000144475, networkLocation: /default-rack, certSerialId: null}
2019-09-11 06:31:46,022 [grpc-default-executor-7] INFO  impl.RaftServerProxy (RaftServerProxy.java:remove(95)) - fbfdc5e7-35fe-4dec-93a8-24c91dabe6d4: remove group-CAB34B64531B:null
2019-09-11 06:31:46,025 [RatisPipelineUtilsThread] WARN  pipeline.RatisPipelineUtils (RatisPipelineUtils.java:destroyPipeline(66)) - Pipeline destroy failed for pipeline=PipelineID=f7ee6abd-8b7b-4e6e-a17a-cab34b64531b dn=fbfdc5e7-35fe-4dec-93a8-24c91dabe6d4{ip: 192.168.36.125, host: trunk-nightly-20190911-vpfxm-1000144475, networkLocation: /default-rack, certSerialId: null}
2019-09-11 06:31:46,028 [grpc-default-executor-7] INFO  impl.RaftServerProxy (RaftServerProxy.java:remove(95)) - 16d0fe26-9857-4477-8b2c-205100b6d095: remove group-CAB34B64531B:null
2019-09-11 06:31:46,030 [RatisPipelineUtilsThread] WARN  pipeline.RatisPipelineUtils (RatisPipelineUtils.java:destroyPipeline(66)) - Pipeline destroy failed for pipeline=PipelineID=f7ee6abd-8b7b-4e6e-a17a-cab34b64531b dn=16d0fe26-9857-4477-8b2c-205100b6d095{ip: 192.168.36.125, host: trunk-nightly-20190911-vpfxm-1000144475, networkLocation: /default-rack, certSerialId: null}
2019-09-11 06:31:46,031 [RatisPipelineUtilsThread] ERROR pipeline.SCMPipelineManager (Scheduler.java:lambda$schedule$1(70)) - Destroy pipeline failed for pipeline:Pipeline[ Id: f7ee6abd-8b7b-4e6e-a17a-cab34b64531b, Nodes: b3ae6e77-09f2-43a9-bb74-0baf269e9625{ip: 192.168.36.125, host: trunk-nightly-20190911-vpfxm-1000144475, networkLocation: /default-rack, certSerialId: null}fbfdc5e7-35fe-4dec-93a8-24c91dabe6d4{ip: 192.168.36.125, host: trunk-nightly-20190911-vpfxm-1000144475, networkLocation: /default-rack, certSerialId: null}16d0fe26-9857-4477-8b2c-205100b6d095{ip: 192.168.36.125, host: trunk-nightly-20190911-vpfxm-1000144475, networkLocation: /default-rack, certSerialId: null}, Type:RATIS, Factor:THREE, State:CLOSED]
org.apache.hadoop.hdds.scm.pipeline.PipelineNotFoundException: PipelineID=f7ee6abd-8b7b-4e6e-a17a-cab34b64531b not found
	at org.apache.hadoop.hdds.scm.pipeline.PipelineStateMap.getPipeline(PipelineStateMap.java:132)
	at org.apache.hadoop.hdds.scm.pipeline.PipelineStateMap.removePipeline(PipelineStateMap.java:322)
	at org.apache.hadoop.hdds.scm.pipeline.PipelineStateManager.removePipeline(PipelineStateManager.java:107)
	at org.apache.hadoop.hdds.scm.pipeline.SCMPipelineManager.removePipeline(SCMPipelineManager.java:423)
	at org.apache.hadoop.hdds.scm.pipeline.SCMPipelineManager.destroyPipeline(SCMPipelineManager.java:409)
	at org.apache.hadoop.hdds.scm.pipeline.SCMPipelineManager.lambda$finalizeAndDestroyPipeline$0(SCMPipelineManager.java:318)
	at org.apache.hadoop.utils.Scheduler.lambda$schedule$1(Scheduler.java:68)
	at java.util.concurrent.Executors$RunnableAdapter.call(Executors.java:511)
	at java.util.concurrent.FutureTask.run(FutureTask.java:266)
	at java.util.concurrent.ScheduledThreadPoolExecutor$ScheduledFutureTask.access$201(ScheduledThreadPoolExecutor.java:180)
	at java.util.concurrent.ScheduledThreadPoolExecutor$ScheduledFutureTask.run(ScheduledThreadPoolExecutor.java:293)
	at java.util.concurrent.ThreadPoolExecutor.runWorker(ThreadPoolExecutor.java:1149)
	at java.util.concurrent.ThreadPoolExecutor$Worker.run(ThreadPoolExecutor.java:624)
	at java.lang.Thread.run(Thread.java:748)
2019-09-11 06:31:46,354 [fbfdc5e7-35fe-4dec-93a8-24c91dabe6d4@group-B428A23D2245-SegmentedRaftLogWorker] WARN  segmented.SegmentedRaftLogWorker (SegmentedRaftLogWorker.java:getFromFuture(90)) - Timeout 2/~
org.apache.ratis.protocol.TimeoutIOException: Timeout 10s: WriteLog:7: (t:1, i:7), STATEMACHINELOGENTRY, client-003637AF6369, cid=42-writeStateMachineData
	at org.apache.ratis.util.IOUtils.getFromFuture(IOUtils.java:87)
	at org.apache.ratis.server.raftlog.segmented.SegmentedRaftLogWorker$StateMachineDataPolicy.getFromFuture(SegmentedRaftLogWorker.java:87)
	at org.apache.ratis.server.raftlog.segmented.SegmentedRaftLogWorker$WriteLog.execute(SegmentedRaftLogWorker.java:477)
	at org.apache.ratis.server.raftlog.segmented.SegmentedRaftLogWorker.run(SegmentedRaftLogWorker.java:289)
	at java.lang.Thread.run(Thread.java:748)
Caused by: java.util.concurrent.TimeoutException
	at java.util.concurrent.CompletableFuture.timedGet(CompletableFuture.java:1771)
	at java.util.concurrent.CompletableFuture.get(CompletableFuture.java:1915)
	at org.apache.ratis.util.IOUtils.getFromFuture(IOUtils.java:79)
	... 4 more
2019-09-11 06:31:46,354 [b3ae6e77-09f2-43a9-bb74-0baf269e9625@group-B428A23D2245-SegmentedRaftLogWorker] WARN  segmented.SegmentedRaftLogWorker (SegmentedRaftLogWorker.java:getFromFuture(90)) - Timeout 2/~
org.apache.ratis.protocol.TimeoutIOException: Timeout 10s: WriteLog:7: (t:1, i:7), STATEMACHINELOGENTRY, client-003637AF6369, cid=42-writeStateMachineData
	at org.apache.ratis.util.IOUtils.getFromFuture(IOUtils.java:87)
	at org.apache.ratis.server.raftlog.segmented.SegmentedRaftLogWorker$StateMachineDataPolicy.getFromFuture(SegmentedRaftLogWorker.java:87)
	at org.apache.ratis.server.raftlog.segmented.SegmentedRaftLogWorker$WriteLog.execute(SegmentedRaftLogWorker.java:477)
	at org.apache.ratis.server.raftlog.segmented.SegmentedRaftLogWorker.run(SegmentedRaftLogWorker.java:289)
	at java.lang.Thread.run(Thread.java:748)
Caused by: java.util.concurrent.TimeoutException
	at java.util.concurrent.CompletableFuture.timedGet(CompletableFuture.java:1771)
	at java.util.concurrent.CompletableFuture.get(CompletableFuture.java:1915)
	at org.apache.ratis.util.IOUtils.getFromFuture(IOUtils.java:79)
	... 4 more
2019-09-11 06:31:46,485 [16d0fe26-9857-4477-8b2c-205100b6d095@group-B428A23D2245-SegmentedRaftLogWorker] WARN  segmented.SegmentedRaftLogWorker (SegmentedRaftLogWorker.java:getFromFuture(90)) - Timeout 2/~
org.apache.ratis.protocol.TimeoutIOException: Timeout 10s: WriteLog:10: (t:1, i:10), STATEMACHINELOGENTRY, client-003637AF6369, cid=45-writeStateMachineData
	at org.apache.ratis.util.IOUtils.getFromFuture(IOUtils.java:87)
	at org.apache.ratis.server.raftlog.segmented.SegmentedRaftLogWorker$StateMachineDataPolicy.getFromFuture(SegmentedRaftLogWorker.java:87)
	at org.apache.ratis.server.raftlog.segmented.SegmentedRaftLogWorker$WriteLog.execute(SegmentedRaftLogWorker.java:477)
	at org.apache.ratis.server.raftlog.segmented.SegmentedRaftLogWorker.run(SegmentedRaftLogWorker.java:289)
	at java.lang.Thread.run(Thread.java:748)
Caused by: java.util.concurrent.TimeoutException
	at java.util.concurrent.CompletableFuture.timedGet(CompletableFuture.java:1771)
	at java.util.concurrent.CompletableFuture.get(CompletableFuture.java:1915)
	at org.apache.ratis.util.IOUtils.getFromFuture(IOUtils.java:79)
	... 4 more
2019-09-11 06:31:46,590 [grpc-default-executor-7] INFO  client.GrpcClientProtocolClient (GrpcClientProtocolClient.java:onNext(264)) - client-003637AF6369->b3ae6e77-09f2-43a9-bb74-0baf269e9625: receive RaftClientReply:client-003637AF6369->b3ae6e77-09f2-43a9-bb74-0baf269e9625@group-B428A23D2245, cid=42, FAILED org.apache.ratis.protocol.NotLeaderException: Server b3ae6e77-09f2-43a9-bb74-0baf269e9625@group-B428A23D2245 is not the leader 16d0fe26-9857-4477-8b2c-205100b6d095:192.168.36.125:33180, logIndex=0, commits[b3ae6e77-09f2-43a9-bb74-0baf269e9625:c6, 16d0fe26-9857-4477-8b2c-205100b6d095:c6, fbfdc5e7-35fe-4dec-93a8-24c91dabe6d4:c4]
2019-09-11 06:31:46,861 [java.util.concurrent.ThreadPoolExecutor$Worker@2eb904fc[State = -1, empty queue]] WARN  server.GrpcLogAppender (GrpcLogAppender.java:timeoutAppendRequest(200)) - 16d0fe26-9857-4477-8b2c-205100b6d095@group-B428A23D2245->fbfdc5e7-35fe-4dec-93a8-24c91dabe6d4-GrpcLogAppender: appendEntries Timeout, request=16d0fe26-9857-4477-8b2c-205100b6d095->fbfdc5e7-35fe-4dec-93a8-24c91dabe6d4#24-t1, previous=(t:1, i:12), leaderCommit=6, initializing? false, entries: <empty>
2019-09-11 06:31:46,861 [java.util.concurrent.ThreadPoolExecutor$Worker@550fe58d[State = -1, empty queue]] WARN  server.GrpcLogAppender (GrpcLogAppender.java:timeoutAppendRequest(200)) - 16d0fe26-9857-4477-8b2c-205100b6d095@group-B428A23D2245->b3ae6e77-09f2-43a9-bb74-0baf269e9625-GrpcLogAppender: appendEntries Timeout, request=16d0fe26-9857-4477-8b2c-205100b6d095->b3ae6e77-09f2-43a9-bb74-0baf269e9625#24-t1, previous=(t:1, i:12), leaderCommit=6, initializing? false, entries: <empty>
2019-09-11 06:31:49,010 [grpc-default-executor-5] INFO  impl.RaftServerProxy (RaftServerProxy.java:remove(95)) - b3ae6e77-09f2-43a9-bb74-0baf269e9625: remove group-CAB34B64531B:null
2019-09-11 06:31:49,014 [RatisPipelineUtilsThread] WARN  pipeline.RatisPipelineUtils (RatisPipelineUtils.java:destroyPipeline(66)) - Pipeline destroy failed for pipeline=PipelineID=f7ee6abd-8b7b-4e6e-a17a-cab34b64531b dn=b3ae6e77-09f2-43a9-bb74-0baf269e9625{ip: 192.168.36.125, host: trunk-nightly-20190911-vpfxm-1000144475, networkLocation: /default-rack, certSerialId: null}
2019-09-11 06:31:49,016 [grpc-default-executor-5] INFO  impl.RaftServerProxy (RaftServerProxy.java:remove(95)) - fbfdc5e7-35fe-4dec-93a8-24c91dabe6d4: remove group-CAB34B64531B:null
2019-09-11 06:31:49,019 [RatisPipelineUtilsThread] WARN  pipeline.RatisPipelineUtils (RatisPipelineUtils.java:destroyPipeline(66)) - Pipeline destroy failed for pipeline=PipelineID=f7ee6abd-8b7b-4e6e-a17a-cab34b64531b dn=fbfdc5e7-35fe-4dec-93a8-24c91dabe6d4{ip: 192.168.36.125, host: trunk-nightly-20190911-vpfxm-1000144475, networkLocation: /default-rack, certSerialId: null}
2019-09-11 06:31:49,021 [grpc-default-executor-5] INFO  impl.RaftServerProxy (RaftServerProxy.java:remove(95)) - 16d0fe26-9857-4477-8b2c-205100b6d095: remove group-CAB34B64531B:null
2019-09-11 06:31:49,023 [RatisPipelineUtilsThread] WARN  pipeline.RatisPipelineUtils (RatisPipelineUtils.java:destroyPipeline(66)) - Pipeline destroy failed for pipeline=PipelineID=f7ee6abd-8b7b-4e6e-a17a-cab34b64531b dn=16d0fe26-9857-4477-8b2c-205100b6d095{ip: 192.168.36.125, host: trunk-nightly-20190911-vpfxm-1000144475, networkLocation: /default-rack, certSerialId: null}
2019-09-11 06:31:49,023 [RatisPipelineUtilsThread] ERROR pipeline.SCMPipelineManager (Scheduler.java:lambda$schedule$1(70)) - Destroy pipeline failed for pipeline:Pipeline[ Id: f7ee6abd-8b7b-4e6e-a17a-cab34b64531b, Nodes: b3ae6e77-09f2-43a9-bb74-0baf269e9625{ip: 192.168.36.125, host: trunk-nightly-20190911-vpfxm-1000144475, networkLocation: /default-rack, certSerialId: null}fbfdc5e7-35fe-4dec-93a8-24c91dabe6d4{ip: 192.168.36.125, host: trunk-nightly-20190911-vpfxm-1000144475, networkLocation: /default-rack, certSerialId: null}16d0fe26-9857-4477-8b2c-205100b6d095{ip: 192.168.36.125, host: trunk-nightly-20190911-vpfxm-1000144475, networkLocation: /default-rack, certSerialId: null}, Type:RATIS, Factor:THREE, State:CLOSED]
org.apache.hadoop.hdds.scm.pipeline.PipelineNotFoundException: PipelineID=f7ee6abd-8b7b-4e6e-a17a-cab34b64531b not found
	at org.apache.hadoop.hdds.scm.pipeline.PipelineStateMap.getPipeline(PipelineStateMap.java:132)
	at org.apache.hadoop.hdds.scm.pipeline.PipelineStateMap.removePipeline(PipelineStateMap.java:322)
	at org.apache.hadoop.hdds.scm.pipeline.PipelineStateManager.removePipeline(PipelineStateManager.java:107)
	at org.apache.hadoop.hdds.scm.pipeline.SCMPipelineManager.removePipeline(SCMPipelineManager.java:423)
	at org.apache.hadoop.hdds.scm.pipeline.SCMPipelineManager.destroyPipeline(SCMPipelineManager.java:409)
	at org.apache.hadoop.hdds.scm.pipeline.SCMPipelineManager.lambda$finalizeAndDestroyPipeline$0(SCMPipelineManager.java:318)
	at org.apache.hadoop.utils.Scheduler.lambda$schedule$1(Scheduler.java:68)
	at java.util.concurrent.Executors$RunnableAdapter.call(Executors.java:511)
	at java.util.concurrent.FutureTask.run(FutureTask.java:266)
	at java.util.concurrent.ScheduledThreadPoolExecutor$ScheduledFutureTask.access$201(ScheduledThreadPoolExecutor.java:180)
	at java.util.concurrent.ScheduledThreadPoolExecutor$ScheduledFutureTask.run(ScheduledThreadPoolExecutor.java:293)
	at java.util.concurrent.ThreadPoolExecutor.runWorker(ThreadPoolExecutor.java:1149)
	at java.util.concurrent.ThreadPoolExecutor$Worker.run(ThreadPoolExecutor.java:624)
	at java.lang.Thread.run(Thread.java:748)
2019-09-11 06:31:49,363 [java.util.concurrent.ThreadPoolExecutor$Worker@550fe58d[State = -1, empty queue]] WARN  server.GrpcLogAppender (GrpcLogAppender.java:timeoutAppendRequest(200)) - 16d0fe26-9857-4477-8b2c-205100b6d095@group-B428A23D2245->b3ae6e77-09f2-43a9-bb74-0baf269e9625-GrpcLogAppender: appendEntries Timeout, request=16d0fe26-9857-4477-8b2c-205100b6d095->b3ae6e77-09f2-43a9-bb74-0baf269e9625#25-t1, previous=(t:1, i:12), leaderCommit=6, initializing? false, entries: <empty>
2019-09-11 06:31:49,363 [java.util.concurrent.ThreadPoolExecutor$Worker@2eb904fc[State = -1, empty queue]] WARN  server.GrpcLogAppender (GrpcLogAppender.java:timeoutAppendRequest(200)) - 16d0fe26-9857-4477-8b2c-205100b6d095@group-B428A23D2245->fbfdc5e7-35fe-4dec-93a8-24c91dabe6d4-GrpcLogAppender: appendEntries Timeout, request=16d0fe26-9857-4477-8b2c-205100b6d095->fbfdc5e7-35fe-4dec-93a8-24c91dabe6d4#25-t1, previous=(t:1, i:12), leaderCommit=6, initializing? false, entries: <empty>
2019-09-11 06:31:51,013 [grpc-default-executor-5] INFO  impl.RaftServerProxy (RaftServerProxy.java:remove(95)) - b3ae6e77-09f2-43a9-bb74-0baf269e9625: remove group-CAB34B64531B:null
2019-09-11 06:31:51,016 [RatisPipelineUtilsThread] WARN  pipeline.RatisPipelineUtils (RatisPipelineUtils.java:destroyPipeline(66)) - Pipeline destroy failed for pipeline=PipelineID=f7ee6abd-8b7b-4e6e-a17a-cab34b64531b dn=b3ae6e77-09f2-43a9-bb74-0baf269e9625{ip: 192.168.36.125, host: trunk-nightly-20190911-vpfxm-1000144475, networkLocation: /default-rack, certSerialId: null}
2019-09-11 06:31:51,020 [grpc-default-executor-5] INFO  impl.RaftServerProxy (RaftServerProxy.java:remove(95)) - fbfdc5e7-35fe-4dec-93a8-24c91dabe6d4: remove group-CAB34B64531B:null
2019-09-11 06:31:51,023 [RatisPipelineUtilsThread] WARN  pipeline.RatisPipelineUtils (RatisPipelineUtils.java:destroyPipeline(66)) - Pipeline destroy failed for pipeline=PipelineID=f7ee6abd-8b7b-4e6e-a17a-cab34b64531b dn=fbfdc5e7-35fe-4dec-93a8-24c91dabe6d4{ip: 192.168.36.125, host: trunk-nightly-20190911-vpfxm-1000144475, networkLocation: /default-rack, certSerialId: null}
2019-09-11 06:31:51,025 [grpc-default-executor-5] INFO  impl.RaftServerProxy (RaftServerProxy.java:remove(95)) - 16d0fe26-9857-4477-8b2c-205100b6d095: remove group-CAB34B64531B:null
2019-09-11 06:31:51,028 [RatisPipelineUtilsThread] WARN  pipeline.RatisPipelineUtils (RatisPipelineUtils.java:destroyPipeline(66)) - Pipeline destroy failed for pipeline=PipelineID=f7ee6abd-8b7b-4e6e-a17a-cab34b64531b dn=16d0fe26-9857-4477-8b2c-205100b6d095{ip: 192.168.36.125, host: trunk-nightly-20190911-vpfxm-1000144475, networkLocation: /default-rack, certSerialId: null}
2019-09-11 06:31:51,028 [RatisPipelineUtilsThread] ERROR pipeline.SCMPipelineManager (Scheduler.java:lambda$schedule$1(70)) - Destroy pipeline failed for pipeline:Pipeline[ Id: f7ee6abd-8b7b-4e6e-a17a-cab34b64531b, Nodes: b3ae6e77-09f2-43a9-bb74-0baf269e9625{ip: 192.168.36.125, host: trunk-nightly-20190911-vpfxm-1000144475, networkLocation: /default-rack, certSerialId: null}fbfdc5e7-35fe-4dec-93a8-24c91dabe6d4{ip: 192.168.36.125, host: trunk-nightly-20190911-vpfxm-1000144475, networkLocation: /default-rack, certSerialId: null}16d0fe26-9857-4477-8b2c-205100b6d095{ip: 192.168.36.125, host: trunk-nightly-20190911-vpfxm-1000144475, networkLocation: /default-rack, certSerialId: null}, Type:RATIS, Factor:THREE, State:CLOSED]
org.apache.hadoop.hdds.scm.pipeline.PipelineNotFoundException: PipelineID=f7ee6abd-8b7b-4e6e-a17a-cab34b64531b not found
	at org.apache.hadoop.hdds.scm.pipeline.PipelineStateMap.getPipeline(PipelineStateMap.java:132)
	at org.apache.hadoop.hdds.scm.pipeline.PipelineStateMap.removePipeline(PipelineStateMap.java:322)
	at org.apache.hadoop.hdds.scm.pipeline.PipelineStateManager.removePipeline(PipelineStateManager.java:107)
	at org.apache.hadoop.hdds.scm.pipeline.SCMPipelineManager.removePipeline(SCMPipelineManager.java:423)
	at org.apache.hadoop.hdds.scm.pipeline.SCMPipelineManager.destroyPipeline(SCMPipelineManager.java:409)
	at org.apache.hadoop.hdds.scm.pipeline.SCMPipelineManager.lambda$finalizeAndDestroyPipeline$0(SCMPipelineManager.java:318)
	at org.apache.hadoop.utils.Scheduler.lambda$schedule$1(Scheduler.java:68)
	at java.util.concurrent.Executors$RunnableAdapter.call(Executors.java:511)
	at java.util.concurrent.FutureTask.run(FutureTask.java:266)
	at java.util.concurrent.ScheduledThreadPoolExecutor$ScheduledFutureTask.access$201(ScheduledThreadPoolExecutor.java:180)
	at java.util.concurrent.ScheduledThreadPoolExecutor$ScheduledFutureTask.run(ScheduledThreadPoolExecutor.java:293)
	at java.util.concurrent.ThreadPoolExecutor.runWorker(ThreadPoolExecutor.java:1149)
	at java.util.concurrent.ThreadPoolExecutor$Worker.run(ThreadPoolExecutor.java:624)
	at java.lang.Thread.run(Thread.java:748)
2019-09-11 06:31:51,644 [grpc-default-executor-7] INFO  client.GrpcClientProtocolClient (GrpcClientProtocolClient.java:onNext(264)) - client-003637AF6369->b3ae6e77-09f2-43a9-bb74-0baf269e9625: receive RaftClientReply:client-003637AF6369->b3ae6e77-09f2-43a9-bb74-0baf269e9625@group-B428A23D2245, cid=42, FAILED org.apache.ratis.protocol.NotLeaderException: Server b3ae6e77-09f2-43a9-bb74-0baf269e9625@group-B428A23D2245 is not the leader 16d0fe26-9857-4477-8b2c-205100b6d095:192.168.36.125:33180, logIndex=0, commits[b3ae6e77-09f2-43a9-bb74-0baf269e9625:c6, 16d0fe26-9857-4477-8b2c-205100b6d095:c6, fbfdc5e7-35fe-4dec-93a8-24c91dabe6d4:c4]
2019-09-11 06:31:51,863 [java.util.concurrent.ThreadPoolExecutor$Worker@2eb904fc[State = -1, empty queue]] WARN  server.GrpcLogAppender (GrpcLogAppender.java:timeoutAppendRequest(200)) - 16d0fe26-9857-4477-8b2c-205100b6d095@group-B428A23D2245->fbfdc5e7-35fe-4dec-93a8-24c91dabe6d4-GrpcLogAppender: appendEntries Timeout, request=16d0fe26-9857-4477-8b2c-205100b6d095->fbfdc5e7-35fe-4dec-93a8-24c91dabe6d4#26-t1, previous=(t:1, i:12), leaderCommit=6, initializing? false, entries: <empty>
2019-09-11 06:31:51,863 [java.util.concurrent.ThreadPoolExecutor$Worker@550fe58d[State = -1, empty queue]] WARN  server.GrpcLogAppender (GrpcLogAppender.java:timeoutAppendRequest(200)) - 16d0fe26-9857-4477-8b2c-205100b6d095@group-B428A23D2245->b3ae6e77-09f2-43a9-bb74-0baf269e9625-GrpcLogAppender: appendEntries Timeout, request=16d0fe26-9857-4477-8b2c-205100b6d095->b3ae6e77-09f2-43a9-bb74-0baf269e9625#26-t1, previous=(t:1, i:12), leaderCommit=6, initializing? false, entries: <empty>
2019-09-11 06:31:54,013 [grpc-default-executor-7] INFO  impl.RaftServerProxy (RaftServerProxy.java:remove(95)) - b3ae6e77-09f2-43a9-bb74-0baf269e9625: remove group-CAB34B64531B:null
2019-09-11 06:31:54,017 [RatisPipelineUtilsThread] WARN  pipeline.RatisPipelineUtils (RatisPipelineUtils.java:destroyPipeline(66)) - Pipeline destroy failed for pipeline=PipelineID=f7ee6abd-8b7b-4e6e-a17a-cab34b64531b dn=b3ae6e77-09f2-43a9-bb74-0baf269e9625{ip: 192.168.36.125, host: trunk-nightly-20190911-vpfxm-1000144475, networkLocation: /default-rack, certSerialId: null}
2019-09-11 06:31:54,020 [grpc-default-executor-7] INFO  impl.RaftServerProxy (RaftServerProxy.java:remove(95)) - fbfdc5e7-35fe-4dec-93a8-24c91dabe6d4: remove group-CAB34B64531B:null
2019-09-11 06:31:54,023 [RatisPipelineUtilsThread] WARN  pipeline.RatisPipelineUtils (RatisPipelineUtils.java:destroyPipeline(66)) - Pipeline destroy failed for pipeline=PipelineID=f7ee6abd-8b7b-4e6e-a17a-cab34b64531b dn=fbfdc5e7-35fe-4dec-93a8-24c91dabe6d4{ip: 192.168.36.125, host: trunk-nightly-20190911-vpfxm-1000144475, networkLocation: /default-rack, certSerialId: null}
2019-09-11 06:31:54,025 [grpc-default-executor-7] INFO  impl.RaftServerProxy (RaftServerProxy.java:remove(95)) - 16d0fe26-9857-4477-8b2c-205100b6d095: remove group-CAB34B64531B:null
2019-09-11 06:31:54,027 [RatisPipelineUtilsThread] WARN  pipeline.RatisPipelineUtils (RatisPipelineUtils.java:destroyPipeline(66)) - Pipeline destroy failed for pipeline=PipelineID=f7ee6abd-8b7b-4e6e-a17a-cab34b64531b dn=16d0fe26-9857-4477-8b2c-205100b6d095{ip: 192.168.36.125, host: trunk-nightly-20190911-vpfxm-1000144475, networkLocation: /default-rack, certSerialId: null}
2019-09-11 06:31:54,028 [RatisPipelineUtilsThread] ERROR pipeline.SCMPipelineManager (Scheduler.java:lambda$schedule$1(70)) - Destroy pipeline failed for pipeline:Pipeline[ Id: f7ee6abd-8b7b-4e6e-a17a-cab34b64531b, Nodes: b3ae6e77-09f2-43a9-bb74-0baf269e9625{ip: 192.168.36.125, host: trunk-nightly-20190911-vpfxm-1000144475, networkLocation: /default-rack, certSerialId: null}fbfdc5e7-35fe-4dec-93a8-24c91dabe6d4{ip: 192.168.36.125, host: trunk-nightly-20190911-vpfxm-1000144475, networkLocation: /default-rack, certSerialId: null}16d0fe26-9857-4477-8b2c-205100b6d095{ip: 192.168.36.125, host: trunk-nightly-20190911-vpfxm-1000144475, networkLocation: /default-rack, certSerialId: null}, Type:RATIS, Factor:THREE, State:CLOSED]
org.apache.hadoop.hdds.scm.pipeline.PipelineNotFoundException: PipelineID=f7ee6abd-8b7b-4e6e-a17a-cab34b64531b not found
	at org.apache.hadoop.hdds.scm.pipeline.PipelineStateMap.getPipeline(PipelineStateMap.java:132)
	at org.apache.hadoop.hdds.scm.pipeline.PipelineStateMap.removePipeline(PipelineStateMap.java:322)
	at org.apache.hadoop.hdds.scm.pipeline.PipelineStateManager.removePipeline(PipelineStateManager.java:107)
	at org.apache.hadoop.hdds.scm.pipeline.SCMPipelineManager.removePipeline(SCMPipelineManager.java:423)
	at org.apache.hadoop.hdds.scm.pipeline.SCMPipelineManager.destroyPipeline(SCMPipelineManager.java:409)
	at org.apache.hadoop.hdds.scm.pipeline.SCMPipelineManager.lambda$finalizeAndDestroyPipeline$0(SCMPipelineManager.java:318)
	at org.apache.hadoop.utils.Scheduler.lambda$schedule$1(Scheduler.java:68)
	at java.util.concurrent.Executors$RunnableAdapter.call(Executors.java:511)
	at java.util.concurrent.FutureTask.run(FutureTask.java:266)
	at java.util.concurrent.ScheduledThreadPoolExecutor$ScheduledFutureTask.access$201(ScheduledThreadPoolExecutor.java:180)
	at java.util.concurrent.ScheduledThreadPoolExecutor$ScheduledFutureTask.run(ScheduledThreadPoolExecutor.java:293)
	at java.util.concurrent.ThreadPoolExecutor.runWorker(ThreadPoolExecutor.java:1149)
	at java.util.concurrent.ThreadPoolExecutor$Worker.run(ThreadPoolExecutor.java:624)
	at java.lang.Thread.run(Thread.java:748)
2019-09-11 06:31:54,363 [java.util.concurrent.ThreadPoolExecutor$Worker@550fe58d[State = -1, empty queue]] WARN  server.GrpcLogAppender (GrpcLogAppender.java:timeoutAppendRequest(200)) - 16d0fe26-9857-4477-8b2c-205100b6d095@group-B428A23D2245->b3ae6e77-09f2-43a9-bb74-0baf269e9625-GrpcLogAppender: appendEntries Timeout, request=16d0fe26-9857-4477-8b2c-205100b6d095->b3ae6e77-09f2-43a9-bb74-0baf269e9625#27-t1, previous=(t:1, i:12), leaderCommit=6, initializing? false, entries: <empty>
2019-09-11 06:31:54,363 [java.util.concurrent.ThreadPoolExecutor$Worker@2eb904fc[State = -1, empty queue]] WARN  server.GrpcLogAppender (GrpcLogAppender.java:timeoutAppendRequest(200)) - 16d0fe26-9857-4477-8b2c-205100b6d095@group-B428A23D2245->fbfdc5e7-35fe-4dec-93a8-24c91dabe6d4-GrpcLogAppender: appendEntries Timeout, request=16d0fe26-9857-4477-8b2c-205100b6d095->fbfdc5e7-35fe-4dec-93a8-24c91dabe6d4#27-t1, previous=(t:1, i:12), leaderCommit=6, initializing? false, entries: <empty>
2019-09-11 06:31:56,013 [grpc-default-executor-7] INFO  impl.RaftServerProxy (RaftServerProxy.java:remove(95)) - b3ae6e77-09f2-43a9-bb74-0baf269e9625: remove group-CAB34B64531B:null
2019-09-11 06:31:56,017 [RatisPipelineUtilsThread] WARN  pipeline.RatisPipelineUtils (RatisPipelineUtils.java:destroyPipeline(66)) - Pipeline destroy failed for pipeline=PipelineID=f7ee6abd-8b7b-4e6e-a17a-cab34b64531b dn=b3ae6e77-09f2-43a9-bb74-0baf269e9625{ip: 192.168.36.125, host: trunk-nightly-20190911-vpfxm-1000144475, networkLocation: /default-rack, certSerialId: null}
2019-09-11 06:31:56,020 [grpc-default-executor-7] INFO  impl.RaftServerProxy (RaftServerProxy.java:remove(95)) - fbfdc5e7-35fe-4dec-93a8-24c91dabe6d4: remove group-CAB34B64531B:null
2019-09-11 06:31:56,022 [RatisPipelineUtilsThread] WARN  pipeline.RatisPipelineUtils (RatisPipelineUtils.java:destroyPipeline(66)) - Pipeline destroy failed for pipeline=PipelineID=f7ee6abd-8b7b-4e6e-a17a-cab34b64531b dn=fbfdc5e7-35fe-4dec-93a8-24c91dabe6d4{ip: 192.168.36.125, host: trunk-nightly-20190911-vpfxm-1000144475, networkLocation: /default-rack, certSerialId: null}
2019-09-11 06:31:56,024 [grpc-default-executor-7] INFO  impl.RaftServerProxy (RaftServerProxy.java:remove(95)) - 16d0fe26-9857-4477-8b2c-205100b6d095: remove group-CAB34B64531B:null
2019-09-11 06:31:56,026 [RatisPipelineUtilsThread] WARN  pipeline.RatisPipelineUtils (RatisPipelineUtils.java:destroyPipeline(66)) - Pipeline destroy failed for pipeline=PipelineID=f7ee6abd-8b7b-4e6e-a17a-cab34b64531b dn=16d0fe26-9857-4477-8b2c-205100b6d095{ip: 192.168.36.125, host: trunk-nightly-20190911-vpfxm-1000144475, networkLocation: /default-rack, certSerialId: null}
2019-09-11 06:31:56,027 [RatisPipelineUtilsThread] ERROR pipeline.SCMPipelineManager (Scheduler.java:lambda$schedule$1(70)) - Destroy pipeline failed for pipeline:Pipeline[ Id: f7ee6abd-8b7b-4e6e-a17a-cab34b64531b, Nodes: b3ae6e77-09f2-43a9-bb74-0baf269e9625{ip: 192.168.36.125, host: trunk-nightly-20190911-vpfxm-1000144475, networkLocation: /default-rack, certSerialId: null}fbfdc5e7-35fe-4dec-93a8-24c91dabe6d4{ip: 192.168.36.125, host: trunk-nightly-20190911-vpfxm-1000144475, networkLocation: /default-rack, certSerialId: null}16d0fe26-9857-4477-8b2c-205100b6d095{ip: 192.168.36.125, host: trunk-nightly-20190911-vpfxm-1000144475, networkLocation: /default-rack, certSerialId: null}, Type:RATIS, Factor:THREE, State:CLOSED]
org.apache.hadoop.hdds.scm.pipeline.PipelineNotFoundException: PipelineID=f7ee6abd-8b7b-4e6e-a17a-cab34b64531b not found
	at org.apache.hadoop.hdds.scm.pipeline.PipelineStateMap.getPipeline(PipelineStateMap.java:132)
	at org.apache.hadoop.hdds.scm.pipeline.PipelineStateMap.removePipeline(PipelineStateMap.java:322)
	at org.apache.hadoop.hdds.scm.pipeline.PipelineStateManager.removePipeline(PipelineStateManager.java:107)
	at org.apache.hadoop.hdds.scm.pipeline.SCMPipelineManager.removePipeline(SCMPipelineManager.java:423)
	at org.apache.hadoop.hdds.scm.pipeline.SCMPipelineManager.destroyPipeline(SCMPipelineManager.java:409)
	at org.apache.hadoop.hdds.scm.pipeline.SCMPipelineManager.lambda$finalizeAndDestroyPipeline$0(SCMPipelineManager.java:318)
	at org.apache.hadoop.utils.Scheduler.lambda$schedule$1(Scheduler.java:68)
	at java.util.concurrent.Executors$RunnableAdapter.call(Executors.java:511)
	at java.util.concurrent.FutureTask.run(FutureTask.java:266)
	at java.util.concurrent.ScheduledThreadPoolExecutor$ScheduledFutureTask.access$201(ScheduledThreadPoolExecutor.java:180)
	at java.util.concurrent.ScheduledThreadPoolExecutor$ScheduledFutureTask.run(ScheduledThreadPoolExecutor.java:293)
	at java.util.concurrent.ThreadPoolExecutor.runWorker(ThreadPoolExecutor.java:1149)
	at java.util.concurrent.ThreadPoolExecutor$Worker.run(ThreadPoolExecutor.java:624)
	at java.lang.Thread.run(Thread.java:748)
2019-09-11 06:31:56,356 [fbfdc5e7-35fe-4dec-93a8-24c91dabe6d4@group-B428A23D2245-SegmentedRaftLogWorker] WARN  segmented.SegmentedRaftLogWorker (SegmentedRaftLogWorker.java:getFromFuture(90)) - Timeout 3/~
org.apache.ratis.protocol.TimeoutIOException: Timeout 10s: WriteLog:7: (t:1, i:7), STATEMACHINELOGENTRY, client-003637AF6369, cid=42-writeStateMachineData
	at org.apache.ratis.util.IOUtils.getFromFuture(IOUtils.java:87)
	at org.apache.ratis.server.raftlog.segmented.SegmentedRaftLogWorker$StateMachineDataPolicy.getFromFuture(SegmentedRaftLogWorker.java:87)
	at org.apache.ratis.server.raftlog.segmented.SegmentedRaftLogWorker$WriteLog.execute(SegmentedRaftLogWorker.java:477)
	at org.apache.ratis.server.raftlog.segmented.SegmentedRaftLogWorker.run(SegmentedRaftLogWorker.java:289)
	at java.lang.Thread.run(Thread.java:748)
Caused by: java.util.concurrent.TimeoutException
	at java.util.concurrent.CompletableFuture.timedGet(CompletableFuture.java:1771)
	at java.util.concurrent.CompletableFuture.get(CompletableFuture.java:1915)
	at org.apache.ratis.util.IOUtils.getFromFuture(IOUtils.java:79)
	... 4 more
2019-09-11 06:31:56,356 [b3ae6e77-09f2-43a9-bb74-0baf269e9625@group-B428A23D2245-SegmentedRaftLogWorker] WARN  segmented.SegmentedRaftLogWorker (SegmentedRaftLogWorker.java:getFromFuture(90)) - Timeout 3/~
org.apache.ratis.protocol.TimeoutIOException: Timeout 10s: WriteLog:7: (t:1, i:7), STATEMACHINELOGENTRY, client-003637AF6369, cid=42-writeStateMachineData
	at org.apache.ratis.util.IOUtils.getFromFuture(IOUtils.java:87)
	at org.apache.ratis.server.raftlog.segmented.SegmentedRaftLogWorker$StateMachineDataPolicy.getFromFuture(SegmentedRaftLogWorker.java:87)
	at org.apache.ratis.server.raftlog.segmented.SegmentedRaftLogWorker$WriteLog.execute(SegmentedRaftLogWorker.java:477)
	at org.apache.ratis.server.raftlog.segmented.SegmentedRaftLogWorker.run(SegmentedRaftLogWorker.java:289)
	at java.lang.Thread.run(Thread.java:748)
Caused by: java.util.concurrent.TimeoutException
	at java.util.concurrent.CompletableFuture.timedGet(CompletableFuture.java:1771)
	at java.util.concurrent.CompletableFuture.get(CompletableFuture.java:1915)
	at org.apache.ratis.util.IOUtils.getFromFuture(IOUtils.java:79)
	... 4 more
2019-09-11 06:31:56,486 [16d0fe26-9857-4477-8b2c-205100b6d095@group-B428A23D2245-SegmentedRaftLogWorker] WARN  segmented.SegmentedRaftLogWorker (SegmentedRaftLogWorker.java:getFromFuture(90)) - Timeout 3/~
org.apache.ratis.protocol.TimeoutIOException: Timeout 10s: WriteLog:10: (t:1, i:10), STATEMACHINELOGENTRY, client-003637AF6369, cid=45-writeStateMachineData
	at org.apache.ratis.util.IOUtils.getFromFuture(IOUtils.java:87)
	at org.apache.ratis.server.raftlog.segmented.SegmentedRaftLogWorker$StateMachineDataPolicy.getFromFuture(SegmentedRaftLogWorker.java:87)
	at org.apache.ratis.server.raftlog.segmented.SegmentedRaftLogWorker$WriteLog.execute(SegmentedRaftLogWorker.java:477)
	at org.apache.ratis.server.raftlog.segmented.SegmentedRaftLogWorker.run(SegmentedRaftLogWorker.java:289)
	at java.lang.Thread.run(Thread.java:748)
Caused by: java.util.concurrent.TimeoutException
	at java.util.concurrent.CompletableFuture.timedGet(CompletableFuture.java:1771)
	at java.util.concurrent.CompletableFuture.get(CompletableFuture.java:1915)
	at org.apache.ratis.util.IOUtils.getFromFuture(IOUtils.java:79)
	... 4 more
2019-09-11 06:31:56,683 [grpc-default-executor-5] INFO  client.GrpcClientProtocolClient (GrpcClientProtocolClient.java:onNext(264)) - client-003637AF6369->fbfdc5e7-35fe-4dec-93a8-24c91dabe6d4: receive RaftClientReply:client-003637AF6369->fbfdc5e7-35fe-4dec-93a8-24c91dabe6d4@group-B428A23D2245, cid=42, FAILED org.apache.ratis.protocol.NotLeaderException: Server fbfdc5e7-35fe-4dec-93a8-24c91dabe6d4@group-B428A23D2245 is not the leader 16d0fe26-9857-4477-8b2c-205100b6d095:192.168.36.125:33180, logIndex=0, commits[fbfdc5e7-35fe-4dec-93a8-24c91dabe6d4:c6, b3ae6e77-09f2-43a9-bb74-0baf269e9625:c4, 16d0fe26-9857-4477-8b2c-205100b6d095:c6]
2019-09-11 06:31:56,865 [java.util.concurrent.ThreadPoolExecutor$Worker@550fe58d[State = -1, empty queue]] WARN  server.GrpcLogAppender (GrpcLogAppender.java:timeoutAppendRequest(200)) - 16d0fe26-9857-4477-8b2c-205100b6d095@group-B428A23D2245->b3ae6e77-09f2-43a9-bb74-0baf269e9625-GrpcLogAppender: appendEntries Timeout, request=16d0fe26-9857-4477-8b2c-205100b6d095->b3ae6e77-09f2-43a9-bb74-0baf269e9625#28-t1, previous=(t:1, i:12), leaderCommit=6, initializing? false, entries: <empty>
2019-09-11 06:31:56,865 [java.util.concurrent.ThreadPoolExecutor$Worker@2eb904fc[State = -1, empty queue]] WARN  server.GrpcLogAppender (GrpcLogAppender.java:timeoutAppendRequest(200)) - 16d0fe26-9857-4477-8b2c-205100b6d095@group-B428A23D2245->fbfdc5e7-35fe-4dec-93a8-24c91dabe6d4-GrpcLogAppender: appendEntries Timeout, request=16d0fe26-9857-4477-8b2c-205100b6d095->fbfdc5e7-35fe-4dec-93a8-24c91dabe6d4#28-t1, previous=(t:1, i:12), leaderCommit=6, initializing? false, entries: <empty>
2019-09-11 06:31:59,013 [grpc-default-executor-5] INFO  impl.RaftServerProxy (RaftServerProxy.java:remove(95)) - b3ae6e77-09f2-43a9-bb74-0baf269e9625: remove group-CAB34B64531B:null
2019-09-11 06:31:59,016 [RatisPipelineUtilsThread] WARN  pipeline.RatisPipelineUtils (RatisPipelineUtils.java:destroyPipeline(66)) - Pipeline destroy failed for pipeline=PipelineID=f7ee6abd-8b7b-4e6e-a17a-cab34b64531b dn=b3ae6e77-09f2-43a9-bb74-0baf269e9625{ip: 192.168.36.125, host: trunk-nightly-20190911-vpfxm-1000144475, networkLocation: /default-rack, certSerialId: null}
2019-09-11 06:31:59,019 [grpc-default-executor-5] INFO  impl.RaftServerProxy (RaftServerProxy.java:remove(95)) - fbfdc5e7-35fe-4dec-93a8-24c91dabe6d4: remove group-CAB34B64531B:null
2019-09-11 06:31:59,021 [RatisPipelineUtilsThread] WARN  pipeline.RatisPipelineUtils (RatisPipelineUtils.java:destroyPipeline(66)) - Pipeline destroy failed for pipeline=PipelineID=f7ee6abd-8b7b-4e6e-a17a-cab34b64531b dn=fbfdc5e7-35fe-4dec-93a8-24c91dabe6d4{ip: 192.168.36.125, host: trunk-nightly-20190911-vpfxm-1000144475, networkLocation: /default-rack, certSerialId: null}
2019-09-11 06:31:59,024 [grpc-default-executor-5] INFO  impl.RaftServerProxy (RaftServerProxy.java:remove(95)) - 16d0fe26-9857-4477-8b2c-205100b6d095: remove group-CAB34B64531B:null
2019-09-11 06:31:59,026 [RatisPipelineUtilsThread] WARN  pipeline.RatisPipelineUtils (RatisPipelineUtils.java:destroyPipeline(66)) - Pipeline destroy failed for pipeline=PipelineID=f7ee6abd-8b7b-4e6e-a17a-cab34b64531b dn=16d0fe26-9857-4477-8b2c-205100b6d095{ip: 192.168.36.125, host: trunk-nightly-20190911-vpfxm-1000144475, networkLocation: /default-rack, certSerialId: null}
2019-09-11 06:31:59,026 [RatisPipelineUtilsThread] ERROR pipeline.SCMPipelineManager (Scheduler.java:lambda$schedule$1(70)) - Destroy pipeline failed for pipeline:Pipeline[ Id: f7ee6abd-8b7b-4e6e-a17a-cab34b64531b, Nodes: b3ae6e77-09f2-43a9-bb74-0baf269e9625{ip: 192.168.36.125, host: trunk-nightly-20190911-vpfxm-1000144475, networkLocation: /default-rack, certSerialId: null}fbfdc5e7-35fe-4dec-93a8-24c91dabe6d4{ip: 192.168.36.125, host: trunk-nightly-20190911-vpfxm-1000144475, networkLocation: /default-rack, certSerialId: null}16d0fe26-9857-4477-8b2c-205100b6d095{ip: 192.168.36.125, host: trunk-nightly-20190911-vpfxm-1000144475, networkLocation: /default-rack, certSerialId: null}, Type:RATIS, Factor:THREE, State:CLOSED]
org.apache.hadoop.hdds.scm.pipeline.PipelineNotFoundException: PipelineID=f7ee6abd-8b7b-4e6e-a17a-cab34b64531b not found
	at org.apache.hadoop.hdds.scm.pipeline.PipelineStateMap.getPipeline(PipelineStateMap.java:132)
	at org.apache.hadoop.hdds.scm.pipeline.PipelineStateMap.removePipeline(PipelineStateMap.java:322)
	at org.apache.hadoop.hdds.scm.pipeline.PipelineStateManager.removePipeline(PipelineStateManager.java:107)
	at org.apache.hadoop.hdds.scm.pipeline.SCMPipelineManager.removePipeline(SCMPipelineManager.java:423)
	at org.apache.hadoop.hdds.scm.pipeline.SCMPipelineManager.destroyPipeline(SCMPipelineManager.java:409)
	at org.apache.hadoop.hdds.scm.pipeline.SCMPipelineManager.lambda$finalizeAndDestroyPipeline$0(SCMPipelineManager.java:318)
	at org.apache.hadoop.utils.Scheduler.lambda$schedule$1(Scheduler.java:68)
	at java.util.concurrent.Executors$RunnableAdapter.call(Executors.java:511)
	at java.util.concurrent.FutureTask.run(FutureTask.java:266)
	at java.util.concurrent.ScheduledThreadPoolExecutor$ScheduledFutureTask.access$201(ScheduledThreadPoolExecutor.java:180)
	at java.util.concurrent.ScheduledThreadPoolExecutor$ScheduledFutureTask.run(ScheduledThreadPoolExecutor.java:293)
	at java.util.concurrent.ThreadPoolExecutor.runWorker(ThreadPoolExecutor.java:1149)
	at java.util.concurrent.ThreadPoolExecutor$Worker.run(ThreadPoolExecutor.java:624)
	at java.lang.Thread.run(Thread.java:748)
2019-09-11 06:31:59,365 [java.util.concurrent.ThreadPoolExecutor$Worker@550fe58d[State = -1, empty queue]] WARN  server.GrpcLogAppender (GrpcLogAppender.java:timeoutAppendRequest(200)) - 16d0fe26-9857-4477-8b2c-205100b6d095@group-B428A23D2245->b3ae6e77-09f2-43a9-bb74-0baf269e9625-GrpcLogAppender: appendEntries Timeout, request=16d0fe26-9857-4477-8b2c-205100b6d095->b3ae6e77-09f2-43a9-bb74-0baf269e9625#29-t1, previous=(t:1, i:12), leaderCommit=6, initializing? false, entries: <empty>
2019-09-11 06:31:59,365 [java.util.concurrent.ThreadPoolExecutor$Worker@2eb904fc[State = -1, empty queue]] WARN  server.GrpcLogAppender (GrpcLogAppender.java:timeoutAppendRequest(200)) - 16d0fe26-9857-4477-8b2c-205100b6d095@group-B428A23D2245->fbfdc5e7-35fe-4dec-93a8-24c91dabe6d4-GrpcLogAppender: appendEntries Timeout, request=16d0fe26-9857-4477-8b2c-205100b6d095->fbfdc5e7-35fe-4dec-93a8-24c91dabe6d4#29-t1, previous=(t:1, i:12), leaderCommit=6, initializing? false, entries: <empty>
2019-09-11 06:32:01,012 [grpc-default-executor-5] INFO  impl.RaftServerProxy (RaftServerProxy.java:remove(95)) - b3ae6e77-09f2-43a9-bb74-0baf269e9625: remove group-CAB34B64531B:null
2019-09-11 06:32:01,015 [RatisPipelineUtilsThread] WARN  pipeline.RatisPipelineUtils (RatisPipelineUtils.java:destroyPipeline(66)) - Pipeline destroy failed for pipeline=PipelineID=f7ee6abd-8b7b-4e6e-a17a-cab34b64531b dn=b3ae6e77-09f2-43a9-bb74-0baf269e9625{ip: 192.168.36.125, host: trunk-nightly-20190911-vpfxm-1000144475, networkLocation: /default-rack, certSerialId: null}
2019-09-11 06:32:01,018 [grpc-default-executor-5] INFO  impl.RaftServerProxy (RaftServerProxy.java:remove(95)) - fbfdc5e7-35fe-4dec-93a8-24c91dabe6d4: remove group-CAB34B64531B:null
2019-09-11 06:32:01,020 [RatisPipelineUtilsThread] WARN  pipeline.RatisPipelineUtils (RatisPipelineUtils.java:destroyPipeline(66)) - Pipeline destroy failed for pipeline=PipelineID=f7ee6abd-8b7b-4e6e-a17a-cab34b64531b dn=fbfdc5e7-35fe-4dec-93a8-24c91dabe6d4{ip: 192.168.36.125, host: trunk-nightly-20190911-vpfxm-1000144475, networkLocation: /default-rack, certSerialId: null}
2019-09-11 06:32:01,023 [grpc-default-executor-5] INFO  impl.RaftServerProxy (RaftServerProxy.java:remove(95)) - 16d0fe26-9857-4477-8b2c-205100b6d095: remove group-CAB34B64531B:null
2019-09-11 06:32:01,026 [RatisPipelineUtilsThread] WARN  pipeline.RatisPipelineUtils (RatisPipelineUtils.java:destroyPipeline(66)) - Pipeline destroy failed for pipeline=PipelineID=f7ee6abd-8b7b-4e6e-a17a-cab34b64531b dn=16d0fe26-9857-4477-8b2c-205100b6d095{ip: 192.168.36.125, host: trunk-nightly-20190911-vpfxm-1000144475, networkLocation: /default-rack, certSerialId: null}
2019-09-11 06:32:01,026 [RatisPipelineUtilsThread] ERROR pipeline.SCMPipelineManager (Scheduler.java:lambda$schedule$1(70)) - Destroy pipeline failed for pipeline:Pipeline[ Id: f7ee6abd-8b7b-4e6e-a17a-cab34b64531b, Nodes: b3ae6e77-09f2-43a9-bb74-0baf269e9625{ip: 192.168.36.125, host: trunk-nightly-20190911-vpfxm-1000144475, networkLocation: /default-rack, certSerialId: null}fbfdc5e7-35fe-4dec-93a8-24c91dabe6d4{ip: 192.168.36.125, host: trunk-nightly-20190911-vpfxm-1000144475, networkLocation: /default-rack, certSerialId: null}16d0fe26-9857-4477-8b2c-205100b6d095{ip: 192.168.36.125, host: trunk-nightly-20190911-vpfxm-1000144475, networkLocation: /default-rack, certSerialId: null}, Type:RATIS, Factor:THREE, State:CLOSED]
org.apache.hadoop.hdds.scm.pipeline.PipelineNotFoundException: PipelineID=f7ee6abd-8b7b-4e6e-a17a-cab34b64531b not found
	at org.apache.hadoop.hdds.scm.pipeline.PipelineStateMap.getPipeline(PipelineStateMap.java:132)
	at org.apache.hadoop.hdds.scm.pipeline.PipelineStateMap.removePipeline(PipelineStateMap.java:322)
	at org.apache.hadoop.hdds.scm.pipeline.PipelineStateManager.removePipeline(PipelineStateManager.java:107)
	at org.apache.hadoop.hdds.scm.pipeline.SCMPipelineManager.removePipeline(SCMPipelineManager.java:423)
	at org.apache.hadoop.hdds.scm.pipeline.SCMPipelineManager.destroyPipeline(SCMPipelineManager.java:409)
	at org.apache.hadoop.hdds.scm.pipeline.SCMPipelineManager.lambda$finalizeAndDestroyPipeline$0(SCMPipelineManager.java:318)
	at org.apache.hadoop.utils.Scheduler.lambda$schedule$1(Scheduler.java:68)
	at java.util.concurrent.Executors$RunnableAdapter.call(Executors.java:511)
	at java.util.concurrent.FutureTask.run(FutureTask.java:266)
	at java.util.concurrent.ScheduledThreadPoolExecutor$ScheduledFutureTask.access$201(ScheduledThreadPoolExecutor.java:180)
	at java.util.concurrent.ScheduledThreadPoolExecutor$ScheduledFutureTask.run(ScheduledThreadPoolExecutor.java:293)
	at java.util.concurrent.ThreadPoolExecutor.runWorker(ThreadPoolExecutor.java:1149)
	at java.util.concurrent.ThreadPoolExecutor$Worker.run(ThreadPoolExecutor.java:624)
	at java.lang.Thread.run(Thread.java:748)
2019-09-11 06:32:01,711 [grpc-default-executor-5] INFO  client.GrpcClientProtocolClient (GrpcClientProtocolClient.java:onNext(264)) - client-003637AF6369->fbfdc5e7-35fe-4dec-93a8-24c91dabe6d4: receive RaftClientReply:client-003637AF6369->fbfdc5e7-35fe-4dec-93a8-24c91dabe6d4@group-B428A23D2245, cid=42, FAILED org.apache.ratis.protocol.NotLeaderException: Server fbfdc5e7-35fe-4dec-93a8-24c91dabe6d4@group-B428A23D2245 is not the leader 16d0fe26-9857-4477-8b2c-205100b6d095:192.168.36.125:33180, logIndex=0, commits[fbfdc5e7-35fe-4dec-93a8-24c91dabe6d4:c6, b3ae6e77-09f2-43a9-bb74-0baf269e9625:c4, 16d0fe26-9857-4477-8b2c-205100b6d095:c6]
2019-09-11 06:32:01,865 [java.util.concurrent.ThreadPoolExecutor$Worker@2eb904fc[State = -1, empty queue]] WARN  server.GrpcLogAppender (GrpcLogAppender.java:timeoutAppendRequest(200)) - 16d0fe26-9857-4477-8b2c-205100b6d095@group-B428A23D2245->fbfdc5e7-35fe-4dec-93a8-24c91dabe6d4-GrpcLogAppender: appendEntries Timeout, request=16d0fe26-9857-4477-8b2c-205100b6d095->fbfdc5e7-35fe-4dec-93a8-24c91dabe6d4#30-t1, previous=(t:1, i:12), leaderCommit=6, initializing? false, entries: <empty>
2019-09-11 06:32:01,865 [java.util.concurrent.ThreadPoolExecutor$Worker@550fe58d[State = -1, empty queue]] WARN  server.GrpcLogAppender (GrpcLogAppender.java:timeoutAppendRequest(200)) - 16d0fe26-9857-4477-8b2c-205100b6d095@group-B428A23D2245->b3ae6e77-09f2-43a9-bb74-0baf269e9625-GrpcLogAppender: appendEntries Timeout, request=16d0fe26-9857-4477-8b2c-205100b6d095->b3ae6e77-09f2-43a9-bb74-0baf269e9625#30-t1, previous=(t:1, i:12), leaderCommit=6, initializing? false, entries: <empty>
2019-09-11 06:32:04,010 [grpc-default-executor-5] INFO  impl.RaftServerProxy (RaftServerProxy.java:remove(95)) - b3ae6e77-09f2-43a9-bb74-0baf269e9625: remove group-CAB34B64531B:null
2019-09-11 06:32:04,012 [RatisPipelineUtilsThread] WARN  pipeline.RatisPipelineUtils (RatisPipelineUtils.java:destroyPipeline(66)) - Pipeline destroy failed for pipeline=PipelineID=f7ee6abd-8b7b-4e6e-a17a-cab34b64531b dn=b3ae6e77-09f2-43a9-bb74-0baf269e9625{ip: 192.168.36.125, host: trunk-nightly-20190911-vpfxm-1000144475, networkLocation: /default-rack, certSerialId: null}
2019-09-11 06:32:04,014 [grpc-default-executor-5] INFO  impl.RaftServerProxy (RaftServerProxy.java:remove(95)) - fbfdc5e7-35fe-4dec-93a8-24c91dabe6d4: remove group-CAB34B64531B:null
2019-09-11 06:32:04,016 [RatisPipelineUtilsThread] WARN  pipeline.RatisPipelineUtils (RatisPipelineUtils.java:destroyPipeline(66)) - Pipeline destroy failed for pipeline=PipelineID=f7ee6abd-8b7b-4e6e-a17a-cab34b64531b dn=fbfdc5e7-35fe-4dec-93a8-24c91dabe6d4{ip: 192.168.36.125, host: trunk-nightly-20190911-vpfxm-1000144475, networkLocation: /default-rack, certSerialId: null}
2019-09-11 06:32:04,018 [grpc-default-executor-5] INFO  impl.RaftServerProxy (RaftServerProxy.java:remove(95)) - 16d0fe26-9857-4477-8b2c-205100b6d095: remove group-CAB34B64531B:null
2019-09-11 06:32:04,020 [RatisPipelineUtilsThread] WARN  pipeline.RatisPipelineUtils (RatisPipelineUtils.java:destroyPipeline(66)) - Pipeline destroy failed for pipeline=PipelineID=f7ee6abd-8b7b-4e6e-a17a-cab34b64531b dn=16d0fe26-9857-4477-8b2c-205100b6d095{ip: 192.168.36.125, host: trunk-nightly-20190911-vpfxm-1000144475, networkLocation: /default-rack, certSerialId: null}
2019-09-11 06:32:04,020 [RatisPipelineUtilsThread] ERROR pipeline.SCMPipelineManager (Scheduler.java:lambda$schedule$1(70)) - Destroy pipeline failed for pipeline:Pipeline[ Id: f7ee6abd-8b7b-4e6e-a17a-cab34b64531b, Nodes: b3ae6e77-09f2-43a9-bb74-0baf269e9625{ip: 192.168.36.125, host: trunk-nightly-20190911-vpfxm-1000144475, networkLocation: /default-rack, certSerialId: null}fbfdc5e7-35fe-4dec-93a8-24c91dabe6d4{ip: 192.168.36.125, host: trunk-nightly-20190911-vpfxm-1000144475, networkLocation: /default-rack, certSerialId: null}16d0fe26-9857-4477-8b2c-205100b6d095{ip: 192.168.36.125, host: trunk-nightly-20190911-vpfxm-1000144475, networkLocation: /default-rack, certSerialId: null}, Type:RATIS, Factor:THREE, State:CLOSED]
org.apache.hadoop.hdds.scm.pipeline.PipelineNotFoundException: PipelineID=f7ee6abd-8b7b-4e6e-a17a-cab34b64531b not found
	at org.apache.hadoop.hdds.scm.pipeline.PipelineStateMap.getPipeline(PipelineStateMap.java:132)
	at org.apache.hadoop.hdds.scm.pipeline.PipelineStateMap.removePipeline(PipelineStateMap.java:322)
	at org.apache.hadoop.hdds.scm.pipeline.PipelineStateManager.removePipeline(PipelineStateManager.java:107)
	at org.apache.hadoop.hdds.scm.pipeline.SCMPipelineManager.removePipeline(SCMPipelineManager.java:423)
	at org.apache.hadoop.hdds.scm.pipeline.SCMPipelineManager.destroyPipeline(SCMPipelineManager.java:409)
	at org.apache.hadoop.hdds.scm.pipeline.SCMPipelineManager.lambda$finalizeAndDestroyPipeline$0(SCMPipelineManager.java:318)
	at org.apache.hadoop.utils.Scheduler.lambda$schedule$1(Scheduler.java:68)
	at java.util.concurrent.Executors$RunnableAdapter.call(Executors.java:511)
	at java.util.concurrent.FutureTask.run(FutureTask.java:266)
	at java.util.concurrent.ScheduledThreadPoolExecutor$ScheduledFutureTask.access$201(ScheduledThreadPoolExecutor.java:180)
	at java.util.concurrent.ScheduledThreadPoolExecutor$ScheduledFutureTask.run(ScheduledThreadPoolExecutor.java:293)
	at java.util.concurrent.ThreadPoolExecutor.runWorker(ThreadPoolExecutor.java:1149)
	at java.util.concurrent.ThreadPoolExecutor$Worker.run(ThreadPoolExecutor.java:624)
	at java.lang.Thread.run(Thread.java:748)
2019-09-11 06:32:04,366 [java.util.concurrent.ThreadPoolExecutor$Worker@2eb904fc[State = -1, empty queue]] WARN  server.GrpcLogAppender (GrpcLogAppender.java:timeoutAppendRequest(200)) - 16d0fe26-9857-4477-8b2c-205100b6d095@group-B428A23D2245->fbfdc5e7-35fe-4dec-93a8-24c91dabe6d4-GrpcLogAppender: appendEntries Timeout, request=16d0fe26-9857-4477-8b2c-205100b6d095->fbfdc5e7-35fe-4dec-93a8-24c91dabe6d4#31-t1, previous=(t:1, i:12), leaderCommit=6, initializing? false, entries: <empty>
2019-09-11 06:32:04,366 [java.util.concurrent.ThreadPoolExecutor$Worker@550fe58d[State = -1, empty queue]] WARN  server.GrpcLogAppender (GrpcLogAppender.java:timeoutAppendRequest(200)) - 16d0fe26-9857-4477-8b2c-205100b6d095@group-B428A23D2245->b3ae6e77-09f2-43a9-bb74-0baf269e9625-GrpcLogAppender: appendEntries Timeout, request=16d0fe26-9857-4477-8b2c-205100b6d095->b3ae6e77-09f2-43a9-bb74-0baf269e9625#31-t1, previous=(t:1, i:12), leaderCommit=6, initializing? false, entries: <empty>
2019-09-11 06:32:06,011 [grpc-default-executor-8] INFO  impl.RaftServerProxy (RaftServerProxy.java:remove(95)) - b3ae6e77-09f2-43a9-bb74-0baf269e9625: remove group-CAB34B64531B:null
2019-09-11 06:32:06,013 [RatisPipelineUtilsThread] WARN  pipeline.RatisPipelineUtils (RatisPipelineUtils.java:destroyPipeline(66)) - Pipeline destroy failed for pipeline=PipelineID=f7ee6abd-8b7b-4e6e-a17a-cab34b64531b dn=b3ae6e77-09f2-43a9-bb74-0baf269e9625{ip: 192.168.36.125, host: trunk-nightly-20190911-vpfxm-1000144475, networkLocation: /default-rack, certSerialId: null}
2019-09-11 06:32:06,016 [grpc-default-executor-8] INFO  impl.RaftServerProxy (RaftServerProxy.java:remove(95)) - fbfdc5e7-35fe-4dec-93a8-24c91dabe6d4: remove group-CAB34B64531B:null
2019-09-11 06:32:06,018 [RatisPipelineUtilsThread] WARN  pipeline.RatisPipelineUtils (RatisPipelineUtils.java:destroyPipeline(66)) - Pipeline destroy failed for pipeline=PipelineID=f7ee6abd-8b7b-4e6e-a17a-cab34b64531b dn=fbfdc5e7-35fe-4dec-93a8-24c91dabe6d4{ip: 192.168.36.125, host: trunk-nightly-20190911-vpfxm-1000144475, networkLocation: /default-rack, certSerialId: null}
2019-09-11 06:32:06,020 [grpc-default-executor-8] INFO  impl.RaftServerProxy (RaftServerProxy.java:remove(95)) - 16d0fe26-9857-4477-8b2c-205100b6d095: remove group-CAB34B64531B:null
2019-09-11 06:32:06,022 [RatisPipelineUtilsThread] WARN  pipeline.RatisPipelineUtils (RatisPipelineUtils.java:destroyPipeline(66)) - Pipeline destroy failed for pipeline=PipelineID=f7ee6abd-8b7b-4e6e-a17a-cab34b64531b dn=16d0fe26-9857-4477-8b2c-205100b6d095{ip: 192.168.36.125, host: trunk-nightly-20190911-vpfxm-1000144475, networkLocation: /default-rack, certSerialId: null}
2019-09-11 06:32:06,022 [RatisPipelineUtilsThread] ERROR pipeline.SCMPipelineManager (Scheduler.java:lambda$schedule$1(70)) - Destroy pipeline failed for pipeline:Pipeline[ Id: f7ee6abd-8b7b-4e6e-a17a-cab34b64531b, Nodes: b3ae6e77-09f2-43a9-bb74-0baf269e9625{ip: 192.168.36.125, host: trunk-nightly-20190911-vpfxm-1000144475, networkLocation: /default-rack, certSerialId: null}fbfdc5e7-35fe-4dec-93a8-24c91dabe6d4{ip: 192.168.36.125, host: trunk-nightly-20190911-vpfxm-1000144475, networkLocation: /default-rack, certSerialId: null}16d0fe26-9857-4477-8b2c-205100b6d095{ip: 192.168.36.125, host: trunk-nightly-20190911-vpfxm-1000144475, networkLocation: /default-rack, certSerialId: null}, Type:RATIS, Factor:THREE, State:CLOSED]
org.apache.hadoop.hdds.scm.pipeline.PipelineNotFoundException: PipelineID=f7ee6abd-8b7b-4e6e-a17a-cab34b64531b not found
	at org.apache.hadoop.hdds.scm.pipeline.PipelineStateMap.getPipeline(PipelineStateMap.java:132)
	at org.apache.hadoop.hdds.scm.pipeline.PipelineStateMap.removePipeline(PipelineStateMap.java:322)
	at org.apache.hadoop.hdds.scm.pipeline.PipelineStateManager.removePipeline(PipelineStateManager.java:107)
	at org.apache.hadoop.hdds.scm.pipeline.SCMPipelineManager.removePipeline(SCMPipelineManager.java:423)
	at org.apache.hadoop.hdds.scm.pipeline.SCMPipelineManager.destroyPipeline(SCMPipelineManager.java:409)
	at org.apache.hadoop.hdds.scm.pipeline.SCMPipelineManager.lambda$finalizeAndDestroyPipeline$0(SCMPipelineManager.java:318)
	at org.apache.hadoop.utils.Scheduler.lambda$schedule$1(Scheduler.java:68)
	at java.util.concurrent.Executors$RunnableAdapter.call(Executors.java:511)
	at java.util.concurrent.FutureTask.run(FutureTask.java:266)
	at java.util.concurrent.ScheduledThreadPoolExecutor$ScheduledFutureTask.access$201(ScheduledThreadPoolExecutor.java:180)
	at java.util.concurrent.ScheduledThreadPoolExecutor$ScheduledFutureTask.run(ScheduledThreadPoolExecutor.java:293)
	at java.util.concurrent.ThreadPoolExecutor.runWorker(ThreadPoolExecutor.java:1149)
	at java.util.concurrent.ThreadPoolExecutor$Worker.run(ThreadPoolExecutor.java:624)
	at java.lang.Thread.run(Thread.java:748)
2019-09-11 06:32:06,357 [fbfdc5e7-35fe-4dec-93a8-24c91dabe6d4@group-B428A23D2245-SegmentedRaftLogWorker] WARN  segmented.SegmentedRaftLogWorker (SegmentedRaftLogWorker.java:getFromFuture(90)) - Timeout 4/~
org.apache.ratis.protocol.TimeoutIOException: Timeout 10s: WriteLog:7: (t:1, i:7), STATEMACHINELOGENTRY, client-003637AF6369, cid=42-writeStateMachineData
	at org.apache.ratis.util.IOUtils.getFromFuture(IOUtils.java:87)
	at org.apache.ratis.server.raftlog.segmented.SegmentedRaftLogWorker$StateMachineDataPolicy.getFromFuture(SegmentedRaftLogWorker.java:87)
	at org.apache.ratis.server.raftlog.segmented.SegmentedRaftLogWorker$WriteLog.execute(SegmentedRaftLogWorker.java:477)
	at org.apache.ratis.server.raftlog.segmented.SegmentedRaftLogWorker.run(SegmentedRaftLogWorker.java:289)
	at java.lang.Thread.run(Thread.java:748)
Caused by: java.util.concurrent.TimeoutException
	at java.util.concurrent.CompletableFuture.timedGet(CompletableFuture.java:1771)
	at java.util.concurrent.CompletableFuture.get(CompletableFuture.java:1915)
	at org.apache.ratis.util.IOUtils.getFromFuture(IOUtils.java:79)
	... 4 more
2019-09-11 06:32:06,357 [b3ae6e77-09f2-43a9-bb74-0baf269e9625@group-B428A23D2245-SegmentedRaftLogWorker] WARN  segmented.SegmentedRaftLogWorker (SegmentedRaftLogWorker.java:getFromFuture(90)) - Timeout 4/~
org.apache.ratis.protocol.TimeoutIOException: Timeout 10s: WriteLog:7: (t:1, i:7), STATEMACHINELOGENTRY, client-003637AF6369, cid=42-writeStateMachineData
	at org.apache.ratis.util.IOUtils.getFromFuture(IOUtils.java:87)
	at org.apache.ratis.server.raftlog.segmented.SegmentedRaftLogWorker$StateMachineDataPolicy.getFromFuture(SegmentedRaftLogWorker.java:87)
	at org.apache.ratis.server.raftlog.segmented.SegmentedRaftLogWorker$WriteLog.execute(SegmentedRaftLogWorker.java:477)
	at org.apache.ratis.server.raftlog.segmented.SegmentedRaftLogWorker.run(SegmentedRaftLogWorker.java:289)
	at java.lang.Thread.run(Thread.java:748)
Caused by: java.util.concurrent.TimeoutException
	at java.util.concurrent.CompletableFuture.timedGet(CompletableFuture.java:1771)
	at java.util.concurrent.CompletableFuture.get(CompletableFuture.java:1915)
	at org.apache.ratis.util.IOUtils.getFromFuture(IOUtils.java:79)
	... 4 more
2019-09-11 06:32:06,486 [16d0fe26-9857-4477-8b2c-205100b6d095@group-B428A23D2245-SegmentedRaftLogWorker] WARN  segmented.SegmentedRaftLogWorker (SegmentedRaftLogWorker.java:getFromFuture(90)) - Timeout 4/~
org.apache.ratis.protocol.TimeoutIOException: Timeout 10s: WriteLog:10: (t:1, i:10), STATEMACHINELOGENTRY, client-003637AF6369, cid=45-writeStateMachineData
	at org.apache.ratis.util.IOUtils.getFromFuture(IOUtils.java:87)
	at org.apache.ratis.server.raftlog.segmented.SegmentedRaftLogWorker$StateMachineDataPolicy.getFromFuture(SegmentedRaftLogWorker.java:87)
	at org.apache.ratis.server.raftlog.segmented.SegmentedRaftLogWorker$WriteLog.execute(SegmentedRaftLogWorker.java:477)
	at org.apache.ratis.server.raftlog.segmented.SegmentedRaftLogWorker.run(SegmentedRaftLogWorker.java:289)
	at java.lang.Thread.run(Thread.java:748)
Caused by: java.util.concurrent.TimeoutException
	at java.util.concurrent.CompletableFuture.timedGet(CompletableFuture.java:1771)
	at java.util.concurrent.CompletableFuture.get(CompletableFuture.java:1915)
	at org.apache.ratis.util.IOUtils.getFromFuture(IOUtils.java:79)
	... 4 more
2019-09-11 06:32:06,748 [grpc-default-executor-5] INFO  client.GrpcClientProtocolClient (GrpcClientProtocolClient.java:onNext(264)) - client-003637AF6369->b3ae6e77-09f2-43a9-bb74-0baf269e9625: receive RaftClientReply:client-003637AF6369->b3ae6e77-09f2-43a9-bb74-0baf269e9625@group-B428A23D2245, cid=42, FAILED org.apache.ratis.protocol.NotLeaderException: Server b3ae6e77-09f2-43a9-bb74-0baf269e9625@group-B428A23D2245 is not the leader 16d0fe26-9857-4477-8b2c-205100b6d095:192.168.36.125:33180, logIndex=0, commits[b3ae6e77-09f2-43a9-bb74-0baf269e9625:c6, 16d0fe26-9857-4477-8b2c-205100b6d095:c6, fbfdc5e7-35fe-4dec-93a8-24c91dabe6d4:c4]
2019-09-11 06:32:06,866 [java.util.concurrent.ThreadPoolExecutor$Worker@550fe58d[State = -1, empty queue]] WARN  server.GrpcLogAppender (GrpcLogAppender.java:timeoutAppendRequest(200)) - 16d0fe26-9857-4477-8b2c-205100b6d095@group-B428A23D2245->b3ae6e77-09f2-43a9-bb74-0baf269e9625-GrpcLogAppender: appendEntries Timeout, request=16d0fe26-9857-4477-8b2c-205100b6d095->b3ae6e77-09f2-43a9-bb74-0baf269e9625#32-t1, previous=(t:1, i:12), leaderCommit=6, initializing? false, entries: <empty>
2019-09-11 06:32:06,866 [java.util.concurrent.ThreadPoolExecutor$Worker@2eb904fc[State = -1, empty queue]] WARN  server.GrpcLogAppender (GrpcLogAppender.java:timeoutAppendRequest(200)) - 16d0fe26-9857-4477-8b2c-205100b6d095@group-B428A23D2245->fbfdc5e7-35fe-4dec-93a8-24c91dabe6d4-GrpcLogAppender: appendEntries Timeout, request=16d0fe26-9857-4477-8b2c-205100b6d095->fbfdc5e7-35fe-4dec-93a8-24c91dabe6d4#32-t1, previous=(t:1, i:12), leaderCommit=6, initializing? false, entries: <empty>
2019-09-11 06:32:09,013 [grpc-default-executor-5] INFO  impl.RaftServerProxy (RaftServerProxy.java:remove(95)) - b3ae6e77-09f2-43a9-bb74-0baf269e9625: remove group-CAB34B64531B:null
2019-09-11 06:32:09,016 [RatisPipelineUtilsThread] WARN  pipeline.RatisPipelineUtils (RatisPipelineUtils.java:destroyPipeline(66)) - Pipeline destroy failed for pipeline=PipelineID=f7ee6abd-8b7b-4e6e-a17a-cab34b64531b dn=b3ae6e77-09f2-43a9-bb74-0baf269e9625{ip: 192.168.36.125, host: trunk-nightly-20190911-vpfxm-1000144475, networkLocation: /default-rack, certSerialId: null}
2019-09-11 06:32:09,018 [grpc-default-executor-5] INFO  impl.RaftServerProxy (RaftServerProxy.java:remove(95)) - fbfdc5e7-35fe-4dec-93a8-24c91dabe6d4: remove group-CAB34B64531B:null
2019-09-11 06:32:09,020 [RatisPipelineUtilsThread] WARN  pipeline.RatisPipelineUtils (RatisPipelineUtils.java:destroyPipeline(66)) - Pipeline destroy failed for pipeline=PipelineID=f7ee6abd-8b7b-4e6e-a17a-cab34b64531b dn=fbfdc5e7-35fe-4dec-93a8-24c91dabe6d4{ip: 192.168.36.125, host: trunk-nightly-20190911-vpfxm-1000144475, networkLocation: /default-rack, certSerialId: null}
2019-09-11 06:32:09,023 [grpc-default-executor-5] INFO  impl.RaftServerProxy (RaftServerProxy.java:remove(95)) - 16d0fe26-9857-4477-8b2c-205100b6d095: remove group-CAB34B64531B:null
2019-09-11 06:32:09,024 [RatisPipelineUtilsThread] WARN  pipeline.RatisPipelineUtils (RatisPipelineUtils.java:destroyPipeline(66)) - Pipeline destroy failed for pipeline=PipelineID=f7ee6abd-8b7b-4e6e-a17a-cab34b64531b dn=16d0fe26-9857-4477-8b2c-205100b6d095{ip: 192.168.36.125, host: trunk-nightly-20190911-vpfxm-1000144475, networkLocation: /default-rack, certSerialId: null}
2019-09-11 06:32:09,024 [RatisPipelineUtilsThread] ERROR pipeline.SCMPipelineManager (Scheduler.java:lambda$schedule$1(70)) - Destroy pipeline failed for pipeline:Pipeline[ Id: f7ee6abd-8b7b-4e6e-a17a-cab34b64531b, Nodes: b3ae6e77-09f2-43a9-bb74-0baf269e9625{ip: 192.168.36.125, host: trunk-nightly-20190911-vpfxm-1000144475, networkLocation: /default-rack, certSerialId: null}fbfdc5e7-35fe-4dec-93a8-24c91dabe6d4{ip: 192.168.36.125, host: trunk-nightly-20190911-vpfxm-1000144475, networkLocation: /default-rack, certSerialId: null}16d0fe26-9857-4477-8b2c-205100b6d095{ip: 192.168.36.125, host: trunk-nightly-20190911-vpfxm-1000144475, networkLocation: /default-rack, certSerialId: null}, Type:RATIS, Factor:THREE, State:CLOSED]
org.apache.hadoop.hdds.scm.pipeline.PipelineNotFoundException: PipelineID=f7ee6abd-8b7b-4e6e-a17a-cab34b64531b not found
	at org.apache.hadoop.hdds.scm.pipeline.PipelineStateMap.getPipeline(PipelineStateMap.java:132)
	at org.apache.hadoop.hdds.scm.pipeline.PipelineStateMap.removePipeline(PipelineStateMap.java:322)
	at org.apache.hadoop.hdds.scm.pipeline.PipelineStateManager.removePipeline(PipelineStateManager.java:107)
	at org.apache.hadoop.hdds.scm.pipeline.SCMPipelineManager.removePipeline(SCMPipelineManager.java:423)
	at org.apache.hadoop.hdds.scm.pipeline.SCMPipelineManager.destroyPipeline(SCMPipelineManager.java:409)
	at org.apache.hadoop.hdds.scm.pipeline.SCMPipelineManager.lambda$finalizeAndDestroyPipeline$0(SCMPipelineManager.java:318)
	at org.apache.hadoop.utils.Scheduler.lambda$schedule$1(Scheduler.java:68)
	at java.util.concurrent.Executors$RunnableAdapter.call(Executors.java:511)
	at java.util.concurrent.FutureTask.run(FutureTask.java:266)
	at java.util.concurrent.ScheduledThreadPoolExecutor$ScheduledFutureTask.access$201(ScheduledThreadPoolExecutor.java:180)
	at java.util.concurrent.ScheduledThreadPoolExecutor$ScheduledFutureTask.run(ScheduledThreadPoolExecutor.java:293)
	at java.util.concurrent.ThreadPoolExecutor.runWorker(ThreadPoolExecutor.java:1149)
	at java.util.concurrent.ThreadPoolExecutor$Worker.run(ThreadPoolExecutor.java:624)
	at java.lang.Thread.run(Thread.java:748)
2019-09-11 06:32:09,366 [java.util.concurrent.ThreadPoolExecutor$Worker@550fe58d[State = -1, empty queue]] WARN  server.GrpcLogAppender (GrpcLogAppender.java:timeoutAppendRequest(200)) - 16d0fe26-9857-4477-8b2c-205100b6d095@group-B428A23D2245->b3ae6e77-09f2-43a9-bb74-0baf269e9625-GrpcLogAppender: appendEntries Timeout, request=16d0fe26-9857-4477-8b2c-205100b6d095->b3ae6e77-09f2-43a9-bb74-0baf269e9625#33-t1, previous=(t:1, i:12), leaderCommit=6, initializing? false, entries: <empty>
2019-09-11 06:32:09,366 [java.util.concurrent.ThreadPoolExecutor$Worker@2eb904fc[State = -1, empty queue]] WARN  server.GrpcLogAppender (GrpcLogAppender.java:timeoutAppendRequest(200)) - 16d0fe26-9857-4477-8b2c-205100b6d095@group-B428A23D2245->fbfdc5e7-35fe-4dec-93a8-24c91dabe6d4-GrpcLogAppender: appendEntries Timeout, request=16d0fe26-9857-4477-8b2c-205100b6d095->fbfdc5e7-35fe-4dec-93a8-24c91dabe6d4#33-t1, previous=(t:1, i:12), leaderCommit=6, initializing? false, entries: <empty>
2019-09-11 06:32:11,017 [grpc-default-executor-5] INFO  impl.RaftServerProxy (RaftServerProxy.java:remove(95)) - b3ae6e77-09f2-43a9-bb74-0baf269e9625: remove group-CAB34B64531B:null
2019-09-11 06:32:11,020 [RatisPipelineUtilsThread] WARN  pipeline.RatisPipelineUtils (RatisPipelineUtils.java:destroyPipeline(66)) - Pipeline destroy failed for pipeline=PipelineID=f7ee6abd-8b7b-4e6e-a17a-cab34b64531b dn=b3ae6e77-09f2-43a9-bb74-0baf269e9625{ip: 192.168.36.125, host: trunk-nightly-20190911-vpfxm-1000144475, networkLocation: /default-rack, certSerialId: null}
2019-09-11 06:32:11,023 [grpc-default-executor-5] INFO  impl.RaftServerProxy (RaftServerProxy.java:remove(95)) - fbfdc5e7-35fe-4dec-93a8-24c91dabe6d4: remove group-CAB34B64531B:null
2019-09-11 06:32:11,026 [RatisPipelineUtilsThread] WARN  pipeline.RatisPipelineUtils (RatisPipelineUtils.java:destroyPipeline(66)) - Pipeline destroy failed for pipeline=PipelineID=f7ee6abd-8b7b-4e6e-a17a-cab34b64531b dn=fbfdc5e7-35fe-4dec-93a8-24c91dabe6d4{ip: 192.168.36.125, host: trunk-nightly-20190911-vpfxm-1000144475, networkLocation: /default-rack, certSerialId: null}
2019-09-11 06:32:11,028 [grpc-default-executor-5] INFO  impl.RaftServerProxy (RaftServerProxy.java:remove(95)) - 16d0fe26-9857-4477-8b2c-205100b6d095: remove group-CAB34B64531B:null
2019-09-11 06:32:11,030 [RatisPipelineUtilsThread] WARN  pipeline.RatisPipelineUtils (RatisPipelineUtils.java:destroyPipeline(66)) - Pipeline destroy failed for pipeline=PipelineID=f7ee6abd-8b7b-4e6e-a17a-cab34b64531b dn=16d0fe26-9857-4477-8b2c-205100b6d095{ip: 192.168.36.125, host: trunk-nightly-20190911-vpfxm-1000144475, networkLocation: /default-rack, certSerialId: null}
2019-09-11 06:32:11,031 [RatisPipelineUtilsThread] ERROR pipeline.SCMPipelineManager (Scheduler.java:lambda$schedule$1(70)) - Destroy pipeline failed for pipeline:Pipeline[ Id: f7ee6abd-8b7b-4e6e-a17a-cab34b64531b, Nodes: b3ae6e77-09f2-43a9-bb74-0baf269e9625{ip: 192.168.36.125, host: trunk-nightly-20190911-vpfxm-1000144475, networkLocation: /default-rack, certSerialId: null}fbfdc5e7-35fe-4dec-93a8-24c91dabe6d4{ip: 192.168.36.125, host: trunk-nightly-20190911-vpfxm-1000144475, networkLocation: /default-rack, certSerialId: null}16d0fe26-9857-4477-8b2c-205100b6d095{ip: 192.168.36.125, host: trunk-nightly-20190911-vpfxm-1000144475, networkLocation: /default-rack, certSerialId: null}, Type:RATIS, Factor:THREE, State:CLOSED]
org.apache.hadoop.hdds.scm.pipeline.PipelineNotFoundException: PipelineID=f7ee6abd-8b7b-4e6e-a17a-cab34b64531b not found
	at org.apache.hadoop.hdds.scm.pipeline.PipelineStateMap.getPipeline(PipelineStateMap.java:132)
	at org.apache.hadoop.hdds.scm.pipeline.PipelineStateMap.removePipeline(PipelineStateMap.java:322)
	at org.apache.hadoop.hdds.scm.pipeline.PipelineStateManager.removePipeline(PipelineStateManager.java:107)
	at org.apache.hadoop.hdds.scm.pipeline.SCMPipelineManager.removePipeline(SCMPipelineManager.java:423)
	at org.apache.hadoop.hdds.scm.pipeline.SCMPipelineManager.destroyPipeline(SCMPipelineManager.java:409)
	at org.apache.hadoop.hdds.scm.pipeline.SCMPipelineManager.lambda$finalizeAndDestroyPipeline$0(SCMPipelineManager.java:318)
	at org.apache.hadoop.utils.Scheduler.lambda$schedule$1(Scheduler.java:68)
	at java.util.concurrent.Executors$RunnableAdapter.call(Executors.java:511)
	at java.util.concurrent.FutureTask.run(FutureTask.java:266)
	at java.util.concurrent.ScheduledThreadPoolExecutor$ScheduledFutureTask.access$201(ScheduledThreadPoolExecutor.java:180)
	at java.util.concurrent.ScheduledThreadPoolExecutor$ScheduledFutureTask.run(ScheduledThreadPoolExecutor.java:293)
	at java.util.concurrent.ThreadPoolExecutor.runWorker(ThreadPoolExecutor.java:1149)
	at java.util.concurrent.ThreadPoolExecutor$Worker.run(ThreadPoolExecutor.java:624)
	at java.lang.Thread.run(Thread.java:748)
2019-09-11 06:32:11,788 [grpc-default-executor-5] INFO  client.GrpcClientProtocolClient (GrpcClientProtocolClient.java:onNext(264)) - client-003637AF6369->fbfdc5e7-35fe-4dec-93a8-24c91dabe6d4: receive RaftClientReply:client-003637AF6369->fbfdc5e7-35fe-4dec-93a8-24c91dabe6d4@group-B428A23D2245, cid=42, FAILED org.apache.ratis.protocol.NotLeaderException: Server fbfdc5e7-35fe-4dec-93a8-24c91dabe6d4@group-B428A23D2245 is not the leader 16d0fe26-9857-4477-8b2c-205100b6d095:192.168.36.125:33180, logIndex=0, commits[fbfdc5e7-35fe-4dec-93a8-24c91dabe6d4:c6, b3ae6e77-09f2-43a9-bb74-0baf269e9625:c4, 16d0fe26-9857-4477-8b2c-205100b6d095:c6]
2019-09-11 06:32:11,867 [java.util.concurrent.ThreadPoolExecutor$Worker@2eb904fc[State = -1, empty queue]] WARN  server.GrpcLogAppender (GrpcLogAppender.java:timeoutAppendRequest(200)) - 16d0fe26-9857-4477-8b2c-205100b6d095@group-B428A23D2245->fbfdc5e7-35fe-4dec-93a8-24c91dabe6d4-GrpcLogAppender: appendEntries Timeout, request=16d0fe26-9857-4477-8b2c-205100b6d095->fbfdc5e7-35fe-4dec-93a8-24c91dabe6d4#34-t1, previous=(t:1, i:12), leaderCommit=6, initializing? false, entries: <empty>
2019-09-11 06:32:11,867 [java.util.concurrent.ThreadPoolExecutor$Worker@550fe58d[State = -1, empty queue]] WARN  server.GrpcLogAppender (GrpcLogAppender.java:timeoutAppendRequest(200)) - 16d0fe26-9857-4477-8b2c-205100b6d095@group-B428A23D2245->b3ae6e77-09f2-43a9-bb74-0baf269e9625-GrpcLogAppender: appendEntries Timeout, request=16d0fe26-9857-4477-8b2c-205100b6d095->b3ae6e77-09f2-43a9-bb74-0baf269e9625#34-t1, previous=(t:1, i:12), leaderCommit=6, initializing? false, entries: <empty>
2019-09-11 06:32:14,014 [grpc-default-executor-8] INFO  impl.RaftServerProxy (RaftServerProxy.java:remove(95)) - b3ae6e77-09f2-43a9-bb74-0baf269e9625: remove group-CAB34B64531B:null
2019-09-11 06:32:14,017 [RatisPipelineUtilsThread] WARN  pipeline.RatisPipelineUtils (RatisPipelineUtils.java:destroyPipeline(66)) - Pipeline destroy failed for pipeline=PipelineID=f7ee6abd-8b7b-4e6e-a17a-cab34b64531b dn=b3ae6e77-09f2-43a9-bb74-0baf269e9625{ip: 192.168.36.125, host: trunk-nightly-20190911-vpfxm-1000144475, networkLocation: /default-rack, certSerialId: null}
2019-09-11 06:32:14,021 [grpc-default-executor-8] INFO  impl.RaftServerProxy (RaftServerProxy.java:remove(95)) - fbfdc5e7-35fe-4dec-93a8-24c91dabe6d4: remove group-CAB34B64531B:null
2019-09-11 06:32:14,024 [RatisPipelineUtilsThread] WARN  pipeline.RatisPipelineUtils (RatisPipelineUtils.java:destroyPipeline(66)) - Pipeline destroy failed for pipeline=PipelineID=f7ee6abd-8b7b-4e6e-a17a-cab34b64531b dn=fbfdc5e7-35fe-4dec-93a8-24c91dabe6d4{ip: 192.168.36.125, host: trunk-nightly-20190911-vpfxm-1000144475, networkLocation: /default-rack, certSerialId: null}
2019-09-11 06:32:14,027 [grpc-default-executor-8] INFO  impl.RaftServerProxy (RaftServerProxy.java:remove(95)) - 16d0fe26-9857-4477-8b2c-205100b6d095: remove group-CAB34B64531B:null
2019-09-11 06:32:14,029 [RatisPipelineUtilsThread] WARN  pipeline.RatisPipelineUtils (RatisPipelineUtils.java:destroyPipeline(66)) - Pipeline destroy failed for pipeline=PipelineID=f7ee6abd-8b7b-4e6e-a17a-cab34b64531b dn=16d0fe26-9857-4477-8b2c-205100b6d095{ip: 192.168.36.125, host: trunk-nightly-20190911-vpfxm-1000144475, networkLocation: /default-rack, certSerialId: null}
2019-09-11 06:32:14,030 [RatisPipelineUtilsThread] ERROR pipeline.SCMPipelineManager (Scheduler.java:lambda$schedule$1(70)) - Destroy pipeline failed for pipeline:Pipeline[ Id: f7ee6abd-8b7b-4e6e-a17a-cab34b64531b, Nodes: b3ae6e77-09f2-43a9-bb74-0baf269e9625{ip: 192.168.36.125, host: trunk-nightly-20190911-vpfxm-1000144475, networkLocation: /default-rack, certSerialId: null}fbfdc5e7-35fe-4dec-93a8-24c91dabe6d4{ip: 192.168.36.125, host: trunk-nightly-20190911-vpfxm-1000144475, networkLocation: /default-rack, certSerialId: null}16d0fe26-9857-4477-8b2c-205100b6d095{ip: 192.168.36.125, host: trunk-nightly-20190911-vpfxm-1000144475, networkLocation: /default-rack, certSerialId: null}, Type:RATIS, Factor:THREE, State:CLOSED]
org.apache.hadoop.hdds.scm.pipeline.PipelineNotFoundException: PipelineID=f7ee6abd-8b7b-4e6e-a17a-cab34b64531b not found
	at org.apache.hadoop.hdds.scm.pipeline.PipelineStateMap.getPipeline(PipelineStateMap.java:132)
	at org.apache.hadoop.hdds.scm.pipeline.PipelineStateMap.removePipeline(PipelineStateMap.java:322)
	at org.apache.hadoop.hdds.scm.pipeline.PipelineStateManager.removePipeline(PipelineStateManager.java:107)
	at org.apache.hadoop.hdds.scm.pipeline.SCMPipelineManager.removePipeline(SCMPipelineManager.java:423)
	at org.apache.hadoop.hdds.scm.pipeline.SCMPipelineManager.destroyPipeline(SCMPipelineManager.java:409)
	at org.apache.hadoop.hdds.scm.pipeline.SCMPipelineManager.lambda$finalizeAndDestroyPipeline$0(SCMPipelineManager.java:318)
	at org.apache.hadoop.utils.Scheduler.lambda$schedule$1(Scheduler.java:68)
	at java.util.concurrent.Executors$RunnableAdapter.call(Executors.java:511)
	at java.util.concurrent.FutureTask.run(FutureTask.java:266)
	at java.util.concurrent.ScheduledThreadPoolExecutor$ScheduledFutureTask.access$201(ScheduledThreadPoolExecutor.java:180)
	at java.util.concurrent.ScheduledThreadPoolExecutor$ScheduledFutureTask.run(ScheduledThreadPoolExecutor.java:293)
	at java.util.concurrent.ThreadPoolExecutor.runWorker(ThreadPoolExecutor.java:1149)
	at java.util.concurrent.ThreadPoolExecutor$Worker.run(ThreadPoolExecutor.java:624)
	at java.lang.Thread.run(Thread.java:748)
2019-09-11 06:32:14,368 [java.util.concurrent.ThreadPoolExecutor$Worker@2eb904fc[State = -1, empty queue]] WARN  server.GrpcLogAppender (GrpcLogAppender.java:timeoutAppendRequest(200)) - 16d0fe26-9857-4477-8b2c-205100b6d095@group-B428A23D2245->fbfdc5e7-35fe-4dec-93a8-24c91dabe6d4-GrpcLogAppender: appendEntries Timeout, request=16d0fe26-9857-4477-8b2c-205100b6d095->fbfdc5e7-35fe-4dec-93a8-24c91dabe6d4#35-t1, previous=(t:1, i:12), leaderCommit=6, initializing? false, entries: <empty>
2019-09-11 06:32:14,368 [java.util.concurrent.ThreadPoolExecutor$Worker@550fe58d[State = -1, empty queue]] WARN  server.GrpcLogAppender (GrpcLogAppender.java:timeoutAppendRequest(200)) - 16d0fe26-9857-4477-8b2c-205100b6d095@group-B428A23D2245->b3ae6e77-09f2-43a9-bb74-0baf269e9625-GrpcLogAppender: appendEntries Timeout, request=16d0fe26-9857-4477-8b2c-205100b6d095->b3ae6e77-09f2-43a9-bb74-0baf269e9625#35-t1, previous=(t:1, i:12), leaderCommit=6, initializing? false, entries: <empty>
2019-09-11 06:32:16,019 [grpc-default-executor-5] INFO  impl.RaftServerProxy (RaftServerProxy.java:remove(95)) - b3ae6e77-09f2-43a9-bb74-0baf269e9625: remove group-CAB34B64531B:null
2019-09-11 06:32:16,022 [RatisPipelineUtilsThread] WARN  pipeline.RatisPipelineUtils (RatisPipelineUtils.java:destroyPipeline(66)) - Pipeline destroy failed for pipeline=PipelineID=f7ee6abd-8b7b-4e6e-a17a-cab34b64531b dn=b3ae6e77-09f2-43a9-bb74-0baf269e9625{ip: 192.168.36.125, host: trunk-nightly-20190911-vpfxm-1000144475, networkLocation: /default-rack, certSerialId: null}
2019-09-11 06:32:16,027 [grpc-default-executor-5] INFO  impl.RaftServerProxy (RaftServerProxy.java:remove(95)) - fbfdc5e7-35fe-4dec-93a8-24c91dabe6d4: remove group-CAB34B64531B:null
2019-09-11 06:32:16,029 [RatisPipelineUtilsThread] WARN  pipeline.RatisPipelineUtils (RatisPipelineUtils.java:destroyPipeline(66)) - Pipeline destroy failed for pipeline=PipelineID=f7ee6abd-8b7b-4e6e-a17a-cab34b64531b dn=fbfdc5e7-35fe-4dec-93a8-24c91dabe6d4{ip: 192.168.36.125, host: trunk-nightly-20190911-vpfxm-1000144475, networkLocation: /default-rack, certSerialId: null}
2019-09-11 06:32:16,033 [grpc-default-executor-5] INFO  impl.RaftServerProxy (RaftServerProxy.java:remove(95)) - 16d0fe26-9857-4477-8b2c-205100b6d095: remove group-CAB34B64531B:null
2019-09-11 06:32:16,035 [RatisPipelineUtilsThread] WARN  pipeline.RatisPipelineUtils (RatisPipelineUtils.java:destroyPipeline(66)) - Pipeline destroy failed for pipeline=PipelineID=f7ee6abd-8b7b-4e6e-a17a-cab34b64531b dn=16d0fe26-9857-4477-8b2c-205100b6d095{ip: 192.168.36.125, host: trunk-nightly-20190911-vpfxm-1000144475, networkLocation: /default-rack, certSerialId: null}
2019-09-11 06:32:16,036 [RatisPipelineUtilsThread] ERROR pipeline.SCMPipelineManager (Scheduler.java:lambda$schedule$1(70)) - Destroy pipeline failed for pipeline:Pipeline[ Id: f7ee6abd-8b7b-4e6e-a17a-cab34b64531b, Nodes: b3ae6e77-09f2-43a9-bb74-0baf269e9625{ip: 192.168.36.125, host: trunk-nightly-20190911-vpfxm-1000144475, networkLocation: /default-rack, certSerialId: null}fbfdc5e7-35fe-4dec-93a8-24c91dabe6d4{ip: 192.168.36.125, host: trunk-nightly-20190911-vpfxm-1000144475, networkLocation: /default-rack, certSerialId: null}16d0fe26-9857-4477-8b2c-205100b6d095{ip: 192.168.36.125, host: trunk-nightly-20190911-vpfxm-1000144475, networkLocation: /default-rack, certSerialId: null}, Type:RATIS, Factor:THREE, State:CLOSED]
org.apache.hadoop.hdds.scm.pipeline.PipelineNotFoundException: PipelineID=f7ee6abd-8b7b-4e6e-a17a-cab34b64531b not found
	at org.apache.hadoop.hdds.scm.pipeline.PipelineStateMap.getPipeline(PipelineStateMap.java:132)
	at org.apache.hadoop.hdds.scm.pipeline.PipelineStateMap.removePipeline(PipelineStateMap.java:322)
	at org.apache.hadoop.hdds.scm.pipeline.PipelineStateManager.removePipeline(PipelineStateManager.java:107)
	at org.apache.hadoop.hdds.scm.pipeline.SCMPipelineManager.removePipeline(SCMPipelineManager.java:423)
	at org.apache.hadoop.hdds.scm.pipeline.SCMPipelineManager.destroyPipeline(SCMPipelineManager.java:409)
	at org.apache.hadoop.hdds.scm.pipeline.SCMPipelineManager.lambda$finalizeAndDestroyPipeline$0(SCMPipelineManager.java:318)
	at org.apache.hadoop.utils.Scheduler.lambda$schedule$1(Scheduler.java:68)
	at java.util.concurrent.Executors$RunnableAdapter.call(Executors.java:511)
	at java.util.concurrent.FutureTask.run(FutureTask.java:266)
	at java.util.concurrent.ScheduledThreadPoolExecutor$ScheduledFutureTask.access$201(ScheduledThreadPoolExecutor.java:180)
	at java.util.concurrent.ScheduledThreadPoolExecutor$ScheduledFutureTask.run(ScheduledThreadPoolExecutor.java:293)
	at java.util.concurrent.ThreadPoolExecutor.runWorker(ThreadPoolExecutor.java:1149)
	at java.util.concurrent.ThreadPoolExecutor$Worker.run(ThreadPoolExecutor.java:624)
	at java.lang.Thread.run(Thread.java:748)
2019-09-11 06:32:16,114 [grpc-default-executor-5] INFO  impl.RaftServerProxy (RaftServerProxy.java:remove(95)) - b3ae6e77-09f2-43a9-bb74-0baf269e9625: remove group-CAB34B64531B:null
2019-09-11 06:32:16,117 [RatisPipelineUtilsThread] WARN  pipeline.RatisPipelineUtils (RatisPipelineUtils.java:destroyPipeline(66)) - Pipeline destroy failed for pipeline=PipelineID=f7ee6abd-8b7b-4e6e-a17a-cab34b64531b dn=b3ae6e77-09f2-43a9-bb74-0baf269e9625{ip: 192.168.36.125, host: trunk-nightly-20190911-vpfxm-1000144475, networkLocation: /default-rack, certSerialId: null}
2019-09-11 06:32:16,121 [grpc-default-executor-5] INFO  impl.RaftServerProxy (RaftServerProxy.java:remove(95)) - fbfdc5e7-35fe-4dec-93a8-24c91dabe6d4: remove group-CAB34B64531B:null
2019-09-11 06:32:16,123 [RatisPipelineUtilsThread] WARN  pipeline.RatisPipelineUtils (RatisPipelineUtils.java:destroyPipeline(66)) - Pipeline destroy failed for pipeline=PipelineID=f7ee6abd-8b7b-4e6e-a17a-cab34b64531b dn=fbfdc5e7-35fe-4dec-93a8-24c91dabe6d4{ip: 192.168.36.125, host: trunk-nightly-20190911-vpfxm-1000144475, networkLocation: /default-rack, certSerialId: null}
2019-09-11 06:32:16,127 [grpc-default-executor-5] INFO  impl.RaftServerProxy (RaftServerProxy.java:remove(95)) - 16d0fe26-9857-4477-8b2c-205100b6d095: remove group-CAB34B64531B:null
2019-09-11 06:32:16,129 [RatisPipelineUtilsThread] WARN  pipeline.RatisPipelineUtils (RatisPipelineUtils.java:destroyPipeline(66)) - Pipeline destroy failed for pipeline=PipelineID=f7ee6abd-8b7b-4e6e-a17a-cab34b64531b dn=16d0fe26-9857-4477-8b2c-205100b6d095{ip: 192.168.36.125, host: trunk-nightly-20190911-vpfxm-1000144475, networkLocation: /default-rack, certSerialId: null}
2019-09-11 06:32:16,129 [RatisPipelineUtilsThread] ERROR pipeline.SCMPipelineManager (Scheduler.java:lambda$schedule$1(70)) - Destroy pipeline failed for pipeline:Pipeline[ Id: f7ee6abd-8b7b-4e6e-a17a-cab34b64531b, Nodes: b3ae6e77-09f2-43a9-bb74-0baf269e9625{ip: 192.168.36.125, host: trunk-nightly-20190911-vpfxm-1000144475, networkLocation: /default-rack, certSerialId: null}fbfdc5e7-35fe-4dec-93a8-24c91dabe6d4{ip: 192.168.36.125, host: trunk-nightly-20190911-vpfxm-1000144475, networkLocation: /default-rack, certSerialId: null}16d0fe26-9857-4477-8b2c-205100b6d095{ip: 192.168.36.125, host: trunk-nightly-20190911-vpfxm-1000144475, networkLocation: /default-rack, certSerialId: null}, Type:RATIS, Factor:THREE, State:CLOSED]
org.apache.hadoop.hdds.scm.pipeline.PipelineNotFoundException: PipelineID=f7ee6abd-8b7b-4e6e-a17a-cab34b64531b not found
	at org.apache.hadoop.hdds.scm.pipeline.PipelineStateMap.getPipeline(PipelineStateMap.java:132)
	at org.apache.hadoop.hdds.scm.pipeline.PipelineStateMap.removePipeline(PipelineStateMap.java:322)
	at org.apache.hadoop.hdds.scm.pipeline.PipelineStateManager.removePipeline(PipelineStateManager.java:107)
	at org.apache.hadoop.hdds.scm.pipeline.SCMPipelineManager.removePipeline(SCMPipelineManager.java:423)
	at org.apache.hadoop.hdds.scm.pipeline.SCMPipelineManager.destroyPipeline(SCMPipelineManager.java:409)
	at org.apache.hadoop.hdds.scm.pipeline.SCMPipelineManager.lambda$finalizeAndDestroyPipeline$0(SCMPipelineManager.java:318)
	at org.apache.hadoop.utils.Scheduler.lambda$schedule$1(Scheduler.java:68)
	at java.util.concurrent.Executors$RunnableAdapter.call(Executors.java:511)
	at java.util.concurrent.FutureTask.run(FutureTask.java:266)
	at java.util.concurrent.ScheduledThreadPoolExecutor$ScheduledFutureTask.access$201(ScheduledThreadPoolExecutor.java:180)
	at java.util.concurrent.ScheduledThreadPoolExecutor$ScheduledFutureTask.run(ScheduledThreadPoolExecutor.java:293)
	at java.util.concurrent.ThreadPoolExecutor.runWorker(ThreadPoolExecutor.java:1149)
	at java.util.concurrent.ThreadPoolExecutor$Worker.run(ThreadPoolExecutor.java:624)
	at java.lang.Thread.run(Thread.java:748)
2019-09-11 06:32:16,268 [grpc-default-executor-5] INFO  impl.RaftServerProxy (RaftServerProxy.java:remove(95)) - b3ae6e77-09f2-43a9-bb74-0baf269e9625: remove group-CAB34B64531B:null
2019-09-11 06:32:16,271 [RatisPipelineUtilsThread] WARN  pipeline.RatisPipelineUtils (RatisPipelineUtils.java:destroyPipeline(66)) - Pipeline destroy failed for pipeline=PipelineID=f7ee6abd-8b7b-4e6e-a17a-cab34b64531b dn=b3ae6e77-09f2-43a9-bb74-0baf269e9625{ip: 192.168.36.125, host: trunk-nightly-20190911-vpfxm-1000144475, networkLocation: /default-rack, certSerialId: null}
2019-09-11 06:32:16,274 [grpc-default-executor-5] INFO  impl.RaftServerProxy (RaftServerProxy.java:remove(95)) - fbfdc5e7-35fe-4dec-93a8-24c91dabe6d4: remove group-CAB34B64531B:null
2019-09-11 06:32:16,277 [RatisPipelineUtilsThread] WARN  pipeline.RatisPipelineUtils (RatisPipelineUtils.java:destroyPipeline(66)) - Pipeline destroy failed for pipeline=PipelineID=f7ee6abd-8b7b-4e6e-a17a-cab34b64531b dn=fbfdc5e7-35fe-4dec-93a8-24c91dabe6d4{ip: 192.168.36.125, host: trunk-nightly-20190911-vpfxm-1000144475, networkLocation: /default-rack, certSerialId: null}
2019-09-11 06:32:16,280 [grpc-default-executor-5] INFO  impl.RaftServerProxy (RaftServerProxy.java:remove(95)) - 16d0fe26-9857-4477-8b2c-205100b6d095: remove group-CAB34B64531B:null
2019-09-11 06:32:16,282 [RatisPipelineUtilsThread] WARN  pipeline.RatisPipelineUtils (RatisPipelineUtils.java:destroyPipeline(66)) - Pipeline destroy failed for pipeline=PipelineID=f7ee6abd-8b7b-4e6e-a17a-cab34b64531b dn=16d0fe26-9857-4477-8b2c-205100b6d095{ip: 192.168.36.125, host: trunk-nightly-20190911-vpfxm-1000144475, networkLocation: /default-rack, certSerialId: null}
2019-09-11 06:32:16,282 [RatisPipelineUtilsThread] ERROR pipeline.SCMPipelineManager (Scheduler.java:lambda$schedule$1(70)) - Destroy pipeline failed for pipeline:Pipeline[ Id: f7ee6abd-8b7b-4e6e-a17a-cab34b64531b, Nodes: b3ae6e77-09f2-43a9-bb74-0baf269e9625{ip: 192.168.36.125, host: trunk-nightly-20190911-vpfxm-1000144475, networkLocation: /default-rack, certSerialId: null}fbfdc5e7-35fe-4dec-93a8-24c91dabe6d4{ip: 192.168.36.125, host: trunk-nightly-20190911-vpfxm-1000144475, networkLocation: /default-rack, certSerialId: null}16d0fe26-9857-4477-8b2c-205100b6d095{ip: 192.168.36.125, host: trunk-nightly-20190911-vpfxm-1000144475, networkLocation: /default-rack, certSerialId: null}, Type:RATIS, Factor:THREE, State:CLOSED]
org.apache.hadoop.hdds.scm.pipeline.PipelineNotFoundException: PipelineID=f7ee6abd-8b7b-4e6e-a17a-cab34b64531b not found
	at org.apache.hadoop.hdds.scm.pipeline.PipelineStateMap.getPipeline(PipelineStateMap.java:132)
	at org.apache.hadoop.hdds.scm.pipeline.PipelineStateMap.removePipeline(PipelineStateMap.java:322)
	at org.apache.hadoop.hdds.scm.pipeline.PipelineStateManager.removePipeline(PipelineStateManager.java:107)
	at org.apache.hadoop.hdds.scm.pipeline.SCMPipelineManager.removePipeline(SCMPipelineManager.java:423)
	at org.apache.hadoop.hdds.scm.pipeline.SCMPipelineManager.destroyPipeline(SCMPipelineManager.java:409)
	at org.apache.hadoop.hdds.scm.pipeline.SCMPipelineManager.lambda$finalizeAndDestroyPipeline$0(SCMPipelineManager.java:318)
	at org.apache.hadoop.utils.Scheduler.lambda$schedule$1(Scheduler.java:68)
	at java.util.concurrent.Executors$RunnableAdapter.call(Executors.java:511)
	at java.util.concurrent.FutureTask.run(FutureTask.java:266)
	at java.util.concurrent.ScheduledThreadPoolExecutor$ScheduledFutureTask.access$201(ScheduledThreadPoolExecutor.java:180)
	at java.util.concurrent.ScheduledThreadPoolExecutor$ScheduledFutureTask.run(ScheduledThreadPoolExecutor.java:293)
	at java.util.concurrent.ThreadPoolExecutor.runWorker(ThreadPoolExecutor.java:1149)
	at java.util.concurrent.ThreadPoolExecutor$Worker.run(ThreadPoolExecutor.java:624)
	at java.lang.Thread.run(Thread.java:748)
2019-09-11 06:32:16,358 [fbfdc5e7-35fe-4dec-93a8-24c91dabe6d4@group-B428A23D2245-SegmentedRaftLogWorker] WARN  segmented.SegmentedRaftLogWorker (SegmentedRaftLogWorker.java:getFromFuture(90)) - Timeout 5/~
org.apache.ratis.protocol.TimeoutIOException: Timeout 10s: WriteLog:7: (t:1, i:7), STATEMACHINELOGENTRY, client-003637AF6369, cid=42-writeStateMachineData
	at org.apache.ratis.util.IOUtils.getFromFuture(IOUtils.java:87)
	at org.apache.ratis.server.raftlog.segmented.SegmentedRaftLogWorker$StateMachineDataPolicy.getFromFuture(SegmentedRaftLogWorker.java:87)
	at org.apache.ratis.server.raftlog.segmented.SegmentedRaftLogWorker$WriteLog.execute(SegmentedRaftLogWorker.java:477)
	at org.apache.ratis.server.raftlog.segmented.SegmentedRaftLogWorker.run(SegmentedRaftLogWorker.java:289)
	at java.lang.Thread.run(Thread.java:748)
Caused by: java.util.concurrent.TimeoutException
	at java.util.concurrent.CompletableFuture.timedGet(CompletableFuture.java:1771)
	at java.util.concurrent.CompletableFuture.get(CompletableFuture.java:1915)
	at org.apache.ratis.util.IOUtils.getFromFuture(IOUtils.java:79)
	... 4 more
2019-09-11 06:32:16,358 [b3ae6e77-09f2-43a9-bb74-0baf269e9625@group-B428A23D2245-SegmentedRaftLogWorker] WARN  segmented.SegmentedRaftLogWorker (SegmentedRaftLogWorker.java:getFromFuture(90)) - Timeout 5/~
org.apache.ratis.protocol.TimeoutIOException: Timeout 10s: WriteLog:7: (t:1, i:7), STATEMACHINELOGENTRY, client-003637AF6369, cid=42-writeStateMachineData
	at org.apache.ratis.util.IOUtils.getFromFuture(IOUtils.java:87)
	at org.apache.ratis.server.raftlog.segmented.SegmentedRaftLogWorker$StateMachineDataPolicy.getFromFuture(SegmentedRaftLogWorker.java:87)
	at org.apache.ratis.server.raftlog.segmented.SegmentedRaftLogWorker$WriteLog.execute(SegmentedRaftLogWorker.java:477)
	at org.apache.ratis.server.raftlog.segmented.SegmentedRaftLogWorker.run(SegmentedRaftLogWorker.java:289)
	at java.lang.Thread.run(Thread.java:748)
Caused by: java.util.concurrent.TimeoutException
	at java.util.concurrent.CompletableFuture.timedGet(CompletableFuture.java:1771)
	at java.util.concurrent.CompletableFuture.get(CompletableFuture.java:1915)
	at org.apache.ratis.util.IOUtils.getFromFuture(IOUtils.java:79)
	... 4 more
2019-09-11 06:32:16,376 [grpc-default-executor-5] INFO  impl.RaftServerProxy (RaftServerProxy.java:remove(95)) - b3ae6e77-09f2-43a9-bb74-0baf269e9625: remove group-CAB34B64531B:null
2019-09-11 06:32:16,379 [RatisPipelineUtilsThread] WARN  pipeline.RatisPipelineUtils (RatisPipelineUtils.java:destroyPipeline(66)) - Pipeline destroy failed for pipeline=PipelineID=f7ee6abd-8b7b-4e6e-a17a-cab34b64531b dn=b3ae6e77-09f2-43a9-bb74-0baf269e9625{ip: 192.168.36.125, host: trunk-nightly-20190911-vpfxm-1000144475, networkLocation: /default-rack, certSerialId: null}
2019-09-11 06:32:16,382 [grpc-default-executor-5] INFO  impl.RaftServerProxy (RaftServerProxy.java:remove(95)) - fbfdc5e7-35fe-4dec-93a8-24c91dabe6d4: remove group-CAB34B64531B:null
2019-09-11 06:32:16,384 [RatisPipelineUtilsThread] WARN  pipeline.RatisPipelineUtils (RatisPipelineUtils.java:destroyPipeline(66)) - Pipeline destroy failed for pipeline=PipelineID=f7ee6abd-8b7b-4e6e-a17a-cab34b64531b dn=fbfdc5e7-35fe-4dec-93a8-24c91dabe6d4{ip: 192.168.36.125, host: trunk-nightly-20190911-vpfxm-1000144475, networkLocation: /default-rack, certSerialId: null}
2019-09-11 06:32:16,387 [grpc-default-executor-5] INFO  impl.RaftServerProxy (RaftServerProxy.java:remove(95)) - 16d0fe26-9857-4477-8b2c-205100b6d095: remove group-CAB34B64531B:null
2019-09-11 06:32:16,389 [RatisPipelineUtilsThread] WARN  pipeline.RatisPipelineUtils (RatisPipelineUtils.java:destroyPipeline(66)) - Pipeline destroy failed for pipeline=PipelineID=f7ee6abd-8b7b-4e6e-a17a-cab34b64531b dn=16d0fe26-9857-4477-8b2c-205100b6d095{ip: 192.168.36.125, host: trunk-nightly-20190911-vpfxm-1000144475, networkLocation: /default-rack, certSerialId: null}
2019-09-11 06:32:16,389 [RatisPipelineUtilsThread] ERROR pipeline.SCMPipelineManager (Scheduler.java:lambda$schedule$1(70)) - Destroy pipeline failed for pipeline:Pipeline[ Id: f7ee6abd-8b7b-4e6e-a17a-cab34b64531b, Nodes: b3ae6e77-09f2-43a9-bb74-0baf269e9625{ip: 192.168.36.125, host: trunk-nightly-20190911-vpfxm-1000144475, networkLocation: /default-rack, certSerialId: null}fbfdc5e7-35fe-4dec-93a8-24c91dabe6d4{ip: 192.168.36.125, host: trunk-nightly-20190911-vpfxm-1000144475, networkLocation: /default-rack, certSerialId: null}16d0fe26-9857-4477-8b2c-205100b6d095{ip: 192.168.36.125, host: trunk-nightly-20190911-vpfxm-1000144475, networkLocation: /default-rack, certSerialId: null}, Type:RATIS, Factor:THREE, State:CLOSED]
org.apache.hadoop.hdds.scm.pipeline.PipelineNotFoundException: PipelineID=f7ee6abd-8b7b-4e6e-a17a-cab34b64531b not found
	at org.apache.hadoop.hdds.scm.pipeline.PipelineStateMap.getPipeline(PipelineStateMap.java:132)
	at org.apache.hadoop.hdds.scm.pipeline.PipelineStateMap.removePipeline(PipelineStateMap.java:322)
	at org.apache.hadoop.hdds.scm.pipeline.PipelineStateManager.removePipeline(PipelineStateManager.java:107)
	at org.apache.hadoop.hdds.scm.pipeline.SCMPipelineManager.removePipeline(SCMPipelineManager.java:423)
	at org.apache.hadoop.hdds.scm.pipeline.SCMPipelineManager.destroyPipeline(SCMPipelineManager.java:409)
	at org.apache.hadoop.hdds.scm.pipeline.SCMPipelineManager.lambda$finalizeAndDestroyPipeline$0(SCMPipelineManager.java:318)
	at org.apache.hadoop.utils.Scheduler.lambda$schedule$1(Scheduler.java:68)
	at java.util.concurrent.Executors$RunnableAdapter.call(Executors.java:511)
	at java.util.concurrent.FutureTask.run(FutureTask.java:266)
	at java.util.concurrent.ScheduledThreadPoolExecutor$ScheduledFutureTask.access$201(ScheduledThreadPoolExecutor.java:180)
	at java.util.concurrent.ScheduledThreadPoolExecutor$ScheduledFutureTask.run(ScheduledThreadPoolExecutor.java:293)
	at java.util.concurrent.ThreadPoolExecutor.runWorker(ThreadPoolExecutor.java:1149)
	at java.util.concurrent.ThreadPoolExecutor$Worker.run(ThreadPoolExecutor.java:624)
	at java.lang.Thread.run(Thread.java:748)
2019-09-11 06:32:16,487 [16d0fe26-9857-4477-8b2c-205100b6d095@group-B428A23D2245-SegmentedRaftLogWorker] WARN  segmented.SegmentedRaftLogWorker (SegmentedRaftLogWorker.java:getFromFuture(90)) - Timeout 5/~
org.apache.ratis.protocol.TimeoutIOException: Timeout 10s: WriteLog:10: (t:1, i:10), STATEMACHINELOGENTRY, client-003637AF6369, cid=45-writeStateMachineData
	at org.apache.ratis.util.IOUtils.getFromFuture(IOUtils.java:87)
	at org.apache.ratis.server.raftlog.segmented.SegmentedRaftLogWorker$StateMachineDataPolicy.getFromFuture(SegmentedRaftLogWorker.java:87)
	at org.apache.ratis.server.raftlog.segmented.SegmentedRaftLogWorker$WriteLog.execute(SegmentedRaftLogWorker.java:477)
	at org.apache.ratis.server.raftlog.segmented.SegmentedRaftLogWorker.run(SegmentedRaftLogWorker.java:289)
	at java.lang.Thread.run(Thread.java:748)
Caused by: java.util.concurrent.TimeoutException
	at java.util.concurrent.CompletableFuture.timedGet(CompletableFuture.java:1771)
	at java.util.concurrent.CompletableFuture.get(CompletableFuture.java:1915)
	at org.apache.ratis.util.IOUtils.getFromFuture(IOUtils.java:79)
	... 4 more
2019-09-11 06:32:16,821 [grpc-default-executor-8] INFO  client.GrpcClientProtocolClient (GrpcClientProtocolClient.java:onNext(264)) - client-003637AF6369->fbfdc5e7-35fe-4dec-93a8-24c91dabe6d4: receive RaftClientReply:client-003637AF6369->fbfdc5e7-35fe-4dec-93a8-24c91dabe6d4@group-B428A23D2245, cid=42, FAILED org.apache.ratis.protocol.NotLeaderException: Server fbfdc5e7-35fe-4dec-93a8-24c91dabe6d4@group-B428A23D2245 is not the leader 16d0fe26-9857-4477-8b2c-205100b6d095:192.168.36.125:33180, logIndex=0, commits[fbfdc5e7-35fe-4dec-93a8-24c91dabe6d4:c6, b3ae6e77-09f2-43a9-bb74-0baf269e9625:c4, 16d0fe26-9857-4477-8b2c-205100b6d095:c6]
2019-09-11 06:32:16,868 [java.util.concurrent.ThreadPoolExecutor$Worker@550fe58d[State = -1, empty queue]] WARN  server.GrpcLogAppender (GrpcLogAppender.java:timeoutAppendRequest(200)) - 16d0fe26-9857-4477-8b2c-205100b6d095@group-B428A23D2245->b3ae6e77-09f2-43a9-bb74-0baf269e9625-GrpcLogAppender: appendEntries Timeout, request=16d0fe26-9857-4477-8b2c-205100b6d095->b3ae6e77-09f2-43a9-bb74-0baf269e9625#36-t1, previous=(t:1, i:12), leaderCommit=6, initializing? false, entries: <empty>
2019-09-11 06:32:16,868 [java.util.concurrent.ThreadPoolExecutor$Worker@2eb904fc[State = -1, empty queue]] WARN  server.GrpcLogAppender (GrpcLogAppender.java:timeoutAppendRequest(200)) - 16d0fe26-9857-4477-8b2c-205100b6d095@group-B428A23D2245->fbfdc5e7-35fe-4dec-93a8-24c91dabe6d4-GrpcLogAppender: appendEntries Timeout, request=16d0fe26-9857-4477-8b2c-205100b6d095->fbfdc5e7-35fe-4dec-93a8-24c91dabe6d4#36-t1, previous=(t:1, i:12), leaderCommit=6, initializing? false, entries: <empty>
2019-09-11 06:32:19,369 [java.util.concurrent.ThreadPoolExecutor$Worker@2eb904fc[State = -1, empty queue]] WARN  server.GrpcLogAppender (GrpcLogAppender.java:timeoutAppendRequest(200)) - 16d0fe26-9857-4477-8b2c-205100b6d095@group-B428A23D2245->fbfdc5e7-35fe-4dec-93a8-24c91dabe6d4-GrpcLogAppender: appendEntries Timeout, request=16d0fe26-9857-4477-8b2c-205100b6d095->fbfdc5e7-35fe-4dec-93a8-24c91dabe6d4#37-t1, previous=(t:1, i:12), leaderCommit=6, initializing? false, entries: <empty>
2019-09-11 06:32:19,369 [java.util.concurrent.ThreadPoolExecutor$Worker@550fe58d[State = -1, empty queue]] WARN  server.GrpcLogAppender (GrpcLogAppender.java:timeoutAppendRequest(200)) - 16d0fe26-9857-4477-8b2c-205100b6d095@group-B428A23D2245->b3ae6e77-09f2-43a9-bb74-0baf269e9625-GrpcLogAppender: appendEntries Timeout, request=16d0fe26-9857-4477-8b2c-205100b6d095->b3ae6e77-09f2-43a9-bb74-0baf269e9625#37-t1, previous=(t:1, i:12), leaderCommit=6, initializing? false, entries: <empty>
2019-09-11 06:32:21,869 [java.util.concurrent.ThreadPoolExecutor$Worker@2eb904fc[State = -1, empty queue]] WARN  server.GrpcLogAppender (GrpcLogAppender.java:timeoutAppendRequest(200)) - 16d0fe26-9857-4477-8b2c-205100b6d095@group-B428A23D2245->fbfdc5e7-35fe-4dec-93a8-24c91dabe6d4-GrpcLogAppender: appendEntries Timeout, request=16d0fe26-9857-4477-8b2c-205100b6d095->fbfdc5e7-35fe-4dec-93a8-24c91dabe6d4#38-t1, previous=(t:1, i:12), leaderCommit=6, initializing? false, entries: <empty>
2019-09-11 06:32:21,869 [java.util.concurrent.ThreadPoolExecutor$Worker@550fe58d[State = -1, empty queue]] WARN  server.GrpcLogAppender (GrpcLogAppender.java:timeoutAppendRequest(200)) - 16d0fe26-9857-4477-8b2c-205100b6d095@group-B428A23D2245->b3ae6e77-09f2-43a9-bb74-0baf269e9625-GrpcLogAppender: appendEntries Timeout, request=16d0fe26-9857-4477-8b2c-205100b6d095->b3ae6e77-09f2-43a9-bb74-0baf269e9625#38-t1, previous=(t:1, i:12), leaderCommit=6, initializing? false, entries: <empty>
2019-09-11 06:32:21,894 [grpc-default-executor-5] INFO  client.GrpcClientProtocolClient (GrpcClientProtocolClient.java:onNext(264)) - client-003637AF6369->b3ae6e77-09f2-43a9-bb74-0baf269e9625: receive RaftClientReply:client-003637AF6369->b3ae6e77-09f2-43a9-bb74-0baf269e9625@group-B428A23D2245, cid=42, FAILED org.apache.ratis.protocol.NotLeaderException: Server b3ae6e77-09f2-43a9-bb74-0baf269e9625@group-B428A23D2245 is not the leader 16d0fe26-9857-4477-8b2c-205100b6d095:192.168.36.125:33180, logIndex=0, commits[b3ae6e77-09f2-43a9-bb74-0baf269e9625:c6, 16d0fe26-9857-4477-8b2c-205100b6d095:c6, fbfdc5e7-35fe-4dec-93a8-24c91dabe6d4:c4]
2019-09-11 06:32:24,370 [java.util.concurrent.ThreadPoolExecutor$Worker@2eb904fc[State = -1, empty queue]] WARN  server.GrpcLogAppender (GrpcLogAppender.java:timeoutAppendRequest(200)) - 16d0fe26-9857-4477-8b2c-205100b6d095@group-B428A23D2245->fbfdc5e7-35fe-4dec-93a8-24c91dabe6d4-GrpcLogAppender: appendEntries Timeout, request=16d0fe26-9857-4477-8b2c-205100b6d095->fbfdc5e7-35fe-4dec-93a8-24c91dabe6d4#39-t1, previous=(t:1, i:12), leaderCommit=6, initializing? false, entries: <empty>
2019-09-11 06:32:24,370 [java.util.concurrent.ThreadPoolExecutor$Worker@550fe58d[State = -1, empty queue]] WARN  server.GrpcLogAppender (GrpcLogAppender.java:timeoutAppendRequest(200)) - 16d0fe26-9857-4477-8b2c-205100b6d095@group-B428A23D2245->b3ae6e77-09f2-43a9-bb74-0baf269e9625-GrpcLogAppender: appendEntries Timeout, request=16d0fe26-9857-4477-8b2c-205100b6d095->b3ae6e77-09f2-43a9-bb74-0baf269e9625#39-t1, previous=(t:1, i:12), leaderCommit=6, initializing? false, entries: <empty>
2019-09-11 06:32:26,359 [b3ae6e77-09f2-43a9-bb74-0baf269e9625@group-B428A23D2245-SegmentedRaftLogWorker] WARN  segmented.SegmentedRaftLogWorker (SegmentedRaftLogWorker.java:getFromFuture(90)) - Timeout 6/~
org.apache.ratis.protocol.TimeoutIOException: Timeout 10s: WriteLog:7: (t:1, i:7), STATEMACHINELOGENTRY, client-003637AF6369, cid=42-writeStateMachineData
	at org.apache.ratis.util.IOUtils.getFromFuture(IOUtils.java:87)
	at org.apache.ratis.server.raftlog.segmented.SegmentedRaftLogWorker$StateMachineDataPolicy.getFromFuture(SegmentedRaftLogWorker.java:87)
	at org.apache.ratis.server.raftlog.segmented.SegmentedRaftLogWorker$WriteLog.execute(SegmentedRaftLogWorker.java:477)
	at org.apache.ratis.server.raftlog.segmented.SegmentedRaftLogWorker.run(SegmentedRaftLogWorker.java:289)
	at java.lang.Thread.run(Thread.java:748)
Caused by: java.util.concurrent.TimeoutException
	at java.util.concurrent.CompletableFuture.timedGet(CompletableFuture.java:1771)
	at java.util.concurrent.CompletableFuture.get(CompletableFuture.java:1915)
	at org.apache.ratis.util.IOUtils.getFromFuture(IOUtils.java:79)
	... 4 more
2019-09-11 06:32:26,359 [fbfdc5e7-35fe-4dec-93a8-24c91dabe6d4@group-B428A23D2245-SegmentedRaftLogWorker] WARN  segmented.SegmentedRaftLogWorker (SegmentedRaftLogWorker.java:getFromFuture(90)) - Timeout 6/~
org.apache.ratis.protocol.TimeoutIOException: Timeout 10s: WriteLog:7: (t:1, i:7), STATEMACHINELOGENTRY, client-003637AF6369, cid=42-writeStateMachineData
	at org.apache.ratis.util.IOUtils.getFromFuture(IOUtils.java:87)
	at org.apache.ratis.server.raftlog.segmented.SegmentedRaftLogWorker$StateMachineDataPolicy.getFromFuture(SegmentedRaftLogWorker.java:87)
	at org.apache.ratis.server.raftlog.segmented.SegmentedRaftLogWorker$WriteLog.execute(SegmentedRaftLogWorker.java:477)
	at org.apache.ratis.server.raftlog.segmented.SegmentedRaftLogWorker.run(SegmentedRaftLogWorker.java:289)
	at java.lang.Thread.run(Thread.java:748)
Caused by: java.util.concurrent.TimeoutException
	at java.util.concurrent.CompletableFuture.timedGet(CompletableFuture.java:1771)
	at java.util.concurrent.CompletableFuture.get(CompletableFuture.java:1915)
	at org.apache.ratis.util.IOUtils.getFromFuture(IOUtils.java:79)
	... 4 more
2019-09-11 06:32:26,488 [16d0fe26-9857-4477-8b2c-205100b6d095@group-B428A23D2245-SegmentedRaftLogWorker] WARN  segmented.SegmentedRaftLogWorker (SegmentedRaftLogWorker.java:getFromFuture(90)) - Timeout 6/~
org.apache.ratis.protocol.TimeoutIOException: Timeout 10s: WriteLog:10: (t:1, i:10), STATEMACHINELOGENTRY, client-003637AF6369, cid=45-writeStateMachineData
	at org.apache.ratis.util.IOUtils.getFromFuture(IOUtils.java:87)
	at org.apache.ratis.server.raftlog.segmented.SegmentedRaftLogWorker$StateMachineDataPolicy.getFromFuture(SegmentedRaftLogWorker.java:87)
	at org.apache.ratis.server.raftlog.segmented.SegmentedRaftLogWorker$WriteLog.execute(SegmentedRaftLogWorker.java:477)
	at org.apache.ratis.server.raftlog.segmented.SegmentedRaftLogWorker.run(SegmentedRaftLogWorker.java:289)
	at java.lang.Thread.run(Thread.java:748)
Caused by: java.util.concurrent.TimeoutException
	at java.util.concurrent.CompletableFuture.timedGet(CompletableFuture.java:1771)
	at java.util.concurrent.CompletableFuture.get(CompletableFuture.java:1915)
	at org.apache.ratis.util.IOUtils.getFromFuture(IOUtils.java:79)
	... 4 more
2019-09-11 06:32:26,871 [java.util.concurrent.ThreadPoolExecutor$Worker@2eb904fc[State = -1, empty queue]] WARN  server.GrpcLogAppender (GrpcLogAppender.java:timeoutAppendRequest(200)) - 16d0fe26-9857-4477-8b2c-205100b6d095@group-B428A23D2245->fbfdc5e7-35fe-4dec-93a8-24c91dabe6d4-GrpcLogAppender: appendEntries Timeout, request=16d0fe26-9857-4477-8b2c-205100b6d095->fbfdc5e7-35fe-4dec-93a8-24c91dabe6d4#40-t1, previous=(t:1, i:12), leaderCommit=6, initializing? false, entries: <empty>
2019-09-11 06:32:26,871 [java.util.concurrent.ThreadPoolExecutor$Worker@550fe58d[State = -1, empty queue]] WARN  server.GrpcLogAppender (GrpcLogAppender.java:timeoutAppendRequest(200)) - 16d0fe26-9857-4477-8b2c-205100b6d095@group-B428A23D2245->b3ae6e77-09f2-43a9-bb74-0baf269e9625-GrpcLogAppender: appendEntries Timeout, request=16d0fe26-9857-4477-8b2c-205100b6d095->b3ae6e77-09f2-43a9-bb74-0baf269e9625#40-t1, previous=(t:1, i:12), leaderCommit=6, initializing? false, entries: <empty>
2019-09-11 06:32:26,945 [grpc-default-executor-8] INFO  client.GrpcClientProtocolClient (GrpcClientProtocolClient.java:onNext(264)) - client-003637AF6369->fbfdc5e7-35fe-4dec-93a8-24c91dabe6d4: receive RaftClientReply:client-003637AF6369->fbfdc5e7-35fe-4dec-93a8-24c91dabe6d4@group-B428A23D2245, cid=42, FAILED org.apache.ratis.protocol.NotLeaderException: Server fbfdc5e7-35fe-4dec-93a8-24c91dabe6d4@group-B428A23D2245 is not the leader 16d0fe26-9857-4477-8b2c-205100b6d095:192.168.36.125:33180, logIndex=0, commits[fbfdc5e7-35fe-4dec-93a8-24c91dabe6d4:c6, b3ae6e77-09f2-43a9-bb74-0baf269e9625:c4, 16d0fe26-9857-4477-8b2c-205100b6d095:c6]
2019-09-11 06:32:26,958 [grpc-default-executor-8] WARN  client.GrpcClientProtocolService (LogUtils.java:warn(134)) - 48-OrderedRequestStreamObserver48: onError: org.apache.ratis.thirdparty.io.grpc.StatusRuntimeException: CANCELLED: cancelled before receiving half close
2019-09-11 06:32:29,386 [java.util.concurrent.ThreadPoolExecutor$Worker@2eb904fc[State = -1, empty queue]] WARN  server.GrpcLogAppender (GrpcLogAppender.java:timeoutAppendRequest(200)) - 16d0fe26-9857-4477-8b2c-205100b6d095@group-B428A23D2245->fbfdc5e7-35fe-4dec-93a8-24c91dabe6d4-GrpcLogAppender: appendEntries Timeout, request=16d0fe26-9857-4477-8b2c-205100b6d095->fbfdc5e7-35fe-4dec-93a8-24c91dabe6d4#41-t1, previous=(t:1, i:12), leaderCommit=6, initializing? false, entries: <empty>
2019-09-11 06:32:29,386 [java.util.concurrent.ThreadPoolExecutor$Worker@550fe58d[State = -1, empty queue]] WARN  server.GrpcLogAppender (GrpcLogAppender.java:timeoutAppendRequest(200)) - 16d0fe26-9857-4477-8b2c-205100b6d095@group-B428A23D2245->b3ae6e77-09f2-43a9-bb74-0baf269e9625-GrpcLogAppender: appendEntries Timeout, request=16d0fe26-9857-4477-8b2c-205100b6d095->b3ae6e77-09f2-43a9-bb74-0baf269e9625#41-t1, previous=(t:1, i:12), leaderCommit=6, initializing? false, entries: <empty>
2019-09-11 06:32:31,887 [java.util.concurrent.ThreadPoolExecutor$Worker@550fe58d[State = -1, empty queue]] WARN  server.GrpcLogAppender (GrpcLogAppender.java:timeoutAppendRequest(200)) - 16d0fe26-9857-4477-8b2c-205100b6d095@group-B428A23D2245->b3ae6e77-09f2-43a9-bb74-0baf269e9625-GrpcLogAppender: appendEntries Timeout, request=16d0fe26-9857-4477-8b2c-205100b6d095->b3ae6e77-09f2-43a9-bb74-0baf269e9625#42-t1, previous=(t:1, i:12), leaderCommit=6, initializing? false, entries: <empty>
2019-09-11 06:32:31,887 [java.util.concurrent.ThreadPoolExecutor$Worker@2eb904fc[State = -1, empty queue]] WARN  server.GrpcLogAppender (GrpcLogAppender.java:timeoutAppendRequest(200)) - 16d0fe26-9857-4477-8b2c-205100b6d095@group-B428A23D2245->fbfdc5e7-35fe-4dec-93a8-24c91dabe6d4-GrpcLogAppender: appendEntries Timeout, request=16d0fe26-9857-4477-8b2c-205100b6d095->fbfdc5e7-35fe-4dec-93a8-24c91dabe6d4#42-t1, previous=(t:1, i:12), leaderCommit=6, initializing? false, entries: <empty>
2019-09-11 06:32:31,986 [grpc-default-executor-7] INFO  client.GrpcClientProtocolClient (GrpcClientProtocolClient.java:onNext(264)) - client-003637AF6369->b3ae6e77-09f2-43a9-bb74-0baf269e9625: receive RaftClientReply:client-003637AF6369->b3ae6e77-09f2-43a9-bb74-0baf269e9625@group-B428A23D2245, cid=42, FAILED org.apache.ratis.protocol.NotLeaderException: Server b3ae6e77-09f2-43a9-bb74-0baf269e9625@group-B428A23D2245 is not the leader 16d0fe26-9857-4477-8b2c-205100b6d095:192.168.36.125:33180, logIndex=0, commits[b3ae6e77-09f2-43a9-bb74-0baf269e9625:c6, 16d0fe26-9857-4477-8b2c-205100b6d095:c6, fbfdc5e7-35fe-4dec-93a8-24c91dabe6d4:c4]
2019-09-11 06:32:34,388 [java.util.concurrent.ThreadPoolExecutor$Worker@550fe58d[State = -1, empty queue]] WARN  server.GrpcLogAppender (GrpcLogAppender.java:timeoutAppendRequest(200)) - 16d0fe26-9857-4477-8b2c-205100b6d095@group-B428A23D2245->b3ae6e77-09f2-43a9-bb74-0baf269e9625-GrpcLogAppender: appendEntries Timeout, request=16d0fe26-9857-4477-8b2c-205100b6d095->b3ae6e77-09f2-43a9-bb74-0baf269e9625#43-t1, previous=(t:1, i:12), leaderCommit=6, initializing? false, entries: <empty>
2019-09-11 06:32:34,388 [java.util.concurrent.ThreadPoolExecutor$Worker@2eb904fc[State = -1, empty queue]] WARN  server.GrpcLogAppender (GrpcLogAppender.java:timeoutAppendRequest(200)) - 16d0fe26-9857-4477-8b2c-205100b6d095@group-B428A23D2245->fbfdc5e7-35fe-4dec-93a8-24c91dabe6d4-GrpcLogAppender: appendEntries Timeout, request=16d0fe26-9857-4477-8b2c-205100b6d095->fbfdc5e7-35fe-4dec-93a8-24c91dabe6d4#43-t1, previous=(t:1, i:12), leaderCommit=6, initializing? false, entries: <empty>
2019-09-11 06:32:36,361 [b3ae6e77-09f2-43a9-bb74-0baf269e9625@group-B428A23D2245-SegmentedRaftLogWorker] WARN  segmented.SegmentedRaftLogWorker (SegmentedRaftLogWorker.java:getFromFuture(90)) - Timeout 7/~
org.apache.ratis.protocol.TimeoutIOException: Timeout 10s: WriteLog:7: (t:1, i:7), STATEMACHINELOGENTRY, client-003637AF6369, cid=42-writeStateMachineData
	at org.apache.ratis.util.IOUtils.getFromFuture(IOUtils.java:87)
	at org.apache.ratis.server.raftlog.segmented.SegmentedRaftLogWorker$StateMachineDataPolicy.getFromFuture(SegmentedRaftLogWorker.java:87)
	at org.apache.ratis.server.raftlog.segmented.SegmentedRaftLogWorker$WriteLog.execute(SegmentedRaftLogWorker.java:477)
	at org.apache.ratis.server.raftlog.segmented.SegmentedRaftLogWorker.run(SegmentedRaftLogWorker.java:289)
	at java.lang.Thread.run(Thread.java:748)
Caused by: java.util.concurrent.TimeoutException
	at java.util.concurrent.CompletableFuture.timedGet(CompletableFuture.java:1771)
	at java.util.concurrent.CompletableFuture.get(CompletableFuture.java:1915)
	at org.apache.ratis.util.IOUtils.getFromFuture(IOUtils.java:79)
	... 4 more
2019-09-11 06:32:36,385 [fbfdc5e7-35fe-4dec-93a8-24c91dabe6d4@group-B428A23D2245-SegmentedRaftLogWorker] WARN  segmented.SegmentedRaftLogWorker (SegmentedRaftLogWorker.java:getFromFuture(90)) - Timeout 7/~
org.apache.ratis.protocol.TimeoutIOException: Timeout 10s: WriteLog:7: (t:1, i:7), STATEMACHINELOGENTRY, client-003637AF6369, cid=42-writeStateMachineData
	at org.apache.ratis.util.IOUtils.getFromFuture(IOUtils.java:87)
	at org.apache.ratis.server.raftlog.segmented.SegmentedRaftLogWorker$StateMachineDataPolicy.getFromFuture(SegmentedRaftLogWorker.java:87)
	at org.apache.ratis.server.raftlog.segmented.SegmentedRaftLogWorker$WriteLog.execute(SegmentedRaftLogWorker.java:477)
	at org.apache.ratis.server.raftlog.segmented.SegmentedRaftLogWorker.run(SegmentedRaftLogWorker.java:289)
	at java.lang.Thread.run(Thread.java:748)
Caused by: java.util.concurrent.TimeoutException
	at java.util.concurrent.CompletableFuture.timedGet(CompletableFuture.java:1771)
	at java.util.concurrent.CompletableFuture.get(CompletableFuture.java:1915)
	at org.apache.ratis.util.IOUtils.getFromFuture(IOUtils.java:79)
	... 4 more
2019-09-11 06:32:36,489 [16d0fe26-9857-4477-8b2c-205100b6d095@group-B428A23D2245-SegmentedRaftLogWorker] WARN  segmented.SegmentedRaftLogWorker (SegmentedRaftLogWorker.java:getFromFuture(90)) - Timeout 7/~
org.apache.ratis.protocol.TimeoutIOException: Timeout 10s: WriteLog:10: (t:1, i:10), STATEMACHINELOGENTRY, client-003637AF6369, cid=45-writeStateMachineData
	at org.apache.ratis.util.IOUtils.getFromFuture(IOUtils.java:87)
	at org.apache.ratis.server.raftlog.segmented.SegmentedRaftLogWorker$StateMachineDataPolicy.getFromFuture(SegmentedRaftLogWorker.java:87)
	at org.apache.ratis.server.raftlog.segmented.SegmentedRaftLogWorker$WriteLog.execute(SegmentedRaftLogWorker.java:477)
	at org.apache.ratis.server.raftlog.segmented.SegmentedRaftLogWorker.run(SegmentedRaftLogWorker.java:289)
	at java.lang.Thread.run(Thread.java:748)
Caused by: java.util.concurrent.TimeoutException
	at java.util.concurrent.CompletableFuture.timedGet(CompletableFuture.java:1771)
	at java.util.concurrent.CompletableFuture.get(CompletableFuture.java:1915)
	at org.apache.ratis.util.IOUtils.getFromFuture(IOUtils.java:79)
	... 4 more
2019-09-11 06:32:36,889 [java.util.concurrent.ThreadPoolExecutor$Worker@2eb904fc[State = -1, empty queue]] WARN  server.GrpcLogAppender (GrpcLogAppender.java:timeoutAppendRequest(200)) - 16d0fe26-9857-4477-8b2c-205100b6d095@group-B428A23D2245->fbfdc5e7-35fe-4dec-93a8-24c91dabe6d4-GrpcLogAppender: appendEntries Timeout, request=16d0fe26-9857-4477-8b2c-205100b6d095->fbfdc5e7-35fe-4dec-93a8-24c91dabe6d4#44-t1, previous=(t:1, i:12), leaderCommit=6, initializing? false, entries: <empty>
2019-09-11 06:32:36,889 [java.util.concurrent.ThreadPoolExecutor$Worker@550fe58d[State = -1, empty queue]] WARN  server.GrpcLogAppender (GrpcLogAppender.java:timeoutAppendRequest(200)) - 16d0fe26-9857-4477-8b2c-205100b6d095@group-B428A23D2245->b3ae6e77-09f2-43a9-bb74-0baf269e9625-GrpcLogAppender: appendEntries Timeout, request=16d0fe26-9857-4477-8b2c-205100b6d095->b3ae6e77-09f2-43a9-bb74-0baf269e9625#44-t1, previous=(t:1, i:12), leaderCommit=6, initializing? false, entries: <empty>
2019-09-11 06:32:37,040 [grpc-default-executor-7] INFO  client.GrpcClientProtocolClient (GrpcClientProtocolClient.java:onNext(264)) - client-003637AF6369->b3ae6e77-09f2-43a9-bb74-0baf269e9625: receive RaftClientReply:client-003637AF6369->b3ae6e77-09f2-43a9-bb74-0baf269e9625@group-B428A23D2245, cid=42, FAILED org.apache.ratis.protocol.NotLeaderException: Server b3ae6e77-09f2-43a9-bb74-0baf269e9625@group-B428A23D2245 is not the leader 16d0fe26-9857-4477-8b2c-205100b6d095:192.168.36.125:33180, logIndex=0, commits[b3ae6e77-09f2-43a9-bb74-0baf269e9625:c6, 16d0fe26-9857-4477-8b2c-205100b6d095:c6, fbfdc5e7-35fe-4dec-93a8-24c91dabe6d4:c4]
2019-09-11 06:32:39,390 [java.util.concurrent.ThreadPoolExecutor$Worker@550fe58d[State = -1, empty queue]] WARN  server.GrpcLogAppender (GrpcLogAppender.java:timeoutAppendRequest(200)) - 16d0fe26-9857-4477-8b2c-205100b6d095@group-B428A23D2245->b3ae6e77-09f2-43a9-bb74-0baf269e9625-GrpcLogAppender: appendEntries Timeout, request=16d0fe26-9857-4477-8b2c-205100b6d095->b3ae6e77-09f2-43a9-bb74-0baf269e9625#45-t1, previous=(t:1, i:12), leaderCommit=6, initializing? false, entries: <empty>
2019-09-11 06:32:39,390 [java.util.concurrent.ThreadPoolExecutor$Worker@2eb904fc[State = -1, empty queue]] WARN  server.GrpcLogAppender (GrpcLogAppender.java:timeoutAppendRequest(200)) - 16d0fe26-9857-4477-8b2c-205100b6d095@group-B428A23D2245->fbfdc5e7-35fe-4dec-93a8-24c91dabe6d4-GrpcLogAppender: appendEntries Timeout, request=16d0fe26-9857-4477-8b2c-205100b6d095->fbfdc5e7-35fe-4dec-93a8-24c91dabe6d4#45-t1, previous=(t:1, i:12), leaderCommit=6, initializing? false, entries: <empty>
2019-09-11 06:32:41,891 [java.util.concurrent.ThreadPoolExecutor$Worker@550fe58d[State = -1, empty queue]] WARN  server.GrpcLogAppender (GrpcLogAppender.java:timeoutAppendRequest(200)) - 16d0fe26-9857-4477-8b2c-205100b6d095@group-B428A23D2245->b3ae6e77-09f2-43a9-bb74-0baf269e9625-GrpcLogAppender: appendEntries Timeout, request=16d0fe26-9857-4477-8b2c-205100b6d095->b3ae6e77-09f2-43a9-bb74-0baf269e9625#46-t1, previous=(t:1, i:12), leaderCommit=6, initializing? false, entries: <empty>
2019-09-11 06:32:41,891 [java.util.concurrent.ThreadPoolExecutor$Worker@2eb904fc[State = -1, empty queue]] WARN  server.GrpcLogAppender (GrpcLogAppender.java:timeoutAppendRequest(200)) - 16d0fe26-9857-4477-8b2c-205100b6d095@group-B428A23D2245->fbfdc5e7-35fe-4dec-93a8-24c91dabe6d4-GrpcLogAppender: appendEntries Timeout, request=16d0fe26-9857-4477-8b2c-205100b6d095->fbfdc5e7-35fe-4dec-93a8-24c91dabe6d4#46-t1, previous=(t:1, i:12), leaderCommit=6, initializing? false, entries: <empty>
2019-09-11 06:32:42,092 [grpc-default-executor-8] INFO  client.GrpcClientProtocolClient (GrpcClientProtocolClient.java:onNext(264)) - client-003637AF6369->fbfdc5e7-35fe-4dec-93a8-24c91dabe6d4: receive RaftClientReply:client-003637AF6369->fbfdc5e7-35fe-4dec-93a8-24c91dabe6d4@group-B428A23D2245, cid=42, FAILED org.apache.ratis.protocol.NotLeaderException: Server fbfdc5e7-35fe-4dec-93a8-24c91dabe6d4@group-B428A23D2245 is not the leader 16d0fe26-9857-4477-8b2c-205100b6d095:192.168.36.125:33180, logIndex=0, commits[fbfdc5e7-35fe-4dec-93a8-24c91dabe6d4:c6, b3ae6e77-09f2-43a9-bb74-0baf269e9625:c4, 16d0fe26-9857-4477-8b2c-205100b6d095:c6]
2019-09-11 06:32:44,391 [java.util.concurrent.ThreadPoolExecutor$Worker@2eb904fc[State = -1, empty queue]] WARN  server.GrpcLogAppender (GrpcLogAppender.java:timeoutAppendRequest(200)) - 16d0fe26-9857-4477-8b2c-205100b6d095@group-B428A23D2245->fbfdc5e7-35fe-4dec-93a8-24c91dabe6d4-GrpcLogAppender: appendEntries Timeout, request=16d0fe26-9857-4477-8b2c-205100b6d095->fbfdc5e7-35fe-4dec-93a8-24c91dabe6d4#47-t1, previous=(t:1, i:12), leaderCommit=6, initializing? false, entries: <empty>
2019-09-11 06:32:44,391 [java.util.concurrent.ThreadPoolExecutor$Worker@550fe58d[State = -1, empty queue]] WARN  server.GrpcLogAppender (GrpcLogAppender.java:timeoutAppendRequest(200)) - 16d0fe26-9857-4477-8b2c-205100b6d095@group-B428A23D2245->b3ae6e77-09f2-43a9-bb74-0baf269e9625-GrpcLogAppender: appendEntries Timeout, request=16d0fe26-9857-4477-8b2c-205100b6d095->b3ae6e77-09f2-43a9-bb74-0baf269e9625#47-t1, previous=(t:1, i:12), leaderCommit=6, initializing? false, entries: <empty>
2019-09-11 06:32:46,362 [b3ae6e77-09f2-43a9-bb74-0baf269e9625@group-B428A23D2245-SegmentedRaftLogWorker] WARN  segmented.SegmentedRaftLogWorker (SegmentedRaftLogWorker.java:getFromFuture(90)) - Timeout 8/~
org.apache.ratis.protocol.TimeoutIOException: Timeout 10s: WriteLog:7: (t:1, i:7), STATEMACHINELOGENTRY, client-003637AF6369, cid=42-writeStateMachineData
	at org.apache.ratis.util.IOUtils.getFromFuture(IOUtils.java:87)
	at org.apache.ratis.server.raftlog.segmented.SegmentedRaftLogWorker$StateMachineDataPolicy.getFromFuture(SegmentedRaftLogWorker.java:87)
	at org.apache.ratis.server.raftlog.segmented.SegmentedRaftLogWorker$WriteLog.execute(SegmentedRaftLogWorker.java:477)
	at org.apache.ratis.server.raftlog.segmented.SegmentedRaftLogWorker.run(SegmentedRaftLogWorker.java:289)
	at java.lang.Thread.run(Thread.java:748)
Caused by: java.util.concurrent.TimeoutException
	at java.util.concurrent.CompletableFuture.timedGet(CompletableFuture.java:1771)
	at java.util.concurrent.CompletableFuture.get(CompletableFuture.java:1915)
	at org.apache.ratis.util.IOUtils.getFromFuture(IOUtils.java:79)
	... 4 more
2019-09-11 06:32:46,386 [fbfdc5e7-35fe-4dec-93a8-24c91dabe6d4@group-B428A23D2245-SegmentedRaftLogWorker] WARN  segmented.SegmentedRaftLogWorker (SegmentedRaftLogWorker.java:getFromFuture(90)) - Timeout 8/~
org.apache.ratis.protocol.TimeoutIOException: Timeout 10s: WriteLog:7: (t:1, i:7), STATEMACHINELOGENTRY, client-003637AF6369, cid=42-writeStateMachineData
	at org.apache.ratis.util.IOUtils.getFromFuture(IOUtils.java:87)
	at org.apache.ratis.server.raftlog.segmented.SegmentedRaftLogWorker$StateMachineDataPolicy.getFromFuture(SegmentedRaftLogWorker.java:87)
	at org.apache.ratis.server.raftlog.segmented.SegmentedRaftLogWorker$WriteLog.execute(SegmentedRaftLogWorker.java:477)
	at org.apache.ratis.server.raftlog.segmented.SegmentedRaftLogWorker.run(SegmentedRaftLogWorker.java:289)
	at java.lang.Thread.run(Thread.java:748)
Caused by: java.util.concurrent.TimeoutException
	at java.util.concurrent.CompletableFuture.timedGet(CompletableFuture.java:1771)
	at java.util.concurrent.CompletableFuture.get(CompletableFuture.java:1915)
	at org.apache.ratis.util.IOUtils.getFromFuture(IOUtils.java:79)
	... 4 more
2019-09-11 06:32:46,490 [16d0fe26-9857-4477-8b2c-205100b6d095@group-B428A23D2245-SegmentedRaftLogWorker] WARN  segmented.SegmentedRaftLogWorker (SegmentedRaftLogWorker.java:getFromFuture(90)) - Timeout 8/~
org.apache.ratis.protocol.TimeoutIOException: Timeout 10s: WriteLog:10: (t:1, i:10), STATEMACHINELOGENTRY, client-003637AF6369, cid=45-writeStateMachineData
	at org.apache.ratis.util.IOUtils.getFromFuture(IOUtils.java:87)
	at org.apache.ratis.server.raftlog.segmented.SegmentedRaftLogWorker$StateMachineDataPolicy.getFromFuture(SegmentedRaftLogWorker.java:87)
	at org.apache.ratis.server.raftlog.segmented.SegmentedRaftLogWorker$WriteLog.execute(SegmentedRaftLogWorker.java:477)
	at org.apache.ratis.server.raftlog.segmented.SegmentedRaftLogWorker.run(SegmentedRaftLogWorker.java:289)
	at java.lang.Thread.run(Thread.java:748)
Caused by: java.util.concurrent.TimeoutException
	at java.util.concurrent.CompletableFuture.timedGet(CompletableFuture.java:1771)
	at java.util.concurrent.CompletableFuture.get(CompletableFuture.java:1915)
	at org.apache.ratis.util.IOUtils.getFromFuture(IOUtils.java:79)
	... 4 more
2019-09-11 06:32:46,892 [java.util.concurrent.ThreadPoolExecutor$Worker@550fe58d[State = -1, empty queue]] WARN  server.GrpcLogAppender (GrpcLogAppender.java:timeoutAppendRequest(200)) - 16d0fe26-9857-4477-8b2c-205100b6d095@group-B428A23D2245->b3ae6e77-09f2-43a9-bb74-0baf269e9625-GrpcLogAppender: appendEntries Timeout, request=16d0fe26-9857-4477-8b2c-205100b6d095->b3ae6e77-09f2-43a9-bb74-0baf269e9625#48-t1, previous=(t:1, i:12), leaderCommit=6, initializing? false, entries: <empty>
2019-09-11 06:32:46,892 [java.util.concurrent.ThreadPoolExecutor$Worker@2eb904fc[State = -1, empty queue]] WARN  server.GrpcLogAppender (GrpcLogAppender.java:timeoutAppendRequest(200)) - 16d0fe26-9857-4477-8b2c-205100b6d095@group-B428A23D2245->fbfdc5e7-35fe-4dec-93a8-24c91dabe6d4-GrpcLogAppender: appendEntries Timeout, request=16d0fe26-9857-4477-8b2c-205100b6d095->fbfdc5e7-35fe-4dec-93a8-24c91dabe6d4#48-t1, previous=(t:1, i:12), leaderCommit=6, initializing? false, entries: <empty>
2019-09-11 06:32:47,127 [grpc-default-executor-7] INFO  client.GrpcClientProtocolClient (GrpcClientProtocolClient.java:onNext(264)) - client-003637AF6369->b3ae6e77-09f2-43a9-bb74-0baf269e9625: receive RaftClientReply:client-003637AF6369->b3ae6e77-09f2-43a9-bb74-0baf269e9625@group-B428A23D2245, cid=42, FAILED org.apache.ratis.protocol.NotLeaderException: Server b3ae6e77-09f2-43a9-bb74-0baf269e9625@group-B428A23D2245 is not the leader 16d0fe26-9857-4477-8b2c-205100b6d095:192.168.36.125:33180, logIndex=0, commits[b3ae6e77-09f2-43a9-bb74-0baf269e9625:c6, 16d0fe26-9857-4477-8b2c-205100b6d095:c6, fbfdc5e7-35fe-4dec-93a8-24c91dabe6d4:c4]
2019-09-11 06:32:49,479 [java.util.concurrent.ThreadPoolExecutor$Worker@2eb904fc[State = -1, empty queue]] WARN  server.GrpcLogAppender (GrpcLogAppender.java:timeoutAppendRequest(200)) - 16d0fe26-9857-4477-8b2c-205100b6d095@group-B428A23D2245->fbfdc5e7-35fe-4dec-93a8-24c91dabe6d4-GrpcLogAppender: appendEntries Timeout, request=16d0fe26-9857-4477-8b2c-205100b6d095->fbfdc5e7-35fe-4dec-93a8-24c91dabe6d4#49-t1, previous=(t:1, i:12), leaderCommit=6, initializing? false, entries: <empty>
2019-09-11 06:32:49,479 [java.util.concurrent.ThreadPoolExecutor$Worker@550fe58d[State = -1, empty queue]] WARN  server.GrpcLogAppender (GrpcLogAppender.java:timeoutAppendRequest(200)) - 16d0fe26-9857-4477-8b2c-205100b6d095@group-B428A23D2245->b3ae6e77-09f2-43a9-bb74-0baf269e9625-GrpcLogAppender: appendEntries Timeout, request=16d0fe26-9857-4477-8b2c-205100b6d095->b3ae6e77-09f2-43a9-bb74-0baf269e9625#49-t1, previous=(t:1, i:12), leaderCommit=6, initializing? false, entries: <empty>
2019-09-11 06:32:51,893 [java.util.concurrent.ThreadPoolExecutor$Worker@2eb904fc[State = -1, empty queue]] WARN  server.GrpcLogAppender (GrpcLogAppender.java:timeoutAppendRequest(200)) - 16d0fe26-9857-4477-8b2c-205100b6d095@group-B428A23D2245->fbfdc5e7-35fe-4dec-93a8-24c91dabe6d4-GrpcLogAppender: appendEntries Timeout, request=16d0fe26-9857-4477-8b2c-205100b6d095->fbfdc5e7-35fe-4dec-93a8-24c91dabe6d4#50-t1, previous=(t:1, i:12), leaderCommit=6, initializing? false, entries: <empty>
2019-09-11 06:32:51,893 [java.util.concurrent.ThreadPoolExecutor$Worker@550fe58d[State = -1, empty queue]] WARN  server.GrpcLogAppender (GrpcLogAppender.java:timeoutAppendRequest(200)) - 16d0fe26-9857-4477-8b2c-205100b6d095@group-B428A23D2245->b3ae6e77-09f2-43a9-bb74-0baf269e9625-GrpcLogAppender: appendEntries Timeout, request=16d0fe26-9857-4477-8b2c-205100b6d095->b3ae6e77-09f2-43a9-bb74-0baf269e9625#50-t1, previous=(t:1, i:12), leaderCommit=6, initializing? false, entries: <empty>
2019-09-11 06:32:52,166 [grpc-default-executor-7] INFO  client.GrpcClientProtocolClient (GrpcClientProtocolClient.java:onNext(264)) - client-003637AF6369->b3ae6e77-09f2-43a9-bb74-0baf269e9625: receive RaftClientReply:client-003637AF6369->b3ae6e77-09f2-43a9-bb74-0baf269e9625@group-B428A23D2245, cid=42, FAILED org.apache.ratis.protocol.NotLeaderException: Server b3ae6e77-09f2-43a9-bb74-0baf269e9625@group-B428A23D2245 is not the leader 16d0fe26-9857-4477-8b2c-205100b6d095:192.168.36.125:33180, logIndex=0, commits[b3ae6e77-09f2-43a9-bb74-0baf269e9625:c6, 16d0fe26-9857-4477-8b2c-205100b6d095:c6, fbfdc5e7-35fe-4dec-93a8-24c91dabe6d4:c4]
2019-09-11 06:32:54,393 [java.util.concurrent.ThreadPoolExecutor$Worker@550fe58d[State = -1, empty queue]] WARN  server.GrpcLogAppender (GrpcLogAppender.java:timeoutAppendRequest(200)) - 16d0fe26-9857-4477-8b2c-205100b6d095@group-B428A23D2245->b3ae6e77-09f2-43a9-bb74-0baf269e9625-GrpcLogAppender: appendEntries Timeout, request=16d0fe26-9857-4477-8b2c-205100b6d095->b3ae6e77-09f2-43a9-bb74-0baf269e9625#51-t1, previous=(t:1, i:12), leaderCommit=6, initializing? false, entries: <empty>
2019-09-11 06:32:54,393 [java.util.concurrent.ThreadPoolExecutor$Worker@2eb904fc[State = -1, empty queue]] WARN  server.GrpcLogAppender (GrpcLogAppender.java:timeoutAppendRequest(200)) - 16d0fe26-9857-4477-8b2c-205100b6d095@group-B428A23D2245->fbfdc5e7-35fe-4dec-93a8-24c91dabe6d4-GrpcLogAppender: appendEntries Timeout, request=16d0fe26-9857-4477-8b2c-205100b6d095->fbfdc5e7-35fe-4dec-93a8-24c91dabe6d4#51-t1, previous=(t:1, i:12), leaderCommit=6, initializing? false, entries: <empty>
2019-09-11 06:32:56,363 [b3ae6e77-09f2-43a9-bb74-0baf269e9625@group-B428A23D2245-SegmentedRaftLogWorker] WARN  segmented.SegmentedRaftLogWorker (SegmentedRaftLogWorker.java:getFromFuture(90)) - Timeout 9/~
org.apache.ratis.protocol.TimeoutIOException: Timeout 10s: WriteLog:7: (t:1, i:7), STATEMACHINELOGENTRY, client-003637AF6369, cid=42-writeStateMachineData
	at org.apache.ratis.util.IOUtils.getFromFuture(IOUtils.java:87)
	at org.apache.ratis.server.raftlog.segmented.SegmentedRaftLogWorker$StateMachineDataPolicy.getFromFuture(SegmentedRaftLogWorker.java:87)
	at org.apache.ratis.server.raftlog.segmented.SegmentedRaftLogWorker$WriteLog.execute(SegmentedRaftLogWorker.java:477)
	at org.apache.ratis.server.raftlog.segmented.SegmentedRaftLogWorker.run(SegmentedRaftLogWorker.java:289)
	at java.lang.Thread.run(Thread.java:748)
Caused by: java.util.concurrent.TimeoutException
	at java.util.concurrent.CompletableFuture.timedGet(CompletableFuture.java:1771)
	at java.util.concurrent.CompletableFuture.get(CompletableFuture.java:1915)
	at org.apache.ratis.util.IOUtils.getFromFuture(IOUtils.java:79)
	... 4 more
2019-09-11 06:32:56,387 [fbfdc5e7-35fe-4dec-93a8-24c91dabe6d4@group-B428A23D2245-SegmentedRaftLogWorker] WARN  segmented.SegmentedRaftLogWorker (SegmentedRaftLogWorker.java:getFromFuture(90)) - Timeout 9/~
org.apache.ratis.protocol.TimeoutIOException: Timeout 10s: WriteLog:7: (t:1, i:7), STATEMACHINELOGENTRY, client-003637AF6369, cid=42-writeStateMachineData
	at org.apache.ratis.util.IOUtils.getFromFuture(IOUtils.java:87)
	at org.apache.ratis.server.raftlog.segmented.SegmentedRaftLogWorker$StateMachineDataPolicy.getFromFuture(SegmentedRaftLogWorker.java:87)
	at org.apache.ratis.server.raftlog.segmented.SegmentedRaftLogWorker$WriteLog.execute(SegmentedRaftLogWorker.java:477)
	at org.apache.ratis.server.raftlog.segmented.SegmentedRaftLogWorker.run(SegmentedRaftLogWorker.java:289)
	at java.lang.Thread.run(Thread.java:748)
Caused by: java.util.concurrent.TimeoutException
	at java.util.concurrent.CompletableFuture.timedGet(CompletableFuture.java:1771)
	at java.util.concurrent.CompletableFuture.get(CompletableFuture.java:1915)
	at org.apache.ratis.util.IOUtils.getFromFuture(IOUtils.java:79)
	... 4 more
2019-09-11 06:32:56,491 [16d0fe26-9857-4477-8b2c-205100b6d095@group-B428A23D2245-SegmentedRaftLogWorker] WARN  segmented.SegmentedRaftLogWorker (SegmentedRaftLogWorker.java:getFromFuture(90)) - Timeout 9/~
org.apache.ratis.protocol.TimeoutIOException: Timeout 10s: WriteLog:10: (t:1, i:10), STATEMACHINELOGENTRY, client-003637AF6369, cid=45-writeStateMachineData
	at org.apache.ratis.util.IOUtils.getFromFuture(IOUtils.java:87)
	at org.apache.ratis.server.raftlog.segmented.SegmentedRaftLogWorker$StateMachineDataPolicy.getFromFuture(SegmentedRaftLogWorker.java:87)
	at org.apache.ratis.server.raftlog.segmented.SegmentedRaftLogWorker$WriteLog.execute(SegmentedRaftLogWorker.java:477)
	at org.apache.ratis.server.raftlog.segmented.SegmentedRaftLogWorker.run(SegmentedRaftLogWorker.java:289)
	at java.lang.Thread.run(Thread.java:748)
Caused by: java.util.concurrent.TimeoutException
	at java.util.concurrent.CompletableFuture.timedGet(CompletableFuture.java:1771)
	at java.util.concurrent.CompletableFuture.get(CompletableFuture.java:1915)
	at org.apache.ratis.util.IOUtils.getFromFuture(IOUtils.java:79)
	... 4 more
2019-09-11 06:32:56,894 [java.util.concurrent.ThreadPoolExecutor$Worker@550fe58d[State = -1, empty queue]] WARN  server.GrpcLogAppender (GrpcLogAppender.java:timeoutAppendRequest(200)) - 16d0fe26-9857-4477-8b2c-205100b6d095@group-B428A23D2245->b3ae6e77-09f2-43a9-bb74-0baf269e9625-GrpcLogAppender: appendEntries Timeout, request=16d0fe26-9857-4477-8b2c-205100b6d095->b3ae6e77-09f2-43a9-bb74-0baf269e9625#52-t1, previous=(t:1, i:12), leaderCommit=6, initializing? false, entries: <empty>
2019-09-11 06:32:56,894 [java.util.concurrent.ThreadPoolExecutor$Worker@2eb904fc[State = -1, empty queue]] WARN  server.GrpcLogAppender (GrpcLogAppender.java:timeoutAppendRequest(200)) - 16d0fe26-9857-4477-8b2c-205100b6d095@group-B428A23D2245->fbfdc5e7-35fe-4dec-93a8-24c91dabe6d4-GrpcLogAppender: appendEntries Timeout, request=16d0fe26-9857-4477-8b2c-205100b6d095->fbfdc5e7-35fe-4dec-93a8-24c91dabe6d4#52-t1, previous=(t:1, i:12), leaderCommit=6, initializing? false, entries: <empty>
2019-09-11 06:32:57,225 [grpc-default-executor-7] INFO  client.GrpcClientProtocolClient (GrpcClientProtocolClient.java:onNext(264)) - client-003637AF6369->fbfdc5e7-35fe-4dec-93a8-24c91dabe6d4: receive RaftClientReply:client-003637AF6369->fbfdc5e7-35fe-4dec-93a8-24c91dabe6d4@group-B428A23D2245, cid=42, FAILED org.apache.ratis.protocol.NotLeaderException: Server fbfdc5e7-35fe-4dec-93a8-24c91dabe6d4@group-B428A23D2245 is not the leader 16d0fe26-9857-4477-8b2c-205100b6d095:192.168.36.125:33180, logIndex=0, commits[fbfdc5e7-35fe-4dec-93a8-24c91dabe6d4:c6, b3ae6e77-09f2-43a9-bb74-0baf269e9625:c4, 16d0fe26-9857-4477-8b2c-205100b6d095:c6]
2019-09-11 06:32:59,010 [ReplicationMonitor] INFO  container.ReplicationManager (ReplicationManager.java:forceCloseContainer(464)) - Force closing container #1 with BCSID 4, which is in QUASI_CLOSED state.
2019-09-11 06:32:59,012 [ReplicationMonitor] INFO  container.ReplicationManager (ReplicationManager.java:sendCloseCommand(659)) - Sending close container command for container #1 to datanode 16d0fe26-9857-4477-8b2c-205100b6d095{ip: 192.168.36.125, host: trunk-nightly-20190911-vpfxm-1000144475, networkLocation: /default-rack, certSerialId: null}.
2019-09-11 06:32:59,013 [ReplicationMonitor] INFO  container.ReplicationManager (ReplicationManager.java:sendCloseCommand(659)) - Sending close container command for container #1 to datanode b3ae6e77-09f2-43a9-bb74-0baf269e9625{ip: 192.168.36.125, host: trunk-nightly-20190911-vpfxm-1000144475, networkLocation: /default-rack, certSerialId: null}.
2019-09-11 06:32:59,013 [ReplicationMonitor] INFO  container.ReplicationManager (ReplicationManager.java:sendCloseCommand(659)) - Sending close container command for container #1 to datanode fbfdc5e7-35fe-4dec-93a8-24c91dabe6d4{ip: 192.168.36.125, host: trunk-nightly-20190911-vpfxm-1000144475, networkLocation: /default-rack, certSerialId: null}.
2019-09-11 06:32:59,013 [ReplicationMonitor] INFO  container.ReplicationManager (ReplicationManager.java:forceCloseContainer(464)) - Force closing container #3 with BCSID 0, which is in QUASI_CLOSED state.
2019-09-11 06:32:59,013 [ReplicationMonitor] INFO  container.ReplicationManager (ReplicationManager.java:sendCloseCommand(659)) - Sending close container command for container #3 to datanode 16d0fe26-9857-4477-8b2c-205100b6d095{ip: 192.168.36.125, host: trunk-nightly-20190911-vpfxm-1000144475, networkLocation: /default-rack, certSerialId: null}.
2019-09-11 06:32:59,014 [ReplicationMonitor] INFO  container.ReplicationManager (ReplicationManager.java:sendCloseCommand(659)) - Sending close container command for container #3 to datanode b3ae6e77-09f2-43a9-bb74-0baf269e9625{ip: 192.168.36.125, host: trunk-nightly-20190911-vpfxm-1000144475, networkLocation: /default-rack, certSerialId: null}.
2019-09-11 06:32:59,014 [ReplicationMonitor] INFO  container.ReplicationManager (ReplicationManager.java:sendCloseCommand(659)) - Sending close container command for container #3 to datanode fbfdc5e7-35fe-4dec-93a8-24c91dabe6d4{ip: 192.168.36.125, host: trunk-nightly-20190911-vpfxm-1000144475, networkLocation: /default-rack, certSerialId: null}.
2019-09-11 06:32:59,014 [ReplicationMonitor] INFO  container.ReplicationManager (ReplicationManager.java:run(225)) - Replication Monitor Thread took 9 milliseconds for processing 5 containers.
2019-09-11 06:32:59,394 [java.util.concurrent.ThreadPoolExecutor$Worker@2eb904fc[State = -1, empty queue]] WARN  server.GrpcLogAppender (GrpcLogAppender.java:timeoutAppendRequest(200)) - 16d0fe26-9857-4477-8b2c-205100b6d095@group-B428A23D2245->fbfdc5e7-35fe-4dec-93a8-24c91dabe6d4-GrpcLogAppender: appendEntries Timeout, request=16d0fe26-9857-4477-8b2c-205100b6d095->fbfdc5e7-35fe-4dec-93a8-24c91dabe6d4#53-t1, previous=(t:1, i:12), leaderCommit=6, initializing? false, entries: <empty>
2019-09-11 06:32:59,394 [java.util.concurrent.ThreadPoolExecutor$Worker@550fe58d[State = -1, empty queue]] WARN  server.GrpcLogAppender (GrpcLogAppender.java:timeoutAppendRequest(200)) - 16d0fe26-9857-4477-8b2c-205100b6d095@group-B428A23D2245->b3ae6e77-09f2-43a9-bb74-0baf269e9625-GrpcLogAppender: appendEntries Timeout, request=16d0fe26-9857-4477-8b2c-205100b6d095->b3ae6e77-09f2-43a9-bb74-0baf269e9625#53-t1, previous=(t:1, i:12), leaderCommit=6, initializing? false, entries: <empty>
2019-09-11 06:33:00,506 [Command processor thread] INFO  interfaces.Container (KeyValueContainer.java:flushAndSyncDB(386)) - Container 1 is synced with bcsId 4.
2019-09-11 06:33:00,509 [Command processor thread] INFO  interfaces.Container (KeyValueContainer.java:flushAndSyncDB(386)) - Container 1 is synced with bcsId 4.
2019-09-11 06:33:00,525 [Command processor thread] INFO  interfaces.Container (KeyValueContainer.java:close(335)) - Container 1 is closed with bcsId 4.
2019-09-11 06:33:00,525 [Command processor thread] INFO  interfaces.Container (KeyValueContainer.java:flushAndSyncDB(386)) - Container 3 is synced with bcsId 0.
2019-09-11 06:33:00,525 [Command processor thread] INFO  interfaces.Container (KeyValueContainer.java:flushAndSyncDB(386)) - Container 3 is synced with bcsId 0.
2019-09-11 06:33:00,526 [EventQueue-IncrementalContainerReportForIncrementalContainerReportHandler] INFO  container.IncrementalContainerReportHandler (AbstractContainerReportHandler.java:updateContainerState(202)) - Moving container #1 to CLOSED state, datanode 16d0fe26-9857-4477-8b2c-205100b6d095{ip: 192.168.36.125, host: trunk-nightly-20190911-vpfxm-1000144475, networkLocation: /default-rack, certSerialId: null} reported CLOSED replica.
2019-09-11 06:33:00,540 [Command processor thread] INFO  interfaces.Container (KeyValueContainer.java:close(335)) - Container 3 is closed with bcsId 0.
2019-09-11 06:33:00,541 [EventQueue-IncrementalContainerReportForIncrementalContainerReportHandler] INFO  container.IncrementalContainerReportHandler (AbstractContainerReportHandler.java:updateContainerState(202)) - Moving container #3 to CLOSED state, datanode 16d0fe26-9857-4477-8b2c-205100b6d095{ip: 192.168.36.125, host: trunk-nightly-20190911-vpfxm-1000144475, networkLocation: /default-rack, certSerialId: null} reported CLOSED replica.
2019-09-11 06:33:01,488 [Command processor thread] INFO  interfaces.Container (KeyValueContainer.java:flushAndSyncDB(386)) - Container 1 is synced with bcsId 4.
2019-09-11 06:33:01,488 [Command processor thread] INFO  interfaces.Container (KeyValueContainer.java:flushAndSyncDB(386)) - Container 1 is synced with bcsId 4.
2019-09-11 06:33:01,498 [Command processor thread] INFO  interfaces.Container (KeyValueContainer.java:flushAndSyncDB(386)) - Container 1 is synced with bcsId 4.
2019-09-11 06:33:01,499 [Command processor thread] INFO  interfaces.Container (KeyValueContainer.java:flushAndSyncDB(386)) - Container 1 is synced with bcsId 4.
2019-09-11 06:33:01,502 [Command processor thread] INFO  interfaces.Container (KeyValueContainer.java:close(335)) - Container 1 is closed with bcsId 4.
2019-09-11 06:33:01,502 [Command processor thread] INFO  interfaces.Container (KeyValueContainer.java:close(335)) - Container 1 is closed with bcsId 4.
2019-09-11 06:33:01,502 [Command processor thread] INFO  interfaces.Container (KeyValueContainer.java:flushAndSyncDB(386)) - Container 3 is synced with bcsId 0.
2019-09-11 06:33:01,502 [Command processor thread] INFO  interfaces.Container (KeyValueContainer.java:flushAndSyncDB(386)) - Container 3 is synced with bcsId 0.
2019-09-11 06:33:01,503 [Command processor thread] INFO  interfaces.Container (KeyValueContainer.java:flushAndSyncDB(386)) - Container 3 is synced with bcsId 0.
2019-09-11 06:33:01,503 [Command processor thread] INFO  interfaces.Container (KeyValueContainer.java:flushAndSyncDB(386)) - Container 3 is synced with bcsId 0.
2019-09-11 06:33:01,517 [Command processor thread] INFO  interfaces.Container (KeyValueContainer.java:close(335)) - Container 3 is closed with bcsId 0.
2019-09-11 06:33:01,517 [Command processor thread] INFO  interfaces.Container (KeyValueContainer.java:close(335)) - Container 3 is closed with bcsId 0.
2019-09-11 06:33:01,894 [java.util.concurrent.ThreadPoolExecutor$Worker@2eb904fc[State = -1, empty queue]] WARN  server.GrpcLogAppender (GrpcLogAppender.java:timeoutAppendRequest(200)) - 16d0fe26-9857-4477-8b2c-205100b6d095@group-B428A23D2245->fbfdc5e7-35fe-4dec-93a8-24c91dabe6d4-GrpcLogAppender: appendEntries Timeout, request=16d0fe26-9857-4477-8b2c-205100b6d095->fbfdc5e7-35fe-4dec-93a8-24c91dabe6d4#54-t1, previous=(t:1, i:12), leaderCommit=6, initializing? false, entries: <empty>
2019-09-11 06:33:01,894 [java.util.concurrent.ThreadPoolExecutor$Worker@550fe58d[State = -1, empty queue]] WARN  server.GrpcLogAppender (GrpcLogAppender.java:timeoutAppendRequest(200)) - 16d0fe26-9857-4477-8b2c-205100b6d095@group-B428A23D2245->b3ae6e77-09f2-43a9-bb74-0baf269e9625-GrpcLogAppender: appendEntries Timeout, request=16d0fe26-9857-4477-8b2c-205100b6d095->b3ae6e77-09f2-43a9-bb74-0baf269e9625#54-t1, previous=(t:1, i:12), leaderCommit=6, initializing? false, entries: <empty>
2019-09-11 06:33:02,272 [grpc-default-executor-7] INFO  client.GrpcClientProtocolClient (GrpcClientProtocolClient.java:onNext(264)) - client-003637AF6369->fbfdc5e7-35fe-4dec-93a8-24c91dabe6d4: receive RaftClientReply:client-003637AF6369->fbfdc5e7-35fe-4dec-93a8-24c91dabe6d4@group-B428A23D2245, cid=42, FAILED org.apache.ratis.protocol.NotLeaderException: Server fbfdc5e7-35fe-4dec-93a8-24c91dabe6d4@group-B428A23D2245 is not the leader 16d0fe26-9857-4477-8b2c-205100b6d095:192.168.36.125:33180, logIndex=0, commits[fbfdc5e7-35fe-4dec-93a8-24c91dabe6d4:c6, b3ae6e77-09f2-43a9-bb74-0baf269e9625:c4, 16d0fe26-9857-4477-8b2c-205100b6d095:c6]
2019-09-11 06:33:04,394 [java.util.concurrent.ThreadPoolExecutor$Worker@2eb904fc[State = -1, empty queue]] WARN  server.GrpcLogAppender (GrpcLogAppender.java:timeoutAppendRequest(200)) - 16d0fe26-9857-4477-8b2c-205100b6d095@group-B428A23D2245->fbfdc5e7-35fe-4dec-93a8-24c91dabe6d4-GrpcLogAppender: appendEntries Timeout, request=16d0fe26-9857-4477-8b2c-205100b6d095->fbfdc5e7-35fe-4dec-93a8-24c91dabe6d4#55-t1, previous=(t:1, i:12), leaderCommit=6, initializing? false, entries: <empty>
2019-09-11 06:33:04,394 [java.util.concurrent.ThreadPoolExecutor$Worker@550fe58d[State = -1, empty queue]] WARN  server.GrpcLogAppender (GrpcLogAppender.java:timeoutAppendRequest(200)) - 16d0fe26-9857-4477-8b2c-205100b6d095@group-B428A23D2245->b3ae6e77-09f2-43a9-bb74-0baf269e9625-GrpcLogAppender: appendEntries Timeout, request=16d0fe26-9857-4477-8b2c-205100b6d095->b3ae6e77-09f2-43a9-bb74-0baf269e9625#55-t1, previous=(t:1, i:12), leaderCommit=6, initializing? false, entries: <empty>
2019-09-11 06:33:06,364 [b3ae6e77-09f2-43a9-bb74-0baf269e9625@group-B428A23D2245-SegmentedRaftLogWorker] WARN  segmented.SegmentedRaftLogWorker (SegmentedRaftLogWorker.java:getFromFuture(90)) - Timeout 10/~
org.apache.ratis.protocol.TimeoutIOException: Timeout 10s: WriteLog:7: (t:1, i:7), STATEMACHINELOGENTRY, client-003637AF6369, cid=42-writeStateMachineData
	at org.apache.ratis.util.IOUtils.getFromFuture(IOUtils.java:87)
	at org.apache.ratis.server.raftlog.segmented.SegmentedRaftLogWorker$StateMachineDataPolicy.getFromFuture(SegmentedRaftLogWorker.java:87)
	at org.apache.ratis.server.raftlog.segmented.SegmentedRaftLogWorker$WriteLog.execute(SegmentedRaftLogWorker.java:477)
	at org.apache.ratis.server.raftlog.segmented.SegmentedRaftLogWorker.run(SegmentedRaftLogWorker.java:289)
	at java.lang.Thread.run(Thread.java:748)
Caused by: java.util.concurrent.TimeoutException
	at java.util.concurrent.CompletableFuture.timedGet(CompletableFuture.java:1771)
	at java.util.concurrent.CompletableFuture.get(CompletableFuture.java:1915)
	at org.apache.ratis.util.IOUtils.getFromFuture(IOUtils.java:79)
	... 4 more
2019-09-11 06:33:06,388 [fbfdc5e7-35fe-4dec-93a8-24c91dabe6d4@group-B428A23D2245-SegmentedRaftLogWorker] WARN  segmented.SegmentedRaftLogWorker (SegmentedRaftLogWorker.java:getFromFuture(90)) - Timeout 10/~
org.apache.ratis.protocol.TimeoutIOException: Timeout 10s: WriteLog:7: (t:1, i:7), STATEMACHINELOGENTRY, client-003637AF6369, cid=42-writeStateMachineData
	at org.apache.ratis.util.IOUtils.getFromFuture(IOUtils.java:87)
	at org.apache.ratis.server.raftlog.segmented.SegmentedRaftLogWorker$StateMachineDataPolicy.getFromFuture(SegmentedRaftLogWorker.java:87)
	at org.apache.ratis.server.raftlog.segmented.SegmentedRaftLogWorker$WriteLog.execute(SegmentedRaftLogWorker.java:477)
	at org.apache.ratis.server.raftlog.segmented.SegmentedRaftLogWorker.run(SegmentedRaftLogWorker.java:289)
	at java.lang.Thread.run(Thread.java:748)
Caused by: java.util.concurrent.TimeoutException
	at java.util.concurrent.CompletableFuture.timedGet(CompletableFuture.java:1771)
	at java.util.concurrent.CompletableFuture.get(CompletableFuture.java:1915)
	at org.apache.ratis.util.IOUtils.getFromFuture(IOUtils.java:79)
	... 4 more
2019-09-11 06:33:06,492 [16d0fe26-9857-4477-8b2c-205100b6d095@group-B428A23D2245-SegmentedRaftLogWorker] WARN  segmented.SegmentedRaftLogWorker (SegmentedRaftLogWorker.java:getFromFuture(90)) - Timeout 10/~
org.apache.ratis.protocol.TimeoutIOException: Timeout 10s: WriteLog:10: (t:1, i:10), STATEMACHINELOGENTRY, client-003637AF6369, cid=45-writeStateMachineData
	at org.apache.ratis.util.IOUtils.getFromFuture(IOUtils.java:87)
	at org.apache.ratis.server.raftlog.segmented.SegmentedRaftLogWorker$StateMachineDataPolicy.getFromFuture(SegmentedRaftLogWorker.java:87)
	at org.apache.ratis.server.raftlog.segmented.SegmentedRaftLogWorker$WriteLog.execute(SegmentedRaftLogWorker.java:477)
	at org.apache.ratis.server.raftlog.segmented.SegmentedRaftLogWorker.run(SegmentedRaftLogWorker.java:289)
	at java.lang.Thread.run(Thread.java:748)
Caused by: java.util.concurrent.TimeoutException
	at java.util.concurrent.CompletableFuture.timedGet(CompletableFuture.java:1771)
	at java.util.concurrent.CompletableFuture.get(CompletableFuture.java:1915)
	at org.apache.ratis.util.IOUtils.getFromFuture(IOUtils.java:79)
	... 4 more
2019-09-11 06:33:06,895 [java.util.concurrent.ThreadPoolExecutor$Worker@2eb904fc[State = -1, empty queue]] WARN  server.GrpcLogAppender (GrpcLogAppender.java:timeoutAppendRequest(200)) - 16d0fe26-9857-4477-8b2c-205100b6d095@group-B428A23D2245->fbfdc5e7-35fe-4dec-93a8-24c91dabe6d4-GrpcLogAppender: appendEntries Timeout, request=16d0fe26-9857-4477-8b2c-205100b6d095->fbfdc5e7-35fe-4dec-93a8-24c91dabe6d4#56-t1, previous=(t:1, i:12), leaderCommit=6, initializing? false, entries: <empty>
2019-09-11 06:33:06,895 [java.util.concurrent.ThreadPoolExecutor$Worker@550fe58d[State = -1, empty queue]] WARN  server.GrpcLogAppender (GrpcLogAppender.java:timeoutAppendRequest(200)) - 16d0fe26-9857-4477-8b2c-205100b6d095@group-B428A23D2245->b3ae6e77-09f2-43a9-bb74-0baf269e9625-GrpcLogAppender: appendEntries Timeout, request=16d0fe26-9857-4477-8b2c-205100b6d095->b3ae6e77-09f2-43a9-bb74-0baf269e9625#56-t1, previous=(t:1, i:12), leaderCommit=6, initializing? false, entries: <empty>
2019-09-11 06:33:07,311 [grpc-default-executor-7] INFO  client.GrpcClientProtocolClient (GrpcClientProtocolClient.java:onNext(264)) - client-003637AF6369->b3ae6e77-09f2-43a9-bb74-0baf269e9625: receive RaftClientReply:client-003637AF6369->b3ae6e77-09f2-43a9-bb74-0baf269e9625@group-B428A23D2245, cid=42, FAILED org.apache.ratis.protocol.NotLeaderException: Server b3ae6e77-09f2-43a9-bb74-0baf269e9625@group-B428A23D2245 is not the leader 16d0fe26-9857-4477-8b2c-205100b6d095:192.168.36.125:33180, logIndex=0, commits[b3ae6e77-09f2-43a9-bb74-0baf269e9625:c6, 16d0fe26-9857-4477-8b2c-205100b6d095:c6, fbfdc5e7-35fe-4dec-93a8-24c91dabe6d4:c4]
2019-09-11 06:33:09,395 [java.util.concurrent.ThreadPoolExecutor$Worker@2eb904fc[State = -1, empty queue]] WARN  server.GrpcLogAppender (GrpcLogAppender.java:timeoutAppendRequest(200)) - 16d0fe26-9857-4477-8b2c-205100b6d095@group-B428A23D2245->fbfdc5e7-35fe-4dec-93a8-24c91dabe6d4-GrpcLogAppender: appendEntries Timeout, request=16d0fe26-9857-4477-8b2c-205100b6d095->fbfdc5e7-35fe-4dec-93a8-24c91dabe6d4#57-t1, previous=(t:1, i:12), leaderCommit=6, initializing? false, entries: <empty>
2019-09-11 06:33:09,395 [java.util.concurrent.ThreadPoolExecutor$Worker@550fe58d[State = -1, empty queue]] WARN  server.GrpcLogAppender (GrpcLogAppender.java:timeoutAppendRequest(200)) - 16d0fe26-9857-4477-8b2c-205100b6d095@group-B428A23D2245->b3ae6e77-09f2-43a9-bb74-0baf269e9625-GrpcLogAppender: appendEntries Timeout, request=16d0fe26-9857-4477-8b2c-205100b6d095->b3ae6e77-09f2-43a9-bb74-0baf269e9625#57-t1, previous=(t:1, i:12), leaderCommit=6, initializing? false, entries: <empty>
2019-09-11 06:33:11,895 [java.util.concurrent.ThreadPoolExecutor$Worker@550fe58d[State = -1, empty queue]] WARN  server.GrpcLogAppender (GrpcLogAppender.java:timeoutAppendRequest(200)) - 16d0fe26-9857-4477-8b2c-205100b6d095@group-B428A23D2245->b3ae6e77-09f2-43a9-bb74-0baf269e9625-GrpcLogAppender: appendEntries Timeout, request=16d0fe26-9857-4477-8b2c-205100b6d095->b3ae6e77-09f2-43a9-bb74-0baf269e9625#58-t1, previous=(t:1, i:12), leaderCommit=6, initializing? false, entries: <empty>
2019-09-11 06:33:11,895 [java.util.concurrent.ThreadPoolExecutor$Worker@2eb904fc[State = -1, empty queue]] WARN  server.GrpcLogAppender (GrpcLogAppender.java:timeoutAppendRequest(200)) - 16d0fe26-9857-4477-8b2c-205100b6d095@group-B428A23D2245->fbfdc5e7-35fe-4dec-93a8-24c91dabe6d4-GrpcLogAppender: appendEntries Timeout, request=16d0fe26-9857-4477-8b2c-205100b6d095->fbfdc5e7-35fe-4dec-93a8-24c91dabe6d4#58-t1, previous=(t:1, i:12), leaderCommit=6, initializing? false, entries: <empty>
2019-09-11 06:33:12,371 [grpc-default-executor-7] INFO  client.GrpcClientProtocolClient (GrpcClientProtocolClient.java:onNext(264)) - client-003637AF6369->fbfdc5e7-35fe-4dec-93a8-24c91dabe6d4: receive RaftClientReply:client-003637AF6369->fbfdc5e7-35fe-4dec-93a8-24c91dabe6d4@group-B428A23D2245, cid=42, FAILED org.apache.ratis.protocol.NotLeaderException: Server fbfdc5e7-35fe-4dec-93a8-24c91dabe6d4@group-B428A23D2245 is not the leader 16d0fe26-9857-4477-8b2c-205100b6d095:192.168.36.125:33180, logIndex=0, commits[fbfdc5e7-35fe-4dec-93a8-24c91dabe6d4:c6, b3ae6e77-09f2-43a9-bb74-0baf269e9625:c4, 16d0fe26-9857-4477-8b2c-205100b6d095:c6]
2019-09-11 06:33:14,396 [java.util.concurrent.ThreadPoolExecutor$Worker@2eb904fc[State = -1, empty queue]] WARN  server.GrpcLogAppender (GrpcLogAppender.java:timeoutAppendRequest(200)) - 16d0fe26-9857-4477-8b2c-205100b6d095@group-B428A23D2245->fbfdc5e7-35fe-4dec-93a8-24c91dabe6d4-GrpcLogAppender: appendEntries Timeout, request=16d0fe26-9857-4477-8b2c-205100b6d095->fbfdc5e7-35fe-4dec-93a8-24c91dabe6d4#59-t1, previous=(t:1, i:12), leaderCommit=6, initializing? false, entries: <empty>
2019-09-11 06:33:14,396 [java.util.concurrent.ThreadPoolExecutor$Worker@550fe58d[State = -1, empty queue]] WARN  server.GrpcLogAppender (GrpcLogAppender.java:timeoutAppendRequest(200)) - 16d0fe26-9857-4477-8b2c-205100b6d095@group-B428A23D2245->b3ae6e77-09f2-43a9-bb74-0baf269e9625-GrpcLogAppender: appendEntries Timeout, request=16d0fe26-9857-4477-8b2c-205100b6d095->b3ae6e77-09f2-43a9-bb74-0baf269e9625#59-t1, previous=(t:1, i:12), leaderCommit=6, initializing? false, entries: <empty>
2019-09-11 06:33:16,365 [b3ae6e77-09f2-43a9-bb74-0baf269e9625@group-B428A23D2245-SegmentedRaftLogWorker] WARN  segmented.SegmentedRaftLogWorker (SegmentedRaftLogWorker.java:getFromFuture(90)) - Timeout 11/~
org.apache.ratis.protocol.TimeoutIOException: Timeout 10s: WriteLog:7: (t:1, i:7), STATEMACHINELOGENTRY, client-003637AF6369, cid=42-writeStateMachineData
	at org.apache.ratis.util.IOUtils.getFromFuture(IOUtils.java:87)
	at org.apache.ratis.server.raftlog.segmented.SegmentedRaftLogWorker$StateMachineDataPolicy.getFromFuture(SegmentedRaftLogWorker.java:87)
	at org.apache.ratis.server.raftlog.segmented.SegmentedRaftLogWorker$WriteLog.execute(SegmentedRaftLogWorker.java:477)
	at org.apache.ratis.server.raftlog.segmented.SegmentedRaftLogWorker.run(SegmentedRaftLogWorker.java:289)
	at java.lang.Thread.run(Thread.java:748)
Caused by: java.util.concurrent.TimeoutException
	at java.util.concurrent.CompletableFuture.timedGet(CompletableFuture.java:1771)
	at java.util.concurrent.CompletableFuture.get(CompletableFuture.java:1915)
	at org.apache.ratis.util.IOUtils.getFromFuture(IOUtils.java:79)
	... 4 more
2019-09-11 06:33:16,393 [fbfdc5e7-35fe-4dec-93a8-24c91dabe6d4@group-B428A23D2245-SegmentedRaftLogWorker] WARN  segmented.SegmentedRaftLogWorker (SegmentedRaftLogWorker.java:getFromFuture(90)) - Timeout 11/~
org.apache.ratis.protocol.TimeoutIOException: Timeout 10s: WriteLog:7: (t:1, i:7), STATEMACHINELOGENTRY, client-003637AF6369, cid=42-writeStateMachineData
	at org.apache.ratis.util.IOUtils.getFromFuture(IOUtils.java:87)
	at org.apache.ratis.server.raftlog.segmented.SegmentedRaftLogWorker$StateMachineDataPolicy.getFromFuture(SegmentedRaftLogWorker.java:87)
	at org.apache.ratis.server.raftlog.segmented.SegmentedRaftLogWorker$WriteLog.execute(SegmentedRaftLogWorker.java:477)
	at org.apache.ratis.server.raftlog.segmented.SegmentedRaftLogWorker.run(SegmentedRaftLogWorker.java:289)
	at java.lang.Thread.run(Thread.java:748)
Caused by: java.util.concurrent.TimeoutException
	at java.util.concurrent.CompletableFuture.timedGet(CompletableFuture.java:1771)
	at java.util.concurrent.CompletableFuture.get(CompletableFuture.java:1915)
	at org.apache.ratis.util.IOUtils.getFromFuture(IOUtils.java:79)
	... 4 more
2019-09-11 06:33:16,403 [org.apache.ratis.server.impl.LogAppender$AppenderDaemon$$Lambda$521/1122258981@132a2d3e] ERROR ratis.XceiverServerRatis (XceiverServerRatis.java:triggerPipelineClose(568)) - pipeline Action CLOSE  on pipeline PipelineID=1b05caeb-6612-4f13-8732-b428a23d2245.Reason : 16d0fe26-9857-4477-8b2c-205100b6d095 has not seen follower/s b3ae6e77-09f2-43a9-bb74-0baf269e9625 for 120125ms fbfdc5e7-35fe-4dec-93a8-24c91dabe6d4 for 120126ms
2019-09-11 06:33:16,403 [org.apache.ratis.server.impl.LogAppender$AppenderDaemon$$Lambda$521/1122258981@502175d1] ERROR ratis.XceiverServerRatis (XceiverServerRatis.java:triggerPipelineClose(568)) - pipeline Action CLOSE  on pipeline PipelineID=1b05caeb-6612-4f13-8732-b428a23d2245.Reason : 16d0fe26-9857-4477-8b2c-205100b6d095 has not seen follower/s b3ae6e77-09f2-43a9-bb74-0baf269e9625 for 120125ms fbfdc5e7-35fe-4dec-93a8-24c91dabe6d4 for 120126ms
2019-09-11 06:33:16,493 [16d0fe26-9857-4477-8b2c-205100b6d095@group-B428A23D2245-SegmentedRaftLogWorker] WARN  segmented.SegmentedRaftLogWorker (SegmentedRaftLogWorker.java:getFromFuture(90)) - Timeout 11/~
org.apache.ratis.protocol.TimeoutIOException: Timeout 10s: WriteLog:10: (t:1, i:10), STATEMACHINELOGENTRY, client-003637AF6369, cid=45-writeStateMachineData
	at org.apache.ratis.util.IOUtils.getFromFuture(IOUtils.java:87)
	at org.apache.ratis.server.raftlog.segmented.SegmentedRaftLogWorker$StateMachineDataPolicy.getFromFuture(SegmentedRaftLogWorker.java:87)
	at org.apache.ratis.server.raftlog.segmented.SegmentedRaftLogWorker$WriteLog.execute(SegmentedRaftLogWorker.java:477)
	at org.apache.ratis.server.raftlog.segmented.SegmentedRaftLogWorker.run(SegmentedRaftLogWorker.java:289)
	at java.lang.Thread.run(Thread.java:748)
Caused by: java.util.concurrent.TimeoutException
	at java.util.concurrent.CompletableFuture.timedGet(CompletableFuture.java:1771)
	at java.util.concurrent.CompletableFuture.get(CompletableFuture.java:1915)
	at org.apache.ratis.util.IOUtils.getFromFuture(IOUtils.java:79)
	... 4 more
2019-09-11 06:33:16,544 [EventQueue-PipelineActionsForPipelineActionHandler] ERROR pipeline.PipelineActionHandler (PipelineActionHandler.java:onMessage(60)) - Received pipeline action CLOSE for Pipeline[ Id: 1b05caeb-6612-4f13-8732-b428a23d2245, Nodes: b3ae6e77-09f2-43a9-bb74-0baf269e9625{ip: 192.168.36.125, host: trunk-nightly-20190911-vpfxm-1000144475, networkLocation: /default-rack, certSerialId: null}fbfdc5e7-35fe-4dec-93a8-24c91dabe6d4{ip: 192.168.36.125, host: trunk-nightly-20190911-vpfxm-1000144475, networkLocation: /default-rack, certSerialId: null}16d0fe26-9857-4477-8b2c-205100b6d095{ip: 192.168.36.125, host: trunk-nightly-20190911-vpfxm-1000144475, networkLocation: /default-rack, certSerialId: null}, Type:RATIS, Factor:THREE, State:OPEN] from datanode 16d0fe26-9857-4477-8b2c-205100b6d095{ip: 192.168.36.125, host: trunk-nightly-20190911-vpfxm-1000144475, networkLocation: /default-rack, certSerialId: null}. Reason : 16d0fe26-9857-4477-8b2c-205100b6d095 has not seen follower/s b3ae6e77-09f2-43a9-bb74-0baf269e9625 for 120125ms fbfdc5e7-35fe-4dec-93a8-24c91dabe6d4 for 120126ms
2019-09-11 06:33:16,544 [EventQueue-PipelineActionsForPipelineActionHandler] INFO  pipeline.SCMPipelineManager (SCMPipelineManager.java:finalizeAndDestroyPipeline(311)) - destroying pipeline:Pipeline[ Id: 1b05caeb-6612-4f13-8732-b428a23d2245, Nodes: b3ae6e77-09f2-43a9-bb74-0baf269e9625{ip: 192.168.36.125, host: trunk-nightly-20190911-vpfxm-1000144475, networkLocation: /default-rack, certSerialId: null}fbfdc5e7-35fe-4dec-93a8-24c91dabe6d4{ip: 192.168.36.125, host: trunk-nightly-20190911-vpfxm-1000144475, networkLocation: /default-rack, certSerialId: null}16d0fe26-9857-4477-8b2c-205100b6d095{ip: 192.168.36.125, host: trunk-nightly-20190911-vpfxm-1000144475, networkLocation: /default-rack, certSerialId: null}, Type:RATIS, Factor:THREE, State:OPEN]
2019-09-11 06:33:16,544 [EventQueue-PipelineActionsForPipelineActionHandler] INFO  pipeline.PipelineStateManager (PipelineStateManager.java:finalizePipeline(123)) - Pipeline Pipeline[ Id: 1b05caeb-6612-4f13-8732-b428a23d2245, Nodes: b3ae6e77-09f2-43a9-bb74-0baf269e9625{ip: 192.168.36.125, host: trunk-nightly-20190911-vpfxm-1000144475, networkLocation: /default-rack, certSerialId: null}fbfdc5e7-35fe-4dec-93a8-24c91dabe6d4{ip: 192.168.36.125, host: trunk-nightly-20190911-vpfxm-1000144475, networkLocation: /default-rack, certSerialId: null}16d0fe26-9857-4477-8b2c-205100b6d095{ip: 192.168.36.125, host: trunk-nightly-20190911-vpfxm-1000144475, networkLocation: /default-rack, certSerialId: null}, Type:RATIS, Factor:THREE, State:CLOSED] moved to CLOSED state
2019-09-11 06:33:16,545 [EventQueue-CloseContainerForCloseContainerEventHandler] INFO  container.CloseContainerEventHandler (CloseContainerEventHandler.java:onMessage(61)) - Close container Event triggered for container : #4
2019-09-11 06:33:16,546 [EventQueue-CloseContainerForCloseContainerEventHandler] INFO  container.CloseContainerEventHandler (CloseContainerEventHandler.java:onMessage(61)) - Close container Event triggered for container : #5
2019-09-11 06:33:16,897 [java.util.concurrent.ThreadPoolExecutor$Worker@2eb904fc[State = -1, empty queue]] WARN  server.GrpcLogAppender (GrpcLogAppender.java:timeoutAppendRequest(200)) - 16d0fe26-9857-4477-8b2c-205100b6d095@group-B428A23D2245->fbfdc5e7-35fe-4dec-93a8-24c91dabe6d4-GrpcLogAppender: appendEntries Timeout, request=16d0fe26-9857-4477-8b2c-205100b6d095->fbfdc5e7-35fe-4dec-93a8-24c91dabe6d4#60-t1, previous=(t:1, i:12), leaderCommit=6, initializing? false, entries: <empty>
2019-09-11 06:33:16,897 [java.util.concurrent.ThreadPoolExecutor$Worker@550fe58d[State = -1, empty queue]] WARN  server.GrpcLogAppender (GrpcLogAppender.java:timeoutAppendRequest(200)) - 16d0fe26-9857-4477-8b2c-205100b6d095@group-B428A23D2245->b3ae6e77-09f2-43a9-bb74-0baf269e9625-GrpcLogAppender: appendEntries Timeout, request=16d0fe26-9857-4477-8b2c-205100b6d095->b3ae6e77-09f2-43a9-bb74-0baf269e9625#60-t1, previous=(t:1, i:12), leaderCommit=6, initializing? false, entries: <empty>
2019-09-11 06:33:17,421 [grpc-default-executor-5] INFO  client.GrpcClientProtocolClient (GrpcClientProtocolClient.java:onNext(264)) - client-003637AF6369->fbfdc5e7-35fe-4dec-93a8-24c91dabe6d4: receive RaftClientReply:client-003637AF6369->fbfdc5e7-35fe-4dec-93a8-24c91dabe6d4@group-B428A23D2245, cid=42, FAILED org.apache.ratis.protocol.NotLeaderException: Server fbfdc5e7-35fe-4dec-93a8-24c91dabe6d4@group-B428A23D2245 is not the leader 16d0fe26-9857-4477-8b2c-205100b6d095:192.168.36.125:33180, logIndex=0, commits[fbfdc5e7-35fe-4dec-93a8-24c91dabe6d4:c6, b3ae6e77-09f2-43a9-bb74-0baf269e9625:c4, 16d0fe26-9857-4477-8b2c-205100b6d095:c6]
2019-09-11 06:33:18,897 [org.apache.ratis.server.impl.LogAppender$AppenderDaemon$$Lambda$521/1122258981@132a2d3e] ERROR ratis.XceiverServerRatis (XceiverServerRatis.java:triggerPipelineClose(568)) - pipeline Action CLOSE  on pipeline PipelineID=1b05caeb-6612-4f13-8732-b428a23d2245.Reason : 16d0fe26-9857-4477-8b2c-205100b6d095 has not seen follower/s b3ae6e77-09f2-43a9-bb74-0baf269e9625 for 122626ms fbfdc5e7-35fe-4dec-93a8-24c91dabe6d4 for 122626ms
2019-09-11 06:33:18,898 [org.apache.ratis.server.impl.LogAppender$AppenderDaemon$$Lambda$521/1122258981@502175d1] ERROR ratis.XceiverServerRatis (XceiverServerRatis.java:triggerPipelineClose(568)) - pipeline Action CLOSE  on pipeline PipelineID=1b05caeb-6612-4f13-8732-b428a23d2245.Reason : 16d0fe26-9857-4477-8b2c-205100b6d095 has not seen follower/s b3ae6e77-09f2-43a9-bb74-0baf269e9625 for 122626ms fbfdc5e7-35fe-4dec-93a8-24c91dabe6d4 for 122626ms
2019-09-11 06:33:19,397 [java.util.concurrent.ThreadPoolExecutor$Worker@2eb904fc[State = -1, empty queue]] WARN  server.GrpcLogAppender (GrpcLogAppender.java:timeoutAppendRequest(200)) - 16d0fe26-9857-4477-8b2c-205100b6d095@group-B428A23D2245->fbfdc5e7-35fe-4dec-93a8-24c91dabe6d4-GrpcLogAppender: appendEntries Timeout, request=16d0fe26-9857-4477-8b2c-205100b6d095->fbfdc5e7-35fe-4dec-93a8-24c91dabe6d4#61-t1, previous=(t:1, i:12), leaderCommit=6, initializing? false, entries: <empty>
2019-09-11 06:33:19,397 [java.util.concurrent.ThreadPoolExecutor$Worker@550fe58d[State = -1, empty queue]] WARN  server.GrpcLogAppender (GrpcLogAppender.java:timeoutAppendRequest(200)) - 16d0fe26-9857-4477-8b2c-205100b6d095@group-B428A23D2245->b3ae6e77-09f2-43a9-bb74-0baf269e9625-GrpcLogAppender: appendEntries Timeout, request=16d0fe26-9857-4477-8b2c-205100b6d095->b3ae6e77-09f2-43a9-bb74-0baf269e9625#61-t1, previous=(t:1, i:12), leaderCommit=6, initializing? false, entries: <empty>
2019-09-11 06:33:19,543 [EventQueue-PipelineActionsForPipelineActionHandler] ERROR pipeline.PipelineActionHandler (PipelineActionHandler.java:onMessage(60)) - Received pipeline action CLOSE for Pipeline[ Id: 1b05caeb-6612-4f13-8732-b428a23d2245, Nodes: b3ae6e77-09f2-43a9-bb74-0baf269e9625{ip: 192.168.36.125, host: trunk-nightly-20190911-vpfxm-1000144475, networkLocation: /default-rack, certSerialId: null}fbfdc5e7-35fe-4dec-93a8-24c91dabe6d4{ip: 192.168.36.125, host: trunk-nightly-20190911-vpfxm-1000144475, networkLocation: /default-rack, certSerialId: null}16d0fe26-9857-4477-8b2c-205100b6d095{ip: 192.168.36.125, host: trunk-nightly-20190911-vpfxm-1000144475, networkLocation: /default-rack, certSerialId: null}, Type:RATIS, Factor:THREE, State:CLOSED] from datanode 16d0fe26-9857-4477-8b2c-205100b6d095{ip: 192.168.36.125, host: trunk-nightly-20190911-vpfxm-1000144475, networkLocation: /default-rack, certSerialId: null}. Reason : 16d0fe26-9857-4477-8b2c-205100b6d095 has not seen follower/s b3ae6e77-09f2-43a9-bb74-0baf269e9625 for 122626ms fbfdc5e7-35fe-4dec-93a8-24c91dabe6d4 for 122626ms
2019-09-11 06:33:19,544 [EventQueue-PipelineActionsForPipelineActionHandler] INFO  pipeline.SCMPipelineManager (SCMPipelineManager.java:finalizeAndDestroyPipeline(311)) - destroying pipeline:Pipeline[ Id: 1b05caeb-6612-4f13-8732-b428a23d2245, Nodes: b3ae6e77-09f2-43a9-bb74-0baf269e9625{ip: 192.168.36.125, host: trunk-nightly-20190911-vpfxm-1000144475, networkLocation: /default-rack, certSerialId: null}fbfdc5e7-35fe-4dec-93a8-24c91dabe6d4{ip: 192.168.36.125, host: trunk-nightly-20190911-vpfxm-1000144475, networkLocation: /default-rack, certSerialId: null}16d0fe26-9857-4477-8b2c-205100b6d095{ip: 192.168.36.125, host: trunk-nightly-20190911-vpfxm-1000144475, networkLocation: /default-rack, certSerialId: null}, Type:RATIS, Factor:THREE, State:CLOSED]
2019-09-11 06:33:19,560 [org.apache.ratis.server.impl.LogAppender$AppenderDaemon$$Lambda$521/1122258981@502175d1] ERROR ratis.XceiverServerRatis (XceiverServerRatis.java:triggerPipelineClose(568)) - pipeline Action CLOSE  on pipeline PipelineID=1b05caeb-6612-4f13-8732-b428a23d2245.Reason : 16d0fe26-9857-4477-8b2c-205100b6d095 has not seen follower/s b3ae6e77-09f2-43a9-bb74-0baf269e9625 for 123288ms fbfdc5e7-35fe-4dec-93a8-24c91dabe6d4 for 123288ms
2019-09-11 06:33:19,560 [org.apache.ratis.server.impl.LogAppender$AppenderDaemon$$Lambda$521/1122258981@132a2d3e] ERROR ratis.XceiverServerRatis (XceiverServerRatis.java:triggerPipelineClose(568)) - pipeline Action CLOSE  on pipeline PipelineID=1b05caeb-6612-4f13-8732-b428a23d2245.Reason : 16d0fe26-9857-4477-8b2c-205100b6d095 has not seen follower/s b3ae6e77-09f2-43a9-bb74-0baf269e9625 for 123288ms fbfdc5e7-35fe-4dec-93a8-24c91dabe6d4 for 123288ms
2019-09-11 06:33:20,559 [EventQueue-PipelineActionsForPipelineActionHandler] ERROR pipeline.PipelineActionHandler (PipelineActionHandler.java:onMessage(60)) - Received pipeline action CLOSE for Pipeline[ Id: 1b05caeb-6612-4f13-8732-b428a23d2245, Nodes: b3ae6e77-09f2-43a9-bb74-0baf269e9625{ip: 192.168.36.125, host: trunk-nightly-20190911-vpfxm-1000144475, networkLocation: /default-rack, certSerialId: null}fbfdc5e7-35fe-4dec-93a8-24c91dabe6d4{ip: 192.168.36.125, host: trunk-nightly-20190911-vpfxm-1000144475, networkLocation: /default-rack, certSerialId: null}16d0fe26-9857-4477-8b2c-205100b6d095{ip: 192.168.36.125, host: trunk-nightly-20190911-vpfxm-1000144475, networkLocation: /default-rack, certSerialId: null}, Type:RATIS, Factor:THREE, State:CLOSED] from datanode 16d0fe26-9857-4477-8b2c-205100b6d095{ip: 192.168.36.125, host: trunk-nightly-20190911-vpfxm-1000144475, networkLocation: /default-rack, certSerialId: null}. Reason : 16d0fe26-9857-4477-8b2c-205100b6d095 has not seen follower/s b3ae6e77-09f2-43a9-bb74-0baf269e9625 for 123288ms fbfdc5e7-35fe-4dec-93a8-24c91dabe6d4 for 123288ms
2019-09-11 06:33:20,559 [EventQueue-PipelineActionsForPipelineActionHandler] INFO  pipeline.SCMPipelineManager (SCMPipelineManager.java:finalizeAndDestroyPipeline(311)) - destroying pipeline:Pipeline[ Id: 1b05caeb-6612-4f13-8732-b428a23d2245, Nodes: b3ae6e77-09f2-43a9-bb74-0baf269e9625{ip: 192.168.36.125, host: trunk-nightly-20190911-vpfxm-1000144475, networkLocation: /default-rack, certSerialId: null}fbfdc5e7-35fe-4dec-93a8-24c91dabe6d4{ip: 192.168.36.125, host: trunk-nightly-20190911-vpfxm-1000144475, networkLocation: /default-rack, certSerialId: null}16d0fe26-9857-4477-8b2c-205100b6d095{ip: 192.168.36.125, host: trunk-nightly-20190911-vpfxm-1000144475, networkLocation: /default-rack, certSerialId: null}, Type:RATIS, Factor:THREE, State:CLOSED]
2019-09-11 06:33:21,897 [java.util.concurrent.ThreadPoolExecutor$Worker@2eb904fc[State = -1, empty queue]] WARN  server.GrpcLogAppender (GrpcLogAppender.java:timeoutAppendRequest(200)) - 16d0fe26-9857-4477-8b2c-205100b6d095@group-B428A23D2245->fbfdc5e7-35fe-4dec-93a8-24c91dabe6d4-GrpcLogAppender: appendEntries Timeout, request=16d0fe26-9857-4477-8b2c-205100b6d095->fbfdc5e7-35fe-4dec-93a8-24c91dabe6d4#62-t1, previous=(t:1, i:12), leaderCommit=6, initializing? false, entries: <empty>
2019-09-11 06:33:21,898 [java.util.concurrent.ThreadPoolExecutor$Worker@550fe58d[State = -1, empty queue]] WARN  server.GrpcLogAppender (GrpcLogAppender.java:timeoutAppendRequest(200)) - 16d0fe26-9857-4477-8b2c-205100b6d095@group-B428A23D2245->b3ae6e77-09f2-43a9-bb74-0baf269e9625-GrpcLogAppender: appendEntries Timeout, request=16d0fe26-9857-4477-8b2c-205100b6d095->b3ae6e77-09f2-43a9-bb74-0baf269e9625#62-t1, previous=(t:1, i:12), leaderCommit=6, initializing? false, entries: <empty>
2019-09-11 06:33:22,061 [org.apache.ratis.server.impl.LogAppender$AppenderDaemon$$Lambda$521/1122258981@502175d1] ERROR ratis.XceiverServerRatis (XceiverServerRatis.java:triggerPipelineClose(568)) - pipeline Action CLOSE  on pipeline PipelineID=1b05caeb-6612-4f13-8732-b428a23d2245.Reason : 16d0fe26-9857-4477-8b2c-205100b6d095 has not seen follower/s b3ae6e77-09f2-43a9-bb74-0baf269e9625 for 125789ms fbfdc5e7-35fe-4dec-93a8-24c91dabe6d4 for 125789ms
2019-09-11 06:33:22,061 [org.apache.ratis.server.impl.LogAppender$AppenderDaemon$$Lambda$521/1122258981@132a2d3e] ERROR ratis.XceiverServerRatis (XceiverServerRatis.java:triggerPipelineClose(568)) - pipeline Action CLOSE  on pipeline PipelineID=1b05caeb-6612-4f13-8732-b428a23d2245.Reason : 16d0fe26-9857-4477-8b2c-205100b6d095 has not seen follower/s b3ae6e77-09f2-43a9-bb74-0baf269e9625 for 125789ms fbfdc5e7-35fe-4dec-93a8-24c91dabe6d4 for 125789ms
2019-09-11 06:33:22,467 [grpc-default-executor-5] INFO  client.GrpcClientProtocolClient (GrpcClientProtocolClient.java:onNext(264)) - client-003637AF6369->fbfdc5e7-35fe-4dec-93a8-24c91dabe6d4: receive RaftClientReply:client-003637AF6369->fbfdc5e7-35fe-4dec-93a8-24c91dabe6d4@group-B428A23D2245, cid=42, FAILED org.apache.ratis.protocol.NotLeaderException: Server fbfdc5e7-35fe-4dec-93a8-24c91dabe6d4@group-B428A23D2245 is not the leader 16d0fe26-9857-4477-8b2c-205100b6d095:192.168.36.125:33180, logIndex=0, commits[fbfdc5e7-35fe-4dec-93a8-24c91dabe6d4:c6, b3ae6e77-09f2-43a9-bb74-0baf269e9625:c4, 16d0fe26-9857-4477-8b2c-205100b6d095:c6]
2019-09-11 06:33:22,559 [EventQueue-PipelineActionsForPipelineActionHandler] ERROR pipeline.PipelineActionHandler (PipelineActionHandler.java:onMessage(60)) - Received pipeline action CLOSE for Pipeline[ Id: 1b05caeb-6612-4f13-8732-b428a23d2245, Nodes: b3ae6e77-09f2-43a9-bb74-0baf269e9625{ip: 192.168.36.125, host: trunk-nightly-20190911-vpfxm-1000144475, networkLocation: /default-rack, certSerialId: null}fbfdc5e7-35fe-4dec-93a8-24c91dabe6d4{ip: 192.168.36.125, host: trunk-nightly-20190911-vpfxm-1000144475, networkLocation: /default-rack, certSerialId: null}16d0fe26-9857-4477-8b2c-205100b6d095{ip: 192.168.36.125, host: trunk-nightly-20190911-vpfxm-1000144475, networkLocation: /default-rack, certSerialId: null}, Type:RATIS, Factor:THREE, State:CLOSED] from datanode 16d0fe26-9857-4477-8b2c-205100b6d095{ip: 192.168.36.125, host: trunk-nightly-20190911-vpfxm-1000144475, networkLocation: /default-rack, certSerialId: null}. Reason : 16d0fe26-9857-4477-8b2c-205100b6d095 has not seen follower/s b3ae6e77-09f2-43a9-bb74-0baf269e9625 for 125789ms fbfdc5e7-35fe-4dec-93a8-24c91dabe6d4 for 125789ms
2019-09-11 06:33:22,559 [EventQueue-PipelineActionsForPipelineActionHandler] INFO  pipeline.SCMPipelineManager (SCMPipelineManager.java:finalizeAndDestroyPipeline(311)) - destroying pipeline:Pipeline[ Id: 1b05caeb-6612-4f13-8732-b428a23d2245, Nodes: b3ae6e77-09f2-43a9-bb74-0baf269e9625{ip: 192.168.36.125, host: trunk-nightly-20190911-vpfxm-1000144475, networkLocation: /default-rack, certSerialId: null}fbfdc5e7-35fe-4dec-93a8-24c91dabe6d4{ip: 192.168.36.125, host: trunk-nightly-20190911-vpfxm-1000144475, networkLocation: /default-rack, certSerialId: null}16d0fe26-9857-4477-8b2c-205100b6d095{ip: 192.168.36.125, host: trunk-nightly-20190911-vpfxm-1000144475, networkLocation: /default-rack, certSerialId: null}, Type:RATIS, Factor:THREE, State:CLOSED]
2019-09-11 06:33:22,560 [java.util.concurrent.ThreadPoolExecutor$Worker@2eb904fc[State = -1, empty queue]] WARN  server.GrpcLogAppender (GrpcLogAppender.java:timeoutAppendRequest(200)) - 16d0fe26-9857-4477-8b2c-205100b6d095@group-B428A23D2245->fbfdc5e7-35fe-4dec-93a8-24c91dabe6d4-GrpcLogAppender: appendEntries Timeout, request=16d0fe26-9857-4477-8b2c-205100b6d095->fbfdc5e7-35fe-4dec-93a8-24c91dabe6d4#63-t1, previous=(t:1, i:12), leaderCommit=6, initializing? false, entries: size=1, first=(t:1, i:13), STATEMACHINELOGENTRY, client-9EC26EBDE3DF, cid=10
2019-09-11 06:33:22,560 [java.util.concurrent.ThreadPoolExecutor$Worker@550fe58d[State = -1, empty queue]] WARN  server.GrpcLogAppender (GrpcLogAppender.java:timeoutAppendRequest(200)) - 16d0fe26-9857-4477-8b2c-205100b6d095@group-B428A23D2245->b3ae6e77-09f2-43a9-bb74-0baf269e9625-GrpcLogAppender: appendEntries Timeout, request=16d0fe26-9857-4477-8b2c-205100b6d095->b3ae6e77-09f2-43a9-bb74-0baf269e9625#63-t1, previous=(t:1, i:12), leaderCommit=6, initializing? false, entries: size=1, first=(t:1, i:13), STATEMACHINELOGENTRY, client-9EC26EBDE3DF, cid=10
2019-09-11 06:33:24,561 [org.apache.ratis.server.impl.LogAppender$AppenderDaemon$$Lambda$521/1122258981@132a2d3e] ERROR ratis.XceiverServerRatis (XceiverServerRatis.java:triggerPipelineClose(568)) - pipeline Action CLOSE  on pipeline PipelineID=1b05caeb-6612-4f13-8732-b428a23d2245.Reason : 16d0fe26-9857-4477-8b2c-205100b6d095 has not seen follower/s b3ae6e77-09f2-43a9-bb74-0baf269e9625 for 128290ms fbfdc5e7-35fe-4dec-93a8-24c91dabe6d4 for 128290ms
2019-09-11 06:33:24,561 [org.apache.ratis.server.impl.LogAppender$AppenderDaemon$$Lambda$521/1122258981@502175d1] ERROR ratis.XceiverServerRatis (XceiverServerRatis.java:triggerPipelineClose(568)) - pipeline Action CLOSE  on pipeline PipelineID=1b05caeb-6612-4f13-8732-b428a23d2245.Reason : 16d0fe26-9857-4477-8b2c-205100b6d095 has not seen follower/s b3ae6e77-09f2-43a9-bb74-0baf269e9625 for 128290ms fbfdc5e7-35fe-4dec-93a8-24c91dabe6d4 for 128290ms
2019-09-11 06:33:25,061 [java.util.concurrent.ThreadPoolExecutor$Worker@2eb904fc[State = -1, empty queue]] WARN  server.GrpcLogAppender (GrpcLogAppender.java:timeoutAppendRequest(200)) - 16d0fe26-9857-4477-8b2c-205100b6d095@group-B428A23D2245->fbfdc5e7-35fe-4dec-93a8-24c91dabe6d4-GrpcLogAppender: appendEntries Timeout, request=16d0fe26-9857-4477-8b2c-205100b6d095->fbfdc5e7-35fe-4dec-93a8-24c91dabe6d4#64-t1, previous=(t:1, i:13), leaderCommit=6, initializing? false, entries: <empty>
2019-09-11 06:33:25,061 [java.util.concurrent.ThreadPoolExecutor$Worker@550fe58d[State = -1, empty queue]] WARN  server.GrpcLogAppender (GrpcLogAppender.java:timeoutAppendRequest(200)) - 16d0fe26-9857-4477-8b2c-205100b6d095@group-B428A23D2245->b3ae6e77-09f2-43a9-bb74-0baf269e9625-GrpcLogAppender: appendEntries Timeout, request=16d0fe26-9857-4477-8b2c-205100b6d095->b3ae6e77-09f2-43a9-bb74-0baf269e9625#64-t1, previous=(t:1, i:13), leaderCommit=6, initializing? false, entries: <empty>
2019-09-11 06:33:25,559 [EventQueue-PipelineActionsForPipelineActionHandler] ERROR pipeline.PipelineActionHandler (PipelineActionHandler.java:onMessage(60)) - Received pipeline action CLOSE for Pipeline[ Id: 1b05caeb-6612-4f13-8732-b428a23d2245, Nodes: b3ae6e77-09f2-43a9-bb74-0baf269e9625{ip: 192.168.36.125, host: trunk-nightly-20190911-vpfxm-1000144475, networkLocation: /default-rack, certSerialId: null}fbfdc5e7-35fe-4dec-93a8-24c91dabe6d4{ip: 192.168.36.125, host: trunk-nightly-20190911-vpfxm-1000144475, networkLocation: /default-rack, certSerialId: null}16d0fe26-9857-4477-8b2c-205100b6d095{ip: 192.168.36.125, host: trunk-nightly-20190911-vpfxm-1000144475, networkLocation: /default-rack, certSerialId: null}, Type:RATIS, Factor:THREE, State:CLOSED] from datanode 16d0fe26-9857-4477-8b2c-205100b6d095{ip: 192.168.36.125, host: trunk-nightly-20190911-vpfxm-1000144475, networkLocation: /default-rack, certSerialId: null}. Reason : 16d0fe26-9857-4477-8b2c-205100b6d095 has not seen follower/s b3ae6e77-09f2-43a9-bb74-0baf269e9625 for 128290ms fbfdc5e7-35fe-4dec-93a8-24c91dabe6d4 for 128290ms
2019-09-11 06:33:25,559 [EventQueue-PipelineActionsForPipelineActionHandler] INFO  pipeline.SCMPipelineManager (SCMPipelineManager.java:finalizeAndDestroyPipeline(311)) - destroying pipeline:Pipeline[ Id: 1b05caeb-6612-4f13-8732-b428a23d2245, Nodes: b3ae6e77-09f2-43a9-bb74-0baf269e9625{ip: 192.168.36.125, host: trunk-nightly-20190911-vpfxm-1000144475, networkLocation: /default-rack, certSerialId: null}fbfdc5e7-35fe-4dec-93a8-24c91dabe6d4{ip: 192.168.36.125, host: trunk-nightly-20190911-vpfxm-1000144475, networkLocation: /default-rack, certSerialId: null}16d0fe26-9857-4477-8b2c-205100b6d095{ip: 192.168.36.125, host: trunk-nightly-20190911-vpfxm-1000144475, networkLocation: /default-rack, certSerialId: null}, Type:RATIS, Factor:THREE, State:CLOSED]
2019-09-11 06:33:26,367 [b3ae6e77-09f2-43a9-bb74-0baf269e9625@group-B428A23D2245-SegmentedRaftLogWorker] WARN  segmented.SegmentedRaftLogWorker (SegmentedRaftLogWorker.java:getFromFuture(90)) - Timeout 12/~
org.apache.ratis.protocol.TimeoutIOException: Timeout 10s: WriteLog:7: (t:1, i:7), STATEMACHINELOGENTRY, client-003637AF6369, cid=42-writeStateMachineData
	at org.apache.ratis.util.IOUtils.getFromFuture(IOUtils.java:87)
	at org.apache.ratis.server.raftlog.segmented.SegmentedRaftLogWorker$StateMachineDataPolicy.getFromFuture(SegmentedRaftLogWorker.java:87)
	at org.apache.ratis.server.raftlog.segmented.SegmentedRaftLogWorker$WriteLog.execute(SegmentedRaftLogWorker.java:477)
	at org.apache.ratis.server.raftlog.segmented.SegmentedRaftLogWorker.run(SegmentedRaftLogWorker.java:289)
	at java.lang.Thread.run(Thread.java:748)
Caused by: java.util.concurrent.TimeoutException
	at java.util.concurrent.CompletableFuture.timedGet(CompletableFuture.java:1771)
	at java.util.concurrent.CompletableFuture.get(CompletableFuture.java:1915)
	at org.apache.ratis.util.IOUtils.getFromFuture(IOUtils.java:79)
	... 4 more
2019-09-11 06:33:26,393 [fbfdc5e7-35fe-4dec-93a8-24c91dabe6d4@group-B428A23D2245-SegmentedRaftLogWorker] WARN  segmented.SegmentedRaftLogWorker (SegmentedRaftLogWorker.java:getFromFuture(90)) - Timeout 12/~
org.apache.ratis.protocol.TimeoutIOException: Timeout 10s: WriteLog:7: (t:1, i:7), STATEMACHINELOGENTRY, client-003637AF6369, cid=42-writeStateMachineData
	at org.apache.ratis.util.IOUtils.getFromFuture(IOUtils.java:87)
	at org.apache.ratis.server.raftlog.segmented.SegmentedRaftLogWorker$StateMachineDataPolicy.getFromFuture(SegmentedRaftLogWorker.java:87)
	at org.apache.ratis.server.raftlog.segmented.SegmentedRaftLogWorker$WriteLog.execute(SegmentedRaftLogWorker.java:477)
	at org.apache.ratis.server.raftlog.segmented.SegmentedRaftLogWorker.run(SegmentedRaftLogWorker.java:289)
	at java.lang.Thread.run(Thread.java:748)
Caused by: java.util.concurrent.TimeoutException
	at java.util.concurrent.CompletableFuture.timedGet(CompletableFuture.java:1771)
	at java.util.concurrent.CompletableFuture.get(CompletableFuture.java:1915)
	at org.apache.ratis.util.IOUtils.getFromFuture(IOUtils.java:79)
	... 4 more
2019-09-11 06:33:26,494 [16d0fe26-9857-4477-8b2c-205100b6d095@group-B428A23D2245-SegmentedRaftLogWorker] WARN  segmented.SegmentedRaftLogWorker (SegmentedRaftLogWorker.java:getFromFuture(90)) - Timeout 12/~
org.apache.ratis.protocol.TimeoutIOException: Timeout 10s: WriteLog:10: (t:1, i:10), STATEMACHINELOGENTRY, client-003637AF6369, cid=45-writeStateMachineData
	at org.apache.ratis.util.IOUtils.getFromFuture(IOUtils.java:87)
	at org.apache.ratis.server.raftlog.segmented.SegmentedRaftLogWorker$StateMachineDataPolicy.getFromFuture(SegmentedRaftLogWorker.java:87)
	at org.apache.ratis.server.raftlog.segmented.SegmentedRaftLogWorker$WriteLog.execute(SegmentedRaftLogWorker.java:477)
	at org.apache.ratis.server.raftlog.segmented.SegmentedRaftLogWorker.run(SegmentedRaftLogWorker.java:289)
	at java.lang.Thread.run(Thread.java:748)
Caused by: java.util.concurrent.TimeoutException
	at java.util.concurrent.CompletableFuture.timedGet(CompletableFuture.java:1771)
	at java.util.concurrent.CompletableFuture.get(CompletableFuture.java:1915)
	at org.apache.ratis.util.IOUtils.getFromFuture(IOUtils.java:79)
	... 4 more
2019-09-11 06:33:27,062 [org.apache.ratis.server.impl.LogAppender$AppenderDaemon$$Lambda$521/1122258981@132a2d3e] ERROR ratis.XceiverServerRatis (XceiverServerRatis.java:triggerPipelineClose(568)) - pipeline Action CLOSE  on pipeline PipelineID=1b05caeb-6612-4f13-8732-b428a23d2245.Reason : 16d0fe26-9857-4477-8b2c-205100b6d095 has not seen follower/s b3ae6e77-09f2-43a9-bb74-0baf269e9625 for 130790ms fbfdc5e7-35fe-4dec-93a8-24c91dabe6d4 for 130791ms
2019-09-11 06:33:27,062 [org.apache.ratis.server.impl.LogAppender$AppenderDaemon$$Lambda$521/1122258981@502175d1] ERROR ratis.XceiverServerRatis (XceiverServerRatis.java:triggerPipelineClose(568)) - pipeline Action CLOSE  on pipeline PipelineID=1b05caeb-6612-4f13-8732-b428a23d2245.Reason : 16d0fe26-9857-4477-8b2c-205100b6d095 has not seen follower/s b3ae6e77-09f2-43a9-bb74-0baf269e9625 for 130790ms fbfdc5e7-35fe-4dec-93a8-24c91dabe6d4 for 130791ms
2019-09-11 06:33:27,498 [grpc-default-executor-5] INFO  client.GrpcClientProtocolClient (GrpcClientProtocolClient.java:onNext(264)) - client-003637AF6369->fbfdc5e7-35fe-4dec-93a8-24c91dabe6d4: receive RaftClientReply:client-003637AF6369->fbfdc5e7-35fe-4dec-93a8-24c91dabe6d4@group-B428A23D2245, cid=42, FAILED org.apache.ratis.protocol.NotLeaderException: Server fbfdc5e7-35fe-4dec-93a8-24c91dabe6d4@group-B428A23D2245 is not the leader 16d0fe26-9857-4477-8b2c-205100b6d095:192.168.36.125:33180, logIndex=0, commits[fbfdc5e7-35fe-4dec-93a8-24c91dabe6d4:c6, b3ae6e77-09f2-43a9-bb74-0baf269e9625:c4, 16d0fe26-9857-4477-8b2c-205100b6d095:c6]
2019-09-11 06:33:27,558 [EventQueue-PipelineActionsForPipelineActionHandler] ERROR pipeline.PipelineActionHandler (PipelineActionHandler.java:onMessage(60)) - Received pipeline action CLOSE for Pipeline[ Id: 1b05caeb-6612-4f13-8732-b428a23d2245, Nodes: b3ae6e77-09f2-43a9-bb74-0baf269e9625{ip: 192.168.36.125, host: trunk-nightly-20190911-vpfxm-1000144475, networkLocation: /default-rack, certSerialId: null}fbfdc5e7-35fe-4dec-93a8-24c91dabe6d4{ip: 192.168.36.125, host: trunk-nightly-20190911-vpfxm-1000144475, networkLocation: /default-rack, certSerialId: null}16d0fe26-9857-4477-8b2c-205100b6d095{ip: 192.168.36.125, host: trunk-nightly-20190911-vpfxm-1000144475, networkLocation: /default-rack, certSerialId: null}, Type:RATIS, Factor:THREE, State:CLOSED] from datanode 16d0fe26-9857-4477-8b2c-205100b6d095{ip: 192.168.36.125, host: trunk-nightly-20190911-vpfxm-1000144475, networkLocation: /default-rack, certSerialId: null}. Reason : 16d0fe26-9857-4477-8b2c-205100b6d095 has not seen follower/s b3ae6e77-09f2-43a9-bb74-0baf269e9625 for 130790ms fbfdc5e7-35fe-4dec-93a8-24c91dabe6d4 for 130791ms
2019-09-11 06:33:27,559 [EventQueue-PipelineActionsForPipelineActionHandler] INFO  pipeline.SCMPipelineManager (SCMPipelineManager.java:finalizeAndDestroyPipeline(311)) - destroying pipeline:Pipeline[ Id: 1b05caeb-6612-4f13-8732-b428a23d2245, Nodes: b3ae6e77-09f2-43a9-bb74-0baf269e9625{ip: 192.168.36.125, host: trunk-nightly-20190911-vpfxm-1000144475, networkLocation: /default-rack, certSerialId: null}fbfdc5e7-35fe-4dec-93a8-24c91dabe6d4{ip: 192.168.36.125, host: trunk-nightly-20190911-vpfxm-1000144475, networkLocation: /default-rack, certSerialId: null}16d0fe26-9857-4477-8b2c-205100b6d095{ip: 192.168.36.125, host: trunk-nightly-20190911-vpfxm-1000144475, networkLocation: /default-rack, certSerialId: null}, Type:RATIS, Factor:THREE, State:CLOSED]
2019-09-11 06:33:27,561 [java.util.concurrent.ThreadPoolExecutor$Worker@550fe58d[State = -1, empty queue]] WARN  server.GrpcLogAppender (GrpcLogAppender.java:timeoutAppendRequest(200)) - 16d0fe26-9857-4477-8b2c-205100b6d095@group-B428A23D2245->b3ae6e77-09f2-43a9-bb74-0baf269e9625-GrpcLogAppender: appendEntries Timeout, request=16d0fe26-9857-4477-8b2c-205100b6d095->b3ae6e77-09f2-43a9-bb74-0baf269e9625#65-t1, previous=(t:1, i:13), leaderCommit=6, initializing? false, entries: <empty>
2019-09-11 06:33:27,561 [java.util.concurrent.ThreadPoolExecutor$Worker@2eb904fc[State = -1, empty queue]] WARN  server.GrpcLogAppender (GrpcLogAppender.java:timeoutAppendRequest(200)) - 16d0fe26-9857-4477-8b2c-205100b6d095@group-B428A23D2245->fbfdc5e7-35fe-4dec-93a8-24c91dabe6d4-GrpcLogAppender: appendEntries Timeout, request=16d0fe26-9857-4477-8b2c-205100b6d095->fbfdc5e7-35fe-4dec-93a8-24c91dabe6d4#65-t1, previous=(t:1, i:13), leaderCommit=6, initializing? false, entries: <empty>
2019-09-11 06:33:29,563 [org.apache.ratis.server.impl.LogAppender$AppenderDaemon$$Lambda$521/1122258981@502175d1] ERROR ratis.XceiverServerRatis (XceiverServerRatis.java:triggerPipelineClose(568)) - pipeline Action CLOSE  on pipeline PipelineID=1b05caeb-6612-4f13-8732-b428a23d2245.Reason : 16d0fe26-9857-4477-8b2c-205100b6d095 has not seen follower/s b3ae6e77-09f2-43a9-bb74-0baf269e9625 for 133291ms fbfdc5e7-35fe-4dec-93a8-24c91dabe6d4 for 133291ms
2019-09-11 06:33:29,563 [org.apache.ratis.server.impl.LogAppender$AppenderDaemon$$Lambda$521/1122258981@132a2d3e] ERROR ratis.XceiverServerRatis (XceiverServerRatis.java:triggerPipelineClose(568)) - pipeline Action CLOSE  on pipeline PipelineID=1b05caeb-6612-4f13-8732-b428a23d2245.Reason : 16d0fe26-9857-4477-8b2c-205100b6d095 has not seen follower/s b3ae6e77-09f2-43a9-bb74-0baf269e9625 for 133291ms fbfdc5e7-35fe-4dec-93a8-24c91dabe6d4 for 133291ms
2019-09-11 06:33:30,062 [java.util.concurrent.ThreadPoolExecutor$Worker@2eb904fc[State = -1, empty queue]] WARN  server.GrpcLogAppender (GrpcLogAppender.java:timeoutAppendRequest(200)) - 16d0fe26-9857-4477-8b2c-205100b6d095@group-B428A23D2245->fbfdc5e7-35fe-4dec-93a8-24c91dabe6d4-GrpcLogAppender: appendEntries Timeout, request=16d0fe26-9857-4477-8b2c-205100b6d095->fbfdc5e7-35fe-4dec-93a8-24c91dabe6d4#66-t1, previous=(t:1, i:13), leaderCommit=6, initializing? false, entries: <empty>
2019-09-11 06:33:30,062 [java.util.concurrent.ThreadPoolExecutor$Worker@550fe58d[State = -1, empty queue]] WARN  server.GrpcLogAppender (GrpcLogAppender.java:timeoutAppendRequest(200)) - 16d0fe26-9857-4477-8b2c-205100b6d095@group-B428A23D2245->b3ae6e77-09f2-43a9-bb74-0baf269e9625-GrpcLogAppender: appendEntries Timeout, request=16d0fe26-9857-4477-8b2c-205100b6d095->b3ae6e77-09f2-43a9-bb74-0baf269e9625#66-t1, previous=(t:1, i:13), leaderCommit=6, initializing? false, entries: <empty>
2019-09-11 06:33:30,559 [EventQueue-PipelineActionsForPipelineActionHandler] ERROR pipeline.PipelineActionHandler (PipelineActionHandler.java:onMessage(60)) - Received pipeline action CLOSE for Pipeline[ Id: 1b05caeb-6612-4f13-8732-b428a23d2245, Nodes: b3ae6e77-09f2-43a9-bb74-0baf269e9625{ip: 192.168.36.125, host: trunk-nightly-20190911-vpfxm-1000144475, networkLocation: /default-rack, certSerialId: null}fbfdc5e7-35fe-4dec-93a8-24c91dabe6d4{ip: 192.168.36.125, host: trunk-nightly-20190911-vpfxm-1000144475, networkLocation: /default-rack, certSerialId: null}16d0fe26-9857-4477-8b2c-205100b6d095{ip: 192.168.36.125, host: trunk-nightly-20190911-vpfxm-1000144475, networkLocation: /default-rack, certSerialId: null}, Type:RATIS, Factor:THREE, State:CLOSED] from datanode 16d0fe26-9857-4477-8b2c-205100b6d095{ip: 192.168.36.125, host: trunk-nightly-20190911-vpfxm-1000144475, networkLocation: /default-rack, certSerialId: null}. Reason : 16d0fe26-9857-4477-8b2c-205100b6d095 has not seen follower/s b3ae6e77-09f2-43a9-bb74-0baf269e9625 for 133291ms fbfdc5e7-35fe-4dec-93a8-24c91dabe6d4 for 133291ms
2019-09-11 06:33:30,559 [EventQueue-PipelineActionsForPipelineActionHandler] INFO  pipeline.SCMPipelineManager (SCMPipelineManager.java:finalizeAndDestroyPipeline(311)) - destroying pipeline:Pipeline[ Id: 1b05caeb-6612-4f13-8732-b428a23d2245, Nodes: b3ae6e77-09f2-43a9-bb74-0baf269e9625{ip: 192.168.36.125, host: trunk-nightly-20190911-vpfxm-1000144475, networkLocation: /default-rack, certSerialId: null}fbfdc5e7-35fe-4dec-93a8-24c91dabe6d4{ip: 192.168.36.125, host: trunk-nightly-20190911-vpfxm-1000144475, networkLocation: /default-rack, certSerialId: null}16d0fe26-9857-4477-8b2c-205100b6d095{ip: 192.168.36.125, host: trunk-nightly-20190911-vpfxm-1000144475, networkLocation: /default-rack, certSerialId: null}, Type:RATIS, Factor:THREE, State:CLOSED]
2019-09-11 06:33:32,064 [org.apache.ratis.server.impl.LogAppender$AppenderDaemon$$Lambda$521/1122258981@132a2d3e] ERROR ratis.XceiverServerRatis (XceiverServerRatis.java:triggerPipelineClose(568)) - pipeline Action CLOSE  on pipeline PipelineID=1b05caeb-6612-4f13-8732-b428a23d2245.Reason : 16d0fe26-9857-4477-8b2c-205100b6d095 has not seen follower/s b3ae6e77-09f2-43a9-bb74-0baf269e9625 for 135792ms fbfdc5e7-35fe-4dec-93a8-24c91dabe6d4 for 135792ms
2019-09-11 06:33:32,064 [org.apache.ratis.server.impl.LogAppender$AppenderDaemon$$Lambda$521/1122258981@502175d1] ERROR ratis.XceiverServerRatis (XceiverServerRatis.java:triggerPipelineClose(568)) - pipeline Action CLOSE  on pipeline PipelineID=1b05caeb-6612-4f13-8732-b428a23d2245.Reason : 16d0fe26-9857-4477-8b2c-205100b6d095 has not seen follower/s b3ae6e77-09f2-43a9-bb74-0baf269e9625 for 135792ms fbfdc5e7-35fe-4dec-93a8-24c91dabe6d4 for 135792ms
2019-09-11 06:33:32,559 [EventQueue-PipelineActionsForPipelineActionHandler] ERROR pipeline.PipelineActionHandler (PipelineActionHandler.java:onMessage(60)) - Received pipeline action CLOSE for Pipeline[ Id: 1b05caeb-6612-4f13-8732-b428a23d2245, Nodes: b3ae6e77-09f2-43a9-bb74-0baf269e9625{ip: 192.168.36.125, host: trunk-nightly-20190911-vpfxm-1000144475, networkLocation: /default-rack, certSerialId: null}fbfdc5e7-35fe-4dec-93a8-24c91dabe6d4{ip: 192.168.36.125, host: trunk-nightly-20190911-vpfxm-1000144475, networkLocation: /default-rack, certSerialId: null}16d0fe26-9857-4477-8b2c-205100b6d095{ip: 192.168.36.125, host: trunk-nightly-20190911-vpfxm-1000144475, networkLocation: /default-rack, certSerialId: null}, Type:RATIS, Factor:THREE, State:CLOSED] from datanode 16d0fe26-9857-4477-8b2c-205100b6d095{ip: 192.168.36.125, host: trunk-nightly-20190911-vpfxm-1000144475, networkLocation: /default-rack, certSerialId: null}. Reason : 16d0fe26-9857-4477-8b2c-205100b6d095 has not seen follower/s b3ae6e77-09f2-43a9-bb74-0baf269e9625 for 135792ms fbfdc5e7-35fe-4dec-93a8-24c91dabe6d4 for 135792ms
2019-09-11 06:33:32,559 [grpc-default-executor-5] INFO  client.GrpcClientProtocolClient (GrpcClientProtocolClient.java:onNext(264)) - client-003637AF6369->fbfdc5e7-35fe-4dec-93a8-24c91dabe6d4: receive RaftClientReply:client-003637AF6369->fbfdc5e7-35fe-4dec-93a8-24c91dabe6d4@group-B428A23D2245, cid=42, FAILED org.apache.ratis.protocol.NotLeaderException: Server fbfdc5e7-35fe-4dec-93a8-24c91dabe6d4@group-B428A23D2245 is not the leader 16d0fe26-9857-4477-8b2c-205100b6d095:192.168.36.125:33180, logIndex=0, commits[fbfdc5e7-35fe-4dec-93a8-24c91dabe6d4:c6, b3ae6e77-09f2-43a9-bb74-0baf269e9625:c4, 16d0fe26-9857-4477-8b2c-205100b6d095:c6]
2019-09-11 06:33:32,559 [EventQueue-PipelineActionsForPipelineActionHandler] INFO  pipeline.SCMPipelineManager (SCMPipelineManager.java:finalizeAndDestroyPipeline(311)) - destroying pipeline:Pipeline[ Id: 1b05caeb-6612-4f13-8732-b428a23d2245, Nodes: b3ae6e77-09f2-43a9-bb74-0baf269e9625{ip: 192.168.36.125, host: trunk-nightly-20190911-vpfxm-1000144475, networkLocation: /default-rack, certSerialId: null}fbfdc5e7-35fe-4dec-93a8-24c91dabe6d4{ip: 192.168.36.125, host: trunk-nightly-20190911-vpfxm-1000144475, networkLocation: /default-rack, certSerialId: null}16d0fe26-9857-4477-8b2c-205100b6d095{ip: 192.168.36.125, host: trunk-nightly-20190911-vpfxm-1000144475, networkLocation: /default-rack, certSerialId: null}, Type:RATIS, Factor:THREE, State:CLOSED]
2019-09-11 06:33:32,574 [java.util.concurrent.ThreadPoolExecutor$Worker@2eb904fc[State = -1, empty queue]] WARN  server.GrpcLogAppender (GrpcLogAppender.java:timeoutAppendRequest(200)) - 16d0fe26-9857-4477-8b2c-205100b6d095@group-B428A23D2245->fbfdc5e7-35fe-4dec-93a8-24c91dabe6d4-GrpcLogAppender: appendEntries Timeout, request=16d0fe26-9857-4477-8b2c-205100b6d095->fbfdc5e7-35fe-4dec-93a8-24c91dabe6d4#67-t1, previous=(t:1, i:13), leaderCommit=6, initializing? false, entries: <empty>
2019-09-11 06:33:32,574 [java.util.concurrent.ThreadPoolExecutor$Worker@550fe58d[State = -1, empty queue]] WARN  server.GrpcLogAppender (GrpcLogAppender.java:timeoutAppendRequest(200)) - 16d0fe26-9857-4477-8b2c-205100b6d095@group-B428A23D2245->b3ae6e77-09f2-43a9-bb74-0baf269e9625-GrpcLogAppender: appendEntries Timeout, request=16d0fe26-9857-4477-8b2c-205100b6d095->b3ae6e77-09f2-43a9-bb74-0baf269e9625#67-t1, previous=(t:1, i:13), leaderCommit=6, initializing? false, entries: <empty>
2019-09-11 06:33:34,565 [org.apache.ratis.server.impl.LogAppender$AppenderDaemon$$Lambda$521/1122258981@132a2d3e] ERROR ratis.XceiverServerRatis (XceiverServerRatis.java:triggerPipelineClose(568)) - pipeline Action CLOSE  on pipeline PipelineID=1b05caeb-6612-4f13-8732-b428a23d2245.Reason : 16d0fe26-9857-4477-8b2c-205100b6d095 has not seen follower/s b3ae6e77-09f2-43a9-bb74-0baf269e9625 for 138293ms fbfdc5e7-35fe-4dec-93a8-24c91dabe6d4 for 138293ms
2019-09-11 06:33:34,565 [org.apache.ratis.server.impl.LogAppender$AppenderDaemon$$Lambda$521/1122258981@502175d1] ERROR ratis.XceiverServerRatis (XceiverServerRatis.java:triggerPipelineClose(568)) - pipeline Action CLOSE  on pipeline PipelineID=1b05caeb-6612-4f13-8732-b428a23d2245.Reason : 16d0fe26-9857-4477-8b2c-205100b6d095 has not seen follower/s b3ae6e77-09f2-43a9-bb74-0baf269e9625 for 138293ms fbfdc5e7-35fe-4dec-93a8-24c91dabe6d4 for 138293ms
2019-09-11 06:33:35,064 [java.util.concurrent.ThreadPoolExecutor$Worker@2eb904fc[State = -1, empty queue]] WARN  server.GrpcLogAppender (GrpcLogAppender.java:timeoutAppendRequest(200)) - 16d0fe26-9857-4477-8b2c-205100b6d095@group-B428A23D2245->fbfdc5e7-35fe-4dec-93a8-24c91dabe6d4-GrpcLogAppender: appendEntries Timeout, request=16d0fe26-9857-4477-8b2c-205100b6d095->fbfdc5e7-35fe-4dec-93a8-24c91dabe6d4#68-t1, previous=(t:1, i:13), leaderCommit=6, initializing? false, entries: <empty>
2019-09-11 06:33:35,064 [java.util.concurrent.ThreadPoolExecutor$Worker@550fe58d[State = -1, empty queue]] WARN  server.GrpcLogAppender (GrpcLogAppender.java:timeoutAppendRequest(200)) - 16d0fe26-9857-4477-8b2c-205100b6d095@group-B428A23D2245->b3ae6e77-09f2-43a9-bb74-0baf269e9625-GrpcLogAppender: appendEntries Timeout, request=16d0fe26-9857-4477-8b2c-205100b6d095->b3ae6e77-09f2-43a9-bb74-0baf269e9625#68-t1, previous=(t:1, i:13), leaderCommit=6, initializing? false, entries: <empty>
2019-09-11 06:33:35,559 [EventQueue-PipelineActionsForPipelineActionHandler] ERROR pipeline.PipelineActionHandler (PipelineActionHandler.java:onMessage(60)) - Received pipeline action CLOSE for Pipeline[ Id: 1b05caeb-6612-4f13-8732-b428a23d2245, Nodes: b3ae6e77-09f2-43a9-bb74-0baf269e9625{ip: 192.168.36.125, host: trunk-nightly-20190911-vpfxm-1000144475, networkLocation: /default-rack, certSerialId: null}fbfdc5e7-35fe-4dec-93a8-24c91dabe6d4{ip: 192.168.36.125, host: trunk-nightly-20190911-vpfxm-1000144475, networkLocation: /default-rack, certSerialId: null}16d0fe26-9857-4477-8b2c-205100b6d095{ip: 192.168.36.125, host: trunk-nightly-20190911-vpfxm-1000144475, networkLocation: /default-rack, certSerialId: null}, Type:RATIS, Factor:THREE, State:CLOSED] from datanode 16d0fe26-9857-4477-8b2c-205100b6d095{ip: 192.168.36.125, host: trunk-nightly-20190911-vpfxm-1000144475, networkLocation: /default-rack, certSerialId: null}. Reason : 16d0fe26-9857-4477-8b2c-205100b6d095 has not seen follower/s b3ae6e77-09f2-43a9-bb74-0baf269e9625 for 138293ms fbfdc5e7-35fe-4dec-93a8-24c91dabe6d4 for 138293ms
2019-09-11 06:33:35,560 [EventQueue-PipelineActionsForPipelineActionHandler] INFO  pipeline.SCMPipelineManager (SCMPipelineManager.java:finalizeAndDestroyPipeline(311)) - destroying pipeline:Pipeline[ Id: 1b05caeb-6612-4f13-8732-b428a23d2245, Nodes: b3ae6e77-09f2-43a9-bb74-0baf269e9625{ip: 192.168.36.125, host: trunk-nightly-20190911-vpfxm-1000144475, networkLocation: /default-rack, certSerialId: null}fbfdc5e7-35fe-4dec-93a8-24c91dabe6d4{ip: 192.168.36.125, host: trunk-nightly-20190911-vpfxm-1000144475, networkLocation: /default-rack, certSerialId: null}16d0fe26-9857-4477-8b2c-205100b6d095{ip: 192.168.36.125, host: trunk-nightly-20190911-vpfxm-1000144475, networkLocation: /default-rack, certSerialId: null}, Type:RATIS, Factor:THREE, State:CLOSED]
2019-09-11 06:33:36,368 [b3ae6e77-09f2-43a9-bb74-0baf269e9625@group-B428A23D2245-SegmentedRaftLogWorker] WARN  segmented.SegmentedRaftLogWorker (SegmentedRaftLogWorker.java:getFromFuture(90)) - Timeout 13/~
org.apache.ratis.protocol.TimeoutIOException: Timeout 10s: WriteLog:7: (t:1, i:7), STATEMACHINELOGENTRY, client-003637AF6369, cid=42-writeStateMachineData
	at org.apache.ratis.util.IOUtils.getFromFuture(IOUtils.java:87)
	at org.apache.ratis.server.raftlog.segmented.SegmentedRaftLogWorker$StateMachineDataPolicy.getFromFuture(SegmentedRaftLogWorker.java:87)
	at org.apache.ratis.server.raftlog.segmented.SegmentedRaftLogWorker$WriteLog.execute(SegmentedRaftLogWorker.java:477)
	at org.apache.ratis.server.raftlog.segmented.SegmentedRaftLogWorker.run(SegmentedRaftLogWorker.java:289)
	at java.lang.Thread.run(Thread.java:748)
Caused by: java.util.concurrent.TimeoutException
	at java.util.concurrent.CompletableFuture.timedGet(CompletableFuture.java:1771)
	at java.util.concurrent.CompletableFuture.get(CompletableFuture.java:1915)
	at org.apache.ratis.util.IOUtils.getFromFuture(IOUtils.java:79)
	... 4 more
2019-09-11 06:33:36,394 [fbfdc5e7-35fe-4dec-93a8-24c91dabe6d4@group-B428A23D2245-SegmentedRaftLogWorker] WARN  segmented.SegmentedRaftLogWorker (SegmentedRaftLogWorker.java:getFromFuture(90)) - Timeout 13/~
org.apache.ratis.protocol.TimeoutIOException: Timeout 10s: WriteLog:7: (t:1, i:7), STATEMACHINELOGENTRY, client-003637AF6369, cid=42-writeStateMachineData
	at org.apache.ratis.util.IOUtils.getFromFuture(IOUtils.java:87)
	at org.apache.ratis.server.raftlog.segmented.SegmentedRaftLogWorker$StateMachineDataPolicy.getFromFuture(SegmentedRaftLogWorker.java:87)
	at org.apache.ratis.server.raftlog.segmented.SegmentedRaftLogWorker$WriteLog.execute(SegmentedRaftLogWorker.java:477)
	at org.apache.ratis.server.raftlog.segmented.SegmentedRaftLogWorker.run(SegmentedRaftLogWorker.java:289)
	at java.lang.Thread.run(Thread.java:748)
Caused by: java.util.concurrent.TimeoutException
	at java.util.concurrent.CompletableFuture.timedGet(CompletableFuture.java:1771)
	at java.util.concurrent.CompletableFuture.get(CompletableFuture.java:1915)
	at org.apache.ratis.util.IOUtils.getFromFuture(IOUtils.java:79)
	... 4 more
2019-09-11 06:33:36,494 [16d0fe26-9857-4477-8b2c-205100b6d095@group-B428A23D2245-SegmentedRaftLogWorker] WARN  segmented.SegmentedRaftLogWorker (SegmentedRaftLogWorker.java:getFromFuture(90)) - Timeout 13/~
org.apache.ratis.protocol.TimeoutIOException: Timeout 10s: WriteLog:10: (t:1, i:10), STATEMACHINELOGENTRY, client-003637AF6369, cid=45-writeStateMachineData
	at org.apache.ratis.util.IOUtils.getFromFuture(IOUtils.java:87)
	at org.apache.ratis.server.raftlog.segmented.SegmentedRaftLogWorker$StateMachineDataPolicy.getFromFuture(SegmentedRaftLogWorker.java:87)
	at org.apache.ratis.server.raftlog.segmented.SegmentedRaftLogWorker$WriteLog.execute(SegmentedRaftLogWorker.java:477)
	at org.apache.ratis.server.raftlog.segmented.SegmentedRaftLogWorker.run(SegmentedRaftLogWorker.java:289)
	at java.lang.Thread.run(Thread.java:748)
Caused by: java.util.concurrent.TimeoutException
	at java.util.concurrent.CompletableFuture.timedGet(CompletableFuture.java:1771)
	at java.util.concurrent.CompletableFuture.get(CompletableFuture.java:1915)
	at org.apache.ratis.util.IOUtils.getFromFuture(IOUtils.java:79)
	... 4 more
2019-09-11 06:33:37,066 [org.apache.ratis.server.impl.LogAppender$AppenderDaemon$$Lambda$521/1122258981@132a2d3e] ERROR ratis.XceiverServerRatis (XceiverServerRatis.java:triggerPipelineClose(568)) - pipeline Action CLOSE  on pipeline PipelineID=1b05caeb-6612-4f13-8732-b428a23d2245.Reason : 16d0fe26-9857-4477-8b2c-205100b6d095 has not seen follower/s b3ae6e77-09f2-43a9-bb74-0baf269e9625 for 140794ms fbfdc5e7-35fe-4dec-93a8-24c91dabe6d4 for 140794ms
2019-09-11 06:33:37,066 [org.apache.ratis.server.impl.LogAppender$AppenderDaemon$$Lambda$521/1122258981@502175d1] ERROR ratis.XceiverServerRatis (XceiverServerRatis.java:triggerPipelineClose(568)) - pipeline Action CLOSE  on pipeline PipelineID=1b05caeb-6612-4f13-8732-b428a23d2245.Reason : 16d0fe26-9857-4477-8b2c-205100b6d095 has not seen follower/s b3ae6e77-09f2-43a9-bb74-0baf269e9625 for 140794ms fbfdc5e7-35fe-4dec-93a8-24c91dabe6d4 for 140794ms
2019-09-11 06:33:37,559 [EventQueue-PipelineActionsForPipelineActionHandler] ERROR pipeline.PipelineActionHandler (PipelineActionHandler.java:onMessage(60)) - Received pipeline action CLOSE for Pipeline[ Id: 1b05caeb-6612-4f13-8732-b428a23d2245, Nodes: b3ae6e77-09f2-43a9-bb74-0baf269e9625{ip: 192.168.36.125, host: trunk-nightly-20190911-vpfxm-1000144475, networkLocation: /default-rack, certSerialId: null}fbfdc5e7-35fe-4dec-93a8-24c91dabe6d4{ip: 192.168.36.125, host: trunk-nightly-20190911-vpfxm-1000144475, networkLocation: /default-rack, certSerialId: null}16d0fe26-9857-4477-8b2c-205100b6d095{ip: 192.168.36.125, host: trunk-nightly-20190911-vpfxm-1000144475, networkLocation: /default-rack, certSerialId: null}, Type:RATIS, Factor:THREE, State:CLOSED] from datanode 16d0fe26-9857-4477-8b2c-205100b6d095{ip: 192.168.36.125, host: trunk-nightly-20190911-vpfxm-1000144475, networkLocation: /default-rack, certSerialId: null}. Reason : 16d0fe26-9857-4477-8b2c-205100b6d095 has not seen follower/s b3ae6e77-09f2-43a9-bb74-0baf269e9625 for 140794ms fbfdc5e7-35fe-4dec-93a8-24c91dabe6d4 for 140794ms
2019-09-11 06:33:37,560 [EventQueue-PipelineActionsForPipelineActionHandler] INFO  pipeline.SCMPipelineManager (SCMPipelineManager.java:finalizeAndDestroyPipeline(311)) - destroying pipeline:Pipeline[ Id: 1b05caeb-6612-4f13-8732-b428a23d2245, Nodes: b3ae6e77-09f2-43a9-bb74-0baf269e9625{ip: 192.168.36.125, host: trunk-nightly-20190911-vpfxm-1000144475, networkLocation: /default-rack, certSerialId: null}fbfdc5e7-35fe-4dec-93a8-24c91dabe6d4{ip: 192.168.36.125, host: trunk-nightly-20190911-vpfxm-1000144475, networkLocation: /default-rack, certSerialId: null}16d0fe26-9857-4477-8b2c-205100b6d095{ip: 192.168.36.125, host: trunk-nightly-20190911-vpfxm-1000144475, networkLocation: /default-rack, certSerialId: null}, Type:RATIS, Factor:THREE, State:CLOSED]
2019-09-11 06:33:37,565 [java.util.concurrent.ThreadPoolExecutor$Worker@2eb904fc[State = -1, empty queue]] WARN  server.GrpcLogAppender (GrpcLogAppender.java:timeoutAppendRequest(200)) - 16d0fe26-9857-4477-8b2c-205100b6d095@group-B428A23D2245->fbfdc5e7-35fe-4dec-93a8-24c91dabe6d4-GrpcLogAppender: appendEntries Timeout, request=16d0fe26-9857-4477-8b2c-205100b6d095->fbfdc5e7-35fe-4dec-93a8-24c91dabe6d4#69-t1, previous=(t:1, i:13), leaderCommit=6, initializing? false, entries: <empty>
2019-09-11 06:33:37,565 [java.util.concurrent.ThreadPoolExecutor$Worker@550fe58d[State = -1, empty queue]] WARN  server.GrpcLogAppender (GrpcLogAppender.java:timeoutAppendRequest(200)) - 16d0fe26-9857-4477-8b2c-205100b6d095@group-B428A23D2245->b3ae6e77-09f2-43a9-bb74-0baf269e9625-GrpcLogAppender: appendEntries Timeout, request=16d0fe26-9857-4477-8b2c-205100b6d095->b3ae6e77-09f2-43a9-bb74-0baf269e9625#69-t1, previous=(t:1, i:13), leaderCommit=6, initializing? false, entries: <empty>
2019-09-11 06:33:37,616 [grpc-default-executor-5] INFO  client.GrpcClientProtocolClient (GrpcClientProtocolClient.java:onNext(264)) - client-003637AF6369->fbfdc5e7-35fe-4dec-93a8-24c91dabe6d4: receive RaftClientReply:client-003637AF6369->fbfdc5e7-35fe-4dec-93a8-24c91dabe6d4@group-B428A23D2245, cid=42, FAILED org.apache.ratis.protocol.NotLeaderException: Server fbfdc5e7-35fe-4dec-93a8-24c91dabe6d4@group-B428A23D2245 is not the leader 16d0fe26-9857-4477-8b2c-205100b6d095:192.168.36.125:33180, logIndex=0, commits[fbfdc5e7-35fe-4dec-93a8-24c91dabe6d4:c6, b3ae6e77-09f2-43a9-bb74-0baf269e9625:c4, 16d0fe26-9857-4477-8b2c-205100b6d095:c6]
2019-09-11 06:33:39,567 [org.apache.ratis.server.impl.LogAppender$AppenderDaemon$$Lambda$521/1122258981@132a2d3e] ERROR ratis.XceiverServerRatis (XceiverServerRatis.java:triggerPipelineClose(568)) - pipeline Action CLOSE  on pipeline PipelineID=1b05caeb-6612-4f13-8732-b428a23d2245.Reason : 16d0fe26-9857-4477-8b2c-205100b6d095 has not seen follower/s b3ae6e77-09f2-43a9-bb74-0baf269e9625 for 143295ms fbfdc5e7-35fe-4dec-93a8-24c91dabe6d4 for 143295ms
2019-09-11 06:33:39,567 [org.apache.ratis.server.impl.LogAppender$AppenderDaemon$$Lambda$521/1122258981@502175d1] ERROR ratis.XceiverServerRatis (XceiverServerRatis.java:triggerPipelineClose(568)) - pipeline Action CLOSE  on pipeline PipelineID=1b05caeb-6612-4f13-8732-b428a23d2245.Reason : 16d0fe26-9857-4477-8b2c-205100b6d095 has not seen follower/s b3ae6e77-09f2-43a9-bb74-0baf269e9625 for 143295ms fbfdc5e7-35fe-4dec-93a8-24c91dabe6d4 for 143295ms
2019-09-11 06:33:40,065 [java.util.concurrent.ThreadPoolExecutor$Worker@2eb904fc[State = -1, empty queue]] WARN  server.GrpcLogAppender (GrpcLogAppender.java:timeoutAppendRequest(200)) - 16d0fe26-9857-4477-8b2c-205100b6d095@group-B428A23D2245->fbfdc5e7-35fe-4dec-93a8-24c91dabe6d4-GrpcLogAppender: appendEntries Timeout, request=16d0fe26-9857-4477-8b2c-205100b6d095->fbfdc5e7-35fe-4dec-93a8-24c91dabe6d4#70-t1, previous=(t:1, i:13), leaderCommit=6, initializing? false, entries: <empty>
2019-09-11 06:33:40,065 [java.util.concurrent.ThreadPoolExecutor$Worker@550fe58d[State = -1, empty queue]] WARN  server.GrpcLogAppender (GrpcLogAppender.java:timeoutAppendRequest(200)) - 16d0fe26-9857-4477-8b2c-205100b6d095@group-B428A23D2245->b3ae6e77-09f2-43a9-bb74-0baf269e9625-GrpcLogAppender: appendEntries Timeout, request=16d0fe26-9857-4477-8b2c-205100b6d095->b3ae6e77-09f2-43a9-bb74-0baf269e9625#70-t1, previous=(t:1, i:13), leaderCommit=6, initializing? false, entries: <empty>
2019-09-11 06:33:40,559 [EventQueue-PipelineActionsForPipelineActionHandler] ERROR pipeline.PipelineActionHandler (PipelineActionHandler.java:onMessage(60)) - Received pipeline action CLOSE for Pipeline[ Id: 1b05caeb-6612-4f13-8732-b428a23d2245, Nodes: b3ae6e77-09f2-43a9-bb74-0baf269e9625{ip: 192.168.36.125, host: trunk-nightly-20190911-vpfxm-1000144475, networkLocation: /default-rack, certSerialId: null}fbfdc5e7-35fe-4dec-93a8-24c91dabe6d4{ip: 192.168.36.125, host: trunk-nightly-20190911-vpfxm-1000144475, networkLocation: /default-rack, certSerialId: null}16d0fe26-9857-4477-8b2c-205100b6d095{ip: 192.168.36.125, host: trunk-nightly-20190911-vpfxm-1000144475, networkLocation: /default-rack, certSerialId: null}, Type:RATIS, Factor:THREE, State:CLOSED] from datanode 16d0fe26-9857-4477-8b2c-205100b6d095{ip: 192.168.36.125, host: trunk-nightly-20190911-vpfxm-1000144475, networkLocation: /default-rack, certSerialId: null}. Reason : 16d0fe26-9857-4477-8b2c-205100b6d095 has not seen follower/s b3ae6e77-09f2-43a9-bb74-0baf269e9625 for 143295ms fbfdc5e7-35fe-4dec-93a8-24c91dabe6d4 for 143295ms
2019-09-11 06:33:40,560 [EventQueue-PipelineActionsForPipelineActionHandler] INFO  pipeline.SCMPipelineManager (SCMPipelineManager.java:finalizeAndDestroyPipeline(311)) - destroying pipeline:Pipeline[ Id: 1b05caeb-6612-4f13-8732-b428a23d2245, Nodes: b3ae6e77-09f2-43a9-bb74-0baf269e9625{ip: 192.168.36.125, host: trunk-nightly-20190911-vpfxm-1000144475, networkLocation: /default-rack, certSerialId: null}fbfdc5e7-35fe-4dec-93a8-24c91dabe6d4{ip: 192.168.36.125, host: trunk-nightly-20190911-vpfxm-1000144475, networkLocation: /default-rack, certSerialId: null}16d0fe26-9857-4477-8b2c-205100b6d095{ip: 192.168.36.125, host: trunk-nightly-20190911-vpfxm-1000144475, networkLocation: /default-rack, certSerialId: null}, Type:RATIS, Factor:THREE, State:CLOSED]
2019-09-11 06:33:42,068 [org.apache.ratis.server.impl.LogAppender$AppenderDaemon$$Lambda$521/1122258981@502175d1] ERROR ratis.XceiverServerRatis (XceiverServerRatis.java:triggerPipelineClose(568)) - pipeline Action CLOSE  on pipeline PipelineID=1b05caeb-6612-4f13-8732-b428a23d2245.Reason : 16d0fe26-9857-4477-8b2c-205100b6d095 has not seen follower/s b3ae6e77-09f2-43a9-bb74-0baf269e9625 for 145796ms fbfdc5e7-35fe-4dec-93a8-24c91dabe6d4 for 145796ms
2019-09-11 06:33:42,068 [org.apache.ratis.server.impl.LogAppender$AppenderDaemon$$Lambda$521/1122258981@132a2d3e] ERROR ratis.XceiverServerRatis (XceiverServerRatis.java:triggerPipelineClose(568)) - pipeline Action CLOSE  on pipeline PipelineID=1b05caeb-6612-4f13-8732-b428a23d2245.Reason : 16d0fe26-9857-4477-8b2c-205100b6d095 has not seen follower/s b3ae6e77-09f2-43a9-bb74-0baf269e9625 for 145796ms fbfdc5e7-35fe-4dec-93a8-24c91dabe6d4 for 145796ms
2019-09-11 06:33:42,559 [EventQueue-PipelineActionsForPipelineActionHandler] ERROR pipeline.PipelineActionHandler (PipelineActionHandler.java:onMessage(60)) - Received pipeline action CLOSE for Pipeline[ Id: 1b05caeb-6612-4f13-8732-b428a23d2245, Nodes: b3ae6e77-09f2-43a9-bb74-0baf269e9625{ip: 192.168.36.125, host: trunk-nightly-20190911-vpfxm-1000144475, networkLocation: /default-rack, certSerialId: null}fbfdc5e7-35fe-4dec-93a8-24c91dabe6d4{ip: 192.168.36.125, host: trunk-nightly-20190911-vpfxm-1000144475, networkLocation: /default-rack, certSerialId: null}16d0fe26-9857-4477-8b2c-205100b6d095{ip: 192.168.36.125, host: trunk-nightly-20190911-vpfxm-1000144475, networkLocation: /default-rack, certSerialId: null}, Type:RATIS, Factor:THREE, State:CLOSED] from datanode 16d0fe26-9857-4477-8b2c-205100b6d095{ip: 192.168.36.125, host: trunk-nightly-20190911-vpfxm-1000144475, networkLocation: /default-rack, certSerialId: null}. Reason : 16d0fe26-9857-4477-8b2c-205100b6d095 has not seen follower/s b3ae6e77-09f2-43a9-bb74-0baf269e9625 for 145796ms fbfdc5e7-35fe-4dec-93a8-24c91dabe6d4 for 145796ms
2019-09-11 06:33:42,560 [EventQueue-PipelineActionsForPipelineActionHandler] INFO  pipeline.SCMPipelineManager (SCMPipelineManager.java:finalizeAndDestroyPipeline(311)) - destroying pipeline:Pipeline[ Id: 1b05caeb-6612-4f13-8732-b428a23d2245, Nodes: b3ae6e77-09f2-43a9-bb74-0baf269e9625{ip: 192.168.36.125, host: trunk-nightly-20190911-vpfxm-1000144475, networkLocation: /default-rack, certSerialId: null}fbfdc5e7-35fe-4dec-93a8-24c91dabe6d4{ip: 192.168.36.125, host: trunk-nightly-20190911-vpfxm-1000144475, networkLocation: /default-rack, certSerialId: null}16d0fe26-9857-4477-8b2c-205100b6d095{ip: 192.168.36.125, host: trunk-nightly-20190911-vpfxm-1000144475, networkLocation: /default-rack, certSerialId: null}, Type:RATIS, Factor:THREE, State:CLOSED]
2019-09-11 06:33:42,566 [java.util.concurrent.ThreadPoolExecutor$Worker@2eb904fc[State = -1, empty queue]] WARN  server.GrpcLogAppender (GrpcLogAppender.java:timeoutAppendRequest(200)) - 16d0fe26-9857-4477-8b2c-205100b6d095@group-B428A23D2245->fbfdc5e7-35fe-4dec-93a8-24c91dabe6d4-GrpcLogAppender: appendEntries Timeout, request=16d0fe26-9857-4477-8b2c-205100b6d095->fbfdc5e7-35fe-4dec-93a8-24c91dabe6d4#71-t1, previous=(t:1, i:13), leaderCommit=6, initializing? false, entries: <empty>
2019-09-11 06:33:42,566 [java.util.concurrent.ThreadPoolExecutor$Worker@550fe58d[State = -1, empty queue]] WARN  server.GrpcLogAppender (GrpcLogAppender.java:timeoutAppendRequest(200)) - 16d0fe26-9857-4477-8b2c-205100b6d095@group-B428A23D2245->b3ae6e77-09f2-43a9-bb74-0baf269e9625-GrpcLogAppender: appendEntries Timeout, request=16d0fe26-9857-4477-8b2c-205100b6d095->b3ae6e77-09f2-43a9-bb74-0baf269e9625#71-t1, previous=(t:1, i:13), leaderCommit=6, initializing? false, entries: <empty>
2019-09-11 06:33:42,660 [grpc-default-executor-8] INFO  client.GrpcClientProtocolClient (GrpcClientProtocolClient.java:onNext(264)) - client-003637AF6369->b3ae6e77-09f2-43a9-bb74-0baf269e9625: receive RaftClientReply:client-003637AF6369->b3ae6e77-09f2-43a9-bb74-0baf269e9625@group-B428A23D2245, cid=42, FAILED org.apache.ratis.protocol.NotLeaderException: Server b3ae6e77-09f2-43a9-bb74-0baf269e9625@group-B428A23D2245 is not the leader 16d0fe26-9857-4477-8b2c-205100b6d095:192.168.36.125:33180, logIndex=0, commits[b3ae6e77-09f2-43a9-bb74-0baf269e9625:c6, 16d0fe26-9857-4477-8b2c-205100b6d095:c6, fbfdc5e7-35fe-4dec-93a8-24c91dabe6d4:c4]
2019-09-11 06:33:44,568 [org.apache.ratis.server.impl.LogAppender$AppenderDaemon$$Lambda$521/1122258981@132a2d3e] ERROR ratis.XceiverServerRatis (XceiverServerRatis.java:triggerPipelineClose(568)) - pipeline Action CLOSE  on pipeline PipelineID=1b05caeb-6612-4f13-8732-b428a23d2245.Reason : 16d0fe26-9857-4477-8b2c-205100b6d095 has not seen follower/s b3ae6e77-09f2-43a9-bb74-0baf269e9625 for 148296ms fbfdc5e7-35fe-4dec-93a8-24c91dabe6d4 for 148296ms
2019-09-11 06:33:44,568 [org.apache.ratis.server.impl.LogAppender$AppenderDaemon$$Lambda$521/1122258981@502175d1] ERROR ratis.XceiverServerRatis (XceiverServerRatis.java:triggerPipelineClose(568)) - pipeline Action CLOSE  on pipeline PipelineID=1b05caeb-6612-4f13-8732-b428a23d2245.Reason : 16d0fe26-9857-4477-8b2c-205100b6d095 has not seen follower/s b3ae6e77-09f2-43a9-bb74-0baf269e9625 for 148296ms fbfdc5e7-35fe-4dec-93a8-24c91dabe6d4 for 148296ms
2019-09-11 06:33:45,067 [java.util.concurrent.ThreadPoolExecutor$Worker@2eb904fc[State = -1, empty queue]] WARN  server.GrpcLogAppender (GrpcLogAppender.java:timeoutAppendRequest(200)) - 16d0fe26-9857-4477-8b2c-205100b6d095@group-B428A23D2245->fbfdc5e7-35fe-4dec-93a8-24c91dabe6d4-GrpcLogAppender: appendEntries Timeout, request=16d0fe26-9857-4477-8b2c-205100b6d095->fbfdc5e7-35fe-4dec-93a8-24c91dabe6d4#72-t1, previous=(t:1, i:13), leaderCommit=6, initializing? false, entries: <empty>
2019-09-11 06:33:45,067 [java.util.concurrent.ThreadPoolExecutor$Worker@550fe58d[State = -1, empty queue]] WARN  server.GrpcLogAppender (GrpcLogAppender.java:timeoutAppendRequest(200)) - 16d0fe26-9857-4477-8b2c-205100b6d095@group-B428A23D2245->b3ae6e77-09f2-43a9-bb74-0baf269e9625-GrpcLogAppender: appendEntries Timeout, request=16d0fe26-9857-4477-8b2c-205100b6d095->b3ae6e77-09f2-43a9-bb74-0baf269e9625#72-t1, previous=(t:1, i:13), leaderCommit=6, initializing? false, entries: <empty>
2019-09-11 06:33:45,560 [EventQueue-PipelineActionsForPipelineActionHandler] ERROR pipeline.PipelineActionHandler (PipelineActionHandler.java:onMessage(60)) - Received pipeline action CLOSE for Pipeline[ Id: 1b05caeb-6612-4f13-8732-b428a23d2245, Nodes: b3ae6e77-09f2-43a9-bb74-0baf269e9625{ip: 192.168.36.125, host: trunk-nightly-20190911-vpfxm-1000144475, networkLocation: /default-rack, certSerialId: null}fbfdc5e7-35fe-4dec-93a8-24c91dabe6d4{ip: 192.168.36.125, host: trunk-nightly-20190911-vpfxm-1000144475, networkLocation: /default-rack, certSerialId: null}16d0fe26-9857-4477-8b2c-205100b6d095{ip: 192.168.36.125, host: trunk-nightly-20190911-vpfxm-1000144475, networkLocation: /default-rack, certSerialId: null}, Type:RATIS, Factor:THREE, State:CLOSED] from datanode 16d0fe26-9857-4477-8b2c-205100b6d095{ip: 192.168.36.125, host: trunk-nightly-20190911-vpfxm-1000144475, networkLocation: /default-rack, certSerialId: null}. Reason : 16d0fe26-9857-4477-8b2c-205100b6d095 has not seen follower/s b3ae6e77-09f2-43a9-bb74-0baf269e9625 for 148296ms fbfdc5e7-35fe-4dec-93a8-24c91dabe6d4 for 148296ms
2019-09-11 06:33:45,561 [EventQueue-PipelineActionsForPipelineActionHandler] INFO  pipeline.SCMPipelineManager (SCMPipelineManager.java:finalizeAndDestroyPipeline(311)) - destroying pipeline:Pipeline[ Id: 1b05caeb-6612-4f13-8732-b428a23d2245, Nodes: b3ae6e77-09f2-43a9-bb74-0baf269e9625{ip: 192.168.36.125, host: trunk-nightly-20190911-vpfxm-1000144475, networkLocation: /default-rack, certSerialId: null}fbfdc5e7-35fe-4dec-93a8-24c91dabe6d4{ip: 192.168.36.125, host: trunk-nightly-20190911-vpfxm-1000144475, networkLocation: /default-rack, certSerialId: null}16d0fe26-9857-4477-8b2c-205100b6d095{ip: 192.168.36.125, host: trunk-nightly-20190911-vpfxm-1000144475, networkLocation: /default-rack, certSerialId: null}, Type:RATIS, Factor:THREE, State:CLOSED]
2019-09-11 06:33:46,369 [b3ae6e77-09f2-43a9-bb74-0baf269e9625@group-B428A23D2245-SegmentedRaftLogWorker] WARN  segmented.SegmentedRaftLogWorker (SegmentedRaftLogWorker.java:getFromFuture(90)) - Timeout 14/~
org.apache.ratis.protocol.TimeoutIOException: Timeout 10s: WriteLog:7: (t:1, i:7), STATEMACHINELOGENTRY, client-003637AF6369, cid=42-writeStateMachineData
	at org.apache.ratis.util.IOUtils.getFromFuture(IOUtils.java:87)
	at org.apache.ratis.server.raftlog.segmented.SegmentedRaftLogWorker$StateMachineDataPolicy.getFromFuture(SegmentedRaftLogWorker.java:87)
	at org.apache.ratis.server.raftlog.segmented.SegmentedRaftLogWorker$WriteLog.execute(SegmentedRaftLogWorker.java:477)
	at org.apache.ratis.server.raftlog.segmented.SegmentedRaftLogWorker.run(SegmentedRaftLogWorker.java:289)
	at java.lang.Thread.run(Thread.java:748)
Caused by: java.util.concurrent.TimeoutException
	at java.util.concurrent.CompletableFuture.timedGet(CompletableFuture.java:1771)
	at java.util.concurrent.CompletableFuture.get(CompletableFuture.java:1915)
	at org.apache.ratis.util.IOUtils.getFromFuture(IOUtils.java:79)
	... 4 more
2019-09-11 06:33:46,394 [fbfdc5e7-35fe-4dec-93a8-24c91dabe6d4@group-B428A23D2245-SegmentedRaftLogWorker] WARN  segmented.SegmentedRaftLogWorker (SegmentedRaftLogWorker.java:getFromFuture(90)) - Timeout 14/~
org.apache.ratis.protocol.TimeoutIOException: Timeout 10s: WriteLog:7: (t:1, i:7), STATEMACHINELOGENTRY, client-003637AF6369, cid=42-writeStateMachineData
	at org.apache.ratis.util.IOUtils.getFromFuture(IOUtils.java:87)
	at org.apache.ratis.server.raftlog.segmented.SegmentedRaftLogWorker$StateMachineDataPolicy.getFromFuture(SegmentedRaftLogWorker.java:87)
	at org.apache.ratis.server.raftlog.segmented.SegmentedRaftLogWorker$WriteLog.execute(SegmentedRaftLogWorker.java:477)
	at org.apache.ratis.server.raftlog.segmented.SegmentedRaftLogWorker.run(SegmentedRaftLogWorker.java:289)
	at java.lang.Thread.run(Thread.java:748)
Caused by: java.util.concurrent.TimeoutException
	at java.util.concurrent.CompletableFuture.timedGet(CompletableFuture.java:1771)
	at java.util.concurrent.CompletableFuture.get(CompletableFuture.java:1915)
	at org.apache.ratis.util.IOUtils.getFromFuture(IOUtils.java:79)
	... 4 more
2019-09-11 06:33:46,496 [16d0fe26-9857-4477-8b2c-205100b6d095@group-B428A23D2245-SegmentedRaftLogWorker] WARN  segmented.SegmentedRaftLogWorker (SegmentedRaftLogWorker.java:getFromFuture(90)) - Timeout 14/~
org.apache.ratis.protocol.TimeoutIOException: Timeout 10s: WriteLog:10: (t:1, i:10), STATEMACHINELOGENTRY, client-003637AF6369, cid=45-writeStateMachineData
	at org.apache.ratis.util.IOUtils.getFromFuture(IOUtils.java:87)
	at org.apache.ratis.server.raftlog.segmented.SegmentedRaftLogWorker$StateMachineDataPolicy.getFromFuture(SegmentedRaftLogWorker.java:87)
	at org.apache.ratis.server.raftlog.segmented.SegmentedRaftLogWorker$WriteLog.execute(SegmentedRaftLogWorker.java:477)
	at org.apache.ratis.server.raftlog.segmented.SegmentedRaftLogWorker.run(SegmentedRaftLogWorker.java:289)
	at java.lang.Thread.run(Thread.java:748)
Caused by: java.util.concurrent.TimeoutException
	at java.util.concurrent.CompletableFuture.timedGet(CompletableFuture.java:1771)
	at java.util.concurrent.CompletableFuture.get(CompletableFuture.java:1915)
	at org.apache.ratis.util.IOUtils.getFromFuture(IOUtils.java:79)
	... 4 more
2019-09-11 06:33:47,069 [org.apache.ratis.server.impl.LogAppender$AppenderDaemon$$Lambda$521/1122258981@132a2d3e] ERROR ratis.XceiverServerRatis (XceiverServerRatis.java:triggerPipelineClose(568)) - pipeline Action CLOSE  on pipeline PipelineID=1b05caeb-6612-4f13-8732-b428a23d2245.Reason : 16d0fe26-9857-4477-8b2c-205100b6d095 has not seen follower/s b3ae6e77-09f2-43a9-bb74-0baf269e9625 for 150797ms fbfdc5e7-35fe-4dec-93a8-24c91dabe6d4 for 150797ms
2019-09-11 06:33:47,069 [org.apache.ratis.server.impl.LogAppender$AppenderDaemon$$Lambda$521/1122258981@502175d1] ERROR ratis.XceiverServerRatis (XceiverServerRatis.java:triggerPipelineClose(568)) - pipeline Action CLOSE  on pipeline PipelineID=1b05caeb-6612-4f13-8732-b428a23d2245.Reason : 16d0fe26-9857-4477-8b2c-205100b6d095 has not seen follower/s b3ae6e77-09f2-43a9-bb74-0baf269e9625 for 150797ms fbfdc5e7-35fe-4dec-93a8-24c91dabe6d4 for 150797ms
2019-09-11 06:33:47,561 [EventQueue-PipelineActionsForPipelineActionHandler] ERROR pipeline.PipelineActionHandler (PipelineActionHandler.java:onMessage(60)) - Received pipeline action CLOSE for Pipeline[ Id: 1b05caeb-6612-4f13-8732-b428a23d2245, Nodes: b3ae6e77-09f2-43a9-bb74-0baf269e9625{ip: 192.168.36.125, host: trunk-nightly-20190911-vpfxm-1000144475, networkLocation: /default-rack, certSerialId: null}fbfdc5e7-35fe-4dec-93a8-24c91dabe6d4{ip: 192.168.36.125, host: trunk-nightly-20190911-vpfxm-1000144475, networkLocation: /default-rack, certSerialId: null}16d0fe26-9857-4477-8b2c-205100b6d095{ip: 192.168.36.125, host: trunk-nightly-20190911-vpfxm-1000144475, networkLocation: /default-rack, certSerialId: null}, Type:RATIS, Factor:THREE, State:CLOSED] from datanode 16d0fe26-9857-4477-8b2c-205100b6d095{ip: 192.168.36.125, host: trunk-nightly-20190911-vpfxm-1000144475, networkLocation: /default-rack, certSerialId: null}. Reason : 16d0fe26-9857-4477-8b2c-205100b6d095 has not seen follower/s b3ae6e77-09f2-43a9-bb74-0baf269e9625 for 150797ms fbfdc5e7-35fe-4dec-93a8-24c91dabe6d4 for 150797ms
2019-09-11 06:33:47,561 [EventQueue-PipelineActionsForPipelineActionHandler] INFO  pipeline.SCMPipelineManager (SCMPipelineManager.java:finalizeAndDestroyPipeline(311)) - destroying pipeline:Pipeline[ Id: 1b05caeb-6612-4f13-8732-b428a23d2245, Nodes: b3ae6e77-09f2-43a9-bb74-0baf269e9625{ip: 192.168.36.125, host: trunk-nightly-20190911-vpfxm-1000144475, networkLocation: /default-rack, certSerialId: null}fbfdc5e7-35fe-4dec-93a8-24c91dabe6d4{ip: 192.168.36.125, host: trunk-nightly-20190911-vpfxm-1000144475, networkLocation: /default-rack, certSerialId: null}16d0fe26-9857-4477-8b2c-205100b6d095{ip: 192.168.36.125, host: trunk-nightly-20190911-vpfxm-1000144475, networkLocation: /default-rack, certSerialId: null}, Type:RATIS, Factor:THREE, State:CLOSED]
2019-09-11 06:33:47,568 [java.util.concurrent.ThreadPoolExecutor$Worker@550fe58d[State = -1, empty queue]] WARN  server.GrpcLogAppender (GrpcLogAppender.java:timeoutAppendRequest(200)) - 16d0fe26-9857-4477-8b2c-205100b6d095@group-B428A23D2245->b3ae6e77-09f2-43a9-bb74-0baf269e9625-GrpcLogAppender: appendEntries Timeout, request=16d0fe26-9857-4477-8b2c-205100b6d095->b3ae6e77-09f2-43a9-bb74-0baf269e9625#73-t1, previous=(t:1, i:13), leaderCommit=6, initializing? false, entries: <empty>
2019-09-11 06:33:47,568 [java.util.concurrent.ThreadPoolExecutor$Worker@2eb904fc[State = -1, empty queue]] WARN  server.GrpcLogAppender (GrpcLogAppender.java:timeoutAppendRequest(200)) - 16d0fe26-9857-4477-8b2c-205100b6d095@group-B428A23D2245->fbfdc5e7-35fe-4dec-93a8-24c91dabe6d4-GrpcLogAppender: appendEntries Timeout, request=16d0fe26-9857-4477-8b2c-205100b6d095->fbfdc5e7-35fe-4dec-93a8-24c91dabe6d4#73-t1, previous=(t:1, i:13), leaderCommit=6, initializing? false, entries: <empty>
2019-09-11 06:33:47,727 [grpc-default-executor-8] INFO  client.GrpcClientProtocolClient (GrpcClientProtocolClient.java:onNext(264)) - client-003637AF6369->b3ae6e77-09f2-43a9-bb74-0baf269e9625: receive RaftClientReply:client-003637AF6369->b3ae6e77-09f2-43a9-bb74-0baf269e9625@group-B428A23D2245, cid=42, FAILED org.apache.ratis.protocol.NotLeaderException: Server b3ae6e77-09f2-43a9-bb74-0baf269e9625@group-B428A23D2245 is not the leader 16d0fe26-9857-4477-8b2c-205100b6d095:192.168.36.125:33180, logIndex=0, commits[b3ae6e77-09f2-43a9-bb74-0baf269e9625:c6, 16d0fe26-9857-4477-8b2c-205100b6d095:c6, fbfdc5e7-35fe-4dec-93a8-24c91dabe6d4:c4]
2019-09-11 06:33:49,570 [org.apache.ratis.server.impl.LogAppender$AppenderDaemon$$Lambda$521/1122258981@132a2d3e] ERROR ratis.XceiverServerRatis (XceiverServerRatis.java:triggerPipelineClose(568)) - pipeline Action CLOSE  on pipeline PipelineID=1b05caeb-6612-4f13-8732-b428a23d2245.Reason : 16d0fe26-9857-4477-8b2c-205100b6d095 has not seen follower/s b3ae6e77-09f2-43a9-bb74-0baf269e9625 for 153298ms fbfdc5e7-35fe-4dec-93a8-24c91dabe6d4 for 153298ms
2019-09-11 06:33:49,570 [org.apache.ratis.server.impl.LogAppender$AppenderDaemon$$Lambda$521/1122258981@502175d1] ERROR ratis.XceiverServerRatis (XceiverServerRatis.java:triggerPipelineClose(568)) - pipeline Action CLOSE  on pipeline PipelineID=1b05caeb-6612-4f13-8732-b428a23d2245.Reason : 16d0fe26-9857-4477-8b2c-205100b6d095 has not seen follower/s b3ae6e77-09f2-43a9-bb74-0baf269e9625 for 153298ms fbfdc5e7-35fe-4dec-93a8-24c91dabe6d4 for 153298ms
2019-09-11 06:33:50,069 [java.util.concurrent.ThreadPoolExecutor$Worker@550fe58d[State = -1, empty queue]] WARN  server.GrpcLogAppender (GrpcLogAppender.java:timeoutAppendRequest(200)) - 16d0fe26-9857-4477-8b2c-205100b6d095@group-B428A23D2245->b3ae6e77-09f2-43a9-bb74-0baf269e9625-GrpcLogAppender: appendEntries Timeout, request=16d0fe26-9857-4477-8b2c-205100b6d095->b3ae6e77-09f2-43a9-bb74-0baf269e9625#74-t1, previous=(t:1, i:13), leaderCommit=6, initializing? false, entries: <empty>
2019-09-11 06:33:50,069 [java.util.concurrent.ThreadPoolExecutor$Worker@2eb904fc[State = -1, empty queue]] WARN  server.GrpcLogAppender (GrpcLogAppender.java:timeoutAppendRequest(200)) - 16d0fe26-9857-4477-8b2c-205100b6d095@group-B428A23D2245->fbfdc5e7-35fe-4dec-93a8-24c91dabe6d4-GrpcLogAppender: appendEntries Timeout, request=16d0fe26-9857-4477-8b2c-205100b6d095->fbfdc5e7-35fe-4dec-93a8-24c91dabe6d4#74-t1, previous=(t:1, i:13), leaderCommit=6, initializing? false, entries: <empty>
2019-09-11 06:33:50,561 [EventQueue-PipelineActionsForPipelineActionHandler] ERROR pipeline.PipelineActionHandler (PipelineActionHandler.java:onMessage(60)) - Received pipeline action CLOSE for Pipeline[ Id: 1b05caeb-6612-4f13-8732-b428a23d2245, Nodes: b3ae6e77-09f2-43a9-bb74-0baf269e9625{ip: 192.168.36.125, host: trunk-nightly-20190911-vpfxm-1000144475, networkLocation: /default-rack, certSerialId: null}fbfdc5e7-35fe-4dec-93a8-24c91dabe6d4{ip: 192.168.36.125, host: trunk-nightly-20190911-vpfxm-1000144475, networkLocation: /default-rack, certSerialId: null}16d0fe26-9857-4477-8b2c-205100b6d095{ip: 192.168.36.125, host: trunk-nightly-20190911-vpfxm-1000144475, networkLocation: /default-rack, certSerialId: null}, Type:RATIS, Factor:THREE, State:CLOSED] from datanode 16d0fe26-9857-4477-8b2c-205100b6d095{ip: 192.168.36.125, host: trunk-nightly-20190911-vpfxm-1000144475, networkLocation: /default-rack, certSerialId: null}. Reason : 16d0fe26-9857-4477-8b2c-205100b6d095 has not seen follower/s b3ae6e77-09f2-43a9-bb74-0baf269e9625 for 153298ms fbfdc5e7-35fe-4dec-93a8-24c91dabe6d4 for 153298ms
2019-09-11 06:33:50,561 [EventQueue-PipelineActionsForPipelineActionHandler] INFO  pipeline.SCMPipelineManager (SCMPipelineManager.java:finalizeAndDestroyPipeline(311)) - destroying pipeline:Pipeline[ Id: 1b05caeb-6612-4f13-8732-b428a23d2245, Nodes: b3ae6e77-09f2-43a9-bb74-0baf269e9625{ip: 192.168.36.125, host: trunk-nightly-20190911-vpfxm-1000144475, networkLocation: /default-rack, certSerialId: null}fbfdc5e7-35fe-4dec-93a8-24c91dabe6d4{ip: 192.168.36.125, host: trunk-nightly-20190911-vpfxm-1000144475, networkLocation: /default-rack, certSerialId: null}16d0fe26-9857-4477-8b2c-205100b6d095{ip: 192.168.36.125, host: trunk-nightly-20190911-vpfxm-1000144475, networkLocation: /default-rack, certSerialId: null}, Type:RATIS, Factor:THREE, State:CLOSED]
2019-09-11 06:33:52,070 [org.apache.ratis.server.impl.LogAppender$AppenderDaemon$$Lambda$521/1122258981@502175d1] ERROR ratis.XceiverServerRatis (XceiverServerRatis.java:triggerPipelineClose(568)) - pipeline Action CLOSE  on pipeline PipelineID=1b05caeb-6612-4f13-8732-b428a23d2245.Reason : 16d0fe26-9857-4477-8b2c-205100b6d095 has not seen follower/s b3ae6e77-09f2-43a9-bb74-0baf269e9625 for 155799ms fbfdc5e7-35fe-4dec-93a8-24c91dabe6d4 for 155799ms
2019-09-11 06:33:52,071 [org.apache.ratis.server.impl.LogAppender$AppenderDaemon$$Lambda$521/1122258981@132a2d3e] ERROR ratis.XceiverServerRatis (XceiverServerRatis.java:triggerPipelineClose(568)) - pipeline Action CLOSE  on pipeline PipelineID=1b05caeb-6612-4f13-8732-b428a23d2245.Reason : 16d0fe26-9857-4477-8b2c-205100b6d095 has not seen follower/s b3ae6e77-09f2-43a9-bb74-0baf269e9625 for 155799ms fbfdc5e7-35fe-4dec-93a8-24c91dabe6d4 for 155799ms
2019-09-11 06:33:52,562 [EventQueue-PipelineActionsForPipelineActionHandler] ERROR pipeline.PipelineActionHandler (PipelineActionHandler.java:onMessage(60)) - Received pipeline action CLOSE for Pipeline[ Id: 1b05caeb-6612-4f13-8732-b428a23d2245, Nodes: b3ae6e77-09f2-43a9-bb74-0baf269e9625{ip: 192.168.36.125, host: trunk-nightly-20190911-vpfxm-1000144475, networkLocation: /default-rack, certSerialId: null}fbfdc5e7-35fe-4dec-93a8-24c91dabe6d4{ip: 192.168.36.125, host: trunk-nightly-20190911-vpfxm-1000144475, networkLocation: /default-rack, certSerialId: null}16d0fe26-9857-4477-8b2c-205100b6d095{ip: 192.168.36.125, host: trunk-nightly-20190911-vpfxm-1000144475, networkLocation: /default-rack, certSerialId: null}, Type:RATIS, Factor:THREE, State:CLOSED] from datanode 16d0fe26-9857-4477-8b2c-205100b6d095{ip: 192.168.36.125, host: trunk-nightly-20190911-vpfxm-1000144475, networkLocation: /default-rack, certSerialId: null}. Reason : 16d0fe26-9857-4477-8b2c-205100b6d095 has not seen follower/s b3ae6e77-09f2-43a9-bb74-0baf269e9625 for 155799ms fbfdc5e7-35fe-4dec-93a8-24c91dabe6d4 for 155799ms
2019-09-11 06:33:52,562 [EventQueue-PipelineActionsForPipelineActionHandler] INFO  pipeline.SCMPipelineManager (SCMPipelineManager.java:finalizeAndDestroyPipeline(311)) - destroying pipeline:Pipeline[ Id: 1b05caeb-6612-4f13-8732-b428a23d2245, Nodes: b3ae6e77-09f2-43a9-bb74-0baf269e9625{ip: 192.168.36.125, host: trunk-nightly-20190911-vpfxm-1000144475, networkLocation: /default-rack, certSerialId: null}fbfdc5e7-35fe-4dec-93a8-24c91dabe6d4{ip: 192.168.36.125, host: trunk-nightly-20190911-vpfxm-1000144475, networkLocation: /default-rack, certSerialId: null}16d0fe26-9857-4477-8b2c-205100b6d095{ip: 192.168.36.125, host: trunk-nightly-20190911-vpfxm-1000144475, networkLocation: /default-rack, certSerialId: null}, Type:RATIS, Factor:THREE, State:CLOSED]
2019-09-11 06:33:52,570 [java.util.concurrent.ThreadPoolExecutor$Worker@2eb904fc[State = -1, empty queue]] WARN  server.GrpcLogAppender (GrpcLogAppender.java:timeoutAppendRequest(200)) - 16d0fe26-9857-4477-8b2c-205100b6d095@group-B428A23D2245->fbfdc5e7-35fe-4dec-93a8-24c91dabe6d4-GrpcLogAppender: appendEntries Timeout, request=16d0fe26-9857-4477-8b2c-205100b6d095->fbfdc5e7-35fe-4dec-93a8-24c91dabe6d4#75-t1, previous=(t:1, i:13), leaderCommit=6, initializing? false, entries: <empty>
2019-09-11 06:33:52,570 [java.util.concurrent.ThreadPoolExecutor$Worker@550fe58d[State = -1, empty queue]] WARN  server.GrpcLogAppender (GrpcLogAppender.java:timeoutAppendRequest(200)) - 16d0fe26-9857-4477-8b2c-205100b6d095@group-B428A23D2245->b3ae6e77-09f2-43a9-bb74-0baf269e9625-GrpcLogAppender: appendEntries Timeout, request=16d0fe26-9857-4477-8b2c-205100b6d095->b3ae6e77-09f2-43a9-bb74-0baf269e9625#75-t1, previous=(t:1, i:13), leaderCommit=6, initializing? false, entries: <empty>
2019-09-11 06:33:52,782 [grpc-default-executor-5] INFO  client.GrpcClientProtocolClient (GrpcClientProtocolClient.java:onNext(264)) - client-003637AF6369->b3ae6e77-09f2-43a9-bb74-0baf269e9625: receive RaftClientReply:client-003637AF6369->b3ae6e77-09f2-43a9-bb74-0baf269e9625@group-B428A23D2245, cid=42, FAILED org.apache.ratis.protocol.NotLeaderException: Server b3ae6e77-09f2-43a9-bb74-0baf269e9625@group-B428A23D2245 is not the leader 16d0fe26-9857-4477-8b2c-205100b6d095:192.168.36.125:33180, logIndex=0, commits[b3ae6e77-09f2-43a9-bb74-0baf269e9625:c6, 16d0fe26-9857-4477-8b2c-205100b6d095:c6, fbfdc5e7-35fe-4dec-93a8-24c91dabe6d4:c4]
2019-09-11 06:33:54,570 [org.apache.ratis.server.impl.LogAppender$AppenderDaemon$$Lambda$521/1122258981@502175d1] ERROR ratis.XceiverServerRatis (XceiverServerRatis.java:triggerPipelineClose(568)) - pipeline Action CLOSE  on pipeline PipelineID=1b05caeb-6612-4f13-8732-b428a23d2245.Reason : 16d0fe26-9857-4477-8b2c-205100b6d095 has not seen follower/s b3ae6e77-09f2-43a9-bb74-0baf269e9625 for 158299ms fbfdc5e7-35fe-4dec-93a8-24c91dabe6d4 for 158299ms
2019-09-11 06:33:54,572 [org.apache.ratis.server.impl.LogAppender$AppenderDaemon$$Lambda$521/1122258981@132a2d3e] ERROR ratis.XceiverServerRatis (XceiverServerRatis.java:triggerPipelineClose(568)) - pipeline Action CLOSE  on pipeline PipelineID=1b05caeb-6612-4f13-8732-b428a23d2245.Reason : 16d0fe26-9857-4477-8b2c-205100b6d095 has not seen follower/s b3ae6e77-09f2-43a9-bb74-0baf269e9625 for 158300ms fbfdc5e7-35fe-4dec-93a8-24c91dabe6d4 for 158300ms
2019-09-11 06:33:55,070 [java.util.concurrent.ThreadPoolExecutor$Worker@550fe58d[State = -1, empty queue]] WARN  server.GrpcLogAppender (GrpcLogAppender.java:timeoutAppendRequest(200)) - 16d0fe26-9857-4477-8b2c-205100b6d095@group-B428A23D2245->b3ae6e77-09f2-43a9-bb74-0baf269e9625-GrpcLogAppender: appendEntries Timeout, request=16d0fe26-9857-4477-8b2c-205100b6d095->b3ae6e77-09f2-43a9-bb74-0baf269e9625#76-t1, previous=(t:1, i:13), leaderCommit=6, initializing? false, entries: <empty>
2019-09-11 06:33:55,071 [java.util.concurrent.ThreadPoolExecutor$Worker@2eb904fc[State = -1, empty queue]] WARN  server.GrpcLogAppender (GrpcLogAppender.java:timeoutAppendRequest(200)) - 16d0fe26-9857-4477-8b2c-205100b6d095@group-B428A23D2245->fbfdc5e7-35fe-4dec-93a8-24c91dabe6d4-GrpcLogAppender: appendEntries Timeout, request=16d0fe26-9857-4477-8b2c-205100b6d095->fbfdc5e7-35fe-4dec-93a8-24c91dabe6d4#76-t1, previous=(t:1, i:13), leaderCommit=6, initializing? false, entries: <empty>
2019-09-11 06:33:55,561 [EventQueue-PipelineActionsForPipelineActionHandler] ERROR pipeline.PipelineActionHandler (PipelineActionHandler.java:onMessage(60)) - Received pipeline action CLOSE for Pipeline[ Id: 1b05caeb-6612-4f13-8732-b428a23d2245, Nodes: b3ae6e77-09f2-43a9-bb74-0baf269e9625{ip: 192.168.36.125, host: trunk-nightly-20190911-vpfxm-1000144475, networkLocation: /default-rack, certSerialId: null}fbfdc5e7-35fe-4dec-93a8-24c91dabe6d4{ip: 192.168.36.125, host: trunk-nightly-20190911-vpfxm-1000144475, networkLocation: /default-rack, certSerialId: null}16d0fe26-9857-4477-8b2c-205100b6d095{ip: 192.168.36.125, host: trunk-nightly-20190911-vpfxm-1000144475, networkLocation: /default-rack, certSerialId: null}, Type:RATIS, Factor:THREE, State:CLOSED] from datanode 16d0fe26-9857-4477-8b2c-205100b6d095{ip: 192.168.36.125, host: trunk-nightly-20190911-vpfxm-1000144475, networkLocation: /default-rack, certSerialId: null}. Reason : 16d0fe26-9857-4477-8b2c-205100b6d095 has not seen follower/s b3ae6e77-09f2-43a9-bb74-0baf269e9625 for 158299ms fbfdc5e7-35fe-4dec-93a8-24c91dabe6d4 for 158299ms
2019-09-11 06:33:55,562 [EventQueue-PipelineActionsForPipelineActionHandler] INFO  pipeline.SCMPipelineManager (SCMPipelineManager.java:finalizeAndDestroyPipeline(311)) - destroying pipeline:Pipeline[ Id: 1b05caeb-6612-4f13-8732-b428a23d2245, Nodes: b3ae6e77-09f2-43a9-bb74-0baf269e9625{ip: 192.168.36.125, host: trunk-nightly-20190911-vpfxm-1000144475, networkLocation: /default-rack, certSerialId: null}fbfdc5e7-35fe-4dec-93a8-24c91dabe6d4{ip: 192.168.36.125, host: trunk-nightly-20190911-vpfxm-1000144475, networkLocation: /default-rack, certSerialId: null}16d0fe26-9857-4477-8b2c-205100b6d095{ip: 192.168.36.125, host: trunk-nightly-20190911-vpfxm-1000144475, networkLocation: /default-rack, certSerialId: null}, Type:RATIS, Factor:THREE, State:CLOSED]
2019-09-11 06:33:56,372 [b3ae6e77-09f2-43a9-bb74-0baf269e9625@group-B428A23D2245-SegmentedRaftLogWorker] WARN  segmented.SegmentedRaftLogWorker (SegmentedRaftLogWorker.java:getFromFuture(90)) - Timeout 15/~
org.apache.ratis.protocol.TimeoutIOException: Timeout 10s: WriteLog:7: (t:1, i:7), STATEMACHINELOGENTRY, client-003637AF6369, cid=42-writeStateMachineData
	at org.apache.ratis.util.IOUtils.getFromFuture(IOUtils.java:87)
	at org.apache.ratis.server.raftlog.segmented.SegmentedRaftLogWorker$StateMachineDataPolicy.getFromFuture(SegmentedRaftLogWorker.java:87)
	at org.apache.ratis.server.raftlog.segmented.SegmentedRaftLogWorker$WriteLog.execute(SegmentedRaftLogWorker.java:477)
	at org.apache.ratis.server.raftlog.segmented.SegmentedRaftLogWorker.run(SegmentedRaftLogWorker.java:289)
	at java.lang.Thread.run(Thread.java:748)
Caused by: java.util.concurrent.TimeoutException
	at java.util.concurrent.CompletableFuture.timedGet(CompletableFuture.java:1771)
	at java.util.concurrent.CompletableFuture.get(CompletableFuture.java:1915)
	at org.apache.ratis.util.IOUtils.getFromFuture(IOUtils.java:79)
	... 4 more
2019-09-11 06:33:56,395 [fbfdc5e7-35fe-4dec-93a8-24c91dabe6d4@group-B428A23D2245-SegmentedRaftLogWorker] WARN  segmented.SegmentedRaftLogWorker (SegmentedRaftLogWorker.java:getFromFuture(90)) - Timeout 15/~
org.apache.ratis.protocol.TimeoutIOException: Timeout 10s: WriteLog:7: (t:1, i:7), STATEMACHINELOGENTRY, client-003637AF6369, cid=42-writeStateMachineData
	at org.apache.ratis.util.IOUtils.getFromFuture(IOUtils.java:87)
	at org.apache.ratis.server.raftlog.segmented.SegmentedRaftLogWorker$StateMachineDataPolicy.getFromFuture(SegmentedRaftLogWorker.java:87)
	at org.apache.ratis.server.raftlog.segmented.SegmentedRaftLogWorker$WriteLog.execute(SegmentedRaftLogWorker.java:477)
	at org.apache.ratis.server.raftlog.segmented.SegmentedRaftLogWorker.run(SegmentedRaftLogWorker.java:289)
	at java.lang.Thread.run(Thread.java:748)
Caused by: java.util.concurrent.TimeoutException
	at java.util.concurrent.CompletableFuture.timedGet(CompletableFuture.java:1771)
	at java.util.concurrent.CompletableFuture.get(CompletableFuture.java:1915)
	at org.apache.ratis.util.IOUtils.getFromFuture(IOUtils.java:79)
	... 4 more
2019-09-11 06:33:56,497 [16d0fe26-9857-4477-8b2c-205100b6d095@group-B428A23D2245-SegmentedRaftLogWorker] WARN  segmented.SegmentedRaftLogWorker (SegmentedRaftLogWorker.java:getFromFuture(90)) - Timeout 15/~
org.apache.ratis.protocol.TimeoutIOException: Timeout 10s: WriteLog:10: (t:1, i:10), STATEMACHINELOGENTRY, client-003637AF6369, cid=45-writeStateMachineData
	at org.apache.ratis.util.IOUtils.getFromFuture(IOUtils.java:87)
	at org.apache.ratis.server.raftlog.segmented.SegmentedRaftLogWorker$StateMachineDataPolicy.getFromFuture(SegmentedRaftLogWorker.java:87)
	at org.apache.ratis.server.raftlog.segmented.SegmentedRaftLogWorker$WriteLog.execute(SegmentedRaftLogWorker.java:477)
	at org.apache.ratis.server.raftlog.segmented.SegmentedRaftLogWorker.run(SegmentedRaftLogWorker.java:289)
	at java.lang.Thread.run(Thread.java:748)
Caused by: java.util.concurrent.TimeoutException
	at java.util.concurrent.CompletableFuture.timedGet(CompletableFuture.java:1771)
	at java.util.concurrent.CompletableFuture.get(CompletableFuture.java:1915)
	at org.apache.ratis.util.IOUtils.getFromFuture(IOUtils.java:79)
	... 4 more
2019-09-11 06:33:57,071 [org.apache.ratis.server.impl.LogAppender$AppenderDaemon$$Lambda$521/1122258981@502175d1] ERROR ratis.XceiverServerRatis (XceiverServerRatis.java:triggerPipelineClose(568)) - pipeline Action CLOSE  on pipeline PipelineID=1b05caeb-6612-4f13-8732-b428a23d2245.Reason : 16d0fe26-9857-4477-8b2c-205100b6d095 has not seen follower/s b3ae6e77-09f2-43a9-bb74-0baf269e9625 for 160799ms fbfdc5e7-35fe-4dec-93a8-24c91dabe6d4 for 160800ms
2019-09-11 06:33:57,072 [org.apache.ratis.server.impl.LogAppender$AppenderDaemon$$Lambda$521/1122258981@132a2d3e] ERROR ratis.XceiverServerRatis (XceiverServerRatis.java:triggerPipelineClose(568)) - pipeline Action CLOSE  on pipeline PipelineID=1b05caeb-6612-4f13-8732-b428a23d2245.Reason : 16d0fe26-9857-4477-8b2c-205100b6d095 has not seen follower/s b3ae6e77-09f2-43a9-bb74-0baf269e9625 for 160801ms fbfdc5e7-35fe-4dec-93a8-24c91dabe6d4 for 160801ms
2019-09-11 06:33:57,562 [EventQueue-PipelineActionsForPipelineActionHandler] ERROR pipeline.PipelineActionHandler (PipelineActionHandler.java:onMessage(60)) - Received pipeline action CLOSE for Pipeline[ Id: 1b05caeb-6612-4f13-8732-b428a23d2245, Nodes: b3ae6e77-09f2-43a9-bb74-0baf269e9625{ip: 192.168.36.125, host: trunk-nightly-20190911-vpfxm-1000144475, networkLocation: /default-rack, certSerialId: null}fbfdc5e7-35fe-4dec-93a8-24c91dabe6d4{ip: 192.168.36.125, host: trunk-nightly-20190911-vpfxm-1000144475, networkLocation: /default-rack, certSerialId: null}16d0fe26-9857-4477-8b2c-205100b6d095{ip: 192.168.36.125, host: trunk-nightly-20190911-vpfxm-1000144475, networkLocation: /default-rack, certSerialId: null}, Type:RATIS, Factor:THREE, State:CLOSED] from datanode 16d0fe26-9857-4477-8b2c-205100b6d095{ip: 192.168.36.125, host: trunk-nightly-20190911-vpfxm-1000144475, networkLocation: /default-rack, certSerialId: null}. Reason : 16d0fe26-9857-4477-8b2c-205100b6d095 has not seen follower/s b3ae6e77-09f2-43a9-bb74-0baf269e9625 for 160799ms fbfdc5e7-35fe-4dec-93a8-24c91dabe6d4 for 160800ms
2019-09-11 06:33:57,562 [EventQueue-PipelineActionsForPipelineActionHandler] INFO  pipeline.SCMPipelineManager (SCMPipelineManager.java:finalizeAndDestroyPipeline(311)) - destroying pipeline:Pipeline[ Id: 1b05caeb-6612-4f13-8732-b428a23d2245, Nodes: b3ae6e77-09f2-43a9-bb74-0baf269e9625{ip: 192.168.36.125, host: trunk-nightly-20190911-vpfxm-1000144475, networkLocation: /default-rack, certSerialId: null}fbfdc5e7-35fe-4dec-93a8-24c91dabe6d4{ip: 192.168.36.125, host: trunk-nightly-20190911-vpfxm-1000144475, networkLocation: /default-rack, certSerialId: null}16d0fe26-9857-4477-8b2c-205100b6d095{ip: 192.168.36.125, host: trunk-nightly-20190911-vpfxm-1000144475, networkLocation: /default-rack, certSerialId: null}, Type:RATIS, Factor:THREE, State:CLOSED]
2019-09-11 06:33:57,570 [java.util.concurrent.ThreadPoolExecutor$Worker@550fe58d[State = -1, empty queue]] WARN  server.GrpcLogAppender (GrpcLogAppender.java:timeoutAppendRequest(200)) - 16d0fe26-9857-4477-8b2c-205100b6d095@group-B428A23D2245->b3ae6e77-09f2-43a9-bb74-0baf269e9625-GrpcLogAppender: appendEntries Timeout, request=16d0fe26-9857-4477-8b2c-205100b6d095->b3ae6e77-09f2-43a9-bb74-0baf269e9625#77-t1, previous=(t:1, i:13), leaderCommit=6, initializing? false, entries: <empty>
2019-09-11 06:33:57,572 [java.util.concurrent.ThreadPoolExecutor$Worker@2eb904fc[State = -1, empty queue]] WARN  server.GrpcLogAppender (GrpcLogAppender.java:timeoutAppendRequest(200)) - 16d0fe26-9857-4477-8b2c-205100b6d095@group-B428A23D2245->fbfdc5e7-35fe-4dec-93a8-24c91dabe6d4-GrpcLogAppender: appendEntries Timeout, request=16d0fe26-9857-4477-8b2c-205100b6d095->fbfdc5e7-35fe-4dec-93a8-24c91dabe6d4#77-t1, previous=(t:1, i:13), leaderCommit=6, initializing? false, entries: <empty>
2019-09-11 06:33:57,719 [grpc-default-executor-7] INFO  impl.RaftServerProxy (RaftServerProxy.java:addNew(89)) - b3ae6e77-09f2-43a9-bb74-0baf269e9625: addNew group-CA81F8A6D43C:[b3ae6e77-09f2-43a9-bb74-0baf269e9625:192.168.36.125:37266, 16d0fe26-9857-4477-8b2c-205100b6d095:192.168.36.125:33180, fbfdc5e7-35fe-4dec-93a8-24c91dabe6d4:192.168.36.125:35103] returns group-CA81F8A6D43C:java.util.concurrent.CompletableFuture@616ee47c[Not completed]
2019-09-11 06:33:57,719 [grpc-default-executor-8] INFO  impl.RaftServerProxy (RaftServerProxy.java:addNew(89)) - fbfdc5e7-35fe-4dec-93a8-24c91dabe6d4: addNew group-CA81F8A6D43C:[b3ae6e77-09f2-43a9-bb74-0baf269e9625:192.168.36.125:37266, 16d0fe26-9857-4477-8b2c-205100b6d095:192.168.36.125:33180, fbfdc5e7-35fe-4dec-93a8-24c91dabe6d4:192.168.36.125:35103] returns group-CA81F8A6D43C:java.util.concurrent.CompletableFuture@60582f6c[Not completed]
2019-09-11 06:33:57,719 [grpc-default-executor-5] INFO  impl.RaftServerProxy (RaftServerProxy.java:addNew(89)) - 16d0fe26-9857-4477-8b2c-205100b6d095: addNew group-CA81F8A6D43C:[b3ae6e77-09f2-43a9-bb74-0baf269e9625:192.168.36.125:37266, 16d0fe26-9857-4477-8b2c-205100b6d095:192.168.36.125:33180, fbfdc5e7-35fe-4dec-93a8-24c91dabe6d4:192.168.36.125:35103] returns group-CA81F8A6D43C:java.util.concurrent.CompletableFuture@1bc12468[Not completed]
2019-09-11 06:33:57,721 [pool-87-thread-1] INFO  impl.RaftServerImpl (RaftServerImpl.java:<init>(95)) - 16d0fe26-9857-4477-8b2c-205100b6d095: new RaftServerImpl for group-CA81F8A6D43C:[b3ae6e77-09f2-43a9-bb74-0baf269e9625:192.168.36.125:37266, 16d0fe26-9857-4477-8b2c-205100b6d095:192.168.36.125:33180, fbfdc5e7-35fe-4dec-93a8-24c91dabe6d4:192.168.36.125:35103] with ContainerStateMachine:uninitialized
2019-09-11 06:33:57,721 [pool-87-thread-1] INFO  server.RaftServerConfigKeys (ConfUtils.java:logGet(43)) - raft.server.rpc.timeout.min = 5s (custom)
2019-09-11 06:33:57,722 [pool-87-thread-1] INFO  server.RaftServerConfigKeys (ConfUtils.java:logGet(43)) - raft.server.rpc.timeout.max = 5200ms (custom)
2019-09-11 06:33:57,722 [pool-87-thread-1] INFO  server.RaftServerConfigKeys (ConfUtils.java:logGet(43)) - raft.server.rpcslowness.timeout = 120s (custom)
2019-09-11 06:33:57,722 [pool-77-thread-1] INFO  impl.RaftServerImpl (RaftServerImpl.java:<init>(95)) - fbfdc5e7-35fe-4dec-93a8-24c91dabe6d4: new RaftServerImpl for group-CA81F8A6D43C:[b3ae6e77-09f2-43a9-bb74-0baf269e9625:192.168.36.125:37266, 16d0fe26-9857-4477-8b2c-205100b6d095:192.168.36.125:33180, fbfdc5e7-35fe-4dec-93a8-24c91dabe6d4:192.168.36.125:35103] with ContainerStateMachine:uninitialized
2019-09-11 06:33:57,722 [pool-87-thread-1] INFO  server.RaftServerConfigKeys (ConfUtils.java:logGet(43)) - raft.server.sleep.deviation.threshold = 300 (default)
2019-09-11 06:33:57,722 [pool-77-thread-1] INFO  server.RaftServerConfigKeys (ConfUtils.java:logGet(43)) - raft.server.rpc.timeout.min = 5s (custom)
2019-09-11 06:33:57,722 [pool-87-thread-1] INFO  server.RaftServerConfigKeys (ConfUtils.java:logGet(43)) - raft.server.log.appender.install.snapshot.enabled = false (custom)
2019-09-11 06:33:57,722 [pool-77-thread-1] INFO  server.RaftServerConfigKeys (ConfUtils.java:logGet(43)) - raft.server.rpc.timeout.max = 5200ms (custom)
2019-09-11 06:33:57,722 [pool-87-thread-1] INFO  impl.RaftServerImpl (ServerState.java:<init>(103)) - 16d0fe26-9857-4477-8b2c-205100b6d095@group-CA81F8A6D43C: ConfigurationManager, init=-1: [b3ae6e77-09f2-43a9-bb74-0baf269e9625:192.168.36.125:37266, 16d0fe26-9857-4477-8b2c-205100b6d095:192.168.36.125:33180, fbfdc5e7-35fe-4dec-93a8-24c91dabe6d4:192.168.36.125:35103], old=null, confs=<EMPTY_MAP>
2019-09-11 06:33:57,722 [pool-77-thread-1] INFO  server.RaftServerConfigKeys (ConfUtils.java:logGet(43)) - raft.server.rpcslowness.timeout = 120s (custom)
2019-09-11 06:33:57,722 [pool-47-thread-1] INFO  impl.RaftServerImpl (RaftServerImpl.java:<init>(95)) - b3ae6e77-09f2-43a9-bb74-0baf269e9625: new RaftServerImpl for group-CA81F8A6D43C:[b3ae6e77-09f2-43a9-bb74-0baf269e9625:192.168.36.125:37266, 16d0fe26-9857-4477-8b2c-205100b6d095:192.168.36.125:33180, fbfdc5e7-35fe-4dec-93a8-24c91dabe6d4:192.168.36.125:35103] with ContainerStateMachine:uninitialized
2019-09-11 06:33:57,722 [pool-77-thread-1] INFO  server.RaftServerConfigKeys (ConfUtils.java:logGet(43)) - raft.server.sleep.deviation.threshold = 300 (default)
2019-09-11 06:33:57,722 [pool-87-thread-1] INFO  server.RaftServerConfigKeys (ConfUtils.java:logGet(43)) - raft.server.storage.dir = [/workdir/hadoop-ozone/integration-test/target/test-dir/MiniOzoneClusterImpl-9d70c5ba-4c04-47f2-8d5c-a3af1a60ee61/datanode-6/data/ratis] (custom)
2019-09-11 06:33:57,722 [pool-47-thread-1] INFO  server.RaftServerConfigKeys (ConfUtils.java:logGet(43)) - raft.server.rpc.timeout.min = 5s (custom)
2019-09-11 06:33:57,723 [pool-77-thread-1] INFO  server.RaftServerConfigKeys (ConfUtils.java:logGet(43)) - raft.server.log.appender.install.snapshot.enabled = false (custom)
2019-09-11 06:33:57,723 [pool-47-thread-1] INFO  server.RaftServerConfigKeys (ConfUtils.java:logGet(43)) - raft.server.rpc.timeout.max = 5200ms (custom)
2019-09-11 06:33:57,723 [pool-77-thread-1] INFO  impl.RaftServerImpl (ServerState.java:<init>(103)) - fbfdc5e7-35fe-4dec-93a8-24c91dabe6d4@group-CA81F8A6D43C: ConfigurationManager, init=-1: [b3ae6e77-09f2-43a9-bb74-0baf269e9625:192.168.36.125:37266, 16d0fe26-9857-4477-8b2c-205100b6d095:192.168.36.125:33180, fbfdc5e7-35fe-4dec-93a8-24c91dabe6d4:192.168.36.125:35103], old=null, confs=<EMPTY_MAP>
2019-09-11 06:33:57,723 [pool-87-thread-1] INFO  storage.RaftStorageDirectory (RaftStorageDirectory.java:analyzeStorage(246)) - The storage directory /workdir/hadoop-ozone/integration-test/target/test-dir/MiniOzoneClusterImpl-9d70c5ba-4c04-47f2-8d5c-a3af1a60ee61/datanode-6/data/ratis/51347fa5-e984-4924-91bb-ca81f8a6d43c does not exist. Creating ...
2019-09-11 06:33:57,723 [pool-47-thread-1] INFO  server.RaftServerConfigKeys (ConfUtils.java:logGet(43)) - raft.server.rpcslowness.timeout = 120s (custom)
2019-09-11 06:33:57,723 [pool-77-thread-1] INFO  server.RaftServerConfigKeys (ConfUtils.java:logGet(43)) - raft.server.storage.dir = [/workdir/hadoop-ozone/integration-test/target/test-dir/MiniOzoneClusterImpl-9d70c5ba-4c04-47f2-8d5c-a3af1a60ee61/datanode-5/data/ratis] (custom)
2019-09-11 06:33:57,723 [pool-47-thread-1] INFO  server.RaftServerConfigKeys (ConfUtils.java:logGet(43)) - raft.server.sleep.deviation.threshold = 300 (default)
2019-09-11 06:33:57,723 [pool-47-thread-1] INFO  server.RaftServerConfigKeys (ConfUtils.java:logGet(43)) - raft.server.log.appender.install.snapshot.enabled = false (custom)
2019-09-11 06:33:57,723 [pool-77-thread-1] INFO  storage.RaftStorageDirectory (RaftStorageDirectory.java:analyzeStorage(246)) - The storage directory /workdir/hadoop-ozone/integration-test/target/test-dir/MiniOzoneClusterImpl-9d70c5ba-4c04-47f2-8d5c-a3af1a60ee61/datanode-5/data/ratis/51347fa5-e984-4924-91bb-ca81f8a6d43c does not exist. Creating ...
2019-09-11 06:33:57,723 [pool-47-thread-1] INFO  impl.RaftServerImpl (ServerState.java:<init>(103)) - b3ae6e77-09f2-43a9-bb74-0baf269e9625@group-CA81F8A6D43C: ConfigurationManager, init=-1: [b3ae6e77-09f2-43a9-bb74-0baf269e9625:192.168.36.125:37266, 16d0fe26-9857-4477-8b2c-205100b6d095:192.168.36.125:33180, fbfdc5e7-35fe-4dec-93a8-24c91dabe6d4:192.168.36.125:35103], old=null, confs=<EMPTY_MAP>
2019-09-11 06:33:57,724 [pool-47-thread-1] INFO  server.RaftServerConfigKeys (ConfUtils.java:logGet(43)) - raft.server.storage.dir = [/workdir/hadoop-ozone/integration-test/target/test-dir/MiniOzoneClusterImpl-9d70c5ba-4c04-47f2-8d5c-a3af1a60ee61/datanode-2/data/ratis] (custom)
2019-09-11 06:33:57,724 [pool-47-thread-1] INFO  storage.RaftStorageDirectory (RaftStorageDirectory.java:analyzeStorage(246)) - The storage directory /workdir/hadoop-ozone/integration-test/target/test-dir/MiniOzoneClusterImpl-9d70c5ba-4c04-47f2-8d5c-a3af1a60ee61/datanode-2/data/ratis/51347fa5-e984-4924-91bb-ca81f8a6d43c does not exist. Creating ...
2019-09-11 06:33:57,778 [pool-47-thread-1] INFO  storage.RaftStorageDirectory (RaftStorageDirectory.java:tryLock(328)) - Lock on /workdir/hadoop-ozone/integration-test/target/test-dir/MiniOzoneClusterImpl-9d70c5ba-4c04-47f2-8d5c-a3af1a60ee61/datanode-2/data/ratis/51347fa5-e984-4924-91bb-ca81f8a6d43c/in_use.lock acquired by nodename 15250@trunk-nightly-20190911-vpfxm-1000144475
2019-09-11 06:33:57,778 [pool-87-thread-1] INFO  storage.RaftStorageDirectory (RaftStorageDirectory.java:tryLock(328)) - Lock on /workdir/hadoop-ozone/integration-test/target/test-dir/MiniOzoneClusterImpl-9d70c5ba-4c04-47f2-8d5c-a3af1a60ee61/datanode-6/data/ratis/51347fa5-e984-4924-91bb-ca81f8a6d43c/in_use.lock acquired by nodename 15250@trunk-nightly-20190911-vpfxm-1000144475
2019-09-11 06:33:57,778 [pool-77-thread-1] INFO  storage.RaftStorageDirectory (RaftStorageDirectory.java:tryLock(328)) - Lock on /workdir/hadoop-ozone/integration-test/target/test-dir/MiniOzoneClusterImpl-9d70c5ba-4c04-47f2-8d5c-a3af1a60ee61/datanode-5/data/ratis/51347fa5-e984-4924-91bb-ca81f8a6d43c/in_use.lock acquired by nodename 15250@trunk-nightly-20190911-vpfxm-1000144475
2019-09-11 06:33:57,790 [pool-47-thread-1] INFO  storage.RaftStorage (RaftStorage.java:format(72)) - Storage directory /workdir/hadoop-ozone/integration-test/target/test-dir/MiniOzoneClusterImpl-9d70c5ba-4c04-47f2-8d5c-a3af1a60ee61/datanode-2/data/ratis/51347fa5-e984-4924-91bb-ca81f8a6d43c has been successfully formatted.
2019-09-11 06:33:57,790 [pool-77-thread-1] INFO  storage.RaftStorage (RaftStorage.java:format(72)) - Storage directory /workdir/hadoop-ozone/integration-test/target/test-dir/MiniOzoneClusterImpl-9d70c5ba-4c04-47f2-8d5c-a3af1a60ee61/datanode-5/data/ratis/51347fa5-e984-4924-91bb-ca81f8a6d43c has been successfully formatted.
2019-09-11 06:33:57,790 [pool-87-thread-1] INFO  storage.RaftStorage (RaftStorage.java:format(72)) - Storage directory /workdir/hadoop-ozone/integration-test/target/test-dir/MiniOzoneClusterImpl-9d70c5ba-4c04-47f2-8d5c-a3af1a60ee61/datanode-6/data/ratis/51347fa5-e984-4924-91bb-ca81f8a6d43c has been successfully formatted.
2019-09-11 06:33:57,790 [pool-77-thread-1] INFO  ratis.ContainerStateMachine (ContainerStateMachine.java:loadSnapshot(230)) - group-CA81F8A6D43C: The snapshot info is null. Setting the last applied indexto:(t:0, i:~)
2019-09-11 06:33:57,790 [pool-87-thread-1] INFO  ratis.ContainerStateMachine (ContainerStateMachine.java:loadSnapshot(230)) - group-CA81F8A6D43C: The snapshot info is null. Setting the last applied indexto:(t:0, i:~)
2019-09-11 06:33:57,790 [pool-47-thread-1] INFO  ratis.ContainerStateMachine (ContainerStateMachine.java:loadSnapshot(230)) - group-CA81F8A6D43C: The snapshot info is null. Setting the last applied indexto:(t:0, i:~)
2019-09-11 06:33:57,791 [pool-87-thread-1] INFO  server.RaftServerConfigKeys (ConfUtils.java:logGet(43)) - raft.server.notification.no-leader.timeout = 120s (custom)
2019-09-11 06:33:57,791 [pool-87-thread-1] INFO  server.RaftServerConfigKeys (ConfUtils.java:logGet(43)) - raft.server.log.use.memory = false (default)
2019-09-11 06:33:57,791 [pool-87-thread-1] INFO  server.RaftServerConfigKeys (ConfUtils.java:logGet(43)) - raft.server.log.purge.gap = 1000000 (custom)
2019-09-11 06:33:57,791 [pool-77-thread-1] INFO  server.RaftServerConfigKeys (ConfUtils.java:logGet(43)) - raft.server.notification.no-leader.timeout = 120s (custom)
2019-09-11 06:33:57,791 [pool-87-thread-1] INFO  server.RaftServerConfigKeys (ConfUtils.java:logGet(43)) - raft.server.log.appender.buffer.byte-limit = 33554432 (custom)
2019-09-11 06:33:57,791 [pool-47-thread-1] INFO  server.RaftServerConfigKeys (ConfUtils.java:logGet(43)) - raft.server.notification.no-leader.timeout = 120s (custom)
2019-09-11 06:33:57,792 [pool-87-thread-1] INFO  server.RaftServerConfigKeys (ConfUtils.java:logGet(43)) - raft.server.log.segment.size.max = 1048576 (custom)
2019-09-11 06:33:57,791 [pool-77-thread-1] INFO  server.RaftServerConfigKeys (ConfUtils.java:logGet(43)) - raft.server.log.use.memory = false (default)
2019-09-11 06:33:57,792 [pool-87-thread-1] INFO  server.RaftServerConfigKeys (ConfUtils.java:logGet(43)) - raft.server.log.segment.cache.num.max = 2 (custom)
2019-09-11 06:33:57,792 [pool-47-thread-1] INFO  server.RaftServerConfigKeys (ConfUtils.java:logGet(43)) - raft.server.log.use.memory = false (default)
2019-09-11 06:33:57,792 [pool-87-thread-1] INFO  segmented.SegmentedRaftLogWorker (SegmentedRaftLogWorker.java:<init>(172)) - new 16d0fe26-9857-4477-8b2c-205100b6d095@group-CA81F8A6D43C-SegmentedRaftLogWorker for RaftStorage:Storage Directory /workdir/hadoop-ozone/integration-test/target/test-dir/MiniOzoneClusterImpl-9d70c5ba-4c04-47f2-8d5c-a3af1a60ee61/datanode-6/data/ratis/51347fa5-e984-4924-91bb-ca81f8a6d43c
2019-09-11 06:33:57,792 [pool-77-thread-1] INFO  server.RaftServerConfigKeys (ConfUtils.java:logGet(43)) - raft.server.log.purge.gap = 1000000 (custom)
2019-09-11 06:33:57,792 [pool-87-thread-1] INFO  server.RaftServerConfigKeys (ConfUtils.java:logGet(43)) - raft.server.log.queue.byte-limit = 2147483647 (custom)
2019-09-11 06:33:57,792 [pool-47-thread-1] INFO  server.RaftServerConfigKeys (ConfUtils.java:logGet(43)) - raft.server.log.purge.gap = 1000000 (custom)
2019-09-11 06:33:57,793 [pool-87-thread-1] INFO  server.RaftServerConfigKeys (ConfUtils.java:logGet(43)) - raft.server.log.queue.element-limit = 1024 (custom)
2019-09-11 06:33:57,792 [pool-77-thread-1] INFO  server.RaftServerConfigKeys (ConfUtils.java:logGet(43)) - raft.server.log.appender.buffer.byte-limit = 33554432 (custom)
2019-09-11 06:33:57,793 [pool-87-thread-1] INFO  server.RaftServerConfigKeys (ConfUtils.java:logGet(43)) - raft.server.log.segment.size.max = 1048576 (custom)
2019-09-11 06:33:57,793 [pool-47-thread-1] INFO  server.RaftServerConfigKeys (ConfUtils.java:logGet(43)) - raft.server.log.appender.buffer.byte-limit = 33554432 (custom)
2019-09-11 06:33:57,793 [pool-87-thread-1] INFO  server.RaftServerConfigKeys (ConfUtils.java:logGet(43)) - raft.server.log.preallocated.size = 16384 (custom)
2019-09-11 06:33:57,793 [pool-77-thread-1] INFO  server.RaftServerConfigKeys (ConfUtils.java:logGet(43)) - raft.server.log.segment.size.max = 1048576 (custom)
2019-09-11 06:33:57,793 [pool-87-thread-1] INFO  server.RaftServerConfigKeys (ConfUtils.java:logGet(43)) - raft.server.log.write.buffer.size = 33554432 (custom)
2019-09-11 06:33:57,794 [pool-87-thread-1] INFO  server.RaftServerConfigKeys (ConfUtils.java:logGet(43)) - raft.server.log.force.sync.num = 128 (default)
2019-09-11 06:33:57,794 [pool-87-thread-1] INFO  server.RaftServerConfigKeys (ConfUtils.java:logGet(43)) - raft.server.log.statemachine.data.sync = true (default)
2019-09-11 06:33:57,794 [pool-87-thread-1] INFO  server.RaftServerConfigKeys (ConfUtils.java:logGet(43)) - raft.server.log.statemachine.data.sync.timeout = 10s (default)
2019-09-11 06:33:57,794 [pool-87-thread-1] INFO  server.RaftServerConfigKeys (ConfUtils.java:logGet(43)) - raft.server.log.statemachine.data.sync.timeout.retry = -1 (default)
2019-09-11 06:33:57,794 [pool-87-thread-1] INFO  server.RaftServerConfigKeys (ConfUtils.java:logGet(43)) - raft.server.log.statemachine.data.caching.enabled = true (custom)
2019-09-11 06:33:57,795 [pool-87-thread-1] INFO  segmented.SegmentedRaftLogWorker (SegmentedRaftLogWorker.java:lambda$new$0(132)) - 16d0fe26-9857-4477-8b2c-205100b6d095@group-CA81F8A6D43C-SegmentedRaftLogWorker: flushIndex: setUnconditionally 0 -> -1
2019-09-11 06:33:57,795 [pool-87-thread-1] INFO  server.RaftServerConfigKeys (ConfUtils.java:logGet(43)) - raft.server.snapshot.auto.trigger.enabled = true (custom)
2019-09-11 06:33:57,795 [pool-87-thread-1] INFO  server.RaftServerConfigKeys (ConfUtils.java:logGet(43)) - raft.server.snapshot.auto.trigger.threshold = 10000 (custom)
2019-09-11 06:33:57,795 [pool-87-thread-1] INFO  server.RaftServerConfigKeys (ConfUtils.java:logGet(43)) - raft.server.snapshot.retention.num.files = -1 (default)
2019-09-11 06:33:57,793 [pool-47-thread-1] INFO  server.RaftServerConfigKeys (ConfUtils.java:logGet(43)) - raft.server.log.segment.size.max = 1048576 (custom)
2019-09-11 06:33:57,795 [pool-87-thread-1] INFO  server.RaftServerConfigKeys (ConfUtils.java:logGet(43)) - raft.server.retrycache.expirytime = 600000ms (custom)
2019-09-11 06:33:57,794 [pool-77-thread-1] INFO  server.RaftServerConfigKeys (ConfUtils.java:logGet(43)) - raft.server.log.segment.cache.num.max = 2 (custom)
2019-09-11 06:33:57,796 [pool-47-thread-1] INFO  server.RaftServerConfigKeys (ConfUtils.java:logGet(43)) - raft.server.log.segment.cache.num.max = 2 (custom)
2019-09-11 06:33:57,796 [pool-77-thread-1] INFO  segmented.SegmentedRaftLogWorker (SegmentedRaftLogWorker.java:<init>(172)) - new fbfdc5e7-35fe-4dec-93a8-24c91dabe6d4@group-CA81F8A6D43C-SegmentedRaftLogWorker for RaftStorage:Storage Directory /workdir/hadoop-ozone/integration-test/target/test-dir/MiniOzoneClusterImpl-9d70c5ba-4c04-47f2-8d5c-a3af1a60ee61/datanode-5/data/ratis/51347fa5-e984-4924-91bb-ca81f8a6d43c
2019-09-11 06:33:57,796 [pool-47-thread-1] INFO  segmented.SegmentedRaftLogWorker (SegmentedRaftLogWorker.java:<init>(172)) - new b3ae6e77-09f2-43a9-bb74-0baf269e9625@group-CA81F8A6D43C-SegmentedRaftLogWorker for RaftStorage:Storage Directory /workdir/hadoop-ozone/integration-test/target/test-dir/MiniOzoneClusterImpl-9d70c5ba-4c04-47f2-8d5c-a3af1a60ee61/datanode-2/data/ratis/51347fa5-e984-4924-91bb-ca81f8a6d43c
2019-09-11 06:33:57,796 [pool-77-thread-1] INFO  server.RaftServerConfigKeys (ConfUtils.java:logGet(43)) - raft.server.log.queue.byte-limit = 2147483647 (custom)
2019-09-11 06:33:57,796 [pool-47-thread-1] INFO  server.RaftServerConfigKeys (ConfUtils.java:logGet(43)) - raft.server.log.queue.byte-limit = 2147483647 (custom)
2019-09-11 06:33:57,796 [pool-77-thread-1] INFO  server.RaftServerConfigKeys (ConfUtils.java:logGet(43)) - raft.server.log.queue.element-limit = 1024 (custom)
2019-09-11 06:33:57,796 [pool-47-thread-1] INFO  server.RaftServerConfigKeys (ConfUtils.java:logGet(43)) - raft.server.log.queue.element-limit = 1024 (custom)
2019-09-11 06:33:57,797 [pool-77-thread-1] INFO  server.RaftServerConfigKeys (ConfUtils.java:logGet(43)) - raft.server.log.segment.size.max = 1048576 (custom)
2019-09-11 06:33:57,797 [pool-47-thread-1] INFO  server.RaftServerConfigKeys (ConfUtils.java:logGet(43)) - raft.server.log.segment.size.max = 1048576 (custom)
2019-09-11 06:33:57,797 [pool-77-thread-1] INFO  server.RaftServerConfigKeys (ConfUtils.java:logGet(43)) - raft.server.log.preallocated.size = 16384 (custom)
2019-09-11 06:33:57,797 [pool-47-thread-1] INFO  server.RaftServerConfigKeys (ConfUtils.java:logGet(43)) - raft.server.log.preallocated.size = 16384 (custom)
2019-09-11 06:33:57,797 [pool-77-thread-1] INFO  server.RaftServerConfigKeys (ConfUtils.java:logGet(43)) - raft.server.log.write.buffer.size = 33554432 (custom)
2019-09-11 06:33:57,797 [pool-47-thread-1] INFO  server.RaftServerConfigKeys (ConfUtils.java:logGet(43)) - raft.server.log.write.buffer.size = 33554432 (custom)
2019-09-11 06:33:57,798 [pool-77-thread-1] INFO  server.RaftServerConfigKeys (ConfUtils.java:logGet(43)) - raft.server.log.force.sync.num = 128 (default)
2019-09-11 06:33:57,798 [pool-47-thread-1] INFO  server.RaftServerConfigKeys (ConfUtils.java:logGet(43)) - raft.server.log.force.sync.num = 128 (default)
2019-09-11 06:33:57,798 [pool-77-thread-1] INFO  server.RaftServerConfigKeys (ConfUtils.java:logGet(43)) - raft.server.log.statemachine.data.sync = true (default)
2019-09-11 06:33:57,798 [pool-47-thread-1] INFO  server.RaftServerConfigKeys (ConfUtils.java:logGet(43)) - raft.server.log.statemachine.data.sync = true (default)
2019-09-11 06:33:57,798 [pool-77-thread-1] INFO  server.RaftServerConfigKeys (ConfUtils.java:logGet(43)) - raft.server.log.statemachine.data.sync.timeout = 10s (default)
2019-09-11 06:33:57,798 [pool-47-thread-1] INFO  server.RaftServerConfigKeys (ConfUtils.java:logGet(43)) - raft.server.log.statemachine.data.sync.timeout = 10s (default)
2019-09-11 06:33:57,798 [pool-77-thread-1] INFO  server.RaftServerConfigKeys (ConfUtils.java:logGet(43)) - raft.server.log.statemachine.data.sync.timeout.retry = -1 (default)
2019-09-11 06:33:57,799 [pool-47-thread-1] INFO  server.RaftServerConfigKeys (ConfUtils.java:logGet(43)) - raft.server.log.statemachine.data.sync.timeout.retry = -1 (default)
2019-09-11 06:33:57,799 [pool-77-thread-1] INFO  server.RaftServerConfigKeys (ConfUtils.java:logGet(43)) - raft.server.log.statemachine.data.caching.enabled = true (custom)
2019-09-11 06:33:57,799 [pool-47-thread-1] INFO  server.RaftServerConfigKeys (ConfUtils.java:logGet(43)) - raft.server.log.statemachine.data.caching.enabled = true (custom)
2019-09-11 06:33:57,799 [pool-77-thread-1] INFO  segmented.SegmentedRaftLogWorker (SegmentedRaftLogWorker.java:lambda$new$0(132)) - fbfdc5e7-35fe-4dec-93a8-24c91dabe6d4@group-CA81F8A6D43C-SegmentedRaftLogWorker: flushIndex: setUnconditionally 0 -> -1
2019-09-11 06:33:57,799 [pool-47-thread-1] INFO  segmented.SegmentedRaftLogWorker (SegmentedRaftLogWorker.java:lambda$new$0(132)) - b3ae6e77-09f2-43a9-bb74-0baf269e9625@group-CA81F8A6D43C-SegmentedRaftLogWorker: flushIndex: setUnconditionally 0 -> -1
2019-09-11 06:33:57,800 [pool-87-thread-1] INFO  impl.RaftServerImpl (RaftServerImpl.java:start(185)) - 16d0fe26-9857-4477-8b2c-205100b6d095@group-CA81F8A6D43C: start as a follower, conf=-1: [b3ae6e77-09f2-43a9-bb74-0baf269e9625:192.168.36.125:37266, 16d0fe26-9857-4477-8b2c-205100b6d095:192.168.36.125:33180, fbfdc5e7-35fe-4dec-93a8-24c91dabe6d4:192.168.36.125:35103], old=null
2019-09-11 06:33:57,800 [pool-47-thread-1] INFO  server.RaftServerConfigKeys (ConfUtils.java:logGet(43)) - raft.server.snapshot.auto.trigger.enabled = true (custom)
2019-09-11 06:33:57,800 [pool-77-thread-1] INFO  server.RaftServerConfigKeys (ConfUtils.java:logGet(43)) - raft.server.snapshot.auto.trigger.enabled = true (custom)
2019-09-11 06:33:57,800 [pool-47-thread-1] INFO  server.RaftServerConfigKeys (ConfUtils.java:logGet(43)) - raft.server.snapshot.auto.trigger.threshold = 10000 (custom)
2019-09-11 06:33:57,800 [pool-87-thread-1] INFO  impl.RaftServerImpl (RaftServerImpl.java:setRole(174)) - 16d0fe26-9857-4477-8b2c-205100b6d095@group-CA81F8A6D43C: changes role from      null to FOLLOWER at term 0 for startAsFollower
2019-09-11 06:33:57,800 [pool-47-thread-1] INFO  server.RaftServerConfigKeys (ConfUtils.java:logGet(43)) - raft.server.snapshot.retention.num.files = -1 (default)
2019-09-11 06:33:57,800 [pool-77-thread-1] INFO  server.RaftServerConfigKeys (ConfUtils.java:logGet(43)) - raft.server.snapshot.auto.trigger.threshold = 10000 (custom)
2019-09-11 06:33:57,800 [pool-47-thread-1] INFO  server.RaftServerConfigKeys (ConfUtils.java:logGet(43)) - raft.server.retrycache.expirytime = 600000ms (custom)
2019-09-11 06:33:57,800 [pool-87-thread-1] INFO  impl.RoleInfo (RoleInfo.java:updateAndGet(143)) - 16d0fe26-9857-4477-8b2c-205100b6d095: start FollowerState
2019-09-11 06:33:57,800 [pool-77-thread-1] INFO  server.RaftServerConfigKeys (ConfUtils.java:logGet(43)) - raft.server.snapshot.retention.num.files = -1 (default)
2019-09-11 06:33:57,801 [pool-77-thread-1] INFO  server.RaftServerConfigKeys (ConfUtils.java:logGet(43)) - raft.server.retrycache.expirytime = 600000ms (custom)
2019-09-11 06:33:57,801 [pool-87-thread-1] INFO  util.JmxRegister (JmxRegister.java:tryRegister(44)) - Successfully registered JMX Bean with object name Ratis:service=RaftServer,group=group-CA81F8A6D43C,id=16d0fe26-9857-4477-8b2c-205100b6d095
2019-09-11 06:33:57,803 [pool-47-thread-1] INFO  impl.RaftServerImpl (RaftServerImpl.java:start(185)) - b3ae6e77-09f2-43a9-bb74-0baf269e9625@group-CA81F8A6D43C: start as a follower, conf=-1: [b3ae6e77-09f2-43a9-bb74-0baf269e9625:192.168.36.125:37266, 16d0fe26-9857-4477-8b2c-205100b6d095:192.168.36.125:33180, fbfdc5e7-35fe-4dec-93a8-24c91dabe6d4:192.168.36.125:35103], old=null
2019-09-11 06:33:57,803 [pool-47-thread-1] INFO  impl.RaftServerImpl (RaftServerImpl.java:setRole(174)) - b3ae6e77-09f2-43a9-bb74-0baf269e9625@group-CA81F8A6D43C: changes role from      null to FOLLOWER at term 0 for startAsFollower
2019-09-11 06:33:57,803 [pool-47-thread-1] INFO  impl.RoleInfo (RoleInfo.java:updateAndGet(143)) - b3ae6e77-09f2-43a9-bb74-0baf269e9625: start FollowerState
2019-09-11 06:33:57,803 [pool-77-thread-1] INFO  impl.RaftServerImpl (RaftServerImpl.java:start(185)) - fbfdc5e7-35fe-4dec-93a8-24c91dabe6d4@group-CA81F8A6D43C: start as a follower, conf=-1: [b3ae6e77-09f2-43a9-bb74-0baf269e9625:192.168.36.125:37266, 16d0fe26-9857-4477-8b2c-205100b6d095:192.168.36.125:33180, fbfdc5e7-35fe-4dec-93a8-24c91dabe6d4:192.168.36.125:35103], old=null
2019-09-11 06:33:57,803 [pool-47-thread-1] INFO  util.JmxRegister (JmxRegister.java:tryRegister(44)) - Successfully registered JMX Bean with object name Ratis:service=RaftServer,group=group-CA81F8A6D43C,id=b3ae6e77-09f2-43a9-bb74-0baf269e9625
2019-09-11 06:33:57,803 [pool-77-thread-1] INFO  impl.RaftServerImpl (RaftServerImpl.java:setRole(174)) - fbfdc5e7-35fe-4dec-93a8-24c91dabe6d4@group-CA81F8A6D43C: changes role from      null to FOLLOWER at term 0 for startAsFollower
2019-09-11 06:33:57,804 [pool-77-thread-1] INFO  impl.RoleInfo (RoleInfo.java:updateAndGet(143)) - fbfdc5e7-35fe-4dec-93a8-24c91dabe6d4: start FollowerState
2019-09-11 06:33:57,804 [pool-77-thread-1] INFO  util.JmxRegister (JmxRegister.java:tryRegister(44)) - Successfully registered JMX Bean with object name Ratis:service=RaftServer,group=group-CA81F8A6D43C,id=fbfdc5e7-35fe-4dec-93a8-24c91dabe6d4
2019-09-11 06:33:57,806 [RatisPipelineUtilsThread] INFO  pipeline.PipelineStateManager (PipelineStateManager.java:addPipeline(56)) - Created pipeline Pipeline[ Id: 51347fa5-e984-4924-91bb-ca81f8a6d43c, Nodes: b3ae6e77-09f2-43a9-bb74-0baf269e9625{ip: 192.168.36.125, host: trunk-nightly-20190911-vpfxm-1000144475, networkLocation: /default-rack, certSerialId: null}fbfdc5e7-35fe-4dec-93a8-24c91dabe6d4{ip: 192.168.36.125, host: trunk-nightly-20190911-vpfxm-1000144475, networkLocation: /default-rack, certSerialId: null}16d0fe26-9857-4477-8b2c-205100b6d095{ip: 192.168.36.125, host: trunk-nightly-20190911-vpfxm-1000144475, networkLocation: /default-rack, certSerialId: null}, Type:RATIS, Factor:THREE, State:OPEN]
2019-09-11 06:33:57,828 [grpc-default-executor-5] INFO  client.GrpcClientProtocolClient (GrpcClientProtocolClient.java:onNext(264)) - client-003637AF6369->fbfdc5e7-35fe-4dec-93a8-24c91dabe6d4: receive RaftClientReply:client-003637AF6369->fbfdc5e7-35fe-4dec-93a8-24c91dabe6d4@group-B428A23D2245, cid=42, FAILED org.apache.ratis.protocol.NotLeaderException: Server fbfdc5e7-35fe-4dec-93a8-24c91dabe6d4@group-B428A23D2245 is not the leader 16d0fe26-9857-4477-8b2c-205100b6d095:192.168.36.125:33180, logIndex=0, commits[fbfdc5e7-35fe-4dec-93a8-24c91dabe6d4:c6, b3ae6e77-09f2-43a9-bb74-0baf269e9625:c4, 16d0fe26-9857-4477-8b2c-205100b6d095:c6]
2019-09-11 06:33:59,572 [org.apache.ratis.server.impl.LogAppender$AppenderDaemon$$Lambda$521/1122258981@502175d1] ERROR ratis.XceiverServerRatis (XceiverServerRatis.java:triggerPipelineClose(568)) - pipeline Action CLOSE  on pipeline PipelineID=1b05caeb-6612-4f13-8732-b428a23d2245.Reason : 16d0fe26-9857-4477-8b2c-205100b6d095 has not seen follower/s b3ae6e77-09f2-43a9-bb74-0baf269e9625 for 163300ms fbfdc5e7-35fe-4dec-93a8-24c91dabe6d4 for 163300ms
2019-09-11 06:33:59,573 [org.apache.ratis.server.impl.LogAppender$AppenderDaemon$$Lambda$521/1122258981@132a2d3e] ERROR ratis.XceiverServerRatis (XceiverServerRatis.java:triggerPipelineClose(568)) - pipeline Action CLOSE  on pipeline PipelineID=1b05caeb-6612-4f13-8732-b428a23d2245.Reason : 16d0fe26-9857-4477-8b2c-205100b6d095 has not seen follower/s b3ae6e77-09f2-43a9-bb74-0baf269e9625 for 163301ms fbfdc5e7-35fe-4dec-93a8-24c91dabe6d4 for 163301ms
2019-09-11 06:34:00,071 [java.util.concurrent.ThreadPoolExecutor$Worker@550fe58d[State = -1, empty queue]] WARN  server.GrpcLogAppender (GrpcLogAppender.java:timeoutAppendRequest(200)) - 16d0fe26-9857-4477-8b2c-205100b6d095@group-B428A23D2245->b3ae6e77-09f2-43a9-bb74-0baf269e9625-GrpcLogAppender: appendEntries Timeout, request=16d0fe26-9857-4477-8b2c-205100b6d095->b3ae6e77-09f2-43a9-bb74-0baf269e9625#78-t1, previous=(t:1, i:13), leaderCommit=6, initializing? false, entries: <empty>
2019-09-11 06:34:00,072 [java.util.concurrent.ThreadPoolExecutor$Worker@2eb904fc[State = -1, empty queue]] WARN  server.GrpcLogAppender (GrpcLogAppender.java:timeoutAppendRequest(200)) - 16d0fe26-9857-4477-8b2c-205100b6d095@group-B428A23D2245->fbfdc5e7-35fe-4dec-93a8-24c91dabe6d4-GrpcLogAppender: appendEntries Timeout, request=16d0fe26-9857-4477-8b2c-205100b6d095->fbfdc5e7-35fe-4dec-93a8-24c91dabe6d4#78-t1, previous=(t:1, i:13), leaderCommit=6, initializing? false, entries: <empty>
2019-09-11 06:34:00,563 [EventQueue-PipelineActionsForPipelineActionHandler] ERROR pipeline.PipelineActionHandler (PipelineActionHandler.java:onMessage(60)) - Received pipeline action CLOSE for Pipeline[ Id: 1b05caeb-6612-4f13-8732-b428a23d2245, Nodes: b3ae6e77-09f2-43a9-bb74-0baf269e9625{ip: 192.168.36.125, host: trunk-nightly-20190911-vpfxm-1000144475, networkLocation: /default-rack, certSerialId: null}fbfdc5e7-35fe-4dec-93a8-24c91dabe6d4{ip: 192.168.36.125, host: trunk-nightly-20190911-vpfxm-1000144475, networkLocation: /default-rack, certSerialId: null}16d0fe26-9857-4477-8b2c-205100b6d095{ip: 192.168.36.125, host: trunk-nightly-20190911-vpfxm-1000144475, networkLocation: /default-rack, certSerialId: null}, Type:RATIS, Factor:THREE, State:CLOSED] from datanode 16d0fe26-9857-4477-8b2c-205100b6d095{ip: 192.168.36.125, host: trunk-nightly-20190911-vpfxm-1000144475, networkLocation: /default-rack, certSerialId: null}. Reason : 16d0fe26-9857-4477-8b2c-205100b6d095 has not seen follower/s b3ae6e77-09f2-43a9-bb74-0baf269e9625 for 163300ms fbfdc5e7-35fe-4dec-93a8-24c91dabe6d4 for 163300ms
2019-09-11 06:34:00,563 [EventQueue-PipelineActionsForPipelineActionHandler] INFO  pipeline.SCMPipelineManager (SCMPipelineManager.java:finalizeAndDestroyPipeline(311)) - destroying pipeline:Pipeline[ Id: 1b05caeb-6612-4f13-8732-b428a23d2245, Nodes: b3ae6e77-09f2-43a9-bb74-0baf269e9625{ip: 192.168.36.125, host: trunk-nightly-20190911-vpfxm-1000144475, networkLocation: /default-rack, certSerialId: null}fbfdc5e7-35fe-4dec-93a8-24c91dabe6d4{ip: 192.168.36.125, host: trunk-nightly-20190911-vpfxm-1000144475, networkLocation: /default-rack, certSerialId: null}16d0fe26-9857-4477-8b2c-205100b6d095{ip: 192.168.36.125, host: trunk-nightly-20190911-vpfxm-1000144475, networkLocation: /default-rack, certSerialId: null}, Type:RATIS, Factor:THREE, State:CLOSED]
2019-09-11 06:34:02,073 [org.apache.ratis.server.impl.LogAppender$AppenderDaemon$$Lambda$521/1122258981@502175d1] ERROR ratis.XceiverServerRatis (XceiverServerRatis.java:triggerPipelineClose(568)) - pipeline Action CLOSE  on pipeline PipelineID=1b05caeb-6612-4f13-8732-b428a23d2245.Reason : 16d0fe26-9857-4477-8b2c-205100b6d095 has not seen follower/s b3ae6e77-09f2-43a9-bb74-0baf269e9625 for 165801ms fbfdc5e7-35fe-4dec-93a8-24c91dabe6d4 for 165802ms
2019-09-11 06:34:02,073 [org.apache.ratis.server.impl.LogAppender$AppenderDaemon$$Lambda$521/1122258981@132a2d3e] ERROR ratis.XceiverServerRatis (XceiverServerRatis.java:triggerPipelineClose(568)) - pipeline Action CLOSE  on pipeline PipelineID=1b05caeb-6612-4f13-8732-b428a23d2245.Reason : 16d0fe26-9857-4477-8b2c-205100b6d095 has not seen follower/s b3ae6e77-09f2-43a9-bb74-0baf269e9625 for 165802ms fbfdc5e7-35fe-4dec-93a8-24c91dabe6d4 for 165802ms
2019-09-11 06:34:02,563 [EventQueue-PipelineActionsForPipelineActionHandler] ERROR pipeline.PipelineActionHandler (PipelineActionHandler.java:onMessage(60)) - Received pipeline action CLOSE for Pipeline[ Id: 1b05caeb-6612-4f13-8732-b428a23d2245, Nodes: b3ae6e77-09f2-43a9-bb74-0baf269e9625{ip: 192.168.36.125, host: trunk-nightly-20190911-vpfxm-1000144475, networkLocation: /default-rack, certSerialId: null}fbfdc5e7-35fe-4dec-93a8-24c91dabe6d4{ip: 192.168.36.125, host: trunk-nightly-20190911-vpfxm-1000144475, networkLocation: /default-rack, certSerialId: null}16d0fe26-9857-4477-8b2c-205100b6d095{ip: 192.168.36.125, host: trunk-nightly-20190911-vpfxm-1000144475, networkLocation: /default-rack, certSerialId: null}, Type:RATIS, Factor:THREE, State:CLOSED] from datanode 16d0fe26-9857-4477-8b2c-205100b6d095{ip: 192.168.36.125, host: trunk-nightly-20190911-vpfxm-1000144475, networkLocation: /default-rack, certSerialId: null}. Reason : 16d0fe26-9857-4477-8b2c-205100b6d095 has not seen follower/s b3ae6e77-09f2-43a9-bb74-0baf269e9625 for 165802ms fbfdc5e7-35fe-4dec-93a8-24c91dabe6d4 for 165802ms
2019-09-11 06:34:02,563 [EventQueue-PipelineActionsForPipelineActionHandler] INFO  pipeline.SCMPipelineManager (SCMPipelineManager.java:finalizeAndDestroyPipeline(311)) - destroying pipeline:Pipeline[ Id: 1b05caeb-6612-4f13-8732-b428a23d2245, Nodes: b3ae6e77-09f2-43a9-bb74-0baf269e9625{ip: 192.168.36.125, host: trunk-nightly-20190911-vpfxm-1000144475, networkLocation: /default-rack, certSerialId: null}fbfdc5e7-35fe-4dec-93a8-24c91dabe6d4{ip: 192.168.36.125, host: trunk-nightly-20190911-vpfxm-1000144475, networkLocation: /default-rack, certSerialId: null}16d0fe26-9857-4477-8b2c-205100b6d095{ip: 192.168.36.125, host: trunk-nightly-20190911-vpfxm-1000144475, networkLocation: /default-rack, certSerialId: null}, Type:RATIS, Factor:THREE, State:CLOSED]
2019-09-11 06:34:02,572 [java.util.concurrent.ThreadPoolExecutor$Worker@550fe58d[State = -1, empty queue]] WARN  server.GrpcLogAppender (GrpcLogAppender.java:timeoutAppendRequest(200)) - 16d0fe26-9857-4477-8b2c-205100b6d095@group-B428A23D2245->b3ae6e77-09f2-43a9-bb74-0baf269e9625-GrpcLogAppender: appendEntries Timeout, request=16d0fe26-9857-4477-8b2c-205100b6d095->b3ae6e77-09f2-43a9-bb74-0baf269e9625#79-t1, previous=(t:1, i:13), leaderCommit=6, initializing? false, entries: <empty>
2019-09-11 06:34:02,573 [java.util.concurrent.ThreadPoolExecutor$Worker@2eb904fc[State = -1, empty queue]] WARN  server.GrpcLogAppender (GrpcLogAppender.java:timeoutAppendRequest(200)) - 16d0fe26-9857-4477-8b2c-205100b6d095@group-B428A23D2245->fbfdc5e7-35fe-4dec-93a8-24c91dabe6d4-GrpcLogAppender: appendEntries Timeout, request=16d0fe26-9857-4477-8b2c-205100b6d095->fbfdc5e7-35fe-4dec-93a8-24c91dabe6d4#79-t1, previous=(t:1, i:13), leaderCommit=6, initializing? false, entries: <empty>
2019-09-11 06:34:02,878 [grpc-default-executor-8] INFO  client.GrpcClientProtocolClient (GrpcClientProtocolClient.java:onNext(264)) - client-003637AF6369->fbfdc5e7-35fe-4dec-93a8-24c91dabe6d4: receive RaftClientReply:client-003637AF6369->fbfdc5e7-35fe-4dec-93a8-24c91dabe6d4@group-B428A23D2245, cid=42, FAILED org.apache.ratis.protocol.NotLeaderException: Server fbfdc5e7-35fe-4dec-93a8-24c91dabe6d4@group-B428A23D2245 is not the leader 16d0fe26-9857-4477-8b2c-205100b6d095:192.168.36.125:33180, logIndex=0, commits[fbfdc5e7-35fe-4dec-93a8-24c91dabe6d4:c6, b3ae6e77-09f2-43a9-bb74-0baf269e9625:c4, 16d0fe26-9857-4477-8b2c-205100b6d095:c6]
2019-09-11 06:34:02,889 [Thread-1351] INFO  impl.FollowerState (FollowerState.java:run(106)) - b3ae6e77-09f2-43a9-bb74-0baf269e9625:group-CA81F8A6D43C changes to CANDIDATE, lastRpcTime:5086, electionTimeout:5085ms
2019-09-11 06:34:02,892 [Thread-1351] INFO  impl.RoleInfo (RoleInfo.java:shutdownFollowerState(121)) - b3ae6e77-09f2-43a9-bb74-0baf269e9625: shutdown FollowerState
2019-09-11 06:34:02,892 [Thread-1351] INFO  impl.RaftServerImpl (RaftServerImpl.java:setRole(174)) - b3ae6e77-09f2-43a9-bb74-0baf269e9625@group-CA81F8A6D43C: changes role from  FOLLOWER to CANDIDATE at term 0 for changeToCandidate
2019-09-11 06:34:02,893 [Thread-1351] INFO  impl.RoleInfo (RoleInfo.java:updateAndGet(143)) - b3ae6e77-09f2-43a9-bb74-0baf269e9625: start LeaderElection
2019-09-11 06:34:02,910 [b3ae6e77-09f2-43a9-bb74-0baf269e9625@group-CA81F8A6D43C:LeaderElection11] INFO  impl.LeaderElection (LeaderElection.java:askForVotes(182)) - b3ae6e77-09f2-43a9-bb74-0baf269e9625@group-CA81F8A6D43C:LeaderElection11: begin an election at term 1 for -1: [b3ae6e77-09f2-43a9-bb74-0baf269e9625:192.168.36.125:37266, 16d0fe26-9857-4477-8b2c-205100b6d095:192.168.36.125:33180, fbfdc5e7-35fe-4dec-93a8-24c91dabe6d4:192.168.36.125:35103], old=null
2019-09-11 06:34:02,916 [grpc-default-executor-5] INFO  impl.RaftServerImpl (RaftServerImpl.java:setRole(174)) - 16d0fe26-9857-4477-8b2c-205100b6d095@group-CA81F8A6D43C: changes role from  FOLLOWER to FOLLOWER at term 1 for recognizeCandidate:b3ae6e77-09f2-43a9-bb74-0baf269e9625
2019-09-11 06:34:02,917 [grpc-default-executor-5] INFO  impl.RoleInfo (RoleInfo.java:shutdownFollowerState(121)) - 16d0fe26-9857-4477-8b2c-205100b6d095: shutdown FollowerState
2019-09-11 06:34:02,918 [grpc-default-executor-8] INFO  impl.RaftServerImpl (RaftServerImpl.java:setRole(174)) - fbfdc5e7-35fe-4dec-93a8-24c91dabe6d4@group-CA81F8A6D43C: changes role from  FOLLOWER to FOLLOWER at term 1 for recognizeCandidate:b3ae6e77-09f2-43a9-bb74-0baf269e9625
2019-09-11 06:34:02,919 [grpc-default-executor-5] INFO  impl.RoleInfo (RoleInfo.java:updateAndGet(143)) - 16d0fe26-9857-4477-8b2c-205100b6d095: start FollowerState
2019-09-11 06:34:02,919 [grpc-default-executor-8] INFO  impl.RoleInfo (RoleInfo.java:shutdownFollowerState(121)) - fbfdc5e7-35fe-4dec-93a8-24c91dabe6d4: shutdown FollowerState
2019-09-11 06:34:02,919 [Thread-1347] INFO  impl.FollowerState (FollowerState.java:run(115)) - 16d0fe26-9857-4477-8b2c-205100b6d095: FollowerState was interrupted: java.lang.InterruptedException: sleep interrupted
2019-09-11 06:34:02,919 [grpc-default-executor-8] INFO  impl.RoleInfo (RoleInfo.java:updateAndGet(143)) - fbfdc5e7-35fe-4dec-93a8-24c91dabe6d4: start FollowerState
2019-09-11 06:34:02,919 [Thread-1352] INFO  impl.FollowerState (FollowerState.java:run(115)) - fbfdc5e7-35fe-4dec-93a8-24c91dabe6d4: FollowerState was interrupted: java.lang.InterruptedException: sleep interrupted
2019-09-11 06:34:02,944 [b3ae6e77-09f2-43a9-bb74-0baf269e9625@group-CA81F8A6D43C:LeaderElection11] INFO  impl.LeaderElection (LeaderElection.java:logAndReturn(56)) - b3ae6e77-09f2-43a9-bb74-0baf269e9625@group-CA81F8A6D43C:LeaderElection11: Election PASSED; received 1 response(s) [b3ae6e77-09f2-43a9-bb74-0baf269e9625<-16d0fe26-9857-4477-8b2c-205100b6d095#0:OK-t1] and 0 exception(s); b3ae6e77-09f2-43a9-bb74-0baf269e9625@group-CA81F8A6D43C:t1, leader=null, voted=b3ae6e77-09f2-43a9-bb74-0baf269e9625, raftlog=b3ae6e77-09f2-43a9-bb74-0baf269e9625@group-CA81F8A6D43C-SegmentedRaftLog:OPENED:c-1,f-1,i0, conf=-1: [b3ae6e77-09f2-43a9-bb74-0baf269e9625:192.168.36.125:37266, 16d0fe26-9857-4477-8b2c-205100b6d095:192.168.36.125:33180, fbfdc5e7-35fe-4dec-93a8-24c91dabe6d4:192.168.36.125:35103], old=null
2019-09-11 06:34:02,944 [b3ae6e77-09f2-43a9-bb74-0baf269e9625@group-CA81F8A6D43C:LeaderElection11] INFO  impl.RoleInfo (RoleInfo.java:shutdownLeaderElection(134)) - b3ae6e77-09f2-43a9-bb74-0baf269e9625: shutdown LeaderElection
2019-09-11 06:34:02,944 [b3ae6e77-09f2-43a9-bb74-0baf269e9625@group-CA81F8A6D43C:LeaderElection11] INFO  impl.RaftServerImpl (RaftServerImpl.java:setRole(174)) - b3ae6e77-09f2-43a9-bb74-0baf269e9625@group-CA81F8A6D43C: changes role from CANDIDATE to LEADER at term 1 for changeToLeader
2019-09-11 06:34:02,946 [b3ae6e77-09f2-43a9-bb74-0baf269e9625@group-CA81F8A6D43C:LeaderElection11] INFO  impl.RaftServerImpl (ServerState.java:setLeader(253)) - b3ae6e77-09f2-43a9-bb74-0baf269e9625@group-CA81F8A6D43C: change Leader from null to b3ae6e77-09f2-43a9-bb74-0baf269e9625 at term 1 for becomeLeader, leader elected after 5155ms
2019-09-11 06:34:02,946 [b3ae6e77-09f2-43a9-bb74-0baf269e9625@group-CA81F8A6D43C:LeaderElection11] INFO  server.RaftServerConfigKeys (ConfUtils.java:logGet(43)) - raft.server.staging.catchup.gap = 1000 (default)
2019-09-11 06:34:02,947 [b3ae6e77-09f2-43a9-bb74-0baf269e9625@group-CA81F8A6D43C:LeaderElection11] INFO  server.RaftServerConfigKeys (ConfUtils.java:logGet(43)) - raft.server.rpc.sleep.time = 25ms (default)
2019-09-11 06:34:02,947 [b3ae6e77-09f2-43a9-bb74-0baf269e9625@group-CA81F8A6D43C:LeaderElection11] INFO  server.RaftServerConfigKeys (ConfUtils.java:logGet(43)) - raft.server.write.element-limit = 4096 (default)
2019-09-11 06:34:02,947 [b3ae6e77-09f2-43a9-bb74-0baf269e9625@group-CA81F8A6D43C:LeaderElection11] INFO  server.RaftServerConfigKeys (ConfUtils.java:logGet(43)) - raft.server.watch.timeout = 10s (default)
2019-09-11 06:34:02,947 [b3ae6e77-09f2-43a9-bb74-0baf269e9625@group-CA81F8A6D43C:LeaderElection11] INFO  server.RaftServerConfigKeys (ConfUtils.java:logGet(43)) - raft.server.watch.timeout.denomination = 1s (default)
2019-09-11 06:34:02,947 [b3ae6e77-09f2-43a9-bb74-0baf269e9625@group-CA81F8A6D43C:LeaderElection11] INFO  server.RaftServerConfigKeys (ConfUtils.java:logGet(43)) - raft.server.watch.element-limit = 65536 (default)
2019-09-11 06:34:02,952 [b3ae6e77-09f2-43a9-bb74-0baf269e9625@group-CA81F8A6D43C:LeaderElection11] INFO  server.RaftServerConfigKeys (ConfUtils.java:logGet(43)) - raft.server.log.appender.snapshot.chunk.size.max = 16MB (=16777216) (default)
2019-09-11 06:34:02,953 [b3ae6e77-09f2-43a9-bb74-0baf269e9625@group-CA81F8A6D43C:LeaderElection11] INFO  server.RaftServerConfigKeys (ConfUtils.java:logGet(43)) - raft.server.log.appender.buffer.byte-limit = 33554432 (custom)
2019-09-11 06:34:02,953 [b3ae6e77-09f2-43a9-bb74-0baf269e9625@group-CA81F8A6D43C:LeaderElection11] INFO  server.RaftServerConfigKeys (ConfUtils.java:logGet(43)) - raft.server.log.appender.buffer.element-limit = 1 (custom)
2019-09-11 06:34:02,953 [b3ae6e77-09f2-43a9-bb74-0baf269e9625@group-CA81F8A6D43C:LeaderElection11] INFO  grpc.GrpcConfigKeys$Server (ConfUtils.java:logGet(43)) - raft.grpc.server.leader.outstanding.appends.max = 128 (default)
2019-09-11 06:34:02,953 [b3ae6e77-09f2-43a9-bb74-0baf269e9625@group-CA81F8A6D43C:LeaderElection11] INFO  server.RaftServerConfigKeys (ConfUtils.java:logGet(43)) - raft.server.rpc.request.timeout = 3000ms (default)
2019-09-11 06:34:02,953 [b3ae6e77-09f2-43a9-bb74-0baf269e9625@group-CA81F8A6D43C:LeaderElection11] INFO  server.RaftServerConfigKeys (ConfUtils.java:logGet(43)) - raft.server.log.appender.install.snapshot.enabled = false (custom)
2019-09-11 06:34:02,953 [b3ae6e77-09f2-43a9-bb74-0baf269e9625@group-CA81F8A6D43C:LeaderElection11] INFO  server.RaftServerConfigKeys (ConfUtils.java:logGet(43)) - raft.server.log.appender.snapshot.chunk.size.max = 16MB (=16777216) (default)
2019-09-11 06:34:02,954 [b3ae6e77-09f2-43a9-bb74-0baf269e9625@group-CA81F8A6D43C:LeaderElection11] INFO  server.RaftServerConfigKeys (ConfUtils.java:logGet(43)) - raft.server.log.appender.buffer.byte-limit = 33554432 (custom)
2019-09-11 06:34:02,954 [b3ae6e77-09f2-43a9-bb74-0baf269e9625@group-CA81F8A6D43C:LeaderElection11] INFO  server.RaftServerConfigKeys (ConfUtils.java:logGet(43)) - raft.server.log.appender.buffer.element-limit = 1 (custom)
2019-09-11 06:34:02,954 [b3ae6e77-09f2-43a9-bb74-0baf269e9625@group-CA81F8A6D43C:LeaderElection11] INFO  grpc.GrpcConfigKeys$Server (ConfUtils.java:logGet(43)) - raft.grpc.server.leader.outstanding.appends.max = 128 (default)
2019-09-11 06:34:02,954 [b3ae6e77-09f2-43a9-bb74-0baf269e9625@group-CA81F8A6D43C:LeaderElection11] INFO  server.RaftServerConfigKeys (ConfUtils.java:logGet(43)) - raft.server.rpc.request.timeout = 3000ms (default)
2019-09-11 06:34:02,954 [b3ae6e77-09f2-43a9-bb74-0baf269e9625@group-CA81F8A6D43C:LeaderElection11] INFO  server.RaftServerConfigKeys (ConfUtils.java:logGet(43)) - raft.server.log.appender.install.snapshot.enabled = false (custom)
2019-09-11 06:34:02,955 [b3ae6e77-09f2-43a9-bb74-0baf269e9625@group-CA81F8A6D43C:LeaderElection11] INFO  impl.RoleInfo (RoleInfo.java:updateAndGet(143)) - b3ae6e77-09f2-43a9-bb74-0baf269e9625: start LeaderState
2019-09-11 06:34:02,955 [b3ae6e77-09f2-43a9-bb74-0baf269e9625@group-CA81F8A6D43C:LeaderElection11] INFO  segmented.SegmentedRaftLogWorker (SegmentedRaftLogWorker.java:startLogSegment(380)) - b3ae6e77-09f2-43a9-bb74-0baf269e9625@group-CA81F8A6D43C-SegmentedRaftLogWorker: Starting segment from index:0
2019-09-11 06:34:02,956 [b3ae6e77-09f2-43a9-bb74-0baf269e9625@group-CA81F8A6D43C:LeaderElection11] INFO  impl.RaftServerImpl (ServerState.java:setRaftConf(354)) - b3ae6e77-09f2-43a9-bb74-0baf269e9625@group-CA81F8A6D43C: set configuration 0: [b3ae6e77-09f2-43a9-bb74-0baf269e9625:192.168.36.125:37266, 16d0fe26-9857-4477-8b2c-205100b6d095:192.168.36.125:33180, fbfdc5e7-35fe-4dec-93a8-24c91dabe6d4:192.168.36.125:35103], old=null at 0
2019-09-11 06:34:02,986 [grpc-default-executor-8] INFO  impl.RaftServerImpl (ServerState.java:setLeader(253)) - 16d0fe26-9857-4477-8b2c-205100b6d095@group-CA81F8A6D43C: change Leader from null to b3ae6e77-09f2-43a9-bb74-0baf269e9625 at term 1 for appendEntries, leader elected after 5195ms
2019-09-11 06:34:02,986 [b3ae6e77-09f2-43a9-bb74-0baf269e9625@group-CA81F8A6D43C-SegmentedRaftLogWorker] INFO  segmented.SegmentedRaftLogWorker (SegmentedRaftLogWorker.java:execute(569)) - b3ae6e77-09f2-43a9-bb74-0baf269e9625@group-CA81F8A6D43C-SegmentedRaftLogWorker: created new log segment /workdir/hadoop-ozone/integration-test/target/test-dir/MiniOzoneClusterImpl-9d70c5ba-4c04-47f2-8d5c-a3af1a60ee61/datanode-2/data/ratis/51347fa5-e984-4924-91bb-ca81f8a6d43c/current/log_inprogress_0
2019-09-11 06:34:02,987 [grpc-default-executor-8] INFO  impl.RaftServerImpl (ServerState.java:setLeader(253)) - fbfdc5e7-35fe-4dec-93a8-24c91dabe6d4@group-CA81F8A6D43C: change Leader from null to b3ae6e77-09f2-43a9-bb74-0baf269e9625 at term 1 for appendEntries, leader elected after 5196ms
2019-09-11 06:34:02,990 [grpc-default-executor-8] INFO  impl.RaftServerImpl (ServerState.java:setRaftConf(354)) - 16d0fe26-9857-4477-8b2c-205100b6d095@group-CA81F8A6D43C: set configuration 0: [b3ae6e77-09f2-43a9-bb74-0baf269e9625:192.168.36.125:37266, 16d0fe26-9857-4477-8b2c-205100b6d095:192.168.36.125:33180, fbfdc5e7-35fe-4dec-93a8-24c91dabe6d4:192.168.36.125:35103], old=null at 0
2019-09-11 06:34:02,990 [grpc-default-executor-5] INFO  impl.RaftServerImpl (ServerState.java:setRaftConf(354)) - fbfdc5e7-35fe-4dec-93a8-24c91dabe6d4@group-CA81F8A6D43C: set configuration 0: [b3ae6e77-09f2-43a9-bb74-0baf269e9625:192.168.36.125:37266, 16d0fe26-9857-4477-8b2c-205100b6d095:192.168.36.125:33180, fbfdc5e7-35fe-4dec-93a8-24c91dabe6d4:192.168.36.125:35103], old=null at 0
2019-09-11 06:34:02,990 [grpc-default-executor-8] INFO  segmented.SegmentedRaftLogWorker (SegmentedRaftLogWorker.java:startLogSegment(380)) - 16d0fe26-9857-4477-8b2c-205100b6d095@group-CA81F8A6D43C-SegmentedRaftLogWorker: Starting segment from index:0
2019-09-11 06:34:02,991 [grpc-default-executor-5] INFO  segmented.SegmentedRaftLogWorker (SegmentedRaftLogWorker.java:startLogSegment(380)) - fbfdc5e7-35fe-4dec-93a8-24c91dabe6d4@group-CA81F8A6D43C-SegmentedRaftLogWorker: Starting segment from index:0
2019-09-11 06:34:03,026 [fbfdc5e7-35fe-4dec-93a8-24c91dabe6d4@group-CA81F8A6D43C-SegmentedRaftLogWorker] INFO  segmented.SegmentedRaftLogWorker (SegmentedRaftLogWorker.java:execute(569)) - fbfdc5e7-35fe-4dec-93a8-24c91dabe6d4@group-CA81F8A6D43C-SegmentedRaftLogWorker: created new log segment /workdir/hadoop-ozone/integration-test/target/test-dir/MiniOzoneClusterImpl-9d70c5ba-4c04-47f2-8d5c-a3af1a60ee61/datanode-5/data/ratis/51347fa5-e984-4924-91bb-ca81f8a6d43c/current/log_inprogress_0
2019-09-11 06:34:03,026 [16d0fe26-9857-4477-8b2c-205100b6d095@group-CA81F8A6D43C-SegmentedRaftLogWorker] INFO  segmented.SegmentedRaftLogWorker (SegmentedRaftLogWorker.java:execute(569)) - 16d0fe26-9857-4477-8b2c-205100b6d095@group-CA81F8A6D43C-SegmentedRaftLogWorker: created new log segment /workdir/hadoop-ozone/integration-test/target/test-dir/MiniOzoneClusterImpl-9d70c5ba-4c04-47f2-8d5c-a3af1a60ee61/datanode-6/data/ratis/51347fa5-e984-4924-91bb-ca81f8a6d43c/current/log_inprogress_0
2019-09-11 06:34:04,574 [org.apache.ratis.server.impl.LogAppender$AppenderDaemon$$Lambda$521/1122258981@502175d1] ERROR ratis.XceiverServerRatis (XceiverServerRatis.java:triggerPipelineClose(568)) - pipeline Action CLOSE  on pipeline PipelineID=1b05caeb-6612-4f13-8732-b428a23d2245.Reason : 16d0fe26-9857-4477-8b2c-205100b6d095 has not seen follower/s b3ae6e77-09f2-43a9-bb74-0baf269e9625 for 168302ms fbfdc5e7-35fe-4dec-93a8-24c91dabe6d4 for 168303ms
2019-09-11 06:34:04,574 [org.apache.ratis.server.impl.LogAppender$AppenderDaemon$$Lambda$521/1122258981@132a2d3e] ERROR ratis.XceiverServerRatis (XceiverServerRatis.java:triggerPipelineClose(568)) - pipeline Action CLOSE  on pipeline PipelineID=1b05caeb-6612-4f13-8732-b428a23d2245.Reason : 16d0fe26-9857-4477-8b2c-205100b6d095 has not seen follower/s b3ae6e77-09f2-43a9-bb74-0baf269e9625 for 168302ms fbfdc5e7-35fe-4dec-93a8-24c91dabe6d4 for 168303ms
2019-09-11 06:34:05,073 [java.util.concurrent.ThreadPoolExecutor$Worker@550fe58d[State = -1, empty queue]] WARN  server.GrpcLogAppender (GrpcLogAppender.java:timeoutAppendRequest(200)) - 16d0fe26-9857-4477-8b2c-205100b6d095@group-B428A23D2245->b3ae6e77-09f2-43a9-bb74-0baf269e9625-GrpcLogAppender: appendEntries Timeout, request=16d0fe26-9857-4477-8b2c-205100b6d095->b3ae6e77-09f2-43a9-bb74-0baf269e9625#80-t1, previous=(t:1, i:13), leaderCommit=6, initializing? false, entries: <empty>
2019-09-11 06:34:05,073 [java.util.concurrent.ThreadPoolExecutor$Worker@2eb904fc[State = -1, empty queue]] WARN  server.GrpcLogAppender (GrpcLogAppender.java:timeoutAppendRequest(200)) - 16d0fe26-9857-4477-8b2c-205100b6d095@group-B428A23D2245->fbfdc5e7-35fe-4dec-93a8-24c91dabe6d4-GrpcLogAppender: appendEntries Timeout, request=16d0fe26-9857-4477-8b2c-205100b6d095->fbfdc5e7-35fe-4dec-93a8-24c91dabe6d4#80-t1, previous=(t:1, i:13), leaderCommit=6, initializing? false, entries: <empty>
2019-09-11 06:34:05,563 [EventQueue-PipelineActionsForPipelineActionHandler] ERROR pipeline.PipelineActionHandler (PipelineActionHandler.java:onMessage(60)) - Received pipeline action CLOSE for Pipeline[ Id: 1b05caeb-6612-4f13-8732-b428a23d2245, Nodes: b3ae6e77-09f2-43a9-bb74-0baf269e9625{ip: 192.168.36.125, host: trunk-nightly-20190911-vpfxm-1000144475, networkLocation: /default-rack, certSerialId: null}fbfdc5e7-35fe-4dec-93a8-24c91dabe6d4{ip: 192.168.36.125, host: trunk-nightly-20190911-vpfxm-1000144475, networkLocation: /default-rack, certSerialId: null}16d0fe26-9857-4477-8b2c-205100b6d095{ip: 192.168.36.125, host: trunk-nightly-20190911-vpfxm-1000144475, networkLocation: /default-rack, certSerialId: null}, Type:RATIS, Factor:THREE, State:CLOSED] from datanode 16d0fe26-9857-4477-8b2c-205100b6d095{ip: 192.168.36.125, host: trunk-nightly-20190911-vpfxm-1000144475, networkLocation: /default-rack, certSerialId: null}. Reason : 16d0fe26-9857-4477-8b2c-205100b6d095 has not seen follower/s b3ae6e77-09f2-43a9-bb74-0baf269e9625 for 168302ms fbfdc5e7-35fe-4dec-93a8-24c91dabe6d4 for 168303ms
2019-09-11 06:34:05,564 [EventQueue-PipelineActionsForPipelineActionHandler] INFO  pipeline.SCMPipelineManager (SCMPipelineManager.java:finalizeAndDestroyPipeline(311)) - destroying pipeline:Pipeline[ Id: 1b05caeb-6612-4f13-8732-b428a23d2245, Nodes: b3ae6e77-09f2-43a9-bb74-0baf269e9625{ip: 192.168.36.125, host: trunk-nightly-20190911-vpfxm-1000144475, networkLocation: /default-rack, certSerialId: null}fbfdc5e7-35fe-4dec-93a8-24c91dabe6d4{ip: 192.168.36.125, host: trunk-nightly-20190911-vpfxm-1000144475, networkLocation: /default-rack, certSerialId: null}16d0fe26-9857-4477-8b2c-205100b6d095{ip: 192.168.36.125, host: trunk-nightly-20190911-vpfxm-1000144475, networkLocation: /default-rack, certSerialId: null}, Type:RATIS, Factor:THREE, State:CLOSED]
2019-09-11 06:34:06,375 [b3ae6e77-09f2-43a9-bb74-0baf269e9625@group-B428A23D2245-SegmentedRaftLogWorker] WARN  segmented.SegmentedRaftLogWorker (SegmentedRaftLogWorker.java:getFromFuture(90)) - Timeout 16/~
org.apache.ratis.protocol.TimeoutIOException: Timeout 10s: WriteLog:7: (t:1, i:7), STATEMACHINELOGENTRY, client-003637AF6369, cid=42-writeStateMachineData
	at org.apache.ratis.util.IOUtils.getFromFuture(IOUtils.java:87)
	at org.apache.ratis.server.raftlog.segmented.SegmentedRaftLogWorker$StateMachineDataPolicy.getFromFuture(SegmentedRaftLogWorker.java:87)
	at org.apache.ratis.server.raftlog.segmented.SegmentedRaftLogWorker$WriteLog.execute(SegmentedRaftLogWorker.java:477)
	at org.apache.ratis.server.raftlog.segmented.SegmentedRaftLogWorker.run(SegmentedRaftLogWorker.java:289)
	at java.lang.Thread.run(Thread.java:748)
Caused by: java.util.concurrent.TimeoutException
	at java.util.concurrent.CompletableFuture.timedGet(CompletableFuture.java:1771)
	at java.util.concurrent.CompletableFuture.get(CompletableFuture.java:1915)
	at org.apache.ratis.util.IOUtils.getFromFuture(IOUtils.java:79)
	... 4 more
2019-09-11 06:34:06,419 [fbfdc5e7-35fe-4dec-93a8-24c91dabe6d4@group-B428A23D2245-SegmentedRaftLogWorker] WARN  segmented.SegmentedRaftLogWorker (SegmentedRaftLogWorker.java:getFromFuture(90)) - Timeout 16/~
org.apache.ratis.protocol.TimeoutIOException: Timeout 10s: WriteLog:7: (t:1, i:7), STATEMACHINELOGENTRY, client-003637AF6369, cid=42-writeStateMachineData
	at org.apache.ratis.util.IOUtils.getFromFuture(IOUtils.java:87)
	at org.apache.ratis.server.raftlog.segmented.SegmentedRaftLogWorker$StateMachineDataPolicy.getFromFuture(SegmentedRaftLogWorker.java:87)
	at org.apache.ratis.server.raftlog.segmented.SegmentedRaftLogWorker$WriteLog.execute(SegmentedRaftLogWorker.java:477)
	at org.apache.ratis.server.raftlog.segmented.SegmentedRaftLogWorker.run(SegmentedRaftLogWorker.java:289)
	at java.lang.Thread.run(Thread.java:748)
Caused by: java.util.concurrent.TimeoutException
	at java.util.concurrent.CompletableFuture.timedGet(CompletableFuture.java:1771)
	at java.util.concurrent.CompletableFuture.get(CompletableFuture.java:1915)
	at org.apache.ratis.util.IOUtils.getFromFuture(IOUtils.java:79)
	... 4 more
2019-09-11 06:34:06,498 [16d0fe26-9857-4477-8b2c-205100b6d095@group-B428A23D2245-SegmentedRaftLogWorker] WARN  segmented.SegmentedRaftLogWorker (SegmentedRaftLogWorker.java:getFromFuture(90)) - Timeout 16/~
org.apache.ratis.protocol.TimeoutIOException: Timeout 10s: WriteLog:10: (t:1, i:10), STATEMACHINELOGENTRY, client-003637AF6369, cid=45-writeStateMachineData
	at org.apache.ratis.util.IOUtils.getFromFuture(IOUtils.java:87)
	at org.apache.ratis.server.raftlog.segmented.SegmentedRaftLogWorker$StateMachineDataPolicy.getFromFuture(SegmentedRaftLogWorker.java:87)
	at org.apache.ratis.server.raftlog.segmented.SegmentedRaftLogWorker$WriteLog.execute(SegmentedRaftLogWorker.java:477)
	at org.apache.ratis.server.raftlog.segmented.SegmentedRaftLogWorker.run(SegmentedRaftLogWorker.java:289)
	at java.lang.Thread.run(Thread.java:748)
Caused by: java.util.concurrent.TimeoutException
	at java.util.concurrent.CompletableFuture.timedGet(CompletableFuture.java:1771)
	at java.util.concurrent.CompletableFuture.get(CompletableFuture.java:1915)
	at org.apache.ratis.util.IOUtils.getFromFuture(IOUtils.java:79)
	... 4 more
2019-09-11 06:34:07,075 [org.apache.ratis.server.impl.LogAppender$AppenderDaemon$$Lambda$521/1122258981@132a2d3e] ERROR ratis.XceiverServerRatis (XceiverServerRatis.java:triggerPipelineClose(568)) - pipeline Action CLOSE  on pipeline PipelineID=1b05caeb-6612-4f13-8732-b428a23d2245.Reason : 16d0fe26-9857-4477-8b2c-205100b6d095 has not seen follower/s b3ae6e77-09f2-43a9-bb74-0baf269e9625 for 170803ms fbfdc5e7-35fe-4dec-93a8-24c91dabe6d4 for 170803ms
2019-09-11 06:34:07,075 [org.apache.ratis.server.impl.LogAppender$AppenderDaemon$$Lambda$521/1122258981@502175d1] ERROR ratis.XceiverServerRatis (XceiverServerRatis.java:triggerPipelineClose(568)) - pipeline Action CLOSE  on pipeline PipelineID=1b05caeb-6612-4f13-8732-b428a23d2245.Reason : 16d0fe26-9857-4477-8b2c-205100b6d095 has not seen follower/s b3ae6e77-09f2-43a9-bb74-0baf269e9625 for 170803ms fbfdc5e7-35fe-4dec-93a8-24c91dabe6d4 for 170804ms
2019-09-11 06:34:07,563 [EventQueue-PipelineActionsForPipelineActionHandler] ERROR pipeline.PipelineActionHandler (PipelineActionHandler.java:onMessage(60)) - Received pipeline action CLOSE for Pipeline[ Id: 1b05caeb-6612-4f13-8732-b428a23d2245, Nodes: b3ae6e77-09f2-43a9-bb74-0baf269e9625{ip: 192.168.36.125, host: trunk-nightly-20190911-vpfxm-1000144475, networkLocation: /default-rack, certSerialId: null}fbfdc5e7-35fe-4dec-93a8-24c91dabe6d4{ip: 192.168.36.125, host: trunk-nightly-20190911-vpfxm-1000144475, networkLocation: /default-rack, certSerialId: null}16d0fe26-9857-4477-8b2c-205100b6d095{ip: 192.168.36.125, host: trunk-nightly-20190911-vpfxm-1000144475, networkLocation: /default-rack, certSerialId: null}, Type:RATIS, Factor:THREE, State:CLOSED] from datanode 16d0fe26-9857-4477-8b2c-205100b6d095{ip: 192.168.36.125, host: trunk-nightly-20190911-vpfxm-1000144475, networkLocation: /default-rack, certSerialId: null}. Reason : 16d0fe26-9857-4477-8b2c-205100b6d095 has not seen follower/s b3ae6e77-09f2-43a9-bb74-0baf269e9625 for 170803ms fbfdc5e7-35fe-4dec-93a8-24c91dabe6d4 for 170803ms
2019-09-11 06:34:07,563 [EventQueue-PipelineActionsForPipelineActionHandler] INFO  pipeline.SCMPipelineManager (SCMPipelineManager.java:finalizeAndDestroyPipeline(311)) - destroying pipeline:Pipeline[ Id: 1b05caeb-6612-4f13-8732-b428a23d2245, Nodes: b3ae6e77-09f2-43a9-bb74-0baf269e9625{ip: 192.168.36.125, host: trunk-nightly-20190911-vpfxm-1000144475, networkLocation: /default-rack, certSerialId: null}fbfdc5e7-35fe-4dec-93a8-24c91dabe6d4{ip: 192.168.36.125, host: trunk-nightly-20190911-vpfxm-1000144475, networkLocation: /default-rack, certSerialId: null}16d0fe26-9857-4477-8b2c-205100b6d095{ip: 192.168.36.125, host: trunk-nightly-20190911-vpfxm-1000144475, networkLocation: /default-rack, certSerialId: null}, Type:RATIS, Factor:THREE, State:CLOSED]
2019-09-11 06:34:07,574 [java.util.concurrent.ThreadPoolExecutor$Worker@550fe58d[State = -1, empty queue]] WARN  server.GrpcLogAppender (GrpcLogAppender.java:timeoutAppendRequest(200)) - 16d0fe26-9857-4477-8b2c-205100b6d095@group-B428A23D2245->b3ae6e77-09f2-43a9-bb74-0baf269e9625-GrpcLogAppender: appendEntries Timeout, request=16d0fe26-9857-4477-8b2c-205100b6d095->b3ae6e77-09f2-43a9-bb74-0baf269e9625#81-t1, previous=(t:1, i:13), leaderCommit=6, initializing? false, entries: <empty>
2019-09-11 06:34:07,574 [java.util.concurrent.ThreadPoolExecutor$Worker@2eb904fc[State = -1, empty queue]] WARN  server.GrpcLogAppender (GrpcLogAppender.java:timeoutAppendRequest(200)) - 16d0fe26-9857-4477-8b2c-205100b6d095@group-B428A23D2245->fbfdc5e7-35fe-4dec-93a8-24c91dabe6d4-GrpcLogAppender: appendEntries Timeout, request=16d0fe26-9857-4477-8b2c-205100b6d095->fbfdc5e7-35fe-4dec-93a8-24c91dabe6d4#81-t1, previous=(t:1, i:13), leaderCommit=6, initializing? false, entries: <empty>
2019-09-11 06:34:07,921 [grpc-default-executor-5] INFO  client.GrpcClientProtocolClient (GrpcClientProtocolClient.java:onNext(264)) - client-003637AF6369->fbfdc5e7-35fe-4dec-93a8-24c91dabe6d4: receive RaftClientReply:client-003637AF6369->fbfdc5e7-35fe-4dec-93a8-24c91dabe6d4@group-B428A23D2245, cid=42, FAILED org.apache.ratis.protocol.NotLeaderException: Server fbfdc5e7-35fe-4dec-93a8-24c91dabe6d4@group-B428A23D2245 is not the leader 16d0fe26-9857-4477-8b2c-205100b6d095:192.168.36.125:33180, logIndex=0, commits[fbfdc5e7-35fe-4dec-93a8-24c91dabe6d4:c6, b3ae6e77-09f2-43a9-bb74-0baf269e9625:c4, 16d0fe26-9857-4477-8b2c-205100b6d095:c6]
2019-09-11 06:34:09,576 [org.apache.ratis.server.impl.LogAppender$AppenderDaemon$$Lambda$521/1122258981@132a2d3e] ERROR ratis.XceiverServerRatis (XceiverServerRatis.java:triggerPipelineClose(568)) - pipeline Action CLOSE  on pipeline PipelineID=1b05caeb-6612-4f13-8732-b428a23d2245.Reason : 16d0fe26-9857-4477-8b2c-205100b6d095 has not seen follower/s b3ae6e77-09f2-43a9-bb74-0baf269e9625 for 173304ms fbfdc5e7-35fe-4dec-93a8-24c91dabe6d4 for 173304ms
2019-09-11 06:34:09,576 [org.apache.ratis.server.impl.LogAppender$AppenderDaemon$$Lambda$521/1122258981@502175d1] ERROR ratis.XceiverServerRatis (XceiverServerRatis.java:triggerPipelineClose(568)) - pipeline Action CLOSE  on pipeline PipelineID=1b05caeb-6612-4f13-8732-b428a23d2245.Reason : 16d0fe26-9857-4477-8b2c-205100b6d095 has not seen follower/s b3ae6e77-09f2-43a9-bb74-0baf269e9625 for 173304ms fbfdc5e7-35fe-4dec-93a8-24c91dabe6d4 for 173304ms
2019-09-11 06:34:10,074 [java.util.concurrent.ThreadPoolExecutor$Worker@2eb904fc[State = -1, empty queue]] WARN  server.GrpcLogAppender (GrpcLogAppender.java:timeoutAppendRequest(200)) - 16d0fe26-9857-4477-8b2c-205100b6d095@group-B428A23D2245->fbfdc5e7-35fe-4dec-93a8-24c91dabe6d4-GrpcLogAppender: appendEntries Timeout, request=16d0fe26-9857-4477-8b2c-205100b6d095->fbfdc5e7-35fe-4dec-93a8-24c91dabe6d4#82-t1, previous=(t:1, i:13), leaderCommit=6, initializing? false, entries: <empty>
2019-09-11 06:34:10,075 [java.util.concurrent.ThreadPoolExecutor$Worker@550fe58d[State = -1, empty queue]] WARN  server.GrpcLogAppender (GrpcLogAppender.java:timeoutAppendRequest(200)) - 16d0fe26-9857-4477-8b2c-205100b6d095@group-B428A23D2245->b3ae6e77-09f2-43a9-bb74-0baf269e9625-GrpcLogAppender: appendEntries Timeout, request=16d0fe26-9857-4477-8b2c-205100b6d095->b3ae6e77-09f2-43a9-bb74-0baf269e9625#82-t1, previous=(t:1, i:13), leaderCommit=6, initializing? false, entries: <empty>
2019-09-11 06:34:10,563 [EventQueue-PipelineActionsForPipelineActionHandler] ERROR pipeline.PipelineActionHandler (PipelineActionHandler.java:onMessage(60)) - Received pipeline action CLOSE for Pipeline[ Id: 1b05caeb-6612-4f13-8732-b428a23d2245, Nodes: b3ae6e77-09f2-43a9-bb74-0baf269e9625{ip: 192.168.36.125, host: trunk-nightly-20190911-vpfxm-1000144475, networkLocation: /default-rack, certSerialId: null}fbfdc5e7-35fe-4dec-93a8-24c91dabe6d4{ip: 192.168.36.125, host: trunk-nightly-20190911-vpfxm-1000144475, networkLocation: /default-rack, certSerialId: null}16d0fe26-9857-4477-8b2c-205100b6d095{ip: 192.168.36.125, host: trunk-nightly-20190911-vpfxm-1000144475, networkLocation: /default-rack, certSerialId: null}, Type:RATIS, Factor:THREE, State:CLOSED] from datanode 16d0fe26-9857-4477-8b2c-205100b6d095{ip: 192.168.36.125, host: trunk-nightly-20190911-vpfxm-1000144475, networkLocation: /default-rack, certSerialId: null}. Reason : 16d0fe26-9857-4477-8b2c-205100b6d095 has not seen follower/s b3ae6e77-09f2-43a9-bb74-0baf269e9625 for 173304ms fbfdc5e7-35fe-4dec-93a8-24c91dabe6d4 for 173304ms
2019-09-11 06:34:10,564 [EventQueue-PipelineActionsForPipelineActionHandler] INFO  pipeline.SCMPipelineManager (SCMPipelineManager.java:finalizeAndDestroyPipeline(311)) - destroying pipeline:Pipeline[ Id: 1b05caeb-6612-4f13-8732-b428a23d2245, Nodes: b3ae6e77-09f2-43a9-bb74-0baf269e9625{ip: 192.168.36.125, host: trunk-nightly-20190911-vpfxm-1000144475, networkLocation: /default-rack, certSerialId: null}fbfdc5e7-35fe-4dec-93a8-24c91dabe6d4{ip: 192.168.36.125, host: trunk-nightly-20190911-vpfxm-1000144475, networkLocation: /default-rack, certSerialId: null}16d0fe26-9857-4477-8b2c-205100b6d095{ip: 192.168.36.125, host: trunk-nightly-20190911-vpfxm-1000144475, networkLocation: /default-rack, certSerialId: null}, Type:RATIS, Factor:THREE, State:CLOSED]
2019-09-11 06:34:12,078 [org.apache.ratis.server.impl.LogAppender$AppenderDaemon$$Lambda$521/1122258981@132a2d3e] ERROR ratis.XceiverServerRatis (XceiverServerRatis.java:triggerPipelineClose(568)) - pipeline Action CLOSE  on pipeline PipelineID=1b05caeb-6612-4f13-8732-b428a23d2245.Reason : 16d0fe26-9857-4477-8b2c-205100b6d095 has not seen follower/s b3ae6e77-09f2-43a9-bb74-0baf269e9625 for 175806ms fbfdc5e7-35fe-4dec-93a8-24c91dabe6d4 for 175806ms
2019-09-11 06:34:12,078 [org.apache.ratis.server.impl.LogAppender$AppenderDaemon$$Lambda$521/1122258981@502175d1] ERROR ratis.XceiverServerRatis (XceiverServerRatis.java:triggerPipelineClose(568)) - pipeline Action CLOSE  on pipeline PipelineID=1b05caeb-6612-4f13-8732-b428a23d2245.Reason : 16d0fe26-9857-4477-8b2c-205100b6d095 has not seen follower/s b3ae6e77-09f2-43a9-bb74-0baf269e9625 for 175806ms fbfdc5e7-35fe-4dec-93a8-24c91dabe6d4 for 175806ms
2019-09-11 06:34:12,564 [EventQueue-PipelineActionsForPipelineActionHandler] ERROR pipeline.PipelineActionHandler (PipelineActionHandler.java:onMessage(60)) - Received pipeline action CLOSE for Pipeline[ Id: 1b05caeb-6612-4f13-8732-b428a23d2245, Nodes: b3ae6e77-09f2-43a9-bb74-0baf269e9625{ip: 192.168.36.125, host: trunk-nightly-20190911-vpfxm-1000144475, networkLocation: /default-rack, certSerialId: null}fbfdc5e7-35fe-4dec-93a8-24c91dabe6d4{ip: 192.168.36.125, host: trunk-nightly-20190911-vpfxm-1000144475, networkLocation: /default-rack, certSerialId: null}16d0fe26-9857-4477-8b2c-205100b6d095{ip: 192.168.36.125, host: trunk-nightly-20190911-vpfxm-1000144475, networkLocation: /default-rack, certSerialId: null}, Type:RATIS, Factor:THREE, State:CLOSED] from datanode 16d0fe26-9857-4477-8b2c-205100b6d095{ip: 192.168.36.125, host: trunk-nightly-20190911-vpfxm-1000144475, networkLocation: /default-rack, certSerialId: null}. Reason : 16d0fe26-9857-4477-8b2c-205100b6d095 has not seen follower/s b3ae6e77-09f2-43a9-bb74-0baf269e9625 for 175806ms fbfdc5e7-35fe-4dec-93a8-24c91dabe6d4 for 175806ms
2019-09-11 06:34:12,565 [EventQueue-PipelineActionsForPipelineActionHandler] INFO  pipeline.SCMPipelineManager (SCMPipelineManager.java:finalizeAndDestroyPipeline(311)) - destroying pipeline:Pipeline[ Id: 1b05caeb-6612-4f13-8732-b428a23d2245, Nodes: b3ae6e77-09f2-43a9-bb74-0baf269e9625{ip: 192.168.36.125, host: trunk-nightly-20190911-vpfxm-1000144475, networkLocation: /default-rack, certSerialId: null}fbfdc5e7-35fe-4dec-93a8-24c91dabe6d4{ip: 192.168.36.125, host: trunk-nightly-20190911-vpfxm-1000144475, networkLocation: /default-rack, certSerialId: null}16d0fe26-9857-4477-8b2c-205100b6d095{ip: 192.168.36.125, host: trunk-nightly-20190911-vpfxm-1000144475, networkLocation: /default-rack, certSerialId: null}, Type:RATIS, Factor:THREE, State:CLOSED]
2019-09-11 06:34:12,576 [java.util.concurrent.ThreadPoolExecutor$Worker@2eb904fc[State = -1, empty queue]] WARN  server.GrpcLogAppender (GrpcLogAppender.java:timeoutAppendRequest(200)) - 16d0fe26-9857-4477-8b2c-205100b6d095@group-B428A23D2245->fbfdc5e7-35fe-4dec-93a8-24c91dabe6d4-GrpcLogAppender: appendEntries Timeout, request=16d0fe26-9857-4477-8b2c-205100b6d095->fbfdc5e7-35fe-4dec-93a8-24c91dabe6d4#83-t1, previous=(t:1, i:13), leaderCommit=6, initializing? false, entries: <empty>
2019-09-11 06:34:12,576 [java.util.concurrent.ThreadPoolExecutor$Worker@550fe58d[State = -1, empty queue]] WARN  server.GrpcLogAppender (GrpcLogAppender.java:timeoutAppendRequest(200)) - 16d0fe26-9857-4477-8b2c-205100b6d095@group-B428A23D2245->b3ae6e77-09f2-43a9-bb74-0baf269e9625-GrpcLogAppender: appendEntries Timeout, request=16d0fe26-9857-4477-8b2c-205100b6d095->b3ae6e77-09f2-43a9-bb74-0baf269e9625#83-t1, previous=(t:1, i:13), leaderCommit=6, initializing? false, entries: <empty>
2019-09-11 06:34:12,961 [grpc-default-executor-8] INFO  client.GrpcClientProtocolClient (GrpcClientProtocolClient.java:onNext(264)) - client-003637AF6369->b3ae6e77-09f2-43a9-bb74-0baf269e9625: receive RaftClientReply:client-003637AF6369->b3ae6e77-09f2-43a9-bb74-0baf269e9625@group-B428A23D2245, cid=42, FAILED org.apache.ratis.protocol.NotLeaderException: Server b3ae6e77-09f2-43a9-bb74-0baf269e9625@group-B428A23D2245 is not the leader 16d0fe26-9857-4477-8b2c-205100b6d095:192.168.36.125:33180, logIndex=0, commits[b3ae6e77-09f2-43a9-bb74-0baf269e9625:c6, 16d0fe26-9857-4477-8b2c-205100b6d095:c6, fbfdc5e7-35fe-4dec-93a8-24c91dabe6d4:c4]
2019-09-11 06:34:14,578 [org.apache.ratis.server.impl.LogAppender$AppenderDaemon$$Lambda$521/1122258981@132a2d3e] ERROR ratis.XceiverServerRatis (XceiverServerRatis.java:triggerPipelineClose(568)) - pipeline Action CLOSE  on pipeline PipelineID=1b05caeb-6612-4f13-8732-b428a23d2245.Reason : 16d0fe26-9857-4477-8b2c-205100b6d095 has not seen follower/s b3ae6e77-09f2-43a9-bb74-0baf269e9625 for 178306ms fbfdc5e7-35fe-4dec-93a8-24c91dabe6d4 for 178306ms
2019-09-11 06:34:14,578 [org.apache.ratis.server.impl.LogAppender$AppenderDaemon$$Lambda$521/1122258981@502175d1] ERROR ratis.XceiverServerRatis (XceiverServerRatis.java:triggerPipelineClose(568)) - pipeline Action CLOSE  on pipeline PipelineID=1b05caeb-6612-4f13-8732-b428a23d2245.Reason : 16d0fe26-9857-4477-8b2c-205100b6d095 has not seen follower/s b3ae6e77-09f2-43a9-bb74-0baf269e9625 for 178306ms fbfdc5e7-35fe-4dec-93a8-24c91dabe6d4 for 178306ms
2019-09-11 06:34:15,077 [java.util.concurrent.ThreadPoolExecutor$Worker@2eb904fc[State = -1, empty queue]] WARN  server.GrpcLogAppender (GrpcLogAppender.java:timeoutAppendRequest(200)) - 16d0fe26-9857-4477-8b2c-205100b6d095@group-B428A23D2245->fbfdc5e7-35fe-4dec-93a8-24c91dabe6d4-GrpcLogAppender: appendEntries Timeout, request=16d0fe26-9857-4477-8b2c-205100b6d095->fbfdc5e7-35fe-4dec-93a8-24c91dabe6d4#84-t1, previous=(t:1, i:13), leaderCommit=6, initializing? false, entries: <empty>
2019-09-11 06:34:15,077 [java.util.concurrent.ThreadPoolExecutor$Worker@550fe58d[State = -1, empty queue]] WARN  server.GrpcLogAppender (GrpcLogAppender.java:timeoutAppendRequest(200)) - 16d0fe26-9857-4477-8b2c-205100b6d095@group-B428A23D2245->b3ae6e77-09f2-43a9-bb74-0baf269e9625-GrpcLogAppender: appendEntries Timeout, request=16d0fe26-9857-4477-8b2c-205100b6d095->b3ae6e77-09f2-43a9-bb74-0baf269e9625#84-t1, previous=(t:1, i:13), leaderCommit=6, initializing? false, entries: <empty>
2019-09-11 06:34:15,564 [EventQueue-PipelineActionsForPipelineActionHandler] ERROR pipeline.PipelineActionHandler (PipelineActionHandler.java:onMessage(60)) - Received pipeline action CLOSE for Pipeline[ Id: 1b05caeb-6612-4f13-8732-b428a23d2245, Nodes: b3ae6e77-09f2-43a9-bb74-0baf269e9625{ip: 192.168.36.125, host: trunk-nightly-20190911-vpfxm-1000144475, networkLocation: /default-rack, certSerialId: null}fbfdc5e7-35fe-4dec-93a8-24c91dabe6d4{ip: 192.168.36.125, host: trunk-nightly-20190911-vpfxm-1000144475, networkLocation: /default-rack, certSerialId: null}16d0fe26-9857-4477-8b2c-205100b6d095{ip: 192.168.36.125, host: trunk-nightly-20190911-vpfxm-1000144475, networkLocation: /default-rack, certSerialId: null}, Type:RATIS, Factor:THREE, State:CLOSED] from datanode 16d0fe26-9857-4477-8b2c-205100b6d095{ip: 192.168.36.125, host: trunk-nightly-20190911-vpfxm-1000144475, networkLocation: /default-rack, certSerialId: null}. Reason : 16d0fe26-9857-4477-8b2c-205100b6d095 has not seen follower/s b3ae6e77-09f2-43a9-bb74-0baf269e9625 for 178306ms fbfdc5e7-35fe-4dec-93a8-24c91dabe6d4 for 178306ms
2019-09-11 06:34:15,564 [EventQueue-PipelineActionsForPipelineActionHandler] INFO  pipeline.SCMPipelineManager (SCMPipelineManager.java:finalizeAndDestroyPipeline(311)) - destroying pipeline:Pipeline[ Id: 1b05caeb-6612-4f13-8732-b428a23d2245, Nodes: b3ae6e77-09f2-43a9-bb74-0baf269e9625{ip: 192.168.36.125, host: trunk-nightly-20190911-vpfxm-1000144475, networkLocation: /default-rack, certSerialId: null}fbfdc5e7-35fe-4dec-93a8-24c91dabe6d4{ip: 192.168.36.125, host: trunk-nightly-20190911-vpfxm-1000144475, networkLocation: /default-rack, certSerialId: null}16d0fe26-9857-4477-8b2c-205100b6d095{ip: 192.168.36.125, host: trunk-nightly-20190911-vpfxm-1000144475, networkLocation: /default-rack, certSerialId: null}, Type:RATIS, Factor:THREE, State:CLOSED]
2019-09-11 06:34:16,376 [b3ae6e77-09f2-43a9-bb74-0baf269e9625@group-B428A23D2245-SegmentedRaftLogWorker] WARN  segmented.SegmentedRaftLogWorker (SegmentedRaftLogWorker.java:getFromFuture(90)) - Timeout 17/~
org.apache.ratis.protocol.TimeoutIOException: Timeout 10s: WriteLog:7: (t:1, i:7), STATEMACHINELOGENTRY, client-003637AF6369, cid=42-writeStateMachineData
	at org.apache.ratis.util.IOUtils.getFromFuture(IOUtils.java:87)
	at org.apache.ratis.server.raftlog.segmented.SegmentedRaftLogWorker$StateMachineDataPolicy.getFromFuture(SegmentedRaftLogWorker.java:87)
	at org.apache.ratis.server.raftlog.segmented.SegmentedRaftLogWorker$WriteLog.execute(SegmentedRaftLogWorker.java:477)
	at org.apache.ratis.server.raftlog.segmented.SegmentedRaftLogWorker.run(SegmentedRaftLogWorker.java:289)
	at java.lang.Thread.run(Thread.java:748)
Caused by: java.util.concurrent.TimeoutException
	at java.util.concurrent.CompletableFuture.timedGet(CompletableFuture.java:1771)
	at java.util.concurrent.CompletableFuture.get(CompletableFuture.java:1915)
	at org.apache.ratis.util.IOUtils.getFromFuture(IOUtils.java:79)
	... 4 more
2019-09-11 06:34:16,419 [fbfdc5e7-35fe-4dec-93a8-24c91dabe6d4@group-B428A23D2245-SegmentedRaftLogWorker] WARN  segmented.SegmentedRaftLogWorker (SegmentedRaftLogWorker.java:getFromFuture(90)) - Timeout 17/~
org.apache.ratis.protocol.TimeoutIOException: Timeout 10s: WriteLog:7: (t:1, i:7), STATEMACHINELOGENTRY, client-003637AF6369, cid=42-writeStateMachineData
	at org.apache.ratis.util.IOUtils.getFromFuture(IOUtils.java:87)
	at org.apache.ratis.server.raftlog.segmented.SegmentedRaftLogWorker$StateMachineDataPolicy.getFromFuture(SegmentedRaftLogWorker.java:87)
	at org.apache.ratis.server.raftlog.segmented.SegmentedRaftLogWorker$WriteLog.execute(SegmentedRaftLogWorker.java:477)
	at org.apache.ratis.server.raftlog.segmented.SegmentedRaftLogWorker.run(SegmentedRaftLogWorker.java:289)
	at java.lang.Thread.run(Thread.java:748)
Caused by: java.util.concurrent.TimeoutException
	at java.util.concurrent.CompletableFuture.timedGet(CompletableFuture.java:1771)
	at java.util.concurrent.CompletableFuture.get(CompletableFuture.java:1915)
	at org.apache.ratis.util.IOUtils.getFromFuture(IOUtils.java:79)
	... 4 more
2019-09-11 06:34:16,498 [16d0fe26-9857-4477-8b2c-205100b6d095@group-B428A23D2245-SegmentedRaftLogWorker] WARN  segmented.SegmentedRaftLogWorker (SegmentedRaftLogWorker.java:getFromFuture(90)) - Timeout 17/~
org.apache.ratis.protocol.TimeoutIOException: Timeout 10s: WriteLog:10: (t:1, i:10), STATEMACHINELOGENTRY, client-003637AF6369, cid=45-writeStateMachineData
	at org.apache.ratis.util.IOUtils.getFromFuture(IOUtils.java:87)
	at org.apache.ratis.server.raftlog.segmented.SegmentedRaftLogWorker$StateMachineDataPolicy.getFromFuture(SegmentedRaftLogWorker.java:87)
	at org.apache.ratis.server.raftlog.segmented.SegmentedRaftLogWorker$WriteLog.execute(SegmentedRaftLogWorker.java:477)
	at org.apache.ratis.server.raftlog.segmented.SegmentedRaftLogWorker.run(SegmentedRaftLogWorker.java:289)
	at java.lang.Thread.run(Thread.java:748)
Caused by: java.util.concurrent.TimeoutException
	at java.util.concurrent.CompletableFuture.timedGet(CompletableFuture.java:1771)
	at java.util.concurrent.CompletableFuture.get(CompletableFuture.java:1915)
	at org.apache.ratis.util.IOUtils.getFromFuture(IOUtils.java:79)
	... 4 more
2019-09-11 06:34:17,079 [org.apache.ratis.server.impl.LogAppender$AppenderDaemon$$Lambda$521/1122258981@502175d1] ERROR ratis.XceiverServerRatis (XceiverServerRatis.java:triggerPipelineClose(568)) - pipeline Action CLOSE  on pipeline PipelineID=1b05caeb-6612-4f13-8732-b428a23d2245.Reason : 16d0fe26-9857-4477-8b2c-205100b6d095 has not seen follower/s b3ae6e77-09f2-43a9-bb74-0baf269e9625 for 180807ms fbfdc5e7-35fe-4dec-93a8-24c91dabe6d4 for 180807ms
2019-09-11 06:34:17,079 [org.apache.ratis.server.impl.LogAppender$AppenderDaemon$$Lambda$521/1122258981@132a2d3e] ERROR ratis.XceiverServerRatis (XceiverServerRatis.java:triggerPipelineClose(568)) - pipeline Action CLOSE  on pipeline PipelineID=1b05caeb-6612-4f13-8732-b428a23d2245.Reason : 16d0fe26-9857-4477-8b2c-205100b6d095 has not seen follower/s b3ae6e77-09f2-43a9-bb74-0baf269e9625 for 180807ms fbfdc5e7-35fe-4dec-93a8-24c91dabe6d4 for 180807ms
2019-09-11 06:34:17,564 [EventQueue-PipelineActionsForPipelineActionHandler] ERROR pipeline.PipelineActionHandler (PipelineActionHandler.java:onMessage(60)) - Received pipeline action CLOSE for Pipeline[ Id: 1b05caeb-6612-4f13-8732-b428a23d2245, Nodes: b3ae6e77-09f2-43a9-bb74-0baf269e9625{ip: 192.168.36.125, host: trunk-nightly-20190911-vpfxm-1000144475, networkLocation: /default-rack, certSerialId: null}fbfdc5e7-35fe-4dec-93a8-24c91dabe6d4{ip: 192.168.36.125, host: trunk-nightly-20190911-vpfxm-1000144475, networkLocation: /default-rack, certSerialId: null}16d0fe26-9857-4477-8b2c-205100b6d095{ip: 192.168.36.125, host: trunk-nightly-20190911-vpfxm-1000144475, networkLocation: /default-rack, certSerialId: null}, Type:RATIS, Factor:THREE, State:CLOSED] from datanode 16d0fe26-9857-4477-8b2c-205100b6d095{ip: 192.168.36.125, host: trunk-nightly-20190911-vpfxm-1000144475, networkLocation: /default-rack, certSerialId: null}. Reason : 16d0fe26-9857-4477-8b2c-205100b6d095 has not seen follower/s b3ae6e77-09f2-43a9-bb74-0baf269e9625 for 180807ms fbfdc5e7-35fe-4dec-93a8-24c91dabe6d4 for 180807ms
2019-09-11 06:34:17,564 [EventQueue-PipelineActionsForPipelineActionHandler] INFO  pipeline.SCMPipelineManager (SCMPipelineManager.java:finalizeAndDestroyPipeline(311)) - destroying pipeline:Pipeline[ Id: 1b05caeb-6612-4f13-8732-b428a23d2245, Nodes: b3ae6e77-09f2-43a9-bb74-0baf269e9625{ip: 192.168.36.125, host: trunk-nightly-20190911-vpfxm-1000144475, networkLocation: /default-rack, certSerialId: null}fbfdc5e7-35fe-4dec-93a8-24c91dabe6d4{ip: 192.168.36.125, host: trunk-nightly-20190911-vpfxm-1000144475, networkLocation: /default-rack, certSerialId: null}16d0fe26-9857-4477-8b2c-205100b6d095{ip: 192.168.36.125, host: trunk-nightly-20190911-vpfxm-1000144475, networkLocation: /default-rack, certSerialId: null}, Type:RATIS, Factor:THREE, State:CLOSED]
2019-09-11 06:34:17,578 [java.util.concurrent.ThreadPoolExecutor$Worker@550fe58d[State = -1, empty queue]] WARN  server.GrpcLogAppender (GrpcLogAppender.java:timeoutAppendRequest(200)) - 16d0fe26-9857-4477-8b2c-205100b6d095@group-B428A23D2245->b3ae6e77-09f2-43a9-bb74-0baf269e9625-GrpcLogAppender: appendEntries Timeout, request=16d0fe26-9857-4477-8b2c-205100b6d095->b3ae6e77-09f2-43a9-bb74-0baf269e9625#85-t1, previous=(t:1, i:13), leaderCommit=6, initializing? false, entries: <empty>
2019-09-11 06:34:17,578 [java.util.concurrent.ThreadPoolExecutor$Worker@2eb904fc[State = -1, empty queue]] WARN  server.GrpcLogAppender (GrpcLogAppender.java:timeoutAppendRequest(200)) - 16d0fe26-9857-4477-8b2c-205100b6d095@group-B428A23D2245->fbfdc5e7-35fe-4dec-93a8-24c91dabe6d4-GrpcLogAppender: appendEntries Timeout, request=16d0fe26-9857-4477-8b2c-205100b6d095->fbfdc5e7-35fe-4dec-93a8-24c91dabe6d4#85-t1, previous=(t:1, i:13), leaderCommit=6, initializing? false, entries: <empty>
2019-09-11 06:34:17,996 [grpc-default-executor-5] INFO  client.GrpcClientProtocolClient (GrpcClientProtocolClient.java:onNext(264)) - client-003637AF6369->fbfdc5e7-35fe-4dec-93a8-24c91dabe6d4: receive RaftClientReply:client-003637AF6369->fbfdc5e7-35fe-4dec-93a8-24c91dabe6d4@group-B428A23D2245, cid=42, FAILED org.apache.ratis.protocol.NotLeaderException: Server fbfdc5e7-35fe-4dec-93a8-24c91dabe6d4@group-B428A23D2245 is not the leader 16d0fe26-9857-4477-8b2c-205100b6d095:192.168.36.125:33180, logIndex=0, commits[fbfdc5e7-35fe-4dec-93a8-24c91dabe6d4:c6, b3ae6e77-09f2-43a9-bb74-0baf269e9625:c4, 16d0fe26-9857-4477-8b2c-205100b6d095:c6]
2019-09-11 06:34:19,580 [org.apache.ratis.server.impl.LogAppender$AppenderDaemon$$Lambda$521/1122258981@502175d1] ERROR ratis.XceiverServerRatis (XceiverServerRatis.java:triggerPipelineClose(568)) - pipeline Action CLOSE  on pipeline PipelineID=1b05caeb-6612-4f13-8732-b428a23d2245.Reason : 16d0fe26-9857-4477-8b2c-205100b6d095 has not seen follower/s b3ae6e77-09f2-43a9-bb74-0baf269e9625 for 183308ms fbfdc5e7-35fe-4dec-93a8-24c91dabe6d4 for 183308ms
2019-09-11 06:34:19,580 [org.apache.ratis.server.impl.LogAppender$AppenderDaemon$$Lambda$521/1122258981@132a2d3e] ERROR ratis.XceiverServerRatis (XceiverServerRatis.java:triggerPipelineClose(568)) - pipeline Action CLOSE  on pipeline PipelineID=1b05caeb-6612-4f13-8732-b428a23d2245.Reason : 16d0fe26-9857-4477-8b2c-205100b6d095 has not seen follower/s b3ae6e77-09f2-43a9-bb74-0baf269e9625 for 183308ms fbfdc5e7-35fe-4dec-93a8-24c91dabe6d4 for 183308ms
2019-09-11 06:34:20,079 [java.util.concurrent.ThreadPoolExecutor$Worker@550fe58d[State = -1, empty queue]] WARN  server.GrpcLogAppender (GrpcLogAppender.java:timeoutAppendRequest(200)) - 16d0fe26-9857-4477-8b2c-205100b6d095@group-B428A23D2245->b3ae6e77-09f2-43a9-bb74-0baf269e9625-GrpcLogAppender: appendEntries Timeout, request=16d0fe26-9857-4477-8b2c-205100b6d095->b3ae6e77-09f2-43a9-bb74-0baf269e9625#86-t1, previous=(t:1, i:13), leaderCommit=6, initializing? false, entries: <empty>
2019-09-11 06:34:20,079 [java.util.concurrent.ThreadPoolExecutor$Worker@2eb904fc[State = -1, empty queue]] WARN  server.GrpcLogAppender (GrpcLogAppender.java:timeoutAppendRequest(200)) - 16d0fe26-9857-4477-8b2c-205100b6d095@group-B428A23D2245->fbfdc5e7-35fe-4dec-93a8-24c91dabe6d4-GrpcLogAppender: appendEntries Timeout, request=16d0fe26-9857-4477-8b2c-205100b6d095->fbfdc5e7-35fe-4dec-93a8-24c91dabe6d4#86-t1, previous=(t:1, i:13), leaderCommit=6, initializing? false, entries: <empty>
2019-09-11 06:34:20,566 [EventQueue-PipelineActionsForPipelineActionHandler] ERROR pipeline.PipelineActionHandler (PipelineActionHandler.java:onMessage(60)) - Received pipeline action CLOSE for Pipeline[ Id: 1b05caeb-6612-4f13-8732-b428a23d2245, Nodes: b3ae6e77-09f2-43a9-bb74-0baf269e9625{ip: 192.168.36.125, host: trunk-nightly-20190911-vpfxm-1000144475, networkLocation: /default-rack, certSerialId: null}fbfdc5e7-35fe-4dec-93a8-24c91dabe6d4{ip: 192.168.36.125, host: trunk-nightly-20190911-vpfxm-1000144475, networkLocation: /default-rack, certSerialId: null}16d0fe26-9857-4477-8b2c-205100b6d095{ip: 192.168.36.125, host: trunk-nightly-20190911-vpfxm-1000144475, networkLocation: /default-rack, certSerialId: null}, Type:RATIS, Factor:THREE, State:CLOSED] from datanode 16d0fe26-9857-4477-8b2c-205100b6d095{ip: 192.168.36.125, host: trunk-nightly-20190911-vpfxm-1000144475, networkLocation: /default-rack, certSerialId: null}. Reason : 16d0fe26-9857-4477-8b2c-205100b6d095 has not seen follower/s b3ae6e77-09f2-43a9-bb74-0baf269e9625 for 183308ms fbfdc5e7-35fe-4dec-93a8-24c91dabe6d4 for 183308ms
2019-09-11 06:34:20,566 [EventQueue-PipelineActionsForPipelineActionHandler] INFO  pipeline.SCMPipelineManager (SCMPipelineManager.java:finalizeAndDestroyPipeline(311)) - destroying pipeline:Pipeline[ Id: 1b05caeb-6612-4f13-8732-b428a23d2245, Nodes: b3ae6e77-09f2-43a9-bb74-0baf269e9625{ip: 192.168.36.125, host: trunk-nightly-20190911-vpfxm-1000144475, networkLocation: /default-rack, certSerialId: null}fbfdc5e7-35fe-4dec-93a8-24c91dabe6d4{ip: 192.168.36.125, host: trunk-nightly-20190911-vpfxm-1000144475, networkLocation: /default-rack, certSerialId: null}16d0fe26-9857-4477-8b2c-205100b6d095{ip: 192.168.36.125, host: trunk-nightly-20190911-vpfxm-1000144475, networkLocation: /default-rack, certSerialId: null}, Type:RATIS, Factor:THREE, State:CLOSED]
2019-09-11 06:34:22,081 [org.apache.ratis.server.impl.LogAppender$AppenderDaemon$$Lambda$521/1122258981@132a2d3e] ERROR ratis.XceiverServerRatis (XceiverServerRatis.java:triggerPipelineClose(568)) - pipeline Action CLOSE  on pipeline PipelineID=1b05caeb-6612-4f13-8732-b428a23d2245.Reason : 16d0fe26-9857-4477-8b2c-205100b6d095 has not seen follower/s b3ae6e77-09f2-43a9-bb74-0baf269e9625 for 185809ms fbfdc5e7-35fe-4dec-93a8-24c91dabe6d4 for 185809ms
2019-09-11 06:34:22,081 [org.apache.ratis.server.impl.LogAppender$AppenderDaemon$$Lambda$521/1122258981@502175d1] ERROR ratis.XceiverServerRatis (XceiverServerRatis.java:triggerPipelineClose(568)) - pipeline Action CLOSE  on pipeline PipelineID=1b05caeb-6612-4f13-8732-b428a23d2245.Reason : 16d0fe26-9857-4477-8b2c-205100b6d095 has not seen follower/s b3ae6e77-09f2-43a9-bb74-0baf269e9625 for 185809ms fbfdc5e7-35fe-4dec-93a8-24c91dabe6d4 for 185809ms
2019-09-11 06:34:22,553 [grpc-default-executor-5] INFO  impl.RaftServerProxy (RaftServerProxy.java:remove(95)) - b3ae6e77-09f2-43a9-bb74-0baf269e9625: remove  FOLLOWER b3ae6e77-09f2-43a9-bb74-0baf269e9625@group-B428A23D2245:t1, leader=16d0fe26-9857-4477-8b2c-205100b6d095, voted=16d0fe26-9857-4477-8b2c-205100b6d095, raftlog=b3ae6e77-09f2-43a9-bb74-0baf269e9625@group-B428A23D2245-SegmentedRaftLog:OPENED:c6,f6,i13, conf=0: [b3ae6e77-09f2-43a9-bb74-0baf269e9625:192.168.36.125:37266, 16d0fe26-9857-4477-8b2c-205100b6d095:192.168.36.125:33180, fbfdc5e7-35fe-4dec-93a8-24c91dabe6d4:192.168.36.125:35103], old=null RUNNING
2019-09-11 06:34:22,554 [grpc-default-executor-5] INFO  impl.RaftServerImpl (RaftServerImpl.java:lambda$shutdown$3(251)) - b3ae6e77-09f2-43a9-bb74-0baf269e9625@group-B428A23D2245: shutdown
2019-09-11 06:34:22,554 [grpc-default-executor-5] INFO  util.JmxRegister (JmxRegister.java:unregister(73)) - Successfully un-registered JMX Bean with object name Ratis:service=RaftServer,group=group-B428A23D2245,id=b3ae6e77-09f2-43a9-bb74-0baf269e9625
2019-09-11 06:34:22,554 [grpc-default-executor-5] INFO  impl.RoleInfo (RoleInfo.java:shutdownFollowerState(121)) - b3ae6e77-09f2-43a9-bb74-0baf269e9625: shutdown FollowerState
2019-09-11 06:34:22,555 [grpc-default-executor-5] INFO  impl.StateMachineUpdater (StateMachineUpdater.java:stopAndJoin(125)) - b3ae6e77-09f2-43a9-bb74-0baf269e9625@group-B428A23D2245-StateMachineUpdater: set stopIndex = 6
2019-09-11 06:34:22,555 [Thread-861] INFO  impl.FollowerState (FollowerState.java:run(115)) - b3ae6e77-09f2-43a9-bb74-0baf269e9625: FollowerState was interrupted: java.lang.InterruptedException: sleep interrupted
2019-09-11 06:34:22,555 [b3ae6e77-09f2-43a9-bb74-0baf269e9625@group-B428A23D2245-StateMachineUpdater] INFO  ratis.ContainerStateMachine (ContainerStateMachine.java:takeSnapshot(289)) - group-B428A23D2245: Taking a snapshot at:(t:1, i:4) file /workdir/hadoop-ozone/integration-test/target/test-dir/MiniOzoneClusterImpl-9d70c5ba-4c04-47f2-8d5c-a3af1a60ee61/datanode-2/data/ratis/1b05caeb-6612-4f13-8732-b428a23d2245/sm/snapshot.1_4
2019-09-11 06:34:22,567 [EventQueue-PipelineActionsForPipelineActionHandler] ERROR pipeline.PipelineActionHandler (PipelineActionHandler.java:onMessage(60)) - Received pipeline action CLOSE for Pipeline[ Id: 1b05caeb-6612-4f13-8732-b428a23d2245, Nodes: b3ae6e77-09f2-43a9-bb74-0baf269e9625{ip: 192.168.36.125, host: trunk-nightly-20190911-vpfxm-1000144475, networkLocation: /default-rack, certSerialId: null}fbfdc5e7-35fe-4dec-93a8-24c91dabe6d4{ip: 192.168.36.125, host: trunk-nightly-20190911-vpfxm-1000144475, networkLocation: /default-rack, certSerialId: null}16d0fe26-9857-4477-8b2c-205100b6d095{ip: 192.168.36.125, host: trunk-nightly-20190911-vpfxm-1000144475, networkLocation: /default-rack, certSerialId: null}, Type:RATIS, Factor:THREE, State:CLOSED] from datanode 16d0fe26-9857-4477-8b2c-205100b6d095{ip: 192.168.36.125, host: trunk-nightly-20190911-vpfxm-1000144475, networkLocation: /default-rack, certSerialId: null}. Reason : 16d0fe26-9857-4477-8b2c-205100b6d095 has not seen follower/s b3ae6e77-09f2-43a9-bb74-0baf269e9625 for 185809ms fbfdc5e7-35fe-4dec-93a8-24c91dabe6d4 for 185809ms
2019-09-11 06:34:22,568 [EventQueue-PipelineActionsForPipelineActionHandler] INFO  pipeline.SCMPipelineManager (SCMPipelineManager.java:finalizeAndDestroyPipeline(311)) - destroying pipeline:Pipeline[ Id: 1b05caeb-6612-4f13-8732-b428a23d2245, Nodes: b3ae6e77-09f2-43a9-bb74-0baf269e9625{ip: 192.168.36.125, host: trunk-nightly-20190911-vpfxm-1000144475, networkLocation: /default-rack, certSerialId: null}fbfdc5e7-35fe-4dec-93a8-24c91dabe6d4{ip: 192.168.36.125, host: trunk-nightly-20190911-vpfxm-1000144475, networkLocation: /default-rack, certSerialId: null}16d0fe26-9857-4477-8b2c-205100b6d095{ip: 192.168.36.125, host: trunk-nightly-20190911-vpfxm-1000144475, networkLocation: /default-rack, certSerialId: null}, Type:RATIS, Factor:THREE, State:CLOSED]
2019-09-11 06:34:22,569 [b3ae6e77-09f2-43a9-bb74-0baf269e9625@group-B428A23D2245-StateMachineUpdater] INFO  ratis.ContainerStateMachine (ContainerStateMachine.java:takeSnapshot(300)) - group-B428A23D2245: Finished taking a snapshot at:(t:1, i:4) file:/workdir/hadoop-ozone/integration-test/target/test-dir/MiniOzoneClusterImpl-9d70c5ba-4c04-47f2-8d5c-a3af1a60ee61/datanode-2/data/ratis/1b05caeb-6612-4f13-8732-b428a23d2245/sm/snapshot.1_4 time:14
2019-09-11 06:34:22,569 [b3ae6e77-09f2-43a9-bb74-0baf269e9625@group-B428A23D2245-StateMachineUpdater] INFO  impl.StateMachineUpdater (StateMachineUpdater.java:takeSnapshot(258)) - b3ae6e77-09f2-43a9-bb74-0baf269e9625@group-B428A23D2245-StateMachineUpdater: Took a snapshot at index 4
2019-09-11 06:34:22,570 [b3ae6e77-09f2-43a9-bb74-0baf269e9625@group-B428A23D2245-StateMachineUpdater] INFO  impl.StateMachineUpdater (StateMachineUpdater.java:lambda$new$0(83)) - b3ae6e77-09f2-43a9-bb74-0baf269e9625@group-B428A23D2245-StateMachineUpdater: snapshotIndex: updateIncreasingly -1 -> 4
2019-09-11 06:34:22,570 [b3ae6e77-09f2-43a9-bb74-0baf269e9625@group-B428A23D2245-StateMachineUpdater] INFO  ratis.ContainerStateMachine (ContainerStateMachine.java:takeSnapshot(289)) - group-B428A23D2245: Taking a snapshot at:(t:1, i:4) file /workdir/hadoop-ozone/integration-test/target/test-dir/MiniOzoneClusterImpl-9d70c5ba-4c04-47f2-8d5c-a3af1a60ee61/datanode-2/data/ratis/1b05caeb-6612-4f13-8732-b428a23d2245/sm/snapshot.1_4
2019-09-11 06:34:22,580 [java.util.concurrent.ThreadPoolExecutor$Worker@550fe58d[State = -1, empty queue]] WARN  server.GrpcLogAppender (GrpcLogAppender.java:timeoutAppendRequest(200)) - 16d0fe26-9857-4477-8b2c-205100b6d095@group-B428A23D2245->b3ae6e77-09f2-43a9-bb74-0baf269e9625-GrpcLogAppender: appendEntries Timeout, request=16d0fe26-9857-4477-8b2c-205100b6d095->b3ae6e77-09f2-43a9-bb74-0baf269e9625#87-t1, previous=(t:1, i:13), leaderCommit=6, initializing? false, entries: <empty>
2019-09-11 06:34:22,580 [java.util.concurrent.ThreadPoolExecutor$Worker@2eb904fc[State = -1, empty queue]] WARN  server.GrpcLogAppender (GrpcLogAppender.java:timeoutAppendRequest(200)) - 16d0fe26-9857-4477-8b2c-205100b6d095@group-B428A23D2245->fbfdc5e7-35fe-4dec-93a8-24c91dabe6d4-GrpcLogAppender: appendEntries Timeout, request=16d0fe26-9857-4477-8b2c-205100b6d095->fbfdc5e7-35fe-4dec-93a8-24c91dabe6d4#87-t1, previous=(t:1, i:13), leaderCommit=6, initializing? false, entries: <empty>
2019-09-11 06:34:22,582 [b3ae6e77-09f2-43a9-bb74-0baf269e9625@group-B428A23D2245-StateMachineUpdater] INFO  ratis.ContainerStateMachine (ContainerStateMachine.java:takeSnapshot(300)) - group-B428A23D2245: Finished taking a snapshot at:(t:1, i:4) file:/workdir/hadoop-ozone/integration-test/target/test-dir/MiniOzoneClusterImpl-9d70c5ba-4c04-47f2-8d5c-a3af1a60ee61/datanode-2/data/ratis/1b05caeb-6612-4f13-8732-b428a23d2245/sm/snapshot.1_4 time:13
2019-09-11 06:34:22,583 [b3ae6e77-09f2-43a9-bb74-0baf269e9625@group-B428A23D2245-StateMachineUpdater] INFO  impl.StateMachineUpdater (StateMachineUpdater.java:takeSnapshot(258)) - b3ae6e77-09f2-43a9-bb74-0baf269e9625@group-B428A23D2245-StateMachineUpdater: Took a snapshot at index 4
2019-09-11 06:34:22,583 [b3ae6e77-09f2-43a9-bb74-0baf269e9625@group-B428A23D2245-StateMachineUpdater] INFO  impl.StateMachineUpdater (StateMachineUpdater.java:lambda$new$0(83)) - b3ae6e77-09f2-43a9-bb74-0baf269e9625@group-B428A23D2245-StateMachineUpdater: snapshotIndex: updateIncreasingly 4 -> 4
2019-09-11 06:34:22,583 [grpc-default-executor-5] INFO  impl.RaftServerImpl (ServerState.java:close(385)) - b3ae6e77-09f2-43a9-bb74-0baf269e9625@group-B428A23D2245: closes. applyIndex: 6
2019-09-11 06:34:22,584 [b3ae6e77-09f2-43a9-bb74-0baf269e9625@group-B428A23D2245-SegmentedRaftLogWorker] ERROR ratis.XceiverServerRatis (XceiverServerRatis.java:triggerPipelineClose(568)) - pipeline Action CLOSE  on pipeline PipelineID=1b05caeb-6612-4f13-8732-b428a23d2245.Reason : WriteLog:7: (t:1, i:7), STATEMACHINELOGENTRY, client-003637AF6369, cid=42-writeStateMachineData interrupted.
2019-09-11 06:34:22,588 [grpc-default-executor-5] INFO  segmented.SegmentedRaftLogWorker (SegmentedRaftLogWorker.java:close(228)) - b3ae6e77-09f2-43a9-bb74-0baf269e9625@group-B428A23D2245-SegmentedRaftLogWorker close()
2019-09-11 06:34:22,588 [EventQueue-PipelineActionsForPipelineActionHandler] ERROR pipeline.PipelineActionHandler (PipelineActionHandler.java:onMessage(60)) - Received pipeline action CLOSE for Pipeline[ Id: 1b05caeb-6612-4f13-8732-b428a23d2245, Nodes: b3ae6e77-09f2-43a9-bb74-0baf269e9625{ip: 192.168.36.125, host: trunk-nightly-20190911-vpfxm-1000144475, networkLocation: /default-rack, certSerialId: null}fbfdc5e7-35fe-4dec-93a8-24c91dabe6d4{ip: 192.168.36.125, host: trunk-nightly-20190911-vpfxm-1000144475, networkLocation: /default-rack, certSerialId: null}16d0fe26-9857-4477-8b2c-205100b6d095{ip: 192.168.36.125, host: trunk-nightly-20190911-vpfxm-1000144475, networkLocation: /default-rack, certSerialId: null}, Type:RATIS, Factor:THREE, State:CLOSED] from datanode b3ae6e77-09f2-43a9-bb74-0baf269e9625{ip: 192.168.36.125, host: trunk-nightly-20190911-vpfxm-1000144475, networkLocation: /default-rack, certSerialId: null}. Reason : WriteLog:7: (t:1, i:7), STATEMACHINELOGENTRY, client-003637AF6369, cid=42-writeStateMachineData interrupted.
2019-09-11 06:34:22,591 [EventQueue-PipelineActionsForPipelineActionHandler] INFO  pipeline.SCMPipelineManager (SCMPipelineManager.java:finalizeAndDestroyPipeline(311)) - destroying pipeline:Pipeline[ Id: 1b05caeb-6612-4f13-8732-b428a23d2245, Nodes: b3ae6e77-09f2-43a9-bb74-0baf269e9625{ip: 192.168.36.125, host: trunk-nightly-20190911-vpfxm-1000144475, networkLocation: /default-rack, certSerialId: null}fbfdc5e7-35fe-4dec-93a8-24c91dabe6d4{ip: 192.168.36.125, host: trunk-nightly-20190911-vpfxm-1000144475, networkLocation: /default-rack, certSerialId: null}16d0fe26-9857-4477-8b2c-205100b6d095{ip: 192.168.36.125, host: trunk-nightly-20190911-vpfxm-1000144475, networkLocation: /default-rack, certSerialId: null}, Type:RATIS, Factor:THREE, State:CLOSED]
2019-09-11 06:34:22,605 [grpc-default-executor-5] INFO  interfaces.Container (KeyValueContainer.java:flushAndSyncDB(386)) - Container 4 is synced with bcsId 4.
2019-09-11 06:34:22,605 [grpc-default-executor-5] INFO  interfaces.Container (KeyValueContainer.java:flushAndSyncDB(386)) - Container 4 is synced with bcsId 4.
2019-09-11 06:34:22,622 [EventQueue-IncrementalContainerReportForIncrementalContainerReportHandler] INFO  container.IncrementalContainerReportHandler (AbstractContainerReportHandler.java:updateContainerState(169)) - Moving container #4 to QUASI_CLOSED state, datanode b3ae6e77-09f2-43a9-bb74-0baf269e9625{ip: 192.168.36.125, host: trunk-nightly-20190911-vpfxm-1000144475, networkLocation: /default-rack, certSerialId: null} reported QUASI_CLOSED replica.
2019-09-11 06:34:22,649 [grpc-default-executor-5] INFO  interfaces.Container (KeyValueContainer.java:flushAndSyncDB(386)) - Container 5 is synced with bcsId 0.
2019-09-11 06:34:22,649 [grpc-default-executor-5] INFO  interfaces.Container (KeyValueContainer.java:flushAndSyncDB(386)) - Container 5 is synced with bcsId 0.
2019-09-11 06:34:22,655 [EventQueue-IncrementalContainerReportForIncrementalContainerReportHandler] INFO  container.IncrementalContainerReportHandler (AbstractContainerReportHandler.java:updateContainerState(169)) - Moving container #5 to QUASI_CLOSED state, datanode b3ae6e77-09f2-43a9-bb74-0baf269e9625{ip: 192.168.36.125, host: trunk-nightly-20190911-vpfxm-1000144475, networkLocation: /default-rack, certSerialId: null} reported QUASI_CLOSED replica.
2019-09-11 06:34:22,659 [grpc-default-executor-5] INFO  impl.RaftServerProxy (RaftServerProxy.java:remove(95)) - fbfdc5e7-35fe-4dec-93a8-24c91dabe6d4: remove  FOLLOWER fbfdc5e7-35fe-4dec-93a8-24c91dabe6d4@group-B428A23D2245:t1, leader=16d0fe26-9857-4477-8b2c-205100b6d095, voted=16d0fe26-9857-4477-8b2c-205100b6d095, raftlog=fbfdc5e7-35fe-4dec-93a8-24c91dabe6d4@group-B428A23D2245-SegmentedRaftLog:OPENED:c6,f6,i13, conf=0: [b3ae6e77-09f2-43a9-bb74-0baf269e9625:192.168.36.125:37266, 16d0fe26-9857-4477-8b2c-205100b6d095:192.168.36.125:33180, fbfdc5e7-35fe-4dec-93a8-24c91dabe6d4:192.168.36.125:35103], old=null RUNNING
2019-09-11 06:34:22,659 [grpc-default-executor-5] INFO  impl.RaftServerImpl (RaftServerImpl.java:lambda$shutdown$3(251)) - fbfdc5e7-35fe-4dec-93a8-24c91dabe6d4@group-B428A23D2245: shutdown
2019-09-11 06:34:22,659 [grpc-default-executor-5] INFO  util.JmxRegister (JmxRegister.java:unregister(73)) - Successfully un-registered JMX Bean with object name Ratis:service=RaftServer,group=group-B428A23D2245,id=fbfdc5e7-35fe-4dec-93a8-24c91dabe6d4
2019-09-11 06:34:22,659 [grpc-default-executor-5] INFO  impl.RoleInfo (RoleInfo.java:shutdownFollowerState(121)) - fbfdc5e7-35fe-4dec-93a8-24c91dabe6d4: shutdown FollowerState
2019-09-11 06:34:22,659 [grpc-default-executor-5] INFO  impl.StateMachineUpdater (StateMachineUpdater.java:stopAndJoin(125)) - fbfdc5e7-35fe-4dec-93a8-24c91dabe6d4@group-B428A23D2245-StateMachineUpdater: set stopIndex = 6
2019-09-11 06:34:22,659 [Thread-860] INFO  impl.FollowerState (FollowerState.java:run(115)) - fbfdc5e7-35fe-4dec-93a8-24c91dabe6d4: FollowerState was interrupted: java.lang.InterruptedException: sleep interrupted
2019-09-11 06:34:22,660 [fbfdc5e7-35fe-4dec-93a8-24c91dabe6d4@group-B428A23D2245-StateMachineUpdater] INFO  ratis.ContainerStateMachine (ContainerStateMachine.java:takeSnapshot(289)) - group-B428A23D2245: Taking a snapshot at:(t:1, i:4) file /workdir/hadoop-ozone/integration-test/target/test-dir/MiniOzoneClusterImpl-9d70c5ba-4c04-47f2-8d5c-a3af1a60ee61/datanode-5/data/ratis/1b05caeb-6612-4f13-8732-b428a23d2245/sm/snapshot.1_4
2019-09-11 06:34:22,671 [fbfdc5e7-35fe-4dec-93a8-24c91dabe6d4@group-B428A23D2245-StateMachineUpdater] INFO  ratis.ContainerStateMachine (ContainerStateMachine.java:takeSnapshot(300)) - group-B428A23D2245: Finished taking a snapshot at:(t:1, i:4) file:/workdir/hadoop-ozone/integration-test/target/test-dir/MiniOzoneClusterImpl-9d70c5ba-4c04-47f2-8d5c-a3af1a60ee61/datanode-5/data/ratis/1b05caeb-6612-4f13-8732-b428a23d2245/sm/snapshot.1_4 time:11
2019-09-11 06:34:22,671 [fbfdc5e7-35fe-4dec-93a8-24c91dabe6d4@group-B428A23D2245-StateMachineUpdater] INFO  impl.StateMachineUpdater (StateMachineUpdater.java:takeSnapshot(258)) - fbfdc5e7-35fe-4dec-93a8-24c91dabe6d4@group-B428A23D2245-StateMachineUpdater: Took a snapshot at index 4
2019-09-11 06:34:22,671 [fbfdc5e7-35fe-4dec-93a8-24c91dabe6d4@group-B428A23D2245-StateMachineUpdater] INFO  impl.StateMachineUpdater (StateMachineUpdater.java:lambda$new$0(83)) - fbfdc5e7-35fe-4dec-93a8-24c91dabe6d4@group-B428A23D2245-StateMachineUpdater: snapshotIndex: updateIncreasingly -1 -> 4
2019-09-11 06:34:22,671 [fbfdc5e7-35fe-4dec-93a8-24c91dabe6d4@group-B428A23D2245-StateMachineUpdater] INFO  ratis.ContainerStateMachine (ContainerStateMachine.java:takeSnapshot(289)) - group-B428A23D2245: Taking a snapshot at:(t:1, i:4) file /workdir/hadoop-ozone/integration-test/target/test-dir/MiniOzoneClusterImpl-9d70c5ba-4c04-47f2-8d5c-a3af1a60ee61/datanode-5/data/ratis/1b05caeb-6612-4f13-8732-b428a23d2245/sm/snapshot.1_4
2019-09-11 06:34:22,682 [fbfdc5e7-35fe-4dec-93a8-24c91dabe6d4@group-B428A23D2245-StateMachineUpdater] INFO  ratis.ContainerStateMachine (ContainerStateMachine.java:takeSnapshot(300)) - group-B428A23D2245: Finished taking a snapshot at:(t:1, i:4) file:/workdir/hadoop-ozone/integration-test/target/test-dir/MiniOzoneClusterImpl-9d70c5ba-4c04-47f2-8d5c-a3af1a60ee61/datanode-5/data/ratis/1b05caeb-6612-4f13-8732-b428a23d2245/sm/snapshot.1_4 time:11
2019-09-11 06:34:22,682 [fbfdc5e7-35fe-4dec-93a8-24c91dabe6d4@group-B428A23D2245-StateMachineUpdater] INFO  impl.StateMachineUpdater (StateMachineUpdater.java:takeSnapshot(258)) - fbfdc5e7-35fe-4dec-93a8-24c91dabe6d4@group-B428A23D2245-StateMachineUpdater: Took a snapshot at index 4
2019-09-11 06:34:22,682 [fbfdc5e7-35fe-4dec-93a8-24c91dabe6d4@group-B428A23D2245-StateMachineUpdater] INFO  impl.StateMachineUpdater (StateMachineUpdater.java:lambda$new$0(83)) - fbfdc5e7-35fe-4dec-93a8-24c91dabe6d4@group-B428A23D2245-StateMachineUpdater: snapshotIndex: updateIncreasingly 4 -> 4
2019-09-11 06:34:22,682 [grpc-default-executor-5] INFO  impl.RaftServerImpl (ServerState.java:close(385)) - fbfdc5e7-35fe-4dec-93a8-24c91dabe6d4@group-B428A23D2245: closes. applyIndex: 6
2019-09-11 06:34:22,683 [fbfdc5e7-35fe-4dec-93a8-24c91dabe6d4@group-B428A23D2245-SegmentedRaftLogWorker] ERROR ratis.XceiverServerRatis (XceiverServerRatis.java:triggerPipelineClose(568)) - pipeline Action CLOSE  on pipeline PipelineID=1b05caeb-6612-4f13-8732-b428a23d2245.Reason : WriteLog:7: (t:1, i:7), STATEMACHINELOGENTRY, client-003637AF6369, cid=42-writeStateMachineData interrupted.
2019-09-11 06:34:22,686 [grpc-default-executor-5] INFO  segmented.SegmentedRaftLogWorker (SegmentedRaftLogWorker.java:close(228)) - fbfdc5e7-35fe-4dec-93a8-24c91dabe6d4@group-B428A23D2245-SegmentedRaftLogWorker close()
2019-09-11 06:34:22,689 [EventQueue-PipelineActionsForPipelineActionHandler] ERROR pipeline.PipelineActionHandler (PipelineActionHandler.java:onMessage(60)) - Received pipeline action CLOSE for Pipeline[ Id: 1b05caeb-6612-4f13-8732-b428a23d2245, Nodes: b3ae6e77-09f2-43a9-bb74-0baf269e9625{ip: 192.168.36.125, host: trunk-nightly-20190911-vpfxm-1000144475, networkLocation: /default-rack, certSerialId: null}fbfdc5e7-35fe-4dec-93a8-24c91dabe6d4{ip: 192.168.36.125, host: trunk-nightly-20190911-vpfxm-1000144475, networkLocation: /default-rack, certSerialId: null}16d0fe26-9857-4477-8b2c-205100b6d095{ip: 192.168.36.125, host: trunk-nightly-20190911-vpfxm-1000144475, networkLocation: /default-rack, certSerialId: null}, Type:RATIS, Factor:THREE, State:CLOSED] from datanode fbfdc5e7-35fe-4dec-93a8-24c91dabe6d4{ip: 192.168.36.125, host: trunk-nightly-20190911-vpfxm-1000144475, networkLocation: /default-rack, certSerialId: null}. Reason : WriteLog:7: (t:1, i:7), STATEMACHINELOGENTRY, client-003637AF6369, cid=42-writeStateMachineData interrupted.
2019-09-11 06:34:22,689 [EventQueue-PipelineActionsForPipelineActionHandler] INFO  pipeline.SCMPipelineManager (SCMPipelineManager.java:finalizeAndDestroyPipeline(311)) - destroying pipeline:Pipeline[ Id: 1b05caeb-6612-4f13-8732-b428a23d2245, Nodes: b3ae6e77-09f2-43a9-bb74-0baf269e9625{ip: 192.168.36.125, host: trunk-nightly-20190911-vpfxm-1000144475, networkLocation: /default-rack, certSerialId: null}fbfdc5e7-35fe-4dec-93a8-24c91dabe6d4{ip: 192.168.36.125, host: trunk-nightly-20190911-vpfxm-1000144475, networkLocation: /default-rack, certSerialId: null}16d0fe26-9857-4477-8b2c-205100b6d095{ip: 192.168.36.125, host: trunk-nightly-20190911-vpfxm-1000144475, networkLocation: /default-rack, certSerialId: null}, Type:RATIS, Factor:THREE, State:CLOSED]
2019-09-11 06:34:22,700 [grpc-default-executor-5] INFO  interfaces.Container (KeyValueContainer.java:flushAndSyncDB(386)) - Container 4 is synced with bcsId 4.
2019-09-11 06:34:22,700 [grpc-default-executor-5] INFO  interfaces.Container (KeyValueContainer.java:flushAndSyncDB(386)) - Container 4 is synced with bcsId 4.
2019-09-11 06:34:22,757 [grpc-default-executor-5] INFO  interfaces.Container (KeyValueContainer.java:flushAndSyncDB(386)) - Container 5 is synced with bcsId 0.
2019-09-11 06:34:22,757 [grpc-default-executor-5] INFO  interfaces.Container (KeyValueContainer.java:flushAndSyncDB(386)) - Container 5 is synced with bcsId 0.
2019-09-11 06:34:22,775 [grpc-default-executor-5] INFO  impl.RaftServerProxy (RaftServerProxy.java:remove(95)) - 16d0fe26-9857-4477-8b2c-205100b6d095: remove    LEADER 16d0fe26-9857-4477-8b2c-205100b6d095@group-B428A23D2245:t1, leader=16d0fe26-9857-4477-8b2c-205100b6d095, voted=16d0fe26-9857-4477-8b2c-205100b6d095, raftlog=16d0fe26-9857-4477-8b2c-205100b6d095@group-B428A23D2245-SegmentedRaftLog:OPENED:c6,f6,i13, conf=0: [b3ae6e77-09f2-43a9-bb74-0baf269e9625:192.168.36.125:37266, 16d0fe26-9857-4477-8b2c-205100b6d095:192.168.36.125:33180, fbfdc5e7-35fe-4dec-93a8-24c91dabe6d4:192.168.36.125:35103], old=null RUNNING
2019-09-11 06:34:22,775 [grpc-default-executor-5] INFO  impl.RaftServerImpl (RaftServerImpl.java:lambda$shutdown$3(251)) - 16d0fe26-9857-4477-8b2c-205100b6d095@group-B428A23D2245: shutdown
2019-09-11 06:34:22,776 [grpc-default-executor-5] INFO  util.JmxRegister (JmxRegister.java:unregister(73)) - Successfully un-registered JMX Bean with object name Ratis:service=RaftServer,group=group-B428A23D2245,id=16d0fe26-9857-4477-8b2c-205100b6d095
2019-09-11 06:34:22,776 [grpc-default-executor-5] INFO  impl.RoleInfo (RoleInfo.java:shutdownLeaderState(104)) - 16d0fe26-9857-4477-8b2c-205100b6d095: shutdown LeaderState
2019-09-11 06:34:22,781 [org.apache.ratis.server.impl.LogAppender$AppenderDaemon$$Lambda$521/1122258981@502175d1] WARN  server.GrpcLogAppender (GrpcLogAppender.java:mayWait(143)) - 16d0fe26-9857-4477-8b2c-205100b6d095@group-B428A23D2245->b3ae6e77-09f2-43a9-bb74-0baf269e9625-GrpcLogAppender: Wait interrupted by java.lang.InterruptedException
2019-09-11 06:34:22,781 [grpc-default-executor-5] INFO  impl.PendingRequests (PendingRequests.java:sendNotLeaderResponses(202)) - 16d0fe26-9857-4477-8b2c-205100b6d095-PendingRequests: sendNotLeaderResponses
2019-09-11 06:34:22,781 [org.apache.ratis.server.impl.LogAppender$AppenderDaemon$$Lambda$521/1122258981@132a2d3e] WARN  server.GrpcLogAppender (GrpcLogAppender.java:mayWait(143)) - 16d0fe26-9857-4477-8b2c-205100b6d095@group-B428A23D2245->fbfdc5e7-35fe-4dec-93a8-24c91dabe6d4-GrpcLogAppender: Wait interrupted by java.lang.InterruptedException
2019-09-11 06:34:22,782 [grpc-default-executor-8] INFO  server.GrpcServerProtocolService (GrpcServerProtocolService.java:onCompleted(113)) - b3ae6e77-09f2-43a9-bb74-0baf269e9625: Completed APPEND_ENTRIES, lastRequest: 16d0fe26-9857-4477-8b2c-205100b6d095->b3ae6e77-09f2-43a9-bb74-0baf269e9625#88-t1, previous=(t:1, i:13), leaderCommit=6, initializing? false, entries: <empty>
2019-09-11 06:34:22,782 [grpc-default-executor-7] INFO  server.GrpcServerProtocolService (GrpcServerProtocolService.java:onCompleted(113)) - fbfdc5e7-35fe-4dec-93a8-24c91dabe6d4: Completed APPEND_ENTRIES, lastRequest: 16d0fe26-9857-4477-8b2c-205100b6d095->fbfdc5e7-35fe-4dec-93a8-24c91dabe6d4#88-t1, previous=(t:1, i:13), leaderCommit=6, initializing? false, entries: <empty>
2019-09-11 06:34:22,782 [grpc-default-executor-7] INFO  server.GrpcLogAppender (GrpcLogAppender.java:onCompleted(293)) - 16d0fe26-9857-4477-8b2c-205100b6d095@group-B428A23D2245->b3ae6e77-09f2-43a9-bb74-0baf269e9625-AppendLogResponseHandler: follower responses appendEntries COMPLETED
2019-09-11 06:34:22,782 [grpc-default-executor-8] INFO  server.GrpcLogAppender (GrpcLogAppender.java:onCompleted(293)) - 16d0fe26-9857-4477-8b2c-205100b6d095@group-B428A23D2245->fbfdc5e7-35fe-4dec-93a8-24c91dabe6d4-AppendLogResponseHandler: follower responses appendEntries COMPLETED
2019-09-11 06:34:22,785 [grpc-default-executor-5] INFO  impl.StateMachineUpdater (StateMachineUpdater.java:stopAndJoin(125)) - 16d0fe26-9857-4477-8b2c-205100b6d095@group-B428A23D2245-StateMachineUpdater: set stopIndex = 6
2019-09-11 06:34:22,785 [grpc-default-executor-8] INFO  impl.FollowerInfo (FollowerInfo.java:lambda$new$0(51)) - 16d0fe26-9857-4477-8b2c-205100b6d095@group-B428A23D2245->fbfdc5e7-35fe-4dec-93a8-24c91dabe6d4: nextIndex: updateUnconditionally 14 -> 7
2019-09-11 06:34:22,786 [16d0fe26-9857-4477-8b2c-205100b6d095@group-B428A23D2245-StateMachineUpdater] INFO  ratis.ContainerStateMachine (ContainerStateMachine.java:takeSnapshot(289)) - group-B428A23D2245: Taking a snapshot at:(t:1, i:6) file /workdir/hadoop-ozone/integration-test/target/test-dir/MiniOzoneClusterImpl-9d70c5ba-4c04-47f2-8d5c-a3af1a60ee61/datanode-6/data/ratis/1b05caeb-6612-4f13-8732-b428a23d2245/sm/snapshot.1_6
2019-09-11 06:34:22,785 [grpc-default-executor-7] INFO  impl.FollowerInfo (FollowerInfo.java:lambda$new$0(51)) - 16d0fe26-9857-4477-8b2c-205100b6d095@group-B428A23D2245->b3ae6e77-09f2-43a9-bb74-0baf269e9625: nextIndex: updateUnconditionally 14 -> 7
2019-09-11 06:34:22,790 [16d0fe26-9857-4477-8b2c-205100b6d095@group-B428A23D2245-StateMachineUpdater] INFO  ratis.ContainerStateMachine (ContainerStateMachine.java:takeSnapshot(300)) - group-B428A23D2245: Finished taking a snapshot at:(t:1, i:6) file:/workdir/hadoop-ozone/integration-test/target/test-dir/MiniOzoneClusterImpl-9d70c5ba-4c04-47f2-8d5c-a3af1a60ee61/datanode-6/data/ratis/1b05caeb-6612-4f13-8732-b428a23d2245/sm/snapshot.1_6 time:4
2019-09-11 06:34:22,790 [16d0fe26-9857-4477-8b2c-205100b6d095@group-B428A23D2245-StateMachineUpdater] INFO  impl.StateMachineUpdater (StateMachineUpdater.java:takeSnapshot(258)) - 16d0fe26-9857-4477-8b2c-205100b6d095@group-B428A23D2245-StateMachineUpdater: Took a snapshot at index 6
2019-09-11 06:34:22,790 [16d0fe26-9857-4477-8b2c-205100b6d095@group-B428A23D2245-StateMachineUpdater] INFO  impl.StateMachineUpdater (StateMachineUpdater.java:lambda$new$0(83)) - 16d0fe26-9857-4477-8b2c-205100b6d095@group-B428A23D2245-StateMachineUpdater: snapshotIndex: updateIncreasingly -1 -> 6
2019-09-11 06:34:22,790 [Command processor thread] ERROR commandhandler.CloseContainerCommandHandler (CloseContainerCommandHandler.java:handle(125)) - Can't close container #5
java.io.IOException: org.apache.ratis.protocol.GroupMismatchException: 16d0fe26-9857-4477-8b2c-205100b6d095: group-B428A23D2245 not found.
	at org.apache.hadoop.ozone.container.common.transport.server.ratis.XceiverServerRatis.submitRequest(XceiverServerRatis.java:495)
	at org.apache.hadoop.ozone.container.common.statemachine.commandhandler.CloseContainerCommandHandler.handle(CloseContainerCommandHandler.java:102)
	at org.apache.hadoop.ozone.container.common.statemachine.commandhandler.CommandDispatcher.handle(CommandDispatcher.java:99)
	at org.apache.hadoop.ozone.container.common.statemachine.DatanodeStateMachine.lambda$initCommandHandlerThread$1(DatanodeStateMachine.java:432)
	at java.lang.Thread.run(Thread.java:748)
Caused by: java.util.concurrent.ExecutionException: org.apache.ratis.protocol.GroupMismatchException: 16d0fe26-9857-4477-8b2c-205100b6d095: group-B428A23D2245 not found.
	at java.util.concurrent.CompletableFuture.reportGet(CompletableFuture.java:357)
	at java.util.concurrent.CompletableFuture.get(CompletableFuture.java:1895)
	at org.apache.hadoop.ozone.container.common.transport.server.ratis.XceiverServerRatis.submitRequest(XceiverServerRatis.java:493)
	... 4 more
Caused by: org.apache.ratis.protocol.GroupMismatchException: 16d0fe26-9857-4477-8b2c-205100b6d095: group-B428A23D2245 not found.
	at org.apache.ratis.server.impl.RaftServerProxy$ImplMap.get(RaftServerProxy.java:122)
	at org.apache.ratis.server.impl.RaftServerProxy.getImplFuture(RaftServerProxy.java:269)
	at org.apache.ratis.server.impl.RaftServerProxy.submitRequest(RaftServerProxy.java:327)
	at org.apache.ratis.server.impl.RaftServerProxy.submitClientRequestAsync(RaftServerProxy.java:333)
	... 5 more
2019-09-11 06:34:22,792 [grpc-default-executor-5] INFO  impl.RaftServerImpl (ServerState.java:close(385)) - 16d0fe26-9857-4477-8b2c-205100b6d095@group-B428A23D2245: closes. applyIndex: 6
2019-09-11 06:34:22,793 [16d0fe26-9857-4477-8b2c-205100b6d095@group-B428A23D2245-SegmentedRaftLogWorker] ERROR ratis.XceiverServerRatis (XceiverServerRatis.java:triggerPipelineClose(568)) - pipeline Action CLOSE  on pipeline PipelineID=1b05caeb-6612-4f13-8732-b428a23d2245.Reason : WriteLog:10: (t:1, i:10), STATEMACHINELOGENTRY, client-003637AF6369, cid=45-writeStateMachineData interrupted.
2019-09-11 06:34:22,795 [EventQueue-PipelineActionsForPipelineActionHandler] ERROR pipeline.PipelineActionHandler (PipelineActionHandler.java:onMessage(60)) - Received pipeline action CLOSE for Pipeline[ Id: 1b05caeb-6612-4f13-8732-b428a23d2245, Nodes: b3ae6e77-09f2-43a9-bb74-0baf269e9625{ip: 192.168.36.125, host: trunk-nightly-20190911-vpfxm-1000144475, networkLocation: /default-rack, certSerialId: null}fbfdc5e7-35fe-4dec-93a8-24c91dabe6d4{ip: 192.168.36.125, host: trunk-nightly-20190911-vpfxm-1000144475, networkLocation: /default-rack, certSerialId: null}16d0fe26-9857-4477-8b2c-205100b6d095{ip: 192.168.36.125, host: trunk-nightly-20190911-vpfxm-1000144475, networkLocation: /default-rack, certSerialId: null}, Type:RATIS, Factor:THREE, State:CLOSED] from datanode 16d0fe26-9857-4477-8b2c-205100b6d095{ip: 192.168.36.125, host: trunk-nightly-20190911-vpfxm-1000144475, networkLocation: /default-rack, certSerialId: null}. Reason : WriteLog:10: (t:1, i:10), STATEMACHINELOGENTRY, client-003637AF6369, cid=45-writeStateMachineData interrupted.
2019-09-11 06:34:22,795 [EventQueue-PipelineActionsForPipelineActionHandler] INFO  pipeline.SCMPipelineManager (SCMPipelineManager.java:finalizeAndDestroyPipeline(311)) - destroying pipeline:Pipeline[ Id: 1b05caeb-6612-4f13-8732-b428a23d2245, Nodes: b3ae6e77-09f2-43a9-bb74-0baf269e9625{ip: 192.168.36.125, host: trunk-nightly-20190911-vpfxm-1000144475, networkLocation: /default-rack, certSerialId: null}fbfdc5e7-35fe-4dec-93a8-24c91dabe6d4{ip: 192.168.36.125, host: trunk-nightly-20190911-vpfxm-1000144475, networkLocation: /default-rack, certSerialId: null}16d0fe26-9857-4477-8b2c-205100b6d095{ip: 192.168.36.125, host: trunk-nightly-20190911-vpfxm-1000144475, networkLocation: /default-rack, certSerialId: null}, Type:RATIS, Factor:THREE, State:CLOSED]
2019-09-11 06:34:22,797 [grpc-default-executor-5] INFO  segmented.SegmentedRaftLogWorker (SegmentedRaftLogWorker.java:close(228)) - 16d0fe26-9857-4477-8b2c-205100b6d095@group-B428A23D2245-SegmentedRaftLogWorker close()
2019-09-11 06:34:22,809 [grpc-default-executor-5] INFO  interfaces.Container (KeyValueContainer.java:flushAndSyncDB(386)) - Container 4 is synced with bcsId 4.
2019-09-11 06:34:22,809 [grpc-default-executor-5] INFO  interfaces.Container (KeyValueContainer.java:flushAndSyncDB(386)) - Container 4 is synced with bcsId 4.
2019-09-11 06:34:22,862 [grpc-default-executor-5] INFO  interfaces.Container (KeyValueContainer.java:flushAndSyncDB(386)) - Container 5 is synced with bcsId 0.
2019-09-11 06:34:22,863 [grpc-default-executor-5] INFO  interfaces.Container (KeyValueContainer.java:flushAndSyncDB(386)) - Container 5 is synced with bcsId 0.
2019-09-11 06:34:22,877 [RatisPipelineUtilsThread] INFO  pipeline.PipelineStateManager (PipelineStateManager.java:removePipeline(108)) - Pipeline Pipeline[ Id: 1b05caeb-6612-4f13-8732-b428a23d2245, Nodes: b3ae6e77-09f2-43a9-bb74-0baf269e9625{ip: 192.168.36.125, host: trunk-nightly-20190911-vpfxm-1000144475, networkLocation: /default-rack, certSerialId: null}fbfdc5e7-35fe-4dec-93a8-24c91dabe6d4{ip: 192.168.36.125, host: trunk-nightly-20190911-vpfxm-1000144475, networkLocation: /default-rack, certSerialId: null}16d0fe26-9857-4477-8b2c-205100b6d095{ip: 192.168.36.125, host: trunk-nightly-20190911-vpfxm-1000144475, networkLocation: /default-rack, certSerialId: null}, Type:RATIS, Factor:THREE, State:CLOSED] removed from db
2019-09-11 06:34:23,054 [main] WARN  io.KeyOutputStream (KeyOutputStream.java:handleException(276)) - Encountered exception java.io.IOException: Unexpected Storage Container Exception: java.util.concurrent.CompletionException: java.util.concurrent.CompletionException: org.apache.ratis.protocol.GroupMismatchException: b3ae6e77-09f2-43a9-bb74-0baf269e9625: group-B428A23D2245 not found. on the pipeline Pipeline[ Id: 1b05caeb-6612-4f13-8732-b428a23d2245, Nodes: b3ae6e77-09f2-43a9-bb74-0baf269e9625{ip: 192.168.36.125, host: trunk-nightly-20190911-vpfxm-1000144475, networkLocation: /default-rack, certSerialId: null}fbfdc5e7-35fe-4dec-93a8-24c91dabe6d4{ip: 192.168.36.125, host: trunk-nightly-20190911-vpfxm-1000144475, networkLocation: /default-rack, certSerialId: null}16d0fe26-9857-4477-8b2c-205100b6d095{ip: 192.168.36.125, host: trunk-nightly-20190911-vpfxm-1000144475, networkLocation: /default-rack, certSerialId: null}, Type:RATIS, Factor:THREE, State:OPEN]. The last committed block length is 0, uncommitted data length is 400 retry count 0
2019-09-11 06:34:23,228 [grpc-default-executor-7] INFO  client.GrpcClientProtocolClient (GrpcClientProtocolClient.java:onNext(264)) - client-9798DADA5959->b3ae6e77-09f2-43a9-bb74-0baf269e9625: receive RaftClientReply:client-9798DADA5959->b3ae6e77-09f2-43a9-bb74-0baf269e9625@group-CA81F8A6D43C, cid=135, SUCCESS, logIndex=1, commits[b3ae6e77-09f2-43a9-bb74-0baf269e9625:c1, 16d0fe26-9857-4477-8b2c-205100b6d095:c0, fbfdc5e7-35fe-4dec-93a8-24c91dabe6d4:c0]
2019-09-11 06:34:23,257 [grpc-default-executor-7] INFO  client.GrpcClientProtocolClient (GrpcClientProtocolClient.java:onNext(264)) - client-9798DADA5959->b3ae6e77-09f2-43a9-bb74-0baf269e9625: receive RaftClientReply:client-9798DADA5959->b3ae6e77-09f2-43a9-bb74-0baf269e9625@group-CA81F8A6D43C, cid=136, SUCCESS, logIndex=3, commits[b3ae6e77-09f2-43a9-bb74-0baf269e9625:c4, 16d0fe26-9857-4477-8b2c-205100b6d095:c2, fbfdc5e7-35fe-4dec-93a8-24c91dabe6d4:c2]
2019-09-11 06:34:23,333 [grpc-default-executor-7] INFO  client.GrpcClientProtocolClient (GrpcClientProtocolClient.java:onNext(264)) - client-9798DADA5959->b3ae6e77-09f2-43a9-bb74-0baf269e9625: receive RaftClientReply:client-9798DADA5959->b3ae6e77-09f2-43a9-bb74-0baf269e9625@group-CA81F8A6D43C, cid=137, SUCCESS, logIndex=4, commits[b3ae6e77-09f2-43a9-bb74-0baf269e9625:c11, 16d0fe26-9857-4477-8b2c-205100b6d095:c7, fbfdc5e7-35fe-4dec-93a8-24c91dabe6d4:c7]
2019-09-11 06:34:23,336 [grpc-default-executor-7] INFO  client.GrpcClientProtocolClient (GrpcClientProtocolClient.java:onNext(264)) - client-9798DADA5959->b3ae6e77-09f2-43a9-bb74-0baf269e9625: receive RaftClientReply:client-9798DADA5959->b3ae6e77-09f2-43a9-bb74-0baf269e9625@group-CA81F8A6D43C, cid=138, SUCCESS, logIndex=5, commits[b3ae6e77-09f2-43a9-bb74-0baf269e9625:c11, 16d0fe26-9857-4477-8b2c-205100b6d095:c7, fbfdc5e7-35fe-4dec-93a8-24c91dabe6d4:c7]
2019-09-11 06:34:23,336 [grpc-default-executor-7] INFO  client.GrpcClientProtocolClient (GrpcClientProtocolClient.java:onNext(264)) - client-9798DADA5959->b3ae6e77-09f2-43a9-bb74-0baf269e9625: receive RaftClientReply:client-9798DADA5959->b3ae6e77-09f2-43a9-bb74-0baf269e9625@group-CA81F8A6D43C, cid=139, SUCCESS, logIndex=6, commits[b3ae6e77-09f2-43a9-bb74-0baf269e9625:c11, 16d0fe26-9857-4477-8b2c-205100b6d095:c7, fbfdc5e7-35fe-4dec-93a8-24c91dabe6d4:c7]
2019-09-11 06:34:23,402 [grpc-default-executor-7] INFO  client.GrpcClientProtocolClient (GrpcClientProtocolClient.java:onNext(264)) - client-9798DADA5959->b3ae6e77-09f2-43a9-bb74-0baf269e9625: receive RaftClientReply:client-9798DADA5959->b3ae6e77-09f2-43a9-bb74-0baf269e9625@group-CA81F8A6D43C, cid=140, SUCCESS, logIndex=7, commits[b3ae6e77-09f2-43a9-bb74-0baf269e9625:c11, 16d0fe26-9857-4477-8b2c-205100b6d095:c7, fbfdc5e7-35fe-4dec-93a8-24c91dabe6d4:c7]
]]></system-out>
  </testcase>
  <testcase name="testBufferCaching" classname="org.apache.hadoop.ozone.client.rpc.TestBlockOutputStream" time="0.343"/>
  <testcase name="testWriteWithExceedingMaxBufferLimit" classname="org.apache.hadoop.ozone.client.rpc.TestBlockOutputStream" time="186.956">
    <failure message="expected:&lt;22&gt; but was:&lt;26&gt;" type="java.lang.AssertionError"><![CDATA[java.lang.AssertionError: expected:<22> but was:<26>
	at org.junit.Assert.fail(Assert.java:88)
	at org.junit.Assert.failNotEquals(Assert.java:743)
	at org.junit.Assert.assertEquals(Assert.java:118)
	at org.junit.Assert.assertEquals(Assert.java:555)
	at org.junit.Assert.assertEquals(Assert.java:542)
	at org.apache.hadoop.ozone.client.rpc.TestBlockOutputStream.testWriteWithExceedingMaxBufferLimit(TestBlockOutputStream.java:614)
	at sun.reflect.NativeMethodAccessorImpl.invoke0(Native Method)
	at sun.reflect.NativeMethodAccessorImpl.invoke(NativeMethodAccessorImpl.java:62)
	at sun.reflect.DelegatingMethodAccessorImpl.invoke(DelegatingMethodAccessorImpl.java:43)
	at java.lang.reflect.Method.invoke(Method.java:498)
	at org.junit.runners.model.FrameworkMethod$1.runReflectiveCall(FrameworkMethod.java:47)
	at org.junit.internal.runners.model.ReflectiveCallable.run(ReflectiveCallable.java:12)
	at org.junit.runners.model.FrameworkMethod.invokeExplosively(FrameworkMethod.java:44)
	at org.junit.internal.runners.statements.InvokeMethod.evaluate(InvokeMethod.java:17)
	at org.junit.runners.ParentRunner.runLeaf(ParentRunner.java:271)
	at org.junit.runners.BlockJUnit4ClassRunner.runChild(BlockJUnit4ClassRunner.java:70)
	at org.junit.runners.BlockJUnit4ClassRunner.runChild(BlockJUnit4ClassRunner.java:50)
	at org.junit.runners.ParentRunner$3.run(ParentRunner.java:238)
	at org.junit.runners.ParentRunner$1.schedule(ParentRunner.java:63)
	at org.junit.runners.ParentRunner.runChildren(ParentRunner.java:236)
	at org.junit.runners.ParentRunner.access$000(ParentRunner.java:53)
	at org.junit.runners.ParentRunner$2.evaluate(ParentRunner.java:229)
	at org.junit.internal.runners.statements.RunBefores.evaluate(RunBefores.java:26)
	at org.junit.internal.runners.statements.RunAfters.evaluate(RunAfters.java:27)
	at org.junit.runners.ParentRunner.run(ParentRunner.java:309)
	at org.apache.maven.surefire.junit4.JUnit4Provider.execute(JUnit4Provider.java:365)
	at org.apache.maven.surefire.junit4.JUnit4Provider.executeWithRerun(JUnit4Provider.java:273)
	at org.apache.maven.surefire.junit4.JUnit4Provider.executeTestSet(JUnit4Provider.java:238)
	at org.apache.maven.surefire.junit4.JUnit4Provider.invoke(JUnit4Provider.java:159)
	at org.apache.maven.surefire.booter.ForkedBooter.invokeProviderInSameClassLoader(ForkedBooter.java:384)
	at org.apache.maven.surefire.booter.ForkedBooter.runSuitesInProcess(ForkedBooter.java:345)
	at org.apache.maven.surefire.booter.ForkedBooter.execute(ForkedBooter.java:126)
	at org.apache.maven.surefire.booter.ForkedBooter.main(ForkedBooter.java:418)
]]></failure>
    <system-out><![CDATA[2019-09-11 06:34:25,547 [grpc-default-executor-7] INFO  impl.RaftServerProxy (RaftServerProxy.java:remove(95)) - b3ae6e77-09f2-43a9-bb74-0baf269e9625: remove group-B428A23D2245:null
2019-09-11 06:34:25,550 [RatisPipelineUtilsThread] WARN  pipeline.RatisPipelineUtils (RatisPipelineUtils.java:destroyPipeline(66)) - Pipeline destroy failed for pipeline=PipelineID=1b05caeb-6612-4f13-8732-b428a23d2245 dn=b3ae6e77-09f2-43a9-bb74-0baf269e9625{ip: 192.168.36.125, host: trunk-nightly-20190911-vpfxm-1000144475, networkLocation: /default-rack, certSerialId: null}
2019-09-11 06:34:25,553 [grpc-default-executor-7] INFO  impl.RaftServerProxy (RaftServerProxy.java:remove(95)) - fbfdc5e7-35fe-4dec-93a8-24c91dabe6d4: remove group-B428A23D2245:null
2019-09-11 06:34:25,554 [RatisPipelineUtilsThread] WARN  pipeline.RatisPipelineUtils (RatisPipelineUtils.java:destroyPipeline(66)) - Pipeline destroy failed for pipeline=PipelineID=1b05caeb-6612-4f13-8732-b428a23d2245 dn=fbfdc5e7-35fe-4dec-93a8-24c91dabe6d4{ip: 192.168.36.125, host: trunk-nightly-20190911-vpfxm-1000144475, networkLocation: /default-rack, certSerialId: null}
2019-09-11 06:34:25,557 [grpc-default-executor-7] INFO  impl.RaftServerProxy (RaftServerProxy.java:remove(95)) - 16d0fe26-9857-4477-8b2c-205100b6d095: remove group-B428A23D2245:null
2019-09-11 06:34:25,558 [RatisPipelineUtilsThread] WARN  pipeline.RatisPipelineUtils (RatisPipelineUtils.java:destroyPipeline(66)) - Pipeline destroy failed for pipeline=PipelineID=1b05caeb-6612-4f13-8732-b428a23d2245 dn=16d0fe26-9857-4477-8b2c-205100b6d095{ip: 192.168.36.125, host: trunk-nightly-20190911-vpfxm-1000144475, networkLocation: /default-rack, certSerialId: null}
2019-09-11 06:34:25,558 [RatisPipelineUtilsThread] ERROR pipeline.SCMPipelineManager (Scheduler.java:lambda$schedule$1(70)) - Destroy pipeline failed for pipeline:Pipeline[ Id: 1b05caeb-6612-4f13-8732-b428a23d2245, Nodes: b3ae6e77-09f2-43a9-bb74-0baf269e9625{ip: 192.168.36.125, host: trunk-nightly-20190911-vpfxm-1000144475, networkLocation: /default-rack, certSerialId: null}fbfdc5e7-35fe-4dec-93a8-24c91dabe6d4{ip: 192.168.36.125, host: trunk-nightly-20190911-vpfxm-1000144475, networkLocation: /default-rack, certSerialId: null}16d0fe26-9857-4477-8b2c-205100b6d095{ip: 192.168.36.125, host: trunk-nightly-20190911-vpfxm-1000144475, networkLocation: /default-rack, certSerialId: null}, Type:RATIS, Factor:THREE, State:CLOSED]
org.apache.hadoop.hdds.scm.pipeline.PipelineNotFoundException: PipelineID=1b05caeb-6612-4f13-8732-b428a23d2245 not found
	at org.apache.hadoop.hdds.scm.pipeline.PipelineStateMap.getPipeline(PipelineStateMap.java:132)
	at org.apache.hadoop.hdds.scm.pipeline.PipelineStateMap.removePipeline(PipelineStateMap.java:322)
	at org.apache.hadoop.hdds.scm.pipeline.PipelineStateManager.removePipeline(PipelineStateManager.java:107)
	at org.apache.hadoop.hdds.scm.pipeline.SCMPipelineManager.removePipeline(SCMPipelineManager.java:423)
	at org.apache.hadoop.hdds.scm.pipeline.SCMPipelineManager.destroyPipeline(SCMPipelineManager.java:409)
	at org.apache.hadoop.hdds.scm.pipeline.SCMPipelineManager.lambda$finalizeAndDestroyPipeline$0(SCMPipelineManager.java:318)
	at org.apache.hadoop.utils.Scheduler.lambda$schedule$1(Scheduler.java:68)
	at java.util.concurrent.Executors$RunnableAdapter.call(Executors.java:511)
	at java.util.concurrent.FutureTask.run(FutureTask.java:266)
	at java.util.concurrent.ScheduledThreadPoolExecutor$ScheduledFutureTask.access$201(ScheduledThreadPoolExecutor.java:180)
	at java.util.concurrent.ScheduledThreadPoolExecutor$ScheduledFutureTask.run(ScheduledThreadPoolExecutor.java:293)
	at java.util.concurrent.ThreadPoolExecutor.runWorker(ThreadPoolExecutor.java:1149)
	at java.util.concurrent.ThreadPoolExecutor$Worker.run(ThreadPoolExecutor.java:624)
	at java.lang.Thread.run(Thread.java:748)
2019-09-11 06:34:26,567 [grpc-default-executor-7] INFO  impl.RaftServerProxy (RaftServerProxy.java:remove(95)) - b3ae6e77-09f2-43a9-bb74-0baf269e9625: remove group-B428A23D2245:null
2019-09-11 06:34:26,570 [RatisPipelineUtilsThread] WARN  pipeline.RatisPipelineUtils (RatisPipelineUtils.java:destroyPipeline(66)) - Pipeline destroy failed for pipeline=PipelineID=1b05caeb-6612-4f13-8732-b428a23d2245 dn=b3ae6e77-09f2-43a9-bb74-0baf269e9625{ip: 192.168.36.125, host: trunk-nightly-20190911-vpfxm-1000144475, networkLocation: /default-rack, certSerialId: null}
2019-09-11 06:34:26,574 [grpc-default-executor-5] INFO  impl.RaftServerProxy (RaftServerProxy.java:remove(95)) - fbfdc5e7-35fe-4dec-93a8-24c91dabe6d4: remove group-B428A23D2245:null
2019-09-11 06:34:26,576 [RatisPipelineUtilsThread] WARN  pipeline.RatisPipelineUtils (RatisPipelineUtils.java:destroyPipeline(66)) - Pipeline destroy failed for pipeline=PipelineID=1b05caeb-6612-4f13-8732-b428a23d2245 dn=fbfdc5e7-35fe-4dec-93a8-24c91dabe6d4{ip: 192.168.36.125, host: trunk-nightly-20190911-vpfxm-1000144475, networkLocation: /default-rack, certSerialId: null}
2019-09-11 06:34:26,578 [grpc-default-executor-5] INFO  impl.RaftServerProxy (RaftServerProxy.java:remove(95)) - 16d0fe26-9857-4477-8b2c-205100b6d095: remove group-B428A23D2245:null
2019-09-11 06:34:26,580 [RatisPipelineUtilsThread] WARN  pipeline.RatisPipelineUtils (RatisPipelineUtils.java:destroyPipeline(66)) - Pipeline destroy failed for pipeline=PipelineID=1b05caeb-6612-4f13-8732-b428a23d2245 dn=16d0fe26-9857-4477-8b2c-205100b6d095{ip: 192.168.36.125, host: trunk-nightly-20190911-vpfxm-1000144475, networkLocation: /default-rack, certSerialId: null}
2019-09-11 06:34:26,580 [RatisPipelineUtilsThread] ERROR pipeline.SCMPipelineManager (Scheduler.java:lambda$schedule$1(70)) - Destroy pipeline failed for pipeline:Pipeline[ Id: 1b05caeb-6612-4f13-8732-b428a23d2245, Nodes: b3ae6e77-09f2-43a9-bb74-0baf269e9625{ip: 192.168.36.125, host: trunk-nightly-20190911-vpfxm-1000144475, networkLocation: /default-rack, certSerialId: null}fbfdc5e7-35fe-4dec-93a8-24c91dabe6d4{ip: 192.168.36.125, host: trunk-nightly-20190911-vpfxm-1000144475, networkLocation: /default-rack, certSerialId: null}16d0fe26-9857-4477-8b2c-205100b6d095{ip: 192.168.36.125, host: trunk-nightly-20190911-vpfxm-1000144475, networkLocation: /default-rack, certSerialId: null}, Type:RATIS, Factor:THREE, State:CLOSED]
org.apache.hadoop.hdds.scm.pipeline.PipelineNotFoundException: PipelineID=1b05caeb-6612-4f13-8732-b428a23d2245 not found
	at org.apache.hadoop.hdds.scm.pipeline.PipelineStateMap.getPipeline(PipelineStateMap.java:132)
	at org.apache.hadoop.hdds.scm.pipeline.PipelineStateMap.removePipeline(PipelineStateMap.java:322)
	at org.apache.hadoop.hdds.scm.pipeline.PipelineStateManager.removePipeline(PipelineStateManager.java:107)
	at org.apache.hadoop.hdds.scm.pipeline.SCMPipelineManager.removePipeline(SCMPipelineManager.java:423)
	at org.apache.hadoop.hdds.scm.pipeline.SCMPipelineManager.destroyPipeline(SCMPipelineManager.java:409)
	at org.apache.hadoop.hdds.scm.pipeline.SCMPipelineManager.lambda$finalizeAndDestroyPipeline$0(SCMPipelineManager.java:318)
	at org.apache.hadoop.utils.Scheduler.lambda$schedule$1(Scheduler.java:68)
	at java.util.concurrent.Executors$RunnableAdapter.call(Executors.java:511)
	at java.util.concurrent.FutureTask.run(FutureTask.java:266)
	at java.util.concurrent.ScheduledThreadPoolExecutor$ScheduledFutureTask.access$201(ScheduledThreadPoolExecutor.java:180)
	at java.util.concurrent.ScheduledThreadPoolExecutor$ScheduledFutureTask.run(ScheduledThreadPoolExecutor.java:293)
	at java.util.concurrent.ThreadPoolExecutor.runWorker(ThreadPoolExecutor.java:1149)
	at java.util.concurrent.ThreadPoolExecutor$Worker.run(ThreadPoolExecutor.java:624)
	at java.lang.Thread.run(Thread.java:748)
2019-09-11 06:34:26,758 [java.util.concurrent.ThreadPoolExecutor$Worker@28d9cb8f[State = -1, empty queue]] WARN  server.GrpcLogAppender (GrpcLogAppender.java:timeoutAppendRequest(200)) - 5fbe7820-a9fa-43af-b8cb-ea2e92af72fb@group-36DB4E6319DB->adfcb6a4-90df-42a6-b615-f553bb5ddfe0-GrpcLogAppender: appendEntries Timeout, request=5fbe7820-a9fa-43af-b8cb-ea2e92af72fb->adfcb6a4-90df-42a6-b615-f553bb5ddfe0#167-t1, previous=(t:1, i:14), leaderCommit=14, initializing? false, entries: size=1, first=(t:1, i:15), STATEMACHINELOGENTRY, client-202F7A5D2390, cid=143
2019-09-11 06:34:26,758 [java.util.concurrent.ThreadPoolExecutor$Worker@1e7423d2[State = -1, empty queue]] WARN  server.GrpcLogAppender (GrpcLogAppender.java:timeoutAppendRequest(200)) - 5fbe7820-a9fa-43af-b8cb-ea2e92af72fb@group-36DB4E6319DB->0972d9e0-1686-4378-a4cd-e26758266cbe-GrpcLogAppender: appendEntries Timeout, request=5fbe7820-a9fa-43af-b8cb-ea2e92af72fb->0972d9e0-1686-4378-a4cd-e26758266cbe#167-t1, previous=(t:1, i:14), leaderCommit=14, initializing? false, entries: size=1, first=(t:1, i:15), STATEMACHINELOGENTRY, client-202F7A5D2390, cid=143
2019-09-11 06:34:26,759 [java.util.concurrent.ThreadPoolExecutor$Worker@28d9cb8f[State = -1, empty queue]] WARN  server.GrpcLogAppender (GrpcLogAppender.java:timeoutAppendRequest(200)) - 5fbe7820-a9fa-43af-b8cb-ea2e92af72fb@group-36DB4E6319DB->adfcb6a4-90df-42a6-b615-f553bb5ddfe0-GrpcLogAppender: appendEntries Timeout, request=5fbe7820-a9fa-43af-b8cb-ea2e92af72fb->adfcb6a4-90df-42a6-b615-f553bb5ddfe0#168-t1, previous=(t:1, i:15), leaderCommit=14, initializing? false, entries: size=1, first=(t:1, i:16), STATEMACHINELOGENTRY, client-202F7A5D2390, cid=144
2019-09-11 06:34:26,759 [java.util.concurrent.ThreadPoolExecutor$Worker@1e7423d2[State = -1, empty queue]] WARN  server.GrpcLogAppender (GrpcLogAppender.java:timeoutAppendRequest(200)) - 5fbe7820-a9fa-43af-b8cb-ea2e92af72fb@group-36DB4E6319DB->0972d9e0-1686-4378-a4cd-e26758266cbe-GrpcLogAppender: appendEntries Timeout, request=5fbe7820-a9fa-43af-b8cb-ea2e92af72fb->0972d9e0-1686-4378-a4cd-e26758266cbe#168-t1, previous=(t:1, i:15), leaderCommit=14, initializing? false, entries: size=1, first=(t:1, i:16), STATEMACHINELOGENTRY, client-202F7A5D2390, cid=144
2019-09-11 06:34:26,760 [java.util.concurrent.ThreadPoolExecutor$Worker@28d9cb8f[State = -1, empty queue]] WARN  server.GrpcLogAppender (GrpcLogAppender.java:timeoutAppendRequest(200)) - 5fbe7820-a9fa-43af-b8cb-ea2e92af72fb@group-36DB4E6319DB->adfcb6a4-90df-42a6-b615-f553bb5ddfe0-GrpcLogAppender: appendEntries Timeout, request=5fbe7820-a9fa-43af-b8cb-ea2e92af72fb->adfcb6a4-90df-42a6-b615-f553bb5ddfe0#169-t1, previous=(t:1, i:16), leaderCommit=14, initializing? false, entries: size=1, first=(t:1, i:17), STATEMACHINELOGENTRY, client-202F7A5D2390, cid=145
2019-09-11 06:34:26,760 [java.util.concurrent.ThreadPoolExecutor$Worker@1e7423d2[State = -1, empty queue]] WARN  server.GrpcLogAppender (GrpcLogAppender.java:timeoutAppendRequest(200)) - 5fbe7820-a9fa-43af-b8cb-ea2e92af72fb@group-36DB4E6319DB->0972d9e0-1686-4378-a4cd-e26758266cbe-GrpcLogAppender: appendEntries Timeout, request=5fbe7820-a9fa-43af-b8cb-ea2e92af72fb->0972d9e0-1686-4378-a4cd-e26758266cbe#169-t1, previous=(t:1, i:16), leaderCommit=14, initializing? false, entries: size=1, first=(t:1, i:17), STATEMACHINELOGENTRY, client-202F7A5D2390, cid=145
2019-09-11 06:34:26,760 [java.util.concurrent.ThreadPoolExecutor$Worker@1e7423d2[State = -1, empty queue]] WARN  server.GrpcLogAppender (GrpcLogAppender.java:timeoutAppendRequest(200)) - 5fbe7820-a9fa-43af-b8cb-ea2e92af72fb@group-36DB4E6319DB->0972d9e0-1686-4378-a4cd-e26758266cbe-GrpcLogAppender: appendEntries Timeout, request=5fbe7820-a9fa-43af-b8cb-ea2e92af72fb->0972d9e0-1686-4378-a4cd-e26758266cbe#170-t1, previous=(t:1, i:17), leaderCommit=14, initializing? false, entries: size=1, first=(t:1, i:18), STATEMACHINELOGENTRY, client-202F7A5D2390, cid=146
2019-09-11 06:34:26,760 [java.util.concurrent.ThreadPoolExecutor$Worker@28d9cb8f[State = -1, empty queue]] WARN  server.GrpcLogAppender (GrpcLogAppender.java:timeoutAppendRequest(200)) - 5fbe7820-a9fa-43af-b8cb-ea2e92af72fb@group-36DB4E6319DB->adfcb6a4-90df-42a6-b615-f553bb5ddfe0-GrpcLogAppender: appendEntries Timeout, request=5fbe7820-a9fa-43af-b8cb-ea2e92af72fb->adfcb6a4-90df-42a6-b615-f553bb5ddfe0#170-t1, previous=(t:1, i:17), leaderCommit=14, initializing? false, entries: size=1, first=(t:1, i:18), STATEMACHINELOGENTRY, client-202F7A5D2390, cid=146
2019-09-11 06:34:26,761 [java.util.concurrent.ThreadPoolExecutor$Worker@28d9cb8f[State = -1, empty queue]] WARN  server.GrpcLogAppender (GrpcLogAppender.java:timeoutAppendRequest(200)) - 5fbe7820-a9fa-43af-b8cb-ea2e92af72fb@group-36DB4E6319DB->adfcb6a4-90df-42a6-b615-f553bb5ddfe0-GrpcLogAppender: appendEntries Timeout, request=5fbe7820-a9fa-43af-b8cb-ea2e92af72fb->adfcb6a4-90df-42a6-b615-f553bb5ddfe0#171-t1, previous=(t:1, i:18), leaderCommit=14, initializing? false, entries: size=1, first=(t:1, i:19), STATEMACHINELOGENTRY, client-202F7A5D2390, cid=147
2019-09-11 06:34:26,761 [java.util.concurrent.ThreadPoolExecutor$Worker@1e7423d2[State = -1, empty queue]] WARN  server.GrpcLogAppender (GrpcLogAppender.java:timeoutAppendRequest(200)) - 5fbe7820-a9fa-43af-b8cb-ea2e92af72fb@group-36DB4E6319DB->0972d9e0-1686-4378-a4cd-e26758266cbe-GrpcLogAppender: appendEntries Timeout, request=5fbe7820-a9fa-43af-b8cb-ea2e92af72fb->0972d9e0-1686-4378-a4cd-e26758266cbe#171-t1, previous=(t:1, i:18), leaderCommit=14, initializing? false, entries: size=1, first=(t:1, i:19), STATEMACHINELOGENTRY, client-202F7A5D2390, cid=147
2019-09-11 06:34:26,762 [java.util.concurrent.ThreadPoolExecutor$Worker@28d9cb8f[State = -1, empty queue]] WARN  server.GrpcLogAppender (GrpcLogAppender.java:timeoutAppendRequest(200)) - 5fbe7820-a9fa-43af-b8cb-ea2e92af72fb@group-36DB4E6319DB->adfcb6a4-90df-42a6-b615-f553bb5ddfe0-GrpcLogAppender: appendEntries Timeout, request=5fbe7820-a9fa-43af-b8cb-ea2e92af72fb->adfcb6a4-90df-42a6-b615-f553bb5ddfe0#172-t1, previous=(t:1, i:19), leaderCommit=14, initializing? false, entries: size=1, first=(t:1, i:20), STATEMACHINELOGENTRY, client-202F7A5D2390, cid=148
2019-09-11 06:34:26,762 [java.util.concurrent.ThreadPoolExecutor$Worker@1e7423d2[State = -1, empty queue]] WARN  server.GrpcLogAppender (GrpcLogAppender.java:timeoutAppendRequest(200)) - 5fbe7820-a9fa-43af-b8cb-ea2e92af72fb@group-36DB4E6319DB->0972d9e0-1686-4378-a4cd-e26758266cbe-GrpcLogAppender: appendEntries Timeout, request=5fbe7820-a9fa-43af-b8cb-ea2e92af72fb->0972d9e0-1686-4378-a4cd-e26758266cbe#172-t1, previous=(t:1, i:19), leaderCommit=14, initializing? false, entries: size=1, first=(t:1, i:20), STATEMACHINELOGENTRY, client-202F7A5D2390, cid=148
2019-09-11 06:34:28,569 [grpc-default-executor-7] INFO  impl.RaftServerProxy (RaftServerProxy.java:remove(95)) - b3ae6e77-09f2-43a9-bb74-0baf269e9625: remove group-B428A23D2245:null
2019-09-11 06:34:28,574 [RatisPipelineUtilsThread] WARN  pipeline.RatisPipelineUtils (RatisPipelineUtils.java:destroyPipeline(66)) - Pipeline destroy failed for pipeline=PipelineID=1b05caeb-6612-4f13-8732-b428a23d2245 dn=b3ae6e77-09f2-43a9-bb74-0baf269e9625{ip: 192.168.36.125, host: trunk-nightly-20190911-vpfxm-1000144475, networkLocation: /default-rack, certSerialId: null}
2019-09-11 06:34:28,576 [grpc-default-executor-7] INFO  impl.RaftServerProxy (RaftServerProxy.java:remove(95)) - fbfdc5e7-35fe-4dec-93a8-24c91dabe6d4: remove group-B428A23D2245:null
2019-09-11 06:34:28,578 [RatisPipelineUtilsThread] WARN  pipeline.RatisPipelineUtils (RatisPipelineUtils.java:destroyPipeline(66)) - Pipeline destroy failed for pipeline=PipelineID=1b05caeb-6612-4f13-8732-b428a23d2245 dn=fbfdc5e7-35fe-4dec-93a8-24c91dabe6d4{ip: 192.168.36.125, host: trunk-nightly-20190911-vpfxm-1000144475, networkLocation: /default-rack, certSerialId: null}
2019-09-11 06:34:28,581 [grpc-default-executor-7] INFO  impl.RaftServerProxy (RaftServerProxy.java:remove(95)) - 16d0fe26-9857-4477-8b2c-205100b6d095: remove group-B428A23D2245:null
2019-09-11 06:34:28,582 [RatisPipelineUtilsThread] WARN  pipeline.RatisPipelineUtils (RatisPipelineUtils.java:destroyPipeline(66)) - Pipeline destroy failed for pipeline=PipelineID=1b05caeb-6612-4f13-8732-b428a23d2245 dn=16d0fe26-9857-4477-8b2c-205100b6d095{ip: 192.168.36.125, host: trunk-nightly-20190911-vpfxm-1000144475, networkLocation: /default-rack, certSerialId: null}
2019-09-11 06:34:28,583 [RatisPipelineUtilsThread] ERROR pipeline.SCMPipelineManager (Scheduler.java:lambda$schedule$1(70)) - Destroy pipeline failed for pipeline:Pipeline[ Id: 1b05caeb-6612-4f13-8732-b428a23d2245, Nodes: b3ae6e77-09f2-43a9-bb74-0baf269e9625{ip: 192.168.36.125, host: trunk-nightly-20190911-vpfxm-1000144475, networkLocation: /default-rack, certSerialId: null}fbfdc5e7-35fe-4dec-93a8-24c91dabe6d4{ip: 192.168.36.125, host: trunk-nightly-20190911-vpfxm-1000144475, networkLocation: /default-rack, certSerialId: null}16d0fe26-9857-4477-8b2c-205100b6d095{ip: 192.168.36.125, host: trunk-nightly-20190911-vpfxm-1000144475, networkLocation: /default-rack, certSerialId: null}, Type:RATIS, Factor:THREE, State:CLOSED]
org.apache.hadoop.hdds.scm.pipeline.PipelineNotFoundException: PipelineID=1b05caeb-6612-4f13-8732-b428a23d2245 not found
	at org.apache.hadoop.hdds.scm.pipeline.PipelineStateMap.getPipeline(PipelineStateMap.java:132)
	at org.apache.hadoop.hdds.scm.pipeline.PipelineStateMap.removePipeline(PipelineStateMap.java:322)
	at org.apache.hadoop.hdds.scm.pipeline.PipelineStateManager.removePipeline(PipelineStateManager.java:107)
	at org.apache.hadoop.hdds.scm.pipeline.SCMPipelineManager.removePipeline(SCMPipelineManager.java:423)
	at org.apache.hadoop.hdds.scm.pipeline.SCMPipelineManager.destroyPipeline(SCMPipelineManager.java:409)
	at org.apache.hadoop.hdds.scm.pipeline.SCMPipelineManager.lambda$finalizeAndDestroyPipeline$0(SCMPipelineManager.java:318)
	at org.apache.hadoop.utils.Scheduler.lambda$schedule$1(Scheduler.java:68)
	at java.util.concurrent.Executors$RunnableAdapter.call(Executors.java:511)
	at java.util.concurrent.FutureTask.run(FutureTask.java:266)
	at java.util.concurrent.ScheduledThreadPoolExecutor$ScheduledFutureTask.access$201(ScheduledThreadPoolExecutor.java:180)
	at java.util.concurrent.ScheduledThreadPoolExecutor$ScheduledFutureTask.run(ScheduledThreadPoolExecutor.java:293)
	at java.util.concurrent.ThreadPoolExecutor.runWorker(ThreadPoolExecutor.java:1149)
	at java.util.concurrent.ThreadPoolExecutor$Worker.run(ThreadPoolExecutor.java:624)
	at java.lang.Thread.run(Thread.java:748)
2019-09-11 06:34:28,780 [grpc-default-executor-5] INFO  client.GrpcClientProtocolClient (GrpcClientProtocolClient.java:onNext(264)) - client-202F7A5D2390->0972d9e0-1686-4378-a4cd-e26758266cbe: receive RaftClientReply:client-202F7A5D2390->0972d9e0-1686-4378-a4cd-e26758266cbe@group-36DB4E6319DB, cid=143, FAILED org.apache.ratis.protocol.NotLeaderException: Server 0972d9e0-1686-4378-a4cd-e26758266cbe@group-36DB4E6319DB is not the leader 5fbe7820-a9fa-43af-b8cb-ea2e92af72fb:192.168.36.125:41382, logIndex=0, commits[0972d9e0-1686-4378-a4cd-e26758266cbe:c14, 5fbe7820-a9fa-43af-b8cb-ea2e92af72fb:c14, adfcb6a4-90df-42a6-b615-f553bb5ddfe0:c13]
2019-09-11 06:34:29,262 [java.util.concurrent.ThreadPoolExecutor$Worker@1e7423d2[State = -1, empty queue]] WARN  server.GrpcLogAppender (GrpcLogAppender.java:timeoutAppendRequest(200)) - 5fbe7820-a9fa-43af-b8cb-ea2e92af72fb@group-36DB4E6319DB->0972d9e0-1686-4378-a4cd-e26758266cbe-GrpcLogAppender: appendEntries Timeout, request=5fbe7820-a9fa-43af-b8cb-ea2e92af72fb->0972d9e0-1686-4378-a4cd-e26758266cbe#173-t1, previous=(t:1, i:20), leaderCommit=14, initializing? false, entries: <empty>
2019-09-11 06:34:29,262 [java.util.concurrent.ThreadPoolExecutor$Worker@28d9cb8f[State = -1, empty queue]] WARN  server.GrpcLogAppender (GrpcLogAppender.java:timeoutAppendRequest(200)) - 5fbe7820-a9fa-43af-b8cb-ea2e92af72fb@group-36DB4E6319DB->adfcb6a4-90df-42a6-b615-f553bb5ddfe0-GrpcLogAppender: appendEntries Timeout, request=5fbe7820-a9fa-43af-b8cb-ea2e92af72fb->adfcb6a4-90df-42a6-b615-f553bb5ddfe0#173-t1, previous=(t:1, i:20), leaderCommit=14, initializing? false, entries: <empty>
2019-09-11 06:34:31,563 [grpc-default-executor-7] INFO  impl.RaftServerProxy (RaftServerProxy.java:remove(95)) - b3ae6e77-09f2-43a9-bb74-0baf269e9625: remove group-B428A23D2245:null
2019-09-11 06:34:31,565 [RatisPipelineUtilsThread] WARN  pipeline.RatisPipelineUtils (RatisPipelineUtils.java:destroyPipeline(66)) - Pipeline destroy failed for pipeline=PipelineID=1b05caeb-6612-4f13-8732-b428a23d2245 dn=b3ae6e77-09f2-43a9-bb74-0baf269e9625{ip: 192.168.36.125, host: trunk-nightly-20190911-vpfxm-1000144475, networkLocation: /default-rack, certSerialId: null}
2019-09-11 06:34:31,568 [grpc-default-executor-7] INFO  impl.RaftServerProxy (RaftServerProxy.java:remove(95)) - fbfdc5e7-35fe-4dec-93a8-24c91dabe6d4: remove group-B428A23D2245:null
2019-09-11 06:34:31,570 [RatisPipelineUtilsThread] WARN  pipeline.RatisPipelineUtils (RatisPipelineUtils.java:destroyPipeline(66)) - Pipeline destroy failed for pipeline=PipelineID=1b05caeb-6612-4f13-8732-b428a23d2245 dn=fbfdc5e7-35fe-4dec-93a8-24c91dabe6d4{ip: 192.168.36.125, host: trunk-nightly-20190911-vpfxm-1000144475, networkLocation: /default-rack, certSerialId: null}
2019-09-11 06:34:31,573 [grpc-default-executor-7] INFO  impl.RaftServerProxy (RaftServerProxy.java:remove(95)) - 16d0fe26-9857-4477-8b2c-205100b6d095: remove group-B428A23D2245:null
2019-09-11 06:34:31,574 [RatisPipelineUtilsThread] WARN  pipeline.RatisPipelineUtils (RatisPipelineUtils.java:destroyPipeline(66)) - Pipeline destroy failed for pipeline=PipelineID=1b05caeb-6612-4f13-8732-b428a23d2245 dn=16d0fe26-9857-4477-8b2c-205100b6d095{ip: 192.168.36.125, host: trunk-nightly-20190911-vpfxm-1000144475, networkLocation: /default-rack, certSerialId: null}
2019-09-11 06:34:31,575 [RatisPipelineUtilsThread] ERROR pipeline.SCMPipelineManager (Scheduler.java:lambda$schedule$1(70)) - Destroy pipeline failed for pipeline:Pipeline[ Id: 1b05caeb-6612-4f13-8732-b428a23d2245, Nodes: b3ae6e77-09f2-43a9-bb74-0baf269e9625{ip: 192.168.36.125, host: trunk-nightly-20190911-vpfxm-1000144475, networkLocation: /default-rack, certSerialId: null}fbfdc5e7-35fe-4dec-93a8-24c91dabe6d4{ip: 192.168.36.125, host: trunk-nightly-20190911-vpfxm-1000144475, networkLocation: /default-rack, certSerialId: null}16d0fe26-9857-4477-8b2c-205100b6d095{ip: 192.168.36.125, host: trunk-nightly-20190911-vpfxm-1000144475, networkLocation: /default-rack, certSerialId: null}, Type:RATIS, Factor:THREE, State:CLOSED]
org.apache.hadoop.hdds.scm.pipeline.PipelineNotFoundException: PipelineID=1b05caeb-6612-4f13-8732-b428a23d2245 not found
	at org.apache.hadoop.hdds.scm.pipeline.PipelineStateMap.getPipeline(PipelineStateMap.java:132)
	at org.apache.hadoop.hdds.scm.pipeline.PipelineStateMap.removePipeline(PipelineStateMap.java:322)
	at org.apache.hadoop.hdds.scm.pipeline.PipelineStateManager.removePipeline(PipelineStateManager.java:107)
	at org.apache.hadoop.hdds.scm.pipeline.SCMPipelineManager.removePipeline(SCMPipelineManager.java:423)
	at org.apache.hadoop.hdds.scm.pipeline.SCMPipelineManager.destroyPipeline(SCMPipelineManager.java:409)
	at org.apache.hadoop.hdds.scm.pipeline.SCMPipelineManager.lambda$finalizeAndDestroyPipeline$0(SCMPipelineManager.java:318)
	at org.apache.hadoop.utils.Scheduler.lambda$schedule$1(Scheduler.java:68)
	at java.util.concurrent.Executors$RunnableAdapter.call(Executors.java:511)
	at java.util.concurrent.FutureTask.run(FutureTask.java:266)
	at java.util.concurrent.ScheduledThreadPoolExecutor$ScheduledFutureTask.access$201(ScheduledThreadPoolExecutor.java:180)
	at java.util.concurrent.ScheduledThreadPoolExecutor$ScheduledFutureTask.run(ScheduledThreadPoolExecutor.java:293)
	at java.util.concurrent.ThreadPoolExecutor.runWorker(ThreadPoolExecutor.java:1149)
	at java.util.concurrent.ThreadPoolExecutor$Worker.run(ThreadPoolExecutor.java:624)
	at java.lang.Thread.run(Thread.java:748)
2019-09-11 06:34:31,763 [java.util.concurrent.ThreadPoolExecutor$Worker@1e7423d2[State = -1, empty queue]] WARN  server.GrpcLogAppender (GrpcLogAppender.java:timeoutAppendRequest(200)) - 5fbe7820-a9fa-43af-b8cb-ea2e92af72fb@group-36DB4E6319DB->0972d9e0-1686-4378-a4cd-e26758266cbe-GrpcLogAppender: appendEntries Timeout, request=5fbe7820-a9fa-43af-b8cb-ea2e92af72fb->0972d9e0-1686-4378-a4cd-e26758266cbe#174-t1, previous=(t:1, i:20), leaderCommit=14, initializing? false, entries: <empty>
2019-09-11 06:34:31,763 [java.util.concurrent.ThreadPoolExecutor$Worker@28d9cb8f[State = -1, empty queue]] WARN  server.GrpcLogAppender (GrpcLogAppender.java:timeoutAppendRequest(200)) - 5fbe7820-a9fa-43af-b8cb-ea2e92af72fb@group-36DB4E6319DB->adfcb6a4-90df-42a6-b615-f553bb5ddfe0-GrpcLogAppender: appendEntries Timeout, request=5fbe7820-a9fa-43af-b8cb-ea2e92af72fb->adfcb6a4-90df-42a6-b615-f553bb5ddfe0#174-t1, previous=(t:1, i:20), leaderCommit=14, initializing? false, entries: <empty>
2019-09-11 06:34:33,562 [grpc-default-executor-7] INFO  impl.RaftServerProxy (RaftServerProxy.java:remove(95)) - b3ae6e77-09f2-43a9-bb74-0baf269e9625: remove group-B428A23D2245:null
2019-09-11 06:34:33,565 [RatisPipelineUtilsThread] WARN  pipeline.RatisPipelineUtils (RatisPipelineUtils.java:destroyPipeline(66)) - Pipeline destroy failed for pipeline=PipelineID=1b05caeb-6612-4f13-8732-b428a23d2245 dn=b3ae6e77-09f2-43a9-bb74-0baf269e9625{ip: 192.168.36.125, host: trunk-nightly-20190911-vpfxm-1000144475, networkLocation: /default-rack, certSerialId: null}
2019-09-11 06:34:33,567 [grpc-default-executor-7] INFO  impl.RaftServerProxy (RaftServerProxy.java:remove(95)) - fbfdc5e7-35fe-4dec-93a8-24c91dabe6d4: remove group-B428A23D2245:null
2019-09-11 06:34:33,569 [RatisPipelineUtilsThread] WARN  pipeline.RatisPipelineUtils (RatisPipelineUtils.java:destroyPipeline(66)) - Pipeline destroy failed for pipeline=PipelineID=1b05caeb-6612-4f13-8732-b428a23d2245 dn=fbfdc5e7-35fe-4dec-93a8-24c91dabe6d4{ip: 192.168.36.125, host: trunk-nightly-20190911-vpfxm-1000144475, networkLocation: /default-rack, certSerialId: null}
2019-09-11 06:34:33,571 [grpc-default-executor-7] INFO  impl.RaftServerProxy (RaftServerProxy.java:remove(95)) - 16d0fe26-9857-4477-8b2c-205100b6d095: remove group-B428A23D2245:null
2019-09-11 06:34:33,573 [RatisPipelineUtilsThread] WARN  pipeline.RatisPipelineUtils (RatisPipelineUtils.java:destroyPipeline(66)) - Pipeline destroy failed for pipeline=PipelineID=1b05caeb-6612-4f13-8732-b428a23d2245 dn=16d0fe26-9857-4477-8b2c-205100b6d095{ip: 192.168.36.125, host: trunk-nightly-20190911-vpfxm-1000144475, networkLocation: /default-rack, certSerialId: null}
2019-09-11 06:34:33,573 [RatisPipelineUtilsThread] ERROR pipeline.SCMPipelineManager (Scheduler.java:lambda$schedule$1(70)) - Destroy pipeline failed for pipeline:Pipeline[ Id: 1b05caeb-6612-4f13-8732-b428a23d2245, Nodes: b3ae6e77-09f2-43a9-bb74-0baf269e9625{ip: 192.168.36.125, host: trunk-nightly-20190911-vpfxm-1000144475, networkLocation: /default-rack, certSerialId: null}fbfdc5e7-35fe-4dec-93a8-24c91dabe6d4{ip: 192.168.36.125, host: trunk-nightly-20190911-vpfxm-1000144475, networkLocation: /default-rack, certSerialId: null}16d0fe26-9857-4477-8b2c-205100b6d095{ip: 192.168.36.125, host: trunk-nightly-20190911-vpfxm-1000144475, networkLocation: /default-rack, certSerialId: null}, Type:RATIS, Factor:THREE, State:CLOSED]
org.apache.hadoop.hdds.scm.pipeline.PipelineNotFoundException: PipelineID=1b05caeb-6612-4f13-8732-b428a23d2245 not found
	at org.apache.hadoop.hdds.scm.pipeline.PipelineStateMap.getPipeline(PipelineStateMap.java:132)
	at org.apache.hadoop.hdds.scm.pipeline.PipelineStateMap.removePipeline(PipelineStateMap.java:322)
	at org.apache.hadoop.hdds.scm.pipeline.PipelineStateManager.removePipeline(PipelineStateManager.java:107)
	at org.apache.hadoop.hdds.scm.pipeline.SCMPipelineManager.removePipeline(SCMPipelineManager.java:423)
	at org.apache.hadoop.hdds.scm.pipeline.SCMPipelineManager.destroyPipeline(SCMPipelineManager.java:409)
	at org.apache.hadoop.hdds.scm.pipeline.SCMPipelineManager.lambda$finalizeAndDestroyPipeline$0(SCMPipelineManager.java:318)
	at org.apache.hadoop.utils.Scheduler.lambda$schedule$1(Scheduler.java:68)
	at java.util.concurrent.Executors$RunnableAdapter.call(Executors.java:511)
	at java.util.concurrent.FutureTask.run(FutureTask.java:266)
	at java.util.concurrent.ScheduledThreadPoolExecutor$ScheduledFutureTask.access$201(ScheduledThreadPoolExecutor.java:180)
	at java.util.concurrent.ScheduledThreadPoolExecutor$ScheduledFutureTask.run(ScheduledThreadPoolExecutor.java:293)
	at java.util.concurrent.ThreadPoolExecutor.runWorker(ThreadPoolExecutor.java:1149)
	at java.util.concurrent.ThreadPoolExecutor$Worker.run(ThreadPoolExecutor.java:624)
	at java.lang.Thread.run(Thread.java:748)
2019-09-11 06:34:33,757 [5fbe7820-a9fa-43af-b8cb-ea2e92af72fb@group-36DB4E6319DB-SegmentedRaftLogWorker] WARN  segmented.SegmentedRaftLogWorker (SegmentedRaftLogWorker.java:getFromFuture(90)) - Timeout 0/~
org.apache.ratis.protocol.TimeoutIOException: Timeout 10s: WriteLog:15: (t:1, i:15), STATEMACHINELOGENTRY, client-202F7A5D2390, cid=143-writeStateMachineData
	at org.apache.ratis.util.IOUtils.getFromFuture(IOUtils.java:87)
	at org.apache.ratis.server.raftlog.segmented.SegmentedRaftLogWorker$StateMachineDataPolicy.getFromFuture(SegmentedRaftLogWorker.java:87)
	at org.apache.ratis.server.raftlog.segmented.SegmentedRaftLogWorker$WriteLog.execute(SegmentedRaftLogWorker.java:477)
	at org.apache.ratis.server.raftlog.segmented.SegmentedRaftLogWorker.run(SegmentedRaftLogWorker.java:289)
	at java.lang.Thread.run(Thread.java:748)
Caused by: java.util.concurrent.TimeoutException
	at java.util.concurrent.CompletableFuture.timedGet(CompletableFuture.java:1771)
	at java.util.concurrent.CompletableFuture.get(CompletableFuture.java:1915)
	at org.apache.ratis.util.IOUtils.getFromFuture(IOUtils.java:79)
	... 4 more
2019-09-11 06:34:33,758 [0972d9e0-1686-4378-a4cd-e26758266cbe@group-36DB4E6319DB-SegmentedRaftLogWorker] WARN  segmented.SegmentedRaftLogWorker (SegmentedRaftLogWorker.java:getFromFuture(90)) - Timeout 0/~
org.apache.ratis.protocol.TimeoutIOException: Timeout 10s: WriteLog:15: (t:1, i:15), STATEMACHINELOGENTRY, client-202F7A5D2390, cid=143-writeStateMachineData
	at org.apache.ratis.util.IOUtils.getFromFuture(IOUtils.java:87)
	at org.apache.ratis.server.raftlog.segmented.SegmentedRaftLogWorker$StateMachineDataPolicy.getFromFuture(SegmentedRaftLogWorker.java:87)
	at org.apache.ratis.server.raftlog.segmented.SegmentedRaftLogWorker$WriteLog.execute(SegmentedRaftLogWorker.java:477)
	at org.apache.ratis.server.raftlog.segmented.SegmentedRaftLogWorker.run(SegmentedRaftLogWorker.java:289)
	at java.lang.Thread.run(Thread.java:748)
Caused by: java.util.concurrent.TimeoutException
	at java.util.concurrent.CompletableFuture.timedGet(CompletableFuture.java:1771)
	at java.util.concurrent.CompletableFuture.get(CompletableFuture.java:1915)
	at org.apache.ratis.util.IOUtils.getFromFuture(IOUtils.java:79)
	... 4 more
2019-09-11 06:34:33,815 [grpc-default-executor-7] INFO  client.GrpcClientProtocolClient (GrpcClientProtocolClient.java:onNext(264)) - client-202F7A5D2390->0972d9e0-1686-4378-a4cd-e26758266cbe: receive RaftClientReply:client-202F7A5D2390->0972d9e0-1686-4378-a4cd-e26758266cbe@group-36DB4E6319DB, cid=143, FAILED org.apache.ratis.protocol.NotLeaderException: Server 0972d9e0-1686-4378-a4cd-e26758266cbe@group-36DB4E6319DB is not the leader 5fbe7820-a9fa-43af-b8cb-ea2e92af72fb:192.168.36.125:41382, logIndex=0, commits[0972d9e0-1686-4378-a4cd-e26758266cbe:c14, 5fbe7820-a9fa-43af-b8cb-ea2e92af72fb:c14, adfcb6a4-90df-42a6-b615-f553bb5ddfe0:c13]
2019-09-11 06:34:33,831 [adfcb6a4-90df-42a6-b615-f553bb5ddfe0@group-36DB4E6319DB-SegmentedRaftLogWorker] WARN  segmented.SegmentedRaftLogWorker (SegmentedRaftLogWorker.java:getFromFuture(90)) - Timeout 0/~
org.apache.ratis.protocol.TimeoutIOException: Timeout 10s: WriteLog:16: (t:1, i:16), STATEMACHINELOGENTRY, client-202F7A5D2390, cid=144-writeStateMachineData
	at org.apache.ratis.util.IOUtils.getFromFuture(IOUtils.java:87)
	at org.apache.ratis.server.raftlog.segmented.SegmentedRaftLogWorker$StateMachineDataPolicy.getFromFuture(SegmentedRaftLogWorker.java:87)
	at org.apache.ratis.server.raftlog.segmented.SegmentedRaftLogWorker$WriteLog.execute(SegmentedRaftLogWorker.java:477)
	at org.apache.ratis.server.raftlog.segmented.SegmentedRaftLogWorker.run(SegmentedRaftLogWorker.java:289)
	at java.lang.Thread.run(Thread.java:748)
Caused by: java.util.concurrent.TimeoutException
	at java.util.concurrent.CompletableFuture.timedGet(CompletableFuture.java:1771)
	at java.util.concurrent.CompletableFuture.get(CompletableFuture.java:1915)
	at org.apache.ratis.util.IOUtils.getFromFuture(IOUtils.java:79)
	... 4 more
2019-09-11 06:34:34,263 [java.util.concurrent.ThreadPoolExecutor$Worker@28d9cb8f[State = -1, empty queue]] WARN  server.GrpcLogAppender (GrpcLogAppender.java:timeoutAppendRequest(200)) - 5fbe7820-a9fa-43af-b8cb-ea2e92af72fb@group-36DB4E6319DB->adfcb6a4-90df-42a6-b615-f553bb5ddfe0-GrpcLogAppender: appendEntries Timeout, request=5fbe7820-a9fa-43af-b8cb-ea2e92af72fb->adfcb6a4-90df-42a6-b615-f553bb5ddfe0#175-t1, previous=(t:1, i:20), leaderCommit=14, initializing? false, entries: <empty>
2019-09-11 06:34:34,263 [java.util.concurrent.ThreadPoolExecutor$Worker@1e7423d2[State = -1, empty queue]] WARN  server.GrpcLogAppender (GrpcLogAppender.java:timeoutAppendRequest(200)) - 5fbe7820-a9fa-43af-b8cb-ea2e92af72fb@group-36DB4E6319DB->0972d9e0-1686-4378-a4cd-e26758266cbe-GrpcLogAppender: appendEntries Timeout, request=5fbe7820-a9fa-43af-b8cb-ea2e92af72fb->0972d9e0-1686-4378-a4cd-e26758266cbe#175-t1, previous=(t:1, i:20), leaderCommit=14, initializing? false, entries: <empty>
2019-09-11 06:34:36,564 [grpc-default-executor-7] INFO  impl.RaftServerProxy (RaftServerProxy.java:remove(95)) - b3ae6e77-09f2-43a9-bb74-0baf269e9625: remove group-B428A23D2245:null
2019-09-11 06:34:36,567 [RatisPipelineUtilsThread] WARN  pipeline.RatisPipelineUtils (RatisPipelineUtils.java:destroyPipeline(66)) - Pipeline destroy failed for pipeline=PipelineID=1b05caeb-6612-4f13-8732-b428a23d2245 dn=b3ae6e77-09f2-43a9-bb74-0baf269e9625{ip: 192.168.36.125, host: trunk-nightly-20190911-vpfxm-1000144475, networkLocation: /default-rack, certSerialId: null}
2019-09-11 06:34:36,570 [grpc-default-executor-7] INFO  impl.RaftServerProxy (RaftServerProxy.java:remove(95)) - fbfdc5e7-35fe-4dec-93a8-24c91dabe6d4: remove group-B428A23D2245:null
2019-09-11 06:34:36,572 [RatisPipelineUtilsThread] WARN  pipeline.RatisPipelineUtils (RatisPipelineUtils.java:destroyPipeline(66)) - Pipeline destroy failed for pipeline=PipelineID=1b05caeb-6612-4f13-8732-b428a23d2245 dn=fbfdc5e7-35fe-4dec-93a8-24c91dabe6d4{ip: 192.168.36.125, host: trunk-nightly-20190911-vpfxm-1000144475, networkLocation: /default-rack, certSerialId: null}
2019-09-11 06:34:36,576 [grpc-default-executor-7] INFO  impl.RaftServerProxy (RaftServerProxy.java:remove(95)) - 16d0fe26-9857-4477-8b2c-205100b6d095: remove group-B428A23D2245:null
2019-09-11 06:34:36,578 [RatisPipelineUtilsThread] WARN  pipeline.RatisPipelineUtils (RatisPipelineUtils.java:destroyPipeline(66)) - Pipeline destroy failed for pipeline=PipelineID=1b05caeb-6612-4f13-8732-b428a23d2245 dn=16d0fe26-9857-4477-8b2c-205100b6d095{ip: 192.168.36.125, host: trunk-nightly-20190911-vpfxm-1000144475, networkLocation: /default-rack, certSerialId: null}
2019-09-11 06:34:36,578 [RatisPipelineUtilsThread] ERROR pipeline.SCMPipelineManager (Scheduler.java:lambda$schedule$1(70)) - Destroy pipeline failed for pipeline:Pipeline[ Id: 1b05caeb-6612-4f13-8732-b428a23d2245, Nodes: b3ae6e77-09f2-43a9-bb74-0baf269e9625{ip: 192.168.36.125, host: trunk-nightly-20190911-vpfxm-1000144475, networkLocation: /default-rack, certSerialId: null}fbfdc5e7-35fe-4dec-93a8-24c91dabe6d4{ip: 192.168.36.125, host: trunk-nightly-20190911-vpfxm-1000144475, networkLocation: /default-rack, certSerialId: null}16d0fe26-9857-4477-8b2c-205100b6d095{ip: 192.168.36.125, host: trunk-nightly-20190911-vpfxm-1000144475, networkLocation: /default-rack, certSerialId: null}, Type:RATIS, Factor:THREE, State:CLOSED]
org.apache.hadoop.hdds.scm.pipeline.PipelineNotFoundException: PipelineID=1b05caeb-6612-4f13-8732-b428a23d2245 not found
	at org.apache.hadoop.hdds.scm.pipeline.PipelineStateMap.getPipeline(PipelineStateMap.java:132)
	at org.apache.hadoop.hdds.scm.pipeline.PipelineStateMap.removePipeline(PipelineStateMap.java:322)
	at org.apache.hadoop.hdds.scm.pipeline.PipelineStateManager.removePipeline(PipelineStateManager.java:107)
	at org.apache.hadoop.hdds.scm.pipeline.SCMPipelineManager.removePipeline(SCMPipelineManager.java:423)
	at org.apache.hadoop.hdds.scm.pipeline.SCMPipelineManager.destroyPipeline(SCMPipelineManager.java:409)
	at org.apache.hadoop.hdds.scm.pipeline.SCMPipelineManager.lambda$finalizeAndDestroyPipeline$0(SCMPipelineManager.java:318)
	at org.apache.hadoop.utils.Scheduler.lambda$schedule$1(Scheduler.java:68)
	at java.util.concurrent.Executors$RunnableAdapter.call(Executors.java:511)
	at java.util.concurrent.FutureTask.run(FutureTask.java:266)
	at java.util.concurrent.ScheduledThreadPoolExecutor$ScheduledFutureTask.access$201(ScheduledThreadPoolExecutor.java:180)
	at java.util.concurrent.ScheduledThreadPoolExecutor$ScheduledFutureTask.run(ScheduledThreadPoolExecutor.java:293)
	at java.util.concurrent.ThreadPoolExecutor.runWorker(ThreadPoolExecutor.java:1149)
	at java.util.concurrent.ThreadPoolExecutor$Worker.run(ThreadPoolExecutor.java:624)
	at java.lang.Thread.run(Thread.java:748)
2019-09-11 06:34:36,764 [java.util.concurrent.ThreadPoolExecutor$Worker@1e7423d2[State = -1, empty queue]] WARN  server.GrpcLogAppender (GrpcLogAppender.java:timeoutAppendRequest(200)) - 5fbe7820-a9fa-43af-b8cb-ea2e92af72fb@group-36DB4E6319DB->0972d9e0-1686-4378-a4cd-e26758266cbe-GrpcLogAppender: appendEntries Timeout, request=5fbe7820-a9fa-43af-b8cb-ea2e92af72fb->0972d9e0-1686-4378-a4cd-e26758266cbe#176-t1, previous=(t:1, i:20), leaderCommit=14, initializing? false, entries: <empty>
2019-09-11 06:34:36,764 [java.util.concurrent.ThreadPoolExecutor$Worker@28d9cb8f[State = -1, empty queue]] WARN  server.GrpcLogAppender (GrpcLogAppender.java:timeoutAppendRequest(200)) - 5fbe7820-a9fa-43af-b8cb-ea2e92af72fb@group-36DB4E6319DB->adfcb6a4-90df-42a6-b615-f553bb5ddfe0-GrpcLogAppender: appendEntries Timeout, request=5fbe7820-a9fa-43af-b8cb-ea2e92af72fb->adfcb6a4-90df-42a6-b615-f553bb5ddfe0#176-t1, previous=(t:1, i:20), leaderCommit=14, initializing? false, entries: <empty>
2019-09-11 06:34:38,580 [grpc-default-executor-7] INFO  impl.RaftServerProxy (RaftServerProxy.java:remove(95)) - b3ae6e77-09f2-43a9-bb74-0baf269e9625: remove group-B428A23D2245:null
2019-09-11 06:34:38,582 [RatisPipelineUtilsThread] WARN  pipeline.RatisPipelineUtils (RatisPipelineUtils.java:destroyPipeline(66)) - Pipeline destroy failed for pipeline=PipelineID=1b05caeb-6612-4f13-8732-b428a23d2245 dn=b3ae6e77-09f2-43a9-bb74-0baf269e9625{ip: 192.168.36.125, host: trunk-nightly-20190911-vpfxm-1000144475, networkLocation: /default-rack, certSerialId: null}
2019-09-11 06:34:38,584 [grpc-default-executor-7] INFO  impl.RaftServerProxy (RaftServerProxy.java:remove(95)) - fbfdc5e7-35fe-4dec-93a8-24c91dabe6d4: remove group-B428A23D2245:null
2019-09-11 06:34:38,586 [RatisPipelineUtilsThread] WARN  pipeline.RatisPipelineUtils (RatisPipelineUtils.java:destroyPipeline(66)) - Pipeline destroy failed for pipeline=PipelineID=1b05caeb-6612-4f13-8732-b428a23d2245 dn=fbfdc5e7-35fe-4dec-93a8-24c91dabe6d4{ip: 192.168.36.125, host: trunk-nightly-20190911-vpfxm-1000144475, networkLocation: /default-rack, certSerialId: null}
2019-09-11 06:34:38,588 [grpc-default-executor-7] INFO  impl.RaftServerProxy (RaftServerProxy.java:remove(95)) - 16d0fe26-9857-4477-8b2c-205100b6d095: remove group-B428A23D2245:null
2019-09-11 06:34:38,589 [RatisPipelineUtilsThread] WARN  pipeline.RatisPipelineUtils (RatisPipelineUtils.java:destroyPipeline(66)) - Pipeline destroy failed for pipeline=PipelineID=1b05caeb-6612-4f13-8732-b428a23d2245 dn=16d0fe26-9857-4477-8b2c-205100b6d095{ip: 192.168.36.125, host: trunk-nightly-20190911-vpfxm-1000144475, networkLocation: /default-rack, certSerialId: null}
2019-09-11 06:34:38,590 [RatisPipelineUtilsThread] ERROR pipeline.SCMPipelineManager (Scheduler.java:lambda$schedule$1(70)) - Destroy pipeline failed for pipeline:Pipeline[ Id: 1b05caeb-6612-4f13-8732-b428a23d2245, Nodes: b3ae6e77-09f2-43a9-bb74-0baf269e9625{ip: 192.168.36.125, host: trunk-nightly-20190911-vpfxm-1000144475, networkLocation: /default-rack, certSerialId: null}fbfdc5e7-35fe-4dec-93a8-24c91dabe6d4{ip: 192.168.36.125, host: trunk-nightly-20190911-vpfxm-1000144475, networkLocation: /default-rack, certSerialId: null}16d0fe26-9857-4477-8b2c-205100b6d095{ip: 192.168.36.125, host: trunk-nightly-20190911-vpfxm-1000144475, networkLocation: /default-rack, certSerialId: null}, Type:RATIS, Factor:THREE, State:CLOSED]
org.apache.hadoop.hdds.scm.pipeline.PipelineNotFoundException: PipelineID=1b05caeb-6612-4f13-8732-b428a23d2245 not found
	at org.apache.hadoop.hdds.scm.pipeline.PipelineStateMap.getPipeline(PipelineStateMap.java:132)
	at org.apache.hadoop.hdds.scm.pipeline.PipelineStateMap.removePipeline(PipelineStateMap.java:322)
	at org.apache.hadoop.hdds.scm.pipeline.PipelineStateManager.removePipeline(PipelineStateManager.java:107)
	at org.apache.hadoop.hdds.scm.pipeline.SCMPipelineManager.removePipeline(SCMPipelineManager.java:423)
	at org.apache.hadoop.hdds.scm.pipeline.SCMPipelineManager.destroyPipeline(SCMPipelineManager.java:409)
	at org.apache.hadoop.hdds.scm.pipeline.SCMPipelineManager.lambda$finalizeAndDestroyPipeline$0(SCMPipelineManager.java:318)
	at org.apache.hadoop.utils.Scheduler.lambda$schedule$1(Scheduler.java:68)
	at java.util.concurrent.Executors$RunnableAdapter.call(Executors.java:511)
	at java.util.concurrent.FutureTask.run(FutureTask.java:266)
	at java.util.concurrent.ScheduledThreadPoolExecutor$ScheduledFutureTask.access$201(ScheduledThreadPoolExecutor.java:180)
	at java.util.concurrent.ScheduledThreadPoolExecutor$ScheduledFutureTask.run(ScheduledThreadPoolExecutor.java:293)
	at java.util.concurrent.ThreadPoolExecutor.runWorker(ThreadPoolExecutor.java:1149)
	at java.util.concurrent.ThreadPoolExecutor$Worker.run(ThreadPoolExecutor.java:624)
	at java.lang.Thread.run(Thread.java:748)
2019-09-11 06:34:38,844 [grpc-default-executor-7] INFO  client.GrpcClientProtocolClient (GrpcClientProtocolClient.java:onNext(264)) - client-202F7A5D2390->adfcb6a4-90df-42a6-b615-f553bb5ddfe0: receive RaftClientReply:client-202F7A5D2390->adfcb6a4-90df-42a6-b615-f553bb5ddfe0@group-36DB4E6319DB, cid=143, FAILED org.apache.ratis.protocol.NotLeaderException: Server adfcb6a4-90df-42a6-b615-f553bb5ddfe0@group-36DB4E6319DB is not the leader 5fbe7820-a9fa-43af-b8cb-ea2e92af72fb:192.168.36.125:41382, logIndex=0, commits[adfcb6a4-90df-42a6-b615-f553bb5ddfe0:c14, 5fbe7820-a9fa-43af-b8cb-ea2e92af72fb:c14, 0972d9e0-1686-4378-a4cd-e26758266cbe:c13]
2019-09-11 06:34:39,264 [java.util.concurrent.ThreadPoolExecutor$Worker@28d9cb8f[State = -1, empty queue]] WARN  server.GrpcLogAppender (GrpcLogAppender.java:timeoutAppendRequest(200)) - 5fbe7820-a9fa-43af-b8cb-ea2e92af72fb@group-36DB4E6319DB->adfcb6a4-90df-42a6-b615-f553bb5ddfe0-GrpcLogAppender: appendEntries Timeout, request=5fbe7820-a9fa-43af-b8cb-ea2e92af72fb->adfcb6a4-90df-42a6-b615-f553bb5ddfe0#177-t1, previous=(t:1, i:20), leaderCommit=14, initializing? false, entries: <empty>
2019-09-11 06:34:39,264 [java.util.concurrent.ThreadPoolExecutor$Worker@1e7423d2[State = -1, empty queue]] WARN  server.GrpcLogAppender (GrpcLogAppender.java:timeoutAppendRequest(200)) - 5fbe7820-a9fa-43af-b8cb-ea2e92af72fb@group-36DB4E6319DB->0972d9e0-1686-4378-a4cd-e26758266cbe-GrpcLogAppender: appendEntries Timeout, request=5fbe7820-a9fa-43af-b8cb-ea2e92af72fb->0972d9e0-1686-4378-a4cd-e26758266cbe#177-t1, previous=(t:1, i:20), leaderCommit=14, initializing? false, entries: <empty>
2019-09-11 06:34:41,570 [grpc-default-executor-7] INFO  impl.RaftServerProxy (RaftServerProxy.java:remove(95)) - b3ae6e77-09f2-43a9-bb74-0baf269e9625: remove group-B428A23D2245:null
2019-09-11 06:34:41,573 [RatisPipelineUtilsThread] WARN  pipeline.RatisPipelineUtils (RatisPipelineUtils.java:destroyPipeline(66)) - Pipeline destroy failed for pipeline=PipelineID=1b05caeb-6612-4f13-8732-b428a23d2245 dn=b3ae6e77-09f2-43a9-bb74-0baf269e9625{ip: 192.168.36.125, host: trunk-nightly-20190911-vpfxm-1000144475, networkLocation: /default-rack, certSerialId: null}
2019-09-11 06:34:41,576 [grpc-default-executor-7] INFO  impl.RaftServerProxy (RaftServerProxy.java:remove(95)) - fbfdc5e7-35fe-4dec-93a8-24c91dabe6d4: remove group-B428A23D2245:null
2019-09-11 06:34:41,578 [RatisPipelineUtilsThread] WARN  pipeline.RatisPipelineUtils (RatisPipelineUtils.java:destroyPipeline(66)) - Pipeline destroy failed for pipeline=PipelineID=1b05caeb-6612-4f13-8732-b428a23d2245 dn=fbfdc5e7-35fe-4dec-93a8-24c91dabe6d4{ip: 192.168.36.125, host: trunk-nightly-20190911-vpfxm-1000144475, networkLocation: /default-rack, certSerialId: null}
2019-09-11 06:34:41,581 [grpc-default-executor-7] INFO  impl.RaftServerProxy (RaftServerProxy.java:remove(95)) - 16d0fe26-9857-4477-8b2c-205100b6d095: remove group-B428A23D2245:null
2019-09-11 06:34:41,582 [RatisPipelineUtilsThread] WARN  pipeline.RatisPipelineUtils (RatisPipelineUtils.java:destroyPipeline(66)) - Pipeline destroy failed for pipeline=PipelineID=1b05caeb-6612-4f13-8732-b428a23d2245 dn=16d0fe26-9857-4477-8b2c-205100b6d095{ip: 192.168.36.125, host: trunk-nightly-20190911-vpfxm-1000144475, networkLocation: /default-rack, certSerialId: null}
2019-09-11 06:34:41,583 [RatisPipelineUtilsThread] ERROR pipeline.SCMPipelineManager (Scheduler.java:lambda$schedule$1(70)) - Destroy pipeline failed for pipeline:Pipeline[ Id: 1b05caeb-6612-4f13-8732-b428a23d2245, Nodes: b3ae6e77-09f2-43a9-bb74-0baf269e9625{ip: 192.168.36.125, host: trunk-nightly-20190911-vpfxm-1000144475, networkLocation: /default-rack, certSerialId: null}fbfdc5e7-35fe-4dec-93a8-24c91dabe6d4{ip: 192.168.36.125, host: trunk-nightly-20190911-vpfxm-1000144475, networkLocation: /default-rack, certSerialId: null}16d0fe26-9857-4477-8b2c-205100b6d095{ip: 192.168.36.125, host: trunk-nightly-20190911-vpfxm-1000144475, networkLocation: /default-rack, certSerialId: null}, Type:RATIS, Factor:THREE, State:CLOSED]
org.apache.hadoop.hdds.scm.pipeline.PipelineNotFoundException: PipelineID=1b05caeb-6612-4f13-8732-b428a23d2245 not found
	at org.apache.hadoop.hdds.scm.pipeline.PipelineStateMap.getPipeline(PipelineStateMap.java:132)
	at org.apache.hadoop.hdds.scm.pipeline.PipelineStateMap.removePipeline(PipelineStateMap.java:322)
	at org.apache.hadoop.hdds.scm.pipeline.PipelineStateManager.removePipeline(PipelineStateManager.java:107)
	at org.apache.hadoop.hdds.scm.pipeline.SCMPipelineManager.removePipeline(SCMPipelineManager.java:423)
	at org.apache.hadoop.hdds.scm.pipeline.SCMPipelineManager.destroyPipeline(SCMPipelineManager.java:409)
	at org.apache.hadoop.hdds.scm.pipeline.SCMPipelineManager.lambda$finalizeAndDestroyPipeline$0(SCMPipelineManager.java:318)
	at org.apache.hadoop.utils.Scheduler.lambda$schedule$1(Scheduler.java:68)
	at java.util.concurrent.Executors$RunnableAdapter.call(Executors.java:511)
	at java.util.concurrent.FutureTask.run(FutureTask.java:266)
	at java.util.concurrent.ScheduledThreadPoolExecutor$ScheduledFutureTask.access$201(ScheduledThreadPoolExecutor.java:180)
	at java.util.concurrent.ScheduledThreadPoolExecutor$ScheduledFutureTask.run(ScheduledThreadPoolExecutor.java:293)
	at java.util.concurrent.ThreadPoolExecutor.runWorker(ThreadPoolExecutor.java:1149)
	at java.util.concurrent.ThreadPoolExecutor$Worker.run(ThreadPoolExecutor.java:624)
	at java.lang.Thread.run(Thread.java:748)
2019-09-11 06:34:41,764 [java.util.concurrent.ThreadPoolExecutor$Worker@1e7423d2[State = -1, empty queue]] WARN  server.GrpcLogAppender (GrpcLogAppender.java:timeoutAppendRequest(200)) - 5fbe7820-a9fa-43af-b8cb-ea2e92af72fb@group-36DB4E6319DB->0972d9e0-1686-4378-a4cd-e26758266cbe-GrpcLogAppender: appendEntries Timeout, request=5fbe7820-a9fa-43af-b8cb-ea2e92af72fb->0972d9e0-1686-4378-a4cd-e26758266cbe#178-t1, previous=(t:1, i:20), leaderCommit=14, initializing? false, entries: <empty>
2019-09-11 06:34:41,764 [java.util.concurrent.ThreadPoolExecutor$Worker@28d9cb8f[State = -1, empty queue]] WARN  server.GrpcLogAppender (GrpcLogAppender.java:timeoutAppendRequest(200)) - 5fbe7820-a9fa-43af-b8cb-ea2e92af72fb@group-36DB4E6319DB->adfcb6a4-90df-42a6-b615-f553bb5ddfe0-GrpcLogAppender: appendEntries Timeout, request=5fbe7820-a9fa-43af-b8cb-ea2e92af72fb->adfcb6a4-90df-42a6-b615-f553bb5ddfe0#178-t1, previous=(t:1, i:20), leaderCommit=14, initializing? false, entries: <empty>
2019-09-11 06:34:43,565 [grpc-default-executor-7] INFO  impl.RaftServerProxy (RaftServerProxy.java:remove(95)) - b3ae6e77-09f2-43a9-bb74-0baf269e9625: remove group-B428A23D2245:null
2019-09-11 06:34:43,568 [RatisPipelineUtilsThread] WARN  pipeline.RatisPipelineUtils (RatisPipelineUtils.java:destroyPipeline(66)) - Pipeline destroy failed for pipeline=PipelineID=1b05caeb-6612-4f13-8732-b428a23d2245 dn=b3ae6e77-09f2-43a9-bb74-0baf269e9625{ip: 192.168.36.125, host: trunk-nightly-20190911-vpfxm-1000144475, networkLocation: /default-rack, certSerialId: null}
2019-09-11 06:34:43,571 [grpc-default-executor-7] INFO  impl.RaftServerProxy (RaftServerProxy.java:remove(95)) - fbfdc5e7-35fe-4dec-93a8-24c91dabe6d4: remove group-B428A23D2245:null
2019-09-11 06:34:43,572 [RatisPipelineUtilsThread] WARN  pipeline.RatisPipelineUtils (RatisPipelineUtils.java:destroyPipeline(66)) - Pipeline destroy failed for pipeline=PipelineID=1b05caeb-6612-4f13-8732-b428a23d2245 dn=fbfdc5e7-35fe-4dec-93a8-24c91dabe6d4{ip: 192.168.36.125, host: trunk-nightly-20190911-vpfxm-1000144475, networkLocation: /default-rack, certSerialId: null}
2019-09-11 06:34:43,574 [grpc-default-executor-7] INFO  impl.RaftServerProxy (RaftServerProxy.java:remove(95)) - 16d0fe26-9857-4477-8b2c-205100b6d095: remove group-B428A23D2245:null
2019-09-11 06:34:43,576 [RatisPipelineUtilsThread] WARN  pipeline.RatisPipelineUtils (RatisPipelineUtils.java:destroyPipeline(66)) - Pipeline destroy failed for pipeline=PipelineID=1b05caeb-6612-4f13-8732-b428a23d2245 dn=16d0fe26-9857-4477-8b2c-205100b6d095{ip: 192.168.36.125, host: trunk-nightly-20190911-vpfxm-1000144475, networkLocation: /default-rack, certSerialId: null}
2019-09-11 06:34:43,577 [RatisPipelineUtilsThread] ERROR pipeline.SCMPipelineManager (Scheduler.java:lambda$schedule$1(70)) - Destroy pipeline failed for pipeline:Pipeline[ Id: 1b05caeb-6612-4f13-8732-b428a23d2245, Nodes: b3ae6e77-09f2-43a9-bb74-0baf269e9625{ip: 192.168.36.125, host: trunk-nightly-20190911-vpfxm-1000144475, networkLocation: /default-rack, certSerialId: null}fbfdc5e7-35fe-4dec-93a8-24c91dabe6d4{ip: 192.168.36.125, host: trunk-nightly-20190911-vpfxm-1000144475, networkLocation: /default-rack, certSerialId: null}16d0fe26-9857-4477-8b2c-205100b6d095{ip: 192.168.36.125, host: trunk-nightly-20190911-vpfxm-1000144475, networkLocation: /default-rack, certSerialId: null}, Type:RATIS, Factor:THREE, State:CLOSED]
org.apache.hadoop.hdds.scm.pipeline.PipelineNotFoundException: PipelineID=1b05caeb-6612-4f13-8732-b428a23d2245 not found
	at org.apache.hadoop.hdds.scm.pipeline.PipelineStateMap.getPipeline(PipelineStateMap.java:132)
	at org.apache.hadoop.hdds.scm.pipeline.PipelineStateMap.removePipeline(PipelineStateMap.java:322)
	at org.apache.hadoop.hdds.scm.pipeline.PipelineStateManager.removePipeline(PipelineStateManager.java:107)
	at org.apache.hadoop.hdds.scm.pipeline.SCMPipelineManager.removePipeline(SCMPipelineManager.java:423)
	at org.apache.hadoop.hdds.scm.pipeline.SCMPipelineManager.destroyPipeline(SCMPipelineManager.java:409)
	at org.apache.hadoop.hdds.scm.pipeline.SCMPipelineManager.lambda$finalizeAndDestroyPipeline$0(SCMPipelineManager.java:318)
	at org.apache.hadoop.utils.Scheduler.lambda$schedule$1(Scheduler.java:68)
	at java.util.concurrent.Executors$RunnableAdapter.call(Executors.java:511)
	at java.util.concurrent.FutureTask.run(FutureTask.java:266)
	at java.util.concurrent.ScheduledThreadPoolExecutor$ScheduledFutureTask.access$201(ScheduledThreadPoolExecutor.java:180)
	at java.util.concurrent.ScheduledThreadPoolExecutor$ScheduledFutureTask.run(ScheduledThreadPoolExecutor.java:293)
	at java.util.concurrent.ThreadPoolExecutor.runWorker(ThreadPoolExecutor.java:1149)
	at java.util.concurrent.ThreadPoolExecutor$Worker.run(ThreadPoolExecutor.java:624)
	at java.lang.Thread.run(Thread.java:748)
2019-09-11 06:34:43,758 [5fbe7820-a9fa-43af-b8cb-ea2e92af72fb@group-36DB4E6319DB-SegmentedRaftLogWorker] WARN  segmented.SegmentedRaftLogWorker (SegmentedRaftLogWorker.java:getFromFuture(90)) - Timeout 1/~
org.apache.ratis.protocol.TimeoutIOException: Timeout 10s: WriteLog:15: (t:1, i:15), STATEMACHINELOGENTRY, client-202F7A5D2390, cid=143-writeStateMachineData
	at org.apache.ratis.util.IOUtils.getFromFuture(IOUtils.java:87)
	at org.apache.ratis.server.raftlog.segmented.SegmentedRaftLogWorker$StateMachineDataPolicy.getFromFuture(SegmentedRaftLogWorker.java:87)
	at org.apache.ratis.server.raftlog.segmented.SegmentedRaftLogWorker$WriteLog.execute(SegmentedRaftLogWorker.java:477)
	at org.apache.ratis.server.raftlog.segmented.SegmentedRaftLogWorker.run(SegmentedRaftLogWorker.java:289)
	at java.lang.Thread.run(Thread.java:748)
Caused by: java.util.concurrent.TimeoutException
	at java.util.concurrent.CompletableFuture.timedGet(CompletableFuture.java:1771)
	at java.util.concurrent.CompletableFuture.get(CompletableFuture.java:1915)
	at org.apache.ratis.util.IOUtils.getFromFuture(IOUtils.java:79)
	... 4 more
2019-09-11 06:34:43,759 [0972d9e0-1686-4378-a4cd-e26758266cbe@group-36DB4E6319DB-SegmentedRaftLogWorker] WARN  segmented.SegmentedRaftLogWorker (SegmentedRaftLogWorker.java:getFromFuture(90)) - Timeout 1/~
org.apache.ratis.protocol.TimeoutIOException: Timeout 10s: WriteLog:15: (t:1, i:15), STATEMACHINELOGENTRY, client-202F7A5D2390, cid=143-writeStateMachineData
	at org.apache.ratis.util.IOUtils.getFromFuture(IOUtils.java:87)
	at org.apache.ratis.server.raftlog.segmented.SegmentedRaftLogWorker$StateMachineDataPolicy.getFromFuture(SegmentedRaftLogWorker.java:87)
	at org.apache.ratis.server.raftlog.segmented.SegmentedRaftLogWorker$WriteLog.execute(SegmentedRaftLogWorker.java:477)
	at org.apache.ratis.server.raftlog.segmented.SegmentedRaftLogWorker.run(SegmentedRaftLogWorker.java:289)
	at java.lang.Thread.run(Thread.java:748)
Caused by: java.util.concurrent.TimeoutException
	at java.util.concurrent.CompletableFuture.timedGet(CompletableFuture.java:1771)
	at java.util.concurrent.CompletableFuture.get(CompletableFuture.java:1915)
	at org.apache.ratis.util.IOUtils.getFromFuture(IOUtils.java:79)
	... 4 more
2019-09-11 06:34:43,832 [adfcb6a4-90df-42a6-b615-f553bb5ddfe0@group-36DB4E6319DB-SegmentedRaftLogWorker] WARN  segmented.SegmentedRaftLogWorker (SegmentedRaftLogWorker.java:getFromFuture(90)) - Timeout 1/~
org.apache.ratis.protocol.TimeoutIOException: Timeout 10s: WriteLog:16: (t:1, i:16), STATEMACHINELOGENTRY, client-202F7A5D2390, cid=144-writeStateMachineData
	at org.apache.ratis.util.IOUtils.getFromFuture(IOUtils.java:87)
	at org.apache.ratis.server.raftlog.segmented.SegmentedRaftLogWorker$StateMachineDataPolicy.getFromFuture(SegmentedRaftLogWorker.java:87)
	at org.apache.ratis.server.raftlog.segmented.SegmentedRaftLogWorker$WriteLog.execute(SegmentedRaftLogWorker.java:477)
	at org.apache.ratis.server.raftlog.segmented.SegmentedRaftLogWorker.run(SegmentedRaftLogWorker.java:289)
	at java.lang.Thread.run(Thread.java:748)
Caused by: java.util.concurrent.TimeoutException
	at java.util.concurrent.CompletableFuture.timedGet(CompletableFuture.java:1771)
	at java.util.concurrent.CompletableFuture.get(CompletableFuture.java:1915)
	at org.apache.ratis.util.IOUtils.getFromFuture(IOUtils.java:79)
	... 4 more
2019-09-11 06:34:43,890 [grpc-default-executor-5] INFO  client.GrpcClientProtocolClient (GrpcClientProtocolClient.java:onNext(264)) - client-202F7A5D2390->adfcb6a4-90df-42a6-b615-f553bb5ddfe0: receive RaftClientReply:client-202F7A5D2390->adfcb6a4-90df-42a6-b615-f553bb5ddfe0@group-36DB4E6319DB, cid=143, FAILED org.apache.ratis.protocol.NotLeaderException: Server adfcb6a4-90df-42a6-b615-f553bb5ddfe0@group-36DB4E6319DB is not the leader 5fbe7820-a9fa-43af-b8cb-ea2e92af72fb:192.168.36.125:41382, logIndex=0, commits[adfcb6a4-90df-42a6-b615-f553bb5ddfe0:c14, 5fbe7820-a9fa-43af-b8cb-ea2e92af72fb:c14, 0972d9e0-1686-4378-a4cd-e26758266cbe:c13]
2019-09-11 06:34:44,265 [java.util.concurrent.ThreadPoolExecutor$Worker@28d9cb8f[State = -1, empty queue]] WARN  server.GrpcLogAppender (GrpcLogAppender.java:timeoutAppendRequest(200)) - 5fbe7820-a9fa-43af-b8cb-ea2e92af72fb@group-36DB4E6319DB->adfcb6a4-90df-42a6-b615-f553bb5ddfe0-GrpcLogAppender: appendEntries Timeout, request=5fbe7820-a9fa-43af-b8cb-ea2e92af72fb->adfcb6a4-90df-42a6-b615-f553bb5ddfe0#179-t1, previous=(t:1, i:20), leaderCommit=14, initializing? false, entries: <empty>
2019-09-11 06:34:44,265 [java.util.concurrent.ThreadPoolExecutor$Worker@1e7423d2[State = -1, empty queue]] WARN  server.GrpcLogAppender (GrpcLogAppender.java:timeoutAppendRequest(200)) - 5fbe7820-a9fa-43af-b8cb-ea2e92af72fb@group-36DB4E6319DB->0972d9e0-1686-4378-a4cd-e26758266cbe-GrpcLogAppender: appendEntries Timeout, request=5fbe7820-a9fa-43af-b8cb-ea2e92af72fb->0972d9e0-1686-4378-a4cd-e26758266cbe#179-t1, previous=(t:1, i:20), leaderCommit=14, initializing? false, entries: <empty>
2019-09-11 06:34:46,569 [grpc-default-executor-5] INFO  impl.RaftServerProxy (RaftServerProxy.java:remove(95)) - b3ae6e77-09f2-43a9-bb74-0baf269e9625: remove group-B428A23D2245:null
2019-09-11 06:34:46,573 [RatisPipelineUtilsThread] WARN  pipeline.RatisPipelineUtils (RatisPipelineUtils.java:destroyPipeline(66)) - Pipeline destroy failed for pipeline=PipelineID=1b05caeb-6612-4f13-8732-b428a23d2245 dn=b3ae6e77-09f2-43a9-bb74-0baf269e9625{ip: 192.168.36.125, host: trunk-nightly-20190911-vpfxm-1000144475, networkLocation: /default-rack, certSerialId: null}
2019-09-11 06:34:46,575 [grpc-default-executor-5] INFO  impl.RaftServerProxy (RaftServerProxy.java:remove(95)) - fbfdc5e7-35fe-4dec-93a8-24c91dabe6d4: remove group-B428A23D2245:null
2019-09-11 06:34:46,577 [RatisPipelineUtilsThread] WARN  pipeline.RatisPipelineUtils (RatisPipelineUtils.java:destroyPipeline(66)) - Pipeline destroy failed for pipeline=PipelineID=1b05caeb-6612-4f13-8732-b428a23d2245 dn=fbfdc5e7-35fe-4dec-93a8-24c91dabe6d4{ip: 192.168.36.125, host: trunk-nightly-20190911-vpfxm-1000144475, networkLocation: /default-rack, certSerialId: null}
2019-09-11 06:34:46,579 [grpc-default-executor-5] INFO  impl.RaftServerProxy (RaftServerProxy.java:remove(95)) - 16d0fe26-9857-4477-8b2c-205100b6d095: remove group-B428A23D2245:null
2019-09-11 06:34:46,581 [RatisPipelineUtilsThread] WARN  pipeline.RatisPipelineUtils (RatisPipelineUtils.java:destroyPipeline(66)) - Pipeline destroy failed for pipeline=PipelineID=1b05caeb-6612-4f13-8732-b428a23d2245 dn=16d0fe26-9857-4477-8b2c-205100b6d095{ip: 192.168.36.125, host: trunk-nightly-20190911-vpfxm-1000144475, networkLocation: /default-rack, certSerialId: null}
2019-09-11 06:34:46,582 [RatisPipelineUtilsThread] ERROR pipeline.SCMPipelineManager (Scheduler.java:lambda$schedule$1(70)) - Destroy pipeline failed for pipeline:Pipeline[ Id: 1b05caeb-6612-4f13-8732-b428a23d2245, Nodes: b3ae6e77-09f2-43a9-bb74-0baf269e9625{ip: 192.168.36.125, host: trunk-nightly-20190911-vpfxm-1000144475, networkLocation: /default-rack, certSerialId: null}fbfdc5e7-35fe-4dec-93a8-24c91dabe6d4{ip: 192.168.36.125, host: trunk-nightly-20190911-vpfxm-1000144475, networkLocation: /default-rack, certSerialId: null}16d0fe26-9857-4477-8b2c-205100b6d095{ip: 192.168.36.125, host: trunk-nightly-20190911-vpfxm-1000144475, networkLocation: /default-rack, certSerialId: null}, Type:RATIS, Factor:THREE, State:CLOSED]
org.apache.hadoop.hdds.scm.pipeline.PipelineNotFoundException: PipelineID=1b05caeb-6612-4f13-8732-b428a23d2245 not found
	at org.apache.hadoop.hdds.scm.pipeline.PipelineStateMap.getPipeline(PipelineStateMap.java:132)
	at org.apache.hadoop.hdds.scm.pipeline.PipelineStateMap.removePipeline(PipelineStateMap.java:322)
	at org.apache.hadoop.hdds.scm.pipeline.PipelineStateManager.removePipeline(PipelineStateManager.java:107)
	at org.apache.hadoop.hdds.scm.pipeline.SCMPipelineManager.removePipeline(SCMPipelineManager.java:423)
	at org.apache.hadoop.hdds.scm.pipeline.SCMPipelineManager.destroyPipeline(SCMPipelineManager.java:409)
	at org.apache.hadoop.hdds.scm.pipeline.SCMPipelineManager.lambda$finalizeAndDestroyPipeline$0(SCMPipelineManager.java:318)
	at org.apache.hadoop.utils.Scheduler.lambda$schedule$1(Scheduler.java:68)
	at java.util.concurrent.Executors$RunnableAdapter.call(Executors.java:511)
	at java.util.concurrent.FutureTask.run(FutureTask.java:266)
	at java.util.concurrent.ScheduledThreadPoolExecutor$ScheduledFutureTask.access$201(ScheduledThreadPoolExecutor.java:180)
	at java.util.concurrent.ScheduledThreadPoolExecutor$ScheduledFutureTask.run(ScheduledThreadPoolExecutor.java:293)
	at java.util.concurrent.ThreadPoolExecutor.runWorker(ThreadPoolExecutor.java:1149)
	at java.util.concurrent.ThreadPoolExecutor$Worker.run(ThreadPoolExecutor.java:624)
	at java.lang.Thread.run(Thread.java:748)
2019-09-11 06:34:46,765 [java.util.concurrent.ThreadPoolExecutor$Worker@1e7423d2[State = -1, empty queue]] WARN  server.GrpcLogAppender (GrpcLogAppender.java:timeoutAppendRequest(200)) - 5fbe7820-a9fa-43af-b8cb-ea2e92af72fb@group-36DB4E6319DB->0972d9e0-1686-4378-a4cd-e26758266cbe-GrpcLogAppender: appendEntries Timeout, request=5fbe7820-a9fa-43af-b8cb-ea2e92af72fb->0972d9e0-1686-4378-a4cd-e26758266cbe#180-t1, previous=(t:1, i:20), leaderCommit=14, initializing? false, entries: <empty>
2019-09-11 06:34:46,766 [java.util.concurrent.ThreadPoolExecutor$Worker@28d9cb8f[State = -1, empty queue]] WARN  server.GrpcLogAppender (GrpcLogAppender.java:timeoutAppendRequest(200)) - 5fbe7820-a9fa-43af-b8cb-ea2e92af72fb@group-36DB4E6319DB->adfcb6a4-90df-42a6-b615-f553bb5ddfe0-GrpcLogAppender: appendEntries Timeout, request=5fbe7820-a9fa-43af-b8cb-ea2e92af72fb->adfcb6a4-90df-42a6-b615-f553bb5ddfe0#180-t1, previous=(t:1, i:20), leaderCommit=14, initializing? false, entries: <empty>
2019-09-11 06:34:48,563 [grpc-default-executor-5] INFO  impl.RaftServerProxy (RaftServerProxy.java:remove(95)) - b3ae6e77-09f2-43a9-bb74-0baf269e9625: remove group-B428A23D2245:null
2019-09-11 06:34:48,566 [RatisPipelineUtilsThread] WARN  pipeline.RatisPipelineUtils (RatisPipelineUtils.java:destroyPipeline(66)) - Pipeline destroy failed for pipeline=PipelineID=1b05caeb-6612-4f13-8732-b428a23d2245 dn=b3ae6e77-09f2-43a9-bb74-0baf269e9625{ip: 192.168.36.125, host: trunk-nightly-20190911-vpfxm-1000144475, networkLocation: /default-rack, certSerialId: null}
2019-09-11 06:34:48,568 [grpc-default-executor-5] INFO  impl.RaftServerProxy (RaftServerProxy.java:remove(95)) - fbfdc5e7-35fe-4dec-93a8-24c91dabe6d4: remove group-B428A23D2245:null
2019-09-11 06:34:48,570 [RatisPipelineUtilsThread] WARN  pipeline.RatisPipelineUtils (RatisPipelineUtils.java:destroyPipeline(66)) - Pipeline destroy failed for pipeline=PipelineID=1b05caeb-6612-4f13-8732-b428a23d2245 dn=fbfdc5e7-35fe-4dec-93a8-24c91dabe6d4{ip: 192.168.36.125, host: trunk-nightly-20190911-vpfxm-1000144475, networkLocation: /default-rack, certSerialId: null}
2019-09-11 06:34:48,573 [grpc-default-executor-5] INFO  impl.RaftServerProxy (RaftServerProxy.java:remove(95)) - 16d0fe26-9857-4477-8b2c-205100b6d095: remove group-B428A23D2245:null
2019-09-11 06:34:48,574 [RatisPipelineUtilsThread] WARN  pipeline.RatisPipelineUtils (RatisPipelineUtils.java:destroyPipeline(66)) - Pipeline destroy failed for pipeline=PipelineID=1b05caeb-6612-4f13-8732-b428a23d2245 dn=16d0fe26-9857-4477-8b2c-205100b6d095{ip: 192.168.36.125, host: trunk-nightly-20190911-vpfxm-1000144475, networkLocation: /default-rack, certSerialId: null}
2019-09-11 06:34:48,575 [RatisPipelineUtilsThread] ERROR pipeline.SCMPipelineManager (Scheduler.java:lambda$schedule$1(70)) - Destroy pipeline failed for pipeline:Pipeline[ Id: 1b05caeb-6612-4f13-8732-b428a23d2245, Nodes: b3ae6e77-09f2-43a9-bb74-0baf269e9625{ip: 192.168.36.125, host: trunk-nightly-20190911-vpfxm-1000144475, networkLocation: /default-rack, certSerialId: null}fbfdc5e7-35fe-4dec-93a8-24c91dabe6d4{ip: 192.168.36.125, host: trunk-nightly-20190911-vpfxm-1000144475, networkLocation: /default-rack, certSerialId: null}16d0fe26-9857-4477-8b2c-205100b6d095{ip: 192.168.36.125, host: trunk-nightly-20190911-vpfxm-1000144475, networkLocation: /default-rack, certSerialId: null}, Type:RATIS, Factor:THREE, State:CLOSED]
org.apache.hadoop.hdds.scm.pipeline.PipelineNotFoundException: PipelineID=1b05caeb-6612-4f13-8732-b428a23d2245 not found
	at org.apache.hadoop.hdds.scm.pipeline.PipelineStateMap.getPipeline(PipelineStateMap.java:132)
	at org.apache.hadoop.hdds.scm.pipeline.PipelineStateMap.removePipeline(PipelineStateMap.java:322)
	at org.apache.hadoop.hdds.scm.pipeline.PipelineStateManager.removePipeline(PipelineStateManager.java:107)
	at org.apache.hadoop.hdds.scm.pipeline.SCMPipelineManager.removePipeline(SCMPipelineManager.java:423)
	at org.apache.hadoop.hdds.scm.pipeline.SCMPipelineManager.destroyPipeline(SCMPipelineManager.java:409)
	at org.apache.hadoop.hdds.scm.pipeline.SCMPipelineManager.lambda$finalizeAndDestroyPipeline$0(SCMPipelineManager.java:318)
	at org.apache.hadoop.utils.Scheduler.lambda$schedule$1(Scheduler.java:68)
	at java.util.concurrent.Executors$RunnableAdapter.call(Executors.java:511)
	at java.util.concurrent.FutureTask.run(FutureTask.java:266)
	at java.util.concurrent.ScheduledThreadPoolExecutor$ScheduledFutureTask.access$201(ScheduledThreadPoolExecutor.java:180)
	at java.util.concurrent.ScheduledThreadPoolExecutor$ScheduledFutureTask.run(ScheduledThreadPoolExecutor.java:293)
	at java.util.concurrent.ThreadPoolExecutor.runWorker(ThreadPoolExecutor.java:1149)
	at java.util.concurrent.ThreadPoolExecutor$Worker.run(ThreadPoolExecutor.java:624)
	at java.lang.Thread.run(Thread.java:748)
2019-09-11 06:34:48,937 [grpc-default-executor-5] INFO  client.GrpcClientProtocolClient (GrpcClientProtocolClient.java:onNext(264)) - client-202F7A5D2390->0972d9e0-1686-4378-a4cd-e26758266cbe: receive RaftClientReply:client-202F7A5D2390->0972d9e0-1686-4378-a4cd-e26758266cbe@group-36DB4E6319DB, cid=143, FAILED org.apache.ratis.protocol.NotLeaderException: Server 0972d9e0-1686-4378-a4cd-e26758266cbe@group-36DB4E6319DB is not the leader 5fbe7820-a9fa-43af-b8cb-ea2e92af72fb:192.168.36.125:41382, logIndex=0, commits[0972d9e0-1686-4378-a4cd-e26758266cbe:c14, 5fbe7820-a9fa-43af-b8cb-ea2e92af72fb:c14, adfcb6a4-90df-42a6-b615-f553bb5ddfe0:c13]
2019-09-11 06:34:49,266 [java.util.concurrent.ThreadPoolExecutor$Worker@28d9cb8f[State = -1, empty queue]] WARN  server.GrpcLogAppender (GrpcLogAppender.java:timeoutAppendRequest(200)) - 5fbe7820-a9fa-43af-b8cb-ea2e92af72fb@group-36DB4E6319DB->adfcb6a4-90df-42a6-b615-f553bb5ddfe0-GrpcLogAppender: appendEntries Timeout, request=5fbe7820-a9fa-43af-b8cb-ea2e92af72fb->adfcb6a4-90df-42a6-b615-f553bb5ddfe0#181-t1, previous=(t:1, i:20), leaderCommit=14, initializing? false, entries: <empty>
2019-09-11 06:34:49,266 [java.util.concurrent.ThreadPoolExecutor$Worker@1e7423d2[State = -1, empty queue]] WARN  server.GrpcLogAppender (GrpcLogAppender.java:timeoutAppendRequest(200)) - 5fbe7820-a9fa-43af-b8cb-ea2e92af72fb@group-36DB4E6319DB->0972d9e0-1686-4378-a4cd-e26758266cbe-GrpcLogAppender: appendEntries Timeout, request=5fbe7820-a9fa-43af-b8cb-ea2e92af72fb->0972d9e0-1686-4378-a4cd-e26758266cbe#181-t1, previous=(t:1, i:20), leaderCommit=14, initializing? false, entries: <empty>
2019-09-11 06:34:51,565 [grpc-default-executor-7] INFO  impl.RaftServerProxy (RaftServerProxy.java:remove(95)) - b3ae6e77-09f2-43a9-bb74-0baf269e9625: remove group-B428A23D2245:null
2019-09-11 06:34:51,568 [RatisPipelineUtilsThread] WARN  pipeline.RatisPipelineUtils (RatisPipelineUtils.java:destroyPipeline(66)) - Pipeline destroy failed for pipeline=PipelineID=1b05caeb-6612-4f13-8732-b428a23d2245 dn=b3ae6e77-09f2-43a9-bb74-0baf269e9625{ip: 192.168.36.125, host: trunk-nightly-20190911-vpfxm-1000144475, networkLocation: /default-rack, certSerialId: null}
2019-09-11 06:34:51,571 [grpc-default-executor-7] INFO  impl.RaftServerProxy (RaftServerProxy.java:remove(95)) - fbfdc5e7-35fe-4dec-93a8-24c91dabe6d4: remove group-B428A23D2245:null
2019-09-11 06:34:51,573 [RatisPipelineUtilsThread] WARN  pipeline.RatisPipelineUtils (RatisPipelineUtils.java:destroyPipeline(66)) - Pipeline destroy failed for pipeline=PipelineID=1b05caeb-6612-4f13-8732-b428a23d2245 dn=fbfdc5e7-35fe-4dec-93a8-24c91dabe6d4{ip: 192.168.36.125, host: trunk-nightly-20190911-vpfxm-1000144475, networkLocation: /default-rack, certSerialId: null}
2019-09-11 06:34:51,576 [grpc-default-executor-7] INFO  impl.RaftServerProxy (RaftServerProxy.java:remove(95)) - 16d0fe26-9857-4477-8b2c-205100b6d095: remove group-B428A23D2245:null
2019-09-11 06:34:51,579 [RatisPipelineUtilsThread] WARN  pipeline.RatisPipelineUtils (RatisPipelineUtils.java:destroyPipeline(66)) - Pipeline destroy failed for pipeline=PipelineID=1b05caeb-6612-4f13-8732-b428a23d2245 dn=16d0fe26-9857-4477-8b2c-205100b6d095{ip: 192.168.36.125, host: trunk-nightly-20190911-vpfxm-1000144475, networkLocation: /default-rack, certSerialId: null}
2019-09-11 06:34:51,579 [RatisPipelineUtilsThread] ERROR pipeline.SCMPipelineManager (Scheduler.java:lambda$schedule$1(70)) - Destroy pipeline failed for pipeline:Pipeline[ Id: 1b05caeb-6612-4f13-8732-b428a23d2245, Nodes: b3ae6e77-09f2-43a9-bb74-0baf269e9625{ip: 192.168.36.125, host: trunk-nightly-20190911-vpfxm-1000144475, networkLocation: /default-rack, certSerialId: null}fbfdc5e7-35fe-4dec-93a8-24c91dabe6d4{ip: 192.168.36.125, host: trunk-nightly-20190911-vpfxm-1000144475, networkLocation: /default-rack, certSerialId: null}16d0fe26-9857-4477-8b2c-205100b6d095{ip: 192.168.36.125, host: trunk-nightly-20190911-vpfxm-1000144475, networkLocation: /default-rack, certSerialId: null}, Type:RATIS, Factor:THREE, State:CLOSED]
org.apache.hadoop.hdds.scm.pipeline.PipelineNotFoundException: PipelineID=1b05caeb-6612-4f13-8732-b428a23d2245 not found
	at org.apache.hadoop.hdds.scm.pipeline.PipelineStateMap.getPipeline(PipelineStateMap.java:132)
	at org.apache.hadoop.hdds.scm.pipeline.PipelineStateMap.removePipeline(PipelineStateMap.java:322)
	at org.apache.hadoop.hdds.scm.pipeline.PipelineStateManager.removePipeline(PipelineStateManager.java:107)
	at org.apache.hadoop.hdds.scm.pipeline.SCMPipelineManager.removePipeline(SCMPipelineManager.java:423)
	at org.apache.hadoop.hdds.scm.pipeline.SCMPipelineManager.destroyPipeline(SCMPipelineManager.java:409)
	at org.apache.hadoop.hdds.scm.pipeline.SCMPipelineManager.lambda$finalizeAndDestroyPipeline$0(SCMPipelineManager.java:318)
	at org.apache.hadoop.utils.Scheduler.lambda$schedule$1(Scheduler.java:68)
	at java.util.concurrent.Executors$RunnableAdapter.call(Executors.java:511)
	at java.util.concurrent.FutureTask.run(FutureTask.java:266)
	at java.util.concurrent.ScheduledThreadPoolExecutor$ScheduledFutureTask.access$201(ScheduledThreadPoolExecutor.java:180)
	at java.util.concurrent.ScheduledThreadPoolExecutor$ScheduledFutureTask.run(ScheduledThreadPoolExecutor.java:293)
	at java.util.concurrent.ThreadPoolExecutor.runWorker(ThreadPoolExecutor.java:1149)
	at java.util.concurrent.ThreadPoolExecutor$Worker.run(ThreadPoolExecutor.java:624)
	at java.lang.Thread.run(Thread.java:748)
2019-09-11 06:34:51,766 [java.util.concurrent.ThreadPoolExecutor$Worker@1e7423d2[State = -1, empty queue]] WARN  server.GrpcLogAppender (GrpcLogAppender.java:timeoutAppendRequest(200)) - 5fbe7820-a9fa-43af-b8cb-ea2e92af72fb@group-36DB4E6319DB->0972d9e0-1686-4378-a4cd-e26758266cbe-GrpcLogAppender: appendEntries Timeout, request=5fbe7820-a9fa-43af-b8cb-ea2e92af72fb->0972d9e0-1686-4378-a4cd-e26758266cbe#182-t1, previous=(t:1, i:20), leaderCommit=14, initializing? false, entries: <empty>
2019-09-11 06:34:51,766 [java.util.concurrent.ThreadPoolExecutor$Worker@28d9cb8f[State = -1, empty queue]] WARN  server.GrpcLogAppender (GrpcLogAppender.java:timeoutAppendRequest(200)) - 5fbe7820-a9fa-43af-b8cb-ea2e92af72fb@group-36DB4E6319DB->adfcb6a4-90df-42a6-b615-f553bb5ddfe0-GrpcLogAppender: appendEntries Timeout, request=5fbe7820-a9fa-43af-b8cb-ea2e92af72fb->adfcb6a4-90df-42a6-b615-f553bb5ddfe0#182-t1, previous=(t:1, i:20), leaderCommit=14, initializing? false, entries: <empty>
2019-09-11 06:34:53,565 [grpc-default-executor-7] INFO  impl.RaftServerProxy (RaftServerProxy.java:remove(95)) - b3ae6e77-09f2-43a9-bb74-0baf269e9625: remove group-B428A23D2245:null
2019-09-11 06:34:53,568 [RatisPipelineUtilsThread] WARN  pipeline.RatisPipelineUtils (RatisPipelineUtils.java:destroyPipeline(66)) - Pipeline destroy failed for pipeline=PipelineID=1b05caeb-6612-4f13-8732-b428a23d2245 dn=b3ae6e77-09f2-43a9-bb74-0baf269e9625{ip: 192.168.36.125, host: trunk-nightly-20190911-vpfxm-1000144475, networkLocation: /default-rack, certSerialId: null}
2019-09-11 06:34:53,571 [grpc-default-executor-7] INFO  impl.RaftServerProxy (RaftServerProxy.java:remove(95)) - fbfdc5e7-35fe-4dec-93a8-24c91dabe6d4: remove group-B428A23D2245:null
2019-09-11 06:34:53,573 [RatisPipelineUtilsThread] WARN  pipeline.RatisPipelineUtils (RatisPipelineUtils.java:destroyPipeline(66)) - Pipeline destroy failed for pipeline=PipelineID=1b05caeb-6612-4f13-8732-b428a23d2245 dn=fbfdc5e7-35fe-4dec-93a8-24c91dabe6d4{ip: 192.168.36.125, host: trunk-nightly-20190911-vpfxm-1000144475, networkLocation: /default-rack, certSerialId: null}
2019-09-11 06:34:53,576 [grpc-default-executor-7] INFO  impl.RaftServerProxy (RaftServerProxy.java:remove(95)) - 16d0fe26-9857-4477-8b2c-205100b6d095: remove group-B428A23D2245:null
2019-09-11 06:34:53,578 [RatisPipelineUtilsThread] WARN  pipeline.RatisPipelineUtils (RatisPipelineUtils.java:destroyPipeline(66)) - Pipeline destroy failed for pipeline=PipelineID=1b05caeb-6612-4f13-8732-b428a23d2245 dn=16d0fe26-9857-4477-8b2c-205100b6d095{ip: 192.168.36.125, host: trunk-nightly-20190911-vpfxm-1000144475, networkLocation: /default-rack, certSerialId: null}
2019-09-11 06:34:53,579 [RatisPipelineUtilsThread] ERROR pipeline.SCMPipelineManager (Scheduler.java:lambda$schedule$1(70)) - Destroy pipeline failed for pipeline:Pipeline[ Id: 1b05caeb-6612-4f13-8732-b428a23d2245, Nodes: b3ae6e77-09f2-43a9-bb74-0baf269e9625{ip: 192.168.36.125, host: trunk-nightly-20190911-vpfxm-1000144475, networkLocation: /default-rack, certSerialId: null}fbfdc5e7-35fe-4dec-93a8-24c91dabe6d4{ip: 192.168.36.125, host: trunk-nightly-20190911-vpfxm-1000144475, networkLocation: /default-rack, certSerialId: null}16d0fe26-9857-4477-8b2c-205100b6d095{ip: 192.168.36.125, host: trunk-nightly-20190911-vpfxm-1000144475, networkLocation: /default-rack, certSerialId: null}, Type:RATIS, Factor:THREE, State:CLOSED]
org.apache.hadoop.hdds.scm.pipeline.PipelineNotFoundException: PipelineID=1b05caeb-6612-4f13-8732-b428a23d2245 not found
	at org.apache.hadoop.hdds.scm.pipeline.PipelineStateMap.getPipeline(PipelineStateMap.java:132)
	at org.apache.hadoop.hdds.scm.pipeline.PipelineStateMap.removePipeline(PipelineStateMap.java:322)
	at org.apache.hadoop.hdds.scm.pipeline.PipelineStateManager.removePipeline(PipelineStateManager.java:107)
	at org.apache.hadoop.hdds.scm.pipeline.SCMPipelineManager.removePipeline(SCMPipelineManager.java:423)
	at org.apache.hadoop.hdds.scm.pipeline.SCMPipelineManager.destroyPipeline(SCMPipelineManager.java:409)
	at org.apache.hadoop.hdds.scm.pipeline.SCMPipelineManager.lambda$finalizeAndDestroyPipeline$0(SCMPipelineManager.java:318)
	at org.apache.hadoop.utils.Scheduler.lambda$schedule$1(Scheduler.java:68)
	at java.util.concurrent.Executors$RunnableAdapter.call(Executors.java:511)
	at java.util.concurrent.FutureTask.run(FutureTask.java:266)
	at java.util.concurrent.ScheduledThreadPoolExecutor$ScheduledFutureTask.access$201(ScheduledThreadPoolExecutor.java:180)
	at java.util.concurrent.ScheduledThreadPoolExecutor$ScheduledFutureTask.run(ScheduledThreadPoolExecutor.java:293)
	at java.util.concurrent.ThreadPoolExecutor.runWorker(ThreadPoolExecutor.java:1149)
	at java.util.concurrent.ThreadPoolExecutor$Worker.run(ThreadPoolExecutor.java:624)
	at java.lang.Thread.run(Thread.java:748)
2019-09-11 06:34:53,759 [5fbe7820-a9fa-43af-b8cb-ea2e92af72fb@group-36DB4E6319DB-SegmentedRaftLogWorker] WARN  segmented.SegmentedRaftLogWorker (SegmentedRaftLogWorker.java:getFromFuture(90)) - Timeout 2/~
org.apache.ratis.protocol.TimeoutIOException: Timeout 10s: WriteLog:15: (t:1, i:15), STATEMACHINELOGENTRY, client-202F7A5D2390, cid=143-writeStateMachineData
	at org.apache.ratis.util.IOUtils.getFromFuture(IOUtils.java:87)
	at org.apache.ratis.server.raftlog.segmented.SegmentedRaftLogWorker$StateMachineDataPolicy.getFromFuture(SegmentedRaftLogWorker.java:87)
	at org.apache.ratis.server.raftlog.segmented.SegmentedRaftLogWorker$WriteLog.execute(SegmentedRaftLogWorker.java:477)
	at org.apache.ratis.server.raftlog.segmented.SegmentedRaftLogWorker.run(SegmentedRaftLogWorker.java:289)
	at java.lang.Thread.run(Thread.java:748)
Caused by: java.util.concurrent.TimeoutException
	at java.util.concurrent.CompletableFuture.timedGet(CompletableFuture.java:1771)
	at java.util.concurrent.CompletableFuture.get(CompletableFuture.java:1915)
	at org.apache.ratis.util.IOUtils.getFromFuture(IOUtils.java:79)
	... 4 more
2019-09-11 06:34:53,759 [0972d9e0-1686-4378-a4cd-e26758266cbe@group-36DB4E6319DB-SegmentedRaftLogWorker] WARN  segmented.SegmentedRaftLogWorker (SegmentedRaftLogWorker.java:getFromFuture(90)) - Timeout 2/~
org.apache.ratis.protocol.TimeoutIOException: Timeout 10s: WriteLog:15: (t:1, i:15), STATEMACHINELOGENTRY, client-202F7A5D2390, cid=143-writeStateMachineData
	at org.apache.ratis.util.IOUtils.getFromFuture(IOUtils.java:87)
	at org.apache.ratis.server.raftlog.segmented.SegmentedRaftLogWorker$StateMachineDataPolicy.getFromFuture(SegmentedRaftLogWorker.java:87)
	at org.apache.ratis.server.raftlog.segmented.SegmentedRaftLogWorker$WriteLog.execute(SegmentedRaftLogWorker.java:477)
	at org.apache.ratis.server.raftlog.segmented.SegmentedRaftLogWorker.run(SegmentedRaftLogWorker.java:289)
	at java.lang.Thread.run(Thread.java:748)
Caused by: java.util.concurrent.TimeoutException
	at java.util.concurrent.CompletableFuture.timedGet(CompletableFuture.java:1771)
	at java.util.concurrent.CompletableFuture.get(CompletableFuture.java:1915)
	at org.apache.ratis.util.IOUtils.getFromFuture(IOUtils.java:79)
	... 4 more
2019-09-11 06:34:53,833 [adfcb6a4-90df-42a6-b615-f553bb5ddfe0@group-36DB4E6319DB-SegmentedRaftLogWorker] WARN  segmented.SegmentedRaftLogWorker (SegmentedRaftLogWorker.java:getFromFuture(90)) - Timeout 2/~
org.apache.ratis.protocol.TimeoutIOException: Timeout 10s: WriteLog:16: (t:1, i:16), STATEMACHINELOGENTRY, client-202F7A5D2390, cid=144-writeStateMachineData
	at org.apache.ratis.util.IOUtils.getFromFuture(IOUtils.java:87)
	at org.apache.ratis.server.raftlog.segmented.SegmentedRaftLogWorker$StateMachineDataPolicy.getFromFuture(SegmentedRaftLogWorker.java:87)
	at org.apache.ratis.server.raftlog.segmented.SegmentedRaftLogWorker$WriteLog.execute(SegmentedRaftLogWorker.java:477)
	at org.apache.ratis.server.raftlog.segmented.SegmentedRaftLogWorker.run(SegmentedRaftLogWorker.java:289)
	at java.lang.Thread.run(Thread.java:748)
Caused by: java.util.concurrent.TimeoutException
	at java.util.concurrent.CompletableFuture.timedGet(CompletableFuture.java:1771)
	at java.util.concurrent.CompletableFuture.get(CompletableFuture.java:1915)
	at org.apache.ratis.util.IOUtils.getFromFuture(IOUtils.java:79)
	... 4 more
2019-09-11 06:34:53,980 [grpc-default-executor-5] INFO  client.GrpcClientProtocolClient (GrpcClientProtocolClient.java:onNext(264)) - client-202F7A5D2390->0972d9e0-1686-4378-a4cd-e26758266cbe: receive RaftClientReply:client-202F7A5D2390->0972d9e0-1686-4378-a4cd-e26758266cbe@group-36DB4E6319DB, cid=143, FAILED org.apache.ratis.protocol.NotLeaderException: Server 0972d9e0-1686-4378-a4cd-e26758266cbe@group-36DB4E6319DB is not the leader 5fbe7820-a9fa-43af-b8cb-ea2e92af72fb:192.168.36.125:41382, logIndex=0, commits[0972d9e0-1686-4378-a4cd-e26758266cbe:c14, 5fbe7820-a9fa-43af-b8cb-ea2e92af72fb:c14, adfcb6a4-90df-42a6-b615-f553bb5ddfe0:c13]
2019-09-11 06:34:54,266 [java.util.concurrent.ThreadPoolExecutor$Worker@28d9cb8f[State = -1, empty queue]] WARN  server.GrpcLogAppender (GrpcLogAppender.java:timeoutAppendRequest(200)) - 5fbe7820-a9fa-43af-b8cb-ea2e92af72fb@group-36DB4E6319DB->adfcb6a4-90df-42a6-b615-f553bb5ddfe0-GrpcLogAppender: appendEntries Timeout, request=5fbe7820-a9fa-43af-b8cb-ea2e92af72fb->adfcb6a4-90df-42a6-b615-f553bb5ddfe0#183-t1, previous=(t:1, i:20), leaderCommit=14, initializing? false, entries: <empty>
2019-09-11 06:34:54,266 [java.util.concurrent.ThreadPoolExecutor$Worker@1e7423d2[State = -1, empty queue]] WARN  server.GrpcLogAppender (GrpcLogAppender.java:timeoutAppendRequest(200)) - 5fbe7820-a9fa-43af-b8cb-ea2e92af72fb@group-36DB4E6319DB->0972d9e0-1686-4378-a4cd-e26758266cbe-GrpcLogAppender: appendEntries Timeout, request=5fbe7820-a9fa-43af-b8cb-ea2e92af72fb->0972d9e0-1686-4378-a4cd-e26758266cbe#183-t1, previous=(t:1, i:20), leaderCommit=14, initializing? false, entries: <empty>
2019-09-11 06:34:56,566 [grpc-default-executor-5] INFO  impl.RaftServerProxy (RaftServerProxy.java:remove(95)) - b3ae6e77-09f2-43a9-bb74-0baf269e9625: remove group-B428A23D2245:null
2019-09-11 06:34:56,569 [RatisPipelineUtilsThread] WARN  pipeline.RatisPipelineUtils (RatisPipelineUtils.java:destroyPipeline(66)) - Pipeline destroy failed for pipeline=PipelineID=1b05caeb-6612-4f13-8732-b428a23d2245 dn=b3ae6e77-09f2-43a9-bb74-0baf269e9625{ip: 192.168.36.125, host: trunk-nightly-20190911-vpfxm-1000144475, networkLocation: /default-rack, certSerialId: null}
2019-09-11 06:34:56,572 [grpc-default-executor-5] INFO  impl.RaftServerProxy (RaftServerProxy.java:remove(95)) - fbfdc5e7-35fe-4dec-93a8-24c91dabe6d4: remove group-B428A23D2245:null
2019-09-11 06:34:56,575 [RatisPipelineUtilsThread] WARN  pipeline.RatisPipelineUtils (RatisPipelineUtils.java:destroyPipeline(66)) - Pipeline destroy failed for pipeline=PipelineID=1b05caeb-6612-4f13-8732-b428a23d2245 dn=fbfdc5e7-35fe-4dec-93a8-24c91dabe6d4{ip: 192.168.36.125, host: trunk-nightly-20190911-vpfxm-1000144475, networkLocation: /default-rack, certSerialId: null}
2019-09-11 06:34:56,577 [grpc-default-executor-5] INFO  impl.RaftServerProxy (RaftServerProxy.java:remove(95)) - 16d0fe26-9857-4477-8b2c-205100b6d095: remove group-B428A23D2245:null
2019-09-11 06:34:56,579 [RatisPipelineUtilsThread] WARN  pipeline.RatisPipelineUtils (RatisPipelineUtils.java:destroyPipeline(66)) - Pipeline destroy failed for pipeline=PipelineID=1b05caeb-6612-4f13-8732-b428a23d2245 dn=16d0fe26-9857-4477-8b2c-205100b6d095{ip: 192.168.36.125, host: trunk-nightly-20190911-vpfxm-1000144475, networkLocation: /default-rack, certSerialId: null}
2019-09-11 06:34:56,580 [RatisPipelineUtilsThread] ERROR pipeline.SCMPipelineManager (Scheduler.java:lambda$schedule$1(70)) - Destroy pipeline failed for pipeline:Pipeline[ Id: 1b05caeb-6612-4f13-8732-b428a23d2245, Nodes: b3ae6e77-09f2-43a9-bb74-0baf269e9625{ip: 192.168.36.125, host: trunk-nightly-20190911-vpfxm-1000144475, networkLocation: /default-rack, certSerialId: null}fbfdc5e7-35fe-4dec-93a8-24c91dabe6d4{ip: 192.168.36.125, host: trunk-nightly-20190911-vpfxm-1000144475, networkLocation: /default-rack, certSerialId: null}16d0fe26-9857-4477-8b2c-205100b6d095{ip: 192.168.36.125, host: trunk-nightly-20190911-vpfxm-1000144475, networkLocation: /default-rack, certSerialId: null}, Type:RATIS, Factor:THREE, State:CLOSED]
org.apache.hadoop.hdds.scm.pipeline.PipelineNotFoundException: PipelineID=1b05caeb-6612-4f13-8732-b428a23d2245 not found
	at org.apache.hadoop.hdds.scm.pipeline.PipelineStateMap.getPipeline(PipelineStateMap.java:132)
	at org.apache.hadoop.hdds.scm.pipeline.PipelineStateMap.removePipeline(PipelineStateMap.java:322)
	at org.apache.hadoop.hdds.scm.pipeline.PipelineStateManager.removePipeline(PipelineStateManager.java:107)
	at org.apache.hadoop.hdds.scm.pipeline.SCMPipelineManager.removePipeline(SCMPipelineManager.java:423)
	at org.apache.hadoop.hdds.scm.pipeline.SCMPipelineManager.destroyPipeline(SCMPipelineManager.java:409)
	at org.apache.hadoop.hdds.scm.pipeline.SCMPipelineManager.lambda$finalizeAndDestroyPipeline$0(SCMPipelineManager.java:318)
	at org.apache.hadoop.utils.Scheduler.lambda$schedule$1(Scheduler.java:68)
	at java.util.concurrent.Executors$RunnableAdapter.call(Executors.java:511)
	at java.util.concurrent.FutureTask.run(FutureTask.java:266)
	at java.util.concurrent.ScheduledThreadPoolExecutor$ScheduledFutureTask.access$201(ScheduledThreadPoolExecutor.java:180)
	at java.util.concurrent.ScheduledThreadPoolExecutor$ScheduledFutureTask.run(ScheduledThreadPoolExecutor.java:293)
	at java.util.concurrent.ThreadPoolExecutor.runWorker(ThreadPoolExecutor.java:1149)
	at java.util.concurrent.ThreadPoolExecutor$Worker.run(ThreadPoolExecutor.java:624)
	at java.lang.Thread.run(Thread.java:748)
2019-09-11 06:34:56,766 [java.util.concurrent.ThreadPoolExecutor$Worker@1e7423d2[State = -1, empty queue]] WARN  server.GrpcLogAppender (GrpcLogAppender.java:timeoutAppendRequest(200)) - 5fbe7820-a9fa-43af-b8cb-ea2e92af72fb@group-36DB4E6319DB->0972d9e0-1686-4378-a4cd-e26758266cbe-GrpcLogAppender: appendEntries Timeout, request=5fbe7820-a9fa-43af-b8cb-ea2e92af72fb->0972d9e0-1686-4378-a4cd-e26758266cbe#184-t1, previous=(t:1, i:20), leaderCommit=14, initializing? false, entries: <empty>
2019-09-11 06:34:56,766 [java.util.concurrent.ThreadPoolExecutor$Worker@28d9cb8f[State = -1, empty queue]] WARN  server.GrpcLogAppender (GrpcLogAppender.java:timeoutAppendRequest(200)) - 5fbe7820-a9fa-43af-b8cb-ea2e92af72fb@group-36DB4E6319DB->adfcb6a4-90df-42a6-b615-f553bb5ddfe0-GrpcLogAppender: appendEntries Timeout, request=5fbe7820-a9fa-43af-b8cb-ea2e92af72fb->adfcb6a4-90df-42a6-b615-f553bb5ddfe0#184-t1, previous=(t:1, i:20), leaderCommit=14, initializing? false, entries: <empty>
2019-09-11 06:34:58,568 [grpc-default-executor-7] INFO  impl.RaftServerProxy (RaftServerProxy.java:remove(95)) - b3ae6e77-09f2-43a9-bb74-0baf269e9625: remove group-B428A23D2245:null
2019-09-11 06:34:58,571 [RatisPipelineUtilsThread] WARN  pipeline.RatisPipelineUtils (RatisPipelineUtils.java:destroyPipeline(66)) - Pipeline destroy failed for pipeline=PipelineID=1b05caeb-6612-4f13-8732-b428a23d2245 dn=b3ae6e77-09f2-43a9-bb74-0baf269e9625{ip: 192.168.36.125, host: trunk-nightly-20190911-vpfxm-1000144475, networkLocation: /default-rack, certSerialId: null}
2019-09-11 06:34:58,574 [grpc-default-executor-7] INFO  impl.RaftServerProxy (RaftServerProxy.java:remove(95)) - fbfdc5e7-35fe-4dec-93a8-24c91dabe6d4: remove group-B428A23D2245:null
2019-09-11 06:34:58,576 [RatisPipelineUtilsThread] WARN  pipeline.RatisPipelineUtils (RatisPipelineUtils.java:destroyPipeline(66)) - Pipeline destroy failed for pipeline=PipelineID=1b05caeb-6612-4f13-8732-b428a23d2245 dn=fbfdc5e7-35fe-4dec-93a8-24c91dabe6d4{ip: 192.168.36.125, host: trunk-nightly-20190911-vpfxm-1000144475, networkLocation: /default-rack, certSerialId: null}
2019-09-11 06:34:58,578 [grpc-default-executor-7] INFO  impl.RaftServerProxy (RaftServerProxy.java:remove(95)) - 16d0fe26-9857-4477-8b2c-205100b6d095: remove group-B428A23D2245:null
2019-09-11 06:34:58,581 [RatisPipelineUtilsThread] WARN  pipeline.RatisPipelineUtils (RatisPipelineUtils.java:destroyPipeline(66)) - Pipeline destroy failed for pipeline=PipelineID=1b05caeb-6612-4f13-8732-b428a23d2245 dn=16d0fe26-9857-4477-8b2c-205100b6d095{ip: 192.168.36.125, host: trunk-nightly-20190911-vpfxm-1000144475, networkLocation: /default-rack, certSerialId: null}
2019-09-11 06:34:58,581 [RatisPipelineUtilsThread] ERROR pipeline.SCMPipelineManager (Scheduler.java:lambda$schedule$1(70)) - Destroy pipeline failed for pipeline:Pipeline[ Id: 1b05caeb-6612-4f13-8732-b428a23d2245, Nodes: b3ae6e77-09f2-43a9-bb74-0baf269e9625{ip: 192.168.36.125, host: trunk-nightly-20190911-vpfxm-1000144475, networkLocation: /default-rack, certSerialId: null}fbfdc5e7-35fe-4dec-93a8-24c91dabe6d4{ip: 192.168.36.125, host: trunk-nightly-20190911-vpfxm-1000144475, networkLocation: /default-rack, certSerialId: null}16d0fe26-9857-4477-8b2c-205100b6d095{ip: 192.168.36.125, host: trunk-nightly-20190911-vpfxm-1000144475, networkLocation: /default-rack, certSerialId: null}, Type:RATIS, Factor:THREE, State:CLOSED]
org.apache.hadoop.hdds.scm.pipeline.PipelineNotFoundException: PipelineID=1b05caeb-6612-4f13-8732-b428a23d2245 not found
	at org.apache.hadoop.hdds.scm.pipeline.PipelineStateMap.getPipeline(PipelineStateMap.java:132)
	at org.apache.hadoop.hdds.scm.pipeline.PipelineStateMap.removePipeline(PipelineStateMap.java:322)
	at org.apache.hadoop.hdds.scm.pipeline.PipelineStateManager.removePipeline(PipelineStateManager.java:107)
	at org.apache.hadoop.hdds.scm.pipeline.SCMPipelineManager.removePipeline(SCMPipelineManager.java:423)
	at org.apache.hadoop.hdds.scm.pipeline.SCMPipelineManager.destroyPipeline(SCMPipelineManager.java:409)
	at org.apache.hadoop.hdds.scm.pipeline.SCMPipelineManager.lambda$finalizeAndDestroyPipeline$0(SCMPipelineManager.java:318)
	at org.apache.hadoop.utils.Scheduler.lambda$schedule$1(Scheduler.java:68)
	at java.util.concurrent.Executors$RunnableAdapter.call(Executors.java:511)
	at java.util.concurrent.FutureTask.run(FutureTask.java:266)
	at java.util.concurrent.ScheduledThreadPoolExecutor$ScheduledFutureTask.access$201(ScheduledThreadPoolExecutor.java:180)
	at java.util.concurrent.ScheduledThreadPoolExecutor$ScheduledFutureTask.run(ScheduledThreadPoolExecutor.java:293)
	at java.util.concurrent.ThreadPoolExecutor.runWorker(ThreadPoolExecutor.java:1149)
	at java.util.concurrent.ThreadPoolExecutor$Worker.run(ThreadPoolExecutor.java:624)
	at java.lang.Thread.run(Thread.java:748)
2019-09-11 06:34:59,015 [grpc-default-executor-5] INFO  client.GrpcClientProtocolClient (GrpcClientProtocolClient.java:onNext(264)) - client-202F7A5D2390->0972d9e0-1686-4378-a4cd-e26758266cbe: receive RaftClientReply:client-202F7A5D2390->0972d9e0-1686-4378-a4cd-e26758266cbe@group-36DB4E6319DB, cid=143, FAILED org.apache.ratis.protocol.NotLeaderException: Server 0972d9e0-1686-4378-a4cd-e26758266cbe@group-36DB4E6319DB is not the leader 5fbe7820-a9fa-43af-b8cb-ea2e92af72fb:192.168.36.125:41382, logIndex=0, commits[0972d9e0-1686-4378-a4cd-e26758266cbe:c14, 5fbe7820-a9fa-43af-b8cb-ea2e92af72fb:c14, adfcb6a4-90df-42a6-b615-f553bb5ddfe0:c13]
2019-09-11 06:34:59,267 [java.util.concurrent.ThreadPoolExecutor$Worker@28d9cb8f[State = -1, empty queue]] WARN  server.GrpcLogAppender (GrpcLogAppender.java:timeoutAppendRequest(200)) - 5fbe7820-a9fa-43af-b8cb-ea2e92af72fb@group-36DB4E6319DB->adfcb6a4-90df-42a6-b615-f553bb5ddfe0-GrpcLogAppender: appendEntries Timeout, request=5fbe7820-a9fa-43af-b8cb-ea2e92af72fb->adfcb6a4-90df-42a6-b615-f553bb5ddfe0#185-t1, previous=(t:1, i:20), leaderCommit=14, initializing? false, entries: <empty>
2019-09-11 06:34:59,267 [java.util.concurrent.ThreadPoolExecutor$Worker@1e7423d2[State = -1, empty queue]] WARN  server.GrpcLogAppender (GrpcLogAppender.java:timeoutAppendRequest(200)) - 5fbe7820-a9fa-43af-b8cb-ea2e92af72fb@group-36DB4E6319DB->0972d9e0-1686-4378-a4cd-e26758266cbe-GrpcLogAppender: appendEntries Timeout, request=5fbe7820-a9fa-43af-b8cb-ea2e92af72fb->0972d9e0-1686-4378-a4cd-e26758266cbe#185-t1, previous=(t:1, i:20), leaderCommit=14, initializing? false, entries: <empty>
2019-09-11 06:35:01,568 [grpc-default-executor-7] INFO  impl.RaftServerProxy (RaftServerProxy.java:remove(95)) - b3ae6e77-09f2-43a9-bb74-0baf269e9625: remove group-B428A23D2245:null
2019-09-11 06:35:01,571 [RatisPipelineUtilsThread] WARN  pipeline.RatisPipelineUtils (RatisPipelineUtils.java:destroyPipeline(66)) - Pipeline destroy failed for pipeline=PipelineID=1b05caeb-6612-4f13-8732-b428a23d2245 dn=b3ae6e77-09f2-43a9-bb74-0baf269e9625{ip: 192.168.36.125, host: trunk-nightly-20190911-vpfxm-1000144475, networkLocation: /default-rack, certSerialId: null}
2019-09-11 06:35:01,573 [grpc-default-executor-7] INFO  impl.RaftServerProxy (RaftServerProxy.java:remove(95)) - fbfdc5e7-35fe-4dec-93a8-24c91dabe6d4: remove group-B428A23D2245:null
2019-09-11 06:35:01,575 [RatisPipelineUtilsThread] WARN  pipeline.RatisPipelineUtils (RatisPipelineUtils.java:destroyPipeline(66)) - Pipeline destroy failed for pipeline=PipelineID=1b05caeb-6612-4f13-8732-b428a23d2245 dn=fbfdc5e7-35fe-4dec-93a8-24c91dabe6d4{ip: 192.168.36.125, host: trunk-nightly-20190911-vpfxm-1000144475, networkLocation: /default-rack, certSerialId: null}
2019-09-11 06:35:01,579 [grpc-default-executor-7] INFO  impl.RaftServerProxy (RaftServerProxy.java:remove(95)) - 16d0fe26-9857-4477-8b2c-205100b6d095: remove group-B428A23D2245:null
2019-09-11 06:35:01,589 [RatisPipelineUtilsThread] WARN  pipeline.RatisPipelineUtils (RatisPipelineUtils.java:destroyPipeline(66)) - Pipeline destroy failed for pipeline=PipelineID=1b05caeb-6612-4f13-8732-b428a23d2245 dn=16d0fe26-9857-4477-8b2c-205100b6d095{ip: 192.168.36.125, host: trunk-nightly-20190911-vpfxm-1000144475, networkLocation: /default-rack, certSerialId: null}
2019-09-11 06:35:01,589 [RatisPipelineUtilsThread] ERROR pipeline.SCMPipelineManager (Scheduler.java:lambda$schedule$1(70)) - Destroy pipeline failed for pipeline:Pipeline[ Id: 1b05caeb-6612-4f13-8732-b428a23d2245, Nodes: b3ae6e77-09f2-43a9-bb74-0baf269e9625{ip: 192.168.36.125, host: trunk-nightly-20190911-vpfxm-1000144475, networkLocation: /default-rack, certSerialId: null}fbfdc5e7-35fe-4dec-93a8-24c91dabe6d4{ip: 192.168.36.125, host: trunk-nightly-20190911-vpfxm-1000144475, networkLocation: /default-rack, certSerialId: null}16d0fe26-9857-4477-8b2c-205100b6d095{ip: 192.168.36.125, host: trunk-nightly-20190911-vpfxm-1000144475, networkLocation: /default-rack, certSerialId: null}, Type:RATIS, Factor:THREE, State:CLOSED]
org.apache.hadoop.hdds.scm.pipeline.PipelineNotFoundException: PipelineID=1b05caeb-6612-4f13-8732-b428a23d2245 not found
	at org.apache.hadoop.hdds.scm.pipeline.PipelineStateMap.getPipeline(PipelineStateMap.java:132)
	at org.apache.hadoop.hdds.scm.pipeline.PipelineStateMap.removePipeline(PipelineStateMap.java:322)
	at org.apache.hadoop.hdds.scm.pipeline.PipelineStateManager.removePipeline(PipelineStateManager.java:107)
	at org.apache.hadoop.hdds.scm.pipeline.SCMPipelineManager.removePipeline(SCMPipelineManager.java:423)
	at org.apache.hadoop.hdds.scm.pipeline.SCMPipelineManager.destroyPipeline(SCMPipelineManager.java:409)
	at org.apache.hadoop.hdds.scm.pipeline.SCMPipelineManager.lambda$finalizeAndDestroyPipeline$0(SCMPipelineManager.java:318)
	at org.apache.hadoop.utils.Scheduler.lambda$schedule$1(Scheduler.java:68)
	at java.util.concurrent.Executors$RunnableAdapter.call(Executors.java:511)
	at java.util.concurrent.FutureTask.run(FutureTask.java:266)
	at java.util.concurrent.ScheduledThreadPoolExecutor$ScheduledFutureTask.access$201(ScheduledThreadPoolExecutor.java:180)
	at java.util.concurrent.ScheduledThreadPoolExecutor$ScheduledFutureTask.run(ScheduledThreadPoolExecutor.java:293)
	at java.util.concurrent.ThreadPoolExecutor.runWorker(ThreadPoolExecutor.java:1149)
	at java.util.concurrent.ThreadPoolExecutor$Worker.run(ThreadPoolExecutor.java:624)
	at java.lang.Thread.run(Thread.java:748)
2019-09-11 06:35:01,767 [java.util.concurrent.ThreadPoolExecutor$Worker@1e7423d2[State = -1, empty queue]] WARN  server.GrpcLogAppender (GrpcLogAppender.java:timeoutAppendRequest(200)) - 5fbe7820-a9fa-43af-b8cb-ea2e92af72fb@group-36DB4E6319DB->0972d9e0-1686-4378-a4cd-e26758266cbe-GrpcLogAppender: appendEntries Timeout, request=5fbe7820-a9fa-43af-b8cb-ea2e92af72fb->0972d9e0-1686-4378-a4cd-e26758266cbe#186-t1, previous=(t:1, i:20), leaderCommit=14, initializing? false, entries: <empty>
2019-09-11 06:35:01,768 [java.util.concurrent.ThreadPoolExecutor$Worker@28d9cb8f[State = -1, empty queue]] WARN  server.GrpcLogAppender (GrpcLogAppender.java:timeoutAppendRequest(200)) - 5fbe7820-a9fa-43af-b8cb-ea2e92af72fb@group-36DB4E6319DB->adfcb6a4-90df-42a6-b615-f553bb5ddfe0-GrpcLogAppender: appendEntries Timeout, request=5fbe7820-a9fa-43af-b8cb-ea2e92af72fb->adfcb6a4-90df-42a6-b615-f553bb5ddfe0#186-t1, previous=(t:1, i:20), leaderCommit=14, initializing? false, entries: <empty>
2019-09-11 06:35:03,567 [grpc-default-executor-7] INFO  impl.RaftServerProxy (RaftServerProxy.java:remove(95)) - b3ae6e77-09f2-43a9-bb74-0baf269e9625: remove group-B428A23D2245:null
2019-09-11 06:35:03,570 [RatisPipelineUtilsThread] WARN  pipeline.RatisPipelineUtils (RatisPipelineUtils.java:destroyPipeline(66)) - Pipeline destroy failed for pipeline=PipelineID=1b05caeb-6612-4f13-8732-b428a23d2245 dn=b3ae6e77-09f2-43a9-bb74-0baf269e9625{ip: 192.168.36.125, host: trunk-nightly-20190911-vpfxm-1000144475, networkLocation: /default-rack, certSerialId: null}
2019-09-11 06:35:03,572 [grpc-default-executor-7] INFO  impl.RaftServerProxy (RaftServerProxy.java:remove(95)) - fbfdc5e7-35fe-4dec-93a8-24c91dabe6d4: remove group-B428A23D2245:null
2019-09-11 06:35:03,574 [RatisPipelineUtilsThread] WARN  pipeline.RatisPipelineUtils (RatisPipelineUtils.java:destroyPipeline(66)) - Pipeline destroy failed for pipeline=PipelineID=1b05caeb-6612-4f13-8732-b428a23d2245 dn=fbfdc5e7-35fe-4dec-93a8-24c91dabe6d4{ip: 192.168.36.125, host: trunk-nightly-20190911-vpfxm-1000144475, networkLocation: /default-rack, certSerialId: null}
2019-09-11 06:35:03,576 [grpc-default-executor-7] INFO  impl.RaftServerProxy (RaftServerProxy.java:remove(95)) - 16d0fe26-9857-4477-8b2c-205100b6d095: remove group-B428A23D2245:null
2019-09-11 06:35:03,578 [RatisPipelineUtilsThread] WARN  pipeline.RatisPipelineUtils (RatisPipelineUtils.java:destroyPipeline(66)) - Pipeline destroy failed for pipeline=PipelineID=1b05caeb-6612-4f13-8732-b428a23d2245 dn=16d0fe26-9857-4477-8b2c-205100b6d095{ip: 192.168.36.125, host: trunk-nightly-20190911-vpfxm-1000144475, networkLocation: /default-rack, certSerialId: null}
2019-09-11 06:35:03,579 [RatisPipelineUtilsThread] ERROR pipeline.SCMPipelineManager (Scheduler.java:lambda$schedule$1(70)) - Destroy pipeline failed for pipeline:Pipeline[ Id: 1b05caeb-6612-4f13-8732-b428a23d2245, Nodes: b3ae6e77-09f2-43a9-bb74-0baf269e9625{ip: 192.168.36.125, host: trunk-nightly-20190911-vpfxm-1000144475, networkLocation: /default-rack, certSerialId: null}fbfdc5e7-35fe-4dec-93a8-24c91dabe6d4{ip: 192.168.36.125, host: trunk-nightly-20190911-vpfxm-1000144475, networkLocation: /default-rack, certSerialId: null}16d0fe26-9857-4477-8b2c-205100b6d095{ip: 192.168.36.125, host: trunk-nightly-20190911-vpfxm-1000144475, networkLocation: /default-rack, certSerialId: null}, Type:RATIS, Factor:THREE, State:CLOSED]
org.apache.hadoop.hdds.scm.pipeline.PipelineNotFoundException: PipelineID=1b05caeb-6612-4f13-8732-b428a23d2245 not found
	at org.apache.hadoop.hdds.scm.pipeline.PipelineStateMap.getPipeline(PipelineStateMap.java:132)
	at org.apache.hadoop.hdds.scm.pipeline.PipelineStateMap.removePipeline(PipelineStateMap.java:322)
	at org.apache.hadoop.hdds.scm.pipeline.PipelineStateManager.removePipeline(PipelineStateManager.java:107)
	at org.apache.hadoop.hdds.scm.pipeline.SCMPipelineManager.removePipeline(SCMPipelineManager.java:423)
	at org.apache.hadoop.hdds.scm.pipeline.SCMPipelineManager.destroyPipeline(SCMPipelineManager.java:409)
	at org.apache.hadoop.hdds.scm.pipeline.SCMPipelineManager.lambda$finalizeAndDestroyPipeline$0(SCMPipelineManager.java:318)
	at org.apache.hadoop.utils.Scheduler.lambda$schedule$1(Scheduler.java:68)
	at java.util.concurrent.Executors$RunnableAdapter.call(Executors.java:511)
	at java.util.concurrent.FutureTask.run(FutureTask.java:266)
	at java.util.concurrent.ScheduledThreadPoolExecutor$ScheduledFutureTask.access$201(ScheduledThreadPoolExecutor.java:180)
	at java.util.concurrent.ScheduledThreadPoolExecutor$ScheduledFutureTask.run(ScheduledThreadPoolExecutor.java:293)
	at java.util.concurrent.ThreadPoolExecutor.runWorker(ThreadPoolExecutor.java:1149)
	at java.util.concurrent.ThreadPoolExecutor$Worker.run(ThreadPoolExecutor.java:624)
	at java.lang.Thread.run(Thread.java:748)
2019-09-11 06:35:03,760 [5fbe7820-a9fa-43af-b8cb-ea2e92af72fb@group-36DB4E6319DB-SegmentedRaftLogWorker] WARN  segmented.SegmentedRaftLogWorker (SegmentedRaftLogWorker.java:getFromFuture(90)) - Timeout 3/~
org.apache.ratis.protocol.TimeoutIOException: Timeout 10s: WriteLog:15: (t:1, i:15), STATEMACHINELOGENTRY, client-202F7A5D2390, cid=143-writeStateMachineData
	at org.apache.ratis.util.IOUtils.getFromFuture(IOUtils.java:87)
	at org.apache.ratis.server.raftlog.segmented.SegmentedRaftLogWorker$StateMachineDataPolicy.getFromFuture(SegmentedRaftLogWorker.java:87)
	at org.apache.ratis.server.raftlog.segmented.SegmentedRaftLogWorker$WriteLog.execute(SegmentedRaftLogWorker.java:477)
	at org.apache.ratis.server.raftlog.segmented.SegmentedRaftLogWorker.run(SegmentedRaftLogWorker.java:289)
	at java.lang.Thread.run(Thread.java:748)
Caused by: java.util.concurrent.TimeoutException
	at java.util.concurrent.CompletableFuture.timedGet(CompletableFuture.java:1771)
	at java.util.concurrent.CompletableFuture.get(CompletableFuture.java:1915)
	at org.apache.ratis.util.IOUtils.getFromFuture(IOUtils.java:79)
	... 4 more
2019-09-11 06:35:03,760 [0972d9e0-1686-4378-a4cd-e26758266cbe@group-36DB4E6319DB-SegmentedRaftLogWorker] WARN  segmented.SegmentedRaftLogWorker (SegmentedRaftLogWorker.java:getFromFuture(90)) - Timeout 3/~
org.apache.ratis.protocol.TimeoutIOException: Timeout 10s: WriteLog:15: (t:1, i:15), STATEMACHINELOGENTRY, client-202F7A5D2390, cid=143-writeStateMachineData
	at org.apache.ratis.util.IOUtils.getFromFuture(IOUtils.java:87)
	at org.apache.ratis.server.raftlog.segmented.SegmentedRaftLogWorker$StateMachineDataPolicy.getFromFuture(SegmentedRaftLogWorker.java:87)
	at org.apache.ratis.server.raftlog.segmented.SegmentedRaftLogWorker$WriteLog.execute(SegmentedRaftLogWorker.java:477)
	at org.apache.ratis.server.raftlog.segmented.SegmentedRaftLogWorker.run(SegmentedRaftLogWorker.java:289)
	at java.lang.Thread.run(Thread.java:748)
Caused by: java.util.concurrent.TimeoutException
	at java.util.concurrent.CompletableFuture.timedGet(CompletableFuture.java:1771)
	at java.util.concurrent.CompletableFuture.get(CompletableFuture.java:1915)
	at org.apache.ratis.util.IOUtils.getFromFuture(IOUtils.java:79)
	... 4 more
2019-09-11 06:35:03,833 [adfcb6a4-90df-42a6-b615-f553bb5ddfe0@group-36DB4E6319DB-SegmentedRaftLogWorker] WARN  segmented.SegmentedRaftLogWorker (SegmentedRaftLogWorker.java:getFromFuture(90)) - Timeout 3/~
org.apache.ratis.protocol.TimeoutIOException: Timeout 10s: WriteLog:16: (t:1, i:16), STATEMACHINELOGENTRY, client-202F7A5D2390, cid=144-writeStateMachineData
	at org.apache.ratis.util.IOUtils.getFromFuture(IOUtils.java:87)
	at org.apache.ratis.server.raftlog.segmented.SegmentedRaftLogWorker$StateMachineDataPolicy.getFromFuture(SegmentedRaftLogWorker.java:87)
	at org.apache.ratis.server.raftlog.segmented.SegmentedRaftLogWorker$WriteLog.execute(SegmentedRaftLogWorker.java:477)
	at org.apache.ratis.server.raftlog.segmented.SegmentedRaftLogWorker.run(SegmentedRaftLogWorker.java:289)
	at java.lang.Thread.run(Thread.java:748)
Caused by: java.util.concurrent.TimeoutException
	at java.util.concurrent.CompletableFuture.timedGet(CompletableFuture.java:1771)
	at java.util.concurrent.CompletableFuture.get(CompletableFuture.java:1915)
	at org.apache.ratis.util.IOUtils.getFromFuture(IOUtils.java:79)
	... 4 more
2019-09-11 06:35:04,045 [grpc-default-executor-7] INFO  client.GrpcClientProtocolClient (GrpcClientProtocolClient.java:onNext(264)) - client-202F7A5D2390->0972d9e0-1686-4378-a4cd-e26758266cbe: receive RaftClientReply:client-202F7A5D2390->0972d9e0-1686-4378-a4cd-e26758266cbe@group-36DB4E6319DB, cid=143, FAILED org.apache.ratis.protocol.NotLeaderException: Server 0972d9e0-1686-4378-a4cd-e26758266cbe@group-36DB4E6319DB is not the leader 5fbe7820-a9fa-43af-b8cb-ea2e92af72fb:192.168.36.125:41382, logIndex=0, commits[0972d9e0-1686-4378-a4cd-e26758266cbe:c14, 5fbe7820-a9fa-43af-b8cb-ea2e92af72fb:c14, adfcb6a4-90df-42a6-b615-f553bb5ddfe0:c13]
2019-09-11 06:35:04,267 [java.util.concurrent.ThreadPoolExecutor$Worker@1e7423d2[State = -1, empty queue]] WARN  server.GrpcLogAppender (GrpcLogAppender.java:timeoutAppendRequest(200)) - 5fbe7820-a9fa-43af-b8cb-ea2e92af72fb@group-36DB4E6319DB->0972d9e0-1686-4378-a4cd-e26758266cbe-GrpcLogAppender: appendEntries Timeout, request=5fbe7820-a9fa-43af-b8cb-ea2e92af72fb->0972d9e0-1686-4378-a4cd-e26758266cbe#187-t1, previous=(t:1, i:20), leaderCommit=14, initializing? false, entries: <empty>
2019-09-11 06:35:04,268 [java.util.concurrent.ThreadPoolExecutor$Worker@28d9cb8f[State = -1, empty queue]] WARN  server.GrpcLogAppender (GrpcLogAppender.java:timeoutAppendRequest(200)) - 5fbe7820-a9fa-43af-b8cb-ea2e92af72fb@group-36DB4E6319DB->adfcb6a4-90df-42a6-b615-f553bb5ddfe0-GrpcLogAppender: appendEntries Timeout, request=5fbe7820-a9fa-43af-b8cb-ea2e92af72fb->adfcb6a4-90df-42a6-b615-f553bb5ddfe0#187-t1, previous=(t:1, i:20), leaderCommit=14, initializing? false, entries: <empty>
2019-09-11 06:35:06,568 [grpc-default-executor-7] INFO  impl.RaftServerProxy (RaftServerProxy.java:remove(95)) - b3ae6e77-09f2-43a9-bb74-0baf269e9625: remove group-B428A23D2245:null
2019-09-11 06:35:06,570 [RatisPipelineUtilsThread] WARN  pipeline.RatisPipelineUtils (RatisPipelineUtils.java:destroyPipeline(66)) - Pipeline destroy failed for pipeline=PipelineID=1b05caeb-6612-4f13-8732-b428a23d2245 dn=b3ae6e77-09f2-43a9-bb74-0baf269e9625{ip: 192.168.36.125, host: trunk-nightly-20190911-vpfxm-1000144475, networkLocation: /default-rack, certSerialId: null}
2019-09-11 06:35:06,573 [grpc-default-executor-8] INFO  impl.RaftServerProxy (RaftServerProxy.java:remove(95)) - fbfdc5e7-35fe-4dec-93a8-24c91dabe6d4: remove group-B428A23D2245:null
2019-09-11 06:35:06,574 [RatisPipelineUtilsThread] WARN  pipeline.RatisPipelineUtils (RatisPipelineUtils.java:destroyPipeline(66)) - Pipeline destroy failed for pipeline=PipelineID=1b05caeb-6612-4f13-8732-b428a23d2245 dn=fbfdc5e7-35fe-4dec-93a8-24c91dabe6d4{ip: 192.168.36.125, host: trunk-nightly-20190911-vpfxm-1000144475, networkLocation: /default-rack, certSerialId: null}
2019-09-11 06:35:06,579 [grpc-default-executor-8] INFO  impl.RaftServerProxy (RaftServerProxy.java:remove(95)) - 16d0fe26-9857-4477-8b2c-205100b6d095: remove group-B428A23D2245:null
2019-09-11 06:35:06,581 [RatisPipelineUtilsThread] WARN  pipeline.RatisPipelineUtils (RatisPipelineUtils.java:destroyPipeline(66)) - Pipeline destroy failed for pipeline=PipelineID=1b05caeb-6612-4f13-8732-b428a23d2245 dn=16d0fe26-9857-4477-8b2c-205100b6d095{ip: 192.168.36.125, host: trunk-nightly-20190911-vpfxm-1000144475, networkLocation: /default-rack, certSerialId: null}
2019-09-11 06:35:06,581 [RatisPipelineUtilsThread] ERROR pipeline.SCMPipelineManager (Scheduler.java:lambda$schedule$1(70)) - Destroy pipeline failed for pipeline:Pipeline[ Id: 1b05caeb-6612-4f13-8732-b428a23d2245, Nodes: b3ae6e77-09f2-43a9-bb74-0baf269e9625{ip: 192.168.36.125, host: trunk-nightly-20190911-vpfxm-1000144475, networkLocation: /default-rack, certSerialId: null}fbfdc5e7-35fe-4dec-93a8-24c91dabe6d4{ip: 192.168.36.125, host: trunk-nightly-20190911-vpfxm-1000144475, networkLocation: /default-rack, certSerialId: null}16d0fe26-9857-4477-8b2c-205100b6d095{ip: 192.168.36.125, host: trunk-nightly-20190911-vpfxm-1000144475, networkLocation: /default-rack, certSerialId: null}, Type:RATIS, Factor:THREE, State:CLOSED]
org.apache.hadoop.hdds.scm.pipeline.PipelineNotFoundException: PipelineID=1b05caeb-6612-4f13-8732-b428a23d2245 not found
	at org.apache.hadoop.hdds.scm.pipeline.PipelineStateMap.getPipeline(PipelineStateMap.java:132)
	at org.apache.hadoop.hdds.scm.pipeline.PipelineStateMap.removePipeline(PipelineStateMap.java:322)
	at org.apache.hadoop.hdds.scm.pipeline.PipelineStateManager.removePipeline(PipelineStateManager.java:107)
	at org.apache.hadoop.hdds.scm.pipeline.SCMPipelineManager.removePipeline(SCMPipelineManager.java:423)
	at org.apache.hadoop.hdds.scm.pipeline.SCMPipelineManager.destroyPipeline(SCMPipelineManager.java:409)
	at org.apache.hadoop.hdds.scm.pipeline.SCMPipelineManager.lambda$finalizeAndDestroyPipeline$0(SCMPipelineManager.java:318)
	at org.apache.hadoop.utils.Scheduler.lambda$schedule$1(Scheduler.java:68)
	at java.util.concurrent.Executors$RunnableAdapter.call(Executors.java:511)
	at java.util.concurrent.FutureTask.run(FutureTask.java:266)
	at java.util.concurrent.ScheduledThreadPoolExecutor$ScheduledFutureTask.access$201(ScheduledThreadPoolExecutor.java:180)
	at java.util.concurrent.ScheduledThreadPoolExecutor$ScheduledFutureTask.run(ScheduledThreadPoolExecutor.java:293)
	at java.util.concurrent.ThreadPoolExecutor.runWorker(ThreadPoolExecutor.java:1149)
	at java.util.concurrent.ThreadPoolExecutor$Worker.run(ThreadPoolExecutor.java:624)
	at java.lang.Thread.run(Thread.java:748)
2019-09-11 06:35:06,768 [java.util.concurrent.ThreadPoolExecutor$Worker@1e7423d2[State = -1, empty queue]] WARN  server.GrpcLogAppender (GrpcLogAppender.java:timeoutAppendRequest(200)) - 5fbe7820-a9fa-43af-b8cb-ea2e92af72fb@group-36DB4E6319DB->0972d9e0-1686-4378-a4cd-e26758266cbe-GrpcLogAppender: appendEntries Timeout, request=5fbe7820-a9fa-43af-b8cb-ea2e92af72fb->0972d9e0-1686-4378-a4cd-e26758266cbe#188-t1, previous=(t:1, i:20), leaderCommit=14, initializing? false, entries: <empty>
2019-09-11 06:35:06,768 [java.util.concurrent.ThreadPoolExecutor$Worker@28d9cb8f[State = -1, empty queue]] WARN  server.GrpcLogAppender (GrpcLogAppender.java:timeoutAppendRequest(200)) - 5fbe7820-a9fa-43af-b8cb-ea2e92af72fb@group-36DB4E6319DB->adfcb6a4-90df-42a6-b615-f553bb5ddfe0-GrpcLogAppender: appendEntries Timeout, request=5fbe7820-a9fa-43af-b8cb-ea2e92af72fb->adfcb6a4-90df-42a6-b615-f553bb5ddfe0#188-t1, previous=(t:1, i:20), leaderCommit=14, initializing? false, entries: <empty>
2019-09-11 06:35:08,567 [grpc-default-executor-7] INFO  impl.RaftServerProxy (RaftServerProxy.java:remove(95)) - b3ae6e77-09f2-43a9-bb74-0baf269e9625: remove group-B428A23D2245:null
2019-09-11 06:35:08,568 [RatisPipelineUtilsThread] WARN  pipeline.RatisPipelineUtils (RatisPipelineUtils.java:destroyPipeline(66)) - Pipeline destroy failed for pipeline=PipelineID=1b05caeb-6612-4f13-8732-b428a23d2245 dn=b3ae6e77-09f2-43a9-bb74-0baf269e9625{ip: 192.168.36.125, host: trunk-nightly-20190911-vpfxm-1000144475, networkLocation: /default-rack, certSerialId: null}
2019-09-11 06:35:08,570 [grpc-default-executor-7] INFO  impl.RaftServerProxy (RaftServerProxy.java:remove(95)) - fbfdc5e7-35fe-4dec-93a8-24c91dabe6d4: remove group-B428A23D2245:null
2019-09-11 06:35:08,572 [RatisPipelineUtilsThread] WARN  pipeline.RatisPipelineUtils (RatisPipelineUtils.java:destroyPipeline(66)) - Pipeline destroy failed for pipeline=PipelineID=1b05caeb-6612-4f13-8732-b428a23d2245 dn=fbfdc5e7-35fe-4dec-93a8-24c91dabe6d4{ip: 192.168.36.125, host: trunk-nightly-20190911-vpfxm-1000144475, networkLocation: /default-rack, certSerialId: null}
2019-09-11 06:35:08,574 [grpc-default-executor-7] INFO  impl.RaftServerProxy (RaftServerProxy.java:remove(95)) - 16d0fe26-9857-4477-8b2c-205100b6d095: remove group-B428A23D2245:null
2019-09-11 06:35:08,575 [RatisPipelineUtilsThread] WARN  pipeline.RatisPipelineUtils (RatisPipelineUtils.java:destroyPipeline(66)) - Pipeline destroy failed for pipeline=PipelineID=1b05caeb-6612-4f13-8732-b428a23d2245 dn=16d0fe26-9857-4477-8b2c-205100b6d095{ip: 192.168.36.125, host: trunk-nightly-20190911-vpfxm-1000144475, networkLocation: /default-rack, certSerialId: null}
2019-09-11 06:35:08,576 [RatisPipelineUtilsThread] ERROR pipeline.SCMPipelineManager (Scheduler.java:lambda$schedule$1(70)) - Destroy pipeline failed for pipeline:Pipeline[ Id: 1b05caeb-6612-4f13-8732-b428a23d2245, Nodes: b3ae6e77-09f2-43a9-bb74-0baf269e9625{ip: 192.168.36.125, host: trunk-nightly-20190911-vpfxm-1000144475, networkLocation: /default-rack, certSerialId: null}fbfdc5e7-35fe-4dec-93a8-24c91dabe6d4{ip: 192.168.36.125, host: trunk-nightly-20190911-vpfxm-1000144475, networkLocation: /default-rack, certSerialId: null}16d0fe26-9857-4477-8b2c-205100b6d095{ip: 192.168.36.125, host: trunk-nightly-20190911-vpfxm-1000144475, networkLocation: /default-rack, certSerialId: null}, Type:RATIS, Factor:THREE, State:CLOSED]
org.apache.hadoop.hdds.scm.pipeline.PipelineNotFoundException: PipelineID=1b05caeb-6612-4f13-8732-b428a23d2245 not found
	at org.apache.hadoop.hdds.scm.pipeline.PipelineStateMap.getPipeline(PipelineStateMap.java:132)
	at org.apache.hadoop.hdds.scm.pipeline.PipelineStateMap.removePipeline(PipelineStateMap.java:322)
	at org.apache.hadoop.hdds.scm.pipeline.PipelineStateManager.removePipeline(PipelineStateManager.java:107)
	at org.apache.hadoop.hdds.scm.pipeline.SCMPipelineManager.removePipeline(SCMPipelineManager.java:423)
	at org.apache.hadoop.hdds.scm.pipeline.SCMPipelineManager.destroyPipeline(SCMPipelineManager.java:409)
	at org.apache.hadoop.hdds.scm.pipeline.SCMPipelineManager.lambda$finalizeAndDestroyPipeline$0(SCMPipelineManager.java:318)
	at org.apache.hadoop.utils.Scheduler.lambda$schedule$1(Scheduler.java:68)
	at java.util.concurrent.Executors$RunnableAdapter.call(Executors.java:511)
	at java.util.concurrent.FutureTask.run(FutureTask.java:266)
	at java.util.concurrent.ScheduledThreadPoolExecutor$ScheduledFutureTask.access$201(ScheduledThreadPoolExecutor.java:180)
	at java.util.concurrent.ScheduledThreadPoolExecutor$ScheduledFutureTask.run(ScheduledThreadPoolExecutor.java:293)
	at java.util.concurrent.ThreadPoolExecutor.runWorker(ThreadPoolExecutor.java:1149)
	at java.util.concurrent.ThreadPoolExecutor$Worker.run(ThreadPoolExecutor.java:624)
	at java.lang.Thread.run(Thread.java:748)
2019-09-11 06:35:09,072 [grpc-default-executor-8] INFO  client.GrpcClientProtocolClient (GrpcClientProtocolClient.java:onNext(264)) - client-202F7A5D2390->adfcb6a4-90df-42a6-b615-f553bb5ddfe0: receive RaftClientReply:client-202F7A5D2390->adfcb6a4-90df-42a6-b615-f553bb5ddfe0@group-36DB4E6319DB, cid=143, FAILED org.apache.ratis.protocol.NotLeaderException: Server adfcb6a4-90df-42a6-b615-f553bb5ddfe0@group-36DB4E6319DB is not the leader 5fbe7820-a9fa-43af-b8cb-ea2e92af72fb:192.168.36.125:41382, logIndex=0, commits[adfcb6a4-90df-42a6-b615-f553bb5ddfe0:c14, 5fbe7820-a9fa-43af-b8cb-ea2e92af72fb:c14, 0972d9e0-1686-4378-a4cd-e26758266cbe:c13]
2019-09-11 06:35:09,268 [java.util.concurrent.ThreadPoolExecutor$Worker@1e7423d2[State = -1, empty queue]] WARN  server.GrpcLogAppender (GrpcLogAppender.java:timeoutAppendRequest(200)) - 5fbe7820-a9fa-43af-b8cb-ea2e92af72fb@group-36DB4E6319DB->0972d9e0-1686-4378-a4cd-e26758266cbe-GrpcLogAppender: appendEntries Timeout, request=5fbe7820-a9fa-43af-b8cb-ea2e92af72fb->0972d9e0-1686-4378-a4cd-e26758266cbe#189-t1, previous=(t:1, i:20), leaderCommit=14, initializing? false, entries: <empty>
2019-09-11 06:35:09,268 [java.util.concurrent.ThreadPoolExecutor$Worker@28d9cb8f[State = -1, empty queue]] WARN  server.GrpcLogAppender (GrpcLogAppender.java:timeoutAppendRequest(200)) - 5fbe7820-a9fa-43af-b8cb-ea2e92af72fb@group-36DB4E6319DB->adfcb6a4-90df-42a6-b615-f553bb5ddfe0-GrpcLogAppender: appendEntries Timeout, request=5fbe7820-a9fa-43af-b8cb-ea2e92af72fb->adfcb6a4-90df-42a6-b615-f553bb5ddfe0#189-t1, previous=(t:1, i:20), leaderCommit=14, initializing? false, entries: <empty>
2019-09-11 06:35:11,570 [grpc-default-executor-8] INFO  impl.RaftServerProxy (RaftServerProxy.java:remove(95)) - b3ae6e77-09f2-43a9-bb74-0baf269e9625: remove group-B428A23D2245:null
2019-09-11 06:35:11,573 [RatisPipelineUtilsThread] WARN  pipeline.RatisPipelineUtils (RatisPipelineUtils.java:destroyPipeline(66)) - Pipeline destroy failed for pipeline=PipelineID=1b05caeb-6612-4f13-8732-b428a23d2245 dn=b3ae6e77-09f2-43a9-bb74-0baf269e9625{ip: 192.168.36.125, host: trunk-nightly-20190911-vpfxm-1000144475, networkLocation: /default-rack, certSerialId: null}
2019-09-11 06:35:11,575 [grpc-default-executor-8] INFO  impl.RaftServerProxy (RaftServerProxy.java:remove(95)) - fbfdc5e7-35fe-4dec-93a8-24c91dabe6d4: remove group-B428A23D2245:null
2019-09-11 06:35:11,579 [RatisPipelineUtilsThread] WARN  pipeline.RatisPipelineUtils (RatisPipelineUtils.java:destroyPipeline(66)) - Pipeline destroy failed for pipeline=PipelineID=1b05caeb-6612-4f13-8732-b428a23d2245 dn=fbfdc5e7-35fe-4dec-93a8-24c91dabe6d4{ip: 192.168.36.125, host: trunk-nightly-20190911-vpfxm-1000144475, networkLocation: /default-rack, certSerialId: null}
2019-09-11 06:35:11,581 [grpc-default-executor-8] INFO  impl.RaftServerProxy (RaftServerProxy.java:remove(95)) - 16d0fe26-9857-4477-8b2c-205100b6d095: remove group-B428A23D2245:null
2019-09-11 06:35:11,583 [RatisPipelineUtilsThread] WARN  pipeline.RatisPipelineUtils (RatisPipelineUtils.java:destroyPipeline(66)) - Pipeline destroy failed for pipeline=PipelineID=1b05caeb-6612-4f13-8732-b428a23d2245 dn=16d0fe26-9857-4477-8b2c-205100b6d095{ip: 192.168.36.125, host: trunk-nightly-20190911-vpfxm-1000144475, networkLocation: /default-rack, certSerialId: null}
2019-09-11 06:35:11,583 [RatisPipelineUtilsThread] ERROR pipeline.SCMPipelineManager (Scheduler.java:lambda$schedule$1(70)) - Destroy pipeline failed for pipeline:Pipeline[ Id: 1b05caeb-6612-4f13-8732-b428a23d2245, Nodes: b3ae6e77-09f2-43a9-bb74-0baf269e9625{ip: 192.168.36.125, host: trunk-nightly-20190911-vpfxm-1000144475, networkLocation: /default-rack, certSerialId: null}fbfdc5e7-35fe-4dec-93a8-24c91dabe6d4{ip: 192.168.36.125, host: trunk-nightly-20190911-vpfxm-1000144475, networkLocation: /default-rack, certSerialId: null}16d0fe26-9857-4477-8b2c-205100b6d095{ip: 192.168.36.125, host: trunk-nightly-20190911-vpfxm-1000144475, networkLocation: /default-rack, certSerialId: null}, Type:RATIS, Factor:THREE, State:CLOSED]
org.apache.hadoop.hdds.scm.pipeline.PipelineNotFoundException: PipelineID=1b05caeb-6612-4f13-8732-b428a23d2245 not found
	at org.apache.hadoop.hdds.scm.pipeline.PipelineStateMap.getPipeline(PipelineStateMap.java:132)
	at org.apache.hadoop.hdds.scm.pipeline.PipelineStateMap.removePipeline(PipelineStateMap.java:322)
	at org.apache.hadoop.hdds.scm.pipeline.PipelineStateManager.removePipeline(PipelineStateManager.java:107)
	at org.apache.hadoop.hdds.scm.pipeline.SCMPipelineManager.removePipeline(SCMPipelineManager.java:423)
	at org.apache.hadoop.hdds.scm.pipeline.SCMPipelineManager.destroyPipeline(SCMPipelineManager.java:409)
	at org.apache.hadoop.hdds.scm.pipeline.SCMPipelineManager.lambda$finalizeAndDestroyPipeline$0(SCMPipelineManager.java:318)
	at org.apache.hadoop.utils.Scheduler.lambda$schedule$1(Scheduler.java:68)
	at java.util.concurrent.Executors$RunnableAdapter.call(Executors.java:511)
	at java.util.concurrent.FutureTask.run(FutureTask.java:266)
	at java.util.concurrent.ScheduledThreadPoolExecutor$ScheduledFutureTask.access$201(ScheduledThreadPoolExecutor.java:180)
	at java.util.concurrent.ScheduledThreadPoolExecutor$ScheduledFutureTask.run(ScheduledThreadPoolExecutor.java:293)
	at java.util.concurrent.ThreadPoolExecutor.runWorker(ThreadPoolExecutor.java:1149)
	at java.util.concurrent.ThreadPoolExecutor$Worker.run(ThreadPoolExecutor.java:624)
	at java.lang.Thread.run(Thread.java:748)
2019-09-11 06:35:11,768 [java.util.concurrent.ThreadPoolExecutor$Worker@1e7423d2[State = -1, empty queue]] WARN  server.GrpcLogAppender (GrpcLogAppender.java:timeoutAppendRequest(200)) - 5fbe7820-a9fa-43af-b8cb-ea2e92af72fb@group-36DB4E6319DB->0972d9e0-1686-4378-a4cd-e26758266cbe-GrpcLogAppender: appendEntries Timeout, request=5fbe7820-a9fa-43af-b8cb-ea2e92af72fb->0972d9e0-1686-4378-a4cd-e26758266cbe#190-t1, previous=(t:1, i:20), leaderCommit=14, initializing? false, entries: <empty>
2019-09-11 06:35:11,769 [java.util.concurrent.ThreadPoolExecutor$Worker@28d9cb8f[State = -1, empty queue]] WARN  server.GrpcLogAppender (GrpcLogAppender.java:timeoutAppendRequest(200)) - 5fbe7820-a9fa-43af-b8cb-ea2e92af72fb@group-36DB4E6319DB->adfcb6a4-90df-42a6-b615-f553bb5ddfe0-GrpcLogAppender: appendEntries Timeout, request=5fbe7820-a9fa-43af-b8cb-ea2e92af72fb->adfcb6a4-90df-42a6-b615-f553bb5ddfe0#190-t1, previous=(t:1, i:20), leaderCommit=14, initializing? false, entries: <empty>
2019-09-11 06:35:13,572 [grpc-default-executor-8] INFO  impl.RaftServerProxy (RaftServerProxy.java:remove(95)) - b3ae6e77-09f2-43a9-bb74-0baf269e9625: remove group-B428A23D2245:null
2019-09-11 06:35:13,576 [RatisPipelineUtilsThread] WARN  pipeline.RatisPipelineUtils (RatisPipelineUtils.java:destroyPipeline(66)) - Pipeline destroy failed for pipeline=PipelineID=1b05caeb-6612-4f13-8732-b428a23d2245 dn=b3ae6e77-09f2-43a9-bb74-0baf269e9625{ip: 192.168.36.125, host: trunk-nightly-20190911-vpfxm-1000144475, networkLocation: /default-rack, certSerialId: null}
2019-09-11 06:35:13,578 [grpc-default-executor-8] INFO  impl.RaftServerProxy (RaftServerProxy.java:remove(95)) - fbfdc5e7-35fe-4dec-93a8-24c91dabe6d4: remove group-B428A23D2245:null
2019-09-11 06:35:13,580 [RatisPipelineUtilsThread] WARN  pipeline.RatisPipelineUtils (RatisPipelineUtils.java:destroyPipeline(66)) - Pipeline destroy failed for pipeline=PipelineID=1b05caeb-6612-4f13-8732-b428a23d2245 dn=fbfdc5e7-35fe-4dec-93a8-24c91dabe6d4{ip: 192.168.36.125, host: trunk-nightly-20190911-vpfxm-1000144475, networkLocation: /default-rack, certSerialId: null}
2019-09-11 06:35:13,582 [grpc-default-executor-8] INFO  impl.RaftServerProxy (RaftServerProxy.java:remove(95)) - 16d0fe26-9857-4477-8b2c-205100b6d095: remove group-B428A23D2245:null
2019-09-11 06:35:13,584 [RatisPipelineUtilsThread] WARN  pipeline.RatisPipelineUtils (RatisPipelineUtils.java:destroyPipeline(66)) - Pipeline destroy failed for pipeline=PipelineID=1b05caeb-6612-4f13-8732-b428a23d2245 dn=16d0fe26-9857-4477-8b2c-205100b6d095{ip: 192.168.36.125, host: trunk-nightly-20190911-vpfxm-1000144475, networkLocation: /default-rack, certSerialId: null}
2019-09-11 06:35:13,585 [RatisPipelineUtilsThread] ERROR pipeline.SCMPipelineManager (Scheduler.java:lambda$schedule$1(70)) - Destroy pipeline failed for pipeline:Pipeline[ Id: 1b05caeb-6612-4f13-8732-b428a23d2245, Nodes: b3ae6e77-09f2-43a9-bb74-0baf269e9625{ip: 192.168.36.125, host: trunk-nightly-20190911-vpfxm-1000144475, networkLocation: /default-rack, certSerialId: null}fbfdc5e7-35fe-4dec-93a8-24c91dabe6d4{ip: 192.168.36.125, host: trunk-nightly-20190911-vpfxm-1000144475, networkLocation: /default-rack, certSerialId: null}16d0fe26-9857-4477-8b2c-205100b6d095{ip: 192.168.36.125, host: trunk-nightly-20190911-vpfxm-1000144475, networkLocation: /default-rack, certSerialId: null}, Type:RATIS, Factor:THREE, State:CLOSED]
org.apache.hadoop.hdds.scm.pipeline.PipelineNotFoundException: PipelineID=1b05caeb-6612-4f13-8732-b428a23d2245 not found
	at org.apache.hadoop.hdds.scm.pipeline.PipelineStateMap.getPipeline(PipelineStateMap.java:132)
	at org.apache.hadoop.hdds.scm.pipeline.PipelineStateMap.removePipeline(PipelineStateMap.java:322)
	at org.apache.hadoop.hdds.scm.pipeline.PipelineStateManager.removePipeline(PipelineStateManager.java:107)
	at org.apache.hadoop.hdds.scm.pipeline.SCMPipelineManager.removePipeline(SCMPipelineManager.java:423)
	at org.apache.hadoop.hdds.scm.pipeline.SCMPipelineManager.destroyPipeline(SCMPipelineManager.java:409)
	at org.apache.hadoop.hdds.scm.pipeline.SCMPipelineManager.lambda$finalizeAndDestroyPipeline$0(SCMPipelineManager.java:318)
	at org.apache.hadoop.utils.Scheduler.lambda$schedule$1(Scheduler.java:68)
	at java.util.concurrent.Executors$RunnableAdapter.call(Executors.java:511)
	at java.util.concurrent.FutureTask.run(FutureTask.java:266)
	at java.util.concurrent.ScheduledThreadPoolExecutor$ScheduledFutureTask.access$201(ScheduledThreadPoolExecutor.java:180)
	at java.util.concurrent.ScheduledThreadPoolExecutor$ScheduledFutureTask.run(ScheduledThreadPoolExecutor.java:293)
	at java.util.concurrent.ThreadPoolExecutor.runWorker(ThreadPoolExecutor.java:1149)
	at java.util.concurrent.ThreadPoolExecutor$Worker.run(ThreadPoolExecutor.java:624)
	at java.lang.Thread.run(Thread.java:748)
2019-09-11 06:35:13,761 [0972d9e0-1686-4378-a4cd-e26758266cbe@group-36DB4E6319DB-SegmentedRaftLogWorker] WARN  segmented.SegmentedRaftLogWorker (SegmentedRaftLogWorker.java:getFromFuture(90)) - Timeout 4/~
org.apache.ratis.protocol.TimeoutIOException: Timeout 10s: WriteLog:15: (t:1, i:15), STATEMACHINELOGENTRY, client-202F7A5D2390, cid=143-writeStateMachineData
	at org.apache.ratis.util.IOUtils.getFromFuture(IOUtils.java:87)
	at org.apache.ratis.server.raftlog.segmented.SegmentedRaftLogWorker$StateMachineDataPolicy.getFromFuture(SegmentedRaftLogWorker.java:87)
	at org.apache.ratis.server.raftlog.segmented.SegmentedRaftLogWorker$WriteLog.execute(SegmentedRaftLogWorker.java:477)
	at org.apache.ratis.server.raftlog.segmented.SegmentedRaftLogWorker.run(SegmentedRaftLogWorker.java:289)
	at java.lang.Thread.run(Thread.java:748)
Caused by: java.util.concurrent.TimeoutException
	at java.util.concurrent.CompletableFuture.timedGet(CompletableFuture.java:1771)
	at java.util.concurrent.CompletableFuture.get(CompletableFuture.java:1915)
	at org.apache.ratis.util.IOUtils.getFromFuture(IOUtils.java:79)
	... 4 more
2019-09-11 06:35:13,761 [5fbe7820-a9fa-43af-b8cb-ea2e92af72fb@group-36DB4E6319DB-SegmentedRaftLogWorker] WARN  segmented.SegmentedRaftLogWorker (SegmentedRaftLogWorker.java:getFromFuture(90)) - Timeout 4/~
org.apache.ratis.protocol.TimeoutIOException: Timeout 10s: WriteLog:15: (t:1, i:15), STATEMACHINELOGENTRY, client-202F7A5D2390, cid=143-writeStateMachineData
	at org.apache.ratis.util.IOUtils.getFromFuture(IOUtils.java:87)
	at org.apache.ratis.server.raftlog.segmented.SegmentedRaftLogWorker$StateMachineDataPolicy.getFromFuture(SegmentedRaftLogWorker.java:87)
	at org.apache.ratis.server.raftlog.segmented.SegmentedRaftLogWorker$WriteLog.execute(SegmentedRaftLogWorker.java:477)
	at org.apache.ratis.server.raftlog.segmented.SegmentedRaftLogWorker.run(SegmentedRaftLogWorker.java:289)
	at java.lang.Thread.run(Thread.java:748)
Caused by: java.util.concurrent.TimeoutException
	at java.util.concurrent.CompletableFuture.timedGet(CompletableFuture.java:1771)
	at java.util.concurrent.CompletableFuture.get(CompletableFuture.java:1915)
	at org.apache.ratis.util.IOUtils.getFromFuture(IOUtils.java:79)
	... 4 more
2019-09-11 06:35:13,834 [adfcb6a4-90df-42a6-b615-f553bb5ddfe0@group-36DB4E6319DB-SegmentedRaftLogWorker] WARN  segmented.SegmentedRaftLogWorker (SegmentedRaftLogWorker.java:getFromFuture(90)) - Timeout 4/~
org.apache.ratis.protocol.TimeoutIOException: Timeout 10s: WriteLog:16: (t:1, i:16), STATEMACHINELOGENTRY, client-202F7A5D2390, cid=144-writeStateMachineData
	at org.apache.ratis.util.IOUtils.getFromFuture(IOUtils.java:87)
	at org.apache.ratis.server.raftlog.segmented.SegmentedRaftLogWorker$StateMachineDataPolicy.getFromFuture(SegmentedRaftLogWorker.java:87)
	at org.apache.ratis.server.raftlog.segmented.SegmentedRaftLogWorker$WriteLog.execute(SegmentedRaftLogWorker.java:477)
	at org.apache.ratis.server.raftlog.segmented.SegmentedRaftLogWorker.run(SegmentedRaftLogWorker.java:289)
	at java.lang.Thread.run(Thread.java:748)
Caused by: java.util.concurrent.TimeoutException
	at java.util.concurrent.CompletableFuture.timedGet(CompletableFuture.java:1771)
	at java.util.concurrent.CompletableFuture.get(CompletableFuture.java:1915)
	at org.apache.ratis.util.IOUtils.getFromFuture(IOUtils.java:79)
	... 4 more
2019-09-11 06:35:14,111 [grpc-default-executor-7] INFO  client.GrpcClientProtocolClient (GrpcClientProtocolClient.java:onNext(264)) - client-202F7A5D2390->0972d9e0-1686-4378-a4cd-e26758266cbe: receive RaftClientReply:client-202F7A5D2390->0972d9e0-1686-4378-a4cd-e26758266cbe@group-36DB4E6319DB, cid=143, FAILED org.apache.ratis.protocol.NotLeaderException: Server 0972d9e0-1686-4378-a4cd-e26758266cbe@group-36DB4E6319DB is not the leader 5fbe7820-a9fa-43af-b8cb-ea2e92af72fb:192.168.36.125:41382, logIndex=0, commits[0972d9e0-1686-4378-a4cd-e26758266cbe:c14, 5fbe7820-a9fa-43af-b8cb-ea2e92af72fb:c14, adfcb6a4-90df-42a6-b615-f553bb5ddfe0:c13]
2019-09-11 06:35:14,269 [java.util.concurrent.ThreadPoolExecutor$Worker@1e7423d2[State = -1, empty queue]] WARN  server.GrpcLogAppender (GrpcLogAppender.java:timeoutAppendRequest(200)) - 5fbe7820-a9fa-43af-b8cb-ea2e92af72fb@group-36DB4E6319DB->0972d9e0-1686-4378-a4cd-e26758266cbe-GrpcLogAppender: appendEntries Timeout, request=5fbe7820-a9fa-43af-b8cb-ea2e92af72fb->0972d9e0-1686-4378-a4cd-e26758266cbe#191-t1, previous=(t:1, i:20), leaderCommit=14, initializing? false, entries: <empty>
2019-09-11 06:35:14,269 [java.util.concurrent.ThreadPoolExecutor$Worker@28d9cb8f[State = -1, empty queue]] WARN  server.GrpcLogAppender (GrpcLogAppender.java:timeoutAppendRequest(200)) - 5fbe7820-a9fa-43af-b8cb-ea2e92af72fb@group-36DB4E6319DB->adfcb6a4-90df-42a6-b615-f553bb5ddfe0-GrpcLogAppender: appendEntries Timeout, request=5fbe7820-a9fa-43af-b8cb-ea2e92af72fb->adfcb6a4-90df-42a6-b615-f553bb5ddfe0#191-t1, previous=(t:1, i:20), leaderCommit=14, initializing? false, entries: <empty>
2019-09-11 06:35:16,567 [grpc-default-executor-7] INFO  impl.RaftServerProxy (RaftServerProxy.java:remove(95)) - b3ae6e77-09f2-43a9-bb74-0baf269e9625: remove group-B428A23D2245:null
2019-09-11 06:35:16,569 [RatisPipelineUtilsThread] WARN  pipeline.RatisPipelineUtils (RatisPipelineUtils.java:destroyPipeline(66)) - Pipeline destroy failed for pipeline=PipelineID=1b05caeb-6612-4f13-8732-b428a23d2245 dn=b3ae6e77-09f2-43a9-bb74-0baf269e9625{ip: 192.168.36.125, host: trunk-nightly-20190911-vpfxm-1000144475, networkLocation: /default-rack, certSerialId: null}
2019-09-11 06:35:16,571 [grpc-default-executor-7] INFO  impl.RaftServerProxy (RaftServerProxy.java:remove(95)) - fbfdc5e7-35fe-4dec-93a8-24c91dabe6d4: remove group-B428A23D2245:null
2019-09-11 06:35:16,572 [RatisPipelineUtilsThread] WARN  pipeline.RatisPipelineUtils (RatisPipelineUtils.java:destroyPipeline(66)) - Pipeline destroy failed for pipeline=PipelineID=1b05caeb-6612-4f13-8732-b428a23d2245 dn=fbfdc5e7-35fe-4dec-93a8-24c91dabe6d4{ip: 192.168.36.125, host: trunk-nightly-20190911-vpfxm-1000144475, networkLocation: /default-rack, certSerialId: null}
2019-09-11 06:35:16,574 [grpc-default-executor-7] INFO  impl.RaftServerProxy (RaftServerProxy.java:remove(95)) - 16d0fe26-9857-4477-8b2c-205100b6d095: remove group-B428A23D2245:null
2019-09-11 06:35:16,575 [RatisPipelineUtilsThread] WARN  pipeline.RatisPipelineUtils (RatisPipelineUtils.java:destroyPipeline(66)) - Pipeline destroy failed for pipeline=PipelineID=1b05caeb-6612-4f13-8732-b428a23d2245 dn=16d0fe26-9857-4477-8b2c-205100b6d095{ip: 192.168.36.125, host: trunk-nightly-20190911-vpfxm-1000144475, networkLocation: /default-rack, certSerialId: null}
2019-09-11 06:35:16,576 [RatisPipelineUtilsThread] ERROR pipeline.SCMPipelineManager (Scheduler.java:lambda$schedule$1(70)) - Destroy pipeline failed for pipeline:Pipeline[ Id: 1b05caeb-6612-4f13-8732-b428a23d2245, Nodes: b3ae6e77-09f2-43a9-bb74-0baf269e9625{ip: 192.168.36.125, host: trunk-nightly-20190911-vpfxm-1000144475, networkLocation: /default-rack, certSerialId: null}fbfdc5e7-35fe-4dec-93a8-24c91dabe6d4{ip: 192.168.36.125, host: trunk-nightly-20190911-vpfxm-1000144475, networkLocation: /default-rack, certSerialId: null}16d0fe26-9857-4477-8b2c-205100b6d095{ip: 192.168.36.125, host: trunk-nightly-20190911-vpfxm-1000144475, networkLocation: /default-rack, certSerialId: null}, Type:RATIS, Factor:THREE, State:CLOSED]
org.apache.hadoop.hdds.scm.pipeline.PipelineNotFoundException: PipelineID=1b05caeb-6612-4f13-8732-b428a23d2245 not found
	at org.apache.hadoop.hdds.scm.pipeline.PipelineStateMap.getPipeline(PipelineStateMap.java:132)
	at org.apache.hadoop.hdds.scm.pipeline.PipelineStateMap.removePipeline(PipelineStateMap.java:322)
	at org.apache.hadoop.hdds.scm.pipeline.PipelineStateManager.removePipeline(PipelineStateManager.java:107)
	at org.apache.hadoop.hdds.scm.pipeline.SCMPipelineManager.removePipeline(SCMPipelineManager.java:423)
	at org.apache.hadoop.hdds.scm.pipeline.SCMPipelineManager.destroyPipeline(SCMPipelineManager.java:409)
	at org.apache.hadoop.hdds.scm.pipeline.SCMPipelineManager.lambda$finalizeAndDestroyPipeline$0(SCMPipelineManager.java:318)
	at org.apache.hadoop.utils.Scheduler.lambda$schedule$1(Scheduler.java:68)
	at java.util.concurrent.Executors$RunnableAdapter.call(Executors.java:511)
	at java.util.concurrent.FutureTask.run(FutureTask.java:266)
	at java.util.concurrent.ScheduledThreadPoolExecutor$ScheduledFutureTask.access$201(ScheduledThreadPoolExecutor.java:180)
	at java.util.concurrent.ScheduledThreadPoolExecutor$ScheduledFutureTask.run(ScheduledThreadPoolExecutor.java:293)
	at java.util.concurrent.ThreadPoolExecutor.runWorker(ThreadPoolExecutor.java:1149)
	at java.util.concurrent.ThreadPoolExecutor$Worker.run(ThreadPoolExecutor.java:624)
	at java.lang.Thread.run(Thread.java:748)
2019-09-11 06:35:16,769 [java.util.concurrent.ThreadPoolExecutor$Worker@1e7423d2[State = -1, empty queue]] WARN  server.GrpcLogAppender (GrpcLogAppender.java:timeoutAppendRequest(200)) - 5fbe7820-a9fa-43af-b8cb-ea2e92af72fb@group-36DB4E6319DB->0972d9e0-1686-4378-a4cd-e26758266cbe-GrpcLogAppender: appendEntries Timeout, request=5fbe7820-a9fa-43af-b8cb-ea2e92af72fb->0972d9e0-1686-4378-a4cd-e26758266cbe#192-t1, previous=(t:1, i:20), leaderCommit=14, initializing? false, entries: <empty>
2019-09-11 06:35:16,769 [java.util.concurrent.ThreadPoolExecutor$Worker@28d9cb8f[State = -1, empty queue]] WARN  server.GrpcLogAppender (GrpcLogAppender.java:timeoutAppendRequest(200)) - 5fbe7820-a9fa-43af-b8cb-ea2e92af72fb@group-36DB4E6319DB->adfcb6a4-90df-42a6-b615-f553bb5ddfe0-GrpcLogAppender: appendEntries Timeout, request=5fbe7820-a9fa-43af-b8cb-ea2e92af72fb->adfcb6a4-90df-42a6-b615-f553bb5ddfe0#192-t1, previous=(t:1, i:20), leaderCommit=14, initializing? false, entries: <empty>
2019-09-11 06:35:18,568 [grpc-default-executor-7] INFO  impl.RaftServerProxy (RaftServerProxy.java:remove(95)) - b3ae6e77-09f2-43a9-bb74-0baf269e9625: remove group-B428A23D2245:null
2019-09-11 06:35:18,570 [RatisPipelineUtilsThread] WARN  pipeline.RatisPipelineUtils (RatisPipelineUtils.java:destroyPipeline(66)) - Pipeline destroy failed for pipeline=PipelineID=1b05caeb-6612-4f13-8732-b428a23d2245 dn=b3ae6e77-09f2-43a9-bb74-0baf269e9625{ip: 192.168.36.125, host: trunk-nightly-20190911-vpfxm-1000144475, networkLocation: /default-rack, certSerialId: null}
2019-09-11 06:35:18,572 [grpc-default-executor-7] INFO  impl.RaftServerProxy (RaftServerProxy.java:remove(95)) - fbfdc5e7-35fe-4dec-93a8-24c91dabe6d4: remove group-B428A23D2245:null
2019-09-11 06:35:18,573 [RatisPipelineUtilsThread] WARN  pipeline.RatisPipelineUtils (RatisPipelineUtils.java:destroyPipeline(66)) - Pipeline destroy failed for pipeline=PipelineID=1b05caeb-6612-4f13-8732-b428a23d2245 dn=fbfdc5e7-35fe-4dec-93a8-24c91dabe6d4{ip: 192.168.36.125, host: trunk-nightly-20190911-vpfxm-1000144475, networkLocation: /default-rack, certSerialId: null}
2019-09-11 06:35:18,575 [grpc-default-executor-7] INFO  impl.RaftServerProxy (RaftServerProxy.java:remove(95)) - 16d0fe26-9857-4477-8b2c-205100b6d095: remove group-B428A23D2245:null
2019-09-11 06:35:18,576 [RatisPipelineUtilsThread] WARN  pipeline.RatisPipelineUtils (RatisPipelineUtils.java:destroyPipeline(66)) - Pipeline destroy failed for pipeline=PipelineID=1b05caeb-6612-4f13-8732-b428a23d2245 dn=16d0fe26-9857-4477-8b2c-205100b6d095{ip: 192.168.36.125, host: trunk-nightly-20190911-vpfxm-1000144475, networkLocation: /default-rack, certSerialId: null}
2019-09-11 06:35:18,576 [RatisPipelineUtilsThread] ERROR pipeline.SCMPipelineManager (Scheduler.java:lambda$schedule$1(70)) - Destroy pipeline failed for pipeline:Pipeline[ Id: 1b05caeb-6612-4f13-8732-b428a23d2245, Nodes: b3ae6e77-09f2-43a9-bb74-0baf269e9625{ip: 192.168.36.125, host: trunk-nightly-20190911-vpfxm-1000144475, networkLocation: /default-rack, certSerialId: null}fbfdc5e7-35fe-4dec-93a8-24c91dabe6d4{ip: 192.168.36.125, host: trunk-nightly-20190911-vpfxm-1000144475, networkLocation: /default-rack, certSerialId: null}16d0fe26-9857-4477-8b2c-205100b6d095{ip: 192.168.36.125, host: trunk-nightly-20190911-vpfxm-1000144475, networkLocation: /default-rack, certSerialId: null}, Type:RATIS, Factor:THREE, State:CLOSED]
org.apache.hadoop.hdds.scm.pipeline.PipelineNotFoundException: PipelineID=1b05caeb-6612-4f13-8732-b428a23d2245 not found
	at org.apache.hadoop.hdds.scm.pipeline.PipelineStateMap.getPipeline(PipelineStateMap.java:132)
	at org.apache.hadoop.hdds.scm.pipeline.PipelineStateMap.removePipeline(PipelineStateMap.java:322)
	at org.apache.hadoop.hdds.scm.pipeline.PipelineStateManager.removePipeline(PipelineStateManager.java:107)
	at org.apache.hadoop.hdds.scm.pipeline.SCMPipelineManager.removePipeline(SCMPipelineManager.java:423)
	at org.apache.hadoop.hdds.scm.pipeline.SCMPipelineManager.destroyPipeline(SCMPipelineManager.java:409)
	at org.apache.hadoop.hdds.scm.pipeline.SCMPipelineManager.lambda$finalizeAndDestroyPipeline$0(SCMPipelineManager.java:318)
	at org.apache.hadoop.utils.Scheduler.lambda$schedule$1(Scheduler.java:68)
	at java.util.concurrent.Executors$RunnableAdapter.call(Executors.java:511)
	at java.util.concurrent.FutureTask.run(FutureTask.java:266)
	at java.util.concurrent.ScheduledThreadPoolExecutor$ScheduledFutureTask.access$201(ScheduledThreadPoolExecutor.java:180)
	at java.util.concurrent.ScheduledThreadPoolExecutor$ScheduledFutureTask.run(ScheduledThreadPoolExecutor.java:293)
	at java.util.concurrent.ThreadPoolExecutor.runWorker(ThreadPoolExecutor.java:1149)
	at java.util.concurrent.ThreadPoolExecutor$Worker.run(ThreadPoolExecutor.java:624)
	at java.lang.Thread.run(Thread.java:748)
2019-09-11 06:35:19,143 [grpc-default-executor-7] INFO  client.GrpcClientProtocolClient (GrpcClientProtocolClient.java:onNext(264)) - client-202F7A5D2390->adfcb6a4-90df-42a6-b615-f553bb5ddfe0: receive RaftClientReply:client-202F7A5D2390->adfcb6a4-90df-42a6-b615-f553bb5ddfe0@group-36DB4E6319DB, cid=143, FAILED org.apache.ratis.protocol.NotLeaderException: Server adfcb6a4-90df-42a6-b615-f553bb5ddfe0@group-36DB4E6319DB is not the leader 5fbe7820-a9fa-43af-b8cb-ea2e92af72fb:192.168.36.125:41382, logIndex=0, commits[adfcb6a4-90df-42a6-b615-f553bb5ddfe0:c14, 5fbe7820-a9fa-43af-b8cb-ea2e92af72fb:c14, 0972d9e0-1686-4378-a4cd-e26758266cbe:c13]
2019-09-11 06:35:19,269 [java.util.concurrent.ThreadPoolExecutor$Worker@1e7423d2[State = -1, empty queue]] WARN  server.GrpcLogAppender (GrpcLogAppender.java:timeoutAppendRequest(200)) - 5fbe7820-a9fa-43af-b8cb-ea2e92af72fb@group-36DB4E6319DB->0972d9e0-1686-4378-a4cd-e26758266cbe-GrpcLogAppender: appendEntries Timeout, request=5fbe7820-a9fa-43af-b8cb-ea2e92af72fb->0972d9e0-1686-4378-a4cd-e26758266cbe#193-t1, previous=(t:1, i:20), leaderCommit=14, initializing? false, entries: <empty>
2019-09-11 06:35:19,269 [java.util.concurrent.ThreadPoolExecutor$Worker@28d9cb8f[State = -1, empty queue]] WARN  server.GrpcLogAppender (GrpcLogAppender.java:timeoutAppendRequest(200)) - 5fbe7820-a9fa-43af-b8cb-ea2e92af72fb@group-36DB4E6319DB->adfcb6a4-90df-42a6-b615-f553bb5ddfe0-GrpcLogAppender: appendEntries Timeout, request=5fbe7820-a9fa-43af-b8cb-ea2e92af72fb->adfcb6a4-90df-42a6-b615-f553bb5ddfe0#193-t1, previous=(t:1, i:20), leaderCommit=14, initializing? false, entries: <empty>
2019-09-11 06:35:21,567 [grpc-default-executor-7] INFO  impl.RaftServerProxy (RaftServerProxy.java:remove(95)) - b3ae6e77-09f2-43a9-bb74-0baf269e9625: remove group-B428A23D2245:null
2019-09-11 06:35:21,570 [RatisPipelineUtilsThread] WARN  pipeline.RatisPipelineUtils (RatisPipelineUtils.java:destroyPipeline(66)) - Pipeline destroy failed for pipeline=PipelineID=1b05caeb-6612-4f13-8732-b428a23d2245 dn=b3ae6e77-09f2-43a9-bb74-0baf269e9625{ip: 192.168.36.125, host: trunk-nightly-20190911-vpfxm-1000144475, networkLocation: /default-rack, certSerialId: null}
2019-09-11 06:35:21,572 [grpc-default-executor-7] INFO  impl.RaftServerProxy (RaftServerProxy.java:remove(95)) - fbfdc5e7-35fe-4dec-93a8-24c91dabe6d4: remove group-B428A23D2245:null
2019-09-11 06:35:21,573 [RatisPipelineUtilsThread] WARN  pipeline.RatisPipelineUtils (RatisPipelineUtils.java:destroyPipeline(66)) - Pipeline destroy failed for pipeline=PipelineID=1b05caeb-6612-4f13-8732-b428a23d2245 dn=fbfdc5e7-35fe-4dec-93a8-24c91dabe6d4{ip: 192.168.36.125, host: trunk-nightly-20190911-vpfxm-1000144475, networkLocation: /default-rack, certSerialId: null}
2019-09-11 06:35:21,575 [grpc-default-executor-7] INFO  impl.RaftServerProxy (RaftServerProxy.java:remove(95)) - 16d0fe26-9857-4477-8b2c-205100b6d095: remove group-B428A23D2245:null
2019-09-11 06:35:21,576 [RatisPipelineUtilsThread] WARN  pipeline.RatisPipelineUtils (RatisPipelineUtils.java:destroyPipeline(66)) - Pipeline destroy failed for pipeline=PipelineID=1b05caeb-6612-4f13-8732-b428a23d2245 dn=16d0fe26-9857-4477-8b2c-205100b6d095{ip: 192.168.36.125, host: trunk-nightly-20190911-vpfxm-1000144475, networkLocation: /default-rack, certSerialId: null}
2019-09-11 06:35:21,576 [RatisPipelineUtilsThread] ERROR pipeline.SCMPipelineManager (Scheduler.java:lambda$schedule$1(70)) - Destroy pipeline failed for pipeline:Pipeline[ Id: 1b05caeb-6612-4f13-8732-b428a23d2245, Nodes: b3ae6e77-09f2-43a9-bb74-0baf269e9625{ip: 192.168.36.125, host: trunk-nightly-20190911-vpfxm-1000144475, networkLocation: /default-rack, certSerialId: null}fbfdc5e7-35fe-4dec-93a8-24c91dabe6d4{ip: 192.168.36.125, host: trunk-nightly-20190911-vpfxm-1000144475, networkLocation: /default-rack, certSerialId: null}16d0fe26-9857-4477-8b2c-205100b6d095{ip: 192.168.36.125, host: trunk-nightly-20190911-vpfxm-1000144475, networkLocation: /default-rack, certSerialId: null}, Type:RATIS, Factor:THREE, State:CLOSED]
org.apache.hadoop.hdds.scm.pipeline.PipelineNotFoundException: PipelineID=1b05caeb-6612-4f13-8732-b428a23d2245 not found
	at org.apache.hadoop.hdds.scm.pipeline.PipelineStateMap.getPipeline(PipelineStateMap.java:132)
	at org.apache.hadoop.hdds.scm.pipeline.PipelineStateMap.removePipeline(PipelineStateMap.java:322)
	at org.apache.hadoop.hdds.scm.pipeline.PipelineStateManager.removePipeline(PipelineStateManager.java:107)
	at org.apache.hadoop.hdds.scm.pipeline.SCMPipelineManager.removePipeline(SCMPipelineManager.java:423)
	at org.apache.hadoop.hdds.scm.pipeline.SCMPipelineManager.destroyPipeline(SCMPipelineManager.java:409)
	at org.apache.hadoop.hdds.scm.pipeline.SCMPipelineManager.lambda$finalizeAndDestroyPipeline$0(SCMPipelineManager.java:318)
	at org.apache.hadoop.utils.Scheduler.lambda$schedule$1(Scheduler.java:68)
	at java.util.concurrent.Executors$RunnableAdapter.call(Executors.java:511)
	at java.util.concurrent.FutureTask.run(FutureTask.java:266)
	at java.util.concurrent.ScheduledThreadPoolExecutor$ScheduledFutureTask.access$201(ScheduledThreadPoolExecutor.java:180)
	at java.util.concurrent.ScheduledThreadPoolExecutor$ScheduledFutureTask.run(ScheduledThreadPoolExecutor.java:293)
	at java.util.concurrent.ThreadPoolExecutor.runWorker(ThreadPoolExecutor.java:1149)
	at java.util.concurrent.ThreadPoolExecutor$Worker.run(ThreadPoolExecutor.java:624)
	at java.lang.Thread.run(Thread.java:748)
2019-09-11 06:35:21,769 [java.util.concurrent.ThreadPoolExecutor$Worker@1e7423d2[State = -1, empty queue]] WARN  server.GrpcLogAppender (GrpcLogAppender.java:timeoutAppendRequest(200)) - 5fbe7820-a9fa-43af-b8cb-ea2e92af72fb@group-36DB4E6319DB->0972d9e0-1686-4378-a4cd-e26758266cbe-GrpcLogAppender: appendEntries Timeout, request=5fbe7820-a9fa-43af-b8cb-ea2e92af72fb->0972d9e0-1686-4378-a4cd-e26758266cbe#194-t1, previous=(t:1, i:20), leaderCommit=14, initializing? false, entries: <empty>
2019-09-11 06:35:21,770 [java.util.concurrent.ThreadPoolExecutor$Worker@28d9cb8f[State = -1, empty queue]] WARN  server.GrpcLogAppender (GrpcLogAppender.java:timeoutAppendRequest(200)) - 5fbe7820-a9fa-43af-b8cb-ea2e92af72fb@group-36DB4E6319DB->adfcb6a4-90df-42a6-b615-f553bb5ddfe0-GrpcLogAppender: appendEntries Timeout, request=5fbe7820-a9fa-43af-b8cb-ea2e92af72fb->adfcb6a4-90df-42a6-b615-f553bb5ddfe0#194-t1, previous=(t:1, i:20), leaderCommit=14, initializing? false, entries: <empty>
2019-09-11 06:35:23,567 [grpc-default-executor-7] INFO  impl.RaftServerProxy (RaftServerProxy.java:remove(95)) - b3ae6e77-09f2-43a9-bb74-0baf269e9625: remove group-B428A23D2245:null
2019-09-11 06:35:23,569 [RatisPipelineUtilsThread] WARN  pipeline.RatisPipelineUtils (RatisPipelineUtils.java:destroyPipeline(66)) - Pipeline destroy failed for pipeline=PipelineID=1b05caeb-6612-4f13-8732-b428a23d2245 dn=b3ae6e77-09f2-43a9-bb74-0baf269e9625{ip: 192.168.36.125, host: trunk-nightly-20190911-vpfxm-1000144475, networkLocation: /default-rack, certSerialId: null}
2019-09-11 06:35:23,572 [grpc-default-executor-7] INFO  impl.RaftServerProxy (RaftServerProxy.java:remove(95)) - fbfdc5e7-35fe-4dec-93a8-24c91dabe6d4: remove group-B428A23D2245:null
2019-09-11 06:35:23,573 [RatisPipelineUtilsThread] WARN  pipeline.RatisPipelineUtils (RatisPipelineUtils.java:destroyPipeline(66)) - Pipeline destroy failed for pipeline=PipelineID=1b05caeb-6612-4f13-8732-b428a23d2245 dn=fbfdc5e7-35fe-4dec-93a8-24c91dabe6d4{ip: 192.168.36.125, host: trunk-nightly-20190911-vpfxm-1000144475, networkLocation: /default-rack, certSerialId: null}
2019-09-11 06:35:23,575 [grpc-default-executor-7] INFO  impl.RaftServerProxy (RaftServerProxy.java:remove(95)) - 16d0fe26-9857-4477-8b2c-205100b6d095: remove group-B428A23D2245:null
2019-09-11 06:35:23,577 [RatisPipelineUtilsThread] WARN  pipeline.RatisPipelineUtils (RatisPipelineUtils.java:destroyPipeline(66)) - Pipeline destroy failed for pipeline=PipelineID=1b05caeb-6612-4f13-8732-b428a23d2245 dn=16d0fe26-9857-4477-8b2c-205100b6d095{ip: 192.168.36.125, host: trunk-nightly-20190911-vpfxm-1000144475, networkLocation: /default-rack, certSerialId: null}
2019-09-11 06:35:23,578 [RatisPipelineUtilsThread] ERROR pipeline.SCMPipelineManager (Scheduler.java:lambda$schedule$1(70)) - Destroy pipeline failed for pipeline:Pipeline[ Id: 1b05caeb-6612-4f13-8732-b428a23d2245, Nodes: b3ae6e77-09f2-43a9-bb74-0baf269e9625{ip: 192.168.36.125, host: trunk-nightly-20190911-vpfxm-1000144475, networkLocation: /default-rack, certSerialId: null}fbfdc5e7-35fe-4dec-93a8-24c91dabe6d4{ip: 192.168.36.125, host: trunk-nightly-20190911-vpfxm-1000144475, networkLocation: /default-rack, certSerialId: null}16d0fe26-9857-4477-8b2c-205100b6d095{ip: 192.168.36.125, host: trunk-nightly-20190911-vpfxm-1000144475, networkLocation: /default-rack, certSerialId: null}, Type:RATIS, Factor:THREE, State:CLOSED]
org.apache.hadoop.hdds.scm.pipeline.PipelineNotFoundException: PipelineID=1b05caeb-6612-4f13-8732-b428a23d2245 not found
	at org.apache.hadoop.hdds.scm.pipeline.PipelineStateMap.getPipeline(PipelineStateMap.java:132)
	at org.apache.hadoop.hdds.scm.pipeline.PipelineStateMap.removePipeline(PipelineStateMap.java:322)
	at org.apache.hadoop.hdds.scm.pipeline.PipelineStateManager.removePipeline(PipelineStateManager.java:107)
	at org.apache.hadoop.hdds.scm.pipeline.SCMPipelineManager.removePipeline(SCMPipelineManager.java:423)
	at org.apache.hadoop.hdds.scm.pipeline.SCMPipelineManager.destroyPipeline(SCMPipelineManager.java:409)
	at org.apache.hadoop.hdds.scm.pipeline.SCMPipelineManager.lambda$finalizeAndDestroyPipeline$0(SCMPipelineManager.java:318)
	at org.apache.hadoop.utils.Scheduler.lambda$schedule$1(Scheduler.java:68)
	at java.util.concurrent.Executors$RunnableAdapter.call(Executors.java:511)
	at java.util.concurrent.FutureTask.run(FutureTask.java:266)
	at java.util.concurrent.ScheduledThreadPoolExecutor$ScheduledFutureTask.access$201(ScheduledThreadPoolExecutor.java:180)
	at java.util.concurrent.ScheduledThreadPoolExecutor$ScheduledFutureTask.run(ScheduledThreadPoolExecutor.java:293)
	at java.util.concurrent.ThreadPoolExecutor.runWorker(ThreadPoolExecutor.java:1149)
	at java.util.concurrent.ThreadPoolExecutor$Worker.run(ThreadPoolExecutor.java:624)
	at java.lang.Thread.run(Thread.java:748)
2019-09-11 06:35:23,761 [0972d9e0-1686-4378-a4cd-e26758266cbe@group-36DB4E6319DB-SegmentedRaftLogWorker] WARN  segmented.SegmentedRaftLogWorker (SegmentedRaftLogWorker.java:getFromFuture(90)) - Timeout 5/~
org.apache.ratis.protocol.TimeoutIOException: Timeout 10s: WriteLog:15: (t:1, i:15), STATEMACHINELOGENTRY, client-202F7A5D2390, cid=143-writeStateMachineData
	at org.apache.ratis.util.IOUtils.getFromFuture(IOUtils.java:87)
	at org.apache.ratis.server.raftlog.segmented.SegmentedRaftLogWorker$StateMachineDataPolicy.getFromFuture(SegmentedRaftLogWorker.java:87)
	at org.apache.ratis.server.raftlog.segmented.SegmentedRaftLogWorker$WriteLog.execute(SegmentedRaftLogWorker.java:477)
	at org.apache.ratis.server.raftlog.segmented.SegmentedRaftLogWorker.run(SegmentedRaftLogWorker.java:289)
	at java.lang.Thread.run(Thread.java:748)
Caused by: java.util.concurrent.TimeoutException
	at java.util.concurrent.CompletableFuture.timedGet(CompletableFuture.java:1771)
	at java.util.concurrent.CompletableFuture.get(CompletableFuture.java:1915)
	at org.apache.ratis.util.IOUtils.getFromFuture(IOUtils.java:79)
	... 4 more
2019-09-11 06:35:23,762 [5fbe7820-a9fa-43af-b8cb-ea2e92af72fb@group-36DB4E6319DB-SegmentedRaftLogWorker] WARN  segmented.SegmentedRaftLogWorker (SegmentedRaftLogWorker.java:getFromFuture(90)) - Timeout 5/~
org.apache.ratis.protocol.TimeoutIOException: Timeout 10s: WriteLog:15: (t:1, i:15), STATEMACHINELOGENTRY, client-202F7A5D2390, cid=143-writeStateMachineData
	at org.apache.ratis.util.IOUtils.getFromFuture(IOUtils.java:87)
	at org.apache.ratis.server.raftlog.segmented.SegmentedRaftLogWorker$StateMachineDataPolicy.getFromFuture(SegmentedRaftLogWorker.java:87)
	at org.apache.ratis.server.raftlog.segmented.SegmentedRaftLogWorker$WriteLog.execute(SegmentedRaftLogWorker.java:477)
	at org.apache.ratis.server.raftlog.segmented.SegmentedRaftLogWorker.run(SegmentedRaftLogWorker.java:289)
	at java.lang.Thread.run(Thread.java:748)
Caused by: java.util.concurrent.TimeoutException
	at java.util.concurrent.CompletableFuture.timedGet(CompletableFuture.java:1771)
	at java.util.concurrent.CompletableFuture.get(CompletableFuture.java:1915)
	at org.apache.ratis.util.IOUtils.getFromFuture(IOUtils.java:79)
	... 4 more
2019-09-11 06:35:23,835 [adfcb6a4-90df-42a6-b615-f553bb5ddfe0@group-36DB4E6319DB-SegmentedRaftLogWorker] WARN  segmented.SegmentedRaftLogWorker (SegmentedRaftLogWorker.java:getFromFuture(90)) - Timeout 5/~
org.apache.ratis.protocol.TimeoutIOException: Timeout 10s: WriteLog:16: (t:1, i:16), STATEMACHINELOGENTRY, client-202F7A5D2390, cid=144-writeStateMachineData
	at org.apache.ratis.util.IOUtils.getFromFuture(IOUtils.java:87)
	at org.apache.ratis.server.raftlog.segmented.SegmentedRaftLogWorker$StateMachineDataPolicy.getFromFuture(SegmentedRaftLogWorker.java:87)
	at org.apache.ratis.server.raftlog.segmented.SegmentedRaftLogWorker$WriteLog.execute(SegmentedRaftLogWorker.java:477)
	at org.apache.ratis.server.raftlog.segmented.SegmentedRaftLogWorker.run(SegmentedRaftLogWorker.java:289)
	at java.lang.Thread.run(Thread.java:748)
Caused by: java.util.concurrent.TimeoutException
	at java.util.concurrent.CompletableFuture.timedGet(CompletableFuture.java:1771)
	at java.util.concurrent.CompletableFuture.get(CompletableFuture.java:1915)
	at org.apache.ratis.util.IOUtils.getFromFuture(IOUtils.java:79)
	... 4 more
2019-09-11 06:35:24,182 [grpc-default-executor-8] INFO  client.GrpcClientProtocolClient (GrpcClientProtocolClient.java:onNext(264)) - client-202F7A5D2390->adfcb6a4-90df-42a6-b615-f553bb5ddfe0: receive RaftClientReply:client-202F7A5D2390->adfcb6a4-90df-42a6-b615-f553bb5ddfe0@group-36DB4E6319DB, cid=143, FAILED org.apache.ratis.protocol.NotLeaderException: Server adfcb6a4-90df-42a6-b615-f553bb5ddfe0@group-36DB4E6319DB is not the leader 5fbe7820-a9fa-43af-b8cb-ea2e92af72fb:192.168.36.125:41382, logIndex=0, commits[adfcb6a4-90df-42a6-b615-f553bb5ddfe0:c14, 5fbe7820-a9fa-43af-b8cb-ea2e92af72fb:c14, 0972d9e0-1686-4378-a4cd-e26758266cbe:c13]
2019-09-11 06:35:24,270 [java.util.concurrent.ThreadPoolExecutor$Worker@28d9cb8f[State = -1, empty queue]] WARN  server.GrpcLogAppender (GrpcLogAppender.java:timeoutAppendRequest(200)) - 5fbe7820-a9fa-43af-b8cb-ea2e92af72fb@group-36DB4E6319DB->adfcb6a4-90df-42a6-b615-f553bb5ddfe0-GrpcLogAppender: appendEntries Timeout, request=5fbe7820-a9fa-43af-b8cb-ea2e92af72fb->adfcb6a4-90df-42a6-b615-f553bb5ddfe0#195-t1, previous=(t:1, i:20), leaderCommit=14, initializing? false, entries: <empty>
2019-09-11 06:35:24,270 [java.util.concurrent.ThreadPoolExecutor$Worker@1e7423d2[State = -1, empty queue]] WARN  server.GrpcLogAppender (GrpcLogAppender.java:timeoutAppendRequest(200)) - 5fbe7820-a9fa-43af-b8cb-ea2e92af72fb@group-36DB4E6319DB->0972d9e0-1686-4378-a4cd-e26758266cbe-GrpcLogAppender: appendEntries Timeout, request=5fbe7820-a9fa-43af-b8cb-ea2e92af72fb->0972d9e0-1686-4378-a4cd-e26758266cbe#195-t1, previous=(t:1, i:20), leaderCommit=14, initializing? false, entries: <empty>
2019-09-11 06:35:26,581 [grpc-default-executor-7] INFO  impl.RaftServerProxy (RaftServerProxy.java:remove(95)) - b3ae6e77-09f2-43a9-bb74-0baf269e9625: remove group-B428A23D2245:null
2019-09-11 06:35:26,585 [RatisPipelineUtilsThread] WARN  pipeline.RatisPipelineUtils (RatisPipelineUtils.java:destroyPipeline(66)) - Pipeline destroy failed for pipeline=PipelineID=1b05caeb-6612-4f13-8732-b428a23d2245 dn=b3ae6e77-09f2-43a9-bb74-0baf269e9625{ip: 192.168.36.125, host: trunk-nightly-20190911-vpfxm-1000144475, networkLocation: /default-rack, certSerialId: null}
2019-09-11 06:35:26,595 [grpc-default-executor-7] INFO  impl.RaftServerProxy (RaftServerProxy.java:remove(95)) - fbfdc5e7-35fe-4dec-93a8-24c91dabe6d4: remove group-B428A23D2245:null
2019-09-11 06:35:26,599 [RatisPipelineUtilsThread] WARN  pipeline.RatisPipelineUtils (RatisPipelineUtils.java:destroyPipeline(66)) - Pipeline destroy failed for pipeline=PipelineID=1b05caeb-6612-4f13-8732-b428a23d2245 dn=fbfdc5e7-35fe-4dec-93a8-24c91dabe6d4{ip: 192.168.36.125, host: trunk-nightly-20190911-vpfxm-1000144475, networkLocation: /default-rack, certSerialId: null}
2019-09-11 06:35:26,601 [grpc-default-executor-7] INFO  impl.RaftServerProxy (RaftServerProxy.java:remove(95)) - 16d0fe26-9857-4477-8b2c-205100b6d095: remove group-B428A23D2245:null
2019-09-11 06:35:26,603 [RatisPipelineUtilsThread] WARN  pipeline.RatisPipelineUtils (RatisPipelineUtils.java:destroyPipeline(66)) - Pipeline destroy failed for pipeline=PipelineID=1b05caeb-6612-4f13-8732-b428a23d2245 dn=16d0fe26-9857-4477-8b2c-205100b6d095{ip: 192.168.36.125, host: trunk-nightly-20190911-vpfxm-1000144475, networkLocation: /default-rack, certSerialId: null}
2019-09-11 06:35:26,603 [RatisPipelineUtilsThread] ERROR pipeline.SCMPipelineManager (Scheduler.java:lambda$schedule$1(70)) - Destroy pipeline failed for pipeline:Pipeline[ Id: 1b05caeb-6612-4f13-8732-b428a23d2245, Nodes: b3ae6e77-09f2-43a9-bb74-0baf269e9625{ip: 192.168.36.125, host: trunk-nightly-20190911-vpfxm-1000144475, networkLocation: /default-rack, certSerialId: null}fbfdc5e7-35fe-4dec-93a8-24c91dabe6d4{ip: 192.168.36.125, host: trunk-nightly-20190911-vpfxm-1000144475, networkLocation: /default-rack, certSerialId: null}16d0fe26-9857-4477-8b2c-205100b6d095{ip: 192.168.36.125, host: trunk-nightly-20190911-vpfxm-1000144475, networkLocation: /default-rack, certSerialId: null}, Type:RATIS, Factor:THREE, State:CLOSED]
org.apache.hadoop.hdds.scm.pipeline.PipelineNotFoundException: PipelineID=1b05caeb-6612-4f13-8732-b428a23d2245 not found
	at org.apache.hadoop.hdds.scm.pipeline.PipelineStateMap.getPipeline(PipelineStateMap.java:132)
	at org.apache.hadoop.hdds.scm.pipeline.PipelineStateMap.removePipeline(PipelineStateMap.java:322)
	at org.apache.hadoop.hdds.scm.pipeline.PipelineStateManager.removePipeline(PipelineStateManager.java:107)
	at org.apache.hadoop.hdds.scm.pipeline.SCMPipelineManager.removePipeline(SCMPipelineManager.java:423)
	at org.apache.hadoop.hdds.scm.pipeline.SCMPipelineManager.destroyPipeline(SCMPipelineManager.java:409)
	at org.apache.hadoop.hdds.scm.pipeline.SCMPipelineManager.lambda$finalizeAndDestroyPipeline$0(SCMPipelineManager.java:318)
	at org.apache.hadoop.utils.Scheduler.lambda$schedule$1(Scheduler.java:68)
	at java.util.concurrent.Executors$RunnableAdapter.call(Executors.java:511)
	at java.util.concurrent.FutureTask.run(FutureTask.java:266)
	at java.util.concurrent.ScheduledThreadPoolExecutor$ScheduledFutureTask.access$201(ScheduledThreadPoolExecutor.java:180)
	at java.util.concurrent.ScheduledThreadPoolExecutor$ScheduledFutureTask.run(ScheduledThreadPoolExecutor.java:293)
	at java.util.concurrent.ThreadPoolExecutor.runWorker(ThreadPoolExecutor.java:1149)
	at java.util.concurrent.ThreadPoolExecutor$Worker.run(ThreadPoolExecutor.java:624)
	at java.lang.Thread.run(Thread.java:748)
2019-09-11 06:35:26,771 [java.util.concurrent.ThreadPoolExecutor$Worker@1e7423d2[State = -1, empty queue]] WARN  server.GrpcLogAppender (GrpcLogAppender.java:timeoutAppendRequest(200)) - 5fbe7820-a9fa-43af-b8cb-ea2e92af72fb@group-36DB4E6319DB->0972d9e0-1686-4378-a4cd-e26758266cbe-GrpcLogAppender: appendEntries Timeout, request=5fbe7820-a9fa-43af-b8cb-ea2e92af72fb->0972d9e0-1686-4378-a4cd-e26758266cbe#196-t1, previous=(t:1, i:20), leaderCommit=14, initializing? false, entries: <empty>
2019-09-11 06:35:26,771 [java.util.concurrent.ThreadPoolExecutor$Worker@28d9cb8f[State = -1, empty queue]] WARN  server.GrpcLogAppender (GrpcLogAppender.java:timeoutAppendRequest(200)) - 5fbe7820-a9fa-43af-b8cb-ea2e92af72fb@group-36DB4E6319DB->adfcb6a4-90df-42a6-b615-f553bb5ddfe0-GrpcLogAppender: appendEntries Timeout, request=5fbe7820-a9fa-43af-b8cb-ea2e92af72fb->adfcb6a4-90df-42a6-b615-f553bb5ddfe0#196-t1, previous=(t:1, i:20), leaderCommit=14, initializing? false, entries: <empty>
2019-09-11 06:35:28,572 [grpc-default-executor-7] INFO  impl.RaftServerProxy (RaftServerProxy.java:remove(95)) - b3ae6e77-09f2-43a9-bb74-0baf269e9625: remove group-B428A23D2245:null
2019-09-11 06:35:28,574 [RatisPipelineUtilsThread] WARN  pipeline.RatisPipelineUtils (RatisPipelineUtils.java:destroyPipeline(66)) - Pipeline destroy failed for pipeline=PipelineID=1b05caeb-6612-4f13-8732-b428a23d2245 dn=b3ae6e77-09f2-43a9-bb74-0baf269e9625{ip: 192.168.36.125, host: trunk-nightly-20190911-vpfxm-1000144475, networkLocation: /default-rack, certSerialId: null}
2019-09-11 06:35:28,575 [grpc-default-executor-7] INFO  impl.RaftServerProxy (RaftServerProxy.java:remove(95)) - fbfdc5e7-35fe-4dec-93a8-24c91dabe6d4: remove group-B428A23D2245:null
2019-09-11 06:35:28,577 [RatisPipelineUtilsThread] WARN  pipeline.RatisPipelineUtils (RatisPipelineUtils.java:destroyPipeline(66)) - Pipeline destroy failed for pipeline=PipelineID=1b05caeb-6612-4f13-8732-b428a23d2245 dn=fbfdc5e7-35fe-4dec-93a8-24c91dabe6d4{ip: 192.168.36.125, host: trunk-nightly-20190911-vpfxm-1000144475, networkLocation: /default-rack, certSerialId: null}
2019-09-11 06:35:28,579 [grpc-default-executor-7] INFO  impl.RaftServerProxy (RaftServerProxy.java:remove(95)) - 16d0fe26-9857-4477-8b2c-205100b6d095: remove group-B428A23D2245:null
2019-09-11 06:35:28,580 [RatisPipelineUtilsThread] WARN  pipeline.RatisPipelineUtils (RatisPipelineUtils.java:destroyPipeline(66)) - Pipeline destroy failed for pipeline=PipelineID=1b05caeb-6612-4f13-8732-b428a23d2245 dn=16d0fe26-9857-4477-8b2c-205100b6d095{ip: 192.168.36.125, host: trunk-nightly-20190911-vpfxm-1000144475, networkLocation: /default-rack, certSerialId: null}
2019-09-11 06:35:28,581 [RatisPipelineUtilsThread] ERROR pipeline.SCMPipelineManager (Scheduler.java:lambda$schedule$1(70)) - Destroy pipeline failed for pipeline:Pipeline[ Id: 1b05caeb-6612-4f13-8732-b428a23d2245, Nodes: b3ae6e77-09f2-43a9-bb74-0baf269e9625{ip: 192.168.36.125, host: trunk-nightly-20190911-vpfxm-1000144475, networkLocation: /default-rack, certSerialId: null}fbfdc5e7-35fe-4dec-93a8-24c91dabe6d4{ip: 192.168.36.125, host: trunk-nightly-20190911-vpfxm-1000144475, networkLocation: /default-rack, certSerialId: null}16d0fe26-9857-4477-8b2c-205100b6d095{ip: 192.168.36.125, host: trunk-nightly-20190911-vpfxm-1000144475, networkLocation: /default-rack, certSerialId: null}, Type:RATIS, Factor:THREE, State:CLOSED]
org.apache.hadoop.hdds.scm.pipeline.PipelineNotFoundException: PipelineID=1b05caeb-6612-4f13-8732-b428a23d2245 not found
	at org.apache.hadoop.hdds.scm.pipeline.PipelineStateMap.getPipeline(PipelineStateMap.java:132)
	at org.apache.hadoop.hdds.scm.pipeline.PipelineStateMap.removePipeline(PipelineStateMap.java:322)
	at org.apache.hadoop.hdds.scm.pipeline.PipelineStateManager.removePipeline(PipelineStateManager.java:107)
	at org.apache.hadoop.hdds.scm.pipeline.SCMPipelineManager.removePipeline(SCMPipelineManager.java:423)
	at org.apache.hadoop.hdds.scm.pipeline.SCMPipelineManager.destroyPipeline(SCMPipelineManager.java:409)
	at org.apache.hadoop.hdds.scm.pipeline.SCMPipelineManager.lambda$finalizeAndDestroyPipeline$0(SCMPipelineManager.java:318)
	at org.apache.hadoop.utils.Scheduler.lambda$schedule$1(Scheduler.java:68)
	at java.util.concurrent.Executors$RunnableAdapter.call(Executors.java:511)
	at java.util.concurrent.FutureTask.run(FutureTask.java:266)
	at java.util.concurrent.ScheduledThreadPoolExecutor$ScheduledFutureTask.access$201(ScheduledThreadPoolExecutor.java:180)
	at java.util.concurrent.ScheduledThreadPoolExecutor$ScheduledFutureTask.run(ScheduledThreadPoolExecutor.java:293)
	at java.util.concurrent.ThreadPoolExecutor.runWorker(ThreadPoolExecutor.java:1149)
	at java.util.concurrent.ThreadPoolExecutor$Worker.run(ThreadPoolExecutor.java:624)
	at java.lang.Thread.run(Thread.java:748)
2019-09-11 06:35:28,594 [grpc-default-executor-7] INFO  impl.RaftServerProxy (RaftServerProxy.java:remove(95)) - b3ae6e77-09f2-43a9-bb74-0baf269e9625: remove group-B428A23D2245:null
2019-09-11 06:35:28,597 [RatisPipelineUtilsThread] WARN  pipeline.RatisPipelineUtils (RatisPipelineUtils.java:destroyPipeline(66)) - Pipeline destroy failed for pipeline=PipelineID=1b05caeb-6612-4f13-8732-b428a23d2245 dn=b3ae6e77-09f2-43a9-bb74-0baf269e9625{ip: 192.168.36.125, host: trunk-nightly-20190911-vpfxm-1000144475, networkLocation: /default-rack, certSerialId: null}
2019-09-11 06:35:28,599 [grpc-default-executor-7] INFO  impl.RaftServerProxy (RaftServerProxy.java:remove(95)) - fbfdc5e7-35fe-4dec-93a8-24c91dabe6d4: remove group-B428A23D2245:null
2019-09-11 06:35:28,600 [RatisPipelineUtilsThread] WARN  pipeline.RatisPipelineUtils (RatisPipelineUtils.java:destroyPipeline(66)) - Pipeline destroy failed for pipeline=PipelineID=1b05caeb-6612-4f13-8732-b428a23d2245 dn=fbfdc5e7-35fe-4dec-93a8-24c91dabe6d4{ip: 192.168.36.125, host: trunk-nightly-20190911-vpfxm-1000144475, networkLocation: /default-rack, certSerialId: null}
2019-09-11 06:35:28,602 [grpc-default-executor-7] INFO  impl.RaftServerProxy (RaftServerProxy.java:remove(95)) - 16d0fe26-9857-4477-8b2c-205100b6d095: remove group-B428A23D2245:null
2019-09-11 06:35:28,604 [RatisPipelineUtilsThread] WARN  pipeline.RatisPipelineUtils (RatisPipelineUtils.java:destroyPipeline(66)) - Pipeline destroy failed for pipeline=PipelineID=1b05caeb-6612-4f13-8732-b428a23d2245 dn=16d0fe26-9857-4477-8b2c-205100b6d095{ip: 192.168.36.125, host: trunk-nightly-20190911-vpfxm-1000144475, networkLocation: /default-rack, certSerialId: null}
2019-09-11 06:35:28,604 [RatisPipelineUtilsThread] ERROR pipeline.SCMPipelineManager (Scheduler.java:lambda$schedule$1(70)) - Destroy pipeline failed for pipeline:Pipeline[ Id: 1b05caeb-6612-4f13-8732-b428a23d2245, Nodes: b3ae6e77-09f2-43a9-bb74-0baf269e9625{ip: 192.168.36.125, host: trunk-nightly-20190911-vpfxm-1000144475, networkLocation: /default-rack, certSerialId: null}fbfdc5e7-35fe-4dec-93a8-24c91dabe6d4{ip: 192.168.36.125, host: trunk-nightly-20190911-vpfxm-1000144475, networkLocation: /default-rack, certSerialId: null}16d0fe26-9857-4477-8b2c-205100b6d095{ip: 192.168.36.125, host: trunk-nightly-20190911-vpfxm-1000144475, networkLocation: /default-rack, certSerialId: null}, Type:RATIS, Factor:THREE, State:CLOSED]
org.apache.hadoop.hdds.scm.pipeline.PipelineNotFoundException: PipelineID=1b05caeb-6612-4f13-8732-b428a23d2245 not found
	at org.apache.hadoop.hdds.scm.pipeline.PipelineStateMap.getPipeline(PipelineStateMap.java:132)
	at org.apache.hadoop.hdds.scm.pipeline.PipelineStateMap.removePipeline(PipelineStateMap.java:322)
	at org.apache.hadoop.hdds.scm.pipeline.PipelineStateManager.removePipeline(PipelineStateManager.java:107)
	at org.apache.hadoop.hdds.scm.pipeline.SCMPipelineManager.removePipeline(SCMPipelineManager.java:423)
	at org.apache.hadoop.hdds.scm.pipeline.SCMPipelineManager.destroyPipeline(SCMPipelineManager.java:409)
	at org.apache.hadoop.hdds.scm.pipeline.SCMPipelineManager.lambda$finalizeAndDestroyPipeline$0(SCMPipelineManager.java:318)
	at org.apache.hadoop.utils.Scheduler.lambda$schedule$1(Scheduler.java:68)
	at java.util.concurrent.Executors$RunnableAdapter.call(Executors.java:511)
	at java.util.concurrent.FutureTask.run(FutureTask.java:266)
	at java.util.concurrent.ScheduledThreadPoolExecutor$ScheduledFutureTask.access$201(ScheduledThreadPoolExecutor.java:180)
	at java.util.concurrent.ScheduledThreadPoolExecutor$ScheduledFutureTask.run(ScheduledThreadPoolExecutor.java:293)
	at java.util.concurrent.ThreadPoolExecutor.runWorker(ThreadPoolExecutor.java:1149)
	at java.util.concurrent.ThreadPoolExecutor$Worker.run(ThreadPoolExecutor.java:624)
	at java.lang.Thread.run(Thread.java:748)
2019-09-11 06:35:28,693 [grpc-default-executor-7] INFO  impl.RaftServerProxy (RaftServerProxy.java:remove(95)) - b3ae6e77-09f2-43a9-bb74-0baf269e9625: remove group-B428A23D2245:null
2019-09-11 06:35:28,695 [RatisPipelineUtilsThread] WARN  pipeline.RatisPipelineUtils (RatisPipelineUtils.java:destroyPipeline(66)) - Pipeline destroy failed for pipeline=PipelineID=1b05caeb-6612-4f13-8732-b428a23d2245 dn=b3ae6e77-09f2-43a9-bb74-0baf269e9625{ip: 192.168.36.125, host: trunk-nightly-20190911-vpfxm-1000144475, networkLocation: /default-rack, certSerialId: null}
2019-09-11 06:35:28,697 [grpc-default-executor-7] INFO  impl.RaftServerProxy (RaftServerProxy.java:remove(95)) - fbfdc5e7-35fe-4dec-93a8-24c91dabe6d4: remove group-B428A23D2245:null
2019-09-11 06:35:28,699 [RatisPipelineUtilsThread] WARN  pipeline.RatisPipelineUtils (RatisPipelineUtils.java:destroyPipeline(66)) - Pipeline destroy failed for pipeline=PipelineID=1b05caeb-6612-4f13-8732-b428a23d2245 dn=fbfdc5e7-35fe-4dec-93a8-24c91dabe6d4{ip: 192.168.36.125, host: trunk-nightly-20190911-vpfxm-1000144475, networkLocation: /default-rack, certSerialId: null}
2019-09-11 06:35:28,701 [grpc-default-executor-7] INFO  impl.RaftServerProxy (RaftServerProxy.java:remove(95)) - 16d0fe26-9857-4477-8b2c-205100b6d095: remove group-B428A23D2245:null
2019-09-11 06:35:28,705 [RatisPipelineUtilsThread] WARN  pipeline.RatisPipelineUtils (RatisPipelineUtils.java:destroyPipeline(66)) - Pipeline destroy failed for pipeline=PipelineID=1b05caeb-6612-4f13-8732-b428a23d2245 dn=16d0fe26-9857-4477-8b2c-205100b6d095{ip: 192.168.36.125, host: trunk-nightly-20190911-vpfxm-1000144475, networkLocation: /default-rack, certSerialId: null}
2019-09-11 06:35:28,705 [RatisPipelineUtilsThread] ERROR pipeline.SCMPipelineManager (Scheduler.java:lambda$schedule$1(70)) - Destroy pipeline failed for pipeline:Pipeline[ Id: 1b05caeb-6612-4f13-8732-b428a23d2245, Nodes: b3ae6e77-09f2-43a9-bb74-0baf269e9625{ip: 192.168.36.125, host: trunk-nightly-20190911-vpfxm-1000144475, networkLocation: /default-rack, certSerialId: null}fbfdc5e7-35fe-4dec-93a8-24c91dabe6d4{ip: 192.168.36.125, host: trunk-nightly-20190911-vpfxm-1000144475, networkLocation: /default-rack, certSerialId: null}16d0fe26-9857-4477-8b2c-205100b6d095{ip: 192.168.36.125, host: trunk-nightly-20190911-vpfxm-1000144475, networkLocation: /default-rack, certSerialId: null}, Type:RATIS, Factor:THREE, State:CLOSED]
org.apache.hadoop.hdds.scm.pipeline.PipelineNotFoundException: PipelineID=1b05caeb-6612-4f13-8732-b428a23d2245 not found
	at org.apache.hadoop.hdds.scm.pipeline.PipelineStateMap.getPipeline(PipelineStateMap.java:132)
	at org.apache.hadoop.hdds.scm.pipeline.PipelineStateMap.removePipeline(PipelineStateMap.java:322)
	at org.apache.hadoop.hdds.scm.pipeline.PipelineStateManager.removePipeline(PipelineStateManager.java:107)
	at org.apache.hadoop.hdds.scm.pipeline.SCMPipelineManager.removePipeline(SCMPipelineManager.java:423)
	at org.apache.hadoop.hdds.scm.pipeline.SCMPipelineManager.destroyPipeline(SCMPipelineManager.java:409)
	at org.apache.hadoop.hdds.scm.pipeline.SCMPipelineManager.lambda$finalizeAndDestroyPipeline$0(SCMPipelineManager.java:318)
	at org.apache.hadoop.utils.Scheduler.lambda$schedule$1(Scheduler.java:68)
	at java.util.concurrent.Executors$RunnableAdapter.call(Executors.java:511)
	at java.util.concurrent.FutureTask.run(FutureTask.java:266)
	at java.util.concurrent.ScheduledThreadPoolExecutor$ScheduledFutureTask.access$201(ScheduledThreadPoolExecutor.java:180)
	at java.util.concurrent.ScheduledThreadPoolExecutor$ScheduledFutureTask.run(ScheduledThreadPoolExecutor.java:293)
	at java.util.concurrent.ThreadPoolExecutor.runWorker(ThreadPoolExecutor.java:1149)
	at java.util.concurrent.ThreadPoolExecutor$Worker.run(ThreadPoolExecutor.java:624)
	at java.lang.Thread.run(Thread.java:748)
2019-09-11 06:35:28,798 [grpc-default-executor-7] INFO  impl.RaftServerProxy (RaftServerProxy.java:remove(95)) - b3ae6e77-09f2-43a9-bb74-0baf269e9625: remove group-B428A23D2245:null
2019-09-11 06:35:28,800 [RatisPipelineUtilsThread] WARN  pipeline.RatisPipelineUtils (RatisPipelineUtils.java:destroyPipeline(66)) - Pipeline destroy failed for pipeline=PipelineID=1b05caeb-6612-4f13-8732-b428a23d2245 dn=b3ae6e77-09f2-43a9-bb74-0baf269e9625{ip: 192.168.36.125, host: trunk-nightly-20190911-vpfxm-1000144475, networkLocation: /default-rack, certSerialId: null}
2019-09-11 06:35:28,802 [grpc-default-executor-7] INFO  impl.RaftServerProxy (RaftServerProxy.java:remove(95)) - fbfdc5e7-35fe-4dec-93a8-24c91dabe6d4: remove group-B428A23D2245:null
2019-09-11 06:35:28,804 [RatisPipelineUtilsThread] WARN  pipeline.RatisPipelineUtils (RatisPipelineUtils.java:destroyPipeline(66)) - Pipeline destroy failed for pipeline=PipelineID=1b05caeb-6612-4f13-8732-b428a23d2245 dn=fbfdc5e7-35fe-4dec-93a8-24c91dabe6d4{ip: 192.168.36.125, host: trunk-nightly-20190911-vpfxm-1000144475, networkLocation: /default-rack, certSerialId: null}
2019-09-11 06:35:28,805 [grpc-default-executor-7] INFO  impl.RaftServerProxy (RaftServerProxy.java:remove(95)) - 16d0fe26-9857-4477-8b2c-205100b6d095: remove group-B428A23D2245:null
2019-09-11 06:35:28,807 [RatisPipelineUtilsThread] WARN  pipeline.RatisPipelineUtils (RatisPipelineUtils.java:destroyPipeline(66)) - Pipeline destroy failed for pipeline=PipelineID=1b05caeb-6612-4f13-8732-b428a23d2245 dn=16d0fe26-9857-4477-8b2c-205100b6d095{ip: 192.168.36.125, host: trunk-nightly-20190911-vpfxm-1000144475, networkLocation: /default-rack, certSerialId: null}
2019-09-11 06:35:28,807 [RatisPipelineUtilsThread] ERROR pipeline.SCMPipelineManager (Scheduler.java:lambda$schedule$1(70)) - Destroy pipeline failed for pipeline:Pipeline[ Id: 1b05caeb-6612-4f13-8732-b428a23d2245, Nodes: b3ae6e77-09f2-43a9-bb74-0baf269e9625{ip: 192.168.36.125, host: trunk-nightly-20190911-vpfxm-1000144475, networkLocation: /default-rack, certSerialId: null}fbfdc5e7-35fe-4dec-93a8-24c91dabe6d4{ip: 192.168.36.125, host: trunk-nightly-20190911-vpfxm-1000144475, networkLocation: /default-rack, certSerialId: null}16d0fe26-9857-4477-8b2c-205100b6d095{ip: 192.168.36.125, host: trunk-nightly-20190911-vpfxm-1000144475, networkLocation: /default-rack, certSerialId: null}, Type:RATIS, Factor:THREE, State:CLOSED]
org.apache.hadoop.hdds.scm.pipeline.PipelineNotFoundException: PipelineID=1b05caeb-6612-4f13-8732-b428a23d2245 not found
	at org.apache.hadoop.hdds.scm.pipeline.PipelineStateMap.getPipeline(PipelineStateMap.java:132)
	at org.apache.hadoop.hdds.scm.pipeline.PipelineStateMap.removePipeline(PipelineStateMap.java:322)
	at org.apache.hadoop.hdds.scm.pipeline.PipelineStateManager.removePipeline(PipelineStateManager.java:107)
	at org.apache.hadoop.hdds.scm.pipeline.SCMPipelineManager.removePipeline(SCMPipelineManager.java:423)
	at org.apache.hadoop.hdds.scm.pipeline.SCMPipelineManager.destroyPipeline(SCMPipelineManager.java:409)
	at org.apache.hadoop.hdds.scm.pipeline.SCMPipelineManager.lambda$finalizeAndDestroyPipeline$0(SCMPipelineManager.java:318)
	at org.apache.hadoop.utils.Scheduler.lambda$schedule$1(Scheduler.java:68)
	at java.util.concurrent.Executors$RunnableAdapter.call(Executors.java:511)
	at java.util.concurrent.FutureTask.run(FutureTask.java:266)
	at java.util.concurrent.ScheduledThreadPoolExecutor$ScheduledFutureTask.access$201(ScheduledThreadPoolExecutor.java:180)
	at java.util.concurrent.ScheduledThreadPoolExecutor$ScheduledFutureTask.run(ScheduledThreadPoolExecutor.java:293)
	at java.util.concurrent.ThreadPoolExecutor.runWorker(ThreadPoolExecutor.java:1149)
	at java.util.concurrent.ThreadPoolExecutor$Worker.run(ThreadPoolExecutor.java:624)
	at java.lang.Thread.run(Thread.java:748)
2019-09-11 06:35:29,220 [grpc-default-executor-7] INFO  client.GrpcClientProtocolClient (GrpcClientProtocolClient.java:onNext(264)) - client-202F7A5D2390->0972d9e0-1686-4378-a4cd-e26758266cbe: receive RaftClientReply:client-202F7A5D2390->0972d9e0-1686-4378-a4cd-e26758266cbe@group-36DB4E6319DB, cid=143, FAILED org.apache.ratis.protocol.NotLeaderException: Server 0972d9e0-1686-4378-a4cd-e26758266cbe@group-36DB4E6319DB is not the leader 5fbe7820-a9fa-43af-b8cb-ea2e92af72fb:192.168.36.125:41382, logIndex=0, commits[0972d9e0-1686-4378-a4cd-e26758266cbe:c14, 5fbe7820-a9fa-43af-b8cb-ea2e92af72fb:c14, adfcb6a4-90df-42a6-b615-f553bb5ddfe0:c13]
2019-09-11 06:35:29,270 [java.util.concurrent.ThreadPoolExecutor$Worker@28d9cb8f[State = -1, empty queue]] WARN  server.GrpcLogAppender (GrpcLogAppender.java:timeoutAppendRequest(200)) - 5fbe7820-a9fa-43af-b8cb-ea2e92af72fb@group-36DB4E6319DB->adfcb6a4-90df-42a6-b615-f553bb5ddfe0-GrpcLogAppender: appendEntries Timeout, request=5fbe7820-a9fa-43af-b8cb-ea2e92af72fb->adfcb6a4-90df-42a6-b615-f553bb5ddfe0#197-t1, previous=(t:1, i:20), leaderCommit=14, initializing? false, entries: <empty>
2019-09-11 06:35:29,270 [java.util.concurrent.ThreadPoolExecutor$Worker@1e7423d2[State = -1, empty queue]] WARN  server.GrpcLogAppender (GrpcLogAppender.java:timeoutAppendRequest(200)) - 5fbe7820-a9fa-43af-b8cb-ea2e92af72fb@group-36DB4E6319DB->0972d9e0-1686-4378-a4cd-e26758266cbe-GrpcLogAppender: appendEntries Timeout, request=5fbe7820-a9fa-43af-b8cb-ea2e92af72fb->0972d9e0-1686-4378-a4cd-e26758266cbe#197-t1, previous=(t:1, i:20), leaderCommit=14, initializing? false, entries: <empty>
2019-09-11 06:35:31,771 [java.util.concurrent.ThreadPoolExecutor$Worker@1e7423d2[State = -1, empty queue]] WARN  server.GrpcLogAppender (GrpcLogAppender.java:timeoutAppendRequest(200)) - 5fbe7820-a9fa-43af-b8cb-ea2e92af72fb@group-36DB4E6319DB->0972d9e0-1686-4378-a4cd-e26758266cbe-GrpcLogAppender: appendEntries Timeout, request=5fbe7820-a9fa-43af-b8cb-ea2e92af72fb->0972d9e0-1686-4378-a4cd-e26758266cbe#198-t1, previous=(t:1, i:20), leaderCommit=14, initializing? false, entries: <empty>
2019-09-11 06:35:31,771 [java.util.concurrent.ThreadPoolExecutor$Worker@28d9cb8f[State = -1, empty queue]] WARN  server.GrpcLogAppender (GrpcLogAppender.java:timeoutAppendRequest(200)) - 5fbe7820-a9fa-43af-b8cb-ea2e92af72fb@group-36DB4E6319DB->adfcb6a4-90df-42a6-b615-f553bb5ddfe0-GrpcLogAppender: appendEntries Timeout, request=5fbe7820-a9fa-43af-b8cb-ea2e92af72fb->adfcb6a4-90df-42a6-b615-f553bb5ddfe0#198-t1, previous=(t:1, i:20), leaderCommit=14, initializing? false, entries: <empty>
2019-09-11 06:35:33,762 [0972d9e0-1686-4378-a4cd-e26758266cbe@group-36DB4E6319DB-SegmentedRaftLogWorker] WARN  segmented.SegmentedRaftLogWorker (SegmentedRaftLogWorker.java:getFromFuture(90)) - Timeout 6/~
org.apache.ratis.protocol.TimeoutIOException: Timeout 10s: WriteLog:15: (t:1, i:15), STATEMACHINELOGENTRY, client-202F7A5D2390, cid=143-writeStateMachineData
	at org.apache.ratis.util.IOUtils.getFromFuture(IOUtils.java:87)
	at org.apache.ratis.server.raftlog.segmented.SegmentedRaftLogWorker$StateMachineDataPolicy.getFromFuture(SegmentedRaftLogWorker.java:87)
	at org.apache.ratis.server.raftlog.segmented.SegmentedRaftLogWorker$WriteLog.execute(SegmentedRaftLogWorker.java:477)
	at org.apache.ratis.server.raftlog.segmented.SegmentedRaftLogWorker.run(SegmentedRaftLogWorker.java:289)
	at java.lang.Thread.run(Thread.java:748)
Caused by: java.util.concurrent.TimeoutException
	at java.util.concurrent.CompletableFuture.timedGet(CompletableFuture.java:1771)
	at java.util.concurrent.CompletableFuture.get(CompletableFuture.java:1915)
	at org.apache.ratis.util.IOUtils.getFromFuture(IOUtils.java:79)
	... 4 more
2019-09-11 06:35:33,762 [5fbe7820-a9fa-43af-b8cb-ea2e92af72fb@group-36DB4E6319DB-SegmentedRaftLogWorker] WARN  segmented.SegmentedRaftLogWorker (SegmentedRaftLogWorker.java:getFromFuture(90)) - Timeout 6/~
org.apache.ratis.protocol.TimeoutIOException: Timeout 10s: WriteLog:15: (t:1, i:15), STATEMACHINELOGENTRY, client-202F7A5D2390, cid=143-writeStateMachineData
	at org.apache.ratis.util.IOUtils.getFromFuture(IOUtils.java:87)
	at org.apache.ratis.server.raftlog.segmented.SegmentedRaftLogWorker$StateMachineDataPolicy.getFromFuture(SegmentedRaftLogWorker.java:87)
	at org.apache.ratis.server.raftlog.segmented.SegmentedRaftLogWorker$WriteLog.execute(SegmentedRaftLogWorker.java:477)
	at org.apache.ratis.server.raftlog.segmented.SegmentedRaftLogWorker.run(SegmentedRaftLogWorker.java:289)
	at java.lang.Thread.run(Thread.java:748)
Caused by: java.util.concurrent.TimeoutException
	at java.util.concurrent.CompletableFuture.timedGet(CompletableFuture.java:1771)
	at java.util.concurrent.CompletableFuture.get(CompletableFuture.java:1915)
	at org.apache.ratis.util.IOUtils.getFromFuture(IOUtils.java:79)
	... 4 more
2019-09-11 06:35:33,835 [adfcb6a4-90df-42a6-b615-f553bb5ddfe0@group-36DB4E6319DB-SegmentedRaftLogWorker] WARN  segmented.SegmentedRaftLogWorker (SegmentedRaftLogWorker.java:getFromFuture(90)) - Timeout 6/~
org.apache.ratis.protocol.TimeoutIOException: Timeout 10s: WriteLog:16: (t:1, i:16), STATEMACHINELOGENTRY, client-202F7A5D2390, cid=144-writeStateMachineData
	at org.apache.ratis.util.IOUtils.getFromFuture(IOUtils.java:87)
	at org.apache.ratis.server.raftlog.segmented.SegmentedRaftLogWorker$StateMachineDataPolicy.getFromFuture(SegmentedRaftLogWorker.java:87)
	at org.apache.ratis.server.raftlog.segmented.SegmentedRaftLogWorker$WriteLog.execute(SegmentedRaftLogWorker.java:477)
	at org.apache.ratis.server.raftlog.segmented.SegmentedRaftLogWorker.run(SegmentedRaftLogWorker.java:289)
	at java.lang.Thread.run(Thread.java:748)
Caused by: java.util.concurrent.TimeoutException
	at java.util.concurrent.CompletableFuture.timedGet(CompletableFuture.java:1771)
	at java.util.concurrent.CompletableFuture.get(CompletableFuture.java:1915)
	at org.apache.ratis.util.IOUtils.getFromFuture(IOUtils.java:79)
	... 4 more
2019-09-11 06:35:34,271 [java.util.concurrent.ThreadPoolExecutor$Worker@1e7423d2[State = -1, empty queue]] WARN  server.GrpcLogAppender (GrpcLogAppender.java:timeoutAppendRequest(200)) - 5fbe7820-a9fa-43af-b8cb-ea2e92af72fb@group-36DB4E6319DB->0972d9e0-1686-4378-a4cd-e26758266cbe-GrpcLogAppender: appendEntries Timeout, request=5fbe7820-a9fa-43af-b8cb-ea2e92af72fb->0972d9e0-1686-4378-a4cd-e26758266cbe#199-t1, previous=(t:1, i:20), leaderCommit=14, initializing? false, entries: <empty>
2019-09-11 06:35:34,271 [java.util.concurrent.ThreadPoolExecutor$Worker@28d9cb8f[State = -1, empty queue]] WARN  server.GrpcLogAppender (GrpcLogAppender.java:timeoutAppendRequest(200)) - 5fbe7820-a9fa-43af-b8cb-ea2e92af72fb@group-36DB4E6319DB->adfcb6a4-90df-42a6-b615-f553bb5ddfe0-GrpcLogAppender: appendEntries Timeout, request=5fbe7820-a9fa-43af-b8cb-ea2e92af72fb->adfcb6a4-90df-42a6-b615-f553bb5ddfe0#199-t1, previous=(t:1, i:20), leaderCommit=14, initializing? false, entries: <empty>
2019-09-11 06:35:34,280 [grpc-default-executor-7] INFO  client.GrpcClientProtocolClient (GrpcClientProtocolClient.java:onNext(264)) - client-202F7A5D2390->0972d9e0-1686-4378-a4cd-e26758266cbe: receive RaftClientReply:client-202F7A5D2390->0972d9e0-1686-4378-a4cd-e26758266cbe@group-36DB4E6319DB, cid=143, FAILED org.apache.ratis.protocol.NotLeaderException: Server 0972d9e0-1686-4378-a4cd-e26758266cbe@group-36DB4E6319DB is not the leader 5fbe7820-a9fa-43af-b8cb-ea2e92af72fb:192.168.36.125:41382, logIndex=0, commits[0972d9e0-1686-4378-a4cd-e26758266cbe:c14, 5fbe7820-a9fa-43af-b8cb-ea2e92af72fb:c14, adfcb6a4-90df-42a6-b615-f553bb5ddfe0:c13]
2019-09-11 06:35:36,789 [java.util.concurrent.ThreadPoolExecutor$Worker@28d9cb8f[State = -1, empty queue]] WARN  server.GrpcLogAppender (GrpcLogAppender.java:timeoutAppendRequest(200)) - 5fbe7820-a9fa-43af-b8cb-ea2e92af72fb@group-36DB4E6319DB->adfcb6a4-90df-42a6-b615-f553bb5ddfe0-GrpcLogAppender: appendEntries Timeout, request=5fbe7820-a9fa-43af-b8cb-ea2e92af72fb->adfcb6a4-90df-42a6-b615-f553bb5ddfe0#200-t1, previous=(t:1, i:20), leaderCommit=14, initializing? false, entries: <empty>
2019-09-11 06:35:36,789 [java.util.concurrent.ThreadPoolExecutor$Worker@1e7423d2[State = -1, empty queue]] WARN  server.GrpcLogAppender (GrpcLogAppender.java:timeoutAppendRequest(200)) - 5fbe7820-a9fa-43af-b8cb-ea2e92af72fb@group-36DB4E6319DB->0972d9e0-1686-4378-a4cd-e26758266cbe-GrpcLogAppender: appendEntries Timeout, request=5fbe7820-a9fa-43af-b8cb-ea2e92af72fb->0972d9e0-1686-4378-a4cd-e26758266cbe#200-t1, previous=(t:1, i:20), leaderCommit=14, initializing? false, entries: <empty>
2019-09-11 06:35:39,425 [java.util.concurrent.ThreadPoolExecutor$Worker@1e7423d2[State = -1, empty queue]] WARN  server.GrpcLogAppender (GrpcLogAppender.java:timeoutAppendRequest(200)) - 5fbe7820-a9fa-43af-b8cb-ea2e92af72fb@group-36DB4E6319DB->0972d9e0-1686-4378-a4cd-e26758266cbe-GrpcLogAppender: appendEntries Timeout, request=5fbe7820-a9fa-43af-b8cb-ea2e92af72fb->0972d9e0-1686-4378-a4cd-e26758266cbe#201-t1, previous=(t:1, i:20), leaderCommit=14, initializing? false, entries: <empty>
2019-09-11 06:35:39,425 [java.util.concurrent.ThreadPoolExecutor$Worker@28d9cb8f[State = -1, empty queue]] WARN  server.GrpcLogAppender (GrpcLogAppender.java:timeoutAppendRequest(200)) - 5fbe7820-a9fa-43af-b8cb-ea2e92af72fb@group-36DB4E6319DB->adfcb6a4-90df-42a6-b615-f553bb5ddfe0-GrpcLogAppender: appendEntries Timeout, request=5fbe7820-a9fa-43af-b8cb-ea2e92af72fb->adfcb6a4-90df-42a6-b615-f553bb5ddfe0#201-t1, previous=(t:1, i:20), leaderCommit=14, initializing? false, entries: <empty>
2019-09-11 06:35:39,456 [grpc-default-executor-7] INFO  client.GrpcClientProtocolClient (GrpcClientProtocolClient.java:onNext(264)) - client-202F7A5D2390->adfcb6a4-90df-42a6-b615-f553bb5ddfe0: receive RaftClientReply:client-202F7A5D2390->adfcb6a4-90df-42a6-b615-f553bb5ddfe0@group-36DB4E6319DB, cid=143, FAILED org.apache.ratis.protocol.NotLeaderException: Server adfcb6a4-90df-42a6-b615-f553bb5ddfe0@group-36DB4E6319DB is not the leader 5fbe7820-a9fa-43af-b8cb-ea2e92af72fb:192.168.36.125:41382, logIndex=0, commits[adfcb6a4-90df-42a6-b615-f553bb5ddfe0:c14, 5fbe7820-a9fa-43af-b8cb-ea2e92af72fb:c14, 0972d9e0-1686-4378-a4cd-e26758266cbe:c13]
2019-09-11 06:35:41,790 [java.util.concurrent.ThreadPoolExecutor$Worker@28d9cb8f[State = -1, empty queue]] WARN  server.GrpcLogAppender (GrpcLogAppender.java:timeoutAppendRequest(200)) - 5fbe7820-a9fa-43af-b8cb-ea2e92af72fb@group-36DB4E6319DB->adfcb6a4-90df-42a6-b615-f553bb5ddfe0-GrpcLogAppender: appendEntries Timeout, request=5fbe7820-a9fa-43af-b8cb-ea2e92af72fb->adfcb6a4-90df-42a6-b615-f553bb5ddfe0#202-t1, previous=(t:1, i:20), leaderCommit=14, initializing? false, entries: <empty>
2019-09-11 06:35:41,790 [java.util.concurrent.ThreadPoolExecutor$Worker@1e7423d2[State = -1, empty queue]] WARN  server.GrpcLogAppender (GrpcLogAppender.java:timeoutAppendRequest(200)) - 5fbe7820-a9fa-43af-b8cb-ea2e92af72fb@group-36DB4E6319DB->0972d9e0-1686-4378-a4cd-e26758266cbe-GrpcLogAppender: appendEntries Timeout, request=5fbe7820-a9fa-43af-b8cb-ea2e92af72fb->0972d9e0-1686-4378-a4cd-e26758266cbe#202-t1, previous=(t:1, i:20), leaderCommit=14, initializing? false, entries: <empty>
2019-09-11 06:35:43,764 [0972d9e0-1686-4378-a4cd-e26758266cbe@group-36DB4E6319DB-SegmentedRaftLogWorker] WARN  segmented.SegmentedRaftLogWorker (SegmentedRaftLogWorker.java:getFromFuture(90)) - Timeout 7/~
org.apache.ratis.protocol.TimeoutIOException: Timeout 10s: WriteLog:15: (t:1, i:15), STATEMACHINELOGENTRY, client-202F7A5D2390, cid=143-writeStateMachineData
	at org.apache.ratis.util.IOUtils.getFromFuture(IOUtils.java:87)
	at org.apache.ratis.server.raftlog.segmented.SegmentedRaftLogWorker$StateMachineDataPolicy.getFromFuture(SegmentedRaftLogWorker.java:87)
	at org.apache.ratis.server.raftlog.segmented.SegmentedRaftLogWorker$WriteLog.execute(SegmentedRaftLogWorker.java:477)
	at org.apache.ratis.server.raftlog.segmented.SegmentedRaftLogWorker.run(SegmentedRaftLogWorker.java:289)
	at java.lang.Thread.run(Thread.java:748)
Caused by: java.util.concurrent.TimeoutException
	at java.util.concurrent.CompletableFuture.timedGet(CompletableFuture.java:1771)
	at java.util.concurrent.CompletableFuture.get(CompletableFuture.java:1915)
	at org.apache.ratis.util.IOUtils.getFromFuture(IOUtils.java:79)
	... 4 more
2019-09-11 06:35:43,789 [5fbe7820-a9fa-43af-b8cb-ea2e92af72fb@group-36DB4E6319DB-SegmentedRaftLogWorker] WARN  segmented.SegmentedRaftLogWorker (SegmentedRaftLogWorker.java:getFromFuture(90)) - Timeout 7/~
org.apache.ratis.protocol.TimeoutIOException: Timeout 10s: WriteLog:15: (t:1, i:15), STATEMACHINELOGENTRY, client-202F7A5D2390, cid=143-writeStateMachineData
	at org.apache.ratis.util.IOUtils.getFromFuture(IOUtils.java:87)
	at org.apache.ratis.server.raftlog.segmented.SegmentedRaftLogWorker$StateMachineDataPolicy.getFromFuture(SegmentedRaftLogWorker.java:87)
	at org.apache.ratis.server.raftlog.segmented.SegmentedRaftLogWorker$WriteLog.execute(SegmentedRaftLogWorker.java:477)
	at org.apache.ratis.server.raftlog.segmented.SegmentedRaftLogWorker.run(SegmentedRaftLogWorker.java:289)
	at java.lang.Thread.run(Thread.java:748)
Caused by: java.util.concurrent.TimeoutException
	at java.util.concurrent.CompletableFuture.timedGet(CompletableFuture.java:1771)
	at java.util.concurrent.CompletableFuture.get(CompletableFuture.java:1915)
	at org.apache.ratis.util.IOUtils.getFromFuture(IOUtils.java:79)
	... 4 more
2019-09-11 06:35:43,836 [adfcb6a4-90df-42a6-b615-f553bb5ddfe0@group-36DB4E6319DB-SegmentedRaftLogWorker] WARN  segmented.SegmentedRaftLogWorker (SegmentedRaftLogWorker.java:getFromFuture(90)) - Timeout 7/~
org.apache.ratis.protocol.TimeoutIOException: Timeout 10s: WriteLog:16: (t:1, i:16), STATEMACHINELOGENTRY, client-202F7A5D2390, cid=144-writeStateMachineData
	at org.apache.ratis.util.IOUtils.getFromFuture(IOUtils.java:87)
	at org.apache.ratis.server.raftlog.segmented.SegmentedRaftLogWorker$StateMachineDataPolicy.getFromFuture(SegmentedRaftLogWorker.java:87)
	at org.apache.ratis.server.raftlog.segmented.SegmentedRaftLogWorker$WriteLog.execute(SegmentedRaftLogWorker.java:477)
	at org.apache.ratis.server.raftlog.segmented.SegmentedRaftLogWorker.run(SegmentedRaftLogWorker.java:289)
	at java.lang.Thread.run(Thread.java:748)
Caused by: java.util.concurrent.TimeoutException
	at java.util.concurrent.CompletableFuture.timedGet(CompletableFuture.java:1771)
	at java.util.concurrent.CompletableFuture.get(CompletableFuture.java:1915)
	at org.apache.ratis.util.IOUtils.getFromFuture(IOUtils.java:79)
	... 4 more
2019-09-11 06:35:44,290 [java.util.concurrent.ThreadPoolExecutor$Worker@1e7423d2[State = -1, empty queue]] WARN  server.GrpcLogAppender (GrpcLogAppender.java:timeoutAppendRequest(200)) - 5fbe7820-a9fa-43af-b8cb-ea2e92af72fb@group-36DB4E6319DB->0972d9e0-1686-4378-a4cd-e26758266cbe-GrpcLogAppender: appendEntries Timeout, request=5fbe7820-a9fa-43af-b8cb-ea2e92af72fb->0972d9e0-1686-4378-a4cd-e26758266cbe#203-t1, previous=(t:1, i:20), leaderCommit=14, initializing? false, entries: <empty>
2019-09-11 06:35:44,290 [java.util.concurrent.ThreadPoolExecutor$Worker@28d9cb8f[State = -1, empty queue]] WARN  server.GrpcLogAppender (GrpcLogAppender.java:timeoutAppendRequest(200)) - 5fbe7820-a9fa-43af-b8cb-ea2e92af72fb@group-36DB4E6319DB->adfcb6a4-90df-42a6-b615-f553bb5ddfe0-GrpcLogAppender: appendEntries Timeout, request=5fbe7820-a9fa-43af-b8cb-ea2e92af72fb->adfcb6a4-90df-42a6-b615-f553bb5ddfe0#203-t1, previous=(t:1, i:20), leaderCommit=14, initializing? false, entries: <empty>
2019-09-11 06:35:44,495 [grpc-default-executor-7] INFO  client.GrpcClientProtocolClient (GrpcClientProtocolClient.java:onNext(264)) - client-202F7A5D2390->0972d9e0-1686-4378-a4cd-e26758266cbe: receive RaftClientReply:client-202F7A5D2390->0972d9e0-1686-4378-a4cd-e26758266cbe@group-36DB4E6319DB, cid=143, FAILED org.apache.ratis.protocol.NotLeaderException: Server 0972d9e0-1686-4378-a4cd-e26758266cbe@group-36DB4E6319DB is not the leader 5fbe7820-a9fa-43af-b8cb-ea2e92af72fb:192.168.36.125:41382, logIndex=0, commits[0972d9e0-1686-4378-a4cd-e26758266cbe:c14, 5fbe7820-a9fa-43af-b8cb-ea2e92af72fb:c14, adfcb6a4-90df-42a6-b615-f553bb5ddfe0:c13]
2019-09-11 06:35:46,790 [java.util.concurrent.ThreadPoolExecutor$Worker@1e7423d2[State = -1, empty queue]] WARN  server.GrpcLogAppender (GrpcLogAppender.java:timeoutAppendRequest(200)) - 5fbe7820-a9fa-43af-b8cb-ea2e92af72fb@group-36DB4E6319DB->0972d9e0-1686-4378-a4cd-e26758266cbe-GrpcLogAppender: appendEntries Timeout, request=5fbe7820-a9fa-43af-b8cb-ea2e92af72fb->0972d9e0-1686-4378-a4cd-e26758266cbe#204-t1, previous=(t:1, i:20), leaderCommit=14, initializing? false, entries: <empty>
2019-09-11 06:35:46,790 [java.util.concurrent.ThreadPoolExecutor$Worker@28d9cb8f[State = -1, empty queue]] WARN  server.GrpcLogAppender (GrpcLogAppender.java:timeoutAppendRequest(200)) - 5fbe7820-a9fa-43af-b8cb-ea2e92af72fb@group-36DB4E6319DB->adfcb6a4-90df-42a6-b615-f553bb5ddfe0-GrpcLogAppender: appendEntries Timeout, request=5fbe7820-a9fa-43af-b8cb-ea2e92af72fb->adfcb6a4-90df-42a6-b615-f553bb5ddfe0#204-t1, previous=(t:1, i:20), leaderCommit=14, initializing? false, entries: <empty>
2019-09-11 06:35:49,291 [java.util.concurrent.ThreadPoolExecutor$Worker@1e7423d2[State = -1, empty queue]] WARN  server.GrpcLogAppender (GrpcLogAppender.java:timeoutAppendRequest(200)) - 5fbe7820-a9fa-43af-b8cb-ea2e92af72fb@group-36DB4E6319DB->0972d9e0-1686-4378-a4cd-e26758266cbe-GrpcLogAppender: appendEntries Timeout, request=5fbe7820-a9fa-43af-b8cb-ea2e92af72fb->0972d9e0-1686-4378-a4cd-e26758266cbe#205-t1, previous=(t:1, i:20), leaderCommit=14, initializing? false, entries: <empty>
2019-09-11 06:35:49,291 [java.util.concurrent.ThreadPoolExecutor$Worker@28d9cb8f[State = -1, empty queue]] WARN  server.GrpcLogAppender (GrpcLogAppender.java:timeoutAppendRequest(200)) - 5fbe7820-a9fa-43af-b8cb-ea2e92af72fb@group-36DB4E6319DB->adfcb6a4-90df-42a6-b615-f553bb5ddfe0-GrpcLogAppender: appendEntries Timeout, request=5fbe7820-a9fa-43af-b8cb-ea2e92af72fb->adfcb6a4-90df-42a6-b615-f553bb5ddfe0#205-t1, previous=(t:1, i:20), leaderCommit=14, initializing? false, entries: <empty>
2019-09-11 06:35:49,538 [grpc-default-executor-8] INFO  client.GrpcClientProtocolClient (GrpcClientProtocolClient.java:onNext(264)) - client-202F7A5D2390->adfcb6a4-90df-42a6-b615-f553bb5ddfe0: receive RaftClientReply:client-202F7A5D2390->adfcb6a4-90df-42a6-b615-f553bb5ddfe0@group-36DB4E6319DB, cid=143, FAILED org.apache.ratis.protocol.NotLeaderException: Server adfcb6a4-90df-42a6-b615-f553bb5ddfe0@group-36DB4E6319DB is not the leader 5fbe7820-a9fa-43af-b8cb-ea2e92af72fb:192.168.36.125:41382, logIndex=0, commits[adfcb6a4-90df-42a6-b615-f553bb5ddfe0:c14, 5fbe7820-a9fa-43af-b8cb-ea2e92af72fb:c14, 0972d9e0-1686-4378-a4cd-e26758266cbe:c13]
2019-09-11 06:35:51,791 [java.util.concurrent.ThreadPoolExecutor$Worker@1e7423d2[State = -1, empty queue]] WARN  server.GrpcLogAppender (GrpcLogAppender.java:timeoutAppendRequest(200)) - 5fbe7820-a9fa-43af-b8cb-ea2e92af72fb@group-36DB4E6319DB->0972d9e0-1686-4378-a4cd-e26758266cbe-GrpcLogAppender: appendEntries Timeout, request=5fbe7820-a9fa-43af-b8cb-ea2e92af72fb->0972d9e0-1686-4378-a4cd-e26758266cbe#206-t1, previous=(t:1, i:20), leaderCommit=14, initializing? false, entries: <empty>
2019-09-11 06:35:51,791 [java.util.concurrent.ThreadPoolExecutor$Worker@28d9cb8f[State = -1, empty queue]] WARN  server.GrpcLogAppender (GrpcLogAppender.java:timeoutAppendRequest(200)) - 5fbe7820-a9fa-43af-b8cb-ea2e92af72fb@group-36DB4E6319DB->adfcb6a4-90df-42a6-b615-f553bb5ddfe0-GrpcLogAppender: appendEntries Timeout, request=5fbe7820-a9fa-43af-b8cb-ea2e92af72fb->adfcb6a4-90df-42a6-b615-f553bb5ddfe0#206-t1, previous=(t:1, i:20), leaderCommit=14, initializing? false, entries: <empty>
2019-09-11 06:35:53,764 [0972d9e0-1686-4378-a4cd-e26758266cbe@group-36DB4E6319DB-SegmentedRaftLogWorker] WARN  segmented.SegmentedRaftLogWorker (SegmentedRaftLogWorker.java:getFromFuture(90)) - Timeout 8/~
org.apache.ratis.protocol.TimeoutIOException: Timeout 10s: WriteLog:15: (t:1, i:15), STATEMACHINELOGENTRY, client-202F7A5D2390, cid=143-writeStateMachineData
	at org.apache.ratis.util.IOUtils.getFromFuture(IOUtils.java:87)
	at org.apache.ratis.server.raftlog.segmented.SegmentedRaftLogWorker$StateMachineDataPolicy.getFromFuture(SegmentedRaftLogWorker.java:87)
	at org.apache.ratis.server.raftlog.segmented.SegmentedRaftLogWorker$WriteLog.execute(SegmentedRaftLogWorker.java:477)
	at org.apache.ratis.server.raftlog.segmented.SegmentedRaftLogWorker.run(SegmentedRaftLogWorker.java:289)
	at java.lang.Thread.run(Thread.java:748)
Caused by: java.util.concurrent.TimeoutException
	at java.util.concurrent.CompletableFuture.timedGet(CompletableFuture.java:1771)
	at java.util.concurrent.CompletableFuture.get(CompletableFuture.java:1915)
	at org.apache.ratis.util.IOUtils.getFromFuture(IOUtils.java:79)
	... 4 more
2019-09-11 06:35:53,790 [5fbe7820-a9fa-43af-b8cb-ea2e92af72fb@group-36DB4E6319DB-SegmentedRaftLogWorker] WARN  segmented.SegmentedRaftLogWorker (SegmentedRaftLogWorker.java:getFromFuture(90)) - Timeout 8/~
org.apache.ratis.protocol.TimeoutIOException: Timeout 10s: WriteLog:15: (t:1, i:15), STATEMACHINELOGENTRY, client-202F7A5D2390, cid=143-writeStateMachineData
	at org.apache.ratis.util.IOUtils.getFromFuture(IOUtils.java:87)
	at org.apache.ratis.server.raftlog.segmented.SegmentedRaftLogWorker$StateMachineDataPolicy.getFromFuture(SegmentedRaftLogWorker.java:87)
	at org.apache.ratis.server.raftlog.segmented.SegmentedRaftLogWorker$WriteLog.execute(SegmentedRaftLogWorker.java:477)
	at org.apache.ratis.server.raftlog.segmented.SegmentedRaftLogWorker.run(SegmentedRaftLogWorker.java:289)
	at java.lang.Thread.run(Thread.java:748)
Caused by: java.util.concurrent.TimeoutException
	at java.util.concurrent.CompletableFuture.timedGet(CompletableFuture.java:1771)
	at java.util.concurrent.CompletableFuture.get(CompletableFuture.java:1915)
	at org.apache.ratis.util.IOUtils.getFromFuture(IOUtils.java:79)
	... 4 more
2019-09-11 06:35:53,837 [adfcb6a4-90df-42a6-b615-f553bb5ddfe0@group-36DB4E6319DB-SegmentedRaftLogWorker] WARN  segmented.SegmentedRaftLogWorker (SegmentedRaftLogWorker.java:getFromFuture(90)) - Timeout 8/~
org.apache.ratis.protocol.TimeoutIOException: Timeout 10s: WriteLog:16: (t:1, i:16), STATEMACHINELOGENTRY, client-202F7A5D2390, cid=144-writeStateMachineData
	at org.apache.ratis.util.IOUtils.getFromFuture(IOUtils.java:87)
	at org.apache.ratis.server.raftlog.segmented.SegmentedRaftLogWorker$StateMachineDataPolicy.getFromFuture(SegmentedRaftLogWorker.java:87)
	at org.apache.ratis.server.raftlog.segmented.SegmentedRaftLogWorker$WriteLog.execute(SegmentedRaftLogWorker.java:477)
	at org.apache.ratis.server.raftlog.segmented.SegmentedRaftLogWorker.run(SegmentedRaftLogWorker.java:289)
	at java.lang.Thread.run(Thread.java:748)
Caused by: java.util.concurrent.TimeoutException
	at java.util.concurrent.CompletableFuture.timedGet(CompletableFuture.java:1771)
	at java.util.concurrent.CompletableFuture.get(CompletableFuture.java:1915)
	at org.apache.ratis.util.IOUtils.getFromFuture(IOUtils.java:79)
	... 4 more
2019-09-11 06:35:54,291 [java.util.concurrent.ThreadPoolExecutor$Worker@1e7423d2[State = -1, empty queue]] WARN  server.GrpcLogAppender (GrpcLogAppender.java:timeoutAppendRequest(200)) - 5fbe7820-a9fa-43af-b8cb-ea2e92af72fb@group-36DB4E6319DB->0972d9e0-1686-4378-a4cd-e26758266cbe-GrpcLogAppender: appendEntries Timeout, request=5fbe7820-a9fa-43af-b8cb-ea2e92af72fb->0972d9e0-1686-4378-a4cd-e26758266cbe#207-t1, previous=(t:1, i:20), leaderCommit=14, initializing? false, entries: <empty>
2019-09-11 06:35:54,291 [java.util.concurrent.ThreadPoolExecutor$Worker@28d9cb8f[State = -1, empty queue]] WARN  server.GrpcLogAppender (GrpcLogAppender.java:timeoutAppendRequest(200)) - 5fbe7820-a9fa-43af-b8cb-ea2e92af72fb@group-36DB4E6319DB->adfcb6a4-90df-42a6-b615-f553bb5ddfe0-GrpcLogAppender: appendEntries Timeout, request=5fbe7820-a9fa-43af-b8cb-ea2e92af72fb->adfcb6a4-90df-42a6-b615-f553bb5ddfe0#207-t1, previous=(t:1, i:20), leaderCommit=14, initializing? false, entries: <empty>
2019-09-11 06:35:54,588 [grpc-default-executor-7] INFO  client.GrpcClientProtocolClient (GrpcClientProtocolClient.java:onNext(264)) - client-202F7A5D2390->0972d9e0-1686-4378-a4cd-e26758266cbe: receive RaftClientReply:client-202F7A5D2390->0972d9e0-1686-4378-a4cd-e26758266cbe@group-36DB4E6319DB, cid=143, FAILED org.apache.ratis.protocol.NotLeaderException: Server 0972d9e0-1686-4378-a4cd-e26758266cbe@group-36DB4E6319DB is not the leader 5fbe7820-a9fa-43af-b8cb-ea2e92af72fb:192.168.36.125:41382, logIndex=0, commits[0972d9e0-1686-4378-a4cd-e26758266cbe:c14, 5fbe7820-a9fa-43af-b8cb-ea2e92af72fb:c14, adfcb6a4-90df-42a6-b615-f553bb5ddfe0:c13]
2019-09-11 06:35:56,792 [java.util.concurrent.ThreadPoolExecutor$Worker@28d9cb8f[State = -1, empty queue]] WARN  server.GrpcLogAppender (GrpcLogAppender.java:timeoutAppendRequest(200)) - 5fbe7820-a9fa-43af-b8cb-ea2e92af72fb@group-36DB4E6319DB->adfcb6a4-90df-42a6-b615-f553bb5ddfe0-GrpcLogAppender: appendEntries Timeout, request=5fbe7820-a9fa-43af-b8cb-ea2e92af72fb->adfcb6a4-90df-42a6-b615-f553bb5ddfe0#208-t1, previous=(t:1, i:20), leaderCommit=14, initializing? false, entries: <empty>
2019-09-11 06:35:56,792 [java.util.concurrent.ThreadPoolExecutor$Worker@1e7423d2[State = -1, empty queue]] WARN  server.GrpcLogAppender (GrpcLogAppender.java:timeoutAppendRequest(200)) - 5fbe7820-a9fa-43af-b8cb-ea2e92af72fb@group-36DB4E6319DB->0972d9e0-1686-4378-a4cd-e26758266cbe-GrpcLogAppender: appendEntries Timeout, request=5fbe7820-a9fa-43af-b8cb-ea2e92af72fb->0972d9e0-1686-4378-a4cd-e26758266cbe#208-t1, previous=(t:1, i:20), leaderCommit=14, initializing? false, entries: <empty>
2019-09-11 06:35:59,292 [java.util.concurrent.ThreadPoolExecutor$Worker@28d9cb8f[State = -1, empty queue]] WARN  server.GrpcLogAppender (GrpcLogAppender.java:timeoutAppendRequest(200)) - 5fbe7820-a9fa-43af-b8cb-ea2e92af72fb@group-36DB4E6319DB->adfcb6a4-90df-42a6-b615-f553bb5ddfe0-GrpcLogAppender: appendEntries Timeout, request=5fbe7820-a9fa-43af-b8cb-ea2e92af72fb->adfcb6a4-90df-42a6-b615-f553bb5ddfe0#209-t1, previous=(t:1, i:20), leaderCommit=14, initializing? false, entries: <empty>
2019-09-11 06:35:59,292 [java.util.concurrent.ThreadPoolExecutor$Worker@1e7423d2[State = -1, empty queue]] WARN  server.GrpcLogAppender (GrpcLogAppender.java:timeoutAppendRequest(200)) - 5fbe7820-a9fa-43af-b8cb-ea2e92af72fb@group-36DB4E6319DB->0972d9e0-1686-4378-a4cd-e26758266cbe-GrpcLogAppender: appendEntries Timeout, request=5fbe7820-a9fa-43af-b8cb-ea2e92af72fb->0972d9e0-1686-4378-a4cd-e26758266cbe#209-t1, previous=(t:1, i:20), leaderCommit=14, initializing? false, entries: <empty>
2019-09-11 06:35:59,636 [grpc-default-executor-7] INFO  client.GrpcClientProtocolClient (GrpcClientProtocolClient.java:onNext(264)) - client-202F7A5D2390->0972d9e0-1686-4378-a4cd-e26758266cbe: receive RaftClientReply:client-202F7A5D2390->0972d9e0-1686-4378-a4cd-e26758266cbe@group-36DB4E6319DB, cid=143, FAILED org.apache.ratis.protocol.NotLeaderException: Server 0972d9e0-1686-4378-a4cd-e26758266cbe@group-36DB4E6319DB is not the leader 5fbe7820-a9fa-43af-b8cb-ea2e92af72fb:192.168.36.125:41382, logIndex=0, commits[0972d9e0-1686-4378-a4cd-e26758266cbe:c14, 5fbe7820-a9fa-43af-b8cb-ea2e92af72fb:c14, adfcb6a4-90df-42a6-b615-f553bb5ddfe0:c13]
2019-09-11 06:36:01,792 [java.util.concurrent.ThreadPoolExecutor$Worker@1e7423d2[State = -1, empty queue]] WARN  server.GrpcLogAppender (GrpcLogAppender.java:timeoutAppendRequest(200)) - 5fbe7820-a9fa-43af-b8cb-ea2e92af72fb@group-36DB4E6319DB->0972d9e0-1686-4378-a4cd-e26758266cbe-GrpcLogAppender: appendEntries Timeout, request=5fbe7820-a9fa-43af-b8cb-ea2e92af72fb->0972d9e0-1686-4378-a4cd-e26758266cbe#210-t1, previous=(t:1, i:20), leaderCommit=14, initializing? false, entries: <empty>
2019-09-11 06:36:01,792 [java.util.concurrent.ThreadPoolExecutor$Worker@28d9cb8f[State = -1, empty queue]] WARN  server.GrpcLogAppender (GrpcLogAppender.java:timeoutAppendRequest(200)) - 5fbe7820-a9fa-43af-b8cb-ea2e92af72fb@group-36DB4E6319DB->adfcb6a4-90df-42a6-b615-f553bb5ddfe0-GrpcLogAppender: appendEntries Timeout, request=5fbe7820-a9fa-43af-b8cb-ea2e92af72fb->adfcb6a4-90df-42a6-b615-f553bb5ddfe0#210-t1, previous=(t:1, i:20), leaderCommit=14, initializing? false, entries: <empty>
2019-09-11 06:36:03,765 [0972d9e0-1686-4378-a4cd-e26758266cbe@group-36DB4E6319DB-SegmentedRaftLogWorker] WARN  segmented.SegmentedRaftLogWorker (SegmentedRaftLogWorker.java:getFromFuture(90)) - Timeout 9/~
org.apache.ratis.protocol.TimeoutIOException: Timeout 10s: WriteLog:15: (t:1, i:15), STATEMACHINELOGENTRY, client-202F7A5D2390, cid=143-writeStateMachineData
	at org.apache.ratis.util.IOUtils.getFromFuture(IOUtils.java:87)
	at org.apache.ratis.server.raftlog.segmented.SegmentedRaftLogWorker$StateMachineDataPolicy.getFromFuture(SegmentedRaftLogWorker.java:87)
	at org.apache.ratis.server.raftlog.segmented.SegmentedRaftLogWorker$WriteLog.execute(SegmentedRaftLogWorker.java:477)
	at org.apache.ratis.server.raftlog.segmented.SegmentedRaftLogWorker.run(SegmentedRaftLogWorker.java:289)
	at java.lang.Thread.run(Thread.java:748)
Caused by: java.util.concurrent.TimeoutException
	at java.util.concurrent.CompletableFuture.timedGet(CompletableFuture.java:1771)
	at java.util.concurrent.CompletableFuture.get(CompletableFuture.java:1915)
	at org.apache.ratis.util.IOUtils.getFromFuture(IOUtils.java:79)
	... 4 more
2019-09-11 06:36:03,790 [5fbe7820-a9fa-43af-b8cb-ea2e92af72fb@group-36DB4E6319DB-SegmentedRaftLogWorker] WARN  segmented.SegmentedRaftLogWorker (SegmentedRaftLogWorker.java:getFromFuture(90)) - Timeout 9/~
org.apache.ratis.protocol.TimeoutIOException: Timeout 10s: WriteLog:15: (t:1, i:15), STATEMACHINELOGENTRY, client-202F7A5D2390, cid=143-writeStateMachineData
	at org.apache.ratis.util.IOUtils.getFromFuture(IOUtils.java:87)
	at org.apache.ratis.server.raftlog.segmented.SegmentedRaftLogWorker$StateMachineDataPolicy.getFromFuture(SegmentedRaftLogWorker.java:87)
	at org.apache.ratis.server.raftlog.segmented.SegmentedRaftLogWorker$WriteLog.execute(SegmentedRaftLogWorker.java:477)
	at org.apache.ratis.server.raftlog.segmented.SegmentedRaftLogWorker.run(SegmentedRaftLogWorker.java:289)
	at java.lang.Thread.run(Thread.java:748)
Caused by: java.util.concurrent.TimeoutException
	at java.util.concurrent.CompletableFuture.timedGet(CompletableFuture.java:1771)
	at java.util.concurrent.CompletableFuture.get(CompletableFuture.java:1915)
	at org.apache.ratis.util.IOUtils.getFromFuture(IOUtils.java:79)
	... 4 more
2019-09-11 06:36:03,837 [adfcb6a4-90df-42a6-b615-f553bb5ddfe0@group-36DB4E6319DB-SegmentedRaftLogWorker] WARN  segmented.SegmentedRaftLogWorker (SegmentedRaftLogWorker.java:getFromFuture(90)) - Timeout 9/~
org.apache.ratis.protocol.TimeoutIOException: Timeout 10s: WriteLog:16: (t:1, i:16), STATEMACHINELOGENTRY, client-202F7A5D2390, cid=144-writeStateMachineData
	at org.apache.ratis.util.IOUtils.getFromFuture(IOUtils.java:87)
	at org.apache.ratis.server.raftlog.segmented.SegmentedRaftLogWorker$StateMachineDataPolicy.getFromFuture(SegmentedRaftLogWorker.java:87)
	at org.apache.ratis.server.raftlog.segmented.SegmentedRaftLogWorker$WriteLog.execute(SegmentedRaftLogWorker.java:477)
	at org.apache.ratis.server.raftlog.segmented.SegmentedRaftLogWorker.run(SegmentedRaftLogWorker.java:289)
	at java.lang.Thread.run(Thread.java:748)
Caused by: java.util.concurrent.TimeoutException
	at java.util.concurrent.CompletableFuture.timedGet(CompletableFuture.java:1771)
	at java.util.concurrent.CompletableFuture.get(CompletableFuture.java:1915)
	at org.apache.ratis.util.IOUtils.getFromFuture(IOUtils.java:79)
	... 4 more
2019-09-11 06:36:04,292 [java.util.concurrent.ThreadPoolExecutor$Worker@1e7423d2[State = -1, empty queue]] WARN  server.GrpcLogAppender (GrpcLogAppender.java:timeoutAppendRequest(200)) - 5fbe7820-a9fa-43af-b8cb-ea2e92af72fb@group-36DB4E6319DB->0972d9e0-1686-4378-a4cd-e26758266cbe-GrpcLogAppender: appendEntries Timeout, request=5fbe7820-a9fa-43af-b8cb-ea2e92af72fb->0972d9e0-1686-4378-a4cd-e26758266cbe#211-t1, previous=(t:1, i:20), leaderCommit=14, initializing? false, entries: <empty>
2019-09-11 06:36:04,293 [java.util.concurrent.ThreadPoolExecutor$Worker@28d9cb8f[State = -1, empty queue]] WARN  server.GrpcLogAppender (GrpcLogAppender.java:timeoutAppendRequest(200)) - 5fbe7820-a9fa-43af-b8cb-ea2e92af72fb@group-36DB4E6319DB->adfcb6a4-90df-42a6-b615-f553bb5ddfe0-GrpcLogAppender: appendEntries Timeout, request=5fbe7820-a9fa-43af-b8cb-ea2e92af72fb->adfcb6a4-90df-42a6-b615-f553bb5ddfe0#211-t1, previous=(t:1, i:20), leaderCommit=14, initializing? false, entries: <empty>
2019-09-11 06:36:04,675 [grpc-default-executor-7] INFO  client.GrpcClientProtocolClient (GrpcClientProtocolClient.java:onNext(264)) - client-202F7A5D2390->adfcb6a4-90df-42a6-b615-f553bb5ddfe0: receive RaftClientReply:client-202F7A5D2390->adfcb6a4-90df-42a6-b615-f553bb5ddfe0@group-36DB4E6319DB, cid=143, FAILED org.apache.ratis.protocol.NotLeaderException: Server adfcb6a4-90df-42a6-b615-f553bb5ddfe0@group-36DB4E6319DB is not the leader 5fbe7820-a9fa-43af-b8cb-ea2e92af72fb:192.168.36.125:41382, logIndex=0, commits[adfcb6a4-90df-42a6-b615-f553bb5ddfe0:c14, 5fbe7820-a9fa-43af-b8cb-ea2e92af72fb:c14, 0972d9e0-1686-4378-a4cd-e26758266cbe:c13]
2019-09-11 06:36:06,793 [java.util.concurrent.ThreadPoolExecutor$Worker@1e7423d2[State = -1, empty queue]] WARN  server.GrpcLogAppender (GrpcLogAppender.java:timeoutAppendRequest(200)) - 5fbe7820-a9fa-43af-b8cb-ea2e92af72fb@group-36DB4E6319DB->0972d9e0-1686-4378-a4cd-e26758266cbe-GrpcLogAppender: appendEntries Timeout, request=5fbe7820-a9fa-43af-b8cb-ea2e92af72fb->0972d9e0-1686-4378-a4cd-e26758266cbe#212-t1, previous=(t:1, i:20), leaderCommit=14, initializing? false, entries: <empty>
2019-09-11 06:36:06,793 [java.util.concurrent.ThreadPoolExecutor$Worker@28d9cb8f[State = -1, empty queue]] WARN  server.GrpcLogAppender (GrpcLogAppender.java:timeoutAppendRequest(200)) - 5fbe7820-a9fa-43af-b8cb-ea2e92af72fb@group-36DB4E6319DB->adfcb6a4-90df-42a6-b615-f553bb5ddfe0-GrpcLogAppender: appendEntries Timeout, request=5fbe7820-a9fa-43af-b8cb-ea2e92af72fb->adfcb6a4-90df-42a6-b615-f553bb5ddfe0#212-t1, previous=(t:1, i:20), leaderCommit=14, initializing? false, entries: <empty>
2019-09-11 06:36:09,293 [java.util.concurrent.ThreadPoolExecutor$Worker@1e7423d2[State = -1, empty queue]] WARN  server.GrpcLogAppender (GrpcLogAppender.java:timeoutAppendRequest(200)) - 5fbe7820-a9fa-43af-b8cb-ea2e92af72fb@group-36DB4E6319DB->0972d9e0-1686-4378-a4cd-e26758266cbe-GrpcLogAppender: appendEntries Timeout, request=5fbe7820-a9fa-43af-b8cb-ea2e92af72fb->0972d9e0-1686-4378-a4cd-e26758266cbe#213-t1, previous=(t:1, i:20), leaderCommit=14, initializing? false, entries: <empty>
2019-09-11 06:36:09,293 [java.util.concurrent.ThreadPoolExecutor$Worker@28d9cb8f[State = -1, empty queue]] WARN  server.GrpcLogAppender (GrpcLogAppender.java:timeoutAppendRequest(200)) - 5fbe7820-a9fa-43af-b8cb-ea2e92af72fb@group-36DB4E6319DB->adfcb6a4-90df-42a6-b615-f553bb5ddfe0-GrpcLogAppender: appendEntries Timeout, request=5fbe7820-a9fa-43af-b8cb-ea2e92af72fb->adfcb6a4-90df-42a6-b615-f553bb5ddfe0#213-t1, previous=(t:1, i:20), leaderCommit=14, initializing? false, entries: <empty>
2019-09-11 06:36:09,715 [grpc-default-executor-7] INFO  client.GrpcClientProtocolClient (GrpcClientProtocolClient.java:onNext(264)) - client-202F7A5D2390->adfcb6a4-90df-42a6-b615-f553bb5ddfe0: receive RaftClientReply:client-202F7A5D2390->adfcb6a4-90df-42a6-b615-f553bb5ddfe0@group-36DB4E6319DB, cid=143, FAILED org.apache.ratis.protocol.NotLeaderException: Server adfcb6a4-90df-42a6-b615-f553bb5ddfe0@group-36DB4E6319DB is not the leader 5fbe7820-a9fa-43af-b8cb-ea2e92af72fb:192.168.36.125:41382, logIndex=0, commits[adfcb6a4-90df-42a6-b615-f553bb5ddfe0:c14, 5fbe7820-a9fa-43af-b8cb-ea2e92af72fb:c14, 0972d9e0-1686-4378-a4cd-e26758266cbe:c13]
2019-09-11 06:36:11,793 [java.util.concurrent.ThreadPoolExecutor$Worker@1e7423d2[State = -1, empty queue]] WARN  server.GrpcLogAppender (GrpcLogAppender.java:timeoutAppendRequest(200)) - 5fbe7820-a9fa-43af-b8cb-ea2e92af72fb@group-36DB4E6319DB->0972d9e0-1686-4378-a4cd-e26758266cbe-GrpcLogAppender: appendEntries Timeout, request=5fbe7820-a9fa-43af-b8cb-ea2e92af72fb->0972d9e0-1686-4378-a4cd-e26758266cbe#214-t1, previous=(t:1, i:20), leaderCommit=14, initializing? false, entries: <empty>
2019-09-11 06:36:11,793 [java.util.concurrent.ThreadPoolExecutor$Worker@28d9cb8f[State = -1, empty queue]] WARN  server.GrpcLogAppender (GrpcLogAppender.java:timeoutAppendRequest(200)) - 5fbe7820-a9fa-43af-b8cb-ea2e92af72fb@group-36DB4E6319DB->adfcb6a4-90df-42a6-b615-f553bb5ddfe0-GrpcLogAppender: appendEntries Timeout, request=5fbe7820-a9fa-43af-b8cb-ea2e92af72fb->adfcb6a4-90df-42a6-b615-f553bb5ddfe0#214-t1, previous=(t:1, i:20), leaderCommit=14, initializing? false, entries: <empty>
2019-09-11 06:36:13,766 [0972d9e0-1686-4378-a4cd-e26758266cbe@group-36DB4E6319DB-SegmentedRaftLogWorker] WARN  segmented.SegmentedRaftLogWorker (SegmentedRaftLogWorker.java:getFromFuture(90)) - Timeout 10/~
org.apache.ratis.protocol.TimeoutIOException: Timeout 10s: WriteLog:15: (t:1, i:15), STATEMACHINELOGENTRY, client-202F7A5D2390, cid=143-writeStateMachineData
	at org.apache.ratis.util.IOUtils.getFromFuture(IOUtils.java:87)
	at org.apache.ratis.server.raftlog.segmented.SegmentedRaftLogWorker$StateMachineDataPolicy.getFromFuture(SegmentedRaftLogWorker.java:87)
	at org.apache.ratis.server.raftlog.segmented.SegmentedRaftLogWorker$WriteLog.execute(SegmentedRaftLogWorker.java:477)
	at org.apache.ratis.server.raftlog.segmented.SegmentedRaftLogWorker.run(SegmentedRaftLogWorker.java:289)
	at java.lang.Thread.run(Thread.java:748)
Caused by: java.util.concurrent.TimeoutException
	at java.util.concurrent.CompletableFuture.timedGet(CompletableFuture.java:1771)
	at java.util.concurrent.CompletableFuture.get(CompletableFuture.java:1915)
	at org.apache.ratis.util.IOUtils.getFromFuture(IOUtils.java:79)
	... 4 more
2019-09-11 06:36:13,791 [5fbe7820-a9fa-43af-b8cb-ea2e92af72fb@group-36DB4E6319DB-SegmentedRaftLogWorker] WARN  segmented.SegmentedRaftLogWorker (SegmentedRaftLogWorker.java:getFromFuture(90)) - Timeout 10/~
org.apache.ratis.protocol.TimeoutIOException: Timeout 10s: WriteLog:15: (t:1, i:15), STATEMACHINELOGENTRY, client-202F7A5D2390, cid=143-writeStateMachineData
	at org.apache.ratis.util.IOUtils.getFromFuture(IOUtils.java:87)
	at org.apache.ratis.server.raftlog.segmented.SegmentedRaftLogWorker$StateMachineDataPolicy.getFromFuture(SegmentedRaftLogWorker.java:87)
	at org.apache.ratis.server.raftlog.segmented.SegmentedRaftLogWorker$WriteLog.execute(SegmentedRaftLogWorker.java:477)
	at org.apache.ratis.server.raftlog.segmented.SegmentedRaftLogWorker.run(SegmentedRaftLogWorker.java:289)
	at java.lang.Thread.run(Thread.java:748)
Caused by: java.util.concurrent.TimeoutException
	at java.util.concurrent.CompletableFuture.timedGet(CompletableFuture.java:1771)
	at java.util.concurrent.CompletableFuture.get(CompletableFuture.java:1915)
	at org.apache.ratis.util.IOUtils.getFromFuture(IOUtils.java:79)
	... 4 more
2019-09-11 06:36:13,838 [adfcb6a4-90df-42a6-b615-f553bb5ddfe0@group-36DB4E6319DB-SegmentedRaftLogWorker] WARN  segmented.SegmentedRaftLogWorker (SegmentedRaftLogWorker.java:getFromFuture(90)) - Timeout 10/~
org.apache.ratis.protocol.TimeoutIOException: Timeout 10s: WriteLog:16: (t:1, i:16), STATEMACHINELOGENTRY, client-202F7A5D2390, cid=144-writeStateMachineData
	at org.apache.ratis.util.IOUtils.getFromFuture(IOUtils.java:87)
	at org.apache.ratis.server.raftlog.segmented.SegmentedRaftLogWorker$StateMachineDataPolicy.getFromFuture(SegmentedRaftLogWorker.java:87)
	at org.apache.ratis.server.raftlog.segmented.SegmentedRaftLogWorker$WriteLog.execute(SegmentedRaftLogWorker.java:477)
	at org.apache.ratis.server.raftlog.segmented.SegmentedRaftLogWorker.run(SegmentedRaftLogWorker.java:289)
	at java.lang.Thread.run(Thread.java:748)
Caused by: java.util.concurrent.TimeoutException
	at java.util.concurrent.CompletableFuture.timedGet(CompletableFuture.java:1771)
	at java.util.concurrent.CompletableFuture.get(CompletableFuture.java:1915)
	at org.apache.ratis.util.IOUtils.getFromFuture(IOUtils.java:79)
	... 4 more
2019-09-11 06:36:14,293 [java.util.concurrent.ThreadPoolExecutor$Worker@1e7423d2[State = -1, empty queue]] WARN  server.GrpcLogAppender (GrpcLogAppender.java:timeoutAppendRequest(200)) - 5fbe7820-a9fa-43af-b8cb-ea2e92af72fb@group-36DB4E6319DB->0972d9e0-1686-4378-a4cd-e26758266cbe-GrpcLogAppender: appendEntries Timeout, request=5fbe7820-a9fa-43af-b8cb-ea2e92af72fb->0972d9e0-1686-4378-a4cd-e26758266cbe#215-t1, previous=(t:1, i:20), leaderCommit=14, initializing? false, entries: <empty>
2019-09-11 06:36:14,294 [java.util.concurrent.ThreadPoolExecutor$Worker@28d9cb8f[State = -1, empty queue]] WARN  server.GrpcLogAppender (GrpcLogAppender.java:timeoutAppendRequest(200)) - 5fbe7820-a9fa-43af-b8cb-ea2e92af72fb@group-36DB4E6319DB->adfcb6a4-90df-42a6-b615-f553bb5ddfe0-GrpcLogAppender: appendEntries Timeout, request=5fbe7820-a9fa-43af-b8cb-ea2e92af72fb->adfcb6a4-90df-42a6-b615-f553bb5ddfe0#215-t1, previous=(t:1, i:20), leaderCommit=14, initializing? false, entries: <empty>
2019-09-11 06:36:14,769 [grpc-default-executor-8] INFO  client.GrpcClientProtocolClient (GrpcClientProtocolClient.java:onNext(264)) - client-202F7A5D2390->adfcb6a4-90df-42a6-b615-f553bb5ddfe0: receive RaftClientReply:client-202F7A5D2390->adfcb6a4-90df-42a6-b615-f553bb5ddfe0@group-36DB4E6319DB, cid=143, FAILED org.apache.ratis.protocol.NotLeaderException: Server adfcb6a4-90df-42a6-b615-f553bb5ddfe0@group-36DB4E6319DB is not the leader 5fbe7820-a9fa-43af-b8cb-ea2e92af72fb:192.168.36.125:41382, logIndex=0, commits[adfcb6a4-90df-42a6-b615-f553bb5ddfe0:c14, 5fbe7820-a9fa-43af-b8cb-ea2e92af72fb:c14, 0972d9e0-1686-4378-a4cd-e26758266cbe:c13]
2019-09-11 06:36:16,794 [java.util.concurrent.ThreadPoolExecutor$Worker@1e7423d2[State = -1, empty queue]] WARN  server.GrpcLogAppender (GrpcLogAppender.java:timeoutAppendRequest(200)) - 5fbe7820-a9fa-43af-b8cb-ea2e92af72fb@group-36DB4E6319DB->0972d9e0-1686-4378-a4cd-e26758266cbe-GrpcLogAppender: appendEntries Timeout, request=5fbe7820-a9fa-43af-b8cb-ea2e92af72fb->0972d9e0-1686-4378-a4cd-e26758266cbe#216-t1, previous=(t:1, i:20), leaderCommit=14, initializing? false, entries: <empty>
2019-09-11 06:36:16,794 [java.util.concurrent.ThreadPoolExecutor$Worker@28d9cb8f[State = -1, empty queue]] WARN  server.GrpcLogAppender (GrpcLogAppender.java:timeoutAppendRequest(200)) - 5fbe7820-a9fa-43af-b8cb-ea2e92af72fb@group-36DB4E6319DB->adfcb6a4-90df-42a6-b615-f553bb5ddfe0-GrpcLogAppender: appendEntries Timeout, request=5fbe7820-a9fa-43af-b8cb-ea2e92af72fb->adfcb6a4-90df-42a6-b615-f553bb5ddfe0#216-t1, previous=(t:1, i:20), leaderCommit=14, initializing? false, entries: <empty>
2019-09-11 06:36:19,294 [java.util.concurrent.ThreadPoolExecutor$Worker@1e7423d2[State = -1, empty queue]] WARN  server.GrpcLogAppender (GrpcLogAppender.java:timeoutAppendRequest(200)) - 5fbe7820-a9fa-43af-b8cb-ea2e92af72fb@group-36DB4E6319DB->0972d9e0-1686-4378-a4cd-e26758266cbe-GrpcLogAppender: appendEntries Timeout, request=5fbe7820-a9fa-43af-b8cb-ea2e92af72fb->0972d9e0-1686-4378-a4cd-e26758266cbe#217-t1, previous=(t:1, i:20), leaderCommit=14, initializing? false, entries: <empty>
2019-09-11 06:36:19,294 [java.util.concurrent.ThreadPoolExecutor$Worker@28d9cb8f[State = -1, empty queue]] WARN  server.GrpcLogAppender (GrpcLogAppender.java:timeoutAppendRequest(200)) - 5fbe7820-a9fa-43af-b8cb-ea2e92af72fb@group-36DB4E6319DB->adfcb6a4-90df-42a6-b615-f553bb5ddfe0-GrpcLogAppender: appendEntries Timeout, request=5fbe7820-a9fa-43af-b8cb-ea2e92af72fb->adfcb6a4-90df-42a6-b615-f553bb5ddfe0#217-t1, previous=(t:1, i:20), leaderCommit=14, initializing? false, entries: <empty>
2019-09-11 06:36:19,811 [grpc-default-executor-7] INFO  client.GrpcClientProtocolClient (GrpcClientProtocolClient.java:onNext(264)) - client-202F7A5D2390->adfcb6a4-90df-42a6-b615-f553bb5ddfe0: receive RaftClientReply:client-202F7A5D2390->adfcb6a4-90df-42a6-b615-f553bb5ddfe0@group-36DB4E6319DB, cid=143, FAILED org.apache.ratis.protocol.NotLeaderException: Server adfcb6a4-90df-42a6-b615-f553bb5ddfe0@group-36DB4E6319DB is not the leader 5fbe7820-a9fa-43af-b8cb-ea2e92af72fb:192.168.36.125:41382, logIndex=0, commits[adfcb6a4-90df-42a6-b615-f553bb5ddfe0:c14, 5fbe7820-a9fa-43af-b8cb-ea2e92af72fb:c14, 0972d9e0-1686-4378-a4cd-e26758266cbe:c13]
2019-09-11 06:36:21,795 [java.util.concurrent.ThreadPoolExecutor$Worker@28d9cb8f[State = -1, empty queue]] WARN  server.GrpcLogAppender (GrpcLogAppender.java:timeoutAppendRequest(200)) - 5fbe7820-a9fa-43af-b8cb-ea2e92af72fb@group-36DB4E6319DB->adfcb6a4-90df-42a6-b615-f553bb5ddfe0-GrpcLogAppender: appendEntries Timeout, request=5fbe7820-a9fa-43af-b8cb-ea2e92af72fb->adfcb6a4-90df-42a6-b615-f553bb5ddfe0#218-t1, previous=(t:1, i:20), leaderCommit=14, initializing? false, entries: <empty>
2019-09-11 06:36:21,795 [java.util.concurrent.ThreadPoolExecutor$Worker@1e7423d2[State = -1, empty queue]] WARN  server.GrpcLogAppender (GrpcLogAppender.java:timeoutAppendRequest(200)) - 5fbe7820-a9fa-43af-b8cb-ea2e92af72fb@group-36DB4E6319DB->0972d9e0-1686-4378-a4cd-e26758266cbe-GrpcLogAppender: appendEntries Timeout, request=5fbe7820-a9fa-43af-b8cb-ea2e92af72fb->0972d9e0-1686-4378-a4cd-e26758266cbe#218-t1, previous=(t:1, i:20), leaderCommit=14, initializing? false, entries: <empty>
2019-09-11 06:36:23,767 [0972d9e0-1686-4378-a4cd-e26758266cbe@group-36DB4E6319DB-SegmentedRaftLogWorker] WARN  segmented.SegmentedRaftLogWorker (SegmentedRaftLogWorker.java:getFromFuture(90)) - Timeout 11/~
org.apache.ratis.protocol.TimeoutIOException: Timeout 10s: WriteLog:15: (t:1, i:15), STATEMACHINELOGENTRY, client-202F7A5D2390, cid=143-writeStateMachineData
	at org.apache.ratis.util.IOUtils.getFromFuture(IOUtils.java:87)
	at org.apache.ratis.server.raftlog.segmented.SegmentedRaftLogWorker$StateMachineDataPolicy.getFromFuture(SegmentedRaftLogWorker.java:87)
	at org.apache.ratis.server.raftlog.segmented.SegmentedRaftLogWorker$WriteLog.execute(SegmentedRaftLogWorker.java:477)
	at org.apache.ratis.server.raftlog.segmented.SegmentedRaftLogWorker.run(SegmentedRaftLogWorker.java:289)
	at java.lang.Thread.run(Thread.java:748)
Caused by: java.util.concurrent.TimeoutException
	at java.util.concurrent.CompletableFuture.timedGet(CompletableFuture.java:1771)
	at java.util.concurrent.CompletableFuture.get(CompletableFuture.java:1915)
	at org.apache.ratis.util.IOUtils.getFromFuture(IOUtils.java:79)
	... 4 more
2019-09-11 06:36:23,792 [5fbe7820-a9fa-43af-b8cb-ea2e92af72fb@group-36DB4E6319DB-SegmentedRaftLogWorker] WARN  segmented.SegmentedRaftLogWorker (SegmentedRaftLogWorker.java:getFromFuture(90)) - Timeout 11/~
org.apache.ratis.protocol.TimeoutIOException: Timeout 10s: WriteLog:15: (t:1, i:15), STATEMACHINELOGENTRY, client-202F7A5D2390, cid=143-writeStateMachineData
	at org.apache.ratis.util.IOUtils.getFromFuture(IOUtils.java:87)
	at org.apache.ratis.server.raftlog.segmented.SegmentedRaftLogWorker$StateMachineDataPolicy.getFromFuture(SegmentedRaftLogWorker.java:87)
	at org.apache.ratis.server.raftlog.segmented.SegmentedRaftLogWorker$WriteLog.execute(SegmentedRaftLogWorker.java:477)
	at org.apache.ratis.server.raftlog.segmented.SegmentedRaftLogWorker.run(SegmentedRaftLogWorker.java:289)
	at java.lang.Thread.run(Thread.java:748)
Caused by: java.util.concurrent.TimeoutException
	at java.util.concurrent.CompletableFuture.timedGet(CompletableFuture.java:1771)
	at java.util.concurrent.CompletableFuture.get(CompletableFuture.java:1915)
	at org.apache.ratis.util.IOUtils.getFromFuture(IOUtils.java:79)
	... 4 more
2019-09-11 06:36:23,801 [org.apache.ratis.server.impl.LogAppender$AppenderDaemon$$Lambda$521/1122258981@1580d109] ERROR ratis.XceiverServerRatis (XceiverServerRatis.java:triggerPipelineClose(568)) - pipeline Action CLOSE  on pipeline PipelineID=45f75199-ea2a-4a95-9bcb-36db4e6319db.Reason : 5fbe7820-a9fa-43af-b8cb-ea2e92af72fb has not seen follower/s 0972d9e0-1686-4378-a4cd-e26758266cbe for 120174ms adfcb6a4-90df-42a6-b615-f553bb5ddfe0 for 120173ms
2019-09-11 06:36:23,801 [org.apache.ratis.server.impl.LogAppender$AppenderDaemon$$Lambda$521/1122258981@4081a059] ERROR ratis.XceiverServerRatis (XceiverServerRatis.java:triggerPipelineClose(568)) - pipeline Action CLOSE  on pipeline PipelineID=45f75199-ea2a-4a95-9bcb-36db4e6319db.Reason : 5fbe7820-a9fa-43af-b8cb-ea2e92af72fb has not seen follower/s 0972d9e0-1686-4378-a4cd-e26758266cbe for 120174ms adfcb6a4-90df-42a6-b615-f553bb5ddfe0 for 120173ms
2019-09-11 06:36:23,839 [adfcb6a4-90df-42a6-b615-f553bb5ddfe0@group-36DB4E6319DB-SegmentedRaftLogWorker] WARN  segmented.SegmentedRaftLogWorker (SegmentedRaftLogWorker.java:getFromFuture(90)) - Timeout 11/~
org.apache.ratis.protocol.TimeoutIOException: Timeout 10s: WriteLog:16: (t:1, i:16), STATEMACHINELOGENTRY, client-202F7A5D2390, cid=144-writeStateMachineData
	at org.apache.ratis.util.IOUtils.getFromFuture(IOUtils.java:87)
	at org.apache.ratis.server.raftlog.segmented.SegmentedRaftLogWorker$StateMachineDataPolicy.getFromFuture(SegmentedRaftLogWorker.java:87)
	at org.apache.ratis.server.raftlog.segmented.SegmentedRaftLogWorker$WriteLog.execute(SegmentedRaftLogWorker.java:477)
	at org.apache.ratis.server.raftlog.segmented.SegmentedRaftLogWorker.run(SegmentedRaftLogWorker.java:289)
	at java.lang.Thread.run(Thread.java:748)
Caused by: java.util.concurrent.TimeoutException
	at java.util.concurrent.CompletableFuture.timedGet(CompletableFuture.java:1771)
	at java.util.concurrent.CompletableFuture.get(CompletableFuture.java:1915)
	at org.apache.ratis.util.IOUtils.getFromFuture(IOUtils.java:79)
	... 4 more
2019-09-11 06:36:23,850 [EventQueue-PipelineActionsForPipelineActionHandler] ERROR pipeline.PipelineActionHandler (PipelineActionHandler.java:onMessage(60)) - Received pipeline action CLOSE for Pipeline[ Id: 45f75199-ea2a-4a95-9bcb-36db4e6319db, Nodes: adfcb6a4-90df-42a6-b615-f553bb5ddfe0{ip: 192.168.36.125, host: trunk-nightly-20190911-vpfxm-1000144475, networkLocation: /default-rack, certSerialId: null}5fbe7820-a9fa-43af-b8cb-ea2e92af72fb{ip: 192.168.36.125, host: trunk-nightly-20190911-vpfxm-1000144475, networkLocation: /default-rack, certSerialId: null}0972d9e0-1686-4378-a4cd-e26758266cbe{ip: 192.168.36.125, host: trunk-nightly-20190911-vpfxm-1000144475, networkLocation: /default-rack, certSerialId: null}, Type:RATIS, Factor:THREE, State:OPEN] from datanode 5fbe7820-a9fa-43af-b8cb-ea2e92af72fb{ip: 192.168.36.125, host: trunk-nightly-20190911-vpfxm-1000144475, networkLocation: /default-rack, certSerialId: null}. Reason : 5fbe7820-a9fa-43af-b8cb-ea2e92af72fb has not seen follower/s 0972d9e0-1686-4378-a4cd-e26758266cbe for 120174ms adfcb6a4-90df-42a6-b615-f553bb5ddfe0 for 120173ms
2019-09-11 06:36:23,850 [EventQueue-PipelineActionsForPipelineActionHandler] INFO  pipeline.SCMPipelineManager (SCMPipelineManager.java:finalizeAndDestroyPipeline(311)) - destroying pipeline:Pipeline[ Id: 45f75199-ea2a-4a95-9bcb-36db4e6319db, Nodes: adfcb6a4-90df-42a6-b615-f553bb5ddfe0{ip: 192.168.36.125, host: trunk-nightly-20190911-vpfxm-1000144475, networkLocation: /default-rack, certSerialId: null}5fbe7820-a9fa-43af-b8cb-ea2e92af72fb{ip: 192.168.36.125, host: trunk-nightly-20190911-vpfxm-1000144475, networkLocation: /default-rack, certSerialId: null}0972d9e0-1686-4378-a4cd-e26758266cbe{ip: 192.168.36.125, host: trunk-nightly-20190911-vpfxm-1000144475, networkLocation: /default-rack, certSerialId: null}, Type:RATIS, Factor:THREE, State:OPEN]
2019-09-11 06:36:23,850 [EventQueue-PipelineActionsForPipelineActionHandler] INFO  pipeline.PipelineStateManager (PipelineStateManager.java:finalizePipeline(123)) - Pipeline Pipeline[ Id: 45f75199-ea2a-4a95-9bcb-36db4e6319db, Nodes: adfcb6a4-90df-42a6-b615-f553bb5ddfe0{ip: 192.168.36.125, host: trunk-nightly-20190911-vpfxm-1000144475, networkLocation: /default-rack, certSerialId: null}5fbe7820-a9fa-43af-b8cb-ea2e92af72fb{ip: 192.168.36.125, host: trunk-nightly-20190911-vpfxm-1000144475, networkLocation: /default-rack, certSerialId: null}0972d9e0-1686-4378-a4cd-e26758266cbe{ip: 192.168.36.125, host: trunk-nightly-20190911-vpfxm-1000144475, networkLocation: /default-rack, certSerialId: null}, Type:RATIS, Factor:THREE, State:CLOSED] moved to CLOSED state
2019-09-11 06:36:23,850 [EventQueue-CloseContainerForCloseContainerEventHandler] INFO  container.CloseContainerEventHandler (CloseContainerEventHandler.java:onMessage(61)) - Close container Event triggered for container : #2
2019-09-11 06:36:23,851 [EventQueue-CloseContainerForCloseContainerEventHandler] INFO  container.CloseContainerEventHandler (CloseContainerEventHandler.java:onMessage(61)) - Close container Event triggered for container : #7
2019-09-11 06:36:23,851 [EventQueue-CloseContainerForCloseContainerEventHandler] INFO  container.CloseContainerEventHandler (CloseContainerEventHandler.java:onMessage(61)) - Close container Event triggered for container : #8
2019-09-11 06:36:24,296 [java.util.concurrent.ThreadPoolExecutor$Worker@28d9cb8f[State = -1, empty queue]] WARN  server.GrpcLogAppender (GrpcLogAppender.java:timeoutAppendRequest(200)) - 5fbe7820-a9fa-43af-b8cb-ea2e92af72fb@group-36DB4E6319DB->adfcb6a4-90df-42a6-b615-f553bb5ddfe0-GrpcLogAppender: appendEntries Timeout, request=5fbe7820-a9fa-43af-b8cb-ea2e92af72fb->adfcb6a4-90df-42a6-b615-f553bb5ddfe0#219-t1, previous=(t:1, i:20), leaderCommit=14, initializing? false, entries: <empty>
2019-09-11 06:36:24,296 [java.util.concurrent.ThreadPoolExecutor$Worker@1e7423d2[State = -1, empty queue]] WARN  server.GrpcLogAppender (GrpcLogAppender.java:timeoutAppendRequest(200)) - 5fbe7820-a9fa-43af-b8cb-ea2e92af72fb@group-36DB4E6319DB->0972d9e0-1686-4378-a4cd-e26758266cbe-GrpcLogAppender: appendEntries Timeout, request=5fbe7820-a9fa-43af-b8cb-ea2e92af72fb->0972d9e0-1686-4378-a4cd-e26758266cbe#219-t1, previous=(t:1, i:20), leaderCommit=14, initializing? false, entries: <empty>
2019-09-11 06:36:24,843 [grpc-default-executor-7] INFO  client.GrpcClientProtocolClient (GrpcClientProtocolClient.java:onNext(264)) - client-202F7A5D2390->adfcb6a4-90df-42a6-b615-f553bb5ddfe0: receive RaftClientReply:client-202F7A5D2390->adfcb6a4-90df-42a6-b615-f553bb5ddfe0@group-36DB4E6319DB, cid=143, FAILED org.apache.ratis.protocol.NotLeaderException: Server adfcb6a4-90df-42a6-b615-f553bb5ddfe0@group-36DB4E6319DB is not the leader 5fbe7820-a9fa-43af-b8cb-ea2e92af72fb:192.168.36.125:41382, logIndex=0, commits[adfcb6a4-90df-42a6-b615-f553bb5ddfe0:c14, 5fbe7820-a9fa-43af-b8cb-ea2e92af72fb:c14, 0972d9e0-1686-4378-a4cd-e26758266cbe:c13]
2019-09-11 06:36:25,867 [org.apache.ratis.server.impl.LogAppender$AppenderDaemon$$Lambda$521/1122258981@1580d109] ERROR ratis.XceiverServerRatis (XceiverServerRatis.java:triggerPipelineClose(568)) - pipeline Action CLOSE  on pipeline PipelineID=45f75199-ea2a-4a95-9bcb-36db4e6319db.Reason : 5fbe7820-a9fa-43af-b8cb-ea2e92af72fb has not seen follower/s 0972d9e0-1686-4378-a4cd-e26758266cbe for 122244ms adfcb6a4-90df-42a6-b615-f553bb5ddfe0 for 122244ms
2019-09-11 06:36:25,867 [org.apache.ratis.server.impl.LogAppender$AppenderDaemon$$Lambda$521/1122258981@4081a059] ERROR ratis.XceiverServerRatis (XceiverServerRatis.java:triggerPipelineClose(568)) - pipeline Action CLOSE  on pipeline PipelineID=45f75199-ea2a-4a95-9bcb-36db4e6319db.Reason : 5fbe7820-a9fa-43af-b8cb-ea2e92af72fb has not seen follower/s 0972d9e0-1686-4378-a4cd-e26758266cbe for 122244ms adfcb6a4-90df-42a6-b615-f553bb5ddfe0 for 122244ms
2019-09-11 06:36:26,796 [java.util.concurrent.ThreadPoolExecutor$Worker@28d9cb8f[State = -1, empty queue]] WARN  server.GrpcLogAppender (GrpcLogAppender.java:timeoutAppendRequest(200)) - 5fbe7820-a9fa-43af-b8cb-ea2e92af72fb@group-36DB4E6319DB->adfcb6a4-90df-42a6-b615-f553bb5ddfe0-GrpcLogAppender: appendEntries Timeout, request=5fbe7820-a9fa-43af-b8cb-ea2e92af72fb->adfcb6a4-90df-42a6-b615-f553bb5ddfe0#220-t1, previous=(t:1, i:20), leaderCommit=14, initializing? false, entries: <empty>
2019-09-11 06:36:26,796 [java.util.concurrent.ThreadPoolExecutor$Worker@1e7423d2[State = -1, empty queue]] WARN  server.GrpcLogAppender (GrpcLogAppender.java:timeoutAppendRequest(200)) - 5fbe7820-a9fa-43af-b8cb-ea2e92af72fb@group-36DB4E6319DB->0972d9e0-1686-4378-a4cd-e26758266cbe-GrpcLogAppender: appendEntries Timeout, request=5fbe7820-a9fa-43af-b8cb-ea2e92af72fb->0972d9e0-1686-4378-a4cd-e26758266cbe#220-t1, previous=(t:1, i:20), leaderCommit=14, initializing? false, entries: <empty>
2019-09-11 06:36:26,866 [EventQueue-PipelineActionsForPipelineActionHandler] ERROR pipeline.PipelineActionHandler (PipelineActionHandler.java:onMessage(60)) - Received pipeline action CLOSE for Pipeline[ Id: 45f75199-ea2a-4a95-9bcb-36db4e6319db, Nodes: adfcb6a4-90df-42a6-b615-f553bb5ddfe0{ip: 192.168.36.125, host: trunk-nightly-20190911-vpfxm-1000144475, networkLocation: /default-rack, certSerialId: null}5fbe7820-a9fa-43af-b8cb-ea2e92af72fb{ip: 192.168.36.125, host: trunk-nightly-20190911-vpfxm-1000144475, networkLocation: /default-rack, certSerialId: null}0972d9e0-1686-4378-a4cd-e26758266cbe{ip: 192.168.36.125, host: trunk-nightly-20190911-vpfxm-1000144475, networkLocation: /default-rack, certSerialId: null}, Type:RATIS, Factor:THREE, State:CLOSED] from datanode 5fbe7820-a9fa-43af-b8cb-ea2e92af72fb{ip: 192.168.36.125, host: trunk-nightly-20190911-vpfxm-1000144475, networkLocation: /default-rack, certSerialId: null}. Reason : 5fbe7820-a9fa-43af-b8cb-ea2e92af72fb has not seen follower/s 0972d9e0-1686-4378-a4cd-e26758266cbe for 122244ms adfcb6a4-90df-42a6-b615-f553bb5ddfe0 for 122244ms
2019-09-11 06:36:26,867 [EventQueue-PipelineActionsForPipelineActionHandler] INFO  pipeline.SCMPipelineManager (SCMPipelineManager.java:finalizeAndDestroyPipeline(311)) - destroying pipeline:Pipeline[ Id: 45f75199-ea2a-4a95-9bcb-36db4e6319db, Nodes: adfcb6a4-90df-42a6-b615-f553bb5ddfe0{ip: 192.168.36.125, host: trunk-nightly-20190911-vpfxm-1000144475, networkLocation: /default-rack, certSerialId: null}5fbe7820-a9fa-43af-b8cb-ea2e92af72fb{ip: 192.168.36.125, host: trunk-nightly-20190911-vpfxm-1000144475, networkLocation: /default-rack, certSerialId: null}0972d9e0-1686-4378-a4cd-e26758266cbe{ip: 192.168.36.125, host: trunk-nightly-20190911-vpfxm-1000144475, networkLocation: /default-rack, certSerialId: null}, Type:RATIS, Factor:THREE, State:CLOSED]
2019-09-11 06:36:28,368 [org.apache.ratis.server.impl.LogAppender$AppenderDaemon$$Lambda$521/1122258981@1580d109] ERROR ratis.XceiverServerRatis (XceiverServerRatis.java:triggerPipelineClose(568)) - pipeline Action CLOSE  on pipeline PipelineID=45f75199-ea2a-4a95-9bcb-36db4e6319db.Reason : 5fbe7820-a9fa-43af-b8cb-ea2e92af72fb has not seen follower/s 0972d9e0-1686-4378-a4cd-e26758266cbe for 124745ms adfcb6a4-90df-42a6-b615-f553bb5ddfe0 for 124745ms
2019-09-11 06:36:28,368 [org.apache.ratis.server.impl.LogAppender$AppenderDaemon$$Lambda$521/1122258981@4081a059] ERROR ratis.XceiverServerRatis (XceiverServerRatis.java:triggerPipelineClose(568)) - pipeline Action CLOSE  on pipeline PipelineID=45f75199-ea2a-4a95-9bcb-36db4e6319db.Reason : 5fbe7820-a9fa-43af-b8cb-ea2e92af72fb has not seen follower/s 0972d9e0-1686-4378-a4cd-e26758266cbe for 124745ms adfcb6a4-90df-42a6-b615-f553bb5ddfe0 for 124745ms
2019-09-11 06:36:28,867 [java.util.concurrent.ThreadPoolExecutor$Worker@1e7423d2[State = -1, empty queue]] WARN  server.GrpcLogAppender (GrpcLogAppender.java:timeoutAppendRequest(200)) - 5fbe7820-a9fa-43af-b8cb-ea2e92af72fb@group-36DB4E6319DB->0972d9e0-1686-4378-a4cd-e26758266cbe-GrpcLogAppender: appendEntries Timeout, request=5fbe7820-a9fa-43af-b8cb-ea2e92af72fb->0972d9e0-1686-4378-a4cd-e26758266cbe#221-t1, previous=(t:1, i:20), leaderCommit=14, initializing? false, entries: size=1, first=(t:1, i:21), STATEMACHINELOGENTRY, client-23595BB93629, cid=15
2019-09-11 06:36:28,867 [EventQueue-PipelineActionsForPipelineActionHandler] ERROR pipeline.PipelineActionHandler (PipelineActionHandler.java:onMessage(60)) - Received pipeline action CLOSE for Pipeline[ Id: 45f75199-ea2a-4a95-9bcb-36db4e6319db, Nodes: adfcb6a4-90df-42a6-b615-f553bb5ddfe0{ip: 192.168.36.125, host: trunk-nightly-20190911-vpfxm-1000144475, networkLocation: /default-rack, certSerialId: null}5fbe7820-a9fa-43af-b8cb-ea2e92af72fb{ip: 192.168.36.125, host: trunk-nightly-20190911-vpfxm-1000144475, networkLocation: /default-rack, certSerialId: null}0972d9e0-1686-4378-a4cd-e26758266cbe{ip: 192.168.36.125, host: trunk-nightly-20190911-vpfxm-1000144475, networkLocation: /default-rack, certSerialId: null}, Type:RATIS, Factor:THREE, State:CLOSED] from datanode 5fbe7820-a9fa-43af-b8cb-ea2e92af72fb{ip: 192.168.36.125, host: trunk-nightly-20190911-vpfxm-1000144475, networkLocation: /default-rack, certSerialId: null}. Reason : 5fbe7820-a9fa-43af-b8cb-ea2e92af72fb has not seen follower/s 0972d9e0-1686-4378-a4cd-e26758266cbe for 124745ms adfcb6a4-90df-42a6-b615-f553bb5ddfe0 for 124745ms
2019-09-11 06:36:28,867 [java.util.concurrent.ThreadPoolExecutor$Worker@28d9cb8f[State = -1, empty queue]] WARN  server.GrpcLogAppender (GrpcLogAppender.java:timeoutAppendRequest(200)) - 5fbe7820-a9fa-43af-b8cb-ea2e92af72fb@group-36DB4E6319DB->adfcb6a4-90df-42a6-b615-f553bb5ddfe0-GrpcLogAppender: appendEntries Timeout, request=5fbe7820-a9fa-43af-b8cb-ea2e92af72fb->adfcb6a4-90df-42a6-b615-f553bb5ddfe0#221-t1, previous=(t:1, i:20), leaderCommit=14, initializing? false, entries: size=1, first=(t:1, i:21), STATEMACHINELOGENTRY, client-23595BB93629, cid=15
2019-09-11 06:36:28,867 [EventQueue-PipelineActionsForPipelineActionHandler] INFO  pipeline.SCMPipelineManager (SCMPipelineManager.java:finalizeAndDestroyPipeline(311)) - destroying pipeline:Pipeline[ Id: 45f75199-ea2a-4a95-9bcb-36db4e6319db, Nodes: adfcb6a4-90df-42a6-b615-f553bb5ddfe0{ip: 192.168.36.125, host: trunk-nightly-20190911-vpfxm-1000144475, networkLocation: /default-rack, certSerialId: null}5fbe7820-a9fa-43af-b8cb-ea2e92af72fb{ip: 192.168.36.125, host: trunk-nightly-20190911-vpfxm-1000144475, networkLocation: /default-rack, certSerialId: null}0972d9e0-1686-4378-a4cd-e26758266cbe{ip: 192.168.36.125, host: trunk-nightly-20190911-vpfxm-1000144475, networkLocation: /default-rack, certSerialId: null}, Type:RATIS, Factor:THREE, State:CLOSED]
2019-09-11 06:36:29,877 [grpc-default-executor-8] INFO  client.GrpcClientProtocolClient (GrpcClientProtocolClient.java:onNext(264)) - client-202F7A5D2390->adfcb6a4-90df-42a6-b615-f553bb5ddfe0: receive RaftClientReply:client-202F7A5D2390->adfcb6a4-90df-42a6-b615-f553bb5ddfe0@group-36DB4E6319DB, cid=143, FAILED org.apache.ratis.protocol.NotLeaderException: Server adfcb6a4-90df-42a6-b615-f553bb5ddfe0@group-36DB4E6319DB is not the leader 5fbe7820-a9fa-43af-b8cb-ea2e92af72fb:192.168.36.125:41382, logIndex=0, commits[adfcb6a4-90df-42a6-b615-f553bb5ddfe0:c14, 5fbe7820-a9fa-43af-b8cb-ea2e92af72fb:c14, 0972d9e0-1686-4378-a4cd-e26758266cbe:c13]
2019-09-11 06:36:30,868 [org.apache.ratis.server.impl.LogAppender$AppenderDaemon$$Lambda$521/1122258981@4081a059] ERROR ratis.XceiverServerRatis (XceiverServerRatis.java:triggerPipelineClose(568)) - pipeline Action CLOSE  on pipeline PipelineID=45f75199-ea2a-4a95-9bcb-36db4e6319db.Reason : 5fbe7820-a9fa-43af-b8cb-ea2e92af72fb has not seen follower/s 0972d9e0-1686-4378-a4cd-e26758266cbe for 127245ms adfcb6a4-90df-42a6-b615-f553bb5ddfe0 for 127245ms
2019-09-11 06:36:30,868 [org.apache.ratis.server.impl.LogAppender$AppenderDaemon$$Lambda$521/1122258981@1580d109] ERROR ratis.XceiverServerRatis (XceiverServerRatis.java:triggerPipelineClose(568)) - pipeline Action CLOSE  on pipeline PipelineID=45f75199-ea2a-4a95-9bcb-36db4e6319db.Reason : 5fbe7820-a9fa-43af-b8cb-ea2e92af72fb has not seen follower/s 0972d9e0-1686-4378-a4cd-e26758266cbe for 127246ms adfcb6a4-90df-42a6-b615-f553bb5ddfe0 for 127246ms
2019-09-11 06:36:30,869 [EventQueue-PipelineActionsForPipelineActionHandler] ERROR pipeline.PipelineActionHandler (PipelineActionHandler.java:onMessage(60)) - Received pipeline action CLOSE for Pipeline[ Id: 45f75199-ea2a-4a95-9bcb-36db4e6319db, Nodes: adfcb6a4-90df-42a6-b615-f553bb5ddfe0{ip: 192.168.36.125, host: trunk-nightly-20190911-vpfxm-1000144475, networkLocation: /default-rack, certSerialId: null}5fbe7820-a9fa-43af-b8cb-ea2e92af72fb{ip: 192.168.36.125, host: trunk-nightly-20190911-vpfxm-1000144475, networkLocation: /default-rack, certSerialId: null}0972d9e0-1686-4378-a4cd-e26758266cbe{ip: 192.168.36.125, host: trunk-nightly-20190911-vpfxm-1000144475, networkLocation: /default-rack, certSerialId: null}, Type:RATIS, Factor:THREE, State:CLOSED] from datanode 5fbe7820-a9fa-43af-b8cb-ea2e92af72fb{ip: 192.168.36.125, host: trunk-nightly-20190911-vpfxm-1000144475, networkLocation: /default-rack, certSerialId: null}. Reason : 5fbe7820-a9fa-43af-b8cb-ea2e92af72fb has not seen follower/s 0972d9e0-1686-4378-a4cd-e26758266cbe for 127245ms adfcb6a4-90df-42a6-b615-f553bb5ddfe0 for 127245ms
2019-09-11 06:36:30,869 [EventQueue-PipelineActionsForPipelineActionHandler] INFO  pipeline.SCMPipelineManager (SCMPipelineManager.java:finalizeAndDestroyPipeline(311)) - destroying pipeline:Pipeline[ Id: 45f75199-ea2a-4a95-9bcb-36db4e6319db, Nodes: adfcb6a4-90df-42a6-b615-f553bb5ddfe0{ip: 192.168.36.125, host: trunk-nightly-20190911-vpfxm-1000144475, networkLocation: /default-rack, certSerialId: null}5fbe7820-a9fa-43af-b8cb-ea2e92af72fb{ip: 192.168.36.125, host: trunk-nightly-20190911-vpfxm-1000144475, networkLocation: /default-rack, certSerialId: null}0972d9e0-1686-4378-a4cd-e26758266cbe{ip: 192.168.36.125, host: trunk-nightly-20190911-vpfxm-1000144475, networkLocation: /default-rack, certSerialId: null}, Type:RATIS, Factor:THREE, State:CLOSED]
2019-09-11 06:36:31,368 [java.util.concurrent.ThreadPoolExecutor$Worker@1e7423d2[State = -1, empty queue]] WARN  server.GrpcLogAppender (GrpcLogAppender.java:timeoutAppendRequest(200)) - 5fbe7820-a9fa-43af-b8cb-ea2e92af72fb@group-36DB4E6319DB->0972d9e0-1686-4378-a4cd-e26758266cbe-GrpcLogAppender: appendEntries Timeout, request=5fbe7820-a9fa-43af-b8cb-ea2e92af72fb->0972d9e0-1686-4378-a4cd-e26758266cbe#222-t1, previous=(t:1, i:21), leaderCommit=14, initializing? false, entries: <empty>
2019-09-11 06:36:31,368 [java.util.concurrent.ThreadPoolExecutor$Worker@28d9cb8f[State = -1, empty queue]] WARN  server.GrpcLogAppender (GrpcLogAppender.java:timeoutAppendRequest(200)) - 5fbe7820-a9fa-43af-b8cb-ea2e92af72fb@group-36DB4E6319DB->adfcb6a4-90df-42a6-b615-f553bb5ddfe0-GrpcLogAppender: appendEntries Timeout, request=5fbe7820-a9fa-43af-b8cb-ea2e92af72fb->adfcb6a4-90df-42a6-b615-f553bb5ddfe0#222-t1, previous=(t:1, i:21), leaderCommit=14, initializing? false, entries: <empty>
2019-09-11 06:36:31,869 [EventQueue-PipelineActionsForPipelineActionHandler] ERROR pipeline.PipelineActionHandler (PipelineActionHandler.java:onMessage(60)) - Received pipeline action CLOSE for Pipeline[ Id: 45f75199-ea2a-4a95-9bcb-36db4e6319db, Nodes: adfcb6a4-90df-42a6-b615-f553bb5ddfe0{ip: 192.168.36.125, host: trunk-nightly-20190911-vpfxm-1000144475, networkLocation: /default-rack, certSerialId: null}5fbe7820-a9fa-43af-b8cb-ea2e92af72fb{ip: 192.168.36.125, host: trunk-nightly-20190911-vpfxm-1000144475, networkLocation: /default-rack, certSerialId: null}0972d9e0-1686-4378-a4cd-e26758266cbe{ip: 192.168.36.125, host: trunk-nightly-20190911-vpfxm-1000144475, networkLocation: /default-rack, certSerialId: null}, Type:RATIS, Factor:THREE, State:CLOSED] from datanode 5fbe7820-a9fa-43af-b8cb-ea2e92af72fb{ip: 192.168.36.125, host: trunk-nightly-20190911-vpfxm-1000144475, networkLocation: /default-rack, certSerialId: null}. Reason : 5fbe7820-a9fa-43af-b8cb-ea2e92af72fb has not seen follower/s 0972d9e0-1686-4378-a4cd-e26758266cbe for 127246ms adfcb6a4-90df-42a6-b615-f553bb5ddfe0 for 127246ms
2019-09-11 06:36:31,870 [EventQueue-PipelineActionsForPipelineActionHandler] INFO  pipeline.SCMPipelineManager (SCMPipelineManager.java:finalizeAndDestroyPipeline(311)) - destroying pipeline:Pipeline[ Id: 45f75199-ea2a-4a95-9bcb-36db4e6319db, Nodes: adfcb6a4-90df-42a6-b615-f553bb5ddfe0{ip: 192.168.36.125, host: trunk-nightly-20190911-vpfxm-1000144475, networkLocation: /default-rack, certSerialId: null}5fbe7820-a9fa-43af-b8cb-ea2e92af72fb{ip: 192.168.36.125, host: trunk-nightly-20190911-vpfxm-1000144475, networkLocation: /default-rack, certSerialId: null}0972d9e0-1686-4378-a4cd-e26758266cbe{ip: 192.168.36.125, host: trunk-nightly-20190911-vpfxm-1000144475, networkLocation: /default-rack, certSerialId: null}, Type:RATIS, Factor:THREE, State:CLOSED]
2019-09-11 06:36:33,370 [org.apache.ratis.server.impl.LogAppender$AppenderDaemon$$Lambda$521/1122258981@4081a059] ERROR ratis.XceiverServerRatis (XceiverServerRatis.java:triggerPipelineClose(568)) - pipeline Action CLOSE  on pipeline PipelineID=45f75199-ea2a-4a95-9bcb-36db4e6319db.Reason : 5fbe7820-a9fa-43af-b8cb-ea2e92af72fb has not seen follower/s 0972d9e0-1686-4378-a4cd-e26758266cbe for 129747ms adfcb6a4-90df-42a6-b615-f553bb5ddfe0 for 129747ms
2019-09-11 06:36:33,370 [org.apache.ratis.server.impl.LogAppender$AppenderDaemon$$Lambda$521/1122258981@1580d109] ERROR ratis.XceiverServerRatis (XceiverServerRatis.java:triggerPipelineClose(568)) - pipeline Action CLOSE  on pipeline PipelineID=45f75199-ea2a-4a95-9bcb-36db4e6319db.Reason : 5fbe7820-a9fa-43af-b8cb-ea2e92af72fb has not seen follower/s 0972d9e0-1686-4378-a4cd-e26758266cbe for 129747ms adfcb6a4-90df-42a6-b615-f553bb5ddfe0 for 129747ms
2019-09-11 06:36:33,769 [0972d9e0-1686-4378-a4cd-e26758266cbe@group-36DB4E6319DB-SegmentedRaftLogWorker] WARN  segmented.SegmentedRaftLogWorker (SegmentedRaftLogWorker.java:getFromFuture(90)) - Timeout 12/~
org.apache.ratis.protocol.TimeoutIOException: Timeout 10s: WriteLog:15: (t:1, i:15), STATEMACHINELOGENTRY, client-202F7A5D2390, cid=143-writeStateMachineData
	at org.apache.ratis.util.IOUtils.getFromFuture(IOUtils.java:87)
	at org.apache.ratis.server.raftlog.segmented.SegmentedRaftLogWorker$StateMachineDataPolicy.getFromFuture(SegmentedRaftLogWorker.java:87)
	at org.apache.ratis.server.raftlog.segmented.SegmentedRaftLogWorker$WriteLog.execute(SegmentedRaftLogWorker.java:477)
	at org.apache.ratis.server.raftlog.segmented.SegmentedRaftLogWorker.run(SegmentedRaftLogWorker.java:289)
	at java.lang.Thread.run(Thread.java:748)
Caused by: java.util.concurrent.TimeoutException
	at java.util.concurrent.CompletableFuture.timedGet(CompletableFuture.java:1771)
	at java.util.concurrent.CompletableFuture.get(CompletableFuture.java:1915)
	at org.apache.ratis.util.IOUtils.getFromFuture(IOUtils.java:79)
	... 4 more
2019-09-11 06:36:33,792 [5fbe7820-a9fa-43af-b8cb-ea2e92af72fb@group-36DB4E6319DB-SegmentedRaftLogWorker] WARN  segmented.SegmentedRaftLogWorker (SegmentedRaftLogWorker.java:getFromFuture(90)) - Timeout 12/~
org.apache.ratis.protocol.TimeoutIOException: Timeout 10s: WriteLog:15: (t:1, i:15), STATEMACHINELOGENTRY, client-202F7A5D2390, cid=143-writeStateMachineData
	at org.apache.ratis.util.IOUtils.getFromFuture(IOUtils.java:87)
	at org.apache.ratis.server.raftlog.segmented.SegmentedRaftLogWorker$StateMachineDataPolicy.getFromFuture(SegmentedRaftLogWorker.java:87)
	at org.apache.ratis.server.raftlog.segmented.SegmentedRaftLogWorker$WriteLog.execute(SegmentedRaftLogWorker.java:477)
	at org.apache.ratis.server.raftlog.segmented.SegmentedRaftLogWorker.run(SegmentedRaftLogWorker.java:289)
	at java.lang.Thread.run(Thread.java:748)
Caused by: java.util.concurrent.TimeoutException
	at java.util.concurrent.CompletableFuture.timedGet(CompletableFuture.java:1771)
	at java.util.concurrent.CompletableFuture.get(CompletableFuture.java:1915)
	at org.apache.ratis.util.IOUtils.getFromFuture(IOUtils.java:79)
	... 4 more
2019-09-11 06:36:33,839 [adfcb6a4-90df-42a6-b615-f553bb5ddfe0@group-36DB4E6319DB-SegmentedRaftLogWorker] WARN  segmented.SegmentedRaftLogWorker (SegmentedRaftLogWorker.java:getFromFuture(90)) - Timeout 12/~
org.apache.ratis.protocol.TimeoutIOException: Timeout 10s: WriteLog:16: (t:1, i:16), STATEMACHINELOGENTRY, client-202F7A5D2390, cid=144-writeStateMachineData
	at org.apache.ratis.util.IOUtils.getFromFuture(IOUtils.java:87)
	at org.apache.ratis.server.raftlog.segmented.SegmentedRaftLogWorker$StateMachineDataPolicy.getFromFuture(SegmentedRaftLogWorker.java:87)
	at org.apache.ratis.server.raftlog.segmented.SegmentedRaftLogWorker$WriteLog.execute(SegmentedRaftLogWorker.java:477)
	at org.apache.ratis.server.raftlog.segmented.SegmentedRaftLogWorker.run(SegmentedRaftLogWorker.java:289)
	at java.lang.Thread.run(Thread.java:748)
Caused by: java.util.concurrent.TimeoutException
	at java.util.concurrent.CompletableFuture.timedGet(CompletableFuture.java:1771)
	at java.util.concurrent.CompletableFuture.get(CompletableFuture.java:1915)
	at org.apache.ratis.util.IOUtils.getFromFuture(IOUtils.java:79)
	... 4 more
2019-09-11 06:36:33,868 [java.util.concurrent.ThreadPoolExecutor$Worker@1e7423d2[State = -1, empty queue]] WARN  server.GrpcLogAppender (GrpcLogAppender.java:timeoutAppendRequest(200)) - 5fbe7820-a9fa-43af-b8cb-ea2e92af72fb@group-36DB4E6319DB->0972d9e0-1686-4378-a4cd-e26758266cbe-GrpcLogAppender: appendEntries Timeout, request=5fbe7820-a9fa-43af-b8cb-ea2e92af72fb->0972d9e0-1686-4378-a4cd-e26758266cbe#223-t1, previous=(t:1, i:21), leaderCommit=14, initializing? false, entries: <empty>
2019-09-11 06:36:33,868 [java.util.concurrent.ThreadPoolExecutor$Worker@28d9cb8f[State = -1, empty queue]] WARN  server.GrpcLogAppender (GrpcLogAppender.java:timeoutAppendRequest(200)) - 5fbe7820-a9fa-43af-b8cb-ea2e92af72fb@group-36DB4E6319DB->adfcb6a4-90df-42a6-b615-f553bb5ddfe0-GrpcLogAppender: appendEntries Timeout, request=5fbe7820-a9fa-43af-b8cb-ea2e92af72fb->adfcb6a4-90df-42a6-b615-f553bb5ddfe0#223-t1, previous=(t:1, i:21), leaderCommit=14, initializing? false, entries: <empty>
2019-09-11 06:36:33,870 [EventQueue-PipelineActionsForPipelineActionHandler] ERROR pipeline.PipelineActionHandler (PipelineActionHandler.java:onMessage(60)) - Received pipeline action CLOSE for Pipeline[ Id: 45f75199-ea2a-4a95-9bcb-36db4e6319db, Nodes: adfcb6a4-90df-42a6-b615-f553bb5ddfe0{ip: 192.168.36.125, host: trunk-nightly-20190911-vpfxm-1000144475, networkLocation: /default-rack, certSerialId: null}5fbe7820-a9fa-43af-b8cb-ea2e92af72fb{ip: 192.168.36.125, host: trunk-nightly-20190911-vpfxm-1000144475, networkLocation: /default-rack, certSerialId: null}0972d9e0-1686-4378-a4cd-e26758266cbe{ip: 192.168.36.125, host: trunk-nightly-20190911-vpfxm-1000144475, networkLocation: /default-rack, certSerialId: null}, Type:RATIS, Factor:THREE, State:CLOSED] from datanode 5fbe7820-a9fa-43af-b8cb-ea2e92af72fb{ip: 192.168.36.125, host: trunk-nightly-20190911-vpfxm-1000144475, networkLocation: /default-rack, certSerialId: null}. Reason : 5fbe7820-a9fa-43af-b8cb-ea2e92af72fb has not seen follower/s 0972d9e0-1686-4378-a4cd-e26758266cbe for 129747ms adfcb6a4-90df-42a6-b615-f553bb5ddfe0 for 129747ms
2019-09-11 06:36:33,870 [EventQueue-PipelineActionsForPipelineActionHandler] INFO  pipeline.SCMPipelineManager (SCMPipelineManager.java:finalizeAndDestroyPipeline(311)) - destroying pipeline:Pipeline[ Id: 45f75199-ea2a-4a95-9bcb-36db4e6319db, Nodes: adfcb6a4-90df-42a6-b615-f553bb5ddfe0{ip: 192.168.36.125, host: trunk-nightly-20190911-vpfxm-1000144475, networkLocation: /default-rack, certSerialId: null}5fbe7820-a9fa-43af-b8cb-ea2e92af72fb{ip: 192.168.36.125, host: trunk-nightly-20190911-vpfxm-1000144475, networkLocation: /default-rack, certSerialId: null}0972d9e0-1686-4378-a4cd-e26758266cbe{ip: 192.168.36.125, host: trunk-nightly-20190911-vpfxm-1000144475, networkLocation: /default-rack, certSerialId: null}, Type:RATIS, Factor:THREE, State:CLOSED]
2019-09-11 06:36:34,911 [grpc-default-executor-7] INFO  client.GrpcClientProtocolClient (GrpcClientProtocolClient.java:onNext(264)) - client-202F7A5D2390->adfcb6a4-90df-42a6-b615-f553bb5ddfe0: receive RaftClientReply:client-202F7A5D2390->adfcb6a4-90df-42a6-b615-f553bb5ddfe0@group-36DB4E6319DB, cid=143, FAILED org.apache.ratis.protocol.NotLeaderException: Server adfcb6a4-90df-42a6-b615-f553bb5ddfe0@group-36DB4E6319DB is not the leader 5fbe7820-a9fa-43af-b8cb-ea2e92af72fb:192.168.36.125:41382, logIndex=0, commits[adfcb6a4-90df-42a6-b615-f553bb5ddfe0:c14, 5fbe7820-a9fa-43af-b8cb-ea2e92af72fb:c14, 0972d9e0-1686-4378-a4cd-e26758266cbe:c13]
2019-09-11 06:36:35,870 [org.apache.ratis.server.impl.LogAppender$AppenderDaemon$$Lambda$521/1122258981@1580d109] ERROR ratis.XceiverServerRatis (XceiverServerRatis.java:triggerPipelineClose(568)) - pipeline Action CLOSE  on pipeline PipelineID=45f75199-ea2a-4a95-9bcb-36db4e6319db.Reason : 5fbe7820-a9fa-43af-b8cb-ea2e92af72fb has not seen follower/s 0972d9e0-1686-4378-a4cd-e26758266cbe for 132248ms adfcb6a4-90df-42a6-b615-f553bb5ddfe0 for 132247ms
2019-09-11 06:36:35,870 [org.apache.ratis.server.impl.LogAppender$AppenderDaemon$$Lambda$521/1122258981@4081a059] ERROR ratis.XceiverServerRatis (XceiverServerRatis.java:triggerPipelineClose(568)) - pipeline Action CLOSE  on pipeline PipelineID=45f75199-ea2a-4a95-9bcb-36db4e6319db.Reason : 5fbe7820-a9fa-43af-b8cb-ea2e92af72fb has not seen follower/s 0972d9e0-1686-4378-a4cd-e26758266cbe for 132248ms adfcb6a4-90df-42a6-b615-f553bb5ddfe0 for 132247ms
2019-09-11 06:36:36,370 [java.util.concurrent.ThreadPoolExecutor$Worker@28d9cb8f[State = -1, empty queue]] WARN  server.GrpcLogAppender (GrpcLogAppender.java:timeoutAppendRequest(200)) - 5fbe7820-a9fa-43af-b8cb-ea2e92af72fb@group-36DB4E6319DB->adfcb6a4-90df-42a6-b615-f553bb5ddfe0-GrpcLogAppender: appendEntries Timeout, request=5fbe7820-a9fa-43af-b8cb-ea2e92af72fb->adfcb6a4-90df-42a6-b615-f553bb5ddfe0#224-t1, previous=(t:1, i:21), leaderCommit=14, initializing? false, entries: <empty>
2019-09-11 06:36:36,370 [java.util.concurrent.ThreadPoolExecutor$Worker@1e7423d2[State = -1, empty queue]] WARN  server.GrpcLogAppender (GrpcLogAppender.java:timeoutAppendRequest(200)) - 5fbe7820-a9fa-43af-b8cb-ea2e92af72fb@group-36DB4E6319DB->0972d9e0-1686-4378-a4cd-e26758266cbe-GrpcLogAppender: appendEntries Timeout, request=5fbe7820-a9fa-43af-b8cb-ea2e92af72fb->0972d9e0-1686-4378-a4cd-e26758266cbe#224-t1, previous=(t:1, i:21), leaderCommit=14, initializing? false, entries: <empty>
2019-09-11 06:36:36,869 [EventQueue-PipelineActionsForPipelineActionHandler] ERROR pipeline.PipelineActionHandler (PipelineActionHandler.java:onMessage(60)) - Received pipeline action CLOSE for Pipeline[ Id: 45f75199-ea2a-4a95-9bcb-36db4e6319db, Nodes: adfcb6a4-90df-42a6-b615-f553bb5ddfe0{ip: 192.168.36.125, host: trunk-nightly-20190911-vpfxm-1000144475, networkLocation: /default-rack, certSerialId: null}5fbe7820-a9fa-43af-b8cb-ea2e92af72fb{ip: 192.168.36.125, host: trunk-nightly-20190911-vpfxm-1000144475, networkLocation: /default-rack, certSerialId: null}0972d9e0-1686-4378-a4cd-e26758266cbe{ip: 192.168.36.125, host: trunk-nightly-20190911-vpfxm-1000144475, networkLocation: /default-rack, certSerialId: null}, Type:RATIS, Factor:THREE, State:CLOSED] from datanode 5fbe7820-a9fa-43af-b8cb-ea2e92af72fb{ip: 192.168.36.125, host: trunk-nightly-20190911-vpfxm-1000144475, networkLocation: /default-rack, certSerialId: null}. Reason : 5fbe7820-a9fa-43af-b8cb-ea2e92af72fb has not seen follower/s 0972d9e0-1686-4378-a4cd-e26758266cbe for 132248ms adfcb6a4-90df-42a6-b615-f553bb5ddfe0 for 132247ms
2019-09-11 06:36:36,870 [EventQueue-PipelineActionsForPipelineActionHandler] INFO  pipeline.SCMPipelineManager (SCMPipelineManager.java:finalizeAndDestroyPipeline(311)) - destroying pipeline:Pipeline[ Id: 45f75199-ea2a-4a95-9bcb-36db4e6319db, Nodes: adfcb6a4-90df-42a6-b615-f553bb5ddfe0{ip: 192.168.36.125, host: trunk-nightly-20190911-vpfxm-1000144475, networkLocation: /default-rack, certSerialId: null}5fbe7820-a9fa-43af-b8cb-ea2e92af72fb{ip: 192.168.36.125, host: trunk-nightly-20190911-vpfxm-1000144475, networkLocation: /default-rack, certSerialId: null}0972d9e0-1686-4378-a4cd-e26758266cbe{ip: 192.168.36.125, host: trunk-nightly-20190911-vpfxm-1000144475, networkLocation: /default-rack, certSerialId: null}, Type:RATIS, Factor:THREE, State:CLOSED]
2019-09-11 06:36:38,372 [org.apache.ratis.server.impl.LogAppender$AppenderDaemon$$Lambda$521/1122258981@1580d109] ERROR ratis.XceiverServerRatis (XceiverServerRatis.java:triggerPipelineClose(568)) - pipeline Action CLOSE  on pipeline PipelineID=45f75199-ea2a-4a95-9bcb-36db4e6319db.Reason : 5fbe7820-a9fa-43af-b8cb-ea2e92af72fb has not seen follower/s 0972d9e0-1686-4378-a4cd-e26758266cbe for 134749ms adfcb6a4-90df-42a6-b615-f553bb5ddfe0 for 134749ms
2019-09-11 06:36:38,372 [org.apache.ratis.server.impl.LogAppender$AppenderDaemon$$Lambda$521/1122258981@4081a059] ERROR ratis.XceiverServerRatis (XceiverServerRatis.java:triggerPipelineClose(568)) - pipeline Action CLOSE  on pipeline PipelineID=45f75199-ea2a-4a95-9bcb-36db4e6319db.Reason : 5fbe7820-a9fa-43af-b8cb-ea2e92af72fb has not seen follower/s 0972d9e0-1686-4378-a4cd-e26758266cbe for 134749ms adfcb6a4-90df-42a6-b615-f553bb5ddfe0 for 134749ms
2019-09-11 06:36:38,869 [EventQueue-PipelineActionsForPipelineActionHandler] ERROR pipeline.PipelineActionHandler (PipelineActionHandler.java:onMessage(60)) - Received pipeline action CLOSE for Pipeline[ Id: 45f75199-ea2a-4a95-9bcb-36db4e6319db, Nodes: adfcb6a4-90df-42a6-b615-f553bb5ddfe0{ip: 192.168.36.125, host: trunk-nightly-20190911-vpfxm-1000144475, networkLocation: /default-rack, certSerialId: null}5fbe7820-a9fa-43af-b8cb-ea2e92af72fb{ip: 192.168.36.125, host: trunk-nightly-20190911-vpfxm-1000144475, networkLocation: /default-rack, certSerialId: null}0972d9e0-1686-4378-a4cd-e26758266cbe{ip: 192.168.36.125, host: trunk-nightly-20190911-vpfxm-1000144475, networkLocation: /default-rack, certSerialId: null}, Type:RATIS, Factor:THREE, State:CLOSED] from datanode 5fbe7820-a9fa-43af-b8cb-ea2e92af72fb{ip: 192.168.36.125, host: trunk-nightly-20190911-vpfxm-1000144475, networkLocation: /default-rack, certSerialId: null}. Reason : 5fbe7820-a9fa-43af-b8cb-ea2e92af72fb has not seen follower/s 0972d9e0-1686-4378-a4cd-e26758266cbe for 134749ms adfcb6a4-90df-42a6-b615-f553bb5ddfe0 for 134749ms
2019-09-11 06:36:38,870 [EventQueue-PipelineActionsForPipelineActionHandler] INFO  pipeline.SCMPipelineManager (SCMPipelineManager.java:finalizeAndDestroyPipeline(311)) - destroying pipeline:Pipeline[ Id: 45f75199-ea2a-4a95-9bcb-36db4e6319db, Nodes: adfcb6a4-90df-42a6-b615-f553bb5ddfe0{ip: 192.168.36.125, host: trunk-nightly-20190911-vpfxm-1000144475, networkLocation: /default-rack, certSerialId: null}5fbe7820-a9fa-43af-b8cb-ea2e92af72fb{ip: 192.168.36.125, host: trunk-nightly-20190911-vpfxm-1000144475, networkLocation: /default-rack, certSerialId: null}0972d9e0-1686-4378-a4cd-e26758266cbe{ip: 192.168.36.125, host: trunk-nightly-20190911-vpfxm-1000144475, networkLocation: /default-rack, certSerialId: null}, Type:RATIS, Factor:THREE, State:CLOSED]
2019-09-11 06:36:38,870 [java.util.concurrent.ThreadPoolExecutor$Worker@1e7423d2[State = -1, empty queue]] WARN  server.GrpcLogAppender (GrpcLogAppender.java:timeoutAppendRequest(200)) - 5fbe7820-a9fa-43af-b8cb-ea2e92af72fb@group-36DB4E6319DB->0972d9e0-1686-4378-a4cd-e26758266cbe-GrpcLogAppender: appendEntries Timeout, request=5fbe7820-a9fa-43af-b8cb-ea2e92af72fb->0972d9e0-1686-4378-a4cd-e26758266cbe#225-t1, previous=(t:1, i:21), leaderCommit=14, initializing? false, entries: <empty>
2019-09-11 06:36:38,870 [java.util.concurrent.ThreadPoolExecutor$Worker@28d9cb8f[State = -1, empty queue]] WARN  server.GrpcLogAppender (GrpcLogAppender.java:timeoutAppendRequest(200)) - 5fbe7820-a9fa-43af-b8cb-ea2e92af72fb@group-36DB4E6319DB->adfcb6a4-90df-42a6-b615-f553bb5ddfe0-GrpcLogAppender: appendEntries Timeout, request=5fbe7820-a9fa-43af-b8cb-ea2e92af72fb->adfcb6a4-90df-42a6-b615-f553bb5ddfe0#225-t1, previous=(t:1, i:21), leaderCommit=14, initializing? false, entries: <empty>
2019-09-11 06:36:39,945 [grpc-default-executor-7] INFO  client.GrpcClientProtocolClient (GrpcClientProtocolClient.java:onNext(264)) - client-202F7A5D2390->adfcb6a4-90df-42a6-b615-f553bb5ddfe0: receive RaftClientReply:client-202F7A5D2390->adfcb6a4-90df-42a6-b615-f553bb5ddfe0@group-36DB4E6319DB, cid=143, FAILED org.apache.ratis.protocol.NotLeaderException: Server adfcb6a4-90df-42a6-b615-f553bb5ddfe0@group-36DB4E6319DB is not the leader 5fbe7820-a9fa-43af-b8cb-ea2e92af72fb:192.168.36.125:41382, logIndex=0, commits[adfcb6a4-90df-42a6-b615-f553bb5ddfe0:c14, 5fbe7820-a9fa-43af-b8cb-ea2e92af72fb:c14, 0972d9e0-1686-4378-a4cd-e26758266cbe:c13]
2019-09-11 06:36:40,873 [org.apache.ratis.server.impl.LogAppender$AppenderDaemon$$Lambda$521/1122258981@1580d109] ERROR ratis.XceiverServerRatis (XceiverServerRatis.java:triggerPipelineClose(568)) - pipeline Action CLOSE  on pipeline PipelineID=45f75199-ea2a-4a95-9bcb-36db4e6319db.Reason : 5fbe7820-a9fa-43af-b8cb-ea2e92af72fb has not seen follower/s 0972d9e0-1686-4378-a4cd-e26758266cbe for 137250ms adfcb6a4-90df-42a6-b615-f553bb5ddfe0 for 137250ms
2019-09-11 06:36:40,873 [org.apache.ratis.server.impl.LogAppender$AppenderDaemon$$Lambda$521/1122258981@4081a059] ERROR ratis.XceiverServerRatis (XceiverServerRatis.java:triggerPipelineClose(568)) - pipeline Action CLOSE  on pipeline PipelineID=45f75199-ea2a-4a95-9bcb-36db4e6319db.Reason : 5fbe7820-a9fa-43af-b8cb-ea2e92af72fb has not seen follower/s 0972d9e0-1686-4378-a4cd-e26758266cbe for 137250ms adfcb6a4-90df-42a6-b615-f553bb5ddfe0 for 137250ms
2019-09-11 06:36:41,372 [java.util.concurrent.ThreadPoolExecutor$Worker@1e7423d2[State = -1, empty queue]] WARN  server.GrpcLogAppender (GrpcLogAppender.java:timeoutAppendRequest(200)) - 5fbe7820-a9fa-43af-b8cb-ea2e92af72fb@group-36DB4E6319DB->0972d9e0-1686-4378-a4cd-e26758266cbe-GrpcLogAppender: appendEntries Timeout, request=5fbe7820-a9fa-43af-b8cb-ea2e92af72fb->0972d9e0-1686-4378-a4cd-e26758266cbe#226-t1, previous=(t:1, i:21), leaderCommit=14, initializing? false, entries: <empty>
2019-09-11 06:36:41,372 [java.util.concurrent.ThreadPoolExecutor$Worker@28d9cb8f[State = -1, empty queue]] WARN  server.GrpcLogAppender (GrpcLogAppender.java:timeoutAppendRequest(200)) - 5fbe7820-a9fa-43af-b8cb-ea2e92af72fb@group-36DB4E6319DB->adfcb6a4-90df-42a6-b615-f553bb5ddfe0-GrpcLogAppender: appendEntries Timeout, request=5fbe7820-a9fa-43af-b8cb-ea2e92af72fb->adfcb6a4-90df-42a6-b615-f553bb5ddfe0#226-t1, previous=(t:1, i:21), leaderCommit=14, initializing? false, entries: <empty>
2019-09-11 06:36:41,870 [EventQueue-PipelineActionsForPipelineActionHandler] ERROR pipeline.PipelineActionHandler (PipelineActionHandler.java:onMessage(60)) - Received pipeline action CLOSE for Pipeline[ Id: 45f75199-ea2a-4a95-9bcb-36db4e6319db, Nodes: adfcb6a4-90df-42a6-b615-f553bb5ddfe0{ip: 192.168.36.125, host: trunk-nightly-20190911-vpfxm-1000144475, networkLocation: /default-rack, certSerialId: null}5fbe7820-a9fa-43af-b8cb-ea2e92af72fb{ip: 192.168.36.125, host: trunk-nightly-20190911-vpfxm-1000144475, networkLocation: /default-rack, certSerialId: null}0972d9e0-1686-4378-a4cd-e26758266cbe{ip: 192.168.36.125, host: trunk-nightly-20190911-vpfxm-1000144475, networkLocation: /default-rack, certSerialId: null}, Type:RATIS, Factor:THREE, State:CLOSED] from datanode 5fbe7820-a9fa-43af-b8cb-ea2e92af72fb{ip: 192.168.36.125, host: trunk-nightly-20190911-vpfxm-1000144475, networkLocation: /default-rack, certSerialId: null}. Reason : 5fbe7820-a9fa-43af-b8cb-ea2e92af72fb has not seen follower/s 0972d9e0-1686-4378-a4cd-e26758266cbe for 137250ms adfcb6a4-90df-42a6-b615-f553bb5ddfe0 for 137250ms
2019-09-11 06:36:41,871 [EventQueue-PipelineActionsForPipelineActionHandler] INFO  pipeline.SCMPipelineManager (SCMPipelineManager.java:finalizeAndDestroyPipeline(311)) - destroying pipeline:Pipeline[ Id: 45f75199-ea2a-4a95-9bcb-36db4e6319db, Nodes: adfcb6a4-90df-42a6-b615-f553bb5ddfe0{ip: 192.168.36.125, host: trunk-nightly-20190911-vpfxm-1000144475, networkLocation: /default-rack, certSerialId: null}5fbe7820-a9fa-43af-b8cb-ea2e92af72fb{ip: 192.168.36.125, host: trunk-nightly-20190911-vpfxm-1000144475, networkLocation: /default-rack, certSerialId: null}0972d9e0-1686-4378-a4cd-e26758266cbe{ip: 192.168.36.125, host: trunk-nightly-20190911-vpfxm-1000144475, networkLocation: /default-rack, certSerialId: null}, Type:RATIS, Factor:THREE, State:CLOSED]
2019-09-11 06:36:43,375 [org.apache.ratis.server.impl.LogAppender$AppenderDaemon$$Lambda$521/1122258981@1580d109] ERROR ratis.XceiverServerRatis (XceiverServerRatis.java:triggerPipelineClose(568)) - pipeline Action CLOSE  on pipeline PipelineID=45f75199-ea2a-4a95-9bcb-36db4e6319db.Reason : 5fbe7820-a9fa-43af-b8cb-ea2e92af72fb has not seen follower/s 0972d9e0-1686-4378-a4cd-e26758266cbe for 139752ms adfcb6a4-90df-42a6-b615-f553bb5ddfe0 for 139752ms
2019-09-11 06:36:43,375 [org.apache.ratis.server.impl.LogAppender$AppenderDaemon$$Lambda$521/1122258981@4081a059] ERROR ratis.XceiverServerRatis (XceiverServerRatis.java:triggerPipelineClose(568)) - pipeline Action CLOSE  on pipeline PipelineID=45f75199-ea2a-4a95-9bcb-36db4e6319db.Reason : 5fbe7820-a9fa-43af-b8cb-ea2e92af72fb has not seen follower/s 0972d9e0-1686-4378-a4cd-e26758266cbe for 139752ms adfcb6a4-90df-42a6-b615-f553bb5ddfe0 for 139752ms
2019-09-11 06:36:43,770 [0972d9e0-1686-4378-a4cd-e26758266cbe@group-36DB4E6319DB-SegmentedRaftLogWorker] WARN  segmented.SegmentedRaftLogWorker (SegmentedRaftLogWorker.java:getFromFuture(90)) - Timeout 13/~
org.apache.ratis.protocol.TimeoutIOException: Timeout 10s: WriteLog:15: (t:1, i:15), STATEMACHINELOGENTRY, client-202F7A5D2390, cid=143-writeStateMachineData
	at org.apache.ratis.util.IOUtils.getFromFuture(IOUtils.java:87)
	at org.apache.ratis.server.raftlog.segmented.SegmentedRaftLogWorker$StateMachineDataPolicy.getFromFuture(SegmentedRaftLogWorker.java:87)
	at org.apache.ratis.server.raftlog.segmented.SegmentedRaftLogWorker$WriteLog.execute(SegmentedRaftLogWorker.java:477)
	at org.apache.ratis.server.raftlog.segmented.SegmentedRaftLogWorker.run(SegmentedRaftLogWorker.java:289)
	at java.lang.Thread.run(Thread.java:748)
Caused by: java.util.concurrent.TimeoutException
	at java.util.concurrent.CompletableFuture.timedGet(CompletableFuture.java:1771)
	at java.util.concurrent.CompletableFuture.get(CompletableFuture.java:1915)
	at org.apache.ratis.util.IOUtils.getFromFuture(IOUtils.java:79)
	... 4 more
2019-09-11 06:36:43,793 [5fbe7820-a9fa-43af-b8cb-ea2e92af72fb@group-36DB4E6319DB-SegmentedRaftLogWorker] WARN  segmented.SegmentedRaftLogWorker (SegmentedRaftLogWorker.java:getFromFuture(90)) - Timeout 13/~
org.apache.ratis.protocol.TimeoutIOException: Timeout 10s: WriteLog:15: (t:1, i:15), STATEMACHINELOGENTRY, client-202F7A5D2390, cid=143-writeStateMachineData
	at org.apache.ratis.util.IOUtils.getFromFuture(IOUtils.java:87)
	at org.apache.ratis.server.raftlog.segmented.SegmentedRaftLogWorker$StateMachineDataPolicy.getFromFuture(SegmentedRaftLogWorker.java:87)
	at org.apache.ratis.server.raftlog.segmented.SegmentedRaftLogWorker$WriteLog.execute(SegmentedRaftLogWorker.java:477)
	at org.apache.ratis.server.raftlog.segmented.SegmentedRaftLogWorker.run(SegmentedRaftLogWorker.java:289)
	at java.lang.Thread.run(Thread.java:748)
Caused by: java.util.concurrent.TimeoutException
	at java.util.concurrent.CompletableFuture.timedGet(CompletableFuture.java:1771)
	at java.util.concurrent.CompletableFuture.get(CompletableFuture.java:1915)
	at org.apache.ratis.util.IOUtils.getFromFuture(IOUtils.java:79)
	... 4 more
2019-09-11 06:36:43,840 [adfcb6a4-90df-42a6-b615-f553bb5ddfe0@group-36DB4E6319DB-SegmentedRaftLogWorker] WARN  segmented.SegmentedRaftLogWorker (SegmentedRaftLogWorker.java:getFromFuture(90)) - Timeout 13/~
org.apache.ratis.protocol.TimeoutIOException: Timeout 10s: WriteLog:16: (t:1, i:16), STATEMACHINELOGENTRY, client-202F7A5D2390, cid=144-writeStateMachineData
	at org.apache.ratis.util.IOUtils.getFromFuture(IOUtils.java:87)
	at org.apache.ratis.server.raftlog.segmented.SegmentedRaftLogWorker$StateMachineDataPolicy.getFromFuture(SegmentedRaftLogWorker.java:87)
	at org.apache.ratis.server.raftlog.segmented.SegmentedRaftLogWorker$WriteLog.execute(SegmentedRaftLogWorker.java:477)
	at org.apache.ratis.server.raftlog.segmented.SegmentedRaftLogWorker.run(SegmentedRaftLogWorker.java:289)
	at java.lang.Thread.run(Thread.java:748)
Caused by: java.util.concurrent.TimeoutException
	at java.util.concurrent.CompletableFuture.timedGet(CompletableFuture.java:1771)
	at java.util.concurrent.CompletableFuture.get(CompletableFuture.java:1915)
	at org.apache.ratis.util.IOUtils.getFromFuture(IOUtils.java:79)
	... 4 more
2019-09-11 06:36:43,870 [EventQueue-PipelineActionsForPipelineActionHandler] ERROR pipeline.PipelineActionHandler (PipelineActionHandler.java:onMessage(60)) - Received pipeline action CLOSE for Pipeline[ Id: 45f75199-ea2a-4a95-9bcb-36db4e6319db, Nodes: adfcb6a4-90df-42a6-b615-f553bb5ddfe0{ip: 192.168.36.125, host: trunk-nightly-20190911-vpfxm-1000144475, networkLocation: /default-rack, certSerialId: null}5fbe7820-a9fa-43af-b8cb-ea2e92af72fb{ip: 192.168.36.125, host: trunk-nightly-20190911-vpfxm-1000144475, networkLocation: /default-rack, certSerialId: null}0972d9e0-1686-4378-a4cd-e26758266cbe{ip: 192.168.36.125, host: trunk-nightly-20190911-vpfxm-1000144475, networkLocation: /default-rack, certSerialId: null}, Type:RATIS, Factor:THREE, State:CLOSED] from datanode 5fbe7820-a9fa-43af-b8cb-ea2e92af72fb{ip: 192.168.36.125, host: trunk-nightly-20190911-vpfxm-1000144475, networkLocation: /default-rack, certSerialId: null}. Reason : 5fbe7820-a9fa-43af-b8cb-ea2e92af72fb has not seen follower/s 0972d9e0-1686-4378-a4cd-e26758266cbe for 139752ms adfcb6a4-90df-42a6-b615-f553bb5ddfe0 for 139752ms
2019-09-11 06:36:43,870 [EventQueue-PipelineActionsForPipelineActionHandler] INFO  pipeline.SCMPipelineManager (SCMPipelineManager.java:finalizeAndDestroyPipeline(311)) - destroying pipeline:Pipeline[ Id: 45f75199-ea2a-4a95-9bcb-36db4e6319db, Nodes: adfcb6a4-90df-42a6-b615-f553bb5ddfe0{ip: 192.168.36.125, host: trunk-nightly-20190911-vpfxm-1000144475, networkLocation: /default-rack, certSerialId: null}5fbe7820-a9fa-43af-b8cb-ea2e92af72fb{ip: 192.168.36.125, host: trunk-nightly-20190911-vpfxm-1000144475, networkLocation: /default-rack, certSerialId: null}0972d9e0-1686-4378-a4cd-e26758266cbe{ip: 192.168.36.125, host: trunk-nightly-20190911-vpfxm-1000144475, networkLocation: /default-rack, certSerialId: null}, Type:RATIS, Factor:THREE, State:CLOSED]
2019-09-11 06:36:43,873 [java.util.concurrent.ThreadPoolExecutor$Worker@1e7423d2[State = -1, empty queue]] WARN  server.GrpcLogAppender (GrpcLogAppender.java:timeoutAppendRequest(200)) - 5fbe7820-a9fa-43af-b8cb-ea2e92af72fb@group-36DB4E6319DB->0972d9e0-1686-4378-a4cd-e26758266cbe-GrpcLogAppender: appendEntries Timeout, request=5fbe7820-a9fa-43af-b8cb-ea2e92af72fb->0972d9e0-1686-4378-a4cd-e26758266cbe#227-t1, previous=(t:1, i:21), leaderCommit=14, initializing? false, entries: <empty>
2019-09-11 06:36:43,873 [java.util.concurrent.ThreadPoolExecutor$Worker@28d9cb8f[State = -1, empty queue]] WARN  server.GrpcLogAppender (GrpcLogAppender.java:timeoutAppendRequest(200)) - 5fbe7820-a9fa-43af-b8cb-ea2e92af72fb@group-36DB4E6319DB->adfcb6a4-90df-42a6-b615-f553bb5ddfe0-GrpcLogAppender: appendEntries Timeout, request=5fbe7820-a9fa-43af-b8cb-ea2e92af72fb->adfcb6a4-90df-42a6-b615-f553bb5ddfe0#227-t1, previous=(t:1, i:21), leaderCommit=14, initializing? false, entries: <empty>
2019-09-11 06:36:44,984 [grpc-default-executor-8] INFO  client.GrpcClientProtocolClient (GrpcClientProtocolClient.java:onNext(264)) - client-202F7A5D2390->0972d9e0-1686-4378-a4cd-e26758266cbe: receive RaftClientReply:client-202F7A5D2390->0972d9e0-1686-4378-a4cd-e26758266cbe@group-36DB4E6319DB, cid=143, FAILED org.apache.ratis.protocol.NotLeaderException: Server 0972d9e0-1686-4378-a4cd-e26758266cbe@group-36DB4E6319DB is not the leader 5fbe7820-a9fa-43af-b8cb-ea2e92af72fb:192.168.36.125:41382, logIndex=0, commits[0972d9e0-1686-4378-a4cd-e26758266cbe:c14, 5fbe7820-a9fa-43af-b8cb-ea2e92af72fb:c14, adfcb6a4-90df-42a6-b615-f553bb5ddfe0:c13]
2019-09-11 06:36:45,874 [org.apache.ratis.server.impl.LogAppender$AppenderDaemon$$Lambda$521/1122258981@4081a059] ERROR ratis.XceiverServerRatis (XceiverServerRatis.java:triggerPipelineClose(568)) - pipeline Action CLOSE  on pipeline PipelineID=45f75199-ea2a-4a95-9bcb-36db4e6319db.Reason : 5fbe7820-a9fa-43af-b8cb-ea2e92af72fb has not seen follower/s 0972d9e0-1686-4378-a4cd-e26758266cbe for 142252ms adfcb6a4-90df-42a6-b615-f553bb5ddfe0 for 142252ms
2019-09-11 06:36:45,875 [org.apache.ratis.server.impl.LogAppender$AppenderDaemon$$Lambda$521/1122258981@1580d109] ERROR ratis.XceiverServerRatis (XceiverServerRatis.java:triggerPipelineClose(568)) - pipeline Action CLOSE  on pipeline PipelineID=45f75199-ea2a-4a95-9bcb-36db4e6319db.Reason : 5fbe7820-a9fa-43af-b8cb-ea2e92af72fb has not seen follower/s 0972d9e0-1686-4378-a4cd-e26758266cbe for 142252ms adfcb6a4-90df-42a6-b615-f553bb5ddfe0 for 142252ms
2019-09-11 06:36:46,374 [java.util.concurrent.ThreadPoolExecutor$Worker@1e7423d2[State = -1, empty queue]] WARN  server.GrpcLogAppender (GrpcLogAppender.java:timeoutAppendRequest(200)) - 5fbe7820-a9fa-43af-b8cb-ea2e92af72fb@group-36DB4E6319DB->0972d9e0-1686-4378-a4cd-e26758266cbe-GrpcLogAppender: appendEntries Timeout, request=5fbe7820-a9fa-43af-b8cb-ea2e92af72fb->0972d9e0-1686-4378-a4cd-e26758266cbe#228-t1, previous=(t:1, i:21), leaderCommit=14, initializing? false, entries: <empty>
2019-09-11 06:36:46,374 [java.util.concurrent.ThreadPoolExecutor$Worker@28d9cb8f[State = -1, empty queue]] WARN  server.GrpcLogAppender (GrpcLogAppender.java:timeoutAppendRequest(200)) - 5fbe7820-a9fa-43af-b8cb-ea2e92af72fb@group-36DB4E6319DB->adfcb6a4-90df-42a6-b615-f553bb5ddfe0-GrpcLogAppender: appendEntries Timeout, request=5fbe7820-a9fa-43af-b8cb-ea2e92af72fb->adfcb6a4-90df-42a6-b615-f553bb5ddfe0#228-t1, previous=(t:1, i:21), leaderCommit=14, initializing? false, entries: <empty>
2019-09-11 06:36:46,871 [EventQueue-PipelineActionsForPipelineActionHandler] ERROR pipeline.PipelineActionHandler (PipelineActionHandler.java:onMessage(60)) - Received pipeline action CLOSE for Pipeline[ Id: 45f75199-ea2a-4a95-9bcb-36db4e6319db, Nodes: adfcb6a4-90df-42a6-b615-f553bb5ddfe0{ip: 192.168.36.125, host: trunk-nightly-20190911-vpfxm-1000144475, networkLocation: /default-rack, certSerialId: null}5fbe7820-a9fa-43af-b8cb-ea2e92af72fb{ip: 192.168.36.125, host: trunk-nightly-20190911-vpfxm-1000144475, networkLocation: /default-rack, certSerialId: null}0972d9e0-1686-4378-a4cd-e26758266cbe{ip: 192.168.36.125, host: trunk-nightly-20190911-vpfxm-1000144475, networkLocation: /default-rack, certSerialId: null}, Type:RATIS, Factor:THREE, State:CLOSED] from datanode 5fbe7820-a9fa-43af-b8cb-ea2e92af72fb{ip: 192.168.36.125, host: trunk-nightly-20190911-vpfxm-1000144475, networkLocation: /default-rack, certSerialId: null}. Reason : 5fbe7820-a9fa-43af-b8cb-ea2e92af72fb has not seen follower/s 0972d9e0-1686-4378-a4cd-e26758266cbe for 142252ms adfcb6a4-90df-42a6-b615-f553bb5ddfe0 for 142252ms
2019-09-11 06:36:46,871 [EventQueue-PipelineActionsForPipelineActionHandler] INFO  pipeline.SCMPipelineManager (SCMPipelineManager.java:finalizeAndDestroyPipeline(311)) - destroying pipeline:Pipeline[ Id: 45f75199-ea2a-4a95-9bcb-36db4e6319db, Nodes: adfcb6a4-90df-42a6-b615-f553bb5ddfe0{ip: 192.168.36.125, host: trunk-nightly-20190911-vpfxm-1000144475, networkLocation: /default-rack, certSerialId: null}5fbe7820-a9fa-43af-b8cb-ea2e92af72fb{ip: 192.168.36.125, host: trunk-nightly-20190911-vpfxm-1000144475, networkLocation: /default-rack, certSerialId: null}0972d9e0-1686-4378-a4cd-e26758266cbe{ip: 192.168.36.125, host: trunk-nightly-20190911-vpfxm-1000144475, networkLocation: /default-rack, certSerialId: null}, Type:RATIS, Factor:THREE, State:CLOSED]
2019-09-11 06:36:48,376 [org.apache.ratis.server.impl.LogAppender$AppenderDaemon$$Lambda$521/1122258981@1580d109] ERROR ratis.XceiverServerRatis (XceiverServerRatis.java:triggerPipelineClose(568)) - pipeline Action CLOSE  on pipeline PipelineID=45f75199-ea2a-4a95-9bcb-36db4e6319db.Reason : 5fbe7820-a9fa-43af-b8cb-ea2e92af72fb has not seen follower/s 0972d9e0-1686-4378-a4cd-e26758266cbe for 144754ms adfcb6a4-90df-42a6-b615-f553bb5ddfe0 for 144753ms
2019-09-11 06:36:48,376 [org.apache.ratis.server.impl.LogAppender$AppenderDaemon$$Lambda$521/1122258981@4081a059] ERROR ratis.XceiverServerRatis (XceiverServerRatis.java:triggerPipelineClose(568)) - pipeline Action CLOSE  on pipeline PipelineID=45f75199-ea2a-4a95-9bcb-36db4e6319db.Reason : 5fbe7820-a9fa-43af-b8cb-ea2e92af72fb has not seen follower/s 0972d9e0-1686-4378-a4cd-e26758266cbe for 144754ms adfcb6a4-90df-42a6-b615-f553bb5ddfe0 for 144753ms
2019-09-11 06:36:48,872 [EventQueue-PipelineActionsForPipelineActionHandler] ERROR pipeline.PipelineActionHandler (PipelineActionHandler.java:onMessage(60)) - Received pipeline action CLOSE for Pipeline[ Id: 45f75199-ea2a-4a95-9bcb-36db4e6319db, Nodes: adfcb6a4-90df-42a6-b615-f553bb5ddfe0{ip: 192.168.36.125, host: trunk-nightly-20190911-vpfxm-1000144475, networkLocation: /default-rack, certSerialId: null}5fbe7820-a9fa-43af-b8cb-ea2e92af72fb{ip: 192.168.36.125, host: trunk-nightly-20190911-vpfxm-1000144475, networkLocation: /default-rack, certSerialId: null}0972d9e0-1686-4378-a4cd-e26758266cbe{ip: 192.168.36.125, host: trunk-nightly-20190911-vpfxm-1000144475, networkLocation: /default-rack, certSerialId: null}, Type:RATIS, Factor:THREE, State:CLOSED] from datanode 5fbe7820-a9fa-43af-b8cb-ea2e92af72fb{ip: 192.168.36.125, host: trunk-nightly-20190911-vpfxm-1000144475, networkLocation: /default-rack, certSerialId: null}. Reason : 5fbe7820-a9fa-43af-b8cb-ea2e92af72fb has not seen follower/s 0972d9e0-1686-4378-a4cd-e26758266cbe for 144754ms adfcb6a4-90df-42a6-b615-f553bb5ddfe0 for 144753ms
2019-09-11 06:36:48,873 [EventQueue-PipelineActionsForPipelineActionHandler] INFO  pipeline.SCMPipelineManager (SCMPipelineManager.java:finalizeAndDestroyPipeline(311)) - destroying pipeline:Pipeline[ Id: 45f75199-ea2a-4a95-9bcb-36db4e6319db, Nodes: adfcb6a4-90df-42a6-b615-f553bb5ddfe0{ip: 192.168.36.125, host: trunk-nightly-20190911-vpfxm-1000144475, networkLocation: /default-rack, certSerialId: null}5fbe7820-a9fa-43af-b8cb-ea2e92af72fb{ip: 192.168.36.125, host: trunk-nightly-20190911-vpfxm-1000144475, networkLocation: /default-rack, certSerialId: null}0972d9e0-1686-4378-a4cd-e26758266cbe{ip: 192.168.36.125, host: trunk-nightly-20190911-vpfxm-1000144475, networkLocation: /default-rack, certSerialId: null}, Type:RATIS, Factor:THREE, State:CLOSED]
2019-09-11 06:36:48,874 [java.util.concurrent.ThreadPoolExecutor$Worker@1e7423d2[State = -1, empty queue]] WARN  server.GrpcLogAppender (GrpcLogAppender.java:timeoutAppendRequest(200)) - 5fbe7820-a9fa-43af-b8cb-ea2e92af72fb@group-36DB4E6319DB->0972d9e0-1686-4378-a4cd-e26758266cbe-GrpcLogAppender: appendEntries Timeout, request=5fbe7820-a9fa-43af-b8cb-ea2e92af72fb->0972d9e0-1686-4378-a4cd-e26758266cbe#229-t1, previous=(t:1, i:21), leaderCommit=14, initializing? false, entries: <empty>
2019-09-11 06:36:48,875 [java.util.concurrent.ThreadPoolExecutor$Worker@28d9cb8f[State = -1, empty queue]] WARN  server.GrpcLogAppender (GrpcLogAppender.java:timeoutAppendRequest(200)) - 5fbe7820-a9fa-43af-b8cb-ea2e92af72fb@group-36DB4E6319DB->adfcb6a4-90df-42a6-b615-f553bb5ddfe0-GrpcLogAppender: appendEntries Timeout, request=5fbe7820-a9fa-43af-b8cb-ea2e92af72fb->adfcb6a4-90df-42a6-b615-f553bb5ddfe0#229-t1, previous=(t:1, i:21), leaderCommit=14, initializing? false, entries: <empty>
2019-09-11 06:36:50,033 [grpc-default-executor-7] INFO  client.GrpcClientProtocolClient (GrpcClientProtocolClient.java:onNext(264)) - client-202F7A5D2390->adfcb6a4-90df-42a6-b615-f553bb5ddfe0: receive RaftClientReply:client-202F7A5D2390->adfcb6a4-90df-42a6-b615-f553bb5ddfe0@group-36DB4E6319DB, cid=143, FAILED org.apache.ratis.protocol.NotLeaderException: Server adfcb6a4-90df-42a6-b615-f553bb5ddfe0@group-36DB4E6319DB is not the leader 5fbe7820-a9fa-43af-b8cb-ea2e92af72fb:192.168.36.125:41382, logIndex=0, commits[adfcb6a4-90df-42a6-b615-f553bb5ddfe0:c14, 5fbe7820-a9fa-43af-b8cb-ea2e92af72fb:c14, 0972d9e0-1686-4378-a4cd-e26758266cbe:c13]
2019-09-11 06:36:50,876 [org.apache.ratis.server.impl.LogAppender$AppenderDaemon$$Lambda$521/1122258981@4081a059] ERROR ratis.XceiverServerRatis (XceiverServerRatis.java:triggerPipelineClose(568)) - pipeline Action CLOSE  on pipeline PipelineID=45f75199-ea2a-4a95-9bcb-36db4e6319db.Reason : 5fbe7820-a9fa-43af-b8cb-ea2e92af72fb has not seen follower/s 0972d9e0-1686-4378-a4cd-e26758266cbe for 147254ms adfcb6a4-90df-42a6-b615-f553bb5ddfe0 for 147253ms
2019-09-11 06:36:50,876 [org.apache.ratis.server.impl.LogAppender$AppenderDaemon$$Lambda$521/1122258981@1580d109] ERROR ratis.XceiverServerRatis (XceiverServerRatis.java:triggerPipelineClose(568)) - pipeline Action CLOSE  on pipeline PipelineID=45f75199-ea2a-4a95-9bcb-36db4e6319db.Reason : 5fbe7820-a9fa-43af-b8cb-ea2e92af72fb has not seen follower/s 0972d9e0-1686-4378-a4cd-e26758266cbe for 147254ms adfcb6a4-90df-42a6-b615-f553bb5ddfe0 for 147254ms
2019-09-11 06:36:51,376 [java.util.concurrent.ThreadPoolExecutor$Worker@1e7423d2[State = -1, empty queue]] WARN  server.GrpcLogAppender (GrpcLogAppender.java:timeoutAppendRequest(200)) - 5fbe7820-a9fa-43af-b8cb-ea2e92af72fb@group-36DB4E6319DB->0972d9e0-1686-4378-a4cd-e26758266cbe-GrpcLogAppender: appendEntries Timeout, request=5fbe7820-a9fa-43af-b8cb-ea2e92af72fb->0972d9e0-1686-4378-a4cd-e26758266cbe#230-t1, previous=(t:1, i:21), leaderCommit=14, initializing? false, entries: <empty>
2019-09-11 06:36:51,376 [java.util.concurrent.ThreadPoolExecutor$Worker@28d9cb8f[State = -1, empty queue]] WARN  server.GrpcLogAppender (GrpcLogAppender.java:timeoutAppendRequest(200)) - 5fbe7820-a9fa-43af-b8cb-ea2e92af72fb@group-36DB4E6319DB->adfcb6a4-90df-42a6-b615-f553bb5ddfe0-GrpcLogAppender: appendEntries Timeout, request=5fbe7820-a9fa-43af-b8cb-ea2e92af72fb->adfcb6a4-90df-42a6-b615-f553bb5ddfe0#230-t1, previous=(t:1, i:21), leaderCommit=14, initializing? false, entries: <empty>
2019-09-11 06:36:51,870 [EventQueue-PipelineActionsForPipelineActionHandler] ERROR pipeline.PipelineActionHandler (PipelineActionHandler.java:onMessage(60)) - Received pipeline action CLOSE for Pipeline[ Id: 45f75199-ea2a-4a95-9bcb-36db4e6319db, Nodes: adfcb6a4-90df-42a6-b615-f553bb5ddfe0{ip: 192.168.36.125, host: trunk-nightly-20190911-vpfxm-1000144475, networkLocation: /default-rack, certSerialId: null}5fbe7820-a9fa-43af-b8cb-ea2e92af72fb{ip: 192.168.36.125, host: trunk-nightly-20190911-vpfxm-1000144475, networkLocation: /default-rack, certSerialId: null}0972d9e0-1686-4378-a4cd-e26758266cbe{ip: 192.168.36.125, host: trunk-nightly-20190911-vpfxm-1000144475, networkLocation: /default-rack, certSerialId: null}, Type:RATIS, Factor:THREE, State:CLOSED] from datanode 5fbe7820-a9fa-43af-b8cb-ea2e92af72fb{ip: 192.168.36.125, host: trunk-nightly-20190911-vpfxm-1000144475, networkLocation: /default-rack, certSerialId: null}. Reason : 5fbe7820-a9fa-43af-b8cb-ea2e92af72fb has not seen follower/s 0972d9e0-1686-4378-a4cd-e26758266cbe for 147254ms adfcb6a4-90df-42a6-b615-f553bb5ddfe0 for 147253ms
2019-09-11 06:36:51,870 [EventQueue-PipelineActionsForPipelineActionHandler] INFO  pipeline.SCMPipelineManager (SCMPipelineManager.java:finalizeAndDestroyPipeline(311)) - destroying pipeline:Pipeline[ Id: 45f75199-ea2a-4a95-9bcb-36db4e6319db, Nodes: adfcb6a4-90df-42a6-b615-f553bb5ddfe0{ip: 192.168.36.125, host: trunk-nightly-20190911-vpfxm-1000144475, networkLocation: /default-rack, certSerialId: null}5fbe7820-a9fa-43af-b8cb-ea2e92af72fb{ip: 192.168.36.125, host: trunk-nightly-20190911-vpfxm-1000144475, networkLocation: /default-rack, certSerialId: null}0972d9e0-1686-4378-a4cd-e26758266cbe{ip: 192.168.36.125, host: trunk-nightly-20190911-vpfxm-1000144475, networkLocation: /default-rack, certSerialId: null}, Type:RATIS, Factor:THREE, State:CLOSED]
2019-09-11 06:36:53,379 [org.apache.ratis.server.impl.LogAppender$AppenderDaemon$$Lambda$521/1122258981@1580d109] ERROR ratis.XceiverServerRatis (XceiverServerRatis.java:triggerPipelineClose(568)) - pipeline Action CLOSE  on pipeline PipelineID=45f75199-ea2a-4a95-9bcb-36db4e6319db.Reason : 5fbe7820-a9fa-43af-b8cb-ea2e92af72fb has not seen follower/s 0972d9e0-1686-4378-a4cd-e26758266cbe for 149756ms adfcb6a4-90df-42a6-b615-f553bb5ddfe0 for 149756ms
2019-09-11 06:36:53,379 [org.apache.ratis.server.impl.LogAppender$AppenderDaemon$$Lambda$521/1122258981@4081a059] ERROR ratis.XceiverServerRatis (XceiverServerRatis.java:triggerPipelineClose(568)) - pipeline Action CLOSE  on pipeline PipelineID=45f75199-ea2a-4a95-9bcb-36db4e6319db.Reason : 5fbe7820-a9fa-43af-b8cb-ea2e92af72fb has not seen follower/s 0972d9e0-1686-4378-a4cd-e26758266cbe for 149756ms adfcb6a4-90df-42a6-b615-f553bb5ddfe0 for 149756ms
2019-09-11 06:36:53,771 [0972d9e0-1686-4378-a4cd-e26758266cbe@group-36DB4E6319DB-SegmentedRaftLogWorker] WARN  segmented.SegmentedRaftLogWorker (SegmentedRaftLogWorker.java:getFromFuture(90)) - Timeout 14/~
org.apache.ratis.protocol.TimeoutIOException: Timeout 10s: WriteLog:15: (t:1, i:15), STATEMACHINELOGENTRY, client-202F7A5D2390, cid=143-writeStateMachineData
	at org.apache.ratis.util.IOUtils.getFromFuture(IOUtils.java:87)
	at org.apache.ratis.server.raftlog.segmented.SegmentedRaftLogWorker$StateMachineDataPolicy.getFromFuture(SegmentedRaftLogWorker.java:87)
	at org.apache.ratis.server.raftlog.segmented.SegmentedRaftLogWorker$WriteLog.execute(SegmentedRaftLogWorker.java:477)
	at org.apache.ratis.server.raftlog.segmented.SegmentedRaftLogWorker.run(SegmentedRaftLogWorker.java:289)
	at java.lang.Thread.run(Thread.java:748)
Caused by: java.util.concurrent.TimeoutException
	at java.util.concurrent.CompletableFuture.timedGet(CompletableFuture.java:1771)
	at java.util.concurrent.CompletableFuture.get(CompletableFuture.java:1915)
	at org.apache.ratis.util.IOUtils.getFromFuture(IOUtils.java:79)
	... 4 more
2019-09-11 06:36:53,793 [5fbe7820-a9fa-43af-b8cb-ea2e92af72fb@group-36DB4E6319DB-SegmentedRaftLogWorker] WARN  segmented.SegmentedRaftLogWorker (SegmentedRaftLogWorker.java:getFromFuture(90)) - Timeout 14/~
org.apache.ratis.protocol.TimeoutIOException: Timeout 10s: WriteLog:15: (t:1, i:15), STATEMACHINELOGENTRY, client-202F7A5D2390, cid=143-writeStateMachineData
	at org.apache.ratis.util.IOUtils.getFromFuture(IOUtils.java:87)
	at org.apache.ratis.server.raftlog.segmented.SegmentedRaftLogWorker$StateMachineDataPolicy.getFromFuture(SegmentedRaftLogWorker.java:87)
	at org.apache.ratis.server.raftlog.segmented.SegmentedRaftLogWorker$WriteLog.execute(SegmentedRaftLogWorker.java:477)
	at org.apache.ratis.server.raftlog.segmented.SegmentedRaftLogWorker.run(SegmentedRaftLogWorker.java:289)
	at java.lang.Thread.run(Thread.java:748)
Caused by: java.util.concurrent.TimeoutException
	at java.util.concurrent.CompletableFuture.timedGet(CompletableFuture.java:1771)
	at java.util.concurrent.CompletableFuture.get(CompletableFuture.java:1915)
	at org.apache.ratis.util.IOUtils.getFromFuture(IOUtils.java:79)
	... 4 more
2019-09-11 06:36:53,840 [adfcb6a4-90df-42a6-b615-f553bb5ddfe0@group-36DB4E6319DB-SegmentedRaftLogWorker] WARN  segmented.SegmentedRaftLogWorker (SegmentedRaftLogWorker.java:getFromFuture(90)) - Timeout 14/~
org.apache.ratis.protocol.TimeoutIOException: Timeout 10s: WriteLog:16: (t:1, i:16), STATEMACHINELOGENTRY, client-202F7A5D2390, cid=144-writeStateMachineData
	at org.apache.ratis.util.IOUtils.getFromFuture(IOUtils.java:87)
	at org.apache.ratis.server.raftlog.segmented.SegmentedRaftLogWorker$StateMachineDataPolicy.getFromFuture(SegmentedRaftLogWorker.java:87)
	at org.apache.ratis.server.raftlog.segmented.SegmentedRaftLogWorker$WriteLog.execute(SegmentedRaftLogWorker.java:477)
	at org.apache.ratis.server.raftlog.segmented.SegmentedRaftLogWorker.run(SegmentedRaftLogWorker.java:289)
	at java.lang.Thread.run(Thread.java:748)
Caused by: java.util.concurrent.TimeoutException
	at java.util.concurrent.CompletableFuture.timedGet(CompletableFuture.java:1771)
	at java.util.concurrent.CompletableFuture.get(CompletableFuture.java:1915)
	at org.apache.ratis.util.IOUtils.getFromFuture(IOUtils.java:79)
	... 4 more
2019-09-11 06:36:53,871 [EventQueue-PipelineActionsForPipelineActionHandler] ERROR pipeline.PipelineActionHandler (PipelineActionHandler.java:onMessage(60)) - Received pipeline action CLOSE for Pipeline[ Id: 45f75199-ea2a-4a95-9bcb-36db4e6319db, Nodes: adfcb6a4-90df-42a6-b615-f553bb5ddfe0{ip: 192.168.36.125, host: trunk-nightly-20190911-vpfxm-1000144475, networkLocation: /default-rack, certSerialId: null}5fbe7820-a9fa-43af-b8cb-ea2e92af72fb{ip: 192.168.36.125, host: trunk-nightly-20190911-vpfxm-1000144475, networkLocation: /default-rack, certSerialId: null}0972d9e0-1686-4378-a4cd-e26758266cbe{ip: 192.168.36.125, host: trunk-nightly-20190911-vpfxm-1000144475, networkLocation: /default-rack, certSerialId: null}, Type:RATIS, Factor:THREE, State:CLOSED] from datanode 5fbe7820-a9fa-43af-b8cb-ea2e92af72fb{ip: 192.168.36.125, host: trunk-nightly-20190911-vpfxm-1000144475, networkLocation: /default-rack, certSerialId: null}. Reason : 5fbe7820-a9fa-43af-b8cb-ea2e92af72fb has not seen follower/s 0972d9e0-1686-4378-a4cd-e26758266cbe for 149756ms adfcb6a4-90df-42a6-b615-f553bb5ddfe0 for 149756ms
2019-09-11 06:36:53,871 [EventQueue-PipelineActionsForPipelineActionHandler] INFO  pipeline.SCMPipelineManager (SCMPipelineManager.java:finalizeAndDestroyPipeline(311)) - destroying pipeline:Pipeline[ Id: 45f75199-ea2a-4a95-9bcb-36db4e6319db, Nodes: adfcb6a4-90df-42a6-b615-f553bb5ddfe0{ip: 192.168.36.125, host: trunk-nightly-20190911-vpfxm-1000144475, networkLocation: /default-rack, certSerialId: null}5fbe7820-a9fa-43af-b8cb-ea2e92af72fb{ip: 192.168.36.125, host: trunk-nightly-20190911-vpfxm-1000144475, networkLocation: /default-rack, certSerialId: null}0972d9e0-1686-4378-a4cd-e26758266cbe{ip: 192.168.36.125, host: trunk-nightly-20190911-vpfxm-1000144475, networkLocation: /default-rack, certSerialId: null}, Type:RATIS, Factor:THREE, State:CLOSED]
2019-09-11 06:36:53,876 [java.util.concurrent.ThreadPoolExecutor$Worker@1e7423d2[State = -1, empty queue]] WARN  server.GrpcLogAppender (GrpcLogAppender.java:timeoutAppendRequest(200)) - 5fbe7820-a9fa-43af-b8cb-ea2e92af72fb@group-36DB4E6319DB->0972d9e0-1686-4378-a4cd-e26758266cbe-GrpcLogAppender: appendEntries Timeout, request=5fbe7820-a9fa-43af-b8cb-ea2e92af72fb->0972d9e0-1686-4378-a4cd-e26758266cbe#231-t1, previous=(t:1, i:21), leaderCommit=14, initializing? false, entries: <empty>
2019-09-11 06:36:53,876 [java.util.concurrent.ThreadPoolExecutor$Worker@28d9cb8f[State = -1, empty queue]] WARN  server.GrpcLogAppender (GrpcLogAppender.java:timeoutAppendRequest(200)) - 5fbe7820-a9fa-43af-b8cb-ea2e92af72fb@group-36DB4E6319DB->adfcb6a4-90df-42a6-b615-f553bb5ddfe0-GrpcLogAppender: appendEntries Timeout, request=5fbe7820-a9fa-43af-b8cb-ea2e92af72fb->adfcb6a4-90df-42a6-b615-f553bb5ddfe0#231-t1, previous=(t:1, i:21), leaderCommit=14, initializing? false, entries: <empty>
2019-09-11 06:36:55,071 [grpc-default-executor-8] INFO  client.GrpcClientProtocolClient (GrpcClientProtocolClient.java:onNext(264)) - client-202F7A5D2390->0972d9e0-1686-4378-a4cd-e26758266cbe: receive RaftClientReply:client-202F7A5D2390->0972d9e0-1686-4378-a4cd-e26758266cbe@group-36DB4E6319DB, cid=143, FAILED org.apache.ratis.protocol.NotLeaderException: Server 0972d9e0-1686-4378-a4cd-e26758266cbe@group-36DB4E6319DB is not the leader 5fbe7820-a9fa-43af-b8cb-ea2e92af72fb:192.168.36.125:41382, logIndex=0, commits[0972d9e0-1686-4378-a4cd-e26758266cbe:c14, 5fbe7820-a9fa-43af-b8cb-ea2e92af72fb:c14, adfcb6a4-90df-42a6-b615-f553bb5ddfe0:c13]
2019-09-11 06:36:55,879 [org.apache.ratis.server.impl.LogAppender$AppenderDaemon$$Lambda$521/1122258981@4081a059] ERROR ratis.XceiverServerRatis (XceiverServerRatis.java:triggerPipelineClose(568)) - pipeline Action CLOSE  on pipeline PipelineID=45f75199-ea2a-4a95-9bcb-36db4e6319db.Reason : 5fbe7820-a9fa-43af-b8cb-ea2e92af72fb has not seen follower/s 0972d9e0-1686-4378-a4cd-e26758266cbe for 152257ms adfcb6a4-90df-42a6-b615-f553bb5ddfe0 for 152256ms
2019-09-11 06:36:55,879 [org.apache.ratis.server.impl.LogAppender$AppenderDaemon$$Lambda$521/1122258981@1580d109] ERROR ratis.XceiverServerRatis (XceiverServerRatis.java:triggerPipelineClose(568)) - pipeline Action CLOSE  on pipeline PipelineID=45f75199-ea2a-4a95-9bcb-36db4e6319db.Reason : 5fbe7820-a9fa-43af-b8cb-ea2e92af72fb has not seen follower/s 0972d9e0-1686-4378-a4cd-e26758266cbe for 152257ms adfcb6a4-90df-42a6-b615-f553bb5ddfe0 for 152256ms
2019-09-11 06:36:56,378 [java.util.concurrent.ThreadPoolExecutor$Worker@1e7423d2[State = -1, empty queue]] WARN  server.GrpcLogAppender (GrpcLogAppender.java:timeoutAppendRequest(200)) - 5fbe7820-a9fa-43af-b8cb-ea2e92af72fb@group-36DB4E6319DB->0972d9e0-1686-4378-a4cd-e26758266cbe-GrpcLogAppender: appendEntries Timeout, request=5fbe7820-a9fa-43af-b8cb-ea2e92af72fb->0972d9e0-1686-4378-a4cd-e26758266cbe#232-t1, previous=(t:1, i:21), leaderCommit=14, initializing? false, entries: <empty>
2019-09-11 06:36:56,378 [java.util.concurrent.ThreadPoolExecutor$Worker@28d9cb8f[State = -1, empty queue]] WARN  server.GrpcLogAppender (GrpcLogAppender.java:timeoutAppendRequest(200)) - 5fbe7820-a9fa-43af-b8cb-ea2e92af72fb@group-36DB4E6319DB->adfcb6a4-90df-42a6-b615-f553bb5ddfe0-GrpcLogAppender: appendEntries Timeout, request=5fbe7820-a9fa-43af-b8cb-ea2e92af72fb->adfcb6a4-90df-42a6-b615-f553bb5ddfe0#232-t1, previous=(t:1, i:21), leaderCommit=14, initializing? false, entries: <empty>
2019-09-11 06:36:56,872 [EventQueue-PipelineActionsForPipelineActionHandler] ERROR pipeline.PipelineActionHandler (PipelineActionHandler.java:onMessage(60)) - Received pipeline action CLOSE for Pipeline[ Id: 45f75199-ea2a-4a95-9bcb-36db4e6319db, Nodes: adfcb6a4-90df-42a6-b615-f553bb5ddfe0{ip: 192.168.36.125, host: trunk-nightly-20190911-vpfxm-1000144475, networkLocation: /default-rack, certSerialId: null}5fbe7820-a9fa-43af-b8cb-ea2e92af72fb{ip: 192.168.36.125, host: trunk-nightly-20190911-vpfxm-1000144475, networkLocation: /default-rack, certSerialId: null}0972d9e0-1686-4378-a4cd-e26758266cbe{ip: 192.168.36.125, host: trunk-nightly-20190911-vpfxm-1000144475, networkLocation: /default-rack, certSerialId: null}, Type:RATIS, Factor:THREE, State:CLOSED] from datanode 5fbe7820-a9fa-43af-b8cb-ea2e92af72fb{ip: 192.168.36.125, host: trunk-nightly-20190911-vpfxm-1000144475, networkLocation: /default-rack, certSerialId: null}. Reason : 5fbe7820-a9fa-43af-b8cb-ea2e92af72fb has not seen follower/s 0972d9e0-1686-4378-a4cd-e26758266cbe for 152257ms adfcb6a4-90df-42a6-b615-f553bb5ddfe0 for 152256ms
2019-09-11 06:36:56,872 [EventQueue-PipelineActionsForPipelineActionHandler] INFO  pipeline.SCMPipelineManager (SCMPipelineManager.java:finalizeAndDestroyPipeline(311)) - destroying pipeline:Pipeline[ Id: 45f75199-ea2a-4a95-9bcb-36db4e6319db, Nodes: adfcb6a4-90df-42a6-b615-f553bb5ddfe0{ip: 192.168.36.125, host: trunk-nightly-20190911-vpfxm-1000144475, networkLocation: /default-rack, certSerialId: null}5fbe7820-a9fa-43af-b8cb-ea2e92af72fb{ip: 192.168.36.125, host: trunk-nightly-20190911-vpfxm-1000144475, networkLocation: /default-rack, certSerialId: null}0972d9e0-1686-4378-a4cd-e26758266cbe{ip: 192.168.36.125, host: trunk-nightly-20190911-vpfxm-1000144475, networkLocation: /default-rack, certSerialId: null}, Type:RATIS, Factor:THREE, State:CLOSED]
2019-09-11 06:36:58,381 [org.apache.ratis.server.impl.LogAppender$AppenderDaemon$$Lambda$521/1122258981@4081a059] ERROR ratis.XceiverServerRatis (XceiverServerRatis.java:triggerPipelineClose(568)) - pipeline Action CLOSE  on pipeline PipelineID=45f75199-ea2a-4a95-9bcb-36db4e6319db.Reason : 5fbe7820-a9fa-43af-b8cb-ea2e92af72fb has not seen follower/s 0972d9e0-1686-4378-a4cd-e26758266cbe for 154758ms adfcb6a4-90df-42a6-b615-f553bb5ddfe0 for 154758ms
2019-09-11 06:36:58,381 [org.apache.ratis.server.impl.LogAppender$AppenderDaemon$$Lambda$521/1122258981@1580d109] ERROR ratis.XceiverServerRatis (XceiverServerRatis.java:triggerPipelineClose(568)) - pipeline Action CLOSE  on pipeline PipelineID=45f75199-ea2a-4a95-9bcb-36db4e6319db.Reason : 5fbe7820-a9fa-43af-b8cb-ea2e92af72fb has not seen follower/s 0972d9e0-1686-4378-a4cd-e26758266cbe for 154758ms adfcb6a4-90df-42a6-b615-f553bb5ddfe0 for 154758ms
2019-09-11 06:36:58,872 [EventQueue-PipelineActionsForPipelineActionHandler] ERROR pipeline.PipelineActionHandler (PipelineActionHandler.java:onMessage(60)) - Received pipeline action CLOSE for Pipeline[ Id: 45f75199-ea2a-4a95-9bcb-36db4e6319db, Nodes: adfcb6a4-90df-42a6-b615-f553bb5ddfe0{ip: 192.168.36.125, host: trunk-nightly-20190911-vpfxm-1000144475, networkLocation: /default-rack, certSerialId: null}5fbe7820-a9fa-43af-b8cb-ea2e92af72fb{ip: 192.168.36.125, host: trunk-nightly-20190911-vpfxm-1000144475, networkLocation: /default-rack, certSerialId: null}0972d9e0-1686-4378-a4cd-e26758266cbe{ip: 192.168.36.125, host: trunk-nightly-20190911-vpfxm-1000144475, networkLocation: /default-rack, certSerialId: null}, Type:RATIS, Factor:THREE, State:CLOSED] from datanode 5fbe7820-a9fa-43af-b8cb-ea2e92af72fb{ip: 192.168.36.125, host: trunk-nightly-20190911-vpfxm-1000144475, networkLocation: /default-rack, certSerialId: null}. Reason : 5fbe7820-a9fa-43af-b8cb-ea2e92af72fb has not seen follower/s 0972d9e0-1686-4378-a4cd-e26758266cbe for 154758ms adfcb6a4-90df-42a6-b615-f553bb5ddfe0 for 154758ms
2019-09-11 06:36:58,872 [EventQueue-PipelineActionsForPipelineActionHandler] INFO  pipeline.SCMPipelineManager (SCMPipelineManager.java:finalizeAndDestroyPipeline(311)) - destroying pipeline:Pipeline[ Id: 45f75199-ea2a-4a95-9bcb-36db4e6319db, Nodes: adfcb6a4-90df-42a6-b615-f553bb5ddfe0{ip: 192.168.36.125, host: trunk-nightly-20190911-vpfxm-1000144475, networkLocation: /default-rack, certSerialId: null}5fbe7820-a9fa-43af-b8cb-ea2e92af72fb{ip: 192.168.36.125, host: trunk-nightly-20190911-vpfxm-1000144475, networkLocation: /default-rack, certSerialId: null}0972d9e0-1686-4378-a4cd-e26758266cbe{ip: 192.168.36.125, host: trunk-nightly-20190911-vpfxm-1000144475, networkLocation: /default-rack, certSerialId: null}, Type:RATIS, Factor:THREE, State:CLOSED]
2019-09-11 06:36:58,879 [java.util.concurrent.ThreadPoolExecutor$Worker@1e7423d2[State = -1, empty queue]] WARN  server.GrpcLogAppender (GrpcLogAppender.java:timeoutAppendRequest(200)) - 5fbe7820-a9fa-43af-b8cb-ea2e92af72fb@group-36DB4E6319DB->0972d9e0-1686-4378-a4cd-e26758266cbe-GrpcLogAppender: appendEntries Timeout, request=5fbe7820-a9fa-43af-b8cb-ea2e92af72fb->0972d9e0-1686-4378-a4cd-e26758266cbe#233-t1, previous=(t:1, i:21), leaderCommit=14, initializing? false, entries: <empty>
2019-09-11 06:36:58,879 [java.util.concurrent.ThreadPoolExecutor$Worker@28d9cb8f[State = -1, empty queue]] WARN  server.GrpcLogAppender (GrpcLogAppender.java:timeoutAppendRequest(200)) - 5fbe7820-a9fa-43af-b8cb-ea2e92af72fb@group-36DB4E6319DB->adfcb6a4-90df-42a6-b615-f553bb5ddfe0-GrpcLogAppender: appendEntries Timeout, request=5fbe7820-a9fa-43af-b8cb-ea2e92af72fb->adfcb6a4-90df-42a6-b615-f553bb5ddfe0#233-t1, previous=(t:1, i:21), leaderCommit=14, initializing? false, entries: <empty>
2019-09-11 06:37:00,117 [grpc-default-executor-10] INFO  client.GrpcClientProtocolClient (GrpcClientProtocolClient.java:onNext(264)) - client-202F7A5D2390->0972d9e0-1686-4378-a4cd-e26758266cbe: receive RaftClientReply:client-202F7A5D2390->0972d9e0-1686-4378-a4cd-e26758266cbe@group-36DB4E6319DB, cid=143, FAILED org.apache.ratis.protocol.NotLeaderException: Server 0972d9e0-1686-4378-a4cd-e26758266cbe@group-36DB4E6319DB is not the leader 5fbe7820-a9fa-43af-b8cb-ea2e92af72fb:192.168.36.125:41382, logIndex=0, commits[0972d9e0-1686-4378-a4cd-e26758266cbe:c14, 5fbe7820-a9fa-43af-b8cb-ea2e92af72fb:c14, adfcb6a4-90df-42a6-b615-f553bb5ddfe0:c13]
2019-09-11 06:37:00,881 [org.apache.ratis.server.impl.LogAppender$AppenderDaemon$$Lambda$521/1122258981@1580d109] ERROR ratis.XceiverServerRatis (XceiverServerRatis.java:triggerPipelineClose(568)) - pipeline Action CLOSE  on pipeline PipelineID=45f75199-ea2a-4a95-9bcb-36db4e6319db.Reason : 5fbe7820-a9fa-43af-b8cb-ea2e92af72fb has not seen follower/s 0972d9e0-1686-4378-a4cd-e26758266cbe for 157259ms adfcb6a4-90df-42a6-b615-f553bb5ddfe0 for 157258ms
2019-09-11 06:37:00,882 [org.apache.ratis.server.impl.LogAppender$AppenderDaemon$$Lambda$521/1122258981@4081a059] ERROR ratis.XceiverServerRatis (XceiverServerRatis.java:triggerPipelineClose(568)) - pipeline Action CLOSE  on pipeline PipelineID=45f75199-ea2a-4a95-9bcb-36db4e6319db.Reason : 5fbe7820-a9fa-43af-b8cb-ea2e92af72fb has not seen follower/s 0972d9e0-1686-4378-a4cd-e26758266cbe for 157259ms adfcb6a4-90df-42a6-b615-f553bb5ddfe0 for 157259ms
2019-09-11 06:37:01,381 [java.util.concurrent.ThreadPoolExecutor$Worker@1e7423d2[State = -1, empty queue]] WARN  server.GrpcLogAppender (GrpcLogAppender.java:timeoutAppendRequest(200)) - 5fbe7820-a9fa-43af-b8cb-ea2e92af72fb@group-36DB4E6319DB->0972d9e0-1686-4378-a4cd-e26758266cbe-GrpcLogAppender: appendEntries Timeout, request=5fbe7820-a9fa-43af-b8cb-ea2e92af72fb->0972d9e0-1686-4378-a4cd-e26758266cbe#234-t1, previous=(t:1, i:21), leaderCommit=14, initializing? false, entries: <empty>
2019-09-11 06:37:01,381 [java.util.concurrent.ThreadPoolExecutor$Worker@28d9cb8f[State = -1, empty queue]] WARN  server.GrpcLogAppender (GrpcLogAppender.java:timeoutAppendRequest(200)) - 5fbe7820-a9fa-43af-b8cb-ea2e92af72fb@group-36DB4E6319DB->adfcb6a4-90df-42a6-b615-f553bb5ddfe0-GrpcLogAppender: appendEntries Timeout, request=5fbe7820-a9fa-43af-b8cb-ea2e92af72fb->adfcb6a4-90df-42a6-b615-f553bb5ddfe0#234-t1, previous=(t:1, i:21), leaderCommit=14, initializing? false, entries: <empty>
2019-09-11 06:37:01,873 [EventQueue-PipelineActionsForPipelineActionHandler] ERROR pipeline.PipelineActionHandler (PipelineActionHandler.java:onMessage(60)) - Received pipeline action CLOSE for Pipeline[ Id: 45f75199-ea2a-4a95-9bcb-36db4e6319db, Nodes: adfcb6a4-90df-42a6-b615-f553bb5ddfe0{ip: 192.168.36.125, host: trunk-nightly-20190911-vpfxm-1000144475, networkLocation: /default-rack, certSerialId: null}5fbe7820-a9fa-43af-b8cb-ea2e92af72fb{ip: 192.168.36.125, host: trunk-nightly-20190911-vpfxm-1000144475, networkLocation: /default-rack, certSerialId: null}0972d9e0-1686-4378-a4cd-e26758266cbe{ip: 192.168.36.125, host: trunk-nightly-20190911-vpfxm-1000144475, networkLocation: /default-rack, certSerialId: null}, Type:RATIS, Factor:THREE, State:CLOSED] from datanode 5fbe7820-a9fa-43af-b8cb-ea2e92af72fb{ip: 192.168.36.125, host: trunk-nightly-20190911-vpfxm-1000144475, networkLocation: /default-rack, certSerialId: null}. Reason : 5fbe7820-a9fa-43af-b8cb-ea2e92af72fb has not seen follower/s 0972d9e0-1686-4378-a4cd-e26758266cbe for 157259ms adfcb6a4-90df-42a6-b615-f553bb5ddfe0 for 157258ms
2019-09-11 06:37:01,874 [EventQueue-PipelineActionsForPipelineActionHandler] INFO  pipeline.SCMPipelineManager (SCMPipelineManager.java:finalizeAndDestroyPipeline(311)) - destroying pipeline:Pipeline[ Id: 45f75199-ea2a-4a95-9bcb-36db4e6319db, Nodes: adfcb6a4-90df-42a6-b615-f553bb5ddfe0{ip: 192.168.36.125, host: trunk-nightly-20190911-vpfxm-1000144475, networkLocation: /default-rack, certSerialId: null}5fbe7820-a9fa-43af-b8cb-ea2e92af72fb{ip: 192.168.36.125, host: trunk-nightly-20190911-vpfxm-1000144475, networkLocation: /default-rack, certSerialId: null}0972d9e0-1686-4378-a4cd-e26758266cbe{ip: 192.168.36.125, host: trunk-nightly-20190911-vpfxm-1000144475, networkLocation: /default-rack, certSerialId: null}, Type:RATIS, Factor:THREE, State:CLOSED]
2019-09-11 06:37:03,383 [org.apache.ratis.server.impl.LogAppender$AppenderDaemon$$Lambda$521/1122258981@1580d109] ERROR ratis.XceiverServerRatis (XceiverServerRatis.java:triggerPipelineClose(568)) - pipeline Action CLOSE  on pipeline PipelineID=45f75199-ea2a-4a95-9bcb-36db4e6319db.Reason : 5fbe7820-a9fa-43af-b8cb-ea2e92af72fb has not seen follower/s 0972d9e0-1686-4378-a4cd-e26758266cbe for 159760ms adfcb6a4-90df-42a6-b615-f553bb5ddfe0 for 159760ms
2019-09-11 06:37:03,383 [org.apache.ratis.server.impl.LogAppender$AppenderDaemon$$Lambda$521/1122258981@4081a059] ERROR ratis.XceiverServerRatis (XceiverServerRatis.java:triggerPipelineClose(568)) - pipeline Action CLOSE  on pipeline PipelineID=45f75199-ea2a-4a95-9bcb-36db4e6319db.Reason : 5fbe7820-a9fa-43af-b8cb-ea2e92af72fb has not seen follower/s 0972d9e0-1686-4378-a4cd-e26758266cbe for 159760ms adfcb6a4-90df-42a6-b615-f553bb5ddfe0 for 159760ms
2019-09-11 06:37:03,772 [0972d9e0-1686-4378-a4cd-e26758266cbe@group-36DB4E6319DB-SegmentedRaftLogWorker] WARN  segmented.SegmentedRaftLogWorker (SegmentedRaftLogWorker.java:getFromFuture(90)) - Timeout 15/~
org.apache.ratis.protocol.TimeoutIOException: Timeout 10s: WriteLog:15: (t:1, i:15), STATEMACHINELOGENTRY, client-202F7A5D2390, cid=143-writeStateMachineData
	at org.apache.ratis.util.IOUtils.getFromFuture(IOUtils.java:87)
	at org.apache.ratis.server.raftlog.segmented.SegmentedRaftLogWorker$StateMachineDataPolicy.getFromFuture(SegmentedRaftLogWorker.java:87)
	at org.apache.ratis.server.raftlog.segmented.SegmentedRaftLogWorker$WriteLog.execute(SegmentedRaftLogWorker.java:477)
	at org.apache.ratis.server.raftlog.segmented.SegmentedRaftLogWorker.run(SegmentedRaftLogWorker.java:289)
	at java.lang.Thread.run(Thread.java:748)
Caused by: java.util.concurrent.TimeoutException
	at java.util.concurrent.CompletableFuture.timedGet(CompletableFuture.java:1771)
	at java.util.concurrent.CompletableFuture.get(CompletableFuture.java:1915)
	at org.apache.ratis.util.IOUtils.getFromFuture(IOUtils.java:79)
	... 4 more
2019-09-11 06:37:03,794 [5fbe7820-a9fa-43af-b8cb-ea2e92af72fb@group-36DB4E6319DB-SegmentedRaftLogWorker] WARN  segmented.SegmentedRaftLogWorker (SegmentedRaftLogWorker.java:getFromFuture(90)) - Timeout 15/~
org.apache.ratis.protocol.TimeoutIOException: Timeout 10s: WriteLog:15: (t:1, i:15), STATEMACHINELOGENTRY, client-202F7A5D2390, cid=143-writeStateMachineData
	at org.apache.ratis.util.IOUtils.getFromFuture(IOUtils.java:87)
	at org.apache.ratis.server.raftlog.segmented.SegmentedRaftLogWorker$StateMachineDataPolicy.getFromFuture(SegmentedRaftLogWorker.java:87)
	at org.apache.ratis.server.raftlog.segmented.SegmentedRaftLogWorker$WriteLog.execute(SegmentedRaftLogWorker.java:477)
	at org.apache.ratis.server.raftlog.segmented.SegmentedRaftLogWorker.run(SegmentedRaftLogWorker.java:289)
	at java.lang.Thread.run(Thread.java:748)
Caused by: java.util.concurrent.TimeoutException
	at java.util.concurrent.CompletableFuture.timedGet(CompletableFuture.java:1771)
	at java.util.concurrent.CompletableFuture.get(CompletableFuture.java:1915)
	at org.apache.ratis.util.IOUtils.getFromFuture(IOUtils.java:79)
	... 4 more
2019-09-11 06:37:03,841 [adfcb6a4-90df-42a6-b615-f553bb5ddfe0@group-36DB4E6319DB-SegmentedRaftLogWorker] WARN  segmented.SegmentedRaftLogWorker (SegmentedRaftLogWorker.java:getFromFuture(90)) - Timeout 15/~
org.apache.ratis.protocol.TimeoutIOException: Timeout 10s: WriteLog:16: (t:1, i:16), STATEMACHINELOGENTRY, client-202F7A5D2390, cid=144-writeStateMachineData
	at org.apache.ratis.util.IOUtils.getFromFuture(IOUtils.java:87)
	at org.apache.ratis.server.raftlog.segmented.SegmentedRaftLogWorker$StateMachineDataPolicy.getFromFuture(SegmentedRaftLogWorker.java:87)
	at org.apache.ratis.server.raftlog.segmented.SegmentedRaftLogWorker$WriteLog.execute(SegmentedRaftLogWorker.java:477)
	at org.apache.ratis.server.raftlog.segmented.SegmentedRaftLogWorker.run(SegmentedRaftLogWorker.java:289)
	at java.lang.Thread.run(Thread.java:748)
Caused by: java.util.concurrent.TimeoutException
	at java.util.concurrent.CompletableFuture.timedGet(CompletableFuture.java:1771)
	at java.util.concurrent.CompletableFuture.get(CompletableFuture.java:1915)
	at org.apache.ratis.util.IOUtils.getFromFuture(IOUtils.java:79)
	... 4 more
2019-09-11 06:37:03,872 [EventQueue-PipelineActionsForPipelineActionHandler] ERROR pipeline.PipelineActionHandler (PipelineActionHandler.java:onMessage(60)) - Received pipeline action CLOSE for Pipeline[ Id: 45f75199-ea2a-4a95-9bcb-36db4e6319db, Nodes: adfcb6a4-90df-42a6-b615-f553bb5ddfe0{ip: 192.168.36.125, host: trunk-nightly-20190911-vpfxm-1000144475, networkLocation: /default-rack, certSerialId: null}5fbe7820-a9fa-43af-b8cb-ea2e92af72fb{ip: 192.168.36.125, host: trunk-nightly-20190911-vpfxm-1000144475, networkLocation: /default-rack, certSerialId: null}0972d9e0-1686-4378-a4cd-e26758266cbe{ip: 192.168.36.125, host: trunk-nightly-20190911-vpfxm-1000144475, networkLocation: /default-rack, certSerialId: null}, Type:RATIS, Factor:THREE, State:CLOSED] from datanode 5fbe7820-a9fa-43af-b8cb-ea2e92af72fb{ip: 192.168.36.125, host: trunk-nightly-20190911-vpfxm-1000144475, networkLocation: /default-rack, certSerialId: null}. Reason : 5fbe7820-a9fa-43af-b8cb-ea2e92af72fb has not seen follower/s 0972d9e0-1686-4378-a4cd-e26758266cbe for 159760ms adfcb6a4-90df-42a6-b615-f553bb5ddfe0 for 159760ms
2019-09-11 06:37:03,872 [EventQueue-PipelineActionsForPipelineActionHandler] INFO  pipeline.SCMPipelineManager (SCMPipelineManager.java:finalizeAndDestroyPipeline(311)) - destroying pipeline:Pipeline[ Id: 45f75199-ea2a-4a95-9bcb-36db4e6319db, Nodes: adfcb6a4-90df-42a6-b615-f553bb5ddfe0{ip: 192.168.36.125, host: trunk-nightly-20190911-vpfxm-1000144475, networkLocation: /default-rack, certSerialId: null}5fbe7820-a9fa-43af-b8cb-ea2e92af72fb{ip: 192.168.36.125, host: trunk-nightly-20190911-vpfxm-1000144475, networkLocation: /default-rack, certSerialId: null}0972d9e0-1686-4378-a4cd-e26758266cbe{ip: 192.168.36.125, host: trunk-nightly-20190911-vpfxm-1000144475, networkLocation: /default-rack, certSerialId: null}, Type:RATIS, Factor:THREE, State:CLOSED]
2019-09-11 06:37:03,881 [java.util.concurrent.ThreadPoolExecutor$Worker@28d9cb8f[State = -1, empty queue]] WARN  server.GrpcLogAppender (GrpcLogAppender.java:timeoutAppendRequest(200)) - 5fbe7820-a9fa-43af-b8cb-ea2e92af72fb@group-36DB4E6319DB->adfcb6a4-90df-42a6-b615-f553bb5ddfe0-GrpcLogAppender: appendEntries Timeout, request=5fbe7820-a9fa-43af-b8cb-ea2e92af72fb->adfcb6a4-90df-42a6-b615-f553bb5ddfe0#235-t1, previous=(t:1, i:21), leaderCommit=14, initializing? false, entries: <empty>
2019-09-11 06:37:03,882 [java.util.concurrent.ThreadPoolExecutor$Worker@1e7423d2[State = -1, empty queue]] WARN  server.GrpcLogAppender (GrpcLogAppender.java:timeoutAppendRequest(200)) - 5fbe7820-a9fa-43af-b8cb-ea2e92af72fb@group-36DB4E6319DB->0972d9e0-1686-4378-a4cd-e26758266cbe-GrpcLogAppender: appendEntries Timeout, request=5fbe7820-a9fa-43af-b8cb-ea2e92af72fb->0972d9e0-1686-4378-a4cd-e26758266cbe#235-t1, previous=(t:1, i:21), leaderCommit=14, initializing? false, entries: <empty>
2019-09-11 06:37:05,152 [grpc-default-executor-10] INFO  client.GrpcClientProtocolClient (GrpcClientProtocolClient.java:onNext(264)) - client-202F7A5D2390->adfcb6a4-90df-42a6-b615-f553bb5ddfe0: receive RaftClientReply:client-202F7A5D2390->adfcb6a4-90df-42a6-b615-f553bb5ddfe0@group-36DB4E6319DB, cid=143, FAILED org.apache.ratis.protocol.NotLeaderException: Server adfcb6a4-90df-42a6-b615-f553bb5ddfe0@group-36DB4E6319DB is not the leader 5fbe7820-a9fa-43af-b8cb-ea2e92af72fb:192.168.36.125:41382, logIndex=0, commits[adfcb6a4-90df-42a6-b615-f553bb5ddfe0:c14, 5fbe7820-a9fa-43af-b8cb-ea2e92af72fb:c14, 0972d9e0-1686-4378-a4cd-e26758266cbe:c13]
2019-09-11 06:37:05,884 [org.apache.ratis.server.impl.LogAppender$AppenderDaemon$$Lambda$521/1122258981@4081a059] ERROR ratis.XceiverServerRatis (XceiverServerRatis.java:triggerPipelineClose(568)) - pipeline Action CLOSE  on pipeline PipelineID=45f75199-ea2a-4a95-9bcb-36db4e6319db.Reason : 5fbe7820-a9fa-43af-b8cb-ea2e92af72fb has not seen follower/s 0972d9e0-1686-4378-a4cd-e26758266cbe for 162261ms adfcb6a4-90df-42a6-b615-f553bb5ddfe0 for 162261ms
2019-09-11 06:37:05,884 [org.apache.ratis.server.impl.LogAppender$AppenderDaemon$$Lambda$521/1122258981@1580d109] ERROR ratis.XceiverServerRatis (XceiverServerRatis.java:triggerPipelineClose(568)) - pipeline Action CLOSE  on pipeline PipelineID=45f75199-ea2a-4a95-9bcb-36db4e6319db.Reason : 5fbe7820-a9fa-43af-b8cb-ea2e92af72fb has not seen follower/s 0972d9e0-1686-4378-a4cd-e26758266cbe for 162261ms adfcb6a4-90df-42a6-b615-f553bb5ddfe0 for 162261ms
2019-09-11 06:37:06,382 [java.util.concurrent.ThreadPoolExecutor$Worker@28d9cb8f[State = -1, empty queue]] WARN  server.GrpcLogAppender (GrpcLogAppender.java:timeoutAppendRequest(200)) - 5fbe7820-a9fa-43af-b8cb-ea2e92af72fb@group-36DB4E6319DB->adfcb6a4-90df-42a6-b615-f553bb5ddfe0-GrpcLogAppender: appendEntries Timeout, request=5fbe7820-a9fa-43af-b8cb-ea2e92af72fb->adfcb6a4-90df-42a6-b615-f553bb5ddfe0#236-t1, previous=(t:1, i:21), leaderCommit=14, initializing? false, entries: <empty>
2019-09-11 06:37:06,382 [java.util.concurrent.ThreadPoolExecutor$Worker@1e7423d2[State = -1, empty queue]] WARN  server.GrpcLogAppender (GrpcLogAppender.java:timeoutAppendRequest(200)) - 5fbe7820-a9fa-43af-b8cb-ea2e92af72fb@group-36DB4E6319DB->0972d9e0-1686-4378-a4cd-e26758266cbe-GrpcLogAppender: appendEntries Timeout, request=5fbe7820-a9fa-43af-b8cb-ea2e92af72fb->0972d9e0-1686-4378-a4cd-e26758266cbe#236-t1, previous=(t:1, i:21), leaderCommit=14, initializing? false, entries: <empty>
2019-09-11 06:37:06,873 [EventQueue-PipelineActionsForPipelineActionHandler] ERROR pipeline.PipelineActionHandler (PipelineActionHandler.java:onMessage(60)) - Received pipeline action CLOSE for Pipeline[ Id: 45f75199-ea2a-4a95-9bcb-36db4e6319db, Nodes: adfcb6a4-90df-42a6-b615-f553bb5ddfe0{ip: 192.168.36.125, host: trunk-nightly-20190911-vpfxm-1000144475, networkLocation: /default-rack, certSerialId: null}5fbe7820-a9fa-43af-b8cb-ea2e92af72fb{ip: 192.168.36.125, host: trunk-nightly-20190911-vpfxm-1000144475, networkLocation: /default-rack, certSerialId: null}0972d9e0-1686-4378-a4cd-e26758266cbe{ip: 192.168.36.125, host: trunk-nightly-20190911-vpfxm-1000144475, networkLocation: /default-rack, certSerialId: null}, Type:RATIS, Factor:THREE, State:CLOSED] from datanode 5fbe7820-a9fa-43af-b8cb-ea2e92af72fb{ip: 192.168.36.125, host: trunk-nightly-20190911-vpfxm-1000144475, networkLocation: /default-rack, certSerialId: null}. Reason : 5fbe7820-a9fa-43af-b8cb-ea2e92af72fb has not seen follower/s 0972d9e0-1686-4378-a4cd-e26758266cbe for 162261ms adfcb6a4-90df-42a6-b615-f553bb5ddfe0 for 162261ms
2019-09-11 06:37:06,874 [EventQueue-PipelineActionsForPipelineActionHandler] INFO  pipeline.SCMPipelineManager (SCMPipelineManager.java:finalizeAndDestroyPipeline(311)) - destroying pipeline:Pipeline[ Id: 45f75199-ea2a-4a95-9bcb-36db4e6319db, Nodes: adfcb6a4-90df-42a6-b615-f553bb5ddfe0{ip: 192.168.36.125, host: trunk-nightly-20190911-vpfxm-1000144475, networkLocation: /default-rack, certSerialId: null}5fbe7820-a9fa-43af-b8cb-ea2e92af72fb{ip: 192.168.36.125, host: trunk-nightly-20190911-vpfxm-1000144475, networkLocation: /default-rack, certSerialId: null}0972d9e0-1686-4378-a4cd-e26758266cbe{ip: 192.168.36.125, host: trunk-nightly-20190911-vpfxm-1000144475, networkLocation: /default-rack, certSerialId: null}, Type:RATIS, Factor:THREE, State:CLOSED]
2019-09-11 06:37:08,385 [org.apache.ratis.server.impl.LogAppender$AppenderDaemon$$Lambda$521/1122258981@4081a059] ERROR ratis.XceiverServerRatis (XceiverServerRatis.java:triggerPipelineClose(568)) - pipeline Action CLOSE  on pipeline PipelineID=45f75199-ea2a-4a95-9bcb-36db4e6319db.Reason : 5fbe7820-a9fa-43af-b8cb-ea2e92af72fb has not seen follower/s 0972d9e0-1686-4378-a4cd-e26758266cbe for 164762ms adfcb6a4-90df-42a6-b615-f553bb5ddfe0 for 164762ms
2019-09-11 06:37:08,385 [org.apache.ratis.server.impl.LogAppender$AppenderDaemon$$Lambda$521/1122258981@1580d109] ERROR ratis.XceiverServerRatis (XceiverServerRatis.java:triggerPipelineClose(568)) - pipeline Action CLOSE  on pipeline PipelineID=45f75199-ea2a-4a95-9bcb-36db4e6319db.Reason : 5fbe7820-a9fa-43af-b8cb-ea2e92af72fb has not seen follower/s 0972d9e0-1686-4378-a4cd-e26758266cbe for 164762ms adfcb6a4-90df-42a6-b615-f553bb5ddfe0 for 164762ms
2019-09-11 06:37:08,873 [EventQueue-PipelineActionsForPipelineActionHandler] ERROR pipeline.PipelineActionHandler (PipelineActionHandler.java:onMessage(60)) - Received pipeline action CLOSE for Pipeline[ Id: 45f75199-ea2a-4a95-9bcb-36db4e6319db, Nodes: adfcb6a4-90df-42a6-b615-f553bb5ddfe0{ip: 192.168.36.125, host: trunk-nightly-20190911-vpfxm-1000144475, networkLocation: /default-rack, certSerialId: null}5fbe7820-a9fa-43af-b8cb-ea2e92af72fb{ip: 192.168.36.125, host: trunk-nightly-20190911-vpfxm-1000144475, networkLocation: /default-rack, certSerialId: null}0972d9e0-1686-4378-a4cd-e26758266cbe{ip: 192.168.36.125, host: trunk-nightly-20190911-vpfxm-1000144475, networkLocation: /default-rack, certSerialId: null}, Type:RATIS, Factor:THREE, State:CLOSED] from datanode 5fbe7820-a9fa-43af-b8cb-ea2e92af72fb{ip: 192.168.36.125, host: trunk-nightly-20190911-vpfxm-1000144475, networkLocation: /default-rack, certSerialId: null}. Reason : 5fbe7820-a9fa-43af-b8cb-ea2e92af72fb has not seen follower/s 0972d9e0-1686-4378-a4cd-e26758266cbe for 164762ms adfcb6a4-90df-42a6-b615-f553bb5ddfe0 for 164762ms
2019-09-11 06:37:08,873 [EventQueue-PipelineActionsForPipelineActionHandler] INFO  pipeline.SCMPipelineManager (SCMPipelineManager.java:finalizeAndDestroyPipeline(311)) - destroying pipeline:Pipeline[ Id: 45f75199-ea2a-4a95-9bcb-36db4e6319db, Nodes: adfcb6a4-90df-42a6-b615-f553bb5ddfe0{ip: 192.168.36.125, host: trunk-nightly-20190911-vpfxm-1000144475, networkLocation: /default-rack, certSerialId: null}5fbe7820-a9fa-43af-b8cb-ea2e92af72fb{ip: 192.168.36.125, host: trunk-nightly-20190911-vpfxm-1000144475, networkLocation: /default-rack, certSerialId: null}0972d9e0-1686-4378-a4cd-e26758266cbe{ip: 192.168.36.125, host: trunk-nightly-20190911-vpfxm-1000144475, networkLocation: /default-rack, certSerialId: null}, Type:RATIS, Factor:THREE, State:CLOSED]
2019-09-11 06:37:08,884 [java.util.concurrent.ThreadPoolExecutor$Worker@1e7423d2[State = -1, empty queue]] WARN  server.GrpcLogAppender (GrpcLogAppender.java:timeoutAppendRequest(200)) - 5fbe7820-a9fa-43af-b8cb-ea2e92af72fb@group-36DB4E6319DB->0972d9e0-1686-4378-a4cd-e26758266cbe-GrpcLogAppender: appendEntries Timeout, request=5fbe7820-a9fa-43af-b8cb-ea2e92af72fb->0972d9e0-1686-4378-a4cd-e26758266cbe#237-t1, previous=(t:1, i:21), leaderCommit=14, initializing? false, entries: <empty>
2019-09-11 06:37:08,884 [java.util.concurrent.ThreadPoolExecutor$Worker@28d9cb8f[State = -1, empty queue]] WARN  server.GrpcLogAppender (GrpcLogAppender.java:timeoutAppendRequest(200)) - 5fbe7820-a9fa-43af-b8cb-ea2e92af72fb@group-36DB4E6319DB->adfcb6a4-90df-42a6-b615-f553bb5ddfe0-GrpcLogAppender: appendEntries Timeout, request=5fbe7820-a9fa-43af-b8cb-ea2e92af72fb->adfcb6a4-90df-42a6-b615-f553bb5ddfe0#237-t1, previous=(t:1, i:21), leaderCommit=14, initializing? false, entries: <empty>
2019-09-11 06:37:10,209 [grpc-default-executor-10] INFO  client.GrpcClientProtocolClient (GrpcClientProtocolClient.java:onNext(264)) - client-202F7A5D2390->adfcb6a4-90df-42a6-b615-f553bb5ddfe0: receive RaftClientReply:client-202F7A5D2390->adfcb6a4-90df-42a6-b615-f553bb5ddfe0@group-36DB4E6319DB, cid=143, FAILED org.apache.ratis.protocol.NotLeaderException: Server adfcb6a4-90df-42a6-b615-f553bb5ddfe0@group-36DB4E6319DB is not the leader 5fbe7820-a9fa-43af-b8cb-ea2e92af72fb:192.168.36.125:41382, logIndex=0, commits[adfcb6a4-90df-42a6-b615-f553bb5ddfe0:c14, 5fbe7820-a9fa-43af-b8cb-ea2e92af72fb:c14, 0972d9e0-1686-4378-a4cd-e26758266cbe:c13]
2019-09-11 06:37:10,886 [org.apache.ratis.server.impl.LogAppender$AppenderDaemon$$Lambda$521/1122258981@1580d109] ERROR ratis.XceiverServerRatis (XceiverServerRatis.java:triggerPipelineClose(568)) - pipeline Action CLOSE  on pipeline PipelineID=45f75199-ea2a-4a95-9bcb-36db4e6319db.Reason : 5fbe7820-a9fa-43af-b8cb-ea2e92af72fb has not seen follower/s 0972d9e0-1686-4378-a4cd-e26758266cbe for 167263ms adfcb6a4-90df-42a6-b615-f553bb5ddfe0 for 167263ms
2019-09-11 06:37:10,886 [org.apache.ratis.server.impl.LogAppender$AppenderDaemon$$Lambda$521/1122258981@4081a059] ERROR ratis.XceiverServerRatis (XceiverServerRatis.java:triggerPipelineClose(568)) - pipeline Action CLOSE  on pipeline PipelineID=45f75199-ea2a-4a95-9bcb-36db4e6319db.Reason : 5fbe7820-a9fa-43af-b8cb-ea2e92af72fb has not seen follower/s 0972d9e0-1686-4378-a4cd-e26758266cbe for 167263ms adfcb6a4-90df-42a6-b615-f553bb5ddfe0 for 167263ms
2019-09-11 06:37:11,385 [java.util.concurrent.ThreadPoolExecutor$Worker@28d9cb8f[State = -1, empty queue]] WARN  server.GrpcLogAppender (GrpcLogAppender.java:timeoutAppendRequest(200)) - 5fbe7820-a9fa-43af-b8cb-ea2e92af72fb@group-36DB4E6319DB->adfcb6a4-90df-42a6-b615-f553bb5ddfe0-GrpcLogAppender: appendEntries Timeout, request=5fbe7820-a9fa-43af-b8cb-ea2e92af72fb->adfcb6a4-90df-42a6-b615-f553bb5ddfe0#238-t1, previous=(t:1, i:21), leaderCommit=14, initializing? false, entries: <empty>
2019-09-11 06:37:11,385 [java.util.concurrent.ThreadPoolExecutor$Worker@1e7423d2[State = -1, empty queue]] WARN  server.GrpcLogAppender (GrpcLogAppender.java:timeoutAppendRequest(200)) - 5fbe7820-a9fa-43af-b8cb-ea2e92af72fb@group-36DB4E6319DB->0972d9e0-1686-4378-a4cd-e26758266cbe-GrpcLogAppender: appendEntries Timeout, request=5fbe7820-a9fa-43af-b8cb-ea2e92af72fb->0972d9e0-1686-4378-a4cd-e26758266cbe#238-t1, previous=(t:1, i:21), leaderCommit=14, initializing? false, entries: <empty>
2019-09-11 06:37:11,872 [EventQueue-PipelineActionsForPipelineActionHandler] ERROR pipeline.PipelineActionHandler (PipelineActionHandler.java:onMessage(60)) - Received pipeline action CLOSE for Pipeline[ Id: 45f75199-ea2a-4a95-9bcb-36db4e6319db, Nodes: adfcb6a4-90df-42a6-b615-f553bb5ddfe0{ip: 192.168.36.125, host: trunk-nightly-20190911-vpfxm-1000144475, networkLocation: /default-rack, certSerialId: null}5fbe7820-a9fa-43af-b8cb-ea2e92af72fb{ip: 192.168.36.125, host: trunk-nightly-20190911-vpfxm-1000144475, networkLocation: /default-rack, certSerialId: null}0972d9e0-1686-4378-a4cd-e26758266cbe{ip: 192.168.36.125, host: trunk-nightly-20190911-vpfxm-1000144475, networkLocation: /default-rack, certSerialId: null}, Type:RATIS, Factor:THREE, State:CLOSED] from datanode 5fbe7820-a9fa-43af-b8cb-ea2e92af72fb{ip: 192.168.36.125, host: trunk-nightly-20190911-vpfxm-1000144475, networkLocation: /default-rack, certSerialId: null}. Reason : 5fbe7820-a9fa-43af-b8cb-ea2e92af72fb has not seen follower/s 0972d9e0-1686-4378-a4cd-e26758266cbe for 167263ms adfcb6a4-90df-42a6-b615-f553bb5ddfe0 for 167263ms
2019-09-11 06:37:11,873 [EventQueue-PipelineActionsForPipelineActionHandler] INFO  pipeline.SCMPipelineManager (SCMPipelineManager.java:finalizeAndDestroyPipeline(311)) - destroying pipeline:Pipeline[ Id: 45f75199-ea2a-4a95-9bcb-36db4e6319db, Nodes: adfcb6a4-90df-42a6-b615-f553bb5ddfe0{ip: 192.168.36.125, host: trunk-nightly-20190911-vpfxm-1000144475, networkLocation: /default-rack, certSerialId: null}5fbe7820-a9fa-43af-b8cb-ea2e92af72fb{ip: 192.168.36.125, host: trunk-nightly-20190911-vpfxm-1000144475, networkLocation: /default-rack, certSerialId: null}0972d9e0-1686-4378-a4cd-e26758266cbe{ip: 192.168.36.125, host: trunk-nightly-20190911-vpfxm-1000144475, networkLocation: /default-rack, certSerialId: null}, Type:RATIS, Factor:THREE, State:CLOSED]
2019-09-11 06:37:13,387 [org.apache.ratis.server.impl.LogAppender$AppenderDaemon$$Lambda$521/1122258981@4081a059] ERROR ratis.XceiverServerRatis (XceiverServerRatis.java:triggerPipelineClose(568)) - pipeline Action CLOSE  on pipeline PipelineID=45f75199-ea2a-4a95-9bcb-36db4e6319db.Reason : 5fbe7820-a9fa-43af-b8cb-ea2e92af72fb has not seen follower/s 0972d9e0-1686-4378-a4cd-e26758266cbe for 169764ms adfcb6a4-90df-42a6-b615-f553bb5ddfe0 for 169764ms
2019-09-11 06:37:13,387 [org.apache.ratis.server.impl.LogAppender$AppenderDaemon$$Lambda$521/1122258981@1580d109] ERROR ratis.XceiverServerRatis (XceiverServerRatis.java:triggerPipelineClose(568)) - pipeline Action CLOSE  on pipeline PipelineID=45f75199-ea2a-4a95-9bcb-36db4e6319db.Reason : 5fbe7820-a9fa-43af-b8cb-ea2e92af72fb has not seen follower/s 0972d9e0-1686-4378-a4cd-e26758266cbe for 169764ms adfcb6a4-90df-42a6-b615-f553bb5ddfe0 for 169764ms
2019-09-11 06:37:13,773 [0972d9e0-1686-4378-a4cd-e26758266cbe@group-36DB4E6319DB-SegmentedRaftLogWorker] WARN  segmented.SegmentedRaftLogWorker (SegmentedRaftLogWorker.java:getFromFuture(90)) - Timeout 16/~
org.apache.ratis.protocol.TimeoutIOException: Timeout 10s: WriteLog:15: (t:1, i:15), STATEMACHINELOGENTRY, client-202F7A5D2390, cid=143-writeStateMachineData
	at org.apache.ratis.util.IOUtils.getFromFuture(IOUtils.java:87)
	at org.apache.ratis.server.raftlog.segmented.SegmentedRaftLogWorker$StateMachineDataPolicy.getFromFuture(SegmentedRaftLogWorker.java:87)
	at org.apache.ratis.server.raftlog.segmented.SegmentedRaftLogWorker$WriteLog.execute(SegmentedRaftLogWorker.java:477)
	at org.apache.ratis.server.raftlog.segmented.SegmentedRaftLogWorker.run(SegmentedRaftLogWorker.java:289)
	at java.lang.Thread.run(Thread.java:748)
Caused by: java.util.concurrent.TimeoutException
	at java.util.concurrent.CompletableFuture.timedGet(CompletableFuture.java:1771)
	at java.util.concurrent.CompletableFuture.get(CompletableFuture.java:1915)
	at org.apache.ratis.util.IOUtils.getFromFuture(IOUtils.java:79)
	... 4 more
2019-09-11 06:37:13,813 [5fbe7820-a9fa-43af-b8cb-ea2e92af72fb@group-36DB4E6319DB-SegmentedRaftLogWorker] WARN  segmented.SegmentedRaftLogWorker (SegmentedRaftLogWorker.java:getFromFuture(90)) - Timeout 16/~
org.apache.ratis.protocol.TimeoutIOException: Timeout 10s: WriteLog:15: (t:1, i:15), STATEMACHINELOGENTRY, client-202F7A5D2390, cid=143-writeStateMachineData
	at org.apache.ratis.util.IOUtils.getFromFuture(IOUtils.java:87)
	at org.apache.ratis.server.raftlog.segmented.SegmentedRaftLogWorker$StateMachineDataPolicy.getFromFuture(SegmentedRaftLogWorker.java:87)
	at org.apache.ratis.server.raftlog.segmented.SegmentedRaftLogWorker$WriteLog.execute(SegmentedRaftLogWorker.java:477)
	at org.apache.ratis.server.raftlog.segmented.SegmentedRaftLogWorker.run(SegmentedRaftLogWorker.java:289)
	at java.lang.Thread.run(Thread.java:748)
Caused by: java.util.concurrent.TimeoutException
	at java.util.concurrent.CompletableFuture.timedGet(CompletableFuture.java:1771)
	at java.util.concurrent.CompletableFuture.get(CompletableFuture.java:1915)
	at org.apache.ratis.util.IOUtils.getFromFuture(IOUtils.java:79)
	... 4 more
2019-09-11 06:37:13,842 [adfcb6a4-90df-42a6-b615-f553bb5ddfe0@group-36DB4E6319DB-SegmentedRaftLogWorker] WARN  segmented.SegmentedRaftLogWorker (SegmentedRaftLogWorker.java:getFromFuture(90)) - Timeout 16/~
org.apache.ratis.protocol.TimeoutIOException: Timeout 10s: WriteLog:16: (t:1, i:16), STATEMACHINELOGENTRY, client-202F7A5D2390, cid=144-writeStateMachineData
	at org.apache.ratis.util.IOUtils.getFromFuture(IOUtils.java:87)
	at org.apache.ratis.server.raftlog.segmented.SegmentedRaftLogWorker$StateMachineDataPolicy.getFromFuture(SegmentedRaftLogWorker.java:87)
	at org.apache.ratis.server.raftlog.segmented.SegmentedRaftLogWorker$WriteLog.execute(SegmentedRaftLogWorker.java:477)
	at org.apache.ratis.server.raftlog.segmented.SegmentedRaftLogWorker.run(SegmentedRaftLogWorker.java:289)
	at java.lang.Thread.run(Thread.java:748)
Caused by: java.util.concurrent.TimeoutException
	at java.util.concurrent.CompletableFuture.timedGet(CompletableFuture.java:1771)
	at java.util.concurrent.CompletableFuture.get(CompletableFuture.java:1915)
	at org.apache.ratis.util.IOUtils.getFromFuture(IOUtils.java:79)
	... 4 more
2019-09-11 06:37:13,872 [EventQueue-PipelineActionsForPipelineActionHandler] ERROR pipeline.PipelineActionHandler (PipelineActionHandler.java:onMessage(60)) - Received pipeline action CLOSE for Pipeline[ Id: 45f75199-ea2a-4a95-9bcb-36db4e6319db, Nodes: adfcb6a4-90df-42a6-b615-f553bb5ddfe0{ip: 192.168.36.125, host: trunk-nightly-20190911-vpfxm-1000144475, networkLocation: /default-rack, certSerialId: null}5fbe7820-a9fa-43af-b8cb-ea2e92af72fb{ip: 192.168.36.125, host: trunk-nightly-20190911-vpfxm-1000144475, networkLocation: /default-rack, certSerialId: null}0972d9e0-1686-4378-a4cd-e26758266cbe{ip: 192.168.36.125, host: trunk-nightly-20190911-vpfxm-1000144475, networkLocation: /default-rack, certSerialId: null}, Type:RATIS, Factor:THREE, State:CLOSED] from datanode 5fbe7820-a9fa-43af-b8cb-ea2e92af72fb{ip: 192.168.36.125, host: trunk-nightly-20190911-vpfxm-1000144475, networkLocation: /default-rack, certSerialId: null}. Reason : 5fbe7820-a9fa-43af-b8cb-ea2e92af72fb has not seen follower/s 0972d9e0-1686-4378-a4cd-e26758266cbe for 169764ms adfcb6a4-90df-42a6-b615-f553bb5ddfe0 for 169764ms
2019-09-11 06:37:13,872 [EventQueue-PipelineActionsForPipelineActionHandler] INFO  pipeline.SCMPipelineManager (SCMPipelineManager.java:finalizeAndDestroyPipeline(311)) - destroying pipeline:Pipeline[ Id: 45f75199-ea2a-4a95-9bcb-36db4e6319db, Nodes: adfcb6a4-90df-42a6-b615-f553bb5ddfe0{ip: 192.168.36.125, host: trunk-nightly-20190911-vpfxm-1000144475, networkLocation: /default-rack, certSerialId: null}5fbe7820-a9fa-43af-b8cb-ea2e92af72fb{ip: 192.168.36.125, host: trunk-nightly-20190911-vpfxm-1000144475, networkLocation: /default-rack, certSerialId: null}0972d9e0-1686-4378-a4cd-e26758266cbe{ip: 192.168.36.125, host: trunk-nightly-20190911-vpfxm-1000144475, networkLocation: /default-rack, certSerialId: null}, Type:RATIS, Factor:THREE, State:CLOSED]
2019-09-11 06:37:13,886 [java.util.concurrent.ThreadPoolExecutor$Worker@1e7423d2[State = -1, empty queue]] WARN  server.GrpcLogAppender (GrpcLogAppender.java:timeoutAppendRequest(200)) - 5fbe7820-a9fa-43af-b8cb-ea2e92af72fb@group-36DB4E6319DB->0972d9e0-1686-4378-a4cd-e26758266cbe-GrpcLogAppender: appendEntries Timeout, request=5fbe7820-a9fa-43af-b8cb-ea2e92af72fb->0972d9e0-1686-4378-a4cd-e26758266cbe#239-t1, previous=(t:1, i:21), leaderCommit=14, initializing? false, entries: <empty>
2019-09-11 06:37:13,886 [java.util.concurrent.ThreadPoolExecutor$Worker@28d9cb8f[State = -1, empty queue]] WARN  server.GrpcLogAppender (GrpcLogAppender.java:timeoutAppendRequest(200)) - 5fbe7820-a9fa-43af-b8cb-ea2e92af72fb@group-36DB4E6319DB->adfcb6a4-90df-42a6-b615-f553bb5ddfe0-GrpcLogAppender: appendEntries Timeout, request=5fbe7820-a9fa-43af-b8cb-ea2e92af72fb->adfcb6a4-90df-42a6-b615-f553bb5ddfe0#239-t1, previous=(t:1, i:21), leaderCommit=14, initializing? false, entries: <empty>
2019-09-11 06:37:15,262 [grpc-default-executor-10] INFO  client.GrpcClientProtocolClient (GrpcClientProtocolClient.java:onNext(264)) - client-202F7A5D2390->0972d9e0-1686-4378-a4cd-e26758266cbe: receive RaftClientReply:client-202F7A5D2390->0972d9e0-1686-4378-a4cd-e26758266cbe@group-36DB4E6319DB, cid=143, FAILED org.apache.ratis.protocol.NotLeaderException: Server 0972d9e0-1686-4378-a4cd-e26758266cbe@group-36DB4E6319DB is not the leader 5fbe7820-a9fa-43af-b8cb-ea2e92af72fb:192.168.36.125:41382, logIndex=0, commits[0972d9e0-1686-4378-a4cd-e26758266cbe:c14, 5fbe7820-a9fa-43af-b8cb-ea2e92af72fb:c14, adfcb6a4-90df-42a6-b615-f553bb5ddfe0:c13]
2019-09-11 06:37:15,888 [org.apache.ratis.server.impl.LogAppender$AppenderDaemon$$Lambda$521/1122258981@1580d109] ERROR ratis.XceiverServerRatis (XceiverServerRatis.java:triggerPipelineClose(568)) - pipeline Action CLOSE  on pipeline PipelineID=45f75199-ea2a-4a95-9bcb-36db4e6319db.Reason : 5fbe7820-a9fa-43af-b8cb-ea2e92af72fb has not seen follower/s 0972d9e0-1686-4378-a4cd-e26758266cbe for 172265ms adfcb6a4-90df-42a6-b615-f553bb5ddfe0 for 172265ms
2019-09-11 06:37:15,888 [org.apache.ratis.server.impl.LogAppender$AppenderDaemon$$Lambda$521/1122258981@4081a059] ERROR ratis.XceiverServerRatis (XceiverServerRatis.java:triggerPipelineClose(568)) - pipeline Action CLOSE  on pipeline PipelineID=45f75199-ea2a-4a95-9bcb-36db4e6319db.Reason : 5fbe7820-a9fa-43af-b8cb-ea2e92af72fb has not seen follower/s 0972d9e0-1686-4378-a4cd-e26758266cbe for 172265ms adfcb6a4-90df-42a6-b615-f553bb5ddfe0 for 172265ms
2019-09-11 06:37:16,387 [java.util.concurrent.ThreadPoolExecutor$Worker@1e7423d2[State = -1, empty queue]] WARN  server.GrpcLogAppender (GrpcLogAppender.java:timeoutAppendRequest(200)) - 5fbe7820-a9fa-43af-b8cb-ea2e92af72fb@group-36DB4E6319DB->0972d9e0-1686-4378-a4cd-e26758266cbe-GrpcLogAppender: appendEntries Timeout, request=5fbe7820-a9fa-43af-b8cb-ea2e92af72fb->0972d9e0-1686-4378-a4cd-e26758266cbe#240-t1, previous=(t:1, i:21), leaderCommit=14, initializing? false, entries: <empty>
2019-09-11 06:37:16,387 [java.util.concurrent.ThreadPoolExecutor$Worker@28d9cb8f[State = -1, empty queue]] WARN  server.GrpcLogAppender (GrpcLogAppender.java:timeoutAppendRequest(200)) - 5fbe7820-a9fa-43af-b8cb-ea2e92af72fb@group-36DB4E6319DB->adfcb6a4-90df-42a6-b615-f553bb5ddfe0-GrpcLogAppender: appendEntries Timeout, request=5fbe7820-a9fa-43af-b8cb-ea2e92af72fb->adfcb6a4-90df-42a6-b615-f553bb5ddfe0#240-t1, previous=(t:1, i:21), leaderCommit=14, initializing? false, entries: <empty>
2019-09-11 06:37:16,874 [EventQueue-PipelineActionsForPipelineActionHandler] ERROR pipeline.PipelineActionHandler (PipelineActionHandler.java:onMessage(60)) - Received pipeline action CLOSE for Pipeline[ Id: 45f75199-ea2a-4a95-9bcb-36db4e6319db, Nodes: adfcb6a4-90df-42a6-b615-f553bb5ddfe0{ip: 192.168.36.125, host: trunk-nightly-20190911-vpfxm-1000144475, networkLocation: /default-rack, certSerialId: null}5fbe7820-a9fa-43af-b8cb-ea2e92af72fb{ip: 192.168.36.125, host: trunk-nightly-20190911-vpfxm-1000144475, networkLocation: /default-rack, certSerialId: null}0972d9e0-1686-4378-a4cd-e26758266cbe{ip: 192.168.36.125, host: trunk-nightly-20190911-vpfxm-1000144475, networkLocation: /default-rack, certSerialId: null}, Type:RATIS, Factor:THREE, State:CLOSED] from datanode 5fbe7820-a9fa-43af-b8cb-ea2e92af72fb{ip: 192.168.36.125, host: trunk-nightly-20190911-vpfxm-1000144475, networkLocation: /default-rack, certSerialId: null}. Reason : 5fbe7820-a9fa-43af-b8cb-ea2e92af72fb has not seen follower/s 0972d9e0-1686-4378-a4cd-e26758266cbe for 172265ms adfcb6a4-90df-42a6-b615-f553bb5ddfe0 for 172265ms
2019-09-11 06:37:16,874 [EventQueue-PipelineActionsForPipelineActionHandler] INFO  pipeline.SCMPipelineManager (SCMPipelineManager.java:finalizeAndDestroyPipeline(311)) - destroying pipeline:Pipeline[ Id: 45f75199-ea2a-4a95-9bcb-36db4e6319db, Nodes: adfcb6a4-90df-42a6-b615-f553bb5ddfe0{ip: 192.168.36.125, host: trunk-nightly-20190911-vpfxm-1000144475, networkLocation: /default-rack, certSerialId: null}5fbe7820-a9fa-43af-b8cb-ea2e92af72fb{ip: 192.168.36.125, host: trunk-nightly-20190911-vpfxm-1000144475, networkLocation: /default-rack, certSerialId: null}0972d9e0-1686-4378-a4cd-e26758266cbe{ip: 192.168.36.125, host: trunk-nightly-20190911-vpfxm-1000144475, networkLocation: /default-rack, certSerialId: null}, Type:RATIS, Factor:THREE, State:CLOSED]
2019-09-11 06:37:18,388 [org.apache.ratis.server.impl.LogAppender$AppenderDaemon$$Lambda$521/1122258981@1580d109] ERROR ratis.XceiverServerRatis (XceiverServerRatis.java:triggerPipelineClose(568)) - pipeline Action CLOSE  on pipeline PipelineID=45f75199-ea2a-4a95-9bcb-36db4e6319db.Reason : 5fbe7820-a9fa-43af-b8cb-ea2e92af72fb has not seen follower/s 0972d9e0-1686-4378-a4cd-e26758266cbe for 174766ms adfcb6a4-90df-42a6-b615-f553bb5ddfe0 for 174766ms
2019-09-11 06:37:18,388 [org.apache.ratis.server.impl.LogAppender$AppenderDaemon$$Lambda$521/1122258981@4081a059] ERROR ratis.XceiverServerRatis (XceiverServerRatis.java:triggerPipelineClose(568)) - pipeline Action CLOSE  on pipeline PipelineID=45f75199-ea2a-4a95-9bcb-36db4e6319db.Reason : 5fbe7820-a9fa-43af-b8cb-ea2e92af72fb has not seen follower/s 0972d9e0-1686-4378-a4cd-e26758266cbe for 174766ms adfcb6a4-90df-42a6-b615-f553bb5ddfe0 for 174766ms
2019-09-11 06:37:18,874 [EventQueue-PipelineActionsForPipelineActionHandler] ERROR pipeline.PipelineActionHandler (PipelineActionHandler.java:onMessage(60)) - Received pipeline action CLOSE for Pipeline[ Id: 45f75199-ea2a-4a95-9bcb-36db4e6319db, Nodes: adfcb6a4-90df-42a6-b615-f553bb5ddfe0{ip: 192.168.36.125, host: trunk-nightly-20190911-vpfxm-1000144475, networkLocation: /default-rack, certSerialId: null}5fbe7820-a9fa-43af-b8cb-ea2e92af72fb{ip: 192.168.36.125, host: trunk-nightly-20190911-vpfxm-1000144475, networkLocation: /default-rack, certSerialId: null}0972d9e0-1686-4378-a4cd-e26758266cbe{ip: 192.168.36.125, host: trunk-nightly-20190911-vpfxm-1000144475, networkLocation: /default-rack, certSerialId: null}, Type:RATIS, Factor:THREE, State:CLOSED] from datanode 5fbe7820-a9fa-43af-b8cb-ea2e92af72fb{ip: 192.168.36.125, host: trunk-nightly-20190911-vpfxm-1000144475, networkLocation: /default-rack, certSerialId: null}. Reason : 5fbe7820-a9fa-43af-b8cb-ea2e92af72fb has not seen follower/s 0972d9e0-1686-4378-a4cd-e26758266cbe for 174766ms adfcb6a4-90df-42a6-b615-f553bb5ddfe0 for 174766ms
2019-09-11 06:37:18,874 [EventQueue-PipelineActionsForPipelineActionHandler] INFO  pipeline.SCMPipelineManager (SCMPipelineManager.java:finalizeAndDestroyPipeline(311)) - destroying pipeline:Pipeline[ Id: 45f75199-ea2a-4a95-9bcb-36db4e6319db, Nodes: adfcb6a4-90df-42a6-b615-f553bb5ddfe0{ip: 192.168.36.125, host: trunk-nightly-20190911-vpfxm-1000144475, networkLocation: /default-rack, certSerialId: null}5fbe7820-a9fa-43af-b8cb-ea2e92af72fb{ip: 192.168.36.125, host: trunk-nightly-20190911-vpfxm-1000144475, networkLocation: /default-rack, certSerialId: null}0972d9e0-1686-4378-a4cd-e26758266cbe{ip: 192.168.36.125, host: trunk-nightly-20190911-vpfxm-1000144475, networkLocation: /default-rack, certSerialId: null}, Type:RATIS, Factor:THREE, State:CLOSED]
2019-09-11 06:37:18,888 [java.util.concurrent.ThreadPoolExecutor$Worker@28d9cb8f[State = -1, empty queue]] WARN  server.GrpcLogAppender (GrpcLogAppender.java:timeoutAppendRequest(200)) - 5fbe7820-a9fa-43af-b8cb-ea2e92af72fb@group-36DB4E6319DB->adfcb6a4-90df-42a6-b615-f553bb5ddfe0-GrpcLogAppender: appendEntries Timeout, request=5fbe7820-a9fa-43af-b8cb-ea2e92af72fb->adfcb6a4-90df-42a6-b615-f553bb5ddfe0#241-t1, previous=(t:1, i:21), leaderCommit=14, initializing? false, entries: <empty>
2019-09-11 06:37:18,888 [java.util.concurrent.ThreadPoolExecutor$Worker@1e7423d2[State = -1, empty queue]] WARN  server.GrpcLogAppender (GrpcLogAppender.java:timeoutAppendRequest(200)) - 5fbe7820-a9fa-43af-b8cb-ea2e92af72fb@group-36DB4E6319DB->0972d9e0-1686-4378-a4cd-e26758266cbe-GrpcLogAppender: appendEntries Timeout, request=5fbe7820-a9fa-43af-b8cb-ea2e92af72fb->0972d9e0-1686-4378-a4cd-e26758266cbe#241-t1, previous=(t:1, i:21), leaderCommit=14, initializing? false, entries: <empty>
2019-09-11 06:37:20,311 [grpc-default-executor-7] INFO  client.GrpcClientProtocolClient (GrpcClientProtocolClient.java:onNext(264)) - client-202F7A5D2390->adfcb6a4-90df-42a6-b615-f553bb5ddfe0: receive RaftClientReply:client-202F7A5D2390->adfcb6a4-90df-42a6-b615-f553bb5ddfe0@group-36DB4E6319DB, cid=143, FAILED org.apache.ratis.protocol.NotLeaderException: Server adfcb6a4-90df-42a6-b615-f553bb5ddfe0@group-36DB4E6319DB is not the leader 5fbe7820-a9fa-43af-b8cb-ea2e92af72fb:192.168.36.125:41382, logIndex=0, commits[adfcb6a4-90df-42a6-b615-f553bb5ddfe0:c14, 5fbe7820-a9fa-43af-b8cb-ea2e92af72fb:c14, 0972d9e0-1686-4378-a4cd-e26758266cbe:c13]
2019-09-11 06:37:20,889 [org.apache.ratis.server.impl.LogAppender$AppenderDaemon$$Lambda$521/1122258981@4081a059] ERROR ratis.XceiverServerRatis (XceiverServerRatis.java:triggerPipelineClose(568)) - pipeline Action CLOSE  on pipeline PipelineID=45f75199-ea2a-4a95-9bcb-36db4e6319db.Reason : 5fbe7820-a9fa-43af-b8cb-ea2e92af72fb has not seen follower/s 0972d9e0-1686-4378-a4cd-e26758266cbe for 177267ms adfcb6a4-90df-42a6-b615-f553bb5ddfe0 for 177266ms
2019-09-11 06:37:20,889 [org.apache.ratis.server.impl.LogAppender$AppenderDaemon$$Lambda$521/1122258981@1580d109] ERROR ratis.XceiverServerRatis (XceiverServerRatis.java:triggerPipelineClose(568)) - pipeline Action CLOSE  on pipeline PipelineID=45f75199-ea2a-4a95-9bcb-36db4e6319db.Reason : 5fbe7820-a9fa-43af-b8cb-ea2e92af72fb has not seen follower/s 0972d9e0-1686-4378-a4cd-e26758266cbe for 177267ms adfcb6a4-90df-42a6-b615-f553bb5ddfe0 for 177266ms
2019-09-11 06:37:21,388 [java.util.concurrent.ThreadPoolExecutor$Worker@28d9cb8f[State = -1, empty queue]] WARN  server.GrpcLogAppender (GrpcLogAppender.java:timeoutAppendRequest(200)) - 5fbe7820-a9fa-43af-b8cb-ea2e92af72fb@group-36DB4E6319DB->adfcb6a4-90df-42a6-b615-f553bb5ddfe0-GrpcLogAppender: appendEntries Timeout, request=5fbe7820-a9fa-43af-b8cb-ea2e92af72fb->adfcb6a4-90df-42a6-b615-f553bb5ddfe0#242-t1, previous=(t:1, i:21), leaderCommit=14, initializing? false, entries: <empty>
2019-09-11 06:37:21,388 [java.util.concurrent.ThreadPoolExecutor$Worker@1e7423d2[State = -1, empty queue]] WARN  server.GrpcLogAppender (GrpcLogAppender.java:timeoutAppendRequest(200)) - 5fbe7820-a9fa-43af-b8cb-ea2e92af72fb@group-36DB4E6319DB->0972d9e0-1686-4378-a4cd-e26758266cbe-GrpcLogAppender: appendEntries Timeout, request=5fbe7820-a9fa-43af-b8cb-ea2e92af72fb->0972d9e0-1686-4378-a4cd-e26758266cbe#242-t1, previous=(t:1, i:21), leaderCommit=14, initializing? false, entries: <empty>
2019-09-11 06:37:21,874 [EventQueue-PipelineActionsForPipelineActionHandler] ERROR pipeline.PipelineActionHandler (PipelineActionHandler.java:onMessage(60)) - Received pipeline action CLOSE for Pipeline[ Id: 45f75199-ea2a-4a95-9bcb-36db4e6319db, Nodes: adfcb6a4-90df-42a6-b615-f553bb5ddfe0{ip: 192.168.36.125, host: trunk-nightly-20190911-vpfxm-1000144475, networkLocation: /default-rack, certSerialId: null}5fbe7820-a9fa-43af-b8cb-ea2e92af72fb{ip: 192.168.36.125, host: trunk-nightly-20190911-vpfxm-1000144475, networkLocation: /default-rack, certSerialId: null}0972d9e0-1686-4378-a4cd-e26758266cbe{ip: 192.168.36.125, host: trunk-nightly-20190911-vpfxm-1000144475, networkLocation: /default-rack, certSerialId: null}, Type:RATIS, Factor:THREE, State:CLOSED] from datanode 5fbe7820-a9fa-43af-b8cb-ea2e92af72fb{ip: 192.168.36.125, host: trunk-nightly-20190911-vpfxm-1000144475, networkLocation: /default-rack, certSerialId: null}. Reason : 5fbe7820-a9fa-43af-b8cb-ea2e92af72fb has not seen follower/s 0972d9e0-1686-4378-a4cd-e26758266cbe for 177267ms adfcb6a4-90df-42a6-b615-f553bb5ddfe0 for 177266ms
2019-09-11 06:37:21,874 [EventQueue-PipelineActionsForPipelineActionHandler] INFO  pipeline.SCMPipelineManager (SCMPipelineManager.java:finalizeAndDestroyPipeline(311)) - destroying pipeline:Pipeline[ Id: 45f75199-ea2a-4a95-9bcb-36db4e6319db, Nodes: adfcb6a4-90df-42a6-b615-f553bb5ddfe0{ip: 192.168.36.125, host: trunk-nightly-20190911-vpfxm-1000144475, networkLocation: /default-rack, certSerialId: null}5fbe7820-a9fa-43af-b8cb-ea2e92af72fb{ip: 192.168.36.125, host: trunk-nightly-20190911-vpfxm-1000144475, networkLocation: /default-rack, certSerialId: null}0972d9e0-1686-4378-a4cd-e26758266cbe{ip: 192.168.36.125, host: trunk-nightly-20190911-vpfxm-1000144475, networkLocation: /default-rack, certSerialId: null}, Type:RATIS, Factor:THREE, State:CLOSED]
2019-09-11 06:37:23,390 [org.apache.ratis.server.impl.LogAppender$AppenderDaemon$$Lambda$521/1122258981@4081a059] ERROR ratis.XceiverServerRatis (XceiverServerRatis.java:triggerPipelineClose(568)) - pipeline Action CLOSE  on pipeline PipelineID=45f75199-ea2a-4a95-9bcb-36db4e6319db.Reason : 5fbe7820-a9fa-43af-b8cb-ea2e92af72fb has not seen follower/s 0972d9e0-1686-4378-a4cd-e26758266cbe for 179767ms adfcb6a4-90df-42a6-b615-f553bb5ddfe0 for 179767ms
2019-09-11 06:37:23,390 [org.apache.ratis.server.impl.LogAppender$AppenderDaemon$$Lambda$521/1122258981@1580d109] ERROR ratis.XceiverServerRatis (XceiverServerRatis.java:triggerPipelineClose(568)) - pipeline Action CLOSE  on pipeline PipelineID=45f75199-ea2a-4a95-9bcb-36db4e6319db.Reason : 5fbe7820-a9fa-43af-b8cb-ea2e92af72fb has not seen follower/s 0972d9e0-1686-4378-a4cd-e26758266cbe for 179767ms adfcb6a4-90df-42a6-b615-f553bb5ddfe0 for 179767ms
2019-09-11 06:37:23,774 [0972d9e0-1686-4378-a4cd-e26758266cbe@group-36DB4E6319DB-SegmentedRaftLogWorker] WARN  segmented.SegmentedRaftLogWorker (SegmentedRaftLogWorker.java:getFromFuture(90)) - Timeout 17/~
org.apache.ratis.protocol.TimeoutIOException: Timeout 10s: WriteLog:15: (t:1, i:15), STATEMACHINELOGENTRY, client-202F7A5D2390, cid=143-writeStateMachineData
	at org.apache.ratis.util.IOUtils.getFromFuture(IOUtils.java:87)
	at org.apache.ratis.server.raftlog.segmented.SegmentedRaftLogWorker$StateMachineDataPolicy.getFromFuture(SegmentedRaftLogWorker.java:87)
	at org.apache.ratis.server.raftlog.segmented.SegmentedRaftLogWorker$WriteLog.execute(SegmentedRaftLogWorker.java:477)
	at org.apache.ratis.server.raftlog.segmented.SegmentedRaftLogWorker.run(SegmentedRaftLogWorker.java:289)
	at java.lang.Thread.run(Thread.java:748)
Caused by: java.util.concurrent.TimeoutException
	at java.util.concurrent.CompletableFuture.timedGet(CompletableFuture.java:1771)
	at java.util.concurrent.CompletableFuture.get(CompletableFuture.java:1915)
	at org.apache.ratis.util.IOUtils.getFromFuture(IOUtils.java:79)
	... 4 more
2019-09-11 06:37:23,814 [5fbe7820-a9fa-43af-b8cb-ea2e92af72fb@group-36DB4E6319DB-SegmentedRaftLogWorker] WARN  segmented.SegmentedRaftLogWorker (SegmentedRaftLogWorker.java:getFromFuture(90)) - Timeout 17/~
org.apache.ratis.protocol.TimeoutIOException: Timeout 10s: WriteLog:15: (t:1, i:15), STATEMACHINELOGENTRY, client-202F7A5D2390, cid=143-writeStateMachineData
	at org.apache.ratis.util.IOUtils.getFromFuture(IOUtils.java:87)
	at org.apache.ratis.server.raftlog.segmented.SegmentedRaftLogWorker$StateMachineDataPolicy.getFromFuture(SegmentedRaftLogWorker.java:87)
	at org.apache.ratis.server.raftlog.segmented.SegmentedRaftLogWorker$WriteLog.execute(SegmentedRaftLogWorker.java:477)
	at org.apache.ratis.server.raftlog.segmented.SegmentedRaftLogWorker.run(SegmentedRaftLogWorker.java:289)
	at java.lang.Thread.run(Thread.java:748)
Caused by: java.util.concurrent.TimeoutException
	at java.util.concurrent.CompletableFuture.timedGet(CompletableFuture.java:1771)
	at java.util.concurrent.CompletableFuture.get(CompletableFuture.java:1915)
	at org.apache.ratis.util.IOUtils.getFromFuture(IOUtils.java:79)
	... 4 more
2019-09-11 06:37:23,842 [adfcb6a4-90df-42a6-b615-f553bb5ddfe0@group-36DB4E6319DB-SegmentedRaftLogWorker] WARN  segmented.SegmentedRaftLogWorker (SegmentedRaftLogWorker.java:getFromFuture(90)) - Timeout 17/~
org.apache.ratis.protocol.TimeoutIOException: Timeout 10s: WriteLog:16: (t:1, i:16), STATEMACHINELOGENTRY, client-202F7A5D2390, cid=144-writeStateMachineData
	at org.apache.ratis.util.IOUtils.getFromFuture(IOUtils.java:87)
	at org.apache.ratis.server.raftlog.segmented.SegmentedRaftLogWorker$StateMachineDataPolicy.getFromFuture(SegmentedRaftLogWorker.java:87)
	at org.apache.ratis.server.raftlog.segmented.SegmentedRaftLogWorker$WriteLog.execute(SegmentedRaftLogWorker.java:477)
	at org.apache.ratis.server.raftlog.segmented.SegmentedRaftLogWorker.run(SegmentedRaftLogWorker.java:289)
	at java.lang.Thread.run(Thread.java:748)
Caused by: java.util.concurrent.TimeoutException
	at java.util.concurrent.CompletableFuture.timedGet(CompletableFuture.java:1771)
	at java.util.concurrent.CompletableFuture.get(CompletableFuture.java:1915)
	at org.apache.ratis.util.IOUtils.getFromFuture(IOUtils.java:79)
	... 4 more
2019-09-11 06:37:23,873 [EventQueue-PipelineActionsForPipelineActionHandler] ERROR pipeline.PipelineActionHandler (PipelineActionHandler.java:onMessage(60)) - Received pipeline action CLOSE for Pipeline[ Id: 45f75199-ea2a-4a95-9bcb-36db4e6319db, Nodes: adfcb6a4-90df-42a6-b615-f553bb5ddfe0{ip: 192.168.36.125, host: trunk-nightly-20190911-vpfxm-1000144475, networkLocation: /default-rack, certSerialId: null}5fbe7820-a9fa-43af-b8cb-ea2e92af72fb{ip: 192.168.36.125, host: trunk-nightly-20190911-vpfxm-1000144475, networkLocation: /default-rack, certSerialId: null}0972d9e0-1686-4378-a4cd-e26758266cbe{ip: 192.168.36.125, host: trunk-nightly-20190911-vpfxm-1000144475, networkLocation: /default-rack, certSerialId: null}, Type:RATIS, Factor:THREE, State:CLOSED] from datanode 5fbe7820-a9fa-43af-b8cb-ea2e92af72fb{ip: 192.168.36.125, host: trunk-nightly-20190911-vpfxm-1000144475, networkLocation: /default-rack, certSerialId: null}. Reason : 5fbe7820-a9fa-43af-b8cb-ea2e92af72fb has not seen follower/s 0972d9e0-1686-4378-a4cd-e26758266cbe for 179767ms adfcb6a4-90df-42a6-b615-f553bb5ddfe0 for 179767ms
2019-09-11 06:37:23,873 [EventQueue-PipelineActionsForPipelineActionHandler] INFO  pipeline.SCMPipelineManager (SCMPipelineManager.java:finalizeAndDestroyPipeline(311)) - destroying pipeline:Pipeline[ Id: 45f75199-ea2a-4a95-9bcb-36db4e6319db, Nodes: adfcb6a4-90df-42a6-b615-f553bb5ddfe0{ip: 192.168.36.125, host: trunk-nightly-20190911-vpfxm-1000144475, networkLocation: /default-rack, certSerialId: null}5fbe7820-a9fa-43af-b8cb-ea2e92af72fb{ip: 192.168.36.125, host: trunk-nightly-20190911-vpfxm-1000144475, networkLocation: /default-rack, certSerialId: null}0972d9e0-1686-4378-a4cd-e26758266cbe{ip: 192.168.36.125, host: trunk-nightly-20190911-vpfxm-1000144475, networkLocation: /default-rack, certSerialId: null}, Type:RATIS, Factor:THREE, State:CLOSED]
2019-09-11 06:37:23,889 [java.util.concurrent.ThreadPoolExecutor$Worker@1e7423d2[State = -1, empty queue]] WARN  server.GrpcLogAppender (GrpcLogAppender.java:timeoutAppendRequest(200)) - 5fbe7820-a9fa-43af-b8cb-ea2e92af72fb@group-36DB4E6319DB->0972d9e0-1686-4378-a4cd-e26758266cbe-GrpcLogAppender: appendEntries Timeout, request=5fbe7820-a9fa-43af-b8cb-ea2e92af72fb->0972d9e0-1686-4378-a4cd-e26758266cbe#243-t1, previous=(t:1, i:21), leaderCommit=14, initializing? false, entries: <empty>
2019-09-11 06:37:23,889 [java.util.concurrent.ThreadPoolExecutor$Worker@28d9cb8f[State = -1, empty queue]] WARN  server.GrpcLogAppender (GrpcLogAppender.java:timeoutAppendRequest(200)) - 5fbe7820-a9fa-43af-b8cb-ea2e92af72fb@group-36DB4E6319DB->adfcb6a4-90df-42a6-b615-f553bb5ddfe0-GrpcLogAppender: appendEntries Timeout, request=5fbe7820-a9fa-43af-b8cb-ea2e92af72fb->adfcb6a4-90df-42a6-b615-f553bb5ddfe0#243-t1, previous=(t:1, i:21), leaderCommit=14, initializing? false, entries: <empty>
2019-09-11 06:37:25,348 [grpc-default-executor-8] INFO  client.GrpcClientProtocolClient (GrpcClientProtocolClient.java:onNext(264)) - client-202F7A5D2390->0972d9e0-1686-4378-a4cd-e26758266cbe: receive RaftClientReply:client-202F7A5D2390->0972d9e0-1686-4378-a4cd-e26758266cbe@group-36DB4E6319DB, cid=143, FAILED org.apache.ratis.protocol.NotLeaderException: Server 0972d9e0-1686-4378-a4cd-e26758266cbe@group-36DB4E6319DB is not the leader 5fbe7820-a9fa-43af-b8cb-ea2e92af72fb:192.168.36.125:41382, logIndex=0, commits[0972d9e0-1686-4378-a4cd-e26758266cbe:c14, 5fbe7820-a9fa-43af-b8cb-ea2e92af72fb:c14, adfcb6a4-90df-42a6-b615-f553bb5ddfe0:c13]
2019-09-11 06:37:25,891 [org.apache.ratis.server.impl.LogAppender$AppenderDaemon$$Lambda$521/1122258981@1580d109] ERROR ratis.XceiverServerRatis (XceiverServerRatis.java:triggerPipelineClose(568)) - pipeline Action CLOSE  on pipeline PipelineID=45f75199-ea2a-4a95-9bcb-36db4e6319db.Reason : 5fbe7820-a9fa-43af-b8cb-ea2e92af72fb has not seen follower/s 0972d9e0-1686-4378-a4cd-e26758266cbe for 182268ms adfcb6a4-90df-42a6-b615-f553bb5ddfe0 for 182268ms
2019-09-11 06:37:25,891 [org.apache.ratis.server.impl.LogAppender$AppenderDaemon$$Lambda$521/1122258981@4081a059] ERROR ratis.XceiverServerRatis (XceiverServerRatis.java:triggerPipelineClose(568)) - pipeline Action CLOSE  on pipeline PipelineID=45f75199-ea2a-4a95-9bcb-36db4e6319db.Reason : 5fbe7820-a9fa-43af-b8cb-ea2e92af72fb has not seen follower/s 0972d9e0-1686-4378-a4cd-e26758266cbe for 182268ms adfcb6a4-90df-42a6-b615-f553bb5ddfe0 for 182268ms
2019-09-11 06:37:26,390 [java.util.concurrent.ThreadPoolExecutor$Worker@1e7423d2[State = -1, empty queue]] WARN  server.GrpcLogAppender (GrpcLogAppender.java:timeoutAppendRequest(200)) - 5fbe7820-a9fa-43af-b8cb-ea2e92af72fb@group-36DB4E6319DB->0972d9e0-1686-4378-a4cd-e26758266cbe-GrpcLogAppender: appendEntries Timeout, request=5fbe7820-a9fa-43af-b8cb-ea2e92af72fb->0972d9e0-1686-4378-a4cd-e26758266cbe#244-t1, previous=(t:1, i:21), leaderCommit=14, initializing? false, entries: <empty>
2019-09-11 06:37:26,390 [java.util.concurrent.ThreadPoolExecutor$Worker@28d9cb8f[State = -1, empty queue]] WARN  server.GrpcLogAppender (GrpcLogAppender.java:timeoutAppendRequest(200)) - 5fbe7820-a9fa-43af-b8cb-ea2e92af72fb@group-36DB4E6319DB->adfcb6a4-90df-42a6-b615-f553bb5ddfe0-GrpcLogAppender: appendEntries Timeout, request=5fbe7820-a9fa-43af-b8cb-ea2e92af72fb->adfcb6a4-90df-42a6-b615-f553bb5ddfe0#244-t1, previous=(t:1, i:21), leaderCommit=14, initializing? false, entries: <empty>
2019-09-11 06:37:26,874 [EventQueue-PipelineActionsForPipelineActionHandler] ERROR pipeline.PipelineActionHandler (PipelineActionHandler.java:onMessage(60)) - Received pipeline action CLOSE for Pipeline[ Id: 45f75199-ea2a-4a95-9bcb-36db4e6319db, Nodes: adfcb6a4-90df-42a6-b615-f553bb5ddfe0{ip: 192.168.36.125, host: trunk-nightly-20190911-vpfxm-1000144475, networkLocation: /default-rack, certSerialId: null}5fbe7820-a9fa-43af-b8cb-ea2e92af72fb{ip: 192.168.36.125, host: trunk-nightly-20190911-vpfxm-1000144475, networkLocation: /default-rack, certSerialId: null}0972d9e0-1686-4378-a4cd-e26758266cbe{ip: 192.168.36.125, host: trunk-nightly-20190911-vpfxm-1000144475, networkLocation: /default-rack, certSerialId: null}, Type:RATIS, Factor:THREE, State:CLOSED] from datanode 5fbe7820-a9fa-43af-b8cb-ea2e92af72fb{ip: 192.168.36.125, host: trunk-nightly-20190911-vpfxm-1000144475, networkLocation: /default-rack, certSerialId: null}. Reason : 5fbe7820-a9fa-43af-b8cb-ea2e92af72fb has not seen follower/s 0972d9e0-1686-4378-a4cd-e26758266cbe for 182268ms adfcb6a4-90df-42a6-b615-f553bb5ddfe0 for 182268ms
2019-09-11 06:37:26,874 [EventQueue-PipelineActionsForPipelineActionHandler] INFO  pipeline.SCMPipelineManager (SCMPipelineManager.java:finalizeAndDestroyPipeline(311)) - destroying pipeline:Pipeline[ Id: 45f75199-ea2a-4a95-9bcb-36db4e6319db, Nodes: adfcb6a4-90df-42a6-b615-f553bb5ddfe0{ip: 192.168.36.125, host: trunk-nightly-20190911-vpfxm-1000144475, networkLocation: /default-rack, certSerialId: null}5fbe7820-a9fa-43af-b8cb-ea2e92af72fb{ip: 192.168.36.125, host: trunk-nightly-20190911-vpfxm-1000144475, networkLocation: /default-rack, certSerialId: null}0972d9e0-1686-4378-a4cd-e26758266cbe{ip: 192.168.36.125, host: trunk-nightly-20190911-vpfxm-1000144475, networkLocation: /default-rack, certSerialId: null}, Type:RATIS, Factor:THREE, State:CLOSED]
2019-09-11 06:37:28,393 [org.apache.ratis.server.impl.LogAppender$AppenderDaemon$$Lambda$521/1122258981@1580d109] ERROR ratis.XceiverServerRatis (XceiverServerRatis.java:triggerPipelineClose(568)) - pipeline Action CLOSE  on pipeline PipelineID=45f75199-ea2a-4a95-9bcb-36db4e6319db.Reason : 5fbe7820-a9fa-43af-b8cb-ea2e92af72fb has not seen follower/s 0972d9e0-1686-4378-a4cd-e26758266cbe for 184770ms adfcb6a4-90df-42a6-b615-f553bb5ddfe0 for 184770ms
2019-09-11 06:37:28,393 [org.apache.ratis.server.impl.LogAppender$AppenderDaemon$$Lambda$521/1122258981@4081a059] ERROR ratis.XceiverServerRatis (XceiverServerRatis.java:triggerPipelineClose(568)) - pipeline Action CLOSE  on pipeline PipelineID=45f75199-ea2a-4a95-9bcb-36db4e6319db.Reason : 5fbe7820-a9fa-43af-b8cb-ea2e92af72fb has not seen follower/s 0972d9e0-1686-4378-a4cd-e26758266cbe for 184770ms adfcb6a4-90df-42a6-b615-f553bb5ddfe0 for 184770ms
2019-09-11 06:37:28,876 [EventQueue-PipelineActionsForPipelineActionHandler] ERROR pipeline.PipelineActionHandler (PipelineActionHandler.java:onMessage(60)) - Received pipeline action CLOSE for Pipeline[ Id: 45f75199-ea2a-4a95-9bcb-36db4e6319db, Nodes: adfcb6a4-90df-42a6-b615-f553bb5ddfe0{ip: 192.168.36.125, host: trunk-nightly-20190911-vpfxm-1000144475, networkLocation: /default-rack, certSerialId: null}5fbe7820-a9fa-43af-b8cb-ea2e92af72fb{ip: 192.168.36.125, host: trunk-nightly-20190911-vpfxm-1000144475, networkLocation: /default-rack, certSerialId: null}0972d9e0-1686-4378-a4cd-e26758266cbe{ip: 192.168.36.125, host: trunk-nightly-20190911-vpfxm-1000144475, networkLocation: /default-rack, certSerialId: null}, Type:RATIS, Factor:THREE, State:CLOSED] from datanode 5fbe7820-a9fa-43af-b8cb-ea2e92af72fb{ip: 192.168.36.125, host: trunk-nightly-20190911-vpfxm-1000144475, networkLocation: /default-rack, certSerialId: null}. Reason : 5fbe7820-a9fa-43af-b8cb-ea2e92af72fb has not seen follower/s 0972d9e0-1686-4378-a4cd-e26758266cbe for 184770ms adfcb6a4-90df-42a6-b615-f553bb5ddfe0 for 184770ms
2019-09-11 06:37:28,876 [EventQueue-PipelineActionsForPipelineActionHandler] INFO  pipeline.SCMPipelineManager (SCMPipelineManager.java:finalizeAndDestroyPipeline(311)) - destroying pipeline:Pipeline[ Id: 45f75199-ea2a-4a95-9bcb-36db4e6319db, Nodes: adfcb6a4-90df-42a6-b615-f553bb5ddfe0{ip: 192.168.36.125, host: trunk-nightly-20190911-vpfxm-1000144475, networkLocation: /default-rack, certSerialId: null}5fbe7820-a9fa-43af-b8cb-ea2e92af72fb{ip: 192.168.36.125, host: trunk-nightly-20190911-vpfxm-1000144475, networkLocation: /default-rack, certSerialId: null}0972d9e0-1686-4378-a4cd-e26758266cbe{ip: 192.168.36.125, host: trunk-nightly-20190911-vpfxm-1000144475, networkLocation: /default-rack, certSerialId: null}, Type:RATIS, Factor:THREE, State:CLOSED]
2019-09-11 06:37:28,891 [java.util.concurrent.ThreadPoolExecutor$Worker@28d9cb8f[State = -1, empty queue]] WARN  server.GrpcLogAppender (GrpcLogAppender.java:timeoutAppendRequest(200)) - 5fbe7820-a9fa-43af-b8cb-ea2e92af72fb@group-36DB4E6319DB->adfcb6a4-90df-42a6-b615-f553bb5ddfe0-GrpcLogAppender: appendEntries Timeout, request=5fbe7820-a9fa-43af-b8cb-ea2e92af72fb->adfcb6a4-90df-42a6-b615-f553bb5ddfe0#245-t1, previous=(t:1, i:21), leaderCommit=14, initializing? false, entries: <empty>
2019-09-11 06:37:28,891 [java.util.concurrent.ThreadPoolExecutor$Worker@1e7423d2[State = -1, empty queue]] WARN  server.GrpcLogAppender (GrpcLogAppender.java:timeoutAppendRequest(200)) - 5fbe7820-a9fa-43af-b8cb-ea2e92af72fb@group-36DB4E6319DB->0972d9e0-1686-4378-a4cd-e26758266cbe-GrpcLogAppender: appendEntries Timeout, request=5fbe7820-a9fa-43af-b8cb-ea2e92af72fb->0972d9e0-1686-4378-a4cd-e26758266cbe#245-t1, previous=(t:1, i:21), leaderCommit=14, initializing? false, entries: <empty>
2019-09-11 06:37:29,858 [grpc-default-executor-8] INFO  impl.RaftServerProxy (RaftServerProxy.java:remove(95)) - adfcb6a4-90df-42a6-b615-f553bb5ddfe0: remove  FOLLOWER adfcb6a4-90df-42a6-b615-f553bb5ddfe0@group-36DB4E6319DB:t1, leader=5fbe7820-a9fa-43af-b8cb-ea2e92af72fb, voted=5fbe7820-a9fa-43af-b8cb-ea2e92af72fb, raftlog=adfcb6a4-90df-42a6-b615-f553bb5ddfe0@group-36DB4E6319DB-SegmentedRaftLog:OPENED:c14,f14,i21, conf=0: [5fbe7820-a9fa-43af-b8cb-ea2e92af72fb:192.168.36.125:41382, 0972d9e0-1686-4378-a4cd-e26758266cbe:192.168.36.125:33520, adfcb6a4-90df-42a6-b615-f553bb5ddfe0:192.168.36.125:46545], old=null RUNNING
2019-09-11 06:37:29,859 [grpc-default-executor-8] INFO  impl.RaftServerImpl (RaftServerImpl.java:lambda$shutdown$3(251)) - adfcb6a4-90df-42a6-b615-f553bb5ddfe0@group-36DB4E6319DB: shutdown
2019-09-11 06:37:29,859 [grpc-default-executor-8] INFO  util.JmxRegister (JmxRegister.java:unregister(73)) - Successfully un-registered JMX Bean with object name Ratis:service=RaftServer,group=group-36DB4E6319DB,id=adfcb6a4-90df-42a6-b615-f553bb5ddfe0
2019-09-11 06:37:29,859 [grpc-default-executor-8] INFO  impl.RoleInfo (RoleInfo.java:shutdownFollowerState(121)) - adfcb6a4-90df-42a6-b615-f553bb5ddfe0: shutdown FollowerState
2019-09-11 06:37:29,860 [grpc-default-executor-8] INFO  impl.StateMachineUpdater (StateMachineUpdater.java:stopAndJoin(125)) - adfcb6a4-90df-42a6-b615-f553bb5ddfe0@group-36DB4E6319DB-StateMachineUpdater: set stopIndex = 14
2019-09-11 06:37:29,860 [Thread-314] INFO  impl.FollowerState (FollowerState.java:run(115)) - adfcb6a4-90df-42a6-b615-f553bb5ddfe0: FollowerState was interrupted: java.lang.InterruptedException: sleep interrupted
2019-09-11 06:37:29,860 [adfcb6a4-90df-42a6-b615-f553bb5ddfe0@group-36DB4E6319DB-StateMachineUpdater] INFO  ratis.ContainerStateMachine (ContainerStateMachine.java:takeSnapshot(289)) - group-36DB4E6319DB: Taking a snapshot at:(t:1, i:13) file /workdir/hadoop-ozone/integration-test/target/test-dir/MiniOzoneClusterImpl-9d70c5ba-4c04-47f2-8d5c-a3af1a60ee61/datanode-0/data/ratis/45f75199-ea2a-4a95-9bcb-36db4e6319db/sm/snapshot.1_13
2019-09-11 06:37:29,865 [adfcb6a4-90df-42a6-b615-f553bb5ddfe0@group-36DB4E6319DB-StateMachineUpdater] INFO  ratis.ContainerStateMachine (ContainerStateMachine.java:takeSnapshot(300)) - group-36DB4E6319DB: Finished taking a snapshot at:(t:1, i:13) file:/workdir/hadoop-ozone/integration-test/target/test-dir/MiniOzoneClusterImpl-9d70c5ba-4c04-47f2-8d5c-a3af1a60ee61/datanode-0/data/ratis/45f75199-ea2a-4a95-9bcb-36db4e6319db/sm/snapshot.1_13 time:5
2019-09-11 06:37:29,865 [adfcb6a4-90df-42a6-b615-f553bb5ddfe0@group-36DB4E6319DB-StateMachineUpdater] INFO  impl.StateMachineUpdater (StateMachineUpdater.java:takeSnapshot(258)) - adfcb6a4-90df-42a6-b615-f553bb5ddfe0@group-36DB4E6319DB-StateMachineUpdater: Took a snapshot at index 13
2019-09-11 06:37:29,865 [adfcb6a4-90df-42a6-b615-f553bb5ddfe0@group-36DB4E6319DB-StateMachineUpdater] INFO  impl.StateMachineUpdater (StateMachineUpdater.java:lambda$new$0(83)) - adfcb6a4-90df-42a6-b615-f553bb5ddfe0@group-36DB4E6319DB-StateMachineUpdater: snapshotIndex: updateIncreasingly -1 -> 13
2019-09-11 06:37:29,865 [adfcb6a4-90df-42a6-b615-f553bb5ddfe0@group-36DB4E6319DB-StateMachineUpdater] INFO  ratis.ContainerStateMachine (ContainerStateMachine.java:takeSnapshot(289)) - group-36DB4E6319DB: Taking a snapshot at:(t:1, i:13) file /workdir/hadoop-ozone/integration-test/target/test-dir/MiniOzoneClusterImpl-9d70c5ba-4c04-47f2-8d5c-a3af1a60ee61/datanode-0/data/ratis/45f75199-ea2a-4a95-9bcb-36db4e6319db/sm/snapshot.1_13
2019-09-11 06:37:29,878 [adfcb6a4-90df-42a6-b615-f553bb5ddfe0@group-36DB4E6319DB-StateMachineUpdater] INFO  ratis.ContainerStateMachine (ContainerStateMachine.java:takeSnapshot(300)) - group-36DB4E6319DB: Finished taking a snapshot at:(t:1, i:13) file:/workdir/hadoop-ozone/integration-test/target/test-dir/MiniOzoneClusterImpl-9d70c5ba-4c04-47f2-8d5c-a3af1a60ee61/datanode-0/data/ratis/45f75199-ea2a-4a95-9bcb-36db4e6319db/sm/snapshot.1_13 time:12
2019-09-11 06:37:29,878 [adfcb6a4-90df-42a6-b615-f553bb5ddfe0@group-36DB4E6319DB-StateMachineUpdater] INFO  impl.StateMachineUpdater (StateMachineUpdater.java:takeSnapshot(258)) - adfcb6a4-90df-42a6-b615-f553bb5ddfe0@group-36DB4E6319DB-StateMachineUpdater: Took a snapshot at index 13
2019-09-11 06:37:29,878 [adfcb6a4-90df-42a6-b615-f553bb5ddfe0@group-36DB4E6319DB-StateMachineUpdater] INFO  impl.StateMachineUpdater (StateMachineUpdater.java:lambda$new$0(83)) - adfcb6a4-90df-42a6-b615-f553bb5ddfe0@group-36DB4E6319DB-StateMachineUpdater: snapshotIndex: updateIncreasingly 13 -> 13
2019-09-11 06:37:29,878 [grpc-default-executor-8] INFO  impl.RaftServerImpl (ServerState.java:close(385)) - adfcb6a4-90df-42a6-b615-f553bb5ddfe0@group-36DB4E6319DB: closes. applyIndex: 14
2019-09-11 06:37:29,882 [adfcb6a4-90df-42a6-b615-f553bb5ddfe0@group-36DB4E6319DB-SegmentedRaftLogWorker] ERROR ratis.XceiverServerRatis (XceiverServerRatis.java:triggerPipelineClose(568)) - pipeline Action CLOSE  on pipeline PipelineID=45f75199-ea2a-4a95-9bcb-36db4e6319db.Reason : WriteLog:16: (t:1, i:16), STATEMACHINELOGENTRY, client-202F7A5D2390, cid=144-writeStateMachineData interrupted.
2019-09-11 06:37:29,884 [EventQueue-PipelineActionsForPipelineActionHandler] ERROR pipeline.PipelineActionHandler (PipelineActionHandler.java:onMessage(60)) - Received pipeline action CLOSE for Pipeline[ Id: 45f75199-ea2a-4a95-9bcb-36db4e6319db, Nodes: adfcb6a4-90df-42a6-b615-f553bb5ddfe0{ip: 192.168.36.125, host: trunk-nightly-20190911-vpfxm-1000144475, networkLocation: /default-rack, certSerialId: null}5fbe7820-a9fa-43af-b8cb-ea2e92af72fb{ip: 192.168.36.125, host: trunk-nightly-20190911-vpfxm-1000144475, networkLocation: /default-rack, certSerialId: null}0972d9e0-1686-4378-a4cd-e26758266cbe{ip: 192.168.36.125, host: trunk-nightly-20190911-vpfxm-1000144475, networkLocation: /default-rack, certSerialId: null}, Type:RATIS, Factor:THREE, State:CLOSED] from datanode adfcb6a4-90df-42a6-b615-f553bb5ddfe0{ip: 192.168.36.125, host: trunk-nightly-20190911-vpfxm-1000144475, networkLocation: /default-rack, certSerialId: null}. Reason : WriteLog:16: (t:1, i:16), STATEMACHINELOGENTRY, client-202F7A5D2390, cid=144-writeStateMachineData interrupted.
2019-09-11 06:37:29,884 [EventQueue-PipelineActionsForPipelineActionHandler] INFO  pipeline.SCMPipelineManager (SCMPipelineManager.java:finalizeAndDestroyPipeline(311)) - destroying pipeline:Pipeline[ Id: 45f75199-ea2a-4a95-9bcb-36db4e6319db, Nodes: adfcb6a4-90df-42a6-b615-f553bb5ddfe0{ip: 192.168.36.125, host: trunk-nightly-20190911-vpfxm-1000144475, networkLocation: /default-rack, certSerialId: null}5fbe7820-a9fa-43af-b8cb-ea2e92af72fb{ip: 192.168.36.125, host: trunk-nightly-20190911-vpfxm-1000144475, networkLocation: /default-rack, certSerialId: null}0972d9e0-1686-4378-a4cd-e26758266cbe{ip: 192.168.36.125, host: trunk-nightly-20190911-vpfxm-1000144475, networkLocation: /default-rack, certSerialId: null}, Type:RATIS, Factor:THREE, State:CLOSED]
2019-09-11 06:37:29,895 [grpc-default-executor-8] INFO  segmented.SegmentedRaftLogWorker (SegmentedRaftLogWorker.java:close(228)) - adfcb6a4-90df-42a6-b615-f553bb5ddfe0@group-36DB4E6319DB-SegmentedRaftLogWorker close()
2019-09-11 06:37:29,912 [grpc-default-executor-8] INFO  interfaces.Container (KeyValueContainer.java:flushAndSyncDB(386)) - Container 2 is synced with bcsId 6.
2019-09-11 06:37:29,912 [grpc-default-executor-8] INFO  interfaces.Container (KeyValueContainer.java:flushAndSyncDB(386)) - Container 2 is synced with bcsId 6.
2019-09-11 06:37:29,936 [EventQueue-IncrementalContainerReportForIncrementalContainerReportHandler] INFO  container.IncrementalContainerReportHandler (AbstractContainerReportHandler.java:updateContainerState(169)) - Moving container #2 to QUASI_CLOSED state, datanode adfcb6a4-90df-42a6-b615-f553bb5ddfe0{ip: 192.168.36.125, host: trunk-nightly-20190911-vpfxm-1000144475, networkLocation: /default-rack, certSerialId: null} reported QUASI_CLOSED replica.
2019-09-11 06:37:29,946 [grpc-default-executor-8] INFO  interfaces.Container (KeyValueContainer.java:flushAndSyncDB(386)) - Container 7 is synced with bcsId 13.
2019-09-11 06:37:29,946 [grpc-default-executor-8] INFO  interfaces.Container (KeyValueContainer.java:flushAndSyncDB(386)) - Container 7 is synced with bcsId 13.
2019-09-11 06:37:29,960 [EventQueue-IncrementalContainerReportForIncrementalContainerReportHandler] INFO  container.IncrementalContainerReportHandler (AbstractContainerReportHandler.java:updateContainerState(169)) - Moving container #7 to QUASI_CLOSED state, datanode adfcb6a4-90df-42a6-b615-f553bb5ddfe0{ip: 192.168.36.125, host: trunk-nightly-20190911-vpfxm-1000144475, networkLocation: /default-rack, certSerialId: null} reported QUASI_CLOSED replica.
2019-09-11 06:37:30,017 [grpc-default-executor-8] INFO  interfaces.Container (KeyValueContainer.java:flushAndSyncDB(386)) - Container 8 is synced with bcsId 0.
2019-09-11 06:37:30,018 [grpc-default-executor-8] INFO  interfaces.Container (KeyValueContainer.java:flushAndSyncDB(386)) - Container 8 is synced with bcsId 0.
2019-09-11 06:37:30,031 [EventQueue-IncrementalContainerReportForIncrementalContainerReportHandler] INFO  container.IncrementalContainerReportHandler (AbstractContainerReportHandler.java:updateContainerState(169)) - Moving container #8 to QUASI_CLOSED state, datanode adfcb6a4-90df-42a6-b615-f553bb5ddfe0{ip: 192.168.36.125, host: trunk-nightly-20190911-vpfxm-1000144475, networkLocation: /default-rack, certSerialId: null} reported QUASI_CLOSED replica.
2019-09-11 06:37:30,034 [grpc-default-executor-8] INFO  impl.RaftServerProxy (RaftServerProxy.java:remove(95)) - 5fbe7820-a9fa-43af-b8cb-ea2e92af72fb: remove    LEADER 5fbe7820-a9fa-43af-b8cb-ea2e92af72fb@group-36DB4E6319DB:t1, leader=5fbe7820-a9fa-43af-b8cb-ea2e92af72fb, voted=5fbe7820-a9fa-43af-b8cb-ea2e92af72fb, raftlog=5fbe7820-a9fa-43af-b8cb-ea2e92af72fb@group-36DB4E6319DB-SegmentedRaftLog:OPENED:c14,f14,i21, conf=0: [5fbe7820-a9fa-43af-b8cb-ea2e92af72fb:192.168.36.125:41382, 0972d9e0-1686-4378-a4cd-e26758266cbe:192.168.36.125:33520, adfcb6a4-90df-42a6-b615-f553bb5ddfe0:192.168.36.125:46545], old=null RUNNING
2019-09-11 06:37:30,034 [grpc-default-executor-8] INFO  impl.RaftServerImpl (RaftServerImpl.java:lambda$shutdown$3(251)) - 5fbe7820-a9fa-43af-b8cb-ea2e92af72fb@group-36DB4E6319DB: shutdown
2019-09-11 06:37:30,035 [grpc-default-executor-8] INFO  util.JmxRegister (JmxRegister.java:unregister(73)) - Successfully un-registered JMX Bean with object name Ratis:service=RaftServer,group=group-36DB4E6319DB,id=5fbe7820-a9fa-43af-b8cb-ea2e92af72fb
2019-09-11 06:37:30,035 [grpc-default-executor-8] INFO  impl.RoleInfo (RoleInfo.java:shutdownLeaderState(104)) - 5fbe7820-a9fa-43af-b8cb-ea2e92af72fb: shutdown LeaderState
2019-09-11 06:37:30,041 [org.apache.ratis.server.impl.LogAppender$AppenderDaemon$$Lambda$521/1122258981@1580d109] WARN  server.GrpcLogAppender (GrpcLogAppender.java:mayWait(143)) - 5fbe7820-a9fa-43af-b8cb-ea2e92af72fb@group-36DB4E6319DB->adfcb6a4-90df-42a6-b615-f553bb5ddfe0-GrpcLogAppender: Wait interrupted by java.lang.InterruptedException
2019-09-11 06:37:30,041 [org.apache.ratis.server.impl.LogAppender$AppenderDaemon$$Lambda$521/1122258981@4081a059] WARN  server.GrpcLogAppender (GrpcLogAppender.java:mayWait(143)) - 5fbe7820-a9fa-43af-b8cb-ea2e92af72fb@group-36DB4E6319DB->0972d9e0-1686-4378-a4cd-e26758266cbe-GrpcLogAppender: Wait interrupted by java.lang.InterruptedException
2019-09-11 06:37:30,041 [grpc-default-executor-8] INFO  impl.PendingRequests (PendingRequests.java:sendNotLeaderResponses(202)) - 5fbe7820-a9fa-43af-b8cb-ea2e92af72fb-PendingRequests: sendNotLeaderResponses
2019-09-11 06:37:30,044 [grpc-default-executor-10] INFO  server.GrpcServerProtocolService (GrpcServerProtocolService.java:onCompleted(113)) - adfcb6a4-90df-42a6-b615-f553bb5ddfe0: Completed APPEND_ENTRIES, lastRequest: 5fbe7820-a9fa-43af-b8cb-ea2e92af72fb->adfcb6a4-90df-42a6-b615-f553bb5ddfe0#246-t1, previous=(t:1, i:21), leaderCommit=14, initializing? false, entries: <empty>
2019-09-11 06:37:30,044 [grpc-default-executor-7] INFO  server.GrpcServerProtocolService (GrpcServerProtocolService.java:onCompleted(113)) - 0972d9e0-1686-4378-a4cd-e26758266cbe: Completed APPEND_ENTRIES, lastRequest: 5fbe7820-a9fa-43af-b8cb-ea2e92af72fb->0972d9e0-1686-4378-a4cd-e26758266cbe#246-t1, previous=(t:1, i:21), leaderCommit=14, initializing? false, entries: <empty>
2019-09-11 06:37:30,045 [grpc-default-executor-7] INFO  server.GrpcLogAppender (GrpcLogAppender.java:onCompleted(293)) - 5fbe7820-a9fa-43af-b8cb-ea2e92af72fb@group-36DB4E6319DB->adfcb6a4-90df-42a6-b615-f553bb5ddfe0-AppendLogResponseHandler: follower responses appendEntries COMPLETED
2019-09-11 06:37:30,045 [grpc-default-executor-10] INFO  server.GrpcLogAppender (GrpcLogAppender.java:onCompleted(293)) - 5fbe7820-a9fa-43af-b8cb-ea2e92af72fb@group-36DB4E6319DB->0972d9e0-1686-4378-a4cd-e26758266cbe-AppendLogResponseHandler: follower responses appendEntries COMPLETED
2019-09-11 06:37:30,047 [grpc-default-executor-7] INFO  impl.FollowerInfo (FollowerInfo.java:lambda$new$0(51)) - 5fbe7820-a9fa-43af-b8cb-ea2e92af72fb@group-36DB4E6319DB->adfcb6a4-90df-42a6-b615-f553bb5ddfe0: nextIndex: updateUnconditionally 22 -> 15
2019-09-11 06:37:30,053 [grpc-default-executor-10] INFO  impl.FollowerInfo (FollowerInfo.java:lambda$new$0(51)) - 5fbe7820-a9fa-43af-b8cb-ea2e92af72fb@group-36DB4E6319DB->0972d9e0-1686-4378-a4cd-e26758266cbe: nextIndex: updateUnconditionally 22 -> 15
2019-09-11 06:37:30,052 [grpc-default-executor-8] INFO  impl.StateMachineUpdater (StateMachineUpdater.java:stopAndJoin(125)) - 5fbe7820-a9fa-43af-b8cb-ea2e92af72fb@group-36DB4E6319DB-StateMachineUpdater: set stopIndex = 14
2019-09-11 06:37:30,053 [5fbe7820-a9fa-43af-b8cb-ea2e92af72fb@group-36DB4E6319DB-StateMachineUpdater] INFO  ratis.ContainerStateMachine (ContainerStateMachine.java:takeSnapshot(289)) - group-36DB4E6319DB: Taking a snapshot at:(t:1, i:14) file /workdir/hadoop-ozone/integration-test/target/test-dir/MiniOzoneClusterImpl-9d70c5ba-4c04-47f2-8d5c-a3af1a60ee61/datanode-3/data/ratis/45f75199-ea2a-4a95-9bcb-36db4e6319db/sm/snapshot.1_14
2019-09-11 06:37:30,065 [5fbe7820-a9fa-43af-b8cb-ea2e92af72fb@group-36DB4E6319DB-StateMachineUpdater] INFO  ratis.ContainerStateMachine (ContainerStateMachine.java:takeSnapshot(300)) - group-36DB4E6319DB: Finished taking a snapshot at:(t:1, i:14) file:/workdir/hadoop-ozone/integration-test/target/test-dir/MiniOzoneClusterImpl-9d70c5ba-4c04-47f2-8d5c-a3af1a60ee61/datanode-3/data/ratis/45f75199-ea2a-4a95-9bcb-36db4e6319db/sm/snapshot.1_14 time:12
2019-09-11 06:37:30,065 [5fbe7820-a9fa-43af-b8cb-ea2e92af72fb@group-36DB4E6319DB-StateMachineUpdater] INFO  impl.StateMachineUpdater (StateMachineUpdater.java:takeSnapshot(258)) - 5fbe7820-a9fa-43af-b8cb-ea2e92af72fb@group-36DB4E6319DB-StateMachineUpdater: Took a snapshot at index 14
2019-09-11 06:37:30,065 [5fbe7820-a9fa-43af-b8cb-ea2e92af72fb@group-36DB4E6319DB-StateMachineUpdater] INFO  impl.StateMachineUpdater (StateMachineUpdater.java:lambda$new$0(83)) - 5fbe7820-a9fa-43af-b8cb-ea2e92af72fb@group-36DB4E6319DB-StateMachineUpdater: snapshotIndex: updateIncreasingly -1 -> 14
2019-09-11 06:37:30,065 [grpc-default-executor-8] INFO  impl.RaftServerImpl (ServerState.java:close(385)) - 5fbe7820-a9fa-43af-b8cb-ea2e92af72fb@group-36DB4E6319DB: closes. applyIndex: 14
2019-09-11 06:37:30,066 [5fbe7820-a9fa-43af-b8cb-ea2e92af72fb@group-36DB4E6319DB-SegmentedRaftLogWorker] ERROR ratis.XceiverServerRatis (XceiverServerRatis.java:triggerPipelineClose(568)) - pipeline Action CLOSE  on pipeline PipelineID=45f75199-ea2a-4a95-9bcb-36db4e6319db.Reason : WriteLog:15: (t:1, i:15), STATEMACHINELOGENTRY, client-202F7A5D2390, cid=143-writeStateMachineData interrupted.
2019-09-11 06:37:30,066 [Command processor thread] ERROR commandhandler.CloseContainerCommandHandler (CloseContainerCommandHandler.java:handle(125)) - Can't close container #7
java.io.IOException: org.apache.ratis.protocol.GroupMismatchException: 5fbe7820-a9fa-43af-b8cb-ea2e92af72fb: group-36DB4E6319DB not found.
	at org.apache.hadoop.ozone.container.common.transport.server.ratis.XceiverServerRatis.submitRequest(XceiverServerRatis.java:495)
	at org.apache.hadoop.ozone.container.common.statemachine.commandhandler.CloseContainerCommandHandler.handle(CloseContainerCommandHandler.java:102)
	at org.apache.hadoop.ozone.container.common.statemachine.commandhandler.CommandDispatcher.handle(CommandDispatcher.java:99)
	at org.apache.hadoop.ozone.container.common.statemachine.DatanodeStateMachine.lambda$initCommandHandlerThread$1(DatanodeStateMachine.java:432)
	at java.lang.Thread.run(Thread.java:748)
Caused by: java.util.concurrent.ExecutionException: org.apache.ratis.protocol.GroupMismatchException: 5fbe7820-a9fa-43af-b8cb-ea2e92af72fb: group-36DB4E6319DB not found.
	at java.util.concurrent.CompletableFuture.reportGet(CompletableFuture.java:357)
	at java.util.concurrent.CompletableFuture.get(CompletableFuture.java:1895)
	at org.apache.hadoop.ozone.container.common.transport.server.ratis.XceiverServerRatis.submitRequest(XceiverServerRatis.java:493)
	... 4 more
Caused by: org.apache.ratis.protocol.GroupMismatchException: 5fbe7820-a9fa-43af-b8cb-ea2e92af72fb: group-36DB4E6319DB not found.
	at org.apache.ratis.server.impl.RaftServerProxy$ImplMap.get(RaftServerProxy.java:122)
	at org.apache.ratis.server.impl.RaftServerProxy.getImplFuture(RaftServerProxy.java:269)
	at org.apache.ratis.server.impl.RaftServerProxy.submitRequest(RaftServerProxy.java:327)
	at org.apache.ratis.server.impl.RaftServerProxy.submitClientRequestAsync(RaftServerProxy.java:333)
	... 5 more
2019-09-11 06:37:30,069 [grpc-default-executor-8] INFO  segmented.SegmentedRaftLogWorker (SegmentedRaftLogWorker.java:close(228)) - 5fbe7820-a9fa-43af-b8cb-ea2e92af72fb@group-36DB4E6319DB-SegmentedRaftLogWorker close()
2019-09-11 06:37:30,076 [EventQueue-PipelineActionsForPipelineActionHandler] ERROR pipeline.PipelineActionHandler (PipelineActionHandler.java:onMessage(60)) - Received pipeline action CLOSE for Pipeline[ Id: 45f75199-ea2a-4a95-9bcb-36db4e6319db, Nodes: adfcb6a4-90df-42a6-b615-f553bb5ddfe0{ip: 192.168.36.125, host: trunk-nightly-20190911-vpfxm-1000144475, networkLocation: /default-rack, certSerialId: null}5fbe7820-a9fa-43af-b8cb-ea2e92af72fb{ip: 192.168.36.125, host: trunk-nightly-20190911-vpfxm-1000144475, networkLocation: /default-rack, certSerialId: null}0972d9e0-1686-4378-a4cd-e26758266cbe{ip: 192.168.36.125, host: trunk-nightly-20190911-vpfxm-1000144475, networkLocation: /default-rack, certSerialId: null}, Type:RATIS, Factor:THREE, State:CLOSED] from datanode 5fbe7820-a9fa-43af-b8cb-ea2e92af72fb{ip: 192.168.36.125, host: trunk-nightly-20190911-vpfxm-1000144475, networkLocation: /default-rack, certSerialId: null}. Reason : WriteLog:15: (t:1, i:15), STATEMACHINELOGENTRY, client-202F7A5D2390, cid=143-writeStateMachineData interrupted.
2019-09-11 06:37:30,076 [EventQueue-PipelineActionsForPipelineActionHandler] INFO  pipeline.SCMPipelineManager (SCMPipelineManager.java:finalizeAndDestroyPipeline(311)) - destroying pipeline:Pipeline[ Id: 45f75199-ea2a-4a95-9bcb-36db4e6319db, Nodes: adfcb6a4-90df-42a6-b615-f553bb5ddfe0{ip: 192.168.36.125, host: trunk-nightly-20190911-vpfxm-1000144475, networkLocation: /default-rack, certSerialId: null}5fbe7820-a9fa-43af-b8cb-ea2e92af72fb{ip: 192.168.36.125, host: trunk-nightly-20190911-vpfxm-1000144475, networkLocation: /default-rack, certSerialId: null}0972d9e0-1686-4378-a4cd-e26758266cbe{ip: 192.168.36.125, host: trunk-nightly-20190911-vpfxm-1000144475, networkLocation: /default-rack, certSerialId: null}, Type:RATIS, Factor:THREE, State:CLOSED]
2019-09-11 06:37:30,087 [grpc-default-executor-8] INFO  interfaces.Container (KeyValueContainer.java:flushAndSyncDB(386)) - Container 2 is synced with bcsId 6.
2019-09-11 06:37:30,087 [grpc-default-executor-8] INFO  interfaces.Container (KeyValueContainer.java:flushAndSyncDB(386)) - Container 2 is synced with bcsId 6.
2019-09-11 06:37:30,094 [grpc-default-executor-8] INFO  interfaces.Container (KeyValueContainer.java:flushAndSyncDB(386)) - Container 7 is synced with bcsId 13.
2019-09-11 06:37:30,094 [grpc-default-executor-8] INFO  interfaces.Container (KeyValueContainer.java:flushAndSyncDB(386)) - Container 7 is synced with bcsId 13.
2019-09-11 06:37:30,104 [grpc-default-executor-8] INFO  impl.RaftServerProxy (RaftServerProxy.java:remove(95)) - 0972d9e0-1686-4378-a4cd-e26758266cbe: remove  FOLLOWER 0972d9e0-1686-4378-a4cd-e26758266cbe@group-36DB4E6319DB:t1, leader=5fbe7820-a9fa-43af-b8cb-ea2e92af72fb, voted=5fbe7820-a9fa-43af-b8cb-ea2e92af72fb, raftlog=0972d9e0-1686-4378-a4cd-e26758266cbe@group-36DB4E6319DB-SegmentedRaftLog:OPENED:c14,f14,i21, conf=0: [5fbe7820-a9fa-43af-b8cb-ea2e92af72fb:192.168.36.125:41382, 0972d9e0-1686-4378-a4cd-e26758266cbe:192.168.36.125:33520, adfcb6a4-90df-42a6-b615-f553bb5ddfe0:192.168.36.125:46545], old=null RUNNING
2019-09-11 06:37:30,104 [grpc-default-executor-8] INFO  impl.RaftServerImpl (RaftServerImpl.java:lambda$shutdown$3(251)) - 0972d9e0-1686-4378-a4cd-e26758266cbe@group-36DB4E6319DB: shutdown
2019-09-11 06:37:30,104 [grpc-default-executor-8] INFO  util.JmxRegister (JmxRegister.java:unregister(73)) - Successfully un-registered JMX Bean with object name Ratis:service=RaftServer,group=group-36DB4E6319DB,id=0972d9e0-1686-4378-a4cd-e26758266cbe
2019-09-11 06:37:30,105 [grpc-default-executor-8] INFO  impl.RoleInfo (RoleInfo.java:shutdownFollowerState(121)) - 0972d9e0-1686-4378-a4cd-e26758266cbe: shutdown FollowerState
2019-09-11 06:37:30,105 [grpc-default-executor-8] INFO  impl.StateMachineUpdater (StateMachineUpdater.java:stopAndJoin(125)) - 0972d9e0-1686-4378-a4cd-e26758266cbe@group-36DB4E6319DB-StateMachineUpdater: set stopIndex = 14
2019-09-11 06:37:30,105 [0972d9e0-1686-4378-a4cd-e26758266cbe@group-36DB4E6319DB-StateMachineUpdater] INFO  ratis.ContainerStateMachine (ContainerStateMachine.java:takeSnapshot(289)) - group-36DB4E6319DB: Taking a snapshot at:(t:1, i:13) file /workdir/hadoop-ozone/integration-test/target/test-dir/MiniOzoneClusterImpl-9d70c5ba-4c04-47f2-8d5c-a3af1a60ee61/datanode-1/data/ratis/45f75199-ea2a-4a95-9bcb-36db4e6319db/sm/snapshot.1_13
2019-09-11 06:37:30,105 [Thread-315] INFO  impl.FollowerState (FollowerState.java:run(115)) - 0972d9e0-1686-4378-a4cd-e26758266cbe: FollowerState was interrupted: java.lang.InterruptedException: sleep interrupted
2019-09-11 06:37:30,117 [0972d9e0-1686-4378-a4cd-e26758266cbe@group-36DB4E6319DB-StateMachineUpdater] INFO  ratis.ContainerStateMachine (ContainerStateMachine.java:takeSnapshot(300)) - group-36DB4E6319DB: Finished taking a snapshot at:(t:1, i:13) file:/workdir/hadoop-ozone/integration-test/target/test-dir/MiniOzoneClusterImpl-9d70c5ba-4c04-47f2-8d5c-a3af1a60ee61/datanode-1/data/ratis/45f75199-ea2a-4a95-9bcb-36db4e6319db/sm/snapshot.1_13 time:13
2019-09-11 06:37:30,118 [0972d9e0-1686-4378-a4cd-e26758266cbe@group-36DB4E6319DB-StateMachineUpdater] INFO  impl.StateMachineUpdater (StateMachineUpdater.java:takeSnapshot(258)) - 0972d9e0-1686-4378-a4cd-e26758266cbe@group-36DB4E6319DB-StateMachineUpdater: Took a snapshot at index 13
2019-09-11 06:37:30,118 [0972d9e0-1686-4378-a4cd-e26758266cbe@group-36DB4E6319DB-StateMachineUpdater] INFO  impl.StateMachineUpdater (StateMachineUpdater.java:lambda$new$0(83)) - 0972d9e0-1686-4378-a4cd-e26758266cbe@group-36DB4E6319DB-StateMachineUpdater: snapshotIndex: updateIncreasingly -1 -> 13
2019-09-11 06:37:30,118 [0972d9e0-1686-4378-a4cd-e26758266cbe@group-36DB4E6319DB-StateMachineUpdater] INFO  ratis.ContainerStateMachine (ContainerStateMachine.java:takeSnapshot(289)) - group-36DB4E6319DB: Taking a snapshot at:(t:1, i:13) file /workdir/hadoop-ozone/integration-test/target/test-dir/MiniOzoneClusterImpl-9d70c5ba-4c04-47f2-8d5c-a3af1a60ee61/datanode-1/data/ratis/45f75199-ea2a-4a95-9bcb-36db4e6319db/sm/snapshot.1_13
2019-09-11 06:37:30,130 [0972d9e0-1686-4378-a4cd-e26758266cbe@group-36DB4E6319DB-StateMachineUpdater] INFO  ratis.ContainerStateMachine (ContainerStateMachine.java:takeSnapshot(300)) - group-36DB4E6319DB: Finished taking a snapshot at:(t:1, i:13) file:/workdir/hadoop-ozone/integration-test/target/test-dir/MiniOzoneClusterImpl-9d70c5ba-4c04-47f2-8d5c-a3af1a60ee61/datanode-1/data/ratis/45f75199-ea2a-4a95-9bcb-36db4e6319db/sm/snapshot.1_13 time:12
2019-09-11 06:37:30,130 [0972d9e0-1686-4378-a4cd-e26758266cbe@group-36DB4E6319DB-StateMachineUpdater] INFO  impl.StateMachineUpdater (StateMachineUpdater.java:takeSnapshot(258)) - 0972d9e0-1686-4378-a4cd-e26758266cbe@group-36DB4E6319DB-StateMachineUpdater: Took a snapshot at index 13
2019-09-11 06:37:30,130 [0972d9e0-1686-4378-a4cd-e26758266cbe@group-36DB4E6319DB-StateMachineUpdater] INFO  impl.StateMachineUpdater (StateMachineUpdater.java:lambda$new$0(83)) - 0972d9e0-1686-4378-a4cd-e26758266cbe@group-36DB4E6319DB-StateMachineUpdater: snapshotIndex: updateIncreasingly 13 -> 13
2019-09-11 06:37:30,130 [grpc-default-executor-8] INFO  impl.RaftServerImpl (ServerState.java:close(385)) - 0972d9e0-1686-4378-a4cd-e26758266cbe@group-36DB4E6319DB: closes. applyIndex: 14
2019-09-11 06:37:30,134 [0972d9e0-1686-4378-a4cd-e26758266cbe@group-36DB4E6319DB-SegmentedRaftLogWorker] ERROR ratis.XceiverServerRatis (XceiverServerRatis.java:triggerPipelineClose(568)) - pipeline Action CLOSE  on pipeline PipelineID=45f75199-ea2a-4a95-9bcb-36db4e6319db.Reason : WriteLog:15: (t:1, i:15), STATEMACHINELOGENTRY, client-202F7A5D2390, cid=143-writeStateMachineData interrupted.
2019-09-11 06:37:30,136 [grpc-default-executor-8] INFO  segmented.SegmentedRaftLogWorker (SegmentedRaftLogWorker.java:close(228)) - 0972d9e0-1686-4378-a4cd-e26758266cbe@group-36DB4E6319DB-SegmentedRaftLogWorker close()
2019-09-11 06:37:30,139 [EventQueue-PipelineActionsForPipelineActionHandler] ERROR pipeline.PipelineActionHandler (PipelineActionHandler.java:onMessage(60)) - Received pipeline action CLOSE for Pipeline[ Id: 45f75199-ea2a-4a95-9bcb-36db4e6319db, Nodes: adfcb6a4-90df-42a6-b615-f553bb5ddfe0{ip: 192.168.36.125, host: trunk-nightly-20190911-vpfxm-1000144475, networkLocation: /default-rack, certSerialId: null}5fbe7820-a9fa-43af-b8cb-ea2e92af72fb{ip: 192.168.36.125, host: trunk-nightly-20190911-vpfxm-1000144475, networkLocation: /default-rack, certSerialId: null}0972d9e0-1686-4378-a4cd-e26758266cbe{ip: 192.168.36.125, host: trunk-nightly-20190911-vpfxm-1000144475, networkLocation: /default-rack, certSerialId: null}, Type:RATIS, Factor:THREE, State:CLOSED] from datanode 0972d9e0-1686-4378-a4cd-e26758266cbe{ip: 192.168.36.125, host: trunk-nightly-20190911-vpfxm-1000144475, networkLocation: /default-rack, certSerialId: null}. Reason : WriteLog:15: (t:1, i:15), STATEMACHINELOGENTRY, client-202F7A5D2390, cid=143-writeStateMachineData interrupted.
2019-09-11 06:37:30,139 [EventQueue-PipelineActionsForPipelineActionHandler] INFO  pipeline.SCMPipelineManager (SCMPipelineManager.java:finalizeAndDestroyPipeline(311)) - destroying pipeline:Pipeline[ Id: 45f75199-ea2a-4a95-9bcb-36db4e6319db, Nodes: adfcb6a4-90df-42a6-b615-f553bb5ddfe0{ip: 192.168.36.125, host: trunk-nightly-20190911-vpfxm-1000144475, networkLocation: /default-rack, certSerialId: null}5fbe7820-a9fa-43af-b8cb-ea2e92af72fb{ip: 192.168.36.125, host: trunk-nightly-20190911-vpfxm-1000144475, networkLocation: /default-rack, certSerialId: null}0972d9e0-1686-4378-a4cd-e26758266cbe{ip: 192.168.36.125, host: trunk-nightly-20190911-vpfxm-1000144475, networkLocation: /default-rack, certSerialId: null}, Type:RATIS, Factor:THREE, State:CLOSED]
2019-09-11 06:37:30,145 [grpc-default-executor-8] INFO  interfaces.Container (KeyValueContainer.java:flushAndSyncDB(386)) - Container 2 is synced with bcsId 6.
2019-09-11 06:37:30,145 [grpc-default-executor-8] INFO  interfaces.Container (KeyValueContainer.java:flushAndSyncDB(386)) - Container 2 is synced with bcsId 6.
2019-09-11 06:37:30,168 [grpc-default-executor-8] INFO  interfaces.Container (KeyValueContainer.java:flushAndSyncDB(386)) - Container 7 is synced with bcsId 13.
2019-09-11 06:37:30,168 [grpc-default-executor-8] INFO  interfaces.Container (KeyValueContainer.java:flushAndSyncDB(386)) - Container 7 is synced with bcsId 13.
2019-09-11 06:37:30,237 [grpc-default-executor-8] INFO  interfaces.Container (KeyValueContainer.java:flushAndSyncDB(386)) - Container 8 is synced with bcsId 0.
2019-09-11 06:37:30,237 [grpc-default-executor-8] INFO  interfaces.Container (KeyValueContainer.java:flushAndSyncDB(386)) - Container 8 is synced with bcsId 0.
2019-09-11 06:37:30,253 [RatisPipelineUtilsThread] INFO  pipeline.PipelineStateManager (PipelineStateManager.java:removePipeline(108)) - Pipeline Pipeline[ Id: 45f75199-ea2a-4a95-9bcb-36db4e6319db, Nodes: adfcb6a4-90df-42a6-b615-f553bb5ddfe0{ip: 192.168.36.125, host: trunk-nightly-20190911-vpfxm-1000144475, networkLocation: /default-rack, certSerialId: null}5fbe7820-a9fa-43af-b8cb-ea2e92af72fb{ip: 192.168.36.125, host: trunk-nightly-20190911-vpfxm-1000144475, networkLocation: /default-rack, certSerialId: null}0972d9e0-1686-4378-a4cd-e26758266cbe{ip: 192.168.36.125, host: trunk-nightly-20190911-vpfxm-1000144475, networkLocation: /default-rack, certSerialId: null}, Type:RATIS, Factor:THREE, State:CLOSED] removed from db
2019-09-11 06:37:30,273 [grpc-default-executor-10] INFO  impl.RaftServerProxy (RaftServerProxy.java:addNew(89)) - 5fbe7820-a9fa-43af-b8cb-ea2e92af72fb: addNew group-6A2AA91CEF4D:[5fbe7820-a9fa-43af-b8cb-ea2e92af72fb:192.168.36.125:41382, 0972d9e0-1686-4378-a4cd-e26758266cbe:192.168.36.125:33520, adfcb6a4-90df-42a6-b615-f553bb5ddfe0:192.168.36.125:46545] returns group-6A2AA91CEF4D:java.util.concurrent.CompletableFuture@592b1c43[Not completed]
2019-09-11 06:37:30,273 [grpc-default-executor-7] INFO  impl.RaftServerProxy (RaftServerProxy.java:addNew(89)) - adfcb6a4-90df-42a6-b615-f553bb5ddfe0: addNew group-6A2AA91CEF4D:[5fbe7820-a9fa-43af-b8cb-ea2e92af72fb:192.168.36.125:41382, 0972d9e0-1686-4378-a4cd-e26758266cbe:192.168.36.125:33520, adfcb6a4-90df-42a6-b615-f553bb5ddfe0:192.168.36.125:46545] returns group-6A2AA91CEF4D:java.util.concurrent.CompletableFuture@39bf2231[Not completed]
2019-09-11 06:37:30,273 [grpc-default-executor-8] INFO  impl.RaftServerProxy (RaftServerProxy.java:addNew(89)) - 0972d9e0-1686-4378-a4cd-e26758266cbe: addNew group-6A2AA91CEF4D:[5fbe7820-a9fa-43af-b8cb-ea2e92af72fb:192.168.36.125:41382, 0972d9e0-1686-4378-a4cd-e26758266cbe:192.168.36.125:33520, adfcb6a4-90df-42a6-b615-f553bb5ddfe0:192.168.36.125:46545] returns group-6A2AA91CEF4D:java.util.concurrent.CompletableFuture@16a33469[Not completed]
2019-09-11 06:37:30,278 [pool-37-thread-1] INFO  impl.RaftServerImpl (RaftServerImpl.java:<init>(95)) - 0972d9e0-1686-4378-a4cd-e26758266cbe: new RaftServerImpl for group-6A2AA91CEF4D:[5fbe7820-a9fa-43af-b8cb-ea2e92af72fb:192.168.36.125:41382, 0972d9e0-1686-4378-a4cd-e26758266cbe:192.168.36.125:33520, adfcb6a4-90df-42a6-b615-f553bb5ddfe0:192.168.36.125:46545] with ContainerStateMachine:uninitialized
2019-09-11 06:37:30,278 [pool-37-thread-1] INFO  server.RaftServerConfigKeys (ConfUtils.java:logGet(43)) - raft.server.rpc.timeout.min = 5s (custom)
2019-09-11 06:37:30,278 [pool-37-thread-1] INFO  server.RaftServerConfigKeys (ConfUtils.java:logGet(43)) - raft.server.rpc.timeout.max = 5200ms (custom)
2019-09-11 06:37:30,279 [pool-37-thread-1] INFO  server.RaftServerConfigKeys (ConfUtils.java:logGet(43)) - raft.server.rpcslowness.timeout = 120s (custom)
2019-09-11 06:37:30,279 [pool-37-thread-1] INFO  server.RaftServerConfigKeys (ConfUtils.java:logGet(43)) - raft.server.sleep.deviation.threshold = 300 (default)
2019-09-11 06:37:30,279 [pool-27-thread-1] INFO  impl.RaftServerImpl (RaftServerImpl.java:<init>(95)) - adfcb6a4-90df-42a6-b615-f553bb5ddfe0: new RaftServerImpl for group-6A2AA91CEF4D:[5fbe7820-a9fa-43af-b8cb-ea2e92af72fb:192.168.36.125:41382, 0972d9e0-1686-4378-a4cd-e26758266cbe:192.168.36.125:33520, adfcb6a4-90df-42a6-b615-f553bb5ddfe0:192.168.36.125:46545] with ContainerStateMachine:uninitialized
2019-09-11 06:37:30,279 [pool-37-thread-1] INFO  server.RaftServerConfigKeys (ConfUtils.java:logGet(43)) - raft.server.log.appender.install.snapshot.enabled = false (custom)
2019-09-11 06:37:30,279 [pool-27-thread-1] INFO  server.RaftServerConfigKeys (ConfUtils.java:logGet(43)) - raft.server.rpc.timeout.min = 5s (custom)
2019-09-11 06:37:30,279 [pool-37-thread-1] INFO  impl.RaftServerImpl (ServerState.java:<init>(103)) - 0972d9e0-1686-4378-a4cd-e26758266cbe@group-6A2AA91CEF4D: ConfigurationManager, init=-1: [5fbe7820-a9fa-43af-b8cb-ea2e92af72fb:192.168.36.125:41382, 0972d9e0-1686-4378-a4cd-e26758266cbe:192.168.36.125:33520, adfcb6a4-90df-42a6-b615-f553bb5ddfe0:192.168.36.125:46545], old=null, confs=<EMPTY_MAP>
2019-09-11 06:37:30,279 [pool-27-thread-1] INFO  server.RaftServerConfigKeys (ConfUtils.java:logGet(43)) - raft.server.rpc.timeout.max = 5200ms (custom)
2019-09-11 06:37:30,280 [pool-27-thread-1] INFO  server.RaftServerConfigKeys (ConfUtils.java:logGet(43)) - raft.server.rpcslowness.timeout = 120s (custom)
2019-09-11 06:37:30,280 [pool-37-thread-1] INFO  server.RaftServerConfigKeys (ConfUtils.java:logGet(43)) - raft.server.storage.dir = [/workdir/hadoop-ozone/integration-test/target/test-dir/MiniOzoneClusterImpl-9d70c5ba-4c04-47f2-8d5c-a3af1a60ee61/datanode-1/data/ratis] (custom)
2019-09-11 06:37:30,280 [pool-57-thread-1] INFO  impl.RaftServerImpl (RaftServerImpl.java:<init>(95)) - 5fbe7820-a9fa-43af-b8cb-ea2e92af72fb: new RaftServerImpl for group-6A2AA91CEF4D:[5fbe7820-a9fa-43af-b8cb-ea2e92af72fb:192.168.36.125:41382, 0972d9e0-1686-4378-a4cd-e26758266cbe:192.168.36.125:33520, adfcb6a4-90df-42a6-b615-f553bb5ddfe0:192.168.36.125:46545] with ContainerStateMachine:uninitialized
2019-09-11 06:37:30,280 [pool-27-thread-1] INFO  server.RaftServerConfigKeys (ConfUtils.java:logGet(43)) - raft.server.sleep.deviation.threshold = 300 (default)
2019-09-11 06:37:30,280 [pool-57-thread-1] INFO  server.RaftServerConfigKeys (ConfUtils.java:logGet(43)) - raft.server.rpc.timeout.min = 5s (custom)
2019-09-11 06:37:30,281 [pool-27-thread-1] INFO  server.RaftServerConfigKeys (ConfUtils.java:logGet(43)) - raft.server.log.appender.install.snapshot.enabled = false (custom)
2019-09-11 06:37:30,281 [pool-37-thread-1] INFO  storage.RaftStorageDirectory (RaftStorageDirectory.java:analyzeStorage(246)) - The storage directory /workdir/hadoop-ozone/integration-test/target/test-dir/MiniOzoneClusterImpl-9d70c5ba-4c04-47f2-8d5c-a3af1a60ee61/datanode-1/data/ratis/fc8b05db-1805-4e22-a77e-6a2aa91cef4d does not exist. Creating ...
2019-09-11 06:37:30,281 [pool-27-thread-1] INFO  impl.RaftServerImpl (ServerState.java:<init>(103)) - adfcb6a4-90df-42a6-b615-f553bb5ddfe0@group-6A2AA91CEF4D: ConfigurationManager, init=-1: [5fbe7820-a9fa-43af-b8cb-ea2e92af72fb:192.168.36.125:41382, 0972d9e0-1686-4378-a4cd-e26758266cbe:192.168.36.125:33520, adfcb6a4-90df-42a6-b615-f553bb5ddfe0:192.168.36.125:46545], old=null, confs=<EMPTY_MAP>
2019-09-11 06:37:30,281 [pool-57-thread-1] INFO  server.RaftServerConfigKeys (ConfUtils.java:logGet(43)) - raft.server.rpc.timeout.max = 5200ms (custom)
2019-09-11 06:37:30,281 [pool-27-thread-1] INFO  server.RaftServerConfigKeys (ConfUtils.java:logGet(43)) - raft.server.storage.dir = [/workdir/hadoop-ozone/integration-test/target/test-dir/MiniOzoneClusterImpl-9d70c5ba-4c04-47f2-8d5c-a3af1a60ee61/datanode-0/data/ratis] (custom)
2019-09-11 06:37:30,282 [pool-57-thread-1] INFO  server.RaftServerConfigKeys (ConfUtils.java:logGet(43)) - raft.server.rpcslowness.timeout = 120s (custom)
2019-09-11 06:37:30,282 [pool-57-thread-1] INFO  server.RaftServerConfigKeys (ConfUtils.java:logGet(43)) - raft.server.sleep.deviation.threshold = 300 (default)
2019-09-11 06:37:30,282 [pool-27-thread-1] INFO  storage.RaftStorageDirectory (RaftStorageDirectory.java:analyzeStorage(246)) - The storage directory /workdir/hadoop-ozone/integration-test/target/test-dir/MiniOzoneClusterImpl-9d70c5ba-4c04-47f2-8d5c-a3af1a60ee61/datanode-0/data/ratis/fc8b05db-1805-4e22-a77e-6a2aa91cef4d does not exist. Creating ...
2019-09-11 06:37:30,282 [pool-57-thread-1] INFO  server.RaftServerConfigKeys (ConfUtils.java:logGet(43)) - raft.server.log.appender.install.snapshot.enabled = false (custom)
2019-09-11 06:37:30,282 [pool-57-thread-1] INFO  impl.RaftServerImpl (ServerState.java:<init>(103)) - 5fbe7820-a9fa-43af-b8cb-ea2e92af72fb@group-6A2AA91CEF4D: ConfigurationManager, init=-1: [5fbe7820-a9fa-43af-b8cb-ea2e92af72fb:192.168.36.125:41382, 0972d9e0-1686-4378-a4cd-e26758266cbe:192.168.36.125:33520, adfcb6a4-90df-42a6-b615-f553bb5ddfe0:192.168.36.125:46545], old=null, confs=<EMPTY_MAP>
2019-09-11 06:37:30,283 [pool-57-thread-1] INFO  server.RaftServerConfigKeys (ConfUtils.java:logGet(43)) - raft.server.storage.dir = [/workdir/hadoop-ozone/integration-test/target/test-dir/MiniOzoneClusterImpl-9d70c5ba-4c04-47f2-8d5c-a3af1a60ee61/datanode-3/data/ratis] (custom)
2019-09-11 06:37:30,283 [pool-57-thread-1] INFO  storage.RaftStorageDirectory (RaftStorageDirectory.java:analyzeStorage(246)) - The storage directory /workdir/hadoop-ozone/integration-test/target/test-dir/MiniOzoneClusterImpl-9d70c5ba-4c04-47f2-8d5c-a3af1a60ee61/datanode-3/data/ratis/fc8b05db-1805-4e22-a77e-6a2aa91cef4d does not exist. Creating ...
2019-09-11 06:37:30,306 [pool-37-thread-1] INFO  storage.RaftStorageDirectory (RaftStorageDirectory.java:tryLock(328)) - Lock on /workdir/hadoop-ozone/integration-test/target/test-dir/MiniOzoneClusterImpl-9d70c5ba-4c04-47f2-8d5c-a3af1a60ee61/datanode-1/data/ratis/fc8b05db-1805-4e22-a77e-6a2aa91cef4d/in_use.lock acquired by nodename 15250@trunk-nightly-20190911-vpfxm-1000144475
2019-09-11 06:37:30,306 [pool-57-thread-1] INFO  storage.RaftStorageDirectory (RaftStorageDirectory.java:tryLock(328)) - Lock on /workdir/hadoop-ozone/integration-test/target/test-dir/MiniOzoneClusterImpl-9d70c5ba-4c04-47f2-8d5c-a3af1a60ee61/datanode-3/data/ratis/fc8b05db-1805-4e22-a77e-6a2aa91cef4d/in_use.lock acquired by nodename 15250@trunk-nightly-20190911-vpfxm-1000144475
2019-09-11 06:37:30,306 [pool-27-thread-1] INFO  storage.RaftStorageDirectory (RaftStorageDirectory.java:tryLock(328)) - Lock on /workdir/hadoop-ozone/integration-test/target/test-dir/MiniOzoneClusterImpl-9d70c5ba-4c04-47f2-8d5c-a3af1a60ee61/datanode-0/data/ratis/fc8b05db-1805-4e22-a77e-6a2aa91cef4d/in_use.lock acquired by nodename 15250@trunk-nightly-20190911-vpfxm-1000144475
2019-09-11 06:37:30,319 [pool-57-thread-1] INFO  storage.RaftStorage (RaftStorage.java:format(72)) - Storage directory /workdir/hadoop-ozone/integration-test/target/test-dir/MiniOzoneClusterImpl-9d70c5ba-4c04-47f2-8d5c-a3af1a60ee61/datanode-3/data/ratis/fc8b05db-1805-4e22-a77e-6a2aa91cef4d has been successfully formatted.
2019-09-11 06:37:30,319 [pool-37-thread-1] INFO  storage.RaftStorage (RaftStorage.java:format(72)) - Storage directory /workdir/hadoop-ozone/integration-test/target/test-dir/MiniOzoneClusterImpl-9d70c5ba-4c04-47f2-8d5c-a3af1a60ee61/datanode-1/data/ratis/fc8b05db-1805-4e22-a77e-6a2aa91cef4d has been successfully formatted.
2019-09-11 06:37:30,319 [pool-27-thread-1] INFO  storage.RaftStorage (RaftStorage.java:format(72)) - Storage directory /workdir/hadoop-ozone/integration-test/target/test-dir/MiniOzoneClusterImpl-9d70c5ba-4c04-47f2-8d5c-a3af1a60ee61/datanode-0/data/ratis/fc8b05db-1805-4e22-a77e-6a2aa91cef4d has been successfully formatted.
2019-09-11 06:37:30,319 [pool-57-thread-1] INFO  ratis.ContainerStateMachine (ContainerStateMachine.java:loadSnapshot(230)) - group-6A2AA91CEF4D: The snapshot info is null. Setting the last applied indexto:(t:0, i:~)
2019-09-11 06:37:30,319 [pool-27-thread-1] INFO  ratis.ContainerStateMachine (ContainerStateMachine.java:loadSnapshot(230)) - group-6A2AA91CEF4D: The snapshot info is null. Setting the last applied indexto:(t:0, i:~)
2019-09-11 06:37:30,319 [pool-37-thread-1] INFO  ratis.ContainerStateMachine (ContainerStateMachine.java:loadSnapshot(230)) - group-6A2AA91CEF4D: The snapshot info is null. Setting the last applied indexto:(t:0, i:~)
2019-09-11 06:37:30,319 [pool-27-thread-1] INFO  server.RaftServerConfigKeys (ConfUtils.java:logGet(43)) - raft.server.notification.no-leader.timeout = 120s (custom)
2019-09-11 06:37:30,319 [pool-57-thread-1] INFO  server.RaftServerConfigKeys (ConfUtils.java:logGet(43)) - raft.server.notification.no-leader.timeout = 120s (custom)
2019-09-11 06:37:30,320 [pool-27-thread-1] INFO  server.RaftServerConfigKeys (ConfUtils.java:logGet(43)) - raft.server.log.use.memory = false (default)
2019-09-11 06:37:30,320 [pool-37-thread-1] INFO  server.RaftServerConfigKeys (ConfUtils.java:logGet(43)) - raft.server.notification.no-leader.timeout = 120s (custom)
2019-09-11 06:37:30,320 [pool-27-thread-1] INFO  server.RaftServerConfigKeys (ConfUtils.java:logGet(43)) - raft.server.log.purge.gap = 1000000 (custom)
2019-09-11 06:37:30,320 [pool-57-thread-1] INFO  server.RaftServerConfigKeys (ConfUtils.java:logGet(43)) - raft.server.log.use.memory = false (default)
2019-09-11 06:37:30,320 [pool-27-thread-1] INFO  server.RaftServerConfigKeys (ConfUtils.java:logGet(43)) - raft.server.log.appender.buffer.byte-limit = 33554432 (custom)
2019-09-11 06:37:30,320 [pool-37-thread-1] INFO  server.RaftServerConfigKeys (ConfUtils.java:logGet(43)) - raft.server.log.use.memory = false (default)
2019-09-11 06:37:30,320 [pool-27-thread-1] INFO  server.RaftServerConfigKeys (ConfUtils.java:logGet(43)) - raft.server.log.segment.size.max = 1048576 (custom)
2019-09-11 06:37:30,320 [pool-57-thread-1] INFO  server.RaftServerConfigKeys (ConfUtils.java:logGet(43)) - raft.server.log.purge.gap = 1000000 (custom)
2019-09-11 06:37:30,321 [pool-27-thread-1] INFO  server.RaftServerConfigKeys (ConfUtils.java:logGet(43)) - raft.server.log.segment.cache.num.max = 2 (custom)
2019-09-11 06:37:30,320 [pool-37-thread-1] INFO  server.RaftServerConfigKeys (ConfUtils.java:logGet(43)) - raft.server.log.purge.gap = 1000000 (custom)
2019-09-11 06:37:30,321 [pool-27-thread-1] INFO  segmented.SegmentedRaftLogWorker (SegmentedRaftLogWorker.java:<init>(172)) - new adfcb6a4-90df-42a6-b615-f553bb5ddfe0@group-6A2AA91CEF4D-SegmentedRaftLogWorker for RaftStorage:Storage Directory /workdir/hadoop-ozone/integration-test/target/test-dir/MiniOzoneClusterImpl-9d70c5ba-4c04-47f2-8d5c-a3af1a60ee61/datanode-0/data/ratis/fc8b05db-1805-4e22-a77e-6a2aa91cef4d
2019-09-11 06:37:30,321 [pool-57-thread-1] INFO  server.RaftServerConfigKeys (ConfUtils.java:logGet(43)) - raft.server.log.appender.buffer.byte-limit = 33554432 (custom)
2019-09-11 06:37:30,321 [pool-27-thread-1] INFO  server.RaftServerConfigKeys (ConfUtils.java:logGet(43)) - raft.server.log.queue.byte-limit = 2147483647 (custom)
2019-09-11 06:37:30,321 [pool-37-thread-1] INFO  server.RaftServerConfigKeys (ConfUtils.java:logGet(43)) - raft.server.log.appender.buffer.byte-limit = 33554432 (custom)
2019-09-11 06:37:30,321 [pool-27-thread-1] INFO  server.RaftServerConfigKeys (ConfUtils.java:logGet(43)) - raft.server.log.queue.element-limit = 1024 (custom)
2019-09-11 06:37:30,321 [pool-57-thread-1] INFO  server.RaftServerConfigKeys (ConfUtils.java:logGet(43)) - raft.server.log.segment.size.max = 1048576 (custom)
2019-09-11 06:37:30,321 [pool-27-thread-1] INFO  server.RaftServerConfigKeys (ConfUtils.java:logGet(43)) - raft.server.log.segment.size.max = 1048576 (custom)
2019-09-11 06:37:30,321 [pool-37-thread-1] INFO  server.RaftServerConfigKeys (ConfUtils.java:logGet(43)) - raft.server.log.segment.size.max = 1048576 (custom)
2019-09-11 06:37:30,322 [pool-27-thread-1] INFO  server.RaftServerConfigKeys (ConfUtils.java:logGet(43)) - raft.server.log.preallocated.size = 16384 (custom)
2019-09-11 06:37:30,321 [pool-57-thread-1] INFO  server.RaftServerConfigKeys (ConfUtils.java:logGet(43)) - raft.server.log.segment.cache.num.max = 2 (custom)
2019-09-11 06:37:30,322 [pool-27-thread-1] INFO  server.RaftServerConfigKeys (ConfUtils.java:logGet(43)) - raft.server.log.write.buffer.size = 33554432 (custom)
2019-09-11 06:37:30,322 [pool-37-thread-1] INFO  server.RaftServerConfigKeys (ConfUtils.java:logGet(43)) - raft.server.log.segment.cache.num.max = 2 (custom)
2019-09-11 06:37:30,322 [pool-27-thread-1] INFO  server.RaftServerConfigKeys (ConfUtils.java:logGet(43)) - raft.server.log.force.sync.num = 128 (default)
2019-09-11 06:37:30,322 [pool-57-thread-1] INFO  segmented.SegmentedRaftLogWorker (SegmentedRaftLogWorker.java:<init>(172)) - new 5fbe7820-a9fa-43af-b8cb-ea2e92af72fb@group-6A2AA91CEF4D-SegmentedRaftLogWorker for RaftStorage:Storage Directory /workdir/hadoop-ozone/integration-test/target/test-dir/MiniOzoneClusterImpl-9d70c5ba-4c04-47f2-8d5c-a3af1a60ee61/datanode-3/data/ratis/fc8b05db-1805-4e22-a77e-6a2aa91cef4d
2019-09-11 06:37:30,322 [pool-27-thread-1] INFO  server.RaftServerConfigKeys (ConfUtils.java:logGet(43)) - raft.server.log.statemachine.data.sync = true (default)
2019-09-11 06:37:30,322 [pool-37-thread-1] INFO  segmented.SegmentedRaftLogWorker (SegmentedRaftLogWorker.java:<init>(172)) - new 0972d9e0-1686-4378-a4cd-e26758266cbe@group-6A2AA91CEF4D-SegmentedRaftLogWorker for RaftStorage:Storage Directory /workdir/hadoop-ozone/integration-test/target/test-dir/MiniOzoneClusterImpl-9d70c5ba-4c04-47f2-8d5c-a3af1a60ee61/datanode-1/data/ratis/fc8b05db-1805-4e22-a77e-6a2aa91cef4d
2019-09-11 06:37:30,322 [pool-27-thread-1] INFO  server.RaftServerConfigKeys (ConfUtils.java:logGet(43)) - raft.server.log.statemachine.data.sync.timeout = 10s (default)
2019-09-11 06:37:30,322 [pool-57-thread-1] INFO  server.RaftServerConfigKeys (ConfUtils.java:logGet(43)) - raft.server.log.queue.byte-limit = 2147483647 (custom)
2019-09-11 06:37:30,323 [pool-27-thread-1] INFO  server.RaftServerConfigKeys (ConfUtils.java:logGet(43)) - raft.server.log.statemachine.data.sync.timeout.retry = -1 (default)
2019-09-11 06:37:30,322 [pool-37-thread-1] INFO  server.RaftServerConfigKeys (ConfUtils.java:logGet(43)) - raft.server.log.queue.byte-limit = 2147483647 (custom)
2019-09-11 06:37:30,323 [pool-27-thread-1] INFO  server.RaftServerConfigKeys (ConfUtils.java:logGet(43)) - raft.server.log.statemachine.data.caching.enabled = true (custom)
2019-09-11 06:37:30,323 [pool-57-thread-1] INFO  server.RaftServerConfigKeys (ConfUtils.java:logGet(43)) - raft.server.log.queue.element-limit = 1024 (custom)
2019-09-11 06:37:30,323 [pool-37-thread-1] INFO  server.RaftServerConfigKeys (ConfUtils.java:logGet(43)) - raft.server.log.queue.element-limit = 1024 (custom)
2019-09-11 06:37:30,323 [pool-27-thread-1] INFO  segmented.SegmentedRaftLogWorker (SegmentedRaftLogWorker.java:lambda$new$0(132)) - adfcb6a4-90df-42a6-b615-f553bb5ddfe0@group-6A2AA91CEF4D-SegmentedRaftLogWorker: flushIndex: setUnconditionally 0 -> -1
2019-09-11 06:37:30,323 [pool-57-thread-1] INFO  server.RaftServerConfigKeys (ConfUtils.java:logGet(43)) - raft.server.log.segment.size.max = 1048576 (custom)
2019-09-11 06:37:30,323 [pool-37-thread-1] INFO  server.RaftServerConfigKeys (ConfUtils.java:logGet(43)) - raft.server.log.segment.size.max = 1048576 (custom)
2019-09-11 06:37:30,324 [pool-27-thread-1] INFO  server.RaftServerConfigKeys (ConfUtils.java:logGet(43)) - raft.server.snapshot.auto.trigger.enabled = true (custom)
2019-09-11 06:37:30,324 [pool-57-thread-1] INFO  server.RaftServerConfigKeys (ConfUtils.java:logGet(43)) - raft.server.log.preallocated.size = 16384 (custom)
2019-09-11 06:37:30,324 [pool-27-thread-1] INFO  server.RaftServerConfigKeys (ConfUtils.java:logGet(43)) - raft.server.snapshot.auto.trigger.threshold = 10000 (custom)
2019-09-11 06:37:30,324 [pool-27-thread-1] INFO  server.RaftServerConfigKeys (ConfUtils.java:logGet(43)) - raft.server.snapshot.retention.num.files = -1 (default)
2019-09-11 06:37:30,324 [pool-37-thread-1] INFO  server.RaftServerConfigKeys (ConfUtils.java:logGet(43)) - raft.server.log.preallocated.size = 16384 (custom)
2019-09-11 06:37:30,324 [pool-27-thread-1] INFO  server.RaftServerConfigKeys (ConfUtils.java:logGet(43)) - raft.server.retrycache.expirytime = 600000ms (custom)
2019-09-11 06:37:30,324 [pool-57-thread-1] INFO  server.RaftServerConfigKeys (ConfUtils.java:logGet(43)) - raft.server.log.write.buffer.size = 33554432 (custom)
2019-09-11 06:37:30,324 [pool-37-thread-1] INFO  server.RaftServerConfigKeys (ConfUtils.java:logGet(43)) - raft.server.log.write.buffer.size = 33554432 (custom)
2019-09-11 06:37:30,324 [pool-57-thread-1] INFO  server.RaftServerConfigKeys (ConfUtils.java:logGet(43)) - raft.server.log.force.sync.num = 128 (default)
2019-09-11 06:37:30,324 [pool-37-thread-1] INFO  server.RaftServerConfigKeys (ConfUtils.java:logGet(43)) - raft.server.log.force.sync.num = 128 (default)
2019-09-11 06:37:30,325 [pool-57-thread-1] INFO  server.RaftServerConfigKeys (ConfUtils.java:logGet(43)) - raft.server.log.statemachine.data.sync = true (default)
2019-09-11 06:37:30,325 [pool-37-thread-1] INFO  server.RaftServerConfigKeys (ConfUtils.java:logGet(43)) - raft.server.log.statemachine.data.sync = true (default)
2019-09-11 06:37:30,325 [pool-57-thread-1] INFO  server.RaftServerConfigKeys (ConfUtils.java:logGet(43)) - raft.server.log.statemachine.data.sync.timeout = 10s (default)
2019-09-11 06:37:30,325 [pool-37-thread-1] INFO  server.RaftServerConfigKeys (ConfUtils.java:logGet(43)) - raft.server.log.statemachine.data.sync.timeout = 10s (default)
2019-09-11 06:37:30,325 [pool-57-thread-1] INFO  server.RaftServerConfigKeys (ConfUtils.java:logGet(43)) - raft.server.log.statemachine.data.sync.timeout.retry = -1 (default)
2019-09-11 06:37:30,325 [pool-37-thread-1] INFO  server.RaftServerConfigKeys (ConfUtils.java:logGet(43)) - raft.server.log.statemachine.data.sync.timeout.retry = -1 (default)
2019-09-11 06:37:30,325 [pool-57-thread-1] INFO  server.RaftServerConfigKeys (ConfUtils.java:logGet(43)) - raft.server.log.statemachine.data.caching.enabled = true (custom)
2019-09-11 06:37:30,326 [pool-37-thread-1] INFO  server.RaftServerConfigKeys (ConfUtils.java:logGet(43)) - raft.server.log.statemachine.data.caching.enabled = true (custom)
2019-09-11 06:37:30,326 [pool-57-thread-1] INFO  segmented.SegmentedRaftLogWorker (SegmentedRaftLogWorker.java:lambda$new$0(132)) - 5fbe7820-a9fa-43af-b8cb-ea2e92af72fb@group-6A2AA91CEF4D-SegmentedRaftLogWorker: flushIndex: setUnconditionally 0 -> -1
2019-09-11 06:37:30,326 [pool-37-thread-1] INFO  segmented.SegmentedRaftLogWorker (SegmentedRaftLogWorker.java:lambda$new$0(132)) - 0972d9e0-1686-4378-a4cd-e26758266cbe@group-6A2AA91CEF4D-SegmentedRaftLogWorker: flushIndex: setUnconditionally 0 -> -1
2019-09-11 06:37:30,326 [pool-57-thread-1] INFO  server.RaftServerConfigKeys (ConfUtils.java:logGet(43)) - raft.server.snapshot.auto.trigger.enabled = true (custom)
2019-09-11 06:37:30,326 [pool-37-thread-1] INFO  server.RaftServerConfigKeys (ConfUtils.java:logGet(43)) - raft.server.snapshot.auto.trigger.enabled = true (custom)
2019-09-11 06:37:30,326 [pool-57-thread-1] INFO  server.RaftServerConfigKeys (ConfUtils.java:logGet(43)) - raft.server.snapshot.auto.trigger.threshold = 10000 (custom)
2019-09-11 06:37:30,326 [pool-37-thread-1] INFO  server.RaftServerConfigKeys (ConfUtils.java:logGet(43)) - raft.server.snapshot.auto.trigger.threshold = 10000 (custom)
2019-09-11 06:37:30,326 [pool-57-thread-1] INFO  server.RaftServerConfigKeys (ConfUtils.java:logGet(43)) - raft.server.snapshot.retention.num.files = -1 (default)
2019-09-11 06:37:30,326 [pool-37-thread-1] INFO  server.RaftServerConfigKeys (ConfUtils.java:logGet(43)) - raft.server.snapshot.retention.num.files = -1 (default)
2019-09-11 06:37:30,327 [pool-57-thread-1] INFO  server.RaftServerConfigKeys (ConfUtils.java:logGet(43)) - raft.server.retrycache.expirytime = 600000ms (custom)
2019-09-11 06:37:30,327 [pool-37-thread-1] INFO  server.RaftServerConfigKeys (ConfUtils.java:logGet(43)) - raft.server.retrycache.expirytime = 600000ms (custom)
2019-09-11 06:37:30,327 [pool-27-thread-1] INFO  impl.RaftServerImpl (RaftServerImpl.java:start(185)) - adfcb6a4-90df-42a6-b615-f553bb5ddfe0@group-6A2AA91CEF4D: start as a follower, conf=-1: [5fbe7820-a9fa-43af-b8cb-ea2e92af72fb:192.168.36.125:41382, 0972d9e0-1686-4378-a4cd-e26758266cbe:192.168.36.125:33520, adfcb6a4-90df-42a6-b615-f553bb5ddfe0:192.168.36.125:46545], old=null
2019-09-11 06:37:30,327 [pool-27-thread-1] INFO  impl.RaftServerImpl (RaftServerImpl.java:setRole(174)) - adfcb6a4-90df-42a6-b615-f553bb5ddfe0@group-6A2AA91CEF4D: changes role from      null to FOLLOWER at term 0 for startAsFollower
2019-09-11 06:37:30,327 [pool-27-thread-1] INFO  impl.RoleInfo (RoleInfo.java:updateAndGet(143)) - adfcb6a4-90df-42a6-b615-f553bb5ddfe0: start FollowerState
2019-09-11 06:37:30,340 [pool-27-thread-1] INFO  util.JmxRegister (JmxRegister.java:tryRegister(44)) - Successfully registered JMX Bean with object name Ratis:service=RaftServer,group=group-6A2AA91CEF4D,id=adfcb6a4-90df-42a6-b615-f553bb5ddfe0
2019-09-11 06:37:30,347 [pool-57-thread-1] INFO  impl.RaftServerImpl (RaftServerImpl.java:start(185)) - 5fbe7820-a9fa-43af-b8cb-ea2e92af72fb@group-6A2AA91CEF4D: start as a follower, conf=-1: [5fbe7820-a9fa-43af-b8cb-ea2e92af72fb:192.168.36.125:41382, 0972d9e0-1686-4378-a4cd-e26758266cbe:192.168.36.125:33520, adfcb6a4-90df-42a6-b615-f553bb5ddfe0:192.168.36.125:46545], old=null
2019-09-11 06:37:30,347 [pool-37-thread-1] INFO  impl.RaftServerImpl (RaftServerImpl.java:start(185)) - 0972d9e0-1686-4378-a4cd-e26758266cbe@group-6A2AA91CEF4D: start as a follower, conf=-1: [5fbe7820-a9fa-43af-b8cb-ea2e92af72fb:192.168.36.125:41382, 0972d9e0-1686-4378-a4cd-e26758266cbe:192.168.36.125:33520, adfcb6a4-90df-42a6-b615-f553bb5ddfe0:192.168.36.125:46545], old=null
2019-09-11 06:37:30,347 [pool-57-thread-1] INFO  impl.RaftServerImpl (RaftServerImpl.java:setRole(174)) - 5fbe7820-a9fa-43af-b8cb-ea2e92af72fb@group-6A2AA91CEF4D: changes role from      null to FOLLOWER at term 0 for startAsFollower
2019-09-11 06:37:30,347 [pool-37-thread-1] INFO  impl.RaftServerImpl (RaftServerImpl.java:setRole(174)) - 0972d9e0-1686-4378-a4cd-e26758266cbe@group-6A2AA91CEF4D: changes role from      null to FOLLOWER at term 0 for startAsFollower
2019-09-11 06:37:30,347 [pool-57-thread-1] INFO  impl.RoleInfo (RoleInfo.java:updateAndGet(143)) - 5fbe7820-a9fa-43af-b8cb-ea2e92af72fb: start FollowerState
2019-09-11 06:37:30,347 [pool-37-thread-1] INFO  impl.RoleInfo (RoleInfo.java:updateAndGet(143)) - 0972d9e0-1686-4378-a4cd-e26758266cbe: start FollowerState
2019-09-11 06:37:30,348 [pool-57-thread-1] INFO  util.JmxRegister (JmxRegister.java:tryRegister(44)) - Successfully registered JMX Bean with object name Ratis:service=RaftServer,group=group-6A2AA91CEF4D,id=5fbe7820-a9fa-43af-b8cb-ea2e92af72fb
2019-09-11 06:37:30,348 [pool-37-thread-1] INFO  util.JmxRegister (JmxRegister.java:tryRegister(44)) - Successfully registered JMX Bean with object name Ratis:service=RaftServer,group=group-6A2AA91CEF4D,id=0972d9e0-1686-4378-a4cd-e26758266cbe
2019-09-11 06:37:30,349 [RatisPipelineUtilsThread] INFO  pipeline.PipelineStateManager (PipelineStateManager.java:addPipeline(56)) - Created pipeline Pipeline[ Id: fc8b05db-1805-4e22-a77e-6a2aa91cef4d, Nodes: adfcb6a4-90df-42a6-b615-f553bb5ddfe0{ip: 192.168.36.125, host: trunk-nightly-20190911-vpfxm-1000144475, networkLocation: /default-rack, certSerialId: null}5fbe7820-a9fa-43af-b8cb-ea2e92af72fb{ip: 192.168.36.125, host: trunk-nightly-20190911-vpfxm-1000144475, networkLocation: /default-rack, certSerialId: null}0972d9e0-1686-4378-a4cd-e26758266cbe{ip: 192.168.36.125, host: trunk-nightly-20190911-vpfxm-1000144475, networkLocation: /default-rack, certSerialId: null}, Type:RATIS, Factor:THREE, State:OPEN]
2019-09-11 06:37:30,391 [main] WARN  io.KeyOutputStream (KeyOutputStream.java:handleException(276)) - Encountered exception java.io.IOException: Unexpected Storage Container Exception: java.util.concurrent.CompletionException: java.util.concurrent.CompletionException: org.apache.ratis.protocol.GroupMismatchException: adfcb6a4-90df-42a6-b615-f553bb5ddfe0: group-36DB4E6319DB not found. on the pipeline Pipeline[ Id: 45f75199-ea2a-4a95-9bcb-36db4e6319db, Nodes: adfcb6a4-90df-42a6-b615-f553bb5ddfe0{ip: 192.168.36.125, host: trunk-nightly-20190911-vpfxm-1000144475, networkLocation: /default-rack, certSerialId: null}5fbe7820-a9fa-43af-b8cb-ea2e92af72fb{ip: 192.168.36.125, host: trunk-nightly-20190911-vpfxm-1000144475, networkLocation: /default-rack, certSerialId: null}0972d9e0-1686-4378-a4cd-e26758266cbe{ip: 192.168.36.125, host: trunk-nightly-20190911-vpfxm-1000144475, networkLocation: /default-rack, certSerialId: null}, Type:RATIS, Factor:THREE, State:OPEN]. The last committed block length is 0, uncommitted data length is 400 retry count 0
2019-09-11 06:37:30,540 [grpc-default-executor-8] INFO  client.GrpcClientProtocolClient (GrpcClientProtocolClient.java:onNext(264)) - client-51AF4E5A8EB0->b3ae6e77-09f2-43a9-bb74-0baf269e9625: receive RaftClientReply:client-51AF4E5A8EB0->b3ae6e77-09f2-43a9-bb74-0baf269e9625@group-CA81F8A6D43C, cid=245, SUCCESS, logIndex=12, commits[b3ae6e77-09f2-43a9-bb74-0baf269e9625:c12, 16d0fe26-9857-4477-8b2c-205100b6d095:c11, fbfdc5e7-35fe-4dec-93a8-24c91dabe6d4:c11]
2019-09-11 06:37:30,570 [grpc-default-executor-11] INFO  client.GrpcClientProtocolClient (GrpcClientProtocolClient.java:onNext(264)) - client-51AF4E5A8EB0->b3ae6e77-09f2-43a9-bb74-0baf269e9625: receive RaftClientReply:client-51AF4E5A8EB0->b3ae6e77-09f2-43a9-bb74-0baf269e9625@group-CA81F8A6D43C, cid=246, SUCCESS, logIndex=14, commits[b3ae6e77-09f2-43a9-bb74-0baf269e9625:c15, 16d0fe26-9857-4477-8b2c-205100b6d095:c13, fbfdc5e7-35fe-4dec-93a8-24c91dabe6d4:c13]
2019-09-11 06:37:30,625 [grpc-default-executor-10] INFO  client.GrpcClientProtocolClient (GrpcClientProtocolClient.java:onNext(264)) - client-51AF4E5A8EB0->b3ae6e77-09f2-43a9-bb74-0baf269e9625: receive RaftClientReply:client-51AF4E5A8EB0->b3ae6e77-09f2-43a9-bb74-0baf269e9625@group-CA81F8A6D43C, cid=247, SUCCESS, logIndex=15, commits[b3ae6e77-09f2-43a9-bb74-0baf269e9625:c23, 16d0fe26-9857-4477-8b2c-205100b6d095:c18, fbfdc5e7-35fe-4dec-93a8-24c91dabe6d4:c18]
2019-09-11 06:37:30,632 [grpc-default-executor-10] INFO  client.GrpcClientProtocolClient (GrpcClientProtocolClient.java:onNext(264)) - client-51AF4E5A8EB0->b3ae6e77-09f2-43a9-bb74-0baf269e9625: receive RaftClientReply:client-51AF4E5A8EB0->b3ae6e77-09f2-43a9-bb74-0baf269e9625@group-CA81F8A6D43C, cid=248, SUCCESS, logIndex=16, commits[b3ae6e77-09f2-43a9-bb74-0baf269e9625:c23, 16d0fe26-9857-4477-8b2c-205100b6d095:c18, fbfdc5e7-35fe-4dec-93a8-24c91dabe6d4:c18]
2019-09-11 06:37:30,633 [grpc-default-executor-10] INFO  client.GrpcClientProtocolClient (GrpcClientProtocolClient.java:onNext(264)) - client-51AF4E5A8EB0->b3ae6e77-09f2-43a9-bb74-0baf269e9625: receive RaftClientReply:client-51AF4E5A8EB0->b3ae6e77-09f2-43a9-bb74-0baf269e9625@group-CA81F8A6D43C, cid=249, SUCCESS, logIndex=17, commits[b3ae6e77-09f2-43a9-bb74-0baf269e9625:c23, 16d0fe26-9857-4477-8b2c-205100b6d095:c18, fbfdc5e7-35fe-4dec-93a8-24c91dabe6d4:c18]
2019-09-11 06:37:30,701 [grpc-default-executor-10] INFO  client.GrpcClientProtocolClient (GrpcClientProtocolClient.java:onNext(264)) - client-51AF4E5A8EB0->b3ae6e77-09f2-43a9-bb74-0baf269e9625: receive RaftClientReply:client-51AF4E5A8EB0->b3ae6e77-09f2-43a9-bb74-0baf269e9625@group-CA81F8A6D43C, cid=250, SUCCESS, logIndex=18, commits[b3ae6e77-09f2-43a9-bb74-0baf269e9625:c23, 16d0fe26-9857-4477-8b2c-205100b6d095:c18, fbfdc5e7-35fe-4dec-93a8-24c91dabe6d4:c18]
]]></system-out>
    <system-err><![CDATA[Sep 11, 2019 6:35:39 AM org.apache.ratis.thirdparty.io.grpc.internal.ManagedChannelOrphanWrapper$ManagedChannelReference cleanQueue
SEVERE: *~*~*~ Channel ManagedChannelImpl{logId=1478, target=192.168.36.125:37266} was not shutdown properly!!! ~*~*~*
    Make sure to call shutdown()/shutdownNow() and wait until awaitTermination() returns true.
java.lang.RuntimeException: ManagedChannel allocation site
	at org.apache.ratis.thirdparty.io.grpc.internal.ManagedChannelOrphanWrapper$ManagedChannelReference.<init>(ManagedChannelOrphanWrapper.java:103)
	at org.apache.ratis.thirdparty.io.grpc.internal.ManagedChannelOrphanWrapper.<init>(ManagedChannelOrphanWrapper.java:53)
	at org.apache.ratis.thirdparty.io.grpc.internal.ManagedChannelOrphanWrapper.<init>(ManagedChannelOrphanWrapper.java:44)
	at org.apache.ratis.thirdparty.io.grpc.internal.AbstractManagedChannelImplBuilder.build(AbstractManagedChannelImplBuilder.java:411)
	at org.apache.ratis.grpc.client.GrpcClientProtocolClient.<init>(GrpcClientProtocolClient.java:127)
	at org.apache.ratis.grpc.client.GrpcClientRpc.lambda$new$0(GrpcClientRpc.java:55)
	at org.apache.ratis.util.PeerProxyMap$PeerAndProxy.lambda$getProxy$0(PeerProxyMap.java:61)
	at org.apache.ratis.util.LifeCycle.startAndTransition(LifeCycle.java:202)
	at org.apache.ratis.util.PeerProxyMap$PeerAndProxy.getProxy(PeerProxyMap.java:60)
	at org.apache.ratis.util.PeerProxyMap.getProxy(PeerProxyMap.java:108)
	at org.apache.ratis.grpc.client.GrpcClientRpc.sendRequestAsync(GrpcClientRpc.java:66)
	at org.apache.ratis.client.impl.OrderedAsync.sendRequest(OrderedAsync.java:208)
	at org.apache.ratis.client.impl.OrderedAsync.sendRequestWithRetry(OrderedAsync.java:169)
	at org.apache.ratis.util.SlidingWindow$Client.sendOrDelayRequest(SlidingWindow.java:278)
	at org.apache.ratis.util.SlidingWindow$Client.retry(SlidingWindow.java:294)
	at org.apache.ratis.client.impl.OrderedAsync.lambda$scheduleWithTimeout$7(OrderedAsync.java:195)
	at org.apache.ratis.util.TimeoutScheduler.lambda$onTimeout$0(TimeoutScheduler.java:113)
	at org.apache.ratis.util.TimeoutScheduler.lambda$onTimeout$1(TimeoutScheduler.java:133)
	at org.apache.ratis.util.LogUtils.runAndLog(LogUtils.java:50)
	at org.apache.ratis.util.LogUtils$1.run(LogUtils.java:91)
	at java.util.concurrent.Executors$RunnableAdapter.call(Executors.java:511)
	at java.util.concurrent.FutureTask.run(FutureTask.java:266)
	at java.util.concurrent.ScheduledThreadPoolExecutor$ScheduledFutureTask.access$201(ScheduledThreadPoolExecutor.java:180)
	at java.util.concurrent.ScheduledThreadPoolExecutor$ScheduledFutureTask.run(ScheduledThreadPoolExecutor.java:293)
	at java.util.concurrent.ThreadPoolExecutor.runWorker(ThreadPoolExecutor.java:1149)
	at java.util.concurrent.ThreadPoolExecutor$Worker.run(ThreadPoolExecutor.java:624)
	at java.lang.Thread.run(Thread.java:748)

]]></system-err>
  </testcase>
</testsuite>