<?xml version="1.0" encoding="UTF-8"?>
<testsuite xmlns:xsi="http://www.w3.org/2001/XMLSchema-instance" xsi:noNamespaceSchemaLocation="https://maven.apache.org/surefire/maven-surefire-plugin/xsd/surefire-test-report.xsd" name="org.apache.hadoop.ozone.client.rpc.TestMultiBlockWritesWithDnFailures" time="142.298" tests="2" errors="1" skipped="0" failures="0">
  <properties>
    <property name="awt.toolkit" value="sun.awt.X11.XToolkit"/>
    <property name="file.encoding.pkg" value="sun.io"/>
    <property name="java.specification.version" value="1.8"/>
    <property name="sun.cpu.isalist" value=""/>
    <property name="sun.jnu.encoding" value="UTF-8"/>
    <property name="java.class.path" value="/workdir/hadoop-ozone/integration-test/target/test-classes:/workdir/hadoop-ozone/integration-test/target/classes:/home/user/.m2/repository/org/apache/hadoop/hadoop-ozone-common/0.5.0-SNAPSHOT/hadoop-ozone-common-0.5.0-SNAPSHOT.jar:/home/user/.m2/repository/org/apache/commons/commons-compress/1.4.1/commons-compress-1.4.1.jar:/home/user/.m2/repository/org/tukaani/xz/1.0/xz-1.0.jar:/home/user/.m2/repository/org/apache/hadoop/hadoop-common/3.2.0/hadoop-common-3.2.0.jar:/home/user/.m2/repository/org/apache/hadoop/hadoop-hdfs/3.2.0/hadoop-hdfs-3.2.0.jar:/home/user/.m2/repository/org/apache/hadoop/hadoop-hdfs-client/3.2.0/hadoop-hdfs-client-3.2.0.jar:/home/user/.m2/repository/com/fasterxml/jackson/core/jackson-annotations/2.9.5/jackson-annotations-2.9.5.jar:/home/user/.m2/repository/org/apache/hadoop/hadoop-hdds-common/0.5.0-SNAPSHOT/hadoop-hdds-common-0.5.0-SNAPSHOT.jar:/home/user/.m2/repository/javax/annotation/javax.annotation-api/1.2/javax.annotation-api-1.2.jar:/home/user/.m2/repository/org/apache/ratis/ratis-server/0.4.0-78e95b9-SNAPSHOT/ratis-server-0.4.0-78e95b9-SNAPSHOT.jar:/home/user/.m2/repository/org/apache/ratis/ratis-thirdparty-misc/0.2.0/ratis-thirdparty-misc-0.2.0.jar:/home/user/.m2/repository/org/apache/ratis/ratis-proto/0.4.0-78e95b9-SNAPSHOT/ratis-proto-0.4.0-78e95b9-SNAPSHOT.jar:/home/user/.m2/repository/org/apache/ratis/ratis-common/0.4.0-78e95b9-SNAPSHOT/ratis-common-0.4.0-78e95b9-SNAPSHOT.jar:/home/user/.m2/repository/org/apache/ratis/ratis-client/0.4.0-78e95b9-SNAPSHOT/ratis-client-0.4.0-78e95b9-SNAPSHOT.jar:/home/user/.m2/repository/org/apache/ratis/ratis-metrics/0.4.0-78e95b9-SNAPSHOT/ratis-metrics-0.4.0-78e95b9-SNAPSHOT.jar:/home/user/.m2/repository/com/github/joshelser/dropwizard-metrics-hadoop-metrics2-reporter/0.1.2/dropwizard-metrics-hadoop-metrics2-reporter-0.1.2.jar:/home/user/.m2/repository/io/dropwizard/metrics/metrics-jvm/3.2.5/metrics-jvm-3.2.5.jar:/home/user/.m2/repository/io/dropwizard/metrics/metrics-ganglia/3.2.5/metrics-ganglia-3.2.5.jar:/home/user/.m2/repository/info/ganglia/gmetric4j/gmetric4j/1.0.7/gmetric4j-1.0.7.jar:/home/user/.m2/repository/org/apache/ratis/ratis-netty/0.4.0-78e95b9-SNAPSHOT/ratis-netty-0.4.0-78e95b9-SNAPSHOT.jar:/home/user/.m2/repository/org/apache/ratis/ratis-grpc/0.4.0-78e95b9-SNAPSHOT/ratis-grpc-0.4.0-78e95b9-SNAPSHOT.jar:/home/user/.m2/repository/org/rocksdb/rocksdbjni/6.0.1/rocksdbjni-6.0.1.jar:/home/user/.m2/repository/org/apache/logging/log4j/log4j-api/2.11.0/log4j-api-2.11.0.jar:/home/user/.m2/repository/org/apache/logging/log4j/log4j-core/2.11.0/log4j-core-2.11.0.jar:/home/user/.m2/repository/com/lmax/disruptor/3.4.2/disruptor-3.4.2.jar:/home/user/.m2/repository/org/apache/commons/commons-pool2/2.6.0/commons-pool2-2.6.0.jar:/home/user/.m2/repository/org/bouncycastle/bcpkix-jdk15on/1.60/bcpkix-jdk15on-1.60.jar:/home/user/.m2/repository/commons-validator/commons-validator/1.6/commons-validator-1.6.jar:/home/user/.m2/repository/commons-digester/commons-digester/1.8.1/commons-digester-1.8.1.jar:/home/user/.m2/repository/io/jaegertracing/jaeger-client/0.33.1/jaeger-client-0.33.1.jar:/home/user/.m2/repository/io/jaegertracing/jaeger-thrift/0.33.1/jaeger-thrift-0.33.1.jar:/home/user/.m2/repository/org/apache/thrift/libthrift/0.11.0/libthrift-0.11.0.jar:/home/user/.m2/repository/com/squareup/okhttp3/okhttp/3.9.0/okhttp-3.9.0.jar:/home/user/.m2/repository/com/squareup/okio/okio/1.13.0/okio-1.13.0.jar:/home/user/.m2/repository/io/jaegertracing/jaeger-core/0.33.1/jaeger-core-0.33.1.jar:/home/user/.m2/repository/io/jaegertracing/jaeger-tracerresolver/0.33.1/jaeger-tracerresolver-0.33.1.jar:/home/user/.m2/repository/io/opentracing/contrib/opentracing-tracerresolver/0.1.5/opentracing-tracerresolver-0.1.5.jar:/home/user/.m2/repository/io/opentracing/opentracing-util/0.31.0/opentracing-util-0.31.0.jar:/home/user/.m2/repository/io/opentracing/opentracing-api/0.31.0/opentracing-api-0.31.0.jar:/home/user/.m2/repository/io/opentracing/opentracing-noop/0.31.0/opentracing-noop-0.31.0.jar:/home/user/.m2/repository/org/apache/hadoop/hadoop-hdds-server-framework/0.5.0-SNAPSHOT/hadoop-hdds-server-framework-0.5.0-SNAPSHOT.jar:/home/user/.m2/repository/org/apache/hadoop/hadoop-hdds-container-service/0.5.0-SNAPSHOT/hadoop-hdds-container-service-0.5.0-SNAPSHOT.jar:/home/user/.m2/repository/org/apache/hadoop/hadoop-hdds-client/0.5.0-SNAPSHOT/hadoop-hdds-client-0.5.0-SNAPSHOT.jar:/home/user/.m2/repository/org/apache/hadoop/hadoop-hdds-tools/0.5.0-SNAPSHOT/hadoop-hdds-tools-0.5.0-SNAPSHOT.jar:/home/user/.m2/repository/org/apache/hadoop/hadoop-hdds-server-scm/0.5.0-SNAPSHOT/hadoop-hdds-server-scm-0.5.0-SNAPSHOT.jar:/home/user/.m2/repository/org/apache/hadoop/hadoop-hdds-docs/0.5.0-SNAPSHOT/hadoop-hdds-docs-0.5.0-SNAPSHOT.jar:/home/user/.m2/repository/io/dropwizard/metrics/metrics-core/3.2.4/metrics-core-3.2.4.jar:/home/user/.m2/repository/org/hamcrest/hamcrest-all/1.3/hamcrest-all-1.3.jar:/home/user/.m2/repository/org/bouncycastle/bcprov-jdk15on/1.60/bcprov-jdk15on-1.60.jar:/home/user/.m2/repository/info/picocli/picocli/3.9.6/picocli-3.9.6.jar:/home/user/.m2/repository/com/google/protobuf/protobuf-java/2.5.0/protobuf-java-2.5.0.jar:/home/user/.m2/repository/com/google/guava/guava/11.0.2/guava-11.0.2.jar:/home/user/.m2/repository/org/apache/hadoop/hadoop-ozone-ozone-manager/0.5.0-SNAPSHOT/hadoop-ozone-ozone-manager-0.5.0-SNAPSHOT.jar:/home/user/.m2/repository/org/apache/hadoop/hadoop-minikdc/3.2.0/hadoop-minikdc-3.2.0.jar:/home/user/.m2/repository/commons-io/commons-io/2.5/commons-io-2.5.jar:/home/user/.m2/repository/org/apache/kerby/kerb-simplekdc/1.0.1/kerb-simplekdc-1.0.1.jar:/home/user/.m2/repository/org/apache/kerby/kerb-client/1.0.1/kerb-client-1.0.1.jar:/home/user/.m2/repository/org/apache/kerby/kerby-config/1.0.1/kerby-config-1.0.1.jar:/home/user/.m2/repository/org/apache/kerby/kerb-core/1.0.1/kerb-core-1.0.1.jar:/home/user/.m2/repository/org/apache/kerby/kerby-pkix/1.0.1/kerby-pkix-1.0.1.jar:/home/user/.m2/repository/org/apache/kerby/kerby-asn1/1.0.1/kerby-asn1-1.0.1.jar:/home/user/.m2/repository/org/apache/kerby/kerby-util/1.0.1/kerby-util-1.0.1.jar:/home/user/.m2/repository/org/apache/kerby/kerb-common/1.0.1/kerb-common-1.0.1.jar:/home/user/.m2/repository/org/apache/kerby/kerb-crypto/1.0.1/kerb-crypto-1.0.1.jar:/home/user/.m2/repository/org/apache/kerby/kerb-util/1.0.1/kerb-util-1.0.1.jar:/home/user/.m2/repository/org/apache/kerby/token-provider/1.0.1/token-provider-1.0.1.jar:/home/user/.m2/repository/org/apache/kerby/kerb-admin/1.0.1/kerb-admin-1.0.1.jar:/home/user/.m2/repository/org/apache/kerby/kerb-server/1.0.1/kerb-server-1.0.1.jar:/home/user/.m2/repository/org/apache/kerby/kerb-identity/1.0.1/kerb-identity-1.0.1.jar:/home/user/.m2/repository/org/apache/kerby/kerby-xdr/1.0.1/kerby-xdr-1.0.1.jar:/home/user/.m2/repository/org/slf4j/slf4j-log4j12/1.7.25/slf4j-log4j12-1.7.25.jar:/home/user/.m2/repository/org/apache/hadoop/hadoop-ozone-s3gateway/0.5.0-SNAPSHOT/hadoop-ozone-s3gateway-0.5.0-SNAPSHOT.jar:/home/user/.m2/repository/org/jboss/weld/servlet/weld-servlet/2.4.7.Final/weld-servlet-2.4.7.Final.jar:/home/user/.m2/repository/org/glassfish/jersey/containers/jersey-container-servlet-core/2.27/jersey-container-servlet-core-2.27.jar:/home/user/.m2/repository/org/glassfish/hk2/external/javax.inject/2.5.0-b42/javax.inject-2.5.0-b42.jar:/home/user/.m2/repository/org/glassfish/jersey/core/jersey-common/2.27/jersey-common-2.27.jar:/home/user/.m2/repository/org/glassfish/hk2/osgi-resource-locator/1.0.1/osgi-resource-locator-1.0.1.jar:/home/user/.m2/repository/javax/ws/rs/javax.ws.rs-api/2.1/javax.ws.rs-api-2.1.jar:/home/user/.m2/repository/org/glassfish/jersey/ext/cdi/jersey-cdi1x/2.27/jersey-cdi1x-2.27.jar:/home/user/.m2/repository/org/glassfish/jersey/inject/jersey-hk2/2.27/jersey-hk2-2.27.jar:/home/user/.m2/repository/org/glassfish/hk2/hk2-locator/2.5.0-b42/hk2-locator-2.5.0-b42.jar:/home/user/.m2/repository/org/javassist/javassist/3.22.0-CR2/javassist-3.22.0-CR2.jar:/home/user/.m2/repository/org/glassfish/hk2/hk2-api/2.5.0/hk2-api-2.5.0.jar:/home/user/.m2/repository/org/glassfish/hk2/external/jakarta.inject/2.5.0/jakarta.inject-2.5.0.jar:/home/user/.m2/repository/org/glassfish/hk2/hk2-utils/2.5.0/hk2-utils-2.5.0.jar:/home/user/.m2/repository/jakarta/annotation/jakarta.annotation-api/1.3.4/jakarta.annotation-api-1.3.4.jar:/home/user/.m2/repository/org/glassfish/hk2/external/aopalliance-repackaged/2.5.0/aopalliance-repackaged-2.5.0.jar:/home/user/.m2/repository/com/fasterxml/jackson/dataformat/jackson-dataformat-xml/2.9.0/jackson-dataformat-xml-2.9.0.jar:/home/user/.m2/repository/com/fasterxml/jackson/core/jackson-core/2.9.5/jackson-core-2.9.5.jar:/home/user/.m2/repository/com/fasterxml/jackson/module/jackson-module-jaxb-annotations/2.9.5/jackson-module-jaxb-annotations-2.9.5.jar:/home/user/.m2/repository/javax/enterprise/cdi-api/1.2/cdi-api-1.2.jar:/home/user/.m2/repository/javax/el/javax.el-api/3.0.0/javax.el-api-3.0.0.jar:/home/user/.m2/repository/javax/interceptor/javax.interceptor-api/1.2/javax.interceptor-api-1.2.jar:/home/user/.m2/repository/javax/inject/javax.inject/1/javax.inject-1.jar:/home/user/.m2/repository/com/sun/xml/bind/jaxb-impl/2.3.0.1/jaxb-impl-2.3.0.1.jar:/home/user/.m2/repository/com/sun/xml/bind/jaxb-core/2.3.0.1/jaxb-core-2.3.0.1.jar:/home/user/.m2/repository/javax/xml/bind/jaxb-api/2.3.0/jaxb-api-2.3.0.jar:/home/user/.m2/repository/javax/activation/activation/1.1.1/activation-1.1.1.jar:/home/user/.m2/repository/org/apache/hadoop/hadoop-ozone-csi/0.5.0-SNAPSHOT/hadoop-ozone-csi-0.5.0-SNAPSHOT.jar:/home/user/.m2/repository/com/google/protobuf/protobuf-java-util/3.5.1/protobuf-java-util-3.5.1.jar:/home/user/.m2/repository/org/apache/hadoop/hadoop-hdds-config/0.5.0-SNAPSHOT/hadoop-hdds-config-0.5.0-SNAPSHOT.jar:/home/user/.m2/repository/io/grpc/grpc-netty/1.17.1/grpc-netty-1.17.1.jar:/home/user/.m2/repository/io/grpc/grpc-core/1.17.1/grpc-core-1.17.1.jar:/home/user/.m2/repository/io/grpc/grpc-context/1.17.1/grpc-context-1.17.1.jar:/home/user/.m2/repository/com/google/errorprone/error_prone_annotations/2.2.0/error_prone_annotations-2.2.0.jar:/home/user/.m2/repository/org/codehaus/mojo/animal-sniffer-annotations/1.17/animal-sniffer-annotations-1.17.jar:/home/user/.m2/repository/io/opencensus/opencensus-api/0.17.0/opencensus-api-0.17.0.jar:/home/user/.m2/repository/io/opencensus/opencensus-contrib-grpc-metrics/0.17.0/opencensus-contrib-grpc-metrics-0.17.0.jar:/home/user/.m2/repository/io/netty/netty-codec-http2/4.1.30.Final/netty-codec-http2-4.1.30.Final.jar:/home/user/.m2/repository/io/netty/netty-codec-http/4.1.30.Final/netty-codec-http-4.1.30.Final.jar:/home/user/.m2/repository/io/netty/netty-codec/4.1.30.Final/netty-codec-4.1.30.Final.jar:/home/user/.m2/repository/io/netty/netty-handler/4.1.30.Final/netty-handler-4.1.30.Final.jar:/home/user/.m2/repository/io/netty/netty-handler-proxy/4.1.30.Final/netty-handler-proxy-4.1.30.Final.jar:/home/user/.m2/repository/io/netty/netty-codec-socks/4.1.30.Final/netty-codec-socks-4.1.30.Final.jar:/home/user/.m2/repository/io/netty/netty-transport-native-epoll/4.1.30.Final/netty-transport-native-epoll-4.1.30.Final.jar:/home/user/.m2/repository/io/netty/netty-common/4.1.30.Final/netty-common-4.1.30.Final.jar:/home/user/.m2/repository/io/netty/netty-buffer/4.1.30.Final/netty-buffer-4.1.30.Final.jar:/home/user/.m2/repository/io/netty/netty-transport/4.1.30.Final/netty-transport-4.1.30.Final.jar:/home/user/.m2/repository/io/netty/netty-resolver/4.1.30.Final/netty-resolver-4.1.30.Final.jar:/home/user/.m2/repository/io/netty/netty-transport-native-unix-common/4.1.30.Final/netty-transport-native-unix-common-4.1.30.Final.jar:/home/user/.m2/repository/io/grpc/grpc-protobuf/1.17.1/grpc-protobuf-1.17.1.jar:/home/user/.m2/repository/com/google/api/grpc/proto-google-common-protos/1.0.0/proto-google-common-protos-1.0.0.jar:/home/user/.m2/repository/io/grpc/grpc-protobuf-lite/1.17.1/grpc-protobuf-lite-1.17.1.jar:/home/user/.m2/repository/io/grpc/grpc-stub/1.17.1/grpc-stub-1.17.1.jar:/home/user/.m2/repository/org/apache/hadoop/hadoop-ozone-recon/0.5.0-SNAPSHOT/hadoop-ozone-recon-0.5.0-SNAPSHOT.jar:/home/user/.m2/repository/org/apache/hadoop/hadoop-ozone-reconcodegen/0.5.0-SNAPSHOT/hadoop-ozone-reconcodegen-0.5.0-SNAPSHOT.jar:/home/user/.m2/repository/com/google/inject/extensions/guice-multibindings/4.0/guice-multibindings-4.0.jar:/home/user/.m2/repository/com/google/inject/guice/4.0/guice-4.0.jar:/home/user/.m2/repository/aopalliance/aopalliance/1.0/aopalliance-1.0.jar:/home/user/.m2/repository/com/google/inject/extensions/guice-servlet/4.0/guice-servlet-4.0.jar:/home/user/.m2/repository/org/glassfish/jersey/containers/jersey-container-servlet/2.27/jersey-container-servlet-2.27.jar:/home/user/.m2/repository/org/glassfish/hk2/guice-bridge/2.5.0/guice-bridge-2.5.0.jar:/home/user/.m2/repository/org/glassfish/jersey/core/jersey-server/2.27/jersey-server-2.27.jar:/home/user/.m2/repository/org/glassfish/jersey/core/jersey-client/2.27/jersey-client-2.27.jar:/home/user/.m2/repository/org/glassfish/jersey/media/jersey-media-jaxb/2.27/jersey-media-jaxb-2.27.jar:/home/user/.m2/repository/javax/validation/validation-api/1.1.0.Final/validation-api-1.1.0.Final.jar:/home/user/.m2/repository/org/glassfish/jersey/media/jersey-media-json-jackson/2.27/jersey-media-json-jackson-2.27.jar:/home/user/.m2/repository/org/glassfish/jersey/ext/jersey-entity-filtering/2.27/jersey-entity-filtering-2.27.jar:/home/user/.m2/repository/com/google/inject/extensions/guice-assistedinject/4.0/guice-assistedinject-4.0.jar:/home/user/.m2/repository/org/jooq/jooq/3.11.10/jooq-3.11.10.jar:/home/user/.m2/repository/org/jooq/jooq-meta/3.11.10/jooq-meta-3.11.10.jar:/home/user/.m2/repository/org/jooq/jooq-codegen/3.11.10/jooq-codegen-3.11.10.jar:/home/user/.m2/repository/com/jolbox/bonecp/0.8.0.RELEASE/bonecp-0.8.0.RELEASE.jar:/home/user/.m2/repository/org/xerial/sqlite-jdbc/3.25.2/sqlite-jdbc-3.25.2.jar:/home/user/.m2/repository/org/springframework/spring-jdbc/5.1.3.RELEASE/spring-jdbc-5.1.3.RELEASE.jar:/home/user/.m2/repository/org/springframework/spring-beans/5.1.3.RELEASE/spring-beans-5.1.3.RELEASE.jar:/home/user/.m2/repository/org/springframework/spring-core/5.1.3.RELEASE/spring-core-5.1.3.RELEASE.jar:/home/user/.m2/repository/org/springframework/spring-jcl/5.1.3.RELEASE/spring-jcl-5.1.3.RELEASE.jar:/home/user/.m2/repository/org/springframework/spring-tx/5.1.3.RELEASE/spring-tx-5.1.3.RELEASE.jar:/home/user/.m2/repository/org/apache/hadoop/hadoop-ozone-client/0.5.0-SNAPSHOT/hadoop-ozone-client-0.5.0-SNAPSHOT.jar:/home/user/.m2/repository/commons-lang/commons-lang/2.6/commons-lang-2.6.jar:/home/user/.m2/repository/org/apache/hadoop/hadoop-ozone-ozone-manager/0.5.0-SNAPSHOT/hadoop-ozone-ozone-manager-0.5.0-SNAPSHOT-tests.jar:/home/user/.m2/repository/junit/junit/4.11/junit-4.11.jar:/home/user/.m2/repository/org/hamcrest/hamcrest-core/1.3/hamcrest-core-1.3.jar:/home/user/.m2/repository/org/openjdk/jmh/jmh-core/1.19/jmh-core-1.19.jar:/home/user/.m2/repository/net/sf/jopt-simple/jopt-simple/4.6/jopt-simple-4.6.jar:/home/user/.m2/repository/org/apache/commons/commons-math3/3.1.1/commons-math3-3.1.1.jar:/home/user/.m2/repository/org/openjdk/jmh/jmh-generator-annprocess/1.19/jmh-generator-annprocess-1.19.jar:/home/user/.m2/repository/org/mockito/mockito-all/1.8.5/mockito-all-1.8.5.jar:/home/user/.m2/repository/org/apache/hadoop/hadoop-kms/3.2.0/hadoop-kms-3.2.0.jar:/home/user/.m2/repository/org/apache/hadoop/hadoop-auth/3.2.0/hadoop-auth-3.2.0.jar:/home/user/.m2/repository/com/nimbusds/nimbus-jose-jwt/4.41.1/nimbus-jose-jwt-4.41.1.jar:/home/user/.m2/repository/com/github/stephenc/jcip/jcip-annotations/1.0-1/jcip-annotations-1.0-1.jar:/home/user/.m2/repository/net/minidev/json-smart/2.3/json-smart-2.3.jar:/home/user/.m2/repository/net/minidev/accessors-smart/1.2/accessors-smart-1.2.jar:/home/user/.m2/repository/org/ow2/asm/asm/5.0.4/asm-5.0.4.jar:/home/user/.m2/repository/org/apache/curator/curator-framework/2.12.0/curator-framework-2.12.0.jar:/home/user/.m2/repository/com/sun/jersey/jersey-core/1.19/jersey-core-1.19.jar:/home/user/.m2/repository/javax/ws/rs/jsr311-api/1.1.1/jsr311-api-1.1.1.jar:/home/user/.m2/repository/com/sun/jersey/jersey-server/1.19/jersey-server-1.19.jar:/home/user/.m2/repository/javax/servlet/javax.servlet-api/3.1.0/javax.servlet-api-3.1.0.jar:/home/user/.m2/repository/org/eclipse/jetty/jetty-server/9.3.24.v20180605/jetty-server-9.3.24.v20180605.jar:/home/user/.m2/repository/org/eclipse/jetty/jetty-http/9.3.24.v20180605/jetty-http-9.3.24.v20180605.jar:/home/user/.m2/repository/org/eclipse/jetty/jetty-io/9.3.24.v20180605/jetty-io-9.3.24.v20180605.jar:/home/user/.m2/repository/org/eclipse/jetty/jetty-webapp/9.3.24.v20180605/jetty-webapp-9.3.24.v20180605.jar:/home/user/.m2/repository/org/eclipse/jetty/jetty-xml/9.3.24.v20180605/jetty-xml-9.3.24.v20180605.jar:/home/user/.m2/repository/log4j/log4j/1.2.17/log4j-1.2.17.jar:/home/user/.m2/repository/org/slf4j/slf4j-api/1.7.25/slf4j-api-1.7.25.jar:/home/user/.m2/repository/org/slf4j/jul-to-slf4j/1.7.25/jul-to-slf4j-1.7.25.jar:/home/user/.m2/repository/org/eclipse/jetty/jetty-util/9.3.24.v20180605/jetty-util-9.3.24.v20180605.jar:/home/user/.m2/repository/com/fasterxml/jackson/core/jackson-databind/2.9.5/jackson-databind-2.9.5.jar:/home/user/.m2/repository/org/apache/hadoop/hadoop-kms/3.2.0/hadoop-kms-3.2.0-tests.jar:/home/user/.m2/repository/org/apache/hadoop/hadoop-hdds-server-scm/0.5.0-SNAPSHOT/hadoop-hdds-server-scm-0.5.0-SNAPSHOT-tests.jar:/home/user/.m2/repository/org/apache/hadoop/hadoop-hdds-container-service/0.5.0-SNAPSHOT/hadoop-hdds-container-service-0.5.0-SNAPSHOT-tests.jar:/home/user/.m2/repository/org/yaml/snakeyaml/1.16/snakeyaml-1.16.jar:/home/user/.m2/repository/org/apache/hadoop/hadoop-common/3.2.0/hadoop-common-3.2.0-tests.jar:/home/user/.m2/repository/org/apache/hadoop/hadoop-annotations/3.2.0/hadoop-annotations-3.2.0.jar:/usr/lib/jvm/java-1.8-openjdk/jre/../lib/tools.jar:/home/user/.m2/repository/commons-cli/commons-cli/1.2/commons-cli-1.2.jar:/home/user/.m2/repository/org/apache/httpcomponents/httpclient/4.5.2/httpclient-4.5.2.jar:/home/user/.m2/repository/org/apache/httpcomponents/httpcore/4.4.4/httpcore-4.4.4.jar:/home/user/.m2/repository/commons-codec/commons-codec/1.11/commons-codec-1.11.jar:/home/user/.m2/repository/commons-net/commons-net/3.6/commons-net-3.6.jar:/home/user/.m2/repository/commons-collections/commons-collections/3.2.2/commons-collections-3.2.2.jar:/home/user/.m2/repository/org/eclipse/jetty/jetty-servlet/9.3.24.v20180605/jetty-servlet-9.3.24.v20180605.jar:/home/user/.m2/repository/org/eclipse/jetty/jetty-security/9.3.24.v20180605/jetty-security-9.3.24.v20180605.jar:/home/user/.m2/repository/javax/servlet/jsp/jsp-api/2.1/jsp-api-2.1.jar:/home/user/.m2/repository/com/sun/jersey/jersey-servlet/1.19/jersey-servlet-1.19.jar:/home/user/.m2/repository/com/sun/jersey/jersey-json/1.19/jersey-json-1.19.jar:/home/user/.m2/repository/org/codehaus/jettison/jettison/1.1/jettison-1.1.jar:/home/user/.m2/repository/org/codehaus/jackson/jackson-core-asl/1.9.13/jackson-core-asl-1.9.13.jar:/home/user/.m2/repository/org/codehaus/jackson/jackson-mapper-asl/1.9.13/jackson-mapper-asl-1.9.13.jar:/home/user/.m2/repository/org/codehaus/jackson/jackson-jaxrs/1.9.13/jackson-jaxrs-1.9.13.jar:/home/user/.m2/repository/org/codehaus/jackson/jackson-xc/1.9.13/jackson-xc-1.9.13.jar:/home/user/.m2/repository/commons-logging/commons-logging/1.1.3/commons-logging-1.1.3.jar:/home/user/.m2/repository/commons-beanutils/commons-beanutils/1.9.3/commons-beanutils-1.9.3.jar:/home/user/.m2/repository/org/apache/commons/commons-configuration2/2.1.1/commons-configuration2-2.1.1.jar:/home/user/.m2/repository/org/apache/commons/commons-lang3/3.7/commons-lang3-3.7.jar:/home/user/.m2/repository/org/apache/commons/commons-text/1.4/commons-text-1.4.jar:/home/user/.m2/repository/org/apache/avro/avro/1.7.7/avro-1.7.7.jar:/home/user/.m2/repository/com/thoughtworks/paranamer/paranamer/2.3/paranamer-2.3.jar:/home/user/.m2/repository/org/xerial/snappy/snappy-java/1.0.5/snappy-java-1.0.5.jar:/home/user/.m2/repository/com/google/re2j/re2j/1.1/re2j-1.1.jar:/home/user/.m2/repository/com/google/code/gson/gson/2.2.4/gson-2.2.4.jar:/home/user/.m2/repository/com/jcraft/jsch/0.1.54/jsch-0.1.54.jar:/home/user/.m2/repository/org/apache/curator/curator-client/2.12.0/curator-client-2.12.0.jar:/home/user/.m2/repository/org/apache/curator/curator-recipes/2.12.0/curator-recipes-2.12.0.jar:/home/user/.m2/repository/com/google/code/findbugs/jsr305/3.0.0/jsr305-3.0.0.jar:/home/user/.m2/repository/org/apache/htrace/htrace-core4/4.1.0-incubating/htrace-core4-4.1.0-incubating.jar:/home/user/.m2/repository/org/apache/zookeeper/zookeeper/3.4.13/zookeeper-3.4.13.jar:/home/user/.m2/repository/org/apache/yetus/audience-annotations/0.5.0/audience-annotations-0.5.0.jar:/home/user/.m2/repository/org/codehaus/woodstox/stax2-api/3.1.4/stax2-api-3.1.4.jar:/home/user/.m2/repository/com/fasterxml/woodstox/woodstox-core/5.0.3/woodstox-core-5.0.3.jar:/home/user/.m2/repository/dnsjava/dnsjava/2.1.7/dnsjava-2.1.7.jar:/home/user/.m2/repository/org/apache/hadoop/hadoop-hdfs/3.2.0/hadoop-hdfs-3.2.0-tests.jar:/home/user/.m2/repository/org/eclipse/jetty/jetty-util-ajax/9.3.24.v20180605/jetty-util-ajax-9.3.24.v20180605.jar:/home/user/.m2/repository/commons-daemon/commons-daemon/1.0.13/commons-daemon-1.0.13.jar:/home/user/.m2/repository/io/netty/netty/3.10.5.Final/netty-3.10.5.Final.jar:/home/user/.m2/repository/io/netty/netty-all/4.0.52.Final/netty-all-4.0.52.Final.jar:/home/user/.m2/repository/org/fusesource/leveldbjni/leveldbjni-all/1.8/leveldbjni-all-1.8.jar:"/>
    <property name="java.vm.vendor" value="IcedTea"/>
    <property name="sun.arch.data.model" value="64"/>
    <property name="test.build.dir" value="/workdir/hadoop-ozone/integration-test/target/test-dir"/>
    <property name="test.cache.data" value=""/>
    <property name="java.vendor.url" value="https://icedtea.classpath.org"/>
    <property name="user.timezone" value=""/>
    <property name="java.vm.specification.version" value="1.8"/>
    <property name="os.name" value="Linux"/>
    <property name="test.build.data" value="/workdir/hadoop-ozone/integration-test/target/test-dir"/>
    <property name="user.country" value="US"/>
    <property name="sun.java.launcher" value="SUN_STANDARD"/>
    <property name="sun.boot.library.path" value="/usr/lib/jvm/java-1.8-openjdk/jre/lib/amd64"/>
    <property name="sun.java.command" value="/workdir/hadoop-ozone/integration-test/target/surefire/surefirebooter3898211860899401341.jar /workdir/hadoop-ozone/integration-test/target/surefire 2019-09-11T05-14-36_521-jvmRun1 surefire5516412844742595381tmp surefire_146441005190775024111tmp"/>
    <property name="test" value="!TestMiniChaosOzoneCluster"/>
    <property name="surefire.test.class.path" value="/workdir/hadoop-ozone/integration-test/target/test-classes:/workdir/hadoop-ozone/integration-test/target/classes:/home/user/.m2/repository/org/apache/hadoop/hadoop-ozone-common/0.5.0-SNAPSHOT/hadoop-ozone-common-0.5.0-SNAPSHOT.jar:/home/user/.m2/repository/org/apache/commons/commons-compress/1.4.1/commons-compress-1.4.1.jar:/home/user/.m2/repository/org/tukaani/xz/1.0/xz-1.0.jar:/home/user/.m2/repository/org/apache/hadoop/hadoop-common/3.2.0/hadoop-common-3.2.0.jar:/home/user/.m2/repository/org/apache/hadoop/hadoop-hdfs/3.2.0/hadoop-hdfs-3.2.0.jar:/home/user/.m2/repository/org/apache/hadoop/hadoop-hdfs-client/3.2.0/hadoop-hdfs-client-3.2.0.jar:/home/user/.m2/repository/com/fasterxml/jackson/core/jackson-annotations/2.9.5/jackson-annotations-2.9.5.jar:/home/user/.m2/repository/org/apache/hadoop/hadoop-hdds-common/0.5.0-SNAPSHOT/hadoop-hdds-common-0.5.0-SNAPSHOT.jar:/home/user/.m2/repository/javax/annotation/javax.annotation-api/1.2/javax.annotation-api-1.2.jar:/home/user/.m2/repository/org/apache/ratis/ratis-server/0.4.0-78e95b9-SNAPSHOT/ratis-server-0.4.0-78e95b9-SNAPSHOT.jar:/home/user/.m2/repository/org/apache/ratis/ratis-thirdparty-misc/0.2.0/ratis-thirdparty-misc-0.2.0.jar:/home/user/.m2/repository/org/apache/ratis/ratis-proto/0.4.0-78e95b9-SNAPSHOT/ratis-proto-0.4.0-78e95b9-SNAPSHOT.jar:/home/user/.m2/repository/org/apache/ratis/ratis-common/0.4.0-78e95b9-SNAPSHOT/ratis-common-0.4.0-78e95b9-SNAPSHOT.jar:/home/user/.m2/repository/org/apache/ratis/ratis-client/0.4.0-78e95b9-SNAPSHOT/ratis-client-0.4.0-78e95b9-SNAPSHOT.jar:/home/user/.m2/repository/org/apache/ratis/ratis-metrics/0.4.0-78e95b9-SNAPSHOT/ratis-metrics-0.4.0-78e95b9-SNAPSHOT.jar:/home/user/.m2/repository/com/github/joshelser/dropwizard-metrics-hadoop-metrics2-reporter/0.1.2/dropwizard-metrics-hadoop-metrics2-reporter-0.1.2.jar:/home/user/.m2/repository/io/dropwizard/metrics/metrics-jvm/3.2.5/metrics-jvm-3.2.5.jar:/home/user/.m2/repository/io/dropwizard/metrics/metrics-ganglia/3.2.5/metrics-ganglia-3.2.5.jar:/home/user/.m2/repository/info/ganglia/gmetric4j/gmetric4j/1.0.7/gmetric4j-1.0.7.jar:/home/user/.m2/repository/org/apache/ratis/ratis-netty/0.4.0-78e95b9-SNAPSHOT/ratis-netty-0.4.0-78e95b9-SNAPSHOT.jar:/home/user/.m2/repository/org/apache/ratis/ratis-grpc/0.4.0-78e95b9-SNAPSHOT/ratis-grpc-0.4.0-78e95b9-SNAPSHOT.jar:/home/user/.m2/repository/org/rocksdb/rocksdbjni/6.0.1/rocksdbjni-6.0.1.jar:/home/user/.m2/repository/org/apache/logging/log4j/log4j-api/2.11.0/log4j-api-2.11.0.jar:/home/user/.m2/repository/org/apache/logging/log4j/log4j-core/2.11.0/log4j-core-2.11.0.jar:/home/user/.m2/repository/com/lmax/disruptor/3.4.2/disruptor-3.4.2.jar:/home/user/.m2/repository/org/apache/commons/commons-pool2/2.6.0/commons-pool2-2.6.0.jar:/home/user/.m2/repository/org/bouncycastle/bcpkix-jdk15on/1.60/bcpkix-jdk15on-1.60.jar:/home/user/.m2/repository/commons-validator/commons-validator/1.6/commons-validator-1.6.jar:/home/user/.m2/repository/commons-digester/commons-digester/1.8.1/commons-digester-1.8.1.jar:/home/user/.m2/repository/io/jaegertracing/jaeger-client/0.33.1/jaeger-client-0.33.1.jar:/home/user/.m2/repository/io/jaegertracing/jaeger-thrift/0.33.1/jaeger-thrift-0.33.1.jar:/home/user/.m2/repository/org/apache/thrift/libthrift/0.11.0/libthrift-0.11.0.jar:/home/user/.m2/repository/com/squareup/okhttp3/okhttp/3.9.0/okhttp-3.9.0.jar:/home/user/.m2/repository/com/squareup/okio/okio/1.13.0/okio-1.13.0.jar:/home/user/.m2/repository/io/jaegertracing/jaeger-core/0.33.1/jaeger-core-0.33.1.jar:/home/user/.m2/repository/io/jaegertracing/jaeger-tracerresolver/0.33.1/jaeger-tracerresolver-0.33.1.jar:/home/user/.m2/repository/io/opentracing/contrib/opentracing-tracerresolver/0.1.5/opentracing-tracerresolver-0.1.5.jar:/home/user/.m2/repository/io/opentracing/opentracing-util/0.31.0/opentracing-util-0.31.0.jar:/home/user/.m2/repository/io/opentracing/opentracing-api/0.31.0/opentracing-api-0.31.0.jar:/home/user/.m2/repository/io/opentracing/opentracing-noop/0.31.0/opentracing-noop-0.31.0.jar:/home/user/.m2/repository/org/apache/hadoop/hadoop-hdds-server-framework/0.5.0-SNAPSHOT/hadoop-hdds-server-framework-0.5.0-SNAPSHOT.jar:/home/user/.m2/repository/org/apache/hadoop/hadoop-hdds-container-service/0.5.0-SNAPSHOT/hadoop-hdds-container-service-0.5.0-SNAPSHOT.jar:/home/user/.m2/repository/org/apache/hadoop/hadoop-hdds-client/0.5.0-SNAPSHOT/hadoop-hdds-client-0.5.0-SNAPSHOT.jar:/home/user/.m2/repository/org/apache/hadoop/hadoop-hdds-tools/0.5.0-SNAPSHOT/hadoop-hdds-tools-0.5.0-SNAPSHOT.jar:/home/user/.m2/repository/org/apache/hadoop/hadoop-hdds-server-scm/0.5.0-SNAPSHOT/hadoop-hdds-server-scm-0.5.0-SNAPSHOT.jar:/home/user/.m2/repository/org/apache/hadoop/hadoop-hdds-docs/0.5.0-SNAPSHOT/hadoop-hdds-docs-0.5.0-SNAPSHOT.jar:/home/user/.m2/repository/io/dropwizard/metrics/metrics-core/3.2.4/metrics-core-3.2.4.jar:/home/user/.m2/repository/org/hamcrest/hamcrest-all/1.3/hamcrest-all-1.3.jar:/home/user/.m2/repository/org/bouncycastle/bcprov-jdk15on/1.60/bcprov-jdk15on-1.60.jar:/home/user/.m2/repository/info/picocli/picocli/3.9.6/picocli-3.9.6.jar:/home/user/.m2/repository/com/google/protobuf/protobuf-java/2.5.0/protobuf-java-2.5.0.jar:/home/user/.m2/repository/com/google/guava/guava/11.0.2/guava-11.0.2.jar:/home/user/.m2/repository/org/apache/hadoop/hadoop-ozone-ozone-manager/0.5.0-SNAPSHOT/hadoop-ozone-ozone-manager-0.5.0-SNAPSHOT.jar:/home/user/.m2/repository/org/apache/hadoop/hadoop-minikdc/3.2.0/hadoop-minikdc-3.2.0.jar:/home/user/.m2/repository/commons-io/commons-io/2.5/commons-io-2.5.jar:/home/user/.m2/repository/org/apache/kerby/kerb-simplekdc/1.0.1/kerb-simplekdc-1.0.1.jar:/home/user/.m2/repository/org/apache/kerby/kerb-client/1.0.1/kerb-client-1.0.1.jar:/home/user/.m2/repository/org/apache/kerby/kerby-config/1.0.1/kerby-config-1.0.1.jar:/home/user/.m2/repository/org/apache/kerby/kerb-core/1.0.1/kerb-core-1.0.1.jar:/home/user/.m2/repository/org/apache/kerby/kerby-pkix/1.0.1/kerby-pkix-1.0.1.jar:/home/user/.m2/repository/org/apache/kerby/kerby-asn1/1.0.1/kerby-asn1-1.0.1.jar:/home/user/.m2/repository/org/apache/kerby/kerby-util/1.0.1/kerby-util-1.0.1.jar:/home/user/.m2/repository/org/apache/kerby/kerb-common/1.0.1/kerb-common-1.0.1.jar:/home/user/.m2/repository/org/apache/kerby/kerb-crypto/1.0.1/kerb-crypto-1.0.1.jar:/home/user/.m2/repository/org/apache/kerby/kerb-util/1.0.1/kerb-util-1.0.1.jar:/home/user/.m2/repository/org/apache/kerby/token-provider/1.0.1/token-provider-1.0.1.jar:/home/user/.m2/repository/org/apache/kerby/kerb-admin/1.0.1/kerb-admin-1.0.1.jar:/home/user/.m2/repository/org/apache/kerby/kerb-server/1.0.1/kerb-server-1.0.1.jar:/home/user/.m2/repository/org/apache/kerby/kerb-identity/1.0.1/kerb-identity-1.0.1.jar:/home/user/.m2/repository/org/apache/kerby/kerby-xdr/1.0.1/kerby-xdr-1.0.1.jar:/home/user/.m2/repository/org/slf4j/slf4j-log4j12/1.7.25/slf4j-log4j12-1.7.25.jar:/home/user/.m2/repository/org/apache/hadoop/hadoop-ozone-s3gateway/0.5.0-SNAPSHOT/hadoop-ozone-s3gateway-0.5.0-SNAPSHOT.jar:/home/user/.m2/repository/org/jboss/weld/servlet/weld-servlet/2.4.7.Final/weld-servlet-2.4.7.Final.jar:/home/user/.m2/repository/org/glassfish/jersey/containers/jersey-container-servlet-core/2.27/jersey-container-servlet-core-2.27.jar:/home/user/.m2/repository/org/glassfish/hk2/external/javax.inject/2.5.0-b42/javax.inject-2.5.0-b42.jar:/home/user/.m2/repository/org/glassfish/jersey/core/jersey-common/2.27/jersey-common-2.27.jar:/home/user/.m2/repository/org/glassfish/hk2/osgi-resource-locator/1.0.1/osgi-resource-locator-1.0.1.jar:/home/user/.m2/repository/javax/ws/rs/javax.ws.rs-api/2.1/javax.ws.rs-api-2.1.jar:/home/user/.m2/repository/org/glassfish/jersey/ext/cdi/jersey-cdi1x/2.27/jersey-cdi1x-2.27.jar:/home/user/.m2/repository/org/glassfish/jersey/inject/jersey-hk2/2.27/jersey-hk2-2.27.jar:/home/user/.m2/repository/org/glassfish/hk2/hk2-locator/2.5.0-b42/hk2-locator-2.5.0-b42.jar:/home/user/.m2/repository/org/javassist/javassist/3.22.0-CR2/javassist-3.22.0-CR2.jar:/home/user/.m2/repository/org/glassfish/hk2/hk2-api/2.5.0/hk2-api-2.5.0.jar:/home/user/.m2/repository/org/glassfish/hk2/external/jakarta.inject/2.5.0/jakarta.inject-2.5.0.jar:/home/user/.m2/repository/org/glassfish/hk2/hk2-utils/2.5.0/hk2-utils-2.5.0.jar:/home/user/.m2/repository/jakarta/annotation/jakarta.annotation-api/1.3.4/jakarta.annotation-api-1.3.4.jar:/home/user/.m2/repository/org/glassfish/hk2/external/aopalliance-repackaged/2.5.0/aopalliance-repackaged-2.5.0.jar:/home/user/.m2/repository/com/fasterxml/jackson/dataformat/jackson-dataformat-xml/2.9.0/jackson-dataformat-xml-2.9.0.jar:/home/user/.m2/repository/com/fasterxml/jackson/core/jackson-core/2.9.5/jackson-core-2.9.5.jar:/home/user/.m2/repository/com/fasterxml/jackson/module/jackson-module-jaxb-annotations/2.9.5/jackson-module-jaxb-annotations-2.9.5.jar:/home/user/.m2/repository/javax/enterprise/cdi-api/1.2/cdi-api-1.2.jar:/home/user/.m2/repository/javax/el/javax.el-api/3.0.0/javax.el-api-3.0.0.jar:/home/user/.m2/repository/javax/interceptor/javax.interceptor-api/1.2/javax.interceptor-api-1.2.jar:/home/user/.m2/repository/javax/inject/javax.inject/1/javax.inject-1.jar:/home/user/.m2/repository/com/sun/xml/bind/jaxb-impl/2.3.0.1/jaxb-impl-2.3.0.1.jar:/home/user/.m2/repository/com/sun/xml/bind/jaxb-core/2.3.0.1/jaxb-core-2.3.0.1.jar:/home/user/.m2/repository/javax/xml/bind/jaxb-api/2.3.0/jaxb-api-2.3.0.jar:/home/user/.m2/repository/javax/activation/activation/1.1.1/activation-1.1.1.jar:/home/user/.m2/repository/org/apache/hadoop/hadoop-ozone-csi/0.5.0-SNAPSHOT/hadoop-ozone-csi-0.5.0-SNAPSHOT.jar:/home/user/.m2/repository/com/google/protobuf/protobuf-java-util/3.5.1/protobuf-java-util-3.5.1.jar:/home/user/.m2/repository/org/apache/hadoop/hadoop-hdds-config/0.5.0-SNAPSHOT/hadoop-hdds-config-0.5.0-SNAPSHOT.jar:/home/user/.m2/repository/io/grpc/grpc-netty/1.17.1/grpc-netty-1.17.1.jar:/home/user/.m2/repository/io/grpc/grpc-core/1.17.1/grpc-core-1.17.1.jar:/home/user/.m2/repository/io/grpc/grpc-context/1.17.1/grpc-context-1.17.1.jar:/home/user/.m2/repository/com/google/errorprone/error_prone_annotations/2.2.0/error_prone_annotations-2.2.0.jar:/home/user/.m2/repository/org/codehaus/mojo/animal-sniffer-annotations/1.17/animal-sniffer-annotations-1.17.jar:/home/user/.m2/repository/io/opencensus/opencensus-api/0.17.0/opencensus-api-0.17.0.jar:/home/user/.m2/repository/io/opencensus/opencensus-contrib-grpc-metrics/0.17.0/opencensus-contrib-grpc-metrics-0.17.0.jar:/home/user/.m2/repository/io/netty/netty-codec-http2/4.1.30.Final/netty-codec-http2-4.1.30.Final.jar:/home/user/.m2/repository/io/netty/netty-codec-http/4.1.30.Final/netty-codec-http-4.1.30.Final.jar:/home/user/.m2/repository/io/netty/netty-codec/4.1.30.Final/netty-codec-4.1.30.Final.jar:/home/user/.m2/repository/io/netty/netty-handler/4.1.30.Final/netty-handler-4.1.30.Final.jar:/home/user/.m2/repository/io/netty/netty-handler-proxy/4.1.30.Final/netty-handler-proxy-4.1.30.Final.jar:/home/user/.m2/repository/io/netty/netty-codec-socks/4.1.30.Final/netty-codec-socks-4.1.30.Final.jar:/home/user/.m2/repository/io/netty/netty-transport-native-epoll/4.1.30.Final/netty-transport-native-epoll-4.1.30.Final.jar:/home/user/.m2/repository/io/netty/netty-common/4.1.30.Final/netty-common-4.1.30.Final.jar:/home/user/.m2/repository/io/netty/netty-buffer/4.1.30.Final/netty-buffer-4.1.30.Final.jar:/home/user/.m2/repository/io/netty/netty-transport/4.1.30.Final/netty-transport-4.1.30.Final.jar:/home/user/.m2/repository/io/netty/netty-resolver/4.1.30.Final/netty-resolver-4.1.30.Final.jar:/home/user/.m2/repository/io/netty/netty-transport-native-unix-common/4.1.30.Final/netty-transport-native-unix-common-4.1.30.Final.jar:/home/user/.m2/repository/io/grpc/grpc-protobuf/1.17.1/grpc-protobuf-1.17.1.jar:/home/user/.m2/repository/com/google/api/grpc/proto-google-common-protos/1.0.0/proto-google-common-protos-1.0.0.jar:/home/user/.m2/repository/io/grpc/grpc-protobuf-lite/1.17.1/grpc-protobuf-lite-1.17.1.jar:/home/user/.m2/repository/io/grpc/grpc-stub/1.17.1/grpc-stub-1.17.1.jar:/home/user/.m2/repository/org/apache/hadoop/hadoop-ozone-recon/0.5.0-SNAPSHOT/hadoop-ozone-recon-0.5.0-SNAPSHOT.jar:/home/user/.m2/repository/org/apache/hadoop/hadoop-ozone-reconcodegen/0.5.0-SNAPSHOT/hadoop-ozone-reconcodegen-0.5.0-SNAPSHOT.jar:/home/user/.m2/repository/com/google/inject/extensions/guice-multibindings/4.0/guice-multibindings-4.0.jar:/home/user/.m2/repository/com/google/inject/guice/4.0/guice-4.0.jar:/home/user/.m2/repository/aopalliance/aopalliance/1.0/aopalliance-1.0.jar:/home/user/.m2/repository/com/google/inject/extensions/guice-servlet/4.0/guice-servlet-4.0.jar:/home/user/.m2/repository/org/glassfish/jersey/containers/jersey-container-servlet/2.27/jersey-container-servlet-2.27.jar:/home/user/.m2/repository/org/glassfish/hk2/guice-bridge/2.5.0/guice-bridge-2.5.0.jar:/home/user/.m2/repository/org/glassfish/jersey/core/jersey-server/2.27/jersey-server-2.27.jar:/home/user/.m2/repository/org/glassfish/jersey/core/jersey-client/2.27/jersey-client-2.27.jar:/home/user/.m2/repository/org/glassfish/jersey/media/jersey-media-jaxb/2.27/jersey-media-jaxb-2.27.jar:/home/user/.m2/repository/javax/validation/validation-api/1.1.0.Final/validation-api-1.1.0.Final.jar:/home/user/.m2/repository/org/glassfish/jersey/media/jersey-media-json-jackson/2.27/jersey-media-json-jackson-2.27.jar:/home/user/.m2/repository/org/glassfish/jersey/ext/jersey-entity-filtering/2.27/jersey-entity-filtering-2.27.jar:/home/user/.m2/repository/com/google/inject/extensions/guice-assistedinject/4.0/guice-assistedinject-4.0.jar:/home/user/.m2/repository/org/jooq/jooq/3.11.10/jooq-3.11.10.jar:/home/user/.m2/repository/org/jooq/jooq-meta/3.11.10/jooq-meta-3.11.10.jar:/home/user/.m2/repository/org/jooq/jooq-codegen/3.11.10/jooq-codegen-3.11.10.jar:/home/user/.m2/repository/com/jolbox/bonecp/0.8.0.RELEASE/bonecp-0.8.0.RELEASE.jar:/home/user/.m2/repository/org/xerial/sqlite-jdbc/3.25.2/sqlite-jdbc-3.25.2.jar:/home/user/.m2/repository/org/springframework/spring-jdbc/5.1.3.RELEASE/spring-jdbc-5.1.3.RELEASE.jar:/home/user/.m2/repository/org/springframework/spring-beans/5.1.3.RELEASE/spring-beans-5.1.3.RELEASE.jar:/home/user/.m2/repository/org/springframework/spring-core/5.1.3.RELEASE/spring-core-5.1.3.RELEASE.jar:/home/user/.m2/repository/org/springframework/spring-jcl/5.1.3.RELEASE/spring-jcl-5.1.3.RELEASE.jar:/home/user/.m2/repository/org/springframework/spring-tx/5.1.3.RELEASE/spring-tx-5.1.3.RELEASE.jar:/home/user/.m2/repository/org/apache/hadoop/hadoop-ozone-client/0.5.0-SNAPSHOT/hadoop-ozone-client-0.5.0-SNAPSHOT.jar:/home/user/.m2/repository/commons-lang/commons-lang/2.6/commons-lang-2.6.jar:/home/user/.m2/repository/org/apache/hadoop/hadoop-ozone-ozone-manager/0.5.0-SNAPSHOT/hadoop-ozone-ozone-manager-0.5.0-SNAPSHOT-tests.jar:/home/user/.m2/repository/junit/junit/4.11/junit-4.11.jar:/home/user/.m2/repository/org/hamcrest/hamcrest-core/1.3/hamcrest-core-1.3.jar:/home/user/.m2/repository/org/openjdk/jmh/jmh-core/1.19/jmh-core-1.19.jar:/home/user/.m2/repository/net/sf/jopt-simple/jopt-simple/4.6/jopt-simple-4.6.jar:/home/user/.m2/repository/org/apache/commons/commons-math3/3.1.1/commons-math3-3.1.1.jar:/home/user/.m2/repository/org/openjdk/jmh/jmh-generator-annprocess/1.19/jmh-generator-annprocess-1.19.jar:/home/user/.m2/repository/org/mockito/mockito-all/1.8.5/mockito-all-1.8.5.jar:/home/user/.m2/repository/org/apache/hadoop/hadoop-kms/3.2.0/hadoop-kms-3.2.0.jar:/home/user/.m2/repository/org/apache/hadoop/hadoop-auth/3.2.0/hadoop-auth-3.2.0.jar:/home/user/.m2/repository/com/nimbusds/nimbus-jose-jwt/4.41.1/nimbus-jose-jwt-4.41.1.jar:/home/user/.m2/repository/com/github/stephenc/jcip/jcip-annotations/1.0-1/jcip-annotations-1.0-1.jar:/home/user/.m2/repository/net/minidev/json-smart/2.3/json-smart-2.3.jar:/home/user/.m2/repository/net/minidev/accessors-smart/1.2/accessors-smart-1.2.jar:/home/user/.m2/repository/org/ow2/asm/asm/5.0.4/asm-5.0.4.jar:/home/user/.m2/repository/org/apache/curator/curator-framework/2.12.0/curator-framework-2.12.0.jar:/home/user/.m2/repository/com/sun/jersey/jersey-core/1.19/jersey-core-1.19.jar:/home/user/.m2/repository/javax/ws/rs/jsr311-api/1.1.1/jsr311-api-1.1.1.jar:/home/user/.m2/repository/com/sun/jersey/jersey-server/1.19/jersey-server-1.19.jar:/home/user/.m2/repository/javax/servlet/javax.servlet-api/3.1.0/javax.servlet-api-3.1.0.jar:/home/user/.m2/repository/org/eclipse/jetty/jetty-server/9.3.24.v20180605/jetty-server-9.3.24.v20180605.jar:/home/user/.m2/repository/org/eclipse/jetty/jetty-http/9.3.24.v20180605/jetty-http-9.3.24.v20180605.jar:/home/user/.m2/repository/org/eclipse/jetty/jetty-io/9.3.24.v20180605/jetty-io-9.3.24.v20180605.jar:/home/user/.m2/repository/org/eclipse/jetty/jetty-webapp/9.3.24.v20180605/jetty-webapp-9.3.24.v20180605.jar:/home/user/.m2/repository/org/eclipse/jetty/jetty-xml/9.3.24.v20180605/jetty-xml-9.3.24.v20180605.jar:/home/user/.m2/repository/log4j/log4j/1.2.17/log4j-1.2.17.jar:/home/user/.m2/repository/org/slf4j/slf4j-api/1.7.25/slf4j-api-1.7.25.jar:/home/user/.m2/repository/org/slf4j/jul-to-slf4j/1.7.25/jul-to-slf4j-1.7.25.jar:/home/user/.m2/repository/org/eclipse/jetty/jetty-util/9.3.24.v20180605/jetty-util-9.3.24.v20180605.jar:/home/user/.m2/repository/com/fasterxml/jackson/core/jackson-databind/2.9.5/jackson-databind-2.9.5.jar:/home/user/.m2/repository/org/apache/hadoop/hadoop-kms/3.2.0/hadoop-kms-3.2.0-tests.jar:/home/user/.m2/repository/org/apache/hadoop/hadoop-hdds-server-scm/0.5.0-SNAPSHOT/hadoop-hdds-server-scm-0.5.0-SNAPSHOT-tests.jar:/home/user/.m2/repository/org/apache/hadoop/hadoop-hdds-container-service/0.5.0-SNAPSHOT/hadoop-hdds-container-service-0.5.0-SNAPSHOT-tests.jar:/home/user/.m2/repository/org/yaml/snakeyaml/1.16/snakeyaml-1.16.jar:/home/user/.m2/repository/org/apache/hadoop/hadoop-common/3.2.0/hadoop-common-3.2.0-tests.jar:/home/user/.m2/repository/org/apache/hadoop/hadoop-annotations/3.2.0/hadoop-annotations-3.2.0.jar:/usr/lib/jvm/java-1.8-openjdk/jre/../lib/tools.jar:/home/user/.m2/repository/commons-cli/commons-cli/1.2/commons-cli-1.2.jar:/home/user/.m2/repository/org/apache/httpcomponents/httpclient/4.5.2/httpclient-4.5.2.jar:/home/user/.m2/repository/org/apache/httpcomponents/httpcore/4.4.4/httpcore-4.4.4.jar:/home/user/.m2/repository/commons-codec/commons-codec/1.11/commons-codec-1.11.jar:/home/user/.m2/repository/commons-net/commons-net/3.6/commons-net-3.6.jar:/home/user/.m2/repository/commons-collections/commons-collections/3.2.2/commons-collections-3.2.2.jar:/home/user/.m2/repository/org/eclipse/jetty/jetty-servlet/9.3.24.v20180605/jetty-servlet-9.3.24.v20180605.jar:/home/user/.m2/repository/org/eclipse/jetty/jetty-security/9.3.24.v20180605/jetty-security-9.3.24.v20180605.jar:/home/user/.m2/repository/javax/servlet/jsp/jsp-api/2.1/jsp-api-2.1.jar:/home/user/.m2/repository/com/sun/jersey/jersey-servlet/1.19/jersey-servlet-1.19.jar:/home/user/.m2/repository/com/sun/jersey/jersey-json/1.19/jersey-json-1.19.jar:/home/user/.m2/repository/org/codehaus/jettison/jettison/1.1/jettison-1.1.jar:/home/user/.m2/repository/org/codehaus/jackson/jackson-core-asl/1.9.13/jackson-core-asl-1.9.13.jar:/home/user/.m2/repository/org/codehaus/jackson/jackson-mapper-asl/1.9.13/jackson-mapper-asl-1.9.13.jar:/home/user/.m2/repository/org/codehaus/jackson/jackson-jaxrs/1.9.13/jackson-jaxrs-1.9.13.jar:/home/user/.m2/repository/org/codehaus/jackson/jackson-xc/1.9.13/jackson-xc-1.9.13.jar:/home/user/.m2/repository/commons-logging/commons-logging/1.1.3/commons-logging-1.1.3.jar:/home/user/.m2/repository/commons-beanutils/commons-beanutils/1.9.3/commons-beanutils-1.9.3.jar:/home/user/.m2/repository/org/apache/commons/commons-configuration2/2.1.1/commons-configuration2-2.1.1.jar:/home/user/.m2/repository/org/apache/commons/commons-lang3/3.7/commons-lang3-3.7.jar:/home/user/.m2/repository/org/apache/commons/commons-text/1.4/commons-text-1.4.jar:/home/user/.m2/repository/org/apache/avro/avro/1.7.7/avro-1.7.7.jar:/home/user/.m2/repository/com/thoughtworks/paranamer/paranamer/2.3/paranamer-2.3.jar:/home/user/.m2/repository/org/xerial/snappy/snappy-java/1.0.5/snappy-java-1.0.5.jar:/home/user/.m2/repository/com/google/re2j/re2j/1.1/re2j-1.1.jar:/home/user/.m2/repository/com/google/code/gson/gson/2.2.4/gson-2.2.4.jar:/home/user/.m2/repository/com/jcraft/jsch/0.1.54/jsch-0.1.54.jar:/home/user/.m2/repository/org/apache/curator/curator-client/2.12.0/curator-client-2.12.0.jar:/home/user/.m2/repository/org/apache/curator/curator-recipes/2.12.0/curator-recipes-2.12.0.jar:/home/user/.m2/repository/com/google/code/findbugs/jsr305/3.0.0/jsr305-3.0.0.jar:/home/user/.m2/repository/org/apache/htrace/htrace-core4/4.1.0-incubating/htrace-core4-4.1.0-incubating.jar:/home/user/.m2/repository/org/apache/zookeeper/zookeeper/3.4.13/zookeeper-3.4.13.jar:/home/user/.m2/repository/org/apache/yetus/audience-annotations/0.5.0/audience-annotations-0.5.0.jar:/home/user/.m2/repository/org/codehaus/woodstox/stax2-api/3.1.4/stax2-api-3.1.4.jar:/home/user/.m2/repository/com/fasterxml/woodstox/woodstox-core/5.0.3/woodstox-core-5.0.3.jar:/home/user/.m2/repository/dnsjava/dnsjava/2.1.7/dnsjava-2.1.7.jar:/home/user/.m2/repository/org/apache/hadoop/hadoop-hdfs/3.2.0/hadoop-hdfs-3.2.0-tests.jar:/home/user/.m2/repository/org/eclipse/jetty/jetty-util-ajax/9.3.24.v20180605/jetty-util-ajax-9.3.24.v20180605.jar:/home/user/.m2/repository/commons-daemon/commons-daemon/1.0.13/commons-daemon-1.0.13.jar:/home/user/.m2/repository/io/netty/netty/3.10.5.Final/netty-3.10.5.Final.jar:/home/user/.m2/repository/io/netty/netty-all/4.0.52.Final/netty-all-4.0.52.Final.jar:/home/user/.m2/repository/org/fusesource/leveldbjni/leveldbjni-all/1.8/leveldbjni-all-1.8.jar:"/>
    <property name="sun.cpu.endian" value="little"/>
    <property name="user.home" value="/home/user"/>
    <property name="user.language" value="en"/>
    <property name="java.specification.vendor" value="Oracle Corporation"/>
    <property name="java.home" value="/usr/lib/jvm/java-1.8-openjdk/jre"/>
    <property name="java.security.krb5.conf" value="/workdir/hadoop-ozone/integration-test/target/test-classes/krb5.conf"/>
    <property name="basedir" value="/workdir/hadoop-ozone/integration-test"/>
    <property name="file.separator" value="/"/>
    <property name="line.separator" value="&#10;"/>
    <property name="java.vm.specification.vendor" value="Oracle Corporation"/>
    <property name="java.specification.name" value="Java Platform API Specification"/>
    <property name="java.awt.graphicsenv" value="sun.awt.X11GraphicsEnvironment"/>
    <property name="surefire.real.class.path" value="/workdir/hadoop-ozone/integration-test/target/surefire/surefirebooter3898211860899401341.jar"/>
    <property name="hadoop.log.dir" value="/workdir/hadoop-ozone/integration-test/target/log"/>
    <property name="sun.boot.class.path" value="/usr/lib/jvm/java-1.8-openjdk/jre/lib/resources.jar:/usr/lib/jvm/java-1.8-openjdk/jre/lib/rt.jar:/usr/lib/jvm/java-1.8-openjdk/jre/lib/sunrsasign.jar:/usr/lib/jvm/java-1.8-openjdk/jre/lib/jsse.jar:/usr/lib/jvm/java-1.8-openjdk/jre/lib/jce.jar:/usr/lib/jvm/java-1.8-openjdk/jre/lib/charsets.jar:/usr/lib/jvm/java-1.8-openjdk/jre/lib/jfr.jar:/usr/lib/jvm/java-1.8-openjdk/jre/classes"/>
    <property name="sun.management.compiler" value="HotSpot 64-Bit Tiered Compilers"/>
    <property name="java.runtime.version" value="1.8.0_212-b04"/>
    <property name="java.net.preferIPv4Stack" value="true"/>
    <property name="user.name" value="jenkins1000"/>
    <property name="path.separator" value=":"/>
    <property name="java.security.egd" value="file:///dev/urandom"/>
    <property name="os.version" value="3.10.0-957.12.2.el7.x86_64"/>
    <property name="java.endorsed.dirs" value="/usr/lib/jvm/java-1.8-openjdk/jre/lib/endorsed"/>
    <property name="java.runtime.name" value="OpenJDK Runtime Environment"/>
    <property name="file.encoding" value="UTF-8"/>
    <property name="java.vm.name" value="OpenJDK 64-Bit Server VM"/>
    <property name="test.build.webapps" value=""/>
    <property name="localRepository" value="/home/user/.m2/repository"/>
    <property name="java.vendor.url.bug" value="https://icedtea.classpath.org/bugzilla"/>
    <property name="java.io.tmpdir" value="/tmp"/>
    <property name="require.test.libhadoop" value=""/>
    <property name="java.version" value="1.8.0_212"/>
    <property name="user.dir" value="/workdir/hadoop-ozone/integration-test"/>
    <property name="os.arch" value="amd64"/>
    <property name="java.vm.specification.name" value="Java Virtual Machine Specification"/>
    <property name="test.build.classes" value="/workdir/hadoop-ozone/integration-test/target/test-classes"/>
    <property name="java.awt.printerjob" value="sun.print.PSPrinterJob"/>
    <property name="sun.os.patch.level" value="unknown"/>
    <property name="hadoop.tmp.dir" value="/workdir/hadoop-ozone/integration-test/target/tmp"/>
    <property name="java.library.path" value="/usr/lib/jvm/java-1.8-openjdk/jre/lib/amd64/server:/usr/lib/jvm/java-1.8-openjdk/jre/lib/amd64:/usr/lib/jvm/java-1.8-openjdk/jre/../lib/amd64:/workdir/hadoop-ozone/integration-test/target/native/target/usr/local/lib:/workdir/hadoop-ozone/integration-test/../../hadoop-common-project/hadoop-common/target/native/target/usr/local/lib:/usr/java/packages/lib/amd64:/usr/lib64:/lib64:/lib:/usr/lib"/>
    <property name="java.vm.info" value="mixed mode"/>
    <property name="java.vendor" value="IcedTea"/>
    <property name="java.vm.version" value="25.212-b04"/>
    <property name="java.ext.dirs" value="/usr/lib/jvm/java-1.8-openjdk/jre/lib/ext:/usr/java/packages/lib/ext"/>
    <property name="sun.io.unicode.encoding" value="UnicodeLittle"/>
    <property name="java.class.version" value="52.0"/>
  </properties>
  <testcase name="testMultiBlockWritesWithIntermittentDnFailures" classname="org.apache.hadoop.ozone.client.rpc.TestMultiBlockWritesWithDnFailures" time="103.975">
    <error message="Allocated 0 blocks. Requested 1 blocks" type="INTERNAL_ERROR org.apache.hadoop.ozone.om.exceptions.OMException">INTERNAL_ERROR org.apache.hadoop.ozone.om.exceptions.OMException: Allocated 0 blocks. Requested 1 blocks
	at org.apache.hadoop.ozone.om.protocolPB.OzoneManagerProtocolClientSideTranslatorPB.handleError(OzoneManagerProtocolClientSideTranslatorPB.java:725)
	at org.apache.hadoop.ozone.om.protocolPB.OzoneManagerProtocolClientSideTranslatorPB.allocateBlock(OzoneManagerProtocolClientSideTranslatorPB.java:757)
	at org.apache.hadoop.ozone.client.io.BlockOutputStreamEntryPool.allocateNewBlock(BlockOutputStreamEntryPool.java:248)
	at org.apache.hadoop.ozone.client.io.BlockOutputStreamEntryPool.allocateBlockIfNeeded(BlockOutputStreamEntryPool.java:296)
	at org.apache.hadoop.ozone.client.io.KeyOutputStream.handleWrite(KeyOutputStream.java:201)
	at org.apache.hadoop.ozone.client.io.KeyOutputStream.handleRetry(KeyOutputStream.java:376)
	at org.apache.hadoop.ozone.client.io.KeyOutputStream.handleException(KeyOutputStream.java:325)
	at org.apache.hadoop.ozone.client.io.KeyOutputStream.handleWrite(KeyOutputStream.java:231)
	at org.apache.hadoop.ozone.client.io.KeyOutputStream.write(KeyOutputStream.java:193)
	at org.apache.hadoop.ozone.client.io.OzoneOutputStream.write(OzoneOutputStream.java:49)
	at java.io.OutputStream.write(OutputStream.java:75)
	at org.apache.hadoop.ozone.client.rpc.TestMultiBlockWritesWithDnFailures.testMultiBlockWritesWithIntermittentDnFailures(TestMultiBlockWritesWithDnFailures.java:192)
	at sun.reflect.NativeMethodAccessorImpl.invoke0(Native Method)
	at sun.reflect.NativeMethodAccessorImpl.invoke(NativeMethodAccessorImpl.java:62)
	at sun.reflect.DelegatingMethodAccessorImpl.invoke(DelegatingMethodAccessorImpl.java:43)
	at java.lang.reflect.Method.invoke(Method.java:498)
	at org.junit.runners.model.FrameworkMethod$1.runReflectiveCall(FrameworkMethod.java:47)
	at org.junit.internal.runners.model.ReflectiveCallable.run(ReflectiveCallable.java:12)
	at org.junit.runners.model.FrameworkMethod.invokeExplosively(FrameworkMethod.java:44)
	at org.junit.internal.runners.statements.InvokeMethod.evaluate(InvokeMethod.java:17)
	at org.junit.internal.runners.statements.RunAfters.evaluate(RunAfters.java:27)
	at org.junit.runners.ParentRunner.runLeaf(ParentRunner.java:271)
	at org.junit.runners.BlockJUnit4ClassRunner.runChild(BlockJUnit4ClassRunner.java:70)
	at org.junit.runners.BlockJUnit4ClassRunner.runChild(BlockJUnit4ClassRunner.java:50)
	at org.junit.runners.ParentRunner$3.run(ParentRunner.java:238)
	at org.junit.runners.ParentRunner$1.schedule(ParentRunner.java:63)
	at org.junit.runners.ParentRunner.runChildren(ParentRunner.java:236)
	at org.junit.runners.ParentRunner.access$000(ParentRunner.java:53)
	at org.junit.runners.ParentRunner$2.evaluate(ParentRunner.java:229)
	at org.junit.runners.ParentRunner.run(ParentRunner.java:309)
	at org.apache.maven.surefire.junit4.JUnit4Provider.execute(JUnit4Provider.java:365)
	at org.apache.maven.surefire.junit4.JUnit4Provider.executeWithRerun(JUnit4Provider.java:273)
	at org.apache.maven.surefire.junit4.JUnit4Provider.executeTestSet(JUnit4Provider.java:238)
	at org.apache.maven.surefire.junit4.JUnit4Provider.invoke(JUnit4Provider.java:159)
	at org.apache.maven.surefire.booter.ForkedBooter.invokeProviderInSameClassLoader(ForkedBooter.java:384)
	at org.apache.maven.surefire.booter.ForkedBooter.runSuitesInProcess(ForkedBooter.java:345)
	at org.apache.maven.surefire.booter.ForkedBooter.execute(ForkedBooter.java:126)
	at org.apache.maven.surefire.booter.ForkedBooter.main(ForkedBooter.java:418)
</error>
    <system-out><![CDATA[2019-09-11 05:28:43,891 [main] WARN  server.ServerUtils (ServerUtils.java:getScmDbDir(145)) - ozone.scm.db.dirs is not configured. We recommend adding this setting. Falling back to ozone.metadata.dirs instead.
2019-09-11 05:28:44,015 [main] WARN  server.ServerUtils (ServerUtils.java:getScmDbDir(145)) - ozone.scm.db.dirs is not configured. We recommend adding this setting. Falling back to ozone.metadata.dirs instead.
2019-09-11 05:28:44,018 [main] WARN  server.ServerUtils (ServerUtils.java:getScmDbDir(145)) - ozone.scm.db.dirs is not configured. We recommend adding this setting. Falling back to ozone.metadata.dirs instead.
2019-09-11 05:28:44,036 [main] INFO  util.log (Log.java:initialized(192)) - Logging initialized @953ms
2019-09-11 05:28:44,141 [main] INFO  db.DBStoreBuilder (DBStoreBuilder.java:addTable(110)) - using custom profile for table: deletedBlocks
2019-09-11 05:28:44,141 [main] INFO  db.DBStoreBuilder (DBStoreBuilder.java:processTables(161)) - Using default column profile:DBProfile.DISK for Table:deletedBlocks
2019-09-11 05:28:44,142 [main] INFO  db.DBStoreBuilder (DBStoreBuilder.java:addTable(110)) - using custom profile for table: validCerts
2019-09-11 05:28:44,142 [main] INFO  db.DBStoreBuilder (DBStoreBuilder.java:processTables(161)) - Using default column profile:DBProfile.DISK for Table:validCerts
2019-09-11 05:28:44,142 [main] INFO  db.DBStoreBuilder (DBStoreBuilder.java:addTable(110)) - using custom profile for table: revokedCerts
2019-09-11 05:28:44,143 [main] INFO  db.DBStoreBuilder (DBStoreBuilder.java:processTables(161)) - Using default column profile:DBProfile.DISK for Table:revokedCerts
2019-09-11 05:28:44,156 [main] INFO  db.DBStoreBuilder (DBStoreBuilder.java:addTable(110)) - using custom profile for table: default
2019-09-11 05:28:44,156 [main] INFO  db.DBStoreBuilder (DBStoreBuilder.java:processTables(167)) - Using default column profile:DBProfile.DISK for Table:default
2019-09-11 05:28:44,157 [main] INFO  db.DBStoreBuilder (DBStoreBuilder.java:getDbProfile(198)) - Using default options. DBProfile.DISK
2019-09-11 05:28:44,379 [main] INFO  net.NodeSchemaLoader (NodeSchemaLoader.java:loadSchemaFromFile(125)) - Loading file from sun.misc.CompoundEnumeration@3270d194
2019-09-11 05:28:44,381 [main] INFO  net.NodeSchemaLoader (NodeSchemaLoader.java:loadSchema(171)) - Loading network topology layer schema file
2019-09-11 05:28:44,454 [main] INFO  node.SCMNodeManager (SCMNodeManager.java:<init>(114)) - Entering startup safe mode.
2019-09-11 05:28:44,530 [main] INFO  algorithms.ContainerPlacementPolicyFactory (ContainerPlacementPolicyFactory.java:getPolicy(57)) - Create container placement policy of type org.apache.hadoop.hdds.scm.container.placement.algorithms.SCMContainerPlacementRandom
2019-09-11 05:28:44,546 [main] WARN  server.ServerUtils (ServerUtils.java:getScmDbDir(145)) - ozone.scm.db.dirs is not configured. We recommend adding this setting. Falling back to ozone.metadata.dirs instead.
2019-09-11 05:28:44,621 [main] INFO  pipeline.SCMPipelineManager (SCMPipelineManager.java:initializePipelineState(128)) - No pipeline exists in current db
2019-09-11 05:28:44,624 [main] WARN  server.ServerUtils (ServerUtils.java:getScmDbDir(145)) - ozone.scm.db.dirs is not configured. We recommend adding this setting. Falling back to ozone.metadata.dirs instead.
2019-09-11 05:28:44,743 [main] WARN  events.EventQueue (EventQueue.java:fireEvent(183)) - No event handler registered for event TypedEvent{payloadType=SafeModeStatus, name='SafeModeStatus'}
2019-09-11 05:28:45,170 [main] INFO  ipc.CallQueueManager (CallQueueManager.java:<init>(84)) - Using callQueue: class java.util.concurrent.LinkedBlockingQueue, queueCapacity: 2000, scheduler: class org.apache.hadoop.ipc.DefaultRpcScheduler, ipcBackoff: false.
2019-09-11 05:28:45,199 [Socket Reader #1 for port 33436] INFO  ipc.Server (Server.java:run(1074)) - Starting Socket Reader #1 for port 33436
2019-09-11 05:28:45,349 [main] INFO  ipc.CallQueueManager (CallQueueManager.java:<init>(84)) - Using callQueue: class java.util.concurrent.LinkedBlockingQueue, queueCapacity: 2000, scheduler: class org.apache.hadoop.ipc.DefaultRpcScheduler, ipcBackoff: false.
2019-09-11 05:28:45,351 [Socket Reader #1 for port 33155] INFO  ipc.Server (Server.java:run(1074)) - Starting Socket Reader #1 for port 33155
2019-09-11 05:28:45,363 [main] INFO  ipc.CallQueueManager (CallQueueManager.java:<init>(84)) - Using callQueue: class java.util.concurrent.LinkedBlockingQueue, queueCapacity: 2000, scheduler: class org.apache.hadoop.ipc.DefaultRpcScheduler, ipcBackoff: false.
2019-09-11 05:28:45,364 [Socket Reader #1 for port 42589] INFO  ipc.Server (Server.java:run(1074)) - Starting Socket Reader #1 for port 42589
2019-09-11 05:28:45,393 [main] INFO  hdfs.DFSUtil (DFSUtil.java:httpServerTemplateForNNAndJN(1641)) - Starting Web-server for scm at: http://0.0.0.0:0
2019-09-11 05:28:45,554 [main] INFO  server.AuthenticationFilter (AuthenticationFilter.java:constructSecretProvider(240)) - Unable to initialize FileSignerSecretProvider, falling back to use random secrets.
2019-09-11 05:28:45,563 [main] WARN  http.HttpRequestLog (HttpRequestLog.java:getRequestLog(97)) - Jetty request log can only be enabled using Log4j
2019-09-11 05:28:45,572 [main] INFO  http.HttpServer2 (HttpServer2.java:addGlobalFilter(975)) - Added global filter 'safety' (class=org.apache.hadoop.http.HttpServer2$QuotingInputFilter)
2019-09-11 05:28:45,575 [main] INFO  http.HttpServer2 (HttpServer2.java:addFilter(948)) - Added filter static_user_filter (class=org.apache.hadoop.http.lib.StaticUserWebFilter$StaticUserFilter) to context scm
2019-09-11 05:28:45,575 [main] INFO  http.HttpServer2 (HttpServer2.java:addFilter(958)) - Added filter static_user_filter (class=org.apache.hadoop.http.lib.StaticUserWebFilter$StaticUserFilter) to context logs
2019-09-11 05:28:45,576 [main] INFO  http.HttpServer2 (HttpServer2.java:addFilter(958)) - Added filter static_user_filter (class=org.apache.hadoop.http.lib.StaticUserWebFilter$StaticUserFilter) to context static
2019-09-11 05:28:45,609 [main] INFO  server.StorageContainerManager (StorageContainerManager.java:start(763)) - StorageContainerLocationProtocol RPC server is listening at /0.0.0.0:42589
2019-09-11 05:28:45,692 [main] WARN  impl.MetricsConfig (MetricsConfig.java:loadFirst(134)) - Cannot locate configuration: tried hadoop-metrics2-storagecontainermanager.properties,hadoop-metrics2.properties
2019-09-11 05:28:45,708 [main] INFO  impl.MetricsSystemImpl (MetricsSystemImpl.java:startTimer(374)) - Scheduled Metric snapshot period at 10 second(s).
2019-09-11 05:28:45,708 [main] INFO  impl.MetricsSystemImpl (MetricsSystemImpl.java:start(191)) - StorageContainerManager metrics system started
2019-09-11 05:28:45,953 [main] INFO  server.SCMClientProtocolServer (SCMClientProtocolServer.java:start(151)) - RPC server for Client  is listening at /0.0.0.0:42589
2019-09-11 05:28:45,953 [IPC Server Responder] INFO  ipc.Server (Server.java:run(1314)) - IPC Server Responder: starting
2019-09-11 05:28:45,953 [IPC Server listener on 42589] INFO  ipc.Server (Server.java:run(1153)) - IPC Server listener on 42589: starting
2019-09-11 05:28:45,956 [main] INFO  server.StorageContainerManager (StorageContainerManager.java:start(773)) - ScmBlockLocationProtocol RPC server is listening at /0.0.0.0:33155
2019-09-11 05:28:45,958 [main] INFO  server.SCMBlockProtocolServer (SCMBlockProtocolServer.java:start(146)) - RPC server for Block Protocol is listening at /0.0.0.0:33155
2019-09-11 05:28:45,958 [IPC Server Responder] INFO  ipc.Server (Server.java:run(1314)) - IPC Server Responder: starting
2019-09-11 05:28:45,958 [IPC Server listener on 33155] INFO  ipc.Server (Server.java:run(1153)) - IPC Server listener on 33155: starting
2019-09-11 05:28:45,961 [main] INFO  server.StorageContainerManager (StorageContainerManager.java:start(777)) - ScmDatanodeProtocl RPC server is listening at /0.0.0.0:33436
2019-09-11 05:28:45,961 [main] INFO  server.SCMDatanodeProtocolServer (SCMDatanodeProtocolServer.java:start(191)) - RPC server for DataNodes is listening at /0.0.0.0:33436
2019-09-11 05:28:45,962 [IPC Server Responder] INFO  ipc.Server (Server.java:run(1314)) - IPC Server Responder: starting
2019-09-11 05:28:45,962 [IPC Server listener on 33436] INFO  ipc.Server (Server.java:run(1153)) - IPC Server listener on 33436: starting
2019-09-11 05:28:45,966 [main] INFO  http.HttpServer2 (HttpServer2.java:bindListener(1191)) - Jetty bound to port 33228
2019-09-11 05:28:45,967 [main] INFO  server.Server (Server.java:doStart(351)) - jetty-9.3.24.v20180605, build timestamp: 2018-06-05T17:11:56Z, git hash: 84205aa28f11a4f31f2a3b86d1bba2cc8ab69827
2019-09-11 05:28:46,007 [main] INFO  handler.ContextHandler (ContextHandler.java:doStart(781)) - Started o.e.j.s.ServletContextHandler@732f29af{/logs,file:///workdir/hadoop-ozone/integration-test/target/log,AVAILABLE}
2019-09-11 05:28:46,008 [main] INFO  handler.ContextHandler (ContextHandler.java:doStart(781)) - Started o.e.j.s.ServletContextHandler@6622fc65{/static,file:///workdir/hadoop-ozone/integration-test/target/test-classes/webapps/static,AVAILABLE}
2019-09-11 05:28:46,043 [main] INFO  handler.ContextHandler (ContextHandler.java:doStart(781)) - Started o.e.j.w.WebAppContext@7555b920{/,file:///workdir/hadoop-ozone/integration-test/target/test-classes/webapps/scm/,AVAILABLE}{/scm}
2019-09-11 05:28:46,049 [main] INFO  server.AbstractConnector (AbstractConnector.java:doStart(278)) - Started ServerConnector@6db66836{HTTP/1.1,[http/1.1]}{0.0.0.0:33228}
2019-09-11 05:28:46,049 [main] INFO  server.Server (Server.java:doStart(419)) - Started @2966ms
2019-09-11 05:28:46,051 [main] INFO  impl.MetricsSinkAdapter (MetricsSinkAdapter.java:start(204)) - Sink prometheus started
2019-09-11 05:28:46,052 [main] INFO  impl.MetricsSystemImpl (MetricsSystemImpl.java:registerSink(301)) - Registered sink prometheus
2019-09-11 05:28:46,053 [main] INFO  server.BaseHttpServer (BaseHttpServer.java:updateConnectorAddress(215)) - HTTP server of SCM is listening at http://0.0.0.0:33228
2019-09-11 05:28:46,062 [org.apache.hadoop.util.JvmPauseMonitor$Monitor@78461bc4] INFO  util.JvmPauseMonitor (JvmPauseMonitor.java:run(188)) - Starting JVM pause monitor
2019-09-11 05:28:46,068 [main] WARN  server.ServerUtils (ServerUtils.java:getDBPath(222)) - ozone.om.db.dirs is not configured. We recommend adding this setting. Falling back to ozone.metadata.dirs instead.
2019-09-11 05:28:46,210 [main] WARN  server.ServerUtils (ServerUtils.java:getDBPath(222)) - ozone.om.db.dirs is not configured. We recommend adding this setting. Falling back to ozone.metadata.dirs instead.
2019-09-11 05:28:46,211 [main] WARN  server.ServerUtils (ServerUtils.java:getDBPath(222)) - ozone.om.db.dirs is not configured. We recommend adding this setting. Falling back to ozone.metadata.dirs instead.
2019-09-11 05:28:46,212 [main] INFO  om.OzoneManager (OzoneManager.java:setOMNodeDetails(649)) - OM Service ID is not set. Setting it to the default ID: omServiceIdDefault
2019-09-11 05:28:46,212 [main] INFO  om.OzoneManager (OzoneManager.java:setOMNodeDetails(655)) - OM Node ID is not set. Setting it to the OmStorage's OmID: 8be2e3f4-a3d0-496d-8649-a59972b7cb9e
2019-09-11 05:28:46,214 [main] INFO  om.OzoneManager (OzoneManager.java:loadOMHAConfigs(606)) - Found matching OM address with OMServiceId: null, OMNodeId: null, RPC Address: localhost:0 and Ratis port: 9872
2019-09-11 05:28:46,958 [main] WARN  server.ServerUtils (ServerUtils.java:getDBPath(222)) - ozone.om.db.dirs is not configured. We recommend adding this setting. Falling back to ozone.metadata.dirs instead.
2019-09-11 05:28:46,966 [main] INFO  db.DBStoreBuilder (DBStoreBuilder.java:addTable(110)) - using custom profile for table: userTable
2019-09-11 05:28:46,966 [main] INFO  db.DBStoreBuilder (DBStoreBuilder.java:processTables(161)) - Using default column profile:DBProfile.DISK for Table:userTable
2019-09-11 05:28:46,967 [main] INFO  db.DBStoreBuilder (DBStoreBuilder.java:addTable(110)) - using custom profile for table: volumeTable
2019-09-11 05:28:46,967 [main] INFO  db.DBStoreBuilder (DBStoreBuilder.java:processTables(161)) - Using default column profile:DBProfile.DISK for Table:volumeTable
2019-09-11 05:28:46,967 [main] INFO  db.DBStoreBuilder (DBStoreBuilder.java:addTable(110)) - using custom profile for table: bucketTable
2019-09-11 05:28:46,968 [main] INFO  db.DBStoreBuilder (DBStoreBuilder.java:processTables(161)) - Using default column profile:DBProfile.DISK for Table:bucketTable
2019-09-11 05:28:46,968 [main] INFO  db.DBStoreBuilder (DBStoreBuilder.java:addTable(110)) - using custom profile for table: keyTable
2019-09-11 05:28:46,968 [main] INFO  db.DBStoreBuilder (DBStoreBuilder.java:processTables(161)) - Using default column profile:DBProfile.DISK for Table:keyTable
2019-09-11 05:28:46,969 [main] INFO  db.DBStoreBuilder (DBStoreBuilder.java:addTable(110)) - using custom profile for table: deletedTable
2019-09-11 05:28:46,969 [main] INFO  db.DBStoreBuilder (DBStoreBuilder.java:processTables(161)) - Using default column profile:DBProfile.DISK for Table:deletedTable
2019-09-11 05:28:46,969 [main] INFO  db.DBStoreBuilder (DBStoreBuilder.java:addTable(110)) - using custom profile for table: openKeyTable
2019-09-11 05:28:46,969 [main] INFO  db.DBStoreBuilder (DBStoreBuilder.java:processTables(161)) - Using default column profile:DBProfile.DISK for Table:openKeyTable
2019-09-11 05:28:46,970 [main] INFO  db.DBStoreBuilder (DBStoreBuilder.java:addTable(110)) - using custom profile for table: s3Table
2019-09-11 05:28:46,970 [main] INFO  db.DBStoreBuilder (DBStoreBuilder.java:processTables(161)) - Using default column profile:DBProfile.DISK for Table:s3Table
2019-09-11 05:28:46,970 [main] INFO  db.DBStoreBuilder (DBStoreBuilder.java:addTable(110)) - using custom profile for table: multipartInfoTable
2019-09-11 05:28:46,970 [main] INFO  db.DBStoreBuilder (DBStoreBuilder.java:processTables(161)) - Using default column profile:DBProfile.DISK for Table:multipartInfoTable
2019-09-11 05:28:46,971 [main] INFO  db.DBStoreBuilder (DBStoreBuilder.java:addTable(110)) - using custom profile for table: dTokenTable
2019-09-11 05:28:46,971 [main] INFO  db.DBStoreBuilder (DBStoreBuilder.java:processTables(161)) - Using default column profile:DBProfile.DISK for Table:dTokenTable
2019-09-11 05:28:46,971 [main] INFO  db.DBStoreBuilder (DBStoreBuilder.java:addTable(110)) - using custom profile for table: s3SecretTable
2019-09-11 05:28:46,971 [main] INFO  db.DBStoreBuilder (DBStoreBuilder.java:processTables(161)) - Using default column profile:DBProfile.DISK for Table:s3SecretTable
2019-09-11 05:28:46,972 [main] INFO  db.DBStoreBuilder (DBStoreBuilder.java:addTable(110)) - using custom profile for table: prefixTable
2019-09-11 05:28:46,972 [main] INFO  db.DBStoreBuilder (DBStoreBuilder.java:processTables(161)) - Using default column profile:DBProfile.DISK for Table:prefixTable
2019-09-11 05:28:46,972 [main] INFO  db.DBStoreBuilder (DBStoreBuilder.java:addTable(110)) - using custom profile for table: default
2019-09-11 05:28:46,972 [main] INFO  db.DBStoreBuilder (DBStoreBuilder.java:processTables(167)) - Using default column profile:DBProfile.DISK for Table:default
2019-09-11 05:28:46,973 [main] INFO  db.DBStoreBuilder (DBStoreBuilder.java:getDbProfile(198)) - Using default options. DBProfile.DISK
2019-09-11 05:28:47,490 [main] INFO  ipc.CallQueueManager (CallQueueManager.java:<init>(84)) - Using callQueue: class java.util.concurrent.LinkedBlockingQueue, queueCapacity: 2000, scheduler: class org.apache.hadoop.ipc.DefaultRpcScheduler, ipcBackoff: false.
2019-09-11 05:28:47,491 [Socket Reader #1 for port 46634] INFO  ipc.Server (Server.java:run(1074)) - Starting Socket Reader #1 for port 46634
2019-09-11 05:28:47,516 [main] INFO  om.OzoneManager (OzoneManager.java:start(1240)) - OzoneManager RPC server is listening at localhost/127.0.0.1:46634
2019-09-11 05:28:47,516 [main] INFO  impl.MetricsSystemImpl (MetricsSystemImpl.java:init(158)) - OzoneManager metrics system started (again)
2019-09-11 05:28:47,517 [IPC Server Responder] INFO  ipc.Server (Server.java:run(1314)) - IPC Server Responder: starting
2019-09-11 05:28:47,518 [IPC Server listener on 46634] INFO  ipc.Server (Server.java:run(1153)) - IPC Server listener on 46634: starting
2019-09-11 05:28:47,524 [main] INFO  hdfs.DFSUtil (DFSUtil.java:httpServerTemplateForNNAndJN(1641)) - Starting Web-server for ozoneManager at: http://0.0.0.0:0
2019-09-11 05:28:47,526 [main] INFO  server.AuthenticationFilter (AuthenticationFilter.java:constructSecretProvider(240)) - Unable to initialize FileSignerSecretProvider, falling back to use random secrets.
2019-09-11 05:28:47,528 [main] WARN  http.HttpRequestLog (HttpRequestLog.java:getRequestLog(97)) - Jetty request log can only be enabled using Log4j
2019-09-11 05:28:47,530 [main] INFO  http.HttpServer2 (HttpServer2.java:addGlobalFilter(975)) - Added global filter 'safety' (class=org.apache.hadoop.http.HttpServer2$QuotingInputFilter)
2019-09-11 05:28:47,532 [main] INFO  http.HttpServer2 (HttpServer2.java:addFilter(948)) - Added filter static_user_filter (class=org.apache.hadoop.http.lib.StaticUserWebFilter$StaticUserFilter) to context ozoneManager
2019-09-11 05:28:47,532 [main] INFO  http.HttpServer2 (HttpServer2.java:addFilter(958)) - Added filter static_user_filter (class=org.apache.hadoop.http.lib.StaticUserWebFilter$StaticUserFilter) to context logs
2019-09-11 05:28:47,532 [main] INFO  http.HttpServer2 (HttpServer2.java:addFilter(958)) - Added filter static_user_filter (class=org.apache.hadoop.http.lib.StaticUserWebFilter$StaticUserFilter) to context static
2019-09-11 05:28:47,534 [main] INFO  http.HttpServer2 (HttpServer2.java:bindListener(1191)) - Jetty bound to port 42783
2019-09-11 05:28:47,535 [main] INFO  server.Server (Server.java:doStart(351)) - jetty-9.3.24.v20180605, build timestamp: 2018-06-05T17:11:56Z, git hash: 84205aa28f11a4f31f2a3b86d1bba2cc8ab69827
2019-09-11 05:28:47,537 [main] INFO  handler.ContextHandler (ContextHandler.java:doStart(781)) - Started o.e.j.s.ServletContextHandler@25d3cfc8{/logs,file:///workdir/hadoop-ozone/integration-test/target/log,AVAILABLE}
2019-09-11 05:28:47,537 [main] INFO  handler.ContextHandler (ContextHandler.java:doStart(781)) - Started o.e.j.s.ServletContextHandler@2571066a{/static,file:///workdir/hadoop-ozone/integration-test/target/test-classes/webapps/static,AVAILABLE}
2019-09-11 05:28:47,542 [main] INFO  handler.ContextHandler (ContextHandler.java:doStart(781)) - Started o.e.j.w.WebAppContext@444548a0{/,file:///workdir/hadoop-ozone/integration-test/target/test-classes/webapps/ozoneManager/,AVAILABLE}{/ozoneManager}
2019-09-11 05:28:47,543 [main] INFO  server.AbstractConnector (AbstractConnector.java:doStart(278)) - Started ServerConnector@3766c667{HTTP/1.1,[http/1.1]}{0.0.0.0:42783}
2019-09-11 05:28:47,544 [main] INFO  server.Server (Server.java:doStart(419)) - Started @4460ms
2019-09-11 05:28:47,544 [main] WARN  impl.MetricsSystemImpl (MetricsSystemImpl.java:register(276)) - Sink prometheus already exists!
2019-09-11 05:28:47,545 [main] INFO  server.BaseHttpServer (BaseHttpServer.java:updateConnectorAddress(215)) - HTTP server of OZONEMANAGER is listening at http://0.0.0.0:42783
2019-09-11 05:28:47,863 [main] INFO  impl.MetricsSystemImpl (MetricsSystemImpl.java:init(158)) - HddsDatanode metrics system started (again)
2019-09-11 05:28:47,910 [main] INFO  ozone.HddsDatanodeService (HddsDatanodeService.java:start(184)) - HddsDatanodeService host:trunk-nightly-20190911-vpfxm-1000144475 ip:192.168.36.125
2019-09-11 05:28:47,946 [main] INFO  volume.HddsVolume (HddsVolume.java:<init>(176)) - Creating Volume: /workdir/hadoop-ozone/integration-test/target/test-dir/MiniOzoneClusterImpl-712b11b3-5514-48f8-84a2-2435d4ba870b/datanode-0/data/containers/hdds of  storage type : DISK and capacity : 1482555576320
2019-09-11 05:28:47,948 [main] INFO  volume.VolumeSet (VolumeSet.java:initializeVolumeSet(170)) - Added Volume : /workdir/hadoop-ozone/integration-test/target/test-dir/MiniOzoneClusterImpl-712b11b3-5514-48f8-84a2-2435d4ba870b/datanode-0/data/containers/hdds to VolumeSet
2019-09-11 05:28:47,952 [main] INFO  volume.ThrottledAsyncChecker (ThrottledAsyncChecker.java:schedule(139)) - Scheduling a check for org.apache.hadoop.ozone.container.common.volume.HddsVolume@7e2f86e6
2019-09-11 05:28:47,989 [main] INFO  volume.HddsVolumeChecker (HddsVolumeChecker.java:checkAllVolumes(202)) - Scheduled health check for volume org.apache.hadoop.ozone.container.common.volume.HddsVolume@7e2f86e6
2019-09-11 05:28:48,140 [main] INFO  impl.RaftServerProxy (ConfUtils.java:logGet(43)) - raft.rpc.type = GRPC (default)
2019-09-11 05:28:48,209 [main] INFO  grpc.GrpcFactory (GrpcFactory.java:checkPooledByteBufAllocatorUseCacheForAllThreads(45)) - PERFORMANCE WARNING: useCacheForAllThreads is true that may cause Netty to create a lot garbage objects and, as a result, trigger GC.
	It is recommended to disable useCacheForAllThreads by setting -Dorg.apache.ratis.thirdparty.io.netty.allocator.useCacheForAllThreads=false in command line.
2019-09-11 05:28:48,214 [main] INFO  grpc.GrpcConfigKeys$Server (ConfUtils.java:logGet(43)) - raft.grpc.server.port = 0 (default)
2019-09-11 05:28:48,215 [main] INFO  server.GrpcService (ConfUtils.java:logGet(43)) - raft.grpc.message.size.max = 33570816 (custom)
2019-09-11 05:28:48,217 [main] INFO  server.RaftServerConfigKeys (ConfUtils.java:logGet(43)) - raft.server.log.appender.buffer.byte-limit = 33554432 (custom)
2019-09-11 05:28:48,217 [main] INFO  server.GrpcService (ConfUtils.java:logGet(43)) - raft.grpc.flow.control.window = 1MB (=1048576) (default)
2019-09-11 05:28:48,218 [main] INFO  server.RaftServerConfigKeys (ConfUtils.java:logGet(43)) - raft.server.rpc.request.timeout = 3000ms (default)
2019-09-11 05:28:48,396 [main] INFO  server.RaftServerConfigKeys (ConfUtils.java:logGet(43)) - raft.server.storage.dir = [/workdir/hadoop-ozone/integration-test/target/test-dir/MiniOzoneClusterImpl-712b11b3-5514-48f8-84a2-2435d4ba870b/datanode-0/data/ratis] (custom)
2019-09-11 05:28:48,452 [main] INFO  hdfs.DFSUtil (DFSUtil.java:httpServerTemplateForNNAndJN(1641)) - Starting Web-server for hddsDatanode at: http://0.0.0.0:0
2019-09-11 05:28:48,454 [main] INFO  server.AuthenticationFilter (AuthenticationFilter.java:constructSecretProvider(240)) - Unable to initialize FileSignerSecretProvider, falling back to use random secrets.
2019-09-11 05:28:48,455 [main] WARN  http.HttpRequestLog (HttpRequestLog.java:getRequestLog(97)) - Jetty request log can only be enabled using Log4j
2019-09-11 05:28:48,457 [main] INFO  http.HttpServer2 (HttpServer2.java:addGlobalFilter(975)) - Added global filter 'safety' (class=org.apache.hadoop.http.HttpServer2$QuotingInputFilter)
2019-09-11 05:28:48,458 [main] INFO  http.HttpServer2 (HttpServer2.java:addFilter(948)) - Added filter static_user_filter (class=org.apache.hadoop.http.lib.StaticUserWebFilter$StaticUserFilter) to context hddsDatanode
2019-09-11 05:28:48,458 [main] INFO  http.HttpServer2 (HttpServer2.java:addFilter(958)) - Added filter static_user_filter (class=org.apache.hadoop.http.lib.StaticUserWebFilter$StaticUserFilter) to context logs
2019-09-11 05:28:48,458 [main] INFO  http.HttpServer2 (HttpServer2.java:addFilter(958)) - Added filter static_user_filter (class=org.apache.hadoop.http.lib.StaticUserWebFilter$StaticUserFilter) to context static
2019-09-11 05:28:48,459 [main] INFO  http.HttpServer2 (HttpServer2.java:bindListener(1191)) - Jetty bound to port 39835
2019-09-11 05:28:48,460 [main] INFO  server.Server (Server.java:doStart(351)) - jetty-9.3.24.v20180605, build timestamp: 2018-06-05T17:11:56Z, git hash: 84205aa28f11a4f31f2a3b86d1bba2cc8ab69827
2019-09-11 05:28:48,462 [main] INFO  handler.ContextHandler (ContextHandler.java:doStart(781)) - Started o.e.j.s.ServletContextHandler@1effd53c{/logs,file:///workdir/hadoop-ozone/integration-test/target/log,AVAILABLE}
2019-09-11 05:28:48,462 [main] INFO  handler.ContextHandler (ContextHandler.java:doStart(781)) - Started o.e.j.s.ServletContextHandler@6920614{/static,jar:file:/home/user/.m2/repository/org/apache/hadoop/hadoop-hdds-container-service/0.5.0-SNAPSHOT/hadoop-hdds-container-service-0.5.0-SNAPSHOT.jar!/webapps/static,AVAILABLE}
2019-09-11 05:28:48,496 [main] INFO  handler.ContextHandler (ContextHandler.java:doStart(781)) - Started o.e.j.w.WebAppContext@476fe690{/,file:///tmp/jetty-0.0.0.0-39835-hddsDatanode-_-any-4501155431418482363.dir/webapp/,AVAILABLE}{/hddsDatanode}
2019-09-11 05:28:48,497 [main] INFO  server.AbstractConnector (AbstractConnector.java:doStart(278)) - Started ServerConnector@7a0e7ecd{HTTP/1.1,[http/1.1]}{0.0.0.0:39835}
2019-09-11 05:28:48,497 [main] INFO  server.Server (Server.java:doStart(419)) - Started @5414ms
2019-09-11 05:28:48,500 [main] WARN  impl.MetricsSystemImpl (MetricsSystemImpl.java:register(276)) - Sink prometheus already exists!
2019-09-11 05:28:48,500 [main] INFO  server.BaseHttpServer (BaseHttpServer.java:updateConnectorAddress(215)) - HTTP server of HDDSDATANODE is listening at http://0.0.0.0:39835
2019-09-11 05:28:48,501 [main] INFO  impl.MetricsSystemImpl (MetricsSystemImpl.java:init(158)) - HddsDatanode metrics system started (again)
2019-09-11 05:28:48,505 [main] INFO  ozone.HddsDatanodeService (HddsDatanodeService.java:start(184)) - HddsDatanodeService host:trunk-nightly-20190911-vpfxm-1000144475 ip:192.168.36.125
2019-09-11 05:28:48,507 [org.apache.hadoop.util.JvmPauseMonitor$Monitor@50358823] INFO  util.JvmPauseMonitor (JvmPauseMonitor.java:run(188)) - Starting JVM pause monitor
2019-09-11 05:28:48,514 [main] INFO  volume.HddsVolume (HddsVolume.java:<init>(176)) - Creating Volume: /workdir/hadoop-ozone/integration-test/target/test-dir/MiniOzoneClusterImpl-712b11b3-5514-48f8-84a2-2435d4ba870b/datanode-1/data/containers/hdds of  storage type : DISK and capacity : 1482555576320
2019-09-11 05:28:48,515 [main] INFO  volume.VolumeSet (VolumeSet.java:initializeVolumeSet(170)) - Added Volume : /workdir/hadoop-ozone/integration-test/target/test-dir/MiniOzoneClusterImpl-712b11b3-5514-48f8-84a2-2435d4ba870b/datanode-1/data/containers/hdds to VolumeSet
2019-09-11 05:28:48,515 [main] INFO  volume.ThrottledAsyncChecker (ThrottledAsyncChecker.java:schedule(139)) - Scheduling a check for org.apache.hadoop.ozone.container.common.volume.HddsVolume@2eae4349
2019-09-11 05:28:48,516 [main] INFO  volume.HddsVolumeChecker (HddsVolumeChecker.java:checkAllVolumes(202)) - Scheduled health check for volume org.apache.hadoop.ozone.container.common.volume.HddsVolume@2eae4349
2019-09-11 05:28:48,530 [main] INFO  impl.RaftServerProxy (ConfUtils.java:logGet(43)) - raft.rpc.type = GRPC (default)
2019-09-11 05:28:48,531 [main] INFO  grpc.GrpcFactory (GrpcFactory.java:checkPooledByteBufAllocatorUseCacheForAllThreads(45)) - PERFORMANCE WARNING: useCacheForAllThreads is true that may cause Netty to create a lot garbage objects and, as a result, trigger GC.
	It is recommended to disable useCacheForAllThreads by setting -Dorg.apache.ratis.thirdparty.io.netty.allocator.useCacheForAllThreads=false in command line.
2019-09-11 05:28:48,531 [main] INFO  grpc.GrpcConfigKeys$Server (ConfUtils.java:logGet(43)) - raft.grpc.server.port = 0 (default)
2019-09-11 05:28:48,531 [main] INFO  server.GrpcService (ConfUtils.java:logGet(43)) - raft.grpc.message.size.max = 33570816 (custom)
2019-09-11 05:28:48,532 [main] INFO  server.RaftServerConfigKeys (ConfUtils.java:logGet(43)) - raft.server.log.appender.buffer.byte-limit = 33554432 (custom)
2019-09-11 05:28:48,532 [main] INFO  server.GrpcService (ConfUtils.java:logGet(43)) - raft.grpc.flow.control.window = 1MB (=1048576) (default)
2019-09-11 05:28:48,533 [main] INFO  server.RaftServerConfigKeys (ConfUtils.java:logGet(43)) - raft.server.rpc.request.timeout = 3000ms (default)
2019-09-11 05:28:48,534 [main] INFO  server.RaftServerConfigKeys (ConfUtils.java:logGet(43)) - raft.server.storage.dir = [/workdir/hadoop-ozone/integration-test/target/test-dir/MiniOzoneClusterImpl-712b11b3-5514-48f8-84a2-2435d4ba870b/datanode-1/data/ratis] (custom)
2019-09-11 05:28:48,536 [main] INFO  hdfs.DFSUtil (DFSUtil.java:httpServerTemplateForNNAndJN(1641)) - Starting Web-server for hddsDatanode at: http://0.0.0.0:0
2019-09-11 05:28:48,537 [main] INFO  server.AuthenticationFilter (AuthenticationFilter.java:constructSecretProvider(240)) - Unable to initialize FileSignerSecretProvider, falling back to use random secrets.
2019-09-11 05:28:48,538 [main] WARN  http.HttpRequestLog (HttpRequestLog.java:getRequestLog(97)) - Jetty request log can only be enabled using Log4j
2019-09-11 05:28:48,539 [main] INFO  http.HttpServer2 (HttpServer2.java:addGlobalFilter(975)) - Added global filter 'safety' (class=org.apache.hadoop.http.HttpServer2$QuotingInputFilter)
2019-09-11 05:28:48,540 [main] INFO  http.HttpServer2 (HttpServer2.java:addFilter(948)) - Added filter static_user_filter (class=org.apache.hadoop.http.lib.StaticUserWebFilter$StaticUserFilter) to context hddsDatanode
2019-09-11 05:28:48,540 [main] INFO  http.HttpServer2 (HttpServer2.java:addFilter(958)) - Added filter static_user_filter (class=org.apache.hadoop.http.lib.StaticUserWebFilter$StaticUserFilter) to context static
2019-09-11 05:28:48,540 [main] INFO  http.HttpServer2 (HttpServer2.java:addFilter(958)) - Added filter static_user_filter (class=org.apache.hadoop.http.lib.StaticUserWebFilter$StaticUserFilter) to context logs
2019-09-11 05:28:48,541 [main] INFO  http.HttpServer2 (HttpServer2.java:bindListener(1191)) - Jetty bound to port 33928
2019-09-11 05:28:48,541 [main] INFO  server.Server (Server.java:doStart(351)) - jetty-9.3.24.v20180605, build timestamp: 2018-06-05T17:11:56Z, git hash: 84205aa28f11a4f31f2a3b86d1bba2cc8ab69827
2019-09-11 05:28:48,546 [main] INFO  handler.ContextHandler (ContextHandler.java:doStart(781)) - Started o.e.j.s.ServletContextHandler@26cb5207{/logs,file:///workdir/hadoop-ozone/integration-test/target/log,AVAILABLE}
2019-09-11 05:28:48,546 [main] INFO  handler.ContextHandler (ContextHandler.java:doStart(781)) - Started o.e.j.s.ServletContextHandler@18d910b3{/static,jar:file:/home/user/.m2/repository/org/apache/hadoop/hadoop-hdds-container-service/0.5.0-SNAPSHOT/hadoop-hdds-container-service-0.5.0-SNAPSHOT.jar!/webapps/static,AVAILABLE}
2019-09-11 05:28:48,575 [main] INFO  handler.ContextHandler (ContextHandler.java:doStart(781)) - Started o.e.j.w.WebAppContext@49faf066{/,file:///tmp/jetty-0.0.0.0-33928-hddsDatanode-_-any-4200281631642305622.dir/webapp/,AVAILABLE}{/hddsDatanode}
2019-09-11 05:28:48,577 [main] INFO  server.AbstractConnector (AbstractConnector.java:doStart(278)) - Started ServerConnector@6f94a5a5{HTTP/1.1,[http/1.1]}{0.0.0.0:33928}
2019-09-11 05:28:48,577 [main] INFO  server.Server (Server.java:doStart(419)) - Started @5494ms
2019-09-11 05:28:48,578 [main] WARN  impl.MetricsSystemImpl (MetricsSystemImpl.java:register(276)) - Sink prometheus already exists!
2019-09-11 05:28:48,578 [main] INFO  server.BaseHttpServer (BaseHttpServer.java:updateConnectorAddress(215)) - HTTP server of HDDSDATANODE is listening at http://0.0.0.0:33928
2019-09-11 05:28:48,579 [main] INFO  impl.MetricsSystemImpl (MetricsSystemImpl.java:init(158)) - HddsDatanode metrics system started (again)
2019-09-11 05:28:48,581 [org.apache.hadoop.util.JvmPauseMonitor$Monitor@6506169c] INFO  util.JvmPauseMonitor (JvmPauseMonitor.java:run(188)) - Starting JVM pause monitor
2019-09-11 05:28:48,582 [main] INFO  ozone.HddsDatanodeService (HddsDatanodeService.java:start(184)) - HddsDatanodeService host:trunk-nightly-20190911-vpfxm-1000144475 ip:192.168.36.125
2019-09-11 05:28:48,589 [main] INFO  volume.HddsVolume (HddsVolume.java:<init>(176)) - Creating Volume: /workdir/hadoop-ozone/integration-test/target/test-dir/MiniOzoneClusterImpl-712b11b3-5514-48f8-84a2-2435d4ba870b/datanode-2/data/containers/hdds of  storage type : DISK and capacity : 1482555576320
2019-09-11 05:28:48,589 [main] INFO  volume.VolumeSet (VolumeSet.java:initializeVolumeSet(170)) - Added Volume : /workdir/hadoop-ozone/integration-test/target/test-dir/MiniOzoneClusterImpl-712b11b3-5514-48f8-84a2-2435d4ba870b/datanode-2/data/containers/hdds to VolumeSet
2019-09-11 05:28:48,590 [main] INFO  volume.ThrottledAsyncChecker (ThrottledAsyncChecker.java:schedule(139)) - Scheduling a check for org.apache.hadoop.ozone.container.common.volume.HddsVolume@524a076e
2019-09-11 05:28:48,590 [main] INFO  volume.HddsVolumeChecker (HddsVolumeChecker.java:checkAllVolumes(202)) - Scheduled health check for volume org.apache.hadoop.ozone.container.common.volume.HddsVolume@524a076e
2019-09-11 05:28:48,604 [main] INFO  impl.RaftServerProxy (ConfUtils.java:logGet(43)) - raft.rpc.type = GRPC (default)
2019-09-11 05:28:48,604 [main] INFO  grpc.GrpcFactory (GrpcFactory.java:checkPooledByteBufAllocatorUseCacheForAllThreads(45)) - PERFORMANCE WARNING: useCacheForAllThreads is true that may cause Netty to create a lot garbage objects and, as a result, trigger GC.
	It is recommended to disable useCacheForAllThreads by setting -Dorg.apache.ratis.thirdparty.io.netty.allocator.useCacheForAllThreads=false in command line.
2019-09-11 05:28:48,604 [main] INFO  grpc.GrpcConfigKeys$Server (ConfUtils.java:logGet(43)) - raft.grpc.server.port = 0 (default)
2019-09-11 05:28:48,604 [main] INFO  server.GrpcService (ConfUtils.java:logGet(43)) - raft.grpc.message.size.max = 33570816 (custom)
2019-09-11 05:28:48,605 [main] INFO  server.RaftServerConfigKeys (ConfUtils.java:logGet(43)) - raft.server.log.appender.buffer.byte-limit = 33554432 (custom)
2019-09-11 05:28:48,605 [main] INFO  server.GrpcService (ConfUtils.java:logGet(43)) - raft.grpc.flow.control.window = 1MB (=1048576) (default)
2019-09-11 05:28:48,605 [main] INFO  server.RaftServerConfigKeys (ConfUtils.java:logGet(43)) - raft.server.rpc.request.timeout = 3000ms (default)
2019-09-11 05:28:48,606 [main] INFO  server.RaftServerConfigKeys (ConfUtils.java:logGet(43)) - raft.server.storage.dir = [/workdir/hadoop-ozone/integration-test/target/test-dir/MiniOzoneClusterImpl-712b11b3-5514-48f8-84a2-2435d4ba870b/datanode-2/data/ratis] (custom)
2019-09-11 05:28:48,607 [main] INFO  hdfs.DFSUtil (DFSUtil.java:httpServerTemplateForNNAndJN(1641)) - Starting Web-server for hddsDatanode at: http://0.0.0.0:0
2019-09-11 05:28:48,609 [main] INFO  server.AuthenticationFilter (AuthenticationFilter.java:constructSecretProvider(240)) - Unable to initialize FileSignerSecretProvider, falling back to use random secrets.
2019-09-11 05:28:48,609 [main] WARN  http.HttpRequestLog (HttpRequestLog.java:getRequestLog(97)) - Jetty request log can only be enabled using Log4j
2019-09-11 05:28:48,611 [main] INFO  http.HttpServer2 (HttpServer2.java:addGlobalFilter(975)) - Added global filter 'safety' (class=org.apache.hadoop.http.HttpServer2$QuotingInputFilter)
2019-09-11 05:28:48,611 [main] INFO  http.HttpServer2 (HttpServer2.java:addFilter(948)) - Added filter static_user_filter (class=org.apache.hadoop.http.lib.StaticUserWebFilter$StaticUserFilter) to context hddsDatanode
2019-09-11 05:28:48,611 [main] INFO  http.HttpServer2 (HttpServer2.java:addFilter(958)) - Added filter static_user_filter (class=org.apache.hadoop.http.lib.StaticUserWebFilter$StaticUserFilter) to context static
2019-09-11 05:28:48,611 [main] INFO  http.HttpServer2 (HttpServer2.java:addFilter(958)) - Added filter static_user_filter (class=org.apache.hadoop.http.lib.StaticUserWebFilter$StaticUserFilter) to context logs
2019-09-11 05:28:48,612 [main] INFO  http.HttpServer2 (HttpServer2.java:bindListener(1191)) - Jetty bound to port 33094
2019-09-11 05:28:48,612 [main] INFO  server.Server (Server.java:doStart(351)) - jetty-9.3.24.v20180605, build timestamp: 2018-06-05T17:11:56Z, git hash: 84205aa28f11a4f31f2a3b86d1bba2cc8ab69827
2019-09-11 05:28:48,614 [main] INFO  handler.ContextHandler (ContextHandler.java:doStart(781)) - Started o.e.j.s.ServletContextHandler@2e66bc32{/logs,file:///workdir/hadoop-ozone/integration-test/target/log,AVAILABLE}
2019-09-11 05:28:48,615 [main] INFO  handler.ContextHandler (ContextHandler.java:doStart(781)) - Started o.e.j.s.ServletContextHandler@4b65d9f4{/static,jar:file:/home/user/.m2/repository/org/apache/hadoop/hadoop-hdds-container-service/0.5.0-SNAPSHOT/hadoop-hdds-container-service-0.5.0-SNAPSHOT.jar!/webapps/static,AVAILABLE}
2019-09-11 05:28:48,630 [Datanode State Machine Thread - 0] INFO  datanode.InitDatanodeState (InitDatanodeState.java:persistContainerDatanodeDetails(140)) - DatanodeDetails is persisted to /workdir/hadoop-ozone/integration-test/target/test-dir/MiniOzoneClusterImpl-712b11b3-5514-48f8-84a2-2435d4ba870b/datanode-0/meta/datanode.id
2019-09-11 05:28:48,633 [Datanode State Machine Thread - 0] INFO  datanode.InitDatanodeState (InitDatanodeState.java:persistContainerDatanodeDetails(140)) - DatanodeDetails is persisted to /workdir/hadoop-ozone/integration-test/target/test-dir/MiniOzoneClusterImpl-712b11b3-5514-48f8-84a2-2435d4ba870b/datanode-1/meta/datanode.id
2019-09-11 05:28:48,646 [main] INFO  handler.ContextHandler (ContextHandler.java:doStart(781)) - Started o.e.j.w.WebAppContext@4745e9c{/,file:///tmp/jetty-0.0.0.0-33094-hddsDatanode-_-any-7992725711789116680.dir/webapp/,AVAILABLE}{/hddsDatanode}
2019-09-11 05:28:48,647 [main] INFO  server.AbstractConnector (AbstractConnector.java:doStart(278)) - Started ServerConnector@2f2bff16{HTTP/1.1,[http/1.1]}{0.0.0.0:33094}
2019-09-11 05:28:48,648 [main] INFO  server.Server (Server.java:doStart(419)) - Started @5564ms
2019-09-11 05:28:48,648 [main] WARN  impl.MetricsSystemImpl (MetricsSystemImpl.java:register(276)) - Sink prometheus already exists!
2019-09-11 05:28:48,649 [main] INFO  server.BaseHttpServer (BaseHttpServer.java:updateConnectorAddress(215)) - HTTP server of HDDSDATANODE is listening at http://0.0.0.0:33094
2019-09-11 05:28:48,649 [main] INFO  impl.MetricsSystemImpl (MetricsSystemImpl.java:init(158)) - HddsDatanode metrics system started (again)
2019-09-11 05:28:48,651 [org.apache.hadoop.util.JvmPauseMonitor$Monitor@3e0e9f08] INFO  util.JvmPauseMonitor (JvmPauseMonitor.java:run(188)) - Starting JVM pause monitor
2019-09-11 05:28:48,651 [main] INFO  ozone.HddsDatanodeService (HddsDatanodeService.java:start(184)) - HddsDatanodeService host:trunk-nightly-20190911-vpfxm-1000144475 ip:192.168.36.125
2019-09-11 05:28:48,654 [Datanode State Machine Thread - 0] INFO  datanode.InitDatanodeState (InitDatanodeState.java:persistContainerDatanodeDetails(140)) - DatanodeDetails is persisted to /workdir/hadoop-ozone/integration-test/target/test-dir/MiniOzoneClusterImpl-712b11b3-5514-48f8-84a2-2435d4ba870b/datanode-2/meta/datanode.id
2019-09-11 05:28:48,658 [main] INFO  volume.HddsVolume (HddsVolume.java:<init>(176)) - Creating Volume: /workdir/hadoop-ozone/integration-test/target/test-dir/MiniOzoneClusterImpl-712b11b3-5514-48f8-84a2-2435d4ba870b/datanode-3/data/containers/hdds of  storage type : DISK and capacity : 1482555576320
2019-09-11 05:28:48,658 [main] INFO  volume.VolumeSet (VolumeSet.java:initializeVolumeSet(170)) - Added Volume : /workdir/hadoop-ozone/integration-test/target/test-dir/MiniOzoneClusterImpl-712b11b3-5514-48f8-84a2-2435d4ba870b/datanode-3/data/containers/hdds to VolumeSet
2019-09-11 05:28:48,658 [main] INFO  volume.ThrottledAsyncChecker (ThrottledAsyncChecker.java:schedule(139)) - Scheduling a check for org.apache.hadoop.ozone.container.common.volume.HddsVolume@6342d610
2019-09-11 05:28:48,659 [main] INFO  volume.HddsVolumeChecker (HddsVolumeChecker.java:checkAllVolumes(202)) - Scheduled health check for volume org.apache.hadoop.ozone.container.common.volume.HddsVolume@6342d610
2019-09-11 05:28:48,671 [main] INFO  impl.RaftServerProxy (ConfUtils.java:logGet(43)) - raft.rpc.type = GRPC (default)
2019-09-11 05:28:48,671 [main] INFO  grpc.GrpcFactory (GrpcFactory.java:checkPooledByteBufAllocatorUseCacheForAllThreads(45)) - PERFORMANCE WARNING: useCacheForAllThreads is true that may cause Netty to create a lot garbage objects and, as a result, trigger GC.
	It is recommended to disable useCacheForAllThreads by setting -Dorg.apache.ratis.thirdparty.io.netty.allocator.useCacheForAllThreads=false in command line.
2019-09-11 05:28:48,672 [main] INFO  grpc.GrpcConfigKeys$Server (ConfUtils.java:logGet(43)) - raft.grpc.server.port = 0 (default)
2019-09-11 05:28:48,672 [main] INFO  server.GrpcService (ConfUtils.java:logGet(43)) - raft.grpc.message.size.max = 33570816 (custom)
2019-09-11 05:28:48,672 [main] INFO  server.RaftServerConfigKeys (ConfUtils.java:logGet(43)) - raft.server.log.appender.buffer.byte-limit = 33554432 (custom)
2019-09-11 05:28:48,672 [main] INFO  server.GrpcService (ConfUtils.java:logGet(43)) - raft.grpc.flow.control.window = 1MB (=1048576) (default)
2019-09-11 05:28:48,673 [main] INFO  server.RaftServerConfigKeys (ConfUtils.java:logGet(43)) - raft.server.rpc.request.timeout = 3000ms (default)
2019-09-11 05:28:48,673 [main] INFO  server.RaftServerConfigKeys (ConfUtils.java:logGet(43)) - raft.server.storage.dir = [/workdir/hadoop-ozone/integration-test/target/test-dir/MiniOzoneClusterImpl-712b11b3-5514-48f8-84a2-2435d4ba870b/datanode-3/data/ratis] (custom)
2019-09-11 05:28:48,675 [main] INFO  hdfs.DFSUtil (DFSUtil.java:httpServerTemplateForNNAndJN(1641)) - Starting Web-server for hddsDatanode at: http://0.0.0.0:0
2019-09-11 05:28:48,676 [main] INFO  server.AuthenticationFilter (AuthenticationFilter.java:constructSecretProvider(240)) - Unable to initialize FileSignerSecretProvider, falling back to use random secrets.
2019-09-11 05:28:48,676 [main] WARN  http.HttpRequestLog (HttpRequestLog.java:getRequestLog(97)) - Jetty request log can only be enabled using Log4j
2019-09-11 05:28:48,677 [main] INFO  http.HttpServer2 (HttpServer2.java:addGlobalFilter(975)) - Added global filter 'safety' (class=org.apache.hadoop.http.HttpServer2$QuotingInputFilter)
2019-09-11 05:28:48,678 [main] INFO  http.HttpServer2 (HttpServer2.java:addFilter(948)) - Added filter static_user_filter (class=org.apache.hadoop.http.lib.StaticUserWebFilter$StaticUserFilter) to context hddsDatanode
2019-09-11 05:28:48,678 [main] INFO  http.HttpServer2 (HttpServer2.java:addFilter(958)) - Added filter static_user_filter (class=org.apache.hadoop.http.lib.StaticUserWebFilter$StaticUserFilter) to context static
2019-09-11 05:28:48,678 [main] INFO  http.HttpServer2 (HttpServer2.java:addFilter(958)) - Added filter static_user_filter (class=org.apache.hadoop.http.lib.StaticUserWebFilter$StaticUserFilter) to context logs
2019-09-11 05:28:48,679 [main] INFO  http.HttpServer2 (HttpServer2.java:bindListener(1191)) - Jetty bound to port 44841
2019-09-11 05:28:48,679 [main] INFO  server.Server (Server.java:doStart(351)) - jetty-9.3.24.v20180605, build timestamp: 2018-06-05T17:11:56Z, git hash: 84205aa28f11a4f31f2a3b86d1bba2cc8ab69827
2019-09-11 05:28:48,683 [main] INFO  handler.ContextHandler (ContextHandler.java:doStart(781)) - Started o.e.j.s.ServletContextHandler@74ecacc3{/logs,file:///workdir/hadoop-ozone/integration-test/target/log,AVAILABLE}
2019-09-11 05:28:48,684 [main] INFO  handler.ContextHandler (ContextHandler.java:doStart(781)) - Started o.e.j.s.ServletContextHandler@53b7ce6{/static,jar:file:/home/user/.m2/repository/org/apache/hadoop/hadoop-hdds-container-service/0.5.0-SNAPSHOT/hadoop-hdds-container-service-0.5.0-SNAPSHOT.jar!/webapps/static,AVAILABLE}
2019-09-11 05:28:48,712 [main] INFO  handler.ContextHandler (ContextHandler.java:doStart(781)) - Started o.e.j.w.WebAppContext@7d44a19{/,file:///tmp/jetty-0.0.0.0-44841-hddsDatanode-_-any-8618074701508036328.dir/webapp/,AVAILABLE}{/hddsDatanode}
2019-09-11 05:28:48,713 [main] INFO  server.AbstractConnector (AbstractConnector.java:doStart(278)) - Started ServerConnector@1fb2d5e{HTTP/1.1,[http/1.1]}{0.0.0.0:44841}
2019-09-11 05:28:48,714 [main] INFO  server.Server (Server.java:doStart(419)) - Started @5630ms
2019-09-11 05:28:48,715 [main] WARN  impl.MetricsSystemImpl (MetricsSystemImpl.java:register(276)) - Sink prometheus already exists!
2019-09-11 05:28:48,715 [main] INFO  server.BaseHttpServer (BaseHttpServer.java:updateConnectorAddress(215)) - HTTP server of HDDSDATANODE is listening at http://0.0.0.0:44841
2019-09-11 05:28:48,716 [main] INFO  impl.MetricsSystemImpl (MetricsSystemImpl.java:init(158)) - HddsDatanode metrics system started (again)
2019-09-11 05:28:48,718 [org.apache.hadoop.util.JvmPauseMonitor$Monitor@7fc15aca] INFO  util.JvmPauseMonitor (JvmPauseMonitor.java:run(188)) - Starting JVM pause monitor
2019-09-11 05:28:48,719 [main] INFO  ozone.HddsDatanodeService (HddsDatanodeService.java:start(184)) - HddsDatanodeService host:trunk-nightly-20190911-vpfxm-1000144475 ip:192.168.36.125
2019-09-11 05:28:48,721 [Datanode State Machine Thread - 0] INFO  datanode.InitDatanodeState (InitDatanodeState.java:persistContainerDatanodeDetails(140)) - DatanodeDetails is persisted to /workdir/hadoop-ozone/integration-test/target/test-dir/MiniOzoneClusterImpl-712b11b3-5514-48f8-84a2-2435d4ba870b/datanode-3/meta/datanode.id
2019-09-11 05:28:48,727 [main] INFO  volume.HddsVolume (HddsVolume.java:<init>(176)) - Creating Volume: /workdir/hadoop-ozone/integration-test/target/test-dir/MiniOzoneClusterImpl-712b11b3-5514-48f8-84a2-2435d4ba870b/datanode-4/data/containers/hdds of  storage type : DISK and capacity : 1482555576320
2019-09-11 05:28:48,727 [main] INFO  volume.VolumeSet (VolumeSet.java:initializeVolumeSet(170)) - Added Volume : /workdir/hadoop-ozone/integration-test/target/test-dir/MiniOzoneClusterImpl-712b11b3-5514-48f8-84a2-2435d4ba870b/datanode-4/data/containers/hdds to VolumeSet
2019-09-11 05:28:48,727 [main] INFO  volume.ThrottledAsyncChecker (ThrottledAsyncChecker.java:schedule(139)) - Scheduling a check for org.apache.hadoop.ozone.container.common.volume.HddsVolume@73844119
2019-09-11 05:28:48,728 [main] INFO  volume.HddsVolumeChecker (HddsVolumeChecker.java:checkAllVolumes(202)) - Scheduled health check for volume org.apache.hadoop.ozone.container.common.volume.HddsVolume@73844119
2019-09-11 05:28:48,741 [main] INFO  impl.RaftServerProxy (ConfUtils.java:logGet(43)) - raft.rpc.type = GRPC (default)
2019-09-11 05:28:48,741 [main] INFO  grpc.GrpcFactory (GrpcFactory.java:checkPooledByteBufAllocatorUseCacheForAllThreads(45)) - PERFORMANCE WARNING: useCacheForAllThreads is true that may cause Netty to create a lot garbage objects and, as a result, trigger GC.
	It is recommended to disable useCacheForAllThreads by setting -Dorg.apache.ratis.thirdparty.io.netty.allocator.useCacheForAllThreads=false in command line.
2019-09-11 05:28:48,741 [main] INFO  grpc.GrpcConfigKeys$Server (ConfUtils.java:logGet(43)) - raft.grpc.server.port = 0 (default)
2019-09-11 05:28:48,741 [main] INFO  server.GrpcService (ConfUtils.java:logGet(43)) - raft.grpc.message.size.max = 33570816 (custom)
2019-09-11 05:28:48,742 [main] INFO  server.RaftServerConfigKeys (ConfUtils.java:logGet(43)) - raft.server.log.appender.buffer.byte-limit = 33554432 (custom)
2019-09-11 05:28:48,742 [main] INFO  server.GrpcService (ConfUtils.java:logGet(43)) - raft.grpc.flow.control.window = 1MB (=1048576) (default)
2019-09-11 05:28:48,742 [main] INFO  server.RaftServerConfigKeys (ConfUtils.java:logGet(43)) - raft.server.rpc.request.timeout = 3000ms (default)
2019-09-11 05:28:48,743 [main] INFO  server.RaftServerConfigKeys (ConfUtils.java:logGet(43)) - raft.server.storage.dir = [/workdir/hadoop-ozone/integration-test/target/test-dir/MiniOzoneClusterImpl-712b11b3-5514-48f8-84a2-2435d4ba870b/datanode-4/data/ratis] (custom)
2019-09-11 05:28:48,744 [main] INFO  hdfs.DFSUtil (DFSUtil.java:httpServerTemplateForNNAndJN(1641)) - Starting Web-server for hddsDatanode at: http://0.0.0.0:0
2019-09-11 05:28:48,745 [main] INFO  server.AuthenticationFilter (AuthenticationFilter.java:constructSecretProvider(240)) - Unable to initialize FileSignerSecretProvider, falling back to use random secrets.
2019-09-11 05:28:48,746 [main] WARN  http.HttpRequestLog (HttpRequestLog.java:getRequestLog(97)) - Jetty request log can only be enabled using Log4j
2019-09-11 05:28:48,747 [main] INFO  http.HttpServer2 (HttpServer2.java:addGlobalFilter(975)) - Added global filter 'safety' (class=org.apache.hadoop.http.HttpServer2$QuotingInputFilter)
2019-09-11 05:28:48,748 [main] INFO  http.HttpServer2 (HttpServer2.java:addFilter(948)) - Added filter static_user_filter (class=org.apache.hadoop.http.lib.StaticUserWebFilter$StaticUserFilter) to context hddsDatanode
2019-09-11 05:28:48,748 [main] INFO  http.HttpServer2 (HttpServer2.java:addFilter(958)) - Added filter static_user_filter (class=org.apache.hadoop.http.lib.StaticUserWebFilter$StaticUserFilter) to context logs
2019-09-11 05:28:48,748 [main] INFO  http.HttpServer2 (HttpServer2.java:addFilter(958)) - Added filter static_user_filter (class=org.apache.hadoop.http.lib.StaticUserWebFilter$StaticUserFilter) to context static
2019-09-11 05:28:48,749 [main] INFO  http.HttpServer2 (HttpServer2.java:bindListener(1191)) - Jetty bound to port 40927
2019-09-11 05:28:48,749 [main] INFO  server.Server (Server.java:doStart(351)) - jetty-9.3.24.v20180605, build timestamp: 2018-06-05T17:11:56Z, git hash: 84205aa28f11a4f31f2a3b86d1bba2cc8ab69827
2019-09-11 05:28:48,751 [main] INFO  handler.ContextHandler (ContextHandler.java:doStart(781)) - Started o.e.j.s.ServletContextHandler@77a074b4{/logs,file:///workdir/hadoop-ozone/integration-test/target/log,AVAILABLE}
2019-09-11 05:28:48,751 [main] INFO  handler.ContextHandler (ContextHandler.java:doStart(781)) - Started o.e.j.s.ServletContextHandler@6c0e13b7{/static,jar:file:/home/user/.m2/repository/org/apache/hadoop/hadoop-hdds-container-service/0.5.0-SNAPSHOT/hadoop-hdds-container-service-0.5.0-SNAPSHOT.jar!/webapps/static,AVAILABLE}
2019-09-11 05:28:48,779 [main] INFO  handler.ContextHandler (ContextHandler.java:doStart(781)) - Started o.e.j.w.WebAppContext@38ed139b{/,file:///tmp/jetty-0.0.0.0-40927-hddsDatanode-_-any-5714850574246865035.dir/webapp/,AVAILABLE}{/hddsDatanode}
2019-09-11 05:28:48,780 [main] INFO  server.AbstractConnector (AbstractConnector.java:doStart(278)) - Started ServerConnector@a5272be{HTTP/1.1,[http/1.1]}{0.0.0.0:40927}
2019-09-11 05:28:48,781 [main] INFO  server.Server (Server.java:doStart(419)) - Started @5698ms
2019-09-11 05:28:48,781 [main] WARN  impl.MetricsSystemImpl (MetricsSystemImpl.java:register(276)) - Sink prometheus already exists!
2019-09-11 05:28:48,782 [main] INFO  server.BaseHttpServer (BaseHttpServer.java:updateConnectorAddress(215)) - HTTP server of HDDSDATANODE is listening at http://0.0.0.0:40927
2019-09-11 05:28:48,782 [main] INFO  impl.MetricsSystemImpl (MetricsSystemImpl.java:init(158)) - HddsDatanode metrics system started (again)
2019-09-11 05:28:48,785 [org.apache.hadoop.util.JvmPauseMonitor$Monitor@2e778e93] INFO  util.JvmPauseMonitor (JvmPauseMonitor.java:run(188)) - Starting JVM pause monitor
2019-09-11 05:28:48,786 [main] INFO  ozone.HddsDatanodeService (HddsDatanodeService.java:start(184)) - HddsDatanodeService host:trunk-nightly-20190911-vpfxm-1000144475 ip:192.168.36.125
2019-09-11 05:28:48,792 [Datanode State Machine Thread - 0] INFO  datanode.InitDatanodeState (InitDatanodeState.java:persistContainerDatanodeDetails(140)) - DatanodeDetails is persisted to /workdir/hadoop-ozone/integration-test/target/test-dir/MiniOzoneClusterImpl-712b11b3-5514-48f8-84a2-2435d4ba870b/datanode-4/meta/datanode.id
2019-09-11 05:28:48,801 [main] INFO  volume.HddsVolume (HddsVolume.java:<init>(176)) - Creating Volume: /workdir/hadoop-ozone/integration-test/target/test-dir/MiniOzoneClusterImpl-712b11b3-5514-48f8-84a2-2435d4ba870b/datanode-5/data/containers/hdds of  storage type : DISK and capacity : 1482555576320
2019-09-11 05:28:48,801 [main] INFO  volume.VolumeSet (VolumeSet.java:initializeVolumeSet(170)) - Added Volume : /workdir/hadoop-ozone/integration-test/target/test-dir/MiniOzoneClusterImpl-712b11b3-5514-48f8-84a2-2435d4ba870b/datanode-5/data/containers/hdds to VolumeSet
2019-09-11 05:28:48,802 [main] INFO  volume.ThrottledAsyncChecker (ThrottledAsyncChecker.java:schedule(139)) - Scheduling a check for org.apache.hadoop.ozone.container.common.volume.HddsVolume@2938127d
2019-09-11 05:28:48,803 [main] INFO  volume.HddsVolumeChecker (HddsVolumeChecker.java:checkAllVolumes(202)) - Scheduled health check for volume org.apache.hadoop.ozone.container.common.volume.HddsVolume@2938127d
2019-09-11 05:28:48,824 [main] INFO  impl.RaftServerProxy (ConfUtils.java:logGet(43)) - raft.rpc.type = GRPC (default)
2019-09-11 05:28:48,824 [main] INFO  grpc.GrpcFactory (GrpcFactory.java:checkPooledByteBufAllocatorUseCacheForAllThreads(45)) - PERFORMANCE WARNING: useCacheForAllThreads is true that may cause Netty to create a lot garbage objects and, as a result, trigger GC.
	It is recommended to disable useCacheForAllThreads by setting -Dorg.apache.ratis.thirdparty.io.netty.allocator.useCacheForAllThreads=false in command line.
2019-09-11 05:28:48,825 [main] INFO  grpc.GrpcConfigKeys$Server (ConfUtils.java:logGet(43)) - raft.grpc.server.port = 0 (default)
2019-09-11 05:28:48,825 [main] INFO  server.GrpcService (ConfUtils.java:logGet(43)) - raft.grpc.message.size.max = 33570816 (custom)
2019-09-11 05:28:48,825 [main] INFO  server.RaftServerConfigKeys (ConfUtils.java:logGet(43)) - raft.server.log.appender.buffer.byte-limit = 33554432 (custom)
2019-09-11 05:28:48,826 [main] INFO  server.GrpcService (ConfUtils.java:logGet(43)) - raft.grpc.flow.control.window = 1MB (=1048576) (default)
2019-09-11 05:28:48,826 [main] INFO  server.RaftServerConfigKeys (ConfUtils.java:logGet(43)) - raft.server.rpc.request.timeout = 3000ms (default)
2019-09-11 05:28:48,827 [main] INFO  server.RaftServerConfigKeys (ConfUtils.java:logGet(43)) - raft.server.storage.dir = [/workdir/hadoop-ozone/integration-test/target/test-dir/MiniOzoneClusterImpl-712b11b3-5514-48f8-84a2-2435d4ba870b/datanode-5/data/ratis] (custom)
2019-09-11 05:28:48,829 [main] INFO  hdfs.DFSUtil (DFSUtil.java:httpServerTemplateForNNAndJN(1641)) - Starting Web-server for hddsDatanode at: http://0.0.0.0:0
2019-09-11 05:28:48,830 [main] INFO  server.AuthenticationFilter (AuthenticationFilter.java:constructSecretProvider(240)) - Unable to initialize FileSignerSecretProvider, falling back to use random secrets.
2019-09-11 05:28:48,831 [main] WARN  http.HttpRequestLog (HttpRequestLog.java:getRequestLog(97)) - Jetty request log can only be enabled using Log4j
2019-09-11 05:28:48,833 [main] INFO  http.HttpServer2 (HttpServer2.java:addGlobalFilter(975)) - Added global filter 'safety' (class=org.apache.hadoop.http.HttpServer2$QuotingInputFilter)
2019-09-11 05:28:48,834 [main] INFO  http.HttpServer2 (HttpServer2.java:addFilter(948)) - Added filter static_user_filter (class=org.apache.hadoop.http.lib.StaticUserWebFilter$StaticUserFilter) to context hddsDatanode
2019-09-11 05:28:48,834 [main] INFO  http.HttpServer2 (HttpServer2.java:addFilter(958)) - Added filter static_user_filter (class=org.apache.hadoop.http.lib.StaticUserWebFilter$StaticUserFilter) to context static
2019-09-11 05:28:48,834 [main] INFO  http.HttpServer2 (HttpServer2.java:addFilter(958)) - Added filter static_user_filter (class=org.apache.hadoop.http.lib.StaticUserWebFilter$StaticUserFilter) to context logs
2019-09-11 05:28:48,835 [main] INFO  http.HttpServer2 (HttpServer2.java:bindListener(1191)) - Jetty bound to port 32916
2019-09-11 05:28:48,835 [main] INFO  server.Server (Server.java:doStart(351)) - jetty-9.3.24.v20180605, build timestamp: 2018-06-05T17:11:56Z, git hash: 84205aa28f11a4f31f2a3b86d1bba2cc8ab69827
2019-09-11 05:28:48,837 [main] INFO  handler.ContextHandler (ContextHandler.java:doStart(781)) - Started o.e.j.s.ServletContextHandler@75d4a80f{/logs,file:///workdir/hadoop-ozone/integration-test/target/log,AVAILABLE}
2019-09-11 05:28:48,838 [main] INFO  handler.ContextHandler (ContextHandler.java:doStart(781)) - Started o.e.j.s.ServletContextHandler@ccf91df{/static,jar:file:/home/user/.m2/repository/org/apache/hadoop/hadoop-hdds-container-service/0.5.0-SNAPSHOT/hadoop-hdds-container-service-0.5.0-SNAPSHOT.jar!/webapps/static,AVAILABLE}
2019-09-11 05:28:48,870 [main] INFO  handler.ContextHandler (ContextHandler.java:doStart(781)) - Started o.e.j.w.WebAppContext@3c83468e{/,file:///tmp/jetty-0.0.0.0-32916-hddsDatanode-_-any-625398321543898184.dir/webapp/,AVAILABLE}{/hddsDatanode}
2019-09-11 05:28:48,872 [main] INFO  server.AbstractConnector (AbstractConnector.java:doStart(278)) - Started ServerConnector@272ce069{HTTP/1.1,[http/1.1]}{0.0.0.0:32916}
2019-09-11 05:28:48,872 [main] INFO  server.Server (Server.java:doStart(419)) - Started @5789ms
2019-09-11 05:28:48,872 [main] WARN  impl.MetricsSystemImpl (MetricsSystemImpl.java:register(276)) - Sink prometheus already exists!
2019-09-11 05:28:48,873 [main] INFO  server.BaseHttpServer (BaseHttpServer.java:updateConnectorAddress(215)) - HTTP server of HDDSDATANODE is listening at http://0.0.0.0:32916
2019-09-11 05:28:48,873 [main] INFO  impl.MetricsSystemImpl (MetricsSystemImpl.java:init(158)) - HddsDatanode metrics system started (again)
2019-09-11 05:28:48,877 [main] INFO  ozone.HddsDatanodeService (HddsDatanodeService.java:start(184)) - HddsDatanodeService host:trunk-nightly-20190911-vpfxm-1000144475 ip:192.168.36.125
2019-09-11 05:28:48,878 [org.apache.hadoop.util.JvmPauseMonitor$Monitor@1d935b9e] INFO  util.JvmPauseMonitor (JvmPauseMonitor.java:run(188)) - Starting JVM pause monitor
2019-09-11 05:28:48,882 [Datanode State Machine Thread - 0] INFO  datanode.InitDatanodeState (InitDatanodeState.java:persistContainerDatanodeDetails(140)) - DatanodeDetails is persisted to /workdir/hadoop-ozone/integration-test/target/test-dir/MiniOzoneClusterImpl-712b11b3-5514-48f8-84a2-2435d4ba870b/datanode-5/meta/datanode.id
2019-09-11 05:28:48,886 [main] INFO  volume.HddsVolume (HddsVolume.java:<init>(176)) - Creating Volume: /workdir/hadoop-ozone/integration-test/target/test-dir/MiniOzoneClusterImpl-712b11b3-5514-48f8-84a2-2435d4ba870b/datanode-6/data/containers/hdds of  storage type : DISK and capacity : 1482555576320
2019-09-11 05:28:48,887 [main] INFO  volume.VolumeSet (VolumeSet.java:initializeVolumeSet(170)) - Added Volume : /workdir/hadoop-ozone/integration-test/target/test-dir/MiniOzoneClusterImpl-712b11b3-5514-48f8-84a2-2435d4ba870b/datanode-6/data/containers/hdds to VolumeSet
2019-09-11 05:28:48,887 [main] INFO  volume.ThrottledAsyncChecker (ThrottledAsyncChecker.java:schedule(139)) - Scheduling a check for org.apache.hadoop.ozone.container.common.volume.HddsVolume@788ddc1f
2019-09-11 05:28:48,888 [main] INFO  volume.HddsVolumeChecker (HddsVolumeChecker.java:checkAllVolumes(202)) - Scheduled health check for volume org.apache.hadoop.ozone.container.common.volume.HddsVolume@788ddc1f
2019-09-11 05:28:48,903 [main] INFO  impl.RaftServerProxy (ConfUtils.java:logGet(43)) - raft.rpc.type = GRPC (default)
2019-09-11 05:28:48,904 [main] INFO  grpc.GrpcFactory (GrpcFactory.java:checkPooledByteBufAllocatorUseCacheForAllThreads(45)) - PERFORMANCE WARNING: useCacheForAllThreads is true that may cause Netty to create a lot garbage objects and, as a result, trigger GC.
	It is recommended to disable useCacheForAllThreads by setting -Dorg.apache.ratis.thirdparty.io.netty.allocator.useCacheForAllThreads=false in command line.
2019-09-11 05:28:48,904 [main] INFO  grpc.GrpcConfigKeys$Server (ConfUtils.java:logGet(43)) - raft.grpc.server.port = 0 (default)
2019-09-11 05:28:48,904 [main] INFO  server.GrpcService (ConfUtils.java:logGet(43)) - raft.grpc.message.size.max = 33570816 (custom)
2019-09-11 05:28:48,904 [main] INFO  server.RaftServerConfigKeys (ConfUtils.java:logGet(43)) - raft.server.log.appender.buffer.byte-limit = 33554432 (custom)
2019-09-11 05:28:48,905 [main] INFO  server.GrpcService (ConfUtils.java:logGet(43)) - raft.grpc.flow.control.window = 1MB (=1048576) (default)
2019-09-11 05:28:48,905 [main] INFO  server.RaftServerConfigKeys (ConfUtils.java:logGet(43)) - raft.server.rpc.request.timeout = 3000ms (default)
2019-09-11 05:28:48,905 [main] INFO  server.RaftServerConfigKeys (ConfUtils.java:logGet(43)) - raft.server.storage.dir = [/workdir/hadoop-ozone/integration-test/target/test-dir/MiniOzoneClusterImpl-712b11b3-5514-48f8-84a2-2435d4ba870b/datanode-6/data/ratis] (custom)
2019-09-11 05:28:48,907 [main] INFO  hdfs.DFSUtil (DFSUtil.java:httpServerTemplateForNNAndJN(1641)) - Starting Web-server for hddsDatanode at: http://0.0.0.0:0
2019-09-11 05:28:48,908 [main] INFO  server.AuthenticationFilter (AuthenticationFilter.java:constructSecretProvider(240)) - Unable to initialize FileSignerSecretProvider, falling back to use random secrets.
2019-09-11 05:28:48,909 [main] WARN  http.HttpRequestLog (HttpRequestLog.java:getRequestLog(97)) - Jetty request log can only be enabled using Log4j
2019-09-11 05:28:48,910 [main] INFO  http.HttpServer2 (HttpServer2.java:addGlobalFilter(975)) - Added global filter 'safety' (class=org.apache.hadoop.http.HttpServer2$QuotingInputFilter)
2019-09-11 05:28:48,910 [main] INFO  http.HttpServer2 (HttpServer2.java:addFilter(948)) - Added filter static_user_filter (class=org.apache.hadoop.http.lib.StaticUserWebFilter$StaticUserFilter) to context hddsDatanode
2019-09-11 05:28:48,911 [main] INFO  http.HttpServer2 (HttpServer2.java:addFilter(958)) - Added filter static_user_filter (class=org.apache.hadoop.http.lib.StaticUserWebFilter$StaticUserFilter) to context logs
2019-09-11 05:28:48,911 [main] INFO  http.HttpServer2 (HttpServer2.java:addFilter(958)) - Added filter static_user_filter (class=org.apache.hadoop.http.lib.StaticUserWebFilter$StaticUserFilter) to context static
2019-09-11 05:28:48,912 [main] INFO  http.HttpServer2 (HttpServer2.java:bindListener(1191)) - Jetty bound to port 33716
2019-09-11 05:28:48,912 [main] INFO  server.Server (Server.java:doStart(351)) - jetty-9.3.24.v20180605, build timestamp: 2018-06-05T17:11:56Z, git hash: 84205aa28f11a4f31f2a3b86d1bba2cc8ab69827
2019-09-11 05:28:48,914 [main] INFO  handler.ContextHandler (ContextHandler.java:doStart(781)) - Started o.e.j.s.ServletContextHandler@173a6728{/logs,file:///workdir/hadoop-ozone/integration-test/target/log,AVAILABLE}
2019-09-11 05:28:48,914 [main] INFO  handler.ContextHandler (ContextHandler.java:doStart(781)) - Started o.e.j.s.ServletContextHandler@67514bdd{/static,jar:file:/home/user/.m2/repository/org/apache/hadoop/hadoop-hdds-container-service/0.5.0-SNAPSHOT/hadoop-hdds-container-service-0.5.0-SNAPSHOT.jar!/webapps/static,AVAILABLE}
2019-09-11 05:28:48,944 [main] INFO  handler.ContextHandler (ContextHandler.java:doStart(781)) - Started o.e.j.w.WebAppContext@a2341c6{/,file:///tmp/jetty-0.0.0.0-33716-hddsDatanode-_-any-47690552918977751.dir/webapp/,AVAILABLE}{/hddsDatanode}
2019-09-11 05:28:48,945 [main] INFO  server.AbstractConnector (AbstractConnector.java:doStart(278)) - Started ServerConnector@6e4c0d8c{HTTP/1.1,[http/1.1]}{0.0.0.0:33716}
2019-09-11 05:28:48,946 [main] INFO  server.Server (Server.java:doStart(419)) - Started @5863ms
2019-09-11 05:28:48,946 [main] WARN  impl.MetricsSystemImpl (MetricsSystemImpl.java:register(276)) - Sink prometheus already exists!
2019-09-11 05:28:48,947 [main] INFO  server.BaseHttpServer (BaseHttpServer.java:updateConnectorAddress(215)) - HTTP server of HDDSDATANODE is listening at http://0.0.0.0:33716
2019-09-11 05:28:48,948 [main] INFO  impl.MetricsSystemImpl (MetricsSystemImpl.java:init(158)) - HddsDatanode metrics system started (again)
2019-09-11 05:28:48,953 [org.apache.hadoop.util.JvmPauseMonitor$Monitor@4ad52d61] INFO  util.JvmPauseMonitor (JvmPauseMonitor.java:run(188)) - Starting JVM pause monitor
2019-09-11 05:28:48,953 [main] INFO  ozone.HddsDatanodeService (HddsDatanodeService.java:start(184)) - HddsDatanodeService host:trunk-nightly-20190911-vpfxm-1000144475 ip:192.168.36.125
2019-09-11 05:28:48,956 [Datanode State Machine Thread - 0] INFO  datanode.InitDatanodeState (InitDatanodeState.java:persistContainerDatanodeDetails(140)) - DatanodeDetails is persisted to /workdir/hadoop-ozone/integration-test/target/test-dir/MiniOzoneClusterImpl-712b11b3-5514-48f8-84a2-2435d4ba870b/datanode-6/meta/datanode.id
2019-09-11 05:28:48,967 [main] INFO  volume.HddsVolume (HddsVolume.java:<init>(176)) - Creating Volume: /workdir/hadoop-ozone/integration-test/target/test-dir/MiniOzoneClusterImpl-712b11b3-5514-48f8-84a2-2435d4ba870b/datanode-7/data/containers/hdds of  storage type : DISK and capacity : 1482555576320
2019-09-11 05:28:48,968 [main] INFO  volume.VolumeSet (VolumeSet.java:initializeVolumeSet(170)) - Added Volume : /workdir/hadoop-ozone/integration-test/target/test-dir/MiniOzoneClusterImpl-712b11b3-5514-48f8-84a2-2435d4ba870b/datanode-7/data/containers/hdds to VolumeSet
2019-09-11 05:28:48,968 [main] INFO  volume.ThrottledAsyncChecker (ThrottledAsyncChecker.java:schedule(139)) - Scheduling a check for org.apache.hadoop.ozone.container.common.volume.HddsVolume@43f1bb92
2019-09-11 05:28:48,969 [main] INFO  volume.HddsVolumeChecker (HddsVolumeChecker.java:checkAllVolumes(202)) - Scheduled health check for volume org.apache.hadoop.ozone.container.common.volume.HddsVolume@43f1bb92
2019-09-11 05:28:48,992 [main] INFO  impl.RaftServerProxy (ConfUtils.java:logGet(43)) - raft.rpc.type = GRPC (default)
2019-09-11 05:28:48,992 [main] INFO  grpc.GrpcFactory (GrpcFactory.java:checkPooledByteBufAllocatorUseCacheForAllThreads(45)) - PERFORMANCE WARNING: useCacheForAllThreads is true that may cause Netty to create a lot garbage objects and, as a result, trigger GC.
	It is recommended to disable useCacheForAllThreads by setting -Dorg.apache.ratis.thirdparty.io.netty.allocator.useCacheForAllThreads=false in command line.
2019-09-11 05:28:48,993 [main] INFO  grpc.GrpcConfigKeys$Server (ConfUtils.java:logGet(43)) - raft.grpc.server.port = 0 (default)
2019-09-11 05:28:48,993 [main] INFO  server.GrpcService (ConfUtils.java:logGet(43)) - raft.grpc.message.size.max = 33570816 (custom)
2019-09-11 05:28:48,993 [main] INFO  server.RaftServerConfigKeys (ConfUtils.java:logGet(43)) - raft.server.log.appender.buffer.byte-limit = 33554432 (custom)
2019-09-11 05:28:48,994 [main] INFO  server.GrpcService (ConfUtils.java:logGet(43)) - raft.grpc.flow.control.window = 1MB (=1048576) (default)
2019-09-11 05:28:48,994 [main] INFO  server.RaftServerConfigKeys (ConfUtils.java:logGet(43)) - raft.server.rpc.request.timeout = 3000ms (default)
2019-09-11 05:28:48,995 [main] INFO  server.RaftServerConfigKeys (ConfUtils.java:logGet(43)) - raft.server.storage.dir = [/workdir/hadoop-ozone/integration-test/target/test-dir/MiniOzoneClusterImpl-712b11b3-5514-48f8-84a2-2435d4ba870b/datanode-7/data/ratis] (custom)
2019-09-11 05:28:48,997 [main] INFO  hdfs.DFSUtil (DFSUtil.java:httpServerTemplateForNNAndJN(1641)) - Starting Web-server for hddsDatanode at: http://0.0.0.0:0
2019-09-11 05:28:48,999 [main] INFO  server.AuthenticationFilter (AuthenticationFilter.java:constructSecretProvider(240)) - Unable to initialize FileSignerSecretProvider, falling back to use random secrets.
2019-09-11 05:28:49,000 [main] WARN  http.HttpRequestLog (HttpRequestLog.java:getRequestLog(97)) - Jetty request log can only be enabled using Log4j
2019-09-11 05:28:49,003 [main] INFO  http.HttpServer2 (HttpServer2.java:addGlobalFilter(975)) - Added global filter 'safety' (class=org.apache.hadoop.http.HttpServer2$QuotingInputFilter)
2019-09-11 05:28:49,004 [main] INFO  http.HttpServer2 (HttpServer2.java:addFilter(948)) - Added filter static_user_filter (class=org.apache.hadoop.http.lib.StaticUserWebFilter$StaticUserFilter) to context hddsDatanode
2019-09-11 05:28:49,005 [main] INFO  http.HttpServer2 (HttpServer2.java:addFilter(958)) - Added filter static_user_filter (class=org.apache.hadoop.http.lib.StaticUserWebFilter$StaticUserFilter) to context logs
2019-09-11 05:28:49,005 [main] INFO  http.HttpServer2 (HttpServer2.java:addFilter(958)) - Added filter static_user_filter (class=org.apache.hadoop.http.lib.StaticUserWebFilter$StaticUserFilter) to context static
2019-09-11 05:28:49,006 [main] INFO  http.HttpServer2 (HttpServer2.java:bindListener(1191)) - Jetty bound to port 36986
2019-09-11 05:28:49,007 [main] INFO  server.Server (Server.java:doStart(351)) - jetty-9.3.24.v20180605, build timestamp: 2018-06-05T17:11:56Z, git hash: 84205aa28f11a4f31f2a3b86d1bba2cc8ab69827
2019-09-11 05:28:49,009 [main] INFO  handler.ContextHandler (ContextHandler.java:doStart(781)) - Started o.e.j.s.ServletContextHandler@b9a77c8{/logs,file:///workdir/hadoop-ozone/integration-test/target/log,AVAILABLE}
2019-09-11 05:28:49,010 [main] INFO  handler.ContextHandler (ContextHandler.java:doStart(781)) - Started o.e.j.s.ServletContextHandler@6cd3ad8a{/static,jar:file:/home/user/.m2/repository/org/apache/hadoop/hadoop-hdds-container-service/0.5.0-SNAPSHOT/hadoop-hdds-container-service-0.5.0-SNAPSHOT.jar!/webapps/static,AVAILABLE}
2019-09-11 05:28:49,055 [main] INFO  handler.ContextHandler (ContextHandler.java:doStart(781)) - Started o.e.j.w.WebAppContext@663bb8ef{/,file:///tmp/jetty-0.0.0.0-36986-hddsDatanode-_-any-3033483575700361897.dir/webapp/,AVAILABLE}{/hddsDatanode}
2019-09-11 05:28:49,056 [main] INFO  server.AbstractConnector (AbstractConnector.java:doStart(278)) - Started ServerConnector@2f4e40d7{HTTP/1.1,[http/1.1]}{0.0.0.0:36986}
2019-09-11 05:28:49,057 [main] INFO  server.Server (Server.java:doStart(419)) - Started @5973ms
2019-09-11 05:28:49,057 [main] WARN  impl.MetricsSystemImpl (MetricsSystemImpl.java:register(276)) - Sink prometheus already exists!
2019-09-11 05:28:49,058 [main] INFO  server.BaseHttpServer (BaseHttpServer.java:updateConnectorAddress(215)) - HTTP server of HDDSDATANODE is listening at http://0.0.0.0:36986
2019-09-11 05:28:49,058 [main] INFO  impl.MetricsSystemImpl (MetricsSystemImpl.java:init(158)) - HddsDatanode metrics system started (again)
2019-09-11 05:28:49,063 [org.apache.hadoop.util.JvmPauseMonitor$Monitor@1f3adb0b] INFO  util.JvmPauseMonitor (JvmPauseMonitor.java:run(188)) - Starting JVM pause monitor
2019-09-11 05:28:49,064 [main] INFO  ozone.HddsDatanodeService (HddsDatanodeService.java:start(184)) - HddsDatanodeService host:trunk-nightly-20190911-vpfxm-1000144475 ip:192.168.36.125
2019-09-11 05:28:49,067 [Datanode State Machine Thread - 0] INFO  datanode.InitDatanodeState (InitDatanodeState.java:persistContainerDatanodeDetails(140)) - DatanodeDetails is persisted to /workdir/hadoop-ozone/integration-test/target/test-dir/MiniOzoneClusterImpl-712b11b3-5514-48f8-84a2-2435d4ba870b/datanode-7/meta/datanode.id
2019-09-11 05:28:49,077 [main] INFO  volume.HddsVolume (HddsVolume.java:<init>(176)) - Creating Volume: /workdir/hadoop-ozone/integration-test/target/test-dir/MiniOzoneClusterImpl-712b11b3-5514-48f8-84a2-2435d4ba870b/datanode-8/data/containers/hdds of  storage type : DISK and capacity : 1482555576320
2019-09-11 05:28:49,078 [main] INFO  volume.VolumeSet (VolumeSet.java:initializeVolumeSet(170)) - Added Volume : /workdir/hadoop-ozone/integration-test/target/test-dir/MiniOzoneClusterImpl-712b11b3-5514-48f8-84a2-2435d4ba870b/datanode-8/data/containers/hdds to VolumeSet
2019-09-11 05:28:49,078 [main] INFO  volume.ThrottledAsyncChecker (ThrottledAsyncChecker.java:schedule(139)) - Scheduling a check for org.apache.hadoop.ozone.container.common.volume.HddsVolume@44b29496
2019-09-11 05:28:49,083 [main] INFO  volume.HddsVolumeChecker (HddsVolumeChecker.java:checkAllVolumes(202)) - Scheduled health check for volume org.apache.hadoop.ozone.container.common.volume.HddsVolume@44b29496
2019-09-11 05:28:49,098 [main] INFO  impl.RaftServerProxy (ConfUtils.java:logGet(43)) - raft.rpc.type = GRPC (default)
2019-09-11 05:28:49,098 [main] INFO  grpc.GrpcFactory (GrpcFactory.java:checkPooledByteBufAllocatorUseCacheForAllThreads(45)) - PERFORMANCE WARNING: useCacheForAllThreads is true that may cause Netty to create a lot garbage objects and, as a result, trigger GC.
	It is recommended to disable useCacheForAllThreads by setting -Dorg.apache.ratis.thirdparty.io.netty.allocator.useCacheForAllThreads=false in command line.
2019-09-11 05:28:49,098 [main] INFO  grpc.GrpcConfigKeys$Server (ConfUtils.java:logGet(43)) - raft.grpc.server.port = 0 (default)
2019-09-11 05:28:49,098 [main] INFO  server.GrpcService (ConfUtils.java:logGet(43)) - raft.grpc.message.size.max = 33570816 (custom)
2019-09-11 05:28:49,099 [main] INFO  server.RaftServerConfigKeys (ConfUtils.java:logGet(43)) - raft.server.log.appender.buffer.byte-limit = 33554432 (custom)
2019-09-11 05:28:49,099 [main] INFO  server.GrpcService (ConfUtils.java:logGet(43)) - raft.grpc.flow.control.window = 1MB (=1048576) (default)
2019-09-11 05:28:49,099 [main] INFO  server.RaftServerConfigKeys (ConfUtils.java:logGet(43)) - raft.server.rpc.request.timeout = 3000ms (default)
2019-09-11 05:28:49,100 [main] INFO  server.RaftServerConfigKeys (ConfUtils.java:logGet(43)) - raft.server.storage.dir = [/workdir/hadoop-ozone/integration-test/target/test-dir/MiniOzoneClusterImpl-712b11b3-5514-48f8-84a2-2435d4ba870b/datanode-8/data/ratis] (custom)
2019-09-11 05:28:49,103 [main] INFO  hdfs.DFSUtil (DFSUtil.java:httpServerTemplateForNNAndJN(1641)) - Starting Web-server for hddsDatanode at: http://0.0.0.0:0
2019-09-11 05:28:49,104 [main] INFO  server.AuthenticationFilter (AuthenticationFilter.java:constructSecretProvider(240)) - Unable to initialize FileSignerSecretProvider, falling back to use random secrets.
2019-09-11 05:28:49,105 [main] WARN  http.HttpRequestLog (HttpRequestLog.java:getRequestLog(97)) - Jetty request log can only be enabled using Log4j
2019-09-11 05:28:49,106 [main] INFO  http.HttpServer2 (HttpServer2.java:addGlobalFilter(975)) - Added global filter 'safety' (class=org.apache.hadoop.http.HttpServer2$QuotingInputFilter)
2019-09-11 05:28:49,107 [main] INFO  http.HttpServer2 (HttpServer2.java:addFilter(948)) - Added filter static_user_filter (class=org.apache.hadoop.http.lib.StaticUserWebFilter$StaticUserFilter) to context hddsDatanode
2019-09-11 05:28:49,107 [main] INFO  http.HttpServer2 (HttpServer2.java:addFilter(958)) - Added filter static_user_filter (class=org.apache.hadoop.http.lib.StaticUserWebFilter$StaticUserFilter) to context static
2019-09-11 05:28:49,107 [main] INFO  http.HttpServer2 (HttpServer2.java:addFilter(958)) - Added filter static_user_filter (class=org.apache.hadoop.http.lib.StaticUserWebFilter$StaticUserFilter) to context logs
2019-09-11 05:28:49,108 [main] INFO  http.HttpServer2 (HttpServer2.java:bindListener(1191)) - Jetty bound to port 44023
2019-09-11 05:28:49,108 [main] INFO  server.Server (Server.java:doStart(351)) - jetty-9.3.24.v20180605, build timestamp: 2018-06-05T17:11:56Z, git hash: 84205aa28f11a4f31f2a3b86d1bba2cc8ab69827
2019-09-11 05:28:49,111 [main] INFO  handler.ContextHandler (ContextHandler.java:doStart(781)) - Started o.e.j.s.ServletContextHandler@176f7f3b{/logs,file:///workdir/hadoop-ozone/integration-test/target/log,AVAILABLE}
2019-09-11 05:28:49,111 [main] INFO  handler.ContextHandler (ContextHandler.java:doStart(781)) - Started o.e.j.s.ServletContextHandler@58740366{/static,jar:file:/home/user/.m2/repository/org/apache/hadoop/hadoop-hdds-container-service/0.5.0-SNAPSHOT/hadoop-hdds-container-service-0.5.0-SNAPSHOT.jar!/webapps/static,AVAILABLE}
2019-09-11 05:28:49,141 [main] INFO  handler.ContextHandler (ContextHandler.java:doStart(781)) - Started o.e.j.w.WebAppContext@4b0f2299{/,file:///tmp/jetty-0.0.0.0-44023-hddsDatanode-_-any-4530387829197458174.dir/webapp/,AVAILABLE}{/hddsDatanode}
2019-09-11 05:28:49,141 [main] INFO  server.AbstractConnector (AbstractConnector.java:doStart(278)) - Started ServerConnector@33063f5b{HTTP/1.1,[http/1.1]}{0.0.0.0:44023}
2019-09-11 05:28:49,143 [main] INFO  server.Server (Server.java:doStart(419)) - Started @6060ms
2019-09-11 05:28:49,143 [main] WARN  impl.MetricsSystemImpl (MetricsSystemImpl.java:register(276)) - Sink prometheus already exists!
2019-09-11 05:28:49,144 [main] INFO  server.BaseHttpServer (BaseHttpServer.java:updateConnectorAddress(215)) - HTTP server of HDDSDATANODE is listening at http://0.0.0.0:44023
2019-09-11 05:28:49,144 [main] INFO  impl.MetricsSystemImpl (MetricsSystemImpl.java:init(158)) - HddsDatanode metrics system started (again)
2019-09-11 05:28:49,149 [org.apache.hadoop.util.JvmPauseMonitor$Monitor@3b49099f] INFO  util.JvmPauseMonitor (JvmPauseMonitor.java:run(188)) - Starting JVM pause monitor
2019-09-11 05:28:49,151 [main] INFO  ozone.HddsDatanodeService (HddsDatanodeService.java:start(184)) - HddsDatanodeService host:trunk-nightly-20190911-vpfxm-1000144475 ip:192.168.36.125
2019-09-11 05:28:49,153 [Datanode State Machine Thread - 0] INFO  datanode.InitDatanodeState (InitDatanodeState.java:persistContainerDatanodeDetails(140)) - DatanodeDetails is persisted to /workdir/hadoop-ozone/integration-test/target/test-dir/MiniOzoneClusterImpl-712b11b3-5514-48f8-84a2-2435d4ba870b/datanode-8/meta/datanode.id
2019-09-11 05:28:49,159 [main] INFO  volume.HddsVolume (HddsVolume.java:<init>(176)) - Creating Volume: /workdir/hadoop-ozone/integration-test/target/test-dir/MiniOzoneClusterImpl-712b11b3-5514-48f8-84a2-2435d4ba870b/datanode-9/data/containers/hdds of  storage type : DISK and capacity : 1482555576320
2019-09-11 05:28:49,159 [main] INFO  volume.VolumeSet (VolumeSet.java:initializeVolumeSet(170)) - Added Volume : /workdir/hadoop-ozone/integration-test/target/test-dir/MiniOzoneClusterImpl-712b11b3-5514-48f8-84a2-2435d4ba870b/datanode-9/data/containers/hdds to VolumeSet
2019-09-11 05:28:49,160 [main] INFO  volume.ThrottledAsyncChecker (ThrottledAsyncChecker.java:schedule(139)) - Scheduling a check for org.apache.hadoop.ozone.container.common.volume.HddsVolume@2975a9e
2019-09-11 05:28:49,160 [main] INFO  volume.HddsVolumeChecker (HddsVolumeChecker.java:checkAllVolumes(202)) - Scheduled health check for volume org.apache.hadoop.ozone.container.common.volume.HddsVolume@2975a9e
2019-09-11 05:28:49,176 [main] INFO  impl.RaftServerProxy (ConfUtils.java:logGet(43)) - raft.rpc.type = GRPC (default)
2019-09-11 05:28:49,176 [main] INFO  grpc.GrpcFactory (GrpcFactory.java:checkPooledByteBufAllocatorUseCacheForAllThreads(45)) - PERFORMANCE WARNING: useCacheForAllThreads is true that may cause Netty to create a lot garbage objects and, as a result, trigger GC.
	It is recommended to disable useCacheForAllThreads by setting -Dorg.apache.ratis.thirdparty.io.netty.allocator.useCacheForAllThreads=false in command line.
2019-09-11 05:28:49,176 [main] INFO  grpc.GrpcConfigKeys$Server (ConfUtils.java:logGet(43)) - raft.grpc.server.port = 0 (default)
2019-09-11 05:28:49,176 [main] INFO  server.GrpcService (ConfUtils.java:logGet(43)) - raft.grpc.message.size.max = 33570816 (custom)
2019-09-11 05:28:49,177 [main] INFO  server.RaftServerConfigKeys (ConfUtils.java:logGet(43)) - raft.server.log.appender.buffer.byte-limit = 33554432 (custom)
2019-09-11 05:28:49,177 [main] INFO  server.GrpcService (ConfUtils.java:logGet(43)) - raft.grpc.flow.control.window = 1MB (=1048576) (default)
2019-09-11 05:28:49,177 [main] INFO  server.RaftServerConfigKeys (ConfUtils.java:logGet(43)) - raft.server.rpc.request.timeout = 3000ms (default)
2019-09-11 05:28:49,178 [main] INFO  server.RaftServerConfigKeys (ConfUtils.java:logGet(43)) - raft.server.storage.dir = [/workdir/hadoop-ozone/integration-test/target/test-dir/MiniOzoneClusterImpl-712b11b3-5514-48f8-84a2-2435d4ba870b/datanode-9/data/ratis] (custom)
2019-09-11 05:28:49,179 [main] INFO  hdfs.DFSUtil (DFSUtil.java:httpServerTemplateForNNAndJN(1641)) - Starting Web-server for hddsDatanode at: http://0.0.0.0:0
2019-09-11 05:28:49,180 [main] INFO  server.AuthenticationFilter (AuthenticationFilter.java:constructSecretProvider(240)) - Unable to initialize FileSignerSecretProvider, falling back to use random secrets.
2019-09-11 05:28:49,181 [main] WARN  http.HttpRequestLog (HttpRequestLog.java:getRequestLog(97)) - Jetty request log can only be enabled using Log4j
2019-09-11 05:28:49,182 [main] INFO  http.HttpServer2 (HttpServer2.java:addGlobalFilter(975)) - Added global filter 'safety' (class=org.apache.hadoop.http.HttpServer2$QuotingInputFilter)
2019-09-11 05:28:49,183 [main] INFO  http.HttpServer2 (HttpServer2.java:addFilter(948)) - Added filter static_user_filter (class=org.apache.hadoop.http.lib.StaticUserWebFilter$StaticUserFilter) to context hddsDatanode
2019-09-11 05:28:49,183 [main] INFO  http.HttpServer2 (HttpServer2.java:addFilter(958)) - Added filter static_user_filter (class=org.apache.hadoop.http.lib.StaticUserWebFilter$StaticUserFilter) to context static
2019-09-11 05:28:49,183 [main] INFO  http.HttpServer2 (HttpServer2.java:addFilter(958)) - Added filter static_user_filter (class=org.apache.hadoop.http.lib.StaticUserWebFilter$StaticUserFilter) to context logs
2019-09-11 05:28:49,184 [main] INFO  http.HttpServer2 (HttpServer2.java:bindListener(1191)) - Jetty bound to port 41417
2019-09-11 05:28:49,184 [main] INFO  server.Server (Server.java:doStart(351)) - jetty-9.3.24.v20180605, build timestamp: 2018-06-05T17:11:56Z, git hash: 84205aa28f11a4f31f2a3b86d1bba2cc8ab69827
2019-09-11 05:28:49,186 [main] INFO  handler.ContextHandler (ContextHandler.java:doStart(781)) - Started o.e.j.s.ServletContextHandler@7b676112{/logs,file:///workdir/hadoop-ozone/integration-test/target/log,AVAILABLE}
2019-09-11 05:28:49,187 [main] INFO  handler.ContextHandler (ContextHandler.java:doStart(781)) - Started o.e.j.s.ServletContextHandler@4e49ce2b{/static,jar:file:/home/user/.m2/repository/org/apache/hadoop/hadoop-hdds-container-service/0.5.0-SNAPSHOT/hadoop-hdds-container-service-0.5.0-SNAPSHOT.jar!/webapps/static,AVAILABLE}
2019-09-11 05:28:49,216 [main] INFO  handler.ContextHandler (ContextHandler.java:doStart(781)) - Started o.e.j.w.WebAppContext@3c87fdf2{/,file:///tmp/jetty-0.0.0.0-41417-hddsDatanode-_-any-4733330141855406695.dir/webapp/,AVAILABLE}{/hddsDatanode}
2019-09-11 05:28:49,216 [main] INFO  server.AbstractConnector (AbstractConnector.java:doStart(278)) - Started ServerConnector@26bbe604{HTTP/1.1,[http/1.1]}{0.0.0.0:41417}
2019-09-11 05:28:49,217 [main] INFO  server.Server (Server.java:doStart(419)) - Started @6134ms
2019-09-11 05:28:49,218 [main] WARN  impl.MetricsSystemImpl (MetricsSystemImpl.java:register(276)) - Sink prometheus already exists!
2019-09-11 05:28:49,218 [main] INFO  server.BaseHttpServer (BaseHttpServer.java:updateConnectorAddress(215)) - HTTP server of HDDSDATANODE is listening at http://0.0.0.0:41417
2019-09-11 05:28:49,224 [main] INFO  ozone.MiniOzoneClusterImpl (MiniOzoneClusterImpl.java:lambda$waitForClusterToBeReady$0(140)) - Waiting for cluster to be ready. Got 0 of 10 DN Heartbeats.
2019-09-11 05:28:49,225 [org.apache.hadoop.util.JvmPauseMonitor$Monitor@23b8f0dd] INFO  util.JvmPauseMonitor (JvmPauseMonitor.java:run(188)) - Starting JVM pause monitor
2019-09-11 05:28:49,229 [Datanode State Machine Thread - 0] INFO  datanode.InitDatanodeState (InitDatanodeState.java:persistContainerDatanodeDetails(140)) - DatanodeDetails is persisted to /workdir/hadoop-ozone/integration-test/target/test-dir/MiniOzoneClusterImpl-712b11b3-5514-48f8-84a2-2435d4ba870b/datanode-9/meta/datanode.id
2019-09-11 05:28:50,225 [main] INFO  ozone.MiniOzoneClusterImpl (MiniOzoneClusterImpl.java:lambda$waitForClusterToBeReady$0(140)) - Waiting for cluster to be ready. Got 0 of 10 DN Heartbeats.
2019-09-11 05:28:50,608 [Datanode State Machine Thread - 0] INFO  ozoneimpl.OzoneContainer (OzoneContainer.java:start(217)) - Attempting to start container services.
2019-09-11 05:28:50,609 [Datanode State Machine Thread - 0] INFO  ozoneimpl.OzoneContainer (OzoneContainer.java:start(217)) - Attempting to start container services.
2019-09-11 05:28:50,616 [Datanode State Machine Thread - 0] INFO  ozoneimpl.OzoneContainer (OzoneContainer.java:startContainerScrub(179)) - Background container scanner has been disabled.
2019-09-11 05:28:50,616 [Datanode State Machine Thread - 0] INFO  ozoneimpl.OzoneContainer (OzoneContainer.java:startContainerScrub(179)) - Background container scanner has been disabled.
2019-09-11 05:28:50,617 [Datanode State Machine Thread - 0] INFO  ratis.XceiverServerRatis (XceiverServerRatis.java:start(404)) - Starting XceiverServerRatis cf454e7e-23b5-43a4-8b5d-d83390319e33 at port 0
2019-09-11 05:28:50,617 [Datanode State Machine Thread - 0] INFO  ratis.XceiverServerRatis (XceiverServerRatis.java:start(404)) - Starting XceiverServerRatis 1169a1ed-1394-44b2-9737-be9aad5bd237 at port 0
2019-09-11 05:28:50,647 [Datanode State Machine Thread - 0] INFO  impl.RaftServerProxy (RaftServerProxy.java:lambda$start$3(299)) - 1169a1ed-1394-44b2-9737-be9aad5bd237: start RPC server
2019-09-11 05:28:50,647 [Datanode State Machine Thread - 0] INFO  impl.RaftServerProxy (RaftServerProxy.java:lambda$start$3(299)) - cf454e7e-23b5-43a4-8b5d-d83390319e33: start RPC server
2019-09-11 05:28:50,671 [Datanode State Machine Thread - 0] INFO  ozoneimpl.OzoneContainer (OzoneContainer.java:start(217)) - Attempting to start container services.
2019-09-11 05:28:50,671 [Datanode State Machine Thread - 0] INFO  ozoneimpl.OzoneContainer (OzoneContainer.java:startContainerScrub(179)) - Background container scanner has been disabled.
2019-09-11 05:28:50,672 [Datanode State Machine Thread - 0] INFO  ratis.XceiverServerRatis (XceiverServerRatis.java:start(404)) - Starting XceiverServerRatis fa5ee157-3b80-4774-adcc-f01234ebded8 at port 0
2019-09-11 05:28:50,681 [Datanode State Machine Thread - 0] INFO  impl.RaftServerProxy (RaftServerProxy.java:lambda$start$3(299)) - fa5ee157-3b80-4774-adcc-f01234ebded8: start RPC server
2019-09-11 05:28:50,737 [Datanode State Machine Thread - 0] INFO  ozoneimpl.OzoneContainer (OzoneContainer.java:start(217)) - Attempting to start container services.
2019-09-11 05:28:50,737 [Datanode State Machine Thread - 0] INFO  ozoneimpl.OzoneContainer (OzoneContainer.java:startContainerScrub(179)) - Background container scanner has been disabled.
2019-09-11 05:28:50,737 [Datanode State Machine Thread - 0] INFO  ratis.XceiverServerRatis (XceiverServerRatis.java:start(404)) - Starting XceiverServerRatis 1085c8a3-fcd4-45c4-be46-c3757d6b46c3 at port 0
2019-09-11 05:28:50,748 [Datanode State Machine Thread - 0] INFO  impl.RaftServerProxy (RaftServerProxy.java:lambda$start$3(299)) - 1085c8a3-fcd4-45c4-be46-c3757d6b46c3: start RPC server
2019-09-11 05:28:50,809 [Datanode State Machine Thread - 0] INFO  ozoneimpl.OzoneContainer (OzoneContainer.java:start(217)) - Attempting to start container services.
2019-09-11 05:28:50,810 [Datanode State Machine Thread - 0] INFO  ozoneimpl.OzoneContainer (OzoneContainer.java:startContainerScrub(179)) - Background container scanner has been disabled.
2019-09-11 05:28:50,810 [Datanode State Machine Thread - 0] INFO  ratis.XceiverServerRatis (XceiverServerRatis.java:start(404)) - Starting XceiverServerRatis b5c94862-e767-4e3a-a577-422bae381862 at port 0
2019-09-11 05:28:50,815 [Datanode State Machine Thread - 0] INFO  server.GrpcService (GrpcService.java:startImpl(158)) - cf454e7e-23b5-43a4-8b5d-d83390319e33: GrpcService started, listening on 0.0.0.0/0.0.0.0:43699
2019-09-11 05:28:50,815 [Datanode State Machine Thread - 0] INFO  server.GrpcService (GrpcService.java:startImpl(158)) - fa5ee157-3b80-4774-adcc-f01234ebded8: GrpcService started, listening on 0.0.0.0/0.0.0.0:42082
2019-09-11 05:28:50,815 [Datanode State Machine Thread - 0] INFO  server.GrpcService (GrpcService.java:startImpl(158)) - 1085c8a3-fcd4-45c4-be46-c3757d6b46c3: GrpcService started, listening on 0.0.0.0/0.0.0.0:32899
2019-09-11 05:28:50,815 [Datanode State Machine Thread - 0] INFO  server.GrpcService (GrpcService.java:startImpl(158)) - 1169a1ed-1394-44b2-9737-be9aad5bd237: GrpcService started, listening on 0.0.0.0/0.0.0.0:39685
2019-09-11 05:28:50,816 [Datanode State Machine Thread - 0] INFO  ratis.XceiverServerRatis (XceiverServerRatis.java:start(414)) - XceiverServerRatis 1085c8a3-fcd4-45c4-be46-c3757d6b46c3 is started using port 32899
2019-09-11 05:28:50,816 [Datanode State Machine Thread - 0] INFO  ratis.XceiverServerRatis (XceiverServerRatis.java:start(414)) - XceiverServerRatis fa5ee157-3b80-4774-adcc-f01234ebded8 is started using port 42082
2019-09-11 05:28:50,816 [Datanode State Machine Thread - 0] INFO  ratis.XceiverServerRatis (XceiverServerRatis.java:start(414)) - XceiverServerRatis cf454e7e-23b5-43a4-8b5d-d83390319e33 is started using port 43699
2019-09-11 05:28:50,816 [Datanode State Machine Thread - 0] INFO  ratis.XceiverServerRatis (XceiverServerRatis.java:start(414)) - XceiverServerRatis 1169a1ed-1394-44b2-9737-be9aad5bd237 is started using port 39685
2019-09-11 05:28:50,825 [Datanode State Machine Thread - 0] INFO  impl.RaftServerProxy (RaftServerProxy.java:lambda$start$3(299)) - b5c94862-e767-4e3a-a577-422bae381862: start RPC server
2019-09-11 05:28:50,830 [Datanode State Machine Thread - 0] INFO  server.XceiverServerGrpc (XceiverServerGrpc.java:start(163)) - XceiverServerGrpc cf454e7e-23b5-43a4-8b5d-d83390319e33 is started using port 45033
2019-09-11 05:28:50,830 [Datanode State Machine Thread - 0] INFO  server.XceiverServerGrpc (XceiverServerGrpc.java:start(163)) - XceiverServerGrpc fa5ee157-3b80-4774-adcc-f01234ebded8 is started using port 45783
2019-09-11 05:28:50,833 [Datanode State Machine Thread - 0] INFO  server.XceiverServerGrpc (XceiverServerGrpc.java:start(163)) - XceiverServerGrpc 1085c8a3-fcd4-45c4-be46-c3757d6b46c3 is started using port 37726
2019-09-11 05:28:50,830 [Datanode State Machine Thread - 0] INFO  server.XceiverServerGrpc (XceiverServerGrpc.java:start(163)) - XceiverServerGrpc 1169a1ed-1394-44b2-9737-be9aad5bd237 is started using port 37745
2019-09-11 05:28:50,833 [Datanode State Machine Thread - 0] INFO  server.GrpcService (GrpcService.java:startImpl(158)) - b5c94862-e767-4e3a-a577-422bae381862: GrpcService started, listening on 0.0.0.0/0.0.0.0:46265
2019-09-11 05:28:50,833 [Datanode State Machine Thread - 0] INFO  ratis.XceiverServerRatis (XceiverServerRatis.java:start(414)) - XceiverServerRatis b5c94862-e767-4e3a-a577-422bae381862 is started using port 46265
2019-09-11 05:28:50,836 [Datanode State Machine Thread - 0] INFO  server.XceiverServerGrpc (XceiverServerGrpc.java:start(163)) - XceiverServerGrpc b5c94862-e767-4e3a-a577-422bae381862 is started using port 40105
2019-09-11 05:28:50,894 [Datanode State Machine Thread - 0] INFO  ozoneimpl.OzoneContainer (OzoneContainer.java:start(217)) - Attempting to start container services.
2019-09-11 05:28:50,894 [Datanode State Machine Thread - 0] INFO  ozoneimpl.OzoneContainer (OzoneContainer.java:startContainerScrub(179)) - Background container scanner has been disabled.
2019-09-11 05:28:50,894 [Datanode State Machine Thread - 0] INFO  ratis.XceiverServerRatis (XceiverServerRatis.java:start(404)) - Starting XceiverServerRatis 78dbd0e6-a34a-4054-9e2e-3bf1b76c8205 at port 0
2019-09-11 05:28:50,902 [Datanode State Machine Thread - 0] INFO  impl.RaftServerProxy (RaftServerProxy.java:lambda$start$3(299)) - 78dbd0e6-a34a-4054-9e2e-3bf1b76c8205: start RPC server
2019-09-11 05:28:50,907 [Datanode State Machine Thread - 0] INFO  server.GrpcService (GrpcService.java:startImpl(158)) - 78dbd0e6-a34a-4054-9e2e-3bf1b76c8205: GrpcService started, listening on 0.0.0.0/0.0.0.0:36886
2019-09-11 05:28:50,907 [Datanode State Machine Thread - 0] INFO  ratis.XceiverServerRatis (XceiverServerRatis.java:start(414)) - XceiverServerRatis 78dbd0e6-a34a-4054-9e2e-3bf1b76c8205 is started using port 36886
2019-09-11 05:28:50,911 [Datanode State Machine Thread - 0] INFO  server.XceiverServerGrpc (XceiverServerGrpc.java:start(163)) - XceiverServerGrpc 78dbd0e6-a34a-4054-9e2e-3bf1b76c8205 is started using port 44946
2019-09-11 05:28:50,984 [Datanode State Machine Thread - 0] INFO  ozoneimpl.OzoneContainer (OzoneContainer.java:start(217)) - Attempting to start container services.
2019-09-11 05:28:50,984 [Datanode State Machine Thread - 0] INFO  ozoneimpl.OzoneContainer (OzoneContainer.java:startContainerScrub(179)) - Background container scanner has been disabled.
2019-09-11 05:28:50,984 [Datanode State Machine Thread - 0] INFO  ratis.XceiverServerRatis (XceiverServerRatis.java:start(404)) - Starting XceiverServerRatis 15f0fda7-63f5-4fb9-b135-cfff0550ebde at port 0
2019-09-11 05:28:51,017 [Datanode State Machine Thread - 0] INFO  impl.RaftServerProxy (RaftServerProxy.java:lambda$start$3(299)) - 15f0fda7-63f5-4fb9-b135-cfff0550ebde: start RPC server
2019-09-11 05:28:51,022 [Datanode State Machine Thread - 0] INFO  server.GrpcService (GrpcService.java:startImpl(158)) - 15f0fda7-63f5-4fb9-b135-cfff0550ebde: GrpcService started, listening on 0.0.0.0/0.0.0.0:35883
2019-09-11 05:28:51,022 [Datanode State Machine Thread - 0] INFO  ratis.XceiverServerRatis (XceiverServerRatis.java:start(414)) - XceiverServerRatis 15f0fda7-63f5-4fb9-b135-cfff0550ebde is started using port 35883
2019-09-11 05:28:51,025 [Datanode State Machine Thread - 0] INFO  server.XceiverServerGrpc (XceiverServerGrpc.java:start(163)) - XceiverServerGrpc 15f0fda7-63f5-4fb9-b135-cfff0550ebde is started using port 44759
2019-09-11 05:28:51,091 [Datanode State Machine Thread - 0] INFO  ozoneimpl.OzoneContainer (OzoneContainer.java:start(217)) - Attempting to start container services.
2019-09-11 05:28:51,092 [Datanode State Machine Thread - 0] INFO  ozoneimpl.OzoneContainer (OzoneContainer.java:startContainerScrub(179)) - Background container scanner has been disabled.
2019-09-11 05:28:51,092 [Datanode State Machine Thread - 0] INFO  ratis.XceiverServerRatis (XceiverServerRatis.java:start(404)) - Starting XceiverServerRatis 64c45ce8-9e8f-4626-9780-d8b476434616 at port 0
2019-09-11 05:28:51,099 [Datanode State Machine Thread - 0] INFO  impl.RaftServerProxy (RaftServerProxy.java:lambda$start$3(299)) - 64c45ce8-9e8f-4626-9780-d8b476434616: start RPC server
2019-09-11 05:28:51,104 [Datanode State Machine Thread - 0] INFO  server.GrpcService (GrpcService.java:startImpl(158)) - 64c45ce8-9e8f-4626-9780-d8b476434616: GrpcService started, listening on 0.0.0.0/0.0.0.0:34416
2019-09-11 05:28:51,105 [Datanode State Machine Thread - 0] INFO  ratis.XceiverServerRatis (XceiverServerRatis.java:start(414)) - XceiverServerRatis 64c45ce8-9e8f-4626-9780-d8b476434616 is started using port 34416
2019-09-11 05:28:51,108 [Datanode State Machine Thread - 0] INFO  server.XceiverServerGrpc (XceiverServerGrpc.java:start(163)) - XceiverServerGrpc 64c45ce8-9e8f-4626-9780-d8b476434616 is started using port 37881
2019-09-11 05:28:51,167 [Datanode State Machine Thread - 0] INFO  ozoneimpl.OzoneContainer (OzoneContainer.java:start(217)) - Attempting to start container services.
2019-09-11 05:28:51,168 [Datanode State Machine Thread - 0] INFO  ozoneimpl.OzoneContainer (OzoneContainer.java:startContainerScrub(179)) - Background container scanner has been disabled.
2019-09-11 05:28:51,168 [Datanode State Machine Thread - 0] INFO  ratis.XceiverServerRatis (XceiverServerRatis.java:start(404)) - Starting XceiverServerRatis 33471566-8842-41e4-bba3-9cc287622f4a at port 0
2019-09-11 05:28:51,175 [Datanode State Machine Thread - 0] INFO  impl.RaftServerProxy (RaftServerProxy.java:lambda$start$3(299)) - 33471566-8842-41e4-bba3-9cc287622f4a: start RPC server
2019-09-11 05:28:51,180 [Datanode State Machine Thread - 0] INFO  server.GrpcService (GrpcService.java:startImpl(158)) - 33471566-8842-41e4-bba3-9cc287622f4a: GrpcService started, listening on 0.0.0.0/0.0.0.0:43770
2019-09-11 05:28:51,180 [Datanode State Machine Thread - 0] INFO  ratis.XceiverServerRatis (XceiverServerRatis.java:start(414)) - XceiverServerRatis 33471566-8842-41e4-bba3-9cc287622f4a is started using port 43770
2019-09-11 05:28:51,193 [Datanode State Machine Thread - 0] INFO  server.XceiverServerGrpc (XceiverServerGrpc.java:start(163)) - XceiverServerGrpc 33471566-8842-41e4-bba3-9cc287622f4a is started using port 39293
2019-09-11 05:28:51,225 [main] INFO  ozone.MiniOzoneClusterImpl (MiniOzoneClusterImpl.java:lambda$waitForClusterToBeReady$0(140)) - Waiting for cluster to be ready. Got 0 of 10 DN Heartbeats.
2019-09-11 05:28:51,245 [Datanode State Machine Thread - 0] INFO  ozoneimpl.OzoneContainer (OzoneContainer.java:start(217)) - Attempting to start container services.
2019-09-11 05:28:51,245 [Datanode State Machine Thread - 0] INFO  ozoneimpl.OzoneContainer (OzoneContainer.java:startContainerScrub(179)) - Background container scanner has been disabled.
2019-09-11 05:28:51,246 [Datanode State Machine Thread - 0] INFO  ratis.XceiverServerRatis (XceiverServerRatis.java:start(404)) - Starting XceiverServerRatis 4923db37-afc5-4a4b-9e0e-3e0e64c6efbc at port 0
2019-09-11 05:28:51,254 [Datanode State Machine Thread - 0] INFO  impl.RaftServerProxy (RaftServerProxy.java:lambda$start$3(299)) - 4923db37-afc5-4a4b-9e0e-3e0e64c6efbc: start RPC server
2019-09-11 05:28:51,263 [Datanode State Machine Thread - 0] INFO  server.GrpcService (GrpcService.java:startImpl(158)) - 4923db37-afc5-4a4b-9e0e-3e0e64c6efbc: GrpcService started, listening on 0.0.0.0/0.0.0.0:35475
2019-09-11 05:28:51,263 [Datanode State Machine Thread - 0] INFO  ratis.XceiverServerRatis (XceiverServerRatis.java:start(414)) - XceiverServerRatis 4923db37-afc5-4a4b-9e0e-3e0e64c6efbc is started using port 35475
2019-09-11 05:28:51,288 [Datanode State Machine Thread - 0] INFO  server.XceiverServerGrpc (XceiverServerGrpc.java:start(163)) - XceiverServerGrpc 4923db37-afc5-4a4b-9e0e-3e0e64c6efbc is started using port 34437
2019-09-11 05:28:52,226 [main] INFO  ozone.MiniOzoneClusterImpl (MiniOzoneClusterImpl.java:lambda$waitForClusterToBeReady$0(140)) - Waiting for cluster to be ready. Got 0 of 10 DN Heartbeats.
2019-09-11 05:28:52,556 [IPC Server handler 19 on 33436] INFO  net.NetworkTopology (NetworkTopologyImpl.java:add(110)) - Added a new node: /default-rack/cf454e7e-23b5-43a4-8b5d-d83390319e33
2019-09-11 05:28:52,557 [IPC Server handler 19 on 33436] INFO  node.SCMNodeManager (SCMNodeManager.java:register(266)) - Registered Data node : cf454e7e-23b5-43a4-8b5d-d83390319e33{ip: 192.168.36.125, host: trunk-nightly-20190911-vpfxm-1000144475, networkLocation: /default-rack, certSerialId: null}
2019-09-11 05:28:52,562 [EventQueue-NodeRegistrationContainerReportForDataNodeSafeModeRule] INFO  safemode.SCMSafeModeManager (DataNodeSafeModeRule.java:process(71)) - SCM in safe mode. 1 DataNodes registered, 1 required.
2019-09-11 05:28:52,563 [EventQueue-NodeRegistrationContainerReportForDataNodeSafeModeRule] INFO  safemode.SCMSafeModeManager (SCMSafeModeManager.java:validateSafeModeExitRules(177)) - ScmSafeModeManager, all rules are successfully validated
2019-09-11 05:28:52,563 [EventQueue-NodeRegistrationContainerReportForDataNodeSafeModeRule] INFO  safemode.SCMSafeModeManager (SCMSafeModeManager.java:exitSafeMode(193)) - SCM exiting safe mode.
2019-09-11 05:28:52,585 [IPC Server handler 5 on 33436] INFO  net.NetworkTopology (NetworkTopologyImpl.java:add(110)) - Added a new node: /default-rack/1169a1ed-1394-44b2-9737-be9aad5bd237
2019-09-11 05:28:52,586 [IPC Server handler 5 on 33436] INFO  node.SCMNodeManager (SCMNodeManager.java:register(266)) - Registered Data node : 1169a1ed-1394-44b2-9737-be9aad5bd237{ip: 192.168.36.125, host: trunk-nightly-20190911-vpfxm-1000144475, networkLocation: /default-rack, certSerialId: null}
2019-09-11 05:28:52,656 [IPC Server handler 15 on 33436] INFO  net.NetworkTopology (NetworkTopologyImpl.java:add(110)) - Added a new node: /default-rack/fa5ee157-3b80-4774-adcc-f01234ebded8
2019-09-11 05:28:52,657 [IPC Server handler 15 on 33436] INFO  node.SCMNodeManager (SCMNodeManager.java:register(266)) - Registered Data node : fa5ee157-3b80-4774-adcc-f01234ebded8{ip: 192.168.36.125, host: trunk-nightly-20190911-vpfxm-1000144475, networkLocation: /default-rack, certSerialId: null}
2019-09-11 05:28:52,725 [IPC Server handler 14 on 33436] INFO  net.NetworkTopology (NetworkTopologyImpl.java:add(110)) - Added a new node: /default-rack/1085c8a3-fcd4-45c4-be46-c3757d6b46c3
2019-09-11 05:28:52,725 [IPC Server handler 14 on 33436] INFO  node.SCMNodeManager (SCMNodeManager.java:register(266)) - Registered Data node : 1085c8a3-fcd4-45c4-be46-c3757d6b46c3{ip: 192.168.36.125, host: trunk-nightly-20190911-vpfxm-1000144475, networkLocation: /default-rack, certSerialId: null}
2019-09-11 05:28:52,790 [IPC Server handler 13 on 33436] INFO  net.NetworkTopology (NetworkTopologyImpl.java:add(110)) - Added a new node: /default-rack/b5c94862-e767-4e3a-a577-422bae381862
2019-09-11 05:28:52,791 [IPC Server handler 13 on 33436] INFO  node.SCMNodeManager (SCMNodeManager.java:register(266)) - Registered Data node : b5c94862-e767-4e3a-a577-422bae381862{ip: 192.168.36.125, host: trunk-nightly-20190911-vpfxm-1000144475, networkLocation: /default-rack, certSerialId: null}
2019-09-11 05:28:52,883 [IPC Server handler 17 on 33436] INFO  net.NetworkTopology (NetworkTopologyImpl.java:add(110)) - Added a new node: /default-rack/78dbd0e6-a34a-4054-9e2e-3bf1b76c8205
2019-09-11 05:28:52,883 [IPC Server handler 17 on 33436] INFO  node.SCMNodeManager (SCMNodeManager.java:register(266)) - Registered Data node : 78dbd0e6-a34a-4054-9e2e-3bf1b76c8205{ip: 192.168.36.125, host: trunk-nightly-20190911-vpfxm-1000144475, networkLocation: /default-rack, certSerialId: null}
2019-09-11 05:28:52,957 [IPC Server handler 6 on 33436] INFO  net.NetworkTopology (NetworkTopologyImpl.java:add(110)) - Added a new node: /default-rack/15f0fda7-63f5-4fb9-b135-cfff0550ebde
2019-09-11 05:28:52,958 [IPC Server handler 6 on 33436] INFO  node.SCMNodeManager (SCMNodeManager.java:register(266)) - Registered Data node : 15f0fda7-63f5-4fb9-b135-cfff0550ebde{ip: 192.168.36.125, host: trunk-nightly-20190911-vpfxm-1000144475, networkLocation: /default-rack, certSerialId: null}
2019-09-11 05:28:53,066 [IPC Server handler 0 on 33436] INFO  net.NetworkTopology (NetworkTopologyImpl.java:add(110)) - Added a new node: /default-rack/64c45ce8-9e8f-4626-9780-d8b476434616
2019-09-11 05:28:53,067 [IPC Server handler 0 on 33436] INFO  node.SCMNodeManager (SCMNodeManager.java:register(266)) - Registered Data node : 64c45ce8-9e8f-4626-9780-d8b476434616{ip: 192.168.36.125, host: trunk-nightly-20190911-vpfxm-1000144475, networkLocation: /default-rack, certSerialId: null}
2019-09-11 05:28:53,153 [IPC Server handler 2 on 33436] INFO  net.NetworkTopology (NetworkTopologyImpl.java:add(110)) - Added a new node: /default-rack/33471566-8842-41e4-bba3-9cc287622f4a
2019-09-11 05:28:53,153 [IPC Server handler 2 on 33436] INFO  node.SCMNodeManager (SCMNodeManager.java:register(266)) - Registered Data node : 33471566-8842-41e4-bba3-9cc287622f4a{ip: 192.168.36.125, host: trunk-nightly-20190911-vpfxm-1000144475, networkLocation: /default-rack, certSerialId: null}
2019-09-11 05:28:53,179 [grpc-default-executor-0] INFO  impl.RaftServerProxy (RaftServerProxy.java:addNew(89)) - cf454e7e-23b5-43a4-8b5d-d83390319e33: addNew group-102DA19485F7:[cf454e7e-23b5-43a4-8b5d-d83390319e33:192.168.36.125:43699] returns group-102DA19485F7:java.util.concurrent.CompletableFuture@74acd6cf[Not completed]
2019-09-11 05:28:53,193 [pool-27-thread-1] INFO  impl.RaftServerImpl (RaftServerImpl.java:<init>(95)) - cf454e7e-23b5-43a4-8b5d-d83390319e33: new RaftServerImpl for group-102DA19485F7:[cf454e7e-23b5-43a4-8b5d-d83390319e33:192.168.36.125:43699] with ContainerStateMachine:uninitialized
2019-09-11 05:28:53,195 [pool-27-thread-1] INFO  server.RaftServerConfigKeys (ConfUtils.java:logGet(43)) - raft.server.rpc.timeout.min = 1s (custom)
2019-09-11 05:28:53,196 [pool-27-thread-1] INFO  server.RaftServerConfigKeys (ConfUtils.java:logGet(43)) - raft.server.rpc.timeout.max = 1200ms (custom)
2019-09-11 05:28:53,196 [pool-27-thread-1] INFO  server.RaftServerConfigKeys (ConfUtils.java:logGet(43)) - raft.server.rpcslowness.timeout = 120s (custom)
2019-09-11 05:28:53,197 [pool-27-thread-1] INFO  server.RaftServerConfigKeys (ConfUtils.java:logGet(43)) - raft.server.sleep.deviation.threshold = 300 (default)
2019-09-11 05:28:53,197 [pool-27-thread-1] INFO  server.RaftServerConfigKeys (ConfUtils.java:logGet(43)) - raft.server.log.appender.install.snapshot.enabled = false (custom)
2019-09-11 05:28:53,204 [pool-27-thread-1] INFO  impl.RaftServerImpl (ServerState.java:<init>(103)) - cf454e7e-23b5-43a4-8b5d-d83390319e33@group-102DA19485F7: ConfigurationManager, init=-1: [cf454e7e-23b5-43a4-8b5d-d83390319e33:192.168.36.125:43699], old=null, confs=<EMPTY_MAP>
2019-09-11 05:28:53,204 [pool-27-thread-1] INFO  server.RaftServerConfigKeys (ConfUtils.java:logGet(43)) - raft.server.storage.dir = [/workdir/hadoop-ozone/integration-test/target/test-dir/MiniOzoneClusterImpl-712b11b3-5514-48f8-84a2-2435d4ba870b/datanode-0/data/ratis] (custom)
2019-09-11 05:28:53,216 [pool-27-thread-1] INFO  storage.RaftStorageDirectory (RaftStorageDirectory.java:analyzeStorage(246)) - The storage directory /workdir/hadoop-ozone/integration-test/target/test-dir/MiniOzoneClusterImpl-712b11b3-5514-48f8-84a2-2435d4ba870b/datanode-0/data/ratis/e8adad59-9286-4069-ae2f-102da19485f7 does not exist. Creating ...
2019-09-11 05:28:53,227 [main] INFO  ozone.MiniOzoneClusterImpl (MiniOzoneClusterImpl.java:lambda$waitForClusterToBeReady$0(140)) - Waiting for cluster to be ready. Got 9 of 10 DN Heartbeats.
2019-09-11 05:28:53,240 [pool-27-thread-1] INFO  storage.RaftStorageDirectory (RaftStorageDirectory.java:tryLock(328)) - Lock on /workdir/hadoop-ozone/integration-test/target/test-dir/MiniOzoneClusterImpl-712b11b3-5514-48f8-84a2-2435d4ba870b/datanode-0/data/ratis/e8adad59-9286-4069-ae2f-102da19485f7/in_use.lock acquired by nodename 18442@trunk-nightly-20190911-vpfxm-1000144475
2019-09-11 05:28:53,248 [IPC Server handler 19 on 33436] INFO  net.NetworkTopology (NetworkTopologyImpl.java:add(110)) - Added a new node: /default-rack/4923db37-afc5-4a4b-9e0e-3e0e64c6efbc
2019-09-11 05:28:53,249 [IPC Server handler 19 on 33436] INFO  node.SCMNodeManager (SCMNodeManager.java:register(266)) - Registered Data node : 4923db37-afc5-4a4b-9e0e-3e0e64c6efbc{ip: 192.168.36.125, host: trunk-nightly-20190911-vpfxm-1000144475, networkLocation: /default-rack, certSerialId: null}
2019-09-11 05:28:53,265 [pool-27-thread-1] INFO  storage.RaftStorage (RaftStorage.java:format(72)) - Storage directory /workdir/hadoop-ozone/integration-test/target/test-dir/MiniOzoneClusterImpl-712b11b3-5514-48f8-84a2-2435d4ba870b/datanode-0/data/ratis/e8adad59-9286-4069-ae2f-102da19485f7 has been successfully formatted.
2019-09-11 05:28:53,270 [pool-27-thread-1] INFO  ratis.ContainerStateMachine (ContainerStateMachine.java:loadSnapshot(230)) - group-102DA19485F7: The snapshot info is null. Setting the last applied indexto:(t:0, i:~)
2019-09-11 05:28:53,270 [pool-27-thread-1] INFO  server.RaftServerConfigKeys (ConfUtils.java:logGet(43)) - raft.server.notification.no-leader.timeout = 120s (custom)
2019-09-11 05:28:53,273 [pool-27-thread-1] INFO  server.RaftServerConfigKeys (ConfUtils.java:logGet(43)) - raft.server.log.use.memory = false (default)
2019-09-11 05:28:53,280 [pool-27-thread-1] INFO  server.RaftServerConfigKeys (ConfUtils.java:logGet(43)) - raft.server.log.purge.gap = 1000000 (custom)
2019-09-11 05:28:53,280 [pool-27-thread-1] INFO  server.RaftServerConfigKeys (ConfUtils.java:logGet(43)) - raft.server.log.appender.buffer.byte-limit = 33554432 (custom)
2019-09-11 05:28:53,283 [pool-27-thread-1] INFO  server.RaftServerConfigKeys (ConfUtils.java:logGet(43)) - raft.server.log.segment.size.max = 1048576 (custom)
2019-09-11 05:28:53,289 [pool-27-thread-1] INFO  server.RaftServerConfigKeys (ConfUtils.java:logGet(43)) - raft.server.log.segment.cache.num.max = 2 (custom)
2019-09-11 05:28:53,295 [pool-27-thread-1] INFO  segmented.SegmentedRaftLogWorker (SegmentedRaftLogWorker.java:<init>(172)) - new cf454e7e-23b5-43a4-8b5d-d83390319e33@group-102DA19485F7-SegmentedRaftLogWorker for RaftStorage:Storage Directory /workdir/hadoop-ozone/integration-test/target/test-dir/MiniOzoneClusterImpl-712b11b3-5514-48f8-84a2-2435d4ba870b/datanode-0/data/ratis/e8adad59-9286-4069-ae2f-102da19485f7
2019-09-11 05:28:53,296 [pool-27-thread-1] INFO  impl.MetricsSystemImpl (MetricsSystemImpl.java:init(158)) - ratis metrics system started (again)
2019-09-11 05:28:53,335 [pool-27-thread-1] INFO  server.RaftServerConfigKeys (ConfUtils.java:logGet(43)) - raft.server.log.queue.byte-limit = 2147483647 (custom)
2019-09-11 05:28:53,336 [pool-27-thread-1] INFO  server.RaftServerConfigKeys (ConfUtils.java:logGet(43)) - raft.server.log.queue.element-limit = 1024 (custom)
2019-09-11 05:28:53,339 [pool-27-thread-1] INFO  server.RaftServerConfigKeys (ConfUtils.java:logGet(43)) - raft.server.log.segment.size.max = 1048576 (custom)
2019-09-11 05:28:53,340 [pool-27-thread-1] INFO  server.RaftServerConfigKeys (ConfUtils.java:logGet(43)) - raft.server.log.preallocated.size = 16384 (custom)
2019-09-11 05:28:53,340 [pool-27-thread-1] INFO  server.RaftServerConfigKeys (ConfUtils.java:logGet(43)) - raft.server.log.write.buffer.size = 33554432 (custom)
2019-09-11 05:28:53,340 [pool-27-thread-1] INFO  server.RaftServerConfigKeys (ConfUtils.java:logGet(43)) - raft.server.log.force.sync.num = 128 (default)
2019-09-11 05:28:53,341 [pool-27-thread-1] INFO  server.RaftServerConfigKeys (ConfUtils.java:logGet(43)) - raft.server.log.statemachine.data.sync = true (default)
2019-09-11 05:28:53,342 [pool-27-thread-1] INFO  server.RaftServerConfigKeys (ConfUtils.java:logGet(43)) - raft.server.log.statemachine.data.sync.timeout = 10s (default)
2019-09-11 05:28:53,342 [pool-27-thread-1] INFO  server.RaftServerConfigKeys (ConfUtils.java:logGet(43)) - raft.server.log.statemachine.data.sync.timeout.retry = -1 (default)
2019-09-11 05:28:53,355 [pool-27-thread-1] INFO  server.RaftServerConfigKeys (ConfUtils.java:logGet(43)) - raft.server.log.statemachine.data.caching.enabled = true (custom)
2019-09-11 05:28:53,362 [pool-27-thread-1] INFO  segmented.SegmentedRaftLogWorker (SegmentedRaftLogWorker.java:lambda$new$0(132)) - cf454e7e-23b5-43a4-8b5d-d83390319e33@group-102DA19485F7-SegmentedRaftLogWorker: flushIndex: setUnconditionally 0 -> -1
2019-09-11 05:28:53,368 [pool-27-thread-1] INFO  server.RaftServerConfigKeys (ConfUtils.java:logGet(43)) - raft.server.snapshot.auto.trigger.enabled = true (custom)
2019-09-11 05:28:53,369 [pool-27-thread-1] INFO  server.RaftServerConfigKeys (ConfUtils.java:logGet(43)) - raft.server.snapshot.auto.trigger.threshold = 10000 (custom)
2019-09-11 05:28:53,370 [pool-27-thread-1] INFO  server.RaftServerConfigKeys (ConfUtils.java:logGet(43)) - raft.server.snapshot.retention.num.files = -1 (default)
2019-09-11 05:28:53,371 [pool-27-thread-1] INFO  server.RaftServerConfigKeys (ConfUtils.java:logGet(43)) - raft.server.retrycache.expirytime = 600000ms (custom)
2019-09-11 05:28:53,406 [pool-27-thread-1] INFO  impl.RaftServerImpl (RaftServerImpl.java:start(185)) - cf454e7e-23b5-43a4-8b5d-d83390319e33@group-102DA19485F7: start as a follower, conf=-1: [cf454e7e-23b5-43a4-8b5d-d83390319e33:192.168.36.125:43699], old=null
2019-09-11 05:28:53,407 [pool-27-thread-1] INFO  impl.RaftServerImpl (RaftServerImpl.java:setRole(174)) - cf454e7e-23b5-43a4-8b5d-d83390319e33@group-102DA19485F7: changes role from      null to FOLLOWER at term 0 for startAsFollower
2019-09-11 05:28:53,409 [pool-27-thread-1] INFO  impl.RoleInfo (RoleInfo.java:updateAndGet(143)) - cf454e7e-23b5-43a4-8b5d-d83390319e33: start FollowerState
2019-09-11 05:28:53,411 [pool-27-thread-1] INFO  util.JmxRegister (JmxRegister.java:tryRegister(44)) - Successfully registered JMX Bean with object name Ratis:service=RaftServer,group=group-102DA19485F7,id=cf454e7e-23b5-43a4-8b5d-d83390319e33
2019-09-11 05:28:53,486 [RatisPipelineUtilsThread] INFO  pipeline.PipelineStateManager (PipelineStateManager.java:addPipeline(56)) - Created pipeline Pipeline[ Id: e8adad59-9286-4069-ae2f-102da19485f7, Nodes: cf454e7e-23b5-43a4-8b5d-d83390319e33{ip: 192.168.36.125, host: trunk-nightly-20190911-vpfxm-1000144475, networkLocation: /default-rack, certSerialId: null}, Type:RATIS, Factor:ONE, State:OPEN]
2019-09-11 05:28:53,516 [grpc-default-executor-0] INFO  impl.RaftServerProxy (RaftServerProxy.java:addNew(89)) - fa5ee157-3b80-4774-adcc-f01234ebded8: addNew group-112C0410BBC9:[fa5ee157-3b80-4774-adcc-f01234ebded8:192.168.36.125:42082] returns group-112C0410BBC9:java.util.concurrent.CompletableFuture@21f1b10d[Not completed]
2019-09-11 05:28:53,580 [pool-47-thread-1] INFO  impl.RaftServerImpl (RaftServerImpl.java:<init>(95)) - fa5ee157-3b80-4774-adcc-f01234ebded8: new RaftServerImpl for group-112C0410BBC9:[fa5ee157-3b80-4774-adcc-f01234ebded8:192.168.36.125:42082] with ContainerStateMachine:uninitialized
2019-09-11 05:28:53,582 [pool-47-thread-1] INFO  server.RaftServerConfigKeys (ConfUtils.java:logGet(43)) - raft.server.rpc.timeout.min = 1s (custom)
2019-09-11 05:28:53,582 [pool-47-thread-1] INFO  server.RaftServerConfigKeys (ConfUtils.java:logGet(43)) - raft.server.rpc.timeout.max = 1200ms (custom)
2019-09-11 05:28:53,582 [pool-47-thread-1] INFO  server.RaftServerConfigKeys (ConfUtils.java:logGet(43)) - raft.server.rpcslowness.timeout = 120s (custom)
2019-09-11 05:28:53,582 [pool-47-thread-1] INFO  server.RaftServerConfigKeys (ConfUtils.java:logGet(43)) - raft.server.sleep.deviation.threshold = 300 (default)
2019-09-11 05:28:53,582 [pool-47-thread-1] INFO  server.RaftServerConfigKeys (ConfUtils.java:logGet(43)) - raft.server.log.appender.install.snapshot.enabled = false (custom)
2019-09-11 05:28:53,583 [pool-47-thread-1] INFO  impl.RaftServerImpl (ServerState.java:<init>(103)) - fa5ee157-3b80-4774-adcc-f01234ebded8@group-112C0410BBC9: ConfigurationManager, init=-1: [fa5ee157-3b80-4774-adcc-f01234ebded8:192.168.36.125:42082], old=null, confs=<EMPTY_MAP>
2019-09-11 05:28:53,583 [pool-47-thread-1] INFO  server.RaftServerConfigKeys (ConfUtils.java:logGet(43)) - raft.server.storage.dir = [/workdir/hadoop-ozone/integration-test/target/test-dir/MiniOzoneClusterImpl-712b11b3-5514-48f8-84a2-2435d4ba870b/datanode-2/data/ratis] (custom)
2019-09-11 05:28:53,583 [pool-47-thread-1] INFO  storage.RaftStorageDirectory (RaftStorageDirectory.java:analyzeStorage(246)) - The storage directory /workdir/hadoop-ozone/integration-test/target/test-dir/MiniOzoneClusterImpl-712b11b3-5514-48f8-84a2-2435d4ba870b/datanode-2/data/ratis/ca1156be-459c-4c16-9d23-112c0410bbc9 does not exist. Creating ...
2019-09-11 05:28:53,599 [pool-47-thread-1] INFO  storage.RaftStorageDirectory (RaftStorageDirectory.java:tryLock(328)) - Lock on /workdir/hadoop-ozone/integration-test/target/test-dir/MiniOzoneClusterImpl-712b11b3-5514-48f8-84a2-2435d4ba870b/datanode-2/data/ratis/ca1156be-459c-4c16-9d23-112c0410bbc9/in_use.lock acquired by nodename 18442@trunk-nightly-20190911-vpfxm-1000144475
2019-09-11 05:28:53,617 [pool-47-thread-1] INFO  storage.RaftStorage (RaftStorage.java:format(72)) - Storage directory /workdir/hadoop-ozone/integration-test/target/test-dir/MiniOzoneClusterImpl-712b11b3-5514-48f8-84a2-2435d4ba870b/datanode-2/data/ratis/ca1156be-459c-4c16-9d23-112c0410bbc9 has been successfully formatted.
2019-09-11 05:28:53,619 [pool-47-thread-1] INFO  ratis.ContainerStateMachine (ContainerStateMachine.java:loadSnapshot(230)) - group-112C0410BBC9: The snapshot info is null. Setting the last applied indexto:(t:0, i:~)
2019-09-11 05:28:53,620 [pool-47-thread-1] INFO  server.RaftServerConfigKeys (ConfUtils.java:logGet(43)) - raft.server.notification.no-leader.timeout = 120s (custom)
2019-09-11 05:28:53,620 [pool-47-thread-1] INFO  server.RaftServerConfigKeys (ConfUtils.java:logGet(43)) - raft.server.log.use.memory = false (default)
2019-09-11 05:28:53,621 [pool-47-thread-1] INFO  server.RaftServerConfigKeys (ConfUtils.java:logGet(43)) - raft.server.log.purge.gap = 1000000 (custom)
2019-09-11 05:28:53,621 [pool-47-thread-1] INFO  server.RaftServerConfigKeys (ConfUtils.java:logGet(43)) - raft.server.log.appender.buffer.byte-limit = 33554432 (custom)
2019-09-11 05:28:53,621 [pool-47-thread-1] INFO  server.RaftServerConfigKeys (ConfUtils.java:logGet(43)) - raft.server.log.segment.size.max = 1048576 (custom)
2019-09-11 05:28:53,621 [pool-47-thread-1] INFO  server.RaftServerConfigKeys (ConfUtils.java:logGet(43)) - raft.server.log.segment.cache.num.max = 2 (custom)
2019-09-11 05:28:53,621 [pool-47-thread-1] INFO  segmented.SegmentedRaftLogWorker (SegmentedRaftLogWorker.java:<init>(172)) - new fa5ee157-3b80-4774-adcc-f01234ebded8@group-112C0410BBC9-SegmentedRaftLogWorker for RaftStorage:Storage Directory /workdir/hadoop-ozone/integration-test/target/test-dir/MiniOzoneClusterImpl-712b11b3-5514-48f8-84a2-2435d4ba870b/datanode-2/data/ratis/ca1156be-459c-4c16-9d23-112c0410bbc9
2019-09-11 05:28:53,629 [pool-47-thread-1] INFO  server.RaftServerConfigKeys (ConfUtils.java:logGet(43)) - raft.server.log.queue.byte-limit = 2147483647 (custom)
2019-09-11 05:28:53,629 [pool-47-thread-1] INFO  server.RaftServerConfigKeys (ConfUtils.java:logGet(43)) - raft.server.log.queue.element-limit = 1024 (custom)
2019-09-11 05:28:53,630 [pool-47-thread-1] INFO  server.RaftServerConfigKeys (ConfUtils.java:logGet(43)) - raft.server.log.segment.size.max = 1048576 (custom)
2019-09-11 05:28:53,630 [pool-47-thread-1] INFO  server.RaftServerConfigKeys (ConfUtils.java:logGet(43)) - raft.server.log.preallocated.size = 16384 (custom)
2019-09-11 05:28:53,630 [pool-47-thread-1] INFO  server.RaftServerConfigKeys (ConfUtils.java:logGet(43)) - raft.server.log.write.buffer.size = 33554432 (custom)
2019-09-11 05:28:53,630 [pool-47-thread-1] INFO  server.RaftServerConfigKeys (ConfUtils.java:logGet(43)) - raft.server.log.force.sync.num = 128 (default)
2019-09-11 05:28:53,630 [pool-47-thread-1] INFO  server.RaftServerConfigKeys (ConfUtils.java:logGet(43)) - raft.server.log.statemachine.data.sync = true (default)
2019-09-11 05:28:53,631 [pool-47-thread-1] INFO  server.RaftServerConfigKeys (ConfUtils.java:logGet(43)) - raft.server.log.statemachine.data.sync.timeout = 10s (default)
2019-09-11 05:28:53,631 [pool-47-thread-1] INFO  server.RaftServerConfigKeys (ConfUtils.java:logGet(43)) - raft.server.log.statemachine.data.sync.timeout.retry = -1 (default)
2019-09-11 05:28:53,631 [pool-47-thread-1] INFO  server.RaftServerConfigKeys (ConfUtils.java:logGet(43)) - raft.server.log.statemachine.data.caching.enabled = true (custom)
2019-09-11 05:28:53,632 [pool-47-thread-1] INFO  segmented.SegmentedRaftLogWorker (SegmentedRaftLogWorker.java:lambda$new$0(132)) - fa5ee157-3b80-4774-adcc-f01234ebded8@group-112C0410BBC9-SegmentedRaftLogWorker: flushIndex: setUnconditionally 0 -> -1
2019-09-11 05:28:53,632 [pool-47-thread-1] INFO  server.RaftServerConfigKeys (ConfUtils.java:logGet(43)) - raft.server.snapshot.auto.trigger.enabled = true (custom)
2019-09-11 05:28:53,632 [pool-47-thread-1] INFO  server.RaftServerConfigKeys (ConfUtils.java:logGet(43)) - raft.server.snapshot.auto.trigger.threshold = 10000 (custom)
2019-09-11 05:28:53,632 [pool-47-thread-1] INFO  server.RaftServerConfigKeys (ConfUtils.java:logGet(43)) - raft.server.snapshot.retention.num.files = -1 (default)
2019-09-11 05:28:53,633 [pool-47-thread-1] INFO  server.RaftServerConfigKeys (ConfUtils.java:logGet(43)) - raft.server.retrycache.expirytime = 600000ms (custom)
2019-09-11 05:28:53,638 [pool-47-thread-1] INFO  impl.RaftServerImpl (RaftServerImpl.java:start(185)) - fa5ee157-3b80-4774-adcc-f01234ebded8@group-112C0410BBC9: start as a follower, conf=-1: [fa5ee157-3b80-4774-adcc-f01234ebded8:192.168.36.125:42082], old=null
2019-09-11 05:28:53,638 [pool-47-thread-1] INFO  impl.RaftServerImpl (RaftServerImpl.java:setRole(174)) - fa5ee157-3b80-4774-adcc-f01234ebded8@group-112C0410BBC9: changes role from      null to FOLLOWER at term 0 for startAsFollower
2019-09-11 05:28:53,639 [pool-47-thread-1] INFO  impl.RoleInfo (RoleInfo.java:updateAndGet(143)) - fa5ee157-3b80-4774-adcc-f01234ebded8: start FollowerState
2019-09-11 05:28:53,641 [pool-47-thread-1] INFO  util.JmxRegister (JmxRegister.java:tryRegister(44)) - Successfully registered JMX Bean with object name Ratis:service=RaftServer,group=group-112C0410BBC9,id=fa5ee157-3b80-4774-adcc-f01234ebded8
2019-09-11 05:28:53,663 [RatisPipelineUtilsThread] INFO  pipeline.PipelineStateManager (PipelineStateManager.java:addPipeline(56)) - Created pipeline Pipeline[ Id: ca1156be-459c-4c16-9d23-112c0410bbc9, Nodes: fa5ee157-3b80-4774-adcc-f01234ebded8{ip: 192.168.36.125, host: trunk-nightly-20190911-vpfxm-1000144475, networkLocation: /default-rack, certSerialId: null}, Type:RATIS, Factor:ONE, State:OPEN]
2019-09-11 05:28:53,691 [grpc-default-executor-0] INFO  impl.RaftServerProxy (RaftServerProxy.java:addNew(89)) - b5c94862-e767-4e3a-a577-422bae381862: addNew group-4FA428F28DBC:[b5c94862-e767-4e3a-a577-422bae381862:192.168.36.125:46265] returns group-4FA428F28DBC:java.util.concurrent.CompletableFuture@380daa97[Not completed]
2019-09-11 05:28:53,727 [pool-67-thread-1] INFO  impl.RaftServerImpl (RaftServerImpl.java:<init>(95)) - b5c94862-e767-4e3a-a577-422bae381862: new RaftServerImpl for group-4FA428F28DBC:[b5c94862-e767-4e3a-a577-422bae381862:192.168.36.125:46265] with ContainerStateMachine:uninitialized
2019-09-11 05:28:53,727 [pool-67-thread-1] INFO  server.RaftServerConfigKeys (ConfUtils.java:logGet(43)) - raft.server.rpc.timeout.min = 1s (custom)
2019-09-11 05:28:53,727 [pool-67-thread-1] INFO  server.RaftServerConfigKeys (ConfUtils.java:logGet(43)) - raft.server.rpc.timeout.max = 1200ms (custom)
2019-09-11 05:28:53,727 [pool-67-thread-1] INFO  server.RaftServerConfigKeys (ConfUtils.java:logGet(43)) - raft.server.rpcslowness.timeout = 120s (custom)
2019-09-11 05:28:53,728 [pool-67-thread-1] INFO  server.RaftServerConfigKeys (ConfUtils.java:logGet(43)) - raft.server.sleep.deviation.threshold = 300 (default)
2019-09-11 05:28:53,728 [pool-67-thread-1] INFO  server.RaftServerConfigKeys (ConfUtils.java:logGet(43)) - raft.server.log.appender.install.snapshot.enabled = false (custom)
2019-09-11 05:28:53,728 [pool-67-thread-1] INFO  impl.RaftServerImpl (ServerState.java:<init>(103)) - b5c94862-e767-4e3a-a577-422bae381862@group-4FA428F28DBC: ConfigurationManager, init=-1: [b5c94862-e767-4e3a-a577-422bae381862:192.168.36.125:46265], old=null, confs=<EMPTY_MAP>
2019-09-11 05:28:53,728 [pool-67-thread-1] INFO  server.RaftServerConfigKeys (ConfUtils.java:logGet(43)) - raft.server.storage.dir = [/workdir/hadoop-ozone/integration-test/target/test-dir/MiniOzoneClusterImpl-712b11b3-5514-48f8-84a2-2435d4ba870b/datanode-4/data/ratis] (custom)
2019-09-11 05:28:53,729 [pool-67-thread-1] INFO  storage.RaftStorageDirectory (RaftStorageDirectory.java:analyzeStorage(246)) - The storage directory /workdir/hadoop-ozone/integration-test/target/test-dir/MiniOzoneClusterImpl-712b11b3-5514-48f8-84a2-2435d4ba870b/datanode-4/data/ratis/99070d09-b932-4dd4-9372-4fa428f28dbc does not exist. Creating ...
2019-09-11 05:28:53,742 [pool-67-thread-1] INFO  storage.RaftStorageDirectory (RaftStorageDirectory.java:tryLock(328)) - Lock on /workdir/hadoop-ozone/integration-test/target/test-dir/MiniOzoneClusterImpl-712b11b3-5514-48f8-84a2-2435d4ba870b/datanode-4/data/ratis/99070d09-b932-4dd4-9372-4fa428f28dbc/in_use.lock acquired by nodename 18442@trunk-nightly-20190911-vpfxm-1000144475
2019-09-11 05:28:53,756 [pool-67-thread-1] INFO  storage.RaftStorage (RaftStorage.java:format(72)) - Storage directory /workdir/hadoop-ozone/integration-test/target/test-dir/MiniOzoneClusterImpl-712b11b3-5514-48f8-84a2-2435d4ba870b/datanode-4/data/ratis/99070d09-b932-4dd4-9372-4fa428f28dbc has been successfully formatted.
2019-09-11 05:28:53,756 [pool-67-thread-1] INFO  ratis.ContainerStateMachine (ContainerStateMachine.java:loadSnapshot(230)) - group-4FA428F28DBC: The snapshot info is null. Setting the last applied indexto:(t:0, i:~)
2019-09-11 05:28:53,756 [pool-67-thread-1] INFO  server.RaftServerConfigKeys (ConfUtils.java:logGet(43)) - raft.server.notification.no-leader.timeout = 120s (custom)
2019-09-11 05:28:53,757 [pool-67-thread-1] INFO  server.RaftServerConfigKeys (ConfUtils.java:logGet(43)) - raft.server.log.use.memory = false (default)
2019-09-11 05:28:53,757 [pool-67-thread-1] INFO  server.RaftServerConfigKeys (ConfUtils.java:logGet(43)) - raft.server.log.purge.gap = 1000000 (custom)
2019-09-11 05:28:53,757 [pool-67-thread-1] INFO  server.RaftServerConfigKeys (ConfUtils.java:logGet(43)) - raft.server.log.appender.buffer.byte-limit = 33554432 (custom)
2019-09-11 05:28:53,757 [pool-67-thread-1] INFO  server.RaftServerConfigKeys (ConfUtils.java:logGet(43)) - raft.server.log.segment.size.max = 1048576 (custom)
2019-09-11 05:28:53,757 [pool-67-thread-1] INFO  server.RaftServerConfigKeys (ConfUtils.java:logGet(43)) - raft.server.log.segment.cache.num.max = 2 (custom)
2019-09-11 05:28:53,758 [pool-67-thread-1] INFO  segmented.SegmentedRaftLogWorker (SegmentedRaftLogWorker.java:<init>(172)) - new b5c94862-e767-4e3a-a577-422bae381862@group-4FA428F28DBC-SegmentedRaftLogWorker for RaftStorage:Storage Directory /workdir/hadoop-ozone/integration-test/target/test-dir/MiniOzoneClusterImpl-712b11b3-5514-48f8-84a2-2435d4ba870b/datanode-4/data/ratis/99070d09-b932-4dd4-9372-4fa428f28dbc
2019-09-11 05:28:53,802 [pool-67-thread-1] INFO  server.RaftServerConfigKeys (ConfUtils.java:logGet(43)) - raft.server.log.queue.byte-limit = 2147483647 (custom)
2019-09-11 05:28:53,802 [pool-67-thread-1] INFO  server.RaftServerConfigKeys (ConfUtils.java:logGet(43)) - raft.server.log.queue.element-limit = 1024 (custom)
2019-09-11 05:28:53,803 [pool-67-thread-1] INFO  server.RaftServerConfigKeys (ConfUtils.java:logGet(43)) - raft.server.log.segment.size.max = 1048576 (custom)
2019-09-11 05:28:53,803 [pool-67-thread-1] INFO  server.RaftServerConfigKeys (ConfUtils.java:logGet(43)) - raft.server.log.preallocated.size = 16384 (custom)
2019-09-11 05:28:53,803 [pool-67-thread-1] INFO  server.RaftServerConfigKeys (ConfUtils.java:logGet(43)) - raft.server.log.write.buffer.size = 33554432 (custom)
2019-09-11 05:28:53,803 [pool-67-thread-1] INFO  server.RaftServerConfigKeys (ConfUtils.java:logGet(43)) - raft.server.log.force.sync.num = 128 (default)
2019-09-11 05:28:53,803 [pool-67-thread-1] INFO  server.RaftServerConfigKeys (ConfUtils.java:logGet(43)) - raft.server.log.statemachine.data.sync = true (default)
2019-09-11 05:28:53,804 [pool-67-thread-1] INFO  server.RaftServerConfigKeys (ConfUtils.java:logGet(43)) - raft.server.log.statemachine.data.sync.timeout = 10s (default)
2019-09-11 05:28:53,804 [pool-67-thread-1] INFO  server.RaftServerConfigKeys (ConfUtils.java:logGet(43)) - raft.server.log.statemachine.data.sync.timeout.retry = -1 (default)
2019-09-11 05:28:53,804 [pool-67-thread-1] INFO  server.RaftServerConfigKeys (ConfUtils.java:logGet(43)) - raft.server.log.statemachine.data.caching.enabled = true (custom)
2019-09-11 05:28:53,805 [pool-67-thread-1] INFO  segmented.SegmentedRaftLogWorker (SegmentedRaftLogWorker.java:lambda$new$0(132)) - b5c94862-e767-4e3a-a577-422bae381862@group-4FA428F28DBC-SegmentedRaftLogWorker: flushIndex: setUnconditionally 0 -> -1
2019-09-11 05:28:53,805 [pool-67-thread-1] INFO  server.RaftServerConfigKeys (ConfUtils.java:logGet(43)) - raft.server.snapshot.auto.trigger.enabled = true (custom)
2019-09-11 05:28:53,805 [pool-67-thread-1] INFO  server.RaftServerConfigKeys (ConfUtils.java:logGet(43)) - raft.server.snapshot.auto.trigger.threshold = 10000 (custom)
2019-09-11 05:28:53,806 [pool-67-thread-1] INFO  server.RaftServerConfigKeys (ConfUtils.java:logGet(43)) - raft.server.snapshot.retention.num.files = -1 (default)
2019-09-11 05:28:53,806 [pool-67-thread-1] INFO  server.RaftServerConfigKeys (ConfUtils.java:logGet(43)) - raft.server.retrycache.expirytime = 600000ms (custom)
2019-09-11 05:28:53,812 [pool-67-thread-1] INFO  impl.RaftServerImpl (RaftServerImpl.java:start(185)) - b5c94862-e767-4e3a-a577-422bae381862@group-4FA428F28DBC: start as a follower, conf=-1: [b5c94862-e767-4e3a-a577-422bae381862:192.168.36.125:46265], old=null
2019-09-11 05:28:53,812 [pool-67-thread-1] INFO  impl.RaftServerImpl (RaftServerImpl.java:setRole(174)) - b5c94862-e767-4e3a-a577-422bae381862@group-4FA428F28DBC: changes role from      null to FOLLOWER at term 0 for startAsFollower
2019-09-11 05:28:53,812 [pool-67-thread-1] INFO  impl.RoleInfo (RoleInfo.java:updateAndGet(143)) - b5c94862-e767-4e3a-a577-422bae381862: start FollowerState
2019-09-11 05:28:53,813 [pool-67-thread-1] INFO  util.JmxRegister (JmxRegister.java:tryRegister(44)) - Successfully registered JMX Bean with object name Ratis:service=RaftServer,group=group-4FA428F28DBC,id=b5c94862-e767-4e3a-a577-422bae381862
2019-09-11 05:28:53,831 [RatisPipelineUtilsThread] INFO  pipeline.PipelineStateManager (PipelineStateManager.java:addPipeline(56)) - Created pipeline Pipeline[ Id: 99070d09-b932-4dd4-9372-4fa428f28dbc, Nodes: b5c94862-e767-4e3a-a577-422bae381862{ip: 192.168.36.125, host: trunk-nightly-20190911-vpfxm-1000144475, networkLocation: /default-rack, certSerialId: null}, Type:RATIS, Factor:ONE, State:OPEN]
2019-09-11 05:28:53,853 [grpc-default-executor-0] INFO  impl.RaftServerProxy (RaftServerProxy.java:addNew(89)) - 4923db37-afc5-4a4b-9e0e-3e0e64c6efbc: addNew group-4DFE63ECAD42:[4923db37-afc5-4a4b-9e0e-3e0e64c6efbc:192.168.36.125:35475] returns group-4DFE63ECAD42:java.util.concurrent.CompletableFuture@27f0a59b[Not completed]
2019-09-11 05:28:53,858 [pool-117-thread-1] INFO  impl.RaftServerImpl (RaftServerImpl.java:<init>(95)) - 4923db37-afc5-4a4b-9e0e-3e0e64c6efbc: new RaftServerImpl for group-4DFE63ECAD42:[4923db37-afc5-4a4b-9e0e-3e0e64c6efbc:192.168.36.125:35475] with ContainerStateMachine:uninitialized
2019-09-11 05:28:53,858 [pool-117-thread-1] INFO  server.RaftServerConfigKeys (ConfUtils.java:logGet(43)) - raft.server.rpc.timeout.min = 1s (custom)
2019-09-11 05:28:53,858 [pool-117-thread-1] INFO  server.RaftServerConfigKeys (ConfUtils.java:logGet(43)) - raft.server.rpc.timeout.max = 1200ms (custom)
2019-09-11 05:28:53,859 [pool-117-thread-1] INFO  server.RaftServerConfigKeys (ConfUtils.java:logGet(43)) - raft.server.rpcslowness.timeout = 120s (custom)
2019-09-11 05:28:53,859 [pool-117-thread-1] INFO  server.RaftServerConfigKeys (ConfUtils.java:logGet(43)) - raft.server.sleep.deviation.threshold = 300 (default)
2019-09-11 05:28:53,859 [pool-117-thread-1] INFO  server.RaftServerConfigKeys (ConfUtils.java:logGet(43)) - raft.server.log.appender.install.snapshot.enabled = false (custom)
2019-09-11 05:28:53,859 [pool-117-thread-1] INFO  impl.RaftServerImpl (ServerState.java:<init>(103)) - 4923db37-afc5-4a4b-9e0e-3e0e64c6efbc@group-4DFE63ECAD42: ConfigurationManager, init=-1: [4923db37-afc5-4a4b-9e0e-3e0e64c6efbc:192.168.36.125:35475], old=null, confs=<EMPTY_MAP>
2019-09-11 05:28:53,859 [pool-117-thread-1] INFO  server.RaftServerConfigKeys (ConfUtils.java:logGet(43)) - raft.server.storage.dir = [/workdir/hadoop-ozone/integration-test/target/test-dir/MiniOzoneClusterImpl-712b11b3-5514-48f8-84a2-2435d4ba870b/datanode-9/data/ratis] (custom)
2019-09-11 05:28:53,860 [pool-117-thread-1] INFO  storage.RaftStorageDirectory (RaftStorageDirectory.java:analyzeStorage(246)) - The storage directory /workdir/hadoop-ozone/integration-test/target/test-dir/MiniOzoneClusterImpl-712b11b3-5514-48f8-84a2-2435d4ba870b/datanode-9/data/ratis/3ae2e070-99e4-4355-8b92-4dfe63ecad42 does not exist. Creating ...
2019-09-11 05:28:53,874 [pool-117-thread-1] INFO  storage.RaftStorageDirectory (RaftStorageDirectory.java:tryLock(328)) - Lock on /workdir/hadoop-ozone/integration-test/target/test-dir/MiniOzoneClusterImpl-712b11b3-5514-48f8-84a2-2435d4ba870b/datanode-9/data/ratis/3ae2e070-99e4-4355-8b92-4dfe63ecad42/in_use.lock acquired by nodename 18442@trunk-nightly-20190911-vpfxm-1000144475
2019-09-11 05:28:53,887 [pool-117-thread-1] INFO  storage.RaftStorage (RaftStorage.java:format(72)) - Storage directory /workdir/hadoop-ozone/integration-test/target/test-dir/MiniOzoneClusterImpl-712b11b3-5514-48f8-84a2-2435d4ba870b/datanode-9/data/ratis/3ae2e070-99e4-4355-8b92-4dfe63ecad42 has been successfully formatted.
2019-09-11 05:28:53,888 [pool-117-thread-1] INFO  ratis.ContainerStateMachine (ContainerStateMachine.java:loadSnapshot(230)) - group-4DFE63ECAD42: The snapshot info is null. Setting the last applied indexto:(t:0, i:~)
2019-09-11 05:28:53,888 [pool-117-thread-1] INFO  server.RaftServerConfigKeys (ConfUtils.java:logGet(43)) - raft.server.notification.no-leader.timeout = 120s (custom)
2019-09-11 05:28:53,888 [pool-117-thread-1] INFO  server.RaftServerConfigKeys (ConfUtils.java:logGet(43)) - raft.server.log.use.memory = false (default)
2019-09-11 05:28:53,888 [pool-117-thread-1] INFO  server.RaftServerConfigKeys (ConfUtils.java:logGet(43)) - raft.server.log.purge.gap = 1000000 (custom)
2019-09-11 05:28:53,889 [pool-117-thread-1] INFO  server.RaftServerConfigKeys (ConfUtils.java:logGet(43)) - raft.server.log.appender.buffer.byte-limit = 33554432 (custom)
2019-09-11 05:28:53,889 [pool-117-thread-1] INFO  server.RaftServerConfigKeys (ConfUtils.java:logGet(43)) - raft.server.log.segment.size.max = 1048576 (custom)
2019-09-11 05:28:53,889 [pool-117-thread-1] INFO  server.RaftServerConfigKeys (ConfUtils.java:logGet(43)) - raft.server.log.segment.cache.num.max = 2 (custom)
2019-09-11 05:28:53,889 [pool-117-thread-1] INFO  segmented.SegmentedRaftLogWorker (SegmentedRaftLogWorker.java:<init>(172)) - new 4923db37-afc5-4a4b-9e0e-3e0e64c6efbc@group-4DFE63ECAD42-SegmentedRaftLogWorker for RaftStorage:Storage Directory /workdir/hadoop-ozone/integration-test/target/test-dir/MiniOzoneClusterImpl-712b11b3-5514-48f8-84a2-2435d4ba870b/datanode-9/data/ratis/3ae2e070-99e4-4355-8b92-4dfe63ecad42
2019-09-11 05:28:53,895 [pool-117-thread-1] INFO  server.RaftServerConfigKeys (ConfUtils.java:logGet(43)) - raft.server.log.queue.byte-limit = 2147483647 (custom)
2019-09-11 05:28:53,895 [pool-117-thread-1] INFO  server.RaftServerConfigKeys (ConfUtils.java:logGet(43)) - raft.server.log.queue.element-limit = 1024 (custom)
2019-09-11 05:28:53,895 [pool-117-thread-1] INFO  server.RaftServerConfigKeys (ConfUtils.java:logGet(43)) - raft.server.log.segment.size.max = 1048576 (custom)
2019-09-11 05:28:53,896 [pool-117-thread-1] INFO  server.RaftServerConfigKeys (ConfUtils.java:logGet(43)) - raft.server.log.preallocated.size = 16384 (custom)
2019-09-11 05:28:53,896 [pool-117-thread-1] INFO  server.RaftServerConfigKeys (ConfUtils.java:logGet(43)) - raft.server.log.write.buffer.size = 33554432 (custom)
2019-09-11 05:28:53,896 [pool-117-thread-1] INFO  server.RaftServerConfigKeys (ConfUtils.java:logGet(43)) - raft.server.log.force.sync.num = 128 (default)
2019-09-11 05:28:53,896 [pool-117-thread-1] INFO  server.RaftServerConfigKeys (ConfUtils.java:logGet(43)) - raft.server.log.statemachine.data.sync = true (default)
2019-09-11 05:28:53,896 [pool-117-thread-1] INFO  server.RaftServerConfigKeys (ConfUtils.java:logGet(43)) - raft.server.log.statemachine.data.sync.timeout = 10s (default)
2019-09-11 05:28:53,896 [pool-117-thread-1] INFO  server.RaftServerConfigKeys (ConfUtils.java:logGet(43)) - raft.server.log.statemachine.data.sync.timeout.retry = -1 (default)
2019-09-11 05:28:53,897 [pool-117-thread-1] INFO  server.RaftServerConfigKeys (ConfUtils.java:logGet(43)) - raft.server.log.statemachine.data.caching.enabled = true (custom)
2019-09-11 05:28:53,897 [pool-117-thread-1] INFO  segmented.SegmentedRaftLogWorker (SegmentedRaftLogWorker.java:lambda$new$0(132)) - 4923db37-afc5-4a4b-9e0e-3e0e64c6efbc@group-4DFE63ECAD42-SegmentedRaftLogWorker: flushIndex: setUnconditionally 0 -> -1
2019-09-11 05:28:53,898 [pool-117-thread-1] INFO  server.RaftServerConfigKeys (ConfUtils.java:logGet(43)) - raft.server.snapshot.auto.trigger.enabled = true (custom)
2019-09-11 05:28:53,898 [pool-117-thread-1] INFO  server.RaftServerConfigKeys (ConfUtils.java:logGet(43)) - raft.server.snapshot.auto.trigger.threshold = 10000 (custom)
2019-09-11 05:28:53,898 [pool-117-thread-1] INFO  server.RaftServerConfigKeys (ConfUtils.java:logGet(43)) - raft.server.snapshot.retention.num.files = -1 (default)
2019-09-11 05:28:53,898 [pool-117-thread-1] INFO  server.RaftServerConfigKeys (ConfUtils.java:logGet(43)) - raft.server.retrycache.expirytime = 600000ms (custom)
2019-09-11 05:28:53,907 [pool-117-thread-1] INFO  impl.RaftServerImpl (RaftServerImpl.java:start(185)) - 4923db37-afc5-4a4b-9e0e-3e0e64c6efbc@group-4DFE63ECAD42: start as a follower, conf=-1: [4923db37-afc5-4a4b-9e0e-3e0e64c6efbc:192.168.36.125:35475], old=null
2019-09-11 05:28:53,907 [pool-117-thread-1] INFO  impl.RaftServerImpl (RaftServerImpl.java:setRole(174)) - 4923db37-afc5-4a4b-9e0e-3e0e64c6efbc@group-4DFE63ECAD42: changes role from      null to FOLLOWER at term 0 for startAsFollower
2019-09-11 05:28:53,908 [pool-117-thread-1] INFO  impl.RoleInfo (RoleInfo.java:updateAndGet(143)) - 4923db37-afc5-4a4b-9e0e-3e0e64c6efbc: start FollowerState
2019-09-11 05:28:53,908 [pool-117-thread-1] INFO  util.JmxRegister (JmxRegister.java:tryRegister(44)) - Successfully registered JMX Bean with object name Ratis:service=RaftServer,group=group-4DFE63ECAD42,id=4923db37-afc5-4a4b-9e0e-3e0e64c6efbc
2019-09-11 05:28:53,935 [RatisPipelineUtilsThread] INFO  pipeline.PipelineStateManager (PipelineStateManager.java:addPipeline(56)) - Created pipeline Pipeline[ Id: 3ae2e070-99e4-4355-8b92-4dfe63ecad42, Nodes: 4923db37-afc5-4a4b-9e0e-3e0e64c6efbc{ip: 192.168.36.125, host: trunk-nightly-20190911-vpfxm-1000144475, networkLocation: /default-rack, certSerialId: null}, Type:RATIS, Factor:ONE, State:OPEN]
2019-09-11 05:28:53,953 [grpc-default-executor-0] INFO  impl.RaftServerProxy (RaftServerProxy.java:addNew(89)) - 1169a1ed-1394-44b2-9737-be9aad5bd237: addNew group-D09C9DC86ED1:[1169a1ed-1394-44b2-9737-be9aad5bd237:192.168.36.125:39685] returns group-D09C9DC86ED1:java.util.concurrent.CompletableFuture@5bd37c91[Not completed]
2019-09-11 05:28:53,959 [pool-37-thread-1] INFO  impl.RaftServerImpl (RaftServerImpl.java:<init>(95)) - 1169a1ed-1394-44b2-9737-be9aad5bd237: new RaftServerImpl for group-D09C9DC86ED1:[1169a1ed-1394-44b2-9737-be9aad5bd237:192.168.36.125:39685] with ContainerStateMachine:uninitialized
2019-09-11 05:28:53,959 [pool-37-thread-1] INFO  server.RaftServerConfigKeys (ConfUtils.java:logGet(43)) - raft.server.rpc.timeout.min = 1s (custom)
2019-09-11 05:28:53,959 [pool-37-thread-1] INFO  server.RaftServerConfigKeys (ConfUtils.java:logGet(43)) - raft.server.rpc.timeout.max = 1200ms (custom)
2019-09-11 05:28:53,959 [pool-37-thread-1] INFO  server.RaftServerConfigKeys (ConfUtils.java:logGet(43)) - raft.server.rpcslowness.timeout = 120s (custom)
2019-09-11 05:28:53,960 [pool-37-thread-1] INFO  server.RaftServerConfigKeys (ConfUtils.java:logGet(43)) - raft.server.sleep.deviation.threshold = 300 (default)
2019-09-11 05:28:53,960 [pool-37-thread-1] INFO  server.RaftServerConfigKeys (ConfUtils.java:logGet(43)) - raft.server.log.appender.install.snapshot.enabled = false (custom)
2019-09-11 05:28:53,960 [pool-37-thread-1] INFO  impl.RaftServerImpl (ServerState.java:<init>(103)) - 1169a1ed-1394-44b2-9737-be9aad5bd237@group-D09C9DC86ED1: ConfigurationManager, init=-1: [1169a1ed-1394-44b2-9737-be9aad5bd237:192.168.36.125:39685], old=null, confs=<EMPTY_MAP>
2019-09-11 05:28:53,960 [pool-37-thread-1] INFO  server.RaftServerConfigKeys (ConfUtils.java:logGet(43)) - raft.server.storage.dir = [/workdir/hadoop-ozone/integration-test/target/test-dir/MiniOzoneClusterImpl-712b11b3-5514-48f8-84a2-2435d4ba870b/datanode-1/data/ratis] (custom)
2019-09-11 05:28:53,960 [pool-37-thread-1] INFO  storage.RaftStorageDirectory (RaftStorageDirectory.java:analyzeStorage(246)) - The storage directory /workdir/hadoop-ozone/integration-test/target/test-dir/MiniOzoneClusterImpl-712b11b3-5514-48f8-84a2-2435d4ba870b/datanode-1/data/ratis/4483eb3c-ceb5-48a7-9a9a-d09c9dc86ed1 does not exist. Creating ...
2019-09-11 05:28:53,973 [pool-37-thread-1] INFO  storage.RaftStorageDirectory (RaftStorageDirectory.java:tryLock(328)) - Lock on /workdir/hadoop-ozone/integration-test/target/test-dir/MiniOzoneClusterImpl-712b11b3-5514-48f8-84a2-2435d4ba870b/datanode-1/data/ratis/4483eb3c-ceb5-48a7-9a9a-d09c9dc86ed1/in_use.lock acquired by nodename 18442@trunk-nightly-20190911-vpfxm-1000144475
2019-09-11 05:28:53,987 [pool-37-thread-1] INFO  storage.RaftStorage (RaftStorage.java:format(72)) - Storage directory /workdir/hadoop-ozone/integration-test/target/test-dir/MiniOzoneClusterImpl-712b11b3-5514-48f8-84a2-2435d4ba870b/datanode-1/data/ratis/4483eb3c-ceb5-48a7-9a9a-d09c9dc86ed1 has been successfully formatted.
2019-09-11 05:28:53,988 [pool-37-thread-1] INFO  ratis.ContainerStateMachine (ContainerStateMachine.java:loadSnapshot(230)) - group-D09C9DC86ED1: The snapshot info is null. Setting the last applied indexto:(t:0, i:~)
2019-09-11 05:28:53,988 [pool-37-thread-1] INFO  server.RaftServerConfigKeys (ConfUtils.java:logGet(43)) - raft.server.notification.no-leader.timeout = 120s (custom)
2019-09-11 05:28:53,988 [pool-37-thread-1] INFO  server.RaftServerConfigKeys (ConfUtils.java:logGet(43)) - raft.server.log.use.memory = false (default)
2019-09-11 05:28:53,988 [pool-37-thread-1] INFO  server.RaftServerConfigKeys (ConfUtils.java:logGet(43)) - raft.server.log.purge.gap = 1000000 (custom)
2019-09-11 05:28:53,988 [pool-37-thread-1] INFO  server.RaftServerConfigKeys (ConfUtils.java:logGet(43)) - raft.server.log.appender.buffer.byte-limit = 33554432 (custom)
2019-09-11 05:28:53,988 [pool-37-thread-1] INFO  server.RaftServerConfigKeys (ConfUtils.java:logGet(43)) - raft.server.log.segment.size.max = 1048576 (custom)
2019-09-11 05:28:53,989 [pool-37-thread-1] INFO  server.RaftServerConfigKeys (ConfUtils.java:logGet(43)) - raft.server.log.segment.cache.num.max = 2 (custom)
2019-09-11 05:28:53,989 [pool-37-thread-1] INFO  segmented.SegmentedRaftLogWorker (SegmentedRaftLogWorker.java:<init>(172)) - new 1169a1ed-1394-44b2-9737-be9aad5bd237@group-D09C9DC86ED1-SegmentedRaftLogWorker for RaftStorage:Storage Directory /workdir/hadoop-ozone/integration-test/target/test-dir/MiniOzoneClusterImpl-712b11b3-5514-48f8-84a2-2435d4ba870b/datanode-1/data/ratis/4483eb3c-ceb5-48a7-9a9a-d09c9dc86ed1
2019-09-11 05:28:54,068 [pool-37-thread-1] INFO  server.RaftServerConfigKeys (ConfUtils.java:logGet(43)) - raft.server.log.queue.byte-limit = 2147483647 (custom)
2019-09-11 05:28:54,069 [pool-37-thread-1] INFO  server.RaftServerConfigKeys (ConfUtils.java:logGet(43)) - raft.server.log.queue.element-limit = 1024 (custom)
2019-09-11 05:28:54,069 [pool-37-thread-1] INFO  server.RaftServerConfigKeys (ConfUtils.java:logGet(43)) - raft.server.log.segment.size.max = 1048576 (custom)
2019-09-11 05:28:54,069 [pool-37-thread-1] INFO  server.RaftServerConfigKeys (ConfUtils.java:logGet(43)) - raft.server.log.preallocated.size = 16384 (custom)
2019-09-11 05:28:54,069 [pool-37-thread-1] INFO  server.RaftServerConfigKeys (ConfUtils.java:logGet(43)) - raft.server.log.write.buffer.size = 33554432 (custom)
2019-09-11 05:28:54,069 [pool-37-thread-1] INFO  server.RaftServerConfigKeys (ConfUtils.java:logGet(43)) - raft.server.log.force.sync.num = 128 (default)
2019-09-11 05:28:54,069 [pool-37-thread-1] INFO  server.RaftServerConfigKeys (ConfUtils.java:logGet(43)) - raft.server.log.statemachine.data.sync = true (default)
2019-09-11 05:28:54,070 [pool-37-thread-1] INFO  server.RaftServerConfigKeys (ConfUtils.java:logGet(43)) - raft.server.log.statemachine.data.sync.timeout = 10s (default)
2019-09-11 05:28:54,070 [pool-37-thread-1] INFO  server.RaftServerConfigKeys (ConfUtils.java:logGet(43)) - raft.server.log.statemachine.data.sync.timeout.retry = -1 (default)
2019-09-11 05:28:54,070 [pool-37-thread-1] INFO  server.RaftServerConfigKeys (ConfUtils.java:logGet(43)) - raft.server.log.statemachine.data.caching.enabled = true (custom)
2019-09-11 05:28:54,071 [pool-37-thread-1] INFO  segmented.SegmentedRaftLogWorker (SegmentedRaftLogWorker.java:lambda$new$0(132)) - 1169a1ed-1394-44b2-9737-be9aad5bd237@group-D09C9DC86ED1-SegmentedRaftLogWorker: flushIndex: setUnconditionally 0 -> -1
2019-09-11 05:28:54,071 [pool-37-thread-1] INFO  server.RaftServerConfigKeys (ConfUtils.java:logGet(43)) - raft.server.snapshot.auto.trigger.enabled = true (custom)
2019-09-11 05:28:54,071 [pool-37-thread-1] INFO  server.RaftServerConfigKeys (ConfUtils.java:logGet(43)) - raft.server.snapshot.auto.trigger.threshold = 10000 (custom)
2019-09-11 05:28:54,071 [pool-37-thread-1] INFO  server.RaftServerConfigKeys (ConfUtils.java:logGet(43)) - raft.server.snapshot.retention.num.files = -1 (default)
2019-09-11 05:28:54,072 [pool-37-thread-1] INFO  server.RaftServerConfigKeys (ConfUtils.java:logGet(43)) - raft.server.retrycache.expirytime = 600000ms (custom)
2019-09-11 05:28:54,090 [pool-37-thread-1] INFO  impl.RaftServerImpl (RaftServerImpl.java:start(185)) - 1169a1ed-1394-44b2-9737-be9aad5bd237@group-D09C9DC86ED1: start as a follower, conf=-1: [1169a1ed-1394-44b2-9737-be9aad5bd237:192.168.36.125:39685], old=null
2019-09-11 05:28:54,090 [pool-37-thread-1] INFO  impl.RaftServerImpl (RaftServerImpl.java:setRole(174)) - 1169a1ed-1394-44b2-9737-be9aad5bd237@group-D09C9DC86ED1: changes role from      null to FOLLOWER at term 0 for startAsFollower
2019-09-11 05:28:54,104 [pool-37-thread-1] INFO  impl.RoleInfo (RoleInfo.java:updateAndGet(143)) - 1169a1ed-1394-44b2-9737-be9aad5bd237: start FollowerState
2019-09-11 05:28:54,124 [pool-37-thread-1] INFO  util.JmxRegister (JmxRegister.java:tryRegister(44)) - Successfully registered JMX Bean with object name Ratis:service=RaftServer,group=group-D09C9DC86ED1,id=1169a1ed-1394-44b2-9737-be9aad5bd237
2019-09-11 05:28:54,141 [RatisPipelineUtilsThread] INFO  pipeline.PipelineStateManager (PipelineStateManager.java:addPipeline(56)) - Created pipeline Pipeline[ Id: 4483eb3c-ceb5-48a7-9a9a-d09c9dc86ed1, Nodes: 1169a1ed-1394-44b2-9737-be9aad5bd237{ip: 192.168.36.125, host: trunk-nightly-20190911-vpfxm-1000144475, networkLocation: /default-rack, certSerialId: null}, Type:RATIS, Factor:ONE, State:OPEN]
2019-09-11 05:28:54,165 [grpc-default-executor-0] INFO  impl.RaftServerProxy (RaftServerProxy.java:addNew(89)) - 64c45ce8-9e8f-4626-9780-d8b476434616: addNew group-9EC1068F47DE:[64c45ce8-9e8f-4626-9780-d8b476434616:192.168.36.125:34416] returns group-9EC1068F47DE:java.util.concurrent.CompletableFuture@1ca60b8b[Not completed]
2019-09-11 05:28:54,171 [pool-97-thread-1] INFO  impl.RaftServerImpl (RaftServerImpl.java:<init>(95)) - 64c45ce8-9e8f-4626-9780-d8b476434616: new RaftServerImpl for group-9EC1068F47DE:[64c45ce8-9e8f-4626-9780-d8b476434616:192.168.36.125:34416] with ContainerStateMachine:uninitialized
2019-09-11 05:28:54,172 [pool-97-thread-1] INFO  server.RaftServerConfigKeys (ConfUtils.java:logGet(43)) - raft.server.rpc.timeout.min = 1s (custom)
2019-09-11 05:28:54,172 [pool-97-thread-1] INFO  server.RaftServerConfigKeys (ConfUtils.java:logGet(43)) - raft.server.rpc.timeout.max = 1200ms (custom)
2019-09-11 05:28:54,172 [pool-97-thread-1] INFO  server.RaftServerConfigKeys (ConfUtils.java:logGet(43)) - raft.server.rpcslowness.timeout = 120s (custom)
2019-09-11 05:28:54,172 [pool-97-thread-1] INFO  server.RaftServerConfigKeys (ConfUtils.java:logGet(43)) - raft.server.sleep.deviation.threshold = 300 (default)
2019-09-11 05:28:54,172 [pool-97-thread-1] INFO  server.RaftServerConfigKeys (ConfUtils.java:logGet(43)) - raft.server.log.appender.install.snapshot.enabled = false (custom)
2019-09-11 05:28:54,172 [pool-97-thread-1] INFO  impl.RaftServerImpl (ServerState.java:<init>(103)) - 64c45ce8-9e8f-4626-9780-d8b476434616@group-9EC1068F47DE: ConfigurationManager, init=-1: [64c45ce8-9e8f-4626-9780-d8b476434616:192.168.36.125:34416], old=null, confs=<EMPTY_MAP>
2019-09-11 05:28:54,173 [pool-97-thread-1] INFO  server.RaftServerConfigKeys (ConfUtils.java:logGet(43)) - raft.server.storage.dir = [/workdir/hadoop-ozone/integration-test/target/test-dir/MiniOzoneClusterImpl-712b11b3-5514-48f8-84a2-2435d4ba870b/datanode-7/data/ratis] (custom)
2019-09-11 05:28:54,173 [pool-97-thread-1] INFO  storage.RaftStorageDirectory (RaftStorageDirectory.java:analyzeStorage(246)) - The storage directory /workdir/hadoop-ozone/integration-test/target/test-dir/MiniOzoneClusterImpl-712b11b3-5514-48f8-84a2-2435d4ba870b/datanode-7/data/ratis/9c310ef3-95ca-4ce2-85f8-9ec1068f47de does not exist. Creating ...
2019-09-11 05:28:54,186 [pool-97-thread-1] INFO  storage.RaftStorageDirectory (RaftStorageDirectory.java:tryLock(328)) - Lock on /workdir/hadoop-ozone/integration-test/target/test-dir/MiniOzoneClusterImpl-712b11b3-5514-48f8-84a2-2435d4ba870b/datanode-7/data/ratis/9c310ef3-95ca-4ce2-85f8-9ec1068f47de/in_use.lock acquired by nodename 18442@trunk-nightly-20190911-vpfxm-1000144475
2019-09-11 05:28:54,199 [pool-97-thread-1] INFO  storage.RaftStorage (RaftStorage.java:format(72)) - Storage directory /workdir/hadoop-ozone/integration-test/target/test-dir/MiniOzoneClusterImpl-712b11b3-5514-48f8-84a2-2435d4ba870b/datanode-7/data/ratis/9c310ef3-95ca-4ce2-85f8-9ec1068f47de has been successfully formatted.
2019-09-11 05:28:54,200 [pool-97-thread-1] INFO  ratis.ContainerStateMachine (ContainerStateMachine.java:loadSnapshot(230)) - group-9EC1068F47DE: The snapshot info is null. Setting the last applied indexto:(t:0, i:~)
2019-09-11 05:28:54,200 [pool-97-thread-1] INFO  server.RaftServerConfigKeys (ConfUtils.java:logGet(43)) - raft.server.notification.no-leader.timeout = 120s (custom)
2019-09-11 05:28:54,200 [pool-97-thread-1] INFO  server.RaftServerConfigKeys (ConfUtils.java:logGet(43)) - raft.server.log.use.memory = false (default)
2019-09-11 05:28:54,200 [pool-97-thread-1] INFO  server.RaftServerConfigKeys (ConfUtils.java:logGet(43)) - raft.server.log.purge.gap = 1000000 (custom)
2019-09-11 05:28:54,200 [pool-97-thread-1] INFO  server.RaftServerConfigKeys (ConfUtils.java:logGet(43)) - raft.server.log.appender.buffer.byte-limit = 33554432 (custom)
2019-09-11 05:28:54,200 [pool-97-thread-1] INFO  server.RaftServerConfigKeys (ConfUtils.java:logGet(43)) - raft.server.log.segment.size.max = 1048576 (custom)
2019-09-11 05:28:54,201 [pool-97-thread-1] INFO  server.RaftServerConfigKeys (ConfUtils.java:logGet(43)) - raft.server.log.segment.cache.num.max = 2 (custom)
2019-09-11 05:28:54,201 [pool-97-thread-1] INFO  segmented.SegmentedRaftLogWorker (SegmentedRaftLogWorker.java:<init>(172)) - new 64c45ce8-9e8f-4626-9780-d8b476434616@group-9EC1068F47DE-SegmentedRaftLogWorker for RaftStorage:Storage Directory /workdir/hadoop-ozone/integration-test/target/test-dir/MiniOzoneClusterImpl-712b11b3-5514-48f8-84a2-2435d4ba870b/datanode-7/data/ratis/9c310ef3-95ca-4ce2-85f8-9ec1068f47de
2019-09-11 05:28:54,203 [pool-97-thread-1] INFO  server.RaftServerConfigKeys (ConfUtils.java:logGet(43)) - raft.server.log.queue.byte-limit = 2147483647 (custom)
2019-09-11 05:28:54,204 [pool-97-thread-1] INFO  server.RaftServerConfigKeys (ConfUtils.java:logGet(43)) - raft.server.log.queue.element-limit = 1024 (custom)
2019-09-11 05:28:54,204 [pool-97-thread-1] INFO  server.RaftServerConfigKeys (ConfUtils.java:logGet(43)) - raft.server.log.segment.size.max = 1048576 (custom)
2019-09-11 05:28:54,204 [pool-97-thread-1] INFO  server.RaftServerConfigKeys (ConfUtils.java:logGet(43)) - raft.server.log.preallocated.size = 16384 (custom)
2019-09-11 05:28:54,204 [pool-97-thread-1] INFO  server.RaftServerConfigKeys (ConfUtils.java:logGet(43)) - raft.server.log.write.buffer.size = 33554432 (custom)
2019-09-11 05:28:54,204 [pool-97-thread-1] INFO  server.RaftServerConfigKeys (ConfUtils.java:logGet(43)) - raft.server.log.force.sync.num = 128 (default)
2019-09-11 05:28:54,204 [pool-97-thread-1] INFO  server.RaftServerConfigKeys (ConfUtils.java:logGet(43)) - raft.server.log.statemachine.data.sync = true (default)
2019-09-11 05:28:54,204 [pool-97-thread-1] INFO  server.RaftServerConfigKeys (ConfUtils.java:logGet(43)) - raft.server.log.statemachine.data.sync.timeout = 10s (default)
2019-09-11 05:28:54,205 [pool-97-thread-1] INFO  server.RaftServerConfigKeys (ConfUtils.java:logGet(43)) - raft.server.log.statemachine.data.sync.timeout.retry = -1 (default)
2019-09-11 05:28:54,205 [pool-97-thread-1] INFO  server.RaftServerConfigKeys (ConfUtils.java:logGet(43)) - raft.server.log.statemachine.data.caching.enabled = true (custom)
2019-09-11 05:28:54,205 [pool-97-thread-1] INFO  segmented.SegmentedRaftLogWorker (SegmentedRaftLogWorker.java:lambda$new$0(132)) - 64c45ce8-9e8f-4626-9780-d8b476434616@group-9EC1068F47DE-SegmentedRaftLogWorker: flushIndex: setUnconditionally 0 -> -1
2019-09-11 05:28:54,205 [pool-97-thread-1] INFO  server.RaftServerConfigKeys (ConfUtils.java:logGet(43)) - raft.server.snapshot.auto.trigger.enabled = true (custom)
2019-09-11 05:28:54,206 [pool-97-thread-1] INFO  server.RaftServerConfigKeys (ConfUtils.java:logGet(43)) - raft.server.snapshot.auto.trigger.threshold = 10000 (custom)
2019-09-11 05:28:54,206 [pool-97-thread-1] INFO  server.RaftServerConfigKeys (ConfUtils.java:logGet(43)) - raft.server.snapshot.retention.num.files = -1 (default)
2019-09-11 05:28:54,206 [pool-97-thread-1] INFO  server.RaftServerConfigKeys (ConfUtils.java:logGet(43)) - raft.server.retrycache.expirytime = 600000ms (custom)
2019-09-11 05:28:54,208 [pool-97-thread-1] INFO  impl.RaftServerImpl (RaftServerImpl.java:start(185)) - 64c45ce8-9e8f-4626-9780-d8b476434616@group-9EC1068F47DE: start as a follower, conf=-1: [64c45ce8-9e8f-4626-9780-d8b476434616:192.168.36.125:34416], old=null
2019-09-11 05:28:54,208 [pool-97-thread-1] INFO  impl.RaftServerImpl (RaftServerImpl.java:setRole(174)) - 64c45ce8-9e8f-4626-9780-d8b476434616@group-9EC1068F47DE: changes role from      null to FOLLOWER at term 0 for startAsFollower
2019-09-11 05:28:54,208 [pool-97-thread-1] INFO  impl.RoleInfo (RoleInfo.java:updateAndGet(143)) - 64c45ce8-9e8f-4626-9780-d8b476434616: start FollowerState
2019-09-11 05:28:54,209 [pool-97-thread-1] INFO  util.JmxRegister (JmxRegister.java:tryRegister(44)) - Successfully registered JMX Bean with object name Ratis:service=RaftServer,group=group-9EC1068F47DE,id=64c45ce8-9e8f-4626-9780-d8b476434616
2019-09-11 05:28:54,221 [RatisPipelineUtilsThread] INFO  pipeline.PipelineStateManager (PipelineStateManager.java:addPipeline(56)) - Created pipeline Pipeline[ Id: 9c310ef3-95ca-4ce2-85f8-9ec1068f47de, Nodes: 64c45ce8-9e8f-4626-9780-d8b476434616{ip: 192.168.36.125, host: trunk-nightly-20190911-vpfxm-1000144475, networkLocation: /default-rack, certSerialId: null}, Type:RATIS, Factor:ONE, State:OPEN]
2019-09-11 05:28:54,236 [grpc-default-executor-0] INFO  impl.RaftServerProxy (RaftServerProxy.java:addNew(89)) - 78dbd0e6-a34a-4054-9e2e-3bf1b76c8205: addNew group-7F379069BC3D:[78dbd0e6-a34a-4054-9e2e-3bf1b76c8205:192.168.36.125:36886] returns group-7F379069BC3D:java.util.concurrent.CompletableFuture@3f7da082[Not completed]
2019-09-11 05:28:54,240 [pool-77-thread-1] INFO  impl.RaftServerImpl (RaftServerImpl.java:<init>(95)) - 78dbd0e6-a34a-4054-9e2e-3bf1b76c8205: new RaftServerImpl for group-7F379069BC3D:[78dbd0e6-a34a-4054-9e2e-3bf1b76c8205:192.168.36.125:36886] with ContainerStateMachine:uninitialized
2019-09-11 05:28:54,240 [pool-77-thread-1] INFO  server.RaftServerConfigKeys (ConfUtils.java:logGet(43)) - raft.server.rpc.timeout.min = 1s (custom)
2019-09-11 05:28:54,240 [pool-77-thread-1] INFO  server.RaftServerConfigKeys (ConfUtils.java:logGet(43)) - raft.server.rpc.timeout.max = 1200ms (custom)
2019-09-11 05:28:54,240 [pool-77-thread-1] INFO  server.RaftServerConfigKeys (ConfUtils.java:logGet(43)) - raft.server.rpcslowness.timeout = 120s (custom)
2019-09-11 05:28:54,240 [pool-77-thread-1] INFO  server.RaftServerConfigKeys (ConfUtils.java:logGet(43)) - raft.server.sleep.deviation.threshold = 300 (default)
2019-09-11 05:28:54,240 [pool-77-thread-1] INFO  server.RaftServerConfigKeys (ConfUtils.java:logGet(43)) - raft.server.log.appender.install.snapshot.enabled = false (custom)
2019-09-11 05:28:54,240 [pool-77-thread-1] INFO  impl.RaftServerImpl (ServerState.java:<init>(103)) - 78dbd0e6-a34a-4054-9e2e-3bf1b76c8205@group-7F379069BC3D: ConfigurationManager, init=-1: [78dbd0e6-a34a-4054-9e2e-3bf1b76c8205:192.168.36.125:36886], old=null, confs=<EMPTY_MAP>
2019-09-11 05:28:54,241 [pool-77-thread-1] INFO  server.RaftServerConfigKeys (ConfUtils.java:logGet(43)) - raft.server.storage.dir = [/workdir/hadoop-ozone/integration-test/target/test-dir/MiniOzoneClusterImpl-712b11b3-5514-48f8-84a2-2435d4ba870b/datanode-5/data/ratis] (custom)
2019-09-11 05:28:54,241 [pool-77-thread-1] INFO  storage.RaftStorageDirectory (RaftStorageDirectory.java:analyzeStorage(246)) - The storage directory /workdir/hadoop-ozone/integration-test/target/test-dir/MiniOzoneClusterImpl-712b11b3-5514-48f8-84a2-2435d4ba870b/datanode-5/data/ratis/10279b26-25e1-4829-8bd9-7f379069bc3d does not exist. Creating ...
2019-09-11 05:28:54,248 [main] INFO  ozone.MiniOzoneClusterImpl (MiniOzoneClusterImpl.java:lambda$waitForClusterToBeReady$0(140)) - Cluster is ready. Got 10 of 10 DN Heartbeats.
2019-09-11 05:28:54,254 [pool-77-thread-1] INFO  storage.RaftStorageDirectory (RaftStorageDirectory.java:tryLock(328)) - Lock on /workdir/hadoop-ozone/integration-test/target/test-dir/MiniOzoneClusterImpl-712b11b3-5514-48f8-84a2-2435d4ba870b/datanode-5/data/ratis/10279b26-25e1-4829-8bd9-7f379069bc3d/in_use.lock acquired by nodename 18442@trunk-nightly-20190911-vpfxm-1000144475
2019-09-11 05:28:54,268 [pool-77-thread-1] INFO  storage.RaftStorage (RaftStorage.java:format(72)) - Storage directory /workdir/hadoop-ozone/integration-test/target/test-dir/MiniOzoneClusterImpl-712b11b3-5514-48f8-84a2-2435d4ba870b/datanode-5/data/ratis/10279b26-25e1-4829-8bd9-7f379069bc3d has been successfully formatted.
2019-09-11 05:28:54,269 [pool-77-thread-1] INFO  ratis.ContainerStateMachine (ContainerStateMachine.java:loadSnapshot(230)) - group-7F379069BC3D: The snapshot info is null. Setting the last applied indexto:(t:0, i:~)
2019-09-11 05:28:54,269 [pool-77-thread-1] INFO  server.RaftServerConfigKeys (ConfUtils.java:logGet(43)) - raft.server.notification.no-leader.timeout = 120s (custom)
2019-09-11 05:28:54,269 [pool-77-thread-1] INFO  server.RaftServerConfigKeys (ConfUtils.java:logGet(43)) - raft.server.log.use.memory = false (default)
2019-09-11 05:28:54,269 [pool-77-thread-1] INFO  server.RaftServerConfigKeys (ConfUtils.java:logGet(43)) - raft.server.log.purge.gap = 1000000 (custom)
2019-09-11 05:28:54,269 [pool-77-thread-1] INFO  server.RaftServerConfigKeys (ConfUtils.java:logGet(43)) - raft.server.log.appender.buffer.byte-limit = 33554432 (custom)
2019-09-11 05:28:54,270 [pool-77-thread-1] INFO  server.RaftServerConfigKeys (ConfUtils.java:logGet(43)) - raft.server.log.segment.size.max = 1048576 (custom)
2019-09-11 05:28:54,270 [pool-77-thread-1] INFO  server.RaftServerConfigKeys (ConfUtils.java:logGet(43)) - raft.server.log.segment.cache.num.max = 2 (custom)
2019-09-11 05:28:54,270 [pool-77-thread-1] INFO  segmented.SegmentedRaftLogWorker (SegmentedRaftLogWorker.java:<init>(172)) - new 78dbd0e6-a34a-4054-9e2e-3bf1b76c8205@group-7F379069BC3D-SegmentedRaftLogWorker for RaftStorage:Storage Directory /workdir/hadoop-ozone/integration-test/target/test-dir/MiniOzoneClusterImpl-712b11b3-5514-48f8-84a2-2435d4ba870b/datanode-5/data/ratis/10279b26-25e1-4829-8bd9-7f379069bc3d
2019-09-11 05:28:54,275 [pool-77-thread-1] INFO  server.RaftServerConfigKeys (ConfUtils.java:logGet(43)) - raft.server.log.queue.byte-limit = 2147483647 (custom)
2019-09-11 05:28:54,275 [pool-77-thread-1] INFO  server.RaftServerConfigKeys (ConfUtils.java:logGet(43)) - raft.server.log.queue.element-limit = 1024 (custom)
2019-09-11 05:28:54,275 [pool-77-thread-1] INFO  server.RaftServerConfigKeys (ConfUtils.java:logGet(43)) - raft.server.log.segment.size.max = 1048576 (custom)
2019-09-11 05:28:54,275 [pool-77-thread-1] INFO  server.RaftServerConfigKeys (ConfUtils.java:logGet(43)) - raft.server.log.preallocated.size = 16384 (custom)
2019-09-11 05:28:54,275 [pool-77-thread-1] INFO  server.RaftServerConfigKeys (ConfUtils.java:logGet(43)) - raft.server.log.write.buffer.size = 33554432 (custom)
2019-09-11 05:28:54,276 [pool-77-thread-1] INFO  server.RaftServerConfigKeys (ConfUtils.java:logGet(43)) - raft.server.log.force.sync.num = 128 (default)
2019-09-11 05:28:54,276 [pool-77-thread-1] INFO  server.RaftServerConfigKeys (ConfUtils.java:logGet(43)) - raft.server.log.statemachine.data.sync = true (default)
2019-09-11 05:28:54,276 [pool-77-thread-1] INFO  server.RaftServerConfigKeys (ConfUtils.java:logGet(43)) - raft.server.log.statemachine.data.sync.timeout = 10s (default)
2019-09-11 05:28:54,276 [pool-77-thread-1] INFO  server.RaftServerConfigKeys (ConfUtils.java:logGet(43)) - raft.server.log.statemachine.data.sync.timeout.retry = -1 (default)
2019-09-11 05:28:54,277 [pool-77-thread-1] INFO  server.RaftServerConfigKeys (ConfUtils.java:logGet(43)) - raft.server.log.statemachine.data.caching.enabled = true (custom)
2019-09-11 05:28:54,277 [pool-77-thread-1] INFO  segmented.SegmentedRaftLogWorker (SegmentedRaftLogWorker.java:lambda$new$0(132)) - 78dbd0e6-a34a-4054-9e2e-3bf1b76c8205@group-7F379069BC3D-SegmentedRaftLogWorker: flushIndex: setUnconditionally 0 -> -1
2019-09-11 05:28:54,277 [pool-77-thread-1] INFO  server.RaftServerConfigKeys (ConfUtils.java:logGet(43)) - raft.server.snapshot.auto.trigger.enabled = true (custom)
2019-09-11 05:28:54,277 [pool-77-thread-1] INFO  server.RaftServerConfigKeys (ConfUtils.java:logGet(43)) - raft.server.snapshot.auto.trigger.threshold = 10000 (custom)
2019-09-11 05:28:54,278 [pool-77-thread-1] INFO  server.RaftServerConfigKeys (ConfUtils.java:logGet(43)) - raft.server.snapshot.retention.num.files = -1 (default)
2019-09-11 05:28:54,278 [pool-77-thread-1] INFO  server.RaftServerConfigKeys (ConfUtils.java:logGet(43)) - raft.server.retrycache.expirytime = 600000ms (custom)
2019-09-11 05:28:54,281 [pool-77-thread-1] INFO  impl.RaftServerImpl (RaftServerImpl.java:start(185)) - 78dbd0e6-a34a-4054-9e2e-3bf1b76c8205@group-7F379069BC3D: start as a follower, conf=-1: [78dbd0e6-a34a-4054-9e2e-3bf1b76c8205:192.168.36.125:36886], old=null
2019-09-11 05:28:54,282 [pool-77-thread-1] INFO  impl.RaftServerImpl (RaftServerImpl.java:setRole(174)) - 78dbd0e6-a34a-4054-9e2e-3bf1b76c8205@group-7F379069BC3D: changes role from      null to FOLLOWER at term 0 for startAsFollower
2019-09-11 05:28:54,282 [pool-77-thread-1] INFO  impl.RoleInfo (RoleInfo.java:updateAndGet(143)) - 78dbd0e6-a34a-4054-9e2e-3bf1b76c8205: start FollowerState
2019-09-11 05:28:54,282 [pool-77-thread-1] INFO  util.JmxRegister (JmxRegister.java:tryRegister(44)) - Successfully registered JMX Bean with object name Ratis:service=RaftServer,group=group-7F379069BC3D,id=78dbd0e6-a34a-4054-9e2e-3bf1b76c8205
2019-09-11 05:28:54,304 [RatisPipelineUtilsThread] INFO  pipeline.PipelineStateManager (PipelineStateManager.java:addPipeline(56)) - Created pipeline Pipeline[ Id: 10279b26-25e1-4829-8bd9-7f379069bc3d, Nodes: 78dbd0e6-a34a-4054-9e2e-3bf1b76c8205{ip: 192.168.36.125, host: trunk-nightly-20190911-vpfxm-1000144475, networkLocation: /default-rack, certSerialId: null}, Type:RATIS, Factor:ONE, State:OPEN]
2019-09-11 05:28:54,326 [grpc-default-executor-0] INFO  impl.RaftServerProxy (RaftServerProxy.java:addNew(89)) - 1085c8a3-fcd4-45c4-be46-c3757d6b46c3: addNew group-7E23FCD7F4C7:[1085c8a3-fcd4-45c4-be46-c3757d6b46c3:192.168.36.125:32899] returns group-7E23FCD7F4C7:java.util.concurrent.CompletableFuture@55a62f27[Not completed]
2019-09-11 05:28:54,331 [pool-57-thread-1] INFO  impl.RaftServerImpl (RaftServerImpl.java:<init>(95)) - 1085c8a3-fcd4-45c4-be46-c3757d6b46c3: new RaftServerImpl for group-7E23FCD7F4C7:[1085c8a3-fcd4-45c4-be46-c3757d6b46c3:192.168.36.125:32899] with ContainerStateMachine:uninitialized
2019-09-11 05:28:54,331 [pool-57-thread-1] INFO  server.RaftServerConfigKeys (ConfUtils.java:logGet(43)) - raft.server.rpc.timeout.min = 1s (custom)
2019-09-11 05:28:54,331 [pool-57-thread-1] INFO  server.RaftServerConfigKeys (ConfUtils.java:logGet(43)) - raft.server.rpc.timeout.max = 1200ms (custom)
2019-09-11 05:28:54,332 [pool-57-thread-1] INFO  server.RaftServerConfigKeys (ConfUtils.java:logGet(43)) - raft.server.rpcslowness.timeout = 120s (custom)
2019-09-11 05:28:54,332 [pool-57-thread-1] INFO  server.RaftServerConfigKeys (ConfUtils.java:logGet(43)) - raft.server.sleep.deviation.threshold = 300 (default)
2019-09-11 05:28:54,332 [pool-57-thread-1] INFO  server.RaftServerConfigKeys (ConfUtils.java:logGet(43)) - raft.server.log.appender.install.snapshot.enabled = false (custom)
2019-09-11 05:28:54,332 [pool-57-thread-1] INFO  impl.RaftServerImpl (ServerState.java:<init>(103)) - 1085c8a3-fcd4-45c4-be46-c3757d6b46c3@group-7E23FCD7F4C7: ConfigurationManager, init=-1: [1085c8a3-fcd4-45c4-be46-c3757d6b46c3:192.168.36.125:32899], old=null, confs=<EMPTY_MAP>
2019-09-11 05:28:54,332 [pool-57-thread-1] INFO  server.RaftServerConfigKeys (ConfUtils.java:logGet(43)) - raft.server.storage.dir = [/workdir/hadoop-ozone/integration-test/target/test-dir/MiniOzoneClusterImpl-712b11b3-5514-48f8-84a2-2435d4ba870b/datanode-3/data/ratis] (custom)
2019-09-11 05:28:54,332 [pool-57-thread-1] INFO  storage.RaftStorageDirectory (RaftStorageDirectory.java:analyzeStorage(246)) - The storage directory /workdir/hadoop-ozone/integration-test/target/test-dir/MiniOzoneClusterImpl-712b11b3-5514-48f8-84a2-2435d4ba870b/datanode-3/data/ratis/50dd5fd5-8df0-4fee-b73b-7e23fcd7f4c7 does not exist. Creating ...
2019-09-11 05:28:54,346 [pool-57-thread-1] INFO  storage.RaftStorageDirectory (RaftStorageDirectory.java:tryLock(328)) - Lock on /workdir/hadoop-ozone/integration-test/target/test-dir/MiniOzoneClusterImpl-712b11b3-5514-48f8-84a2-2435d4ba870b/datanode-3/data/ratis/50dd5fd5-8df0-4fee-b73b-7e23fcd7f4c7/in_use.lock acquired by nodename 18442@trunk-nightly-20190911-vpfxm-1000144475
2019-09-11 05:28:54,359 [pool-57-thread-1] INFO  storage.RaftStorage (RaftStorage.java:format(72)) - Storage directory /workdir/hadoop-ozone/integration-test/target/test-dir/MiniOzoneClusterImpl-712b11b3-5514-48f8-84a2-2435d4ba870b/datanode-3/data/ratis/50dd5fd5-8df0-4fee-b73b-7e23fcd7f4c7 has been successfully formatted.
2019-09-11 05:28:54,360 [pool-57-thread-1] INFO  ratis.ContainerStateMachine (ContainerStateMachine.java:loadSnapshot(230)) - group-7E23FCD7F4C7: The snapshot info is null. Setting the last applied indexto:(t:0, i:~)
2019-09-11 05:28:54,360 [pool-57-thread-1] INFO  server.RaftServerConfigKeys (ConfUtils.java:logGet(43)) - raft.server.notification.no-leader.timeout = 120s (custom)
2019-09-11 05:28:54,360 [pool-57-thread-1] INFO  server.RaftServerConfigKeys (ConfUtils.java:logGet(43)) - raft.server.log.use.memory = false (default)
2019-09-11 05:28:54,360 [pool-57-thread-1] INFO  server.RaftServerConfigKeys (ConfUtils.java:logGet(43)) - raft.server.log.purge.gap = 1000000 (custom)
2019-09-11 05:28:54,361 [pool-57-thread-1] INFO  server.RaftServerConfigKeys (ConfUtils.java:logGet(43)) - raft.server.log.appender.buffer.byte-limit = 33554432 (custom)
2019-09-11 05:28:54,361 [pool-57-thread-1] INFO  server.RaftServerConfigKeys (ConfUtils.java:logGet(43)) - raft.server.log.segment.size.max = 1048576 (custom)
2019-09-11 05:28:54,361 [pool-57-thread-1] INFO  server.RaftServerConfigKeys (ConfUtils.java:logGet(43)) - raft.server.log.segment.cache.num.max = 2 (custom)
2019-09-11 05:28:54,361 [pool-57-thread-1] INFO  segmented.SegmentedRaftLogWorker (SegmentedRaftLogWorker.java:<init>(172)) - new 1085c8a3-fcd4-45c4-be46-c3757d6b46c3@group-7E23FCD7F4C7-SegmentedRaftLogWorker for RaftStorage:Storage Directory /workdir/hadoop-ozone/integration-test/target/test-dir/MiniOzoneClusterImpl-712b11b3-5514-48f8-84a2-2435d4ba870b/datanode-3/data/ratis/50dd5fd5-8df0-4fee-b73b-7e23fcd7f4c7
2019-09-11 05:28:54,365 [pool-57-thread-1] INFO  server.RaftServerConfigKeys (ConfUtils.java:logGet(43)) - raft.server.log.queue.byte-limit = 2147483647 (custom)
2019-09-11 05:28:54,365 [pool-57-thread-1] INFO  server.RaftServerConfigKeys (ConfUtils.java:logGet(43)) - raft.server.log.queue.element-limit = 1024 (custom)
2019-09-11 05:28:54,365 [pool-57-thread-1] INFO  server.RaftServerConfigKeys (ConfUtils.java:logGet(43)) - raft.server.log.segment.size.max = 1048576 (custom)
2019-09-11 05:28:54,365 [pool-57-thread-1] INFO  server.RaftServerConfigKeys (ConfUtils.java:logGet(43)) - raft.server.log.preallocated.size = 16384 (custom)
2019-09-11 05:28:54,366 [pool-57-thread-1] INFO  server.RaftServerConfigKeys (ConfUtils.java:logGet(43)) - raft.server.log.write.buffer.size = 33554432 (custom)
2019-09-11 05:28:54,366 [pool-57-thread-1] INFO  server.RaftServerConfigKeys (ConfUtils.java:logGet(43)) - raft.server.log.force.sync.num = 128 (default)
2019-09-11 05:28:54,366 [pool-57-thread-1] INFO  server.RaftServerConfigKeys (ConfUtils.java:logGet(43)) - raft.server.log.statemachine.data.sync = true (default)
2019-09-11 05:28:54,366 [pool-57-thread-1] INFO  server.RaftServerConfigKeys (ConfUtils.java:logGet(43)) - raft.server.log.statemachine.data.sync.timeout = 10s (default)
2019-09-11 05:28:54,366 [pool-57-thread-1] INFO  server.RaftServerConfigKeys (ConfUtils.java:logGet(43)) - raft.server.log.statemachine.data.sync.timeout.retry = -1 (default)
2019-09-11 05:28:54,367 [pool-57-thread-1] INFO  server.RaftServerConfigKeys (ConfUtils.java:logGet(43)) - raft.server.log.statemachine.data.caching.enabled = true (custom)
2019-09-11 05:28:54,367 [pool-57-thread-1] INFO  segmented.SegmentedRaftLogWorker (SegmentedRaftLogWorker.java:lambda$new$0(132)) - 1085c8a3-fcd4-45c4-be46-c3757d6b46c3@group-7E23FCD7F4C7-SegmentedRaftLogWorker: flushIndex: setUnconditionally 0 -> -1
2019-09-11 05:28:54,368 [pool-57-thread-1] INFO  server.RaftServerConfigKeys (ConfUtils.java:logGet(43)) - raft.server.snapshot.auto.trigger.enabled = true (custom)
2019-09-11 05:28:54,368 [pool-57-thread-1] INFO  server.RaftServerConfigKeys (ConfUtils.java:logGet(43)) - raft.server.snapshot.auto.trigger.threshold = 10000 (custom)
2019-09-11 05:28:54,368 [pool-57-thread-1] INFO  server.RaftServerConfigKeys (ConfUtils.java:logGet(43)) - raft.server.snapshot.retention.num.files = -1 (default)
2019-09-11 05:28:54,368 [pool-57-thread-1] INFO  server.RaftServerConfigKeys (ConfUtils.java:logGet(43)) - raft.server.retrycache.expirytime = 600000ms (custom)
2019-09-11 05:28:54,371 [pool-57-thread-1] INFO  impl.RaftServerImpl (RaftServerImpl.java:start(185)) - 1085c8a3-fcd4-45c4-be46-c3757d6b46c3@group-7E23FCD7F4C7: start as a follower, conf=-1: [1085c8a3-fcd4-45c4-be46-c3757d6b46c3:192.168.36.125:32899], old=null
2019-09-11 05:28:54,372 [pool-57-thread-1] INFO  impl.RaftServerImpl (RaftServerImpl.java:setRole(174)) - 1085c8a3-fcd4-45c4-be46-c3757d6b46c3@group-7E23FCD7F4C7: changes role from      null to FOLLOWER at term 0 for startAsFollower
2019-09-11 05:28:54,372 [pool-57-thread-1] INFO  impl.RoleInfo (RoleInfo.java:updateAndGet(143)) - 1085c8a3-fcd4-45c4-be46-c3757d6b46c3: start FollowerState
2019-09-11 05:28:54,372 [pool-57-thread-1] INFO  util.JmxRegister (JmxRegister.java:tryRegister(44)) - Successfully registered JMX Bean with object name Ratis:service=RaftServer,group=group-7E23FCD7F4C7,id=1085c8a3-fcd4-45c4-be46-c3757d6b46c3
2019-09-11 05:28:54,388 [RatisPipelineUtilsThread] INFO  pipeline.PipelineStateManager (PipelineStateManager.java:addPipeline(56)) - Created pipeline Pipeline[ Id: 50dd5fd5-8df0-4fee-b73b-7e23fcd7f4c7, Nodes: 1085c8a3-fcd4-45c4-be46-c3757d6b46c3{ip: 192.168.36.125, host: trunk-nightly-20190911-vpfxm-1000144475, networkLocation: /default-rack, certSerialId: null}, Type:RATIS, Factor:ONE, State:OPEN]
2019-09-11 05:28:54,408 [grpc-default-executor-0] INFO  impl.RaftServerProxy (RaftServerProxy.java:addNew(89)) - 33471566-8842-41e4-bba3-9cc287622f4a: addNew group-1462A9A3068C:[33471566-8842-41e4-bba3-9cc287622f4a:192.168.36.125:43770] returns group-1462A9A3068C:java.util.concurrent.CompletableFuture@155f9674[Not completed]
2019-09-11 05:28:54,413 [pool-107-thread-1] INFO  impl.RaftServerImpl (RaftServerImpl.java:<init>(95)) - 33471566-8842-41e4-bba3-9cc287622f4a: new RaftServerImpl for group-1462A9A3068C:[33471566-8842-41e4-bba3-9cc287622f4a:192.168.36.125:43770] with ContainerStateMachine:uninitialized
2019-09-11 05:28:54,413 [pool-107-thread-1] INFO  server.RaftServerConfigKeys (ConfUtils.java:logGet(43)) - raft.server.rpc.timeout.min = 1s (custom)
2019-09-11 05:28:54,413 [pool-107-thread-1] INFO  server.RaftServerConfigKeys (ConfUtils.java:logGet(43)) - raft.server.rpc.timeout.max = 1200ms (custom)
2019-09-11 05:28:54,413 [pool-107-thread-1] INFO  server.RaftServerConfigKeys (ConfUtils.java:logGet(43)) - raft.server.rpcslowness.timeout = 120s (custom)
2019-09-11 05:28:54,413 [pool-107-thread-1] INFO  server.RaftServerConfigKeys (ConfUtils.java:logGet(43)) - raft.server.sleep.deviation.threshold = 300 (default)
2019-09-11 05:28:54,413 [pool-107-thread-1] INFO  server.RaftServerConfigKeys (ConfUtils.java:logGet(43)) - raft.server.log.appender.install.snapshot.enabled = false (custom)
2019-09-11 05:28:54,413 [pool-107-thread-1] INFO  impl.RaftServerImpl (ServerState.java:<init>(103)) - 33471566-8842-41e4-bba3-9cc287622f4a@group-1462A9A3068C: ConfigurationManager, init=-1: [33471566-8842-41e4-bba3-9cc287622f4a:192.168.36.125:43770], old=null, confs=<EMPTY_MAP>
2019-09-11 05:28:54,414 [pool-107-thread-1] INFO  server.RaftServerConfigKeys (ConfUtils.java:logGet(43)) - raft.server.storage.dir = [/workdir/hadoop-ozone/integration-test/target/test-dir/MiniOzoneClusterImpl-712b11b3-5514-48f8-84a2-2435d4ba870b/datanode-8/data/ratis] (custom)
2019-09-11 05:28:54,414 [pool-107-thread-1] INFO  storage.RaftStorageDirectory (RaftStorageDirectory.java:analyzeStorage(246)) - The storage directory /workdir/hadoop-ozone/integration-test/target/test-dir/MiniOzoneClusterImpl-712b11b3-5514-48f8-84a2-2435d4ba870b/datanode-8/data/ratis/f0077136-ffde-4afa-a825-1462a9a3068c does not exist. Creating ...
2019-09-11 05:28:54,427 [pool-107-thread-1] INFO  storage.RaftStorageDirectory (RaftStorageDirectory.java:tryLock(328)) - Lock on /workdir/hadoop-ozone/integration-test/target/test-dir/MiniOzoneClusterImpl-712b11b3-5514-48f8-84a2-2435d4ba870b/datanode-8/data/ratis/f0077136-ffde-4afa-a825-1462a9a3068c/in_use.lock acquired by nodename 18442@trunk-nightly-20190911-vpfxm-1000144475
2019-09-11 05:28:54,440 [pool-107-thread-1] INFO  storage.RaftStorage (RaftStorage.java:format(72)) - Storage directory /workdir/hadoop-ozone/integration-test/target/test-dir/MiniOzoneClusterImpl-712b11b3-5514-48f8-84a2-2435d4ba870b/datanode-8/data/ratis/f0077136-ffde-4afa-a825-1462a9a3068c has been successfully formatted.
2019-09-11 05:28:54,440 [pool-107-thread-1] INFO  ratis.ContainerStateMachine (ContainerStateMachine.java:loadSnapshot(230)) - group-1462A9A3068C: The snapshot info is null. Setting the last applied indexto:(t:0, i:~)
2019-09-11 05:28:54,440 [pool-107-thread-1] INFO  server.RaftServerConfigKeys (ConfUtils.java:logGet(43)) - raft.server.notification.no-leader.timeout = 120s (custom)
2019-09-11 05:28:54,440 [pool-107-thread-1] INFO  server.RaftServerConfigKeys (ConfUtils.java:logGet(43)) - raft.server.log.use.memory = false (default)
2019-09-11 05:28:54,440 [pool-107-thread-1] INFO  server.RaftServerConfigKeys (ConfUtils.java:logGet(43)) - raft.server.log.purge.gap = 1000000 (custom)
2019-09-11 05:28:54,441 [pool-107-thread-1] INFO  server.RaftServerConfigKeys (ConfUtils.java:logGet(43)) - raft.server.log.appender.buffer.byte-limit = 33554432 (custom)
2019-09-11 05:28:54,441 [pool-107-thread-1] INFO  server.RaftServerConfigKeys (ConfUtils.java:logGet(43)) - raft.server.log.segment.size.max = 1048576 (custom)
2019-09-11 05:28:54,441 [pool-107-thread-1] INFO  server.RaftServerConfigKeys (ConfUtils.java:logGet(43)) - raft.server.log.segment.cache.num.max = 2 (custom)
2019-09-11 05:28:54,441 [pool-107-thread-1] INFO  segmented.SegmentedRaftLogWorker (SegmentedRaftLogWorker.java:<init>(172)) - new 33471566-8842-41e4-bba3-9cc287622f4a@group-1462A9A3068C-SegmentedRaftLogWorker for RaftStorage:Storage Directory /workdir/hadoop-ozone/integration-test/target/test-dir/MiniOzoneClusterImpl-712b11b3-5514-48f8-84a2-2435d4ba870b/datanode-8/data/ratis/f0077136-ffde-4afa-a825-1462a9a3068c
2019-09-11 05:28:54,443 [pool-107-thread-1] INFO  server.RaftServerConfigKeys (ConfUtils.java:logGet(43)) - raft.server.log.queue.byte-limit = 2147483647 (custom)
2019-09-11 05:28:54,443 [pool-107-thread-1] INFO  server.RaftServerConfigKeys (ConfUtils.java:logGet(43)) - raft.server.log.queue.element-limit = 1024 (custom)
2019-09-11 05:28:54,444 [pool-107-thread-1] INFO  server.RaftServerConfigKeys (ConfUtils.java:logGet(43)) - raft.server.log.segment.size.max = 1048576 (custom)
2019-09-11 05:28:54,444 [pool-107-thread-1] INFO  server.RaftServerConfigKeys (ConfUtils.java:logGet(43)) - raft.server.log.preallocated.size = 16384 (custom)
2019-09-11 05:28:54,444 [pool-107-thread-1] INFO  server.RaftServerConfigKeys (ConfUtils.java:logGet(43)) - raft.server.log.write.buffer.size = 33554432 (custom)
2019-09-11 05:28:54,444 [pool-107-thread-1] INFO  server.RaftServerConfigKeys (ConfUtils.java:logGet(43)) - raft.server.log.force.sync.num = 128 (default)
2019-09-11 05:28:54,444 [pool-107-thread-1] INFO  server.RaftServerConfigKeys (ConfUtils.java:logGet(43)) - raft.server.log.statemachine.data.sync = true (default)
2019-09-11 05:28:54,444 [pool-107-thread-1] INFO  server.RaftServerConfigKeys (ConfUtils.java:logGet(43)) - raft.server.log.statemachine.data.sync.timeout = 10s (default)
2019-09-11 05:28:54,444 [pool-107-thread-1] INFO  server.RaftServerConfigKeys (ConfUtils.java:logGet(43)) - raft.server.log.statemachine.data.sync.timeout.retry = -1 (default)
2019-09-11 05:28:54,444 [pool-107-thread-1] INFO  server.RaftServerConfigKeys (ConfUtils.java:logGet(43)) - raft.server.log.statemachine.data.caching.enabled = true (custom)
2019-09-11 05:28:54,445 [pool-107-thread-1] INFO  segmented.SegmentedRaftLogWorker (SegmentedRaftLogWorker.java:lambda$new$0(132)) - 33471566-8842-41e4-bba3-9cc287622f4a@group-1462A9A3068C-SegmentedRaftLogWorker: flushIndex: setUnconditionally 0 -> -1
2019-09-11 05:28:54,445 [pool-107-thread-1] INFO  server.RaftServerConfigKeys (ConfUtils.java:logGet(43)) - raft.server.snapshot.auto.trigger.enabled = true (custom)
2019-09-11 05:28:54,445 [pool-107-thread-1] INFO  server.RaftServerConfigKeys (ConfUtils.java:logGet(43)) - raft.server.snapshot.auto.trigger.threshold = 10000 (custom)
2019-09-11 05:28:54,445 [pool-107-thread-1] INFO  server.RaftServerConfigKeys (ConfUtils.java:logGet(43)) - raft.server.snapshot.retention.num.files = -1 (default)
2019-09-11 05:28:54,445 [pool-107-thread-1] INFO  server.RaftServerConfigKeys (ConfUtils.java:logGet(43)) - raft.server.retrycache.expirytime = 600000ms (custom)
2019-09-11 05:28:54,446 [Thread-285] INFO  impl.FollowerState (FollowerState.java:run(106)) - cf454e7e-23b5-43a4-8b5d-d83390319e33:group-102DA19485F7 changes to CANDIDATE, lastRpcTime:1038, electionTimeout:1037ms
2019-09-11 05:28:54,447 [pool-107-thread-1] INFO  impl.RaftServerImpl (RaftServerImpl.java:start(185)) - 33471566-8842-41e4-bba3-9cc287622f4a@group-1462A9A3068C: start as a follower, conf=-1: [33471566-8842-41e4-bba3-9cc287622f4a:192.168.36.125:43770], old=null
2019-09-11 05:28:54,447 [pool-107-thread-1] INFO  impl.RaftServerImpl (RaftServerImpl.java:setRole(174)) - 33471566-8842-41e4-bba3-9cc287622f4a@group-1462A9A3068C: changes role from      null to FOLLOWER at term 0 for startAsFollower
2019-09-11 05:28:54,448 [pool-107-thread-1] INFO  impl.RoleInfo (RoleInfo.java:updateAndGet(143)) - 33471566-8842-41e4-bba3-9cc287622f4a: start FollowerState
2019-09-11 05:28:54,448 [pool-107-thread-1] INFO  util.JmxRegister (JmxRegister.java:tryRegister(44)) - Successfully registered JMX Bean with object name Ratis:service=RaftServer,group=group-1462A9A3068C,id=33471566-8842-41e4-bba3-9cc287622f4a
2019-09-11 05:28:54,448 [Thread-285] INFO  impl.RoleInfo (RoleInfo.java:shutdownFollowerState(121)) - cf454e7e-23b5-43a4-8b5d-d83390319e33: shutdown FollowerState
2019-09-11 05:28:54,449 [Thread-285] INFO  impl.RaftServerImpl (RaftServerImpl.java:setRole(174)) - cf454e7e-23b5-43a4-8b5d-d83390319e33@group-102DA19485F7: changes role from  FOLLOWER to CANDIDATE at term 0 for changeToCandidate
2019-09-11 05:28:54,469 [Thread-285] INFO  impl.RoleInfo (RoleInfo.java:updateAndGet(143)) - cf454e7e-23b5-43a4-8b5d-d83390319e33: start LeaderElection
2019-09-11 05:28:54,470 [RatisPipelineUtilsThread] INFO  pipeline.PipelineStateManager (PipelineStateManager.java:addPipeline(56)) - Created pipeline Pipeline[ Id: f0077136-ffde-4afa-a825-1462a9a3068c, Nodes: 33471566-8842-41e4-bba3-9cc287622f4a{ip: 192.168.36.125, host: trunk-nightly-20190911-vpfxm-1000144475, networkLocation: /default-rack, certSerialId: null}, Type:RATIS, Factor:ONE, State:OPEN]
2019-09-11 05:28:54,501 [cf454e7e-23b5-43a4-8b5d-d83390319e33@group-102DA19485F7:LeaderElection1] INFO  impl.LeaderElection (LeaderElection.java:askForVotes(182)) - cf454e7e-23b5-43a4-8b5d-d83390319e33@group-102DA19485F7:LeaderElection1: begin an election at term 1 for -1: [cf454e7e-23b5-43a4-8b5d-d83390319e33:192.168.36.125:43699], old=null
2019-09-11 05:28:54,503 [cf454e7e-23b5-43a4-8b5d-d83390319e33@group-102DA19485F7:LeaderElection1] INFO  impl.RoleInfo (RoleInfo.java:shutdownLeaderElection(134)) - cf454e7e-23b5-43a4-8b5d-d83390319e33: shutdown LeaderElection
2019-09-11 05:28:54,504 [cf454e7e-23b5-43a4-8b5d-d83390319e33@group-102DA19485F7:LeaderElection1] INFO  impl.RaftServerImpl (RaftServerImpl.java:setRole(174)) - cf454e7e-23b5-43a4-8b5d-d83390319e33@group-102DA19485F7: changes role from CANDIDATE to LEADER at term 1 for changeToLeader
2019-09-11 05:28:54,504 [cf454e7e-23b5-43a4-8b5d-d83390319e33@group-102DA19485F7:LeaderElection1] INFO  impl.RaftServerImpl (ServerState.java:setLeader(253)) - cf454e7e-23b5-43a4-8b5d-d83390319e33@group-102DA19485F7: change Leader from null to cf454e7e-23b5-43a4-8b5d-d83390319e33 at term 1 for becomeLeader, leader elected after 1234ms
2019-09-11 05:28:54,514 [grpc-default-executor-0] INFO  impl.RaftServerProxy (RaftServerProxy.java:addNew(89)) - 15f0fda7-63f5-4fb9-b135-cfff0550ebde: addNew group-86A12C1C3F90:[15f0fda7-63f5-4fb9-b135-cfff0550ebde:192.168.36.125:35883] returns group-86A12C1C3F90:java.util.concurrent.CompletableFuture@15527b65[Not completed]
2019-09-11 05:28:54,531 [cf454e7e-23b5-43a4-8b5d-d83390319e33@group-102DA19485F7:LeaderElection1] INFO  server.RaftServerConfigKeys (ConfUtils.java:logGet(43)) - raft.server.staging.catchup.gap = 1000 (default)
2019-09-11 05:28:54,531 [pool-87-thread-1] INFO  impl.RaftServerImpl (RaftServerImpl.java:<init>(95)) - 15f0fda7-63f5-4fb9-b135-cfff0550ebde: new RaftServerImpl for group-86A12C1C3F90:[15f0fda7-63f5-4fb9-b135-cfff0550ebde:192.168.36.125:35883] with ContainerStateMachine:uninitialized
2019-09-11 05:28:54,531 [cf454e7e-23b5-43a4-8b5d-d83390319e33@group-102DA19485F7:LeaderElection1] INFO  server.RaftServerConfigKeys (ConfUtils.java:logGet(43)) - raft.server.rpc.sleep.time = 25ms (default)
2019-09-11 05:28:54,532 [pool-87-thread-1] INFO  server.RaftServerConfigKeys (ConfUtils.java:logGet(43)) - raft.server.rpc.timeout.min = 1s (custom)
2019-09-11 05:28:54,532 [pool-87-thread-1] INFO  server.RaftServerConfigKeys (ConfUtils.java:logGet(43)) - raft.server.rpc.timeout.max = 1200ms (custom)
2019-09-11 05:28:54,532 [pool-87-thread-1] INFO  server.RaftServerConfigKeys (ConfUtils.java:logGet(43)) - raft.server.rpcslowness.timeout = 120s (custom)
2019-09-11 05:28:54,532 [pool-87-thread-1] INFO  server.RaftServerConfigKeys (ConfUtils.java:logGet(43)) - raft.server.sleep.deviation.threshold = 300 (default)
2019-09-11 05:28:54,532 [pool-87-thread-1] INFO  server.RaftServerConfigKeys (ConfUtils.java:logGet(43)) - raft.server.log.appender.install.snapshot.enabled = false (custom)
2019-09-11 05:28:54,533 [pool-87-thread-1] INFO  impl.RaftServerImpl (ServerState.java:<init>(103)) - 15f0fda7-63f5-4fb9-b135-cfff0550ebde@group-86A12C1C3F90: ConfigurationManager, init=-1: [15f0fda7-63f5-4fb9-b135-cfff0550ebde:192.168.36.125:35883], old=null, confs=<EMPTY_MAP>
2019-09-11 05:28:54,533 [pool-87-thread-1] INFO  server.RaftServerConfigKeys (ConfUtils.java:logGet(43)) - raft.server.storage.dir = [/workdir/hadoop-ozone/integration-test/target/test-dir/MiniOzoneClusterImpl-712b11b3-5514-48f8-84a2-2435d4ba870b/datanode-6/data/ratis] (custom)
2019-09-11 05:28:54,533 [pool-87-thread-1] INFO  storage.RaftStorageDirectory (RaftStorageDirectory.java:analyzeStorage(246)) - The storage directory /workdir/hadoop-ozone/integration-test/target/test-dir/MiniOzoneClusterImpl-712b11b3-5514-48f8-84a2-2435d4ba870b/datanode-6/data/ratis/c30543bb-b31a-45fa-86e8-86a12c1c3f90 does not exist. Creating ...
2019-09-11 05:28:54,535 [cf454e7e-23b5-43a4-8b5d-d83390319e33@group-102DA19485F7:LeaderElection1] INFO  server.RaftServerConfigKeys (ConfUtils.java:logGet(43)) - raft.server.write.element-limit = 4096 (default)
2019-09-11 05:28:54,540 [cf454e7e-23b5-43a4-8b5d-d83390319e33@group-102DA19485F7:LeaderElection1] INFO  server.RaftServerConfigKeys (ConfUtils.java:logGet(43)) - raft.server.watch.timeout = 10s (default)
2019-09-11 05:28:54,541 [cf454e7e-23b5-43a4-8b5d-d83390319e33@group-102DA19485F7:LeaderElection1] INFO  server.RaftServerConfigKeys (ConfUtils.java:logGet(43)) - raft.server.watch.timeout.denomination = 1s (default)
2019-09-11 05:28:54,542 [cf454e7e-23b5-43a4-8b5d-d83390319e33@group-102DA19485F7:LeaderElection1] INFO  server.RaftServerConfigKeys (ConfUtils.java:logGet(43)) - raft.server.watch.element-limit = 65536 (default)
2019-09-11 05:28:54,546 [pool-87-thread-1] INFO  storage.RaftStorageDirectory (RaftStorageDirectory.java:tryLock(328)) - Lock on /workdir/hadoop-ozone/integration-test/target/test-dir/MiniOzoneClusterImpl-712b11b3-5514-48f8-84a2-2435d4ba870b/datanode-6/data/ratis/c30543bb-b31a-45fa-86e8-86a12c1c3f90/in_use.lock acquired by nodename 18442@trunk-nightly-20190911-vpfxm-1000144475
2019-09-11 05:28:54,557 [cf454e7e-23b5-43a4-8b5d-d83390319e33@group-102DA19485F7:LeaderElection1] INFO  impl.RoleInfo (RoleInfo.java:updateAndGet(143)) - cf454e7e-23b5-43a4-8b5d-d83390319e33: start LeaderState
2019-09-11 05:28:54,560 [pool-87-thread-1] INFO  storage.RaftStorage (RaftStorage.java:format(72)) - Storage directory /workdir/hadoop-ozone/integration-test/target/test-dir/MiniOzoneClusterImpl-712b11b3-5514-48f8-84a2-2435d4ba870b/datanode-6/data/ratis/c30543bb-b31a-45fa-86e8-86a12c1c3f90 has been successfully formatted.
2019-09-11 05:28:54,560 [pool-87-thread-1] INFO  ratis.ContainerStateMachine (ContainerStateMachine.java:loadSnapshot(230)) - group-86A12C1C3F90: The snapshot info is null. Setting the last applied indexto:(t:0, i:~)
2019-09-11 05:28:54,560 [pool-87-thread-1] INFO  server.RaftServerConfigKeys (ConfUtils.java:logGet(43)) - raft.server.notification.no-leader.timeout = 120s (custom)
2019-09-11 05:28:54,561 [pool-87-thread-1] INFO  server.RaftServerConfigKeys (ConfUtils.java:logGet(43)) - raft.server.log.use.memory = false (default)
2019-09-11 05:28:54,561 [pool-87-thread-1] INFO  server.RaftServerConfigKeys (ConfUtils.java:logGet(43)) - raft.server.log.purge.gap = 1000000 (custom)
2019-09-11 05:28:54,561 [pool-87-thread-1] INFO  server.RaftServerConfigKeys (ConfUtils.java:logGet(43)) - raft.server.log.appender.buffer.byte-limit = 33554432 (custom)
2019-09-11 05:28:54,561 [pool-87-thread-1] INFO  server.RaftServerConfigKeys (ConfUtils.java:logGet(43)) - raft.server.log.segment.size.max = 1048576 (custom)
2019-09-11 05:28:54,561 [pool-87-thread-1] INFO  server.RaftServerConfigKeys (ConfUtils.java:logGet(43)) - raft.server.log.segment.cache.num.max = 2 (custom)
2019-09-11 05:28:54,562 [pool-87-thread-1] INFO  segmented.SegmentedRaftLogWorker (SegmentedRaftLogWorker.java:<init>(172)) - new 15f0fda7-63f5-4fb9-b135-cfff0550ebde@group-86A12C1C3F90-SegmentedRaftLogWorker for RaftStorage:Storage Directory /workdir/hadoop-ozone/integration-test/target/test-dir/MiniOzoneClusterImpl-712b11b3-5514-48f8-84a2-2435d4ba870b/datanode-6/data/ratis/c30543bb-b31a-45fa-86e8-86a12c1c3f90
2019-09-11 05:28:54,565 [pool-87-thread-1] INFO  server.RaftServerConfigKeys (ConfUtils.java:logGet(43)) - raft.server.log.queue.byte-limit = 2147483647 (custom)
2019-09-11 05:28:54,565 [pool-87-thread-1] INFO  server.RaftServerConfigKeys (ConfUtils.java:logGet(43)) - raft.server.log.queue.element-limit = 1024 (custom)
2019-09-11 05:28:54,565 [pool-87-thread-1] INFO  server.RaftServerConfigKeys (ConfUtils.java:logGet(43)) - raft.server.log.segment.size.max = 1048576 (custom)
2019-09-11 05:28:54,565 [pool-87-thread-1] INFO  server.RaftServerConfigKeys (ConfUtils.java:logGet(43)) - raft.server.log.preallocated.size = 16384 (custom)
2019-09-11 05:28:54,565 [pool-87-thread-1] INFO  server.RaftServerConfigKeys (ConfUtils.java:logGet(43)) - raft.server.log.write.buffer.size = 33554432 (custom)
2019-09-11 05:28:54,566 [pool-87-thread-1] INFO  server.RaftServerConfigKeys (ConfUtils.java:logGet(43)) - raft.server.log.force.sync.num = 128 (default)
2019-09-11 05:28:54,566 [pool-87-thread-1] INFO  server.RaftServerConfigKeys (ConfUtils.java:logGet(43)) - raft.server.log.statemachine.data.sync = true (default)
2019-09-11 05:28:54,566 [pool-87-thread-1] INFO  server.RaftServerConfigKeys (ConfUtils.java:logGet(43)) - raft.server.log.statemachine.data.sync.timeout = 10s (default)
2019-09-11 05:28:54,566 [pool-87-thread-1] INFO  server.RaftServerConfigKeys (ConfUtils.java:logGet(43)) - raft.server.log.statemachine.data.sync.timeout.retry = -1 (default)
2019-09-11 05:28:54,566 [pool-87-thread-1] INFO  server.RaftServerConfigKeys (ConfUtils.java:logGet(43)) - raft.server.log.statemachine.data.caching.enabled = true (custom)
2019-09-11 05:28:54,567 [pool-87-thread-1] INFO  segmented.SegmentedRaftLogWorker (SegmentedRaftLogWorker.java:lambda$new$0(132)) - 15f0fda7-63f5-4fb9-b135-cfff0550ebde@group-86A12C1C3F90-SegmentedRaftLogWorker: flushIndex: setUnconditionally 0 -> -1
2019-09-11 05:28:54,567 [pool-87-thread-1] INFO  server.RaftServerConfigKeys (ConfUtils.java:logGet(43)) - raft.server.snapshot.auto.trigger.enabled = true (custom)
2019-09-11 05:28:54,567 [pool-87-thread-1] INFO  server.RaftServerConfigKeys (ConfUtils.java:logGet(43)) - raft.server.snapshot.auto.trigger.threshold = 10000 (custom)
2019-09-11 05:28:54,568 [pool-87-thread-1] INFO  server.RaftServerConfigKeys (ConfUtils.java:logGet(43)) - raft.server.snapshot.retention.num.files = -1 (default)
2019-09-11 05:28:54,568 [pool-87-thread-1] INFO  server.RaftServerConfigKeys (ConfUtils.java:logGet(43)) - raft.server.retrycache.expirytime = 600000ms (custom)
2019-09-11 05:28:54,571 [pool-87-thread-1] INFO  impl.RaftServerImpl (RaftServerImpl.java:start(185)) - 15f0fda7-63f5-4fb9-b135-cfff0550ebde@group-86A12C1C3F90: start as a follower, conf=-1: [15f0fda7-63f5-4fb9-b135-cfff0550ebde:192.168.36.125:35883], old=null
2019-09-11 05:28:54,571 [pool-87-thread-1] INFO  impl.RaftServerImpl (RaftServerImpl.java:setRole(174)) - 15f0fda7-63f5-4fb9-b135-cfff0550ebde@group-86A12C1C3F90: changes role from      null to FOLLOWER at term 0 for startAsFollower
2019-09-11 05:28:54,571 [pool-87-thread-1] INFO  impl.RoleInfo (RoleInfo.java:updateAndGet(143)) - 15f0fda7-63f5-4fb9-b135-cfff0550ebde: start FollowerState
2019-09-11 05:28:54,571 [pool-87-thread-1] INFO  util.JmxRegister (JmxRegister.java:tryRegister(44)) - Successfully registered JMX Bean with object name Ratis:service=RaftServer,group=group-86A12C1C3F90,id=15f0fda7-63f5-4fb9-b135-cfff0550ebde
2019-09-11 05:28:54,589 [RatisPipelineUtilsThread] INFO  pipeline.PipelineStateManager (PipelineStateManager.java:addPipeline(56)) - Created pipeline Pipeline[ Id: c30543bb-b31a-45fa-86e8-86a12c1c3f90, Nodes: 15f0fda7-63f5-4fb9-b135-cfff0550ebde{ip: 192.168.36.125, host: trunk-nightly-20190911-vpfxm-1000144475, networkLocation: /default-rack, certSerialId: null}, Type:RATIS, Factor:ONE, State:OPEN]
2019-09-11 05:28:54,591 [cf454e7e-23b5-43a4-8b5d-d83390319e33@group-102DA19485F7:LeaderElection1] INFO  segmented.SegmentedRaftLogWorker (SegmentedRaftLogWorker.java:startLogSegment(380)) - cf454e7e-23b5-43a4-8b5d-d83390319e33@group-102DA19485F7-SegmentedRaftLogWorker: Starting segment from index:0
2019-09-11 05:28:54,632 [grpc-default-executor-0] INFO  impl.RaftServerProxy (RaftServerProxy.java:addNew(89)) - b5c94862-e767-4e3a-a577-422bae381862: addNew group-DBCF7A494882:[b5c94862-e767-4e3a-a577-422bae381862:192.168.36.125:46265, fa5ee157-3b80-4774-adcc-f01234ebded8:192.168.36.125:42082, 4923db37-afc5-4a4b-9e0e-3e0e64c6efbc:192.168.36.125:35475] returns group-DBCF7A494882:java.util.concurrent.CompletableFuture@14ac6044[Not completed]
2019-09-11 05:28:54,632 [grpc-default-executor-2] INFO  impl.RaftServerProxy (RaftServerProxy.java:addNew(89)) - fa5ee157-3b80-4774-adcc-f01234ebded8: addNew group-DBCF7A494882:[b5c94862-e767-4e3a-a577-422bae381862:192.168.36.125:46265, fa5ee157-3b80-4774-adcc-f01234ebded8:192.168.36.125:42082, 4923db37-afc5-4a4b-9e0e-3e0e64c6efbc:192.168.36.125:35475] returns group-DBCF7A494882:java.util.concurrent.CompletableFuture@3c517ee4[Not completed]
2019-09-11 05:28:54,632 [grpc-default-executor-3] INFO  impl.RaftServerProxy (RaftServerProxy.java:addNew(89)) - 4923db37-afc5-4a4b-9e0e-3e0e64c6efbc: addNew group-DBCF7A494882:[b5c94862-e767-4e3a-a577-422bae381862:192.168.36.125:46265, fa5ee157-3b80-4774-adcc-f01234ebded8:192.168.36.125:42082, 4923db37-afc5-4a4b-9e0e-3e0e64c6efbc:192.168.36.125:35475] returns group-DBCF7A494882:java.util.concurrent.CompletableFuture@11f85292[Not completed]
2019-09-11 05:28:54,633 [cf454e7e-23b5-43a4-8b5d-d83390319e33@group-102DA19485F7:LeaderElection1] INFO  impl.RaftServerImpl (ServerState.java:setRaftConf(354)) - cf454e7e-23b5-43a4-8b5d-d83390319e33@group-102DA19485F7: set configuration 0: [cf454e7e-23b5-43a4-8b5d-d83390319e33:192.168.36.125:43699], old=null at 0
2019-09-11 05:28:54,636 [pool-67-thread-1] INFO  impl.RaftServerImpl (RaftServerImpl.java:<init>(95)) - b5c94862-e767-4e3a-a577-422bae381862: new RaftServerImpl for group-DBCF7A494882:[b5c94862-e767-4e3a-a577-422bae381862:192.168.36.125:46265, fa5ee157-3b80-4774-adcc-f01234ebded8:192.168.36.125:42082, 4923db37-afc5-4a4b-9e0e-3e0e64c6efbc:192.168.36.125:35475] with ContainerStateMachine:uninitialized
2019-09-11 05:28:54,636 [pool-67-thread-1] INFO  server.RaftServerConfigKeys (ConfUtils.java:logGet(43)) - raft.server.rpc.timeout.min = 1s (custom)
2019-09-11 05:28:54,637 [pool-67-thread-1] INFO  server.RaftServerConfigKeys (ConfUtils.java:logGet(43)) - raft.server.rpc.timeout.max = 1200ms (custom)
2019-09-11 05:28:54,637 [pool-67-thread-1] INFO  server.RaftServerConfigKeys (ConfUtils.java:logGet(43)) - raft.server.rpcslowness.timeout = 120s (custom)
2019-09-11 05:28:54,637 [pool-67-thread-1] INFO  server.RaftServerConfigKeys (ConfUtils.java:logGet(43)) - raft.server.sleep.deviation.threshold = 300 (default)
2019-09-11 05:28:54,637 [pool-67-thread-1] INFO  server.RaftServerConfigKeys (ConfUtils.java:logGet(43)) - raft.server.log.appender.install.snapshot.enabled = false (custom)
2019-09-11 05:28:54,637 [pool-47-thread-1] INFO  impl.RaftServerImpl (RaftServerImpl.java:<init>(95)) - fa5ee157-3b80-4774-adcc-f01234ebded8: new RaftServerImpl for group-DBCF7A494882:[b5c94862-e767-4e3a-a577-422bae381862:192.168.36.125:46265, fa5ee157-3b80-4774-adcc-f01234ebded8:192.168.36.125:42082, 4923db37-afc5-4a4b-9e0e-3e0e64c6efbc:192.168.36.125:35475] with ContainerStateMachine:uninitialized
2019-09-11 05:28:54,637 [pool-67-thread-1] INFO  impl.RaftServerImpl (ServerState.java:<init>(103)) - b5c94862-e767-4e3a-a577-422bae381862@group-DBCF7A494882: ConfigurationManager, init=-1: [b5c94862-e767-4e3a-a577-422bae381862:192.168.36.125:46265, fa5ee157-3b80-4774-adcc-f01234ebded8:192.168.36.125:42082, 4923db37-afc5-4a4b-9e0e-3e0e64c6efbc:192.168.36.125:35475], old=null, confs=<EMPTY_MAP>
2019-09-11 05:28:54,637 [pool-47-thread-1] INFO  server.RaftServerConfigKeys (ConfUtils.java:logGet(43)) - raft.server.rpc.timeout.min = 1s (custom)
2019-09-11 05:28:54,638 [pool-67-thread-1] INFO  server.RaftServerConfigKeys (ConfUtils.java:logGet(43)) - raft.server.storage.dir = [/workdir/hadoop-ozone/integration-test/target/test-dir/MiniOzoneClusterImpl-712b11b3-5514-48f8-84a2-2435d4ba870b/datanode-4/data/ratis] (custom)
2019-09-11 05:28:54,638 [pool-47-thread-1] INFO  server.RaftServerConfigKeys (ConfUtils.java:logGet(43)) - raft.server.rpc.timeout.max = 1200ms (custom)
2019-09-11 05:28:54,638 [pool-47-thread-1] INFO  server.RaftServerConfigKeys (ConfUtils.java:logGet(43)) - raft.server.rpcslowness.timeout = 120s (custom)
2019-09-11 05:28:54,638 [pool-117-thread-1] INFO  impl.RaftServerImpl (RaftServerImpl.java:<init>(95)) - 4923db37-afc5-4a4b-9e0e-3e0e64c6efbc: new RaftServerImpl for group-DBCF7A494882:[b5c94862-e767-4e3a-a577-422bae381862:192.168.36.125:46265, fa5ee157-3b80-4774-adcc-f01234ebded8:192.168.36.125:42082, 4923db37-afc5-4a4b-9e0e-3e0e64c6efbc:192.168.36.125:35475] with ContainerStateMachine:uninitialized
2019-09-11 05:28:54,638 [pool-67-thread-1] INFO  storage.RaftStorageDirectory (RaftStorageDirectory.java:analyzeStorage(246)) - The storage directory /workdir/hadoop-ozone/integration-test/target/test-dir/MiniOzoneClusterImpl-712b11b3-5514-48f8-84a2-2435d4ba870b/datanode-4/data/ratis/6722f481-4fb1-4cfa-9877-dbcf7a494882 does not exist. Creating ...
2019-09-11 05:28:54,638 [pool-47-thread-1] INFO  server.RaftServerConfigKeys (ConfUtils.java:logGet(43)) - raft.server.sleep.deviation.threshold = 300 (default)
2019-09-11 05:28:54,638 [pool-117-thread-1] INFO  server.RaftServerConfigKeys (ConfUtils.java:logGet(43)) - raft.server.rpc.timeout.min = 1s (custom)
2019-09-11 05:28:54,639 [pool-47-thread-1] INFO  server.RaftServerConfigKeys (ConfUtils.java:logGet(43)) - raft.server.log.appender.install.snapshot.enabled = false (custom)
2019-09-11 05:28:54,639 [pool-117-thread-1] INFO  server.RaftServerConfigKeys (ConfUtils.java:logGet(43)) - raft.server.rpc.timeout.max = 1200ms (custom)
2019-09-11 05:28:54,639 [pool-47-thread-1] INFO  impl.RaftServerImpl (ServerState.java:<init>(103)) - fa5ee157-3b80-4774-adcc-f01234ebded8@group-DBCF7A494882: ConfigurationManager, init=-1: [b5c94862-e767-4e3a-a577-422bae381862:192.168.36.125:46265, fa5ee157-3b80-4774-adcc-f01234ebded8:192.168.36.125:42082, 4923db37-afc5-4a4b-9e0e-3e0e64c6efbc:192.168.36.125:35475], old=null, confs=<EMPTY_MAP>
2019-09-11 05:28:54,639 [pool-117-thread-1] INFO  server.RaftServerConfigKeys (ConfUtils.java:logGet(43)) - raft.server.rpcslowness.timeout = 120s (custom)
2019-09-11 05:28:54,639 [pool-117-thread-1] INFO  server.RaftServerConfigKeys (ConfUtils.java:logGet(43)) - raft.server.sleep.deviation.threshold = 300 (default)
2019-09-11 05:28:54,639 [pool-47-thread-1] INFO  server.RaftServerConfigKeys (ConfUtils.java:logGet(43)) - raft.server.storage.dir = [/workdir/hadoop-ozone/integration-test/target/test-dir/MiniOzoneClusterImpl-712b11b3-5514-48f8-84a2-2435d4ba870b/datanode-2/data/ratis] (custom)
2019-09-11 05:28:54,639 [pool-117-thread-1] INFO  server.RaftServerConfigKeys (ConfUtils.java:logGet(43)) - raft.server.log.appender.install.snapshot.enabled = false (custom)
2019-09-11 05:28:54,640 [pool-117-thread-1] INFO  impl.RaftServerImpl (ServerState.java:<init>(103)) - 4923db37-afc5-4a4b-9e0e-3e0e64c6efbc@group-DBCF7A494882: ConfigurationManager, init=-1: [b5c94862-e767-4e3a-a577-422bae381862:192.168.36.125:46265, fa5ee157-3b80-4774-adcc-f01234ebded8:192.168.36.125:42082, 4923db37-afc5-4a4b-9e0e-3e0e64c6efbc:192.168.36.125:35475], old=null, confs=<EMPTY_MAP>
2019-09-11 05:28:54,640 [pool-117-thread-1] INFO  server.RaftServerConfigKeys (ConfUtils.java:logGet(43)) - raft.server.storage.dir = [/workdir/hadoop-ozone/integration-test/target/test-dir/MiniOzoneClusterImpl-712b11b3-5514-48f8-84a2-2435d4ba870b/datanode-9/data/ratis] (custom)
2019-09-11 05:28:54,640 [pool-47-thread-1] INFO  storage.RaftStorageDirectory (RaftStorageDirectory.java:analyzeStorage(246)) - The storage directory /workdir/hadoop-ozone/integration-test/target/test-dir/MiniOzoneClusterImpl-712b11b3-5514-48f8-84a2-2435d4ba870b/datanode-2/data/ratis/6722f481-4fb1-4cfa-9877-dbcf7a494882 does not exist. Creating ...
2019-09-11 05:28:54,640 [pool-117-thread-1] INFO  storage.RaftStorageDirectory (RaftStorageDirectory.java:analyzeStorage(246)) - The storage directory /workdir/hadoop-ozone/integration-test/target/test-dir/MiniOzoneClusterImpl-712b11b3-5514-48f8-84a2-2435d4ba870b/datanode-9/data/ratis/6722f481-4fb1-4cfa-9877-dbcf7a494882 does not exist. Creating ...
2019-09-11 05:28:54,651 [Thread-288] INFO  impl.FollowerState (FollowerState.java:run(106)) - fa5ee157-3b80-4774-adcc-f01234ebded8:group-112C0410BBC9 changes to CANDIDATE, lastRpcTime:1012, electionTimeout:1010ms
2019-09-11 05:28:54,659 [Thread-288] INFO  impl.RoleInfo (RoleInfo.java:shutdownFollowerState(121)) - fa5ee157-3b80-4774-adcc-f01234ebded8: shutdown FollowerState
2019-09-11 05:28:54,659 [Thread-288] INFO  impl.RaftServerImpl (RaftServerImpl.java:setRole(174)) - fa5ee157-3b80-4774-adcc-f01234ebded8@group-112C0410BBC9: changes role from  FOLLOWER to CANDIDATE at term 0 for changeToCandidate
2019-09-11 05:28:54,659 [Thread-288] INFO  impl.RoleInfo (RoleInfo.java:updateAndGet(143)) - fa5ee157-3b80-4774-adcc-f01234ebded8: start LeaderElection
2019-09-11 05:28:54,659 [pool-117-thread-1] INFO  storage.RaftStorageDirectory (RaftStorageDirectory.java:tryLock(328)) - Lock on /workdir/hadoop-ozone/integration-test/target/test-dir/MiniOzoneClusterImpl-712b11b3-5514-48f8-84a2-2435d4ba870b/datanode-9/data/ratis/6722f481-4fb1-4cfa-9877-dbcf7a494882/in_use.lock acquired by nodename 18442@trunk-nightly-20190911-vpfxm-1000144475
2019-09-11 05:28:54,659 [pool-67-thread-1] INFO  storage.RaftStorageDirectory (RaftStorageDirectory.java:tryLock(328)) - Lock on /workdir/hadoop-ozone/integration-test/target/test-dir/MiniOzoneClusterImpl-712b11b3-5514-48f8-84a2-2435d4ba870b/datanode-4/data/ratis/6722f481-4fb1-4cfa-9877-dbcf7a494882/in_use.lock acquired by nodename 18442@trunk-nightly-20190911-vpfxm-1000144475
2019-09-11 05:28:54,662 [pool-47-thread-1] INFO  storage.RaftStorageDirectory (RaftStorageDirectory.java:tryLock(328)) - Lock on /workdir/hadoop-ozone/integration-test/target/test-dir/MiniOzoneClusterImpl-712b11b3-5514-48f8-84a2-2435d4ba870b/datanode-2/data/ratis/6722f481-4fb1-4cfa-9877-dbcf7a494882/in_use.lock acquired by nodename 18442@trunk-nightly-20190911-vpfxm-1000144475
2019-09-11 05:28:54,678 [pool-117-thread-1] INFO  storage.RaftStorage (RaftStorage.java:format(72)) - Storage directory /workdir/hadoop-ozone/integration-test/target/test-dir/MiniOzoneClusterImpl-712b11b3-5514-48f8-84a2-2435d4ba870b/datanode-9/data/ratis/6722f481-4fb1-4cfa-9877-dbcf7a494882 has been successfully formatted.
2019-09-11 05:28:54,678 [fa5ee157-3b80-4774-adcc-f01234ebded8@group-112C0410BBC9:LeaderElection2] INFO  impl.LeaderElection (LeaderElection.java:askForVotes(182)) - fa5ee157-3b80-4774-adcc-f01234ebded8@group-112C0410BBC9:LeaderElection2: begin an election at term 1 for -1: [fa5ee157-3b80-4774-adcc-f01234ebded8:192.168.36.125:42082], old=null
2019-09-11 05:28:54,678 [pool-67-thread-1] INFO  storage.RaftStorage (RaftStorage.java:format(72)) - Storage directory /workdir/hadoop-ozone/integration-test/target/test-dir/MiniOzoneClusterImpl-712b11b3-5514-48f8-84a2-2435d4ba870b/datanode-4/data/ratis/6722f481-4fb1-4cfa-9877-dbcf7a494882 has been successfully formatted.
2019-09-11 05:28:54,678 [pool-47-thread-1] INFO  storage.RaftStorage (RaftStorage.java:format(72)) - Storage directory /workdir/hadoop-ozone/integration-test/target/test-dir/MiniOzoneClusterImpl-712b11b3-5514-48f8-84a2-2435d4ba870b/datanode-2/data/ratis/6722f481-4fb1-4cfa-9877-dbcf7a494882 has been successfully formatted.
2019-09-11 05:28:54,678 [pool-67-thread-1] INFO  ratis.ContainerStateMachine (ContainerStateMachine.java:loadSnapshot(230)) - group-DBCF7A494882: The snapshot info is null. Setting the last applied indexto:(t:0, i:~)
2019-09-11 05:28:54,678 [fa5ee157-3b80-4774-adcc-f01234ebded8@group-112C0410BBC9:LeaderElection2] INFO  impl.RoleInfo (RoleInfo.java:shutdownLeaderElection(134)) - fa5ee157-3b80-4774-adcc-f01234ebded8: shutdown LeaderElection
2019-09-11 05:28:54,678 [pool-117-thread-1] INFO  ratis.ContainerStateMachine (ContainerStateMachine.java:loadSnapshot(230)) - group-DBCF7A494882: The snapshot info is null. Setting the last applied indexto:(t:0, i:~)
2019-09-11 05:28:54,679 [fa5ee157-3b80-4774-adcc-f01234ebded8@group-112C0410BBC9:LeaderElection2] INFO  impl.RaftServerImpl (RaftServerImpl.java:setRole(174)) - fa5ee157-3b80-4774-adcc-f01234ebded8@group-112C0410BBC9: changes role from CANDIDATE to LEADER at term 1 for changeToLeader
2019-09-11 05:28:54,679 [pool-67-thread-1] INFO  server.RaftServerConfigKeys (ConfUtils.java:logGet(43)) - raft.server.notification.no-leader.timeout = 120s (custom)
2019-09-11 05:28:54,679 [pool-47-thread-1] INFO  ratis.ContainerStateMachine (ContainerStateMachine.java:loadSnapshot(230)) - group-DBCF7A494882: The snapshot info is null. Setting the last applied indexto:(t:0, i:~)
2019-09-11 05:28:54,679 [pool-67-thread-1] INFO  server.RaftServerConfigKeys (ConfUtils.java:logGet(43)) - raft.server.log.use.memory = false (default)
2019-09-11 05:28:54,679 [fa5ee157-3b80-4774-adcc-f01234ebded8@group-112C0410BBC9:LeaderElection2] INFO  impl.RaftServerImpl (ServerState.java:setLeader(253)) - fa5ee157-3b80-4774-adcc-f01234ebded8@group-112C0410BBC9: change Leader from null to fa5ee157-3b80-4774-adcc-f01234ebded8 at term 1 for becomeLeader, leader elected after 1058ms
2019-09-11 05:28:54,679 [pool-117-thread-1] INFO  server.RaftServerConfigKeys (ConfUtils.java:logGet(43)) - raft.server.notification.no-leader.timeout = 120s (custom)
2019-09-11 05:28:54,680 [fa5ee157-3b80-4774-adcc-f01234ebded8@group-112C0410BBC9:LeaderElection2] INFO  server.RaftServerConfigKeys (ConfUtils.java:logGet(43)) - raft.server.staging.catchup.gap = 1000 (default)
2019-09-11 05:28:54,679 [pool-67-thread-1] INFO  server.RaftServerConfigKeys (ConfUtils.java:logGet(43)) - raft.server.log.purge.gap = 1000000 (custom)
2019-09-11 05:28:54,679 [pool-47-thread-1] INFO  server.RaftServerConfigKeys (ConfUtils.java:logGet(43)) - raft.server.notification.no-leader.timeout = 120s (custom)
2019-09-11 05:28:54,680 [pool-67-thread-1] INFO  server.RaftServerConfigKeys (ConfUtils.java:logGet(43)) - raft.server.log.appender.buffer.byte-limit = 33554432 (custom)
2019-09-11 05:28:54,680 [fa5ee157-3b80-4774-adcc-f01234ebded8@group-112C0410BBC9:LeaderElection2] INFO  server.RaftServerConfigKeys (ConfUtils.java:logGet(43)) - raft.server.rpc.sleep.time = 25ms (default)
2019-09-11 05:28:54,680 [pool-117-thread-1] INFO  server.RaftServerConfigKeys (ConfUtils.java:logGet(43)) - raft.server.log.use.memory = false (default)
2019-09-11 05:28:54,680 [pool-67-thread-1] INFO  server.RaftServerConfigKeys (ConfUtils.java:logGet(43)) - raft.server.log.segment.size.max = 1048576 (custom)
2019-09-11 05:28:54,680 [pool-47-thread-1] INFO  server.RaftServerConfigKeys (ConfUtils.java:logGet(43)) - raft.server.log.use.memory = false (default)
2019-09-11 05:28:54,681 [pool-67-thread-1] INFO  server.RaftServerConfigKeys (ConfUtils.java:logGet(43)) - raft.server.log.segment.cache.num.max = 2 (custom)
2019-09-11 05:28:54,681 [pool-47-thread-1] INFO  server.RaftServerConfigKeys (ConfUtils.java:logGet(43)) - raft.server.log.purge.gap = 1000000 (custom)
2019-09-11 05:28:54,680 [fa5ee157-3b80-4774-adcc-f01234ebded8@group-112C0410BBC9:LeaderElection2] INFO  server.RaftServerConfigKeys (ConfUtils.java:logGet(43)) - raft.server.write.element-limit = 4096 (default)
2019-09-11 05:28:54,680 [pool-117-thread-1] INFO  server.RaftServerConfigKeys (ConfUtils.java:logGet(43)) - raft.server.log.purge.gap = 1000000 (custom)
2019-09-11 05:28:54,681 [fa5ee157-3b80-4774-adcc-f01234ebded8@group-112C0410BBC9:LeaderElection2] INFO  server.RaftServerConfigKeys (ConfUtils.java:logGet(43)) - raft.server.watch.timeout = 10s (default)
2019-09-11 05:28:54,681 [pool-47-thread-1] INFO  server.RaftServerConfigKeys (ConfUtils.java:logGet(43)) - raft.server.log.appender.buffer.byte-limit = 33554432 (custom)
2019-09-11 05:28:54,681 [pool-67-thread-1] INFO  segmented.SegmentedRaftLogWorker (SegmentedRaftLogWorker.java:<init>(172)) - new b5c94862-e767-4e3a-a577-422bae381862@group-DBCF7A494882-SegmentedRaftLogWorker for RaftStorage:Storage Directory /workdir/hadoop-ozone/integration-test/target/test-dir/MiniOzoneClusterImpl-712b11b3-5514-48f8-84a2-2435d4ba870b/datanode-4/data/ratis/6722f481-4fb1-4cfa-9877-dbcf7a494882
2019-09-11 05:28:54,681 [pool-47-thread-1] INFO  server.RaftServerConfigKeys (ConfUtils.java:logGet(43)) - raft.server.log.segment.size.max = 1048576 (custom)
2019-09-11 05:28:54,681 [fa5ee157-3b80-4774-adcc-f01234ebded8@group-112C0410BBC9:LeaderElection2] INFO  server.RaftServerConfigKeys (ConfUtils.java:logGet(43)) - raft.server.watch.timeout.denomination = 1s (default)
2019-09-11 05:28:54,681 [pool-117-thread-1] INFO  server.RaftServerConfigKeys (ConfUtils.java:logGet(43)) - raft.server.log.appender.buffer.byte-limit = 33554432 (custom)
2019-09-11 05:28:54,682 [fa5ee157-3b80-4774-adcc-f01234ebded8@group-112C0410BBC9:LeaderElection2] INFO  server.RaftServerConfigKeys (ConfUtils.java:logGet(43)) - raft.server.watch.element-limit = 65536 (default)
2019-09-11 05:28:54,682 [pool-47-thread-1] INFO  server.RaftServerConfigKeys (ConfUtils.java:logGet(43)) - raft.server.log.segment.cache.num.max = 2 (custom)
2019-09-11 05:28:54,682 [pool-47-thread-1] INFO  segmented.SegmentedRaftLogWorker (SegmentedRaftLogWorker.java:<init>(172)) - new fa5ee157-3b80-4774-adcc-f01234ebded8@group-DBCF7A494882-SegmentedRaftLogWorker for RaftStorage:Storage Directory /workdir/hadoop-ozone/integration-test/target/test-dir/MiniOzoneClusterImpl-712b11b3-5514-48f8-84a2-2435d4ba870b/datanode-2/data/ratis/6722f481-4fb1-4cfa-9877-dbcf7a494882
2019-09-11 05:28:54,682 [pool-67-thread-1] INFO  server.RaftServerConfigKeys (ConfUtils.java:logGet(43)) - raft.server.log.queue.byte-limit = 2147483647 (custom)
2019-09-11 05:28:54,682 [pool-47-thread-1] INFO  server.RaftServerConfigKeys (ConfUtils.java:logGet(43)) - raft.server.log.queue.byte-limit = 2147483647 (custom)
2019-09-11 05:28:54,682 [pool-117-thread-1] INFO  server.RaftServerConfigKeys (ConfUtils.java:logGet(43)) - raft.server.log.segment.size.max = 1048576 (custom)
2019-09-11 05:28:54,682 [pool-47-thread-1] INFO  server.RaftServerConfigKeys (ConfUtils.java:logGet(43)) - raft.server.log.queue.element-limit = 1024 (custom)
2019-09-11 05:28:54,682 [pool-67-thread-1] INFO  server.RaftServerConfigKeys (ConfUtils.java:logGet(43)) - raft.server.log.queue.element-limit = 1024 (custom)
2019-09-11 05:28:54,683 [pool-47-thread-1] INFO  server.RaftServerConfigKeys (ConfUtils.java:logGet(43)) - raft.server.log.segment.size.max = 1048576 (custom)
2019-09-11 05:28:54,683 [pool-117-thread-1] INFO  server.RaftServerConfigKeys (ConfUtils.java:logGet(43)) - raft.server.log.segment.cache.num.max = 2 (custom)
2019-09-11 05:28:54,683 [pool-47-thread-1] INFO  server.RaftServerConfigKeys (ConfUtils.java:logGet(43)) - raft.server.log.preallocated.size = 16384 (custom)
2019-09-11 05:28:54,683 [pool-67-thread-1] INFO  server.RaftServerConfigKeys (ConfUtils.java:logGet(43)) - raft.server.log.segment.size.max = 1048576 (custom)
2019-09-11 05:28:54,683 [pool-47-thread-1] INFO  server.RaftServerConfigKeys (ConfUtils.java:logGet(43)) - raft.server.log.write.buffer.size = 33554432 (custom)
2019-09-11 05:28:54,683 [pool-117-thread-1] INFO  segmented.SegmentedRaftLogWorker (SegmentedRaftLogWorker.java:<init>(172)) - new 4923db37-afc5-4a4b-9e0e-3e0e64c6efbc@group-DBCF7A494882-SegmentedRaftLogWorker for RaftStorage:Storage Directory /workdir/hadoop-ozone/integration-test/target/test-dir/MiniOzoneClusterImpl-712b11b3-5514-48f8-84a2-2435d4ba870b/datanode-9/data/ratis/6722f481-4fb1-4cfa-9877-dbcf7a494882
2019-09-11 05:28:54,683 [pool-47-thread-1] INFO  server.RaftServerConfigKeys (ConfUtils.java:logGet(43)) - raft.server.log.force.sync.num = 128 (default)
2019-09-11 05:28:54,684 [pool-47-thread-1] INFO  server.RaftServerConfigKeys (ConfUtils.java:logGet(43)) - raft.server.log.statemachine.data.sync = true (default)
2019-09-11 05:28:54,683 [pool-67-thread-1] INFO  server.RaftServerConfigKeys (ConfUtils.java:logGet(43)) - raft.server.log.preallocated.size = 16384 (custom)
2019-09-11 05:28:54,684 [pool-47-thread-1] INFO  server.RaftServerConfigKeys (ConfUtils.java:logGet(43)) - raft.server.log.statemachine.data.sync.timeout = 10s (default)
2019-09-11 05:28:54,684 [pool-117-thread-1] INFO  server.RaftServerConfigKeys (ConfUtils.java:logGet(43)) - raft.server.log.queue.byte-limit = 2147483647 (custom)
2019-09-11 05:28:54,684 [pool-47-thread-1] INFO  server.RaftServerConfigKeys (ConfUtils.java:logGet(43)) - raft.server.log.statemachine.data.sync.timeout.retry = -1 (default)
2019-09-11 05:28:54,684 [pool-67-thread-1] INFO  server.RaftServerConfigKeys (ConfUtils.java:logGet(43)) - raft.server.log.write.buffer.size = 33554432 (custom)
2019-09-11 05:28:54,684 [pool-47-thread-1] INFO  server.RaftServerConfigKeys (ConfUtils.java:logGet(43)) - raft.server.log.statemachine.data.caching.enabled = true (custom)
2019-09-11 05:28:54,684 [pool-117-thread-1] INFO  server.RaftServerConfigKeys (ConfUtils.java:logGet(43)) - raft.server.log.queue.element-limit = 1024 (custom)
2019-09-11 05:28:54,685 [pool-67-thread-1] INFO  server.RaftServerConfigKeys (ConfUtils.java:logGet(43)) - raft.server.log.force.sync.num = 128 (default)
2019-09-11 05:28:54,685 [pool-117-thread-1] INFO  server.RaftServerConfigKeys (ConfUtils.java:logGet(43)) - raft.server.log.segment.size.max = 1048576 (custom)
2019-09-11 05:28:54,685 [pool-47-thread-1] INFO  segmented.SegmentedRaftLogWorker (SegmentedRaftLogWorker.java:lambda$new$0(132)) - fa5ee157-3b80-4774-adcc-f01234ebded8@group-DBCF7A494882-SegmentedRaftLogWorker: flushIndex: setUnconditionally 0 -> -1
2019-09-11 05:28:54,685 [fa5ee157-3b80-4774-adcc-f01234ebded8@group-112C0410BBC9:LeaderElection2] INFO  impl.RoleInfo (RoleInfo.java:updateAndGet(143)) - fa5ee157-3b80-4774-adcc-f01234ebded8: start LeaderState
2019-09-11 05:28:54,685 [pool-117-thread-1] INFO  server.RaftServerConfigKeys (ConfUtils.java:logGet(43)) - raft.server.log.preallocated.size = 16384 (custom)
2019-09-11 05:28:54,685 [pool-67-thread-1] INFO  server.RaftServerConfigKeys (ConfUtils.java:logGet(43)) - raft.server.log.statemachine.data.sync = true (default)
2019-09-11 05:28:54,686 [fa5ee157-3b80-4774-adcc-f01234ebded8@group-112C0410BBC9:LeaderElection2] INFO  segmented.SegmentedRaftLogWorker (SegmentedRaftLogWorker.java:startLogSegment(380)) - fa5ee157-3b80-4774-adcc-f01234ebded8@group-112C0410BBC9-SegmentedRaftLogWorker: Starting segment from index:0
2019-09-11 05:28:54,685 [pool-117-thread-1] INFO  server.RaftServerConfigKeys (ConfUtils.java:logGet(43)) - raft.server.log.write.buffer.size = 33554432 (custom)
2019-09-11 05:28:54,685 [pool-47-thread-1] INFO  server.RaftServerConfigKeys (ConfUtils.java:logGet(43)) - raft.server.snapshot.auto.trigger.enabled = true (custom)
2019-09-11 05:28:54,686 [pool-117-thread-1] INFO  server.RaftServerConfigKeys (ConfUtils.java:logGet(43)) - raft.server.log.force.sync.num = 128 (default)
2019-09-11 05:28:54,686 [pool-67-thread-1] INFO  server.RaftServerConfigKeys (ConfUtils.java:logGet(43)) - raft.server.log.statemachine.data.sync.timeout = 10s (default)
2019-09-11 05:28:54,686 [pool-117-thread-1] INFO  server.RaftServerConfigKeys (ConfUtils.java:logGet(43)) - raft.server.log.statemachine.data.sync = true (default)
2019-09-11 05:28:54,686 [fa5ee157-3b80-4774-adcc-f01234ebded8@group-112C0410BBC9:LeaderElection2] INFO  impl.RaftServerImpl (ServerState.java:setRaftConf(354)) - fa5ee157-3b80-4774-adcc-f01234ebded8@group-112C0410BBC9: set configuration 0: [fa5ee157-3b80-4774-adcc-f01234ebded8:192.168.36.125:42082], old=null at 0
2019-09-11 05:28:54,686 [pool-47-thread-1] INFO  server.RaftServerConfigKeys (ConfUtils.java:logGet(43)) - raft.server.snapshot.auto.trigger.threshold = 10000 (custom)
2019-09-11 05:28:54,687 [pool-117-thread-1] INFO  server.RaftServerConfigKeys (ConfUtils.java:logGet(43)) - raft.server.log.statemachine.data.sync.timeout = 10s (default)
2019-09-11 05:28:54,686 [pool-67-thread-1] INFO  server.RaftServerConfigKeys (ConfUtils.java:logGet(43)) - raft.server.log.statemachine.data.sync.timeout.retry = -1 (default)
2019-09-11 05:28:54,690 [pool-117-thread-1] INFO  server.RaftServerConfigKeys (ConfUtils.java:logGet(43)) - raft.server.log.statemachine.data.sync.timeout.retry = -1 (default)
2019-09-11 05:28:54,690 [pool-47-thread-1] INFO  server.RaftServerConfigKeys (ConfUtils.java:logGet(43)) - raft.server.snapshot.retention.num.files = -1 (default)
2019-09-11 05:28:54,690 [pool-117-thread-1] INFO  server.RaftServerConfigKeys (ConfUtils.java:logGet(43)) - raft.server.log.statemachine.data.caching.enabled = true (custom)
2019-09-11 05:28:54,690 [pool-47-thread-1] INFO  server.RaftServerConfigKeys (ConfUtils.java:logGet(43)) - raft.server.retrycache.expirytime = 600000ms (custom)
2019-09-11 05:28:54,690 [pool-67-thread-1] INFO  server.RaftServerConfigKeys (ConfUtils.java:logGet(43)) - raft.server.log.statemachine.data.caching.enabled = true (custom)
2019-09-11 05:28:54,691 [pool-117-thread-1] INFO  segmented.SegmentedRaftLogWorker (SegmentedRaftLogWorker.java:lambda$new$0(132)) - 4923db37-afc5-4a4b-9e0e-3e0e64c6efbc@group-DBCF7A494882-SegmentedRaftLogWorker: flushIndex: setUnconditionally 0 -> -1
2019-09-11 05:28:54,691 [pool-67-thread-1] INFO  segmented.SegmentedRaftLogWorker (SegmentedRaftLogWorker.java:lambda$new$0(132)) - b5c94862-e767-4e3a-a577-422bae381862@group-DBCF7A494882-SegmentedRaftLogWorker: flushIndex: setUnconditionally 0 -> -1
2019-09-11 05:28:54,691 [pool-117-thread-1] INFO  server.RaftServerConfigKeys (ConfUtils.java:logGet(43)) - raft.server.snapshot.auto.trigger.enabled = true (custom)
2019-09-11 05:28:54,691 [pool-67-thread-1] INFO  server.RaftServerConfigKeys (ConfUtils.java:logGet(43)) - raft.server.snapshot.auto.trigger.enabled = true (custom)
2019-09-11 05:28:54,691 [pool-117-thread-1] INFO  server.RaftServerConfigKeys (ConfUtils.java:logGet(43)) - raft.server.snapshot.auto.trigger.threshold = 10000 (custom)
2019-09-11 05:28:54,691 [pool-67-thread-1] INFO  server.RaftServerConfigKeys (ConfUtils.java:logGet(43)) - raft.server.snapshot.auto.trigger.threshold = 10000 (custom)
2019-09-11 05:28:54,691 [pool-117-thread-1] INFO  server.RaftServerConfigKeys (ConfUtils.java:logGet(43)) - raft.server.snapshot.retention.num.files = -1 (default)
2019-09-11 05:28:54,691 [pool-67-thread-1] INFO  server.RaftServerConfigKeys (ConfUtils.java:logGet(43)) - raft.server.snapshot.retention.num.files = -1 (default)
2019-09-11 05:28:54,692 [pool-117-thread-1] INFO  server.RaftServerConfigKeys (ConfUtils.java:logGet(43)) - raft.server.retrycache.expirytime = 600000ms (custom)
2019-09-11 05:28:54,692 [pool-67-thread-1] INFO  server.RaftServerConfigKeys (ConfUtils.java:logGet(43)) - raft.server.retrycache.expirytime = 600000ms (custom)
2019-09-11 05:28:54,692 [pool-47-thread-1] INFO  impl.RaftServerImpl (RaftServerImpl.java:start(185)) - fa5ee157-3b80-4774-adcc-f01234ebded8@group-DBCF7A494882: start as a follower, conf=-1: [b5c94862-e767-4e3a-a577-422bae381862:192.168.36.125:46265, fa5ee157-3b80-4774-adcc-f01234ebded8:192.168.36.125:42082, 4923db37-afc5-4a4b-9e0e-3e0e64c6efbc:192.168.36.125:35475], old=null
2019-09-11 05:28:54,692 [pool-47-thread-1] INFO  impl.RaftServerImpl (RaftServerImpl.java:setRole(174)) - fa5ee157-3b80-4774-adcc-f01234ebded8@group-DBCF7A494882: changes role from      null to FOLLOWER at term 0 for startAsFollower
2019-09-11 05:28:54,693 [pool-47-thread-1] INFO  impl.RoleInfo (RoleInfo.java:updateAndGet(143)) - fa5ee157-3b80-4774-adcc-f01234ebded8: start FollowerState
2019-09-11 05:28:54,693 [pool-47-thread-1] INFO  util.JmxRegister (JmxRegister.java:tryRegister(44)) - Successfully registered JMX Bean with object name Ratis:service=RaftServer,group=group-DBCF7A494882,id=fa5ee157-3b80-4774-adcc-f01234ebded8
2019-09-11 05:28:54,695 [pool-117-thread-1] INFO  impl.RaftServerImpl (RaftServerImpl.java:start(185)) - 4923db37-afc5-4a4b-9e0e-3e0e64c6efbc@group-DBCF7A494882: start as a follower, conf=-1: [b5c94862-e767-4e3a-a577-422bae381862:192.168.36.125:46265, fa5ee157-3b80-4774-adcc-f01234ebded8:192.168.36.125:42082, 4923db37-afc5-4a4b-9e0e-3e0e64c6efbc:192.168.36.125:35475], old=null
2019-09-11 05:28:54,696 [pool-117-thread-1] INFO  impl.RaftServerImpl (RaftServerImpl.java:setRole(174)) - 4923db37-afc5-4a4b-9e0e-3e0e64c6efbc@group-DBCF7A494882: changes role from      null to FOLLOWER at term 0 for startAsFollower
2019-09-11 05:28:54,698 [pool-67-thread-1] INFO  impl.RaftServerImpl (RaftServerImpl.java:start(185)) - b5c94862-e767-4e3a-a577-422bae381862@group-DBCF7A494882: start as a follower, conf=-1: [b5c94862-e767-4e3a-a577-422bae381862:192.168.36.125:46265, fa5ee157-3b80-4774-adcc-f01234ebded8:192.168.36.125:42082, 4923db37-afc5-4a4b-9e0e-3e0e64c6efbc:192.168.36.125:35475], old=null
2019-09-11 05:28:54,698 [pool-117-thread-1] INFO  impl.RoleInfo (RoleInfo.java:updateAndGet(143)) - 4923db37-afc5-4a4b-9e0e-3e0e64c6efbc: start FollowerState
2019-09-11 05:28:54,698 [pool-67-thread-1] INFO  impl.RaftServerImpl (RaftServerImpl.java:setRole(174)) - b5c94862-e767-4e3a-a577-422bae381862@group-DBCF7A494882: changes role from      null to FOLLOWER at term 0 for startAsFollower
2019-09-11 05:28:54,700 [pool-67-thread-1] INFO  impl.RoleInfo (RoleInfo.java:updateAndGet(143)) - b5c94862-e767-4e3a-a577-422bae381862: start FollowerState
2019-09-11 05:28:54,700 [pool-117-thread-1] INFO  util.JmxRegister (JmxRegister.java:tryRegister(44)) - Successfully registered JMX Bean with object name Ratis:service=RaftServer,group=group-DBCF7A494882,id=4923db37-afc5-4a4b-9e0e-3e0e64c6efbc
2019-09-11 05:28:54,700 [pool-67-thread-1] INFO  util.JmxRegister (JmxRegister.java:tryRegister(44)) - Successfully registered JMX Bean with object name Ratis:service=RaftServer,group=group-DBCF7A494882,id=b5c94862-e767-4e3a-a577-422bae381862
2019-09-11 05:28:54,737 [RatisPipelineUtilsThread] INFO  pipeline.PipelineStateManager (PipelineStateManager.java:addPipeline(56)) - Created pipeline Pipeline[ Id: 6722f481-4fb1-4cfa-9877-dbcf7a494882, Nodes: fa5ee157-3b80-4774-adcc-f01234ebded8{ip: 192.168.36.125, host: trunk-nightly-20190911-vpfxm-1000144475, networkLocation: /default-rack, certSerialId: null}b5c94862-e767-4e3a-a577-422bae381862{ip: 192.168.36.125, host: trunk-nightly-20190911-vpfxm-1000144475, networkLocation: /default-rack, certSerialId: null}4923db37-afc5-4a4b-9e0e-3e0e64c6efbc{ip: 192.168.36.125, host: trunk-nightly-20190911-vpfxm-1000144475, networkLocation: /default-rack, certSerialId: null}, Type:RATIS, Factor:THREE, State:OPEN]
2019-09-11 05:28:54,766 [grpc-default-executor-2] INFO  impl.RaftServerProxy (RaftServerProxy.java:addNew(89)) - 78dbd0e6-a34a-4054-9e2e-3bf1b76c8205: addNew group-B7894EF2C8AA:[1169a1ed-1394-44b2-9737-be9aad5bd237:192.168.36.125:39685, 64c45ce8-9e8f-4626-9780-d8b476434616:192.168.36.125:34416, 78dbd0e6-a34a-4054-9e2e-3bf1b76c8205:192.168.36.125:36886] returns group-B7894EF2C8AA:java.util.concurrent.CompletableFuture@7b4a7d02[Not completed]
2019-09-11 05:28:54,766 [grpc-default-executor-0] INFO  impl.RaftServerProxy (RaftServerProxy.java:addNew(89)) - 1169a1ed-1394-44b2-9737-be9aad5bd237: addNew group-B7894EF2C8AA:[1169a1ed-1394-44b2-9737-be9aad5bd237:192.168.36.125:39685, 64c45ce8-9e8f-4626-9780-d8b476434616:192.168.36.125:34416, 78dbd0e6-a34a-4054-9e2e-3bf1b76c8205:192.168.36.125:36886] returns group-B7894EF2C8AA:java.util.concurrent.CompletableFuture@373ae4af[Not completed]
2019-09-11 05:28:54,770 [grpc-default-executor-0] INFO  impl.RaftServerProxy (RaftServerProxy.java:addNew(89)) - 64c45ce8-9e8f-4626-9780-d8b476434616: addNew group-B7894EF2C8AA:[1169a1ed-1394-44b2-9737-be9aad5bd237:192.168.36.125:39685, 64c45ce8-9e8f-4626-9780-d8b476434616:192.168.36.125:34416, 78dbd0e6-a34a-4054-9e2e-3bf1b76c8205:192.168.36.125:36886] returns group-B7894EF2C8AA:java.util.concurrent.CompletableFuture@38d1062f[Not completed]
2019-09-11 05:28:54,771 [pool-37-thread-1] INFO  impl.RaftServerImpl (RaftServerImpl.java:<init>(95)) - 1169a1ed-1394-44b2-9737-be9aad5bd237: new RaftServerImpl for group-B7894EF2C8AA:[1169a1ed-1394-44b2-9737-be9aad5bd237:192.168.36.125:39685, 64c45ce8-9e8f-4626-9780-d8b476434616:192.168.36.125:34416, 78dbd0e6-a34a-4054-9e2e-3bf1b76c8205:192.168.36.125:36886] with ContainerStateMachine:uninitialized
2019-09-11 05:28:54,771 [pool-37-thread-1] INFO  server.RaftServerConfigKeys (ConfUtils.java:logGet(43)) - raft.server.rpc.timeout.min = 1s (custom)
2019-09-11 05:28:54,771 [pool-37-thread-1] INFO  server.RaftServerConfigKeys (ConfUtils.java:logGet(43)) - raft.server.rpc.timeout.max = 1200ms (custom)
2019-09-11 05:28:54,774 [pool-97-thread-1] INFO  impl.RaftServerImpl (RaftServerImpl.java:<init>(95)) - 64c45ce8-9e8f-4626-9780-d8b476434616: new RaftServerImpl for group-B7894EF2C8AA:[1169a1ed-1394-44b2-9737-be9aad5bd237:192.168.36.125:39685, 64c45ce8-9e8f-4626-9780-d8b476434616:192.168.36.125:34416, 78dbd0e6-a34a-4054-9e2e-3bf1b76c8205:192.168.36.125:36886] with ContainerStateMachine:uninitialized
2019-09-11 05:28:54,774 [pool-37-thread-1] INFO  server.RaftServerConfigKeys (ConfUtils.java:logGet(43)) - raft.server.rpcslowness.timeout = 120s (custom)
2019-09-11 05:28:54,774 [pool-97-thread-1] INFO  server.RaftServerConfigKeys (ConfUtils.java:logGet(43)) - raft.server.rpc.timeout.min = 1s (custom)
2019-09-11 05:28:54,775 [pool-37-thread-1] INFO  server.RaftServerConfigKeys (ConfUtils.java:logGet(43)) - raft.server.sleep.deviation.threshold = 300 (default)
2019-09-11 05:28:54,775 [pool-97-thread-1] INFO  server.RaftServerConfigKeys (ConfUtils.java:logGet(43)) - raft.server.rpc.timeout.max = 1200ms (custom)
2019-09-11 05:28:54,775 [pool-37-thread-1] INFO  server.RaftServerConfigKeys (ConfUtils.java:logGet(43)) - raft.server.log.appender.install.snapshot.enabled = false (custom)
2019-09-11 05:28:54,775 [pool-77-thread-1] INFO  impl.RaftServerImpl (RaftServerImpl.java:<init>(95)) - 78dbd0e6-a34a-4054-9e2e-3bf1b76c8205: new RaftServerImpl for group-B7894EF2C8AA:[1169a1ed-1394-44b2-9737-be9aad5bd237:192.168.36.125:39685, 64c45ce8-9e8f-4626-9780-d8b476434616:192.168.36.125:34416, 78dbd0e6-a34a-4054-9e2e-3bf1b76c8205:192.168.36.125:36886] with ContainerStateMachine:uninitialized
2019-09-11 05:28:54,775 [pool-97-thread-1] INFO  server.RaftServerConfigKeys (ConfUtils.java:logGet(43)) - raft.server.rpcslowness.timeout = 120s (custom)
2019-09-11 05:28:54,775 [pool-77-thread-1] INFO  server.RaftServerConfigKeys (ConfUtils.java:logGet(43)) - raft.server.rpc.timeout.min = 1s (custom)
2019-09-11 05:28:54,775 [pool-37-thread-1] INFO  impl.RaftServerImpl (ServerState.java:<init>(103)) - 1169a1ed-1394-44b2-9737-be9aad5bd237@group-B7894EF2C8AA: ConfigurationManager, init=-1: [1169a1ed-1394-44b2-9737-be9aad5bd237:192.168.36.125:39685, 64c45ce8-9e8f-4626-9780-d8b476434616:192.168.36.125:34416, 78dbd0e6-a34a-4054-9e2e-3bf1b76c8205:192.168.36.125:36886], old=null, confs=<EMPTY_MAP>
2019-09-11 05:28:54,775 [pool-77-thread-1] INFO  server.RaftServerConfigKeys (ConfUtils.java:logGet(43)) - raft.server.rpc.timeout.max = 1200ms (custom)
2019-09-11 05:28:54,775 [pool-97-thread-1] INFO  server.RaftServerConfigKeys (ConfUtils.java:logGet(43)) - raft.server.sleep.deviation.threshold = 300 (default)
2019-09-11 05:28:54,776 [pool-77-thread-1] INFO  server.RaftServerConfigKeys (ConfUtils.java:logGet(43)) - raft.server.rpcslowness.timeout = 120s (custom)
2019-09-11 05:28:54,776 [pool-37-thread-1] INFO  server.RaftServerConfigKeys (ConfUtils.java:logGet(43)) - raft.server.storage.dir = [/workdir/hadoop-ozone/integration-test/target/test-dir/MiniOzoneClusterImpl-712b11b3-5514-48f8-84a2-2435d4ba870b/datanode-1/data/ratis] (custom)
2019-09-11 05:28:54,776 [pool-77-thread-1] INFO  server.RaftServerConfigKeys (ConfUtils.java:logGet(43)) - raft.server.sleep.deviation.threshold = 300 (default)
2019-09-11 05:28:54,776 [pool-97-thread-1] INFO  server.RaftServerConfigKeys (ConfUtils.java:logGet(43)) - raft.server.log.appender.install.snapshot.enabled = false (custom)
2019-09-11 05:28:54,776 [pool-77-thread-1] INFO  server.RaftServerConfigKeys (ConfUtils.java:logGet(43)) - raft.server.log.appender.install.snapshot.enabled = false (custom)
2019-09-11 05:28:54,776 [pool-97-thread-1] INFO  impl.RaftServerImpl (ServerState.java:<init>(103)) - 64c45ce8-9e8f-4626-9780-d8b476434616@group-B7894EF2C8AA: ConfigurationManager, init=-1: [1169a1ed-1394-44b2-9737-be9aad5bd237:192.168.36.125:39685, 64c45ce8-9e8f-4626-9780-d8b476434616:192.168.36.125:34416, 78dbd0e6-a34a-4054-9e2e-3bf1b76c8205:192.168.36.125:36886], old=null, confs=<EMPTY_MAP>
2019-09-11 05:28:54,776 [pool-37-thread-1] INFO  storage.RaftStorageDirectory (RaftStorageDirectory.java:analyzeStorage(246)) - The storage directory /workdir/hadoop-ozone/integration-test/target/test-dir/MiniOzoneClusterImpl-712b11b3-5514-48f8-84a2-2435d4ba870b/datanode-1/data/ratis/b0a8c6ed-4bd3-40bd-ab3d-b7894ef2c8aa does not exist. Creating ...
2019-09-11 05:28:54,776 [pool-77-thread-1] INFO  impl.RaftServerImpl (ServerState.java:<init>(103)) - 78dbd0e6-a34a-4054-9e2e-3bf1b76c8205@group-B7894EF2C8AA: ConfigurationManager, init=-1: [1169a1ed-1394-44b2-9737-be9aad5bd237:192.168.36.125:39685, 64c45ce8-9e8f-4626-9780-d8b476434616:192.168.36.125:34416, 78dbd0e6-a34a-4054-9e2e-3bf1b76c8205:192.168.36.125:36886], old=null, confs=<EMPTY_MAP>
2019-09-11 05:28:54,776 [pool-97-thread-1] INFO  server.RaftServerConfigKeys (ConfUtils.java:logGet(43)) - raft.server.storage.dir = [/workdir/hadoop-ozone/integration-test/target/test-dir/MiniOzoneClusterImpl-712b11b3-5514-48f8-84a2-2435d4ba870b/datanode-7/data/ratis] (custom)
2019-09-11 05:28:54,776 [pool-77-thread-1] INFO  server.RaftServerConfigKeys (ConfUtils.java:logGet(43)) - raft.server.storage.dir = [/workdir/hadoop-ozone/integration-test/target/test-dir/MiniOzoneClusterImpl-712b11b3-5514-48f8-84a2-2435d4ba870b/datanode-5/data/ratis] (custom)
2019-09-11 05:28:54,777 [pool-97-thread-1] INFO  storage.RaftStorageDirectory (RaftStorageDirectory.java:analyzeStorage(246)) - The storage directory /workdir/hadoop-ozone/integration-test/target/test-dir/MiniOzoneClusterImpl-712b11b3-5514-48f8-84a2-2435d4ba870b/datanode-7/data/ratis/b0a8c6ed-4bd3-40bd-ab3d-b7894ef2c8aa does not exist. Creating ...
2019-09-11 05:28:54,777 [pool-77-thread-1] INFO  storage.RaftStorageDirectory (RaftStorageDirectory.java:analyzeStorage(246)) - The storage directory /workdir/hadoop-ozone/integration-test/target/test-dir/MiniOzoneClusterImpl-712b11b3-5514-48f8-84a2-2435d4ba870b/datanode-5/data/ratis/b0a8c6ed-4bd3-40bd-ab3d-b7894ef2c8aa does not exist. Creating ...
2019-09-11 05:28:54,790 [pool-77-thread-1] INFO  storage.RaftStorageDirectory (RaftStorageDirectory.java:tryLock(328)) - Lock on /workdir/hadoop-ozone/integration-test/target/test-dir/MiniOzoneClusterImpl-712b11b3-5514-48f8-84a2-2435d4ba870b/datanode-5/data/ratis/b0a8c6ed-4bd3-40bd-ab3d-b7894ef2c8aa/in_use.lock acquired by nodename 18442@trunk-nightly-20190911-vpfxm-1000144475
2019-09-11 05:28:54,790 [pool-37-thread-1] INFO  storage.RaftStorageDirectory (RaftStorageDirectory.java:tryLock(328)) - Lock on /workdir/hadoop-ozone/integration-test/target/test-dir/MiniOzoneClusterImpl-712b11b3-5514-48f8-84a2-2435d4ba870b/datanode-1/data/ratis/b0a8c6ed-4bd3-40bd-ab3d-b7894ef2c8aa/in_use.lock acquired by nodename 18442@trunk-nightly-20190911-vpfxm-1000144475
2019-09-11 05:28:54,790 [pool-97-thread-1] INFO  storage.RaftStorageDirectory (RaftStorageDirectory.java:tryLock(328)) - Lock on /workdir/hadoop-ozone/integration-test/target/test-dir/MiniOzoneClusterImpl-712b11b3-5514-48f8-84a2-2435d4ba870b/datanode-7/data/ratis/b0a8c6ed-4bd3-40bd-ab3d-b7894ef2c8aa/in_use.lock acquired by nodename 18442@trunk-nightly-20190911-vpfxm-1000144475
2019-09-11 05:28:54,805 [pool-97-thread-1] INFO  storage.RaftStorage (RaftStorage.java:format(72)) - Storage directory /workdir/hadoop-ozone/integration-test/target/test-dir/MiniOzoneClusterImpl-712b11b3-5514-48f8-84a2-2435d4ba870b/datanode-7/data/ratis/b0a8c6ed-4bd3-40bd-ab3d-b7894ef2c8aa has been successfully formatted.
2019-09-11 05:28:54,805 [pool-77-thread-1] INFO  storage.RaftStorage (RaftStorage.java:format(72)) - Storage directory /workdir/hadoop-ozone/integration-test/target/test-dir/MiniOzoneClusterImpl-712b11b3-5514-48f8-84a2-2435d4ba870b/datanode-5/data/ratis/b0a8c6ed-4bd3-40bd-ab3d-b7894ef2c8aa has been successfully formatted.
2019-09-11 05:28:54,805 [pool-37-thread-1] INFO  storage.RaftStorage (RaftStorage.java:format(72)) - Storage directory /workdir/hadoop-ozone/integration-test/target/test-dir/MiniOzoneClusterImpl-712b11b3-5514-48f8-84a2-2435d4ba870b/datanode-1/data/ratis/b0a8c6ed-4bd3-40bd-ab3d-b7894ef2c8aa has been successfully formatted.
2019-09-11 05:28:54,806 [pool-77-thread-1] INFO  ratis.ContainerStateMachine (ContainerStateMachine.java:loadSnapshot(230)) - group-B7894EF2C8AA: The snapshot info is null. Setting the last applied indexto:(t:0, i:~)
2019-09-11 05:28:54,806 [pool-97-thread-1] INFO  ratis.ContainerStateMachine (ContainerStateMachine.java:loadSnapshot(230)) - group-B7894EF2C8AA: The snapshot info is null. Setting the last applied indexto:(t:0, i:~)
2019-09-11 05:28:54,812 [pool-77-thread-1] INFO  server.RaftServerConfigKeys (ConfUtils.java:logGet(43)) - raft.server.notification.no-leader.timeout = 120s (custom)
2019-09-11 05:28:54,812 [pool-37-thread-1] INFO  ratis.ContainerStateMachine (ContainerStateMachine.java:loadSnapshot(230)) - group-B7894EF2C8AA: The snapshot info is null. Setting the last applied indexto:(t:0, i:~)
2019-09-11 05:28:54,812 [pool-77-thread-1] INFO  server.RaftServerConfigKeys (ConfUtils.java:logGet(43)) - raft.server.log.use.memory = false (default)
2019-09-11 05:28:54,812 [pool-97-thread-1] INFO  server.RaftServerConfigKeys (ConfUtils.java:logGet(43)) - raft.server.notification.no-leader.timeout = 120s (custom)
2019-09-11 05:28:54,819 [pool-77-thread-1] INFO  server.RaftServerConfigKeys (ConfUtils.java:logGet(43)) - raft.server.log.purge.gap = 1000000 (custom)
2019-09-11 05:28:54,818 [pool-37-thread-1] INFO  server.RaftServerConfigKeys (ConfUtils.java:logGet(43)) - raft.server.notification.no-leader.timeout = 120s (custom)
2019-09-11 05:28:54,819 [pool-77-thread-1] INFO  server.RaftServerConfigKeys (ConfUtils.java:logGet(43)) - raft.server.log.appender.buffer.byte-limit = 33554432 (custom)
2019-09-11 05:28:54,819 [pool-97-thread-1] INFO  server.RaftServerConfigKeys (ConfUtils.java:logGet(43)) - raft.server.log.use.memory = false (default)
2019-09-11 05:28:54,819 [pool-77-thread-1] INFO  server.RaftServerConfigKeys (ConfUtils.java:logGet(43)) - raft.server.log.segment.size.max = 1048576 (custom)
2019-09-11 05:28:54,819 [pool-37-thread-1] INFO  server.RaftServerConfigKeys (ConfUtils.java:logGet(43)) - raft.server.log.use.memory = false (default)
2019-09-11 05:28:54,819 [pool-77-thread-1] INFO  server.RaftServerConfigKeys (ConfUtils.java:logGet(43)) - raft.server.log.segment.cache.num.max = 2 (custom)
2019-09-11 05:28:54,819 [pool-97-thread-1] INFO  server.RaftServerConfigKeys (ConfUtils.java:logGet(43)) - raft.server.log.purge.gap = 1000000 (custom)
2019-09-11 05:28:54,820 [pool-77-thread-1] INFO  segmented.SegmentedRaftLogWorker (SegmentedRaftLogWorker.java:<init>(172)) - new 78dbd0e6-a34a-4054-9e2e-3bf1b76c8205@group-B7894EF2C8AA-SegmentedRaftLogWorker for RaftStorage:Storage Directory /workdir/hadoop-ozone/integration-test/target/test-dir/MiniOzoneClusterImpl-712b11b3-5514-48f8-84a2-2435d4ba870b/datanode-5/data/ratis/b0a8c6ed-4bd3-40bd-ab3d-b7894ef2c8aa
2019-09-11 05:28:54,820 [pool-77-thread-1] INFO  server.RaftServerConfigKeys (ConfUtils.java:logGet(43)) - raft.server.log.queue.byte-limit = 2147483647 (custom)
2019-09-11 05:28:54,820 [pool-37-thread-1] INFO  server.RaftServerConfigKeys (ConfUtils.java:logGet(43)) - raft.server.log.purge.gap = 1000000 (custom)
2019-09-11 05:28:54,820 [pool-77-thread-1] INFO  server.RaftServerConfigKeys (ConfUtils.java:logGet(43)) - raft.server.log.queue.element-limit = 1024 (custom)
2019-09-11 05:28:54,820 [pool-97-thread-1] INFO  server.RaftServerConfigKeys (ConfUtils.java:logGet(43)) - raft.server.log.appender.buffer.byte-limit = 33554432 (custom)
2019-09-11 05:28:54,820 [pool-77-thread-1] INFO  server.RaftServerConfigKeys (ConfUtils.java:logGet(43)) - raft.server.log.segment.size.max = 1048576 (custom)
2019-09-11 05:28:54,820 [pool-37-thread-1] INFO  server.RaftServerConfigKeys (ConfUtils.java:logGet(43)) - raft.server.log.appender.buffer.byte-limit = 33554432 (custom)
2019-09-11 05:28:54,821 [pool-77-thread-1] INFO  server.RaftServerConfigKeys (ConfUtils.java:logGet(43)) - raft.server.log.preallocated.size = 16384 (custom)
2019-09-11 05:28:54,820 [pool-97-thread-1] INFO  server.RaftServerConfigKeys (ConfUtils.java:logGet(43)) - raft.server.log.segment.size.max = 1048576 (custom)
2019-09-11 05:28:54,821 [pool-77-thread-1] INFO  server.RaftServerConfigKeys (ConfUtils.java:logGet(43)) - raft.server.log.write.buffer.size = 33554432 (custom)
2019-09-11 05:28:54,821 [pool-37-thread-1] INFO  server.RaftServerConfigKeys (ConfUtils.java:logGet(43)) - raft.server.log.segment.size.max = 1048576 (custom)
2019-09-11 05:28:54,821 [pool-77-thread-1] INFO  server.RaftServerConfigKeys (ConfUtils.java:logGet(43)) - raft.server.log.force.sync.num = 128 (default)
2019-09-11 05:28:54,821 [pool-97-thread-1] INFO  server.RaftServerConfigKeys (ConfUtils.java:logGet(43)) - raft.server.log.segment.cache.num.max = 2 (custom)
2019-09-11 05:28:54,821 [pool-77-thread-1] INFO  server.RaftServerConfigKeys (ConfUtils.java:logGet(43)) - raft.server.log.statemachine.data.sync = true (default)
2019-09-11 05:28:54,821 [pool-37-thread-1] INFO  server.RaftServerConfigKeys (ConfUtils.java:logGet(43)) - raft.server.log.segment.cache.num.max = 2 (custom)
2019-09-11 05:28:54,822 [pool-77-thread-1] INFO  server.RaftServerConfigKeys (ConfUtils.java:logGet(43)) - raft.server.log.statemachine.data.sync.timeout = 10s (default)
2019-09-11 05:28:54,822 [pool-97-thread-1] INFO  segmented.SegmentedRaftLogWorker (SegmentedRaftLogWorker.java:<init>(172)) - new 64c45ce8-9e8f-4626-9780-d8b476434616@group-B7894EF2C8AA-SegmentedRaftLogWorker for RaftStorage:Storage Directory /workdir/hadoop-ozone/integration-test/target/test-dir/MiniOzoneClusterImpl-712b11b3-5514-48f8-84a2-2435d4ba870b/datanode-7/data/ratis/b0a8c6ed-4bd3-40bd-ab3d-b7894ef2c8aa
2019-09-11 05:28:54,822 [pool-77-thread-1] INFO  server.RaftServerConfigKeys (ConfUtils.java:logGet(43)) - raft.server.log.statemachine.data.sync.timeout.retry = -1 (default)
2019-09-11 05:28:54,822 [pool-37-thread-1] INFO  segmented.SegmentedRaftLogWorker (SegmentedRaftLogWorker.java:<init>(172)) - new 1169a1ed-1394-44b2-9737-be9aad5bd237@group-B7894EF2C8AA-SegmentedRaftLogWorker for RaftStorage:Storage Directory /workdir/hadoop-ozone/integration-test/target/test-dir/MiniOzoneClusterImpl-712b11b3-5514-48f8-84a2-2435d4ba870b/datanode-1/data/ratis/b0a8c6ed-4bd3-40bd-ab3d-b7894ef2c8aa
2019-09-11 05:28:54,822 [pool-77-thread-1] INFO  server.RaftServerConfigKeys (ConfUtils.java:logGet(43)) - raft.server.log.statemachine.data.caching.enabled = true (custom)
2019-09-11 05:28:54,822 [pool-97-thread-1] INFO  server.RaftServerConfigKeys (ConfUtils.java:logGet(43)) - raft.server.log.queue.byte-limit = 2147483647 (custom)
2019-09-11 05:28:54,822 [pool-37-thread-1] INFO  server.RaftServerConfigKeys (ConfUtils.java:logGet(43)) - raft.server.log.queue.byte-limit = 2147483647 (custom)
2019-09-11 05:28:54,823 [pool-77-thread-1] INFO  segmented.SegmentedRaftLogWorker (SegmentedRaftLogWorker.java:lambda$new$0(132)) - 78dbd0e6-a34a-4054-9e2e-3bf1b76c8205@group-B7894EF2C8AA-SegmentedRaftLogWorker: flushIndex: setUnconditionally 0 -> -1
2019-09-11 05:28:54,823 [pool-97-thread-1] INFO  server.RaftServerConfigKeys (ConfUtils.java:logGet(43)) - raft.server.log.queue.element-limit = 1024 (custom)
2019-09-11 05:28:54,823 [pool-37-thread-1] INFO  server.RaftServerConfigKeys (ConfUtils.java:logGet(43)) - raft.server.log.queue.element-limit = 1024 (custom)
2019-09-11 05:28:54,823 [pool-77-thread-1] INFO  server.RaftServerConfigKeys (ConfUtils.java:logGet(43)) - raft.server.snapshot.auto.trigger.enabled = true (custom)
2019-09-11 05:28:54,823 [pool-97-thread-1] INFO  server.RaftServerConfigKeys (ConfUtils.java:logGet(43)) - raft.server.log.segment.size.max = 1048576 (custom)
2019-09-11 05:28:54,823 [pool-77-thread-1] INFO  server.RaftServerConfigKeys (ConfUtils.java:logGet(43)) - raft.server.snapshot.auto.trigger.threshold = 10000 (custom)
2019-09-11 05:28:54,823 [pool-37-thread-1] INFO  server.RaftServerConfigKeys (ConfUtils.java:logGet(43)) - raft.server.log.segment.size.max = 1048576 (custom)
2019-09-11 05:28:54,823 [pool-77-thread-1] INFO  server.RaftServerConfigKeys (ConfUtils.java:logGet(43)) - raft.server.snapshot.retention.num.files = -1 (default)
2019-09-11 05:28:54,823 [pool-97-thread-1] INFO  server.RaftServerConfigKeys (ConfUtils.java:logGet(43)) - raft.server.log.preallocated.size = 16384 (custom)
2019-09-11 05:28:54,824 [pool-77-thread-1] INFO  server.RaftServerConfigKeys (ConfUtils.java:logGet(43)) - raft.server.retrycache.expirytime = 600000ms (custom)
2019-09-11 05:28:54,823 [pool-37-thread-1] INFO  server.RaftServerConfigKeys (ConfUtils.java:logGet(43)) - raft.server.log.preallocated.size = 16384 (custom)
2019-09-11 05:28:54,824 [pool-97-thread-1] INFO  server.RaftServerConfigKeys (ConfUtils.java:logGet(43)) - raft.server.log.write.buffer.size = 33554432 (custom)
2019-09-11 05:28:54,824 [pool-37-thread-1] INFO  server.RaftServerConfigKeys (ConfUtils.java:logGet(43)) - raft.server.log.write.buffer.size = 33554432 (custom)
2019-09-11 05:28:54,824 [pool-97-thread-1] INFO  server.RaftServerConfigKeys (ConfUtils.java:logGet(43)) - raft.server.log.force.sync.num = 128 (default)
2019-09-11 05:28:54,824 [pool-37-thread-1] INFO  server.RaftServerConfigKeys (ConfUtils.java:logGet(43)) - raft.server.log.force.sync.num = 128 (default)
2019-09-11 05:28:54,824 [pool-97-thread-1] INFO  server.RaftServerConfigKeys (ConfUtils.java:logGet(43)) - raft.server.log.statemachine.data.sync = true (default)
2019-09-11 05:28:54,825 [pool-37-thread-1] INFO  server.RaftServerConfigKeys (ConfUtils.java:logGet(43)) - raft.server.log.statemachine.data.sync = true (default)
2019-09-11 05:28:54,825 [pool-97-thread-1] INFO  server.RaftServerConfigKeys (ConfUtils.java:logGet(43)) - raft.server.log.statemachine.data.sync.timeout = 10s (default)
2019-09-11 05:28:54,825 [pool-37-thread-1] INFO  server.RaftServerConfigKeys (ConfUtils.java:logGet(43)) - raft.server.log.statemachine.data.sync.timeout = 10s (default)
2019-09-11 05:28:54,825 [pool-97-thread-1] INFO  server.RaftServerConfigKeys (ConfUtils.java:logGet(43)) - raft.server.log.statemachine.data.sync.timeout.retry = -1 (default)
2019-09-11 05:28:54,825 [pool-37-thread-1] INFO  server.RaftServerConfigKeys (ConfUtils.java:logGet(43)) - raft.server.log.statemachine.data.sync.timeout.retry = -1 (default)
2019-09-11 05:28:54,825 [pool-97-thread-1] INFO  server.RaftServerConfigKeys (ConfUtils.java:logGet(43)) - raft.server.log.statemachine.data.caching.enabled = true (custom)
2019-09-11 05:28:54,826 [pool-37-thread-1] INFO  server.RaftServerConfigKeys (ConfUtils.java:logGet(43)) - raft.server.log.statemachine.data.caching.enabled = true (custom)
2019-09-11 05:28:54,826 [pool-97-thread-1] INFO  segmented.SegmentedRaftLogWorker (SegmentedRaftLogWorker.java:lambda$new$0(132)) - 64c45ce8-9e8f-4626-9780-d8b476434616@group-B7894EF2C8AA-SegmentedRaftLogWorker: flushIndex: setUnconditionally 0 -> -1
2019-09-11 05:28:54,826 [pool-37-thread-1] INFO  segmented.SegmentedRaftLogWorker (SegmentedRaftLogWorker.java:lambda$new$0(132)) - 1169a1ed-1394-44b2-9737-be9aad5bd237@group-B7894EF2C8AA-SegmentedRaftLogWorker: flushIndex: setUnconditionally 0 -> -1
2019-09-11 05:28:54,826 [pool-77-thread-1] INFO  impl.RaftServerImpl (RaftServerImpl.java:start(185)) - 78dbd0e6-a34a-4054-9e2e-3bf1b76c8205@group-B7894EF2C8AA: start as a follower, conf=-1: [1169a1ed-1394-44b2-9737-be9aad5bd237:192.168.36.125:39685, 64c45ce8-9e8f-4626-9780-d8b476434616:192.168.36.125:34416, 78dbd0e6-a34a-4054-9e2e-3bf1b76c8205:192.168.36.125:36886], old=null
2019-09-11 05:28:54,826 [pool-97-thread-1] INFO  server.RaftServerConfigKeys (ConfUtils.java:logGet(43)) - raft.server.snapshot.auto.trigger.enabled = true (custom)
2019-09-11 05:28:54,826 [pool-37-thread-1] INFO  server.RaftServerConfigKeys (ConfUtils.java:logGet(43)) - raft.server.snapshot.auto.trigger.enabled = true (custom)
2019-09-11 05:28:54,826 [pool-77-thread-1] INFO  impl.RaftServerImpl (RaftServerImpl.java:setRole(174)) - 78dbd0e6-a34a-4054-9e2e-3bf1b76c8205@group-B7894EF2C8AA: changes role from      null to FOLLOWER at term 0 for startAsFollower
2019-09-11 05:28:54,827 [pool-37-thread-1] INFO  server.RaftServerConfigKeys (ConfUtils.java:logGet(43)) - raft.server.snapshot.auto.trigger.threshold = 10000 (custom)
2019-09-11 05:28:54,826 [pool-97-thread-1] INFO  server.RaftServerConfigKeys (ConfUtils.java:logGet(43)) - raft.server.snapshot.auto.trigger.threshold = 10000 (custom)
2019-09-11 05:28:54,827 [pool-37-thread-1] INFO  server.RaftServerConfigKeys (ConfUtils.java:logGet(43)) - raft.server.snapshot.retention.num.files = -1 (default)
2019-09-11 05:28:54,827 [pool-77-thread-1] INFO  impl.RoleInfo (RoleInfo.java:updateAndGet(143)) - 78dbd0e6-a34a-4054-9e2e-3bf1b76c8205: start FollowerState
2019-09-11 05:28:54,827 [pool-37-thread-1] INFO  server.RaftServerConfigKeys (ConfUtils.java:logGet(43)) - raft.server.retrycache.expirytime = 600000ms (custom)
2019-09-11 05:28:54,827 [pool-97-thread-1] INFO  server.RaftServerConfigKeys (ConfUtils.java:logGet(43)) - raft.server.snapshot.retention.num.files = -1 (default)
2019-09-11 05:28:54,827 [pool-77-thread-1] INFO  util.JmxRegister (JmxRegister.java:tryRegister(44)) - Successfully registered JMX Bean with object name Ratis:service=RaftServer,group=group-B7894EF2C8AA,id=78dbd0e6-a34a-4054-9e2e-3bf1b76c8205
2019-09-11 05:28:54,827 [pool-97-thread-1] INFO  server.RaftServerConfigKeys (ConfUtils.java:logGet(43)) - raft.server.retrycache.expirytime = 600000ms (custom)
2019-09-11 05:28:54,841 [pool-37-thread-1] INFO  impl.RaftServerImpl (RaftServerImpl.java:start(185)) - 1169a1ed-1394-44b2-9737-be9aad5bd237@group-B7894EF2C8AA: start as a follower, conf=-1: [1169a1ed-1394-44b2-9737-be9aad5bd237:192.168.36.125:39685, 64c45ce8-9e8f-4626-9780-d8b476434616:192.168.36.125:34416, 78dbd0e6-a34a-4054-9e2e-3bf1b76c8205:192.168.36.125:36886], old=null
2019-09-11 05:28:54,841 [pool-37-thread-1] INFO  impl.RaftServerImpl (RaftServerImpl.java:setRole(174)) - 1169a1ed-1394-44b2-9737-be9aad5bd237@group-B7894EF2C8AA: changes role from      null to FOLLOWER at term 0 for startAsFollower
2019-09-11 05:28:54,841 [pool-37-thread-1] INFO  impl.RoleInfo (RoleInfo.java:updateAndGet(143)) - 1169a1ed-1394-44b2-9737-be9aad5bd237: start FollowerState
2019-09-11 05:28:54,841 [pool-97-thread-1] INFO  impl.RaftServerImpl (RaftServerImpl.java:start(185)) - 64c45ce8-9e8f-4626-9780-d8b476434616@group-B7894EF2C8AA: start as a follower, conf=-1: [1169a1ed-1394-44b2-9737-be9aad5bd237:192.168.36.125:39685, 64c45ce8-9e8f-4626-9780-d8b476434616:192.168.36.125:34416, 78dbd0e6-a34a-4054-9e2e-3bf1b76c8205:192.168.36.125:36886], old=null
2019-09-11 05:28:54,841 [pool-37-thread-1] INFO  util.JmxRegister (JmxRegister.java:tryRegister(44)) - Successfully registered JMX Bean with object name Ratis:service=RaftServer,group=group-B7894EF2C8AA,id=1169a1ed-1394-44b2-9737-be9aad5bd237
2019-09-11 05:28:54,841 [pool-97-thread-1] INFO  impl.RaftServerImpl (RaftServerImpl.java:setRole(174)) - 64c45ce8-9e8f-4626-9780-d8b476434616@group-B7894EF2C8AA: changes role from      null to FOLLOWER at term 0 for startAsFollower
2019-09-11 05:28:54,842 [pool-97-thread-1] INFO  impl.RoleInfo (RoleInfo.java:updateAndGet(143)) - 64c45ce8-9e8f-4626-9780-d8b476434616: start FollowerState
2019-09-11 05:28:54,842 [pool-97-thread-1] INFO  util.JmxRegister (JmxRegister.java:tryRegister(44)) - Successfully registered JMX Bean with object name Ratis:service=RaftServer,group=group-B7894EF2C8AA,id=64c45ce8-9e8f-4626-9780-d8b476434616
2019-09-11 05:28:54,856 [RatisPipelineUtilsThread] INFO  pipeline.PipelineStateManager (PipelineStateManager.java:addPipeline(56)) - Created pipeline Pipeline[ Id: b0a8c6ed-4bd3-40bd-ab3d-b7894ef2c8aa, Nodes: 1169a1ed-1394-44b2-9737-be9aad5bd237{ip: 192.168.36.125, host: trunk-nightly-20190911-vpfxm-1000144475, networkLocation: /default-rack, certSerialId: null}64c45ce8-9e8f-4626-9780-d8b476434616{ip: 192.168.36.125, host: trunk-nightly-20190911-vpfxm-1000144475, networkLocation: /default-rack, certSerialId: null}78dbd0e6-a34a-4054-9e2e-3bf1b76c8205{ip: 192.168.36.125, host: trunk-nightly-20190911-vpfxm-1000144475, networkLocation: /default-rack, certSerialId: null}, Type:RATIS, Factor:THREE, State:OPEN]
2019-09-11 05:28:54,876 [Thread-291] INFO  impl.FollowerState (FollowerState.java:run(106)) - b5c94862-e767-4e3a-a577-422bae381862:group-4FA428F28DBC changes to CANDIDATE, lastRpcTime:1063, electionTimeout:1063ms
2019-09-11 05:28:54,878 [Thread-291] INFO  impl.RoleInfo (RoleInfo.java:shutdownFollowerState(121)) - b5c94862-e767-4e3a-a577-422bae381862: shutdown FollowerState
2019-09-11 05:28:54,878 [Thread-291] INFO  impl.RaftServerImpl (RaftServerImpl.java:setRole(174)) - b5c94862-e767-4e3a-a577-422bae381862@group-4FA428F28DBC: changes role from  FOLLOWER to CANDIDATE at term 0 for changeToCandidate
2019-09-11 05:28:54,879 [Thread-291] INFO  impl.RoleInfo (RoleInfo.java:updateAndGet(143)) - b5c94862-e767-4e3a-a577-422bae381862: start LeaderElection
2019-09-11 05:28:54,892 [grpc-default-executor-3] INFO  impl.RaftServerProxy (RaftServerProxy.java:addNew(89)) - 33471566-8842-41e4-bba3-9cc287622f4a: addNew group-00994406B9A2:[1085c8a3-fcd4-45c4-be46-c3757d6b46c3:192.168.36.125:32899, 33471566-8842-41e4-bba3-9cc287622f4a:192.168.36.125:43770, cf454e7e-23b5-43a4-8b5d-d83390319e33:192.168.36.125:43699] returns group-00994406B9A2:java.util.concurrent.CompletableFuture@5e02a4e6[Not completed]
2019-09-11 05:28:54,892 [grpc-default-executor-2] INFO  impl.RaftServerProxy (RaftServerProxy.java:addNew(89)) - cf454e7e-23b5-43a4-8b5d-d83390319e33: addNew group-00994406B9A2:[1085c8a3-fcd4-45c4-be46-c3757d6b46c3:192.168.36.125:32899, 33471566-8842-41e4-bba3-9cc287622f4a:192.168.36.125:43770, cf454e7e-23b5-43a4-8b5d-d83390319e33:192.168.36.125:43699] returns group-00994406B9A2:java.util.concurrent.CompletableFuture@317dda1[Not completed]
2019-09-11 05:28:54,893 [grpc-default-executor-0] INFO  impl.RaftServerProxy (RaftServerProxy.java:addNew(89)) - 1085c8a3-fcd4-45c4-be46-c3757d6b46c3: addNew group-00994406B9A2:[1085c8a3-fcd4-45c4-be46-c3757d6b46c3:192.168.36.125:32899, 33471566-8842-41e4-bba3-9cc287622f4a:192.168.36.125:43770, cf454e7e-23b5-43a4-8b5d-d83390319e33:192.168.36.125:43699] returns group-00994406B9A2:java.util.concurrent.CompletableFuture@7e9fb509[Not completed]
2019-09-11 05:28:54,895 [pool-27-thread-1] INFO  impl.RaftServerImpl (RaftServerImpl.java:<init>(95)) - cf454e7e-23b5-43a4-8b5d-d83390319e33: new RaftServerImpl for group-00994406B9A2:[1085c8a3-fcd4-45c4-be46-c3757d6b46c3:192.168.36.125:32899, 33471566-8842-41e4-bba3-9cc287622f4a:192.168.36.125:43770, cf454e7e-23b5-43a4-8b5d-d83390319e33:192.168.36.125:43699] with ContainerStateMachine:uninitialized
2019-09-11 05:28:54,895 [pool-27-thread-1] INFO  server.RaftServerConfigKeys (ConfUtils.java:logGet(43)) - raft.server.rpc.timeout.min = 1s (custom)
2019-09-11 05:28:54,895 [pool-27-thread-1] INFO  server.RaftServerConfigKeys (ConfUtils.java:logGet(43)) - raft.server.rpc.timeout.max = 1200ms (custom)
2019-09-11 05:28:54,895 [pool-27-thread-1] INFO  server.RaftServerConfigKeys (ConfUtils.java:logGet(43)) - raft.server.rpcslowness.timeout = 120s (custom)
2019-09-11 05:28:54,896 [pool-27-thread-1] INFO  server.RaftServerConfigKeys (ConfUtils.java:logGet(43)) - raft.server.sleep.deviation.threshold = 300 (default)
2019-09-11 05:28:54,896 [pool-27-thread-1] INFO  server.RaftServerConfigKeys (ConfUtils.java:logGet(43)) - raft.server.log.appender.install.snapshot.enabled = false (custom)
2019-09-11 05:28:54,896 [pool-27-thread-1] INFO  impl.RaftServerImpl (ServerState.java:<init>(103)) - cf454e7e-23b5-43a4-8b5d-d83390319e33@group-00994406B9A2: ConfigurationManager, init=-1: [1085c8a3-fcd4-45c4-be46-c3757d6b46c3:192.168.36.125:32899, 33471566-8842-41e4-bba3-9cc287622f4a:192.168.36.125:43770, cf454e7e-23b5-43a4-8b5d-d83390319e33:192.168.36.125:43699], old=null, confs=<EMPTY_MAP>
2019-09-11 05:28:54,896 [pool-27-thread-1] INFO  server.RaftServerConfigKeys (ConfUtils.java:logGet(43)) - raft.server.storage.dir = [/workdir/hadoop-ozone/integration-test/target/test-dir/MiniOzoneClusterImpl-712b11b3-5514-48f8-84a2-2435d4ba870b/datanode-0/data/ratis] (custom)
2019-09-11 05:28:54,896 [pool-27-thread-1] INFO  storage.RaftStorageDirectory (RaftStorageDirectory.java:analyzeStorage(246)) - The storage directory /workdir/hadoop-ozone/integration-test/target/test-dir/MiniOzoneClusterImpl-712b11b3-5514-48f8-84a2-2435d4ba870b/datanode-0/data/ratis/76751961-850d-4a95-84e1-00994406b9a2 does not exist. Creating ...
2019-09-11 05:28:54,896 [pool-107-thread-1] INFO  impl.RaftServerImpl (RaftServerImpl.java:<init>(95)) - 33471566-8842-41e4-bba3-9cc287622f4a: new RaftServerImpl for group-00994406B9A2:[1085c8a3-fcd4-45c4-be46-c3757d6b46c3:192.168.36.125:32899, 33471566-8842-41e4-bba3-9cc287622f4a:192.168.36.125:43770, cf454e7e-23b5-43a4-8b5d-d83390319e33:192.168.36.125:43699] with ContainerStateMachine:uninitialized
2019-09-11 05:28:54,897 [pool-107-thread-1] INFO  server.RaftServerConfigKeys (ConfUtils.java:logGet(43)) - raft.server.rpc.timeout.min = 1s (custom)
2019-09-11 05:28:54,897 [pool-107-thread-1] INFO  server.RaftServerConfigKeys (ConfUtils.java:logGet(43)) - raft.server.rpc.timeout.max = 1200ms (custom)
2019-09-11 05:28:54,897 [pool-107-thread-1] INFO  server.RaftServerConfigKeys (ConfUtils.java:logGet(43)) - raft.server.rpcslowness.timeout = 120s (custom)
2019-09-11 05:28:54,897 [pool-107-thread-1] INFO  server.RaftServerConfigKeys (ConfUtils.java:logGet(43)) - raft.server.sleep.deviation.threshold = 300 (default)
2019-09-11 05:28:54,897 [pool-107-thread-1] INFO  server.RaftServerConfigKeys (ConfUtils.java:logGet(43)) - raft.server.log.appender.install.snapshot.enabled = false (custom)
2019-09-11 05:28:54,897 [pool-57-thread-1] INFO  impl.RaftServerImpl (RaftServerImpl.java:<init>(95)) - 1085c8a3-fcd4-45c4-be46-c3757d6b46c3: new RaftServerImpl for group-00994406B9A2:[1085c8a3-fcd4-45c4-be46-c3757d6b46c3:192.168.36.125:32899, 33471566-8842-41e4-bba3-9cc287622f4a:192.168.36.125:43770, cf454e7e-23b5-43a4-8b5d-d83390319e33:192.168.36.125:43699] with ContainerStateMachine:uninitialized
2019-09-11 05:28:54,898 [pool-107-thread-1] INFO  impl.RaftServerImpl (ServerState.java:<init>(103)) - 33471566-8842-41e4-bba3-9cc287622f4a@group-00994406B9A2: ConfigurationManager, init=-1: [1085c8a3-fcd4-45c4-be46-c3757d6b46c3:192.168.36.125:32899, 33471566-8842-41e4-bba3-9cc287622f4a:192.168.36.125:43770, cf454e7e-23b5-43a4-8b5d-d83390319e33:192.168.36.125:43699], old=null, confs=<EMPTY_MAP>
2019-09-11 05:28:54,898 [b5c94862-e767-4e3a-a577-422bae381862@group-4FA428F28DBC:LeaderElection3] INFO  impl.LeaderElection (LeaderElection.java:askForVotes(182)) - b5c94862-e767-4e3a-a577-422bae381862@group-4FA428F28DBC:LeaderElection3: begin an election at term 1 for -1: [b5c94862-e767-4e3a-a577-422bae381862:192.168.36.125:46265], old=null
2019-09-11 05:28:54,900 [pool-27-thread-1] INFO  storage.RaftStorageDirectory (RaftStorageDirectory.java:tryLock(328)) - Lock on /workdir/hadoop-ozone/integration-test/target/test-dir/MiniOzoneClusterImpl-712b11b3-5514-48f8-84a2-2435d4ba870b/datanode-0/data/ratis/76751961-850d-4a95-84e1-00994406b9a2/in_use.lock acquired by nodename 18442@trunk-nightly-20190911-vpfxm-1000144475
2019-09-11 05:28:54,898 [pool-57-thread-1] INFO  server.RaftServerConfigKeys (ConfUtils.java:logGet(43)) - raft.server.rpc.timeout.min = 1s (custom)
2019-09-11 05:28:54,901 [b5c94862-e767-4e3a-a577-422bae381862@group-4FA428F28DBC:LeaderElection3] INFO  impl.RoleInfo (RoleInfo.java:shutdownLeaderElection(134)) - b5c94862-e767-4e3a-a577-422bae381862: shutdown LeaderElection
2019-09-11 05:28:54,901 [pool-107-thread-1] INFO  server.RaftServerConfigKeys (ConfUtils.java:logGet(43)) - raft.server.storage.dir = [/workdir/hadoop-ozone/integration-test/target/test-dir/MiniOzoneClusterImpl-712b11b3-5514-48f8-84a2-2435d4ba870b/datanode-8/data/ratis] (custom)
2019-09-11 05:28:54,901 [b5c94862-e767-4e3a-a577-422bae381862@group-4FA428F28DBC:LeaderElection3] INFO  impl.RaftServerImpl (RaftServerImpl.java:setRole(174)) - b5c94862-e767-4e3a-a577-422bae381862@group-4FA428F28DBC: changes role from CANDIDATE to LEADER at term 1 for changeToLeader
2019-09-11 05:28:54,901 [b5c94862-e767-4e3a-a577-422bae381862@group-4FA428F28DBC:LeaderElection3] INFO  impl.RaftServerImpl (ServerState.java:setLeader(253)) - b5c94862-e767-4e3a-a577-422bae381862@group-4FA428F28DBC: change Leader from null to b5c94862-e767-4e3a-a577-422bae381862 at term 1 for becomeLeader, leader elected after 1145ms
2019-09-11 05:28:54,901 [pool-57-thread-1] INFO  server.RaftServerConfigKeys (ConfUtils.java:logGet(43)) - raft.server.rpc.timeout.max = 1200ms (custom)
2019-09-11 05:28:54,902 [pool-107-thread-1] INFO  storage.RaftStorageDirectory (RaftStorageDirectory.java:analyzeStorage(246)) - The storage directory /workdir/hadoop-ozone/integration-test/target/test-dir/MiniOzoneClusterImpl-712b11b3-5514-48f8-84a2-2435d4ba870b/datanode-8/data/ratis/76751961-850d-4a95-84e1-00994406b9a2 does not exist. Creating ...
2019-09-11 05:28:54,901 [b5c94862-e767-4e3a-a577-422bae381862@group-4FA428F28DBC:LeaderElection3] INFO  server.RaftServerConfigKeys (ConfUtils.java:logGet(43)) - raft.server.staging.catchup.gap = 1000 (default)
2019-09-11 05:28:54,902 [pool-57-thread-1] INFO  server.RaftServerConfigKeys (ConfUtils.java:logGet(43)) - raft.server.rpcslowness.timeout = 120s (custom)
2019-09-11 05:28:54,902 [b5c94862-e767-4e3a-a577-422bae381862@group-4FA428F28DBC:LeaderElection3] INFO  server.RaftServerConfigKeys (ConfUtils.java:logGet(43)) - raft.server.rpc.sleep.time = 25ms (default)
2019-09-11 05:28:54,902 [pool-57-thread-1] INFO  server.RaftServerConfigKeys (ConfUtils.java:logGet(43)) - raft.server.sleep.deviation.threshold = 300 (default)
2019-09-11 05:28:54,902 [b5c94862-e767-4e3a-a577-422bae381862@group-4FA428F28DBC:LeaderElection3] INFO  server.RaftServerConfigKeys (ConfUtils.java:logGet(43)) - raft.server.write.element-limit = 4096 (default)
2019-09-11 05:28:54,902 [pool-57-thread-1] INFO  server.RaftServerConfigKeys (ConfUtils.java:logGet(43)) - raft.server.log.appender.install.snapshot.enabled = false (custom)
2019-09-11 05:28:54,902 [b5c94862-e767-4e3a-a577-422bae381862@group-4FA428F28DBC:LeaderElection3] INFO  server.RaftServerConfigKeys (ConfUtils.java:logGet(43)) - raft.server.watch.timeout = 10s (default)
2019-09-11 05:28:54,903 [pool-57-thread-1] INFO  impl.RaftServerImpl (ServerState.java:<init>(103)) - 1085c8a3-fcd4-45c4-be46-c3757d6b46c3@group-00994406B9A2: ConfigurationManager, init=-1: [1085c8a3-fcd4-45c4-be46-c3757d6b46c3:192.168.36.125:32899, 33471566-8842-41e4-bba3-9cc287622f4a:192.168.36.125:43770, cf454e7e-23b5-43a4-8b5d-d83390319e33:192.168.36.125:43699], old=null, confs=<EMPTY_MAP>
2019-09-11 05:28:54,903 [b5c94862-e767-4e3a-a577-422bae381862@group-4FA428F28DBC:LeaderElection3] INFO  server.RaftServerConfigKeys (ConfUtils.java:logGet(43)) - raft.server.watch.timeout.denomination = 1s (default)
2019-09-11 05:28:54,903 [b5c94862-e767-4e3a-a577-422bae381862@group-4FA428F28DBC:LeaderElection3] INFO  server.RaftServerConfigKeys (ConfUtils.java:logGet(43)) - raft.server.watch.element-limit = 65536 (default)
2019-09-11 05:28:54,903 [pool-57-thread-1] INFO  server.RaftServerConfigKeys (ConfUtils.java:logGet(43)) - raft.server.storage.dir = [/workdir/hadoop-ozone/integration-test/target/test-dir/MiniOzoneClusterImpl-712b11b3-5514-48f8-84a2-2435d4ba870b/datanode-3/data/ratis] (custom)
2019-09-11 05:28:54,903 [pool-57-thread-1] INFO  storage.RaftStorageDirectory (RaftStorageDirectory.java:analyzeStorage(246)) - The storage directory /workdir/hadoop-ozone/integration-test/target/test-dir/MiniOzoneClusterImpl-712b11b3-5514-48f8-84a2-2435d4ba870b/datanode-3/data/ratis/76751961-850d-4a95-84e1-00994406b9a2 does not exist. Creating ...
2019-09-11 05:28:54,905 [b5c94862-e767-4e3a-a577-422bae381862@group-4FA428F28DBC:LeaderElection3] INFO  impl.RoleInfo (RoleInfo.java:updateAndGet(143)) - b5c94862-e767-4e3a-a577-422bae381862: start LeaderState
2019-09-11 05:28:54,906 [b5c94862-e767-4e3a-a577-422bae381862@group-4FA428F28DBC:LeaderElection3] INFO  segmented.SegmentedRaftLogWorker (SegmentedRaftLogWorker.java:startLogSegment(380)) - b5c94862-e767-4e3a-a577-422bae381862@group-4FA428F28DBC-SegmentedRaftLogWorker: Starting segment from index:0
2019-09-11 05:28:54,906 [b5c94862-e767-4e3a-a577-422bae381862@group-4FA428F28DBC:LeaderElection3] INFO  impl.RaftServerImpl (ServerState.java:setRaftConf(354)) - b5c94862-e767-4e3a-a577-422bae381862@group-4FA428F28DBC: set configuration 0: [b5c94862-e767-4e3a-a577-422bae381862:192.168.36.125:46265], old=null at 0
2019-09-11 05:28:54,914 [pool-107-thread-1] INFO  storage.RaftStorageDirectory (RaftStorageDirectory.java:tryLock(328)) - Lock on /workdir/hadoop-ozone/integration-test/target/test-dir/MiniOzoneClusterImpl-712b11b3-5514-48f8-84a2-2435d4ba870b/datanode-8/data/ratis/76751961-850d-4a95-84e1-00994406b9a2/in_use.lock acquired by nodename 18442@trunk-nightly-20190911-vpfxm-1000144475
2019-09-11 05:28:54,915 [pool-27-thread-1] INFO  storage.RaftStorage (RaftStorage.java:format(72)) - Storage directory /workdir/hadoop-ozone/integration-test/target/test-dir/MiniOzoneClusterImpl-712b11b3-5514-48f8-84a2-2435d4ba870b/datanode-0/data/ratis/76751961-850d-4a95-84e1-00994406b9a2 has been successfully formatted.
2019-09-11 05:28:54,914 [pool-57-thread-1] INFO  storage.RaftStorageDirectory (RaftStorageDirectory.java:tryLock(328)) - Lock on /workdir/hadoop-ozone/integration-test/target/test-dir/MiniOzoneClusterImpl-712b11b3-5514-48f8-84a2-2435d4ba870b/datanode-3/data/ratis/76751961-850d-4a95-84e1-00994406b9a2/in_use.lock acquired by nodename 18442@trunk-nightly-20190911-vpfxm-1000144475
2019-09-11 05:28:54,915 [pool-27-thread-1] INFO  ratis.ContainerStateMachine (ContainerStateMachine.java:loadSnapshot(230)) - group-00994406B9A2: The snapshot info is null. Setting the last applied indexto:(t:0, i:~)
2019-09-11 05:28:54,915 [pool-27-thread-1] INFO  server.RaftServerConfigKeys (ConfUtils.java:logGet(43)) - raft.server.notification.no-leader.timeout = 120s (custom)
2019-09-11 05:28:54,916 [pool-27-thread-1] INFO  server.RaftServerConfigKeys (ConfUtils.java:logGet(43)) - raft.server.log.use.memory = false (default)
2019-09-11 05:28:54,916 [pool-27-thread-1] INFO  server.RaftServerConfigKeys (ConfUtils.java:logGet(43)) - raft.server.log.purge.gap = 1000000 (custom)
2019-09-11 05:28:54,916 [pool-27-thread-1] INFO  server.RaftServerConfigKeys (ConfUtils.java:logGet(43)) - raft.server.log.appender.buffer.byte-limit = 33554432 (custom)
2019-09-11 05:28:54,916 [pool-27-thread-1] INFO  server.RaftServerConfigKeys (ConfUtils.java:logGet(43)) - raft.server.log.segment.size.max = 1048576 (custom)
2019-09-11 05:28:54,916 [pool-27-thread-1] INFO  server.RaftServerConfigKeys (ConfUtils.java:logGet(43)) - raft.server.log.segment.cache.num.max = 2 (custom)
2019-09-11 05:28:54,917 [pool-27-thread-1] INFO  segmented.SegmentedRaftLogWorker (SegmentedRaftLogWorker.java:<init>(172)) - new cf454e7e-23b5-43a4-8b5d-d83390319e33@group-00994406B9A2-SegmentedRaftLogWorker for RaftStorage:Storage Directory /workdir/hadoop-ozone/integration-test/target/test-dir/MiniOzoneClusterImpl-712b11b3-5514-48f8-84a2-2435d4ba870b/datanode-0/data/ratis/76751961-850d-4a95-84e1-00994406b9a2
2019-09-11 05:28:54,917 [pool-27-thread-1] INFO  server.RaftServerConfigKeys (ConfUtils.java:logGet(43)) - raft.server.log.queue.byte-limit = 2147483647 (custom)
2019-09-11 05:28:54,917 [pool-27-thread-1] INFO  server.RaftServerConfigKeys (ConfUtils.java:logGet(43)) - raft.server.log.queue.element-limit = 1024 (custom)
2019-09-11 05:28:54,917 [pool-27-thread-1] INFO  server.RaftServerConfigKeys (ConfUtils.java:logGet(43)) - raft.server.log.segment.size.max = 1048576 (custom)
2019-09-11 05:28:54,917 [pool-27-thread-1] INFO  server.RaftServerConfigKeys (ConfUtils.java:logGet(43)) - raft.server.log.preallocated.size = 16384 (custom)
2019-09-11 05:28:54,917 [pool-27-thread-1] INFO  server.RaftServerConfigKeys (ConfUtils.java:logGet(43)) - raft.server.log.write.buffer.size = 33554432 (custom)
2019-09-11 05:28:54,918 [pool-27-thread-1] INFO  server.RaftServerConfigKeys (ConfUtils.java:logGet(43)) - raft.server.log.force.sync.num = 128 (default)
2019-09-11 05:28:54,918 [pool-27-thread-1] INFO  server.RaftServerConfigKeys (ConfUtils.java:logGet(43)) - raft.server.log.statemachine.data.sync = true (default)
2019-09-11 05:28:54,918 [pool-27-thread-1] INFO  server.RaftServerConfigKeys (ConfUtils.java:logGet(43)) - raft.server.log.statemachine.data.sync.timeout = 10s (default)
2019-09-11 05:28:54,918 [pool-27-thread-1] INFO  server.RaftServerConfigKeys (ConfUtils.java:logGet(43)) - raft.server.log.statemachine.data.sync.timeout.retry = -1 (default)
2019-09-11 05:28:54,918 [pool-27-thread-1] INFO  server.RaftServerConfigKeys (ConfUtils.java:logGet(43)) - raft.server.log.statemachine.data.caching.enabled = true (custom)
2019-09-11 05:28:54,919 [pool-27-thread-1] INFO  segmented.SegmentedRaftLogWorker (SegmentedRaftLogWorker.java:lambda$new$0(132)) - cf454e7e-23b5-43a4-8b5d-d83390319e33@group-00994406B9A2-SegmentedRaftLogWorker: flushIndex: setUnconditionally 0 -> -1
2019-09-11 05:28:54,919 [pool-27-thread-1] INFO  server.RaftServerConfigKeys (ConfUtils.java:logGet(43)) - raft.server.snapshot.auto.trigger.enabled = true (custom)
2019-09-11 05:28:54,919 [pool-27-thread-1] INFO  server.RaftServerConfigKeys (ConfUtils.java:logGet(43)) - raft.server.snapshot.auto.trigger.threshold = 10000 (custom)
2019-09-11 05:28:54,919 [pool-27-thread-1] INFO  server.RaftServerConfigKeys (ConfUtils.java:logGet(43)) - raft.server.snapshot.retention.num.files = -1 (default)
2019-09-11 05:28:54,920 [pool-27-thread-1] INFO  server.RaftServerConfigKeys (ConfUtils.java:logGet(43)) - raft.server.retrycache.expirytime = 600000ms (custom)
2019-09-11 05:28:54,923 [pool-27-thread-1] INFO  impl.RaftServerImpl (RaftServerImpl.java:start(185)) - cf454e7e-23b5-43a4-8b5d-d83390319e33@group-00994406B9A2: start as a follower, conf=-1: [1085c8a3-fcd4-45c4-be46-c3757d6b46c3:192.168.36.125:32899, 33471566-8842-41e4-bba3-9cc287622f4a:192.168.36.125:43770, cf454e7e-23b5-43a4-8b5d-d83390319e33:192.168.36.125:43699], old=null
2019-09-11 05:28:54,923 [pool-27-thread-1] INFO  impl.RaftServerImpl (RaftServerImpl.java:setRole(174)) - cf454e7e-23b5-43a4-8b5d-d83390319e33@group-00994406B9A2: changes role from      null to FOLLOWER at term 0 for startAsFollower
2019-09-11 05:28:54,923 [pool-27-thread-1] INFO  impl.RoleInfo (RoleInfo.java:updateAndGet(143)) - cf454e7e-23b5-43a4-8b5d-d83390319e33: start FollowerState
2019-09-11 05:28:54,924 [pool-27-thread-1] INFO  util.JmxRegister (JmxRegister.java:tryRegister(44)) - Successfully registered JMX Bean with object name Ratis:service=RaftServer,group=group-00994406B9A2,id=cf454e7e-23b5-43a4-8b5d-d83390319e33
2019-09-11 05:28:54,929 [pool-107-thread-1] INFO  storage.RaftStorage (RaftStorage.java:format(72)) - Storage directory /workdir/hadoop-ozone/integration-test/target/test-dir/MiniOzoneClusterImpl-712b11b3-5514-48f8-84a2-2435d4ba870b/datanode-8/data/ratis/76751961-850d-4a95-84e1-00994406b9a2 has been successfully formatted.
2019-09-11 05:28:54,929 [pool-57-thread-1] INFO  storage.RaftStorage (RaftStorage.java:format(72)) - Storage directory /workdir/hadoop-ozone/integration-test/target/test-dir/MiniOzoneClusterImpl-712b11b3-5514-48f8-84a2-2435d4ba870b/datanode-3/data/ratis/76751961-850d-4a95-84e1-00994406b9a2 has been successfully formatted.
2019-09-11 05:28:54,930 [pool-107-thread-1] INFO  ratis.ContainerStateMachine (ContainerStateMachine.java:loadSnapshot(230)) - group-00994406B9A2: The snapshot info is null. Setting the last applied indexto:(t:0, i:~)
2019-09-11 05:28:54,930 [pool-57-thread-1] INFO  ratis.ContainerStateMachine (ContainerStateMachine.java:loadSnapshot(230)) - group-00994406B9A2: The snapshot info is null. Setting the last applied indexto:(t:0, i:~)
2019-09-11 05:28:54,930 [pool-107-thread-1] INFO  server.RaftServerConfigKeys (ConfUtils.java:logGet(43)) - raft.server.notification.no-leader.timeout = 120s (custom)
2019-09-11 05:28:54,930 [pool-57-thread-1] INFO  server.RaftServerConfigKeys (ConfUtils.java:logGet(43)) - raft.server.notification.no-leader.timeout = 120s (custom)
2019-09-11 05:28:54,930 [pool-107-thread-1] INFO  server.RaftServerConfigKeys (ConfUtils.java:logGet(43)) - raft.server.log.use.memory = false (default)
2019-09-11 05:28:54,930 [pool-57-thread-1] INFO  server.RaftServerConfigKeys (ConfUtils.java:logGet(43)) - raft.server.log.use.memory = false (default)
2019-09-11 05:28:54,930 [pool-107-thread-1] INFO  server.RaftServerConfigKeys (ConfUtils.java:logGet(43)) - raft.server.log.purge.gap = 1000000 (custom)
2019-09-11 05:28:54,930 [pool-57-thread-1] INFO  server.RaftServerConfigKeys (ConfUtils.java:logGet(43)) - raft.server.log.purge.gap = 1000000 (custom)
2019-09-11 05:28:54,931 [pool-107-thread-1] INFO  server.RaftServerConfigKeys (ConfUtils.java:logGet(43)) - raft.server.log.appender.buffer.byte-limit = 33554432 (custom)
2019-09-11 05:28:54,931 [pool-57-thread-1] INFO  server.RaftServerConfigKeys (ConfUtils.java:logGet(43)) - raft.server.log.appender.buffer.byte-limit = 33554432 (custom)
2019-09-11 05:28:54,931 [pool-107-thread-1] INFO  server.RaftServerConfigKeys (ConfUtils.java:logGet(43)) - raft.server.log.segment.size.max = 1048576 (custom)
2019-09-11 05:28:54,931 [pool-57-thread-1] INFO  server.RaftServerConfigKeys (ConfUtils.java:logGet(43)) - raft.server.log.segment.size.max = 1048576 (custom)
2019-09-11 05:28:54,931 [pool-107-thread-1] INFO  server.RaftServerConfigKeys (ConfUtils.java:logGet(43)) - raft.server.log.segment.cache.num.max = 2 (custom)
2019-09-11 05:28:54,931 [pool-57-thread-1] INFO  server.RaftServerConfigKeys (ConfUtils.java:logGet(43)) - raft.server.log.segment.cache.num.max = 2 (custom)
2019-09-11 05:28:54,931 [pool-107-thread-1] INFO  segmented.SegmentedRaftLogWorker (SegmentedRaftLogWorker.java:<init>(172)) - new 33471566-8842-41e4-bba3-9cc287622f4a@group-00994406B9A2-SegmentedRaftLogWorker for RaftStorage:Storage Directory /workdir/hadoop-ozone/integration-test/target/test-dir/MiniOzoneClusterImpl-712b11b3-5514-48f8-84a2-2435d4ba870b/datanode-8/data/ratis/76751961-850d-4a95-84e1-00994406b9a2
2019-09-11 05:28:54,932 [pool-57-thread-1] INFO  segmented.SegmentedRaftLogWorker (SegmentedRaftLogWorker.java:<init>(172)) - new 1085c8a3-fcd4-45c4-be46-c3757d6b46c3@group-00994406B9A2-SegmentedRaftLogWorker for RaftStorage:Storage Directory /workdir/hadoop-ozone/integration-test/target/test-dir/MiniOzoneClusterImpl-712b11b3-5514-48f8-84a2-2435d4ba870b/datanode-3/data/ratis/76751961-850d-4a95-84e1-00994406b9a2
2019-09-11 05:28:54,932 [pool-107-thread-1] INFO  server.RaftServerConfigKeys (ConfUtils.java:logGet(43)) - raft.server.log.queue.byte-limit = 2147483647 (custom)
2019-09-11 05:28:54,932 [pool-57-thread-1] INFO  server.RaftServerConfigKeys (ConfUtils.java:logGet(43)) - raft.server.log.queue.byte-limit = 2147483647 (custom)
2019-09-11 05:28:54,932 [pool-107-thread-1] INFO  server.RaftServerConfigKeys (ConfUtils.java:logGet(43)) - raft.server.log.queue.element-limit = 1024 (custom)
2019-09-11 05:28:54,932 [pool-57-thread-1] INFO  server.RaftServerConfigKeys (ConfUtils.java:logGet(43)) - raft.server.log.queue.element-limit = 1024 (custom)
2019-09-11 05:28:54,932 [pool-107-thread-1] INFO  server.RaftServerConfigKeys (ConfUtils.java:logGet(43)) - raft.server.log.segment.size.max = 1048576 (custom)
2019-09-11 05:28:54,932 [pool-57-thread-1] INFO  server.RaftServerConfigKeys (ConfUtils.java:logGet(43)) - raft.server.log.segment.size.max = 1048576 (custom)
2019-09-11 05:28:54,933 [pool-107-thread-1] INFO  server.RaftServerConfigKeys (ConfUtils.java:logGet(43)) - raft.server.log.preallocated.size = 16384 (custom)
2019-09-11 05:28:54,933 [pool-57-thread-1] INFO  server.RaftServerConfigKeys (ConfUtils.java:logGet(43)) - raft.server.log.preallocated.size = 16384 (custom)
2019-09-11 05:28:54,933 [pool-107-thread-1] INFO  server.RaftServerConfigKeys (ConfUtils.java:logGet(43)) - raft.server.log.write.buffer.size = 33554432 (custom)
2019-09-11 05:28:54,933 [pool-57-thread-1] INFO  server.RaftServerConfigKeys (ConfUtils.java:logGet(43)) - raft.server.log.write.buffer.size = 33554432 (custom)
2019-09-11 05:28:54,933 [pool-107-thread-1] INFO  server.RaftServerConfigKeys (ConfUtils.java:logGet(43)) - raft.server.log.force.sync.num = 128 (default)
2019-09-11 05:28:54,933 [pool-57-thread-1] INFO  server.RaftServerConfigKeys (ConfUtils.java:logGet(43)) - raft.server.log.force.sync.num = 128 (default)
2019-09-11 05:28:54,933 [pool-107-thread-1] INFO  server.RaftServerConfigKeys (ConfUtils.java:logGet(43)) - raft.server.log.statemachine.data.sync = true (default)
2019-09-11 05:28:54,934 [pool-57-thread-1] INFO  server.RaftServerConfigKeys (ConfUtils.java:logGet(43)) - raft.server.log.statemachine.data.sync = true (default)
2019-09-11 05:28:54,934 [pool-107-thread-1] INFO  server.RaftServerConfigKeys (ConfUtils.java:logGet(43)) - raft.server.log.statemachine.data.sync.timeout = 10s (default)
2019-09-11 05:28:54,934 [pool-57-thread-1] INFO  server.RaftServerConfigKeys (ConfUtils.java:logGet(43)) - raft.server.log.statemachine.data.sync.timeout = 10s (default)
2019-09-11 05:28:54,934 [pool-107-thread-1] INFO  server.RaftServerConfigKeys (ConfUtils.java:logGet(43)) - raft.server.log.statemachine.data.sync.timeout.retry = -1 (default)
2019-09-11 05:28:54,934 [pool-57-thread-1] INFO  server.RaftServerConfigKeys (ConfUtils.java:logGet(43)) - raft.server.log.statemachine.data.sync.timeout.retry = -1 (default)
2019-09-11 05:28:54,934 [pool-107-thread-1] INFO  server.RaftServerConfigKeys (ConfUtils.java:logGet(43)) - raft.server.log.statemachine.data.caching.enabled = true (custom)
2019-09-11 05:28:54,935 [pool-57-thread-1] INFO  server.RaftServerConfigKeys (ConfUtils.java:logGet(43)) - raft.server.log.statemachine.data.caching.enabled = true (custom)
2019-09-11 05:28:54,935 [pool-107-thread-1] INFO  segmented.SegmentedRaftLogWorker (SegmentedRaftLogWorker.java:lambda$new$0(132)) - 33471566-8842-41e4-bba3-9cc287622f4a@group-00994406B9A2-SegmentedRaftLogWorker: flushIndex: setUnconditionally 0 -> -1
2019-09-11 05:28:54,935 [pool-57-thread-1] INFO  segmented.SegmentedRaftLogWorker (SegmentedRaftLogWorker.java:lambda$new$0(132)) - 1085c8a3-fcd4-45c4-be46-c3757d6b46c3@group-00994406B9A2-SegmentedRaftLogWorker: flushIndex: setUnconditionally 0 -> -1
2019-09-11 05:28:54,935 [pool-107-thread-1] INFO  server.RaftServerConfigKeys (ConfUtils.java:logGet(43)) - raft.server.snapshot.auto.trigger.enabled = true (custom)
2019-09-11 05:28:54,935 [pool-107-thread-1] INFO  server.RaftServerConfigKeys (ConfUtils.java:logGet(43)) - raft.server.snapshot.auto.trigger.threshold = 10000 (custom)
2019-09-11 05:28:54,935 [pool-57-thread-1] INFO  server.RaftServerConfigKeys (ConfUtils.java:logGet(43)) - raft.server.snapshot.auto.trigger.enabled = true (custom)
2019-09-11 05:28:54,935 [pool-107-thread-1] INFO  server.RaftServerConfigKeys (ConfUtils.java:logGet(43)) - raft.server.snapshot.retention.num.files = -1 (default)
2019-09-11 05:28:54,936 [pool-57-thread-1] INFO  server.RaftServerConfigKeys (ConfUtils.java:logGet(43)) - raft.server.snapshot.auto.trigger.threshold = 10000 (custom)
2019-09-11 05:28:54,936 [pool-107-thread-1] INFO  server.RaftServerConfigKeys (ConfUtils.java:logGet(43)) - raft.server.retrycache.expirytime = 600000ms (custom)
2019-09-11 05:28:54,936 [pool-57-thread-1] INFO  server.RaftServerConfigKeys (ConfUtils.java:logGet(43)) - raft.server.snapshot.retention.num.files = -1 (default)
2019-09-11 05:28:54,936 [pool-57-thread-1] INFO  server.RaftServerConfigKeys (ConfUtils.java:logGet(43)) - raft.server.retrycache.expirytime = 600000ms (custom)
2019-09-11 05:28:54,937 [Thread-294] INFO  impl.FollowerState (FollowerState.java:run(106)) - 4923db37-afc5-4a4b-9e0e-3e0e64c6efbc:group-4DFE63ECAD42 changes to CANDIDATE, lastRpcTime:1029, electionTimeout:1029ms
2019-09-11 05:28:54,937 [Thread-294] INFO  impl.RoleInfo (RoleInfo.java:shutdownFollowerState(121)) - 4923db37-afc5-4a4b-9e0e-3e0e64c6efbc: shutdown FollowerState
2019-09-11 05:28:54,937 [Thread-294] INFO  impl.RaftServerImpl (RaftServerImpl.java:setRole(174)) - 4923db37-afc5-4a4b-9e0e-3e0e64c6efbc@group-4DFE63ECAD42: changes role from  FOLLOWER to CANDIDATE at term 0 for changeToCandidate
2019-09-11 05:28:54,938 [Thread-294] INFO  impl.RoleInfo (RoleInfo.java:updateAndGet(143)) - 4923db37-afc5-4a4b-9e0e-3e0e64c6efbc: start LeaderElection
2019-09-11 05:28:54,967 [pool-107-thread-1] INFO  impl.RaftServerImpl (RaftServerImpl.java:start(185)) - 33471566-8842-41e4-bba3-9cc287622f4a@group-00994406B9A2: start as a follower, conf=-1: [1085c8a3-fcd4-45c4-be46-c3757d6b46c3:192.168.36.125:32899, 33471566-8842-41e4-bba3-9cc287622f4a:192.168.36.125:43770, cf454e7e-23b5-43a4-8b5d-d83390319e33:192.168.36.125:43699], old=null
2019-09-11 05:28:54,967 [pool-107-thread-1] INFO  impl.RaftServerImpl (RaftServerImpl.java:setRole(174)) - 33471566-8842-41e4-bba3-9cc287622f4a@group-00994406B9A2: changes role from      null to FOLLOWER at term 0 for startAsFollower
2019-09-11 05:28:54,967 [pool-57-thread-1] INFO  impl.RaftServerImpl (RaftServerImpl.java:start(185)) - 1085c8a3-fcd4-45c4-be46-c3757d6b46c3@group-00994406B9A2: start as a follower, conf=-1: [1085c8a3-fcd4-45c4-be46-c3757d6b46c3:192.168.36.125:32899, 33471566-8842-41e4-bba3-9cc287622f4a:192.168.36.125:43770, cf454e7e-23b5-43a4-8b5d-d83390319e33:192.168.36.125:43699], old=null
2019-09-11 05:28:54,967 [pool-107-thread-1] INFO  impl.RoleInfo (RoleInfo.java:updateAndGet(143)) - 33471566-8842-41e4-bba3-9cc287622f4a: start FollowerState
2019-09-11 05:28:54,967 [pool-57-thread-1] INFO  impl.RaftServerImpl (RaftServerImpl.java:setRole(174)) - 1085c8a3-fcd4-45c4-be46-c3757d6b46c3@group-00994406B9A2: changes role from      null to FOLLOWER at term 0 for startAsFollower
2019-09-11 05:28:54,967 [pool-57-thread-1] INFO  impl.RoleInfo (RoleInfo.java:updateAndGet(143)) - 1085c8a3-fcd4-45c4-be46-c3757d6b46c3: start FollowerState
2019-09-11 05:28:54,967 [pool-107-thread-1] INFO  util.JmxRegister (JmxRegister.java:tryRegister(44)) - Successfully registered JMX Bean with object name Ratis:service=RaftServer,group=group-00994406B9A2,id=33471566-8842-41e4-bba3-9cc287622f4a
2019-09-11 05:28:54,968 [pool-57-thread-1] INFO  util.JmxRegister (JmxRegister.java:tryRegister(44)) - Successfully registered JMX Bean with object name Ratis:service=RaftServer,group=group-00994406B9A2,id=1085c8a3-fcd4-45c4-be46-c3757d6b46c3
2019-09-11 05:28:54,975 [RatisPipelineUtilsThread] INFO  pipeline.PipelineStateManager (PipelineStateManager.java:addPipeline(56)) - Created pipeline Pipeline[ Id: 76751961-850d-4a95-84e1-00994406b9a2, Nodes: cf454e7e-23b5-43a4-8b5d-d83390319e33{ip: 192.168.36.125, host: trunk-nightly-20190911-vpfxm-1000144475, networkLocation: /default-rack, certSerialId: null}1085c8a3-fcd4-45c4-be46-c3757d6b46c3{ip: 192.168.36.125, host: trunk-nightly-20190911-vpfxm-1000144475, networkLocation: /default-rack, certSerialId: null}33471566-8842-41e4-bba3-9cc287622f4a{ip: 192.168.36.125, host: trunk-nightly-20190911-vpfxm-1000144475, networkLocation: /default-rack, certSerialId: null}, Type:RATIS, Factor:THREE, State:OPEN]
2019-09-11 05:28:54,977 [main] INFO  rpc.RpcClient (RpcClient.java:createVolume(298)) - Creating Volume: datanodefailurehandlingtest, with jenkins1000 as owner.
2019-09-11 05:28:54,979 [4923db37-afc5-4a4b-9e0e-3e0e64c6efbc@group-4DFE63ECAD42:LeaderElection4] INFO  impl.LeaderElection (LeaderElection.java:askForVotes(182)) - 4923db37-afc5-4a4b-9e0e-3e0e64c6efbc@group-4DFE63ECAD42:LeaderElection4: begin an election at term 1 for -1: [4923db37-afc5-4a4b-9e0e-3e0e64c6efbc:192.168.36.125:35475], old=null
2019-09-11 05:28:54,980 [4923db37-afc5-4a4b-9e0e-3e0e64c6efbc@group-4DFE63ECAD42:LeaderElection4] INFO  impl.RoleInfo (RoleInfo.java:shutdownLeaderElection(134)) - 4923db37-afc5-4a4b-9e0e-3e0e64c6efbc: shutdown LeaderElection
2019-09-11 05:28:54,981 [4923db37-afc5-4a4b-9e0e-3e0e64c6efbc@group-4DFE63ECAD42:LeaderElection4] INFO  impl.RaftServerImpl (RaftServerImpl.java:setRole(174)) - 4923db37-afc5-4a4b-9e0e-3e0e64c6efbc@group-4DFE63ECAD42: changes role from CANDIDATE to LEADER at term 1 for changeToLeader
2019-09-11 05:28:54,981 [4923db37-afc5-4a4b-9e0e-3e0e64c6efbc@group-4DFE63ECAD42:LeaderElection4] INFO  impl.RaftServerImpl (ServerState.java:setLeader(253)) - 4923db37-afc5-4a4b-9e0e-3e0e64c6efbc@group-4DFE63ECAD42: change Leader from null to 4923db37-afc5-4a4b-9e0e-3e0e64c6efbc at term 1 for becomeLeader, leader elected after 1092ms
2019-09-11 05:28:54,981 [4923db37-afc5-4a4b-9e0e-3e0e64c6efbc@group-4DFE63ECAD42:LeaderElection4] INFO  server.RaftServerConfigKeys (ConfUtils.java:logGet(43)) - raft.server.staging.catchup.gap = 1000 (default)
2019-09-11 05:28:54,981 [4923db37-afc5-4a4b-9e0e-3e0e64c6efbc@group-4DFE63ECAD42:LeaderElection4] INFO  server.RaftServerConfigKeys (ConfUtils.java:logGet(43)) - raft.server.rpc.sleep.time = 25ms (default)
2019-09-11 05:28:54,981 [4923db37-afc5-4a4b-9e0e-3e0e64c6efbc@group-4DFE63ECAD42:LeaderElection4] INFO  server.RaftServerConfigKeys (ConfUtils.java:logGet(43)) - raft.server.write.element-limit = 4096 (default)
2019-09-11 05:28:54,982 [4923db37-afc5-4a4b-9e0e-3e0e64c6efbc@group-4DFE63ECAD42:LeaderElection4] INFO  server.RaftServerConfigKeys (ConfUtils.java:logGet(43)) - raft.server.watch.timeout = 10s (default)
2019-09-11 05:28:54,982 [4923db37-afc5-4a4b-9e0e-3e0e64c6efbc@group-4DFE63ECAD42:LeaderElection4] INFO  server.RaftServerConfigKeys (ConfUtils.java:logGet(43)) - raft.server.watch.timeout.denomination = 1s (default)
2019-09-11 05:28:54,982 [4923db37-afc5-4a4b-9e0e-3e0e64c6efbc@group-4DFE63ECAD42:LeaderElection4] INFO  server.RaftServerConfigKeys (ConfUtils.java:logGet(43)) - raft.server.watch.element-limit = 65536 (default)
2019-09-11 05:28:54,985 [4923db37-afc5-4a4b-9e0e-3e0e64c6efbc@group-4DFE63ECAD42:LeaderElection4] INFO  impl.RoleInfo (RoleInfo.java:updateAndGet(143)) - 4923db37-afc5-4a4b-9e0e-3e0e64c6efbc: start LeaderState
2019-09-11 05:28:54,986 [4923db37-afc5-4a4b-9e0e-3e0e64c6efbc@group-4DFE63ECAD42:LeaderElection4] INFO  segmented.SegmentedRaftLogWorker (SegmentedRaftLogWorker.java:startLogSegment(380)) - 4923db37-afc5-4a4b-9e0e-3e0e64c6efbc@group-4DFE63ECAD42-SegmentedRaftLogWorker: Starting segment from index:0
2019-09-11 05:28:54,986 [4923db37-afc5-4a4b-9e0e-3e0e64c6efbc@group-4DFE63ECAD42:LeaderElection4] INFO  impl.RaftServerImpl (ServerState.java:setRaftConf(354)) - 4923db37-afc5-4a4b-9e0e-3e0e64c6efbc@group-4DFE63ECAD42: set configuration 0: [4923db37-afc5-4a4b-9e0e-3e0e64c6efbc:192.168.36.125:35475], old=null at 0
2019-09-11 05:28:55,058 [cf454e7e-23b5-43a4-8b5d-d83390319e33@group-102DA19485F7-SegmentedRaftLogWorker] INFO  segmented.SegmentedRaftLogWorker (SegmentedRaftLogWorker.java:execute(569)) - cf454e7e-23b5-43a4-8b5d-d83390319e33@group-102DA19485F7-SegmentedRaftLogWorker: created new log segment /workdir/hadoop-ozone/integration-test/target/test-dir/MiniOzoneClusterImpl-712b11b3-5514-48f8-84a2-2435d4ba870b/datanode-0/data/ratis/e8adad59-9286-4069-ae2f-102da19485f7/current/log_inprogress_0
2019-09-11 05:28:55,058 [b5c94862-e767-4e3a-a577-422bae381862@group-4FA428F28DBC-SegmentedRaftLogWorker] INFO  segmented.SegmentedRaftLogWorker (SegmentedRaftLogWorker.java:execute(569)) - b5c94862-e767-4e3a-a577-422bae381862@group-4FA428F28DBC-SegmentedRaftLogWorker: created new log segment /workdir/hadoop-ozone/integration-test/target/test-dir/MiniOzoneClusterImpl-712b11b3-5514-48f8-84a2-2435d4ba870b/datanode-4/data/ratis/99070d09-b932-4dd4-9372-4fa428f28dbc/current/log_inprogress_0
2019-09-11 05:28:55,058 [fa5ee157-3b80-4774-adcc-f01234ebded8@group-112C0410BBC9-SegmentedRaftLogWorker] INFO  segmented.SegmentedRaftLogWorker (SegmentedRaftLogWorker.java:execute(569)) - fa5ee157-3b80-4774-adcc-f01234ebded8@group-112C0410BBC9-SegmentedRaftLogWorker: created new log segment /workdir/hadoop-ozone/integration-test/target/test-dir/MiniOzoneClusterImpl-712b11b3-5514-48f8-84a2-2435d4ba870b/datanode-2/data/ratis/ca1156be-459c-4c16-9d23-112c0410bbc9/current/log_inprogress_0
2019-09-11 05:28:55,058 [4923db37-afc5-4a4b-9e0e-3e0e64c6efbc@group-4DFE63ECAD42-SegmentedRaftLogWorker] INFO  segmented.SegmentedRaftLogWorker (SegmentedRaftLogWorker.java:execute(569)) - 4923db37-afc5-4a4b-9e0e-3e0e64c6efbc@group-4DFE63ECAD42-SegmentedRaftLogWorker: created new log segment /workdir/hadoop-ozone/integration-test/target/test-dir/MiniOzoneClusterImpl-712b11b3-5514-48f8-84a2-2435d4ba870b/datanode-9/data/ratis/3ae2e070-99e4-4355-8b92-4dfe63ecad42/current/log_inprogress_0
2019-09-11 05:28:55,416 [Thread-303] INFO  impl.FollowerState (FollowerState.java:run(106)) - 78dbd0e6-a34a-4054-9e2e-3bf1b76c8205:group-7F379069BC3D changes to CANDIDATE, lastRpcTime:1134, electionTimeout:1097ms
2019-09-11 05:28:55,422 [Thread-300] INFO  impl.FollowerState (FollowerState.java:run(106)) - 64c45ce8-9e8f-4626-9780-d8b476434616:group-9EC1068F47DE changes to CANDIDATE, lastRpcTime:1203, electionTimeout:1104ms
2019-09-11 05:28:55,416 [Thread-297] INFO  impl.FollowerState (FollowerState.java:run(106)) - 1169a1ed-1394-44b2-9737-be9aad5bd237:group-D09C9DC86ED1 changes to CANDIDATE, lastRpcTime:1308, electionTimeout:1071ms
2019-09-11 05:28:55,422 [Thread-303] INFO  impl.RoleInfo (RoleInfo.java:shutdownFollowerState(121)) - 78dbd0e6-a34a-4054-9e2e-3bf1b76c8205: shutdown FollowerState
2019-09-11 05:28:55,423 [Thread-297] INFO  impl.RoleInfo (RoleInfo.java:shutdownFollowerState(121)) - 1169a1ed-1394-44b2-9737-be9aad5bd237: shutdown FollowerState
2019-09-11 05:28:55,422 [Thread-300] INFO  impl.RoleInfo (RoleInfo.java:shutdownFollowerState(121)) - 64c45ce8-9e8f-4626-9780-d8b476434616: shutdown FollowerState
2019-09-11 05:28:55,423 [Thread-297] INFO  impl.RaftServerImpl (RaftServerImpl.java:setRole(174)) - 1169a1ed-1394-44b2-9737-be9aad5bd237@group-D09C9DC86ED1: changes role from  FOLLOWER to CANDIDATE at term 0 for changeToCandidate
2019-09-11 05:28:55,423 [Thread-300] INFO  impl.RaftServerImpl (RaftServerImpl.java:setRole(174)) - 64c45ce8-9e8f-4626-9780-d8b476434616@group-9EC1068F47DE: changes role from  FOLLOWER to CANDIDATE at term 0 for changeToCandidate
2019-09-11 05:28:55,423 [Thread-303] INFO  impl.RaftServerImpl (RaftServerImpl.java:setRole(174)) - 78dbd0e6-a34a-4054-9e2e-3bf1b76c8205@group-7F379069BC3D: changes role from  FOLLOWER to CANDIDATE at term 0 for changeToCandidate
2019-09-11 05:28:55,423 [Thread-297] INFO  impl.RoleInfo (RoleInfo.java:updateAndGet(143)) - 1169a1ed-1394-44b2-9737-be9aad5bd237: start LeaderElection
2019-09-11 05:28:55,424 [Thread-303] INFO  impl.RoleInfo (RoleInfo.java:updateAndGet(143)) - 78dbd0e6-a34a-4054-9e2e-3bf1b76c8205: start LeaderElection
2019-09-11 05:28:55,424 [Thread-300] INFO  impl.RoleInfo (RoleInfo.java:updateAndGet(143)) - 64c45ce8-9e8f-4626-9780-d8b476434616: start LeaderElection
2019-09-11 05:28:55,444 [1169a1ed-1394-44b2-9737-be9aad5bd237@group-D09C9DC86ED1:LeaderElection5] INFO  impl.LeaderElection (LeaderElection.java:askForVotes(182)) - 1169a1ed-1394-44b2-9737-be9aad5bd237@group-D09C9DC86ED1:LeaderElection5: begin an election at term 1 for -1: [1169a1ed-1394-44b2-9737-be9aad5bd237:192.168.36.125:39685], old=null
2019-09-11 05:28:55,444 [78dbd0e6-a34a-4054-9e2e-3bf1b76c8205@group-7F379069BC3D:LeaderElection7] INFO  impl.LeaderElection (LeaderElection.java:askForVotes(182)) - 78dbd0e6-a34a-4054-9e2e-3bf1b76c8205@group-7F379069BC3D:LeaderElection7: begin an election at term 1 for -1: [78dbd0e6-a34a-4054-9e2e-3bf1b76c8205:192.168.36.125:36886], old=null
2019-09-11 05:28:55,444 [1169a1ed-1394-44b2-9737-be9aad5bd237@group-D09C9DC86ED1:LeaderElection5] INFO  impl.RoleInfo (RoleInfo.java:shutdownLeaderElection(134)) - 1169a1ed-1394-44b2-9737-be9aad5bd237: shutdown LeaderElection
2019-09-11 05:28:55,444 [64c45ce8-9e8f-4626-9780-d8b476434616@group-9EC1068F47DE:LeaderElection6] INFO  impl.LeaderElection (LeaderElection.java:askForVotes(182)) - 64c45ce8-9e8f-4626-9780-d8b476434616@group-9EC1068F47DE:LeaderElection6: begin an election at term 1 for -1: [64c45ce8-9e8f-4626-9780-d8b476434616:192.168.36.125:34416], old=null
2019-09-11 05:28:55,444 [1169a1ed-1394-44b2-9737-be9aad5bd237@group-D09C9DC86ED1:LeaderElection5] INFO  impl.RaftServerImpl (RaftServerImpl.java:setRole(174)) - 1169a1ed-1394-44b2-9737-be9aad5bd237@group-D09C9DC86ED1: changes role from CANDIDATE to LEADER at term 1 for changeToLeader
2019-09-11 05:28:55,444 [78dbd0e6-a34a-4054-9e2e-3bf1b76c8205@group-7F379069BC3D:LeaderElection7] INFO  impl.RoleInfo (RoleInfo.java:shutdownLeaderElection(134)) - 78dbd0e6-a34a-4054-9e2e-3bf1b76c8205: shutdown LeaderElection
2019-09-11 05:28:55,444 [1169a1ed-1394-44b2-9737-be9aad5bd237@group-D09C9DC86ED1:LeaderElection5] INFO  impl.RaftServerImpl (ServerState.java:setLeader(253)) - 1169a1ed-1394-44b2-9737-be9aad5bd237@group-D09C9DC86ED1: change Leader from null to 1169a1ed-1394-44b2-9737-be9aad5bd237 at term 1 for becomeLeader, leader elected after 1456ms
2019-09-11 05:28:55,444 [64c45ce8-9e8f-4626-9780-d8b476434616@group-9EC1068F47DE:LeaderElection6] INFO  impl.RoleInfo (RoleInfo.java:shutdownLeaderElection(134)) - 64c45ce8-9e8f-4626-9780-d8b476434616: shutdown LeaderElection
2019-09-11 05:28:55,445 [1169a1ed-1394-44b2-9737-be9aad5bd237@group-D09C9DC86ED1:LeaderElection5] INFO  server.RaftServerConfigKeys (ConfUtils.java:logGet(43)) - raft.server.staging.catchup.gap = 1000 (default)
2019-09-11 05:28:55,444 [78dbd0e6-a34a-4054-9e2e-3bf1b76c8205@group-7F379069BC3D:LeaderElection7] INFO  impl.RaftServerImpl (RaftServerImpl.java:setRole(174)) - 78dbd0e6-a34a-4054-9e2e-3bf1b76c8205@group-7F379069BC3D: changes role from CANDIDATE to LEADER at term 1 for changeToLeader
2019-09-11 05:28:55,445 [1169a1ed-1394-44b2-9737-be9aad5bd237@group-D09C9DC86ED1:LeaderElection5] INFO  server.RaftServerConfigKeys (ConfUtils.java:logGet(43)) - raft.server.rpc.sleep.time = 25ms (default)
2019-09-11 05:28:55,445 [64c45ce8-9e8f-4626-9780-d8b476434616@group-9EC1068F47DE:LeaderElection6] INFO  impl.RaftServerImpl (RaftServerImpl.java:setRole(174)) - 64c45ce8-9e8f-4626-9780-d8b476434616@group-9EC1068F47DE: changes role from CANDIDATE to LEADER at term 1 for changeToLeader
2019-09-11 05:28:55,445 [1169a1ed-1394-44b2-9737-be9aad5bd237@group-D09C9DC86ED1:LeaderElection5] INFO  server.RaftServerConfigKeys (ConfUtils.java:logGet(43)) - raft.server.write.element-limit = 4096 (default)
2019-09-11 05:28:55,445 [78dbd0e6-a34a-4054-9e2e-3bf1b76c8205@group-7F379069BC3D:LeaderElection7] INFO  impl.RaftServerImpl (ServerState.java:setLeader(253)) - 78dbd0e6-a34a-4054-9e2e-3bf1b76c8205@group-7F379069BC3D: change Leader from null to 78dbd0e6-a34a-4054-9e2e-3bf1b76c8205 at term 1 for becomeLeader, leader elected after 1176ms
2019-09-11 05:28:55,445 [1169a1ed-1394-44b2-9737-be9aad5bd237@group-D09C9DC86ED1:LeaderElection5] INFO  server.RaftServerConfigKeys (ConfUtils.java:logGet(43)) - raft.server.watch.timeout = 10s (default)
2019-09-11 05:28:55,445 [64c45ce8-9e8f-4626-9780-d8b476434616@group-9EC1068F47DE:LeaderElection6] INFO  impl.RaftServerImpl (ServerState.java:setLeader(253)) - 64c45ce8-9e8f-4626-9780-d8b476434616@group-9EC1068F47DE: change Leader from null to 64c45ce8-9e8f-4626-9780-d8b476434616 at term 1 for becomeLeader, leader elected after 1245ms
2019-09-11 05:28:55,446 [1169a1ed-1394-44b2-9737-be9aad5bd237@group-D09C9DC86ED1:LeaderElection5] INFO  server.RaftServerConfigKeys (ConfUtils.java:logGet(43)) - raft.server.watch.timeout.denomination = 1s (default)
2019-09-11 05:28:55,445 [78dbd0e6-a34a-4054-9e2e-3bf1b76c8205@group-7F379069BC3D:LeaderElection7] INFO  server.RaftServerConfigKeys (ConfUtils.java:logGet(43)) - raft.server.staging.catchup.gap = 1000 (default)
2019-09-11 05:28:55,446 [1169a1ed-1394-44b2-9737-be9aad5bd237@group-D09C9DC86ED1:LeaderElection5] INFO  server.RaftServerConfigKeys (ConfUtils.java:logGet(43)) - raft.server.watch.element-limit = 65536 (default)
2019-09-11 05:28:55,446 [64c45ce8-9e8f-4626-9780-d8b476434616@group-9EC1068F47DE:LeaderElection6] INFO  server.RaftServerConfigKeys (ConfUtils.java:logGet(43)) - raft.server.staging.catchup.gap = 1000 (default)
2019-09-11 05:28:55,446 [78dbd0e6-a34a-4054-9e2e-3bf1b76c8205@group-7F379069BC3D:LeaderElection7] INFO  server.RaftServerConfigKeys (ConfUtils.java:logGet(43)) - raft.server.rpc.sleep.time = 25ms (default)
2019-09-11 05:28:55,446 [64c45ce8-9e8f-4626-9780-d8b476434616@group-9EC1068F47DE:LeaderElection6] INFO  server.RaftServerConfigKeys (ConfUtils.java:logGet(43)) - raft.server.rpc.sleep.time = 25ms (default)
2019-09-11 05:28:55,447 [78dbd0e6-a34a-4054-9e2e-3bf1b76c8205@group-7F379069BC3D:LeaderElection7] INFO  server.RaftServerConfigKeys (ConfUtils.java:logGet(43)) - raft.server.write.element-limit = 4096 (default)
2019-09-11 05:28:55,447 [64c45ce8-9e8f-4626-9780-d8b476434616@group-9EC1068F47DE:LeaderElection6] INFO  server.RaftServerConfigKeys (ConfUtils.java:logGet(43)) - raft.server.write.element-limit = 4096 (default)
2019-09-11 05:28:55,447 [78dbd0e6-a34a-4054-9e2e-3bf1b76c8205@group-7F379069BC3D:LeaderElection7] INFO  server.RaftServerConfigKeys (ConfUtils.java:logGet(43)) - raft.server.watch.timeout = 10s (default)
2019-09-11 05:28:55,447 [64c45ce8-9e8f-4626-9780-d8b476434616@group-9EC1068F47DE:LeaderElection6] INFO  server.RaftServerConfigKeys (ConfUtils.java:logGet(43)) - raft.server.watch.timeout = 10s (default)
2019-09-11 05:28:55,447 [78dbd0e6-a34a-4054-9e2e-3bf1b76c8205@group-7F379069BC3D:LeaderElection7] INFO  server.RaftServerConfigKeys (ConfUtils.java:logGet(43)) - raft.server.watch.timeout.denomination = 1s (default)
2019-09-11 05:28:55,447 [64c45ce8-9e8f-4626-9780-d8b476434616@group-9EC1068F47DE:LeaderElection6] INFO  server.RaftServerConfigKeys (ConfUtils.java:logGet(43)) - raft.server.watch.timeout.denomination = 1s (default)
2019-09-11 05:28:55,448 [78dbd0e6-a34a-4054-9e2e-3bf1b76c8205@group-7F379069BC3D:LeaderElection7] INFO  server.RaftServerConfigKeys (ConfUtils.java:logGet(43)) - raft.server.watch.element-limit = 65536 (default)
2019-09-11 05:28:55,448 [64c45ce8-9e8f-4626-9780-d8b476434616@group-9EC1068F47DE:LeaderElection6] INFO  server.RaftServerConfigKeys (ConfUtils.java:logGet(43)) - raft.server.watch.element-limit = 65536 (default)
2019-09-11 05:28:55,451 [1169a1ed-1394-44b2-9737-be9aad5bd237@group-D09C9DC86ED1:LeaderElection5] INFO  impl.RoleInfo (RoleInfo.java:updateAndGet(143)) - 1169a1ed-1394-44b2-9737-be9aad5bd237: start LeaderState
2019-09-11 05:28:55,451 [IPC Server handler 10 on 46634] INFO  volume.OMVolumeCreateRequest (OMVolumeCreateRequest.java:validateAndUpdateCache(189)) - created volume:datanodefailurehandlingtest for user:jenkins1000
2019-09-11 05:28:55,451 [1169a1ed-1394-44b2-9737-be9aad5bd237@group-D09C9DC86ED1:LeaderElection5] INFO  segmented.SegmentedRaftLogWorker (SegmentedRaftLogWorker.java:startLogSegment(380)) - 1169a1ed-1394-44b2-9737-be9aad5bd237@group-D09C9DC86ED1-SegmentedRaftLogWorker: Starting segment from index:0
2019-09-11 05:28:55,451 [78dbd0e6-a34a-4054-9e2e-3bf1b76c8205@group-7F379069BC3D:LeaderElection7] INFO  impl.RoleInfo (RoleInfo.java:updateAndGet(143)) - 78dbd0e6-a34a-4054-9e2e-3bf1b76c8205: start LeaderState
2019-09-11 05:28:55,452 [1169a1ed-1394-44b2-9737-be9aad5bd237@group-D09C9DC86ED1:LeaderElection5] INFO  impl.RaftServerImpl (ServerState.java:setRaftConf(354)) - 1169a1ed-1394-44b2-9737-be9aad5bd237@group-D09C9DC86ED1: set configuration 0: [1169a1ed-1394-44b2-9737-be9aad5bd237:192.168.36.125:39685], old=null at 0
2019-09-11 05:28:55,452 [78dbd0e6-a34a-4054-9e2e-3bf1b76c8205@group-7F379069BC3D:LeaderElection7] INFO  segmented.SegmentedRaftLogWorker (SegmentedRaftLogWorker.java:startLogSegment(380)) - 78dbd0e6-a34a-4054-9e2e-3bf1b76c8205@group-7F379069BC3D-SegmentedRaftLogWorker: Starting segment from index:0
2019-09-11 05:28:55,487 [64c45ce8-9e8f-4626-9780-d8b476434616@group-9EC1068F47DE:LeaderElection6] INFO  impl.RoleInfo (RoleInfo.java:updateAndGet(143)) - 64c45ce8-9e8f-4626-9780-d8b476434616: start LeaderState
2019-09-11 05:28:55,488 [64c45ce8-9e8f-4626-9780-d8b476434616@group-9EC1068F47DE:LeaderElection6] INFO  segmented.SegmentedRaftLogWorker (SegmentedRaftLogWorker.java:startLogSegment(380)) - 64c45ce8-9e8f-4626-9780-d8b476434616@group-9EC1068F47DE-SegmentedRaftLogWorker: Starting segment from index:0
2019-09-11 05:28:55,488 [78dbd0e6-a34a-4054-9e2e-3bf1b76c8205@group-7F379069BC3D:LeaderElection7] INFO  impl.RaftServerImpl (ServerState.java:setRaftConf(354)) - 78dbd0e6-a34a-4054-9e2e-3bf1b76c8205@group-7F379069BC3D: set configuration 0: [78dbd0e6-a34a-4054-9e2e-3bf1b76c8205:192.168.36.125:36886], old=null at 0
2019-09-11 05:28:55,525 [1169a1ed-1394-44b2-9737-be9aad5bd237@group-D09C9DC86ED1-SegmentedRaftLogWorker] INFO  segmented.SegmentedRaftLogWorker (SegmentedRaftLogWorker.java:execute(569)) - 1169a1ed-1394-44b2-9737-be9aad5bd237@group-D09C9DC86ED1-SegmentedRaftLogWorker: created new log segment /workdir/hadoop-ozone/integration-test/target/test-dir/MiniOzoneClusterImpl-712b11b3-5514-48f8-84a2-2435d4ba870b/datanode-1/data/ratis/4483eb3c-ceb5-48a7-9a9a-d09c9dc86ed1/current/log_inprogress_0
2019-09-11 05:28:55,525 [64c45ce8-9e8f-4626-9780-d8b476434616@group-9EC1068F47DE:LeaderElection6] INFO  impl.RaftServerImpl (ServerState.java:setRaftConf(354)) - 64c45ce8-9e8f-4626-9780-d8b476434616@group-9EC1068F47DE: set configuration 0: [64c45ce8-9e8f-4626-9780-d8b476434616:192.168.36.125:34416], old=null at 0
2019-09-11 05:28:55,564 [Thread-306] INFO  impl.FollowerState (FollowerState.java:run(106)) - 1085c8a3-fcd4-45c4-be46-c3757d6b46c3:group-7E23FCD7F4C7 changes to CANDIDATE, lastRpcTime:1192, electionTimeout:1187ms
2019-09-11 05:28:55,564 [78dbd0e6-a34a-4054-9e2e-3bf1b76c8205@group-7F379069BC3D-SegmentedRaftLogWorker] INFO  segmented.SegmentedRaftLogWorker (SegmentedRaftLogWorker.java:execute(569)) - 78dbd0e6-a34a-4054-9e2e-3bf1b76c8205@group-7F379069BC3D-SegmentedRaftLogWorker: created new log segment /workdir/hadoop-ozone/integration-test/target/test-dir/MiniOzoneClusterImpl-712b11b3-5514-48f8-84a2-2435d4ba870b/datanode-5/data/ratis/10279b26-25e1-4829-8bd9-7f379069bc3d/current/log_inprogress_0
2019-09-11 05:28:55,568 [Thread-306] INFO  impl.RoleInfo (RoleInfo.java:shutdownFollowerState(121)) - 1085c8a3-fcd4-45c4-be46-c3757d6b46c3: shutdown FollowerState
2019-09-11 05:28:55,568 [Thread-306] INFO  impl.RaftServerImpl (RaftServerImpl.java:setRole(174)) - 1085c8a3-fcd4-45c4-be46-c3757d6b46c3@group-7E23FCD7F4C7: changes role from  FOLLOWER to CANDIDATE at term 0 for changeToCandidate
2019-09-11 05:28:55,569 [Thread-306] INFO  impl.RoleInfo (RoleInfo.java:updateAndGet(143)) - 1085c8a3-fcd4-45c4-be46-c3757d6b46c3: start LeaderElection
2019-09-11 05:28:55,578 [64c45ce8-9e8f-4626-9780-d8b476434616@group-9EC1068F47DE-SegmentedRaftLogWorker] INFO  segmented.SegmentedRaftLogWorker (SegmentedRaftLogWorker.java:execute(569)) - 64c45ce8-9e8f-4626-9780-d8b476434616@group-9EC1068F47DE-SegmentedRaftLogWorker: created new log segment /workdir/hadoop-ozone/integration-test/target/test-dir/MiniOzoneClusterImpl-712b11b3-5514-48f8-84a2-2435d4ba870b/datanode-7/data/ratis/9c310ef3-95ca-4ce2-85f8-9ec1068f47de/current/log_inprogress_0
2019-09-11 05:28:55,582 [Thread-283] INFO  container.ReplicationManager (ReplicationManager.java:start(162)) - Starting Replication Monitor Thread.
2019-09-11 05:28:55,590 [ReplicationMonitor] INFO  container.ReplicationManager (ReplicationManager.java:run(225)) - Replication Monitor Thread took 0 milliseconds for processing 0 containers.
2019-09-11 05:28:55,604 [1085c8a3-fcd4-45c4-be46-c3757d6b46c3@group-7E23FCD7F4C7:LeaderElection8] INFO  impl.LeaderElection (LeaderElection.java:askForVotes(182)) - 1085c8a3-fcd4-45c4-be46-c3757d6b46c3@group-7E23FCD7F4C7:LeaderElection8: begin an election at term 1 for -1: [1085c8a3-fcd4-45c4-be46-c3757d6b46c3:192.168.36.125:32899], old=null
2019-09-11 05:28:55,604 [1085c8a3-fcd4-45c4-be46-c3757d6b46c3@group-7E23FCD7F4C7:LeaderElection8] INFO  impl.RoleInfo (RoleInfo.java:shutdownLeaderElection(134)) - 1085c8a3-fcd4-45c4-be46-c3757d6b46c3: shutdown LeaderElection
2019-09-11 05:28:55,604 [1085c8a3-fcd4-45c4-be46-c3757d6b46c3@group-7E23FCD7F4C7:LeaderElection8] INFO  impl.RaftServerImpl (RaftServerImpl.java:setRole(174)) - 1085c8a3-fcd4-45c4-be46-c3757d6b46c3@group-7E23FCD7F4C7: changes role from CANDIDATE to LEADER at term 1 for changeToLeader
2019-09-11 05:28:55,604 [1085c8a3-fcd4-45c4-be46-c3757d6b46c3@group-7E23FCD7F4C7:LeaderElection8] INFO  impl.RaftServerImpl (ServerState.java:setLeader(253)) - 1085c8a3-fcd4-45c4-be46-c3757d6b46c3@group-7E23FCD7F4C7: change Leader from null to 1085c8a3-fcd4-45c4-be46-c3757d6b46c3 at term 1 for becomeLeader, leader elected after 1244ms
2019-09-11 05:28:55,605 [1085c8a3-fcd4-45c4-be46-c3757d6b46c3@group-7E23FCD7F4C7:LeaderElection8] INFO  server.RaftServerConfigKeys (ConfUtils.java:logGet(43)) - raft.server.staging.catchup.gap = 1000 (default)
2019-09-11 05:28:55,605 [1085c8a3-fcd4-45c4-be46-c3757d6b46c3@group-7E23FCD7F4C7:LeaderElection8] INFO  server.RaftServerConfigKeys (ConfUtils.java:logGet(43)) - raft.server.rpc.sleep.time = 25ms (default)
2019-09-11 05:28:55,605 [1085c8a3-fcd4-45c4-be46-c3757d6b46c3@group-7E23FCD7F4C7:LeaderElection8] INFO  server.RaftServerConfigKeys (ConfUtils.java:logGet(43)) - raft.server.write.element-limit = 4096 (default)
2019-09-11 05:28:55,606 [1085c8a3-fcd4-45c4-be46-c3757d6b46c3@group-7E23FCD7F4C7:LeaderElection8] INFO  server.RaftServerConfigKeys (ConfUtils.java:logGet(43)) - raft.server.watch.timeout = 10s (default)
2019-09-11 05:28:55,606 [1085c8a3-fcd4-45c4-be46-c3757d6b46c3@group-7E23FCD7F4C7:LeaderElection8] INFO  server.RaftServerConfigKeys (ConfUtils.java:logGet(43)) - raft.server.watch.timeout.denomination = 1s (default)
2019-09-11 05:28:55,606 [1085c8a3-fcd4-45c4-be46-c3757d6b46c3@group-7E23FCD7F4C7:LeaderElection8] INFO  server.RaftServerConfigKeys (ConfUtils.java:logGet(43)) - raft.server.watch.element-limit = 65536 (default)
2019-09-11 05:28:55,620 [Thread-309] INFO  impl.FollowerState (FollowerState.java:run(106)) - 33471566-8842-41e4-bba3-9cc287622f4a:group-1462A9A3068C changes to CANDIDATE, lastRpcTime:1172, electionTimeout:1169ms
2019-09-11 05:28:55,626 [Thread-309] INFO  impl.RoleInfo (RoleInfo.java:shutdownFollowerState(121)) - 33471566-8842-41e4-bba3-9cc287622f4a: shutdown FollowerState
2019-09-11 05:28:55,626 [Thread-309] INFO  impl.RaftServerImpl (RaftServerImpl.java:setRole(174)) - 33471566-8842-41e4-bba3-9cc287622f4a@group-1462A9A3068C: changes role from  FOLLOWER to CANDIDATE at term 0 for changeToCandidate
2019-09-11 05:28:55,626 [Thread-309] INFO  impl.RoleInfo (RoleInfo.java:updateAndGet(143)) - 33471566-8842-41e4-bba3-9cc287622f4a: start LeaderElection
2019-09-11 05:28:55,627 [1085c8a3-fcd4-45c4-be46-c3757d6b46c3@group-7E23FCD7F4C7:LeaderElection8] INFO  impl.RoleInfo (RoleInfo.java:updateAndGet(143)) - 1085c8a3-fcd4-45c4-be46-c3757d6b46c3: start LeaderState
2019-09-11 05:28:55,627 [1085c8a3-fcd4-45c4-be46-c3757d6b46c3@group-7E23FCD7F4C7:LeaderElection8] INFO  segmented.SegmentedRaftLogWorker (SegmentedRaftLogWorker.java:startLogSegment(380)) - 1085c8a3-fcd4-45c4-be46-c3757d6b46c3@group-7E23FCD7F4C7-SegmentedRaftLogWorker: Starting segment from index:0
2019-09-11 05:28:55,634 [1085c8a3-fcd4-45c4-be46-c3757d6b46c3@group-7E23FCD7F4C7:LeaderElection8] INFO  impl.RaftServerImpl (ServerState.java:setRaftConf(354)) - 1085c8a3-fcd4-45c4-be46-c3757d6b46c3@group-7E23FCD7F4C7: set configuration 0: [1085c8a3-fcd4-45c4-be46-c3757d6b46c3:192.168.36.125:32899], old=null at 0
2019-09-11 05:28:55,688 [1085c8a3-fcd4-45c4-be46-c3757d6b46c3@group-7E23FCD7F4C7-SegmentedRaftLogWorker] INFO  segmented.SegmentedRaftLogWorker (SegmentedRaftLogWorker.java:execute(569)) - 1085c8a3-fcd4-45c4-be46-c3757d6b46c3@group-7E23FCD7F4C7-SegmentedRaftLogWorker: created new log segment /workdir/hadoop-ozone/integration-test/target/test-dir/MiniOzoneClusterImpl-712b11b3-5514-48f8-84a2-2435d4ba870b/datanode-3/data/ratis/50dd5fd5-8df0-4fee-b73b-7e23fcd7f4c7/current/log_inprogress_0
2019-09-11 05:28:55,691 [33471566-8842-41e4-bba3-9cc287622f4a@group-1462A9A3068C:LeaderElection9] INFO  impl.LeaderElection (LeaderElection.java:askForVotes(182)) - 33471566-8842-41e4-bba3-9cc287622f4a@group-1462A9A3068C:LeaderElection9: begin an election at term 1 for -1: [33471566-8842-41e4-bba3-9cc287622f4a:192.168.36.125:43770], old=null
2019-09-11 05:28:55,691 [33471566-8842-41e4-bba3-9cc287622f4a@group-1462A9A3068C:LeaderElection9] INFO  impl.RoleInfo (RoleInfo.java:shutdownLeaderElection(134)) - 33471566-8842-41e4-bba3-9cc287622f4a: shutdown LeaderElection
2019-09-11 05:28:55,691 [33471566-8842-41e4-bba3-9cc287622f4a@group-1462A9A3068C:LeaderElection9] INFO  impl.RaftServerImpl (RaftServerImpl.java:setRole(174)) - 33471566-8842-41e4-bba3-9cc287622f4a@group-1462A9A3068C: changes role from CANDIDATE to LEADER at term 1 for changeToLeader
2019-09-11 05:28:55,691 [33471566-8842-41e4-bba3-9cc287622f4a@group-1462A9A3068C:LeaderElection9] INFO  impl.RaftServerImpl (ServerState.java:setLeader(253)) - 33471566-8842-41e4-bba3-9cc287622f4a@group-1462A9A3068C: change Leader from null to 33471566-8842-41e4-bba3-9cc287622f4a at term 1 for becomeLeader, leader elected after 1250ms
2019-09-11 05:28:55,691 [33471566-8842-41e4-bba3-9cc287622f4a@group-1462A9A3068C:LeaderElection9] INFO  server.RaftServerConfigKeys (ConfUtils.java:logGet(43)) - raft.server.staging.catchup.gap = 1000 (default)
2019-09-11 05:28:55,691 [33471566-8842-41e4-bba3-9cc287622f4a@group-1462A9A3068C:LeaderElection9] INFO  server.RaftServerConfigKeys (ConfUtils.java:logGet(43)) - raft.server.rpc.sleep.time = 25ms (default)
2019-09-11 05:28:55,691 [33471566-8842-41e4-bba3-9cc287622f4a@group-1462A9A3068C:LeaderElection9] INFO  server.RaftServerConfigKeys (ConfUtils.java:logGet(43)) - raft.server.write.element-limit = 4096 (default)
2019-09-11 05:28:55,692 [33471566-8842-41e4-bba3-9cc287622f4a@group-1462A9A3068C:LeaderElection9] INFO  server.RaftServerConfigKeys (ConfUtils.java:logGet(43)) - raft.server.watch.timeout = 10s (default)
2019-09-11 05:28:55,692 [33471566-8842-41e4-bba3-9cc287622f4a@group-1462A9A3068C:LeaderElection9] INFO  server.RaftServerConfigKeys (ConfUtils.java:logGet(43)) - raft.server.watch.timeout.denomination = 1s (default)
2019-09-11 05:28:55,692 [33471566-8842-41e4-bba3-9cc287622f4a@group-1462A9A3068C:LeaderElection9] INFO  server.RaftServerConfigKeys (ConfUtils.java:logGet(43)) - raft.server.watch.element-limit = 65536 (default)
2019-09-11 05:28:55,696 [33471566-8842-41e4-bba3-9cc287622f4a@group-1462A9A3068C:LeaderElection9] INFO  impl.RoleInfo (RoleInfo.java:updateAndGet(143)) - 33471566-8842-41e4-bba3-9cc287622f4a: start LeaderState
2019-09-11 05:28:55,696 [33471566-8842-41e4-bba3-9cc287622f4a@group-1462A9A3068C:LeaderElection9] INFO  segmented.SegmentedRaftLogWorker (SegmentedRaftLogWorker.java:startLogSegment(380)) - 33471566-8842-41e4-bba3-9cc287622f4a@group-1462A9A3068C-SegmentedRaftLogWorker: Starting segment from index:0
2019-09-11 05:28:55,697 [33471566-8842-41e4-bba3-9cc287622f4a@group-1462A9A3068C:LeaderElection9] INFO  impl.RaftServerImpl (ServerState.java:setRaftConf(354)) - 33471566-8842-41e4-bba3-9cc287622f4a@group-1462A9A3068C: set configuration 0: [33471566-8842-41e4-bba3-9cc287622f4a:192.168.36.125:43770], old=null at 0
2019-09-11 05:28:55,731 [Thread-324] INFO  impl.FollowerState (FollowerState.java:run(106)) - 4923db37-afc5-4a4b-9e0e-3e0e64c6efbc:group-DBCF7A494882 changes to CANDIDATE, lastRpcTime:1032, electionTimeout:1012ms
2019-09-11 05:28:55,731 [Thread-324] INFO  impl.RoleInfo (RoleInfo.java:shutdownFollowerState(121)) - 4923db37-afc5-4a4b-9e0e-3e0e64c6efbc: shutdown FollowerState
2019-09-11 05:28:55,735 [Thread-324] INFO  impl.RaftServerImpl (RaftServerImpl.java:setRole(174)) - 4923db37-afc5-4a4b-9e0e-3e0e64c6efbc@group-DBCF7A494882: changes role from  FOLLOWER to CANDIDATE at term 0 for changeToCandidate
2019-09-11 05:28:55,735 [Thread-324] INFO  impl.RoleInfo (RoleInfo.java:updateAndGet(143)) - 4923db37-afc5-4a4b-9e0e-3e0e64c6efbc: start LeaderElection
2019-09-11 05:28:55,744 [33471566-8842-41e4-bba3-9cc287622f4a@group-1462A9A3068C-SegmentedRaftLogWorker] INFO  segmented.SegmentedRaftLogWorker (SegmentedRaftLogWorker.java:execute(569)) - 33471566-8842-41e4-bba3-9cc287622f4a@group-1462A9A3068C-SegmentedRaftLogWorker: created new log segment /workdir/hadoop-ozone/integration-test/target/test-dir/MiniOzoneClusterImpl-712b11b3-5514-48f8-84a2-2435d4ba870b/datanode-8/data/ratis/f0077136-ffde-4afa-a825-1462a9a3068c/current/log_inprogress_0
2019-09-11 05:28:55,744 [main] INFO  rpc.RpcClient (RpcClient.java:createBucket(437)) - Creating Bucket: datanodefailurehandlingtest/datanodefailurehandlingtest, with Versioning false and Storage Type set to DISK and Encryption set to false 
2019-09-11 05:28:55,748 [4923db37-afc5-4a4b-9e0e-3e0e64c6efbc@group-DBCF7A494882:LeaderElection10] INFO  impl.LeaderElection (LeaderElection.java:askForVotes(182)) - 4923db37-afc5-4a4b-9e0e-3e0e64c6efbc@group-DBCF7A494882:LeaderElection10: begin an election at term 1 for -1: [b5c94862-e767-4e3a-a577-422bae381862:192.168.36.125:46265, fa5ee157-3b80-4774-adcc-f01234ebded8:192.168.36.125:42082, 4923db37-afc5-4a4b-9e0e-3e0e64c6efbc:192.168.36.125:35475], old=null
2019-09-11 05:28:55,787 [Thread-315] INFO  impl.FollowerState (FollowerState.java:run(106)) - 15f0fda7-63f5-4fb9-b135-cfff0550ebde:group-86A12C1C3F90 changes to CANDIDATE, lastRpcTime:1205, electionTimeout:1200ms
2019-09-11 05:28:55,788 [Thread-315] INFO  impl.RoleInfo (RoleInfo.java:shutdownFollowerState(121)) - 15f0fda7-63f5-4fb9-b135-cfff0550ebde: shutdown FollowerState
2019-09-11 05:28:55,788 [Thread-315] INFO  impl.RaftServerImpl (RaftServerImpl.java:setRole(174)) - 15f0fda7-63f5-4fb9-b135-cfff0550ebde@group-86A12C1C3F90: changes role from  FOLLOWER to CANDIDATE at term 0 for changeToCandidate
2019-09-11 05:28:55,788 [Thread-315] INFO  impl.RoleInfo (RoleInfo.java:updateAndGet(143)) - 15f0fda7-63f5-4fb9-b135-cfff0550ebde: start LeaderElection
2019-09-11 05:28:55,796 [Thread-322] INFO  impl.FollowerState (FollowerState.java:run(106)) - fa5ee157-3b80-4774-adcc-f01234ebded8:group-DBCF7A494882 changes to CANDIDATE, lastRpcTime:1103, electionTimeout:1102ms
2019-09-11 05:28:55,796 [Thread-322] INFO  impl.RoleInfo (RoleInfo.java:shutdownFollowerState(121)) - fa5ee157-3b80-4774-adcc-f01234ebded8: shutdown FollowerState
2019-09-11 05:28:55,796 [Thread-322] INFO  impl.RaftServerImpl (RaftServerImpl.java:setRole(174)) - fa5ee157-3b80-4774-adcc-f01234ebded8@group-DBCF7A494882: changes role from  FOLLOWER to CANDIDATE at term 0 for changeToCandidate
2019-09-11 05:28:55,797 [Thread-322] INFO  impl.RoleInfo (RoleInfo.java:updateAndGet(143)) - fa5ee157-3b80-4774-adcc-f01234ebded8: start LeaderElection
2019-09-11 05:28:55,811 [15f0fda7-63f5-4fb9-b135-cfff0550ebde@group-86A12C1C3F90:LeaderElection11] INFO  impl.LeaderElection (LeaderElection.java:askForVotes(182)) - 15f0fda7-63f5-4fb9-b135-cfff0550ebde@group-86A12C1C3F90:LeaderElection11: begin an election at term 1 for -1: [15f0fda7-63f5-4fb9-b135-cfff0550ebde:192.168.36.125:35883], old=null
2019-09-11 05:28:55,811 [15f0fda7-63f5-4fb9-b135-cfff0550ebde@group-86A12C1C3F90:LeaderElection11] INFO  impl.RoleInfo (RoleInfo.java:shutdownLeaderElection(134)) - 15f0fda7-63f5-4fb9-b135-cfff0550ebde: shutdown LeaderElection
2019-09-11 05:28:55,811 [15f0fda7-63f5-4fb9-b135-cfff0550ebde@group-86A12C1C3F90:LeaderElection11] INFO  impl.RaftServerImpl (RaftServerImpl.java:setRole(174)) - 15f0fda7-63f5-4fb9-b135-cfff0550ebde@group-86A12C1C3F90: changes role from CANDIDATE to LEADER at term 1 for changeToLeader
2019-09-11 05:28:55,811 [15f0fda7-63f5-4fb9-b135-cfff0550ebde@group-86A12C1C3F90:LeaderElection11] INFO  impl.RaftServerImpl (ServerState.java:setLeader(253)) - 15f0fda7-63f5-4fb9-b135-cfff0550ebde@group-86A12C1C3F90: change Leader from null to 15f0fda7-63f5-4fb9-b135-cfff0550ebde at term 1 for becomeLeader, leader elected after 1250ms
2019-09-11 05:28:55,811 [15f0fda7-63f5-4fb9-b135-cfff0550ebde@group-86A12C1C3F90:LeaderElection11] INFO  server.RaftServerConfigKeys (ConfUtils.java:logGet(43)) - raft.server.staging.catchup.gap = 1000 (default)
2019-09-11 05:28:55,811 [15f0fda7-63f5-4fb9-b135-cfff0550ebde@group-86A12C1C3F90:LeaderElection11] INFO  server.RaftServerConfigKeys (ConfUtils.java:logGet(43)) - raft.server.rpc.sleep.time = 25ms (default)
2019-09-11 05:28:55,845 [Thread-330] INFO  impl.FollowerState (FollowerState.java:run(106)) - 78dbd0e6-a34a-4054-9e2e-3bf1b76c8205:group-B7894EF2C8AA changes to CANDIDATE, lastRpcTime:1018, electionTimeout:1016ms
2019-09-11 05:28:55,848 [15f0fda7-63f5-4fb9-b135-cfff0550ebde@group-86A12C1C3F90:LeaderElection11] INFO  server.RaftServerConfigKeys (ConfUtils.java:logGet(43)) - raft.server.write.element-limit = 4096 (default)
2019-09-11 05:28:55,848 [Thread-330] INFO  impl.RoleInfo (RoleInfo.java:shutdownFollowerState(121)) - 78dbd0e6-a34a-4054-9e2e-3bf1b76c8205: shutdown FollowerState
2019-09-11 05:28:55,848 [15f0fda7-63f5-4fb9-b135-cfff0550ebde@group-86A12C1C3F90:LeaderElection11] INFO  server.RaftServerConfigKeys (ConfUtils.java:logGet(43)) - raft.server.watch.timeout = 10s (default)
2019-09-11 05:28:55,848 [Thread-330] INFO  impl.RaftServerImpl (RaftServerImpl.java:setRole(174)) - 78dbd0e6-a34a-4054-9e2e-3bf1b76c8205@group-B7894EF2C8AA: changes role from  FOLLOWER to CANDIDATE at term 0 for changeToCandidate
2019-09-11 05:28:55,848 [15f0fda7-63f5-4fb9-b135-cfff0550ebde@group-86A12C1C3F90:LeaderElection11] INFO  server.RaftServerConfigKeys (ConfUtils.java:logGet(43)) - raft.server.watch.timeout.denomination = 1s (default)
2019-09-11 05:28:55,848 [Thread-330] INFO  impl.RoleInfo (RoleInfo.java:updateAndGet(143)) - 78dbd0e6-a34a-4054-9e2e-3bf1b76c8205: start LeaderElection
2019-09-11 05:28:55,849 [15f0fda7-63f5-4fb9-b135-cfff0550ebde@group-86A12C1C3F90:LeaderElection11] INFO  server.RaftServerConfigKeys (ConfUtils.java:logGet(43)) - raft.server.watch.element-limit = 65536 (default)
2019-09-11 05:28:55,865 [78dbd0e6-a34a-4054-9e2e-3bf1b76c8205@group-B7894EF2C8AA:LeaderElection13] INFO  impl.LeaderElection (LeaderElection.java:askForVotes(182)) - 78dbd0e6-a34a-4054-9e2e-3bf1b76c8205@group-B7894EF2C8AA:LeaderElection13: begin an election at term 1 for -1: [1169a1ed-1394-44b2-9737-be9aad5bd237:192.168.36.125:39685, 64c45ce8-9e8f-4626-9780-d8b476434616:192.168.36.125:34416, 78dbd0e6-a34a-4054-9e2e-3bf1b76c8205:192.168.36.125:36886], old=null
2019-09-11 05:28:55,865 [fa5ee157-3b80-4774-adcc-f01234ebded8@group-DBCF7A494882:LeaderElection12] INFO  impl.LeaderElection (LeaderElection.java:askForVotes(182)) - fa5ee157-3b80-4774-adcc-f01234ebded8@group-DBCF7A494882:LeaderElection12: begin an election at term 1 for -1: [b5c94862-e767-4e3a-a577-422bae381862:192.168.36.125:46265, fa5ee157-3b80-4774-adcc-f01234ebded8:192.168.36.125:42082, 4923db37-afc5-4a4b-9e0e-3e0e64c6efbc:192.168.36.125:35475], old=null
2019-09-11 05:28:55,900 [Thread-325] INFO  impl.FollowerState (FollowerState.java:run(106)) - b5c94862-e767-4e3a-a577-422bae381862:group-DBCF7A494882 changes to CANDIDATE, lastRpcTime:1201, electionTimeout:1200ms
2019-09-11 05:28:55,901 [Thread-325] INFO  impl.RoleInfo (RoleInfo.java:shutdownFollowerState(121)) - b5c94862-e767-4e3a-a577-422bae381862: shutdown FollowerState
2019-09-11 05:28:55,901 [Thread-325] INFO  impl.RaftServerImpl (RaftServerImpl.java:setRole(174)) - b5c94862-e767-4e3a-a577-422bae381862@group-DBCF7A494882: changes role from  FOLLOWER to CANDIDATE at term 0 for changeToCandidate
2019-09-11 05:28:55,901 [Thread-325] INFO  impl.RoleInfo (RoleInfo.java:updateAndGet(143)) - b5c94862-e767-4e3a-a577-422bae381862: start LeaderElection
2019-09-11 05:28:55,920 [Thread-335] INFO  impl.FollowerState (FollowerState.java:run(106)) - 64c45ce8-9e8f-4626-9780-d8b476434616:group-B7894EF2C8AA changes to CANDIDATE, lastRpcTime:1078, electionTimeout:1078ms
2019-09-11 05:28:55,921 [Thread-335] INFO  impl.RoleInfo (RoleInfo.java:shutdownFollowerState(121)) - 64c45ce8-9e8f-4626-9780-d8b476434616: shutdown FollowerState
2019-09-11 05:28:55,921 [Thread-335] INFO  impl.RaftServerImpl (RaftServerImpl.java:setRole(174)) - 64c45ce8-9e8f-4626-9780-d8b476434616@group-B7894EF2C8AA: changes role from  FOLLOWER to CANDIDATE at term 0 for changeToCandidate
2019-09-11 05:28:55,921 [Thread-335] INFO  impl.RoleInfo (RoleInfo.java:updateAndGet(143)) - 64c45ce8-9e8f-4626-9780-d8b476434616: start LeaderElection
2019-09-11 05:28:55,979 [b5c94862-e767-4e3a-a577-422bae381862@group-DBCF7A494882:LeaderElection14] INFO  impl.LeaderElection (LeaderElection.java:askForVotes(182)) - b5c94862-e767-4e3a-a577-422bae381862@group-DBCF7A494882:LeaderElection14: begin an election at term 1 for -1: [b5c94862-e767-4e3a-a577-422bae381862:192.168.36.125:46265, fa5ee157-3b80-4774-adcc-f01234ebded8:192.168.36.125:42082, 4923db37-afc5-4a4b-9e0e-3e0e64c6efbc:192.168.36.125:35475], old=null
2019-09-11 05:28:55,985 [Thread-341] INFO  impl.FollowerState (FollowerState.java:run(106)) - cf454e7e-23b5-43a4-8b5d-d83390319e33:group-00994406B9A2 changes to CANDIDATE, lastRpcTime:1061, electionTimeout:1061ms
2019-09-11 05:28:55,985 [Thread-341] INFO  impl.RoleInfo (RoleInfo.java:shutdownFollowerState(121)) - cf454e7e-23b5-43a4-8b5d-d83390319e33: shutdown FollowerState
2019-09-11 05:28:55,985 [Thread-341] INFO  impl.RaftServerImpl (RaftServerImpl.java:setRole(174)) - cf454e7e-23b5-43a4-8b5d-d83390319e33@group-00994406B9A2: changes role from  FOLLOWER to CANDIDATE at term 0 for changeToCandidate
2019-09-11 05:28:55,992 [Thread-341] INFO  impl.RoleInfo (RoleInfo.java:updateAndGet(143)) - cf454e7e-23b5-43a4-8b5d-d83390319e33: start LeaderElection
2019-09-11 05:28:55,992 [Thread-334] INFO  impl.FollowerState (FollowerState.java:run(106)) - 1169a1ed-1394-44b2-9737-be9aad5bd237:group-B7894EF2C8AA changes to CANDIDATE, lastRpcTime:1151, electionTimeout:1150ms
2019-09-11 05:28:55,993 [Thread-334] INFO  impl.RoleInfo (RoleInfo.java:shutdownFollowerState(121)) - 1169a1ed-1394-44b2-9737-be9aad5bd237: shutdown FollowerState
2019-09-11 05:28:55,993 [Thread-334] INFO  impl.RaftServerImpl (RaftServerImpl.java:setRole(174)) - 1169a1ed-1394-44b2-9737-be9aad5bd237@group-B7894EF2C8AA: changes role from  FOLLOWER to CANDIDATE at term 0 for changeToCandidate
2019-09-11 05:28:55,995 [Thread-334] INFO  impl.RoleInfo (RoleInfo.java:updateAndGet(143)) - 1169a1ed-1394-44b2-9737-be9aad5bd237: start LeaderElection
2019-09-11 05:28:56,004 [64c45ce8-9e8f-4626-9780-d8b476434616@group-B7894EF2C8AA:LeaderElection15] INFO  impl.LeaderElection (LeaderElection.java:askForVotes(182)) - 64c45ce8-9e8f-4626-9780-d8b476434616@group-B7894EF2C8AA:LeaderElection15: begin an election at term 1 for -1: [1169a1ed-1394-44b2-9737-be9aad5bd237:192.168.36.125:39685, 64c45ce8-9e8f-4626-9780-d8b476434616:192.168.36.125:34416, 78dbd0e6-a34a-4054-9e2e-3bf1b76c8205:192.168.36.125:36886], old=null
2019-09-11 05:28:56,037 [Thread-348] INFO  impl.FollowerState (FollowerState.java:run(106)) - 1085c8a3-fcd4-45c4-be46-c3757d6b46c3:group-00994406B9A2 changes to CANDIDATE, lastRpcTime:1069, electionTimeout:1069ms
2019-09-11 05:28:56,037 [Thread-348] INFO  impl.RoleInfo (RoleInfo.java:shutdownFollowerState(121)) - 1085c8a3-fcd4-45c4-be46-c3757d6b46c3: shutdown FollowerState
2019-09-11 05:28:56,037 [Thread-348] INFO  impl.RaftServerImpl (RaftServerImpl.java:setRole(174)) - 1085c8a3-fcd4-45c4-be46-c3757d6b46c3@group-00994406B9A2: changes role from  FOLLOWER to CANDIDATE at term 0 for changeToCandidate
2019-09-11 05:28:56,037 [cf454e7e-23b5-43a4-8b5d-d83390319e33@group-00994406B9A2:LeaderElection16] INFO  impl.LeaderElection (LeaderElection.java:askForVotes(182)) - cf454e7e-23b5-43a4-8b5d-d83390319e33@group-00994406B9A2:LeaderElection16: begin an election at term 1 for -1: [1085c8a3-fcd4-45c4-be46-c3757d6b46c3:192.168.36.125:32899, 33471566-8842-41e4-bba3-9cc287622f4a:192.168.36.125:43770, cf454e7e-23b5-43a4-8b5d-d83390319e33:192.168.36.125:43699], old=null
2019-09-11 05:28:56,038 [1169a1ed-1394-44b2-9737-be9aad5bd237@group-B7894EF2C8AA:LeaderElection17] INFO  impl.LeaderElection (LeaderElection.java:askForVotes(182)) - 1169a1ed-1394-44b2-9737-be9aad5bd237@group-B7894EF2C8AA:LeaderElection17: begin an election at term 1 for -1: [1169a1ed-1394-44b2-9737-be9aad5bd237:192.168.36.125:39685, 64c45ce8-9e8f-4626-9780-d8b476434616:192.168.36.125:34416, 78dbd0e6-a34a-4054-9e2e-3bf1b76c8205:192.168.36.125:36886], old=null
2019-09-11 05:28:56,051 [Thread-348] INFO  impl.RoleInfo (RoleInfo.java:updateAndGet(143)) - 1085c8a3-fcd4-45c4-be46-c3757d6b46c3: start LeaderElection
2019-09-11 05:28:56,060 [Thread-347] INFO  impl.FollowerState (FollowerState.java:run(106)) - 33471566-8842-41e4-bba3-9cc287622f4a:group-00994406B9A2 changes to CANDIDATE, lastRpcTime:1092, electionTimeout:1086ms
2019-09-11 05:28:56,065 [Thread-347] INFO  impl.RoleInfo (RoleInfo.java:shutdownFollowerState(121)) - 33471566-8842-41e4-bba3-9cc287622f4a: shutdown FollowerState
2019-09-11 05:28:56,065 [Thread-347] INFO  impl.RaftServerImpl (RaftServerImpl.java:setRole(174)) - 33471566-8842-41e4-bba3-9cc287622f4a@group-00994406B9A2: changes role from  FOLLOWER to CANDIDATE at term 0 for changeToCandidate
2019-09-11 05:28:56,072 [Thread-347] INFO  impl.RoleInfo (RoleInfo.java:updateAndGet(143)) - 33471566-8842-41e4-bba3-9cc287622f4a: start LeaderElection
2019-09-11 05:28:56,089 [4923db37-afc5-4a4b-9e0e-3e0e64c6efbc@group-DBCF7A494882:LeaderElection10] INFO  impl.LeaderElection (LeaderElection.java:logAndReturn(56)) - 4923db37-afc5-4a4b-9e0e-3e0e64c6efbc@group-DBCF7A494882:LeaderElection10: Election REJECTED; received 2 response(s) [4923db37-afc5-4a4b-9e0e-3e0e64c6efbc<-b5c94862-e767-4e3a-a577-422bae381862#0:FAIL-t1, 4923db37-afc5-4a4b-9e0e-3e0e64c6efbc<-fa5ee157-3b80-4774-adcc-f01234ebded8#0:FAIL-t1] and 0 exception(s); 4923db37-afc5-4a4b-9e0e-3e0e64c6efbc@group-DBCF7A494882:t1, leader=null, voted=4923db37-afc5-4a4b-9e0e-3e0e64c6efbc, raftlog=4923db37-afc5-4a4b-9e0e-3e0e64c6efbc@group-DBCF7A494882-SegmentedRaftLog:OPENED:c-1,f-1,i0, conf=-1: [b5c94862-e767-4e3a-a577-422bae381862:192.168.36.125:46265, fa5ee157-3b80-4774-adcc-f01234ebded8:192.168.36.125:42082, 4923db37-afc5-4a4b-9e0e-3e0e64c6efbc:192.168.36.125:35475], old=null
2019-09-11 05:28:56,094 [1085c8a3-fcd4-45c4-be46-c3757d6b46c3@group-00994406B9A2:LeaderElection18] INFO  impl.LeaderElection (LeaderElection.java:askForVotes(182)) - 1085c8a3-fcd4-45c4-be46-c3757d6b46c3@group-00994406B9A2:LeaderElection18: begin an election at term 1 for -1: [1085c8a3-fcd4-45c4-be46-c3757d6b46c3:192.168.36.125:32899, 33471566-8842-41e4-bba3-9cc287622f4a:192.168.36.125:43770, cf454e7e-23b5-43a4-8b5d-d83390319e33:192.168.36.125:43699], old=null
2019-09-11 05:28:56,110 [4923db37-afc5-4a4b-9e0e-3e0e64c6efbc@group-DBCF7A494882:LeaderElection10] INFO  impl.RaftServerImpl (RaftServerImpl.java:setRole(174)) - 4923db37-afc5-4a4b-9e0e-3e0e64c6efbc@group-DBCF7A494882: changes role from CANDIDATE to FOLLOWER at term 1 for DISCOVERED_A_NEW_TERM
2019-09-11 05:28:56,113 [4923db37-afc5-4a4b-9e0e-3e0e64c6efbc@group-DBCF7A494882:LeaderElection10] INFO  impl.RoleInfo (RoleInfo.java:shutdownLeaderElection(134)) - 4923db37-afc5-4a4b-9e0e-3e0e64c6efbc: shutdown LeaderElection
2019-09-11 05:28:56,115 [4923db37-afc5-4a4b-9e0e-3e0e64c6efbc@group-DBCF7A494882:LeaderElection10] INFO  impl.RoleInfo (RoleInfo.java:updateAndGet(143)) - 4923db37-afc5-4a4b-9e0e-3e0e64c6efbc: start FollowerState
2019-09-11 05:28:56,119 [78dbd0e6-a34a-4054-9e2e-3bf1b76c8205@group-B7894EF2C8AA:LeaderElection13] INFO  impl.LeaderElection (LeaderElection.java:logAndReturn(56)) - 78dbd0e6-a34a-4054-9e2e-3bf1b76c8205@group-B7894EF2C8AA:LeaderElection13: Election REJECTED; received 2 response(s) [78dbd0e6-a34a-4054-9e2e-3bf1b76c8205<-1169a1ed-1394-44b2-9737-be9aad5bd237#0:FAIL-t1, 78dbd0e6-a34a-4054-9e2e-3bf1b76c8205<-64c45ce8-9e8f-4626-9780-d8b476434616#0:FAIL-t1] and 0 exception(s); 78dbd0e6-a34a-4054-9e2e-3bf1b76c8205@group-B7894EF2C8AA:t1, leader=null, voted=78dbd0e6-a34a-4054-9e2e-3bf1b76c8205, raftlog=78dbd0e6-a34a-4054-9e2e-3bf1b76c8205@group-B7894EF2C8AA-SegmentedRaftLog:OPENED:c-1,f-1,i0, conf=-1: [1169a1ed-1394-44b2-9737-be9aad5bd237:192.168.36.125:39685, 64c45ce8-9e8f-4626-9780-d8b476434616:192.168.36.125:34416, 78dbd0e6-a34a-4054-9e2e-3bf1b76c8205:192.168.36.125:36886], old=null
2019-09-11 05:28:56,120 [33471566-8842-41e4-bba3-9cc287622f4a@group-00994406B9A2:LeaderElection19] INFO  impl.LeaderElection (LeaderElection.java:askForVotes(182)) - 33471566-8842-41e4-bba3-9cc287622f4a@group-00994406B9A2:LeaderElection19: begin an election at term 1 for -1: [1085c8a3-fcd4-45c4-be46-c3757d6b46c3:192.168.36.125:32899, 33471566-8842-41e4-bba3-9cc287622f4a:192.168.36.125:43770, cf454e7e-23b5-43a4-8b5d-d83390319e33:192.168.36.125:43699], old=null
2019-09-11 05:28:56,146 [78dbd0e6-a34a-4054-9e2e-3bf1b76c8205@group-B7894EF2C8AA:LeaderElection13] INFO  impl.RaftServerImpl (RaftServerImpl.java:setRole(174)) - 78dbd0e6-a34a-4054-9e2e-3bf1b76c8205@group-B7894EF2C8AA: changes role from CANDIDATE to FOLLOWER at term 1 for DISCOVERED_A_NEW_TERM
2019-09-11 05:28:56,157 [78dbd0e6-a34a-4054-9e2e-3bf1b76c8205@group-B7894EF2C8AA:LeaderElection13] INFO  impl.RoleInfo (RoleInfo.java:shutdownLeaderElection(134)) - 78dbd0e6-a34a-4054-9e2e-3bf1b76c8205: shutdown LeaderElection
2019-09-11 05:28:56,157 [78dbd0e6-a34a-4054-9e2e-3bf1b76c8205@group-B7894EF2C8AA:LeaderElection13] INFO  impl.RoleInfo (RoleInfo.java:updateAndGet(143)) - 78dbd0e6-a34a-4054-9e2e-3bf1b76c8205: start FollowerState
2019-09-11 05:28:56,197 [fa5ee157-3b80-4774-adcc-f01234ebded8@group-DBCF7A494882:LeaderElection12] INFO  impl.LeaderElection (LeaderElection.java:logAndReturn(56)) - fa5ee157-3b80-4774-adcc-f01234ebded8@group-DBCF7A494882:LeaderElection12: Election REJECTED; received 2 response(s) [fa5ee157-3b80-4774-adcc-f01234ebded8<-b5c94862-e767-4e3a-a577-422bae381862#0:FAIL-t1, fa5ee157-3b80-4774-adcc-f01234ebded8<-4923db37-afc5-4a4b-9e0e-3e0e64c6efbc#0:FAIL-t1] and 0 exception(s); fa5ee157-3b80-4774-adcc-f01234ebded8@group-DBCF7A494882:t1, leader=null, voted=fa5ee157-3b80-4774-adcc-f01234ebded8, raftlog=fa5ee157-3b80-4774-adcc-f01234ebded8@group-DBCF7A494882-SegmentedRaftLog:OPENED:c-1,f-1,i0, conf=-1: [b5c94862-e767-4e3a-a577-422bae381862:192.168.36.125:46265, fa5ee157-3b80-4774-adcc-f01234ebded8:192.168.36.125:42082, 4923db37-afc5-4a4b-9e0e-3e0e64c6efbc:192.168.36.125:35475], old=null
2019-09-11 05:28:56,197 [fa5ee157-3b80-4774-adcc-f01234ebded8@group-DBCF7A494882:LeaderElection12] INFO  impl.RaftServerImpl (RaftServerImpl.java:setRole(174)) - fa5ee157-3b80-4774-adcc-f01234ebded8@group-DBCF7A494882: changes role from CANDIDATE to FOLLOWER at term 1 for DISCOVERED_A_NEW_TERM
2019-09-11 05:28:56,199 [fa5ee157-3b80-4774-adcc-f01234ebded8@group-DBCF7A494882:LeaderElection12] INFO  impl.RoleInfo (RoleInfo.java:shutdownLeaderElection(134)) - fa5ee157-3b80-4774-adcc-f01234ebded8: shutdown LeaderElection
2019-09-11 05:28:56,199 [fa5ee157-3b80-4774-adcc-f01234ebded8@group-DBCF7A494882:LeaderElection12] INFO  impl.RoleInfo (RoleInfo.java:updateAndGet(143)) - fa5ee157-3b80-4774-adcc-f01234ebded8: start FollowerState
2019-09-11 05:28:56,233 [b5c94862-e767-4e3a-a577-422bae381862@group-DBCF7A494882:LeaderElection14] INFO  impl.LeaderElection (LeaderElection.java:logAndReturn(56)) - b5c94862-e767-4e3a-a577-422bae381862@group-DBCF7A494882:LeaderElection14: Election REJECTED; received 2 response(s) [b5c94862-e767-4e3a-a577-422bae381862<-fa5ee157-3b80-4774-adcc-f01234ebded8#0:FAIL-t1, b5c94862-e767-4e3a-a577-422bae381862<-4923db37-afc5-4a4b-9e0e-3e0e64c6efbc#0:FAIL-t1] and 0 exception(s); b5c94862-e767-4e3a-a577-422bae381862@group-DBCF7A494882:t1, leader=null, voted=b5c94862-e767-4e3a-a577-422bae381862, raftlog=b5c94862-e767-4e3a-a577-422bae381862@group-DBCF7A494882-SegmentedRaftLog:OPENED:c-1,f-1,i0, conf=-1: [b5c94862-e767-4e3a-a577-422bae381862:192.168.36.125:46265, fa5ee157-3b80-4774-adcc-f01234ebded8:192.168.36.125:42082, 4923db37-afc5-4a4b-9e0e-3e0e64c6efbc:192.168.36.125:35475], old=null
2019-09-11 05:28:56,247 [b5c94862-e767-4e3a-a577-422bae381862@group-DBCF7A494882:LeaderElection14] INFO  impl.RaftServerImpl (RaftServerImpl.java:setRole(174)) - b5c94862-e767-4e3a-a577-422bae381862@group-DBCF7A494882: changes role from CANDIDATE to FOLLOWER at term 1 for DISCOVERED_A_NEW_TERM
2019-09-11 05:28:56,248 [b5c94862-e767-4e3a-a577-422bae381862@group-DBCF7A494882:LeaderElection14] INFO  impl.RoleInfo (RoleInfo.java:shutdownLeaderElection(134)) - b5c94862-e767-4e3a-a577-422bae381862: shutdown LeaderElection
2019-09-11 05:28:56,251 [b5c94862-e767-4e3a-a577-422bae381862@group-DBCF7A494882:LeaderElection14] INFO  impl.RoleInfo (RoleInfo.java:updateAndGet(143)) - b5c94862-e767-4e3a-a577-422bae381862: start FollowerState
2019-09-11 05:28:56,251 [64c45ce8-9e8f-4626-9780-d8b476434616@group-B7894EF2C8AA:LeaderElection15] INFO  impl.LeaderElection (LeaderElection.java:logAndReturn(56)) - 64c45ce8-9e8f-4626-9780-d8b476434616@group-B7894EF2C8AA:LeaderElection15: Election REJECTED; received 2 response(s) [64c45ce8-9e8f-4626-9780-d8b476434616<-1169a1ed-1394-44b2-9737-be9aad5bd237#0:FAIL-t1, 64c45ce8-9e8f-4626-9780-d8b476434616<-78dbd0e6-a34a-4054-9e2e-3bf1b76c8205#0:FAIL-t1] and 0 exception(s); 64c45ce8-9e8f-4626-9780-d8b476434616@group-B7894EF2C8AA:t1, leader=null, voted=64c45ce8-9e8f-4626-9780-d8b476434616, raftlog=64c45ce8-9e8f-4626-9780-d8b476434616@group-B7894EF2C8AA-SegmentedRaftLog:OPENED:c-1,f-1,i0, conf=-1: [1169a1ed-1394-44b2-9737-be9aad5bd237:192.168.36.125:39685, 64c45ce8-9e8f-4626-9780-d8b476434616:192.168.36.125:34416, 78dbd0e6-a34a-4054-9e2e-3bf1b76c8205:192.168.36.125:36886], old=null
2019-09-11 05:28:56,259 [64c45ce8-9e8f-4626-9780-d8b476434616@group-B7894EF2C8AA:LeaderElection15] INFO  impl.RaftServerImpl (RaftServerImpl.java:setRole(174)) - 64c45ce8-9e8f-4626-9780-d8b476434616@group-B7894EF2C8AA: changes role from CANDIDATE to FOLLOWER at term 1 for DISCOVERED_A_NEW_TERM
2019-09-11 05:28:56,259 [64c45ce8-9e8f-4626-9780-d8b476434616@group-B7894EF2C8AA:LeaderElection15] INFO  impl.RoleInfo (RoleInfo.java:shutdownLeaderElection(134)) - 64c45ce8-9e8f-4626-9780-d8b476434616: shutdown LeaderElection
2019-09-11 05:28:56,259 [cf454e7e-23b5-43a4-8b5d-d83390319e33@group-00994406B9A2:LeaderElection16] INFO  impl.LeaderElection (LeaderElection.java:logAndReturn(56)) - cf454e7e-23b5-43a4-8b5d-d83390319e33@group-00994406B9A2:LeaderElection16: Election REJECTED; received 2 response(s) [cf454e7e-23b5-43a4-8b5d-d83390319e33<-1085c8a3-fcd4-45c4-be46-c3757d6b46c3#0:FAIL-t1, cf454e7e-23b5-43a4-8b5d-d83390319e33<-33471566-8842-41e4-bba3-9cc287622f4a#0:FAIL-t1] and 0 exception(s); cf454e7e-23b5-43a4-8b5d-d83390319e33@group-00994406B9A2:t1, leader=null, voted=cf454e7e-23b5-43a4-8b5d-d83390319e33, raftlog=cf454e7e-23b5-43a4-8b5d-d83390319e33@group-00994406B9A2-SegmentedRaftLog:OPENED:c-1,f-1,i0, conf=-1: [1085c8a3-fcd4-45c4-be46-c3757d6b46c3:192.168.36.125:32899, 33471566-8842-41e4-bba3-9cc287622f4a:192.168.36.125:43770, cf454e7e-23b5-43a4-8b5d-d83390319e33:192.168.36.125:43699], old=null
2019-09-11 05:28:56,283 [64c45ce8-9e8f-4626-9780-d8b476434616@group-B7894EF2C8AA:LeaderElection15] INFO  impl.RoleInfo (RoleInfo.java:updateAndGet(143)) - 64c45ce8-9e8f-4626-9780-d8b476434616: start FollowerState
2019-09-11 05:28:56,283 [cf454e7e-23b5-43a4-8b5d-d83390319e33@group-00994406B9A2:LeaderElection16] INFO  impl.RaftServerImpl (RaftServerImpl.java:setRole(174)) - cf454e7e-23b5-43a4-8b5d-d83390319e33@group-00994406B9A2: changes role from CANDIDATE to FOLLOWER at term 1 for DISCOVERED_A_NEW_TERM
2019-09-11 05:28:56,285 [cf454e7e-23b5-43a4-8b5d-d83390319e33@group-00994406B9A2:LeaderElection16] INFO  impl.RoleInfo (RoleInfo.java:shutdownLeaderElection(134)) - cf454e7e-23b5-43a4-8b5d-d83390319e33: shutdown LeaderElection
2019-09-11 05:28:56,286 [cf454e7e-23b5-43a4-8b5d-d83390319e33@group-00994406B9A2:LeaderElection16] INFO  impl.RoleInfo (RoleInfo.java:updateAndGet(143)) - cf454e7e-23b5-43a4-8b5d-d83390319e33: start FollowerState
2019-09-11 05:28:56,286 [1085c8a3-fcd4-45c4-be46-c3757d6b46c3@group-00994406B9A2:LeaderElection18] INFO  impl.LeaderElection (LeaderElection.java:logAndReturn(56)) - 1085c8a3-fcd4-45c4-be46-c3757d6b46c3@group-00994406B9A2:LeaderElection18: Election REJECTED; received 2 response(s) [1085c8a3-fcd4-45c4-be46-c3757d6b46c3<-33471566-8842-41e4-bba3-9cc287622f4a#0:FAIL-t1, 1085c8a3-fcd4-45c4-be46-c3757d6b46c3<-cf454e7e-23b5-43a4-8b5d-d83390319e33#0:FAIL-t1] and 0 exception(s); 1085c8a3-fcd4-45c4-be46-c3757d6b46c3@group-00994406B9A2:t1, leader=null, voted=1085c8a3-fcd4-45c4-be46-c3757d6b46c3, raftlog=1085c8a3-fcd4-45c4-be46-c3757d6b46c3@group-00994406B9A2-SegmentedRaftLog:OPENED:c-1,f-1,i0, conf=-1: [1085c8a3-fcd4-45c4-be46-c3757d6b46c3:192.168.36.125:32899, 33471566-8842-41e4-bba3-9cc287622f4a:192.168.36.125:43770, cf454e7e-23b5-43a4-8b5d-d83390319e33:192.168.36.125:43699], old=null
2019-09-11 05:28:56,286 [1085c8a3-fcd4-45c4-be46-c3757d6b46c3@group-00994406B9A2:LeaderElection18] INFO  impl.RaftServerImpl (RaftServerImpl.java:setRole(174)) - 1085c8a3-fcd4-45c4-be46-c3757d6b46c3@group-00994406B9A2: changes role from CANDIDATE to FOLLOWER at term 1 for DISCOVERED_A_NEW_TERM
2019-09-11 05:28:56,286 [1085c8a3-fcd4-45c4-be46-c3757d6b46c3@group-00994406B9A2:LeaderElection18] INFO  impl.RoleInfo (RoleInfo.java:shutdownLeaderElection(134)) - 1085c8a3-fcd4-45c4-be46-c3757d6b46c3: shutdown LeaderElection
2019-09-11 05:28:56,289 [1085c8a3-fcd4-45c4-be46-c3757d6b46c3@group-00994406B9A2:LeaderElection18] INFO  impl.RoleInfo (RoleInfo.java:updateAndGet(143)) - 1085c8a3-fcd4-45c4-be46-c3757d6b46c3: start FollowerState
2019-09-11 05:28:56,317 [1169a1ed-1394-44b2-9737-be9aad5bd237@group-B7894EF2C8AA:LeaderElection17] INFO  impl.LeaderElection (LeaderElection.java:logAndReturn(56)) - 1169a1ed-1394-44b2-9737-be9aad5bd237@group-B7894EF2C8AA:LeaderElection17: Election REJECTED; received 2 response(s) [1169a1ed-1394-44b2-9737-be9aad5bd237<-64c45ce8-9e8f-4626-9780-d8b476434616#0:FAIL-t1, 1169a1ed-1394-44b2-9737-be9aad5bd237<-78dbd0e6-a34a-4054-9e2e-3bf1b76c8205#0:FAIL-t1] and 0 exception(s); 1169a1ed-1394-44b2-9737-be9aad5bd237@group-B7894EF2C8AA:t1, leader=null, voted=1169a1ed-1394-44b2-9737-be9aad5bd237, raftlog=1169a1ed-1394-44b2-9737-be9aad5bd237@group-B7894EF2C8AA-SegmentedRaftLog:OPENED:c-1,f-1,i0, conf=-1: [1169a1ed-1394-44b2-9737-be9aad5bd237:192.168.36.125:39685, 64c45ce8-9e8f-4626-9780-d8b476434616:192.168.36.125:34416, 78dbd0e6-a34a-4054-9e2e-3bf1b76c8205:192.168.36.125:36886], old=null
2019-09-11 05:28:56,317 [33471566-8842-41e4-bba3-9cc287622f4a@group-00994406B9A2:LeaderElection19] INFO  impl.LeaderElection (LeaderElection.java:logAndReturn(56)) - 33471566-8842-41e4-bba3-9cc287622f4a@group-00994406B9A2:LeaderElection19: Election REJECTED; received 2 response(s) [33471566-8842-41e4-bba3-9cc287622f4a<-1085c8a3-fcd4-45c4-be46-c3757d6b46c3#0:FAIL-t1, 33471566-8842-41e4-bba3-9cc287622f4a<-cf454e7e-23b5-43a4-8b5d-d83390319e33#0:FAIL-t1] and 0 exception(s); 33471566-8842-41e4-bba3-9cc287622f4a@group-00994406B9A2:t1, leader=null, voted=33471566-8842-41e4-bba3-9cc287622f4a, raftlog=33471566-8842-41e4-bba3-9cc287622f4a@group-00994406B9A2-SegmentedRaftLog:OPENED:c-1,f-1,i0, conf=-1: [1085c8a3-fcd4-45c4-be46-c3757d6b46c3:192.168.36.125:32899, 33471566-8842-41e4-bba3-9cc287622f4a:192.168.36.125:43770, cf454e7e-23b5-43a4-8b5d-d83390319e33:192.168.36.125:43699], old=null
2019-09-11 05:28:56,330 [1169a1ed-1394-44b2-9737-be9aad5bd237@group-B7894EF2C8AA:LeaderElection17] INFO  impl.RaftServerImpl (RaftServerImpl.java:setRole(174)) - 1169a1ed-1394-44b2-9737-be9aad5bd237@group-B7894EF2C8AA: changes role from CANDIDATE to FOLLOWER at term 1 for DISCOVERED_A_NEW_TERM
2019-09-11 05:28:56,345 [33471566-8842-41e4-bba3-9cc287622f4a@group-00994406B9A2:LeaderElection19] INFO  impl.RaftServerImpl (RaftServerImpl.java:setRole(174)) - 33471566-8842-41e4-bba3-9cc287622f4a@group-00994406B9A2: changes role from CANDIDATE to FOLLOWER at term 1 for DISCOVERED_A_NEW_TERM
2019-09-11 05:28:56,345 [1169a1ed-1394-44b2-9737-be9aad5bd237@group-B7894EF2C8AA:LeaderElection17] INFO  impl.RoleInfo (RoleInfo.java:shutdownLeaderElection(134)) - 1169a1ed-1394-44b2-9737-be9aad5bd237: shutdown LeaderElection
2019-09-11 05:28:56,351 [33471566-8842-41e4-bba3-9cc287622f4a@group-00994406B9A2:LeaderElection19] INFO  impl.RoleInfo (RoleInfo.java:shutdownLeaderElection(134)) - 33471566-8842-41e4-bba3-9cc287622f4a: shutdown LeaderElection
2019-09-11 05:28:56,351 [1169a1ed-1394-44b2-9737-be9aad5bd237@group-B7894EF2C8AA:LeaderElection17] INFO  impl.RoleInfo (RoleInfo.java:updateAndGet(143)) - 1169a1ed-1394-44b2-9737-be9aad5bd237: start FollowerState
2019-09-11 05:28:56,351 [33471566-8842-41e4-bba3-9cc287622f4a@group-00994406B9A2:LeaderElection19] INFO  impl.RoleInfo (RoleInfo.java:updateAndGet(143)) - 33471566-8842-41e4-bba3-9cc287622f4a: start FollowerState
2019-09-11 05:28:56,406 [15f0fda7-63f5-4fb9-b135-cfff0550ebde@group-86A12C1C3F90:LeaderElection11] INFO  impl.RoleInfo (RoleInfo.java:updateAndGet(143)) - 15f0fda7-63f5-4fb9-b135-cfff0550ebde: start LeaderState
2019-09-11 05:28:56,407 [15f0fda7-63f5-4fb9-b135-cfff0550ebde@group-86A12C1C3F90:LeaderElection11] INFO  segmented.SegmentedRaftLogWorker (SegmentedRaftLogWorker.java:startLogSegment(380)) - 15f0fda7-63f5-4fb9-b135-cfff0550ebde@group-86A12C1C3F90-SegmentedRaftLogWorker: Starting segment from index:0
2019-09-11 05:28:56,407 [15f0fda7-63f5-4fb9-b135-cfff0550ebde@group-86A12C1C3F90:LeaderElection11] INFO  impl.RaftServerImpl (ServerState.java:setRaftConf(354)) - 15f0fda7-63f5-4fb9-b135-cfff0550ebde@group-86A12C1C3F90: set configuration 0: [15f0fda7-63f5-4fb9-b135-cfff0550ebde:192.168.36.125:35883], old=null at 0
2019-09-11 05:28:56,419 [main] INFO  impl.MetricsSystemImpl (MetricsSystemImpl.java:init(158)) - XceiverClientMetrics metrics system started (again)
2019-09-11 05:28:56,450 [15f0fda7-63f5-4fb9-b135-cfff0550ebde@group-86A12C1C3F90-SegmentedRaftLogWorker] INFO  segmented.SegmentedRaftLogWorker (SegmentedRaftLogWorker.java:execute(569)) - 15f0fda7-63f5-4fb9-b135-cfff0550ebde@group-86A12C1C3F90-SegmentedRaftLogWorker: created new log segment /workdir/hadoop-ozone/integration-test/target/test-dir/MiniOzoneClusterImpl-712b11b3-5514-48f8-84a2-2435d4ba870b/datanode-6/data/ratis/c30543bb-b31a-45fa-86e8-86a12c1c3f90/current/log_inprogress_0
2019-09-11 05:28:56,573 [grpc-default-executor-1] INFO  client.GrpcClientProtocolClient (GrpcClientProtocolClient.java:onNext(264)) - client-51C1F636924D->cf454e7e-23b5-43a4-8b5d-d83390319e33: receive RaftClientReply:client-51C1F636924D->cf454e7e-23b5-43a4-8b5d-d83390319e33@group-00994406B9A2, cid=19, FAILED org.apache.ratis.protocol.NotLeaderException: Server cf454e7e-23b5-43a4-8b5d-d83390319e33@group-00994406B9A2 is not the leader, logIndex=0, commits[cf454e7e-23b5-43a4-8b5d-d83390319e33:c-1]
2019-09-11 05:28:57,279 [Thread-393] INFO  impl.FollowerState (FollowerState.java:run(106)) - 78dbd0e6-a34a-4054-9e2e-3bf1b76c8205:group-B7894EF2C8AA changes to CANDIDATE, lastRpcTime:1122, electionTimeout:1118ms
2019-09-11 05:28:57,280 [Thread-393] INFO  impl.RoleInfo (RoleInfo.java:shutdownFollowerState(121)) - 78dbd0e6-a34a-4054-9e2e-3bf1b76c8205: shutdown FollowerState
2019-09-11 05:28:57,280 [Thread-393] INFO  impl.RaftServerImpl (RaftServerImpl.java:setRole(174)) - 78dbd0e6-a34a-4054-9e2e-3bf1b76c8205@group-B7894EF2C8AA: changes role from  FOLLOWER to CANDIDATE at term 1 for changeToCandidate
2019-09-11 05:28:57,280 [Thread-393] INFO  impl.RoleInfo (RoleInfo.java:updateAndGet(143)) - 78dbd0e6-a34a-4054-9e2e-3bf1b76c8205: start LeaderElection
2019-09-11 05:28:57,301 [Thread-390] INFO  impl.FollowerState (FollowerState.java:run(106)) - 4923db37-afc5-4a4b-9e0e-3e0e64c6efbc:group-DBCF7A494882 changes to CANDIDATE, lastRpcTime:1185, electionTimeout:1183ms
2019-09-11 05:28:57,302 [Thread-390] INFO  impl.RoleInfo (RoleInfo.java:shutdownFollowerState(121)) - 4923db37-afc5-4a4b-9e0e-3e0e64c6efbc: shutdown FollowerState
2019-09-11 05:28:57,302 [Thread-390] INFO  impl.RaftServerImpl (RaftServerImpl.java:setRole(174)) - 4923db37-afc5-4a4b-9e0e-3e0e64c6efbc@group-DBCF7A494882: changes role from  FOLLOWER to CANDIDATE at term 1 for changeToCandidate
2019-09-11 05:28:57,302 [Thread-390] INFO  impl.RoleInfo (RoleInfo.java:updateAndGet(143)) - 4923db37-afc5-4a4b-9e0e-3e0e64c6efbc: start LeaderElection
2019-09-11 05:28:57,304 [78dbd0e6-a34a-4054-9e2e-3bf1b76c8205@group-B7894EF2C8AA:LeaderElection20] INFO  impl.LeaderElection (LeaderElection.java:askForVotes(182)) - 78dbd0e6-a34a-4054-9e2e-3bf1b76c8205@group-B7894EF2C8AA:LeaderElection20: begin an election at term 2 for -1: [1169a1ed-1394-44b2-9737-be9aad5bd237:192.168.36.125:39685, 64c45ce8-9e8f-4626-9780-d8b476434616:192.168.36.125:34416, 78dbd0e6-a34a-4054-9e2e-3bf1b76c8205:192.168.36.125:36886], old=null
2019-09-11 05:28:57,306 [4923db37-afc5-4a4b-9e0e-3e0e64c6efbc@group-DBCF7A494882:LeaderElection21] INFO  impl.LeaderElection (LeaderElection.java:askForVotes(182)) - 4923db37-afc5-4a4b-9e0e-3e0e64c6efbc@group-DBCF7A494882:LeaderElection21: begin an election at term 2 for -1: [b5c94862-e767-4e3a-a577-422bae381862:192.168.36.125:46265, fa5ee157-3b80-4774-adcc-f01234ebded8:192.168.36.125:42082, 4923db37-afc5-4a4b-9e0e-3e0e64c6efbc:192.168.36.125:35475], old=null
2019-09-11 05:28:57,307 [Thread-394] INFO  impl.FollowerState (FollowerState.java:run(106)) - fa5ee157-3b80-4774-adcc-f01234ebded8:group-DBCF7A494882 changes to CANDIDATE, lastRpcTime:1107, electionTimeout:1107ms
2019-09-11 05:28:57,307 [Thread-394] INFO  impl.RoleInfo (RoleInfo.java:shutdownFollowerState(121)) - fa5ee157-3b80-4774-adcc-f01234ebded8: shutdown FollowerState
2019-09-11 05:28:57,307 [Thread-394] INFO  impl.RaftServerImpl (RaftServerImpl.java:setRole(174)) - fa5ee157-3b80-4774-adcc-f01234ebded8@group-DBCF7A494882: changes role from  FOLLOWER to CANDIDATE at term 1 for changeToCandidate
2019-09-11 05:28:57,307 [Thread-394] INFO  impl.RoleInfo (RoleInfo.java:updateAndGet(143)) - fa5ee157-3b80-4774-adcc-f01234ebded8: start LeaderElection
2019-09-11 05:28:57,318 [grpc-default-executor-1] INFO  impl.RaftServerImpl (RaftServerImpl.java:setRole(174)) - 1169a1ed-1394-44b2-9737-be9aad5bd237@group-B7894EF2C8AA: changes role from  FOLLOWER to FOLLOWER at term 2 for recognizeCandidate:78dbd0e6-a34a-4054-9e2e-3bf1b76c8205
2019-09-11 05:28:57,318 [grpc-default-executor-1] INFO  impl.RoleInfo (RoleInfo.java:shutdownFollowerState(121)) - 1169a1ed-1394-44b2-9737-be9aad5bd237: shutdown FollowerState
2019-09-11 05:28:57,318 [grpc-default-executor-1] INFO  impl.RoleInfo (RoleInfo.java:updateAndGet(143)) - 1169a1ed-1394-44b2-9737-be9aad5bd237: start FollowerState
2019-09-11 05:28:57,318 [Thread-399] INFO  impl.FollowerState (FollowerState.java:run(115)) - 1169a1ed-1394-44b2-9737-be9aad5bd237: FollowerState was interrupted: java.lang.InterruptedException: sleep interrupted
2019-09-11 05:28:57,319 [grpc-default-executor-2] INFO  impl.RaftServerImpl (RaftServerImpl.java:setRole(174)) - 64c45ce8-9e8f-4626-9780-d8b476434616@group-B7894EF2C8AA: changes role from  FOLLOWER to FOLLOWER at term 2 for recognizeCandidate:78dbd0e6-a34a-4054-9e2e-3bf1b76c8205
2019-09-11 05:28:57,319 [grpc-default-executor-4] INFO  impl.RaftServerImpl (RaftServerImpl.java:setRole(174)) - b5c94862-e767-4e3a-a577-422bae381862@group-DBCF7A494882: changes role from  FOLLOWER to FOLLOWER at term 2 for recognizeCandidate:4923db37-afc5-4a4b-9e0e-3e0e64c6efbc
2019-09-11 05:28:57,319 [grpc-default-executor-2] INFO  impl.RoleInfo (RoleInfo.java:shutdownFollowerState(121)) - 64c45ce8-9e8f-4626-9780-d8b476434616: shutdown FollowerState
2019-09-11 05:28:57,320 [grpc-default-executor-4] INFO  impl.RoleInfo (RoleInfo.java:shutdownFollowerState(121)) - b5c94862-e767-4e3a-a577-422bae381862: shutdown FollowerState
2019-09-11 05:28:57,320 [grpc-default-executor-2] INFO  impl.RoleInfo (RoleInfo.java:updateAndGet(143)) - 64c45ce8-9e8f-4626-9780-d8b476434616: start FollowerState
2019-09-11 05:28:57,320 [Thread-396] INFO  impl.FollowerState (FollowerState.java:run(115)) - 64c45ce8-9e8f-4626-9780-d8b476434616: FollowerState was interrupted: java.lang.InterruptedException: sleep interrupted
2019-09-11 05:28:57,320 [grpc-default-executor-4] INFO  impl.RoleInfo (RoleInfo.java:updateAndGet(143)) - b5c94862-e767-4e3a-a577-422bae381862: start FollowerState
2019-09-11 05:28:57,320 [Thread-395] INFO  impl.FollowerState (FollowerState.java:run(115)) - b5c94862-e767-4e3a-a577-422bae381862: FollowerState was interrupted: java.lang.InterruptedException: sleep interrupted
2019-09-11 05:28:57,331 [fa5ee157-3b80-4774-adcc-f01234ebded8@group-DBCF7A494882:LeaderElection22] INFO  impl.LeaderElection (LeaderElection.java:askForVotes(182)) - fa5ee157-3b80-4774-adcc-f01234ebded8@group-DBCF7A494882:LeaderElection22: begin an election at term 2 for -1: [b5c94862-e767-4e3a-a577-422bae381862:192.168.36.125:46265, fa5ee157-3b80-4774-adcc-f01234ebded8:192.168.36.125:42082, 4923db37-afc5-4a4b-9e0e-3e0e64c6efbc:192.168.36.125:35475], old=null
2019-09-11 05:28:57,333 [78dbd0e6-a34a-4054-9e2e-3bf1b76c8205@group-B7894EF2C8AA:LeaderElection20] INFO  impl.LeaderElection (LeaderElection.java:logAndReturn(56)) - 78dbd0e6-a34a-4054-9e2e-3bf1b76c8205@group-B7894EF2C8AA:LeaderElection20: Election PASSED; received 1 response(s) [78dbd0e6-a34a-4054-9e2e-3bf1b76c8205<-1169a1ed-1394-44b2-9737-be9aad5bd237#0:OK-t2] and 0 exception(s); 78dbd0e6-a34a-4054-9e2e-3bf1b76c8205@group-B7894EF2C8AA:t2, leader=null, voted=78dbd0e6-a34a-4054-9e2e-3bf1b76c8205, raftlog=78dbd0e6-a34a-4054-9e2e-3bf1b76c8205@group-B7894EF2C8AA-SegmentedRaftLog:OPENED:c-1,f-1,i0, conf=-1: [1169a1ed-1394-44b2-9737-be9aad5bd237:192.168.36.125:39685, 64c45ce8-9e8f-4626-9780-d8b476434616:192.168.36.125:34416, 78dbd0e6-a34a-4054-9e2e-3bf1b76c8205:192.168.36.125:36886], old=null
2019-09-11 05:28:57,333 [78dbd0e6-a34a-4054-9e2e-3bf1b76c8205@group-B7894EF2C8AA:LeaderElection20] INFO  impl.RoleInfo (RoleInfo.java:shutdownLeaderElection(134)) - 78dbd0e6-a34a-4054-9e2e-3bf1b76c8205: shutdown LeaderElection
2019-09-11 05:28:57,336 [4923db37-afc5-4a4b-9e0e-3e0e64c6efbc@group-DBCF7A494882:LeaderElection21] INFO  impl.LeaderElection (LeaderElection.java:logAndReturn(56)) - 4923db37-afc5-4a4b-9e0e-3e0e64c6efbc@group-DBCF7A494882:LeaderElection21: Election PASSED; received 1 response(s) [4923db37-afc5-4a4b-9e0e-3e0e64c6efbc<-b5c94862-e767-4e3a-a577-422bae381862#0:OK-t2] and 0 exception(s); 4923db37-afc5-4a4b-9e0e-3e0e64c6efbc@group-DBCF7A494882:t2, leader=null, voted=4923db37-afc5-4a4b-9e0e-3e0e64c6efbc, raftlog=4923db37-afc5-4a4b-9e0e-3e0e64c6efbc@group-DBCF7A494882-SegmentedRaftLog:OPENED:c-1,f-1,i0, conf=-1: [b5c94862-e767-4e3a-a577-422bae381862:192.168.36.125:46265, fa5ee157-3b80-4774-adcc-f01234ebded8:192.168.36.125:42082, 4923db37-afc5-4a4b-9e0e-3e0e64c6efbc:192.168.36.125:35475], old=null
2019-09-11 05:28:57,336 [78dbd0e6-a34a-4054-9e2e-3bf1b76c8205@group-B7894EF2C8AA:LeaderElection20] INFO  impl.RaftServerImpl (RaftServerImpl.java:setRole(174)) - 78dbd0e6-a34a-4054-9e2e-3bf1b76c8205@group-B7894EF2C8AA: changes role from CANDIDATE to LEADER at term 2 for changeToLeader
2019-09-11 05:28:57,338 [4923db37-afc5-4a4b-9e0e-3e0e64c6efbc@group-DBCF7A494882:LeaderElection21] INFO  impl.RoleInfo (RoleInfo.java:shutdownLeaderElection(134)) - 4923db37-afc5-4a4b-9e0e-3e0e64c6efbc: shutdown LeaderElection
2019-09-11 05:28:57,341 [78dbd0e6-a34a-4054-9e2e-3bf1b76c8205@group-B7894EF2C8AA:LeaderElection20] INFO  impl.RaftServerImpl (ServerState.java:setLeader(253)) - 78dbd0e6-a34a-4054-9e2e-3bf1b76c8205@group-B7894EF2C8AA: change Leader from null to 78dbd0e6-a34a-4054-9e2e-3bf1b76c8205 at term 2 for becomeLeader, leader elected after 2529ms
2019-09-11 05:28:57,343 [4923db37-afc5-4a4b-9e0e-3e0e64c6efbc@group-DBCF7A494882:LeaderElection21] INFO  impl.RaftServerImpl (RaftServerImpl.java:setRole(174)) - 4923db37-afc5-4a4b-9e0e-3e0e64c6efbc@group-DBCF7A494882: changes role from CANDIDATE to LEADER at term 2 for changeToLeader
2019-09-11 05:28:57,345 [78dbd0e6-a34a-4054-9e2e-3bf1b76c8205@group-B7894EF2C8AA:LeaderElection20] INFO  server.RaftServerConfigKeys (ConfUtils.java:logGet(43)) - raft.server.staging.catchup.gap = 1000 (default)
2019-09-11 05:28:57,345 [4923db37-afc5-4a4b-9e0e-3e0e64c6efbc@group-DBCF7A494882:LeaderElection21] INFO  impl.RaftServerImpl (ServerState.java:setLeader(253)) - 4923db37-afc5-4a4b-9e0e-3e0e64c6efbc@group-DBCF7A494882: change Leader from null to 4923db37-afc5-4a4b-9e0e-3e0e64c6efbc at term 2 for becomeLeader, leader elected after 2665ms
2019-09-11 05:28:57,345 [78dbd0e6-a34a-4054-9e2e-3bf1b76c8205@group-B7894EF2C8AA:LeaderElection20] INFO  server.RaftServerConfigKeys (ConfUtils.java:logGet(43)) - raft.server.rpc.sleep.time = 25ms (default)
2019-09-11 05:28:57,345 [4923db37-afc5-4a4b-9e0e-3e0e64c6efbc@group-DBCF7A494882:LeaderElection21] INFO  server.RaftServerConfigKeys (ConfUtils.java:logGet(43)) - raft.server.staging.catchup.gap = 1000 (default)
2019-09-11 05:28:57,345 [78dbd0e6-a34a-4054-9e2e-3bf1b76c8205@group-B7894EF2C8AA:LeaderElection20] INFO  server.RaftServerConfigKeys (ConfUtils.java:logGet(43)) - raft.server.write.element-limit = 4096 (default)
2019-09-11 05:28:57,345 [4923db37-afc5-4a4b-9e0e-3e0e64c6efbc@group-DBCF7A494882:LeaderElection21] INFO  server.RaftServerConfigKeys (ConfUtils.java:logGet(43)) - raft.server.rpc.sleep.time = 25ms (default)
2019-09-11 05:28:57,345 [78dbd0e6-a34a-4054-9e2e-3bf1b76c8205@group-B7894EF2C8AA:LeaderElection20] INFO  server.RaftServerConfigKeys (ConfUtils.java:logGet(43)) - raft.server.watch.timeout = 10s (default)
2019-09-11 05:28:57,346 [4923db37-afc5-4a4b-9e0e-3e0e64c6efbc@group-DBCF7A494882:LeaderElection21] INFO  server.RaftServerConfigKeys (ConfUtils.java:logGet(43)) - raft.server.write.element-limit = 4096 (default)
2019-09-11 05:28:57,346 [78dbd0e6-a34a-4054-9e2e-3bf1b76c8205@group-B7894EF2C8AA:LeaderElection20] INFO  server.RaftServerConfigKeys (ConfUtils.java:logGet(43)) - raft.server.watch.timeout.denomination = 1s (default)
2019-09-11 05:28:57,346 [4923db37-afc5-4a4b-9e0e-3e0e64c6efbc@group-DBCF7A494882:LeaderElection21] INFO  server.RaftServerConfigKeys (ConfUtils.java:logGet(43)) - raft.server.watch.timeout = 10s (default)
2019-09-11 05:28:57,346 [78dbd0e6-a34a-4054-9e2e-3bf1b76c8205@group-B7894EF2C8AA:LeaderElection20] INFO  server.RaftServerConfigKeys (ConfUtils.java:logGet(43)) - raft.server.watch.element-limit = 65536 (default)
2019-09-11 05:28:57,346 [4923db37-afc5-4a4b-9e0e-3e0e64c6efbc@group-DBCF7A494882:LeaderElection21] INFO  server.RaftServerConfigKeys (ConfUtils.java:logGet(43)) - raft.server.watch.timeout.denomination = 1s (default)
2019-09-11 05:28:57,346 [4923db37-afc5-4a4b-9e0e-3e0e64c6efbc@group-DBCF7A494882:LeaderElection21] INFO  server.RaftServerConfigKeys (ConfUtils.java:logGet(43)) - raft.server.watch.element-limit = 65536 (default)
2019-09-11 05:28:57,352 [4923db37-afc5-4a4b-9e0e-3e0e64c6efbc@group-DBCF7A494882:LeaderElection21] INFO  server.RaftServerConfigKeys (ConfUtils.java:logGet(43)) - raft.server.log.appender.snapshot.chunk.size.max = 16MB (=16777216) (default)
2019-09-11 05:28:57,352 [78dbd0e6-a34a-4054-9e2e-3bf1b76c8205@group-B7894EF2C8AA:LeaderElection20] INFO  server.RaftServerConfigKeys (ConfUtils.java:logGet(43)) - raft.server.log.appender.snapshot.chunk.size.max = 16MB (=16777216) (default)
2019-09-11 05:28:57,352 [4923db37-afc5-4a4b-9e0e-3e0e64c6efbc@group-DBCF7A494882:LeaderElection21] INFO  server.RaftServerConfigKeys (ConfUtils.java:logGet(43)) - raft.server.log.appender.buffer.byte-limit = 33554432 (custom)
2019-09-11 05:28:57,352 [78dbd0e6-a34a-4054-9e2e-3bf1b76c8205@group-B7894EF2C8AA:LeaderElection20] INFO  server.RaftServerConfigKeys (ConfUtils.java:logGet(43)) - raft.server.log.appender.buffer.byte-limit = 33554432 (custom)
2019-09-11 05:28:57,353 [4923db37-afc5-4a4b-9e0e-3e0e64c6efbc@group-DBCF7A494882:LeaderElection21] INFO  server.RaftServerConfigKeys (ConfUtils.java:logGet(43)) - raft.server.log.appender.buffer.element-limit = 1 (custom)
2019-09-11 05:28:57,353 [78dbd0e6-a34a-4054-9e2e-3bf1b76c8205@group-B7894EF2C8AA:LeaderElection20] INFO  server.RaftServerConfigKeys (ConfUtils.java:logGet(43)) - raft.server.log.appender.buffer.element-limit = 1 (custom)
2019-09-11 05:28:57,356 [4923db37-afc5-4a4b-9e0e-3e0e64c6efbc@group-DBCF7A494882:LeaderElection21] INFO  grpc.GrpcConfigKeys$Server (ConfUtils.java:logGet(43)) - raft.grpc.server.leader.outstanding.appends.max = 128 (default)
2019-09-11 05:28:57,356 [78dbd0e6-a34a-4054-9e2e-3bf1b76c8205@group-B7894EF2C8AA:LeaderElection20] INFO  grpc.GrpcConfigKeys$Server (ConfUtils.java:logGet(43)) - raft.grpc.server.leader.outstanding.appends.max = 128 (default)
2019-09-11 05:28:57,358 [4923db37-afc5-4a4b-9e0e-3e0e64c6efbc@group-DBCF7A494882:LeaderElection21] INFO  server.RaftServerConfigKeys (ConfUtils.java:logGet(43)) - raft.server.rpc.request.timeout = 3000ms (default)
2019-09-11 05:28:57,358 [78dbd0e6-a34a-4054-9e2e-3bf1b76c8205@group-B7894EF2C8AA:LeaderElection20] INFO  server.RaftServerConfigKeys (ConfUtils.java:logGet(43)) - raft.server.rpc.request.timeout = 3000ms (default)
2019-09-11 05:28:57,358 [4923db37-afc5-4a4b-9e0e-3e0e64c6efbc@group-DBCF7A494882:LeaderElection21] INFO  server.RaftServerConfigKeys (ConfUtils.java:logGet(43)) - raft.server.log.appender.install.snapshot.enabled = false (custom)
2019-09-11 05:28:57,359 [78dbd0e6-a34a-4054-9e2e-3bf1b76c8205@group-B7894EF2C8AA:LeaderElection20] INFO  server.RaftServerConfigKeys (ConfUtils.java:logGet(43)) - raft.server.log.appender.install.snapshot.enabled = false (custom)
2019-09-11 05:28:57,360 [78dbd0e6-a34a-4054-9e2e-3bf1b76c8205@group-B7894EF2C8AA:LeaderElection20] INFO  server.RaftServerConfigKeys (ConfUtils.java:logGet(43)) - raft.server.log.appender.snapshot.chunk.size.max = 16MB (=16777216) (default)
2019-09-11 05:28:57,360 [4923db37-afc5-4a4b-9e0e-3e0e64c6efbc@group-DBCF7A494882:LeaderElection21] INFO  server.RaftServerConfigKeys (ConfUtils.java:logGet(43)) - raft.server.log.appender.snapshot.chunk.size.max = 16MB (=16777216) (default)
2019-09-11 05:28:57,360 [78dbd0e6-a34a-4054-9e2e-3bf1b76c8205@group-B7894EF2C8AA:LeaderElection20] INFO  server.RaftServerConfigKeys (ConfUtils.java:logGet(43)) - raft.server.log.appender.buffer.byte-limit = 33554432 (custom)
2019-09-11 05:28:57,360 [4923db37-afc5-4a4b-9e0e-3e0e64c6efbc@group-DBCF7A494882:LeaderElection21] INFO  server.RaftServerConfigKeys (ConfUtils.java:logGet(43)) - raft.server.log.appender.buffer.byte-limit = 33554432 (custom)
2019-09-11 05:28:57,360 [78dbd0e6-a34a-4054-9e2e-3bf1b76c8205@group-B7894EF2C8AA:LeaderElection20] INFO  server.RaftServerConfigKeys (ConfUtils.java:logGet(43)) - raft.server.log.appender.buffer.element-limit = 1 (custom)
2019-09-11 05:28:57,361 [4923db37-afc5-4a4b-9e0e-3e0e64c6efbc@group-DBCF7A494882:LeaderElection21] INFO  server.RaftServerConfigKeys (ConfUtils.java:logGet(43)) - raft.server.log.appender.buffer.element-limit = 1 (custom)
2019-09-11 05:28:57,361 [78dbd0e6-a34a-4054-9e2e-3bf1b76c8205@group-B7894EF2C8AA:LeaderElection20] INFO  grpc.GrpcConfigKeys$Server (ConfUtils.java:logGet(43)) - raft.grpc.server.leader.outstanding.appends.max = 128 (default)
2019-09-11 05:28:57,361 [4923db37-afc5-4a4b-9e0e-3e0e64c6efbc@group-DBCF7A494882:LeaderElection21] INFO  grpc.GrpcConfigKeys$Server (ConfUtils.java:logGet(43)) - raft.grpc.server.leader.outstanding.appends.max = 128 (default)
2019-09-11 05:28:57,361 [78dbd0e6-a34a-4054-9e2e-3bf1b76c8205@group-B7894EF2C8AA:LeaderElection20] INFO  server.RaftServerConfigKeys (ConfUtils.java:logGet(43)) - raft.server.rpc.request.timeout = 3000ms (default)
2019-09-11 05:28:57,361 [4923db37-afc5-4a4b-9e0e-3e0e64c6efbc@group-DBCF7A494882:LeaderElection21] INFO  server.RaftServerConfigKeys (ConfUtils.java:logGet(43)) - raft.server.rpc.request.timeout = 3000ms (default)
2019-09-11 05:28:57,361 [78dbd0e6-a34a-4054-9e2e-3bf1b76c8205@group-B7894EF2C8AA:LeaderElection20] INFO  server.RaftServerConfigKeys (ConfUtils.java:logGet(43)) - raft.server.log.appender.install.snapshot.enabled = false (custom)
2019-09-11 05:28:57,362 [4923db37-afc5-4a4b-9e0e-3e0e64c6efbc@group-DBCF7A494882:LeaderElection21] INFO  server.RaftServerConfigKeys (ConfUtils.java:logGet(43)) - raft.server.log.appender.install.snapshot.enabled = false (custom)
2019-09-11 05:28:57,363 [4923db37-afc5-4a4b-9e0e-3e0e64c6efbc@group-DBCF7A494882:LeaderElection21] INFO  impl.RoleInfo (RoleInfo.java:updateAndGet(143)) - 4923db37-afc5-4a4b-9e0e-3e0e64c6efbc: start LeaderState
2019-09-11 05:28:57,363 [78dbd0e6-a34a-4054-9e2e-3bf1b76c8205@group-B7894EF2C8AA:LeaderElection20] INFO  impl.RoleInfo (RoleInfo.java:updateAndGet(143)) - 78dbd0e6-a34a-4054-9e2e-3bf1b76c8205: start LeaderState
2019-09-11 05:28:57,363 [4923db37-afc5-4a4b-9e0e-3e0e64c6efbc@group-DBCF7A494882:LeaderElection21] INFO  segmented.SegmentedRaftLogWorker (SegmentedRaftLogWorker.java:startLogSegment(380)) - 4923db37-afc5-4a4b-9e0e-3e0e64c6efbc@group-DBCF7A494882-SegmentedRaftLogWorker: Starting segment from index:0
2019-09-11 05:28:57,363 [78dbd0e6-a34a-4054-9e2e-3bf1b76c8205@group-B7894EF2C8AA:LeaderElection20] INFO  segmented.SegmentedRaftLogWorker (SegmentedRaftLogWorker.java:startLogSegment(380)) - 78dbd0e6-a34a-4054-9e2e-3bf1b76c8205@group-B7894EF2C8AA-SegmentedRaftLogWorker: Starting segment from index:0
2019-09-11 05:28:57,364 [4923db37-afc5-4a4b-9e0e-3e0e64c6efbc@group-DBCF7A494882:LeaderElection21] INFO  impl.RaftServerImpl (ServerState.java:setRaftConf(354)) - 4923db37-afc5-4a4b-9e0e-3e0e64c6efbc@group-DBCF7A494882: set configuration 0: [b5c94862-e767-4e3a-a577-422bae381862:192.168.36.125:46265, fa5ee157-3b80-4774-adcc-f01234ebded8:192.168.36.125:42082, 4923db37-afc5-4a4b-9e0e-3e0e64c6efbc:192.168.36.125:35475], old=null at 0
2019-09-11 05:28:57,402 [grpc-default-executor-2] INFO  impl.RaftServerImpl (RaftServerImpl.java:requestVote(758)) - 4923db37-afc5-4a4b-9e0e-3e0e64c6efbc@group-DBCF7A494882-   LEADER: Withhold vote from candidate fa5ee157-3b80-4774-adcc-f01234ebded8 with term 2. State: leader=4923db37-afc5-4a4b-9e0e-3e0e64c6efbc, term=2, lastRpcElapsed=null
2019-09-11 05:28:57,402 [78dbd0e6-a34a-4054-9e2e-3bf1b76c8205@group-B7894EF2C8AA:LeaderElection20] INFO  impl.RaftServerImpl (ServerState.java:setRaftConf(354)) - 78dbd0e6-a34a-4054-9e2e-3bf1b76c8205@group-B7894EF2C8AA: set configuration 0: [1169a1ed-1394-44b2-9737-be9aad5bd237:192.168.36.125:39685, 64c45ce8-9e8f-4626-9780-d8b476434616:192.168.36.125:34416, 78dbd0e6-a34a-4054-9e2e-3bf1b76c8205:192.168.36.125:36886], old=null at 0
2019-09-11 05:28:57,406 [fa5ee157-3b80-4774-adcc-f01234ebded8@group-DBCF7A494882:LeaderElection22] INFO  impl.LeaderElection (LeaderElection.java:logAndReturn(56)) - fa5ee157-3b80-4774-adcc-f01234ebded8@group-DBCF7A494882:LeaderElection22: Election REJECTED; received 2 response(s) [fa5ee157-3b80-4774-adcc-f01234ebded8<-b5c94862-e767-4e3a-a577-422bae381862#0:FAIL-t2, fa5ee157-3b80-4774-adcc-f01234ebded8<-4923db37-afc5-4a4b-9e0e-3e0e64c6efbc#0:FAIL-t2] and 0 exception(s); fa5ee157-3b80-4774-adcc-f01234ebded8@group-DBCF7A494882:t2, leader=null, voted=fa5ee157-3b80-4774-adcc-f01234ebded8, raftlog=fa5ee157-3b80-4774-adcc-f01234ebded8@group-DBCF7A494882-SegmentedRaftLog:OPENED:c-1,f-1,i0, conf=-1: [b5c94862-e767-4e3a-a577-422bae381862:192.168.36.125:46265, fa5ee157-3b80-4774-adcc-f01234ebded8:192.168.36.125:42082, 4923db37-afc5-4a4b-9e0e-3e0e64c6efbc:192.168.36.125:35475], old=null
2019-09-11 05:28:57,406 [fa5ee157-3b80-4774-adcc-f01234ebded8@group-DBCF7A494882:LeaderElection22] INFO  impl.RaftServerImpl (RaftServerImpl.java:setRole(174)) - fa5ee157-3b80-4774-adcc-f01234ebded8@group-DBCF7A494882: changes role from CANDIDATE to FOLLOWER at term 2 for DISCOVERED_A_NEW_TERM
2019-09-11 05:28:57,408 [fa5ee157-3b80-4774-adcc-f01234ebded8@group-DBCF7A494882:LeaderElection22] INFO  impl.RoleInfo (RoleInfo.java:shutdownLeaderElection(134)) - fa5ee157-3b80-4774-adcc-f01234ebded8: shutdown LeaderElection
2019-09-11 05:28:57,411 [fa5ee157-3b80-4774-adcc-f01234ebded8@group-DBCF7A494882:LeaderElection22] INFO  impl.RoleInfo (RoleInfo.java:updateAndGet(143)) - fa5ee157-3b80-4774-adcc-f01234ebded8: start FollowerState
2019-09-11 05:28:57,413 [Thread-398] INFO  impl.FollowerState (FollowerState.java:run(106)) - 1085c8a3-fcd4-45c4-be46-c3757d6b46c3:group-00994406B9A2 changes to CANDIDATE, lastRpcTime:1124, electionTimeout:1124ms
2019-09-11 05:28:57,415 [4923db37-afc5-4a4b-9e0e-3e0e64c6efbc@group-DBCF7A494882-SegmentedRaftLogWorker] INFO  segmented.SegmentedRaftLogWorker (SegmentedRaftLogWorker.java:execute(569)) - 4923db37-afc5-4a4b-9e0e-3e0e64c6efbc@group-DBCF7A494882-SegmentedRaftLogWorker: created new log segment /workdir/hadoop-ozone/integration-test/target/test-dir/MiniOzoneClusterImpl-712b11b3-5514-48f8-84a2-2435d4ba870b/datanode-9/data/ratis/6722f481-4fb1-4cfa-9877-dbcf7a494882/current/log_inprogress_0
2019-09-11 05:28:57,415 [Thread-398] INFO  impl.RoleInfo (RoleInfo.java:shutdownFollowerState(121)) - 1085c8a3-fcd4-45c4-be46-c3757d6b46c3: shutdown FollowerState
2019-09-11 05:28:57,415 [78dbd0e6-a34a-4054-9e2e-3bf1b76c8205@group-B7894EF2C8AA-SegmentedRaftLogWorker] INFO  segmented.SegmentedRaftLogWorker (SegmentedRaftLogWorker.java:execute(569)) - 78dbd0e6-a34a-4054-9e2e-3bf1b76c8205@group-B7894EF2C8AA-SegmentedRaftLogWorker: created new log segment /workdir/hadoop-ozone/integration-test/target/test-dir/MiniOzoneClusterImpl-712b11b3-5514-48f8-84a2-2435d4ba870b/datanode-5/data/ratis/b0a8c6ed-4bd3-40bd-ab3d-b7894ef2c8aa/current/log_inprogress_0
2019-09-11 05:28:57,415 [Thread-398] INFO  impl.RaftServerImpl (RaftServerImpl.java:setRole(174)) - 1085c8a3-fcd4-45c4-be46-c3757d6b46c3@group-00994406B9A2: changes role from  FOLLOWER to CANDIDATE at term 1 for changeToCandidate
2019-09-11 05:28:57,415 [Thread-398] INFO  impl.RoleInfo (RoleInfo.java:updateAndGet(143)) - 1085c8a3-fcd4-45c4-be46-c3757d6b46c3: start LeaderElection
2019-09-11 05:28:57,428 [grpc-default-executor-2] INFO  impl.RaftServerImpl (ServerState.java:setLeader(253)) - fa5ee157-3b80-4774-adcc-f01234ebded8@group-DBCF7A494882: change Leader from null to 4923db37-afc5-4a4b-9e0e-3e0e64c6efbc at term 2 for appendEntries, leader elected after 2749ms
2019-09-11 05:28:57,453 [1085c8a3-fcd4-45c4-be46-c3757d6b46c3@group-00994406B9A2:LeaderElection23] INFO  impl.LeaderElection (LeaderElection.java:askForVotes(182)) - 1085c8a3-fcd4-45c4-be46-c3757d6b46c3@group-00994406B9A2:LeaderElection23: begin an election at term 2 for -1: [1085c8a3-fcd4-45c4-be46-c3757d6b46c3:192.168.36.125:32899, 33471566-8842-41e4-bba3-9cc287622f4a:192.168.36.125:43770, cf454e7e-23b5-43a4-8b5d-d83390319e33:192.168.36.125:43699], old=null
2019-09-11 05:28:57,474 [Thread-397] INFO  impl.FollowerState (FollowerState.java:run(106)) - cf454e7e-23b5-43a4-8b5d-d83390319e33:group-00994406B9A2 changes to CANDIDATE, lastRpcTime:1188, electionTimeout:1188ms
2019-09-11 05:28:57,474 [Thread-397] INFO  impl.RoleInfo (RoleInfo.java:shutdownFollowerState(121)) - cf454e7e-23b5-43a4-8b5d-d83390319e33: shutdown FollowerState
2019-09-11 05:28:57,474 [Thread-397] INFO  impl.RaftServerImpl (RaftServerImpl.java:setRole(174)) - cf454e7e-23b5-43a4-8b5d-d83390319e33@group-00994406B9A2: changes role from  FOLLOWER to CANDIDATE at term 1 for changeToCandidate
2019-09-11 05:28:57,557 [Thread-400] INFO  impl.FollowerState (FollowerState.java:run(106)) - 33471566-8842-41e4-bba3-9cc287622f4a:group-00994406B9A2 changes to CANDIDATE, lastRpcTime:1205, electionTimeout:1197ms
2019-09-11 05:28:57,557 [Thread-400] INFO  impl.RoleInfo (RoleInfo.java:shutdownFollowerState(121)) - 33471566-8842-41e4-bba3-9cc287622f4a: shutdown FollowerState
2019-09-11 05:28:57,557 [Thread-400] INFO  impl.RaftServerImpl (RaftServerImpl.java:setRole(174)) - 33471566-8842-41e4-bba3-9cc287622f4a@group-00994406B9A2: changes role from  FOLLOWER to CANDIDATE at term 1 for changeToCandidate
2019-09-11 05:28:57,688 [Thread-400] INFO  impl.RoleInfo (RoleInfo.java:updateAndGet(143)) - 33471566-8842-41e4-bba3-9cc287622f4a: start LeaderElection
2019-09-11 05:28:57,688 [Thread-397] INFO  impl.RoleInfo (RoleInfo.java:updateAndGet(143)) - cf454e7e-23b5-43a4-8b5d-d83390319e33: start LeaderElection
2019-09-11 05:28:57,692 [grpc-default-executor-1] INFO  impl.RaftServerImpl (ServerState.java:setLeader(253)) - 64c45ce8-9e8f-4626-9780-d8b476434616@group-B7894EF2C8AA: change Leader from null to 78dbd0e6-a34a-4054-9e2e-3bf1b76c8205 at term 2 for appendEntries, leader elected after 2880ms
2019-09-11 05:28:57,692 [grpc-default-executor-5] INFO  impl.RaftServerImpl (ServerState.java:setLeader(253)) - b5c94862-e767-4e3a-a577-422bae381862@group-DBCF7A494882: change Leader from null to 4923db37-afc5-4a4b-9e0e-3e0e64c6efbc at term 2 for appendEntries, leader elected after 3013ms
2019-09-11 05:28:57,692 [grpc-default-executor-4] INFO  impl.RaftServerImpl (ServerState.java:setLeader(253)) - 1169a1ed-1394-44b2-9737-be9aad5bd237@group-B7894EF2C8AA: change Leader from null to 78dbd0e6-a34a-4054-9e2e-3bf1b76c8205 at term 2 for appendEntries, leader elected after 2873ms
2019-09-11 05:28:57,714 [cf454e7e-23b5-43a4-8b5d-d83390319e33@group-00994406B9A2:LeaderElection24] INFO  impl.LeaderElection (LeaderElection.java:askForVotes(182)) - cf454e7e-23b5-43a4-8b5d-d83390319e33@group-00994406B9A2:LeaderElection24: begin an election at term 2 for -1: [1085c8a3-fcd4-45c4-be46-c3757d6b46c3:192.168.36.125:32899, 33471566-8842-41e4-bba3-9cc287622f4a:192.168.36.125:43770, cf454e7e-23b5-43a4-8b5d-d83390319e33:192.168.36.125:43699], old=null
2019-09-11 05:28:57,714 [33471566-8842-41e4-bba3-9cc287622f4a@group-00994406B9A2:LeaderElection25] INFO  impl.LeaderElection (LeaderElection.java:askForVotes(182)) - 33471566-8842-41e4-bba3-9cc287622f4a@group-00994406B9A2:LeaderElection25: begin an election at term 2 for -1: [1085c8a3-fcd4-45c4-be46-c3757d6b46c3:192.168.36.125:32899, 33471566-8842-41e4-bba3-9cc287622f4a:192.168.36.125:43770, cf454e7e-23b5-43a4-8b5d-d83390319e33:192.168.36.125:43699], old=null
2019-09-11 05:28:57,724 [1085c8a3-fcd4-45c4-be46-c3757d6b46c3@group-00994406B9A2:LeaderElection23] INFO  impl.LeaderElection (LeaderElection.java:logAndReturn(56)) - 1085c8a3-fcd4-45c4-be46-c3757d6b46c3@group-00994406B9A2:LeaderElection23: Election REJECTED; received 2 response(s) [1085c8a3-fcd4-45c4-be46-c3757d6b46c3<-33471566-8842-41e4-bba3-9cc287622f4a#0:FAIL-t2, 1085c8a3-fcd4-45c4-be46-c3757d6b46c3<-cf454e7e-23b5-43a4-8b5d-d83390319e33#0:FAIL-t2] and 0 exception(s); 1085c8a3-fcd4-45c4-be46-c3757d6b46c3@group-00994406B9A2:t2, leader=null, voted=1085c8a3-fcd4-45c4-be46-c3757d6b46c3, raftlog=1085c8a3-fcd4-45c4-be46-c3757d6b46c3@group-00994406B9A2-SegmentedRaftLog:OPENED:c-1,f-1,i0, conf=-1: [1085c8a3-fcd4-45c4-be46-c3757d6b46c3:192.168.36.125:32899, 33471566-8842-41e4-bba3-9cc287622f4a:192.168.36.125:43770, cf454e7e-23b5-43a4-8b5d-d83390319e33:192.168.36.125:43699], old=null
2019-09-11 05:28:57,728 [1085c8a3-fcd4-45c4-be46-c3757d6b46c3@group-00994406B9A2:LeaderElection23] INFO  impl.RaftServerImpl (RaftServerImpl.java:setRole(174)) - 1085c8a3-fcd4-45c4-be46-c3757d6b46c3@group-00994406B9A2: changes role from CANDIDATE to FOLLOWER at term 2 for DISCOVERED_A_NEW_TERM
2019-09-11 05:28:57,728 [1085c8a3-fcd4-45c4-be46-c3757d6b46c3@group-00994406B9A2:LeaderElection23] INFO  impl.RoleInfo (RoleInfo.java:shutdownLeaderElection(134)) - 1085c8a3-fcd4-45c4-be46-c3757d6b46c3: shutdown LeaderElection
2019-09-11 05:28:57,731 [1085c8a3-fcd4-45c4-be46-c3757d6b46c3@group-00994406B9A2:LeaderElection23] INFO  impl.RoleInfo (RoleInfo.java:updateAndGet(143)) - 1085c8a3-fcd4-45c4-be46-c3757d6b46c3: start FollowerState
2019-09-11 05:28:57,735 [cf454e7e-23b5-43a4-8b5d-d83390319e33@group-00994406B9A2:LeaderElection24] INFO  impl.LeaderElection (LeaderElection.java:logAndReturn(56)) - cf454e7e-23b5-43a4-8b5d-d83390319e33@group-00994406B9A2:LeaderElection24: Election REJECTED; received 2 response(s) [cf454e7e-23b5-43a4-8b5d-d83390319e33<-1085c8a3-fcd4-45c4-be46-c3757d6b46c3#0:FAIL-t2, cf454e7e-23b5-43a4-8b5d-d83390319e33<-33471566-8842-41e4-bba3-9cc287622f4a#0:FAIL-t2] and 0 exception(s); cf454e7e-23b5-43a4-8b5d-d83390319e33@group-00994406B9A2:t2, leader=null, voted=cf454e7e-23b5-43a4-8b5d-d83390319e33, raftlog=cf454e7e-23b5-43a4-8b5d-d83390319e33@group-00994406B9A2-SegmentedRaftLog:OPENED:c-1,f-1,i0, conf=-1: [1085c8a3-fcd4-45c4-be46-c3757d6b46c3:192.168.36.125:32899, 33471566-8842-41e4-bba3-9cc287622f4a:192.168.36.125:43770, cf454e7e-23b5-43a4-8b5d-d83390319e33:192.168.36.125:43699], old=null
2019-09-11 05:28:57,738 [cf454e7e-23b5-43a4-8b5d-d83390319e33@group-00994406B9A2:LeaderElection24] INFO  impl.RaftServerImpl (RaftServerImpl.java:setRole(174)) - cf454e7e-23b5-43a4-8b5d-d83390319e33@group-00994406B9A2: changes role from CANDIDATE to FOLLOWER at term 2 for DISCOVERED_A_NEW_TERM
2019-09-11 05:28:57,741 [cf454e7e-23b5-43a4-8b5d-d83390319e33@group-00994406B9A2:LeaderElection24] INFO  impl.RoleInfo (RoleInfo.java:shutdownLeaderElection(134)) - cf454e7e-23b5-43a4-8b5d-d83390319e33: shutdown LeaderElection
2019-09-11 05:28:57,741 [cf454e7e-23b5-43a4-8b5d-d83390319e33@group-00994406B9A2:LeaderElection24] INFO  impl.RoleInfo (RoleInfo.java:updateAndGet(143)) - cf454e7e-23b5-43a4-8b5d-d83390319e33: start FollowerState
2019-09-11 05:28:57,747 [33471566-8842-41e4-bba3-9cc287622f4a@group-00994406B9A2:LeaderElection25] INFO  impl.LeaderElection (LeaderElection.java:logAndReturn(56)) - 33471566-8842-41e4-bba3-9cc287622f4a@group-00994406B9A2:LeaderElection25: Election REJECTED; received 2 response(s) [33471566-8842-41e4-bba3-9cc287622f4a<-1085c8a3-fcd4-45c4-be46-c3757d6b46c3#0:FAIL-t2, 33471566-8842-41e4-bba3-9cc287622f4a<-cf454e7e-23b5-43a4-8b5d-d83390319e33#0:FAIL-t2] and 0 exception(s); 33471566-8842-41e4-bba3-9cc287622f4a@group-00994406B9A2:t2, leader=null, voted=33471566-8842-41e4-bba3-9cc287622f4a, raftlog=33471566-8842-41e4-bba3-9cc287622f4a@group-00994406B9A2-SegmentedRaftLog:OPENED:c-1,f-1,i0, conf=-1: [1085c8a3-fcd4-45c4-be46-c3757d6b46c3:192.168.36.125:32899, 33471566-8842-41e4-bba3-9cc287622f4a:192.168.36.125:43770, cf454e7e-23b5-43a4-8b5d-d83390319e33:192.168.36.125:43699], old=null
2019-09-11 05:28:57,750 [grpc-default-executor-4] INFO  impl.RaftServerImpl (ServerState.java:setRaftConf(354)) - b5c94862-e767-4e3a-a577-422bae381862@group-DBCF7A494882: set configuration 0: [b5c94862-e767-4e3a-a577-422bae381862:192.168.36.125:46265, fa5ee157-3b80-4774-adcc-f01234ebded8:192.168.36.125:42082, 4923db37-afc5-4a4b-9e0e-3e0e64c6efbc:192.168.36.125:35475], old=null at 0
2019-09-11 05:28:57,750 [33471566-8842-41e4-bba3-9cc287622f4a@group-00994406B9A2:LeaderElection25] INFO  impl.RaftServerImpl (RaftServerImpl.java:setRole(174)) - 33471566-8842-41e4-bba3-9cc287622f4a@group-00994406B9A2: changes role from CANDIDATE to FOLLOWER at term 2 for DISCOVERED_A_NEW_TERM
2019-09-11 05:28:57,750 [grpc-default-executor-5] INFO  impl.RaftServerImpl (ServerState.java:setRaftConf(354)) - fa5ee157-3b80-4774-adcc-f01234ebded8@group-DBCF7A494882: set configuration 0: [b5c94862-e767-4e3a-a577-422bae381862:192.168.36.125:46265, fa5ee157-3b80-4774-adcc-f01234ebded8:192.168.36.125:42082, 4923db37-afc5-4a4b-9e0e-3e0e64c6efbc:192.168.36.125:35475], old=null at 0
2019-09-11 05:28:57,754 [grpc-default-executor-1] INFO  client.GrpcClientProtocolClient (GrpcClientProtocolClient.java:onNext(264)) - client-51C1F636924D->33471566-8842-41e4-bba3-9cc287622f4a: receive RaftClientReply:client-51C1F636924D->33471566-8842-41e4-bba3-9cc287622f4a@group-00994406B9A2, cid=19, FAILED org.apache.ratis.protocol.NotLeaderException: Server 33471566-8842-41e4-bba3-9cc287622f4a@group-00994406B9A2 is not the leader, logIndex=0, commits[33471566-8842-41e4-bba3-9cc287622f4a:c-1]
2019-09-11 05:28:57,750 [grpc-default-executor-2] INFO  impl.RaftServerImpl (ServerState.java:setRaftConf(354)) - 64c45ce8-9e8f-4626-9780-d8b476434616@group-B7894EF2C8AA: set configuration 0: [1169a1ed-1394-44b2-9737-be9aad5bd237:192.168.36.125:39685, 64c45ce8-9e8f-4626-9780-d8b476434616:192.168.36.125:34416, 78dbd0e6-a34a-4054-9e2e-3bf1b76c8205:192.168.36.125:36886], old=null at 0
2019-09-11 05:28:57,754 [grpc-default-executor-5] INFO  segmented.SegmentedRaftLogWorker (SegmentedRaftLogWorker.java:startLogSegment(380)) - fa5ee157-3b80-4774-adcc-f01234ebded8@group-DBCF7A494882-SegmentedRaftLogWorker: Starting segment from index:0
2019-09-11 05:28:57,754 [grpc-default-executor-3] INFO  impl.RaftServerImpl (ServerState.java:setRaftConf(354)) - 1169a1ed-1394-44b2-9737-be9aad5bd237@group-B7894EF2C8AA: set configuration 0: [1169a1ed-1394-44b2-9737-be9aad5bd237:192.168.36.125:39685, 64c45ce8-9e8f-4626-9780-d8b476434616:192.168.36.125:34416, 78dbd0e6-a34a-4054-9e2e-3bf1b76c8205:192.168.36.125:36886], old=null at 0
2019-09-11 05:28:57,754 [grpc-default-executor-4] INFO  segmented.SegmentedRaftLogWorker (SegmentedRaftLogWorker.java:startLogSegment(380)) - b5c94862-e767-4e3a-a577-422bae381862@group-DBCF7A494882-SegmentedRaftLogWorker: Starting segment from index:0
2019-09-11 05:28:57,754 [33471566-8842-41e4-bba3-9cc287622f4a@group-00994406B9A2:LeaderElection25] INFO  impl.RoleInfo (RoleInfo.java:shutdownLeaderElection(134)) - 33471566-8842-41e4-bba3-9cc287622f4a: shutdown LeaderElection
2019-09-11 05:28:57,764 [grpc-default-executor-3] INFO  segmented.SegmentedRaftLogWorker (SegmentedRaftLogWorker.java:startLogSegment(380)) - 1169a1ed-1394-44b2-9737-be9aad5bd237@group-B7894EF2C8AA-SegmentedRaftLogWorker: Starting segment from index:0
2019-09-11 05:28:57,764 [grpc-default-executor-2] INFO  segmented.SegmentedRaftLogWorker (SegmentedRaftLogWorker.java:startLogSegment(380)) - 64c45ce8-9e8f-4626-9780-d8b476434616@group-B7894EF2C8AA-SegmentedRaftLogWorker: Starting segment from index:0
2019-09-11 05:28:57,764 [33471566-8842-41e4-bba3-9cc287622f4a@group-00994406B9A2:LeaderElection25] INFO  impl.RoleInfo (RoleInfo.java:updateAndGet(143)) - 33471566-8842-41e4-bba3-9cc287622f4a: start FollowerState
2019-09-11 05:28:57,826 [fa5ee157-3b80-4774-adcc-f01234ebded8@group-DBCF7A494882-SegmentedRaftLogWorker] INFO  segmented.SegmentedRaftLogWorker (SegmentedRaftLogWorker.java:execute(569)) - fa5ee157-3b80-4774-adcc-f01234ebded8@group-DBCF7A494882-SegmentedRaftLogWorker: created new log segment /workdir/hadoop-ozone/integration-test/target/test-dir/MiniOzoneClusterImpl-712b11b3-5514-48f8-84a2-2435d4ba870b/datanode-2/data/ratis/6722f481-4fb1-4cfa-9877-dbcf7a494882/current/log_inprogress_0
2019-09-11 05:28:57,839 [b5c94862-e767-4e3a-a577-422bae381862@group-DBCF7A494882-SegmentedRaftLogWorker] INFO  segmented.SegmentedRaftLogWorker (SegmentedRaftLogWorker.java:execute(569)) - b5c94862-e767-4e3a-a577-422bae381862@group-DBCF7A494882-SegmentedRaftLogWorker: created new log segment /workdir/hadoop-ozone/integration-test/target/test-dir/MiniOzoneClusterImpl-712b11b3-5514-48f8-84a2-2435d4ba870b/datanode-4/data/ratis/6722f481-4fb1-4cfa-9877-dbcf7a494882/current/log_inprogress_0
2019-09-11 05:28:57,839 [1169a1ed-1394-44b2-9737-be9aad5bd237@group-B7894EF2C8AA-SegmentedRaftLogWorker] INFO  segmented.SegmentedRaftLogWorker (SegmentedRaftLogWorker.java:execute(569)) - 1169a1ed-1394-44b2-9737-be9aad5bd237@group-B7894EF2C8AA-SegmentedRaftLogWorker: created new log segment /workdir/hadoop-ozone/integration-test/target/test-dir/MiniOzoneClusterImpl-712b11b3-5514-48f8-84a2-2435d4ba870b/datanode-1/data/ratis/b0a8c6ed-4bd3-40bd-ab3d-b7894ef2c8aa/current/log_inprogress_0
2019-09-11 05:28:57,861 [64c45ce8-9e8f-4626-9780-d8b476434616@group-B7894EF2C8AA-SegmentedRaftLogWorker] INFO  segmented.SegmentedRaftLogWorker (SegmentedRaftLogWorker.java:execute(569)) - 64c45ce8-9e8f-4626-9780-d8b476434616@group-B7894EF2C8AA-SegmentedRaftLogWorker: created new log segment /workdir/hadoop-ozone/integration-test/target/test-dir/MiniOzoneClusterImpl-712b11b3-5514-48f8-84a2-2435d4ba870b/datanode-7/data/ratis/b0a8c6ed-4bd3-40bd-ab3d-b7894ef2c8aa/current/log_inprogress_0
2019-09-11 05:28:58,787 [Thread-442] INFO  impl.FollowerState (FollowerState.java:run(106)) - cf454e7e-23b5-43a4-8b5d-d83390319e33:group-00994406B9A2 changes to CANDIDATE, lastRpcTime:1046, electionTimeout:1044ms
2019-09-11 05:28:58,788 [Thread-442] INFO  impl.RoleInfo (RoleInfo.java:shutdownFollowerState(121)) - cf454e7e-23b5-43a4-8b5d-d83390319e33: shutdown FollowerState
2019-09-11 05:28:58,788 [Thread-442] INFO  impl.RaftServerImpl (RaftServerImpl.java:setRole(174)) - cf454e7e-23b5-43a4-8b5d-d83390319e33@group-00994406B9A2: changes role from  FOLLOWER to CANDIDATE at term 2 for changeToCandidate
2019-09-11 05:28:58,788 [Thread-442] INFO  impl.RoleInfo (RoleInfo.java:updateAndGet(143)) - cf454e7e-23b5-43a4-8b5d-d83390319e33: start LeaderElection
2019-09-11 05:28:58,804 [grpc-default-executor-2] INFO  client.GrpcClientProtocolClient (GrpcClientProtocolClient.java:onNext(264)) - client-51C1F636924D->cf454e7e-23b5-43a4-8b5d-d83390319e33: receive RaftClientReply:client-51C1F636924D->cf454e7e-23b5-43a4-8b5d-d83390319e33@group-00994406B9A2, cid=19, FAILED org.apache.ratis.protocol.NotLeaderException: Server cf454e7e-23b5-43a4-8b5d-d83390319e33@group-00994406B9A2 is not the leader, logIndex=0, commits[cf454e7e-23b5-43a4-8b5d-d83390319e33:c-1]
2019-09-11 05:28:58,814 [cf454e7e-23b5-43a4-8b5d-d83390319e33@group-00994406B9A2:LeaderElection26] INFO  impl.LeaderElection (LeaderElection.java:askForVotes(182)) - cf454e7e-23b5-43a4-8b5d-d83390319e33@group-00994406B9A2:LeaderElection26: begin an election at term 3 for -1: [1085c8a3-fcd4-45c4-be46-c3757d6b46c3:192.168.36.125:32899, 33471566-8842-41e4-bba3-9cc287622f4a:192.168.36.125:43770, cf454e7e-23b5-43a4-8b5d-d83390319e33:192.168.36.125:43699], old=null
2019-09-11 05:28:58,818 [grpc-default-executor-2] INFO  impl.RaftServerImpl (RaftServerImpl.java:setRole(174)) - 33471566-8842-41e4-bba3-9cc287622f4a@group-00994406B9A2: changes role from  FOLLOWER to FOLLOWER at term 3 for recognizeCandidate:cf454e7e-23b5-43a4-8b5d-d83390319e33
2019-09-11 05:28:58,819 [grpc-default-executor-5] INFO  impl.RaftServerImpl (RaftServerImpl.java:setRole(174)) - 1085c8a3-fcd4-45c4-be46-c3757d6b46c3@group-00994406B9A2: changes role from  FOLLOWER to FOLLOWER at term 3 for recognizeCandidate:cf454e7e-23b5-43a4-8b5d-d83390319e33
2019-09-11 05:28:58,819 [grpc-default-executor-2] INFO  impl.RoleInfo (RoleInfo.java:shutdownFollowerState(121)) - 33471566-8842-41e4-bba3-9cc287622f4a: shutdown FollowerState
2019-09-11 05:28:58,819 [grpc-default-executor-5] INFO  impl.RoleInfo (RoleInfo.java:shutdownFollowerState(121)) - 1085c8a3-fcd4-45c4-be46-c3757d6b46c3: shutdown FollowerState
2019-09-11 05:28:58,819 [Thread-444] INFO  impl.FollowerState (FollowerState.java:run(115)) - 33471566-8842-41e4-bba3-9cc287622f4a: FollowerState was interrupted: java.lang.InterruptedException: sleep interrupted
2019-09-11 05:28:58,819 [grpc-default-executor-2] INFO  impl.RoleInfo (RoleInfo.java:updateAndGet(143)) - 33471566-8842-41e4-bba3-9cc287622f4a: start FollowerState
2019-09-11 05:28:58,819 [grpc-default-executor-5] INFO  impl.RoleInfo (RoleInfo.java:updateAndGet(143)) - 1085c8a3-fcd4-45c4-be46-c3757d6b46c3: start FollowerState
2019-09-11 05:28:58,819 [Thread-441] INFO  impl.FollowerState (FollowerState.java:run(115)) - 1085c8a3-fcd4-45c4-be46-c3757d6b46c3: FollowerState was interrupted: java.lang.InterruptedException: sleep interrupted
2019-09-11 05:28:58,871 [cf454e7e-23b5-43a4-8b5d-d83390319e33@group-00994406B9A2:LeaderElection26] INFO  impl.LeaderElection (LeaderElection.java:logAndReturn(56)) - cf454e7e-23b5-43a4-8b5d-d83390319e33@group-00994406B9A2:LeaderElection26: Election PASSED; received 1 response(s) [cf454e7e-23b5-43a4-8b5d-d83390319e33<-1085c8a3-fcd4-45c4-be46-c3757d6b46c3#0:OK-t3] and 0 exception(s); cf454e7e-23b5-43a4-8b5d-d83390319e33@group-00994406B9A2:t3, leader=null, voted=cf454e7e-23b5-43a4-8b5d-d83390319e33, raftlog=cf454e7e-23b5-43a4-8b5d-d83390319e33@group-00994406B9A2-SegmentedRaftLog:OPENED:c-1,f-1,i0, conf=-1: [1085c8a3-fcd4-45c4-be46-c3757d6b46c3:192.168.36.125:32899, 33471566-8842-41e4-bba3-9cc287622f4a:192.168.36.125:43770, cf454e7e-23b5-43a4-8b5d-d83390319e33:192.168.36.125:43699], old=null
2019-09-11 05:28:58,871 [cf454e7e-23b5-43a4-8b5d-d83390319e33@group-00994406B9A2:LeaderElection26] INFO  impl.RoleInfo (RoleInfo.java:shutdownLeaderElection(134)) - cf454e7e-23b5-43a4-8b5d-d83390319e33: shutdown LeaderElection
2019-09-11 05:28:58,871 [cf454e7e-23b5-43a4-8b5d-d83390319e33@group-00994406B9A2:LeaderElection26] INFO  impl.RaftServerImpl (RaftServerImpl.java:setRole(174)) - cf454e7e-23b5-43a4-8b5d-d83390319e33@group-00994406B9A2: changes role from CANDIDATE to LEADER at term 3 for changeToLeader
2019-09-11 05:28:58,872 [cf454e7e-23b5-43a4-8b5d-d83390319e33@group-00994406B9A2:LeaderElection26] INFO  impl.RaftServerImpl (ServerState.java:setLeader(253)) - cf454e7e-23b5-43a4-8b5d-d83390319e33@group-00994406B9A2: change Leader from null to cf454e7e-23b5-43a4-8b5d-d83390319e33 at term 3 for becomeLeader, leader elected after 3956ms
2019-09-11 05:28:58,872 [cf454e7e-23b5-43a4-8b5d-d83390319e33@group-00994406B9A2:LeaderElection26] INFO  server.RaftServerConfigKeys (ConfUtils.java:logGet(43)) - raft.server.staging.catchup.gap = 1000 (default)
2019-09-11 05:28:58,872 [cf454e7e-23b5-43a4-8b5d-d83390319e33@group-00994406B9A2:LeaderElection26] INFO  server.RaftServerConfigKeys (ConfUtils.java:logGet(43)) - raft.server.rpc.sleep.time = 25ms (default)
2019-09-11 05:28:58,872 [cf454e7e-23b5-43a4-8b5d-d83390319e33@group-00994406B9A2:LeaderElection26] INFO  server.RaftServerConfigKeys (ConfUtils.java:logGet(43)) - raft.server.write.element-limit = 4096 (default)
2019-09-11 05:28:58,872 [cf454e7e-23b5-43a4-8b5d-d83390319e33@group-00994406B9A2:LeaderElection26] INFO  server.RaftServerConfigKeys (ConfUtils.java:logGet(43)) - raft.server.watch.timeout = 10s (default)
2019-09-11 05:28:58,872 [cf454e7e-23b5-43a4-8b5d-d83390319e33@group-00994406B9A2:LeaderElection26] INFO  server.RaftServerConfigKeys (ConfUtils.java:logGet(43)) - raft.server.watch.timeout.denomination = 1s (default)
2019-09-11 05:28:58,873 [cf454e7e-23b5-43a4-8b5d-d83390319e33@group-00994406B9A2:LeaderElection26] INFO  server.RaftServerConfigKeys (ConfUtils.java:logGet(43)) - raft.server.watch.element-limit = 65536 (default)
2019-09-11 05:28:58,876 [cf454e7e-23b5-43a4-8b5d-d83390319e33@group-00994406B9A2:LeaderElection26] INFO  server.RaftServerConfigKeys (ConfUtils.java:logGet(43)) - raft.server.log.appender.snapshot.chunk.size.max = 16MB (=16777216) (default)
2019-09-11 05:28:58,876 [cf454e7e-23b5-43a4-8b5d-d83390319e33@group-00994406B9A2:LeaderElection26] INFO  server.RaftServerConfigKeys (ConfUtils.java:logGet(43)) - raft.server.log.appender.buffer.byte-limit = 33554432 (custom)
2019-09-11 05:28:58,876 [cf454e7e-23b5-43a4-8b5d-d83390319e33@group-00994406B9A2:LeaderElection26] INFO  server.RaftServerConfigKeys (ConfUtils.java:logGet(43)) - raft.server.log.appender.buffer.element-limit = 1 (custom)
2019-09-11 05:28:58,876 [cf454e7e-23b5-43a4-8b5d-d83390319e33@group-00994406B9A2:LeaderElection26] INFO  grpc.GrpcConfigKeys$Server (ConfUtils.java:logGet(43)) - raft.grpc.server.leader.outstanding.appends.max = 128 (default)
2019-09-11 05:28:58,877 [cf454e7e-23b5-43a4-8b5d-d83390319e33@group-00994406B9A2:LeaderElection26] INFO  server.RaftServerConfigKeys (ConfUtils.java:logGet(43)) - raft.server.rpc.request.timeout = 3000ms (default)
2019-09-11 05:28:58,877 [cf454e7e-23b5-43a4-8b5d-d83390319e33@group-00994406B9A2:LeaderElection26] INFO  server.RaftServerConfigKeys (ConfUtils.java:logGet(43)) - raft.server.log.appender.install.snapshot.enabled = false (custom)
2019-09-11 05:28:58,877 [cf454e7e-23b5-43a4-8b5d-d83390319e33@group-00994406B9A2:LeaderElection26] INFO  server.RaftServerConfigKeys (ConfUtils.java:logGet(43)) - raft.server.log.appender.snapshot.chunk.size.max = 16MB (=16777216) (default)
2019-09-11 05:28:58,877 [cf454e7e-23b5-43a4-8b5d-d83390319e33@group-00994406B9A2:LeaderElection26] INFO  server.RaftServerConfigKeys (ConfUtils.java:logGet(43)) - raft.server.log.appender.buffer.byte-limit = 33554432 (custom)
2019-09-11 05:28:58,878 [cf454e7e-23b5-43a4-8b5d-d83390319e33@group-00994406B9A2:LeaderElection26] INFO  server.RaftServerConfigKeys (ConfUtils.java:logGet(43)) - raft.server.log.appender.buffer.element-limit = 1 (custom)
2019-09-11 05:28:58,878 [cf454e7e-23b5-43a4-8b5d-d83390319e33@group-00994406B9A2:LeaderElection26] INFO  grpc.GrpcConfigKeys$Server (ConfUtils.java:logGet(43)) - raft.grpc.server.leader.outstanding.appends.max = 128 (default)
2019-09-11 05:28:58,878 [cf454e7e-23b5-43a4-8b5d-d83390319e33@group-00994406B9A2:LeaderElection26] INFO  server.RaftServerConfigKeys (ConfUtils.java:logGet(43)) - raft.server.rpc.request.timeout = 3000ms (default)
2019-09-11 05:28:58,878 [cf454e7e-23b5-43a4-8b5d-d83390319e33@group-00994406B9A2:LeaderElection26] INFO  server.RaftServerConfigKeys (ConfUtils.java:logGet(43)) - raft.server.log.appender.install.snapshot.enabled = false (custom)
2019-09-11 05:28:58,879 [cf454e7e-23b5-43a4-8b5d-d83390319e33@group-00994406B9A2:LeaderElection26] INFO  impl.RoleInfo (RoleInfo.java:updateAndGet(143)) - cf454e7e-23b5-43a4-8b5d-d83390319e33: start LeaderState
2019-09-11 05:28:58,879 [cf454e7e-23b5-43a4-8b5d-d83390319e33@group-00994406B9A2:LeaderElection26] INFO  segmented.SegmentedRaftLogWorker (SegmentedRaftLogWorker.java:startLogSegment(380)) - cf454e7e-23b5-43a4-8b5d-d83390319e33@group-00994406B9A2-SegmentedRaftLogWorker: Starting segment from index:0
2019-09-11 05:28:58,880 [cf454e7e-23b5-43a4-8b5d-d83390319e33@group-00994406B9A2:LeaderElection26] INFO  impl.RaftServerImpl (ServerState.java:setRaftConf(354)) - cf454e7e-23b5-43a4-8b5d-d83390319e33@group-00994406B9A2: set configuration 0: [1085c8a3-fcd4-45c4-be46-c3757d6b46c3:192.168.36.125:32899, 33471566-8842-41e4-bba3-9cc287622f4a:192.168.36.125:43770, cf454e7e-23b5-43a4-8b5d-d83390319e33:192.168.36.125:43699], old=null at 0
2019-09-11 05:28:58,920 [grpc-default-executor-2] INFO  impl.RaftServerImpl (ServerState.java:setLeader(253)) - 33471566-8842-41e4-bba3-9cc287622f4a@group-00994406B9A2: change Leader from null to cf454e7e-23b5-43a4-8b5d-d83390319e33 at term 3 for appendEntries, leader elected after 3989ms
2019-09-11 05:28:58,923 [grpc-default-executor-5] INFO  impl.RaftServerImpl (ServerState.java:setLeader(253)) - 1085c8a3-fcd4-45c4-be46-c3757d6b46c3@group-00994406B9A2: change Leader from null to cf454e7e-23b5-43a4-8b5d-d83390319e33 at term 3 for appendEntries, leader elected after 3993ms
2019-09-11 05:28:58,926 [grpc-default-executor-2] INFO  impl.RaftServerImpl (ServerState.java:setRaftConf(354)) - 33471566-8842-41e4-bba3-9cc287622f4a@group-00994406B9A2: set configuration 0: [1085c8a3-fcd4-45c4-be46-c3757d6b46c3:192.168.36.125:32899, 33471566-8842-41e4-bba3-9cc287622f4a:192.168.36.125:43770, cf454e7e-23b5-43a4-8b5d-d83390319e33:192.168.36.125:43699], old=null at 0
2019-09-11 05:28:58,926 [grpc-default-executor-2] INFO  segmented.SegmentedRaftLogWorker (SegmentedRaftLogWorker.java:startLogSegment(380)) - 33471566-8842-41e4-bba3-9cc287622f4a@group-00994406B9A2-SegmentedRaftLogWorker: Starting segment from index:0
2019-09-11 05:28:58,928 [grpc-default-executor-2] INFO  impl.RaftServerImpl (ServerState.java:setRaftConf(354)) - 1085c8a3-fcd4-45c4-be46-c3757d6b46c3@group-00994406B9A2: set configuration 0: [1085c8a3-fcd4-45c4-be46-c3757d6b46c3:192.168.36.125:32899, 33471566-8842-41e4-bba3-9cc287622f4a:192.168.36.125:43770, cf454e7e-23b5-43a4-8b5d-d83390319e33:192.168.36.125:43699], old=null at 0
2019-09-11 05:28:58,928 [grpc-default-executor-2] INFO  segmented.SegmentedRaftLogWorker (SegmentedRaftLogWorker.java:startLogSegment(380)) - 1085c8a3-fcd4-45c4-be46-c3757d6b46c3@group-00994406B9A2-SegmentedRaftLogWorker: Starting segment from index:0
2019-09-11 05:28:58,930 [cf454e7e-23b5-43a4-8b5d-d83390319e33@group-00994406B9A2-SegmentedRaftLogWorker] INFO  segmented.SegmentedRaftLogWorker (SegmentedRaftLogWorker.java:execute(569)) - cf454e7e-23b5-43a4-8b5d-d83390319e33@group-00994406B9A2-SegmentedRaftLogWorker: created new log segment /workdir/hadoop-ozone/integration-test/target/test-dir/MiniOzoneClusterImpl-712b11b3-5514-48f8-84a2-2435d4ba870b/datanode-0/data/ratis/76751961-850d-4a95-84e1-00994406b9a2/current/log_inprogress_0
2019-09-11 05:28:58,970 [33471566-8842-41e4-bba3-9cc287622f4a@group-00994406B9A2-SegmentedRaftLogWorker] INFO  segmented.SegmentedRaftLogWorker (SegmentedRaftLogWorker.java:execute(569)) - 33471566-8842-41e4-bba3-9cc287622f4a@group-00994406B9A2-SegmentedRaftLogWorker: created new log segment /workdir/hadoop-ozone/integration-test/target/test-dir/MiniOzoneClusterImpl-712b11b3-5514-48f8-84a2-2435d4ba870b/datanode-8/data/ratis/76751961-850d-4a95-84e1-00994406b9a2/current/log_inprogress_0
2019-09-11 05:28:58,982 [1085c8a3-fcd4-45c4-be46-c3757d6b46c3@group-00994406B9A2-SegmentedRaftLogWorker] INFO  segmented.SegmentedRaftLogWorker (SegmentedRaftLogWorker.java:execute(569)) - 1085c8a3-fcd4-45c4-be46-c3757d6b46c3@group-00994406B9A2-SegmentedRaftLogWorker: created new log segment /workdir/hadoop-ozone/integration-test/target/test-dir/MiniOzoneClusterImpl-712b11b3-5514-48f8-84a2-2435d4ba870b/datanode-3/data/ratis/76751961-850d-4a95-84e1-00994406b9a2/current/log_inprogress_0
2019-09-11 05:28:59,838 [grpc-default-executor-2] INFO  client.GrpcClientProtocolClient (GrpcClientProtocolClient.java:onNext(264)) - client-51C1F636924D->33471566-8842-41e4-bba3-9cc287622f4a: receive RaftClientReply:client-51C1F636924D->33471566-8842-41e4-bba3-9cc287622f4a@group-00994406B9A2, cid=19, FAILED org.apache.ratis.protocol.NotLeaderException: Server 33471566-8842-41e4-bba3-9cc287622f4a@group-00994406B9A2 is not the leader cf454e7e-23b5-43a4-8b5d-d83390319e33:192.168.36.125:43699, logIndex=0, commits[33471566-8842-41e4-bba3-9cc287622f4a:c0, 1085c8a3-fcd4-45c4-be46-c3757d6b46c3:c-1, cf454e7e-23b5-43a4-8b5d-d83390319e33:c0]
2019-09-11 05:29:00,157 [grpc-default-executor-5] INFO  client.GrpcClientProtocolClient (GrpcClientProtocolClient.java:onNext(264)) - client-51C1F636924D->cf454e7e-23b5-43a4-8b5d-d83390319e33: receive RaftClientReply:client-51C1F636924D->cf454e7e-23b5-43a4-8b5d-d83390319e33@group-00994406B9A2, cid=19, SUCCESS, logIndex=1, commits[cf454e7e-23b5-43a4-8b5d-d83390319e33:c1, 1085c8a3-fcd4-45c4-be46-c3757d6b46c3:c0, 33471566-8842-41e4-bba3-9cc287622f4a:c0]
2019-09-11 05:29:00,316 [grpc-default-executor-5] INFO  client.GrpcClientProtocolClient (GrpcClientProtocolClient.java:onNext(264)) - client-51C1F636924D->cf454e7e-23b5-43a4-8b5d-d83390319e33: receive RaftClientReply:client-51C1F636924D->cf454e7e-23b5-43a4-8b5d-d83390319e33@group-00994406B9A2, cid=20, SUCCESS, logIndex=3, commits[cf454e7e-23b5-43a4-8b5d-d83390319e33:c8, 1085c8a3-fcd4-45c4-be46-c3757d6b46c3:c6, 33471566-8842-41e4-bba3-9cc287622f4a:c6]
2019-09-11 05:29:00,326 [grpc-default-executor-5] INFO  client.GrpcClientProtocolClient (GrpcClientProtocolClient.java:onNext(264)) - client-51C1F636924D->cf454e7e-23b5-43a4-8b5d-d83390319e33: receive RaftClientReply:client-51C1F636924D->cf454e7e-23b5-43a4-8b5d-d83390319e33@group-00994406B9A2, cid=21, SUCCESS, logIndex=4, commits[cf454e7e-23b5-43a4-8b5d-d83390319e33:c8, 1085c8a3-fcd4-45c4-be46-c3757d6b46c3:c6, 33471566-8842-41e4-bba3-9cc287622f4a:c6]
2019-09-11 05:29:00,392 [grpc-default-executor-5] INFO  client.GrpcClientProtocolClient (GrpcClientProtocolClient.java:onNext(264)) - client-51C1F636924D->cf454e7e-23b5-43a4-8b5d-d83390319e33: receive RaftClientReply:client-51C1F636924D->cf454e7e-23b5-43a4-8b5d-d83390319e33@group-00994406B9A2, cid=22, SUCCESS, logIndex=5, commits[cf454e7e-23b5-43a4-8b5d-d83390319e33:c8, 1085c8a3-fcd4-45c4-be46-c3757d6b46c3:c6, 33471566-8842-41e4-bba3-9cc287622f4a:c6]
2019-09-11 05:29:00,485 [grpc-default-executor-5] INFO  client.GrpcClientProtocolClient (GrpcClientProtocolClient.java:onNext(264)) - client-51C1F636924D->cf454e7e-23b5-43a4-8b5d-d83390319e33: receive RaftClientReply:client-51C1F636924D->cf454e7e-23b5-43a4-8b5d-d83390319e33@group-00994406B9A2, cid=23, SUCCESS, logIndex=9, commits[cf454e7e-23b5-43a4-8b5d-d83390319e33:c10, 1085c8a3-fcd4-45c4-be46-c3757d6b46c3:c8, 33471566-8842-41e4-bba3-9cc287622f4a:c8]
2019-09-11 05:29:00,487 [grpc-default-executor-5] INFO  client.GrpcClientProtocolClient (GrpcClientProtocolClient.java:onNext(264)) - client-51C1F636924D->cf454e7e-23b5-43a4-8b5d-d83390319e33: receive RaftClientReply:client-51C1F636924D->cf454e7e-23b5-43a4-8b5d-d83390319e33@group-00994406B9A2, cid=24, SUCCESS, logIndex=10, commits[cf454e7e-23b5-43a4-8b5d-d83390319e33:c10, 1085c8a3-fcd4-45c4-be46-c3757d6b46c3:c8, 33471566-8842-41e4-bba3-9cc287622f4a:c8]
2019-09-11 05:29:00,502 [grpc-default-executor-2] INFO  client.GrpcClientProtocolClient (GrpcClientProtocolClient.java:onNext(264)) - client-51C1F636924D->cf454e7e-23b5-43a4-8b5d-d83390319e33: receive RaftClientReply:client-51C1F636924D->cf454e7e-23b5-43a4-8b5d-d83390319e33@group-00994406B9A2, cid=25, SUCCESS, logIndex=11, commits[cf454e7e-23b5-43a4-8b5d-d83390319e33:c12, 1085c8a3-fcd4-45c4-be46-c3757d6b46c3:c10, 33471566-8842-41e4-bba3-9cc287622f4a:c8]
2019-09-11 05:29:00,528 [grpc-default-executor-2] INFO  client.GrpcClientProtocolClient (GrpcClientProtocolClient.java:onNext(264)) - client-51C1F636924D->cf454e7e-23b5-43a4-8b5d-d83390319e33: receive RaftClientReply:client-51C1F636924D->cf454e7e-23b5-43a4-8b5d-d83390319e33@group-00994406B9A2, cid=26, SUCCESS, logIndex=12, commits[cf454e7e-23b5-43a4-8b5d-d83390319e33:c15, 1085c8a3-fcd4-45c4-be46-c3757d6b46c3:c11, 33471566-8842-41e4-bba3-9cc287622f4a:c12]
2019-09-11 05:29:00,562 [grpc-default-executor-2] INFO  client.GrpcClientProtocolClient (GrpcClientProtocolClient.java:onNext(264)) - client-51C1F636924D->cf454e7e-23b5-43a4-8b5d-d83390319e33: receive RaftClientReply:client-51C1F636924D->cf454e7e-23b5-43a4-8b5d-d83390319e33@group-00994406B9A2, cid=27, SUCCESS, logIndex=0, commits[cf454e7e-23b5-43a4-8b5d-d83390319e33:c16, 1085c8a3-fcd4-45c4-be46-c3757d6b46c3:c12, 33471566-8842-41e4-bba3-9cc287622f4a:c12]
2019-09-11 05:29:03,578 [java.util.concurrent.ThreadPoolExecutor$Worker@1ee4e89b[State = -1, empty queue]] WARN  server.GrpcLogAppender (GrpcLogAppender.java:timeoutAppendRequest(200)) - cf454e7e-23b5-43a4-8b5d-d83390319e33@group-00994406B9A2->33471566-8842-41e4-bba3-9cc287622f4a-GrpcLogAppender: appendEntries Timeout, request=cf454e7e-23b5-43a4-8b5d-d83390319e33->33471566-8842-41e4-bba3-9cc287622f4a#19-t3, previous=(t:3, i:16), leaderCommit=16, initializing? false, entries: size=1, first=(t:3, i:17), STATEMACHINELOGENTRY, client-51C1F636924D, cid=28
2019-09-11 05:29:03,578 [java.util.concurrent.ThreadPoolExecutor$Worker@6e744712[State = -1, empty queue]] WARN  server.GrpcLogAppender (GrpcLogAppender.java:timeoutAppendRequest(200)) - cf454e7e-23b5-43a4-8b5d-d83390319e33@group-00994406B9A2->1085c8a3-fcd4-45c4-be46-c3757d6b46c3-GrpcLogAppender: appendEntries Timeout, request=cf454e7e-23b5-43a4-8b5d-d83390319e33->1085c8a3-fcd4-45c4-be46-c3757d6b46c3#19-t3, previous=(t:3, i:16), leaderCommit=16, initializing? false, entries: size=1, first=(t:3, i:17), STATEMACHINELOGENTRY, client-51C1F636924D, cid=28
2019-09-11 05:29:03,584 [java.util.concurrent.ThreadPoolExecutor$Worker@1ee4e89b[State = -1, empty queue]] WARN  server.GrpcLogAppender (GrpcLogAppender.java:timeoutAppendRequest(200)) - cf454e7e-23b5-43a4-8b5d-d83390319e33@group-00994406B9A2->33471566-8842-41e4-bba3-9cc287622f4a-GrpcLogAppender: appendEntries Timeout, request=cf454e7e-23b5-43a4-8b5d-d83390319e33->33471566-8842-41e4-bba3-9cc287622f4a#20-t3, previous=(t:3, i:17), leaderCommit=16, initializing? false, entries: size=1, first=(t:3, i:18), STATEMACHINELOGENTRY, client-51C1F636924D, cid=29
2019-09-11 05:29:03,587 [java.util.concurrent.ThreadPoolExecutor$Worker@6e744712[State = -1, empty queue]] WARN  server.GrpcLogAppender (GrpcLogAppender.java:timeoutAppendRequest(200)) - cf454e7e-23b5-43a4-8b5d-d83390319e33@group-00994406B9A2->1085c8a3-fcd4-45c4-be46-c3757d6b46c3-GrpcLogAppender: appendEntries Timeout, request=cf454e7e-23b5-43a4-8b5d-d83390319e33->1085c8a3-fcd4-45c4-be46-c3757d6b46c3#20-t3, previous=(t:3, i:17), leaderCommit=16, initializing? false, entries: size=1, first=(t:3, i:18), STATEMACHINELOGENTRY, client-51C1F636924D, cid=29
2019-09-11 05:29:03,643 [java.util.concurrent.ThreadPoolExecutor$Worker@6e744712[State = -1, empty queue]] WARN  server.GrpcLogAppender (GrpcLogAppender.java:timeoutAppendRequest(200)) - cf454e7e-23b5-43a4-8b5d-d83390319e33@group-00994406B9A2->1085c8a3-fcd4-45c4-be46-c3757d6b46c3-GrpcLogAppender: appendEntries Timeout, request=cf454e7e-23b5-43a4-8b5d-d83390319e33->1085c8a3-fcd4-45c4-be46-c3757d6b46c3#21-t3, previous=(t:3, i:18), leaderCommit=16, initializing? false, entries: size=1, first=(t:3, i:19), STATEMACHINELOGENTRY, client-51C1F636924D, cid=30
2019-09-11 05:29:03,643 [java.util.concurrent.ThreadPoolExecutor$Worker@1ee4e89b[State = -1, empty queue]] WARN  server.GrpcLogAppender (GrpcLogAppender.java:timeoutAppendRequest(200)) - cf454e7e-23b5-43a4-8b5d-d83390319e33@group-00994406B9A2->33471566-8842-41e4-bba3-9cc287622f4a-GrpcLogAppender: appendEntries Timeout, request=cf454e7e-23b5-43a4-8b5d-d83390319e33->33471566-8842-41e4-bba3-9cc287622f4a#21-t3, previous=(t:3, i:18), leaderCommit=16, initializing? false, entries: size=1, first=(t:3, i:19), STATEMACHINELOGENTRY, client-51C1F636924D, cid=30
2019-09-11 05:29:03,647 [java.util.concurrent.ThreadPoolExecutor$Worker@6e744712[State = -1, empty queue]] WARN  server.GrpcLogAppender (GrpcLogAppender.java:timeoutAppendRequest(200)) - cf454e7e-23b5-43a4-8b5d-d83390319e33@group-00994406B9A2->1085c8a3-fcd4-45c4-be46-c3757d6b46c3-GrpcLogAppender: appendEntries Timeout, request=cf454e7e-23b5-43a4-8b5d-d83390319e33->1085c8a3-fcd4-45c4-be46-c3757d6b46c3#22-t3, previous=(t:3, i:19), leaderCommit=16, initializing? false, entries: size=1, first=(t:3, i:20), STATEMACHINELOGENTRY, client-51C1F636924D, cid=31
2019-09-11 05:29:03,650 [java.util.concurrent.ThreadPoolExecutor$Worker@1ee4e89b[State = -1, empty queue]] WARN  server.GrpcLogAppender (GrpcLogAppender.java:timeoutAppendRequest(200)) - cf454e7e-23b5-43a4-8b5d-d83390319e33@group-00994406B9A2->33471566-8842-41e4-bba3-9cc287622f4a-GrpcLogAppender: appendEntries Timeout, request=cf454e7e-23b5-43a4-8b5d-d83390319e33->33471566-8842-41e4-bba3-9cc287622f4a#22-t3, previous=(t:3, i:19), leaderCommit=16, initializing? false, entries: size=1, first=(t:3, i:20), STATEMACHINELOGENTRY, client-51C1F636924D, cid=31
2019-09-11 05:29:04,144 [java.util.concurrent.ThreadPoolExecutor$Worker@6e744712[State = -1, empty queue]] WARN  server.GrpcLogAppender (GrpcLogAppender.java:timeoutAppendRequest(200)) - cf454e7e-23b5-43a4-8b5d-d83390319e33@group-00994406B9A2->1085c8a3-fcd4-45c4-be46-c3757d6b46c3-GrpcLogAppender: appendEntries Timeout, request=cf454e7e-23b5-43a4-8b5d-d83390319e33->1085c8a3-fcd4-45c4-be46-c3757d6b46c3#23-t3, previous=(t:3, i:20), leaderCommit=16, initializing? false, entries: <empty>
2019-09-11 05:29:04,144 [java.util.concurrent.ThreadPoolExecutor$Worker@1ee4e89b[State = -1, empty queue]] WARN  server.GrpcLogAppender (GrpcLogAppender.java:timeoutAppendRequest(200)) - cf454e7e-23b5-43a4-8b5d-d83390319e33@group-00994406B9A2->33471566-8842-41e4-bba3-9cc287622f4a-GrpcLogAppender: appendEntries Timeout, request=cf454e7e-23b5-43a4-8b5d-d83390319e33->33471566-8842-41e4-bba3-9cc287622f4a#23-t3, previous=(t:3, i:20), leaderCommit=16, initializing? false, entries: <empty>
2019-09-11 05:29:04,646 [java.util.concurrent.ThreadPoolExecutor$Worker@6e744712[State = -1, empty queue]] WARN  server.GrpcLogAppender (GrpcLogAppender.java:timeoutAppendRequest(200)) - cf454e7e-23b5-43a4-8b5d-d83390319e33@group-00994406B9A2->1085c8a3-fcd4-45c4-be46-c3757d6b46c3-GrpcLogAppender: appendEntries Timeout, request=cf454e7e-23b5-43a4-8b5d-d83390319e33->1085c8a3-fcd4-45c4-be46-c3757d6b46c3#24-t3, previous=(t:3, i:20), leaderCommit=16, initializing? false, entries: <empty>
2019-09-11 05:29:04,646 [java.util.concurrent.ThreadPoolExecutor$Worker@1ee4e89b[State = -1, empty queue]] WARN  server.GrpcLogAppender (GrpcLogAppender.java:timeoutAppendRequest(200)) - cf454e7e-23b5-43a4-8b5d-d83390319e33@group-00994406B9A2->33471566-8842-41e4-bba3-9cc287622f4a-GrpcLogAppender: appendEntries Timeout, request=cf454e7e-23b5-43a4-8b5d-d83390319e33->33471566-8842-41e4-bba3-9cc287622f4a#24-t3, previous=(t:3, i:20), leaderCommit=16, initializing? false, entries: <empty>
2019-09-11 05:29:05,146 [java.util.concurrent.ThreadPoolExecutor$Worker@6e744712[State = -1, empty queue]] WARN  server.GrpcLogAppender (GrpcLogAppender.java:timeoutAppendRequest(200)) - cf454e7e-23b5-43a4-8b5d-d83390319e33@group-00994406B9A2->1085c8a3-fcd4-45c4-be46-c3757d6b46c3-GrpcLogAppender: appendEntries Timeout, request=cf454e7e-23b5-43a4-8b5d-d83390319e33->1085c8a3-fcd4-45c4-be46-c3757d6b46c3#25-t3, previous=(t:3, i:20), leaderCommit=16, initializing? false, entries: <empty>
2019-09-11 05:29:05,146 [java.util.concurrent.ThreadPoolExecutor$Worker@1ee4e89b[State = -1, empty queue]] WARN  server.GrpcLogAppender (GrpcLogAppender.java:timeoutAppendRequest(200)) - cf454e7e-23b5-43a4-8b5d-d83390319e33@group-00994406B9A2->33471566-8842-41e4-bba3-9cc287622f4a-GrpcLogAppender: appendEntries Timeout, request=cf454e7e-23b5-43a4-8b5d-d83390319e33->33471566-8842-41e4-bba3-9cc287622f4a#25-t3, previous=(t:3, i:20), leaderCommit=16, initializing? false, entries: <empty>
2019-09-11 05:29:05,646 [java.util.concurrent.ThreadPoolExecutor$Worker@6e744712[State = -1, empty queue]] WARN  server.GrpcLogAppender (GrpcLogAppender.java:timeoutAppendRequest(200)) - cf454e7e-23b5-43a4-8b5d-d83390319e33@group-00994406B9A2->1085c8a3-fcd4-45c4-be46-c3757d6b46c3-GrpcLogAppender: appendEntries Timeout, request=cf454e7e-23b5-43a4-8b5d-d83390319e33->1085c8a3-fcd4-45c4-be46-c3757d6b46c3#26-t3, previous=(t:3, i:20), leaderCommit=16, initializing? false, entries: <empty>
2019-09-11 05:29:05,646 [java.util.concurrent.ThreadPoolExecutor$Worker@1ee4e89b[State = -1, empty queue]] WARN  server.GrpcLogAppender (GrpcLogAppender.java:timeoutAppendRequest(200)) - cf454e7e-23b5-43a4-8b5d-d83390319e33@group-00994406B9A2->33471566-8842-41e4-bba3-9cc287622f4a-GrpcLogAppender: appendEntries Timeout, request=cf454e7e-23b5-43a4-8b5d-d83390319e33->33471566-8842-41e4-bba3-9cc287622f4a#26-t3, previous=(t:3, i:20), leaderCommit=16, initializing? false, entries: <empty>
2019-09-11 05:29:05,669 [grpc-default-executor-2] INFO  client.GrpcClientProtocolClient (GrpcClientProtocolClient.java:onNext(264)) - client-51C1F636924D->1085c8a3-fcd4-45c4-be46-c3757d6b46c3: receive RaftClientReply:client-51C1F636924D->1085c8a3-fcd4-45c4-be46-c3757d6b46c3@group-00994406B9A2, cid=28, FAILED org.apache.ratis.protocol.NotLeaderException: Server 1085c8a3-fcd4-45c4-be46-c3757d6b46c3@group-00994406B9A2 is not the leader cf454e7e-23b5-43a4-8b5d-d83390319e33:192.168.36.125:43699, logIndex=0, commits[1085c8a3-fcd4-45c4-be46-c3757d6b46c3:c16, 33471566-8842-41e4-bba3-9cc287622f4a:c12, cf454e7e-23b5-43a4-8b5d-d83390319e33:c16]
2019-09-11 05:29:06,147 [java.util.concurrent.ThreadPoolExecutor$Worker@1ee4e89b[State = -1, empty queue]] WARN  server.GrpcLogAppender (GrpcLogAppender.java:timeoutAppendRequest(200)) - cf454e7e-23b5-43a4-8b5d-d83390319e33@group-00994406B9A2->33471566-8842-41e4-bba3-9cc287622f4a-GrpcLogAppender: appendEntries Timeout, request=cf454e7e-23b5-43a4-8b5d-d83390319e33->33471566-8842-41e4-bba3-9cc287622f4a#27-t3, previous=(t:3, i:20), leaderCommit=16, initializing? false, entries: <empty>
2019-09-11 05:29:06,147 [java.util.concurrent.ThreadPoolExecutor$Worker@6e744712[State = -1, empty queue]] WARN  server.GrpcLogAppender (GrpcLogAppender.java:timeoutAppendRequest(200)) - cf454e7e-23b5-43a4-8b5d-d83390319e33@group-00994406B9A2->1085c8a3-fcd4-45c4-be46-c3757d6b46c3-GrpcLogAppender: appendEntries Timeout, request=cf454e7e-23b5-43a4-8b5d-d83390319e33->1085c8a3-fcd4-45c4-be46-c3757d6b46c3#27-t3, previous=(t:3, i:20), leaderCommit=16, initializing? false, entries: <empty>
2019-09-11 05:29:06,655 [java.util.concurrent.ThreadPoolExecutor$Worker@6e744712[State = -1, empty queue]] WARN  server.GrpcLogAppender (GrpcLogAppender.java:timeoutAppendRequest(200)) - cf454e7e-23b5-43a4-8b5d-d83390319e33@group-00994406B9A2->1085c8a3-fcd4-45c4-be46-c3757d6b46c3-GrpcLogAppender: appendEntries Timeout, request=cf454e7e-23b5-43a4-8b5d-d83390319e33->1085c8a3-fcd4-45c4-be46-c3757d6b46c3#28-t3, previous=(t:3, i:20), leaderCommit=16, initializing? false, entries: <empty>
2019-09-11 05:29:06,655 [java.util.concurrent.ThreadPoolExecutor$Worker@1ee4e89b[State = -1, empty queue]] WARN  server.GrpcLogAppender (GrpcLogAppender.java:timeoutAppendRequest(200)) - cf454e7e-23b5-43a4-8b5d-d83390319e33@group-00994406B9A2->33471566-8842-41e4-bba3-9cc287622f4a-GrpcLogAppender: appendEntries Timeout, request=cf454e7e-23b5-43a4-8b5d-d83390319e33->33471566-8842-41e4-bba3-9cc287622f4a#28-t3, previous=(t:3, i:20), leaderCommit=16, initializing? false, entries: <empty>
2019-09-11 05:29:07,156 [java.util.concurrent.ThreadPoolExecutor$Worker@1ee4e89b[State = -1, empty queue]] WARN  server.GrpcLogAppender (GrpcLogAppender.java:timeoutAppendRequest(200)) - cf454e7e-23b5-43a4-8b5d-d83390319e33@group-00994406B9A2->33471566-8842-41e4-bba3-9cc287622f4a-GrpcLogAppender: appendEntries Timeout, request=cf454e7e-23b5-43a4-8b5d-d83390319e33->33471566-8842-41e4-bba3-9cc287622f4a#29-t3, previous=(t:3, i:20), leaderCommit=16, initializing? false, entries: <empty>
2019-09-11 05:29:07,156 [java.util.concurrent.ThreadPoolExecutor$Worker@6e744712[State = -1, empty queue]] WARN  server.GrpcLogAppender (GrpcLogAppender.java:timeoutAppendRequest(200)) - cf454e7e-23b5-43a4-8b5d-d83390319e33@group-00994406B9A2->1085c8a3-fcd4-45c4-be46-c3757d6b46c3-GrpcLogAppender: appendEntries Timeout, request=cf454e7e-23b5-43a4-8b5d-d83390319e33->1085c8a3-fcd4-45c4-be46-c3757d6b46c3#29-t3, previous=(t:3, i:20), leaderCommit=16, initializing? false, entries: <empty>
2019-09-11 05:29:07,657 [java.util.concurrent.ThreadPoolExecutor$Worker@1ee4e89b[State = -1, empty queue]] WARN  server.GrpcLogAppender (GrpcLogAppender.java:timeoutAppendRequest(200)) - cf454e7e-23b5-43a4-8b5d-d83390319e33@group-00994406B9A2->33471566-8842-41e4-bba3-9cc287622f4a-GrpcLogAppender: appendEntries Timeout, request=cf454e7e-23b5-43a4-8b5d-d83390319e33->33471566-8842-41e4-bba3-9cc287622f4a#30-t3, previous=(t:3, i:20), leaderCommit=16, initializing? false, entries: <empty>
2019-09-11 05:29:07,657 [java.util.concurrent.ThreadPoolExecutor$Worker@6e744712[State = -1, empty queue]] WARN  server.GrpcLogAppender (GrpcLogAppender.java:timeoutAppendRequest(200)) - cf454e7e-23b5-43a4-8b5d-d83390319e33@group-00994406B9A2->1085c8a3-fcd4-45c4-be46-c3757d6b46c3-GrpcLogAppender: appendEntries Timeout, request=cf454e7e-23b5-43a4-8b5d-d83390319e33->1085c8a3-fcd4-45c4-be46-c3757d6b46c3#30-t3, previous=(t:3, i:20), leaderCommit=16, initializing? false, entries: <empty>
2019-09-11 05:29:08,157 [java.util.concurrent.ThreadPoolExecutor$Worker@6e744712[State = -1, empty queue]] WARN  server.GrpcLogAppender (GrpcLogAppender.java:timeoutAppendRequest(200)) - cf454e7e-23b5-43a4-8b5d-d83390319e33@group-00994406B9A2->1085c8a3-fcd4-45c4-be46-c3757d6b46c3-GrpcLogAppender: appendEntries Timeout, request=cf454e7e-23b5-43a4-8b5d-d83390319e33->1085c8a3-fcd4-45c4-be46-c3757d6b46c3#31-t3, previous=(t:3, i:20), leaderCommit=16, initializing? false, entries: <empty>
2019-09-11 05:29:08,157 [java.util.concurrent.ThreadPoolExecutor$Worker@1ee4e89b[State = -1, empty queue]] WARN  server.GrpcLogAppender (GrpcLogAppender.java:timeoutAppendRequest(200)) - cf454e7e-23b5-43a4-8b5d-d83390319e33@group-00994406B9A2->33471566-8842-41e4-bba3-9cc287622f4a-GrpcLogAppender: appendEntries Timeout, request=cf454e7e-23b5-43a4-8b5d-d83390319e33->33471566-8842-41e4-bba3-9cc287622f4a#31-t3, previous=(t:3, i:20), leaderCommit=16, initializing? false, entries: <empty>
2019-09-11 05:29:08,658 [java.util.concurrent.ThreadPoolExecutor$Worker@6e744712[State = -1, empty queue]] WARN  server.GrpcLogAppender (GrpcLogAppender.java:timeoutAppendRequest(200)) - cf454e7e-23b5-43a4-8b5d-d83390319e33@group-00994406B9A2->1085c8a3-fcd4-45c4-be46-c3757d6b46c3-GrpcLogAppender: appendEntries Timeout, request=cf454e7e-23b5-43a4-8b5d-d83390319e33->1085c8a3-fcd4-45c4-be46-c3757d6b46c3#32-t3, previous=(t:3, i:20), leaderCommit=16, initializing? false, entries: <empty>
2019-09-11 05:29:08,658 [java.util.concurrent.ThreadPoolExecutor$Worker@1ee4e89b[State = -1, empty queue]] WARN  server.GrpcLogAppender (GrpcLogAppender.java:timeoutAppendRequest(200)) - cf454e7e-23b5-43a4-8b5d-d83390319e33@group-00994406B9A2->33471566-8842-41e4-bba3-9cc287622f4a-GrpcLogAppender: appendEntries Timeout, request=cf454e7e-23b5-43a4-8b5d-d83390319e33->33471566-8842-41e4-bba3-9cc287622f4a#32-t3, previous=(t:3, i:20), leaderCommit=16, initializing? false, entries: <empty>
2019-09-11 05:29:09,159 [java.util.concurrent.ThreadPoolExecutor$Worker@1ee4e89b[State = -1, empty queue]] WARN  server.GrpcLogAppender (GrpcLogAppender.java:timeoutAppendRequest(200)) - cf454e7e-23b5-43a4-8b5d-d83390319e33@group-00994406B9A2->33471566-8842-41e4-bba3-9cc287622f4a-GrpcLogAppender: appendEntries Timeout, request=cf454e7e-23b5-43a4-8b5d-d83390319e33->33471566-8842-41e4-bba3-9cc287622f4a#33-t3, previous=(t:3, i:20), leaderCommit=16, initializing? false, entries: <empty>
2019-09-11 05:29:09,159 [java.util.concurrent.ThreadPoolExecutor$Worker@6e744712[State = -1, empty queue]] WARN  server.GrpcLogAppender (GrpcLogAppender.java:timeoutAppendRequest(200)) - cf454e7e-23b5-43a4-8b5d-d83390319e33@group-00994406B9A2->1085c8a3-fcd4-45c4-be46-c3757d6b46c3-GrpcLogAppender: appendEntries Timeout, request=cf454e7e-23b5-43a4-8b5d-d83390319e33->1085c8a3-fcd4-45c4-be46-c3757d6b46c3#33-t3, previous=(t:3, i:20), leaderCommit=16, initializing? false, entries: <empty>
2019-09-11 05:29:09,659 [java.util.concurrent.ThreadPoolExecutor$Worker@1ee4e89b[State = -1, empty queue]] WARN  server.GrpcLogAppender (GrpcLogAppender.java:timeoutAppendRequest(200)) - cf454e7e-23b5-43a4-8b5d-d83390319e33@group-00994406B9A2->33471566-8842-41e4-bba3-9cc287622f4a-GrpcLogAppender: appendEntries Timeout, request=cf454e7e-23b5-43a4-8b5d-d83390319e33->33471566-8842-41e4-bba3-9cc287622f4a#34-t3, previous=(t:3, i:20), leaderCommit=16, initializing? false, entries: <empty>
2019-09-11 05:29:09,659 [java.util.concurrent.ThreadPoolExecutor$Worker@6e744712[State = -1, empty queue]] WARN  server.GrpcLogAppender (GrpcLogAppender.java:timeoutAppendRequest(200)) - cf454e7e-23b5-43a4-8b5d-d83390319e33@group-00994406B9A2->1085c8a3-fcd4-45c4-be46-c3757d6b46c3-GrpcLogAppender: appendEntries Timeout, request=cf454e7e-23b5-43a4-8b5d-d83390319e33->1085c8a3-fcd4-45c4-be46-c3757d6b46c3#34-t3, previous=(t:3, i:20), leaderCommit=16, initializing? false, entries: <empty>
2019-09-11 05:29:10,159 [java.util.concurrent.ThreadPoolExecutor$Worker@1ee4e89b[State = -1, empty queue]] WARN  server.GrpcLogAppender (GrpcLogAppender.java:timeoutAppendRequest(200)) - cf454e7e-23b5-43a4-8b5d-d83390319e33@group-00994406B9A2->33471566-8842-41e4-bba3-9cc287622f4a-GrpcLogAppender: appendEntries Timeout, request=cf454e7e-23b5-43a4-8b5d-d83390319e33->33471566-8842-41e4-bba3-9cc287622f4a#35-t3, previous=(t:3, i:20), leaderCommit=16, initializing? false, entries: <empty>
2019-09-11 05:29:10,159 [java.util.concurrent.ThreadPoolExecutor$Worker@6e744712[State = -1, empty queue]] WARN  server.GrpcLogAppender (GrpcLogAppender.java:timeoutAppendRequest(200)) - cf454e7e-23b5-43a4-8b5d-d83390319e33@group-00994406B9A2->1085c8a3-fcd4-45c4-be46-c3757d6b46c3-GrpcLogAppender: appendEntries Timeout, request=cf454e7e-23b5-43a4-8b5d-d83390319e33->1085c8a3-fcd4-45c4-be46-c3757d6b46c3#35-t3, previous=(t:3, i:20), leaderCommit=16, initializing? false, entries: <empty>
2019-09-11 05:29:10,660 [java.util.concurrent.ThreadPoolExecutor$Worker@6e744712[State = -1, empty queue]] WARN  server.GrpcLogAppender (GrpcLogAppender.java:timeoutAppendRequest(200)) - cf454e7e-23b5-43a4-8b5d-d83390319e33@group-00994406B9A2->1085c8a3-fcd4-45c4-be46-c3757d6b46c3-GrpcLogAppender: appendEntries Timeout, request=cf454e7e-23b5-43a4-8b5d-d83390319e33->1085c8a3-fcd4-45c4-be46-c3757d6b46c3#36-t3, previous=(t:3, i:20), leaderCommit=16, initializing? false, entries: <empty>
2019-09-11 05:29:10,660 [java.util.concurrent.ThreadPoolExecutor$Worker@1ee4e89b[State = -1, empty queue]] WARN  server.GrpcLogAppender (GrpcLogAppender.java:timeoutAppendRequest(200)) - cf454e7e-23b5-43a4-8b5d-d83390319e33@group-00994406B9A2->33471566-8842-41e4-bba3-9cc287622f4a-GrpcLogAppender: appendEntries Timeout, request=cf454e7e-23b5-43a4-8b5d-d83390319e33->33471566-8842-41e4-bba3-9cc287622f4a#36-t3, previous=(t:3, i:20), leaderCommit=16, initializing? false, entries: <empty>
2019-09-11 05:29:10,745 [grpc-default-executor-2] INFO  client.GrpcClientProtocolClient (GrpcClientProtocolClient.java:onNext(264)) - client-51C1F636924D->1085c8a3-fcd4-45c4-be46-c3757d6b46c3: receive RaftClientReply:client-51C1F636924D->1085c8a3-fcd4-45c4-be46-c3757d6b46c3@group-00994406B9A2, cid=28, FAILED org.apache.ratis.protocol.NotLeaderException: Server 1085c8a3-fcd4-45c4-be46-c3757d6b46c3@group-00994406B9A2 is not the leader cf454e7e-23b5-43a4-8b5d-d83390319e33:192.168.36.125:43699, logIndex=0, commits[1085c8a3-fcd4-45c4-be46-c3757d6b46c3:c16, 33471566-8842-41e4-bba3-9cc287622f4a:c12, cf454e7e-23b5-43a4-8b5d-d83390319e33:c16]
2019-09-11 05:29:10,939 [1085c8a3-fcd4-45c4-be46-c3757d6b46c3@group-00994406B9A2-SegmentedRaftLogWorker] WARN  segmented.SegmentedRaftLogWorker (SegmentedRaftLogWorker.java:getFromFuture(90)) - Timeout 0/~
org.apache.ratis.protocol.TimeoutIOException: Timeout 10s: WriteLog:19: (t:3, i:19), STATEMACHINELOGENTRY, client-51C1F636924D, cid=30-writeStateMachineData
	at org.apache.ratis.util.IOUtils.getFromFuture(IOUtils.java:87)
	at org.apache.ratis.server.raftlog.segmented.SegmentedRaftLogWorker$StateMachineDataPolicy.getFromFuture(SegmentedRaftLogWorker.java:87)
	at org.apache.ratis.server.raftlog.segmented.SegmentedRaftLogWorker$WriteLog.execute(SegmentedRaftLogWorker.java:477)
	at org.apache.ratis.server.raftlog.segmented.SegmentedRaftLogWorker.run(SegmentedRaftLogWorker.java:289)
	at java.lang.Thread.run(Thread.java:748)
Caused by: java.util.concurrent.TimeoutException
	at java.util.concurrent.CompletableFuture.timedGet(CompletableFuture.java:1771)
	at java.util.concurrent.CompletableFuture.get(CompletableFuture.java:1915)
	at org.apache.ratis.util.IOUtils.getFromFuture(IOUtils.java:79)
	... 4 more
2019-09-11 05:29:10,939 [33471566-8842-41e4-bba3-9cc287622f4a@group-00994406B9A2-SegmentedRaftLogWorker] WARN  segmented.SegmentedRaftLogWorker (SegmentedRaftLogWorker.java:getFromFuture(90)) - Timeout 0/~
org.apache.ratis.protocol.TimeoutIOException: Timeout 10s: WriteLog:19: (t:3, i:19), STATEMACHINELOGENTRY, client-51C1F636924D, cid=30-writeStateMachineData
	at org.apache.ratis.util.IOUtils.getFromFuture(IOUtils.java:87)
	at org.apache.ratis.server.raftlog.segmented.SegmentedRaftLogWorker$StateMachineDataPolicy.getFromFuture(SegmentedRaftLogWorker.java:87)
	at org.apache.ratis.server.raftlog.segmented.SegmentedRaftLogWorker$WriteLog.execute(SegmentedRaftLogWorker.java:477)
	at org.apache.ratis.server.raftlog.segmented.SegmentedRaftLogWorker.run(SegmentedRaftLogWorker.java:289)
	at java.lang.Thread.run(Thread.java:748)
Caused by: java.util.concurrent.TimeoutException
	at java.util.concurrent.CompletableFuture.timedGet(CompletableFuture.java:1771)
	at java.util.concurrent.CompletableFuture.get(CompletableFuture.java:1915)
	at org.apache.ratis.util.IOUtils.getFromFuture(IOUtils.java:79)
	... 4 more
2019-09-11 05:29:10,939 [cf454e7e-23b5-43a4-8b5d-d83390319e33@group-00994406B9A2-SegmentedRaftLogWorker] WARN  segmented.SegmentedRaftLogWorker (SegmentedRaftLogWorker.java:getFromFuture(90)) - Timeout 0/~
org.apache.ratis.protocol.TimeoutIOException: Timeout 10s: WriteLog:19: (t:3, i:19), STATEMACHINELOGENTRY, client-51C1F636924D, cid=30-writeStateMachineData
	at org.apache.ratis.util.IOUtils.getFromFuture(IOUtils.java:87)
	at org.apache.ratis.server.raftlog.segmented.SegmentedRaftLogWorker$StateMachineDataPolicy.getFromFuture(SegmentedRaftLogWorker.java:87)
	at org.apache.ratis.server.raftlog.segmented.SegmentedRaftLogWorker$WriteLog.execute(SegmentedRaftLogWorker.java:477)
	at org.apache.ratis.server.raftlog.segmented.SegmentedRaftLogWorker.run(SegmentedRaftLogWorker.java:289)
	at java.lang.Thread.run(Thread.java:748)
Caused by: java.util.concurrent.TimeoutException
	at java.util.concurrent.CompletableFuture.timedGet(CompletableFuture.java:1771)
	at java.util.concurrent.CompletableFuture.get(CompletableFuture.java:1915)
	at org.apache.ratis.util.IOUtils.getFromFuture(IOUtils.java:79)
	... 4 more
2019-09-11 05:29:11,160 [java.util.concurrent.ThreadPoolExecutor$Worker@6e744712[State = -1, empty queue]] WARN  server.GrpcLogAppender (GrpcLogAppender.java:timeoutAppendRequest(200)) - cf454e7e-23b5-43a4-8b5d-d83390319e33@group-00994406B9A2->1085c8a3-fcd4-45c4-be46-c3757d6b46c3-GrpcLogAppender: appendEntries Timeout, request=cf454e7e-23b5-43a4-8b5d-d83390319e33->1085c8a3-fcd4-45c4-be46-c3757d6b46c3#37-t3, previous=(t:3, i:20), leaderCommit=16, initializing? false, entries: <empty>
2019-09-11 05:29:11,160 [java.util.concurrent.ThreadPoolExecutor$Worker@1ee4e89b[State = -1, empty queue]] WARN  server.GrpcLogAppender (GrpcLogAppender.java:timeoutAppendRequest(200)) - cf454e7e-23b5-43a4-8b5d-d83390319e33@group-00994406B9A2->33471566-8842-41e4-bba3-9cc287622f4a-GrpcLogAppender: appendEntries Timeout, request=cf454e7e-23b5-43a4-8b5d-d83390319e33->33471566-8842-41e4-bba3-9cc287622f4a#37-t3, previous=(t:3, i:20), leaderCommit=16, initializing? false, entries: <empty>
2019-09-11 05:29:11,661 [java.util.concurrent.ThreadPoolExecutor$Worker@6e744712[State = -1, empty queue]] WARN  server.GrpcLogAppender (GrpcLogAppender.java:timeoutAppendRequest(200)) - cf454e7e-23b5-43a4-8b5d-d83390319e33@group-00994406B9A2->1085c8a3-fcd4-45c4-be46-c3757d6b46c3-GrpcLogAppender: appendEntries Timeout, request=cf454e7e-23b5-43a4-8b5d-d83390319e33->1085c8a3-fcd4-45c4-be46-c3757d6b46c3#38-t3, previous=(t:3, i:20), leaderCommit=16, initializing? false, entries: <empty>
2019-09-11 05:29:11,661 [java.util.concurrent.ThreadPoolExecutor$Worker@1ee4e89b[State = -1, empty queue]] WARN  server.GrpcLogAppender (GrpcLogAppender.java:timeoutAppendRequest(200)) - cf454e7e-23b5-43a4-8b5d-d83390319e33@group-00994406B9A2->33471566-8842-41e4-bba3-9cc287622f4a-GrpcLogAppender: appendEntries Timeout, request=cf454e7e-23b5-43a4-8b5d-d83390319e33->33471566-8842-41e4-bba3-9cc287622f4a#38-t3, previous=(t:3, i:20), leaderCommit=16, initializing? false, entries: <empty>
2019-09-11 05:29:12,162 [java.util.concurrent.ThreadPoolExecutor$Worker@1ee4e89b[State = -1, empty queue]] WARN  server.GrpcLogAppender (GrpcLogAppender.java:timeoutAppendRequest(200)) - cf454e7e-23b5-43a4-8b5d-d83390319e33@group-00994406B9A2->33471566-8842-41e4-bba3-9cc287622f4a-GrpcLogAppender: appendEntries Timeout, request=cf454e7e-23b5-43a4-8b5d-d83390319e33->33471566-8842-41e4-bba3-9cc287622f4a#39-t3, previous=(t:3, i:20), leaderCommit=16, initializing? false, entries: <empty>
2019-09-11 05:29:12,162 [java.util.concurrent.ThreadPoolExecutor$Worker@6e744712[State = -1, empty queue]] WARN  server.GrpcLogAppender (GrpcLogAppender.java:timeoutAppendRequest(200)) - cf454e7e-23b5-43a4-8b5d-d83390319e33@group-00994406B9A2->1085c8a3-fcd4-45c4-be46-c3757d6b46c3-GrpcLogAppender: appendEntries Timeout, request=cf454e7e-23b5-43a4-8b5d-d83390319e33->1085c8a3-fcd4-45c4-be46-c3757d6b46c3#39-t3, previous=(t:3, i:20), leaderCommit=16, initializing? false, entries: <empty>
2019-09-11 05:29:12,662 [java.util.concurrent.ThreadPoolExecutor$Worker@1ee4e89b[State = -1, empty queue]] WARN  server.GrpcLogAppender (GrpcLogAppender.java:timeoutAppendRequest(200)) - cf454e7e-23b5-43a4-8b5d-d83390319e33@group-00994406B9A2->33471566-8842-41e4-bba3-9cc287622f4a-GrpcLogAppender: appendEntries Timeout, request=cf454e7e-23b5-43a4-8b5d-d83390319e33->33471566-8842-41e4-bba3-9cc287622f4a#40-t3, previous=(t:3, i:20), leaderCommit=16, initializing? false, entries: <empty>
2019-09-11 05:29:12,662 [java.util.concurrent.ThreadPoolExecutor$Worker@6e744712[State = -1, empty queue]] WARN  server.GrpcLogAppender (GrpcLogAppender.java:timeoutAppendRequest(200)) - cf454e7e-23b5-43a4-8b5d-d83390319e33@group-00994406B9A2->1085c8a3-fcd4-45c4-be46-c3757d6b46c3-GrpcLogAppender: appendEntries Timeout, request=cf454e7e-23b5-43a4-8b5d-d83390319e33->1085c8a3-fcd4-45c4-be46-c3757d6b46c3#40-t3, previous=(t:3, i:20), leaderCommit=16, initializing? false, entries: <empty>
2019-09-11 05:29:13,163 [java.util.concurrent.ThreadPoolExecutor$Worker@6e744712[State = -1, empty queue]] WARN  server.GrpcLogAppender (GrpcLogAppender.java:timeoutAppendRequest(200)) - cf454e7e-23b5-43a4-8b5d-d83390319e33@group-00994406B9A2->1085c8a3-fcd4-45c4-be46-c3757d6b46c3-GrpcLogAppender: appendEntries Timeout, request=cf454e7e-23b5-43a4-8b5d-d83390319e33->1085c8a3-fcd4-45c4-be46-c3757d6b46c3#41-t3, previous=(t:3, i:20), leaderCommit=16, initializing? false, entries: <empty>
2019-09-11 05:29:13,163 [java.util.concurrent.ThreadPoolExecutor$Worker@1ee4e89b[State = -1, empty queue]] WARN  server.GrpcLogAppender (GrpcLogAppender.java:timeoutAppendRequest(200)) - cf454e7e-23b5-43a4-8b5d-d83390319e33@group-00994406B9A2->33471566-8842-41e4-bba3-9cc287622f4a-GrpcLogAppender: appendEntries Timeout, request=cf454e7e-23b5-43a4-8b5d-d83390319e33->33471566-8842-41e4-bba3-9cc287622f4a#41-t3, previous=(t:3, i:20), leaderCommit=16, initializing? false, entries: <empty>
2019-09-11 05:29:13,664 [java.util.concurrent.ThreadPoolExecutor$Worker@1ee4e89b[State = -1, empty queue]] WARN  server.GrpcLogAppender (GrpcLogAppender.java:timeoutAppendRequest(200)) - cf454e7e-23b5-43a4-8b5d-d83390319e33@group-00994406B9A2->33471566-8842-41e4-bba3-9cc287622f4a-GrpcLogAppender: appendEntries Timeout, request=cf454e7e-23b5-43a4-8b5d-d83390319e33->33471566-8842-41e4-bba3-9cc287622f4a#42-t3, previous=(t:3, i:20), leaderCommit=16, initializing? false, entries: <empty>
2019-09-11 05:29:13,664 [java.util.concurrent.ThreadPoolExecutor$Worker@6e744712[State = -1, empty queue]] WARN  server.GrpcLogAppender (GrpcLogAppender.java:timeoutAppendRequest(200)) - cf454e7e-23b5-43a4-8b5d-d83390319e33@group-00994406B9A2->1085c8a3-fcd4-45c4-be46-c3757d6b46c3-GrpcLogAppender: appendEntries Timeout, request=cf454e7e-23b5-43a4-8b5d-d83390319e33->1085c8a3-fcd4-45c4-be46-c3757d6b46c3#42-t3, previous=(t:3, i:20), leaderCommit=16, initializing? false, entries: <empty>
2019-09-11 05:29:14,164 [java.util.concurrent.ThreadPoolExecutor$Worker@6e744712[State = -1, empty queue]] WARN  server.GrpcLogAppender (GrpcLogAppender.java:timeoutAppendRequest(200)) - cf454e7e-23b5-43a4-8b5d-d83390319e33@group-00994406B9A2->1085c8a3-fcd4-45c4-be46-c3757d6b46c3-GrpcLogAppender: appendEntries Timeout, request=cf454e7e-23b5-43a4-8b5d-d83390319e33->1085c8a3-fcd4-45c4-be46-c3757d6b46c3#43-t3, previous=(t:3, i:20), leaderCommit=16, initializing? false, entries: <empty>
2019-09-11 05:29:14,164 [java.util.concurrent.ThreadPoolExecutor$Worker@1ee4e89b[State = -1, empty queue]] WARN  server.GrpcLogAppender (GrpcLogAppender.java:timeoutAppendRequest(200)) - cf454e7e-23b5-43a4-8b5d-d83390319e33@group-00994406B9A2->33471566-8842-41e4-bba3-9cc287622f4a-GrpcLogAppender: appendEntries Timeout, request=cf454e7e-23b5-43a4-8b5d-d83390319e33->33471566-8842-41e4-bba3-9cc287622f4a#43-t3, previous=(t:3, i:20), leaderCommit=16, initializing? false, entries: <empty>
2019-09-11 05:29:14,665 [java.util.concurrent.ThreadPoolExecutor$Worker@6e744712[State = -1, empty queue]] WARN  server.GrpcLogAppender (GrpcLogAppender.java:timeoutAppendRequest(200)) - cf454e7e-23b5-43a4-8b5d-d83390319e33@group-00994406B9A2->1085c8a3-fcd4-45c4-be46-c3757d6b46c3-GrpcLogAppender: appendEntries Timeout, request=cf454e7e-23b5-43a4-8b5d-d83390319e33->1085c8a3-fcd4-45c4-be46-c3757d6b46c3#44-t3, previous=(t:3, i:20), leaderCommit=16, initializing? false, entries: <empty>
2019-09-11 05:29:14,665 [java.util.concurrent.ThreadPoolExecutor$Worker@1ee4e89b[State = -1, empty queue]] WARN  server.GrpcLogAppender (GrpcLogAppender.java:timeoutAppendRequest(200)) - cf454e7e-23b5-43a4-8b5d-d83390319e33@group-00994406B9A2->33471566-8842-41e4-bba3-9cc287622f4a-GrpcLogAppender: appendEntries Timeout, request=cf454e7e-23b5-43a4-8b5d-d83390319e33->33471566-8842-41e4-bba3-9cc287622f4a#44-t3, previous=(t:3, i:20), leaderCommit=16, initializing? false, entries: <empty>
2019-09-11 05:29:15,167 [java.util.concurrent.ThreadPoolExecutor$Worker@6e744712[State = -1, empty queue]] WARN  server.GrpcLogAppender (GrpcLogAppender.java:timeoutAppendRequest(200)) - cf454e7e-23b5-43a4-8b5d-d83390319e33@group-00994406B9A2->1085c8a3-fcd4-45c4-be46-c3757d6b46c3-GrpcLogAppender: appendEntries Timeout, request=cf454e7e-23b5-43a4-8b5d-d83390319e33->1085c8a3-fcd4-45c4-be46-c3757d6b46c3#45-t3, previous=(t:3, i:20), leaderCommit=16, initializing? false, entries: <empty>
2019-09-11 05:29:15,167 [java.util.concurrent.ThreadPoolExecutor$Worker@1ee4e89b[State = -1, empty queue]] WARN  server.GrpcLogAppender (GrpcLogAppender.java:timeoutAppendRequest(200)) - cf454e7e-23b5-43a4-8b5d-d83390319e33@group-00994406B9A2->33471566-8842-41e4-bba3-9cc287622f4a-GrpcLogAppender: appendEntries Timeout, request=cf454e7e-23b5-43a4-8b5d-d83390319e33->33471566-8842-41e4-bba3-9cc287622f4a#45-t3, previous=(t:3, i:20), leaderCommit=16, initializing? false, entries: <empty>
2019-09-11 05:29:15,667 [java.util.concurrent.ThreadPoolExecutor$Worker@6e744712[State = -1, empty queue]] WARN  server.GrpcLogAppender (GrpcLogAppender.java:timeoutAppendRequest(200)) - cf454e7e-23b5-43a4-8b5d-d83390319e33@group-00994406B9A2->1085c8a3-fcd4-45c4-be46-c3757d6b46c3-GrpcLogAppender: appendEntries Timeout, request=cf454e7e-23b5-43a4-8b5d-d83390319e33->1085c8a3-fcd4-45c4-be46-c3757d6b46c3#46-t3, previous=(t:3, i:20), leaderCommit=16, initializing? false, entries: <empty>
2019-09-11 05:29:15,667 [java.util.concurrent.ThreadPoolExecutor$Worker@1ee4e89b[State = -1, empty queue]] WARN  server.GrpcLogAppender (GrpcLogAppender.java:timeoutAppendRequest(200)) - cf454e7e-23b5-43a4-8b5d-d83390319e33@group-00994406B9A2->33471566-8842-41e4-bba3-9cc287622f4a-GrpcLogAppender: appendEntries Timeout, request=cf454e7e-23b5-43a4-8b5d-d83390319e33->33471566-8842-41e4-bba3-9cc287622f4a#46-t3, previous=(t:3, i:20), leaderCommit=16, initializing? false, entries: <empty>
2019-09-11 05:29:15,810 [grpc-default-executor-1] INFO  client.GrpcClientProtocolClient (GrpcClientProtocolClient.java:onNext(264)) - client-51C1F636924D->1085c8a3-fcd4-45c4-be46-c3757d6b46c3: receive RaftClientReply:client-51C1F636924D->1085c8a3-fcd4-45c4-be46-c3757d6b46c3@group-00994406B9A2, cid=28, FAILED org.apache.ratis.protocol.NotLeaderException: Server 1085c8a3-fcd4-45c4-be46-c3757d6b46c3@group-00994406B9A2 is not the leader cf454e7e-23b5-43a4-8b5d-d83390319e33:192.168.36.125:43699, logIndex=0, commits[1085c8a3-fcd4-45c4-be46-c3757d6b46c3:c16, 33471566-8842-41e4-bba3-9cc287622f4a:c12, cf454e7e-23b5-43a4-8b5d-d83390319e33:c16]
2019-09-11 05:29:16,168 [java.util.concurrent.ThreadPoolExecutor$Worker@6e744712[State = -1, empty queue]] WARN  server.GrpcLogAppender (GrpcLogAppender.java:timeoutAppendRequest(200)) - cf454e7e-23b5-43a4-8b5d-d83390319e33@group-00994406B9A2->1085c8a3-fcd4-45c4-be46-c3757d6b46c3-GrpcLogAppender: appendEntries Timeout, request=cf454e7e-23b5-43a4-8b5d-d83390319e33->1085c8a3-fcd4-45c4-be46-c3757d6b46c3#47-t3, previous=(t:3, i:20), leaderCommit=16, initializing? false, entries: <empty>
2019-09-11 05:29:16,168 [java.util.concurrent.ThreadPoolExecutor$Worker@1ee4e89b[State = -1, empty queue]] WARN  server.GrpcLogAppender (GrpcLogAppender.java:timeoutAppendRequest(200)) - cf454e7e-23b5-43a4-8b5d-d83390319e33@group-00994406B9A2->33471566-8842-41e4-bba3-9cc287622f4a-GrpcLogAppender: appendEntries Timeout, request=cf454e7e-23b5-43a4-8b5d-d83390319e33->33471566-8842-41e4-bba3-9cc287622f4a#47-t3, previous=(t:3, i:20), leaderCommit=16, initializing? false, entries: <empty>
2019-09-11 05:29:16,668 [java.util.concurrent.ThreadPoolExecutor$Worker@6e744712[State = -1, empty queue]] WARN  server.GrpcLogAppender (GrpcLogAppender.java:timeoutAppendRequest(200)) - cf454e7e-23b5-43a4-8b5d-d83390319e33@group-00994406B9A2->1085c8a3-fcd4-45c4-be46-c3757d6b46c3-GrpcLogAppender: appendEntries Timeout, request=cf454e7e-23b5-43a4-8b5d-d83390319e33->1085c8a3-fcd4-45c4-be46-c3757d6b46c3#48-t3, previous=(t:3, i:20), leaderCommit=16, initializing? false, entries: <empty>
2019-09-11 05:29:16,668 [java.util.concurrent.ThreadPoolExecutor$Worker@1ee4e89b[State = -1, empty queue]] WARN  server.GrpcLogAppender (GrpcLogAppender.java:timeoutAppendRequest(200)) - cf454e7e-23b5-43a4-8b5d-d83390319e33@group-00994406B9A2->33471566-8842-41e4-bba3-9cc287622f4a-GrpcLogAppender: appendEntries Timeout, request=cf454e7e-23b5-43a4-8b5d-d83390319e33->33471566-8842-41e4-bba3-9cc287622f4a#48-t3, previous=(t:3, i:20), leaderCommit=16, initializing? false, entries: <empty>
2019-09-11 05:29:17,169 [java.util.concurrent.ThreadPoolExecutor$Worker@6e744712[State = -1, empty queue]] WARN  server.GrpcLogAppender (GrpcLogAppender.java:timeoutAppendRequest(200)) - cf454e7e-23b5-43a4-8b5d-d83390319e33@group-00994406B9A2->1085c8a3-fcd4-45c4-be46-c3757d6b46c3-GrpcLogAppender: appendEntries Timeout, request=cf454e7e-23b5-43a4-8b5d-d83390319e33->1085c8a3-fcd4-45c4-be46-c3757d6b46c3#49-t3, previous=(t:3, i:20), leaderCommit=16, initializing? false, entries: <empty>
2019-09-11 05:29:17,169 [java.util.concurrent.ThreadPoolExecutor$Worker@1ee4e89b[State = -1, empty queue]] WARN  server.GrpcLogAppender (GrpcLogAppender.java:timeoutAppendRequest(200)) - cf454e7e-23b5-43a4-8b5d-d83390319e33@group-00994406B9A2->33471566-8842-41e4-bba3-9cc287622f4a-GrpcLogAppender: appendEntries Timeout, request=cf454e7e-23b5-43a4-8b5d-d83390319e33->33471566-8842-41e4-bba3-9cc287622f4a#49-t3, previous=(t:3, i:20), leaderCommit=16, initializing? false, entries: <empty>
2019-09-11 05:29:17,669 [java.util.concurrent.ThreadPoolExecutor$Worker@6e744712[State = -1, empty queue]] WARN  server.GrpcLogAppender (GrpcLogAppender.java:timeoutAppendRequest(200)) - cf454e7e-23b5-43a4-8b5d-d83390319e33@group-00994406B9A2->1085c8a3-fcd4-45c4-be46-c3757d6b46c3-GrpcLogAppender: appendEntries Timeout, request=cf454e7e-23b5-43a4-8b5d-d83390319e33->1085c8a3-fcd4-45c4-be46-c3757d6b46c3#50-t3, previous=(t:3, i:20), leaderCommit=16, initializing? false, entries: <empty>
2019-09-11 05:29:17,669 [java.util.concurrent.ThreadPoolExecutor$Worker@1ee4e89b[State = -1, empty queue]] WARN  server.GrpcLogAppender (GrpcLogAppender.java:timeoutAppendRequest(200)) - cf454e7e-23b5-43a4-8b5d-d83390319e33@group-00994406B9A2->33471566-8842-41e4-bba3-9cc287622f4a-GrpcLogAppender: appendEntries Timeout, request=cf454e7e-23b5-43a4-8b5d-d83390319e33->33471566-8842-41e4-bba3-9cc287622f4a#50-t3, previous=(t:3, i:20), leaderCommit=16, initializing? false, entries: <empty>
2019-09-11 05:29:18,169 [java.util.concurrent.ThreadPoolExecutor$Worker@1ee4e89b[State = -1, empty queue]] WARN  server.GrpcLogAppender (GrpcLogAppender.java:timeoutAppendRequest(200)) - cf454e7e-23b5-43a4-8b5d-d83390319e33@group-00994406B9A2->33471566-8842-41e4-bba3-9cc287622f4a-GrpcLogAppender: appendEntries Timeout, request=cf454e7e-23b5-43a4-8b5d-d83390319e33->33471566-8842-41e4-bba3-9cc287622f4a#51-t3, previous=(t:3, i:20), leaderCommit=16, initializing? false, entries: <empty>
2019-09-11 05:29:18,169 [java.util.concurrent.ThreadPoolExecutor$Worker@6e744712[State = -1, empty queue]] WARN  server.GrpcLogAppender (GrpcLogAppender.java:timeoutAppendRequest(200)) - cf454e7e-23b5-43a4-8b5d-d83390319e33@group-00994406B9A2->1085c8a3-fcd4-45c4-be46-c3757d6b46c3-GrpcLogAppender: appendEntries Timeout, request=cf454e7e-23b5-43a4-8b5d-d83390319e33->1085c8a3-fcd4-45c4-be46-c3757d6b46c3#51-t3, previous=(t:3, i:20), leaderCommit=16, initializing? false, entries: <empty>
2019-09-11 05:29:18,670 [java.util.concurrent.ThreadPoolExecutor$Worker@6e744712[State = -1, empty queue]] WARN  server.GrpcLogAppender (GrpcLogAppender.java:timeoutAppendRequest(200)) - cf454e7e-23b5-43a4-8b5d-d83390319e33@group-00994406B9A2->1085c8a3-fcd4-45c4-be46-c3757d6b46c3-GrpcLogAppender: appendEntries Timeout, request=cf454e7e-23b5-43a4-8b5d-d83390319e33->1085c8a3-fcd4-45c4-be46-c3757d6b46c3#52-t3, previous=(t:3, i:20), leaderCommit=16, initializing? false, entries: <empty>
2019-09-11 05:29:18,670 [java.util.concurrent.ThreadPoolExecutor$Worker@1ee4e89b[State = -1, empty queue]] WARN  server.GrpcLogAppender (GrpcLogAppender.java:timeoutAppendRequest(200)) - cf454e7e-23b5-43a4-8b5d-d83390319e33@group-00994406B9A2->33471566-8842-41e4-bba3-9cc287622f4a-GrpcLogAppender: appendEntries Timeout, request=cf454e7e-23b5-43a4-8b5d-d83390319e33->33471566-8842-41e4-bba3-9cc287622f4a#52-t3, previous=(t:3, i:20), leaderCommit=16, initializing? false, entries: <empty>
2019-09-11 05:29:18,872 [main] WARN  io.KeyOutputStream (KeyOutputStream.java:handleException(276)) - Encountered exception java.io.IOException: Unexpected Storage Container Exception: java.util.concurrent.CompletionException: java.util.concurrent.CompletionException: org.apache.ratis.protocol.RaftRetryFailureException: Failed RaftClientRequest:client-51C1F636924D->cf454e7e-23b5-43a4-8b5d-d83390319e33@group-00994406B9A2, cid=28, seq=9*, RW, org.apache.hadoop.hdds.scm.XceiverClientRatis$$Lambda$478/787298292@3948bad1 for 10 attempts with RetryLimited(maxAttempts=10, sleepTime=1000ms) on the pipeline Pipeline[ Id: 76751961-850d-4a95-84e1-00994406b9a2, Nodes: cf454e7e-23b5-43a4-8b5d-d83390319e33{ip: 192.168.36.125, host: trunk-nightly-20190911-vpfxm-1000144475, networkLocation: /default-rack, certSerialId: null}1085c8a3-fcd4-45c4-be46-c3757d6b46c3{ip: 192.168.36.125, host: trunk-nightly-20190911-vpfxm-1000144475, networkLocation: /default-rack, certSerialId: null}33471566-8842-41e4-bba3-9cc287622f4a{ip: 192.168.36.125, host: trunk-nightly-20190911-vpfxm-1000144475, networkLocation: /default-rack, certSerialId: null}, Type:RATIS, Factor:THREE, State:OPEN]. The last committed block length is 0, uncommitted data length is 2097152 retry count 0
2019-09-11 05:29:18,911 [grpc-default-executor-2] INFO  client.GrpcClientProtocolClient (GrpcClientProtocolClient.java:onNext(264)) - client-876F6FC8C029->fa5ee157-3b80-4774-adcc-f01234ebded8: receive RaftClientReply:client-876F6FC8C029->fa5ee157-3b80-4774-adcc-f01234ebded8@group-DBCF7A494882, cid=32, FAILED org.apache.ratis.protocol.NotLeaderException: Server fa5ee157-3b80-4774-adcc-f01234ebded8@group-DBCF7A494882 is not the leader 4923db37-afc5-4a4b-9e0e-3e0e64c6efbc:192.168.36.125:35475, logIndex=0, commits[fa5ee157-3b80-4774-adcc-f01234ebded8:c0, b5c94862-e767-4e3a-a577-422bae381862:c0, 4923db37-afc5-4a4b-9e0e-3e0e64c6efbc:c0]
2019-09-11 05:29:19,113 [grpc-default-executor-1] INFO  client.GrpcClientProtocolClient (GrpcClientProtocolClient.java:onNext(264)) - client-876F6FC8C029->4923db37-afc5-4a4b-9e0e-3e0e64c6efbc: receive RaftClientReply:client-876F6FC8C029->4923db37-afc5-4a4b-9e0e-3e0e64c6efbc@group-DBCF7A494882, cid=32, SUCCESS, logIndex=1, commits[4923db37-afc5-4a4b-9e0e-3e0e64c6efbc:c1, b5c94862-e767-4e3a-a577-422bae381862:c0, fa5ee157-3b80-4774-adcc-f01234ebded8:c0]
2019-09-11 05:29:19,172 [java.util.concurrent.ThreadPoolExecutor$Worker@1ee4e89b[State = -1, empty queue]] WARN  server.GrpcLogAppender (GrpcLogAppender.java:timeoutAppendRequest(200)) - cf454e7e-23b5-43a4-8b5d-d83390319e33@group-00994406B9A2->33471566-8842-41e4-bba3-9cc287622f4a-GrpcLogAppender: appendEntries Timeout, request=cf454e7e-23b5-43a4-8b5d-d83390319e33->33471566-8842-41e4-bba3-9cc287622f4a#53-t3, previous=(t:3, i:20), leaderCommit=16, initializing? false, entries: <empty>
2019-09-11 05:29:19,173 [grpc-default-executor-2] INFO  client.GrpcClientProtocolClient (GrpcClientProtocolClient.java:onNext(264)) - client-876F6FC8C029->4923db37-afc5-4a4b-9e0e-3e0e64c6efbc: receive RaftClientReply:client-876F6FC8C029->4923db37-afc5-4a4b-9e0e-3e0e64c6efbc@group-DBCF7A494882, cid=33, SUCCESS, logIndex=3, commits[4923db37-afc5-4a4b-9e0e-3e0e64c6efbc:c7, b5c94862-e767-4e3a-a577-422bae381862:c4, fa5ee157-3b80-4774-adcc-f01234ebded8:c4]
2019-09-11 05:29:19,172 [java.util.concurrent.ThreadPoolExecutor$Worker@6e744712[State = -1, empty queue]] WARN  server.GrpcLogAppender (GrpcLogAppender.java:timeoutAppendRequest(200)) - cf454e7e-23b5-43a4-8b5d-d83390319e33@group-00994406B9A2->1085c8a3-fcd4-45c4-be46-c3757d6b46c3-GrpcLogAppender: appendEntries Timeout, request=cf454e7e-23b5-43a4-8b5d-d83390319e33->1085c8a3-fcd4-45c4-be46-c3757d6b46c3#53-t3, previous=(t:3, i:20), leaderCommit=16, initializing? false, entries: <empty>
2019-09-11 05:29:19,184 [grpc-default-executor-2] INFO  client.GrpcClientProtocolClient (GrpcClientProtocolClient.java:onNext(264)) - client-876F6FC8C029->4923db37-afc5-4a4b-9e0e-3e0e64c6efbc: receive RaftClientReply:client-876F6FC8C029->4923db37-afc5-4a4b-9e0e-3e0e64c6efbc@group-DBCF7A494882, cid=34, SUCCESS, logIndex=4, commits[4923db37-afc5-4a4b-9e0e-3e0e64c6efbc:c7, b5c94862-e767-4e3a-a577-422bae381862:c4, fa5ee157-3b80-4774-adcc-f01234ebded8:c4]
2019-09-11 05:29:19,233 [grpc-default-executor-4] INFO  client.GrpcClientProtocolClient (GrpcClientProtocolClient.java:onNext(264)) - client-876F6FC8C029->4923db37-afc5-4a4b-9e0e-3e0e64c6efbc: receive RaftClientReply:client-876F6FC8C029->4923db37-afc5-4a4b-9e0e-3e0e64c6efbc@group-DBCF7A494882, cid=35, SUCCESS, logIndex=5, commits[4923db37-afc5-4a4b-9e0e-3e0e64c6efbc:c7, b5c94862-e767-4e3a-a577-422bae381862:c4, fa5ee157-3b80-4774-adcc-f01234ebded8:c4]
2019-09-11 05:29:19,295 [grpc-default-executor-4] INFO  client.GrpcClientProtocolClient (GrpcClientProtocolClient.java:onNext(264)) - client-876F6FC8C029->4923db37-afc5-4a4b-9e0e-3e0e64c6efbc: receive RaftClientReply:client-876F6FC8C029->4923db37-afc5-4a4b-9e0e-3e0e64c6efbc@group-DBCF7A494882, cid=36, SUCCESS, logIndex=8, commits[4923db37-afc5-4a4b-9e0e-3e0e64c6efbc:c9, b5c94862-e767-4e3a-a577-422bae381862:c7, fa5ee157-3b80-4774-adcc-f01234ebded8:c7]
2019-09-11 05:29:19,296 [grpc-default-executor-4] INFO  client.GrpcClientProtocolClient (GrpcClientProtocolClient.java:onNext(264)) - client-876F6FC8C029->4923db37-afc5-4a4b-9e0e-3e0e64c6efbc: receive RaftClientReply:client-876F6FC8C029->4923db37-afc5-4a4b-9e0e-3e0e64c6efbc@group-DBCF7A494882, cid=37, SUCCESS, logIndex=9, commits[4923db37-afc5-4a4b-9e0e-3e0e64c6efbc:c9, b5c94862-e767-4e3a-a577-422bae381862:c7, fa5ee157-3b80-4774-adcc-f01234ebded8:c7]
2019-09-11 05:29:19,510 [grpc-default-executor-2] INFO  client.GrpcClientProtocolClient (GrpcClientProtocolClient.java:onNext(264)) - client-876F6FC8C029->4923db37-afc5-4a4b-9e0e-3e0e64c6efbc: receive RaftClientReply:client-876F6FC8C029->4923db37-afc5-4a4b-9e0e-3e0e64c6efbc@group-DBCF7A494882, cid=38, SUCCESS, logIndex=12, commits[4923db37-afc5-4a4b-9e0e-3e0e64c6efbc:c13, b5c94862-e767-4e3a-a577-422bae381862:c11, fa5ee157-3b80-4774-adcc-f01234ebded8:c11]
2019-09-11 05:29:19,511 [grpc-default-executor-2] INFO  client.GrpcClientProtocolClient (GrpcClientProtocolClient.java:onNext(264)) - client-876F6FC8C029->4923db37-afc5-4a4b-9e0e-3e0e64c6efbc: receive RaftClientReply:client-876F6FC8C029->4923db37-afc5-4a4b-9e0e-3e0e64c6efbc@group-DBCF7A494882, cid=39, SUCCESS, logIndex=13, commits[4923db37-afc5-4a4b-9e0e-3e0e64c6efbc:c13, b5c94862-e767-4e3a-a577-422bae381862:c11, fa5ee157-3b80-4774-adcc-f01234ebded8:c11]
2019-09-11 05:29:19,525 [grpc-default-executor-2] INFO  client.GrpcClientProtocolClient (GrpcClientProtocolClient.java:onNext(264)) - client-876F6FC8C029->4923db37-afc5-4a4b-9e0e-3e0e64c6efbc: receive RaftClientReply:client-876F6FC8C029->4923db37-afc5-4a4b-9e0e-3e0e64c6efbc@group-DBCF7A494882, cid=40, SUCCESS, logIndex=0, commits[4923db37-afc5-4a4b-9e0e-3e0e64c6efbc:c14, b5c94862-e767-4e3a-a577-422bae381862:c13, fa5ee157-3b80-4774-adcc-f01234ebded8:c13]
2019-09-11 05:29:19,673 [java.util.concurrent.ThreadPoolExecutor$Worker@1ee4e89b[State = -1, empty queue]] WARN  server.GrpcLogAppender (GrpcLogAppender.java:timeoutAppendRequest(200)) - cf454e7e-23b5-43a4-8b5d-d83390319e33@group-00994406B9A2->33471566-8842-41e4-bba3-9cc287622f4a-GrpcLogAppender: appendEntries Timeout, request=cf454e7e-23b5-43a4-8b5d-d83390319e33->33471566-8842-41e4-bba3-9cc287622f4a#54-t3, previous=(t:3, i:20), leaderCommit=16, initializing? false, entries: <empty>
2019-09-11 05:29:19,673 [java.util.concurrent.ThreadPoolExecutor$Worker@6e744712[State = -1, empty queue]] WARN  server.GrpcLogAppender (GrpcLogAppender.java:timeoutAppendRequest(200)) - cf454e7e-23b5-43a4-8b5d-d83390319e33@group-00994406B9A2->1085c8a3-fcd4-45c4-be46-c3757d6b46c3-GrpcLogAppender: appendEntries Timeout, request=cf454e7e-23b5-43a4-8b5d-d83390319e33->1085c8a3-fcd4-45c4-be46-c3757d6b46c3#54-t3, previous=(t:3, i:20), leaderCommit=16, initializing? false, entries: <empty>
2019-09-11 05:29:20,176 [java.util.concurrent.ThreadPoolExecutor$Worker@1ee4e89b[State = -1, empty queue]] WARN  server.GrpcLogAppender (GrpcLogAppender.java:timeoutAppendRequest(200)) - cf454e7e-23b5-43a4-8b5d-d83390319e33@group-00994406B9A2->33471566-8842-41e4-bba3-9cc287622f4a-GrpcLogAppender: appendEntries Timeout, request=cf454e7e-23b5-43a4-8b5d-d83390319e33->33471566-8842-41e4-bba3-9cc287622f4a#55-t3, previous=(t:3, i:20), leaderCommit=16, initializing? false, entries: <empty>
2019-09-11 05:29:20,176 [java.util.concurrent.ThreadPoolExecutor$Worker@6e744712[State = -1, empty queue]] WARN  server.GrpcLogAppender (GrpcLogAppender.java:timeoutAppendRequest(200)) - cf454e7e-23b5-43a4-8b5d-d83390319e33@group-00994406B9A2->1085c8a3-fcd4-45c4-be46-c3757d6b46c3-GrpcLogAppender: appendEntries Timeout, request=cf454e7e-23b5-43a4-8b5d-d83390319e33->1085c8a3-fcd4-45c4-be46-c3757d6b46c3#55-t3, previous=(t:3, i:20), leaderCommit=16, initializing? false, entries: <empty>
2019-09-11 05:29:20,676 [java.util.concurrent.ThreadPoolExecutor$Worker@6e744712[State = -1, empty queue]] WARN  server.GrpcLogAppender (GrpcLogAppender.java:timeoutAppendRequest(200)) - cf454e7e-23b5-43a4-8b5d-d83390319e33@group-00994406B9A2->1085c8a3-fcd4-45c4-be46-c3757d6b46c3-GrpcLogAppender: appendEntries Timeout, request=cf454e7e-23b5-43a4-8b5d-d83390319e33->1085c8a3-fcd4-45c4-be46-c3757d6b46c3#56-t3, previous=(t:3, i:20), leaderCommit=16, initializing? false, entries: <empty>
2019-09-11 05:29:20,677 [java.util.concurrent.ThreadPoolExecutor$Worker@1ee4e89b[State = -1, empty queue]] WARN  server.GrpcLogAppender (GrpcLogAppender.java:timeoutAppendRequest(200)) - cf454e7e-23b5-43a4-8b5d-d83390319e33@group-00994406B9A2->33471566-8842-41e4-bba3-9cc287622f4a-GrpcLogAppender: appendEntries Timeout, request=cf454e7e-23b5-43a4-8b5d-d83390319e33->33471566-8842-41e4-bba3-9cc287622f4a#56-t3, previous=(t:3, i:20), leaderCommit=16, initializing? false, entries: <empty>
2019-09-11 05:29:20,942 [1085c8a3-fcd4-45c4-be46-c3757d6b46c3@group-00994406B9A2-SegmentedRaftLogWorker] WARN  segmented.SegmentedRaftLogWorker (SegmentedRaftLogWorker.java:getFromFuture(90)) - Timeout 1/~
org.apache.ratis.protocol.TimeoutIOException: Timeout 10s: WriteLog:19: (t:3, i:19), STATEMACHINELOGENTRY, client-51C1F636924D, cid=30-writeStateMachineData
	at org.apache.ratis.util.IOUtils.getFromFuture(IOUtils.java:87)
	at org.apache.ratis.server.raftlog.segmented.SegmentedRaftLogWorker$StateMachineDataPolicy.getFromFuture(SegmentedRaftLogWorker.java:87)
	at org.apache.ratis.server.raftlog.segmented.SegmentedRaftLogWorker$WriteLog.execute(SegmentedRaftLogWorker.java:477)
	at org.apache.ratis.server.raftlog.segmented.SegmentedRaftLogWorker.run(SegmentedRaftLogWorker.java:289)
	at java.lang.Thread.run(Thread.java:748)
Caused by: java.util.concurrent.TimeoutException
	at java.util.concurrent.CompletableFuture.timedGet(CompletableFuture.java:1771)
	at java.util.concurrent.CompletableFuture.get(CompletableFuture.java:1915)
	at org.apache.ratis.util.IOUtils.getFromFuture(IOUtils.java:79)
	... 4 more
2019-09-11 05:29:20,946 [33471566-8842-41e4-bba3-9cc287622f4a@group-00994406B9A2-SegmentedRaftLogWorker] WARN  segmented.SegmentedRaftLogWorker (SegmentedRaftLogWorker.java:getFromFuture(90)) - Timeout 1/~
org.apache.ratis.protocol.TimeoutIOException: Timeout 10s: WriteLog:19: (t:3, i:19), STATEMACHINELOGENTRY, client-51C1F636924D, cid=30-writeStateMachineData
	at org.apache.ratis.util.IOUtils.getFromFuture(IOUtils.java:87)
	at org.apache.ratis.server.raftlog.segmented.SegmentedRaftLogWorker$StateMachineDataPolicy.getFromFuture(SegmentedRaftLogWorker.java:87)
	at org.apache.ratis.server.raftlog.segmented.SegmentedRaftLogWorker$WriteLog.execute(SegmentedRaftLogWorker.java:477)
	at org.apache.ratis.server.raftlog.segmented.SegmentedRaftLogWorker.run(SegmentedRaftLogWorker.java:289)
	at java.lang.Thread.run(Thread.java:748)
Caused by: java.util.concurrent.TimeoutException
	at java.util.concurrent.CompletableFuture.timedGet(CompletableFuture.java:1771)
	at java.util.concurrent.CompletableFuture.get(CompletableFuture.java:1915)
	at org.apache.ratis.util.IOUtils.getFromFuture(IOUtils.java:79)
	... 4 more
2019-09-11 05:29:20,946 [cf454e7e-23b5-43a4-8b5d-d83390319e33@group-00994406B9A2-SegmentedRaftLogWorker] WARN  segmented.SegmentedRaftLogWorker (SegmentedRaftLogWorker.java:getFromFuture(90)) - Timeout 1/~
org.apache.ratis.protocol.TimeoutIOException: Timeout 10s: WriteLog:19: (t:3, i:19), STATEMACHINELOGENTRY, client-51C1F636924D, cid=30-writeStateMachineData
	at org.apache.ratis.util.IOUtils.getFromFuture(IOUtils.java:87)
	at org.apache.ratis.server.raftlog.segmented.SegmentedRaftLogWorker$StateMachineDataPolicy.getFromFuture(SegmentedRaftLogWorker.java:87)
	at org.apache.ratis.server.raftlog.segmented.SegmentedRaftLogWorker$WriteLog.execute(SegmentedRaftLogWorker.java:477)
	at org.apache.ratis.server.raftlog.segmented.SegmentedRaftLogWorker.run(SegmentedRaftLogWorker.java:289)
	at java.lang.Thread.run(Thread.java:748)
Caused by: java.util.concurrent.TimeoutException
	at java.util.concurrent.CompletableFuture.timedGet(CompletableFuture.java:1771)
	at java.util.concurrent.CompletableFuture.get(CompletableFuture.java:1915)
	at org.apache.ratis.util.IOUtils.getFromFuture(IOUtils.java:79)
	... 4 more
2019-09-11 05:29:21,179 [java.util.concurrent.ThreadPoolExecutor$Worker@1ee4e89b[State = -1, empty queue]] WARN  server.GrpcLogAppender (GrpcLogAppender.java:timeoutAppendRequest(200)) - cf454e7e-23b5-43a4-8b5d-d83390319e33@group-00994406B9A2->33471566-8842-41e4-bba3-9cc287622f4a-GrpcLogAppender: appendEntries Timeout, request=cf454e7e-23b5-43a4-8b5d-d83390319e33->33471566-8842-41e4-bba3-9cc287622f4a#57-t3, previous=(t:3, i:20), leaderCommit=16, initializing? false, entries: <empty>
2019-09-11 05:29:21,179 [java.util.concurrent.ThreadPoolExecutor$Worker@6e744712[State = -1, empty queue]] WARN  server.GrpcLogAppender (GrpcLogAppender.java:timeoutAppendRequest(200)) - cf454e7e-23b5-43a4-8b5d-d83390319e33@group-00994406B9A2->1085c8a3-fcd4-45c4-be46-c3757d6b46c3-GrpcLogAppender: appendEntries Timeout, request=cf454e7e-23b5-43a4-8b5d-d83390319e33->1085c8a3-fcd4-45c4-be46-c3757d6b46c3#57-t3, previous=(t:3, i:20), leaderCommit=16, initializing? false, entries: <empty>
2019-09-11 05:29:21,680 [java.util.concurrent.ThreadPoolExecutor$Worker@1ee4e89b[State = -1, empty queue]] WARN  server.GrpcLogAppender (GrpcLogAppender.java:timeoutAppendRequest(200)) - cf454e7e-23b5-43a4-8b5d-d83390319e33@group-00994406B9A2->33471566-8842-41e4-bba3-9cc287622f4a-GrpcLogAppender: appendEntries Timeout, request=cf454e7e-23b5-43a4-8b5d-d83390319e33->33471566-8842-41e4-bba3-9cc287622f4a#58-t3, previous=(t:3, i:20), leaderCommit=16, initializing? false, entries: <empty>
2019-09-11 05:29:21,680 [java.util.concurrent.ThreadPoolExecutor$Worker@6e744712[State = -1, empty queue]] WARN  server.GrpcLogAppender (GrpcLogAppender.java:timeoutAppendRequest(200)) - cf454e7e-23b5-43a4-8b5d-d83390319e33@group-00994406B9A2->1085c8a3-fcd4-45c4-be46-c3757d6b46c3-GrpcLogAppender: appendEntries Timeout, request=cf454e7e-23b5-43a4-8b5d-d83390319e33->1085c8a3-fcd4-45c4-be46-c3757d6b46c3#58-t3, previous=(t:3, i:20), leaderCommit=16, initializing? false, entries: <empty>
2019-09-11 05:29:22,183 [java.util.concurrent.ThreadPoolExecutor$Worker@6e744712[State = -1, empty queue]] WARN  server.GrpcLogAppender (GrpcLogAppender.java:timeoutAppendRequest(200)) - cf454e7e-23b5-43a4-8b5d-d83390319e33@group-00994406B9A2->1085c8a3-fcd4-45c4-be46-c3757d6b46c3-GrpcLogAppender: appendEntries Timeout, request=cf454e7e-23b5-43a4-8b5d-d83390319e33->1085c8a3-fcd4-45c4-be46-c3757d6b46c3#59-t3, previous=(t:3, i:20), leaderCommit=16, initializing? false, entries: <empty>
2019-09-11 05:29:22,183 [java.util.concurrent.ThreadPoolExecutor$Worker@1ee4e89b[State = -1, empty queue]] WARN  server.GrpcLogAppender (GrpcLogAppender.java:timeoutAppendRequest(200)) - cf454e7e-23b5-43a4-8b5d-d83390319e33@group-00994406B9A2->33471566-8842-41e4-bba3-9cc287622f4a-GrpcLogAppender: appendEntries Timeout, request=cf454e7e-23b5-43a4-8b5d-d83390319e33->33471566-8842-41e4-bba3-9cc287622f4a#59-t3, previous=(t:3, i:20), leaderCommit=16, initializing? false, entries: <empty>
2019-09-11 05:29:22,538 [java.util.concurrent.ThreadPoolExecutor$Worker@51c3d2cc[State = -1, empty queue]] WARN  server.GrpcLogAppender (GrpcLogAppender.java:timeoutAppendRequest(200)) - 4923db37-afc5-4a4b-9e0e-3e0e64c6efbc@group-DBCF7A494882->fa5ee157-3b80-4774-adcc-f01234ebded8-GrpcLogAppender: appendEntries Timeout, request=4923db37-afc5-4a4b-9e0e-3e0e64c6efbc->fa5ee157-3b80-4774-adcc-f01234ebded8#58-t2, previous=(t:2, i:15), leaderCommit=15, initializing? false, entries: size=1, first=(t:2, i:16), STATEMACHINELOGENTRY, client-876F6FC8C029, cid=41
2019-09-11 05:29:22,538 [java.util.concurrent.ThreadPoolExecutor$Worker@15c0b703[State = -1, empty queue]] WARN  server.GrpcLogAppender (GrpcLogAppender.java:timeoutAppendRequest(200)) - 4923db37-afc5-4a4b-9e0e-3e0e64c6efbc@group-DBCF7A494882->b5c94862-e767-4e3a-a577-422bae381862-GrpcLogAppender: appendEntries Timeout, request=4923db37-afc5-4a4b-9e0e-3e0e64c6efbc->b5c94862-e767-4e3a-a577-422bae381862#58-t2, previous=(t:2, i:15), leaderCommit=15, initializing? false, entries: size=1, first=(t:2, i:16), STATEMACHINELOGENTRY, client-876F6FC8C029, cid=41
2019-09-11 05:29:22,539 [java.util.concurrent.ThreadPoolExecutor$Worker@51c3d2cc[State = -1, empty queue]] WARN  server.GrpcLogAppender (GrpcLogAppender.java:timeoutAppendRequest(200)) - 4923db37-afc5-4a4b-9e0e-3e0e64c6efbc@group-DBCF7A494882->fa5ee157-3b80-4774-adcc-f01234ebded8-GrpcLogAppender: appendEntries Timeout, request=4923db37-afc5-4a4b-9e0e-3e0e64c6efbc->fa5ee157-3b80-4774-adcc-f01234ebded8#59-t2, previous=(t:2, i:16), leaderCommit=15, initializing? false, entries: size=1, first=(t:2, i:17), STATEMACHINELOGENTRY, client-876F6FC8C029, cid=42
2019-09-11 05:29:22,542 [java.util.concurrent.ThreadPoolExecutor$Worker@15c0b703[State = -1, empty queue]] WARN  server.GrpcLogAppender (GrpcLogAppender.java:timeoutAppendRequest(200)) - 4923db37-afc5-4a4b-9e0e-3e0e64c6efbc@group-DBCF7A494882->b5c94862-e767-4e3a-a577-422bae381862-GrpcLogAppender: appendEntries Timeout, request=4923db37-afc5-4a4b-9e0e-3e0e64c6efbc->b5c94862-e767-4e3a-a577-422bae381862#59-t2, previous=(t:2, i:16), leaderCommit=15, initializing? false, entries: size=1, first=(t:2, i:17), STATEMACHINELOGENTRY, client-876F6FC8C029, cid=42
2019-09-11 05:29:22,545 [java.util.concurrent.ThreadPoolExecutor$Worker@15c0b703[State = -1, empty queue]] WARN  server.GrpcLogAppender (GrpcLogAppender.java:timeoutAppendRequest(200)) - 4923db37-afc5-4a4b-9e0e-3e0e64c6efbc@group-DBCF7A494882->b5c94862-e767-4e3a-a577-422bae381862-GrpcLogAppender: appendEntries Timeout, request=4923db37-afc5-4a4b-9e0e-3e0e64c6efbc->b5c94862-e767-4e3a-a577-422bae381862#60-t2, previous=(t:2, i:17), leaderCommit=15, initializing? false, entries: size=1, first=(t:2, i:18), STATEMACHINELOGENTRY, client-876F6FC8C029, cid=43
2019-09-11 05:29:22,546 [java.util.concurrent.ThreadPoolExecutor$Worker@51c3d2cc[State = -1, empty queue]] WARN  server.GrpcLogAppender (GrpcLogAppender.java:timeoutAppendRequest(200)) - 4923db37-afc5-4a4b-9e0e-3e0e64c6efbc@group-DBCF7A494882->fa5ee157-3b80-4774-adcc-f01234ebded8-GrpcLogAppender: appendEntries Timeout, request=4923db37-afc5-4a4b-9e0e-3e0e64c6efbc->fa5ee157-3b80-4774-adcc-f01234ebded8#60-t2, previous=(t:2, i:17), leaderCommit=15, initializing? false, entries: size=1, first=(t:2, i:18), STATEMACHINELOGENTRY, client-876F6FC8C029, cid=43
2019-09-11 05:29:22,549 [java.util.concurrent.ThreadPoolExecutor$Worker@15c0b703[State = -1, empty queue]] WARN  server.GrpcLogAppender (GrpcLogAppender.java:timeoutAppendRequest(200)) - 4923db37-afc5-4a4b-9e0e-3e0e64c6efbc@group-DBCF7A494882->b5c94862-e767-4e3a-a577-422bae381862-GrpcLogAppender: appendEntries Timeout, request=4923db37-afc5-4a4b-9e0e-3e0e64c6efbc->b5c94862-e767-4e3a-a577-422bae381862#61-t2, previous=(t:2, i:18), leaderCommit=15, initializing? false, entries: size=1, first=(t:2, i:19), STATEMACHINELOGENTRY, client-876F6FC8C029, cid=44
2019-09-11 05:29:22,552 [java.util.concurrent.ThreadPoolExecutor$Worker@51c3d2cc[State = -1, empty queue]] WARN  server.GrpcLogAppender (GrpcLogAppender.java:timeoutAppendRequest(200)) - 4923db37-afc5-4a4b-9e0e-3e0e64c6efbc@group-DBCF7A494882->fa5ee157-3b80-4774-adcc-f01234ebded8-GrpcLogAppender: appendEntries Timeout, request=4923db37-afc5-4a4b-9e0e-3e0e64c6efbc->fa5ee157-3b80-4774-adcc-f01234ebded8#61-t2, previous=(t:2, i:18), leaderCommit=15, initializing? false, entries: size=1, first=(t:2, i:19), STATEMACHINELOGENTRY, client-876F6FC8C029, cid=44
2019-09-11 05:29:22,684 [java.util.concurrent.ThreadPoolExecutor$Worker@6e744712[State = -1, empty queue]] WARN  server.GrpcLogAppender (GrpcLogAppender.java:timeoutAppendRequest(200)) - cf454e7e-23b5-43a4-8b5d-d83390319e33@group-00994406B9A2->1085c8a3-fcd4-45c4-be46-c3757d6b46c3-GrpcLogAppender: appendEntries Timeout, request=cf454e7e-23b5-43a4-8b5d-d83390319e33->1085c8a3-fcd4-45c4-be46-c3757d6b46c3#60-t3, previous=(t:3, i:20), leaderCommit=16, initializing? false, entries: <empty>
2019-09-11 05:29:22,684 [java.util.concurrent.ThreadPoolExecutor$Worker@1ee4e89b[State = -1, empty queue]] WARN  server.GrpcLogAppender (GrpcLogAppender.java:timeoutAppendRequest(200)) - cf454e7e-23b5-43a4-8b5d-d83390319e33@group-00994406B9A2->33471566-8842-41e4-bba3-9cc287622f4a-GrpcLogAppender: appendEntries Timeout, request=cf454e7e-23b5-43a4-8b5d-d83390319e33->33471566-8842-41e4-bba3-9cc287622f4a#60-t3, previous=(t:3, i:20), leaderCommit=16, initializing? false, entries: <empty>
2019-09-11 05:29:23,046 [java.util.concurrent.ThreadPoolExecutor$Worker@15c0b703[State = -1, empty queue]] WARN  server.GrpcLogAppender (GrpcLogAppender.java:timeoutAppendRequest(200)) - 4923db37-afc5-4a4b-9e0e-3e0e64c6efbc@group-DBCF7A494882->b5c94862-e767-4e3a-a577-422bae381862-GrpcLogAppender: appendEntries Timeout, request=4923db37-afc5-4a4b-9e0e-3e0e64c6efbc->b5c94862-e767-4e3a-a577-422bae381862#62-t2, previous=(t:2, i:19), leaderCommit=15, initializing? false, entries: <empty>
2019-09-11 05:29:23,046 [java.util.concurrent.ThreadPoolExecutor$Worker@51c3d2cc[State = -1, empty queue]] WARN  server.GrpcLogAppender (GrpcLogAppender.java:timeoutAppendRequest(200)) - 4923db37-afc5-4a4b-9e0e-3e0e64c6efbc@group-DBCF7A494882->fa5ee157-3b80-4774-adcc-f01234ebded8-GrpcLogAppender: appendEntries Timeout, request=4923db37-afc5-4a4b-9e0e-3e0e64c6efbc->fa5ee157-3b80-4774-adcc-f01234ebded8#62-t2, previous=(t:2, i:19), leaderCommit=15, initializing? false, entries: <empty>
2019-09-11 05:29:23,184 [java.util.concurrent.ThreadPoolExecutor$Worker@6e744712[State = -1, empty queue]] WARN  server.GrpcLogAppender (GrpcLogAppender.java:timeoutAppendRequest(200)) - cf454e7e-23b5-43a4-8b5d-d83390319e33@group-00994406B9A2->1085c8a3-fcd4-45c4-be46-c3757d6b46c3-GrpcLogAppender: appendEntries Timeout, request=cf454e7e-23b5-43a4-8b5d-d83390319e33->1085c8a3-fcd4-45c4-be46-c3757d6b46c3#61-t3, previous=(t:3, i:20), leaderCommit=16, initializing? false, entries: <empty>
2019-09-11 05:29:23,184 [java.util.concurrent.ThreadPoolExecutor$Worker@1ee4e89b[State = -1, empty queue]] WARN  server.GrpcLogAppender (GrpcLogAppender.java:timeoutAppendRequest(200)) - cf454e7e-23b5-43a4-8b5d-d83390319e33@group-00994406B9A2->33471566-8842-41e4-bba3-9cc287622f4a-GrpcLogAppender: appendEntries Timeout, request=cf454e7e-23b5-43a4-8b5d-d83390319e33->33471566-8842-41e4-bba3-9cc287622f4a#61-t3, previous=(t:3, i:20), leaderCommit=16, initializing? false, entries: <empty>
2019-09-11 05:29:23,546 [java.util.concurrent.ThreadPoolExecutor$Worker@15c0b703[State = -1, empty queue]] WARN  server.GrpcLogAppender (GrpcLogAppender.java:timeoutAppendRequest(200)) - 4923db37-afc5-4a4b-9e0e-3e0e64c6efbc@group-DBCF7A494882->b5c94862-e767-4e3a-a577-422bae381862-GrpcLogAppender: appendEntries Timeout, request=4923db37-afc5-4a4b-9e0e-3e0e64c6efbc->b5c94862-e767-4e3a-a577-422bae381862#63-t2, previous=(t:2, i:19), leaderCommit=15, initializing? false, entries: <empty>
2019-09-11 05:29:23,547 [java.util.concurrent.ThreadPoolExecutor$Worker@51c3d2cc[State = -1, empty queue]] WARN  server.GrpcLogAppender (GrpcLogAppender.java:timeoutAppendRequest(200)) - 4923db37-afc5-4a4b-9e0e-3e0e64c6efbc@group-DBCF7A494882->fa5ee157-3b80-4774-adcc-f01234ebded8-GrpcLogAppender: appendEntries Timeout, request=4923db37-afc5-4a4b-9e0e-3e0e64c6efbc->fa5ee157-3b80-4774-adcc-f01234ebded8#63-t2, previous=(t:2, i:19), leaderCommit=15, initializing? false, entries: <empty>
2019-09-11 05:29:23,685 [java.util.concurrent.ThreadPoolExecutor$Worker@1ee4e89b[State = -1, empty queue]] WARN  server.GrpcLogAppender (GrpcLogAppender.java:timeoutAppendRequest(200)) - cf454e7e-23b5-43a4-8b5d-d83390319e33@group-00994406B9A2->33471566-8842-41e4-bba3-9cc287622f4a-GrpcLogAppender: appendEntries Timeout, request=cf454e7e-23b5-43a4-8b5d-d83390319e33->33471566-8842-41e4-bba3-9cc287622f4a#62-t3, previous=(t:3, i:20), leaderCommit=16, initializing? false, entries: <empty>
2019-09-11 05:29:23,685 [java.util.concurrent.ThreadPoolExecutor$Worker@6e744712[State = -1, empty queue]] WARN  server.GrpcLogAppender (GrpcLogAppender.java:timeoutAppendRequest(200)) - cf454e7e-23b5-43a4-8b5d-d83390319e33@group-00994406B9A2->1085c8a3-fcd4-45c4-be46-c3757d6b46c3-GrpcLogAppender: appendEntries Timeout, request=cf454e7e-23b5-43a4-8b5d-d83390319e33->1085c8a3-fcd4-45c4-be46-c3757d6b46c3#62-t3, previous=(t:3, i:20), leaderCommit=16, initializing? false, entries: <empty>
2019-09-11 05:29:24,047 [java.util.concurrent.ThreadPoolExecutor$Worker@15c0b703[State = -1, empty queue]] WARN  server.GrpcLogAppender (GrpcLogAppender.java:timeoutAppendRequest(200)) - 4923db37-afc5-4a4b-9e0e-3e0e64c6efbc@group-DBCF7A494882->b5c94862-e767-4e3a-a577-422bae381862-GrpcLogAppender: appendEntries Timeout, request=4923db37-afc5-4a4b-9e0e-3e0e64c6efbc->b5c94862-e767-4e3a-a577-422bae381862#64-t2, previous=(t:2, i:19), leaderCommit=15, initializing? false, entries: <empty>
2019-09-11 05:29:24,047 [java.util.concurrent.ThreadPoolExecutor$Worker@51c3d2cc[State = -1, empty queue]] WARN  server.GrpcLogAppender (GrpcLogAppender.java:timeoutAppendRequest(200)) - 4923db37-afc5-4a4b-9e0e-3e0e64c6efbc@group-DBCF7A494882->fa5ee157-3b80-4774-adcc-f01234ebded8-GrpcLogAppender: appendEntries Timeout, request=4923db37-afc5-4a4b-9e0e-3e0e64c6efbc->fa5ee157-3b80-4774-adcc-f01234ebded8#64-t2, previous=(t:2, i:19), leaderCommit=15, initializing? false, entries: <empty>
2019-09-11 05:29:24,185 [java.util.concurrent.ThreadPoolExecutor$Worker@1ee4e89b[State = -1, empty queue]] WARN  server.GrpcLogAppender (GrpcLogAppender.java:timeoutAppendRequest(200)) - cf454e7e-23b5-43a4-8b5d-d83390319e33@group-00994406B9A2->33471566-8842-41e4-bba3-9cc287622f4a-GrpcLogAppender: appendEntries Timeout, request=cf454e7e-23b5-43a4-8b5d-d83390319e33->33471566-8842-41e4-bba3-9cc287622f4a#63-t3, previous=(t:3, i:20), leaderCommit=16, initializing? false, entries: <empty>
2019-09-11 05:29:24,185 [java.util.concurrent.ThreadPoolExecutor$Worker@6e744712[State = -1, empty queue]] WARN  server.GrpcLogAppender (GrpcLogAppender.java:timeoutAppendRequest(200)) - cf454e7e-23b5-43a4-8b5d-d83390319e33@group-00994406B9A2->1085c8a3-fcd4-45c4-be46-c3757d6b46c3-GrpcLogAppender: appendEntries Timeout, request=cf454e7e-23b5-43a4-8b5d-d83390319e33->1085c8a3-fcd4-45c4-be46-c3757d6b46c3#63-t3, previous=(t:3, i:20), leaderCommit=16, initializing? false, entries: <empty>
2019-09-11 05:29:24,547 [java.util.concurrent.ThreadPoolExecutor$Worker@15c0b703[State = -1, empty queue]] WARN  server.GrpcLogAppender (GrpcLogAppender.java:timeoutAppendRequest(200)) - 4923db37-afc5-4a4b-9e0e-3e0e64c6efbc@group-DBCF7A494882->b5c94862-e767-4e3a-a577-422bae381862-GrpcLogAppender: appendEntries Timeout, request=4923db37-afc5-4a4b-9e0e-3e0e64c6efbc->b5c94862-e767-4e3a-a577-422bae381862#65-t2, previous=(t:2, i:19), leaderCommit=15, initializing? false, entries: <empty>
2019-09-11 05:29:24,547 [java.util.concurrent.ThreadPoolExecutor$Worker@51c3d2cc[State = -1, empty queue]] WARN  server.GrpcLogAppender (GrpcLogAppender.java:timeoutAppendRequest(200)) - 4923db37-afc5-4a4b-9e0e-3e0e64c6efbc@group-DBCF7A494882->fa5ee157-3b80-4774-adcc-f01234ebded8-GrpcLogAppender: appendEntries Timeout, request=4923db37-afc5-4a4b-9e0e-3e0e64c6efbc->fa5ee157-3b80-4774-adcc-f01234ebded8#65-t2, previous=(t:2, i:19), leaderCommit=15, initializing? false, entries: <empty>
2019-09-11 05:29:24,583 [grpc-default-executor-5] INFO  client.GrpcClientProtocolClient (GrpcClientProtocolClient.java:onNext(264)) - client-876F6FC8C029->fa5ee157-3b80-4774-adcc-f01234ebded8: receive RaftClientReply:client-876F6FC8C029->fa5ee157-3b80-4774-adcc-f01234ebded8@group-DBCF7A494882, cid=41, FAILED org.apache.ratis.protocol.NotLeaderException: Server fa5ee157-3b80-4774-adcc-f01234ebded8@group-DBCF7A494882 is not the leader 4923db37-afc5-4a4b-9e0e-3e0e64c6efbc:192.168.36.125:35475, logIndex=0, commits[fa5ee157-3b80-4774-adcc-f01234ebded8:c15, b5c94862-e767-4e3a-a577-422bae381862:c13, 4923db37-afc5-4a4b-9e0e-3e0e64c6efbc:c15]
2019-09-11 05:29:24,685 [java.util.concurrent.ThreadPoolExecutor$Worker@6e744712[State = -1, empty queue]] WARN  server.GrpcLogAppender (GrpcLogAppender.java:timeoutAppendRequest(200)) - cf454e7e-23b5-43a4-8b5d-d83390319e33@group-00994406B9A2->1085c8a3-fcd4-45c4-be46-c3757d6b46c3-GrpcLogAppender: appendEntries Timeout, request=cf454e7e-23b5-43a4-8b5d-d83390319e33->1085c8a3-fcd4-45c4-be46-c3757d6b46c3#64-t3, previous=(t:3, i:20), leaderCommit=16, initializing? false, entries: <empty>
2019-09-11 05:29:24,685 [java.util.concurrent.ThreadPoolExecutor$Worker@1ee4e89b[State = -1, empty queue]] WARN  server.GrpcLogAppender (GrpcLogAppender.java:timeoutAppendRequest(200)) - cf454e7e-23b5-43a4-8b5d-d83390319e33@group-00994406B9A2->33471566-8842-41e4-bba3-9cc287622f4a-GrpcLogAppender: appendEntries Timeout, request=cf454e7e-23b5-43a4-8b5d-d83390319e33->33471566-8842-41e4-bba3-9cc287622f4a#64-t3, previous=(t:3, i:20), leaderCommit=16, initializing? false, entries: <empty>
2019-09-11 05:29:25,048 [java.util.concurrent.ThreadPoolExecutor$Worker@51c3d2cc[State = -1, empty queue]] WARN  server.GrpcLogAppender (GrpcLogAppender.java:timeoutAppendRequest(200)) - 4923db37-afc5-4a4b-9e0e-3e0e64c6efbc@group-DBCF7A494882->fa5ee157-3b80-4774-adcc-f01234ebded8-GrpcLogAppender: appendEntries Timeout, request=4923db37-afc5-4a4b-9e0e-3e0e64c6efbc->fa5ee157-3b80-4774-adcc-f01234ebded8#66-t2, previous=(t:2, i:19), leaderCommit=15, initializing? false, entries: <empty>
2019-09-11 05:29:25,048 [java.util.concurrent.ThreadPoolExecutor$Worker@15c0b703[State = -1, empty queue]] WARN  server.GrpcLogAppender (GrpcLogAppender.java:timeoutAppendRequest(200)) - 4923db37-afc5-4a4b-9e0e-3e0e64c6efbc@group-DBCF7A494882->b5c94862-e767-4e3a-a577-422bae381862-GrpcLogAppender: appendEntries Timeout, request=4923db37-afc5-4a4b-9e0e-3e0e64c6efbc->b5c94862-e767-4e3a-a577-422bae381862#66-t2, previous=(t:2, i:19), leaderCommit=15, initializing? false, entries: <empty>
2019-09-11 05:29:25,186 [java.util.concurrent.ThreadPoolExecutor$Worker@1ee4e89b[State = -1, empty queue]] WARN  server.GrpcLogAppender (GrpcLogAppender.java:timeoutAppendRequest(200)) - cf454e7e-23b5-43a4-8b5d-d83390319e33@group-00994406B9A2->33471566-8842-41e4-bba3-9cc287622f4a-GrpcLogAppender: appendEntries Timeout, request=cf454e7e-23b5-43a4-8b5d-d83390319e33->33471566-8842-41e4-bba3-9cc287622f4a#65-t3, previous=(t:3, i:20), leaderCommit=16, initializing? false, entries: <empty>
2019-09-11 05:29:25,186 [java.util.concurrent.ThreadPoolExecutor$Worker@6e744712[State = -1, empty queue]] WARN  server.GrpcLogAppender (GrpcLogAppender.java:timeoutAppendRequest(200)) - cf454e7e-23b5-43a4-8b5d-d83390319e33@group-00994406B9A2->1085c8a3-fcd4-45c4-be46-c3757d6b46c3-GrpcLogAppender: appendEntries Timeout, request=cf454e7e-23b5-43a4-8b5d-d83390319e33->1085c8a3-fcd4-45c4-be46-c3757d6b46c3#65-t3, previous=(t:3, i:20), leaderCommit=16, initializing? false, entries: <empty>
2019-09-11 05:29:25,550 [java.util.concurrent.ThreadPoolExecutor$Worker@51c3d2cc[State = -1, empty queue]] WARN  server.GrpcLogAppender (GrpcLogAppender.java:timeoutAppendRequest(200)) - 4923db37-afc5-4a4b-9e0e-3e0e64c6efbc@group-DBCF7A494882->fa5ee157-3b80-4774-adcc-f01234ebded8-GrpcLogAppender: appendEntries Timeout, request=4923db37-afc5-4a4b-9e0e-3e0e64c6efbc->fa5ee157-3b80-4774-adcc-f01234ebded8#67-t2, previous=(t:2, i:19), leaderCommit=15, initializing? false, entries: <empty>
2019-09-11 05:29:25,555 [java.util.concurrent.ThreadPoolExecutor$Worker@15c0b703[State = -1, empty queue]] WARN  server.GrpcLogAppender (GrpcLogAppender.java:timeoutAppendRequest(200)) - 4923db37-afc5-4a4b-9e0e-3e0e64c6efbc@group-DBCF7A494882->b5c94862-e767-4e3a-a577-422bae381862-GrpcLogAppender: appendEntries Timeout, request=4923db37-afc5-4a4b-9e0e-3e0e64c6efbc->b5c94862-e767-4e3a-a577-422bae381862#67-t2, previous=(t:2, i:19), leaderCommit=15, initializing? false, entries: <empty>
2019-09-11 05:29:25,689 [java.util.concurrent.ThreadPoolExecutor$Worker@6e744712[State = -1, empty queue]] WARN  server.GrpcLogAppender (GrpcLogAppender.java:timeoutAppendRequest(200)) - cf454e7e-23b5-43a4-8b5d-d83390319e33@group-00994406B9A2->1085c8a3-fcd4-45c4-be46-c3757d6b46c3-GrpcLogAppender: appendEntries Timeout, request=cf454e7e-23b5-43a4-8b5d-d83390319e33->1085c8a3-fcd4-45c4-be46-c3757d6b46c3#66-t3, previous=(t:3, i:20), leaderCommit=16, initializing? false, entries: <empty>
2019-09-11 05:29:25,689 [java.util.concurrent.ThreadPoolExecutor$Worker@1ee4e89b[State = -1, empty queue]] WARN  server.GrpcLogAppender (GrpcLogAppender.java:timeoutAppendRequest(200)) - cf454e7e-23b5-43a4-8b5d-d83390319e33@group-00994406B9A2->33471566-8842-41e4-bba3-9cc287622f4a-GrpcLogAppender: appendEntries Timeout, request=cf454e7e-23b5-43a4-8b5d-d83390319e33->33471566-8842-41e4-bba3-9cc287622f4a#66-t3, previous=(t:3, i:20), leaderCommit=16, initializing? false, entries: <empty>
2019-09-11 05:29:26,049 [java.util.concurrent.ThreadPoolExecutor$Worker@51c3d2cc[State = -1, empty queue]] WARN  server.GrpcLogAppender (GrpcLogAppender.java:timeoutAppendRequest(200)) - 4923db37-afc5-4a4b-9e0e-3e0e64c6efbc@group-DBCF7A494882->fa5ee157-3b80-4774-adcc-f01234ebded8-GrpcLogAppender: appendEntries Timeout, request=4923db37-afc5-4a4b-9e0e-3e0e64c6efbc->fa5ee157-3b80-4774-adcc-f01234ebded8#68-t2, previous=(t:2, i:19), leaderCommit=15, initializing? false, entries: <empty>
2019-09-11 05:29:26,055 [java.util.concurrent.ThreadPoolExecutor$Worker@15c0b703[State = -1, empty queue]] WARN  server.GrpcLogAppender (GrpcLogAppender.java:timeoutAppendRequest(200)) - 4923db37-afc5-4a4b-9e0e-3e0e64c6efbc@group-DBCF7A494882->b5c94862-e767-4e3a-a577-422bae381862-GrpcLogAppender: appendEntries Timeout, request=4923db37-afc5-4a4b-9e0e-3e0e64c6efbc->b5c94862-e767-4e3a-a577-422bae381862#68-t2, previous=(t:2, i:19), leaderCommit=15, initializing? false, entries: <empty>
2019-09-11 05:29:26,189 [java.util.concurrent.ThreadPoolExecutor$Worker@6e744712[State = -1, empty queue]] WARN  server.GrpcLogAppender (GrpcLogAppender.java:timeoutAppendRequest(200)) - cf454e7e-23b5-43a4-8b5d-d83390319e33@group-00994406B9A2->1085c8a3-fcd4-45c4-be46-c3757d6b46c3-GrpcLogAppender: appendEntries Timeout, request=cf454e7e-23b5-43a4-8b5d-d83390319e33->1085c8a3-fcd4-45c4-be46-c3757d6b46c3#67-t3, previous=(t:3, i:20), leaderCommit=16, initializing? false, entries: <empty>
2019-09-11 05:29:26,189 [java.util.concurrent.ThreadPoolExecutor$Worker@1ee4e89b[State = -1, empty queue]] WARN  server.GrpcLogAppender (GrpcLogAppender.java:timeoutAppendRequest(200)) - cf454e7e-23b5-43a4-8b5d-d83390319e33@group-00994406B9A2->33471566-8842-41e4-bba3-9cc287622f4a-GrpcLogAppender: appendEntries Timeout, request=cf454e7e-23b5-43a4-8b5d-d83390319e33->33471566-8842-41e4-bba3-9cc287622f4a#67-t3, previous=(t:3, i:20), leaderCommit=16, initializing? false, entries: <empty>
2019-09-11 05:29:26,550 [java.util.concurrent.ThreadPoolExecutor$Worker@51c3d2cc[State = -1, empty queue]] WARN  server.GrpcLogAppender (GrpcLogAppender.java:timeoutAppendRequest(200)) - 4923db37-afc5-4a4b-9e0e-3e0e64c6efbc@group-DBCF7A494882->fa5ee157-3b80-4774-adcc-f01234ebded8-GrpcLogAppender: appendEntries Timeout, request=4923db37-afc5-4a4b-9e0e-3e0e64c6efbc->fa5ee157-3b80-4774-adcc-f01234ebded8#69-t2, previous=(t:2, i:19), leaderCommit=15, initializing? false, entries: <empty>
2019-09-11 05:29:26,562 [java.util.concurrent.ThreadPoolExecutor$Worker@15c0b703[State = -1, empty queue]] WARN  server.GrpcLogAppender (GrpcLogAppender.java:timeoutAppendRequest(200)) - 4923db37-afc5-4a4b-9e0e-3e0e64c6efbc@group-DBCF7A494882->b5c94862-e767-4e3a-a577-422bae381862-GrpcLogAppender: appendEntries Timeout, request=4923db37-afc5-4a4b-9e0e-3e0e64c6efbc->b5c94862-e767-4e3a-a577-422bae381862#69-t2, previous=(t:2, i:19), leaderCommit=15, initializing? false, entries: <empty>
2019-09-11 05:29:26,689 [java.util.concurrent.ThreadPoolExecutor$Worker@1ee4e89b[State = -1, empty queue]] WARN  server.GrpcLogAppender (GrpcLogAppender.java:timeoutAppendRequest(200)) - cf454e7e-23b5-43a4-8b5d-d83390319e33@group-00994406B9A2->33471566-8842-41e4-bba3-9cc287622f4a-GrpcLogAppender: appendEntries Timeout, request=cf454e7e-23b5-43a4-8b5d-d83390319e33->33471566-8842-41e4-bba3-9cc287622f4a#68-t3, previous=(t:3, i:20), leaderCommit=16, initializing? false, entries: <empty>
2019-09-11 05:29:26,689 [java.util.concurrent.ThreadPoolExecutor$Worker@6e744712[State = -1, empty queue]] WARN  server.GrpcLogAppender (GrpcLogAppender.java:timeoutAppendRequest(200)) - cf454e7e-23b5-43a4-8b5d-d83390319e33@group-00994406B9A2->1085c8a3-fcd4-45c4-be46-c3757d6b46c3-GrpcLogAppender: appendEntries Timeout, request=cf454e7e-23b5-43a4-8b5d-d83390319e33->1085c8a3-fcd4-45c4-be46-c3757d6b46c3#68-t3, previous=(t:3, i:20), leaderCommit=16, initializing? false, entries: <empty>
2019-09-11 05:29:27,050 [java.util.concurrent.ThreadPoolExecutor$Worker@51c3d2cc[State = -1, empty queue]] WARN  server.GrpcLogAppender (GrpcLogAppender.java:timeoutAppendRequest(200)) - 4923db37-afc5-4a4b-9e0e-3e0e64c6efbc@group-DBCF7A494882->fa5ee157-3b80-4774-adcc-f01234ebded8-GrpcLogAppender: appendEntries Timeout, request=4923db37-afc5-4a4b-9e0e-3e0e64c6efbc->fa5ee157-3b80-4774-adcc-f01234ebded8#70-t2, previous=(t:2, i:19), leaderCommit=15, initializing? false, entries: <empty>
2019-09-11 05:29:27,063 [java.util.concurrent.ThreadPoolExecutor$Worker@15c0b703[State = -1, empty queue]] WARN  server.GrpcLogAppender (GrpcLogAppender.java:timeoutAppendRequest(200)) - 4923db37-afc5-4a4b-9e0e-3e0e64c6efbc@group-DBCF7A494882->b5c94862-e767-4e3a-a577-422bae381862-GrpcLogAppender: appendEntries Timeout, request=4923db37-afc5-4a4b-9e0e-3e0e64c6efbc->b5c94862-e767-4e3a-a577-422bae381862#70-t2, previous=(t:2, i:19), leaderCommit=15, initializing? false, entries: <empty>
2019-09-11 05:29:27,190 [java.util.concurrent.ThreadPoolExecutor$Worker@1ee4e89b[State = -1, empty queue]] WARN  server.GrpcLogAppender (GrpcLogAppender.java:timeoutAppendRequest(200)) - cf454e7e-23b5-43a4-8b5d-d83390319e33@group-00994406B9A2->33471566-8842-41e4-bba3-9cc287622f4a-GrpcLogAppender: appendEntries Timeout, request=cf454e7e-23b5-43a4-8b5d-d83390319e33->33471566-8842-41e4-bba3-9cc287622f4a#69-t3, previous=(t:3, i:20), leaderCommit=16, initializing? false, entries: <empty>
2019-09-11 05:29:27,190 [java.util.concurrent.ThreadPoolExecutor$Worker@6e744712[State = -1, empty queue]] WARN  server.GrpcLogAppender (GrpcLogAppender.java:timeoutAppendRequest(200)) - cf454e7e-23b5-43a4-8b5d-d83390319e33@group-00994406B9A2->1085c8a3-fcd4-45c4-be46-c3757d6b46c3-GrpcLogAppender: appendEntries Timeout, request=cf454e7e-23b5-43a4-8b5d-d83390319e33->1085c8a3-fcd4-45c4-be46-c3757d6b46c3#69-t3, previous=(t:3, i:20), leaderCommit=16, initializing? false, entries: <empty>
2019-09-11 05:29:27,550 [java.util.concurrent.ThreadPoolExecutor$Worker@51c3d2cc[State = -1, empty queue]] WARN  server.GrpcLogAppender (GrpcLogAppender.java:timeoutAppendRequest(200)) - 4923db37-afc5-4a4b-9e0e-3e0e64c6efbc@group-DBCF7A494882->fa5ee157-3b80-4774-adcc-f01234ebded8-GrpcLogAppender: appendEntries Timeout, request=4923db37-afc5-4a4b-9e0e-3e0e64c6efbc->fa5ee157-3b80-4774-adcc-f01234ebded8#71-t2, previous=(t:2, i:19), leaderCommit=15, initializing? false, entries: <empty>
2019-09-11 05:29:27,569 [java.util.concurrent.ThreadPoolExecutor$Worker@15c0b703[State = -1, empty queue]] WARN  server.GrpcLogAppender (GrpcLogAppender.java:timeoutAppendRequest(200)) - 4923db37-afc5-4a4b-9e0e-3e0e64c6efbc@group-DBCF7A494882->b5c94862-e767-4e3a-a577-422bae381862-GrpcLogAppender: appendEntries Timeout, request=4923db37-afc5-4a4b-9e0e-3e0e64c6efbc->b5c94862-e767-4e3a-a577-422bae381862#71-t2, previous=(t:2, i:19), leaderCommit=15, initializing? false, entries: <empty>
2019-09-11 05:29:27,690 [java.util.concurrent.ThreadPoolExecutor$Worker@1ee4e89b[State = -1, empty queue]] WARN  server.GrpcLogAppender (GrpcLogAppender.java:timeoutAppendRequest(200)) - cf454e7e-23b5-43a4-8b5d-d83390319e33@group-00994406B9A2->33471566-8842-41e4-bba3-9cc287622f4a-GrpcLogAppender: appendEntries Timeout, request=cf454e7e-23b5-43a4-8b5d-d83390319e33->33471566-8842-41e4-bba3-9cc287622f4a#70-t3, previous=(t:3, i:20), leaderCommit=16, initializing? false, entries: <empty>
2019-09-11 05:29:27,690 [java.util.concurrent.ThreadPoolExecutor$Worker@6e744712[State = -1, empty queue]] WARN  server.GrpcLogAppender (GrpcLogAppender.java:timeoutAppendRequest(200)) - cf454e7e-23b5-43a4-8b5d-d83390319e33@group-00994406B9A2->1085c8a3-fcd4-45c4-be46-c3757d6b46c3-GrpcLogAppender: appendEntries Timeout, request=cf454e7e-23b5-43a4-8b5d-d83390319e33->1085c8a3-fcd4-45c4-be46-c3757d6b46c3#70-t3, previous=(t:3, i:20), leaderCommit=16, initializing? false, entries: <empty>
2019-09-11 05:29:28,051 [java.util.concurrent.ThreadPoolExecutor$Worker@51c3d2cc[State = -1, empty queue]] WARN  server.GrpcLogAppender (GrpcLogAppender.java:timeoutAppendRequest(200)) - 4923db37-afc5-4a4b-9e0e-3e0e64c6efbc@group-DBCF7A494882->fa5ee157-3b80-4774-adcc-f01234ebded8-GrpcLogAppender: appendEntries Timeout, request=4923db37-afc5-4a4b-9e0e-3e0e64c6efbc->fa5ee157-3b80-4774-adcc-f01234ebded8#72-t2, previous=(t:2, i:19), leaderCommit=15, initializing? false, entries: <empty>
2019-09-11 05:29:28,070 [java.util.concurrent.ThreadPoolExecutor$Worker@15c0b703[State = -1, empty queue]] WARN  server.GrpcLogAppender (GrpcLogAppender.java:timeoutAppendRequest(200)) - 4923db37-afc5-4a4b-9e0e-3e0e64c6efbc@group-DBCF7A494882->b5c94862-e767-4e3a-a577-422bae381862-GrpcLogAppender: appendEntries Timeout, request=4923db37-afc5-4a4b-9e0e-3e0e64c6efbc->b5c94862-e767-4e3a-a577-422bae381862#72-t2, previous=(t:2, i:19), leaderCommit=15, initializing? false, entries: <empty>
2019-09-11 05:29:28,191 [java.util.concurrent.ThreadPoolExecutor$Worker@1ee4e89b[State = -1, empty queue]] WARN  server.GrpcLogAppender (GrpcLogAppender.java:timeoutAppendRequest(200)) - cf454e7e-23b5-43a4-8b5d-d83390319e33@group-00994406B9A2->33471566-8842-41e4-bba3-9cc287622f4a-GrpcLogAppender: appendEntries Timeout, request=cf454e7e-23b5-43a4-8b5d-d83390319e33->33471566-8842-41e4-bba3-9cc287622f4a#71-t3, previous=(t:3, i:20), leaderCommit=16, initializing? false, entries: <empty>
2019-09-11 05:29:28,191 [java.util.concurrent.ThreadPoolExecutor$Worker@6e744712[State = -1, empty queue]] WARN  server.GrpcLogAppender (GrpcLogAppender.java:timeoutAppendRequest(200)) - cf454e7e-23b5-43a4-8b5d-d83390319e33@group-00994406B9A2->1085c8a3-fcd4-45c4-be46-c3757d6b46c3-GrpcLogAppender: appendEntries Timeout, request=cf454e7e-23b5-43a4-8b5d-d83390319e33->1085c8a3-fcd4-45c4-be46-c3757d6b46c3#71-t3, previous=(t:3, i:20), leaderCommit=16, initializing? false, entries: <empty>
2019-09-11 05:29:28,552 [java.util.concurrent.ThreadPoolExecutor$Worker@51c3d2cc[State = -1, empty queue]] WARN  server.GrpcLogAppender (GrpcLogAppender.java:timeoutAppendRequest(200)) - 4923db37-afc5-4a4b-9e0e-3e0e64c6efbc@group-DBCF7A494882->fa5ee157-3b80-4774-adcc-f01234ebded8-GrpcLogAppender: appendEntries Timeout, request=4923db37-afc5-4a4b-9e0e-3e0e64c6efbc->fa5ee157-3b80-4774-adcc-f01234ebded8#73-t2, previous=(t:2, i:19), leaderCommit=15, initializing? false, entries: <empty>
2019-09-11 05:29:28,570 [java.util.concurrent.ThreadPoolExecutor$Worker@15c0b703[State = -1, empty queue]] WARN  server.GrpcLogAppender (GrpcLogAppender.java:timeoutAppendRequest(200)) - 4923db37-afc5-4a4b-9e0e-3e0e64c6efbc@group-DBCF7A494882->b5c94862-e767-4e3a-a577-422bae381862-GrpcLogAppender: appendEntries Timeout, request=4923db37-afc5-4a4b-9e0e-3e0e64c6efbc->b5c94862-e767-4e3a-a577-422bae381862#73-t2, previous=(t:2, i:19), leaderCommit=15, initializing? false, entries: <empty>
2019-09-11 05:29:28,691 [java.util.concurrent.ThreadPoolExecutor$Worker@6e744712[State = -1, empty queue]] WARN  server.GrpcLogAppender (GrpcLogAppender.java:timeoutAppendRequest(200)) - cf454e7e-23b5-43a4-8b5d-d83390319e33@group-00994406B9A2->1085c8a3-fcd4-45c4-be46-c3757d6b46c3-GrpcLogAppender: appendEntries Timeout, request=cf454e7e-23b5-43a4-8b5d-d83390319e33->1085c8a3-fcd4-45c4-be46-c3757d6b46c3#72-t3, previous=(t:3, i:20), leaderCommit=16, initializing? false, entries: <empty>
2019-09-11 05:29:28,691 [java.util.concurrent.ThreadPoolExecutor$Worker@1ee4e89b[State = -1, empty queue]] WARN  server.GrpcLogAppender (GrpcLogAppender.java:timeoutAppendRequest(200)) - cf454e7e-23b5-43a4-8b5d-d83390319e33@group-00994406B9A2->33471566-8842-41e4-bba3-9cc287622f4a-GrpcLogAppender: appendEntries Timeout, request=cf454e7e-23b5-43a4-8b5d-d83390319e33->33471566-8842-41e4-bba3-9cc287622f4a#72-t3, previous=(t:3, i:20), leaderCommit=16, initializing? false, entries: <empty>
2019-09-11 05:29:29,052 [java.util.concurrent.ThreadPoolExecutor$Worker@51c3d2cc[State = -1, empty queue]] WARN  server.GrpcLogAppender (GrpcLogAppender.java:timeoutAppendRequest(200)) - 4923db37-afc5-4a4b-9e0e-3e0e64c6efbc@group-DBCF7A494882->fa5ee157-3b80-4774-adcc-f01234ebded8-GrpcLogAppender: appendEntries Timeout, request=4923db37-afc5-4a4b-9e0e-3e0e64c6efbc->fa5ee157-3b80-4774-adcc-f01234ebded8#74-t2, previous=(t:2, i:19), leaderCommit=15, initializing? false, entries: <empty>
2019-09-11 05:29:29,070 [java.util.concurrent.ThreadPoolExecutor$Worker@15c0b703[State = -1, empty queue]] WARN  server.GrpcLogAppender (GrpcLogAppender.java:timeoutAppendRequest(200)) - 4923db37-afc5-4a4b-9e0e-3e0e64c6efbc@group-DBCF7A494882->b5c94862-e767-4e3a-a577-422bae381862-GrpcLogAppender: appendEntries Timeout, request=4923db37-afc5-4a4b-9e0e-3e0e64c6efbc->b5c94862-e767-4e3a-a577-422bae381862#74-t2, previous=(t:2, i:19), leaderCommit=15, initializing? false, entries: <empty>
2019-09-11 05:29:29,192 [java.util.concurrent.ThreadPoolExecutor$Worker@6e744712[State = -1, empty queue]] WARN  server.GrpcLogAppender (GrpcLogAppender.java:timeoutAppendRequest(200)) - cf454e7e-23b5-43a4-8b5d-d83390319e33@group-00994406B9A2->1085c8a3-fcd4-45c4-be46-c3757d6b46c3-GrpcLogAppender: appendEntries Timeout, request=cf454e7e-23b5-43a4-8b5d-d83390319e33->1085c8a3-fcd4-45c4-be46-c3757d6b46c3#73-t3, previous=(t:3, i:20), leaderCommit=16, initializing? false, entries: <empty>
2019-09-11 05:29:29,192 [java.util.concurrent.ThreadPoolExecutor$Worker@1ee4e89b[State = -1, empty queue]] WARN  server.GrpcLogAppender (GrpcLogAppender.java:timeoutAppendRequest(200)) - cf454e7e-23b5-43a4-8b5d-d83390319e33@group-00994406B9A2->33471566-8842-41e4-bba3-9cc287622f4a-GrpcLogAppender: appendEntries Timeout, request=cf454e7e-23b5-43a4-8b5d-d83390319e33->33471566-8842-41e4-bba3-9cc287622f4a#73-t3, previous=(t:3, i:20), leaderCommit=16, initializing? false, entries: <empty>
2019-09-11 05:29:29,543 [fa5ee157-3b80-4774-adcc-f01234ebded8@group-DBCF7A494882-SegmentedRaftLogWorker] WARN  segmented.SegmentedRaftLogWorker (SegmentedRaftLogWorker.java:getFromFuture(90)) - Timeout 0/~
org.apache.ratis.protocol.TimeoutIOException: Timeout 10s: WriteLog:16: (t:2, i:16), STATEMACHINELOGENTRY, client-876F6FC8C029, cid=41-writeStateMachineData
	at org.apache.ratis.util.IOUtils.getFromFuture(IOUtils.java:87)
	at org.apache.ratis.server.raftlog.segmented.SegmentedRaftLogWorker$StateMachineDataPolicy.getFromFuture(SegmentedRaftLogWorker.java:87)
	at org.apache.ratis.server.raftlog.segmented.SegmentedRaftLogWorker$WriteLog.execute(SegmentedRaftLogWorker.java:477)
	at org.apache.ratis.server.raftlog.segmented.SegmentedRaftLogWorker.run(SegmentedRaftLogWorker.java:289)
	at java.lang.Thread.run(Thread.java:748)
Caused by: java.util.concurrent.TimeoutException
	at java.util.concurrent.CompletableFuture.timedGet(CompletableFuture.java:1771)
	at java.util.concurrent.CompletableFuture.get(CompletableFuture.java:1915)
	at org.apache.ratis.util.IOUtils.getFromFuture(IOUtils.java:79)
	... 4 more
2019-09-11 05:29:29,552 [java.util.concurrent.ThreadPoolExecutor$Worker@51c3d2cc[State = -1, empty queue]] WARN  server.GrpcLogAppender (GrpcLogAppender.java:timeoutAppendRequest(200)) - 4923db37-afc5-4a4b-9e0e-3e0e64c6efbc@group-DBCF7A494882->fa5ee157-3b80-4774-adcc-f01234ebded8-GrpcLogAppender: appendEntries Timeout, request=4923db37-afc5-4a4b-9e0e-3e0e64c6efbc->fa5ee157-3b80-4774-adcc-f01234ebded8#75-t2, previous=(t:2, i:19), leaderCommit=15, initializing? false, entries: <empty>
2019-09-11 05:29:29,571 [java.util.concurrent.ThreadPoolExecutor$Worker@15c0b703[State = -1, empty queue]] WARN  server.GrpcLogAppender (GrpcLogAppender.java:timeoutAppendRequest(200)) - 4923db37-afc5-4a4b-9e0e-3e0e64c6efbc@group-DBCF7A494882->b5c94862-e767-4e3a-a577-422bae381862-GrpcLogAppender: appendEntries Timeout, request=4923db37-afc5-4a4b-9e0e-3e0e64c6efbc->b5c94862-e767-4e3a-a577-422bae381862#75-t2, previous=(t:2, i:19), leaderCommit=15, initializing? false, entries: <empty>
2019-09-11 05:29:29,611 [b5c94862-e767-4e3a-a577-422bae381862@group-DBCF7A494882-SegmentedRaftLogWorker] WARN  segmented.SegmentedRaftLogWorker (SegmentedRaftLogWorker.java:getFromFuture(90)) - Timeout 0/~
org.apache.ratis.protocol.TimeoutIOException: Timeout 10s: WriteLog:18: (t:2, i:18), STATEMACHINELOGENTRY, client-876F6FC8C029, cid=43-writeStateMachineData
	at org.apache.ratis.util.IOUtils.getFromFuture(IOUtils.java:87)
	at org.apache.ratis.server.raftlog.segmented.SegmentedRaftLogWorker$StateMachineDataPolicy.getFromFuture(SegmentedRaftLogWorker.java:87)
	at org.apache.ratis.server.raftlog.segmented.SegmentedRaftLogWorker$WriteLog.execute(SegmentedRaftLogWorker.java:477)
	at org.apache.ratis.server.raftlog.segmented.SegmentedRaftLogWorker.run(SegmentedRaftLogWorker.java:289)
	at java.lang.Thread.run(Thread.java:748)
Caused by: java.util.concurrent.TimeoutException
	at java.util.concurrent.CompletableFuture.timedGet(CompletableFuture.java:1771)
	at java.util.concurrent.CompletableFuture.get(CompletableFuture.java:1915)
	at org.apache.ratis.util.IOUtils.getFromFuture(IOUtils.java:79)
	... 4 more
2019-09-11 05:29:29,642 [grpc-default-executor-4] INFO  client.GrpcClientProtocolClient (GrpcClientProtocolClient.java:onNext(264)) - client-876F6FC8C029->b5c94862-e767-4e3a-a577-422bae381862: receive RaftClientReply:client-876F6FC8C029->b5c94862-e767-4e3a-a577-422bae381862@group-DBCF7A494882, cid=41, FAILED org.apache.ratis.protocol.NotLeaderException: Server b5c94862-e767-4e3a-a577-422bae381862@group-DBCF7A494882 is not the leader 4923db37-afc5-4a4b-9e0e-3e0e64c6efbc:192.168.36.125:35475, logIndex=0, commits[b5c94862-e767-4e3a-a577-422bae381862:c15, fa5ee157-3b80-4774-adcc-f01234ebded8:c13, 4923db37-afc5-4a4b-9e0e-3e0e64c6efbc:c15]
2019-09-11 05:29:29,692 [java.util.concurrent.ThreadPoolExecutor$Worker@1ee4e89b[State = -1, empty queue]] WARN  server.GrpcLogAppender (GrpcLogAppender.java:timeoutAppendRequest(200)) - cf454e7e-23b5-43a4-8b5d-d83390319e33@group-00994406B9A2->33471566-8842-41e4-bba3-9cc287622f4a-GrpcLogAppender: appendEntries Timeout, request=cf454e7e-23b5-43a4-8b5d-d83390319e33->33471566-8842-41e4-bba3-9cc287622f4a#74-t3, previous=(t:3, i:20), leaderCommit=16, initializing? false, entries: <empty>
2019-09-11 05:29:29,692 [java.util.concurrent.ThreadPoolExecutor$Worker@6e744712[State = -1, empty queue]] WARN  server.GrpcLogAppender (GrpcLogAppender.java:timeoutAppendRequest(200)) - cf454e7e-23b5-43a4-8b5d-d83390319e33@group-00994406B9A2->1085c8a3-fcd4-45c4-be46-c3757d6b46c3-GrpcLogAppender: appendEntries Timeout, request=cf454e7e-23b5-43a4-8b5d-d83390319e33->1085c8a3-fcd4-45c4-be46-c3757d6b46c3#74-t3, previous=(t:3, i:20), leaderCommit=16, initializing? false, entries: <empty>
2019-09-11 05:29:29,874 [4923db37-afc5-4a4b-9e0e-3e0e64c6efbc@group-DBCF7A494882-SegmentedRaftLogWorker] WARN  segmented.SegmentedRaftLogWorker (SegmentedRaftLogWorker.java:getFromFuture(90)) - Timeout 0/~
org.apache.ratis.protocol.TimeoutIOException: Timeout 10s: WriteLog:18: (t:2, i:18), STATEMACHINELOGENTRY, client-876F6FC8C029, cid=43-writeStateMachineData
	at org.apache.ratis.util.IOUtils.getFromFuture(IOUtils.java:87)
	at org.apache.ratis.server.raftlog.segmented.SegmentedRaftLogWorker$StateMachineDataPolicy.getFromFuture(SegmentedRaftLogWorker.java:87)
	at org.apache.ratis.server.raftlog.segmented.SegmentedRaftLogWorker$WriteLog.execute(SegmentedRaftLogWorker.java:477)
	at org.apache.ratis.server.raftlog.segmented.SegmentedRaftLogWorker.run(SegmentedRaftLogWorker.java:289)
	at java.lang.Thread.run(Thread.java:748)
Caused by: java.util.concurrent.TimeoutException
	at java.util.concurrent.CompletableFuture.timedGet(CompletableFuture.java:1771)
	at java.util.concurrent.CompletableFuture.get(CompletableFuture.java:1915)
	at org.apache.ratis.util.IOUtils.getFromFuture(IOUtils.java:79)
	... 4 more
2019-09-11 05:29:30,052 [java.util.concurrent.ThreadPoolExecutor$Worker@51c3d2cc[State = -1, empty queue]] WARN  server.GrpcLogAppender (GrpcLogAppender.java:timeoutAppendRequest(200)) - 4923db37-afc5-4a4b-9e0e-3e0e64c6efbc@group-DBCF7A494882->fa5ee157-3b80-4774-adcc-f01234ebded8-GrpcLogAppender: appendEntries Timeout, request=4923db37-afc5-4a4b-9e0e-3e0e64c6efbc->fa5ee157-3b80-4774-adcc-f01234ebded8#76-t2, previous=(t:2, i:19), leaderCommit=15, initializing? false, entries: <empty>
2019-09-11 05:29:30,071 [java.util.concurrent.ThreadPoolExecutor$Worker@15c0b703[State = -1, empty queue]] WARN  server.GrpcLogAppender (GrpcLogAppender.java:timeoutAppendRequest(200)) - 4923db37-afc5-4a4b-9e0e-3e0e64c6efbc@group-DBCF7A494882->b5c94862-e767-4e3a-a577-422bae381862-GrpcLogAppender: appendEntries Timeout, request=4923db37-afc5-4a4b-9e0e-3e0e64c6efbc->b5c94862-e767-4e3a-a577-422bae381862#76-t2, previous=(t:2, i:19), leaderCommit=15, initializing? false, entries: <empty>
2019-09-11 05:29:30,193 [java.util.concurrent.ThreadPoolExecutor$Worker@1ee4e89b[State = -1, empty queue]] WARN  server.GrpcLogAppender (GrpcLogAppender.java:timeoutAppendRequest(200)) - cf454e7e-23b5-43a4-8b5d-d83390319e33@group-00994406B9A2->33471566-8842-41e4-bba3-9cc287622f4a-GrpcLogAppender: appendEntries Timeout, request=cf454e7e-23b5-43a4-8b5d-d83390319e33->33471566-8842-41e4-bba3-9cc287622f4a#75-t3, previous=(t:3, i:20), leaderCommit=16, initializing? false, entries: <empty>
2019-09-11 05:29:30,193 [java.util.concurrent.ThreadPoolExecutor$Worker@6e744712[State = -1, empty queue]] WARN  server.GrpcLogAppender (GrpcLogAppender.java:timeoutAppendRequest(200)) - cf454e7e-23b5-43a4-8b5d-d83390319e33@group-00994406B9A2->1085c8a3-fcd4-45c4-be46-c3757d6b46c3-GrpcLogAppender: appendEntries Timeout, request=cf454e7e-23b5-43a4-8b5d-d83390319e33->1085c8a3-fcd4-45c4-be46-c3757d6b46c3#75-t3, previous=(t:3, i:20), leaderCommit=16, initializing? false, entries: <empty>
2019-09-11 05:29:30,552 [java.util.concurrent.ThreadPoolExecutor$Worker@51c3d2cc[State = -1, empty queue]] WARN  server.GrpcLogAppender (GrpcLogAppender.java:timeoutAppendRequest(200)) - 4923db37-afc5-4a4b-9e0e-3e0e64c6efbc@group-DBCF7A494882->fa5ee157-3b80-4774-adcc-f01234ebded8-GrpcLogAppender: appendEntries Timeout, request=4923db37-afc5-4a4b-9e0e-3e0e64c6efbc->fa5ee157-3b80-4774-adcc-f01234ebded8#77-t2, previous=(t:2, i:19), leaderCommit=15, initializing? false, entries: <empty>
2019-09-11 05:29:30,571 [java.util.concurrent.ThreadPoolExecutor$Worker@15c0b703[State = -1, empty queue]] WARN  server.GrpcLogAppender (GrpcLogAppender.java:timeoutAppendRequest(200)) - 4923db37-afc5-4a4b-9e0e-3e0e64c6efbc@group-DBCF7A494882->b5c94862-e767-4e3a-a577-422bae381862-GrpcLogAppender: appendEntries Timeout, request=4923db37-afc5-4a4b-9e0e-3e0e64c6efbc->b5c94862-e767-4e3a-a577-422bae381862#77-t2, previous=(t:2, i:19), leaderCommit=15, initializing? false, entries: <empty>
2019-09-11 05:29:30,693 [java.util.concurrent.ThreadPoolExecutor$Worker@6e744712[State = -1, empty queue]] WARN  server.GrpcLogAppender (GrpcLogAppender.java:timeoutAppendRequest(200)) - cf454e7e-23b5-43a4-8b5d-d83390319e33@group-00994406B9A2->1085c8a3-fcd4-45c4-be46-c3757d6b46c3-GrpcLogAppender: appendEntries Timeout, request=cf454e7e-23b5-43a4-8b5d-d83390319e33->1085c8a3-fcd4-45c4-be46-c3757d6b46c3#76-t3, previous=(t:3, i:20), leaderCommit=16, initializing? false, entries: <empty>
2019-09-11 05:29:30,693 [java.util.concurrent.ThreadPoolExecutor$Worker@1ee4e89b[State = -1, empty queue]] WARN  server.GrpcLogAppender (GrpcLogAppender.java:timeoutAppendRequest(200)) - cf454e7e-23b5-43a4-8b5d-d83390319e33@group-00994406B9A2->33471566-8842-41e4-bba3-9cc287622f4a-GrpcLogAppender: appendEntries Timeout, request=cf454e7e-23b5-43a4-8b5d-d83390319e33->33471566-8842-41e4-bba3-9cc287622f4a#76-t3, previous=(t:3, i:20), leaderCommit=16, initializing? false, entries: <empty>
2019-09-11 05:29:30,943 [1085c8a3-fcd4-45c4-be46-c3757d6b46c3@group-00994406B9A2-SegmentedRaftLogWorker] WARN  segmented.SegmentedRaftLogWorker (SegmentedRaftLogWorker.java:getFromFuture(90)) - Timeout 2/~
org.apache.ratis.protocol.TimeoutIOException: Timeout 10s: WriteLog:19: (t:3, i:19), STATEMACHINELOGENTRY, client-51C1F636924D, cid=30-writeStateMachineData
	at org.apache.ratis.util.IOUtils.getFromFuture(IOUtils.java:87)
	at org.apache.ratis.server.raftlog.segmented.SegmentedRaftLogWorker$StateMachineDataPolicy.getFromFuture(SegmentedRaftLogWorker.java:87)
	at org.apache.ratis.server.raftlog.segmented.SegmentedRaftLogWorker$WriteLog.execute(SegmentedRaftLogWorker.java:477)
	at org.apache.ratis.server.raftlog.segmented.SegmentedRaftLogWorker.run(SegmentedRaftLogWorker.java:289)
	at java.lang.Thread.run(Thread.java:748)
Caused by: java.util.concurrent.TimeoutException
	at java.util.concurrent.CompletableFuture.timedGet(CompletableFuture.java:1771)
	at java.util.concurrent.CompletableFuture.get(CompletableFuture.java:1915)
	at org.apache.ratis.util.IOUtils.getFromFuture(IOUtils.java:79)
	... 4 more
2019-09-11 05:29:30,946 [33471566-8842-41e4-bba3-9cc287622f4a@group-00994406B9A2-SegmentedRaftLogWorker] WARN  segmented.SegmentedRaftLogWorker (SegmentedRaftLogWorker.java:getFromFuture(90)) - Timeout 2/~
org.apache.ratis.protocol.TimeoutIOException: Timeout 10s: WriteLog:19: (t:3, i:19), STATEMACHINELOGENTRY, client-51C1F636924D, cid=30-writeStateMachineData
	at org.apache.ratis.util.IOUtils.getFromFuture(IOUtils.java:87)
	at org.apache.ratis.server.raftlog.segmented.SegmentedRaftLogWorker$StateMachineDataPolicy.getFromFuture(SegmentedRaftLogWorker.java:87)
	at org.apache.ratis.server.raftlog.segmented.SegmentedRaftLogWorker$WriteLog.execute(SegmentedRaftLogWorker.java:477)
	at org.apache.ratis.server.raftlog.segmented.SegmentedRaftLogWorker.run(SegmentedRaftLogWorker.java:289)
	at java.lang.Thread.run(Thread.java:748)
Caused by: java.util.concurrent.TimeoutException
	at java.util.concurrent.CompletableFuture.timedGet(CompletableFuture.java:1771)
	at java.util.concurrent.CompletableFuture.get(CompletableFuture.java:1915)
	at org.apache.ratis.util.IOUtils.getFromFuture(IOUtils.java:79)
	... 4 more
2019-09-11 05:29:30,947 [cf454e7e-23b5-43a4-8b5d-d83390319e33@group-00994406B9A2-SegmentedRaftLogWorker] WARN  segmented.SegmentedRaftLogWorker (SegmentedRaftLogWorker.java:getFromFuture(90)) - Timeout 2/~
org.apache.ratis.protocol.TimeoutIOException: Timeout 10s: WriteLog:19: (t:3, i:19), STATEMACHINELOGENTRY, client-51C1F636924D, cid=30-writeStateMachineData
	at org.apache.ratis.util.IOUtils.getFromFuture(IOUtils.java:87)
	at org.apache.ratis.server.raftlog.segmented.SegmentedRaftLogWorker$StateMachineDataPolicy.getFromFuture(SegmentedRaftLogWorker.java:87)
	at org.apache.ratis.server.raftlog.segmented.SegmentedRaftLogWorker$WriteLog.execute(SegmentedRaftLogWorker.java:477)
	at org.apache.ratis.server.raftlog.segmented.SegmentedRaftLogWorker.run(SegmentedRaftLogWorker.java:289)
	at java.lang.Thread.run(Thread.java:748)
Caused by: java.util.concurrent.TimeoutException
	at java.util.concurrent.CompletableFuture.timedGet(CompletableFuture.java:1771)
	at java.util.concurrent.CompletableFuture.get(CompletableFuture.java:1915)
	at org.apache.ratis.util.IOUtils.getFromFuture(IOUtils.java:79)
	... 4 more
2019-09-11 05:29:31,052 [java.util.concurrent.ThreadPoolExecutor$Worker@51c3d2cc[State = -1, empty queue]] WARN  server.GrpcLogAppender (GrpcLogAppender.java:timeoutAppendRequest(200)) - 4923db37-afc5-4a4b-9e0e-3e0e64c6efbc@group-DBCF7A494882->fa5ee157-3b80-4774-adcc-f01234ebded8-GrpcLogAppender: appendEntries Timeout, request=4923db37-afc5-4a4b-9e0e-3e0e64c6efbc->fa5ee157-3b80-4774-adcc-f01234ebded8#78-t2, previous=(t:2, i:19), leaderCommit=15, initializing? false, entries: <empty>
2019-09-11 05:29:31,073 [java.util.concurrent.ThreadPoolExecutor$Worker@15c0b703[State = -1, empty queue]] WARN  server.GrpcLogAppender (GrpcLogAppender.java:timeoutAppendRequest(200)) - 4923db37-afc5-4a4b-9e0e-3e0e64c6efbc@group-DBCF7A494882->b5c94862-e767-4e3a-a577-422bae381862-GrpcLogAppender: appendEntries Timeout, request=4923db37-afc5-4a4b-9e0e-3e0e64c6efbc->b5c94862-e767-4e3a-a577-422bae381862#78-t2, previous=(t:2, i:19), leaderCommit=15, initializing? false, entries: <empty>
2019-09-11 05:29:31,193 [java.util.concurrent.ThreadPoolExecutor$Worker@1ee4e89b[State = -1, empty queue]] WARN  server.GrpcLogAppender (GrpcLogAppender.java:timeoutAppendRequest(200)) - cf454e7e-23b5-43a4-8b5d-d83390319e33@group-00994406B9A2->33471566-8842-41e4-bba3-9cc287622f4a-GrpcLogAppender: appendEntries Timeout, request=cf454e7e-23b5-43a4-8b5d-d83390319e33->33471566-8842-41e4-bba3-9cc287622f4a#77-t3, previous=(t:3, i:20), leaderCommit=16, initializing? false, entries: <empty>
2019-09-11 05:29:31,193 [java.util.concurrent.ThreadPoolExecutor$Worker@6e744712[State = -1, empty queue]] WARN  server.GrpcLogAppender (GrpcLogAppender.java:timeoutAppendRequest(200)) - cf454e7e-23b5-43a4-8b5d-d83390319e33@group-00994406B9A2->1085c8a3-fcd4-45c4-be46-c3757d6b46c3-GrpcLogAppender: appendEntries Timeout, request=cf454e7e-23b5-43a4-8b5d-d83390319e33->1085c8a3-fcd4-45c4-be46-c3757d6b46c3#77-t3, previous=(t:3, i:20), leaderCommit=16, initializing? false, entries: <empty>
2019-09-11 05:29:31,553 [java.util.concurrent.ThreadPoolExecutor$Worker@51c3d2cc[State = -1, empty queue]] WARN  server.GrpcLogAppender (GrpcLogAppender.java:timeoutAppendRequest(200)) - 4923db37-afc5-4a4b-9e0e-3e0e64c6efbc@group-DBCF7A494882->fa5ee157-3b80-4774-adcc-f01234ebded8-GrpcLogAppender: appendEntries Timeout, request=4923db37-afc5-4a4b-9e0e-3e0e64c6efbc->fa5ee157-3b80-4774-adcc-f01234ebded8#79-t2, previous=(t:2, i:19), leaderCommit=15, initializing? false, entries: <empty>
2019-09-11 05:29:31,572 [java.util.concurrent.ThreadPoolExecutor$Worker@15c0b703[State = -1, empty queue]] WARN  server.GrpcLogAppender (GrpcLogAppender.java:timeoutAppendRequest(200)) - 4923db37-afc5-4a4b-9e0e-3e0e64c6efbc@group-DBCF7A494882->b5c94862-e767-4e3a-a577-422bae381862-GrpcLogAppender: appendEntries Timeout, request=4923db37-afc5-4a4b-9e0e-3e0e64c6efbc->b5c94862-e767-4e3a-a577-422bae381862#79-t2, previous=(t:2, i:19), leaderCommit=15, initializing? false, entries: <empty>
2019-09-11 05:29:31,694 [java.util.concurrent.ThreadPoolExecutor$Worker@1ee4e89b[State = -1, empty queue]] WARN  server.GrpcLogAppender (GrpcLogAppender.java:timeoutAppendRequest(200)) - cf454e7e-23b5-43a4-8b5d-d83390319e33@group-00994406B9A2->33471566-8842-41e4-bba3-9cc287622f4a-GrpcLogAppender: appendEntries Timeout, request=cf454e7e-23b5-43a4-8b5d-d83390319e33->33471566-8842-41e4-bba3-9cc287622f4a#78-t3, previous=(t:3, i:20), leaderCommit=16, initializing? false, entries: <empty>
2019-09-11 05:29:31,694 [java.util.concurrent.ThreadPoolExecutor$Worker@6e744712[State = -1, empty queue]] WARN  server.GrpcLogAppender (GrpcLogAppender.java:timeoutAppendRequest(200)) - cf454e7e-23b5-43a4-8b5d-d83390319e33@group-00994406B9A2->1085c8a3-fcd4-45c4-be46-c3757d6b46c3-GrpcLogAppender: appendEntries Timeout, request=cf454e7e-23b5-43a4-8b5d-d83390319e33->1085c8a3-fcd4-45c4-be46-c3757d6b46c3#78-t3, previous=(t:3, i:20), leaderCommit=16, initializing? false, entries: <empty>
2019-09-11 05:29:32,053 [java.util.concurrent.ThreadPoolExecutor$Worker@51c3d2cc[State = -1, empty queue]] WARN  server.GrpcLogAppender (GrpcLogAppender.java:timeoutAppendRequest(200)) - 4923db37-afc5-4a4b-9e0e-3e0e64c6efbc@group-DBCF7A494882->fa5ee157-3b80-4774-adcc-f01234ebded8-GrpcLogAppender: appendEntries Timeout, request=4923db37-afc5-4a4b-9e0e-3e0e64c6efbc->fa5ee157-3b80-4774-adcc-f01234ebded8#80-t2, previous=(t:2, i:19), leaderCommit=15, initializing? false, entries: <empty>
2019-09-11 05:29:32,072 [java.util.concurrent.ThreadPoolExecutor$Worker@15c0b703[State = -1, empty queue]] WARN  server.GrpcLogAppender (GrpcLogAppender.java:timeoutAppendRequest(200)) - 4923db37-afc5-4a4b-9e0e-3e0e64c6efbc@group-DBCF7A494882->b5c94862-e767-4e3a-a577-422bae381862-GrpcLogAppender: appendEntries Timeout, request=4923db37-afc5-4a4b-9e0e-3e0e64c6efbc->b5c94862-e767-4e3a-a577-422bae381862#80-t2, previous=(t:2, i:19), leaderCommit=15, initializing? false, entries: <empty>
2019-09-11 05:29:32,194 [java.util.concurrent.ThreadPoolExecutor$Worker@6e744712[State = -1, empty queue]] WARN  server.GrpcLogAppender (GrpcLogAppender.java:timeoutAppendRequest(200)) - cf454e7e-23b5-43a4-8b5d-d83390319e33@group-00994406B9A2->1085c8a3-fcd4-45c4-be46-c3757d6b46c3-GrpcLogAppender: appendEntries Timeout, request=cf454e7e-23b5-43a4-8b5d-d83390319e33->1085c8a3-fcd4-45c4-be46-c3757d6b46c3#79-t3, previous=(t:3, i:20), leaderCommit=16, initializing? false, entries: <empty>
2019-09-11 05:29:32,194 [java.util.concurrent.ThreadPoolExecutor$Worker@1ee4e89b[State = -1, empty queue]] WARN  server.GrpcLogAppender (GrpcLogAppender.java:timeoutAppendRequest(200)) - cf454e7e-23b5-43a4-8b5d-d83390319e33@group-00994406B9A2->33471566-8842-41e4-bba3-9cc287622f4a-GrpcLogAppender: appendEntries Timeout, request=cf454e7e-23b5-43a4-8b5d-d83390319e33->33471566-8842-41e4-bba3-9cc287622f4a#79-t3, previous=(t:3, i:20), leaderCommit=16, initializing? false, entries: <empty>
2019-09-11 05:29:32,554 [java.util.concurrent.ThreadPoolExecutor$Worker@51c3d2cc[State = -1, empty queue]] WARN  server.GrpcLogAppender (GrpcLogAppender.java:timeoutAppendRequest(200)) - 4923db37-afc5-4a4b-9e0e-3e0e64c6efbc@group-DBCF7A494882->fa5ee157-3b80-4774-adcc-f01234ebded8-GrpcLogAppender: appendEntries Timeout, request=4923db37-afc5-4a4b-9e0e-3e0e64c6efbc->fa5ee157-3b80-4774-adcc-f01234ebded8#81-t2, previous=(t:2, i:19), leaderCommit=15, initializing? false, entries: <empty>
2019-09-11 05:29:32,572 [java.util.concurrent.ThreadPoolExecutor$Worker@15c0b703[State = -1, empty queue]] WARN  server.GrpcLogAppender (GrpcLogAppender.java:timeoutAppendRequest(200)) - 4923db37-afc5-4a4b-9e0e-3e0e64c6efbc@group-DBCF7A494882->b5c94862-e767-4e3a-a577-422bae381862-GrpcLogAppender: appendEntries Timeout, request=4923db37-afc5-4a4b-9e0e-3e0e64c6efbc->b5c94862-e767-4e3a-a577-422bae381862#81-t2, previous=(t:2, i:19), leaderCommit=15, initializing? false, entries: <empty>
2019-09-11 05:29:32,694 [java.util.concurrent.ThreadPoolExecutor$Worker@6e744712[State = -1, empty queue]] WARN  server.GrpcLogAppender (GrpcLogAppender.java:timeoutAppendRequest(200)) - cf454e7e-23b5-43a4-8b5d-d83390319e33@group-00994406B9A2->1085c8a3-fcd4-45c4-be46-c3757d6b46c3-GrpcLogAppender: appendEntries Timeout, request=cf454e7e-23b5-43a4-8b5d-d83390319e33->1085c8a3-fcd4-45c4-be46-c3757d6b46c3#80-t3, previous=(t:3, i:20), leaderCommit=16, initializing? false, entries: <empty>
2019-09-11 05:29:32,694 [java.util.concurrent.ThreadPoolExecutor$Worker@1ee4e89b[State = -1, empty queue]] WARN  server.GrpcLogAppender (GrpcLogAppender.java:timeoutAppendRequest(200)) - cf454e7e-23b5-43a4-8b5d-d83390319e33@group-00994406B9A2->33471566-8842-41e4-bba3-9cc287622f4a-GrpcLogAppender: appendEntries Timeout, request=cf454e7e-23b5-43a4-8b5d-d83390319e33->33471566-8842-41e4-bba3-9cc287622f4a#80-t3, previous=(t:3, i:20), leaderCommit=16, initializing? false, entries: <empty>
2019-09-11 05:29:33,054 [java.util.concurrent.ThreadPoolExecutor$Worker@51c3d2cc[State = -1, empty queue]] WARN  server.GrpcLogAppender (GrpcLogAppender.java:timeoutAppendRequest(200)) - 4923db37-afc5-4a4b-9e0e-3e0e64c6efbc@group-DBCF7A494882->fa5ee157-3b80-4774-adcc-f01234ebded8-GrpcLogAppender: appendEntries Timeout, request=4923db37-afc5-4a4b-9e0e-3e0e64c6efbc->fa5ee157-3b80-4774-adcc-f01234ebded8#82-t2, previous=(t:2, i:19), leaderCommit=15, initializing? false, entries: <empty>
2019-09-11 05:29:33,073 [java.util.concurrent.ThreadPoolExecutor$Worker@15c0b703[State = -1, empty queue]] WARN  server.GrpcLogAppender (GrpcLogAppender.java:timeoutAppendRequest(200)) - 4923db37-afc5-4a4b-9e0e-3e0e64c6efbc@group-DBCF7A494882->b5c94862-e767-4e3a-a577-422bae381862-GrpcLogAppender: appendEntries Timeout, request=4923db37-afc5-4a4b-9e0e-3e0e64c6efbc->b5c94862-e767-4e3a-a577-422bae381862#82-t2, previous=(t:2, i:19), leaderCommit=15, initializing? false, entries: <empty>
2019-09-11 05:29:33,195 [java.util.concurrent.ThreadPoolExecutor$Worker@1ee4e89b[State = -1, empty queue]] WARN  server.GrpcLogAppender (GrpcLogAppender.java:timeoutAppendRequest(200)) - cf454e7e-23b5-43a4-8b5d-d83390319e33@group-00994406B9A2->33471566-8842-41e4-bba3-9cc287622f4a-GrpcLogAppender: appendEntries Timeout, request=cf454e7e-23b5-43a4-8b5d-d83390319e33->33471566-8842-41e4-bba3-9cc287622f4a#81-t3, previous=(t:3, i:20), leaderCommit=16, initializing? false, entries: <empty>
2019-09-11 05:29:33,195 [java.util.concurrent.ThreadPoolExecutor$Worker@6e744712[State = -1, empty queue]] WARN  server.GrpcLogAppender (GrpcLogAppender.java:timeoutAppendRequest(200)) - cf454e7e-23b5-43a4-8b5d-d83390319e33@group-00994406B9A2->1085c8a3-fcd4-45c4-be46-c3757d6b46c3-GrpcLogAppender: appendEntries Timeout, request=cf454e7e-23b5-43a4-8b5d-d83390319e33->1085c8a3-fcd4-45c4-be46-c3757d6b46c3#81-t3, previous=(t:3, i:20), leaderCommit=16, initializing? false, entries: <empty>
2019-09-11 05:29:33,555 [java.util.concurrent.ThreadPoolExecutor$Worker@51c3d2cc[State = -1, empty queue]] WARN  server.GrpcLogAppender (GrpcLogAppender.java:timeoutAppendRequest(200)) - 4923db37-afc5-4a4b-9e0e-3e0e64c6efbc@group-DBCF7A494882->fa5ee157-3b80-4774-adcc-f01234ebded8-GrpcLogAppender: appendEntries Timeout, request=4923db37-afc5-4a4b-9e0e-3e0e64c6efbc->fa5ee157-3b80-4774-adcc-f01234ebded8#83-t2, previous=(t:2, i:19), leaderCommit=15, initializing? false, entries: <empty>
2019-09-11 05:29:33,573 [java.util.concurrent.ThreadPoolExecutor$Worker@15c0b703[State = -1, empty queue]] WARN  server.GrpcLogAppender (GrpcLogAppender.java:timeoutAppendRequest(200)) - 4923db37-afc5-4a4b-9e0e-3e0e64c6efbc@group-DBCF7A494882->b5c94862-e767-4e3a-a577-422bae381862-GrpcLogAppender: appendEntries Timeout, request=4923db37-afc5-4a4b-9e0e-3e0e64c6efbc->b5c94862-e767-4e3a-a577-422bae381862#83-t2, previous=(t:2, i:19), leaderCommit=15, initializing? false, entries: <empty>
2019-09-11 05:29:33,696 [java.util.concurrent.ThreadPoolExecutor$Worker@1ee4e89b[State = -1, empty queue]] WARN  server.GrpcLogAppender (GrpcLogAppender.java:timeoutAppendRequest(200)) - cf454e7e-23b5-43a4-8b5d-d83390319e33@group-00994406B9A2->33471566-8842-41e4-bba3-9cc287622f4a-GrpcLogAppender: appendEntries Timeout, request=cf454e7e-23b5-43a4-8b5d-d83390319e33->33471566-8842-41e4-bba3-9cc287622f4a#82-t3, previous=(t:3, i:20), leaderCommit=16, initializing? false, entries: <empty>
2019-09-11 05:29:33,696 [java.util.concurrent.ThreadPoolExecutor$Worker@6e744712[State = -1, empty queue]] WARN  server.GrpcLogAppender (GrpcLogAppender.java:timeoutAppendRequest(200)) - cf454e7e-23b5-43a4-8b5d-d83390319e33@group-00994406B9A2->1085c8a3-fcd4-45c4-be46-c3757d6b46c3-GrpcLogAppender: appendEntries Timeout, request=cf454e7e-23b5-43a4-8b5d-d83390319e33->1085c8a3-fcd4-45c4-be46-c3757d6b46c3#82-t3, previous=(t:3, i:20), leaderCommit=16, initializing? false, entries: <empty>
2019-09-11 05:29:34,055 [java.util.concurrent.ThreadPoolExecutor$Worker@51c3d2cc[State = -1, empty queue]] WARN  server.GrpcLogAppender (GrpcLogAppender.java:timeoutAppendRequest(200)) - 4923db37-afc5-4a4b-9e0e-3e0e64c6efbc@group-DBCF7A494882->fa5ee157-3b80-4774-adcc-f01234ebded8-GrpcLogAppender: appendEntries Timeout, request=4923db37-afc5-4a4b-9e0e-3e0e64c6efbc->fa5ee157-3b80-4774-adcc-f01234ebded8#84-t2, previous=(t:2, i:19), leaderCommit=15, initializing? false, entries: <empty>
2019-09-11 05:29:34,076 [java.util.concurrent.ThreadPoolExecutor$Worker@15c0b703[State = -1, empty queue]] WARN  server.GrpcLogAppender (GrpcLogAppender.java:timeoutAppendRequest(200)) - 4923db37-afc5-4a4b-9e0e-3e0e64c6efbc@group-DBCF7A494882->b5c94862-e767-4e3a-a577-422bae381862-GrpcLogAppender: appendEntries Timeout, request=4923db37-afc5-4a4b-9e0e-3e0e64c6efbc->b5c94862-e767-4e3a-a577-422bae381862#84-t2, previous=(t:2, i:19), leaderCommit=15, initializing? false, entries: <empty>
2019-09-11 05:29:34,195 [java.util.concurrent.ThreadPoolExecutor$Worker@1ee4e89b[State = -1, empty queue]] WARN  server.GrpcLogAppender (GrpcLogAppender.java:timeoutAppendRequest(200)) - cf454e7e-23b5-43a4-8b5d-d83390319e33@group-00994406B9A2->33471566-8842-41e4-bba3-9cc287622f4a-GrpcLogAppender: appendEntries Timeout, request=cf454e7e-23b5-43a4-8b5d-d83390319e33->33471566-8842-41e4-bba3-9cc287622f4a#83-t3, previous=(t:3, i:20), leaderCommit=16, initializing? false, entries: <empty>
2019-09-11 05:29:34,195 [java.util.concurrent.ThreadPoolExecutor$Worker@6e744712[State = -1, empty queue]] WARN  server.GrpcLogAppender (GrpcLogAppender.java:timeoutAppendRequest(200)) - cf454e7e-23b5-43a4-8b5d-d83390319e33@group-00994406B9A2->1085c8a3-fcd4-45c4-be46-c3757d6b46c3-GrpcLogAppender: appendEntries Timeout, request=cf454e7e-23b5-43a4-8b5d-d83390319e33->1085c8a3-fcd4-45c4-be46-c3757d6b46c3#83-t3, previous=(t:3, i:20), leaderCommit=16, initializing? false, entries: <empty>
2019-09-11 05:29:34,556 [java.util.concurrent.ThreadPoolExecutor$Worker@51c3d2cc[State = -1, empty queue]] WARN  server.GrpcLogAppender (GrpcLogAppender.java:timeoutAppendRequest(200)) - 4923db37-afc5-4a4b-9e0e-3e0e64c6efbc@group-DBCF7A494882->fa5ee157-3b80-4774-adcc-f01234ebded8-GrpcLogAppender: appendEntries Timeout, request=4923db37-afc5-4a4b-9e0e-3e0e64c6efbc->fa5ee157-3b80-4774-adcc-f01234ebded8#85-t2, previous=(t:2, i:19), leaderCommit=15, initializing? false, entries: <empty>
2019-09-11 05:29:34,576 [java.util.concurrent.ThreadPoolExecutor$Worker@15c0b703[State = -1, empty queue]] WARN  server.GrpcLogAppender (GrpcLogAppender.java:timeoutAppendRequest(200)) - 4923db37-afc5-4a4b-9e0e-3e0e64c6efbc@group-DBCF7A494882->b5c94862-e767-4e3a-a577-422bae381862-GrpcLogAppender: appendEntries Timeout, request=4923db37-afc5-4a4b-9e0e-3e0e64c6efbc->b5c94862-e767-4e3a-a577-422bae381862#85-t2, previous=(t:2, i:19), leaderCommit=15, initializing? false, entries: <empty>
2019-09-11 05:29:34,696 [java.util.concurrent.ThreadPoolExecutor$Worker@6e744712[State = -1, empty queue]] WARN  server.GrpcLogAppender (GrpcLogAppender.java:timeoutAppendRequest(200)) - cf454e7e-23b5-43a4-8b5d-d83390319e33@group-00994406B9A2->1085c8a3-fcd4-45c4-be46-c3757d6b46c3-GrpcLogAppender: appendEntries Timeout, request=cf454e7e-23b5-43a4-8b5d-d83390319e33->1085c8a3-fcd4-45c4-be46-c3757d6b46c3#84-t3, previous=(t:3, i:20), leaderCommit=16, initializing? false, entries: <empty>
2019-09-11 05:29:34,702 [java.util.concurrent.ThreadPoolExecutor$Worker@1ee4e89b[State = -1, empty queue]] WARN  server.GrpcLogAppender (GrpcLogAppender.java:timeoutAppendRequest(200)) - cf454e7e-23b5-43a4-8b5d-d83390319e33@group-00994406B9A2->33471566-8842-41e4-bba3-9cc287622f4a-GrpcLogAppender: appendEntries Timeout, request=cf454e7e-23b5-43a4-8b5d-d83390319e33->33471566-8842-41e4-bba3-9cc287622f4a#84-t3, previous=(t:3, i:20), leaderCommit=16, initializing? false, entries: <empty>
2019-09-11 05:29:34,720 [grpc-default-executor-4] INFO  client.GrpcClientProtocolClient (GrpcClientProtocolClient.java:onNext(264)) - client-876F6FC8C029->fa5ee157-3b80-4774-adcc-f01234ebded8: receive RaftClientReply:client-876F6FC8C029->fa5ee157-3b80-4774-adcc-f01234ebded8@group-DBCF7A494882, cid=41, FAILED org.apache.ratis.protocol.NotLeaderException: Server fa5ee157-3b80-4774-adcc-f01234ebded8@group-DBCF7A494882 is not the leader 4923db37-afc5-4a4b-9e0e-3e0e64c6efbc:192.168.36.125:35475, logIndex=0, commits[fa5ee157-3b80-4774-adcc-f01234ebded8:c15, b5c94862-e767-4e3a-a577-422bae381862:c13, 4923db37-afc5-4a4b-9e0e-3e0e64c6efbc:c15]
2019-09-11 05:29:35,056 [java.util.concurrent.ThreadPoolExecutor$Worker@51c3d2cc[State = -1, empty queue]] WARN  server.GrpcLogAppender (GrpcLogAppender.java:timeoutAppendRequest(200)) - 4923db37-afc5-4a4b-9e0e-3e0e64c6efbc@group-DBCF7A494882->fa5ee157-3b80-4774-adcc-f01234ebded8-GrpcLogAppender: appendEntries Timeout, request=4923db37-afc5-4a4b-9e0e-3e0e64c6efbc->fa5ee157-3b80-4774-adcc-f01234ebded8#86-t2, previous=(t:2, i:19), leaderCommit=15, initializing? false, entries: <empty>
2019-09-11 05:29:35,077 [java.util.concurrent.ThreadPoolExecutor$Worker@15c0b703[State = -1, empty queue]] WARN  server.GrpcLogAppender (GrpcLogAppender.java:timeoutAppendRequest(200)) - 4923db37-afc5-4a4b-9e0e-3e0e64c6efbc@group-DBCF7A494882->b5c94862-e767-4e3a-a577-422bae381862-GrpcLogAppender: appendEntries Timeout, request=4923db37-afc5-4a4b-9e0e-3e0e64c6efbc->b5c94862-e767-4e3a-a577-422bae381862#86-t2, previous=(t:2, i:19), leaderCommit=15, initializing? false, entries: <empty>
2019-09-11 05:29:35,198 [java.util.concurrent.ThreadPoolExecutor$Worker@1ee4e89b[State = -1, empty queue]] WARN  server.GrpcLogAppender (GrpcLogAppender.java:timeoutAppendRequest(200)) - cf454e7e-23b5-43a4-8b5d-d83390319e33@group-00994406B9A2->33471566-8842-41e4-bba3-9cc287622f4a-GrpcLogAppender: appendEntries Timeout, request=cf454e7e-23b5-43a4-8b5d-d83390319e33->33471566-8842-41e4-bba3-9cc287622f4a#85-t3, previous=(t:3, i:20), leaderCommit=16, initializing? false, entries: <empty>
2019-09-11 05:29:35,198 [java.util.concurrent.ThreadPoolExecutor$Worker@6e744712[State = -1, empty queue]] WARN  server.GrpcLogAppender (GrpcLogAppender.java:timeoutAppendRequest(200)) - cf454e7e-23b5-43a4-8b5d-d83390319e33@group-00994406B9A2->1085c8a3-fcd4-45c4-be46-c3757d6b46c3-GrpcLogAppender: appendEntries Timeout, request=cf454e7e-23b5-43a4-8b5d-d83390319e33->1085c8a3-fcd4-45c4-be46-c3757d6b46c3#85-t3, previous=(t:3, i:20), leaderCommit=16, initializing? false, entries: <empty>
2019-09-11 05:29:35,557 [java.util.concurrent.ThreadPoolExecutor$Worker@51c3d2cc[State = -1, empty queue]] WARN  server.GrpcLogAppender (GrpcLogAppender.java:timeoutAppendRequest(200)) - 4923db37-afc5-4a4b-9e0e-3e0e64c6efbc@group-DBCF7A494882->fa5ee157-3b80-4774-adcc-f01234ebded8-GrpcLogAppender: appendEntries Timeout, request=4923db37-afc5-4a4b-9e0e-3e0e64c6efbc->fa5ee157-3b80-4774-adcc-f01234ebded8#87-t2, previous=(t:2, i:19), leaderCommit=15, initializing? false, entries: <empty>
2019-09-11 05:29:35,577 [java.util.concurrent.ThreadPoolExecutor$Worker@15c0b703[State = -1, empty queue]] WARN  server.GrpcLogAppender (GrpcLogAppender.java:timeoutAppendRequest(200)) - 4923db37-afc5-4a4b-9e0e-3e0e64c6efbc@group-DBCF7A494882->b5c94862-e767-4e3a-a577-422bae381862-GrpcLogAppender: appendEntries Timeout, request=4923db37-afc5-4a4b-9e0e-3e0e64c6efbc->b5c94862-e767-4e3a-a577-422bae381862#87-t2, previous=(t:2, i:19), leaderCommit=15, initializing? false, entries: <empty>
2019-09-11 05:29:35,697 [java.util.concurrent.ThreadPoolExecutor$Worker@6e744712[State = -1, empty queue]] WARN  server.GrpcLogAppender (GrpcLogAppender.java:timeoutAppendRequest(200)) - cf454e7e-23b5-43a4-8b5d-d83390319e33@group-00994406B9A2->1085c8a3-fcd4-45c4-be46-c3757d6b46c3-GrpcLogAppender: appendEntries Timeout, request=cf454e7e-23b5-43a4-8b5d-d83390319e33->1085c8a3-fcd4-45c4-be46-c3757d6b46c3#86-t3, previous=(t:3, i:20), leaderCommit=16, initializing? false, entries: <empty>
2019-09-11 05:29:35,697 [java.util.concurrent.ThreadPoolExecutor$Worker@1ee4e89b[State = -1, empty queue]] WARN  server.GrpcLogAppender (GrpcLogAppender.java:timeoutAppendRequest(200)) - cf454e7e-23b5-43a4-8b5d-d83390319e33@group-00994406B9A2->33471566-8842-41e4-bba3-9cc287622f4a-GrpcLogAppender: appendEntries Timeout, request=cf454e7e-23b5-43a4-8b5d-d83390319e33->33471566-8842-41e4-bba3-9cc287622f4a#86-t3, previous=(t:3, i:20), leaderCommit=16, initializing? false, entries: <empty>
2019-09-11 05:29:36,057 [java.util.concurrent.ThreadPoolExecutor$Worker@51c3d2cc[State = -1, empty queue]] WARN  server.GrpcLogAppender (GrpcLogAppender.java:timeoutAppendRequest(200)) - 4923db37-afc5-4a4b-9e0e-3e0e64c6efbc@group-DBCF7A494882->fa5ee157-3b80-4774-adcc-f01234ebded8-GrpcLogAppender: appendEntries Timeout, request=4923db37-afc5-4a4b-9e0e-3e0e64c6efbc->fa5ee157-3b80-4774-adcc-f01234ebded8#88-t2, previous=(t:2, i:19), leaderCommit=15, initializing? false, entries: <empty>
2019-09-11 05:29:36,077 [java.util.concurrent.ThreadPoolExecutor$Worker@15c0b703[State = -1, empty queue]] WARN  server.GrpcLogAppender (GrpcLogAppender.java:timeoutAppendRequest(200)) - 4923db37-afc5-4a4b-9e0e-3e0e64c6efbc@group-DBCF7A494882->b5c94862-e767-4e3a-a577-422bae381862-GrpcLogAppender: appendEntries Timeout, request=4923db37-afc5-4a4b-9e0e-3e0e64c6efbc->b5c94862-e767-4e3a-a577-422bae381862#88-t2, previous=(t:2, i:19), leaderCommit=15, initializing? false, entries: <empty>
2019-09-11 05:29:36,197 [java.util.concurrent.ThreadPoolExecutor$Worker@1ee4e89b[State = -1, empty queue]] WARN  server.GrpcLogAppender (GrpcLogAppender.java:timeoutAppendRequest(200)) - cf454e7e-23b5-43a4-8b5d-d83390319e33@group-00994406B9A2->33471566-8842-41e4-bba3-9cc287622f4a-GrpcLogAppender: appendEntries Timeout, request=cf454e7e-23b5-43a4-8b5d-d83390319e33->33471566-8842-41e4-bba3-9cc287622f4a#87-t3, previous=(t:3, i:20), leaderCommit=16, initializing? false, entries: <empty>
2019-09-11 05:29:36,197 [java.util.concurrent.ThreadPoolExecutor$Worker@6e744712[State = -1, empty queue]] WARN  server.GrpcLogAppender (GrpcLogAppender.java:timeoutAppendRequest(200)) - cf454e7e-23b5-43a4-8b5d-d83390319e33@group-00994406B9A2->1085c8a3-fcd4-45c4-be46-c3757d6b46c3-GrpcLogAppender: appendEntries Timeout, request=cf454e7e-23b5-43a4-8b5d-d83390319e33->1085c8a3-fcd4-45c4-be46-c3757d6b46c3#87-t3, previous=(t:3, i:20), leaderCommit=16, initializing? false, entries: <empty>
2019-09-11 05:29:36,558 [java.util.concurrent.ThreadPoolExecutor$Worker@51c3d2cc[State = -1, empty queue]] WARN  server.GrpcLogAppender (GrpcLogAppender.java:timeoutAppendRequest(200)) - 4923db37-afc5-4a4b-9e0e-3e0e64c6efbc@group-DBCF7A494882->fa5ee157-3b80-4774-adcc-f01234ebded8-GrpcLogAppender: appendEntries Timeout, request=4923db37-afc5-4a4b-9e0e-3e0e64c6efbc->fa5ee157-3b80-4774-adcc-f01234ebded8#89-t2, previous=(t:2, i:19), leaderCommit=15, initializing? false, entries: <empty>
2019-09-11 05:29:36,578 [java.util.concurrent.ThreadPoolExecutor$Worker@15c0b703[State = -1, empty queue]] WARN  server.GrpcLogAppender (GrpcLogAppender.java:timeoutAppendRequest(200)) - 4923db37-afc5-4a4b-9e0e-3e0e64c6efbc@group-DBCF7A494882->b5c94862-e767-4e3a-a577-422bae381862-GrpcLogAppender: appendEntries Timeout, request=4923db37-afc5-4a4b-9e0e-3e0e64c6efbc->b5c94862-e767-4e3a-a577-422bae381862#89-t2, previous=(t:2, i:19), leaderCommit=15, initializing? false, entries: <empty>
2019-09-11 05:29:36,698 [java.util.concurrent.ThreadPoolExecutor$Worker@6e744712[State = -1, empty queue]] WARN  server.GrpcLogAppender (GrpcLogAppender.java:timeoutAppendRequest(200)) - cf454e7e-23b5-43a4-8b5d-d83390319e33@group-00994406B9A2->1085c8a3-fcd4-45c4-be46-c3757d6b46c3-GrpcLogAppender: appendEntries Timeout, request=cf454e7e-23b5-43a4-8b5d-d83390319e33->1085c8a3-fcd4-45c4-be46-c3757d6b46c3#88-t3, previous=(t:3, i:20), leaderCommit=16, initializing? false, entries: <empty>
2019-09-11 05:29:36,698 [java.util.concurrent.ThreadPoolExecutor$Worker@1ee4e89b[State = -1, empty queue]] WARN  server.GrpcLogAppender (GrpcLogAppender.java:timeoutAppendRequest(200)) - cf454e7e-23b5-43a4-8b5d-d83390319e33@group-00994406B9A2->33471566-8842-41e4-bba3-9cc287622f4a-GrpcLogAppender: appendEntries Timeout, request=cf454e7e-23b5-43a4-8b5d-d83390319e33->33471566-8842-41e4-bba3-9cc287622f4a#88-t3, previous=(t:3, i:20), leaderCommit=16, initializing? false, entries: <empty>
2019-09-11 05:29:37,058 [java.util.concurrent.ThreadPoolExecutor$Worker@51c3d2cc[State = -1, empty queue]] WARN  server.GrpcLogAppender (GrpcLogAppender.java:timeoutAppendRequest(200)) - 4923db37-afc5-4a4b-9e0e-3e0e64c6efbc@group-DBCF7A494882->fa5ee157-3b80-4774-adcc-f01234ebded8-GrpcLogAppender: appendEntries Timeout, request=4923db37-afc5-4a4b-9e0e-3e0e64c6efbc->fa5ee157-3b80-4774-adcc-f01234ebded8#90-t2, previous=(t:2, i:19), leaderCommit=15, initializing? false, entries: <empty>
2019-09-11 05:29:37,078 [java.util.concurrent.ThreadPoolExecutor$Worker@15c0b703[State = -1, empty queue]] WARN  server.GrpcLogAppender (GrpcLogAppender.java:timeoutAppendRequest(200)) - 4923db37-afc5-4a4b-9e0e-3e0e64c6efbc@group-DBCF7A494882->b5c94862-e767-4e3a-a577-422bae381862-GrpcLogAppender: appendEntries Timeout, request=4923db37-afc5-4a4b-9e0e-3e0e64c6efbc->b5c94862-e767-4e3a-a577-422bae381862#90-t2, previous=(t:2, i:19), leaderCommit=15, initializing? false, entries: <empty>
2019-09-11 05:29:37,198 [java.util.concurrent.ThreadPoolExecutor$Worker@6e744712[State = -1, empty queue]] WARN  server.GrpcLogAppender (GrpcLogAppender.java:timeoutAppendRequest(200)) - cf454e7e-23b5-43a4-8b5d-d83390319e33@group-00994406B9A2->1085c8a3-fcd4-45c4-be46-c3757d6b46c3-GrpcLogAppender: appendEntries Timeout, request=cf454e7e-23b5-43a4-8b5d-d83390319e33->1085c8a3-fcd4-45c4-be46-c3757d6b46c3#89-t3, previous=(t:3, i:20), leaderCommit=16, initializing? false, entries: <empty>
2019-09-11 05:29:37,198 [java.util.concurrent.ThreadPoolExecutor$Worker@1ee4e89b[State = -1, empty queue]] WARN  server.GrpcLogAppender (GrpcLogAppender.java:timeoutAppendRequest(200)) - cf454e7e-23b5-43a4-8b5d-d83390319e33@group-00994406B9A2->33471566-8842-41e4-bba3-9cc287622f4a-GrpcLogAppender: appendEntries Timeout, request=cf454e7e-23b5-43a4-8b5d-d83390319e33->33471566-8842-41e4-bba3-9cc287622f4a#89-t3, previous=(t:3, i:20), leaderCommit=16, initializing? false, entries: <empty>
2019-09-11 05:29:37,558 [java.util.concurrent.ThreadPoolExecutor$Worker@51c3d2cc[State = -1, empty queue]] WARN  server.GrpcLogAppender (GrpcLogAppender.java:timeoutAppendRequest(200)) - 4923db37-afc5-4a4b-9e0e-3e0e64c6efbc@group-DBCF7A494882->fa5ee157-3b80-4774-adcc-f01234ebded8-GrpcLogAppender: appendEntries Timeout, request=4923db37-afc5-4a4b-9e0e-3e0e64c6efbc->fa5ee157-3b80-4774-adcc-f01234ebded8#91-t2, previous=(t:2, i:19), leaderCommit=15, initializing? false, entries: <empty>
2019-09-11 05:29:37,578 [java.util.concurrent.ThreadPoolExecutor$Worker@15c0b703[State = -1, empty queue]] WARN  server.GrpcLogAppender (GrpcLogAppender.java:timeoutAppendRequest(200)) - 4923db37-afc5-4a4b-9e0e-3e0e64c6efbc@group-DBCF7A494882->b5c94862-e767-4e3a-a577-422bae381862-GrpcLogAppender: appendEntries Timeout, request=4923db37-afc5-4a4b-9e0e-3e0e64c6efbc->b5c94862-e767-4e3a-a577-422bae381862#91-t2, previous=(t:2, i:19), leaderCommit=15, initializing? false, entries: <empty>
2019-09-11 05:29:37,702 [java.util.concurrent.ThreadPoolExecutor$Worker@1ee4e89b[State = -1, empty queue]] WARN  server.GrpcLogAppender (GrpcLogAppender.java:timeoutAppendRequest(200)) - cf454e7e-23b5-43a4-8b5d-d83390319e33@group-00994406B9A2->33471566-8842-41e4-bba3-9cc287622f4a-GrpcLogAppender: appendEntries Timeout, request=cf454e7e-23b5-43a4-8b5d-d83390319e33->33471566-8842-41e4-bba3-9cc287622f4a#90-t3, previous=(t:3, i:20), leaderCommit=16, initializing? false, entries: <empty>
2019-09-11 05:29:37,702 [java.util.concurrent.ThreadPoolExecutor$Worker@6e744712[State = -1, empty queue]] WARN  server.GrpcLogAppender (GrpcLogAppender.java:timeoutAppendRequest(200)) - cf454e7e-23b5-43a4-8b5d-d83390319e33@group-00994406B9A2->1085c8a3-fcd4-45c4-be46-c3757d6b46c3-GrpcLogAppender: appendEntries Timeout, request=cf454e7e-23b5-43a4-8b5d-d83390319e33->1085c8a3-fcd4-45c4-be46-c3757d6b46c3#90-t3, previous=(t:3, i:20), leaderCommit=16, initializing? false, entries: <empty>
2019-09-11 05:29:37,758 [main] WARN  io.KeyOutputStream (KeyOutputStream.java:handleException(276)) - Encountered exception java.io.IOException: Unexpected Storage Container Exception: java.util.concurrent.CompletionException: java.util.concurrent.CompletionException: org.apache.ratis.protocol.RaftRetryFailureException: Failed RaftClientRequest:client-876F6FC8C029->4923db37-afc5-4a4b-9e0e-3e0e64c6efbc@group-DBCF7A494882, cid=41, seq=9*, RW, org.apache.hadoop.hdds.scm.XceiverClientRatis$$Lambda$478/787298292@333a360c for 10 attempts with RetryLimited(maxAttempts=10, sleepTime=1000ms) on the pipeline Pipeline[ Id: 6722f481-4fb1-4cfa-9877-dbcf7a494882, Nodes: fa5ee157-3b80-4774-adcc-f01234ebded8{ip: 192.168.36.125, host: trunk-nightly-20190911-vpfxm-1000144475, networkLocation: /default-rack, certSerialId: null}b5c94862-e767-4e3a-a577-422bae381862{ip: 192.168.36.125, host: trunk-nightly-20190911-vpfxm-1000144475, networkLocation: /default-rack, certSerialId: null}4923db37-afc5-4a4b-9e0e-3e0e64c6efbc{ip: 192.168.36.125, host: trunk-nightly-20190911-vpfxm-1000144475, networkLocation: /default-rack, certSerialId: null}, Type:RATIS, Factor:THREE, State:OPEN]. The last committed block length is 0, uncommitted data length is 2097152 retry count 0
2019-09-11 05:29:37,841 [grpc-default-executor-2] INFO  client.GrpcClientProtocolClient (GrpcClientProtocolClient.java:onNext(264)) - client-1FEA8BF74F46->1169a1ed-1394-44b2-9737-be9aad5bd237: receive RaftClientReply:client-1FEA8BF74F46->1169a1ed-1394-44b2-9737-be9aad5bd237@group-B7894EF2C8AA, cid=45, FAILED org.apache.ratis.protocol.NotLeaderException: Server 1169a1ed-1394-44b2-9737-be9aad5bd237@group-B7894EF2C8AA is not the leader 78dbd0e6-a34a-4054-9e2e-3bf1b76c8205:192.168.36.125:36886, logIndex=0, commits[1169a1ed-1394-44b2-9737-be9aad5bd237:c0, 64c45ce8-9e8f-4626-9780-d8b476434616:c0, 78dbd0e6-a34a-4054-9e2e-3bf1b76c8205:c0]
2019-09-11 05:29:38,023 [grpc-default-executor-2] INFO  client.GrpcClientProtocolClient (GrpcClientProtocolClient.java:onNext(264)) - client-1FEA8BF74F46->78dbd0e6-a34a-4054-9e2e-3bf1b76c8205: receive RaftClientReply:client-1FEA8BF74F46->78dbd0e6-a34a-4054-9e2e-3bf1b76c8205@group-B7894EF2C8AA, cid=45, SUCCESS, logIndex=1, commits[78dbd0e6-a34a-4054-9e2e-3bf1b76c8205:c1, 1169a1ed-1394-44b2-9737-be9aad5bd237:c0, 64c45ce8-9e8f-4626-9780-d8b476434616:c0]
2019-09-11 05:29:38,062 [java.util.concurrent.ThreadPoolExecutor$Worker@51c3d2cc[State = -1, empty queue]] WARN  server.GrpcLogAppender (GrpcLogAppender.java:timeoutAppendRequest(200)) - 4923db37-afc5-4a4b-9e0e-3e0e64c6efbc@group-DBCF7A494882->fa5ee157-3b80-4774-adcc-f01234ebded8-GrpcLogAppender: appendEntries Timeout, request=4923db37-afc5-4a4b-9e0e-3e0e64c6efbc->fa5ee157-3b80-4774-adcc-f01234ebded8#92-t2, previous=(t:2, i:19), leaderCommit=15, initializing? false, entries: <empty>
2019-09-11 05:29:38,078 [java.util.concurrent.ThreadPoolExecutor$Worker@15c0b703[State = -1, empty queue]] WARN  server.GrpcLogAppender (GrpcLogAppender.java:timeoutAppendRequest(200)) - 4923db37-afc5-4a4b-9e0e-3e0e64c6efbc@group-DBCF7A494882->b5c94862-e767-4e3a-a577-422bae381862-GrpcLogAppender: appendEntries Timeout, request=4923db37-afc5-4a4b-9e0e-3e0e64c6efbc->b5c94862-e767-4e3a-a577-422bae381862#92-t2, previous=(t:2, i:19), leaderCommit=15, initializing? false, entries: <empty>
2019-09-11 05:29:38,083 [grpc-default-executor-4] INFO  client.GrpcClientProtocolClient (GrpcClientProtocolClient.java:onNext(264)) - client-1FEA8BF74F46->78dbd0e6-a34a-4054-9e2e-3bf1b76c8205: receive RaftClientReply:client-1FEA8BF74F46->78dbd0e6-a34a-4054-9e2e-3bf1b76c8205@group-B7894EF2C8AA, cid=46, SUCCESS, logIndex=3, commits[78dbd0e6-a34a-4054-9e2e-3bf1b76c8205:c7, 1169a1ed-1394-44b2-9737-be9aad5bd237:c6, 64c45ce8-9e8f-4626-9780-d8b476434616:c6]
2019-09-11 05:29:38,084 [grpc-default-executor-4] INFO  client.GrpcClientProtocolClient (GrpcClientProtocolClient.java:onNext(264)) - client-1FEA8BF74F46->78dbd0e6-a34a-4054-9e2e-3bf1b76c8205: receive RaftClientReply:client-1FEA8BF74F46->78dbd0e6-a34a-4054-9e2e-3bf1b76c8205@group-B7894EF2C8AA, cid=47, SUCCESS, logIndex=4, commits[78dbd0e6-a34a-4054-9e2e-3bf1b76c8205:c7, 1169a1ed-1394-44b2-9737-be9aad5bd237:c6, 64c45ce8-9e8f-4626-9780-d8b476434616:c6]
2019-09-11 05:29:38,136 [grpc-default-executor-4] INFO  client.GrpcClientProtocolClient (GrpcClientProtocolClient.java:onNext(264)) - client-1FEA8BF74F46->78dbd0e6-a34a-4054-9e2e-3bf1b76c8205: receive RaftClientReply:client-1FEA8BF74F46->78dbd0e6-a34a-4054-9e2e-3bf1b76c8205@group-B7894EF2C8AA, cid=48, SUCCESS, logIndex=5, commits[78dbd0e6-a34a-4054-9e2e-3bf1b76c8205:c7, 1169a1ed-1394-44b2-9737-be9aad5bd237:c6, 64c45ce8-9e8f-4626-9780-d8b476434616:c6]
2019-09-11 05:29:38,203 [java.util.concurrent.ThreadPoolExecutor$Worker@1ee4e89b[State = -1, empty queue]] WARN  server.GrpcLogAppender (GrpcLogAppender.java:timeoutAppendRequest(200)) - cf454e7e-23b5-43a4-8b5d-d83390319e33@group-00994406B9A2->33471566-8842-41e4-bba3-9cc287622f4a-GrpcLogAppender: appendEntries Timeout, request=cf454e7e-23b5-43a4-8b5d-d83390319e33->33471566-8842-41e4-bba3-9cc287622f4a#91-t3, previous=(t:3, i:20), leaderCommit=16, initializing? false, entries: <empty>
2019-09-11 05:29:38,203 [java.util.concurrent.ThreadPoolExecutor$Worker@6e744712[State = -1, empty queue]] WARN  server.GrpcLogAppender (GrpcLogAppender.java:timeoutAppendRequest(200)) - cf454e7e-23b5-43a4-8b5d-d83390319e33@group-00994406B9A2->1085c8a3-fcd4-45c4-be46-c3757d6b46c3-GrpcLogAppender: appendEntries Timeout, request=cf454e7e-23b5-43a4-8b5d-d83390319e33->1085c8a3-fcd4-45c4-be46-c3757d6b46c3#91-t3, previous=(t:3, i:20), leaderCommit=16, initializing? false, entries: <empty>
2019-09-11 05:29:38,559 [java.util.concurrent.ThreadPoolExecutor$Worker@51c3d2cc[State = -1, empty queue]] WARN  server.GrpcLogAppender (GrpcLogAppender.java:timeoutAppendRequest(200)) - 4923db37-afc5-4a4b-9e0e-3e0e64c6efbc@group-DBCF7A494882->fa5ee157-3b80-4774-adcc-f01234ebded8-GrpcLogAppender: appendEntries Timeout, request=4923db37-afc5-4a4b-9e0e-3e0e64c6efbc->fa5ee157-3b80-4774-adcc-f01234ebded8#93-t2, previous=(t:2, i:19), leaderCommit=15, initializing? false, entries: <empty>
2019-09-11 05:29:38,579 [java.util.concurrent.ThreadPoolExecutor$Worker@15c0b703[State = -1, empty queue]] WARN  server.GrpcLogAppender (GrpcLogAppender.java:timeoutAppendRequest(200)) - 4923db37-afc5-4a4b-9e0e-3e0e64c6efbc@group-DBCF7A494882->b5c94862-e767-4e3a-a577-422bae381862-GrpcLogAppender: appendEntries Timeout, request=4923db37-afc5-4a4b-9e0e-3e0e64c6efbc->b5c94862-e767-4e3a-a577-422bae381862#93-t2, previous=(t:2, i:19), leaderCommit=15, initializing? false, entries: <empty>
2019-09-11 05:29:38,703 [java.util.concurrent.ThreadPoolExecutor$Worker@1ee4e89b[State = -1, empty queue]] WARN  server.GrpcLogAppender (GrpcLogAppender.java:timeoutAppendRequest(200)) - cf454e7e-23b5-43a4-8b5d-d83390319e33@group-00994406B9A2->33471566-8842-41e4-bba3-9cc287622f4a-GrpcLogAppender: appendEntries Timeout, request=cf454e7e-23b5-43a4-8b5d-d83390319e33->33471566-8842-41e4-bba3-9cc287622f4a#92-t3, previous=(t:3, i:20), leaderCommit=16, initializing? false, entries: <empty>
2019-09-11 05:29:38,703 [java.util.concurrent.ThreadPoolExecutor$Worker@6e744712[State = -1, empty queue]] WARN  server.GrpcLogAppender (GrpcLogAppender.java:timeoutAppendRequest(200)) - cf454e7e-23b5-43a4-8b5d-d83390319e33@group-00994406B9A2->1085c8a3-fcd4-45c4-be46-c3757d6b46c3-GrpcLogAppender: appendEntries Timeout, request=cf454e7e-23b5-43a4-8b5d-d83390319e33->1085c8a3-fcd4-45c4-be46-c3757d6b46c3#92-t3, previous=(t:3, i:20), leaderCommit=16, initializing? false, entries: <empty>
2019-09-11 05:29:38,947 [Datanode State Machine Thread - 0] INFO  statemachine.DatanodeStateMachine (DatanodeStateMachine.java:lambda$startDaemon$0(350)) - Ozone container server started.
2019-09-11 05:29:39,059 [java.util.concurrent.ThreadPoolExecutor$Worker@51c3d2cc[State = -1, empty queue]] WARN  server.GrpcLogAppender (GrpcLogAppender.java:timeoutAppendRequest(200)) - 4923db37-afc5-4a4b-9e0e-3e0e64c6efbc@group-DBCF7A494882->fa5ee157-3b80-4774-adcc-f01234ebded8-GrpcLogAppender: appendEntries Timeout, request=4923db37-afc5-4a4b-9e0e-3e0e64c6efbc->fa5ee157-3b80-4774-adcc-f01234ebded8#94-t2, previous=(t:2, i:19), leaderCommit=15, initializing? false, entries: <empty>
2019-09-11 05:29:39,079 [java.util.concurrent.ThreadPoolExecutor$Worker@15c0b703[State = -1, empty queue]] WARN  server.GrpcLogAppender (GrpcLogAppender.java:timeoutAppendRequest(200)) - 4923db37-afc5-4a4b-9e0e-3e0e64c6efbc@group-DBCF7A494882->b5c94862-e767-4e3a-a577-422bae381862-GrpcLogAppender: appendEntries Timeout, request=4923db37-afc5-4a4b-9e0e-3e0e64c6efbc->b5c94862-e767-4e3a-a577-422bae381862#94-t2, previous=(t:2, i:19), leaderCommit=15, initializing? false, entries: <empty>
2019-09-11 05:29:39,204 [java.util.concurrent.ThreadPoolExecutor$Worker@6e744712[State = -1, empty queue]] WARN  server.GrpcLogAppender (GrpcLogAppender.java:timeoutAppendRequest(200)) - cf454e7e-23b5-43a4-8b5d-d83390319e33@group-00994406B9A2->1085c8a3-fcd4-45c4-be46-c3757d6b46c3-GrpcLogAppender: appendEntries Timeout, request=cf454e7e-23b5-43a4-8b5d-d83390319e33->1085c8a3-fcd4-45c4-be46-c3757d6b46c3#93-t3, previous=(t:3, i:20), leaderCommit=16, initializing? false, entries: <empty>
2019-09-11 05:29:39,204 [java.util.concurrent.ThreadPoolExecutor$Worker@1ee4e89b[State = -1, empty queue]] WARN  server.GrpcLogAppender (GrpcLogAppender.java:timeoutAppendRequest(200)) - cf454e7e-23b5-43a4-8b5d-d83390319e33@group-00994406B9A2->33471566-8842-41e4-bba3-9cc287622f4a-GrpcLogAppender: appendEntries Timeout, request=cf454e7e-23b5-43a4-8b5d-d83390319e33->33471566-8842-41e4-bba3-9cc287622f4a#93-t3, previous=(t:3, i:20), leaderCommit=16, initializing? false, entries: <empty>
2019-09-11 05:29:39,545 [fa5ee157-3b80-4774-adcc-f01234ebded8@group-DBCF7A494882-SegmentedRaftLogWorker] WARN  segmented.SegmentedRaftLogWorker (SegmentedRaftLogWorker.java:getFromFuture(90)) - Timeout 1/~
org.apache.ratis.protocol.TimeoutIOException: Timeout 10s: WriteLog:16: (t:2, i:16), STATEMACHINELOGENTRY, client-876F6FC8C029, cid=41-writeStateMachineData
	at org.apache.ratis.util.IOUtils.getFromFuture(IOUtils.java:87)
	at org.apache.ratis.server.raftlog.segmented.SegmentedRaftLogWorker$StateMachineDataPolicy.getFromFuture(SegmentedRaftLogWorker.java:87)
	at org.apache.ratis.server.raftlog.segmented.SegmentedRaftLogWorker$WriteLog.execute(SegmentedRaftLogWorker.java:477)
	at org.apache.ratis.server.raftlog.segmented.SegmentedRaftLogWorker.run(SegmentedRaftLogWorker.java:289)
	at java.lang.Thread.run(Thread.java:748)
Caused by: java.util.concurrent.TimeoutException
	at java.util.concurrent.CompletableFuture.timedGet(CompletableFuture.java:1771)
	at java.util.concurrent.CompletableFuture.get(CompletableFuture.java:1915)
	at org.apache.ratis.util.IOUtils.getFromFuture(IOUtils.java:79)
	... 4 more
2019-09-11 05:29:39,560 [java.util.concurrent.ThreadPoolExecutor$Worker@51c3d2cc[State = -1, empty queue]] WARN  server.GrpcLogAppender (GrpcLogAppender.java:timeoutAppendRequest(200)) - 4923db37-afc5-4a4b-9e0e-3e0e64c6efbc@group-DBCF7A494882->fa5ee157-3b80-4774-adcc-f01234ebded8-GrpcLogAppender: appendEntries Timeout, request=4923db37-afc5-4a4b-9e0e-3e0e64c6efbc->fa5ee157-3b80-4774-adcc-f01234ebded8#95-t2, previous=(t:2, i:19), leaderCommit=15, initializing? false, entries: <empty>
2019-09-11 05:29:39,580 [java.util.concurrent.ThreadPoolExecutor$Worker@15c0b703[State = -1, empty queue]] WARN  server.GrpcLogAppender (GrpcLogAppender.java:timeoutAppendRequest(200)) - 4923db37-afc5-4a4b-9e0e-3e0e64c6efbc@group-DBCF7A494882->b5c94862-e767-4e3a-a577-422bae381862-GrpcLogAppender: appendEntries Timeout, request=4923db37-afc5-4a4b-9e0e-3e0e64c6efbc->b5c94862-e767-4e3a-a577-422bae381862#95-t2, previous=(t:2, i:19), leaderCommit=15, initializing? false, entries: <empty>
2019-09-11 05:29:39,612 [b5c94862-e767-4e3a-a577-422bae381862@group-DBCF7A494882-SegmentedRaftLogWorker] WARN  segmented.SegmentedRaftLogWorker (SegmentedRaftLogWorker.java:getFromFuture(90)) - Timeout 1/~
org.apache.ratis.protocol.TimeoutIOException: Timeout 10s: WriteLog:18: (t:2, i:18), STATEMACHINELOGENTRY, client-876F6FC8C029, cid=43-writeStateMachineData
	at org.apache.ratis.util.IOUtils.getFromFuture(IOUtils.java:87)
	at org.apache.ratis.server.raftlog.segmented.SegmentedRaftLogWorker$StateMachineDataPolicy.getFromFuture(SegmentedRaftLogWorker.java:87)
	at org.apache.ratis.server.raftlog.segmented.SegmentedRaftLogWorker$WriteLog.execute(SegmentedRaftLogWorker.java:477)
	at org.apache.ratis.server.raftlog.segmented.SegmentedRaftLogWorker.run(SegmentedRaftLogWorker.java:289)
	at java.lang.Thread.run(Thread.java:748)
Caused by: java.util.concurrent.TimeoutException
	at java.util.concurrent.CompletableFuture.timedGet(CompletableFuture.java:1771)
	at java.util.concurrent.CompletableFuture.get(CompletableFuture.java:1915)
	at org.apache.ratis.util.IOUtils.getFromFuture(IOUtils.java:79)
	... 4 more
2019-09-11 05:29:39,704 [java.util.concurrent.ThreadPoolExecutor$Worker@6e744712[State = -1, empty queue]] WARN  server.GrpcLogAppender (GrpcLogAppender.java:timeoutAppendRequest(200)) - cf454e7e-23b5-43a4-8b5d-d83390319e33@group-00994406B9A2->1085c8a3-fcd4-45c4-be46-c3757d6b46c3-GrpcLogAppender: appendEntries Timeout, request=cf454e7e-23b5-43a4-8b5d-d83390319e33->1085c8a3-fcd4-45c4-be46-c3757d6b46c3#94-t3, previous=(t:3, i:20), leaderCommit=16, initializing? false, entries: <empty>
2019-09-11 05:29:39,704 [java.util.concurrent.ThreadPoolExecutor$Worker@1ee4e89b[State = -1, empty queue]] WARN  server.GrpcLogAppender (GrpcLogAppender.java:timeoutAppendRequest(200)) - cf454e7e-23b5-43a4-8b5d-d83390319e33@group-00994406B9A2->33471566-8842-41e4-bba3-9cc287622f4a-GrpcLogAppender: appendEntries Timeout, request=cf454e7e-23b5-43a4-8b5d-d83390319e33->33471566-8842-41e4-bba3-9cc287622f4a#94-t3, previous=(t:3, i:20), leaderCommit=16, initializing? false, entries: <empty>
2019-09-11 05:29:39,875 [4923db37-afc5-4a4b-9e0e-3e0e64c6efbc@group-DBCF7A494882-SegmentedRaftLogWorker] WARN  segmented.SegmentedRaftLogWorker (SegmentedRaftLogWorker.java:getFromFuture(90)) - Timeout 1/~
org.apache.ratis.protocol.TimeoutIOException: Timeout 10s: WriteLog:18: (t:2, i:18), STATEMACHINELOGENTRY, client-876F6FC8C029, cid=43-writeStateMachineData
	at org.apache.ratis.util.IOUtils.getFromFuture(IOUtils.java:87)
	at org.apache.ratis.server.raftlog.segmented.SegmentedRaftLogWorker$StateMachineDataPolicy.getFromFuture(SegmentedRaftLogWorker.java:87)
	at org.apache.ratis.server.raftlog.segmented.SegmentedRaftLogWorker$WriteLog.execute(SegmentedRaftLogWorker.java:477)
	at org.apache.ratis.server.raftlog.segmented.SegmentedRaftLogWorker.run(SegmentedRaftLogWorker.java:289)
	at java.lang.Thread.run(Thread.java:748)
Caused by: java.util.concurrent.TimeoutException
	at java.util.concurrent.CompletableFuture.timedGet(CompletableFuture.java:1771)
	at java.util.concurrent.CompletableFuture.get(CompletableFuture.java:1915)
	at org.apache.ratis.util.IOUtils.getFromFuture(IOUtils.java:79)
	... 4 more
2019-09-11 05:29:40,061 [java.util.concurrent.ThreadPoolExecutor$Worker@51c3d2cc[State = -1, empty queue]] WARN  server.GrpcLogAppender (GrpcLogAppender.java:timeoutAppendRequest(200)) - 4923db37-afc5-4a4b-9e0e-3e0e64c6efbc@group-DBCF7A494882->fa5ee157-3b80-4774-adcc-f01234ebded8-GrpcLogAppender: appendEntries Timeout, request=4923db37-afc5-4a4b-9e0e-3e0e64c6efbc->fa5ee157-3b80-4774-adcc-f01234ebded8#96-t2, previous=(t:2, i:19), leaderCommit=15, initializing? false, entries: <empty>
2019-09-11 05:29:40,080 [java.util.concurrent.ThreadPoolExecutor$Worker@15c0b703[State = -1, empty queue]] WARN  server.GrpcLogAppender (GrpcLogAppender.java:timeoutAppendRequest(200)) - 4923db37-afc5-4a4b-9e0e-3e0e64c6efbc@group-DBCF7A494882->b5c94862-e767-4e3a-a577-422bae381862-GrpcLogAppender: appendEntries Timeout, request=4923db37-afc5-4a4b-9e0e-3e0e64c6efbc->b5c94862-e767-4e3a-a577-422bae381862#96-t2, previous=(t:2, i:19), leaderCommit=15, initializing? false, entries: <empty>
2019-09-11 05:29:40,204 [java.util.concurrent.ThreadPoolExecutor$Worker@1ee4e89b[State = -1, empty queue]] WARN  server.GrpcLogAppender (GrpcLogAppender.java:timeoutAppendRequest(200)) - cf454e7e-23b5-43a4-8b5d-d83390319e33@group-00994406B9A2->33471566-8842-41e4-bba3-9cc287622f4a-GrpcLogAppender: appendEntries Timeout, request=cf454e7e-23b5-43a4-8b5d-d83390319e33->33471566-8842-41e4-bba3-9cc287622f4a#95-t3, previous=(t:3, i:20), leaderCommit=16, initializing? false, entries: <empty>
2019-09-11 05:29:40,204 [java.util.concurrent.ThreadPoolExecutor$Worker@6e744712[State = -1, empty queue]] WARN  server.GrpcLogAppender (GrpcLogAppender.java:timeoutAppendRequest(200)) - cf454e7e-23b5-43a4-8b5d-d83390319e33@group-00994406B9A2->1085c8a3-fcd4-45c4-be46-c3757d6b46c3-GrpcLogAppender: appendEntries Timeout, request=cf454e7e-23b5-43a4-8b5d-d83390319e33->1085c8a3-fcd4-45c4-be46-c3757d6b46c3#95-t3, previous=(t:3, i:20), leaderCommit=16, initializing? false, entries: <empty>
2019-09-11 05:29:40,561 [java.util.concurrent.ThreadPoolExecutor$Worker@51c3d2cc[State = -1, empty queue]] WARN  server.GrpcLogAppender (GrpcLogAppender.java:timeoutAppendRequest(200)) - 4923db37-afc5-4a4b-9e0e-3e0e64c6efbc@group-DBCF7A494882->fa5ee157-3b80-4774-adcc-f01234ebded8-GrpcLogAppender: appendEntries Timeout, request=4923db37-afc5-4a4b-9e0e-3e0e64c6efbc->fa5ee157-3b80-4774-adcc-f01234ebded8#97-t2, previous=(t:2, i:19), leaderCommit=15, initializing? false, entries: <empty>
2019-09-11 05:29:40,580 [java.util.concurrent.ThreadPoolExecutor$Worker@15c0b703[State = -1, empty queue]] WARN  server.GrpcLogAppender (GrpcLogAppender.java:timeoutAppendRequest(200)) - 4923db37-afc5-4a4b-9e0e-3e0e64c6efbc@group-DBCF7A494882->b5c94862-e767-4e3a-a577-422bae381862-GrpcLogAppender: appendEntries Timeout, request=4923db37-afc5-4a4b-9e0e-3e0e64c6efbc->b5c94862-e767-4e3a-a577-422bae381862#97-t2, previous=(t:2, i:19), leaderCommit=15, initializing? false, entries: <empty>
2019-09-11 05:29:40,705 [java.util.concurrent.ThreadPoolExecutor$Worker@6e744712[State = -1, empty queue]] WARN  server.GrpcLogAppender (GrpcLogAppender.java:timeoutAppendRequest(200)) - cf454e7e-23b5-43a4-8b5d-d83390319e33@group-00994406B9A2->1085c8a3-fcd4-45c4-be46-c3757d6b46c3-GrpcLogAppender: appendEntries Timeout, request=cf454e7e-23b5-43a4-8b5d-d83390319e33->1085c8a3-fcd4-45c4-be46-c3757d6b46c3#96-t3, previous=(t:3, i:20), leaderCommit=16, initializing? false, entries: <empty>
2019-09-11 05:29:40,705 [java.util.concurrent.ThreadPoolExecutor$Worker@1ee4e89b[State = -1, empty queue]] WARN  server.GrpcLogAppender (GrpcLogAppender.java:timeoutAppendRequest(200)) - cf454e7e-23b5-43a4-8b5d-d83390319e33@group-00994406B9A2->33471566-8842-41e4-bba3-9cc287622f4a-GrpcLogAppender: appendEntries Timeout, request=cf454e7e-23b5-43a4-8b5d-d83390319e33->33471566-8842-41e4-bba3-9cc287622f4a#96-t3, previous=(t:3, i:20), leaderCommit=16, initializing? false, entries: <empty>
2019-09-11 05:29:40,944 [1085c8a3-fcd4-45c4-be46-c3757d6b46c3@group-00994406B9A2-SegmentedRaftLogWorker] WARN  segmented.SegmentedRaftLogWorker (SegmentedRaftLogWorker.java:getFromFuture(90)) - Timeout 3/~
org.apache.ratis.protocol.TimeoutIOException: Timeout 10s: WriteLog:19: (t:3, i:19), STATEMACHINELOGENTRY, client-51C1F636924D, cid=30-writeStateMachineData
	at org.apache.ratis.util.IOUtils.getFromFuture(IOUtils.java:87)
	at org.apache.ratis.server.raftlog.segmented.SegmentedRaftLogWorker$StateMachineDataPolicy.getFromFuture(SegmentedRaftLogWorker.java:87)
	at org.apache.ratis.server.raftlog.segmented.SegmentedRaftLogWorker$WriteLog.execute(SegmentedRaftLogWorker.java:477)
	at org.apache.ratis.server.raftlog.segmented.SegmentedRaftLogWorker.run(SegmentedRaftLogWorker.java:289)
	at java.lang.Thread.run(Thread.java:748)
Caused by: java.util.concurrent.TimeoutException
	at java.util.concurrent.CompletableFuture.timedGet(CompletableFuture.java:1771)
	at java.util.concurrent.CompletableFuture.get(CompletableFuture.java:1915)
	at org.apache.ratis.util.IOUtils.getFromFuture(IOUtils.java:79)
	... 4 more
2019-09-11 05:29:40,947 [33471566-8842-41e4-bba3-9cc287622f4a@group-00994406B9A2-SegmentedRaftLogWorker] WARN  segmented.SegmentedRaftLogWorker (SegmentedRaftLogWorker.java:getFromFuture(90)) - Timeout 3/~
org.apache.ratis.protocol.TimeoutIOException: Timeout 10s: WriteLog:19: (t:3, i:19), STATEMACHINELOGENTRY, client-51C1F636924D, cid=30-writeStateMachineData
	at org.apache.ratis.util.IOUtils.getFromFuture(IOUtils.java:87)
	at org.apache.ratis.server.raftlog.segmented.SegmentedRaftLogWorker$StateMachineDataPolicy.getFromFuture(SegmentedRaftLogWorker.java:87)
	at org.apache.ratis.server.raftlog.segmented.SegmentedRaftLogWorker$WriteLog.execute(SegmentedRaftLogWorker.java:477)
	at org.apache.ratis.server.raftlog.segmented.SegmentedRaftLogWorker.run(SegmentedRaftLogWorker.java:289)
	at java.lang.Thread.run(Thread.java:748)
Caused by: java.util.concurrent.TimeoutException
	at java.util.concurrent.CompletableFuture.timedGet(CompletableFuture.java:1771)
	at java.util.concurrent.CompletableFuture.get(CompletableFuture.java:1915)
	at org.apache.ratis.util.IOUtils.getFromFuture(IOUtils.java:79)
	... 4 more
2019-09-11 05:29:40,948 [cf454e7e-23b5-43a4-8b5d-d83390319e33@group-00994406B9A2-SegmentedRaftLogWorker] WARN  segmented.SegmentedRaftLogWorker (SegmentedRaftLogWorker.java:getFromFuture(90)) - Timeout 3/~
org.apache.ratis.protocol.TimeoutIOException: Timeout 10s: WriteLog:19: (t:3, i:19), STATEMACHINELOGENTRY, client-51C1F636924D, cid=30-writeStateMachineData
	at org.apache.ratis.util.IOUtils.getFromFuture(IOUtils.java:87)
	at org.apache.ratis.server.raftlog.segmented.SegmentedRaftLogWorker$StateMachineDataPolicy.getFromFuture(SegmentedRaftLogWorker.java:87)
	at org.apache.ratis.server.raftlog.segmented.SegmentedRaftLogWorker$WriteLog.execute(SegmentedRaftLogWorker.java:477)
	at org.apache.ratis.server.raftlog.segmented.SegmentedRaftLogWorker.run(SegmentedRaftLogWorker.java:289)
	at java.lang.Thread.run(Thread.java:748)
Caused by: java.util.concurrent.TimeoutException
	at java.util.concurrent.CompletableFuture.timedGet(CompletableFuture.java:1771)
	at java.util.concurrent.CompletableFuture.get(CompletableFuture.java:1915)
	at org.apache.ratis.util.IOUtils.getFromFuture(IOUtils.java:79)
	... 4 more
2019-09-11 05:29:41,062 [java.util.concurrent.ThreadPoolExecutor$Worker@51c3d2cc[State = -1, empty queue]] WARN  server.GrpcLogAppender (GrpcLogAppender.java:timeoutAppendRequest(200)) - 4923db37-afc5-4a4b-9e0e-3e0e64c6efbc@group-DBCF7A494882->fa5ee157-3b80-4774-adcc-f01234ebded8-GrpcLogAppender: appendEntries Timeout, request=4923db37-afc5-4a4b-9e0e-3e0e64c6efbc->fa5ee157-3b80-4774-adcc-f01234ebded8#98-t2, previous=(t:2, i:19), leaderCommit=15, initializing? false, entries: <empty>
2019-09-11 05:29:41,082 [java.util.concurrent.ThreadPoolExecutor$Worker@15c0b703[State = -1, empty queue]] WARN  server.GrpcLogAppender (GrpcLogAppender.java:timeoutAppendRequest(200)) - 4923db37-afc5-4a4b-9e0e-3e0e64c6efbc@group-DBCF7A494882->b5c94862-e767-4e3a-a577-422bae381862-GrpcLogAppender: appendEntries Timeout, request=4923db37-afc5-4a4b-9e0e-3e0e64c6efbc->b5c94862-e767-4e3a-a577-422bae381862#98-t2, previous=(t:2, i:19), leaderCommit=15, initializing? false, entries: <empty>
2019-09-11 05:29:41,205 [java.util.concurrent.ThreadPoolExecutor$Worker@1ee4e89b[State = -1, empty queue]] WARN  server.GrpcLogAppender (GrpcLogAppender.java:timeoutAppendRequest(200)) - cf454e7e-23b5-43a4-8b5d-d83390319e33@group-00994406B9A2->33471566-8842-41e4-bba3-9cc287622f4a-GrpcLogAppender: appendEntries Timeout, request=cf454e7e-23b5-43a4-8b5d-d83390319e33->33471566-8842-41e4-bba3-9cc287622f4a#97-t3, previous=(t:3, i:20), leaderCommit=16, initializing? false, entries: <empty>
2019-09-11 05:29:41,205 [java.util.concurrent.ThreadPoolExecutor$Worker@6e744712[State = -1, empty queue]] WARN  server.GrpcLogAppender (GrpcLogAppender.java:timeoutAppendRequest(200)) - cf454e7e-23b5-43a4-8b5d-d83390319e33@group-00994406B9A2->1085c8a3-fcd4-45c4-be46-c3757d6b46c3-GrpcLogAppender: appendEntries Timeout, request=cf454e7e-23b5-43a4-8b5d-d83390319e33->1085c8a3-fcd4-45c4-be46-c3757d6b46c3#97-t3, previous=(t:3, i:20), leaderCommit=16, initializing? false, entries: <empty>
2019-09-11 05:29:41,562 [java.util.concurrent.ThreadPoolExecutor$Worker@51c3d2cc[State = -1, empty queue]] WARN  server.GrpcLogAppender (GrpcLogAppender.java:timeoutAppendRequest(200)) - 4923db37-afc5-4a4b-9e0e-3e0e64c6efbc@group-DBCF7A494882->fa5ee157-3b80-4774-adcc-f01234ebded8-GrpcLogAppender: appendEntries Timeout, request=4923db37-afc5-4a4b-9e0e-3e0e64c6efbc->fa5ee157-3b80-4774-adcc-f01234ebded8#99-t2, previous=(t:2, i:19), leaderCommit=15, initializing? false, entries: <empty>
2019-09-11 05:29:41,583 [java.util.concurrent.ThreadPoolExecutor$Worker@15c0b703[State = -1, empty queue]] WARN  server.GrpcLogAppender (GrpcLogAppender.java:timeoutAppendRequest(200)) - 4923db37-afc5-4a4b-9e0e-3e0e64c6efbc@group-DBCF7A494882->b5c94862-e767-4e3a-a577-422bae381862-GrpcLogAppender: appendEntries Timeout, request=4923db37-afc5-4a4b-9e0e-3e0e64c6efbc->b5c94862-e767-4e3a-a577-422bae381862#99-t2, previous=(t:2, i:19), leaderCommit=15, initializing? false, entries: <empty>
2019-09-11 05:29:41,705 [java.util.concurrent.ThreadPoolExecutor$Worker@6e744712[State = -1, empty queue]] WARN  server.GrpcLogAppender (GrpcLogAppender.java:timeoutAppendRequest(200)) - cf454e7e-23b5-43a4-8b5d-d83390319e33@group-00994406B9A2->1085c8a3-fcd4-45c4-be46-c3757d6b46c3-GrpcLogAppender: appendEntries Timeout, request=cf454e7e-23b5-43a4-8b5d-d83390319e33->1085c8a3-fcd4-45c4-be46-c3757d6b46c3#98-t3, previous=(t:3, i:20), leaderCommit=16, initializing? false, entries: <empty>
2019-09-11 05:29:41,705 [java.util.concurrent.ThreadPoolExecutor$Worker@1ee4e89b[State = -1, empty queue]] WARN  server.GrpcLogAppender (GrpcLogAppender.java:timeoutAppendRequest(200)) - cf454e7e-23b5-43a4-8b5d-d83390319e33@group-00994406B9A2->33471566-8842-41e4-bba3-9cc287622f4a-GrpcLogAppender: appendEntries Timeout, request=cf454e7e-23b5-43a4-8b5d-d83390319e33->33471566-8842-41e4-bba3-9cc287622f4a#98-t3, previous=(t:3, i:20), leaderCommit=16, initializing? false, entries: <empty>
2019-09-11 05:29:42,063 [java.util.concurrent.ThreadPoolExecutor$Worker@51c3d2cc[State = -1, empty queue]] WARN  server.GrpcLogAppender (GrpcLogAppender.java:timeoutAppendRequest(200)) - 4923db37-afc5-4a4b-9e0e-3e0e64c6efbc@group-DBCF7A494882->fa5ee157-3b80-4774-adcc-f01234ebded8-GrpcLogAppender: appendEntries Timeout, request=4923db37-afc5-4a4b-9e0e-3e0e64c6efbc->fa5ee157-3b80-4774-adcc-f01234ebded8#100-t2, previous=(t:2, i:19), leaderCommit=15, initializing? false, entries: <empty>
2019-09-11 05:29:42,087 [java.util.concurrent.ThreadPoolExecutor$Worker@15c0b703[State = -1, empty queue]] WARN  server.GrpcLogAppender (GrpcLogAppender.java:timeoutAppendRequest(200)) - 4923db37-afc5-4a4b-9e0e-3e0e64c6efbc@group-DBCF7A494882->b5c94862-e767-4e3a-a577-422bae381862-GrpcLogAppender: appendEntries Timeout, request=4923db37-afc5-4a4b-9e0e-3e0e64c6efbc->b5c94862-e767-4e3a-a577-422bae381862#100-t2, previous=(t:2, i:19), leaderCommit=15, initializing? false, entries: <empty>
2019-09-11 05:29:42,206 [java.util.concurrent.ThreadPoolExecutor$Worker@6e744712[State = -1, empty queue]] WARN  server.GrpcLogAppender (GrpcLogAppender.java:timeoutAppendRequest(200)) - cf454e7e-23b5-43a4-8b5d-d83390319e33@group-00994406B9A2->1085c8a3-fcd4-45c4-be46-c3757d6b46c3-GrpcLogAppender: appendEntries Timeout, request=cf454e7e-23b5-43a4-8b5d-d83390319e33->1085c8a3-fcd4-45c4-be46-c3757d6b46c3#99-t3, previous=(t:3, i:20), leaderCommit=16, initializing? false, entries: <empty>
2019-09-11 05:29:42,206 [java.util.concurrent.ThreadPoolExecutor$Worker@1ee4e89b[State = -1, empty queue]] WARN  server.GrpcLogAppender (GrpcLogAppender.java:timeoutAppendRequest(200)) - cf454e7e-23b5-43a4-8b5d-d83390319e33@group-00994406B9A2->33471566-8842-41e4-bba3-9cc287622f4a-GrpcLogAppender: appendEntries Timeout, request=cf454e7e-23b5-43a4-8b5d-d83390319e33->33471566-8842-41e4-bba3-9cc287622f4a#99-t3, previous=(t:3, i:20), leaderCommit=16, initializing? false, entries: <empty>
2019-09-11 05:29:42,563 [java.util.concurrent.ThreadPoolExecutor$Worker@51c3d2cc[State = -1, empty queue]] WARN  server.GrpcLogAppender (GrpcLogAppender.java:timeoutAppendRequest(200)) - 4923db37-afc5-4a4b-9e0e-3e0e64c6efbc@group-DBCF7A494882->fa5ee157-3b80-4774-adcc-f01234ebded8-GrpcLogAppender: appendEntries Timeout, request=4923db37-afc5-4a4b-9e0e-3e0e64c6efbc->fa5ee157-3b80-4774-adcc-f01234ebded8#101-t2, previous=(t:2, i:19), leaderCommit=15, initializing? false, entries: <empty>
2019-09-11 05:29:42,587 [java.util.concurrent.ThreadPoolExecutor$Worker@15c0b703[State = -1, empty queue]] WARN  server.GrpcLogAppender (GrpcLogAppender.java:timeoutAppendRequest(200)) - 4923db37-afc5-4a4b-9e0e-3e0e64c6efbc@group-DBCF7A494882->b5c94862-e767-4e3a-a577-422bae381862-GrpcLogAppender: appendEntries Timeout, request=4923db37-afc5-4a4b-9e0e-3e0e64c6efbc->b5c94862-e767-4e3a-a577-422bae381862#101-t2, previous=(t:2, i:19), leaderCommit=15, initializing? false, entries: <empty>
2019-09-11 05:29:42,706 [java.util.concurrent.ThreadPoolExecutor$Worker@6e744712[State = -1, empty queue]] WARN  server.GrpcLogAppender (GrpcLogAppender.java:timeoutAppendRequest(200)) - cf454e7e-23b5-43a4-8b5d-d83390319e33@group-00994406B9A2->1085c8a3-fcd4-45c4-be46-c3757d6b46c3-GrpcLogAppender: appendEntries Timeout, request=cf454e7e-23b5-43a4-8b5d-d83390319e33->1085c8a3-fcd4-45c4-be46-c3757d6b46c3#100-t3, previous=(t:3, i:20), leaderCommit=16, initializing? false, entries: <empty>
2019-09-11 05:29:42,706 [java.util.concurrent.ThreadPoolExecutor$Worker@1ee4e89b[State = -1, empty queue]] WARN  server.GrpcLogAppender (GrpcLogAppender.java:timeoutAppendRequest(200)) - cf454e7e-23b5-43a4-8b5d-d83390319e33@group-00994406B9A2->33471566-8842-41e4-bba3-9cc287622f4a-GrpcLogAppender: appendEntries Timeout, request=cf454e7e-23b5-43a4-8b5d-d83390319e33->33471566-8842-41e4-bba3-9cc287622f4a#100-t3, previous=(t:3, i:20), leaderCommit=16, initializing? false, entries: <empty>
2019-09-11 05:29:43,063 [java.util.concurrent.ThreadPoolExecutor$Worker@51c3d2cc[State = -1, empty queue]] WARN  server.GrpcLogAppender (GrpcLogAppender.java:timeoutAppendRequest(200)) - 4923db37-afc5-4a4b-9e0e-3e0e64c6efbc@group-DBCF7A494882->fa5ee157-3b80-4774-adcc-f01234ebded8-GrpcLogAppender: appendEntries Timeout, request=4923db37-afc5-4a4b-9e0e-3e0e64c6efbc->fa5ee157-3b80-4774-adcc-f01234ebded8#102-t2, previous=(t:2, i:19), leaderCommit=15, initializing? false, entries: <empty>
2019-09-11 05:29:43,091 [java.util.concurrent.ThreadPoolExecutor$Worker@15c0b703[State = -1, empty queue]] WARN  server.GrpcLogAppender (GrpcLogAppender.java:timeoutAppendRequest(200)) - 4923db37-afc5-4a4b-9e0e-3e0e64c6efbc@group-DBCF7A494882->b5c94862-e767-4e3a-a577-422bae381862-GrpcLogAppender: appendEntries Timeout, request=4923db37-afc5-4a4b-9e0e-3e0e64c6efbc->b5c94862-e767-4e3a-a577-422bae381862#102-t2, previous=(t:2, i:19), leaderCommit=15, initializing? false, entries: <empty>
2019-09-11 05:29:43,142 [main] INFO  ozoneimpl.OzoneContainer (OzoneContainer.java:stop(231)) - Attempting to stop container services.
2019-09-11 05:29:43,145 [main] INFO  impl.RaftServerProxy (RaftServerProxy.java:lambda$close$4(314)) - cf454e7e-23b5-43a4-8b5d-d83390319e33: close
2019-09-11 05:29:43,147 [main] INFO  impl.RaftServerImpl (RaftServerImpl.java:lambda$shutdown$3(251)) - cf454e7e-23b5-43a4-8b5d-d83390319e33@group-00994406B9A2: shutdown
2019-09-11 05:29:43,147 [ForkJoinPool.commonPool-worker-1] INFO  impl.RaftServerImpl (RaftServerImpl.java:lambda$shutdown$3(251)) - cf454e7e-23b5-43a4-8b5d-d83390319e33@group-102DA19485F7: shutdown
2019-09-11 05:29:43,147 [main] INFO  util.JmxRegister (JmxRegister.java:unregister(73)) - Successfully un-registered JMX Bean with object name Ratis:service=RaftServer,group=group-00994406B9A2,id=cf454e7e-23b5-43a4-8b5d-d83390319e33
2019-09-11 05:29:43,148 [ForkJoinPool.commonPool-worker-1] INFO  util.JmxRegister (JmxRegister.java:unregister(73)) - Successfully un-registered JMX Bean with object name Ratis:service=RaftServer,group=group-102DA19485F7,id=cf454e7e-23b5-43a4-8b5d-d83390319e33
2019-09-11 05:29:43,148 [main] INFO  impl.RoleInfo (RoleInfo.java:shutdownLeaderState(104)) - cf454e7e-23b5-43a4-8b5d-d83390319e33: shutdown LeaderState
2019-09-11 05:29:43,148 [ForkJoinPool.commonPool-worker-1] INFO  impl.RoleInfo (RoleInfo.java:shutdownLeaderState(104)) - cf454e7e-23b5-43a4-8b5d-d83390319e33: shutdown LeaderState
2019-09-11 05:29:43,156 [ForkJoinPool.commonPool-worker-1] INFO  impl.PendingRequests (PendingRequests.java:sendNotLeaderResponses(202)) - cf454e7e-23b5-43a4-8b5d-d83390319e33-PendingRequests: sendNotLeaderResponses
2019-09-11 05:29:43,158 [org.apache.ratis.server.impl.LogAppender$AppenderDaemon$$Lambda$554/1157250006@78ec8c6b] WARN  server.GrpcLogAppender (GrpcLogAppender.java:mayWait(143)) - cf454e7e-23b5-43a4-8b5d-d83390319e33@group-00994406B9A2->33471566-8842-41e4-bba3-9cc287622f4a-GrpcLogAppender: Wait interrupted by java.lang.InterruptedException
2019-09-11 05:29:43,156 [main] INFO  impl.PendingRequests (PendingRequests.java:sendNotLeaderResponses(202)) - cf454e7e-23b5-43a4-8b5d-d83390319e33-PendingRequests: sendNotLeaderResponses
2019-09-11 05:29:43,158 [org.apache.ratis.server.impl.LogAppender$AppenderDaemon$$Lambda$554/1157250006@510c0070] WARN  server.GrpcLogAppender (GrpcLogAppender.java:mayWait(143)) - cf454e7e-23b5-43a4-8b5d-d83390319e33@group-00994406B9A2->1085c8a3-fcd4-45c4-be46-c3757d6b46c3-GrpcLogAppender: Wait interrupted by java.lang.InterruptedException
2019-09-11 05:29:43,161 [ForkJoinPool.commonPool-worker-1] INFO  impl.StateMachineUpdater (StateMachineUpdater.java:stopAndJoin(125)) - cf454e7e-23b5-43a4-8b5d-d83390319e33@group-102DA19485F7-StateMachineUpdater: set stopIndex = 0
2019-09-11 05:29:43,162 [ForkJoinPool.commonPool-worker-1] INFO  impl.RaftServerImpl (ServerState.java:close(385)) - cf454e7e-23b5-43a4-8b5d-d83390319e33@group-102DA19485F7: closes. applyIndex: 0
2019-09-11 05:29:43,165 [grpc-default-executor-4] INFO  server.GrpcServerProtocolService (GrpcServerProtocolService.java:onCompleted(113)) - 1085c8a3-fcd4-45c4-be46-c3757d6b46c3: Completed APPEND_ENTRIES, lastRequest: cf454e7e-23b5-43a4-8b5d-d83390319e33->1085c8a3-fcd4-45c4-be46-c3757d6b46c3#106-t3, previous=(t:3, i:20), leaderCommit=16, initializing? false, entries: <empty>
2019-09-11 05:29:43,166 [grpc-default-executor-1] INFO  server.GrpcServerProtocolService (GrpcServerProtocolService.java:onCompleted(113)) - 33471566-8842-41e4-bba3-9cc287622f4a: Completed APPEND_ENTRIES, lastRequest: cf454e7e-23b5-43a4-8b5d-d83390319e33->33471566-8842-41e4-bba3-9cc287622f4a#106-t3, previous=(t:3, i:20), leaderCommit=16, initializing? false, entries: <empty>
2019-09-11 05:29:43,168 [main] INFO  impl.StateMachineUpdater (StateMachineUpdater.java:stopAndJoin(125)) - cf454e7e-23b5-43a4-8b5d-d83390319e33@group-00994406B9A2-StateMachineUpdater: set stopIndex = 16
2019-09-11 05:29:43,170 [cf454e7e-23b5-43a4-8b5d-d83390319e33@group-00994406B9A2-StateMachineUpdater] INFO  ratis.ContainerStateMachine (ContainerStateMachine.java:takeSnapshot(289)) - group-00994406B9A2: Taking a snapshot at:(t:3, i:15) file /workdir/hadoop-ozone/integration-test/target/test-dir/MiniOzoneClusterImpl-712b11b3-5514-48f8-84a2-2435d4ba870b/datanode-0/data/ratis/76751961-850d-4a95-84e1-00994406b9a2/sm/snapshot.3_15
2019-09-11 05:29:43,171 [grpc-default-executor-1] INFO  server.GrpcLogAppender (GrpcLogAppender.java:onCompleted(293)) - cf454e7e-23b5-43a4-8b5d-d83390319e33@group-00994406B9A2->33471566-8842-41e4-bba3-9cc287622f4a-AppendLogResponseHandler: follower responses appendEntries COMPLETED
2019-09-11 05:29:43,171 [grpc-default-executor-4] INFO  server.GrpcLogAppender (GrpcLogAppender.java:onCompleted(293)) - cf454e7e-23b5-43a4-8b5d-d83390319e33@group-00994406B9A2->1085c8a3-fcd4-45c4-be46-c3757d6b46c3-AppendLogResponseHandler: follower responses appendEntries COMPLETED
2019-09-11 05:29:43,173 [cf454e7e-23b5-43a4-8b5d-d83390319e33@group-102DA19485F7-SegmentedRaftLogWorker] INFO  segmented.SegmentedRaftLogWorker (SegmentedRaftLogWorker.java:run(313)) - cf454e7e-23b5-43a4-8b5d-d83390319e33@group-102DA19485F7-SegmentedRaftLogWorker was interrupted, exiting. There are 0 tasks remaining in the queue.
2019-09-11 05:29:43,173 [grpc-default-executor-4] INFO  impl.FollowerInfo (FollowerInfo.java:lambda$new$0(51)) - cf454e7e-23b5-43a4-8b5d-d83390319e33@group-00994406B9A2->1085c8a3-fcd4-45c4-be46-c3757d6b46c3: nextIndex: updateUnconditionally 21 -> 17
2019-09-11 05:29:43,173 [grpc-default-executor-1] INFO  impl.FollowerInfo (FollowerInfo.java:lambda$new$0(51)) - cf454e7e-23b5-43a4-8b5d-d83390319e33@group-00994406B9A2->33471566-8842-41e4-bba3-9cc287622f4a: nextIndex: updateUnconditionally 21 -> 17
2019-09-11 05:29:43,178 [ForkJoinPool.commonPool-worker-1] INFO  segmented.SegmentedRaftLogWorker (SegmentedRaftLogWorker.java:close(228)) - cf454e7e-23b5-43a4-8b5d-d83390319e33@group-102DA19485F7-SegmentedRaftLogWorker close()
2019-09-11 05:29:43,213 [cf454e7e-23b5-43a4-8b5d-d83390319e33@group-00994406B9A2-StateMachineUpdater] INFO  ratis.ContainerStateMachine (ContainerStateMachine.java:takeSnapshot(300)) - group-00994406B9A2: Finished taking a snapshot at:(t:3, i:15) file:/workdir/hadoop-ozone/integration-test/target/test-dir/MiniOzoneClusterImpl-712b11b3-5514-48f8-84a2-2435d4ba870b/datanode-0/data/ratis/76751961-850d-4a95-84e1-00994406b9a2/sm/snapshot.3_15 time:43
2019-09-11 05:29:43,213 [cf454e7e-23b5-43a4-8b5d-d83390319e33@group-00994406B9A2-StateMachineUpdater] INFO  impl.StateMachineUpdater (StateMachineUpdater.java:takeSnapshot(258)) - cf454e7e-23b5-43a4-8b5d-d83390319e33@group-00994406B9A2-StateMachineUpdater: Took a snapshot at index 15
2019-09-11 05:29:43,214 [cf454e7e-23b5-43a4-8b5d-d83390319e33@group-00994406B9A2-StateMachineUpdater] INFO  impl.StateMachineUpdater (StateMachineUpdater.java:lambda$new$0(83)) - cf454e7e-23b5-43a4-8b5d-d83390319e33@group-00994406B9A2-StateMachineUpdater: snapshotIndex: updateIncreasingly -1 -> 15
2019-09-11 05:29:43,222 [cf454e7e-23b5-43a4-8b5d-d83390319e33@group-00994406B9A2-StateMachineUpdater] INFO  ratis.ContainerStateMachine (ContainerStateMachine.java:takeSnapshot(289)) - group-00994406B9A2: Taking a snapshot at:(t:3, i:15) file /workdir/hadoop-ozone/integration-test/target/test-dir/MiniOzoneClusterImpl-712b11b3-5514-48f8-84a2-2435d4ba870b/datanode-0/data/ratis/76751961-850d-4a95-84e1-00994406b9a2/sm/snapshot.3_15
2019-09-11 05:29:43,234 [cf454e7e-23b5-43a4-8b5d-d83390319e33@group-00994406B9A2-StateMachineUpdater] INFO  ratis.ContainerStateMachine (ContainerStateMachine.java:takeSnapshot(300)) - group-00994406B9A2: Finished taking a snapshot at:(t:3, i:15) file:/workdir/hadoop-ozone/integration-test/target/test-dir/MiniOzoneClusterImpl-712b11b3-5514-48f8-84a2-2435d4ba870b/datanode-0/data/ratis/76751961-850d-4a95-84e1-00994406b9a2/sm/snapshot.3_15 time:13
2019-09-11 05:29:43,235 [cf454e7e-23b5-43a4-8b5d-d83390319e33@group-00994406B9A2-StateMachineUpdater] INFO  impl.StateMachineUpdater (StateMachineUpdater.java:takeSnapshot(258)) - cf454e7e-23b5-43a4-8b5d-d83390319e33@group-00994406B9A2-StateMachineUpdater: Took a snapshot at index 15
2019-09-11 05:29:43,235 [cf454e7e-23b5-43a4-8b5d-d83390319e33@group-00994406B9A2-StateMachineUpdater] INFO  impl.StateMachineUpdater (StateMachineUpdater.java:lambda$new$0(83)) - cf454e7e-23b5-43a4-8b5d-d83390319e33@group-00994406B9A2-StateMachineUpdater: snapshotIndex: updateIncreasingly 15 -> 15
2019-09-11 05:29:43,235 [main] INFO  impl.RaftServerImpl (ServerState.java:close(385)) - cf454e7e-23b5-43a4-8b5d-d83390319e33@group-00994406B9A2: closes. applyIndex: 16
2019-09-11 05:29:43,246 [cf454e7e-23b5-43a4-8b5d-d83390319e33@group-00994406B9A2-SegmentedRaftLogWorker] ERROR ratis.XceiverServerRatis (XceiverServerRatis.java:triggerPipelineClose(568)) - pipeline Action CLOSE  on pipeline PipelineID=76751961-850d-4a95-84e1-00994406b9a2.Reason : WriteLog:19: (t:3, i:19), STATEMACHINELOGENTRY, client-51C1F636924D, cid=30-writeStateMachineData interrupted.
2019-09-11 05:29:43,261 [main] INFO  segmented.SegmentedRaftLogWorker (SegmentedRaftLogWorker.java:close(228)) - cf454e7e-23b5-43a4-8b5d-d83390319e33@group-00994406B9A2-SegmentedRaftLogWorker close()
2019-09-11 05:29:43,267 [main] INFO  server.GrpcService (GrpcService.java:closeImpl(164)) - cf454e7e-23b5-43a4-8b5d-d83390319e33: shutdown server with port 43699 now
2019-09-11 05:29:43,270 [main] INFO  server.GrpcService (GrpcService.java:closeImpl(172)) - cf454e7e-23b5-43a4-8b5d-d83390319e33: shutdown server with port 43699 successfully
2019-09-11 05:29:43,280 [refreshUsed-/workdir/hadoop-ozone/integration-test/target/test-dir/MiniOzoneClusterImpl-712b11b3-5514-48f8-84a2-2435d4ba870b/datanode-0/data/containers] WARN  fs.CachingGetSpaceUsed (CachingGetSpaceUsed.java:run(183)) - Thread Interrupted waiting to refresh disk information: sleep interrupted
2019-09-11 05:29:43,307 [main] INFO  utils.BackgroundService (BackgroundService.java:shutdown(148)) - Shutting down service BlockDeletingService
2019-09-11 05:29:43,317 [main] INFO  statemachine.DatanodeStateMachine (DatanodeStateMachine.java:stopDaemon(395)) - Ozone container server stopped.
2019-09-11 05:29:43,329 [main] INFO  handler.ContextHandler (ContextHandler.java:doStop(910)) - Stopped o.e.j.w.WebAppContext@476fe690{/,null,UNAVAILABLE}{/hddsDatanode}
2019-09-11 05:29:43,335 [main] INFO  server.AbstractConnector (AbstractConnector.java:doStop(318)) - Stopped ServerConnector@7a0e7ecd{HTTP/1.1,[http/1.1]}{0.0.0.0:0}
2019-09-11 05:29:43,336 [main] INFO  handler.ContextHandler (ContextHandler.java:doStop(910)) - Stopped o.e.j.s.ServletContextHandler@6920614{/static,jar:file:/home/user/.m2/repository/org/apache/hadoop/hadoop-hdds-container-service/0.5.0-SNAPSHOT/hadoop-hdds-container-service-0.5.0-SNAPSHOT.jar!/webapps/static,UNAVAILABLE}
2019-09-11 05:29:43,336 [main] INFO  handler.ContextHandler (ContextHandler.java:doStop(910)) - Stopped o.e.j.s.ServletContextHandler@1effd53c{/logs,file:///workdir/hadoop-ozone/integration-test/target/log,UNAVAILABLE}
2019-09-11 05:29:43,390 [grpc-default-executor-1] INFO  client.GrpcClientProtocolClient (GrpcClientProtocolClient.java:onNext(264)) - client-1FEA8BF74F46->78dbd0e6-a34a-4054-9e2e-3bf1b76c8205: receive RaftClientReply:client-1FEA8BF74F46->78dbd0e6-a34a-4054-9e2e-3bf1b76c8205@group-B7894EF2C8AA, cid=49, SUCCESS, logIndex=8, commits[78dbd0e6-a34a-4054-9e2e-3bf1b76c8205:c11, 1169a1ed-1394-44b2-9737-be9aad5bd237:c7, 64c45ce8-9e8f-4626-9780-d8b476434616:c7]
2019-09-11 05:29:43,392 [grpc-default-executor-4] INFO  client.GrpcClientProtocolClient (GrpcClientProtocolClient.java:onNext(264)) - client-1FEA8BF74F46->78dbd0e6-a34a-4054-9e2e-3bf1b76c8205: receive RaftClientReply:client-1FEA8BF74F46->78dbd0e6-a34a-4054-9e2e-3bf1b76c8205@group-B7894EF2C8AA, cid=50, SUCCESS, logIndex=9, commits[78dbd0e6-a34a-4054-9e2e-3bf1b76c8205:c11, 1169a1ed-1394-44b2-9737-be9aad5bd237:c7, 64c45ce8-9e8f-4626-9780-d8b476434616:c7]
2019-09-11 05:29:43,392 [grpc-default-executor-4] INFO  client.GrpcClientProtocolClient (GrpcClientProtocolClient.java:onNext(264)) - client-1FEA8BF74F46->78dbd0e6-a34a-4054-9e2e-3bf1b76c8205: receive RaftClientReply:client-1FEA8BF74F46->78dbd0e6-a34a-4054-9e2e-3bf1b76c8205@group-B7894EF2C8AA, cid=51, SUCCESS, logIndex=10, commits[78dbd0e6-a34a-4054-9e2e-3bf1b76c8205:c11, 1169a1ed-1394-44b2-9737-be9aad5bd237:c7, 64c45ce8-9e8f-4626-9780-d8b476434616:c8]
2019-09-11 05:29:43,393 [grpc-default-executor-4] INFO  client.GrpcClientProtocolClient (GrpcClientProtocolClient.java:onNext(264)) - client-1FEA8BF74F46->78dbd0e6-a34a-4054-9e2e-3bf1b76c8205: receive RaftClientReply:client-1FEA8BF74F46->78dbd0e6-a34a-4054-9e2e-3bf1b76c8205@group-B7894EF2C8AA, cid=52, SUCCESS, logIndex=11, commits[78dbd0e6-a34a-4054-9e2e-3bf1b76c8205:c14, 1169a1ed-1394-44b2-9737-be9aad5bd237:c11, 64c45ce8-9e8f-4626-9780-d8b476434616:c11]
2019-09-11 05:29:43,564 [java.util.concurrent.ThreadPoolExecutor$Worker@51c3d2cc[State = -1, empty queue]] WARN  server.GrpcLogAppender (GrpcLogAppender.java:timeoutAppendRequest(200)) - 4923db37-afc5-4a4b-9e0e-3e0e64c6efbc@group-DBCF7A494882->fa5ee157-3b80-4774-adcc-f01234ebded8-GrpcLogAppender: appendEntries Timeout, request=4923db37-afc5-4a4b-9e0e-3e0e64c6efbc->fa5ee157-3b80-4774-adcc-f01234ebded8#103-t2, previous=(t:2, i:19), leaderCommit=15, initializing? false, entries: <empty>
2019-09-11 05:29:43,591 [java.util.concurrent.ThreadPoolExecutor$Worker@15c0b703[State = -1, empty queue]] WARN  server.GrpcLogAppender (GrpcLogAppender.java:timeoutAppendRequest(200)) - 4923db37-afc5-4a4b-9e0e-3e0e64c6efbc@group-DBCF7A494882->b5c94862-e767-4e3a-a577-422bae381862-GrpcLogAppender: appendEntries Timeout, request=4923db37-afc5-4a4b-9e0e-3e0e64c6efbc->b5c94862-e767-4e3a-a577-422bae381862#103-t2, previous=(t:2, i:19), leaderCommit=15, initializing? false, entries: <empty>
2019-09-11 05:29:44,064 [java.util.concurrent.ThreadPoolExecutor$Worker@51c3d2cc[State = -1, empty queue]] WARN  server.GrpcLogAppender (GrpcLogAppender.java:timeoutAppendRequest(200)) - 4923db37-afc5-4a4b-9e0e-3e0e64c6efbc@group-DBCF7A494882->fa5ee157-3b80-4774-adcc-f01234ebded8-GrpcLogAppender: appendEntries Timeout, request=4923db37-afc5-4a4b-9e0e-3e0e64c6efbc->fa5ee157-3b80-4774-adcc-f01234ebded8#104-t2, previous=(t:2, i:19), leaderCommit=15, initializing? false, entries: <empty>
2019-09-11 05:29:44,091 [java.util.concurrent.ThreadPoolExecutor$Worker@15c0b703[State = -1, empty queue]] WARN  server.GrpcLogAppender (GrpcLogAppender.java:timeoutAppendRequest(200)) - 4923db37-afc5-4a4b-9e0e-3e0e64c6efbc@group-DBCF7A494882->b5c94862-e767-4e3a-a577-422bae381862-GrpcLogAppender: appendEntries Timeout, request=4923db37-afc5-4a4b-9e0e-3e0e64c6efbc->b5c94862-e767-4e3a-a577-422bae381862#104-t2, previous=(t:2, i:19), leaderCommit=15, initializing? false, entries: <empty>
2019-09-11 05:29:44,565 [java.util.concurrent.ThreadPoolExecutor$Worker@51c3d2cc[State = -1, empty queue]] WARN  server.GrpcLogAppender (GrpcLogAppender.java:timeoutAppendRequest(200)) - 4923db37-afc5-4a4b-9e0e-3e0e64c6efbc@group-DBCF7A494882->fa5ee157-3b80-4774-adcc-f01234ebded8-GrpcLogAppender: appendEntries Timeout, request=4923db37-afc5-4a4b-9e0e-3e0e64c6efbc->fa5ee157-3b80-4774-adcc-f01234ebded8#105-t2, previous=(t:2, i:19), leaderCommit=15, initializing? false, entries: <empty>
2019-09-11 05:29:44,592 [java.util.concurrent.ThreadPoolExecutor$Worker@15c0b703[State = -1, empty queue]] WARN  server.GrpcLogAppender (GrpcLogAppender.java:timeoutAppendRequest(200)) - 4923db37-afc5-4a4b-9e0e-3e0e64c6efbc@group-DBCF7A494882->b5c94862-e767-4e3a-a577-422bae381862-GrpcLogAppender: appendEntries Timeout, request=4923db37-afc5-4a4b-9e0e-3e0e64c6efbc->b5c94862-e767-4e3a-a577-422bae381862#105-t2, previous=(t:2, i:19), leaderCommit=15, initializing? false, entries: <empty>
2019-09-11 05:29:45,065 [java.util.concurrent.ThreadPoolExecutor$Worker@51c3d2cc[State = -1, empty queue]] WARN  server.GrpcLogAppender (GrpcLogAppender.java:timeoutAppendRequest(200)) - 4923db37-afc5-4a4b-9e0e-3e0e64c6efbc@group-DBCF7A494882->fa5ee157-3b80-4774-adcc-f01234ebded8-GrpcLogAppender: appendEntries Timeout, request=4923db37-afc5-4a4b-9e0e-3e0e64c6efbc->fa5ee157-3b80-4774-adcc-f01234ebded8#106-t2, previous=(t:2, i:19), leaderCommit=15, initializing? false, entries: <empty>
2019-09-11 05:29:45,092 [java.util.concurrent.ThreadPoolExecutor$Worker@15c0b703[State = -1, empty queue]] WARN  server.GrpcLogAppender (GrpcLogAppender.java:timeoutAppendRequest(200)) - 4923db37-afc5-4a4b-9e0e-3e0e64c6efbc@group-DBCF7A494882->b5c94862-e767-4e3a-a577-422bae381862-GrpcLogAppender: appendEntries Timeout, request=4923db37-afc5-4a4b-9e0e-3e0e64c6efbc->b5c94862-e767-4e3a-a577-422bae381862#106-t2, previous=(t:2, i:19), leaderCommit=15, initializing? false, entries: <empty>
2019-09-11 05:29:45,566 [java.util.concurrent.ThreadPoolExecutor$Worker@51c3d2cc[State = -1, empty queue]] WARN  server.GrpcLogAppender (GrpcLogAppender.java:timeoutAppendRequest(200)) - 4923db37-afc5-4a4b-9e0e-3e0e64c6efbc@group-DBCF7A494882->fa5ee157-3b80-4774-adcc-f01234ebded8-GrpcLogAppender: appendEntries Timeout, request=4923db37-afc5-4a4b-9e0e-3e0e64c6efbc->fa5ee157-3b80-4774-adcc-f01234ebded8#107-t2, previous=(t:2, i:19), leaderCommit=15, initializing? false, entries: <empty>
2019-09-11 05:29:45,592 [java.util.concurrent.ThreadPoolExecutor$Worker@15c0b703[State = -1, empty queue]] WARN  server.GrpcLogAppender (GrpcLogAppender.java:timeoutAppendRequest(200)) - 4923db37-afc5-4a4b-9e0e-3e0e64c6efbc@group-DBCF7A494882->b5c94862-e767-4e3a-a577-422bae381862-GrpcLogAppender: appendEntries Timeout, request=4923db37-afc5-4a4b-9e0e-3e0e64c6efbc->b5c94862-e767-4e3a-a577-422bae381862#107-t2, previous=(t:2, i:19), leaderCommit=15, initializing? false, entries: <empty>
2019-09-11 05:29:46,067 [java.util.concurrent.ThreadPoolExecutor$Worker@51c3d2cc[State = -1, empty queue]] WARN  server.GrpcLogAppender (GrpcLogAppender.java:timeoutAppendRequest(200)) - 4923db37-afc5-4a4b-9e0e-3e0e64c6efbc@group-DBCF7A494882->fa5ee157-3b80-4774-adcc-f01234ebded8-GrpcLogAppender: appendEntries Timeout, request=4923db37-afc5-4a4b-9e0e-3e0e64c6efbc->fa5ee157-3b80-4774-adcc-f01234ebded8#108-t2, previous=(t:2, i:19), leaderCommit=15, initializing? false, entries: <empty>
2019-09-11 05:29:46,093 [java.util.concurrent.ThreadPoolExecutor$Worker@15c0b703[State = -1, empty queue]] WARN  server.GrpcLogAppender (GrpcLogAppender.java:timeoutAppendRequest(200)) - 4923db37-afc5-4a4b-9e0e-3e0e64c6efbc@group-DBCF7A494882->b5c94862-e767-4e3a-a577-422bae381862-GrpcLogAppender: appendEntries Timeout, request=4923db37-afc5-4a4b-9e0e-3e0e64c6efbc->b5c94862-e767-4e3a-a577-422bae381862#108-t2, previous=(t:2, i:19), leaderCommit=15, initializing? false, entries: <empty>
2019-09-11 05:29:46,418 [java.util.concurrent.ThreadPoolExecutor$Worker@7aa35568[State = -1, empty queue]] WARN  server.GrpcLogAppender (GrpcLogAppender.java:timeoutAppendRequest(200)) - 78dbd0e6-a34a-4054-9e2e-3bf1b76c8205@group-B7894EF2C8AA->1169a1ed-1394-44b2-9737-be9aad5bd237-GrpcLogAppender: appendEntries Timeout, request=78dbd0e6-a34a-4054-9e2e-3bf1b76c8205->1169a1ed-1394-44b2-9737-be9aad5bd237#106-t2, previous=(t:2, i:15), leaderCommit=15, initializing? false, entries: size=1, first=(t:2, i:16), STATEMACHINELOGENTRY, client-1FEA8BF74F46, cid=53
2019-09-11 05:29:46,418 [java.util.concurrent.ThreadPoolExecutor$Worker@5b0e78e[State = -1, empty queue]] WARN  server.GrpcLogAppender (GrpcLogAppender.java:timeoutAppendRequest(200)) - 78dbd0e6-a34a-4054-9e2e-3bf1b76c8205@group-B7894EF2C8AA->64c45ce8-9e8f-4626-9780-d8b476434616-GrpcLogAppender: appendEntries Timeout, request=78dbd0e6-a34a-4054-9e2e-3bf1b76c8205->64c45ce8-9e8f-4626-9780-d8b476434616#106-t2, previous=(t:2, i:15), leaderCommit=15, initializing? false, entries: size=1, first=(t:2, i:16), STATEMACHINELOGENTRY, client-1FEA8BF74F46, cid=53
2019-09-11 05:29:46,419 [java.util.concurrent.ThreadPoolExecutor$Worker@7aa35568[State = -1, empty queue]] WARN  server.GrpcLogAppender (GrpcLogAppender.java:timeoutAppendRequest(200)) - 78dbd0e6-a34a-4054-9e2e-3bf1b76c8205@group-B7894EF2C8AA->1169a1ed-1394-44b2-9737-be9aad5bd237-GrpcLogAppender: appendEntries Timeout, request=78dbd0e6-a34a-4054-9e2e-3bf1b76c8205->1169a1ed-1394-44b2-9737-be9aad5bd237#107-t2, previous=(t:2, i:16), leaderCommit=15, initializing? false, entries: size=1, first=(t:2, i:17), STATEMACHINELOGENTRY, client-1FEA8BF74F46, cid=54
2019-09-11 05:29:46,419 [java.util.concurrent.ThreadPoolExecutor$Worker@5b0e78e[State = -1, empty queue]] WARN  server.GrpcLogAppender (GrpcLogAppender.java:timeoutAppendRequest(200)) - 78dbd0e6-a34a-4054-9e2e-3bf1b76c8205@group-B7894EF2C8AA->64c45ce8-9e8f-4626-9780-d8b476434616-GrpcLogAppender: appendEntries Timeout, request=78dbd0e6-a34a-4054-9e2e-3bf1b76c8205->64c45ce8-9e8f-4626-9780-d8b476434616#107-t2, previous=(t:2, i:16), leaderCommit=15, initializing? false, entries: size=1, first=(t:2, i:17), STATEMACHINELOGENTRY, client-1FEA8BF74F46, cid=54
2019-09-11 05:29:46,423 [java.util.concurrent.ThreadPoolExecutor$Worker@7aa35568[State = -1, empty queue]] WARN  server.GrpcLogAppender (GrpcLogAppender.java:timeoutAppendRequest(200)) - 78dbd0e6-a34a-4054-9e2e-3bf1b76c8205@group-B7894EF2C8AA->1169a1ed-1394-44b2-9737-be9aad5bd237-GrpcLogAppender: appendEntries Timeout, request=78dbd0e6-a34a-4054-9e2e-3bf1b76c8205->1169a1ed-1394-44b2-9737-be9aad5bd237#108-t2, previous=(t:2, i:17), leaderCommit=15, initializing? false, entries: size=1, first=(t:2, i:18), STATEMACHINELOGENTRY, client-1FEA8BF74F46, cid=55
2019-09-11 05:29:46,423 [java.util.concurrent.ThreadPoolExecutor$Worker@5b0e78e[State = -1, empty queue]] WARN  server.GrpcLogAppender (GrpcLogAppender.java:timeoutAppendRequest(200)) - 78dbd0e6-a34a-4054-9e2e-3bf1b76c8205@group-B7894EF2C8AA->64c45ce8-9e8f-4626-9780-d8b476434616-GrpcLogAppender: appendEntries Timeout, request=78dbd0e6-a34a-4054-9e2e-3bf1b76c8205->64c45ce8-9e8f-4626-9780-d8b476434616#108-t2, previous=(t:2, i:17), leaderCommit=15, initializing? false, entries: size=1, first=(t:2, i:18), STATEMACHINELOGENTRY, client-1FEA8BF74F46, cid=55
2019-09-11 05:29:46,423 [java.util.concurrent.ThreadPoolExecutor$Worker@7aa35568[State = -1, empty queue]] WARN  server.GrpcLogAppender (GrpcLogAppender.java:timeoutAppendRequest(200)) - 78dbd0e6-a34a-4054-9e2e-3bf1b76c8205@group-B7894EF2C8AA->1169a1ed-1394-44b2-9737-be9aad5bd237-GrpcLogAppender: appendEntries Timeout, request=78dbd0e6-a34a-4054-9e2e-3bf1b76c8205->1169a1ed-1394-44b2-9737-be9aad5bd237#109-t2, previous=(t:2, i:18), leaderCommit=15, initializing? false, entries: size=1, first=(t:2, i:19), STATEMACHINELOGENTRY, client-1FEA8BF74F46, cid=56
2019-09-11 05:29:46,423 [java.util.concurrent.ThreadPoolExecutor$Worker@5b0e78e[State = -1, empty queue]] WARN  server.GrpcLogAppender (GrpcLogAppender.java:timeoutAppendRequest(200)) - 78dbd0e6-a34a-4054-9e2e-3bf1b76c8205@group-B7894EF2C8AA->64c45ce8-9e8f-4626-9780-d8b476434616-GrpcLogAppender: appendEntries Timeout, request=78dbd0e6-a34a-4054-9e2e-3bf1b76c8205->64c45ce8-9e8f-4626-9780-d8b476434616#109-t2, previous=(t:2, i:18), leaderCommit=15, initializing? false, entries: size=1, first=(t:2, i:19), STATEMACHINELOGENTRY, client-1FEA8BF74F46, cid=56
2019-09-11 05:29:46,567 [java.util.concurrent.ThreadPoolExecutor$Worker@51c3d2cc[State = -1, empty queue]] WARN  server.GrpcLogAppender (GrpcLogAppender.java:timeoutAppendRequest(200)) - 4923db37-afc5-4a4b-9e0e-3e0e64c6efbc@group-DBCF7A494882->fa5ee157-3b80-4774-adcc-f01234ebded8-GrpcLogAppender: appendEntries Timeout, request=4923db37-afc5-4a4b-9e0e-3e0e64c6efbc->fa5ee157-3b80-4774-adcc-f01234ebded8#109-t2, previous=(t:2, i:19), leaderCommit=15, initializing? false, entries: <empty>
2019-09-11 05:29:46,593 [java.util.concurrent.ThreadPoolExecutor$Worker@15c0b703[State = -1, empty queue]] WARN  server.GrpcLogAppender (GrpcLogAppender.java:timeoutAppendRequest(200)) - 4923db37-afc5-4a4b-9e0e-3e0e64c6efbc@group-DBCF7A494882->b5c94862-e767-4e3a-a577-422bae381862-GrpcLogAppender: appendEntries Timeout, request=4923db37-afc5-4a4b-9e0e-3e0e64c6efbc->b5c94862-e767-4e3a-a577-422bae381862#109-t2, previous=(t:2, i:19), leaderCommit=15, initializing? false, entries: <empty>
2019-09-11 05:29:46,923 [java.util.concurrent.ThreadPoolExecutor$Worker@7aa35568[State = -1, empty queue]] WARN  server.GrpcLogAppender (GrpcLogAppender.java:timeoutAppendRequest(200)) - 78dbd0e6-a34a-4054-9e2e-3bf1b76c8205@group-B7894EF2C8AA->1169a1ed-1394-44b2-9737-be9aad5bd237-GrpcLogAppender: appendEntries Timeout, request=78dbd0e6-a34a-4054-9e2e-3bf1b76c8205->1169a1ed-1394-44b2-9737-be9aad5bd237#110-t2, previous=(t:2, i:19), leaderCommit=15, initializing? false, entries: <empty>
2019-09-11 05:29:46,923 [java.util.concurrent.ThreadPoolExecutor$Worker@5b0e78e[State = -1, empty queue]] WARN  server.GrpcLogAppender (GrpcLogAppender.java:timeoutAppendRequest(200)) - 78dbd0e6-a34a-4054-9e2e-3bf1b76c8205@group-B7894EF2C8AA->64c45ce8-9e8f-4626-9780-d8b476434616-GrpcLogAppender: appendEntries Timeout, request=78dbd0e6-a34a-4054-9e2e-3bf1b76c8205->64c45ce8-9e8f-4626-9780-d8b476434616#110-t2, previous=(t:2, i:19), leaderCommit=15, initializing? false, entries: <empty>
2019-09-11 05:29:47,067 [java.util.concurrent.ThreadPoolExecutor$Worker@51c3d2cc[State = -1, empty queue]] WARN  server.GrpcLogAppender (GrpcLogAppender.java:timeoutAppendRequest(200)) - 4923db37-afc5-4a4b-9e0e-3e0e64c6efbc@group-DBCF7A494882->fa5ee157-3b80-4774-adcc-f01234ebded8-GrpcLogAppender: appendEntries Timeout, request=4923db37-afc5-4a4b-9e0e-3e0e64c6efbc->fa5ee157-3b80-4774-adcc-f01234ebded8#110-t2, previous=(t:2, i:19), leaderCommit=15, initializing? false, entries: <empty>
2019-09-11 05:29:47,093 [java.util.concurrent.ThreadPoolExecutor$Worker@15c0b703[State = -1, empty queue]] WARN  server.GrpcLogAppender (GrpcLogAppender.java:timeoutAppendRequest(200)) - 4923db37-afc5-4a4b-9e0e-3e0e64c6efbc@group-DBCF7A494882->b5c94862-e767-4e3a-a577-422bae381862-GrpcLogAppender: appendEntries Timeout, request=4923db37-afc5-4a4b-9e0e-3e0e64c6efbc->b5c94862-e767-4e3a-a577-422bae381862#110-t2, previous=(t:2, i:19), leaderCommit=15, initializing? false, entries: <empty>
2019-09-11 05:29:47,426 [java.util.concurrent.ThreadPoolExecutor$Worker@7aa35568[State = -1, empty queue]] WARN  server.GrpcLogAppender (GrpcLogAppender.java:timeoutAppendRequest(200)) - 78dbd0e6-a34a-4054-9e2e-3bf1b76c8205@group-B7894EF2C8AA->1169a1ed-1394-44b2-9737-be9aad5bd237-GrpcLogAppender: appendEntries Timeout, request=78dbd0e6-a34a-4054-9e2e-3bf1b76c8205->1169a1ed-1394-44b2-9737-be9aad5bd237#111-t2, previous=(t:2, i:19), leaderCommit=15, initializing? false, entries: <empty>
2019-09-11 05:29:47,426 [java.util.concurrent.ThreadPoolExecutor$Worker@5b0e78e[State = -1, empty queue]] WARN  server.GrpcLogAppender (GrpcLogAppender.java:timeoutAppendRequest(200)) - 78dbd0e6-a34a-4054-9e2e-3bf1b76c8205@group-B7894EF2C8AA->64c45ce8-9e8f-4626-9780-d8b476434616-GrpcLogAppender: appendEntries Timeout, request=78dbd0e6-a34a-4054-9e2e-3bf1b76c8205->64c45ce8-9e8f-4626-9780-d8b476434616#111-t2, previous=(t:2, i:19), leaderCommit=15, initializing? false, entries: <empty>
2019-09-11 05:29:47,568 [java.util.concurrent.ThreadPoolExecutor$Worker@51c3d2cc[State = -1, empty queue]] WARN  server.GrpcLogAppender (GrpcLogAppender.java:timeoutAppendRequest(200)) - 4923db37-afc5-4a4b-9e0e-3e0e64c6efbc@group-DBCF7A494882->fa5ee157-3b80-4774-adcc-f01234ebded8-GrpcLogAppender: appendEntries Timeout, request=4923db37-afc5-4a4b-9e0e-3e0e64c6efbc->fa5ee157-3b80-4774-adcc-f01234ebded8#111-t2, previous=(t:2, i:19), leaderCommit=15, initializing? false, entries: <empty>
2019-09-11 05:29:47,594 [java.util.concurrent.ThreadPoolExecutor$Worker@15c0b703[State = -1, empty queue]] WARN  server.GrpcLogAppender (GrpcLogAppender.java:timeoutAppendRequest(200)) - 4923db37-afc5-4a4b-9e0e-3e0e64c6efbc@group-DBCF7A494882->b5c94862-e767-4e3a-a577-422bae381862-GrpcLogAppender: appendEntries Timeout, request=4923db37-afc5-4a4b-9e0e-3e0e64c6efbc->b5c94862-e767-4e3a-a577-422bae381862#111-t2, previous=(t:2, i:19), leaderCommit=15, initializing? false, entries: <empty>
2019-09-11 05:29:47,924 [java.util.concurrent.ThreadPoolExecutor$Worker@7aa35568[State = -1, empty queue]] WARN  server.GrpcLogAppender (GrpcLogAppender.java:timeoutAppendRequest(200)) - 78dbd0e6-a34a-4054-9e2e-3bf1b76c8205@group-B7894EF2C8AA->1169a1ed-1394-44b2-9737-be9aad5bd237-GrpcLogAppender: appendEntries Timeout, request=78dbd0e6-a34a-4054-9e2e-3bf1b76c8205->1169a1ed-1394-44b2-9737-be9aad5bd237#112-t2, previous=(t:2, i:19), leaderCommit=15, initializing? false, entries: <empty>
2019-09-11 05:29:47,924 [java.util.concurrent.ThreadPoolExecutor$Worker@5b0e78e[State = -1, empty queue]] WARN  server.GrpcLogAppender (GrpcLogAppender.java:timeoutAppendRequest(200)) - 78dbd0e6-a34a-4054-9e2e-3bf1b76c8205@group-B7894EF2C8AA->64c45ce8-9e8f-4626-9780-d8b476434616-GrpcLogAppender: appendEntries Timeout, request=78dbd0e6-a34a-4054-9e2e-3bf1b76c8205->64c45ce8-9e8f-4626-9780-d8b476434616#112-t2, previous=(t:2, i:19), leaderCommit=15, initializing? false, entries: <empty>
2019-09-11 05:29:48,068 [java.util.concurrent.ThreadPoolExecutor$Worker@51c3d2cc[State = -1, empty queue]] WARN  server.GrpcLogAppender (GrpcLogAppender.java:timeoutAppendRequest(200)) - 4923db37-afc5-4a4b-9e0e-3e0e64c6efbc@group-DBCF7A494882->fa5ee157-3b80-4774-adcc-f01234ebded8-GrpcLogAppender: appendEntries Timeout, request=4923db37-afc5-4a4b-9e0e-3e0e64c6efbc->fa5ee157-3b80-4774-adcc-f01234ebded8#112-t2, previous=(t:2, i:19), leaderCommit=15, initializing? false, entries: <empty>
2019-09-11 05:29:48,094 [java.util.concurrent.ThreadPoolExecutor$Worker@15c0b703[State = -1, empty queue]] WARN  server.GrpcLogAppender (GrpcLogAppender.java:timeoutAppendRequest(200)) - 4923db37-afc5-4a4b-9e0e-3e0e64c6efbc@group-DBCF7A494882->b5c94862-e767-4e3a-a577-422bae381862-GrpcLogAppender: appendEntries Timeout, request=4923db37-afc5-4a4b-9e0e-3e0e64c6efbc->b5c94862-e767-4e3a-a577-422bae381862#112-t2, previous=(t:2, i:19), leaderCommit=15, initializing? false, entries: <empty>
2019-09-11 05:29:48,424 [java.util.concurrent.ThreadPoolExecutor$Worker@5b0e78e[State = -1, empty queue]] WARN  server.GrpcLogAppender (GrpcLogAppender.java:timeoutAppendRequest(200)) - 78dbd0e6-a34a-4054-9e2e-3bf1b76c8205@group-B7894EF2C8AA->64c45ce8-9e8f-4626-9780-d8b476434616-GrpcLogAppender: appendEntries Timeout, request=78dbd0e6-a34a-4054-9e2e-3bf1b76c8205->64c45ce8-9e8f-4626-9780-d8b476434616#113-t2, previous=(t:2, i:19), leaderCommit=15, initializing? false, entries: <empty>
2019-09-11 05:29:48,424 [java.util.concurrent.ThreadPoolExecutor$Worker@7aa35568[State = -1, empty queue]] WARN  server.GrpcLogAppender (GrpcLogAppender.java:timeoutAppendRequest(200)) - 78dbd0e6-a34a-4054-9e2e-3bf1b76c8205@group-B7894EF2C8AA->1169a1ed-1394-44b2-9737-be9aad5bd237-GrpcLogAppender: appendEntries Timeout, request=78dbd0e6-a34a-4054-9e2e-3bf1b76c8205->1169a1ed-1394-44b2-9737-be9aad5bd237#113-t2, previous=(t:2, i:19), leaderCommit=15, initializing? false, entries: <empty>
2019-09-11 05:29:48,453 [grpc-default-executor-1] INFO  client.GrpcClientProtocolClient (GrpcClientProtocolClient.java:onNext(264)) - client-1FEA8BF74F46->1169a1ed-1394-44b2-9737-be9aad5bd237: receive RaftClientReply:client-1FEA8BF74F46->1169a1ed-1394-44b2-9737-be9aad5bd237@group-B7894EF2C8AA, cid=53, FAILED org.apache.ratis.protocol.NotLeaderException: Server 1169a1ed-1394-44b2-9737-be9aad5bd237@group-B7894EF2C8AA is not the leader 78dbd0e6-a34a-4054-9e2e-3bf1b76c8205:192.168.36.125:36886, logIndex=0, commits[1169a1ed-1394-44b2-9737-be9aad5bd237:c15, 64c45ce8-9e8f-4626-9780-d8b476434616:c11, 78dbd0e6-a34a-4054-9e2e-3bf1b76c8205:c15]
2019-09-11 05:29:48,569 [java.util.concurrent.ThreadPoolExecutor$Worker@51c3d2cc[State = -1, empty queue]] WARN  server.GrpcLogAppender (GrpcLogAppender.java:timeoutAppendRequest(200)) - 4923db37-afc5-4a4b-9e0e-3e0e64c6efbc@group-DBCF7A494882->fa5ee157-3b80-4774-adcc-f01234ebded8-GrpcLogAppender: appendEntries Timeout, request=4923db37-afc5-4a4b-9e0e-3e0e64c6efbc->fa5ee157-3b80-4774-adcc-f01234ebded8#113-t2, previous=(t:2, i:19), leaderCommit=15, initializing? false, entries: <empty>
2019-09-11 05:29:48,594 [java.util.concurrent.ThreadPoolExecutor$Worker@15c0b703[State = -1, empty queue]] WARN  server.GrpcLogAppender (GrpcLogAppender.java:timeoutAppendRequest(200)) - 4923db37-afc5-4a4b-9e0e-3e0e64c6efbc@group-DBCF7A494882->b5c94862-e767-4e3a-a577-422bae381862-GrpcLogAppender: appendEntries Timeout, request=4923db37-afc5-4a4b-9e0e-3e0e64c6efbc->b5c94862-e767-4e3a-a577-422bae381862#113-t2, previous=(t:2, i:19), leaderCommit=15, initializing? false, entries: <empty>
2019-09-11 05:29:48,925 [java.util.concurrent.ThreadPoolExecutor$Worker@7aa35568[State = -1, empty queue]] WARN  server.GrpcLogAppender (GrpcLogAppender.java:timeoutAppendRequest(200)) - 78dbd0e6-a34a-4054-9e2e-3bf1b76c8205@group-B7894EF2C8AA->1169a1ed-1394-44b2-9737-be9aad5bd237-GrpcLogAppender: appendEntries Timeout, request=78dbd0e6-a34a-4054-9e2e-3bf1b76c8205->1169a1ed-1394-44b2-9737-be9aad5bd237#114-t2, previous=(t:2, i:19), leaderCommit=15, initializing? false, entries: <empty>
2019-09-11 05:29:48,925 [java.util.concurrent.ThreadPoolExecutor$Worker@5b0e78e[State = -1, empty queue]] WARN  server.GrpcLogAppender (GrpcLogAppender.java:timeoutAppendRequest(200)) - 78dbd0e6-a34a-4054-9e2e-3bf1b76c8205@group-B7894EF2C8AA->64c45ce8-9e8f-4626-9780-d8b476434616-GrpcLogAppender: appendEntries Timeout, request=78dbd0e6-a34a-4054-9e2e-3bf1b76c8205->64c45ce8-9e8f-4626-9780-d8b476434616#114-t2, previous=(t:2, i:19), leaderCommit=15, initializing? false, entries: <empty>
2019-09-11 05:29:49,069 [java.util.concurrent.ThreadPoolExecutor$Worker@51c3d2cc[State = -1, empty queue]] WARN  server.GrpcLogAppender (GrpcLogAppender.java:timeoutAppendRequest(200)) - 4923db37-afc5-4a4b-9e0e-3e0e64c6efbc@group-DBCF7A494882->fa5ee157-3b80-4774-adcc-f01234ebded8-GrpcLogAppender: appendEntries Timeout, request=4923db37-afc5-4a4b-9e0e-3e0e64c6efbc->fa5ee157-3b80-4774-adcc-f01234ebded8#114-t2, previous=(t:2, i:19), leaderCommit=15, initializing? false, entries: <empty>
2019-09-11 05:29:49,095 [java.util.concurrent.ThreadPoolExecutor$Worker@15c0b703[State = -1, empty queue]] WARN  server.GrpcLogAppender (GrpcLogAppender.java:timeoutAppendRequest(200)) - 4923db37-afc5-4a4b-9e0e-3e0e64c6efbc@group-DBCF7A494882->b5c94862-e767-4e3a-a577-422bae381862-GrpcLogAppender: appendEntries Timeout, request=4923db37-afc5-4a4b-9e0e-3e0e64c6efbc->b5c94862-e767-4e3a-a577-422bae381862#114-t2, previous=(t:2, i:19), leaderCommit=15, initializing? false, entries: <empty>
2019-09-11 05:29:49,425 [java.util.concurrent.ThreadPoolExecutor$Worker@7aa35568[State = -1, empty queue]] WARN  server.GrpcLogAppender (GrpcLogAppender.java:timeoutAppendRequest(200)) - 78dbd0e6-a34a-4054-9e2e-3bf1b76c8205@group-B7894EF2C8AA->1169a1ed-1394-44b2-9737-be9aad5bd237-GrpcLogAppender: appendEntries Timeout, request=78dbd0e6-a34a-4054-9e2e-3bf1b76c8205->1169a1ed-1394-44b2-9737-be9aad5bd237#115-t2, previous=(t:2, i:19), leaderCommit=15, initializing? false, entries: <empty>
2019-09-11 05:29:49,425 [java.util.concurrent.ThreadPoolExecutor$Worker@5b0e78e[State = -1, empty queue]] WARN  server.GrpcLogAppender (GrpcLogAppender.java:timeoutAppendRequest(200)) - 78dbd0e6-a34a-4054-9e2e-3bf1b76c8205@group-B7894EF2C8AA->64c45ce8-9e8f-4626-9780-d8b476434616-GrpcLogAppender: appendEntries Timeout, request=78dbd0e6-a34a-4054-9e2e-3bf1b76c8205->64c45ce8-9e8f-4626-9780-d8b476434616#115-t2, previous=(t:2, i:19), leaderCommit=15, initializing? false, entries: <empty>
2019-09-11 05:29:49,545 [fa5ee157-3b80-4774-adcc-f01234ebded8@group-DBCF7A494882-SegmentedRaftLogWorker] WARN  segmented.SegmentedRaftLogWorker (SegmentedRaftLogWorker.java:getFromFuture(90)) - Timeout 2/~
org.apache.ratis.protocol.TimeoutIOException: Timeout 10s: WriteLog:16: (t:2, i:16), STATEMACHINELOGENTRY, client-876F6FC8C029, cid=41-writeStateMachineData
	at org.apache.ratis.util.IOUtils.getFromFuture(IOUtils.java:87)
	at org.apache.ratis.server.raftlog.segmented.SegmentedRaftLogWorker$StateMachineDataPolicy.getFromFuture(SegmentedRaftLogWorker.java:87)
	at org.apache.ratis.server.raftlog.segmented.SegmentedRaftLogWorker$WriteLog.execute(SegmentedRaftLogWorker.java:477)
	at org.apache.ratis.server.raftlog.segmented.SegmentedRaftLogWorker.run(SegmentedRaftLogWorker.java:289)
	at java.lang.Thread.run(Thread.java:748)
Caused by: java.util.concurrent.TimeoutException
	at java.util.concurrent.CompletableFuture.timedGet(CompletableFuture.java:1771)
	at java.util.concurrent.CompletableFuture.get(CompletableFuture.java:1915)
	at org.apache.ratis.util.IOUtils.getFromFuture(IOUtils.java:79)
	... 4 more
2019-09-11 05:29:49,570 [java.util.concurrent.ThreadPoolExecutor$Worker@51c3d2cc[State = -1, empty queue]] WARN  server.GrpcLogAppender (GrpcLogAppender.java:timeoutAppendRequest(200)) - 4923db37-afc5-4a4b-9e0e-3e0e64c6efbc@group-DBCF7A494882->fa5ee157-3b80-4774-adcc-f01234ebded8-GrpcLogAppender: appendEntries Timeout, request=4923db37-afc5-4a4b-9e0e-3e0e64c6efbc->fa5ee157-3b80-4774-adcc-f01234ebded8#115-t2, previous=(t:2, i:19), leaderCommit=15, initializing? false, entries: <empty>
2019-09-11 05:29:49,595 [java.util.concurrent.ThreadPoolExecutor$Worker@15c0b703[State = -1, empty queue]] WARN  server.GrpcLogAppender (GrpcLogAppender.java:timeoutAppendRequest(200)) - 4923db37-afc5-4a4b-9e0e-3e0e64c6efbc@group-DBCF7A494882->b5c94862-e767-4e3a-a577-422bae381862-GrpcLogAppender: appendEntries Timeout, request=4923db37-afc5-4a4b-9e0e-3e0e64c6efbc->b5c94862-e767-4e3a-a577-422bae381862#115-t2, previous=(t:2, i:19), leaderCommit=15, initializing? false, entries: <empty>
2019-09-11 05:29:49,613 [b5c94862-e767-4e3a-a577-422bae381862@group-DBCF7A494882-SegmentedRaftLogWorker] WARN  segmented.SegmentedRaftLogWorker (SegmentedRaftLogWorker.java:getFromFuture(90)) - Timeout 2/~
org.apache.ratis.protocol.TimeoutIOException: Timeout 10s: WriteLog:18: (t:2, i:18), STATEMACHINELOGENTRY, client-876F6FC8C029, cid=43-writeStateMachineData
	at org.apache.ratis.util.IOUtils.getFromFuture(IOUtils.java:87)
	at org.apache.ratis.server.raftlog.segmented.SegmentedRaftLogWorker$StateMachineDataPolicy.getFromFuture(SegmentedRaftLogWorker.java:87)
	at org.apache.ratis.server.raftlog.segmented.SegmentedRaftLogWorker$WriteLog.execute(SegmentedRaftLogWorker.java:477)
	at org.apache.ratis.server.raftlog.segmented.SegmentedRaftLogWorker.run(SegmentedRaftLogWorker.java:289)
	at java.lang.Thread.run(Thread.java:748)
Caused by: java.util.concurrent.TimeoutException
	at java.util.concurrent.CompletableFuture.timedGet(CompletableFuture.java:1771)
	at java.util.concurrent.CompletableFuture.get(CompletableFuture.java:1915)
	at org.apache.ratis.util.IOUtils.getFromFuture(IOUtils.java:79)
	... 4 more
2019-09-11 05:29:49,876 [4923db37-afc5-4a4b-9e0e-3e0e64c6efbc@group-DBCF7A494882-SegmentedRaftLogWorker] WARN  segmented.SegmentedRaftLogWorker (SegmentedRaftLogWorker.java:getFromFuture(90)) - Timeout 2/~
org.apache.ratis.protocol.TimeoutIOException: Timeout 10s: WriteLog:18: (t:2, i:18), STATEMACHINELOGENTRY, client-876F6FC8C029, cid=43-writeStateMachineData
	at org.apache.ratis.util.IOUtils.getFromFuture(IOUtils.java:87)
	at org.apache.ratis.server.raftlog.segmented.SegmentedRaftLogWorker$StateMachineDataPolicy.getFromFuture(SegmentedRaftLogWorker.java:87)
	at org.apache.ratis.server.raftlog.segmented.SegmentedRaftLogWorker$WriteLog.execute(SegmentedRaftLogWorker.java:477)
	at org.apache.ratis.server.raftlog.segmented.SegmentedRaftLogWorker.run(SegmentedRaftLogWorker.java:289)
	at java.lang.Thread.run(Thread.java:748)
Caused by: java.util.concurrent.TimeoutException
	at java.util.concurrent.CompletableFuture.timedGet(CompletableFuture.java:1771)
	at java.util.concurrent.CompletableFuture.get(CompletableFuture.java:1915)
	at org.apache.ratis.util.IOUtils.getFromFuture(IOUtils.java:79)
	... 4 more
2019-09-11 05:29:49,926 [java.util.concurrent.ThreadPoolExecutor$Worker@7aa35568[State = -1, empty queue]] WARN  server.GrpcLogAppender (GrpcLogAppender.java:timeoutAppendRequest(200)) - 78dbd0e6-a34a-4054-9e2e-3bf1b76c8205@group-B7894EF2C8AA->1169a1ed-1394-44b2-9737-be9aad5bd237-GrpcLogAppender: appendEntries Timeout, request=78dbd0e6-a34a-4054-9e2e-3bf1b76c8205->1169a1ed-1394-44b2-9737-be9aad5bd237#116-t2, previous=(t:2, i:19), leaderCommit=15, initializing? false, entries: <empty>
2019-09-11 05:29:49,926 [java.util.concurrent.ThreadPoolExecutor$Worker@5b0e78e[State = -1, empty queue]] WARN  server.GrpcLogAppender (GrpcLogAppender.java:timeoutAppendRequest(200)) - 78dbd0e6-a34a-4054-9e2e-3bf1b76c8205@group-B7894EF2C8AA->64c45ce8-9e8f-4626-9780-d8b476434616-GrpcLogAppender: appendEntries Timeout, request=78dbd0e6-a34a-4054-9e2e-3bf1b76c8205->64c45ce8-9e8f-4626-9780-d8b476434616#116-t2, previous=(t:2, i:19), leaderCommit=15, initializing? false, entries: <empty>
2019-09-11 05:29:50,070 [java.util.concurrent.ThreadPoolExecutor$Worker@51c3d2cc[State = -1, empty queue]] WARN  server.GrpcLogAppender (GrpcLogAppender.java:timeoutAppendRequest(200)) - 4923db37-afc5-4a4b-9e0e-3e0e64c6efbc@group-DBCF7A494882->fa5ee157-3b80-4774-adcc-f01234ebded8-GrpcLogAppender: appendEntries Timeout, request=4923db37-afc5-4a4b-9e0e-3e0e64c6efbc->fa5ee157-3b80-4774-adcc-f01234ebded8#116-t2, previous=(t:2, i:19), leaderCommit=15, initializing? false, entries: <empty>
2019-09-11 05:29:50,096 [java.util.concurrent.ThreadPoolExecutor$Worker@15c0b703[State = -1, empty queue]] WARN  server.GrpcLogAppender (GrpcLogAppender.java:timeoutAppendRequest(200)) - 4923db37-afc5-4a4b-9e0e-3e0e64c6efbc@group-DBCF7A494882->b5c94862-e767-4e3a-a577-422bae381862-GrpcLogAppender: appendEntries Timeout, request=4923db37-afc5-4a4b-9e0e-3e0e64c6efbc->b5c94862-e767-4e3a-a577-422bae381862#116-t2, previous=(t:2, i:19), leaderCommit=15, initializing? false, entries: <empty>
2019-09-11 05:29:50,426 [java.util.concurrent.ThreadPoolExecutor$Worker@5b0e78e[State = -1, empty queue]] WARN  server.GrpcLogAppender (GrpcLogAppender.java:timeoutAppendRequest(200)) - 78dbd0e6-a34a-4054-9e2e-3bf1b76c8205@group-B7894EF2C8AA->64c45ce8-9e8f-4626-9780-d8b476434616-GrpcLogAppender: appendEntries Timeout, request=78dbd0e6-a34a-4054-9e2e-3bf1b76c8205->64c45ce8-9e8f-4626-9780-d8b476434616#117-t2, previous=(t:2, i:19), leaderCommit=15, initializing? false, entries: <empty>
2019-09-11 05:29:50,426 [java.util.concurrent.ThreadPoolExecutor$Worker@7aa35568[State = -1, empty queue]] WARN  server.GrpcLogAppender (GrpcLogAppender.java:timeoutAppendRequest(200)) - 78dbd0e6-a34a-4054-9e2e-3bf1b76c8205@group-B7894EF2C8AA->1169a1ed-1394-44b2-9737-be9aad5bd237-GrpcLogAppender: appendEntries Timeout, request=78dbd0e6-a34a-4054-9e2e-3bf1b76c8205->1169a1ed-1394-44b2-9737-be9aad5bd237#117-t2, previous=(t:2, i:19), leaderCommit=15, initializing? false, entries: <empty>
2019-09-11 05:29:50,570 [java.util.concurrent.ThreadPoolExecutor$Worker@51c3d2cc[State = -1, empty queue]] WARN  server.GrpcLogAppender (GrpcLogAppender.java:timeoutAppendRequest(200)) - 4923db37-afc5-4a4b-9e0e-3e0e64c6efbc@group-DBCF7A494882->fa5ee157-3b80-4774-adcc-f01234ebded8-GrpcLogAppender: appendEntries Timeout, request=4923db37-afc5-4a4b-9e0e-3e0e64c6efbc->fa5ee157-3b80-4774-adcc-f01234ebded8#117-t2, previous=(t:2, i:19), leaderCommit=15, initializing? false, entries: <empty>
2019-09-11 05:29:50,596 [java.util.concurrent.ThreadPoolExecutor$Worker@15c0b703[State = -1, empty queue]] WARN  server.GrpcLogAppender (GrpcLogAppender.java:timeoutAppendRequest(200)) - 4923db37-afc5-4a4b-9e0e-3e0e64c6efbc@group-DBCF7A494882->b5c94862-e767-4e3a-a577-422bae381862-GrpcLogAppender: appendEntries Timeout, request=4923db37-afc5-4a4b-9e0e-3e0e64c6efbc->b5c94862-e767-4e3a-a577-422bae381862#117-t2, previous=(t:2, i:19), leaderCommit=15, initializing? false, entries: <empty>
2019-09-11 05:29:50,926 [java.util.concurrent.ThreadPoolExecutor$Worker@5b0e78e[State = -1, empty queue]] WARN  server.GrpcLogAppender (GrpcLogAppender.java:timeoutAppendRequest(200)) - 78dbd0e6-a34a-4054-9e2e-3bf1b76c8205@group-B7894EF2C8AA->64c45ce8-9e8f-4626-9780-d8b476434616-GrpcLogAppender: appendEntries Timeout, request=78dbd0e6-a34a-4054-9e2e-3bf1b76c8205->64c45ce8-9e8f-4626-9780-d8b476434616#118-t2, previous=(t:2, i:19), leaderCommit=15, initializing? false, entries: <empty>
2019-09-11 05:29:50,926 [java.util.concurrent.ThreadPoolExecutor$Worker@7aa35568[State = -1, empty queue]] WARN  server.GrpcLogAppender (GrpcLogAppender.java:timeoutAppendRequest(200)) - 78dbd0e6-a34a-4054-9e2e-3bf1b76c8205@group-B7894EF2C8AA->1169a1ed-1394-44b2-9737-be9aad5bd237-GrpcLogAppender: appendEntries Timeout, request=78dbd0e6-a34a-4054-9e2e-3bf1b76c8205->1169a1ed-1394-44b2-9737-be9aad5bd237#118-t2, previous=(t:2, i:19), leaderCommit=15, initializing? false, entries: <empty>
2019-09-11 05:29:50,945 [1085c8a3-fcd4-45c4-be46-c3757d6b46c3@group-00994406B9A2-SegmentedRaftLogWorker] WARN  segmented.SegmentedRaftLogWorker (SegmentedRaftLogWorker.java:getFromFuture(90)) - Timeout 4/~
org.apache.ratis.protocol.TimeoutIOException: Timeout 10s: WriteLog:19: (t:3, i:19), STATEMACHINELOGENTRY, client-51C1F636924D, cid=30-writeStateMachineData
	at org.apache.ratis.util.IOUtils.getFromFuture(IOUtils.java:87)
	at org.apache.ratis.server.raftlog.segmented.SegmentedRaftLogWorker$StateMachineDataPolicy.getFromFuture(SegmentedRaftLogWorker.java:87)
	at org.apache.ratis.server.raftlog.segmented.SegmentedRaftLogWorker$WriteLog.execute(SegmentedRaftLogWorker.java:477)
	at org.apache.ratis.server.raftlog.segmented.SegmentedRaftLogWorker.run(SegmentedRaftLogWorker.java:289)
	at java.lang.Thread.run(Thread.java:748)
Caused by: java.util.concurrent.TimeoutException
	at java.util.concurrent.CompletableFuture.timedGet(CompletableFuture.java:1771)
	at java.util.concurrent.CompletableFuture.get(CompletableFuture.java:1915)
	at org.apache.ratis.util.IOUtils.getFromFuture(IOUtils.java:79)
	... 4 more
2019-09-11 05:29:50,948 [33471566-8842-41e4-bba3-9cc287622f4a@group-00994406B9A2-SegmentedRaftLogWorker] WARN  segmented.SegmentedRaftLogWorker (SegmentedRaftLogWorker.java:getFromFuture(90)) - Timeout 4/~
org.apache.ratis.protocol.TimeoutIOException: Timeout 10s: WriteLog:19: (t:3, i:19), STATEMACHINELOGENTRY, client-51C1F636924D, cid=30-writeStateMachineData
	at org.apache.ratis.util.IOUtils.getFromFuture(IOUtils.java:87)
	at org.apache.ratis.server.raftlog.segmented.SegmentedRaftLogWorker$StateMachineDataPolicy.getFromFuture(SegmentedRaftLogWorker.java:87)
	at org.apache.ratis.server.raftlog.segmented.SegmentedRaftLogWorker$WriteLog.execute(SegmentedRaftLogWorker.java:477)
	at org.apache.ratis.server.raftlog.segmented.SegmentedRaftLogWorker.run(SegmentedRaftLogWorker.java:289)
	at java.lang.Thread.run(Thread.java:748)
Caused by: java.util.concurrent.TimeoutException
	at java.util.concurrent.CompletableFuture.timedGet(CompletableFuture.java:1771)
	at java.util.concurrent.CompletableFuture.get(CompletableFuture.java:1915)
	at org.apache.ratis.util.IOUtils.getFromFuture(IOUtils.java:79)
	... 4 more
2019-09-11 05:29:51,071 [java.util.concurrent.ThreadPoolExecutor$Worker@51c3d2cc[State = -1, empty queue]] WARN  server.GrpcLogAppender (GrpcLogAppender.java:timeoutAppendRequest(200)) - 4923db37-afc5-4a4b-9e0e-3e0e64c6efbc@group-DBCF7A494882->fa5ee157-3b80-4774-adcc-f01234ebded8-GrpcLogAppender: appendEntries Timeout, request=4923db37-afc5-4a4b-9e0e-3e0e64c6efbc->fa5ee157-3b80-4774-adcc-f01234ebded8#118-t2, previous=(t:2, i:19), leaderCommit=15, initializing? false, entries: <empty>
2019-09-11 05:29:51,096 [java.util.concurrent.ThreadPoolExecutor$Worker@15c0b703[State = -1, empty queue]] WARN  server.GrpcLogAppender (GrpcLogAppender.java:timeoutAppendRequest(200)) - 4923db37-afc5-4a4b-9e0e-3e0e64c6efbc@group-DBCF7A494882->b5c94862-e767-4e3a-a577-422bae381862-GrpcLogAppender: appendEntries Timeout, request=4923db37-afc5-4a4b-9e0e-3e0e64c6efbc->b5c94862-e767-4e3a-a577-422bae381862#118-t2, previous=(t:2, i:19), leaderCommit=15, initializing? false, entries: <empty>
2019-09-11 05:29:51,430 [java.util.concurrent.ThreadPoolExecutor$Worker@7aa35568[State = -1, empty queue]] WARN  server.GrpcLogAppender (GrpcLogAppender.java:timeoutAppendRequest(200)) - 78dbd0e6-a34a-4054-9e2e-3bf1b76c8205@group-B7894EF2C8AA->1169a1ed-1394-44b2-9737-be9aad5bd237-GrpcLogAppender: appendEntries Timeout, request=78dbd0e6-a34a-4054-9e2e-3bf1b76c8205->1169a1ed-1394-44b2-9737-be9aad5bd237#119-t2, previous=(t:2, i:19), leaderCommit=15, initializing? false, entries: <empty>
2019-09-11 05:29:51,430 [java.util.concurrent.ThreadPoolExecutor$Worker@5b0e78e[State = -1, empty queue]] WARN  server.GrpcLogAppender (GrpcLogAppender.java:timeoutAppendRequest(200)) - 78dbd0e6-a34a-4054-9e2e-3bf1b76c8205@group-B7894EF2C8AA->64c45ce8-9e8f-4626-9780-d8b476434616-GrpcLogAppender: appendEntries Timeout, request=78dbd0e6-a34a-4054-9e2e-3bf1b76c8205->64c45ce8-9e8f-4626-9780-d8b476434616#119-t2, previous=(t:2, i:19), leaderCommit=15, initializing? false, entries: <empty>
2019-09-11 05:29:51,571 [java.util.concurrent.ThreadPoolExecutor$Worker@51c3d2cc[State = -1, empty queue]] WARN  server.GrpcLogAppender (GrpcLogAppender.java:timeoutAppendRequest(200)) - 4923db37-afc5-4a4b-9e0e-3e0e64c6efbc@group-DBCF7A494882->fa5ee157-3b80-4774-adcc-f01234ebded8-GrpcLogAppender: appendEntries Timeout, request=4923db37-afc5-4a4b-9e0e-3e0e64c6efbc->fa5ee157-3b80-4774-adcc-f01234ebded8#119-t2, previous=(t:2, i:19), leaderCommit=15, initializing? false, entries: <empty>
2019-09-11 05:29:51,596 [java.util.concurrent.ThreadPoolExecutor$Worker@15c0b703[State = -1, empty queue]] WARN  server.GrpcLogAppender (GrpcLogAppender.java:timeoutAppendRequest(200)) - 4923db37-afc5-4a4b-9e0e-3e0e64c6efbc@group-DBCF7A494882->b5c94862-e767-4e3a-a577-422bae381862-GrpcLogAppender: appendEntries Timeout, request=4923db37-afc5-4a4b-9e0e-3e0e64c6efbc->b5c94862-e767-4e3a-a577-422bae381862#119-t2, previous=(t:2, i:19), leaderCommit=15, initializing? false, entries: <empty>
2019-09-11 05:29:51,930 [java.util.concurrent.ThreadPoolExecutor$Worker@5b0e78e[State = -1, empty queue]] WARN  server.GrpcLogAppender (GrpcLogAppender.java:timeoutAppendRequest(200)) - 78dbd0e6-a34a-4054-9e2e-3bf1b76c8205@group-B7894EF2C8AA->64c45ce8-9e8f-4626-9780-d8b476434616-GrpcLogAppender: appendEntries Timeout, request=78dbd0e6-a34a-4054-9e2e-3bf1b76c8205->64c45ce8-9e8f-4626-9780-d8b476434616#120-t2, previous=(t:2, i:19), leaderCommit=15, initializing? false, entries: <empty>
2019-09-11 05:29:51,931 [java.util.concurrent.ThreadPoolExecutor$Worker@7aa35568[State = -1, empty queue]] WARN  server.GrpcLogAppender (GrpcLogAppender.java:timeoutAppendRequest(200)) - 78dbd0e6-a34a-4054-9e2e-3bf1b76c8205@group-B7894EF2C8AA->1169a1ed-1394-44b2-9737-be9aad5bd237-GrpcLogAppender: appendEntries Timeout, request=78dbd0e6-a34a-4054-9e2e-3bf1b76c8205->1169a1ed-1394-44b2-9737-be9aad5bd237#120-t2, previous=(t:2, i:19), leaderCommit=15, initializing? false, entries: <empty>
2019-09-11 05:29:52,071 [java.util.concurrent.ThreadPoolExecutor$Worker@51c3d2cc[State = -1, empty queue]] WARN  server.GrpcLogAppender (GrpcLogAppender.java:timeoutAppendRequest(200)) - 4923db37-afc5-4a4b-9e0e-3e0e64c6efbc@group-DBCF7A494882->fa5ee157-3b80-4774-adcc-f01234ebded8-GrpcLogAppender: appendEntries Timeout, request=4923db37-afc5-4a4b-9e0e-3e0e64c6efbc->fa5ee157-3b80-4774-adcc-f01234ebded8#120-t2, previous=(t:2, i:19), leaderCommit=15, initializing? false, entries: <empty>
2019-09-11 05:29:52,097 [java.util.concurrent.ThreadPoolExecutor$Worker@15c0b703[State = -1, empty queue]] WARN  server.GrpcLogAppender (GrpcLogAppender.java:timeoutAppendRequest(200)) - 4923db37-afc5-4a4b-9e0e-3e0e64c6efbc@group-DBCF7A494882->b5c94862-e767-4e3a-a577-422bae381862-GrpcLogAppender: appendEntries Timeout, request=4923db37-afc5-4a4b-9e0e-3e0e64c6efbc->b5c94862-e767-4e3a-a577-422bae381862#120-t2, previous=(t:2, i:19), leaderCommit=15, initializing? false, entries: <empty>
2019-09-11 05:29:52,431 [java.util.concurrent.ThreadPoolExecutor$Worker@7aa35568[State = -1, empty queue]] WARN  server.GrpcLogAppender (GrpcLogAppender.java:timeoutAppendRequest(200)) - 78dbd0e6-a34a-4054-9e2e-3bf1b76c8205@group-B7894EF2C8AA->1169a1ed-1394-44b2-9737-be9aad5bd237-GrpcLogAppender: appendEntries Timeout, request=78dbd0e6-a34a-4054-9e2e-3bf1b76c8205->1169a1ed-1394-44b2-9737-be9aad5bd237#121-t2, previous=(t:2, i:19), leaderCommit=15, initializing? false, entries: <empty>
2019-09-11 05:29:52,431 [java.util.concurrent.ThreadPoolExecutor$Worker@5b0e78e[State = -1, empty queue]] WARN  server.GrpcLogAppender (GrpcLogAppender.java:timeoutAppendRequest(200)) - 78dbd0e6-a34a-4054-9e2e-3bf1b76c8205@group-B7894EF2C8AA->64c45ce8-9e8f-4626-9780-d8b476434616-GrpcLogAppender: appendEntries Timeout, request=78dbd0e6-a34a-4054-9e2e-3bf1b76c8205->64c45ce8-9e8f-4626-9780-d8b476434616#121-t2, previous=(t:2, i:19), leaderCommit=15, initializing? false, entries: <empty>
2019-09-11 05:29:52,571 [java.util.concurrent.ThreadPoolExecutor$Worker@51c3d2cc[State = -1, empty queue]] WARN  server.GrpcLogAppender (GrpcLogAppender.java:timeoutAppendRequest(200)) - 4923db37-afc5-4a4b-9e0e-3e0e64c6efbc@group-DBCF7A494882->fa5ee157-3b80-4774-adcc-f01234ebded8-GrpcLogAppender: appendEntries Timeout, request=4923db37-afc5-4a4b-9e0e-3e0e64c6efbc->fa5ee157-3b80-4774-adcc-f01234ebded8#121-t2, previous=(t:2, i:19), leaderCommit=15, initializing? false, entries: <empty>
2019-09-11 05:29:52,597 [java.util.concurrent.ThreadPoolExecutor$Worker@15c0b703[State = -1, empty queue]] WARN  server.GrpcLogAppender (GrpcLogAppender.java:timeoutAppendRequest(200)) - 4923db37-afc5-4a4b-9e0e-3e0e64c6efbc@group-DBCF7A494882->b5c94862-e767-4e3a-a577-422bae381862-GrpcLogAppender: appendEntries Timeout, request=4923db37-afc5-4a4b-9e0e-3e0e64c6efbc->b5c94862-e767-4e3a-a577-422bae381862#121-t2, previous=(t:2, i:19), leaderCommit=15, initializing? false, entries: <empty>
2019-09-11 05:29:52,931 [java.util.concurrent.ThreadPoolExecutor$Worker@7aa35568[State = -1, empty queue]] WARN  server.GrpcLogAppender (GrpcLogAppender.java:timeoutAppendRequest(200)) - 78dbd0e6-a34a-4054-9e2e-3bf1b76c8205@group-B7894EF2C8AA->1169a1ed-1394-44b2-9737-be9aad5bd237-GrpcLogAppender: appendEntries Timeout, request=78dbd0e6-a34a-4054-9e2e-3bf1b76c8205->1169a1ed-1394-44b2-9737-be9aad5bd237#122-t2, previous=(t:2, i:19), leaderCommit=15, initializing? false, entries: <empty>
2019-09-11 05:29:52,931 [java.util.concurrent.ThreadPoolExecutor$Worker@5b0e78e[State = -1, empty queue]] WARN  server.GrpcLogAppender (GrpcLogAppender.java:timeoutAppendRequest(200)) - 78dbd0e6-a34a-4054-9e2e-3bf1b76c8205@group-B7894EF2C8AA->64c45ce8-9e8f-4626-9780-d8b476434616-GrpcLogAppender: appendEntries Timeout, request=78dbd0e6-a34a-4054-9e2e-3bf1b76c8205->64c45ce8-9e8f-4626-9780-d8b476434616#122-t2, previous=(t:2, i:19), leaderCommit=15, initializing? false, entries: <empty>
2019-09-11 05:29:53,072 [java.util.concurrent.ThreadPoolExecutor$Worker@51c3d2cc[State = -1, empty queue]] WARN  server.GrpcLogAppender (GrpcLogAppender.java:timeoutAppendRequest(200)) - 4923db37-afc5-4a4b-9e0e-3e0e64c6efbc@group-DBCF7A494882->fa5ee157-3b80-4774-adcc-f01234ebded8-GrpcLogAppender: appendEntries Timeout, request=4923db37-afc5-4a4b-9e0e-3e0e64c6efbc->fa5ee157-3b80-4774-adcc-f01234ebded8#122-t2, previous=(t:2, i:19), leaderCommit=15, initializing? false, entries: <empty>
2019-09-11 05:29:53,097 [java.util.concurrent.ThreadPoolExecutor$Worker@15c0b703[State = -1, empty queue]] WARN  server.GrpcLogAppender (GrpcLogAppender.java:timeoutAppendRequest(200)) - 4923db37-afc5-4a4b-9e0e-3e0e64c6efbc@group-DBCF7A494882->b5c94862-e767-4e3a-a577-422bae381862-GrpcLogAppender: appendEntries Timeout, request=4923db37-afc5-4a4b-9e0e-3e0e64c6efbc->b5c94862-e767-4e3a-a577-422bae381862#122-t2, previous=(t:2, i:19), leaderCommit=15, initializing? false, entries: <empty>
2019-09-11 05:29:53,418 [78dbd0e6-a34a-4054-9e2e-3bf1b76c8205@group-B7894EF2C8AA-SegmentedRaftLogWorker] WARN  segmented.SegmentedRaftLogWorker (SegmentedRaftLogWorker.java:getFromFuture(90)) - Timeout 0/~
org.apache.ratis.protocol.TimeoutIOException: Timeout 10s: WriteLog:16: (t:2, i:16), STATEMACHINELOGENTRY, client-1FEA8BF74F46, cid=53-writeStateMachineData
	at org.apache.ratis.util.IOUtils.getFromFuture(IOUtils.java:87)
	at org.apache.ratis.server.raftlog.segmented.SegmentedRaftLogWorker$StateMachineDataPolicy.getFromFuture(SegmentedRaftLogWorker.java:87)
	at org.apache.ratis.server.raftlog.segmented.SegmentedRaftLogWorker$WriteLog.execute(SegmentedRaftLogWorker.java:477)
	at org.apache.ratis.server.raftlog.segmented.SegmentedRaftLogWorker.run(SegmentedRaftLogWorker.java:289)
	at java.lang.Thread.run(Thread.java:748)
Caused by: java.util.concurrent.TimeoutException
	at java.util.concurrent.CompletableFuture.timedGet(CompletableFuture.java:1771)
	at java.util.concurrent.CompletableFuture.get(CompletableFuture.java:1915)
	at org.apache.ratis.util.IOUtils.getFromFuture(IOUtils.java:79)
	... 4 more
2019-09-11 05:29:53,423 [64c45ce8-9e8f-4626-9780-d8b476434616@group-B7894EF2C8AA-SegmentedRaftLogWorker] WARN  segmented.SegmentedRaftLogWorker (SegmentedRaftLogWorker.java:getFromFuture(90)) - Timeout 0/~
org.apache.ratis.protocol.TimeoutIOException: Timeout 10s: WriteLog:16: (t:2, i:16), STATEMACHINELOGENTRY, client-1FEA8BF74F46, cid=53-writeStateMachineData
	at org.apache.ratis.util.IOUtils.getFromFuture(IOUtils.java:87)
	at org.apache.ratis.server.raftlog.segmented.SegmentedRaftLogWorker$StateMachineDataPolicy.getFromFuture(SegmentedRaftLogWorker.java:87)
	at org.apache.ratis.server.raftlog.segmented.SegmentedRaftLogWorker$WriteLog.execute(SegmentedRaftLogWorker.java:477)
	at org.apache.ratis.server.raftlog.segmented.SegmentedRaftLogWorker.run(SegmentedRaftLogWorker.java:289)
	at java.lang.Thread.run(Thread.java:748)
Caused by: java.util.concurrent.TimeoutException
	at java.util.concurrent.CompletableFuture.timedGet(CompletableFuture.java:1771)
	at java.util.concurrent.CompletableFuture.get(CompletableFuture.java:1915)
	at org.apache.ratis.util.IOUtils.getFromFuture(IOUtils.java:79)
	... 4 more
2019-09-11 05:29:53,423 [1169a1ed-1394-44b2-9737-be9aad5bd237@group-B7894EF2C8AA-SegmentedRaftLogWorker] WARN  segmented.SegmentedRaftLogWorker (SegmentedRaftLogWorker.java:getFromFuture(90)) - Timeout 0/~
org.apache.ratis.protocol.TimeoutIOException: Timeout 10s: WriteLog:16: (t:2, i:16), STATEMACHINELOGENTRY, client-1FEA8BF74F46, cid=53-writeStateMachineData
	at org.apache.ratis.util.IOUtils.getFromFuture(IOUtils.java:87)
	at org.apache.ratis.server.raftlog.segmented.SegmentedRaftLogWorker$StateMachineDataPolicy.getFromFuture(SegmentedRaftLogWorker.java:87)
	at org.apache.ratis.server.raftlog.segmented.SegmentedRaftLogWorker$WriteLog.execute(SegmentedRaftLogWorker.java:477)
	at org.apache.ratis.server.raftlog.segmented.SegmentedRaftLogWorker.run(SegmentedRaftLogWorker.java:289)
	at java.lang.Thread.run(Thread.java:748)
Caused by: java.util.concurrent.TimeoutException
	at java.util.concurrent.CompletableFuture.timedGet(CompletableFuture.java:1771)
	at java.util.concurrent.CompletableFuture.get(CompletableFuture.java:1915)
	at org.apache.ratis.util.IOUtils.getFromFuture(IOUtils.java:79)
	... 4 more
2019-09-11 05:29:53,431 [java.util.concurrent.ThreadPoolExecutor$Worker@5b0e78e[State = -1, empty queue]] WARN  server.GrpcLogAppender (GrpcLogAppender.java:timeoutAppendRequest(200)) - 78dbd0e6-a34a-4054-9e2e-3bf1b76c8205@group-B7894EF2C8AA->64c45ce8-9e8f-4626-9780-d8b476434616-GrpcLogAppender: appendEntries Timeout, request=78dbd0e6-a34a-4054-9e2e-3bf1b76c8205->64c45ce8-9e8f-4626-9780-d8b476434616#123-t2, previous=(t:2, i:19), leaderCommit=15, initializing? false, entries: <empty>
2019-09-11 05:29:53,431 [java.util.concurrent.ThreadPoolExecutor$Worker@7aa35568[State = -1, empty queue]] WARN  server.GrpcLogAppender (GrpcLogAppender.java:timeoutAppendRequest(200)) - 78dbd0e6-a34a-4054-9e2e-3bf1b76c8205@group-B7894EF2C8AA->1169a1ed-1394-44b2-9737-be9aad5bd237-GrpcLogAppender: appendEntries Timeout, request=78dbd0e6-a34a-4054-9e2e-3bf1b76c8205->1169a1ed-1394-44b2-9737-be9aad5bd237#123-t2, previous=(t:2, i:19), leaderCommit=15, initializing? false, entries: <empty>
2019-09-11 05:29:53,506 [grpc-default-executor-5] INFO  client.GrpcClientProtocolClient (GrpcClientProtocolClient.java:onNext(264)) - client-1FEA8BF74F46->1169a1ed-1394-44b2-9737-be9aad5bd237: receive RaftClientReply:client-1FEA8BF74F46->1169a1ed-1394-44b2-9737-be9aad5bd237@group-B7894EF2C8AA, cid=53, FAILED org.apache.ratis.protocol.NotLeaderException: Server 1169a1ed-1394-44b2-9737-be9aad5bd237@group-B7894EF2C8AA is not the leader 78dbd0e6-a34a-4054-9e2e-3bf1b76c8205:192.168.36.125:36886, logIndex=0, commits[1169a1ed-1394-44b2-9737-be9aad5bd237:c15, 64c45ce8-9e8f-4626-9780-d8b476434616:c11, 78dbd0e6-a34a-4054-9e2e-3bf1b76c8205:c15]
2019-09-11 05:29:53,572 [java.util.concurrent.ThreadPoolExecutor$Worker@51c3d2cc[State = -1, empty queue]] WARN  server.GrpcLogAppender (GrpcLogAppender.java:timeoutAppendRequest(200)) - 4923db37-afc5-4a4b-9e0e-3e0e64c6efbc@group-DBCF7A494882->fa5ee157-3b80-4774-adcc-f01234ebded8-GrpcLogAppender: appendEntries Timeout, request=4923db37-afc5-4a4b-9e0e-3e0e64c6efbc->fa5ee157-3b80-4774-adcc-f01234ebded8#123-t2, previous=(t:2, i:19), leaderCommit=15, initializing? false, entries: <empty>
2019-09-11 05:29:53,598 [java.util.concurrent.ThreadPoolExecutor$Worker@15c0b703[State = -1, empty queue]] WARN  server.GrpcLogAppender (GrpcLogAppender.java:timeoutAppendRequest(200)) - 4923db37-afc5-4a4b-9e0e-3e0e64c6efbc@group-DBCF7A494882->b5c94862-e767-4e3a-a577-422bae381862-GrpcLogAppender: appendEntries Timeout, request=4923db37-afc5-4a4b-9e0e-3e0e64c6efbc->b5c94862-e767-4e3a-a577-422bae381862#123-t2, previous=(t:2, i:19), leaderCommit=15, initializing? false, entries: <empty>
2019-09-11 05:29:53,932 [java.util.concurrent.ThreadPoolExecutor$Worker@7aa35568[State = -1, empty queue]] WARN  server.GrpcLogAppender (GrpcLogAppender.java:timeoutAppendRequest(200)) - 78dbd0e6-a34a-4054-9e2e-3bf1b76c8205@group-B7894EF2C8AA->1169a1ed-1394-44b2-9737-be9aad5bd237-GrpcLogAppender: appendEntries Timeout, request=78dbd0e6-a34a-4054-9e2e-3bf1b76c8205->1169a1ed-1394-44b2-9737-be9aad5bd237#124-t2, previous=(t:2, i:19), leaderCommit=15, initializing? false, entries: <empty>
2019-09-11 05:29:53,932 [java.util.concurrent.ThreadPoolExecutor$Worker@5b0e78e[State = -1, empty queue]] WARN  server.GrpcLogAppender (GrpcLogAppender.java:timeoutAppendRequest(200)) - 78dbd0e6-a34a-4054-9e2e-3bf1b76c8205@group-B7894EF2C8AA->64c45ce8-9e8f-4626-9780-d8b476434616-GrpcLogAppender: appendEntries Timeout, request=78dbd0e6-a34a-4054-9e2e-3bf1b76c8205->64c45ce8-9e8f-4626-9780-d8b476434616#124-t2, previous=(t:2, i:19), leaderCommit=15, initializing? false, entries: <empty>
2019-09-11 05:29:54,073 [java.util.concurrent.ThreadPoolExecutor$Worker@51c3d2cc[State = -1, empty queue]] WARN  server.GrpcLogAppender (GrpcLogAppender.java:timeoutAppendRequest(200)) - 4923db37-afc5-4a4b-9e0e-3e0e64c6efbc@group-DBCF7A494882->fa5ee157-3b80-4774-adcc-f01234ebded8-GrpcLogAppender: appendEntries Timeout, request=4923db37-afc5-4a4b-9e0e-3e0e64c6efbc->fa5ee157-3b80-4774-adcc-f01234ebded8#124-t2, previous=(t:2, i:19), leaderCommit=15, initializing? false, entries: <empty>
2019-09-11 05:29:54,098 [java.util.concurrent.ThreadPoolExecutor$Worker@15c0b703[State = -1, empty queue]] WARN  server.GrpcLogAppender (GrpcLogAppender.java:timeoutAppendRequest(200)) - 4923db37-afc5-4a4b-9e0e-3e0e64c6efbc@group-DBCF7A494882->b5c94862-e767-4e3a-a577-422bae381862-GrpcLogAppender: appendEntries Timeout, request=4923db37-afc5-4a4b-9e0e-3e0e64c6efbc->b5c94862-e767-4e3a-a577-422bae381862#124-t2, previous=(t:2, i:19), leaderCommit=15, initializing? false, entries: <empty>
2019-09-11 05:29:54,432 [java.util.concurrent.ThreadPoolExecutor$Worker@7aa35568[State = -1, empty queue]] WARN  server.GrpcLogAppender (GrpcLogAppender.java:timeoutAppendRequest(200)) - 78dbd0e6-a34a-4054-9e2e-3bf1b76c8205@group-B7894EF2C8AA->1169a1ed-1394-44b2-9737-be9aad5bd237-GrpcLogAppender: appendEntries Timeout, request=78dbd0e6-a34a-4054-9e2e-3bf1b76c8205->1169a1ed-1394-44b2-9737-be9aad5bd237#125-t2, previous=(t:2, i:19), leaderCommit=15, initializing? false, entries: <empty>
2019-09-11 05:29:54,432 [java.util.concurrent.ThreadPoolExecutor$Worker@5b0e78e[State = -1, empty queue]] WARN  server.GrpcLogAppender (GrpcLogAppender.java:timeoutAppendRequest(200)) - 78dbd0e6-a34a-4054-9e2e-3bf1b76c8205@group-B7894EF2C8AA->64c45ce8-9e8f-4626-9780-d8b476434616-GrpcLogAppender: appendEntries Timeout, request=78dbd0e6-a34a-4054-9e2e-3bf1b76c8205->64c45ce8-9e8f-4626-9780-d8b476434616#125-t2, previous=(t:2, i:19), leaderCommit=15, initializing? false, entries: <empty>
2019-09-11 05:29:54,573 [java.util.concurrent.ThreadPoolExecutor$Worker@51c3d2cc[State = -1, empty queue]] WARN  server.GrpcLogAppender (GrpcLogAppender.java:timeoutAppendRequest(200)) - 4923db37-afc5-4a4b-9e0e-3e0e64c6efbc@group-DBCF7A494882->fa5ee157-3b80-4774-adcc-f01234ebded8-GrpcLogAppender: appendEntries Timeout, request=4923db37-afc5-4a4b-9e0e-3e0e64c6efbc->fa5ee157-3b80-4774-adcc-f01234ebded8#125-t2, previous=(t:2, i:19), leaderCommit=15, initializing? false, entries: <empty>
2019-09-11 05:29:54,598 [java.util.concurrent.ThreadPoolExecutor$Worker@15c0b703[State = -1, empty queue]] WARN  server.GrpcLogAppender (GrpcLogAppender.java:timeoutAppendRequest(200)) - 4923db37-afc5-4a4b-9e0e-3e0e64c6efbc@group-DBCF7A494882->b5c94862-e767-4e3a-a577-422bae381862-GrpcLogAppender: appendEntries Timeout, request=4923db37-afc5-4a4b-9e0e-3e0e64c6efbc->b5c94862-e767-4e3a-a577-422bae381862#125-t2, previous=(t:2, i:19), leaderCommit=15, initializing? false, entries: <empty>
2019-09-11 05:29:54,932 [java.util.concurrent.ThreadPoolExecutor$Worker@7aa35568[State = -1, empty queue]] WARN  server.GrpcLogAppender (GrpcLogAppender.java:timeoutAppendRequest(200)) - 78dbd0e6-a34a-4054-9e2e-3bf1b76c8205@group-B7894EF2C8AA->1169a1ed-1394-44b2-9737-be9aad5bd237-GrpcLogAppender: appendEntries Timeout, request=78dbd0e6-a34a-4054-9e2e-3bf1b76c8205->1169a1ed-1394-44b2-9737-be9aad5bd237#126-t2, previous=(t:2, i:19), leaderCommit=15, initializing? false, entries: <empty>
2019-09-11 05:29:54,932 [java.util.concurrent.ThreadPoolExecutor$Worker@5b0e78e[State = -1, empty queue]] WARN  server.GrpcLogAppender (GrpcLogAppender.java:timeoutAppendRequest(200)) - 78dbd0e6-a34a-4054-9e2e-3bf1b76c8205@group-B7894EF2C8AA->64c45ce8-9e8f-4626-9780-d8b476434616-GrpcLogAppender: appendEntries Timeout, request=78dbd0e6-a34a-4054-9e2e-3bf1b76c8205->64c45ce8-9e8f-4626-9780-d8b476434616#126-t2, previous=(t:2, i:19), leaderCommit=15, initializing? false, entries: <empty>
2019-09-11 05:29:55,073 [java.util.concurrent.ThreadPoolExecutor$Worker@51c3d2cc[State = -1, empty queue]] WARN  server.GrpcLogAppender (GrpcLogAppender.java:timeoutAppendRequest(200)) - 4923db37-afc5-4a4b-9e0e-3e0e64c6efbc@group-DBCF7A494882->fa5ee157-3b80-4774-adcc-f01234ebded8-GrpcLogAppender: appendEntries Timeout, request=4923db37-afc5-4a4b-9e0e-3e0e64c6efbc->fa5ee157-3b80-4774-adcc-f01234ebded8#126-t2, previous=(t:2, i:19), leaderCommit=15, initializing? false, entries: <empty>
2019-09-11 05:29:55,099 [java.util.concurrent.ThreadPoolExecutor$Worker@15c0b703[State = -1, empty queue]] WARN  server.GrpcLogAppender (GrpcLogAppender.java:timeoutAppendRequest(200)) - 4923db37-afc5-4a4b-9e0e-3e0e64c6efbc@group-DBCF7A494882->b5c94862-e767-4e3a-a577-422bae381862-GrpcLogAppender: appendEntries Timeout, request=4923db37-afc5-4a4b-9e0e-3e0e64c6efbc->b5c94862-e767-4e3a-a577-422bae381862#126-t2, previous=(t:2, i:19), leaderCommit=15, initializing? false, entries: <empty>
2019-09-11 05:29:55,433 [java.util.concurrent.ThreadPoolExecutor$Worker@7aa35568[State = -1, empty queue]] WARN  server.GrpcLogAppender (GrpcLogAppender.java:timeoutAppendRequest(200)) - 78dbd0e6-a34a-4054-9e2e-3bf1b76c8205@group-B7894EF2C8AA->1169a1ed-1394-44b2-9737-be9aad5bd237-GrpcLogAppender: appendEntries Timeout, request=78dbd0e6-a34a-4054-9e2e-3bf1b76c8205->1169a1ed-1394-44b2-9737-be9aad5bd237#127-t2, previous=(t:2, i:19), leaderCommit=15, initializing? false, entries: <empty>
2019-09-11 05:29:55,433 [java.util.concurrent.ThreadPoolExecutor$Worker@5b0e78e[State = -1, empty queue]] WARN  server.GrpcLogAppender (GrpcLogAppender.java:timeoutAppendRequest(200)) - 78dbd0e6-a34a-4054-9e2e-3bf1b76c8205@group-B7894EF2C8AA->64c45ce8-9e8f-4626-9780-d8b476434616-GrpcLogAppender: appendEntries Timeout, request=78dbd0e6-a34a-4054-9e2e-3bf1b76c8205->64c45ce8-9e8f-4626-9780-d8b476434616#127-t2, previous=(t:2, i:19), leaderCommit=15, initializing? false, entries: <empty>
2019-09-11 05:29:55,573 [java.util.concurrent.ThreadPoolExecutor$Worker@51c3d2cc[State = -1, empty queue]] WARN  server.GrpcLogAppender (GrpcLogAppender.java:timeoutAppendRequest(200)) - 4923db37-afc5-4a4b-9e0e-3e0e64c6efbc@group-DBCF7A494882->fa5ee157-3b80-4774-adcc-f01234ebded8-GrpcLogAppender: appendEntries Timeout, request=4923db37-afc5-4a4b-9e0e-3e0e64c6efbc->fa5ee157-3b80-4774-adcc-f01234ebded8#127-t2, previous=(t:2, i:19), leaderCommit=15, initializing? false, entries: <empty>
2019-09-11 05:29:55,599 [java.util.concurrent.ThreadPoolExecutor$Worker@15c0b703[State = -1, empty queue]] WARN  server.GrpcLogAppender (GrpcLogAppender.java:timeoutAppendRequest(200)) - 4923db37-afc5-4a4b-9e0e-3e0e64c6efbc@group-DBCF7A494882->b5c94862-e767-4e3a-a577-422bae381862-GrpcLogAppender: appendEntries Timeout, request=4923db37-afc5-4a4b-9e0e-3e0e64c6efbc->b5c94862-e767-4e3a-a577-422bae381862#127-t2, previous=(t:2, i:19), leaderCommit=15, initializing? false, entries: <empty>
2019-09-11 05:29:55,933 [java.util.concurrent.ThreadPoolExecutor$Worker@5b0e78e[State = -1, empty queue]] WARN  server.GrpcLogAppender (GrpcLogAppender.java:timeoutAppendRequest(200)) - 78dbd0e6-a34a-4054-9e2e-3bf1b76c8205@group-B7894EF2C8AA->64c45ce8-9e8f-4626-9780-d8b476434616-GrpcLogAppender: appendEntries Timeout, request=78dbd0e6-a34a-4054-9e2e-3bf1b76c8205->64c45ce8-9e8f-4626-9780-d8b476434616#128-t2, previous=(t:2, i:19), leaderCommit=15, initializing? false, entries: <empty>
2019-09-11 05:29:55,933 [java.util.concurrent.ThreadPoolExecutor$Worker@7aa35568[State = -1, empty queue]] WARN  server.GrpcLogAppender (GrpcLogAppender.java:timeoutAppendRequest(200)) - 78dbd0e6-a34a-4054-9e2e-3bf1b76c8205@group-B7894EF2C8AA->1169a1ed-1394-44b2-9737-be9aad5bd237-GrpcLogAppender: appendEntries Timeout, request=78dbd0e6-a34a-4054-9e2e-3bf1b76c8205->1169a1ed-1394-44b2-9737-be9aad5bd237#128-t2, previous=(t:2, i:19), leaderCommit=15, initializing? false, entries: <empty>
2019-09-11 05:29:56,074 [java.util.concurrent.ThreadPoolExecutor$Worker@51c3d2cc[State = -1, empty queue]] WARN  server.GrpcLogAppender (GrpcLogAppender.java:timeoutAppendRequest(200)) - 4923db37-afc5-4a4b-9e0e-3e0e64c6efbc@group-DBCF7A494882->fa5ee157-3b80-4774-adcc-f01234ebded8-GrpcLogAppender: appendEntries Timeout, request=4923db37-afc5-4a4b-9e0e-3e0e64c6efbc->fa5ee157-3b80-4774-adcc-f01234ebded8#128-t2, previous=(t:2, i:19), leaderCommit=15, initializing? false, entries: <empty>
2019-09-11 05:29:56,099 [java.util.concurrent.ThreadPoolExecutor$Worker@15c0b703[State = -1, empty queue]] WARN  server.GrpcLogAppender (GrpcLogAppender.java:timeoutAppendRequest(200)) - 4923db37-afc5-4a4b-9e0e-3e0e64c6efbc@group-DBCF7A494882->b5c94862-e767-4e3a-a577-422bae381862-GrpcLogAppender: appendEntries Timeout, request=4923db37-afc5-4a4b-9e0e-3e0e64c6efbc->b5c94862-e767-4e3a-a577-422bae381862#128-t2, previous=(t:2, i:19), leaderCommit=15, initializing? false, entries: <empty>
2019-09-11 05:29:56,433 [java.util.concurrent.ThreadPoolExecutor$Worker@7aa35568[State = -1, empty queue]] WARN  server.GrpcLogAppender (GrpcLogAppender.java:timeoutAppendRequest(200)) - 78dbd0e6-a34a-4054-9e2e-3bf1b76c8205@group-B7894EF2C8AA->1169a1ed-1394-44b2-9737-be9aad5bd237-GrpcLogAppender: appendEntries Timeout, request=78dbd0e6-a34a-4054-9e2e-3bf1b76c8205->1169a1ed-1394-44b2-9737-be9aad5bd237#129-t2, previous=(t:2, i:19), leaderCommit=15, initializing? false, entries: <empty>
2019-09-11 05:29:56,433 [java.util.concurrent.ThreadPoolExecutor$Worker@5b0e78e[State = -1, empty queue]] WARN  server.GrpcLogAppender (GrpcLogAppender.java:timeoutAppendRequest(200)) - 78dbd0e6-a34a-4054-9e2e-3bf1b76c8205@group-B7894EF2C8AA->64c45ce8-9e8f-4626-9780-d8b476434616-GrpcLogAppender: appendEntries Timeout, request=78dbd0e6-a34a-4054-9e2e-3bf1b76c8205->64c45ce8-9e8f-4626-9780-d8b476434616#129-t2, previous=(t:2, i:19), leaderCommit=15, initializing? false, entries: <empty>
2019-09-11 05:29:56,574 [java.util.concurrent.ThreadPoolExecutor$Worker@51c3d2cc[State = -1, empty queue]] WARN  server.GrpcLogAppender (GrpcLogAppender.java:timeoutAppendRequest(200)) - 4923db37-afc5-4a4b-9e0e-3e0e64c6efbc@group-DBCF7A494882->fa5ee157-3b80-4774-adcc-f01234ebded8-GrpcLogAppender: appendEntries Timeout, request=4923db37-afc5-4a4b-9e0e-3e0e64c6efbc->fa5ee157-3b80-4774-adcc-f01234ebded8#129-t2, previous=(t:2, i:19), leaderCommit=15, initializing? false, entries: <empty>
2019-09-11 05:29:56,599 [java.util.concurrent.ThreadPoolExecutor$Worker@15c0b703[State = -1, empty queue]] WARN  server.GrpcLogAppender (GrpcLogAppender.java:timeoutAppendRequest(200)) - 4923db37-afc5-4a4b-9e0e-3e0e64c6efbc@group-DBCF7A494882->b5c94862-e767-4e3a-a577-422bae381862-GrpcLogAppender: appendEntries Timeout, request=4923db37-afc5-4a4b-9e0e-3e0e64c6efbc->b5c94862-e767-4e3a-a577-422bae381862#129-t2, previous=(t:2, i:19), leaderCommit=15, initializing? false, entries: <empty>
2019-09-11 05:29:56,933 [java.util.concurrent.ThreadPoolExecutor$Worker@7aa35568[State = -1, empty queue]] WARN  server.GrpcLogAppender (GrpcLogAppender.java:timeoutAppendRequest(200)) - 78dbd0e6-a34a-4054-9e2e-3bf1b76c8205@group-B7894EF2C8AA->1169a1ed-1394-44b2-9737-be9aad5bd237-GrpcLogAppender: appendEntries Timeout, request=78dbd0e6-a34a-4054-9e2e-3bf1b76c8205->1169a1ed-1394-44b2-9737-be9aad5bd237#130-t2, previous=(t:2, i:19), leaderCommit=15, initializing? false, entries: <empty>
2019-09-11 05:29:56,934 [java.util.concurrent.ThreadPoolExecutor$Worker@5b0e78e[State = -1, empty queue]] WARN  server.GrpcLogAppender (GrpcLogAppender.java:timeoutAppendRequest(200)) - 78dbd0e6-a34a-4054-9e2e-3bf1b76c8205@group-B7894EF2C8AA->64c45ce8-9e8f-4626-9780-d8b476434616-GrpcLogAppender: appendEntries Timeout, request=78dbd0e6-a34a-4054-9e2e-3bf1b76c8205->64c45ce8-9e8f-4626-9780-d8b476434616#130-t2, previous=(t:2, i:19), leaderCommit=15, initializing? false, entries: <empty>
2019-09-11 05:29:57,074 [java.util.concurrent.ThreadPoolExecutor$Worker@51c3d2cc[State = -1, empty queue]] WARN  server.GrpcLogAppender (GrpcLogAppender.java:timeoutAppendRequest(200)) - 4923db37-afc5-4a4b-9e0e-3e0e64c6efbc@group-DBCF7A494882->fa5ee157-3b80-4774-adcc-f01234ebded8-GrpcLogAppender: appendEntries Timeout, request=4923db37-afc5-4a4b-9e0e-3e0e64c6efbc->fa5ee157-3b80-4774-adcc-f01234ebded8#130-t2, previous=(t:2, i:19), leaderCommit=15, initializing? false, entries: <empty>
2019-09-11 05:29:57,100 [java.util.concurrent.ThreadPoolExecutor$Worker@15c0b703[State = -1, empty queue]] WARN  server.GrpcLogAppender (GrpcLogAppender.java:timeoutAppendRequest(200)) - 4923db37-afc5-4a4b-9e0e-3e0e64c6efbc@group-DBCF7A494882->b5c94862-e767-4e3a-a577-422bae381862-GrpcLogAppender: appendEntries Timeout, request=4923db37-afc5-4a4b-9e0e-3e0e64c6efbc->b5c94862-e767-4e3a-a577-422bae381862#130-t2, previous=(t:2, i:19), leaderCommit=15, initializing? false, entries: <empty>
2019-09-11 05:29:57,435 [java.util.concurrent.ThreadPoolExecutor$Worker@5b0e78e[State = -1, empty queue]] WARN  server.GrpcLogAppender (GrpcLogAppender.java:timeoutAppendRequest(200)) - 78dbd0e6-a34a-4054-9e2e-3bf1b76c8205@group-B7894EF2C8AA->64c45ce8-9e8f-4626-9780-d8b476434616-GrpcLogAppender: appendEntries Timeout, request=78dbd0e6-a34a-4054-9e2e-3bf1b76c8205->64c45ce8-9e8f-4626-9780-d8b476434616#131-t2, previous=(t:2, i:19), leaderCommit=15, initializing? false, entries: <empty>
2019-09-11 05:29:57,435 [java.util.concurrent.ThreadPoolExecutor$Worker@7aa35568[State = -1, empty queue]] WARN  server.GrpcLogAppender (GrpcLogAppender.java:timeoutAppendRequest(200)) - 78dbd0e6-a34a-4054-9e2e-3bf1b76c8205@group-B7894EF2C8AA->1169a1ed-1394-44b2-9737-be9aad5bd237-GrpcLogAppender: appendEntries Timeout, request=78dbd0e6-a34a-4054-9e2e-3bf1b76c8205->1169a1ed-1394-44b2-9737-be9aad5bd237#131-t2, previous=(t:2, i:19), leaderCommit=15, initializing? false, entries: <empty>
2019-09-11 05:29:57,574 [java.util.concurrent.ThreadPoolExecutor$Worker@51c3d2cc[State = -1, empty queue]] WARN  server.GrpcLogAppender (GrpcLogAppender.java:timeoutAppendRequest(200)) - 4923db37-afc5-4a4b-9e0e-3e0e64c6efbc@group-DBCF7A494882->fa5ee157-3b80-4774-adcc-f01234ebded8-GrpcLogAppender: appendEntries Timeout, request=4923db37-afc5-4a4b-9e0e-3e0e64c6efbc->fa5ee157-3b80-4774-adcc-f01234ebded8#131-t2, previous=(t:2, i:19), leaderCommit=15, initializing? false, entries: <empty>
2019-09-11 05:29:57,600 [java.util.concurrent.ThreadPoolExecutor$Worker@15c0b703[State = -1, empty queue]] WARN  server.GrpcLogAppender (GrpcLogAppender.java:timeoutAppendRequest(200)) - 4923db37-afc5-4a4b-9e0e-3e0e64c6efbc@group-DBCF7A494882->b5c94862-e767-4e3a-a577-422bae381862-GrpcLogAppender: appendEntries Timeout, request=4923db37-afc5-4a4b-9e0e-3e0e64c6efbc->b5c94862-e767-4e3a-a577-422bae381862#131-t2, previous=(t:2, i:19), leaderCommit=15, initializing? false, entries: <empty>
2019-09-11 05:29:57,935 [java.util.concurrent.ThreadPoolExecutor$Worker@7aa35568[State = -1, empty queue]] WARN  server.GrpcLogAppender (GrpcLogAppender.java:timeoutAppendRequest(200)) - 78dbd0e6-a34a-4054-9e2e-3bf1b76c8205@group-B7894EF2C8AA->1169a1ed-1394-44b2-9737-be9aad5bd237-GrpcLogAppender: appendEntries Timeout, request=78dbd0e6-a34a-4054-9e2e-3bf1b76c8205->1169a1ed-1394-44b2-9737-be9aad5bd237#132-t2, previous=(t:2, i:19), leaderCommit=15, initializing? false, entries: <empty>
2019-09-11 05:29:57,935 [java.util.concurrent.ThreadPoolExecutor$Worker@5b0e78e[State = -1, empty queue]] WARN  server.GrpcLogAppender (GrpcLogAppender.java:timeoutAppendRequest(200)) - 78dbd0e6-a34a-4054-9e2e-3bf1b76c8205@group-B7894EF2C8AA->64c45ce8-9e8f-4626-9780-d8b476434616-GrpcLogAppender: appendEntries Timeout, request=78dbd0e6-a34a-4054-9e2e-3bf1b76c8205->64c45ce8-9e8f-4626-9780-d8b476434616#132-t2, previous=(t:2, i:19), leaderCommit=15, initializing? false, entries: <empty>
2019-09-11 05:29:58,075 [java.util.concurrent.ThreadPoolExecutor$Worker@51c3d2cc[State = -1, empty queue]] WARN  server.GrpcLogAppender (GrpcLogAppender.java:timeoutAppendRequest(200)) - 4923db37-afc5-4a4b-9e0e-3e0e64c6efbc@group-DBCF7A494882->fa5ee157-3b80-4774-adcc-f01234ebded8-GrpcLogAppender: appendEntries Timeout, request=4923db37-afc5-4a4b-9e0e-3e0e64c6efbc->fa5ee157-3b80-4774-adcc-f01234ebded8#132-t2, previous=(t:2, i:19), leaderCommit=15, initializing? false, entries: <empty>
2019-09-11 05:29:58,100 [java.util.concurrent.ThreadPoolExecutor$Worker@15c0b703[State = -1, empty queue]] WARN  server.GrpcLogAppender (GrpcLogAppender.java:timeoutAppendRequest(200)) - 4923db37-afc5-4a4b-9e0e-3e0e64c6efbc@group-DBCF7A494882->b5c94862-e767-4e3a-a577-422bae381862-GrpcLogAppender: appendEntries Timeout, request=4923db37-afc5-4a4b-9e0e-3e0e64c6efbc->b5c94862-e767-4e3a-a577-422bae381862#132-t2, previous=(t:2, i:19), leaderCommit=15, initializing? false, entries: <empty>
2019-09-11 05:29:58,436 [java.util.concurrent.ThreadPoolExecutor$Worker@7aa35568[State = -1, empty queue]] WARN  server.GrpcLogAppender (GrpcLogAppender.java:timeoutAppendRequest(200)) - 78dbd0e6-a34a-4054-9e2e-3bf1b76c8205@group-B7894EF2C8AA->1169a1ed-1394-44b2-9737-be9aad5bd237-GrpcLogAppender: appendEntries Timeout, request=78dbd0e6-a34a-4054-9e2e-3bf1b76c8205->1169a1ed-1394-44b2-9737-be9aad5bd237#133-t2, previous=(t:2, i:19), leaderCommit=15, initializing? false, entries: <empty>
2019-09-11 05:29:58,436 [java.util.concurrent.ThreadPoolExecutor$Worker@5b0e78e[State = -1, empty queue]] WARN  server.GrpcLogAppender (GrpcLogAppender.java:timeoutAppendRequest(200)) - 78dbd0e6-a34a-4054-9e2e-3bf1b76c8205@group-B7894EF2C8AA->64c45ce8-9e8f-4626-9780-d8b476434616-GrpcLogAppender: appendEntries Timeout, request=78dbd0e6-a34a-4054-9e2e-3bf1b76c8205->64c45ce8-9e8f-4626-9780-d8b476434616#133-t2, previous=(t:2, i:19), leaderCommit=15, initializing? false, entries: <empty>
2019-09-11 05:29:58,560 [grpc-default-executor-1] INFO  client.GrpcClientProtocolClient (GrpcClientProtocolClient.java:onNext(264)) - client-1FEA8BF74F46->64c45ce8-9e8f-4626-9780-d8b476434616: receive RaftClientReply:client-1FEA8BF74F46->64c45ce8-9e8f-4626-9780-d8b476434616@group-B7894EF2C8AA, cid=53, FAILED org.apache.ratis.protocol.NotLeaderException: Server 64c45ce8-9e8f-4626-9780-d8b476434616@group-B7894EF2C8AA is not the leader 78dbd0e6-a34a-4054-9e2e-3bf1b76c8205:192.168.36.125:36886, logIndex=0, commits[64c45ce8-9e8f-4626-9780-d8b476434616:c15, 1169a1ed-1394-44b2-9737-be9aad5bd237:c11, 78dbd0e6-a34a-4054-9e2e-3bf1b76c8205:c15]
2019-09-11 05:29:58,575 [java.util.concurrent.ThreadPoolExecutor$Worker@51c3d2cc[State = -1, empty queue]] WARN  server.GrpcLogAppender (GrpcLogAppender.java:timeoutAppendRequest(200)) - 4923db37-afc5-4a4b-9e0e-3e0e64c6efbc@group-DBCF7A494882->fa5ee157-3b80-4774-adcc-f01234ebded8-GrpcLogAppender: appendEntries Timeout, request=4923db37-afc5-4a4b-9e0e-3e0e64c6efbc->fa5ee157-3b80-4774-adcc-f01234ebded8#133-t2, previous=(t:2, i:19), leaderCommit=15, initializing? false, entries: <empty>
2019-09-11 05:29:58,601 [java.util.concurrent.ThreadPoolExecutor$Worker@15c0b703[State = -1, empty queue]] WARN  server.GrpcLogAppender (GrpcLogAppender.java:timeoutAppendRequest(200)) - 4923db37-afc5-4a4b-9e0e-3e0e64c6efbc@group-DBCF7A494882->b5c94862-e767-4e3a-a577-422bae381862-GrpcLogAppender: appendEntries Timeout, request=4923db37-afc5-4a4b-9e0e-3e0e64c6efbc->b5c94862-e767-4e3a-a577-422bae381862#133-t2, previous=(t:2, i:19), leaderCommit=15, initializing? false, entries: <empty>
2019-09-11 05:29:58,936 [java.util.concurrent.ThreadPoolExecutor$Worker@7aa35568[State = -1, empty queue]] WARN  server.GrpcLogAppender (GrpcLogAppender.java:timeoutAppendRequest(200)) - 78dbd0e6-a34a-4054-9e2e-3bf1b76c8205@group-B7894EF2C8AA->1169a1ed-1394-44b2-9737-be9aad5bd237-GrpcLogAppender: appendEntries Timeout, request=78dbd0e6-a34a-4054-9e2e-3bf1b76c8205->1169a1ed-1394-44b2-9737-be9aad5bd237#134-t2, previous=(t:2, i:19), leaderCommit=15, initializing? false, entries: <empty>
2019-09-11 05:29:58,936 [java.util.concurrent.ThreadPoolExecutor$Worker@5b0e78e[State = -1, empty queue]] WARN  server.GrpcLogAppender (GrpcLogAppender.java:timeoutAppendRequest(200)) - 78dbd0e6-a34a-4054-9e2e-3bf1b76c8205@group-B7894EF2C8AA->64c45ce8-9e8f-4626-9780-d8b476434616-GrpcLogAppender: appendEntries Timeout, request=78dbd0e6-a34a-4054-9e2e-3bf1b76c8205->64c45ce8-9e8f-4626-9780-d8b476434616#134-t2, previous=(t:2, i:19), leaderCommit=15, initializing? false, entries: <empty>
2019-09-11 05:29:59,075 [java.util.concurrent.ThreadPoolExecutor$Worker@51c3d2cc[State = -1, empty queue]] WARN  server.GrpcLogAppender (GrpcLogAppender.java:timeoutAppendRequest(200)) - 4923db37-afc5-4a4b-9e0e-3e0e64c6efbc@group-DBCF7A494882->fa5ee157-3b80-4774-adcc-f01234ebded8-GrpcLogAppender: appendEntries Timeout, request=4923db37-afc5-4a4b-9e0e-3e0e64c6efbc->fa5ee157-3b80-4774-adcc-f01234ebded8#134-t2, previous=(t:2, i:19), leaderCommit=15, initializing? false, entries: <empty>
2019-09-11 05:29:59,101 [java.util.concurrent.ThreadPoolExecutor$Worker@15c0b703[State = -1, empty queue]] WARN  server.GrpcLogAppender (GrpcLogAppender.java:timeoutAppendRequest(200)) - 4923db37-afc5-4a4b-9e0e-3e0e64c6efbc@group-DBCF7A494882->b5c94862-e767-4e3a-a577-422bae381862-GrpcLogAppender: appendEntries Timeout, request=4923db37-afc5-4a4b-9e0e-3e0e64c6efbc->b5c94862-e767-4e3a-a577-422bae381862#134-t2, previous=(t:2, i:19), leaderCommit=15, initializing? false, entries: <empty>
2019-09-11 05:29:59,437 [java.util.concurrent.ThreadPoolExecutor$Worker@7aa35568[State = -1, empty queue]] WARN  server.GrpcLogAppender (GrpcLogAppender.java:timeoutAppendRequest(200)) - 78dbd0e6-a34a-4054-9e2e-3bf1b76c8205@group-B7894EF2C8AA->1169a1ed-1394-44b2-9737-be9aad5bd237-GrpcLogAppender: appendEntries Timeout, request=78dbd0e6-a34a-4054-9e2e-3bf1b76c8205->1169a1ed-1394-44b2-9737-be9aad5bd237#135-t2, previous=(t:2, i:19), leaderCommit=15, initializing? false, entries: <empty>
2019-09-11 05:29:59,437 [java.util.concurrent.ThreadPoolExecutor$Worker@5b0e78e[State = -1, empty queue]] WARN  server.GrpcLogAppender (GrpcLogAppender.java:timeoutAppendRequest(200)) - 78dbd0e6-a34a-4054-9e2e-3bf1b76c8205@group-B7894EF2C8AA->64c45ce8-9e8f-4626-9780-d8b476434616-GrpcLogAppender: appendEntries Timeout, request=78dbd0e6-a34a-4054-9e2e-3bf1b76c8205->64c45ce8-9e8f-4626-9780-d8b476434616#135-t2, previous=(t:2, i:19), leaderCommit=15, initializing? false, entries: <empty>
2019-09-11 05:29:59,547 [fa5ee157-3b80-4774-adcc-f01234ebded8@group-DBCF7A494882-SegmentedRaftLogWorker] WARN  segmented.SegmentedRaftLogWorker (SegmentedRaftLogWorker.java:getFromFuture(90)) - Timeout 3/~
org.apache.ratis.protocol.TimeoutIOException: Timeout 10s: WriteLog:16: (t:2, i:16), STATEMACHINELOGENTRY, client-876F6FC8C029, cid=41-writeStateMachineData
	at org.apache.ratis.util.IOUtils.getFromFuture(IOUtils.java:87)
	at org.apache.ratis.server.raftlog.segmented.SegmentedRaftLogWorker$StateMachineDataPolicy.getFromFuture(SegmentedRaftLogWorker.java:87)
	at org.apache.ratis.server.raftlog.segmented.SegmentedRaftLogWorker$WriteLog.execute(SegmentedRaftLogWorker.java:477)
	at org.apache.ratis.server.raftlog.segmented.SegmentedRaftLogWorker.run(SegmentedRaftLogWorker.java:289)
	at java.lang.Thread.run(Thread.java:748)
Caused by: java.util.concurrent.TimeoutException
	at java.util.concurrent.CompletableFuture.timedGet(CompletableFuture.java:1771)
	at java.util.concurrent.CompletableFuture.get(CompletableFuture.java:1915)
	at org.apache.ratis.util.IOUtils.getFromFuture(IOUtils.java:79)
	... 4 more
2019-09-11 05:29:59,576 [java.util.concurrent.ThreadPoolExecutor$Worker@51c3d2cc[State = -1, empty queue]] WARN  server.GrpcLogAppender (GrpcLogAppender.java:timeoutAppendRequest(200)) - 4923db37-afc5-4a4b-9e0e-3e0e64c6efbc@group-DBCF7A494882->fa5ee157-3b80-4774-adcc-f01234ebded8-GrpcLogAppender: appendEntries Timeout, request=4923db37-afc5-4a4b-9e0e-3e0e64c6efbc->fa5ee157-3b80-4774-adcc-f01234ebded8#135-t2, previous=(t:2, i:19), leaderCommit=15, initializing? false, entries: <empty>
2019-09-11 05:29:59,601 [java.util.concurrent.ThreadPoolExecutor$Worker@15c0b703[State = -1, empty queue]] WARN  server.GrpcLogAppender (GrpcLogAppender.java:timeoutAppendRequest(200)) - 4923db37-afc5-4a4b-9e0e-3e0e64c6efbc@group-DBCF7A494882->b5c94862-e767-4e3a-a577-422bae381862-GrpcLogAppender: appendEntries Timeout, request=4923db37-afc5-4a4b-9e0e-3e0e64c6efbc->b5c94862-e767-4e3a-a577-422bae381862#135-t2, previous=(t:2, i:19), leaderCommit=15, initializing? false, entries: <empty>
2019-09-11 05:29:59,634 [b5c94862-e767-4e3a-a577-422bae381862@group-DBCF7A494882-SegmentedRaftLogWorker] WARN  segmented.SegmentedRaftLogWorker (SegmentedRaftLogWorker.java:getFromFuture(90)) - Timeout 3/~
org.apache.ratis.protocol.TimeoutIOException: Timeout 10s: WriteLog:18: (t:2, i:18), STATEMACHINELOGENTRY, client-876F6FC8C029, cid=43-writeStateMachineData
	at org.apache.ratis.util.IOUtils.getFromFuture(IOUtils.java:87)
	at org.apache.ratis.server.raftlog.segmented.SegmentedRaftLogWorker$StateMachineDataPolicy.getFromFuture(SegmentedRaftLogWorker.java:87)
	at org.apache.ratis.server.raftlog.segmented.SegmentedRaftLogWorker$WriteLog.execute(SegmentedRaftLogWorker.java:477)
	at org.apache.ratis.server.raftlog.segmented.SegmentedRaftLogWorker.run(SegmentedRaftLogWorker.java:289)
	at java.lang.Thread.run(Thread.java:748)
Caused by: java.util.concurrent.TimeoutException
	at java.util.concurrent.CompletableFuture.timedGet(CompletableFuture.java:1771)
	at java.util.concurrent.CompletableFuture.get(CompletableFuture.java:1915)
	at org.apache.ratis.util.IOUtils.getFromFuture(IOUtils.java:79)
	... 4 more
2019-09-11 05:29:59,877 [4923db37-afc5-4a4b-9e0e-3e0e64c6efbc@group-DBCF7A494882-SegmentedRaftLogWorker] WARN  segmented.SegmentedRaftLogWorker (SegmentedRaftLogWorker.java:getFromFuture(90)) - Timeout 3/~
org.apache.ratis.protocol.TimeoutIOException: Timeout 10s: WriteLog:18: (t:2, i:18), STATEMACHINELOGENTRY, client-876F6FC8C029, cid=43-writeStateMachineData
	at org.apache.ratis.util.IOUtils.getFromFuture(IOUtils.java:87)
	at org.apache.ratis.server.raftlog.segmented.SegmentedRaftLogWorker$StateMachineDataPolicy.getFromFuture(SegmentedRaftLogWorker.java:87)
	at org.apache.ratis.server.raftlog.segmented.SegmentedRaftLogWorker$WriteLog.execute(SegmentedRaftLogWorker.java:477)
	at org.apache.ratis.server.raftlog.segmented.SegmentedRaftLogWorker.run(SegmentedRaftLogWorker.java:289)
	at java.lang.Thread.run(Thread.java:748)
Caused by: java.util.concurrent.TimeoutException
	at java.util.concurrent.CompletableFuture.timedGet(CompletableFuture.java:1771)
	at java.util.concurrent.CompletableFuture.get(CompletableFuture.java:1915)
	at org.apache.ratis.util.IOUtils.getFromFuture(IOUtils.java:79)
	... 4 more
2019-09-11 05:29:59,937 [java.util.concurrent.ThreadPoolExecutor$Worker@5b0e78e[State = -1, empty queue]] WARN  server.GrpcLogAppender (GrpcLogAppender.java:timeoutAppendRequest(200)) - 78dbd0e6-a34a-4054-9e2e-3bf1b76c8205@group-B7894EF2C8AA->64c45ce8-9e8f-4626-9780-d8b476434616-GrpcLogAppender: appendEntries Timeout, request=78dbd0e6-a34a-4054-9e2e-3bf1b76c8205->64c45ce8-9e8f-4626-9780-d8b476434616#136-t2, previous=(t:2, i:19), leaderCommit=15, initializing? false, entries: <empty>
2019-09-11 05:29:59,937 [java.util.concurrent.ThreadPoolExecutor$Worker@7aa35568[State = -1, empty queue]] WARN  server.GrpcLogAppender (GrpcLogAppender.java:timeoutAppendRequest(200)) - 78dbd0e6-a34a-4054-9e2e-3bf1b76c8205@group-B7894EF2C8AA->1169a1ed-1394-44b2-9737-be9aad5bd237-GrpcLogAppender: appendEntries Timeout, request=78dbd0e6-a34a-4054-9e2e-3bf1b76c8205->1169a1ed-1394-44b2-9737-be9aad5bd237#136-t2, previous=(t:2, i:19), leaderCommit=15, initializing? false, entries: <empty>
2019-09-11 05:30:00,076 [java.util.concurrent.ThreadPoolExecutor$Worker@51c3d2cc[State = -1, empty queue]] WARN  server.GrpcLogAppender (GrpcLogAppender.java:timeoutAppendRequest(200)) - 4923db37-afc5-4a4b-9e0e-3e0e64c6efbc@group-DBCF7A494882->fa5ee157-3b80-4774-adcc-f01234ebded8-GrpcLogAppender: appendEntries Timeout, request=4923db37-afc5-4a4b-9e0e-3e0e64c6efbc->fa5ee157-3b80-4774-adcc-f01234ebded8#136-t2, previous=(t:2, i:19), leaderCommit=15, initializing? false, entries: <empty>
2019-09-11 05:30:00,102 [java.util.concurrent.ThreadPoolExecutor$Worker@15c0b703[State = -1, empty queue]] WARN  server.GrpcLogAppender (GrpcLogAppender.java:timeoutAppendRequest(200)) - 4923db37-afc5-4a4b-9e0e-3e0e64c6efbc@group-DBCF7A494882->b5c94862-e767-4e3a-a577-422bae381862-GrpcLogAppender: appendEntries Timeout, request=4923db37-afc5-4a4b-9e0e-3e0e64c6efbc->b5c94862-e767-4e3a-a577-422bae381862#136-t2, previous=(t:2, i:19), leaderCommit=15, initializing? false, entries: <empty>
2019-09-11 05:30:00,438 [java.util.concurrent.ThreadPoolExecutor$Worker@5b0e78e[State = -1, empty queue]] WARN  server.GrpcLogAppender (GrpcLogAppender.java:timeoutAppendRequest(200)) - 78dbd0e6-a34a-4054-9e2e-3bf1b76c8205@group-B7894EF2C8AA->64c45ce8-9e8f-4626-9780-d8b476434616-GrpcLogAppender: appendEntries Timeout, request=78dbd0e6-a34a-4054-9e2e-3bf1b76c8205->64c45ce8-9e8f-4626-9780-d8b476434616#137-t2, previous=(t:2, i:19), leaderCommit=15, initializing? false, entries: <empty>
2019-09-11 05:30:00,438 [java.util.concurrent.ThreadPoolExecutor$Worker@7aa35568[State = -1, empty queue]] WARN  server.GrpcLogAppender (GrpcLogAppender.java:timeoutAppendRequest(200)) - 78dbd0e6-a34a-4054-9e2e-3bf1b76c8205@group-B7894EF2C8AA->1169a1ed-1394-44b2-9737-be9aad5bd237-GrpcLogAppender: appendEntries Timeout, request=78dbd0e6-a34a-4054-9e2e-3bf1b76c8205->1169a1ed-1394-44b2-9737-be9aad5bd237#137-t2, previous=(t:2, i:19), leaderCommit=15, initializing? false, entries: <empty>
2019-09-11 05:30:00,576 [java.util.concurrent.ThreadPoolExecutor$Worker@51c3d2cc[State = -1, empty queue]] WARN  server.GrpcLogAppender (GrpcLogAppender.java:timeoutAppendRequest(200)) - 4923db37-afc5-4a4b-9e0e-3e0e64c6efbc@group-DBCF7A494882->fa5ee157-3b80-4774-adcc-f01234ebded8-GrpcLogAppender: appendEntries Timeout, request=4923db37-afc5-4a4b-9e0e-3e0e64c6efbc->fa5ee157-3b80-4774-adcc-f01234ebded8#137-t2, previous=(t:2, i:19), leaderCommit=15, initializing? false, entries: <empty>
2019-09-11 05:30:00,602 [java.util.concurrent.ThreadPoolExecutor$Worker@15c0b703[State = -1, empty queue]] WARN  server.GrpcLogAppender (GrpcLogAppender.java:timeoutAppendRequest(200)) - 4923db37-afc5-4a4b-9e0e-3e0e64c6efbc@group-DBCF7A494882->b5c94862-e767-4e3a-a577-422bae381862-GrpcLogAppender: appendEntries Timeout, request=4923db37-afc5-4a4b-9e0e-3e0e64c6efbc->b5c94862-e767-4e3a-a577-422bae381862#137-t2, previous=(t:2, i:19), leaderCommit=15, initializing? false, entries: <empty>
2019-09-11 05:30:00,938 [java.util.concurrent.ThreadPoolExecutor$Worker@5b0e78e[State = -1, empty queue]] WARN  server.GrpcLogAppender (GrpcLogAppender.java:timeoutAppendRequest(200)) - 78dbd0e6-a34a-4054-9e2e-3bf1b76c8205@group-B7894EF2C8AA->64c45ce8-9e8f-4626-9780-d8b476434616-GrpcLogAppender: appendEntries Timeout, request=78dbd0e6-a34a-4054-9e2e-3bf1b76c8205->64c45ce8-9e8f-4626-9780-d8b476434616#138-t2, previous=(t:2, i:19), leaderCommit=15, initializing? false, entries: <empty>
2019-09-11 05:30:00,938 [java.util.concurrent.ThreadPoolExecutor$Worker@7aa35568[State = -1, empty queue]] WARN  server.GrpcLogAppender (GrpcLogAppender.java:timeoutAppendRequest(200)) - 78dbd0e6-a34a-4054-9e2e-3bf1b76c8205@group-B7894EF2C8AA->1169a1ed-1394-44b2-9737-be9aad5bd237-GrpcLogAppender: appendEntries Timeout, request=78dbd0e6-a34a-4054-9e2e-3bf1b76c8205->1169a1ed-1394-44b2-9737-be9aad5bd237#138-t2, previous=(t:2, i:19), leaderCommit=15, initializing? false, entries: <empty>
2019-09-11 05:30:00,946 [1085c8a3-fcd4-45c4-be46-c3757d6b46c3@group-00994406B9A2-SegmentedRaftLogWorker] WARN  segmented.SegmentedRaftLogWorker (SegmentedRaftLogWorker.java:getFromFuture(90)) - Timeout 5/~
org.apache.ratis.protocol.TimeoutIOException: Timeout 10s: WriteLog:19: (t:3, i:19), STATEMACHINELOGENTRY, client-51C1F636924D, cid=30-writeStateMachineData
	at org.apache.ratis.util.IOUtils.getFromFuture(IOUtils.java:87)
	at org.apache.ratis.server.raftlog.segmented.SegmentedRaftLogWorker$StateMachineDataPolicy.getFromFuture(SegmentedRaftLogWorker.java:87)
	at org.apache.ratis.server.raftlog.segmented.SegmentedRaftLogWorker$WriteLog.execute(SegmentedRaftLogWorker.java:477)
	at org.apache.ratis.server.raftlog.segmented.SegmentedRaftLogWorker.run(SegmentedRaftLogWorker.java:289)
	at java.lang.Thread.run(Thread.java:748)
Caused by: java.util.concurrent.TimeoutException
	at java.util.concurrent.CompletableFuture.timedGet(CompletableFuture.java:1771)
	at java.util.concurrent.CompletableFuture.get(CompletableFuture.java:1915)
	at org.apache.ratis.util.IOUtils.getFromFuture(IOUtils.java:79)
	... 4 more
2019-09-11 05:30:00,948 [33471566-8842-41e4-bba3-9cc287622f4a@group-00994406B9A2-SegmentedRaftLogWorker] WARN  segmented.SegmentedRaftLogWorker (SegmentedRaftLogWorker.java:getFromFuture(90)) - Timeout 5/~
org.apache.ratis.protocol.TimeoutIOException: Timeout 10s: WriteLog:19: (t:3, i:19), STATEMACHINELOGENTRY, client-51C1F636924D, cid=30-writeStateMachineData
	at org.apache.ratis.util.IOUtils.getFromFuture(IOUtils.java:87)
	at org.apache.ratis.server.raftlog.segmented.SegmentedRaftLogWorker$StateMachineDataPolicy.getFromFuture(SegmentedRaftLogWorker.java:87)
	at org.apache.ratis.server.raftlog.segmented.SegmentedRaftLogWorker$WriteLog.execute(SegmentedRaftLogWorker.java:477)
	at org.apache.ratis.server.raftlog.segmented.SegmentedRaftLogWorker.run(SegmentedRaftLogWorker.java:289)
	at java.lang.Thread.run(Thread.java:748)
Caused by: java.util.concurrent.TimeoutException
	at java.util.concurrent.CompletableFuture.timedGet(CompletableFuture.java:1771)
	at java.util.concurrent.CompletableFuture.get(CompletableFuture.java:1915)
	at org.apache.ratis.util.IOUtils.getFromFuture(IOUtils.java:79)
	... 4 more
2019-09-11 05:30:01,077 [java.util.concurrent.ThreadPoolExecutor$Worker@51c3d2cc[State = -1, empty queue]] WARN  server.GrpcLogAppender (GrpcLogAppender.java:timeoutAppendRequest(200)) - 4923db37-afc5-4a4b-9e0e-3e0e64c6efbc@group-DBCF7A494882->fa5ee157-3b80-4774-adcc-f01234ebded8-GrpcLogAppender: appendEntries Timeout, request=4923db37-afc5-4a4b-9e0e-3e0e64c6efbc->fa5ee157-3b80-4774-adcc-f01234ebded8#138-t2, previous=(t:2, i:19), leaderCommit=15, initializing? false, entries: <empty>
2019-09-11 05:30:01,102 [java.util.concurrent.ThreadPoolExecutor$Worker@15c0b703[State = -1, empty queue]] WARN  server.GrpcLogAppender (GrpcLogAppender.java:timeoutAppendRequest(200)) - 4923db37-afc5-4a4b-9e0e-3e0e64c6efbc@group-DBCF7A494882->b5c94862-e767-4e3a-a577-422bae381862-GrpcLogAppender: appendEntries Timeout, request=4923db37-afc5-4a4b-9e0e-3e0e64c6efbc->b5c94862-e767-4e3a-a577-422bae381862#138-t2, previous=(t:2, i:19), leaderCommit=15, initializing? false, entries: <empty>
2019-09-11 05:30:01,439 [java.util.concurrent.ThreadPoolExecutor$Worker@5b0e78e[State = -1, empty queue]] WARN  server.GrpcLogAppender (GrpcLogAppender.java:timeoutAppendRequest(200)) - 78dbd0e6-a34a-4054-9e2e-3bf1b76c8205@group-B7894EF2C8AA->64c45ce8-9e8f-4626-9780-d8b476434616-GrpcLogAppender: appendEntries Timeout, request=78dbd0e6-a34a-4054-9e2e-3bf1b76c8205->64c45ce8-9e8f-4626-9780-d8b476434616#139-t2, previous=(t:2, i:19), leaderCommit=15, initializing? false, entries: <empty>
2019-09-11 05:30:01,439 [java.util.concurrent.ThreadPoolExecutor$Worker@7aa35568[State = -1, empty queue]] WARN  server.GrpcLogAppender (GrpcLogAppender.java:timeoutAppendRequest(200)) - 78dbd0e6-a34a-4054-9e2e-3bf1b76c8205@group-B7894EF2C8AA->1169a1ed-1394-44b2-9737-be9aad5bd237-GrpcLogAppender: appendEntries Timeout, request=78dbd0e6-a34a-4054-9e2e-3bf1b76c8205->1169a1ed-1394-44b2-9737-be9aad5bd237#139-t2, previous=(t:2, i:19), leaderCommit=15, initializing? false, entries: <empty>
2019-09-11 05:30:01,578 [java.util.concurrent.ThreadPoolExecutor$Worker@51c3d2cc[State = -1, empty queue]] WARN  server.GrpcLogAppender (GrpcLogAppender.java:timeoutAppendRequest(200)) - 4923db37-afc5-4a4b-9e0e-3e0e64c6efbc@group-DBCF7A494882->fa5ee157-3b80-4774-adcc-f01234ebded8-GrpcLogAppender: appendEntries Timeout, request=4923db37-afc5-4a4b-9e0e-3e0e64c6efbc->fa5ee157-3b80-4774-adcc-f01234ebded8#139-t2, previous=(t:2, i:19), leaderCommit=15, initializing? false, entries: <empty>
2019-09-11 05:30:01,587 [main] WARN  io.KeyOutputStream (KeyOutputStream.java:handleException(276)) - Encountered exception java.io.IOException: Unexpected Storage Container Exception: java.util.concurrent.CompletionException: java.util.concurrent.CompletionException: org.apache.ratis.protocol.RaftRetryFailureException: Failed RaftClientRequest:client-1FEA8BF74F46->78dbd0e6-a34a-4054-9e2e-3bf1b76c8205@group-B7894EF2C8AA, cid=53, seq=9*, RW, org.apache.hadoop.hdds.scm.XceiverClientRatis$$Lambda$478/787298292@12c76763 for 10 attempts with RetryLimited(maxAttempts=10, sleepTime=1000ms) on the pipeline Pipeline[ Id: b0a8c6ed-4bd3-40bd-ab3d-b7894ef2c8aa, Nodes: 1169a1ed-1394-44b2-9737-be9aad5bd237{ip: 192.168.36.125, host: trunk-nightly-20190911-vpfxm-1000144475, networkLocation: /default-rack, certSerialId: null}64c45ce8-9e8f-4626-9780-d8b476434616{ip: 192.168.36.125, host: trunk-nightly-20190911-vpfxm-1000144475, networkLocation: /default-rack, certSerialId: null}78dbd0e6-a34a-4054-9e2e-3bf1b76c8205{ip: 192.168.36.125, host: trunk-nightly-20190911-vpfxm-1000144475, networkLocation: /default-rack, certSerialId: null}, Type:RATIS, Factor:THREE, State:OPEN]. The last committed block length is 0, uncommitted data length is 2097152 retry count 0
2019-09-11 05:30:01,603 [java.util.concurrent.ThreadPoolExecutor$Worker@15c0b703[State = -1, empty queue]] WARN  server.GrpcLogAppender (GrpcLogAppender.java:timeoutAppendRequest(200)) - 4923db37-afc5-4a4b-9e0e-3e0e64c6efbc@group-DBCF7A494882->b5c94862-e767-4e3a-a577-422bae381862-GrpcLogAppender: appendEntries Timeout, request=4923db37-afc5-4a4b-9e0e-3e0e64c6efbc->b5c94862-e767-4e3a-a577-422bae381862#139-t2, previous=(t:2, i:19), leaderCommit=15, initializing? false, entries: <empty>
2019-09-11 05:30:01,635 [IPC Server handler 7 on 33155] WARN  block.BlockManagerImpl (BlockManagerImpl.java:allocateBlock(192)) - Pipeline creation failed for type:RATIS factor:THREE. Retrying get pipelines call once.
org.apache.hadoop.hdds.scm.pipeline.InsufficientDatanodesException: Cannot create pipeline of factor 3 using 1 nodes.
	at org.apache.hadoop.hdds.scm.pipeline.RatisPipelineProvider.create(RatisPipelineProvider.java:152)
	at org.apache.hadoop.hdds.scm.pipeline.PipelineFactory.create(PipelineFactory.java:57)
	at org.apache.hadoop.hdds.scm.pipeline.SCMPipelineManager.createPipeline(SCMPipelineManager.java:151)
	at org.apache.hadoop.hdds.scm.block.BlockManagerImpl.allocateBlock(BlockManagerImpl.java:190)
	at org.apache.hadoop.hdds.scm.server.SCMBlockProtocolServer.allocateBlock(SCMBlockProtocolServer.java:182)
	at org.apache.hadoop.ozone.protocolPB.ScmBlockLocationProtocolServerSideTranslatorPB.allocateScmBlock(ScmBlockLocationProtocolServerSideTranslatorPB.java:183)
	at org.apache.hadoop.ozone.protocolPB.ScmBlockLocationProtocolServerSideTranslatorPB.processMessage(ScmBlockLocationProtocolServerSideTranslatorPB.java:141)
	at org.apache.hadoop.ozone.protocolPB.ScmBlockLocationProtocolServerSideTranslatorPB.send(ScmBlockLocationProtocolServerSideTranslatorPB.java:116)
	at org.apache.hadoop.hdds.protocol.proto.ScmBlockLocationProtocolProtos$ScmBlockLocationProtocolService$2.callBlockingMethod(ScmBlockLocationProtocolProtos.java:13157)
	at org.apache.hadoop.ipc.ProtobufRpcEngine$Server$ProtoBufRpcInvoker.call(ProtobufRpcEngine.java:524)
	at org.apache.hadoop.ipc.RPC$Server.call(RPC.java:1025)
	at org.apache.hadoop.ipc.Server$RpcCall.run(Server.java:876)
	at org.apache.hadoop.ipc.Server$RpcCall.run(Server.java:822)
	at java.security.AccessController.doPrivileged(Native Method)
	at javax.security.auth.Subject.doAs(Subject.java:422)
	at org.apache.hadoop.security.UserGroupInformation.doAs(UserGroupInformation.java:1730)
	at org.apache.hadoop.ipc.Server$Handler.run(Server.java:2682)
2019-09-11 05:30:01,639 [IPC Server handler 7 on 33155] INFO  block.BlockManagerImpl (BlockManagerImpl.java:allocateBlock(198)) - Could not find available pipeline of type:RATIS and factor:THREE even after retrying
2019-09-11 05:30:01,639 [IPC Server handler 7 on 33155] ERROR block.BlockManagerImpl (BlockManagerImpl.java:allocateBlock(222)) - Unable to allocate a block for the size: 4194304, type: RATIS, factor: THREE
2019-09-11 05:30:01,645 [main] ERROR io.BlockOutputStreamEntryPool (BlockOutputStreamEntryPool.java:allocateBlockIfNeeded(299)) - Try to allocate more blocks for write failed, already allocated 0 blocks for this write.
INTERNAL_ERROR org.apache.hadoop.ozone.om.exceptions.OMException: Allocated 0 blocks. Requested 1 blocks
	at org.apache.hadoop.ozone.om.protocolPB.OzoneManagerProtocolClientSideTranslatorPB.handleError(OzoneManagerProtocolClientSideTranslatorPB.java:725)
	at org.apache.hadoop.ozone.om.protocolPB.OzoneManagerProtocolClientSideTranslatorPB.allocateBlock(OzoneManagerProtocolClientSideTranslatorPB.java:757)
	at org.apache.hadoop.ozone.client.io.BlockOutputStreamEntryPool.allocateNewBlock(BlockOutputStreamEntryPool.java:248)
	at org.apache.hadoop.ozone.client.io.BlockOutputStreamEntryPool.allocateBlockIfNeeded(BlockOutputStreamEntryPool.java:296)
	at org.apache.hadoop.ozone.client.io.KeyOutputStream.handleWrite(KeyOutputStream.java:201)
	at org.apache.hadoop.ozone.client.io.KeyOutputStream.handleRetry(KeyOutputStream.java:376)
	at org.apache.hadoop.ozone.client.io.KeyOutputStream.handleException(KeyOutputStream.java:325)
	at org.apache.hadoop.ozone.client.io.KeyOutputStream.handleWrite(KeyOutputStream.java:231)
	at org.apache.hadoop.ozone.client.io.KeyOutputStream.write(KeyOutputStream.java:193)
	at org.apache.hadoop.ozone.client.io.OzoneOutputStream.write(OzoneOutputStream.java:49)
	at java.io.OutputStream.write(OutputStream.java:75)
	at org.apache.hadoop.ozone.client.rpc.TestMultiBlockWritesWithDnFailures.testMultiBlockWritesWithIntermittentDnFailures(TestMultiBlockWritesWithDnFailures.java:192)
	at sun.reflect.NativeMethodAccessorImpl.invoke0(Native Method)
	at sun.reflect.NativeMethodAccessorImpl.invoke(NativeMethodAccessorImpl.java:62)
	at sun.reflect.DelegatingMethodAccessorImpl.invoke(DelegatingMethodAccessorImpl.java:43)
	at java.lang.reflect.Method.invoke(Method.java:498)
	at org.junit.runners.model.FrameworkMethod$1.runReflectiveCall(FrameworkMethod.java:47)
	at org.junit.internal.runners.model.ReflectiveCallable.run(ReflectiveCallable.java:12)
	at org.junit.runners.model.FrameworkMethod.invokeExplosively(FrameworkMethod.java:44)
	at org.junit.internal.runners.statements.InvokeMethod.evaluate(InvokeMethod.java:17)
	at org.junit.internal.runners.statements.RunAfters.evaluate(RunAfters.java:27)
	at org.junit.runners.ParentRunner.runLeaf(ParentRunner.java:271)
	at org.junit.runners.BlockJUnit4ClassRunner.runChild(BlockJUnit4ClassRunner.java:70)
	at org.junit.runners.BlockJUnit4ClassRunner.runChild(BlockJUnit4ClassRunner.java:50)
	at org.junit.runners.ParentRunner$3.run(ParentRunner.java:238)
	at org.junit.runners.ParentRunner$1.schedule(ParentRunner.java:63)
	at org.junit.runners.ParentRunner.runChildren(ParentRunner.java:236)
	at org.junit.runners.ParentRunner.access$000(ParentRunner.java:53)
	at org.junit.runners.ParentRunner$2.evaluate(ParentRunner.java:229)
	at org.junit.runners.ParentRunner.run(ParentRunner.java:309)
	at org.apache.maven.surefire.junit4.JUnit4Provider.execute(JUnit4Provider.java:365)
	at org.apache.maven.surefire.junit4.JUnit4Provider.executeWithRerun(JUnit4Provider.java:273)
	at org.apache.maven.surefire.junit4.JUnit4Provider.executeTestSet(JUnit4Provider.java:238)
	at org.apache.maven.surefire.junit4.JUnit4Provider.invoke(JUnit4Provider.java:159)
	at org.apache.maven.surefire.booter.ForkedBooter.invokeProviderInSameClassLoader(ForkedBooter.java:384)
	at org.apache.maven.surefire.booter.ForkedBooter.runSuitesInProcess(ForkedBooter.java:345)
	at org.apache.maven.surefire.booter.ForkedBooter.execute(ForkedBooter.java:126)
	at org.apache.maven.surefire.booter.ForkedBooter.main(ForkedBooter.java:418)
2019-09-11 05:30:01,650 [main] INFO  ozone.MiniOzoneClusterImpl (MiniOzoneClusterImpl.java:shutdown(307)) - Shutting down the Mini Ozone Cluster
2019-09-11 05:30:01,651 [main] INFO  ozone.MiniOzoneClusterImpl (MiniOzoneClusterImpl.java:stop(322)) - Stopping the Mini Ozone Cluster
2019-09-11 05:30:01,651 [main] INFO  ozone.MiniOzoneClusterImpl (MiniOzoneClusterImpl.java:stop(324)) - Stopping the OzoneManager
2019-09-11 05:30:01,651 [main] INFO  ipc.Server (Server.java:stop(3082)) - Stopping server on 46634
2019-09-11 05:30:01,664 [IPC Server listener on 46634] INFO  ipc.Server (Server.java:run(1185)) - Stopping IPC Server listener on 46634
2019-09-11 05:30:01,672 [main] INFO  ratis.OzoneManagerDoubleBuffer (OzoneManagerDoubleBuffer.java:stop(248)) - Stopping OMDoubleBuffer flush thread
2019-09-11 05:30:01,678 [IPC Server Responder] INFO  ipc.Server (Server.java:run(1319)) - Stopping IPC Server Responder
2019-09-11 05:30:01,678 [OMDoubleBufferFlushThread] INFO  ratis.OzoneManagerDoubleBuffer (OzoneManagerDoubleBuffer.java:flushTransactions(191)) - OMDoubleBuffer flush thread OMDoubleBufferFlushThread is interrupted and will exit. OMDoubleBufferFlushThread
2019-09-11 05:30:01,704 [main] INFO  utils.BackgroundService (BackgroundService.java:shutdown(148)) - Shutting down service KeyDeletingService
2019-09-11 05:30:01,723 [main] INFO  handler.ContextHandler (ContextHandler.java:doStop(910)) - Stopped o.e.j.w.WebAppContext@444548a0{/,null,UNAVAILABLE}{/ozoneManager}
2019-09-11 05:30:01,724 [main] INFO  server.AbstractConnector (AbstractConnector.java:doStop(318)) - Stopped ServerConnector@3766c667{HTTP/1.1,[http/1.1]}{0.0.0.0:0}
2019-09-11 05:30:01,724 [main] INFO  handler.ContextHandler (ContextHandler.java:doStop(910)) - Stopped o.e.j.s.ServletContextHandler@2571066a{/static,file:///workdir/hadoop-ozone/integration-test/target/test-classes/webapps/static,UNAVAILABLE}
2019-09-11 05:30:01,725 [main] INFO  handler.ContextHandler (ContextHandler.java:doStop(910)) - Stopped o.e.j.s.ServletContextHandler@25d3cfc8{/logs,file:///workdir/hadoop-ozone/integration-test/target/log,UNAVAILABLE}
2019-09-11 05:30:01,729 [main] INFO  ozone.MiniOzoneClusterImpl (MiniOzoneClusterImpl.java:stop(330)) - Shutting the HddsDatanodes
2019-09-11 05:30:01,939 [java.util.concurrent.ThreadPoolExecutor$Worker@7aa35568[State = -1, empty queue]] WARN  server.GrpcLogAppender (GrpcLogAppender.java:timeoutAppendRequest(200)) - 78dbd0e6-a34a-4054-9e2e-3bf1b76c8205@group-B7894EF2C8AA->1169a1ed-1394-44b2-9737-be9aad5bd237-GrpcLogAppender: appendEntries Timeout, request=78dbd0e6-a34a-4054-9e2e-3bf1b76c8205->1169a1ed-1394-44b2-9737-be9aad5bd237#140-t2, previous=(t:2, i:19), leaderCommit=15, initializing? false, entries: <empty>
2019-09-11 05:30:01,939 [java.util.concurrent.ThreadPoolExecutor$Worker@5b0e78e[State = -1, empty queue]] WARN  server.GrpcLogAppender (GrpcLogAppender.java:timeoutAppendRequest(200)) - 78dbd0e6-a34a-4054-9e2e-3bf1b76c8205@group-B7894EF2C8AA->64c45ce8-9e8f-4626-9780-d8b476434616-GrpcLogAppender: appendEntries Timeout, request=78dbd0e6-a34a-4054-9e2e-3bf1b76c8205->64c45ce8-9e8f-4626-9780-d8b476434616#140-t2, previous=(t:2, i:19), leaderCommit=15, initializing? false, entries: <empty>
2019-09-11 05:30:02,077 [java.util.concurrent.ThreadPoolExecutor$Worker@51c3d2cc[State = -1, empty queue]] WARN  server.GrpcLogAppender (GrpcLogAppender.java:timeoutAppendRequest(200)) - 4923db37-afc5-4a4b-9e0e-3e0e64c6efbc@group-DBCF7A494882->fa5ee157-3b80-4774-adcc-f01234ebded8-GrpcLogAppender: appendEntries Timeout, request=4923db37-afc5-4a4b-9e0e-3e0e64c6efbc->fa5ee157-3b80-4774-adcc-f01234ebded8#140-t2, previous=(t:2, i:19), leaderCommit=15, initializing? false, entries: <empty>
2019-09-11 05:30:02,103 [java.util.concurrent.ThreadPoolExecutor$Worker@15c0b703[State = -1, empty queue]] WARN  server.GrpcLogAppender (GrpcLogAppender.java:timeoutAppendRequest(200)) - 4923db37-afc5-4a4b-9e0e-3e0e64c6efbc@group-DBCF7A494882->b5c94862-e767-4e3a-a577-422bae381862-GrpcLogAppender: appendEntries Timeout, request=4923db37-afc5-4a4b-9e0e-3e0e64c6efbc->b5c94862-e767-4e3a-a577-422bae381862#140-t2, previous=(t:2, i:19), leaderCommit=15, initializing? false, entries: <empty>
2019-09-11 05:30:02,439 [java.util.concurrent.ThreadPoolExecutor$Worker@5b0e78e[State = -1, empty queue]] WARN  server.GrpcLogAppender (GrpcLogAppender.java:timeoutAppendRequest(200)) - 78dbd0e6-a34a-4054-9e2e-3bf1b76c8205@group-B7894EF2C8AA->64c45ce8-9e8f-4626-9780-d8b476434616-GrpcLogAppender: appendEntries Timeout, request=78dbd0e6-a34a-4054-9e2e-3bf1b76c8205->64c45ce8-9e8f-4626-9780-d8b476434616#141-t2, previous=(t:2, i:19), leaderCommit=15, initializing? false, entries: <empty>
2019-09-11 05:30:02,439 [java.util.concurrent.ThreadPoolExecutor$Worker@7aa35568[State = -1, empty queue]] WARN  server.GrpcLogAppender (GrpcLogAppender.java:timeoutAppendRequest(200)) - 78dbd0e6-a34a-4054-9e2e-3bf1b76c8205@group-B7894EF2C8AA->1169a1ed-1394-44b2-9737-be9aad5bd237-GrpcLogAppender: appendEntries Timeout, request=78dbd0e6-a34a-4054-9e2e-3bf1b76c8205->1169a1ed-1394-44b2-9737-be9aad5bd237#141-t2, previous=(t:2, i:19), leaderCommit=15, initializing? false, entries: <empty>
2019-09-11 05:30:02,533 [Datanode State Machine Thread - 0] INFO  statemachine.DatanodeStateMachine (DatanodeStateMachine.java:lambda$startDaemon$0(350)) - Ozone container server started.
2019-09-11 05:30:02,577 [java.util.concurrent.ThreadPoolExecutor$Worker@51c3d2cc[State = -1, empty queue]] WARN  server.GrpcLogAppender (GrpcLogAppender.java:timeoutAppendRequest(200)) - 4923db37-afc5-4a4b-9e0e-3e0e64c6efbc@group-DBCF7A494882->fa5ee157-3b80-4774-adcc-f01234ebded8-GrpcLogAppender: appendEntries Timeout, request=4923db37-afc5-4a4b-9e0e-3e0e64c6efbc->fa5ee157-3b80-4774-adcc-f01234ebded8#141-t2, previous=(t:2, i:19), leaderCommit=15, initializing? false, entries: <empty>
2019-09-11 05:30:02,603 [java.util.concurrent.ThreadPoolExecutor$Worker@15c0b703[State = -1, empty queue]] WARN  server.GrpcLogAppender (GrpcLogAppender.java:timeoutAppendRequest(200)) - 4923db37-afc5-4a4b-9e0e-3e0e64c6efbc@group-DBCF7A494882->b5c94862-e767-4e3a-a577-422bae381862-GrpcLogAppender: appendEntries Timeout, request=4923db37-afc5-4a4b-9e0e-3e0e64c6efbc->b5c94862-e767-4e3a-a577-422bae381862#141-t2, previous=(t:2, i:19), leaderCommit=15, initializing? false, entries: <empty>
2019-09-11 05:30:02,618 [Datanode State Machine Thread - 0] INFO  statemachine.DatanodeStateMachine (DatanodeStateMachine.java:lambda$startDaemon$0(350)) - Ozone container server started.
2019-09-11 05:30:02,939 [java.util.concurrent.ThreadPoolExecutor$Worker@7aa35568[State = -1, empty queue]] WARN  server.GrpcLogAppender (GrpcLogAppender.java:timeoutAppendRequest(200)) - 78dbd0e6-a34a-4054-9e2e-3bf1b76c8205@group-B7894EF2C8AA->1169a1ed-1394-44b2-9737-be9aad5bd237-GrpcLogAppender: appendEntries Timeout, request=78dbd0e6-a34a-4054-9e2e-3bf1b76c8205->1169a1ed-1394-44b2-9737-be9aad5bd237#142-t2, previous=(t:2, i:19), leaderCommit=15, initializing? false, entries: <empty>
2019-09-11 05:30:02,939 [java.util.concurrent.ThreadPoolExecutor$Worker@5b0e78e[State = -1, empty queue]] WARN  server.GrpcLogAppender (GrpcLogAppender.java:timeoutAppendRequest(200)) - 78dbd0e6-a34a-4054-9e2e-3bf1b76c8205@group-B7894EF2C8AA->64c45ce8-9e8f-4626-9780-d8b476434616-GrpcLogAppender: appendEntries Timeout, request=78dbd0e6-a34a-4054-9e2e-3bf1b76c8205->64c45ce8-9e8f-4626-9780-d8b476434616#142-t2, previous=(t:2, i:19), leaderCommit=15, initializing? false, entries: <empty>
2019-09-11 05:30:03,078 [java.util.concurrent.ThreadPoolExecutor$Worker@51c3d2cc[State = -1, empty queue]] WARN  server.GrpcLogAppender (GrpcLogAppender.java:timeoutAppendRequest(200)) - 4923db37-afc5-4a4b-9e0e-3e0e64c6efbc@group-DBCF7A494882->fa5ee157-3b80-4774-adcc-f01234ebded8-GrpcLogAppender: appendEntries Timeout, request=4923db37-afc5-4a4b-9e0e-3e0e64c6efbc->fa5ee157-3b80-4774-adcc-f01234ebded8#142-t2, previous=(t:2, i:19), leaderCommit=15, initializing? false, entries: <empty>
2019-09-11 05:30:03,104 [java.util.concurrent.ThreadPoolExecutor$Worker@15c0b703[State = -1, empty queue]] WARN  server.GrpcLogAppender (GrpcLogAppender.java:timeoutAppendRequest(200)) - 4923db37-afc5-4a4b-9e0e-3e0e64c6efbc@group-DBCF7A494882->b5c94862-e767-4e3a-a577-422bae381862-GrpcLogAppender: appendEntries Timeout, request=4923db37-afc5-4a4b-9e0e-3e0e64c6efbc->b5c94862-e767-4e3a-a577-422bae381862#142-t2, previous=(t:2, i:19), leaderCommit=15, initializing? false, entries: <empty>
2019-09-11 05:30:03,419 [78dbd0e6-a34a-4054-9e2e-3bf1b76c8205@group-B7894EF2C8AA-SegmentedRaftLogWorker] WARN  segmented.SegmentedRaftLogWorker (SegmentedRaftLogWorker.java:getFromFuture(90)) - Timeout 1/~
org.apache.ratis.protocol.TimeoutIOException: Timeout 10s: WriteLog:16: (t:2, i:16), STATEMACHINELOGENTRY, client-1FEA8BF74F46, cid=53-writeStateMachineData
	at org.apache.ratis.util.IOUtils.getFromFuture(IOUtils.java:87)
	at org.apache.ratis.server.raftlog.segmented.SegmentedRaftLogWorker$StateMachineDataPolicy.getFromFuture(SegmentedRaftLogWorker.java:87)
	at org.apache.ratis.server.raftlog.segmented.SegmentedRaftLogWorker$WriteLog.execute(SegmentedRaftLogWorker.java:477)
	at org.apache.ratis.server.raftlog.segmented.SegmentedRaftLogWorker.run(SegmentedRaftLogWorker.java:289)
	at java.lang.Thread.run(Thread.java:748)
Caused by: java.util.concurrent.TimeoutException
	at java.util.concurrent.CompletableFuture.timedGet(CompletableFuture.java:1771)
	at java.util.concurrent.CompletableFuture.get(CompletableFuture.java:1915)
	at org.apache.ratis.util.IOUtils.getFromFuture(IOUtils.java:79)
	... 4 more
2019-09-11 05:30:03,424 [64c45ce8-9e8f-4626-9780-d8b476434616@group-B7894EF2C8AA-SegmentedRaftLogWorker] WARN  segmented.SegmentedRaftLogWorker (SegmentedRaftLogWorker.java:getFromFuture(90)) - Timeout 1/~
org.apache.ratis.protocol.TimeoutIOException: Timeout 10s: WriteLog:16: (t:2, i:16), STATEMACHINELOGENTRY, client-1FEA8BF74F46, cid=53-writeStateMachineData
	at org.apache.ratis.util.IOUtils.getFromFuture(IOUtils.java:87)
	at org.apache.ratis.server.raftlog.segmented.SegmentedRaftLogWorker$StateMachineDataPolicy.getFromFuture(SegmentedRaftLogWorker.java:87)
	at org.apache.ratis.server.raftlog.segmented.SegmentedRaftLogWorker$WriteLog.execute(SegmentedRaftLogWorker.java:477)
	at org.apache.ratis.server.raftlog.segmented.SegmentedRaftLogWorker.run(SegmentedRaftLogWorker.java:289)
	at java.lang.Thread.run(Thread.java:748)
Caused by: java.util.concurrent.TimeoutException
	at java.util.concurrent.CompletableFuture.timedGet(CompletableFuture.java:1771)
	at java.util.concurrent.CompletableFuture.get(CompletableFuture.java:1915)
	at org.apache.ratis.util.IOUtils.getFromFuture(IOUtils.java:79)
	... 4 more
2019-09-11 05:30:03,424 [1169a1ed-1394-44b2-9737-be9aad5bd237@group-B7894EF2C8AA-SegmentedRaftLogWorker] WARN  segmented.SegmentedRaftLogWorker (SegmentedRaftLogWorker.java:getFromFuture(90)) - Timeout 1/~
org.apache.ratis.protocol.TimeoutIOException: Timeout 10s: WriteLog:16: (t:2, i:16), STATEMACHINELOGENTRY, client-1FEA8BF74F46, cid=53-writeStateMachineData
	at org.apache.ratis.util.IOUtils.getFromFuture(IOUtils.java:87)
	at org.apache.ratis.server.raftlog.segmented.SegmentedRaftLogWorker$StateMachineDataPolicy.getFromFuture(SegmentedRaftLogWorker.java:87)
	at org.apache.ratis.server.raftlog.segmented.SegmentedRaftLogWorker$WriteLog.execute(SegmentedRaftLogWorker.java:477)
	at org.apache.ratis.server.raftlog.segmented.SegmentedRaftLogWorker.run(SegmentedRaftLogWorker.java:289)
	at java.lang.Thread.run(Thread.java:748)
Caused by: java.util.concurrent.TimeoutException
	at java.util.concurrent.CompletableFuture.timedGet(CompletableFuture.java:1771)
	at java.util.concurrent.CompletableFuture.get(CompletableFuture.java:1915)
	at org.apache.ratis.util.IOUtils.getFromFuture(IOUtils.java:79)
	... 4 more
2019-09-11 05:30:03,439 [java.util.concurrent.ThreadPoolExecutor$Worker@7aa35568[State = -1, empty queue]] WARN  server.GrpcLogAppender (GrpcLogAppender.java:timeoutAppendRequest(200)) - 78dbd0e6-a34a-4054-9e2e-3bf1b76c8205@group-B7894EF2C8AA->1169a1ed-1394-44b2-9737-be9aad5bd237-GrpcLogAppender: appendEntries Timeout, request=78dbd0e6-a34a-4054-9e2e-3bf1b76c8205->1169a1ed-1394-44b2-9737-be9aad5bd237#143-t2, previous=(t:2, i:19), leaderCommit=15, initializing? false, entries: <empty>
2019-09-11 05:30:03,440 [java.util.concurrent.ThreadPoolExecutor$Worker@5b0e78e[State = -1, empty queue]] WARN  server.GrpcLogAppender (GrpcLogAppender.java:timeoutAppendRequest(200)) - 78dbd0e6-a34a-4054-9e2e-3bf1b76c8205@group-B7894EF2C8AA->64c45ce8-9e8f-4626-9780-d8b476434616-GrpcLogAppender: appendEntries Timeout, request=78dbd0e6-a34a-4054-9e2e-3bf1b76c8205->64c45ce8-9e8f-4626-9780-d8b476434616#143-t2, previous=(t:2, i:19), leaderCommit=15, initializing? false, entries: <empty>
2019-09-11 05:30:03,578 [java.util.concurrent.ThreadPoolExecutor$Worker@51c3d2cc[State = -1, empty queue]] WARN  server.GrpcLogAppender (GrpcLogAppender.java:timeoutAppendRequest(200)) - 4923db37-afc5-4a4b-9e0e-3e0e64c6efbc@group-DBCF7A494882->fa5ee157-3b80-4774-adcc-f01234ebded8-GrpcLogAppender: appendEntries Timeout, request=4923db37-afc5-4a4b-9e0e-3e0e64c6efbc->fa5ee157-3b80-4774-adcc-f01234ebded8#143-t2, previous=(t:2, i:19), leaderCommit=15, initializing? false, entries: <empty>
2019-09-11 05:30:03,604 [java.util.concurrent.ThreadPoolExecutor$Worker@15c0b703[State = -1, empty queue]] WARN  server.GrpcLogAppender (GrpcLogAppender.java:timeoutAppendRequest(200)) - 4923db37-afc5-4a4b-9e0e-3e0e64c6efbc@group-DBCF7A494882->b5c94862-e767-4e3a-a577-422bae381862-GrpcLogAppender: appendEntries Timeout, request=4923db37-afc5-4a4b-9e0e-3e0e64c6efbc->b5c94862-e767-4e3a-a577-422bae381862#143-t2, previous=(t:2, i:19), leaderCommit=15, initializing? false, entries: <empty>
2019-09-11 05:30:03,940 [java.util.concurrent.ThreadPoolExecutor$Worker@7aa35568[State = -1, empty queue]] WARN  server.GrpcLogAppender (GrpcLogAppender.java:timeoutAppendRequest(200)) - 78dbd0e6-a34a-4054-9e2e-3bf1b76c8205@group-B7894EF2C8AA->1169a1ed-1394-44b2-9737-be9aad5bd237-GrpcLogAppender: appendEntries Timeout, request=78dbd0e6-a34a-4054-9e2e-3bf1b76c8205->1169a1ed-1394-44b2-9737-be9aad5bd237#144-t2, previous=(t:2, i:19), leaderCommit=15, initializing? false, entries: <empty>
2019-09-11 05:30:03,940 [java.util.concurrent.ThreadPoolExecutor$Worker@5b0e78e[State = -1, empty queue]] WARN  server.GrpcLogAppender (GrpcLogAppender.java:timeoutAppendRequest(200)) - 78dbd0e6-a34a-4054-9e2e-3bf1b76c8205@group-B7894EF2C8AA->64c45ce8-9e8f-4626-9780-d8b476434616-GrpcLogAppender: appendEntries Timeout, request=78dbd0e6-a34a-4054-9e2e-3bf1b76c8205->64c45ce8-9e8f-4626-9780-d8b476434616#144-t2, previous=(t:2, i:19), leaderCommit=15, initializing? false, entries: <empty>
2019-09-11 05:30:04,078 [java.util.concurrent.ThreadPoolExecutor$Worker@51c3d2cc[State = -1, empty queue]] WARN  server.GrpcLogAppender (GrpcLogAppender.java:timeoutAppendRequest(200)) - 4923db37-afc5-4a4b-9e0e-3e0e64c6efbc@group-DBCF7A494882->fa5ee157-3b80-4774-adcc-f01234ebded8-GrpcLogAppender: appendEntries Timeout, request=4923db37-afc5-4a4b-9e0e-3e0e64c6efbc->fa5ee157-3b80-4774-adcc-f01234ebded8#144-t2, previous=(t:2, i:19), leaderCommit=15, initializing? false, entries: <empty>
2019-09-11 05:30:04,104 [java.util.concurrent.ThreadPoolExecutor$Worker@15c0b703[State = -1, empty queue]] WARN  server.GrpcLogAppender (GrpcLogAppender.java:timeoutAppendRequest(200)) - 4923db37-afc5-4a4b-9e0e-3e0e64c6efbc@group-DBCF7A494882->b5c94862-e767-4e3a-a577-422bae381862-GrpcLogAppender: appendEntries Timeout, request=4923db37-afc5-4a4b-9e0e-3e0e64c6efbc->b5c94862-e767-4e3a-a577-422bae381862#144-t2, previous=(t:2, i:19), leaderCommit=15, initializing? false, entries: <empty>
2019-09-11 05:30:04,440 [java.util.concurrent.ThreadPoolExecutor$Worker@7aa35568[State = -1, empty queue]] WARN  server.GrpcLogAppender (GrpcLogAppender.java:timeoutAppendRequest(200)) - 78dbd0e6-a34a-4054-9e2e-3bf1b76c8205@group-B7894EF2C8AA->1169a1ed-1394-44b2-9737-be9aad5bd237-GrpcLogAppender: appendEntries Timeout, request=78dbd0e6-a34a-4054-9e2e-3bf1b76c8205->1169a1ed-1394-44b2-9737-be9aad5bd237#145-t2, previous=(t:2, i:19), leaderCommit=15, initializing? false, entries: <empty>
2019-09-11 05:30:04,440 [java.util.concurrent.ThreadPoolExecutor$Worker@5b0e78e[State = -1, empty queue]] WARN  server.GrpcLogAppender (GrpcLogAppender.java:timeoutAppendRequest(200)) - 78dbd0e6-a34a-4054-9e2e-3bf1b76c8205@group-B7894EF2C8AA->64c45ce8-9e8f-4626-9780-d8b476434616-GrpcLogAppender: appendEntries Timeout, request=78dbd0e6-a34a-4054-9e2e-3bf1b76c8205->64c45ce8-9e8f-4626-9780-d8b476434616#145-t2, previous=(t:2, i:19), leaderCommit=15, initializing? false, entries: <empty>
2019-09-11 05:30:04,586 [java.util.concurrent.ThreadPoolExecutor$Worker@51c3d2cc[State = -1, empty queue]] WARN  server.GrpcLogAppender (GrpcLogAppender.java:timeoutAppendRequest(200)) - 4923db37-afc5-4a4b-9e0e-3e0e64c6efbc@group-DBCF7A494882->fa5ee157-3b80-4774-adcc-f01234ebded8-GrpcLogAppender: appendEntries Timeout, request=4923db37-afc5-4a4b-9e0e-3e0e64c6efbc->fa5ee157-3b80-4774-adcc-f01234ebded8#145-t2, previous=(t:2, i:19), leaderCommit=15, initializing? false, entries: <empty>
2019-09-11 05:30:04,605 [java.util.concurrent.ThreadPoolExecutor$Worker@15c0b703[State = -1, empty queue]] WARN  server.GrpcLogAppender (GrpcLogAppender.java:timeoutAppendRequest(200)) - 4923db37-afc5-4a4b-9e0e-3e0e64c6efbc@group-DBCF7A494882->b5c94862-e767-4e3a-a577-422bae381862-GrpcLogAppender: appendEntries Timeout, request=4923db37-afc5-4a4b-9e0e-3e0e64c6efbc->b5c94862-e767-4e3a-a577-422bae381862#145-t2, previous=(t:2, i:19), leaderCommit=15, initializing? false, entries: <empty>
2019-09-11 05:30:04,941 [java.util.concurrent.ThreadPoolExecutor$Worker@7aa35568[State = -1, empty queue]] WARN  server.GrpcLogAppender (GrpcLogAppender.java:timeoutAppendRequest(200)) - 78dbd0e6-a34a-4054-9e2e-3bf1b76c8205@group-B7894EF2C8AA->1169a1ed-1394-44b2-9737-be9aad5bd237-GrpcLogAppender: appendEntries Timeout, request=78dbd0e6-a34a-4054-9e2e-3bf1b76c8205->1169a1ed-1394-44b2-9737-be9aad5bd237#146-t2, previous=(t:2, i:19), leaderCommit=15, initializing? false, entries: <empty>
2019-09-11 05:30:04,941 [java.util.concurrent.ThreadPoolExecutor$Worker@5b0e78e[State = -1, empty queue]] WARN  server.GrpcLogAppender (GrpcLogAppender.java:timeoutAppendRequest(200)) - 78dbd0e6-a34a-4054-9e2e-3bf1b76c8205@group-B7894EF2C8AA->64c45ce8-9e8f-4626-9780-d8b476434616-GrpcLogAppender: appendEntries Timeout, request=78dbd0e6-a34a-4054-9e2e-3bf1b76c8205->64c45ce8-9e8f-4626-9780-d8b476434616#146-t2, previous=(t:2, i:19), leaderCommit=15, initializing? false, entries: <empty>
2019-09-11 05:30:05,087 [java.util.concurrent.ThreadPoolExecutor$Worker@51c3d2cc[State = -1, empty queue]] WARN  server.GrpcLogAppender (GrpcLogAppender.java:timeoutAppendRequest(200)) - 4923db37-afc5-4a4b-9e0e-3e0e64c6efbc@group-DBCF7A494882->fa5ee157-3b80-4774-adcc-f01234ebded8-GrpcLogAppender: appendEntries Timeout, request=4923db37-afc5-4a4b-9e0e-3e0e64c6efbc->fa5ee157-3b80-4774-adcc-f01234ebded8#146-t2, previous=(t:2, i:19), leaderCommit=15, initializing? false, entries: <empty>
2019-09-11 05:30:05,105 [java.util.concurrent.ThreadPoolExecutor$Worker@15c0b703[State = -1, empty queue]] WARN  server.GrpcLogAppender (GrpcLogAppender.java:timeoutAppendRequest(200)) - 4923db37-afc5-4a4b-9e0e-3e0e64c6efbc@group-DBCF7A494882->b5c94862-e767-4e3a-a577-422bae381862-GrpcLogAppender: appendEntries Timeout, request=4923db37-afc5-4a4b-9e0e-3e0e64c6efbc->b5c94862-e767-4e3a-a577-422bae381862#146-t2, previous=(t:2, i:19), leaderCommit=15, initializing? false, entries: <empty>
2019-09-11 05:30:05,441 [java.util.concurrent.ThreadPoolExecutor$Worker@5b0e78e[State = -1, empty queue]] WARN  server.GrpcLogAppender (GrpcLogAppender.java:timeoutAppendRequest(200)) - 78dbd0e6-a34a-4054-9e2e-3bf1b76c8205@group-B7894EF2C8AA->64c45ce8-9e8f-4626-9780-d8b476434616-GrpcLogAppender: appendEntries Timeout, request=78dbd0e6-a34a-4054-9e2e-3bf1b76c8205->64c45ce8-9e8f-4626-9780-d8b476434616#147-t2, previous=(t:2, i:19), leaderCommit=15, initializing? false, entries: <empty>
2019-09-11 05:30:05,441 [java.util.concurrent.ThreadPoolExecutor$Worker@7aa35568[State = -1, empty queue]] WARN  server.GrpcLogAppender (GrpcLogAppender.java:timeoutAppendRequest(200)) - 78dbd0e6-a34a-4054-9e2e-3bf1b76c8205@group-B7894EF2C8AA->1169a1ed-1394-44b2-9737-be9aad5bd237-GrpcLogAppender: appendEntries Timeout, request=78dbd0e6-a34a-4054-9e2e-3bf1b76c8205->1169a1ed-1394-44b2-9737-be9aad5bd237#147-t2, previous=(t:2, i:19), leaderCommit=15, initializing? false, entries: <empty>
2019-09-11 05:30:05,587 [java.util.concurrent.ThreadPoolExecutor$Worker@51c3d2cc[State = -1, empty queue]] WARN  server.GrpcLogAppender (GrpcLogAppender.java:timeoutAppendRequest(200)) - 4923db37-afc5-4a4b-9e0e-3e0e64c6efbc@group-DBCF7A494882->fa5ee157-3b80-4774-adcc-f01234ebded8-GrpcLogAppender: appendEntries Timeout, request=4923db37-afc5-4a4b-9e0e-3e0e64c6efbc->fa5ee157-3b80-4774-adcc-f01234ebded8#147-t2, previous=(t:2, i:19), leaderCommit=15, initializing? false, entries: <empty>
2019-09-11 05:30:05,605 [java.util.concurrent.ThreadPoolExecutor$Worker@15c0b703[State = -1, empty queue]] WARN  server.GrpcLogAppender (GrpcLogAppender.java:timeoutAppendRequest(200)) - 4923db37-afc5-4a4b-9e0e-3e0e64c6efbc@group-DBCF7A494882->b5c94862-e767-4e3a-a577-422bae381862-GrpcLogAppender: appendEntries Timeout, request=4923db37-afc5-4a4b-9e0e-3e0e64c6efbc->b5c94862-e767-4e3a-a577-422bae381862#147-t2, previous=(t:2, i:19), leaderCommit=15, initializing? false, entries: <empty>
2019-09-11 05:30:05,941 [java.util.concurrent.ThreadPoolExecutor$Worker@7aa35568[State = -1, empty queue]] WARN  server.GrpcLogAppender (GrpcLogAppender.java:timeoutAppendRequest(200)) - 78dbd0e6-a34a-4054-9e2e-3bf1b76c8205@group-B7894EF2C8AA->1169a1ed-1394-44b2-9737-be9aad5bd237-GrpcLogAppender: appendEntries Timeout, request=78dbd0e6-a34a-4054-9e2e-3bf1b76c8205->1169a1ed-1394-44b2-9737-be9aad5bd237#148-t2, previous=(t:2, i:19), leaderCommit=15, initializing? false, entries: <empty>
2019-09-11 05:30:05,941 [java.util.concurrent.ThreadPoolExecutor$Worker@5b0e78e[State = -1, empty queue]] WARN  server.GrpcLogAppender (GrpcLogAppender.java:timeoutAppendRequest(200)) - 78dbd0e6-a34a-4054-9e2e-3bf1b76c8205@group-B7894EF2C8AA->64c45ce8-9e8f-4626-9780-d8b476434616-GrpcLogAppender: appendEntries Timeout, request=78dbd0e6-a34a-4054-9e2e-3bf1b76c8205->64c45ce8-9e8f-4626-9780-d8b476434616#148-t2, previous=(t:2, i:19), leaderCommit=15, initializing? false, entries: <empty>
2019-09-11 05:30:06,087 [java.util.concurrent.ThreadPoolExecutor$Worker@51c3d2cc[State = -1, empty queue]] WARN  server.GrpcLogAppender (GrpcLogAppender.java:timeoutAppendRequest(200)) - 4923db37-afc5-4a4b-9e0e-3e0e64c6efbc@group-DBCF7A494882->fa5ee157-3b80-4774-adcc-f01234ebded8-GrpcLogAppender: appendEntries Timeout, request=4923db37-afc5-4a4b-9e0e-3e0e64c6efbc->fa5ee157-3b80-4774-adcc-f01234ebded8#148-t2, previous=(t:2, i:19), leaderCommit=15, initializing? false, entries: <empty>
2019-09-11 05:30:06,106 [java.util.concurrent.ThreadPoolExecutor$Worker@15c0b703[State = -1, empty queue]] WARN  server.GrpcLogAppender (GrpcLogAppender.java:timeoutAppendRequest(200)) - 4923db37-afc5-4a4b-9e0e-3e0e64c6efbc@group-DBCF7A494882->b5c94862-e767-4e3a-a577-422bae381862-GrpcLogAppender: appendEntries Timeout, request=4923db37-afc5-4a4b-9e0e-3e0e64c6efbc->b5c94862-e767-4e3a-a577-422bae381862#148-t2, previous=(t:2, i:19), leaderCommit=15, initializing? false, entries: <empty>
2019-09-11 05:30:06,441 [java.util.concurrent.ThreadPoolExecutor$Worker@5b0e78e[State = -1, empty queue]] WARN  server.GrpcLogAppender (GrpcLogAppender.java:timeoutAppendRequest(200)) - 78dbd0e6-a34a-4054-9e2e-3bf1b76c8205@group-B7894EF2C8AA->64c45ce8-9e8f-4626-9780-d8b476434616-GrpcLogAppender: appendEntries Timeout, request=78dbd0e6-a34a-4054-9e2e-3bf1b76c8205->64c45ce8-9e8f-4626-9780-d8b476434616#149-t2, previous=(t:2, i:19), leaderCommit=15, initializing? false, entries: <empty>
2019-09-11 05:30:06,441 [java.util.concurrent.ThreadPoolExecutor$Worker@7aa35568[State = -1, empty queue]] WARN  server.GrpcLogAppender (GrpcLogAppender.java:timeoutAppendRequest(200)) - 78dbd0e6-a34a-4054-9e2e-3bf1b76c8205@group-B7894EF2C8AA->1169a1ed-1394-44b2-9737-be9aad5bd237-GrpcLogAppender: appendEntries Timeout, request=78dbd0e6-a34a-4054-9e2e-3bf1b76c8205->1169a1ed-1394-44b2-9737-be9aad5bd237#149-t2, previous=(t:2, i:19), leaderCommit=15, initializing? false, entries: <empty>
2019-09-11 05:30:06,588 [java.util.concurrent.ThreadPoolExecutor$Worker@51c3d2cc[State = -1, empty queue]] WARN  server.GrpcLogAppender (GrpcLogAppender.java:timeoutAppendRequest(200)) - 4923db37-afc5-4a4b-9e0e-3e0e64c6efbc@group-DBCF7A494882->fa5ee157-3b80-4774-adcc-f01234ebded8-GrpcLogAppender: appendEntries Timeout, request=4923db37-afc5-4a4b-9e0e-3e0e64c6efbc->fa5ee157-3b80-4774-adcc-f01234ebded8#149-t2, previous=(t:2, i:19), leaderCommit=15, initializing? false, entries: <empty>
2019-09-11 05:30:06,606 [java.util.concurrent.ThreadPoolExecutor$Worker@15c0b703[State = -1, empty queue]] WARN  server.GrpcLogAppender (GrpcLogAppender.java:timeoutAppendRequest(200)) - 4923db37-afc5-4a4b-9e0e-3e0e64c6efbc@group-DBCF7A494882->b5c94862-e767-4e3a-a577-422bae381862-GrpcLogAppender: appendEntries Timeout, request=4923db37-afc5-4a4b-9e0e-3e0e64c6efbc->b5c94862-e767-4e3a-a577-422bae381862#149-t2, previous=(t:2, i:19), leaderCommit=15, initializing? false, entries: <empty>
2019-09-11 05:30:06,733 [ForkJoinPool.commonPool-worker-1] INFO  ozoneimpl.OzoneContainer (OzoneContainer.java:stop(231)) - Attempting to stop container services.
2019-09-11 05:30:06,733 [main] INFO  ozoneimpl.OzoneContainer (OzoneContainer.java:stop(231)) - Attempting to stop container services.
2019-09-11 05:30:06,733 [ForkJoinPool.commonPool-worker-1] INFO  impl.RaftServerProxy (RaftServerProxy.java:lambda$close$4(314)) - fa5ee157-3b80-4774-adcc-f01234ebded8: close
2019-09-11 05:30:06,735 [main] INFO  impl.RaftServerProxy (RaftServerProxy.java:lambda$close$4(314)) - 78dbd0e6-a34a-4054-9e2e-3bf1b76c8205: close
2019-09-11 05:30:06,735 [ForkJoinPool.commonPool-worker-1] INFO  impl.RaftServerImpl (RaftServerImpl.java:lambda$shutdown$3(251)) - fa5ee157-3b80-4774-adcc-f01234ebded8@group-112C0410BBC9: shutdown
2019-09-11 05:30:06,736 [main] INFO  impl.RaftServerImpl (RaftServerImpl.java:lambda$shutdown$3(251)) - 78dbd0e6-a34a-4054-9e2e-3bf1b76c8205@group-7F379069BC3D: shutdown
2019-09-11 05:30:06,736 [ForkJoinPool.commonPool-worker-1] INFO  util.JmxRegister (JmxRegister.java:unregister(73)) - Successfully un-registered JMX Bean with object name Ratis:service=RaftServer,group=group-112C0410BBC9,id=fa5ee157-3b80-4774-adcc-f01234ebded8
2019-09-11 05:30:06,736 [main] INFO  util.JmxRegister (JmxRegister.java:unregister(73)) - Successfully un-registered JMX Bean with object name Ratis:service=RaftServer,group=group-7F379069BC3D,id=78dbd0e6-a34a-4054-9e2e-3bf1b76c8205
2019-09-11 05:30:06,736 [ForkJoinPool.commonPool-worker-1] INFO  impl.RoleInfo (RoleInfo.java:shutdownLeaderState(104)) - fa5ee157-3b80-4774-adcc-f01234ebded8: shutdown LeaderState
2019-09-11 05:30:06,737 [main] INFO  impl.RoleInfo (RoleInfo.java:shutdownLeaderState(104)) - 78dbd0e6-a34a-4054-9e2e-3bf1b76c8205: shutdown LeaderState
2019-09-11 05:30:06,737 [ForkJoinPool.commonPool-worker-1] INFO  impl.PendingRequests (PendingRequests.java:sendNotLeaderResponses(202)) - fa5ee157-3b80-4774-adcc-f01234ebded8-PendingRequests: sendNotLeaderResponses
2019-09-11 05:30:06,738 [main] INFO  impl.PendingRequests (PendingRequests.java:sendNotLeaderResponses(202)) - 78dbd0e6-a34a-4054-9e2e-3bf1b76c8205-PendingRequests: sendNotLeaderResponses
2019-09-11 05:30:06,738 [ForkJoinPool.commonPool-worker-1] INFO  impl.StateMachineUpdater (StateMachineUpdater.java:stopAndJoin(125)) - fa5ee157-3b80-4774-adcc-f01234ebded8@group-112C0410BBC9-StateMachineUpdater: set stopIndex = 0
2019-09-11 05:30:06,738 [main] INFO  impl.StateMachineUpdater (StateMachineUpdater.java:stopAndJoin(125)) - 78dbd0e6-a34a-4054-9e2e-3bf1b76c8205@group-7F379069BC3D-StateMachineUpdater: set stopIndex = 0
2019-09-11 05:30:06,738 [ForkJoinPool.commonPool-worker-1] INFO  impl.RaftServerImpl (ServerState.java:close(385)) - fa5ee157-3b80-4774-adcc-f01234ebded8@group-112C0410BBC9: closes. applyIndex: 0
2019-09-11 05:30:06,739 [main] INFO  impl.RaftServerImpl (ServerState.java:close(385)) - 78dbd0e6-a34a-4054-9e2e-3bf1b76c8205@group-7F379069BC3D: closes. applyIndex: 0
2019-09-11 05:30:06,739 [fa5ee157-3b80-4774-adcc-f01234ebded8@group-112C0410BBC9-SegmentedRaftLogWorker] INFO  segmented.SegmentedRaftLogWorker (SegmentedRaftLogWorker.java:run(313)) - fa5ee157-3b80-4774-adcc-f01234ebded8@group-112C0410BBC9-SegmentedRaftLogWorker was interrupted, exiting. There are 0 tasks remaining in the queue.
2019-09-11 05:30:06,753 [ForkJoinPool.commonPool-worker-1] INFO  segmented.SegmentedRaftLogWorker (SegmentedRaftLogWorker.java:close(228)) - fa5ee157-3b80-4774-adcc-f01234ebded8@group-112C0410BBC9-SegmentedRaftLogWorker close()
2019-09-11 05:30:06,753 [78dbd0e6-a34a-4054-9e2e-3bf1b76c8205@group-7F379069BC3D-SegmentedRaftLogWorker] INFO  segmented.SegmentedRaftLogWorker (SegmentedRaftLogWorker.java:run(313)) - 78dbd0e6-a34a-4054-9e2e-3bf1b76c8205@group-7F379069BC3D-SegmentedRaftLogWorker was interrupted, exiting. There are 0 tasks remaining in the queue.
2019-09-11 05:30:06,758 [ForkJoinPool.commonPool-worker-1] INFO  impl.RaftServerImpl (RaftServerImpl.java:lambda$shutdown$3(251)) - fa5ee157-3b80-4774-adcc-f01234ebded8@group-DBCF7A494882: shutdown
2019-09-11 05:30:06,760 [ForkJoinPool.commonPool-worker-1] INFO  util.JmxRegister (JmxRegister.java:unregister(73)) - Successfully un-registered JMX Bean with object name Ratis:service=RaftServer,group=group-DBCF7A494882,id=fa5ee157-3b80-4774-adcc-f01234ebded8
2019-09-11 05:30:06,760 [main] INFO  segmented.SegmentedRaftLogWorker (SegmentedRaftLogWorker.java:close(228)) - 78dbd0e6-a34a-4054-9e2e-3bf1b76c8205@group-7F379069BC3D-SegmentedRaftLogWorker close()
2019-09-11 05:30:06,760 [ForkJoinPool.commonPool-worker-1] INFO  impl.RoleInfo (RoleInfo.java:shutdownFollowerState(121)) - fa5ee157-3b80-4774-adcc-f01234ebded8: shutdown FollowerState
2019-09-11 05:30:06,765 [main] INFO  impl.RaftServerImpl (RaftServerImpl.java:lambda$shutdown$3(251)) - 78dbd0e6-a34a-4054-9e2e-3bf1b76c8205@group-B7894EF2C8AA: shutdown
2019-09-11 05:30:06,766 [fa5ee157-3b80-4774-adcc-f01234ebded8@group-DBCF7A494882-StateMachineUpdater] INFO  ratis.ContainerStateMachine (ContainerStateMachine.java:takeSnapshot(289)) - group-DBCF7A494882: Taking a snapshot at:(t:2, i:13) file /workdir/hadoop-ozone/integration-test/target/test-dir/MiniOzoneClusterImpl-712b11b3-5514-48f8-84a2-2435d4ba870b/datanode-2/data/ratis/6722f481-4fb1-4cfa-9877-dbcf7a494882/sm/snapshot.2_13
2019-09-11 05:30:06,766 [Thread-422] INFO  impl.FollowerState (FollowerState.java:run(115)) - fa5ee157-3b80-4774-adcc-f01234ebded8: FollowerState was interrupted: java.lang.InterruptedException: sleep interrupted
2019-09-11 05:30:06,765 [ForkJoinPool.commonPool-worker-1] INFO  impl.StateMachineUpdater (StateMachineUpdater.java:stopAndJoin(125)) - fa5ee157-3b80-4774-adcc-f01234ebded8@group-DBCF7A494882-StateMachineUpdater: set stopIndex = 15
2019-09-11 05:30:06,766 [main] INFO  util.JmxRegister (JmxRegister.java:unregister(73)) - Successfully un-registered JMX Bean with object name Ratis:service=RaftServer,group=group-B7894EF2C8AA,id=78dbd0e6-a34a-4054-9e2e-3bf1b76c8205
2019-09-11 05:30:06,769 [main] INFO  impl.RoleInfo (RoleInfo.java:shutdownLeaderState(104)) - 78dbd0e6-a34a-4054-9e2e-3bf1b76c8205: shutdown LeaderState
2019-09-11 05:30:06,774 [main] INFO  impl.PendingRequests (PendingRequests.java:sendNotLeaderResponses(202)) - 78dbd0e6-a34a-4054-9e2e-3bf1b76c8205-PendingRequests: sendNotLeaderResponses
2019-09-11 05:30:06,774 [org.apache.ratis.server.impl.LogAppender$AppenderDaemon$$Lambda$554/1157250006@705443a7] WARN  server.GrpcLogAppender (GrpcLogAppender.java:mayWait(143)) - 78dbd0e6-a34a-4054-9e2e-3bf1b76c8205@group-B7894EF2C8AA->1169a1ed-1394-44b2-9737-be9aad5bd237-GrpcLogAppender: Wait interrupted by java.lang.InterruptedException
2019-09-11 05:30:06,774 [org.apache.ratis.server.impl.LogAppender$AppenderDaemon$$Lambda$554/1157250006@14d42cb3] WARN  server.GrpcLogAppender (GrpcLogAppender.java:mayWait(143)) - 78dbd0e6-a34a-4054-9e2e-3bf1b76c8205@group-B7894EF2C8AA->64c45ce8-9e8f-4626-9780-d8b476434616-GrpcLogAppender: Wait interrupted by java.lang.InterruptedException
2019-09-11 05:30:06,782 [grpc-default-executor-4] INFO  server.GrpcServerProtocolService (GrpcServerProtocolService.java:onCompleted(113)) - 64c45ce8-9e8f-4626-9780-d8b476434616: Completed APPEND_ENTRIES, lastRequest: 78dbd0e6-a34a-4054-9e2e-3bf1b76c8205->64c45ce8-9e8f-4626-9780-d8b476434616#155-t2, previous=(t:2, i:19), leaderCommit=15, initializing? false, entries: <empty>
2019-09-11 05:30:06,782 [78dbd0e6-a34a-4054-9e2e-3bf1b76c8205@group-B7894EF2C8AA-StateMachineUpdater] INFO  ratis.ContainerStateMachine (ContainerStateMachine.java:takeSnapshot(289)) - group-B7894EF2C8AA: Taking a snapshot at:(t:2, i:15) file /workdir/hadoop-ozone/integration-test/target/test-dir/MiniOzoneClusterImpl-712b11b3-5514-48f8-84a2-2435d4ba870b/datanode-5/data/ratis/b0a8c6ed-4bd3-40bd-ab3d-b7894ef2c8aa/sm/snapshot.2_15
2019-09-11 05:30:06,782 [main] INFO  impl.StateMachineUpdater (StateMachineUpdater.java:stopAndJoin(125)) - 78dbd0e6-a34a-4054-9e2e-3bf1b76c8205@group-B7894EF2C8AA-StateMachineUpdater: set stopIndex = 15
2019-09-11 05:30:06,783 [fa5ee157-3b80-4774-adcc-f01234ebded8@group-DBCF7A494882-StateMachineUpdater] INFO  ratis.ContainerStateMachine (ContainerStateMachine.java:takeSnapshot(300)) - group-DBCF7A494882: Finished taking a snapshot at:(t:2, i:13) file:/workdir/hadoop-ozone/integration-test/target/test-dir/MiniOzoneClusterImpl-712b11b3-5514-48f8-84a2-2435d4ba870b/datanode-2/data/ratis/6722f481-4fb1-4cfa-9877-dbcf7a494882/sm/snapshot.2_13 time:17
2019-09-11 05:30:06,782 [grpc-default-executor-1] INFO  server.GrpcServerProtocolService (GrpcServerProtocolService.java:onCompleted(113)) - 1169a1ed-1394-44b2-9737-be9aad5bd237: Completed APPEND_ENTRIES, lastRequest: 78dbd0e6-a34a-4054-9e2e-3bf1b76c8205->1169a1ed-1394-44b2-9737-be9aad5bd237#155-t2, previous=(t:2, i:19), leaderCommit=15, initializing? false, entries: <empty>
2019-09-11 05:30:06,783 [grpc-default-executor-5] INFO  server.GrpcLogAppender (GrpcLogAppender.java:onCompleted(293)) - 78dbd0e6-a34a-4054-9e2e-3bf1b76c8205@group-B7894EF2C8AA->64c45ce8-9e8f-4626-9780-d8b476434616-AppendLogResponseHandler: follower responses appendEntries COMPLETED
2019-09-11 05:30:06,783 [fa5ee157-3b80-4774-adcc-f01234ebded8@group-DBCF7A494882-StateMachineUpdater] INFO  impl.StateMachineUpdater (StateMachineUpdater.java:takeSnapshot(258)) - fa5ee157-3b80-4774-adcc-f01234ebded8@group-DBCF7A494882-StateMachineUpdater: Took a snapshot at index 13
2019-09-11 05:30:06,787 [78dbd0e6-a34a-4054-9e2e-3bf1b76c8205@group-B7894EF2C8AA-StateMachineUpdater] INFO  ratis.ContainerStateMachine (ContainerStateMachine.java:takeSnapshot(300)) - group-B7894EF2C8AA: Finished taking a snapshot at:(t:2, i:15) file:/workdir/hadoop-ozone/integration-test/target/test-dir/MiniOzoneClusterImpl-712b11b3-5514-48f8-84a2-2435d4ba870b/datanode-5/data/ratis/b0a8c6ed-4bd3-40bd-ab3d-b7894ef2c8aa/sm/snapshot.2_15 time:5
2019-09-11 05:30:06,788 [fa5ee157-3b80-4774-adcc-f01234ebded8@group-DBCF7A494882-StateMachineUpdater] INFO  impl.StateMachineUpdater (StateMachineUpdater.java:lambda$new$0(83)) - fa5ee157-3b80-4774-adcc-f01234ebded8@group-DBCF7A494882-StateMachineUpdater: snapshotIndex: updateIncreasingly -1 -> 13
2019-09-11 05:30:06,788 [grpc-default-executor-4] INFO  server.GrpcLogAppender (GrpcLogAppender.java:onCompleted(293)) - 78dbd0e6-a34a-4054-9e2e-3bf1b76c8205@group-B7894EF2C8AA->1169a1ed-1394-44b2-9737-be9aad5bd237-AppendLogResponseHandler: follower responses appendEntries COMPLETED
2019-09-11 05:30:06,788 [78dbd0e6-a34a-4054-9e2e-3bf1b76c8205@group-B7894EF2C8AA-StateMachineUpdater] INFO  impl.StateMachineUpdater (StateMachineUpdater.java:takeSnapshot(258)) - 78dbd0e6-a34a-4054-9e2e-3bf1b76c8205@group-B7894EF2C8AA-StateMachineUpdater: Took a snapshot at index 15
2019-09-11 05:30:06,788 [grpc-default-executor-5] INFO  impl.FollowerInfo (FollowerInfo.java:lambda$new$0(51)) - 78dbd0e6-a34a-4054-9e2e-3bf1b76c8205@group-B7894EF2C8AA->64c45ce8-9e8f-4626-9780-d8b476434616: nextIndex: updateUnconditionally 20 -> 16
2019-09-11 05:30:06,788 [fa5ee157-3b80-4774-adcc-f01234ebded8@group-DBCF7A494882-StateMachineUpdater] INFO  ratis.ContainerStateMachine (ContainerStateMachine.java:takeSnapshot(289)) - group-DBCF7A494882: Taking a snapshot at:(t:2, i:13) file /workdir/hadoop-ozone/integration-test/target/test-dir/MiniOzoneClusterImpl-712b11b3-5514-48f8-84a2-2435d4ba870b/datanode-2/data/ratis/6722f481-4fb1-4cfa-9877-dbcf7a494882/sm/snapshot.2_13
2019-09-11 05:30:06,788 [grpc-default-executor-4] INFO  impl.FollowerInfo (FollowerInfo.java:lambda$new$0(51)) - 78dbd0e6-a34a-4054-9e2e-3bf1b76c8205@group-B7894EF2C8AA->1169a1ed-1394-44b2-9737-be9aad5bd237: nextIndex: updateUnconditionally 20 -> 16
2019-09-11 05:30:06,788 [78dbd0e6-a34a-4054-9e2e-3bf1b76c8205@group-B7894EF2C8AA-StateMachineUpdater] INFO  impl.StateMachineUpdater (StateMachineUpdater.java:lambda$new$0(83)) - 78dbd0e6-a34a-4054-9e2e-3bf1b76c8205@group-B7894EF2C8AA-StateMachineUpdater: snapshotIndex: updateIncreasingly -1 -> 15
2019-09-11 05:30:06,789 [main] INFO  impl.RaftServerImpl (ServerState.java:close(385)) - 78dbd0e6-a34a-4054-9e2e-3bf1b76c8205@group-B7894EF2C8AA: closes. applyIndex: 15
2019-09-11 05:30:06,793 [78dbd0e6-a34a-4054-9e2e-3bf1b76c8205@group-B7894EF2C8AA-SegmentedRaftLogWorker] ERROR ratis.XceiverServerRatis (XceiverServerRatis.java:triggerPipelineClose(568)) - pipeline Action CLOSE  on pipeline PipelineID=b0a8c6ed-4bd3-40bd-ab3d-b7894ef2c8aa.Reason : WriteLog:16: (t:2, i:16), STATEMACHINELOGENTRY, client-1FEA8BF74F46, cid=53-writeStateMachineData interrupted.
2019-09-11 05:30:06,797 [main] INFO  segmented.SegmentedRaftLogWorker (SegmentedRaftLogWorker.java:close(228)) - 78dbd0e6-a34a-4054-9e2e-3bf1b76c8205@group-B7894EF2C8AA-SegmentedRaftLogWorker close()
2019-09-11 05:30:06,804 [fa5ee157-3b80-4774-adcc-f01234ebded8@group-DBCF7A494882-StateMachineUpdater] INFO  ratis.ContainerStateMachine (ContainerStateMachine.java:takeSnapshot(300)) - group-DBCF7A494882: Finished taking a snapshot at:(t:2, i:13) file:/workdir/hadoop-ozone/integration-test/target/test-dir/MiniOzoneClusterImpl-712b11b3-5514-48f8-84a2-2435d4ba870b/datanode-2/data/ratis/6722f481-4fb1-4cfa-9877-dbcf7a494882/sm/snapshot.2_13 time:15
2019-09-11 05:30:06,804 [main] INFO  server.GrpcService (GrpcService.java:closeImpl(164)) - 78dbd0e6-a34a-4054-9e2e-3bf1b76c8205: shutdown server with port 36886 now
2019-09-11 05:30:06,804 [fa5ee157-3b80-4774-adcc-f01234ebded8@group-DBCF7A494882-StateMachineUpdater] INFO  impl.StateMachineUpdater (StateMachineUpdater.java:takeSnapshot(258)) - fa5ee157-3b80-4774-adcc-f01234ebded8@group-DBCF7A494882-StateMachineUpdater: Took a snapshot at index 13
2019-09-11 05:30:06,804 [fa5ee157-3b80-4774-adcc-f01234ebded8@group-DBCF7A494882-StateMachineUpdater] INFO  impl.StateMachineUpdater (StateMachineUpdater.java:lambda$new$0(83)) - fa5ee157-3b80-4774-adcc-f01234ebded8@group-DBCF7A494882-StateMachineUpdater: snapshotIndex: updateIncreasingly 13 -> 13
2019-09-11 05:30:06,805 [ForkJoinPool.commonPool-worker-1] INFO  impl.RaftServerImpl (ServerState.java:close(385)) - fa5ee157-3b80-4774-adcc-f01234ebded8@group-DBCF7A494882: closes. applyIndex: 15
2019-09-11 05:30:06,805 [main] INFO  server.GrpcService (GrpcService.java:closeImpl(172)) - 78dbd0e6-a34a-4054-9e2e-3bf1b76c8205: shutdown server with port 36886 successfully
2019-09-11 05:30:06,809 [fa5ee157-3b80-4774-adcc-f01234ebded8@group-DBCF7A494882-SegmentedRaftLogWorker] ERROR ratis.XceiverServerRatis (XceiverServerRatis.java:triggerPipelineClose(568)) - pipeline Action CLOSE  on pipeline PipelineID=6722f481-4fb1-4cfa-9877-dbcf7a494882.Reason : WriteLog:16: (t:2, i:16), STATEMACHINELOGENTRY, client-876F6FC8C029, cid=41-writeStateMachineData interrupted.
2019-09-11 05:30:06,814 [ForkJoinPool.commonPool-worker-1] INFO  segmented.SegmentedRaftLogWorker (SegmentedRaftLogWorker.java:close(228)) - fa5ee157-3b80-4774-adcc-f01234ebded8@group-DBCF7A494882-SegmentedRaftLogWorker close()
2019-09-11 05:30:06,820 [ForkJoinPool.commonPool-worker-1] INFO  server.GrpcService (GrpcService.java:closeImpl(164)) - fa5ee157-3b80-4774-adcc-f01234ebded8: shutdown server with port 42082 now
2019-09-11 05:30:06,823 [ForkJoinPool.commonPool-worker-1] INFO  server.GrpcService (GrpcService.java:closeImpl(172)) - fa5ee157-3b80-4774-adcc-f01234ebded8: shutdown server with port 42082 successfully
2019-09-11 05:30:06,825 [grpc-default-executor-1] WARN  server.GrpcLogAppender (LogUtils.java:warn(134)) - 4923db37-afc5-4a4b-9e0e-3e0e64c6efbc@group-DBCF7A494882->fa5ee157-3b80-4774-adcc-f01234ebded8-AppendLogResponseHandler: Failed appendEntries: org.apache.ratis.thirdparty.io.grpc.StatusRuntimeException: CANCELLED: HTTP/2 error code: CANCEL
Received Rst Stream
2019-09-11 05:30:06,825 [grpc-default-executor-5] WARN  server.GrpcServerProtocolService (LogUtils.java:warn(134)) - fa5ee157-3b80-4774-adcc-f01234ebded8: installSnapshot onError, lastRequest: 4923db37-afc5-4a4b-9e0e-3e0e64c6efbc->fa5ee157-3b80-4774-adcc-f01234ebded8#155-t2, previous=(t:2, i:19), leaderCommit=15, initializing? false, entries: <empty>: org.apache.ratis.thirdparty.io.grpc.StatusRuntimeException: CANCELLED: cancelled before receiving half close
2019-09-11 05:30:06,825 [grpc-default-executor-1] INFO  impl.FollowerInfo (FollowerInfo.java:lambda$new$0(51)) - 4923db37-afc5-4a4b-9e0e-3e0e64c6efbc@group-DBCF7A494882->fa5ee157-3b80-4774-adcc-f01234ebded8: nextIndex: updateUnconditionally 20 -> 16
2019-09-11 05:30:06,830 [refreshUsed-/workdir/hadoop-ozone/integration-test/target/test-dir/MiniOzoneClusterImpl-712b11b3-5514-48f8-84a2-2435d4ba870b/datanode-5/data/containers] WARN  fs.CachingGetSpaceUsed (CachingGetSpaceUsed.java:run(183)) - Thread Interrupted waiting to refresh disk information: sleep interrupted
2019-09-11 05:30:06,845 [refreshUsed-/workdir/hadoop-ozone/integration-test/target/test-dir/MiniOzoneClusterImpl-712b11b3-5514-48f8-84a2-2435d4ba870b/datanode-2/data/containers] WARN  fs.CachingGetSpaceUsed (CachingGetSpaceUsed.java:run(183)) - Thread Interrupted waiting to refresh disk information: sleep interrupted
2019-09-11 05:30:06,860 [ForkJoinPool.commonPool-worker-1] INFO  utils.BackgroundService (BackgroundService.java:shutdown(148)) - Shutting down service BlockDeletingService
2019-09-11 05:30:06,860 [main] INFO  utils.BackgroundService (BackgroundService.java:shutdown(148)) - Shutting down service BlockDeletingService
2019-09-11 05:30:06,871 [ForkJoinPool.commonPool-worker-1] INFO  statemachine.DatanodeStateMachine (DatanodeStateMachine.java:stopDaemon(395)) - Ozone container server stopped.
2019-09-11 05:30:06,876 [main] INFO  statemachine.DatanodeStateMachine (DatanodeStateMachine.java:stopDaemon(395)) - Ozone container server stopped.
2019-09-11 05:30:06,883 [ForkJoinPool.commonPool-worker-1] INFO  handler.ContextHandler (ContextHandler.java:doStop(910)) - Stopped o.e.j.w.WebAppContext@4745e9c{/,null,UNAVAILABLE}{/hddsDatanode}
2019-09-11 05:30:06,883 [main] INFO  handler.ContextHandler (ContextHandler.java:doStop(910)) - Stopped o.e.j.w.WebAppContext@3c83468e{/,null,UNAVAILABLE}{/hddsDatanode}
2019-09-11 05:30:06,884 [ForkJoinPool.commonPool-worker-1] INFO  server.AbstractConnector (AbstractConnector.java:doStop(318)) - Stopped ServerConnector@2f2bff16{HTTP/1.1,[http/1.1]}{0.0.0.0:0}
2019-09-11 05:30:06,884 [main] INFO  server.AbstractConnector (AbstractConnector.java:doStop(318)) - Stopped ServerConnector@272ce069{HTTP/1.1,[http/1.1]}{0.0.0.0:0}
2019-09-11 05:30:06,887 [ForkJoinPool.commonPool-worker-1] INFO  handler.ContextHandler (ContextHandler.java:doStop(910)) - Stopped o.e.j.s.ServletContextHandler@4b65d9f4{/static,jar:file:/home/user/.m2/repository/org/apache/hadoop/hadoop-hdds-container-service/0.5.0-SNAPSHOT/hadoop-hdds-container-service-0.5.0-SNAPSHOT.jar!/webapps/static,UNAVAILABLE}
2019-09-11 05:30:06,887 [main] INFO  handler.ContextHandler (ContextHandler.java:doStop(910)) - Stopped o.e.j.s.ServletContextHandler@ccf91df{/static,jar:file:/home/user/.m2/repository/org/apache/hadoop/hadoop-hdds-container-service/0.5.0-SNAPSHOT/hadoop-hdds-container-service-0.5.0-SNAPSHOT.jar!/webapps/static,UNAVAILABLE}
2019-09-11 05:30:06,890 [ForkJoinPool.commonPool-worker-1] INFO  handler.ContextHandler (ContextHandler.java:doStop(910)) - Stopped o.e.j.s.ServletContextHandler@2e66bc32{/logs,file:///workdir/hadoop-ozone/integration-test/target/log,UNAVAILABLE}
2019-09-11 05:30:06,890 [main] INFO  handler.ContextHandler (ContextHandler.java:doStop(910)) - Stopped o.e.j.s.ServletContextHandler@75d4a80f{/logs,file:///workdir/hadoop-ozone/integration-test/target/log,UNAVAILABLE}
2019-09-11 05:30:06,949 [Datanode State Machine Thread - 0] INFO  statemachine.DatanodeStateMachine (DatanodeStateMachine.java:lambda$startDaemon$0(350)) - Ozone container server started.
2019-09-11 05:30:07,001 [Datanode State Machine Thread - 0] INFO  statemachine.DatanodeStateMachine (DatanodeStateMachine.java:lambda$startDaemon$0(350)) - Ozone container server started.
2019-09-11 05:30:07,102 [grpc-default-executor-1] WARN  server.GrpcLogAppender (LogUtils.java:warn(134)) - 4923db37-afc5-4a4b-9e0e-3e0e64c6efbc@group-DBCF7A494882->fa5ee157-3b80-4774-adcc-f01234ebded8-AppendLogResponseHandler: Failed appendEntries: org.apache.ratis.thirdparty.io.grpc.StatusRuntimeException: UNAVAILABLE: io exception
2019-09-11 05:30:07,104 [grpc-default-executor-1] INFO  impl.FollowerInfo (FollowerInfo.java:lambda$new$0(51)) - 4923db37-afc5-4a4b-9e0e-3e0e64c6efbc@group-DBCF7A494882->fa5ee157-3b80-4774-adcc-f01234ebded8: nextIndex: updateUnconditionally 16 -> 15
2019-09-11 05:30:07,107 [java.util.concurrent.ThreadPoolExecutor$Worker@15c0b703[State = -1, empty queue]] WARN  server.GrpcLogAppender (GrpcLogAppender.java:timeoutAppendRequest(200)) - 4923db37-afc5-4a4b-9e0e-3e0e64c6efbc@group-DBCF7A494882->b5c94862-e767-4e3a-a577-422bae381862-GrpcLogAppender: appendEntries Timeout, request=4923db37-afc5-4a4b-9e0e-3e0e64c6efbc->b5c94862-e767-4e3a-a577-422bae381862#150-t2, previous=(t:2, i:19), leaderCommit=15, initializing? false, entries: <empty>
2019-09-11 05:30:07,594 [grpc-default-executor-4] WARN  server.GrpcLogAppender (LogUtils.java:warn(134)) - 4923db37-afc5-4a4b-9e0e-3e0e64c6efbc@group-DBCF7A494882->fa5ee157-3b80-4774-adcc-f01234ebded8-AppendLogResponseHandler: Failed appendEntries: org.apache.ratis.thirdparty.io.grpc.StatusRuntimeException: UNAVAILABLE: io exception
2019-09-11 05:30:07,598 [grpc-default-executor-4] INFO  impl.FollowerInfo (FollowerInfo.java:lambda$new$0(51)) - 4923db37-afc5-4a4b-9e0e-3e0e64c6efbc@group-DBCF7A494882->fa5ee157-3b80-4774-adcc-f01234ebded8: nextIndex: updateUnconditionally 15 -> 14
2019-09-11 05:30:07,607 [java.util.concurrent.ThreadPoolExecutor$Worker@15c0b703[State = -1, empty queue]] WARN  server.GrpcLogAppender (GrpcLogAppender.java:timeoutAppendRequest(200)) - 4923db37-afc5-4a4b-9e0e-3e0e64c6efbc@group-DBCF7A494882->b5c94862-e767-4e3a-a577-422bae381862-GrpcLogAppender: appendEntries Timeout, request=4923db37-afc5-4a4b-9e0e-3e0e64c6efbc->b5c94862-e767-4e3a-a577-422bae381862#151-t2, previous=(t:2, i:19), leaderCommit=15, initializing? false, entries: <empty>
2019-09-11 05:30:08,095 [grpc-default-executor-5] WARN  server.GrpcLogAppender (LogUtils.java:warn(134)) - 4923db37-afc5-4a4b-9e0e-3e0e64c6efbc@group-DBCF7A494882->fa5ee157-3b80-4774-adcc-f01234ebded8-AppendLogResponseHandler: Failed appendEntries: org.apache.ratis.thirdparty.io.grpc.StatusRuntimeException: UNAVAILABLE: io exception
2019-09-11 05:30:08,098 [grpc-default-executor-5] INFO  impl.FollowerInfo (FollowerInfo.java:lambda$new$0(51)) - 4923db37-afc5-4a4b-9e0e-3e0e64c6efbc@group-DBCF7A494882->fa5ee157-3b80-4774-adcc-f01234ebded8: nextIndex: updateUnconditionally 14 -> 13
2019-09-11 05:30:08,107 [java.util.concurrent.ThreadPoolExecutor$Worker@15c0b703[State = -1, empty queue]] WARN  server.GrpcLogAppender (GrpcLogAppender.java:timeoutAppendRequest(200)) - 4923db37-afc5-4a4b-9e0e-3e0e64c6efbc@group-DBCF7A494882->b5c94862-e767-4e3a-a577-422bae381862-GrpcLogAppender: appendEntries Timeout, request=4923db37-afc5-4a4b-9e0e-3e0e64c6efbc->b5c94862-e767-4e3a-a577-422bae381862#152-t2, previous=(t:2, i:19), leaderCommit=15, initializing? false, entries: <empty>
2019-09-11 05:30:08,596 [grpc-default-executor-1] WARN  server.GrpcLogAppender (LogUtils.java:warn(134)) - 4923db37-afc5-4a4b-9e0e-3e0e64c6efbc@group-DBCF7A494882->fa5ee157-3b80-4774-adcc-f01234ebded8-AppendLogResponseHandler: Failed appendEntries: org.apache.ratis.thirdparty.io.grpc.StatusRuntimeException: UNAVAILABLE: io exception
2019-09-11 05:30:08,601 [grpc-default-executor-1] INFO  impl.FollowerInfo (FollowerInfo.java:lambda$new$0(51)) - 4923db37-afc5-4a4b-9e0e-3e0e64c6efbc@group-DBCF7A494882->fa5ee157-3b80-4774-adcc-f01234ebded8: nextIndex: updateUnconditionally 13 -> 12
2019-09-11 05:30:08,608 [java.util.concurrent.ThreadPoolExecutor$Worker@15c0b703[State = -1, empty queue]] WARN  server.GrpcLogAppender (GrpcLogAppender.java:timeoutAppendRequest(200)) - 4923db37-afc5-4a4b-9e0e-3e0e64c6efbc@group-DBCF7A494882->b5c94862-e767-4e3a-a577-422bae381862-GrpcLogAppender: appendEntries Timeout, request=4923db37-afc5-4a4b-9e0e-3e0e64c6efbc->b5c94862-e767-4e3a-a577-422bae381862#153-t2, previous=(t:2, i:19), leaderCommit=15, initializing? false, entries: <empty>
2019-09-11 05:30:09,098 [grpc-default-executor-4] WARN  server.GrpcLogAppender (LogUtils.java:warn(134)) - 4923db37-afc5-4a4b-9e0e-3e0e64c6efbc@group-DBCF7A494882->fa5ee157-3b80-4774-adcc-f01234ebded8-AppendLogResponseHandler: Failed appendEntries: org.apache.ratis.thirdparty.io.grpc.StatusRuntimeException: UNAVAILABLE: io exception
2019-09-11 05:30:09,104 [grpc-default-executor-4] INFO  impl.FollowerInfo (FollowerInfo.java:lambda$new$0(51)) - 4923db37-afc5-4a4b-9e0e-3e0e64c6efbc@group-DBCF7A494882->fa5ee157-3b80-4774-adcc-f01234ebded8: nextIndex: updateUnconditionally 12 -> 11
2019-09-11 05:30:09,108 [java.util.concurrent.ThreadPoolExecutor$Worker@15c0b703[State = -1, empty queue]] WARN  server.GrpcLogAppender (GrpcLogAppender.java:timeoutAppendRequest(200)) - 4923db37-afc5-4a4b-9e0e-3e0e64c6efbc@group-DBCF7A494882->b5c94862-e767-4e3a-a577-422bae381862-GrpcLogAppender: appendEntries Timeout, request=4923db37-afc5-4a4b-9e0e-3e0e64c6efbc->b5c94862-e767-4e3a-a577-422bae381862#154-t2, previous=(t:2, i:19), leaderCommit=15, initializing? false, entries: <empty>
2019-09-11 05:30:09,602 [grpc-default-executor-5] WARN  server.GrpcLogAppender (LogUtils.java:warn(134)) - 4923db37-afc5-4a4b-9e0e-3e0e64c6efbc@group-DBCF7A494882->fa5ee157-3b80-4774-adcc-f01234ebded8-AppendLogResponseHandler: Failed appendEntries: org.apache.ratis.thirdparty.io.grpc.StatusRuntimeException: UNAVAILABLE: io exception
2019-09-11 05:30:09,608 [grpc-default-executor-5] INFO  impl.FollowerInfo (FollowerInfo.java:lambda$new$0(51)) - 4923db37-afc5-4a4b-9e0e-3e0e64c6efbc@group-DBCF7A494882->fa5ee157-3b80-4774-adcc-f01234ebded8: nextIndex: updateUnconditionally 11 -> 10
2019-09-11 05:30:09,608 [java.util.concurrent.ThreadPoolExecutor$Worker@15c0b703[State = -1, empty queue]] WARN  server.GrpcLogAppender (GrpcLogAppender.java:timeoutAppendRequest(200)) - 4923db37-afc5-4a4b-9e0e-3e0e64c6efbc@group-DBCF7A494882->b5c94862-e767-4e3a-a577-422bae381862-GrpcLogAppender: appendEntries Timeout, request=4923db37-afc5-4a4b-9e0e-3e0e64c6efbc->b5c94862-e767-4e3a-a577-422bae381862#155-t2, previous=(t:2, i:19), leaderCommit=15, initializing? false, entries: <empty>
2019-09-11 05:30:09,635 [b5c94862-e767-4e3a-a577-422bae381862@group-DBCF7A494882-SegmentedRaftLogWorker] WARN  segmented.SegmentedRaftLogWorker (SegmentedRaftLogWorker.java:getFromFuture(90)) - Timeout 4/~
org.apache.ratis.protocol.TimeoutIOException: Timeout 10s: WriteLog:18: (t:2, i:18), STATEMACHINELOGENTRY, client-876F6FC8C029, cid=43-writeStateMachineData
	at org.apache.ratis.util.IOUtils.getFromFuture(IOUtils.java:87)
	at org.apache.ratis.server.raftlog.segmented.SegmentedRaftLogWorker$StateMachineDataPolicy.getFromFuture(SegmentedRaftLogWorker.java:87)
	at org.apache.ratis.server.raftlog.segmented.SegmentedRaftLogWorker$WriteLog.execute(SegmentedRaftLogWorker.java:477)
	at org.apache.ratis.server.raftlog.segmented.SegmentedRaftLogWorker.run(SegmentedRaftLogWorker.java:289)
	at java.lang.Thread.run(Thread.java:748)
Caused by: java.util.concurrent.TimeoutException
	at java.util.concurrent.CompletableFuture.timedGet(CompletableFuture.java:1771)
	at java.util.concurrent.CompletableFuture.get(CompletableFuture.java:1915)
	at org.apache.ratis.util.IOUtils.getFromFuture(IOUtils.java:79)
	... 4 more
2019-09-11 05:30:09,878 [4923db37-afc5-4a4b-9e0e-3e0e64c6efbc@group-DBCF7A494882-SegmentedRaftLogWorker] WARN  segmented.SegmentedRaftLogWorker (SegmentedRaftLogWorker.java:getFromFuture(90)) - Timeout 4/~
org.apache.ratis.protocol.TimeoutIOException: Timeout 10s: WriteLog:18: (t:2, i:18), STATEMACHINELOGENTRY, client-876F6FC8C029, cid=43-writeStateMachineData
	at org.apache.ratis.util.IOUtils.getFromFuture(IOUtils.java:87)
	at org.apache.ratis.server.raftlog.segmented.SegmentedRaftLogWorker$StateMachineDataPolicy.getFromFuture(SegmentedRaftLogWorker.java:87)
	at org.apache.ratis.server.raftlog.segmented.SegmentedRaftLogWorker$WriteLog.execute(SegmentedRaftLogWorker.java:477)
	at org.apache.ratis.server.raftlog.segmented.SegmentedRaftLogWorker.run(SegmentedRaftLogWorker.java:289)
	at java.lang.Thread.run(Thread.java:748)
Caused by: java.util.concurrent.TimeoutException
	at java.util.concurrent.CompletableFuture.timedGet(CompletableFuture.java:1771)
	at java.util.concurrent.CompletableFuture.get(CompletableFuture.java:1915)
	at org.apache.ratis.util.IOUtils.getFromFuture(IOUtils.java:79)
	... 4 more
2019-09-11 05:30:10,102 [grpc-default-executor-1] WARN  server.GrpcLogAppender (LogUtils.java:warn(134)) - 4923db37-afc5-4a4b-9e0e-3e0e64c6efbc@group-DBCF7A494882->fa5ee157-3b80-4774-adcc-f01234ebded8-AppendLogResponseHandler: Failed appendEntries: org.apache.ratis.thirdparty.io.grpc.StatusRuntimeException: UNAVAILABLE: io exception
2019-09-11 05:30:10,107 [grpc-default-executor-1] INFO  impl.FollowerInfo (FollowerInfo.java:lambda$new$0(51)) - 4923db37-afc5-4a4b-9e0e-3e0e64c6efbc@group-DBCF7A494882->fa5ee157-3b80-4774-adcc-f01234ebded8: nextIndex: updateUnconditionally 10 -> 9
2019-09-11 05:30:10,109 [java.util.concurrent.ThreadPoolExecutor$Worker@15c0b703[State = -1, empty queue]] WARN  server.GrpcLogAppender (GrpcLogAppender.java:timeoutAppendRequest(200)) - 4923db37-afc5-4a4b-9e0e-3e0e64c6efbc@group-DBCF7A494882->b5c94862-e767-4e3a-a577-422bae381862-GrpcLogAppender: appendEntries Timeout, request=4923db37-afc5-4a4b-9e0e-3e0e64c6efbc->b5c94862-e767-4e3a-a577-422bae381862#156-t2, previous=(t:2, i:19), leaderCommit=15, initializing? false, entries: <empty>
2019-09-11 05:30:10,605 [grpc-default-executor-4] WARN  server.GrpcLogAppender (LogUtils.java:warn(134)) - 4923db37-afc5-4a4b-9e0e-3e0e64c6efbc@group-DBCF7A494882->fa5ee157-3b80-4774-adcc-f01234ebded8-AppendLogResponseHandler: Failed appendEntries: org.apache.ratis.thirdparty.io.grpc.StatusRuntimeException: UNAVAILABLE: io exception
2019-09-11 05:30:10,611 [java.util.concurrent.ThreadPoolExecutor$Worker@15c0b703[State = -1, empty queue]] WARN  server.GrpcLogAppender (GrpcLogAppender.java:timeoutAppendRequest(200)) - 4923db37-afc5-4a4b-9e0e-3e0e64c6efbc@group-DBCF7A494882->b5c94862-e767-4e3a-a577-422bae381862-GrpcLogAppender: appendEntries Timeout, request=4923db37-afc5-4a4b-9e0e-3e0e64c6efbc->b5c94862-e767-4e3a-a577-422bae381862#157-t2, previous=(t:2, i:19), leaderCommit=15, initializing? false, entries: <empty>
2019-09-11 05:30:10,611 [grpc-default-executor-4] INFO  impl.FollowerInfo (FollowerInfo.java:lambda$new$0(51)) - 4923db37-afc5-4a4b-9e0e-3e0e64c6efbc@group-DBCF7A494882->fa5ee157-3b80-4774-adcc-f01234ebded8: nextIndex: updateUnconditionally 9 -> 8
2019-09-11 05:30:10,947 [1085c8a3-fcd4-45c4-be46-c3757d6b46c3@group-00994406B9A2-SegmentedRaftLogWorker] WARN  segmented.SegmentedRaftLogWorker (SegmentedRaftLogWorker.java:getFromFuture(90)) - Timeout 6/~
org.apache.ratis.protocol.TimeoutIOException: Timeout 10s: WriteLog:19: (t:3, i:19), STATEMACHINELOGENTRY, client-51C1F636924D, cid=30-writeStateMachineData
	at org.apache.ratis.util.IOUtils.getFromFuture(IOUtils.java:87)
	at org.apache.ratis.server.raftlog.segmented.SegmentedRaftLogWorker$StateMachineDataPolicy.getFromFuture(SegmentedRaftLogWorker.java:87)
	at org.apache.ratis.server.raftlog.segmented.SegmentedRaftLogWorker$WriteLog.execute(SegmentedRaftLogWorker.java:477)
	at org.apache.ratis.server.raftlog.segmented.SegmentedRaftLogWorker.run(SegmentedRaftLogWorker.java:289)
	at java.lang.Thread.run(Thread.java:748)
Caused by: java.util.concurrent.TimeoutException
	at java.util.concurrent.CompletableFuture.timedGet(CompletableFuture.java:1771)
	at java.util.concurrent.CompletableFuture.get(CompletableFuture.java:1915)
	at org.apache.ratis.util.IOUtils.getFromFuture(IOUtils.java:79)
	... 4 more
2019-09-11 05:30:10,949 [33471566-8842-41e4-bba3-9cc287622f4a@group-00994406B9A2-SegmentedRaftLogWorker] WARN  segmented.SegmentedRaftLogWorker (SegmentedRaftLogWorker.java:getFromFuture(90)) - Timeout 6/~
org.apache.ratis.protocol.TimeoutIOException: Timeout 10s: WriteLog:19: (t:3, i:19), STATEMACHINELOGENTRY, client-51C1F636924D, cid=30-writeStateMachineData
	at org.apache.ratis.util.IOUtils.getFromFuture(IOUtils.java:87)
	at org.apache.ratis.server.raftlog.segmented.SegmentedRaftLogWorker$StateMachineDataPolicy.getFromFuture(SegmentedRaftLogWorker.java:87)
	at org.apache.ratis.server.raftlog.segmented.SegmentedRaftLogWorker$WriteLog.execute(SegmentedRaftLogWorker.java:477)
	at org.apache.ratis.server.raftlog.segmented.SegmentedRaftLogWorker.run(SegmentedRaftLogWorker.java:289)
	at java.lang.Thread.run(Thread.java:748)
Caused by: java.util.concurrent.TimeoutException
	at java.util.concurrent.CompletableFuture.timedGet(CompletableFuture.java:1771)
	at java.util.concurrent.CompletableFuture.get(CompletableFuture.java:1915)
	at org.apache.ratis.util.IOUtils.getFromFuture(IOUtils.java:79)
	... 4 more
2019-09-11 05:30:11,106 [grpc-default-executor-5] WARN  server.GrpcLogAppender (LogUtils.java:warn(134)) - 4923db37-afc5-4a4b-9e0e-3e0e64c6efbc@group-DBCF7A494882->fa5ee157-3b80-4774-adcc-f01234ebded8-AppendLogResponseHandler: Failed appendEntries: org.apache.ratis.thirdparty.io.grpc.StatusRuntimeException: UNAVAILABLE: io exception
2019-09-11 05:30:11,111 [java.util.concurrent.ThreadPoolExecutor$Worker@15c0b703[State = -1, empty queue]] WARN  server.GrpcLogAppender (GrpcLogAppender.java:timeoutAppendRequest(200)) - 4923db37-afc5-4a4b-9e0e-3e0e64c6efbc@group-DBCF7A494882->b5c94862-e767-4e3a-a577-422bae381862-GrpcLogAppender: appendEntries Timeout, request=4923db37-afc5-4a4b-9e0e-3e0e64c6efbc->b5c94862-e767-4e3a-a577-422bae381862#158-t2, previous=(t:2, i:19), leaderCommit=15, initializing? false, entries: <empty>
2019-09-11 05:30:11,111 [grpc-default-executor-5] INFO  impl.FollowerInfo (FollowerInfo.java:lambda$new$0(51)) - 4923db37-afc5-4a4b-9e0e-3e0e64c6efbc@group-DBCF7A494882->fa5ee157-3b80-4774-adcc-f01234ebded8: nextIndex: updateUnconditionally 8 -> 7
2019-09-11 05:30:11,610 [java.util.concurrent.ThreadPoolExecutor$Worker@15c0b703[State = -1, empty queue]] WARN  server.GrpcLogAppender (GrpcLogAppender.java:timeoutAppendRequest(200)) - 4923db37-afc5-4a4b-9e0e-3e0e64c6efbc@group-DBCF7A494882->b5c94862-e767-4e3a-a577-422bae381862-GrpcLogAppender: appendEntries Timeout, request=4923db37-afc5-4a4b-9e0e-3e0e64c6efbc->b5c94862-e767-4e3a-a577-422bae381862#159-t2, previous=(t:2, i:19), leaderCommit=15, initializing? false, entries: <empty>
2019-09-11 05:30:11,614 [grpc-default-executor-4] WARN  server.GrpcLogAppender (LogUtils.java:warn(134)) - 4923db37-afc5-4a4b-9e0e-3e0e64c6efbc@group-DBCF7A494882->fa5ee157-3b80-4774-adcc-f01234ebded8-AppendLogResponseHandler: Failed appendEntries: org.apache.ratis.thirdparty.io.grpc.StatusRuntimeException: UNAVAILABLE: io exception
2019-09-11 05:30:11,618 [grpc-default-executor-4] INFO  impl.FollowerInfo (FollowerInfo.java:lambda$new$0(51)) - 4923db37-afc5-4a4b-9e0e-3e0e64c6efbc@group-DBCF7A494882->fa5ee157-3b80-4774-adcc-f01234ebded8: nextIndex: updateUnconditionally 7 -> 6
2019-09-11 05:30:11,894 [main] INFO  ozoneimpl.OzoneContainer (OzoneContainer.java:stop(231)) - Attempting to stop container services.
2019-09-11 05:30:11,894 [ForkJoinPool.commonPool-worker-1] INFO  ozoneimpl.OzoneContainer (OzoneContainer.java:stop(231)) - Attempting to stop container services.
2019-09-11 05:30:11,895 [main] INFO  impl.RaftServerProxy (RaftServerProxy.java:lambda$close$4(314)) - 15f0fda7-63f5-4fb9-b135-cfff0550ebde: close
2019-09-11 05:30:11,895 [ForkJoinPool.commonPool-worker-1] INFO  impl.RaftServerProxy (RaftServerProxy.java:lambda$close$4(314)) - 1085c8a3-fcd4-45c4-be46-c3757d6b46c3: close
2019-09-11 05:30:11,896 [main] INFO  impl.RaftServerImpl (RaftServerImpl.java:lambda$shutdown$3(251)) - 15f0fda7-63f5-4fb9-b135-cfff0550ebde@group-86A12C1C3F90: shutdown
2019-09-11 05:30:11,896 [ForkJoinPool.commonPool-worker-1] INFO  impl.RaftServerImpl (RaftServerImpl.java:lambda$shutdown$3(251)) - 1085c8a3-fcd4-45c4-be46-c3757d6b46c3@group-00994406B9A2: shutdown
2019-09-11 05:30:11,896 [main] INFO  util.JmxRegister (JmxRegister.java:unregister(73)) - Successfully un-registered JMX Bean with object name Ratis:service=RaftServer,group=group-86A12C1C3F90,id=15f0fda7-63f5-4fb9-b135-cfff0550ebde
2019-09-11 05:30:11,896 [ForkJoinPool.commonPool-worker-1] INFO  util.JmxRegister (JmxRegister.java:unregister(73)) - Successfully un-registered JMX Bean with object name Ratis:service=RaftServer,group=group-00994406B9A2,id=1085c8a3-fcd4-45c4-be46-c3757d6b46c3
2019-09-11 05:30:11,897 [main] INFO  impl.RoleInfo (RoleInfo.java:shutdownLeaderState(104)) - 15f0fda7-63f5-4fb9-b135-cfff0550ebde: shutdown LeaderState
2019-09-11 05:30:11,897 [ForkJoinPool.commonPool-worker-1] INFO  impl.RoleInfo (RoleInfo.java:shutdownFollowerState(121)) - 1085c8a3-fcd4-45c4-be46-c3757d6b46c3: shutdown FollowerState
2019-09-11 05:30:11,898 [main] INFO  impl.PendingRequests (PendingRequests.java:sendNotLeaderResponses(202)) - 15f0fda7-63f5-4fb9-b135-cfff0550ebde-PendingRequests: sendNotLeaderResponses
2019-09-11 05:30:11,898 [Thread-459] INFO  impl.FollowerState (FollowerState.java:run(115)) - 1085c8a3-fcd4-45c4-be46-c3757d6b46c3: FollowerState was interrupted: java.lang.InterruptedException: sleep interrupted
2019-09-11 05:30:11,898 [ForkJoinPool.commonPool-worker-1] INFO  impl.StateMachineUpdater (StateMachineUpdater.java:stopAndJoin(125)) - 1085c8a3-fcd4-45c4-be46-c3757d6b46c3@group-00994406B9A2-StateMachineUpdater: set stopIndex = 16
2019-09-11 05:30:11,902 [main] INFO  impl.StateMachineUpdater (StateMachineUpdater.java:stopAndJoin(125)) - 15f0fda7-63f5-4fb9-b135-cfff0550ebde@group-86A12C1C3F90-StateMachineUpdater: set stopIndex = 0
2019-09-11 05:30:11,903 [main] INFO  impl.RaftServerImpl (ServerState.java:close(385)) - 15f0fda7-63f5-4fb9-b135-cfff0550ebde@group-86A12C1C3F90: closes. applyIndex: 0
2019-09-11 05:30:11,898 [1085c8a3-fcd4-45c4-be46-c3757d6b46c3@group-00994406B9A2-StateMachineUpdater] INFO  ratis.ContainerStateMachine (ContainerStateMachine.java:takeSnapshot(289)) - group-00994406B9A2: Taking a snapshot at:(t:3, i:12) file /workdir/hadoop-ozone/integration-test/target/test-dir/MiniOzoneClusterImpl-712b11b3-5514-48f8-84a2-2435d4ba870b/datanode-3/data/ratis/76751961-850d-4a95-84e1-00994406b9a2/sm/snapshot.3_12
2019-09-11 05:30:11,904 [15f0fda7-63f5-4fb9-b135-cfff0550ebde@group-86A12C1C3F90-SegmentedRaftLogWorker] INFO  segmented.SegmentedRaftLogWorker (SegmentedRaftLogWorker.java:run(313)) - 15f0fda7-63f5-4fb9-b135-cfff0550ebde@group-86A12C1C3F90-SegmentedRaftLogWorker was interrupted, exiting. There are 0 tasks remaining in the queue.
2019-09-11 05:30:11,906 [main] INFO  segmented.SegmentedRaftLogWorker (SegmentedRaftLogWorker.java:close(228)) - 15f0fda7-63f5-4fb9-b135-cfff0550ebde@group-86A12C1C3F90-SegmentedRaftLogWorker close()
2019-09-11 05:30:11,909 [main] INFO  server.GrpcService (GrpcService.java:closeImpl(164)) - 15f0fda7-63f5-4fb9-b135-cfff0550ebde: shutdown server with port 35883 now
2019-09-11 05:30:11,912 [main] INFO  server.GrpcService (GrpcService.java:closeImpl(172)) - 15f0fda7-63f5-4fb9-b135-cfff0550ebde: shutdown server with port 35883 successfully
2019-09-11 05:30:11,919 [1085c8a3-fcd4-45c4-be46-c3757d6b46c3@group-00994406B9A2-StateMachineUpdater] INFO  ratis.ContainerStateMachine (ContainerStateMachine.java:takeSnapshot(300)) - group-00994406B9A2: Finished taking a snapshot at:(t:3, i:12) file:/workdir/hadoop-ozone/integration-test/target/test-dir/MiniOzoneClusterImpl-712b11b3-5514-48f8-84a2-2435d4ba870b/datanode-3/data/ratis/76751961-850d-4a95-84e1-00994406b9a2/sm/snapshot.3_12 time:21
2019-09-11 05:30:11,919 [1085c8a3-fcd4-45c4-be46-c3757d6b46c3@group-00994406B9A2-StateMachineUpdater] INFO  impl.StateMachineUpdater (StateMachineUpdater.java:takeSnapshot(258)) - 1085c8a3-fcd4-45c4-be46-c3757d6b46c3@group-00994406B9A2-StateMachineUpdater: Took a snapshot at index 12
2019-09-11 05:30:11,920 [1085c8a3-fcd4-45c4-be46-c3757d6b46c3@group-00994406B9A2-StateMachineUpdater] INFO  impl.StateMachineUpdater (StateMachineUpdater.java:lambda$new$0(83)) - 1085c8a3-fcd4-45c4-be46-c3757d6b46c3@group-00994406B9A2-StateMachineUpdater: snapshotIndex: updateIncreasingly -1 -> 12
2019-09-11 05:30:11,920 [1085c8a3-fcd4-45c4-be46-c3757d6b46c3@group-00994406B9A2-StateMachineUpdater] INFO  ratis.ContainerStateMachine (ContainerStateMachine.java:takeSnapshot(289)) - group-00994406B9A2: Taking a snapshot at:(t:3, i:12) file /workdir/hadoop-ozone/integration-test/target/test-dir/MiniOzoneClusterImpl-712b11b3-5514-48f8-84a2-2435d4ba870b/datanode-3/data/ratis/76751961-850d-4a95-84e1-00994406b9a2/sm/snapshot.3_12
2019-09-11 05:30:11,922 [refreshUsed-/workdir/hadoop-ozone/integration-test/target/test-dir/MiniOzoneClusterImpl-712b11b3-5514-48f8-84a2-2435d4ba870b/datanode-6/data/containers] WARN  fs.CachingGetSpaceUsed (CachingGetSpaceUsed.java:run(183)) - Thread Interrupted waiting to refresh disk information: sleep interrupted
2019-09-11 05:30:11,933 [1085c8a3-fcd4-45c4-be46-c3757d6b46c3@group-00994406B9A2-StateMachineUpdater] INFO  ratis.ContainerStateMachine (ContainerStateMachine.java:takeSnapshot(300)) - group-00994406B9A2: Finished taking a snapshot at:(t:3, i:12) file:/workdir/hadoop-ozone/integration-test/target/test-dir/MiniOzoneClusterImpl-712b11b3-5514-48f8-84a2-2435d4ba870b/datanode-3/data/ratis/76751961-850d-4a95-84e1-00994406b9a2/sm/snapshot.3_12 time:13
2019-09-11 05:30:11,933 [1085c8a3-fcd4-45c4-be46-c3757d6b46c3@group-00994406B9A2-StateMachineUpdater] INFO  impl.StateMachineUpdater (StateMachineUpdater.java:takeSnapshot(258)) - 1085c8a3-fcd4-45c4-be46-c3757d6b46c3@group-00994406B9A2-StateMachineUpdater: Took a snapshot at index 12
2019-09-11 05:30:11,933 [1085c8a3-fcd4-45c4-be46-c3757d6b46c3@group-00994406B9A2-StateMachineUpdater] INFO  impl.StateMachineUpdater (StateMachineUpdater.java:lambda$new$0(83)) - 1085c8a3-fcd4-45c4-be46-c3757d6b46c3@group-00994406B9A2-StateMachineUpdater: snapshotIndex: updateIncreasingly 12 -> 12
2019-09-11 05:30:11,933 [ForkJoinPool.commonPool-worker-1] INFO  impl.RaftServerImpl (ServerState.java:close(385)) - 1085c8a3-fcd4-45c4-be46-c3757d6b46c3@group-00994406B9A2: closes. applyIndex: 16
2019-09-11 05:30:11,935 [1085c8a3-fcd4-45c4-be46-c3757d6b46c3@group-00994406B9A2-SegmentedRaftLogWorker] ERROR ratis.XceiverServerRatis (XceiverServerRatis.java:triggerPipelineClose(568)) - pipeline Action CLOSE  on pipeline PipelineID=76751961-850d-4a95-84e1-00994406b9a2.Reason : WriteLog:19: (t:3, i:19), STATEMACHINELOGENTRY, client-51C1F636924D, cid=30-writeStateMachineData interrupted.
2019-09-11 05:30:11,953 [main] INFO  utils.BackgroundService (BackgroundService.java:shutdown(148)) - Shutting down service BlockDeletingService
2019-09-11 05:30:11,957 [ForkJoinPool.commonPool-worker-1] INFO  segmented.SegmentedRaftLogWorker (SegmentedRaftLogWorker.java:close(228)) - 1085c8a3-fcd4-45c4-be46-c3757d6b46c3@group-00994406B9A2-SegmentedRaftLogWorker close()
2019-09-11 05:30:11,959 [main] INFO  statemachine.DatanodeStateMachine (DatanodeStateMachine.java:stopDaemon(395)) - Ozone container server stopped.
2019-09-11 05:30:11,961 [ForkJoinPool.commonPool-worker-1] INFO  impl.RaftServerImpl (RaftServerImpl.java:lambda$shutdown$3(251)) - 1085c8a3-fcd4-45c4-be46-c3757d6b46c3@group-7E23FCD7F4C7: shutdown
2019-09-11 05:30:11,961 [ForkJoinPool.commonPool-worker-1] INFO  util.JmxRegister (JmxRegister.java:unregister(73)) - Successfully un-registered JMX Bean with object name Ratis:service=RaftServer,group=group-7E23FCD7F4C7,id=1085c8a3-fcd4-45c4-be46-c3757d6b46c3
2019-09-11 05:30:11,962 [ForkJoinPool.commonPool-worker-1] INFO  impl.RoleInfo (RoleInfo.java:shutdownLeaderState(104)) - 1085c8a3-fcd4-45c4-be46-c3757d6b46c3: shutdown LeaderState
2019-09-11 05:30:11,962 [ForkJoinPool.commonPool-worker-1] INFO  impl.PendingRequests (PendingRequests.java:sendNotLeaderResponses(202)) - 1085c8a3-fcd4-45c4-be46-c3757d6b46c3-PendingRequests: sendNotLeaderResponses
2019-09-11 05:30:11,962 [ForkJoinPool.commonPool-worker-1] INFO  impl.StateMachineUpdater (StateMachineUpdater.java:stopAndJoin(125)) - 1085c8a3-fcd4-45c4-be46-c3757d6b46c3@group-7E23FCD7F4C7-StateMachineUpdater: set stopIndex = 0
2019-09-11 05:30:11,963 [ForkJoinPool.commonPool-worker-1] INFO  impl.RaftServerImpl (ServerState.java:close(385)) - 1085c8a3-fcd4-45c4-be46-c3757d6b46c3@group-7E23FCD7F4C7: closes. applyIndex: 0
2019-09-11 05:30:11,963 [main] INFO  handler.ContextHandler (ContextHandler.java:doStop(910)) - Stopped o.e.j.w.WebAppContext@a2341c6{/,null,UNAVAILABLE}{/hddsDatanode}
2019-09-11 05:30:11,963 [1085c8a3-fcd4-45c4-be46-c3757d6b46c3@group-7E23FCD7F4C7-SegmentedRaftLogWorker] INFO  segmented.SegmentedRaftLogWorker (SegmentedRaftLogWorker.java:run(313)) - 1085c8a3-fcd4-45c4-be46-c3757d6b46c3@group-7E23FCD7F4C7-SegmentedRaftLogWorker was interrupted, exiting. There are 0 tasks remaining in the queue.
2019-09-11 05:30:11,965 [ForkJoinPool.commonPool-worker-1] INFO  segmented.SegmentedRaftLogWorker (SegmentedRaftLogWorker.java:close(228)) - 1085c8a3-fcd4-45c4-be46-c3757d6b46c3@group-7E23FCD7F4C7-SegmentedRaftLogWorker close()
2019-09-11 05:30:11,968 [ForkJoinPool.commonPool-worker-1] INFO  server.GrpcService (GrpcService.java:closeImpl(164)) - 1085c8a3-fcd4-45c4-be46-c3757d6b46c3: shutdown server with port 32899 now
2019-09-11 05:30:11,969 [main] INFO  server.AbstractConnector (AbstractConnector.java:doStop(318)) - Stopped ServerConnector@6e4c0d8c{HTTP/1.1,[http/1.1]}{0.0.0.0:0}
2019-09-11 05:30:11,969 [main] INFO  handler.ContextHandler (ContextHandler.java:doStop(910)) - Stopped o.e.j.s.ServletContextHandler@67514bdd{/static,jar:file:/home/user/.m2/repository/org/apache/hadoop/hadoop-hdds-container-service/0.5.0-SNAPSHOT/hadoop-hdds-container-service-0.5.0-SNAPSHOT.jar!/webapps/static,UNAVAILABLE}
2019-09-11 05:30:11,970 [ForkJoinPool.commonPool-worker-1] INFO  server.GrpcService (GrpcService.java:closeImpl(172)) - 1085c8a3-fcd4-45c4-be46-c3757d6b46c3: shutdown server with port 32899 successfully
2019-09-11 05:30:11,970 [main] INFO  handler.ContextHandler (ContextHandler.java:doStop(910)) - Stopped o.e.j.s.ServletContextHandler@173a6728{/logs,file:///workdir/hadoop-ozone/integration-test/target/log,UNAVAILABLE}
2019-09-11 05:30:11,986 [refreshUsed-/workdir/hadoop-ozone/integration-test/target/test-dir/MiniOzoneClusterImpl-712b11b3-5514-48f8-84a2-2435d4ba870b/datanode-3/data/containers] WARN  fs.CachingGetSpaceUsed (CachingGetSpaceUsed.java:run(183)) - Thread Interrupted waiting to refresh disk information: sleep interrupted
2019-09-11 05:30:12,003 [ForkJoinPool.commonPool-worker-1] INFO  utils.BackgroundService (BackgroundService.java:shutdown(148)) - Shutting down service BlockDeletingService
2019-09-11 05:30:12,009 [ForkJoinPool.commonPool-worker-1] INFO  statemachine.DatanodeStateMachine (DatanodeStateMachine.java:stopDaemon(395)) - Ozone container server stopped.
2019-09-11 05:30:12,013 [ForkJoinPool.commonPool-worker-1] INFO  handler.ContextHandler (ContextHandler.java:doStop(910)) - Stopped o.e.j.w.WebAppContext@7d44a19{/,null,UNAVAILABLE}{/hddsDatanode}
2019-09-11 05:30:12,014 [ForkJoinPool.commonPool-worker-1] INFO  server.AbstractConnector (AbstractConnector.java:doStop(318)) - Stopped ServerConnector@1fb2d5e{HTTP/1.1,[http/1.1]}{0.0.0.0:0}
2019-09-11 05:30:12,015 [ForkJoinPool.commonPool-worker-1] INFO  handler.ContextHandler (ContextHandler.java:doStop(910)) - Stopped o.e.j.s.ServletContextHandler@53b7ce6{/static,jar:file:/home/user/.m2/repository/org/apache/hadoop/hadoop-hdds-container-service/0.5.0-SNAPSHOT/hadoop-hdds-container-service-0.5.0-SNAPSHOT.jar!/webapps/static,UNAVAILABLE}
2019-09-11 05:30:12,016 [ForkJoinPool.commonPool-worker-1] INFO  handler.ContextHandler (ContextHandler.java:doStop(910)) - Stopped o.e.j.s.ServletContextHandler@74ecacc3{/logs,file:///workdir/hadoop-ozone/integration-test/target/log,UNAVAILABLE}
2019-09-11 05:30:12,109 [java.util.concurrent.ThreadPoolExecutor$Worker@15c0b703[State = -1, empty queue]] WARN  server.GrpcLogAppender (GrpcLogAppender.java:timeoutAppendRequest(200)) - 4923db37-afc5-4a4b-9e0e-3e0e64c6efbc@group-DBCF7A494882->b5c94862-e767-4e3a-a577-422bae381862-GrpcLogAppender: appendEntries Timeout, request=4923db37-afc5-4a4b-9e0e-3e0e64c6efbc->b5c94862-e767-4e3a-a577-422bae381862#160-t2, previous=(t:2, i:19), leaderCommit=15, initializing? false, entries: <empty>
2019-09-11 05:30:12,111 [grpc-default-executor-1] WARN  server.GrpcLogAppender (LogUtils.java:warn(134)) - 4923db37-afc5-4a4b-9e0e-3e0e64c6efbc@group-DBCF7A494882->fa5ee157-3b80-4774-adcc-f01234ebded8-AppendLogResponseHandler: Failed appendEntries: org.apache.ratis.thirdparty.io.grpc.StatusRuntimeException: UNAVAILABLE: io exception
2019-09-11 05:30:12,114 [grpc-default-executor-1] INFO  impl.FollowerInfo (FollowerInfo.java:lambda$new$0(51)) - 4923db37-afc5-4a4b-9e0e-3e0e64c6efbc@group-DBCF7A494882->fa5ee157-3b80-4774-adcc-f01234ebded8: nextIndex: updateUnconditionally 6 -> 5
2019-09-11 05:30:12,610 [java.util.concurrent.ThreadPoolExecutor$Worker@15c0b703[State = -1, empty queue]] WARN  server.GrpcLogAppender (GrpcLogAppender.java:timeoutAppendRequest(200)) - 4923db37-afc5-4a4b-9e0e-3e0e64c6efbc@group-DBCF7A494882->b5c94862-e767-4e3a-a577-422bae381862-GrpcLogAppender: appendEntries Timeout, request=4923db37-afc5-4a4b-9e0e-3e0e64c6efbc->b5c94862-e767-4e3a-a577-422bae381862#161-t2, previous=(t:2, i:19), leaderCommit=15, initializing? false, entries: <empty>
2019-09-11 05:30:12,612 [grpc-default-executor-5] WARN  server.GrpcLogAppender (LogUtils.java:warn(134)) - 4923db37-afc5-4a4b-9e0e-3e0e64c6efbc@group-DBCF7A494882->fa5ee157-3b80-4774-adcc-f01234ebded8-AppendLogResponseHandler: Failed appendEntries: org.apache.ratis.thirdparty.io.grpc.StatusRuntimeException: UNAVAILABLE: io exception
2019-09-11 05:30:12,615 [grpc-default-executor-5] INFO  impl.FollowerInfo (FollowerInfo.java:lambda$new$0(51)) - 4923db37-afc5-4a4b-9e0e-3e0e64c6efbc@group-DBCF7A494882->fa5ee157-3b80-4774-adcc-f01234ebded8: nextIndex: updateUnconditionally 5 -> 4
2019-09-11 05:30:12,624 [Datanode State Machine Thread - 0] INFO  statemachine.DatanodeStateMachine (DatanodeStateMachine.java:lambda$startDaemon$0(350)) - Ozone container server started.
2019-09-11 05:30:12,949 [Datanode State Machine Thread - 0] INFO  statemachine.DatanodeStateMachine (DatanodeStateMachine.java:lambda$startDaemon$0(350)) - Ozone container server started.
2019-09-11 05:30:13,110 [java.util.concurrent.ThreadPoolExecutor$Worker@15c0b703[State = -1, empty queue]] WARN  server.GrpcLogAppender (GrpcLogAppender.java:timeoutAppendRequest(200)) - 4923db37-afc5-4a4b-9e0e-3e0e64c6efbc@group-DBCF7A494882->b5c94862-e767-4e3a-a577-422bae381862-GrpcLogAppender: appendEntries Timeout, request=4923db37-afc5-4a4b-9e0e-3e0e64c6efbc->b5c94862-e767-4e3a-a577-422bae381862#162-t2, previous=(t:2, i:19), leaderCommit=15, initializing? false, entries: <empty>
2019-09-11 05:30:13,113 [grpc-default-executor-4] WARN  server.GrpcLogAppender (LogUtils.java:warn(134)) - 4923db37-afc5-4a4b-9e0e-3e0e64c6efbc@group-DBCF7A494882->fa5ee157-3b80-4774-adcc-f01234ebded8-AppendLogResponseHandler: Failed appendEntries: org.apache.ratis.thirdparty.io.grpc.StatusRuntimeException: UNAVAILABLE: io exception
2019-09-11 05:30:13,116 [grpc-default-executor-4] INFO  impl.FollowerInfo (FollowerInfo.java:lambda$new$0(51)) - 4923db37-afc5-4a4b-9e0e-3e0e64c6efbc@group-DBCF7A494882->fa5ee157-3b80-4774-adcc-f01234ebded8: nextIndex: updateUnconditionally 4 -> 3
2019-09-11 05:30:13,425 [64c45ce8-9e8f-4626-9780-d8b476434616@group-B7894EF2C8AA-SegmentedRaftLogWorker] WARN  segmented.SegmentedRaftLogWorker (SegmentedRaftLogWorker.java:getFromFuture(90)) - Timeout 2/~
org.apache.ratis.protocol.TimeoutIOException: Timeout 10s: WriteLog:16: (t:2, i:16), STATEMACHINELOGENTRY, client-1FEA8BF74F46, cid=53-writeStateMachineData
	at org.apache.ratis.util.IOUtils.getFromFuture(IOUtils.java:87)
	at org.apache.ratis.server.raftlog.segmented.SegmentedRaftLogWorker$StateMachineDataPolicy.getFromFuture(SegmentedRaftLogWorker.java:87)
	at org.apache.ratis.server.raftlog.segmented.SegmentedRaftLogWorker$WriteLog.execute(SegmentedRaftLogWorker.java:477)
	at org.apache.ratis.server.raftlog.segmented.SegmentedRaftLogWorker.run(SegmentedRaftLogWorker.java:289)
	at java.lang.Thread.run(Thread.java:748)
Caused by: java.util.concurrent.TimeoutException
	at java.util.concurrent.CompletableFuture.timedGet(CompletableFuture.java:1771)
	at java.util.concurrent.CompletableFuture.get(CompletableFuture.java:1915)
	at org.apache.ratis.util.IOUtils.getFromFuture(IOUtils.java:79)
	... 4 more
2019-09-11 05:30:13,425 [1169a1ed-1394-44b2-9737-be9aad5bd237@group-B7894EF2C8AA-SegmentedRaftLogWorker] WARN  segmented.SegmentedRaftLogWorker (SegmentedRaftLogWorker.java:getFromFuture(90)) - Timeout 2/~
org.apache.ratis.protocol.TimeoutIOException: Timeout 10s: WriteLog:16: (t:2, i:16), STATEMACHINELOGENTRY, client-1FEA8BF74F46, cid=53-writeStateMachineData
	at org.apache.ratis.util.IOUtils.getFromFuture(IOUtils.java:87)
	at org.apache.ratis.server.raftlog.segmented.SegmentedRaftLogWorker$StateMachineDataPolicy.getFromFuture(SegmentedRaftLogWorker.java:87)
	at org.apache.ratis.server.raftlog.segmented.SegmentedRaftLogWorker$WriteLog.execute(SegmentedRaftLogWorker.java:477)
	at org.apache.ratis.server.raftlog.segmented.SegmentedRaftLogWorker.run(SegmentedRaftLogWorker.java:289)
	at java.lang.Thread.run(Thread.java:748)
Caused by: java.util.concurrent.TimeoutException
	at java.util.concurrent.CompletableFuture.timedGet(CompletableFuture.java:1771)
	at java.util.concurrent.CompletableFuture.get(CompletableFuture.java:1915)
	at org.apache.ratis.util.IOUtils.getFromFuture(IOUtils.java:79)
	... 4 more
2019-09-11 05:30:13,611 [java.util.concurrent.ThreadPoolExecutor$Worker@15c0b703[State = -1, empty queue]] WARN  server.GrpcLogAppender (GrpcLogAppender.java:timeoutAppendRequest(200)) - 4923db37-afc5-4a4b-9e0e-3e0e64c6efbc@group-DBCF7A494882->b5c94862-e767-4e3a-a577-422bae381862-GrpcLogAppender: appendEntries Timeout, request=4923db37-afc5-4a4b-9e0e-3e0e64c6efbc->b5c94862-e767-4e3a-a577-422bae381862#163-t2, previous=(t:2, i:19), leaderCommit=15, initializing? false, entries: <empty>
2019-09-11 05:30:13,614 [grpc-default-executor-1] WARN  server.GrpcLogAppender (LogUtils.java:warn(134)) - 4923db37-afc5-4a4b-9e0e-3e0e64c6efbc@group-DBCF7A494882->fa5ee157-3b80-4774-adcc-f01234ebded8-AppendLogResponseHandler: Failed appendEntries: org.apache.ratis.thirdparty.io.grpc.StatusRuntimeException: UNAVAILABLE: io exception
2019-09-11 05:30:13,618 [grpc-default-executor-1] INFO  impl.FollowerInfo (FollowerInfo.java:lambda$new$0(51)) - 4923db37-afc5-4a4b-9e0e-3e0e64c6efbc@group-DBCF7A494882->fa5ee157-3b80-4774-adcc-f01234ebded8: nextIndex: updateUnconditionally 3 -> 2
2019-09-11 05:30:14,112 [java.util.concurrent.ThreadPoolExecutor$Worker@15c0b703[State = -1, empty queue]] WARN  server.GrpcLogAppender (GrpcLogAppender.java:timeoutAppendRequest(200)) - 4923db37-afc5-4a4b-9e0e-3e0e64c6efbc@group-DBCF7A494882->b5c94862-e767-4e3a-a577-422bae381862-GrpcLogAppender: appendEntries Timeout, request=4923db37-afc5-4a4b-9e0e-3e0e64c6efbc->b5c94862-e767-4e3a-a577-422bae381862#164-t2, previous=(t:2, i:19), leaderCommit=15, initializing? false, entries: <empty>
2019-09-11 05:30:14,116 [grpc-default-executor-4] WARN  server.GrpcLogAppender (LogUtils.java:warn(134)) - 4923db37-afc5-4a4b-9e0e-3e0e64c6efbc@group-DBCF7A494882->fa5ee157-3b80-4774-adcc-f01234ebded8-AppendLogResponseHandler: Failed appendEntries: org.apache.ratis.thirdparty.io.grpc.StatusRuntimeException: UNAVAILABLE: io exception
2019-09-11 05:30:14,119 [grpc-default-executor-4] INFO  impl.FollowerInfo (FollowerInfo.java:lambda$new$0(51)) - 4923db37-afc5-4a4b-9e0e-3e0e64c6efbc@group-DBCF7A494882->fa5ee157-3b80-4774-adcc-f01234ebded8: nextIndex: updateUnconditionally 2 -> 1
2019-09-11 05:30:14,613 [java.util.concurrent.ThreadPoolExecutor$Worker@15c0b703[State = -1, empty queue]] WARN  server.GrpcLogAppender (GrpcLogAppender.java:timeoutAppendRequest(200)) - 4923db37-afc5-4a4b-9e0e-3e0e64c6efbc@group-DBCF7A494882->b5c94862-e767-4e3a-a577-422bae381862-GrpcLogAppender: appendEntries Timeout, request=4923db37-afc5-4a4b-9e0e-3e0e64c6efbc->b5c94862-e767-4e3a-a577-422bae381862#165-t2, previous=(t:2, i:19), leaderCommit=15, initializing? false, entries: <empty>
2019-09-11 05:30:14,616 [grpc-default-executor-5] WARN  server.GrpcLogAppender (LogUtils.java:warn(134)) - 4923db37-afc5-4a4b-9e0e-3e0e64c6efbc@group-DBCF7A494882->fa5ee157-3b80-4774-adcc-f01234ebded8-AppendLogResponseHandler: Failed appendEntries: org.apache.ratis.thirdparty.io.grpc.StatusRuntimeException: UNAVAILABLE: io exception
2019-09-11 05:30:14,619 [grpc-default-executor-5] INFO  impl.FollowerInfo (FollowerInfo.java:lambda$new$0(51)) - 4923db37-afc5-4a4b-9e0e-3e0e64c6efbc@group-DBCF7A494882->fa5ee157-3b80-4774-adcc-f01234ebded8: nextIndex: updateUnconditionally 1 -> 0
2019-09-11 05:30:15,114 [java.util.concurrent.ThreadPoolExecutor$Worker@15c0b703[State = -1, empty queue]] WARN  server.GrpcLogAppender (GrpcLogAppender.java:timeoutAppendRequest(200)) - 4923db37-afc5-4a4b-9e0e-3e0e64c6efbc@group-DBCF7A494882->b5c94862-e767-4e3a-a577-422bae381862-GrpcLogAppender: appendEntries Timeout, request=4923db37-afc5-4a4b-9e0e-3e0e64c6efbc->b5c94862-e767-4e3a-a577-422bae381862#166-t2, previous=(t:2, i:19), leaderCommit=15, initializing? false, entries: <empty>
2019-09-11 05:30:15,120 [grpc-default-executor-5] WARN  server.GrpcLogAppender (LogUtils.java:warn(134)) - 4923db37-afc5-4a4b-9e0e-3e0e64c6efbc@group-DBCF7A494882->fa5ee157-3b80-4774-adcc-f01234ebded8-AppendLogResponseHandler: Failed appendEntries: org.apache.ratis.thirdparty.io.grpc.StatusRuntimeException: UNAVAILABLE: io exception
2019-09-11 05:30:15,127 [grpc-default-executor-5] INFO  impl.FollowerInfo (FollowerInfo.java:lambda$new$0(51)) - 4923db37-afc5-4a4b-9e0e-3e0e64c6efbc@group-DBCF7A494882->fa5ee157-3b80-4774-adcc-f01234ebded8: nextIndex: updateUnconditionally 0 -> 0
2019-09-11 05:30:15,616 [java.util.concurrent.ThreadPoolExecutor$Worker@15c0b703[State = -1, empty queue]] WARN  server.GrpcLogAppender (GrpcLogAppender.java:timeoutAppendRequest(200)) - 4923db37-afc5-4a4b-9e0e-3e0e64c6efbc@group-DBCF7A494882->b5c94862-e767-4e3a-a577-422bae381862-GrpcLogAppender: appendEntries Timeout, request=4923db37-afc5-4a4b-9e0e-3e0e64c6efbc->b5c94862-e767-4e3a-a577-422bae381862#167-t2, previous=(t:2, i:19), leaderCommit=15, initializing? false, entries: <empty>
2019-09-11 05:30:15,626 [grpc-default-executor-1] WARN  server.GrpcLogAppender (LogUtils.java:warn(134)) - 4923db37-afc5-4a4b-9e0e-3e0e64c6efbc@group-DBCF7A494882->fa5ee157-3b80-4774-adcc-f01234ebded8-AppendLogResponseHandler: Failed appendEntries: org.apache.ratis.thirdparty.io.grpc.StatusRuntimeException: UNAVAILABLE: io exception
2019-09-11 05:30:15,632 [grpc-default-executor-1] INFO  impl.FollowerInfo (FollowerInfo.java:lambda$new$0(51)) - 4923db37-afc5-4a4b-9e0e-3e0e64c6efbc@group-DBCF7A494882->fa5ee157-3b80-4774-adcc-f01234ebded8: nextIndex: updateUnconditionally 0 -> 0
2019-09-11 05:30:16,116 [java.util.concurrent.ThreadPoolExecutor$Worker@15c0b703[State = -1, empty queue]] WARN  server.GrpcLogAppender (GrpcLogAppender.java:timeoutAppendRequest(200)) - 4923db37-afc5-4a4b-9e0e-3e0e64c6efbc@group-DBCF7A494882->b5c94862-e767-4e3a-a577-422bae381862-GrpcLogAppender: appendEntries Timeout, request=4923db37-afc5-4a4b-9e0e-3e0e64c6efbc->b5c94862-e767-4e3a-a577-422bae381862#168-t2, previous=(t:2, i:19), leaderCommit=15, initializing? false, entries: <empty>
2019-09-11 05:30:16,124 [grpc-default-executor-4] WARN  server.GrpcLogAppender (LogUtils.java:warn(134)) - 4923db37-afc5-4a4b-9e0e-3e0e64c6efbc@group-DBCF7A494882->fa5ee157-3b80-4774-adcc-f01234ebded8-AppendLogResponseHandler: Failed appendEntries: org.apache.ratis.thirdparty.io.grpc.StatusRuntimeException: UNAVAILABLE: io exception
2019-09-11 05:30:16,127 [grpc-default-executor-4] INFO  impl.FollowerInfo (FollowerInfo.java:lambda$new$0(51)) - 4923db37-afc5-4a4b-9e0e-3e0e64c6efbc@group-DBCF7A494882->fa5ee157-3b80-4774-adcc-f01234ebded8: nextIndex: updateUnconditionally 0 -> 0
2019-09-11 05:30:16,618 [java.util.concurrent.ThreadPoolExecutor$Worker@15c0b703[State = -1, empty queue]] WARN  server.GrpcLogAppender (GrpcLogAppender.java:timeoutAppendRequest(200)) - 4923db37-afc5-4a4b-9e0e-3e0e64c6efbc@group-DBCF7A494882->b5c94862-e767-4e3a-a577-422bae381862-GrpcLogAppender: appendEntries Timeout, request=4923db37-afc5-4a4b-9e0e-3e0e64c6efbc->b5c94862-e767-4e3a-a577-422bae381862#169-t2, previous=(t:2, i:19), leaderCommit=15, initializing? false, entries: <empty>
2019-09-11 05:30:16,645 [grpc-default-executor-1] WARN  server.GrpcLogAppender (LogUtils.java:warn(134)) - 4923db37-afc5-4a4b-9e0e-3e0e64c6efbc@group-DBCF7A494882->fa5ee157-3b80-4774-adcc-f01234ebded8-AppendLogResponseHandler: Failed appendEntries: org.apache.ratis.thirdparty.io.grpc.StatusRuntimeException: UNAVAILABLE: io exception
2019-09-11 05:30:16,651 [grpc-default-executor-1] INFO  impl.FollowerInfo (FollowerInfo.java:lambda$new$0(51)) - 4923db37-afc5-4a4b-9e0e-3e0e64c6efbc@group-DBCF7A494882->fa5ee157-3b80-4774-adcc-f01234ebded8: nextIndex: updateUnconditionally 0 -> 0
2019-09-11 05:30:16,974 [main] INFO  ozoneimpl.OzoneContainer (OzoneContainer.java:stop(231)) - Attempting to stop container services.
2019-09-11 05:30:16,975 [main] INFO  impl.RaftServerProxy (RaftServerProxy.java:lambda$close$4(314)) - 33471566-8842-41e4-bba3-9cc287622f4a: close
2019-09-11 05:30:16,976 [main] INFO  impl.RaftServerImpl (RaftServerImpl.java:lambda$shutdown$3(251)) - 33471566-8842-41e4-bba3-9cc287622f4a@group-00994406B9A2: shutdown
2019-09-11 05:30:16,977 [main] INFO  util.JmxRegister (JmxRegister.java:unregister(73)) - Successfully un-registered JMX Bean with object name Ratis:service=RaftServer,group=group-00994406B9A2,id=33471566-8842-41e4-bba3-9cc287622f4a
2019-09-11 05:30:16,977 [main] INFO  impl.RoleInfo (RoleInfo.java:shutdownFollowerState(121)) - 33471566-8842-41e4-bba3-9cc287622f4a: shutdown FollowerState
2019-09-11 05:30:16,977 [main] INFO  impl.StateMachineUpdater (StateMachineUpdater.java:stopAndJoin(125)) - 33471566-8842-41e4-bba3-9cc287622f4a@group-00994406B9A2-StateMachineUpdater: set stopIndex = 16
2019-09-11 05:30:16,978 [Thread-458] INFO  impl.FollowerState (FollowerState.java:run(115)) - 33471566-8842-41e4-bba3-9cc287622f4a: FollowerState was interrupted: java.lang.InterruptedException: sleep interrupted
2019-09-11 05:30:16,978 [33471566-8842-41e4-bba3-9cc287622f4a@group-00994406B9A2-StateMachineUpdater] INFO  ratis.ContainerStateMachine (ContainerStateMachine.java:takeSnapshot(289)) - group-00994406B9A2: Taking a snapshot at:(t:3, i:12) file /workdir/hadoop-ozone/integration-test/target/test-dir/MiniOzoneClusterImpl-712b11b3-5514-48f8-84a2-2435d4ba870b/datanode-8/data/ratis/76751961-850d-4a95-84e1-00994406b9a2/sm/snapshot.3_12
2019-09-11 05:30:16,994 [33471566-8842-41e4-bba3-9cc287622f4a@group-00994406B9A2-StateMachineUpdater] INFO  ratis.ContainerStateMachine (ContainerStateMachine.java:takeSnapshot(300)) - group-00994406B9A2: Finished taking a snapshot at:(t:3, i:12) file:/workdir/hadoop-ozone/integration-test/target/test-dir/MiniOzoneClusterImpl-712b11b3-5514-48f8-84a2-2435d4ba870b/datanode-8/data/ratis/76751961-850d-4a95-84e1-00994406b9a2/sm/snapshot.3_12 time:16
2019-09-11 05:30:16,994 [33471566-8842-41e4-bba3-9cc287622f4a@group-00994406B9A2-StateMachineUpdater] INFO  impl.StateMachineUpdater (StateMachineUpdater.java:takeSnapshot(258)) - 33471566-8842-41e4-bba3-9cc287622f4a@group-00994406B9A2-StateMachineUpdater: Took a snapshot at index 12
2019-09-11 05:30:16,995 [33471566-8842-41e4-bba3-9cc287622f4a@group-00994406B9A2-StateMachineUpdater] INFO  impl.StateMachineUpdater (StateMachineUpdater.java:lambda$new$0(83)) - 33471566-8842-41e4-bba3-9cc287622f4a@group-00994406B9A2-StateMachineUpdater: snapshotIndex: updateIncreasingly -1 -> 12
2019-09-11 05:30:16,995 [33471566-8842-41e4-bba3-9cc287622f4a@group-00994406B9A2-StateMachineUpdater] INFO  ratis.ContainerStateMachine (ContainerStateMachine.java:takeSnapshot(289)) - group-00994406B9A2: Taking a snapshot at:(t:3, i:12) file /workdir/hadoop-ozone/integration-test/target/test-dir/MiniOzoneClusterImpl-712b11b3-5514-48f8-84a2-2435d4ba870b/datanode-8/data/ratis/76751961-850d-4a95-84e1-00994406b9a2/sm/snapshot.3_12
2019-09-11 05:30:17,007 [33471566-8842-41e4-bba3-9cc287622f4a@group-00994406B9A2-StateMachineUpdater] INFO  ratis.ContainerStateMachine (ContainerStateMachine.java:takeSnapshot(300)) - group-00994406B9A2: Finished taking a snapshot at:(t:3, i:12) file:/workdir/hadoop-ozone/integration-test/target/test-dir/MiniOzoneClusterImpl-712b11b3-5514-48f8-84a2-2435d4ba870b/datanode-8/data/ratis/76751961-850d-4a95-84e1-00994406b9a2/sm/snapshot.3_12 time:13
2019-09-11 05:30:17,008 [33471566-8842-41e4-bba3-9cc287622f4a@group-00994406B9A2-StateMachineUpdater] INFO  impl.StateMachineUpdater (StateMachineUpdater.java:takeSnapshot(258)) - 33471566-8842-41e4-bba3-9cc287622f4a@group-00994406B9A2-StateMachineUpdater: Took a snapshot at index 12
2019-09-11 05:30:17,008 [33471566-8842-41e4-bba3-9cc287622f4a@group-00994406B9A2-StateMachineUpdater] INFO  impl.StateMachineUpdater (StateMachineUpdater.java:lambda$new$0(83)) - 33471566-8842-41e4-bba3-9cc287622f4a@group-00994406B9A2-StateMachineUpdater: snapshotIndex: updateIncreasingly 12 -> 12
2019-09-11 05:30:17,008 [main] INFO  impl.RaftServerImpl (ServerState.java:close(385)) - 33471566-8842-41e4-bba3-9cc287622f4a@group-00994406B9A2: closes. applyIndex: 16
2019-09-11 05:30:17,013 [33471566-8842-41e4-bba3-9cc287622f4a@group-00994406B9A2-SegmentedRaftLogWorker] ERROR ratis.XceiverServerRatis (XceiverServerRatis.java:triggerPipelineClose(568)) - pipeline Action CLOSE  on pipeline PipelineID=76751961-850d-4a95-84e1-00994406b9a2.Reason : WriteLog:19: (t:3, i:19), STATEMACHINELOGENTRY, client-51C1F636924D, cid=30-writeStateMachineData interrupted.
2019-09-11 05:30:17,018 [ForkJoinPool.commonPool-worker-1] INFO  ozoneimpl.OzoneContainer (OzoneContainer.java:stop(231)) - Attempting to stop container services.
2019-09-11 05:30:17,018 [ForkJoinPool.commonPool-worker-1] INFO  impl.RaftServerProxy (RaftServerProxy.java:lambda$close$4(314)) - b5c94862-e767-4e3a-a577-422bae381862: close
2019-09-11 05:30:17,019 [ForkJoinPool.commonPool-worker-1] INFO  impl.RaftServerImpl (RaftServerImpl.java:lambda$shutdown$3(251)) - b5c94862-e767-4e3a-a577-422bae381862@group-4FA428F28DBC: shutdown
2019-09-11 05:30:17,019 [ForkJoinPool.commonPool-worker-1] INFO  util.JmxRegister (JmxRegister.java:unregister(73)) - Successfully un-registered JMX Bean with object name Ratis:service=RaftServer,group=group-4FA428F28DBC,id=b5c94862-e767-4e3a-a577-422bae381862
2019-09-11 05:30:17,019 [ForkJoinPool.commonPool-worker-1] INFO  impl.RoleInfo (RoleInfo.java:shutdownLeaderState(104)) - b5c94862-e767-4e3a-a577-422bae381862: shutdown LeaderState
2019-09-11 05:30:17,019 [ForkJoinPool.commonPool-worker-1] INFO  impl.PendingRequests (PendingRequests.java:sendNotLeaderResponses(202)) - b5c94862-e767-4e3a-a577-422bae381862-PendingRequests: sendNotLeaderResponses
2019-09-11 05:30:17,020 [ForkJoinPool.commonPool-worker-1] INFO  impl.StateMachineUpdater (StateMachineUpdater.java:stopAndJoin(125)) - b5c94862-e767-4e3a-a577-422bae381862@group-4FA428F28DBC-StateMachineUpdater: set stopIndex = 0
2019-09-11 05:30:17,020 [ForkJoinPool.commonPool-worker-1] INFO  impl.RaftServerImpl (ServerState.java:close(385)) - b5c94862-e767-4e3a-a577-422bae381862@group-4FA428F28DBC: closes. applyIndex: 0
2019-09-11 05:30:17,021 [b5c94862-e767-4e3a-a577-422bae381862@group-4FA428F28DBC-SegmentedRaftLogWorker] INFO  segmented.SegmentedRaftLogWorker (SegmentedRaftLogWorker.java:run(313)) - b5c94862-e767-4e3a-a577-422bae381862@group-4FA428F28DBC-SegmentedRaftLogWorker was interrupted, exiting. There are 0 tasks remaining in the queue.
2019-09-11 05:30:17,025 [ForkJoinPool.commonPool-worker-1] INFO  segmented.SegmentedRaftLogWorker (SegmentedRaftLogWorker.java:close(228)) - b5c94862-e767-4e3a-a577-422bae381862@group-4FA428F28DBC-SegmentedRaftLogWorker close()
2019-09-11 05:30:17,025 [main] INFO  segmented.SegmentedRaftLogWorker (SegmentedRaftLogWorker.java:close(228)) - 33471566-8842-41e4-bba3-9cc287622f4a@group-00994406B9A2-SegmentedRaftLogWorker close()
2019-09-11 05:30:17,027 [ForkJoinPool.commonPool-worker-1] INFO  impl.RaftServerImpl (RaftServerImpl.java:lambda$shutdown$3(251)) - b5c94862-e767-4e3a-a577-422bae381862@group-DBCF7A494882: shutdown
2019-09-11 05:30:17,028 [main] INFO  impl.RaftServerImpl (RaftServerImpl.java:lambda$shutdown$3(251)) - 33471566-8842-41e4-bba3-9cc287622f4a@group-1462A9A3068C: shutdown
2019-09-11 05:30:17,028 [ForkJoinPool.commonPool-worker-1] INFO  util.JmxRegister (JmxRegister.java:unregister(73)) - Successfully un-registered JMX Bean with object name Ratis:service=RaftServer,group=group-DBCF7A494882,id=b5c94862-e767-4e3a-a577-422bae381862
2019-09-11 05:30:17,029 [main] INFO  util.JmxRegister (JmxRegister.java:unregister(73)) - Successfully un-registered JMX Bean with object name Ratis:service=RaftServer,group=group-1462A9A3068C,id=33471566-8842-41e4-bba3-9cc287622f4a
2019-09-11 05:30:17,029 [ForkJoinPool.commonPool-worker-1] INFO  impl.RoleInfo (RoleInfo.java:shutdownFollowerState(121)) - b5c94862-e767-4e3a-a577-422bae381862: shutdown FollowerState
2019-09-11 05:30:17,029 [main] INFO  impl.RoleInfo (RoleInfo.java:shutdownLeaderState(104)) - 33471566-8842-41e4-bba3-9cc287622f4a: shutdown LeaderState
2019-09-11 05:30:17,030 [Thread-413] INFO  impl.FollowerState (FollowerState.java:run(115)) - b5c94862-e767-4e3a-a577-422bae381862: FollowerState was interrupted: java.lang.InterruptedException: sleep interrupted
2019-09-11 05:30:17,030 [b5c94862-e767-4e3a-a577-422bae381862@group-DBCF7A494882-StateMachineUpdater] INFO  ratis.ContainerStateMachine (ContainerStateMachine.java:takeSnapshot(289)) - group-DBCF7A494882: Taking a snapshot at:(t:2, i:13) file /workdir/hadoop-ozone/integration-test/target/test-dir/MiniOzoneClusterImpl-712b11b3-5514-48f8-84a2-2435d4ba870b/datanode-4/data/ratis/6722f481-4fb1-4cfa-9877-dbcf7a494882/sm/snapshot.2_13
2019-09-11 05:30:17,030 [ForkJoinPool.commonPool-worker-1] INFO  impl.StateMachineUpdater (StateMachineUpdater.java:stopAndJoin(125)) - b5c94862-e767-4e3a-a577-422bae381862@group-DBCF7A494882-StateMachineUpdater: set stopIndex = 15
2019-09-11 05:30:17,030 [main] INFO  impl.PendingRequests (PendingRequests.java:sendNotLeaderResponses(202)) - 33471566-8842-41e4-bba3-9cc287622f4a-PendingRequests: sendNotLeaderResponses
2019-09-11 05:30:17,032 [main] INFO  impl.StateMachineUpdater (StateMachineUpdater.java:stopAndJoin(125)) - 33471566-8842-41e4-bba3-9cc287622f4a@group-1462A9A3068C-StateMachineUpdater: set stopIndex = 0
2019-09-11 05:30:17,033 [main] INFO  impl.RaftServerImpl (ServerState.java:close(385)) - 33471566-8842-41e4-bba3-9cc287622f4a@group-1462A9A3068C: closes. applyIndex: 0
2019-09-11 05:30:17,033 [33471566-8842-41e4-bba3-9cc287622f4a@group-1462A9A3068C-SegmentedRaftLogWorker] INFO  segmented.SegmentedRaftLogWorker (SegmentedRaftLogWorker.java:run(313)) - 33471566-8842-41e4-bba3-9cc287622f4a@group-1462A9A3068C-SegmentedRaftLogWorker was interrupted, exiting. There are 0 tasks remaining in the queue.
2019-09-11 05:30:17,033 [main] INFO  segmented.SegmentedRaftLogWorker (SegmentedRaftLogWorker.java:close(228)) - 33471566-8842-41e4-bba3-9cc287622f4a@group-1462A9A3068C-SegmentedRaftLogWorker close()
2019-09-11 05:30:17,035 [main] INFO  server.GrpcService (GrpcService.java:closeImpl(164)) - 33471566-8842-41e4-bba3-9cc287622f4a: shutdown server with port 43770 now
2019-09-11 05:30:17,036 [main] INFO  server.GrpcService (GrpcService.java:closeImpl(172)) - 33471566-8842-41e4-bba3-9cc287622f4a: shutdown server with port 43770 successfully
2019-09-11 05:30:17,041 [refreshUsed-/workdir/hadoop-ozone/integration-test/target/test-dir/MiniOzoneClusterImpl-712b11b3-5514-48f8-84a2-2435d4ba870b/datanode-8/data/containers] WARN  fs.CachingGetSpaceUsed (CachingGetSpaceUsed.java:run(183)) - Thread Interrupted waiting to refresh disk information: sleep interrupted
2019-09-11 05:30:17,044 [b5c94862-e767-4e3a-a577-422bae381862@group-DBCF7A494882-StateMachineUpdater] INFO  ratis.ContainerStateMachine (ContainerStateMachine.java:takeSnapshot(300)) - group-DBCF7A494882: Finished taking a snapshot at:(t:2, i:13) file:/workdir/hadoop-ozone/integration-test/target/test-dir/MiniOzoneClusterImpl-712b11b3-5514-48f8-84a2-2435d4ba870b/datanode-4/data/ratis/6722f481-4fb1-4cfa-9877-dbcf7a494882/sm/snapshot.2_13 time:14
2019-09-11 05:30:17,044 [b5c94862-e767-4e3a-a577-422bae381862@group-DBCF7A494882-StateMachineUpdater] INFO  impl.StateMachineUpdater (StateMachineUpdater.java:takeSnapshot(258)) - b5c94862-e767-4e3a-a577-422bae381862@group-DBCF7A494882-StateMachineUpdater: Took a snapshot at index 13
2019-09-11 05:30:17,044 [b5c94862-e767-4e3a-a577-422bae381862@group-DBCF7A494882-StateMachineUpdater] INFO  impl.StateMachineUpdater (StateMachineUpdater.java:lambda$new$0(83)) - b5c94862-e767-4e3a-a577-422bae381862@group-DBCF7A494882-StateMachineUpdater: snapshotIndex: updateIncreasingly -1 -> 13
2019-09-11 05:30:17,044 [b5c94862-e767-4e3a-a577-422bae381862@group-DBCF7A494882-StateMachineUpdater] INFO  ratis.ContainerStateMachine (ContainerStateMachine.java:takeSnapshot(289)) - group-DBCF7A494882: Taking a snapshot at:(t:2, i:13) file /workdir/hadoop-ozone/integration-test/target/test-dir/MiniOzoneClusterImpl-712b11b3-5514-48f8-84a2-2435d4ba870b/datanode-4/data/ratis/6722f481-4fb1-4cfa-9877-dbcf7a494882/sm/snapshot.2_13
2019-09-11 05:30:17,047 [b5c94862-e767-4e3a-a577-422bae381862@group-DBCF7A494882-StateMachineUpdater] INFO  ratis.ContainerStateMachine (ContainerStateMachine.java:takeSnapshot(300)) - group-DBCF7A494882: Finished taking a snapshot at:(t:2, i:13) file:/workdir/hadoop-ozone/integration-test/target/test-dir/MiniOzoneClusterImpl-712b11b3-5514-48f8-84a2-2435d4ba870b/datanode-4/data/ratis/6722f481-4fb1-4cfa-9877-dbcf7a494882/sm/snapshot.2_13 time:2
2019-09-11 05:30:17,047 [b5c94862-e767-4e3a-a577-422bae381862@group-DBCF7A494882-StateMachineUpdater] INFO  impl.StateMachineUpdater (StateMachineUpdater.java:takeSnapshot(258)) - b5c94862-e767-4e3a-a577-422bae381862@group-DBCF7A494882-StateMachineUpdater: Took a snapshot at index 13
2019-09-11 05:30:17,047 [b5c94862-e767-4e3a-a577-422bae381862@group-DBCF7A494882-StateMachineUpdater] INFO  impl.StateMachineUpdater (StateMachineUpdater.java:lambda$new$0(83)) - b5c94862-e767-4e3a-a577-422bae381862@group-DBCF7A494882-StateMachineUpdater: snapshotIndex: updateIncreasingly 13 -> 13
2019-09-11 05:30:17,048 [ForkJoinPool.commonPool-worker-1] INFO  impl.RaftServerImpl (ServerState.java:close(385)) - b5c94862-e767-4e3a-a577-422bae381862@group-DBCF7A494882: closes. applyIndex: 15
2019-09-11 05:30:17,049 [b5c94862-e767-4e3a-a577-422bae381862@group-DBCF7A494882-SegmentedRaftLogWorker] ERROR ratis.XceiverServerRatis (XceiverServerRatis.java:triggerPipelineClose(568)) - pipeline Action CLOSE  on pipeline PipelineID=6722f481-4fb1-4cfa-9877-dbcf7a494882.Reason : WriteLog:18: (t:2, i:18), STATEMACHINELOGENTRY, client-876F6FC8C029, cid=43-writeStateMachineData interrupted.
2019-09-11 05:30:17,051 [ForkJoinPool.commonPool-worker-1] INFO  segmented.SegmentedRaftLogWorker (SegmentedRaftLogWorker.java:close(228)) - b5c94862-e767-4e3a-a577-422bae381862@group-DBCF7A494882-SegmentedRaftLogWorker close()
2019-09-11 05:30:17,052 [ForkJoinPool.commonPool-worker-1] INFO  server.GrpcService (GrpcService.java:closeImpl(164)) - b5c94862-e767-4e3a-a577-422bae381862: shutdown server with port 46265 now
2019-09-11 05:30:17,053 [grpc-default-executor-5] WARN  server.GrpcServerProtocolService (LogUtils.java:warn(134)) - b5c94862-e767-4e3a-a577-422bae381862: installSnapshot onError, lastRequest: 4923db37-afc5-4a4b-9e0e-3e0e64c6efbc->b5c94862-e767-4e3a-a577-422bae381862#175-t2, previous=(t:2, i:19), leaderCommit=15, initializing? false, entries: <empty>: org.apache.ratis.thirdparty.io.grpc.StatusRuntimeException: CANCELLED: cancelled before receiving half close
2019-09-11 05:30:17,054 [grpc-default-executor-4] WARN  server.GrpcLogAppender (LogUtils.java:warn(134)) - 4923db37-afc5-4a4b-9e0e-3e0e64c6efbc@group-DBCF7A494882->b5c94862-e767-4e3a-a577-422bae381862-AppendLogResponseHandler: Failed appendEntries: org.apache.ratis.thirdparty.io.grpc.StatusRuntimeException: CANCELLED: HTTP/2 error code: CANCEL
Received Rst Stream
2019-09-11 05:30:17,053 [ForkJoinPool.commonPool-worker-1] INFO  server.GrpcService (GrpcService.java:closeImpl(172)) - b5c94862-e767-4e3a-a577-422bae381862: shutdown server with port 46265 successfully
2019-09-11 05:30:17,054 [grpc-default-executor-4] INFO  impl.FollowerInfo (FollowerInfo.java:lambda$new$0(51)) - 4923db37-afc5-4a4b-9e0e-3e0e64c6efbc@group-DBCF7A494882->b5c94862-e767-4e3a-a577-422bae381862: nextIndex: updateUnconditionally 20 -> 16
2019-09-11 05:30:17,056 [refreshUsed-/workdir/hadoop-ozone/integration-test/target/test-dir/MiniOzoneClusterImpl-712b11b3-5514-48f8-84a2-2435d4ba870b/datanode-4/data/containers] WARN  fs.CachingGetSpaceUsed (CachingGetSpaceUsed.java:run(183)) - Thread Interrupted waiting to refresh disk information: sleep interrupted
2019-09-11 05:30:17,065 [main] INFO  utils.BackgroundService (BackgroundService.java:shutdown(148)) - Shutting down service BlockDeletingService
2019-09-11 05:30:17,069 [main] INFO  statemachine.DatanodeStateMachine (DatanodeStateMachine.java:stopDaemon(395)) - Ozone container server stopped.
2019-09-11 05:30:17,072 [main] INFO  handler.ContextHandler (ContextHandler.java:doStop(910)) - Stopped o.e.j.w.WebAppContext@4b0f2299{/,null,UNAVAILABLE}{/hddsDatanode}
2019-09-11 05:30:17,077 [main] INFO  server.AbstractConnector (AbstractConnector.java:doStop(318)) - Stopped ServerConnector@33063f5b{HTTP/1.1,[http/1.1]}{0.0.0.0:0}
2019-09-11 05:30:17,078 [main] INFO  handler.ContextHandler (ContextHandler.java:doStop(910)) - Stopped o.e.j.s.ServletContextHandler@58740366{/static,jar:file:/home/user/.m2/repository/org/apache/hadoop/hadoop-hdds-container-service/0.5.0-SNAPSHOT/hadoop-hdds-container-service-0.5.0-SNAPSHOT.jar!/webapps/static,UNAVAILABLE}
2019-09-11 05:30:17,079 [main] INFO  handler.ContextHandler (ContextHandler.java:doStop(910)) - Stopped o.e.j.s.ServletContextHandler@176f7f3b{/logs,file:///workdir/hadoop-ozone/integration-test/target/log,UNAVAILABLE}
2019-09-11 05:30:17,082 [ForkJoinPool.commonPool-worker-1] INFO  utils.BackgroundService (BackgroundService.java:shutdown(148)) - Shutting down service BlockDeletingService
2019-09-11 05:30:17,086 [ForkJoinPool.commonPool-worker-1] INFO  statemachine.DatanodeStateMachine (DatanodeStateMachine.java:stopDaemon(395)) - Ozone container server stopped.
2019-09-11 05:30:17,089 [ForkJoinPool.commonPool-worker-1] INFO  handler.ContextHandler (ContextHandler.java:doStop(910)) - Stopped o.e.j.w.WebAppContext@38ed139b{/,null,UNAVAILABLE}{/hddsDatanode}
2019-09-11 05:30:17,090 [ForkJoinPool.commonPool-worker-1] INFO  server.AbstractConnector (AbstractConnector.java:doStop(318)) - Stopped ServerConnector@a5272be{HTTP/1.1,[http/1.1]}{0.0.0.0:0}
2019-09-11 05:30:17,091 [ForkJoinPool.commonPool-worker-1] INFO  handler.ContextHandler (ContextHandler.java:doStop(910)) - Stopped o.e.j.s.ServletContextHandler@6c0e13b7{/static,jar:file:/home/user/.m2/repository/org/apache/hadoop/hadoop-hdds-container-service/0.5.0-SNAPSHOT/hadoop-hdds-container-service-0.5.0-SNAPSHOT.jar!/webapps/static,UNAVAILABLE}
2019-09-11 05:30:17,092 [ForkJoinPool.commonPool-worker-1] INFO  handler.ContextHandler (ContextHandler.java:doStop(910)) - Stopped o.e.j.s.ServletContextHandler@77a074b4{/logs,file:///workdir/hadoop-ozone/integration-test/target/log,UNAVAILABLE}
2019-09-11 05:30:17,124 [grpc-default-executor-2] WARN  server.GrpcLogAppender (LogUtils.java:warn(134)) - 4923db37-afc5-4a4b-9e0e-3e0e64c6efbc@group-DBCF7A494882->fa5ee157-3b80-4774-adcc-f01234ebded8-AppendLogResponseHandler: Failed appendEntries: org.apache.ratis.thirdparty.io.grpc.StatusRuntimeException: UNAVAILABLE: io exception
2019-09-11 05:30:17,124 [grpc-default-executor-1] WARN  server.GrpcLogAppender (LogUtils.java:warn(134)) - 4923db37-afc5-4a4b-9e0e-3e0e64c6efbc@group-DBCF7A494882->b5c94862-e767-4e3a-a577-422bae381862-AppendLogResponseHandler: Failed appendEntries: org.apache.ratis.thirdparty.io.grpc.StatusRuntimeException: UNAVAILABLE: io exception
2019-09-11 05:30:17,126 [grpc-default-executor-2] INFO  impl.FollowerInfo (FollowerInfo.java:lambda$new$0(51)) - 4923db37-afc5-4a4b-9e0e-3e0e64c6efbc@group-DBCF7A494882->fa5ee157-3b80-4774-adcc-f01234ebded8: nextIndex: updateUnconditionally 0 -> 0
2019-09-11 05:30:17,128 [grpc-default-executor-1] INFO  impl.FollowerInfo (FollowerInfo.java:lambda$new$0(51)) - 4923db37-afc5-4a4b-9e0e-3e0e64c6efbc@group-DBCF7A494882->b5c94862-e767-4e3a-a577-422bae381862: nextIndex: updateUnconditionally 16 -> 15
2019-09-11 05:30:17,536 [Datanode State Machine Thread - 0] INFO  statemachine.DatanodeStateMachine (DatanodeStateMachine.java:lambda$startDaemon$0(350)) - Ozone container server started.
2019-09-11 05:30:17,626 [grpc-default-executor-9] WARN  server.GrpcLogAppender (LogUtils.java:warn(134)) - 4923db37-afc5-4a4b-9e0e-3e0e64c6efbc@group-DBCF7A494882->b5c94862-e767-4e3a-a577-422bae381862-AppendLogResponseHandler: Failed appendEntries: org.apache.ratis.thirdparty.io.grpc.StatusRuntimeException: UNAVAILABLE: io exception
2019-09-11 05:30:17,626 [grpc-default-executor-8] WARN  server.GrpcLogAppender (LogUtils.java:warn(134)) - 4923db37-afc5-4a4b-9e0e-3e0e64c6efbc@group-DBCF7A494882->fa5ee157-3b80-4774-adcc-f01234ebded8-AppendLogResponseHandler: Failed appendEntries: org.apache.ratis.thirdparty.io.grpc.StatusRuntimeException: UNAVAILABLE: io exception
2019-09-11 05:30:17,628 [grpc-default-executor-9] INFO  impl.FollowerInfo (FollowerInfo.java:lambda$new$0(51)) - 4923db37-afc5-4a4b-9e0e-3e0e64c6efbc@group-DBCF7A494882->b5c94862-e767-4e3a-a577-422bae381862: nextIndex: updateUnconditionally 15 -> 14
2019-09-11 05:30:17,629 [grpc-default-executor-8] INFO  impl.FollowerInfo (FollowerInfo.java:lambda$new$0(51)) - 4923db37-afc5-4a4b-9e0e-3e0e64c6efbc@group-DBCF7A494882->fa5ee157-3b80-4774-adcc-f01234ebded8: nextIndex: updateUnconditionally 0 -> 0
2019-09-11 05:30:17,877 [Datanode State Machine Thread - 0] INFO  statemachine.DatanodeStateMachine (DatanodeStateMachine.java:lambda$startDaemon$0(350)) - Ozone container server started.
2019-09-11 05:30:18,126 [grpc-default-executor-5] WARN  server.GrpcLogAppender (LogUtils.java:warn(134)) - 4923db37-afc5-4a4b-9e0e-3e0e64c6efbc@group-DBCF7A494882->fa5ee157-3b80-4774-adcc-f01234ebded8-AppendLogResponseHandler: Failed appendEntries: org.apache.ratis.thirdparty.io.grpc.StatusRuntimeException: UNAVAILABLE: io exception
2019-09-11 05:30:18,126 [grpc-default-executor-9] WARN  server.GrpcLogAppender (LogUtils.java:warn(134)) - 4923db37-afc5-4a4b-9e0e-3e0e64c6efbc@group-DBCF7A494882->b5c94862-e767-4e3a-a577-422bae381862-AppendLogResponseHandler: Failed appendEntries: org.apache.ratis.thirdparty.io.grpc.StatusRuntimeException: UNAVAILABLE: io exception
2019-09-11 05:30:18,128 [grpc-default-executor-5] INFO  impl.FollowerInfo (FollowerInfo.java:lambda$new$0(51)) - 4923db37-afc5-4a4b-9e0e-3e0e64c6efbc@group-DBCF7A494882->fa5ee157-3b80-4774-adcc-f01234ebded8: nextIndex: updateUnconditionally 0 -> 0
2019-09-11 05:30:18,129 [grpc-default-executor-9] INFO  impl.FollowerInfo (FollowerInfo.java:lambda$new$0(51)) - 4923db37-afc5-4a4b-9e0e-3e0e64c6efbc@group-DBCF7A494882->b5c94862-e767-4e3a-a577-422bae381862: nextIndex: updateUnconditionally 14 -> 13
2019-09-11 05:30:18,627 [grpc-default-executor-8] WARN  server.GrpcLogAppender (LogUtils.java:warn(134)) - 4923db37-afc5-4a4b-9e0e-3e0e64c6efbc@group-DBCF7A494882->fa5ee157-3b80-4774-adcc-f01234ebded8-AppendLogResponseHandler: Failed appendEntries: org.apache.ratis.thirdparty.io.grpc.StatusRuntimeException: UNAVAILABLE: io exception
2019-09-11 05:30:18,627 [grpc-default-executor-1] WARN  server.GrpcLogAppender (LogUtils.java:warn(134)) - 4923db37-afc5-4a4b-9e0e-3e0e64c6efbc@group-DBCF7A494882->b5c94862-e767-4e3a-a577-422bae381862-AppendLogResponseHandler: Failed appendEntries: org.apache.ratis.thirdparty.io.grpc.StatusRuntimeException: UNAVAILABLE: io exception
2019-09-11 05:30:18,631 [grpc-default-executor-8] INFO  impl.FollowerInfo (FollowerInfo.java:lambda$new$0(51)) - 4923db37-afc5-4a4b-9e0e-3e0e64c6efbc@group-DBCF7A494882->fa5ee157-3b80-4774-adcc-f01234ebded8: nextIndex: updateUnconditionally 0 -> 0
2019-09-11 05:30:18,631 [grpc-default-executor-1] INFO  impl.FollowerInfo (FollowerInfo.java:lambda$new$0(51)) - 4923db37-afc5-4a4b-9e0e-3e0e64c6efbc@group-DBCF7A494882->b5c94862-e767-4e3a-a577-422bae381862: nextIndex: updateUnconditionally 13 -> 12
2019-09-11 05:30:19,128 [grpc-default-executor-9] WARN  server.GrpcLogAppender (LogUtils.java:warn(134)) - 4923db37-afc5-4a4b-9e0e-3e0e64c6efbc@group-DBCF7A494882->fa5ee157-3b80-4774-adcc-f01234ebded8-AppendLogResponseHandler: Failed appendEntries: org.apache.ratis.thirdparty.io.grpc.StatusRuntimeException: UNAVAILABLE: io exception
2019-09-11 05:30:19,128 [grpc-default-executor-8] WARN  server.GrpcLogAppender (LogUtils.java:warn(134)) - 4923db37-afc5-4a4b-9e0e-3e0e64c6efbc@group-DBCF7A494882->b5c94862-e767-4e3a-a577-422bae381862-AppendLogResponseHandler: Failed appendEntries: org.apache.ratis.thirdparty.io.grpc.StatusRuntimeException: UNAVAILABLE: io exception
2019-09-11 05:30:19,130 [grpc-default-executor-9] INFO  impl.FollowerInfo (FollowerInfo.java:lambda$new$0(51)) - 4923db37-afc5-4a4b-9e0e-3e0e64c6efbc@group-DBCF7A494882->fa5ee157-3b80-4774-adcc-f01234ebded8: nextIndex: updateUnconditionally 0 -> 0
2019-09-11 05:30:19,132 [grpc-default-executor-8] INFO  impl.FollowerInfo (FollowerInfo.java:lambda$new$0(51)) - 4923db37-afc5-4a4b-9e0e-3e0e64c6efbc@group-DBCF7A494882->b5c94862-e767-4e3a-a577-422bae381862: nextIndex: updateUnconditionally 12 -> 11
2019-09-11 05:30:19,634 [grpc-default-executor-1] WARN  server.GrpcLogAppender (LogUtils.java:warn(134)) - 4923db37-afc5-4a4b-9e0e-3e0e64c6efbc@group-DBCF7A494882->fa5ee157-3b80-4774-adcc-f01234ebded8-AppendLogResponseHandler: Failed appendEntries: org.apache.ratis.thirdparty.io.grpc.StatusRuntimeException: UNAVAILABLE: io exception
2019-09-11 05:30:19,634 [grpc-default-executor-2] WARN  server.GrpcLogAppender (LogUtils.java:warn(134)) - 4923db37-afc5-4a4b-9e0e-3e0e64c6efbc@group-DBCF7A494882->b5c94862-e767-4e3a-a577-422bae381862-AppendLogResponseHandler: Failed appendEntries: org.apache.ratis.thirdparty.io.grpc.StatusRuntimeException: UNAVAILABLE: io exception
2019-09-11 05:30:19,642 [grpc-default-executor-1] INFO  impl.FollowerInfo (FollowerInfo.java:lambda$new$0(51)) - 4923db37-afc5-4a4b-9e0e-3e0e64c6efbc@group-DBCF7A494882->fa5ee157-3b80-4774-adcc-f01234ebded8: nextIndex: updateUnconditionally 0 -> 0
2019-09-11 05:30:19,642 [grpc-default-executor-2] INFO  impl.FollowerInfo (FollowerInfo.java:lambda$new$0(51)) - 4923db37-afc5-4a4b-9e0e-3e0e64c6efbc@group-DBCF7A494882->b5c94862-e767-4e3a-a577-422bae381862: nextIndex: updateUnconditionally 11 -> 10
2019-09-11 05:30:19,879 [4923db37-afc5-4a4b-9e0e-3e0e64c6efbc@group-DBCF7A494882-SegmentedRaftLogWorker] WARN  segmented.SegmentedRaftLogWorker (SegmentedRaftLogWorker.java:getFromFuture(90)) - Timeout 5/~
org.apache.ratis.protocol.TimeoutIOException: Timeout 10s: WriteLog:18: (t:2, i:18), STATEMACHINELOGENTRY, client-876F6FC8C029, cid=43-writeStateMachineData
	at org.apache.ratis.util.IOUtils.getFromFuture(IOUtils.java:87)
	at org.apache.ratis.server.raftlog.segmented.SegmentedRaftLogWorker$StateMachineDataPolicy.getFromFuture(SegmentedRaftLogWorker.java:87)
	at org.apache.ratis.server.raftlog.segmented.SegmentedRaftLogWorker$WriteLog.execute(SegmentedRaftLogWorker.java:477)
	at org.apache.ratis.server.raftlog.segmented.SegmentedRaftLogWorker.run(SegmentedRaftLogWorker.java:289)
	at java.lang.Thread.run(Thread.java:748)
Caused by: java.util.concurrent.TimeoutException
	at java.util.concurrent.CompletableFuture.timedGet(CompletableFuture.java:1771)
	at java.util.concurrent.CompletableFuture.get(CompletableFuture.java:1915)
	at org.apache.ratis.util.IOUtils.getFromFuture(IOUtils.java:79)
	... 4 more
2019-09-11 05:30:20,133 [grpc-default-executor-8] WARN  server.GrpcLogAppender (LogUtils.java:warn(134)) - 4923db37-afc5-4a4b-9e0e-3e0e64c6efbc@group-DBCF7A494882->fa5ee157-3b80-4774-adcc-f01234ebded8-AppendLogResponseHandler: Failed appendEntries: org.apache.ratis.thirdparty.io.grpc.StatusRuntimeException: UNAVAILABLE: io exception
2019-09-11 05:30:20,133 [grpc-default-executor-5] WARN  server.GrpcLogAppender (LogUtils.java:warn(134)) - 4923db37-afc5-4a4b-9e0e-3e0e64c6efbc@group-DBCF7A494882->b5c94862-e767-4e3a-a577-422bae381862-AppendLogResponseHandler: Failed appendEntries: org.apache.ratis.thirdparty.io.grpc.StatusRuntimeException: UNAVAILABLE: io exception
2019-09-11 05:30:20,135 [grpc-default-executor-8] INFO  impl.FollowerInfo (FollowerInfo.java:lambda$new$0(51)) - 4923db37-afc5-4a4b-9e0e-3e0e64c6efbc@group-DBCF7A494882->fa5ee157-3b80-4774-adcc-f01234ebded8: nextIndex: updateUnconditionally 0 -> 0
2019-09-11 05:30:20,137 [grpc-default-executor-5] INFO  impl.FollowerInfo (FollowerInfo.java:lambda$new$0(51)) - 4923db37-afc5-4a4b-9e0e-3e0e64c6efbc@group-DBCF7A494882->b5c94862-e767-4e3a-a577-422bae381862: nextIndex: updateUnconditionally 10 -> 9
2019-09-11 05:30:20,634 [grpc-default-executor-2] WARN  server.GrpcLogAppender (LogUtils.java:warn(134)) - 4923db37-afc5-4a4b-9e0e-3e0e64c6efbc@group-DBCF7A494882->fa5ee157-3b80-4774-adcc-f01234ebded8-AppendLogResponseHandler: Failed appendEntries: org.apache.ratis.thirdparty.io.grpc.StatusRuntimeException: UNAVAILABLE: io exception
2019-09-11 05:30:20,634 [grpc-default-executor-1] WARN  server.GrpcLogAppender (LogUtils.java:warn(134)) - 4923db37-afc5-4a4b-9e0e-3e0e64c6efbc@group-DBCF7A494882->b5c94862-e767-4e3a-a577-422bae381862-AppendLogResponseHandler: Failed appendEntries: org.apache.ratis.thirdparty.io.grpc.StatusRuntimeException: UNAVAILABLE: io exception
2019-09-11 05:30:20,636 [grpc-default-executor-2] INFO  impl.FollowerInfo (FollowerInfo.java:lambda$new$0(51)) - 4923db37-afc5-4a4b-9e0e-3e0e64c6efbc@group-DBCF7A494882->fa5ee157-3b80-4774-adcc-f01234ebded8: nextIndex: updateUnconditionally 0 -> 0
2019-09-11 05:30:20,637 [grpc-default-executor-1] INFO  impl.FollowerInfo (FollowerInfo.java:lambda$new$0(51)) - 4923db37-afc5-4a4b-9e0e-3e0e64c6efbc@group-DBCF7A494882->b5c94862-e767-4e3a-a577-422bae381862: nextIndex: updateUnconditionally 9 -> 8
2019-09-11 05:30:21,136 [grpc-default-executor-4] WARN  server.GrpcLogAppender (LogUtils.java:warn(134)) - 4923db37-afc5-4a4b-9e0e-3e0e64c6efbc@group-DBCF7A494882->b5c94862-e767-4e3a-a577-422bae381862-AppendLogResponseHandler: Failed appendEntries: org.apache.ratis.thirdparty.io.grpc.StatusRuntimeException: UNAVAILABLE: io exception
2019-09-11 05:30:21,136 [grpc-default-executor-9] WARN  server.GrpcLogAppender (LogUtils.java:warn(134)) - 4923db37-afc5-4a4b-9e0e-3e0e64c6efbc@group-DBCF7A494882->fa5ee157-3b80-4774-adcc-f01234ebded8-AppendLogResponseHandler: Failed appendEntries: org.apache.ratis.thirdparty.io.grpc.StatusRuntimeException: UNAVAILABLE: io exception
2019-09-11 05:30:21,143 [grpc-default-executor-4] INFO  impl.FollowerInfo (FollowerInfo.java:lambda$new$0(51)) - 4923db37-afc5-4a4b-9e0e-3e0e64c6efbc@group-DBCF7A494882->b5c94862-e767-4e3a-a577-422bae381862: nextIndex: updateUnconditionally 8 -> 7
2019-09-11 05:30:21,143 [grpc-default-executor-9] INFO  impl.FollowerInfo (FollowerInfo.java:lambda$new$0(51)) - 4923db37-afc5-4a4b-9e0e-3e0e64c6efbc@group-DBCF7A494882->fa5ee157-3b80-4774-adcc-f01234ebded8: nextIndex: updateUnconditionally 0 -> 0
2019-09-11 05:30:21,654 [grpc-default-executor-2] WARN  server.GrpcLogAppender (LogUtils.java:warn(134)) - 4923db37-afc5-4a4b-9e0e-3e0e64c6efbc@group-DBCF7A494882->fa5ee157-3b80-4774-adcc-f01234ebded8-AppendLogResponseHandler: Failed appendEntries: org.apache.ratis.thirdparty.io.grpc.StatusRuntimeException: UNAVAILABLE: io exception
2019-09-11 05:30:21,657 [grpc-default-executor-2] INFO  impl.FollowerInfo (FollowerInfo.java:lambda$new$0(51)) - 4923db37-afc5-4a4b-9e0e-3e0e64c6efbc@group-DBCF7A494882->fa5ee157-3b80-4774-adcc-f01234ebded8: nextIndex: updateUnconditionally 0 -> 0
2019-09-11 05:30:21,666 [grpc-default-executor-4] WARN  server.GrpcLogAppender (LogUtils.java:warn(134)) - 4923db37-afc5-4a4b-9e0e-3e0e64c6efbc@group-DBCF7A494882->b5c94862-e767-4e3a-a577-422bae381862-AppendLogResponseHandler: Failed appendEntries: org.apache.ratis.thirdparty.io.grpc.StatusRuntimeException: UNAVAILABLE: io exception
2019-09-11 05:30:21,671 [grpc-default-executor-4] INFO  impl.FollowerInfo (FollowerInfo.java:lambda$new$0(51)) - 4923db37-afc5-4a4b-9e0e-3e0e64c6efbc@group-DBCF7A494882->b5c94862-e767-4e3a-a577-422bae381862: nextIndex: updateUnconditionally 7 -> 6
2019-09-11 05:30:22,081 [main] INFO  ozoneimpl.OzoneContainer (OzoneContainer.java:stop(231)) - Attempting to stop container services.
2019-09-11 05:30:22,083 [main] INFO  impl.RaftServerProxy (RaftServerProxy.java:lambda$close$4(314)) - 4923db37-afc5-4a4b-9e0e-3e0e64c6efbc: close
2019-09-11 05:30:22,083 [main] INFO  impl.RaftServerImpl (RaftServerImpl.java:lambda$shutdown$3(251)) - 4923db37-afc5-4a4b-9e0e-3e0e64c6efbc@group-4DFE63ECAD42: shutdown
2019-09-11 05:30:22,084 [main] INFO  util.JmxRegister (JmxRegister.java:unregister(73)) - Successfully un-registered JMX Bean with object name Ratis:service=RaftServer,group=group-4DFE63ECAD42,id=4923db37-afc5-4a4b-9e0e-3e0e64c6efbc
2019-09-11 05:30:22,084 [main] INFO  impl.RoleInfo (RoleInfo.java:shutdownLeaderState(104)) - 4923db37-afc5-4a4b-9e0e-3e0e64c6efbc: shutdown LeaderState
2019-09-11 05:30:22,085 [main] INFO  impl.PendingRequests (PendingRequests.java:sendNotLeaderResponses(202)) - 4923db37-afc5-4a4b-9e0e-3e0e64c6efbc-PendingRequests: sendNotLeaderResponses
2019-09-11 05:30:22,086 [main] INFO  impl.StateMachineUpdater (StateMachineUpdater.java:stopAndJoin(125)) - 4923db37-afc5-4a4b-9e0e-3e0e64c6efbc@group-4DFE63ECAD42-StateMachineUpdater: set stopIndex = 0
2019-09-11 05:30:22,086 [main] INFO  impl.RaftServerImpl (ServerState.java:close(385)) - 4923db37-afc5-4a4b-9e0e-3e0e64c6efbc@group-4DFE63ECAD42: closes. applyIndex: 0
2019-09-11 05:30:22,087 [4923db37-afc5-4a4b-9e0e-3e0e64c6efbc@group-4DFE63ECAD42-SegmentedRaftLogWorker] INFO  segmented.SegmentedRaftLogWorker (SegmentedRaftLogWorker.java:run(313)) - 4923db37-afc5-4a4b-9e0e-3e0e64c6efbc@group-4DFE63ECAD42-SegmentedRaftLogWorker was interrupted, exiting. There are 0 tasks remaining in the queue.
2019-09-11 05:30:22,095 [ForkJoinPool.commonPool-worker-1] INFO  ozoneimpl.OzoneContainer (OzoneContainer.java:stop(231)) - Attempting to stop container services.
2019-09-11 05:30:22,095 [ForkJoinPool.commonPool-worker-1] INFO  impl.RaftServerProxy (RaftServerProxy.java:lambda$close$4(314)) - 1169a1ed-1394-44b2-9737-be9aad5bd237: close
2019-09-11 05:30:22,096 [ForkJoinPool.commonPool-worker-1] INFO  impl.RaftServerImpl (RaftServerImpl.java:lambda$shutdown$3(251)) - 1169a1ed-1394-44b2-9737-be9aad5bd237@group-D09C9DC86ED1: shutdown
2019-09-11 05:30:22,096 [ForkJoinPool.commonPool-worker-1] INFO  util.JmxRegister (JmxRegister.java:unregister(73)) - Successfully un-registered JMX Bean with object name Ratis:service=RaftServer,group=group-D09C9DC86ED1,id=1169a1ed-1394-44b2-9737-be9aad5bd237
2019-09-11 05:30:22,096 [ForkJoinPool.commonPool-worker-1] INFO  impl.RoleInfo (RoleInfo.java:shutdownLeaderState(104)) - 1169a1ed-1394-44b2-9737-be9aad5bd237: shutdown LeaderState
2019-09-11 05:30:22,096 [ForkJoinPool.commonPool-worker-1] INFO  impl.PendingRequests (PendingRequests.java:sendNotLeaderResponses(202)) - 1169a1ed-1394-44b2-9737-be9aad5bd237-PendingRequests: sendNotLeaderResponses
2019-09-11 05:30:22,096 [ForkJoinPool.commonPool-worker-1] INFO  impl.StateMachineUpdater (StateMachineUpdater.java:stopAndJoin(125)) - 1169a1ed-1394-44b2-9737-be9aad5bd237@group-D09C9DC86ED1-StateMachineUpdater: set stopIndex = 0
2019-09-11 05:30:22,097 [ForkJoinPool.commonPool-worker-1] INFO  impl.RaftServerImpl (ServerState.java:close(385)) - 1169a1ed-1394-44b2-9737-be9aad5bd237@group-D09C9DC86ED1: closes. applyIndex: 0
2019-09-11 05:30:22,097 [1169a1ed-1394-44b2-9737-be9aad5bd237@group-D09C9DC86ED1-SegmentedRaftLogWorker] INFO  segmented.SegmentedRaftLogWorker (SegmentedRaftLogWorker.java:run(313)) - 1169a1ed-1394-44b2-9737-be9aad5bd237@group-D09C9DC86ED1-SegmentedRaftLogWorker was interrupted, exiting. There are 0 tasks remaining in the queue.
2019-09-11 05:30:22,099 [ForkJoinPool.commonPool-worker-1] INFO  segmented.SegmentedRaftLogWorker (SegmentedRaftLogWorker.java:close(228)) - 1169a1ed-1394-44b2-9737-be9aad5bd237@group-D09C9DC86ED1-SegmentedRaftLogWorker close()
2019-09-11 05:30:22,099 [main] INFO  segmented.SegmentedRaftLogWorker (SegmentedRaftLogWorker.java:close(228)) - 4923db37-afc5-4a4b-9e0e-3e0e64c6efbc@group-4DFE63ECAD42-SegmentedRaftLogWorker close()
2019-09-11 05:30:22,103 [ForkJoinPool.commonPool-worker-1] INFO  impl.RaftServerImpl (RaftServerImpl.java:lambda$shutdown$3(251)) - 1169a1ed-1394-44b2-9737-be9aad5bd237@group-B7894EF2C8AA: shutdown
2019-09-11 05:30:22,104 [main] INFO  impl.RaftServerImpl (RaftServerImpl.java:lambda$shutdown$3(251)) - 4923db37-afc5-4a4b-9e0e-3e0e64c6efbc@group-DBCF7A494882: shutdown
2019-09-11 05:30:22,104 [ForkJoinPool.commonPool-worker-1] INFO  util.JmxRegister (JmxRegister.java:unregister(73)) - Successfully un-registered JMX Bean with object name Ratis:service=RaftServer,group=group-B7894EF2C8AA,id=1169a1ed-1394-44b2-9737-be9aad5bd237
2019-09-11 05:30:22,105 [main] INFO  util.JmxRegister (JmxRegister.java:unregister(73)) - Successfully un-registered JMX Bean with object name Ratis:service=RaftServer,group=group-DBCF7A494882,id=4923db37-afc5-4a4b-9e0e-3e0e64c6efbc
2019-09-11 05:30:22,105 [ForkJoinPool.commonPool-worker-1] INFO  impl.RoleInfo (RoleInfo.java:shutdownFollowerState(121)) - 1169a1ed-1394-44b2-9737-be9aad5bd237: shutdown FollowerState
2019-09-11 05:30:22,106 [main] INFO  impl.RoleInfo (RoleInfo.java:shutdownLeaderState(104)) - 4923db37-afc5-4a4b-9e0e-3e0e64c6efbc: shutdown LeaderState
2019-09-11 05:30:22,106 [1169a1ed-1394-44b2-9737-be9aad5bd237@group-B7894EF2C8AA-StateMachineUpdater] INFO  ratis.ContainerStateMachine (ContainerStateMachine.java:takeSnapshot(289)) - group-B7894EF2C8AA: Taking a snapshot at:(t:2, i:11) file /workdir/hadoop-ozone/integration-test/target/test-dir/MiniOzoneClusterImpl-712b11b3-5514-48f8-84a2-2435d4ba870b/datanode-1/data/ratis/b0a8c6ed-4bd3-40bd-ab3d-b7894ef2c8aa/sm/snapshot.2_11
2019-09-11 05:30:22,106 [Thread-411] INFO  impl.FollowerState (FollowerState.java:run(115)) - 1169a1ed-1394-44b2-9737-be9aad5bd237: FollowerState was interrupted: java.lang.InterruptedException: sleep interrupted
2019-09-11 05:30:22,106 [ForkJoinPool.commonPool-worker-1] INFO  impl.StateMachineUpdater (StateMachineUpdater.java:stopAndJoin(125)) - 1169a1ed-1394-44b2-9737-be9aad5bd237@group-B7894EF2C8AA-StateMachineUpdater: set stopIndex = 15
2019-09-11 05:30:22,109 [org.apache.ratis.server.impl.LogAppender$AppenderDaemon$$Lambda$554/1157250006@65394bf0] WARN  server.GrpcLogAppender (GrpcLogAppender.java:mayWait(143)) - 4923db37-afc5-4a4b-9e0e-3e0e64c6efbc@group-DBCF7A494882->b5c94862-e767-4e3a-a577-422bae381862-GrpcLogAppender: Wait interrupted by java.lang.InterruptedException
2019-09-11 05:30:22,109 [main] INFO  impl.PendingRequests (PendingRequests.java:sendNotLeaderResponses(202)) - 4923db37-afc5-4a4b-9e0e-3e0e64c6efbc-PendingRequests: sendNotLeaderResponses
2019-09-11 05:30:22,109 [org.apache.ratis.server.impl.LogAppender$AppenderDaemon$$Lambda$554/1157250006@41df09a5] WARN  server.GrpcLogAppender (GrpcLogAppender.java:mayWait(143)) - 4923db37-afc5-4a4b-9e0e-3e0e64c6efbc@group-DBCF7A494882->fa5ee157-3b80-4774-adcc-f01234ebded8-GrpcLogAppender: Wait interrupted by java.lang.InterruptedException
2019-09-11 05:30:22,115 [main] INFO  impl.StateMachineUpdater (StateMachineUpdater.java:stopAndJoin(125)) - 4923db37-afc5-4a4b-9e0e-3e0e64c6efbc@group-DBCF7A494882-StateMachineUpdater: set stopIndex = 15
2019-09-11 05:30:22,115 [4923db37-afc5-4a4b-9e0e-3e0e64c6efbc@group-DBCF7A494882-StateMachineUpdater] INFO  ratis.ContainerStateMachine (ContainerStateMachine.java:takeSnapshot(289)) - group-DBCF7A494882: Taking a snapshot at:(t:2, i:13) file /workdir/hadoop-ozone/integration-test/target/test-dir/MiniOzoneClusterImpl-712b11b3-5514-48f8-84a2-2435d4ba870b/datanode-9/data/ratis/6722f481-4fb1-4cfa-9877-dbcf7a494882/sm/snapshot.2_13
2019-09-11 05:30:22,124 [4923db37-afc5-4a4b-9e0e-3e0e64c6efbc@group-DBCF7A494882-StateMachineUpdater] INFO  ratis.ContainerStateMachine (ContainerStateMachine.java:takeSnapshot(300)) - group-DBCF7A494882: Finished taking a snapshot at:(t:2, i:13) file:/workdir/hadoop-ozone/integration-test/target/test-dir/MiniOzoneClusterImpl-712b11b3-5514-48f8-84a2-2435d4ba870b/datanode-9/data/ratis/6722f481-4fb1-4cfa-9877-dbcf7a494882/sm/snapshot.2_13 time:9
2019-09-11 05:30:22,124 [1169a1ed-1394-44b2-9737-be9aad5bd237@group-B7894EF2C8AA-StateMachineUpdater] INFO  ratis.ContainerStateMachine (ContainerStateMachine.java:takeSnapshot(300)) - group-B7894EF2C8AA: Finished taking a snapshot at:(t:2, i:11) file:/workdir/hadoop-ozone/integration-test/target/test-dir/MiniOzoneClusterImpl-712b11b3-5514-48f8-84a2-2435d4ba870b/datanode-1/data/ratis/b0a8c6ed-4bd3-40bd-ab3d-b7894ef2c8aa/sm/snapshot.2_11 time:18
2019-09-11 05:30:22,124 [4923db37-afc5-4a4b-9e0e-3e0e64c6efbc@group-DBCF7A494882-StateMachineUpdater] INFO  impl.StateMachineUpdater (StateMachineUpdater.java:takeSnapshot(258)) - 4923db37-afc5-4a4b-9e0e-3e0e64c6efbc@group-DBCF7A494882-StateMachineUpdater: Took a snapshot at index 13
2019-09-11 05:30:22,124 [1169a1ed-1394-44b2-9737-be9aad5bd237@group-B7894EF2C8AA-StateMachineUpdater] INFO  impl.StateMachineUpdater (StateMachineUpdater.java:takeSnapshot(258)) - 1169a1ed-1394-44b2-9737-be9aad5bd237@group-B7894EF2C8AA-StateMachineUpdater: Took a snapshot at index 11
2019-09-11 05:30:22,124 [4923db37-afc5-4a4b-9e0e-3e0e64c6efbc@group-DBCF7A494882-StateMachineUpdater] INFO  impl.StateMachineUpdater (StateMachineUpdater.java:lambda$new$0(83)) - 4923db37-afc5-4a4b-9e0e-3e0e64c6efbc@group-DBCF7A494882-StateMachineUpdater: snapshotIndex: updateIncreasingly -1 -> 13
2019-09-11 05:30:22,124 [1169a1ed-1394-44b2-9737-be9aad5bd237@group-B7894EF2C8AA-StateMachineUpdater] INFO  impl.StateMachineUpdater (StateMachineUpdater.java:lambda$new$0(83)) - 1169a1ed-1394-44b2-9737-be9aad5bd237@group-B7894EF2C8AA-StateMachineUpdater: snapshotIndex: updateIncreasingly -1 -> 11
2019-09-11 05:30:22,125 [4923db37-afc5-4a4b-9e0e-3e0e64c6efbc@group-DBCF7A494882-StateMachineUpdater] INFO  ratis.ContainerStateMachine (ContainerStateMachine.java:takeSnapshot(289)) - group-DBCF7A494882: Taking a snapshot at:(t:2, i:13) file /workdir/hadoop-ozone/integration-test/target/test-dir/MiniOzoneClusterImpl-712b11b3-5514-48f8-84a2-2435d4ba870b/datanode-9/data/ratis/6722f481-4fb1-4cfa-9877-dbcf7a494882/sm/snapshot.2_13
2019-09-11 05:30:22,125 [1169a1ed-1394-44b2-9737-be9aad5bd237@group-B7894EF2C8AA-StateMachineUpdater] INFO  ratis.ContainerStateMachine (ContainerStateMachine.java:takeSnapshot(289)) - group-B7894EF2C8AA: Taking a snapshot at:(t:2, i:11) file /workdir/hadoop-ozone/integration-test/target/test-dir/MiniOzoneClusterImpl-712b11b3-5514-48f8-84a2-2435d4ba870b/datanode-1/data/ratis/b0a8c6ed-4bd3-40bd-ab3d-b7894ef2c8aa/sm/snapshot.2_11
2019-09-11 05:30:22,138 [1169a1ed-1394-44b2-9737-be9aad5bd237@group-B7894EF2C8AA-StateMachineUpdater] INFO  ratis.ContainerStateMachine (ContainerStateMachine.java:takeSnapshot(300)) - group-B7894EF2C8AA: Finished taking a snapshot at:(t:2, i:11) file:/workdir/hadoop-ozone/integration-test/target/test-dir/MiniOzoneClusterImpl-712b11b3-5514-48f8-84a2-2435d4ba870b/datanode-1/data/ratis/b0a8c6ed-4bd3-40bd-ab3d-b7894ef2c8aa/sm/snapshot.2_11 time:13
2019-09-11 05:30:22,138 [1169a1ed-1394-44b2-9737-be9aad5bd237@group-B7894EF2C8AA-StateMachineUpdater] INFO  impl.StateMachineUpdater (StateMachineUpdater.java:takeSnapshot(258)) - 1169a1ed-1394-44b2-9737-be9aad5bd237@group-B7894EF2C8AA-StateMachineUpdater: Took a snapshot at index 11
2019-09-11 05:30:22,138 [4923db37-afc5-4a4b-9e0e-3e0e64c6efbc@group-DBCF7A494882-StateMachineUpdater] INFO  ratis.ContainerStateMachine (ContainerStateMachine.java:takeSnapshot(300)) - group-DBCF7A494882: Finished taking a snapshot at:(t:2, i:13) file:/workdir/hadoop-ozone/integration-test/target/test-dir/MiniOzoneClusterImpl-712b11b3-5514-48f8-84a2-2435d4ba870b/datanode-9/data/ratis/6722f481-4fb1-4cfa-9877-dbcf7a494882/sm/snapshot.2_13 time:13
2019-09-11 05:30:22,138 [1169a1ed-1394-44b2-9737-be9aad5bd237@group-B7894EF2C8AA-StateMachineUpdater] INFO  impl.StateMachineUpdater (StateMachineUpdater.java:lambda$new$0(83)) - 1169a1ed-1394-44b2-9737-be9aad5bd237@group-B7894EF2C8AA-StateMachineUpdater: snapshotIndex: updateIncreasingly 11 -> 11
2019-09-11 05:30:22,138 [4923db37-afc5-4a4b-9e0e-3e0e64c6efbc@group-DBCF7A494882-StateMachineUpdater] INFO  impl.StateMachineUpdater (StateMachineUpdater.java:takeSnapshot(258)) - 4923db37-afc5-4a4b-9e0e-3e0e64c6efbc@group-DBCF7A494882-StateMachineUpdater: Took a snapshot at index 13
2019-09-11 05:30:22,138 [4923db37-afc5-4a4b-9e0e-3e0e64c6efbc@group-DBCF7A494882-StateMachineUpdater] INFO  impl.StateMachineUpdater (StateMachineUpdater.java:lambda$new$0(83)) - 4923db37-afc5-4a4b-9e0e-3e0e64c6efbc@group-DBCF7A494882-StateMachineUpdater: snapshotIndex: updateIncreasingly 13 -> 13
2019-09-11 05:30:22,139 [ForkJoinPool.commonPool-worker-1] INFO  impl.RaftServerImpl (ServerState.java:close(385)) - 1169a1ed-1394-44b2-9737-be9aad5bd237@group-B7894EF2C8AA: closes. applyIndex: 15
2019-09-11 05:30:22,139 [main] INFO  impl.RaftServerImpl (ServerState.java:close(385)) - 4923db37-afc5-4a4b-9e0e-3e0e64c6efbc@group-DBCF7A494882: closes. applyIndex: 15
2019-09-11 05:30:22,141 [1169a1ed-1394-44b2-9737-be9aad5bd237@group-B7894EF2C8AA-SegmentedRaftLogWorker] ERROR ratis.XceiverServerRatis (XceiverServerRatis.java:triggerPipelineClose(568)) - pipeline Action CLOSE  on pipeline PipelineID=b0a8c6ed-4bd3-40bd-ab3d-b7894ef2c8aa.Reason : WriteLog:16: (t:2, i:16), STATEMACHINELOGENTRY, client-1FEA8BF74F46, cid=53-writeStateMachineData interrupted.
2019-09-11 05:30:22,142 [4923db37-afc5-4a4b-9e0e-3e0e64c6efbc@group-DBCF7A494882-SegmentedRaftLogWorker] ERROR ratis.XceiverServerRatis (XceiverServerRatis.java:triggerPipelineClose(568)) - pipeline Action CLOSE  on pipeline PipelineID=6722f481-4fb1-4cfa-9877-dbcf7a494882.Reason : WriteLog:18: (t:2, i:18), STATEMACHINELOGENTRY, client-876F6FC8C029, cid=43-writeStateMachineData interrupted.
2019-09-11 05:30:22,142 [ForkJoinPool.commonPool-worker-1] INFO  segmented.SegmentedRaftLogWorker (SegmentedRaftLogWorker.java:close(228)) - 1169a1ed-1394-44b2-9737-be9aad5bd237@group-B7894EF2C8AA-SegmentedRaftLogWorker close()
2019-09-11 05:30:22,143 [ForkJoinPool.commonPool-worker-1] INFO  server.GrpcService (GrpcService.java:closeImpl(164)) - 1169a1ed-1394-44b2-9737-be9aad5bd237: shutdown server with port 39685 now
2019-09-11 05:30:22,145 [ForkJoinPool.commonPool-worker-1] INFO  server.GrpcService (GrpcService.java:closeImpl(172)) - 1169a1ed-1394-44b2-9737-be9aad5bd237: shutdown server with port 39685 successfully
2019-09-11 05:30:22,151 [refreshUsed-/workdir/hadoop-ozone/integration-test/target/test-dir/MiniOzoneClusterImpl-712b11b3-5514-48f8-84a2-2435d4ba870b/datanode-1/data/containers] WARN  fs.CachingGetSpaceUsed (CachingGetSpaceUsed.java:run(183)) - Thread Interrupted waiting to refresh disk information: sleep interrupted
2019-09-11 05:30:22,153 [main] INFO  segmented.SegmentedRaftLogWorker (SegmentedRaftLogWorker.java:close(228)) - 4923db37-afc5-4a4b-9e0e-3e0e64c6efbc@group-DBCF7A494882-SegmentedRaftLogWorker close()
2019-09-11 05:30:22,154 [main] INFO  server.GrpcService (GrpcService.java:closeImpl(164)) - 4923db37-afc5-4a4b-9e0e-3e0e64c6efbc: shutdown server with port 35475 now
2019-09-11 05:30:22,155 [main] INFO  server.GrpcService (GrpcService.java:closeImpl(172)) - 4923db37-afc5-4a4b-9e0e-3e0e64c6efbc: shutdown server with port 35475 successfully
2019-09-11 05:30:22,156 [refreshUsed-/workdir/hadoop-ozone/integration-test/target/test-dir/MiniOzoneClusterImpl-712b11b3-5514-48f8-84a2-2435d4ba870b/datanode-9/data/containers] WARN  fs.CachingGetSpaceUsed (CachingGetSpaceUsed.java:run(183)) - Thread Interrupted waiting to refresh disk information: sleep interrupted
2019-09-11 05:30:22,174 [ForkJoinPool.commonPool-worker-1] INFO  utils.BackgroundService (BackgroundService.java:shutdown(148)) - Shutting down service BlockDeletingService
2019-09-11 05:30:22,174 [main] INFO  utils.BackgroundService (BackgroundService.java:shutdown(148)) - Shutting down service BlockDeletingService
2019-09-11 05:30:22,177 [ForkJoinPool.commonPool-worker-1] INFO  statemachine.DatanodeStateMachine (DatanodeStateMachine.java:stopDaemon(395)) - Ozone container server stopped.
2019-09-11 05:30:22,182 [main] INFO  statemachine.DatanodeStateMachine (DatanodeStateMachine.java:stopDaemon(395)) - Ozone container server stopped.
2019-09-11 05:30:22,195 [ForkJoinPool.commonPool-worker-1] INFO  handler.ContextHandler (ContextHandler.java:doStop(910)) - Stopped o.e.j.w.WebAppContext@49faf066{/,null,UNAVAILABLE}{/hddsDatanode}
2019-09-11 05:30:22,195 [main] INFO  handler.ContextHandler (ContextHandler.java:doStop(910)) - Stopped o.e.j.w.WebAppContext@3c87fdf2{/,null,UNAVAILABLE}{/hddsDatanode}
2019-09-11 05:30:22,196 [ForkJoinPool.commonPool-worker-1] INFO  server.AbstractConnector (AbstractConnector.java:doStop(318)) - Stopped ServerConnector@6f94a5a5{HTTP/1.1,[http/1.1]}{0.0.0.0:0}
2019-09-11 05:30:22,196 [main] INFO  server.AbstractConnector (AbstractConnector.java:doStop(318)) - Stopped ServerConnector@26bbe604{HTTP/1.1,[http/1.1]}{0.0.0.0:0}
2019-09-11 05:30:22,197 [ForkJoinPool.commonPool-worker-1] INFO  handler.ContextHandler (ContextHandler.java:doStop(910)) - Stopped o.e.j.s.ServletContextHandler@18d910b3{/static,jar:file:/home/user/.m2/repository/org/apache/hadoop/hadoop-hdds-container-service/0.5.0-SNAPSHOT/hadoop-hdds-container-service-0.5.0-SNAPSHOT.jar!/webapps/static,UNAVAILABLE}
2019-09-11 05:30:22,197 [main] INFO  handler.ContextHandler (ContextHandler.java:doStop(910)) - Stopped o.e.j.s.ServletContextHandler@4e49ce2b{/static,jar:file:/home/user/.m2/repository/org/apache/hadoop/hadoop-hdds-container-service/0.5.0-SNAPSHOT/hadoop-hdds-container-service-0.5.0-SNAPSHOT.jar!/webapps/static,UNAVAILABLE}
2019-09-11 05:30:22,198 [ForkJoinPool.commonPool-worker-1] INFO  handler.ContextHandler (ContextHandler.java:doStop(910)) - Stopped o.e.j.s.ServletContextHandler@26cb5207{/logs,file:///workdir/hadoop-ozone/integration-test/target/log,UNAVAILABLE}
2019-09-11 05:30:22,198 [main] INFO  handler.ContextHandler (ContextHandler.java:doStop(910)) - Stopped o.e.j.s.ServletContextHandler@7b676112{/logs,file:///workdir/hadoop-ozone/integration-test/target/log,UNAVAILABLE}
2019-09-11 05:30:22,536 [Datanode State Machine Thread - 0] INFO  statemachine.DatanodeStateMachine (DatanodeStateMachine.java:lambda$startDaemon$0(350)) - Ozone container server started.
2019-09-11 05:30:23,426 [64c45ce8-9e8f-4626-9780-d8b476434616@group-B7894EF2C8AA-SegmentedRaftLogWorker] WARN  segmented.SegmentedRaftLogWorker (SegmentedRaftLogWorker.java:getFromFuture(90)) - Timeout 3/~
org.apache.ratis.protocol.TimeoutIOException: Timeout 10s: WriteLog:16: (t:2, i:16), STATEMACHINELOGENTRY, client-1FEA8BF74F46, cid=53-writeStateMachineData
	at org.apache.ratis.util.IOUtils.getFromFuture(IOUtils.java:87)
	at org.apache.ratis.server.raftlog.segmented.SegmentedRaftLogWorker$StateMachineDataPolicy.getFromFuture(SegmentedRaftLogWorker.java:87)
	at org.apache.ratis.server.raftlog.segmented.SegmentedRaftLogWorker$WriteLog.execute(SegmentedRaftLogWorker.java:477)
	at org.apache.ratis.server.raftlog.segmented.SegmentedRaftLogWorker.run(SegmentedRaftLogWorker.java:289)
	at java.lang.Thread.run(Thread.java:748)
Caused by: java.util.concurrent.TimeoutException
	at java.util.concurrent.CompletableFuture.timedGet(CompletableFuture.java:1771)
	at java.util.concurrent.CompletableFuture.get(CompletableFuture.java:1915)
	at org.apache.ratis.util.IOUtils.getFromFuture(IOUtils.java:79)
	... 4 more
2019-09-11 05:30:27,202 [ForkJoinPool.commonPool-worker-1] INFO  ozoneimpl.OzoneContainer (OzoneContainer.java:stop(231)) - Attempting to stop container services.
2019-09-11 05:30:27,203 [ForkJoinPool.commonPool-worker-1] INFO  impl.RaftServerProxy (RaftServerProxy.java:lambda$close$4(314)) - 64c45ce8-9e8f-4626-9780-d8b476434616: close
2019-09-11 05:30:27,204 [ForkJoinPool.commonPool-worker-1] INFO  impl.RaftServerImpl (RaftServerImpl.java:lambda$shutdown$3(251)) - 64c45ce8-9e8f-4626-9780-d8b476434616@group-9EC1068F47DE: shutdown
2019-09-11 05:30:27,204 [ForkJoinPool.commonPool-worker-1] INFO  util.JmxRegister (JmxRegister.java:unregister(73)) - Successfully un-registered JMX Bean with object name Ratis:service=RaftServer,group=group-9EC1068F47DE,id=64c45ce8-9e8f-4626-9780-d8b476434616
2019-09-11 05:30:27,204 [ForkJoinPool.commonPool-worker-1] INFO  impl.RoleInfo (RoleInfo.java:shutdownLeaderState(104)) - 64c45ce8-9e8f-4626-9780-d8b476434616: shutdown LeaderState
2019-09-11 05:30:27,205 [ForkJoinPool.commonPool-worker-1] INFO  impl.PendingRequests (PendingRequests.java:sendNotLeaderResponses(202)) - 64c45ce8-9e8f-4626-9780-d8b476434616-PendingRequests: sendNotLeaderResponses
2019-09-11 05:30:27,205 [ForkJoinPool.commonPool-worker-1] INFO  impl.StateMachineUpdater (StateMachineUpdater.java:stopAndJoin(125)) - 64c45ce8-9e8f-4626-9780-d8b476434616@group-9EC1068F47DE-StateMachineUpdater: set stopIndex = 0
2019-09-11 05:30:27,206 [ForkJoinPool.commonPool-worker-1] INFO  impl.RaftServerImpl (ServerState.java:close(385)) - 64c45ce8-9e8f-4626-9780-d8b476434616@group-9EC1068F47DE: closes. applyIndex: 0
2019-09-11 05:30:27,206 [64c45ce8-9e8f-4626-9780-d8b476434616@group-9EC1068F47DE-SegmentedRaftLogWorker] INFO  segmented.SegmentedRaftLogWorker (SegmentedRaftLogWorker.java:run(313)) - 64c45ce8-9e8f-4626-9780-d8b476434616@group-9EC1068F47DE-SegmentedRaftLogWorker was interrupted, exiting. There are 0 tasks remaining in the queue.
2019-09-11 05:30:27,207 [ForkJoinPool.commonPool-worker-1] INFO  segmented.SegmentedRaftLogWorker (SegmentedRaftLogWorker.java:close(228)) - 64c45ce8-9e8f-4626-9780-d8b476434616@group-9EC1068F47DE-SegmentedRaftLogWorker close()
2019-09-11 05:30:27,209 [ForkJoinPool.commonPool-worker-1] INFO  impl.RaftServerImpl (RaftServerImpl.java:lambda$shutdown$3(251)) - 64c45ce8-9e8f-4626-9780-d8b476434616@group-B7894EF2C8AA: shutdown
2019-09-11 05:30:27,209 [ForkJoinPool.commonPool-worker-1] INFO  util.JmxRegister (JmxRegister.java:unregister(73)) - Successfully un-registered JMX Bean with object name Ratis:service=RaftServer,group=group-B7894EF2C8AA,id=64c45ce8-9e8f-4626-9780-d8b476434616
2019-09-11 05:30:27,210 [ForkJoinPool.commonPool-worker-1] INFO  impl.RoleInfo (RoleInfo.java:shutdownFollowerState(121)) - 64c45ce8-9e8f-4626-9780-d8b476434616: shutdown FollowerState
2019-09-11 05:30:27,210 [ForkJoinPool.commonPool-worker-1] INFO  impl.StateMachineUpdater (StateMachineUpdater.java:stopAndJoin(125)) - 64c45ce8-9e8f-4626-9780-d8b476434616@group-B7894EF2C8AA-StateMachineUpdater: set stopIndex = 15
2019-09-11 05:30:27,210 [Thread-412] INFO  impl.FollowerState (FollowerState.java:run(115)) - 64c45ce8-9e8f-4626-9780-d8b476434616: FollowerState was interrupted: java.lang.InterruptedException: sleep interrupted
2019-09-11 05:30:27,211 [64c45ce8-9e8f-4626-9780-d8b476434616@group-B7894EF2C8AA-StateMachineUpdater] INFO  ratis.ContainerStateMachine (ContainerStateMachine.java:takeSnapshot(289)) - group-B7894EF2C8AA: Taking a snapshot at:(t:2, i:11) file /workdir/hadoop-ozone/integration-test/target/test-dir/MiniOzoneClusterImpl-712b11b3-5514-48f8-84a2-2435d4ba870b/datanode-7/data/ratis/b0a8c6ed-4bd3-40bd-ab3d-b7894ef2c8aa/sm/snapshot.2_11
2019-09-11 05:30:27,216 [64c45ce8-9e8f-4626-9780-d8b476434616@group-B7894EF2C8AA-StateMachineUpdater] INFO  ratis.ContainerStateMachine (ContainerStateMachine.java:takeSnapshot(300)) - group-B7894EF2C8AA: Finished taking a snapshot at:(t:2, i:11) file:/workdir/hadoop-ozone/integration-test/target/test-dir/MiniOzoneClusterImpl-712b11b3-5514-48f8-84a2-2435d4ba870b/datanode-7/data/ratis/b0a8c6ed-4bd3-40bd-ab3d-b7894ef2c8aa/sm/snapshot.2_11 time:6
2019-09-11 05:30:27,216 [64c45ce8-9e8f-4626-9780-d8b476434616@group-B7894EF2C8AA-StateMachineUpdater] INFO  impl.StateMachineUpdater (StateMachineUpdater.java:takeSnapshot(258)) - 64c45ce8-9e8f-4626-9780-d8b476434616@group-B7894EF2C8AA-StateMachineUpdater: Took a snapshot at index 11
2019-09-11 05:30:27,216 [64c45ce8-9e8f-4626-9780-d8b476434616@group-B7894EF2C8AA-StateMachineUpdater] INFO  impl.StateMachineUpdater (StateMachineUpdater.java:lambda$new$0(83)) - 64c45ce8-9e8f-4626-9780-d8b476434616@group-B7894EF2C8AA-StateMachineUpdater: snapshotIndex: updateIncreasingly -1 -> 11
2019-09-11 05:30:27,216 [64c45ce8-9e8f-4626-9780-d8b476434616@group-B7894EF2C8AA-StateMachineUpdater] INFO  ratis.ContainerStateMachine (ContainerStateMachine.java:takeSnapshot(289)) - group-B7894EF2C8AA: Taking a snapshot at:(t:2, i:11) file /workdir/hadoop-ozone/integration-test/target/test-dir/MiniOzoneClusterImpl-712b11b3-5514-48f8-84a2-2435d4ba870b/datanode-7/data/ratis/b0a8c6ed-4bd3-40bd-ab3d-b7894ef2c8aa/sm/snapshot.2_11
2019-09-11 05:30:27,229 [64c45ce8-9e8f-4626-9780-d8b476434616@group-B7894EF2C8AA-StateMachineUpdater] INFO  ratis.ContainerStateMachine (ContainerStateMachine.java:takeSnapshot(300)) - group-B7894EF2C8AA: Finished taking a snapshot at:(t:2, i:11) file:/workdir/hadoop-ozone/integration-test/target/test-dir/MiniOzoneClusterImpl-712b11b3-5514-48f8-84a2-2435d4ba870b/datanode-7/data/ratis/b0a8c6ed-4bd3-40bd-ab3d-b7894ef2c8aa/sm/snapshot.2_11 time:12
2019-09-11 05:30:27,229 [64c45ce8-9e8f-4626-9780-d8b476434616@group-B7894EF2C8AA-StateMachineUpdater] INFO  impl.StateMachineUpdater (StateMachineUpdater.java:takeSnapshot(258)) - 64c45ce8-9e8f-4626-9780-d8b476434616@group-B7894EF2C8AA-StateMachineUpdater: Took a snapshot at index 11
2019-09-11 05:30:27,229 [64c45ce8-9e8f-4626-9780-d8b476434616@group-B7894EF2C8AA-StateMachineUpdater] INFO  impl.StateMachineUpdater (StateMachineUpdater.java:lambda$new$0(83)) - 64c45ce8-9e8f-4626-9780-d8b476434616@group-B7894EF2C8AA-StateMachineUpdater: snapshotIndex: updateIncreasingly 11 -> 11
2019-09-11 05:30:27,229 [ForkJoinPool.commonPool-worker-1] INFO  impl.RaftServerImpl (ServerState.java:close(385)) - 64c45ce8-9e8f-4626-9780-d8b476434616@group-B7894EF2C8AA: closes. applyIndex: 15
2019-09-11 05:30:27,231 [64c45ce8-9e8f-4626-9780-d8b476434616@group-B7894EF2C8AA-SegmentedRaftLogWorker] ERROR ratis.XceiverServerRatis (XceiverServerRatis.java:triggerPipelineClose(568)) - pipeline Action CLOSE  on pipeline PipelineID=b0a8c6ed-4bd3-40bd-ab3d-b7894ef2c8aa.Reason : WriteLog:16: (t:2, i:16), STATEMACHINELOGENTRY, client-1FEA8BF74F46, cid=53-writeStateMachineData interrupted.
2019-09-11 05:30:27,232 [ForkJoinPool.commonPool-worker-1] INFO  segmented.SegmentedRaftLogWorker (SegmentedRaftLogWorker.java:close(228)) - 64c45ce8-9e8f-4626-9780-d8b476434616@group-B7894EF2C8AA-SegmentedRaftLogWorker close()
2019-09-11 05:30:27,233 [ForkJoinPool.commonPool-worker-1] INFO  server.GrpcService (GrpcService.java:closeImpl(164)) - 64c45ce8-9e8f-4626-9780-d8b476434616: shutdown server with port 34416 now
2019-09-11 05:30:27,234 [ForkJoinPool.commonPool-worker-1] INFO  server.GrpcService (GrpcService.java:closeImpl(172)) - 64c45ce8-9e8f-4626-9780-d8b476434616: shutdown server with port 34416 successfully
2019-09-11 05:30:27,237 [refreshUsed-/workdir/hadoop-ozone/integration-test/target/test-dir/MiniOzoneClusterImpl-712b11b3-5514-48f8-84a2-2435d4ba870b/datanode-7/data/containers] WARN  fs.CachingGetSpaceUsed (CachingGetSpaceUsed.java:run(183)) - Thread Interrupted waiting to refresh disk information: sleep interrupted
2019-09-11 05:30:27,252 [ForkJoinPool.commonPool-worker-1] INFO  utils.BackgroundService (BackgroundService.java:shutdown(148)) - Shutting down service BlockDeletingService
2019-09-11 05:30:27,254 [ForkJoinPool.commonPool-worker-1] INFO  statemachine.DatanodeStateMachine (DatanodeStateMachine.java:stopDaemon(395)) - Ozone container server stopped.
2019-09-11 05:30:27,268 [ForkJoinPool.commonPool-worker-1] INFO  handler.ContextHandler (ContextHandler.java:doStop(910)) - Stopped o.e.j.w.WebAppContext@663bb8ef{/,null,UNAVAILABLE}{/hddsDatanode}
2019-09-11 05:30:27,270 [ForkJoinPool.commonPool-worker-1] INFO  server.AbstractConnector (AbstractConnector.java:doStop(318)) - Stopped ServerConnector@2f4e40d7{HTTP/1.1,[http/1.1]}{0.0.0.0:0}
2019-09-11 05:30:27,271 [ForkJoinPool.commonPool-worker-1] INFO  handler.ContextHandler (ContextHandler.java:doStop(910)) - Stopped o.e.j.s.ServletContextHandler@6cd3ad8a{/static,jar:file:/home/user/.m2/repository/org/apache/hadoop/hadoop-hdds-container-service/0.5.0-SNAPSHOT/hadoop-hdds-container-service-0.5.0-SNAPSHOT.jar!/webapps/static,UNAVAILABLE}
2019-09-11 05:30:27,272 [ForkJoinPool.commonPool-worker-1] INFO  handler.ContextHandler (ContextHandler.java:doStop(910)) - Stopped o.e.j.s.ServletContextHandler@b9a77c8{/logs,file:///workdir/hadoop-ozone/integration-test/target/log,UNAVAILABLE}
2019-09-11 05:30:27,273 [main] INFO  ozone.MiniOzoneClusterImpl (MiniOzoneClusterImpl.java:stop(339)) - Stopping the StorageContainerManager
2019-09-11 05:30:27,274 [main] INFO  server.StorageContainerManager (StorageContainerManager.java:stop(801)) - Stopping Replication Manager Service.
2019-09-11 05:30:27,274 [main] INFO  container.ReplicationManager (ReplicationManager.java:stop(203)) - Stopping Replication Monitor Thread.
2019-09-11 05:30:27,274 [main] INFO  server.StorageContainerManager (StorageContainerManager.java:stop(808)) - Stopping Lease Manager of the command watchers
2019-09-11 05:30:27,275 [main] INFO  server.StorageContainerManager (StorageContainerManager.java:stop(815)) - Stopping datanode service RPC server
2019-09-11 05:30:27,275 [main] INFO  server.SCMDatanodeProtocolServer (SCMDatanodeProtocolServer.java:stop(367)) - Stopping the RPC server for DataNodes
2019-09-11 05:30:27,276 [main] INFO  ipc.Server (Server.java:stop(3082)) - Stopping server on 33436
2019-09-11 05:30:27,279 [IPC Server listener on 33436] INFO  ipc.Server (Server.java:run(1185)) - Stopping IPC Server listener on 33436
2019-09-11 05:30:27,280 [IPC Server Responder] INFO  ipc.Server (Server.java:run(1319)) - Stopping IPC Server Responder
2019-09-11 05:30:27,361 [SCM Heartbeat Processing Thread - 0] WARN  node.NodeStateManager (NodeStateManager.java:scheduleNextHealthCheck(646)) - Current Thread is interrupted, shutting down HB processing thread for Node Manager.
2019-09-11 05:30:27,361 [main] INFO  server.StorageContainerManager (StorageContainerManager.java:stop(823)) - Stopping block service RPC server
2019-09-11 05:30:27,362 [main] INFO  server.SCMBlockProtocolServer (SCMBlockProtocolServer.java:stop(155)) - Stopping the RPC server for Block Protocol
2019-09-11 05:30:27,362 [main] INFO  ipc.Server (Server.java:stop(3082)) - Stopping server on 33155
2019-09-11 05:30:27,364 [IPC Server listener on 33155] INFO  ipc.Server (Server.java:run(1185)) - Stopping IPC Server listener on 33155
2019-09-11 05:30:27,364 [main] INFO  server.StorageContainerManager (StorageContainerManager.java:stop(830)) - Stopping the StorageContainerLocationProtocol RPC server
2019-09-11 05:30:27,364 [IPC Server Responder] INFO  ipc.Server (Server.java:run(1319)) - Stopping IPC Server Responder
2019-09-11 05:30:27,364 [main] INFO  server.SCMClientProtocolServer (SCMClientProtocolServer.java:stop(159)) - Stopping the RPC server for Client Protocol
2019-09-11 05:30:27,365 [main] INFO  ipc.Server (Server.java:stop(3082)) - Stopping server on 42589
2019-09-11 05:30:27,366 [IPC Server listener on 42589] INFO  ipc.Server (Server.java:run(1185)) - Stopping IPC Server listener on 42589
2019-09-11 05:30:27,366 [main] INFO  server.StorageContainerManager (StorageContainerManager.java:stop(837)) - Stopping Storage Container Manager HTTP server.
2019-09-11 05:30:27,366 [IPC Server Responder] INFO  ipc.Server (Server.java:run(1319)) - Stopping IPC Server Responder
2019-09-11 05:30:27,368 [main] INFO  handler.ContextHandler (ContextHandler.java:doStop(910)) - Stopped o.e.j.w.WebAppContext@7555b920{/,null,UNAVAILABLE}{/scm}
2019-09-11 05:30:27,369 [main] INFO  server.AbstractConnector (AbstractConnector.java:doStop(318)) - Stopped ServerConnector@6db66836{HTTP/1.1,[http/1.1]}{0.0.0.0:0}
2019-09-11 05:30:27,369 [main] INFO  handler.ContextHandler (ContextHandler.java:doStop(910)) - Stopped o.e.j.s.ServletContextHandler@6622fc65{/static,file:///workdir/hadoop-ozone/integration-test/target/test-classes/webapps/static,UNAVAILABLE}
2019-09-11 05:30:27,370 [main] INFO  handler.ContextHandler (ContextHandler.java:doStop(910)) - Stopped o.e.j.s.ServletContextHandler@732f29af{/logs,file:///workdir/hadoop-ozone/integration-test/target/log,UNAVAILABLE}
2019-09-11 05:30:27,371 [main] INFO  server.StorageContainerManager (StorageContainerManager.java:stop(848)) - Stopping Block Manager Service.
2019-09-11 05:30:27,371 [main] INFO  utils.BackgroundService (BackgroundService.java:shutdown(148)) - Shutting down service SCMBlockDeletingService
2019-09-11 05:30:27,372 [main] INFO  utils.BackgroundService (BackgroundService.java:shutdown(148)) - Shutting down service SCMBlockDeletingService
2019-09-11 05:30:27,373 [main] INFO  server.StorageContainerManager (StorageContainerManager.java:stop(870)) - Stopping SCM Event Queue.
2019-09-11 05:30:27,386 [main] INFO  impl.MetricsSystemImpl (MetricsSystemImpl.java:stop(210)) - Stopping XceiverClientMetrics metrics system...
2019-09-11 05:30:27,398 [prometheus] INFO  impl.MetricsSinkAdapter (MetricsSinkAdapter.java:publishMetricsFromQueue(141)) - prometheus thread interrupted.
2019-09-11 05:30:27,398 [main] INFO  impl.MetricsSystemImpl (MetricsSystemImpl.java:stop(216)) - XceiverClientMetrics metrics system stopped.
]]></system-out>
    <system-err><![CDATA[ERROR StatusLogger No Log4j 2 configuration file found. Using default configuration (logging only errors to the console), or user programmatically provided configurations. Set system property 'log4j2.debug' to show Log4j 2 internal initialization logging. See https://logging.apache.org/log4j/2.x/manual/configuration.html for instructions on how to configure Log4j 2
Sep 11, 2019 5:30:06 AM org.apache.ratis.thirdparty.io.grpc.internal.SerializingExecutor run
SEVERE: Exception while executing runnable org.apache.ratis.thirdparty.io.grpc.internal.ServerImpl$JumpToApplicationThreadServerStreamListener$1Closed@8d00a
org.apache.ratis.thirdparty.io.grpc.StatusRuntimeException: CANCELLED: call already cancelled
	at org.apache.ratis.thirdparty.io.grpc.Status.asRuntimeException(Status.java:517)
	at org.apache.ratis.thirdparty.io.grpc.stub.ServerCalls$ServerCallStreamObserverImpl.onCompleted(ServerCalls.java:356)
	at org.apache.ratis.grpc.server.GrpcServerProtocolService$ServerRequestStreamObserver.onError(GrpcServerProtocolService.java:121)
	at org.apache.ratis.thirdparty.io.grpc.stub.ServerCalls$StreamingServerCallHandler$StreamingServerCallListener.onCancel(ServerCalls.java:269)
	at org.apache.ratis.thirdparty.io.grpc.internal.ServerCallImpl$ServerStreamListenerImpl.closed(ServerCallImpl.java:293)
	at org.apache.ratis.thirdparty.io.grpc.internal.ServerImpl$JumpToApplicationThreadServerStreamListener$1Closed.runInContext(ServerImpl.java:741)
	at org.apache.ratis.thirdparty.io.grpc.internal.ContextRunnable.run(ContextRunnable.java:37)
	at org.apache.ratis.thirdparty.io.grpc.internal.SerializingExecutor.run(SerializingExecutor.java:123)
	at java.util.concurrent.ThreadPoolExecutor.runWorker(ThreadPoolExecutor.java:1149)
	at java.util.concurrent.ThreadPoolExecutor$Worker.run(ThreadPoolExecutor.java:624)
	at java.lang.Thread.run(Thread.java:748)

Sep 11, 2019 5:30:17 AM org.apache.ratis.thirdparty.io.grpc.internal.SerializingExecutor run
SEVERE: Exception while executing runnable org.apache.ratis.thirdparty.io.grpc.internal.ServerImpl$JumpToApplicationThreadServerStreamListener$1Closed@2dd8e80d
org.apache.ratis.thirdparty.io.grpc.StatusRuntimeException: CANCELLED: call already cancelled
	at org.apache.ratis.thirdparty.io.grpc.Status.asRuntimeException(Status.java:517)
	at org.apache.ratis.thirdparty.io.grpc.stub.ServerCalls$ServerCallStreamObserverImpl.onCompleted(ServerCalls.java:356)
	at org.apache.ratis.grpc.server.GrpcServerProtocolService$ServerRequestStreamObserver.onError(GrpcServerProtocolService.java:121)
	at org.apache.ratis.thirdparty.io.grpc.stub.ServerCalls$StreamingServerCallHandler$StreamingServerCallListener.onCancel(ServerCalls.java:269)
	at org.apache.ratis.thirdparty.io.grpc.internal.ServerCallImpl$ServerStreamListenerImpl.closed(ServerCallImpl.java:293)
	at org.apache.ratis.thirdparty.io.grpc.internal.ServerImpl$JumpToApplicationThreadServerStreamListener$1Closed.runInContext(ServerImpl.java:741)
	at org.apache.ratis.thirdparty.io.grpc.internal.ContextRunnable.run(ContextRunnable.java:37)
	at org.apache.ratis.thirdparty.io.grpc.internal.SerializingExecutor.run(SerializingExecutor.java:123)
	at java.util.concurrent.ThreadPoolExecutor.runWorker(ThreadPoolExecutor.java:1149)
	at java.util.concurrent.ThreadPoolExecutor$Worker.run(ThreadPoolExecutor.java:624)
	at java.lang.Thread.run(Thread.java:748)

]]></system-err>
  </testcase>
  <testcase name="testMultiBlockWritesWithDnFailures" classname="org.apache.hadoop.ozone.client.rpc.TestMultiBlockWritesWithDnFailures" time="38.27"/>
</testsuite>