<?xml version="1.0" encoding="UTF-8"?>
<testsuite xmlns:xsi="http://www.w3.org/2001/XMLSchema-instance" xsi:noNamespaceSchemaLocation="https://maven.apache.org/surefire/maven-surefire-plugin/xsd/surefire-test-report.xsd" name="org.apache.hadoop.ozone.client.rpc.TestOzoneClientRetriesOnException" time="375.01" tests="2" errors="1" skipped="0" failures="0">
  <properties>
    <property name="awt.toolkit" value="sun.awt.X11.XToolkit"/>
    <property name="file.encoding.pkg" value="sun.io"/>
    <property name="java.specification.version" value="1.8"/>
    <property name="sun.cpu.isalist" value=""/>
    <property name="sun.jnu.encoding" value="UTF-8"/>
    <property name="java.class.path" value="/workdir/hadoop-ozone/integration-test/target/test-classes:/workdir/hadoop-ozone/integration-test/target/classes:/home/user/.m2/repository/org/apache/hadoop/hadoop-ozone-common/0.5.0-SNAPSHOT/hadoop-ozone-common-0.5.0-SNAPSHOT.jar:/home/user/.m2/repository/org/apache/commons/commons-compress/1.4.1/commons-compress-1.4.1.jar:/home/user/.m2/repository/org/tukaani/xz/1.0/xz-1.0.jar:/home/user/.m2/repository/org/apache/hadoop/hadoop-common/3.2.0/hadoop-common-3.2.0.jar:/home/user/.m2/repository/org/apache/hadoop/hadoop-hdfs/3.2.0/hadoop-hdfs-3.2.0.jar:/home/user/.m2/repository/org/apache/hadoop/hadoop-hdfs-client/3.2.0/hadoop-hdfs-client-3.2.0.jar:/home/user/.m2/repository/com/fasterxml/jackson/core/jackson-annotations/2.9.5/jackson-annotations-2.9.5.jar:/home/user/.m2/repository/org/apache/hadoop/hadoop-hdds-common/0.5.0-SNAPSHOT/hadoop-hdds-common-0.5.0-SNAPSHOT.jar:/home/user/.m2/repository/javax/annotation/javax.annotation-api/1.2/javax.annotation-api-1.2.jar:/home/user/.m2/repository/org/apache/ratis/ratis-server/0.4.0-78e95b9-SNAPSHOT/ratis-server-0.4.0-78e95b9-SNAPSHOT.jar:/home/user/.m2/repository/org/apache/ratis/ratis-thirdparty-misc/0.2.0/ratis-thirdparty-misc-0.2.0.jar:/home/user/.m2/repository/org/apache/ratis/ratis-proto/0.4.0-78e95b9-SNAPSHOT/ratis-proto-0.4.0-78e95b9-SNAPSHOT.jar:/home/user/.m2/repository/org/apache/ratis/ratis-common/0.4.0-78e95b9-SNAPSHOT/ratis-common-0.4.0-78e95b9-SNAPSHOT.jar:/home/user/.m2/repository/org/apache/ratis/ratis-client/0.4.0-78e95b9-SNAPSHOT/ratis-client-0.4.0-78e95b9-SNAPSHOT.jar:/home/user/.m2/repository/org/apache/ratis/ratis-metrics/0.4.0-78e95b9-SNAPSHOT/ratis-metrics-0.4.0-78e95b9-SNAPSHOT.jar:/home/user/.m2/repository/com/github/joshelser/dropwizard-metrics-hadoop-metrics2-reporter/0.1.2/dropwizard-metrics-hadoop-metrics2-reporter-0.1.2.jar:/home/user/.m2/repository/io/dropwizard/metrics/metrics-jvm/3.2.5/metrics-jvm-3.2.5.jar:/home/user/.m2/repository/io/dropwizard/metrics/metrics-ganglia/3.2.5/metrics-ganglia-3.2.5.jar:/home/user/.m2/repository/info/ganglia/gmetric4j/gmetric4j/1.0.7/gmetric4j-1.0.7.jar:/home/user/.m2/repository/org/apache/ratis/ratis-netty/0.4.0-78e95b9-SNAPSHOT/ratis-netty-0.4.0-78e95b9-SNAPSHOT.jar:/home/user/.m2/repository/org/apache/ratis/ratis-grpc/0.4.0-78e95b9-SNAPSHOT/ratis-grpc-0.4.0-78e95b9-SNAPSHOT.jar:/home/user/.m2/repository/org/rocksdb/rocksdbjni/6.0.1/rocksdbjni-6.0.1.jar:/home/user/.m2/repository/org/apache/logging/log4j/log4j-api/2.11.0/log4j-api-2.11.0.jar:/home/user/.m2/repository/org/apache/logging/log4j/log4j-core/2.11.0/log4j-core-2.11.0.jar:/home/user/.m2/repository/com/lmax/disruptor/3.4.2/disruptor-3.4.2.jar:/home/user/.m2/repository/org/apache/commons/commons-pool2/2.6.0/commons-pool2-2.6.0.jar:/home/user/.m2/repository/org/bouncycastle/bcpkix-jdk15on/1.60/bcpkix-jdk15on-1.60.jar:/home/user/.m2/repository/commons-validator/commons-validator/1.6/commons-validator-1.6.jar:/home/user/.m2/repository/commons-digester/commons-digester/1.8.1/commons-digester-1.8.1.jar:/home/user/.m2/repository/io/jaegertracing/jaeger-client/0.33.1/jaeger-client-0.33.1.jar:/home/user/.m2/repository/io/jaegertracing/jaeger-thrift/0.33.1/jaeger-thrift-0.33.1.jar:/home/user/.m2/repository/org/apache/thrift/libthrift/0.11.0/libthrift-0.11.0.jar:/home/user/.m2/repository/com/squareup/okhttp3/okhttp/3.9.0/okhttp-3.9.0.jar:/home/user/.m2/repository/com/squareup/okio/okio/1.13.0/okio-1.13.0.jar:/home/user/.m2/repository/io/jaegertracing/jaeger-core/0.33.1/jaeger-core-0.33.1.jar:/home/user/.m2/repository/io/jaegertracing/jaeger-tracerresolver/0.33.1/jaeger-tracerresolver-0.33.1.jar:/home/user/.m2/repository/io/opentracing/contrib/opentracing-tracerresolver/0.1.5/opentracing-tracerresolver-0.1.5.jar:/home/user/.m2/repository/io/opentracing/opentracing-util/0.31.0/opentracing-util-0.31.0.jar:/home/user/.m2/repository/io/opentracing/opentracing-api/0.31.0/opentracing-api-0.31.0.jar:/home/user/.m2/repository/io/opentracing/opentracing-noop/0.31.0/opentracing-noop-0.31.0.jar:/home/user/.m2/repository/org/apache/hadoop/hadoop-hdds-server-framework/0.5.0-SNAPSHOT/hadoop-hdds-server-framework-0.5.0-SNAPSHOT.jar:/home/user/.m2/repository/org/apache/hadoop/hadoop-hdds-container-service/0.5.0-SNAPSHOT/hadoop-hdds-container-service-0.5.0-SNAPSHOT.jar:/home/user/.m2/repository/org/apache/hadoop/hadoop-hdds-client/0.5.0-SNAPSHOT/hadoop-hdds-client-0.5.0-SNAPSHOT.jar:/home/user/.m2/repository/org/apache/hadoop/hadoop-hdds-tools/0.5.0-SNAPSHOT/hadoop-hdds-tools-0.5.0-SNAPSHOT.jar:/home/user/.m2/repository/org/apache/hadoop/hadoop-hdds-server-scm/0.5.0-SNAPSHOT/hadoop-hdds-server-scm-0.5.0-SNAPSHOT.jar:/home/user/.m2/repository/org/apache/hadoop/hadoop-hdds-docs/0.5.0-SNAPSHOT/hadoop-hdds-docs-0.5.0-SNAPSHOT.jar:/home/user/.m2/repository/io/dropwizard/metrics/metrics-core/3.2.4/metrics-core-3.2.4.jar:/home/user/.m2/repository/org/hamcrest/hamcrest-all/1.3/hamcrest-all-1.3.jar:/home/user/.m2/repository/org/bouncycastle/bcprov-jdk15on/1.60/bcprov-jdk15on-1.60.jar:/home/user/.m2/repository/info/picocli/picocli/3.9.6/picocli-3.9.6.jar:/home/user/.m2/repository/com/google/protobuf/protobuf-java/2.5.0/protobuf-java-2.5.0.jar:/home/user/.m2/repository/com/google/guava/guava/11.0.2/guava-11.0.2.jar:/home/user/.m2/repository/org/apache/hadoop/hadoop-ozone-ozone-manager/0.5.0-SNAPSHOT/hadoop-ozone-ozone-manager-0.5.0-SNAPSHOT.jar:/home/user/.m2/repository/org/apache/hadoop/hadoop-minikdc/3.2.0/hadoop-minikdc-3.2.0.jar:/home/user/.m2/repository/commons-io/commons-io/2.5/commons-io-2.5.jar:/home/user/.m2/repository/org/apache/kerby/kerb-simplekdc/1.0.1/kerb-simplekdc-1.0.1.jar:/home/user/.m2/repository/org/apache/kerby/kerb-client/1.0.1/kerb-client-1.0.1.jar:/home/user/.m2/repository/org/apache/kerby/kerby-config/1.0.1/kerby-config-1.0.1.jar:/home/user/.m2/repository/org/apache/kerby/kerb-core/1.0.1/kerb-core-1.0.1.jar:/home/user/.m2/repository/org/apache/kerby/kerby-pkix/1.0.1/kerby-pkix-1.0.1.jar:/home/user/.m2/repository/org/apache/kerby/kerby-asn1/1.0.1/kerby-asn1-1.0.1.jar:/home/user/.m2/repository/org/apache/kerby/kerby-util/1.0.1/kerby-util-1.0.1.jar:/home/user/.m2/repository/org/apache/kerby/kerb-common/1.0.1/kerb-common-1.0.1.jar:/home/user/.m2/repository/org/apache/kerby/kerb-crypto/1.0.1/kerb-crypto-1.0.1.jar:/home/user/.m2/repository/org/apache/kerby/kerb-util/1.0.1/kerb-util-1.0.1.jar:/home/user/.m2/repository/org/apache/kerby/token-provider/1.0.1/token-provider-1.0.1.jar:/home/user/.m2/repository/org/apache/kerby/kerb-admin/1.0.1/kerb-admin-1.0.1.jar:/home/user/.m2/repository/org/apache/kerby/kerb-server/1.0.1/kerb-server-1.0.1.jar:/home/user/.m2/repository/org/apache/kerby/kerb-identity/1.0.1/kerb-identity-1.0.1.jar:/home/user/.m2/repository/org/apache/kerby/kerby-xdr/1.0.1/kerby-xdr-1.0.1.jar:/home/user/.m2/repository/org/slf4j/slf4j-log4j12/1.7.25/slf4j-log4j12-1.7.25.jar:/home/user/.m2/repository/org/apache/hadoop/hadoop-ozone-s3gateway/0.5.0-SNAPSHOT/hadoop-ozone-s3gateway-0.5.0-SNAPSHOT.jar:/home/user/.m2/repository/org/jboss/weld/servlet/weld-servlet/2.4.7.Final/weld-servlet-2.4.7.Final.jar:/home/user/.m2/repository/org/glassfish/jersey/containers/jersey-container-servlet-core/2.27/jersey-container-servlet-core-2.27.jar:/home/user/.m2/repository/org/glassfish/hk2/external/javax.inject/2.5.0-b42/javax.inject-2.5.0-b42.jar:/home/user/.m2/repository/org/glassfish/jersey/core/jersey-common/2.27/jersey-common-2.27.jar:/home/user/.m2/repository/org/glassfish/hk2/osgi-resource-locator/1.0.1/osgi-resource-locator-1.0.1.jar:/home/user/.m2/repository/javax/ws/rs/javax.ws.rs-api/2.1/javax.ws.rs-api-2.1.jar:/home/user/.m2/repository/org/glassfish/jersey/ext/cdi/jersey-cdi1x/2.27/jersey-cdi1x-2.27.jar:/home/user/.m2/repository/org/glassfish/jersey/inject/jersey-hk2/2.27/jersey-hk2-2.27.jar:/home/user/.m2/repository/org/glassfish/hk2/hk2-locator/2.5.0-b42/hk2-locator-2.5.0-b42.jar:/home/user/.m2/repository/org/javassist/javassist/3.22.0-CR2/javassist-3.22.0-CR2.jar:/home/user/.m2/repository/org/glassfish/hk2/hk2-api/2.5.0/hk2-api-2.5.0.jar:/home/user/.m2/repository/org/glassfish/hk2/external/jakarta.inject/2.5.0/jakarta.inject-2.5.0.jar:/home/user/.m2/repository/org/glassfish/hk2/hk2-utils/2.5.0/hk2-utils-2.5.0.jar:/home/user/.m2/repository/jakarta/annotation/jakarta.annotation-api/1.3.4/jakarta.annotation-api-1.3.4.jar:/home/user/.m2/repository/org/glassfish/hk2/external/aopalliance-repackaged/2.5.0/aopalliance-repackaged-2.5.0.jar:/home/user/.m2/repository/com/fasterxml/jackson/dataformat/jackson-dataformat-xml/2.9.0/jackson-dataformat-xml-2.9.0.jar:/home/user/.m2/repository/com/fasterxml/jackson/core/jackson-core/2.9.5/jackson-core-2.9.5.jar:/home/user/.m2/repository/com/fasterxml/jackson/module/jackson-module-jaxb-annotations/2.9.5/jackson-module-jaxb-annotations-2.9.5.jar:/home/user/.m2/repository/javax/enterprise/cdi-api/1.2/cdi-api-1.2.jar:/home/user/.m2/repository/javax/el/javax.el-api/3.0.0/javax.el-api-3.0.0.jar:/home/user/.m2/repository/javax/interceptor/javax.interceptor-api/1.2/javax.interceptor-api-1.2.jar:/home/user/.m2/repository/javax/inject/javax.inject/1/javax.inject-1.jar:/home/user/.m2/repository/com/sun/xml/bind/jaxb-impl/2.3.0.1/jaxb-impl-2.3.0.1.jar:/home/user/.m2/repository/com/sun/xml/bind/jaxb-core/2.3.0.1/jaxb-core-2.3.0.1.jar:/home/user/.m2/repository/javax/xml/bind/jaxb-api/2.3.0/jaxb-api-2.3.0.jar:/home/user/.m2/repository/javax/activation/activation/1.1.1/activation-1.1.1.jar:/home/user/.m2/repository/org/apache/hadoop/hadoop-ozone-csi/0.5.0-SNAPSHOT/hadoop-ozone-csi-0.5.0-SNAPSHOT.jar:/home/user/.m2/repository/com/google/protobuf/protobuf-java-util/3.5.1/protobuf-java-util-3.5.1.jar:/home/user/.m2/repository/org/apache/hadoop/hadoop-hdds-config/0.5.0-SNAPSHOT/hadoop-hdds-config-0.5.0-SNAPSHOT.jar:/home/user/.m2/repository/io/grpc/grpc-netty/1.17.1/grpc-netty-1.17.1.jar:/home/user/.m2/repository/io/grpc/grpc-core/1.17.1/grpc-core-1.17.1.jar:/home/user/.m2/repository/io/grpc/grpc-context/1.17.1/grpc-context-1.17.1.jar:/home/user/.m2/repository/com/google/errorprone/error_prone_annotations/2.2.0/error_prone_annotations-2.2.0.jar:/home/user/.m2/repository/org/codehaus/mojo/animal-sniffer-annotations/1.17/animal-sniffer-annotations-1.17.jar:/home/user/.m2/repository/io/opencensus/opencensus-api/0.17.0/opencensus-api-0.17.0.jar:/home/user/.m2/repository/io/opencensus/opencensus-contrib-grpc-metrics/0.17.0/opencensus-contrib-grpc-metrics-0.17.0.jar:/home/user/.m2/repository/io/netty/netty-codec-http2/4.1.30.Final/netty-codec-http2-4.1.30.Final.jar:/home/user/.m2/repository/io/netty/netty-codec-http/4.1.30.Final/netty-codec-http-4.1.30.Final.jar:/home/user/.m2/repository/io/netty/netty-codec/4.1.30.Final/netty-codec-4.1.30.Final.jar:/home/user/.m2/repository/io/netty/netty-handler/4.1.30.Final/netty-handler-4.1.30.Final.jar:/home/user/.m2/repository/io/netty/netty-handler-proxy/4.1.30.Final/netty-handler-proxy-4.1.30.Final.jar:/home/user/.m2/repository/io/netty/netty-codec-socks/4.1.30.Final/netty-codec-socks-4.1.30.Final.jar:/home/user/.m2/repository/io/netty/netty-transport-native-epoll/4.1.30.Final/netty-transport-native-epoll-4.1.30.Final.jar:/home/user/.m2/repository/io/netty/netty-common/4.1.30.Final/netty-common-4.1.30.Final.jar:/home/user/.m2/repository/io/netty/netty-buffer/4.1.30.Final/netty-buffer-4.1.30.Final.jar:/home/user/.m2/repository/io/netty/netty-transport/4.1.30.Final/netty-transport-4.1.30.Final.jar:/home/user/.m2/repository/io/netty/netty-resolver/4.1.30.Final/netty-resolver-4.1.30.Final.jar:/home/user/.m2/repository/io/netty/netty-transport-native-unix-common/4.1.30.Final/netty-transport-native-unix-common-4.1.30.Final.jar:/home/user/.m2/repository/io/grpc/grpc-protobuf/1.17.1/grpc-protobuf-1.17.1.jar:/home/user/.m2/repository/com/google/api/grpc/proto-google-common-protos/1.0.0/proto-google-common-protos-1.0.0.jar:/home/user/.m2/repository/io/grpc/grpc-protobuf-lite/1.17.1/grpc-protobuf-lite-1.17.1.jar:/home/user/.m2/repository/io/grpc/grpc-stub/1.17.1/grpc-stub-1.17.1.jar:/home/user/.m2/repository/org/apache/hadoop/hadoop-ozone-recon/0.5.0-SNAPSHOT/hadoop-ozone-recon-0.5.0-SNAPSHOT.jar:/home/user/.m2/repository/org/apache/hadoop/hadoop-ozone-reconcodegen/0.5.0-SNAPSHOT/hadoop-ozone-reconcodegen-0.5.0-SNAPSHOT.jar:/home/user/.m2/repository/com/google/inject/extensions/guice-multibindings/4.0/guice-multibindings-4.0.jar:/home/user/.m2/repository/com/google/inject/guice/4.0/guice-4.0.jar:/home/user/.m2/repository/aopalliance/aopalliance/1.0/aopalliance-1.0.jar:/home/user/.m2/repository/com/google/inject/extensions/guice-servlet/4.0/guice-servlet-4.0.jar:/home/user/.m2/repository/org/glassfish/jersey/containers/jersey-container-servlet/2.27/jersey-container-servlet-2.27.jar:/home/user/.m2/repository/org/glassfish/hk2/guice-bridge/2.5.0/guice-bridge-2.5.0.jar:/home/user/.m2/repository/org/glassfish/jersey/core/jersey-server/2.27/jersey-server-2.27.jar:/home/user/.m2/repository/org/glassfish/jersey/core/jersey-client/2.27/jersey-client-2.27.jar:/home/user/.m2/repository/org/glassfish/jersey/media/jersey-media-jaxb/2.27/jersey-media-jaxb-2.27.jar:/home/user/.m2/repository/javax/validation/validation-api/1.1.0.Final/validation-api-1.1.0.Final.jar:/home/user/.m2/repository/org/glassfish/jersey/media/jersey-media-json-jackson/2.27/jersey-media-json-jackson-2.27.jar:/home/user/.m2/repository/org/glassfish/jersey/ext/jersey-entity-filtering/2.27/jersey-entity-filtering-2.27.jar:/home/user/.m2/repository/com/google/inject/extensions/guice-assistedinject/4.0/guice-assistedinject-4.0.jar:/home/user/.m2/repository/org/jooq/jooq/3.11.10/jooq-3.11.10.jar:/home/user/.m2/repository/org/jooq/jooq-meta/3.11.10/jooq-meta-3.11.10.jar:/home/user/.m2/repository/org/jooq/jooq-codegen/3.11.10/jooq-codegen-3.11.10.jar:/home/user/.m2/repository/com/jolbox/bonecp/0.8.0.RELEASE/bonecp-0.8.0.RELEASE.jar:/home/user/.m2/repository/org/xerial/sqlite-jdbc/3.25.2/sqlite-jdbc-3.25.2.jar:/home/user/.m2/repository/org/springframework/spring-jdbc/5.1.3.RELEASE/spring-jdbc-5.1.3.RELEASE.jar:/home/user/.m2/repository/org/springframework/spring-beans/5.1.3.RELEASE/spring-beans-5.1.3.RELEASE.jar:/home/user/.m2/repository/org/springframework/spring-core/5.1.3.RELEASE/spring-core-5.1.3.RELEASE.jar:/home/user/.m2/repository/org/springframework/spring-jcl/5.1.3.RELEASE/spring-jcl-5.1.3.RELEASE.jar:/home/user/.m2/repository/org/springframework/spring-tx/5.1.3.RELEASE/spring-tx-5.1.3.RELEASE.jar:/home/user/.m2/repository/org/apache/hadoop/hadoop-ozone-client/0.5.0-SNAPSHOT/hadoop-ozone-client-0.5.0-SNAPSHOT.jar:/home/user/.m2/repository/commons-lang/commons-lang/2.6/commons-lang-2.6.jar:/home/user/.m2/repository/org/apache/hadoop/hadoop-ozone-ozone-manager/0.5.0-SNAPSHOT/hadoop-ozone-ozone-manager-0.5.0-SNAPSHOT-tests.jar:/home/user/.m2/repository/junit/junit/4.11/junit-4.11.jar:/home/user/.m2/repository/org/hamcrest/hamcrest-core/1.3/hamcrest-core-1.3.jar:/home/user/.m2/repository/org/openjdk/jmh/jmh-core/1.19/jmh-core-1.19.jar:/home/user/.m2/repository/net/sf/jopt-simple/jopt-simple/4.6/jopt-simple-4.6.jar:/home/user/.m2/repository/org/apache/commons/commons-math3/3.1.1/commons-math3-3.1.1.jar:/home/user/.m2/repository/org/openjdk/jmh/jmh-generator-annprocess/1.19/jmh-generator-annprocess-1.19.jar:/home/user/.m2/repository/org/mockito/mockito-all/1.8.5/mockito-all-1.8.5.jar:/home/user/.m2/repository/org/apache/hadoop/hadoop-kms/3.2.0/hadoop-kms-3.2.0.jar:/home/user/.m2/repository/org/apache/hadoop/hadoop-auth/3.2.0/hadoop-auth-3.2.0.jar:/home/user/.m2/repository/com/nimbusds/nimbus-jose-jwt/4.41.1/nimbus-jose-jwt-4.41.1.jar:/home/user/.m2/repository/com/github/stephenc/jcip/jcip-annotations/1.0-1/jcip-annotations-1.0-1.jar:/home/user/.m2/repository/net/minidev/json-smart/2.3/json-smart-2.3.jar:/home/user/.m2/repository/net/minidev/accessors-smart/1.2/accessors-smart-1.2.jar:/home/user/.m2/repository/org/ow2/asm/asm/5.0.4/asm-5.0.4.jar:/home/user/.m2/repository/org/apache/curator/curator-framework/2.12.0/curator-framework-2.12.0.jar:/home/user/.m2/repository/com/sun/jersey/jersey-core/1.19/jersey-core-1.19.jar:/home/user/.m2/repository/javax/ws/rs/jsr311-api/1.1.1/jsr311-api-1.1.1.jar:/home/user/.m2/repository/com/sun/jersey/jersey-server/1.19/jersey-server-1.19.jar:/home/user/.m2/repository/javax/servlet/javax.servlet-api/3.1.0/javax.servlet-api-3.1.0.jar:/home/user/.m2/repository/org/eclipse/jetty/jetty-server/9.3.24.v20180605/jetty-server-9.3.24.v20180605.jar:/home/user/.m2/repository/org/eclipse/jetty/jetty-http/9.3.24.v20180605/jetty-http-9.3.24.v20180605.jar:/home/user/.m2/repository/org/eclipse/jetty/jetty-io/9.3.24.v20180605/jetty-io-9.3.24.v20180605.jar:/home/user/.m2/repository/org/eclipse/jetty/jetty-webapp/9.3.24.v20180605/jetty-webapp-9.3.24.v20180605.jar:/home/user/.m2/repository/org/eclipse/jetty/jetty-xml/9.3.24.v20180605/jetty-xml-9.3.24.v20180605.jar:/home/user/.m2/repository/log4j/log4j/1.2.17/log4j-1.2.17.jar:/home/user/.m2/repository/org/slf4j/slf4j-api/1.7.25/slf4j-api-1.7.25.jar:/home/user/.m2/repository/org/slf4j/jul-to-slf4j/1.7.25/jul-to-slf4j-1.7.25.jar:/home/user/.m2/repository/org/eclipse/jetty/jetty-util/9.3.24.v20180605/jetty-util-9.3.24.v20180605.jar:/home/user/.m2/repository/com/fasterxml/jackson/core/jackson-databind/2.9.5/jackson-databind-2.9.5.jar:/home/user/.m2/repository/org/apache/hadoop/hadoop-kms/3.2.0/hadoop-kms-3.2.0-tests.jar:/home/user/.m2/repository/org/apache/hadoop/hadoop-hdds-server-scm/0.5.0-SNAPSHOT/hadoop-hdds-server-scm-0.5.0-SNAPSHOT-tests.jar:/home/user/.m2/repository/org/apache/hadoop/hadoop-hdds-container-service/0.5.0-SNAPSHOT/hadoop-hdds-container-service-0.5.0-SNAPSHOT-tests.jar:/home/user/.m2/repository/org/yaml/snakeyaml/1.16/snakeyaml-1.16.jar:/home/user/.m2/repository/org/apache/hadoop/hadoop-common/3.2.0/hadoop-common-3.2.0-tests.jar:/home/user/.m2/repository/org/apache/hadoop/hadoop-annotations/3.2.0/hadoop-annotations-3.2.0.jar:/usr/lib/jvm/java-1.8-openjdk/jre/../lib/tools.jar:/home/user/.m2/repository/commons-cli/commons-cli/1.2/commons-cli-1.2.jar:/home/user/.m2/repository/org/apache/httpcomponents/httpclient/4.5.2/httpclient-4.5.2.jar:/home/user/.m2/repository/org/apache/httpcomponents/httpcore/4.4.4/httpcore-4.4.4.jar:/home/user/.m2/repository/commons-codec/commons-codec/1.11/commons-codec-1.11.jar:/home/user/.m2/repository/commons-net/commons-net/3.6/commons-net-3.6.jar:/home/user/.m2/repository/commons-collections/commons-collections/3.2.2/commons-collections-3.2.2.jar:/home/user/.m2/repository/org/eclipse/jetty/jetty-servlet/9.3.24.v20180605/jetty-servlet-9.3.24.v20180605.jar:/home/user/.m2/repository/org/eclipse/jetty/jetty-security/9.3.24.v20180605/jetty-security-9.3.24.v20180605.jar:/home/user/.m2/repository/javax/servlet/jsp/jsp-api/2.1/jsp-api-2.1.jar:/home/user/.m2/repository/com/sun/jersey/jersey-servlet/1.19/jersey-servlet-1.19.jar:/home/user/.m2/repository/com/sun/jersey/jersey-json/1.19/jersey-json-1.19.jar:/home/user/.m2/repository/org/codehaus/jettison/jettison/1.1/jettison-1.1.jar:/home/user/.m2/repository/org/codehaus/jackson/jackson-core-asl/1.9.13/jackson-core-asl-1.9.13.jar:/home/user/.m2/repository/org/codehaus/jackson/jackson-mapper-asl/1.9.13/jackson-mapper-asl-1.9.13.jar:/home/user/.m2/repository/org/codehaus/jackson/jackson-jaxrs/1.9.13/jackson-jaxrs-1.9.13.jar:/home/user/.m2/repository/org/codehaus/jackson/jackson-xc/1.9.13/jackson-xc-1.9.13.jar:/home/user/.m2/repository/commons-logging/commons-logging/1.1.3/commons-logging-1.1.3.jar:/home/user/.m2/repository/commons-beanutils/commons-beanutils/1.9.3/commons-beanutils-1.9.3.jar:/home/user/.m2/repository/org/apache/commons/commons-configuration2/2.1.1/commons-configuration2-2.1.1.jar:/home/user/.m2/repository/org/apache/commons/commons-lang3/3.7/commons-lang3-3.7.jar:/home/user/.m2/repository/org/apache/commons/commons-text/1.4/commons-text-1.4.jar:/home/user/.m2/repository/org/apache/avro/avro/1.7.7/avro-1.7.7.jar:/home/user/.m2/repository/com/thoughtworks/paranamer/paranamer/2.3/paranamer-2.3.jar:/home/user/.m2/repository/org/xerial/snappy/snappy-java/1.0.5/snappy-java-1.0.5.jar:/home/user/.m2/repository/com/google/re2j/re2j/1.1/re2j-1.1.jar:/home/user/.m2/repository/com/google/code/gson/gson/2.2.4/gson-2.2.4.jar:/home/user/.m2/repository/com/jcraft/jsch/0.1.54/jsch-0.1.54.jar:/home/user/.m2/repository/org/apache/curator/curator-client/2.12.0/curator-client-2.12.0.jar:/home/user/.m2/repository/org/apache/curator/curator-recipes/2.12.0/curator-recipes-2.12.0.jar:/home/user/.m2/repository/com/google/code/findbugs/jsr305/3.0.0/jsr305-3.0.0.jar:/home/user/.m2/repository/org/apache/htrace/htrace-core4/4.1.0-incubating/htrace-core4-4.1.0-incubating.jar:/home/user/.m2/repository/org/apache/zookeeper/zookeeper/3.4.13/zookeeper-3.4.13.jar:/home/user/.m2/repository/org/apache/yetus/audience-annotations/0.5.0/audience-annotations-0.5.0.jar:/home/user/.m2/repository/org/codehaus/woodstox/stax2-api/3.1.4/stax2-api-3.1.4.jar:/home/user/.m2/repository/com/fasterxml/woodstox/woodstox-core/5.0.3/woodstox-core-5.0.3.jar:/home/user/.m2/repository/dnsjava/dnsjava/2.1.7/dnsjava-2.1.7.jar:/home/user/.m2/repository/org/apache/hadoop/hadoop-hdfs/3.2.0/hadoop-hdfs-3.2.0-tests.jar:/home/user/.m2/repository/org/eclipse/jetty/jetty-util-ajax/9.3.24.v20180605/jetty-util-ajax-9.3.24.v20180605.jar:/home/user/.m2/repository/commons-daemon/commons-daemon/1.0.13/commons-daemon-1.0.13.jar:/home/user/.m2/repository/io/netty/netty/3.10.5.Final/netty-3.10.5.Final.jar:/home/user/.m2/repository/io/netty/netty-all/4.0.52.Final/netty-all-4.0.52.Final.jar:/home/user/.m2/repository/org/fusesource/leveldbjni/leveldbjni-all/1.8/leveldbjni-all-1.8.jar:"/>
    <property name="java.vm.vendor" value="IcedTea"/>
    <property name="sun.arch.data.model" value="64"/>
    <property name="test.build.dir" value="/workdir/hadoop-ozone/integration-test/target/test-dir"/>
    <property name="test.cache.data" value=""/>
    <property name="java.vendor.url" value="https://icedtea.classpath.org"/>
    <property name="user.timezone" value=""/>
    <property name="java.vm.specification.version" value="1.8"/>
    <property name="os.name" value="Linux"/>
    <property name="test.build.data" value="/workdir/hadoop-ozone/integration-test/target/test-dir"/>
    <property name="user.country" value="US"/>
    <property name="sun.java.launcher" value="SUN_STANDARD"/>
    <property name="sun.boot.library.path" value="/usr/lib/jvm/java-1.8-openjdk/jre/lib/amd64"/>
    <property name="sun.java.command" value="/workdir/hadoop-ozone/integration-test/target/surefire/surefirebooter8171841379922699128.jar /workdir/hadoop-ozone/integration-test/target/surefire 2019-09-11T05-14-36_521-jvmRun1 surefire7661304186577348850tmp surefire_135362761111477088388tmp"/>
    <property name="test" value="!TestMiniChaosOzoneCluster"/>
    <property name="surefire.test.class.path" value="/workdir/hadoop-ozone/integration-test/target/test-classes:/workdir/hadoop-ozone/integration-test/target/classes:/home/user/.m2/repository/org/apache/hadoop/hadoop-ozone-common/0.5.0-SNAPSHOT/hadoop-ozone-common-0.5.0-SNAPSHOT.jar:/home/user/.m2/repository/org/apache/commons/commons-compress/1.4.1/commons-compress-1.4.1.jar:/home/user/.m2/repository/org/tukaani/xz/1.0/xz-1.0.jar:/home/user/.m2/repository/org/apache/hadoop/hadoop-common/3.2.0/hadoop-common-3.2.0.jar:/home/user/.m2/repository/org/apache/hadoop/hadoop-hdfs/3.2.0/hadoop-hdfs-3.2.0.jar:/home/user/.m2/repository/org/apache/hadoop/hadoop-hdfs-client/3.2.0/hadoop-hdfs-client-3.2.0.jar:/home/user/.m2/repository/com/fasterxml/jackson/core/jackson-annotations/2.9.5/jackson-annotations-2.9.5.jar:/home/user/.m2/repository/org/apache/hadoop/hadoop-hdds-common/0.5.0-SNAPSHOT/hadoop-hdds-common-0.5.0-SNAPSHOT.jar:/home/user/.m2/repository/javax/annotation/javax.annotation-api/1.2/javax.annotation-api-1.2.jar:/home/user/.m2/repository/org/apache/ratis/ratis-server/0.4.0-78e95b9-SNAPSHOT/ratis-server-0.4.0-78e95b9-SNAPSHOT.jar:/home/user/.m2/repository/org/apache/ratis/ratis-thirdparty-misc/0.2.0/ratis-thirdparty-misc-0.2.0.jar:/home/user/.m2/repository/org/apache/ratis/ratis-proto/0.4.0-78e95b9-SNAPSHOT/ratis-proto-0.4.0-78e95b9-SNAPSHOT.jar:/home/user/.m2/repository/org/apache/ratis/ratis-common/0.4.0-78e95b9-SNAPSHOT/ratis-common-0.4.0-78e95b9-SNAPSHOT.jar:/home/user/.m2/repository/org/apache/ratis/ratis-client/0.4.0-78e95b9-SNAPSHOT/ratis-client-0.4.0-78e95b9-SNAPSHOT.jar:/home/user/.m2/repository/org/apache/ratis/ratis-metrics/0.4.0-78e95b9-SNAPSHOT/ratis-metrics-0.4.0-78e95b9-SNAPSHOT.jar:/home/user/.m2/repository/com/github/joshelser/dropwizard-metrics-hadoop-metrics2-reporter/0.1.2/dropwizard-metrics-hadoop-metrics2-reporter-0.1.2.jar:/home/user/.m2/repository/io/dropwizard/metrics/metrics-jvm/3.2.5/metrics-jvm-3.2.5.jar:/home/user/.m2/repository/io/dropwizard/metrics/metrics-ganglia/3.2.5/metrics-ganglia-3.2.5.jar:/home/user/.m2/repository/info/ganglia/gmetric4j/gmetric4j/1.0.7/gmetric4j-1.0.7.jar:/home/user/.m2/repository/org/apache/ratis/ratis-netty/0.4.0-78e95b9-SNAPSHOT/ratis-netty-0.4.0-78e95b9-SNAPSHOT.jar:/home/user/.m2/repository/org/apache/ratis/ratis-grpc/0.4.0-78e95b9-SNAPSHOT/ratis-grpc-0.4.0-78e95b9-SNAPSHOT.jar:/home/user/.m2/repository/org/rocksdb/rocksdbjni/6.0.1/rocksdbjni-6.0.1.jar:/home/user/.m2/repository/org/apache/logging/log4j/log4j-api/2.11.0/log4j-api-2.11.0.jar:/home/user/.m2/repository/org/apache/logging/log4j/log4j-core/2.11.0/log4j-core-2.11.0.jar:/home/user/.m2/repository/com/lmax/disruptor/3.4.2/disruptor-3.4.2.jar:/home/user/.m2/repository/org/apache/commons/commons-pool2/2.6.0/commons-pool2-2.6.0.jar:/home/user/.m2/repository/org/bouncycastle/bcpkix-jdk15on/1.60/bcpkix-jdk15on-1.60.jar:/home/user/.m2/repository/commons-validator/commons-validator/1.6/commons-validator-1.6.jar:/home/user/.m2/repository/commons-digester/commons-digester/1.8.1/commons-digester-1.8.1.jar:/home/user/.m2/repository/io/jaegertracing/jaeger-client/0.33.1/jaeger-client-0.33.1.jar:/home/user/.m2/repository/io/jaegertracing/jaeger-thrift/0.33.1/jaeger-thrift-0.33.1.jar:/home/user/.m2/repository/org/apache/thrift/libthrift/0.11.0/libthrift-0.11.0.jar:/home/user/.m2/repository/com/squareup/okhttp3/okhttp/3.9.0/okhttp-3.9.0.jar:/home/user/.m2/repository/com/squareup/okio/okio/1.13.0/okio-1.13.0.jar:/home/user/.m2/repository/io/jaegertracing/jaeger-core/0.33.1/jaeger-core-0.33.1.jar:/home/user/.m2/repository/io/jaegertracing/jaeger-tracerresolver/0.33.1/jaeger-tracerresolver-0.33.1.jar:/home/user/.m2/repository/io/opentracing/contrib/opentracing-tracerresolver/0.1.5/opentracing-tracerresolver-0.1.5.jar:/home/user/.m2/repository/io/opentracing/opentracing-util/0.31.0/opentracing-util-0.31.0.jar:/home/user/.m2/repository/io/opentracing/opentracing-api/0.31.0/opentracing-api-0.31.0.jar:/home/user/.m2/repository/io/opentracing/opentracing-noop/0.31.0/opentracing-noop-0.31.0.jar:/home/user/.m2/repository/org/apache/hadoop/hadoop-hdds-server-framework/0.5.0-SNAPSHOT/hadoop-hdds-server-framework-0.5.0-SNAPSHOT.jar:/home/user/.m2/repository/org/apache/hadoop/hadoop-hdds-container-service/0.5.0-SNAPSHOT/hadoop-hdds-container-service-0.5.0-SNAPSHOT.jar:/home/user/.m2/repository/org/apache/hadoop/hadoop-hdds-client/0.5.0-SNAPSHOT/hadoop-hdds-client-0.5.0-SNAPSHOT.jar:/home/user/.m2/repository/org/apache/hadoop/hadoop-hdds-tools/0.5.0-SNAPSHOT/hadoop-hdds-tools-0.5.0-SNAPSHOT.jar:/home/user/.m2/repository/org/apache/hadoop/hadoop-hdds-server-scm/0.5.0-SNAPSHOT/hadoop-hdds-server-scm-0.5.0-SNAPSHOT.jar:/home/user/.m2/repository/org/apache/hadoop/hadoop-hdds-docs/0.5.0-SNAPSHOT/hadoop-hdds-docs-0.5.0-SNAPSHOT.jar:/home/user/.m2/repository/io/dropwizard/metrics/metrics-core/3.2.4/metrics-core-3.2.4.jar:/home/user/.m2/repository/org/hamcrest/hamcrest-all/1.3/hamcrest-all-1.3.jar:/home/user/.m2/repository/org/bouncycastle/bcprov-jdk15on/1.60/bcprov-jdk15on-1.60.jar:/home/user/.m2/repository/info/picocli/picocli/3.9.6/picocli-3.9.6.jar:/home/user/.m2/repository/com/google/protobuf/protobuf-java/2.5.0/protobuf-java-2.5.0.jar:/home/user/.m2/repository/com/google/guava/guava/11.0.2/guava-11.0.2.jar:/home/user/.m2/repository/org/apache/hadoop/hadoop-ozone-ozone-manager/0.5.0-SNAPSHOT/hadoop-ozone-ozone-manager-0.5.0-SNAPSHOT.jar:/home/user/.m2/repository/org/apache/hadoop/hadoop-minikdc/3.2.0/hadoop-minikdc-3.2.0.jar:/home/user/.m2/repository/commons-io/commons-io/2.5/commons-io-2.5.jar:/home/user/.m2/repository/org/apache/kerby/kerb-simplekdc/1.0.1/kerb-simplekdc-1.0.1.jar:/home/user/.m2/repository/org/apache/kerby/kerb-client/1.0.1/kerb-client-1.0.1.jar:/home/user/.m2/repository/org/apache/kerby/kerby-config/1.0.1/kerby-config-1.0.1.jar:/home/user/.m2/repository/org/apache/kerby/kerb-core/1.0.1/kerb-core-1.0.1.jar:/home/user/.m2/repository/org/apache/kerby/kerby-pkix/1.0.1/kerby-pkix-1.0.1.jar:/home/user/.m2/repository/org/apache/kerby/kerby-asn1/1.0.1/kerby-asn1-1.0.1.jar:/home/user/.m2/repository/org/apache/kerby/kerby-util/1.0.1/kerby-util-1.0.1.jar:/home/user/.m2/repository/org/apache/kerby/kerb-common/1.0.1/kerb-common-1.0.1.jar:/home/user/.m2/repository/org/apache/kerby/kerb-crypto/1.0.1/kerb-crypto-1.0.1.jar:/home/user/.m2/repository/org/apache/kerby/kerb-util/1.0.1/kerb-util-1.0.1.jar:/home/user/.m2/repository/org/apache/kerby/token-provider/1.0.1/token-provider-1.0.1.jar:/home/user/.m2/repository/org/apache/kerby/kerb-admin/1.0.1/kerb-admin-1.0.1.jar:/home/user/.m2/repository/org/apache/kerby/kerb-server/1.0.1/kerb-server-1.0.1.jar:/home/user/.m2/repository/org/apache/kerby/kerb-identity/1.0.1/kerb-identity-1.0.1.jar:/home/user/.m2/repository/org/apache/kerby/kerby-xdr/1.0.1/kerby-xdr-1.0.1.jar:/home/user/.m2/repository/org/slf4j/slf4j-log4j12/1.7.25/slf4j-log4j12-1.7.25.jar:/home/user/.m2/repository/org/apache/hadoop/hadoop-ozone-s3gateway/0.5.0-SNAPSHOT/hadoop-ozone-s3gateway-0.5.0-SNAPSHOT.jar:/home/user/.m2/repository/org/jboss/weld/servlet/weld-servlet/2.4.7.Final/weld-servlet-2.4.7.Final.jar:/home/user/.m2/repository/org/glassfish/jersey/containers/jersey-container-servlet-core/2.27/jersey-container-servlet-core-2.27.jar:/home/user/.m2/repository/org/glassfish/hk2/external/javax.inject/2.5.0-b42/javax.inject-2.5.0-b42.jar:/home/user/.m2/repository/org/glassfish/jersey/core/jersey-common/2.27/jersey-common-2.27.jar:/home/user/.m2/repository/org/glassfish/hk2/osgi-resource-locator/1.0.1/osgi-resource-locator-1.0.1.jar:/home/user/.m2/repository/javax/ws/rs/javax.ws.rs-api/2.1/javax.ws.rs-api-2.1.jar:/home/user/.m2/repository/org/glassfish/jersey/ext/cdi/jersey-cdi1x/2.27/jersey-cdi1x-2.27.jar:/home/user/.m2/repository/org/glassfish/jersey/inject/jersey-hk2/2.27/jersey-hk2-2.27.jar:/home/user/.m2/repository/org/glassfish/hk2/hk2-locator/2.5.0-b42/hk2-locator-2.5.0-b42.jar:/home/user/.m2/repository/org/javassist/javassist/3.22.0-CR2/javassist-3.22.0-CR2.jar:/home/user/.m2/repository/org/glassfish/hk2/hk2-api/2.5.0/hk2-api-2.5.0.jar:/home/user/.m2/repository/org/glassfish/hk2/external/jakarta.inject/2.5.0/jakarta.inject-2.5.0.jar:/home/user/.m2/repository/org/glassfish/hk2/hk2-utils/2.5.0/hk2-utils-2.5.0.jar:/home/user/.m2/repository/jakarta/annotation/jakarta.annotation-api/1.3.4/jakarta.annotation-api-1.3.4.jar:/home/user/.m2/repository/org/glassfish/hk2/external/aopalliance-repackaged/2.5.0/aopalliance-repackaged-2.5.0.jar:/home/user/.m2/repository/com/fasterxml/jackson/dataformat/jackson-dataformat-xml/2.9.0/jackson-dataformat-xml-2.9.0.jar:/home/user/.m2/repository/com/fasterxml/jackson/core/jackson-core/2.9.5/jackson-core-2.9.5.jar:/home/user/.m2/repository/com/fasterxml/jackson/module/jackson-module-jaxb-annotations/2.9.5/jackson-module-jaxb-annotations-2.9.5.jar:/home/user/.m2/repository/javax/enterprise/cdi-api/1.2/cdi-api-1.2.jar:/home/user/.m2/repository/javax/el/javax.el-api/3.0.0/javax.el-api-3.0.0.jar:/home/user/.m2/repository/javax/interceptor/javax.interceptor-api/1.2/javax.interceptor-api-1.2.jar:/home/user/.m2/repository/javax/inject/javax.inject/1/javax.inject-1.jar:/home/user/.m2/repository/com/sun/xml/bind/jaxb-impl/2.3.0.1/jaxb-impl-2.3.0.1.jar:/home/user/.m2/repository/com/sun/xml/bind/jaxb-core/2.3.0.1/jaxb-core-2.3.0.1.jar:/home/user/.m2/repository/javax/xml/bind/jaxb-api/2.3.0/jaxb-api-2.3.0.jar:/home/user/.m2/repository/javax/activation/activation/1.1.1/activation-1.1.1.jar:/home/user/.m2/repository/org/apache/hadoop/hadoop-ozone-csi/0.5.0-SNAPSHOT/hadoop-ozone-csi-0.5.0-SNAPSHOT.jar:/home/user/.m2/repository/com/google/protobuf/protobuf-java-util/3.5.1/protobuf-java-util-3.5.1.jar:/home/user/.m2/repository/org/apache/hadoop/hadoop-hdds-config/0.5.0-SNAPSHOT/hadoop-hdds-config-0.5.0-SNAPSHOT.jar:/home/user/.m2/repository/io/grpc/grpc-netty/1.17.1/grpc-netty-1.17.1.jar:/home/user/.m2/repository/io/grpc/grpc-core/1.17.1/grpc-core-1.17.1.jar:/home/user/.m2/repository/io/grpc/grpc-context/1.17.1/grpc-context-1.17.1.jar:/home/user/.m2/repository/com/google/errorprone/error_prone_annotations/2.2.0/error_prone_annotations-2.2.0.jar:/home/user/.m2/repository/org/codehaus/mojo/animal-sniffer-annotations/1.17/animal-sniffer-annotations-1.17.jar:/home/user/.m2/repository/io/opencensus/opencensus-api/0.17.0/opencensus-api-0.17.0.jar:/home/user/.m2/repository/io/opencensus/opencensus-contrib-grpc-metrics/0.17.0/opencensus-contrib-grpc-metrics-0.17.0.jar:/home/user/.m2/repository/io/netty/netty-codec-http2/4.1.30.Final/netty-codec-http2-4.1.30.Final.jar:/home/user/.m2/repository/io/netty/netty-codec-http/4.1.30.Final/netty-codec-http-4.1.30.Final.jar:/home/user/.m2/repository/io/netty/netty-codec/4.1.30.Final/netty-codec-4.1.30.Final.jar:/home/user/.m2/repository/io/netty/netty-handler/4.1.30.Final/netty-handler-4.1.30.Final.jar:/home/user/.m2/repository/io/netty/netty-handler-proxy/4.1.30.Final/netty-handler-proxy-4.1.30.Final.jar:/home/user/.m2/repository/io/netty/netty-codec-socks/4.1.30.Final/netty-codec-socks-4.1.30.Final.jar:/home/user/.m2/repository/io/netty/netty-transport-native-epoll/4.1.30.Final/netty-transport-native-epoll-4.1.30.Final.jar:/home/user/.m2/repository/io/netty/netty-common/4.1.30.Final/netty-common-4.1.30.Final.jar:/home/user/.m2/repository/io/netty/netty-buffer/4.1.30.Final/netty-buffer-4.1.30.Final.jar:/home/user/.m2/repository/io/netty/netty-transport/4.1.30.Final/netty-transport-4.1.30.Final.jar:/home/user/.m2/repository/io/netty/netty-resolver/4.1.30.Final/netty-resolver-4.1.30.Final.jar:/home/user/.m2/repository/io/netty/netty-transport-native-unix-common/4.1.30.Final/netty-transport-native-unix-common-4.1.30.Final.jar:/home/user/.m2/repository/io/grpc/grpc-protobuf/1.17.1/grpc-protobuf-1.17.1.jar:/home/user/.m2/repository/com/google/api/grpc/proto-google-common-protos/1.0.0/proto-google-common-protos-1.0.0.jar:/home/user/.m2/repository/io/grpc/grpc-protobuf-lite/1.17.1/grpc-protobuf-lite-1.17.1.jar:/home/user/.m2/repository/io/grpc/grpc-stub/1.17.1/grpc-stub-1.17.1.jar:/home/user/.m2/repository/org/apache/hadoop/hadoop-ozone-recon/0.5.0-SNAPSHOT/hadoop-ozone-recon-0.5.0-SNAPSHOT.jar:/home/user/.m2/repository/org/apache/hadoop/hadoop-ozone-reconcodegen/0.5.0-SNAPSHOT/hadoop-ozone-reconcodegen-0.5.0-SNAPSHOT.jar:/home/user/.m2/repository/com/google/inject/extensions/guice-multibindings/4.0/guice-multibindings-4.0.jar:/home/user/.m2/repository/com/google/inject/guice/4.0/guice-4.0.jar:/home/user/.m2/repository/aopalliance/aopalliance/1.0/aopalliance-1.0.jar:/home/user/.m2/repository/com/google/inject/extensions/guice-servlet/4.0/guice-servlet-4.0.jar:/home/user/.m2/repository/org/glassfish/jersey/containers/jersey-container-servlet/2.27/jersey-container-servlet-2.27.jar:/home/user/.m2/repository/org/glassfish/hk2/guice-bridge/2.5.0/guice-bridge-2.5.0.jar:/home/user/.m2/repository/org/glassfish/jersey/core/jersey-server/2.27/jersey-server-2.27.jar:/home/user/.m2/repository/org/glassfish/jersey/core/jersey-client/2.27/jersey-client-2.27.jar:/home/user/.m2/repository/org/glassfish/jersey/media/jersey-media-jaxb/2.27/jersey-media-jaxb-2.27.jar:/home/user/.m2/repository/javax/validation/validation-api/1.1.0.Final/validation-api-1.1.0.Final.jar:/home/user/.m2/repository/org/glassfish/jersey/media/jersey-media-json-jackson/2.27/jersey-media-json-jackson-2.27.jar:/home/user/.m2/repository/org/glassfish/jersey/ext/jersey-entity-filtering/2.27/jersey-entity-filtering-2.27.jar:/home/user/.m2/repository/com/google/inject/extensions/guice-assistedinject/4.0/guice-assistedinject-4.0.jar:/home/user/.m2/repository/org/jooq/jooq/3.11.10/jooq-3.11.10.jar:/home/user/.m2/repository/org/jooq/jooq-meta/3.11.10/jooq-meta-3.11.10.jar:/home/user/.m2/repository/org/jooq/jooq-codegen/3.11.10/jooq-codegen-3.11.10.jar:/home/user/.m2/repository/com/jolbox/bonecp/0.8.0.RELEASE/bonecp-0.8.0.RELEASE.jar:/home/user/.m2/repository/org/xerial/sqlite-jdbc/3.25.2/sqlite-jdbc-3.25.2.jar:/home/user/.m2/repository/org/springframework/spring-jdbc/5.1.3.RELEASE/spring-jdbc-5.1.3.RELEASE.jar:/home/user/.m2/repository/org/springframework/spring-beans/5.1.3.RELEASE/spring-beans-5.1.3.RELEASE.jar:/home/user/.m2/repository/org/springframework/spring-core/5.1.3.RELEASE/spring-core-5.1.3.RELEASE.jar:/home/user/.m2/repository/org/springframework/spring-jcl/5.1.3.RELEASE/spring-jcl-5.1.3.RELEASE.jar:/home/user/.m2/repository/org/springframework/spring-tx/5.1.3.RELEASE/spring-tx-5.1.3.RELEASE.jar:/home/user/.m2/repository/org/apache/hadoop/hadoop-ozone-client/0.5.0-SNAPSHOT/hadoop-ozone-client-0.5.0-SNAPSHOT.jar:/home/user/.m2/repository/commons-lang/commons-lang/2.6/commons-lang-2.6.jar:/home/user/.m2/repository/org/apache/hadoop/hadoop-ozone-ozone-manager/0.5.0-SNAPSHOT/hadoop-ozone-ozone-manager-0.5.0-SNAPSHOT-tests.jar:/home/user/.m2/repository/junit/junit/4.11/junit-4.11.jar:/home/user/.m2/repository/org/hamcrest/hamcrest-core/1.3/hamcrest-core-1.3.jar:/home/user/.m2/repository/org/openjdk/jmh/jmh-core/1.19/jmh-core-1.19.jar:/home/user/.m2/repository/net/sf/jopt-simple/jopt-simple/4.6/jopt-simple-4.6.jar:/home/user/.m2/repository/org/apache/commons/commons-math3/3.1.1/commons-math3-3.1.1.jar:/home/user/.m2/repository/org/openjdk/jmh/jmh-generator-annprocess/1.19/jmh-generator-annprocess-1.19.jar:/home/user/.m2/repository/org/mockito/mockito-all/1.8.5/mockito-all-1.8.5.jar:/home/user/.m2/repository/org/apache/hadoop/hadoop-kms/3.2.0/hadoop-kms-3.2.0.jar:/home/user/.m2/repository/org/apache/hadoop/hadoop-auth/3.2.0/hadoop-auth-3.2.0.jar:/home/user/.m2/repository/com/nimbusds/nimbus-jose-jwt/4.41.1/nimbus-jose-jwt-4.41.1.jar:/home/user/.m2/repository/com/github/stephenc/jcip/jcip-annotations/1.0-1/jcip-annotations-1.0-1.jar:/home/user/.m2/repository/net/minidev/json-smart/2.3/json-smart-2.3.jar:/home/user/.m2/repository/net/minidev/accessors-smart/1.2/accessors-smart-1.2.jar:/home/user/.m2/repository/org/ow2/asm/asm/5.0.4/asm-5.0.4.jar:/home/user/.m2/repository/org/apache/curator/curator-framework/2.12.0/curator-framework-2.12.0.jar:/home/user/.m2/repository/com/sun/jersey/jersey-core/1.19/jersey-core-1.19.jar:/home/user/.m2/repository/javax/ws/rs/jsr311-api/1.1.1/jsr311-api-1.1.1.jar:/home/user/.m2/repository/com/sun/jersey/jersey-server/1.19/jersey-server-1.19.jar:/home/user/.m2/repository/javax/servlet/javax.servlet-api/3.1.0/javax.servlet-api-3.1.0.jar:/home/user/.m2/repository/org/eclipse/jetty/jetty-server/9.3.24.v20180605/jetty-server-9.3.24.v20180605.jar:/home/user/.m2/repository/org/eclipse/jetty/jetty-http/9.3.24.v20180605/jetty-http-9.3.24.v20180605.jar:/home/user/.m2/repository/org/eclipse/jetty/jetty-io/9.3.24.v20180605/jetty-io-9.3.24.v20180605.jar:/home/user/.m2/repository/org/eclipse/jetty/jetty-webapp/9.3.24.v20180605/jetty-webapp-9.3.24.v20180605.jar:/home/user/.m2/repository/org/eclipse/jetty/jetty-xml/9.3.24.v20180605/jetty-xml-9.3.24.v20180605.jar:/home/user/.m2/repository/log4j/log4j/1.2.17/log4j-1.2.17.jar:/home/user/.m2/repository/org/slf4j/slf4j-api/1.7.25/slf4j-api-1.7.25.jar:/home/user/.m2/repository/org/slf4j/jul-to-slf4j/1.7.25/jul-to-slf4j-1.7.25.jar:/home/user/.m2/repository/org/eclipse/jetty/jetty-util/9.3.24.v20180605/jetty-util-9.3.24.v20180605.jar:/home/user/.m2/repository/com/fasterxml/jackson/core/jackson-databind/2.9.5/jackson-databind-2.9.5.jar:/home/user/.m2/repository/org/apache/hadoop/hadoop-kms/3.2.0/hadoop-kms-3.2.0-tests.jar:/home/user/.m2/repository/org/apache/hadoop/hadoop-hdds-server-scm/0.5.0-SNAPSHOT/hadoop-hdds-server-scm-0.5.0-SNAPSHOT-tests.jar:/home/user/.m2/repository/org/apache/hadoop/hadoop-hdds-container-service/0.5.0-SNAPSHOT/hadoop-hdds-container-service-0.5.0-SNAPSHOT-tests.jar:/home/user/.m2/repository/org/yaml/snakeyaml/1.16/snakeyaml-1.16.jar:/home/user/.m2/repository/org/apache/hadoop/hadoop-common/3.2.0/hadoop-common-3.2.0-tests.jar:/home/user/.m2/repository/org/apache/hadoop/hadoop-annotations/3.2.0/hadoop-annotations-3.2.0.jar:/usr/lib/jvm/java-1.8-openjdk/jre/../lib/tools.jar:/home/user/.m2/repository/commons-cli/commons-cli/1.2/commons-cli-1.2.jar:/home/user/.m2/repository/org/apache/httpcomponents/httpclient/4.5.2/httpclient-4.5.2.jar:/home/user/.m2/repository/org/apache/httpcomponents/httpcore/4.4.4/httpcore-4.4.4.jar:/home/user/.m2/repository/commons-codec/commons-codec/1.11/commons-codec-1.11.jar:/home/user/.m2/repository/commons-net/commons-net/3.6/commons-net-3.6.jar:/home/user/.m2/repository/commons-collections/commons-collections/3.2.2/commons-collections-3.2.2.jar:/home/user/.m2/repository/org/eclipse/jetty/jetty-servlet/9.3.24.v20180605/jetty-servlet-9.3.24.v20180605.jar:/home/user/.m2/repository/org/eclipse/jetty/jetty-security/9.3.24.v20180605/jetty-security-9.3.24.v20180605.jar:/home/user/.m2/repository/javax/servlet/jsp/jsp-api/2.1/jsp-api-2.1.jar:/home/user/.m2/repository/com/sun/jersey/jersey-servlet/1.19/jersey-servlet-1.19.jar:/home/user/.m2/repository/com/sun/jersey/jersey-json/1.19/jersey-json-1.19.jar:/home/user/.m2/repository/org/codehaus/jettison/jettison/1.1/jettison-1.1.jar:/home/user/.m2/repository/org/codehaus/jackson/jackson-core-asl/1.9.13/jackson-core-asl-1.9.13.jar:/home/user/.m2/repository/org/codehaus/jackson/jackson-mapper-asl/1.9.13/jackson-mapper-asl-1.9.13.jar:/home/user/.m2/repository/org/codehaus/jackson/jackson-jaxrs/1.9.13/jackson-jaxrs-1.9.13.jar:/home/user/.m2/repository/org/codehaus/jackson/jackson-xc/1.9.13/jackson-xc-1.9.13.jar:/home/user/.m2/repository/commons-logging/commons-logging/1.1.3/commons-logging-1.1.3.jar:/home/user/.m2/repository/commons-beanutils/commons-beanutils/1.9.3/commons-beanutils-1.9.3.jar:/home/user/.m2/repository/org/apache/commons/commons-configuration2/2.1.1/commons-configuration2-2.1.1.jar:/home/user/.m2/repository/org/apache/commons/commons-lang3/3.7/commons-lang3-3.7.jar:/home/user/.m2/repository/org/apache/commons/commons-text/1.4/commons-text-1.4.jar:/home/user/.m2/repository/org/apache/avro/avro/1.7.7/avro-1.7.7.jar:/home/user/.m2/repository/com/thoughtworks/paranamer/paranamer/2.3/paranamer-2.3.jar:/home/user/.m2/repository/org/xerial/snappy/snappy-java/1.0.5/snappy-java-1.0.5.jar:/home/user/.m2/repository/com/google/re2j/re2j/1.1/re2j-1.1.jar:/home/user/.m2/repository/com/google/code/gson/gson/2.2.4/gson-2.2.4.jar:/home/user/.m2/repository/com/jcraft/jsch/0.1.54/jsch-0.1.54.jar:/home/user/.m2/repository/org/apache/curator/curator-client/2.12.0/curator-client-2.12.0.jar:/home/user/.m2/repository/org/apache/curator/curator-recipes/2.12.0/curator-recipes-2.12.0.jar:/home/user/.m2/repository/com/google/code/findbugs/jsr305/3.0.0/jsr305-3.0.0.jar:/home/user/.m2/repository/org/apache/htrace/htrace-core4/4.1.0-incubating/htrace-core4-4.1.0-incubating.jar:/home/user/.m2/repository/org/apache/zookeeper/zookeeper/3.4.13/zookeeper-3.4.13.jar:/home/user/.m2/repository/org/apache/yetus/audience-annotations/0.5.0/audience-annotations-0.5.0.jar:/home/user/.m2/repository/org/codehaus/woodstox/stax2-api/3.1.4/stax2-api-3.1.4.jar:/home/user/.m2/repository/com/fasterxml/woodstox/woodstox-core/5.0.3/woodstox-core-5.0.3.jar:/home/user/.m2/repository/dnsjava/dnsjava/2.1.7/dnsjava-2.1.7.jar:/home/user/.m2/repository/org/apache/hadoop/hadoop-hdfs/3.2.0/hadoop-hdfs-3.2.0-tests.jar:/home/user/.m2/repository/org/eclipse/jetty/jetty-util-ajax/9.3.24.v20180605/jetty-util-ajax-9.3.24.v20180605.jar:/home/user/.m2/repository/commons-daemon/commons-daemon/1.0.13/commons-daemon-1.0.13.jar:/home/user/.m2/repository/io/netty/netty/3.10.5.Final/netty-3.10.5.Final.jar:/home/user/.m2/repository/io/netty/netty-all/4.0.52.Final/netty-all-4.0.52.Final.jar:/home/user/.m2/repository/org/fusesource/leveldbjni/leveldbjni-all/1.8/leveldbjni-all-1.8.jar:"/>
    <property name="sun.cpu.endian" value="little"/>
    <property name="user.home" value="/home/user"/>
    <property name="user.language" value="en"/>
    <property name="java.specification.vendor" value="Oracle Corporation"/>
    <property name="java.home" value="/usr/lib/jvm/java-1.8-openjdk/jre"/>
    <property name="java.security.krb5.conf" value="/workdir/hadoop-ozone/integration-test/target/test-classes/krb5.conf"/>
    <property name="basedir" value="/workdir/hadoop-ozone/integration-test"/>
    <property name="file.separator" value="/"/>
    <property name="line.separator" value="&#10;"/>
    <property name="java.vm.specification.vendor" value="Oracle Corporation"/>
    <property name="java.specification.name" value="Java Platform API Specification"/>
    <property name="java.awt.graphicsenv" value="sun.awt.X11GraphicsEnvironment"/>
    <property name="surefire.real.class.path" value="/workdir/hadoop-ozone/integration-test/target/surefire/surefirebooter8171841379922699128.jar"/>
    <property name="hadoop.log.dir" value="/workdir/hadoop-ozone/integration-test/target/log"/>
    <property name="sun.boot.class.path" value="/usr/lib/jvm/java-1.8-openjdk/jre/lib/resources.jar:/usr/lib/jvm/java-1.8-openjdk/jre/lib/rt.jar:/usr/lib/jvm/java-1.8-openjdk/jre/lib/sunrsasign.jar:/usr/lib/jvm/java-1.8-openjdk/jre/lib/jsse.jar:/usr/lib/jvm/java-1.8-openjdk/jre/lib/jce.jar:/usr/lib/jvm/java-1.8-openjdk/jre/lib/charsets.jar:/usr/lib/jvm/java-1.8-openjdk/jre/lib/jfr.jar:/usr/lib/jvm/java-1.8-openjdk/jre/classes"/>
    <property name="sun.management.compiler" value="HotSpot 64-Bit Tiered Compilers"/>
    <property name="java.runtime.version" value="1.8.0_212-b04"/>
    <property name="java.net.preferIPv4Stack" value="true"/>
    <property name="user.name" value="jenkins1000"/>
    <property name="path.separator" value=":"/>
    <property name="java.security.egd" value="file:///dev/urandom"/>
    <property name="os.version" value="3.10.0-957.12.2.el7.x86_64"/>
    <property name="java.endorsed.dirs" value="/usr/lib/jvm/java-1.8-openjdk/jre/lib/endorsed"/>
    <property name="java.runtime.name" value="OpenJDK Runtime Environment"/>
    <property name="file.encoding" value="UTF-8"/>
    <property name="java.vm.name" value="OpenJDK 64-Bit Server VM"/>
    <property name="test.build.webapps" value=""/>
    <property name="localRepository" value="/home/user/.m2/repository"/>
    <property name="java.vendor.url.bug" value="https://icedtea.classpath.org/bugzilla"/>
    <property name="java.io.tmpdir" value="/tmp"/>
    <property name="require.test.libhadoop" value=""/>
    <property name="java.version" value="1.8.0_212"/>
    <property name="user.dir" value="/workdir/hadoop-ozone/integration-test"/>
    <property name="os.arch" value="amd64"/>
    <property name="java.vm.specification.name" value="Java Virtual Machine Specification"/>
    <property name="test.build.classes" value="/workdir/hadoop-ozone/integration-test/target/test-classes"/>
    <property name="java.awt.printerjob" value="sun.print.PSPrinterJob"/>
    <property name="sun.os.patch.level" value="unknown"/>
    <property name="hadoop.tmp.dir" value="/workdir/hadoop-ozone/integration-test/target/tmp"/>
    <property name="java.library.path" value="/usr/lib/jvm/java-1.8-openjdk/jre/lib/amd64/server:/usr/lib/jvm/java-1.8-openjdk/jre/lib/amd64:/usr/lib/jvm/java-1.8-openjdk/jre/../lib/amd64:/workdir/hadoop-ozone/integration-test/target/native/target/usr/local/lib:/workdir/hadoop-ozone/integration-test/../../hadoop-common-project/hadoop-common/target/native/target/usr/local/lib:/usr/java/packages/lib/amd64:/usr/lib64:/lib64:/lib:/usr/lib"/>
    <property name="java.vm.info" value="mixed mode"/>
    <property name="java.vendor" value="IcedTea"/>
    <property name="java.vm.version" value="25.212-b04"/>
    <property name="java.ext.dirs" value="/usr/lib/jvm/java-1.8-openjdk/jre/lib/ext:/usr/java/packages/lib/ext"/>
    <property name="sun.io.unicode.encoding" value="UnicodeLittle"/>
    <property name="java.class.version" value="52.0"/>
  </properties>
  <testcase name="testGroupMismatchExceptionHandling" classname="org.apache.hadoop.ozone.client.rpc.TestOzoneClientRetriesOnException" time="39.436"/>
  <testcase name="testMaxRetriesByOzoneClient" classname="org.apache.hadoop.ozone.client.rpc.TestOzoneClientRetriesOnException" time="335.338">
    <error message="Failed to command cmdType: CreateContainer&#10;containerID: 1&#10;datanodeUuid: &quot;df817b81-633c-4047-a5d9-a1ed1747652a&quot;&#10;createContainer {&#10;}&#10;" type="java.io.IOException">java.io.IOException: 
Failed to command cmdType: CreateContainer
containerID: 1
datanodeUuid: "df817b81-633c-4047-a5d9-a1ed1747652a"
createContainer {
}

	at org.apache.hadoop.hdds.scm.XceiverClientSpi.sendCommand(XceiverClientSpi.java:113)
	at org.apache.hadoop.ozone.client.rpc.TestOzoneClientRetriesOnException.testMaxRetriesByOzoneClient(TestOzoneClientRetriesOnException.java:190)
	at sun.reflect.NativeMethodAccessorImpl.invoke0(Native Method)
	at sun.reflect.NativeMethodAccessorImpl.invoke(NativeMethodAccessorImpl.java:62)
	at sun.reflect.DelegatingMethodAccessorImpl.invoke(DelegatingMethodAccessorImpl.java:43)
	at java.lang.reflect.Method.invoke(Method.java:498)
	at org.junit.runners.model.FrameworkMethod$1.runReflectiveCall(FrameworkMethod.java:47)
	at org.junit.internal.runners.model.ReflectiveCallable.run(ReflectiveCallable.java:12)
	at org.junit.runners.model.FrameworkMethod.invokeExplosively(FrameworkMethod.java:44)
	at org.junit.internal.runners.statements.InvokeMethod.evaluate(InvokeMethod.java:17)
	at org.junit.internal.runners.statements.RunBefores.evaluate(RunBefores.java:26)
	at org.junit.internal.runners.statements.RunAfters.evaluate(RunAfters.java:27)
	at org.junit.runners.ParentRunner.runLeaf(ParentRunner.java:271)
	at org.junit.runners.BlockJUnit4ClassRunner.runChild(BlockJUnit4ClassRunner.java:70)
	at org.junit.runners.BlockJUnit4ClassRunner.runChild(BlockJUnit4ClassRunner.java:50)
	at org.junit.runners.ParentRunner$3.run(ParentRunner.java:238)
	at org.junit.runners.ParentRunner$1.schedule(ParentRunner.java:63)
	at org.junit.runners.ParentRunner.runChildren(ParentRunner.java:236)
	at org.junit.runners.ParentRunner.access$000(ParentRunner.java:53)
	at org.junit.runners.ParentRunner$2.evaluate(ParentRunner.java:229)
	at org.junit.runners.ParentRunner.run(ParentRunner.java:309)
	at org.apache.maven.surefire.junit4.JUnit4Provider.execute(JUnit4Provider.java:365)
	at org.apache.maven.surefire.junit4.JUnit4Provider.executeWithRerun(JUnit4Provider.java:273)
	at org.apache.maven.surefire.junit4.JUnit4Provider.executeTestSet(JUnit4Provider.java:238)
	at org.apache.maven.surefire.junit4.JUnit4Provider.invoke(JUnit4Provider.java:159)
	at org.apache.maven.surefire.booter.ForkedBooter.invokeProviderInSameClassLoader(ForkedBooter.java:384)
	at org.apache.maven.surefire.booter.ForkedBooter.runSuitesInProcess(ForkedBooter.java:345)
	at org.apache.maven.surefire.booter.ForkedBooter.execute(ForkedBooter.java:126)
	at org.apache.maven.surefire.booter.ForkedBooter.main(ForkedBooter.java:418)
Caused by: java.util.concurrent.ExecutionException: org.apache.ratis.protocol.RaftRetryFailureException: Failed RaftClientRequest:client-7D66C95EED4C->df817b81-633c-4047-a5d9-a1ed1747652a@group-9E86F654D414, cid=45, seq=4*, RW, org.apache.hadoop.hdds.scm.XceiverClientRatis$$Lambda$342/836841663@3360791e for 180 attempts with RetryLimited(maxAttempts=180, sleepTime=1000ms)
	at java.util.concurrent.CompletableFuture.reportGet(CompletableFuture.java:357)
	at java.util.concurrent.CompletableFuture.get(CompletableFuture.java:1895)
	at org.apache.hadoop.hdds.scm.XceiverClientSpi.sendCommand(XceiverClientSpi.java:110)
	... 28 more
Caused by: org.apache.ratis.protocol.RaftRetryFailureException: Failed RaftClientRequest:client-7D66C95EED4C->df817b81-633c-4047-a5d9-a1ed1747652a@group-9E86F654D414, cid=45, seq=4*, RW, org.apache.hadoop.hdds.scm.XceiverClientRatis$$Lambda$342/836841663@3360791e for 180 attempts with RetryLimited(maxAttempts=180, sleepTime=1000ms)
	at org.apache.ratis.client.impl.RaftClientImpl.noMoreRetries(RaftClientImpl.java:271)
	at org.apache.ratis.client.impl.OrderedAsync.handleAsyncRetryFailure(OrderedAsync.java:138)
	at org.apache.ratis.client.impl.OrderedAsync.lambda$sendRequest$10(OrderedAsync.java:230)
	at java.util.concurrent.CompletableFuture.uniExceptionally(CompletableFuture.java:870)
	at java.util.concurrent.CompletableFuture$UniExceptionally.tryFire(CompletableFuture.java:852)
	at java.util.concurrent.CompletableFuture.postComplete(CompletableFuture.java:474)
	at java.util.concurrent.CompletableFuture.completeExceptionally(CompletableFuture.java:1977)
	at org.apache.ratis.grpc.client.GrpcClientProtocolClient$AsyncStreamObservers.completeReplyExceptionally(GrpcClientProtocolClient.java:339)
	at org.apache.ratis.grpc.client.GrpcClientProtocolClient$AsyncStreamObservers.access$000(GrpcClientProtocolClient.java:255)
	at org.apache.ratis.grpc.client.GrpcClientProtocolClient$AsyncStreamObservers$1.onNext(GrpcClientProtocolClient.java:267)
	at org.apache.ratis.grpc.client.GrpcClientProtocolClient$AsyncStreamObservers$1.onNext(GrpcClientProtocolClient.java:258)
	at org.apache.ratis.thirdparty.io.grpc.stub.ClientCalls$StreamObserverToCallListenerAdapter.onMessage(ClientCalls.java:421)
	at org.apache.ratis.thirdparty.io.grpc.ForwardingClientCallListener.onMessage(ForwardingClientCallListener.java:33)
	at org.apache.ratis.thirdparty.io.grpc.ForwardingClientCallListener.onMessage(ForwardingClientCallListener.java:33)
	at org.apache.ratis.thirdparty.io.grpc.internal.ClientCallImpl$ClientStreamListenerImpl$1MessagesAvailable.runInContext(ClientCallImpl.java:519)
	at org.apache.ratis.thirdparty.io.grpc.internal.ContextRunnable.run(ContextRunnable.java:37)
	at org.apache.ratis.thirdparty.io.grpc.internal.SerializingExecutor.run(SerializingExecutor.java:123)
	at java.util.concurrent.ThreadPoolExecutor.runWorker(ThreadPoolExecutor.java:1149)
	at java.util.concurrent.ThreadPoolExecutor$Worker.run(ThreadPoolExecutor.java:624)
	at java.lang.Thread.run(Thread.java:748)
Caused by: org.apache.ratis.protocol.NotLeaderException: Server df817b81-633c-4047-a5d9-a1ed1747652a@group-9E86F654D414 is not the leader 898294ac-8be2-4fe7-97bd-ef7091906e13:192.168.36.125:38039
	at org.apache.ratis.client.impl.ClientProtoUtils.toRaftClientReply(ClientProtoUtils.java:243)
	at org.apache.ratis.grpc.client.GrpcClientProtocolClient$AsyncStreamObservers$1.onNext(GrpcClientProtocolClient.java:263)
	... 10 more
</error>
    <system-out><![CDATA[2019-09-11 05:23:07,133 [main] WARN  server.ServerUtils (ServerUtils.java:getScmDbDir(145)) - ozone.scm.db.dirs is not configured. We recommend adding this setting. Falling back to ozone.metadata.dirs instead.
2019-09-11 05:23:07,148 [main] WARN  server.ServerUtils (ServerUtils.java:getScmDbDir(145)) - ozone.scm.db.dirs is not configured. We recommend adding this setting. Falling back to ozone.metadata.dirs instead.
2019-09-11 05:23:07,149 [main] WARN  server.ServerUtils (ServerUtils.java:getScmDbDir(145)) - ozone.scm.db.dirs is not configured. We recommend adding this setting. Falling back to ozone.metadata.dirs instead.
2019-09-11 05:23:07,149 [main] INFO  db.DBStoreBuilder (DBStoreBuilder.java:addTable(110)) - using custom profile for table: deletedBlocks
2019-09-11 05:23:07,149 [main] INFO  db.DBStoreBuilder (DBStoreBuilder.java:processTables(161)) - Using default column profile:DBProfile.DISK for Table:deletedBlocks
2019-09-11 05:23:07,150 [main] INFO  db.DBStoreBuilder (DBStoreBuilder.java:addTable(110)) - using custom profile for table: validCerts
2019-09-11 05:23:07,150 [main] INFO  db.DBStoreBuilder (DBStoreBuilder.java:processTables(161)) - Using default column profile:DBProfile.DISK for Table:validCerts
2019-09-11 05:23:07,150 [main] INFO  db.DBStoreBuilder (DBStoreBuilder.java:addTable(110)) - using custom profile for table: revokedCerts
2019-09-11 05:23:07,150 [main] INFO  db.DBStoreBuilder (DBStoreBuilder.java:processTables(161)) - Using default column profile:DBProfile.DISK for Table:revokedCerts
2019-09-11 05:23:07,151 [main] INFO  db.DBStoreBuilder (DBStoreBuilder.java:addTable(110)) - using custom profile for table: default
2019-09-11 05:23:07,151 [main] INFO  db.DBStoreBuilder (DBStoreBuilder.java:processTables(167)) - Using default column profile:DBProfile.DISK for Table:default
2019-09-11 05:23:07,151 [main] INFO  db.DBStoreBuilder (DBStoreBuilder.java:getDbProfile(198)) - Using default options. DBProfile.DISK
2019-09-11 05:23:07,255 [main] INFO  net.NodeSchemaLoader (NodeSchemaLoader.java:loadSchemaFromFile(125)) - Loading file from sun.misc.CompoundEnumeration@22d9bc14
2019-09-11 05:23:07,255 [main] INFO  net.NodeSchemaLoader (NodeSchemaLoader.java:loadSchema(171)) - Loading network topology layer schema file
2019-09-11 05:23:07,259 [main] WARN  server.ServerUtils (ServerUtils.java:sanitizeUserArgs(70)) - ozone.scm.stale.node.interval value = 300000 is larger than max = 100000 based on the key value of ozone.scm.heartbeat.thread.interval, reset to the max value 100000.
2019-09-11 05:23:07,259 [main] WARN  server.ServerUtils (ServerUtils.java:sanitizeUserArgs(70)) - ozone.scm.stale.node.interval value = 300000 is larger than max = 100000 based on the key value of ozone.scm.heartbeat.thread.interval, reset to the max value 100000.
2019-09-11 05:23:07,260 [main] INFO  node.SCMNodeManager (SCMNodeManager.java:<init>(114)) - Entering startup safe mode.
2019-09-11 05:23:07,260 [main] INFO  algorithms.ContainerPlacementPolicyFactory (ContainerPlacementPolicyFactory.java:getPolicy(57)) - Create container placement policy of type org.apache.hadoop.hdds.scm.container.placement.algorithms.SCMContainerPlacementRandom
2019-09-11 05:23:07,261 [main] WARN  server.ServerUtils (ServerUtils.java:getScmDbDir(145)) - ozone.scm.db.dirs is not configured. We recommend adding this setting. Falling back to ozone.metadata.dirs instead.
2019-09-11 05:23:07,309 [main] INFO  pipeline.SCMPipelineManager (SCMPipelineManager.java:initializePipelineState(128)) - No pipeline exists in current db
2019-09-11 05:23:07,309 [main] WARN  server.ServerUtils (ServerUtils.java:getScmDbDir(145)) - ozone.scm.db.dirs is not configured. We recommend adding this setting. Falling back to ozone.metadata.dirs instead.
2019-09-11 05:23:07,359 [main] WARN  events.EventQueue (EventQueue.java:fireEvent(183)) - No event handler registered for event TypedEvent{payloadType=SafeModeStatus, name='SafeModeStatus'}
2019-09-11 05:23:07,360 [main] INFO  ipc.CallQueueManager (CallQueueManager.java:<init>(84)) - Using callQueue: class java.util.concurrent.LinkedBlockingQueue, queueCapacity: 2000, scheduler: class org.apache.hadoop.ipc.DefaultRpcScheduler, ipcBackoff: false.
2019-09-11 05:23:07,361 [Socket Reader #1 for port 41541] INFO  ipc.Server (Server.java:run(1074)) - Starting Socket Reader #1 for port 41541
2019-09-11 05:23:07,362 [main] INFO  ipc.CallQueueManager (CallQueueManager.java:<init>(84)) - Using callQueue: class java.util.concurrent.LinkedBlockingQueue, queueCapacity: 2000, scheduler: class org.apache.hadoop.ipc.DefaultRpcScheduler, ipcBackoff: false.
2019-09-11 05:23:07,363 [Socket Reader #1 for port 45327] INFO  ipc.Server (Server.java:run(1074)) - Starting Socket Reader #1 for port 45327
2019-09-11 05:23:07,365 [main] INFO  ipc.CallQueueManager (CallQueueManager.java:<init>(84)) - Using callQueue: class java.util.concurrent.LinkedBlockingQueue, queueCapacity: 2000, scheduler: class org.apache.hadoop.ipc.DefaultRpcScheduler, ipcBackoff: false.
2019-09-11 05:23:07,366 [Socket Reader #1 for port 41839] INFO  ipc.Server (Server.java:run(1074)) - Starting Socket Reader #1 for port 41839
2019-09-11 05:23:07,368 [main] INFO  hdfs.DFSUtil (DFSUtil.java:httpServerTemplateForNNAndJN(1641)) - Starting Web-server for scm at: http://0.0.0.0:0
2019-09-11 05:23:07,371 [main] INFO  server.AuthenticationFilter (AuthenticationFilter.java:constructSecretProvider(240)) - Unable to initialize FileSignerSecretProvider, falling back to use random secrets.
2019-09-11 05:23:07,371 [main] WARN  http.HttpRequestLog (HttpRequestLog.java:getRequestLog(97)) - Jetty request log can only be enabled using Log4j
2019-09-11 05:23:07,374 [main] INFO  http.HttpServer2 (HttpServer2.java:addGlobalFilter(975)) - Added global filter 'safety' (class=org.apache.hadoop.http.HttpServer2$QuotingInputFilter)
2019-09-11 05:23:07,375 [main] INFO  http.HttpServer2 (HttpServer2.java:addFilter(948)) - Added filter static_user_filter (class=org.apache.hadoop.http.lib.StaticUserWebFilter$StaticUserFilter) to context scm
2019-09-11 05:23:07,375 [main] INFO  http.HttpServer2 (HttpServer2.java:addFilter(958)) - Added filter static_user_filter (class=org.apache.hadoop.http.lib.StaticUserWebFilter$StaticUserFilter) to context static
2019-09-11 05:23:07,375 [main] INFO  http.HttpServer2 (HttpServer2.java:addFilter(958)) - Added filter static_user_filter (class=org.apache.hadoop.http.lib.StaticUserWebFilter$StaticUserFilter) to context logs
2019-09-11 05:23:07,379 [main] INFO  server.StorageContainerManager (StorageContainerManager.java:start(763)) - StorageContainerLocationProtocol RPC server is listening at /0.0.0.0:41839
2019-09-11 05:23:07,381 [main] WARN  impl.MetricsConfig (MetricsConfig.java:loadFirst(134)) - Cannot locate configuration: tried hadoop-metrics2-storagecontainermanager.properties,hadoop-metrics2.properties
2019-09-11 05:23:07,382 [main] INFO  impl.MetricsSystemImpl (MetricsSystemImpl.java:startTimer(374)) - Scheduled Metric snapshot period at 10 second(s).
2019-09-11 05:23:07,382 [main] INFO  impl.MetricsSystemImpl (MetricsSystemImpl.java:start(191)) - StorageContainerManager metrics system started
2019-09-11 05:23:07,419 [main] WARN  impl.MetricsSystemImpl (MetricsSystemImpl.java:register(276)) - Sink prometheus already exists!
2019-09-11 05:23:07,426 [main] INFO  server.SCMClientProtocolServer (SCMClientProtocolServer.java:start(151)) - RPC server for Client  is listening at /0.0.0.0:41839
2019-09-11 05:23:07,427 [IPC Server Responder] INFO  ipc.Server (Server.java:run(1314)) - IPC Server Responder: starting
2019-09-11 05:23:07,427 [IPC Server listener on 41839] INFO  ipc.Server (Server.java:run(1153)) - IPC Server listener on 41839: starting
2019-09-11 05:23:07,430 [main] INFO  server.StorageContainerManager (StorageContainerManager.java:start(773)) - ScmBlockLocationProtocol RPC server is listening at /0.0.0.0:45327
2019-09-11 05:23:07,430 [main] INFO  server.SCMBlockProtocolServer (SCMBlockProtocolServer.java:start(146)) - RPC server for Block Protocol is listening at /0.0.0.0:45327
2019-09-11 05:23:07,431 [IPC Server Responder] INFO  ipc.Server (Server.java:run(1314)) - IPC Server Responder: starting
2019-09-11 05:23:07,431 [IPC Server listener on 45327] INFO  ipc.Server (Server.java:run(1153)) - IPC Server listener on 45327: starting
2019-09-11 05:23:07,434 [main] INFO  server.StorageContainerManager (StorageContainerManager.java:start(777)) - ScmDatanodeProtocl RPC server is listening at /0.0.0.0:41541
2019-09-11 05:23:07,434 [main] INFO  server.SCMDatanodeProtocolServer (SCMDatanodeProtocolServer.java:start(191)) - RPC server for DataNodes is listening at /0.0.0.0:41541
2019-09-11 05:23:07,434 [IPC Server Responder] INFO  ipc.Server (Server.java:run(1314)) - IPC Server Responder: starting
2019-09-11 05:23:07,434 [IPC Server listener on 41541] INFO  ipc.Server (Server.java:run(1153)) - IPC Server listener on 41541: starting
2019-09-11 05:23:07,438 [main] INFO  http.HttpServer2 (HttpServer2.java:bindListener(1191)) - Jetty bound to port 33599
2019-09-11 05:23:07,438 [main] INFO  server.Server (Server.java:doStart(351)) - jetty-9.3.24.v20180605, build timestamp: 2018-06-05T17:11:56Z, git hash: 84205aa28f11a4f31f2a3b86d1bba2cc8ab69827
2019-09-11 05:23:07,440 [main] INFO  handler.ContextHandler (ContextHandler.java:doStart(781)) - Started o.e.j.s.ServletContextHandler@3df1a1ac{/logs,file:///workdir/hadoop-ozone/integration-test/target/log,AVAILABLE}
2019-09-11 05:23:07,440 [main] INFO  handler.ContextHandler (ContextHandler.java:doStart(781)) - Started o.e.j.s.ServletContextHandler@6a9cd0f8{/static,file:///workdir/hadoop-ozone/integration-test/target/test-classes/webapps/static,AVAILABLE}
2019-09-11 05:23:07,444 [main] INFO  handler.ContextHandler (ContextHandler.java:doStart(781)) - Started o.e.j.w.WebAppContext@3a4ab7f7{/,file:///workdir/hadoop-ozone/integration-test/target/test-classes/webapps/scm/,AVAILABLE}{/scm}
2019-09-11 05:23:07,444 [main] INFO  server.AbstractConnector (AbstractConnector.java:doStart(278)) - Started ServerConnector@6badba10{HTTP/1.1,[http/1.1]}{0.0.0.0:33599}
2019-09-11 05:23:07,445 [main] INFO  server.Server (Server.java:doStart(419)) - Started @40357ms
2019-09-11 05:23:07,445 [main] WARN  impl.MetricsSystemImpl (MetricsSystemImpl.java:register(276)) - Sink prometheus already exists!
2019-09-11 05:23:07,446 [main] INFO  server.BaseHttpServer (BaseHttpServer.java:updateConnectorAddress(215)) - HTTP server of SCM is listening at http://0.0.0.0:33599
2019-09-11 05:23:07,446 [main] WARN  server.ServerUtils (ServerUtils.java:getDBPath(222)) - ozone.om.db.dirs is not configured. We recommend adding this setting. Falling back to ozone.metadata.dirs instead.
2019-09-11 05:23:07,447 [org.apache.hadoop.util.JvmPauseMonitor$Monitor@550de6b8] INFO  util.JvmPauseMonitor (JvmPauseMonitor.java:run(188)) - Starting JVM pause monitor
2019-09-11 05:23:07,460 [main] WARN  server.ServerUtils (ServerUtils.java:getDBPath(222)) - ozone.om.db.dirs is not configured. We recommend adding this setting. Falling back to ozone.metadata.dirs instead.
2019-09-11 05:23:07,460 [main] WARN  server.ServerUtils (ServerUtils.java:getDBPath(222)) - ozone.om.db.dirs is not configured. We recommend adding this setting. Falling back to ozone.metadata.dirs instead.
2019-09-11 05:23:07,460 [main] INFO  om.OzoneManager (OzoneManager.java:setOMNodeDetails(649)) - OM Service ID is not set. Setting it to the default ID: omServiceIdDefault
2019-09-11 05:23:07,461 [main] INFO  om.OzoneManager (OzoneManager.java:setOMNodeDetails(655)) - OM Node ID is not set. Setting it to the OmStorage's OmID: 20646353-6d4c-4c54-97bc-50fb13e04591
2019-09-11 05:23:07,461 [main] INFO  om.OzoneManager (OzoneManager.java:loadOMHAConfigs(606)) - Found matching OM address with OMServiceId: null, OMNodeId: null, RPC Address: localhost:0 and Ratis port: 9872
2019-09-11 05:23:07,468 [main] WARN  server.ServerUtils (ServerUtils.java:getDBPath(222)) - ozone.om.db.dirs is not configured. We recommend adding this setting. Falling back to ozone.metadata.dirs instead.
2019-09-11 05:23:07,469 [main] INFO  db.DBStoreBuilder (DBStoreBuilder.java:addTable(110)) - using custom profile for table: userTable
2019-09-11 05:23:07,469 [main] INFO  db.DBStoreBuilder (DBStoreBuilder.java:processTables(161)) - Using default column profile:DBProfile.DISK for Table:userTable
2019-09-11 05:23:07,469 [main] INFO  db.DBStoreBuilder (DBStoreBuilder.java:addTable(110)) - using custom profile for table: volumeTable
2019-09-11 05:23:07,469 [main] INFO  db.DBStoreBuilder (DBStoreBuilder.java:processTables(161)) - Using default column profile:DBProfile.DISK for Table:volumeTable
2019-09-11 05:23:07,470 [main] INFO  db.DBStoreBuilder (DBStoreBuilder.java:addTable(110)) - using custom profile for table: bucketTable
2019-09-11 05:23:07,470 [main] INFO  db.DBStoreBuilder (DBStoreBuilder.java:processTables(161)) - Using default column profile:DBProfile.DISK for Table:bucketTable
2019-09-11 05:23:07,470 [main] INFO  db.DBStoreBuilder (DBStoreBuilder.java:addTable(110)) - using custom profile for table: keyTable
2019-09-11 05:23:07,471 [main] INFO  db.DBStoreBuilder (DBStoreBuilder.java:processTables(161)) - Using default column profile:DBProfile.DISK for Table:keyTable
2019-09-11 05:23:07,471 [main] INFO  db.DBStoreBuilder (DBStoreBuilder.java:addTable(110)) - using custom profile for table: deletedTable
2019-09-11 05:23:07,471 [main] INFO  db.DBStoreBuilder (DBStoreBuilder.java:processTables(161)) - Using default column profile:DBProfile.DISK for Table:deletedTable
2019-09-11 05:23:07,472 [main] INFO  db.DBStoreBuilder (DBStoreBuilder.java:addTable(110)) - using custom profile for table: openKeyTable
2019-09-11 05:23:07,472 [main] INFO  db.DBStoreBuilder (DBStoreBuilder.java:processTables(161)) - Using default column profile:DBProfile.DISK for Table:openKeyTable
2019-09-11 05:23:07,472 [main] INFO  db.DBStoreBuilder (DBStoreBuilder.java:addTable(110)) - using custom profile for table: s3Table
2019-09-11 05:23:07,472 [main] INFO  db.DBStoreBuilder (DBStoreBuilder.java:processTables(161)) - Using default column profile:DBProfile.DISK for Table:s3Table
2019-09-11 05:23:07,473 [main] INFO  db.DBStoreBuilder (DBStoreBuilder.java:addTable(110)) - using custom profile for table: multipartInfoTable
2019-09-11 05:23:07,473 [main] INFO  db.DBStoreBuilder (DBStoreBuilder.java:processTables(161)) - Using default column profile:DBProfile.DISK for Table:multipartInfoTable
2019-09-11 05:23:07,473 [main] INFO  db.DBStoreBuilder (DBStoreBuilder.java:addTable(110)) - using custom profile for table: dTokenTable
2019-09-11 05:23:07,473 [main] INFO  db.DBStoreBuilder (DBStoreBuilder.java:processTables(161)) - Using default column profile:DBProfile.DISK for Table:dTokenTable
2019-09-11 05:23:07,474 [main] INFO  db.DBStoreBuilder (DBStoreBuilder.java:addTable(110)) - using custom profile for table: s3SecretTable
2019-09-11 05:23:07,474 [main] INFO  db.DBStoreBuilder (DBStoreBuilder.java:processTables(161)) - Using default column profile:DBProfile.DISK for Table:s3SecretTable
2019-09-11 05:23:07,474 [main] INFO  db.DBStoreBuilder (DBStoreBuilder.java:addTable(110)) - using custom profile for table: prefixTable
2019-09-11 05:23:07,475 [main] INFO  db.DBStoreBuilder (DBStoreBuilder.java:processTables(161)) - Using default column profile:DBProfile.DISK for Table:prefixTable
2019-09-11 05:23:07,475 [main] INFO  db.DBStoreBuilder (DBStoreBuilder.java:addTable(110)) - using custom profile for table: default
2019-09-11 05:23:07,475 [main] INFO  db.DBStoreBuilder (DBStoreBuilder.java:processTables(167)) - Using default column profile:DBProfile.DISK for Table:default
2019-09-11 05:23:07,475 [main] INFO  db.DBStoreBuilder (DBStoreBuilder.java:getDbProfile(198)) - Using default options. DBProfile.DISK
2019-09-11 05:23:07,872 [main] INFO  ipc.CallQueueManager (CallQueueManager.java:<init>(84)) - Using callQueue: class java.util.concurrent.LinkedBlockingQueue, queueCapacity: 2000, scheduler: class org.apache.hadoop.ipc.DefaultRpcScheduler, ipcBackoff: false.
2019-09-11 05:23:07,873 [Socket Reader #1 for port 36314] INFO  ipc.Server (Server.java:run(1074)) - Starting Socket Reader #1 for port 36314
2019-09-11 05:23:07,890 [main] INFO  om.OzoneManager (OzoneManager.java:start(1240)) - OzoneManager RPC server is listening at localhost/127.0.0.1:36314
2019-09-11 05:23:07,890 [main] INFO  impl.MetricsSystemImpl (MetricsSystemImpl.java:init(158)) - OzoneManager metrics system started (again)
2019-09-11 05:23:07,891 [IPC Server Responder] INFO  ipc.Server (Server.java:run(1314)) - IPC Server Responder: starting
2019-09-11 05:23:07,891 [IPC Server listener on 36314] INFO  ipc.Server (Server.java:run(1153)) - IPC Server listener on 36314: starting
2019-09-11 05:23:07,896 [main] INFO  hdfs.DFSUtil (DFSUtil.java:httpServerTemplateForNNAndJN(1641)) - Starting Web-server for ozoneManager at: http://0.0.0.0:0
2019-09-11 05:23:07,899 [main] INFO  server.AuthenticationFilter (AuthenticationFilter.java:constructSecretProvider(240)) - Unable to initialize FileSignerSecretProvider, falling back to use random secrets.
2019-09-11 05:23:07,899 [main] WARN  http.HttpRequestLog (HttpRequestLog.java:getRequestLog(97)) - Jetty request log can only be enabled using Log4j
2019-09-11 05:23:07,902 [main] INFO  http.HttpServer2 (HttpServer2.java:addGlobalFilter(975)) - Added global filter 'safety' (class=org.apache.hadoop.http.HttpServer2$QuotingInputFilter)
2019-09-11 05:23:07,903 [main] INFO  http.HttpServer2 (HttpServer2.java:addFilter(948)) - Added filter static_user_filter (class=org.apache.hadoop.http.lib.StaticUserWebFilter$StaticUserFilter) to context ozoneManager
2019-09-11 05:23:07,903 [main] INFO  http.HttpServer2 (HttpServer2.java:addFilter(958)) - Added filter static_user_filter (class=org.apache.hadoop.http.lib.StaticUserWebFilter$StaticUserFilter) to context logs
2019-09-11 05:23:07,904 [main] INFO  http.HttpServer2 (HttpServer2.java:addFilter(958)) - Added filter static_user_filter (class=org.apache.hadoop.http.lib.StaticUserWebFilter$StaticUserFilter) to context static
2019-09-11 05:23:07,905 [main] INFO  http.HttpServer2 (HttpServer2.java:bindListener(1191)) - Jetty bound to port 35199
2019-09-11 05:23:07,905 [main] INFO  server.Server (Server.java:doStart(351)) - jetty-9.3.24.v20180605, build timestamp: 2018-06-05T17:11:56Z, git hash: 84205aa28f11a4f31f2a3b86d1bba2cc8ab69827
2019-09-11 05:23:07,907 [main] INFO  handler.ContextHandler (ContextHandler.java:doStart(781)) - Started o.e.j.s.ServletContextHandler@705a8dbc{/logs,file:///workdir/hadoop-ozone/integration-test/target/log,AVAILABLE}
2019-09-11 05:23:07,908 [main] INFO  handler.ContextHandler (ContextHandler.java:doStart(781)) - Started o.e.j.s.ServletContextHandler@d535a3d{/static,file:///workdir/hadoop-ozone/integration-test/target/test-classes/webapps/static,AVAILABLE}
2019-09-11 05:23:07,913 [main] INFO  handler.ContextHandler (ContextHandler.java:doStart(781)) - Started o.e.j.w.WebAppContext@3ba348ca{/,file:///workdir/hadoop-ozone/integration-test/target/test-classes/webapps/ozoneManager/,AVAILABLE}{/ozoneManager}
2019-09-11 05:23:07,914 [main] INFO  server.AbstractConnector (AbstractConnector.java:doStart(278)) - Started ServerConnector@56e9a474{HTTP/1.1,[http/1.1]}{0.0.0.0:35199}
2019-09-11 05:23:07,915 [main] INFO  server.Server (Server.java:doStart(419)) - Started @40827ms
2019-09-11 05:23:07,915 [main] WARN  impl.MetricsSystemImpl (MetricsSystemImpl.java:register(276)) - Sink prometheus already exists!
2019-09-11 05:23:07,916 [main] INFO  server.BaseHttpServer (BaseHttpServer.java:updateConnectorAddress(215)) - HTTP server of OZONEMANAGER is listening at http://0.0.0.0:35199
2019-09-11 05:23:07,934 [main] INFO  impl.MetricsSystemImpl (MetricsSystemImpl.java:init(158)) - HddsDatanode metrics system started (again)
2019-09-11 05:23:07,936 [main] INFO  ozone.HddsDatanodeService (HddsDatanodeService.java:start(184)) - HddsDatanodeService host:trunk-nightly-20190911-vpfxm-1000144475 ip:192.168.36.125
2019-09-11 05:23:07,942 [main] INFO  volume.HddsVolume (HddsVolume.java:<init>(176)) - Creating Volume: /workdir/hadoop-ozone/integration-test/target/test-dir/MiniOzoneClusterImpl-293f29a2-6a00-4c6f-b8d4-f95033339b2e/datanode-0/data/containers/hdds of  storage type : DISK and capacity : 1482555576320
2019-09-11 05:23:07,943 [main] INFO  volume.VolumeSet (VolumeSet.java:initializeVolumeSet(170)) - Added Volume : /workdir/hadoop-ozone/integration-test/target/test-dir/MiniOzoneClusterImpl-293f29a2-6a00-4c6f-b8d4-f95033339b2e/datanode-0/data/containers/hdds to VolumeSet
2019-09-11 05:23:07,943 [main] INFO  volume.ThrottledAsyncChecker (ThrottledAsyncChecker.java:schedule(139)) - Scheduling a check for org.apache.hadoop.ozone.container.common.volume.HddsVolume@7316523a
2019-09-11 05:23:07,945 [main] INFO  volume.HddsVolumeChecker (HddsVolumeChecker.java:checkAllVolumes(202)) - Scheduled health check for volume org.apache.hadoop.ozone.container.common.volume.HddsVolume@7316523a
2019-09-11 05:23:07,958 [main] INFO  impl.RaftServerProxy (ConfUtils.java:logGet(43)) - raft.rpc.type = GRPC (default)
2019-09-11 05:23:07,958 [main] INFO  grpc.GrpcFactory (GrpcFactory.java:checkPooledByteBufAllocatorUseCacheForAllThreads(45)) - PERFORMANCE WARNING: useCacheForAllThreads is true that may cause Netty to create a lot garbage objects and, as a result, trigger GC.
	It is recommended to disable useCacheForAllThreads by setting -Dorg.apache.ratis.thirdparty.io.netty.allocator.useCacheForAllThreads=false in command line.
2019-09-11 05:23:07,958 [main] INFO  grpc.GrpcConfigKeys$Server (ConfUtils.java:logGet(43)) - raft.grpc.server.port = 0 (default)
2019-09-11 05:23:07,958 [main] INFO  server.GrpcService (ConfUtils.java:logGet(43)) - raft.grpc.message.size.max = 33570816 (custom)
2019-09-11 05:23:07,958 [main] INFO  server.RaftServerConfigKeys (ConfUtils.java:logGet(43)) - raft.server.log.appender.buffer.byte-limit = 33554432 (custom)
2019-09-11 05:23:07,959 [main] INFO  server.GrpcService (ConfUtils.java:logGet(43)) - raft.grpc.flow.control.window = 1MB (=1048576) (default)
2019-09-11 05:23:07,959 [main] INFO  server.RaftServerConfigKeys (ConfUtils.java:logGet(43)) - raft.server.rpc.request.timeout = 3000ms (default)
2019-09-11 05:23:07,959 [main] INFO  server.RaftServerConfigKeys (ConfUtils.java:logGet(43)) - raft.server.storage.dir = [/workdir/hadoop-ozone/integration-test/target/test-dir/MiniOzoneClusterImpl-293f29a2-6a00-4c6f-b8d4-f95033339b2e/datanode-0/data/ratis] (custom)
2019-09-11 05:23:07,962 [main] INFO  hdfs.DFSUtil (DFSUtil.java:httpServerTemplateForNNAndJN(1641)) - Starting Web-server for hddsDatanode at: http://0.0.0.0:0
2019-09-11 05:23:07,963 [main] INFO  server.AuthenticationFilter (AuthenticationFilter.java:constructSecretProvider(240)) - Unable to initialize FileSignerSecretProvider, falling back to use random secrets.
2019-09-11 05:23:07,963 [main] WARN  http.HttpRequestLog (HttpRequestLog.java:getRequestLog(97)) - Jetty request log can only be enabled using Log4j
2019-09-11 05:23:07,964 [main] INFO  http.HttpServer2 (HttpServer2.java:addGlobalFilter(975)) - Added global filter 'safety' (class=org.apache.hadoop.http.HttpServer2$QuotingInputFilter)
2019-09-11 05:23:07,965 [main] INFO  http.HttpServer2 (HttpServer2.java:addFilter(948)) - Added filter static_user_filter (class=org.apache.hadoop.http.lib.StaticUserWebFilter$StaticUserFilter) to context hddsDatanode
2019-09-11 05:23:07,965 [main] INFO  http.HttpServer2 (HttpServer2.java:addFilter(958)) - Added filter static_user_filter (class=org.apache.hadoop.http.lib.StaticUserWebFilter$StaticUserFilter) to context logs
2019-09-11 05:23:07,965 [main] INFO  http.HttpServer2 (HttpServer2.java:addFilter(958)) - Added filter static_user_filter (class=org.apache.hadoop.http.lib.StaticUserWebFilter$StaticUserFilter) to context static
2019-09-11 05:23:07,966 [main] INFO  http.HttpServer2 (HttpServer2.java:bindListener(1191)) - Jetty bound to port 40490
2019-09-11 05:23:07,966 [main] INFO  server.Server (Server.java:doStart(351)) - jetty-9.3.24.v20180605, build timestamp: 2018-06-05T17:11:56Z, git hash: 84205aa28f11a4f31f2a3b86d1bba2cc8ab69827
2019-09-11 05:23:07,968 [main] INFO  handler.ContextHandler (ContextHandler.java:doStart(781)) - Started o.e.j.s.ServletContextHandler@72b43104{/logs,file:///workdir/hadoop-ozone/integration-test/target/log,AVAILABLE}
2019-09-11 05:23:07,968 [main] INFO  handler.ContextHandler (ContextHandler.java:doStart(781)) - Started o.e.j.s.ServletContextHandler@4d0e54e0{/static,jar:file:/home/user/.m2/repository/org/apache/hadoop/hadoop-hdds-container-service/0.5.0-SNAPSHOT/hadoop-hdds-container-service-0.5.0-SNAPSHOT.jar!/webapps/static,AVAILABLE}
2019-09-11 05:23:07,997 [main] INFO  handler.ContextHandler (ContextHandler.java:doStart(781)) - Started o.e.j.w.WebAppContext@16aed49f{/,file:///tmp/jetty-0.0.0.0-40490-hddsDatanode-_-any-736611013012939511.dir/webapp/,AVAILABLE}{/hddsDatanode}
2019-09-11 05:23:07,997 [main] INFO  server.AbstractConnector (AbstractConnector.java:doStart(278)) - Started ServerConnector@66de00f2{HTTP/1.1,[http/1.1]}{0.0.0.0:40490}
2019-09-11 05:23:07,998 [main] INFO  server.Server (Server.java:doStart(419)) - Started @40910ms
2019-09-11 05:23:07,998 [main] WARN  impl.MetricsSystemImpl (MetricsSystemImpl.java:register(276)) - Sink prometheus already exists!
2019-09-11 05:23:07,999 [main] INFO  server.BaseHttpServer (BaseHttpServer.java:updateConnectorAddress(215)) - HTTP server of HDDSDATANODE is listening at http://0.0.0.0:40490
2019-09-11 05:23:07,999 [main] INFO  impl.MetricsSystemImpl (MetricsSystemImpl.java:init(158)) - HddsDatanode metrics system started (again)
2019-09-11 05:23:08,002 [org.apache.hadoop.util.JvmPauseMonitor$Monitor@32d6d8f6] INFO  util.JvmPauseMonitor (JvmPauseMonitor.java:run(188)) - Starting JVM pause monitor
2019-09-11 05:23:08,003 [main] INFO  ozone.HddsDatanodeService (HddsDatanodeService.java:start(184)) - HddsDatanodeService host:trunk-nightly-20190911-vpfxm-1000144475 ip:192.168.36.125
2019-09-11 05:23:08,005 [Datanode State Machine Thread - 0] INFO  datanode.InitDatanodeState (InitDatanodeState.java:persistContainerDatanodeDetails(140)) - DatanodeDetails is persisted to /workdir/hadoop-ozone/integration-test/target/test-dir/MiniOzoneClusterImpl-293f29a2-6a00-4c6f-b8d4-f95033339b2e/datanode-0/meta/datanode.id
2019-09-11 05:23:08,008 [main] INFO  volume.HddsVolume (HddsVolume.java:<init>(176)) - Creating Volume: /workdir/hadoop-ozone/integration-test/target/test-dir/MiniOzoneClusterImpl-293f29a2-6a00-4c6f-b8d4-f95033339b2e/datanode-1/data/containers/hdds of  storage type : DISK and capacity : 1482555576320
2019-09-11 05:23:08,008 [main] INFO  volume.VolumeSet (VolumeSet.java:initializeVolumeSet(170)) - Added Volume : /workdir/hadoop-ozone/integration-test/target/test-dir/MiniOzoneClusterImpl-293f29a2-6a00-4c6f-b8d4-f95033339b2e/datanode-1/data/containers/hdds to VolumeSet
2019-09-11 05:23:08,008 [main] INFO  volume.ThrottledAsyncChecker (ThrottledAsyncChecker.java:schedule(139)) - Scheduling a check for org.apache.hadoop.ozone.container.common.volume.HddsVolume@6c8dbf56
2019-09-11 05:23:08,009 [main] INFO  volume.HddsVolumeChecker (HddsVolumeChecker.java:checkAllVolumes(202)) - Scheduled health check for volume org.apache.hadoop.ozone.container.common.volume.HddsVolume@6c8dbf56
2019-09-11 05:23:08,020 [main] INFO  impl.RaftServerProxy (ConfUtils.java:logGet(43)) - raft.rpc.type = GRPC (default)
2019-09-11 05:23:08,021 [main] INFO  grpc.GrpcFactory (GrpcFactory.java:checkPooledByteBufAllocatorUseCacheForAllThreads(45)) - PERFORMANCE WARNING: useCacheForAllThreads is true that may cause Netty to create a lot garbage objects and, as a result, trigger GC.
	It is recommended to disable useCacheForAllThreads by setting -Dorg.apache.ratis.thirdparty.io.netty.allocator.useCacheForAllThreads=false in command line.
2019-09-11 05:23:08,021 [main] INFO  grpc.GrpcConfigKeys$Server (ConfUtils.java:logGet(43)) - raft.grpc.server.port = 0 (default)
2019-09-11 05:23:08,021 [main] INFO  server.GrpcService (ConfUtils.java:logGet(43)) - raft.grpc.message.size.max = 33570816 (custom)
2019-09-11 05:23:08,021 [main] INFO  server.RaftServerConfigKeys (ConfUtils.java:logGet(43)) - raft.server.log.appender.buffer.byte-limit = 33554432 (custom)
2019-09-11 05:23:08,021 [main] INFO  server.GrpcService (ConfUtils.java:logGet(43)) - raft.grpc.flow.control.window = 1MB (=1048576) (default)
2019-09-11 05:23:08,021 [main] INFO  server.RaftServerConfigKeys (ConfUtils.java:logGet(43)) - raft.server.rpc.request.timeout = 3000ms (default)
2019-09-11 05:23:08,022 [main] INFO  server.RaftServerConfigKeys (ConfUtils.java:logGet(43)) - raft.server.storage.dir = [/workdir/hadoop-ozone/integration-test/target/test-dir/MiniOzoneClusterImpl-293f29a2-6a00-4c6f-b8d4-f95033339b2e/datanode-1/data/ratis] (custom)
2019-09-11 05:23:08,023 [main] INFO  hdfs.DFSUtil (DFSUtil.java:httpServerTemplateForNNAndJN(1641)) - Starting Web-server for hddsDatanode at: http://0.0.0.0:0
2019-09-11 05:23:08,025 [main] INFO  server.AuthenticationFilter (AuthenticationFilter.java:constructSecretProvider(240)) - Unable to initialize FileSignerSecretProvider, falling back to use random secrets.
2019-09-11 05:23:08,026 [main] WARN  http.HttpRequestLog (HttpRequestLog.java:getRequestLog(97)) - Jetty request log can only be enabled using Log4j
2019-09-11 05:23:08,029 [main] INFO  http.HttpServer2 (HttpServer2.java:addGlobalFilter(975)) - Added global filter 'safety' (class=org.apache.hadoop.http.HttpServer2$QuotingInputFilter)
2019-09-11 05:23:08,030 [main] INFO  http.HttpServer2 (HttpServer2.java:addFilter(948)) - Added filter static_user_filter (class=org.apache.hadoop.http.lib.StaticUserWebFilter$StaticUserFilter) to context hddsDatanode
2019-09-11 05:23:08,030 [main] INFO  http.HttpServer2 (HttpServer2.java:addFilter(958)) - Added filter static_user_filter (class=org.apache.hadoop.http.lib.StaticUserWebFilter$StaticUserFilter) to context static
2019-09-11 05:23:08,030 [main] INFO  http.HttpServer2 (HttpServer2.java:addFilter(958)) - Added filter static_user_filter (class=org.apache.hadoop.http.lib.StaticUserWebFilter$StaticUserFilter) to context logs
2019-09-11 05:23:08,031 [main] INFO  http.HttpServer2 (HttpServer2.java:bindListener(1191)) - Jetty bound to port 38969
2019-09-11 05:23:08,031 [main] INFO  server.Server (Server.java:doStart(351)) - jetty-9.3.24.v20180605, build timestamp: 2018-06-05T17:11:56Z, git hash: 84205aa28f11a4f31f2a3b86d1bba2cc8ab69827
2019-09-11 05:23:08,033 [main] INFO  handler.ContextHandler (ContextHandler.java:doStart(781)) - Started o.e.j.s.ServletContextHandler@3b2553d9{/logs,file:///workdir/hadoop-ozone/integration-test/target/log,AVAILABLE}
2019-09-11 05:23:08,034 [main] INFO  handler.ContextHandler (ContextHandler.java:doStart(781)) - Started o.e.j.s.ServletContextHandler@12a2585b{/static,jar:file:/home/user/.m2/repository/org/apache/hadoop/hadoop-hdds-container-service/0.5.0-SNAPSHOT/hadoop-hdds-container-service-0.5.0-SNAPSHOT.jar!/webapps/static,AVAILABLE}
2019-09-11 05:23:08,073 [main] INFO  handler.ContextHandler (ContextHandler.java:doStart(781)) - Started o.e.j.w.WebAppContext@631cb129{/,file:///tmp/jetty-0.0.0.0-38969-hddsDatanode-_-any-1717757236579602160.dir/webapp/,AVAILABLE}{/hddsDatanode}
2019-09-11 05:23:08,075 [main] INFO  server.AbstractConnector (AbstractConnector.java:doStart(278)) - Started ServerConnector@3d20e575{HTTP/1.1,[http/1.1]}{0.0.0.0:38969}
2019-09-11 05:23:08,075 [main] INFO  server.Server (Server.java:doStart(419)) - Started @40987ms
2019-09-11 05:23:08,075 [main] WARN  impl.MetricsSystemImpl (MetricsSystemImpl.java:register(276)) - Sink prometheus already exists!
2019-09-11 05:23:08,076 [main] INFO  server.BaseHttpServer (BaseHttpServer.java:updateConnectorAddress(215)) - HTTP server of HDDSDATANODE is listening at http://0.0.0.0:38969
2019-09-11 05:23:08,076 [main] INFO  impl.MetricsSystemImpl (MetricsSystemImpl.java:init(158)) - HddsDatanode metrics system started (again)
2019-09-11 05:23:08,078 [org.apache.hadoop.util.JvmPauseMonitor$Monitor@3a4b814] INFO  util.JvmPauseMonitor (JvmPauseMonitor.java:run(188)) - Starting JVM pause monitor
2019-09-11 05:23:08,080 [main] INFO  ozone.HddsDatanodeService (HddsDatanodeService.java:start(184)) - HddsDatanodeService host:trunk-nightly-20190911-vpfxm-1000144475 ip:192.168.36.125
2019-09-11 05:23:08,081 [Datanode State Machine Thread - 0] INFO  datanode.InitDatanodeState (InitDatanodeState.java:persistContainerDatanodeDetails(140)) - DatanodeDetails is persisted to /workdir/hadoop-ozone/integration-test/target/test-dir/MiniOzoneClusterImpl-293f29a2-6a00-4c6f-b8d4-f95033339b2e/datanode-1/meta/datanode.id
2019-09-11 05:23:08,086 [main] INFO  volume.HddsVolume (HddsVolume.java:<init>(176)) - Creating Volume: /workdir/hadoop-ozone/integration-test/target/test-dir/MiniOzoneClusterImpl-293f29a2-6a00-4c6f-b8d4-f95033339b2e/datanode-2/data/containers/hdds of  storage type : DISK and capacity : 1482555576320
2019-09-11 05:23:08,086 [main] INFO  volume.VolumeSet (VolumeSet.java:initializeVolumeSet(170)) - Added Volume : /workdir/hadoop-ozone/integration-test/target/test-dir/MiniOzoneClusterImpl-293f29a2-6a00-4c6f-b8d4-f95033339b2e/datanode-2/data/containers/hdds to VolumeSet
2019-09-11 05:23:08,086 [main] INFO  volume.ThrottledAsyncChecker (ThrottledAsyncChecker.java:schedule(139)) - Scheduling a check for org.apache.hadoop.ozone.container.common.volume.HddsVolume@3a6045c6
2019-09-11 05:23:08,087 [main] INFO  volume.HddsVolumeChecker (HddsVolumeChecker.java:checkAllVolumes(202)) - Scheduled health check for volume org.apache.hadoop.ozone.container.common.volume.HddsVolume@3a6045c6
2019-09-11 05:23:08,102 [main] INFO  impl.RaftServerProxy (ConfUtils.java:logGet(43)) - raft.rpc.type = GRPC (default)
2019-09-11 05:23:08,102 [main] INFO  grpc.GrpcFactory (GrpcFactory.java:checkPooledByteBufAllocatorUseCacheForAllThreads(45)) - PERFORMANCE WARNING: useCacheForAllThreads is true that may cause Netty to create a lot garbage objects and, as a result, trigger GC.
	It is recommended to disable useCacheForAllThreads by setting -Dorg.apache.ratis.thirdparty.io.netty.allocator.useCacheForAllThreads=false in command line.
2019-09-11 05:23:08,103 [main] INFO  grpc.GrpcConfigKeys$Server (ConfUtils.java:logGet(43)) - raft.grpc.server.port = 0 (default)
2019-09-11 05:23:08,103 [main] INFO  server.GrpcService (ConfUtils.java:logGet(43)) - raft.grpc.message.size.max = 33570816 (custom)
2019-09-11 05:23:08,103 [main] INFO  server.RaftServerConfigKeys (ConfUtils.java:logGet(43)) - raft.server.log.appender.buffer.byte-limit = 33554432 (custom)
2019-09-11 05:23:08,103 [main] INFO  server.GrpcService (ConfUtils.java:logGet(43)) - raft.grpc.flow.control.window = 1MB (=1048576) (default)
2019-09-11 05:23:08,103 [main] INFO  server.RaftServerConfigKeys (ConfUtils.java:logGet(43)) - raft.server.rpc.request.timeout = 3000ms (default)
2019-09-11 05:23:08,104 [main] INFO  server.RaftServerConfigKeys (ConfUtils.java:logGet(43)) - raft.server.storage.dir = [/workdir/hadoop-ozone/integration-test/target/test-dir/MiniOzoneClusterImpl-293f29a2-6a00-4c6f-b8d4-f95033339b2e/datanode-2/data/ratis] (custom)
2019-09-11 05:23:08,105 [main] INFO  hdfs.DFSUtil (DFSUtil.java:httpServerTemplateForNNAndJN(1641)) - Starting Web-server for hddsDatanode at: http://0.0.0.0:0
2019-09-11 05:23:08,106 [main] INFO  server.AuthenticationFilter (AuthenticationFilter.java:constructSecretProvider(240)) - Unable to initialize FileSignerSecretProvider, falling back to use random secrets.
2019-09-11 05:23:08,107 [main] WARN  http.HttpRequestLog (HttpRequestLog.java:getRequestLog(97)) - Jetty request log can only be enabled using Log4j
2019-09-11 05:23:08,108 [main] INFO  http.HttpServer2 (HttpServer2.java:addGlobalFilter(975)) - Added global filter 'safety' (class=org.apache.hadoop.http.HttpServer2$QuotingInputFilter)
2019-09-11 05:23:08,109 [main] INFO  http.HttpServer2 (HttpServer2.java:addFilter(948)) - Added filter static_user_filter (class=org.apache.hadoop.http.lib.StaticUserWebFilter$StaticUserFilter) to context hddsDatanode
2019-09-11 05:23:08,109 [main] INFO  http.HttpServer2 (HttpServer2.java:addFilter(958)) - Added filter static_user_filter (class=org.apache.hadoop.http.lib.StaticUserWebFilter$StaticUserFilter) to context logs
2019-09-11 05:23:08,109 [main] INFO  http.HttpServer2 (HttpServer2.java:addFilter(958)) - Added filter static_user_filter (class=org.apache.hadoop.http.lib.StaticUserWebFilter$StaticUserFilter) to context static
2019-09-11 05:23:08,110 [main] INFO  http.HttpServer2 (HttpServer2.java:bindListener(1191)) - Jetty bound to port 45193
2019-09-11 05:23:08,110 [main] INFO  server.Server (Server.java:doStart(351)) - jetty-9.3.24.v20180605, build timestamp: 2018-06-05T17:11:56Z, git hash: 84205aa28f11a4f31f2a3b86d1bba2cc8ab69827
2019-09-11 05:23:08,112 [main] INFO  handler.ContextHandler (ContextHandler.java:doStart(781)) - Started o.e.j.s.ServletContextHandler@217bf99e{/logs,file:///workdir/hadoop-ozone/integration-test/target/log,AVAILABLE}
2019-09-11 05:23:08,112 [main] INFO  handler.ContextHandler (ContextHandler.java:doStart(781)) - Started o.e.j.s.ServletContextHandler@7ddd84b5{/static,jar:file:/home/user/.m2/repository/org/apache/hadoop/hadoop-hdds-container-service/0.5.0-SNAPSHOT/hadoop-hdds-container-service-0.5.0-SNAPSHOT.jar!/webapps/static,AVAILABLE}
2019-09-11 05:23:08,138 [main] INFO  handler.ContextHandler (ContextHandler.java:doStart(781)) - Started o.e.j.w.WebAppContext@6fff46bf{/,file:///tmp/jetty-0.0.0.0-45193-hddsDatanode-_-any-830715206002906221.dir/webapp/,AVAILABLE}{/hddsDatanode}
2019-09-11 05:23:08,139 [main] INFO  server.AbstractConnector (AbstractConnector.java:doStart(278)) - Started ServerConnector@1835dc92{HTTP/1.1,[http/1.1]}{0.0.0.0:45193}
2019-09-11 05:23:08,140 [main] INFO  server.Server (Server.java:doStart(419)) - Started @41052ms
2019-09-11 05:23:08,140 [main] WARN  impl.MetricsSystemImpl (MetricsSystemImpl.java:register(276)) - Sink prometheus already exists!
2019-09-11 05:23:08,141 [main] INFO  server.BaseHttpServer (BaseHttpServer.java:updateConnectorAddress(215)) - HTTP server of HDDSDATANODE is listening at http://0.0.0.0:45193
2019-09-11 05:23:08,141 [main] INFO  impl.MetricsSystemImpl (MetricsSystemImpl.java:init(158)) - HddsDatanode metrics system started (again)
2019-09-11 05:23:08,146 [org.apache.hadoop.util.JvmPauseMonitor$Monitor@5b7ed1b9] INFO  util.JvmPauseMonitor (JvmPauseMonitor.java:run(188)) - Starting JVM pause monitor
2019-09-11 05:23:08,147 [main] INFO  ozone.HddsDatanodeService (HddsDatanodeService.java:start(184)) - HddsDatanodeService host:trunk-nightly-20190911-vpfxm-1000144475 ip:192.168.36.125
2019-09-11 05:23:08,148 [Datanode State Machine Thread - 0] INFO  datanode.InitDatanodeState (InitDatanodeState.java:persistContainerDatanodeDetails(140)) - DatanodeDetails is persisted to /workdir/hadoop-ozone/integration-test/target/test-dir/MiniOzoneClusterImpl-293f29a2-6a00-4c6f-b8d4-f95033339b2e/datanode-2/meta/datanode.id
2019-09-11 05:23:08,153 [main] INFO  volume.HddsVolume (HddsVolume.java:<init>(176)) - Creating Volume: /workdir/hadoop-ozone/integration-test/target/test-dir/MiniOzoneClusterImpl-293f29a2-6a00-4c6f-b8d4-f95033339b2e/datanode-3/data/containers/hdds of  storage type : DISK and capacity : 1482555576320
2019-09-11 05:23:08,154 [main] INFO  volume.VolumeSet (VolumeSet.java:initializeVolumeSet(170)) - Added Volume : /workdir/hadoop-ozone/integration-test/target/test-dir/MiniOzoneClusterImpl-293f29a2-6a00-4c6f-b8d4-f95033339b2e/datanode-3/data/containers/hdds to VolumeSet
2019-09-11 05:23:08,154 [main] INFO  volume.ThrottledAsyncChecker (ThrottledAsyncChecker.java:schedule(139)) - Scheduling a check for org.apache.hadoop.ozone.container.common.volume.HddsVolume@642857e0
2019-09-11 05:23:08,155 [main] INFO  volume.HddsVolumeChecker (HddsVolumeChecker.java:checkAllVolumes(202)) - Scheduled health check for volume org.apache.hadoop.ozone.container.common.volume.HddsVolume@642857e0
2019-09-11 05:23:08,176 [main] INFO  impl.RaftServerProxy (ConfUtils.java:logGet(43)) - raft.rpc.type = GRPC (default)
2019-09-11 05:23:08,176 [main] INFO  grpc.GrpcFactory (GrpcFactory.java:checkPooledByteBufAllocatorUseCacheForAllThreads(45)) - PERFORMANCE WARNING: useCacheForAllThreads is true that may cause Netty to create a lot garbage objects and, as a result, trigger GC.
	It is recommended to disable useCacheForAllThreads by setting -Dorg.apache.ratis.thirdparty.io.netty.allocator.useCacheForAllThreads=false in command line.
2019-09-11 05:23:08,176 [main] INFO  grpc.GrpcConfigKeys$Server (ConfUtils.java:logGet(43)) - raft.grpc.server.port = 0 (default)
2019-09-11 05:23:08,176 [main] INFO  server.GrpcService (ConfUtils.java:logGet(43)) - raft.grpc.message.size.max = 33570816 (custom)
2019-09-11 05:23:08,177 [main] INFO  server.RaftServerConfigKeys (ConfUtils.java:logGet(43)) - raft.server.log.appender.buffer.byte-limit = 33554432 (custom)
2019-09-11 05:23:08,177 [main] INFO  server.GrpcService (ConfUtils.java:logGet(43)) - raft.grpc.flow.control.window = 1MB (=1048576) (default)
2019-09-11 05:23:08,177 [main] INFO  server.RaftServerConfigKeys (ConfUtils.java:logGet(43)) - raft.server.rpc.request.timeout = 3000ms (default)
2019-09-11 05:23:08,178 [main] INFO  server.RaftServerConfigKeys (ConfUtils.java:logGet(43)) - raft.server.storage.dir = [/workdir/hadoop-ozone/integration-test/target/test-dir/MiniOzoneClusterImpl-293f29a2-6a00-4c6f-b8d4-f95033339b2e/datanode-3/data/ratis] (custom)
2019-09-11 05:23:08,179 [main] INFO  hdfs.DFSUtil (DFSUtil.java:httpServerTemplateForNNAndJN(1641)) - Starting Web-server for hddsDatanode at: http://0.0.0.0:0
2019-09-11 05:23:08,181 [main] INFO  server.AuthenticationFilter (AuthenticationFilter.java:constructSecretProvider(240)) - Unable to initialize FileSignerSecretProvider, falling back to use random secrets.
2019-09-11 05:23:08,181 [main] WARN  http.HttpRequestLog (HttpRequestLog.java:getRequestLog(97)) - Jetty request log can only be enabled using Log4j
2019-09-11 05:23:08,183 [main] INFO  http.HttpServer2 (HttpServer2.java:addGlobalFilter(975)) - Added global filter 'safety' (class=org.apache.hadoop.http.HttpServer2$QuotingInputFilter)
2019-09-11 05:23:08,184 [main] INFO  http.HttpServer2 (HttpServer2.java:addFilter(948)) - Added filter static_user_filter (class=org.apache.hadoop.http.lib.StaticUserWebFilter$StaticUserFilter) to context hddsDatanode
2019-09-11 05:23:08,184 [main] INFO  http.HttpServer2 (HttpServer2.java:addFilter(958)) - Added filter static_user_filter (class=org.apache.hadoop.http.lib.StaticUserWebFilter$StaticUserFilter) to context logs
2019-09-11 05:23:08,185 [main] INFO  http.HttpServer2 (HttpServer2.java:addFilter(958)) - Added filter static_user_filter (class=org.apache.hadoop.http.lib.StaticUserWebFilter$StaticUserFilter) to context static
2019-09-11 05:23:08,185 [main] INFO  http.HttpServer2 (HttpServer2.java:bindListener(1191)) - Jetty bound to port 41316
2019-09-11 05:23:08,186 [main] INFO  server.Server (Server.java:doStart(351)) - jetty-9.3.24.v20180605, build timestamp: 2018-06-05T17:11:56Z, git hash: 84205aa28f11a4f31f2a3b86d1bba2cc8ab69827
2019-09-11 05:23:08,187 [main] INFO  handler.ContextHandler (ContextHandler.java:doStart(781)) - Started o.e.j.s.ServletContextHandler@3ff54f3d{/logs,file:///workdir/hadoop-ozone/integration-test/target/log,AVAILABLE}
2019-09-11 05:23:08,188 [main] INFO  handler.ContextHandler (ContextHandler.java:doStart(781)) - Started o.e.j.s.ServletContextHandler@62a68bcb{/static,jar:file:/home/user/.m2/repository/org/apache/hadoop/hadoop-hdds-container-service/0.5.0-SNAPSHOT/hadoop-hdds-container-service-0.5.0-SNAPSHOT.jar!/webapps/static,AVAILABLE}
2019-09-11 05:23:08,215 [main] INFO  handler.ContextHandler (ContextHandler.java:doStart(781)) - Started o.e.j.w.WebAppContext@3ba3d4b6{/,file:///tmp/jetty-0.0.0.0-41316-hddsDatanode-_-any-3734220471049908107.dir/webapp/,AVAILABLE}{/hddsDatanode}
2019-09-11 05:23:08,216 [main] INFO  server.AbstractConnector (AbstractConnector.java:doStart(278)) - Started ServerConnector@51b77cdf{HTTP/1.1,[http/1.1]}{0.0.0.0:41316}
2019-09-11 05:23:08,217 [main] INFO  server.Server (Server.java:doStart(419)) - Started @41129ms
2019-09-11 05:23:08,218 [main] WARN  impl.MetricsSystemImpl (MetricsSystemImpl.java:register(276)) - Sink prometheus already exists!
2019-09-11 05:23:08,218 [main] INFO  server.BaseHttpServer (BaseHttpServer.java:updateConnectorAddress(215)) - HTTP server of HDDSDATANODE is listening at http://0.0.0.0:41316
2019-09-11 05:23:08,219 [main] INFO  impl.MetricsSystemImpl (MetricsSystemImpl.java:init(158)) - HddsDatanode metrics system started (again)
2019-09-11 05:23:08,223 [org.apache.hadoop.util.JvmPauseMonitor$Monitor@53c5e837] INFO  util.JvmPauseMonitor (JvmPauseMonitor.java:run(188)) - Starting JVM pause monitor
2019-09-11 05:23:08,223 [main] INFO  ozone.HddsDatanodeService (HddsDatanodeService.java:start(184)) - HddsDatanodeService host:trunk-nightly-20190911-vpfxm-1000144475 ip:192.168.36.125
2019-09-11 05:23:08,224 [Datanode State Machine Thread - 0] INFO  datanode.InitDatanodeState (InitDatanodeState.java:persistContainerDatanodeDetails(140)) - DatanodeDetails is persisted to /workdir/hadoop-ozone/integration-test/target/test-dir/MiniOzoneClusterImpl-293f29a2-6a00-4c6f-b8d4-f95033339b2e/datanode-3/meta/datanode.id
2019-09-11 05:23:08,228 [main] INFO  volume.HddsVolume (HddsVolume.java:<init>(176)) - Creating Volume: /workdir/hadoop-ozone/integration-test/target/test-dir/MiniOzoneClusterImpl-293f29a2-6a00-4c6f-b8d4-f95033339b2e/datanode-4/data/containers/hdds of  storage type : DISK and capacity : 1482555576320
2019-09-11 05:23:08,229 [main] INFO  volume.VolumeSet (VolumeSet.java:initializeVolumeSet(170)) - Added Volume : /workdir/hadoop-ozone/integration-test/target/test-dir/MiniOzoneClusterImpl-293f29a2-6a00-4c6f-b8d4-f95033339b2e/datanode-4/data/containers/hdds to VolumeSet
2019-09-11 05:23:08,229 [main] INFO  volume.ThrottledAsyncChecker (ThrottledAsyncChecker.java:schedule(139)) - Scheduling a check for org.apache.hadoop.ozone.container.common.volume.HddsVolume@72976b4
2019-09-11 05:23:08,230 [main] INFO  volume.HddsVolumeChecker (HddsVolumeChecker.java:checkAllVolumes(202)) - Scheduled health check for volume org.apache.hadoop.ozone.container.common.volume.HddsVolume@72976b4
2019-09-11 05:23:08,242 [main] INFO  impl.RaftServerProxy (ConfUtils.java:logGet(43)) - raft.rpc.type = GRPC (default)
2019-09-11 05:23:08,242 [main] INFO  grpc.GrpcFactory (GrpcFactory.java:checkPooledByteBufAllocatorUseCacheForAllThreads(45)) - PERFORMANCE WARNING: useCacheForAllThreads is true that may cause Netty to create a lot garbage objects and, as a result, trigger GC.
	It is recommended to disable useCacheForAllThreads by setting -Dorg.apache.ratis.thirdparty.io.netty.allocator.useCacheForAllThreads=false in command line.
2019-09-11 05:23:08,242 [main] INFO  grpc.GrpcConfigKeys$Server (ConfUtils.java:logGet(43)) - raft.grpc.server.port = 0 (default)
2019-09-11 05:23:08,242 [main] INFO  server.GrpcService (ConfUtils.java:logGet(43)) - raft.grpc.message.size.max = 33570816 (custom)
2019-09-11 05:23:08,243 [main] INFO  server.RaftServerConfigKeys (ConfUtils.java:logGet(43)) - raft.server.log.appender.buffer.byte-limit = 33554432 (custom)
2019-09-11 05:23:08,243 [main] INFO  server.GrpcService (ConfUtils.java:logGet(43)) - raft.grpc.flow.control.window = 1MB (=1048576) (default)
2019-09-11 05:23:08,243 [main] INFO  server.RaftServerConfigKeys (ConfUtils.java:logGet(43)) - raft.server.rpc.request.timeout = 3000ms (default)
2019-09-11 05:23:08,244 [main] INFO  server.RaftServerConfigKeys (ConfUtils.java:logGet(43)) - raft.server.storage.dir = [/workdir/hadoop-ozone/integration-test/target/test-dir/MiniOzoneClusterImpl-293f29a2-6a00-4c6f-b8d4-f95033339b2e/datanode-4/data/ratis] (custom)
2019-09-11 05:23:08,245 [main] INFO  hdfs.DFSUtil (DFSUtil.java:httpServerTemplateForNNAndJN(1641)) - Starting Web-server for hddsDatanode at: http://0.0.0.0:0
2019-09-11 05:23:08,247 [main] INFO  server.AuthenticationFilter (AuthenticationFilter.java:constructSecretProvider(240)) - Unable to initialize FileSignerSecretProvider, falling back to use random secrets.
2019-09-11 05:23:08,247 [main] WARN  http.HttpRequestLog (HttpRequestLog.java:getRequestLog(97)) - Jetty request log can only be enabled using Log4j
2019-09-11 05:23:08,248 [main] INFO  http.HttpServer2 (HttpServer2.java:addGlobalFilter(975)) - Added global filter 'safety' (class=org.apache.hadoop.http.HttpServer2$QuotingInputFilter)
2019-09-11 05:23:08,249 [main] INFO  http.HttpServer2 (HttpServer2.java:addFilter(948)) - Added filter static_user_filter (class=org.apache.hadoop.http.lib.StaticUserWebFilter$StaticUserFilter) to context hddsDatanode
2019-09-11 05:23:08,249 [main] INFO  http.HttpServer2 (HttpServer2.java:addFilter(958)) - Added filter static_user_filter (class=org.apache.hadoop.http.lib.StaticUserWebFilter$StaticUserFilter) to context logs
2019-09-11 05:23:08,249 [main] INFO  http.HttpServer2 (HttpServer2.java:addFilter(958)) - Added filter static_user_filter (class=org.apache.hadoop.http.lib.StaticUserWebFilter$StaticUserFilter) to context static
2019-09-11 05:23:08,250 [main] INFO  http.HttpServer2 (HttpServer2.java:bindListener(1191)) - Jetty bound to port 38888
2019-09-11 05:23:08,250 [main] INFO  server.Server (Server.java:doStart(351)) - jetty-9.3.24.v20180605, build timestamp: 2018-06-05T17:11:56Z, git hash: 84205aa28f11a4f31f2a3b86d1bba2cc8ab69827
2019-09-11 05:23:08,252 [main] INFO  handler.ContextHandler (ContextHandler.java:doStart(781)) - Started o.e.j.s.ServletContextHandler@2c63762b{/logs,file:///workdir/hadoop-ozone/integration-test/target/log,AVAILABLE}
2019-09-11 05:23:08,253 [main] INFO  handler.ContextHandler (ContextHandler.java:doStart(781)) - Started o.e.j.s.ServletContextHandler@78422efb{/static,jar:file:/home/user/.m2/repository/org/apache/hadoop/hadoop-hdds-container-service/0.5.0-SNAPSHOT/hadoop-hdds-container-service-0.5.0-SNAPSHOT.jar!/webapps/static,AVAILABLE}
2019-09-11 05:23:08,282 [main] INFO  handler.ContextHandler (ContextHandler.java:doStart(781)) - Started o.e.j.w.WebAppContext@999b951{/,file:///tmp/jetty-0.0.0.0-38888-hddsDatanode-_-any-8063534176168835790.dir/webapp/,AVAILABLE}{/hddsDatanode}
2019-09-11 05:23:08,282 [main] INFO  server.AbstractConnector (AbstractConnector.java:doStart(278)) - Started ServerConnector@65cf4d6d{HTTP/1.1,[http/1.1]}{0.0.0.0:38888}
2019-09-11 05:23:08,284 [main] INFO  server.Server (Server.java:doStart(419)) - Started @41196ms
2019-09-11 05:23:08,284 [main] WARN  impl.MetricsSystemImpl (MetricsSystemImpl.java:register(276)) - Sink prometheus already exists!
2019-09-11 05:23:08,285 [main] INFO  server.BaseHttpServer (BaseHttpServer.java:updateConnectorAddress(215)) - HTTP server of HDDSDATANODE is listening at http://0.0.0.0:38888
2019-09-11 05:23:08,285 [main] INFO  impl.MetricsSystemImpl (MetricsSystemImpl.java:init(158)) - HddsDatanode metrics system started (again)
2019-09-11 05:23:08,289 [org.apache.hadoop.util.JvmPauseMonitor$Monitor@3a3671b4] INFO  util.JvmPauseMonitor (JvmPauseMonitor.java:run(188)) - Starting JVM pause monitor
2019-09-11 05:23:08,290 [main] INFO  ozone.HddsDatanodeService (HddsDatanodeService.java:start(184)) - HddsDatanodeService host:trunk-nightly-20190911-vpfxm-1000144475 ip:192.168.36.125
2019-09-11 05:23:08,291 [Datanode State Machine Thread - 0] INFO  datanode.InitDatanodeState (InitDatanodeState.java:persistContainerDatanodeDetails(140)) - DatanodeDetails is persisted to /workdir/hadoop-ozone/integration-test/target/test-dir/MiniOzoneClusterImpl-293f29a2-6a00-4c6f-b8d4-f95033339b2e/datanode-4/meta/datanode.id
2019-09-11 05:23:08,295 [main] INFO  volume.HddsVolume (HddsVolume.java:<init>(176)) - Creating Volume: /workdir/hadoop-ozone/integration-test/target/test-dir/MiniOzoneClusterImpl-293f29a2-6a00-4c6f-b8d4-f95033339b2e/datanode-5/data/containers/hdds of  storage type : DISK and capacity : 1482555576320
2019-09-11 05:23:08,295 [main] INFO  volume.VolumeSet (VolumeSet.java:initializeVolumeSet(170)) - Added Volume : /workdir/hadoop-ozone/integration-test/target/test-dir/MiniOzoneClusterImpl-293f29a2-6a00-4c6f-b8d4-f95033339b2e/datanode-5/data/containers/hdds to VolumeSet
2019-09-11 05:23:08,295 [main] INFO  volume.ThrottledAsyncChecker (ThrottledAsyncChecker.java:schedule(139)) - Scheduling a check for org.apache.hadoop.ozone.container.common.volume.HddsVolume@483b0690
2019-09-11 05:23:08,296 [main] INFO  volume.HddsVolumeChecker (HddsVolumeChecker.java:checkAllVolumes(202)) - Scheduled health check for volume org.apache.hadoop.ozone.container.common.volume.HddsVolume@483b0690
2019-09-11 05:23:08,308 [main] INFO  impl.RaftServerProxy (ConfUtils.java:logGet(43)) - raft.rpc.type = GRPC (default)
2019-09-11 05:23:08,308 [main] INFO  grpc.GrpcFactory (GrpcFactory.java:checkPooledByteBufAllocatorUseCacheForAllThreads(45)) - PERFORMANCE WARNING: useCacheForAllThreads is true that may cause Netty to create a lot garbage objects and, as a result, trigger GC.
	It is recommended to disable useCacheForAllThreads by setting -Dorg.apache.ratis.thirdparty.io.netty.allocator.useCacheForAllThreads=false in command line.
2019-09-11 05:23:08,309 [main] INFO  grpc.GrpcConfigKeys$Server (ConfUtils.java:logGet(43)) - raft.grpc.server.port = 0 (default)
2019-09-11 05:23:08,309 [main] INFO  server.GrpcService (ConfUtils.java:logGet(43)) - raft.grpc.message.size.max = 33570816 (custom)
2019-09-11 05:23:08,309 [main] INFO  server.RaftServerConfigKeys (ConfUtils.java:logGet(43)) - raft.server.log.appender.buffer.byte-limit = 33554432 (custom)
2019-09-11 05:23:08,309 [main] INFO  server.GrpcService (ConfUtils.java:logGet(43)) - raft.grpc.flow.control.window = 1MB (=1048576) (default)
2019-09-11 05:23:08,309 [main] INFO  server.RaftServerConfigKeys (ConfUtils.java:logGet(43)) - raft.server.rpc.request.timeout = 3000ms (default)
2019-09-11 05:23:08,310 [main] INFO  server.RaftServerConfigKeys (ConfUtils.java:logGet(43)) - raft.server.storage.dir = [/workdir/hadoop-ozone/integration-test/target/test-dir/MiniOzoneClusterImpl-293f29a2-6a00-4c6f-b8d4-f95033339b2e/datanode-5/data/ratis] (custom)
2019-09-11 05:23:08,311 [main] INFO  hdfs.DFSUtil (DFSUtil.java:httpServerTemplateForNNAndJN(1641)) - Starting Web-server for hddsDatanode at: http://0.0.0.0:0
2019-09-11 05:23:08,312 [main] INFO  server.AuthenticationFilter (AuthenticationFilter.java:constructSecretProvider(240)) - Unable to initialize FileSignerSecretProvider, falling back to use random secrets.
2019-09-11 05:23:08,313 [main] WARN  http.HttpRequestLog (HttpRequestLog.java:getRequestLog(97)) - Jetty request log can only be enabled using Log4j
2019-09-11 05:23:08,314 [main] INFO  http.HttpServer2 (HttpServer2.java:addGlobalFilter(975)) - Added global filter 'safety' (class=org.apache.hadoop.http.HttpServer2$QuotingInputFilter)
2019-09-11 05:23:08,315 [main] INFO  http.HttpServer2 (HttpServer2.java:addFilter(948)) - Added filter static_user_filter (class=org.apache.hadoop.http.lib.StaticUserWebFilter$StaticUserFilter) to context hddsDatanode
2019-09-11 05:23:08,315 [main] INFO  http.HttpServer2 (HttpServer2.java:addFilter(958)) - Added filter static_user_filter (class=org.apache.hadoop.http.lib.StaticUserWebFilter$StaticUserFilter) to context logs
2019-09-11 05:23:08,315 [main] INFO  http.HttpServer2 (HttpServer2.java:addFilter(958)) - Added filter static_user_filter (class=org.apache.hadoop.http.lib.StaticUserWebFilter$StaticUserFilter) to context static
2019-09-11 05:23:08,315 [main] INFO  http.HttpServer2 (HttpServer2.java:bindListener(1191)) - Jetty bound to port 42195
2019-09-11 05:23:08,316 [main] INFO  server.Server (Server.java:doStart(351)) - jetty-9.3.24.v20180605, build timestamp: 2018-06-05T17:11:56Z, git hash: 84205aa28f11a4f31f2a3b86d1bba2cc8ab69827
2019-09-11 05:23:08,317 [main] INFO  handler.ContextHandler (ContextHandler.java:doStart(781)) - Started o.e.j.s.ServletContextHandler@40c2ce52{/logs,file:///workdir/hadoop-ozone/integration-test/target/log,AVAILABLE}
2019-09-11 05:23:08,318 [main] INFO  handler.ContextHandler (ContextHandler.java:doStart(781)) - Started o.e.j.s.ServletContextHandler@60a7e509{/static,jar:file:/home/user/.m2/repository/org/apache/hadoop/hadoop-hdds-container-service/0.5.0-SNAPSHOT/hadoop-hdds-container-service-0.5.0-SNAPSHOT.jar!/webapps/static,AVAILABLE}
2019-09-11 05:23:08,344 [main] INFO  handler.ContextHandler (ContextHandler.java:doStart(781)) - Started o.e.j.w.WebAppContext@70721c12{/,file:///tmp/jetty-0.0.0.0-42195-hddsDatanode-_-any-584778516054342236.dir/webapp/,AVAILABLE}{/hddsDatanode}
2019-09-11 05:23:08,344 [main] INFO  server.AbstractConnector (AbstractConnector.java:doStart(278)) - Started ServerConnector@769bd849{HTTP/1.1,[http/1.1]}{0.0.0.0:42195}
2019-09-11 05:23:08,346 [main] INFO  server.Server (Server.java:doStart(419)) - Started @41257ms
2019-09-11 05:23:08,346 [main] WARN  impl.MetricsSystemImpl (MetricsSystemImpl.java:register(276)) - Sink prometheus already exists!
2019-09-11 05:23:08,346 [main] INFO  server.BaseHttpServer (BaseHttpServer.java:updateConnectorAddress(215)) - HTTP server of HDDSDATANODE is listening at http://0.0.0.0:42195
2019-09-11 05:23:08,347 [main] INFO  impl.MetricsSystemImpl (MetricsSystemImpl.java:init(158)) - HddsDatanode metrics system started (again)
2019-09-11 05:23:08,351 [org.apache.hadoop.util.JvmPauseMonitor$Monitor@4ffb0675] INFO  util.JvmPauseMonitor (JvmPauseMonitor.java:run(188)) - Starting JVM pause monitor
2019-09-11 05:23:08,351 [main] INFO  ozone.HddsDatanodeService (HddsDatanodeService.java:start(184)) - HddsDatanodeService host:trunk-nightly-20190911-vpfxm-1000144475 ip:192.168.36.125
2019-09-11 05:23:08,352 [Datanode State Machine Thread - 0] INFO  datanode.InitDatanodeState (InitDatanodeState.java:persistContainerDatanodeDetails(140)) - DatanodeDetails is persisted to /workdir/hadoop-ozone/integration-test/target/test-dir/MiniOzoneClusterImpl-293f29a2-6a00-4c6f-b8d4-f95033339b2e/datanode-5/meta/datanode.id
2019-09-11 05:23:08,357 [main] INFO  volume.HddsVolume (HddsVolume.java:<init>(176)) - Creating Volume: /workdir/hadoop-ozone/integration-test/target/test-dir/MiniOzoneClusterImpl-293f29a2-6a00-4c6f-b8d4-f95033339b2e/datanode-6/data/containers/hdds of  storage type : DISK and capacity : 1482555576320
2019-09-11 05:23:08,357 [main] INFO  volume.VolumeSet (VolumeSet.java:initializeVolumeSet(170)) - Added Volume : /workdir/hadoop-ozone/integration-test/target/test-dir/MiniOzoneClusterImpl-293f29a2-6a00-4c6f-b8d4-f95033339b2e/datanode-6/data/containers/hdds to VolumeSet
2019-09-11 05:23:08,358 [main] INFO  volume.ThrottledAsyncChecker (ThrottledAsyncChecker.java:schedule(139)) - Scheduling a check for org.apache.hadoop.ozone.container.common.volume.HddsVolume@7ae0cc89
2019-09-11 05:23:08,358 [main] INFO  volume.HddsVolumeChecker (HddsVolumeChecker.java:checkAllVolumes(202)) - Scheduled health check for volume org.apache.hadoop.ozone.container.common.volume.HddsVolume@7ae0cc89
2019-09-11 05:23:08,374 [main] INFO  impl.RaftServerProxy (ConfUtils.java:logGet(43)) - raft.rpc.type = GRPC (default)
2019-09-11 05:23:08,374 [main] INFO  grpc.GrpcFactory (GrpcFactory.java:checkPooledByteBufAllocatorUseCacheForAllThreads(45)) - PERFORMANCE WARNING: useCacheForAllThreads is true that may cause Netty to create a lot garbage objects and, as a result, trigger GC.
	It is recommended to disable useCacheForAllThreads by setting -Dorg.apache.ratis.thirdparty.io.netty.allocator.useCacheForAllThreads=false in command line.
2019-09-11 05:23:08,374 [main] INFO  grpc.GrpcConfigKeys$Server (ConfUtils.java:logGet(43)) - raft.grpc.server.port = 0 (default)
2019-09-11 05:23:08,375 [main] INFO  server.GrpcService (ConfUtils.java:logGet(43)) - raft.grpc.message.size.max = 33570816 (custom)
2019-09-11 05:23:08,375 [main] INFO  server.RaftServerConfigKeys (ConfUtils.java:logGet(43)) - raft.server.log.appender.buffer.byte-limit = 33554432 (custom)
2019-09-11 05:23:08,375 [main] INFO  server.GrpcService (ConfUtils.java:logGet(43)) - raft.grpc.flow.control.window = 1MB (=1048576) (default)
2019-09-11 05:23:08,375 [main] INFO  server.RaftServerConfigKeys (ConfUtils.java:logGet(43)) - raft.server.rpc.request.timeout = 3000ms (default)
2019-09-11 05:23:08,375 [main] INFO  server.RaftServerConfigKeys (ConfUtils.java:logGet(43)) - raft.server.storage.dir = [/workdir/hadoop-ozone/integration-test/target/test-dir/MiniOzoneClusterImpl-293f29a2-6a00-4c6f-b8d4-f95033339b2e/datanode-6/data/ratis] (custom)
2019-09-11 05:23:08,377 [main] INFO  hdfs.DFSUtil (DFSUtil.java:httpServerTemplateForNNAndJN(1641)) - Starting Web-server for hddsDatanode at: http://0.0.0.0:0
2019-09-11 05:23:08,378 [main] INFO  server.AuthenticationFilter (AuthenticationFilter.java:constructSecretProvider(240)) - Unable to initialize FileSignerSecretProvider, falling back to use random secrets.
2019-09-11 05:23:08,378 [main] WARN  http.HttpRequestLog (HttpRequestLog.java:getRequestLog(97)) - Jetty request log can only be enabled using Log4j
2019-09-11 05:23:08,380 [main] INFO  http.HttpServer2 (HttpServer2.java:addGlobalFilter(975)) - Added global filter 'safety' (class=org.apache.hadoop.http.HttpServer2$QuotingInputFilter)
2019-09-11 05:23:08,380 [main] INFO  http.HttpServer2 (HttpServer2.java:addFilter(948)) - Added filter static_user_filter (class=org.apache.hadoop.http.lib.StaticUserWebFilter$StaticUserFilter) to context hddsDatanode
2019-09-11 05:23:08,380 [main] INFO  http.HttpServer2 (HttpServer2.java:addFilter(958)) - Added filter static_user_filter (class=org.apache.hadoop.http.lib.StaticUserWebFilter$StaticUserFilter) to context logs
2019-09-11 05:23:08,380 [main] INFO  http.HttpServer2 (HttpServer2.java:addFilter(958)) - Added filter static_user_filter (class=org.apache.hadoop.http.lib.StaticUserWebFilter$StaticUserFilter) to context static
2019-09-11 05:23:08,381 [main] INFO  http.HttpServer2 (HttpServer2.java:bindListener(1191)) - Jetty bound to port 45360
2019-09-11 05:23:08,381 [main] INFO  server.Server (Server.java:doStart(351)) - jetty-9.3.24.v20180605, build timestamp: 2018-06-05T17:11:56Z, git hash: 84205aa28f11a4f31f2a3b86d1bba2cc8ab69827
2019-09-11 05:23:08,382 [main] INFO  handler.ContextHandler (ContextHandler.java:doStart(781)) - Started o.e.j.s.ServletContextHandler@5d3ff859{/logs,file:///workdir/hadoop-ozone/integration-test/target/log,AVAILABLE}
2019-09-11 05:23:08,383 [main] INFO  handler.ContextHandler (ContextHandler.java:doStart(781)) - Started o.e.j.s.ServletContextHandler@467233e4{/static,jar:file:/home/user/.m2/repository/org/apache/hadoop/hadoop-hdds-container-service/0.5.0-SNAPSHOT/hadoop-hdds-container-service-0.5.0-SNAPSHOT.jar!/webapps/static,AVAILABLE}
2019-09-11 05:23:08,408 [main] INFO  handler.ContextHandler (ContextHandler.java:doStart(781)) - Started o.e.j.w.WebAppContext@f8a6243{/,file:///tmp/jetty-0.0.0.0-45360-hddsDatanode-_-any-4950942957833862423.dir/webapp/,AVAILABLE}{/hddsDatanode}
2019-09-11 05:23:08,408 [main] INFO  server.AbstractConnector (AbstractConnector.java:doStart(278)) - Started ServerConnector@4a8ffd75{HTTP/1.1,[http/1.1]}{0.0.0.0:45360}
2019-09-11 05:23:08,409 [main] INFO  server.Server (Server.java:doStart(419)) - Started @41321ms
2019-09-11 05:23:08,409 [main] WARN  impl.MetricsSystemImpl (MetricsSystemImpl.java:register(276)) - Sink prometheus already exists!
2019-09-11 05:23:08,410 [main] INFO  server.BaseHttpServer (BaseHttpServer.java:updateConnectorAddress(215)) - HTTP server of HDDSDATANODE is listening at http://0.0.0.0:45360
2019-09-11 05:23:08,410 [main] INFO  ozone.MiniOzoneClusterImpl (MiniOzoneClusterImpl.java:lambda$waitForClusterToBeReady$0(140)) - Waiting for cluster to be ready. Got 0 of 7 DN Heartbeats.
2019-09-11 05:23:08,413 [org.apache.hadoop.util.JvmPauseMonitor$Monitor@2356cf45] INFO  util.JvmPauseMonitor (JvmPauseMonitor.java:run(188)) - Starting JVM pause monitor
2019-09-11 05:23:08,414 [Datanode State Machine Thread - 0] INFO  datanode.InitDatanodeState (InitDatanodeState.java:persistContainerDatanodeDetails(140)) - DatanodeDetails is persisted to /workdir/hadoop-ozone/integration-test/target/test-dir/MiniOzoneClusterImpl-293f29a2-6a00-4c6f-b8d4-f95033339b2e/datanode-6/meta/datanode.id
2019-09-11 05:23:09,412 [main] INFO  ozone.MiniOzoneClusterImpl (MiniOzoneClusterImpl.java:lambda$waitForClusterToBeReady$0(140)) - Waiting for cluster to be ready. Got 0 of 7 DN Heartbeats.
2019-09-11 05:23:10,056 [Datanode State Machine Thread - 0] INFO  ozoneimpl.OzoneContainer (OzoneContainer.java:start(217)) - Attempting to start container services.
2019-09-11 05:23:10,059 [Datanode State Machine Thread - 0] INFO  ozoneimpl.OzoneContainer (OzoneContainer.java:startContainerScrub(179)) - Background container scanner has been disabled.
2019-09-11 05:23:10,059 [Datanode State Machine Thread - 0] INFO  ratis.XceiverServerRatis (XceiverServerRatis.java:start(404)) - Starting XceiverServerRatis 29816365-9aa0-47fa-9c81-075266e0412a at port 0
2019-09-11 05:23:10,067 [Datanode State Machine Thread - 0] INFO  impl.RaftServerProxy (RaftServerProxy.java:lambda$start$3(299)) - 29816365-9aa0-47fa-9c81-075266e0412a: start RPC server
2019-09-11 05:23:10,070 [Datanode State Machine Thread - 0] INFO  server.GrpcService (GrpcService.java:startImpl(158)) - 29816365-9aa0-47fa-9c81-075266e0412a: GrpcService started, listening on 0.0.0.0/0.0.0.0:45064
2019-09-11 05:23:10,070 [Datanode State Machine Thread - 0] INFO  ratis.XceiverServerRatis (XceiverServerRatis.java:start(414)) - XceiverServerRatis 29816365-9aa0-47fa-9c81-075266e0412a is started using port 45064
2019-09-11 05:23:10,071 [Datanode State Machine Thread - 0] INFO  server.XceiverServerGrpc (XceiverServerGrpc.java:start(163)) - XceiverServerGrpc 29816365-9aa0-47fa-9c81-075266e0412a is started using port 39833
2019-09-11 05:23:10,094 [Datanode State Machine Thread - 0] INFO  ozoneimpl.OzoneContainer (OzoneContainer.java:start(217)) - Attempting to start container services.
2019-09-11 05:23:10,097 [Datanode State Machine Thread - 0] INFO  ozoneimpl.OzoneContainer (OzoneContainer.java:startContainerScrub(179)) - Background container scanner has been disabled.
2019-09-11 05:23:10,097 [Datanode State Machine Thread - 0] INFO  ratis.XceiverServerRatis (XceiverServerRatis.java:start(404)) - Starting XceiverServerRatis 7f78b414-4b36-4b2b-b519-84f027f211c0 at port 0
2019-09-11 05:23:10,104 [Datanode State Machine Thread - 0] INFO  impl.RaftServerProxy (RaftServerProxy.java:lambda$start$3(299)) - 7f78b414-4b36-4b2b-b519-84f027f211c0: start RPC server
2019-09-11 05:23:10,107 [Datanode State Machine Thread - 0] INFO  server.GrpcService (GrpcService.java:startImpl(158)) - 7f78b414-4b36-4b2b-b519-84f027f211c0: GrpcService started, listening on 0.0.0.0/0.0.0.0:35690
2019-09-11 05:23:10,107 [Datanode State Machine Thread - 0] INFO  ratis.XceiverServerRatis (XceiverServerRatis.java:start(414)) - XceiverServerRatis 7f78b414-4b36-4b2b-b519-84f027f211c0 is started using port 35690
2019-09-11 05:23:10,109 [Datanode State Machine Thread - 0] INFO  server.XceiverServerGrpc (XceiverServerGrpc.java:start(163)) - XceiverServerGrpc 7f78b414-4b36-4b2b-b519-84f027f211c0 is started using port 38733
2019-09-11 05:23:10,160 [Datanode State Machine Thread - 0] INFO  ozoneimpl.OzoneContainer (OzoneContainer.java:start(217)) - Attempting to start container services.
2019-09-11 05:23:10,170 [Datanode State Machine Thread - 0] INFO  ozoneimpl.OzoneContainer (OzoneContainer.java:startContainerScrub(179)) - Background container scanner has been disabled.
2019-09-11 05:23:10,170 [Datanode State Machine Thread - 0] INFO  ratis.XceiverServerRatis (XceiverServerRatis.java:start(404)) - Starting XceiverServerRatis 5811cb92-11ab-4c57-944f-b33b1cb163a8 at port 0
2019-09-11 05:23:10,177 [Datanode State Machine Thread - 0] INFO  impl.RaftServerProxy (RaftServerProxy.java:lambda$start$3(299)) - 5811cb92-11ab-4c57-944f-b33b1cb163a8: start RPC server
2019-09-11 05:23:10,183 [Datanode State Machine Thread - 0] INFO  server.GrpcService (GrpcService.java:startImpl(158)) - 5811cb92-11ab-4c57-944f-b33b1cb163a8: GrpcService started, listening on 0.0.0.0/0.0.0.0:36529
2019-09-11 05:23:10,183 [Datanode State Machine Thread - 0] INFO  ratis.XceiverServerRatis (XceiverServerRatis.java:start(414)) - XceiverServerRatis 5811cb92-11ab-4c57-944f-b33b1cb163a8 is started using port 36529
2019-09-11 05:23:10,189 [Datanode State Machine Thread - 0] INFO  server.XceiverServerGrpc (XceiverServerGrpc.java:start(163)) - XceiverServerGrpc 5811cb92-11ab-4c57-944f-b33b1cb163a8 is started using port 37353
2019-09-11 05:23:10,238 [Datanode State Machine Thread - 0] INFO  ozoneimpl.OzoneContainer (OzoneContainer.java:start(217)) - Attempting to start container services.
2019-09-11 05:23:10,238 [Datanode State Machine Thread - 0] INFO  ozoneimpl.OzoneContainer (OzoneContainer.java:startContainerScrub(179)) - Background container scanner has been disabled.
2019-09-11 05:23:10,239 [Datanode State Machine Thread - 0] INFO  ratis.XceiverServerRatis (XceiverServerRatis.java:start(404)) - Starting XceiverServerRatis 898294ac-8be2-4fe7-97bd-ef7091906e13 at port 0
2019-09-11 05:23:10,247 [Datanode State Machine Thread - 0] INFO  impl.RaftServerProxy (RaftServerProxy.java:lambda$start$3(299)) - 898294ac-8be2-4fe7-97bd-ef7091906e13: start RPC server
2019-09-11 05:23:10,248 [Datanode State Machine Thread - 0] INFO  server.GrpcService (GrpcService.java:startImpl(158)) - 898294ac-8be2-4fe7-97bd-ef7091906e13: GrpcService started, listening on 0.0.0.0/0.0.0.0:38039
2019-09-11 05:23:10,248 [Datanode State Machine Thread - 0] INFO  ratis.XceiverServerRatis (XceiverServerRatis.java:start(414)) - XceiverServerRatis 898294ac-8be2-4fe7-97bd-ef7091906e13 is started using port 38039
2019-09-11 05:23:10,249 [Datanode State Machine Thread - 0] INFO  server.XceiverServerGrpc (XceiverServerGrpc.java:start(163)) - XceiverServerGrpc 898294ac-8be2-4fe7-97bd-ef7091906e13 is started using port 38574
2019-09-11 05:23:10,304 [Datanode State Machine Thread - 0] INFO  ozoneimpl.OzoneContainer (OzoneContainer.java:start(217)) - Attempting to start container services.
2019-09-11 05:23:10,304 [Datanode State Machine Thread - 0] INFO  ozoneimpl.OzoneContainer (OzoneContainer.java:startContainerScrub(179)) - Background container scanner has been disabled.
2019-09-11 05:23:10,304 [Datanode State Machine Thread - 0] INFO  ratis.XceiverServerRatis (XceiverServerRatis.java:start(404)) - Starting XceiverServerRatis a35bc888-e8ef-4bf5-8540-2f9e42242cb6 at port 0
2019-09-11 05:23:10,312 [Datanode State Machine Thread - 0] INFO  impl.RaftServerProxy (RaftServerProxy.java:lambda$start$3(299)) - a35bc888-e8ef-4bf5-8540-2f9e42242cb6: start RPC server
2019-09-11 05:23:10,313 [Datanode State Machine Thread - 0] INFO  server.GrpcService (GrpcService.java:startImpl(158)) - a35bc888-e8ef-4bf5-8540-2f9e42242cb6: GrpcService started, listening on 0.0.0.0/0.0.0.0:38214
2019-09-11 05:23:10,314 [Datanode State Machine Thread - 0] INFO  ratis.XceiverServerRatis (XceiverServerRatis.java:start(414)) - XceiverServerRatis a35bc888-e8ef-4bf5-8540-2f9e42242cb6 is started using port 38214
2019-09-11 05:23:10,314 [Datanode State Machine Thread - 0] INFO  server.XceiverServerGrpc (XceiverServerGrpc.java:start(163)) - XceiverServerGrpc a35bc888-e8ef-4bf5-8540-2f9e42242cb6 is started using port 45970
2019-09-11 05:23:10,365 [Datanode State Machine Thread - 0] INFO  ozoneimpl.OzoneContainer (OzoneContainer.java:start(217)) - Attempting to start container services.
2019-09-11 05:23:10,366 [Datanode State Machine Thread - 0] INFO  ozoneimpl.OzoneContainer (OzoneContainer.java:startContainerScrub(179)) - Background container scanner has been disabled.
2019-09-11 05:23:10,366 [Datanode State Machine Thread - 0] INFO  ratis.XceiverServerRatis (XceiverServerRatis.java:start(404)) - Starting XceiverServerRatis 4fcbdd63-8378-4c91-8c19-35bef64986a6 at port 0
2019-09-11 05:23:10,373 [Datanode State Machine Thread - 0] INFO  impl.RaftServerProxy (RaftServerProxy.java:lambda$start$3(299)) - 4fcbdd63-8378-4c91-8c19-35bef64986a6: start RPC server
2019-09-11 05:23:10,374 [Datanode State Machine Thread - 0] INFO  server.GrpcService (GrpcService.java:startImpl(158)) - 4fcbdd63-8378-4c91-8c19-35bef64986a6: GrpcService started, listening on 0.0.0.0/0.0.0.0:34909
2019-09-11 05:23:10,375 [Datanode State Machine Thread - 0] INFO  ratis.XceiverServerRatis (XceiverServerRatis.java:start(414)) - XceiverServerRatis 4fcbdd63-8378-4c91-8c19-35bef64986a6 is started using port 34909
2019-09-11 05:23:10,375 [Datanode State Machine Thread - 0] INFO  server.XceiverServerGrpc (XceiverServerGrpc.java:start(163)) - XceiverServerGrpc 4fcbdd63-8378-4c91-8c19-35bef64986a6 is started using port 38468
2019-09-11 05:23:10,413 [main] INFO  ozone.MiniOzoneClusterImpl (MiniOzoneClusterImpl.java:lambda$waitForClusterToBeReady$0(140)) - Waiting for cluster to be ready. Got 0 of 7 DN Heartbeats.
2019-09-11 05:23:10,428 [Datanode State Machine Thread - 0] INFO  ozoneimpl.OzoneContainer (OzoneContainer.java:start(217)) - Attempting to start container services.
2019-09-11 05:23:10,428 [Datanode State Machine Thread - 0] INFO  ozoneimpl.OzoneContainer (OzoneContainer.java:startContainerScrub(179)) - Background container scanner has been disabled.
2019-09-11 05:23:10,428 [Datanode State Machine Thread - 0] INFO  ratis.XceiverServerRatis (XceiverServerRatis.java:start(404)) - Starting XceiverServerRatis df817b81-633c-4047-a5d9-a1ed1747652a at port 0
2019-09-11 05:23:10,437 [Datanode State Machine Thread - 0] INFO  impl.RaftServerProxy (RaftServerProxy.java:lambda$start$3(299)) - df817b81-633c-4047-a5d9-a1ed1747652a: start RPC server
2019-09-11 05:23:10,438 [Datanode State Machine Thread - 0] INFO  server.GrpcService (GrpcService.java:startImpl(158)) - df817b81-633c-4047-a5d9-a1ed1747652a: GrpcService started, listening on 0.0.0.0/0.0.0.0:35607
2019-09-11 05:23:10,438 [Datanode State Machine Thread - 0] INFO  ratis.XceiverServerRatis (XceiverServerRatis.java:start(414)) - XceiverServerRatis df817b81-633c-4047-a5d9-a1ed1747652a is started using port 35607
2019-09-11 05:23:10,439 [Datanode State Machine Thread - 0] INFO  server.XceiverServerGrpc (XceiverServerGrpc.java:start(163)) - XceiverServerGrpc df817b81-633c-4047-a5d9-a1ed1747652a is started using port 35649
2019-09-11 05:23:11,414 [main] INFO  ozone.MiniOzoneClusterImpl (MiniOzoneClusterImpl.java:lambda$waitForClusterToBeReady$0(140)) - Waiting for cluster to be ready. Got 0 of 7 DN Heartbeats.
2019-09-11 05:23:12,012 [IPC Server handler 0 on 41541] INFO  net.NetworkTopology (NetworkTopologyImpl.java:add(110)) - Added a new node: /default-rack/29816365-9aa0-47fa-9c81-075266e0412a
2019-09-11 05:23:12,015 [IPC Server handler 0 on 41541] INFO  node.SCMNodeManager (SCMNodeManager.java:register(266)) - Registered Data node : 29816365-9aa0-47fa-9c81-075266e0412a{ip: 192.168.36.125, host: trunk-nightly-20190911-vpfxm-1000144475, networkLocation: /default-rack, certSerialId: null}
2019-09-11 05:23:12,016 [EventQueue-NodeRegistrationContainerReportForDataNodeSafeModeRule] INFO  safemode.SCMSafeModeManager (DataNodeSafeModeRule.java:process(71)) - SCM in safe mode. 1 DataNodes registered, 1 required.
2019-09-11 05:23:12,019 [EventQueue-NodeRegistrationContainerReportForDataNodeSafeModeRule] INFO  safemode.SCMSafeModeManager (SCMSafeModeManager.java:validateSafeModeExitRules(177)) - ScmSafeModeManager, all rules are successfully validated
2019-09-11 05:23:12,020 [EventQueue-NodeRegistrationContainerReportForDataNodeSafeModeRule] INFO  safemode.SCMSafeModeManager (SCMSafeModeManager.java:exitSafeMode(193)) - SCM exiting safe mode.
2019-09-11 05:23:12,047 [grpc-default-executor-0] INFO  impl.RaftServerProxy (RaftServerProxy.java:addNew(89)) - 29816365-9aa0-47fa-9c81-075266e0412a: addNew group-CD51E15EFC53:[29816365-9aa0-47fa-9c81-075266e0412a:192.168.36.125:45064] returns group-CD51E15EFC53:java.util.concurrent.CompletableFuture@32c0c701[Not completed]
2019-09-11 05:23:12,049 [pool-119-thread-1] INFO  impl.RaftServerImpl (RaftServerImpl.java:<init>(95)) - 29816365-9aa0-47fa-9c81-075266e0412a: new RaftServerImpl for group-CD51E15EFC53:[29816365-9aa0-47fa-9c81-075266e0412a:192.168.36.125:45064] with ContainerStateMachine:uninitialized
2019-09-11 05:23:12,049 [pool-119-thread-1] INFO  server.RaftServerConfigKeys (ConfUtils.java:logGet(43)) - raft.server.rpc.timeout.min = 5s (custom)
2019-09-11 05:23:12,049 [pool-119-thread-1] INFO  server.RaftServerConfigKeys (ConfUtils.java:logGet(43)) - raft.server.rpc.timeout.max = 5200ms (custom)
2019-09-11 05:23:12,049 [pool-119-thread-1] INFO  server.RaftServerConfigKeys (ConfUtils.java:logGet(43)) - raft.server.rpcslowness.timeout = 120s (custom)
2019-09-11 05:23:12,049 [pool-119-thread-1] INFO  server.RaftServerConfigKeys (ConfUtils.java:logGet(43)) - raft.server.sleep.deviation.threshold = 300 (default)
2019-09-11 05:23:12,049 [pool-119-thread-1] INFO  server.RaftServerConfigKeys (ConfUtils.java:logGet(43)) - raft.server.log.appender.install.snapshot.enabled = false (custom)
2019-09-11 05:23:12,050 [pool-119-thread-1] INFO  impl.RaftServerImpl (ServerState.java:<init>(103)) - 29816365-9aa0-47fa-9c81-075266e0412a@group-CD51E15EFC53: ConfigurationManager, init=-1: [29816365-9aa0-47fa-9c81-075266e0412a:192.168.36.125:45064], old=null, confs=<EMPTY_MAP>
2019-09-11 05:23:12,050 [pool-119-thread-1] INFO  server.RaftServerConfigKeys (ConfUtils.java:logGet(43)) - raft.server.storage.dir = [/workdir/hadoop-ozone/integration-test/target/test-dir/MiniOzoneClusterImpl-293f29a2-6a00-4c6f-b8d4-f95033339b2e/datanode-0/data/ratis] (custom)
2019-09-11 05:23:12,051 [pool-119-thread-1] INFO  storage.RaftStorageDirectory (RaftStorageDirectory.java:analyzeStorage(246)) - The storage directory /workdir/hadoop-ozone/integration-test/target/test-dir/MiniOzoneClusterImpl-293f29a2-6a00-4c6f-b8d4-f95033339b2e/datanode-0/data/ratis/71da52d4-c407-4d54-a052-cd51e15efc53 does not exist. Creating ...
2019-09-11 05:23:12,063 [pool-119-thread-1] INFO  storage.RaftStorageDirectory (RaftStorageDirectory.java:tryLock(328)) - Lock on /workdir/hadoop-ozone/integration-test/target/test-dir/MiniOzoneClusterImpl-293f29a2-6a00-4c6f-b8d4-f95033339b2e/datanode-0/data/ratis/71da52d4-c407-4d54-a052-cd51e15efc53/in_use.lock acquired by nodename 14756@trunk-nightly-20190911-vpfxm-1000144475
2019-09-11 05:23:12,077 [pool-119-thread-1] INFO  storage.RaftStorage (RaftStorage.java:format(72)) - Storage directory /workdir/hadoop-ozone/integration-test/target/test-dir/MiniOzoneClusterImpl-293f29a2-6a00-4c6f-b8d4-f95033339b2e/datanode-0/data/ratis/71da52d4-c407-4d54-a052-cd51e15efc53 has been successfully formatted.
2019-09-11 05:23:12,077 [pool-119-thread-1] INFO  ratis.ContainerStateMachine (ContainerStateMachine.java:loadSnapshot(230)) - group-CD51E15EFC53: The snapshot info is null. Setting the last applied indexto:(t:0, i:~)
2019-09-11 05:23:12,077 [pool-119-thread-1] INFO  server.RaftServerConfigKeys (ConfUtils.java:logGet(43)) - raft.server.notification.no-leader.timeout = 120s (custom)
2019-09-11 05:23:12,077 [pool-119-thread-1] INFO  server.RaftServerConfigKeys (ConfUtils.java:logGet(43)) - raft.server.log.use.memory = false (default)
2019-09-11 05:23:12,077 [pool-119-thread-1] INFO  server.RaftServerConfigKeys (ConfUtils.java:logGet(43)) - raft.server.log.purge.gap = 1000000 (custom)
2019-09-11 05:23:12,077 [pool-119-thread-1] INFO  server.RaftServerConfigKeys (ConfUtils.java:logGet(43)) - raft.server.log.appender.buffer.byte-limit = 33554432 (custom)
2019-09-11 05:23:12,078 [pool-119-thread-1] INFO  server.RaftServerConfigKeys (ConfUtils.java:logGet(43)) - raft.server.log.segment.size.max = 1048576 (custom)
2019-09-11 05:23:12,078 [pool-119-thread-1] INFO  server.RaftServerConfigKeys (ConfUtils.java:logGet(43)) - raft.server.log.segment.cache.num.max = 2 (custom)
2019-09-11 05:23:12,078 [pool-119-thread-1] INFO  segmented.SegmentedRaftLogWorker (SegmentedRaftLogWorker.java:<init>(172)) - new 29816365-9aa0-47fa-9c81-075266e0412a@group-CD51E15EFC53-SegmentedRaftLogWorker for RaftStorage:Storage Directory /workdir/hadoop-ozone/integration-test/target/test-dir/MiniOzoneClusterImpl-293f29a2-6a00-4c6f-b8d4-f95033339b2e/datanode-0/data/ratis/71da52d4-c407-4d54-a052-cd51e15efc53
2019-09-11 05:23:12,080 [IPC Server handler 1 on 41541] INFO  net.NetworkTopology (NetworkTopologyImpl.java:add(110)) - Added a new node: /default-rack/7f78b414-4b36-4b2b-b519-84f027f211c0
2019-09-11 05:23:12,080 [IPC Server handler 1 on 41541] INFO  node.SCMNodeManager (SCMNodeManager.java:register(266)) - Registered Data node : 7f78b414-4b36-4b2b-b519-84f027f211c0{ip: 192.168.36.125, host: trunk-nightly-20190911-vpfxm-1000144475, networkLocation: /default-rack, certSerialId: null}
2019-09-11 05:23:12,080 [pool-119-thread-1] INFO  server.RaftServerConfigKeys (ConfUtils.java:logGet(43)) - raft.server.log.queue.byte-limit = 2147483647 (custom)
2019-09-11 05:23:12,080 [pool-119-thread-1] INFO  server.RaftServerConfigKeys (ConfUtils.java:logGet(43)) - raft.server.log.queue.element-limit = 1024 (custom)
2019-09-11 05:23:12,080 [pool-119-thread-1] INFO  server.RaftServerConfigKeys (ConfUtils.java:logGet(43)) - raft.server.log.segment.size.max = 1048576 (custom)
2019-09-11 05:23:12,081 [pool-119-thread-1] INFO  server.RaftServerConfigKeys (ConfUtils.java:logGet(43)) - raft.server.log.preallocated.size = 16384 (custom)
2019-09-11 05:23:12,081 [pool-119-thread-1] INFO  server.RaftServerConfigKeys (ConfUtils.java:logGet(43)) - raft.server.log.write.buffer.size = 33554432 (custom)
2019-09-11 05:23:12,081 [pool-119-thread-1] INFO  server.RaftServerConfigKeys (ConfUtils.java:logGet(43)) - raft.server.log.force.sync.num = 128 (default)
2019-09-11 05:23:12,081 [pool-119-thread-1] INFO  server.RaftServerConfigKeys (ConfUtils.java:logGet(43)) - raft.server.log.statemachine.data.sync = true (default)
2019-09-11 05:23:12,081 [pool-119-thread-1] INFO  server.RaftServerConfigKeys (ConfUtils.java:logGet(43)) - raft.server.log.statemachine.data.sync.timeout = 10s (default)
2019-09-11 05:23:12,081 [pool-119-thread-1] INFO  server.RaftServerConfigKeys (ConfUtils.java:logGet(43)) - raft.server.log.statemachine.data.sync.timeout.retry = -1 (default)
2019-09-11 05:23:12,081 [pool-119-thread-1] INFO  server.RaftServerConfigKeys (ConfUtils.java:logGet(43)) - raft.server.log.statemachine.data.caching.enabled = true (custom)
2019-09-11 05:23:12,082 [pool-119-thread-1] INFO  segmented.SegmentedRaftLogWorker (SegmentedRaftLogWorker.java:lambda$new$0(132)) - 29816365-9aa0-47fa-9c81-075266e0412a@group-CD51E15EFC53-SegmentedRaftLogWorker: flushIndex: setUnconditionally 0 -> -1
2019-09-11 05:23:12,082 [pool-119-thread-1] INFO  server.RaftServerConfigKeys (ConfUtils.java:logGet(43)) - raft.server.snapshot.auto.trigger.enabled = true (custom)
2019-09-11 05:23:12,082 [pool-119-thread-1] INFO  server.RaftServerConfigKeys (ConfUtils.java:logGet(43)) - raft.server.snapshot.auto.trigger.threshold = 10000 (custom)
2019-09-11 05:23:12,082 [pool-119-thread-1] INFO  server.RaftServerConfigKeys (ConfUtils.java:logGet(43)) - raft.server.snapshot.retention.num.files = -1 (default)
2019-09-11 05:23:12,083 [pool-119-thread-1] INFO  server.RaftServerConfigKeys (ConfUtils.java:logGet(43)) - raft.server.retrycache.expirytime = 600000ms (custom)
2019-09-11 05:23:12,085 [pool-119-thread-1] INFO  impl.RaftServerImpl (RaftServerImpl.java:start(185)) - 29816365-9aa0-47fa-9c81-075266e0412a@group-CD51E15EFC53: start as a follower, conf=-1: [29816365-9aa0-47fa-9c81-075266e0412a:192.168.36.125:45064], old=null
2019-09-11 05:23:12,085 [pool-119-thread-1] INFO  impl.RaftServerImpl (RaftServerImpl.java:setRole(174)) - 29816365-9aa0-47fa-9c81-075266e0412a@group-CD51E15EFC53: changes role from      null to FOLLOWER at term 0 for startAsFollower
2019-09-11 05:23:12,085 [pool-119-thread-1] INFO  impl.RoleInfo (RoleInfo.java:updateAndGet(143)) - 29816365-9aa0-47fa-9c81-075266e0412a: start FollowerState
2019-09-11 05:23:12,085 [pool-119-thread-1] INFO  util.JmxRegister (JmxRegister.java:tryRegister(44)) - Successfully registered JMX Bean with object name Ratis:service=RaftServer,group=group-CD51E15EFC53,id=29816365-9aa0-47fa-9c81-075266e0412a
2019-09-11 05:23:12,092 [RatisPipelineUtilsThread] INFO  pipeline.PipelineStateManager (PipelineStateManager.java:addPipeline(56)) - Created pipeline Pipeline[ Id: 71da52d4-c407-4d54-a052-cd51e15efc53, Nodes: 29816365-9aa0-47fa-9c81-075266e0412a{ip: 192.168.36.125, host: trunk-nightly-20190911-vpfxm-1000144475, networkLocation: /default-rack, certSerialId: null}, Type:RATIS, Factor:ONE, State:OPEN]
2019-09-11 05:23:12,100 [grpc-default-executor-0] INFO  impl.RaftServerProxy (RaftServerProxy.java:addNew(89)) - 7f78b414-4b36-4b2b-b519-84f027f211c0: addNew group-06ECE2560071:[7f78b414-4b36-4b2b-b519-84f027f211c0:192.168.36.125:35690] returns group-06ECE2560071:java.util.concurrent.CompletableFuture@3e5cac96[Not completed]
2019-09-11 05:23:12,101 [pool-129-thread-1] INFO  impl.RaftServerImpl (RaftServerImpl.java:<init>(95)) - 7f78b414-4b36-4b2b-b519-84f027f211c0: new RaftServerImpl for group-06ECE2560071:[7f78b414-4b36-4b2b-b519-84f027f211c0:192.168.36.125:35690] with ContainerStateMachine:uninitialized
2019-09-11 05:23:12,101 [pool-129-thread-1] INFO  server.RaftServerConfigKeys (ConfUtils.java:logGet(43)) - raft.server.rpc.timeout.min = 5s (custom)
2019-09-11 05:23:12,101 [pool-129-thread-1] INFO  server.RaftServerConfigKeys (ConfUtils.java:logGet(43)) - raft.server.rpc.timeout.max = 5200ms (custom)
2019-09-11 05:23:12,101 [pool-129-thread-1] INFO  server.RaftServerConfigKeys (ConfUtils.java:logGet(43)) - raft.server.rpcslowness.timeout = 120s (custom)
2019-09-11 05:23:12,102 [pool-129-thread-1] INFO  server.RaftServerConfigKeys (ConfUtils.java:logGet(43)) - raft.server.sleep.deviation.threshold = 300 (default)
2019-09-11 05:23:12,102 [pool-129-thread-1] INFO  server.RaftServerConfigKeys (ConfUtils.java:logGet(43)) - raft.server.log.appender.install.snapshot.enabled = false (custom)
2019-09-11 05:23:12,102 [pool-129-thread-1] INFO  impl.RaftServerImpl (ServerState.java:<init>(103)) - 7f78b414-4b36-4b2b-b519-84f027f211c0@group-06ECE2560071: ConfigurationManager, init=-1: [7f78b414-4b36-4b2b-b519-84f027f211c0:192.168.36.125:35690], old=null, confs=<EMPTY_MAP>
2019-09-11 05:23:12,102 [pool-129-thread-1] INFO  server.RaftServerConfigKeys (ConfUtils.java:logGet(43)) - raft.server.storage.dir = [/workdir/hadoop-ozone/integration-test/target/test-dir/MiniOzoneClusterImpl-293f29a2-6a00-4c6f-b8d4-f95033339b2e/datanode-1/data/ratis] (custom)
2019-09-11 05:23:12,103 [pool-129-thread-1] INFO  storage.RaftStorageDirectory (RaftStorageDirectory.java:analyzeStorage(246)) - The storage directory /workdir/hadoop-ozone/integration-test/target/test-dir/MiniOzoneClusterImpl-293f29a2-6a00-4c6f-b8d4-f95033339b2e/datanode-1/data/ratis/c27f6f3c-b9dc-4c74-ae3d-06ece2560071 does not exist. Creating ...
2019-09-11 05:23:12,115 [pool-129-thread-1] INFO  storage.RaftStorageDirectory (RaftStorageDirectory.java:tryLock(328)) - Lock on /workdir/hadoop-ozone/integration-test/target/test-dir/MiniOzoneClusterImpl-293f29a2-6a00-4c6f-b8d4-f95033339b2e/datanode-1/data/ratis/c27f6f3c-b9dc-4c74-ae3d-06ece2560071/in_use.lock acquired by nodename 14756@trunk-nightly-20190911-vpfxm-1000144475
2019-09-11 05:23:12,128 [pool-129-thread-1] INFO  storage.RaftStorage (RaftStorage.java:format(72)) - Storage directory /workdir/hadoop-ozone/integration-test/target/test-dir/MiniOzoneClusterImpl-293f29a2-6a00-4c6f-b8d4-f95033339b2e/datanode-1/data/ratis/c27f6f3c-b9dc-4c74-ae3d-06ece2560071 has been successfully formatted.
2019-09-11 05:23:12,128 [pool-129-thread-1] INFO  ratis.ContainerStateMachine (ContainerStateMachine.java:loadSnapshot(230)) - group-06ECE2560071: The snapshot info is null. Setting the last applied indexto:(t:0, i:~)
2019-09-11 05:23:12,129 [pool-129-thread-1] INFO  server.RaftServerConfigKeys (ConfUtils.java:logGet(43)) - raft.server.notification.no-leader.timeout = 120s (custom)
2019-09-11 05:23:12,129 [pool-129-thread-1] INFO  server.RaftServerConfigKeys (ConfUtils.java:logGet(43)) - raft.server.log.use.memory = false (default)
2019-09-11 05:23:12,129 [pool-129-thread-1] INFO  server.RaftServerConfigKeys (ConfUtils.java:logGet(43)) - raft.server.log.purge.gap = 1000000 (custom)
2019-09-11 05:23:12,129 [pool-129-thread-1] INFO  server.RaftServerConfigKeys (ConfUtils.java:logGet(43)) - raft.server.log.appender.buffer.byte-limit = 33554432 (custom)
2019-09-11 05:23:12,129 [pool-129-thread-1] INFO  server.RaftServerConfigKeys (ConfUtils.java:logGet(43)) - raft.server.log.segment.size.max = 1048576 (custom)
2019-09-11 05:23:12,129 [pool-129-thread-1] INFO  server.RaftServerConfigKeys (ConfUtils.java:logGet(43)) - raft.server.log.segment.cache.num.max = 2 (custom)
2019-09-11 05:23:12,129 [pool-129-thread-1] INFO  segmented.SegmentedRaftLogWorker (SegmentedRaftLogWorker.java:<init>(172)) - new 7f78b414-4b36-4b2b-b519-84f027f211c0@group-06ECE2560071-SegmentedRaftLogWorker for RaftStorage:Storage Directory /workdir/hadoop-ozone/integration-test/target/test-dir/MiniOzoneClusterImpl-293f29a2-6a00-4c6f-b8d4-f95033339b2e/datanode-1/data/ratis/c27f6f3c-b9dc-4c74-ae3d-06ece2560071
2019-09-11 05:23:12,132 [pool-129-thread-1] INFO  server.RaftServerConfigKeys (ConfUtils.java:logGet(43)) - raft.server.log.queue.byte-limit = 2147483647 (custom)
2019-09-11 05:23:12,132 [pool-129-thread-1] INFO  server.RaftServerConfigKeys (ConfUtils.java:logGet(43)) - raft.server.log.queue.element-limit = 1024 (custom)
2019-09-11 05:23:12,132 [pool-129-thread-1] INFO  server.RaftServerConfigKeys (ConfUtils.java:logGet(43)) - raft.server.log.segment.size.max = 1048576 (custom)
2019-09-11 05:23:12,132 [pool-129-thread-1] INFO  server.RaftServerConfigKeys (ConfUtils.java:logGet(43)) - raft.server.log.preallocated.size = 16384 (custom)
2019-09-11 05:23:12,133 [pool-129-thread-1] INFO  server.RaftServerConfigKeys (ConfUtils.java:logGet(43)) - raft.server.log.write.buffer.size = 33554432 (custom)
2019-09-11 05:23:12,133 [pool-129-thread-1] INFO  server.RaftServerConfigKeys (ConfUtils.java:logGet(43)) - raft.server.log.force.sync.num = 128 (default)
2019-09-11 05:23:12,133 [pool-129-thread-1] INFO  server.RaftServerConfigKeys (ConfUtils.java:logGet(43)) - raft.server.log.statemachine.data.sync = true (default)
2019-09-11 05:23:12,133 [pool-129-thread-1] INFO  server.RaftServerConfigKeys (ConfUtils.java:logGet(43)) - raft.server.log.statemachine.data.sync.timeout = 10s (default)
2019-09-11 05:23:12,133 [pool-129-thread-1] INFO  server.RaftServerConfigKeys (ConfUtils.java:logGet(43)) - raft.server.log.statemachine.data.sync.timeout.retry = -1 (default)
2019-09-11 05:23:12,133 [pool-129-thread-1] INFO  server.RaftServerConfigKeys (ConfUtils.java:logGet(43)) - raft.server.log.statemachine.data.caching.enabled = true (custom)
2019-09-11 05:23:12,134 [pool-129-thread-1] INFO  segmented.SegmentedRaftLogWorker (SegmentedRaftLogWorker.java:lambda$new$0(132)) - 7f78b414-4b36-4b2b-b519-84f027f211c0@group-06ECE2560071-SegmentedRaftLogWorker: flushIndex: setUnconditionally 0 -> -1
2019-09-11 05:23:12,134 [pool-129-thread-1] INFO  server.RaftServerConfigKeys (ConfUtils.java:logGet(43)) - raft.server.snapshot.auto.trigger.enabled = true (custom)
2019-09-11 05:23:12,134 [pool-129-thread-1] INFO  server.RaftServerConfigKeys (ConfUtils.java:logGet(43)) - raft.server.snapshot.auto.trigger.threshold = 10000 (custom)
2019-09-11 05:23:12,134 [pool-129-thread-1] INFO  server.RaftServerConfigKeys (ConfUtils.java:logGet(43)) - raft.server.snapshot.retention.num.files = -1 (default)
2019-09-11 05:23:12,134 [pool-129-thread-1] INFO  server.RaftServerConfigKeys (ConfUtils.java:logGet(43)) - raft.server.retrycache.expirytime = 600000ms (custom)
2019-09-11 05:23:12,137 [pool-129-thread-1] INFO  impl.RaftServerImpl (RaftServerImpl.java:start(185)) - 7f78b414-4b36-4b2b-b519-84f027f211c0@group-06ECE2560071: start as a follower, conf=-1: [7f78b414-4b36-4b2b-b519-84f027f211c0:192.168.36.125:35690], old=null
2019-09-11 05:23:12,137 [pool-129-thread-1] INFO  impl.RaftServerImpl (RaftServerImpl.java:setRole(174)) - 7f78b414-4b36-4b2b-b519-84f027f211c0@group-06ECE2560071: changes role from      null to FOLLOWER at term 0 for startAsFollower
2019-09-11 05:23:12,137 [pool-129-thread-1] INFO  impl.RoleInfo (RoleInfo.java:updateAndGet(143)) - 7f78b414-4b36-4b2b-b519-84f027f211c0: start FollowerState
2019-09-11 05:23:12,137 [pool-129-thread-1] INFO  util.JmxRegister (JmxRegister.java:tryRegister(44)) - Successfully registered JMX Bean with object name Ratis:service=RaftServer,group=group-06ECE2560071,id=7f78b414-4b36-4b2b-b519-84f027f211c0
2019-09-11 05:23:12,143 [RatisPipelineUtilsThread] INFO  pipeline.PipelineStateManager (PipelineStateManager.java:addPipeline(56)) - Created pipeline Pipeline[ Id: c27f6f3c-b9dc-4c74-ae3d-06ece2560071, Nodes: 7f78b414-4b36-4b2b-b519-84f027f211c0{ip: 192.168.36.125, host: trunk-nightly-20190911-vpfxm-1000144475, networkLocation: /default-rack, certSerialId: null}, Type:RATIS, Factor:ONE, State:OPEN]
2019-09-11 05:23:12,147 [IPC Server handler 2 on 41541] INFO  net.NetworkTopology (NetworkTopologyImpl.java:add(110)) - Added a new node: /default-rack/5811cb92-11ab-4c57-944f-b33b1cb163a8
2019-09-11 05:23:12,150 [IPC Server handler 2 on 41541] INFO  node.SCMNodeManager (SCMNodeManager.java:register(266)) - Registered Data node : 5811cb92-11ab-4c57-944f-b33b1cb163a8{ip: 192.168.36.125, host: trunk-nightly-20190911-vpfxm-1000144475, networkLocation: /default-rack, certSerialId: null}
2019-09-11 05:23:12,157 [grpc-default-executor-0] INFO  impl.RaftServerProxy (RaftServerProxy.java:addNew(89)) - 5811cb92-11ab-4c57-944f-b33b1cb163a8: addNew group-68F18EC4F3B2:[5811cb92-11ab-4c57-944f-b33b1cb163a8:192.168.36.125:36529] returns group-68F18EC4F3B2:java.util.concurrent.CompletableFuture@2bb93da2[Not completed]
2019-09-11 05:23:12,161 [pool-139-thread-1] INFO  impl.RaftServerImpl (RaftServerImpl.java:<init>(95)) - 5811cb92-11ab-4c57-944f-b33b1cb163a8: new RaftServerImpl for group-68F18EC4F3B2:[5811cb92-11ab-4c57-944f-b33b1cb163a8:192.168.36.125:36529] with ContainerStateMachine:uninitialized
2019-09-11 05:23:12,162 [pool-139-thread-1] INFO  server.RaftServerConfigKeys (ConfUtils.java:logGet(43)) - raft.server.rpc.timeout.min = 5s (custom)
2019-09-11 05:23:12,162 [pool-139-thread-1] INFO  server.RaftServerConfigKeys (ConfUtils.java:logGet(43)) - raft.server.rpc.timeout.max = 5200ms (custom)
2019-09-11 05:23:12,162 [pool-139-thread-1] INFO  server.RaftServerConfigKeys (ConfUtils.java:logGet(43)) - raft.server.rpcslowness.timeout = 120s (custom)
2019-09-11 05:23:12,162 [pool-139-thread-1] INFO  server.RaftServerConfigKeys (ConfUtils.java:logGet(43)) - raft.server.sleep.deviation.threshold = 300 (default)
2019-09-11 05:23:12,162 [pool-139-thread-1] INFO  server.RaftServerConfigKeys (ConfUtils.java:logGet(43)) - raft.server.log.appender.install.snapshot.enabled = false (custom)
2019-09-11 05:23:12,162 [pool-139-thread-1] INFO  impl.RaftServerImpl (ServerState.java:<init>(103)) - 5811cb92-11ab-4c57-944f-b33b1cb163a8@group-68F18EC4F3B2: ConfigurationManager, init=-1: [5811cb92-11ab-4c57-944f-b33b1cb163a8:192.168.36.125:36529], old=null, confs=<EMPTY_MAP>
2019-09-11 05:23:12,162 [pool-139-thread-1] INFO  server.RaftServerConfigKeys (ConfUtils.java:logGet(43)) - raft.server.storage.dir = [/workdir/hadoop-ozone/integration-test/target/test-dir/MiniOzoneClusterImpl-293f29a2-6a00-4c6f-b8d4-f95033339b2e/datanode-2/data/ratis] (custom)
2019-09-11 05:23:12,163 [pool-139-thread-1] INFO  storage.RaftStorageDirectory (RaftStorageDirectory.java:analyzeStorage(246)) - The storage directory /workdir/hadoop-ozone/integration-test/target/test-dir/MiniOzoneClusterImpl-293f29a2-6a00-4c6f-b8d4-f95033339b2e/datanode-2/data/ratis/3d5cb8a2-9c9b-410d-bd52-68f18ec4f3b2 does not exist. Creating ...
2019-09-11 05:23:12,175 [pool-139-thread-1] INFO  storage.RaftStorageDirectory (RaftStorageDirectory.java:tryLock(328)) - Lock on /workdir/hadoop-ozone/integration-test/target/test-dir/MiniOzoneClusterImpl-293f29a2-6a00-4c6f-b8d4-f95033339b2e/datanode-2/data/ratis/3d5cb8a2-9c9b-410d-bd52-68f18ec4f3b2/in_use.lock acquired by nodename 14756@trunk-nightly-20190911-vpfxm-1000144475
2019-09-11 05:23:12,188 [pool-139-thread-1] INFO  storage.RaftStorage (RaftStorage.java:format(72)) - Storage directory /workdir/hadoop-ozone/integration-test/target/test-dir/MiniOzoneClusterImpl-293f29a2-6a00-4c6f-b8d4-f95033339b2e/datanode-2/data/ratis/3d5cb8a2-9c9b-410d-bd52-68f18ec4f3b2 has been successfully formatted.
2019-09-11 05:23:12,188 [pool-139-thread-1] INFO  ratis.ContainerStateMachine (ContainerStateMachine.java:loadSnapshot(230)) - group-68F18EC4F3B2: The snapshot info is null. Setting the last applied indexto:(t:0, i:~)
2019-09-11 05:23:12,188 [pool-139-thread-1] INFO  server.RaftServerConfigKeys (ConfUtils.java:logGet(43)) - raft.server.notification.no-leader.timeout = 120s (custom)
2019-09-11 05:23:12,188 [pool-139-thread-1] INFO  server.RaftServerConfigKeys (ConfUtils.java:logGet(43)) - raft.server.log.use.memory = false (default)
2019-09-11 05:23:12,189 [pool-139-thread-1] INFO  server.RaftServerConfigKeys (ConfUtils.java:logGet(43)) - raft.server.log.purge.gap = 1000000 (custom)
2019-09-11 05:23:12,189 [pool-139-thread-1] INFO  server.RaftServerConfigKeys (ConfUtils.java:logGet(43)) - raft.server.log.appender.buffer.byte-limit = 33554432 (custom)
2019-09-11 05:23:12,189 [pool-139-thread-1] INFO  server.RaftServerConfigKeys (ConfUtils.java:logGet(43)) - raft.server.log.segment.size.max = 1048576 (custom)
2019-09-11 05:23:12,189 [pool-139-thread-1] INFO  server.RaftServerConfigKeys (ConfUtils.java:logGet(43)) - raft.server.log.segment.cache.num.max = 2 (custom)
2019-09-11 05:23:12,189 [pool-139-thread-1] INFO  segmented.SegmentedRaftLogWorker (SegmentedRaftLogWorker.java:<init>(172)) - new 5811cb92-11ab-4c57-944f-b33b1cb163a8@group-68F18EC4F3B2-SegmentedRaftLogWorker for RaftStorage:Storage Directory /workdir/hadoop-ozone/integration-test/target/test-dir/MiniOzoneClusterImpl-293f29a2-6a00-4c6f-b8d4-f95033339b2e/datanode-2/data/ratis/3d5cb8a2-9c9b-410d-bd52-68f18ec4f3b2
2019-09-11 05:23:12,191 [pool-139-thread-1] INFO  server.RaftServerConfigKeys (ConfUtils.java:logGet(43)) - raft.server.log.queue.byte-limit = 2147483647 (custom)
2019-09-11 05:23:12,191 [pool-139-thread-1] INFO  server.RaftServerConfigKeys (ConfUtils.java:logGet(43)) - raft.server.log.queue.element-limit = 1024 (custom)
2019-09-11 05:23:12,191 [pool-139-thread-1] INFO  server.RaftServerConfigKeys (ConfUtils.java:logGet(43)) - raft.server.log.segment.size.max = 1048576 (custom)
2019-09-11 05:23:12,191 [pool-139-thread-1] INFO  server.RaftServerConfigKeys (ConfUtils.java:logGet(43)) - raft.server.log.preallocated.size = 16384 (custom)
2019-09-11 05:23:12,191 [pool-139-thread-1] INFO  server.RaftServerConfigKeys (ConfUtils.java:logGet(43)) - raft.server.log.write.buffer.size = 33554432 (custom)
2019-09-11 05:23:12,191 [pool-139-thread-1] INFO  server.RaftServerConfigKeys (ConfUtils.java:logGet(43)) - raft.server.log.force.sync.num = 128 (default)
2019-09-11 05:23:12,192 [pool-139-thread-1] INFO  server.RaftServerConfigKeys (ConfUtils.java:logGet(43)) - raft.server.log.statemachine.data.sync = true (default)
2019-09-11 05:23:12,192 [pool-139-thread-1] INFO  server.RaftServerConfigKeys (ConfUtils.java:logGet(43)) - raft.server.log.statemachine.data.sync.timeout = 10s (default)
2019-09-11 05:23:12,192 [pool-139-thread-1] INFO  server.RaftServerConfigKeys (ConfUtils.java:logGet(43)) - raft.server.log.statemachine.data.sync.timeout.retry = -1 (default)
2019-09-11 05:23:12,192 [pool-139-thread-1] INFO  server.RaftServerConfigKeys (ConfUtils.java:logGet(43)) - raft.server.log.statemachine.data.caching.enabled = true (custom)
2019-09-11 05:23:12,192 [pool-139-thread-1] INFO  segmented.SegmentedRaftLogWorker (SegmentedRaftLogWorker.java:lambda$new$0(132)) - 5811cb92-11ab-4c57-944f-b33b1cb163a8@group-68F18EC4F3B2-SegmentedRaftLogWorker: flushIndex: setUnconditionally 0 -> -1
2019-09-11 05:23:12,192 [pool-139-thread-1] INFO  server.RaftServerConfigKeys (ConfUtils.java:logGet(43)) - raft.server.snapshot.auto.trigger.enabled = true (custom)
2019-09-11 05:23:12,193 [pool-139-thread-1] INFO  server.RaftServerConfigKeys (ConfUtils.java:logGet(43)) - raft.server.snapshot.auto.trigger.threshold = 10000 (custom)
2019-09-11 05:23:12,193 [pool-139-thread-1] INFO  server.RaftServerConfigKeys (ConfUtils.java:logGet(43)) - raft.server.snapshot.retention.num.files = -1 (default)
2019-09-11 05:23:12,193 [pool-139-thread-1] INFO  server.RaftServerConfigKeys (ConfUtils.java:logGet(43)) - raft.server.retrycache.expirytime = 600000ms (custom)
2019-09-11 05:23:12,195 [pool-139-thread-1] INFO  impl.RaftServerImpl (RaftServerImpl.java:start(185)) - 5811cb92-11ab-4c57-944f-b33b1cb163a8@group-68F18EC4F3B2: start as a follower, conf=-1: [5811cb92-11ab-4c57-944f-b33b1cb163a8:192.168.36.125:36529], old=null
2019-09-11 05:23:12,195 [pool-139-thread-1] INFO  impl.RaftServerImpl (RaftServerImpl.java:setRole(174)) - 5811cb92-11ab-4c57-944f-b33b1cb163a8@group-68F18EC4F3B2: changes role from      null to FOLLOWER at term 0 for startAsFollower
2019-09-11 05:23:12,195 [pool-139-thread-1] INFO  impl.RoleInfo (RoleInfo.java:updateAndGet(143)) - 5811cb92-11ab-4c57-944f-b33b1cb163a8: start FollowerState
2019-09-11 05:23:12,195 [pool-139-thread-1] INFO  util.JmxRegister (JmxRegister.java:tryRegister(44)) - Successfully registered JMX Bean with object name Ratis:service=RaftServer,group=group-68F18EC4F3B2,id=5811cb92-11ab-4c57-944f-b33b1cb163a8
2019-09-11 05:23:12,199 [RatisPipelineUtilsThread] INFO  pipeline.PipelineStateManager (PipelineStateManager.java:addPipeline(56)) - Created pipeline Pipeline[ Id: 3d5cb8a2-9c9b-410d-bd52-68f18ec4f3b2, Nodes: 5811cb92-11ab-4c57-944f-b33b1cb163a8{ip: 192.168.36.125, host: trunk-nightly-20190911-vpfxm-1000144475, networkLocation: /default-rack, certSerialId: null}, Type:RATIS, Factor:ONE, State:OPEN]
2019-09-11 05:23:12,209 [grpc-default-executor-4] INFO  impl.RaftServerProxy (RaftServerProxy.java:addNew(89)) - 29816365-9aa0-47fa-9c81-075266e0412a: addNew group-48CEB0255408:[5811cb92-11ab-4c57-944f-b33b1cb163a8:192.168.36.125:36529, 29816365-9aa0-47fa-9c81-075266e0412a:192.168.36.125:45064, 7f78b414-4b36-4b2b-b519-84f027f211c0:192.168.36.125:35690] returns group-48CEB0255408:java.util.concurrent.CompletableFuture@21fa8be4[Not completed]
2019-09-11 05:23:12,209 [grpc-default-executor-3] INFO  impl.RaftServerProxy (RaftServerProxy.java:addNew(89)) - 5811cb92-11ab-4c57-944f-b33b1cb163a8: addNew group-48CEB0255408:[5811cb92-11ab-4c57-944f-b33b1cb163a8:192.168.36.125:36529, 29816365-9aa0-47fa-9c81-075266e0412a:192.168.36.125:45064, 7f78b414-4b36-4b2b-b519-84f027f211c0:192.168.36.125:35690] returns group-48CEB0255408:java.util.concurrent.CompletableFuture@391127ef[Not completed]
2019-09-11 05:23:12,209 [grpc-default-executor-0] INFO  impl.RaftServerProxy (RaftServerProxy.java:addNew(89)) - 7f78b414-4b36-4b2b-b519-84f027f211c0: addNew group-48CEB0255408:[5811cb92-11ab-4c57-944f-b33b1cb163a8:192.168.36.125:36529, 29816365-9aa0-47fa-9c81-075266e0412a:192.168.36.125:45064, 7f78b414-4b36-4b2b-b519-84f027f211c0:192.168.36.125:35690] returns group-48CEB0255408:java.util.concurrent.CompletableFuture@7ea0f2c3[Not completed]
2019-09-11 05:23:12,210 [pool-139-thread-1] INFO  impl.RaftServerImpl (RaftServerImpl.java:<init>(95)) - 5811cb92-11ab-4c57-944f-b33b1cb163a8: new RaftServerImpl for group-48CEB0255408:[5811cb92-11ab-4c57-944f-b33b1cb163a8:192.168.36.125:36529, 29816365-9aa0-47fa-9c81-075266e0412a:192.168.36.125:45064, 7f78b414-4b36-4b2b-b519-84f027f211c0:192.168.36.125:35690] with ContainerStateMachine:uninitialized
2019-09-11 05:23:12,210 [pool-139-thread-1] INFO  server.RaftServerConfigKeys (ConfUtils.java:logGet(43)) - raft.server.rpc.timeout.min = 5s (custom)
2019-09-11 05:23:12,211 [pool-139-thread-1] INFO  server.RaftServerConfigKeys (ConfUtils.java:logGet(43)) - raft.server.rpc.timeout.max = 5200ms (custom)
2019-09-11 05:23:12,211 [pool-139-thread-1] INFO  server.RaftServerConfigKeys (ConfUtils.java:logGet(43)) - raft.server.rpcslowness.timeout = 120s (custom)
2019-09-11 05:23:12,211 [pool-139-thread-1] INFO  server.RaftServerConfigKeys (ConfUtils.java:logGet(43)) - raft.server.sleep.deviation.threshold = 300 (default)
2019-09-11 05:23:12,211 [pool-139-thread-1] INFO  server.RaftServerConfigKeys (ConfUtils.java:logGet(43)) - raft.server.log.appender.install.snapshot.enabled = false (custom)
2019-09-11 05:23:12,211 [pool-139-thread-1] INFO  impl.RaftServerImpl (ServerState.java:<init>(103)) - 5811cb92-11ab-4c57-944f-b33b1cb163a8@group-48CEB0255408: ConfigurationManager, init=-1: [5811cb92-11ab-4c57-944f-b33b1cb163a8:192.168.36.125:36529, 29816365-9aa0-47fa-9c81-075266e0412a:192.168.36.125:45064, 7f78b414-4b36-4b2b-b519-84f027f211c0:192.168.36.125:35690], old=null, confs=<EMPTY_MAP>
2019-09-11 05:23:12,211 [pool-129-thread-1] INFO  impl.RaftServerImpl (RaftServerImpl.java:<init>(95)) - 7f78b414-4b36-4b2b-b519-84f027f211c0: new RaftServerImpl for group-48CEB0255408:[5811cb92-11ab-4c57-944f-b33b1cb163a8:192.168.36.125:36529, 29816365-9aa0-47fa-9c81-075266e0412a:192.168.36.125:45064, 7f78b414-4b36-4b2b-b519-84f027f211c0:192.168.36.125:35690] with ContainerStateMachine:uninitialized
2019-09-11 05:23:12,211 [pool-139-thread-1] INFO  server.RaftServerConfigKeys (ConfUtils.java:logGet(43)) - raft.server.storage.dir = [/workdir/hadoop-ozone/integration-test/target/test-dir/MiniOzoneClusterImpl-293f29a2-6a00-4c6f-b8d4-f95033339b2e/datanode-2/data/ratis] (custom)
2019-09-11 05:23:12,211 [pool-129-thread-1] INFO  server.RaftServerConfigKeys (ConfUtils.java:logGet(43)) - raft.server.rpc.timeout.min = 5s (custom)
2019-09-11 05:23:12,211 [pool-129-thread-1] INFO  server.RaftServerConfigKeys (ConfUtils.java:logGet(43)) - raft.server.rpc.timeout.max = 5200ms (custom)
2019-09-11 05:23:12,211 [pool-139-thread-1] INFO  storage.RaftStorageDirectory (RaftStorageDirectory.java:analyzeStorage(246)) - The storage directory /workdir/hadoop-ozone/integration-test/target/test-dir/MiniOzoneClusterImpl-293f29a2-6a00-4c6f-b8d4-f95033339b2e/datanode-2/data/ratis/62bc2bbd-0e34-42c4-8326-48ceb0255408 does not exist. Creating ...
2019-09-11 05:23:12,211 [pool-129-thread-1] INFO  server.RaftServerConfigKeys (ConfUtils.java:logGet(43)) - raft.server.rpcslowness.timeout = 120s (custom)
2019-09-11 05:23:12,212 [pool-129-thread-1] INFO  server.RaftServerConfigKeys (ConfUtils.java:logGet(43)) - raft.server.sleep.deviation.threshold = 300 (default)
2019-09-11 05:23:12,212 [pool-119-thread-1] INFO  impl.RaftServerImpl (RaftServerImpl.java:<init>(95)) - 29816365-9aa0-47fa-9c81-075266e0412a: new RaftServerImpl for group-48CEB0255408:[5811cb92-11ab-4c57-944f-b33b1cb163a8:192.168.36.125:36529, 29816365-9aa0-47fa-9c81-075266e0412a:192.168.36.125:45064, 7f78b414-4b36-4b2b-b519-84f027f211c0:192.168.36.125:35690] with ContainerStateMachine:uninitialized
2019-09-11 05:23:12,212 [pool-129-thread-1] INFO  server.RaftServerConfigKeys (ConfUtils.java:logGet(43)) - raft.server.log.appender.install.snapshot.enabled = false (custom)
2019-09-11 05:23:12,212 [pool-119-thread-1] INFO  server.RaftServerConfigKeys (ConfUtils.java:logGet(43)) - raft.server.rpc.timeout.min = 5s (custom)
2019-09-11 05:23:12,212 [pool-129-thread-1] INFO  impl.RaftServerImpl (ServerState.java:<init>(103)) - 7f78b414-4b36-4b2b-b519-84f027f211c0@group-48CEB0255408: ConfigurationManager, init=-1: [5811cb92-11ab-4c57-944f-b33b1cb163a8:192.168.36.125:36529, 29816365-9aa0-47fa-9c81-075266e0412a:192.168.36.125:45064, 7f78b414-4b36-4b2b-b519-84f027f211c0:192.168.36.125:35690], old=null, confs=<EMPTY_MAP>
2019-09-11 05:23:12,212 [pool-119-thread-1] INFO  server.RaftServerConfigKeys (ConfUtils.java:logGet(43)) - raft.server.rpc.timeout.max = 5200ms (custom)
2019-09-11 05:23:12,212 [pool-129-thread-1] INFO  server.RaftServerConfigKeys (ConfUtils.java:logGet(43)) - raft.server.storage.dir = [/workdir/hadoop-ozone/integration-test/target/test-dir/MiniOzoneClusterImpl-293f29a2-6a00-4c6f-b8d4-f95033339b2e/datanode-1/data/ratis] (custom)
2019-09-11 05:23:12,212 [pool-119-thread-1] INFO  server.RaftServerConfigKeys (ConfUtils.java:logGet(43)) - raft.server.rpcslowness.timeout = 120s (custom)
2019-09-11 05:23:12,212 [pool-119-thread-1] INFO  server.RaftServerConfigKeys (ConfUtils.java:logGet(43)) - raft.server.sleep.deviation.threshold = 300 (default)
2019-09-11 05:23:12,213 [pool-129-thread-1] INFO  storage.RaftStorageDirectory (RaftStorageDirectory.java:analyzeStorage(246)) - The storage directory /workdir/hadoop-ozone/integration-test/target/test-dir/MiniOzoneClusterImpl-293f29a2-6a00-4c6f-b8d4-f95033339b2e/datanode-1/data/ratis/62bc2bbd-0e34-42c4-8326-48ceb0255408 does not exist. Creating ...
2019-09-11 05:23:12,213 [pool-119-thread-1] INFO  server.RaftServerConfigKeys (ConfUtils.java:logGet(43)) - raft.server.log.appender.install.snapshot.enabled = false (custom)
2019-09-11 05:23:12,213 [pool-119-thread-1] INFO  impl.RaftServerImpl (ServerState.java:<init>(103)) - 29816365-9aa0-47fa-9c81-075266e0412a@group-48CEB0255408: ConfigurationManager, init=-1: [5811cb92-11ab-4c57-944f-b33b1cb163a8:192.168.36.125:36529, 29816365-9aa0-47fa-9c81-075266e0412a:192.168.36.125:45064, 7f78b414-4b36-4b2b-b519-84f027f211c0:192.168.36.125:35690], old=null, confs=<EMPTY_MAP>
2019-09-11 05:23:12,213 [pool-119-thread-1] INFO  server.RaftServerConfigKeys (ConfUtils.java:logGet(43)) - raft.server.storage.dir = [/workdir/hadoop-ozone/integration-test/target/test-dir/MiniOzoneClusterImpl-293f29a2-6a00-4c6f-b8d4-f95033339b2e/datanode-0/data/ratis] (custom)
2019-09-11 05:23:12,213 [pool-119-thread-1] INFO  storage.RaftStorageDirectory (RaftStorageDirectory.java:analyzeStorage(246)) - The storage directory /workdir/hadoop-ozone/integration-test/target/test-dir/MiniOzoneClusterImpl-293f29a2-6a00-4c6f-b8d4-f95033339b2e/datanode-0/data/ratis/62bc2bbd-0e34-42c4-8326-48ceb0255408 does not exist. Creating ...
2019-09-11 05:23:12,224 [IPC Server handler 3 on 41541] INFO  net.NetworkTopology (NetworkTopologyImpl.java:add(110)) - Added a new node: /default-rack/898294ac-8be2-4fe7-97bd-ef7091906e13
2019-09-11 05:23:12,224 [IPC Server handler 3 on 41541] INFO  node.SCMNodeManager (SCMNodeManager.java:register(266)) - Registered Data node : 898294ac-8be2-4fe7-97bd-ef7091906e13{ip: 192.168.36.125, host: trunk-nightly-20190911-vpfxm-1000144475, networkLocation: /default-rack, certSerialId: null}
2019-09-11 05:23:12,225 [pool-119-thread-1] INFO  storage.RaftStorageDirectory (RaftStorageDirectory.java:tryLock(328)) - Lock on /workdir/hadoop-ozone/integration-test/target/test-dir/MiniOzoneClusterImpl-293f29a2-6a00-4c6f-b8d4-f95033339b2e/datanode-0/data/ratis/62bc2bbd-0e34-42c4-8326-48ceb0255408/in_use.lock acquired by nodename 14756@trunk-nightly-20190911-vpfxm-1000144475
2019-09-11 05:23:12,225 [pool-139-thread-1] INFO  storage.RaftStorageDirectory (RaftStorageDirectory.java:tryLock(328)) - Lock on /workdir/hadoop-ozone/integration-test/target/test-dir/MiniOzoneClusterImpl-293f29a2-6a00-4c6f-b8d4-f95033339b2e/datanode-2/data/ratis/62bc2bbd-0e34-42c4-8326-48ceb0255408/in_use.lock acquired by nodename 14756@trunk-nightly-20190911-vpfxm-1000144475
2019-09-11 05:23:12,225 [pool-129-thread-1] INFO  storage.RaftStorageDirectory (RaftStorageDirectory.java:tryLock(328)) - Lock on /workdir/hadoop-ozone/integration-test/target/test-dir/MiniOzoneClusterImpl-293f29a2-6a00-4c6f-b8d4-f95033339b2e/datanode-1/data/ratis/62bc2bbd-0e34-42c4-8326-48ceb0255408/in_use.lock acquired by nodename 14756@trunk-nightly-20190911-vpfxm-1000144475
2019-09-11 05:23:12,238 [pool-119-thread-1] INFO  storage.RaftStorage (RaftStorage.java:format(72)) - Storage directory /workdir/hadoop-ozone/integration-test/target/test-dir/MiniOzoneClusterImpl-293f29a2-6a00-4c6f-b8d4-f95033339b2e/datanode-0/data/ratis/62bc2bbd-0e34-42c4-8326-48ceb0255408 has been successfully formatted.
2019-09-11 05:23:12,238 [pool-129-thread-1] INFO  storage.RaftStorage (RaftStorage.java:format(72)) - Storage directory /workdir/hadoop-ozone/integration-test/target/test-dir/MiniOzoneClusterImpl-293f29a2-6a00-4c6f-b8d4-f95033339b2e/datanode-1/data/ratis/62bc2bbd-0e34-42c4-8326-48ceb0255408 has been successfully formatted.
2019-09-11 05:23:12,238 [pool-139-thread-1] INFO  storage.RaftStorage (RaftStorage.java:format(72)) - Storage directory /workdir/hadoop-ozone/integration-test/target/test-dir/MiniOzoneClusterImpl-293f29a2-6a00-4c6f-b8d4-f95033339b2e/datanode-2/data/ratis/62bc2bbd-0e34-42c4-8326-48ceb0255408 has been successfully formatted.
2019-09-11 05:23:12,239 [pool-119-thread-1] INFO  ratis.ContainerStateMachine (ContainerStateMachine.java:loadSnapshot(230)) - group-48CEB0255408: The snapshot info is null. Setting the last applied indexto:(t:0, i:~)
2019-09-11 05:23:12,239 [pool-139-thread-1] INFO  ratis.ContainerStateMachine (ContainerStateMachine.java:loadSnapshot(230)) - group-48CEB0255408: The snapshot info is null. Setting the last applied indexto:(t:0, i:~)
2019-09-11 05:23:12,239 [pool-129-thread-1] INFO  ratis.ContainerStateMachine (ContainerStateMachine.java:loadSnapshot(230)) - group-48CEB0255408: The snapshot info is null. Setting the last applied indexto:(t:0, i:~)
2019-09-11 05:23:12,239 [pool-139-thread-1] INFO  server.RaftServerConfigKeys (ConfUtils.java:logGet(43)) - raft.server.notification.no-leader.timeout = 120s (custom)
2019-09-11 05:23:12,239 [pool-119-thread-1] INFO  server.RaftServerConfigKeys (ConfUtils.java:logGet(43)) - raft.server.notification.no-leader.timeout = 120s (custom)
2019-09-11 05:23:12,239 [pool-139-thread-1] INFO  server.RaftServerConfigKeys (ConfUtils.java:logGet(43)) - raft.server.log.use.memory = false (default)
2019-09-11 05:23:12,239 [pool-129-thread-1] INFO  server.RaftServerConfigKeys (ConfUtils.java:logGet(43)) - raft.server.notification.no-leader.timeout = 120s (custom)
2019-09-11 05:23:12,240 [pool-139-thread-1] INFO  server.RaftServerConfigKeys (ConfUtils.java:logGet(43)) - raft.server.log.purge.gap = 1000000 (custom)
2019-09-11 05:23:12,239 [pool-119-thread-1] INFO  server.RaftServerConfigKeys (ConfUtils.java:logGet(43)) - raft.server.log.use.memory = false (default)
2019-09-11 05:23:12,240 [pool-139-thread-1] INFO  server.RaftServerConfigKeys (ConfUtils.java:logGet(43)) - raft.server.log.appender.buffer.byte-limit = 33554432 (custom)
2019-09-11 05:23:12,240 [pool-129-thread-1] INFO  server.RaftServerConfigKeys (ConfUtils.java:logGet(43)) - raft.server.log.use.memory = false (default)
2019-09-11 05:23:12,240 [pool-139-thread-1] INFO  server.RaftServerConfigKeys (ConfUtils.java:logGet(43)) - raft.server.log.segment.size.max = 1048576 (custom)
2019-09-11 05:23:12,240 [pool-119-thread-1] INFO  server.RaftServerConfigKeys (ConfUtils.java:logGet(43)) - raft.server.log.purge.gap = 1000000 (custom)
2019-09-11 05:23:12,240 [pool-139-thread-1] INFO  server.RaftServerConfigKeys (ConfUtils.java:logGet(43)) - raft.server.log.segment.cache.num.max = 2 (custom)
2019-09-11 05:23:12,240 [pool-129-thread-1] INFO  server.RaftServerConfigKeys (ConfUtils.java:logGet(43)) - raft.server.log.purge.gap = 1000000 (custom)
2019-09-11 05:23:12,240 [pool-139-thread-1] INFO  segmented.SegmentedRaftLogWorker (SegmentedRaftLogWorker.java:<init>(172)) - new 5811cb92-11ab-4c57-944f-b33b1cb163a8@group-48CEB0255408-SegmentedRaftLogWorker for RaftStorage:Storage Directory /workdir/hadoop-ozone/integration-test/target/test-dir/MiniOzoneClusterImpl-293f29a2-6a00-4c6f-b8d4-f95033339b2e/datanode-2/data/ratis/62bc2bbd-0e34-42c4-8326-48ceb0255408
2019-09-11 05:23:12,240 [pool-119-thread-1] INFO  server.RaftServerConfigKeys (ConfUtils.java:logGet(43)) - raft.server.log.appender.buffer.byte-limit = 33554432 (custom)
2019-09-11 05:23:12,240 [pool-139-thread-1] INFO  server.RaftServerConfigKeys (ConfUtils.java:logGet(43)) - raft.server.log.queue.byte-limit = 2147483647 (custom)
2019-09-11 05:23:12,240 [pool-129-thread-1] INFO  server.RaftServerConfigKeys (ConfUtils.java:logGet(43)) - raft.server.log.appender.buffer.byte-limit = 33554432 (custom)
2019-09-11 05:23:12,241 [pool-139-thread-1] INFO  server.RaftServerConfigKeys (ConfUtils.java:logGet(43)) - raft.server.log.queue.element-limit = 1024 (custom)
2019-09-11 05:23:12,241 [pool-119-thread-1] INFO  server.RaftServerConfigKeys (ConfUtils.java:logGet(43)) - raft.server.log.segment.size.max = 1048576 (custom)
2019-09-11 05:23:12,241 [pool-139-thread-1] INFO  server.RaftServerConfigKeys (ConfUtils.java:logGet(43)) - raft.server.log.segment.size.max = 1048576 (custom)
2019-09-11 05:23:12,241 [pool-129-thread-1] INFO  server.RaftServerConfigKeys (ConfUtils.java:logGet(43)) - raft.server.log.segment.size.max = 1048576 (custom)
2019-09-11 05:23:12,241 [pool-139-thread-1] INFO  server.RaftServerConfigKeys (ConfUtils.java:logGet(43)) - raft.server.log.preallocated.size = 16384 (custom)
2019-09-11 05:23:12,241 [pool-119-thread-1] INFO  server.RaftServerConfigKeys (ConfUtils.java:logGet(43)) - raft.server.log.segment.cache.num.max = 2 (custom)
2019-09-11 05:23:12,241 [pool-139-thread-1] INFO  server.RaftServerConfigKeys (ConfUtils.java:logGet(43)) - raft.server.log.write.buffer.size = 33554432 (custom)
2019-09-11 05:23:12,241 [pool-129-thread-1] INFO  server.RaftServerConfigKeys (ConfUtils.java:logGet(43)) - raft.server.log.segment.cache.num.max = 2 (custom)
2019-09-11 05:23:12,241 [pool-139-thread-1] INFO  server.RaftServerConfigKeys (ConfUtils.java:logGet(43)) - raft.server.log.force.sync.num = 128 (default)
2019-09-11 05:23:12,241 [pool-119-thread-1] INFO  segmented.SegmentedRaftLogWorker (SegmentedRaftLogWorker.java:<init>(172)) - new 29816365-9aa0-47fa-9c81-075266e0412a@group-48CEB0255408-SegmentedRaftLogWorker for RaftStorage:Storage Directory /workdir/hadoop-ozone/integration-test/target/test-dir/MiniOzoneClusterImpl-293f29a2-6a00-4c6f-b8d4-f95033339b2e/datanode-0/data/ratis/62bc2bbd-0e34-42c4-8326-48ceb0255408
2019-09-11 05:23:12,241 [pool-139-thread-1] INFO  server.RaftServerConfigKeys (ConfUtils.java:logGet(43)) - raft.server.log.statemachine.data.sync = true (default)
2019-09-11 05:23:12,241 [pool-129-thread-1] INFO  segmented.SegmentedRaftLogWorker (SegmentedRaftLogWorker.java:<init>(172)) - new 7f78b414-4b36-4b2b-b519-84f027f211c0@group-48CEB0255408-SegmentedRaftLogWorker for RaftStorage:Storage Directory /workdir/hadoop-ozone/integration-test/target/test-dir/MiniOzoneClusterImpl-293f29a2-6a00-4c6f-b8d4-f95033339b2e/datanode-1/data/ratis/62bc2bbd-0e34-42c4-8326-48ceb0255408
2019-09-11 05:23:12,242 [pool-139-thread-1] INFO  server.RaftServerConfigKeys (ConfUtils.java:logGet(43)) - raft.server.log.statemachine.data.sync.timeout = 10s (default)
2019-09-11 05:23:12,242 [pool-119-thread-1] INFO  server.RaftServerConfigKeys (ConfUtils.java:logGet(43)) - raft.server.log.queue.byte-limit = 2147483647 (custom)
2019-09-11 05:23:12,242 [pool-139-thread-1] INFO  server.RaftServerConfigKeys (ConfUtils.java:logGet(43)) - raft.server.log.statemachine.data.sync.timeout.retry = -1 (default)
2019-09-11 05:23:12,242 [pool-129-thread-1] INFO  server.RaftServerConfigKeys (ConfUtils.java:logGet(43)) - raft.server.log.queue.byte-limit = 2147483647 (custom)
2019-09-11 05:23:12,242 [pool-139-thread-1] INFO  server.RaftServerConfigKeys (ConfUtils.java:logGet(43)) - raft.server.log.statemachine.data.caching.enabled = true (custom)
2019-09-11 05:23:12,242 [pool-119-thread-1] INFO  server.RaftServerConfigKeys (ConfUtils.java:logGet(43)) - raft.server.log.queue.element-limit = 1024 (custom)
2019-09-11 05:23:12,242 [pool-129-thread-1] INFO  server.RaftServerConfigKeys (ConfUtils.java:logGet(43)) - raft.server.log.queue.element-limit = 1024 (custom)
2019-09-11 05:23:12,242 [pool-119-thread-1] INFO  server.RaftServerConfigKeys (ConfUtils.java:logGet(43)) - raft.server.log.segment.size.max = 1048576 (custom)
2019-09-11 05:23:12,242 [pool-139-thread-1] INFO  segmented.SegmentedRaftLogWorker (SegmentedRaftLogWorker.java:lambda$new$0(132)) - 5811cb92-11ab-4c57-944f-b33b1cb163a8@group-48CEB0255408-SegmentedRaftLogWorker: flushIndex: setUnconditionally 0 -> -1
2019-09-11 05:23:12,242 [pool-129-thread-1] INFO  server.RaftServerConfigKeys (ConfUtils.java:logGet(43)) - raft.server.log.segment.size.max = 1048576 (custom)
2019-09-11 05:23:12,243 [pool-119-thread-1] INFO  server.RaftServerConfigKeys (ConfUtils.java:logGet(43)) - raft.server.log.preallocated.size = 16384 (custom)
2019-09-11 05:23:12,243 [pool-139-thread-1] INFO  server.RaftServerConfigKeys (ConfUtils.java:logGet(43)) - raft.server.snapshot.auto.trigger.enabled = true (custom)
2019-09-11 05:23:12,243 [pool-129-thread-1] INFO  server.RaftServerConfigKeys (ConfUtils.java:logGet(43)) - raft.server.log.preallocated.size = 16384 (custom)
2019-09-11 05:23:12,243 [pool-139-thread-1] INFO  server.RaftServerConfigKeys (ConfUtils.java:logGet(43)) - raft.server.snapshot.auto.trigger.threshold = 10000 (custom)
2019-09-11 05:23:12,243 [pool-119-thread-1] INFO  server.RaftServerConfigKeys (ConfUtils.java:logGet(43)) - raft.server.log.write.buffer.size = 33554432 (custom)
2019-09-11 05:23:12,243 [pool-139-thread-1] INFO  server.RaftServerConfigKeys (ConfUtils.java:logGet(43)) - raft.server.snapshot.retention.num.files = -1 (default)
2019-09-11 05:23:12,243 [pool-129-thread-1] INFO  server.RaftServerConfigKeys (ConfUtils.java:logGet(43)) - raft.server.log.write.buffer.size = 33554432 (custom)
2019-09-11 05:23:12,243 [pool-139-thread-1] INFO  server.RaftServerConfigKeys (ConfUtils.java:logGet(43)) - raft.server.retrycache.expirytime = 600000ms (custom)
2019-09-11 05:23:12,243 [pool-119-thread-1] INFO  server.RaftServerConfigKeys (ConfUtils.java:logGet(43)) - raft.server.log.force.sync.num = 128 (default)
2019-09-11 05:23:12,243 [pool-129-thread-1] INFO  server.RaftServerConfigKeys (ConfUtils.java:logGet(43)) - raft.server.log.force.sync.num = 128 (default)
2019-09-11 05:23:12,243 [pool-119-thread-1] INFO  server.RaftServerConfigKeys (ConfUtils.java:logGet(43)) - raft.server.log.statemachine.data.sync = true (default)
2019-09-11 05:23:12,244 [pool-129-thread-1] INFO  server.RaftServerConfigKeys (ConfUtils.java:logGet(43)) - raft.server.log.statemachine.data.sync = true (default)
2019-09-11 05:23:12,244 [pool-119-thread-1] INFO  server.RaftServerConfigKeys (ConfUtils.java:logGet(43)) - raft.server.log.statemachine.data.sync.timeout = 10s (default)
2019-09-11 05:23:12,244 [pool-129-thread-1] INFO  server.RaftServerConfigKeys (ConfUtils.java:logGet(43)) - raft.server.log.statemachine.data.sync.timeout = 10s (default)
2019-09-11 05:23:12,244 [pool-119-thread-1] INFO  server.RaftServerConfigKeys (ConfUtils.java:logGet(43)) - raft.server.log.statemachine.data.sync.timeout.retry = -1 (default)
2019-09-11 05:23:12,244 [pool-129-thread-1] INFO  server.RaftServerConfigKeys (ConfUtils.java:logGet(43)) - raft.server.log.statemachine.data.sync.timeout.retry = -1 (default)
2019-09-11 05:23:12,244 [pool-119-thread-1] INFO  server.RaftServerConfigKeys (ConfUtils.java:logGet(43)) - raft.server.log.statemachine.data.caching.enabled = true (custom)
2019-09-11 05:23:12,244 [pool-129-thread-1] INFO  server.RaftServerConfigKeys (ConfUtils.java:logGet(43)) - raft.server.log.statemachine.data.caching.enabled = true (custom)
2019-09-11 05:23:12,244 [pool-119-thread-1] INFO  segmented.SegmentedRaftLogWorker (SegmentedRaftLogWorker.java:lambda$new$0(132)) - 29816365-9aa0-47fa-9c81-075266e0412a@group-48CEB0255408-SegmentedRaftLogWorker: flushIndex: setUnconditionally 0 -> -1
2019-09-11 05:23:12,244 [pool-129-thread-1] INFO  segmented.SegmentedRaftLogWorker (SegmentedRaftLogWorker.java:lambda$new$0(132)) - 7f78b414-4b36-4b2b-b519-84f027f211c0@group-48CEB0255408-SegmentedRaftLogWorker: flushIndex: setUnconditionally 0 -> -1
2019-09-11 05:23:12,245 [pool-119-thread-1] INFO  server.RaftServerConfigKeys (ConfUtils.java:logGet(43)) - raft.server.snapshot.auto.trigger.enabled = true (custom)
2019-09-11 05:23:12,245 [pool-129-thread-1] INFO  server.RaftServerConfigKeys (ConfUtils.java:logGet(43)) - raft.server.snapshot.auto.trigger.enabled = true (custom)
2019-09-11 05:23:12,245 [pool-119-thread-1] INFO  server.RaftServerConfigKeys (ConfUtils.java:logGet(43)) - raft.server.snapshot.auto.trigger.threshold = 10000 (custom)
2019-09-11 05:23:12,245 [pool-129-thread-1] INFO  server.RaftServerConfigKeys (ConfUtils.java:logGet(43)) - raft.server.snapshot.auto.trigger.threshold = 10000 (custom)
2019-09-11 05:23:12,245 [pool-119-thread-1] INFO  server.RaftServerConfigKeys (ConfUtils.java:logGet(43)) - raft.server.snapshot.retention.num.files = -1 (default)
2019-09-11 05:23:12,245 [pool-129-thread-1] INFO  server.RaftServerConfigKeys (ConfUtils.java:logGet(43)) - raft.server.snapshot.retention.num.files = -1 (default)
2019-09-11 05:23:12,245 [pool-119-thread-1] INFO  server.RaftServerConfigKeys (ConfUtils.java:logGet(43)) - raft.server.retrycache.expirytime = 600000ms (custom)
2019-09-11 05:23:12,245 [pool-129-thread-1] INFO  server.RaftServerConfigKeys (ConfUtils.java:logGet(43)) - raft.server.retrycache.expirytime = 600000ms (custom)
2019-09-11 05:23:12,246 [pool-139-thread-1] INFO  impl.RaftServerImpl (RaftServerImpl.java:start(185)) - 5811cb92-11ab-4c57-944f-b33b1cb163a8@group-48CEB0255408: start as a follower, conf=-1: [5811cb92-11ab-4c57-944f-b33b1cb163a8:192.168.36.125:36529, 29816365-9aa0-47fa-9c81-075266e0412a:192.168.36.125:45064, 7f78b414-4b36-4b2b-b519-84f027f211c0:192.168.36.125:35690], old=null
2019-09-11 05:23:12,246 [pool-139-thread-1] INFO  impl.RaftServerImpl (RaftServerImpl.java:setRole(174)) - 5811cb92-11ab-4c57-944f-b33b1cb163a8@group-48CEB0255408: changes role from      null to FOLLOWER at term 0 for startAsFollower
2019-09-11 05:23:12,246 [pool-139-thread-1] INFO  impl.RoleInfo (RoleInfo.java:updateAndGet(143)) - 5811cb92-11ab-4c57-944f-b33b1cb163a8: start FollowerState
2019-09-11 05:23:12,255 [pool-139-thread-1] INFO  util.JmxRegister (JmxRegister.java:tryRegister(44)) - Successfully registered JMX Bean with object name Ratis:service=RaftServer,group=group-48CEB0255408,id=5811cb92-11ab-4c57-944f-b33b1cb163a8
2019-09-11 05:23:12,262 [pool-119-thread-1] INFO  impl.RaftServerImpl (RaftServerImpl.java:start(185)) - 29816365-9aa0-47fa-9c81-075266e0412a@group-48CEB0255408: start as a follower, conf=-1: [5811cb92-11ab-4c57-944f-b33b1cb163a8:192.168.36.125:36529, 29816365-9aa0-47fa-9c81-075266e0412a:192.168.36.125:45064, 7f78b414-4b36-4b2b-b519-84f027f211c0:192.168.36.125:35690], old=null
2019-09-11 05:23:12,263 [pool-119-thread-1] INFO  impl.RaftServerImpl (RaftServerImpl.java:setRole(174)) - 29816365-9aa0-47fa-9c81-075266e0412a@group-48CEB0255408: changes role from      null to FOLLOWER at term 0 for startAsFollower
2019-09-11 05:23:12,264 [pool-119-thread-1] INFO  impl.RoleInfo (RoleInfo.java:updateAndGet(143)) - 29816365-9aa0-47fa-9c81-075266e0412a: start FollowerState
2019-09-11 05:23:12,264 [pool-119-thread-1] INFO  util.JmxRegister (JmxRegister.java:tryRegister(44)) - Successfully registered JMX Bean with object name Ratis:service=RaftServer,group=group-48CEB0255408,id=29816365-9aa0-47fa-9c81-075266e0412a
2019-09-11 05:23:12,264 [pool-129-thread-1] INFO  impl.RaftServerImpl (RaftServerImpl.java:start(185)) - 7f78b414-4b36-4b2b-b519-84f027f211c0@group-48CEB0255408: start as a follower, conf=-1: [5811cb92-11ab-4c57-944f-b33b1cb163a8:192.168.36.125:36529, 29816365-9aa0-47fa-9c81-075266e0412a:192.168.36.125:45064, 7f78b414-4b36-4b2b-b519-84f027f211c0:192.168.36.125:35690], old=null
2019-09-11 05:23:12,264 [pool-129-thread-1] INFO  impl.RaftServerImpl (RaftServerImpl.java:setRole(174)) - 7f78b414-4b36-4b2b-b519-84f027f211c0@group-48CEB0255408: changes role from      null to FOLLOWER at term 0 for startAsFollower
2019-09-11 05:23:12,264 [pool-129-thread-1] INFO  impl.RoleInfo (RoleInfo.java:updateAndGet(143)) - 7f78b414-4b36-4b2b-b519-84f027f211c0: start FollowerState
2019-09-11 05:23:12,265 [pool-129-thread-1] INFO  util.JmxRegister (JmxRegister.java:tryRegister(44)) - Successfully registered JMX Bean with object name Ratis:service=RaftServer,group=group-48CEB0255408,id=7f78b414-4b36-4b2b-b519-84f027f211c0
2019-09-11 05:23:12,271 [RatisPipelineUtilsThread] INFO  pipeline.PipelineStateManager (PipelineStateManager.java:addPipeline(56)) - Created pipeline Pipeline[ Id: 62bc2bbd-0e34-42c4-8326-48ceb0255408, Nodes: 5811cb92-11ab-4c57-944f-b33b1cb163a8{ip: 192.168.36.125, host: trunk-nightly-20190911-vpfxm-1000144475, networkLocation: /default-rack, certSerialId: null}29816365-9aa0-47fa-9c81-075266e0412a{ip: 192.168.36.125, host: trunk-nightly-20190911-vpfxm-1000144475, networkLocation: /default-rack, certSerialId: null}7f78b414-4b36-4b2b-b519-84f027f211c0{ip: 192.168.36.125, host: trunk-nightly-20190911-vpfxm-1000144475, networkLocation: /default-rack, certSerialId: null}, Type:RATIS, Factor:THREE, State:OPEN]
2019-09-11 05:23:12,290 [IPC Server handler 4 on 41541] INFO  net.NetworkTopology (NetworkTopologyImpl.java:add(110)) - Added a new node: /default-rack/a35bc888-e8ef-4bf5-8540-2f9e42242cb6
2019-09-11 05:23:12,290 [IPC Server handler 4 on 41541] INFO  node.SCMNodeManager (SCMNodeManager.java:register(266)) - Registered Data node : a35bc888-e8ef-4bf5-8540-2f9e42242cb6{ip: 192.168.36.125, host: trunk-nightly-20190911-vpfxm-1000144475, networkLocation: /default-rack, certSerialId: null}
2019-09-11 05:23:12,298 [grpc-default-executor-0] INFO  impl.RaftServerProxy (RaftServerProxy.java:addNew(89)) - 898294ac-8be2-4fe7-97bd-ef7091906e13: addNew group-479B34555948:[898294ac-8be2-4fe7-97bd-ef7091906e13:192.168.36.125:38039] returns group-479B34555948:java.util.concurrent.CompletableFuture@4b3b9c5[Not completed]
2019-09-11 05:23:12,304 [pool-149-thread-1] INFO  impl.RaftServerImpl (RaftServerImpl.java:<init>(95)) - 898294ac-8be2-4fe7-97bd-ef7091906e13: new RaftServerImpl for group-479B34555948:[898294ac-8be2-4fe7-97bd-ef7091906e13:192.168.36.125:38039] with ContainerStateMachine:uninitialized
2019-09-11 05:23:12,305 [pool-149-thread-1] INFO  server.RaftServerConfigKeys (ConfUtils.java:logGet(43)) - raft.server.rpc.timeout.min = 5s (custom)
2019-09-11 05:23:12,305 [pool-149-thread-1] INFO  server.RaftServerConfigKeys (ConfUtils.java:logGet(43)) - raft.server.rpc.timeout.max = 5200ms (custom)
2019-09-11 05:23:12,305 [pool-149-thread-1] INFO  server.RaftServerConfigKeys (ConfUtils.java:logGet(43)) - raft.server.rpcslowness.timeout = 120s (custom)
2019-09-11 05:23:12,305 [pool-149-thread-1] INFO  server.RaftServerConfigKeys (ConfUtils.java:logGet(43)) - raft.server.sleep.deviation.threshold = 300 (default)
2019-09-11 05:23:12,305 [pool-149-thread-1] INFO  server.RaftServerConfigKeys (ConfUtils.java:logGet(43)) - raft.server.log.appender.install.snapshot.enabled = false (custom)
2019-09-11 05:23:12,305 [pool-149-thread-1] INFO  impl.RaftServerImpl (ServerState.java:<init>(103)) - 898294ac-8be2-4fe7-97bd-ef7091906e13@group-479B34555948: ConfigurationManager, init=-1: [898294ac-8be2-4fe7-97bd-ef7091906e13:192.168.36.125:38039], old=null, confs=<EMPTY_MAP>
2019-09-11 05:23:12,305 [pool-149-thread-1] INFO  server.RaftServerConfigKeys (ConfUtils.java:logGet(43)) - raft.server.storage.dir = [/workdir/hadoop-ozone/integration-test/target/test-dir/MiniOzoneClusterImpl-293f29a2-6a00-4c6f-b8d4-f95033339b2e/datanode-3/data/ratis] (custom)
2019-09-11 05:23:12,306 [pool-149-thread-1] INFO  storage.RaftStorageDirectory (RaftStorageDirectory.java:analyzeStorage(246)) - The storage directory /workdir/hadoop-ozone/integration-test/target/test-dir/MiniOzoneClusterImpl-293f29a2-6a00-4c6f-b8d4-f95033339b2e/datanode-3/data/ratis/c9a73af6-986b-4886-a40f-479b34555948 does not exist. Creating ...
2019-09-11 05:23:12,318 [pool-149-thread-1] INFO  storage.RaftStorageDirectory (RaftStorageDirectory.java:tryLock(328)) - Lock on /workdir/hadoop-ozone/integration-test/target/test-dir/MiniOzoneClusterImpl-293f29a2-6a00-4c6f-b8d4-f95033339b2e/datanode-3/data/ratis/c9a73af6-986b-4886-a40f-479b34555948/in_use.lock acquired by nodename 14756@trunk-nightly-20190911-vpfxm-1000144475
2019-09-11 05:23:12,329 [pool-149-thread-1] INFO  storage.RaftStorage (RaftStorage.java:format(72)) - Storage directory /workdir/hadoop-ozone/integration-test/target/test-dir/MiniOzoneClusterImpl-293f29a2-6a00-4c6f-b8d4-f95033339b2e/datanode-3/data/ratis/c9a73af6-986b-4886-a40f-479b34555948 has been successfully formatted.
2019-09-11 05:23:12,330 [pool-149-thread-1] INFO  ratis.ContainerStateMachine (ContainerStateMachine.java:loadSnapshot(230)) - group-479B34555948: The snapshot info is null. Setting the last applied indexto:(t:0, i:~)
2019-09-11 05:23:12,330 [pool-149-thread-1] INFO  server.RaftServerConfigKeys (ConfUtils.java:logGet(43)) - raft.server.notification.no-leader.timeout = 120s (custom)
2019-09-11 05:23:12,330 [pool-149-thread-1] INFO  server.RaftServerConfigKeys (ConfUtils.java:logGet(43)) - raft.server.log.use.memory = false (default)
2019-09-11 05:23:12,330 [pool-149-thread-1] INFO  server.RaftServerConfigKeys (ConfUtils.java:logGet(43)) - raft.server.log.purge.gap = 1000000 (custom)
2019-09-11 05:23:12,330 [pool-149-thread-1] INFO  server.RaftServerConfigKeys (ConfUtils.java:logGet(43)) - raft.server.log.appender.buffer.byte-limit = 33554432 (custom)
2019-09-11 05:23:12,330 [pool-149-thread-1] INFO  server.RaftServerConfigKeys (ConfUtils.java:logGet(43)) - raft.server.log.segment.size.max = 1048576 (custom)
2019-09-11 05:23:12,330 [pool-149-thread-1] INFO  server.RaftServerConfigKeys (ConfUtils.java:logGet(43)) - raft.server.log.segment.cache.num.max = 2 (custom)
2019-09-11 05:23:12,330 [pool-149-thread-1] INFO  segmented.SegmentedRaftLogWorker (SegmentedRaftLogWorker.java:<init>(172)) - new 898294ac-8be2-4fe7-97bd-ef7091906e13@group-479B34555948-SegmentedRaftLogWorker for RaftStorage:Storage Directory /workdir/hadoop-ozone/integration-test/target/test-dir/MiniOzoneClusterImpl-293f29a2-6a00-4c6f-b8d4-f95033339b2e/datanode-3/data/ratis/c9a73af6-986b-4886-a40f-479b34555948
2019-09-11 05:23:12,332 [pool-149-thread-1] INFO  server.RaftServerConfigKeys (ConfUtils.java:logGet(43)) - raft.server.log.queue.byte-limit = 2147483647 (custom)
2019-09-11 05:23:12,332 [pool-149-thread-1] INFO  server.RaftServerConfigKeys (ConfUtils.java:logGet(43)) - raft.server.log.queue.element-limit = 1024 (custom)
2019-09-11 05:23:12,333 [pool-149-thread-1] INFO  server.RaftServerConfigKeys (ConfUtils.java:logGet(43)) - raft.server.log.segment.size.max = 1048576 (custom)
2019-09-11 05:23:12,333 [pool-149-thread-1] INFO  server.RaftServerConfigKeys (ConfUtils.java:logGet(43)) - raft.server.log.preallocated.size = 16384 (custom)
2019-09-11 05:23:12,333 [pool-149-thread-1] INFO  server.RaftServerConfigKeys (ConfUtils.java:logGet(43)) - raft.server.log.write.buffer.size = 33554432 (custom)
2019-09-11 05:23:12,333 [pool-149-thread-1] INFO  server.RaftServerConfigKeys (ConfUtils.java:logGet(43)) - raft.server.log.force.sync.num = 128 (default)
2019-09-11 05:23:12,333 [pool-149-thread-1] INFO  server.RaftServerConfigKeys (ConfUtils.java:logGet(43)) - raft.server.log.statemachine.data.sync = true (default)
2019-09-11 05:23:12,333 [pool-149-thread-1] INFO  server.RaftServerConfigKeys (ConfUtils.java:logGet(43)) - raft.server.log.statemachine.data.sync.timeout = 10s (default)
2019-09-11 05:23:12,333 [pool-149-thread-1] INFO  server.RaftServerConfigKeys (ConfUtils.java:logGet(43)) - raft.server.log.statemachine.data.sync.timeout.retry = -1 (default)
2019-09-11 05:23:12,333 [pool-149-thread-1] INFO  server.RaftServerConfigKeys (ConfUtils.java:logGet(43)) - raft.server.log.statemachine.data.caching.enabled = true (custom)
2019-09-11 05:23:12,334 [pool-149-thread-1] INFO  segmented.SegmentedRaftLogWorker (SegmentedRaftLogWorker.java:lambda$new$0(132)) - 898294ac-8be2-4fe7-97bd-ef7091906e13@group-479B34555948-SegmentedRaftLogWorker: flushIndex: setUnconditionally 0 -> -1
2019-09-11 05:23:12,334 [pool-149-thread-1] INFO  server.RaftServerConfigKeys (ConfUtils.java:logGet(43)) - raft.server.snapshot.auto.trigger.enabled = true (custom)
2019-09-11 05:23:12,334 [pool-149-thread-1] INFO  server.RaftServerConfigKeys (ConfUtils.java:logGet(43)) - raft.server.snapshot.auto.trigger.threshold = 10000 (custom)
2019-09-11 05:23:12,334 [pool-149-thread-1] INFO  server.RaftServerConfigKeys (ConfUtils.java:logGet(43)) - raft.server.snapshot.retention.num.files = -1 (default)
2019-09-11 05:23:12,334 [pool-149-thread-1] INFO  server.RaftServerConfigKeys (ConfUtils.java:logGet(43)) - raft.server.retrycache.expirytime = 600000ms (custom)
2019-09-11 05:23:12,336 [pool-149-thread-1] INFO  impl.RaftServerImpl (RaftServerImpl.java:start(185)) - 898294ac-8be2-4fe7-97bd-ef7091906e13@group-479B34555948: start as a follower, conf=-1: [898294ac-8be2-4fe7-97bd-ef7091906e13:192.168.36.125:38039], old=null
2019-09-11 05:23:12,336 [pool-149-thread-1] INFO  impl.RaftServerImpl (RaftServerImpl.java:setRole(174)) - 898294ac-8be2-4fe7-97bd-ef7091906e13@group-479B34555948: changes role from      null to FOLLOWER at term 0 for startAsFollower
2019-09-11 05:23:12,336 [pool-149-thread-1] INFO  impl.RoleInfo (RoleInfo.java:updateAndGet(143)) - 898294ac-8be2-4fe7-97bd-ef7091906e13: start FollowerState
2019-09-11 05:23:12,336 [pool-149-thread-1] INFO  util.JmxRegister (JmxRegister.java:tryRegister(44)) - Successfully registered JMX Bean with object name Ratis:service=RaftServer,group=group-479B34555948,id=898294ac-8be2-4fe7-97bd-ef7091906e13
2019-09-11 05:23:12,341 [RatisPipelineUtilsThread] INFO  pipeline.PipelineStateManager (PipelineStateManager.java:addPipeline(56)) - Created pipeline Pipeline[ Id: c9a73af6-986b-4886-a40f-479b34555948, Nodes: 898294ac-8be2-4fe7-97bd-ef7091906e13{ip: 192.168.36.125, host: trunk-nightly-20190911-vpfxm-1000144475, networkLocation: /default-rack, certSerialId: null}, Type:RATIS, Factor:ONE, State:OPEN]
2019-09-11 05:23:12,353 [IPC Server handler 5 on 41541] INFO  net.NetworkTopology (NetworkTopologyImpl.java:add(110)) - Added a new node: /default-rack/4fcbdd63-8378-4c91-8c19-35bef64986a6
2019-09-11 05:23:12,353 [IPC Server handler 5 on 41541] INFO  node.SCMNodeManager (SCMNodeManager.java:register(266)) - Registered Data node : 4fcbdd63-8378-4c91-8c19-35bef64986a6{ip: 192.168.36.125, host: trunk-nightly-20190911-vpfxm-1000144475, networkLocation: /default-rack, certSerialId: null}
2019-09-11 05:23:12,359 [grpc-default-executor-0] INFO  impl.RaftServerProxy (RaftServerProxy.java:addNew(89)) - a35bc888-e8ef-4bf5-8540-2f9e42242cb6: addNew group-5231400CB40E:[a35bc888-e8ef-4bf5-8540-2f9e42242cb6:192.168.36.125:38214] returns group-5231400CB40E:java.util.concurrent.CompletableFuture@2c115df1[Not completed]
2019-09-11 05:23:12,364 [pool-159-thread-1] INFO  impl.RaftServerImpl (RaftServerImpl.java:<init>(95)) - a35bc888-e8ef-4bf5-8540-2f9e42242cb6: new RaftServerImpl for group-5231400CB40E:[a35bc888-e8ef-4bf5-8540-2f9e42242cb6:192.168.36.125:38214] with ContainerStateMachine:uninitialized
2019-09-11 05:23:12,364 [pool-159-thread-1] INFO  server.RaftServerConfigKeys (ConfUtils.java:logGet(43)) - raft.server.rpc.timeout.min = 5s (custom)
2019-09-11 05:23:12,365 [pool-159-thread-1] INFO  server.RaftServerConfigKeys (ConfUtils.java:logGet(43)) - raft.server.rpc.timeout.max = 5200ms (custom)
2019-09-11 05:23:12,365 [pool-159-thread-1] INFO  server.RaftServerConfigKeys (ConfUtils.java:logGet(43)) - raft.server.rpcslowness.timeout = 120s (custom)
2019-09-11 05:23:12,365 [pool-159-thread-1] INFO  server.RaftServerConfigKeys (ConfUtils.java:logGet(43)) - raft.server.sleep.deviation.threshold = 300 (default)
2019-09-11 05:23:12,365 [pool-159-thread-1] INFO  server.RaftServerConfigKeys (ConfUtils.java:logGet(43)) - raft.server.log.appender.install.snapshot.enabled = false (custom)
2019-09-11 05:23:12,365 [pool-159-thread-1] INFO  impl.RaftServerImpl (ServerState.java:<init>(103)) - a35bc888-e8ef-4bf5-8540-2f9e42242cb6@group-5231400CB40E: ConfigurationManager, init=-1: [a35bc888-e8ef-4bf5-8540-2f9e42242cb6:192.168.36.125:38214], old=null, confs=<EMPTY_MAP>
2019-09-11 05:23:12,366 [pool-159-thread-1] INFO  server.RaftServerConfigKeys (ConfUtils.java:logGet(43)) - raft.server.storage.dir = [/workdir/hadoop-ozone/integration-test/target/test-dir/MiniOzoneClusterImpl-293f29a2-6a00-4c6f-b8d4-f95033339b2e/datanode-4/data/ratis] (custom)
2019-09-11 05:23:12,366 [pool-159-thread-1] INFO  storage.RaftStorageDirectory (RaftStorageDirectory.java:analyzeStorage(246)) - The storage directory /workdir/hadoop-ozone/integration-test/target/test-dir/MiniOzoneClusterImpl-293f29a2-6a00-4c6f-b8d4-f95033339b2e/datanode-4/data/ratis/c585f7be-f525-4f22-8631-5231400cb40e does not exist. Creating ...
2019-09-11 05:23:12,379 [pool-159-thread-1] INFO  storage.RaftStorageDirectory (RaftStorageDirectory.java:tryLock(328)) - Lock on /workdir/hadoop-ozone/integration-test/target/test-dir/MiniOzoneClusterImpl-293f29a2-6a00-4c6f-b8d4-f95033339b2e/datanode-4/data/ratis/c585f7be-f525-4f22-8631-5231400cb40e/in_use.lock acquired by nodename 14756@trunk-nightly-20190911-vpfxm-1000144475
2019-09-11 05:23:12,403 [pool-159-thread-1] INFO  storage.RaftStorage (RaftStorage.java:format(72)) - Storage directory /workdir/hadoop-ozone/integration-test/target/test-dir/MiniOzoneClusterImpl-293f29a2-6a00-4c6f-b8d4-f95033339b2e/datanode-4/data/ratis/c585f7be-f525-4f22-8631-5231400cb40e has been successfully formatted.
2019-09-11 05:23:12,404 [pool-159-thread-1] INFO  ratis.ContainerStateMachine (ContainerStateMachine.java:loadSnapshot(230)) - group-5231400CB40E: The snapshot info is null. Setting the last applied indexto:(t:0, i:~)
2019-09-11 05:23:12,404 [pool-159-thread-1] INFO  server.RaftServerConfigKeys (ConfUtils.java:logGet(43)) - raft.server.notification.no-leader.timeout = 120s (custom)
2019-09-11 05:23:12,404 [pool-159-thread-1] INFO  server.RaftServerConfigKeys (ConfUtils.java:logGet(43)) - raft.server.log.use.memory = false (default)
2019-09-11 05:23:12,404 [pool-159-thread-1] INFO  server.RaftServerConfigKeys (ConfUtils.java:logGet(43)) - raft.server.log.purge.gap = 1000000 (custom)
2019-09-11 05:23:12,404 [pool-159-thread-1] INFO  server.RaftServerConfigKeys (ConfUtils.java:logGet(43)) - raft.server.log.appender.buffer.byte-limit = 33554432 (custom)
2019-09-11 05:23:12,404 [pool-159-thread-1] INFO  server.RaftServerConfigKeys (ConfUtils.java:logGet(43)) - raft.server.log.segment.size.max = 1048576 (custom)
2019-09-11 05:23:12,405 [pool-159-thread-1] INFO  server.RaftServerConfigKeys (ConfUtils.java:logGet(43)) - raft.server.log.segment.cache.num.max = 2 (custom)
2019-09-11 05:23:12,405 [pool-159-thread-1] INFO  segmented.SegmentedRaftLogWorker (SegmentedRaftLogWorker.java:<init>(172)) - new a35bc888-e8ef-4bf5-8540-2f9e42242cb6@group-5231400CB40E-SegmentedRaftLogWorker for RaftStorage:Storage Directory /workdir/hadoop-ozone/integration-test/target/test-dir/MiniOzoneClusterImpl-293f29a2-6a00-4c6f-b8d4-f95033339b2e/datanode-4/data/ratis/c585f7be-f525-4f22-8631-5231400cb40e
2019-09-11 05:23:12,407 [pool-159-thread-1] INFO  server.RaftServerConfigKeys (ConfUtils.java:logGet(43)) - raft.server.log.queue.byte-limit = 2147483647 (custom)
2019-09-11 05:23:12,407 [pool-159-thread-1] INFO  server.RaftServerConfigKeys (ConfUtils.java:logGet(43)) - raft.server.log.queue.element-limit = 1024 (custom)
2019-09-11 05:23:12,408 [pool-159-thread-1] INFO  server.RaftServerConfigKeys (ConfUtils.java:logGet(43)) - raft.server.log.segment.size.max = 1048576 (custom)
2019-09-11 05:23:12,408 [pool-159-thread-1] INFO  server.RaftServerConfigKeys (ConfUtils.java:logGet(43)) - raft.server.log.preallocated.size = 16384 (custom)
2019-09-11 05:23:12,408 [pool-159-thread-1] INFO  server.RaftServerConfigKeys (ConfUtils.java:logGet(43)) - raft.server.log.write.buffer.size = 33554432 (custom)
2019-09-11 05:23:12,408 [pool-159-thread-1] INFO  server.RaftServerConfigKeys (ConfUtils.java:logGet(43)) - raft.server.log.force.sync.num = 128 (default)
2019-09-11 05:23:12,408 [pool-159-thread-1] INFO  server.RaftServerConfigKeys (ConfUtils.java:logGet(43)) - raft.server.log.statemachine.data.sync = true (default)
2019-09-11 05:23:12,408 [pool-159-thread-1] INFO  server.RaftServerConfigKeys (ConfUtils.java:logGet(43)) - raft.server.log.statemachine.data.sync.timeout = 10s (default)
2019-09-11 05:23:12,409 [pool-159-thread-1] INFO  server.RaftServerConfigKeys (ConfUtils.java:logGet(43)) - raft.server.log.statemachine.data.sync.timeout.retry = -1 (default)
2019-09-11 05:23:12,409 [pool-159-thread-1] INFO  server.RaftServerConfigKeys (ConfUtils.java:logGet(43)) - raft.server.log.statemachine.data.caching.enabled = true (custom)
2019-09-11 05:23:12,409 [pool-159-thread-1] INFO  segmented.SegmentedRaftLogWorker (SegmentedRaftLogWorker.java:lambda$new$0(132)) - a35bc888-e8ef-4bf5-8540-2f9e42242cb6@group-5231400CB40E-SegmentedRaftLogWorker: flushIndex: setUnconditionally 0 -> -1
2019-09-11 05:23:12,410 [pool-159-thread-1] INFO  server.RaftServerConfigKeys (ConfUtils.java:logGet(43)) - raft.server.snapshot.auto.trigger.enabled = true (custom)
2019-09-11 05:23:12,410 [pool-159-thread-1] INFO  server.RaftServerConfigKeys (ConfUtils.java:logGet(43)) - raft.server.snapshot.auto.trigger.threshold = 10000 (custom)
2019-09-11 05:23:12,410 [pool-159-thread-1] INFO  server.RaftServerConfigKeys (ConfUtils.java:logGet(43)) - raft.server.snapshot.retention.num.files = -1 (default)
2019-09-11 05:23:12,410 [pool-159-thread-1] INFO  server.RaftServerConfigKeys (ConfUtils.java:logGet(43)) - raft.server.retrycache.expirytime = 600000ms (custom)
2019-09-11 05:23:12,412 [pool-159-thread-1] INFO  impl.RaftServerImpl (RaftServerImpl.java:start(185)) - a35bc888-e8ef-4bf5-8540-2f9e42242cb6@group-5231400CB40E: start as a follower, conf=-1: [a35bc888-e8ef-4bf5-8540-2f9e42242cb6:192.168.36.125:38214], old=null
2019-09-11 05:23:12,413 [pool-159-thread-1] INFO  impl.RaftServerImpl (RaftServerImpl.java:setRole(174)) - a35bc888-e8ef-4bf5-8540-2f9e42242cb6@group-5231400CB40E: changes role from      null to FOLLOWER at term 0 for startAsFollower
2019-09-11 05:23:12,413 [pool-159-thread-1] INFO  impl.RoleInfo (RoleInfo.java:updateAndGet(143)) - a35bc888-e8ef-4bf5-8540-2f9e42242cb6: start FollowerState
2019-09-11 05:23:12,413 [pool-159-thread-1] INFO  util.JmxRegister (JmxRegister.java:tryRegister(44)) - Successfully registered JMX Bean with object name Ratis:service=RaftServer,group=group-5231400CB40E,id=a35bc888-e8ef-4bf5-8540-2f9e42242cb6
2019-09-11 05:23:12,414 [IPC Server handler 7 on 41541] INFO  net.NetworkTopology (NetworkTopologyImpl.java:add(110)) - Added a new node: /default-rack/df817b81-633c-4047-a5d9-a1ed1747652a
2019-09-11 05:23:12,414 [IPC Server handler 7 on 41541] INFO  node.SCMNodeManager (SCMNodeManager.java:register(266)) - Registered Data node : df817b81-633c-4047-a5d9-a1ed1747652a{ip: 192.168.36.125, host: trunk-nightly-20190911-vpfxm-1000144475, networkLocation: /default-rack, certSerialId: null}
2019-09-11 05:23:12,417 [main] INFO  ozone.MiniOzoneClusterImpl (MiniOzoneClusterImpl.java:lambda$waitForClusterToBeReady$0(140)) - Cluster is ready. Got 7 of 7 DN Heartbeats.
2019-09-11 05:23:12,418 [RatisPipelineUtilsThread] INFO  pipeline.PipelineStateManager (PipelineStateManager.java:addPipeline(56)) - Created pipeline Pipeline[ Id: c585f7be-f525-4f22-8631-5231400cb40e, Nodes: a35bc888-e8ef-4bf5-8540-2f9e42242cb6{ip: 192.168.36.125, host: trunk-nightly-20190911-vpfxm-1000144475, networkLocation: /default-rack, certSerialId: null}, Type:RATIS, Factor:ONE, State:OPEN]
2019-09-11 05:23:12,432 [grpc-default-executor-0] INFO  impl.RaftServerProxy (RaftServerProxy.java:addNew(89)) - df817b81-633c-4047-a5d9-a1ed1747652a: addNew group-ADF582067295:[df817b81-633c-4047-a5d9-a1ed1747652a:192.168.36.125:35607] returns group-ADF582067295:java.util.concurrent.CompletableFuture@2a25d7e1[Not completed]
2019-09-11 05:23:12,517 [pool-179-thread-1] INFO  impl.RaftServerImpl (RaftServerImpl.java:<init>(95)) - df817b81-633c-4047-a5d9-a1ed1747652a: new RaftServerImpl for group-ADF582067295:[df817b81-633c-4047-a5d9-a1ed1747652a:192.168.36.125:35607] with ContainerStateMachine:uninitialized
2019-09-11 05:23:12,525 [pool-179-thread-1] INFO  server.RaftServerConfigKeys (ConfUtils.java:logGet(43)) - raft.server.rpc.timeout.min = 5s (custom)
2019-09-11 05:23:12,525 [pool-179-thread-1] INFO  server.RaftServerConfigKeys (ConfUtils.java:logGet(43)) - raft.server.rpc.timeout.max = 5200ms (custom)
2019-09-11 05:23:12,525 [pool-179-thread-1] INFO  server.RaftServerConfigKeys (ConfUtils.java:logGet(43)) - raft.server.rpcslowness.timeout = 120s (custom)
2019-09-11 05:23:12,525 [pool-179-thread-1] INFO  server.RaftServerConfigKeys (ConfUtils.java:logGet(43)) - raft.server.sleep.deviation.threshold = 300 (default)
2019-09-11 05:23:12,526 [pool-179-thread-1] INFO  server.RaftServerConfigKeys (ConfUtils.java:logGet(43)) - raft.server.log.appender.install.snapshot.enabled = false (custom)
2019-09-11 05:23:12,526 [pool-179-thread-1] INFO  impl.RaftServerImpl (ServerState.java:<init>(103)) - df817b81-633c-4047-a5d9-a1ed1747652a@group-ADF582067295: ConfigurationManager, init=-1: [df817b81-633c-4047-a5d9-a1ed1747652a:192.168.36.125:35607], old=null, confs=<EMPTY_MAP>
2019-09-11 05:23:12,526 [pool-179-thread-1] INFO  server.RaftServerConfigKeys (ConfUtils.java:logGet(43)) - raft.server.storage.dir = [/workdir/hadoop-ozone/integration-test/target/test-dir/MiniOzoneClusterImpl-293f29a2-6a00-4c6f-b8d4-f95033339b2e/datanode-6/data/ratis] (custom)
2019-09-11 05:23:12,526 [pool-179-thread-1] INFO  storage.RaftStorageDirectory (RaftStorageDirectory.java:analyzeStorage(246)) - The storage directory /workdir/hadoop-ozone/integration-test/target/test-dir/MiniOzoneClusterImpl-293f29a2-6a00-4c6f-b8d4-f95033339b2e/datanode-6/data/ratis/13fcee0f-b662-4b1f-bd2d-adf582067295 does not exist. Creating ...
2019-09-11 05:23:12,529 [main] INFO  rpc.RpcClient (RpcClient.java:createVolume(298)) - Creating Volume: testblockoutputstreamwithretries, with jenkins1000 as owner.
2019-09-11 05:23:12,533 [IPC Server handler 3 on 36314] INFO  volume.OMVolumeCreateRequest (OMVolumeCreateRequest.java:validateAndUpdateCache(189)) - created volume:testblockoutputstreamwithretries for user:jenkins1000
2019-09-11 05:23:12,540 [pool-179-thread-1] INFO  storage.RaftStorageDirectory (RaftStorageDirectory.java:tryLock(328)) - Lock on /workdir/hadoop-ozone/integration-test/target/test-dir/MiniOzoneClusterImpl-293f29a2-6a00-4c6f-b8d4-f95033339b2e/datanode-6/data/ratis/13fcee0f-b662-4b1f-bd2d-adf582067295/in_use.lock acquired by nodename 14756@trunk-nightly-20190911-vpfxm-1000144475
2019-09-11 05:23:12,547 [main] INFO  rpc.RpcClient (RpcClient.java:createBucket(437)) - Creating Bucket: testblockoutputstreamwithretries/testblockoutputstreamwithretries, with Versioning false and Storage Type set to DISK and Encryption set to false 
2019-09-11 05:23:12,558 [pool-179-thread-1] INFO  storage.RaftStorage (RaftStorage.java:format(72)) - Storage directory /workdir/hadoop-ozone/integration-test/target/test-dir/MiniOzoneClusterImpl-293f29a2-6a00-4c6f-b8d4-f95033339b2e/datanode-6/data/ratis/13fcee0f-b662-4b1f-bd2d-adf582067295 has been successfully formatted.
2019-09-11 05:23:12,559 [pool-179-thread-1] INFO  ratis.ContainerStateMachine (ContainerStateMachine.java:loadSnapshot(230)) - group-ADF582067295: The snapshot info is null. Setting the last applied indexto:(t:0, i:~)
2019-09-11 05:23:12,559 [pool-179-thread-1] INFO  server.RaftServerConfigKeys (ConfUtils.java:logGet(43)) - raft.server.notification.no-leader.timeout = 120s (custom)
2019-09-11 05:23:12,559 [pool-179-thread-1] INFO  server.RaftServerConfigKeys (ConfUtils.java:logGet(43)) - raft.server.log.use.memory = false (default)
2019-09-11 05:23:12,559 [pool-179-thread-1] INFO  server.RaftServerConfigKeys (ConfUtils.java:logGet(43)) - raft.server.log.purge.gap = 1000000 (custom)
2019-09-11 05:23:12,559 [pool-179-thread-1] INFO  server.RaftServerConfigKeys (ConfUtils.java:logGet(43)) - raft.server.log.appender.buffer.byte-limit = 33554432 (custom)
2019-09-11 05:23:12,559 [pool-179-thread-1] INFO  server.RaftServerConfigKeys (ConfUtils.java:logGet(43)) - raft.server.log.segment.size.max = 1048576 (custom)
2019-09-11 05:23:12,559 [pool-179-thread-1] INFO  server.RaftServerConfigKeys (ConfUtils.java:logGet(43)) - raft.server.log.segment.cache.num.max = 2 (custom)
2019-09-11 05:23:12,560 [pool-179-thread-1] INFO  segmented.SegmentedRaftLogWorker (SegmentedRaftLogWorker.java:<init>(172)) - new df817b81-633c-4047-a5d9-a1ed1747652a@group-ADF582067295-SegmentedRaftLogWorker for RaftStorage:Storage Directory /workdir/hadoop-ozone/integration-test/target/test-dir/MiniOzoneClusterImpl-293f29a2-6a00-4c6f-b8d4-f95033339b2e/datanode-6/data/ratis/13fcee0f-b662-4b1f-bd2d-adf582067295
2019-09-11 05:23:12,561 [pool-179-thread-1] INFO  server.RaftServerConfigKeys (ConfUtils.java:logGet(43)) - raft.server.log.queue.byte-limit = 2147483647 (custom)
2019-09-11 05:23:12,561 [pool-179-thread-1] INFO  server.RaftServerConfigKeys (ConfUtils.java:logGet(43)) - raft.server.log.queue.element-limit = 1024 (custom)
2019-09-11 05:23:12,562 [pool-179-thread-1] INFO  server.RaftServerConfigKeys (ConfUtils.java:logGet(43)) - raft.server.log.segment.size.max = 1048576 (custom)
2019-09-11 05:23:12,562 [pool-179-thread-1] INFO  server.RaftServerConfigKeys (ConfUtils.java:logGet(43)) - raft.server.log.preallocated.size = 16384 (custom)
2019-09-11 05:23:12,562 [pool-179-thread-1] INFO  server.RaftServerConfigKeys (ConfUtils.java:logGet(43)) - raft.server.log.write.buffer.size = 33554432 (custom)
2019-09-11 05:23:12,562 [pool-179-thread-1] INFO  server.RaftServerConfigKeys (ConfUtils.java:logGet(43)) - raft.server.log.force.sync.num = 128 (default)
2019-09-11 05:23:12,562 [pool-179-thread-1] INFO  server.RaftServerConfigKeys (ConfUtils.java:logGet(43)) - raft.server.log.statemachine.data.sync = true (default)
2019-09-11 05:23:12,562 [pool-179-thread-1] INFO  server.RaftServerConfigKeys (ConfUtils.java:logGet(43)) - raft.server.log.statemachine.data.sync.timeout = 10s (default)
2019-09-11 05:23:12,562 [pool-179-thread-1] INFO  server.RaftServerConfigKeys (ConfUtils.java:logGet(43)) - raft.server.log.statemachine.data.sync.timeout.retry = -1 (default)
2019-09-11 05:23:12,562 [pool-179-thread-1] INFO  server.RaftServerConfigKeys (ConfUtils.java:logGet(43)) - raft.server.log.statemachine.data.caching.enabled = true (custom)
2019-09-11 05:23:12,563 [pool-179-thread-1] INFO  segmented.SegmentedRaftLogWorker (SegmentedRaftLogWorker.java:lambda$new$0(132)) - df817b81-633c-4047-a5d9-a1ed1747652a@group-ADF582067295-SegmentedRaftLogWorker: flushIndex: setUnconditionally 0 -> -1
2019-09-11 05:23:12,563 [pool-179-thread-1] INFO  server.RaftServerConfigKeys (ConfUtils.java:logGet(43)) - raft.server.snapshot.auto.trigger.enabled = true (custom)
2019-09-11 05:23:12,563 [pool-179-thread-1] INFO  server.RaftServerConfigKeys (ConfUtils.java:logGet(43)) - raft.server.snapshot.auto.trigger.threshold = 10000 (custom)
2019-09-11 05:23:12,563 [pool-179-thread-1] INFO  server.RaftServerConfigKeys (ConfUtils.java:logGet(43)) - raft.server.snapshot.retention.num.files = -1 (default)
2019-09-11 05:23:12,563 [pool-179-thread-1] INFO  server.RaftServerConfigKeys (ConfUtils.java:logGet(43)) - raft.server.retrycache.expirytime = 600000ms (custom)
2019-09-11 05:23:12,565 [pool-179-thread-1] INFO  impl.RaftServerImpl (RaftServerImpl.java:start(185)) - df817b81-633c-4047-a5d9-a1ed1747652a@group-ADF582067295: start as a follower, conf=-1: [df817b81-633c-4047-a5d9-a1ed1747652a:192.168.36.125:35607], old=null
2019-09-11 05:23:12,565 [pool-179-thread-1] INFO  impl.RaftServerImpl (RaftServerImpl.java:setRole(174)) - df817b81-633c-4047-a5d9-a1ed1747652a@group-ADF582067295: changes role from      null to FOLLOWER at term 0 for startAsFollower
2019-09-11 05:23:12,565 [pool-179-thread-1] INFO  impl.RoleInfo (RoleInfo.java:updateAndGet(143)) - df817b81-633c-4047-a5d9-a1ed1747652a: start FollowerState
2019-09-11 05:23:12,565 [pool-179-thread-1] INFO  util.JmxRegister (JmxRegister.java:tryRegister(44)) - Successfully registered JMX Bean with object name Ratis:service=RaftServer,group=group-ADF582067295,id=df817b81-633c-4047-a5d9-a1ed1747652a
2019-09-11 05:23:12,571 [RatisPipelineUtilsThread] INFO  pipeline.PipelineStateManager (PipelineStateManager.java:addPipeline(56)) - Created pipeline Pipeline[ Id: 13fcee0f-b662-4b1f-bd2d-adf582067295, Nodes: df817b81-633c-4047-a5d9-a1ed1747652a{ip: 192.168.36.125, host: trunk-nightly-20190911-vpfxm-1000144475, networkLocation: /default-rack, certSerialId: null}, Type:RATIS, Factor:ONE, State:OPEN]
2019-09-11 05:23:12,578 [grpc-default-executor-0] INFO  impl.RaftServerProxy (RaftServerProxy.java:addNew(89)) - 4fcbdd63-8378-4c91-8c19-35bef64986a6: addNew group-5A0608164A7C:[4fcbdd63-8378-4c91-8c19-35bef64986a6:192.168.36.125:34909] returns group-5A0608164A7C:java.util.concurrent.CompletableFuture@59427c15[Not completed]
2019-09-11 05:23:12,584 [pool-169-thread-1] INFO  impl.RaftServerImpl (RaftServerImpl.java:<init>(95)) - 4fcbdd63-8378-4c91-8c19-35bef64986a6: new RaftServerImpl for group-5A0608164A7C:[4fcbdd63-8378-4c91-8c19-35bef64986a6:192.168.36.125:34909] with ContainerStateMachine:uninitialized
2019-09-11 05:23:12,586 [pool-169-thread-1] INFO  server.RaftServerConfigKeys (ConfUtils.java:logGet(43)) - raft.server.rpc.timeout.min = 5s (custom)
2019-09-11 05:23:12,586 [pool-169-thread-1] INFO  server.RaftServerConfigKeys (ConfUtils.java:logGet(43)) - raft.server.rpc.timeout.max = 5200ms (custom)
2019-09-11 05:23:12,586 [pool-169-thread-1] INFO  server.RaftServerConfigKeys (ConfUtils.java:logGet(43)) - raft.server.rpcslowness.timeout = 120s (custom)
2019-09-11 05:23:12,586 [pool-169-thread-1] INFO  server.RaftServerConfigKeys (ConfUtils.java:logGet(43)) - raft.server.sleep.deviation.threshold = 300 (default)
2019-09-11 05:23:12,586 [pool-169-thread-1] INFO  server.RaftServerConfigKeys (ConfUtils.java:logGet(43)) - raft.server.log.appender.install.snapshot.enabled = false (custom)
2019-09-11 05:23:12,587 [pool-169-thread-1] INFO  impl.RaftServerImpl (ServerState.java:<init>(103)) - 4fcbdd63-8378-4c91-8c19-35bef64986a6@group-5A0608164A7C: ConfigurationManager, init=-1: [4fcbdd63-8378-4c91-8c19-35bef64986a6:192.168.36.125:34909], old=null, confs=<EMPTY_MAP>
2019-09-11 05:23:12,587 [pool-169-thread-1] INFO  server.RaftServerConfigKeys (ConfUtils.java:logGet(43)) - raft.server.storage.dir = [/workdir/hadoop-ozone/integration-test/target/test-dir/MiniOzoneClusterImpl-293f29a2-6a00-4c6f-b8d4-f95033339b2e/datanode-5/data/ratis] (custom)
2019-09-11 05:23:12,587 [pool-169-thread-1] INFO  storage.RaftStorageDirectory (RaftStorageDirectory.java:analyzeStorage(246)) - The storage directory /workdir/hadoop-ozone/integration-test/target/test-dir/MiniOzoneClusterImpl-293f29a2-6a00-4c6f-b8d4-f95033339b2e/datanode-5/data/ratis/f5b94c6b-7087-4f2f-a73f-5a0608164a7c does not exist. Creating ...
2019-09-11 05:23:12,600 [pool-169-thread-1] INFO  storage.RaftStorageDirectory (RaftStorageDirectory.java:tryLock(328)) - Lock on /workdir/hadoop-ozone/integration-test/target/test-dir/MiniOzoneClusterImpl-293f29a2-6a00-4c6f-b8d4-f95033339b2e/datanode-5/data/ratis/f5b94c6b-7087-4f2f-a73f-5a0608164a7c/in_use.lock acquired by nodename 14756@trunk-nightly-20190911-vpfxm-1000144475
2019-09-11 05:23:12,613 [pool-169-thread-1] INFO  storage.RaftStorage (RaftStorage.java:format(72)) - Storage directory /workdir/hadoop-ozone/integration-test/target/test-dir/MiniOzoneClusterImpl-293f29a2-6a00-4c6f-b8d4-f95033339b2e/datanode-5/data/ratis/f5b94c6b-7087-4f2f-a73f-5a0608164a7c has been successfully formatted.
2019-09-11 05:23:12,613 [pool-169-thread-1] INFO  ratis.ContainerStateMachine (ContainerStateMachine.java:loadSnapshot(230)) - group-5A0608164A7C: The snapshot info is null. Setting the last applied indexto:(t:0, i:~)
2019-09-11 05:23:12,613 [pool-169-thread-1] INFO  server.RaftServerConfigKeys (ConfUtils.java:logGet(43)) - raft.server.notification.no-leader.timeout = 120s (custom)
2019-09-11 05:23:12,614 [pool-169-thread-1] INFO  server.RaftServerConfigKeys (ConfUtils.java:logGet(43)) - raft.server.log.use.memory = false (default)
2019-09-11 05:23:12,614 [pool-169-thread-1] INFO  server.RaftServerConfigKeys (ConfUtils.java:logGet(43)) - raft.server.log.purge.gap = 1000000 (custom)
2019-09-11 05:23:12,614 [pool-169-thread-1] INFO  server.RaftServerConfigKeys (ConfUtils.java:logGet(43)) - raft.server.log.appender.buffer.byte-limit = 33554432 (custom)
2019-09-11 05:23:12,614 [pool-169-thread-1] INFO  server.RaftServerConfigKeys (ConfUtils.java:logGet(43)) - raft.server.log.segment.size.max = 1048576 (custom)
2019-09-11 05:23:12,614 [pool-169-thread-1] INFO  server.RaftServerConfigKeys (ConfUtils.java:logGet(43)) - raft.server.log.segment.cache.num.max = 2 (custom)
2019-09-11 05:23:12,614 [pool-169-thread-1] INFO  segmented.SegmentedRaftLogWorker (SegmentedRaftLogWorker.java:<init>(172)) - new 4fcbdd63-8378-4c91-8c19-35bef64986a6@group-5A0608164A7C-SegmentedRaftLogWorker for RaftStorage:Storage Directory /workdir/hadoop-ozone/integration-test/target/test-dir/MiniOzoneClusterImpl-293f29a2-6a00-4c6f-b8d4-f95033339b2e/datanode-5/data/ratis/f5b94c6b-7087-4f2f-a73f-5a0608164a7c
2019-09-11 05:23:12,616 [pool-169-thread-1] INFO  server.RaftServerConfigKeys (ConfUtils.java:logGet(43)) - raft.server.log.queue.byte-limit = 2147483647 (custom)
2019-09-11 05:23:12,616 [pool-169-thread-1] INFO  server.RaftServerConfigKeys (ConfUtils.java:logGet(43)) - raft.server.log.queue.element-limit = 1024 (custom)
2019-09-11 05:23:12,616 [pool-169-thread-1] INFO  server.RaftServerConfigKeys (ConfUtils.java:logGet(43)) - raft.server.log.segment.size.max = 1048576 (custom)
2019-09-11 05:23:12,617 [pool-169-thread-1] INFO  server.RaftServerConfigKeys (ConfUtils.java:logGet(43)) - raft.server.log.preallocated.size = 16384 (custom)
2019-09-11 05:23:12,617 [pool-169-thread-1] INFO  server.RaftServerConfigKeys (ConfUtils.java:logGet(43)) - raft.server.log.write.buffer.size = 33554432 (custom)
2019-09-11 05:23:12,617 [pool-169-thread-1] INFO  server.RaftServerConfigKeys (ConfUtils.java:logGet(43)) - raft.server.log.force.sync.num = 128 (default)
2019-09-11 05:23:12,617 [pool-169-thread-1] INFO  server.RaftServerConfigKeys (ConfUtils.java:logGet(43)) - raft.server.log.statemachine.data.sync = true (default)
2019-09-11 05:23:12,617 [pool-169-thread-1] INFO  server.RaftServerConfigKeys (ConfUtils.java:logGet(43)) - raft.server.log.statemachine.data.sync.timeout = 10s (default)
2019-09-11 05:23:12,617 [pool-169-thread-1] INFO  server.RaftServerConfigKeys (ConfUtils.java:logGet(43)) - raft.server.log.statemachine.data.sync.timeout.retry = -1 (default)
2019-09-11 05:23:12,617 [pool-169-thread-1] INFO  server.RaftServerConfigKeys (ConfUtils.java:logGet(43)) - raft.server.log.statemachine.data.caching.enabled = true (custom)
2019-09-11 05:23:12,618 [pool-169-thread-1] INFO  segmented.SegmentedRaftLogWorker (SegmentedRaftLogWorker.java:lambda$new$0(132)) - 4fcbdd63-8378-4c91-8c19-35bef64986a6@group-5A0608164A7C-SegmentedRaftLogWorker: flushIndex: setUnconditionally 0 -> -1
2019-09-11 05:23:12,619 [pool-169-thread-1] INFO  server.RaftServerConfigKeys (ConfUtils.java:logGet(43)) - raft.server.snapshot.auto.trigger.enabled = true (custom)
2019-09-11 05:23:12,619 [pool-169-thread-1] INFO  server.RaftServerConfigKeys (ConfUtils.java:logGet(43)) - raft.server.snapshot.auto.trigger.threshold = 10000 (custom)
2019-09-11 05:23:12,619 [pool-169-thread-1] INFO  server.RaftServerConfigKeys (ConfUtils.java:logGet(43)) - raft.server.snapshot.retention.num.files = -1 (default)
2019-09-11 05:23:12,619 [pool-169-thread-1] INFO  server.RaftServerConfigKeys (ConfUtils.java:logGet(43)) - raft.server.retrycache.expirytime = 600000ms (custom)
2019-09-11 05:23:12,621 [pool-169-thread-1] INFO  impl.RaftServerImpl (RaftServerImpl.java:start(185)) - 4fcbdd63-8378-4c91-8c19-35bef64986a6@group-5A0608164A7C: start as a follower, conf=-1: [4fcbdd63-8378-4c91-8c19-35bef64986a6:192.168.36.125:34909], old=null
2019-09-11 05:23:12,621 [pool-169-thread-1] INFO  impl.RaftServerImpl (RaftServerImpl.java:setRole(174)) - 4fcbdd63-8378-4c91-8c19-35bef64986a6@group-5A0608164A7C: changes role from      null to FOLLOWER at term 0 for startAsFollower
2019-09-11 05:23:12,621 [pool-169-thread-1] INFO  impl.RoleInfo (RoleInfo.java:updateAndGet(143)) - 4fcbdd63-8378-4c91-8c19-35bef64986a6: start FollowerState
2019-09-11 05:23:12,621 [pool-169-thread-1] INFO  util.JmxRegister (JmxRegister.java:tryRegister(44)) - Successfully registered JMX Bean with object name Ratis:service=RaftServer,group=group-5A0608164A7C,id=4fcbdd63-8378-4c91-8c19-35bef64986a6
2019-09-11 05:23:12,626 [RatisPipelineUtilsThread] INFO  pipeline.PipelineStateManager (PipelineStateManager.java:addPipeline(56)) - Created pipeline Pipeline[ Id: f5b94c6b-7087-4f2f-a73f-5a0608164a7c, Nodes: 4fcbdd63-8378-4c91-8c19-35bef64986a6{ip: 192.168.36.125, host: trunk-nightly-20190911-vpfxm-1000144475, networkLocation: /default-rack, certSerialId: null}, Type:RATIS, Factor:ONE, State:OPEN]
2019-09-11 05:23:12,640 [grpc-default-executor-3] INFO  impl.RaftServerProxy (RaftServerProxy.java:addNew(89)) - 898294ac-8be2-4fe7-97bd-ef7091906e13: addNew group-9E86F654D414:[a35bc888-e8ef-4bf5-8540-2f9e42242cb6:192.168.36.125:38214, df817b81-633c-4047-a5d9-a1ed1747652a:192.168.36.125:35607, 898294ac-8be2-4fe7-97bd-ef7091906e13:192.168.36.125:38039] returns group-9E86F654D414:java.util.concurrent.CompletableFuture@1902fde1[Not completed]
2019-09-11 05:23:12,640 [grpc-default-executor-4] INFO  impl.RaftServerProxy (RaftServerProxy.java:addNew(89)) - a35bc888-e8ef-4bf5-8540-2f9e42242cb6: addNew group-9E86F654D414:[a35bc888-e8ef-4bf5-8540-2f9e42242cb6:192.168.36.125:38214, df817b81-633c-4047-a5d9-a1ed1747652a:192.168.36.125:35607, 898294ac-8be2-4fe7-97bd-ef7091906e13:192.168.36.125:38039] returns group-9E86F654D414:java.util.concurrent.CompletableFuture@7f3b05e1[Not completed]
2019-09-11 05:23:12,641 [grpc-default-executor-3] INFO  impl.RaftServerProxy (RaftServerProxy.java:addNew(89)) - df817b81-633c-4047-a5d9-a1ed1747652a: addNew group-9E86F654D414:[a35bc888-e8ef-4bf5-8540-2f9e42242cb6:192.168.36.125:38214, df817b81-633c-4047-a5d9-a1ed1747652a:192.168.36.125:35607, 898294ac-8be2-4fe7-97bd-ef7091906e13:192.168.36.125:38039] returns group-9E86F654D414:java.util.concurrent.CompletableFuture@147c799e[Not completed]
2019-09-11 05:23:12,641 [pool-149-thread-1] INFO  impl.RaftServerImpl (RaftServerImpl.java:<init>(95)) - 898294ac-8be2-4fe7-97bd-ef7091906e13: new RaftServerImpl for group-9E86F654D414:[a35bc888-e8ef-4bf5-8540-2f9e42242cb6:192.168.36.125:38214, df817b81-633c-4047-a5d9-a1ed1747652a:192.168.36.125:35607, 898294ac-8be2-4fe7-97bd-ef7091906e13:192.168.36.125:38039] with ContainerStateMachine:uninitialized
2019-09-11 05:23:12,641 [pool-149-thread-1] INFO  server.RaftServerConfigKeys (ConfUtils.java:logGet(43)) - raft.server.rpc.timeout.min = 5s (custom)
2019-09-11 05:23:12,642 [pool-149-thread-1] INFO  server.RaftServerConfigKeys (ConfUtils.java:logGet(43)) - raft.server.rpc.timeout.max = 5200ms (custom)
2019-09-11 05:23:12,642 [pool-149-thread-1] INFO  server.RaftServerConfigKeys (ConfUtils.java:logGet(43)) - raft.server.rpcslowness.timeout = 120s (custom)
2019-09-11 05:23:12,642 [pool-179-thread-1] INFO  impl.RaftServerImpl (RaftServerImpl.java:<init>(95)) - df817b81-633c-4047-a5d9-a1ed1747652a: new RaftServerImpl for group-9E86F654D414:[a35bc888-e8ef-4bf5-8540-2f9e42242cb6:192.168.36.125:38214, df817b81-633c-4047-a5d9-a1ed1747652a:192.168.36.125:35607, 898294ac-8be2-4fe7-97bd-ef7091906e13:192.168.36.125:38039] with ContainerStateMachine:uninitialized
2019-09-11 05:23:12,642 [pool-149-thread-1] INFO  server.RaftServerConfigKeys (ConfUtils.java:logGet(43)) - raft.server.sleep.deviation.threshold = 300 (default)
2019-09-11 05:23:12,642 [pool-179-thread-1] INFO  server.RaftServerConfigKeys (ConfUtils.java:logGet(43)) - raft.server.rpc.timeout.min = 5s (custom)
2019-09-11 05:23:12,642 [pool-149-thread-1] INFO  server.RaftServerConfigKeys (ConfUtils.java:logGet(43)) - raft.server.log.appender.install.snapshot.enabled = false (custom)
2019-09-11 05:23:12,642 [pool-179-thread-1] INFO  server.RaftServerConfigKeys (ConfUtils.java:logGet(43)) - raft.server.rpc.timeout.max = 5200ms (custom)
2019-09-11 05:23:12,642 [pool-149-thread-1] INFO  impl.RaftServerImpl (ServerState.java:<init>(103)) - 898294ac-8be2-4fe7-97bd-ef7091906e13@group-9E86F654D414: ConfigurationManager, init=-1: [a35bc888-e8ef-4bf5-8540-2f9e42242cb6:192.168.36.125:38214, df817b81-633c-4047-a5d9-a1ed1747652a:192.168.36.125:35607, 898294ac-8be2-4fe7-97bd-ef7091906e13:192.168.36.125:38039], old=null, confs=<EMPTY_MAP>
2019-09-11 05:23:12,642 [pool-179-thread-1] INFO  server.RaftServerConfigKeys (ConfUtils.java:logGet(43)) - raft.server.rpcslowness.timeout = 120s (custom)
2019-09-11 05:23:12,642 [pool-179-thread-1] INFO  server.RaftServerConfigKeys (ConfUtils.java:logGet(43)) - raft.server.sleep.deviation.threshold = 300 (default)
2019-09-11 05:23:12,642 [pool-149-thread-1] INFO  server.RaftServerConfigKeys (ConfUtils.java:logGet(43)) - raft.server.storage.dir = [/workdir/hadoop-ozone/integration-test/target/test-dir/MiniOzoneClusterImpl-293f29a2-6a00-4c6f-b8d4-f95033339b2e/datanode-3/data/ratis] (custom)
2019-09-11 05:23:12,642 [pool-159-thread-1] INFO  impl.RaftServerImpl (RaftServerImpl.java:<init>(95)) - a35bc888-e8ef-4bf5-8540-2f9e42242cb6: new RaftServerImpl for group-9E86F654D414:[a35bc888-e8ef-4bf5-8540-2f9e42242cb6:192.168.36.125:38214, df817b81-633c-4047-a5d9-a1ed1747652a:192.168.36.125:35607, 898294ac-8be2-4fe7-97bd-ef7091906e13:192.168.36.125:38039] with ContainerStateMachine:uninitialized
2019-09-11 05:23:12,642 [pool-179-thread-1] INFO  server.RaftServerConfigKeys (ConfUtils.java:logGet(43)) - raft.server.log.appender.install.snapshot.enabled = false (custom)
2019-09-11 05:23:12,643 [pool-159-thread-1] INFO  server.RaftServerConfigKeys (ConfUtils.java:logGet(43)) - raft.server.rpc.timeout.min = 5s (custom)
2019-09-11 05:23:12,643 [pool-149-thread-1] INFO  storage.RaftStorageDirectory (RaftStorageDirectory.java:analyzeStorage(246)) - The storage directory /workdir/hadoop-ozone/integration-test/target/test-dir/MiniOzoneClusterImpl-293f29a2-6a00-4c6f-b8d4-f95033339b2e/datanode-3/data/ratis/6ba034ac-1e8a-4738-933c-9e86f654d414 does not exist. Creating ...
2019-09-11 05:23:12,643 [pool-179-thread-1] INFO  impl.RaftServerImpl (ServerState.java:<init>(103)) - df817b81-633c-4047-a5d9-a1ed1747652a@group-9E86F654D414: ConfigurationManager, init=-1: [a35bc888-e8ef-4bf5-8540-2f9e42242cb6:192.168.36.125:38214, df817b81-633c-4047-a5d9-a1ed1747652a:192.168.36.125:35607, 898294ac-8be2-4fe7-97bd-ef7091906e13:192.168.36.125:38039], old=null, confs=<EMPTY_MAP>
2019-09-11 05:23:12,643 [pool-159-thread-1] INFO  server.RaftServerConfigKeys (ConfUtils.java:logGet(43)) - raft.server.rpc.timeout.max = 5200ms (custom)
2019-09-11 05:23:12,643 [pool-179-thread-1] INFO  server.RaftServerConfigKeys (ConfUtils.java:logGet(43)) - raft.server.storage.dir = [/workdir/hadoop-ozone/integration-test/target/test-dir/MiniOzoneClusterImpl-293f29a2-6a00-4c6f-b8d4-f95033339b2e/datanode-6/data/ratis] (custom)
2019-09-11 05:23:12,643 [pool-159-thread-1] INFO  server.RaftServerConfigKeys (ConfUtils.java:logGet(43)) - raft.server.rpcslowness.timeout = 120s (custom)
2019-09-11 05:23:12,643 [pool-159-thread-1] INFO  server.RaftServerConfigKeys (ConfUtils.java:logGet(43)) - raft.server.sleep.deviation.threshold = 300 (default)
2019-09-11 05:23:12,643 [pool-179-thread-1] INFO  storage.RaftStorageDirectory (RaftStorageDirectory.java:analyzeStorage(246)) - The storage directory /workdir/hadoop-ozone/integration-test/target/test-dir/MiniOzoneClusterImpl-293f29a2-6a00-4c6f-b8d4-f95033339b2e/datanode-6/data/ratis/6ba034ac-1e8a-4738-933c-9e86f654d414 does not exist. Creating ...
2019-09-11 05:23:12,643 [pool-159-thread-1] INFO  server.RaftServerConfigKeys (ConfUtils.java:logGet(43)) - raft.server.log.appender.install.snapshot.enabled = false (custom)
2019-09-11 05:23:12,643 [pool-159-thread-1] INFO  impl.RaftServerImpl (ServerState.java:<init>(103)) - a35bc888-e8ef-4bf5-8540-2f9e42242cb6@group-9E86F654D414: ConfigurationManager, init=-1: [a35bc888-e8ef-4bf5-8540-2f9e42242cb6:192.168.36.125:38214, df817b81-633c-4047-a5d9-a1ed1747652a:192.168.36.125:35607, 898294ac-8be2-4fe7-97bd-ef7091906e13:192.168.36.125:38039], old=null, confs=<EMPTY_MAP>
2019-09-11 05:23:12,643 [pool-159-thread-1] INFO  server.RaftServerConfigKeys (ConfUtils.java:logGet(43)) - raft.server.storage.dir = [/workdir/hadoop-ozone/integration-test/target/test-dir/MiniOzoneClusterImpl-293f29a2-6a00-4c6f-b8d4-f95033339b2e/datanode-4/data/ratis] (custom)
2019-09-11 05:23:12,644 [pool-159-thread-1] INFO  storage.RaftStorageDirectory (RaftStorageDirectory.java:analyzeStorage(246)) - The storage directory /workdir/hadoop-ozone/integration-test/target/test-dir/MiniOzoneClusterImpl-293f29a2-6a00-4c6f-b8d4-f95033339b2e/datanode-4/data/ratis/6ba034ac-1e8a-4738-933c-9e86f654d414 does not exist. Creating ...
2019-09-11 05:23:12,656 [pool-149-thread-1] INFO  storage.RaftStorageDirectory (RaftStorageDirectory.java:tryLock(328)) - Lock on /workdir/hadoop-ozone/integration-test/target/test-dir/MiniOzoneClusterImpl-293f29a2-6a00-4c6f-b8d4-f95033339b2e/datanode-3/data/ratis/6ba034ac-1e8a-4738-933c-9e86f654d414/in_use.lock acquired by nodename 14756@trunk-nightly-20190911-vpfxm-1000144475
2019-09-11 05:23:12,656 [pool-159-thread-1] INFO  storage.RaftStorageDirectory (RaftStorageDirectory.java:tryLock(328)) - Lock on /workdir/hadoop-ozone/integration-test/target/test-dir/MiniOzoneClusterImpl-293f29a2-6a00-4c6f-b8d4-f95033339b2e/datanode-4/data/ratis/6ba034ac-1e8a-4738-933c-9e86f654d414/in_use.lock acquired by nodename 14756@trunk-nightly-20190911-vpfxm-1000144475
2019-09-11 05:23:12,656 [pool-179-thread-1] INFO  storage.RaftStorageDirectory (RaftStorageDirectory.java:tryLock(328)) - Lock on /workdir/hadoop-ozone/integration-test/target/test-dir/MiniOzoneClusterImpl-293f29a2-6a00-4c6f-b8d4-f95033339b2e/datanode-6/data/ratis/6ba034ac-1e8a-4738-933c-9e86f654d414/in_use.lock acquired by nodename 14756@trunk-nightly-20190911-vpfxm-1000144475
2019-09-11 05:23:12,669 [pool-179-thread-1] INFO  storage.RaftStorage (RaftStorage.java:format(72)) - Storage directory /workdir/hadoop-ozone/integration-test/target/test-dir/MiniOzoneClusterImpl-293f29a2-6a00-4c6f-b8d4-f95033339b2e/datanode-6/data/ratis/6ba034ac-1e8a-4738-933c-9e86f654d414 has been successfully formatted.
2019-09-11 05:23:12,670 [pool-149-thread-1] INFO  storage.RaftStorage (RaftStorage.java:format(72)) - Storage directory /workdir/hadoop-ozone/integration-test/target/test-dir/MiniOzoneClusterImpl-293f29a2-6a00-4c6f-b8d4-f95033339b2e/datanode-3/data/ratis/6ba034ac-1e8a-4738-933c-9e86f654d414 has been successfully formatted.
2019-09-11 05:23:12,670 [pool-159-thread-1] INFO  storage.RaftStorage (RaftStorage.java:format(72)) - Storage directory /workdir/hadoop-ozone/integration-test/target/test-dir/MiniOzoneClusterImpl-293f29a2-6a00-4c6f-b8d4-f95033339b2e/datanode-4/data/ratis/6ba034ac-1e8a-4738-933c-9e86f654d414 has been successfully formatted.
2019-09-11 05:23:12,670 [pool-179-thread-1] INFO  ratis.ContainerStateMachine (ContainerStateMachine.java:loadSnapshot(230)) - group-9E86F654D414: The snapshot info is null. Setting the last applied indexto:(t:0, i:~)
2019-09-11 05:23:12,670 [pool-159-thread-1] INFO  ratis.ContainerStateMachine (ContainerStateMachine.java:loadSnapshot(230)) - group-9E86F654D414: The snapshot info is null. Setting the last applied indexto:(t:0, i:~)
2019-09-11 05:23:12,670 [pool-149-thread-1] INFO  ratis.ContainerStateMachine (ContainerStateMachine.java:loadSnapshot(230)) - group-9E86F654D414: The snapshot info is null. Setting the last applied indexto:(t:0, i:~)
2019-09-11 05:23:12,670 [pool-159-thread-1] INFO  server.RaftServerConfigKeys (ConfUtils.java:logGet(43)) - raft.server.notification.no-leader.timeout = 120s (custom)
2019-09-11 05:23:12,670 [pool-179-thread-1] INFO  server.RaftServerConfigKeys (ConfUtils.java:logGet(43)) - raft.server.notification.no-leader.timeout = 120s (custom)
2019-09-11 05:23:12,670 [pool-159-thread-1] INFO  server.RaftServerConfigKeys (ConfUtils.java:logGet(43)) - raft.server.log.use.memory = false (default)
2019-09-11 05:23:12,670 [pool-149-thread-1] INFO  server.RaftServerConfigKeys (ConfUtils.java:logGet(43)) - raft.server.notification.no-leader.timeout = 120s (custom)
2019-09-11 05:23:12,670 [pool-159-thread-1] INFO  server.RaftServerConfigKeys (ConfUtils.java:logGet(43)) - raft.server.log.purge.gap = 1000000 (custom)
2019-09-11 05:23:12,670 [pool-179-thread-1] INFO  server.RaftServerConfigKeys (ConfUtils.java:logGet(43)) - raft.server.log.use.memory = false (default)
2019-09-11 05:23:12,671 [pool-159-thread-1] INFO  server.RaftServerConfigKeys (ConfUtils.java:logGet(43)) - raft.server.log.appender.buffer.byte-limit = 33554432 (custom)
2019-09-11 05:23:12,671 [pool-149-thread-1] INFO  server.RaftServerConfigKeys (ConfUtils.java:logGet(43)) - raft.server.log.use.memory = false (default)
2019-09-11 05:23:12,671 [pool-159-thread-1] INFO  server.RaftServerConfigKeys (ConfUtils.java:logGet(43)) - raft.server.log.segment.size.max = 1048576 (custom)
2019-09-11 05:23:12,671 [pool-179-thread-1] INFO  server.RaftServerConfigKeys (ConfUtils.java:logGet(43)) - raft.server.log.purge.gap = 1000000 (custom)
2019-09-11 05:23:12,671 [pool-159-thread-1] INFO  server.RaftServerConfigKeys (ConfUtils.java:logGet(43)) - raft.server.log.segment.cache.num.max = 2 (custom)
2019-09-11 05:23:12,671 [pool-149-thread-1] INFO  server.RaftServerConfigKeys (ConfUtils.java:logGet(43)) - raft.server.log.purge.gap = 1000000 (custom)
2019-09-11 05:23:12,671 [pool-159-thread-1] INFO  segmented.SegmentedRaftLogWorker (SegmentedRaftLogWorker.java:<init>(172)) - new a35bc888-e8ef-4bf5-8540-2f9e42242cb6@group-9E86F654D414-SegmentedRaftLogWorker for RaftStorage:Storage Directory /workdir/hadoop-ozone/integration-test/target/test-dir/MiniOzoneClusterImpl-293f29a2-6a00-4c6f-b8d4-f95033339b2e/datanode-4/data/ratis/6ba034ac-1e8a-4738-933c-9e86f654d414
2019-09-11 05:23:12,671 [pool-179-thread-1] INFO  server.RaftServerConfigKeys (ConfUtils.java:logGet(43)) - raft.server.log.appender.buffer.byte-limit = 33554432 (custom)
2019-09-11 05:23:12,671 [pool-159-thread-1] INFO  server.RaftServerConfigKeys (ConfUtils.java:logGet(43)) - raft.server.log.queue.byte-limit = 2147483647 (custom)
2019-09-11 05:23:12,671 [pool-149-thread-1] INFO  server.RaftServerConfigKeys (ConfUtils.java:logGet(43)) - raft.server.log.appender.buffer.byte-limit = 33554432 (custom)
2019-09-11 05:23:12,672 [pool-159-thread-1] INFO  server.RaftServerConfigKeys (ConfUtils.java:logGet(43)) - raft.server.log.queue.element-limit = 1024 (custom)
2019-09-11 05:23:12,672 [pool-179-thread-1] INFO  server.RaftServerConfigKeys (ConfUtils.java:logGet(43)) - raft.server.log.segment.size.max = 1048576 (custom)
2019-09-11 05:23:12,672 [pool-159-thread-1] INFO  server.RaftServerConfigKeys (ConfUtils.java:logGet(43)) - raft.server.log.segment.size.max = 1048576 (custom)
2019-09-11 05:23:12,672 [pool-149-thread-1] INFO  server.RaftServerConfigKeys (ConfUtils.java:logGet(43)) - raft.server.log.segment.size.max = 1048576 (custom)
2019-09-11 05:23:12,672 [pool-159-thread-1] INFO  server.RaftServerConfigKeys (ConfUtils.java:logGet(43)) - raft.server.log.preallocated.size = 16384 (custom)
2019-09-11 05:23:12,672 [pool-179-thread-1] INFO  server.RaftServerConfigKeys (ConfUtils.java:logGet(43)) - raft.server.log.segment.cache.num.max = 2 (custom)
2019-09-11 05:23:12,672 [pool-159-thread-1] INFO  server.RaftServerConfigKeys (ConfUtils.java:logGet(43)) - raft.server.log.write.buffer.size = 33554432 (custom)
2019-09-11 05:23:12,672 [pool-149-thread-1] INFO  server.RaftServerConfigKeys (ConfUtils.java:logGet(43)) - raft.server.log.segment.cache.num.max = 2 (custom)
2019-09-11 05:23:12,672 [pool-159-thread-1] INFO  server.RaftServerConfigKeys (ConfUtils.java:logGet(43)) - raft.server.log.force.sync.num = 128 (default)
2019-09-11 05:23:12,672 [pool-179-thread-1] INFO  segmented.SegmentedRaftLogWorker (SegmentedRaftLogWorker.java:<init>(172)) - new df817b81-633c-4047-a5d9-a1ed1747652a@group-9E86F654D414-SegmentedRaftLogWorker for RaftStorage:Storage Directory /workdir/hadoop-ozone/integration-test/target/test-dir/MiniOzoneClusterImpl-293f29a2-6a00-4c6f-b8d4-f95033339b2e/datanode-6/data/ratis/6ba034ac-1e8a-4738-933c-9e86f654d414
2019-09-11 05:23:12,672 [pool-159-thread-1] INFO  server.RaftServerConfigKeys (ConfUtils.java:logGet(43)) - raft.server.log.statemachine.data.sync = true (default)
2019-09-11 05:23:12,672 [pool-149-thread-1] INFO  segmented.SegmentedRaftLogWorker (SegmentedRaftLogWorker.java:<init>(172)) - new 898294ac-8be2-4fe7-97bd-ef7091906e13@group-9E86F654D414-SegmentedRaftLogWorker for RaftStorage:Storage Directory /workdir/hadoop-ozone/integration-test/target/test-dir/MiniOzoneClusterImpl-293f29a2-6a00-4c6f-b8d4-f95033339b2e/datanode-3/data/ratis/6ba034ac-1e8a-4738-933c-9e86f654d414
2019-09-11 05:23:12,673 [pool-159-thread-1] INFO  server.RaftServerConfigKeys (ConfUtils.java:logGet(43)) - raft.server.log.statemachine.data.sync.timeout = 10s (default)
2019-09-11 05:23:12,673 [pool-179-thread-1] INFO  server.RaftServerConfigKeys (ConfUtils.java:logGet(43)) - raft.server.log.queue.byte-limit = 2147483647 (custom)
2019-09-11 05:23:12,673 [pool-159-thread-1] INFO  server.RaftServerConfigKeys (ConfUtils.java:logGet(43)) - raft.server.log.statemachine.data.sync.timeout.retry = -1 (default)
2019-09-11 05:23:12,673 [pool-149-thread-1] INFO  server.RaftServerConfigKeys (ConfUtils.java:logGet(43)) - raft.server.log.queue.byte-limit = 2147483647 (custom)
2019-09-11 05:23:12,673 [pool-159-thread-1] INFO  server.RaftServerConfigKeys (ConfUtils.java:logGet(43)) - raft.server.log.statemachine.data.caching.enabled = true (custom)
2019-09-11 05:23:12,673 [pool-179-thread-1] INFO  server.RaftServerConfigKeys (ConfUtils.java:logGet(43)) - raft.server.log.queue.element-limit = 1024 (custom)
2019-09-11 05:23:12,673 [pool-149-thread-1] INFO  server.RaftServerConfigKeys (ConfUtils.java:logGet(43)) - raft.server.log.queue.element-limit = 1024 (custom)
2019-09-11 05:23:12,673 [pool-179-thread-1] INFO  server.RaftServerConfigKeys (ConfUtils.java:logGet(43)) - raft.server.log.segment.size.max = 1048576 (custom)
2019-09-11 05:23:12,673 [pool-159-thread-1] INFO  segmented.SegmentedRaftLogWorker (SegmentedRaftLogWorker.java:lambda$new$0(132)) - a35bc888-e8ef-4bf5-8540-2f9e42242cb6@group-9E86F654D414-SegmentedRaftLogWorker: flushIndex: setUnconditionally 0 -> -1
2019-09-11 05:23:12,674 [pool-179-thread-1] INFO  server.RaftServerConfigKeys (ConfUtils.java:logGet(43)) - raft.server.log.preallocated.size = 16384 (custom)
2019-09-11 05:23:12,674 [pool-149-thread-1] INFO  server.RaftServerConfigKeys (ConfUtils.java:logGet(43)) - raft.server.log.segment.size.max = 1048576 (custom)
2019-09-11 05:23:12,674 [pool-159-thread-1] INFO  server.RaftServerConfigKeys (ConfUtils.java:logGet(43)) - raft.server.snapshot.auto.trigger.enabled = true (custom)
2019-09-11 05:23:12,674 [pool-179-thread-1] INFO  server.RaftServerConfigKeys (ConfUtils.java:logGet(43)) - raft.server.log.write.buffer.size = 33554432 (custom)
2019-09-11 05:23:12,674 [pool-159-thread-1] INFO  server.RaftServerConfigKeys (ConfUtils.java:logGet(43)) - raft.server.snapshot.auto.trigger.threshold = 10000 (custom)
2019-09-11 05:23:12,674 [pool-149-thread-1] INFO  server.RaftServerConfigKeys (ConfUtils.java:logGet(43)) - raft.server.log.preallocated.size = 16384 (custom)
2019-09-11 05:23:12,674 [pool-159-thread-1] INFO  server.RaftServerConfigKeys (ConfUtils.java:logGet(43)) - raft.server.snapshot.retention.num.files = -1 (default)
2019-09-11 05:23:12,674 [pool-179-thread-1] INFO  server.RaftServerConfigKeys (ConfUtils.java:logGet(43)) - raft.server.log.force.sync.num = 128 (default)
2019-09-11 05:23:12,674 [pool-159-thread-1] INFO  server.RaftServerConfigKeys (ConfUtils.java:logGet(43)) - raft.server.retrycache.expirytime = 600000ms (custom)
2019-09-11 05:23:12,674 [pool-149-thread-1] INFO  server.RaftServerConfigKeys (ConfUtils.java:logGet(43)) - raft.server.log.write.buffer.size = 33554432 (custom)
2019-09-11 05:23:12,675 [pool-179-thread-1] INFO  server.RaftServerConfigKeys (ConfUtils.java:logGet(43)) - raft.server.log.statemachine.data.sync = true (default)
2019-09-11 05:23:12,675 [pool-149-thread-1] INFO  server.RaftServerConfigKeys (ConfUtils.java:logGet(43)) - raft.server.log.force.sync.num = 128 (default)
2019-09-11 05:23:12,675 [pool-179-thread-1] INFO  server.RaftServerConfigKeys (ConfUtils.java:logGet(43)) - raft.server.log.statemachine.data.sync.timeout = 10s (default)
2019-09-11 05:23:12,675 [pool-149-thread-1] INFO  server.RaftServerConfigKeys (ConfUtils.java:logGet(43)) - raft.server.log.statemachine.data.sync = true (default)
2019-09-11 05:23:12,675 [pool-179-thread-1] INFO  server.RaftServerConfigKeys (ConfUtils.java:logGet(43)) - raft.server.log.statemachine.data.sync.timeout.retry = -1 (default)
2019-09-11 05:23:12,675 [pool-149-thread-1] INFO  server.RaftServerConfigKeys (ConfUtils.java:logGet(43)) - raft.server.log.statemachine.data.sync.timeout = 10s (default)
2019-09-11 05:23:12,675 [pool-179-thread-1] INFO  server.RaftServerConfigKeys (ConfUtils.java:logGet(43)) - raft.server.log.statemachine.data.caching.enabled = true (custom)
2019-09-11 05:23:12,675 [pool-149-thread-1] INFO  server.RaftServerConfigKeys (ConfUtils.java:logGet(43)) - raft.server.log.statemachine.data.sync.timeout.retry = -1 (default)
2019-09-11 05:23:12,676 [pool-179-thread-1] INFO  segmented.SegmentedRaftLogWorker (SegmentedRaftLogWorker.java:lambda$new$0(132)) - df817b81-633c-4047-a5d9-a1ed1747652a@group-9E86F654D414-SegmentedRaftLogWorker: flushIndex: setUnconditionally 0 -> -1
2019-09-11 05:23:12,676 [pool-149-thread-1] INFO  server.RaftServerConfigKeys (ConfUtils.java:logGet(43)) - raft.server.log.statemachine.data.caching.enabled = true (custom)
2019-09-11 05:23:12,676 [pool-179-thread-1] INFO  server.RaftServerConfigKeys (ConfUtils.java:logGet(43)) - raft.server.snapshot.auto.trigger.enabled = true (custom)
2019-09-11 05:23:12,676 [pool-179-thread-1] INFO  server.RaftServerConfigKeys (ConfUtils.java:logGet(43)) - raft.server.snapshot.auto.trigger.threshold = 10000 (custom)
2019-09-11 05:23:12,676 [pool-159-thread-1] INFO  impl.RaftServerImpl (RaftServerImpl.java:start(185)) - a35bc888-e8ef-4bf5-8540-2f9e42242cb6@group-9E86F654D414: start as a follower, conf=-1: [a35bc888-e8ef-4bf5-8540-2f9e42242cb6:192.168.36.125:38214, df817b81-633c-4047-a5d9-a1ed1747652a:192.168.36.125:35607, 898294ac-8be2-4fe7-97bd-ef7091906e13:192.168.36.125:38039], old=null
2019-09-11 05:23:12,676 [pool-149-thread-1] INFO  segmented.SegmentedRaftLogWorker (SegmentedRaftLogWorker.java:lambda$new$0(132)) - 898294ac-8be2-4fe7-97bd-ef7091906e13@group-9E86F654D414-SegmentedRaftLogWorker: flushIndex: setUnconditionally 0 -> -1
2019-09-11 05:23:12,676 [pool-159-thread-1] INFO  impl.RaftServerImpl (RaftServerImpl.java:setRole(174)) - a35bc888-e8ef-4bf5-8540-2f9e42242cb6@group-9E86F654D414: changes role from      null to FOLLOWER at term 0 for startAsFollower
2019-09-11 05:23:12,676 [pool-179-thread-1] INFO  server.RaftServerConfigKeys (ConfUtils.java:logGet(43)) - raft.server.snapshot.retention.num.files = -1 (default)
2019-09-11 05:23:12,677 [pool-149-thread-1] INFO  server.RaftServerConfigKeys (ConfUtils.java:logGet(43)) - raft.server.snapshot.auto.trigger.enabled = true (custom)
2019-09-11 05:23:12,677 [pool-159-thread-1] INFO  impl.RoleInfo (RoleInfo.java:updateAndGet(143)) - a35bc888-e8ef-4bf5-8540-2f9e42242cb6: start FollowerState
2019-09-11 05:23:12,677 [pool-149-thread-1] INFO  server.RaftServerConfigKeys (ConfUtils.java:logGet(43)) - raft.server.snapshot.auto.trigger.threshold = 10000 (custom)
2019-09-11 05:23:12,677 [pool-179-thread-1] INFO  server.RaftServerConfigKeys (ConfUtils.java:logGet(43)) - raft.server.retrycache.expirytime = 600000ms (custom)
2019-09-11 05:23:12,677 [pool-159-thread-1] INFO  util.JmxRegister (JmxRegister.java:tryRegister(44)) - Successfully registered JMX Bean with object name Ratis:service=RaftServer,group=group-9E86F654D414,id=a35bc888-e8ef-4bf5-8540-2f9e42242cb6
2019-09-11 05:23:12,677 [pool-149-thread-1] INFO  server.RaftServerConfigKeys (ConfUtils.java:logGet(43)) - raft.server.snapshot.retention.num.files = -1 (default)
2019-09-11 05:23:12,677 [pool-149-thread-1] INFO  server.RaftServerConfigKeys (ConfUtils.java:logGet(43)) - raft.server.retrycache.expirytime = 600000ms (custom)
2019-09-11 05:23:12,682 [pool-179-thread-1] INFO  impl.RaftServerImpl (RaftServerImpl.java:start(185)) - df817b81-633c-4047-a5d9-a1ed1747652a@group-9E86F654D414: start as a follower, conf=-1: [a35bc888-e8ef-4bf5-8540-2f9e42242cb6:192.168.36.125:38214, df817b81-633c-4047-a5d9-a1ed1747652a:192.168.36.125:35607, 898294ac-8be2-4fe7-97bd-ef7091906e13:192.168.36.125:38039], old=null
2019-09-11 05:23:12,682 [pool-179-thread-1] INFO  impl.RaftServerImpl (RaftServerImpl.java:setRole(174)) - df817b81-633c-4047-a5d9-a1ed1747652a@group-9E86F654D414: changes role from      null to FOLLOWER at term 0 for startAsFollower
2019-09-11 05:23:12,683 [pool-149-thread-1] INFO  impl.RaftServerImpl (RaftServerImpl.java:start(185)) - 898294ac-8be2-4fe7-97bd-ef7091906e13@group-9E86F654D414: start as a follower, conf=-1: [a35bc888-e8ef-4bf5-8540-2f9e42242cb6:192.168.36.125:38214, df817b81-633c-4047-a5d9-a1ed1747652a:192.168.36.125:35607, 898294ac-8be2-4fe7-97bd-ef7091906e13:192.168.36.125:38039], old=null
2019-09-11 05:23:12,683 [pool-179-thread-1] INFO  impl.RoleInfo (RoleInfo.java:updateAndGet(143)) - df817b81-633c-4047-a5d9-a1ed1747652a: start FollowerState
2019-09-11 05:23:12,683 [pool-149-thread-1] INFO  impl.RaftServerImpl (RaftServerImpl.java:setRole(174)) - 898294ac-8be2-4fe7-97bd-ef7091906e13@group-9E86F654D414: changes role from      null to FOLLOWER at term 0 for startAsFollower
2019-09-11 05:23:12,683 [pool-149-thread-1] INFO  impl.RoleInfo (RoleInfo.java:updateAndGet(143)) - 898294ac-8be2-4fe7-97bd-ef7091906e13: start FollowerState
2019-09-11 05:23:12,683 [pool-179-thread-1] INFO  util.JmxRegister (JmxRegister.java:tryRegister(44)) - Successfully registered JMX Bean with object name Ratis:service=RaftServer,group=group-9E86F654D414,id=df817b81-633c-4047-a5d9-a1ed1747652a
2019-09-11 05:23:12,683 [pool-149-thread-1] INFO  util.JmxRegister (JmxRegister.java:tryRegister(44)) - Successfully registered JMX Bean with object name Ratis:service=RaftServer,group=group-9E86F654D414,id=898294ac-8be2-4fe7-97bd-ef7091906e13
2019-09-11 05:23:12,689 [RatisPipelineUtilsThread] INFO  pipeline.PipelineStateManager (PipelineStateManager.java:addPipeline(56)) - Created pipeline Pipeline[ Id: 6ba034ac-1e8a-4738-933c-9e86f654d414, Nodes: df817b81-633c-4047-a5d9-a1ed1747652a{ip: 192.168.36.125, host: trunk-nightly-20190911-vpfxm-1000144475, networkLocation: /default-rack, certSerialId: null}898294ac-8be2-4fe7-97bd-ef7091906e13{ip: 192.168.36.125, host: trunk-nightly-20190911-vpfxm-1000144475, networkLocation: /default-rack, certSerialId: null}a35bc888-e8ef-4bf5-8540-2f9e42242cb6{ip: 192.168.36.125, host: trunk-nightly-20190911-vpfxm-1000144475, networkLocation: /default-rack, certSerialId: null}, Type:RATIS, Factor:THREE, State:OPEN]
2019-09-11 05:23:12,735 [grpc-default-executor-3] INFO  client.GrpcClientProtocolClient (GrpcClientProtocolClient.java:onNext(264)) - client-7D66C95EED4C->df817b81-633c-4047-a5d9-a1ed1747652a: receive RaftClientReply:client-7D66C95EED4C->df817b81-633c-4047-a5d9-a1ed1747652a@group-9E86F654D414, cid=42, FAILED org.apache.ratis.protocol.NotLeaderException: Server df817b81-633c-4047-a5d9-a1ed1747652a@group-9E86F654D414 is not the leader, logIndex=0, commits[df817b81-633c-4047-a5d9-a1ed1747652a:c-1]
2019-09-11 05:23:13,787 [grpc-default-executor-4] INFO  client.GrpcClientProtocolClient (GrpcClientProtocolClient.java:onNext(264)) - client-7D66C95EED4C->a35bc888-e8ef-4bf5-8540-2f9e42242cb6: receive RaftClientReply:client-7D66C95EED4C->a35bc888-e8ef-4bf5-8540-2f9e42242cb6@group-9E86F654D414, cid=42, FAILED org.apache.ratis.protocol.NotLeaderException: Server a35bc888-e8ef-4bf5-8540-2f9e42242cb6@group-9E86F654D414 is not the leader, logIndex=0, commits[a35bc888-e8ef-4bf5-8540-2f9e42242cb6:c-1]
2019-09-11 05:23:14,824 [grpc-default-executor-3] INFO  client.GrpcClientProtocolClient (GrpcClientProtocolClient.java:onNext(264)) - client-7D66C95EED4C->898294ac-8be2-4fe7-97bd-ef7091906e13: receive RaftClientReply:client-7D66C95EED4C->898294ac-8be2-4fe7-97bd-ef7091906e13@group-9E86F654D414, cid=42, FAILED org.apache.ratis.protocol.NotLeaderException: Server 898294ac-8be2-4fe7-97bd-ef7091906e13@group-9E86F654D414 is not the leader, logIndex=0, commits[898294ac-8be2-4fe7-97bd-ef7091906e13:c-1]
2019-09-11 05:23:15,028 [Thread-667] INFO  container.ReplicationManager (ReplicationManager.java:start(162)) - Starting Replication Monitor Thread.
2019-09-11 05:23:15,033 [ReplicationMonitor] INFO  container.ReplicationManager (ReplicationManager.java:run(225)) - Replication Monitor Thread took 1 milliseconds for processing 3 containers.
2019-09-11 05:23:15,852 [grpc-default-executor-4] INFO  client.GrpcClientProtocolClient (GrpcClientProtocolClient.java:onNext(264)) - client-7D66C95EED4C->a35bc888-e8ef-4bf5-8540-2f9e42242cb6: receive RaftClientReply:client-7D66C95EED4C->a35bc888-e8ef-4bf5-8540-2f9e42242cb6@group-9E86F654D414, cid=42, FAILED org.apache.ratis.protocol.NotLeaderException: Server a35bc888-e8ef-4bf5-8540-2f9e42242cb6@group-9E86F654D414 is not the leader, logIndex=0, commits[a35bc888-e8ef-4bf5-8540-2f9e42242cb6:c-1]
2019-09-11 05:23:16,886 [grpc-default-executor-4] INFO  client.GrpcClientProtocolClient (GrpcClientProtocolClient.java:onNext(264)) - client-7D66C95EED4C->df817b81-633c-4047-a5d9-a1ed1747652a: receive RaftClientReply:client-7D66C95EED4C->df817b81-633c-4047-a5d9-a1ed1747652a@group-9E86F654D414, cid=42, FAILED org.apache.ratis.protocol.NotLeaderException: Server df817b81-633c-4047-a5d9-a1ed1747652a@group-9E86F654D414 is not the leader, logIndex=0, commits[df817b81-633c-4047-a5d9-a1ed1747652a:c-1]
2019-09-11 05:23:17,162 [Thread-669] INFO  impl.FollowerState (FollowerState.java:run(106)) - 29816365-9aa0-47fa-9c81-075266e0412a:group-CD51E15EFC53 changes to CANDIDATE, lastRpcTime:5077, electionTimeout:5077ms
2019-09-11 05:23:17,163 [Thread-669] INFO  impl.RoleInfo (RoleInfo.java:shutdownFollowerState(121)) - 29816365-9aa0-47fa-9c81-075266e0412a: shutdown FollowerState
2019-09-11 05:23:17,164 [Thread-669] INFO  impl.RaftServerImpl (RaftServerImpl.java:setRole(174)) - 29816365-9aa0-47fa-9c81-075266e0412a@group-CD51E15EFC53: changes role from  FOLLOWER to CANDIDATE at term 0 for changeToCandidate
2019-09-11 05:23:17,164 [Thread-669] INFO  impl.RoleInfo (RoleInfo.java:updateAndGet(143)) - 29816365-9aa0-47fa-9c81-075266e0412a: start LeaderElection
2019-09-11 05:23:17,196 [29816365-9aa0-47fa-9c81-075266e0412a@group-CD51E15EFC53:LeaderElection15] INFO  impl.LeaderElection (LeaderElection.java:askForVotes(182)) - 29816365-9aa0-47fa-9c81-075266e0412a@group-CD51E15EFC53:LeaderElection15: begin an election at term 1 for -1: [29816365-9aa0-47fa-9c81-075266e0412a:192.168.36.125:45064], old=null
2019-09-11 05:23:17,197 [29816365-9aa0-47fa-9c81-075266e0412a@group-CD51E15EFC53:LeaderElection15] INFO  impl.RoleInfo (RoleInfo.java:shutdownLeaderElection(134)) - 29816365-9aa0-47fa-9c81-075266e0412a: shutdown LeaderElection
2019-09-11 05:23:17,197 [29816365-9aa0-47fa-9c81-075266e0412a@group-CD51E15EFC53:LeaderElection15] INFO  impl.RaftServerImpl (RaftServerImpl.java:setRole(174)) - 29816365-9aa0-47fa-9c81-075266e0412a@group-CD51E15EFC53: changes role from CANDIDATE to LEADER at term 1 for changeToLeader
2019-09-11 05:23:17,197 [29816365-9aa0-47fa-9c81-075266e0412a@group-CD51E15EFC53:LeaderElection15] INFO  impl.RaftServerImpl (ServerState.java:setLeader(253)) - 29816365-9aa0-47fa-9c81-075266e0412a@group-CD51E15EFC53: change Leader from null to 29816365-9aa0-47fa-9c81-075266e0412a at term 1 for becomeLeader, leader elected after 5120ms
2019-09-11 05:23:17,201 [29816365-9aa0-47fa-9c81-075266e0412a@group-CD51E15EFC53:LeaderElection15] INFO  server.RaftServerConfigKeys (ConfUtils.java:logGet(43)) - raft.server.staging.catchup.gap = 1000 (default)
2019-09-11 05:23:17,201 [Thread-672] INFO  impl.FollowerState (FollowerState.java:run(106)) - 7f78b414-4b36-4b2b-b519-84f027f211c0:group-06ECE2560071 changes to CANDIDATE, lastRpcTime:5063, electionTimeout:5060ms
2019-09-11 05:23:17,201 [29816365-9aa0-47fa-9c81-075266e0412a@group-CD51E15EFC53:LeaderElection15] INFO  server.RaftServerConfigKeys (ConfUtils.java:logGet(43)) - raft.server.rpc.sleep.time = 25ms (default)
2019-09-11 05:23:17,201 [Thread-672] INFO  impl.RoleInfo (RoleInfo.java:shutdownFollowerState(121)) - 7f78b414-4b36-4b2b-b519-84f027f211c0: shutdown FollowerState
2019-09-11 05:23:17,201 [29816365-9aa0-47fa-9c81-075266e0412a@group-CD51E15EFC53:LeaderElection15] INFO  server.RaftServerConfigKeys (ConfUtils.java:logGet(43)) - raft.server.write.element-limit = 4096 (default)
2019-09-11 05:23:17,201 [Thread-672] INFO  impl.RaftServerImpl (RaftServerImpl.java:setRole(174)) - 7f78b414-4b36-4b2b-b519-84f027f211c0@group-06ECE2560071: changes role from  FOLLOWER to CANDIDATE at term 0 for changeToCandidate
2019-09-11 05:23:17,201 [29816365-9aa0-47fa-9c81-075266e0412a@group-CD51E15EFC53:LeaderElection15] INFO  server.RaftServerConfigKeys (ConfUtils.java:logGet(43)) - raft.server.watch.timeout = 10s (default)
2019-09-11 05:23:17,201 [Thread-672] INFO  impl.RoleInfo (RoleInfo.java:updateAndGet(143)) - 7f78b414-4b36-4b2b-b519-84f027f211c0: start LeaderElection
2019-09-11 05:23:17,201 [29816365-9aa0-47fa-9c81-075266e0412a@group-CD51E15EFC53:LeaderElection15] INFO  server.RaftServerConfigKeys (ConfUtils.java:logGet(43)) - raft.server.watch.timeout.denomination = 1s (default)
2019-09-11 05:23:17,202 [29816365-9aa0-47fa-9c81-075266e0412a@group-CD51E15EFC53:LeaderElection15] INFO  server.RaftServerConfigKeys (ConfUtils.java:logGet(43)) - raft.server.watch.element-limit = 65536 (default)
2019-09-11 05:23:17,209 [29816365-9aa0-47fa-9c81-075266e0412a@group-CD51E15EFC53:LeaderElection15] INFO  impl.RoleInfo (RoleInfo.java:updateAndGet(143)) - 29816365-9aa0-47fa-9c81-075266e0412a: start LeaderState
2019-09-11 05:23:17,209 [29816365-9aa0-47fa-9c81-075266e0412a@group-CD51E15EFC53:LeaderElection15] INFO  segmented.SegmentedRaftLogWorker (SegmentedRaftLogWorker.java:startLogSegment(380)) - 29816365-9aa0-47fa-9c81-075266e0412a@group-CD51E15EFC53-SegmentedRaftLogWorker: Starting segment from index:0
2019-09-11 05:23:17,210 [29816365-9aa0-47fa-9c81-075266e0412a@group-CD51E15EFC53:LeaderElection15] INFO  impl.RaftServerImpl (ServerState.java:setRaftConf(354)) - 29816365-9aa0-47fa-9c81-075266e0412a@group-CD51E15EFC53: set configuration 0: [29816365-9aa0-47fa-9c81-075266e0412a:192.168.36.125:45064], old=null at 0
2019-09-11 05:23:17,237 [7f78b414-4b36-4b2b-b519-84f027f211c0@group-06ECE2560071:LeaderElection16] INFO  impl.LeaderElection (LeaderElection.java:askForVotes(182)) - 7f78b414-4b36-4b2b-b519-84f027f211c0@group-06ECE2560071:LeaderElection16: begin an election at term 1 for -1: [7f78b414-4b36-4b2b-b519-84f027f211c0:192.168.36.125:35690], old=null
2019-09-11 05:23:17,238 [7f78b414-4b36-4b2b-b519-84f027f211c0@group-06ECE2560071:LeaderElection16] INFO  impl.RoleInfo (RoleInfo.java:shutdownLeaderElection(134)) - 7f78b414-4b36-4b2b-b519-84f027f211c0: shutdown LeaderElection
2019-09-11 05:23:17,238 [7f78b414-4b36-4b2b-b519-84f027f211c0@group-06ECE2560071:LeaderElection16] INFO  impl.RaftServerImpl (RaftServerImpl.java:setRole(174)) - 7f78b414-4b36-4b2b-b519-84f027f211c0@group-06ECE2560071: changes role from CANDIDATE to LEADER at term 1 for changeToLeader
2019-09-11 05:23:17,238 [7f78b414-4b36-4b2b-b519-84f027f211c0@group-06ECE2560071:LeaderElection16] INFO  impl.RaftServerImpl (ServerState.java:setLeader(253)) - 7f78b414-4b36-4b2b-b519-84f027f211c0@group-06ECE2560071: change Leader from null to 7f78b414-4b36-4b2b-b519-84f027f211c0 at term 1 for becomeLeader, leader elected after 5109ms
2019-09-11 05:23:17,240 [7f78b414-4b36-4b2b-b519-84f027f211c0@group-06ECE2560071:LeaderElection16] INFO  server.RaftServerConfigKeys (ConfUtils.java:logGet(43)) - raft.server.staging.catchup.gap = 1000 (default)
2019-09-11 05:23:17,240 [7f78b414-4b36-4b2b-b519-84f027f211c0@group-06ECE2560071:LeaderElection16] INFO  server.RaftServerConfigKeys (ConfUtils.java:logGet(43)) - raft.server.rpc.sleep.time = 25ms (default)
2019-09-11 05:23:17,240 [7f78b414-4b36-4b2b-b519-84f027f211c0@group-06ECE2560071:LeaderElection16] INFO  server.RaftServerConfigKeys (ConfUtils.java:logGet(43)) - raft.server.write.element-limit = 4096 (default)
2019-09-11 05:23:17,240 [7f78b414-4b36-4b2b-b519-84f027f211c0@group-06ECE2560071:LeaderElection16] INFO  server.RaftServerConfigKeys (ConfUtils.java:logGet(43)) - raft.server.watch.timeout = 10s (default)
2019-09-11 05:23:17,240 [7f78b414-4b36-4b2b-b519-84f027f211c0@group-06ECE2560071:LeaderElection16] INFO  server.RaftServerConfigKeys (ConfUtils.java:logGet(43)) - raft.server.watch.timeout.denomination = 1s (default)
2019-09-11 05:23:17,240 [7f78b414-4b36-4b2b-b519-84f027f211c0@group-06ECE2560071:LeaderElection16] INFO  server.RaftServerConfigKeys (ConfUtils.java:logGet(43)) - raft.server.watch.element-limit = 65536 (default)
2019-09-11 05:23:17,241 [Thread-675] INFO  impl.FollowerState (FollowerState.java:run(106)) - 5811cb92-11ab-4c57-944f-b33b1cb163a8:group-68F18EC4F3B2 changes to CANDIDATE, lastRpcTime:5046, electionTimeout:5046ms
2019-09-11 05:23:17,241 [Thread-675] INFO  impl.RoleInfo (RoleInfo.java:shutdownFollowerState(121)) - 5811cb92-11ab-4c57-944f-b33b1cb163a8: shutdown FollowerState
2019-09-11 05:23:17,242 [Thread-675] INFO  impl.RaftServerImpl (RaftServerImpl.java:setRole(174)) - 5811cb92-11ab-4c57-944f-b33b1cb163a8@group-68F18EC4F3B2: changes role from  FOLLOWER to CANDIDATE at term 0 for changeToCandidate
2019-09-11 05:23:17,242 [Thread-675] INFO  impl.RoleInfo (RoleInfo.java:updateAndGet(143)) - 5811cb92-11ab-4c57-944f-b33b1cb163a8: start LeaderElection
2019-09-11 05:23:17,246 [7f78b414-4b36-4b2b-b519-84f027f211c0@group-06ECE2560071:LeaderElection16] INFO  impl.RoleInfo (RoleInfo.java:updateAndGet(143)) - 7f78b414-4b36-4b2b-b519-84f027f211c0: start LeaderState
2019-09-11 05:23:17,246 [7f78b414-4b36-4b2b-b519-84f027f211c0@group-06ECE2560071:LeaderElection16] INFO  segmented.SegmentedRaftLogWorker (SegmentedRaftLogWorker.java:startLogSegment(380)) - 7f78b414-4b36-4b2b-b519-84f027f211c0@group-06ECE2560071-SegmentedRaftLogWorker: Starting segment from index:0
2019-09-11 05:23:17,247 [7f78b414-4b36-4b2b-b519-84f027f211c0@group-06ECE2560071:LeaderElection16] INFO  impl.RaftServerImpl (ServerState.java:setRaftConf(354)) - 7f78b414-4b36-4b2b-b519-84f027f211c0@group-06ECE2560071: set configuration 0: [7f78b414-4b36-4b2b-b519-84f027f211c0:192.168.36.125:35690], old=null at 0
2019-09-11 05:23:17,273 [29816365-9aa0-47fa-9c81-075266e0412a@group-CD51E15EFC53-SegmentedRaftLogWorker] INFO  segmented.SegmentedRaftLogWorker (SegmentedRaftLogWorker.java:execute(569)) - 29816365-9aa0-47fa-9c81-075266e0412a@group-CD51E15EFC53-SegmentedRaftLogWorker: created new log segment /workdir/hadoop-ozone/integration-test/target/test-dir/MiniOzoneClusterImpl-293f29a2-6a00-4c6f-b8d4-f95033339b2e/datanode-0/data/ratis/71da52d4-c407-4d54-a052-cd51e15efc53/current/log_inprogress_0
2019-09-11 05:23:17,273 [5811cb92-11ab-4c57-944f-b33b1cb163a8@group-68F18EC4F3B2:LeaderElection17] INFO  impl.LeaderElection (LeaderElection.java:askForVotes(182)) - 5811cb92-11ab-4c57-944f-b33b1cb163a8@group-68F18EC4F3B2:LeaderElection17: begin an election at term 1 for -1: [5811cb92-11ab-4c57-944f-b33b1cb163a8:192.168.36.125:36529], old=null
2019-09-11 05:23:17,273 [5811cb92-11ab-4c57-944f-b33b1cb163a8@group-68F18EC4F3B2:LeaderElection17] INFO  impl.RoleInfo (RoleInfo.java:shutdownLeaderElection(134)) - 5811cb92-11ab-4c57-944f-b33b1cb163a8: shutdown LeaderElection
2019-09-11 05:23:17,273 [5811cb92-11ab-4c57-944f-b33b1cb163a8@group-68F18EC4F3B2:LeaderElection17] INFO  impl.RaftServerImpl (RaftServerImpl.java:setRole(174)) - 5811cb92-11ab-4c57-944f-b33b1cb163a8@group-68F18EC4F3B2: changes role from CANDIDATE to LEADER at term 1 for changeToLeader
2019-09-11 05:23:17,273 [5811cb92-11ab-4c57-944f-b33b1cb163a8@group-68F18EC4F3B2:LeaderElection17] INFO  impl.RaftServerImpl (ServerState.java:setLeader(253)) - 5811cb92-11ab-4c57-944f-b33b1cb163a8@group-68F18EC4F3B2: change Leader from null to 5811cb92-11ab-4c57-944f-b33b1cb163a8 at term 1 for becomeLeader, leader elected after 5084ms
2019-09-11 05:23:17,276 [5811cb92-11ab-4c57-944f-b33b1cb163a8@group-68F18EC4F3B2:LeaderElection17] INFO  server.RaftServerConfigKeys (ConfUtils.java:logGet(43)) - raft.server.staging.catchup.gap = 1000 (default)
2019-09-11 05:23:17,276 [5811cb92-11ab-4c57-944f-b33b1cb163a8@group-68F18EC4F3B2:LeaderElection17] INFO  server.RaftServerConfigKeys (ConfUtils.java:logGet(43)) - raft.server.rpc.sleep.time = 25ms (default)
2019-09-11 05:23:17,276 [5811cb92-11ab-4c57-944f-b33b1cb163a8@group-68F18EC4F3B2:LeaderElection17] INFO  server.RaftServerConfigKeys (ConfUtils.java:logGet(43)) - raft.server.write.element-limit = 4096 (default)
2019-09-11 05:23:17,276 [5811cb92-11ab-4c57-944f-b33b1cb163a8@group-68F18EC4F3B2:LeaderElection17] INFO  server.RaftServerConfigKeys (ConfUtils.java:logGet(43)) - raft.server.watch.timeout = 10s (default)
2019-09-11 05:23:17,276 [5811cb92-11ab-4c57-944f-b33b1cb163a8@group-68F18EC4F3B2:LeaderElection17] INFO  server.RaftServerConfigKeys (ConfUtils.java:logGet(43)) - raft.server.watch.timeout.denomination = 1s (default)
2019-09-11 05:23:17,276 [5811cb92-11ab-4c57-944f-b33b1cb163a8@group-68F18EC4F3B2:LeaderElection17] INFO  server.RaftServerConfigKeys (ConfUtils.java:logGet(43)) - raft.server.watch.element-limit = 65536 (default)
2019-09-11 05:23:17,277 [Thread-684] INFO  impl.FollowerState (FollowerState.java:run(106)) - 7f78b414-4b36-4b2b-b519-84f027f211c0:group-48CEB0255408 changes to CANDIDATE, lastRpcTime:5012, electionTimeout:5012ms
2019-09-11 05:23:17,277 [Thread-684] INFO  impl.RoleInfo (RoleInfo.java:shutdownFollowerState(121)) - 7f78b414-4b36-4b2b-b519-84f027f211c0: shutdown FollowerState
2019-09-11 05:23:17,277 [Thread-684] INFO  impl.RaftServerImpl (RaftServerImpl.java:setRole(174)) - 7f78b414-4b36-4b2b-b519-84f027f211c0@group-48CEB0255408: changes role from  FOLLOWER to CANDIDATE at term 0 for changeToCandidate
2019-09-11 05:23:17,277 [Thread-684] INFO  impl.RoleInfo (RoleInfo.java:updateAndGet(143)) - 7f78b414-4b36-4b2b-b519-84f027f211c0: start LeaderElection
2019-09-11 05:23:17,286 [7f78b414-4b36-4b2b-b519-84f027f211c0@group-06ECE2560071-SegmentedRaftLogWorker] INFO  segmented.SegmentedRaftLogWorker (SegmentedRaftLogWorker.java:execute(569)) - 7f78b414-4b36-4b2b-b519-84f027f211c0@group-06ECE2560071-SegmentedRaftLogWorker: created new log segment /workdir/hadoop-ozone/integration-test/target/test-dir/MiniOzoneClusterImpl-293f29a2-6a00-4c6f-b8d4-f95033339b2e/datanode-1/data/ratis/c27f6f3c-b9dc-4c74-ae3d-06ece2560071/current/log_inprogress_0
2019-09-11 05:23:17,287 [5811cb92-11ab-4c57-944f-b33b1cb163a8@group-68F18EC4F3B2:LeaderElection17] INFO  impl.RoleInfo (RoleInfo.java:updateAndGet(143)) - 5811cb92-11ab-4c57-944f-b33b1cb163a8: start LeaderState
2019-09-11 05:23:17,288 [5811cb92-11ab-4c57-944f-b33b1cb163a8@group-68F18EC4F3B2:LeaderElection17] INFO  segmented.SegmentedRaftLogWorker (SegmentedRaftLogWorker.java:startLogSegment(380)) - 5811cb92-11ab-4c57-944f-b33b1cb163a8@group-68F18EC4F3B2-SegmentedRaftLogWorker: Starting segment from index:0
2019-09-11 05:23:17,288 [5811cb92-11ab-4c57-944f-b33b1cb163a8@group-68F18EC4F3B2:LeaderElection17] INFO  impl.RaftServerImpl (ServerState.java:setRaftConf(354)) - 5811cb92-11ab-4c57-944f-b33b1cb163a8@group-68F18EC4F3B2: set configuration 0: [5811cb92-11ab-4c57-944f-b33b1cb163a8:192.168.36.125:36529], old=null at 0
2019-09-11 05:23:17,299 [7f78b414-4b36-4b2b-b519-84f027f211c0@group-48CEB0255408:LeaderElection18] INFO  impl.LeaderElection (LeaderElection.java:askForVotes(182)) - 7f78b414-4b36-4b2b-b519-84f027f211c0@group-48CEB0255408:LeaderElection18: begin an election at term 1 for -1: [5811cb92-11ab-4c57-944f-b33b1cb163a8:192.168.36.125:36529, 29816365-9aa0-47fa-9c81-075266e0412a:192.168.36.125:45064, 7f78b414-4b36-4b2b-b519-84f027f211c0:192.168.36.125:35690], old=null
2019-09-11 05:23:17,325 [grpc-default-executor-4] INFO  impl.RaftServerImpl (RaftServerImpl.java:setRole(174)) - 29816365-9aa0-47fa-9c81-075266e0412a@group-48CEB0255408: changes role from  FOLLOWER to FOLLOWER at term 1 for recognizeCandidate:7f78b414-4b36-4b2b-b519-84f027f211c0
2019-09-11 05:23:17,325 [grpc-default-executor-3] INFO  impl.RaftServerImpl (RaftServerImpl.java:setRole(174)) - 5811cb92-11ab-4c57-944f-b33b1cb163a8@group-48CEB0255408: changes role from  FOLLOWER to FOLLOWER at term 1 for recognizeCandidate:7f78b414-4b36-4b2b-b519-84f027f211c0
2019-09-11 05:23:17,325 [grpc-default-executor-4] INFO  impl.RoleInfo (RoleInfo.java:shutdownFollowerState(121)) - 29816365-9aa0-47fa-9c81-075266e0412a: shutdown FollowerState
2019-09-11 05:23:17,325 [grpc-default-executor-3] INFO  impl.RoleInfo (RoleInfo.java:shutdownFollowerState(121)) - 5811cb92-11ab-4c57-944f-b33b1cb163a8: shutdown FollowerState
2019-09-11 05:23:17,325 [grpc-default-executor-4] INFO  impl.RoleInfo (RoleInfo.java:updateAndGet(143)) - 29816365-9aa0-47fa-9c81-075266e0412a: start FollowerState
2019-09-11 05:23:17,325 [grpc-default-executor-3] INFO  impl.RoleInfo (RoleInfo.java:updateAndGet(143)) - 5811cb92-11ab-4c57-944f-b33b1cb163a8: start FollowerState
2019-09-11 05:23:17,325 [Thread-682] INFO  impl.FollowerState (FollowerState.java:run(115)) - 29816365-9aa0-47fa-9c81-075266e0412a: FollowerState was interrupted: java.lang.InterruptedException: sleep interrupted
2019-09-11 05:23:17,328 [Thread-680] INFO  impl.FollowerState (FollowerState.java:run(115)) - 5811cb92-11ab-4c57-944f-b33b1cb163a8: FollowerState was interrupted: java.lang.InterruptedException: sleep interrupted
2019-09-11 05:23:17,334 [5811cb92-11ab-4c57-944f-b33b1cb163a8@group-68F18EC4F3B2-SegmentedRaftLogWorker] INFO  segmented.SegmentedRaftLogWorker (SegmentedRaftLogWorker.java:execute(569)) - 5811cb92-11ab-4c57-944f-b33b1cb163a8@group-68F18EC4F3B2-SegmentedRaftLogWorker: created new log segment /workdir/hadoop-ozone/integration-test/target/test-dir/MiniOzoneClusterImpl-293f29a2-6a00-4c6f-b8d4-f95033339b2e/datanode-2/data/ratis/3d5cb8a2-9c9b-410d-bd52-68f18ec4f3b2/current/log_inprogress_0
2019-09-11 05:23:17,348 [Thread-687] INFO  impl.FollowerState (FollowerState.java:run(106)) - 898294ac-8be2-4fe7-97bd-ef7091906e13:group-479B34555948 changes to CANDIDATE, lastRpcTime:5011, electionTimeout:5006ms
2019-09-11 05:23:17,348 [Thread-687] INFO  impl.RoleInfo (RoleInfo.java:shutdownFollowerState(121)) - 898294ac-8be2-4fe7-97bd-ef7091906e13: shutdown FollowerState
2019-09-11 05:23:17,349 [Thread-687] INFO  impl.RaftServerImpl (RaftServerImpl.java:setRole(174)) - 898294ac-8be2-4fe7-97bd-ef7091906e13@group-479B34555948: changes role from  FOLLOWER to CANDIDATE at term 0 for changeToCandidate
2019-09-11 05:23:17,349 [Thread-687] INFO  impl.RoleInfo (RoleInfo.java:updateAndGet(143)) - 898294ac-8be2-4fe7-97bd-ef7091906e13: start LeaderElection
2019-09-11 05:23:17,349 [7f78b414-4b36-4b2b-b519-84f027f211c0@group-48CEB0255408:LeaderElection18] INFO  impl.LeaderElection (LeaderElection.java:logAndReturn(56)) - 7f78b414-4b36-4b2b-b519-84f027f211c0@group-48CEB0255408:LeaderElection18: Election PASSED; received 1 response(s) [7f78b414-4b36-4b2b-b519-84f027f211c0<-29816365-9aa0-47fa-9c81-075266e0412a#0:OK-t1] and 0 exception(s); 7f78b414-4b36-4b2b-b519-84f027f211c0@group-48CEB0255408:t1, leader=null, voted=7f78b414-4b36-4b2b-b519-84f027f211c0, raftlog=7f78b414-4b36-4b2b-b519-84f027f211c0@group-48CEB0255408-SegmentedRaftLog:OPENED:c-1,f-1,i0, conf=-1: [5811cb92-11ab-4c57-944f-b33b1cb163a8:192.168.36.125:36529, 29816365-9aa0-47fa-9c81-075266e0412a:192.168.36.125:45064, 7f78b414-4b36-4b2b-b519-84f027f211c0:192.168.36.125:35690], old=null
2019-09-11 05:23:17,349 [7f78b414-4b36-4b2b-b519-84f027f211c0@group-48CEB0255408:LeaderElection18] INFO  impl.RoleInfo (RoleInfo.java:shutdownLeaderElection(134)) - 7f78b414-4b36-4b2b-b519-84f027f211c0: shutdown LeaderElection
2019-09-11 05:23:17,354 [7f78b414-4b36-4b2b-b519-84f027f211c0@group-48CEB0255408:LeaderElection18] INFO  impl.RaftServerImpl (RaftServerImpl.java:setRole(174)) - 7f78b414-4b36-4b2b-b519-84f027f211c0@group-48CEB0255408: changes role from CANDIDATE to LEADER at term 1 for changeToLeader
2019-09-11 05:23:17,354 [7f78b414-4b36-4b2b-b519-84f027f211c0@group-48CEB0255408:LeaderElection18] INFO  impl.RaftServerImpl (ServerState.java:setLeader(253)) - 7f78b414-4b36-4b2b-b519-84f027f211c0@group-48CEB0255408: change Leader from null to 7f78b414-4b36-4b2b-b519-84f027f211c0 at term 1 for becomeLeader, leader elected after 5114ms
2019-09-11 05:23:17,354 [7f78b414-4b36-4b2b-b519-84f027f211c0@group-48CEB0255408:LeaderElection18] INFO  server.RaftServerConfigKeys (ConfUtils.java:logGet(43)) - raft.server.staging.catchup.gap = 1000 (default)
2019-09-11 05:23:17,354 [7f78b414-4b36-4b2b-b519-84f027f211c0@group-48CEB0255408:LeaderElection18] INFO  server.RaftServerConfigKeys (ConfUtils.java:logGet(43)) - raft.server.rpc.sleep.time = 25ms (default)
2019-09-11 05:23:17,354 [7f78b414-4b36-4b2b-b519-84f027f211c0@group-48CEB0255408:LeaderElection18] INFO  server.RaftServerConfigKeys (ConfUtils.java:logGet(43)) - raft.server.write.element-limit = 4096 (default)
2019-09-11 05:23:17,354 [7f78b414-4b36-4b2b-b519-84f027f211c0@group-48CEB0255408:LeaderElection18] INFO  server.RaftServerConfigKeys (ConfUtils.java:logGet(43)) - raft.server.watch.timeout = 10s (default)
2019-09-11 05:23:17,354 [7f78b414-4b36-4b2b-b519-84f027f211c0@group-48CEB0255408:LeaderElection18] INFO  server.RaftServerConfigKeys (ConfUtils.java:logGet(43)) - raft.server.watch.timeout.denomination = 1s (default)
2019-09-11 05:23:17,355 [7f78b414-4b36-4b2b-b519-84f027f211c0@group-48CEB0255408:LeaderElection18] INFO  server.RaftServerConfigKeys (ConfUtils.java:logGet(43)) - raft.server.watch.element-limit = 65536 (default)
2019-09-11 05:23:17,357 [7f78b414-4b36-4b2b-b519-84f027f211c0@group-48CEB0255408:LeaderElection18] INFO  server.RaftServerConfigKeys (ConfUtils.java:logGet(43)) - raft.server.log.appender.snapshot.chunk.size.max = 16MB (=16777216) (default)
2019-09-11 05:23:17,357 [7f78b414-4b36-4b2b-b519-84f027f211c0@group-48CEB0255408:LeaderElection18] INFO  server.RaftServerConfigKeys (ConfUtils.java:logGet(43)) - raft.server.log.appender.buffer.byte-limit = 33554432 (custom)
2019-09-11 05:23:17,357 [7f78b414-4b36-4b2b-b519-84f027f211c0@group-48CEB0255408:LeaderElection18] INFO  server.RaftServerConfigKeys (ConfUtils.java:logGet(43)) - raft.server.log.appender.buffer.element-limit = 1 (custom)
2019-09-11 05:23:17,357 [7f78b414-4b36-4b2b-b519-84f027f211c0@group-48CEB0255408:LeaderElection18] INFO  grpc.GrpcConfigKeys$Server (ConfUtils.java:logGet(43)) - raft.grpc.server.leader.outstanding.appends.max = 128 (default)
2019-09-11 05:23:17,358 [7f78b414-4b36-4b2b-b519-84f027f211c0@group-48CEB0255408:LeaderElection18] INFO  server.RaftServerConfigKeys (ConfUtils.java:logGet(43)) - raft.server.rpc.request.timeout = 3000ms (default)
2019-09-11 05:23:17,358 [7f78b414-4b36-4b2b-b519-84f027f211c0@group-48CEB0255408:LeaderElection18] INFO  server.RaftServerConfigKeys (ConfUtils.java:logGet(43)) - raft.server.log.appender.install.snapshot.enabled = false (custom)
2019-09-11 05:23:17,358 [7f78b414-4b36-4b2b-b519-84f027f211c0@group-48CEB0255408:LeaderElection18] INFO  server.RaftServerConfigKeys (ConfUtils.java:logGet(43)) - raft.server.log.appender.snapshot.chunk.size.max = 16MB (=16777216) (default)
2019-09-11 05:23:17,358 [7f78b414-4b36-4b2b-b519-84f027f211c0@group-48CEB0255408:LeaderElection18] INFO  server.RaftServerConfigKeys (ConfUtils.java:logGet(43)) - raft.server.log.appender.buffer.byte-limit = 33554432 (custom)
2019-09-11 05:23:17,358 [7f78b414-4b36-4b2b-b519-84f027f211c0@group-48CEB0255408:LeaderElection18] INFO  server.RaftServerConfigKeys (ConfUtils.java:logGet(43)) - raft.server.log.appender.buffer.element-limit = 1 (custom)
2019-09-11 05:23:17,358 [7f78b414-4b36-4b2b-b519-84f027f211c0@group-48CEB0255408:LeaderElection18] INFO  grpc.GrpcConfigKeys$Server (ConfUtils.java:logGet(43)) - raft.grpc.server.leader.outstanding.appends.max = 128 (default)
2019-09-11 05:23:17,358 [7f78b414-4b36-4b2b-b519-84f027f211c0@group-48CEB0255408:LeaderElection18] INFO  server.RaftServerConfigKeys (ConfUtils.java:logGet(43)) - raft.server.rpc.request.timeout = 3000ms (default)
2019-09-11 05:23:17,359 [7f78b414-4b36-4b2b-b519-84f027f211c0@group-48CEB0255408:LeaderElection18] INFO  server.RaftServerConfigKeys (ConfUtils.java:logGet(43)) - raft.server.log.appender.install.snapshot.enabled = false (custom)
2019-09-11 05:23:17,359 [7f78b414-4b36-4b2b-b519-84f027f211c0@group-48CEB0255408:LeaderElection18] INFO  impl.RoleInfo (RoleInfo.java:updateAndGet(143)) - 7f78b414-4b36-4b2b-b519-84f027f211c0: start LeaderState
2019-09-11 05:23:17,359 [7f78b414-4b36-4b2b-b519-84f027f211c0@group-48CEB0255408:LeaderElection18] INFO  segmented.SegmentedRaftLogWorker (SegmentedRaftLogWorker.java:startLogSegment(380)) - 7f78b414-4b36-4b2b-b519-84f027f211c0@group-48CEB0255408-SegmentedRaftLogWorker: Starting segment from index:0
2019-09-11 05:23:17,362 [7f78b414-4b36-4b2b-b519-84f027f211c0@group-48CEB0255408:LeaderElection18] INFO  impl.RaftServerImpl (ServerState.java:setRaftConf(354)) - 7f78b414-4b36-4b2b-b519-84f027f211c0@group-48CEB0255408: set configuration 0: [5811cb92-11ab-4c57-944f-b33b1cb163a8:192.168.36.125:36529, 29816365-9aa0-47fa-9c81-075266e0412a:192.168.36.125:45064, 7f78b414-4b36-4b2b-b519-84f027f211c0:192.168.36.125:35690], old=null at 0
2019-09-11 05:23:17,366 [grpc-default-executor-3] INFO  impl.RaftServerImpl (ServerState.java:setLeader(253)) - 5811cb92-11ab-4c57-944f-b33b1cb163a8@group-48CEB0255408: change Leader from null to 7f78b414-4b36-4b2b-b519-84f027f211c0 at term 1 for appendEntries, leader elected after 5126ms
2019-09-11 05:23:17,366 [grpc-default-executor-4] INFO  impl.RaftServerImpl (ServerState.java:setLeader(253)) - 29816365-9aa0-47fa-9c81-075266e0412a@group-48CEB0255408: change Leader from null to 7f78b414-4b36-4b2b-b519-84f027f211c0 at term 1 for appendEntries, leader elected after 5127ms
2019-09-11 05:23:17,394 [898294ac-8be2-4fe7-97bd-ef7091906e13@group-479B34555948:LeaderElection19] INFO  impl.LeaderElection (LeaderElection.java:askForVotes(182)) - 898294ac-8be2-4fe7-97bd-ef7091906e13@group-479B34555948:LeaderElection19: begin an election at term 1 for -1: [898294ac-8be2-4fe7-97bd-ef7091906e13:192.168.36.125:38039], old=null
2019-09-11 05:23:17,395 [898294ac-8be2-4fe7-97bd-ef7091906e13@group-479B34555948:LeaderElection19] INFO  impl.RoleInfo (RoleInfo.java:shutdownLeaderElection(134)) - 898294ac-8be2-4fe7-97bd-ef7091906e13: shutdown LeaderElection
2019-09-11 05:23:17,395 [898294ac-8be2-4fe7-97bd-ef7091906e13@group-479B34555948:LeaderElection19] INFO  impl.RaftServerImpl (RaftServerImpl.java:setRole(174)) - 898294ac-8be2-4fe7-97bd-ef7091906e13@group-479B34555948: changes role from CANDIDATE to LEADER at term 1 for changeToLeader
2019-09-11 05:23:17,395 [898294ac-8be2-4fe7-97bd-ef7091906e13@group-479B34555948:LeaderElection19] INFO  impl.RaftServerImpl (ServerState.java:setLeader(253)) - 898294ac-8be2-4fe7-97bd-ef7091906e13@group-479B34555948: change Leader from null to 898294ac-8be2-4fe7-97bd-ef7091906e13 at term 1 for becomeLeader, leader elected after 5064ms
2019-09-11 05:23:17,398 [898294ac-8be2-4fe7-97bd-ef7091906e13@group-479B34555948:LeaderElection19] INFO  server.RaftServerConfigKeys (ConfUtils.java:logGet(43)) - raft.server.staging.catchup.gap = 1000 (default)
2019-09-11 05:23:17,398 [898294ac-8be2-4fe7-97bd-ef7091906e13@group-479B34555948:LeaderElection19] INFO  server.RaftServerConfigKeys (ConfUtils.java:logGet(43)) - raft.server.rpc.sleep.time = 25ms (default)
2019-09-11 05:23:17,398 [898294ac-8be2-4fe7-97bd-ef7091906e13@group-479B34555948:LeaderElection19] INFO  server.RaftServerConfigKeys (ConfUtils.java:logGet(43)) - raft.server.write.element-limit = 4096 (default)
2019-09-11 05:23:17,399 [898294ac-8be2-4fe7-97bd-ef7091906e13@group-479B34555948:LeaderElection19] INFO  server.RaftServerConfigKeys (ConfUtils.java:logGet(43)) - raft.server.watch.timeout = 10s (default)
2019-09-11 05:23:17,399 [898294ac-8be2-4fe7-97bd-ef7091906e13@group-479B34555948:LeaderElection19] INFO  server.RaftServerConfigKeys (ConfUtils.java:logGet(43)) - raft.server.watch.timeout.denomination = 1s (default)
2019-09-11 05:23:17,399 [898294ac-8be2-4fe7-97bd-ef7091906e13@group-479B34555948:LeaderElection19] INFO  server.RaftServerConfigKeys (ConfUtils.java:logGet(43)) - raft.server.watch.element-limit = 65536 (default)
2019-09-11 05:23:17,401 [grpc-default-executor-3] INFO  impl.RaftServerImpl (ServerState.java:setRaftConf(354)) - 5811cb92-11ab-4c57-944f-b33b1cb163a8@group-48CEB0255408: set configuration 0: [5811cb92-11ab-4c57-944f-b33b1cb163a8:192.168.36.125:36529, 29816365-9aa0-47fa-9c81-075266e0412a:192.168.36.125:45064, 7f78b414-4b36-4b2b-b519-84f027f211c0:192.168.36.125:35690], old=null at 0
2019-09-11 05:23:17,401 [grpc-default-executor-4] INFO  impl.RaftServerImpl (ServerState.java:setRaftConf(354)) - 29816365-9aa0-47fa-9c81-075266e0412a@group-48CEB0255408: set configuration 0: [5811cb92-11ab-4c57-944f-b33b1cb163a8:192.168.36.125:36529, 29816365-9aa0-47fa-9c81-075266e0412a:192.168.36.125:45064, 7f78b414-4b36-4b2b-b519-84f027f211c0:192.168.36.125:35690], old=null at 0
2019-09-11 05:23:17,401 [898294ac-8be2-4fe7-97bd-ef7091906e13@group-479B34555948:LeaderElection19] INFO  impl.RoleInfo (RoleInfo.java:updateAndGet(143)) - 898294ac-8be2-4fe7-97bd-ef7091906e13: start LeaderState
2019-09-11 05:23:17,401 [grpc-default-executor-3] INFO  segmented.SegmentedRaftLogWorker (SegmentedRaftLogWorker.java:startLogSegment(380)) - 5811cb92-11ab-4c57-944f-b33b1cb163a8@group-48CEB0255408-SegmentedRaftLogWorker: Starting segment from index:0
2019-09-11 05:23:17,401 [898294ac-8be2-4fe7-97bd-ef7091906e13@group-479B34555948:LeaderElection19] INFO  segmented.SegmentedRaftLogWorker (SegmentedRaftLogWorker.java:startLogSegment(380)) - 898294ac-8be2-4fe7-97bd-ef7091906e13@group-479B34555948-SegmentedRaftLogWorker: Starting segment from index:0
2019-09-11 05:23:17,401 [grpc-default-executor-4] INFO  segmented.SegmentedRaftLogWorker (SegmentedRaftLogWorker.java:startLogSegment(380)) - 29816365-9aa0-47fa-9c81-075266e0412a@group-48CEB0255408-SegmentedRaftLogWorker: Starting segment from index:0
2019-09-11 05:23:17,402 [898294ac-8be2-4fe7-97bd-ef7091906e13@group-479B34555948:LeaderElection19] INFO  impl.RaftServerImpl (ServerState.java:setRaftConf(354)) - 898294ac-8be2-4fe7-97bd-ef7091906e13@group-479B34555948: set configuration 0: [898294ac-8be2-4fe7-97bd-ef7091906e13:192.168.36.125:38039], old=null at 0
2019-09-11 05:23:17,431 [7f78b414-4b36-4b2b-b519-84f027f211c0@group-48CEB0255408-SegmentedRaftLogWorker] INFO  segmented.SegmentedRaftLogWorker (SegmentedRaftLogWorker.java:execute(569)) - 7f78b414-4b36-4b2b-b519-84f027f211c0@group-48CEB0255408-SegmentedRaftLogWorker: created new log segment /workdir/hadoop-ozone/integration-test/target/test-dir/MiniOzoneClusterImpl-293f29a2-6a00-4c6f-b8d4-f95033339b2e/datanode-1/data/ratis/62bc2bbd-0e34-42c4-8326-48ceb0255408/current/log_inprogress_0
2019-09-11 05:23:17,443 [5811cb92-11ab-4c57-944f-b33b1cb163a8@group-48CEB0255408-SegmentedRaftLogWorker] INFO  segmented.SegmentedRaftLogWorker (SegmentedRaftLogWorker.java:execute(569)) - 5811cb92-11ab-4c57-944f-b33b1cb163a8@group-48CEB0255408-SegmentedRaftLogWorker: created new log segment /workdir/hadoop-ozone/integration-test/target/test-dir/MiniOzoneClusterImpl-293f29a2-6a00-4c6f-b8d4-f95033339b2e/datanode-2/data/ratis/62bc2bbd-0e34-42c4-8326-48ceb0255408/current/log_inprogress_0
2019-09-11 05:23:17,443 [898294ac-8be2-4fe7-97bd-ef7091906e13@group-479B34555948-SegmentedRaftLogWorker] INFO  segmented.SegmentedRaftLogWorker (SegmentedRaftLogWorker.java:execute(569)) - 898294ac-8be2-4fe7-97bd-ef7091906e13@group-479B34555948-SegmentedRaftLogWorker: created new log segment /workdir/hadoop-ozone/integration-test/target/test-dir/MiniOzoneClusterImpl-293f29a2-6a00-4c6f-b8d4-f95033339b2e/datanode-3/data/ratis/c9a73af6-986b-4886-a40f-479b34555948/current/log_inprogress_0
2019-09-11 05:23:17,467 [29816365-9aa0-47fa-9c81-075266e0412a@group-48CEB0255408-SegmentedRaftLogWorker] INFO  segmented.SegmentedRaftLogWorker (SegmentedRaftLogWorker.java:execute(569)) - 29816365-9aa0-47fa-9c81-075266e0412a@group-48CEB0255408-SegmentedRaftLogWorker: created new log segment /workdir/hadoop-ozone/integration-test/target/test-dir/MiniOzoneClusterImpl-293f29a2-6a00-4c6f-b8d4-f95033339b2e/datanode-0/data/ratis/62bc2bbd-0e34-42c4-8326-48ceb0255408/current/log_inprogress_0
2019-09-11 05:23:17,474 [Thread-690] INFO  impl.FollowerState (FollowerState.java:run(106)) - a35bc888-e8ef-4bf5-8540-2f9e42242cb6:group-5231400CB40E changes to CANDIDATE, lastRpcTime:5061, electionTimeout:5061ms
2019-09-11 05:23:17,475 [Thread-690] INFO  impl.RoleInfo (RoleInfo.java:shutdownFollowerState(121)) - a35bc888-e8ef-4bf5-8540-2f9e42242cb6: shutdown FollowerState
2019-09-11 05:23:17,475 [Thread-690] INFO  impl.RaftServerImpl (RaftServerImpl.java:setRole(174)) - a35bc888-e8ef-4bf5-8540-2f9e42242cb6@group-5231400CB40E: changes role from  FOLLOWER to CANDIDATE at term 0 for changeToCandidate
2019-09-11 05:23:17,475 [Thread-690] INFO  impl.RoleInfo (RoleInfo.java:updateAndGet(143)) - a35bc888-e8ef-4bf5-8540-2f9e42242cb6: start LeaderElection
2019-09-11 05:23:17,519 [a35bc888-e8ef-4bf5-8540-2f9e42242cb6@group-5231400CB40E:LeaderElection20] INFO  impl.LeaderElection (LeaderElection.java:askForVotes(182)) - a35bc888-e8ef-4bf5-8540-2f9e42242cb6@group-5231400CB40E:LeaderElection20: begin an election at term 1 for -1: [a35bc888-e8ef-4bf5-8540-2f9e42242cb6:192.168.36.125:38214], old=null
2019-09-11 05:23:17,519 [a35bc888-e8ef-4bf5-8540-2f9e42242cb6@group-5231400CB40E:LeaderElection20] INFO  impl.RoleInfo (RoleInfo.java:shutdownLeaderElection(134)) - a35bc888-e8ef-4bf5-8540-2f9e42242cb6: shutdown LeaderElection
2019-09-11 05:23:17,519 [a35bc888-e8ef-4bf5-8540-2f9e42242cb6@group-5231400CB40E:LeaderElection20] INFO  impl.RaftServerImpl (RaftServerImpl.java:setRole(174)) - a35bc888-e8ef-4bf5-8540-2f9e42242cb6@group-5231400CB40E: changes role from CANDIDATE to LEADER at term 1 for changeToLeader
2019-09-11 05:23:17,519 [a35bc888-e8ef-4bf5-8540-2f9e42242cb6@group-5231400CB40E:LeaderElection20] INFO  impl.RaftServerImpl (ServerState.java:setLeader(253)) - a35bc888-e8ef-4bf5-8540-2f9e42242cb6@group-5231400CB40E: change Leader from null to a35bc888-e8ef-4bf5-8540-2f9e42242cb6 at term 1 for becomeLeader, leader elected after 5115ms
2019-09-11 05:23:17,521 [a35bc888-e8ef-4bf5-8540-2f9e42242cb6@group-5231400CB40E:LeaderElection20] INFO  server.RaftServerConfigKeys (ConfUtils.java:logGet(43)) - raft.server.staging.catchup.gap = 1000 (default)
2019-09-11 05:23:17,522 [a35bc888-e8ef-4bf5-8540-2f9e42242cb6@group-5231400CB40E:LeaderElection20] INFO  server.RaftServerConfigKeys (ConfUtils.java:logGet(43)) - raft.server.rpc.sleep.time = 25ms (default)
2019-09-11 05:23:17,522 [a35bc888-e8ef-4bf5-8540-2f9e42242cb6@group-5231400CB40E:LeaderElection20] INFO  server.RaftServerConfigKeys (ConfUtils.java:logGet(43)) - raft.server.write.element-limit = 4096 (default)
2019-09-11 05:23:17,522 [a35bc888-e8ef-4bf5-8540-2f9e42242cb6@group-5231400CB40E:LeaderElection20] INFO  server.RaftServerConfigKeys (ConfUtils.java:logGet(43)) - raft.server.watch.timeout = 10s (default)
2019-09-11 05:23:17,522 [a35bc888-e8ef-4bf5-8540-2f9e42242cb6@group-5231400CB40E:LeaderElection20] INFO  server.RaftServerConfigKeys (ConfUtils.java:logGet(43)) - raft.server.watch.timeout.denomination = 1s (default)
2019-09-11 05:23:17,522 [a35bc888-e8ef-4bf5-8540-2f9e42242cb6@group-5231400CB40E:LeaderElection20] INFO  server.RaftServerConfigKeys (ConfUtils.java:logGet(43)) - raft.server.watch.element-limit = 65536 (default)
2019-09-11 05:23:17,524 [a35bc888-e8ef-4bf5-8540-2f9e42242cb6@group-5231400CB40E:LeaderElection20] INFO  impl.RoleInfo (RoleInfo.java:updateAndGet(143)) - a35bc888-e8ef-4bf5-8540-2f9e42242cb6: start LeaderState
2019-09-11 05:23:17,524 [a35bc888-e8ef-4bf5-8540-2f9e42242cb6@group-5231400CB40E:LeaderElection20] INFO  segmented.SegmentedRaftLogWorker (SegmentedRaftLogWorker.java:startLogSegment(380)) - a35bc888-e8ef-4bf5-8540-2f9e42242cb6@group-5231400CB40E-SegmentedRaftLogWorker: Starting segment from index:0
2019-09-11 05:23:17,524 [a35bc888-e8ef-4bf5-8540-2f9e42242cb6@group-5231400CB40E:LeaderElection20] INFO  impl.RaftServerImpl (ServerState.java:setRaftConf(354)) - a35bc888-e8ef-4bf5-8540-2f9e42242cb6@group-5231400CB40E: set configuration 0: [a35bc888-e8ef-4bf5-8540-2f9e42242cb6:192.168.36.125:38214], old=null at 0
2019-09-11 05:23:17,561 [a35bc888-e8ef-4bf5-8540-2f9e42242cb6@group-5231400CB40E-SegmentedRaftLogWorker] INFO  segmented.SegmentedRaftLogWorker (SegmentedRaftLogWorker.java:execute(569)) - a35bc888-e8ef-4bf5-8540-2f9e42242cb6@group-5231400CB40E-SegmentedRaftLogWorker: created new log segment /workdir/hadoop-ozone/integration-test/target/test-dir/MiniOzoneClusterImpl-293f29a2-6a00-4c6f-b8d4-f95033339b2e/datanode-4/data/ratis/c585f7be-f525-4f22-8631-5231400cb40e/current/log_inprogress_0
2019-09-11 05:23:17,759 [Thread-695] INFO  impl.FollowerState (FollowerState.java:run(106)) - df817b81-633c-4047-a5d9-a1ed1747652a:group-ADF582067295 changes to CANDIDATE, lastRpcTime:5194, electionTimeout:5194ms
2019-09-11 05:23:17,760 [Thread-695] INFO  impl.RoleInfo (RoleInfo.java:shutdownFollowerState(121)) - df817b81-633c-4047-a5d9-a1ed1747652a: shutdown FollowerState
2019-09-11 05:23:17,760 [Thread-695] INFO  impl.RaftServerImpl (RaftServerImpl.java:setRole(174)) - df817b81-633c-4047-a5d9-a1ed1747652a@group-ADF582067295: changes role from  FOLLOWER to CANDIDATE at term 0 for changeToCandidate
2019-09-11 05:23:17,760 [Thread-695] INFO  impl.RoleInfo (RoleInfo.java:updateAndGet(143)) - df817b81-633c-4047-a5d9-a1ed1747652a: start LeaderElection
2019-09-11 05:23:17,764 [Thread-706] INFO  impl.FollowerState (FollowerState.java:run(106)) - 898294ac-8be2-4fe7-97bd-ef7091906e13:group-9E86F654D414 changes to CANDIDATE, lastRpcTime:5081, electionTimeout:5081ms
2019-09-11 05:23:17,764 [Thread-706] INFO  impl.RoleInfo (RoleInfo.java:shutdownFollowerState(121)) - 898294ac-8be2-4fe7-97bd-ef7091906e13: shutdown FollowerState
2019-09-11 05:23:17,765 [Thread-706] INFO  impl.RaftServerImpl (RaftServerImpl.java:setRole(174)) - 898294ac-8be2-4fe7-97bd-ef7091906e13@group-9E86F654D414: changes role from  FOLLOWER to CANDIDATE at term 0 for changeToCandidate
2019-09-11 05:23:17,765 [Thread-706] INFO  impl.RoleInfo (RoleInfo.java:updateAndGet(143)) - 898294ac-8be2-4fe7-97bd-ef7091906e13: start LeaderElection
2019-09-11 05:23:17,776 [df817b81-633c-4047-a5d9-a1ed1747652a@group-ADF582067295:LeaderElection21] INFO  impl.LeaderElection (LeaderElection.java:askForVotes(182)) - df817b81-633c-4047-a5d9-a1ed1747652a@group-ADF582067295:LeaderElection21: begin an election at term 1 for -1: [df817b81-633c-4047-a5d9-a1ed1747652a:192.168.36.125:35607], old=null
2019-09-11 05:23:17,776 [df817b81-633c-4047-a5d9-a1ed1747652a@group-ADF582067295:LeaderElection21] INFO  impl.RoleInfo (RoleInfo.java:shutdownLeaderElection(134)) - df817b81-633c-4047-a5d9-a1ed1747652a: shutdown LeaderElection
2019-09-11 05:23:17,776 [df817b81-633c-4047-a5d9-a1ed1747652a@group-ADF582067295:LeaderElection21] INFO  impl.RaftServerImpl (RaftServerImpl.java:setRole(174)) - df817b81-633c-4047-a5d9-a1ed1747652a@group-ADF582067295: changes role from CANDIDATE to LEADER at term 1 for changeToLeader
2019-09-11 05:23:17,777 [df817b81-633c-4047-a5d9-a1ed1747652a@group-ADF582067295:LeaderElection21] INFO  impl.RaftServerImpl (ServerState.java:setLeader(253)) - df817b81-633c-4047-a5d9-a1ed1747652a@group-ADF582067295: change Leader from null to df817b81-633c-4047-a5d9-a1ed1747652a at term 1 for becomeLeader, leader elected after 5217ms
2019-09-11 05:23:17,781 [df817b81-633c-4047-a5d9-a1ed1747652a@group-ADF582067295:LeaderElection21] INFO  server.RaftServerConfigKeys (ConfUtils.java:logGet(43)) - raft.server.staging.catchup.gap = 1000 (default)
2019-09-11 05:23:17,782 [898294ac-8be2-4fe7-97bd-ef7091906e13@group-9E86F654D414:LeaderElection22] INFO  impl.LeaderElection (LeaderElection.java:askForVotes(182)) - 898294ac-8be2-4fe7-97bd-ef7091906e13@group-9E86F654D414:LeaderElection22: begin an election at term 1 for -1: [a35bc888-e8ef-4bf5-8540-2f9e42242cb6:192.168.36.125:38214, df817b81-633c-4047-a5d9-a1ed1747652a:192.168.36.125:35607, 898294ac-8be2-4fe7-97bd-ef7091906e13:192.168.36.125:38039], old=null
2019-09-11 05:23:17,782 [df817b81-633c-4047-a5d9-a1ed1747652a@group-ADF582067295:LeaderElection21] INFO  server.RaftServerConfigKeys (ConfUtils.java:logGet(43)) - raft.server.rpc.sleep.time = 25ms (default)
2019-09-11 05:23:17,783 [df817b81-633c-4047-a5d9-a1ed1747652a@group-ADF582067295:LeaderElection21] INFO  server.RaftServerConfigKeys (ConfUtils.java:logGet(43)) - raft.server.write.element-limit = 4096 (default)
2019-09-11 05:23:17,783 [df817b81-633c-4047-a5d9-a1ed1747652a@group-ADF582067295:LeaderElection21] INFO  server.RaftServerConfigKeys (ConfUtils.java:logGet(43)) - raft.server.watch.timeout = 10s (default)
2019-09-11 05:23:17,783 [df817b81-633c-4047-a5d9-a1ed1747652a@group-ADF582067295:LeaderElection21] INFO  server.RaftServerConfigKeys (ConfUtils.java:logGet(43)) - raft.server.watch.timeout.denomination = 1s (default)
2019-09-11 05:23:17,783 [df817b81-633c-4047-a5d9-a1ed1747652a@group-ADF582067295:LeaderElection21] INFO  server.RaftServerConfigKeys (ConfUtils.java:logGet(43)) - raft.server.watch.element-limit = 65536 (default)
2019-09-11 05:23:17,785 [Thread-698] INFO  impl.FollowerState (FollowerState.java:run(106)) - 4fcbdd63-8378-4c91-8c19-35bef64986a6:group-5A0608164A7C changes to CANDIDATE, lastRpcTime:5164, electionTimeout:5164ms
2019-09-11 05:23:17,786 [Thread-698] INFO  impl.RoleInfo (RoleInfo.java:shutdownFollowerState(121)) - 4fcbdd63-8378-4c91-8c19-35bef64986a6: shutdown FollowerState
2019-09-11 05:23:17,786 [Thread-698] INFO  impl.RaftServerImpl (RaftServerImpl.java:setRole(174)) - 4fcbdd63-8378-4c91-8c19-35bef64986a6@group-5A0608164A7C: changes role from  FOLLOWER to CANDIDATE at term 0 for changeToCandidate
2019-09-11 05:23:17,786 [df817b81-633c-4047-a5d9-a1ed1747652a@group-ADF582067295:LeaderElection21] INFO  impl.RoleInfo (RoleInfo.java:updateAndGet(143)) - df817b81-633c-4047-a5d9-a1ed1747652a: start LeaderState
2019-09-11 05:23:17,786 [Thread-698] INFO  impl.RoleInfo (RoleInfo.java:updateAndGet(143)) - 4fcbdd63-8378-4c91-8c19-35bef64986a6: start LeaderElection
2019-09-11 05:23:17,786 [df817b81-633c-4047-a5d9-a1ed1747652a@group-ADF582067295:LeaderElection21] INFO  segmented.SegmentedRaftLogWorker (SegmentedRaftLogWorker.java:startLogSegment(380)) - df817b81-633c-4047-a5d9-a1ed1747652a@group-ADF582067295-SegmentedRaftLogWorker: Starting segment from index:0
2019-09-11 05:23:17,789 [df817b81-633c-4047-a5d9-a1ed1747652a@group-ADF582067295:LeaderElection21] INFO  impl.RaftServerImpl (ServerState.java:setRaftConf(354)) - df817b81-633c-4047-a5d9-a1ed1747652a@group-ADF582067295: set configuration 0: [df817b81-633c-4047-a5d9-a1ed1747652a:192.168.36.125:35607], old=null at 0
2019-09-11 05:23:17,795 [grpc-default-executor-4] INFO  impl.RaftServerImpl (RaftServerImpl.java:setRole(174)) - a35bc888-e8ef-4bf5-8540-2f9e42242cb6@group-9E86F654D414: changes role from  FOLLOWER to FOLLOWER at term 1 for recognizeCandidate:898294ac-8be2-4fe7-97bd-ef7091906e13
2019-09-11 05:23:17,795 [grpc-default-executor-3] INFO  impl.RaftServerImpl (RaftServerImpl.java:setRole(174)) - df817b81-633c-4047-a5d9-a1ed1747652a@group-9E86F654D414: changes role from  FOLLOWER to FOLLOWER at term 1 for recognizeCandidate:898294ac-8be2-4fe7-97bd-ef7091906e13
2019-09-11 05:23:17,795 [grpc-default-executor-4] INFO  impl.RoleInfo (RoleInfo.java:shutdownFollowerState(121)) - a35bc888-e8ef-4bf5-8540-2f9e42242cb6: shutdown FollowerState
2019-09-11 05:23:17,795 [grpc-default-executor-3] INFO  impl.RoleInfo (RoleInfo.java:shutdownFollowerState(121)) - df817b81-633c-4047-a5d9-a1ed1747652a: shutdown FollowerState
2019-09-11 05:23:17,796 [grpc-default-executor-4] INFO  impl.RoleInfo (RoleInfo.java:updateAndGet(143)) - a35bc888-e8ef-4bf5-8540-2f9e42242cb6: start FollowerState
2019-09-11 05:23:17,796 [Thread-705] INFO  impl.FollowerState (FollowerState.java:run(115)) - df817b81-633c-4047-a5d9-a1ed1747652a: FollowerState was interrupted: java.lang.InterruptedException: sleep interrupted
2019-09-11 05:23:17,796 [Thread-701] INFO  impl.FollowerState (FollowerState.java:run(115)) - a35bc888-e8ef-4bf5-8540-2f9e42242cb6: FollowerState was interrupted: java.lang.InterruptedException: sleep interrupted
2019-09-11 05:23:17,796 [grpc-default-executor-3] INFO  impl.RoleInfo (RoleInfo.java:updateAndGet(143)) - df817b81-633c-4047-a5d9-a1ed1747652a: start FollowerState
2019-09-11 05:23:17,826 [4fcbdd63-8378-4c91-8c19-35bef64986a6@group-5A0608164A7C:LeaderElection23] INFO  impl.LeaderElection (LeaderElection.java:askForVotes(182)) - 4fcbdd63-8378-4c91-8c19-35bef64986a6@group-5A0608164A7C:LeaderElection23: begin an election at term 1 for -1: [4fcbdd63-8378-4c91-8c19-35bef64986a6:192.168.36.125:34909], old=null
2019-09-11 05:23:17,827 [4fcbdd63-8378-4c91-8c19-35bef64986a6@group-5A0608164A7C:LeaderElection23] INFO  impl.RoleInfo (RoleInfo.java:shutdownLeaderElection(134)) - 4fcbdd63-8378-4c91-8c19-35bef64986a6: shutdown LeaderElection
2019-09-11 05:23:17,827 [4fcbdd63-8378-4c91-8c19-35bef64986a6@group-5A0608164A7C:LeaderElection23] INFO  impl.RaftServerImpl (RaftServerImpl.java:setRole(174)) - 4fcbdd63-8378-4c91-8c19-35bef64986a6@group-5A0608164A7C: changes role from CANDIDATE to LEADER at term 1 for changeToLeader
2019-09-11 05:23:17,827 [4fcbdd63-8378-4c91-8c19-35bef64986a6@group-5A0608164A7C:LeaderElection23] INFO  impl.RaftServerImpl (ServerState.java:setLeader(253)) - 4fcbdd63-8378-4c91-8c19-35bef64986a6@group-5A0608164A7C: change Leader from null to 4fcbdd63-8378-4c91-8c19-35bef64986a6 at term 1 for becomeLeader, leader elected after 5213ms
2019-09-11 05:23:17,834 [4fcbdd63-8378-4c91-8c19-35bef64986a6@group-5A0608164A7C:LeaderElection23] INFO  server.RaftServerConfigKeys (ConfUtils.java:logGet(43)) - raft.server.staging.catchup.gap = 1000 (default)
2019-09-11 05:23:17,834 [4fcbdd63-8378-4c91-8c19-35bef64986a6@group-5A0608164A7C:LeaderElection23] INFO  server.RaftServerConfigKeys (ConfUtils.java:logGet(43)) - raft.server.rpc.sleep.time = 25ms (default)
2019-09-11 05:23:17,835 [4fcbdd63-8378-4c91-8c19-35bef64986a6@group-5A0608164A7C:LeaderElection23] INFO  server.RaftServerConfigKeys (ConfUtils.java:logGet(43)) - raft.server.write.element-limit = 4096 (default)
2019-09-11 05:23:17,835 [4fcbdd63-8378-4c91-8c19-35bef64986a6@group-5A0608164A7C:LeaderElection23] INFO  server.RaftServerConfigKeys (ConfUtils.java:logGet(43)) - raft.server.watch.timeout = 10s (default)
2019-09-11 05:23:17,835 [4fcbdd63-8378-4c91-8c19-35bef64986a6@group-5A0608164A7C:LeaderElection23] INFO  server.RaftServerConfigKeys (ConfUtils.java:logGet(43)) - raft.server.watch.timeout.denomination = 1s (default)
2019-09-11 05:23:17,835 [4fcbdd63-8378-4c91-8c19-35bef64986a6@group-5A0608164A7C:LeaderElection23] INFO  server.RaftServerConfigKeys (ConfUtils.java:logGet(43)) - raft.server.watch.element-limit = 65536 (default)
2019-09-11 05:23:17,838 [df817b81-633c-4047-a5d9-a1ed1747652a@group-ADF582067295-SegmentedRaftLogWorker] INFO  segmented.SegmentedRaftLogWorker (SegmentedRaftLogWorker.java:execute(569)) - df817b81-633c-4047-a5d9-a1ed1747652a@group-ADF582067295-SegmentedRaftLogWorker: created new log segment /workdir/hadoop-ozone/integration-test/target/test-dir/MiniOzoneClusterImpl-293f29a2-6a00-4c6f-b8d4-f95033339b2e/datanode-6/data/ratis/13fcee0f-b662-4b1f-bd2d-adf582067295/current/log_inprogress_0
2019-09-11 05:23:17,838 [4fcbdd63-8378-4c91-8c19-35bef64986a6@group-5A0608164A7C:LeaderElection23] INFO  impl.RoleInfo (RoleInfo.java:updateAndGet(143)) - 4fcbdd63-8378-4c91-8c19-35bef64986a6: start LeaderState
2019-09-11 05:23:17,838 [4fcbdd63-8378-4c91-8c19-35bef64986a6@group-5A0608164A7C:LeaderElection23] INFO  segmented.SegmentedRaftLogWorker (SegmentedRaftLogWorker.java:startLogSegment(380)) - 4fcbdd63-8378-4c91-8c19-35bef64986a6@group-5A0608164A7C-SegmentedRaftLogWorker: Starting segment from index:0
2019-09-11 05:23:17,841 [4fcbdd63-8378-4c91-8c19-35bef64986a6@group-5A0608164A7C:LeaderElection23] INFO  impl.RaftServerImpl (ServerState.java:setRaftConf(354)) - 4fcbdd63-8378-4c91-8c19-35bef64986a6@group-5A0608164A7C: set configuration 0: [4fcbdd63-8378-4c91-8c19-35bef64986a6:192.168.36.125:34909], old=null at 0
2019-09-11 05:23:17,841 [898294ac-8be2-4fe7-97bd-ef7091906e13@group-9E86F654D414:LeaderElection22] INFO  impl.LeaderElection (LeaderElection.java:logAndReturn(56)) - 898294ac-8be2-4fe7-97bd-ef7091906e13@group-9E86F654D414:LeaderElection22: Election PASSED; received 1 response(s) [898294ac-8be2-4fe7-97bd-ef7091906e13<-df817b81-633c-4047-a5d9-a1ed1747652a#0:OK-t1] and 0 exception(s); 898294ac-8be2-4fe7-97bd-ef7091906e13@group-9E86F654D414:t1, leader=null, voted=898294ac-8be2-4fe7-97bd-ef7091906e13, raftlog=898294ac-8be2-4fe7-97bd-ef7091906e13@group-9E86F654D414-SegmentedRaftLog:OPENED:c-1,f-1,i0, conf=-1: [a35bc888-e8ef-4bf5-8540-2f9e42242cb6:192.168.36.125:38214, df817b81-633c-4047-a5d9-a1ed1747652a:192.168.36.125:35607, 898294ac-8be2-4fe7-97bd-ef7091906e13:192.168.36.125:38039], old=null
2019-09-11 05:23:17,868 [898294ac-8be2-4fe7-97bd-ef7091906e13@group-9E86F654D414:LeaderElection22] INFO  impl.RoleInfo (RoleInfo.java:shutdownLeaderElection(134)) - 898294ac-8be2-4fe7-97bd-ef7091906e13: shutdown LeaderElection
2019-09-11 05:23:17,868 [898294ac-8be2-4fe7-97bd-ef7091906e13@group-9E86F654D414:LeaderElection22] INFO  impl.RaftServerImpl (RaftServerImpl.java:setRole(174)) - 898294ac-8be2-4fe7-97bd-ef7091906e13@group-9E86F654D414: changes role from CANDIDATE to LEADER at term 1 for changeToLeader
2019-09-11 05:23:17,868 [898294ac-8be2-4fe7-97bd-ef7091906e13@group-9E86F654D414:LeaderElection22] INFO  impl.RaftServerImpl (ServerState.java:setLeader(253)) - 898294ac-8be2-4fe7-97bd-ef7091906e13@group-9E86F654D414: change Leader from null to 898294ac-8be2-4fe7-97bd-ef7091906e13 at term 1 for becomeLeader, leader elected after 5197ms
2019-09-11 05:23:17,868 [898294ac-8be2-4fe7-97bd-ef7091906e13@group-9E86F654D414:LeaderElection22] INFO  server.RaftServerConfigKeys (ConfUtils.java:logGet(43)) - raft.server.staging.catchup.gap = 1000 (default)
2019-09-11 05:23:17,868 [898294ac-8be2-4fe7-97bd-ef7091906e13@group-9E86F654D414:LeaderElection22] INFO  server.RaftServerConfigKeys (ConfUtils.java:logGet(43)) - raft.server.rpc.sleep.time = 25ms (default)
2019-09-11 05:23:17,868 [898294ac-8be2-4fe7-97bd-ef7091906e13@group-9E86F654D414:LeaderElection22] INFO  server.RaftServerConfigKeys (ConfUtils.java:logGet(43)) - raft.server.write.element-limit = 4096 (default)
2019-09-11 05:23:17,868 [898294ac-8be2-4fe7-97bd-ef7091906e13@group-9E86F654D414:LeaderElection22] INFO  server.RaftServerConfigKeys (ConfUtils.java:logGet(43)) - raft.server.watch.timeout = 10s (default)
2019-09-11 05:23:17,868 [898294ac-8be2-4fe7-97bd-ef7091906e13@group-9E86F654D414:LeaderElection22] INFO  server.RaftServerConfigKeys (ConfUtils.java:logGet(43)) - raft.server.watch.timeout.denomination = 1s (default)
2019-09-11 05:23:17,868 [898294ac-8be2-4fe7-97bd-ef7091906e13@group-9E86F654D414:LeaderElection22] INFO  server.RaftServerConfigKeys (ConfUtils.java:logGet(43)) - raft.server.watch.element-limit = 65536 (default)
2019-09-11 05:23:17,870 [898294ac-8be2-4fe7-97bd-ef7091906e13@group-9E86F654D414:LeaderElection22] INFO  server.RaftServerConfigKeys (ConfUtils.java:logGet(43)) - raft.server.log.appender.snapshot.chunk.size.max = 16MB (=16777216) (default)
2019-09-11 05:23:17,870 [898294ac-8be2-4fe7-97bd-ef7091906e13@group-9E86F654D414:LeaderElection22] INFO  server.RaftServerConfigKeys (ConfUtils.java:logGet(43)) - raft.server.log.appender.buffer.byte-limit = 33554432 (custom)
2019-09-11 05:23:17,871 [898294ac-8be2-4fe7-97bd-ef7091906e13@group-9E86F654D414:LeaderElection22] INFO  server.RaftServerConfigKeys (ConfUtils.java:logGet(43)) - raft.server.log.appender.buffer.element-limit = 1 (custom)
2019-09-11 05:23:17,871 [898294ac-8be2-4fe7-97bd-ef7091906e13@group-9E86F654D414:LeaderElection22] INFO  grpc.GrpcConfigKeys$Server (ConfUtils.java:logGet(43)) - raft.grpc.server.leader.outstanding.appends.max = 128 (default)
2019-09-11 05:23:17,871 [898294ac-8be2-4fe7-97bd-ef7091906e13@group-9E86F654D414:LeaderElection22] INFO  server.RaftServerConfigKeys (ConfUtils.java:logGet(43)) - raft.server.rpc.request.timeout = 3000ms (default)
2019-09-11 05:23:17,871 [898294ac-8be2-4fe7-97bd-ef7091906e13@group-9E86F654D414:LeaderElection22] INFO  server.RaftServerConfigKeys (ConfUtils.java:logGet(43)) - raft.server.log.appender.install.snapshot.enabled = false (custom)
2019-09-11 05:23:17,871 [898294ac-8be2-4fe7-97bd-ef7091906e13@group-9E86F654D414:LeaderElection22] INFO  server.RaftServerConfigKeys (ConfUtils.java:logGet(43)) - raft.server.log.appender.snapshot.chunk.size.max = 16MB (=16777216) (default)
2019-09-11 05:23:17,871 [898294ac-8be2-4fe7-97bd-ef7091906e13@group-9E86F654D414:LeaderElection22] INFO  server.RaftServerConfigKeys (ConfUtils.java:logGet(43)) - raft.server.log.appender.buffer.byte-limit = 33554432 (custom)
2019-09-11 05:23:17,871 [898294ac-8be2-4fe7-97bd-ef7091906e13@group-9E86F654D414:LeaderElection22] INFO  server.RaftServerConfigKeys (ConfUtils.java:logGet(43)) - raft.server.log.appender.buffer.element-limit = 1 (custom)
2019-09-11 05:23:17,872 [898294ac-8be2-4fe7-97bd-ef7091906e13@group-9E86F654D414:LeaderElection22] INFO  grpc.GrpcConfigKeys$Server (ConfUtils.java:logGet(43)) - raft.grpc.server.leader.outstanding.appends.max = 128 (default)
2019-09-11 05:23:17,872 [898294ac-8be2-4fe7-97bd-ef7091906e13@group-9E86F654D414:LeaderElection22] INFO  server.RaftServerConfigKeys (ConfUtils.java:logGet(43)) - raft.server.rpc.request.timeout = 3000ms (default)
2019-09-11 05:23:17,872 [898294ac-8be2-4fe7-97bd-ef7091906e13@group-9E86F654D414:LeaderElection22] INFO  server.RaftServerConfigKeys (ConfUtils.java:logGet(43)) - raft.server.log.appender.install.snapshot.enabled = false (custom)
2019-09-11 05:23:17,872 [898294ac-8be2-4fe7-97bd-ef7091906e13@group-9E86F654D414:LeaderElection22] INFO  impl.RoleInfo (RoleInfo.java:updateAndGet(143)) - 898294ac-8be2-4fe7-97bd-ef7091906e13: start LeaderState
2019-09-11 05:23:17,872 [898294ac-8be2-4fe7-97bd-ef7091906e13@group-9E86F654D414:LeaderElection22] INFO  segmented.SegmentedRaftLogWorker (SegmentedRaftLogWorker.java:startLogSegment(380)) - 898294ac-8be2-4fe7-97bd-ef7091906e13@group-9E86F654D414-SegmentedRaftLogWorker: Starting segment from index:0
2019-09-11 05:23:17,873 [898294ac-8be2-4fe7-97bd-ef7091906e13@group-9E86F654D414:LeaderElection22] INFO  impl.RaftServerImpl (ServerState.java:setRaftConf(354)) - 898294ac-8be2-4fe7-97bd-ef7091906e13@group-9E86F654D414: set configuration 0: [a35bc888-e8ef-4bf5-8540-2f9e42242cb6:192.168.36.125:38214, df817b81-633c-4047-a5d9-a1ed1747652a:192.168.36.125:35607, 898294ac-8be2-4fe7-97bd-ef7091906e13:192.168.36.125:38039], old=null at 0
2019-09-11 05:23:17,898 [grpc-default-executor-3] INFO  impl.RaftServerImpl (ServerState.java:setLeader(253)) - a35bc888-e8ef-4bf5-8540-2f9e42242cb6@group-9E86F654D414: change Leader from null to 898294ac-8be2-4fe7-97bd-ef7091906e13 at term 1 for appendEntries, leader elected after 5227ms
2019-09-11 05:23:17,899 [4fcbdd63-8378-4c91-8c19-35bef64986a6@group-5A0608164A7C-SegmentedRaftLogWorker] INFO  segmented.SegmentedRaftLogWorker (SegmentedRaftLogWorker.java:execute(569)) - 4fcbdd63-8378-4c91-8c19-35bef64986a6@group-5A0608164A7C-SegmentedRaftLogWorker: created new log segment /workdir/hadoop-ozone/integration-test/target/test-dir/MiniOzoneClusterImpl-293f29a2-6a00-4c6f-b8d4-f95033339b2e/datanode-5/data/ratis/f5b94c6b-7087-4f2f-a73f-5a0608164a7c/current/log_inprogress_0
2019-09-11 05:23:17,901 [grpc-default-executor-4] INFO  impl.RaftServerImpl (ServerState.java:setLeader(253)) - df817b81-633c-4047-a5d9-a1ed1747652a@group-9E86F654D414: change Leader from null to 898294ac-8be2-4fe7-97bd-ef7091906e13 at term 1 for appendEntries, leader elected after 5230ms
2019-09-11 05:23:17,906 [grpc-default-executor-3] INFO  impl.RaftServerImpl (ServerState.java:setRaftConf(354)) - df817b81-633c-4047-a5d9-a1ed1747652a@group-9E86F654D414: set configuration 0: [a35bc888-e8ef-4bf5-8540-2f9e42242cb6:192.168.36.125:38214, df817b81-633c-4047-a5d9-a1ed1747652a:192.168.36.125:35607, 898294ac-8be2-4fe7-97bd-ef7091906e13:192.168.36.125:38039], old=null at 0
2019-09-11 05:23:17,906 [grpc-default-executor-3] INFO  segmented.SegmentedRaftLogWorker (SegmentedRaftLogWorker.java:startLogSegment(380)) - df817b81-633c-4047-a5d9-a1ed1747652a@group-9E86F654D414-SegmentedRaftLogWorker: Starting segment from index:0
2019-09-11 05:23:17,906 [grpc-default-executor-4] INFO  impl.RaftServerImpl (ServerState.java:setRaftConf(354)) - a35bc888-e8ef-4bf5-8540-2f9e42242cb6@group-9E86F654D414: set configuration 0: [a35bc888-e8ef-4bf5-8540-2f9e42242cb6:192.168.36.125:38214, df817b81-633c-4047-a5d9-a1ed1747652a:192.168.36.125:35607, 898294ac-8be2-4fe7-97bd-ef7091906e13:192.168.36.125:38039], old=null at 0
2019-09-11 05:23:17,906 [grpc-default-executor-4] INFO  segmented.SegmentedRaftLogWorker (SegmentedRaftLogWorker.java:startLogSegment(380)) - a35bc888-e8ef-4bf5-8540-2f9e42242cb6@group-9E86F654D414-SegmentedRaftLogWorker: Starting segment from index:0
2019-09-11 05:23:17,935 [898294ac-8be2-4fe7-97bd-ef7091906e13@group-9E86F654D414-SegmentedRaftLogWorker] INFO  segmented.SegmentedRaftLogWorker (SegmentedRaftLogWorker.java:execute(569)) - 898294ac-8be2-4fe7-97bd-ef7091906e13@group-9E86F654D414-SegmentedRaftLogWorker: created new log segment /workdir/hadoop-ozone/integration-test/target/test-dir/MiniOzoneClusterImpl-293f29a2-6a00-4c6f-b8d4-f95033339b2e/datanode-3/data/ratis/6ba034ac-1e8a-4738-933c-9e86f654d414/current/log_inprogress_0
2019-09-11 05:23:17,939 [grpc-default-executor-4] INFO  client.GrpcClientProtocolClient (GrpcClientProtocolClient.java:onNext(264)) - client-7D66C95EED4C->a35bc888-e8ef-4bf5-8540-2f9e42242cb6: receive RaftClientReply:client-7D66C95EED4C->a35bc888-e8ef-4bf5-8540-2f9e42242cb6@group-9E86F654D414, cid=42, FAILED org.apache.ratis.protocol.NotLeaderException: Server a35bc888-e8ef-4bf5-8540-2f9e42242cb6@group-9E86F654D414 is not the leader 898294ac-8be2-4fe7-97bd-ef7091906e13:192.168.36.125:38039, logIndex=0, commits[a35bc888-e8ef-4bf5-8540-2f9e42242cb6:c-1, df817b81-633c-4047-a5d9-a1ed1747652a:c-1, 898294ac-8be2-4fe7-97bd-ef7091906e13:c-1]
2019-09-11 05:23:17,948 [df817b81-633c-4047-a5d9-a1ed1747652a@group-9E86F654D414-SegmentedRaftLogWorker] INFO  segmented.SegmentedRaftLogWorker (SegmentedRaftLogWorker.java:execute(569)) - df817b81-633c-4047-a5d9-a1ed1747652a@group-9E86F654D414-SegmentedRaftLogWorker: created new log segment /workdir/hadoop-ozone/integration-test/target/test-dir/MiniOzoneClusterImpl-293f29a2-6a00-4c6f-b8d4-f95033339b2e/datanode-6/data/ratis/6ba034ac-1e8a-4738-933c-9e86f654d414/current/log_inprogress_0
2019-09-11 05:23:17,948 [a35bc888-e8ef-4bf5-8540-2f9e42242cb6@group-9E86F654D414-SegmentedRaftLogWorker] INFO  segmented.SegmentedRaftLogWorker (SegmentedRaftLogWorker.java:execute(569)) - a35bc888-e8ef-4bf5-8540-2f9e42242cb6@group-9E86F654D414-SegmentedRaftLogWorker: created new log segment /workdir/hadoop-ozone/integration-test/target/test-dir/MiniOzoneClusterImpl-293f29a2-6a00-4c6f-b8d4-f95033339b2e/datanode-4/data/ratis/6ba034ac-1e8a-4738-933c-9e86f654d414/current/log_inprogress_0
2019-09-11 05:23:18,044 [grpc-default-executor-4] INFO  client.GrpcClientProtocolClient (GrpcClientProtocolClient.java:onNext(264)) - client-7D66C95EED4C->898294ac-8be2-4fe7-97bd-ef7091906e13: receive RaftClientReply:client-7D66C95EED4C->898294ac-8be2-4fe7-97bd-ef7091906e13@group-9E86F654D414, cid=42, SUCCESS, logIndex=1, commits[898294ac-8be2-4fe7-97bd-ef7091906e13:c2, a35bc888-e8ef-4bf5-8540-2f9e42242cb6:c1, df817b81-633c-4047-a5d9-a1ed1747652a:c1]
2019-09-11 05:23:18,204 [grpc-default-executor-3] INFO  client.GrpcClientProtocolClient (GrpcClientProtocolClient.java:onNext(264)) - client-7D66C95EED4C->898294ac-8be2-4fe7-97bd-ef7091906e13: receive RaftClientReply:client-7D66C95EED4C->898294ac-8be2-4fe7-97bd-ef7091906e13@group-9E86F654D414, cid=43, SUCCESS, logIndex=3, commits[898294ac-8be2-4fe7-97bd-ef7091906e13:c4, a35bc888-e8ef-4bf5-8540-2f9e42242cb6:c3, df817b81-633c-4047-a5d9-a1ed1747652a:c3]
2019-09-11 05:23:18,293 [grpc-default-executor-3] INFO  client.GrpcClientProtocolClient (GrpcClientProtocolClient.java:onNext(264)) - client-7D66C95EED4C->898294ac-8be2-4fe7-97bd-ef7091906e13: receive RaftClientReply:client-7D66C95EED4C->898294ac-8be2-4fe7-97bd-ef7091906e13@group-9E86F654D414, cid=44, SUCCESS, logIndex=5, commits[898294ac-8be2-4fe7-97bd-ef7091906e13:c6, a35bc888-e8ef-4bf5-8540-2f9e42242cb6:c5, df817b81-633c-4047-a5d9-a1ed1747652a:c5]
2019-09-11 05:23:23,340 [grpc-default-executor-3] INFO  client.GrpcClientProtocolClient (GrpcClientProtocolClient.java:onNext(264)) - client-7D66C95EED4C->df817b81-633c-4047-a5d9-a1ed1747652a: receive RaftClientReply:client-7D66C95EED4C->df817b81-633c-4047-a5d9-a1ed1747652a@group-9E86F654D414, cid=45, FAILED org.apache.ratis.protocol.NotLeaderException: Server df817b81-633c-4047-a5d9-a1ed1747652a@group-9E86F654D414 is not the leader 898294ac-8be2-4fe7-97bd-ef7091906e13:192.168.36.125:38039, logIndex=0, commits[df817b81-633c-4047-a5d9-a1ed1747652a:c8, a35bc888-e8ef-4bf5-8540-2f9e42242cb6:c8, 898294ac-8be2-4fe7-97bd-ef7091906e13:c8]
2019-09-11 05:23:28,383 [grpc-default-executor-3] INFO  client.GrpcClientProtocolClient (GrpcClientProtocolClient.java:onNext(264)) - client-7D66C95EED4C->a35bc888-e8ef-4bf5-8540-2f9e42242cb6: receive RaftClientReply:client-7D66C95EED4C->a35bc888-e8ef-4bf5-8540-2f9e42242cb6@group-9E86F654D414, cid=45, FAILED org.apache.ratis.protocol.NotLeaderException: Server a35bc888-e8ef-4bf5-8540-2f9e42242cb6@group-9E86F654D414 is not the leader 898294ac-8be2-4fe7-97bd-ef7091906e13:192.168.36.125:38039, logIndex=0, commits[a35bc888-e8ef-4bf5-8540-2f9e42242cb6:c8, df817b81-633c-4047-a5d9-a1ed1747652a:c8, 898294ac-8be2-4fe7-97bd-ef7091906e13:c8]
2019-09-11 05:23:33,447 [grpc-default-executor-4] INFO  client.GrpcClientProtocolClient (GrpcClientProtocolClient.java:onNext(264)) - client-7D66C95EED4C->df817b81-633c-4047-a5d9-a1ed1747652a: receive RaftClientReply:client-7D66C95EED4C->df817b81-633c-4047-a5d9-a1ed1747652a@group-9E86F654D414, cid=45, FAILED org.apache.ratis.protocol.NotLeaderException: Server df817b81-633c-4047-a5d9-a1ed1747652a@group-9E86F654D414 is not the leader 898294ac-8be2-4fe7-97bd-ef7091906e13:192.168.36.125:38039, logIndex=0, commits[df817b81-633c-4047-a5d9-a1ed1747652a:c8, a35bc888-e8ef-4bf5-8540-2f9e42242cb6:c8, 898294ac-8be2-4fe7-97bd-ef7091906e13:c8]
2019-09-11 05:23:38,505 [grpc-default-executor-4] INFO  client.GrpcClientProtocolClient (GrpcClientProtocolClient.java:onNext(264)) - client-7D66C95EED4C->a35bc888-e8ef-4bf5-8540-2f9e42242cb6: receive RaftClientReply:client-7D66C95EED4C->a35bc888-e8ef-4bf5-8540-2f9e42242cb6@group-9E86F654D414, cid=45, FAILED org.apache.ratis.protocol.NotLeaderException: Server a35bc888-e8ef-4bf5-8540-2f9e42242cb6@group-9E86F654D414 is not the leader 898294ac-8be2-4fe7-97bd-ef7091906e13:192.168.36.125:38039, logIndex=0, commits[a35bc888-e8ef-4bf5-8540-2f9e42242cb6:c8, df817b81-633c-4047-a5d9-a1ed1747652a:c8, 898294ac-8be2-4fe7-97bd-ef7091906e13:c8]
2019-09-11 05:23:43,545 [grpc-default-executor-4] INFO  client.GrpcClientProtocolClient (GrpcClientProtocolClient.java:onNext(264)) - client-7D66C95EED4C->a35bc888-e8ef-4bf5-8540-2f9e42242cb6: receive RaftClientReply:client-7D66C95EED4C->a35bc888-e8ef-4bf5-8540-2f9e42242cb6@group-9E86F654D414, cid=45, FAILED org.apache.ratis.protocol.NotLeaderException: Server a35bc888-e8ef-4bf5-8540-2f9e42242cb6@group-9E86F654D414 is not the leader 898294ac-8be2-4fe7-97bd-ef7091906e13:192.168.36.125:38039, logIndex=0, commits[a35bc888-e8ef-4bf5-8540-2f9e42242cb6:c8, df817b81-633c-4047-a5d9-a1ed1747652a:c8, 898294ac-8be2-4fe7-97bd-ef7091906e13:c8]
2019-09-11 05:23:48,600 [grpc-default-executor-0] INFO  client.GrpcClientProtocolClient (GrpcClientProtocolClient.java:onNext(264)) - client-7D66C95EED4C->a35bc888-e8ef-4bf5-8540-2f9e42242cb6: receive RaftClientReply:client-7D66C95EED4C->a35bc888-e8ef-4bf5-8540-2f9e42242cb6@group-9E86F654D414, cid=45, FAILED org.apache.ratis.protocol.NotLeaderException: Server a35bc888-e8ef-4bf5-8540-2f9e42242cb6@group-9E86F654D414 is not the leader 898294ac-8be2-4fe7-97bd-ef7091906e13:192.168.36.125:38039, logIndex=0, commits[a35bc888-e8ef-4bf5-8540-2f9e42242cb6:c8, df817b81-633c-4047-a5d9-a1ed1747652a:c8, 898294ac-8be2-4fe7-97bd-ef7091906e13:c8]
2019-09-11 05:23:53,658 [grpc-default-executor-0] INFO  client.GrpcClientProtocolClient (GrpcClientProtocolClient.java:onNext(264)) - client-7D66C95EED4C->a35bc888-e8ef-4bf5-8540-2f9e42242cb6: receive RaftClientReply:client-7D66C95EED4C->a35bc888-e8ef-4bf5-8540-2f9e42242cb6@group-9E86F654D414, cid=45, FAILED org.apache.ratis.protocol.NotLeaderException: Server a35bc888-e8ef-4bf5-8540-2f9e42242cb6@group-9E86F654D414 is not the leader 898294ac-8be2-4fe7-97bd-ef7091906e13:192.168.36.125:38039, logIndex=0, commits[a35bc888-e8ef-4bf5-8540-2f9e42242cb6:c8, df817b81-633c-4047-a5d9-a1ed1747652a:c8, 898294ac-8be2-4fe7-97bd-ef7091906e13:c8]
2019-09-11 05:23:58,708 [grpc-default-executor-0] INFO  client.GrpcClientProtocolClient (GrpcClientProtocolClient.java:onNext(264)) - client-7D66C95EED4C->df817b81-633c-4047-a5d9-a1ed1747652a: receive RaftClientReply:client-7D66C95EED4C->df817b81-633c-4047-a5d9-a1ed1747652a@group-9E86F654D414, cid=45, FAILED org.apache.ratis.protocol.NotLeaderException: Server df817b81-633c-4047-a5d9-a1ed1747652a@group-9E86F654D414 is not the leader 898294ac-8be2-4fe7-97bd-ef7091906e13:192.168.36.125:38039, logIndex=0, commits[df817b81-633c-4047-a5d9-a1ed1747652a:c8, a35bc888-e8ef-4bf5-8540-2f9e42242cb6:c8, 898294ac-8be2-4fe7-97bd-ef7091906e13:c8]
2019-09-11 05:24:04,028 [grpc-default-executor-0] INFO  client.GrpcClientProtocolClient (GrpcClientProtocolClient.java:onNext(264)) - client-7D66C95EED4C->a35bc888-e8ef-4bf5-8540-2f9e42242cb6: receive RaftClientReply:client-7D66C95EED4C->a35bc888-e8ef-4bf5-8540-2f9e42242cb6@group-9E86F654D414, cid=45, FAILED org.apache.ratis.protocol.NotLeaderException: Server a35bc888-e8ef-4bf5-8540-2f9e42242cb6@group-9E86F654D414 is not the leader 898294ac-8be2-4fe7-97bd-ef7091906e13:192.168.36.125:38039, logIndex=0, commits[a35bc888-e8ef-4bf5-8540-2f9e42242cb6:c8, df817b81-633c-4047-a5d9-a1ed1747652a:c8, 898294ac-8be2-4fe7-97bd-ef7091906e13:c8]
2019-09-11 05:24:09,073 [grpc-default-executor-4] INFO  client.GrpcClientProtocolClient (GrpcClientProtocolClient.java:onNext(264)) - client-7D66C95EED4C->df817b81-633c-4047-a5d9-a1ed1747652a: receive RaftClientReply:client-7D66C95EED4C->df817b81-633c-4047-a5d9-a1ed1747652a@group-9E86F654D414, cid=45, FAILED org.apache.ratis.protocol.NotLeaderException: Server df817b81-633c-4047-a5d9-a1ed1747652a@group-9E86F654D414 is not the leader 898294ac-8be2-4fe7-97bd-ef7091906e13:192.168.36.125:38039, logIndex=0, commits[df817b81-633c-4047-a5d9-a1ed1747652a:c8, a35bc888-e8ef-4bf5-8540-2f9e42242cb6:c8, 898294ac-8be2-4fe7-97bd-ef7091906e13:c8]
2019-09-11 05:24:14,140 [grpc-default-executor-0] INFO  client.GrpcClientProtocolClient (GrpcClientProtocolClient.java:onNext(264)) - client-7D66C95EED4C->a35bc888-e8ef-4bf5-8540-2f9e42242cb6: receive RaftClientReply:client-7D66C95EED4C->a35bc888-e8ef-4bf5-8540-2f9e42242cb6@group-9E86F654D414, cid=45, FAILED org.apache.ratis.protocol.NotLeaderException: Server a35bc888-e8ef-4bf5-8540-2f9e42242cb6@group-9E86F654D414 is not the leader 898294ac-8be2-4fe7-97bd-ef7091906e13:192.168.36.125:38039, logIndex=0, commits[a35bc888-e8ef-4bf5-8540-2f9e42242cb6:c8, df817b81-633c-4047-a5d9-a1ed1747652a:c8, 898294ac-8be2-4fe7-97bd-ef7091906e13:c8]
2019-09-11 05:24:19,186 [grpc-default-executor-4] INFO  client.GrpcClientProtocolClient (GrpcClientProtocolClient.java:onNext(264)) - client-7D66C95EED4C->a35bc888-e8ef-4bf5-8540-2f9e42242cb6: receive RaftClientReply:client-7D66C95EED4C->a35bc888-e8ef-4bf5-8540-2f9e42242cb6@group-9E86F654D414, cid=45, FAILED org.apache.ratis.protocol.NotLeaderException: Server a35bc888-e8ef-4bf5-8540-2f9e42242cb6@group-9E86F654D414 is not the leader 898294ac-8be2-4fe7-97bd-ef7091906e13:192.168.36.125:38039, logIndex=0, commits[a35bc888-e8ef-4bf5-8540-2f9e42242cb6:c8, df817b81-633c-4047-a5d9-a1ed1747652a:c8, 898294ac-8be2-4fe7-97bd-ef7091906e13:c8]
2019-09-11 05:24:24,236 [grpc-default-executor-0] INFO  client.GrpcClientProtocolClient (GrpcClientProtocolClient.java:onNext(264)) - client-7D66C95EED4C->df817b81-633c-4047-a5d9-a1ed1747652a: receive RaftClientReply:client-7D66C95EED4C->df817b81-633c-4047-a5d9-a1ed1747652a@group-9E86F654D414, cid=45, FAILED org.apache.ratis.protocol.NotLeaderException: Server df817b81-633c-4047-a5d9-a1ed1747652a@group-9E86F654D414 is not the leader 898294ac-8be2-4fe7-97bd-ef7091906e13:192.168.36.125:38039, logIndex=0, commits[df817b81-633c-4047-a5d9-a1ed1747652a:c8, a35bc888-e8ef-4bf5-8540-2f9e42242cb6:c8, 898294ac-8be2-4fe7-97bd-ef7091906e13:c8]
2019-09-11 05:24:29,292 [grpc-default-executor-0] INFO  client.GrpcClientProtocolClient (GrpcClientProtocolClient.java:onNext(264)) - client-7D66C95EED4C->a35bc888-e8ef-4bf5-8540-2f9e42242cb6: receive RaftClientReply:client-7D66C95EED4C->a35bc888-e8ef-4bf5-8540-2f9e42242cb6@group-9E86F654D414, cid=45, FAILED org.apache.ratis.protocol.NotLeaderException: Server a35bc888-e8ef-4bf5-8540-2f9e42242cb6@group-9E86F654D414 is not the leader 898294ac-8be2-4fe7-97bd-ef7091906e13:192.168.36.125:38039, logIndex=0, commits[a35bc888-e8ef-4bf5-8540-2f9e42242cb6:c8, df817b81-633c-4047-a5d9-a1ed1747652a:c8, 898294ac-8be2-4fe7-97bd-ef7091906e13:c8]
2019-09-11 05:24:34,360 [grpc-default-executor-4] INFO  client.GrpcClientProtocolClient (GrpcClientProtocolClient.java:onNext(264)) - client-7D66C95EED4C->a35bc888-e8ef-4bf5-8540-2f9e42242cb6: receive RaftClientReply:client-7D66C95EED4C->a35bc888-e8ef-4bf5-8540-2f9e42242cb6@group-9E86F654D414, cid=45, FAILED org.apache.ratis.protocol.NotLeaderException: Server a35bc888-e8ef-4bf5-8540-2f9e42242cb6@group-9E86F654D414 is not the leader 898294ac-8be2-4fe7-97bd-ef7091906e13:192.168.36.125:38039, logIndex=0, commits[a35bc888-e8ef-4bf5-8540-2f9e42242cb6:c8, df817b81-633c-4047-a5d9-a1ed1747652a:c8, 898294ac-8be2-4fe7-97bd-ef7091906e13:c8]
2019-09-11 05:24:39,405 [grpc-default-executor-0] INFO  client.GrpcClientProtocolClient (GrpcClientProtocolClient.java:onNext(264)) - client-7D66C95EED4C->df817b81-633c-4047-a5d9-a1ed1747652a: receive RaftClientReply:client-7D66C95EED4C->df817b81-633c-4047-a5d9-a1ed1747652a@group-9E86F654D414, cid=45, FAILED org.apache.ratis.protocol.NotLeaderException: Server df817b81-633c-4047-a5d9-a1ed1747652a@group-9E86F654D414 is not the leader 898294ac-8be2-4fe7-97bd-ef7091906e13:192.168.36.125:38039, logIndex=0, commits[df817b81-633c-4047-a5d9-a1ed1747652a:c8, a35bc888-e8ef-4bf5-8540-2f9e42242cb6:c8, 898294ac-8be2-4fe7-97bd-ef7091906e13:c8]
2019-09-11 05:24:44,460 [grpc-default-executor-4] INFO  client.GrpcClientProtocolClient (GrpcClientProtocolClient.java:onNext(264)) - client-7D66C95EED4C->a35bc888-e8ef-4bf5-8540-2f9e42242cb6: receive RaftClientReply:client-7D66C95EED4C->a35bc888-e8ef-4bf5-8540-2f9e42242cb6@group-9E86F654D414, cid=45, FAILED org.apache.ratis.protocol.NotLeaderException: Server a35bc888-e8ef-4bf5-8540-2f9e42242cb6@group-9E86F654D414 is not the leader 898294ac-8be2-4fe7-97bd-ef7091906e13:192.168.36.125:38039, logIndex=0, commits[a35bc888-e8ef-4bf5-8540-2f9e42242cb6:c8, df817b81-633c-4047-a5d9-a1ed1747652a:c8, 898294ac-8be2-4fe7-97bd-ef7091906e13:c8]
2019-09-11 05:24:49,538 [grpc-default-executor-4] INFO  client.GrpcClientProtocolClient (GrpcClientProtocolClient.java:onNext(264)) - client-7D66C95EED4C->a35bc888-e8ef-4bf5-8540-2f9e42242cb6: receive RaftClientReply:client-7D66C95EED4C->a35bc888-e8ef-4bf5-8540-2f9e42242cb6@group-9E86F654D414, cid=45, FAILED org.apache.ratis.protocol.NotLeaderException: Server a35bc888-e8ef-4bf5-8540-2f9e42242cb6@group-9E86F654D414 is not the leader 898294ac-8be2-4fe7-97bd-ef7091906e13:192.168.36.125:38039, logIndex=0, commits[a35bc888-e8ef-4bf5-8540-2f9e42242cb6:c8, df817b81-633c-4047-a5d9-a1ed1747652a:c8, 898294ac-8be2-4fe7-97bd-ef7091906e13:c8]
2019-09-11 05:24:54,597 [grpc-default-executor-6] INFO  client.GrpcClientProtocolClient (GrpcClientProtocolClient.java:onNext(264)) - client-7D66C95EED4C->df817b81-633c-4047-a5d9-a1ed1747652a: receive RaftClientReply:client-7D66C95EED4C->df817b81-633c-4047-a5d9-a1ed1747652a@group-9E86F654D414, cid=45, FAILED org.apache.ratis.protocol.NotLeaderException: Server df817b81-633c-4047-a5d9-a1ed1747652a@group-9E86F654D414 is not the leader 898294ac-8be2-4fe7-97bd-ef7091906e13:192.168.36.125:38039, logIndex=0, commits[df817b81-633c-4047-a5d9-a1ed1747652a:c8, a35bc888-e8ef-4bf5-8540-2f9e42242cb6:c8, 898294ac-8be2-4fe7-97bd-ef7091906e13:c8]
2019-09-11 05:24:59,659 [grpc-default-executor-4] INFO  client.GrpcClientProtocolClient (GrpcClientProtocolClient.java:onNext(264)) - client-7D66C95EED4C->df817b81-633c-4047-a5d9-a1ed1747652a: receive RaftClientReply:client-7D66C95EED4C->df817b81-633c-4047-a5d9-a1ed1747652a@group-9E86F654D414, cid=45, FAILED org.apache.ratis.protocol.NotLeaderException: Server df817b81-633c-4047-a5d9-a1ed1747652a@group-9E86F654D414 is not the leader 898294ac-8be2-4fe7-97bd-ef7091906e13:192.168.36.125:38039, logIndex=0, commits[df817b81-633c-4047-a5d9-a1ed1747652a:c8, a35bc888-e8ef-4bf5-8540-2f9e42242cb6:c8, 898294ac-8be2-4fe7-97bd-ef7091906e13:c8]
2019-09-11 05:25:04,715 [grpc-default-executor-6] INFO  client.GrpcClientProtocolClient (GrpcClientProtocolClient.java:onNext(264)) - client-7D66C95EED4C->a35bc888-e8ef-4bf5-8540-2f9e42242cb6: receive RaftClientReply:client-7D66C95EED4C->a35bc888-e8ef-4bf5-8540-2f9e42242cb6@group-9E86F654D414, cid=45, FAILED org.apache.ratis.protocol.NotLeaderException: Server a35bc888-e8ef-4bf5-8540-2f9e42242cb6@group-9E86F654D414 is not the leader 898294ac-8be2-4fe7-97bd-ef7091906e13:192.168.36.125:38039, logIndex=0, commits[a35bc888-e8ef-4bf5-8540-2f9e42242cb6:c8, df817b81-633c-4047-a5d9-a1ed1747652a:c8, 898294ac-8be2-4fe7-97bd-ef7091906e13:c8]
2019-09-11 05:25:09,790 [grpc-default-executor-6] INFO  client.GrpcClientProtocolClient (GrpcClientProtocolClient.java:onNext(264)) - client-7D66C95EED4C->a35bc888-e8ef-4bf5-8540-2f9e42242cb6: receive RaftClientReply:client-7D66C95EED4C->a35bc888-e8ef-4bf5-8540-2f9e42242cb6@group-9E86F654D414, cid=45, FAILED org.apache.ratis.protocol.NotLeaderException: Server a35bc888-e8ef-4bf5-8540-2f9e42242cb6@group-9E86F654D414 is not the leader 898294ac-8be2-4fe7-97bd-ef7091906e13:192.168.36.125:38039, logIndex=0, commits[a35bc888-e8ef-4bf5-8540-2f9e42242cb6:c8, df817b81-633c-4047-a5d9-a1ed1747652a:c8, 898294ac-8be2-4fe7-97bd-ef7091906e13:c8]
2019-09-11 05:25:14,841 [grpc-default-executor-6] INFO  client.GrpcClientProtocolClient (GrpcClientProtocolClient.java:onNext(264)) - client-7D66C95EED4C->df817b81-633c-4047-a5d9-a1ed1747652a: receive RaftClientReply:client-7D66C95EED4C->df817b81-633c-4047-a5d9-a1ed1747652a@group-9E86F654D414, cid=45, FAILED org.apache.ratis.protocol.NotLeaderException: Server df817b81-633c-4047-a5d9-a1ed1747652a@group-9E86F654D414 is not the leader 898294ac-8be2-4fe7-97bd-ef7091906e13:192.168.36.125:38039, logIndex=0, commits[df817b81-633c-4047-a5d9-a1ed1747652a:c8, a35bc888-e8ef-4bf5-8540-2f9e42242cb6:c8, 898294ac-8be2-4fe7-97bd-ef7091906e13:c8]
2019-09-11 05:25:19,890 [grpc-default-executor-6] INFO  client.GrpcClientProtocolClient (GrpcClientProtocolClient.java:onNext(264)) - client-7D66C95EED4C->df817b81-633c-4047-a5d9-a1ed1747652a: receive RaftClientReply:client-7D66C95EED4C->df817b81-633c-4047-a5d9-a1ed1747652a@group-9E86F654D414, cid=45, FAILED org.apache.ratis.protocol.NotLeaderException: Server df817b81-633c-4047-a5d9-a1ed1747652a@group-9E86F654D414 is not the leader 898294ac-8be2-4fe7-97bd-ef7091906e13:192.168.36.125:38039, logIndex=0, commits[df817b81-633c-4047-a5d9-a1ed1747652a:c8, a35bc888-e8ef-4bf5-8540-2f9e42242cb6:c8, 898294ac-8be2-4fe7-97bd-ef7091906e13:c8]
2019-09-11 05:25:24,962 [grpc-default-executor-4] INFO  client.GrpcClientProtocolClient (GrpcClientProtocolClient.java:onNext(264)) - client-7D66C95EED4C->df817b81-633c-4047-a5d9-a1ed1747652a: receive RaftClientReply:client-7D66C95EED4C->df817b81-633c-4047-a5d9-a1ed1747652a@group-9E86F654D414, cid=45, FAILED org.apache.ratis.protocol.NotLeaderException: Server df817b81-633c-4047-a5d9-a1ed1747652a@group-9E86F654D414 is not the leader 898294ac-8be2-4fe7-97bd-ef7091906e13:192.168.36.125:38039, logIndex=0, commits[df817b81-633c-4047-a5d9-a1ed1747652a:c8, a35bc888-e8ef-4bf5-8540-2f9e42242cb6:c8, 898294ac-8be2-4fe7-97bd-ef7091906e13:c8]
2019-09-11 05:25:30,019 [grpc-default-executor-4] INFO  client.GrpcClientProtocolClient (GrpcClientProtocolClient.java:onNext(264)) - client-7D66C95EED4C->df817b81-633c-4047-a5d9-a1ed1747652a: receive RaftClientReply:client-7D66C95EED4C->df817b81-633c-4047-a5d9-a1ed1747652a@group-9E86F654D414, cid=45, FAILED org.apache.ratis.protocol.NotLeaderException: Server df817b81-633c-4047-a5d9-a1ed1747652a@group-9E86F654D414 is not the leader 898294ac-8be2-4fe7-97bd-ef7091906e13:192.168.36.125:38039, logIndex=0, commits[df817b81-633c-4047-a5d9-a1ed1747652a:c8, a35bc888-e8ef-4bf5-8540-2f9e42242cb6:c8, 898294ac-8be2-4fe7-97bd-ef7091906e13:c8]
2019-09-11 05:25:35,068 [grpc-default-executor-6] INFO  client.GrpcClientProtocolClient (GrpcClientProtocolClient.java:onNext(264)) - client-7D66C95EED4C->a35bc888-e8ef-4bf5-8540-2f9e42242cb6: receive RaftClientReply:client-7D66C95EED4C->a35bc888-e8ef-4bf5-8540-2f9e42242cb6@group-9E86F654D414, cid=45, FAILED org.apache.ratis.protocol.NotLeaderException: Server a35bc888-e8ef-4bf5-8540-2f9e42242cb6@group-9E86F654D414 is not the leader 898294ac-8be2-4fe7-97bd-ef7091906e13:192.168.36.125:38039, logIndex=0, commits[a35bc888-e8ef-4bf5-8540-2f9e42242cb6:c8, df817b81-633c-4047-a5d9-a1ed1747652a:c8, 898294ac-8be2-4fe7-97bd-ef7091906e13:c8]
2019-09-11 05:25:40,120 [grpc-default-executor-0] INFO  client.GrpcClientProtocolClient (GrpcClientProtocolClient.java:onNext(264)) - client-7D66C95EED4C->a35bc888-e8ef-4bf5-8540-2f9e42242cb6: receive RaftClientReply:client-7D66C95EED4C->a35bc888-e8ef-4bf5-8540-2f9e42242cb6@group-9E86F654D414, cid=45, FAILED org.apache.ratis.protocol.NotLeaderException: Server a35bc888-e8ef-4bf5-8540-2f9e42242cb6@group-9E86F654D414 is not the leader 898294ac-8be2-4fe7-97bd-ef7091906e13:192.168.36.125:38039, logIndex=0, commits[a35bc888-e8ef-4bf5-8540-2f9e42242cb6:c8, df817b81-633c-4047-a5d9-a1ed1747652a:c8, 898294ac-8be2-4fe7-97bd-ef7091906e13:c8]
2019-09-11 05:25:45,168 [grpc-default-executor-0] INFO  client.GrpcClientProtocolClient (GrpcClientProtocolClient.java:onNext(264)) - client-7D66C95EED4C->df817b81-633c-4047-a5d9-a1ed1747652a: receive RaftClientReply:client-7D66C95EED4C->df817b81-633c-4047-a5d9-a1ed1747652a@group-9E86F654D414, cid=45, FAILED org.apache.ratis.protocol.NotLeaderException: Server df817b81-633c-4047-a5d9-a1ed1747652a@group-9E86F654D414 is not the leader 898294ac-8be2-4fe7-97bd-ef7091906e13:192.168.36.125:38039, logIndex=0, commits[df817b81-633c-4047-a5d9-a1ed1747652a:c8, a35bc888-e8ef-4bf5-8540-2f9e42242cb6:c8, 898294ac-8be2-4fe7-97bd-ef7091906e13:c8]
2019-09-11 05:25:50,215 [grpc-default-executor-4] INFO  client.GrpcClientProtocolClient (GrpcClientProtocolClient.java:onNext(264)) - client-7D66C95EED4C->df817b81-633c-4047-a5d9-a1ed1747652a: receive RaftClientReply:client-7D66C95EED4C->df817b81-633c-4047-a5d9-a1ed1747652a@group-9E86F654D414, cid=45, FAILED org.apache.ratis.protocol.NotLeaderException: Server df817b81-633c-4047-a5d9-a1ed1747652a@group-9E86F654D414 is not the leader 898294ac-8be2-4fe7-97bd-ef7091906e13:192.168.36.125:38039, logIndex=0, commits[df817b81-633c-4047-a5d9-a1ed1747652a:c8, a35bc888-e8ef-4bf5-8540-2f9e42242cb6:c8, 898294ac-8be2-4fe7-97bd-ef7091906e13:c8]
2019-09-11 05:25:55,262 [grpc-default-executor-6] INFO  client.GrpcClientProtocolClient (GrpcClientProtocolClient.java:onNext(264)) - client-7D66C95EED4C->a35bc888-e8ef-4bf5-8540-2f9e42242cb6: receive RaftClientReply:client-7D66C95EED4C->a35bc888-e8ef-4bf5-8540-2f9e42242cb6@group-9E86F654D414, cid=45, FAILED org.apache.ratis.protocol.NotLeaderException: Server a35bc888-e8ef-4bf5-8540-2f9e42242cb6@group-9E86F654D414 is not the leader 898294ac-8be2-4fe7-97bd-ef7091906e13:192.168.36.125:38039, logIndex=0, commits[a35bc888-e8ef-4bf5-8540-2f9e42242cb6:c8, df817b81-633c-4047-a5d9-a1ed1747652a:c8, 898294ac-8be2-4fe7-97bd-ef7091906e13:c8]
2019-09-11 05:26:00,334 [grpc-default-executor-6] INFO  client.GrpcClientProtocolClient (GrpcClientProtocolClient.java:onNext(264)) - client-7D66C95EED4C->df817b81-633c-4047-a5d9-a1ed1747652a: receive RaftClientReply:client-7D66C95EED4C->df817b81-633c-4047-a5d9-a1ed1747652a@group-9E86F654D414, cid=45, FAILED org.apache.ratis.protocol.NotLeaderException: Server df817b81-633c-4047-a5d9-a1ed1747652a@group-9E86F654D414 is not the leader 898294ac-8be2-4fe7-97bd-ef7091906e13:192.168.36.125:38039, logIndex=0, commits[df817b81-633c-4047-a5d9-a1ed1747652a:c8, a35bc888-e8ef-4bf5-8540-2f9e42242cb6:c8, 898294ac-8be2-4fe7-97bd-ef7091906e13:c8]
2019-09-11 05:26:05,387 [grpc-default-executor-0] INFO  client.GrpcClientProtocolClient (GrpcClientProtocolClient.java:onNext(264)) - client-7D66C95EED4C->a35bc888-e8ef-4bf5-8540-2f9e42242cb6: receive RaftClientReply:client-7D66C95EED4C->a35bc888-e8ef-4bf5-8540-2f9e42242cb6@group-9E86F654D414, cid=45, FAILED org.apache.ratis.protocol.NotLeaderException: Server a35bc888-e8ef-4bf5-8540-2f9e42242cb6@group-9E86F654D414 is not the leader 898294ac-8be2-4fe7-97bd-ef7091906e13:192.168.36.125:38039, logIndex=0, commits[a35bc888-e8ef-4bf5-8540-2f9e42242cb6:c8, df817b81-633c-4047-a5d9-a1ed1747652a:c8, 898294ac-8be2-4fe7-97bd-ef7091906e13:c8]
2019-09-11 05:26:10,437 [grpc-default-executor-0] INFO  client.GrpcClientProtocolClient (GrpcClientProtocolClient.java:onNext(264)) - client-7D66C95EED4C->a35bc888-e8ef-4bf5-8540-2f9e42242cb6: receive RaftClientReply:client-7D66C95EED4C->a35bc888-e8ef-4bf5-8540-2f9e42242cb6@group-9E86F654D414, cid=45, FAILED org.apache.ratis.protocol.NotLeaderException: Server a35bc888-e8ef-4bf5-8540-2f9e42242cb6@group-9E86F654D414 is not the leader 898294ac-8be2-4fe7-97bd-ef7091906e13:192.168.36.125:38039, logIndex=0, commits[a35bc888-e8ef-4bf5-8540-2f9e42242cb6:c8, df817b81-633c-4047-a5d9-a1ed1747652a:c8, 898294ac-8be2-4fe7-97bd-ef7091906e13:c8]
2019-09-11 05:26:15,479 [grpc-default-executor-0] INFO  client.GrpcClientProtocolClient (GrpcClientProtocolClient.java:onNext(264)) - client-7D66C95EED4C->df817b81-633c-4047-a5d9-a1ed1747652a: receive RaftClientReply:client-7D66C95EED4C->df817b81-633c-4047-a5d9-a1ed1747652a@group-9E86F654D414, cid=45, FAILED org.apache.ratis.protocol.NotLeaderException: Server df817b81-633c-4047-a5d9-a1ed1747652a@group-9E86F654D414 is not the leader 898294ac-8be2-4fe7-97bd-ef7091906e13:192.168.36.125:38039, logIndex=0, commits[df817b81-633c-4047-a5d9-a1ed1747652a:c8, a35bc888-e8ef-4bf5-8540-2f9e42242cb6:c8, 898294ac-8be2-4fe7-97bd-ef7091906e13:c8]
2019-09-11 05:26:20,523 [grpc-default-executor-6] INFO  client.GrpcClientProtocolClient (GrpcClientProtocolClient.java:onNext(264)) - client-7D66C95EED4C->df817b81-633c-4047-a5d9-a1ed1747652a: receive RaftClientReply:client-7D66C95EED4C->df817b81-633c-4047-a5d9-a1ed1747652a@group-9E86F654D414, cid=45, FAILED org.apache.ratis.protocol.NotLeaderException: Server df817b81-633c-4047-a5d9-a1ed1747652a@group-9E86F654D414 is not the leader 898294ac-8be2-4fe7-97bd-ef7091906e13:192.168.36.125:38039, logIndex=0, commits[df817b81-633c-4047-a5d9-a1ed1747652a:c8, a35bc888-e8ef-4bf5-8540-2f9e42242cb6:c8, 898294ac-8be2-4fe7-97bd-ef7091906e13:c8]
2019-09-11 05:26:25,574 [grpc-default-executor-6] INFO  client.GrpcClientProtocolClient (GrpcClientProtocolClient.java:onNext(264)) - client-7D66C95EED4C->a35bc888-e8ef-4bf5-8540-2f9e42242cb6: receive RaftClientReply:client-7D66C95EED4C->a35bc888-e8ef-4bf5-8540-2f9e42242cb6@group-9E86F654D414, cid=45, FAILED org.apache.ratis.protocol.NotLeaderException: Server a35bc888-e8ef-4bf5-8540-2f9e42242cb6@group-9E86F654D414 is not the leader 898294ac-8be2-4fe7-97bd-ef7091906e13:192.168.36.125:38039, logIndex=0, commits[a35bc888-e8ef-4bf5-8540-2f9e42242cb6:c8, df817b81-633c-4047-a5d9-a1ed1747652a:c8, 898294ac-8be2-4fe7-97bd-ef7091906e13:c8]
2019-09-11 05:26:30,649 [grpc-default-executor-6] INFO  client.GrpcClientProtocolClient (GrpcClientProtocolClient.java:onNext(264)) - client-7D66C95EED4C->df817b81-633c-4047-a5d9-a1ed1747652a: receive RaftClientReply:client-7D66C95EED4C->df817b81-633c-4047-a5d9-a1ed1747652a@group-9E86F654D414, cid=45, FAILED org.apache.ratis.protocol.NotLeaderException: Server df817b81-633c-4047-a5d9-a1ed1747652a@group-9E86F654D414 is not the leader 898294ac-8be2-4fe7-97bd-ef7091906e13:192.168.36.125:38039, logIndex=0, commits[df817b81-633c-4047-a5d9-a1ed1747652a:c8, a35bc888-e8ef-4bf5-8540-2f9e42242cb6:c8, 898294ac-8be2-4fe7-97bd-ef7091906e13:c8]
2019-09-11 05:26:35,694 [grpc-default-executor-0] INFO  client.GrpcClientProtocolClient (GrpcClientProtocolClient.java:onNext(264)) - client-7D66C95EED4C->a35bc888-e8ef-4bf5-8540-2f9e42242cb6: receive RaftClientReply:client-7D66C95EED4C->a35bc888-e8ef-4bf5-8540-2f9e42242cb6@group-9E86F654D414, cid=45, FAILED org.apache.ratis.protocol.NotLeaderException: Server a35bc888-e8ef-4bf5-8540-2f9e42242cb6@group-9E86F654D414 is not the leader 898294ac-8be2-4fe7-97bd-ef7091906e13:192.168.36.125:38039, logIndex=0, commits[a35bc888-e8ef-4bf5-8540-2f9e42242cb6:c8, df817b81-633c-4047-a5d9-a1ed1747652a:c8, 898294ac-8be2-4fe7-97bd-ef7091906e13:c8]
2019-09-11 05:26:40,741 [grpc-default-executor-6] INFO  client.GrpcClientProtocolClient (GrpcClientProtocolClient.java:onNext(264)) - client-7D66C95EED4C->df817b81-633c-4047-a5d9-a1ed1747652a: receive RaftClientReply:client-7D66C95EED4C->df817b81-633c-4047-a5d9-a1ed1747652a@group-9E86F654D414, cid=45, FAILED org.apache.ratis.protocol.NotLeaderException: Server df817b81-633c-4047-a5d9-a1ed1747652a@group-9E86F654D414 is not the leader 898294ac-8be2-4fe7-97bd-ef7091906e13:192.168.36.125:38039, logIndex=0, commits[df817b81-633c-4047-a5d9-a1ed1747652a:c8, a35bc888-e8ef-4bf5-8540-2f9e42242cb6:c8, 898294ac-8be2-4fe7-97bd-ef7091906e13:c8]
2019-09-11 05:26:45,806 [grpc-default-executor-0] INFO  client.GrpcClientProtocolClient (GrpcClientProtocolClient.java:onNext(264)) - client-7D66C95EED4C->df817b81-633c-4047-a5d9-a1ed1747652a: receive RaftClientReply:client-7D66C95EED4C->df817b81-633c-4047-a5d9-a1ed1747652a@group-9E86F654D414, cid=45, FAILED org.apache.ratis.protocol.NotLeaderException: Server df817b81-633c-4047-a5d9-a1ed1747652a@group-9E86F654D414 is not the leader 898294ac-8be2-4fe7-97bd-ef7091906e13:192.168.36.125:38039, logIndex=0, commits[df817b81-633c-4047-a5d9-a1ed1747652a:c8, a35bc888-e8ef-4bf5-8540-2f9e42242cb6:c8, 898294ac-8be2-4fe7-97bd-ef7091906e13:c8]
2019-09-11 05:26:50,864 [grpc-default-executor-6] INFO  client.GrpcClientProtocolClient (GrpcClientProtocolClient.java:onNext(264)) - client-7D66C95EED4C->df817b81-633c-4047-a5d9-a1ed1747652a: receive RaftClientReply:client-7D66C95EED4C->df817b81-633c-4047-a5d9-a1ed1747652a@group-9E86F654D414, cid=45, FAILED org.apache.ratis.protocol.NotLeaderException: Server df817b81-633c-4047-a5d9-a1ed1747652a@group-9E86F654D414 is not the leader 898294ac-8be2-4fe7-97bd-ef7091906e13:192.168.36.125:38039, logIndex=0, commits[df817b81-633c-4047-a5d9-a1ed1747652a:c8, a35bc888-e8ef-4bf5-8540-2f9e42242cb6:c8, 898294ac-8be2-4fe7-97bd-ef7091906e13:c8]
2019-09-11 05:26:55,928 [grpc-default-executor-0] INFO  client.GrpcClientProtocolClient (GrpcClientProtocolClient.java:onNext(264)) - client-7D66C95EED4C->a35bc888-e8ef-4bf5-8540-2f9e42242cb6: receive RaftClientReply:client-7D66C95EED4C->a35bc888-e8ef-4bf5-8540-2f9e42242cb6@group-9E86F654D414, cid=45, FAILED org.apache.ratis.protocol.NotLeaderException: Server a35bc888-e8ef-4bf5-8540-2f9e42242cb6@group-9E86F654D414 is not the leader 898294ac-8be2-4fe7-97bd-ef7091906e13:192.168.36.125:38039, logIndex=0, commits[a35bc888-e8ef-4bf5-8540-2f9e42242cb6:c8, df817b81-633c-4047-a5d9-a1ed1747652a:c8, 898294ac-8be2-4fe7-97bd-ef7091906e13:c8]
2019-09-11 05:27:00,999 [grpc-default-executor-6] INFO  client.GrpcClientProtocolClient (GrpcClientProtocolClient.java:onNext(264)) - client-7D66C95EED4C->a35bc888-e8ef-4bf5-8540-2f9e42242cb6: receive RaftClientReply:client-7D66C95EED4C->a35bc888-e8ef-4bf5-8540-2f9e42242cb6@group-9E86F654D414, cid=45, FAILED org.apache.ratis.protocol.NotLeaderException: Server a35bc888-e8ef-4bf5-8540-2f9e42242cb6@group-9E86F654D414 is not the leader 898294ac-8be2-4fe7-97bd-ef7091906e13:192.168.36.125:38039, logIndex=0, commits[a35bc888-e8ef-4bf5-8540-2f9e42242cb6:c8, df817b81-633c-4047-a5d9-a1ed1747652a:c8, 898294ac-8be2-4fe7-97bd-ef7091906e13:c8]
2019-09-11 05:27:06,051 [grpc-default-executor-6] INFO  client.GrpcClientProtocolClient (GrpcClientProtocolClient.java:onNext(264)) - client-7D66C95EED4C->a35bc888-e8ef-4bf5-8540-2f9e42242cb6: receive RaftClientReply:client-7D66C95EED4C->a35bc888-e8ef-4bf5-8540-2f9e42242cb6@group-9E86F654D414, cid=45, FAILED org.apache.ratis.protocol.NotLeaderException: Server a35bc888-e8ef-4bf5-8540-2f9e42242cb6@group-9E86F654D414 is not the leader 898294ac-8be2-4fe7-97bd-ef7091906e13:192.168.36.125:38039, logIndex=0, commits[a35bc888-e8ef-4bf5-8540-2f9e42242cb6:c8, df817b81-633c-4047-a5d9-a1ed1747652a:c8, 898294ac-8be2-4fe7-97bd-ef7091906e13:c8]
2019-09-11 05:27:11,105 [grpc-default-executor-0] INFO  client.GrpcClientProtocolClient (GrpcClientProtocolClient.java:onNext(264)) - client-7D66C95EED4C->df817b81-633c-4047-a5d9-a1ed1747652a: receive RaftClientReply:client-7D66C95EED4C->df817b81-633c-4047-a5d9-a1ed1747652a@group-9E86F654D414, cid=45, FAILED org.apache.ratis.protocol.NotLeaderException: Server df817b81-633c-4047-a5d9-a1ed1747652a@group-9E86F654D414 is not the leader 898294ac-8be2-4fe7-97bd-ef7091906e13:192.168.36.125:38039, logIndex=0, commits[df817b81-633c-4047-a5d9-a1ed1747652a:c8, a35bc888-e8ef-4bf5-8540-2f9e42242cb6:c8, 898294ac-8be2-4fe7-97bd-ef7091906e13:c8]
2019-09-11 05:27:16,192 [grpc-default-executor-6] INFO  client.GrpcClientProtocolClient (GrpcClientProtocolClient.java:onNext(264)) - client-7D66C95EED4C->a35bc888-e8ef-4bf5-8540-2f9e42242cb6: receive RaftClientReply:client-7D66C95EED4C->a35bc888-e8ef-4bf5-8540-2f9e42242cb6@group-9E86F654D414, cid=45, FAILED org.apache.ratis.protocol.NotLeaderException: Server a35bc888-e8ef-4bf5-8540-2f9e42242cb6@group-9E86F654D414 is not the leader 898294ac-8be2-4fe7-97bd-ef7091906e13:192.168.36.125:38039, logIndex=0, commits[a35bc888-e8ef-4bf5-8540-2f9e42242cb6:c8, df817b81-633c-4047-a5d9-a1ed1747652a:c8, 898294ac-8be2-4fe7-97bd-ef7091906e13:c8]
2019-09-11 05:27:21,238 [grpc-default-executor-6] INFO  client.GrpcClientProtocolClient (GrpcClientProtocolClient.java:onNext(264)) - client-7D66C95EED4C->df817b81-633c-4047-a5d9-a1ed1747652a: receive RaftClientReply:client-7D66C95EED4C->df817b81-633c-4047-a5d9-a1ed1747652a@group-9E86F654D414, cid=45, FAILED org.apache.ratis.protocol.NotLeaderException: Server df817b81-633c-4047-a5d9-a1ed1747652a@group-9E86F654D414 is not the leader 898294ac-8be2-4fe7-97bd-ef7091906e13:192.168.36.125:38039, logIndex=0, commits[df817b81-633c-4047-a5d9-a1ed1747652a:c8, a35bc888-e8ef-4bf5-8540-2f9e42242cb6:c8, 898294ac-8be2-4fe7-97bd-ef7091906e13:c8]
2019-09-11 05:27:26,291 [grpc-default-executor-6] INFO  client.GrpcClientProtocolClient (GrpcClientProtocolClient.java:onNext(264)) - client-7D66C95EED4C->a35bc888-e8ef-4bf5-8540-2f9e42242cb6: receive RaftClientReply:client-7D66C95EED4C->a35bc888-e8ef-4bf5-8540-2f9e42242cb6@group-9E86F654D414, cid=45, FAILED org.apache.ratis.protocol.NotLeaderException: Server a35bc888-e8ef-4bf5-8540-2f9e42242cb6@group-9E86F654D414 is not the leader 898294ac-8be2-4fe7-97bd-ef7091906e13:192.168.36.125:38039, logIndex=0, commits[a35bc888-e8ef-4bf5-8540-2f9e42242cb6:c8, df817b81-633c-4047-a5d9-a1ed1747652a:c8, 898294ac-8be2-4fe7-97bd-ef7091906e13:c8]
2019-09-11 05:27:31,345 [grpc-default-executor-0] INFO  client.GrpcClientProtocolClient (GrpcClientProtocolClient.java:onNext(264)) - client-7D66C95EED4C->df817b81-633c-4047-a5d9-a1ed1747652a: receive RaftClientReply:client-7D66C95EED4C->df817b81-633c-4047-a5d9-a1ed1747652a@group-9E86F654D414, cid=45, FAILED org.apache.ratis.protocol.NotLeaderException: Server df817b81-633c-4047-a5d9-a1ed1747652a@group-9E86F654D414 is not the leader 898294ac-8be2-4fe7-97bd-ef7091906e13:192.168.36.125:38039, logIndex=0, commits[df817b81-633c-4047-a5d9-a1ed1747652a:c8, a35bc888-e8ef-4bf5-8540-2f9e42242cb6:c8, 898294ac-8be2-4fe7-97bd-ef7091906e13:c8]
2019-09-11 05:27:36,386 [grpc-default-executor-6] INFO  client.GrpcClientProtocolClient (GrpcClientProtocolClient.java:onNext(264)) - client-7D66C95EED4C->df817b81-633c-4047-a5d9-a1ed1747652a: receive RaftClientReply:client-7D66C95EED4C->df817b81-633c-4047-a5d9-a1ed1747652a@group-9E86F654D414, cid=45, FAILED org.apache.ratis.protocol.NotLeaderException: Server df817b81-633c-4047-a5d9-a1ed1747652a@group-9E86F654D414 is not the leader 898294ac-8be2-4fe7-97bd-ef7091906e13:192.168.36.125:38039, logIndex=0, commits[df817b81-633c-4047-a5d9-a1ed1747652a:c8, a35bc888-e8ef-4bf5-8540-2f9e42242cb6:c8, 898294ac-8be2-4fe7-97bd-ef7091906e13:c8]
2019-09-11 05:27:41,430 [grpc-default-executor-0] INFO  client.GrpcClientProtocolClient (GrpcClientProtocolClient.java:onNext(264)) - client-7D66C95EED4C->a35bc888-e8ef-4bf5-8540-2f9e42242cb6: receive RaftClientReply:client-7D66C95EED4C->a35bc888-e8ef-4bf5-8540-2f9e42242cb6@group-9E86F654D414, cid=45, FAILED org.apache.ratis.protocol.NotLeaderException: Server a35bc888-e8ef-4bf5-8540-2f9e42242cb6@group-9E86F654D414 is not the leader 898294ac-8be2-4fe7-97bd-ef7091906e13:192.168.36.125:38039, logIndex=0, commits[a35bc888-e8ef-4bf5-8540-2f9e42242cb6:c8, df817b81-633c-4047-a5d9-a1ed1747652a:c8, 898294ac-8be2-4fe7-97bd-ef7091906e13:c8]
2019-09-11 05:27:46,479 [grpc-default-executor-6] INFO  client.GrpcClientProtocolClient (GrpcClientProtocolClient.java:onNext(264)) - client-7D66C95EED4C->df817b81-633c-4047-a5d9-a1ed1747652a: receive RaftClientReply:client-7D66C95EED4C->df817b81-633c-4047-a5d9-a1ed1747652a@group-9E86F654D414, cid=45, FAILED org.apache.ratis.protocol.NotLeaderException: Server df817b81-633c-4047-a5d9-a1ed1747652a@group-9E86F654D414 is not the leader 898294ac-8be2-4fe7-97bd-ef7091906e13:192.168.36.125:38039, logIndex=0, commits[df817b81-633c-4047-a5d9-a1ed1747652a:c8, a35bc888-e8ef-4bf5-8540-2f9e42242cb6:c8, 898294ac-8be2-4fe7-97bd-ef7091906e13:c8]
2019-09-11 05:27:51,570 [grpc-default-executor-0] INFO  client.GrpcClientProtocolClient (GrpcClientProtocolClient.java:onNext(264)) - client-7D66C95EED4C->a35bc888-e8ef-4bf5-8540-2f9e42242cb6: receive RaftClientReply:client-7D66C95EED4C->a35bc888-e8ef-4bf5-8540-2f9e42242cb6@group-9E86F654D414, cid=45, FAILED org.apache.ratis.protocol.NotLeaderException: Server a35bc888-e8ef-4bf5-8540-2f9e42242cb6@group-9E86F654D414 is not the leader 898294ac-8be2-4fe7-97bd-ef7091906e13:192.168.36.125:38039, logIndex=0, commits[a35bc888-e8ef-4bf5-8540-2f9e42242cb6:c8, df817b81-633c-4047-a5d9-a1ed1747652a:c8, 898294ac-8be2-4fe7-97bd-ef7091906e13:c8]
2019-09-11 05:27:56,625 [grpc-default-executor-6] INFO  client.GrpcClientProtocolClient (GrpcClientProtocolClient.java:onNext(264)) - client-7D66C95EED4C->a35bc888-e8ef-4bf5-8540-2f9e42242cb6: receive RaftClientReply:client-7D66C95EED4C->a35bc888-e8ef-4bf5-8540-2f9e42242cb6@group-9E86F654D414, cid=45, FAILED org.apache.ratis.protocol.NotLeaderException: Server a35bc888-e8ef-4bf5-8540-2f9e42242cb6@group-9E86F654D414 is not the leader 898294ac-8be2-4fe7-97bd-ef7091906e13:192.168.36.125:38039, logIndex=0, commits[a35bc888-e8ef-4bf5-8540-2f9e42242cb6:c8, df817b81-633c-4047-a5d9-a1ed1747652a:c8, 898294ac-8be2-4fe7-97bd-ef7091906e13:c8]
2019-09-11 05:28:01,678 [grpc-default-executor-0] INFO  client.GrpcClientProtocolClient (GrpcClientProtocolClient.java:onNext(264)) - client-7D66C95EED4C->a35bc888-e8ef-4bf5-8540-2f9e42242cb6: receive RaftClientReply:client-7D66C95EED4C->a35bc888-e8ef-4bf5-8540-2f9e42242cb6@group-9E86F654D414, cid=45, FAILED org.apache.ratis.protocol.NotLeaderException: Server a35bc888-e8ef-4bf5-8540-2f9e42242cb6@group-9E86F654D414 is not the leader 898294ac-8be2-4fe7-97bd-ef7091906e13:192.168.36.125:38039, logIndex=0, commits[a35bc888-e8ef-4bf5-8540-2f9e42242cb6:c8, df817b81-633c-4047-a5d9-a1ed1747652a:c8, 898294ac-8be2-4fe7-97bd-ef7091906e13:c8]
2019-09-11 05:28:06,728 [grpc-default-executor-0] INFO  client.GrpcClientProtocolClient (GrpcClientProtocolClient.java:onNext(264)) - client-7D66C95EED4C->df817b81-633c-4047-a5d9-a1ed1747652a: receive RaftClientReply:client-7D66C95EED4C->df817b81-633c-4047-a5d9-a1ed1747652a@group-9E86F654D414, cid=45, FAILED org.apache.ratis.protocol.NotLeaderException: Server df817b81-633c-4047-a5d9-a1ed1747652a@group-9E86F654D414 is not the leader 898294ac-8be2-4fe7-97bd-ef7091906e13:192.168.36.125:38039, logIndex=0, commits[df817b81-633c-4047-a5d9-a1ed1747652a:c8, a35bc888-e8ef-4bf5-8540-2f9e42242cb6:c8, 898294ac-8be2-4fe7-97bd-ef7091906e13:c8]
2019-09-11 05:28:11,789 [grpc-default-executor-0] INFO  client.GrpcClientProtocolClient (GrpcClientProtocolClient.java:onNext(264)) - client-7D66C95EED4C->df817b81-633c-4047-a5d9-a1ed1747652a: receive RaftClientReply:client-7D66C95EED4C->df817b81-633c-4047-a5d9-a1ed1747652a@group-9E86F654D414, cid=45, FAILED org.apache.ratis.protocol.NotLeaderException: Server df817b81-633c-4047-a5d9-a1ed1747652a@group-9E86F654D414 is not the leader 898294ac-8be2-4fe7-97bd-ef7091906e13:192.168.36.125:38039, logIndex=0, commits[df817b81-633c-4047-a5d9-a1ed1747652a:c8, a35bc888-e8ef-4bf5-8540-2f9e42242cb6:c8, 898294ac-8be2-4fe7-97bd-ef7091906e13:c8]
2019-09-11 05:28:15,033 [ReplicationMonitor] INFO  container.ReplicationManager (ReplicationManager.java:run(225)) - Replication Monitor Thread took 0 milliseconds for processing 3 containers.
2019-09-11 05:28:16,834 [grpc-default-executor-0] INFO  client.GrpcClientProtocolClient (GrpcClientProtocolClient.java:onNext(264)) - client-7D66C95EED4C->df817b81-633c-4047-a5d9-a1ed1747652a: receive RaftClientReply:client-7D66C95EED4C->df817b81-633c-4047-a5d9-a1ed1747652a@group-9E86F654D414, cid=45, FAILED org.apache.ratis.protocol.NotLeaderException: Server df817b81-633c-4047-a5d9-a1ed1747652a@group-9E86F654D414 is not the leader 898294ac-8be2-4fe7-97bd-ef7091906e13:192.168.36.125:38039, logIndex=0, commits[df817b81-633c-4047-a5d9-a1ed1747652a:c8, a35bc888-e8ef-4bf5-8540-2f9e42242cb6:c8, 898294ac-8be2-4fe7-97bd-ef7091906e13:c8]
2019-09-11 05:28:21,881 [grpc-default-executor-6] INFO  client.GrpcClientProtocolClient (GrpcClientProtocolClient.java:onNext(264)) - client-7D66C95EED4C->df817b81-633c-4047-a5d9-a1ed1747652a: receive RaftClientReply:client-7D66C95EED4C->df817b81-633c-4047-a5d9-a1ed1747652a@group-9E86F654D414, cid=45, FAILED org.apache.ratis.protocol.NotLeaderException: Server df817b81-633c-4047-a5d9-a1ed1747652a@group-9E86F654D414 is not the leader 898294ac-8be2-4fe7-97bd-ef7091906e13:192.168.36.125:38039, logIndex=0, commits[df817b81-633c-4047-a5d9-a1ed1747652a:c8, a35bc888-e8ef-4bf5-8540-2f9e42242cb6:c8, 898294ac-8be2-4fe7-97bd-ef7091906e13:c8]
2019-09-11 05:28:21,892 [main] INFO  ozone.MiniOzoneClusterImpl (MiniOzoneClusterImpl.java:shutdown(307)) - Shutting down the Mini Ozone Cluster
2019-09-11 05:28:21,895 [main] INFO  ozone.MiniOzoneClusterImpl (MiniOzoneClusterImpl.java:stop(322)) - Stopping the Mini Ozone Cluster
2019-09-11 05:28:21,895 [main] INFO  ozone.MiniOzoneClusterImpl (MiniOzoneClusterImpl.java:stop(324)) - Stopping the OzoneManager
2019-09-11 05:28:21,895 [main] INFO  ipc.Server (Server.java:stop(3082)) - Stopping server on 36314
2019-09-11 05:28:21,910 [IPC Server listener on 36314] INFO  ipc.Server (Server.java:run(1185)) - Stopping IPC Server listener on 36314
2019-09-11 05:28:21,912 [IPC Server Responder] INFO  ipc.Server (Server.java:run(1319)) - Stopping IPC Server Responder
2019-09-11 05:28:21,910 [main] INFO  ratis.OzoneManagerDoubleBuffer (OzoneManagerDoubleBuffer.java:stop(248)) - Stopping OMDoubleBuffer flush thread
2019-09-11 05:28:21,933 [OMDoubleBufferFlushThread] INFO  ratis.OzoneManagerDoubleBuffer (OzoneManagerDoubleBuffer.java:flushTransactions(191)) - OMDoubleBuffer flush thread OMDoubleBufferFlushThread is interrupted and will exit. OMDoubleBufferFlushThread
2019-09-11 05:28:21,934 [main] INFO  utils.BackgroundService (BackgroundService.java:shutdown(148)) - Shutting down service KeyDeletingService
2019-09-11 05:28:21,936 [main] INFO  handler.ContextHandler (ContextHandler.java:doStop(910)) - Stopped o.e.j.w.WebAppContext@3ba348ca{/,null,UNAVAILABLE}{/ozoneManager}
2019-09-11 05:28:21,937 [main] INFO  server.AbstractConnector (AbstractConnector.java:doStop(318)) - Stopped ServerConnector@56e9a474{HTTP/1.1,[http/1.1]}{0.0.0.0:0}
2019-09-11 05:28:21,938 [main] INFO  handler.ContextHandler (ContextHandler.java:doStop(910)) - Stopped o.e.j.s.ServletContextHandler@d535a3d{/static,file:///workdir/hadoop-ozone/integration-test/target/test-classes/webapps/static,UNAVAILABLE}
2019-09-11 05:28:21,938 [main] INFO  handler.ContextHandler (ContextHandler.java:doStop(910)) - Stopped o.e.j.s.ServletContextHandler@705a8dbc{/logs,file:///workdir/hadoop-ozone/integration-test/target/log,UNAVAILABLE}
2019-09-11 05:28:21,942 [main] INFO  ozone.MiniOzoneClusterImpl (MiniOzoneClusterImpl.java:stop(330)) - Shutting the HddsDatanodes
2019-09-11 05:28:22,187 [Datanode State Machine Thread - 0] INFO  statemachine.DatanodeStateMachine (DatanodeStateMachine.java:lambda$startDaemon$0(350)) - Ozone container server started.
2019-09-11 05:28:22,368 [Datanode State Machine Thread - 0] INFO  statemachine.DatanodeStateMachine (DatanodeStateMachine.java:lambda$startDaemon$0(350)) - Ozone container server started.
2019-09-11 05:28:26,945 [ForkJoinPool.commonPool-worker-1] INFO  ozoneimpl.OzoneContainer (OzoneContainer.java:stop(231)) - Attempting to stop container services.
2019-09-11 05:28:26,945 [main] INFO  ozoneimpl.OzoneContainer (OzoneContainer.java:stop(231)) - Attempting to stop container services.
2019-09-11 05:28:26,947 [ForkJoinPool.commonPool-worker-1] INFO  impl.RaftServerProxy (RaftServerProxy.java:lambda$close$4(314)) - 7f78b414-4b36-4b2b-b519-84f027f211c0: close
2019-09-11 05:28:26,947 [main] INFO  impl.RaftServerProxy (RaftServerProxy.java:lambda$close$4(314)) - a35bc888-e8ef-4bf5-8540-2f9e42242cb6: close
2019-09-11 05:28:26,948 [main] INFO  impl.RaftServerImpl (RaftServerImpl.java:lambda$shutdown$3(251)) - a35bc888-e8ef-4bf5-8540-2f9e42242cb6@group-9E86F654D414: shutdown
2019-09-11 05:28:26,948 [ForkJoinPool.commonPool-worker-1] INFO  impl.RaftServerImpl (RaftServerImpl.java:lambda$shutdown$3(251)) - 7f78b414-4b36-4b2b-b519-84f027f211c0@group-48CEB0255408: shutdown
2019-09-11 05:28:26,948 [main] INFO  util.JmxRegister (JmxRegister.java:unregister(73)) - Successfully un-registered JMX Bean with object name Ratis:service=RaftServer,group=group-9E86F654D414,id=a35bc888-e8ef-4bf5-8540-2f9e42242cb6
2019-09-11 05:28:26,948 [ForkJoinPool.commonPool-worker-1] INFO  util.JmxRegister (JmxRegister.java:unregister(73)) - Successfully un-registered JMX Bean with object name Ratis:service=RaftServer,group=group-48CEB0255408,id=7f78b414-4b36-4b2b-b519-84f027f211c0
2019-09-11 05:28:26,949 [main] INFO  impl.RoleInfo (RoleInfo.java:shutdownFollowerState(121)) - a35bc888-e8ef-4bf5-8540-2f9e42242cb6: shutdown FollowerState
2019-09-11 05:28:26,949 [ForkJoinPool.commonPool-worker-1] INFO  impl.RoleInfo (RoleInfo.java:shutdownLeaderState(104)) - 7f78b414-4b36-4b2b-b519-84f027f211c0: shutdown LeaderState
2019-09-11 05:28:26,950 [Thread-751] INFO  impl.FollowerState (FollowerState.java:run(115)) - a35bc888-e8ef-4bf5-8540-2f9e42242cb6: FollowerState was interrupted: java.lang.InterruptedException: sleep interrupted
2019-09-11 05:28:26,949 [main] INFO  impl.StateMachineUpdater (StateMachineUpdater.java:stopAndJoin(125)) - a35bc888-e8ef-4bf5-8540-2f9e42242cb6@group-9E86F654D414-StateMachineUpdater: set stopIndex = 8
2019-09-11 05:28:26,957 [ForkJoinPool.commonPool-worker-1] INFO  impl.PendingRequests (PendingRequests.java:sendNotLeaderResponses(202)) - 7f78b414-4b36-4b2b-b519-84f027f211c0-PendingRequests: sendNotLeaderResponses
2019-09-11 05:28:26,957 [org.apache.ratis.server.impl.LogAppender$AppenderDaemon$$Lambda$496/1787932213@3551e4] WARN  server.GrpcLogAppender (GrpcLogAppender.java:mayWait(143)) - 7f78b414-4b36-4b2b-b519-84f027f211c0@group-48CEB0255408->29816365-9aa0-47fa-9c81-075266e0412a-GrpcLogAppender: Wait interrupted by java.lang.InterruptedException
2019-09-11 05:28:26,957 [org.apache.ratis.server.impl.LogAppender$AppenderDaemon$$Lambda$496/1787932213@4af3045c] WARN  server.GrpcLogAppender (GrpcLogAppender.java:mayWait(143)) - 7f78b414-4b36-4b2b-b519-84f027f211c0@group-48CEB0255408->5811cb92-11ab-4c57-944f-b33b1cb163a8-GrpcLogAppender: Wait interrupted by java.lang.InterruptedException
2019-09-11 05:28:26,957 [a35bc888-e8ef-4bf5-8540-2f9e42242cb6@group-9E86F654D414-StateMachineUpdater] INFO  ratis.ContainerStateMachine (ContainerStateMachine.java:takeSnapshot(289)) - group-9E86F654D414: Taking a snapshot at:(t:1, i:6) file /workdir/hadoop-ozone/integration-test/target/test-dir/MiniOzoneClusterImpl-293f29a2-6a00-4c6f-b8d4-f95033339b2e/datanode-4/data/ratis/6ba034ac-1e8a-4738-933c-9e86f654d414/sm/snapshot.1_6
2019-09-11 05:28:26,959 [ForkJoinPool.commonPool-worker-1] INFO  impl.StateMachineUpdater (StateMachineUpdater.java:stopAndJoin(125)) - 7f78b414-4b36-4b2b-b519-84f027f211c0@group-48CEB0255408-StateMachineUpdater: set stopIndex = 0
2019-09-11 05:28:26,959 [ForkJoinPool.commonPool-worker-1] INFO  impl.RaftServerImpl (ServerState.java:close(385)) - 7f78b414-4b36-4b2b-b519-84f027f211c0@group-48CEB0255408: closes. applyIndex: 0
2019-09-11 05:28:26,960 [grpc-default-executor-6] INFO  server.GrpcServerProtocolService (GrpcServerProtocolService.java:onCompleted(113)) - 5811cb92-11ab-4c57-944f-b33b1cb163a8: Completed APPEND_ENTRIES, lastRequest: 7f78b414-4b36-4b2b-b519-84f027f211c0->5811cb92-11ab-4c57-944f-b33b1cb163a8#124-t1, previous=(t:1, i:0), leaderCommit=0, initializing? false, entries: <empty>
2019-09-11 05:28:26,960 [7f78b414-4b36-4b2b-b519-84f027f211c0@group-48CEB0255408-SegmentedRaftLogWorker] INFO  segmented.SegmentedRaftLogWorker (SegmentedRaftLogWorker.java:run(313)) - 7f78b414-4b36-4b2b-b519-84f027f211c0@group-48CEB0255408-SegmentedRaftLogWorker was interrupted, exiting. There are 0 tasks remaining in the queue.
2019-09-11 05:28:26,960 [grpc-default-executor-0] INFO  server.GrpcServerProtocolService (GrpcServerProtocolService.java:onCompleted(113)) - 29816365-9aa0-47fa-9c81-075266e0412a: Completed APPEND_ENTRIES, lastRequest: 7f78b414-4b36-4b2b-b519-84f027f211c0->29816365-9aa0-47fa-9c81-075266e0412a#124-t1, previous=(t:1, i:0), leaderCommit=0, initializing? false, entries: <empty>
2019-09-11 05:28:26,963 [ForkJoinPool.commonPool-worker-1] INFO  segmented.SegmentedRaftLogWorker (SegmentedRaftLogWorker.java:close(228)) - 7f78b414-4b36-4b2b-b519-84f027f211c0@group-48CEB0255408-SegmentedRaftLogWorker close()
2019-09-11 05:28:26,967 [ForkJoinPool.commonPool-worker-1] INFO  impl.RaftServerImpl (RaftServerImpl.java:lambda$shutdown$3(251)) - 7f78b414-4b36-4b2b-b519-84f027f211c0@group-06ECE2560071: shutdown
2019-09-11 05:28:26,967 [ForkJoinPool.commonPool-worker-1] INFO  util.JmxRegister (JmxRegister.java:unregister(73)) - Successfully un-registered JMX Bean with object name Ratis:service=RaftServer,group=group-06ECE2560071,id=7f78b414-4b36-4b2b-b519-84f027f211c0
2019-09-11 05:28:26,967 [grpc-default-executor-6] INFO  server.GrpcLogAppender (GrpcLogAppender.java:onCompleted(293)) - 7f78b414-4b36-4b2b-b519-84f027f211c0@group-48CEB0255408->29816365-9aa0-47fa-9c81-075266e0412a-AppendLogResponseHandler: follower responses appendEntries COMPLETED
2019-09-11 05:28:26,967 [ForkJoinPool.commonPool-worker-1] INFO  impl.RoleInfo (RoleInfo.java:shutdownLeaderState(104)) - 7f78b414-4b36-4b2b-b519-84f027f211c0: shutdown LeaderState
2019-09-11 05:28:26,967 [grpc-default-executor-0] INFO  server.GrpcLogAppender (GrpcLogAppender.java:onCompleted(293)) - 7f78b414-4b36-4b2b-b519-84f027f211c0@group-48CEB0255408->5811cb92-11ab-4c57-944f-b33b1cb163a8-AppendLogResponseHandler: follower responses appendEntries COMPLETED
2019-09-11 05:28:26,970 [grpc-default-executor-6] INFO  impl.FollowerInfo (FollowerInfo.java:lambda$new$0(51)) - 7f78b414-4b36-4b2b-b519-84f027f211c0@group-48CEB0255408->29816365-9aa0-47fa-9c81-075266e0412a: nextIndex: updateUnconditionally 1 -> 0
2019-09-11 05:28:26,970 [ForkJoinPool.commonPool-worker-1] INFO  impl.PendingRequests (PendingRequests.java:sendNotLeaderResponses(202)) - 7f78b414-4b36-4b2b-b519-84f027f211c0-PendingRequests: sendNotLeaderResponses
2019-09-11 05:28:26,972 [a35bc888-e8ef-4bf5-8540-2f9e42242cb6@group-9E86F654D414-StateMachineUpdater] INFO  ratis.ContainerStateMachine (ContainerStateMachine.java:takeSnapshot(300)) - group-9E86F654D414: Finished taking a snapshot at:(t:1, i:6) file:/workdir/hadoop-ozone/integration-test/target/test-dir/MiniOzoneClusterImpl-293f29a2-6a00-4c6f-b8d4-f95033339b2e/datanode-4/data/ratis/6ba034ac-1e8a-4738-933c-9e86f654d414/sm/snapshot.1_6 time:23
2019-09-11 05:28:26,972 [grpc-default-executor-0] INFO  impl.FollowerInfo (FollowerInfo.java:lambda$new$0(51)) - 7f78b414-4b36-4b2b-b519-84f027f211c0@group-48CEB0255408->5811cb92-11ab-4c57-944f-b33b1cb163a8: nextIndex: updateUnconditionally 1 -> 0
2019-09-11 05:28:26,973 [a35bc888-e8ef-4bf5-8540-2f9e42242cb6@group-9E86F654D414-StateMachineUpdater] INFO  impl.StateMachineUpdater (StateMachineUpdater.java:takeSnapshot(258)) - a35bc888-e8ef-4bf5-8540-2f9e42242cb6@group-9E86F654D414-StateMachineUpdater: Took a snapshot at index 6
2019-09-11 05:28:26,973 [ForkJoinPool.commonPool-worker-1] INFO  impl.StateMachineUpdater (StateMachineUpdater.java:stopAndJoin(125)) - 7f78b414-4b36-4b2b-b519-84f027f211c0@group-06ECE2560071-StateMachineUpdater: set stopIndex = 0
2019-09-11 05:28:26,973 [a35bc888-e8ef-4bf5-8540-2f9e42242cb6@group-9E86F654D414-StateMachineUpdater] INFO  impl.StateMachineUpdater (StateMachineUpdater.java:lambda$new$0(83)) - a35bc888-e8ef-4bf5-8540-2f9e42242cb6@group-9E86F654D414-StateMachineUpdater: snapshotIndex: updateIncreasingly -1 -> 6
2019-09-11 05:28:26,974 [ForkJoinPool.commonPool-worker-1] INFO  impl.RaftServerImpl (ServerState.java:close(385)) - 7f78b414-4b36-4b2b-b519-84f027f211c0@group-06ECE2560071: closes. applyIndex: 0
2019-09-11 05:28:26,974 [a35bc888-e8ef-4bf5-8540-2f9e42242cb6@group-9E86F654D414-StateMachineUpdater] INFO  ratis.ContainerStateMachine (ContainerStateMachine.java:takeSnapshot(289)) - group-9E86F654D414: Taking a snapshot at:(t:1, i:6) file /workdir/hadoop-ozone/integration-test/target/test-dir/MiniOzoneClusterImpl-293f29a2-6a00-4c6f-b8d4-f95033339b2e/datanode-4/data/ratis/6ba034ac-1e8a-4738-933c-9e86f654d414/sm/snapshot.1_6
2019-09-11 05:28:26,974 [7f78b414-4b36-4b2b-b519-84f027f211c0@group-06ECE2560071-SegmentedRaftLogWorker] INFO  segmented.SegmentedRaftLogWorker (SegmentedRaftLogWorker.java:run(313)) - 7f78b414-4b36-4b2b-b519-84f027f211c0@group-06ECE2560071-SegmentedRaftLogWorker was interrupted, exiting. There are 0 tasks remaining in the queue.
2019-09-11 05:28:26,985 [ForkJoinPool.commonPool-worker-1] INFO  segmented.SegmentedRaftLogWorker (SegmentedRaftLogWorker.java:close(228)) - 7f78b414-4b36-4b2b-b519-84f027f211c0@group-06ECE2560071-SegmentedRaftLogWorker close()
2019-09-11 05:28:26,989 [a35bc888-e8ef-4bf5-8540-2f9e42242cb6@group-9E86F654D414-StateMachineUpdater] INFO  ratis.ContainerStateMachine (ContainerStateMachine.java:takeSnapshot(300)) - group-9E86F654D414: Finished taking a snapshot at:(t:1, i:6) file:/workdir/hadoop-ozone/integration-test/target/test-dir/MiniOzoneClusterImpl-293f29a2-6a00-4c6f-b8d4-f95033339b2e/datanode-4/data/ratis/6ba034ac-1e8a-4738-933c-9e86f654d414/sm/snapshot.1_6 time:15
2019-09-11 05:28:26,989 [a35bc888-e8ef-4bf5-8540-2f9e42242cb6@group-9E86F654D414-StateMachineUpdater] INFO  impl.StateMachineUpdater (StateMachineUpdater.java:takeSnapshot(258)) - a35bc888-e8ef-4bf5-8540-2f9e42242cb6@group-9E86F654D414-StateMachineUpdater: Took a snapshot at index 6
2019-09-11 05:28:26,989 [a35bc888-e8ef-4bf5-8540-2f9e42242cb6@group-9E86F654D414-StateMachineUpdater] INFO  impl.StateMachineUpdater (StateMachineUpdater.java:lambda$new$0(83)) - a35bc888-e8ef-4bf5-8540-2f9e42242cb6@group-9E86F654D414-StateMachineUpdater: snapshotIndex: updateIncreasingly 6 -> 6
2019-09-11 05:28:26,992 [ForkJoinPool.commonPool-worker-1] INFO  server.GrpcService (GrpcService.java:closeImpl(164)) - 7f78b414-4b36-4b2b-b519-84f027f211c0: shutdown server with port 35690 now
2019-09-11 05:28:26,992 [main] INFO  impl.RaftServerImpl (ServerState.java:close(385)) - a35bc888-e8ef-4bf5-8540-2f9e42242cb6@group-9E86F654D414: closes. applyIndex: 8
2019-09-11 05:28:26,992 [ForkJoinPool.commonPool-worker-1] INFO  server.GrpcService (GrpcService.java:closeImpl(172)) - 7f78b414-4b36-4b2b-b519-84f027f211c0: shutdown server with port 35690 successfully
2019-09-11 05:28:26,993 [a35bc888-e8ef-4bf5-8540-2f9e42242cb6@group-9E86F654D414-SegmentedRaftLogWorker] INFO  segmented.SegmentedRaftLogWorker (SegmentedRaftLogWorker.java:run(313)) - a35bc888-e8ef-4bf5-8540-2f9e42242cb6@group-9E86F654D414-SegmentedRaftLogWorker was interrupted, exiting. There are 0 tasks remaining in the queue.
2019-09-11 05:28:26,995 [main] INFO  segmented.SegmentedRaftLogWorker (SegmentedRaftLogWorker.java:close(228)) - a35bc888-e8ef-4bf5-8540-2f9e42242cb6@group-9E86F654D414-SegmentedRaftLogWorker close()
2019-09-11 05:28:26,999 [main] INFO  impl.RaftServerImpl (RaftServerImpl.java:lambda$shutdown$3(251)) - a35bc888-e8ef-4bf5-8540-2f9e42242cb6@group-5231400CB40E: shutdown
2019-09-11 05:28:26,999 [main] INFO  util.JmxRegister (JmxRegister.java:unregister(73)) - Successfully un-registered JMX Bean with object name Ratis:service=RaftServer,group=group-5231400CB40E,id=a35bc888-e8ef-4bf5-8540-2f9e42242cb6
2019-09-11 05:28:26,999 [main] INFO  impl.RoleInfo (RoleInfo.java:shutdownLeaderState(104)) - a35bc888-e8ef-4bf5-8540-2f9e42242cb6: shutdown LeaderState
2019-09-11 05:28:27,000 [main] INFO  impl.PendingRequests (PendingRequests.java:sendNotLeaderResponses(202)) - a35bc888-e8ef-4bf5-8540-2f9e42242cb6-PendingRequests: sendNotLeaderResponses
2019-09-11 05:28:27,000 [refreshUsed-/workdir/hadoop-ozone/integration-test/target/test-dir/MiniOzoneClusterImpl-293f29a2-6a00-4c6f-b8d4-f95033339b2e/datanode-1/data/containers] WARN  fs.CachingGetSpaceUsed (CachingGetSpaceUsed.java:run(183)) - Thread Interrupted waiting to refresh disk information: sleep interrupted
2019-09-11 05:28:27,000 [main] INFO  impl.StateMachineUpdater (StateMachineUpdater.java:stopAndJoin(125)) - a35bc888-e8ef-4bf5-8540-2f9e42242cb6@group-5231400CB40E-StateMachineUpdater: set stopIndex = 0
2019-09-11 05:28:27,000 [main] INFO  impl.RaftServerImpl (ServerState.java:close(385)) - a35bc888-e8ef-4bf5-8540-2f9e42242cb6@group-5231400CB40E: closes. applyIndex: 0
2019-09-11 05:28:27,001 [a35bc888-e8ef-4bf5-8540-2f9e42242cb6@group-5231400CB40E-SegmentedRaftLogWorker] INFO  segmented.SegmentedRaftLogWorker (SegmentedRaftLogWorker.java:run(313)) - a35bc888-e8ef-4bf5-8540-2f9e42242cb6@group-5231400CB40E-SegmentedRaftLogWorker was interrupted, exiting. There are 0 tasks remaining in the queue.
2019-09-11 05:28:27,003 [main] INFO  segmented.SegmentedRaftLogWorker (SegmentedRaftLogWorker.java:close(228)) - a35bc888-e8ef-4bf5-8540-2f9e42242cb6@group-5231400CB40E-SegmentedRaftLogWorker close()
2019-09-11 05:28:27,016 [main] INFO  server.GrpcService (GrpcService.java:closeImpl(164)) - a35bc888-e8ef-4bf5-8540-2f9e42242cb6: shutdown server with port 38214 now
2019-09-11 05:28:27,018 [grpc-default-executor-6] WARN  server.GrpcServerProtocolService (LogUtils.java:warn(134)) - a35bc888-e8ef-4bf5-8540-2f9e42242cb6: installSnapshot onError, lastRequest: 898294ac-8be2-4fe7-97bd-ef7091906e13->a35bc888-e8ef-4bf5-8540-2f9e42242cb6#132-t1, previous=(t:1, i:8), leaderCommit=8, initializing? false, entries: <empty>: org.apache.ratis.thirdparty.io.grpc.StatusRuntimeException: CANCELLED: cancelled before receiving half close
2019-09-11 05:28:27,018 [main] INFO  server.GrpcService (GrpcService.java:closeImpl(172)) - a35bc888-e8ef-4bf5-8540-2f9e42242cb6: shutdown server with port 38214 successfully
2019-09-11 05:28:27,019 [grpc-default-executor-8] WARN  server.GrpcLogAppender (LogUtils.java:warn(134)) - 898294ac-8be2-4fe7-97bd-ef7091906e13@group-9E86F654D414->a35bc888-e8ef-4bf5-8540-2f9e42242cb6-AppendLogResponseHandler: Failed appendEntries: org.apache.ratis.thirdparty.io.grpc.StatusRuntimeException: CANCELLED: HTTP/2 error code: CANCEL
Received Rst Stream
2019-09-11 05:28:27,021 [grpc-default-executor-8] INFO  impl.FollowerInfo (FollowerInfo.java:lambda$new$0(51)) - 898294ac-8be2-4fe7-97bd-ef7091906e13@group-9E86F654D414->a35bc888-e8ef-4bf5-8540-2f9e42242cb6: nextIndex: updateUnconditionally 9 -> 8
2019-09-11 05:28:27,022 [refreshUsed-/workdir/hadoop-ozone/integration-test/target/test-dir/MiniOzoneClusterImpl-293f29a2-6a00-4c6f-b8d4-f95033339b2e/datanode-4/data/containers] WARN  fs.CachingGetSpaceUsed (CachingGetSpaceUsed.java:run(183)) - Thread Interrupted waiting to refresh disk information: sleep interrupted
2019-09-11 05:28:27,034 [main] INFO  utils.BackgroundService (BackgroundService.java:shutdown(148)) - Shutting down service BlockDeletingService
2019-09-11 05:28:27,040 [main] INFO  statemachine.DatanodeStateMachine (DatanodeStateMachine.java:stopDaemon(395)) - Ozone container server stopped.
2019-09-11 05:28:27,042 [ForkJoinPool.commonPool-worker-1] INFO  utils.BackgroundService (BackgroundService.java:shutdown(148)) - Shutting down service BlockDeletingService
2019-09-11 05:28:27,047 [ForkJoinPool.commonPool-worker-1] INFO  statemachine.DatanodeStateMachine (DatanodeStateMachine.java:stopDaemon(395)) - Ozone container server stopped.
2019-09-11 05:28:27,063 [main] INFO  handler.ContextHandler (ContextHandler.java:doStop(910)) - Stopped o.e.j.w.WebAppContext@999b951{/,null,UNAVAILABLE}{/hddsDatanode}
2019-09-11 05:28:27,063 [ForkJoinPool.commonPool-worker-1] INFO  handler.ContextHandler (ContextHandler.java:doStop(910)) - Stopped o.e.j.w.WebAppContext@631cb129{/,null,UNAVAILABLE}{/hddsDatanode}
2019-09-11 05:28:27,064 [main] INFO  server.AbstractConnector (AbstractConnector.java:doStop(318)) - Stopped ServerConnector@65cf4d6d{HTTP/1.1,[http/1.1]}{0.0.0.0:0}
2019-09-11 05:28:27,064 [ForkJoinPool.commonPool-worker-1] INFO  server.AbstractConnector (AbstractConnector.java:doStop(318)) - Stopped ServerConnector@3d20e575{HTTP/1.1,[http/1.1]}{0.0.0.0:0}
2019-09-11 05:28:27,064 [main] INFO  handler.ContextHandler (ContextHandler.java:doStop(910)) - Stopped o.e.j.s.ServletContextHandler@78422efb{/static,jar:file:/home/user/.m2/repository/org/apache/hadoop/hadoop-hdds-container-service/0.5.0-SNAPSHOT/hadoop-hdds-container-service-0.5.0-SNAPSHOT.jar!/webapps/static,UNAVAILABLE}
2019-09-11 05:28:27,065 [ForkJoinPool.commonPool-worker-1] INFO  handler.ContextHandler (ContextHandler.java:doStop(910)) - Stopped o.e.j.s.ServletContextHandler@12a2585b{/static,jar:file:/home/user/.m2/repository/org/apache/hadoop/hadoop-hdds-container-service/0.5.0-SNAPSHOT/hadoop-hdds-container-service-0.5.0-SNAPSHOT.jar!/webapps/static,UNAVAILABLE}
2019-09-11 05:28:27,066 [main] INFO  handler.ContextHandler (ContextHandler.java:doStop(910)) - Stopped o.e.j.s.ServletContextHandler@2c63762b{/logs,file:///workdir/hadoop-ozone/integration-test/target/log,UNAVAILABLE}
2019-09-11 05:28:27,067 [ForkJoinPool.commonPool-worker-1] INFO  handler.ContextHandler (ContextHandler.java:doStop(910)) - Stopped o.e.j.s.ServletContextHandler@3b2553d9{/logs,file:///workdir/hadoop-ozone/integration-test/target/log,UNAVAILABLE}
2019-09-11 05:28:27,190 [Datanode State Machine Thread - 0] INFO  statemachine.DatanodeStateMachine (DatanodeStateMachine.java:lambda$startDaemon$0(350)) - Ozone container server started.
2019-09-11 05:28:27,334 [Datanode State Machine Thread - 0] INFO  statemachine.DatanodeStateMachine (DatanodeStateMachine.java:lambda$startDaemon$0(350)) - Ozone container server started.
2019-09-11 05:28:28,713 [grpc-default-executor-0] WARN  server.GrpcLogAppender (LogUtils.java:warn(134)) - 898294ac-8be2-4fe7-97bd-ef7091906e13@group-9E86F654D414->a35bc888-e8ef-4bf5-8540-2f9e42242cb6-AppendLogResponseHandler: Failed appendEntries: org.apache.ratis.thirdparty.io.grpc.StatusRuntimeException: UNAVAILABLE: io exception
2019-09-11 05:28:28,716 [grpc-default-executor-0] INFO  impl.FollowerInfo (FollowerInfo.java:lambda$new$0(51)) - 898294ac-8be2-4fe7-97bd-ef7091906e13@group-9E86F654D414->a35bc888-e8ef-4bf5-8540-2f9e42242cb6: nextIndex: updateUnconditionally 8 -> 7
2019-09-11 05:28:31,216 [grpc-default-executor-8] WARN  server.GrpcLogAppender (LogUtils.java:warn(134)) - 898294ac-8be2-4fe7-97bd-ef7091906e13@group-9E86F654D414->a35bc888-e8ef-4bf5-8540-2f9e42242cb6-AppendLogResponseHandler: Failed appendEntries: org.apache.ratis.thirdparty.io.grpc.StatusRuntimeException: UNAVAILABLE: io exception
2019-09-11 05:28:31,223 [grpc-default-executor-8] INFO  impl.FollowerInfo (FollowerInfo.java:lambda$new$0(51)) - 898294ac-8be2-4fe7-97bd-ef7091906e13@group-9E86F654D414->a35bc888-e8ef-4bf5-8540-2f9e42242cb6: nextIndex: updateUnconditionally 7 -> 6
2019-09-11 05:28:32,070 [ForkJoinPool.commonPool-worker-1] INFO  ozoneimpl.OzoneContainer (OzoneContainer.java:stop(231)) - Attempting to stop container services.
2019-09-11 05:28:32,070 [main] INFO  ozoneimpl.OzoneContainer (OzoneContainer.java:stop(231)) - Attempting to stop container services.
2019-09-11 05:28:32,071 [ForkJoinPool.commonPool-worker-1] INFO  impl.RaftServerProxy (RaftServerProxy.java:lambda$close$4(314)) - 5811cb92-11ab-4c57-944f-b33b1cb163a8: close
2019-09-11 05:28:32,071 [main] INFO  impl.RaftServerProxy (RaftServerProxy.java:lambda$close$4(314)) - 898294ac-8be2-4fe7-97bd-ef7091906e13: close
2019-09-11 05:28:32,072 [ForkJoinPool.commonPool-worker-1] INFO  impl.RaftServerImpl (RaftServerImpl.java:lambda$shutdown$3(251)) - 5811cb92-11ab-4c57-944f-b33b1cb163a8@group-48CEB0255408: shutdown
2019-09-11 05:28:32,072 [main] INFO  impl.RaftServerImpl (RaftServerImpl.java:lambda$shutdown$3(251)) - 898294ac-8be2-4fe7-97bd-ef7091906e13@group-9E86F654D414: shutdown
2019-09-11 05:28:32,072 [ForkJoinPool.commonPool-worker-1] INFO  util.JmxRegister (JmxRegister.java:unregister(73)) - Successfully un-registered JMX Bean with object name Ratis:service=RaftServer,group=group-48CEB0255408,id=5811cb92-11ab-4c57-944f-b33b1cb163a8
2019-09-11 05:28:32,073 [main] INFO  util.JmxRegister (JmxRegister.java:unregister(73)) - Successfully un-registered JMX Bean with object name Ratis:service=RaftServer,group=group-9E86F654D414,id=898294ac-8be2-4fe7-97bd-ef7091906e13
2019-09-11 05:28:32,073 [ForkJoinPool.commonPool-worker-1] INFO  impl.RoleInfo (RoleInfo.java:shutdownFollowerState(121)) - 5811cb92-11ab-4c57-944f-b33b1cb163a8: shutdown FollowerState
2019-09-11 05:28:32,073 [main] INFO  impl.RoleInfo (RoleInfo.java:shutdownLeaderState(104)) - 898294ac-8be2-4fe7-97bd-ef7091906e13: shutdown LeaderState
2019-09-11 05:28:32,074 [Thread-731] INFO  impl.FollowerState (FollowerState.java:run(115)) - 5811cb92-11ab-4c57-944f-b33b1cb163a8: FollowerState was interrupted: java.lang.InterruptedException: sleep interrupted
2019-09-11 05:28:32,073 [ForkJoinPool.commonPool-worker-1] INFO  impl.StateMachineUpdater (StateMachineUpdater.java:stopAndJoin(125)) - 5811cb92-11ab-4c57-944f-b33b1cb163a8@group-48CEB0255408-StateMachineUpdater: set stopIndex = 0
2019-09-11 05:28:32,081 [main] INFO  impl.PendingRequests (PendingRequests.java:sendNotLeaderResponses(202)) - 898294ac-8be2-4fe7-97bd-ef7091906e13-PendingRequests: sendNotLeaderResponses
2019-09-11 05:28:32,079 [org.apache.ratis.server.impl.LogAppender$AppenderDaemon$$Lambda$496/1787932213@1a340cf4] WARN  server.GrpcLogAppender (GrpcLogAppender.java:mayWait(143)) - 898294ac-8be2-4fe7-97bd-ef7091906e13@group-9E86F654D414->a35bc888-e8ef-4bf5-8540-2f9e42242cb6-GrpcLogAppender: Wait interrupted by java.lang.InterruptedException
2019-09-11 05:28:32,079 [org.apache.ratis.server.impl.LogAppender$AppenderDaemon$$Lambda$496/1787932213@38488376] WARN  server.GrpcLogAppender (GrpcLogAppender.java:mayWait(143)) - 898294ac-8be2-4fe7-97bd-ef7091906e13@group-9E86F654D414->df817b81-633c-4047-a5d9-a1ed1747652a-GrpcLogAppender: Wait interrupted by java.lang.InterruptedException
2019-09-11 05:28:32,081 [ForkJoinPool.commonPool-worker-1] INFO  impl.RaftServerImpl (ServerState.java:close(385)) - 5811cb92-11ab-4c57-944f-b33b1cb163a8@group-48CEB0255408: closes. applyIndex: 0
2019-09-11 05:28:32,086 [main] INFO  impl.StateMachineUpdater (StateMachineUpdater.java:stopAndJoin(125)) - 898294ac-8be2-4fe7-97bd-ef7091906e13@group-9E86F654D414-StateMachineUpdater: set stopIndex = 8
2019-09-11 05:28:32,087 [898294ac-8be2-4fe7-97bd-ef7091906e13@group-9E86F654D414-StateMachineUpdater] INFO  ratis.ContainerStateMachine (ContainerStateMachine.java:takeSnapshot(289)) - group-9E86F654D414: Taking a snapshot at:(t:1, i:6) file /workdir/hadoop-ozone/integration-test/target/test-dir/MiniOzoneClusterImpl-293f29a2-6a00-4c6f-b8d4-f95033339b2e/datanode-3/data/ratis/6ba034ac-1e8a-4738-933c-9e86f654d414/sm/snapshot.1_6
2019-09-11 05:28:32,087 [5811cb92-11ab-4c57-944f-b33b1cb163a8@group-48CEB0255408-SegmentedRaftLogWorker] INFO  segmented.SegmentedRaftLogWorker (SegmentedRaftLogWorker.java:run(313)) - 5811cb92-11ab-4c57-944f-b33b1cb163a8@group-48CEB0255408-SegmentedRaftLogWorker was interrupted, exiting. There are 0 tasks remaining in the queue.
2019-09-11 05:28:32,087 [grpc-default-executor-8] INFO  server.GrpcServerProtocolService (GrpcServerProtocolService.java:onCompleted(113)) - df817b81-633c-4047-a5d9-a1ed1747652a: Completed APPEND_ENTRIES, lastRequest: 898294ac-8be2-4fe7-97bd-ef7091906e13->df817b81-633c-4047-a5d9-a1ed1747652a#134-t1, previous=(t:1, i:8), leaderCommit=8, initializing? false, entries: <empty>
2019-09-11 05:28:32,090 [grpc-default-executor-8] INFO  server.GrpcLogAppender (GrpcLogAppender.java:onCompleted(293)) - 898294ac-8be2-4fe7-97bd-ef7091906e13@group-9E86F654D414->df817b81-633c-4047-a5d9-a1ed1747652a-AppendLogResponseHandler: follower responses appendEntries COMPLETED
2019-09-11 05:28:32,092 [grpc-default-executor-8] INFO  impl.FollowerInfo (FollowerInfo.java:lambda$new$0(51)) - 898294ac-8be2-4fe7-97bd-ef7091906e13@group-9E86F654D414->df817b81-633c-4047-a5d9-a1ed1747652a: nextIndex: updateUnconditionally 9 -> 8
2019-09-11 05:28:32,100 [ForkJoinPool.commonPool-worker-1] INFO  segmented.SegmentedRaftLogWorker (SegmentedRaftLogWorker.java:close(228)) - 5811cb92-11ab-4c57-944f-b33b1cb163a8@group-48CEB0255408-SegmentedRaftLogWorker close()
2019-09-11 05:28:32,102 [898294ac-8be2-4fe7-97bd-ef7091906e13@group-9E86F654D414-StateMachineUpdater] INFO  ratis.ContainerStateMachine (ContainerStateMachine.java:takeSnapshot(300)) - group-9E86F654D414: Finished taking a snapshot at:(t:1, i:6) file:/workdir/hadoop-ozone/integration-test/target/test-dir/MiniOzoneClusterImpl-293f29a2-6a00-4c6f-b8d4-f95033339b2e/datanode-3/data/ratis/6ba034ac-1e8a-4738-933c-9e86f654d414/sm/snapshot.1_6 time:15
2019-09-11 05:28:32,102 [ForkJoinPool.commonPool-worker-1] INFO  impl.RaftServerImpl (RaftServerImpl.java:lambda$shutdown$3(251)) - 5811cb92-11ab-4c57-944f-b33b1cb163a8@group-68F18EC4F3B2: shutdown
2019-09-11 05:28:32,102 [898294ac-8be2-4fe7-97bd-ef7091906e13@group-9E86F654D414-StateMachineUpdater] INFO  impl.StateMachineUpdater (StateMachineUpdater.java:takeSnapshot(258)) - 898294ac-8be2-4fe7-97bd-ef7091906e13@group-9E86F654D414-StateMachineUpdater: Took a snapshot at index 6
2019-09-11 05:28:32,102 [ForkJoinPool.commonPool-worker-1] INFO  util.JmxRegister (JmxRegister.java:unregister(73)) - Successfully un-registered JMX Bean with object name Ratis:service=RaftServer,group=group-68F18EC4F3B2,id=5811cb92-11ab-4c57-944f-b33b1cb163a8
2019-09-11 05:28:32,102 [898294ac-8be2-4fe7-97bd-ef7091906e13@group-9E86F654D414-StateMachineUpdater] INFO  impl.StateMachineUpdater (StateMachineUpdater.java:lambda$new$0(83)) - 898294ac-8be2-4fe7-97bd-ef7091906e13@group-9E86F654D414-StateMachineUpdater: snapshotIndex: updateIncreasingly -1 -> 6
2019-09-11 05:28:32,103 [ForkJoinPool.commonPool-worker-1] INFO  impl.RoleInfo (RoleInfo.java:shutdownLeaderState(104)) - 5811cb92-11ab-4c57-944f-b33b1cb163a8: shutdown LeaderState
2019-09-11 05:28:32,103 [ForkJoinPool.commonPool-worker-1] INFO  impl.PendingRequests (PendingRequests.java:sendNotLeaderResponses(202)) - 5811cb92-11ab-4c57-944f-b33b1cb163a8-PendingRequests: sendNotLeaderResponses
2019-09-11 05:28:32,103 [898294ac-8be2-4fe7-97bd-ef7091906e13@group-9E86F654D414-StateMachineUpdater] INFO  ratis.ContainerStateMachine (ContainerStateMachine.java:takeSnapshot(289)) - group-9E86F654D414: Taking a snapshot at:(t:1, i:6) file /workdir/hadoop-ozone/integration-test/target/test-dir/MiniOzoneClusterImpl-293f29a2-6a00-4c6f-b8d4-f95033339b2e/datanode-3/data/ratis/6ba034ac-1e8a-4738-933c-9e86f654d414/sm/snapshot.1_6
2019-09-11 05:28:32,104 [ForkJoinPool.commonPool-worker-1] INFO  impl.StateMachineUpdater (StateMachineUpdater.java:stopAndJoin(125)) - 5811cb92-11ab-4c57-944f-b33b1cb163a8@group-68F18EC4F3B2-StateMachineUpdater: set stopIndex = 0
2019-09-11 05:28:32,104 [ForkJoinPool.commonPool-worker-1] INFO  impl.RaftServerImpl (ServerState.java:close(385)) - 5811cb92-11ab-4c57-944f-b33b1cb163a8@group-68F18EC4F3B2: closes. applyIndex: 0
2019-09-11 05:28:32,104 [5811cb92-11ab-4c57-944f-b33b1cb163a8@group-68F18EC4F3B2-SegmentedRaftLogWorker] INFO  segmented.SegmentedRaftLogWorker (SegmentedRaftLogWorker.java:run(313)) - 5811cb92-11ab-4c57-944f-b33b1cb163a8@group-68F18EC4F3B2-SegmentedRaftLogWorker was interrupted, exiting. There are 0 tasks remaining in the queue.
2019-09-11 05:28:32,116 [898294ac-8be2-4fe7-97bd-ef7091906e13@group-9E86F654D414-StateMachineUpdater] INFO  ratis.ContainerStateMachine (ContainerStateMachine.java:takeSnapshot(300)) - group-9E86F654D414: Finished taking a snapshot at:(t:1, i:6) file:/workdir/hadoop-ozone/integration-test/target/test-dir/MiniOzoneClusterImpl-293f29a2-6a00-4c6f-b8d4-f95033339b2e/datanode-3/data/ratis/6ba034ac-1e8a-4738-933c-9e86f654d414/sm/snapshot.1_6 time:13
2019-09-11 05:28:32,116 [898294ac-8be2-4fe7-97bd-ef7091906e13@group-9E86F654D414-StateMachineUpdater] INFO  impl.StateMachineUpdater (StateMachineUpdater.java:takeSnapshot(258)) - 898294ac-8be2-4fe7-97bd-ef7091906e13@group-9E86F654D414-StateMachineUpdater: Took a snapshot at index 6
2019-09-11 05:28:32,116 [898294ac-8be2-4fe7-97bd-ef7091906e13@group-9E86F654D414-StateMachineUpdater] INFO  impl.StateMachineUpdater (StateMachineUpdater.java:lambda$new$0(83)) - 898294ac-8be2-4fe7-97bd-ef7091906e13@group-9E86F654D414-StateMachineUpdater: snapshotIndex: updateIncreasingly 6 -> 6
2019-09-11 05:28:32,116 [main] INFO  impl.RaftServerImpl (ServerState.java:close(385)) - 898294ac-8be2-4fe7-97bd-ef7091906e13@group-9E86F654D414: closes. applyIndex: 8
2019-09-11 05:28:32,117 [898294ac-8be2-4fe7-97bd-ef7091906e13@group-9E86F654D414-SegmentedRaftLogWorker] INFO  segmented.SegmentedRaftLogWorker (SegmentedRaftLogWorker.java:run(313)) - 898294ac-8be2-4fe7-97bd-ef7091906e13@group-9E86F654D414-SegmentedRaftLogWorker was interrupted, exiting. There are 0 tasks remaining in the queue.
2019-09-11 05:28:32,119 [main] INFO  segmented.SegmentedRaftLogWorker (SegmentedRaftLogWorker.java:close(228)) - 898294ac-8be2-4fe7-97bd-ef7091906e13@group-9E86F654D414-SegmentedRaftLogWorker close()
2019-09-11 05:28:32,121 [main] INFO  impl.RaftServerImpl (RaftServerImpl.java:lambda$shutdown$3(251)) - 898294ac-8be2-4fe7-97bd-ef7091906e13@group-479B34555948: shutdown
2019-09-11 05:28:32,122 [main] INFO  util.JmxRegister (JmxRegister.java:unregister(73)) - Successfully un-registered JMX Bean with object name Ratis:service=RaftServer,group=group-479B34555948,id=898294ac-8be2-4fe7-97bd-ef7091906e13
2019-09-11 05:28:32,122 [main] INFO  impl.RoleInfo (RoleInfo.java:shutdownLeaderState(104)) - 898294ac-8be2-4fe7-97bd-ef7091906e13: shutdown LeaderState
2019-09-11 05:28:32,123 [main] INFO  impl.PendingRequests (PendingRequests.java:sendNotLeaderResponses(202)) - 898294ac-8be2-4fe7-97bd-ef7091906e13-PendingRequests: sendNotLeaderResponses
2019-09-11 05:28:32,123 [main] INFO  impl.StateMachineUpdater (StateMachineUpdater.java:stopAndJoin(125)) - 898294ac-8be2-4fe7-97bd-ef7091906e13@group-479B34555948-StateMachineUpdater: set stopIndex = 0
2019-09-11 05:28:32,124 [main] INFO  impl.RaftServerImpl (ServerState.java:close(385)) - 898294ac-8be2-4fe7-97bd-ef7091906e13@group-479B34555948: closes. applyIndex: 0
2019-09-11 05:28:32,124 [898294ac-8be2-4fe7-97bd-ef7091906e13@group-479B34555948-SegmentedRaftLogWorker] INFO  segmented.SegmentedRaftLogWorker (SegmentedRaftLogWorker.java:run(313)) - 898294ac-8be2-4fe7-97bd-ef7091906e13@group-479B34555948-SegmentedRaftLogWorker was interrupted, exiting. There are 0 tasks remaining in the queue.
2019-09-11 05:28:32,126 [main] INFO  segmented.SegmentedRaftLogWorker (SegmentedRaftLogWorker.java:close(228)) - 898294ac-8be2-4fe7-97bd-ef7091906e13@group-479B34555948-SegmentedRaftLogWorker close()
2019-09-11 05:28:32,126 [ForkJoinPool.commonPool-worker-1] INFO  segmented.SegmentedRaftLogWorker (SegmentedRaftLogWorker.java:close(228)) - 5811cb92-11ab-4c57-944f-b33b1cb163a8@group-68F18EC4F3B2-SegmentedRaftLogWorker close()
2019-09-11 05:28:32,128 [main] INFO  server.GrpcService (GrpcService.java:closeImpl(164)) - 898294ac-8be2-4fe7-97bd-ef7091906e13: shutdown server with port 38039 now
2019-09-11 05:28:32,130 [ForkJoinPool.commonPool-worker-1] INFO  server.GrpcService (GrpcService.java:closeImpl(164)) - 5811cb92-11ab-4c57-944f-b33b1cb163a8: shutdown server with port 36529 now
2019-09-11 05:28:32,131 [main] INFO  server.GrpcService (GrpcService.java:closeImpl(172)) - 898294ac-8be2-4fe7-97bd-ef7091906e13: shutdown server with port 38039 successfully
2019-09-11 05:28:32,131 [ForkJoinPool.commonPool-worker-1] INFO  server.GrpcService (GrpcService.java:closeImpl(172)) - 5811cb92-11ab-4c57-944f-b33b1cb163a8: shutdown server with port 36529 successfully
2019-09-11 05:28:32,134 [refreshUsed-/workdir/hadoop-ozone/integration-test/target/test-dir/MiniOzoneClusterImpl-293f29a2-6a00-4c6f-b8d4-f95033339b2e/datanode-2/data/containers] WARN  fs.CachingGetSpaceUsed (CachingGetSpaceUsed.java:run(183)) - Thread Interrupted waiting to refresh disk information: sleep interrupted
2019-09-11 05:28:32,134 [refreshUsed-/workdir/hadoop-ozone/integration-test/target/test-dir/MiniOzoneClusterImpl-293f29a2-6a00-4c6f-b8d4-f95033339b2e/datanode-3/data/containers] WARN  fs.CachingGetSpaceUsed (CachingGetSpaceUsed.java:run(183)) - Thread Interrupted waiting to refresh disk information: sleep interrupted
2019-09-11 05:28:32,156 [main] INFO  utils.BackgroundService (BackgroundService.java:shutdown(148)) - Shutting down service BlockDeletingService
2019-09-11 05:28:32,161 [main] INFO  statemachine.DatanodeStateMachine (DatanodeStateMachine.java:stopDaemon(395)) - Ozone container server stopped.
2019-09-11 05:28:32,162 [ForkJoinPool.commonPool-worker-1] INFO  utils.BackgroundService (BackgroundService.java:shutdown(148)) - Shutting down service BlockDeletingService
2019-09-11 05:28:32,165 [main] INFO  handler.ContextHandler (ContextHandler.java:doStop(910)) - Stopped o.e.j.w.WebAppContext@3ba3d4b6{/,null,UNAVAILABLE}{/hddsDatanode}
2019-09-11 05:28:32,166 [ForkJoinPool.commonPool-worker-1] INFO  statemachine.DatanodeStateMachine (DatanodeStateMachine.java:stopDaemon(395)) - Ozone container server stopped.
2019-09-11 05:28:32,169 [main] INFO  server.AbstractConnector (AbstractConnector.java:doStop(318)) - Stopped ServerConnector@51b77cdf{HTTP/1.1,[http/1.1]}{0.0.0.0:0}
2019-09-11 05:28:32,170 [ForkJoinPool.commonPool-worker-1] INFO  handler.ContextHandler (ContextHandler.java:doStop(910)) - Stopped o.e.j.w.WebAppContext@6fff46bf{/,null,UNAVAILABLE}{/hddsDatanode}
2019-09-11 05:28:32,171 [main] INFO  handler.ContextHandler (ContextHandler.java:doStop(910)) - Stopped o.e.j.s.ServletContextHandler@62a68bcb{/static,jar:file:/home/user/.m2/repository/org/apache/hadoop/hadoop-hdds-container-service/0.5.0-SNAPSHOT/hadoop-hdds-container-service-0.5.0-SNAPSHOT.jar!/webapps/static,UNAVAILABLE}
2019-09-11 05:28:32,171 [ForkJoinPool.commonPool-worker-1] INFO  server.AbstractConnector (AbstractConnector.java:doStop(318)) - Stopped ServerConnector@1835dc92{HTTP/1.1,[http/1.1]}{0.0.0.0:0}
2019-09-11 05:28:32,171 [main] INFO  handler.ContextHandler (ContextHandler.java:doStop(910)) - Stopped o.e.j.s.ServletContextHandler@3ff54f3d{/logs,file:///workdir/hadoop-ozone/integration-test/target/log,UNAVAILABLE}
2019-09-11 05:28:32,172 [ForkJoinPool.commonPool-worker-1] INFO  handler.ContextHandler (ContextHandler.java:doStop(910)) - Stopped o.e.j.s.ServletContextHandler@7ddd84b5{/static,jar:file:/home/user/.m2/repository/org/apache/hadoop/hadoop-hdds-container-service/0.5.0-SNAPSHOT/hadoop-hdds-container-service-0.5.0-SNAPSHOT.jar!/webapps/static,UNAVAILABLE}
2019-09-11 05:28:32,174 [ForkJoinPool.commonPool-worker-1] INFO  handler.ContextHandler (ContextHandler.java:doStop(910)) - Stopped o.e.j.s.ServletContextHandler@217bf99e{/logs,file:///workdir/hadoop-ozone/integration-test/target/log,UNAVAILABLE}
2019-09-11 05:28:32,353 [Datanode State Machine Thread - 0] INFO  statemachine.DatanodeStateMachine (DatanodeStateMachine.java:lambda$startDaemon$0(350)) - Ozone container server started.
2019-09-11 05:28:33,057 [Datanode State Machine Thread - 0] INFO  statemachine.DatanodeStateMachine (DatanodeStateMachine.java:lambda$startDaemon$0(350)) - Ozone container server started.
2019-09-11 05:28:33,712 [Thread-730] INFO  impl.FollowerState (FollowerState.java:run(106)) - 29816365-9aa0-47fa-9c81-075266e0412a:group-48CEB0255408 changes to CANDIDATE, lastRpcTime:8291, electionTimeout:5110ms
2019-09-11 05:28:33,713 [Thread-730] INFO  impl.RoleInfo (RoleInfo.java:shutdownFollowerState(121)) - 29816365-9aa0-47fa-9c81-075266e0412a: shutdown FollowerState
2019-09-11 05:28:33,713 [Thread-730] INFO  impl.RaftServerImpl (RaftServerImpl.java:setRole(174)) - 29816365-9aa0-47fa-9c81-075266e0412a@group-48CEB0255408: changes role from  FOLLOWER to CANDIDATE at term 1 for changeToCandidate
2019-09-11 05:28:33,713 [Thread-730] INFO  impl.RoleInfo (RoleInfo.java:updateAndGet(143)) - 29816365-9aa0-47fa-9c81-075266e0412a: start LeaderElection
2019-09-11 05:28:33,715 [29816365-9aa0-47fa-9c81-075266e0412a@group-48CEB0255408:LeaderElection24] INFO  impl.RaftServerImpl (ServerState.java:setLeader(253)) - 29816365-9aa0-47fa-9c81-075266e0412a@group-48CEB0255408: change Leader from 7f78b414-4b36-4b2b-b519-84f027f211c0 to null at term 1 for initElection
2019-09-11 05:28:33,721 [29816365-9aa0-47fa-9c81-075266e0412a@group-48CEB0255408:LeaderElection24] INFO  impl.LeaderElection (LeaderElection.java:askForVotes(182)) - 29816365-9aa0-47fa-9c81-075266e0412a@group-48CEB0255408:LeaderElection24: begin an election at term 2 for 0: [5811cb92-11ab-4c57-944f-b33b1cb163a8:192.168.36.125:36529, 29816365-9aa0-47fa-9c81-075266e0412a:192.168.36.125:45064, 7f78b414-4b36-4b2b-b519-84f027f211c0:192.168.36.125:35690], old=null
2019-09-11 05:28:33,734 [29816365-9aa0-47fa-9c81-075266e0412a@group-48CEB0255408:LeaderElection24] INFO  impl.LeaderElection (LogUtils.java:infoOrTrace(149)) - 29816365-9aa0-47fa-9c81-075266e0412a@group-48CEB0255408:LeaderElection24 got exception when requesting votes: {}
java.util.concurrent.ExecutionException: org.apache.ratis.thirdparty.io.grpc.StatusRuntimeException: UNAVAILABLE: io exception
	at java.util.concurrent.FutureTask.report(FutureTask.java:122)
	at java.util.concurrent.FutureTask.get(FutureTask.java:192)
	at org.apache.ratis.server.impl.LeaderElection.waitForResults(LeaderElection.java:263)
	at org.apache.ratis.server.impl.LeaderElection.askForVotes(LeaderElection.java:201)
	at org.apache.ratis.server.impl.LeaderElection.run(LeaderElection.java:133)
	at java.lang.Thread.run(Thread.java:748)
Caused by: org.apache.ratis.thirdparty.io.grpc.StatusRuntimeException: UNAVAILABLE: io exception
	at org.apache.ratis.thirdparty.io.grpc.stub.ClientCalls.toStatusRuntimeException(ClientCalls.java:233)
	at org.apache.ratis.thirdparty.io.grpc.stub.ClientCalls.getUnchecked(ClientCalls.java:214)
	at org.apache.ratis.thirdparty.io.grpc.stub.ClientCalls.blockingUnaryCall(ClientCalls.java:139)
	at org.apache.ratis.proto.grpc.RaftServerProtocolServiceGrpc$RaftServerProtocolServiceBlockingStub.requestVote(RaftServerProtocolServiceGrpc.java:265)
	at org.apache.ratis.grpc.server.GrpcServerProtocolClient.requestVote(GrpcServerProtocolClient.java:90)
	at org.apache.ratis.grpc.server.GrpcService.requestVote(GrpcService.java:204)
	at org.apache.ratis.server.impl.LeaderElection.lambda$submitRequests$1(LeaderElection.java:238)
	at java.util.concurrent.FutureTask.run(FutureTask.java:266)
	at java.util.concurrent.Executors$RunnableAdapter.call(Executors.java:511)
	at java.util.concurrent.FutureTask.run(FutureTask.java:266)
	at java.util.concurrent.ThreadPoolExecutor.runWorker(ThreadPoolExecutor.java:1149)
	at java.util.concurrent.ThreadPoolExecutor$Worker.run(ThreadPoolExecutor.java:624)
	... 1 more
Caused by: org.apache.ratis.thirdparty.io.netty.channel.AbstractChannel$AnnotatedConnectException: Connection refused: /192.168.36.125:36529
	at sun.nio.ch.SocketChannelImpl.checkConnect(Native Method)
	at sun.nio.ch.SocketChannelImpl.finishConnect(SocketChannelImpl.java:717)
	at org.apache.ratis.thirdparty.io.netty.channel.socket.nio.NioSocketChannel.doFinishConnect(NioSocketChannel.java:327)
	at org.apache.ratis.thirdparty.io.netty.channel.nio.AbstractNioChannel$AbstractNioUnsafe.finishConnect(AbstractNioChannel.java:340)
	at org.apache.ratis.thirdparty.io.netty.channel.nio.NioEventLoop.processSelectedKey(NioEventLoop.java:632)
	at org.apache.ratis.thirdparty.io.netty.channel.nio.NioEventLoop.processSelectedKeysOptimized(NioEventLoop.java:579)
	at org.apache.ratis.thirdparty.io.netty.channel.nio.NioEventLoop.processSelectedKeys(NioEventLoop.java:496)
	at org.apache.ratis.thirdparty.io.netty.channel.nio.NioEventLoop.run(NioEventLoop.java:458)
	at org.apache.ratis.thirdparty.io.netty.util.concurrent.SingleThreadEventExecutor$5.run(SingleThreadEventExecutor.java:897)
	at org.apache.ratis.thirdparty.io.netty.util.concurrent.FastThreadLocalRunnable.run(FastThreadLocalRunnable.java:30)
	... 1 more
Caused by: java.net.ConnectException: Connection refused
	... 11 more
2019-09-11 05:28:33,736 [29816365-9aa0-47fa-9c81-075266e0412a@group-48CEB0255408:LeaderElection24] INFO  impl.LeaderElection (LogUtils.java:infoOrTrace(149)) - 29816365-9aa0-47fa-9c81-075266e0412a@group-48CEB0255408:LeaderElection24 got exception when requesting votes: {}
java.util.concurrent.ExecutionException: org.apache.ratis.thirdparty.io.grpc.StatusRuntimeException: UNAVAILABLE: io exception
	at java.util.concurrent.FutureTask.report(FutureTask.java:122)
	at java.util.concurrent.FutureTask.get(FutureTask.java:192)
	at org.apache.ratis.server.impl.LeaderElection.waitForResults(LeaderElection.java:263)
	at org.apache.ratis.server.impl.LeaderElection.askForVotes(LeaderElection.java:201)
	at org.apache.ratis.server.impl.LeaderElection.run(LeaderElection.java:133)
	at java.lang.Thread.run(Thread.java:748)
Caused by: org.apache.ratis.thirdparty.io.grpc.StatusRuntimeException: UNAVAILABLE: io exception
	at org.apache.ratis.thirdparty.io.grpc.stub.ClientCalls.toStatusRuntimeException(ClientCalls.java:233)
	at org.apache.ratis.thirdparty.io.grpc.stub.ClientCalls.getUnchecked(ClientCalls.java:214)
	at org.apache.ratis.thirdparty.io.grpc.stub.ClientCalls.blockingUnaryCall(ClientCalls.java:139)
	at org.apache.ratis.proto.grpc.RaftServerProtocolServiceGrpc$RaftServerProtocolServiceBlockingStub.requestVote(RaftServerProtocolServiceGrpc.java:265)
	at org.apache.ratis.grpc.server.GrpcServerProtocolClient.requestVote(GrpcServerProtocolClient.java:90)
	at org.apache.ratis.grpc.server.GrpcService.requestVote(GrpcService.java:204)
	at org.apache.ratis.server.impl.LeaderElection.lambda$submitRequests$1(LeaderElection.java:238)
	at java.util.concurrent.FutureTask.run(FutureTask.java:266)
	at java.util.concurrent.Executors$RunnableAdapter.call(Executors.java:511)
	at java.util.concurrent.FutureTask.run(FutureTask.java:266)
	at java.util.concurrent.ThreadPoolExecutor.runWorker(ThreadPoolExecutor.java:1149)
	at java.util.concurrent.ThreadPoolExecutor$Worker.run(ThreadPoolExecutor.java:624)
	... 1 more
Caused by: org.apache.ratis.thirdparty.io.netty.channel.AbstractChannel$AnnotatedConnectException: Connection refused: /192.168.36.125:35690
	at sun.nio.ch.SocketChannelImpl.checkConnect(Native Method)
	at sun.nio.ch.SocketChannelImpl.finishConnect(SocketChannelImpl.java:717)
	at org.apache.ratis.thirdparty.io.netty.channel.socket.nio.NioSocketChannel.doFinishConnect(NioSocketChannel.java:327)
	at org.apache.ratis.thirdparty.io.netty.channel.nio.AbstractNioChannel$AbstractNioUnsafe.finishConnect(AbstractNioChannel.java:340)
	at org.apache.ratis.thirdparty.io.netty.channel.nio.NioEventLoop.processSelectedKey(NioEventLoop.java:632)
	at org.apache.ratis.thirdparty.io.netty.channel.nio.NioEventLoop.processSelectedKeysOptimized(NioEventLoop.java:579)
	at org.apache.ratis.thirdparty.io.netty.channel.nio.NioEventLoop.processSelectedKeys(NioEventLoop.java:496)
	at org.apache.ratis.thirdparty.io.netty.channel.nio.NioEventLoop.run(NioEventLoop.java:458)
	at org.apache.ratis.thirdparty.io.netty.util.concurrent.SingleThreadEventExecutor$5.run(SingleThreadEventExecutor.java:897)
	at org.apache.ratis.thirdparty.io.netty.util.concurrent.FastThreadLocalRunnable.run(FastThreadLocalRunnable.java:30)
	... 1 more
Caused by: java.net.ConnectException: Connection refused
	... 11 more
2019-09-11 05:28:33,738 [29816365-9aa0-47fa-9c81-075266e0412a@group-48CEB0255408:LeaderElection24] INFO  impl.LeaderElection (LeaderElection.java:logAndReturn(56)) - 29816365-9aa0-47fa-9c81-075266e0412a@group-48CEB0255408:LeaderElection24: Election REJECTED; received 0 response(s) [] and 2 exception(s); 29816365-9aa0-47fa-9c81-075266e0412a@group-48CEB0255408:t2, leader=null, voted=29816365-9aa0-47fa-9c81-075266e0412a, raftlog=29816365-9aa0-47fa-9c81-075266e0412a@group-48CEB0255408-SegmentedRaftLog:OPENED:c0,f0,i0, conf=0: [5811cb92-11ab-4c57-944f-b33b1cb163a8:192.168.36.125:36529, 29816365-9aa0-47fa-9c81-075266e0412a:192.168.36.125:45064, 7f78b414-4b36-4b2b-b519-84f027f211c0:192.168.36.125:35690], old=null
2019-09-11 05:28:33,738 [29816365-9aa0-47fa-9c81-075266e0412a@group-48CEB0255408:LeaderElection24] INFO  impl.LeaderElection (LogUtils.java:infoOrTrace(149)) -   Exception 0: {}
java.util.concurrent.ExecutionException: org.apache.ratis.thirdparty.io.grpc.StatusRuntimeException: UNAVAILABLE: io exception
	at java.util.concurrent.FutureTask.report(FutureTask.java:122)
	at java.util.concurrent.FutureTask.get(FutureTask.java:192)
	at org.apache.ratis.server.impl.LeaderElection.waitForResults(LeaderElection.java:263)
	at org.apache.ratis.server.impl.LeaderElection.askForVotes(LeaderElection.java:201)
	at org.apache.ratis.server.impl.LeaderElection.run(LeaderElection.java:133)
	at java.lang.Thread.run(Thread.java:748)
Caused by: org.apache.ratis.thirdparty.io.grpc.StatusRuntimeException: UNAVAILABLE: io exception
	at org.apache.ratis.thirdparty.io.grpc.stub.ClientCalls.toStatusRuntimeException(ClientCalls.java:233)
	at org.apache.ratis.thirdparty.io.grpc.stub.ClientCalls.getUnchecked(ClientCalls.java:214)
	at org.apache.ratis.thirdparty.io.grpc.stub.ClientCalls.blockingUnaryCall(ClientCalls.java:139)
	at org.apache.ratis.proto.grpc.RaftServerProtocolServiceGrpc$RaftServerProtocolServiceBlockingStub.requestVote(RaftServerProtocolServiceGrpc.java:265)
	at org.apache.ratis.grpc.server.GrpcServerProtocolClient.requestVote(GrpcServerProtocolClient.java:90)
	at org.apache.ratis.grpc.server.GrpcService.requestVote(GrpcService.java:204)
	at org.apache.ratis.server.impl.LeaderElection.lambda$submitRequests$1(LeaderElection.java:238)
	at java.util.concurrent.FutureTask.run(FutureTask.java:266)
	at java.util.concurrent.Executors$RunnableAdapter.call(Executors.java:511)
	at java.util.concurrent.FutureTask.run(FutureTask.java:266)
	at java.util.concurrent.ThreadPoolExecutor.runWorker(ThreadPoolExecutor.java:1149)
	at java.util.concurrent.ThreadPoolExecutor$Worker.run(ThreadPoolExecutor.java:624)
	... 1 more
Caused by: org.apache.ratis.thirdparty.io.netty.channel.AbstractChannel$AnnotatedConnectException: Connection refused: /192.168.36.125:36529
	at sun.nio.ch.SocketChannelImpl.checkConnect(Native Method)
	at sun.nio.ch.SocketChannelImpl.finishConnect(SocketChannelImpl.java:717)
	at org.apache.ratis.thirdparty.io.netty.channel.socket.nio.NioSocketChannel.doFinishConnect(NioSocketChannel.java:327)
	at org.apache.ratis.thirdparty.io.netty.channel.nio.AbstractNioChannel$AbstractNioUnsafe.finishConnect(AbstractNioChannel.java:340)
	at org.apache.ratis.thirdparty.io.netty.channel.nio.NioEventLoop.processSelectedKey(NioEventLoop.java:632)
	at org.apache.ratis.thirdparty.io.netty.channel.nio.NioEventLoop.processSelectedKeysOptimized(NioEventLoop.java:579)
	at org.apache.ratis.thirdparty.io.netty.channel.nio.NioEventLoop.processSelectedKeys(NioEventLoop.java:496)
	at org.apache.ratis.thirdparty.io.netty.channel.nio.NioEventLoop.run(NioEventLoop.java:458)
	at org.apache.ratis.thirdparty.io.netty.util.concurrent.SingleThreadEventExecutor$5.run(SingleThreadEventExecutor.java:897)
	at org.apache.ratis.thirdparty.io.netty.util.concurrent.FastThreadLocalRunnable.run(FastThreadLocalRunnable.java:30)
	... 1 more
Caused by: java.net.ConnectException: Connection refused
	... 11 more
2019-09-11 05:28:33,739 [29816365-9aa0-47fa-9c81-075266e0412a@group-48CEB0255408:LeaderElection24] INFO  impl.LeaderElection (LogUtils.java:infoOrTrace(149)) -   Exception 1: {}
java.util.concurrent.ExecutionException: org.apache.ratis.thirdparty.io.grpc.StatusRuntimeException: UNAVAILABLE: io exception
	at java.util.concurrent.FutureTask.report(FutureTask.java:122)
	at java.util.concurrent.FutureTask.get(FutureTask.java:192)
	at org.apache.ratis.server.impl.LeaderElection.waitForResults(LeaderElection.java:263)
	at org.apache.ratis.server.impl.LeaderElection.askForVotes(LeaderElection.java:201)
	at org.apache.ratis.server.impl.LeaderElection.run(LeaderElection.java:133)
	at java.lang.Thread.run(Thread.java:748)
Caused by: org.apache.ratis.thirdparty.io.grpc.StatusRuntimeException: UNAVAILABLE: io exception
	at org.apache.ratis.thirdparty.io.grpc.stub.ClientCalls.toStatusRuntimeException(ClientCalls.java:233)
	at org.apache.ratis.thirdparty.io.grpc.stub.ClientCalls.getUnchecked(ClientCalls.java:214)
	at org.apache.ratis.thirdparty.io.grpc.stub.ClientCalls.blockingUnaryCall(ClientCalls.java:139)
	at org.apache.ratis.proto.grpc.RaftServerProtocolServiceGrpc$RaftServerProtocolServiceBlockingStub.requestVote(RaftServerProtocolServiceGrpc.java:265)
	at org.apache.ratis.grpc.server.GrpcServerProtocolClient.requestVote(GrpcServerProtocolClient.java:90)
	at org.apache.ratis.grpc.server.GrpcService.requestVote(GrpcService.java:204)
	at org.apache.ratis.server.impl.LeaderElection.lambda$submitRequests$1(LeaderElection.java:238)
	at java.util.concurrent.FutureTask.run(FutureTask.java:266)
	at java.util.concurrent.Executors$RunnableAdapter.call(Executors.java:511)
	at java.util.concurrent.FutureTask.run(FutureTask.java:266)
	at java.util.concurrent.ThreadPoolExecutor.runWorker(ThreadPoolExecutor.java:1149)
	at java.util.concurrent.ThreadPoolExecutor$Worker.run(ThreadPoolExecutor.java:624)
	... 1 more
Caused by: org.apache.ratis.thirdparty.io.netty.channel.AbstractChannel$AnnotatedConnectException: Connection refused: /192.168.36.125:35690
	at sun.nio.ch.SocketChannelImpl.checkConnect(Native Method)
	at sun.nio.ch.SocketChannelImpl.finishConnect(SocketChannelImpl.java:717)
	at org.apache.ratis.thirdparty.io.netty.channel.socket.nio.NioSocketChannel.doFinishConnect(NioSocketChannel.java:327)
	at org.apache.ratis.thirdparty.io.netty.channel.nio.AbstractNioChannel$AbstractNioUnsafe.finishConnect(AbstractNioChannel.java:340)
	at org.apache.ratis.thirdparty.io.netty.channel.nio.NioEventLoop.processSelectedKey(NioEventLoop.java:632)
	at org.apache.ratis.thirdparty.io.netty.channel.nio.NioEventLoop.processSelectedKeysOptimized(NioEventLoop.java:579)
	at org.apache.ratis.thirdparty.io.netty.channel.nio.NioEventLoop.processSelectedKeys(NioEventLoop.java:496)
	at org.apache.ratis.thirdparty.io.netty.channel.nio.NioEventLoop.run(NioEventLoop.java:458)
	at org.apache.ratis.thirdparty.io.netty.util.concurrent.SingleThreadEventExecutor$5.run(SingleThreadEventExecutor.java:897)
	at org.apache.ratis.thirdparty.io.netty.util.concurrent.FastThreadLocalRunnable.run(FastThreadLocalRunnable.java:30)
	... 1 more
Caused by: java.net.ConnectException: Connection refused
	... 11 more
2019-09-11 05:28:33,740 [29816365-9aa0-47fa-9c81-075266e0412a@group-48CEB0255408:LeaderElection24] INFO  impl.RaftServerImpl (RaftServerImpl.java:setRole(174)) - 29816365-9aa0-47fa-9c81-075266e0412a@group-48CEB0255408: changes role from CANDIDATE to FOLLOWER at term 2 for DISCOVERED_A_NEW_TERM
2019-09-11 05:28:33,740 [29816365-9aa0-47fa-9c81-075266e0412a@group-48CEB0255408:LeaderElection24] INFO  impl.RoleInfo (RoleInfo.java:shutdownLeaderElection(134)) - 29816365-9aa0-47fa-9c81-075266e0412a: shutdown LeaderElection
2019-09-11 05:28:33,740 [29816365-9aa0-47fa-9c81-075266e0412a@group-48CEB0255408:LeaderElection24] INFO  impl.RoleInfo (RoleInfo.java:updateAndGet(143)) - 29816365-9aa0-47fa-9c81-075266e0412a: start FollowerState
2019-09-11 05:28:37,175 [main] INFO  ozoneimpl.OzoneContainer (OzoneContainer.java:stop(231)) - Attempting to stop container services.
2019-09-11 05:28:37,177 [ForkJoinPool.commonPool-worker-1] INFO  ozoneimpl.OzoneContainer (OzoneContainer.java:stop(231)) - Attempting to stop container services.
2019-09-11 05:28:37,178 [main] INFO  impl.RaftServerProxy (RaftServerProxy.java:lambda$close$4(314)) - df817b81-633c-4047-a5d9-a1ed1747652a: close
2019-09-11 05:28:37,178 [ForkJoinPool.commonPool-worker-1] INFO  impl.RaftServerProxy (RaftServerProxy.java:lambda$close$4(314)) - 29816365-9aa0-47fa-9c81-075266e0412a: close
2019-09-11 05:28:37,179 [main] INFO  impl.RaftServerImpl (RaftServerImpl.java:lambda$shutdown$3(251)) - df817b81-633c-4047-a5d9-a1ed1747652a@group-9E86F654D414: shutdown
2019-09-11 05:28:37,179 [ForkJoinPool.commonPool-worker-1] INFO  impl.RaftServerImpl (RaftServerImpl.java:lambda$shutdown$3(251)) - 29816365-9aa0-47fa-9c81-075266e0412a@group-CD51E15EFC53: shutdown
2019-09-11 05:28:37,179 [main] INFO  util.JmxRegister (JmxRegister.java:unregister(73)) - Successfully un-registered JMX Bean with object name Ratis:service=RaftServer,group=group-9E86F654D414,id=df817b81-633c-4047-a5d9-a1ed1747652a
2019-09-11 05:28:37,180 [ForkJoinPool.commonPool-worker-1] INFO  util.JmxRegister (JmxRegister.java:unregister(73)) - Successfully un-registered JMX Bean with object name Ratis:service=RaftServer,group=group-CD51E15EFC53,id=29816365-9aa0-47fa-9c81-075266e0412a
2019-09-11 05:28:37,180 [main] INFO  impl.RoleInfo (RoleInfo.java:shutdownFollowerState(121)) - df817b81-633c-4047-a5d9-a1ed1747652a: shutdown FollowerState
2019-09-11 05:28:37,180 [ForkJoinPool.commonPool-worker-1] INFO  impl.RoleInfo (RoleInfo.java:shutdownLeaderState(104)) - 29816365-9aa0-47fa-9c81-075266e0412a: shutdown LeaderState
2019-09-11 05:28:37,181 [Thread-752] INFO  impl.FollowerState (FollowerState.java:run(115)) - df817b81-633c-4047-a5d9-a1ed1747652a: FollowerState was interrupted: java.lang.InterruptedException: sleep interrupted
2019-09-11 05:28:37,181 [ForkJoinPool.commonPool-worker-1] INFO  impl.PendingRequests (PendingRequests.java:sendNotLeaderResponses(202)) - 29816365-9aa0-47fa-9c81-075266e0412a-PendingRequests: sendNotLeaderResponses
2019-09-11 05:28:37,181 [df817b81-633c-4047-a5d9-a1ed1747652a@group-9E86F654D414-StateMachineUpdater] INFO  ratis.ContainerStateMachine (ContainerStateMachine.java:takeSnapshot(289)) - group-9E86F654D414: Taking a snapshot at:(t:1, i:6) file /workdir/hadoop-ozone/integration-test/target/test-dir/MiniOzoneClusterImpl-293f29a2-6a00-4c6f-b8d4-f95033339b2e/datanode-6/data/ratis/6ba034ac-1e8a-4738-933c-9e86f654d414/sm/snapshot.1_6
2019-09-11 05:28:37,181 [main] INFO  impl.StateMachineUpdater (StateMachineUpdater.java:stopAndJoin(125)) - df817b81-633c-4047-a5d9-a1ed1747652a@group-9E86F654D414-StateMachineUpdater: set stopIndex = 8
2019-09-11 05:28:37,183 [ForkJoinPool.commonPool-worker-1] INFO  impl.StateMachineUpdater (StateMachineUpdater.java:stopAndJoin(125)) - 29816365-9aa0-47fa-9c81-075266e0412a@group-CD51E15EFC53-StateMachineUpdater: set stopIndex = 0
2019-09-11 05:28:37,184 [ForkJoinPool.commonPool-worker-1] INFO  impl.RaftServerImpl (ServerState.java:close(385)) - 29816365-9aa0-47fa-9c81-075266e0412a@group-CD51E15EFC53: closes. applyIndex: 0
2019-09-11 05:28:37,184 [29816365-9aa0-47fa-9c81-075266e0412a@group-CD51E15EFC53-SegmentedRaftLogWorker] INFO  segmented.SegmentedRaftLogWorker (SegmentedRaftLogWorker.java:run(313)) - 29816365-9aa0-47fa-9c81-075266e0412a@group-CD51E15EFC53-SegmentedRaftLogWorker was interrupted, exiting. There are 0 tasks remaining in the queue.
2019-09-11 05:28:37,194 [ForkJoinPool.commonPool-worker-1] INFO  segmented.SegmentedRaftLogWorker (SegmentedRaftLogWorker.java:close(228)) - 29816365-9aa0-47fa-9c81-075266e0412a@group-CD51E15EFC53-SegmentedRaftLogWorker close()
2019-09-11 05:28:37,196 [df817b81-633c-4047-a5d9-a1ed1747652a@group-9E86F654D414-StateMachineUpdater] INFO  ratis.ContainerStateMachine (ContainerStateMachine.java:takeSnapshot(300)) - group-9E86F654D414: Finished taking a snapshot at:(t:1, i:6) file:/workdir/hadoop-ozone/integration-test/target/test-dir/MiniOzoneClusterImpl-293f29a2-6a00-4c6f-b8d4-f95033339b2e/datanode-6/data/ratis/6ba034ac-1e8a-4738-933c-9e86f654d414/sm/snapshot.1_6 time:15
2019-09-11 05:28:37,196 [ForkJoinPool.commonPool-worker-1] INFO  impl.RaftServerImpl (RaftServerImpl.java:lambda$shutdown$3(251)) - 29816365-9aa0-47fa-9c81-075266e0412a@group-48CEB0255408: shutdown
2019-09-11 05:28:37,196 [df817b81-633c-4047-a5d9-a1ed1747652a@group-9E86F654D414-StateMachineUpdater] INFO  impl.StateMachineUpdater (StateMachineUpdater.java:takeSnapshot(258)) - df817b81-633c-4047-a5d9-a1ed1747652a@group-9E86F654D414-StateMachineUpdater: Took a snapshot at index 6
2019-09-11 05:28:37,196 [ForkJoinPool.commonPool-worker-1] INFO  util.JmxRegister (JmxRegister.java:unregister(73)) - Successfully un-registered JMX Bean with object name Ratis:service=RaftServer,group=group-48CEB0255408,id=29816365-9aa0-47fa-9c81-075266e0412a
2019-09-11 05:28:37,196 [df817b81-633c-4047-a5d9-a1ed1747652a@group-9E86F654D414-StateMachineUpdater] INFO  impl.StateMachineUpdater (StateMachineUpdater.java:lambda$new$0(83)) - df817b81-633c-4047-a5d9-a1ed1747652a@group-9E86F654D414-StateMachineUpdater: snapshotIndex: updateIncreasingly -1 -> 6
2019-09-11 05:28:37,196 [ForkJoinPool.commonPool-worker-1] INFO  impl.RoleInfo (RoleInfo.java:shutdownFollowerState(121)) - 29816365-9aa0-47fa-9c81-075266e0412a: shutdown FollowerState
2019-09-11 05:28:37,196 [df817b81-633c-4047-a5d9-a1ed1747652a@group-9E86F654D414-StateMachineUpdater] INFO  ratis.ContainerStateMachine (ContainerStateMachine.java:takeSnapshot(289)) - group-9E86F654D414: Taking a snapshot at:(t:1, i:6) file /workdir/hadoop-ozone/integration-test/target/test-dir/MiniOzoneClusterImpl-293f29a2-6a00-4c6f-b8d4-f95033339b2e/datanode-6/data/ratis/6ba034ac-1e8a-4738-933c-9e86f654d414/sm/snapshot.1_6
2019-09-11 05:28:37,197 [ForkJoinPool.commonPool-worker-1] INFO  impl.StateMachineUpdater (StateMachineUpdater.java:stopAndJoin(125)) - 29816365-9aa0-47fa-9c81-075266e0412a@group-48CEB0255408-StateMachineUpdater: set stopIndex = 0
2019-09-11 05:28:37,197 [Thread-1508] INFO  impl.FollowerState (FollowerState.java:run(115)) - 29816365-9aa0-47fa-9c81-075266e0412a: FollowerState was interrupted: java.lang.InterruptedException: sleep interrupted
2019-09-11 05:28:37,197 [ForkJoinPool.commonPool-worker-1] INFO  impl.RaftServerImpl (ServerState.java:close(385)) - 29816365-9aa0-47fa-9c81-075266e0412a@group-48CEB0255408: closes. applyIndex: 0
2019-09-11 05:28:37,199 [29816365-9aa0-47fa-9c81-075266e0412a@group-48CEB0255408-SegmentedRaftLogWorker] INFO  segmented.SegmentedRaftLogWorker (SegmentedRaftLogWorker.java:run(313)) - 29816365-9aa0-47fa-9c81-075266e0412a@group-48CEB0255408-SegmentedRaftLogWorker was interrupted, exiting. There are 0 tasks remaining in the queue.
2019-09-11 05:28:37,208 [ForkJoinPool.commonPool-worker-1] INFO  segmented.SegmentedRaftLogWorker (SegmentedRaftLogWorker.java:close(228)) - 29816365-9aa0-47fa-9c81-075266e0412a@group-48CEB0255408-SegmentedRaftLogWorker close()
2019-09-11 05:28:37,213 [df817b81-633c-4047-a5d9-a1ed1747652a@group-9E86F654D414-StateMachineUpdater] INFO  ratis.ContainerStateMachine (ContainerStateMachine.java:takeSnapshot(300)) - group-9E86F654D414: Finished taking a snapshot at:(t:1, i:6) file:/workdir/hadoop-ozone/integration-test/target/test-dir/MiniOzoneClusterImpl-293f29a2-6a00-4c6f-b8d4-f95033339b2e/datanode-6/data/ratis/6ba034ac-1e8a-4738-933c-9e86f654d414/sm/snapshot.1_6 time:16
2019-09-11 05:28:37,213 [ForkJoinPool.commonPool-worker-1] INFO  server.GrpcService (GrpcService.java:closeImpl(164)) - 29816365-9aa0-47fa-9c81-075266e0412a: shutdown server with port 45064 now
2019-09-11 05:28:37,213 [df817b81-633c-4047-a5d9-a1ed1747652a@group-9E86F654D414-StateMachineUpdater] INFO  impl.StateMachineUpdater (StateMachineUpdater.java:takeSnapshot(258)) - df817b81-633c-4047-a5d9-a1ed1747652a@group-9E86F654D414-StateMachineUpdater: Took a snapshot at index 6
2019-09-11 05:28:37,213 [df817b81-633c-4047-a5d9-a1ed1747652a@group-9E86F654D414-StateMachineUpdater] INFO  impl.StateMachineUpdater (StateMachineUpdater.java:lambda$new$0(83)) - df817b81-633c-4047-a5d9-a1ed1747652a@group-9E86F654D414-StateMachineUpdater: snapshotIndex: updateIncreasingly 6 -> 6
2019-09-11 05:28:37,217 [main] INFO  impl.RaftServerImpl (ServerState.java:close(385)) - df817b81-633c-4047-a5d9-a1ed1747652a@group-9E86F654D414: closes. applyIndex: 8
2019-09-11 05:28:37,217 [ForkJoinPool.commonPool-worker-1] INFO  server.GrpcService (GrpcService.java:closeImpl(172)) - 29816365-9aa0-47fa-9c81-075266e0412a: shutdown server with port 45064 successfully
2019-09-11 05:28:37,217 [df817b81-633c-4047-a5d9-a1ed1747652a@group-9E86F654D414-SegmentedRaftLogWorker] INFO  segmented.SegmentedRaftLogWorker (SegmentedRaftLogWorker.java:run(313)) - df817b81-633c-4047-a5d9-a1ed1747652a@group-9E86F654D414-SegmentedRaftLogWorker was interrupted, exiting. There are 0 tasks remaining in the queue.
2019-09-11 05:28:37,218 [main] INFO  segmented.SegmentedRaftLogWorker (SegmentedRaftLogWorker.java:close(228)) - df817b81-633c-4047-a5d9-a1ed1747652a@group-9E86F654D414-SegmentedRaftLogWorker close()
2019-09-11 05:28:37,218 [main] INFO  impl.RaftServerImpl (RaftServerImpl.java:lambda$shutdown$3(251)) - df817b81-633c-4047-a5d9-a1ed1747652a@group-ADF582067295: shutdown
2019-09-11 05:28:37,219 [main] INFO  util.JmxRegister (JmxRegister.java:unregister(73)) - Successfully un-registered JMX Bean with object name Ratis:service=RaftServer,group=group-ADF582067295,id=df817b81-633c-4047-a5d9-a1ed1747652a
2019-09-11 05:28:37,219 [main] INFO  impl.RoleInfo (RoleInfo.java:shutdownLeaderState(104)) - df817b81-633c-4047-a5d9-a1ed1747652a: shutdown LeaderState
2019-09-11 05:28:37,220 [main] INFO  impl.PendingRequests (PendingRequests.java:sendNotLeaderResponses(202)) - df817b81-633c-4047-a5d9-a1ed1747652a-PendingRequests: sendNotLeaderResponses
2019-09-11 05:28:37,221 [main] INFO  impl.StateMachineUpdater (StateMachineUpdater.java:stopAndJoin(125)) - df817b81-633c-4047-a5d9-a1ed1747652a@group-ADF582067295-StateMachineUpdater: set stopIndex = 0
2019-09-11 05:28:37,221 [main] INFO  impl.RaftServerImpl (ServerState.java:close(385)) - df817b81-633c-4047-a5d9-a1ed1747652a@group-ADF582067295: closes. applyIndex: 0
2019-09-11 05:28:37,222 [df817b81-633c-4047-a5d9-a1ed1747652a@group-ADF582067295-SegmentedRaftLogWorker] INFO  segmented.SegmentedRaftLogWorker (SegmentedRaftLogWorker.java:run(313)) - df817b81-633c-4047-a5d9-a1ed1747652a@group-ADF582067295-SegmentedRaftLogWorker was interrupted, exiting. There are 0 tasks remaining in the queue.
2019-09-11 05:28:37,222 [main] INFO  segmented.SegmentedRaftLogWorker (SegmentedRaftLogWorker.java:close(228)) - df817b81-633c-4047-a5d9-a1ed1747652a@group-ADF582067295-SegmentedRaftLogWorker close()
2019-09-11 05:28:37,223 [main] INFO  server.GrpcService (GrpcService.java:closeImpl(164)) - df817b81-633c-4047-a5d9-a1ed1747652a: shutdown server with port 35607 now
2019-09-11 05:28:37,223 [refreshUsed-/workdir/hadoop-ozone/integration-test/target/test-dir/MiniOzoneClusterImpl-293f29a2-6a00-4c6f-b8d4-f95033339b2e/datanode-0/data/containers] WARN  fs.CachingGetSpaceUsed (CachingGetSpaceUsed.java:run(183)) - Thread Interrupted waiting to refresh disk information: sleep interrupted
2019-09-11 05:28:37,225 [main] INFO  server.GrpcService (GrpcService.java:closeImpl(172)) - df817b81-633c-4047-a5d9-a1ed1747652a: shutdown server with port 35607 successfully
2019-09-11 05:28:37,226 [grpc-default-executor-8] WARN  client.GrpcClientProtocolService (LogUtils.java:warn(134)) - 31-OrderedRequestStreamObserver31: onError: org.apache.ratis.thirdparty.io.grpc.StatusRuntimeException: CANCELLED: cancelled before receiving half close
2019-09-11 05:28:37,227 [refreshUsed-/workdir/hadoop-ozone/integration-test/target/test-dir/MiniOzoneClusterImpl-293f29a2-6a00-4c6f-b8d4-f95033339b2e/datanode-6/data/containers] WARN  fs.CachingGetSpaceUsed (CachingGetSpaceUsed.java:run(183)) - Thread Interrupted waiting to refresh disk information: sleep interrupted
2019-09-11 05:28:37,241 [ForkJoinPool.commonPool-worker-1] INFO  utils.BackgroundService (BackgroundService.java:shutdown(148)) - Shutting down service BlockDeletingService
2019-09-11 05:28:37,245 [ForkJoinPool.commonPool-worker-1] INFO  statemachine.DatanodeStateMachine (DatanodeStateMachine.java:stopDaemon(395)) - Ozone container server stopped.
2019-09-11 05:28:37,249 [ForkJoinPool.commonPool-worker-1] INFO  handler.ContextHandler (ContextHandler.java:doStop(910)) - Stopped o.e.j.w.WebAppContext@16aed49f{/,null,UNAVAILABLE}{/hddsDatanode}
2019-09-11 05:28:37,250 [ForkJoinPool.commonPool-worker-1] INFO  server.AbstractConnector (AbstractConnector.java:doStop(318)) - Stopped ServerConnector@66de00f2{HTTP/1.1,[http/1.1]}{0.0.0.0:0}
2019-09-11 05:28:37,251 [main] INFO  utils.BackgroundService (BackgroundService.java:shutdown(148)) - Shutting down service BlockDeletingService
2019-09-11 05:28:37,251 [ForkJoinPool.commonPool-worker-1] INFO  handler.ContextHandler (ContextHandler.java:doStop(910)) - Stopped o.e.j.s.ServletContextHandler@4d0e54e0{/static,jar:file:/home/user/.m2/repository/org/apache/hadoop/hadoop-hdds-container-service/0.5.0-SNAPSHOT/hadoop-hdds-container-service-0.5.0-SNAPSHOT.jar!/webapps/static,UNAVAILABLE}
2019-09-11 05:28:37,253 [ForkJoinPool.commonPool-worker-1] INFO  handler.ContextHandler (ContextHandler.java:doStop(910)) - Stopped o.e.j.s.ServletContextHandler@72b43104{/logs,file:///workdir/hadoop-ozone/integration-test/target/log,UNAVAILABLE}
2019-09-11 05:28:37,256 [main] INFO  statemachine.DatanodeStateMachine (DatanodeStateMachine.java:stopDaemon(395)) - Ozone container server stopped.
2019-09-11 05:28:37,258 [main] INFO  handler.ContextHandler (ContextHandler.java:doStop(910)) - Stopped o.e.j.w.WebAppContext@f8a6243{/,null,UNAVAILABLE}{/hddsDatanode}
2019-09-11 05:28:37,258 [main] INFO  server.AbstractConnector (AbstractConnector.java:doStop(318)) - Stopped ServerConnector@4a8ffd75{HTTP/1.1,[http/1.1]}{0.0.0.0:0}
2019-09-11 05:28:37,259 [main] INFO  handler.ContextHandler (ContextHandler.java:doStop(910)) - Stopped o.e.j.s.ServletContextHandler@467233e4{/static,jar:file:/home/user/.m2/repository/org/apache/hadoop/hadoop-hdds-container-service/0.5.0-SNAPSHOT/hadoop-hdds-container-service-0.5.0-SNAPSHOT.jar!/webapps/static,UNAVAILABLE}
2019-09-11 05:28:37,259 [main] INFO  handler.ContextHandler (ContextHandler.java:doStop(910)) - Stopped o.e.j.s.ServletContextHandler@5d3ff859{/logs,file:///workdir/hadoop-ozone/integration-test/target/log,UNAVAILABLE}
2019-09-11 05:28:37,390 [Datanode State Machine Thread - 0] INFO  statemachine.DatanodeStateMachine (DatanodeStateMachine.java:lambda$startDaemon$0(350)) - Ozone container server started.
2019-09-11 05:28:42,259 [ForkJoinPool.commonPool-worker-1] INFO  ozoneimpl.OzoneContainer (OzoneContainer.java:stop(231)) - Attempting to stop container services.
2019-09-11 05:28:42,261 [ForkJoinPool.commonPool-worker-1] INFO  impl.RaftServerProxy (RaftServerProxy.java:lambda$close$4(314)) - 4fcbdd63-8378-4c91-8c19-35bef64986a6: close
2019-09-11 05:28:42,262 [ForkJoinPool.commonPool-worker-1] INFO  impl.RaftServerImpl (RaftServerImpl.java:lambda$shutdown$3(251)) - 4fcbdd63-8378-4c91-8c19-35bef64986a6@group-5A0608164A7C: shutdown
2019-09-11 05:28:42,262 [ForkJoinPool.commonPool-worker-1] INFO  util.JmxRegister (JmxRegister.java:unregister(73)) - Successfully un-registered JMX Bean with object name Ratis:service=RaftServer,group=group-5A0608164A7C,id=4fcbdd63-8378-4c91-8c19-35bef64986a6
2019-09-11 05:28:42,263 [ForkJoinPool.commonPool-worker-1] INFO  impl.RoleInfo (RoleInfo.java:shutdownLeaderState(104)) - 4fcbdd63-8378-4c91-8c19-35bef64986a6: shutdown LeaderState
2019-09-11 05:28:42,263 [ForkJoinPool.commonPool-worker-1] INFO  impl.PendingRequests (PendingRequests.java:sendNotLeaderResponses(202)) - 4fcbdd63-8378-4c91-8c19-35bef64986a6-PendingRequests: sendNotLeaderResponses
2019-09-11 05:28:42,265 [ForkJoinPool.commonPool-worker-1] INFO  impl.StateMachineUpdater (StateMachineUpdater.java:stopAndJoin(125)) - 4fcbdd63-8378-4c91-8c19-35bef64986a6@group-5A0608164A7C-StateMachineUpdater: set stopIndex = 0
2019-09-11 05:28:42,265 [ForkJoinPool.commonPool-worker-1] INFO  impl.RaftServerImpl (ServerState.java:close(385)) - 4fcbdd63-8378-4c91-8c19-35bef64986a6@group-5A0608164A7C: closes. applyIndex: 0
2019-09-11 05:28:42,266 [4fcbdd63-8378-4c91-8c19-35bef64986a6@group-5A0608164A7C-SegmentedRaftLogWorker] INFO  segmented.SegmentedRaftLogWorker (SegmentedRaftLogWorker.java:run(313)) - 4fcbdd63-8378-4c91-8c19-35bef64986a6@group-5A0608164A7C-SegmentedRaftLogWorker was interrupted, exiting. There are 0 tasks remaining in the queue.
2019-09-11 05:28:42,266 [ForkJoinPool.commonPool-worker-1] INFO  segmented.SegmentedRaftLogWorker (SegmentedRaftLogWorker.java:close(228)) - 4fcbdd63-8378-4c91-8c19-35bef64986a6@group-5A0608164A7C-SegmentedRaftLogWorker close()
2019-09-11 05:28:42,267 [ForkJoinPool.commonPool-worker-1] INFO  server.GrpcService (GrpcService.java:closeImpl(164)) - 4fcbdd63-8378-4c91-8c19-35bef64986a6: shutdown server with port 34909 now
2019-09-11 05:28:42,269 [ForkJoinPool.commonPool-worker-1] INFO  server.GrpcService (GrpcService.java:closeImpl(172)) - 4fcbdd63-8378-4c91-8c19-35bef64986a6: shutdown server with port 34909 successfully
2019-09-11 05:28:42,272 [refreshUsed-/workdir/hadoop-ozone/integration-test/target/test-dir/MiniOzoneClusterImpl-293f29a2-6a00-4c6f-b8d4-f95033339b2e/datanode-5/data/containers] WARN  fs.CachingGetSpaceUsed (CachingGetSpaceUsed.java:run(183)) - Thread Interrupted waiting to refresh disk information: sleep interrupted
2019-09-11 05:28:42,299 [ForkJoinPool.commonPool-worker-1] INFO  utils.BackgroundService (BackgroundService.java:shutdown(148)) - Shutting down service BlockDeletingService
2019-09-11 05:28:42,303 [ForkJoinPool.commonPool-worker-1] INFO  statemachine.DatanodeStateMachine (DatanodeStateMachine.java:stopDaemon(395)) - Ozone container server stopped.
2019-09-11 05:28:42,307 [ForkJoinPool.commonPool-worker-1] INFO  handler.ContextHandler (ContextHandler.java:doStop(910)) - Stopped o.e.j.w.WebAppContext@70721c12{/,null,UNAVAILABLE}{/hddsDatanode}
2019-09-11 05:28:42,308 [ForkJoinPool.commonPool-worker-1] INFO  server.AbstractConnector (AbstractConnector.java:doStop(318)) - Stopped ServerConnector@769bd849{HTTP/1.1,[http/1.1]}{0.0.0.0:0}
2019-09-11 05:28:42,313 [ForkJoinPool.commonPool-worker-1] INFO  handler.ContextHandler (ContextHandler.java:doStop(910)) - Stopped o.e.j.s.ServletContextHandler@60a7e509{/static,jar:file:/home/user/.m2/repository/org/apache/hadoop/hadoop-hdds-container-service/0.5.0-SNAPSHOT/hadoop-hdds-container-service-0.5.0-SNAPSHOT.jar!/webapps/static,UNAVAILABLE}
2019-09-11 05:28:42,313 [ForkJoinPool.commonPool-worker-1] INFO  handler.ContextHandler (ContextHandler.java:doStop(910)) - Stopped o.e.j.s.ServletContextHandler@40c2ce52{/logs,file:///workdir/hadoop-ozone/integration-test/target/log,UNAVAILABLE}
2019-09-11 05:28:42,314 [main] INFO  ozone.MiniOzoneClusterImpl (MiniOzoneClusterImpl.java:stop(339)) - Stopping the StorageContainerManager
2019-09-11 05:28:42,315 [main] INFO  server.StorageContainerManager (StorageContainerManager.java:stop(801)) - Stopping Replication Manager Service.
2019-09-11 05:28:42,315 [main] INFO  container.ReplicationManager (ReplicationManager.java:stop(203)) - Stopping Replication Monitor Thread.
2019-09-11 05:28:42,315 [main] INFO  server.StorageContainerManager (StorageContainerManager.java:stop(808)) - Stopping Lease Manager of the command watchers
2019-09-11 05:28:42,315 [main] INFO  server.StorageContainerManager (StorageContainerManager.java:stop(815)) - Stopping datanode service RPC server
2019-09-11 05:28:42,316 [main] INFO  server.SCMDatanodeProtocolServer (SCMDatanodeProtocolServer.java:stop(367)) - Stopping the RPC server for DataNodes
2019-09-11 05:28:42,316 [main] INFO  ipc.Server (Server.java:stop(3082)) - Stopping server on 41541
2019-09-11 05:28:42,319 [IPC Server listener on 41541] INFO  ipc.Server (Server.java:run(1185)) - Stopping IPC Server listener on 41541
2019-09-11 05:28:42,319 [IPC Server Responder] INFO  ipc.Server (Server.java:run(1319)) - Stopping IPC Server Responder
2019-09-11 05:28:42,361 [SCM Heartbeat Processing Thread - 0] WARN  node.NodeStateManager (NodeStateManager.java:scheduleNextHealthCheck(646)) - Current Thread is interrupted, shutting down HB processing thread for Node Manager.
2019-09-11 05:28:42,362 [main] INFO  server.StorageContainerManager (StorageContainerManager.java:stop(823)) - Stopping block service RPC server
2019-09-11 05:28:42,362 [main] INFO  server.SCMBlockProtocolServer (SCMBlockProtocolServer.java:stop(155)) - Stopping the RPC server for Block Protocol
2019-09-11 05:28:42,362 [main] INFO  ipc.Server (Server.java:stop(3082)) - Stopping server on 45327
2019-09-11 05:28:42,364 [IPC Server listener on 45327] INFO  ipc.Server (Server.java:run(1185)) - Stopping IPC Server listener on 45327
2019-09-11 05:28:42,364 [main] INFO  server.StorageContainerManager (StorageContainerManager.java:stop(830)) - Stopping the StorageContainerLocationProtocol RPC server
2019-09-11 05:28:42,365 [main] INFO  server.SCMClientProtocolServer (SCMClientProtocolServer.java:stop(159)) - Stopping the RPC server for Client Protocol
2019-09-11 05:28:42,366 [main] INFO  ipc.Server (Server.java:stop(3082)) - Stopping server on 41839
2019-09-11 05:28:42,365 [IPC Server Responder] INFO  ipc.Server (Server.java:run(1319)) - Stopping IPC Server Responder
2019-09-11 05:28:42,368 [IPC Server listener on 41839] INFO  ipc.Server (Server.java:run(1185)) - Stopping IPC Server listener on 41839
2019-09-11 05:28:42,368 [main] INFO  server.StorageContainerManager (StorageContainerManager.java:stop(837)) - Stopping Storage Container Manager HTTP server.
2019-09-11 05:28:42,368 [IPC Server Responder] INFO  ipc.Server (Server.java:run(1319)) - Stopping IPC Server Responder
2019-09-11 05:28:42,370 [main] INFO  handler.ContextHandler (ContextHandler.java:doStop(910)) - Stopped o.e.j.w.WebAppContext@3a4ab7f7{/,null,UNAVAILABLE}{/scm}
2019-09-11 05:28:42,371 [main] INFO  server.AbstractConnector (AbstractConnector.java:doStop(318)) - Stopped ServerConnector@6badba10{HTTP/1.1,[http/1.1]}{0.0.0.0:0}
2019-09-11 05:28:42,371 [main] INFO  handler.ContextHandler (ContextHandler.java:doStop(910)) - Stopped o.e.j.s.ServletContextHandler@6a9cd0f8{/static,file:///workdir/hadoop-ozone/integration-test/target/test-classes/webapps/static,UNAVAILABLE}
2019-09-11 05:28:42,372 [main] INFO  handler.ContextHandler (ContextHandler.java:doStop(910)) - Stopped o.e.j.s.ServletContextHandler@3df1a1ac{/logs,file:///workdir/hadoop-ozone/integration-test/target/log,UNAVAILABLE}
2019-09-11 05:28:42,373 [main] INFO  server.StorageContainerManager (StorageContainerManager.java:stop(848)) - Stopping Block Manager Service.
2019-09-11 05:28:42,373 [main] INFO  utils.BackgroundService (BackgroundService.java:shutdown(148)) - Shutting down service SCMBlockDeletingService
2019-09-11 05:28:42,373 [main] INFO  utils.BackgroundService (BackgroundService.java:shutdown(148)) - Shutting down service SCMBlockDeletingService
2019-09-11 05:28:42,374 [main] INFO  server.StorageContainerManager (StorageContainerManager.java:stop(870)) - Stopping SCM Event Queue.
2019-09-11 05:28:42,378 [main] INFO  impl.MetricsSystemImpl (MetricsSystemImpl.java:stop(210)) - Stopping HddsDatanode metrics system...
2019-09-11 05:28:42,392 [main] INFO  impl.MetricsSystemImpl (MetricsSystemImpl.java:stop(216)) - HddsDatanode metrics system stopped.
]]></system-out>
    <system-err><![CDATA[Sep 11, 2019 5:28:27 AM org.apache.ratis.thirdparty.io.grpc.internal.SerializingExecutor run
SEVERE: Exception while executing runnable org.apache.ratis.thirdparty.io.grpc.internal.ServerImpl$JumpToApplicationThreadServerStreamListener$1Closed@67aa4a41
org.apache.ratis.thirdparty.io.grpc.StatusRuntimeException: CANCELLED: call already cancelled
	at org.apache.ratis.thirdparty.io.grpc.Status.asRuntimeException(Status.java:517)
	at org.apache.ratis.thirdparty.io.grpc.stub.ServerCalls$ServerCallStreamObserverImpl.onCompleted(ServerCalls.java:356)
	at org.apache.ratis.grpc.server.GrpcServerProtocolService$ServerRequestStreamObserver.onError(GrpcServerProtocolService.java:121)
	at org.apache.ratis.thirdparty.io.grpc.stub.ServerCalls$StreamingServerCallHandler$StreamingServerCallListener.onCancel(ServerCalls.java:269)
	at org.apache.ratis.thirdparty.io.grpc.internal.ServerCallImpl$ServerStreamListenerImpl.closed(ServerCallImpl.java:293)
	at org.apache.ratis.thirdparty.io.grpc.internal.ServerImpl$JumpToApplicationThreadServerStreamListener$1Closed.runInContext(ServerImpl.java:741)
	at org.apache.ratis.thirdparty.io.grpc.internal.ContextRunnable.run(ContextRunnable.java:37)
	at org.apache.ratis.thirdparty.io.grpc.internal.SerializingExecutor.run(SerializingExecutor.java:123)
	at java.util.concurrent.ThreadPoolExecutor.runWorker(ThreadPoolExecutor.java:1149)
	at java.util.concurrent.ThreadPoolExecutor$Worker.run(ThreadPoolExecutor.java:624)
	at java.lang.Thread.run(Thread.java:748)

]]></system-err>
  </testcase>
</testsuite>