<?xml version="1.0" encoding="UTF-8"?>
<testsuite xmlns:xsi="http://www.w3.org/2001/XMLSchema-instance" xsi:noNamespaceSchemaLocation="https://maven.apache.org/surefire/maven-surefire-plugin/xsd/surefire-test-report.xsd" name="org.apache.hadoop.ozone.freon.TestDataValidateWithSafeByteOperations" time="66.625" tests="3" errors="1" skipped="0" failures="0">
  <properties>
    <property name="awt.toolkit" value="sun.awt.X11.XToolkit"/>
    <property name="file.encoding.pkg" value="sun.io"/>
    <property name="java.specification.version" value="1.8"/>
    <property name="sun.cpu.isalist" value=""/>
    <property name="sun.jnu.encoding" value="UTF-8"/>
    <property name="java.class.path" value="/workdir/hadoop-ozone/tools/target/test-classes:/workdir/hadoop-ozone/tools/target/classes:/home/user/.m2/repository/org/apache/hadoop/hadoop-ozone-ozone-manager/0.5.0-SNAPSHOT/hadoop-ozone-ozone-manager-0.5.0-SNAPSHOT.jar:/home/user/.m2/repository/org/apache/hadoop/hadoop-hdds-docs/0.5.0-SNAPSHOT/hadoop-hdds-docs-0.5.0-SNAPSHOT.jar:/home/user/.m2/repository/org/bouncycastle/bcprov-jdk15on/1.60/bcprov-jdk15on-1.60.jar:/home/user/.m2/repository/org/apache/hadoop/hadoop-ozone-common/0.5.0-SNAPSHOT/hadoop-ozone-common-0.5.0-SNAPSHOT.jar:/home/user/.m2/repository/org/apache/commons/commons-compress/1.4.1/commons-compress-1.4.1.jar:/home/user/.m2/repository/org/tukaani/xz/1.0/xz-1.0.jar:/home/user/.m2/repository/org/apache/hadoop/hadoop-hdfs-client/3.2.0/hadoop-hdfs-client-3.2.0.jar:/home/user/.m2/repository/com/fasterxml/jackson/core/jackson-annotations/2.9.5/jackson-annotations-2.9.5.jar:/home/user/.m2/repository/org/apache/hadoop/hadoop-hdds-common/0.5.0-SNAPSHOT/hadoop-hdds-common-0.5.0-SNAPSHOT.jar:/home/user/.m2/repository/org/apache/hadoop/hadoop-hdds-config/0.5.0-SNAPSHOT/hadoop-hdds-config-0.5.0-SNAPSHOT.jar:/home/user/.m2/repository/javax/annotation/javax.annotation-api/1.2/javax.annotation-api-1.2.jar:/home/user/.m2/repository/org/apache/ratis/ratis-server/0.4.0-2337318-SNAPSHOT/ratis-server-0.4.0-2337318-SNAPSHOT.jar:/home/user/.m2/repository/org/apache/ratis/ratis-thirdparty-misc/0.2.0/ratis-thirdparty-misc-0.2.0.jar:/home/user/.m2/repository/org/apache/ratis/ratis-proto/0.4.0-2337318-SNAPSHOT/ratis-proto-0.4.0-2337318-SNAPSHOT.jar:/home/user/.m2/repository/org/apache/ratis/ratis-common/0.4.0-2337318-SNAPSHOT/ratis-common-0.4.0-2337318-SNAPSHOT.jar:/home/user/.m2/repository/org/apache/ratis/ratis-client/0.4.0-2337318-SNAPSHOT/ratis-client-0.4.0-2337318-SNAPSHOT.jar:/home/user/.m2/repository/org/apache/ratis/ratis-metrics/0.4.0-2337318-SNAPSHOT/ratis-metrics-0.4.0-2337318-SNAPSHOT.jar:/home/user/.m2/repository/org/apache/ratis/ratis-netty/0.4.0-2337318-SNAPSHOT/ratis-netty-0.4.0-2337318-SNAPSHOT.jar:/home/user/.m2/repository/org/apache/ratis/ratis-grpc/0.4.0-2337318-SNAPSHOT/ratis-grpc-0.4.0-2337318-SNAPSHOT.jar:/home/user/.m2/repository/org/rocksdb/rocksdbjni/6.0.1/rocksdbjni-6.0.1.jar:/home/user/.m2/repository/org/apache/logging/log4j/log4j-api/2.11.0/log4j-api-2.11.0.jar:/home/user/.m2/repository/org/apache/logging/log4j/log4j-core/2.11.0/log4j-core-2.11.0.jar:/home/user/.m2/repository/com/lmax/disruptor/3.4.2/disruptor-3.4.2.jar:/home/user/.m2/repository/org/apache/commons/commons-pool2/2.6.0/commons-pool2-2.6.0.jar:/home/user/.m2/repository/org/bouncycastle/bcpkix-jdk15on/1.60/bcpkix-jdk15on-1.60.jar:/home/user/.m2/repository/commons-validator/commons-validator/1.6/commons-validator-1.6.jar:/home/user/.m2/repository/commons-digester/commons-digester/1.8.1/commons-digester-1.8.1.jar:/home/user/.m2/repository/io/jaegertracing/jaeger-client/0.33.1/jaeger-client-0.33.1.jar:/home/user/.m2/repository/io/jaegertracing/jaeger-thrift/0.33.1/jaeger-thrift-0.33.1.jar:/home/user/.m2/repository/org/apache/thrift/libthrift/0.11.0/libthrift-0.11.0.jar:/home/user/.m2/repository/com/squareup/okhttp3/okhttp/3.9.0/okhttp-3.9.0.jar:/home/user/.m2/repository/com/squareup/okio/okio/1.13.0/okio-1.13.0.jar:/home/user/.m2/repository/io/jaegertracing/jaeger-core/0.33.1/jaeger-core-0.33.1.jar:/home/user/.m2/repository/io/jaegertracing/jaeger-tracerresolver/0.33.1/jaeger-tracerresolver-0.33.1.jar:/home/user/.m2/repository/io/opentracing/contrib/opentracing-tracerresolver/0.1.5/opentracing-tracerresolver-0.1.5.jar:/home/user/.m2/repository/io/opentracing/opentracing-util/0.31.0/opentracing-util-0.31.0.jar:/home/user/.m2/repository/io/opentracing/opentracing-api/0.31.0/opentracing-api-0.31.0.jar:/home/user/.m2/repository/io/opentracing/opentracing-noop/0.31.0/opentracing-noop-0.31.0.jar:/home/user/.m2/repository/org/yaml/snakeyaml/1.16/snakeyaml-1.16.jar:/home/user/.m2/repository/org/apache/hadoop/hadoop-hdds-container-service/0.5.0-SNAPSHOT/hadoop-hdds-container-service-0.5.0-SNAPSHOT.jar:/home/user/.m2/repository/org/apache/hadoop/hadoop-hdds-client/0.5.0-SNAPSHOT/hadoop-hdds-client-0.5.0-SNAPSHOT.jar:/home/user/.m2/repository/org/apache/hadoop/hadoop-hdds-tools/0.5.0-SNAPSHOT/hadoop-hdds-tools-0.5.0-SNAPSHOT.jar:/home/user/.m2/repository/org/xerial/sqlite-jdbc/3.25.2/sqlite-jdbc-3.25.2.jar:/home/user/.m2/repository/org/apache/hadoop/hadoop-hdds-server-scm/0.5.0-SNAPSHOT/hadoop-hdds-server-scm-0.5.0-SNAPSHOT.jar:/home/user/.m2/repository/org/hamcrest/hamcrest-all/1.3/hamcrest-all-1.3.jar:/home/user/.m2/repository/info/picocli/picocli/3.9.6/picocli-3.9.6.jar:/home/user/.m2/repository/com/google/protobuf/protobuf-java/2.5.0/protobuf-java-2.5.0.jar:/home/user/.m2/repository/com/google/guava/guava/11.0.2/guava-11.0.2.jar:/home/user/.m2/repository/org/apache/hadoop/hadoop-ozone-client/0.5.0-SNAPSHOT/hadoop-ozone-client-0.5.0-SNAPSHOT.jar:/workdir/hadoop-ozone/ozonefs/target/classes:/home/user/.m2/repository/org/apache/hadoop/hadoop-hdds-server-framework/0.5.0-SNAPSHOT/hadoop-hdds-server-framework-0.5.0-SNAPSHOT.jar:/home/user/.m2/repository/org/apache/hadoop/hadoop-common/3.2.0/hadoop-common-3.2.0.jar:/home/user/.m2/repository/org/apache/hadoop/hadoop-annotations/3.2.0/hadoop-annotations-3.2.0.jar:/usr/lib/jvm/java-1.8-openjdk/jre/../lib/tools.jar:/home/user/.m2/repository/commons-cli/commons-cli/1.2/commons-cli-1.2.jar:/home/user/.m2/repository/org/apache/commons/commons-math3/3.1.1/commons-math3-3.1.1.jar:/home/user/.m2/repository/org/apache/httpcomponents/httpclient/4.5.2/httpclient-4.5.2.jar:/home/user/.m2/repository/org/apache/httpcomponents/httpcore/4.4.4/httpcore-4.4.4.jar:/home/user/.m2/repository/commons-codec/commons-codec/1.11/commons-codec-1.11.jar:/home/user/.m2/repository/commons-io/commons-io/2.5/commons-io-2.5.jar:/home/user/.m2/repository/commons-net/commons-net/3.6/commons-net-3.6.jar:/home/user/.m2/repository/commons-collections/commons-collections/3.2.2/commons-collections-3.2.2.jar:/home/user/.m2/repository/javax/servlet/javax.servlet-api/3.1.0/javax.servlet-api-3.1.0.jar:/home/user/.m2/repository/org/eclipse/jetty/jetty-server/9.3.24.v20180605/jetty-server-9.3.24.v20180605.jar:/home/user/.m2/repository/org/eclipse/jetty/jetty-http/9.3.24.v20180605/jetty-http-9.3.24.v20180605.jar:/home/user/.m2/repository/org/eclipse/jetty/jetty-io/9.3.24.v20180605/jetty-io-9.3.24.v20180605.jar:/home/user/.m2/repository/org/eclipse/jetty/jetty-util/9.3.24.v20180605/jetty-util-9.3.24.v20180605.jar:/home/user/.m2/repository/org/eclipse/jetty/jetty-servlet/9.3.24.v20180605/jetty-servlet-9.3.24.v20180605.jar:/home/user/.m2/repository/org/eclipse/jetty/jetty-security/9.3.24.v20180605/jetty-security-9.3.24.v20180605.jar:/home/user/.m2/repository/org/eclipse/jetty/jetty-webapp/9.3.24.v20180605/jetty-webapp-9.3.24.v20180605.jar:/home/user/.m2/repository/org/eclipse/jetty/jetty-xml/9.3.24.v20180605/jetty-xml-9.3.24.v20180605.jar:/home/user/.m2/repository/javax/servlet/jsp/jsp-api/2.1/jsp-api-2.1.jar:/home/user/.m2/repository/com/sun/jersey/jersey-core/1.19/jersey-core-1.19.jar:/home/user/.m2/repository/javax/ws/rs/jsr311-api/1.1.1/jsr311-api-1.1.1.jar:/home/user/.m2/repository/com/sun/jersey/jersey-servlet/1.19/jersey-servlet-1.19.jar:/home/user/.m2/repository/com/sun/jersey/jersey-json/1.19/jersey-json-1.19.jar:/home/user/.m2/repository/org/codehaus/jettison/jettison/1.1/jettison-1.1.jar:/home/user/.m2/repository/com/sun/xml/bind/jaxb-impl/2.3.0.1/jaxb-impl-2.3.0.1.jar:/home/user/.m2/repository/org/codehaus/jackson/jackson-core-asl/1.9.13/jackson-core-asl-1.9.13.jar:/home/user/.m2/repository/org/codehaus/jackson/jackson-mapper-asl/1.9.13/jackson-mapper-asl-1.9.13.jar:/home/user/.m2/repository/org/codehaus/jackson/jackson-jaxrs/1.9.13/jackson-jaxrs-1.9.13.jar:/home/user/.m2/repository/org/codehaus/jackson/jackson-xc/1.9.13/jackson-xc-1.9.13.jar:/home/user/.m2/repository/com/sun/jersey/jersey-server/1.19/jersey-server-1.19.jar:/home/user/.m2/repository/commons-logging/commons-logging/1.1.3/commons-logging-1.1.3.jar:/home/user/.m2/repository/log4j/log4j/1.2.17/log4j-1.2.17.jar:/home/user/.m2/repository/commons-beanutils/commons-beanutils/1.9.3/commons-beanutils-1.9.3.jar:/home/user/.m2/repository/org/apache/commons/commons-configuration2/2.1.1/commons-configuration2-2.1.1.jar:/home/user/.m2/repository/org/apache/commons/commons-lang3/3.7/commons-lang3-3.7.jar:/home/user/.m2/repository/org/apache/commons/commons-text/1.4/commons-text-1.4.jar:/home/user/.m2/repository/org/slf4j/slf4j-api/1.7.25/slf4j-api-1.7.25.jar:/home/user/.m2/repository/org/slf4j/slf4j-log4j12/1.7.25/slf4j-log4j12-1.7.25.jar:/home/user/.m2/repository/org/apache/avro/avro/1.7.7/avro-1.7.7.jar:/home/user/.m2/repository/com/thoughtworks/paranamer/paranamer/2.3/paranamer-2.3.jar:/home/user/.m2/repository/org/xerial/snappy/snappy-java/1.0.5/snappy-java-1.0.5.jar:/home/user/.m2/repository/com/google/re2j/re2j/1.1/re2j-1.1.jar:/home/user/.m2/repository/com/google/code/gson/gson/2.2.4/gson-2.2.4.jar:/home/user/.m2/repository/org/apache/hadoop/hadoop-auth/3.2.0/hadoop-auth-3.2.0.jar:/home/user/.m2/repository/com/nimbusds/nimbus-jose-jwt/4.41.1/nimbus-jose-jwt-4.41.1.jar:/home/user/.m2/repository/com/github/stephenc/jcip/jcip-annotations/1.0-1/jcip-annotations-1.0-1.jar:/home/user/.m2/repository/net/minidev/json-smart/2.3/json-smart-2.3.jar:/home/user/.m2/repository/net/minidev/accessors-smart/1.2/accessors-smart-1.2.jar:/home/user/.m2/repository/org/apache/curator/curator-framework/2.12.0/curator-framework-2.12.0.jar:/home/user/.m2/repository/com/jcraft/jsch/0.1.54/jsch-0.1.54.jar:/home/user/.m2/repository/org/apache/curator/curator-client/2.12.0/curator-client-2.12.0.jar:/home/user/.m2/repository/org/apache/curator/curator-recipes/2.12.0/curator-recipes-2.12.0.jar:/home/user/.m2/repository/com/google/code/findbugs/jsr305/3.0.0/jsr305-3.0.0.jar:/home/user/.m2/repository/org/apache/htrace/htrace-core4/4.1.0-incubating/htrace-core4-4.1.0-incubating.jar:/home/user/.m2/repository/org/apache/zookeeper/zookeeper/3.4.13/zookeeper-3.4.13.jar:/home/user/.m2/repository/org/apache/yetus/audience-annotations/0.5.0/audience-annotations-0.5.0.jar:/home/user/.m2/repository/org/apache/kerby/kerb-simplekdc/1.0.1/kerb-simplekdc-1.0.1.jar:/home/user/.m2/repository/org/apache/kerby/kerb-client/1.0.1/kerb-client-1.0.1.jar:/home/user/.m2/repository/org/apache/kerby/kerby-config/1.0.1/kerby-config-1.0.1.jar:/home/user/.m2/repository/org/apache/kerby/kerb-core/1.0.1/kerb-core-1.0.1.jar:/home/user/.m2/repository/org/apache/kerby/kerby-pkix/1.0.1/kerby-pkix-1.0.1.jar:/home/user/.m2/repository/org/apache/kerby/kerby-asn1/1.0.1/kerby-asn1-1.0.1.jar:/home/user/.m2/repository/org/apache/kerby/kerby-util/1.0.1/kerby-util-1.0.1.jar:/home/user/.m2/repository/org/apache/kerby/kerb-common/1.0.1/kerb-common-1.0.1.jar:/home/user/.m2/repository/org/apache/kerby/kerb-crypto/1.0.1/kerb-crypto-1.0.1.jar:/home/user/.m2/repository/org/apache/kerby/kerb-util/1.0.1/kerb-util-1.0.1.jar:/home/user/.m2/repository/org/apache/kerby/token-provider/1.0.1/token-provider-1.0.1.jar:/home/user/.m2/repository/org/apache/kerby/kerb-admin/1.0.1/kerb-admin-1.0.1.jar:/home/user/.m2/repository/org/apache/kerby/kerb-server/1.0.1/kerb-server-1.0.1.jar:/home/user/.m2/repository/org/apache/kerby/kerb-identity/1.0.1/kerb-identity-1.0.1.jar:/home/user/.m2/repository/org/apache/kerby/kerby-xdr/1.0.1/kerby-xdr-1.0.1.jar:/home/user/.m2/repository/com/fasterxml/jackson/core/jackson-databind/2.9.5/jackson-databind-2.9.5.jar:/home/user/.m2/repository/com/fasterxml/jackson/core/jackson-core/2.9.5/jackson-core-2.9.5.jar:/home/user/.m2/repository/org/codehaus/woodstox/stax2-api/3.1.4/stax2-api-3.1.4.jar:/home/user/.m2/repository/com/fasterxml/woodstox/woodstox-core/5.0.3/woodstox-core-5.0.3.jar:/home/user/.m2/repository/dnsjava/dnsjava/2.1.7/dnsjava-2.1.7.jar:/home/user/.m2/repository/org/apache/hadoop/hadoop-hdfs/3.2.0/hadoop-hdfs-3.2.0.jar:/home/user/.m2/repository/org/eclipse/jetty/jetty-util-ajax/9.3.24.v20180605/jetty-util-ajax-9.3.24.v20180605.jar:/home/user/.m2/repository/commons-daemon/commons-daemon/1.0.13/commons-daemon-1.0.13.jar:/home/user/.m2/repository/io/netty/netty/3.10.5.Final/netty-3.10.5.Final.jar:/home/user/.m2/repository/io/netty/netty-all/4.0.52.Final/netty-all-4.0.52.Final.jar:/home/user/.m2/repository/org/fusesource/leveldbjni/leveldbjni-all/1.8/leveldbjni-all-1.8.jar:/home/user/.m2/repository/com/sun/xml/bind/jaxb-core/2.3.0.1/jaxb-core-2.3.0.1.jar:/home/user/.m2/repository/javax/xml/bind/jaxb-api/2.3.0/jaxb-api-2.3.0.jar:/home/user/.m2/repository/javax/activation/activation/1.1.1/activation-1.1.1.jar:/home/user/.m2/repository/io/dropwizard/metrics/metrics-core/3.2.4/metrics-core-3.2.4.jar:/home/user/.m2/repository/org/openjdk/jmh/jmh-core/1.19/jmh-core-1.19.jar:/home/user/.m2/repository/net/sf/jopt-simple/jopt-simple/4.6/jopt-simple-4.6.jar:/home/user/.m2/repository/org/openjdk/jmh/jmh-generator-annprocess/1.19/jmh-generator-annprocess-1.19.jar:/home/user/.m2/repository/com/google/code/findbugs/findbugs/3.0.1/findbugs-3.0.1.jar:/home/user/.m2/repository/net/jcip/jcip-annotations/1.0/jcip-annotations-1.0.jar:/home/user/.m2/repository/com/google/code/findbugs/bcel-findbugs/6.0/bcel-findbugs-6.0.jar:/home/user/.m2/repository/com/google/code/findbugs/jFormatString/2.0.1/jFormatString-2.0.1.jar:/home/user/.m2/repository/dom4j/dom4j/1.6.1/dom4j-1.6.1.jar:/home/user/.m2/repository/xml-apis/xml-apis/1.0.b2/xml-apis-1.0.b2.jar:/home/user/.m2/repository/org/ow2/asm/asm-debug-all/5.0.2/asm-debug-all-5.0.2.jar:/home/user/.m2/repository/org/ow2/asm/asm-commons/5.0.2/asm-commons-5.0.2.jar:/home/user/.m2/repository/org/ow2/asm/asm-tree/5.0.2/asm-tree-5.0.2.jar:/home/user/.m2/repository/org/ow2/asm/asm/5.0.4/asm-5.0.4.jar:/home/user/.m2/repository/commons-lang/commons-lang/2.6/commons-lang-2.6.jar:/home/user/.m2/repository/com/apple/AppleJavaExtensions/1.4/AppleJavaExtensions-1.4.jar:/home/user/.m2/repository/jaxen/jaxen/1.1.6/jaxen-1.1.6.jar:/home/user/.m2/repository/junit/junit/4.11/junit-4.11.jar:/home/user/.m2/repository/org/hamcrest/hamcrest-core/1.3/hamcrest-core-1.3.jar:/home/user/.m2/repository/org/apache/hadoop/hadoop-common/3.2.0/hadoop-common-3.2.0-tests.jar:/workdir/hadoop-ozone/integration-test/target/test-classes:/home/user/.m2/repository/org/apache/hadoop/hadoop-ozone-objectstore-service/0.5.0-SNAPSHOT/hadoop-ozone-objectstore-service-0.5.0-SNAPSHOT.jar:/home/user/.m2/repository/org/apache/hadoop/hadoop-ozone-s3gateway/0.5.0-SNAPSHOT/hadoop-ozone-s3gateway-0.5.0-SNAPSHOT.jar:/home/user/.m2/repository/org/jboss/weld/servlet/weld-servlet/2.4.7.Final/weld-servlet-2.4.7.Final.jar:/home/user/.m2/repository/org/glassfish/jersey/containers/jersey-container-servlet-core/2.27/jersey-container-servlet-core-2.27.jar:/home/user/.m2/repository/org/glassfish/hk2/external/javax.inject/2.5.0-b42/javax.inject-2.5.0-b42.jar:/home/user/.m2/repository/org/glassfish/jersey/core/jersey-common/2.27/jersey-common-2.27.jar:/home/user/.m2/repository/org/glassfish/hk2/osgi-resource-locator/1.0.1/osgi-resource-locator-1.0.1.jar:/home/user/.m2/repository/javax/ws/rs/javax.ws.rs-api/2.1/javax.ws.rs-api-2.1.jar:/home/user/.m2/repository/org/glassfish/jersey/ext/cdi/jersey-cdi1x/2.27/jersey-cdi1x-2.27.jar:/home/user/.m2/repository/org/glassfish/jersey/inject/jersey-hk2/2.27/jersey-hk2-2.27.jar:/home/user/.m2/repository/org/glassfish/hk2/hk2-locator/2.5.0-b42/hk2-locator-2.5.0-b42.jar:/home/user/.m2/repository/org/javassist/javassist/3.22.0-CR2/javassist-3.22.0-CR2.jar:/home/user/.m2/repository/org/glassfish/hk2/hk2-api/2.5.0/hk2-api-2.5.0.jar:/home/user/.m2/repository/org/glassfish/hk2/external/jakarta.inject/2.5.0/jakarta.inject-2.5.0.jar:/home/user/.m2/repository/org/glassfish/hk2/hk2-utils/2.5.0/hk2-utils-2.5.0.jar:/home/user/.m2/repository/jakarta/annotation/jakarta.annotation-api/1.3.4/jakarta.annotation-api-1.3.4.jar:/home/user/.m2/repository/org/glassfish/hk2/external/aopalliance-repackaged/2.5.0/aopalliance-repackaged-2.5.0.jar:/home/user/.m2/repository/com/fasterxml/jackson/dataformat/jackson-dataformat-xml/2.9.0/jackson-dataformat-xml-2.9.0.jar:/home/user/.m2/repository/com/fasterxml/jackson/module/jackson-module-jaxb-annotations/2.9.5/jackson-module-jaxb-annotations-2.9.5.jar:/home/user/.m2/repository/javax/enterprise/cdi-api/1.2/cdi-api-1.2.jar:/home/user/.m2/repository/javax/el/javax.el-api/3.0.0/javax.el-api-3.0.0.jar:/home/user/.m2/repository/javax/interceptor/javax.interceptor-api/1.2/javax.interceptor-api-1.2.jar:/home/user/.m2/repository/javax/inject/javax.inject/1/javax.inject-1.jar:/home/user/.m2/repository/org/apache/hadoop/hadoop-ozone-csi/0.5.0-SNAPSHOT/hadoop-ozone-csi-0.5.0-SNAPSHOT.jar:/home/user/.m2/repository/com/google/protobuf/protobuf-java-util/3.5.1/protobuf-java-util-3.5.1.jar:/home/user/.m2/repository/io/grpc/grpc-netty/1.17.1/grpc-netty-1.17.1.jar:/home/user/.m2/repository/io/grpc/grpc-core/1.17.1/grpc-core-1.17.1.jar:/home/user/.m2/repository/io/grpc/grpc-context/1.17.1/grpc-context-1.17.1.jar:/home/user/.m2/repository/com/google/errorprone/error_prone_annotations/2.2.0/error_prone_annotations-2.2.0.jar:/home/user/.m2/repository/org/codehaus/mojo/animal-sniffer-annotations/1.17/animal-sniffer-annotations-1.17.jar:/home/user/.m2/repository/io/opencensus/opencensus-api/0.17.0/opencensus-api-0.17.0.jar:/home/user/.m2/repository/io/opencensus/opencensus-contrib-grpc-metrics/0.17.0/opencensus-contrib-grpc-metrics-0.17.0.jar:/home/user/.m2/repository/io/netty/netty-codec-http2/4.1.30.Final/netty-codec-http2-4.1.30.Final.jar:/home/user/.m2/repository/io/netty/netty-codec-http/4.1.30.Final/netty-codec-http-4.1.30.Final.jar:/home/user/.m2/repository/io/netty/netty-codec/4.1.30.Final/netty-codec-4.1.30.Final.jar:/home/user/.m2/repository/io/netty/netty-handler/4.1.30.Final/netty-handler-4.1.30.Final.jar:/home/user/.m2/repository/io/netty/netty-handler-proxy/4.1.30.Final/netty-handler-proxy-4.1.30.Final.jar:/home/user/.m2/repository/io/netty/netty-codec-socks/4.1.30.Final/netty-codec-socks-4.1.30.Final.jar:/home/user/.m2/repository/io/netty/netty-transport-native-epoll/4.1.30.Final/netty-transport-native-epoll-4.1.30.Final.jar:/home/user/.m2/repository/io/netty/netty-common/4.1.30.Final/netty-common-4.1.30.Final.jar:/home/user/.m2/repository/io/netty/netty-buffer/4.1.30.Final/netty-buffer-4.1.30.Final.jar:/home/user/.m2/repository/io/netty/netty-transport/4.1.30.Final/netty-transport-4.1.30.Final.jar:/home/user/.m2/repository/io/netty/netty-resolver/4.1.30.Final/netty-resolver-4.1.30.Final.jar:/home/user/.m2/repository/io/netty/netty-transport-native-unix-common/4.1.30.Final/netty-transport-native-unix-common-4.1.30.Final.jar:/home/user/.m2/repository/io/grpc/grpc-protobuf/1.17.1/grpc-protobuf-1.17.1.jar:/home/user/.m2/repository/com/google/api/grpc/proto-google-common-protos/1.0.0/proto-google-common-protos-1.0.0.jar:/home/user/.m2/repository/io/grpc/grpc-protobuf-lite/1.17.1/grpc-protobuf-lite-1.17.1.jar:/home/user/.m2/repository/io/grpc/grpc-stub/1.17.1/grpc-stub-1.17.1.jar:/home/user/.m2/repository/org/apache/hadoop/hadoop-ozone-recon/0.5.0-SNAPSHOT/hadoop-ozone-recon-0.5.0-SNAPSHOT.jar:/home/user/.m2/repository/org/apache/hadoop/hadoop-ozone-reconcodegen/0.5.0-SNAPSHOT/hadoop-ozone-reconcodegen-0.5.0-SNAPSHOT.jar:/home/user/.m2/repository/com/google/inject/extensions/guice-multibindings/4.0/guice-multibindings-4.0.jar:/home/user/.m2/repository/com/google/inject/guice/4.0/guice-4.0.jar:/home/user/.m2/repository/aopalliance/aopalliance/1.0/aopalliance-1.0.jar:/home/user/.m2/repository/com/google/inject/extensions/guice-servlet/4.0/guice-servlet-4.0.jar:/home/user/.m2/repository/org/glassfish/jersey/containers/jersey-container-servlet/2.27/jersey-container-servlet-2.27.jar:/home/user/.m2/repository/org/glassfish/hk2/guice-bridge/2.5.0/guice-bridge-2.5.0.jar:/home/user/.m2/repository/org/glassfish/jersey/core/jersey-server/2.27/jersey-server-2.27.jar:/home/user/.m2/repository/org/glassfish/jersey/core/jersey-client/2.27/jersey-client-2.27.jar:/home/user/.m2/repository/org/glassfish/jersey/media/jersey-media-jaxb/2.27/jersey-media-jaxb-2.27.jar:/home/user/.m2/repository/javax/validation/validation-api/1.1.0.Final/validation-api-1.1.0.Final.jar:/home/user/.m2/repository/org/glassfish/jersey/media/jersey-media-json-jackson/2.27/jersey-media-json-jackson-2.27.jar:/home/user/.m2/repository/org/glassfish/jersey/ext/jersey-entity-filtering/2.27/jersey-entity-filtering-2.27.jar:/home/user/.m2/repository/com/google/inject/extensions/guice-assistedinject/4.0/guice-assistedinject-4.0.jar:/home/user/.m2/repository/org/jooq/jooq/3.11.10/jooq-3.11.10.jar:/home/user/.m2/repository/org/jooq/jooq-meta/3.11.10/jooq-meta-3.11.10.jar:/home/user/.m2/repository/org/jooq/jooq-codegen/3.11.10/jooq-codegen-3.11.10.jar:/home/user/.m2/repository/com/jolbox/bonecp/0.8.0.RELEASE/bonecp-0.8.0.RELEASE.jar:/home/user/.m2/repository/org/springframework/spring-jdbc/5.1.3.RELEASE/spring-jdbc-5.1.3.RELEASE.jar:/home/user/.m2/repository/org/springframework/spring-beans/5.1.3.RELEASE/spring-beans-5.1.3.RELEASE.jar:/home/user/.m2/repository/org/springframework/spring-core/5.1.3.RELEASE/spring-core-5.1.3.RELEASE.jar:/home/user/.m2/repository/org/springframework/spring-jcl/5.1.3.RELEASE/spring-jcl-5.1.3.RELEASE.jar:/home/user/.m2/repository/org/springframework/spring-tx/5.1.3.RELEASE/spring-tx-5.1.3.RELEASE.jar:/home/user/.m2/repository/org/mockito/mockito-core/2.15.0/mockito-core-2.15.0.jar:/home/user/.m2/repository/net/bytebuddy/byte-buddy/1.7.9/byte-buddy-1.7.9.jar:/home/user/.m2/repository/net/bytebuddy/byte-buddy-agent/1.7.9/byte-buddy-agent-1.7.9.jar:/home/user/.m2/repository/org/objenesis/objenesis/1.0/objenesis-1.0.jar:"/>
    <property name="java.vm.vendor" value="IcedTea"/>
    <property name="sun.arch.data.model" value="64"/>
    <property name="test.build.dir" value="/workdir/hadoop-ozone/tools/target/test-dir"/>
    <property name="test.cache.data" value=""/>
    <property name="java.vendor.url" value="https://icedtea.classpath.org"/>
    <property name="user.timezone" value=""/>
    <property name="java.vm.specification.version" value="1.8"/>
    <property name="os.name" value="Linux"/>
    <property name="test.build.data" value="/workdir/hadoop-ozone/tools/target/test-dir"/>
    <property name="user.country" value="US"/>
    <property name="sun.java.launcher" value="SUN_STANDARD"/>
    <property name="sun.boot.library.path" value="/usr/lib/jvm/java-1.8-openjdk/jre/lib/amd64"/>
    <property name="sun.java.command" value="/workdir/hadoop-ozone/tools/target/surefire/surefirebooter6179249054268932938.jar /workdir/hadoop-ozone/tools/target/surefire 2019-09-19T03-21-01_553-jvmRun1 surefire8609557067050635365tmp surefire_1218693290783823249479tmp"/>
    <property name="test" value="!TestMiniChaosOzoneCluster"/>
    <property name="surefire.test.class.path" value="/workdir/hadoop-ozone/tools/target/test-classes:/workdir/hadoop-ozone/tools/target/classes:/home/user/.m2/repository/org/apache/hadoop/hadoop-ozone-ozone-manager/0.5.0-SNAPSHOT/hadoop-ozone-ozone-manager-0.5.0-SNAPSHOT.jar:/home/user/.m2/repository/org/apache/hadoop/hadoop-hdds-docs/0.5.0-SNAPSHOT/hadoop-hdds-docs-0.5.0-SNAPSHOT.jar:/home/user/.m2/repository/org/bouncycastle/bcprov-jdk15on/1.60/bcprov-jdk15on-1.60.jar:/home/user/.m2/repository/org/apache/hadoop/hadoop-ozone-common/0.5.0-SNAPSHOT/hadoop-ozone-common-0.5.0-SNAPSHOT.jar:/home/user/.m2/repository/org/apache/commons/commons-compress/1.4.1/commons-compress-1.4.1.jar:/home/user/.m2/repository/org/tukaani/xz/1.0/xz-1.0.jar:/home/user/.m2/repository/org/apache/hadoop/hadoop-hdfs-client/3.2.0/hadoop-hdfs-client-3.2.0.jar:/home/user/.m2/repository/com/fasterxml/jackson/core/jackson-annotations/2.9.5/jackson-annotations-2.9.5.jar:/home/user/.m2/repository/org/apache/hadoop/hadoop-hdds-common/0.5.0-SNAPSHOT/hadoop-hdds-common-0.5.0-SNAPSHOT.jar:/home/user/.m2/repository/org/apache/hadoop/hadoop-hdds-config/0.5.0-SNAPSHOT/hadoop-hdds-config-0.5.0-SNAPSHOT.jar:/home/user/.m2/repository/javax/annotation/javax.annotation-api/1.2/javax.annotation-api-1.2.jar:/home/user/.m2/repository/org/apache/ratis/ratis-server/0.4.0-2337318-SNAPSHOT/ratis-server-0.4.0-2337318-SNAPSHOT.jar:/home/user/.m2/repository/org/apache/ratis/ratis-thirdparty-misc/0.2.0/ratis-thirdparty-misc-0.2.0.jar:/home/user/.m2/repository/org/apache/ratis/ratis-proto/0.4.0-2337318-SNAPSHOT/ratis-proto-0.4.0-2337318-SNAPSHOT.jar:/home/user/.m2/repository/org/apache/ratis/ratis-common/0.4.0-2337318-SNAPSHOT/ratis-common-0.4.0-2337318-SNAPSHOT.jar:/home/user/.m2/repository/org/apache/ratis/ratis-client/0.4.0-2337318-SNAPSHOT/ratis-client-0.4.0-2337318-SNAPSHOT.jar:/home/user/.m2/repository/org/apache/ratis/ratis-metrics/0.4.0-2337318-SNAPSHOT/ratis-metrics-0.4.0-2337318-SNAPSHOT.jar:/home/user/.m2/repository/org/apache/ratis/ratis-netty/0.4.0-2337318-SNAPSHOT/ratis-netty-0.4.0-2337318-SNAPSHOT.jar:/home/user/.m2/repository/org/apache/ratis/ratis-grpc/0.4.0-2337318-SNAPSHOT/ratis-grpc-0.4.0-2337318-SNAPSHOT.jar:/home/user/.m2/repository/org/rocksdb/rocksdbjni/6.0.1/rocksdbjni-6.0.1.jar:/home/user/.m2/repository/org/apache/logging/log4j/log4j-api/2.11.0/log4j-api-2.11.0.jar:/home/user/.m2/repository/org/apache/logging/log4j/log4j-core/2.11.0/log4j-core-2.11.0.jar:/home/user/.m2/repository/com/lmax/disruptor/3.4.2/disruptor-3.4.2.jar:/home/user/.m2/repository/org/apache/commons/commons-pool2/2.6.0/commons-pool2-2.6.0.jar:/home/user/.m2/repository/org/bouncycastle/bcpkix-jdk15on/1.60/bcpkix-jdk15on-1.60.jar:/home/user/.m2/repository/commons-validator/commons-validator/1.6/commons-validator-1.6.jar:/home/user/.m2/repository/commons-digester/commons-digester/1.8.1/commons-digester-1.8.1.jar:/home/user/.m2/repository/io/jaegertracing/jaeger-client/0.33.1/jaeger-client-0.33.1.jar:/home/user/.m2/repository/io/jaegertracing/jaeger-thrift/0.33.1/jaeger-thrift-0.33.1.jar:/home/user/.m2/repository/org/apache/thrift/libthrift/0.11.0/libthrift-0.11.0.jar:/home/user/.m2/repository/com/squareup/okhttp3/okhttp/3.9.0/okhttp-3.9.0.jar:/home/user/.m2/repository/com/squareup/okio/okio/1.13.0/okio-1.13.0.jar:/home/user/.m2/repository/io/jaegertracing/jaeger-core/0.33.1/jaeger-core-0.33.1.jar:/home/user/.m2/repository/io/jaegertracing/jaeger-tracerresolver/0.33.1/jaeger-tracerresolver-0.33.1.jar:/home/user/.m2/repository/io/opentracing/contrib/opentracing-tracerresolver/0.1.5/opentracing-tracerresolver-0.1.5.jar:/home/user/.m2/repository/io/opentracing/opentracing-util/0.31.0/opentracing-util-0.31.0.jar:/home/user/.m2/repository/io/opentracing/opentracing-api/0.31.0/opentracing-api-0.31.0.jar:/home/user/.m2/repository/io/opentracing/opentracing-noop/0.31.0/opentracing-noop-0.31.0.jar:/home/user/.m2/repository/org/yaml/snakeyaml/1.16/snakeyaml-1.16.jar:/home/user/.m2/repository/org/apache/hadoop/hadoop-hdds-container-service/0.5.0-SNAPSHOT/hadoop-hdds-container-service-0.5.0-SNAPSHOT.jar:/home/user/.m2/repository/org/apache/hadoop/hadoop-hdds-client/0.5.0-SNAPSHOT/hadoop-hdds-client-0.5.0-SNAPSHOT.jar:/home/user/.m2/repository/org/apache/hadoop/hadoop-hdds-tools/0.5.0-SNAPSHOT/hadoop-hdds-tools-0.5.0-SNAPSHOT.jar:/home/user/.m2/repository/org/xerial/sqlite-jdbc/3.25.2/sqlite-jdbc-3.25.2.jar:/home/user/.m2/repository/org/apache/hadoop/hadoop-hdds-server-scm/0.5.0-SNAPSHOT/hadoop-hdds-server-scm-0.5.0-SNAPSHOT.jar:/home/user/.m2/repository/org/hamcrest/hamcrest-all/1.3/hamcrest-all-1.3.jar:/home/user/.m2/repository/info/picocli/picocli/3.9.6/picocli-3.9.6.jar:/home/user/.m2/repository/com/google/protobuf/protobuf-java/2.5.0/protobuf-java-2.5.0.jar:/home/user/.m2/repository/com/google/guava/guava/11.0.2/guava-11.0.2.jar:/home/user/.m2/repository/org/apache/hadoop/hadoop-ozone-client/0.5.0-SNAPSHOT/hadoop-ozone-client-0.5.0-SNAPSHOT.jar:/workdir/hadoop-ozone/ozonefs/target/classes:/home/user/.m2/repository/org/apache/hadoop/hadoop-hdds-server-framework/0.5.0-SNAPSHOT/hadoop-hdds-server-framework-0.5.0-SNAPSHOT.jar:/home/user/.m2/repository/org/apache/hadoop/hadoop-common/3.2.0/hadoop-common-3.2.0.jar:/home/user/.m2/repository/org/apache/hadoop/hadoop-annotations/3.2.0/hadoop-annotations-3.2.0.jar:/usr/lib/jvm/java-1.8-openjdk/jre/../lib/tools.jar:/home/user/.m2/repository/commons-cli/commons-cli/1.2/commons-cli-1.2.jar:/home/user/.m2/repository/org/apache/commons/commons-math3/3.1.1/commons-math3-3.1.1.jar:/home/user/.m2/repository/org/apache/httpcomponents/httpclient/4.5.2/httpclient-4.5.2.jar:/home/user/.m2/repository/org/apache/httpcomponents/httpcore/4.4.4/httpcore-4.4.4.jar:/home/user/.m2/repository/commons-codec/commons-codec/1.11/commons-codec-1.11.jar:/home/user/.m2/repository/commons-io/commons-io/2.5/commons-io-2.5.jar:/home/user/.m2/repository/commons-net/commons-net/3.6/commons-net-3.6.jar:/home/user/.m2/repository/commons-collections/commons-collections/3.2.2/commons-collections-3.2.2.jar:/home/user/.m2/repository/javax/servlet/javax.servlet-api/3.1.0/javax.servlet-api-3.1.0.jar:/home/user/.m2/repository/org/eclipse/jetty/jetty-server/9.3.24.v20180605/jetty-server-9.3.24.v20180605.jar:/home/user/.m2/repository/org/eclipse/jetty/jetty-http/9.3.24.v20180605/jetty-http-9.3.24.v20180605.jar:/home/user/.m2/repository/org/eclipse/jetty/jetty-io/9.3.24.v20180605/jetty-io-9.3.24.v20180605.jar:/home/user/.m2/repository/org/eclipse/jetty/jetty-util/9.3.24.v20180605/jetty-util-9.3.24.v20180605.jar:/home/user/.m2/repository/org/eclipse/jetty/jetty-servlet/9.3.24.v20180605/jetty-servlet-9.3.24.v20180605.jar:/home/user/.m2/repository/org/eclipse/jetty/jetty-security/9.3.24.v20180605/jetty-security-9.3.24.v20180605.jar:/home/user/.m2/repository/org/eclipse/jetty/jetty-webapp/9.3.24.v20180605/jetty-webapp-9.3.24.v20180605.jar:/home/user/.m2/repository/org/eclipse/jetty/jetty-xml/9.3.24.v20180605/jetty-xml-9.3.24.v20180605.jar:/home/user/.m2/repository/javax/servlet/jsp/jsp-api/2.1/jsp-api-2.1.jar:/home/user/.m2/repository/com/sun/jersey/jersey-core/1.19/jersey-core-1.19.jar:/home/user/.m2/repository/javax/ws/rs/jsr311-api/1.1.1/jsr311-api-1.1.1.jar:/home/user/.m2/repository/com/sun/jersey/jersey-servlet/1.19/jersey-servlet-1.19.jar:/home/user/.m2/repository/com/sun/jersey/jersey-json/1.19/jersey-json-1.19.jar:/home/user/.m2/repository/org/codehaus/jettison/jettison/1.1/jettison-1.1.jar:/home/user/.m2/repository/com/sun/xml/bind/jaxb-impl/2.3.0.1/jaxb-impl-2.3.0.1.jar:/home/user/.m2/repository/org/codehaus/jackson/jackson-core-asl/1.9.13/jackson-core-asl-1.9.13.jar:/home/user/.m2/repository/org/codehaus/jackson/jackson-mapper-asl/1.9.13/jackson-mapper-asl-1.9.13.jar:/home/user/.m2/repository/org/codehaus/jackson/jackson-jaxrs/1.9.13/jackson-jaxrs-1.9.13.jar:/home/user/.m2/repository/org/codehaus/jackson/jackson-xc/1.9.13/jackson-xc-1.9.13.jar:/home/user/.m2/repository/com/sun/jersey/jersey-server/1.19/jersey-server-1.19.jar:/home/user/.m2/repository/commons-logging/commons-logging/1.1.3/commons-logging-1.1.3.jar:/home/user/.m2/repository/log4j/log4j/1.2.17/log4j-1.2.17.jar:/home/user/.m2/repository/commons-beanutils/commons-beanutils/1.9.3/commons-beanutils-1.9.3.jar:/home/user/.m2/repository/org/apache/commons/commons-configuration2/2.1.1/commons-configuration2-2.1.1.jar:/home/user/.m2/repository/org/apache/commons/commons-lang3/3.7/commons-lang3-3.7.jar:/home/user/.m2/repository/org/apache/commons/commons-text/1.4/commons-text-1.4.jar:/home/user/.m2/repository/org/slf4j/slf4j-api/1.7.25/slf4j-api-1.7.25.jar:/home/user/.m2/repository/org/slf4j/slf4j-log4j12/1.7.25/slf4j-log4j12-1.7.25.jar:/home/user/.m2/repository/org/apache/avro/avro/1.7.7/avro-1.7.7.jar:/home/user/.m2/repository/com/thoughtworks/paranamer/paranamer/2.3/paranamer-2.3.jar:/home/user/.m2/repository/org/xerial/snappy/snappy-java/1.0.5/snappy-java-1.0.5.jar:/home/user/.m2/repository/com/google/re2j/re2j/1.1/re2j-1.1.jar:/home/user/.m2/repository/com/google/code/gson/gson/2.2.4/gson-2.2.4.jar:/home/user/.m2/repository/org/apache/hadoop/hadoop-auth/3.2.0/hadoop-auth-3.2.0.jar:/home/user/.m2/repository/com/nimbusds/nimbus-jose-jwt/4.41.1/nimbus-jose-jwt-4.41.1.jar:/home/user/.m2/repository/com/github/stephenc/jcip/jcip-annotations/1.0-1/jcip-annotations-1.0-1.jar:/home/user/.m2/repository/net/minidev/json-smart/2.3/json-smart-2.3.jar:/home/user/.m2/repository/net/minidev/accessors-smart/1.2/accessors-smart-1.2.jar:/home/user/.m2/repository/org/apache/curator/curator-framework/2.12.0/curator-framework-2.12.0.jar:/home/user/.m2/repository/com/jcraft/jsch/0.1.54/jsch-0.1.54.jar:/home/user/.m2/repository/org/apache/curator/curator-client/2.12.0/curator-client-2.12.0.jar:/home/user/.m2/repository/org/apache/curator/curator-recipes/2.12.0/curator-recipes-2.12.0.jar:/home/user/.m2/repository/com/google/code/findbugs/jsr305/3.0.0/jsr305-3.0.0.jar:/home/user/.m2/repository/org/apache/htrace/htrace-core4/4.1.0-incubating/htrace-core4-4.1.0-incubating.jar:/home/user/.m2/repository/org/apache/zookeeper/zookeeper/3.4.13/zookeeper-3.4.13.jar:/home/user/.m2/repository/org/apache/yetus/audience-annotations/0.5.0/audience-annotations-0.5.0.jar:/home/user/.m2/repository/org/apache/kerby/kerb-simplekdc/1.0.1/kerb-simplekdc-1.0.1.jar:/home/user/.m2/repository/org/apache/kerby/kerb-client/1.0.1/kerb-client-1.0.1.jar:/home/user/.m2/repository/org/apache/kerby/kerby-config/1.0.1/kerby-config-1.0.1.jar:/home/user/.m2/repository/org/apache/kerby/kerb-core/1.0.1/kerb-core-1.0.1.jar:/home/user/.m2/repository/org/apache/kerby/kerby-pkix/1.0.1/kerby-pkix-1.0.1.jar:/home/user/.m2/repository/org/apache/kerby/kerby-asn1/1.0.1/kerby-asn1-1.0.1.jar:/home/user/.m2/repository/org/apache/kerby/kerby-util/1.0.1/kerby-util-1.0.1.jar:/home/user/.m2/repository/org/apache/kerby/kerb-common/1.0.1/kerb-common-1.0.1.jar:/home/user/.m2/repository/org/apache/kerby/kerb-crypto/1.0.1/kerb-crypto-1.0.1.jar:/home/user/.m2/repository/org/apache/kerby/kerb-util/1.0.1/kerb-util-1.0.1.jar:/home/user/.m2/repository/org/apache/kerby/token-provider/1.0.1/token-provider-1.0.1.jar:/home/user/.m2/repository/org/apache/kerby/kerb-admin/1.0.1/kerb-admin-1.0.1.jar:/home/user/.m2/repository/org/apache/kerby/kerb-server/1.0.1/kerb-server-1.0.1.jar:/home/user/.m2/repository/org/apache/kerby/kerb-identity/1.0.1/kerb-identity-1.0.1.jar:/home/user/.m2/repository/org/apache/kerby/kerby-xdr/1.0.1/kerby-xdr-1.0.1.jar:/home/user/.m2/repository/com/fasterxml/jackson/core/jackson-databind/2.9.5/jackson-databind-2.9.5.jar:/home/user/.m2/repository/com/fasterxml/jackson/core/jackson-core/2.9.5/jackson-core-2.9.5.jar:/home/user/.m2/repository/org/codehaus/woodstox/stax2-api/3.1.4/stax2-api-3.1.4.jar:/home/user/.m2/repository/com/fasterxml/woodstox/woodstox-core/5.0.3/woodstox-core-5.0.3.jar:/home/user/.m2/repository/dnsjava/dnsjava/2.1.7/dnsjava-2.1.7.jar:/home/user/.m2/repository/org/apache/hadoop/hadoop-hdfs/3.2.0/hadoop-hdfs-3.2.0.jar:/home/user/.m2/repository/org/eclipse/jetty/jetty-util-ajax/9.3.24.v20180605/jetty-util-ajax-9.3.24.v20180605.jar:/home/user/.m2/repository/commons-daemon/commons-daemon/1.0.13/commons-daemon-1.0.13.jar:/home/user/.m2/repository/io/netty/netty/3.10.5.Final/netty-3.10.5.Final.jar:/home/user/.m2/repository/io/netty/netty-all/4.0.52.Final/netty-all-4.0.52.Final.jar:/home/user/.m2/repository/org/fusesource/leveldbjni/leveldbjni-all/1.8/leveldbjni-all-1.8.jar:/home/user/.m2/repository/com/sun/xml/bind/jaxb-core/2.3.0.1/jaxb-core-2.3.0.1.jar:/home/user/.m2/repository/javax/xml/bind/jaxb-api/2.3.0/jaxb-api-2.3.0.jar:/home/user/.m2/repository/javax/activation/activation/1.1.1/activation-1.1.1.jar:/home/user/.m2/repository/io/dropwizard/metrics/metrics-core/3.2.4/metrics-core-3.2.4.jar:/home/user/.m2/repository/org/openjdk/jmh/jmh-core/1.19/jmh-core-1.19.jar:/home/user/.m2/repository/net/sf/jopt-simple/jopt-simple/4.6/jopt-simple-4.6.jar:/home/user/.m2/repository/org/openjdk/jmh/jmh-generator-annprocess/1.19/jmh-generator-annprocess-1.19.jar:/home/user/.m2/repository/com/google/code/findbugs/findbugs/3.0.1/findbugs-3.0.1.jar:/home/user/.m2/repository/net/jcip/jcip-annotations/1.0/jcip-annotations-1.0.jar:/home/user/.m2/repository/com/google/code/findbugs/bcel-findbugs/6.0/bcel-findbugs-6.0.jar:/home/user/.m2/repository/com/google/code/findbugs/jFormatString/2.0.1/jFormatString-2.0.1.jar:/home/user/.m2/repository/dom4j/dom4j/1.6.1/dom4j-1.6.1.jar:/home/user/.m2/repository/xml-apis/xml-apis/1.0.b2/xml-apis-1.0.b2.jar:/home/user/.m2/repository/org/ow2/asm/asm-debug-all/5.0.2/asm-debug-all-5.0.2.jar:/home/user/.m2/repository/org/ow2/asm/asm-commons/5.0.2/asm-commons-5.0.2.jar:/home/user/.m2/repository/org/ow2/asm/asm-tree/5.0.2/asm-tree-5.0.2.jar:/home/user/.m2/repository/org/ow2/asm/asm/5.0.4/asm-5.0.4.jar:/home/user/.m2/repository/commons-lang/commons-lang/2.6/commons-lang-2.6.jar:/home/user/.m2/repository/com/apple/AppleJavaExtensions/1.4/AppleJavaExtensions-1.4.jar:/home/user/.m2/repository/jaxen/jaxen/1.1.6/jaxen-1.1.6.jar:/home/user/.m2/repository/junit/junit/4.11/junit-4.11.jar:/home/user/.m2/repository/org/hamcrest/hamcrest-core/1.3/hamcrest-core-1.3.jar:/home/user/.m2/repository/org/apache/hadoop/hadoop-common/3.2.0/hadoop-common-3.2.0-tests.jar:/workdir/hadoop-ozone/integration-test/target/test-classes:/home/user/.m2/repository/org/apache/hadoop/hadoop-ozone-objectstore-service/0.5.0-SNAPSHOT/hadoop-ozone-objectstore-service-0.5.0-SNAPSHOT.jar:/home/user/.m2/repository/org/apache/hadoop/hadoop-ozone-s3gateway/0.5.0-SNAPSHOT/hadoop-ozone-s3gateway-0.5.0-SNAPSHOT.jar:/home/user/.m2/repository/org/jboss/weld/servlet/weld-servlet/2.4.7.Final/weld-servlet-2.4.7.Final.jar:/home/user/.m2/repository/org/glassfish/jersey/containers/jersey-container-servlet-core/2.27/jersey-container-servlet-core-2.27.jar:/home/user/.m2/repository/org/glassfish/hk2/external/javax.inject/2.5.0-b42/javax.inject-2.5.0-b42.jar:/home/user/.m2/repository/org/glassfish/jersey/core/jersey-common/2.27/jersey-common-2.27.jar:/home/user/.m2/repository/org/glassfish/hk2/osgi-resource-locator/1.0.1/osgi-resource-locator-1.0.1.jar:/home/user/.m2/repository/javax/ws/rs/javax.ws.rs-api/2.1/javax.ws.rs-api-2.1.jar:/home/user/.m2/repository/org/glassfish/jersey/ext/cdi/jersey-cdi1x/2.27/jersey-cdi1x-2.27.jar:/home/user/.m2/repository/org/glassfish/jersey/inject/jersey-hk2/2.27/jersey-hk2-2.27.jar:/home/user/.m2/repository/org/glassfish/hk2/hk2-locator/2.5.0-b42/hk2-locator-2.5.0-b42.jar:/home/user/.m2/repository/org/javassist/javassist/3.22.0-CR2/javassist-3.22.0-CR2.jar:/home/user/.m2/repository/org/glassfish/hk2/hk2-api/2.5.0/hk2-api-2.5.0.jar:/home/user/.m2/repository/org/glassfish/hk2/external/jakarta.inject/2.5.0/jakarta.inject-2.5.0.jar:/home/user/.m2/repository/org/glassfish/hk2/hk2-utils/2.5.0/hk2-utils-2.5.0.jar:/home/user/.m2/repository/jakarta/annotation/jakarta.annotation-api/1.3.4/jakarta.annotation-api-1.3.4.jar:/home/user/.m2/repository/org/glassfish/hk2/external/aopalliance-repackaged/2.5.0/aopalliance-repackaged-2.5.0.jar:/home/user/.m2/repository/com/fasterxml/jackson/dataformat/jackson-dataformat-xml/2.9.0/jackson-dataformat-xml-2.9.0.jar:/home/user/.m2/repository/com/fasterxml/jackson/module/jackson-module-jaxb-annotations/2.9.5/jackson-module-jaxb-annotations-2.9.5.jar:/home/user/.m2/repository/javax/enterprise/cdi-api/1.2/cdi-api-1.2.jar:/home/user/.m2/repository/javax/el/javax.el-api/3.0.0/javax.el-api-3.0.0.jar:/home/user/.m2/repository/javax/interceptor/javax.interceptor-api/1.2/javax.interceptor-api-1.2.jar:/home/user/.m2/repository/javax/inject/javax.inject/1/javax.inject-1.jar:/home/user/.m2/repository/org/apache/hadoop/hadoop-ozone-csi/0.5.0-SNAPSHOT/hadoop-ozone-csi-0.5.0-SNAPSHOT.jar:/home/user/.m2/repository/com/google/protobuf/protobuf-java-util/3.5.1/protobuf-java-util-3.5.1.jar:/home/user/.m2/repository/io/grpc/grpc-netty/1.17.1/grpc-netty-1.17.1.jar:/home/user/.m2/repository/io/grpc/grpc-core/1.17.1/grpc-core-1.17.1.jar:/home/user/.m2/repository/io/grpc/grpc-context/1.17.1/grpc-context-1.17.1.jar:/home/user/.m2/repository/com/google/errorprone/error_prone_annotations/2.2.0/error_prone_annotations-2.2.0.jar:/home/user/.m2/repository/org/codehaus/mojo/animal-sniffer-annotations/1.17/animal-sniffer-annotations-1.17.jar:/home/user/.m2/repository/io/opencensus/opencensus-api/0.17.0/opencensus-api-0.17.0.jar:/home/user/.m2/repository/io/opencensus/opencensus-contrib-grpc-metrics/0.17.0/opencensus-contrib-grpc-metrics-0.17.0.jar:/home/user/.m2/repository/io/netty/netty-codec-http2/4.1.30.Final/netty-codec-http2-4.1.30.Final.jar:/home/user/.m2/repository/io/netty/netty-codec-http/4.1.30.Final/netty-codec-http-4.1.30.Final.jar:/home/user/.m2/repository/io/netty/netty-codec/4.1.30.Final/netty-codec-4.1.30.Final.jar:/home/user/.m2/repository/io/netty/netty-handler/4.1.30.Final/netty-handler-4.1.30.Final.jar:/home/user/.m2/repository/io/netty/netty-handler-proxy/4.1.30.Final/netty-handler-proxy-4.1.30.Final.jar:/home/user/.m2/repository/io/netty/netty-codec-socks/4.1.30.Final/netty-codec-socks-4.1.30.Final.jar:/home/user/.m2/repository/io/netty/netty-transport-native-epoll/4.1.30.Final/netty-transport-native-epoll-4.1.30.Final.jar:/home/user/.m2/repository/io/netty/netty-common/4.1.30.Final/netty-common-4.1.30.Final.jar:/home/user/.m2/repository/io/netty/netty-buffer/4.1.30.Final/netty-buffer-4.1.30.Final.jar:/home/user/.m2/repository/io/netty/netty-transport/4.1.30.Final/netty-transport-4.1.30.Final.jar:/home/user/.m2/repository/io/netty/netty-resolver/4.1.30.Final/netty-resolver-4.1.30.Final.jar:/home/user/.m2/repository/io/netty/netty-transport-native-unix-common/4.1.30.Final/netty-transport-native-unix-common-4.1.30.Final.jar:/home/user/.m2/repository/io/grpc/grpc-protobuf/1.17.1/grpc-protobuf-1.17.1.jar:/home/user/.m2/repository/com/google/api/grpc/proto-google-common-protos/1.0.0/proto-google-common-protos-1.0.0.jar:/home/user/.m2/repository/io/grpc/grpc-protobuf-lite/1.17.1/grpc-protobuf-lite-1.17.1.jar:/home/user/.m2/repository/io/grpc/grpc-stub/1.17.1/grpc-stub-1.17.1.jar:/home/user/.m2/repository/org/apache/hadoop/hadoop-ozone-recon/0.5.0-SNAPSHOT/hadoop-ozone-recon-0.5.0-SNAPSHOT.jar:/home/user/.m2/repository/org/apache/hadoop/hadoop-ozone-reconcodegen/0.5.0-SNAPSHOT/hadoop-ozone-reconcodegen-0.5.0-SNAPSHOT.jar:/home/user/.m2/repository/com/google/inject/extensions/guice-multibindings/4.0/guice-multibindings-4.0.jar:/home/user/.m2/repository/com/google/inject/guice/4.0/guice-4.0.jar:/home/user/.m2/repository/aopalliance/aopalliance/1.0/aopalliance-1.0.jar:/home/user/.m2/repository/com/google/inject/extensions/guice-servlet/4.0/guice-servlet-4.0.jar:/home/user/.m2/repository/org/glassfish/jersey/containers/jersey-container-servlet/2.27/jersey-container-servlet-2.27.jar:/home/user/.m2/repository/org/glassfish/hk2/guice-bridge/2.5.0/guice-bridge-2.5.0.jar:/home/user/.m2/repository/org/glassfish/jersey/core/jersey-server/2.27/jersey-server-2.27.jar:/home/user/.m2/repository/org/glassfish/jersey/core/jersey-client/2.27/jersey-client-2.27.jar:/home/user/.m2/repository/org/glassfish/jersey/media/jersey-media-jaxb/2.27/jersey-media-jaxb-2.27.jar:/home/user/.m2/repository/javax/validation/validation-api/1.1.0.Final/validation-api-1.1.0.Final.jar:/home/user/.m2/repository/org/glassfish/jersey/media/jersey-media-json-jackson/2.27/jersey-media-json-jackson-2.27.jar:/home/user/.m2/repository/org/glassfish/jersey/ext/jersey-entity-filtering/2.27/jersey-entity-filtering-2.27.jar:/home/user/.m2/repository/com/google/inject/extensions/guice-assistedinject/4.0/guice-assistedinject-4.0.jar:/home/user/.m2/repository/org/jooq/jooq/3.11.10/jooq-3.11.10.jar:/home/user/.m2/repository/org/jooq/jooq-meta/3.11.10/jooq-meta-3.11.10.jar:/home/user/.m2/repository/org/jooq/jooq-codegen/3.11.10/jooq-codegen-3.11.10.jar:/home/user/.m2/repository/com/jolbox/bonecp/0.8.0.RELEASE/bonecp-0.8.0.RELEASE.jar:/home/user/.m2/repository/org/springframework/spring-jdbc/5.1.3.RELEASE/spring-jdbc-5.1.3.RELEASE.jar:/home/user/.m2/repository/org/springframework/spring-beans/5.1.3.RELEASE/spring-beans-5.1.3.RELEASE.jar:/home/user/.m2/repository/org/springframework/spring-core/5.1.3.RELEASE/spring-core-5.1.3.RELEASE.jar:/home/user/.m2/repository/org/springframework/spring-jcl/5.1.3.RELEASE/spring-jcl-5.1.3.RELEASE.jar:/home/user/.m2/repository/org/springframework/spring-tx/5.1.3.RELEASE/spring-tx-5.1.3.RELEASE.jar:/home/user/.m2/repository/org/mockito/mockito-core/2.15.0/mockito-core-2.15.0.jar:/home/user/.m2/repository/net/bytebuddy/byte-buddy/1.7.9/byte-buddy-1.7.9.jar:/home/user/.m2/repository/net/bytebuddy/byte-buddy-agent/1.7.9/byte-buddy-agent-1.7.9.jar:/home/user/.m2/repository/org/objenesis/objenesis/1.0/objenesis-1.0.jar:"/>
    <property name="sun.cpu.endian" value="little"/>
    <property name="user.home" value="/home/user"/>
    <property name="user.language" value="en"/>
    <property name="java.specification.vendor" value="Oracle Corporation"/>
    <property name="java.home" value="/usr/lib/jvm/java-1.8-openjdk/jre"/>
    <property name="java.security.krb5.conf" value="/workdir/hadoop-ozone/tools/target/test-classes/krb5.conf"/>
    <property name="basedir" value="/workdir/hadoop-ozone/tools"/>
    <property name="file.separator" value="/"/>
    <property name="line.separator" value="&#10;"/>
    <property name="java.vm.specification.vendor" value="Oracle Corporation"/>
    <property name="java.specification.name" value="Java Platform API Specification"/>
    <property name="java.awt.graphicsenv" value="sun.awt.X11GraphicsEnvironment"/>
    <property name="surefire.real.class.path" value="/workdir/hadoop-ozone/tools/target/surefire/surefirebooter6179249054268932938.jar"/>
    <property name="hadoop.log.dir" value="/workdir/hadoop-ozone/tools/target/log"/>
    <property name="sun.boot.class.path" value="/usr/lib/jvm/java-1.8-openjdk/jre/lib/resources.jar:/usr/lib/jvm/java-1.8-openjdk/jre/lib/rt.jar:/usr/lib/jvm/java-1.8-openjdk/jre/lib/sunrsasign.jar:/usr/lib/jvm/java-1.8-openjdk/jre/lib/jsse.jar:/usr/lib/jvm/java-1.8-openjdk/jre/lib/jce.jar:/usr/lib/jvm/java-1.8-openjdk/jre/lib/charsets.jar:/usr/lib/jvm/java-1.8-openjdk/jre/lib/jfr.jar:/usr/lib/jvm/java-1.8-openjdk/jre/classes"/>
    <property name="sun.management.compiler" value="HotSpot 64-Bit Tiered Compilers"/>
    <property name="java.runtime.version" value="1.8.0_212-b04"/>
    <property name="java.net.preferIPv4Stack" value="true"/>
    <property name="user.name" value="jenkins1000"/>
    <property name="path.separator" value=":"/>
    <property name="java.security.egd" value="file:///dev/urandom"/>
    <property name="os.version" value="3.10.0-957.12.2.el7.x86_64"/>
    <property name="java.endorsed.dirs" value="/usr/lib/jvm/java-1.8-openjdk/jre/lib/endorsed"/>
    <property name="java.runtime.name" value="OpenJDK Runtime Environment"/>
    <property name="file.encoding" value="UTF-8"/>
    <property name="java.vm.name" value="OpenJDK 64-Bit Server VM"/>
    <property name="test.build.webapps" value=""/>
    <property name="localRepository" value="/home/user/.m2/repository"/>
    <property name="java.vendor.url.bug" value="https://icedtea.classpath.org/bugzilla"/>
    <property name="java.io.tmpdir" value="/tmp"/>
    <property name="require.test.libhadoop" value=""/>
    <property name="java.version" value="1.8.0_212"/>
    <property name="user.dir" value="/workdir/hadoop-ozone/tools"/>
    <property name="os.arch" value="amd64"/>
    <property name="java.vm.specification.name" value="Java Virtual Machine Specification"/>
    <property name="test.build.classes" value="/workdir/hadoop-ozone/tools/target/test-classes"/>
    <property name="java.awt.printerjob" value="sun.print.PSPrinterJob"/>
    <property name="sun.os.patch.level" value="unknown"/>
    <property name="hadoop.tmp.dir" value="/workdir/hadoop-ozone/tools/target/tmp"/>
    <property name="java.library.path" value="/usr/lib/jvm/java-1.8-openjdk/jre/lib/amd64/server:/usr/lib/jvm/java-1.8-openjdk/jre/lib/amd64:/usr/lib/jvm/java-1.8-openjdk/jre/../lib/amd64:/workdir/hadoop-ozone/tools/target/native/target/usr/local/lib:/workdir/hadoop-ozone/tools/../../hadoop-common-project/hadoop-common/target/native/target/usr/local/lib:/usr/java/packages/lib/amd64:/usr/lib64:/lib64:/lib:/usr/lib"/>
    <property name="java.vm.info" value="mixed mode"/>
    <property name="java.vendor" value="IcedTea"/>
    <property name="java.vm.version" value="25.212-b04"/>
    <property name="java.ext.dirs" value="/usr/lib/jvm/java-1.8-openjdk/jre/lib/ext:/usr/java/packages/lib/ext"/>
    <property name="sun.io.unicode.encoding" value="UnicodeLittle"/>
    <property name="java.class.version" value="52.0"/>
  </properties>
  <testcase name="ratisTestLargeKey" classname="org.apache.hadoop.ozone.freon.TestDataValidateWithSafeByteOperations" time="10.438">
    <error message="Allocated 0 blocks. Requested 5 blocks" type="INTERNAL_ERROR org.apache.hadoop.ozone.om.exceptions.OMException">INTERNAL_ERROR org.apache.hadoop.ozone.om.exceptions.OMException: Allocated 0 blocks. Requested 5 blocks
	at org.apache.hadoop.ozone.om.protocolPB.OzoneManagerProtocolClientSideTranslatorPB.handleError(OzoneManagerProtocolClientSideTranslatorPB.java:725)
	at org.apache.hadoop.ozone.om.protocolPB.OzoneManagerProtocolClientSideTranslatorPB.openKey(OzoneManagerProtocolClientSideTranslatorPB.java:716)
	at org.apache.hadoop.ozone.client.rpc.RpcClient.createKey(RpcClient.java:615)
	at org.apache.hadoop.ozone.client.OzoneBucket.createKey(OzoneBucket.java:323)
	at org.apache.hadoop.ozone.freon.RandomKeyGenerator.createKey(RandomKeyGenerator.java:686)
	at org.apache.hadoop.ozone.freon.RandomKeyGenerator.access$1100(RandomKeyGenerator.java:87)
	at org.apache.hadoop.ozone.freon.RandomKeyGenerator$ObjectCreator.run(RandomKeyGenerator.java:606)
	at java.util.concurrent.Executors$RunnableAdapter.call(Executors.java:511)
	at java.util.concurrent.FutureTask.run(FutureTask.java:266)
	at java.util.concurrent.ThreadPoolExecutor.runWorker(ThreadPoolExecutor.java:1149)
	at java.util.concurrent.ThreadPoolExecutor$Worker.run(ThreadPoolExecutor.java:624)
	at java.lang.Thread.run(Thread.java:748)
</error>
    <system-out><![CDATA[2019-09-19 05:38:35,697 [main] WARN  server.ServerUtils (ServerUtils.java:getScmDbDir(145)) - ozone.scm.db.dirs is not configured. We recommend adding this setting. Falling back to ozone.metadata.dirs instead.
2019-09-19 05:38:35,878 [main] WARN  server.ServerUtils (ServerUtils.java:getScmDbDir(145)) - ozone.scm.db.dirs is not configured. We recommend adding this setting. Falling back to ozone.metadata.dirs instead.
2019-09-19 05:38:35,882 [main] WARN  server.ServerUtils (ServerUtils.java:getScmDbDir(145)) - ozone.scm.db.dirs is not configured. We recommend adding this setting. Falling back to ozone.metadata.dirs instead.
2019-09-19 05:38:35,902 [main] INFO  util.log (Log.java:initialized(192)) - Logging initialized @962ms
2019-09-19 05:38:35,993 [main] INFO  db.DBStoreBuilder (DBStoreBuilder.java:addTable(110)) - using custom profile for table: deletedBlocks
2019-09-19 05:38:35,993 [main] INFO  db.DBStoreBuilder (DBStoreBuilder.java:processTables(161)) - Using default column profile:DBProfile.DISK for Table:deletedBlocks
2019-09-19 05:38:35,994 [main] INFO  db.DBStoreBuilder (DBStoreBuilder.java:addTable(110)) - using custom profile for table: validCerts
2019-09-19 05:38:35,994 [main] INFO  db.DBStoreBuilder (DBStoreBuilder.java:processTables(161)) - Using default column profile:DBProfile.DISK for Table:validCerts
2019-09-19 05:38:35,995 [main] INFO  db.DBStoreBuilder (DBStoreBuilder.java:addTable(110)) - using custom profile for table: revokedCerts
2019-09-19 05:38:35,995 [main] INFO  db.DBStoreBuilder (DBStoreBuilder.java:processTables(161)) - Using default column profile:DBProfile.DISK for Table:revokedCerts
2019-09-19 05:38:36,022 [main] INFO  db.DBStoreBuilder (DBStoreBuilder.java:addTable(110)) - using custom profile for table: default
2019-09-19 05:38:36,023 [main] INFO  db.DBStoreBuilder (DBStoreBuilder.java:processTables(167)) - Using default column profile:DBProfile.DISK for Table:default
2019-09-19 05:38:36,026 [main] INFO  db.DBStoreBuilder (DBStoreBuilder.java:getDbProfile(198)) - Using default options. DBProfile.DISK
2019-09-19 05:38:36,967 [main] INFO  net.NodeSchemaLoader (NodeSchemaLoader.java:loadSchemaFromFile(125)) - Loading file from sun.misc.CompoundEnumeration@3835c46
2019-09-19 05:38:36,969 [main] INFO  net.NodeSchemaLoader (NodeSchemaLoader.java:loadSchema(171)) - Loading network topology layer schema file
2019-09-19 05:38:37,056 [main] WARN  server.ServerUtils (ServerUtils.java:sanitizeUserArgs(70)) - ozone.scm.stale.node.interval value = 300000 is larger than max = 100000 based on the key value of ozone.scm.heartbeat.thread.interval, reset to the max value 100000.
2019-09-19 05:38:37,058 [main] WARN  server.ServerUtils (ServerUtils.java:sanitizeUserArgs(70)) - ozone.scm.stale.node.interval value = 300000 is larger than max = 100000 based on the key value of ozone.scm.heartbeat.thread.interval, reset to the max value 100000.
2019-09-19 05:38:37,061 [main] INFO  node.SCMNodeManager (SCMNodeManager.java:<init>(121)) - Entering startup safe mode.
2019-09-19 05:38:37,133 [main] INFO  algorithms.ContainerPlacementPolicyFactory (ContainerPlacementPolicyFactory.java:getPolicy(56)) - Create container placement policy of type org.apache.hadoop.hdds.scm.container.placement.algorithms.SCMContainerPlacementRandom
2019-09-19 05:38:37,149 [main] WARN  server.ServerUtils (ServerUtils.java:getScmDbDir(145)) - ozone.scm.db.dirs is not configured. We recommend adding this setting. Falling back to ozone.metadata.dirs instead.
2019-09-19 05:38:37,512 [main] INFO  pipeline.SCMPipelineManager (SCMPipelineManager.java:initializePipelineState(145)) - No pipeline exists in current db
2019-09-19 05:38:37,517 [main] WARN  server.ServerUtils (ServerUtils.java:getScmDbDir(145)) - ozone.scm.db.dirs is not configured. We recommend adding this setting. Falling back to ozone.metadata.dirs instead.
2019-09-19 05:38:37,619 [main] INFO  safemode.HealthyPipelineSafeModeRule (HealthyPipelineSafeModeRule.java:<init>(87)) -  Total pipeline count is 0, healthy pipeline threshold count is 1
2019-09-19 05:38:37,621 [main] INFO  safemode.OneReplicaPipelineSafeModeRule (OneReplicaPipelineSafeModeRule.java:<init>(75)) - Total pipeline count is 0, pipeline's with at least one datanode reported threshold count is 0
2019-09-19 05:38:37,621 [main] WARN  events.EventQueue (EventQueue.java:fireEvent(175)) - No event handler registered for event TypedEvent{payloadType=SafeModeStatus, name='SafeModeStatus'}
2019-09-19 05:38:38,487 [main] INFO  ipc.CallQueueManager (CallQueueManager.java:<init>(84)) - Using callQueue: class java.util.concurrent.LinkedBlockingQueue, queueCapacity: 2000, scheduler: class org.apache.hadoop.ipc.DefaultRpcScheduler, ipcBackoff: false.
2019-09-19 05:38:38,529 [Socket Reader #1 for port 36586] INFO  ipc.Server (Server.java:run(1074)) - Starting Socket Reader #1 for port 36586
2019-09-19 05:38:38,562 [main] INFO  ipc.CallQueueManager (CallQueueManager.java:<init>(84)) - Using callQueue: class java.util.concurrent.LinkedBlockingQueue, queueCapacity: 2000, scheduler: class org.apache.hadoop.ipc.DefaultRpcScheduler, ipcBackoff: false.
2019-09-19 05:38:38,563 [Socket Reader #1 for port 32881] INFO  ipc.Server (Server.java:run(1074)) - Starting Socket Reader #1 for port 32881
2019-09-19 05:38:38,576 [main] INFO  ipc.CallQueueManager (CallQueueManager.java:<init>(84)) - Using callQueue: class java.util.concurrent.LinkedBlockingQueue, queueCapacity: 2000, scheduler: class org.apache.hadoop.ipc.DefaultRpcScheduler, ipcBackoff: false.
2019-09-19 05:38:38,577 [Socket Reader #1 for port 33423] INFO  ipc.Server (Server.java:run(1074)) - Starting Socket Reader #1 for port 33423
2019-09-19 05:38:38,608 [main] INFO  hdfs.DFSUtil (DFSUtil.java:httpServerTemplateForNNAndJN(1641)) - Starting Web-server for scm at: http://0.0.0.0:0
2019-09-19 05:38:38,774 [main] INFO  server.AuthenticationFilter (AuthenticationFilter.java:constructSecretProvider(240)) - Unable to initialize FileSignerSecretProvider, falling back to use random secrets.
2019-09-19 05:38:38,791 [main] WARN  http.HttpRequestLog (HttpRequestLog.java:getRequestLog(97)) - Jetty request log can only be enabled using Log4j
2019-09-19 05:38:38,801 [main] INFO  http.HttpServer2 (HttpServer2.java:addGlobalFilter(975)) - Added global filter 'safety' (class=org.apache.hadoop.http.HttpServer2$QuotingInputFilter)
2019-09-19 05:38:38,805 [main] INFO  http.HttpServer2 (HttpServer2.java:addFilter(948)) - Added filter static_user_filter (class=org.apache.hadoop.http.lib.StaticUserWebFilter$StaticUserFilter) to context scm
2019-09-19 05:38:38,805 [main] INFO  http.HttpServer2 (HttpServer2.java:addFilter(958)) - Added filter static_user_filter (class=org.apache.hadoop.http.lib.StaticUserWebFilter$StaticUserFilter) to context static
2019-09-19 05:38:38,806 [main] INFO  http.HttpServer2 (HttpServer2.java:addFilter(958)) - Added filter static_user_filter (class=org.apache.hadoop.http.lib.StaticUserWebFilter$StaticUserFilter) to context logs
2019-09-19 05:38:38,835 [main] INFO  server.StorageContainerManager (StorageContainerManager.java:start(761)) - StorageContainerLocationProtocol RPC server is listening at /0.0.0.0:33423
2019-09-19 05:38:38,888 [main] WARN  impl.MetricsConfig (MetricsConfig.java:loadFirst(134)) - Cannot locate configuration: tried hadoop-metrics2-storagecontainermanager.properties,hadoop-metrics2.properties
2019-09-19 05:38:38,902 [main] INFO  impl.MetricsSystemImpl (MetricsSystemImpl.java:startTimer(374)) - Scheduled Metric snapshot period at 10 second(s).
2019-09-19 05:38:38,903 [main] INFO  impl.MetricsSystemImpl (MetricsSystemImpl.java:start(191)) - StorageContainerManager metrics system started
2019-09-19 05:38:39,138 [main] INFO  server.SCMClientProtocolServer (SCMClientProtocolServer.java:start(151)) - RPC server for Client  is listening at /0.0.0.0:33423
2019-09-19 05:38:39,139 [IPC Server Responder] INFO  ipc.Server (Server.java:run(1314)) - IPC Server Responder: starting
2019-09-19 05:38:39,139 [IPC Server listener on 33423] INFO  ipc.Server (Server.java:run(1153)) - IPC Server listener on 33423: starting
2019-09-19 05:38:39,142 [main] INFO  server.StorageContainerManager (StorageContainerManager.java:start(771)) - ScmBlockLocationProtocol RPC server is listening at /0.0.0.0:32881
2019-09-19 05:38:39,142 [main] INFO  server.SCMBlockProtocolServer (SCMBlockProtocolServer.java:start(140)) - RPC server for Block Protocol is listening at /0.0.0.0:32881
2019-09-19 05:38:39,143 [IPC Server Responder] INFO  ipc.Server (Server.java:run(1314)) - IPC Server Responder: starting
2019-09-19 05:38:39,143 [IPC Server listener on 32881] INFO  ipc.Server (Server.java:run(1153)) - IPC Server listener on 32881: starting
2019-09-19 05:38:39,146 [main] INFO  server.StorageContainerManager (StorageContainerManager.java:start(775)) - ScmDatanodeProtocl RPC server is listening at /0.0.0.0:36586
2019-09-19 05:38:39,146 [main] INFO  server.SCMDatanodeProtocolServer (SCMDatanodeProtocolServer.java:start(199)) - RPC server for DataNodes is listening at /0.0.0.0:36586
2019-09-19 05:38:39,146 [IPC Server Responder] INFO  ipc.Server (Server.java:run(1314)) - IPC Server Responder: starting
2019-09-19 05:38:39,146 [IPC Server listener on 36586] INFO  ipc.Server (Server.java:run(1153)) - IPC Server listener on 36586: starting
2019-09-19 05:38:39,151 [main] INFO  http.HttpServer2 (HttpServer2.java:bindListener(1191)) - Jetty bound to port 41625
2019-09-19 05:38:39,152 [main] INFO  server.Server (Server.java:doStart(351)) - jetty-9.3.24.v20180605, build timestamp: 2018-06-05T17:11:56Z, git hash: 84205aa28f11a4f31f2a3b86d1bba2cc8ab69827
2019-09-19 05:38:39,189 [main] INFO  handler.ContextHandler (ContextHandler.java:doStart(781)) - Started o.e.j.s.ServletContextHandler@4e858e0a{/logs,file:///workdir/hadoop-ozone/tools/target/log,AVAILABLE}
2019-09-19 05:38:39,190 [main] INFO  handler.ContextHandler (ContextHandler.java:doStart(781)) - Started o.e.j.s.ServletContextHandler@696f0212{/static,jar:file:/home/user/.m2/repository/org/apache/hadoop/hadoop-hdds-server-scm/0.5.0-SNAPSHOT/hadoop-hdds-server-scm-0.5.0-SNAPSHOT.jar!/webapps/static,AVAILABLE}
2019-09-19 05:38:39,265 [main] INFO  handler.ContextHandler (ContextHandler.java:doStart(781)) - Started o.e.j.w.WebAppContext@72efb5c1{/,file:///tmp/jetty-0.0.0.0-41625-scm-_-any-4831342339296200900.dir/webapp/,AVAILABLE}{/scm}
2019-09-19 05:38:39,270 [main] INFO  server.AbstractConnector (AbstractConnector.java:doStart(278)) - Started ServerConnector@7a0e1b5e{HTTP/1.1,[http/1.1]}{0.0.0.0:41625}
2019-09-19 05:38:39,271 [main] INFO  server.Server (Server.java:doStart(419)) - Started @4331ms
2019-09-19 05:38:39,273 [main] INFO  server.BaseHttpServer (BaseHttpServer.java:updateConnectorAddress(213)) - HTTP server of SCM is listening at http://0.0.0.0:41625
2019-09-19 05:38:39,281 [org.apache.hadoop.util.JvmPauseMonitor$Monitor@15bcf458] INFO  util.JvmPauseMonitor (JvmPauseMonitor.java:run(188)) - Starting JVM pause monitor
2019-09-19 05:38:39,285 [main] WARN  server.ServerUtils (ServerUtils.java:getDBPath(222)) - ozone.om.db.dirs is not configured. We recommend adding this setting. Falling back to ozone.metadata.dirs instead.
2019-09-19 05:38:39,463 [main] WARN  server.ServerUtils (ServerUtils.java:getDBPath(222)) - ozone.om.db.dirs is not configured. We recommend adding this setting. Falling back to ozone.metadata.dirs instead.
2019-09-19 05:38:39,464 [main] WARN  server.ServerUtils (ServerUtils.java:getDBPath(222)) - ozone.om.db.dirs is not configured. We recommend adding this setting. Falling back to ozone.metadata.dirs instead.
2019-09-19 05:38:39,465 [main] INFO  om.OzoneManager (OzoneManager.java:setOMNodeDetails(645)) - OM Service ID is not set. Setting it to the default ID: omServiceIdDefault
2019-09-19 05:38:39,465 [main] INFO  om.OzoneManager (OzoneManager.java:setOMNodeDetails(651)) - OM Node ID is not set. Setting it to the OmStorage's OmID: 0ab7264b-d33e-485d-ae47-59cbde26a070
2019-09-19 05:38:39,466 [main] INFO  om.OzoneManager (OzoneManager.java:loadOMHAConfigs(602)) - Found matching OM address with OMServiceId: null, OMNodeId: null, RPC Address: localhost:0 and Ratis port: 9872
2019-09-19 05:38:39,762 | INFO  | SCMAudit | user=jenkins1000 | ip=192.168.34.50 | op=GET_SCM_INFO null | ret=SUCCESS |  
2019-09-19 05:38:40,254 [main] WARN  server.ServerUtils (ServerUtils.java:getDBPath(222)) - ozone.om.db.dirs is not configured. We recommend adding this setting. Falling back to ozone.metadata.dirs instead.
2019-09-19 05:38:40,262 [main] INFO  db.DBStoreBuilder (DBStoreBuilder.java:addTable(110)) - using custom profile for table: userTable
2019-09-19 05:38:40,262 [main] INFO  db.DBStoreBuilder (DBStoreBuilder.java:processTables(161)) - Using default column profile:DBProfile.DISK for Table:userTable
2019-09-19 05:38:40,263 [main] INFO  db.DBStoreBuilder (DBStoreBuilder.java:addTable(110)) - using custom profile for table: volumeTable
2019-09-19 05:38:40,263 [main] INFO  db.DBStoreBuilder (DBStoreBuilder.java:processTables(161)) - Using default column profile:DBProfile.DISK for Table:volumeTable
2019-09-19 05:38:40,263 [main] INFO  db.DBStoreBuilder (DBStoreBuilder.java:addTable(110)) - using custom profile for table: bucketTable
2019-09-19 05:38:40,263 [main] INFO  db.DBStoreBuilder (DBStoreBuilder.java:processTables(161)) - Using default column profile:DBProfile.DISK for Table:bucketTable
2019-09-19 05:38:40,264 [main] INFO  db.DBStoreBuilder (DBStoreBuilder.java:addTable(110)) - using custom profile for table: keyTable
2019-09-19 05:38:40,264 [main] INFO  db.DBStoreBuilder (DBStoreBuilder.java:processTables(161)) - Using default column profile:DBProfile.DISK for Table:keyTable
2019-09-19 05:38:40,264 [main] INFO  db.DBStoreBuilder (DBStoreBuilder.java:addTable(110)) - using custom profile for table: deletedTable
2019-09-19 05:38:40,264 [main] INFO  db.DBStoreBuilder (DBStoreBuilder.java:processTables(161)) - Using default column profile:DBProfile.DISK for Table:deletedTable
2019-09-19 05:38:40,265 [main] INFO  db.DBStoreBuilder (DBStoreBuilder.java:addTable(110)) - using custom profile for table: openKeyTable
2019-09-19 05:38:40,265 [main] INFO  db.DBStoreBuilder (DBStoreBuilder.java:processTables(161)) - Using default column profile:DBProfile.DISK for Table:openKeyTable
2019-09-19 05:38:40,265 [main] INFO  db.DBStoreBuilder (DBStoreBuilder.java:addTable(110)) - using custom profile for table: s3Table
2019-09-19 05:38:40,265 [main] INFO  db.DBStoreBuilder (DBStoreBuilder.java:processTables(161)) - Using default column profile:DBProfile.DISK for Table:s3Table
2019-09-19 05:38:40,266 [main] INFO  db.DBStoreBuilder (DBStoreBuilder.java:addTable(110)) - using custom profile for table: multipartInfoTable
2019-09-19 05:38:40,266 [main] INFO  db.DBStoreBuilder (DBStoreBuilder.java:processTables(161)) - Using default column profile:DBProfile.DISK for Table:multipartInfoTable
2019-09-19 05:38:40,266 [main] INFO  db.DBStoreBuilder (DBStoreBuilder.java:addTable(110)) - using custom profile for table: dTokenTable
2019-09-19 05:38:40,266 [main] INFO  db.DBStoreBuilder (DBStoreBuilder.java:processTables(161)) - Using default column profile:DBProfile.DISK for Table:dTokenTable
2019-09-19 05:38:40,267 [main] INFO  db.DBStoreBuilder (DBStoreBuilder.java:addTable(110)) - using custom profile for table: s3SecretTable
2019-09-19 05:38:40,267 [main] INFO  db.DBStoreBuilder (DBStoreBuilder.java:processTables(161)) - Using default column profile:DBProfile.DISK for Table:s3SecretTable
2019-09-19 05:38:40,267 [main] INFO  db.DBStoreBuilder (DBStoreBuilder.java:addTable(110)) - using custom profile for table: prefixTable
2019-09-19 05:38:40,267 [main] INFO  db.DBStoreBuilder (DBStoreBuilder.java:processTables(161)) - Using default column profile:DBProfile.DISK for Table:prefixTable
2019-09-19 05:38:40,267 [main] INFO  db.DBStoreBuilder (DBStoreBuilder.java:addTable(110)) - using custom profile for table: default
2019-09-19 05:38:40,268 [main] INFO  db.DBStoreBuilder (DBStoreBuilder.java:processTables(167)) - Using default column profile:DBProfile.DISK for Table:default
2019-09-19 05:38:40,268 [main] INFO  db.DBStoreBuilder (DBStoreBuilder.java:getDbProfile(198)) - Using default options. DBProfile.DISK
2019-09-19 05:38:42,592 [main] INFO  ipc.CallQueueManager (CallQueueManager.java:<init>(84)) - Using callQueue: class java.util.concurrent.LinkedBlockingQueue, queueCapacity: 2000, scheduler: class org.apache.hadoop.ipc.DefaultRpcScheduler, ipcBackoff: false.
2019-09-19 05:38:42,593 [Socket Reader #1 for port 43487] INFO  ipc.Server (Server.java:run(1074)) - Starting Socket Reader #1 for port 43487
2019-09-19 05:38:42,620 [main] INFO  om.OzoneManager (OzoneManager.java:start(1256)) - OzoneManager RPC server is listening at localhost/127.0.0.1:43487
2019-09-19 05:38:42,621 [main] INFO  impl.MetricsSystemImpl (MetricsSystemImpl.java:init(158)) - OzoneManager metrics system started (again)
2019-09-19 05:38:42,622 [IPC Server Responder] INFO  ipc.Server (Server.java:run(1314)) - IPC Server Responder: starting
2019-09-19 05:38:42,622 [IPC Server listener on 43487] INFO  ipc.Server (Server.java:run(1153)) - IPC Server listener on 43487: starting
2019-09-19 05:38:42,631 [main] INFO  hdfs.DFSUtil (DFSUtil.java:httpServerTemplateForNNAndJN(1641)) - Starting Web-server for ozoneManager at: http://0.0.0.0:0
2019-09-19 05:38:42,634 [main] INFO  server.AuthenticationFilter (AuthenticationFilter.java:constructSecretProvider(240)) - Unable to initialize FileSignerSecretProvider, falling back to use random secrets.
2019-09-19 05:38:42,634 [main] WARN  http.HttpRequestLog (HttpRequestLog.java:getRequestLog(97)) - Jetty request log can only be enabled using Log4j
2019-09-19 05:38:42,637 [main] INFO  http.HttpServer2 (HttpServer2.java:addGlobalFilter(975)) - Added global filter 'safety' (class=org.apache.hadoop.http.HttpServer2$QuotingInputFilter)
2019-09-19 05:38:42,638 [main] INFO  http.HttpServer2 (HttpServer2.java:addFilter(948)) - Added filter static_user_filter (class=org.apache.hadoop.http.lib.StaticUserWebFilter$StaticUserFilter) to context ozoneManager
2019-09-19 05:38:42,639 [main] INFO  http.HttpServer2 (HttpServer2.java:addFilter(958)) - Added filter static_user_filter (class=org.apache.hadoop.http.lib.StaticUserWebFilter$StaticUserFilter) to context logs
2019-09-19 05:38:42,639 [main] INFO  http.HttpServer2 (HttpServer2.java:addFilter(958)) - Added filter static_user_filter (class=org.apache.hadoop.http.lib.StaticUserWebFilter$StaticUserFilter) to context static
2019-09-19 05:38:42,641 [main] INFO  http.HttpServer2 (HttpServer2.java:bindListener(1191)) - Jetty bound to port 42023
2019-09-19 05:38:42,642 [main] INFO  server.Server (Server.java:doStart(351)) - jetty-9.3.24.v20180605, build timestamp: 2018-06-05T17:11:56Z, git hash: 84205aa28f11a4f31f2a3b86d1bba2cc8ab69827
2019-09-19 05:38:42,645 [main] INFO  handler.ContextHandler (ContextHandler.java:doStart(781)) - Started o.e.j.s.ServletContextHandler@281f23f2{/logs,file:///workdir/hadoop-ozone/tools/target/log,AVAILABLE}
2019-09-19 05:38:42,646 [main] INFO  handler.ContextHandler (ContextHandler.java:doStart(781)) - Started o.e.j.s.ServletContextHandler@28d79cba{/static,jar:file:/home/user/.m2/repository/org/apache/hadoop/hadoop-ozone-ozone-manager/0.5.0-SNAPSHOT/hadoop-ozone-ozone-manager-0.5.0-SNAPSHOT.jar!/webapps/static,AVAILABLE}
2019-09-19 05:38:42,718 [main] INFO  handler.ContextHandler (ContextHandler.java:doStart(781)) - Started o.e.j.w.WebAppContext@215a34b4{/,file:///tmp/jetty-0.0.0.0-42023-ozoneManager-_-any-2391484917750226717.dir/webapp/,AVAILABLE}{/ozoneManager}
2019-09-19 05:38:42,720 [main] INFO  server.AbstractConnector (AbstractConnector.java:doStart(278)) - Started ServerConnector@77bd7fe7{HTTP/1.1,[http/1.1]}{0.0.0.0:42023}
2019-09-19 05:38:42,720 [main] INFO  server.Server (Server.java:doStart(419)) - Started @7780ms
2019-09-19 05:38:42,722 [main] INFO  server.BaseHttpServer (BaseHttpServer.java:updateConnectorAddress(213)) - HTTP server of OZONEMANAGER is listening at http://0.0.0.0:42023
2019-09-19 05:38:42,899 [main] INFO  impl.MetricsSystemImpl (MetricsSystemImpl.java:init(158)) - HddsDatanode metrics system started (again)
2019-09-19 05:38:42,995 [main] INFO  ozone.HddsDatanodeService (HddsDatanodeService.java:start(184)) - HddsDatanodeService host:pr-hdds-2034-srnhl-2452957315 ip:192.168.34.50
2019-09-19 05:38:43,029 [main] INFO  volume.HddsVolume (HddsVolume.java:<init>(176)) - Creating Volume: /workdir/hadoop-ozone/tools/target/test-dir/MiniOzoneClusterImpl-45489806-9620-4140-aff2-4615b0492468/datanode-0/data/containers/hdds of  storage type : DISK and capacity : 1482555576320
2019-09-19 05:38:43,030 [main] INFO  volume.VolumeSet (VolumeSet.java:initializeVolumeSet(170)) - Added Volume : /workdir/hadoop-ozone/tools/target/test-dir/MiniOzoneClusterImpl-45489806-9620-4140-aff2-4615b0492468/datanode-0/data/containers/hdds to VolumeSet
2019-09-19 05:38:43,033 [main] INFO  volume.ThrottledAsyncChecker (ThrottledAsyncChecker.java:schedule(140)) - Scheduling a check for org.apache.hadoop.ozone.container.common.volume.HddsVolume@37ce3644
2019-09-19 05:38:43,053 [main] INFO  volume.HddsVolumeChecker (HddsVolumeChecker.java:checkAllVolumes(203)) - Scheduled health check for volume org.apache.hadoop.ozone.container.common.volume.HddsVolume@37ce3644
2019-09-19 05:38:43,165 [main] INFO  impl.RaftServerProxy (ConfUtils.java:logGet(43)) - raft.rpc.type = GRPC (default)
2019-09-19 05:38:43,223 [main] INFO  grpc.GrpcFactory (GrpcFactory.java:checkPooledByteBufAllocatorUseCacheForAllThreads(45)) - PERFORMANCE WARNING: useCacheForAllThreads is true that may cause Netty to create a lot garbage objects and, as a result, trigger GC.
	It is recommended to disable useCacheForAllThreads by setting -Dorg.apache.ratis.thirdparty.io.netty.allocator.useCacheForAllThreads=false in command line.
2019-09-19 05:38:43,227 [main] INFO  grpc.GrpcConfigKeys$Server (ConfUtils.java:logGet(43)) - raft.grpc.server.port = 0 (default)
2019-09-19 05:38:43,228 [main] INFO  server.GrpcService (ConfUtils.java:logGet(43)) - raft.grpc.message.size.max = 33570816 (custom)
2019-09-19 05:38:43,229 [main] INFO  server.RaftServerConfigKeys (ConfUtils.java:logGet(43)) - raft.server.log.appender.buffer.byte-limit = 33554432 (custom)
2019-09-19 05:38:43,230 [main] INFO  server.GrpcService (ConfUtils.java:logGet(43)) - raft.grpc.flow.control.window = 1MB (=1048576) (default)
2019-09-19 05:38:43,231 [main] INFO  server.RaftServerConfigKeys (ConfUtils.java:logGet(43)) - raft.server.rpc.request.timeout = 3000ms (default)
2019-09-19 05:38:43,358 [main] INFO  server.RaftServerConfigKeys (ConfUtils.java:logGet(43)) - raft.server.storage.dir = [/workdir/hadoop-ozone/tools/target/test-dir/MiniOzoneClusterImpl-45489806-9620-4140-aff2-4615b0492468/datanode-0/data/ratis] (custom)
2019-09-19 05:38:43,388 [main] INFO  replication.SimpleContainerDownloader (SimpleContainerDownloader.java:<init>(72)) - Starting container downloader service to copy containers to replicate.
2019-09-19 05:38:43,400 [main] INFO  hdfs.DFSUtil (DFSUtil.java:httpServerTemplateForNNAndJN(1641)) - Starting Web-server for hddsDatanode at: http://0.0.0.0:0
2019-09-19 05:38:43,403 [main] INFO  server.AuthenticationFilter (AuthenticationFilter.java:constructSecretProvider(240)) - Unable to initialize FileSignerSecretProvider, falling back to use random secrets.
2019-09-19 05:38:43,404 [main] WARN  http.HttpRequestLog (HttpRequestLog.java:getRequestLog(97)) - Jetty request log can only be enabled using Log4j
2019-09-19 05:38:43,407 [main] INFO  http.HttpServer2 (HttpServer2.java:addGlobalFilter(975)) - Added global filter 'safety' (class=org.apache.hadoop.http.HttpServer2$QuotingInputFilter)
2019-09-19 05:38:43,409 [main] INFO  http.HttpServer2 (HttpServer2.java:addFilter(948)) - Added filter static_user_filter (class=org.apache.hadoop.http.lib.StaticUserWebFilter$StaticUserFilter) to context hddsDatanode
2019-09-19 05:38:43,409 [main] INFO  http.HttpServer2 (HttpServer2.java:addFilter(958)) - Added filter static_user_filter (class=org.apache.hadoop.http.lib.StaticUserWebFilter$StaticUserFilter) to context static
2019-09-19 05:38:43,409 [main] INFO  http.HttpServer2 (HttpServer2.java:addFilter(958)) - Added filter static_user_filter (class=org.apache.hadoop.http.lib.StaticUserWebFilter$StaticUserFilter) to context logs
2019-09-19 05:38:43,411 [main] INFO  http.HttpServer2 (HttpServer2.java:bindListener(1191)) - Jetty bound to port 39581
2019-09-19 05:38:43,411 [main] INFO  server.Server (Server.java:doStart(351)) - jetty-9.3.24.v20180605, build timestamp: 2018-06-05T17:11:56Z, git hash: 84205aa28f11a4f31f2a3b86d1bba2cc8ab69827
2019-09-19 05:38:43,418 [main] INFO  handler.ContextHandler (ContextHandler.java:doStart(781)) - Started o.e.j.s.ServletContextHandler@1dc3502b{/logs,file:///workdir/hadoop-ozone/tools/target/log,AVAILABLE}
2019-09-19 05:38:43,419 [main] INFO  handler.ContextHandler (ContextHandler.java:doStart(781)) - Started o.e.j.s.ServletContextHandler@67e13bd0{/static,jar:file:/home/user/.m2/repository/org/apache/hadoop/hadoop-hdds-container-service/0.5.0-SNAPSHOT/hadoop-hdds-container-service-0.5.0-SNAPSHOT.jar!/webapps/static,AVAILABLE}
2019-09-19 05:38:43,464 [main] INFO  handler.ContextHandler (ContextHandler.java:doStart(781)) - Started o.e.j.w.WebAppContext@1d9bd4da{/,file:///tmp/jetty-0.0.0.0-39581-hddsDatanode-_-any-2918013625500871538.dir/webapp/,AVAILABLE}{/hddsDatanode}
2019-09-19 05:38:43,465 [main] INFO  server.AbstractConnector (AbstractConnector.java:doStart(278)) - Started ServerConnector@4c58255{HTTP/1.1,[http/1.1]}{0.0.0.0:39581}
2019-09-19 05:38:43,466 [main] INFO  server.Server (Server.java:doStart(419)) - Started @8526ms
2019-09-19 05:38:43,469 [main] INFO  server.BaseHttpServer (BaseHttpServer.java:updateConnectorAddress(213)) - HTTP server of HDDSDATANODE is listening at http://0.0.0.0:39581
2019-09-19 05:38:44,554 | INFO  | ObjectStoreRestHttpServer | Listening HDDS REST traffic on /0.0.0.0:46719 |  
2019-09-19 05:38:44,555 [main] INFO  ozone.HddsDatanodeService (HddsDatanodeService.java:startPlugins(395)) - Started plug-in org.apache.hadoop.ozone.web.OzoneHddsDatanodeService@66749eea
2019-09-19 05:38:44,556 [main] INFO  impl.MetricsSystemImpl (MetricsSystemImpl.java:init(158)) - HddsDatanode metrics system started (again)
2019-09-19 05:38:44,560 [main] INFO  ozone.HddsDatanodeService (HddsDatanodeService.java:start(184)) - HddsDatanodeService host:pr-hdds-2034-srnhl-2452957315 ip:192.168.34.50
2019-09-19 05:38:44,569 [main] INFO  volume.HddsVolume (HddsVolume.java:<init>(176)) - Creating Volume: /workdir/hadoop-ozone/tools/target/test-dir/MiniOzoneClusterImpl-45489806-9620-4140-aff2-4615b0492468/datanode-1/data/containers/hdds of  storage type : DISK and capacity : 1482555576320
2019-09-19 05:38:44,569 [org.apache.hadoop.util.JvmPauseMonitor$Monitor@35fffb87] INFO  util.JvmPauseMonitor (JvmPauseMonitor.java:run(188)) - Starting JVM pause monitor
2019-09-19 05:38:44,570 [main] INFO  volume.VolumeSet (VolumeSet.java:initializeVolumeSet(170)) - Added Volume : /workdir/hadoop-ozone/tools/target/test-dir/MiniOzoneClusterImpl-45489806-9620-4140-aff2-4615b0492468/datanode-1/data/containers/hdds to VolumeSet
2019-09-19 05:38:44,571 [main] INFO  volume.ThrottledAsyncChecker (ThrottledAsyncChecker.java:schedule(140)) - Scheduling a check for org.apache.hadoop.ozone.container.common.volume.HddsVolume@2443135
2019-09-19 05:38:44,571 [main] INFO  volume.HddsVolumeChecker (HddsVolumeChecker.java:checkAllVolumes(203)) - Scheduled health check for volume org.apache.hadoop.ozone.container.common.volume.HddsVolume@2443135
2019-09-19 05:38:44,596 [main] INFO  impl.RaftServerProxy (ConfUtils.java:logGet(43)) - raft.rpc.type = GRPC (default)
2019-09-19 05:38:44,596 [main] INFO  grpc.GrpcFactory (GrpcFactory.java:checkPooledByteBufAllocatorUseCacheForAllThreads(45)) - PERFORMANCE WARNING: useCacheForAllThreads is true that may cause Netty to create a lot garbage objects and, as a result, trigger GC.
	It is recommended to disable useCacheForAllThreads by setting -Dorg.apache.ratis.thirdparty.io.netty.allocator.useCacheForAllThreads=false in command line.
2019-09-19 05:38:44,597 [main] INFO  grpc.GrpcConfigKeys$Server (ConfUtils.java:logGet(43)) - raft.grpc.server.port = 0 (default)
2019-09-19 05:38:44,597 [main] INFO  server.GrpcService (ConfUtils.java:logGet(43)) - raft.grpc.message.size.max = 33570816 (custom)
2019-09-19 05:38:44,597 [main] INFO  server.RaftServerConfigKeys (ConfUtils.java:logGet(43)) - raft.server.log.appender.buffer.byte-limit = 33554432 (custom)
2019-09-19 05:38:44,597 [main] INFO  server.GrpcService (ConfUtils.java:logGet(43)) - raft.grpc.flow.control.window = 1MB (=1048576) (default)
2019-09-19 05:38:44,598 [main] INFO  server.RaftServerConfigKeys (ConfUtils.java:logGet(43)) - raft.server.rpc.request.timeout = 3000ms (default)
2019-09-19 05:38:44,598 [main] INFO  server.RaftServerConfigKeys (ConfUtils.java:logGet(43)) - raft.server.storage.dir = [/workdir/hadoop-ozone/tools/target/test-dir/MiniOzoneClusterImpl-45489806-9620-4140-aff2-4615b0492468/datanode-1/data/ratis] (custom)
2019-09-19 05:38:44,599 [main] INFO  replication.SimpleContainerDownloader (SimpleContainerDownloader.java:<init>(72)) - Starting container downloader service to copy containers to replicate.
2019-09-19 05:38:44,600 [main] INFO  hdfs.DFSUtil (DFSUtil.java:httpServerTemplateForNNAndJN(1641)) - Starting Web-server for hddsDatanode at: http://0.0.0.0:0
2019-09-19 05:38:44,603 [main] INFO  server.AuthenticationFilter (AuthenticationFilter.java:constructSecretProvider(240)) - Unable to initialize FileSignerSecretProvider, falling back to use random secrets.
2019-09-19 05:38:44,604 [main] WARN  http.HttpRequestLog (HttpRequestLog.java:getRequestLog(97)) - Jetty request log can only be enabled using Log4j
2019-09-19 05:38:44,607 [main] INFO  http.HttpServer2 (HttpServer2.java:addGlobalFilter(975)) - Added global filter 'safety' (class=org.apache.hadoop.http.HttpServer2$QuotingInputFilter)
2019-09-19 05:38:44,609 [main] INFO  http.HttpServer2 (HttpServer2.java:addFilter(948)) - Added filter static_user_filter (class=org.apache.hadoop.http.lib.StaticUserWebFilter$StaticUserFilter) to context hddsDatanode
2019-09-19 05:38:44,609 [main] INFO  http.HttpServer2 (HttpServer2.java:addFilter(958)) - Added filter static_user_filter (class=org.apache.hadoop.http.lib.StaticUserWebFilter$StaticUserFilter) to context static
2019-09-19 05:38:44,609 [main] INFO  http.HttpServer2 (HttpServer2.java:addFilter(958)) - Added filter static_user_filter (class=org.apache.hadoop.http.lib.StaticUserWebFilter$StaticUserFilter) to context logs
2019-09-19 05:38:44,611 [main] INFO  http.HttpServer2 (HttpServer2.java:bindListener(1191)) - Jetty bound to port 35036
2019-09-19 05:38:44,611 [main] INFO  server.Server (Server.java:doStart(351)) - jetty-9.3.24.v20180605, build timestamp: 2018-06-05T17:11:56Z, git hash: 84205aa28f11a4f31f2a3b86d1bba2cc8ab69827
2019-09-19 05:38:44,614 [main] INFO  handler.ContextHandler (ContextHandler.java:doStart(781)) - Started o.e.j.s.ServletContextHandler@52b959df{/logs,file:///workdir/hadoop-ozone/tools/target/log,AVAILABLE}
2019-09-19 05:38:44,615 [main] INFO  handler.ContextHandler (ContextHandler.java:doStart(781)) - Started o.e.j.s.ServletContextHandler@553d2579{/static,jar:file:/home/user/.m2/repository/org/apache/hadoop/hadoop-hdds-container-service/0.5.0-SNAPSHOT/hadoop-hdds-container-service-0.5.0-SNAPSHOT.jar!/webapps/static,AVAILABLE}
2019-09-19 05:38:44,662 [main] INFO  handler.ContextHandler (ContextHandler.java:doStart(781)) - Started o.e.j.w.WebAppContext@487cd177{/,file:///tmp/jetty-0.0.0.0-35036-hddsDatanode-_-any-7603302745635075621.dir/webapp/,AVAILABLE}{/hddsDatanode}
2019-09-19 05:38:44,663 [main] INFO  server.AbstractConnector (AbstractConnector.java:doStart(278)) - Started ServerConnector@324b6a56{HTTP/1.1,[http/1.1]}{0.0.0.0:35036}
2019-09-19 05:38:44,663 [Datanode State Machine Thread - 0] INFO  datanode.InitDatanodeState (InitDatanodeState.java:persistContainerDatanodeDetails(140)) - DatanodeDetails is persisted to /workdir/hadoop-ozone/tools/target/test-dir/MiniOzoneClusterImpl-45489806-9620-4140-aff2-4615b0492468/datanode-0/meta/datanode.id
2019-09-19 05:38:44,663 [main] INFO  server.Server (Server.java:doStart(419)) - Started @9723ms
2019-09-19 05:38:44,665 [main] INFO  server.BaseHttpServer (BaseHttpServer.java:updateConnectorAddress(213)) - HTTP server of HDDSDATANODE is listening at http://0.0.0.0:35036
2019-09-19 05:38:44,829 | INFO  | ObjectStoreRestHttpServer | Listening HDDS REST traffic on /0.0.0.0:36856 |  
2019-09-19 05:38:44,829 [main] INFO  ozone.HddsDatanodeService (HddsDatanodeService.java:startPlugins(395)) - Started plug-in org.apache.hadoop.ozone.web.OzoneHddsDatanodeService@55846997
2019-09-19 05:38:44,829 [main] INFO  impl.MetricsSystemImpl (MetricsSystemImpl.java:init(158)) - HddsDatanode metrics system started (again)
2019-09-19 05:38:44,833 [main] INFO  ozone.HddsDatanodeService (HddsDatanodeService.java:start(184)) - HddsDatanodeService host:pr-hdds-2034-srnhl-2452957315 ip:192.168.34.50
2019-09-19 05:38:44,833 [org.apache.hadoop.util.JvmPauseMonitor$Monitor@2c6524a5] INFO  util.JvmPauseMonitor (JvmPauseMonitor.java:run(188)) - Starting JVM pause monitor
2019-09-19 05:38:44,840 [Datanode State Machine Thread - 0] INFO  datanode.InitDatanodeState (InitDatanodeState.java:persistContainerDatanodeDetails(140)) - DatanodeDetails is persisted to /workdir/hadoop-ozone/tools/target/test-dir/MiniOzoneClusterImpl-45489806-9620-4140-aff2-4615b0492468/datanode-1/meta/datanode.id
2019-09-19 05:38:44,844 [main] INFO  volume.HddsVolume (HddsVolume.java:<init>(176)) - Creating Volume: /workdir/hadoop-ozone/tools/target/test-dir/MiniOzoneClusterImpl-45489806-9620-4140-aff2-4615b0492468/datanode-2/data/containers/hdds of  storage type : DISK and capacity : 1482555576320
2019-09-19 05:38:44,845 [main] INFO  volume.VolumeSet (VolumeSet.java:initializeVolumeSet(170)) - Added Volume : /workdir/hadoop-ozone/tools/target/test-dir/MiniOzoneClusterImpl-45489806-9620-4140-aff2-4615b0492468/datanode-2/data/containers/hdds to VolumeSet
2019-09-19 05:38:44,845 [main] INFO  volume.ThrottledAsyncChecker (ThrottledAsyncChecker.java:schedule(140)) - Scheduling a check for org.apache.hadoop.ozone.container.common.volume.HddsVolume@7436364d
2019-09-19 05:38:44,845 [main] INFO  volume.HddsVolumeChecker (HddsVolumeChecker.java:checkAllVolumes(203)) - Scheduled health check for volume org.apache.hadoop.ozone.container.common.volume.HddsVolume@7436364d
2019-09-19 05:38:44,864 [main] INFO  impl.RaftServerProxy (ConfUtils.java:logGet(43)) - raft.rpc.type = GRPC (default)
2019-09-19 05:38:44,864 [main] INFO  grpc.GrpcFactory (GrpcFactory.java:checkPooledByteBufAllocatorUseCacheForAllThreads(45)) - PERFORMANCE WARNING: useCacheForAllThreads is true that may cause Netty to create a lot garbage objects and, as a result, trigger GC.
	It is recommended to disable useCacheForAllThreads by setting -Dorg.apache.ratis.thirdparty.io.netty.allocator.useCacheForAllThreads=false in command line.
2019-09-19 05:38:44,865 [main] INFO  grpc.GrpcConfigKeys$Server (ConfUtils.java:logGet(43)) - raft.grpc.server.port = 0 (default)
2019-09-19 05:38:44,865 [main] INFO  server.GrpcService (ConfUtils.java:logGet(43)) - raft.grpc.message.size.max = 33570816 (custom)
2019-09-19 05:38:44,865 [main] INFO  server.RaftServerConfigKeys (ConfUtils.java:logGet(43)) - raft.server.log.appender.buffer.byte-limit = 33554432 (custom)
2019-09-19 05:38:44,865 [main] INFO  server.GrpcService (ConfUtils.java:logGet(43)) - raft.grpc.flow.control.window = 1MB (=1048576) (default)
2019-09-19 05:38:44,866 [main] INFO  server.RaftServerConfigKeys (ConfUtils.java:logGet(43)) - raft.server.rpc.request.timeout = 3000ms (default)
2019-09-19 05:38:44,866 [main] INFO  server.RaftServerConfigKeys (ConfUtils.java:logGet(43)) - raft.server.storage.dir = [/workdir/hadoop-ozone/tools/target/test-dir/MiniOzoneClusterImpl-45489806-9620-4140-aff2-4615b0492468/datanode-2/data/ratis] (custom)
2019-09-19 05:38:44,867 [main] INFO  replication.SimpleContainerDownloader (SimpleContainerDownloader.java:<init>(72)) - Starting container downloader service to copy containers to replicate.
2019-09-19 05:38:44,869 [main] INFO  hdfs.DFSUtil (DFSUtil.java:httpServerTemplateForNNAndJN(1641)) - Starting Web-server for hddsDatanode at: http://0.0.0.0:0
2019-09-19 05:38:44,871 [main] INFO  server.AuthenticationFilter (AuthenticationFilter.java:constructSecretProvider(240)) - Unable to initialize FileSignerSecretProvider, falling back to use random secrets.
2019-09-19 05:38:44,872 [main] WARN  http.HttpRequestLog (HttpRequestLog.java:getRequestLog(97)) - Jetty request log can only be enabled using Log4j
2019-09-19 05:38:44,875 [main] INFO  http.HttpServer2 (HttpServer2.java:addGlobalFilter(975)) - Added global filter 'safety' (class=org.apache.hadoop.http.HttpServer2$QuotingInputFilter)
2019-09-19 05:38:44,876 [main] INFO  http.HttpServer2 (HttpServer2.java:addFilter(948)) - Added filter static_user_filter (class=org.apache.hadoop.http.lib.StaticUserWebFilter$StaticUserFilter) to context hddsDatanode
2019-09-19 05:38:44,877 [main] INFO  http.HttpServer2 (HttpServer2.java:addFilter(958)) - Added filter static_user_filter (class=org.apache.hadoop.http.lib.StaticUserWebFilter$StaticUserFilter) to context logs
2019-09-19 05:38:44,877 [main] INFO  http.HttpServer2 (HttpServer2.java:addFilter(958)) - Added filter static_user_filter (class=org.apache.hadoop.http.lib.StaticUserWebFilter$StaticUserFilter) to context static
2019-09-19 05:38:44,878 [main] INFO  http.HttpServer2 (HttpServer2.java:bindListener(1191)) - Jetty bound to port 34946
2019-09-19 05:38:44,878 [main] INFO  server.Server (Server.java:doStart(351)) - jetty-9.3.24.v20180605, build timestamp: 2018-06-05T17:11:56Z, git hash: 84205aa28f11a4f31f2a3b86d1bba2cc8ab69827
2019-09-19 05:38:44,883 [main] INFO  handler.ContextHandler (ContextHandler.java:doStart(781)) - Started o.e.j.s.ServletContextHandler@265c1a7c{/logs,file:///workdir/hadoop-ozone/tools/target/log,AVAILABLE}
2019-09-19 05:38:44,884 [main] INFO  handler.ContextHandler (ContextHandler.java:doStart(781)) - Started o.e.j.s.ServletContextHandler@7fef0b40{/static,jar:file:/home/user/.m2/repository/org/apache/hadoop/hadoop-hdds-container-service/0.5.0-SNAPSHOT/hadoop-hdds-container-service-0.5.0-SNAPSHOT.jar!/webapps/static,AVAILABLE}
2019-09-19 05:38:44,930 [main] INFO  handler.ContextHandler (ContextHandler.java:doStart(781)) - Started o.e.j.w.WebAppContext@209f3887{/,file:///tmp/jetty-0.0.0.0-34946-hddsDatanode-_-any-1575204090177701498.dir/webapp/,AVAILABLE}{/hddsDatanode}
2019-09-19 05:38:44,931 [main] INFO  server.AbstractConnector (AbstractConnector.java:doStart(278)) - Started ServerConnector@6a98f353{HTTP/1.1,[http/1.1]}{0.0.0.0:34946}
2019-09-19 05:38:44,932 [main] INFO  server.Server (Server.java:doStart(419)) - Started @9992ms
2019-09-19 05:38:44,933 [main] INFO  server.BaseHttpServer (BaseHttpServer.java:updateConnectorAddress(213)) - HTTP server of HDDSDATANODE is listening at http://0.0.0.0:34946
2019-09-19 05:38:45,099 | INFO  | ObjectStoreRestHttpServer | Listening HDDS REST traffic on /0.0.0.0:39718 |  
2019-09-19 05:38:45,100 [main] INFO  ozone.HddsDatanodeService (HddsDatanodeService.java:startPlugins(395)) - Started plug-in org.apache.hadoop.ozone.web.OzoneHddsDatanodeService@15605d83
2019-09-19 05:38:45,100 [main] INFO  impl.MetricsSystemImpl (MetricsSystemImpl.java:init(158)) - HddsDatanode metrics system started (again)
2019-09-19 05:38:45,104 [org.apache.hadoop.util.JvmPauseMonitor$Monitor@4a42458a] INFO  util.JvmPauseMonitor (JvmPauseMonitor.java:run(188)) - Starting JVM pause monitor
2019-09-19 05:38:45,104 [main] INFO  ozone.HddsDatanodeService (HddsDatanodeService.java:start(184)) - HddsDatanodeService host:pr-hdds-2034-srnhl-2452957315 ip:192.168.34.50
2019-09-19 05:38:45,107 [Datanode State Machine Thread - 0] INFO  datanode.InitDatanodeState (InitDatanodeState.java:persistContainerDatanodeDetails(140)) - DatanodeDetails is persisted to /workdir/hadoop-ozone/tools/target/test-dir/MiniOzoneClusterImpl-45489806-9620-4140-aff2-4615b0492468/datanode-2/meta/datanode.id
2019-09-19 05:38:45,111 [main] INFO  volume.HddsVolume (HddsVolume.java:<init>(176)) - Creating Volume: /workdir/hadoop-ozone/tools/target/test-dir/MiniOzoneClusterImpl-45489806-9620-4140-aff2-4615b0492468/datanode-3/data/containers/hdds of  storage type : DISK and capacity : 1482555576320
2019-09-19 05:38:45,111 [main] INFO  volume.VolumeSet (VolumeSet.java:initializeVolumeSet(170)) - Added Volume : /workdir/hadoop-ozone/tools/target/test-dir/MiniOzoneClusterImpl-45489806-9620-4140-aff2-4615b0492468/datanode-3/data/containers/hdds to VolumeSet
2019-09-19 05:38:45,111 [main] INFO  volume.ThrottledAsyncChecker (ThrottledAsyncChecker.java:schedule(140)) - Scheduling a check for org.apache.hadoop.ozone.container.common.volume.HddsVolume@76396509
2019-09-19 05:38:45,112 [main] INFO  volume.HddsVolumeChecker (HddsVolumeChecker.java:checkAllVolumes(203)) - Scheduled health check for volume org.apache.hadoop.ozone.container.common.volume.HddsVolume@76396509
2019-09-19 05:38:45,128 [main] INFO  impl.RaftServerProxy (ConfUtils.java:logGet(43)) - raft.rpc.type = GRPC (default)
2019-09-19 05:38:45,128 [main] INFO  grpc.GrpcFactory (GrpcFactory.java:checkPooledByteBufAllocatorUseCacheForAllThreads(45)) - PERFORMANCE WARNING: useCacheForAllThreads is true that may cause Netty to create a lot garbage objects and, as a result, trigger GC.
	It is recommended to disable useCacheForAllThreads by setting -Dorg.apache.ratis.thirdparty.io.netty.allocator.useCacheForAllThreads=false in command line.
2019-09-19 05:38:45,128 [main] INFO  grpc.GrpcConfigKeys$Server (ConfUtils.java:logGet(43)) - raft.grpc.server.port = 0 (default)
2019-09-19 05:38:45,128 [main] INFO  server.GrpcService (ConfUtils.java:logGet(43)) - raft.grpc.message.size.max = 33570816 (custom)
2019-09-19 05:38:45,129 [main] INFO  server.RaftServerConfigKeys (ConfUtils.java:logGet(43)) - raft.server.log.appender.buffer.byte-limit = 33554432 (custom)
2019-09-19 05:38:45,129 [main] INFO  server.GrpcService (ConfUtils.java:logGet(43)) - raft.grpc.flow.control.window = 1MB (=1048576) (default)
2019-09-19 05:38:45,129 [main] INFO  server.RaftServerConfigKeys (ConfUtils.java:logGet(43)) - raft.server.rpc.request.timeout = 3000ms (default)
2019-09-19 05:38:45,130 [main] INFO  server.RaftServerConfigKeys (ConfUtils.java:logGet(43)) - raft.server.storage.dir = [/workdir/hadoop-ozone/tools/target/test-dir/MiniOzoneClusterImpl-45489806-9620-4140-aff2-4615b0492468/datanode-3/data/ratis] (custom)
2019-09-19 05:38:45,130 [main] INFO  replication.SimpleContainerDownloader (SimpleContainerDownloader.java:<init>(72)) - Starting container downloader service to copy containers to replicate.
2019-09-19 05:38:45,131 [main] INFO  hdfs.DFSUtil (DFSUtil.java:httpServerTemplateForNNAndJN(1641)) - Starting Web-server for hddsDatanode at: http://0.0.0.0:0
2019-09-19 05:38:45,133 [main] INFO  server.AuthenticationFilter (AuthenticationFilter.java:constructSecretProvider(240)) - Unable to initialize FileSignerSecretProvider, falling back to use random secrets.
2019-09-19 05:38:45,133 [main] WARN  http.HttpRequestLog (HttpRequestLog.java:getRequestLog(97)) - Jetty request log can only be enabled using Log4j
2019-09-19 05:38:45,135 [main] INFO  http.HttpServer2 (HttpServer2.java:addGlobalFilter(975)) - Added global filter 'safety' (class=org.apache.hadoop.http.HttpServer2$QuotingInputFilter)
2019-09-19 05:38:45,135 [main] INFO  http.HttpServer2 (HttpServer2.java:addFilter(948)) - Added filter static_user_filter (class=org.apache.hadoop.http.lib.StaticUserWebFilter$StaticUserFilter) to context hddsDatanode
2019-09-19 05:38:45,136 [main] INFO  http.HttpServer2 (HttpServer2.java:addFilter(958)) - Added filter static_user_filter (class=org.apache.hadoop.http.lib.StaticUserWebFilter$StaticUserFilter) to context logs
2019-09-19 05:38:45,136 [main] INFO  http.HttpServer2 (HttpServer2.java:addFilter(958)) - Added filter static_user_filter (class=org.apache.hadoop.http.lib.StaticUserWebFilter$StaticUserFilter) to context static
2019-09-19 05:38:45,137 [main] INFO  http.HttpServer2 (HttpServer2.java:bindListener(1191)) - Jetty bound to port 35518
2019-09-19 05:38:45,137 [main] INFO  server.Server (Server.java:doStart(351)) - jetty-9.3.24.v20180605, build timestamp: 2018-06-05T17:11:56Z, git hash: 84205aa28f11a4f31f2a3b86d1bba2cc8ab69827
2019-09-19 05:38:45,139 [main] INFO  handler.ContextHandler (ContextHandler.java:doStart(781)) - Started o.e.j.s.ServletContextHandler@22a6d75c{/logs,file:///workdir/hadoop-ozone/tools/target/log,AVAILABLE}
2019-09-19 05:38:45,140 [main] INFO  handler.ContextHandler (ContextHandler.java:doStart(781)) - Started o.e.j.s.ServletContextHandler@7d30007d{/static,jar:file:/home/user/.m2/repository/org/apache/hadoop/hadoop-hdds-container-service/0.5.0-SNAPSHOT/hadoop-hdds-container-service-0.5.0-SNAPSHOT.jar!/webapps/static,AVAILABLE}
2019-09-19 05:38:45,184 [main] INFO  handler.ContextHandler (ContextHandler.java:doStart(781)) - Started o.e.j.w.WebAppContext@350da119{/,file:///tmp/jetty-0.0.0.0-35518-hddsDatanode-_-any-8773684332526029405.dir/webapp/,AVAILABLE}{/hddsDatanode}
2019-09-19 05:38:45,185 [main] INFO  server.AbstractConnector (AbstractConnector.java:doStart(278)) - Started ServerConnector@6a09484c{HTTP/1.1,[http/1.1]}{0.0.0.0:35518}
2019-09-19 05:38:45,185 [main] INFO  server.Server (Server.java:doStart(419)) - Started @10246ms
2019-09-19 05:38:45,187 [main] INFO  server.BaseHttpServer (BaseHttpServer.java:updateConnectorAddress(213)) - HTTP server of HDDSDATANODE is listening at http://0.0.0.0:35518
2019-09-19 05:38:45,385 | INFO  | ObjectStoreRestHttpServer | Listening HDDS REST traffic on /0.0.0.0:44565 |  
2019-09-19 05:38:45,385 [main] INFO  ozone.HddsDatanodeService (HddsDatanodeService.java:startPlugins(395)) - Started plug-in org.apache.hadoop.ozone.web.OzoneHddsDatanodeService@33eb0d4
2019-09-19 05:38:45,386 [main] INFO  impl.MetricsSystemImpl (MetricsSystemImpl.java:init(158)) - HddsDatanode metrics system started (again)
2019-09-19 05:38:45,390 [org.apache.hadoop.util.JvmPauseMonitor$Monitor@756c4ba2] INFO  util.JvmPauseMonitor (JvmPauseMonitor.java:run(188)) - Starting JVM pause monitor
2019-09-19 05:38:45,391 [main] INFO  ozone.HddsDatanodeService (HddsDatanodeService.java:start(184)) - HddsDatanodeService host:pr-hdds-2034-srnhl-2452957315 ip:192.168.34.50
2019-09-19 05:38:45,393 [Datanode State Machine Thread - 0] INFO  datanode.InitDatanodeState (InitDatanodeState.java:persistContainerDatanodeDetails(140)) - DatanodeDetails is persisted to /workdir/hadoop-ozone/tools/target/test-dir/MiniOzoneClusterImpl-45489806-9620-4140-aff2-4615b0492468/datanode-3/meta/datanode.id
2019-09-19 05:38:45,399 [main] INFO  volume.HddsVolume (HddsVolume.java:<init>(176)) - Creating Volume: /workdir/hadoop-ozone/tools/target/test-dir/MiniOzoneClusterImpl-45489806-9620-4140-aff2-4615b0492468/datanode-4/data/containers/hdds of  storage type : DISK and capacity : 1482555576320
2019-09-19 05:38:45,400 [main] INFO  volume.VolumeSet (VolumeSet.java:initializeVolumeSet(170)) - Added Volume : /workdir/hadoop-ozone/tools/target/test-dir/MiniOzoneClusterImpl-45489806-9620-4140-aff2-4615b0492468/datanode-4/data/containers/hdds to VolumeSet
2019-09-19 05:38:45,400 [main] INFO  volume.ThrottledAsyncChecker (ThrottledAsyncChecker.java:schedule(140)) - Scheduling a check for org.apache.hadoop.ozone.container.common.volume.HddsVolume@7741ae1b
2019-09-19 05:38:45,401 [main] INFO  volume.HddsVolumeChecker (HddsVolumeChecker.java:checkAllVolumes(203)) - Scheduled health check for volume org.apache.hadoop.ozone.container.common.volume.HddsVolume@7741ae1b
2019-09-19 05:38:45,420 [main] INFO  impl.RaftServerProxy (ConfUtils.java:logGet(43)) - raft.rpc.type = GRPC (default)
2019-09-19 05:38:45,420 [main] INFO  grpc.GrpcFactory (GrpcFactory.java:checkPooledByteBufAllocatorUseCacheForAllThreads(45)) - PERFORMANCE WARNING: useCacheForAllThreads is true that may cause Netty to create a lot garbage objects and, as a result, trigger GC.
	It is recommended to disable useCacheForAllThreads by setting -Dorg.apache.ratis.thirdparty.io.netty.allocator.useCacheForAllThreads=false in command line.
2019-09-19 05:38:45,421 [main] INFO  grpc.GrpcConfigKeys$Server (ConfUtils.java:logGet(43)) - raft.grpc.server.port = 0 (default)
2019-09-19 05:38:45,421 [main] INFO  server.GrpcService (ConfUtils.java:logGet(43)) - raft.grpc.message.size.max = 33570816 (custom)
2019-09-19 05:38:45,421 [main] INFO  server.RaftServerConfigKeys (ConfUtils.java:logGet(43)) - raft.server.log.appender.buffer.byte-limit = 33554432 (custom)
2019-09-19 05:38:45,421 [main] INFO  server.GrpcService (ConfUtils.java:logGet(43)) - raft.grpc.flow.control.window = 1MB (=1048576) (default)
2019-09-19 05:38:45,422 [main] INFO  server.RaftServerConfigKeys (ConfUtils.java:logGet(43)) - raft.server.rpc.request.timeout = 3000ms (default)
2019-09-19 05:38:45,422 [main] INFO  server.RaftServerConfigKeys (ConfUtils.java:logGet(43)) - raft.server.storage.dir = [/workdir/hadoop-ozone/tools/target/test-dir/MiniOzoneClusterImpl-45489806-9620-4140-aff2-4615b0492468/datanode-4/data/ratis] (custom)
2019-09-19 05:38:45,423 [main] INFO  replication.SimpleContainerDownloader (SimpleContainerDownloader.java:<init>(72)) - Starting container downloader service to copy containers to replicate.
2019-09-19 05:38:45,424 [main] INFO  hdfs.DFSUtil (DFSUtil.java:httpServerTemplateForNNAndJN(1641)) - Starting Web-server for hddsDatanode at: http://0.0.0.0:0
2019-09-19 05:38:45,427 [main] INFO  server.AuthenticationFilter (AuthenticationFilter.java:constructSecretProvider(240)) - Unable to initialize FileSignerSecretProvider, falling back to use random secrets.
2019-09-19 05:38:45,428 [main] WARN  http.HttpRequestLog (HttpRequestLog.java:getRequestLog(97)) - Jetty request log can only be enabled using Log4j
2019-09-19 05:38:45,430 [main] INFO  http.HttpServer2 (HttpServer2.java:addGlobalFilter(975)) - Added global filter 'safety' (class=org.apache.hadoop.http.HttpServer2$QuotingInputFilter)
2019-09-19 05:38:45,431 [main] INFO  http.HttpServer2 (HttpServer2.java:addFilter(948)) - Added filter static_user_filter (class=org.apache.hadoop.http.lib.StaticUserWebFilter$StaticUserFilter) to context hddsDatanode
2019-09-19 05:38:45,432 [main] INFO  http.HttpServer2 (HttpServer2.java:addFilter(958)) - Added filter static_user_filter (class=org.apache.hadoop.http.lib.StaticUserWebFilter$StaticUserFilter) to context static
2019-09-19 05:38:45,432 [main] INFO  http.HttpServer2 (HttpServer2.java:addFilter(958)) - Added filter static_user_filter (class=org.apache.hadoop.http.lib.StaticUserWebFilter$StaticUserFilter) to context logs
2019-09-19 05:38:45,433 [main] INFO  http.HttpServer2 (HttpServer2.java:bindListener(1191)) - Jetty bound to port 45752
2019-09-19 05:38:45,434 [main] INFO  server.Server (Server.java:doStart(351)) - jetty-9.3.24.v20180605, build timestamp: 2018-06-05T17:11:56Z, git hash: 84205aa28f11a4f31f2a3b86d1bba2cc8ab69827
2019-09-19 05:38:45,440 [main] INFO  handler.ContextHandler (ContextHandler.java:doStart(781)) - Started o.e.j.s.ServletContextHandler@6aea99e7{/logs,file:///workdir/hadoop-ozone/tools/target/log,AVAILABLE}
2019-09-19 05:38:45,442 [main] INFO  handler.ContextHandler (ContextHandler.java:doStart(781)) - Started o.e.j.s.ServletContextHandler@7841bd30{/static,jar:file:/home/user/.m2/repository/org/apache/hadoop/hadoop-hdds-container-service/0.5.0-SNAPSHOT/hadoop-hdds-container-service-0.5.0-SNAPSHOT.jar!/webapps/static,AVAILABLE}
2019-09-19 05:38:45,489 [main] INFO  handler.ContextHandler (ContextHandler.java:doStart(781)) - Started o.e.j.w.WebAppContext@2c9fdb64{/,file:///tmp/jetty-0.0.0.0-45752-hddsDatanode-_-any-4377660078498305523.dir/webapp/,AVAILABLE}{/hddsDatanode}
2019-09-19 05:38:45,490 [main] INFO  server.AbstractConnector (AbstractConnector.java:doStart(278)) - Started ServerConnector@27e199ce{HTTP/1.1,[http/1.1]}{0.0.0.0:45752}
2019-09-19 05:38:45,495 [main] INFO  server.Server (Server.java:doStart(419)) - Started @10556ms
2019-09-19 05:38:45,496 [main] INFO  server.BaseHttpServer (BaseHttpServer.java:updateConnectorAddress(213)) - HTTP server of HDDSDATANODE is listening at http://0.0.0.0:45752
2019-09-19 05:38:45,652 | INFO  | ObjectStoreRestHttpServer | Listening HDDS REST traffic on /0.0.0.0:41883 |  
2019-09-19 05:38:45,652 [main] INFO  ozone.HddsDatanodeService (HddsDatanodeService.java:startPlugins(395)) - Started plug-in org.apache.hadoop.ozone.web.OzoneHddsDatanodeService@40d96578
2019-09-19 05:38:45,655 [main] INFO  ozone.MiniOzoneClusterImpl (MiniOzoneClusterImpl.java:lambda$waitForClusterToBeReady$0(145)) - Waiting for nodes to be ready. Got 0 of 5 DN Heartbeats.
2019-09-19 05:38:45,655 [main] INFO  ozone.MiniOzoneClusterImpl (MiniOzoneClusterImpl.java:lambda$waitForClusterToBeReady$0(148)) - Waiting for cluster to exit safe mode
2019-09-19 05:38:45,656 [org.apache.hadoop.util.JvmPauseMonitor$Monitor@5d0c16df] INFO  util.JvmPauseMonitor (JvmPauseMonitor.java:run(188)) - Starting JVM pause monitor
2019-09-19 05:38:45,661 [Datanode State Machine Thread - 0] INFO  datanode.InitDatanodeState (InitDatanodeState.java:persistContainerDatanodeDetails(140)) - DatanodeDetails is persisted to /workdir/hadoop-ozone/tools/target/test-dir/MiniOzoneClusterImpl-45489806-9620-4140-aff2-4615b0492468/datanode-4/meta/datanode.id
2019-09-19 05:38:46,621 | INFO  | SCMAudit | user=jenkins1000 | ip=192.168.34.50 | op=GET_VERSION null | ret=SUCCESS |  
2019-09-19 05:38:46,656 [main] INFO  ozone.MiniOzoneClusterImpl (MiniOzoneClusterImpl.java:lambda$waitForClusterToBeReady$0(145)) - Waiting for nodes to be ready. Got 0 of 5 DN Heartbeats.
2019-09-19 05:38:46,656 [main] INFO  ozone.MiniOzoneClusterImpl (MiniOzoneClusterImpl.java:lambda$waitForClusterToBeReady$0(148)) - Waiting for cluster to exit safe mode
2019-09-19 05:38:46,697 [Datanode State Machine Thread - 0] INFO  ozoneimpl.OzoneContainer (OzoneContainer.java:start(186)) - Attempting to start container services.
2019-09-19 05:38:46,698 [Datanode State Machine Thread - 0] INFO  ozoneimpl.OzoneContainer (OzoneContainer.java:startContainerScrub(160)) - Background container scrubber has been disabled by hdds.containerscrub.enabled
2019-09-19 05:38:46,699 [Datanode State Machine Thread - 0] INFO  ratis.XceiverServerRatis (XceiverServerRatis.java:start(404)) - Starting XceiverServerRatis 59f0521e-f2db-40e0-a265-2c416172e989 at port 0
2019-09-19 05:38:46,726 [Datanode State Machine Thread - 0] INFO  impl.RaftServerProxy (RaftServerProxy.java:lambda$start$3(299)) - 59f0521e-f2db-40e0-a265-2c416172e989: start RPC server
2019-09-19 05:38:46,835 | INFO  | SCMAudit | user=jenkins1000 | ip=192.168.34.50 | op=GET_VERSION null | ret=SUCCESS |  
2019-09-19 05:38:46,861 [Datanode State Machine Thread - 0] INFO  server.GrpcService (GrpcService.java:startImpl(149)) - 59f0521e-f2db-40e0-a265-2c416172e989: GrpcService started, listening on 0.0.0.0/0.0.0.0:37624
2019-09-19 05:38:46,862 [Datanode State Machine Thread - 0] INFO  ratis.XceiverServerRatis (XceiverServerRatis.java:start(414)) - XceiverServerRatis 59f0521e-f2db-40e0-a265-2c416172e989 is started using port 37624
2019-09-19 05:38:46,864 [Datanode State Machine Thread - 0] INFO  server.XceiverServerGrpc (XceiverServerGrpc.java:start(163)) - XceiverServerGrpc 59f0521e-f2db-40e0-a265-2c416172e989 is started using port 44916
2019-09-19 05:38:46,901 [Datanode State Machine Thread - 0] INFO  ozoneimpl.OzoneContainer (OzoneContainer.java:start(186)) - Attempting to start container services.
2019-09-19 05:38:46,904 [Datanode State Machine Thread - 0] INFO  ozoneimpl.OzoneContainer (OzoneContainer.java:startContainerScrub(160)) - Background container scrubber has been disabled by hdds.containerscrub.enabled
2019-09-19 05:38:46,904 [Datanode State Machine Thread - 0] INFO  ratis.XceiverServerRatis (XceiverServerRatis.java:start(404)) - Starting XceiverServerRatis 142012b4-58f3-42c7-942d-1d383fc72593 at port 0
2019-09-19 05:38:47,003 [Datanode State Machine Thread - 0] INFO  impl.RaftServerProxy (RaftServerProxy.java:lambda$start$3(299)) - 142012b4-58f3-42c7-942d-1d383fc72593: start RPC server
2019-09-19 05:38:47,006 [Datanode State Machine Thread - 0] INFO  server.GrpcService (GrpcService.java:startImpl(149)) - 142012b4-58f3-42c7-942d-1d383fc72593: GrpcService started, listening on 0.0.0.0/0.0.0.0:35957
2019-09-19 05:38:47,006 [Datanode State Machine Thread - 0] INFO  ratis.XceiverServerRatis (XceiverServerRatis.java:start(414)) - XceiverServerRatis 142012b4-58f3-42c7-942d-1d383fc72593 is started using port 35957
2019-09-19 05:38:47,008 [Datanode State Machine Thread - 0] INFO  server.XceiverServerGrpc (XceiverServerGrpc.java:start(163)) - XceiverServerGrpc 142012b4-58f3-42c7-942d-1d383fc72593 is started using port 38330
2019-09-19 05:38:47,107 | INFO  | SCMAudit | user=jenkins1000 | ip=192.168.34.50 | op=GET_VERSION null | ret=SUCCESS |  
2019-09-19 05:38:47,177 [Datanode State Machine Thread - 0] INFO  ozoneimpl.OzoneContainer (OzoneContainer.java:start(186)) - Attempting to start container services.
2019-09-19 05:38:47,179 [Datanode State Machine Thread - 0] INFO  ozoneimpl.OzoneContainer (OzoneContainer.java:startContainerScrub(160)) - Background container scrubber has been disabled by hdds.containerscrub.enabled
2019-09-19 05:38:47,180 [Datanode State Machine Thread - 0] INFO  ratis.XceiverServerRatis (XceiverServerRatis.java:start(404)) - Starting XceiverServerRatis 0573540b-1b55-49b7-943a-2f8214ec5bc1 at port 0
2019-09-19 05:38:47,188 [Datanode State Machine Thread - 0] INFO  impl.RaftServerProxy (RaftServerProxy.java:lambda$start$3(299)) - 0573540b-1b55-49b7-943a-2f8214ec5bc1: start RPC server
2019-09-19 05:38:47,191 [Datanode State Machine Thread - 0] INFO  server.GrpcService (GrpcService.java:startImpl(149)) - 0573540b-1b55-49b7-943a-2f8214ec5bc1: GrpcService started, listening on 0.0.0.0/0.0.0.0:38514
2019-09-19 05:38:47,191 [Datanode State Machine Thread - 0] INFO  ratis.XceiverServerRatis (XceiverServerRatis.java:start(414)) - XceiverServerRatis 0573540b-1b55-49b7-943a-2f8214ec5bc1 is started using port 38514
2019-09-19 05:38:47,193 [Datanode State Machine Thread - 0] INFO  server.XceiverServerGrpc (XceiverServerGrpc.java:start(163)) - XceiverServerGrpc 0573540b-1b55-49b7-943a-2f8214ec5bc1 is started using port 37488
2019-09-19 05:38:47,393 | INFO  | SCMAudit | user=jenkins1000 | ip=192.168.34.50 | op=GET_VERSION null | ret=SUCCESS |  
2019-09-19 05:38:47,445 [Datanode State Machine Thread - 0] INFO  ozoneimpl.OzoneContainer (OzoneContainer.java:start(186)) - Attempting to start container services.
2019-09-19 05:38:47,447 [Datanode State Machine Thread - 0] INFO  ozoneimpl.OzoneContainer (OzoneContainer.java:startContainerScrub(160)) - Background container scrubber has been disabled by hdds.containerscrub.enabled
2019-09-19 05:38:47,448 [Datanode State Machine Thread - 0] INFO  ratis.XceiverServerRatis (XceiverServerRatis.java:start(404)) - Starting XceiverServerRatis 071d6781-1644-42da-9c9d-5bc609ee50f9 at port 0
2019-09-19 05:38:47,458 [Datanode State Machine Thread - 0] INFO  impl.RaftServerProxy (RaftServerProxy.java:lambda$start$3(299)) - 071d6781-1644-42da-9c9d-5bc609ee50f9: start RPC server
2019-09-19 05:38:47,462 [Datanode State Machine Thread - 0] INFO  server.GrpcService (GrpcService.java:startImpl(149)) - 071d6781-1644-42da-9c9d-5bc609ee50f9: GrpcService started, listening on 0.0.0.0/0.0.0.0:45883
2019-09-19 05:38:47,462 [Datanode State Machine Thread - 0] INFO  ratis.XceiverServerRatis (XceiverServerRatis.java:start(414)) - XceiverServerRatis 071d6781-1644-42da-9c9d-5bc609ee50f9 is started using port 45883
2019-09-19 05:38:47,465 [Datanode State Machine Thread - 0] INFO  server.XceiverServerGrpc (XceiverServerGrpc.java:start(163)) - XceiverServerGrpc 071d6781-1644-42da-9c9d-5bc609ee50f9 is started using port 33140
2019-09-19 05:38:47,657 [main] INFO  ozone.MiniOzoneClusterImpl (MiniOzoneClusterImpl.java:lambda$waitForClusterToBeReady$0(145)) - Waiting for nodes to be ready. Got 0 of 5 DN Heartbeats.
2019-09-19 05:38:47,657 [main] INFO  ozone.MiniOzoneClusterImpl (MiniOzoneClusterImpl.java:lambda$waitForClusterToBeReady$0(148)) - Waiting for cluster to exit safe mode
2019-09-19 05:38:47,660 | INFO  | SCMAudit | user=jenkins1000 | ip=192.168.34.50 | op=GET_VERSION null | ret=SUCCESS |  
2019-09-19 05:38:47,675 [Datanode State Machine Thread - 0] INFO  ozoneimpl.OzoneContainer (OzoneContainer.java:start(186)) - Attempting to start container services.
2019-09-19 05:38:47,681 [Datanode State Machine Thread - 0] INFO  ozoneimpl.OzoneContainer (OzoneContainer.java:startContainerScrub(160)) - Background container scrubber has been disabled by hdds.containerscrub.enabled
2019-09-19 05:38:47,681 [Datanode State Machine Thread - 0] INFO  ratis.XceiverServerRatis (XceiverServerRatis.java:start(404)) - Starting XceiverServerRatis c250e534-d056-4ea9-ab7f-7abc49507a59 at port 0
2019-09-19 05:38:47,694 [Datanode State Machine Thread - 0] INFO  impl.RaftServerProxy (RaftServerProxy.java:lambda$start$3(299)) - c250e534-d056-4ea9-ab7f-7abc49507a59: start RPC server
2019-09-19 05:38:47,698 [Datanode State Machine Thread - 0] INFO  server.GrpcService (GrpcService.java:startImpl(149)) - c250e534-d056-4ea9-ab7f-7abc49507a59: GrpcService started, listening on 0.0.0.0/0.0.0.0:34634
2019-09-19 05:38:47,698 [Datanode State Machine Thread - 0] INFO  ratis.XceiverServerRatis (XceiverServerRatis.java:start(414)) - XceiverServerRatis c250e534-d056-4ea9-ab7f-7abc49507a59 is started using port 34634
2019-09-19 05:38:47,701 [Datanode State Machine Thread - 0] INFO  server.XceiverServerGrpc (XceiverServerGrpc.java:start(163)) - XceiverServerGrpc c250e534-d056-4ea9-ab7f-7abc49507a59 is started using port 44867
2019-09-19 05:38:48,621 [IPC Server handler 1 on 36586] INFO  net.NetworkTopology (NetworkTopologyImpl.java:add(110)) - Added a new node: /default-rack/59f0521e-f2db-40e0-a265-2c416172e989
2019-09-19 05:38:48,622 [IPC Server handler 1 on 36586] INFO  node.SCMNodeManager (SCMNodeManager.java:register(273)) - Registered Data node : 59f0521e-f2db-40e0-a265-2c416172e989{ip: 192.168.34.50, host: pr-hdds-2034-srnhl-2452957315, networkLocation: /default-rack, certSerialId: null}
2019-09-19 05:38:48,627 [EventQueue-NodeRegistrationContainerReportForDataNodeSafeModeRule] INFO  safemode.SCMSafeModeManager (DataNodeSafeModeRule.java:process(71)) - SCM in safe mode. 1 DataNodes registered, 1 required.
2019-09-19 05:38:48,643 [RatisPipelineUtilsThread] INFO  pipeline.RatisPipelineProvider (RatisPipelineProvider.java:lambda$create$4(164)) - Send pipeline:PipelineID=f790581a-36c8-454a-8ef8-6ea9cd1f251b create command to datanode 59f0521e-f2db-40e0-a265-2c416172e989
2019-09-19 05:38:48,647 | INFO  | SCMAudit | user=jenkins1000 | ip=192.168.34.50 | op=REGISTER {datanodeDetails=59f0521e-f2db-40e0-a265-2c416172e989{ip: 192.168.34.50, host: pr-hdds-2034-srnhl-2452957315, networkLocation: /default-rack, certSerialId: null}} | ret=SUCCESS |  
2019-09-19 05:38:48,658 [main] INFO  ozone.MiniOzoneClusterImpl (MiniOzoneClusterImpl.java:lambda$waitForClusterToBeReady$0(145)) - Waiting for nodes to be ready. Got 1 of 5 DN Heartbeats.
2019-09-19 05:38:48,658 [main] INFO  ozone.MiniOzoneClusterImpl (MiniOzoneClusterImpl.java:lambda$waitForClusterToBeReady$0(148)) - Waiting for cluster to exit safe mode
2019-09-19 05:38:48,836 [IPC Server handler 2 on 36586] INFO  net.NetworkTopology (NetworkTopologyImpl.java:add(110)) - Added a new node: /default-rack/142012b4-58f3-42c7-942d-1d383fc72593
2019-09-19 05:38:48,837 [IPC Server handler 2 on 36586] INFO  node.SCMNodeManager (SCMNodeManager.java:register(273)) - Registered Data node : 142012b4-58f3-42c7-942d-1d383fc72593{ip: 192.168.34.50, host: pr-hdds-2034-srnhl-2452957315, networkLocation: /default-rack, certSerialId: null}
2019-09-19 05:38:48,837 | INFO  | SCMAudit | user=jenkins1000 | ip=192.168.34.50 | op=REGISTER {datanodeDetails=142012b4-58f3-42c7-942d-1d383fc72593{ip: 192.168.34.50, host: pr-hdds-2034-srnhl-2452957315, networkLocation: /default-rack, certSerialId: null}} | ret=SUCCESS |  
2019-09-19 05:38:48,840 [RatisPipelineUtilsThread] INFO  pipeline.RatisPipelineProvider (RatisPipelineProvider.java:lambda$create$4(164)) - Send pipeline:PipelineID=86d35962-d67c-4f23-81e1-e249b7348145 create command to datanode 142012b4-58f3-42c7-942d-1d383fc72593
2019-09-19 05:38:49,109 [IPC Server handler 3 on 36586] INFO  net.NetworkTopology (NetworkTopologyImpl.java:add(110)) - Added a new node: /default-rack/0573540b-1b55-49b7-943a-2f8214ec5bc1
2019-09-19 05:38:49,110 [IPC Server handler 3 on 36586] INFO  node.SCMNodeManager (SCMNodeManager.java:register(273)) - Registered Data node : 0573540b-1b55-49b7-943a-2f8214ec5bc1{ip: 192.168.34.50, host: pr-hdds-2034-srnhl-2452957315, networkLocation: /default-rack, certSerialId: null}
2019-09-19 05:38:49,110 [RatisPipelineUtilsThread] INFO  pipeline.RatisPipelineProvider (RatisPipelineProvider.java:lambda$create$4(164)) - Send pipeline:PipelineID=796a5733-75a3-4313-ae58-d3bfb463dd20 create command to datanode 0573540b-1b55-49b7-943a-2f8214ec5bc1
2019-09-19 05:38:49,110 | INFO  | SCMAudit | user=jenkins1000 | ip=192.168.34.50 | op=REGISTER {datanodeDetails=0573540b-1b55-49b7-943a-2f8214ec5bc1{ip: 192.168.34.50, host: pr-hdds-2034-srnhl-2452957315, networkLocation: /default-rack, certSerialId: null}} | ret=SUCCESS |  
2019-09-19 05:38:49,112 [RatisPipelineUtilsThread] INFO  pipeline.RatisPipelineProvider (RatisPipelineProvider.java:lambda$create$4(164)) - Send pipeline:PipelineID=70f15167-ed73-4a26-b8d4-5945d6addba8 create command to datanode 142012b4-58f3-42c7-942d-1d383fc72593
2019-09-19 05:38:49,112 [RatisPipelineUtilsThread] INFO  pipeline.RatisPipelineProvider (RatisPipelineProvider.java:lambda$create$4(164)) - Send pipeline:PipelineID=70f15167-ed73-4a26-b8d4-5945d6addba8 create command to datanode 59f0521e-f2db-40e0-a265-2c416172e989
2019-09-19 05:38:49,112 [RatisPipelineUtilsThread] INFO  pipeline.RatisPipelineProvider (RatisPipelineProvider.java:lambda$create$4(164)) - Send pipeline:PipelineID=70f15167-ed73-4a26-b8d4-5945d6addba8 create command to datanode 0573540b-1b55-49b7-943a-2f8214ec5bc1
2019-09-19 05:38:49,394 [IPC Server handler 0 on 36586] INFO  net.NetworkTopology (NetworkTopologyImpl.java:add(110)) - Added a new node: /default-rack/071d6781-1644-42da-9c9d-5bc609ee50f9
2019-09-19 05:38:49,395 [IPC Server handler 0 on 36586] INFO  node.SCMNodeManager (SCMNodeManager.java:register(273)) - Registered Data node : 071d6781-1644-42da-9c9d-5bc609ee50f9{ip: 192.168.34.50, host: pr-hdds-2034-srnhl-2452957315, networkLocation: /default-rack, certSerialId: null}
2019-09-19 05:38:49,395 [RatisPipelineUtilsThread] INFO  pipeline.RatisPipelineProvider (RatisPipelineProvider.java:lambda$create$4(164)) - Send pipeline:PipelineID=06840672-7945-4914-90a0-b0db96473380 create command to datanode 071d6781-1644-42da-9c9d-5bc609ee50f9
2019-09-19 05:38:49,395 | INFO  | SCMAudit | user=jenkins1000 | ip=192.168.34.50 | op=REGISTER {datanodeDetails=071d6781-1644-42da-9c9d-5bc609ee50f9{ip: 192.168.34.50, host: pr-hdds-2034-srnhl-2452957315, networkLocation: /default-rack, certSerialId: null}} | ret=SUCCESS |  
2019-09-19 05:38:49,658 [main] INFO  ozone.MiniOzoneClusterImpl (MiniOzoneClusterImpl.java:lambda$waitForClusterToBeReady$0(145)) - Waiting for nodes to be ready. Got 4 of 5 DN Heartbeats.
2019-09-19 05:38:49,661 [main] INFO  ozone.MiniOzoneClusterImpl (MiniOzoneClusterImpl.java:lambda$waitForClusterToBeReady$0(148)) - Waiting for cluster to exit safe mode
2019-09-19 05:38:49,662 [IPC Server handler 2 on 36586] INFO  net.NetworkTopology (NetworkTopologyImpl.java:add(110)) - Added a new node: /default-rack/c250e534-d056-4ea9-ab7f-7abc49507a59
2019-09-19 05:38:49,662 [IPC Server handler 2 on 36586] INFO  node.SCMNodeManager (SCMNodeManager.java:register(273)) - Registered Data node : c250e534-d056-4ea9-ab7f-7abc49507a59{ip: 192.168.34.50, host: pr-hdds-2034-srnhl-2452957315, networkLocation: /default-rack, certSerialId: null}
2019-09-19 05:38:49,663 | INFO  | SCMAudit | user=jenkins1000 | ip=192.168.34.50 | op=REGISTER {datanodeDetails=c250e534-d056-4ea9-ab7f-7abc49507a59{ip: 192.168.34.50, host: pr-hdds-2034-srnhl-2452957315, networkLocation: /default-rack, certSerialId: null}} | ret=SUCCESS |  
2019-09-19 05:38:49,663 [RatisPipelineUtilsThread] INFO  pipeline.RatisPipelineProvider (RatisPipelineProvider.java:lambda$create$4(164)) - Send pipeline:PipelineID=17abc75e-1462-4793-8d98-3333bd90c255 create command to datanode c250e534-d056-4ea9-ab7f-7abc49507a59
2019-09-19 05:38:50,626 | INFO  | SCMAudit | user=jenkins1000 | ip=192.168.34.50 | op=SEND_HEARTBEAT {datanodeUUID=59f0521e-f2db-40e0-a265-2c416172e989, command=[commandType: createPipelineCommand createPipelineCommandProto { pipelineID { id: "f790581a-36c8-454a-8ef8-6ea9cd1f251b" } type: RATIS factor: ONE datanode { uuid: "59f0521e-f2db-40e0-a265-2c416172e989" ipAddress: "192.168.34.50" hostName: "pr-hdds-2034-srnhl-2452957315" ports { name: "REST" value: 46719 } ports { name: "RATIS" value: 37624 } ports { name: "STANDALONE" value: 44916 } networkName: "59f0521e-f2db-40e0-a265-2c416172e989" networkLocation: "/default-rack" } cmdId: 1568871528633 } , commandType: createPipelineCommand createPipelineCommandProto { pipelineID { id: "70f15167-ed73-4a26-b8d4-5945d6addba8" } type: RATIS factor: THREE datanode { uuid: "142012b4-58f3-42c7-942d-1d383fc72593" ipAddress: "192.168.34.50" hostName: "pr-hdds-2034-srnhl-2452957315" ports { name: "REST" value: 36856 } ports { name: "RATIS" value: 35957 } ports { name: "STANDALONE" value: 38330 } networkName: "142012b4-58f3-42c7-942d-1d383fc72593" networkLocation: "/default-rack" } datanode { uuid: "59f0521e-f2db-40e0-a265-2c416172e989" ipAddress: "192.168.34.50" hostName: "pr-hdds-2034-srnhl-2452957315" ports { name: "REST" value: 46719 } ports { name: "RATIS" value: 37624 } ports { name: "STANDALONE" value: 44916 } networkName: "59f0521e-f2db-40e0-a265-2c416172e989" networkLocation: "/default-rack" } datanode { uuid: "0573540b-1b55-49b7-943a-2f8214ec5bc1" ipAddress: "192.168.34.50" hostName: "pr-hdds-2034-srnhl-2452957315" ports { name: "REST" value: 39718 } ports { name: "RATIS" value: 38514 } ports { name: "STANDALONE" value: 37488 } networkName: "0573540b-1b55-49b7-943a-2f8214ec5bc1" networkLocation: "/default-rack" } cmdId: 1568871528636 } ]} | ret=SUCCESS |  
2019-09-19 05:38:50,661 [main] INFO  ozone.MiniOzoneClusterImpl (MiniOzoneClusterImpl.java:lambda$waitForClusterToBeReady$0(145)) - Nodes are ready. Got 5 of 5 DN Heartbeats.
2019-09-19 05:38:50,662 [main] INFO  ozone.MiniOzoneClusterImpl (MiniOzoneClusterImpl.java:lambda$waitForClusterToBeReady$0(148)) - Waiting for cluster to exit safe mode
2019-09-19 05:38:50,843 | INFO  | SCMAudit | user=jenkins1000 | ip=192.168.34.50 | op=SEND_HEARTBEAT {datanodeUUID=142012b4-58f3-42c7-942d-1d383fc72593, command=[commandType: createPipelineCommand createPipelineCommandProto { pipelineID { id: "86d35962-d67c-4f23-81e1-e249b7348145" } type: RATIS factor: ONE datanode { uuid: "142012b4-58f3-42c7-942d-1d383fc72593" ipAddress: "192.168.34.50" hostName: "pr-hdds-2034-srnhl-2452957315" ports { name: "REST" value: 36856 } ports { name: "RATIS" value: 35957 } ports { name: "STANDALONE" value: 38330 } networkName: "142012b4-58f3-42c7-942d-1d383fc72593" networkLocation: "/default-rack" } cmdId: 1568871528634 } , commandType: createPipelineCommand createPipelineCommandProto { pipelineID { id: "70f15167-ed73-4a26-b8d4-5945d6addba8" } type: RATIS factor: THREE datanode { uuid: "142012b4-58f3-42c7-942d-1d383fc72593" ipAddress: "192.168.34.50" hostName: "pr-hdds-2034-srnhl-2452957315" ports { name: "REST" value: 36856 } ports { name: "RATIS" value: 35957 } ports { name: "STANDALONE" value: 38330 } networkName: "142012b4-58f3-42c7-942d-1d383fc72593" networkLocation: "/default-rack" } datanode { uuid: "59f0521e-f2db-40e0-a265-2c416172e989" ipAddress: "192.168.34.50" hostName: "pr-hdds-2034-srnhl-2452957315" ports { name: "REST" value: 46719 } ports { name: "RATIS" value: 37624 } ports { name: "STANDALONE" value: 44916 } networkName: "59f0521e-f2db-40e0-a265-2c416172e989" networkLocation: "/default-rack" } datanode { uuid: "0573540b-1b55-49b7-943a-2f8214ec5bc1" ipAddress: "192.168.34.50" hostName: "pr-hdds-2034-srnhl-2452957315" ports { name: "REST" value: 39718 } ports { name: "RATIS" value: 38514 } ports { name: "STANDALONE" value: 37488 } networkName: "0573540b-1b55-49b7-943a-2f8214ec5bc1" networkLocation: "/default-rack" } cmdId: 1568871528636 } ]} | ret=SUCCESS |  
2019-09-19 05:38:51,113 | INFO  | SCMAudit | user=jenkins1000 | ip=192.168.34.50 | op=SEND_HEARTBEAT {datanodeUUID=0573540b-1b55-49b7-943a-2f8214ec5bc1, command=[commandType: createPipelineCommand createPipelineCommandProto { pipelineID { id: "796a5733-75a3-4313-ae58-d3bfb463dd20" } type: RATIS factor: ONE datanode { uuid: "0573540b-1b55-49b7-943a-2f8214ec5bc1" ipAddress: "192.168.34.50" hostName: "pr-hdds-2034-srnhl-2452957315" ports { name: "REST" value: 39718 } ports { name: "RATIS" value: 38514 } ports { name: "STANDALONE" value: 37488 } networkName: "0573540b-1b55-49b7-943a-2f8214ec5bc1" networkLocation: "/default-rack" } cmdId: 1568871528635 } , commandType: createPipelineCommand createPipelineCommandProto { pipelineID { id: "70f15167-ed73-4a26-b8d4-5945d6addba8" } type: RATIS factor: THREE datanode { uuid: "142012b4-58f3-42c7-942d-1d383fc72593" ipAddress: "192.168.34.50" hostName: "pr-hdds-2034-srnhl-2452957315" ports { name: "REST" value: 36856 } ports { name: "RATIS" value: 35957 } ports { name: "STANDALONE" value: 38330 } networkName: "142012b4-58f3-42c7-942d-1d383fc72593" networkLocation: "/default-rack" } datanode { uuid: "59f0521e-f2db-40e0-a265-2c416172e989" ipAddress: "192.168.34.50" hostName: "pr-hdds-2034-srnhl-2452957315" ports { name: "REST" value: 46719 } ports { name: "RATIS" value: 37624 } ports { name: "STANDALONE" value: 44916 } networkName: "59f0521e-f2db-40e0-a265-2c416172e989" networkLocation: "/default-rack" } datanode { uuid: "0573540b-1b55-49b7-943a-2f8214ec5bc1" ipAddress: "192.168.34.50" hostName: "pr-hdds-2034-srnhl-2452957315" ports { name: "REST" value: 39718 } ports { name: "RATIS" value: 38514 } ports { name: "STANDALONE" value: 37488 } networkName: "0573540b-1b55-49b7-943a-2f8214ec5bc1" networkLocation: "/default-rack" } cmdId: 1568871528636 } ]} | ret=SUCCESS |  
2019-09-19 05:38:51,395 | INFO  | SCMAudit | user=jenkins1000 | ip=192.168.34.50 | op=SEND_HEARTBEAT {datanodeUUID=071d6781-1644-42da-9c9d-5bc609ee50f9, command=[commandType: createPipelineCommand createPipelineCommandProto { pipelineID { id: "06840672-7945-4914-90a0-b0db96473380" } type: RATIS factor: ONE datanode { uuid: "071d6781-1644-42da-9c9d-5bc609ee50f9" ipAddress: "192.168.34.50" hostName: "pr-hdds-2034-srnhl-2452957315" ports { name: "REST" value: 44565 } ports { name: "RATIS" value: 45883 } ports { name: "STANDALONE" value: 33140 } networkName: "071d6781-1644-42da-9c9d-5bc609ee50f9" networkLocation: "/default-rack" } cmdId: 1568871528637 } ]} | ret=SUCCESS |  
2019-09-19 05:38:51,575 | INFO  | SCMAudit | user=jenkins1000 | ip=192.168.34.50 | op=SEND_HEARTBEAT {datanodeUUID=59f0521e-f2db-40e0-a265-2c416172e989, command=[]} | ret=SUCCESS |  
2019-09-19 05:38:51,661 | INFO  | SCMAudit | user=jenkins1000 | ip=192.168.34.50 | op=SEND_HEARTBEAT {datanodeUUID=c250e534-d056-4ea9-ab7f-7abc49507a59, command=[commandType: createPipelineCommand createPipelineCommandProto { pipelineID { id: "17abc75e-1462-4793-8d98-3333bd90c255" } type: RATIS factor: ONE datanode { uuid: "c250e534-d056-4ea9-ab7f-7abc49507a59" ipAddress: "192.168.34.50" hostName: "pr-hdds-2034-srnhl-2452957315" ports { name: "REST" value: 41883 } ports { name: "RATIS" value: 34634 } ports { name: "STANDALONE" value: 44867 } networkName: "c250e534-d056-4ea9-ab7f-7abc49507a59" networkLocation: "/default-rack" } cmdId: 1568871528638 } ]} | ret=SUCCESS |  
2019-09-19 05:38:51,662 [main] INFO  ozone.MiniOzoneClusterImpl (MiniOzoneClusterImpl.java:lambda$waitForClusterToBeReady$0(145)) - Nodes are ready. Got 5 of 5 DN Heartbeats.
2019-09-19 05:38:51,662 [main] INFO  ozone.MiniOzoneClusterImpl (MiniOzoneClusterImpl.java:lambda$waitForClusterToBeReady$0(148)) - Waiting for cluster to exit safe mode
2019-09-19 05:38:51,838 | INFO  | SCMAudit | user=jenkins1000 | ip=192.168.34.50 | op=SEND_HEARTBEAT {datanodeUUID=142012b4-58f3-42c7-942d-1d383fc72593, command=[]} | ret=SUCCESS |  
2019-09-19 05:38:52,384 | INFO  | SCMAudit | user=jenkins1000 | ip=192.168.34.50 | op=SEND_HEARTBEAT {datanodeUUID=0573540b-1b55-49b7-943a-2f8214ec5bc1, command=[]} | ret=SUCCESS |  
2019-09-19 05:38:52,403 | INFO  | SCMAudit | user=jenkins1000 | ip=192.168.34.50 | op=SEND_HEARTBEAT {datanodeUUID=071d6781-1644-42da-9c9d-5bc609ee50f9, command=[]} | ret=SUCCESS |  
2019-09-19 05:38:52,575 | INFO  | SCMAudit | user=jenkins1000 | ip=192.168.34.50 | op=SEND_HEARTBEAT {datanodeUUID=59f0521e-f2db-40e0-a265-2c416172e989, command=[]} | ret=SUCCESS |  
2019-09-19 05:38:52,626 [grpc-default-executor-2] INFO  impl.RaftServerProxy (RaftServerProxy.java:addNew(89)) - 59f0521e-f2db-40e0-a265-2c416172e989: addNew group-6EA9CD1F251B:[59f0521e-f2db-40e0-a265-2c416172e989:192.168.34.50:37624] returns group-6EA9CD1F251B:java.util.concurrent.CompletableFuture@6cafc8d9[Not completed]
2019-09-19 05:38:52,626 [grpc-default-executor-1] INFO  impl.RaftServerProxy (RaftServerProxy.java:addNew(89)) - 071d6781-1644-42da-9c9d-5bc609ee50f9: addNew group-B0DB96473380:[071d6781-1644-42da-9c9d-5bc609ee50f9:192.168.34.50:45883] returns group-B0DB96473380:java.util.concurrent.CompletableFuture@29771685[Not completed]
2019-09-19 05:38:52,626 [grpc-default-executor-3] INFO  impl.RaftServerProxy (RaftServerProxy.java:addNew(89)) - 0573540b-1b55-49b7-943a-2f8214ec5bc1: addNew group-D3BFB463DD20:[0573540b-1b55-49b7-943a-2f8214ec5bc1:192.168.34.50:38514] returns group-D3BFB463DD20:java.util.concurrent.CompletableFuture@77eec4d2[Not completed]
2019-09-19 05:38:52,626 [grpc-default-executor-0] INFO  impl.RaftServerProxy (RaftServerProxy.java:addNew(89)) - 142012b4-58f3-42c7-942d-1d383fc72593: addNew group-E249B7348145:[142012b4-58f3-42c7-942d-1d383fc72593:192.168.34.50:35957] returns group-E249B7348145:java.util.concurrent.CompletableFuture@6b6cc160[Not completed]
2019-09-19 05:38:52,686 [main] INFO  ozone.MiniOzoneClusterImpl (MiniOzoneClusterImpl.java:lambda$waitForClusterToBeReady$0(145)) - Nodes are ready. Got 5 of 5 DN Heartbeats.
2019-09-19 05:38:52,686 [main] INFO  ozone.MiniOzoneClusterImpl (MiniOzoneClusterImpl.java:lambda$waitForClusterToBeReady$0(148)) - Waiting for cluster to exit safe mode
2019-09-19 05:38:52,710 | INFO  | SCMAudit | user=jenkins1000 | ip=192.168.34.50 | op=SEND_HEARTBEAT {datanodeUUID=c250e534-d056-4ea9-ab7f-7abc49507a59, command=[]} | ret=SUCCESS |  
2019-09-19 05:38:52,711 [pool-38-thread-1] INFO  impl.RaftServerImpl (RaftServerImpl.java:<init>(93)) - 142012b4-58f3-42c7-942d-1d383fc72593: new RaftServerImpl for group-E249B7348145:[142012b4-58f3-42c7-942d-1d383fc72593:192.168.34.50:35957] with ContainerStateMachine:uninitialized
2019-09-19 05:38:52,711 [pool-27-thread-1] INFO  impl.RaftServerImpl (RaftServerImpl.java:<init>(93)) - 59f0521e-f2db-40e0-a265-2c416172e989: new RaftServerImpl for group-6EA9CD1F251B:[59f0521e-f2db-40e0-a265-2c416172e989:192.168.34.50:37624] with ContainerStateMachine:uninitialized
2019-09-19 05:38:52,711 [pool-60-thread-1] INFO  impl.RaftServerImpl (RaftServerImpl.java:<init>(93)) - 071d6781-1644-42da-9c9d-5bc609ee50f9: new RaftServerImpl for group-B0DB96473380:[071d6781-1644-42da-9c9d-5bc609ee50f9:192.168.34.50:45883] with ContainerStateMachine:uninitialized
2019-09-19 05:38:52,717 [pool-49-thread-1] INFO  impl.RaftServerImpl (RaftServerImpl.java:<init>(93)) - 0573540b-1b55-49b7-943a-2f8214ec5bc1: new RaftServerImpl for group-D3BFB463DD20:[0573540b-1b55-49b7-943a-2f8214ec5bc1:192.168.34.50:38514] with ContainerStateMachine:uninitialized
2019-09-19 05:38:52,723 [pool-38-thread-1] INFO  server.RaftServerConfigKeys (ConfUtils.java:logGet(43)) - raft.server.rpc.timeout.min = 5s (custom)
2019-09-19 05:38:52,723 [pool-60-thread-1] INFO  server.RaftServerConfigKeys (ConfUtils.java:logGet(43)) - raft.server.rpc.timeout.min = 5s (custom)
2019-09-19 05:38:52,723 [pool-38-thread-1] INFO  server.RaftServerConfigKeys (ConfUtils.java:logGet(43)) - raft.server.rpc.timeout.max = 5200ms (custom)
2019-09-19 05:38:52,723 [pool-27-thread-1] INFO  server.RaftServerConfigKeys (ConfUtils.java:logGet(43)) - raft.server.rpc.timeout.min = 5s (custom)
2019-09-19 05:38:52,722 [pool-49-thread-1] INFO  server.RaftServerConfigKeys (ConfUtils.java:logGet(43)) - raft.server.rpc.timeout.min = 5s (custom)
2019-09-19 05:38:52,724 [pool-27-thread-1] INFO  server.RaftServerConfigKeys (ConfUtils.java:logGet(43)) - raft.server.rpc.timeout.max = 5200ms (custom)
2019-09-19 05:38:52,723 [pool-38-thread-1] INFO  server.RaftServerConfigKeys (ConfUtils.java:logGet(43)) - raft.server.rpcslowness.timeout = 120s (custom)
2019-09-19 05:38:52,723 [pool-60-thread-1] INFO  server.RaftServerConfigKeys (ConfUtils.java:logGet(43)) - raft.server.rpc.timeout.max = 5200ms (custom)
2019-09-19 05:38:52,725 [pool-27-thread-1] INFO  server.RaftServerConfigKeys (ConfUtils.java:logGet(43)) - raft.server.rpcslowness.timeout = 120s (custom)
2019-09-19 05:38:52,725 [pool-49-thread-1] INFO  server.RaftServerConfigKeys (ConfUtils.java:logGet(43)) - raft.server.rpc.timeout.max = 5200ms (custom)
2019-09-19 05:38:52,725 [pool-60-thread-1] INFO  server.RaftServerConfigKeys (ConfUtils.java:logGet(43)) - raft.server.rpcslowness.timeout = 120s (custom)
2019-09-19 05:38:52,727 [pool-27-thread-1] INFO  server.RaftServerConfigKeys (ConfUtils.java:logGet(43)) - raft.server.sleep.deviation.threshold = 300 (default)
2019-09-19 05:38:52,725 [pool-38-thread-1] INFO  server.RaftServerConfigKeys (ConfUtils.java:logGet(43)) - raft.server.sleep.deviation.threshold = 300 (default)
2019-09-19 05:38:52,725 [pool-49-thread-1] INFO  server.RaftServerConfigKeys (ConfUtils.java:logGet(43)) - raft.server.rpcslowness.timeout = 120s (custom)
2019-09-19 05:38:52,727 [pool-60-thread-1] INFO  server.RaftServerConfigKeys (ConfUtils.java:logGet(43)) - raft.server.sleep.deviation.threshold = 300 (default)
2019-09-19 05:38:52,727 [pool-49-thread-1] INFO  server.RaftServerConfigKeys (ConfUtils.java:logGet(43)) - raft.server.sleep.deviation.threshold = 300 (default)
2019-09-19 05:38:52,728 [pool-27-thread-1] INFO  server.RaftServerConfigKeys (ConfUtils.java:logGet(43)) - raft.server.log.appender.install.snapshot.enabled = false (custom)
2019-09-19 05:38:52,729 [pool-49-thread-1] INFO  server.RaftServerConfigKeys (ConfUtils.java:logGet(43)) - raft.server.log.appender.install.snapshot.enabled = false (custom)
2019-09-19 05:38:52,728 [pool-38-thread-1] INFO  server.RaftServerConfigKeys (ConfUtils.java:logGet(43)) - raft.server.log.appender.install.snapshot.enabled = false (custom)
2019-09-19 05:38:52,730 [pool-60-thread-1] INFO  server.RaftServerConfigKeys (ConfUtils.java:logGet(43)) - raft.server.log.appender.install.snapshot.enabled = false (custom)
2019-09-19 05:38:52,734 [grpc-default-executor-3] INFO  impl.RaftServerProxy (RaftServerProxy.java:addNew(89)) - c250e534-d056-4ea9-ab7f-7abc49507a59: addNew group-3333BD90C255:[c250e534-d056-4ea9-ab7f-7abc49507a59:192.168.34.50:34634] returns group-3333BD90C255:java.util.concurrent.CompletableFuture@28d0fbcb[Not completed]
2019-09-19 05:38:52,737 [pool-71-thread-1] INFO  impl.RaftServerImpl (RaftServerImpl.java:<init>(93)) - c250e534-d056-4ea9-ab7f-7abc49507a59: new RaftServerImpl for group-3333BD90C255:[c250e534-d056-4ea9-ab7f-7abc49507a59:192.168.34.50:34634] with ContainerStateMachine:uninitialized
2019-09-19 05:38:52,737 [pool-71-thread-1] INFO  server.RaftServerConfigKeys (ConfUtils.java:logGet(43)) - raft.server.rpc.timeout.min = 5s (custom)
2019-09-19 05:38:52,737 [pool-71-thread-1] INFO  server.RaftServerConfigKeys (ConfUtils.java:logGet(43)) - raft.server.rpc.timeout.max = 5200ms (custom)
2019-09-19 05:38:52,738 [pool-71-thread-1] INFO  server.RaftServerConfigKeys (ConfUtils.java:logGet(43)) - raft.server.rpcslowness.timeout = 120s (custom)
2019-09-19 05:38:52,738 [pool-71-thread-1] INFO  server.RaftServerConfigKeys (ConfUtils.java:logGet(43)) - raft.server.sleep.deviation.threshold = 300 (default)
2019-09-19 05:38:52,738 [pool-71-thread-1] INFO  server.RaftServerConfigKeys (ConfUtils.java:logGet(43)) - raft.server.log.appender.install.snapshot.enabled = false (custom)
2019-09-19 05:38:52,741 [pool-38-thread-1] INFO  impl.RaftServerImpl (ServerState.java:<init>(105)) - 142012b4-58f3-42c7-942d-1d383fc72593:group-E249B7348145 ConfigurationManager, init=-1: [142012b4-58f3-42c7-942d-1d383fc72593:192.168.34.50:35957], old=null, confs=<EMPTY_MAP>
2019-09-19 05:38:52,741 [pool-60-thread-1] INFO  impl.RaftServerImpl (ServerState.java:<init>(105)) - 071d6781-1644-42da-9c9d-5bc609ee50f9:group-B0DB96473380 ConfigurationManager, init=-1: [071d6781-1644-42da-9c9d-5bc609ee50f9:192.168.34.50:45883], old=null, confs=<EMPTY_MAP>
2019-09-19 05:38:52,741 [pool-49-thread-1] INFO  impl.RaftServerImpl (ServerState.java:<init>(105)) - 0573540b-1b55-49b7-943a-2f8214ec5bc1:group-D3BFB463DD20 ConfigurationManager, init=-1: [0573540b-1b55-49b7-943a-2f8214ec5bc1:192.168.34.50:38514], old=null, confs=<EMPTY_MAP>
2019-09-19 05:38:52,741 [pool-27-thread-1] INFO  impl.RaftServerImpl (ServerState.java:<init>(105)) - 59f0521e-f2db-40e0-a265-2c416172e989:group-6EA9CD1F251B ConfigurationManager, init=-1: [59f0521e-f2db-40e0-a265-2c416172e989:192.168.34.50:37624], old=null, confs=<EMPTY_MAP>
2019-09-19 05:38:52,741 [pool-71-thread-1] INFO  impl.RaftServerImpl (ServerState.java:<init>(105)) - c250e534-d056-4ea9-ab7f-7abc49507a59:group-3333BD90C255 ConfigurationManager, init=-1: [c250e534-d056-4ea9-ab7f-7abc49507a59:192.168.34.50:34634], old=null, confs=<EMPTY_MAP>
2019-09-19 05:38:52,741 [pool-27-thread-1] INFO  server.RaftServerConfigKeys (ConfUtils.java:logGet(43)) - raft.server.storage.dir = [/workdir/hadoop-ozone/tools/target/test-dir/MiniOzoneClusterImpl-45489806-9620-4140-aff2-4615b0492468/datanode-0/data/ratis] (custom)
2019-09-19 05:38:52,741 [pool-49-thread-1] INFO  server.RaftServerConfigKeys (ConfUtils.java:logGet(43)) - raft.server.storage.dir = [/workdir/hadoop-ozone/tools/target/test-dir/MiniOzoneClusterImpl-45489806-9620-4140-aff2-4615b0492468/datanode-2/data/ratis] (custom)
2019-09-19 05:38:52,741 [pool-60-thread-1] INFO  server.RaftServerConfigKeys (ConfUtils.java:logGet(43)) - raft.server.storage.dir = [/workdir/hadoop-ozone/tools/target/test-dir/MiniOzoneClusterImpl-45489806-9620-4140-aff2-4615b0492468/datanode-3/data/ratis] (custom)
2019-09-19 05:38:52,741 [pool-38-thread-1] INFO  server.RaftServerConfigKeys (ConfUtils.java:logGet(43)) - raft.server.storage.dir = [/workdir/hadoop-ozone/tools/target/test-dir/MiniOzoneClusterImpl-45489806-9620-4140-aff2-4615b0492468/datanode-1/data/ratis] (custom)
2019-09-19 05:38:52,742 [pool-71-thread-1] INFO  server.RaftServerConfigKeys (ConfUtils.java:logGet(43)) - raft.server.storage.dir = [/workdir/hadoop-ozone/tools/target/test-dir/MiniOzoneClusterImpl-45489806-9620-4140-aff2-4615b0492468/datanode-4/data/ratis] (custom)
2019-09-19 05:38:52,751 [pool-27-thread-1] INFO  storage.RaftStorageDirectory (RaftStorageDirectory.java:analyzeStorage(246)) - The storage directory /workdir/hadoop-ozone/tools/target/test-dir/MiniOzoneClusterImpl-45489806-9620-4140-aff2-4615b0492468/datanode-0/data/ratis/f790581a-36c8-454a-8ef8-6ea9cd1f251b does not exist. Creating ...
2019-09-19 05:38:52,751 [pool-38-thread-1] INFO  storage.RaftStorageDirectory (RaftStorageDirectory.java:analyzeStorage(246)) - The storage directory /workdir/hadoop-ozone/tools/target/test-dir/MiniOzoneClusterImpl-45489806-9620-4140-aff2-4615b0492468/datanode-1/data/ratis/86d35962-d67c-4f23-81e1-e249b7348145 does not exist. Creating ...
2019-09-19 05:38:52,751 [pool-71-thread-1] INFO  storage.RaftStorageDirectory (RaftStorageDirectory.java:analyzeStorage(246)) - The storage directory /workdir/hadoop-ozone/tools/target/test-dir/MiniOzoneClusterImpl-45489806-9620-4140-aff2-4615b0492468/datanode-4/data/ratis/17abc75e-1462-4793-8d98-3333bd90c255 does not exist. Creating ...
2019-09-19 05:38:52,751 [pool-60-thread-1] INFO  storage.RaftStorageDirectory (RaftStorageDirectory.java:analyzeStorage(246)) - The storage directory /workdir/hadoop-ozone/tools/target/test-dir/MiniOzoneClusterImpl-45489806-9620-4140-aff2-4615b0492468/datanode-3/data/ratis/06840672-7945-4914-90a0-b0db96473380 does not exist. Creating ...
2019-09-19 05:38:52,751 [pool-49-thread-1] INFO  storage.RaftStorageDirectory (RaftStorageDirectory.java:analyzeStorage(246)) - The storage directory /workdir/hadoop-ozone/tools/target/test-dir/MiniOzoneClusterImpl-45489806-9620-4140-aff2-4615b0492468/datanode-2/data/ratis/796a5733-75a3-4313-ae58-d3bfb463dd20 does not exist. Creating ...
2019-09-19 05:38:52,823 [pool-27-thread-1] INFO  storage.RaftStorageDirectory (RaftStorageDirectory.java:tryLock(328)) - Lock on /workdir/hadoop-ozone/tools/target/test-dir/MiniOzoneClusterImpl-45489806-9620-4140-aff2-4615b0492468/datanode-0/data/ratis/f790581a-36c8-454a-8ef8-6ea9cd1f251b/in_use.lock acquired by nodename 14407@pr-hdds-2034-srnhl-2452957315
2019-09-19 05:38:52,823 [pool-71-thread-1] INFO  storage.RaftStorageDirectory (RaftStorageDirectory.java:tryLock(328)) - Lock on /workdir/hadoop-ozone/tools/target/test-dir/MiniOzoneClusterImpl-45489806-9620-4140-aff2-4615b0492468/datanode-4/data/ratis/17abc75e-1462-4793-8d98-3333bd90c255/in_use.lock acquired by nodename 14407@pr-hdds-2034-srnhl-2452957315
2019-09-19 05:38:52,823 [pool-49-thread-1] INFO  storage.RaftStorageDirectory (RaftStorageDirectory.java:tryLock(328)) - Lock on /workdir/hadoop-ozone/tools/target/test-dir/MiniOzoneClusterImpl-45489806-9620-4140-aff2-4615b0492468/datanode-2/data/ratis/796a5733-75a3-4313-ae58-d3bfb463dd20/in_use.lock acquired by nodename 14407@pr-hdds-2034-srnhl-2452957315
2019-09-19 05:38:52,823 [pool-38-thread-1] INFO  storage.RaftStorageDirectory (RaftStorageDirectory.java:tryLock(328)) - Lock on /workdir/hadoop-ozone/tools/target/test-dir/MiniOzoneClusterImpl-45489806-9620-4140-aff2-4615b0492468/datanode-1/data/ratis/86d35962-d67c-4f23-81e1-e249b7348145/in_use.lock acquired by nodename 14407@pr-hdds-2034-srnhl-2452957315
2019-09-19 05:38:52,823 [pool-60-thread-1] INFO  storage.RaftStorageDirectory (RaftStorageDirectory.java:tryLock(328)) - Lock on /workdir/hadoop-ozone/tools/target/test-dir/MiniOzoneClusterImpl-45489806-9620-4140-aff2-4615b0492468/datanode-3/data/ratis/06840672-7945-4914-90a0-b0db96473380/in_use.lock acquired by nodename 14407@pr-hdds-2034-srnhl-2452957315
2019-09-19 05:38:52,837 | INFO  | SCMAudit | user=jenkins1000 | ip=192.168.34.50 | op=SEND_HEARTBEAT {datanodeUUID=142012b4-58f3-42c7-942d-1d383fc72593, command=[]} | ret=SUCCESS |  
2019-09-19 05:38:52,897 [pool-71-thread-1] INFO  storage.RaftStorage (RaftStorage.java:format(72)) - Storage directory /workdir/hadoop-ozone/tools/target/test-dir/MiniOzoneClusterImpl-45489806-9620-4140-aff2-4615b0492468/datanode-4/data/ratis/17abc75e-1462-4793-8d98-3333bd90c255 has been successfully formatted.
2019-09-19 05:38:52,897 [pool-49-thread-1] INFO  storage.RaftStorage (RaftStorage.java:format(72)) - Storage directory /workdir/hadoop-ozone/tools/target/test-dir/MiniOzoneClusterImpl-45489806-9620-4140-aff2-4615b0492468/datanode-2/data/ratis/796a5733-75a3-4313-ae58-d3bfb463dd20 has been successfully formatted.
2019-09-19 05:38:52,897 [pool-60-thread-1] INFO  storage.RaftStorage (RaftStorage.java:format(72)) - Storage directory /workdir/hadoop-ozone/tools/target/test-dir/MiniOzoneClusterImpl-45489806-9620-4140-aff2-4615b0492468/datanode-3/data/ratis/06840672-7945-4914-90a0-b0db96473380 has been successfully formatted.
2019-09-19 05:38:52,897 [pool-38-thread-1] INFO  storage.RaftStorage (RaftStorage.java:format(72)) - Storage directory /workdir/hadoop-ozone/tools/target/test-dir/MiniOzoneClusterImpl-45489806-9620-4140-aff2-4615b0492468/datanode-1/data/ratis/86d35962-d67c-4f23-81e1-e249b7348145 has been successfully formatted.
2019-09-19 05:38:52,897 [pool-27-thread-1] INFO  storage.RaftStorage (RaftStorage.java:format(72)) - Storage directory /workdir/hadoop-ozone/tools/target/test-dir/MiniOzoneClusterImpl-45489806-9620-4140-aff2-4615b0492468/datanode-0/data/ratis/f790581a-36c8-454a-8ef8-6ea9cd1f251b has been successfully formatted.
2019-09-19 05:38:52,903 [pool-38-thread-1] INFO  ratis.ContainerStateMachine (ContainerStateMachine.java:loadSnapshot(226)) - group-E249B7348145: The snapshot info is null. Setting the last applied indexto:(t:0, i:~)
2019-09-19 05:38:52,903 [pool-27-thread-1] INFO  ratis.ContainerStateMachine (ContainerStateMachine.java:loadSnapshot(226)) - group-6EA9CD1F251B: The snapshot info is null. Setting the last applied indexto:(t:0, i:~)
2019-09-19 05:38:52,903 [pool-60-thread-1] INFO  ratis.ContainerStateMachine (ContainerStateMachine.java:loadSnapshot(226)) - group-B0DB96473380: The snapshot info is null. Setting the last applied indexto:(t:0, i:~)
2019-09-19 05:38:52,903 [pool-49-thread-1] INFO  ratis.ContainerStateMachine (ContainerStateMachine.java:loadSnapshot(226)) - group-D3BFB463DD20: The snapshot info is null. Setting the last applied indexto:(t:0, i:~)
2019-09-19 05:38:52,903 [pool-71-thread-1] INFO  ratis.ContainerStateMachine (ContainerStateMachine.java:loadSnapshot(226)) - group-3333BD90C255: The snapshot info is null. Setting the last applied indexto:(t:0, i:~)
2019-09-19 05:38:52,910 [pool-49-thread-1] INFO  server.RaftServerConfigKeys (ConfUtils.java:logGet(43)) - raft.server.leader.election.timeout = 120s (custom)
2019-09-19 05:38:52,910 [pool-60-thread-1] INFO  server.RaftServerConfigKeys (ConfUtils.java:logGet(43)) - raft.server.leader.election.timeout = 120s (custom)
2019-09-19 05:38:52,910 [pool-27-thread-1] INFO  server.RaftServerConfigKeys (ConfUtils.java:logGet(43)) - raft.server.leader.election.timeout = 120s (custom)
2019-09-19 05:38:52,909 [pool-38-thread-1] INFO  server.RaftServerConfigKeys (ConfUtils.java:logGet(43)) - raft.server.leader.election.timeout = 120s (custom)
2019-09-19 05:38:52,910 [pool-71-thread-1] INFO  server.RaftServerConfigKeys (ConfUtils.java:logGet(43)) - raft.server.leader.election.timeout = 120s (custom)
2019-09-19 05:38:52,914 [pool-38-thread-1] INFO  server.RaftServerConfigKeys (ConfUtils.java:logGet(43)) - raft.server.log.use.memory = false (default)
2019-09-19 05:38:52,914 [pool-60-thread-1] INFO  server.RaftServerConfigKeys (ConfUtils.java:logGet(43)) - raft.server.log.use.memory = false (default)
2019-09-19 05:38:52,914 [pool-49-thread-1] INFO  server.RaftServerConfigKeys (ConfUtils.java:logGet(43)) - raft.server.log.use.memory = false (default)
2019-09-19 05:38:52,914 [pool-27-thread-1] INFO  server.RaftServerConfigKeys (ConfUtils.java:logGet(43)) - raft.server.log.use.memory = false (default)
2019-09-19 05:38:52,914 [pool-71-thread-1] INFO  server.RaftServerConfigKeys (ConfUtils.java:logGet(43)) - raft.server.log.use.memory = false (default)
2019-09-19 05:38:52,919 [pool-38-thread-1] INFO  server.RaftServerConfigKeys (ConfUtils.java:logGet(43)) - raft.server.log.purge.gap = 1000000 (custom)
2019-09-19 05:38:52,919 [pool-71-thread-1] INFO  server.RaftServerConfigKeys (ConfUtils.java:logGet(43)) - raft.server.log.purge.gap = 1000000 (custom)
2019-09-19 05:38:52,920 [pool-27-thread-1] INFO  server.RaftServerConfigKeys (ConfUtils.java:logGet(43)) - raft.server.log.purge.gap = 1000000 (custom)
2019-09-19 05:38:52,919 [pool-49-thread-1] INFO  server.RaftServerConfigKeys (ConfUtils.java:logGet(43)) - raft.server.log.purge.gap = 1000000 (custom)
2019-09-19 05:38:52,919 [pool-38-thread-1] INFO  server.RaftServerConfigKeys (ConfUtils.java:logGet(43)) - raft.server.log.appender.buffer.byte-limit = 33554432 (custom)
2019-09-19 05:38:52,919 [pool-60-thread-1] INFO  server.RaftServerConfigKeys (ConfUtils.java:logGet(43)) - raft.server.log.purge.gap = 1000000 (custom)
2019-09-19 05:38:52,920 [pool-49-thread-1] INFO  server.RaftServerConfigKeys (ConfUtils.java:logGet(43)) - raft.server.log.appender.buffer.byte-limit = 33554432 (custom)
2019-09-19 05:38:52,920 [pool-27-thread-1] INFO  server.RaftServerConfigKeys (ConfUtils.java:logGet(43)) - raft.server.log.appender.buffer.byte-limit = 33554432 (custom)
2019-09-19 05:38:52,920 [pool-71-thread-1] INFO  server.RaftServerConfigKeys (ConfUtils.java:logGet(43)) - raft.server.log.appender.buffer.byte-limit = 33554432 (custom)
2019-09-19 05:38:52,920 [pool-60-thread-1] INFO  server.RaftServerConfigKeys (ConfUtils.java:logGet(43)) - raft.server.log.appender.buffer.byte-limit = 33554432 (custom)
2019-09-19 05:38:52,922 [pool-38-thread-1] INFO  server.RaftServerConfigKeys (ConfUtils.java:logGet(43)) - raft.server.log.segment.size.max = 1048576 (custom)
2019-09-19 05:38:52,922 [pool-71-thread-1] INFO  server.RaftServerConfigKeys (ConfUtils.java:logGet(43)) - raft.server.log.segment.size.max = 1048576 (custom)
2019-09-19 05:38:52,922 [pool-27-thread-1] INFO  server.RaftServerConfigKeys (ConfUtils.java:logGet(43)) - raft.server.log.segment.size.max = 1048576 (custom)
2019-09-19 05:38:52,922 [pool-60-thread-1] INFO  server.RaftServerConfigKeys (ConfUtils.java:logGet(43)) - raft.server.log.segment.size.max = 1048576 (custom)
2019-09-19 05:38:52,922 [pool-49-thread-1] INFO  server.RaftServerConfigKeys (ConfUtils.java:logGet(43)) - raft.server.log.segment.size.max = 1048576 (custom)
2019-09-19 05:38:52,927 [pool-38-thread-1] INFO  server.RaftServerConfigKeys (ConfUtils.java:logGet(43)) - raft.server.log.segment.cache.num.max = 2 (custom)
2019-09-19 05:38:52,927 [pool-60-thread-1] INFO  server.RaftServerConfigKeys (ConfUtils.java:logGet(43)) - raft.server.log.segment.cache.num.max = 2 (custom)
2019-09-19 05:38:52,927 [pool-49-thread-1] INFO  server.RaftServerConfigKeys (ConfUtils.java:logGet(43)) - raft.server.log.segment.cache.num.max = 2 (custom)
2019-09-19 05:38:52,927 [pool-71-thread-1] INFO  server.RaftServerConfigKeys (ConfUtils.java:logGet(43)) - raft.server.log.segment.cache.num.max = 2 (custom)
2019-09-19 05:38:52,927 [pool-27-thread-1] INFO  server.RaftServerConfigKeys (ConfUtils.java:logGet(43)) - raft.server.log.segment.cache.num.max = 2 (custom)
2019-09-19 05:38:52,933 [pool-38-thread-1] INFO  segmented.SegmentedRaftLogWorker (SegmentedRaftLogWorker.java:<init>(172)) - new 142012b4-58f3-42c7-942d-1d383fc72593-SegmentedRaftLogWorker:Storage Directory /workdir/hadoop-ozone/tools/target/test-dir/MiniOzoneClusterImpl-45489806-9620-4140-aff2-4615b0492468/datanode-1/data/ratis/86d35962-d67c-4f23-81e1-e249b7348145 for RaftStorage:Storage Directory /workdir/hadoop-ozone/tools/target/test-dir/MiniOzoneClusterImpl-45489806-9620-4140-aff2-4615b0492468/datanode-1/data/ratis/86d35962-d67c-4f23-81e1-e249b7348145
2019-09-19 05:38:52,933 [pool-27-thread-1] INFO  segmented.SegmentedRaftLogWorker (SegmentedRaftLogWorker.java:<init>(172)) - new 59f0521e-f2db-40e0-a265-2c416172e989-SegmentedRaftLogWorker:Storage Directory /workdir/hadoop-ozone/tools/target/test-dir/MiniOzoneClusterImpl-45489806-9620-4140-aff2-4615b0492468/datanode-0/data/ratis/f790581a-36c8-454a-8ef8-6ea9cd1f251b for RaftStorage:Storage Directory /workdir/hadoop-ozone/tools/target/test-dir/MiniOzoneClusterImpl-45489806-9620-4140-aff2-4615b0492468/datanode-0/data/ratis/f790581a-36c8-454a-8ef8-6ea9cd1f251b
2019-09-19 05:38:52,933 [pool-49-thread-1] INFO  segmented.SegmentedRaftLogWorker (SegmentedRaftLogWorker.java:<init>(172)) - new 0573540b-1b55-49b7-943a-2f8214ec5bc1-SegmentedRaftLogWorker:Storage Directory /workdir/hadoop-ozone/tools/target/test-dir/MiniOzoneClusterImpl-45489806-9620-4140-aff2-4615b0492468/datanode-2/data/ratis/796a5733-75a3-4313-ae58-d3bfb463dd20 for RaftStorage:Storage Directory /workdir/hadoop-ozone/tools/target/test-dir/MiniOzoneClusterImpl-45489806-9620-4140-aff2-4615b0492468/datanode-2/data/ratis/796a5733-75a3-4313-ae58-d3bfb463dd20
2019-09-19 05:38:52,933 [pool-71-thread-1] INFO  segmented.SegmentedRaftLogWorker (SegmentedRaftLogWorker.java:<init>(172)) - new c250e534-d056-4ea9-ab7f-7abc49507a59-SegmentedRaftLogWorker:Storage Directory /workdir/hadoop-ozone/tools/target/test-dir/MiniOzoneClusterImpl-45489806-9620-4140-aff2-4615b0492468/datanode-4/data/ratis/17abc75e-1462-4793-8d98-3333bd90c255 for RaftStorage:Storage Directory /workdir/hadoop-ozone/tools/target/test-dir/MiniOzoneClusterImpl-45489806-9620-4140-aff2-4615b0492468/datanode-4/data/ratis/17abc75e-1462-4793-8d98-3333bd90c255
2019-09-19 05:38:52,933 [pool-60-thread-1] INFO  segmented.SegmentedRaftLogWorker (SegmentedRaftLogWorker.java:<init>(172)) - new 071d6781-1644-42da-9c9d-5bc609ee50f9-SegmentedRaftLogWorker:Storage Directory /workdir/hadoop-ozone/tools/target/test-dir/MiniOzoneClusterImpl-45489806-9620-4140-aff2-4615b0492468/datanode-3/data/ratis/06840672-7945-4914-90a0-b0db96473380 for RaftStorage:Storage Directory /workdir/hadoop-ozone/tools/target/test-dir/MiniOzoneClusterImpl-45489806-9620-4140-aff2-4615b0492468/datanode-3/data/ratis/06840672-7945-4914-90a0-b0db96473380
2019-09-19 05:38:52,955 [pool-71-thread-1] INFO  server.RaftServerConfigKeys (ConfUtils.java:logGet(43)) - raft.server.log.queue.byte-limit = 2147483647 (custom)
2019-09-19 05:38:52,957 [pool-60-thread-1] INFO  server.RaftServerConfigKeys (ConfUtils.java:logGet(43)) - raft.server.log.queue.byte-limit = 2147483647 (custom)
2019-09-19 05:38:52,957 [pool-27-thread-1] INFO  server.RaftServerConfigKeys (ConfUtils.java:logGet(43)) - raft.server.log.queue.byte-limit = 2147483647 (custom)
2019-09-19 05:38:52,957 [pool-49-thread-1] INFO  server.RaftServerConfigKeys (ConfUtils.java:logGet(43)) - raft.server.log.queue.byte-limit = 2147483647 (custom)
2019-09-19 05:38:52,955 [pool-38-thread-1] INFO  server.RaftServerConfigKeys (ConfUtils.java:logGet(43)) - raft.server.log.queue.byte-limit = 2147483647 (custom)
2019-09-19 05:38:52,959 [pool-49-thread-1] INFO  server.RaftServerConfigKeys (ConfUtils.java:logGet(43)) - raft.server.log.queue.element-limit = 1024 (custom)
2019-09-19 05:38:52,959 [pool-27-thread-1] INFO  server.RaftServerConfigKeys (ConfUtils.java:logGet(43)) - raft.server.log.queue.element-limit = 1024 (custom)
2019-09-19 05:38:52,959 [pool-71-thread-1] INFO  server.RaftServerConfigKeys (ConfUtils.java:logGet(43)) - raft.server.log.queue.element-limit = 1024 (custom)
2019-09-19 05:38:52,959 [pool-38-thread-1] INFO  server.RaftServerConfigKeys (ConfUtils.java:logGet(43)) - raft.server.log.queue.element-limit = 1024 (custom)
2019-09-19 05:38:52,959 [pool-60-thread-1] INFO  server.RaftServerConfigKeys (ConfUtils.java:logGet(43)) - raft.server.log.queue.element-limit = 1024 (custom)
2019-09-19 05:38:52,968 [pool-38-thread-1] INFO  server.RaftServerConfigKeys (ConfUtils.java:logGet(43)) - raft.server.log.segment.size.max = 1048576 (custom)
2019-09-19 05:38:52,968 [pool-71-thread-1] INFO  server.RaftServerConfigKeys (ConfUtils.java:logGet(43)) - raft.server.log.segment.size.max = 1048576 (custom)
2019-09-19 05:38:52,968 [pool-27-thread-1] INFO  server.RaftServerConfigKeys (ConfUtils.java:logGet(43)) - raft.server.log.segment.size.max = 1048576 (custom)
2019-09-19 05:38:52,968 [pool-60-thread-1] INFO  server.RaftServerConfigKeys (ConfUtils.java:logGet(43)) - raft.server.log.segment.size.max = 1048576 (custom)
2019-09-19 05:38:52,968 [pool-49-thread-1] INFO  server.RaftServerConfigKeys (ConfUtils.java:logGet(43)) - raft.server.log.segment.size.max = 1048576 (custom)
2019-09-19 05:38:52,969 [pool-60-thread-1] INFO  server.RaftServerConfigKeys (ConfUtils.java:logGet(43)) - raft.server.log.preallocated.size = 16384 (custom)
2019-09-19 05:38:52,969 [pool-71-thread-1] INFO  server.RaftServerConfigKeys (ConfUtils.java:logGet(43)) - raft.server.log.preallocated.size = 16384 (custom)
2019-09-19 05:38:52,969 [pool-27-thread-1] INFO  server.RaftServerConfigKeys (ConfUtils.java:logGet(43)) - raft.server.log.preallocated.size = 16384 (custom)
2019-09-19 05:38:52,969 [pool-38-thread-1] INFO  server.RaftServerConfigKeys (ConfUtils.java:logGet(43)) - raft.server.log.preallocated.size = 16384 (custom)
2019-09-19 05:38:52,969 [pool-49-thread-1] INFO  server.RaftServerConfigKeys (ConfUtils.java:logGet(43)) - raft.server.log.preallocated.size = 16384 (custom)
2019-09-19 05:38:52,970 [pool-71-thread-1] INFO  server.RaftServerConfigKeys (ConfUtils.java:logGet(43)) - raft.server.log.write.buffer.size = 33554432 (custom)
2019-09-19 05:38:52,970 [pool-60-thread-1] INFO  server.RaftServerConfigKeys (ConfUtils.java:logGet(43)) - raft.server.log.write.buffer.size = 33554432 (custom)
2019-09-19 05:38:52,970 [pool-38-thread-1] INFO  server.RaftServerConfigKeys (ConfUtils.java:logGet(43)) - raft.server.log.write.buffer.size = 33554432 (custom)
2019-09-19 05:38:52,970 [pool-27-thread-1] INFO  server.RaftServerConfigKeys (ConfUtils.java:logGet(43)) - raft.server.log.write.buffer.size = 33554432 (custom)
2019-09-19 05:38:52,970 [pool-49-thread-1] INFO  server.RaftServerConfigKeys (ConfUtils.java:logGet(43)) - raft.server.log.write.buffer.size = 33554432 (custom)
2019-09-19 05:38:52,970 [pool-27-thread-1] INFO  server.RaftServerConfigKeys (ConfUtils.java:logGet(43)) - raft.server.log.force.sync.num = 128 (default)
2019-09-19 05:38:52,970 [pool-71-thread-1] INFO  server.RaftServerConfigKeys (ConfUtils.java:logGet(43)) - raft.server.log.force.sync.num = 128 (default)
2019-09-19 05:38:52,971 [pool-60-thread-1] INFO  server.RaftServerConfigKeys (ConfUtils.java:logGet(43)) - raft.server.log.force.sync.num = 128 (default)
2019-09-19 05:38:52,971 [pool-49-thread-1] INFO  server.RaftServerConfigKeys (ConfUtils.java:logGet(43)) - raft.server.log.force.sync.num = 128 (default)
2019-09-19 05:38:52,971 [pool-38-thread-1] INFO  server.RaftServerConfigKeys (ConfUtils.java:logGet(43)) - raft.server.log.force.sync.num = 128 (default)
2019-09-19 05:38:52,972 [pool-38-thread-1] INFO  server.RaftServerConfigKeys (ConfUtils.java:logGet(43)) - raft.server.log.statemachine.data.sync = true (default)
2019-09-19 05:38:52,972 [pool-27-thread-1] INFO  server.RaftServerConfigKeys (ConfUtils.java:logGet(43)) - raft.server.log.statemachine.data.sync = true (default)
2019-09-19 05:38:52,972 [pool-71-thread-1] INFO  server.RaftServerConfigKeys (ConfUtils.java:logGet(43)) - raft.server.log.statemachine.data.sync = true (default)
2019-09-19 05:38:52,972 [pool-27-thread-1] INFO  server.RaftServerConfigKeys (ConfUtils.java:logGet(43)) - raft.server.log.statemachine.data.sync.timeout = 10s (default)
2019-09-19 05:38:52,972 [pool-38-thread-1] INFO  server.RaftServerConfigKeys (ConfUtils.java:logGet(43)) - raft.server.log.statemachine.data.sync.timeout = 10s (default)
2019-09-19 05:38:52,972 [pool-49-thread-1] INFO  server.RaftServerConfigKeys (ConfUtils.java:logGet(43)) - raft.server.log.statemachine.data.sync = true (default)
2019-09-19 05:38:52,972 [pool-60-thread-1] INFO  server.RaftServerConfigKeys (ConfUtils.java:logGet(43)) - raft.server.log.statemachine.data.sync = true (default)
2019-09-19 05:38:52,973 [pool-49-thread-1] INFO  server.RaftServerConfigKeys (ConfUtils.java:logGet(43)) - raft.server.log.statemachine.data.sync.timeout = 10s (default)
2019-09-19 05:38:52,972 [pool-71-thread-1] INFO  server.RaftServerConfigKeys (ConfUtils.java:logGet(43)) - raft.server.log.statemachine.data.sync.timeout = 10s (default)
2019-09-19 05:38:52,973 [pool-49-thread-1] INFO  server.RaftServerConfigKeys (ConfUtils.java:logGet(43)) - raft.server.log.statemachine.data.sync.timeout.retry = -1 (default)
2019-09-19 05:38:52,973 [pool-60-thread-1] INFO  server.RaftServerConfigKeys (ConfUtils.java:logGet(43)) - raft.server.log.statemachine.data.sync.timeout = 10s (default)
2019-09-19 05:38:52,973 [pool-27-thread-1] INFO  server.RaftServerConfigKeys (ConfUtils.java:logGet(43)) - raft.server.log.statemachine.data.sync.timeout.retry = -1 (default)
2019-09-19 05:38:52,973 [pool-38-thread-1] INFO  server.RaftServerConfigKeys (ConfUtils.java:logGet(43)) - raft.server.log.statemachine.data.sync.timeout.retry = -1 (default)
2019-09-19 05:38:52,974 [pool-60-thread-1] INFO  server.RaftServerConfigKeys (ConfUtils.java:logGet(43)) - raft.server.log.statemachine.data.sync.timeout.retry = -1 (default)
2019-09-19 05:38:52,973 [pool-71-thread-1] INFO  server.RaftServerConfigKeys (ConfUtils.java:logGet(43)) - raft.server.log.statemachine.data.sync.timeout.retry = -1 (default)
2019-09-19 05:38:52,989 [pool-60-thread-1] INFO  server.RaftServerConfigKeys (ConfUtils.java:logGet(43)) - raft.server.log.statemachine.data.caching.enabled = true (custom)
2019-09-19 05:38:52,989 [pool-49-thread-1] INFO  server.RaftServerConfigKeys (ConfUtils.java:logGet(43)) - raft.server.log.statemachine.data.caching.enabled = true (custom)
2019-09-19 05:38:52,989 [pool-27-thread-1] INFO  server.RaftServerConfigKeys (ConfUtils.java:logGet(43)) - raft.server.log.statemachine.data.caching.enabled = true (custom)
2019-09-19 05:38:52,989 [pool-71-thread-1] INFO  server.RaftServerConfigKeys (ConfUtils.java:logGet(43)) - raft.server.log.statemachine.data.caching.enabled = true (custom)
2019-09-19 05:38:52,989 [pool-38-thread-1] INFO  server.RaftServerConfigKeys (ConfUtils.java:logGet(43)) - raft.server.log.statemachine.data.caching.enabled = true (custom)
2019-09-19 05:38:52,999 [pool-38-thread-1] INFO  segmented.SegmentedRaftLogWorker (SegmentedRaftLogWorker.java:lambda$new$0(132)) - 142012b4-58f3-42c7-942d-1d383fc72593-SegmentedRaftLogWorker:Storage Directory /workdir/hadoop-ozone/tools/target/test-dir/MiniOzoneClusterImpl-45489806-9620-4140-aff2-4615b0492468/datanode-1/data/ratis/86d35962-d67c-4f23-81e1-e249b7348145: flushIndex: setUnconditionally 0 -> -1
2019-09-19 05:38:52,999 [pool-60-thread-1] INFO  segmented.SegmentedRaftLogWorker (SegmentedRaftLogWorker.java:lambda$new$0(132)) - 071d6781-1644-42da-9c9d-5bc609ee50f9-SegmentedRaftLogWorker:Storage Directory /workdir/hadoop-ozone/tools/target/test-dir/MiniOzoneClusterImpl-45489806-9620-4140-aff2-4615b0492468/datanode-3/data/ratis/06840672-7945-4914-90a0-b0db96473380: flushIndex: setUnconditionally 0 -> -1
2019-09-19 05:38:52,999 [pool-71-thread-1] INFO  segmented.SegmentedRaftLogWorker (SegmentedRaftLogWorker.java:lambda$new$0(132)) - c250e534-d056-4ea9-ab7f-7abc49507a59-SegmentedRaftLogWorker:Storage Directory /workdir/hadoop-ozone/tools/target/test-dir/MiniOzoneClusterImpl-45489806-9620-4140-aff2-4615b0492468/datanode-4/data/ratis/17abc75e-1462-4793-8d98-3333bd90c255: flushIndex: setUnconditionally 0 -> -1
2019-09-19 05:38:52,999 [pool-27-thread-1] INFO  segmented.SegmentedRaftLogWorker (SegmentedRaftLogWorker.java:lambda$new$0(132)) - 59f0521e-f2db-40e0-a265-2c416172e989-SegmentedRaftLogWorker:Storage Directory /workdir/hadoop-ozone/tools/target/test-dir/MiniOzoneClusterImpl-45489806-9620-4140-aff2-4615b0492468/datanode-0/data/ratis/f790581a-36c8-454a-8ef8-6ea9cd1f251b: flushIndex: setUnconditionally 0 -> -1
2019-09-19 05:38:52,999 [pool-49-thread-1] INFO  segmented.SegmentedRaftLogWorker (SegmentedRaftLogWorker.java:lambda$new$0(132)) - 0573540b-1b55-49b7-943a-2f8214ec5bc1-SegmentedRaftLogWorker:Storage Directory /workdir/hadoop-ozone/tools/target/test-dir/MiniOzoneClusterImpl-45489806-9620-4140-aff2-4615b0492468/datanode-2/data/ratis/796a5733-75a3-4313-ae58-d3bfb463dd20: flushIndex: setUnconditionally 0 -> -1
2019-09-19 05:38:53,004 [pool-38-thread-1] INFO  server.RaftServerConfigKeys (ConfUtils.java:logGet(43)) - raft.server.snapshot.auto.trigger.enabled = true (custom)
2019-09-19 05:38:53,004 [pool-27-thread-1] INFO  server.RaftServerConfigKeys (ConfUtils.java:logGet(43)) - raft.server.snapshot.auto.trigger.enabled = true (custom)
2019-09-19 05:38:53,004 [pool-71-thread-1] INFO  server.RaftServerConfigKeys (ConfUtils.java:logGet(43)) - raft.server.snapshot.auto.trigger.enabled = true (custom)
2019-09-19 05:38:53,004 [pool-49-thread-1] INFO  server.RaftServerConfigKeys (ConfUtils.java:logGet(43)) - raft.server.snapshot.auto.trigger.enabled = true (custom)
2019-09-19 05:38:53,004 [pool-60-thread-1] INFO  server.RaftServerConfigKeys (ConfUtils.java:logGet(43)) - raft.server.snapshot.auto.trigger.enabled = true (custom)
2019-09-19 05:38:53,006 [pool-38-thread-1] INFO  server.RaftServerConfigKeys (ConfUtils.java:logGet(43)) - raft.server.snapshot.auto.trigger.threshold = 10000 (custom)
2019-09-19 05:38:53,006 [pool-71-thread-1] INFO  server.RaftServerConfigKeys (ConfUtils.java:logGet(43)) - raft.server.snapshot.auto.trigger.threshold = 10000 (custom)
2019-09-19 05:38:53,006 [pool-27-thread-1] INFO  server.RaftServerConfigKeys (ConfUtils.java:logGet(43)) - raft.server.snapshot.auto.trigger.threshold = 10000 (custom)
2019-09-19 05:38:53,006 [pool-49-thread-1] INFO  server.RaftServerConfigKeys (ConfUtils.java:logGet(43)) - raft.server.snapshot.auto.trigger.threshold = 10000 (custom)
2019-09-19 05:38:53,007 [pool-27-thread-1] INFO  server.RaftServerConfigKeys (ConfUtils.java:logGet(43)) - raft.server.retrycache.expirytime = 600000ms (custom)
2019-09-19 05:38:53,007 [pool-71-thread-1] INFO  server.RaftServerConfigKeys (ConfUtils.java:logGet(43)) - raft.server.retrycache.expirytime = 600000ms (custom)
2019-09-19 05:38:53,006 [pool-60-thread-1] INFO  server.RaftServerConfigKeys (ConfUtils.java:logGet(43)) - raft.server.snapshot.auto.trigger.threshold = 10000 (custom)
2019-09-19 05:38:53,006 [pool-38-thread-1] INFO  server.RaftServerConfigKeys (ConfUtils.java:logGet(43)) - raft.server.retrycache.expirytime = 600000ms (custom)
2019-09-19 05:38:53,007 [pool-60-thread-1] INFO  server.RaftServerConfigKeys (ConfUtils.java:logGet(43)) - raft.server.retrycache.expirytime = 600000ms (custom)
2019-09-19 05:38:53,007 [pool-49-thread-1] INFO  server.RaftServerConfigKeys (ConfUtils.java:logGet(43)) - raft.server.retrycache.expirytime = 600000ms (custom)
2019-09-19 05:38:53,030 [pool-27-thread-1] INFO  impl.RaftServerImpl (RaftServerImpl.java:start(180)) - 59f0521e-f2db-40e0-a265-2c416172e989: start group-6EA9CD1F251B
2019-09-19 05:38:53,030 [pool-71-thread-1] INFO  impl.RaftServerImpl (RaftServerImpl.java:start(180)) - c250e534-d056-4ea9-ab7f-7abc49507a59: start group-3333BD90C255
2019-09-19 05:38:53,030 [pool-38-thread-1] INFO  impl.RaftServerImpl (RaftServerImpl.java:start(180)) - 142012b4-58f3-42c7-942d-1d383fc72593: start group-E249B7348145
2019-09-19 05:38:53,030 [pool-60-thread-1] INFO  impl.RaftServerImpl (RaftServerImpl.java:start(180)) - 071d6781-1644-42da-9c9d-5bc609ee50f9: start group-B0DB96473380
2019-09-19 05:38:53,030 [pool-49-thread-1] INFO  impl.RaftServerImpl (RaftServerImpl.java:start(180)) - 0573540b-1b55-49b7-943a-2f8214ec5bc1: start group-D3BFB463DD20
2019-09-19 05:38:53,032 [pool-27-thread-1] INFO  impl.RaftServerImpl (RaftServerImpl.java:setRole(171)) - 59f0521e-f2db-40e0-a265-2c416172e989:group-6EA9CD1F251B changes role from null to FOLLOWER at term 0 for startAsFollower
2019-09-19 05:38:53,032 [pool-71-thread-1] INFO  impl.RaftServerImpl (RaftServerImpl.java:setRole(171)) - c250e534-d056-4ea9-ab7f-7abc49507a59:group-3333BD90C255 changes role from null to FOLLOWER at term 0 for startAsFollower
2019-09-19 05:38:53,032 [pool-38-thread-1] INFO  impl.RaftServerImpl (RaftServerImpl.java:setRole(171)) - 142012b4-58f3-42c7-942d-1d383fc72593:group-E249B7348145 changes role from null to FOLLOWER at term 0 for startAsFollower
2019-09-19 05:38:53,032 [pool-60-thread-1] INFO  impl.RaftServerImpl (RaftServerImpl.java:setRole(171)) - 071d6781-1644-42da-9c9d-5bc609ee50f9:group-B0DB96473380 changes role from null to FOLLOWER at term 0 for startAsFollower
2019-09-19 05:38:53,032 [pool-49-thread-1] INFO  impl.RaftServerImpl (RaftServerImpl.java:setRole(171)) - 0573540b-1b55-49b7-943a-2f8214ec5bc1:group-D3BFB463DD20 changes role from null to FOLLOWER at term 0 for startAsFollower
2019-09-19 05:38:53,033 [pool-27-thread-1] INFO  impl.RoleInfo (RoleInfo.java:updateAndGet(143)) - 59f0521e-f2db-40e0-a265-2c416172e989: start FollowerState
2019-09-19 05:38:53,036 [pool-71-thread-1] INFO  impl.RoleInfo (RoleInfo.java:updateAndGet(143)) - c250e534-d056-4ea9-ab7f-7abc49507a59: start FollowerState
2019-09-19 05:38:53,033 [pool-38-thread-1] INFO  impl.RoleInfo (RoleInfo.java:updateAndGet(143)) - 142012b4-58f3-42c7-942d-1d383fc72593: start FollowerState
2019-09-19 05:38:53,033 [pool-49-thread-1] INFO  impl.RoleInfo (RoleInfo.java:updateAndGet(143)) - 0573540b-1b55-49b7-943a-2f8214ec5bc1: start FollowerState
2019-09-19 05:38:53,036 [pool-60-thread-1] INFO  impl.RoleInfo (RoleInfo.java:updateAndGet(143)) - 071d6781-1644-42da-9c9d-5bc609ee50f9: start FollowerState
2019-09-19 05:38:53,038 [pool-38-thread-1] INFO  util.JmxRegister (JmxRegister.java:tryRegister(44)) - Successfully registered JMX Bean with object name Ratis:service=RaftServer,group=group-E249B7348145,id=142012b4-58f3-42c7-942d-1d383fc72593
2019-09-19 05:38:53,038 [pool-71-thread-1] INFO  util.JmxRegister (JmxRegister.java:tryRegister(44)) - Successfully registered JMX Bean with object name Ratis:service=RaftServer,group=group-3333BD90C255,id=c250e534-d056-4ea9-ab7f-7abc49507a59
2019-09-19 05:38:53,039 [pool-27-thread-1] INFO  util.JmxRegister (JmxRegister.java:tryRegister(44)) - Successfully registered JMX Bean with object name Ratis:service=RaftServer,group=group-6EA9CD1F251B,id=59f0521e-f2db-40e0-a265-2c416172e989
2019-09-19 05:38:53,039 [pool-49-thread-1] INFO  util.JmxRegister (JmxRegister.java:tryRegister(44)) - Successfully registered JMX Bean with object name Ratis:service=RaftServer,group=group-D3BFB463DD20,id=0573540b-1b55-49b7-943a-2f8214ec5bc1
2019-09-19 05:38:53,039 [pool-60-thread-1] INFO  util.JmxRegister (JmxRegister.java:tryRegister(44)) - Successfully registered JMX Bean with object name Ratis:service=RaftServer,group=group-B0DB96473380,id=071d6781-1644-42da-9c9d-5bc609ee50f9
2019-09-19 05:38:53,117 [Command processor thread] INFO  commandhandler.CreatePipelineCommandHandler (CreatePipelineCommandHandler.java:handle(112)) - Create Pipeline RATIS ONE #PipelineID=f790581a-36c8-454a-8ef8-6ea9cd1f251b command succeed on datanode 59f0521e-f2db-40e0-a265-2c416172e989.
2019-09-19 05:38:53,117 [Command processor thread] INFO  commandhandler.CreatePipelineCommandHandler (CreatePipelineCommandHandler.java:handle(112)) - Create Pipeline RATIS ONE #PipelineID=17abc75e-1462-4793-8d98-3333bd90c255 command succeed on datanode c250e534-d056-4ea9-ab7f-7abc49507a59.
2019-09-19 05:38:53,117 [Command processor thread] INFO  commandhandler.CreatePipelineCommandHandler (CreatePipelineCommandHandler.java:handle(112)) - Create Pipeline RATIS ONE #PipelineID=86d35962-d67c-4f23-81e1-e249b7348145 command succeed on datanode 142012b4-58f3-42c7-942d-1d383fc72593.
2019-09-19 05:38:53,117 [Command processor thread] INFO  commandhandler.CreatePipelineCommandHandler (CreatePipelineCommandHandler.java:handle(112)) - Create Pipeline RATIS ONE #PipelineID=796a5733-75a3-4313-ae58-d3bfb463dd20 command succeed on datanode 0573540b-1b55-49b7-943a-2f8214ec5bc1.
2019-09-19 05:38:53,117 [Command processor thread] INFO  commandhandler.CreatePipelineCommandHandler (CreatePipelineCommandHandler.java:handle(112)) - Create Pipeline RATIS ONE #PipelineID=06840672-7945-4914-90a0-b0db96473380 command succeed on datanode 071d6781-1644-42da-9c9d-5bc609ee50f9.
2019-09-19 05:38:53,159 [grpc-default-executor-2] INFO  impl.RaftServerProxy (RaftServerProxy.java:addNew(89)) - 142012b4-58f3-42c7-942d-1d383fc72593: addNew group-5945D6ADDBA8:[142012b4-58f3-42c7-942d-1d383fc72593:192.168.34.50:35957, 0573540b-1b55-49b7-943a-2f8214ec5bc1:192.168.34.50:38514, 59f0521e-f2db-40e0-a265-2c416172e989:192.168.34.50:37624] returns group-5945D6ADDBA8:java.util.concurrent.CompletableFuture@59cf74df[Not completed]
2019-09-19 05:38:53,159 [grpc-default-executor-4] INFO  impl.RaftServerProxy (RaftServerProxy.java:addNew(89)) - 59f0521e-f2db-40e0-a265-2c416172e989: addNew group-5945D6ADDBA8:[142012b4-58f3-42c7-942d-1d383fc72593:192.168.34.50:35957, 0573540b-1b55-49b7-943a-2f8214ec5bc1:192.168.34.50:38514, 59f0521e-f2db-40e0-a265-2c416172e989:192.168.34.50:37624] returns group-5945D6ADDBA8:java.util.concurrent.CompletableFuture@15b0cafa[Not completed]
2019-09-19 05:38:53,159 [grpc-default-executor-3] INFO  impl.RaftServerProxy (RaftServerProxy.java:addNew(89)) - 0573540b-1b55-49b7-943a-2f8214ec5bc1: addNew group-5945D6ADDBA8:[142012b4-58f3-42c7-942d-1d383fc72593:192.168.34.50:35957, 0573540b-1b55-49b7-943a-2f8214ec5bc1:192.168.34.50:38514, 59f0521e-f2db-40e0-a265-2c416172e989:192.168.34.50:37624] returns group-5945D6ADDBA8:java.util.concurrent.CompletableFuture@5d0c6934[Not completed]
2019-09-19 05:38:53,161 [pool-38-thread-1] INFO  impl.RaftServerImpl (RaftServerImpl.java:<init>(93)) - 142012b4-58f3-42c7-942d-1d383fc72593: new RaftServerImpl for group-5945D6ADDBA8:[142012b4-58f3-42c7-942d-1d383fc72593:192.168.34.50:35957, 0573540b-1b55-49b7-943a-2f8214ec5bc1:192.168.34.50:38514, 59f0521e-f2db-40e0-a265-2c416172e989:192.168.34.50:37624] with ContainerStateMachine:uninitialized
2019-09-19 05:38:53,161 [pool-38-thread-1] INFO  server.RaftServerConfigKeys (ConfUtils.java:logGet(43)) - raft.server.rpc.timeout.min = 5s (custom)
2019-09-19 05:38:53,161 [pool-38-thread-1] INFO  server.RaftServerConfigKeys (ConfUtils.java:logGet(43)) - raft.server.rpc.timeout.max = 5200ms (custom)
2019-09-19 05:38:53,161 [pool-38-thread-1] INFO  server.RaftServerConfigKeys (ConfUtils.java:logGet(43)) - raft.server.rpcslowness.timeout = 120s (custom)
2019-09-19 05:38:53,161 [pool-38-thread-1] INFO  server.RaftServerConfigKeys (ConfUtils.java:logGet(43)) - raft.server.sleep.deviation.threshold = 300 (default)
2019-09-19 05:38:53,161 [pool-38-thread-1] INFO  server.RaftServerConfigKeys (ConfUtils.java:logGet(43)) - raft.server.log.appender.install.snapshot.enabled = false (custom)
2019-09-19 05:38:53,162 [pool-38-thread-1] INFO  impl.RaftServerImpl (ServerState.java:<init>(105)) - 142012b4-58f3-42c7-942d-1d383fc72593:group-5945D6ADDBA8 ConfigurationManager, init=-1: [142012b4-58f3-42c7-942d-1d383fc72593:192.168.34.50:35957, 0573540b-1b55-49b7-943a-2f8214ec5bc1:192.168.34.50:38514, 59f0521e-f2db-40e0-a265-2c416172e989:192.168.34.50:37624], old=null, confs=<EMPTY_MAP>
2019-09-19 05:38:53,162 [pool-38-thread-1] INFO  server.RaftServerConfigKeys (ConfUtils.java:logGet(43)) - raft.server.storage.dir = [/workdir/hadoop-ozone/tools/target/test-dir/MiniOzoneClusterImpl-45489806-9620-4140-aff2-4615b0492468/datanode-1/data/ratis] (custom)
2019-09-19 05:38:53,162 [pool-27-thread-1] INFO  impl.RaftServerImpl (RaftServerImpl.java:<init>(93)) - 59f0521e-f2db-40e0-a265-2c416172e989: new RaftServerImpl for group-5945D6ADDBA8:[142012b4-58f3-42c7-942d-1d383fc72593:192.168.34.50:35957, 0573540b-1b55-49b7-943a-2f8214ec5bc1:192.168.34.50:38514, 59f0521e-f2db-40e0-a265-2c416172e989:192.168.34.50:37624] with ContainerStateMachine:uninitialized
2019-09-19 05:38:53,162 [pool-38-thread-1] INFO  storage.RaftStorageDirectory (RaftStorageDirectory.java:analyzeStorage(246)) - The storage directory /workdir/hadoop-ozone/tools/target/test-dir/MiniOzoneClusterImpl-45489806-9620-4140-aff2-4615b0492468/datanode-1/data/ratis/70f15167-ed73-4a26-b8d4-5945d6addba8 does not exist. Creating ...
2019-09-19 05:38:53,162 [pool-27-thread-1] INFO  server.RaftServerConfigKeys (ConfUtils.java:logGet(43)) - raft.server.rpc.timeout.min = 5s (custom)
2019-09-19 05:38:53,163 [pool-27-thread-1] INFO  server.RaftServerConfigKeys (ConfUtils.java:logGet(43)) - raft.server.rpc.timeout.max = 5200ms (custom)
2019-09-19 05:38:53,163 [pool-49-thread-1] INFO  impl.RaftServerImpl (RaftServerImpl.java:<init>(93)) - 0573540b-1b55-49b7-943a-2f8214ec5bc1: new RaftServerImpl for group-5945D6ADDBA8:[142012b4-58f3-42c7-942d-1d383fc72593:192.168.34.50:35957, 0573540b-1b55-49b7-943a-2f8214ec5bc1:192.168.34.50:38514, 59f0521e-f2db-40e0-a265-2c416172e989:192.168.34.50:37624] with ContainerStateMachine:uninitialized
2019-09-19 05:38:53,163 [pool-27-thread-1] INFO  server.RaftServerConfigKeys (ConfUtils.java:logGet(43)) - raft.server.rpcslowness.timeout = 120s (custom)
2019-09-19 05:38:53,163 [pool-49-thread-1] INFO  server.RaftServerConfigKeys (ConfUtils.java:logGet(43)) - raft.server.rpc.timeout.min = 5s (custom)
2019-09-19 05:38:53,163 [pool-27-thread-1] INFO  server.RaftServerConfigKeys (ConfUtils.java:logGet(43)) - raft.server.sleep.deviation.threshold = 300 (default)
2019-09-19 05:38:53,163 [pool-49-thread-1] INFO  server.RaftServerConfigKeys (ConfUtils.java:logGet(43)) - raft.server.rpc.timeout.max = 5200ms (custom)
2019-09-19 05:38:53,163 [pool-27-thread-1] INFO  server.RaftServerConfigKeys (ConfUtils.java:logGet(43)) - raft.server.log.appender.install.snapshot.enabled = false (custom)
2019-09-19 05:38:53,163 [pool-49-thread-1] INFO  server.RaftServerConfigKeys (ConfUtils.java:logGet(43)) - raft.server.rpcslowness.timeout = 120s (custom)
2019-09-19 05:38:53,163 [pool-27-thread-1] INFO  impl.RaftServerImpl (ServerState.java:<init>(105)) - 59f0521e-f2db-40e0-a265-2c416172e989:group-5945D6ADDBA8 ConfigurationManager, init=-1: [142012b4-58f3-42c7-942d-1d383fc72593:192.168.34.50:35957, 0573540b-1b55-49b7-943a-2f8214ec5bc1:192.168.34.50:38514, 59f0521e-f2db-40e0-a265-2c416172e989:192.168.34.50:37624], old=null, confs=<EMPTY_MAP>
2019-09-19 05:38:53,164 [pool-49-thread-1] INFO  server.RaftServerConfigKeys (ConfUtils.java:logGet(43)) - raft.server.sleep.deviation.threshold = 300 (default)
2019-09-19 05:38:53,164 [pool-49-thread-1] INFO  server.RaftServerConfigKeys (ConfUtils.java:logGet(43)) - raft.server.log.appender.install.snapshot.enabled = false (custom)
2019-09-19 05:38:53,164 [pool-27-thread-1] INFO  server.RaftServerConfigKeys (ConfUtils.java:logGet(43)) - raft.server.storage.dir = [/workdir/hadoop-ozone/tools/target/test-dir/MiniOzoneClusterImpl-45489806-9620-4140-aff2-4615b0492468/datanode-0/data/ratis] (custom)
2019-09-19 05:38:53,164 [pool-49-thread-1] INFO  impl.RaftServerImpl (ServerState.java:<init>(105)) - 0573540b-1b55-49b7-943a-2f8214ec5bc1:group-5945D6ADDBA8 ConfigurationManager, init=-1: [142012b4-58f3-42c7-942d-1d383fc72593:192.168.34.50:35957, 0573540b-1b55-49b7-943a-2f8214ec5bc1:192.168.34.50:38514, 59f0521e-f2db-40e0-a265-2c416172e989:192.168.34.50:37624], old=null, confs=<EMPTY_MAP>
2019-09-19 05:38:53,164 [pool-49-thread-1] INFO  server.RaftServerConfigKeys (ConfUtils.java:logGet(43)) - raft.server.storage.dir = [/workdir/hadoop-ozone/tools/target/test-dir/MiniOzoneClusterImpl-45489806-9620-4140-aff2-4615b0492468/datanode-2/data/ratis] (custom)
2019-09-19 05:38:53,164 [pool-27-thread-1] INFO  storage.RaftStorageDirectory (RaftStorageDirectory.java:analyzeStorage(246)) - The storage directory /workdir/hadoop-ozone/tools/target/test-dir/MiniOzoneClusterImpl-45489806-9620-4140-aff2-4615b0492468/datanode-0/data/ratis/70f15167-ed73-4a26-b8d4-5945d6addba8 does not exist. Creating ...
2019-09-19 05:38:53,164 [pool-49-thread-1] INFO  storage.RaftStorageDirectory (RaftStorageDirectory.java:analyzeStorage(246)) - The storage directory /workdir/hadoop-ozone/tools/target/test-dir/MiniOzoneClusterImpl-45489806-9620-4140-aff2-4615b0492468/datanode-2/data/ratis/70f15167-ed73-4a26-b8d4-5945d6addba8 does not exist. Creating ...
2019-09-19 05:38:53,231 [pool-27-thread-1] INFO  storage.RaftStorageDirectory (RaftStorageDirectory.java:tryLock(328)) - Lock on /workdir/hadoop-ozone/tools/target/test-dir/MiniOzoneClusterImpl-45489806-9620-4140-aff2-4615b0492468/datanode-0/data/ratis/70f15167-ed73-4a26-b8d4-5945d6addba8/in_use.lock acquired by nodename 14407@pr-hdds-2034-srnhl-2452957315
2019-09-19 05:38:53,231 [pool-49-thread-1] INFO  storage.RaftStorageDirectory (RaftStorageDirectory.java:tryLock(328)) - Lock on /workdir/hadoop-ozone/tools/target/test-dir/MiniOzoneClusterImpl-45489806-9620-4140-aff2-4615b0492468/datanode-2/data/ratis/70f15167-ed73-4a26-b8d4-5945d6addba8/in_use.lock acquired by nodename 14407@pr-hdds-2034-srnhl-2452957315
2019-09-19 05:38:53,231 [pool-38-thread-1] INFO  storage.RaftStorageDirectory (RaftStorageDirectory.java:tryLock(328)) - Lock on /workdir/hadoop-ozone/tools/target/test-dir/MiniOzoneClusterImpl-45489806-9620-4140-aff2-4615b0492468/datanode-1/data/ratis/70f15167-ed73-4a26-b8d4-5945d6addba8/in_use.lock acquired by nodename 14407@pr-hdds-2034-srnhl-2452957315
2019-09-19 05:38:53,261 [pool-27-thread-1] INFO  storage.RaftStorage (RaftStorage.java:format(72)) - Storage directory /workdir/hadoop-ozone/tools/target/test-dir/MiniOzoneClusterImpl-45489806-9620-4140-aff2-4615b0492468/datanode-0/data/ratis/70f15167-ed73-4a26-b8d4-5945d6addba8 has been successfully formatted.
2019-09-19 05:38:53,261 [pool-38-thread-1] INFO  storage.RaftStorage (RaftStorage.java:format(72)) - Storage directory /workdir/hadoop-ozone/tools/target/test-dir/MiniOzoneClusterImpl-45489806-9620-4140-aff2-4615b0492468/datanode-1/data/ratis/70f15167-ed73-4a26-b8d4-5945d6addba8 has been successfully formatted.
2019-09-19 05:38:53,261 [pool-49-thread-1] INFO  storage.RaftStorage (RaftStorage.java:format(72)) - Storage directory /workdir/hadoop-ozone/tools/target/test-dir/MiniOzoneClusterImpl-45489806-9620-4140-aff2-4615b0492468/datanode-2/data/ratis/70f15167-ed73-4a26-b8d4-5945d6addba8 has been successfully formatted.
2019-09-19 05:38:53,262 [pool-27-thread-1] INFO  ratis.ContainerStateMachine (ContainerStateMachine.java:loadSnapshot(226)) - group-5945D6ADDBA8: The snapshot info is null. Setting the last applied indexto:(t:0, i:~)
2019-09-19 05:38:53,262 [pool-38-thread-1] INFO  ratis.ContainerStateMachine (ContainerStateMachine.java:loadSnapshot(226)) - group-5945D6ADDBA8: The snapshot info is null. Setting the last applied indexto:(t:0, i:~)
2019-09-19 05:38:53,262 [pool-27-thread-1] INFO  server.RaftServerConfigKeys (ConfUtils.java:logGet(43)) - raft.server.leader.election.timeout = 120s (custom)
2019-09-19 05:38:53,262 [pool-49-thread-1] INFO  ratis.ContainerStateMachine (ContainerStateMachine.java:loadSnapshot(226)) - group-5945D6ADDBA8: The snapshot info is null. Setting the last applied indexto:(t:0, i:~)
2019-09-19 05:38:53,262 [pool-27-thread-1] INFO  server.RaftServerConfigKeys (ConfUtils.java:logGet(43)) - raft.server.log.use.memory = false (default)
2019-09-19 05:38:53,262 [pool-38-thread-1] INFO  server.RaftServerConfigKeys (ConfUtils.java:logGet(43)) - raft.server.leader.election.timeout = 120s (custom)
2019-09-19 05:38:53,263 [pool-27-thread-1] INFO  server.RaftServerConfigKeys (ConfUtils.java:logGet(43)) - raft.server.log.purge.gap = 1000000 (custom)
2019-09-19 05:38:53,263 [pool-49-thread-1] INFO  server.RaftServerConfigKeys (ConfUtils.java:logGet(43)) - raft.server.leader.election.timeout = 120s (custom)
2019-09-19 05:38:53,263 [pool-27-thread-1] INFO  server.RaftServerConfigKeys (ConfUtils.java:logGet(43)) - raft.server.log.appender.buffer.byte-limit = 33554432 (custom)
2019-09-19 05:38:53,263 [pool-38-thread-1] INFO  server.RaftServerConfigKeys (ConfUtils.java:logGet(43)) - raft.server.log.use.memory = false (default)
2019-09-19 05:38:53,263 [pool-27-thread-1] INFO  server.RaftServerConfigKeys (ConfUtils.java:logGet(43)) - raft.server.log.segment.size.max = 1048576 (custom)
2019-09-19 05:38:53,263 [pool-49-thread-1] INFO  server.RaftServerConfigKeys (ConfUtils.java:logGet(43)) - raft.server.log.use.memory = false (default)
2019-09-19 05:38:53,264 [pool-27-thread-1] INFO  server.RaftServerConfigKeys (ConfUtils.java:logGet(43)) - raft.server.log.segment.cache.num.max = 2 (custom)
2019-09-19 05:38:53,264 [pool-38-thread-1] INFO  server.RaftServerConfigKeys (ConfUtils.java:logGet(43)) - raft.server.log.purge.gap = 1000000 (custom)
2019-09-19 05:38:53,264 [pool-27-thread-1] INFO  segmented.SegmentedRaftLogWorker (SegmentedRaftLogWorker.java:<init>(172)) - new 59f0521e-f2db-40e0-a265-2c416172e989-SegmentedRaftLogWorker:Storage Directory /workdir/hadoop-ozone/tools/target/test-dir/MiniOzoneClusterImpl-45489806-9620-4140-aff2-4615b0492468/datanode-0/data/ratis/70f15167-ed73-4a26-b8d4-5945d6addba8 for RaftStorage:Storage Directory /workdir/hadoop-ozone/tools/target/test-dir/MiniOzoneClusterImpl-45489806-9620-4140-aff2-4615b0492468/datanode-0/data/ratis/70f15167-ed73-4a26-b8d4-5945d6addba8
2019-09-19 05:38:53,264 [pool-49-thread-1] INFO  server.RaftServerConfigKeys (ConfUtils.java:logGet(43)) - raft.server.log.purge.gap = 1000000 (custom)
2019-09-19 05:38:53,264 [pool-27-thread-1] INFO  server.RaftServerConfigKeys (ConfUtils.java:logGet(43)) - raft.server.log.queue.byte-limit = 2147483647 (custom)
2019-09-19 05:38:53,264 [pool-38-thread-1] INFO  server.RaftServerConfigKeys (ConfUtils.java:logGet(43)) - raft.server.log.appender.buffer.byte-limit = 33554432 (custom)
2019-09-19 05:38:53,267 [pool-27-thread-1] INFO  server.RaftServerConfigKeys (ConfUtils.java:logGet(43)) - raft.server.log.queue.element-limit = 1024 (custom)
2019-09-19 05:38:53,264 [pool-49-thread-1] INFO  server.RaftServerConfigKeys (ConfUtils.java:logGet(43)) - raft.server.log.appender.buffer.byte-limit = 33554432 (custom)
2019-09-19 05:38:53,267 [pool-27-thread-1] INFO  server.RaftServerConfigKeys (ConfUtils.java:logGet(43)) - raft.server.log.segment.size.max = 1048576 (custom)
2019-09-19 05:38:53,267 [pool-38-thread-1] INFO  server.RaftServerConfigKeys (ConfUtils.java:logGet(43)) - raft.server.log.segment.size.max = 1048576 (custom)
2019-09-19 05:38:53,267 [pool-27-thread-1] INFO  server.RaftServerConfigKeys (ConfUtils.java:logGet(43)) - raft.server.log.preallocated.size = 16384 (custom)
2019-09-19 05:38:53,267 [pool-49-thread-1] INFO  server.RaftServerConfigKeys (ConfUtils.java:logGet(43)) - raft.server.log.segment.size.max = 1048576 (custom)
2019-09-19 05:38:53,268 [pool-27-thread-1] INFO  server.RaftServerConfigKeys (ConfUtils.java:logGet(43)) - raft.server.log.write.buffer.size = 33554432 (custom)
2019-09-19 05:38:53,267 [pool-38-thread-1] INFO  server.RaftServerConfigKeys (ConfUtils.java:logGet(43)) - raft.server.log.segment.cache.num.max = 2 (custom)
2019-09-19 05:38:53,268 [pool-27-thread-1] INFO  server.RaftServerConfigKeys (ConfUtils.java:logGet(43)) - raft.server.log.force.sync.num = 128 (default)
2019-09-19 05:38:53,268 [pool-49-thread-1] INFO  server.RaftServerConfigKeys (ConfUtils.java:logGet(43)) - raft.server.log.segment.cache.num.max = 2 (custom)
2019-09-19 05:38:53,268 [pool-27-thread-1] INFO  server.RaftServerConfigKeys (ConfUtils.java:logGet(43)) - raft.server.log.statemachine.data.sync = true (default)
2019-09-19 05:38:53,268 [pool-38-thread-1] INFO  segmented.SegmentedRaftLogWorker (SegmentedRaftLogWorker.java:<init>(172)) - new 142012b4-58f3-42c7-942d-1d383fc72593-SegmentedRaftLogWorker:Storage Directory /workdir/hadoop-ozone/tools/target/test-dir/MiniOzoneClusterImpl-45489806-9620-4140-aff2-4615b0492468/datanode-1/data/ratis/70f15167-ed73-4a26-b8d4-5945d6addba8 for RaftStorage:Storage Directory /workdir/hadoop-ozone/tools/target/test-dir/MiniOzoneClusterImpl-45489806-9620-4140-aff2-4615b0492468/datanode-1/data/ratis/70f15167-ed73-4a26-b8d4-5945d6addba8
2019-09-19 05:38:53,268 [pool-27-thread-1] INFO  server.RaftServerConfigKeys (ConfUtils.java:logGet(43)) - raft.server.log.statemachine.data.sync.timeout = 10s (default)
2019-09-19 05:38:53,268 [pool-49-thread-1] INFO  segmented.SegmentedRaftLogWorker (SegmentedRaftLogWorker.java:<init>(172)) - new 0573540b-1b55-49b7-943a-2f8214ec5bc1-SegmentedRaftLogWorker:Storage Directory /workdir/hadoop-ozone/tools/target/test-dir/MiniOzoneClusterImpl-45489806-9620-4140-aff2-4615b0492468/datanode-2/data/ratis/70f15167-ed73-4a26-b8d4-5945d6addba8 for RaftStorage:Storage Directory /workdir/hadoop-ozone/tools/target/test-dir/MiniOzoneClusterImpl-45489806-9620-4140-aff2-4615b0492468/datanode-2/data/ratis/70f15167-ed73-4a26-b8d4-5945d6addba8
2019-09-19 05:38:53,269 [pool-27-thread-1] INFO  server.RaftServerConfigKeys (ConfUtils.java:logGet(43)) - raft.server.log.statemachine.data.sync.timeout.retry = -1 (default)
2019-09-19 05:38:53,269 [pool-38-thread-1] INFO  server.RaftServerConfigKeys (ConfUtils.java:logGet(43)) - raft.server.log.queue.byte-limit = 2147483647 (custom)
2019-09-19 05:38:53,272 [pool-27-thread-1] INFO  server.RaftServerConfigKeys (ConfUtils.java:logGet(43)) - raft.server.log.statemachine.data.caching.enabled = true (custom)
2019-09-19 05:38:53,270 [pool-49-thread-1] INFO  server.RaftServerConfigKeys (ConfUtils.java:logGet(43)) - raft.server.log.queue.byte-limit = 2147483647 (custom)
2019-09-19 05:38:53,272 [pool-38-thread-1] INFO  server.RaftServerConfigKeys (ConfUtils.java:logGet(43)) - raft.server.log.queue.element-limit = 1024 (custom)
2019-09-19 05:38:53,272 [pool-27-thread-1] INFO  segmented.SegmentedRaftLogWorker (SegmentedRaftLogWorker.java:lambda$new$0(132)) - 59f0521e-f2db-40e0-a265-2c416172e989-SegmentedRaftLogWorker:Storage Directory /workdir/hadoop-ozone/tools/target/test-dir/MiniOzoneClusterImpl-45489806-9620-4140-aff2-4615b0492468/datanode-0/data/ratis/70f15167-ed73-4a26-b8d4-5945d6addba8: flushIndex: setUnconditionally 0 -> -1
2019-09-19 05:38:53,272 [pool-49-thread-1] INFO  server.RaftServerConfigKeys (ConfUtils.java:logGet(43)) - raft.server.log.queue.element-limit = 1024 (custom)
2019-09-19 05:38:53,272 [pool-38-thread-1] INFO  server.RaftServerConfigKeys (ConfUtils.java:logGet(43)) - raft.server.log.segment.size.max = 1048576 (custom)
2019-09-19 05:38:53,273 [pool-27-thread-1] INFO  server.RaftServerConfigKeys (ConfUtils.java:logGet(43)) - raft.server.snapshot.auto.trigger.enabled = true (custom)
2019-09-19 05:38:53,273 [pool-49-thread-1] INFO  server.RaftServerConfigKeys (ConfUtils.java:logGet(43)) - raft.server.log.segment.size.max = 1048576 (custom)
2019-09-19 05:38:53,273 [pool-27-thread-1] INFO  server.RaftServerConfigKeys (ConfUtils.java:logGet(43)) - raft.server.snapshot.auto.trigger.threshold = 10000 (custom)
2019-09-19 05:38:53,273 [pool-38-thread-1] INFO  server.RaftServerConfigKeys (ConfUtils.java:logGet(43)) - raft.server.log.preallocated.size = 16384 (custom)
2019-09-19 05:38:53,273 [pool-27-thread-1] INFO  server.RaftServerConfigKeys (ConfUtils.java:logGet(43)) - raft.server.retrycache.expirytime = 600000ms (custom)
2019-09-19 05:38:53,273 [pool-49-thread-1] INFO  server.RaftServerConfigKeys (ConfUtils.java:logGet(43)) - raft.server.log.preallocated.size = 16384 (custom)
2019-09-19 05:38:53,273 [pool-38-thread-1] INFO  server.RaftServerConfigKeys (ConfUtils.java:logGet(43)) - raft.server.log.write.buffer.size = 33554432 (custom)
2019-09-19 05:38:53,274 [pool-27-thread-1] INFO  impl.RaftServerImpl (RaftServerImpl.java:start(180)) - 59f0521e-f2db-40e0-a265-2c416172e989: start group-5945D6ADDBA8
2019-09-19 05:38:53,274 [pool-49-thread-1] INFO  server.RaftServerConfigKeys (ConfUtils.java:logGet(43)) - raft.server.log.write.buffer.size = 33554432 (custom)
2019-09-19 05:38:53,274 [pool-27-thread-1] INFO  impl.RaftServerImpl (RaftServerImpl.java:setRole(171)) - 59f0521e-f2db-40e0-a265-2c416172e989:group-5945D6ADDBA8 changes role from null to FOLLOWER at term 0 for startAsFollower
2019-09-19 05:38:53,274 [pool-38-thread-1] INFO  server.RaftServerConfigKeys (ConfUtils.java:logGet(43)) - raft.server.log.force.sync.num = 128 (default)
2019-09-19 05:38:53,274 [pool-27-thread-1] INFO  impl.RoleInfo (RoleInfo.java:updateAndGet(143)) - 59f0521e-f2db-40e0-a265-2c416172e989: start FollowerState
2019-09-19 05:38:53,274 [pool-49-thread-1] INFO  server.RaftServerConfigKeys (ConfUtils.java:logGet(43)) - raft.server.log.force.sync.num = 128 (default)
2019-09-19 05:38:53,274 [pool-38-thread-1] INFO  server.RaftServerConfigKeys (ConfUtils.java:logGet(43)) - raft.server.log.statemachine.data.sync = true (default)
2019-09-19 05:38:53,275 [pool-49-thread-1] INFO  server.RaftServerConfigKeys (ConfUtils.java:logGet(43)) - raft.server.log.statemachine.data.sync = true (default)
2019-09-19 05:38:53,275 [pool-27-thread-1] INFO  util.JmxRegister (JmxRegister.java:tryRegister(44)) - Successfully registered JMX Bean with object name Ratis:service=RaftServer,group=group-5945D6ADDBA8,id=59f0521e-f2db-40e0-a265-2c416172e989
2019-09-19 05:38:53,275 [pool-49-thread-1] INFO  server.RaftServerConfigKeys (ConfUtils.java:logGet(43)) - raft.server.log.statemachine.data.sync.timeout = 10s (default)
2019-09-19 05:38:53,275 [pool-38-thread-1] INFO  server.RaftServerConfigKeys (ConfUtils.java:logGet(43)) - raft.server.log.statemachine.data.sync.timeout = 10s (default)
2019-09-19 05:38:53,275 [pool-49-thread-1] INFO  server.RaftServerConfigKeys (ConfUtils.java:logGet(43)) - raft.server.log.statemachine.data.sync.timeout.retry = -1 (default)
2019-09-19 05:38:53,275 [pool-38-thread-1] INFO  server.RaftServerConfigKeys (ConfUtils.java:logGet(43)) - raft.server.log.statemachine.data.sync.timeout.retry = -1 (default)
2019-09-19 05:38:53,276 [pool-49-thread-1] INFO  server.RaftServerConfigKeys (ConfUtils.java:logGet(43)) - raft.server.log.statemachine.data.caching.enabled = true (custom)
2019-09-19 05:38:53,276 [pool-38-thread-1] INFO  server.RaftServerConfigKeys (ConfUtils.java:logGet(43)) - raft.server.log.statemachine.data.caching.enabled = true (custom)
2019-09-19 05:38:53,276 [pool-49-thread-1] INFO  segmented.SegmentedRaftLogWorker (SegmentedRaftLogWorker.java:lambda$new$0(132)) - 0573540b-1b55-49b7-943a-2f8214ec5bc1-SegmentedRaftLogWorker:Storage Directory /workdir/hadoop-ozone/tools/target/test-dir/MiniOzoneClusterImpl-45489806-9620-4140-aff2-4615b0492468/datanode-2/data/ratis/70f15167-ed73-4a26-b8d4-5945d6addba8: flushIndex: setUnconditionally 0 -> -1
2019-09-19 05:38:53,276 [pool-38-thread-1] INFO  segmented.SegmentedRaftLogWorker (SegmentedRaftLogWorker.java:lambda$new$0(132)) - 142012b4-58f3-42c7-942d-1d383fc72593-SegmentedRaftLogWorker:Storage Directory /workdir/hadoop-ozone/tools/target/test-dir/MiniOzoneClusterImpl-45489806-9620-4140-aff2-4615b0492468/datanode-1/data/ratis/70f15167-ed73-4a26-b8d4-5945d6addba8: flushIndex: setUnconditionally 0 -> -1
2019-09-19 05:38:53,277 [pool-49-thread-1] INFO  server.RaftServerConfigKeys (ConfUtils.java:logGet(43)) - raft.server.snapshot.auto.trigger.enabled = true (custom)
2019-09-19 05:38:53,277 [pool-38-thread-1] INFO  server.RaftServerConfigKeys (ConfUtils.java:logGet(43)) - raft.server.snapshot.auto.trigger.enabled = true (custom)
2019-09-19 05:38:53,277 [pool-49-thread-1] INFO  server.RaftServerConfigKeys (ConfUtils.java:logGet(43)) - raft.server.snapshot.auto.trigger.threshold = 10000 (custom)
2019-09-19 05:38:53,277 [pool-38-thread-1] INFO  server.RaftServerConfigKeys (ConfUtils.java:logGet(43)) - raft.server.snapshot.auto.trigger.threshold = 10000 (custom)
2019-09-19 05:38:53,277 [pool-49-thread-1] INFO  server.RaftServerConfigKeys (ConfUtils.java:logGet(43)) - raft.server.retrycache.expirytime = 600000ms (custom)
2019-09-19 05:38:53,277 [pool-38-thread-1] INFO  server.RaftServerConfigKeys (ConfUtils.java:logGet(43)) - raft.server.retrycache.expirytime = 600000ms (custom)
2019-09-19 05:38:53,277 [pool-49-thread-1] INFO  impl.RaftServerImpl (RaftServerImpl.java:start(180)) - 0573540b-1b55-49b7-943a-2f8214ec5bc1: start group-5945D6ADDBA8
2019-09-19 05:38:53,277 [pool-38-thread-1] INFO  impl.RaftServerImpl (RaftServerImpl.java:start(180)) - 142012b4-58f3-42c7-942d-1d383fc72593: start group-5945D6ADDBA8
2019-09-19 05:38:53,278 [pool-38-thread-1] INFO  impl.RaftServerImpl (RaftServerImpl.java:setRole(171)) - 142012b4-58f3-42c7-942d-1d383fc72593:group-5945D6ADDBA8 changes role from null to FOLLOWER at term 0 for startAsFollower
2019-09-19 05:38:53,277 [pool-49-thread-1] INFO  impl.RaftServerImpl (RaftServerImpl.java:setRole(171)) - 0573540b-1b55-49b7-943a-2f8214ec5bc1:group-5945D6ADDBA8 changes role from null to FOLLOWER at term 0 for startAsFollower
2019-09-19 05:38:53,278 [pool-38-thread-1] INFO  impl.RoleInfo (RoleInfo.java:updateAndGet(143)) - 142012b4-58f3-42c7-942d-1d383fc72593: start FollowerState
2019-09-19 05:38:53,278 [pool-49-thread-1] INFO  impl.RoleInfo (RoleInfo.java:updateAndGet(143)) - 0573540b-1b55-49b7-943a-2f8214ec5bc1: start FollowerState
2019-09-19 05:38:53,280 [pool-38-thread-1] INFO  util.JmxRegister (JmxRegister.java:tryRegister(44)) - Successfully registered JMX Bean with object name Ratis:service=RaftServer,group=group-5945D6ADDBA8,id=142012b4-58f3-42c7-942d-1d383fc72593
2019-09-19 05:38:53,280 [pool-49-thread-1] INFO  util.JmxRegister (JmxRegister.java:tryRegister(44)) - Successfully registered JMX Bean with object name Ratis:service=RaftServer,group=group-5945D6ADDBA8,id=0573540b-1b55-49b7-943a-2f8214ec5bc1
2019-09-19 05:38:53,284 [Command processor thread] INFO  commandhandler.CreatePipelineCommandHandler (CreatePipelineCommandHandler.java:handle(112)) - Create Pipeline RATIS THREE #PipelineID=70f15167-ed73-4a26-b8d4-5945d6addba8 command succeed on datanode 59f0521e-f2db-40e0-a265-2c416172e989.
2019-09-19 05:38:53,297 [Command processor thread] INFO  commandhandler.CreatePipelineCommandHandler (CreatePipelineCommandHandler.java:handle(112)) - Create Pipeline RATIS THREE #PipelineID=70f15167-ed73-4a26-b8d4-5945d6addba8 command succeed on datanode 0573540b-1b55-49b7-943a-2f8214ec5bc1.
2019-09-19 05:38:53,301 [Command processor thread] INFO  commandhandler.CreatePipelineCommandHandler (CreatePipelineCommandHandler.java:handle(112)) - Create Pipeline RATIS THREE #PipelineID=70f15167-ed73-4a26-b8d4-5945d6addba8 command succeed on datanode 142012b4-58f3-42c7-942d-1d383fc72593.
2019-09-19 05:38:53,382 | INFO  | SCMAudit | user=jenkins1000 | ip=192.168.34.50 | op=SEND_HEARTBEAT {datanodeUUID=0573540b-1b55-49b7-943a-2f8214ec5bc1, command=[]} | ret=SUCCESS |  
2019-09-19 05:38:53,403 | INFO  | SCMAudit | user=jenkins1000 | ip=192.168.34.50 | op=SEND_HEARTBEAT {datanodeUUID=071d6781-1644-42da-9c9d-5bc609ee50f9, command=[]} | ret=SUCCESS |  
2019-09-19 05:38:53,406 [EventQueue-CreatePipelineStatusForSCMPipelineManager] INFO  pipeline.SCMPipelineManager (SCMPipelineManager.java:onMessage(469)) - receive pipeline PipelineID=06840672-7945-4914-90a0-b0db96473380 create status EXECUTED
2019-09-19 05:38:53,408 [EventQueue-CreatePipelineStatusForSCMPipelineManager] INFO  pipeline.PipelineStateManager (PipelineStateManager.java:openPipeline(134)) - Pipeline Pipeline[ Id: 06840672-7945-4914-90a0-b0db96473380, Nodes: 071d6781-1644-42da-9c9d-5bc609ee50f9{ip: 192.168.34.50, host: pr-hdds-2034-srnhl-2452957315, networkLocation: /default-rack, certSerialId: null}, Type:RATIS, Factor:ONE, State:ALLOCATED] moved to OPEN state
add pipeline PipelineID=06840672-7945-4914-90a0-b0db96473380 to metrics map
2019-09-19 05:38:53,409 [EventQueue-NewOpenPipelineForHealthyPipelineSafeModeRule] INFO  safemode.SCMSafeModeManager (HealthyPipelineSafeModeRule.java:process(120)) - SCM in safe mode. Healthy pipelines reported count is 1, required healthy pipeline reported count is 1
2019-09-19 05:38:53,410 [EventQueue-NewOpenPipelineForHealthyPipelineSafeModeRule] INFO  safemode.SCMSafeModeManager (SCMSafeModeManager.java:validateSafeModeExitRules(177)) - ScmSafeModeManager, all rules are successfully validated
2019-09-19 05:38:53,410 [EventQueue-NewOpenPipelineForHealthyPipelineSafeModeRule] INFO  safemode.SCMSafeModeManager (SCMSafeModeManager.java:exitSafeMode(193)) - SCM exiting safe mode.
2019-09-19 05:38:53,576 | INFO  | SCMAudit | user=jenkins1000 | ip=192.168.34.50 | op=SEND_HEARTBEAT {datanodeUUID=59f0521e-f2db-40e0-a265-2c416172e989, command=[]} | ret=SUCCESS |  
2019-09-19 05:38:53,663 | INFO  | SCMAudit | user=jenkins1000 | ip=192.168.34.50 | op=SEND_HEARTBEAT {datanodeUUID=c250e534-d056-4ea9-ab7f-7abc49507a59, command=[]} | ret=SUCCESS |  
2019-09-19 05:38:53,689 [main] INFO  ozone.MiniOzoneClusterImpl (MiniOzoneClusterImpl.java:lambda$waitForClusterToBeReady$0(145)) - Nodes are ready. Got 5 of 5 DN Heartbeats.
2019-09-19 05:38:53,689 [main] INFO  ozone.MiniOzoneClusterImpl (MiniOzoneClusterImpl.java:lambda$waitForClusterToBeReady$0(148)) - Cluster exits safe mode
2019-09-19 05:38:53,838 | INFO  | SCMAudit | user=jenkins1000 | ip=192.168.34.50 | op=SEND_HEARTBEAT {datanodeUUID=142012b4-58f3-42c7-942d-1d383fc72593, command=[]} | ret=SUCCESS |  
2019-09-19 05:38:54,111 [main] INFO  freon.RandomKeyGenerator (RandomKeyGenerator.java:call(275)) - Number of Threads: 10
2019-09-19 05:38:54,112 [main] INFO  freon.RandomKeyGenerator (RandomKeyGenerator.java:call(280)) - Number of Volumes: 1.
2019-09-19 05:38:54,112 [main] INFO  freon.RandomKeyGenerator (RandomKeyGenerator.java:call(281)) - Number of Buckets per Volume: 1.
2019-09-19 05:38:54,112 [main] INFO  freon.RandomKeyGenerator (RandomKeyGenerator.java:call(282)) - Number of Keys per Bucket: 1.
2019-09-19 05:38:54,112 [main] INFO  freon.RandomKeyGenerator (RandomKeyGenerator.java:call(283)) - Key size: 20971520 bytes
2019-09-19 05:38:54,112 [main] INFO  freon.RandomKeyGenerator (RandomKeyGenerator.java:call(284)) - Buffer size: 4096 bytes
2019-09-19 05:38:54,117 [main] INFO  freon.RandomKeyGenerator (RandomKeyGenerator.java:call(298)) - Data validation is enabled.
2019-09-19 05:38:54,119 [main] INFO  freon.RandomKeyGenerator (RandomKeyGenerator.java:call(304)) - Starting progress bar Thread.

 0.00% |█                                                                                                    |  0/1 Time: 0:00:002019-09-19 05:38:54,146 [pool-78-thread-2] INFO  rpc.RpcClient (RpcClient.java:createVolume(293)) - Creating Volume: vol-0-98445, with jenkins1000 as owner.
2019-09-19 05:38:54,226 | INFO  | OMAudit | user=jenkins1000 | ip=127.0.0.1 | op=CREATE_VOLUME {admin=jenkins1000, owner=jenkins1000, volume=vol-0-98445, creationTime=1568871534169, quotaInBytes=1152921504606846976} | ret=SUCCESS |  
2019-09-19 05:38:54,243 | INFO  | OMAudit | user=jenkins1000 | ip=127.0.0.1 | op=READ_VOLUME {volume=vol-0-98445} | ret=SUCCESS |  
2019-09-19 05:38:54,260 [pool-78-thread-1] INFO  rpc.RpcClient (RpcClient.java:createBucket(432)) - Creating Bucket: vol-0-98445/bucket-0-00260, with Versioning false and Storage Type set to DISK and Encryption set to false 
2019-09-19 05:38:54,283 | INFO  | OMAudit | user=jenkins1000 | ip=127.0.0.1 | op=CREATE_BUCKET {volume=vol-0-98445, bucket=bucket-0-00260, acls=[user:jenkins1000:a[ACCESS], group:default:a[ACCESS]], isVersionEnabled=false, storageType=DISK, creationTime=0} | ret=SUCCESS |  
2019-09-19 05:38:54,290 | INFO  | OMAudit | user=jenkins1000 | ip=127.0.0.1 | op=READ_BUCKET {volume=vol-0-98445, bucket=bucket-0-00260} | ret=SUCCESS |  
2019-09-19 05:38:54,337 [IPC Server handler 17 on 32881] WARN  block.BlockManagerImpl (BlockManagerImpl.java:allocateBlock(221)) - Pipeline creation failed for type:RATIS factor:THREE. Retrying get pipelines call once.
org.apache.hadoop.hdds.scm.pipeline.InsufficientDatanodesException: Cannot create pipeline of factor 3 using 2 nodes.
	at org.apache.hadoop.hdds.scm.pipeline.RatisPipelineProvider.create(RatisPipelineProvider.java:145)
	at org.apache.hadoop.hdds.scm.pipeline.PipelineFactory.create(PipelineFactory.java:59)
	at org.apache.hadoop.hdds.scm.pipeline.SCMPipelineManager.createPipeline(SCMPipelineManager.java:171)
	at org.apache.hadoop.hdds.scm.block.BlockManagerImpl.allocateBlock(BlockManagerImpl.java:210)
	at org.apache.hadoop.hdds.scm.server.SCMBlockProtocolServer.allocateBlock(SCMBlockProtocolServer.java:175)
	at org.apache.hadoop.ozone.protocolPB.ScmBlockLocationProtocolServerSideTranslatorPB.allocateScmBlock(ScmBlockLocationProtocolServerSideTranslatorPB.java:153)
	at org.apache.hadoop.ozone.protocolPB.ScmBlockLocationProtocolServerSideTranslatorPB.send(ScmBlockLocationProtocolServerSideTranslatorPB.java:112)
	at org.apache.hadoop.hdds.protocol.proto.ScmBlockLocationProtocolProtos$ScmBlockLocationProtocolService$2.callBlockingMethod(ScmBlockLocationProtocolProtos.java:13157)
	at org.apache.hadoop.ipc.ProtobufRpcEngine$Server$ProtoBufRpcInvoker.call(ProtobufRpcEngine.java:524)
	at org.apache.hadoop.ipc.RPC$Server.call(RPC.java:1025)
	at org.apache.hadoop.ipc.Server$RpcCall.run(Server.java:876)
	at org.apache.hadoop.ipc.Server$RpcCall.run(Server.java:822)
	at java.security.AccessController.doPrivileged(Native Method)
	at javax.security.auth.Subject.doAs(Subject.java:422)
	at org.apache.hadoop.security.UserGroupInformation.doAs(UserGroupInformation.java:1730)
	at org.apache.hadoop.ipc.Server$Handler.run(Server.java:2682)
2019-09-19 05:38:54,340 [IPC Server handler 17 on 32881] INFO  block.BlockManagerImpl (BlockManagerImpl.java:allocateBlock(227)) - Could not find available pipeline of type:RATIS and factor:THREE even after retrying
2019-09-19 05:38:54,340 [IPC Server handler 17 on 32881] ERROR block.BlockManagerImpl (BlockManagerImpl.java:allocateBlock(251)) - Unable to allocate a block for the size: 4194304, type: RATIS, factor: THREE
2019-09-19 05:38:54,341 [IPC Server handler 17 on 32881] WARN  block.BlockManagerImpl (BlockManagerImpl.java:allocateBlock(221)) - Pipeline creation failed for type:RATIS factor:THREE. Retrying get pipelines call once.
org.apache.hadoop.hdds.scm.pipeline.InsufficientDatanodesException: Cannot create pipeline of factor 3 using 2 nodes.
	at org.apache.hadoop.hdds.scm.pipeline.RatisPipelineProvider.create(RatisPipelineProvider.java:145)
	at org.apache.hadoop.hdds.scm.pipeline.PipelineFactory.create(PipelineFactory.java:59)
	at org.apache.hadoop.hdds.scm.pipeline.SCMPipelineManager.createPipeline(SCMPipelineManager.java:171)
	at org.apache.hadoop.hdds.scm.block.BlockManagerImpl.allocateBlock(BlockManagerImpl.java:210)
	at org.apache.hadoop.hdds.scm.server.SCMBlockProtocolServer.allocateBlock(SCMBlockProtocolServer.java:175)
	at org.apache.hadoop.ozone.protocolPB.ScmBlockLocationProtocolServerSideTranslatorPB.allocateScmBlock(ScmBlockLocationProtocolServerSideTranslatorPB.java:153)
	at org.apache.hadoop.ozone.protocolPB.ScmBlockLocationProtocolServerSideTranslatorPB.send(ScmBlockLocationProtocolServerSideTranslatorPB.java:112)
	at org.apache.hadoop.hdds.protocol.proto.ScmBlockLocationProtocolProtos$ScmBlockLocationProtocolService$2.callBlockingMethod(ScmBlockLocationProtocolProtos.java:13157)
	at org.apache.hadoop.ipc.ProtobufRpcEngine$Server$ProtoBufRpcInvoker.call(ProtobufRpcEngine.java:524)
	at org.apache.hadoop.ipc.RPC$Server.call(RPC.java:1025)
	at org.apache.hadoop.ipc.Server$RpcCall.run(Server.java:876)
	at org.apache.hadoop.ipc.Server$RpcCall.run(Server.java:822)
	at java.security.AccessController.doPrivileged(Native Method)
	at javax.security.auth.Subject.doAs(Subject.java:422)
	at org.apache.hadoop.security.UserGroupInformation.doAs(UserGroupInformation.java:1730)
	at org.apache.hadoop.ipc.Server$Handler.run(Server.java:2682)
2019-09-19 05:38:54,342 [IPC Server handler 17 on 32881] INFO  block.BlockManagerImpl (BlockManagerImpl.java:allocateBlock(227)) - Could not find available pipeline of type:RATIS and factor:THREE even after retrying
2019-09-19 05:38:54,342 [IPC Server handler 17 on 32881] ERROR block.BlockManagerImpl (BlockManagerImpl.java:allocateBlock(251)) - Unable to allocate a block for the size: 4194304, type: RATIS, factor: THREE
2019-09-19 05:38:54,344 [IPC Server handler 17 on 32881] WARN  block.BlockManagerImpl (BlockManagerImpl.java:allocateBlock(221)) - Pipeline creation failed for type:RATIS factor:THREE. Retrying get pipelines call once.
org.apache.hadoop.hdds.scm.pipeline.InsufficientDatanodesException: Cannot create pipeline of factor 3 using 2 nodes.
	at org.apache.hadoop.hdds.scm.pipeline.RatisPipelineProvider.create(RatisPipelineProvider.java:145)
	at org.apache.hadoop.hdds.scm.pipeline.PipelineFactory.create(PipelineFactory.java:59)
	at org.apache.hadoop.hdds.scm.pipeline.SCMPipelineManager.createPipeline(SCMPipelineManager.java:171)
	at org.apache.hadoop.hdds.scm.block.BlockManagerImpl.allocateBlock(BlockManagerImpl.java:210)
	at org.apache.hadoop.hdds.scm.server.SCMBlockProtocolServer.allocateBlock(SCMBlockProtocolServer.java:175)
	at org.apache.hadoop.ozone.protocolPB.ScmBlockLocationProtocolServerSideTranslatorPB.allocateScmBlock(ScmBlockLocationProtocolServerSideTranslatorPB.java:153)
	at org.apache.hadoop.ozone.protocolPB.ScmBlockLocationProtocolServerSideTranslatorPB.send(ScmBlockLocationProtocolServerSideTranslatorPB.java:112)
	at org.apache.hadoop.hdds.protocol.proto.ScmBlockLocationProtocolProtos$ScmBlockLocationProtocolService$2.callBlockingMethod(ScmBlockLocationProtocolProtos.java:13157)
	at org.apache.hadoop.ipc.ProtobufRpcEngine$Server$ProtoBufRpcInvoker.call(ProtobufRpcEngine.java:524)
	at org.apache.hadoop.ipc.RPC$Server.call(RPC.java:1025)
	at org.apache.hadoop.ipc.Server$RpcCall.run(Server.java:876)
	at org.apache.hadoop.ipc.Server$RpcCall.run(Server.java:822)
	at java.security.AccessController.doPrivileged(Native Method)
	at javax.security.auth.Subject.doAs(Subject.java:422)
	at org.apache.hadoop.security.UserGroupInformation.doAs(UserGroupInformation.java:1730)
	at org.apache.hadoop.ipc.Server$Handler.run(Server.java:2682)
2019-09-19 05:38:54,345 [IPC Server handler 17 on 32881] INFO  block.BlockManagerImpl (BlockManagerImpl.java:allocateBlock(227)) - Could not find available pipeline of type:RATIS and factor:THREE even after retrying
2019-09-19 05:38:54,345 [IPC Server handler 17 on 32881] ERROR block.BlockManagerImpl (BlockManagerImpl.java:allocateBlock(251)) - Unable to allocate a block for the size: 4194304, type: RATIS, factor: THREE
2019-09-19 05:38:54,347 [IPC Server handler 17 on 32881] WARN  block.BlockManagerImpl (BlockManagerImpl.java:allocateBlock(221)) - Pipeline creation failed for type:RATIS factor:THREE. Retrying get pipelines call once.
org.apache.hadoop.hdds.scm.pipeline.InsufficientDatanodesException: Cannot create pipeline of factor 3 using 2 nodes.
	at org.apache.hadoop.hdds.scm.pipeline.RatisPipelineProvider.create(RatisPipelineProvider.java:145)
	at org.apache.hadoop.hdds.scm.pipeline.PipelineFactory.create(PipelineFactory.java:59)
	at org.apache.hadoop.hdds.scm.pipeline.SCMPipelineManager.createPipeline(SCMPipelineManager.java:171)
	at org.apache.hadoop.hdds.scm.block.BlockManagerImpl.allocateBlock(BlockManagerImpl.java:210)
	at org.apache.hadoop.hdds.scm.server.SCMBlockProtocolServer.allocateBlock(SCMBlockProtocolServer.java:175)
	at org.apache.hadoop.ozone.protocolPB.ScmBlockLocationProtocolServerSideTranslatorPB.allocateScmBlock(ScmBlockLocationProtocolServerSideTranslatorPB.java:153)
	at org.apache.hadoop.ozone.protocolPB.ScmBlockLocationProtocolServerSideTranslatorPB.send(ScmBlockLocationProtocolServerSideTranslatorPB.java:112)
	at org.apache.hadoop.hdds.protocol.proto.ScmBlockLocationProtocolProtos$ScmBlockLocationProtocolService$2.callBlockingMethod(ScmBlockLocationProtocolProtos.java:13157)
	at org.apache.hadoop.ipc.ProtobufRpcEngine$Server$ProtoBufRpcInvoker.call(ProtobufRpcEngine.java:524)
	at org.apache.hadoop.ipc.RPC$Server.call(RPC.java:1025)
	at org.apache.hadoop.ipc.Server$RpcCall.run(Server.java:876)
	at org.apache.hadoop.ipc.Server$RpcCall.run(Server.java:822)
	at java.security.AccessController.doPrivileged(Native Method)
	at javax.security.auth.Subject.doAs(Subject.java:422)
	at org.apache.hadoop.security.UserGroupInformation.doAs(UserGroupInformation.java:1730)
	at org.apache.hadoop.ipc.Server$Handler.run(Server.java:2682)
2019-09-19 05:38:54,348 [IPC Server handler 17 on 32881] INFO  block.BlockManagerImpl (BlockManagerImpl.java:allocateBlock(227)) - Could not find available pipeline of type:RATIS and factor:THREE even after retrying
2019-09-19 05:38:54,348 [IPC Server handler 17 on 32881] ERROR block.BlockManagerImpl (BlockManagerImpl.java:allocateBlock(251)) - Unable to allocate a block for the size: 4194304, type: RATIS, factor: THREE
2019-09-19 05:38:54,350 [IPC Server handler 17 on 32881] WARN  block.BlockManagerImpl (BlockManagerImpl.java:allocateBlock(221)) - Pipeline creation failed for type:RATIS factor:THREE. Retrying get pipelines call once.
org.apache.hadoop.hdds.scm.pipeline.InsufficientDatanodesException: Cannot create pipeline of factor 3 using 2 nodes.
	at org.apache.hadoop.hdds.scm.pipeline.RatisPipelineProvider.create(RatisPipelineProvider.java:145)
	at org.apache.hadoop.hdds.scm.pipeline.PipelineFactory.create(PipelineFactory.java:59)
	at org.apache.hadoop.hdds.scm.pipeline.SCMPipelineManager.createPipeline(SCMPipelineManager.java:171)
	at org.apache.hadoop.hdds.scm.block.BlockManagerImpl.allocateBlock(BlockManagerImpl.java:210)
	at org.apache.hadoop.hdds.scm.server.SCMBlockProtocolServer.allocateBlock(SCMBlockProtocolServer.java:175)
	at org.apache.hadoop.ozone.protocolPB.ScmBlockLocationProtocolServerSideTranslatorPB.allocateScmBlock(ScmBlockLocationProtocolServerSideTranslatorPB.java:153)
	at org.apache.hadoop.ozone.protocolPB.ScmBlockLocationProtocolServerSideTranslatorPB.send(ScmBlockLocationProtocolServerSideTranslatorPB.java:112)
	at org.apache.hadoop.hdds.protocol.proto.ScmBlockLocationProtocolProtos$ScmBlockLocationProtocolService$2.callBlockingMethod(ScmBlockLocationProtocolProtos.java:13157)
	at org.apache.hadoop.ipc.ProtobufRpcEngine$Server$ProtoBufRpcInvoker.call(ProtobufRpcEngine.java:524)
	at org.apache.hadoop.ipc.RPC$Server.call(RPC.java:1025)
	at org.apache.hadoop.ipc.Server$RpcCall.run(Server.java:876)
	at org.apache.hadoop.ipc.Server$RpcCall.run(Server.java:822)
	at java.security.AccessController.doPrivileged(Native Method)
	at javax.security.auth.Subject.doAs(Subject.java:422)
	at org.apache.hadoop.security.UserGroupInformation.doAs(UserGroupInformation.java:1730)
	at org.apache.hadoop.ipc.Server$Handler.run(Server.java:2682)
2019-09-19 05:38:54,351 [IPC Server handler 17 on 32881] INFO  block.BlockManagerImpl (BlockManagerImpl.java:allocateBlock(227)) - Could not find available pipeline of type:RATIS and factor:THREE even after retrying
2019-09-19 05:38:54,351 [IPC Server handler 17 on 32881] ERROR block.BlockManagerImpl (BlockManagerImpl.java:allocateBlock(251)) - Unable to allocate a block for the size: 4194304, type: RATIS, factor: THREE
2019-09-19 05:38:54,352 | INFO  | SCMAudit | user=jenkins1000 | ip=192.168.34.50 | op=ALLOCATE_BLOCK {owner=0ab7264b-d33e-485d-ae47-59cbde26a070, size=4194304, type=RATIS, factor=THREE} | ret=SUCCESS |  
2019-09-19 05:38:54,358 | ERROR | OMAudit | user=jenkins1000 | ip=127.0.0.1 | op=ALLOCATE_KEY {volume=vol-0-98445, bucket=bucket-0-00260, key=key-0-91383, dataSize=20971520, replicationType=RATIS, replicationFactor=THREE, keyLocationInfo=null} | ret=FAILURE | org.apache.hadoop.hdds.scm.exceptions.SCMException: Allocated 0 blocks. Requested 5 blocks
	at org.apache.hadoop.hdds.scm.protocolPB.ScmBlockLocationProtocolClientSideTranslatorPB.handleError(ScmBlockLocationProtocolClientSideTranslatorPB.java:118)
	at org.apache.hadoop.hdds.scm.protocolPB.ScmBlockLocationProtocolClientSideTranslatorPB.allocateBlock(ScmBlockLocationProtocolClientSideTranslatorPB.java:156) 
2019-09-19 05:38:54,362 [pool-78-thread-3] ERROR freon.RandomKeyGenerator (RandomKeyGenerator.java:createKey(724)) - Exception while adding key: key-0-91383 in bucket: bucket-0-00260 of volume: vol-0-98445.
INTERNAL_ERROR org.apache.hadoop.ozone.om.exceptions.OMException: Allocated 0 blocks. Requested 5 blocks
	at org.apache.hadoop.ozone.om.protocolPB.OzoneManagerProtocolClientSideTranslatorPB.handleError(OzoneManagerProtocolClientSideTranslatorPB.java:725)
	at org.apache.hadoop.ozone.om.protocolPB.OzoneManagerProtocolClientSideTranslatorPB.openKey(OzoneManagerProtocolClientSideTranslatorPB.java:716)
	at org.apache.hadoop.ozone.client.rpc.RpcClient.createKey(RpcClient.java:615)
	at org.apache.hadoop.ozone.client.OzoneBucket.createKey(OzoneBucket.java:323)
	at org.apache.hadoop.ozone.freon.RandomKeyGenerator.createKey(RandomKeyGenerator.java:686)
	at org.apache.hadoop.ozone.freon.RandomKeyGenerator.access$1100(RandomKeyGenerator.java:87)
	at org.apache.hadoop.ozone.freon.RandomKeyGenerator$ObjectCreator.run(RandomKeyGenerator.java:606)
	at java.util.concurrent.Executors$RunnableAdapter.call(Executors.java:511)
	at java.util.concurrent.FutureTask.run(FutureTask.java:266)
	at java.util.concurrent.ThreadPoolExecutor.runWorker(ThreadPoolExecutor.java:1149)
	at java.util.concurrent.ThreadPoolExecutor$Worker.run(ThreadPoolExecutor.java:624)
	at java.lang.Thread.run(Thread.java:748)
2019-09-19 05:38:54,381 | INFO  | SCMAudit | user=jenkins1000 | ip=192.168.34.50 | op=SEND_HEARTBEAT {datanodeUUID=0573540b-1b55-49b7-943a-2f8214ec5bc1, command=[]} | ret=SUCCESS |  
2019-09-19 05:38:54,381 [EventQueue-CreatePipelineStatusForSCMPipelineManager] INFO  pipeline.SCMPipelineManager (SCMPipelineManager.java:onMessage(469)) - receive pipeline PipelineID=796a5733-75a3-4313-ae58-d3bfb463dd20 create status EXECUTED
2019-09-19 05:38:54,381 [EventQueue-CreatePipelineStatusForSCMPipelineManager] INFO  pipeline.PipelineStateManager (PipelineStateManager.java:openPipeline(134)) - Pipeline Pipeline[ Id: 796a5733-75a3-4313-ae58-d3bfb463dd20, Nodes: 0573540b-1b55-49b7-943a-2f8214ec5bc1{ip: 192.168.34.50, host: pr-hdds-2034-srnhl-2452957315, networkLocation: /default-rack, certSerialId: null}, Type:RATIS, Factor:ONE, State:ALLOCATED] moved to OPEN state
add pipeline PipelineID=796a5733-75a3-4313-ae58-d3bfb463dd20 to metrics map
2019-09-19 05:38:54,381 [EventQueue-CreatePipelineStatusForSCMPipelineManager] INFO  pipeline.SCMPipelineManager (SCMPipelineManager.java:onMessage(469)) - receive pipeline PipelineID=70f15167-ed73-4a26-b8d4-5945d6addba8 create status EXECUTED
2019-09-19 05:38:54,382 [EventQueue-CreatePipelineStatusForSCMPipelineManager] INFO  pipeline.PipelineStateManager (PipelineStateManager.java:openPipeline(134)) - Pipeline Pipeline[ Id: 70f15167-ed73-4a26-b8d4-5945d6addba8, Nodes: 142012b4-58f3-42c7-942d-1d383fc72593{ip: 192.168.34.50, host: pr-hdds-2034-srnhl-2452957315, networkLocation: /default-rack, certSerialId: null}59f0521e-f2db-40e0-a265-2c416172e989{ip: 192.168.34.50, host: pr-hdds-2034-srnhl-2452957315, networkLocation: /default-rack, certSerialId: null}0573540b-1b55-49b7-943a-2f8214ec5bc1{ip: 192.168.34.50, host: pr-hdds-2034-srnhl-2452957315, networkLocation: /default-rack, certSerialId: null}, Type:RATIS, Factor:THREE, State:ALLOCATED] moved to OPEN state
add pipeline PipelineID=70f15167-ed73-4a26-b8d4-5945d6addba8 to metrics map
2019-09-19 05:38:54,393 | INFO  | SCMAudit | user=jenkins1000 | ip=192.168.34.50 | op=SEND_HEARTBEAT {datanodeUUID=071d6781-1644-42da-9c9d-5bc609ee50f9, command=[]} | ret=SUCCESS |  
2019-09-19 05:38:54,574 | INFO  | SCMAudit | user=jenkins1000 | ip=192.168.34.50 | op=SEND_HEARTBEAT {datanodeUUID=59f0521e-f2db-40e0-a265-2c416172e989, command=[]} | ret=SUCCESS |  
2019-09-19 05:38:54,574 [EventQueue-CreatePipelineStatusForSCMPipelineManager] INFO  pipeline.SCMPipelineManager (SCMPipelineManager.java:onMessage(469)) - receive pipeline PipelineID=f790581a-36c8-454a-8ef8-6ea9cd1f251b create status EXECUTED
2019-09-19 05:38:54,574 [EventQueue-CreatePipelineStatusForSCMPipelineManager] INFO  pipeline.PipelineStateManager (PipelineStateManager.java:openPipeline(134)) - Pipeline Pipeline[ Id: f790581a-36c8-454a-8ef8-6ea9cd1f251b, Nodes: 59f0521e-f2db-40e0-a265-2c416172e989{ip: 192.168.34.50, host: pr-hdds-2034-srnhl-2452957315, networkLocation: /default-rack, certSerialId: null}, Type:RATIS, Factor:ONE, State:ALLOCATED] moved to OPEN state
add pipeline PipelineID=f790581a-36c8-454a-8ef8-6ea9cd1f251b to metrics map
2019-09-19 05:38:54,574 [EventQueue-CreatePipelineStatusForSCMPipelineManager] INFO  pipeline.SCMPipelineManager (SCMPipelineManager.java:onMessage(469)) - receive pipeline PipelineID=70f15167-ed73-4a26-b8d4-5945d6addba8 create status EXECUTED
2019-09-19 05:38:54,678 | INFO  | SCMAudit | user=jenkins1000 | ip=192.168.34.50 | op=SEND_HEARTBEAT {datanodeUUID=c250e534-d056-4ea9-ab7f-7abc49507a59, command=[]} | ret=SUCCESS |  
2019-09-19 05:38:54,678 [EventQueue-CreatePipelineStatusForSCMPipelineManager] INFO  pipeline.SCMPipelineManager (SCMPipelineManager.java:onMessage(469)) - receive pipeline PipelineID=17abc75e-1462-4793-8d98-3333bd90c255 create status EXECUTED
2019-09-19 05:38:54,679 [EventQueue-CreatePipelineStatusForSCMPipelineManager] INFO  pipeline.PipelineStateManager (PipelineStateManager.java:openPipeline(134)) - Pipeline Pipeline[ Id: 17abc75e-1462-4793-8d98-3333bd90c255, Nodes: c250e534-d056-4ea9-ab7f-7abc49507a59{ip: 192.168.34.50, host: pr-hdds-2034-srnhl-2452957315, networkLocation: /default-rack, certSerialId: null}, Type:RATIS, Factor:ONE, State:ALLOCATED] moved to OPEN state
add pipeline PipelineID=17abc75e-1462-4793-8d98-3333bd90c255 to metrics map
2019-09-19 05:38:54,836 [EventQueue-CreatePipelineStatusForSCMPipelineManager] INFO  pipeline.SCMPipelineManager (SCMPipelineManager.java:onMessage(469)) - receive pipeline PipelineID=86d35962-d67c-4f23-81e1-e249b7348145 create status EXECUTED
2019-09-19 05:38:54,836 | INFO  | SCMAudit | user=jenkins1000 | ip=192.168.34.50 | op=SEND_HEARTBEAT {datanodeUUID=142012b4-58f3-42c7-942d-1d383fc72593, command=[]} | ret=SUCCESS |  
2019-09-19 05:38:54,837 [EventQueue-CreatePipelineStatusForSCMPipelineManager] INFO  pipeline.PipelineStateManager (PipelineStateManager.java:openPipeline(134)) - Pipeline Pipeline[ Id: 86d35962-d67c-4f23-81e1-e249b7348145, Nodes: 142012b4-58f3-42c7-942d-1d383fc72593{ip: 192.168.34.50, host: pr-hdds-2034-srnhl-2452957315, networkLocation: /default-rack, certSerialId: null}, Type:RATIS, Factor:ONE, State:ALLOCATED] moved to OPEN state
add pipeline PipelineID=86d35962-d67c-4f23-81e1-e249b7348145 to metrics map
2019-09-19 05:38:54,837 [EventQueue-CreatePipelineStatusForSCMPipelineManager] INFO  pipeline.SCMPipelineManager (SCMPipelineManager.java:onMessage(469)) - receive pipeline PipelineID=70f15167-ed73-4a26-b8d4-5945d6addba8 create status EXECUTED
add pipeline PipelineID=70f15167-ed73-4a26-b8d4-5945d6addba8 to metrics map
 0.00% |█                                                                                                    |  0/1 Time: 0:00:012019-09-19 05:38:55,379 | INFO  | SCMAudit | user=jenkins1000 | ip=192.168.34.50 | op=SEND_HEARTBEAT {datanodeUUID=0573540b-1b55-49b7-943a-2f8214ec5bc1, command=[]} | ret=SUCCESS |  
2019-09-19 05:38:55,392 | INFO  | SCMAudit | user=jenkins1000 | ip=192.168.34.50 | op=SEND_HEARTBEAT {datanodeUUID=071d6781-1644-42da-9c9d-5bc609ee50f9, command=[]} | ret=SUCCESS |  
2019-09-19 05:38:55,572 | INFO  | SCMAudit | user=jenkins1000 | ip=192.168.34.50 | op=SEND_HEARTBEAT {datanodeUUID=59f0521e-f2db-40e0-a265-2c416172e989, command=[]} | ret=SUCCESS |  
2019-09-19 05:38:55,662 | INFO  | SCMAudit | user=jenkins1000 | ip=192.168.34.50 | op=SEND_HEARTBEAT {datanodeUUID=c250e534-d056-4ea9-ab7f-7abc49507a59, command=[]} | ret=SUCCESS |  
2019-09-19 05:38:55,836 | INFO  | SCMAudit | user=jenkins1000 | ip=192.168.34.50 | op=SEND_HEARTBEAT {datanodeUUID=142012b4-58f3-42c7-942d-1d383fc72593, command=[]} | ret=SUCCESS |  
 0.00% |█                                                                                                    |  0/1 Time: 0:00:022019-09-19 05:38:56,380 | INFO  | SCMAudit | user=jenkins1000 | ip=192.168.34.50 | op=SEND_HEARTBEAT {datanodeUUID=0573540b-1b55-49b7-943a-2f8214ec5bc1, command=[]} | ret=SUCCESS |  
2019-09-19 05:38:56,392 | INFO  | SCMAudit | user=jenkins1000 | ip=192.168.34.50 | op=SEND_HEARTBEAT {datanodeUUID=071d6781-1644-42da-9c9d-5bc609ee50f9, command=[]} | ret=SUCCESS |  
2019-09-19 05:38:56,411 [Thread-236] INFO  container.ReplicationManager (ReplicationManager.java:start(151)) - Starting Replication Monitor Thread.
2019-09-19 05:38:56,416 [ReplicationMonitor] INFO  container.ReplicationManager (ReplicationManager.java:run(214)) - Replication Monitor Thread took 1 milliseconds for processing 0 containers.
2019-09-19 05:38:56,572 | INFO  | SCMAudit | user=jenkins1000 | ip=192.168.34.50 | op=SEND_HEARTBEAT {datanodeUUID=59f0521e-f2db-40e0-a265-2c416172e989, command=[]} | ret=SUCCESS |  
2019-09-19 05:38:56,661 | INFO  | SCMAudit | user=jenkins1000 | ip=192.168.34.50 | op=SEND_HEARTBEAT {datanodeUUID=c250e534-d056-4ea9-ab7f-7abc49507a59, command=[]} | ret=SUCCESS |  
2019-09-19 05:38:56,837 | INFO  | SCMAudit | user=jenkins1000 | ip=192.168.34.50 | op=SEND_HEARTBEAT {datanodeUUID=142012b4-58f3-42c7-942d-1d383fc72593, command=[]} | ret=SUCCESS |  
 0.00% |█                                                                                                    |  0/1 Time: 0:00:032019-09-19 05:38:57,381 | INFO  | SCMAudit | user=jenkins1000 | ip=192.168.34.50 | op=SEND_HEARTBEAT {datanodeUUID=0573540b-1b55-49b7-943a-2f8214ec5bc1, command=[]} | ret=SUCCESS |  
2019-09-19 05:38:57,393 | INFO  | SCMAudit | user=jenkins1000 | ip=192.168.34.50 | op=SEND_HEARTBEAT {datanodeUUID=071d6781-1644-42da-9c9d-5bc609ee50f9, command=[]} | ret=SUCCESS |  
2019-09-19 05:38:57,573 | INFO  | SCMAudit | user=jenkins1000 | ip=192.168.34.50 | op=SEND_HEARTBEAT {datanodeUUID=59f0521e-f2db-40e0-a265-2c416172e989, command=[]} | ret=SUCCESS |  
2019-09-19 05:38:57,661 | INFO  | SCMAudit | user=jenkins1000 | ip=192.168.34.50 | op=SEND_HEARTBEAT {datanodeUUID=c250e534-d056-4ea9-ab7f-7abc49507a59, command=[]} | ret=SUCCESS |  
2019-09-19 05:38:57,836 | INFO  | SCMAudit | user=jenkins1000 | ip=192.168.34.50 | op=SEND_HEARTBEAT {datanodeUUID=142012b4-58f3-42c7-942d-1d383fc72593, command=[]} | ret=SUCCESS |  
2019-09-19 05:38:58,039 [Thread-215] INFO  impl.FollowerState (FollowerState.java:run(106)) - 071d6781-1644-42da-9c9d-5bc609ee50f9:group-B0DB96473380 changes to CANDIDATE, lastRpcTime:5006, electionTimeout:5002ms
2019-09-19 05:38:58,039 [Thread-215] INFO  impl.RoleInfo (RoleInfo.java:shutdownFollowerState(121)) - 071d6781-1644-42da-9c9d-5bc609ee50f9: shutdown FollowerState
2019-09-19 05:38:58,040 [Thread-215] INFO  impl.RaftServerImpl (RaftServerImpl.java:setRole(171)) - 071d6781-1644-42da-9c9d-5bc609ee50f9:group-B0DB96473380 changes role from FOLLOWER to CANDIDATE at term 0 for changeToCandidate
2019-09-19 05:38:58,042 [Thread-215] INFO  impl.RoleInfo (RoleInfo.java:updateAndGet(143)) - 071d6781-1644-42da-9c9d-5bc609ee50f9: start LeaderElection
2019-09-19 05:38:58,064 [Thread-214] INFO  impl.FollowerState (FollowerState.java:run(106)) - 0573540b-1b55-49b7-943a-2f8214ec5bc1:group-D3BFB463DD20 changes to CANDIDATE, lastRpcTime:5031, electionTimeout:5027ms
2019-09-19 05:38:58,065 [Thread-214] INFO  impl.RoleInfo (RoleInfo.java:shutdownFollowerState(121)) - 0573540b-1b55-49b7-943a-2f8214ec5bc1: shutdown FollowerState
2019-09-19 05:38:58,065 [Thread-214] INFO  impl.RaftServerImpl (RaftServerImpl.java:setRole(171)) - 0573540b-1b55-49b7-943a-2f8214ec5bc1:group-D3BFB463DD20 changes role from FOLLOWER to CANDIDATE at term 0 for changeToCandidate
2019-09-19 05:38:58,066 [Thread-214] INFO  impl.RoleInfo (RoleInfo.java:updateAndGet(143)) - 0573540b-1b55-49b7-943a-2f8214ec5bc1: start LeaderElection
2019-09-19 05:38:58,113 [Thread-212] INFO  impl.FollowerState (FollowerState.java:run(106)) - 59f0521e-f2db-40e0-a265-2c416172e989:group-6EA9CD1F251B changes to CANDIDATE, lastRpcTime:5080, electionTimeout:5077ms
2019-09-19 05:38:58,113 [Thread-212] INFO  impl.RoleInfo (RoleInfo.java:shutdownFollowerState(121)) - 59f0521e-f2db-40e0-a265-2c416172e989: shutdown FollowerState
2019-09-19 05:38:58,114 [Thread-212] INFO  impl.RaftServerImpl (RaftServerImpl.java:setRole(171)) - 59f0521e-f2db-40e0-a265-2c416172e989:group-6EA9CD1F251B changes role from FOLLOWER to CANDIDATE at term 0 for changeToCandidate
2019-09-19 05:38:58,114 [Thread-212] INFO  impl.RoleInfo (RoleInfo.java:updateAndGet(143)) - 59f0521e-f2db-40e0-a265-2c416172e989: start LeaderElection
 0.00% |█                                                                                                    |  0/1 Time: 0:00:042019-09-19 05:38:58,135 [071d6781-1644-42da-9c9d-5bc609ee50f9:group-B0DB96473380:LeaderElection1] INFO  impl.LeaderElection (LeaderElection.java:askForVotes(181)) - 071d6781-1644-42da-9c9d-5bc609ee50f9:group-B0DB96473380:LeaderElection1: begin an election at term 1 for -1: [071d6781-1644-42da-9c9d-5bc609ee50f9:192.168.34.50:45883], old=null
2019-09-19 05:38:58,137 [071d6781-1644-42da-9c9d-5bc609ee50f9:group-B0DB96473380:LeaderElection1] INFO  impl.RoleInfo (RoleInfo.java:shutdownLeaderElection(134)) - 071d6781-1644-42da-9c9d-5bc609ee50f9: shutdown LeaderElection
2019-09-19 05:38:58,137 [071d6781-1644-42da-9c9d-5bc609ee50f9:group-B0DB96473380:LeaderElection1] INFO  impl.RaftServerImpl (RaftServerImpl.java:setRole(171)) - 071d6781-1644-42da-9c9d-5bc609ee50f9:group-B0DB96473380 changes role from CANDIDATE to LEADER at term 1 for changeToLeader
2019-09-19 05:38:58,138 [071d6781-1644-42da-9c9d-5bc609ee50f9:group-B0DB96473380:LeaderElection1] INFO  impl.RaftServerImpl (ServerState.java:setLeader(263)) - 071d6781-1644-42da-9c9d-5bc609ee50f9:group-B0DB96473380 change Leader from null to 071d6781-1644-42da-9c9d-5bc609ee50f9 at term 1 for becomeLeader, leader elected after 5227ms
2019-09-19 05:38:58,147 [071d6781-1644-42da-9c9d-5bc609ee50f9:group-B0DB96473380:LeaderElection1] INFO  server.RaftServerConfigKeys (ConfUtils.java:logGet(43)) - raft.server.staging.catchup.gap = 1000 (default)
2019-09-19 05:38:58,147 [071d6781-1644-42da-9c9d-5bc609ee50f9:group-B0DB96473380:LeaderElection1] INFO  server.RaftServerConfigKeys (ConfUtils.java:logGet(43)) - raft.server.rpc.sleep.time = 25ms (default)
2019-09-19 05:38:58,150 [071d6781-1644-42da-9c9d-5bc609ee50f9:group-B0DB96473380:LeaderElection1] INFO  server.RaftServerConfigKeys (ConfUtils.java:logGet(43)) - raft.server.write.element-limit = 4096 (default)
2019-09-19 05:38:58,153 [071d6781-1644-42da-9c9d-5bc609ee50f9:group-B0DB96473380:LeaderElection1] INFO  server.RaftServerConfigKeys (ConfUtils.java:logGet(43)) - raft.server.watch.timeout = 10s (default)
2019-09-19 05:38:58,154 [071d6781-1644-42da-9c9d-5bc609ee50f9:group-B0DB96473380:LeaderElection1] INFO  server.RaftServerConfigKeys (ConfUtils.java:logGet(43)) - raft.server.watch.timeout.denomination = 1s (default)
2019-09-19 05:38:58,155 [071d6781-1644-42da-9c9d-5bc609ee50f9:group-B0DB96473380:LeaderElection1] INFO  server.RaftServerConfigKeys (ConfUtils.java:logGet(43)) - raft.server.watch.element-limit = 65536 (default)
2019-09-19 05:38:58,165 [071d6781-1644-42da-9c9d-5bc609ee50f9:group-B0DB96473380:LeaderElection1] INFO  impl.RoleInfo (RoleInfo.java:updateAndGet(143)) - 071d6781-1644-42da-9c9d-5bc609ee50f9: start LeaderState
2019-09-19 05:38:58,170 [Thread-216] INFO  impl.FollowerState (FollowerState.java:run(106)) - c250e534-d056-4ea9-ab7f-7abc49507a59:group-3333BD90C255 changes to CANDIDATE, lastRpcTime:5137, electionTimeout:5134ms
2019-09-19 05:38:58,171 [Thread-216] INFO  impl.RoleInfo (RoleInfo.java:shutdownFollowerState(121)) - c250e534-d056-4ea9-ab7f-7abc49507a59: shutdown FollowerState
2019-09-19 05:38:58,171 [Thread-216] INFO  impl.RaftServerImpl (RaftServerImpl.java:setRole(171)) - c250e534-d056-4ea9-ab7f-7abc49507a59:group-3333BD90C255 changes role from FOLLOWER to CANDIDATE at term 0 for changeToCandidate
2019-09-19 05:38:58,171 [Thread-216] INFO  impl.RoleInfo (RoleInfo.java:updateAndGet(143)) - c250e534-d056-4ea9-ab7f-7abc49507a59: start LeaderElection
2019-09-19 05:38:58,189 [0573540b-1b55-49b7-943a-2f8214ec5bc1:group-D3BFB463DD20:LeaderElection2] INFO  impl.LeaderElection (LeaderElection.java:askForVotes(181)) - 0573540b-1b55-49b7-943a-2f8214ec5bc1:group-D3BFB463DD20:LeaderElection2: begin an election at term 1 for -1: [0573540b-1b55-49b7-943a-2f8214ec5bc1:192.168.34.50:38514], old=null
2019-09-19 05:38:58,191 [0573540b-1b55-49b7-943a-2f8214ec5bc1:group-D3BFB463DD20:LeaderElection2] INFO  impl.RoleInfo (RoleInfo.java:shutdownLeaderElection(134)) - 0573540b-1b55-49b7-943a-2f8214ec5bc1: shutdown LeaderElection
2019-09-19 05:38:58,191 [0573540b-1b55-49b7-943a-2f8214ec5bc1:group-D3BFB463DD20:LeaderElection2] INFO  impl.RaftServerImpl (RaftServerImpl.java:setRole(171)) - 0573540b-1b55-49b7-943a-2f8214ec5bc1:group-D3BFB463DD20 changes role from CANDIDATE to LEADER at term 1 for changeToLeader
2019-09-19 05:38:58,191 [0573540b-1b55-49b7-943a-2f8214ec5bc1:group-D3BFB463DD20:LeaderElection2] INFO  impl.RaftServerImpl (ServerState.java:setLeader(263)) - 0573540b-1b55-49b7-943a-2f8214ec5bc1:group-D3BFB463DD20 change Leader from null to 0573540b-1b55-49b7-943a-2f8214ec5bc1 at term 1 for becomeLeader, leader elected after 5280ms
2019-09-19 05:38:58,192 [0573540b-1b55-49b7-943a-2f8214ec5bc1:group-D3BFB463DD20:LeaderElection2] INFO  server.RaftServerConfigKeys (ConfUtils.java:logGet(43)) - raft.server.staging.catchup.gap = 1000 (default)
2019-09-19 05:38:58,195 [0573540b-1b55-49b7-943a-2f8214ec5bc1:group-D3BFB463DD20:LeaderElection2] INFO  server.RaftServerConfigKeys (ConfUtils.java:logGet(43)) - raft.server.rpc.sleep.time = 25ms (default)
2019-09-19 05:38:58,196 [0573540b-1b55-49b7-943a-2f8214ec5bc1:group-D3BFB463DD20:LeaderElection2] INFO  server.RaftServerConfigKeys (ConfUtils.java:logGet(43)) - raft.server.write.element-limit = 4096 (default)
2019-09-19 05:38:58,196 [0573540b-1b55-49b7-943a-2f8214ec5bc1:group-D3BFB463DD20:LeaderElection2] INFO  server.RaftServerConfigKeys (ConfUtils.java:logGet(43)) - raft.server.watch.timeout = 10s (default)
2019-09-19 05:38:58,196 [0573540b-1b55-49b7-943a-2f8214ec5bc1:group-D3BFB463DD20:LeaderElection2] INFO  server.RaftServerConfigKeys (ConfUtils.java:logGet(43)) - raft.server.watch.timeout.denomination = 1s (default)
2019-09-19 05:38:58,196 [0573540b-1b55-49b7-943a-2f8214ec5bc1:group-D3BFB463DD20:LeaderElection2] INFO  server.RaftServerConfigKeys (ConfUtils.java:logGet(43)) - raft.server.watch.element-limit = 65536 (default)
2019-09-19 05:38:58,196 [0573540b-1b55-49b7-943a-2f8214ec5bc1:group-D3BFB463DD20:LeaderElection2] INFO  impl.RoleInfo (RoleInfo.java:updateAndGet(143)) - 0573540b-1b55-49b7-943a-2f8214ec5bc1: start LeaderState
2019-09-19 05:38:58,197 [071d6781-1644-42da-9c9d-5bc609ee50f9:group-B0DB96473380:LeaderElection1] INFO  segmented.SegmentedRaftLogWorker (SegmentedRaftLogWorker.java:startLogSegment(380)) - 071d6781-1644-42da-9c9d-5bc609ee50f9-SegmentedRaftLogWorker:Storage Directory /workdir/hadoop-ozone/tools/target/test-dir/MiniOzoneClusterImpl-45489806-9620-4140-aff2-4615b0492468/datanode-3/data/ratis/06840672-7945-4914-90a0-b0db96473380: Starting segment from index:0
2019-09-19 05:38:58,197 [0573540b-1b55-49b7-943a-2f8214ec5bc1:group-D3BFB463DD20:LeaderElection2] INFO  segmented.SegmentedRaftLogWorker (SegmentedRaftLogWorker.java:startLogSegment(380)) - 0573540b-1b55-49b7-943a-2f8214ec5bc1-SegmentedRaftLogWorker:Storage Directory /workdir/hadoop-ozone/tools/target/test-dir/MiniOzoneClusterImpl-45489806-9620-4140-aff2-4615b0492468/datanode-2/data/ratis/796a5733-75a3-4313-ae58-d3bfb463dd20: Starting segment from index:0
2019-09-19 05:38:58,209 [0573540b-1b55-49b7-943a-2f8214ec5bc1:group-D3BFB463DD20:LeaderElection2] INFO  impl.RaftServerImpl (ServerState.java:setRaftConf(361)) - 0573540b-1b55-49b7-943a-2f8214ec5bc1:group-D3BFB463DD20 set configuration 0: [0573540b-1b55-49b7-943a-2f8214ec5bc1:192.168.34.50:38514], old=null at 0
2019-09-19 05:38:58,209 [071d6781-1644-42da-9c9d-5bc609ee50f9:group-B0DB96473380:LeaderElection1] INFO  impl.RaftServerImpl (ServerState.java:setRaftConf(361)) - 071d6781-1644-42da-9c9d-5bc609ee50f9:group-B0DB96473380 set configuration 0: [071d6781-1644-42da-9c9d-5bc609ee50f9:192.168.34.50:45883], old=null at 0
2019-09-19 05:38:58,219 [59f0521e-f2db-40e0-a265-2c416172e989:group-6EA9CD1F251B:LeaderElection3] INFO  impl.LeaderElection (LeaderElection.java:askForVotes(181)) - 59f0521e-f2db-40e0-a265-2c416172e989:group-6EA9CD1F251B:LeaderElection3: begin an election at term 1 for -1: [59f0521e-f2db-40e0-a265-2c416172e989:192.168.34.50:37624], old=null
2019-09-19 05:38:58,219 [59f0521e-f2db-40e0-a265-2c416172e989:group-6EA9CD1F251B:LeaderElection3] INFO  impl.RoleInfo (RoleInfo.java:shutdownLeaderElection(134)) - 59f0521e-f2db-40e0-a265-2c416172e989: shutdown LeaderElection
2019-09-19 05:38:58,220 [59f0521e-f2db-40e0-a265-2c416172e989:group-6EA9CD1F251B:LeaderElection3] INFO  impl.RaftServerImpl (RaftServerImpl.java:setRole(171)) - 59f0521e-f2db-40e0-a265-2c416172e989:group-6EA9CD1F251B changes role from CANDIDATE to LEADER at term 1 for changeToLeader
2019-09-19 05:38:58,220 [59f0521e-f2db-40e0-a265-2c416172e989:group-6EA9CD1F251B:LeaderElection3] INFO  impl.RaftServerImpl (ServerState.java:setLeader(263)) - 59f0521e-f2db-40e0-a265-2c416172e989:group-6EA9CD1F251B change Leader from null to 59f0521e-f2db-40e0-a265-2c416172e989 at term 1 for becomeLeader, leader elected after 5310ms
2019-09-19 05:38:58,221 [59f0521e-f2db-40e0-a265-2c416172e989:group-6EA9CD1F251B:LeaderElection3] INFO  server.RaftServerConfigKeys (ConfUtils.java:logGet(43)) - raft.server.staging.catchup.gap = 1000 (default)
2019-09-19 05:38:58,221 [59f0521e-f2db-40e0-a265-2c416172e989:group-6EA9CD1F251B:LeaderElection3] INFO  server.RaftServerConfigKeys (ConfUtils.java:logGet(43)) - raft.server.rpc.sleep.time = 25ms (default)
2019-09-19 05:38:58,222 [59f0521e-f2db-40e0-a265-2c416172e989:group-6EA9CD1F251B:LeaderElection3] INFO  server.RaftServerConfigKeys (ConfUtils.java:logGet(43)) - raft.server.write.element-limit = 4096 (default)
2019-09-19 05:38:58,222 [59f0521e-f2db-40e0-a265-2c416172e989:group-6EA9CD1F251B:LeaderElection3] INFO  server.RaftServerConfigKeys (ConfUtils.java:logGet(43)) - raft.server.watch.timeout = 10s (default)
2019-09-19 05:38:58,222 [59f0521e-f2db-40e0-a265-2c416172e989:group-6EA9CD1F251B:LeaderElection3] INFO  server.RaftServerConfigKeys (ConfUtils.java:logGet(43)) - raft.server.watch.timeout.denomination = 1s (default)
2019-09-19 05:38:58,222 [59f0521e-f2db-40e0-a265-2c416172e989:group-6EA9CD1F251B:LeaderElection3] INFO  server.RaftServerConfigKeys (ConfUtils.java:logGet(43)) - raft.server.watch.element-limit = 65536 (default)
2019-09-19 05:38:58,222 [59f0521e-f2db-40e0-a265-2c416172e989:group-6EA9CD1F251B:LeaderElection3] INFO  impl.RoleInfo (RoleInfo.java:updateAndGet(143)) - 59f0521e-f2db-40e0-a265-2c416172e989: start LeaderState
2019-09-19 05:38:58,223 [59f0521e-f2db-40e0-a265-2c416172e989:group-6EA9CD1F251B:LeaderElection3] INFO  segmented.SegmentedRaftLogWorker (SegmentedRaftLogWorker.java:startLogSegment(380)) - 59f0521e-f2db-40e0-a265-2c416172e989-SegmentedRaftLogWorker:Storage Directory /workdir/hadoop-ozone/tools/target/test-dir/MiniOzoneClusterImpl-45489806-9620-4140-aff2-4615b0492468/datanode-0/data/ratis/f790581a-36c8-454a-8ef8-6ea9cd1f251b: Starting segment from index:0
2019-09-19 05:38:58,223 [59f0521e-f2db-40e0-a265-2c416172e989:group-6EA9CD1F251B:LeaderElection3] INFO  impl.RaftServerImpl (ServerState.java:setRaftConf(361)) - 59f0521e-f2db-40e0-a265-2c416172e989:group-6EA9CD1F251B set configuration 0: [59f0521e-f2db-40e0-a265-2c416172e989:192.168.34.50:37624], old=null at 0
2019-09-19 05:38:58,225 [Thread-213] INFO  impl.FollowerState (FollowerState.java:run(106)) - 142012b4-58f3-42c7-942d-1d383fc72593:group-E249B7348145 changes to CANDIDATE, lastRpcTime:5192, electionTimeout:5188ms
2019-09-19 05:38:58,225 [Thread-213] INFO  impl.RoleInfo (RoleInfo.java:shutdownFollowerState(121)) - 142012b4-58f3-42c7-942d-1d383fc72593: shutdown FollowerState
2019-09-19 05:38:58,225 [Thread-213] INFO  impl.RaftServerImpl (RaftServerImpl.java:setRole(171)) - 142012b4-58f3-42c7-942d-1d383fc72593:group-E249B7348145 changes role from FOLLOWER to CANDIDATE at term 0 for changeToCandidate
2019-09-19 05:38:58,225 [Thread-213] INFO  impl.RoleInfo (RoleInfo.java:updateAndGet(143)) - 142012b4-58f3-42c7-942d-1d383fc72593: start LeaderElection
2019-09-19 05:38:58,264 [c250e534-d056-4ea9-ab7f-7abc49507a59:group-3333BD90C255:LeaderElection4] INFO  impl.LeaderElection (LeaderElection.java:askForVotes(181)) - c250e534-d056-4ea9-ab7f-7abc49507a59:group-3333BD90C255:LeaderElection4: begin an election at term 1 for -1: [c250e534-d056-4ea9-ab7f-7abc49507a59:192.168.34.50:34634], old=null
2019-09-19 05:38:58,264 [c250e534-d056-4ea9-ab7f-7abc49507a59:group-3333BD90C255:LeaderElection4] INFO  impl.RoleInfo (RoleInfo.java:shutdownLeaderElection(134)) - c250e534-d056-4ea9-ab7f-7abc49507a59: shutdown LeaderElection
2019-09-19 05:38:58,265 [c250e534-d056-4ea9-ab7f-7abc49507a59:group-3333BD90C255:LeaderElection4] INFO  impl.RaftServerImpl (RaftServerImpl.java:setRole(171)) - c250e534-d056-4ea9-ab7f-7abc49507a59:group-3333BD90C255 changes role from CANDIDATE to LEADER at term 1 for changeToLeader
2019-09-19 05:38:58,265 [c250e534-d056-4ea9-ab7f-7abc49507a59:group-3333BD90C255:LeaderElection4] INFO  impl.RaftServerImpl (ServerState.java:setLeader(263)) - c250e534-d056-4ea9-ab7f-7abc49507a59:group-3333BD90C255 change Leader from null to c250e534-d056-4ea9-ab7f-7abc49507a59 at term 1 for becomeLeader, leader elected after 5354ms
2019-09-19 05:38:58,267 [c250e534-d056-4ea9-ab7f-7abc49507a59:group-3333BD90C255:LeaderElection4] INFO  server.RaftServerConfigKeys (ConfUtils.java:logGet(43)) - raft.server.staging.catchup.gap = 1000 (default)
2019-09-19 05:38:58,268 [c250e534-d056-4ea9-ab7f-7abc49507a59:group-3333BD90C255:LeaderElection4] INFO  server.RaftServerConfigKeys (ConfUtils.java:logGet(43)) - raft.server.rpc.sleep.time = 25ms (default)
2019-09-19 05:38:58,268 [c250e534-d056-4ea9-ab7f-7abc49507a59:group-3333BD90C255:LeaderElection4] INFO  server.RaftServerConfigKeys (ConfUtils.java:logGet(43)) - raft.server.write.element-limit = 4096 (default)
2019-09-19 05:38:58,268 [c250e534-d056-4ea9-ab7f-7abc49507a59:group-3333BD90C255:LeaderElection4] INFO  server.RaftServerConfigKeys (ConfUtils.java:logGet(43)) - raft.server.watch.timeout = 10s (default)
2019-09-19 05:38:58,268 [c250e534-d056-4ea9-ab7f-7abc49507a59:group-3333BD90C255:LeaderElection4] INFO  server.RaftServerConfigKeys (ConfUtils.java:logGet(43)) - raft.server.watch.timeout.denomination = 1s (default)
2019-09-19 05:38:58,268 [c250e534-d056-4ea9-ab7f-7abc49507a59:group-3333BD90C255:LeaderElection4] INFO  server.RaftServerConfigKeys (ConfUtils.java:logGet(43)) - raft.server.watch.element-limit = 65536 (default)
2019-09-19 05:38:58,269 [c250e534-d056-4ea9-ab7f-7abc49507a59:group-3333BD90C255:LeaderElection4] INFO  impl.RoleInfo (RoleInfo.java:updateAndGet(143)) - c250e534-d056-4ea9-ab7f-7abc49507a59: start LeaderState
2019-09-19 05:38:58,269 [c250e534-d056-4ea9-ab7f-7abc49507a59:group-3333BD90C255:LeaderElection4] INFO  segmented.SegmentedRaftLogWorker (SegmentedRaftLogWorker.java:startLogSegment(380)) - c250e534-d056-4ea9-ab7f-7abc49507a59-SegmentedRaftLogWorker:Storage Directory /workdir/hadoop-ozone/tools/target/test-dir/MiniOzoneClusterImpl-45489806-9620-4140-aff2-4615b0492468/datanode-4/data/ratis/17abc75e-1462-4793-8d98-3333bd90c255: Starting segment from index:0
2019-09-19 05:38:58,270 [c250e534-d056-4ea9-ab7f-7abc49507a59:group-3333BD90C255:LeaderElection4] INFO  impl.RaftServerImpl (ServerState.java:setRaftConf(361)) - c250e534-d056-4ea9-ab7f-7abc49507a59:group-3333BD90C255 set configuration 0: [c250e534-d056-4ea9-ab7f-7abc49507a59:192.168.34.50:34634], old=null at 0
2019-09-19 05:38:58,276 [142012b4-58f3-42c7-942d-1d383fc72593:group-E249B7348145:LeaderElection5] INFO  impl.LeaderElection (LeaderElection.java:askForVotes(181)) - 142012b4-58f3-42c7-942d-1d383fc72593:group-E249B7348145:LeaderElection5: begin an election at term 1 for -1: [142012b4-58f3-42c7-942d-1d383fc72593:192.168.34.50:35957], old=null
2019-09-19 05:38:58,277 [142012b4-58f3-42c7-942d-1d383fc72593:group-E249B7348145:LeaderElection5] INFO  impl.RoleInfo (RoleInfo.java:shutdownLeaderElection(134)) - 142012b4-58f3-42c7-942d-1d383fc72593: shutdown LeaderElection
2019-09-19 05:38:58,277 [142012b4-58f3-42c7-942d-1d383fc72593:group-E249B7348145:LeaderElection5] INFO  impl.RaftServerImpl (RaftServerImpl.java:setRole(171)) - 142012b4-58f3-42c7-942d-1d383fc72593:group-E249B7348145 changes role from CANDIDATE to LEADER at term 1 for changeToLeader
2019-09-19 05:38:58,277 [142012b4-58f3-42c7-942d-1d383fc72593:group-E249B7348145:LeaderElection5] INFO  impl.RaftServerImpl (ServerState.java:setLeader(263)) - 142012b4-58f3-42c7-942d-1d383fc72593:group-E249B7348145 change Leader from null to 142012b4-58f3-42c7-942d-1d383fc72593 at term 1 for becomeLeader, leader elected after 5367ms
2019-09-19 05:38:58,279 [142012b4-58f3-42c7-942d-1d383fc72593:group-E249B7348145:LeaderElection5] INFO  server.RaftServerConfigKeys (ConfUtils.java:logGet(43)) - raft.server.staging.catchup.gap = 1000 (default)
2019-09-19 05:38:58,279 [142012b4-58f3-42c7-942d-1d383fc72593:group-E249B7348145:LeaderElection5] INFO  server.RaftServerConfigKeys (ConfUtils.java:logGet(43)) - raft.server.rpc.sleep.time = 25ms (default)
2019-09-19 05:38:58,279 [142012b4-58f3-42c7-942d-1d383fc72593:group-E249B7348145:LeaderElection5] INFO  server.RaftServerConfigKeys (ConfUtils.java:logGet(43)) - raft.server.write.element-limit = 4096 (default)
2019-09-19 05:38:58,279 [142012b4-58f3-42c7-942d-1d383fc72593:group-E249B7348145:LeaderElection5] INFO  server.RaftServerConfigKeys (ConfUtils.java:logGet(43)) - raft.server.watch.timeout = 10s (default)
2019-09-19 05:38:58,279 [142012b4-58f3-42c7-942d-1d383fc72593:group-E249B7348145:LeaderElection5] INFO  server.RaftServerConfigKeys (ConfUtils.java:logGet(43)) - raft.server.watch.timeout.denomination = 1s (default)
2019-09-19 05:38:58,280 [142012b4-58f3-42c7-942d-1d383fc72593:group-E249B7348145:LeaderElection5] INFO  server.RaftServerConfigKeys (ConfUtils.java:logGet(43)) - raft.server.watch.element-limit = 65536 (default)
2019-09-19 05:38:58,280 [142012b4-58f3-42c7-942d-1d383fc72593:group-E249B7348145:LeaderElection5] INFO  impl.RoleInfo (RoleInfo.java:updateAndGet(143)) - 142012b4-58f3-42c7-942d-1d383fc72593: start LeaderState
2019-09-19 05:38:58,280 [142012b4-58f3-42c7-942d-1d383fc72593:group-E249B7348145:LeaderElection5] INFO  segmented.SegmentedRaftLogWorker (SegmentedRaftLogWorker.java:startLogSegment(380)) - 142012b4-58f3-42c7-942d-1d383fc72593-SegmentedRaftLogWorker:Storage Directory /workdir/hadoop-ozone/tools/target/test-dir/MiniOzoneClusterImpl-45489806-9620-4140-aff2-4615b0492468/datanode-1/data/ratis/86d35962-d67c-4f23-81e1-e249b7348145: Starting segment from index:0
2019-09-19 05:38:58,281 [142012b4-58f3-42c7-942d-1d383fc72593:group-E249B7348145:LeaderElection5] INFO  impl.RaftServerImpl (ServerState.java:setRaftConf(361)) - 142012b4-58f3-42c7-942d-1d383fc72593:group-E249B7348145 set configuration 0: [142012b4-58f3-42c7-942d-1d383fc72593:192.168.34.50:35957], old=null at 0
2019-09-19 05:38:58,307 [Thread-223] INFO  impl.FollowerState (FollowerState.java:run(106)) - 59f0521e-f2db-40e0-a265-2c416172e989:group-5945D6ADDBA8 changes to CANDIDATE, lastRpcTime:5032, electionTimeout:5032ms
2019-09-19 05:38:58,307 [Thread-223] INFO  impl.RoleInfo (RoleInfo.java:shutdownFollowerState(121)) - 59f0521e-f2db-40e0-a265-2c416172e989: shutdown FollowerState
2019-09-19 05:38:58,307 [Thread-223] INFO  impl.RaftServerImpl (RaftServerImpl.java:setRole(171)) - 59f0521e-f2db-40e0-a265-2c416172e989:group-5945D6ADDBA8 changes role from FOLLOWER to CANDIDATE at term 0 for changeToCandidate
2019-09-19 05:38:58,307 [Thread-223] INFO  impl.RoleInfo (RoleInfo.java:updateAndGet(143)) - 59f0521e-f2db-40e0-a265-2c416172e989: start LeaderElection
2019-09-19 05:38:58,367 [Thread-228] INFO  impl.FollowerState (FollowerState.java:run(106)) - 0573540b-1b55-49b7-943a-2f8214ec5bc1:group-5945D6ADDBA8 changes to CANDIDATE, lastRpcTime:5089, electionTimeout:5087ms
2019-09-19 05:38:58,367 [Thread-228] INFO  impl.RoleInfo (RoleInfo.java:shutdownFollowerState(121)) - 0573540b-1b55-49b7-943a-2f8214ec5bc1: shutdown FollowerState
2019-09-19 05:38:58,368 [Thread-228] INFO  impl.RaftServerImpl (RaftServerImpl.java:setRole(171)) - 0573540b-1b55-49b7-943a-2f8214ec5bc1:group-5945D6ADDBA8 changes role from FOLLOWER to CANDIDATE at term 0 for changeToCandidate
2019-09-19 05:38:58,368 [Thread-228] INFO  impl.RoleInfo (RoleInfo.java:updateAndGet(143)) - 0573540b-1b55-49b7-943a-2f8214ec5bc1: start LeaderElection
2019-09-19 05:38:58,380 | INFO  | SCMAudit | user=jenkins1000 | ip=192.168.34.50 | op=SEND_HEARTBEAT {datanodeUUID=0573540b-1b55-49b7-943a-2f8214ec5bc1, command=[]} | ret=SUCCESS |  
2019-09-19 05:38:58,392 | INFO  | SCMAudit | user=jenkins1000 | ip=192.168.34.50 | op=SEND_HEARTBEAT {datanodeUUID=071d6781-1644-42da-9c9d-5bc609ee50f9, command=[]} | ret=SUCCESS |  
2019-09-19 05:38:58,404 [59f0521e-f2db-40e0-a265-2c416172e989:group-5945D6ADDBA8:LeaderElection6] INFO  impl.LeaderElection (LeaderElection.java:askForVotes(181)) - 59f0521e-f2db-40e0-a265-2c416172e989:group-5945D6ADDBA8:LeaderElection6: begin an election at term 1 for -1: [142012b4-58f3-42c7-942d-1d383fc72593:192.168.34.50:35957, 0573540b-1b55-49b7-943a-2f8214ec5bc1:192.168.34.50:38514, 59f0521e-f2db-40e0-a265-2c416172e989:192.168.34.50:37624], old=null
2019-09-19 05:38:58,455 [Thread-227] INFO  impl.FollowerState (FollowerState.java:run(106)) - 142012b4-58f3-42c7-942d-1d383fc72593:group-5945D6ADDBA8 changes to CANDIDATE, lastRpcTime:5177, electionTimeout:5145ms
2019-09-19 05:38:58,456 [0573540b-1b55-49b7-943a-2f8214ec5bc1:group-5945D6ADDBA8:LeaderElection7] INFO  impl.LeaderElection (LeaderElection.java:askForVotes(181)) - 0573540b-1b55-49b7-943a-2f8214ec5bc1:group-5945D6ADDBA8:LeaderElection7: begin an election at term 1 for -1: [142012b4-58f3-42c7-942d-1d383fc72593:192.168.34.50:35957, 0573540b-1b55-49b7-943a-2f8214ec5bc1:192.168.34.50:38514, 59f0521e-f2db-40e0-a265-2c416172e989:192.168.34.50:37624], old=null
2019-09-19 05:38:58,456 [Thread-227] INFO  impl.RoleInfo (RoleInfo.java:shutdownFollowerState(121)) - 142012b4-58f3-42c7-942d-1d383fc72593: shutdown FollowerState
2019-09-19 05:38:58,456 [Thread-227] INFO  impl.RaftServerImpl (RaftServerImpl.java:setRole(171)) - 142012b4-58f3-42c7-942d-1d383fc72593:group-5945D6ADDBA8 changes role from FOLLOWER to CANDIDATE at term 0 for changeToCandidate
2019-09-19 05:38:58,457 [Thread-227] INFO  impl.RoleInfo (RoleInfo.java:updateAndGet(143)) - 142012b4-58f3-42c7-942d-1d383fc72593: start LeaderElection
2019-09-19 05:38:58,527 [c250e534-d056-4ea9-ab7f-7abc49507a59-SegmentedRaftLogWorker:Storage Directory /workdir/hadoop-ozone/tools/target/test-dir/MiniOzoneClusterImpl-45489806-9620-4140-aff2-4615b0492468/datanode-4/data/ratis/17abc75e-1462-4793-8d98-3333bd90c255] INFO  segmented.SegmentedRaftLogWorker (SegmentedRaftLogWorker.java:execute(569)) - c250e534-d056-4ea9-ab7f-7abc49507a59-SegmentedRaftLogWorker:Storage Directory /workdir/hadoop-ozone/tools/target/test-dir/MiniOzoneClusterImpl-45489806-9620-4140-aff2-4615b0492468/datanode-4/data/ratis/17abc75e-1462-4793-8d98-3333bd90c255: created new log segment /workdir/hadoop-ozone/tools/target/test-dir/MiniOzoneClusterImpl-45489806-9620-4140-aff2-4615b0492468/datanode-4/data/ratis/17abc75e-1462-4793-8d98-3333bd90c255/current/log_inprogress_0
2019-09-19 05:38:58,527 [142012b4-58f3-42c7-942d-1d383fc72593:group-5945D6ADDBA8:LeaderElection8] INFO  impl.LeaderElection (LeaderElection.java:askForVotes(181)) - 142012b4-58f3-42c7-942d-1d383fc72593:group-5945D6ADDBA8:LeaderElection8: begin an election at term 1 for -1: [142012b4-58f3-42c7-942d-1d383fc72593:192.168.34.50:35957, 0573540b-1b55-49b7-943a-2f8214ec5bc1:192.168.34.50:38514, 59f0521e-f2db-40e0-a265-2c416172e989:192.168.34.50:37624], old=null
2019-09-19 05:38:58,527 [59f0521e-f2db-40e0-a265-2c416172e989-SegmentedRaftLogWorker:Storage Directory /workdir/hadoop-ozone/tools/target/test-dir/MiniOzoneClusterImpl-45489806-9620-4140-aff2-4615b0492468/datanode-0/data/ratis/f790581a-36c8-454a-8ef8-6ea9cd1f251b] INFO  segmented.SegmentedRaftLogWorker (SegmentedRaftLogWorker.java:execute(569)) - 59f0521e-f2db-40e0-a265-2c416172e989-SegmentedRaftLogWorker:Storage Directory /workdir/hadoop-ozone/tools/target/test-dir/MiniOzoneClusterImpl-45489806-9620-4140-aff2-4615b0492468/datanode-0/data/ratis/f790581a-36c8-454a-8ef8-6ea9cd1f251b: created new log segment /workdir/hadoop-ozone/tools/target/test-dir/MiniOzoneClusterImpl-45489806-9620-4140-aff2-4615b0492468/datanode-0/data/ratis/f790581a-36c8-454a-8ef8-6ea9cd1f251b/current/log_inprogress_0
2019-09-19 05:38:58,527 [071d6781-1644-42da-9c9d-5bc609ee50f9-SegmentedRaftLogWorker:Storage Directory /workdir/hadoop-ozone/tools/target/test-dir/MiniOzoneClusterImpl-45489806-9620-4140-aff2-4615b0492468/datanode-3/data/ratis/06840672-7945-4914-90a0-b0db96473380] INFO  segmented.SegmentedRaftLogWorker (SegmentedRaftLogWorker.java:execute(569)) - 071d6781-1644-42da-9c9d-5bc609ee50f9-SegmentedRaftLogWorker:Storage Directory /workdir/hadoop-ozone/tools/target/test-dir/MiniOzoneClusterImpl-45489806-9620-4140-aff2-4615b0492468/datanode-3/data/ratis/06840672-7945-4914-90a0-b0db96473380: created new log segment /workdir/hadoop-ozone/tools/target/test-dir/MiniOzoneClusterImpl-45489806-9620-4140-aff2-4615b0492468/datanode-3/data/ratis/06840672-7945-4914-90a0-b0db96473380/current/log_inprogress_0
2019-09-19 05:38:58,527 [0573540b-1b55-49b7-943a-2f8214ec5bc1-SegmentedRaftLogWorker:Storage Directory /workdir/hadoop-ozone/tools/target/test-dir/MiniOzoneClusterImpl-45489806-9620-4140-aff2-4615b0492468/datanode-2/data/ratis/796a5733-75a3-4313-ae58-d3bfb463dd20] INFO  segmented.SegmentedRaftLogWorker (SegmentedRaftLogWorker.java:execute(569)) - 0573540b-1b55-49b7-943a-2f8214ec5bc1-SegmentedRaftLogWorker:Storage Directory /workdir/hadoop-ozone/tools/target/test-dir/MiniOzoneClusterImpl-45489806-9620-4140-aff2-4615b0492468/datanode-2/data/ratis/796a5733-75a3-4313-ae58-d3bfb463dd20: created new log segment /workdir/hadoop-ozone/tools/target/test-dir/MiniOzoneClusterImpl-45489806-9620-4140-aff2-4615b0492468/datanode-2/data/ratis/796a5733-75a3-4313-ae58-d3bfb463dd20/current/log_inprogress_0
2019-09-19 05:38:58,527 [142012b4-58f3-42c7-942d-1d383fc72593-SegmentedRaftLogWorker:Storage Directory /workdir/hadoop-ozone/tools/target/test-dir/MiniOzoneClusterImpl-45489806-9620-4140-aff2-4615b0492468/datanode-1/data/ratis/86d35962-d67c-4f23-81e1-e249b7348145] INFO  segmented.SegmentedRaftLogWorker (SegmentedRaftLogWorker.java:execute(569)) - 142012b4-58f3-42c7-942d-1d383fc72593-SegmentedRaftLogWorker:Storage Directory /workdir/hadoop-ozone/tools/target/test-dir/MiniOzoneClusterImpl-45489806-9620-4140-aff2-4615b0492468/datanode-1/data/ratis/86d35962-d67c-4f23-81e1-e249b7348145: created new log segment /workdir/hadoop-ozone/tools/target/test-dir/MiniOzoneClusterImpl-45489806-9620-4140-aff2-4615b0492468/datanode-1/data/ratis/86d35962-d67c-4f23-81e1-e249b7348145/current/log_inprogress_0
2019-09-19 05:38:58,548 [59f0521e-f2db-40e0-a265-2c416172e989:group-5945D6ADDBA8:LeaderElection6] INFO  impl.LeaderElection (LeaderElection.java:logAndReturn(56)) - 59f0521e-f2db-40e0-a265-2c416172e989:group-5945D6ADDBA8:LeaderElection6: Election REJECTED; received 2 response(s) [59f0521e-f2db-40e0-a265-2c416172e989<-142012b4-58f3-42c7-942d-1d383fc72593#0:FAIL-t1, 59f0521e-f2db-40e0-a265-2c416172e989<-0573540b-1b55-49b7-943a-2f8214ec5bc1#0:FAIL-t1] and 0 exception(s); 59f0521e-f2db-40e0-a265-2c416172e989:t1, leader=null, voted=59f0521e-f2db-40e0-a265-2c416172e989, raftlog=59f0521e-f2db-40e0-a265-2c416172e989-SegmentedRaftLog:OPENED:c-1,f-1,i0, conf=-1: [142012b4-58f3-42c7-942d-1d383fc72593:192.168.34.50:35957, 0573540b-1b55-49b7-943a-2f8214ec5bc1:192.168.34.50:38514, 59f0521e-f2db-40e0-a265-2c416172e989:192.168.34.50:37624], old=null
2019-09-19 05:38:58,549 [0573540b-1b55-49b7-943a-2f8214ec5bc1:group-5945D6ADDBA8:LeaderElection7] INFO  impl.LeaderElection (LeaderElection.java:logAndReturn(56)) - 0573540b-1b55-49b7-943a-2f8214ec5bc1:group-5945D6ADDBA8:LeaderElection7: Election REJECTED; received 2 response(s) [0573540b-1b55-49b7-943a-2f8214ec5bc1<-142012b4-58f3-42c7-942d-1d383fc72593#0:FAIL-t1, 0573540b-1b55-49b7-943a-2f8214ec5bc1<-59f0521e-f2db-40e0-a265-2c416172e989#0:FAIL-t1] and 0 exception(s); 0573540b-1b55-49b7-943a-2f8214ec5bc1:t1, leader=null, voted=0573540b-1b55-49b7-943a-2f8214ec5bc1, raftlog=0573540b-1b55-49b7-943a-2f8214ec5bc1-SegmentedRaftLog:OPENED:c-1,f-1,i0, conf=-1: [142012b4-58f3-42c7-942d-1d383fc72593:192.168.34.50:35957, 0573540b-1b55-49b7-943a-2f8214ec5bc1:192.168.34.50:38514, 59f0521e-f2db-40e0-a265-2c416172e989:192.168.34.50:37624], old=null
2019-09-19 05:38:58,552 [0573540b-1b55-49b7-943a-2f8214ec5bc1:group-5945D6ADDBA8:LeaderElection7] INFO  impl.RaftServerImpl (RaftServerImpl.java:setRole(171)) - 0573540b-1b55-49b7-943a-2f8214ec5bc1:group-5945D6ADDBA8 changes role from CANDIDATE to FOLLOWER at term 1 for DISCOVERED_A_NEW_TERM
2019-09-19 05:38:58,552 [59f0521e-f2db-40e0-a265-2c416172e989:group-5945D6ADDBA8:LeaderElection6] INFO  impl.RaftServerImpl (RaftServerImpl.java:setRole(171)) - 59f0521e-f2db-40e0-a265-2c416172e989:group-5945D6ADDBA8 changes role from CANDIDATE to FOLLOWER at term 1 for DISCOVERED_A_NEW_TERM
2019-09-19 05:38:58,556 [59f0521e-f2db-40e0-a265-2c416172e989:group-5945D6ADDBA8:LeaderElection6] INFO  impl.RoleInfo (RoleInfo.java:shutdownLeaderElection(134)) - 59f0521e-f2db-40e0-a265-2c416172e989: shutdown LeaderElection
2019-09-19 05:38:58,555 [0573540b-1b55-49b7-943a-2f8214ec5bc1:group-5945D6ADDBA8:LeaderElection7] INFO  impl.RoleInfo (RoleInfo.java:shutdownLeaderElection(134)) - 0573540b-1b55-49b7-943a-2f8214ec5bc1: shutdown LeaderElection
2019-09-19 05:38:58,556 [59f0521e-f2db-40e0-a265-2c416172e989:group-5945D6ADDBA8:LeaderElection6] INFO  impl.RoleInfo (RoleInfo.java:updateAndGet(143)) - 59f0521e-f2db-40e0-a265-2c416172e989: start FollowerState
2019-09-19 05:38:58,556 [0573540b-1b55-49b7-943a-2f8214ec5bc1:group-5945D6ADDBA8:LeaderElection7] INFO  impl.RoleInfo (RoleInfo.java:updateAndGet(143)) - 0573540b-1b55-49b7-943a-2f8214ec5bc1: start FollowerState
2019-09-19 05:38:58,568 [142012b4-58f3-42c7-942d-1d383fc72593:group-5945D6ADDBA8:LeaderElection8] INFO  impl.LeaderElection (LeaderElection.java:logAndReturn(56)) - 142012b4-58f3-42c7-942d-1d383fc72593:group-5945D6ADDBA8:LeaderElection8: Election REJECTED; received 2 response(s) [142012b4-58f3-42c7-942d-1d383fc72593<-0573540b-1b55-49b7-943a-2f8214ec5bc1#0:FAIL-t1, 142012b4-58f3-42c7-942d-1d383fc72593<-59f0521e-f2db-40e0-a265-2c416172e989#0:FAIL-t1] and 0 exception(s); 142012b4-58f3-42c7-942d-1d383fc72593:t1, leader=null, voted=142012b4-58f3-42c7-942d-1d383fc72593, raftlog=142012b4-58f3-42c7-942d-1d383fc72593-SegmentedRaftLog:OPENED:c-1,f-1,i0, conf=-1: [142012b4-58f3-42c7-942d-1d383fc72593:192.168.34.50:35957, 0573540b-1b55-49b7-943a-2f8214ec5bc1:192.168.34.50:38514, 59f0521e-f2db-40e0-a265-2c416172e989:192.168.34.50:37624], old=null
2019-09-19 05:38:58,568 [142012b4-58f3-42c7-942d-1d383fc72593:group-5945D6ADDBA8:LeaderElection8] INFO  impl.RaftServerImpl (RaftServerImpl.java:setRole(171)) - 142012b4-58f3-42c7-942d-1d383fc72593:group-5945D6ADDBA8 changes role from CANDIDATE to FOLLOWER at term 1 for DISCOVERED_A_NEW_TERM
2019-09-19 05:38:58,569 [142012b4-58f3-42c7-942d-1d383fc72593:group-5945D6ADDBA8:LeaderElection8] INFO  impl.RoleInfo (RoleInfo.java:shutdownLeaderElection(134)) - 142012b4-58f3-42c7-942d-1d383fc72593: shutdown LeaderElection
2019-09-19 05:38:58,571 [142012b4-58f3-42c7-942d-1d383fc72593:group-5945D6ADDBA8:LeaderElection8] INFO  impl.RoleInfo (RoleInfo.java:updateAndGet(143)) - 142012b4-58f3-42c7-942d-1d383fc72593: start FollowerState
2019-09-19 05:38:58,574 | INFO  | SCMAudit | user=jenkins1000 | ip=192.168.34.50 | op=SEND_HEARTBEAT {datanodeUUID=59f0521e-f2db-40e0-a265-2c416172e989, command=[]} | ret=SUCCESS |  
2019-09-19 05:38:58,662 | INFO  | SCMAudit | user=jenkins1000 | ip=192.168.34.50 | op=SEND_HEARTBEAT {datanodeUUID=c250e534-d056-4ea9-ab7f-7abc49507a59, command=[]} | ret=SUCCESS |  
2019-09-19 05:38:58,836 | INFO  | SCMAudit | user=jenkins1000 | ip=192.168.34.50 | op=SEND_HEARTBEAT {datanodeUUID=142012b4-58f3-42c7-942d-1d383fc72593, command=[]} | ret=SUCCESS |  
 100.00% |█████████████████████████████████████████████████████████████████████████████████████████████████████|  1/1 Time: 0:00:05
2019-09-19 05:38:59,381 | INFO  | SCMAudit | user=jenkins1000 | ip=192.168.34.50 | op=SEND_HEARTBEAT {datanodeUUID=0573540b-1b55-49b7-943a-2f8214ec5bc1, command=[]} | ret=SUCCESS |  
2019-09-19 05:38:59,392 | INFO  | SCMAudit | user=jenkins1000 | ip=192.168.34.50 | op=SEND_HEARTBEAT {datanodeUUID=071d6781-1644-42da-9c9d-5bc609ee50f9, command=[]} | ret=SUCCESS |  
2019-09-19 05:38:59,572 | INFO  | SCMAudit | user=jenkins1000 | ip=192.168.34.50 | op=SEND_HEARTBEAT {datanodeUUID=59f0521e-f2db-40e0-a265-2c416172e989, command=[]} | ret=SUCCESS |  
2019-09-19 05:38:59,661 | INFO  | SCMAudit | user=jenkins1000 | ip=192.168.34.50 | op=SEND_HEARTBEAT {datanodeUUID=c250e534-d056-4ea9-ab7f-7abc49507a59, command=[]} | ret=SUCCESS |  
2019-09-19 05:38:59,836 | INFO  | SCMAudit | user=jenkins1000 | ip=192.168.34.50 | op=SEND_HEARTBEAT {datanodeUUID=142012b4-58f3-42c7-942d-1d383fc72593, command=[]} | ret=SUCCESS |  
2019-09-19 05:39:00,380 | INFO  | SCMAudit | user=jenkins1000 | ip=192.168.34.50 | op=SEND_HEARTBEAT {datanodeUUID=0573540b-1b55-49b7-943a-2f8214ec5bc1, command=[]} | ret=SUCCESS |  
2019-09-19 05:39:00,392 | INFO  | SCMAudit | user=jenkins1000 | ip=192.168.34.50 | op=SEND_HEARTBEAT {datanodeUUID=071d6781-1644-42da-9c9d-5bc609ee50f9, command=[]} | ret=SUCCESS |  
2019-09-19 05:39:00,572 | INFO  | SCMAudit | user=jenkins1000 | ip=192.168.34.50 | op=SEND_HEARTBEAT {datanodeUUID=59f0521e-f2db-40e0-a265-2c416172e989, command=[]} | ret=SUCCESS |  
2019-09-19 05:39:00,661 | INFO  | SCMAudit | user=jenkins1000 | ip=192.168.34.50 | op=SEND_HEARTBEAT {datanodeUUID=c250e534-d056-4ea9-ab7f-7abc49507a59, command=[]} | ret=SUCCESS |  
2019-09-19 05:39:00,836 | INFO  | SCMAudit | user=jenkins1000 | ip=192.168.34.50 | op=SEND_HEARTBEAT {datanodeUUID=142012b4-58f3-42c7-942d-1d383fc72593, command=[]} | ret=SUCCESS |  
2019-09-19 05:39:01,380 | INFO  | SCMAudit | user=jenkins1000 | ip=192.168.34.50 | op=SEND_HEARTBEAT {datanodeUUID=0573540b-1b55-49b7-943a-2f8214ec5bc1, command=[]} | ret=SUCCESS |  
2019-09-19 05:39:01,392 | INFO  | SCMAudit | user=jenkins1000 | ip=192.168.34.50 | op=SEND_HEARTBEAT {datanodeUUID=071d6781-1644-42da-9c9d-5bc609ee50f9, command=[]} | ret=SUCCESS |  
2019-09-19 05:39:01,573 | INFO  | SCMAudit | user=jenkins1000 | ip=192.168.34.50 | op=SEND_HEARTBEAT {datanodeUUID=59f0521e-f2db-40e0-a265-2c416172e989, command=[]} | ret=SUCCESS |  
2019-09-19 05:39:01,662 | INFO  | SCMAudit | user=jenkins1000 | ip=192.168.34.50 | op=SEND_HEARTBEAT {datanodeUUID=c250e534-d056-4ea9-ab7f-7abc49507a59, command=[]} | ret=SUCCESS |  
2019-09-19 05:39:01,837 | INFO  | SCMAudit | user=jenkins1000 | ip=192.168.34.50 | op=SEND_HEARTBEAT {datanodeUUID=142012b4-58f3-42c7-942d-1d383fc72593, command=[]} | ret=SUCCESS |  
2019-09-19 05:39:02,380 | INFO  | SCMAudit | user=jenkins1000 | ip=192.168.34.50 | op=SEND_HEARTBEAT {datanodeUUID=0573540b-1b55-49b7-943a-2f8214ec5bc1, command=[]} | ret=SUCCESS |  
2019-09-19 05:39:02,392 | INFO  | SCMAudit | user=jenkins1000 | ip=192.168.34.50 | op=SEND_HEARTBEAT {datanodeUUID=071d6781-1644-42da-9c9d-5bc609ee50f9, command=[]} | ret=SUCCESS |  
2019-09-19 05:39:02,572 | INFO  | SCMAudit | user=jenkins1000 | ip=192.168.34.50 | op=SEND_HEARTBEAT {datanodeUUID=59f0521e-f2db-40e0-a265-2c416172e989, command=[]} | ret=SUCCESS |  
2019-09-19 05:39:02,662 | INFO  | SCMAudit | user=jenkins1000 | ip=192.168.34.50 | op=SEND_HEARTBEAT {datanodeUUID=c250e534-d056-4ea9-ab7f-7abc49507a59, command=[]} | ret=SUCCESS |  
2019-09-19 05:39:02,837 | INFO  | SCMAudit | user=jenkins1000 | ip=192.168.34.50 | op=SEND_HEARTBEAT {datanodeUUID=142012b4-58f3-42c7-942d-1d383fc72593, command=[]} | ret=SUCCESS |  
2019-09-19 05:39:03,381 | INFO  | SCMAudit | user=jenkins1000 | ip=192.168.34.50 | op=SEND_HEARTBEAT {datanodeUUID=0573540b-1b55-49b7-943a-2f8214ec5bc1, command=[]} | ret=SUCCESS |  
2019-09-19 05:39:03,392 | INFO  | SCMAudit | user=jenkins1000 | ip=192.168.34.50 | op=SEND_HEARTBEAT {datanodeUUID=071d6781-1644-42da-9c9d-5bc609ee50f9, command=[]} | ret=SUCCESS |  
2019-09-19 05:39:03,572 | INFO  | SCMAudit | user=jenkins1000 | ip=192.168.34.50 | op=SEND_HEARTBEAT {datanodeUUID=59f0521e-f2db-40e0-a265-2c416172e989, command=[]} | ret=SUCCESS |  
2019-09-19 05:39:03,662 | INFO  | SCMAudit | user=jenkins1000 | ip=192.168.34.50 | op=SEND_HEARTBEAT {datanodeUUID=c250e534-d056-4ea9-ab7f-7abc49507a59, command=[]} | ret=SUCCESS |  
2019-09-19 05:39:03,666 [Thread-264] INFO  impl.FollowerState (FollowerState.java:run(106)) - 59f0521e-f2db-40e0-a265-2c416172e989:group-5945D6ADDBA8 changes to CANDIDATE, lastRpcTime:5109, electionTimeout:5109ms
2019-09-19 05:39:03,669 [Thread-264] INFO  impl.RoleInfo (RoleInfo.java:shutdownFollowerState(121)) - 59f0521e-f2db-40e0-a265-2c416172e989: shutdown FollowerState
2019-09-19 05:39:03,669 [Thread-264] INFO  impl.RaftServerImpl (RaftServerImpl.java:setRole(171)) - 59f0521e-f2db-40e0-a265-2c416172e989:group-5945D6ADDBA8 changes role from FOLLOWER to CANDIDATE at term 1 for changeToCandidate
2019-09-19 05:39:03,669 [Thread-264] INFO  impl.RoleInfo (RoleInfo.java:updateAndGet(143)) - 59f0521e-f2db-40e0-a265-2c416172e989: start LeaderElection
2019-09-19 05:39:03,723 [Thread-266] INFO  impl.FollowerState (FollowerState.java:run(106)) - 142012b4-58f3-42c7-942d-1d383fc72593:group-5945D6ADDBA8 changes to CANDIDATE, lastRpcTime:5152, electionTimeout:5151ms
2019-09-19 05:39:03,724 [Thread-266] INFO  impl.RoleInfo (RoleInfo.java:shutdownFollowerState(121)) - 142012b4-58f3-42c7-942d-1d383fc72593: shutdown FollowerState
2019-09-19 05:39:03,724 [Thread-266] INFO  impl.RaftServerImpl (RaftServerImpl.java:setRole(171)) - 142012b4-58f3-42c7-942d-1d383fc72593:group-5945D6ADDBA8 changes role from FOLLOWER to CANDIDATE at term 1 for changeToCandidate
2019-09-19 05:39:03,725 [Thread-266] INFO  impl.RoleInfo (RoleInfo.java:updateAndGet(143)) - 142012b4-58f3-42c7-942d-1d383fc72593: start LeaderElection
2019-09-19 05:39:03,749 [59f0521e-f2db-40e0-a265-2c416172e989:group-5945D6ADDBA8:LeaderElection9] INFO  impl.LeaderElection (LeaderElection.java:askForVotes(181)) - 59f0521e-f2db-40e0-a265-2c416172e989:group-5945D6ADDBA8:LeaderElection9: begin an election at term 2 for -1: [142012b4-58f3-42c7-942d-1d383fc72593:192.168.34.50:35957, 0573540b-1b55-49b7-943a-2f8214ec5bc1:192.168.34.50:38514, 59f0521e-f2db-40e0-a265-2c416172e989:192.168.34.50:37624], old=null
2019-09-19 05:39:03,754 [Thread-265] INFO  impl.FollowerState (FollowerState.java:run(106)) - 0573540b-1b55-49b7-943a-2f8214ec5bc1:group-5945D6ADDBA8 changes to CANDIDATE, lastRpcTime:5197, electionTimeout:5195ms
2019-09-19 05:39:03,754 [Thread-265] INFO  impl.RoleInfo (RoleInfo.java:shutdownFollowerState(121)) - 0573540b-1b55-49b7-943a-2f8214ec5bc1: shutdown FollowerState
2019-09-19 05:39:03,754 [Thread-265] INFO  impl.RaftServerImpl (RaftServerImpl.java:setRole(171)) - 0573540b-1b55-49b7-943a-2f8214ec5bc1:group-5945D6ADDBA8 changes role from FOLLOWER to CANDIDATE at term 1 for changeToCandidate
2019-09-19 05:39:03,755 [Thread-265] INFO  impl.RoleInfo (RoleInfo.java:updateAndGet(143)) - 0573540b-1b55-49b7-943a-2f8214ec5bc1: start LeaderElection
2019-09-19 05:39:03,800 [142012b4-58f3-42c7-942d-1d383fc72593:group-5945D6ADDBA8:LeaderElection10] INFO  impl.LeaderElection (LeaderElection.java:askForVotes(181)) - 142012b4-58f3-42c7-942d-1d383fc72593:group-5945D6ADDBA8:LeaderElection10: begin an election at term 2 for -1: [142012b4-58f3-42c7-942d-1d383fc72593:192.168.34.50:35957, 0573540b-1b55-49b7-943a-2f8214ec5bc1:192.168.34.50:38514, 59f0521e-f2db-40e0-a265-2c416172e989:192.168.34.50:37624], old=null
2019-09-19 05:39:03,811 [0573540b-1b55-49b7-943a-2f8214ec5bc1:group-5945D6ADDBA8:LeaderElection11] INFO  impl.LeaderElection (LeaderElection.java:askForVotes(181)) - 0573540b-1b55-49b7-943a-2f8214ec5bc1:group-5945D6ADDBA8:LeaderElection11: begin an election at term 2 for -1: [142012b4-58f3-42c7-942d-1d383fc72593:192.168.34.50:35957, 0573540b-1b55-49b7-943a-2f8214ec5bc1:192.168.34.50:38514, 59f0521e-f2db-40e0-a265-2c416172e989:192.168.34.50:37624], old=null
2019-09-19 05:39:03,814 [142012b4-58f3-42c7-942d-1d383fc72593:group-5945D6ADDBA8:LeaderElection10] INFO  impl.LeaderElection (LeaderElection.java:logAndReturn(56)) - 142012b4-58f3-42c7-942d-1d383fc72593:group-5945D6ADDBA8:LeaderElection10: Election REJECTED; received 2 response(s) [142012b4-58f3-42c7-942d-1d383fc72593<-0573540b-1b55-49b7-943a-2f8214ec5bc1#0:FAIL-t2, 142012b4-58f3-42c7-942d-1d383fc72593<-59f0521e-f2db-40e0-a265-2c416172e989#0:FAIL-t2] and 0 exception(s); 142012b4-58f3-42c7-942d-1d383fc72593:t2, leader=null, voted=142012b4-58f3-42c7-942d-1d383fc72593, raftlog=142012b4-58f3-42c7-942d-1d383fc72593-SegmentedRaftLog:OPENED:c-1,f-1,i0, conf=-1: [142012b4-58f3-42c7-942d-1d383fc72593:192.168.34.50:35957, 0573540b-1b55-49b7-943a-2f8214ec5bc1:192.168.34.50:38514, 59f0521e-f2db-40e0-a265-2c416172e989:192.168.34.50:37624], old=null
2019-09-19 05:39:03,821 [142012b4-58f3-42c7-942d-1d383fc72593:group-5945D6ADDBA8:LeaderElection10] INFO  impl.RaftServerImpl (RaftServerImpl.java:setRole(171)) - 142012b4-58f3-42c7-942d-1d383fc72593:group-5945D6ADDBA8 changes role from CANDIDATE to FOLLOWER at term 2 for DISCOVERED_A_NEW_TERM
2019-09-19 05:39:03,823 [142012b4-58f3-42c7-942d-1d383fc72593:group-5945D6ADDBA8:LeaderElection10] INFO  impl.RoleInfo (RoleInfo.java:shutdownLeaderElection(134)) - 142012b4-58f3-42c7-942d-1d383fc72593: shutdown LeaderElection
2019-09-19 05:39:03,824 [142012b4-58f3-42c7-942d-1d383fc72593:group-5945D6ADDBA8:LeaderElection10] INFO  impl.RoleInfo (RoleInfo.java:updateAndGet(143)) - 142012b4-58f3-42c7-942d-1d383fc72593: start FollowerState
2019-09-19 05:39:03,827 [59f0521e-f2db-40e0-a265-2c416172e989:group-5945D6ADDBA8:LeaderElection9] INFO  impl.LeaderElection (LeaderElection.java:logAndReturn(56)) - 59f0521e-f2db-40e0-a265-2c416172e989:group-5945D6ADDBA8:LeaderElection9: Election REJECTED; received 2 response(s) [59f0521e-f2db-40e0-a265-2c416172e989<-142012b4-58f3-42c7-942d-1d383fc72593#0:FAIL-t2, 59f0521e-f2db-40e0-a265-2c416172e989<-0573540b-1b55-49b7-943a-2f8214ec5bc1#0:FAIL-t2] and 0 exception(s); 59f0521e-f2db-40e0-a265-2c416172e989:t2, leader=null, voted=59f0521e-f2db-40e0-a265-2c416172e989, raftlog=59f0521e-f2db-40e0-a265-2c416172e989-SegmentedRaftLog:OPENED:c-1,f-1,i0, conf=-1: [142012b4-58f3-42c7-942d-1d383fc72593:192.168.34.50:35957, 0573540b-1b55-49b7-943a-2f8214ec5bc1:192.168.34.50:38514, 59f0521e-f2db-40e0-a265-2c416172e989:192.168.34.50:37624], old=null
2019-09-19 05:39:03,828 [59f0521e-f2db-40e0-a265-2c416172e989:group-5945D6ADDBA8:LeaderElection9] INFO  impl.RaftServerImpl (RaftServerImpl.java:setRole(171)) - 59f0521e-f2db-40e0-a265-2c416172e989:group-5945D6ADDBA8 changes role from CANDIDATE to FOLLOWER at term 2 for DISCOVERED_A_NEW_TERM
2019-09-19 05:39:03,829 [59f0521e-f2db-40e0-a265-2c416172e989:group-5945D6ADDBA8:LeaderElection9] INFO  impl.RoleInfo (RoleInfo.java:shutdownLeaderElection(134)) - 59f0521e-f2db-40e0-a265-2c416172e989: shutdown LeaderElection
2019-09-19 05:39:03,836 [59f0521e-f2db-40e0-a265-2c416172e989:group-5945D6ADDBA8:LeaderElection9] INFO  impl.RoleInfo (RoleInfo.java:updateAndGet(143)) - 59f0521e-f2db-40e0-a265-2c416172e989: start FollowerState
2019-09-19 05:39:03,842 | INFO  | SCMAudit | user=jenkins1000 | ip=192.168.34.50 | op=SEND_HEARTBEAT {datanodeUUID=142012b4-58f3-42c7-942d-1d383fc72593, command=[]} | ret=SUCCESS |  
2019-09-19 05:39:03,842 [0573540b-1b55-49b7-943a-2f8214ec5bc1:group-5945D6ADDBA8:LeaderElection11] INFO  impl.LeaderElection (LeaderElection.java:logAndReturn(56)) - 0573540b-1b55-49b7-943a-2f8214ec5bc1:group-5945D6ADDBA8:LeaderElection11: Election REJECTED; received 2 response(s) [0573540b-1b55-49b7-943a-2f8214ec5bc1<-142012b4-58f3-42c7-942d-1d383fc72593#0:FAIL-t2, 0573540b-1b55-49b7-943a-2f8214ec5bc1<-59f0521e-f2db-40e0-a265-2c416172e989#0:FAIL-t2] and 0 exception(s); 0573540b-1b55-49b7-943a-2f8214ec5bc1:t2, leader=null, voted=0573540b-1b55-49b7-943a-2f8214ec5bc1, raftlog=0573540b-1b55-49b7-943a-2f8214ec5bc1-SegmentedRaftLog:OPENED:c-1,f-1,i0, conf=-1: [142012b4-58f3-42c7-942d-1d383fc72593:192.168.34.50:35957, 0573540b-1b55-49b7-943a-2f8214ec5bc1:192.168.34.50:38514, 59f0521e-f2db-40e0-a265-2c416172e989:192.168.34.50:37624], old=null
2019-09-19 05:39:03,844 [0573540b-1b55-49b7-943a-2f8214ec5bc1:group-5945D6ADDBA8:LeaderElection11] INFO  impl.RaftServerImpl (RaftServerImpl.java:setRole(171)) - 0573540b-1b55-49b7-943a-2f8214ec5bc1:group-5945D6ADDBA8 changes role from CANDIDATE to FOLLOWER at term 2 for DISCOVERED_A_NEW_TERM
2019-09-19 05:39:03,844 [0573540b-1b55-49b7-943a-2f8214ec5bc1:group-5945D6ADDBA8:LeaderElection11] INFO  impl.RoleInfo (RoleInfo.java:shutdownLeaderElection(134)) - 0573540b-1b55-49b7-943a-2f8214ec5bc1: shutdown LeaderElection
2019-09-19 05:39:03,844 [0573540b-1b55-49b7-943a-2f8214ec5bc1:group-5945D6ADDBA8:LeaderElection11] INFO  impl.RoleInfo (RoleInfo.java:updateAndGet(143)) - 0573540b-1b55-49b7-943a-2f8214ec5bc1: start FollowerState
]]></system-out>
    <system-err><![CDATA[Sep 19, 2019 5:38:43 AM com.sun.jersey.server.impl.application.WebApplicationImpl _initiate
INFO: Initiating Jersey application, version 'Jersey: 1.19 02/11/2015 03:25 AM'
Sep 19, 2019 5:38:44 AM com.sun.jersey.server.impl.application.WebApplicationImpl _initiate
INFO: Initiating Jersey application, version 'Jersey: 1.19 02/11/2015 03:25 AM'
Sep 19, 2019 5:38:44 AM com.sun.jersey.server.impl.application.WebApplicationImpl _initiate
INFO: Initiating Jersey application, version 'Jersey: 1.19 02/11/2015 03:25 AM'
Sep 19, 2019 5:38:45 AM com.sun.jersey.server.impl.application.WebApplicationImpl _initiate
INFO: Initiating Jersey application, version 'Jersey: 1.19 02/11/2015 03:25 AM'
Sep 19, 2019 5:38:45 AM com.sun.jersey.server.impl.application.WebApplicationImpl _initiate
INFO: Initiating Jersey application, version 'Jersey: 1.19 02/11/2015 03:25 AM'
]]></system-err>
  </testcase>
  <testcase name="standaloneTestLargeKey" classname="org.apache.hadoop.ozone.freon.TestDataValidateWithSafeByteOperations" time="16.014"/>
  <testcase name="validateWriteTest" classname="org.apache.hadoop.ozone.freon.TestDataValidateWithSafeByteOperations" time="6.254"/>
</testsuite>