<?xml version="1.0" encoding="UTF-8"?>
<testsuite xmlns:xsi="http://www.w3.org/2001/XMLSchema-instance" xsi:noNamespaceSchemaLocation="https://maven.apache.org/surefire/maven-surefire-plugin/xsd/surefire-test-report.xsd" name="org.apache.hadoop.ozone.freon.TestFreonWithPipelineDestroy" time="56.043" tests="1" errors="1" skipped="0" failures="0">
  <properties>
    <property name="awt.toolkit" value="sun.awt.X11.XToolkit"/>
    <property name="file.encoding.pkg" value="sun.io"/>
    <property name="java.specification.version" value="1.8"/>
    <property name="sun.cpu.isalist" value=""/>
    <property name="sun.jnu.encoding" value="UTF-8"/>
    <property name="java.class.path" value="/workdir/hadoop-ozone/tools/target/test-classes:/workdir/hadoop-ozone/tools/target/classes:/home/user/.m2/repository/org/apache/hadoop/hadoop-ozone-ozone-manager/0.5.0-SNAPSHOT/hadoop-ozone-ozone-manager-0.5.0-SNAPSHOT.jar:/home/user/.m2/repository/org/apache/hadoop/hadoop-hdds-docs/0.5.0-SNAPSHOT/hadoop-hdds-docs-0.5.0-SNAPSHOT.jar:/home/user/.m2/repository/org/bouncycastle/bcprov-jdk15on/1.60/bcprov-jdk15on-1.60.jar:/home/user/.m2/repository/org/apache/hadoop/hadoop-ozone-common/0.5.0-SNAPSHOT/hadoop-ozone-common-0.5.0-SNAPSHOT.jar:/home/user/.m2/repository/org/apache/commons/commons-compress/1.4.1/commons-compress-1.4.1.jar:/home/user/.m2/repository/org/tukaani/xz/1.0/xz-1.0.jar:/home/user/.m2/repository/org/apache/hadoop/hadoop-hdfs-client/3.2.0/hadoop-hdfs-client-3.2.0.jar:/home/user/.m2/repository/com/fasterxml/jackson/core/jackson-annotations/2.9.5/jackson-annotations-2.9.5.jar:/home/user/.m2/repository/org/apache/hadoop/hadoop-hdds-common/0.5.0-SNAPSHOT/hadoop-hdds-common-0.5.0-SNAPSHOT.jar:/home/user/.m2/repository/org/apache/hadoop/hadoop-hdds-config/0.5.0-SNAPSHOT/hadoop-hdds-config-0.5.0-SNAPSHOT.jar:/home/user/.m2/repository/javax/annotation/javax.annotation-api/1.2/javax.annotation-api-1.2.jar:/home/user/.m2/repository/org/apache/ratis/ratis-server/0.4.0-2337318-SNAPSHOT/ratis-server-0.4.0-2337318-SNAPSHOT.jar:/home/user/.m2/repository/org/apache/ratis/ratis-thirdparty-misc/0.2.0/ratis-thirdparty-misc-0.2.0.jar:/home/user/.m2/repository/org/apache/ratis/ratis-proto/0.4.0-2337318-SNAPSHOT/ratis-proto-0.4.0-2337318-SNAPSHOT.jar:/home/user/.m2/repository/org/apache/ratis/ratis-common/0.4.0-2337318-SNAPSHOT/ratis-common-0.4.0-2337318-SNAPSHOT.jar:/home/user/.m2/repository/org/apache/ratis/ratis-client/0.4.0-2337318-SNAPSHOT/ratis-client-0.4.0-2337318-SNAPSHOT.jar:/home/user/.m2/repository/org/apache/ratis/ratis-metrics/0.4.0-2337318-SNAPSHOT/ratis-metrics-0.4.0-2337318-SNAPSHOT.jar:/home/user/.m2/repository/org/apache/ratis/ratis-netty/0.4.0-2337318-SNAPSHOT/ratis-netty-0.4.0-2337318-SNAPSHOT.jar:/home/user/.m2/repository/org/apache/ratis/ratis-grpc/0.4.0-2337318-SNAPSHOT/ratis-grpc-0.4.0-2337318-SNAPSHOT.jar:/home/user/.m2/repository/org/rocksdb/rocksdbjni/6.0.1/rocksdbjni-6.0.1.jar:/home/user/.m2/repository/org/apache/logging/log4j/log4j-api/2.11.0/log4j-api-2.11.0.jar:/home/user/.m2/repository/org/apache/logging/log4j/log4j-core/2.11.0/log4j-core-2.11.0.jar:/home/user/.m2/repository/com/lmax/disruptor/3.4.2/disruptor-3.4.2.jar:/home/user/.m2/repository/org/apache/commons/commons-pool2/2.6.0/commons-pool2-2.6.0.jar:/home/user/.m2/repository/org/bouncycastle/bcpkix-jdk15on/1.60/bcpkix-jdk15on-1.60.jar:/home/user/.m2/repository/commons-validator/commons-validator/1.6/commons-validator-1.6.jar:/home/user/.m2/repository/commons-digester/commons-digester/1.8.1/commons-digester-1.8.1.jar:/home/user/.m2/repository/io/jaegertracing/jaeger-client/0.33.1/jaeger-client-0.33.1.jar:/home/user/.m2/repository/io/jaegertracing/jaeger-thrift/0.33.1/jaeger-thrift-0.33.1.jar:/home/user/.m2/repository/org/apache/thrift/libthrift/0.11.0/libthrift-0.11.0.jar:/home/user/.m2/repository/com/squareup/okhttp3/okhttp/3.9.0/okhttp-3.9.0.jar:/home/user/.m2/repository/com/squareup/okio/okio/1.13.0/okio-1.13.0.jar:/home/user/.m2/repository/io/jaegertracing/jaeger-core/0.33.1/jaeger-core-0.33.1.jar:/home/user/.m2/repository/io/jaegertracing/jaeger-tracerresolver/0.33.1/jaeger-tracerresolver-0.33.1.jar:/home/user/.m2/repository/io/opentracing/contrib/opentracing-tracerresolver/0.1.5/opentracing-tracerresolver-0.1.5.jar:/home/user/.m2/repository/io/opentracing/opentracing-util/0.31.0/opentracing-util-0.31.0.jar:/home/user/.m2/repository/io/opentracing/opentracing-api/0.31.0/opentracing-api-0.31.0.jar:/home/user/.m2/repository/io/opentracing/opentracing-noop/0.31.0/opentracing-noop-0.31.0.jar:/home/user/.m2/repository/org/yaml/snakeyaml/1.16/snakeyaml-1.16.jar:/home/user/.m2/repository/org/apache/hadoop/hadoop-hdds-container-service/0.5.0-SNAPSHOT/hadoop-hdds-container-service-0.5.0-SNAPSHOT.jar:/home/user/.m2/repository/org/apache/hadoop/hadoop-hdds-client/0.5.0-SNAPSHOT/hadoop-hdds-client-0.5.0-SNAPSHOT.jar:/home/user/.m2/repository/org/apache/hadoop/hadoop-hdds-tools/0.5.0-SNAPSHOT/hadoop-hdds-tools-0.5.0-SNAPSHOT.jar:/home/user/.m2/repository/org/xerial/sqlite-jdbc/3.25.2/sqlite-jdbc-3.25.2.jar:/home/user/.m2/repository/org/apache/hadoop/hadoop-hdds-server-scm/0.5.0-SNAPSHOT/hadoop-hdds-server-scm-0.5.0-SNAPSHOT.jar:/home/user/.m2/repository/org/hamcrest/hamcrest-all/1.3/hamcrest-all-1.3.jar:/home/user/.m2/repository/info/picocli/picocli/3.9.6/picocli-3.9.6.jar:/home/user/.m2/repository/com/google/protobuf/protobuf-java/2.5.0/protobuf-java-2.5.0.jar:/home/user/.m2/repository/com/google/guava/guava/11.0.2/guava-11.0.2.jar:/home/user/.m2/repository/org/apache/hadoop/hadoop-ozone-client/0.5.0-SNAPSHOT/hadoop-ozone-client-0.5.0-SNAPSHOT.jar:/workdir/hadoop-ozone/ozonefs/target/classes:/home/user/.m2/repository/org/apache/hadoop/hadoop-hdds-server-framework/0.5.0-SNAPSHOT/hadoop-hdds-server-framework-0.5.0-SNAPSHOT.jar:/home/user/.m2/repository/org/apache/hadoop/hadoop-common/3.2.0/hadoop-common-3.2.0.jar:/home/user/.m2/repository/org/apache/hadoop/hadoop-annotations/3.2.0/hadoop-annotations-3.2.0.jar:/usr/lib/jvm/java-1.8-openjdk/jre/../lib/tools.jar:/home/user/.m2/repository/commons-cli/commons-cli/1.2/commons-cli-1.2.jar:/home/user/.m2/repository/org/apache/commons/commons-math3/3.1.1/commons-math3-3.1.1.jar:/home/user/.m2/repository/org/apache/httpcomponents/httpclient/4.5.2/httpclient-4.5.2.jar:/home/user/.m2/repository/org/apache/httpcomponents/httpcore/4.4.4/httpcore-4.4.4.jar:/home/user/.m2/repository/commons-codec/commons-codec/1.11/commons-codec-1.11.jar:/home/user/.m2/repository/commons-io/commons-io/2.5/commons-io-2.5.jar:/home/user/.m2/repository/commons-net/commons-net/3.6/commons-net-3.6.jar:/home/user/.m2/repository/commons-collections/commons-collections/3.2.2/commons-collections-3.2.2.jar:/home/user/.m2/repository/javax/servlet/javax.servlet-api/3.1.0/javax.servlet-api-3.1.0.jar:/home/user/.m2/repository/org/eclipse/jetty/jetty-server/9.3.24.v20180605/jetty-server-9.3.24.v20180605.jar:/home/user/.m2/repository/org/eclipse/jetty/jetty-http/9.3.24.v20180605/jetty-http-9.3.24.v20180605.jar:/home/user/.m2/repository/org/eclipse/jetty/jetty-io/9.3.24.v20180605/jetty-io-9.3.24.v20180605.jar:/home/user/.m2/repository/org/eclipse/jetty/jetty-util/9.3.24.v20180605/jetty-util-9.3.24.v20180605.jar:/home/user/.m2/repository/org/eclipse/jetty/jetty-servlet/9.3.24.v20180605/jetty-servlet-9.3.24.v20180605.jar:/home/user/.m2/repository/org/eclipse/jetty/jetty-security/9.3.24.v20180605/jetty-security-9.3.24.v20180605.jar:/home/user/.m2/repository/org/eclipse/jetty/jetty-webapp/9.3.24.v20180605/jetty-webapp-9.3.24.v20180605.jar:/home/user/.m2/repository/org/eclipse/jetty/jetty-xml/9.3.24.v20180605/jetty-xml-9.3.24.v20180605.jar:/home/user/.m2/repository/javax/servlet/jsp/jsp-api/2.1/jsp-api-2.1.jar:/home/user/.m2/repository/com/sun/jersey/jersey-core/1.19/jersey-core-1.19.jar:/home/user/.m2/repository/javax/ws/rs/jsr311-api/1.1.1/jsr311-api-1.1.1.jar:/home/user/.m2/repository/com/sun/jersey/jersey-servlet/1.19/jersey-servlet-1.19.jar:/home/user/.m2/repository/com/sun/jersey/jersey-json/1.19/jersey-json-1.19.jar:/home/user/.m2/repository/org/codehaus/jettison/jettison/1.1/jettison-1.1.jar:/home/user/.m2/repository/com/sun/xml/bind/jaxb-impl/2.3.0.1/jaxb-impl-2.3.0.1.jar:/home/user/.m2/repository/org/codehaus/jackson/jackson-core-asl/1.9.13/jackson-core-asl-1.9.13.jar:/home/user/.m2/repository/org/codehaus/jackson/jackson-mapper-asl/1.9.13/jackson-mapper-asl-1.9.13.jar:/home/user/.m2/repository/org/codehaus/jackson/jackson-jaxrs/1.9.13/jackson-jaxrs-1.9.13.jar:/home/user/.m2/repository/org/codehaus/jackson/jackson-xc/1.9.13/jackson-xc-1.9.13.jar:/home/user/.m2/repository/com/sun/jersey/jersey-server/1.19/jersey-server-1.19.jar:/home/user/.m2/repository/commons-logging/commons-logging/1.1.3/commons-logging-1.1.3.jar:/home/user/.m2/repository/log4j/log4j/1.2.17/log4j-1.2.17.jar:/home/user/.m2/repository/commons-beanutils/commons-beanutils/1.9.3/commons-beanutils-1.9.3.jar:/home/user/.m2/repository/org/apache/commons/commons-configuration2/2.1.1/commons-configuration2-2.1.1.jar:/home/user/.m2/repository/org/apache/commons/commons-lang3/3.7/commons-lang3-3.7.jar:/home/user/.m2/repository/org/apache/commons/commons-text/1.4/commons-text-1.4.jar:/home/user/.m2/repository/org/slf4j/slf4j-api/1.7.25/slf4j-api-1.7.25.jar:/home/user/.m2/repository/org/slf4j/slf4j-log4j12/1.7.25/slf4j-log4j12-1.7.25.jar:/home/user/.m2/repository/org/apache/avro/avro/1.7.7/avro-1.7.7.jar:/home/user/.m2/repository/com/thoughtworks/paranamer/paranamer/2.3/paranamer-2.3.jar:/home/user/.m2/repository/org/xerial/snappy/snappy-java/1.0.5/snappy-java-1.0.5.jar:/home/user/.m2/repository/com/google/re2j/re2j/1.1/re2j-1.1.jar:/home/user/.m2/repository/com/google/code/gson/gson/2.2.4/gson-2.2.4.jar:/home/user/.m2/repository/org/apache/hadoop/hadoop-auth/3.2.0/hadoop-auth-3.2.0.jar:/home/user/.m2/repository/com/nimbusds/nimbus-jose-jwt/4.41.1/nimbus-jose-jwt-4.41.1.jar:/home/user/.m2/repository/com/github/stephenc/jcip/jcip-annotations/1.0-1/jcip-annotations-1.0-1.jar:/home/user/.m2/repository/net/minidev/json-smart/2.3/json-smart-2.3.jar:/home/user/.m2/repository/net/minidev/accessors-smart/1.2/accessors-smart-1.2.jar:/home/user/.m2/repository/org/apache/curator/curator-framework/2.12.0/curator-framework-2.12.0.jar:/home/user/.m2/repository/com/jcraft/jsch/0.1.54/jsch-0.1.54.jar:/home/user/.m2/repository/org/apache/curator/curator-client/2.12.0/curator-client-2.12.0.jar:/home/user/.m2/repository/org/apache/curator/curator-recipes/2.12.0/curator-recipes-2.12.0.jar:/home/user/.m2/repository/com/google/code/findbugs/jsr305/3.0.0/jsr305-3.0.0.jar:/home/user/.m2/repository/org/apache/htrace/htrace-core4/4.1.0-incubating/htrace-core4-4.1.0-incubating.jar:/home/user/.m2/repository/org/apache/zookeeper/zookeeper/3.4.13/zookeeper-3.4.13.jar:/home/user/.m2/repository/org/apache/yetus/audience-annotations/0.5.0/audience-annotations-0.5.0.jar:/home/user/.m2/repository/org/apache/kerby/kerb-simplekdc/1.0.1/kerb-simplekdc-1.0.1.jar:/home/user/.m2/repository/org/apache/kerby/kerb-client/1.0.1/kerb-client-1.0.1.jar:/home/user/.m2/repository/org/apache/kerby/kerby-config/1.0.1/kerby-config-1.0.1.jar:/home/user/.m2/repository/org/apache/kerby/kerb-core/1.0.1/kerb-core-1.0.1.jar:/home/user/.m2/repository/org/apache/kerby/kerby-pkix/1.0.1/kerby-pkix-1.0.1.jar:/home/user/.m2/repository/org/apache/kerby/kerby-asn1/1.0.1/kerby-asn1-1.0.1.jar:/home/user/.m2/repository/org/apache/kerby/kerby-util/1.0.1/kerby-util-1.0.1.jar:/home/user/.m2/repository/org/apache/kerby/kerb-common/1.0.1/kerb-common-1.0.1.jar:/home/user/.m2/repository/org/apache/kerby/kerb-crypto/1.0.1/kerb-crypto-1.0.1.jar:/home/user/.m2/repository/org/apache/kerby/kerb-util/1.0.1/kerb-util-1.0.1.jar:/home/user/.m2/repository/org/apache/kerby/token-provider/1.0.1/token-provider-1.0.1.jar:/home/user/.m2/repository/org/apache/kerby/kerb-admin/1.0.1/kerb-admin-1.0.1.jar:/home/user/.m2/repository/org/apache/kerby/kerb-server/1.0.1/kerb-server-1.0.1.jar:/home/user/.m2/repository/org/apache/kerby/kerb-identity/1.0.1/kerb-identity-1.0.1.jar:/home/user/.m2/repository/org/apache/kerby/kerby-xdr/1.0.1/kerby-xdr-1.0.1.jar:/home/user/.m2/repository/com/fasterxml/jackson/core/jackson-databind/2.9.5/jackson-databind-2.9.5.jar:/home/user/.m2/repository/com/fasterxml/jackson/core/jackson-core/2.9.5/jackson-core-2.9.5.jar:/home/user/.m2/repository/org/codehaus/woodstox/stax2-api/3.1.4/stax2-api-3.1.4.jar:/home/user/.m2/repository/com/fasterxml/woodstox/woodstox-core/5.0.3/woodstox-core-5.0.3.jar:/home/user/.m2/repository/dnsjava/dnsjava/2.1.7/dnsjava-2.1.7.jar:/home/user/.m2/repository/org/apache/hadoop/hadoop-hdfs/3.2.0/hadoop-hdfs-3.2.0.jar:/home/user/.m2/repository/org/eclipse/jetty/jetty-util-ajax/9.3.24.v20180605/jetty-util-ajax-9.3.24.v20180605.jar:/home/user/.m2/repository/commons-daemon/commons-daemon/1.0.13/commons-daemon-1.0.13.jar:/home/user/.m2/repository/io/netty/netty/3.10.5.Final/netty-3.10.5.Final.jar:/home/user/.m2/repository/io/netty/netty-all/4.0.52.Final/netty-all-4.0.52.Final.jar:/home/user/.m2/repository/org/fusesource/leveldbjni/leveldbjni-all/1.8/leveldbjni-all-1.8.jar:/home/user/.m2/repository/com/sun/xml/bind/jaxb-core/2.3.0.1/jaxb-core-2.3.0.1.jar:/home/user/.m2/repository/javax/xml/bind/jaxb-api/2.3.0/jaxb-api-2.3.0.jar:/home/user/.m2/repository/javax/activation/activation/1.1.1/activation-1.1.1.jar:/home/user/.m2/repository/io/dropwizard/metrics/metrics-core/3.2.4/metrics-core-3.2.4.jar:/home/user/.m2/repository/org/openjdk/jmh/jmh-core/1.19/jmh-core-1.19.jar:/home/user/.m2/repository/net/sf/jopt-simple/jopt-simple/4.6/jopt-simple-4.6.jar:/home/user/.m2/repository/org/openjdk/jmh/jmh-generator-annprocess/1.19/jmh-generator-annprocess-1.19.jar:/home/user/.m2/repository/com/google/code/findbugs/findbugs/3.0.1/findbugs-3.0.1.jar:/home/user/.m2/repository/net/jcip/jcip-annotations/1.0/jcip-annotations-1.0.jar:/home/user/.m2/repository/com/google/code/findbugs/bcel-findbugs/6.0/bcel-findbugs-6.0.jar:/home/user/.m2/repository/com/google/code/findbugs/jFormatString/2.0.1/jFormatString-2.0.1.jar:/home/user/.m2/repository/dom4j/dom4j/1.6.1/dom4j-1.6.1.jar:/home/user/.m2/repository/xml-apis/xml-apis/1.0.b2/xml-apis-1.0.b2.jar:/home/user/.m2/repository/org/ow2/asm/asm-debug-all/5.0.2/asm-debug-all-5.0.2.jar:/home/user/.m2/repository/org/ow2/asm/asm-commons/5.0.2/asm-commons-5.0.2.jar:/home/user/.m2/repository/org/ow2/asm/asm-tree/5.0.2/asm-tree-5.0.2.jar:/home/user/.m2/repository/org/ow2/asm/asm/5.0.4/asm-5.0.4.jar:/home/user/.m2/repository/commons-lang/commons-lang/2.6/commons-lang-2.6.jar:/home/user/.m2/repository/com/apple/AppleJavaExtensions/1.4/AppleJavaExtensions-1.4.jar:/home/user/.m2/repository/jaxen/jaxen/1.1.6/jaxen-1.1.6.jar:/home/user/.m2/repository/junit/junit/4.11/junit-4.11.jar:/home/user/.m2/repository/org/hamcrest/hamcrest-core/1.3/hamcrest-core-1.3.jar:/home/user/.m2/repository/org/apache/hadoop/hadoop-common/3.2.0/hadoop-common-3.2.0-tests.jar:/workdir/hadoop-ozone/integration-test/target/test-classes:/home/user/.m2/repository/org/apache/hadoop/hadoop-ozone-objectstore-service/0.5.0-SNAPSHOT/hadoop-ozone-objectstore-service-0.5.0-SNAPSHOT.jar:/home/user/.m2/repository/org/apache/hadoop/hadoop-ozone-s3gateway/0.5.0-SNAPSHOT/hadoop-ozone-s3gateway-0.5.0-SNAPSHOT.jar:/home/user/.m2/repository/org/jboss/weld/servlet/weld-servlet/2.4.7.Final/weld-servlet-2.4.7.Final.jar:/home/user/.m2/repository/org/glassfish/jersey/containers/jersey-container-servlet-core/2.27/jersey-container-servlet-core-2.27.jar:/home/user/.m2/repository/org/glassfish/hk2/external/javax.inject/2.5.0-b42/javax.inject-2.5.0-b42.jar:/home/user/.m2/repository/org/glassfish/jersey/core/jersey-common/2.27/jersey-common-2.27.jar:/home/user/.m2/repository/org/glassfish/hk2/osgi-resource-locator/1.0.1/osgi-resource-locator-1.0.1.jar:/home/user/.m2/repository/javax/ws/rs/javax.ws.rs-api/2.1/javax.ws.rs-api-2.1.jar:/home/user/.m2/repository/org/glassfish/jersey/ext/cdi/jersey-cdi1x/2.27/jersey-cdi1x-2.27.jar:/home/user/.m2/repository/org/glassfish/jersey/inject/jersey-hk2/2.27/jersey-hk2-2.27.jar:/home/user/.m2/repository/org/glassfish/hk2/hk2-locator/2.5.0-b42/hk2-locator-2.5.0-b42.jar:/home/user/.m2/repository/org/javassist/javassist/3.22.0-CR2/javassist-3.22.0-CR2.jar:/home/user/.m2/repository/org/glassfish/hk2/hk2-api/2.5.0/hk2-api-2.5.0.jar:/home/user/.m2/repository/org/glassfish/hk2/external/jakarta.inject/2.5.0/jakarta.inject-2.5.0.jar:/home/user/.m2/repository/org/glassfish/hk2/hk2-utils/2.5.0/hk2-utils-2.5.0.jar:/home/user/.m2/repository/jakarta/annotation/jakarta.annotation-api/1.3.4/jakarta.annotation-api-1.3.4.jar:/home/user/.m2/repository/org/glassfish/hk2/external/aopalliance-repackaged/2.5.0/aopalliance-repackaged-2.5.0.jar:/home/user/.m2/repository/com/fasterxml/jackson/dataformat/jackson-dataformat-xml/2.9.0/jackson-dataformat-xml-2.9.0.jar:/home/user/.m2/repository/com/fasterxml/jackson/module/jackson-module-jaxb-annotations/2.9.5/jackson-module-jaxb-annotations-2.9.5.jar:/home/user/.m2/repository/javax/enterprise/cdi-api/1.2/cdi-api-1.2.jar:/home/user/.m2/repository/javax/el/javax.el-api/3.0.0/javax.el-api-3.0.0.jar:/home/user/.m2/repository/javax/interceptor/javax.interceptor-api/1.2/javax.interceptor-api-1.2.jar:/home/user/.m2/repository/javax/inject/javax.inject/1/javax.inject-1.jar:/home/user/.m2/repository/org/apache/hadoop/hadoop-ozone-csi/0.5.0-SNAPSHOT/hadoop-ozone-csi-0.5.0-SNAPSHOT.jar:/home/user/.m2/repository/com/google/protobuf/protobuf-java-util/3.5.1/protobuf-java-util-3.5.1.jar:/home/user/.m2/repository/io/grpc/grpc-netty/1.17.1/grpc-netty-1.17.1.jar:/home/user/.m2/repository/io/grpc/grpc-core/1.17.1/grpc-core-1.17.1.jar:/home/user/.m2/repository/io/grpc/grpc-context/1.17.1/grpc-context-1.17.1.jar:/home/user/.m2/repository/com/google/errorprone/error_prone_annotations/2.2.0/error_prone_annotations-2.2.0.jar:/home/user/.m2/repository/org/codehaus/mojo/animal-sniffer-annotations/1.17/animal-sniffer-annotations-1.17.jar:/home/user/.m2/repository/io/opencensus/opencensus-api/0.17.0/opencensus-api-0.17.0.jar:/home/user/.m2/repository/io/opencensus/opencensus-contrib-grpc-metrics/0.17.0/opencensus-contrib-grpc-metrics-0.17.0.jar:/home/user/.m2/repository/io/netty/netty-codec-http2/4.1.30.Final/netty-codec-http2-4.1.30.Final.jar:/home/user/.m2/repository/io/netty/netty-codec-http/4.1.30.Final/netty-codec-http-4.1.30.Final.jar:/home/user/.m2/repository/io/netty/netty-codec/4.1.30.Final/netty-codec-4.1.30.Final.jar:/home/user/.m2/repository/io/netty/netty-handler/4.1.30.Final/netty-handler-4.1.30.Final.jar:/home/user/.m2/repository/io/netty/netty-handler-proxy/4.1.30.Final/netty-handler-proxy-4.1.30.Final.jar:/home/user/.m2/repository/io/netty/netty-codec-socks/4.1.30.Final/netty-codec-socks-4.1.30.Final.jar:/home/user/.m2/repository/io/netty/netty-transport-native-epoll/4.1.30.Final/netty-transport-native-epoll-4.1.30.Final.jar:/home/user/.m2/repository/io/netty/netty-common/4.1.30.Final/netty-common-4.1.30.Final.jar:/home/user/.m2/repository/io/netty/netty-buffer/4.1.30.Final/netty-buffer-4.1.30.Final.jar:/home/user/.m2/repository/io/netty/netty-transport/4.1.30.Final/netty-transport-4.1.30.Final.jar:/home/user/.m2/repository/io/netty/netty-resolver/4.1.30.Final/netty-resolver-4.1.30.Final.jar:/home/user/.m2/repository/io/netty/netty-transport-native-unix-common/4.1.30.Final/netty-transport-native-unix-common-4.1.30.Final.jar:/home/user/.m2/repository/io/grpc/grpc-protobuf/1.17.1/grpc-protobuf-1.17.1.jar:/home/user/.m2/repository/com/google/api/grpc/proto-google-common-protos/1.0.0/proto-google-common-protos-1.0.0.jar:/home/user/.m2/repository/io/grpc/grpc-protobuf-lite/1.17.1/grpc-protobuf-lite-1.17.1.jar:/home/user/.m2/repository/io/grpc/grpc-stub/1.17.1/grpc-stub-1.17.1.jar:/home/user/.m2/repository/org/apache/hadoop/hadoop-ozone-recon/0.5.0-SNAPSHOT/hadoop-ozone-recon-0.5.0-SNAPSHOT.jar:/home/user/.m2/repository/org/apache/hadoop/hadoop-ozone-reconcodegen/0.5.0-SNAPSHOT/hadoop-ozone-reconcodegen-0.5.0-SNAPSHOT.jar:/home/user/.m2/repository/com/google/inject/extensions/guice-multibindings/4.0/guice-multibindings-4.0.jar:/home/user/.m2/repository/com/google/inject/guice/4.0/guice-4.0.jar:/home/user/.m2/repository/aopalliance/aopalliance/1.0/aopalliance-1.0.jar:/home/user/.m2/repository/com/google/inject/extensions/guice-servlet/4.0/guice-servlet-4.0.jar:/home/user/.m2/repository/org/glassfish/jersey/containers/jersey-container-servlet/2.27/jersey-container-servlet-2.27.jar:/home/user/.m2/repository/org/glassfish/hk2/guice-bridge/2.5.0/guice-bridge-2.5.0.jar:/home/user/.m2/repository/org/glassfish/jersey/core/jersey-server/2.27/jersey-server-2.27.jar:/home/user/.m2/repository/org/glassfish/jersey/core/jersey-client/2.27/jersey-client-2.27.jar:/home/user/.m2/repository/org/glassfish/jersey/media/jersey-media-jaxb/2.27/jersey-media-jaxb-2.27.jar:/home/user/.m2/repository/javax/validation/validation-api/1.1.0.Final/validation-api-1.1.0.Final.jar:/home/user/.m2/repository/org/glassfish/jersey/media/jersey-media-json-jackson/2.27/jersey-media-json-jackson-2.27.jar:/home/user/.m2/repository/org/glassfish/jersey/ext/jersey-entity-filtering/2.27/jersey-entity-filtering-2.27.jar:/home/user/.m2/repository/com/google/inject/extensions/guice-assistedinject/4.0/guice-assistedinject-4.0.jar:/home/user/.m2/repository/org/jooq/jooq/3.11.10/jooq-3.11.10.jar:/home/user/.m2/repository/org/jooq/jooq-meta/3.11.10/jooq-meta-3.11.10.jar:/home/user/.m2/repository/org/jooq/jooq-codegen/3.11.10/jooq-codegen-3.11.10.jar:/home/user/.m2/repository/com/jolbox/bonecp/0.8.0.RELEASE/bonecp-0.8.0.RELEASE.jar:/home/user/.m2/repository/org/springframework/spring-jdbc/5.1.3.RELEASE/spring-jdbc-5.1.3.RELEASE.jar:/home/user/.m2/repository/org/springframework/spring-beans/5.1.3.RELEASE/spring-beans-5.1.3.RELEASE.jar:/home/user/.m2/repository/org/springframework/spring-core/5.1.3.RELEASE/spring-core-5.1.3.RELEASE.jar:/home/user/.m2/repository/org/springframework/spring-jcl/5.1.3.RELEASE/spring-jcl-5.1.3.RELEASE.jar:/home/user/.m2/repository/org/springframework/spring-tx/5.1.3.RELEASE/spring-tx-5.1.3.RELEASE.jar:/home/user/.m2/repository/org/mockito/mockito-core/2.15.0/mockito-core-2.15.0.jar:/home/user/.m2/repository/net/bytebuddy/byte-buddy/1.7.9/byte-buddy-1.7.9.jar:/home/user/.m2/repository/net/bytebuddy/byte-buddy-agent/1.7.9/byte-buddy-agent-1.7.9.jar:/home/user/.m2/repository/org/objenesis/objenesis/1.0/objenesis-1.0.jar:"/>
    <property name="java.vm.vendor" value="IcedTea"/>
    <property name="sun.arch.data.model" value="64"/>
    <property name="test.build.dir" value="/workdir/hadoop-ozone/tools/target/test-dir"/>
    <property name="test.cache.data" value=""/>
    <property name="java.vendor.url" value="https://icedtea.classpath.org"/>
    <property name="user.timezone" value=""/>
    <property name="java.vm.specification.version" value="1.8"/>
    <property name="os.name" value="Linux"/>
    <property name="test.build.data" value="/workdir/hadoop-ozone/tools/target/test-dir"/>
    <property name="user.country" value="US"/>
    <property name="sun.java.launcher" value="SUN_STANDARD"/>
    <property name="sun.boot.library.path" value="/usr/lib/jvm/java-1.8-openjdk/jre/lib/amd64"/>
    <property name="sun.java.command" value="/workdir/hadoop-ozone/tools/target/surefire/surefirebooter4169173197692342008.jar /workdir/hadoop-ozone/tools/target/surefire 2019-09-19T03-21-01_553-jvmRun1 surefire3119659397622789031tmp surefire_1173226677144103680571tmp"/>
    <property name="test" value="!TestMiniChaosOzoneCluster"/>
    <property name="surefire.test.class.path" value="/workdir/hadoop-ozone/tools/target/test-classes:/workdir/hadoop-ozone/tools/target/classes:/home/user/.m2/repository/org/apache/hadoop/hadoop-ozone-ozone-manager/0.5.0-SNAPSHOT/hadoop-ozone-ozone-manager-0.5.0-SNAPSHOT.jar:/home/user/.m2/repository/org/apache/hadoop/hadoop-hdds-docs/0.5.0-SNAPSHOT/hadoop-hdds-docs-0.5.0-SNAPSHOT.jar:/home/user/.m2/repository/org/bouncycastle/bcprov-jdk15on/1.60/bcprov-jdk15on-1.60.jar:/home/user/.m2/repository/org/apache/hadoop/hadoop-ozone-common/0.5.0-SNAPSHOT/hadoop-ozone-common-0.5.0-SNAPSHOT.jar:/home/user/.m2/repository/org/apache/commons/commons-compress/1.4.1/commons-compress-1.4.1.jar:/home/user/.m2/repository/org/tukaani/xz/1.0/xz-1.0.jar:/home/user/.m2/repository/org/apache/hadoop/hadoop-hdfs-client/3.2.0/hadoop-hdfs-client-3.2.0.jar:/home/user/.m2/repository/com/fasterxml/jackson/core/jackson-annotations/2.9.5/jackson-annotations-2.9.5.jar:/home/user/.m2/repository/org/apache/hadoop/hadoop-hdds-common/0.5.0-SNAPSHOT/hadoop-hdds-common-0.5.0-SNAPSHOT.jar:/home/user/.m2/repository/org/apache/hadoop/hadoop-hdds-config/0.5.0-SNAPSHOT/hadoop-hdds-config-0.5.0-SNAPSHOT.jar:/home/user/.m2/repository/javax/annotation/javax.annotation-api/1.2/javax.annotation-api-1.2.jar:/home/user/.m2/repository/org/apache/ratis/ratis-server/0.4.0-2337318-SNAPSHOT/ratis-server-0.4.0-2337318-SNAPSHOT.jar:/home/user/.m2/repository/org/apache/ratis/ratis-thirdparty-misc/0.2.0/ratis-thirdparty-misc-0.2.0.jar:/home/user/.m2/repository/org/apache/ratis/ratis-proto/0.4.0-2337318-SNAPSHOT/ratis-proto-0.4.0-2337318-SNAPSHOT.jar:/home/user/.m2/repository/org/apache/ratis/ratis-common/0.4.0-2337318-SNAPSHOT/ratis-common-0.4.0-2337318-SNAPSHOT.jar:/home/user/.m2/repository/org/apache/ratis/ratis-client/0.4.0-2337318-SNAPSHOT/ratis-client-0.4.0-2337318-SNAPSHOT.jar:/home/user/.m2/repository/org/apache/ratis/ratis-metrics/0.4.0-2337318-SNAPSHOT/ratis-metrics-0.4.0-2337318-SNAPSHOT.jar:/home/user/.m2/repository/org/apache/ratis/ratis-netty/0.4.0-2337318-SNAPSHOT/ratis-netty-0.4.0-2337318-SNAPSHOT.jar:/home/user/.m2/repository/org/apache/ratis/ratis-grpc/0.4.0-2337318-SNAPSHOT/ratis-grpc-0.4.0-2337318-SNAPSHOT.jar:/home/user/.m2/repository/org/rocksdb/rocksdbjni/6.0.1/rocksdbjni-6.0.1.jar:/home/user/.m2/repository/org/apache/logging/log4j/log4j-api/2.11.0/log4j-api-2.11.0.jar:/home/user/.m2/repository/org/apache/logging/log4j/log4j-core/2.11.0/log4j-core-2.11.0.jar:/home/user/.m2/repository/com/lmax/disruptor/3.4.2/disruptor-3.4.2.jar:/home/user/.m2/repository/org/apache/commons/commons-pool2/2.6.0/commons-pool2-2.6.0.jar:/home/user/.m2/repository/org/bouncycastle/bcpkix-jdk15on/1.60/bcpkix-jdk15on-1.60.jar:/home/user/.m2/repository/commons-validator/commons-validator/1.6/commons-validator-1.6.jar:/home/user/.m2/repository/commons-digester/commons-digester/1.8.1/commons-digester-1.8.1.jar:/home/user/.m2/repository/io/jaegertracing/jaeger-client/0.33.1/jaeger-client-0.33.1.jar:/home/user/.m2/repository/io/jaegertracing/jaeger-thrift/0.33.1/jaeger-thrift-0.33.1.jar:/home/user/.m2/repository/org/apache/thrift/libthrift/0.11.0/libthrift-0.11.0.jar:/home/user/.m2/repository/com/squareup/okhttp3/okhttp/3.9.0/okhttp-3.9.0.jar:/home/user/.m2/repository/com/squareup/okio/okio/1.13.0/okio-1.13.0.jar:/home/user/.m2/repository/io/jaegertracing/jaeger-core/0.33.1/jaeger-core-0.33.1.jar:/home/user/.m2/repository/io/jaegertracing/jaeger-tracerresolver/0.33.1/jaeger-tracerresolver-0.33.1.jar:/home/user/.m2/repository/io/opentracing/contrib/opentracing-tracerresolver/0.1.5/opentracing-tracerresolver-0.1.5.jar:/home/user/.m2/repository/io/opentracing/opentracing-util/0.31.0/opentracing-util-0.31.0.jar:/home/user/.m2/repository/io/opentracing/opentracing-api/0.31.0/opentracing-api-0.31.0.jar:/home/user/.m2/repository/io/opentracing/opentracing-noop/0.31.0/opentracing-noop-0.31.0.jar:/home/user/.m2/repository/org/yaml/snakeyaml/1.16/snakeyaml-1.16.jar:/home/user/.m2/repository/org/apache/hadoop/hadoop-hdds-container-service/0.5.0-SNAPSHOT/hadoop-hdds-container-service-0.5.0-SNAPSHOT.jar:/home/user/.m2/repository/org/apache/hadoop/hadoop-hdds-client/0.5.0-SNAPSHOT/hadoop-hdds-client-0.5.0-SNAPSHOT.jar:/home/user/.m2/repository/org/apache/hadoop/hadoop-hdds-tools/0.5.0-SNAPSHOT/hadoop-hdds-tools-0.5.0-SNAPSHOT.jar:/home/user/.m2/repository/org/xerial/sqlite-jdbc/3.25.2/sqlite-jdbc-3.25.2.jar:/home/user/.m2/repository/org/apache/hadoop/hadoop-hdds-server-scm/0.5.0-SNAPSHOT/hadoop-hdds-server-scm-0.5.0-SNAPSHOT.jar:/home/user/.m2/repository/org/hamcrest/hamcrest-all/1.3/hamcrest-all-1.3.jar:/home/user/.m2/repository/info/picocli/picocli/3.9.6/picocli-3.9.6.jar:/home/user/.m2/repository/com/google/protobuf/protobuf-java/2.5.0/protobuf-java-2.5.0.jar:/home/user/.m2/repository/com/google/guava/guava/11.0.2/guava-11.0.2.jar:/home/user/.m2/repository/org/apache/hadoop/hadoop-ozone-client/0.5.0-SNAPSHOT/hadoop-ozone-client-0.5.0-SNAPSHOT.jar:/workdir/hadoop-ozone/ozonefs/target/classes:/home/user/.m2/repository/org/apache/hadoop/hadoop-hdds-server-framework/0.5.0-SNAPSHOT/hadoop-hdds-server-framework-0.5.0-SNAPSHOT.jar:/home/user/.m2/repository/org/apache/hadoop/hadoop-common/3.2.0/hadoop-common-3.2.0.jar:/home/user/.m2/repository/org/apache/hadoop/hadoop-annotations/3.2.0/hadoop-annotations-3.2.0.jar:/usr/lib/jvm/java-1.8-openjdk/jre/../lib/tools.jar:/home/user/.m2/repository/commons-cli/commons-cli/1.2/commons-cli-1.2.jar:/home/user/.m2/repository/org/apache/commons/commons-math3/3.1.1/commons-math3-3.1.1.jar:/home/user/.m2/repository/org/apache/httpcomponents/httpclient/4.5.2/httpclient-4.5.2.jar:/home/user/.m2/repository/org/apache/httpcomponents/httpcore/4.4.4/httpcore-4.4.4.jar:/home/user/.m2/repository/commons-codec/commons-codec/1.11/commons-codec-1.11.jar:/home/user/.m2/repository/commons-io/commons-io/2.5/commons-io-2.5.jar:/home/user/.m2/repository/commons-net/commons-net/3.6/commons-net-3.6.jar:/home/user/.m2/repository/commons-collections/commons-collections/3.2.2/commons-collections-3.2.2.jar:/home/user/.m2/repository/javax/servlet/javax.servlet-api/3.1.0/javax.servlet-api-3.1.0.jar:/home/user/.m2/repository/org/eclipse/jetty/jetty-server/9.3.24.v20180605/jetty-server-9.3.24.v20180605.jar:/home/user/.m2/repository/org/eclipse/jetty/jetty-http/9.3.24.v20180605/jetty-http-9.3.24.v20180605.jar:/home/user/.m2/repository/org/eclipse/jetty/jetty-io/9.3.24.v20180605/jetty-io-9.3.24.v20180605.jar:/home/user/.m2/repository/org/eclipse/jetty/jetty-util/9.3.24.v20180605/jetty-util-9.3.24.v20180605.jar:/home/user/.m2/repository/org/eclipse/jetty/jetty-servlet/9.3.24.v20180605/jetty-servlet-9.3.24.v20180605.jar:/home/user/.m2/repository/org/eclipse/jetty/jetty-security/9.3.24.v20180605/jetty-security-9.3.24.v20180605.jar:/home/user/.m2/repository/org/eclipse/jetty/jetty-webapp/9.3.24.v20180605/jetty-webapp-9.3.24.v20180605.jar:/home/user/.m2/repository/org/eclipse/jetty/jetty-xml/9.3.24.v20180605/jetty-xml-9.3.24.v20180605.jar:/home/user/.m2/repository/javax/servlet/jsp/jsp-api/2.1/jsp-api-2.1.jar:/home/user/.m2/repository/com/sun/jersey/jersey-core/1.19/jersey-core-1.19.jar:/home/user/.m2/repository/javax/ws/rs/jsr311-api/1.1.1/jsr311-api-1.1.1.jar:/home/user/.m2/repository/com/sun/jersey/jersey-servlet/1.19/jersey-servlet-1.19.jar:/home/user/.m2/repository/com/sun/jersey/jersey-json/1.19/jersey-json-1.19.jar:/home/user/.m2/repository/org/codehaus/jettison/jettison/1.1/jettison-1.1.jar:/home/user/.m2/repository/com/sun/xml/bind/jaxb-impl/2.3.0.1/jaxb-impl-2.3.0.1.jar:/home/user/.m2/repository/org/codehaus/jackson/jackson-core-asl/1.9.13/jackson-core-asl-1.9.13.jar:/home/user/.m2/repository/org/codehaus/jackson/jackson-mapper-asl/1.9.13/jackson-mapper-asl-1.9.13.jar:/home/user/.m2/repository/org/codehaus/jackson/jackson-jaxrs/1.9.13/jackson-jaxrs-1.9.13.jar:/home/user/.m2/repository/org/codehaus/jackson/jackson-xc/1.9.13/jackson-xc-1.9.13.jar:/home/user/.m2/repository/com/sun/jersey/jersey-server/1.19/jersey-server-1.19.jar:/home/user/.m2/repository/commons-logging/commons-logging/1.1.3/commons-logging-1.1.3.jar:/home/user/.m2/repository/log4j/log4j/1.2.17/log4j-1.2.17.jar:/home/user/.m2/repository/commons-beanutils/commons-beanutils/1.9.3/commons-beanutils-1.9.3.jar:/home/user/.m2/repository/org/apache/commons/commons-configuration2/2.1.1/commons-configuration2-2.1.1.jar:/home/user/.m2/repository/org/apache/commons/commons-lang3/3.7/commons-lang3-3.7.jar:/home/user/.m2/repository/org/apache/commons/commons-text/1.4/commons-text-1.4.jar:/home/user/.m2/repository/org/slf4j/slf4j-api/1.7.25/slf4j-api-1.7.25.jar:/home/user/.m2/repository/org/slf4j/slf4j-log4j12/1.7.25/slf4j-log4j12-1.7.25.jar:/home/user/.m2/repository/org/apache/avro/avro/1.7.7/avro-1.7.7.jar:/home/user/.m2/repository/com/thoughtworks/paranamer/paranamer/2.3/paranamer-2.3.jar:/home/user/.m2/repository/org/xerial/snappy/snappy-java/1.0.5/snappy-java-1.0.5.jar:/home/user/.m2/repository/com/google/re2j/re2j/1.1/re2j-1.1.jar:/home/user/.m2/repository/com/google/code/gson/gson/2.2.4/gson-2.2.4.jar:/home/user/.m2/repository/org/apache/hadoop/hadoop-auth/3.2.0/hadoop-auth-3.2.0.jar:/home/user/.m2/repository/com/nimbusds/nimbus-jose-jwt/4.41.1/nimbus-jose-jwt-4.41.1.jar:/home/user/.m2/repository/com/github/stephenc/jcip/jcip-annotations/1.0-1/jcip-annotations-1.0-1.jar:/home/user/.m2/repository/net/minidev/json-smart/2.3/json-smart-2.3.jar:/home/user/.m2/repository/net/minidev/accessors-smart/1.2/accessors-smart-1.2.jar:/home/user/.m2/repository/org/apache/curator/curator-framework/2.12.0/curator-framework-2.12.0.jar:/home/user/.m2/repository/com/jcraft/jsch/0.1.54/jsch-0.1.54.jar:/home/user/.m2/repository/org/apache/curator/curator-client/2.12.0/curator-client-2.12.0.jar:/home/user/.m2/repository/org/apache/curator/curator-recipes/2.12.0/curator-recipes-2.12.0.jar:/home/user/.m2/repository/com/google/code/findbugs/jsr305/3.0.0/jsr305-3.0.0.jar:/home/user/.m2/repository/org/apache/htrace/htrace-core4/4.1.0-incubating/htrace-core4-4.1.0-incubating.jar:/home/user/.m2/repository/org/apache/zookeeper/zookeeper/3.4.13/zookeeper-3.4.13.jar:/home/user/.m2/repository/org/apache/yetus/audience-annotations/0.5.0/audience-annotations-0.5.0.jar:/home/user/.m2/repository/org/apache/kerby/kerb-simplekdc/1.0.1/kerb-simplekdc-1.0.1.jar:/home/user/.m2/repository/org/apache/kerby/kerb-client/1.0.1/kerb-client-1.0.1.jar:/home/user/.m2/repository/org/apache/kerby/kerby-config/1.0.1/kerby-config-1.0.1.jar:/home/user/.m2/repository/org/apache/kerby/kerb-core/1.0.1/kerb-core-1.0.1.jar:/home/user/.m2/repository/org/apache/kerby/kerby-pkix/1.0.1/kerby-pkix-1.0.1.jar:/home/user/.m2/repository/org/apache/kerby/kerby-asn1/1.0.1/kerby-asn1-1.0.1.jar:/home/user/.m2/repository/org/apache/kerby/kerby-util/1.0.1/kerby-util-1.0.1.jar:/home/user/.m2/repository/org/apache/kerby/kerb-common/1.0.1/kerb-common-1.0.1.jar:/home/user/.m2/repository/org/apache/kerby/kerb-crypto/1.0.1/kerb-crypto-1.0.1.jar:/home/user/.m2/repository/org/apache/kerby/kerb-util/1.0.1/kerb-util-1.0.1.jar:/home/user/.m2/repository/org/apache/kerby/token-provider/1.0.1/token-provider-1.0.1.jar:/home/user/.m2/repository/org/apache/kerby/kerb-admin/1.0.1/kerb-admin-1.0.1.jar:/home/user/.m2/repository/org/apache/kerby/kerb-server/1.0.1/kerb-server-1.0.1.jar:/home/user/.m2/repository/org/apache/kerby/kerb-identity/1.0.1/kerb-identity-1.0.1.jar:/home/user/.m2/repository/org/apache/kerby/kerby-xdr/1.0.1/kerby-xdr-1.0.1.jar:/home/user/.m2/repository/com/fasterxml/jackson/core/jackson-databind/2.9.5/jackson-databind-2.9.5.jar:/home/user/.m2/repository/com/fasterxml/jackson/core/jackson-core/2.9.5/jackson-core-2.9.5.jar:/home/user/.m2/repository/org/codehaus/woodstox/stax2-api/3.1.4/stax2-api-3.1.4.jar:/home/user/.m2/repository/com/fasterxml/woodstox/woodstox-core/5.0.3/woodstox-core-5.0.3.jar:/home/user/.m2/repository/dnsjava/dnsjava/2.1.7/dnsjava-2.1.7.jar:/home/user/.m2/repository/org/apache/hadoop/hadoop-hdfs/3.2.0/hadoop-hdfs-3.2.0.jar:/home/user/.m2/repository/org/eclipse/jetty/jetty-util-ajax/9.3.24.v20180605/jetty-util-ajax-9.3.24.v20180605.jar:/home/user/.m2/repository/commons-daemon/commons-daemon/1.0.13/commons-daemon-1.0.13.jar:/home/user/.m2/repository/io/netty/netty/3.10.5.Final/netty-3.10.5.Final.jar:/home/user/.m2/repository/io/netty/netty-all/4.0.52.Final/netty-all-4.0.52.Final.jar:/home/user/.m2/repository/org/fusesource/leveldbjni/leveldbjni-all/1.8/leveldbjni-all-1.8.jar:/home/user/.m2/repository/com/sun/xml/bind/jaxb-core/2.3.0.1/jaxb-core-2.3.0.1.jar:/home/user/.m2/repository/javax/xml/bind/jaxb-api/2.3.0/jaxb-api-2.3.0.jar:/home/user/.m2/repository/javax/activation/activation/1.1.1/activation-1.1.1.jar:/home/user/.m2/repository/io/dropwizard/metrics/metrics-core/3.2.4/metrics-core-3.2.4.jar:/home/user/.m2/repository/org/openjdk/jmh/jmh-core/1.19/jmh-core-1.19.jar:/home/user/.m2/repository/net/sf/jopt-simple/jopt-simple/4.6/jopt-simple-4.6.jar:/home/user/.m2/repository/org/openjdk/jmh/jmh-generator-annprocess/1.19/jmh-generator-annprocess-1.19.jar:/home/user/.m2/repository/com/google/code/findbugs/findbugs/3.0.1/findbugs-3.0.1.jar:/home/user/.m2/repository/net/jcip/jcip-annotations/1.0/jcip-annotations-1.0.jar:/home/user/.m2/repository/com/google/code/findbugs/bcel-findbugs/6.0/bcel-findbugs-6.0.jar:/home/user/.m2/repository/com/google/code/findbugs/jFormatString/2.0.1/jFormatString-2.0.1.jar:/home/user/.m2/repository/dom4j/dom4j/1.6.1/dom4j-1.6.1.jar:/home/user/.m2/repository/xml-apis/xml-apis/1.0.b2/xml-apis-1.0.b2.jar:/home/user/.m2/repository/org/ow2/asm/asm-debug-all/5.0.2/asm-debug-all-5.0.2.jar:/home/user/.m2/repository/org/ow2/asm/asm-commons/5.0.2/asm-commons-5.0.2.jar:/home/user/.m2/repository/org/ow2/asm/asm-tree/5.0.2/asm-tree-5.0.2.jar:/home/user/.m2/repository/org/ow2/asm/asm/5.0.4/asm-5.0.4.jar:/home/user/.m2/repository/commons-lang/commons-lang/2.6/commons-lang-2.6.jar:/home/user/.m2/repository/com/apple/AppleJavaExtensions/1.4/AppleJavaExtensions-1.4.jar:/home/user/.m2/repository/jaxen/jaxen/1.1.6/jaxen-1.1.6.jar:/home/user/.m2/repository/junit/junit/4.11/junit-4.11.jar:/home/user/.m2/repository/org/hamcrest/hamcrest-core/1.3/hamcrest-core-1.3.jar:/home/user/.m2/repository/org/apache/hadoop/hadoop-common/3.2.0/hadoop-common-3.2.0-tests.jar:/workdir/hadoop-ozone/integration-test/target/test-classes:/home/user/.m2/repository/org/apache/hadoop/hadoop-ozone-objectstore-service/0.5.0-SNAPSHOT/hadoop-ozone-objectstore-service-0.5.0-SNAPSHOT.jar:/home/user/.m2/repository/org/apache/hadoop/hadoop-ozone-s3gateway/0.5.0-SNAPSHOT/hadoop-ozone-s3gateway-0.5.0-SNAPSHOT.jar:/home/user/.m2/repository/org/jboss/weld/servlet/weld-servlet/2.4.7.Final/weld-servlet-2.4.7.Final.jar:/home/user/.m2/repository/org/glassfish/jersey/containers/jersey-container-servlet-core/2.27/jersey-container-servlet-core-2.27.jar:/home/user/.m2/repository/org/glassfish/hk2/external/javax.inject/2.5.0-b42/javax.inject-2.5.0-b42.jar:/home/user/.m2/repository/org/glassfish/jersey/core/jersey-common/2.27/jersey-common-2.27.jar:/home/user/.m2/repository/org/glassfish/hk2/osgi-resource-locator/1.0.1/osgi-resource-locator-1.0.1.jar:/home/user/.m2/repository/javax/ws/rs/javax.ws.rs-api/2.1/javax.ws.rs-api-2.1.jar:/home/user/.m2/repository/org/glassfish/jersey/ext/cdi/jersey-cdi1x/2.27/jersey-cdi1x-2.27.jar:/home/user/.m2/repository/org/glassfish/jersey/inject/jersey-hk2/2.27/jersey-hk2-2.27.jar:/home/user/.m2/repository/org/glassfish/hk2/hk2-locator/2.5.0-b42/hk2-locator-2.5.0-b42.jar:/home/user/.m2/repository/org/javassist/javassist/3.22.0-CR2/javassist-3.22.0-CR2.jar:/home/user/.m2/repository/org/glassfish/hk2/hk2-api/2.5.0/hk2-api-2.5.0.jar:/home/user/.m2/repository/org/glassfish/hk2/external/jakarta.inject/2.5.0/jakarta.inject-2.5.0.jar:/home/user/.m2/repository/org/glassfish/hk2/hk2-utils/2.5.0/hk2-utils-2.5.0.jar:/home/user/.m2/repository/jakarta/annotation/jakarta.annotation-api/1.3.4/jakarta.annotation-api-1.3.4.jar:/home/user/.m2/repository/org/glassfish/hk2/external/aopalliance-repackaged/2.5.0/aopalliance-repackaged-2.5.0.jar:/home/user/.m2/repository/com/fasterxml/jackson/dataformat/jackson-dataformat-xml/2.9.0/jackson-dataformat-xml-2.9.0.jar:/home/user/.m2/repository/com/fasterxml/jackson/module/jackson-module-jaxb-annotations/2.9.5/jackson-module-jaxb-annotations-2.9.5.jar:/home/user/.m2/repository/javax/enterprise/cdi-api/1.2/cdi-api-1.2.jar:/home/user/.m2/repository/javax/el/javax.el-api/3.0.0/javax.el-api-3.0.0.jar:/home/user/.m2/repository/javax/interceptor/javax.interceptor-api/1.2/javax.interceptor-api-1.2.jar:/home/user/.m2/repository/javax/inject/javax.inject/1/javax.inject-1.jar:/home/user/.m2/repository/org/apache/hadoop/hadoop-ozone-csi/0.5.0-SNAPSHOT/hadoop-ozone-csi-0.5.0-SNAPSHOT.jar:/home/user/.m2/repository/com/google/protobuf/protobuf-java-util/3.5.1/protobuf-java-util-3.5.1.jar:/home/user/.m2/repository/io/grpc/grpc-netty/1.17.1/grpc-netty-1.17.1.jar:/home/user/.m2/repository/io/grpc/grpc-core/1.17.1/grpc-core-1.17.1.jar:/home/user/.m2/repository/io/grpc/grpc-context/1.17.1/grpc-context-1.17.1.jar:/home/user/.m2/repository/com/google/errorprone/error_prone_annotations/2.2.0/error_prone_annotations-2.2.0.jar:/home/user/.m2/repository/org/codehaus/mojo/animal-sniffer-annotations/1.17/animal-sniffer-annotations-1.17.jar:/home/user/.m2/repository/io/opencensus/opencensus-api/0.17.0/opencensus-api-0.17.0.jar:/home/user/.m2/repository/io/opencensus/opencensus-contrib-grpc-metrics/0.17.0/opencensus-contrib-grpc-metrics-0.17.0.jar:/home/user/.m2/repository/io/netty/netty-codec-http2/4.1.30.Final/netty-codec-http2-4.1.30.Final.jar:/home/user/.m2/repository/io/netty/netty-codec-http/4.1.30.Final/netty-codec-http-4.1.30.Final.jar:/home/user/.m2/repository/io/netty/netty-codec/4.1.30.Final/netty-codec-4.1.30.Final.jar:/home/user/.m2/repository/io/netty/netty-handler/4.1.30.Final/netty-handler-4.1.30.Final.jar:/home/user/.m2/repository/io/netty/netty-handler-proxy/4.1.30.Final/netty-handler-proxy-4.1.30.Final.jar:/home/user/.m2/repository/io/netty/netty-codec-socks/4.1.30.Final/netty-codec-socks-4.1.30.Final.jar:/home/user/.m2/repository/io/netty/netty-transport-native-epoll/4.1.30.Final/netty-transport-native-epoll-4.1.30.Final.jar:/home/user/.m2/repository/io/netty/netty-common/4.1.30.Final/netty-common-4.1.30.Final.jar:/home/user/.m2/repository/io/netty/netty-buffer/4.1.30.Final/netty-buffer-4.1.30.Final.jar:/home/user/.m2/repository/io/netty/netty-transport/4.1.30.Final/netty-transport-4.1.30.Final.jar:/home/user/.m2/repository/io/netty/netty-resolver/4.1.30.Final/netty-resolver-4.1.30.Final.jar:/home/user/.m2/repository/io/netty/netty-transport-native-unix-common/4.1.30.Final/netty-transport-native-unix-common-4.1.30.Final.jar:/home/user/.m2/repository/io/grpc/grpc-protobuf/1.17.1/grpc-protobuf-1.17.1.jar:/home/user/.m2/repository/com/google/api/grpc/proto-google-common-protos/1.0.0/proto-google-common-protos-1.0.0.jar:/home/user/.m2/repository/io/grpc/grpc-protobuf-lite/1.17.1/grpc-protobuf-lite-1.17.1.jar:/home/user/.m2/repository/io/grpc/grpc-stub/1.17.1/grpc-stub-1.17.1.jar:/home/user/.m2/repository/org/apache/hadoop/hadoop-ozone-recon/0.5.0-SNAPSHOT/hadoop-ozone-recon-0.5.0-SNAPSHOT.jar:/home/user/.m2/repository/org/apache/hadoop/hadoop-ozone-reconcodegen/0.5.0-SNAPSHOT/hadoop-ozone-reconcodegen-0.5.0-SNAPSHOT.jar:/home/user/.m2/repository/com/google/inject/extensions/guice-multibindings/4.0/guice-multibindings-4.0.jar:/home/user/.m2/repository/com/google/inject/guice/4.0/guice-4.0.jar:/home/user/.m2/repository/aopalliance/aopalliance/1.0/aopalliance-1.0.jar:/home/user/.m2/repository/com/google/inject/extensions/guice-servlet/4.0/guice-servlet-4.0.jar:/home/user/.m2/repository/org/glassfish/jersey/containers/jersey-container-servlet/2.27/jersey-container-servlet-2.27.jar:/home/user/.m2/repository/org/glassfish/hk2/guice-bridge/2.5.0/guice-bridge-2.5.0.jar:/home/user/.m2/repository/org/glassfish/jersey/core/jersey-server/2.27/jersey-server-2.27.jar:/home/user/.m2/repository/org/glassfish/jersey/core/jersey-client/2.27/jersey-client-2.27.jar:/home/user/.m2/repository/org/glassfish/jersey/media/jersey-media-jaxb/2.27/jersey-media-jaxb-2.27.jar:/home/user/.m2/repository/javax/validation/validation-api/1.1.0.Final/validation-api-1.1.0.Final.jar:/home/user/.m2/repository/org/glassfish/jersey/media/jersey-media-json-jackson/2.27/jersey-media-json-jackson-2.27.jar:/home/user/.m2/repository/org/glassfish/jersey/ext/jersey-entity-filtering/2.27/jersey-entity-filtering-2.27.jar:/home/user/.m2/repository/com/google/inject/extensions/guice-assistedinject/4.0/guice-assistedinject-4.0.jar:/home/user/.m2/repository/org/jooq/jooq/3.11.10/jooq-3.11.10.jar:/home/user/.m2/repository/org/jooq/jooq-meta/3.11.10/jooq-meta-3.11.10.jar:/home/user/.m2/repository/org/jooq/jooq-codegen/3.11.10/jooq-codegen-3.11.10.jar:/home/user/.m2/repository/com/jolbox/bonecp/0.8.0.RELEASE/bonecp-0.8.0.RELEASE.jar:/home/user/.m2/repository/org/springframework/spring-jdbc/5.1.3.RELEASE/spring-jdbc-5.1.3.RELEASE.jar:/home/user/.m2/repository/org/springframework/spring-beans/5.1.3.RELEASE/spring-beans-5.1.3.RELEASE.jar:/home/user/.m2/repository/org/springframework/spring-core/5.1.3.RELEASE/spring-core-5.1.3.RELEASE.jar:/home/user/.m2/repository/org/springframework/spring-jcl/5.1.3.RELEASE/spring-jcl-5.1.3.RELEASE.jar:/home/user/.m2/repository/org/springframework/spring-tx/5.1.3.RELEASE/spring-tx-5.1.3.RELEASE.jar:/home/user/.m2/repository/org/mockito/mockito-core/2.15.0/mockito-core-2.15.0.jar:/home/user/.m2/repository/net/bytebuddy/byte-buddy/1.7.9/byte-buddy-1.7.9.jar:/home/user/.m2/repository/net/bytebuddy/byte-buddy-agent/1.7.9/byte-buddy-agent-1.7.9.jar:/home/user/.m2/repository/org/objenesis/objenesis/1.0/objenesis-1.0.jar:"/>
    <property name="sun.cpu.endian" value="little"/>
    <property name="user.home" value="/home/user"/>
    <property name="user.language" value="en"/>
    <property name="java.specification.vendor" value="Oracle Corporation"/>
    <property name="java.home" value="/usr/lib/jvm/java-1.8-openjdk/jre"/>
    <property name="java.security.krb5.conf" value="/workdir/hadoop-ozone/tools/target/test-classes/krb5.conf"/>
    <property name="basedir" value="/workdir/hadoop-ozone/tools"/>
    <property name="file.separator" value="/"/>
    <property name="line.separator" value="&#10;"/>
    <property name="java.vm.specification.vendor" value="Oracle Corporation"/>
    <property name="java.specification.name" value="Java Platform API Specification"/>
    <property name="java.awt.graphicsenv" value="sun.awt.X11GraphicsEnvironment"/>
    <property name="surefire.real.class.path" value="/workdir/hadoop-ozone/tools/target/surefire/surefirebooter4169173197692342008.jar"/>
    <property name="hadoop.log.dir" value="/workdir/hadoop-ozone/tools/target/log"/>
    <property name="sun.boot.class.path" value="/usr/lib/jvm/java-1.8-openjdk/jre/lib/resources.jar:/usr/lib/jvm/java-1.8-openjdk/jre/lib/rt.jar:/usr/lib/jvm/java-1.8-openjdk/jre/lib/sunrsasign.jar:/usr/lib/jvm/java-1.8-openjdk/jre/lib/jsse.jar:/usr/lib/jvm/java-1.8-openjdk/jre/lib/jce.jar:/usr/lib/jvm/java-1.8-openjdk/jre/lib/charsets.jar:/usr/lib/jvm/java-1.8-openjdk/jre/lib/jfr.jar:/usr/lib/jvm/java-1.8-openjdk/jre/classes"/>
    <property name="sun.management.compiler" value="HotSpot 64-Bit Tiered Compilers"/>
    <property name="java.runtime.version" value="1.8.0_212-b04"/>
    <property name="java.net.preferIPv4Stack" value="true"/>
    <property name="user.name" value="jenkins1000"/>
    <property name="path.separator" value=":"/>
    <property name="java.security.egd" value="file:///dev/urandom"/>
    <property name="os.version" value="3.10.0-957.12.2.el7.x86_64"/>
    <property name="java.endorsed.dirs" value="/usr/lib/jvm/java-1.8-openjdk/jre/lib/endorsed"/>
    <property name="java.runtime.name" value="OpenJDK Runtime Environment"/>
    <property name="file.encoding" value="UTF-8"/>
    <property name="java.vm.name" value="OpenJDK 64-Bit Server VM"/>
    <property name="test.build.webapps" value=""/>
    <property name="localRepository" value="/home/user/.m2/repository"/>
    <property name="java.vendor.url.bug" value="https://icedtea.classpath.org/bugzilla"/>
    <property name="java.io.tmpdir" value="/tmp"/>
    <property name="require.test.libhadoop" value=""/>
    <property name="java.version" value="1.8.0_212"/>
    <property name="user.dir" value="/workdir/hadoop-ozone/tools"/>
    <property name="os.arch" value="amd64"/>
    <property name="java.vm.specification.name" value="Java Virtual Machine Specification"/>
    <property name="test.build.classes" value="/workdir/hadoop-ozone/tools/target/test-classes"/>
    <property name="java.awt.printerjob" value="sun.print.PSPrinterJob"/>
    <property name="sun.os.patch.level" value="unknown"/>
    <property name="hadoop.tmp.dir" value="/workdir/hadoop-ozone/tools/target/tmp"/>
    <property name="java.library.path" value="/usr/lib/jvm/java-1.8-openjdk/jre/lib/amd64/server:/usr/lib/jvm/java-1.8-openjdk/jre/lib/amd64:/usr/lib/jvm/java-1.8-openjdk/jre/../lib/amd64:/workdir/hadoop-ozone/tools/target/native/target/usr/local/lib:/workdir/hadoop-ozone/tools/../../hadoop-common-project/hadoop-common/target/native/target/usr/local/lib:/usr/java/packages/lib/amd64:/usr/lib64:/lib64:/lib:/usr/lib"/>
    <property name="java.vm.info" value="mixed mode"/>
    <property name="java.vendor" value="IcedTea"/>
    <property name="java.vm.version" value="25.212-b04"/>
    <property name="java.ext.dirs" value="/usr/lib/jvm/java-1.8-openjdk/jre/lib/ext:/usr/java/packages/lib/ext"/>
    <property name="sun.io.unicode.encoding" value="UnicodeLittle"/>
    <property name="java.class.version" value="52.0"/>
  </properties>
  <testcase name="testRestart" classname="org.apache.hadoop.ozone.freon.TestFreonWithPipelineDestroy" time="24.422">
    <error message="Allocated 0 blocks. Requested 5 blocks" type="INTERNAL_ERROR org.apache.hadoop.ozone.om.exceptions.OMException">INTERNAL_ERROR org.apache.hadoop.ozone.om.exceptions.OMException: Allocated 0 blocks. Requested 5 blocks
	at org.apache.hadoop.ozone.om.protocolPB.OzoneManagerProtocolClientSideTranslatorPB.handleError(OzoneManagerProtocolClientSideTranslatorPB.java:725)
	at org.apache.hadoop.ozone.om.protocolPB.OzoneManagerProtocolClientSideTranslatorPB.openKey(OzoneManagerProtocolClientSideTranslatorPB.java:716)
	at org.apache.hadoop.ozone.client.rpc.RpcClient.createKey(RpcClient.java:615)
	at org.apache.hadoop.ozone.client.OzoneBucket.createKey(OzoneBucket.java:323)
	at org.apache.hadoop.ozone.freon.RandomKeyGenerator.createKey(RandomKeyGenerator.java:686)
	at org.apache.hadoop.ozone.freon.RandomKeyGenerator.access$1100(RandomKeyGenerator.java:87)
	at org.apache.hadoop.ozone.freon.RandomKeyGenerator$ObjectCreator.run(RandomKeyGenerator.java:606)
	at java.util.concurrent.Executors$RunnableAdapter.call(Executors.java:511)
	at java.util.concurrent.FutureTask.run(FutureTask.java:266)
	at java.util.concurrent.ThreadPoolExecutor.runWorker(ThreadPoolExecutor.java:1149)
	at java.util.concurrent.ThreadPoolExecutor$Worker.run(ThreadPoolExecutor.java:624)
	at java.lang.Thread.run(Thread.java:748)
</error>
    <system-out><![CDATA[2019-09-19 05:36:17,817 [main] WARN  server.ServerUtils (ServerUtils.java:getScmDbDir(145)) - ozone.scm.db.dirs is not configured. We recommend adding this setting. Falling back to ozone.metadata.dirs instead.
2019-09-19 05:36:18,045 [main] WARN  server.ServerUtils (ServerUtils.java:getScmDbDir(145)) - ozone.scm.db.dirs is not configured. We recommend adding this setting. Falling back to ozone.metadata.dirs instead.
2019-09-19 05:36:18,049 [main] WARN  server.ServerUtils (ServerUtils.java:getScmDbDir(145)) - ozone.scm.db.dirs is not configured. We recommend adding this setting. Falling back to ozone.metadata.dirs instead.
2019-09-19 05:36:18,068 [main] INFO  util.log (Log.java:initialized(192)) - Logging initialized @991ms
2019-09-19 05:36:18,220 [main] INFO  db.DBStoreBuilder (DBStoreBuilder.java:addTable(110)) - using custom profile for table: deletedBlocks
2019-09-19 05:36:18,221 [main] INFO  db.DBStoreBuilder (DBStoreBuilder.java:processTables(161)) - Using default column profile:DBProfile.DISK for Table:deletedBlocks
2019-09-19 05:36:18,222 [main] INFO  db.DBStoreBuilder (DBStoreBuilder.java:addTable(110)) - using custom profile for table: validCerts
2019-09-19 05:36:18,222 [main] INFO  db.DBStoreBuilder (DBStoreBuilder.java:processTables(161)) - Using default column profile:DBProfile.DISK for Table:validCerts
2019-09-19 05:36:18,223 [main] INFO  db.DBStoreBuilder (DBStoreBuilder.java:addTable(110)) - using custom profile for table: revokedCerts
2019-09-19 05:36:18,223 [main] INFO  db.DBStoreBuilder (DBStoreBuilder.java:processTables(161)) - Using default column profile:DBProfile.DISK for Table:revokedCerts
2019-09-19 05:36:18,245 [main] INFO  db.DBStoreBuilder (DBStoreBuilder.java:addTable(110)) - using custom profile for table: default
2019-09-19 05:36:18,245 [main] INFO  db.DBStoreBuilder (DBStoreBuilder.java:processTables(167)) - Using default column profile:DBProfile.DISK for Table:default
2019-09-19 05:36:18,247 [main] INFO  db.DBStoreBuilder (DBStoreBuilder.java:getDbProfile(198)) - Using default options. DBProfile.DISK
2019-09-19 05:36:19,194 [main] INFO  net.NodeSchemaLoader (NodeSchemaLoader.java:loadSchemaFromFile(125)) - Loading file from sun.misc.CompoundEnumeration@20deea7f
2019-09-19 05:36:19,196 [main] INFO  net.NodeSchemaLoader (NodeSchemaLoader.java:loadSchema(171)) - Loading network topology layer schema file
2019-09-19 05:36:19,296 [main] INFO  node.SCMNodeManager (SCMNodeManager.java:<init>(121)) - Entering startup safe mode.
2019-09-19 05:36:19,375 [main] INFO  algorithms.ContainerPlacementPolicyFactory (ContainerPlacementPolicyFactory.java:getPolicy(56)) - Create container placement policy of type org.apache.hadoop.hdds.scm.container.placement.algorithms.SCMContainerPlacementRandom
2019-09-19 05:36:19,396 [main] WARN  server.ServerUtils (ServerUtils.java:getScmDbDir(145)) - ozone.scm.db.dirs is not configured. We recommend adding this setting. Falling back to ozone.metadata.dirs instead.
2019-09-19 05:36:19,764 [main] INFO  pipeline.SCMPipelineManager (SCMPipelineManager.java:initializePipelineState(145)) - No pipeline exists in current db
2019-09-19 05:36:19,769 [main] WARN  server.ServerUtils (ServerUtils.java:getScmDbDir(145)) - ozone.scm.db.dirs is not configured. We recommend adding this setting. Falling back to ozone.metadata.dirs instead.
2019-09-19 05:36:20,194 [main] INFO  safemode.HealthyPipelineSafeModeRule (HealthyPipelineSafeModeRule.java:<init>(87)) -  Total pipeline count is 0, healthy pipeline threshold count is 1
2019-09-19 05:36:20,195 [main] INFO  safemode.OneReplicaPipelineSafeModeRule (OneReplicaPipelineSafeModeRule.java:<init>(75)) - Total pipeline count is 0, pipeline's with at least one datanode reported threshold count is 0
2019-09-19 05:36:20,196 [main] WARN  events.EventQueue (EventQueue.java:fireEvent(175)) - No event handler registered for event TypedEvent{payloadType=SafeModeStatus, name='SafeModeStatus'}
2019-09-19 05:36:21,068 [main] INFO  ipc.CallQueueManager (CallQueueManager.java:<init>(84)) - Using callQueue: class java.util.concurrent.LinkedBlockingQueue, queueCapacity: 2000, scheduler: class org.apache.hadoop.ipc.DefaultRpcScheduler, ipcBackoff: false.
2019-09-19 05:36:21,100 [Socket Reader #1 for port 39883] INFO  ipc.Server (Server.java:run(1074)) - Starting Socket Reader #1 for port 39883
2019-09-19 05:36:21,126 [main] INFO  ipc.CallQueueManager (CallQueueManager.java:<init>(84)) - Using callQueue: class java.util.concurrent.LinkedBlockingQueue, queueCapacity: 2000, scheduler: class org.apache.hadoop.ipc.DefaultRpcScheduler, ipcBackoff: false.
2019-09-19 05:36:21,127 [Socket Reader #1 for port 33734] INFO  ipc.Server (Server.java:run(1074)) - Starting Socket Reader #1 for port 33734
2019-09-19 05:36:21,134 [main] INFO  ipc.CallQueueManager (CallQueueManager.java:<init>(84)) - Using callQueue: class java.util.concurrent.LinkedBlockingQueue, queueCapacity: 2000, scheduler: class org.apache.hadoop.ipc.DefaultRpcScheduler, ipcBackoff: false.
2019-09-19 05:36:21,135 [Socket Reader #1 for port 34800] INFO  ipc.Server (Server.java:run(1074)) - Starting Socket Reader #1 for port 34800
2019-09-19 05:36:21,157 [main] INFO  hdfs.DFSUtil (DFSUtil.java:httpServerTemplateForNNAndJN(1641)) - Starting Web-server for scm at: http://0.0.0.0:0
2019-09-19 05:36:21,313 [main] INFO  server.AuthenticationFilter (AuthenticationFilter.java:constructSecretProvider(240)) - Unable to initialize FileSignerSecretProvider, falling back to use random secrets.
2019-09-19 05:36:21,329 [main] WARN  http.HttpRequestLog (HttpRequestLog.java:getRequestLog(97)) - Jetty request log can only be enabled using Log4j
2019-09-19 05:36:21,339 [main] INFO  http.HttpServer2 (HttpServer2.java:addGlobalFilter(975)) - Added global filter 'safety' (class=org.apache.hadoop.http.HttpServer2$QuotingInputFilter)
2019-09-19 05:36:21,342 [main] INFO  http.HttpServer2 (HttpServer2.java:addFilter(948)) - Added filter static_user_filter (class=org.apache.hadoop.http.lib.StaticUserWebFilter$StaticUserFilter) to context scm
2019-09-19 05:36:21,342 [main] INFO  http.HttpServer2 (HttpServer2.java:addFilter(958)) - Added filter static_user_filter (class=org.apache.hadoop.http.lib.StaticUserWebFilter$StaticUserFilter) to context static
2019-09-19 05:36:21,342 [main] INFO  http.HttpServer2 (HttpServer2.java:addFilter(958)) - Added filter static_user_filter (class=org.apache.hadoop.http.lib.StaticUserWebFilter$StaticUserFilter) to context logs
2019-09-19 05:36:21,368 [main] INFO  server.StorageContainerManager (StorageContainerManager.java:start(761)) - StorageContainerLocationProtocol RPC server is listening at /0.0.0.0:34800
2019-09-19 05:36:21,421 [main] WARN  impl.MetricsConfig (MetricsConfig.java:loadFirst(134)) - Cannot locate configuration: tried hadoop-metrics2-storagecontainermanager.properties,hadoop-metrics2.properties
2019-09-19 05:36:21,434 [main] INFO  impl.MetricsSystemImpl (MetricsSystemImpl.java:startTimer(374)) - Scheduled Metric snapshot period at 10 second(s).
2019-09-19 05:36:21,434 [main] INFO  impl.MetricsSystemImpl (MetricsSystemImpl.java:start(191)) - StorageContainerManager metrics system started
2019-09-19 05:36:21,658 [main] INFO  server.SCMClientProtocolServer (SCMClientProtocolServer.java:start(151)) - RPC server for Client  is listening at /0.0.0.0:34800
2019-09-19 05:36:21,659 [IPC Server Responder] INFO  ipc.Server (Server.java:run(1314)) - IPC Server Responder: starting
2019-09-19 05:36:21,659 [IPC Server listener on 34800] INFO  ipc.Server (Server.java:run(1153)) - IPC Server listener on 34800: starting
2019-09-19 05:36:21,662 [main] INFO  server.StorageContainerManager (StorageContainerManager.java:start(771)) - ScmBlockLocationProtocol RPC server is listening at /0.0.0.0:33734
2019-09-19 05:36:21,663 [main] INFO  server.SCMBlockProtocolServer (SCMBlockProtocolServer.java:start(140)) - RPC server for Block Protocol is listening at /0.0.0.0:33734
2019-09-19 05:36:21,663 [IPC Server Responder] INFO  ipc.Server (Server.java:run(1314)) - IPC Server Responder: starting
2019-09-19 05:36:21,663 [IPC Server listener on 33734] INFO  ipc.Server (Server.java:run(1153)) - IPC Server listener on 33734: starting
2019-09-19 05:36:21,666 [main] INFO  server.StorageContainerManager (StorageContainerManager.java:start(775)) - ScmDatanodeProtocl RPC server is listening at /0.0.0.0:39883
2019-09-19 05:36:21,666 [main] INFO  server.SCMDatanodeProtocolServer (SCMDatanodeProtocolServer.java:start(199)) - RPC server for DataNodes is listening at /0.0.0.0:39883
2019-09-19 05:36:21,667 [IPC Server Responder] INFO  ipc.Server (Server.java:run(1314)) - IPC Server Responder: starting
2019-09-19 05:36:21,667 [IPC Server listener on 39883] INFO  ipc.Server (Server.java:run(1153)) - IPC Server listener on 39883: starting
2019-09-19 05:36:21,672 [main] INFO  http.HttpServer2 (HttpServer2.java:bindListener(1191)) - Jetty bound to port 42428
2019-09-19 05:36:21,673 [main] INFO  server.Server (Server.java:doStart(351)) - jetty-9.3.24.v20180605, build timestamp: 2018-06-05T17:11:56Z, git hash: 84205aa28f11a4f31f2a3b86d1bba2cc8ab69827
2019-09-19 05:36:21,710 [main] INFO  handler.ContextHandler (ContextHandler.java:doStart(781)) - Started o.e.j.s.ServletContextHandler@4a11eb84{/logs,file:///workdir/hadoop-ozone/tools/target/log,AVAILABLE}
2019-09-19 05:36:21,711 [main] INFO  handler.ContextHandler (ContextHandler.java:doStart(781)) - Started o.e.j.s.ServletContextHandler@b7838a9{/static,jar:file:/home/user/.m2/repository/org/apache/hadoop/hadoop-hdds-server-scm/0.5.0-SNAPSHOT/hadoop-hdds-server-scm-0.5.0-SNAPSHOT.jar!/webapps/static,AVAILABLE}
2019-09-19 05:36:21,881 [main] INFO  handler.ContextHandler (ContextHandler.java:doStart(781)) - Started o.e.j.w.WebAppContext@50305a{/,file:///tmp/jetty-0.0.0.0-42428-scm-_-any-4947468076641665070.dir/webapp/,AVAILABLE}{/scm}
2019-09-19 05:36:21,887 [main] INFO  server.AbstractConnector (AbstractConnector.java:doStart(278)) - Started ServerConnector@120f38e6{HTTP/1.1,[http/1.1]}{0.0.0.0:42428}
2019-09-19 05:36:21,888 [main] INFO  server.Server (Server.java:doStart(419)) - Started @4811ms
2019-09-19 05:36:21,890 [main] INFO  server.BaseHttpServer (BaseHttpServer.java:updateConnectorAddress(213)) - HTTP server of SCM is listening at http://0.0.0.0:42428
2019-09-19 05:36:21,900 [org.apache.hadoop.util.JvmPauseMonitor$Monitor@29ad44e3] INFO  util.JvmPauseMonitor (JvmPauseMonitor.java:run(188)) - Starting JVM pause monitor
2019-09-19 05:36:21,905 [main] WARN  server.ServerUtils (ServerUtils.java:getDBPath(222)) - ozone.om.db.dirs is not configured. We recommend adding this setting. Falling back to ozone.metadata.dirs instead.
2019-09-19 05:36:22,080 [main] WARN  server.ServerUtils (ServerUtils.java:getDBPath(222)) - ozone.om.db.dirs is not configured. We recommend adding this setting. Falling back to ozone.metadata.dirs instead.
2019-09-19 05:36:22,081 [main] WARN  server.ServerUtils (ServerUtils.java:getDBPath(222)) - ozone.om.db.dirs is not configured. We recommend adding this setting. Falling back to ozone.metadata.dirs instead.
2019-09-19 05:36:22,082 [main] INFO  om.OzoneManager (OzoneManager.java:setOMNodeDetails(645)) - OM Service ID is not set. Setting it to the default ID: omServiceIdDefault
2019-09-19 05:36:22,083 [main] INFO  om.OzoneManager (OzoneManager.java:setOMNodeDetails(651)) - OM Node ID is not set. Setting it to the OmStorage's OmID: beef63c6-2a93-449b-8e22-7afd45267260
2019-09-19 05:36:22,084 [main] INFO  om.OzoneManager (OzoneManager.java:loadOMHAConfigs(602)) - Found matching OM address with OMServiceId: null, OMNodeId: null, RPC Address: localhost:0 and Ratis port: 9872
2019-09-19 05:36:22,361 | INFO  | SCMAudit | user=jenkins1000 | ip=192.168.34.50 | op=GET_SCM_INFO null | ret=SUCCESS |  
2019-09-19 05:36:22,794 [main] WARN  server.ServerUtils (ServerUtils.java:getDBPath(222)) - ozone.om.db.dirs is not configured. We recommend adding this setting. Falling back to ozone.metadata.dirs instead.
2019-09-19 05:36:22,802 [main] INFO  db.DBStoreBuilder (DBStoreBuilder.java:addTable(110)) - using custom profile for table: userTable
2019-09-19 05:36:22,802 [main] INFO  db.DBStoreBuilder (DBStoreBuilder.java:processTables(161)) - Using default column profile:DBProfile.DISK for Table:userTable
2019-09-19 05:36:22,803 [main] INFO  db.DBStoreBuilder (DBStoreBuilder.java:addTable(110)) - using custom profile for table: volumeTable
2019-09-19 05:36:22,803 [main] INFO  db.DBStoreBuilder (DBStoreBuilder.java:processTables(161)) - Using default column profile:DBProfile.DISK for Table:volumeTable
2019-09-19 05:36:22,803 [main] INFO  db.DBStoreBuilder (DBStoreBuilder.java:addTable(110)) - using custom profile for table: bucketTable
2019-09-19 05:36:22,803 [main] INFO  db.DBStoreBuilder (DBStoreBuilder.java:processTables(161)) - Using default column profile:DBProfile.DISK for Table:bucketTable
2019-09-19 05:36:22,803 [main] INFO  db.DBStoreBuilder (DBStoreBuilder.java:addTable(110)) - using custom profile for table: keyTable
2019-09-19 05:36:22,804 [main] INFO  db.DBStoreBuilder (DBStoreBuilder.java:processTables(161)) - Using default column profile:DBProfile.DISK for Table:keyTable
2019-09-19 05:36:22,804 [main] INFO  db.DBStoreBuilder (DBStoreBuilder.java:addTable(110)) - using custom profile for table: deletedTable
2019-09-19 05:36:22,804 [main] INFO  db.DBStoreBuilder (DBStoreBuilder.java:processTables(161)) - Using default column profile:DBProfile.DISK for Table:deletedTable
2019-09-19 05:36:22,804 [main] INFO  db.DBStoreBuilder (DBStoreBuilder.java:addTable(110)) - using custom profile for table: openKeyTable
2019-09-19 05:36:22,805 [main] INFO  db.DBStoreBuilder (DBStoreBuilder.java:processTables(161)) - Using default column profile:DBProfile.DISK for Table:openKeyTable
2019-09-19 05:36:22,805 [main] INFO  db.DBStoreBuilder (DBStoreBuilder.java:addTable(110)) - using custom profile for table: s3Table
2019-09-19 05:36:22,805 [main] INFO  db.DBStoreBuilder (DBStoreBuilder.java:processTables(161)) - Using default column profile:DBProfile.DISK for Table:s3Table
2019-09-19 05:36:22,805 [main] INFO  db.DBStoreBuilder (DBStoreBuilder.java:addTable(110)) - using custom profile for table: multipartInfoTable
2019-09-19 05:36:22,806 [main] INFO  db.DBStoreBuilder (DBStoreBuilder.java:processTables(161)) - Using default column profile:DBProfile.DISK for Table:multipartInfoTable
2019-09-19 05:36:22,806 [main] INFO  db.DBStoreBuilder (DBStoreBuilder.java:addTable(110)) - using custom profile for table: dTokenTable
2019-09-19 05:36:22,806 [main] INFO  db.DBStoreBuilder (DBStoreBuilder.java:processTables(161)) - Using default column profile:DBProfile.DISK for Table:dTokenTable
2019-09-19 05:36:22,807 [main] INFO  db.DBStoreBuilder (DBStoreBuilder.java:addTable(110)) - using custom profile for table: s3SecretTable
2019-09-19 05:36:22,807 [main] INFO  db.DBStoreBuilder (DBStoreBuilder.java:processTables(161)) - Using default column profile:DBProfile.DISK for Table:s3SecretTable
2019-09-19 05:36:22,807 [main] INFO  db.DBStoreBuilder (DBStoreBuilder.java:addTable(110)) - using custom profile for table: prefixTable
2019-09-19 05:36:22,807 [main] INFO  db.DBStoreBuilder (DBStoreBuilder.java:processTables(161)) - Using default column profile:DBProfile.DISK for Table:prefixTable
2019-09-19 05:36:22,807 [main] INFO  db.DBStoreBuilder (DBStoreBuilder.java:addTable(110)) - using custom profile for table: default
2019-09-19 05:36:22,808 [main] INFO  db.DBStoreBuilder (DBStoreBuilder.java:processTables(167)) - Using default column profile:DBProfile.DISK for Table:default
2019-09-19 05:36:22,808 [main] INFO  db.DBStoreBuilder (DBStoreBuilder.java:getDbProfile(198)) - Using default options. DBProfile.DISK
2019-09-19 05:36:25,147 [main] INFO  ipc.CallQueueManager (CallQueueManager.java:<init>(84)) - Using callQueue: class java.util.concurrent.LinkedBlockingQueue, queueCapacity: 2000, scheduler: class org.apache.hadoop.ipc.DefaultRpcScheduler, ipcBackoff: false.
2019-09-19 05:36:25,148 [Socket Reader #1 for port 44685] INFO  ipc.Server (Server.java:run(1074)) - Starting Socket Reader #1 for port 44685
2019-09-19 05:36:25,168 [main] INFO  om.OzoneManager (OzoneManager.java:start(1256)) - OzoneManager RPC server is listening at localhost/127.0.0.1:44685
2019-09-19 05:36:25,169 [main] INFO  impl.MetricsSystemImpl (MetricsSystemImpl.java:init(158)) - OzoneManager metrics system started (again)
2019-09-19 05:36:25,170 [IPC Server listener on 44685] INFO  ipc.Server (Server.java:run(1153)) - IPC Server listener on 44685: starting
2019-09-19 05:36:25,170 [IPC Server Responder] INFO  ipc.Server (Server.java:run(1314)) - IPC Server Responder: starting
2019-09-19 05:36:25,179 [main] INFO  hdfs.DFSUtil (DFSUtil.java:httpServerTemplateForNNAndJN(1641)) - Starting Web-server for ozoneManager at: http://0.0.0.0:0
2019-09-19 05:36:25,180 [main] INFO  server.AuthenticationFilter (AuthenticationFilter.java:constructSecretProvider(240)) - Unable to initialize FileSignerSecretProvider, falling back to use random secrets.
2019-09-19 05:36:25,181 [main] WARN  http.HttpRequestLog (HttpRequestLog.java:getRequestLog(97)) - Jetty request log can only be enabled using Log4j
2019-09-19 05:36:25,183 [main] INFO  http.HttpServer2 (HttpServer2.java:addGlobalFilter(975)) - Added global filter 'safety' (class=org.apache.hadoop.http.HttpServer2$QuotingInputFilter)
2019-09-19 05:36:25,184 [main] INFO  http.HttpServer2 (HttpServer2.java:addFilter(948)) - Added filter static_user_filter (class=org.apache.hadoop.http.lib.StaticUserWebFilter$StaticUserFilter) to context ozoneManager
2019-09-19 05:36:25,184 [main] INFO  http.HttpServer2 (HttpServer2.java:addFilter(958)) - Added filter static_user_filter (class=org.apache.hadoop.http.lib.StaticUserWebFilter$StaticUserFilter) to context static
2019-09-19 05:36:25,185 [main] INFO  http.HttpServer2 (HttpServer2.java:addFilter(958)) - Added filter static_user_filter (class=org.apache.hadoop.http.lib.StaticUserWebFilter$StaticUserFilter) to context logs
2019-09-19 05:36:25,186 [main] INFO  http.HttpServer2 (HttpServer2.java:bindListener(1191)) - Jetty bound to port 38094
2019-09-19 05:36:25,187 [main] INFO  server.Server (Server.java:doStart(351)) - jetty-9.3.24.v20180605, build timestamp: 2018-06-05T17:11:56Z, git hash: 84205aa28f11a4f31f2a3b86d1bba2cc8ab69827
2019-09-19 05:36:25,189 [main] INFO  handler.ContextHandler (ContextHandler.java:doStart(781)) - Started o.e.j.s.ServletContextHandler@1698d7c0{/logs,file:///workdir/hadoop-ozone/tools/target/log,AVAILABLE}
2019-09-19 05:36:25,190 [main] INFO  handler.ContextHandler (ContextHandler.java:doStart(781)) - Started o.e.j.s.ServletContextHandler@87abc48{/static,jar:file:/home/user/.m2/repository/org/apache/hadoop/hadoop-ozone-ozone-manager/0.5.0-SNAPSHOT/hadoop-ozone-ozone-manager-0.5.0-SNAPSHOT.jar!/webapps/static,AVAILABLE}
2019-09-19 05:36:25,244 [main] INFO  handler.ContextHandler (ContextHandler.java:doStart(781)) - Started o.e.j.w.WebAppContext@5bcde458{/,file:///tmp/jetty-0.0.0.0-38094-ozoneManager-_-any-8959956004496758114.dir/webapp/,AVAILABLE}{/ozoneManager}
2019-09-19 05:36:25,244 [main] INFO  server.AbstractConnector (AbstractConnector.java:doStart(278)) - Started ServerConnector@215a34b4{HTTP/1.1,[http/1.1]}{0.0.0.0:38094}
2019-09-19 05:36:25,245 [main] INFO  server.Server (Server.java:doStart(419)) - Started @8168ms
2019-09-19 05:36:25,246 [main] INFO  server.BaseHttpServer (BaseHttpServer.java:updateConnectorAddress(213)) - HTTP server of OZONEMANAGER is listening at http://0.0.0.0:38094
2019-09-19 05:36:25,397 [main] INFO  impl.MetricsSystemImpl (MetricsSystemImpl.java:init(158)) - HddsDatanode metrics system started (again)
2019-09-19 05:36:25,493 [main] INFO  ozone.HddsDatanodeService (HddsDatanodeService.java:start(184)) - HddsDatanodeService host:pr-hdds-2034-srnhl-2452957315 ip:192.168.34.50
2019-09-19 05:36:25,533 [main] INFO  volume.HddsVolume (HddsVolume.java:<init>(176)) - Creating Volume: /workdir/hadoop-ozone/tools/target/test-dir/MiniOzoneClusterImpl-cbe06da4-977e-4fbb-af22-3b16938285ed/datanode-0/data/containers/hdds of  storage type : DISK and capacity : 1482555576320
2019-09-19 05:36:25,535 [main] INFO  volume.VolumeSet (VolumeSet.java:initializeVolumeSet(170)) - Added Volume : /workdir/hadoop-ozone/tools/target/test-dir/MiniOzoneClusterImpl-cbe06da4-977e-4fbb-af22-3b16938285ed/datanode-0/data/containers/hdds to VolumeSet
2019-09-19 05:36:25,540 [main] INFO  volume.ThrottledAsyncChecker (ThrottledAsyncChecker.java:schedule(140)) - Scheduling a check for org.apache.hadoop.ozone.container.common.volume.HddsVolume@3ac8cf9b
2019-09-19 05:36:25,560 [main] INFO  volume.HddsVolumeChecker (HddsVolumeChecker.java:checkAllVolumes(203)) - Scheduled health check for volume org.apache.hadoop.ozone.container.common.volume.HddsVolume@3ac8cf9b
2019-09-19 05:36:25,665 [main] INFO  impl.RaftServerProxy (ConfUtils.java:logGet(43)) - raft.rpc.type = GRPC (default)
2019-09-19 05:36:25,728 [main] INFO  grpc.GrpcFactory (GrpcFactory.java:checkPooledByteBufAllocatorUseCacheForAllThreads(45)) - PERFORMANCE WARNING: useCacheForAllThreads is true that may cause Netty to create a lot garbage objects and, as a result, trigger GC.
	It is recommended to disable useCacheForAllThreads by setting -Dorg.apache.ratis.thirdparty.io.netty.allocator.useCacheForAllThreads=false in command line.
2019-09-19 05:36:25,735 [main] INFO  grpc.GrpcConfigKeys$Server (ConfUtils.java:logGet(43)) - raft.grpc.server.port = 0 (default)
2019-09-19 05:36:25,737 [main] INFO  server.GrpcService (ConfUtils.java:logGet(43)) - raft.grpc.message.size.max = 33570816 (custom)
2019-09-19 05:36:25,739 [main] INFO  server.RaftServerConfigKeys (ConfUtils.java:logGet(43)) - raft.server.log.appender.buffer.byte-limit = 33554432 (custom)
2019-09-19 05:36:25,740 [main] INFO  server.GrpcService (ConfUtils.java:logGet(43)) - raft.grpc.flow.control.window = 1MB (=1048576) (default)
2019-09-19 05:36:25,741 [main] INFO  server.RaftServerConfigKeys (ConfUtils.java:logGet(43)) - raft.server.rpc.request.timeout = 3000ms (default)
2019-09-19 05:36:25,905 [main] INFO  server.RaftServerConfigKeys (ConfUtils.java:logGet(43)) - raft.server.storage.dir = [/workdir/hadoop-ozone/tools/target/test-dir/MiniOzoneClusterImpl-cbe06da4-977e-4fbb-af22-3b16938285ed/datanode-0/data/ratis] (custom)
2019-09-19 05:36:25,941 [main] INFO  replication.SimpleContainerDownloader (SimpleContainerDownloader.java:<init>(72)) - Starting container downloader service to copy containers to replicate.
2019-09-19 05:36:25,955 [main] INFO  hdfs.DFSUtil (DFSUtil.java:httpServerTemplateForNNAndJN(1641)) - Starting Web-server for hddsDatanode at: http://0.0.0.0:0
2019-09-19 05:36:25,957 [main] INFO  server.AuthenticationFilter (AuthenticationFilter.java:constructSecretProvider(240)) - Unable to initialize FileSignerSecretProvider, falling back to use random secrets.
2019-09-19 05:36:25,958 [main] WARN  http.HttpRequestLog (HttpRequestLog.java:getRequestLog(97)) - Jetty request log can only be enabled using Log4j
2019-09-19 05:36:25,959 [main] INFO  http.HttpServer2 (HttpServer2.java:addGlobalFilter(975)) - Added global filter 'safety' (class=org.apache.hadoop.http.HttpServer2$QuotingInputFilter)
2019-09-19 05:36:25,960 [main] INFO  http.HttpServer2 (HttpServer2.java:addFilter(948)) - Added filter static_user_filter (class=org.apache.hadoop.http.lib.StaticUserWebFilter$StaticUserFilter) to context hddsDatanode
2019-09-19 05:36:25,960 [main] INFO  http.HttpServer2 (HttpServer2.java:addFilter(958)) - Added filter static_user_filter (class=org.apache.hadoop.http.lib.StaticUserWebFilter$StaticUserFilter) to context static
2019-09-19 05:36:25,960 [main] INFO  http.HttpServer2 (HttpServer2.java:addFilter(958)) - Added filter static_user_filter (class=org.apache.hadoop.http.lib.StaticUserWebFilter$StaticUserFilter) to context logs
2019-09-19 05:36:25,961 [main] INFO  http.HttpServer2 (HttpServer2.java:bindListener(1191)) - Jetty bound to port 40021
2019-09-19 05:36:25,961 [main] INFO  server.Server (Server.java:doStart(351)) - jetty-9.3.24.v20180605, build timestamp: 2018-06-05T17:11:56Z, git hash: 84205aa28f11a4f31f2a3b86d1bba2cc8ab69827
2019-09-19 05:36:25,965 [main] INFO  handler.ContextHandler (ContextHandler.java:doStart(781)) - Started o.e.j.s.ServletContextHandler@22eaa86e{/logs,file:///workdir/hadoop-ozone/tools/target/log,AVAILABLE}
2019-09-19 05:36:25,965 [main] INFO  handler.ContextHandler (ContextHandler.java:doStart(781)) - Started o.e.j.s.ServletContextHandler@1cc680e{/static,jar:file:/home/user/.m2/repository/org/apache/hadoop/hadoop-hdds-container-service/0.5.0-SNAPSHOT/hadoop-hdds-container-service-0.5.0-SNAPSHOT.jar!/webapps/static,AVAILABLE}
2019-09-19 05:36:25,992 [main] INFO  handler.ContextHandler (ContextHandler.java:doStart(781)) - Started o.e.j.w.WebAppContext@a5272be{/,file:///tmp/jetty-0.0.0.0-40021-hddsDatanode-_-any-4752012211027697040.dir/webapp/,AVAILABLE}{/hddsDatanode}
2019-09-19 05:36:25,993 [main] INFO  server.AbstractConnector (AbstractConnector.java:doStart(278)) - Started ServerConnector@58ba5b30{HTTP/1.1,[http/1.1]}{0.0.0.0:40021}
2019-09-19 05:36:25,993 [main] INFO  server.Server (Server.java:doStart(419)) - Started @8916ms
2019-09-19 05:36:25,994 [main] INFO  server.BaseHttpServer (BaseHttpServer.java:updateConnectorAddress(213)) - HTTP server of HDDSDATANODE is listening at http://0.0.0.0:40021
2019-09-19 05:36:27,085 | INFO  | ObjectStoreRestHttpServer | Listening HDDS REST traffic on /0.0.0.0:40649 |  
2019-09-19 05:36:27,086 [main] INFO  ozone.HddsDatanodeService (HddsDatanodeService.java:startPlugins(395)) - Started plug-in org.apache.hadoop.ozone.web.OzoneHddsDatanodeService@2a87ba34
2019-09-19 05:36:27,087 [main] INFO  impl.MetricsSystemImpl (MetricsSystemImpl.java:init(158)) - HddsDatanode metrics system started (again)
2019-09-19 05:36:27,090 [main] INFO  ozone.HddsDatanodeService (HddsDatanodeService.java:start(184)) - HddsDatanodeService host:pr-hdds-2034-srnhl-2452957315 ip:192.168.34.50
2019-09-19 05:36:27,097 [org.apache.hadoop.util.JvmPauseMonitor$Monitor@3423b2cf] INFO  util.JvmPauseMonitor (JvmPauseMonitor.java:run(188)) - Starting JVM pause monitor
2019-09-19 05:36:27,109 [main] INFO  volume.HddsVolume (HddsVolume.java:<init>(176)) - Creating Volume: /workdir/hadoop-ozone/tools/target/test-dir/MiniOzoneClusterImpl-cbe06da4-977e-4fbb-af22-3b16938285ed/datanode-1/data/containers/hdds of  storage type : DISK and capacity : 1482555576320
2019-09-19 05:36:27,110 [main] INFO  volume.VolumeSet (VolumeSet.java:initializeVolumeSet(170)) - Added Volume : /workdir/hadoop-ozone/tools/target/test-dir/MiniOzoneClusterImpl-cbe06da4-977e-4fbb-af22-3b16938285ed/datanode-1/data/containers/hdds to VolumeSet
2019-09-19 05:36:27,110 [main] INFO  volume.ThrottledAsyncChecker (ThrottledAsyncChecker.java:schedule(140)) - Scheduling a check for org.apache.hadoop.ozone.container.common.volume.HddsVolume@2bb62414
2019-09-19 05:36:27,111 [main] INFO  volume.HddsVolumeChecker (HddsVolumeChecker.java:checkAllVolumes(203)) - Scheduled health check for volume org.apache.hadoop.ozone.container.common.volume.HddsVolume@2bb62414
2019-09-19 05:36:27,145 [main] INFO  impl.RaftServerProxy (ConfUtils.java:logGet(43)) - raft.rpc.type = GRPC (default)
2019-09-19 05:36:27,146 [main] INFO  grpc.GrpcFactory (GrpcFactory.java:checkPooledByteBufAllocatorUseCacheForAllThreads(45)) - PERFORMANCE WARNING: useCacheForAllThreads is true that may cause Netty to create a lot garbage objects and, as a result, trigger GC.
	It is recommended to disable useCacheForAllThreads by setting -Dorg.apache.ratis.thirdparty.io.netty.allocator.useCacheForAllThreads=false in command line.
2019-09-19 05:36:27,146 [main] INFO  grpc.GrpcConfigKeys$Server (ConfUtils.java:logGet(43)) - raft.grpc.server.port = 0 (default)
2019-09-19 05:36:27,147 [main] INFO  server.GrpcService (ConfUtils.java:logGet(43)) - raft.grpc.message.size.max = 33570816 (custom)
2019-09-19 05:36:27,147 [main] INFO  server.RaftServerConfigKeys (ConfUtils.java:logGet(43)) - raft.server.log.appender.buffer.byte-limit = 33554432 (custom)
2019-09-19 05:36:27,148 [main] INFO  server.GrpcService (ConfUtils.java:logGet(43)) - raft.grpc.flow.control.window = 1MB (=1048576) (default)
2019-09-19 05:36:27,149 [main] INFO  server.RaftServerConfigKeys (ConfUtils.java:logGet(43)) - raft.server.rpc.request.timeout = 3000ms (default)
2019-09-19 05:36:27,150 [main] INFO  server.RaftServerConfigKeys (ConfUtils.java:logGet(43)) - raft.server.storage.dir = [/workdir/hadoop-ozone/tools/target/test-dir/MiniOzoneClusterImpl-cbe06da4-977e-4fbb-af22-3b16938285ed/datanode-1/data/ratis] (custom)
2019-09-19 05:36:27,151 [main] INFO  replication.SimpleContainerDownloader (SimpleContainerDownloader.java:<init>(72)) - Starting container downloader service to copy containers to replicate.
2019-09-19 05:36:27,153 [main] INFO  hdfs.DFSUtil (DFSUtil.java:httpServerTemplateForNNAndJN(1641)) - Starting Web-server for hddsDatanode at: http://0.0.0.0:0
2019-09-19 05:36:27,154 [main] INFO  server.AuthenticationFilter (AuthenticationFilter.java:constructSecretProvider(240)) - Unable to initialize FileSignerSecretProvider, falling back to use random secrets.
2019-09-19 05:36:27,155 [main] WARN  http.HttpRequestLog (HttpRequestLog.java:getRequestLog(97)) - Jetty request log can only be enabled using Log4j
2019-09-19 05:36:27,157 [main] INFO  http.HttpServer2 (HttpServer2.java:addGlobalFilter(975)) - Added global filter 'safety' (class=org.apache.hadoop.http.HttpServer2$QuotingInputFilter)
2019-09-19 05:36:27,157 [main] INFO  http.HttpServer2 (HttpServer2.java:addFilter(948)) - Added filter static_user_filter (class=org.apache.hadoop.http.lib.StaticUserWebFilter$StaticUserFilter) to context hddsDatanode
2019-09-19 05:36:27,158 [main] INFO  http.HttpServer2 (HttpServer2.java:addFilter(958)) - Added filter static_user_filter (class=org.apache.hadoop.http.lib.StaticUserWebFilter$StaticUserFilter) to context logs
2019-09-19 05:36:27,158 [main] INFO  http.HttpServer2 (HttpServer2.java:addFilter(958)) - Added filter static_user_filter (class=org.apache.hadoop.http.lib.StaticUserWebFilter$StaticUserFilter) to context static
2019-09-19 05:36:27,159 [main] INFO  http.HttpServer2 (HttpServer2.java:bindListener(1191)) - Jetty bound to port 35912
2019-09-19 05:36:27,159 [main] INFO  server.Server (Server.java:doStart(351)) - jetty-9.3.24.v20180605, build timestamp: 2018-06-05T17:11:56Z, git hash: 84205aa28f11a4f31f2a3b86d1bba2cc8ab69827
2019-09-19 05:36:27,161 [main] INFO  handler.ContextHandler (ContextHandler.java:doStart(781)) - Started o.e.j.s.ServletContextHandler@79627d27{/logs,file:///workdir/hadoop-ozone/tools/target/log,AVAILABLE}
2019-09-19 05:36:27,161 [main] INFO  handler.ContextHandler (ContextHandler.java:doStart(781)) - Started o.e.j.s.ServletContextHandler@b5b9333{/static,jar:file:/home/user/.m2/repository/org/apache/hadoop/hadoop-hdds-container-service/0.5.0-SNAPSHOT/hadoop-hdds-container-service-0.5.0-SNAPSHOT.jar!/webapps/static,AVAILABLE}
2019-09-19 05:36:27,192 [main] INFO  handler.ContextHandler (ContextHandler.java:doStart(781)) - Started o.e.j.w.WebAppContext@61f377d1{/,file:///tmp/jetty-0.0.0.0-35912-hddsDatanode-_-any-2087879033494073839.dir/webapp/,AVAILABLE}{/hddsDatanode}
2019-09-19 05:36:27,192 [main] INFO  server.AbstractConnector (AbstractConnector.java:doStart(278)) - Started ServerConnector@6c538eb2{HTTP/1.1,[http/1.1]}{0.0.0.0:35912}
2019-09-19 05:36:27,193 [main] INFO  server.Server (Server.java:doStart(419)) - Started @10116ms
2019-09-19 05:36:27,194 [main] INFO  server.BaseHttpServer (BaseHttpServer.java:updateConnectorAddress(213)) - HTTP server of HDDSDATANODE is listening at http://0.0.0.0:35912
2019-09-19 05:36:27,219 [Datanode State Machine Thread - 0] INFO  datanode.InitDatanodeState (InitDatanodeState.java:persistContainerDatanodeDetails(140)) - DatanodeDetails is persisted to /workdir/hadoop-ozone/tools/target/test-dir/MiniOzoneClusterImpl-cbe06da4-977e-4fbb-af22-3b16938285ed/datanode-0/meta/datanode.id
2019-09-19 05:36:27,354 | INFO  | ObjectStoreRestHttpServer | Listening HDDS REST traffic on /0.0.0.0:39779 |  
2019-09-19 05:36:27,354 [main] INFO  ozone.HddsDatanodeService (HddsDatanodeService.java:startPlugins(395)) - Started plug-in org.apache.hadoop.ozone.web.OzoneHddsDatanodeService@b5ac0c1
2019-09-19 05:36:27,354 [main] INFO  impl.MetricsSystemImpl (MetricsSystemImpl.java:init(158)) - HddsDatanode metrics system started (again)
2019-09-19 05:36:27,357 [main] INFO  ozone.HddsDatanodeService (HddsDatanodeService.java:start(184)) - HddsDatanodeService host:pr-hdds-2034-srnhl-2452957315 ip:192.168.34.50
2019-09-19 05:36:27,357 [org.apache.hadoop.util.JvmPauseMonitor$Monitor@6926832] INFO  util.JvmPauseMonitor (JvmPauseMonitor.java:run(188)) - Starting JVM pause monitor
2019-09-19 05:36:27,365 [main] INFO  volume.HddsVolume (HddsVolume.java:<init>(176)) - Creating Volume: /workdir/hadoop-ozone/tools/target/test-dir/MiniOzoneClusterImpl-cbe06da4-977e-4fbb-af22-3b16938285ed/datanode-2/data/containers/hdds of  storage type : DISK and capacity : 1482555576320
2019-09-19 05:36:27,365 [Datanode State Machine Thread - 0] INFO  datanode.InitDatanodeState (InitDatanodeState.java:persistContainerDatanodeDetails(140)) - DatanodeDetails is persisted to /workdir/hadoop-ozone/tools/target/test-dir/MiniOzoneClusterImpl-cbe06da4-977e-4fbb-af22-3b16938285ed/datanode-1/meta/datanode.id
2019-09-19 05:36:27,365 [main] INFO  volume.VolumeSet (VolumeSet.java:initializeVolumeSet(170)) - Added Volume : /workdir/hadoop-ozone/tools/target/test-dir/MiniOzoneClusterImpl-cbe06da4-977e-4fbb-af22-3b16938285ed/datanode-2/data/containers/hdds to VolumeSet
2019-09-19 05:36:27,366 [main] INFO  volume.ThrottledAsyncChecker (ThrottledAsyncChecker.java:schedule(140)) - Scheduling a check for org.apache.hadoop.ozone.container.common.volume.HddsVolume@45d56062
2019-09-19 05:36:27,366 [main] INFO  volume.HddsVolumeChecker (HddsVolumeChecker.java:checkAllVolumes(203)) - Scheduled health check for volume org.apache.hadoop.ozone.container.common.volume.HddsVolume@45d56062
2019-09-19 05:36:27,382 [main] INFO  impl.RaftServerProxy (ConfUtils.java:logGet(43)) - raft.rpc.type = GRPC (default)
2019-09-19 05:36:27,382 [main] INFO  grpc.GrpcFactory (GrpcFactory.java:checkPooledByteBufAllocatorUseCacheForAllThreads(45)) - PERFORMANCE WARNING: useCacheForAllThreads is true that may cause Netty to create a lot garbage objects and, as a result, trigger GC.
	It is recommended to disable useCacheForAllThreads by setting -Dorg.apache.ratis.thirdparty.io.netty.allocator.useCacheForAllThreads=false in command line.
2019-09-19 05:36:27,383 [main] INFO  grpc.GrpcConfigKeys$Server (ConfUtils.java:logGet(43)) - raft.grpc.server.port = 0 (default)
2019-09-19 05:36:27,383 [main] INFO  server.GrpcService (ConfUtils.java:logGet(43)) - raft.grpc.message.size.max = 33570816 (custom)
2019-09-19 05:36:27,383 [main] INFO  server.RaftServerConfigKeys (ConfUtils.java:logGet(43)) - raft.server.log.appender.buffer.byte-limit = 33554432 (custom)
2019-09-19 05:36:27,383 [main] INFO  server.GrpcService (ConfUtils.java:logGet(43)) - raft.grpc.flow.control.window = 1MB (=1048576) (default)
2019-09-19 05:36:27,383 [main] INFO  server.RaftServerConfigKeys (ConfUtils.java:logGet(43)) - raft.server.rpc.request.timeout = 3000ms (default)
2019-09-19 05:36:27,384 [main] INFO  server.RaftServerConfigKeys (ConfUtils.java:logGet(43)) - raft.server.storage.dir = [/workdir/hadoop-ozone/tools/target/test-dir/MiniOzoneClusterImpl-cbe06da4-977e-4fbb-af22-3b16938285ed/datanode-2/data/ratis] (custom)
2019-09-19 05:36:27,385 [main] INFO  replication.SimpleContainerDownloader (SimpleContainerDownloader.java:<init>(72)) - Starting container downloader service to copy containers to replicate.
2019-09-19 05:36:27,386 [main] INFO  hdfs.DFSUtil (DFSUtil.java:httpServerTemplateForNNAndJN(1641)) - Starting Web-server for hddsDatanode at: http://0.0.0.0:0
2019-09-19 05:36:27,387 [main] INFO  server.AuthenticationFilter (AuthenticationFilter.java:constructSecretProvider(240)) - Unable to initialize FileSignerSecretProvider, falling back to use random secrets.
2019-09-19 05:36:27,388 [main] WARN  http.HttpRequestLog (HttpRequestLog.java:getRequestLog(97)) - Jetty request log can only be enabled using Log4j
2019-09-19 05:36:27,389 [main] INFO  http.HttpServer2 (HttpServer2.java:addGlobalFilter(975)) - Added global filter 'safety' (class=org.apache.hadoop.http.HttpServer2$QuotingInputFilter)
2019-09-19 05:36:27,390 [main] INFO  http.HttpServer2 (HttpServer2.java:addFilter(948)) - Added filter static_user_filter (class=org.apache.hadoop.http.lib.StaticUserWebFilter$StaticUserFilter) to context hddsDatanode
2019-09-19 05:36:27,390 [main] INFO  http.HttpServer2 (HttpServer2.java:addFilter(958)) - Added filter static_user_filter (class=org.apache.hadoop.http.lib.StaticUserWebFilter$StaticUserFilter) to context static
2019-09-19 05:36:27,390 [main] INFO  http.HttpServer2 (HttpServer2.java:addFilter(958)) - Added filter static_user_filter (class=org.apache.hadoop.http.lib.StaticUserWebFilter$StaticUserFilter) to context logs
2019-09-19 05:36:27,390 [main] INFO  http.HttpServer2 (HttpServer2.java:bindListener(1191)) - Jetty bound to port 35856
2019-09-19 05:36:27,391 [main] INFO  server.Server (Server.java:doStart(351)) - jetty-9.3.24.v20180605, build timestamp: 2018-06-05T17:11:56Z, git hash: 84205aa28f11a4f31f2a3b86d1bba2cc8ab69827
2019-09-19 05:36:27,394 [main] INFO  handler.ContextHandler (ContextHandler.java:doStart(781)) - Started o.e.j.s.ServletContextHandler@474749b8{/logs,file:///workdir/hadoop-ozone/tools/target/log,AVAILABLE}
2019-09-19 05:36:27,394 [main] INFO  handler.ContextHandler (ContextHandler.java:doStart(781)) - Started o.e.j.s.ServletContextHandler@29013ef2{/static,jar:file:/home/user/.m2/repository/org/apache/hadoop/hadoop-hdds-container-service/0.5.0-SNAPSHOT/hadoop-hdds-container-service-0.5.0-SNAPSHOT.jar!/webapps/static,AVAILABLE}
2019-09-19 05:36:27,420 [main] INFO  handler.ContextHandler (ContextHandler.java:doStart(781)) - Started o.e.j.w.WebAppContext@339f3a55{/,file:///tmp/jetty-0.0.0.0-35856-hddsDatanode-_-any-3438865730308679958.dir/webapp/,AVAILABLE}{/hddsDatanode}
2019-09-19 05:36:27,420 [main] INFO  server.AbstractConnector (AbstractConnector.java:doStart(278)) - Started ServerConnector@2dd63e3{HTTP/1.1,[http/1.1]}{0.0.0.0:35856}
2019-09-19 05:36:27,421 [main] INFO  server.Server (Server.java:doStart(419)) - Started @10344ms
2019-09-19 05:36:27,422 [main] INFO  server.BaseHttpServer (BaseHttpServer.java:updateConnectorAddress(213)) - HTTP server of HDDSDATANODE is listening at http://0.0.0.0:35856
2019-09-19 05:36:27,606 | INFO  | ObjectStoreRestHttpServer | Listening HDDS REST traffic on /0.0.0.0:39176 |  
2019-09-19 05:36:27,606 [main] INFO  ozone.HddsDatanodeService (HddsDatanodeService.java:startPlugins(395)) - Started plug-in org.apache.hadoop.ozone.web.OzoneHddsDatanodeService@443a06ad
2019-09-19 05:36:27,608 [main] INFO  ozone.MiniOzoneClusterImpl (MiniOzoneClusterImpl.java:lambda$waitForClusterToBeReady$0(145)) - Waiting for nodes to be ready. Got 0 of 3 DN Heartbeats.
2019-09-19 05:36:27,608 [main] INFO  ozone.MiniOzoneClusterImpl (MiniOzoneClusterImpl.java:lambda$waitForClusterToBeReady$0(148)) - Waiting for cluster to exit safe mode
2019-09-19 05:36:27,610 [org.apache.hadoop.util.JvmPauseMonitor$Monitor@33d52710] INFO  util.JvmPauseMonitor (JvmPauseMonitor.java:run(188)) - Starting JVM pause monitor
2019-09-19 05:36:27,613 [Datanode State Machine Thread - 0] INFO  datanode.InitDatanodeState (InitDatanodeState.java:persistContainerDatanodeDetails(140)) - DatanodeDetails is persisted to /workdir/hadoop-ozone/tools/target/test-dir/MiniOzoneClusterImpl-cbe06da4-977e-4fbb-af22-3b16938285ed/datanode-2/meta/datanode.id
2019-09-19 05:36:28,609 [main] INFO  ozone.MiniOzoneClusterImpl (MiniOzoneClusterImpl.java:lambda$waitForClusterToBeReady$0(145)) - Waiting for nodes to be ready. Got 0 of 3 DN Heartbeats.
2019-09-19 05:36:28,609 [main] INFO  ozone.MiniOzoneClusterImpl (MiniOzoneClusterImpl.java:lambda$waitForClusterToBeReady$0(148)) - Waiting for cluster to exit safe mode
2019-09-19 05:36:29,132 | INFO  | SCMAudit | user=jenkins1000 | ip=192.168.34.50 | op=GET_VERSION null | ret=SUCCESS |  
2019-09-19 05:36:29,196 [Datanode State Machine Thread - 0] INFO  ozoneimpl.OzoneContainer (OzoneContainer.java:start(186)) - Attempting to start container services.
2019-09-19 05:36:29,198 [Datanode State Machine Thread - 0] INFO  ozoneimpl.OzoneContainer (OzoneContainer.java:startContainerScrub(160)) - Background container scrubber has been disabled by hdds.containerscrub.enabled
2019-09-19 05:36:29,198 [Datanode State Machine Thread - 0] INFO  ratis.XceiverServerRatis (XceiverServerRatis.java:start(404)) - Starting XceiverServerRatis fe7de604-18cd-4bb5-a7ca-49d65cff0d07 at port 0
2019-09-19 05:36:29,224 [Datanode State Machine Thread - 0] INFO  impl.RaftServerProxy (RaftServerProxy.java:lambda$start$3(299)) - fe7de604-18cd-4bb5-a7ca-49d65cff0d07: start RPC server
2019-09-19 05:36:29,359 [Datanode State Machine Thread - 0] INFO  server.GrpcService (GrpcService.java:startImpl(149)) - fe7de604-18cd-4bb5-a7ca-49d65cff0d07: GrpcService started, listening on 0.0.0.0/0.0.0.0:43050
2019-09-19 05:36:29,360 [Datanode State Machine Thread - 0] INFO  ratis.XceiverServerRatis (XceiverServerRatis.java:start(414)) - XceiverServerRatis fe7de604-18cd-4bb5-a7ca-49d65cff0d07 is started using port 43050
2019-09-19 05:36:29,361 | INFO  | SCMAudit | user=jenkins1000 | ip=192.168.34.50 | op=GET_VERSION null | ret=SUCCESS |  
2019-09-19 05:36:29,363 [Datanode State Machine Thread - 0] INFO  server.XceiverServerGrpc (XceiverServerGrpc.java:start(163)) - XceiverServerGrpc fe7de604-18cd-4bb5-a7ca-49d65cff0d07 is started using port 39667
2019-09-19 05:36:29,439 [Datanode State Machine Thread - 0] INFO  ozoneimpl.OzoneContainer (OzoneContainer.java:start(186)) - Attempting to start container services.
2019-09-19 05:36:29,442 [Datanode State Machine Thread - 0] INFO  ozoneimpl.OzoneContainer (OzoneContainer.java:startContainerScrub(160)) - Background container scrubber has been disabled by hdds.containerscrub.enabled
2019-09-19 05:36:29,442 [Datanode State Machine Thread - 0] INFO  ratis.XceiverServerRatis (XceiverServerRatis.java:start(404)) - Starting XceiverServerRatis d09d32c8-55e6-4056-ad4f-cead40412d41 at port 0
2019-09-19 05:36:29,452 [Datanode State Machine Thread - 0] INFO  impl.RaftServerProxy (RaftServerProxy.java:lambda$start$3(299)) - d09d32c8-55e6-4056-ad4f-cead40412d41: start RPC server
2019-09-19 05:36:29,455 [Datanode State Machine Thread - 0] INFO  server.GrpcService (GrpcService.java:startImpl(149)) - d09d32c8-55e6-4056-ad4f-cead40412d41: GrpcService started, listening on 0.0.0.0/0.0.0.0:46167
2019-09-19 05:36:29,456 [Datanode State Machine Thread - 0] INFO  ratis.XceiverServerRatis (XceiverServerRatis.java:start(414)) - XceiverServerRatis d09d32c8-55e6-4056-ad4f-cead40412d41 is started using port 46167
2019-09-19 05:36:29,458 [Datanode State Machine Thread - 0] INFO  server.XceiverServerGrpc (XceiverServerGrpc.java:start(163)) - XceiverServerGrpc d09d32c8-55e6-4056-ad4f-cead40412d41 is started using port 36515
2019-09-19 05:36:29,610 [main] INFO  ozone.MiniOzoneClusterImpl (MiniOzoneClusterImpl.java:lambda$waitForClusterToBeReady$0(145)) - Waiting for nodes to be ready. Got 0 of 3 DN Heartbeats.
2019-09-19 05:36:29,610 [main] INFO  ozone.MiniOzoneClusterImpl (MiniOzoneClusterImpl.java:lambda$waitForClusterToBeReady$0(148)) - Waiting for cluster to exit safe mode
2019-09-19 05:36:29,612 | INFO  | SCMAudit | user=jenkins1000 | ip=192.168.34.50 | op=GET_VERSION null | ret=SUCCESS |  
2019-09-19 05:36:29,665 [Datanode State Machine Thread - 0] INFO  ozoneimpl.OzoneContainer (OzoneContainer.java:start(186)) - Attempting to start container services.
2019-09-19 05:36:29,667 [Datanode State Machine Thread - 0] INFO  ozoneimpl.OzoneContainer (OzoneContainer.java:startContainerScrub(160)) - Background container scrubber has been disabled by hdds.containerscrub.enabled
2019-09-19 05:36:29,668 [Datanode State Machine Thread - 0] INFO  ratis.XceiverServerRatis (XceiverServerRatis.java:start(404)) - Starting XceiverServerRatis 02596fb2-7fc8-4fea-9c2d-9cbfb7b01134 at port 0
2019-09-19 05:36:29,675 [Datanode State Machine Thread - 0] INFO  impl.RaftServerProxy (RaftServerProxy.java:lambda$start$3(299)) - 02596fb2-7fc8-4fea-9c2d-9cbfb7b01134: start RPC server
2019-09-19 05:36:29,678 [Datanode State Machine Thread - 0] INFO  server.GrpcService (GrpcService.java:startImpl(149)) - 02596fb2-7fc8-4fea-9c2d-9cbfb7b01134: GrpcService started, listening on 0.0.0.0/0.0.0.0:45875
2019-09-19 05:36:29,679 [Datanode State Machine Thread - 0] INFO  ratis.XceiverServerRatis (XceiverServerRatis.java:start(414)) - XceiverServerRatis 02596fb2-7fc8-4fea-9c2d-9cbfb7b01134 is started using port 45875
2019-09-19 05:36:29,681 [Datanode State Machine Thread - 0] INFO  server.XceiverServerGrpc (XceiverServerGrpc.java:start(163)) - XceiverServerGrpc 02596fb2-7fc8-4fea-9c2d-9cbfb7b01134 is started using port 43851
2019-09-19 05:36:30,610 [main] INFO  ozone.MiniOzoneClusterImpl (MiniOzoneClusterImpl.java:lambda$waitForClusterToBeReady$0(145)) - Waiting for nodes to be ready. Got 0 of 3 DN Heartbeats.
2019-09-19 05:36:30,611 [main] INFO  ozone.MiniOzoneClusterImpl (MiniOzoneClusterImpl.java:lambda$waitForClusterToBeReady$0(148)) - Waiting for cluster to exit safe mode
2019-09-19 05:36:31,129 [IPC Server handler 0 on 39883] INFO  net.NetworkTopology (NetworkTopologyImpl.java:add(110)) - Added a new node: /default-rack/fe7de604-18cd-4bb5-a7ca-49d65cff0d07
2019-09-19 05:36:31,130 [IPC Server handler 0 on 39883] INFO  node.SCMNodeManager (SCMNodeManager.java:register(273)) - Registered Data node : fe7de604-18cd-4bb5-a7ca-49d65cff0d07{ip: 192.168.34.50, host: pr-hdds-2034-srnhl-2452957315, networkLocation: /default-rack, certSerialId: null}
2019-09-19 05:36:31,134 [EventQueue-NodeRegistrationContainerReportForDataNodeSafeModeRule] INFO  safemode.SCMSafeModeManager (DataNodeSafeModeRule.java:process(71)) - SCM in safe mode. 1 DataNodes registered, 1 required.
2019-09-19 05:36:31,136 [RatisPipelineUtilsThread] INFO  pipeline.RatisPipelineProvider (RatisPipelineProvider.java:lambda$create$4(164)) - Send pipeline:PipelineID=4d277f87-e01d-42c1-9051-8e950e94d5e0 create command to datanode fe7de604-18cd-4bb5-a7ca-49d65cff0d07
2019-09-19 05:36:31,143 | INFO  | SCMAudit | user=jenkins1000 | ip=192.168.34.50 | op=REGISTER {datanodeDetails=fe7de604-18cd-4bb5-a7ca-49d65cff0d07{ip: 192.168.34.50, host: pr-hdds-2034-srnhl-2452957315, networkLocation: /default-rack, certSerialId: null}} | ret=SUCCESS |  
2019-09-19 05:36:31,362 [IPC Server handler 1 on 39883] INFO  net.NetworkTopology (NetworkTopologyImpl.java:add(110)) - Added a new node: /default-rack/d09d32c8-55e6-4056-ad4f-cead40412d41
2019-09-19 05:36:31,362 [IPC Server handler 1 on 39883] INFO  node.SCMNodeManager (SCMNodeManager.java:register(273)) - Registered Data node : d09d32c8-55e6-4056-ad4f-cead40412d41{ip: 192.168.34.50, host: pr-hdds-2034-srnhl-2452957315, networkLocation: /default-rack, certSerialId: null}
2019-09-19 05:36:31,363 | INFO  | SCMAudit | user=jenkins1000 | ip=192.168.34.50 | op=REGISTER {datanodeDetails=d09d32c8-55e6-4056-ad4f-cead40412d41{ip: 192.168.34.50, host: pr-hdds-2034-srnhl-2452957315, networkLocation: /default-rack, certSerialId: null}} | ret=SUCCESS |  
2019-09-19 05:36:31,364 [RatisPipelineUtilsThread] INFO  pipeline.RatisPipelineProvider (RatisPipelineProvider.java:lambda$create$4(164)) - Send pipeline:PipelineID=239e63bb-432b-4679-8872-b40dbd920cfa create command to datanode d09d32c8-55e6-4056-ad4f-cead40412d41
2019-09-19 05:36:31,611 [main] INFO  ozone.MiniOzoneClusterImpl (MiniOzoneClusterImpl.java:lambda$waitForClusterToBeReady$0(145)) - Waiting for nodes to be ready. Got 2 of 3 DN Heartbeats.
2019-09-19 05:36:31,613 [main] INFO  ozone.MiniOzoneClusterImpl (MiniOzoneClusterImpl.java:lambda$waitForClusterToBeReady$0(148)) - Waiting for cluster to exit safe mode
2019-09-19 05:36:31,614 [IPC Server handler 2 on 39883] INFO  net.NetworkTopology (NetworkTopologyImpl.java:add(110)) - Added a new node: /default-rack/02596fb2-7fc8-4fea-9c2d-9cbfb7b01134
2019-09-19 05:36:31,614 [IPC Server handler 2 on 39883] INFO  node.SCMNodeManager (SCMNodeManager.java:register(273)) - Registered Data node : 02596fb2-7fc8-4fea-9c2d-9cbfb7b01134{ip: 192.168.34.50, host: pr-hdds-2034-srnhl-2452957315, networkLocation: /default-rack, certSerialId: null}
2019-09-19 05:36:31,615 [RatisPipelineUtilsThread] INFO  pipeline.RatisPipelineProvider (RatisPipelineProvider.java:lambda$create$4(164)) - Send pipeline:PipelineID=df66bf9f-5583-4dd9-904d-752e53c6b67d create command to datanode 02596fb2-7fc8-4fea-9c2d-9cbfb7b01134
2019-09-19 05:36:31,615 | INFO  | SCMAudit | user=jenkins1000 | ip=192.168.34.50 | op=REGISTER {datanodeDetails=02596fb2-7fc8-4fea-9c2d-9cbfb7b01134{ip: 192.168.34.50, host: pr-hdds-2034-srnhl-2452957315, networkLocation: /default-rack, certSerialId: null}} | ret=SUCCESS |  
2019-09-19 05:36:31,617 [RatisPipelineUtilsThread] INFO  pipeline.RatisPipelineProvider (RatisPipelineProvider.java:lambda$create$4(164)) - Send pipeline:PipelineID=8bfb6bed-10ff-46fe-b955-4b8c494769d2 create command to datanode fe7de604-18cd-4bb5-a7ca-49d65cff0d07
2019-09-19 05:36:31,618 [RatisPipelineUtilsThread] INFO  pipeline.RatisPipelineProvider (RatisPipelineProvider.java:lambda$create$4(164)) - Send pipeline:PipelineID=8bfb6bed-10ff-46fe-b955-4b8c494769d2 create command to datanode d09d32c8-55e6-4056-ad4f-cead40412d41
2019-09-19 05:36:31,618 [RatisPipelineUtilsThread] INFO  pipeline.RatisPipelineProvider (RatisPipelineProvider.java:lambda$create$4(164)) - Send pipeline:PipelineID=8bfb6bed-10ff-46fe-b955-4b8c494769d2 create command to datanode 02596fb2-7fc8-4fea-9c2d-9cbfb7b01134
2019-09-19 05:36:32,613 [main] INFO  ozone.MiniOzoneClusterImpl (MiniOzoneClusterImpl.java:lambda$waitForClusterToBeReady$0(145)) - Nodes are ready. Got 3 of 3 DN Heartbeats.
2019-09-19 05:36:32,614 [main] INFO  ozone.MiniOzoneClusterImpl (MiniOzoneClusterImpl.java:lambda$waitForClusterToBeReady$0(148)) - Waiting for cluster to exit safe mode
2019-09-19 05:36:33,157 | INFO  | SCMAudit | user=jenkins1000 | ip=192.168.34.50 | op=SEND_HEARTBEAT {datanodeUUID=fe7de604-18cd-4bb5-a7ca-49d65cff0d07, command=[commandType: createPipelineCommand createPipelineCommandProto { pipelineID { id: "4d277f87-e01d-42c1-9051-8e950e94d5e0" } type: RATIS factor: ONE datanode { uuid: "fe7de604-18cd-4bb5-a7ca-49d65cff0d07" ipAddress: "192.168.34.50" hostName: "pr-hdds-2034-srnhl-2452957315" ports { name: "REST" value: 40649 } ports { name: "RATIS" value: 43050 } ports { name: "STANDALONE" value: 39667 } networkName: "fe7de604-18cd-4bb5-a7ca-49d65cff0d07" networkLocation: "/default-rack" } cmdId: 1568871391137 } , commandType: createPipelineCommand createPipelineCommandProto { pipelineID { id: "8bfb6bed-10ff-46fe-b955-4b8c494769d2" } type: RATIS factor: THREE datanode { uuid: "fe7de604-18cd-4bb5-a7ca-49d65cff0d07" ipAddress: "192.168.34.50" hostName: "pr-hdds-2034-srnhl-2452957315" ports { name: "REST" value: 40649 } ports { name: "RATIS" value: 43050 } ports { name: "STANDALONE" value: 39667 } networkName: "fe7de604-18cd-4bb5-a7ca-49d65cff0d07" networkLocation: "/default-rack" } datanode { uuid: "d09d32c8-55e6-4056-ad4f-cead40412d41" ipAddress: "192.168.34.50" hostName: "pr-hdds-2034-srnhl-2452957315" ports { name: "REST" value: 39779 } ports { name: "RATIS" value: 46167 } ports { name: "STANDALONE" value: 36515 } networkName: "d09d32c8-55e6-4056-ad4f-cead40412d41" networkLocation: "/default-rack" } datanode { uuid: "02596fb2-7fc8-4fea-9c2d-9cbfb7b01134" ipAddress: "192.168.34.50" hostName: "pr-hdds-2034-srnhl-2452957315" ports { name: "REST" value: 39176 } ports { name: "RATIS" value: 45875 } ports { name: "STANDALONE" value: 43851 } networkName: "02596fb2-7fc8-4fea-9c2d-9cbfb7b01134" networkLocation: "/default-rack" } cmdId: 1568871391140 } ]} | ret=SUCCESS |  
2019-09-19 05:36:33,368 | INFO  | SCMAudit | user=jenkins1000 | ip=192.168.34.50 | op=SEND_HEARTBEAT {datanodeUUID=d09d32c8-55e6-4056-ad4f-cead40412d41, command=[commandType: createPipelineCommand createPipelineCommandProto { pipelineID { id: "239e63bb-432b-4679-8872-b40dbd920cfa" } type: RATIS factor: ONE datanode { uuid: "d09d32c8-55e6-4056-ad4f-cead40412d41" ipAddress: "192.168.34.50" hostName: "pr-hdds-2034-srnhl-2452957315" ports { name: "REST" value: 39779 } ports { name: "RATIS" value: 46167 } ports { name: "STANDALONE" value: 36515 } networkName: "d09d32c8-55e6-4056-ad4f-cead40412d41" networkLocation: "/default-rack" } cmdId: 1568871391138 } , commandType: createPipelineCommand createPipelineCommandProto { pipelineID { id: "8bfb6bed-10ff-46fe-b955-4b8c494769d2" } type: RATIS factor: THREE datanode { uuid: "fe7de604-18cd-4bb5-a7ca-49d65cff0d07" ipAddress: "192.168.34.50" hostName: "pr-hdds-2034-srnhl-2452957315" ports { name: "REST" value: 40649 } ports { name: "RATIS" value: 43050 } ports { name: "STANDALONE" value: 39667 } networkName: "fe7de604-18cd-4bb5-a7ca-49d65cff0d07" networkLocation: "/default-rack" } datanode { uuid: "d09d32c8-55e6-4056-ad4f-cead40412d41" ipAddress: "192.168.34.50" hostName: "pr-hdds-2034-srnhl-2452957315" ports { name: "REST" value: 39779 } ports { name: "RATIS" value: 46167 } ports { name: "STANDALONE" value: 36515 } networkName: "d09d32c8-55e6-4056-ad4f-cead40412d41" networkLocation: "/default-rack" } datanode { uuid: "02596fb2-7fc8-4fea-9c2d-9cbfb7b01134" ipAddress: "192.168.34.50" hostName: "pr-hdds-2034-srnhl-2452957315" ports { name: "REST" value: 39176 } ports { name: "RATIS" value: 45875 } ports { name: "STANDALONE" value: 43851 } networkName: "02596fb2-7fc8-4fea-9c2d-9cbfb7b01134" networkLocation: "/default-rack" } cmdId: 1568871391140 } ]} | ret=SUCCESS |  
2019-09-19 05:36:33,614 [main] INFO  ozone.MiniOzoneClusterImpl (MiniOzoneClusterImpl.java:lambda$waitForClusterToBeReady$0(145)) - Nodes are ready. Got 3 of 3 DN Heartbeats.
2019-09-19 05:36:33,614 [main] INFO  ozone.MiniOzoneClusterImpl (MiniOzoneClusterImpl.java:lambda$waitForClusterToBeReady$0(148)) - Waiting for cluster to exit safe mode
2019-09-19 05:36:33,617 | INFO  | SCMAudit | user=jenkins1000 | ip=192.168.34.50 | op=SEND_HEARTBEAT {datanodeUUID=02596fb2-7fc8-4fea-9c2d-9cbfb7b01134, command=[commandType: createPipelineCommand createPipelineCommandProto { pipelineID { id: "df66bf9f-5583-4dd9-904d-752e53c6b67d" } type: RATIS factor: ONE datanode { uuid: "02596fb2-7fc8-4fea-9c2d-9cbfb7b01134" ipAddress: "192.168.34.50" hostName: "pr-hdds-2034-srnhl-2452957315" ports { name: "REST" value: 39176 } ports { name: "RATIS" value: 45875 } ports { name: "STANDALONE" value: 43851 } networkName: "02596fb2-7fc8-4fea-9c2d-9cbfb7b01134" networkLocation: "/default-rack" } cmdId: 1568871391139 } , commandType: createPipelineCommand createPipelineCommandProto { pipelineID { id: "8bfb6bed-10ff-46fe-b955-4b8c494769d2" } type: RATIS factor: THREE datanode { uuid: "fe7de604-18cd-4bb5-a7ca-49d65cff0d07" ipAddress: "192.168.34.50" hostName: "pr-hdds-2034-srnhl-2452957315" ports { name: "REST" value: 40649 } ports { name: "RATIS" value: 43050 } ports { name: "STANDALONE" value: 39667 } networkName: "fe7de604-18cd-4bb5-a7ca-49d65cff0d07" networkLocation: "/default-rack" } datanode { uuid: "d09d32c8-55e6-4056-ad4f-cead40412d41" ipAddress: "192.168.34.50" hostName: "pr-hdds-2034-srnhl-2452957315" ports { name: "REST" value: 39779 } ports { name: "RATIS" value: 46167 } ports { name: "STANDALONE" value: 36515 } networkName: "d09d32c8-55e6-4056-ad4f-cead40412d41" networkLocation: "/default-rack" } datanode { uuid: "02596fb2-7fc8-4fea-9c2d-9cbfb7b01134" ipAddress: "192.168.34.50" hostName: "pr-hdds-2034-srnhl-2452957315" ports { name: "REST" value: 39176 } ports { name: "RATIS" value: 45875 } ports { name: "STANDALONE" value: 43851 } networkName: "02596fb2-7fc8-4fea-9c2d-9cbfb7b01134" networkLocation: "/default-rack" } cmdId: 1568871391140 } ]} | ret=SUCCESS |  
2019-09-19 05:36:34,100 | INFO  | SCMAudit | user=jenkins1000 | ip=192.168.34.50 | op=SEND_HEARTBEAT {datanodeUUID=fe7de604-18cd-4bb5-a7ca-49d65cff0d07, command=[]} | ret=SUCCESS |  
2019-09-19 05:36:34,375 | INFO  | SCMAudit | user=jenkins1000 | ip=192.168.34.50 | op=SEND_HEARTBEAT {datanodeUUID=d09d32c8-55e6-4056-ad4f-cead40412d41, command=[]} | ret=SUCCESS |  
2019-09-19 05:36:34,941 [main] INFO  ozone.MiniOzoneClusterImpl (MiniOzoneClusterImpl.java:lambda$waitForClusterToBeReady$0(145)) - Nodes are ready. Got 3 of 3 DN Heartbeats.
2019-09-19 05:36:34,943 [main] INFO  ozone.MiniOzoneClusterImpl (MiniOzoneClusterImpl.java:lambda$waitForClusterToBeReady$0(148)) - Waiting for cluster to exit safe mode
2019-09-19 05:36:34,946 | INFO  | SCMAudit | user=jenkins1000 | ip=192.168.34.50 | op=SEND_HEARTBEAT {datanodeUUID=02596fb2-7fc8-4fea-9c2d-9cbfb7b01134, command=[]} | ret=SUCCESS |  
2019-09-19 05:36:35,105 | INFO  | SCMAudit | user=jenkins1000 | ip=192.168.34.50 | op=SEND_HEARTBEAT {datanodeUUID=fe7de604-18cd-4bb5-a7ca-49d65cff0d07, command=[]} | ret=SUCCESS |  
2019-09-19 05:36:35,151 [grpc-default-executor-1] INFO  impl.RaftServerProxy (RaftServerProxy.java:addNew(89)) - 02596fb2-7fc8-4fea-9c2d-9cbfb7b01134: addNew group-752E53C6B67D:[02596fb2-7fc8-4fea-9c2d-9cbfb7b01134:192.168.34.50:45875] returns group-752E53C6B67D:java.util.concurrent.CompletableFuture@3aaffcc8[Not completed]
2019-09-19 05:36:35,151 [grpc-default-executor-0] INFO  impl.RaftServerProxy (RaftServerProxy.java:addNew(89)) - fe7de604-18cd-4bb5-a7ca-49d65cff0d07: addNew group-8E950E94D5E0:[fe7de604-18cd-4bb5-a7ca-49d65cff0d07:192.168.34.50:43050] returns group-8E950E94D5E0:java.util.concurrent.CompletableFuture@64ab0a2b[Not completed]
2019-09-19 05:36:35,151 [grpc-default-executor-2] INFO  impl.RaftServerProxy (RaftServerProxy.java:addNew(89)) - d09d32c8-55e6-4056-ad4f-cead40412d41: addNew group-B40DBD920CFA:[d09d32c8-55e6-4056-ad4f-cead40412d41:192.168.34.50:46167] returns group-B40DBD920CFA:java.util.concurrent.CompletableFuture@5f91a0f9[Not completed]
2019-09-19 05:36:35,210 [pool-38-thread-1] INFO  impl.RaftServerImpl (RaftServerImpl.java:<init>(93)) - d09d32c8-55e6-4056-ad4f-cead40412d41: new RaftServerImpl for group-B40DBD920CFA:[d09d32c8-55e6-4056-ad4f-cead40412d41:192.168.34.50:46167] with ContainerStateMachine:uninitialized
2019-09-19 05:36:35,210 [pool-49-thread-1] INFO  impl.RaftServerImpl (RaftServerImpl.java:<init>(93)) - 02596fb2-7fc8-4fea-9c2d-9cbfb7b01134: new RaftServerImpl for group-752E53C6B67D:[02596fb2-7fc8-4fea-9c2d-9cbfb7b01134:192.168.34.50:45875] with ContainerStateMachine:uninitialized
2019-09-19 05:36:35,211 [pool-27-thread-1] INFO  impl.RaftServerImpl (RaftServerImpl.java:<init>(93)) - fe7de604-18cd-4bb5-a7ca-49d65cff0d07: new RaftServerImpl for group-8E950E94D5E0:[fe7de604-18cd-4bb5-a7ca-49d65cff0d07:192.168.34.50:43050] with ContainerStateMachine:uninitialized
2019-09-19 05:36:35,214 [pool-49-thread-1] INFO  server.RaftServerConfigKeys (ConfUtils.java:logGet(43)) - raft.server.rpc.timeout.min = 5s (custom)
2019-09-19 05:36:35,215 [pool-27-thread-1] INFO  server.RaftServerConfigKeys (ConfUtils.java:logGet(43)) - raft.server.rpc.timeout.min = 5s (custom)
2019-09-19 05:36:35,215 [pool-49-thread-1] INFO  server.RaftServerConfigKeys (ConfUtils.java:logGet(43)) - raft.server.rpc.timeout.max = 5200ms (custom)
2019-09-19 05:36:35,214 [pool-38-thread-1] INFO  server.RaftServerConfigKeys (ConfUtils.java:logGet(43)) - raft.server.rpc.timeout.min = 5s (custom)
2019-09-19 05:36:35,216 [pool-49-thread-1] INFO  server.RaftServerConfigKeys (ConfUtils.java:logGet(43)) - raft.server.rpcslowness.timeout = 120s (custom)
2019-09-19 05:36:35,216 [pool-27-thread-1] INFO  server.RaftServerConfigKeys (ConfUtils.java:logGet(43)) - raft.server.rpc.timeout.max = 5200ms (custom)
2019-09-19 05:36:35,216 [pool-38-thread-1] INFO  server.RaftServerConfigKeys (ConfUtils.java:logGet(43)) - raft.server.rpc.timeout.max = 5200ms (custom)
2019-09-19 05:36:35,216 [pool-27-thread-1] INFO  server.RaftServerConfigKeys (ConfUtils.java:logGet(43)) - raft.server.rpcslowness.timeout = 120s (custom)
2019-09-19 05:36:35,216 [pool-38-thread-1] INFO  server.RaftServerConfigKeys (ConfUtils.java:logGet(43)) - raft.server.rpcslowness.timeout = 120s (custom)
2019-09-19 05:36:35,216 [pool-27-thread-1] INFO  server.RaftServerConfigKeys (ConfUtils.java:logGet(43)) - raft.server.sleep.deviation.threshold = 300 (default)
2019-09-19 05:36:35,216 [pool-49-thread-1] INFO  server.RaftServerConfigKeys (ConfUtils.java:logGet(43)) - raft.server.sleep.deviation.threshold = 300 (default)
2019-09-19 05:36:35,217 [pool-38-thread-1] INFO  server.RaftServerConfigKeys (ConfUtils.java:logGet(43)) - raft.server.sleep.deviation.threshold = 300 (default)
2019-09-19 05:36:35,218 [pool-38-thread-1] INFO  server.RaftServerConfigKeys (ConfUtils.java:logGet(43)) - raft.server.log.appender.install.snapshot.enabled = false (custom)
2019-09-19 05:36:35,218 [pool-27-thread-1] INFO  server.RaftServerConfigKeys (ConfUtils.java:logGet(43)) - raft.server.log.appender.install.snapshot.enabled = false (custom)
2019-09-19 05:36:35,218 [pool-49-thread-1] INFO  server.RaftServerConfigKeys (ConfUtils.java:logGet(43)) - raft.server.log.appender.install.snapshot.enabled = false (custom)
2019-09-19 05:36:35,226 [pool-38-thread-1] INFO  impl.RaftServerImpl (ServerState.java:<init>(105)) - d09d32c8-55e6-4056-ad4f-cead40412d41:group-B40DBD920CFA ConfigurationManager, init=-1: [d09d32c8-55e6-4056-ad4f-cead40412d41:192.168.34.50:46167], old=null, confs=<EMPTY_MAP>
2019-09-19 05:36:35,226 [pool-49-thread-1] INFO  impl.RaftServerImpl (ServerState.java:<init>(105)) - 02596fb2-7fc8-4fea-9c2d-9cbfb7b01134:group-752E53C6B67D ConfigurationManager, init=-1: [02596fb2-7fc8-4fea-9c2d-9cbfb7b01134:192.168.34.50:45875], old=null, confs=<EMPTY_MAP>
2019-09-19 05:36:35,226 [pool-27-thread-1] INFO  impl.RaftServerImpl (ServerState.java:<init>(105)) - fe7de604-18cd-4bb5-a7ca-49d65cff0d07:group-8E950E94D5E0 ConfigurationManager, init=-1: [fe7de604-18cd-4bb5-a7ca-49d65cff0d07:192.168.34.50:43050], old=null, confs=<EMPTY_MAP>
2019-09-19 05:36:35,226 [pool-49-thread-1] INFO  server.RaftServerConfigKeys (ConfUtils.java:logGet(43)) - raft.server.storage.dir = [/workdir/hadoop-ozone/tools/target/test-dir/MiniOzoneClusterImpl-cbe06da4-977e-4fbb-af22-3b16938285ed/datanode-2/data/ratis] (custom)
2019-09-19 05:36:35,226 [pool-38-thread-1] INFO  server.RaftServerConfigKeys (ConfUtils.java:logGet(43)) - raft.server.storage.dir = [/workdir/hadoop-ozone/tools/target/test-dir/MiniOzoneClusterImpl-cbe06da4-977e-4fbb-af22-3b16938285ed/datanode-1/data/ratis] (custom)
2019-09-19 05:36:35,227 [pool-27-thread-1] INFO  server.RaftServerConfigKeys (ConfUtils.java:logGet(43)) - raft.server.storage.dir = [/workdir/hadoop-ozone/tools/target/test-dir/MiniOzoneClusterImpl-cbe06da4-977e-4fbb-af22-3b16938285ed/datanode-0/data/ratis] (custom)
2019-09-19 05:36:35,236 [pool-38-thread-1] INFO  storage.RaftStorageDirectory (RaftStorageDirectory.java:analyzeStorage(246)) - The storage directory /workdir/hadoop-ozone/tools/target/test-dir/MiniOzoneClusterImpl-cbe06da4-977e-4fbb-af22-3b16938285ed/datanode-1/data/ratis/239e63bb-432b-4679-8872-b40dbd920cfa does not exist. Creating ...
2019-09-19 05:36:35,236 [pool-49-thread-1] INFO  storage.RaftStorageDirectory (RaftStorageDirectory.java:analyzeStorage(246)) - The storage directory /workdir/hadoop-ozone/tools/target/test-dir/MiniOzoneClusterImpl-cbe06da4-977e-4fbb-af22-3b16938285ed/datanode-2/data/ratis/df66bf9f-5583-4dd9-904d-752e53c6b67d does not exist. Creating ...
2019-09-19 05:36:35,236 [pool-27-thread-1] INFO  storage.RaftStorageDirectory (RaftStorageDirectory.java:analyzeStorage(246)) - The storage directory /workdir/hadoop-ozone/tools/target/test-dir/MiniOzoneClusterImpl-cbe06da4-977e-4fbb-af22-3b16938285ed/datanode-0/data/ratis/4d277f87-e01d-42c1-9051-8e950e94d5e0 does not exist. Creating ...
2019-09-19 05:36:35,334 [pool-49-thread-1] INFO  storage.RaftStorageDirectory (RaftStorageDirectory.java:tryLock(328)) - Lock on /workdir/hadoop-ozone/tools/target/test-dir/MiniOzoneClusterImpl-cbe06da4-977e-4fbb-af22-3b16938285ed/datanode-2/data/ratis/df66bf9f-5583-4dd9-904d-752e53c6b67d/in_use.lock acquired by nodename 11168@pr-hdds-2034-srnhl-2452957315
2019-09-19 05:36:35,334 [pool-38-thread-1] INFO  storage.RaftStorageDirectory (RaftStorageDirectory.java:tryLock(328)) - Lock on /workdir/hadoop-ozone/tools/target/test-dir/MiniOzoneClusterImpl-cbe06da4-977e-4fbb-af22-3b16938285ed/datanode-1/data/ratis/239e63bb-432b-4679-8872-b40dbd920cfa/in_use.lock acquired by nodename 11168@pr-hdds-2034-srnhl-2452957315
2019-09-19 05:36:35,334 [pool-27-thread-1] INFO  storage.RaftStorageDirectory (RaftStorageDirectory.java:tryLock(328)) - Lock on /workdir/hadoop-ozone/tools/target/test-dir/MiniOzoneClusterImpl-cbe06da4-977e-4fbb-af22-3b16938285ed/datanode-0/data/ratis/4d277f87-e01d-42c1-9051-8e950e94d5e0/in_use.lock acquired by nodename 11168@pr-hdds-2034-srnhl-2452957315
2019-09-19 05:36:35,375 | INFO  | SCMAudit | user=jenkins1000 | ip=192.168.34.50 | op=SEND_HEARTBEAT {datanodeUUID=d09d32c8-55e6-4056-ad4f-cead40412d41, command=[]} | ret=SUCCESS |  
2019-09-19 05:36:35,387 [pool-27-thread-1] INFO  storage.RaftStorage (RaftStorage.java:format(72)) - Storage directory /workdir/hadoop-ozone/tools/target/test-dir/MiniOzoneClusterImpl-cbe06da4-977e-4fbb-af22-3b16938285ed/datanode-0/data/ratis/4d277f87-e01d-42c1-9051-8e950e94d5e0 has been successfully formatted.
2019-09-19 05:36:35,387 [pool-38-thread-1] INFO  storage.RaftStorage (RaftStorage.java:format(72)) - Storage directory /workdir/hadoop-ozone/tools/target/test-dir/MiniOzoneClusterImpl-cbe06da4-977e-4fbb-af22-3b16938285ed/datanode-1/data/ratis/239e63bb-432b-4679-8872-b40dbd920cfa has been successfully formatted.
2019-09-19 05:36:35,387 [pool-49-thread-1] INFO  storage.RaftStorage (RaftStorage.java:format(72)) - Storage directory /workdir/hadoop-ozone/tools/target/test-dir/MiniOzoneClusterImpl-cbe06da4-977e-4fbb-af22-3b16938285ed/datanode-2/data/ratis/df66bf9f-5583-4dd9-904d-752e53c6b67d has been successfully formatted.
2019-09-19 05:36:35,393 [pool-49-thread-1] INFO  ratis.ContainerStateMachine (ContainerStateMachine.java:loadSnapshot(226)) - group-752E53C6B67D: The snapshot info is null. Setting the last applied indexto:(t:0, i:~)
2019-09-19 05:36:35,393 [pool-38-thread-1] INFO  ratis.ContainerStateMachine (ContainerStateMachine.java:loadSnapshot(226)) - group-B40DBD920CFA: The snapshot info is null. Setting the last applied indexto:(t:0, i:~)
2019-09-19 05:36:35,394 [pool-49-thread-1] INFO  server.RaftServerConfigKeys (ConfUtils.java:logGet(43)) - raft.server.leader.election.timeout = 120s (custom)
2019-09-19 05:36:35,393 [pool-27-thread-1] INFO  ratis.ContainerStateMachine (ContainerStateMachine.java:loadSnapshot(226)) - group-8E950E94D5E0: The snapshot info is null. Setting the last applied indexto:(t:0, i:~)
2019-09-19 05:36:35,394 [pool-38-thread-1] INFO  server.RaftServerConfigKeys (ConfUtils.java:logGet(43)) - raft.server.leader.election.timeout = 120s (custom)
2019-09-19 05:36:35,395 [pool-27-thread-1] INFO  server.RaftServerConfigKeys (ConfUtils.java:logGet(43)) - raft.server.leader.election.timeout = 120s (custom)
2019-09-19 05:36:35,398 [pool-38-thread-1] INFO  server.RaftServerConfigKeys (ConfUtils.java:logGet(43)) - raft.server.log.use.memory = false (default)
2019-09-19 05:36:35,398 [pool-27-thread-1] INFO  server.RaftServerConfigKeys (ConfUtils.java:logGet(43)) - raft.server.log.use.memory = false (default)
2019-09-19 05:36:35,398 [pool-49-thread-1] INFO  server.RaftServerConfigKeys (ConfUtils.java:logGet(43)) - raft.server.log.use.memory = false (default)
2019-09-19 05:36:35,406 [pool-38-thread-1] INFO  server.RaftServerConfigKeys (ConfUtils.java:logGet(43)) - raft.server.log.purge.gap = 1000000 (custom)
2019-09-19 05:36:35,406 [pool-27-thread-1] INFO  server.RaftServerConfigKeys (ConfUtils.java:logGet(43)) - raft.server.log.purge.gap = 1000000 (custom)
2019-09-19 05:36:35,406 [pool-49-thread-1] INFO  server.RaftServerConfigKeys (ConfUtils.java:logGet(43)) - raft.server.log.purge.gap = 1000000 (custom)
2019-09-19 05:36:35,406 [pool-27-thread-1] INFO  server.RaftServerConfigKeys (ConfUtils.java:logGet(43)) - raft.server.log.appender.buffer.byte-limit = 33554432 (custom)
2019-09-19 05:36:35,406 [pool-38-thread-1] INFO  server.RaftServerConfigKeys (ConfUtils.java:logGet(43)) - raft.server.log.appender.buffer.byte-limit = 33554432 (custom)
2019-09-19 05:36:35,407 [pool-49-thread-1] INFO  server.RaftServerConfigKeys (ConfUtils.java:logGet(43)) - raft.server.log.appender.buffer.byte-limit = 33554432 (custom)
2019-09-19 05:36:35,409 [pool-38-thread-1] INFO  server.RaftServerConfigKeys (ConfUtils.java:logGet(43)) - raft.server.log.segment.size.max = 1048576 (custom)
2019-09-19 05:36:35,409 [pool-49-thread-1] INFO  server.RaftServerConfigKeys (ConfUtils.java:logGet(43)) - raft.server.log.segment.size.max = 1048576 (custom)
2019-09-19 05:36:35,409 [pool-27-thread-1] INFO  server.RaftServerConfigKeys (ConfUtils.java:logGet(43)) - raft.server.log.segment.size.max = 1048576 (custom)
2019-09-19 05:36:35,415 [pool-38-thread-1] INFO  server.RaftServerConfigKeys (ConfUtils.java:logGet(43)) - raft.server.log.segment.cache.num.max = 2 (custom)
2019-09-19 05:36:35,416 [pool-27-thread-1] INFO  server.RaftServerConfigKeys (ConfUtils.java:logGet(43)) - raft.server.log.segment.cache.num.max = 2 (custom)
2019-09-19 05:36:35,416 [pool-49-thread-1] INFO  server.RaftServerConfigKeys (ConfUtils.java:logGet(43)) - raft.server.log.segment.cache.num.max = 2 (custom)
2019-09-19 05:36:35,423 [pool-49-thread-1] INFO  segmented.SegmentedRaftLogWorker (SegmentedRaftLogWorker.java:<init>(172)) - new 02596fb2-7fc8-4fea-9c2d-9cbfb7b01134-SegmentedRaftLogWorker:Storage Directory /workdir/hadoop-ozone/tools/target/test-dir/MiniOzoneClusterImpl-cbe06da4-977e-4fbb-af22-3b16938285ed/datanode-2/data/ratis/df66bf9f-5583-4dd9-904d-752e53c6b67d for RaftStorage:Storage Directory /workdir/hadoop-ozone/tools/target/test-dir/MiniOzoneClusterImpl-cbe06da4-977e-4fbb-af22-3b16938285ed/datanode-2/data/ratis/df66bf9f-5583-4dd9-904d-752e53c6b67d
2019-09-19 05:36:35,423 [pool-27-thread-1] INFO  segmented.SegmentedRaftLogWorker (SegmentedRaftLogWorker.java:<init>(172)) - new fe7de604-18cd-4bb5-a7ca-49d65cff0d07-SegmentedRaftLogWorker:Storage Directory /workdir/hadoop-ozone/tools/target/test-dir/MiniOzoneClusterImpl-cbe06da4-977e-4fbb-af22-3b16938285ed/datanode-0/data/ratis/4d277f87-e01d-42c1-9051-8e950e94d5e0 for RaftStorage:Storage Directory /workdir/hadoop-ozone/tools/target/test-dir/MiniOzoneClusterImpl-cbe06da4-977e-4fbb-af22-3b16938285ed/datanode-0/data/ratis/4d277f87-e01d-42c1-9051-8e950e94d5e0
2019-09-19 05:36:35,423 [pool-38-thread-1] INFO  segmented.SegmentedRaftLogWorker (SegmentedRaftLogWorker.java:<init>(172)) - new d09d32c8-55e6-4056-ad4f-cead40412d41-SegmentedRaftLogWorker:Storage Directory /workdir/hadoop-ozone/tools/target/test-dir/MiniOzoneClusterImpl-cbe06da4-977e-4fbb-af22-3b16938285ed/datanode-1/data/ratis/239e63bb-432b-4679-8872-b40dbd920cfa for RaftStorage:Storage Directory /workdir/hadoop-ozone/tools/target/test-dir/MiniOzoneClusterImpl-cbe06da4-977e-4fbb-af22-3b16938285ed/datanode-1/data/ratis/239e63bb-432b-4679-8872-b40dbd920cfa
2019-09-19 05:36:35,451 [pool-38-thread-1] INFO  server.RaftServerConfigKeys (ConfUtils.java:logGet(43)) - raft.server.log.queue.byte-limit = 2147483647 (custom)
2019-09-19 05:36:35,452 [pool-49-thread-1] INFO  server.RaftServerConfigKeys (ConfUtils.java:logGet(43)) - raft.server.log.queue.byte-limit = 2147483647 (custom)
2019-09-19 05:36:35,452 [pool-27-thread-1] INFO  server.RaftServerConfigKeys (ConfUtils.java:logGet(43)) - raft.server.log.queue.byte-limit = 2147483647 (custom)
2019-09-19 05:36:35,453 [pool-38-thread-1] INFO  server.RaftServerConfigKeys (ConfUtils.java:logGet(43)) - raft.server.log.queue.element-limit = 1024 (custom)
2019-09-19 05:36:35,453 [pool-27-thread-1] INFO  server.RaftServerConfigKeys (ConfUtils.java:logGet(43)) - raft.server.log.queue.element-limit = 1024 (custom)
2019-09-19 05:36:35,453 [pool-49-thread-1] INFO  server.RaftServerConfigKeys (ConfUtils.java:logGet(43)) - raft.server.log.queue.element-limit = 1024 (custom)
2019-09-19 05:36:35,461 [pool-49-thread-1] INFO  server.RaftServerConfigKeys (ConfUtils.java:logGet(43)) - raft.server.log.segment.size.max = 1048576 (custom)
2019-09-19 05:36:35,461 [pool-27-thread-1] INFO  server.RaftServerConfigKeys (ConfUtils.java:logGet(43)) - raft.server.log.segment.size.max = 1048576 (custom)
2019-09-19 05:36:35,461 [pool-38-thread-1] INFO  server.RaftServerConfigKeys (ConfUtils.java:logGet(43)) - raft.server.log.segment.size.max = 1048576 (custom)
2019-09-19 05:36:35,462 [pool-49-thread-1] INFO  server.RaftServerConfigKeys (ConfUtils.java:logGet(43)) - raft.server.log.preallocated.size = 16384 (custom)
2019-09-19 05:36:35,462 [pool-27-thread-1] INFO  server.RaftServerConfigKeys (ConfUtils.java:logGet(43)) - raft.server.log.preallocated.size = 16384 (custom)
2019-09-19 05:36:35,462 [pool-38-thread-1] INFO  server.RaftServerConfigKeys (ConfUtils.java:logGet(43)) - raft.server.log.preallocated.size = 16384 (custom)
2019-09-19 05:36:35,463 [pool-38-thread-1] INFO  server.RaftServerConfigKeys (ConfUtils.java:logGet(43)) - raft.server.log.write.buffer.size = 33554432 (custom)
2019-09-19 05:36:35,463 [pool-49-thread-1] INFO  server.RaftServerConfigKeys (ConfUtils.java:logGet(43)) - raft.server.log.write.buffer.size = 33554432 (custom)
2019-09-19 05:36:35,463 [pool-27-thread-1] INFO  server.RaftServerConfigKeys (ConfUtils.java:logGet(43)) - raft.server.log.write.buffer.size = 33554432 (custom)
2019-09-19 05:36:35,464 [pool-27-thread-1] INFO  server.RaftServerConfigKeys (ConfUtils.java:logGet(43)) - raft.server.log.force.sync.num = 128 (default)
2019-09-19 05:36:35,464 [pool-38-thread-1] INFO  server.RaftServerConfigKeys (ConfUtils.java:logGet(43)) - raft.server.log.force.sync.num = 128 (default)
2019-09-19 05:36:35,464 [pool-49-thread-1] INFO  server.RaftServerConfigKeys (ConfUtils.java:logGet(43)) - raft.server.log.force.sync.num = 128 (default)
2019-09-19 05:36:35,465 [pool-38-thread-1] INFO  server.RaftServerConfigKeys (ConfUtils.java:logGet(43)) - raft.server.log.statemachine.data.sync = true (default)
2019-09-19 05:36:35,465 [pool-27-thread-1] INFO  server.RaftServerConfigKeys (ConfUtils.java:logGet(43)) - raft.server.log.statemachine.data.sync = true (default)
2019-09-19 05:36:35,465 [pool-49-thread-1] INFO  server.RaftServerConfigKeys (ConfUtils.java:logGet(43)) - raft.server.log.statemachine.data.sync = true (default)
2019-09-19 05:36:35,466 [pool-27-thread-1] INFO  server.RaftServerConfigKeys (ConfUtils.java:logGet(43)) - raft.server.log.statemachine.data.sync.timeout = 10s (default)
2019-09-19 05:36:35,465 [pool-38-thread-1] INFO  server.RaftServerConfigKeys (ConfUtils.java:logGet(43)) - raft.server.log.statemachine.data.sync.timeout = 10s (default)
2019-09-19 05:36:35,466 [pool-49-thread-1] INFO  server.RaftServerConfigKeys (ConfUtils.java:logGet(43)) - raft.server.log.statemachine.data.sync.timeout = 10s (default)
2019-09-19 05:36:35,467 [pool-38-thread-1] INFO  server.RaftServerConfigKeys (ConfUtils.java:logGet(43)) - raft.server.log.statemachine.data.sync.timeout.retry = -1 (default)
2019-09-19 05:36:35,467 [pool-27-thread-1] INFO  server.RaftServerConfigKeys (ConfUtils.java:logGet(43)) - raft.server.log.statemachine.data.sync.timeout.retry = -1 (default)
2019-09-19 05:36:35,467 [pool-49-thread-1] INFO  server.RaftServerConfigKeys (ConfUtils.java:logGet(43)) - raft.server.log.statemachine.data.sync.timeout.retry = -1 (default)
2019-09-19 05:36:35,482 [pool-38-thread-1] INFO  server.RaftServerConfigKeys (ConfUtils.java:logGet(43)) - raft.server.log.statemachine.data.caching.enabled = true (custom)
2019-09-19 05:36:35,482 [pool-49-thread-1] INFO  server.RaftServerConfigKeys (ConfUtils.java:logGet(43)) - raft.server.log.statemachine.data.caching.enabled = true (custom)
2019-09-19 05:36:35,482 [pool-27-thread-1] INFO  server.RaftServerConfigKeys (ConfUtils.java:logGet(43)) - raft.server.log.statemachine.data.caching.enabled = true (custom)
2019-09-19 05:36:35,492 [pool-38-thread-1] INFO  segmented.SegmentedRaftLogWorker (SegmentedRaftLogWorker.java:lambda$new$0(132)) - d09d32c8-55e6-4056-ad4f-cead40412d41-SegmentedRaftLogWorker:Storage Directory /workdir/hadoop-ozone/tools/target/test-dir/MiniOzoneClusterImpl-cbe06da4-977e-4fbb-af22-3b16938285ed/datanode-1/data/ratis/239e63bb-432b-4679-8872-b40dbd920cfa: flushIndex: setUnconditionally 0 -> -1
2019-09-19 05:36:35,492 [pool-27-thread-1] INFO  segmented.SegmentedRaftLogWorker (SegmentedRaftLogWorker.java:lambda$new$0(132)) - fe7de604-18cd-4bb5-a7ca-49d65cff0d07-SegmentedRaftLogWorker:Storage Directory /workdir/hadoop-ozone/tools/target/test-dir/MiniOzoneClusterImpl-cbe06da4-977e-4fbb-af22-3b16938285ed/datanode-0/data/ratis/4d277f87-e01d-42c1-9051-8e950e94d5e0: flushIndex: setUnconditionally 0 -> -1
2019-09-19 05:36:35,492 [pool-49-thread-1] INFO  segmented.SegmentedRaftLogWorker (SegmentedRaftLogWorker.java:lambda$new$0(132)) - 02596fb2-7fc8-4fea-9c2d-9cbfb7b01134-SegmentedRaftLogWorker:Storage Directory /workdir/hadoop-ozone/tools/target/test-dir/MiniOzoneClusterImpl-cbe06da4-977e-4fbb-af22-3b16938285ed/datanode-2/data/ratis/df66bf9f-5583-4dd9-904d-752e53c6b67d: flushIndex: setUnconditionally 0 -> -1
2019-09-19 05:36:35,497 [pool-38-thread-1] INFO  server.RaftServerConfigKeys (ConfUtils.java:logGet(43)) - raft.server.snapshot.auto.trigger.enabled = true (custom)
2019-09-19 05:36:35,498 [pool-49-thread-1] INFO  server.RaftServerConfigKeys (ConfUtils.java:logGet(43)) - raft.server.snapshot.auto.trigger.enabled = true (custom)
2019-09-19 05:36:35,498 [pool-27-thread-1] INFO  server.RaftServerConfigKeys (ConfUtils.java:logGet(43)) - raft.server.snapshot.auto.trigger.enabled = true (custom)
2019-09-19 05:36:35,500 [pool-38-thread-1] INFO  server.RaftServerConfigKeys (ConfUtils.java:logGet(43)) - raft.server.snapshot.auto.trigger.threshold = 10000 (custom)
2019-09-19 05:36:35,500 [pool-38-thread-1] INFO  server.RaftServerConfigKeys (ConfUtils.java:logGet(43)) - raft.server.retrycache.expirytime = 600000ms (custom)
2019-09-19 05:36:35,500 [pool-27-thread-1] INFO  server.RaftServerConfigKeys (ConfUtils.java:logGet(43)) - raft.server.snapshot.auto.trigger.threshold = 10000 (custom)
2019-09-19 05:36:35,500 [pool-49-thread-1] INFO  server.RaftServerConfigKeys (ConfUtils.java:logGet(43)) - raft.server.snapshot.auto.trigger.threshold = 10000 (custom)
2019-09-19 05:36:35,500 [pool-27-thread-1] INFO  server.RaftServerConfigKeys (ConfUtils.java:logGet(43)) - raft.server.retrycache.expirytime = 600000ms (custom)
2019-09-19 05:36:35,501 [pool-49-thread-1] INFO  server.RaftServerConfigKeys (ConfUtils.java:logGet(43)) - raft.server.retrycache.expirytime = 600000ms (custom)
2019-09-19 05:36:35,524 [pool-38-thread-1] INFO  impl.RaftServerImpl (RaftServerImpl.java:start(180)) - d09d32c8-55e6-4056-ad4f-cead40412d41: start group-B40DBD920CFA
2019-09-19 05:36:35,524 [pool-27-thread-1] INFO  impl.RaftServerImpl (RaftServerImpl.java:start(180)) - fe7de604-18cd-4bb5-a7ca-49d65cff0d07: start group-8E950E94D5E0
2019-09-19 05:36:35,524 [pool-49-thread-1] INFO  impl.RaftServerImpl (RaftServerImpl.java:start(180)) - 02596fb2-7fc8-4fea-9c2d-9cbfb7b01134: start group-752E53C6B67D
2019-09-19 05:36:35,525 [pool-38-thread-1] INFO  impl.RaftServerImpl (RaftServerImpl.java:setRole(171)) - d09d32c8-55e6-4056-ad4f-cead40412d41:group-B40DBD920CFA changes role from null to FOLLOWER at term 0 for startAsFollower
2019-09-19 05:36:35,525 [pool-49-thread-1] INFO  impl.RaftServerImpl (RaftServerImpl.java:setRole(171)) - 02596fb2-7fc8-4fea-9c2d-9cbfb7b01134:group-752E53C6B67D changes role from null to FOLLOWER at term 0 for startAsFollower
2019-09-19 05:36:35,525 [pool-27-thread-1] INFO  impl.RaftServerImpl (RaftServerImpl.java:setRole(171)) - fe7de604-18cd-4bb5-a7ca-49d65cff0d07:group-8E950E94D5E0 changes role from null to FOLLOWER at term 0 for startAsFollower
2019-09-19 05:36:35,527 [pool-38-thread-1] INFO  impl.RoleInfo (RoleInfo.java:updateAndGet(143)) - d09d32c8-55e6-4056-ad4f-cead40412d41: start FollowerState
2019-09-19 05:36:35,527 [pool-27-thread-1] INFO  impl.RoleInfo (RoleInfo.java:updateAndGet(143)) - fe7de604-18cd-4bb5-a7ca-49d65cff0d07: start FollowerState
2019-09-19 05:36:35,527 [pool-49-thread-1] INFO  impl.RoleInfo (RoleInfo.java:updateAndGet(143)) - 02596fb2-7fc8-4fea-9c2d-9cbfb7b01134: start FollowerState
2019-09-19 05:36:35,532 [pool-38-thread-1] INFO  util.JmxRegister (JmxRegister.java:tryRegister(44)) - Successfully registered JMX Bean with object name Ratis:service=RaftServer,group=group-B40DBD920CFA,id=d09d32c8-55e6-4056-ad4f-cead40412d41
2019-09-19 05:36:35,532 [pool-49-thread-1] INFO  util.JmxRegister (JmxRegister.java:tryRegister(44)) - Successfully registered JMX Bean with object name Ratis:service=RaftServer,group=group-752E53C6B67D,id=02596fb2-7fc8-4fea-9c2d-9cbfb7b01134
2019-09-19 05:36:35,532 [pool-27-thread-1] INFO  util.JmxRegister (JmxRegister.java:tryRegister(44)) - Successfully registered JMX Bean with object name Ratis:service=RaftServer,group=group-8E950E94D5E0,id=fe7de604-18cd-4bb5-a7ca-49d65cff0d07
2019-09-19 05:36:35,620 [Command processor thread] INFO  commandhandler.CreatePipelineCommandHandler (CreatePipelineCommandHandler.java:handle(112)) - Create Pipeline RATIS ONE #PipelineID=239e63bb-432b-4679-8872-b40dbd920cfa command succeed on datanode d09d32c8-55e6-4056-ad4f-cead40412d41.
2019-09-19 05:36:35,620 [Command processor thread] INFO  commandhandler.CreatePipelineCommandHandler (CreatePipelineCommandHandler.java:handle(112)) - Create Pipeline RATIS ONE #PipelineID=df66bf9f-5583-4dd9-904d-752e53c6b67d command succeed on datanode 02596fb2-7fc8-4fea-9c2d-9cbfb7b01134.
2019-09-19 05:36:35,620 [Command processor thread] INFO  commandhandler.CreatePipelineCommandHandler (CreatePipelineCommandHandler.java:handle(112)) - Create Pipeline RATIS ONE #PipelineID=4d277f87-e01d-42c1-9051-8e950e94d5e0 command succeed on datanode fe7de604-18cd-4bb5-a7ca-49d65cff0d07.
2019-09-19 05:36:35,651 [grpc-default-executor-2] INFO  impl.RaftServerProxy (RaftServerProxy.java:addNew(89)) - 02596fb2-7fc8-4fea-9c2d-9cbfb7b01134: addNew group-4B8C494769D2:[02596fb2-7fc8-4fea-9c2d-9cbfb7b01134:192.168.34.50:45875, d09d32c8-55e6-4056-ad4f-cead40412d41:192.168.34.50:46167, fe7de604-18cd-4bb5-a7ca-49d65cff0d07:192.168.34.50:43050] returns group-4B8C494769D2:java.util.concurrent.CompletableFuture@7c422035[Not completed]
2019-09-19 05:36:35,651 [grpc-default-executor-0] INFO  impl.RaftServerProxy (RaftServerProxy.java:addNew(89)) - fe7de604-18cd-4bb5-a7ca-49d65cff0d07: addNew group-4B8C494769D2:[02596fb2-7fc8-4fea-9c2d-9cbfb7b01134:192.168.34.50:45875, d09d32c8-55e6-4056-ad4f-cead40412d41:192.168.34.50:46167, fe7de604-18cd-4bb5-a7ca-49d65cff0d07:192.168.34.50:43050] returns group-4B8C494769D2:java.util.concurrent.CompletableFuture@22051656[Not completed]
2019-09-19 05:36:35,651 [grpc-default-executor-1] INFO  impl.RaftServerProxy (RaftServerProxy.java:addNew(89)) - d09d32c8-55e6-4056-ad4f-cead40412d41: addNew group-4B8C494769D2:[02596fb2-7fc8-4fea-9c2d-9cbfb7b01134:192.168.34.50:45875, d09d32c8-55e6-4056-ad4f-cead40412d41:192.168.34.50:46167, fe7de604-18cd-4bb5-a7ca-49d65cff0d07:192.168.34.50:43050] returns group-4B8C494769D2:java.util.concurrent.CompletableFuture@549d3d7a[Not completed]
2019-09-19 05:36:35,653 [pool-49-thread-1] INFO  impl.RaftServerImpl (RaftServerImpl.java:<init>(93)) - 02596fb2-7fc8-4fea-9c2d-9cbfb7b01134: new RaftServerImpl for group-4B8C494769D2:[02596fb2-7fc8-4fea-9c2d-9cbfb7b01134:192.168.34.50:45875, d09d32c8-55e6-4056-ad4f-cead40412d41:192.168.34.50:46167, fe7de604-18cd-4bb5-a7ca-49d65cff0d07:192.168.34.50:43050] with ContainerStateMachine:uninitialized
2019-09-19 05:36:35,653 [pool-49-thread-1] INFO  server.RaftServerConfigKeys (ConfUtils.java:logGet(43)) - raft.server.rpc.timeout.min = 5s (custom)
2019-09-19 05:36:35,654 [pool-49-thread-1] INFO  server.RaftServerConfigKeys (ConfUtils.java:logGet(43)) - raft.server.rpc.timeout.max = 5200ms (custom)
2019-09-19 05:36:35,654 [pool-49-thread-1] INFO  server.RaftServerConfigKeys (ConfUtils.java:logGet(43)) - raft.server.rpcslowness.timeout = 120s (custom)
2019-09-19 05:36:35,654 [pool-49-thread-1] INFO  server.RaftServerConfigKeys (ConfUtils.java:logGet(43)) - raft.server.sleep.deviation.threshold = 300 (default)
2019-09-19 05:36:35,654 [pool-49-thread-1] INFO  server.RaftServerConfigKeys (ConfUtils.java:logGet(43)) - raft.server.log.appender.install.snapshot.enabled = false (custom)
2019-09-19 05:36:35,654 [pool-38-thread-1] INFO  impl.RaftServerImpl (RaftServerImpl.java:<init>(93)) - d09d32c8-55e6-4056-ad4f-cead40412d41: new RaftServerImpl for group-4B8C494769D2:[02596fb2-7fc8-4fea-9c2d-9cbfb7b01134:192.168.34.50:45875, d09d32c8-55e6-4056-ad4f-cead40412d41:192.168.34.50:46167, fe7de604-18cd-4bb5-a7ca-49d65cff0d07:192.168.34.50:43050] with ContainerStateMachine:uninitialized
2019-09-19 05:36:35,654 [pool-49-thread-1] INFO  impl.RaftServerImpl (ServerState.java:<init>(105)) - 02596fb2-7fc8-4fea-9c2d-9cbfb7b01134:group-4B8C494769D2 ConfigurationManager, init=-1: [02596fb2-7fc8-4fea-9c2d-9cbfb7b01134:192.168.34.50:45875, d09d32c8-55e6-4056-ad4f-cead40412d41:192.168.34.50:46167, fe7de604-18cd-4bb5-a7ca-49d65cff0d07:192.168.34.50:43050], old=null, confs=<EMPTY_MAP>
2019-09-19 05:36:35,655 [pool-38-thread-1] INFO  server.RaftServerConfigKeys (ConfUtils.java:logGet(43)) - raft.server.rpc.timeout.min = 5s (custom)
2019-09-19 05:36:35,655 [pool-49-thread-1] INFO  server.RaftServerConfigKeys (ConfUtils.java:logGet(43)) - raft.server.storage.dir = [/workdir/hadoop-ozone/tools/target/test-dir/MiniOzoneClusterImpl-cbe06da4-977e-4fbb-af22-3b16938285ed/datanode-2/data/ratis] (custom)
2019-09-19 05:36:35,655 [pool-38-thread-1] INFO  server.RaftServerConfigKeys (ConfUtils.java:logGet(43)) - raft.server.rpc.timeout.max = 5200ms (custom)
2019-09-19 05:36:35,655 [pool-38-thread-1] INFO  server.RaftServerConfigKeys (ConfUtils.java:logGet(43)) - raft.server.rpcslowness.timeout = 120s (custom)
2019-09-19 05:36:35,655 [pool-38-thread-1] INFO  server.RaftServerConfigKeys (ConfUtils.java:logGet(43)) - raft.server.sleep.deviation.threshold = 300 (default)
2019-09-19 05:36:35,655 [pool-49-thread-1] INFO  storage.RaftStorageDirectory (RaftStorageDirectory.java:analyzeStorage(246)) - The storage directory /workdir/hadoop-ozone/tools/target/test-dir/MiniOzoneClusterImpl-cbe06da4-977e-4fbb-af22-3b16938285ed/datanode-2/data/ratis/8bfb6bed-10ff-46fe-b955-4b8c494769d2 does not exist. Creating ...
2019-09-19 05:36:35,655 [pool-38-thread-1] INFO  server.RaftServerConfigKeys (ConfUtils.java:logGet(43)) - raft.server.log.appender.install.snapshot.enabled = false (custom)
2019-09-19 05:36:35,656 [pool-27-thread-1] INFO  impl.RaftServerImpl (RaftServerImpl.java:<init>(93)) - fe7de604-18cd-4bb5-a7ca-49d65cff0d07: new RaftServerImpl for group-4B8C494769D2:[02596fb2-7fc8-4fea-9c2d-9cbfb7b01134:192.168.34.50:45875, d09d32c8-55e6-4056-ad4f-cead40412d41:192.168.34.50:46167, fe7de604-18cd-4bb5-a7ca-49d65cff0d07:192.168.34.50:43050] with ContainerStateMachine:uninitialized
2019-09-19 05:36:35,656 [pool-38-thread-1] INFO  impl.RaftServerImpl (ServerState.java:<init>(105)) - d09d32c8-55e6-4056-ad4f-cead40412d41:group-4B8C494769D2 ConfigurationManager, init=-1: [02596fb2-7fc8-4fea-9c2d-9cbfb7b01134:192.168.34.50:45875, d09d32c8-55e6-4056-ad4f-cead40412d41:192.168.34.50:46167, fe7de604-18cd-4bb5-a7ca-49d65cff0d07:192.168.34.50:43050], old=null, confs=<EMPTY_MAP>
2019-09-19 05:36:35,656 [pool-27-thread-1] INFO  server.RaftServerConfigKeys (ConfUtils.java:logGet(43)) - raft.server.rpc.timeout.min = 5s (custom)
2019-09-19 05:36:35,656 [pool-38-thread-1] INFO  server.RaftServerConfigKeys (ConfUtils.java:logGet(43)) - raft.server.storage.dir = [/workdir/hadoop-ozone/tools/target/test-dir/MiniOzoneClusterImpl-cbe06da4-977e-4fbb-af22-3b16938285ed/datanode-1/data/ratis] (custom)
2019-09-19 05:36:35,656 [pool-27-thread-1] INFO  server.RaftServerConfigKeys (ConfUtils.java:logGet(43)) - raft.server.rpc.timeout.max = 5200ms (custom)
2019-09-19 05:36:35,657 [pool-27-thread-1] INFO  server.RaftServerConfigKeys (ConfUtils.java:logGet(43)) - raft.server.rpcslowness.timeout = 120s (custom)
2019-09-19 05:36:35,657 [pool-38-thread-1] INFO  storage.RaftStorageDirectory (RaftStorageDirectory.java:analyzeStorage(246)) - The storage directory /workdir/hadoop-ozone/tools/target/test-dir/MiniOzoneClusterImpl-cbe06da4-977e-4fbb-af22-3b16938285ed/datanode-1/data/ratis/8bfb6bed-10ff-46fe-b955-4b8c494769d2 does not exist. Creating ...
2019-09-19 05:36:35,657 [pool-27-thread-1] INFO  server.RaftServerConfigKeys (ConfUtils.java:logGet(43)) - raft.server.sleep.deviation.threshold = 300 (default)
2019-09-19 05:36:35,657 [pool-27-thread-1] INFO  server.RaftServerConfigKeys (ConfUtils.java:logGet(43)) - raft.server.log.appender.install.snapshot.enabled = false (custom)
2019-09-19 05:36:35,657 [pool-27-thread-1] INFO  impl.RaftServerImpl (ServerState.java:<init>(105)) - fe7de604-18cd-4bb5-a7ca-49d65cff0d07:group-4B8C494769D2 ConfigurationManager, init=-1: [02596fb2-7fc8-4fea-9c2d-9cbfb7b01134:192.168.34.50:45875, d09d32c8-55e6-4056-ad4f-cead40412d41:192.168.34.50:46167, fe7de604-18cd-4bb5-a7ca-49d65cff0d07:192.168.34.50:43050], old=null, confs=<EMPTY_MAP>
2019-09-19 05:36:35,657 [pool-27-thread-1] INFO  server.RaftServerConfigKeys (ConfUtils.java:logGet(43)) - raft.server.storage.dir = [/workdir/hadoop-ozone/tools/target/test-dir/MiniOzoneClusterImpl-cbe06da4-977e-4fbb-af22-3b16938285ed/datanode-0/data/ratis] (custom)
2019-09-19 05:36:35,658 [pool-27-thread-1] INFO  storage.RaftStorageDirectory (RaftStorageDirectory.java:analyzeStorage(246)) - The storage directory /workdir/hadoop-ozone/tools/target/test-dir/MiniOzoneClusterImpl-cbe06da4-977e-4fbb-af22-3b16938285ed/datanode-0/data/ratis/8bfb6bed-10ff-46fe-b955-4b8c494769d2 does not exist. Creating ...
2019-09-19 05:36:35,712 [pool-27-thread-1] INFO  storage.RaftStorageDirectory (RaftStorageDirectory.java:tryLock(328)) - Lock on /workdir/hadoop-ozone/tools/target/test-dir/MiniOzoneClusterImpl-cbe06da4-977e-4fbb-af22-3b16938285ed/datanode-0/data/ratis/8bfb6bed-10ff-46fe-b955-4b8c494769d2/in_use.lock acquired by nodename 11168@pr-hdds-2034-srnhl-2452957315
2019-09-19 05:36:35,712 [pool-38-thread-1] INFO  storage.RaftStorageDirectory (RaftStorageDirectory.java:tryLock(328)) - Lock on /workdir/hadoop-ozone/tools/target/test-dir/MiniOzoneClusterImpl-cbe06da4-977e-4fbb-af22-3b16938285ed/datanode-1/data/ratis/8bfb6bed-10ff-46fe-b955-4b8c494769d2/in_use.lock acquired by nodename 11168@pr-hdds-2034-srnhl-2452957315
2019-09-19 05:36:35,712 [pool-49-thread-1] INFO  storage.RaftStorageDirectory (RaftStorageDirectory.java:tryLock(328)) - Lock on /workdir/hadoop-ozone/tools/target/test-dir/MiniOzoneClusterImpl-cbe06da4-977e-4fbb-af22-3b16938285ed/datanode-2/data/ratis/8bfb6bed-10ff-46fe-b955-4b8c494769d2/in_use.lock acquired by nodename 11168@pr-hdds-2034-srnhl-2452957315
2019-09-19 05:36:35,786 [pool-49-thread-1] INFO  storage.RaftStorage (RaftStorage.java:format(72)) - Storage directory /workdir/hadoop-ozone/tools/target/test-dir/MiniOzoneClusterImpl-cbe06da4-977e-4fbb-af22-3b16938285ed/datanode-2/data/ratis/8bfb6bed-10ff-46fe-b955-4b8c494769d2 has been successfully formatted.
2019-09-19 05:36:35,786 [pool-27-thread-1] INFO  storage.RaftStorage (RaftStorage.java:format(72)) - Storage directory /workdir/hadoop-ozone/tools/target/test-dir/MiniOzoneClusterImpl-cbe06da4-977e-4fbb-af22-3b16938285ed/datanode-0/data/ratis/8bfb6bed-10ff-46fe-b955-4b8c494769d2 has been successfully formatted.
2019-09-19 05:36:35,786 [pool-38-thread-1] INFO  storage.RaftStorage (RaftStorage.java:format(72)) - Storage directory /workdir/hadoop-ozone/tools/target/test-dir/MiniOzoneClusterImpl-cbe06da4-977e-4fbb-af22-3b16938285ed/datanode-1/data/ratis/8bfb6bed-10ff-46fe-b955-4b8c494769d2 has been successfully formatted.
2019-09-19 05:36:35,787 [pool-49-thread-1] INFO  ratis.ContainerStateMachine (ContainerStateMachine.java:loadSnapshot(226)) - group-4B8C494769D2: The snapshot info is null. Setting the last applied indexto:(t:0, i:~)
2019-09-19 05:36:35,787 [pool-27-thread-1] INFO  ratis.ContainerStateMachine (ContainerStateMachine.java:loadSnapshot(226)) - group-4B8C494769D2: The snapshot info is null. Setting the last applied indexto:(t:0, i:~)
2019-09-19 05:36:35,787 [pool-38-thread-1] INFO  ratis.ContainerStateMachine (ContainerStateMachine.java:loadSnapshot(226)) - group-4B8C494769D2: The snapshot info is null. Setting the last applied indexto:(t:0, i:~)
2019-09-19 05:36:35,787 [pool-49-thread-1] INFO  server.RaftServerConfigKeys (ConfUtils.java:logGet(43)) - raft.server.leader.election.timeout = 120s (custom)
2019-09-19 05:36:35,787 [pool-38-thread-1] INFO  server.RaftServerConfigKeys (ConfUtils.java:logGet(43)) - raft.server.leader.election.timeout = 120s (custom)
2019-09-19 05:36:35,787 [pool-27-thread-1] INFO  server.RaftServerConfigKeys (ConfUtils.java:logGet(43)) - raft.server.leader.election.timeout = 120s (custom)
2019-09-19 05:36:35,788 [pool-38-thread-1] INFO  server.RaftServerConfigKeys (ConfUtils.java:logGet(43)) - raft.server.log.use.memory = false (default)
2019-09-19 05:36:35,788 [pool-49-thread-1] INFO  server.RaftServerConfigKeys (ConfUtils.java:logGet(43)) - raft.server.log.use.memory = false (default)
2019-09-19 05:36:35,788 [pool-38-thread-1] INFO  server.RaftServerConfigKeys (ConfUtils.java:logGet(43)) - raft.server.log.purge.gap = 1000000 (custom)
2019-09-19 05:36:35,788 [pool-27-thread-1] INFO  server.RaftServerConfigKeys (ConfUtils.java:logGet(43)) - raft.server.log.use.memory = false (default)
2019-09-19 05:36:35,789 [pool-38-thread-1] INFO  server.RaftServerConfigKeys (ConfUtils.java:logGet(43)) - raft.server.log.appender.buffer.byte-limit = 33554432 (custom)
2019-09-19 05:36:35,788 [pool-49-thread-1] INFO  server.RaftServerConfigKeys (ConfUtils.java:logGet(43)) - raft.server.log.purge.gap = 1000000 (custom)
2019-09-19 05:36:35,789 [pool-38-thread-1] INFO  server.RaftServerConfigKeys (ConfUtils.java:logGet(43)) - raft.server.log.segment.size.max = 1048576 (custom)
2019-09-19 05:36:35,789 [pool-27-thread-1] INFO  server.RaftServerConfigKeys (ConfUtils.java:logGet(43)) - raft.server.log.purge.gap = 1000000 (custom)
2019-09-19 05:36:35,789 [pool-38-thread-1] INFO  server.RaftServerConfigKeys (ConfUtils.java:logGet(43)) - raft.server.log.segment.cache.num.max = 2 (custom)
2019-09-19 05:36:35,789 [pool-49-thread-1] INFO  server.RaftServerConfigKeys (ConfUtils.java:logGet(43)) - raft.server.log.appender.buffer.byte-limit = 33554432 (custom)
2019-09-19 05:36:35,790 [pool-38-thread-1] INFO  segmented.SegmentedRaftLogWorker (SegmentedRaftLogWorker.java:<init>(172)) - new d09d32c8-55e6-4056-ad4f-cead40412d41-SegmentedRaftLogWorker:Storage Directory /workdir/hadoop-ozone/tools/target/test-dir/MiniOzoneClusterImpl-cbe06da4-977e-4fbb-af22-3b16938285ed/datanode-1/data/ratis/8bfb6bed-10ff-46fe-b955-4b8c494769d2 for RaftStorage:Storage Directory /workdir/hadoop-ozone/tools/target/test-dir/MiniOzoneClusterImpl-cbe06da4-977e-4fbb-af22-3b16938285ed/datanode-1/data/ratis/8bfb6bed-10ff-46fe-b955-4b8c494769d2
2019-09-19 05:36:35,790 [pool-27-thread-1] INFO  server.RaftServerConfigKeys (ConfUtils.java:logGet(43)) - raft.server.log.appender.buffer.byte-limit = 33554432 (custom)
2019-09-19 05:36:35,790 [pool-38-thread-1] INFO  server.RaftServerConfigKeys (ConfUtils.java:logGet(43)) - raft.server.log.queue.byte-limit = 2147483647 (custom)
2019-09-19 05:36:35,790 [pool-49-thread-1] INFO  server.RaftServerConfigKeys (ConfUtils.java:logGet(43)) - raft.server.log.segment.size.max = 1048576 (custom)
2019-09-19 05:36:35,793 [pool-38-thread-1] INFO  server.RaftServerConfigKeys (ConfUtils.java:logGet(43)) - raft.server.log.queue.element-limit = 1024 (custom)
2019-09-19 05:36:35,792 [pool-27-thread-1] INFO  server.RaftServerConfigKeys (ConfUtils.java:logGet(43)) - raft.server.log.segment.size.max = 1048576 (custom)
2019-09-19 05:36:35,793 [pool-38-thread-1] INFO  server.RaftServerConfigKeys (ConfUtils.java:logGet(43)) - raft.server.log.segment.size.max = 1048576 (custom)
2019-09-19 05:36:35,793 [pool-49-thread-1] INFO  server.RaftServerConfigKeys (ConfUtils.java:logGet(43)) - raft.server.log.segment.cache.num.max = 2 (custom)
2019-09-19 05:36:35,793 [pool-38-thread-1] INFO  server.RaftServerConfigKeys (ConfUtils.java:logGet(43)) - raft.server.log.preallocated.size = 16384 (custom)
2019-09-19 05:36:35,793 [pool-27-thread-1] INFO  server.RaftServerConfigKeys (ConfUtils.java:logGet(43)) - raft.server.log.segment.cache.num.max = 2 (custom)
2019-09-19 05:36:35,794 [pool-38-thread-1] INFO  server.RaftServerConfigKeys (ConfUtils.java:logGet(43)) - raft.server.log.write.buffer.size = 33554432 (custom)
2019-09-19 05:36:35,794 [pool-49-thread-1] INFO  segmented.SegmentedRaftLogWorker (SegmentedRaftLogWorker.java:<init>(172)) - new 02596fb2-7fc8-4fea-9c2d-9cbfb7b01134-SegmentedRaftLogWorker:Storage Directory /workdir/hadoop-ozone/tools/target/test-dir/MiniOzoneClusterImpl-cbe06da4-977e-4fbb-af22-3b16938285ed/datanode-2/data/ratis/8bfb6bed-10ff-46fe-b955-4b8c494769d2 for RaftStorage:Storage Directory /workdir/hadoop-ozone/tools/target/test-dir/MiniOzoneClusterImpl-cbe06da4-977e-4fbb-af22-3b16938285ed/datanode-2/data/ratis/8bfb6bed-10ff-46fe-b955-4b8c494769d2
2019-09-19 05:36:35,794 [pool-38-thread-1] INFO  server.RaftServerConfigKeys (ConfUtils.java:logGet(43)) - raft.server.log.force.sync.num = 128 (default)
2019-09-19 05:36:35,794 [pool-27-thread-1] INFO  segmented.SegmentedRaftLogWorker (SegmentedRaftLogWorker.java:<init>(172)) - new fe7de604-18cd-4bb5-a7ca-49d65cff0d07-SegmentedRaftLogWorker:Storage Directory /workdir/hadoop-ozone/tools/target/test-dir/MiniOzoneClusterImpl-cbe06da4-977e-4fbb-af22-3b16938285ed/datanode-0/data/ratis/8bfb6bed-10ff-46fe-b955-4b8c494769d2 for RaftStorage:Storage Directory /workdir/hadoop-ozone/tools/target/test-dir/MiniOzoneClusterImpl-cbe06da4-977e-4fbb-af22-3b16938285ed/datanode-0/data/ratis/8bfb6bed-10ff-46fe-b955-4b8c494769d2
2019-09-19 05:36:35,796 [pool-38-thread-1] INFO  server.RaftServerConfigKeys (ConfUtils.java:logGet(43)) - raft.server.log.statemachine.data.sync = true (default)
2019-09-19 05:36:35,794 [pool-49-thread-1] INFO  server.RaftServerConfigKeys (ConfUtils.java:logGet(43)) - raft.server.log.queue.byte-limit = 2147483647 (custom)
2019-09-19 05:36:35,797 [pool-38-thread-1] INFO  server.RaftServerConfigKeys (ConfUtils.java:logGet(43)) - raft.server.log.statemachine.data.sync.timeout = 10s (default)
2019-09-19 05:36:35,796 [pool-27-thread-1] INFO  server.RaftServerConfigKeys (ConfUtils.java:logGet(43)) - raft.server.log.queue.byte-limit = 2147483647 (custom)
2019-09-19 05:36:35,797 [pool-38-thread-1] INFO  server.RaftServerConfigKeys (ConfUtils.java:logGet(43)) - raft.server.log.statemachine.data.sync.timeout.retry = -1 (default)
2019-09-19 05:36:35,797 [pool-49-thread-1] INFO  server.RaftServerConfigKeys (ConfUtils.java:logGet(43)) - raft.server.log.queue.element-limit = 1024 (custom)
2019-09-19 05:36:35,798 [pool-38-thread-1] INFO  server.RaftServerConfigKeys (ConfUtils.java:logGet(43)) - raft.server.log.statemachine.data.caching.enabled = true (custom)
2019-09-19 05:36:35,798 [pool-27-thread-1] INFO  server.RaftServerConfigKeys (ConfUtils.java:logGet(43)) - raft.server.log.queue.element-limit = 1024 (custom)
2019-09-19 05:36:35,798 [pool-49-thread-1] INFO  server.RaftServerConfigKeys (ConfUtils.java:logGet(43)) - raft.server.log.segment.size.max = 1048576 (custom)
2019-09-19 05:36:35,799 [pool-27-thread-1] INFO  server.RaftServerConfigKeys (ConfUtils.java:logGet(43)) - raft.server.log.segment.size.max = 1048576 (custom)
2019-09-19 05:36:35,799 [pool-38-thread-1] INFO  segmented.SegmentedRaftLogWorker (SegmentedRaftLogWorker.java:lambda$new$0(132)) - d09d32c8-55e6-4056-ad4f-cead40412d41-SegmentedRaftLogWorker:Storage Directory /workdir/hadoop-ozone/tools/target/test-dir/MiniOzoneClusterImpl-cbe06da4-977e-4fbb-af22-3b16938285ed/datanode-1/data/ratis/8bfb6bed-10ff-46fe-b955-4b8c494769d2: flushIndex: setUnconditionally 0 -> -1
2019-09-19 05:36:35,799 [pool-27-thread-1] INFO  server.RaftServerConfigKeys (ConfUtils.java:logGet(43)) - raft.server.log.preallocated.size = 16384 (custom)
2019-09-19 05:36:35,799 [pool-49-thread-1] INFO  server.RaftServerConfigKeys (ConfUtils.java:logGet(43)) - raft.server.log.preallocated.size = 16384 (custom)
2019-09-19 05:36:35,799 [pool-38-thread-1] INFO  server.RaftServerConfigKeys (ConfUtils.java:logGet(43)) - raft.server.snapshot.auto.trigger.enabled = true (custom)
2019-09-19 05:36:35,799 [pool-27-thread-1] INFO  server.RaftServerConfigKeys (ConfUtils.java:logGet(43)) - raft.server.log.write.buffer.size = 33554432 (custom)
2019-09-19 05:36:35,800 [pool-38-thread-1] INFO  server.RaftServerConfigKeys (ConfUtils.java:logGet(43)) - raft.server.snapshot.auto.trigger.threshold = 10000 (custom)
2019-09-19 05:36:35,800 [pool-49-thread-1] INFO  server.RaftServerConfigKeys (ConfUtils.java:logGet(43)) - raft.server.log.write.buffer.size = 33554432 (custom)
2019-09-19 05:36:35,800 [pool-38-thread-1] INFO  server.RaftServerConfigKeys (ConfUtils.java:logGet(43)) - raft.server.retrycache.expirytime = 600000ms (custom)
2019-09-19 05:36:35,800 [pool-27-thread-1] INFO  server.RaftServerConfigKeys (ConfUtils.java:logGet(43)) - raft.server.log.force.sync.num = 128 (default)
2019-09-19 05:36:35,801 [pool-38-thread-1] INFO  impl.RaftServerImpl (RaftServerImpl.java:start(180)) - d09d32c8-55e6-4056-ad4f-cead40412d41: start group-4B8C494769D2
2019-09-19 05:36:35,800 [pool-49-thread-1] INFO  server.RaftServerConfigKeys (ConfUtils.java:logGet(43)) - raft.server.log.force.sync.num = 128 (default)
2019-09-19 05:36:35,801 [pool-38-thread-1] INFO  impl.RaftServerImpl (RaftServerImpl.java:setRole(171)) - d09d32c8-55e6-4056-ad4f-cead40412d41:group-4B8C494769D2 changes role from null to FOLLOWER at term 0 for startAsFollower
2019-09-19 05:36:35,801 [pool-27-thread-1] INFO  server.RaftServerConfigKeys (ConfUtils.java:logGet(43)) - raft.server.log.statemachine.data.sync = true (default)
2019-09-19 05:36:35,801 [pool-38-thread-1] INFO  impl.RoleInfo (RoleInfo.java:updateAndGet(143)) - d09d32c8-55e6-4056-ad4f-cead40412d41: start FollowerState
2019-09-19 05:36:35,801 [pool-49-thread-1] INFO  server.RaftServerConfigKeys (ConfUtils.java:logGet(43)) - raft.server.log.statemachine.data.sync = true (default)
2019-09-19 05:36:35,802 [pool-27-thread-1] INFO  server.RaftServerConfigKeys (ConfUtils.java:logGet(43)) - raft.server.log.statemachine.data.sync.timeout = 10s (default)
2019-09-19 05:36:35,802 [pool-49-thread-1] INFO  server.RaftServerConfigKeys (ConfUtils.java:logGet(43)) - raft.server.log.statemachine.data.sync.timeout = 10s (default)
2019-09-19 05:36:35,802 [pool-27-thread-1] INFO  server.RaftServerConfigKeys (ConfUtils.java:logGet(43)) - raft.server.log.statemachine.data.sync.timeout.retry = -1 (default)
2019-09-19 05:36:35,802 [pool-38-thread-1] INFO  util.JmxRegister (JmxRegister.java:tryRegister(44)) - Successfully registered JMX Bean with object name Ratis:service=RaftServer,group=group-4B8C494769D2,id=d09d32c8-55e6-4056-ad4f-cead40412d41
2019-09-19 05:36:35,803 [pool-27-thread-1] INFO  server.RaftServerConfigKeys (ConfUtils.java:logGet(43)) - raft.server.log.statemachine.data.caching.enabled = true (custom)
2019-09-19 05:36:35,802 [pool-49-thread-1] INFO  server.RaftServerConfigKeys (ConfUtils.java:logGet(43)) - raft.server.log.statemachine.data.sync.timeout.retry = -1 (default)
2019-09-19 05:36:35,803 [pool-49-thread-1] INFO  server.RaftServerConfigKeys (ConfUtils.java:logGet(43)) - raft.server.log.statemachine.data.caching.enabled = true (custom)
2019-09-19 05:36:35,803 [pool-27-thread-1] INFO  segmented.SegmentedRaftLogWorker (SegmentedRaftLogWorker.java:lambda$new$0(132)) - fe7de604-18cd-4bb5-a7ca-49d65cff0d07-SegmentedRaftLogWorker:Storage Directory /workdir/hadoop-ozone/tools/target/test-dir/MiniOzoneClusterImpl-cbe06da4-977e-4fbb-af22-3b16938285ed/datanode-0/data/ratis/8bfb6bed-10ff-46fe-b955-4b8c494769d2: flushIndex: setUnconditionally 0 -> -1
2019-09-19 05:36:35,804 [pool-49-thread-1] INFO  segmented.SegmentedRaftLogWorker (SegmentedRaftLogWorker.java:lambda$new$0(132)) - 02596fb2-7fc8-4fea-9c2d-9cbfb7b01134-SegmentedRaftLogWorker:Storage Directory /workdir/hadoop-ozone/tools/target/test-dir/MiniOzoneClusterImpl-cbe06da4-977e-4fbb-af22-3b16938285ed/datanode-2/data/ratis/8bfb6bed-10ff-46fe-b955-4b8c494769d2: flushIndex: setUnconditionally 0 -> -1
2019-09-19 05:36:35,804 [pool-27-thread-1] INFO  server.RaftServerConfigKeys (ConfUtils.java:logGet(43)) - raft.server.snapshot.auto.trigger.enabled = true (custom)
2019-09-19 05:36:35,804 [pool-27-thread-1] INFO  server.RaftServerConfigKeys (ConfUtils.java:logGet(43)) - raft.server.snapshot.auto.trigger.threshold = 10000 (custom)
2019-09-19 05:36:35,804 [pool-49-thread-1] INFO  server.RaftServerConfigKeys (ConfUtils.java:logGet(43)) - raft.server.snapshot.auto.trigger.enabled = true (custom)
2019-09-19 05:36:35,805 [pool-27-thread-1] INFO  server.RaftServerConfigKeys (ConfUtils.java:logGet(43)) - raft.server.retrycache.expirytime = 600000ms (custom)
2019-09-19 05:36:35,805 [pool-49-thread-1] INFO  server.RaftServerConfigKeys (ConfUtils.java:logGet(43)) - raft.server.snapshot.auto.trigger.threshold = 10000 (custom)
2019-09-19 05:36:35,806 [pool-27-thread-1] INFO  impl.RaftServerImpl (RaftServerImpl.java:start(180)) - fe7de604-18cd-4bb5-a7ca-49d65cff0d07: start group-4B8C494769D2
2019-09-19 05:36:35,806 [pool-49-thread-1] INFO  server.RaftServerConfigKeys (ConfUtils.java:logGet(43)) - raft.server.retrycache.expirytime = 600000ms (custom)
2019-09-19 05:36:35,806 [pool-27-thread-1] INFO  impl.RaftServerImpl (RaftServerImpl.java:setRole(171)) - fe7de604-18cd-4bb5-a7ca-49d65cff0d07:group-4B8C494769D2 changes role from null to FOLLOWER at term 0 for startAsFollower
2019-09-19 05:36:35,807 [pool-49-thread-1] INFO  impl.RaftServerImpl (RaftServerImpl.java:start(180)) - 02596fb2-7fc8-4fea-9c2d-9cbfb7b01134: start group-4B8C494769D2
2019-09-19 05:36:35,807 [pool-27-thread-1] INFO  impl.RoleInfo (RoleInfo.java:updateAndGet(143)) - fe7de604-18cd-4bb5-a7ca-49d65cff0d07: start FollowerState
2019-09-19 05:36:35,807 [pool-49-thread-1] INFO  impl.RaftServerImpl (RaftServerImpl.java:setRole(171)) - 02596fb2-7fc8-4fea-9c2d-9cbfb7b01134:group-4B8C494769D2 changes role from null to FOLLOWER at term 0 for startAsFollower
2019-09-19 05:36:35,808 [pool-49-thread-1] INFO  impl.RoleInfo (RoleInfo.java:updateAndGet(143)) - 02596fb2-7fc8-4fea-9c2d-9cbfb7b01134: start FollowerState
2019-09-19 05:36:35,809 [pool-27-thread-1] INFO  util.JmxRegister (JmxRegister.java:tryRegister(44)) - Successfully registered JMX Bean with object name Ratis:service=RaftServer,group=group-4B8C494769D2,id=fe7de604-18cd-4bb5-a7ca-49d65cff0d07
2019-09-19 05:36:35,810 [pool-49-thread-1] INFO  util.JmxRegister (JmxRegister.java:tryRegister(44)) - Successfully registered JMX Bean with object name Ratis:service=RaftServer,group=group-4B8C494769D2,id=02596fb2-7fc8-4fea-9c2d-9cbfb7b01134
2019-09-19 05:36:35,812 [Command processor thread] INFO  commandhandler.CreatePipelineCommandHandler (CreatePipelineCommandHandler.java:handle(112)) - Create Pipeline RATIS THREE #PipelineID=8bfb6bed-10ff-46fe-b955-4b8c494769d2 command succeed on datanode d09d32c8-55e6-4056-ad4f-cead40412d41.
2019-09-19 05:36:35,821 [Command processor thread] INFO  commandhandler.CreatePipelineCommandHandler (CreatePipelineCommandHandler.java:handle(112)) - Create Pipeline RATIS THREE #PipelineID=8bfb6bed-10ff-46fe-b955-4b8c494769d2 command succeed on datanode fe7de604-18cd-4bb5-a7ca-49d65cff0d07.
2019-09-19 05:36:35,822 [Command processor thread] INFO  commandhandler.CreatePipelineCommandHandler (CreatePipelineCommandHandler.java:handle(112)) - Create Pipeline RATIS THREE #PipelineID=8bfb6bed-10ff-46fe-b955-4b8c494769d2 command succeed on datanode 02596fb2-7fc8-4fea-9c2d-9cbfb7b01134.
2019-09-19 05:36:35,944 [main] INFO  ozone.MiniOzoneClusterImpl (MiniOzoneClusterImpl.java:lambda$waitForClusterToBeReady$0(145)) - Nodes are ready. Got 3 of 3 DN Heartbeats.
2019-09-19 05:36:35,944 [main] INFO  ozone.MiniOzoneClusterImpl (MiniOzoneClusterImpl.java:lambda$waitForClusterToBeReady$0(148)) - Waiting for cluster to exit safe mode
2019-09-19 05:36:35,945 | INFO  | SCMAudit | user=jenkins1000 | ip=192.168.34.50 | op=SEND_HEARTBEAT {datanodeUUID=02596fb2-7fc8-4fea-9c2d-9cbfb7b01134, command=[]} | ret=SUCCESS |  
2019-09-19 05:36:36,102 | INFO  | SCMAudit | user=jenkins1000 | ip=192.168.34.50 | op=SEND_HEARTBEAT {datanodeUUID=fe7de604-18cd-4bb5-a7ca-49d65cff0d07, command=[]} | ret=SUCCESS |  
2019-09-19 05:36:36,375 | INFO  | SCMAudit | user=jenkins1000 | ip=192.168.34.50 | op=SEND_HEARTBEAT {datanodeUUID=d09d32c8-55e6-4056-ad4f-cead40412d41, command=[]} | ret=SUCCESS |  
2019-09-19 05:36:36,945 [main] INFO  ozone.MiniOzoneClusterImpl (MiniOzoneClusterImpl.java:lambda$waitForClusterToBeReady$0(145)) - Nodes are ready. Got 3 of 3 DN Heartbeats.
2019-09-19 05:36:36,945 [main] INFO  ozone.MiniOzoneClusterImpl (MiniOzoneClusterImpl.java:lambda$waitForClusterToBeReady$0(148)) - Waiting for cluster to exit safe mode
2019-09-19 05:36:36,956 | INFO  | SCMAudit | user=jenkins1000 | ip=192.168.34.50 | op=SEND_HEARTBEAT {datanodeUUID=02596fb2-7fc8-4fea-9c2d-9cbfb7b01134, command=[]} | ret=SUCCESS |  
2019-09-19 05:36:36,959 [EventQueue-CreatePipelineStatusForSCMPipelineManager] INFO  pipeline.SCMPipelineManager (SCMPipelineManager.java:onMessage(469)) - receive pipeline PipelineID=df66bf9f-5583-4dd9-904d-752e53c6b67d create status EXECUTED
2019-09-19 05:36:36,961 [EventQueue-CreatePipelineStatusForSCMPipelineManager] INFO  pipeline.PipelineStateManager (PipelineStateManager.java:openPipeline(134)) - Pipeline Pipeline[ Id: df66bf9f-5583-4dd9-904d-752e53c6b67d, Nodes: 02596fb2-7fc8-4fea-9c2d-9cbfb7b01134{ip: 192.168.34.50, host: pr-hdds-2034-srnhl-2452957315, networkLocation: /default-rack, certSerialId: null}, Type:RATIS, Factor:ONE, State:ALLOCATED] moved to OPEN state
add pipeline PipelineID=df66bf9f-5583-4dd9-904d-752e53c6b67d to metrics map
2019-09-19 05:36:36,963 [EventQueue-NewOpenPipelineForHealthyPipelineSafeModeRule] INFO  safemode.SCMSafeModeManager (HealthyPipelineSafeModeRule.java:process(120)) - SCM in safe mode. Healthy pipelines reported count is 1, required healthy pipeline reported count is 1
2019-09-19 05:36:36,963 [EventQueue-NewOpenPipelineForHealthyPipelineSafeModeRule] INFO  safemode.SCMSafeModeManager (SCMSafeModeManager.java:validateSafeModeExitRules(177)) - ScmSafeModeManager, all rules are successfully validated
2019-09-19 05:36:36,963 [EventQueue-NewOpenPipelineForHealthyPipelineSafeModeRule] INFO  safemode.SCMSafeModeManager (SCMSafeModeManager.java:exitSafeMode(193)) - SCM exiting safe mode.
2019-09-19 05:36:36,963 [EventQueue-CreatePipelineStatusForSCMPipelineManager] INFO  pipeline.SCMPipelineManager (SCMPipelineManager.java:onMessage(469)) - receive pipeline PipelineID=8bfb6bed-10ff-46fe-b955-4b8c494769d2 create status EXECUTED
2019-09-19 05:36:36,964 [EventQueue-CreatePipelineStatusForSCMPipelineManager] INFO  pipeline.PipelineStateManager (PipelineStateManager.java:openPipeline(134)) - Pipeline Pipeline[ Id: 8bfb6bed-10ff-46fe-b955-4b8c494769d2, Nodes: fe7de604-18cd-4bb5-a7ca-49d65cff0d07{ip: 192.168.34.50, host: pr-hdds-2034-srnhl-2452957315, networkLocation: /default-rack, certSerialId: null}d09d32c8-55e6-4056-ad4f-cead40412d41{ip: 192.168.34.50, host: pr-hdds-2034-srnhl-2452957315, networkLocation: /default-rack, certSerialId: null}02596fb2-7fc8-4fea-9c2d-9cbfb7b01134{ip: 192.168.34.50, host: pr-hdds-2034-srnhl-2452957315, networkLocation: /default-rack, certSerialId: null}, Type:RATIS, Factor:THREE, State:ALLOCATED] moved to OPEN state
add pipeline PipelineID=8bfb6bed-10ff-46fe-b955-4b8c494769d2 to metrics map
2019-09-19 05:36:37,110 | INFO  | SCMAudit | user=jenkins1000 | ip=192.168.34.50 | op=SEND_HEARTBEAT {datanodeUUID=fe7de604-18cd-4bb5-a7ca-49d65cff0d07, command=[]} | ret=SUCCESS |  
2019-09-19 05:36:37,110 [EventQueue-CreatePipelineStatusForSCMPipelineManager] INFO  pipeline.SCMPipelineManager (SCMPipelineManager.java:onMessage(469)) - receive pipeline PipelineID=4d277f87-e01d-42c1-9051-8e950e94d5e0 create status EXECUTED
2019-09-19 05:36:37,110 [EventQueue-CreatePipelineStatusForSCMPipelineManager] INFO  pipeline.PipelineStateManager (PipelineStateManager.java:openPipeline(134)) - Pipeline Pipeline[ Id: 4d277f87-e01d-42c1-9051-8e950e94d5e0, Nodes: fe7de604-18cd-4bb5-a7ca-49d65cff0d07{ip: 192.168.34.50, host: pr-hdds-2034-srnhl-2452957315, networkLocation: /default-rack, certSerialId: null}, Type:RATIS, Factor:ONE, State:ALLOCATED] moved to OPEN state
add pipeline PipelineID=4d277f87-e01d-42c1-9051-8e950e94d5e0 to metrics map
2019-09-19 05:36:37,111 [EventQueue-CreatePipelineStatusForSCMPipelineManager] INFO  pipeline.SCMPipelineManager (SCMPipelineManager.java:onMessage(469)) - receive pipeline PipelineID=8bfb6bed-10ff-46fe-b955-4b8c494769d2 create status EXECUTED
2019-09-19 05:36:37,374 | INFO  | SCMAudit | user=jenkins1000 | ip=192.168.34.50 | op=SEND_HEARTBEAT {datanodeUUID=d09d32c8-55e6-4056-ad4f-cead40412d41, command=[]} | ret=SUCCESS |  
2019-09-19 05:36:37,374 [EventQueue-CreatePipelineStatusForSCMPipelineManager] INFO  pipeline.SCMPipelineManager (SCMPipelineManager.java:onMessage(469)) - receive pipeline PipelineID=239e63bb-432b-4679-8872-b40dbd920cfa create status EXECUTED
2019-09-19 05:36:37,375 [EventQueue-CreatePipelineStatusForSCMPipelineManager] INFO  pipeline.PipelineStateManager (PipelineStateManager.java:openPipeline(134)) - Pipeline Pipeline[ Id: 239e63bb-432b-4679-8872-b40dbd920cfa, Nodes: d09d32c8-55e6-4056-ad4f-cead40412d41{ip: 192.168.34.50, host: pr-hdds-2034-srnhl-2452957315, networkLocation: /default-rack, certSerialId: null}, Type:RATIS, Factor:ONE, State:ALLOCATED] moved to OPEN state
add pipeline PipelineID=239e63bb-432b-4679-8872-b40dbd920cfa to metrics map
2019-09-19 05:36:37,375 [EventQueue-CreatePipelineStatusForSCMPipelineManager] INFO  pipeline.SCMPipelineManager (SCMPipelineManager.java:onMessage(469)) - receive pipeline PipelineID=8bfb6bed-10ff-46fe-b955-4b8c494769d2 create status EXECUTED
add pipeline PipelineID=8bfb6bed-10ff-46fe-b955-4b8c494769d2 to metrics map
2019-09-19 05:36:37,945 [main] INFO  ozone.MiniOzoneClusterImpl (MiniOzoneClusterImpl.java:lambda$waitForClusterToBeReady$0(145)) - Nodes are ready. Got 3 of 3 DN Heartbeats.
2019-09-19 05:36:37,947 [main] INFO  ozone.MiniOzoneClusterImpl (MiniOzoneClusterImpl.java:lambda$waitForClusterToBeReady$0(148)) - Cluster exits safe mode
2019-09-19 05:36:37,947 | INFO  | SCMAudit | user=jenkins1000 | ip=192.168.34.50 | op=SEND_HEARTBEAT {datanodeUUID=02596fb2-7fc8-4fea-9c2d-9cbfb7b01134, command=[]} | ret=SUCCESS |  
2019-09-19 05:36:38,102 | INFO  | SCMAudit | user=jenkins1000 | ip=192.168.34.50 | op=SEND_HEARTBEAT {datanodeUUID=fe7de604-18cd-4bb5-a7ca-49d65cff0d07, command=[]} | ret=SUCCESS |  
2019-09-19 05:36:38,374 | INFO  | SCMAudit | user=jenkins1000 | ip=192.168.34.50 | op=SEND_HEARTBEAT {datanodeUUID=d09d32c8-55e6-4056-ad4f-cead40412d41, command=[]} | ret=SUCCESS |  
2019-09-19 05:36:38,424 [main] INFO  freon.RandomKeyGenerator (RandomKeyGenerator.java:call(275)) - Number of Threads: 10
2019-09-19 05:36:38,425 [main] INFO  freon.RandomKeyGenerator (RandomKeyGenerator.java:call(280)) - Number of Volumes: 1.
2019-09-19 05:36:38,425 [main] INFO  freon.RandomKeyGenerator (RandomKeyGenerator.java:call(281)) - Number of Buckets per Volume: 1.
2019-09-19 05:36:38,425 [main] INFO  freon.RandomKeyGenerator (RandomKeyGenerator.java:call(282)) - Number of Keys per Bucket: 1.
2019-09-19 05:36:38,425 [main] INFO  freon.RandomKeyGenerator (RandomKeyGenerator.java:call(283)) - Key size: 20971520 bytes
2019-09-19 05:36:38,425 [main] INFO  freon.RandomKeyGenerator (RandomKeyGenerator.java:call(284)) - Buffer size: 4096 bytes
2019-09-19 05:36:38,429 [main] INFO  freon.RandomKeyGenerator (RandomKeyGenerator.java:call(298)) - Data validation is enabled.
2019-09-19 05:36:38,430 [main] INFO  freon.RandomKeyGenerator (RandomKeyGenerator.java:call(304)) - Starting progress bar Thread.

 0.00% |█                                                                                                    |  0/1 Time: 0:00:002019-09-19 05:36:38,458 [pool-56-thread-2] INFO  rpc.RpcClient (RpcClient.java:createVolume(293)) - Creating Volume: vol-0-24720, with jenkins1000 as owner.
2019-09-19 05:36:38,485 | INFO  | OMAudit | user=jenkins1000 | ip=127.0.0.1 | op=CREATE_VOLUME {admin=jenkins1000, owner=jenkins1000, volume=vol-0-24720, creationTime=1568871398480, quotaInBytes=1152921504606846976} | ret=SUCCESS |  
2019-09-19 05:36:38,500 | INFO  | OMAudit | user=jenkins1000 | ip=127.0.0.1 | op=READ_VOLUME {volume=vol-0-24720} | ret=SUCCESS |  
2019-09-19 05:36:38,515 [pool-56-thread-1] INFO  rpc.RpcClient (RpcClient.java:createBucket(432)) - Creating Bucket: vol-0-24720/bucket-0-25206, with Versioning false and Storage Type set to DISK and Encryption set to false 
2019-09-19 05:36:38,537 | INFO  | OMAudit | user=jenkins1000 | ip=127.0.0.1 | op=CREATE_BUCKET {volume=vol-0-24720, bucket=bucket-0-25206, acls=[user:jenkins1000:a[ACCESS], group:default:a[ACCESS]], isVersionEnabled=false, storageType=DISK, creationTime=0} | ret=SUCCESS |  
2019-09-19 05:36:38,545 | INFO  | OMAudit | user=jenkins1000 | ip=127.0.0.1 | op=READ_BUCKET {volume=vol-0-24720, bucket=bucket-0-25206} | ret=SUCCESS |  
2019-09-19 05:36:38,623 | INFO  | SCMAudit | user=jenkins1000 | ip=192.168.34.50 | op=ALLOCATE_BLOCK {owner=beef63c6-2a93-449b-8e22-7afd45267260, size=4194304, type=RATIS, factor=THREE} | ret=SUCCESS |  
2019-09-19 05:36:38,648 | INFO  | OMAudit | user=jenkins1000 | ip=127.0.0.1 | op=ALLOCATE_KEY {volume=vol-0-24720, bucket=bucket-0-25206, key=key-0-47954, dataSize=20971520, replicationType=RATIS, replicationFactor=THREE, keyLocationInfo=null} | ret=SUCCESS |  
2019-09-19 05:36:38,691 [pool-56-thread-3] INFO  impl.MetricsSystemImpl (MetricsSystemImpl.java:init(158)) - XceiverClientMetrics metrics system started (again)
2019-09-19 05:36:38,839 [grpc-default-executor-1] INFO  client.GrpcClientProtocolClient (GrpcClientProtocolClient.java:onNext(255)) - client-4657B3B7E6E4->fe7de604-18cd-4bb5-a7ca-49d65cff0d07: receive RaftClientReply:client-4657B3B7E6E4->fe7de604-18cd-4bb5-a7ca-49d65cff0d07@group-4B8C494769D2, cid=6, FAILED org.apache.ratis.protocol.NotLeaderException: Server fe7de604-18cd-4bb5-a7ca-49d65cff0d07 is not the leader (null). Request must be sent to leader., logIndex=0, commits[fe7de604-18cd-4bb5-a7ca-49d65cff0d07:c-1]
2019-09-19 05:36:38,946 | INFO  | SCMAudit | user=jenkins1000 | ip=192.168.34.50 | op=SEND_HEARTBEAT {datanodeUUID=02596fb2-7fc8-4fea-9c2d-9cbfb7b01134, command=[]} | ret=SUCCESS |  
2019-09-19 05:36:39,101 | INFO  | SCMAudit | user=jenkins1000 | ip=192.168.34.50 | op=SEND_HEARTBEAT {datanodeUUID=fe7de604-18cd-4bb5-a7ca-49d65cff0d07, command=[]} | ret=SUCCESS |  
2019-09-19 05:36:39,376 | INFO  | SCMAudit | user=jenkins1000 | ip=192.168.34.50 | op=SEND_HEARTBEAT {datanodeUUID=d09d32c8-55e6-4056-ad4f-cead40412d41, command=[]} | ret=SUCCESS |  
 0.00% |█                                                                                                    |  0/1 Time: 0:00:012019-09-19 05:36:39,896 [grpc-default-executor-1] INFO  client.GrpcClientProtocolClient (GrpcClientProtocolClient.java:onNext(255)) - client-4657B3B7E6E4->d09d32c8-55e6-4056-ad4f-cead40412d41: receive RaftClientReply:client-4657B3B7E6E4->d09d32c8-55e6-4056-ad4f-cead40412d41@group-4B8C494769D2, cid=6, FAILED org.apache.ratis.protocol.NotLeaderException: Server d09d32c8-55e6-4056-ad4f-cead40412d41 is not the leader (null). Request must be sent to leader., logIndex=0, commits[d09d32c8-55e6-4056-ad4f-cead40412d41:c-1]
2019-09-19 05:36:39,946 | INFO  | SCMAudit | user=jenkins1000 | ip=192.168.34.50 | op=SEND_HEARTBEAT {datanodeUUID=02596fb2-7fc8-4fea-9c2d-9cbfb7b01134, command=[]} | ret=SUCCESS |  
2019-09-19 05:36:39,965 [Thread-200] INFO  container.ReplicationManager (ReplicationManager.java:start(151)) - Starting Replication Monitor Thread.
2019-09-19 05:36:39,969 [ReplicationMonitor] INFO  container.ReplicationManager (ReplicationManager.java:run(214)) - Replication Monitor Thread took 1 milliseconds for processing 3 containers.
2019-09-19 05:36:40,101 | INFO  | SCMAudit | user=jenkins1000 | ip=192.168.34.50 | op=SEND_HEARTBEAT {datanodeUUID=fe7de604-18cd-4bb5-a7ca-49d65cff0d07, command=[]} | ret=SUCCESS |  
2019-09-19 05:36:40,376 | INFO  | SCMAudit | user=jenkins1000 | ip=192.168.34.50 | op=SEND_HEARTBEAT {datanodeUUID=d09d32c8-55e6-4056-ad4f-cead40412d41, command=[]} | ret=SUCCESS |  
 0.00% |█                                                                                                    |  0/1 Time: 0:00:022019-09-19 05:36:40,576 [Thread-181] INFO  impl.FollowerState (FollowerState.java:run(106)) - fe7de604-18cd-4bb5-a7ca-49d65cff0d07:group-8E950E94D5E0 changes to CANDIDATE, lastRpcTime:5049, electionTimeout:5044ms
2019-09-19 05:36:40,576 [Thread-181] INFO  impl.RoleInfo (RoleInfo.java:shutdownFollowerState(121)) - fe7de604-18cd-4bb5-a7ca-49d65cff0d07: shutdown FollowerState
2019-09-19 05:36:40,576 [Thread-181] INFO  impl.RaftServerImpl (RaftServerImpl.java:setRole(171)) - fe7de604-18cd-4bb5-a7ca-49d65cff0d07:group-8E950E94D5E0 changes role from FOLLOWER to CANDIDATE at term 0 for changeToCandidate
2019-09-19 05:36:40,580 [Thread-181] INFO  impl.RoleInfo (RoleInfo.java:updateAndGet(143)) - fe7de604-18cd-4bb5-a7ca-49d65cff0d07: start LeaderElection
2019-09-19 05:36:40,591 [Thread-182] INFO  impl.FollowerState (FollowerState.java:run(106)) - 02596fb2-7fc8-4fea-9c2d-9cbfb7b01134:group-752E53C6B67D changes to CANDIDATE, lastRpcTime:5064, electionTimeout:5059ms
2019-09-19 05:36:40,592 [Thread-180] INFO  impl.FollowerState (FollowerState.java:run(106)) - d09d32c8-55e6-4056-ad4f-cead40412d41:group-B40DBD920CFA changes to CANDIDATE, lastRpcTime:5065, electionTimeout:5060ms
2019-09-19 05:36:40,592 [Thread-182] INFO  impl.RoleInfo (RoleInfo.java:shutdownFollowerState(121)) - 02596fb2-7fc8-4fea-9c2d-9cbfb7b01134: shutdown FollowerState
2019-09-19 05:36:40,592 [Thread-180] INFO  impl.RoleInfo (RoleInfo.java:shutdownFollowerState(121)) - d09d32c8-55e6-4056-ad4f-cead40412d41: shutdown FollowerState
2019-09-19 05:36:40,592 [Thread-182] INFO  impl.RaftServerImpl (RaftServerImpl.java:setRole(171)) - 02596fb2-7fc8-4fea-9c2d-9cbfb7b01134:group-752E53C6B67D changes role from FOLLOWER to CANDIDATE at term 0 for changeToCandidate
2019-09-19 05:36:40,593 [Thread-180] INFO  impl.RaftServerImpl (RaftServerImpl.java:setRole(171)) - d09d32c8-55e6-4056-ad4f-cead40412d41:group-B40DBD920CFA changes role from FOLLOWER to CANDIDATE at term 0 for changeToCandidate
2019-09-19 05:36:40,593 [Thread-182] INFO  impl.RoleInfo (RoleInfo.java:updateAndGet(143)) - 02596fb2-7fc8-4fea-9c2d-9cbfb7b01134: start LeaderElection
2019-09-19 05:36:40,593 [Thread-180] INFO  impl.RoleInfo (RoleInfo.java:updateAndGet(143)) - d09d32c8-55e6-4056-ad4f-cead40412d41: start LeaderElection
2019-09-19 05:36:40,636 [d09d32c8-55e6-4056-ad4f-cead40412d41:group-B40DBD920CFA:LeaderElection3] INFO  impl.LeaderElection (LeaderElection.java:askForVotes(181)) - d09d32c8-55e6-4056-ad4f-cead40412d41:group-B40DBD920CFA:LeaderElection3: begin an election at term 1 for -1: [d09d32c8-55e6-4056-ad4f-cead40412d41:192.168.34.50:46167], old=null
2019-09-19 05:36:40,636 [fe7de604-18cd-4bb5-a7ca-49d65cff0d07:group-8E950E94D5E0:LeaderElection1] INFO  impl.LeaderElection (LeaderElection.java:askForVotes(181)) - fe7de604-18cd-4bb5-a7ca-49d65cff0d07:group-8E950E94D5E0:LeaderElection1: begin an election at term 1 for -1: [fe7de604-18cd-4bb5-a7ca-49d65cff0d07:192.168.34.50:43050], old=null
2019-09-19 05:36:40,636 [02596fb2-7fc8-4fea-9c2d-9cbfb7b01134:group-752E53C6B67D:LeaderElection2] INFO  impl.LeaderElection (LeaderElection.java:askForVotes(181)) - 02596fb2-7fc8-4fea-9c2d-9cbfb7b01134:group-752E53C6B67D:LeaderElection2: begin an election at term 1 for -1: [02596fb2-7fc8-4fea-9c2d-9cbfb7b01134:192.168.34.50:45875], old=null
2019-09-19 05:36:40,640 [fe7de604-18cd-4bb5-a7ca-49d65cff0d07:group-8E950E94D5E0:LeaderElection1] INFO  impl.RoleInfo (RoleInfo.java:shutdownLeaderElection(134)) - fe7de604-18cd-4bb5-a7ca-49d65cff0d07: shutdown LeaderElection
2019-09-19 05:36:40,640 [d09d32c8-55e6-4056-ad4f-cead40412d41:group-B40DBD920CFA:LeaderElection3] INFO  impl.RoleInfo (RoleInfo.java:shutdownLeaderElection(134)) - d09d32c8-55e6-4056-ad4f-cead40412d41: shutdown LeaderElection
2019-09-19 05:36:40,640 [02596fb2-7fc8-4fea-9c2d-9cbfb7b01134:group-752E53C6B67D:LeaderElection2] INFO  impl.RoleInfo (RoleInfo.java:shutdownLeaderElection(134)) - 02596fb2-7fc8-4fea-9c2d-9cbfb7b01134: shutdown LeaderElection
2019-09-19 05:36:40,641 [fe7de604-18cd-4bb5-a7ca-49d65cff0d07:group-8E950E94D5E0:LeaderElection1] INFO  impl.RaftServerImpl (RaftServerImpl.java:setRole(171)) - fe7de604-18cd-4bb5-a7ca-49d65cff0d07:group-8E950E94D5E0 changes role from CANDIDATE to LEADER at term 1 for changeToLeader
2019-09-19 05:36:40,641 [d09d32c8-55e6-4056-ad4f-cead40412d41:group-B40DBD920CFA:LeaderElection3] INFO  impl.RaftServerImpl (RaftServerImpl.java:setRole(171)) - d09d32c8-55e6-4056-ad4f-cead40412d41:group-B40DBD920CFA changes role from CANDIDATE to LEADER at term 1 for changeToLeader
2019-09-19 05:36:40,641 [02596fb2-7fc8-4fea-9c2d-9cbfb7b01134:group-752E53C6B67D:LeaderElection2] INFO  impl.RaftServerImpl (RaftServerImpl.java:setRole(171)) - 02596fb2-7fc8-4fea-9c2d-9cbfb7b01134:group-752E53C6B67D changes role from CANDIDATE to LEADER at term 1 for changeToLeader
2019-09-19 05:36:40,641 [d09d32c8-55e6-4056-ad4f-cead40412d41:group-B40DBD920CFA:LeaderElection3] INFO  impl.RaftServerImpl (ServerState.java:setLeader(263)) - d09d32c8-55e6-4056-ad4f-cead40412d41:group-B40DBD920CFA change Leader from null to d09d32c8-55e6-4056-ad4f-cead40412d41 at term 1 for becomeLeader, leader elected after 5246ms
2019-09-19 05:36:40,641 [fe7de604-18cd-4bb5-a7ca-49d65cff0d07:group-8E950E94D5E0:LeaderElection1] INFO  impl.RaftServerImpl (ServerState.java:setLeader(263)) - fe7de604-18cd-4bb5-a7ca-49d65cff0d07:group-8E950E94D5E0 change Leader from null to fe7de604-18cd-4bb5-a7ca-49d65cff0d07 at term 1 for becomeLeader, leader elected after 5246ms
2019-09-19 05:36:40,641 [02596fb2-7fc8-4fea-9c2d-9cbfb7b01134:group-752E53C6B67D:LeaderElection2] INFO  impl.RaftServerImpl (ServerState.java:setLeader(263)) - 02596fb2-7fc8-4fea-9c2d-9cbfb7b01134:group-752E53C6B67D change Leader from null to 02596fb2-7fc8-4fea-9c2d-9cbfb7b01134 at term 1 for becomeLeader, leader elected after 5247ms
2019-09-19 05:36:40,651 [fe7de604-18cd-4bb5-a7ca-49d65cff0d07:group-8E950E94D5E0:LeaderElection1] INFO  server.RaftServerConfigKeys (ConfUtils.java:logGet(43)) - raft.server.staging.catchup.gap = 1000 (default)
2019-09-19 05:36:40,651 [02596fb2-7fc8-4fea-9c2d-9cbfb7b01134:group-752E53C6B67D:LeaderElection2] INFO  server.RaftServerConfigKeys (ConfUtils.java:logGet(43)) - raft.server.staging.catchup.gap = 1000 (default)
2019-09-19 05:36:40,651 [d09d32c8-55e6-4056-ad4f-cead40412d41:group-B40DBD920CFA:LeaderElection3] INFO  server.RaftServerConfigKeys (ConfUtils.java:logGet(43)) - raft.server.staging.catchup.gap = 1000 (default)
2019-09-19 05:36:40,651 [02596fb2-7fc8-4fea-9c2d-9cbfb7b01134:group-752E53C6B67D:LeaderElection2] INFO  server.RaftServerConfigKeys (ConfUtils.java:logGet(43)) - raft.server.rpc.sleep.time = 25ms (default)
2019-09-19 05:36:40,651 [fe7de604-18cd-4bb5-a7ca-49d65cff0d07:group-8E950E94D5E0:LeaderElection1] INFO  server.RaftServerConfigKeys (ConfUtils.java:logGet(43)) - raft.server.rpc.sleep.time = 25ms (default)
2019-09-19 05:36:40,651 [d09d32c8-55e6-4056-ad4f-cead40412d41:group-B40DBD920CFA:LeaderElection3] INFO  server.RaftServerConfigKeys (ConfUtils.java:logGet(43)) - raft.server.rpc.sleep.time = 25ms (default)
2019-09-19 05:36:40,655 [fe7de604-18cd-4bb5-a7ca-49d65cff0d07:group-8E950E94D5E0:LeaderElection1] INFO  server.RaftServerConfigKeys (ConfUtils.java:logGet(43)) - raft.server.write.element-limit = 4096 (default)
2019-09-19 05:36:40,655 [d09d32c8-55e6-4056-ad4f-cead40412d41:group-B40DBD920CFA:LeaderElection3] INFO  server.RaftServerConfigKeys (ConfUtils.java:logGet(43)) - raft.server.write.element-limit = 4096 (default)
2019-09-19 05:36:40,655 [02596fb2-7fc8-4fea-9c2d-9cbfb7b01134:group-752E53C6B67D:LeaderElection2] INFO  server.RaftServerConfigKeys (ConfUtils.java:logGet(43)) - raft.server.write.element-limit = 4096 (default)
2019-09-19 05:36:40,659 [02596fb2-7fc8-4fea-9c2d-9cbfb7b01134:group-752E53C6B67D:LeaderElection2] INFO  server.RaftServerConfigKeys (ConfUtils.java:logGet(43)) - raft.server.watch.timeout = 10s (default)
2019-09-19 05:36:40,659 [fe7de604-18cd-4bb5-a7ca-49d65cff0d07:group-8E950E94D5E0:LeaderElection1] INFO  server.RaftServerConfigKeys (ConfUtils.java:logGet(43)) - raft.server.watch.timeout = 10s (default)
2019-09-19 05:36:40,659 [d09d32c8-55e6-4056-ad4f-cead40412d41:group-B40DBD920CFA:LeaderElection3] INFO  server.RaftServerConfigKeys (ConfUtils.java:logGet(43)) - raft.server.watch.timeout = 10s (default)
2019-09-19 05:36:40,660 [fe7de604-18cd-4bb5-a7ca-49d65cff0d07:group-8E950E94D5E0:LeaderElection1] INFO  server.RaftServerConfigKeys (ConfUtils.java:logGet(43)) - raft.server.watch.timeout.denomination = 1s (default)
2019-09-19 05:36:40,660 [02596fb2-7fc8-4fea-9c2d-9cbfb7b01134:group-752E53C6B67D:LeaderElection2] INFO  server.RaftServerConfigKeys (ConfUtils.java:logGet(43)) - raft.server.watch.timeout.denomination = 1s (default)
2019-09-19 05:36:40,660 [d09d32c8-55e6-4056-ad4f-cead40412d41:group-B40DBD920CFA:LeaderElection3] INFO  server.RaftServerConfigKeys (ConfUtils.java:logGet(43)) - raft.server.watch.timeout.denomination = 1s (default)
2019-09-19 05:36:40,661 [fe7de604-18cd-4bb5-a7ca-49d65cff0d07:group-8E950E94D5E0:LeaderElection1] INFO  server.RaftServerConfigKeys (ConfUtils.java:logGet(43)) - raft.server.watch.element-limit = 65536 (default)
2019-09-19 05:36:40,661 [d09d32c8-55e6-4056-ad4f-cead40412d41:group-B40DBD920CFA:LeaderElection3] INFO  server.RaftServerConfigKeys (ConfUtils.java:logGet(43)) - raft.server.watch.element-limit = 65536 (default)
2019-09-19 05:36:40,661 [02596fb2-7fc8-4fea-9c2d-9cbfb7b01134:group-752E53C6B67D:LeaderElection2] INFO  server.RaftServerConfigKeys (ConfUtils.java:logGet(43)) - raft.server.watch.element-limit = 65536 (default)
2019-09-19 05:36:40,679 [fe7de604-18cd-4bb5-a7ca-49d65cff0d07:group-8E950E94D5E0:LeaderElection1] INFO  impl.RoleInfo (RoleInfo.java:updateAndGet(143)) - fe7de604-18cd-4bb5-a7ca-49d65cff0d07: start LeaderState
2019-09-19 05:36:40,679 [d09d32c8-55e6-4056-ad4f-cead40412d41:group-B40DBD920CFA:LeaderElection3] INFO  impl.RoleInfo (RoleInfo.java:updateAndGet(143)) - d09d32c8-55e6-4056-ad4f-cead40412d41: start LeaderState
2019-09-19 05:36:40,679 [02596fb2-7fc8-4fea-9c2d-9cbfb7b01134:group-752E53C6B67D:LeaderElection2] INFO  impl.RoleInfo (RoleInfo.java:updateAndGet(143)) - 02596fb2-7fc8-4fea-9c2d-9cbfb7b01134: start LeaderState
2019-09-19 05:36:40,708 [02596fb2-7fc8-4fea-9c2d-9cbfb7b01134:group-752E53C6B67D:LeaderElection2] INFO  segmented.SegmentedRaftLogWorker (SegmentedRaftLogWorker.java:startLogSegment(380)) - 02596fb2-7fc8-4fea-9c2d-9cbfb7b01134-SegmentedRaftLogWorker:Storage Directory /workdir/hadoop-ozone/tools/target/test-dir/MiniOzoneClusterImpl-cbe06da4-977e-4fbb-af22-3b16938285ed/datanode-2/data/ratis/df66bf9f-5583-4dd9-904d-752e53c6b67d: Starting segment from index:0
2019-09-19 05:36:40,708 [d09d32c8-55e6-4056-ad4f-cead40412d41:group-B40DBD920CFA:LeaderElection3] INFO  segmented.SegmentedRaftLogWorker (SegmentedRaftLogWorker.java:startLogSegment(380)) - d09d32c8-55e6-4056-ad4f-cead40412d41-SegmentedRaftLogWorker:Storage Directory /workdir/hadoop-ozone/tools/target/test-dir/MiniOzoneClusterImpl-cbe06da4-977e-4fbb-af22-3b16938285ed/datanode-1/data/ratis/239e63bb-432b-4679-8872-b40dbd920cfa: Starting segment from index:0
2019-09-19 05:36:40,708 [fe7de604-18cd-4bb5-a7ca-49d65cff0d07:group-8E950E94D5E0:LeaderElection1] INFO  segmented.SegmentedRaftLogWorker (SegmentedRaftLogWorker.java:startLogSegment(380)) - fe7de604-18cd-4bb5-a7ca-49d65cff0d07-SegmentedRaftLogWorker:Storage Directory /workdir/hadoop-ozone/tools/target/test-dir/MiniOzoneClusterImpl-cbe06da4-977e-4fbb-af22-3b16938285ed/datanode-0/data/ratis/4d277f87-e01d-42c1-9051-8e950e94d5e0: Starting segment from index:0
2019-09-19 05:36:40,721 [fe7de604-18cd-4bb5-a7ca-49d65cff0d07:group-8E950E94D5E0:LeaderElection1] INFO  impl.RaftServerImpl (ServerState.java:setRaftConf(361)) - fe7de604-18cd-4bb5-a7ca-49d65cff0d07:group-8E950E94D5E0 set configuration 0: [fe7de604-18cd-4bb5-a7ca-49d65cff0d07:192.168.34.50:43050], old=null at 0
2019-09-19 05:36:40,721 [d09d32c8-55e6-4056-ad4f-cead40412d41:group-B40DBD920CFA:LeaderElection3] INFO  impl.RaftServerImpl (ServerState.java:setRaftConf(361)) - d09d32c8-55e6-4056-ad4f-cead40412d41:group-B40DBD920CFA set configuration 0: [d09d32c8-55e6-4056-ad4f-cead40412d41:192.168.34.50:46167], old=null at 0
2019-09-19 05:36:40,721 [02596fb2-7fc8-4fea-9c2d-9cbfb7b01134:group-752E53C6B67D:LeaderElection2] INFO  impl.RaftServerImpl (ServerState.java:setRaftConf(361)) - 02596fb2-7fc8-4fea-9c2d-9cbfb7b01134:group-752E53C6B67D set configuration 0: [02596fb2-7fc8-4fea-9c2d-9cbfb7b01134:192.168.34.50:45875], old=null at 0
2019-09-19 05:36:40,816 [Thread-187] INFO  impl.FollowerState (FollowerState.java:run(106)) - d09d32c8-55e6-4056-ad4f-cead40412d41:group-4B8C494769D2 changes to CANDIDATE, lastRpcTime:5014, electionTimeout:5014ms
2019-09-19 05:36:40,817 [Thread-187] INFO  impl.RoleInfo (RoleInfo.java:shutdownFollowerState(121)) - d09d32c8-55e6-4056-ad4f-cead40412d41: shutdown FollowerState
2019-09-19 05:36:40,817 [Thread-187] INFO  impl.RaftServerImpl (RaftServerImpl.java:setRole(171)) - d09d32c8-55e6-4056-ad4f-cead40412d41:group-4B8C494769D2 changes role from FOLLOWER to CANDIDATE at term 0 for changeToCandidate
2019-09-19 05:36:40,817 [Thread-187] INFO  impl.RoleInfo (RoleInfo.java:updateAndGet(143)) - d09d32c8-55e6-4056-ad4f-cead40412d41: start LeaderElection
2019-09-19 05:36:40,881 [d09d32c8-55e6-4056-ad4f-cead40412d41:group-4B8C494769D2:LeaderElection4] INFO  impl.LeaderElection (LeaderElection.java:askForVotes(181)) - d09d32c8-55e6-4056-ad4f-cead40412d41:group-4B8C494769D2:LeaderElection4: begin an election at term 1 for -1: [02596fb2-7fc8-4fea-9c2d-9cbfb7b01134:192.168.34.50:45875, d09d32c8-55e6-4056-ad4f-cead40412d41:192.168.34.50:46167, fe7de604-18cd-4bb5-a7ca-49d65cff0d07:192.168.34.50:43050], old=null
2019-09-19 05:36:40,946 | INFO  | SCMAudit | user=jenkins1000 | ip=192.168.34.50 | op=SEND_HEARTBEAT {datanodeUUID=02596fb2-7fc8-4fea-9c2d-9cbfb7b01134, command=[]} | ret=SUCCESS |  
2019-09-19 05:36:40,949 [grpc-default-executor-2] INFO  impl.RaftServerImpl (RaftServerImpl.java:setRole(171)) - 02596fb2-7fc8-4fea-9c2d-9cbfb7b01134:group-4B8C494769D2 changes role from FOLLOWER to FOLLOWER at term 1 for recognizeCandidate:d09d32c8-55e6-4056-ad4f-cead40412d41
2019-09-19 05:36:40,949 [grpc-default-executor-1] INFO  impl.RaftServerImpl (RaftServerImpl.java:setRole(171)) - fe7de604-18cd-4bb5-a7ca-49d65cff0d07:group-4B8C494769D2 changes role from FOLLOWER to FOLLOWER at term 1 for recognizeCandidate:d09d32c8-55e6-4056-ad4f-cead40412d41
2019-09-19 05:36:40,950 [grpc-default-executor-2] INFO  impl.RoleInfo (RoleInfo.java:shutdownFollowerState(121)) - 02596fb2-7fc8-4fea-9c2d-9cbfb7b01134: shutdown FollowerState
2019-09-19 05:36:40,950 [grpc-default-executor-1] INFO  impl.RoleInfo (RoleInfo.java:shutdownFollowerState(121)) - fe7de604-18cd-4bb5-a7ca-49d65cff0d07: shutdown FollowerState
2019-09-19 05:36:40,950 [grpc-default-executor-2] INFO  impl.RoleInfo (RoleInfo.java:updateAndGet(143)) - 02596fb2-7fc8-4fea-9c2d-9cbfb7b01134: start FollowerState
2019-09-19 05:36:40,950 [Thread-192] INFO  impl.FollowerState (FollowerState.java:run(114)) - 02596fb2-7fc8-4fea-9c2d-9cbfb7b01134: FollowerState was interrupted: java.lang.InterruptedException: sleep interrupted
2019-09-19 05:36:40,950 [Thread-191] INFO  impl.FollowerState (FollowerState.java:run(114)) - fe7de604-18cd-4bb5-a7ca-49d65cff0d07: FollowerState was interrupted: java.lang.InterruptedException: sleep interrupted
2019-09-19 05:36:40,950 [grpc-default-executor-1] INFO  impl.RoleInfo (RoleInfo.java:updateAndGet(143)) - fe7de604-18cd-4bb5-a7ca-49d65cff0d07: start FollowerState
2019-09-19 05:36:40,966 [grpc-default-executor-0] INFO  client.GrpcClientProtocolClient (GrpcClientProtocolClient.java:onNext(255)) - client-4657B3B7E6E4->02596fb2-7fc8-4fea-9c2d-9cbfb7b01134: receive RaftClientReply:client-4657B3B7E6E4->02596fb2-7fc8-4fea-9c2d-9cbfb7b01134@group-4B8C494769D2, cid=6, FAILED org.apache.ratis.protocol.NotLeaderException: Server 02596fb2-7fc8-4fea-9c2d-9cbfb7b01134 is not the leader (null). Request must be sent to leader., logIndex=0, commits[02596fb2-7fc8-4fea-9c2d-9cbfb7b01134:c-1]
2019-09-19 05:36:41,022 [02596fb2-7fc8-4fea-9c2d-9cbfb7b01134-SegmentedRaftLogWorker:Storage Directory /workdir/hadoop-ozone/tools/target/test-dir/MiniOzoneClusterImpl-cbe06da4-977e-4fbb-af22-3b16938285ed/datanode-2/data/ratis/df66bf9f-5583-4dd9-904d-752e53c6b67d] INFO  segmented.SegmentedRaftLogWorker (SegmentedRaftLogWorker.java:execute(569)) - 02596fb2-7fc8-4fea-9c2d-9cbfb7b01134-SegmentedRaftLogWorker:Storage Directory /workdir/hadoop-ozone/tools/target/test-dir/MiniOzoneClusterImpl-cbe06da4-977e-4fbb-af22-3b16938285ed/datanode-2/data/ratis/df66bf9f-5583-4dd9-904d-752e53c6b67d: created new log segment /workdir/hadoop-ozone/tools/target/test-dir/MiniOzoneClusterImpl-cbe06da4-977e-4fbb-af22-3b16938285ed/datanode-2/data/ratis/df66bf9f-5583-4dd9-904d-752e53c6b67d/current/log_inprogress_0
2019-09-19 05:36:41,022 [fe7de604-18cd-4bb5-a7ca-49d65cff0d07-SegmentedRaftLogWorker:Storage Directory /workdir/hadoop-ozone/tools/target/test-dir/MiniOzoneClusterImpl-cbe06da4-977e-4fbb-af22-3b16938285ed/datanode-0/data/ratis/4d277f87-e01d-42c1-9051-8e950e94d5e0] INFO  segmented.SegmentedRaftLogWorker (SegmentedRaftLogWorker.java:execute(569)) - fe7de604-18cd-4bb5-a7ca-49d65cff0d07-SegmentedRaftLogWorker:Storage Directory /workdir/hadoop-ozone/tools/target/test-dir/MiniOzoneClusterImpl-cbe06da4-977e-4fbb-af22-3b16938285ed/datanode-0/data/ratis/4d277f87-e01d-42c1-9051-8e950e94d5e0: created new log segment /workdir/hadoop-ozone/tools/target/test-dir/MiniOzoneClusterImpl-cbe06da4-977e-4fbb-af22-3b16938285ed/datanode-0/data/ratis/4d277f87-e01d-42c1-9051-8e950e94d5e0/current/log_inprogress_0
2019-09-19 05:36:41,022 [d09d32c8-55e6-4056-ad4f-cead40412d41-SegmentedRaftLogWorker:Storage Directory /workdir/hadoop-ozone/tools/target/test-dir/MiniOzoneClusterImpl-cbe06da4-977e-4fbb-af22-3b16938285ed/datanode-1/data/ratis/239e63bb-432b-4679-8872-b40dbd920cfa] INFO  segmented.SegmentedRaftLogWorker (SegmentedRaftLogWorker.java:execute(569)) - d09d32c8-55e6-4056-ad4f-cead40412d41-SegmentedRaftLogWorker:Storage Directory /workdir/hadoop-ozone/tools/target/test-dir/MiniOzoneClusterImpl-cbe06da4-977e-4fbb-af22-3b16938285ed/datanode-1/data/ratis/239e63bb-432b-4679-8872-b40dbd920cfa: created new log segment /workdir/hadoop-ozone/tools/target/test-dir/MiniOzoneClusterImpl-cbe06da4-977e-4fbb-af22-3b16938285ed/datanode-1/data/ratis/239e63bb-432b-4679-8872-b40dbd920cfa/current/log_inprogress_0
2019-09-19 05:36:41,039 [d09d32c8-55e6-4056-ad4f-cead40412d41:group-4B8C494769D2:LeaderElection4] INFO  impl.LeaderElection (LeaderElection.java:logAndReturn(56)) - d09d32c8-55e6-4056-ad4f-cead40412d41:group-4B8C494769D2:LeaderElection4: Election PASSED; received 1 response(s) [d09d32c8-55e6-4056-ad4f-cead40412d41<-02596fb2-7fc8-4fea-9c2d-9cbfb7b01134#0:OK-t1] and 0 exception(s); d09d32c8-55e6-4056-ad4f-cead40412d41:t1, leader=null, voted=d09d32c8-55e6-4056-ad4f-cead40412d41, raftlog=d09d32c8-55e6-4056-ad4f-cead40412d41-SegmentedRaftLog:OPENED:c-1,f-1,i0, conf=-1: [02596fb2-7fc8-4fea-9c2d-9cbfb7b01134:192.168.34.50:45875, d09d32c8-55e6-4056-ad4f-cead40412d41:192.168.34.50:46167, fe7de604-18cd-4bb5-a7ca-49d65cff0d07:192.168.34.50:43050], old=null
2019-09-19 05:36:41,040 [d09d32c8-55e6-4056-ad4f-cead40412d41:group-4B8C494769D2:LeaderElection4] INFO  impl.RoleInfo (RoleInfo.java:shutdownLeaderElection(134)) - d09d32c8-55e6-4056-ad4f-cead40412d41: shutdown LeaderElection
2019-09-19 05:36:41,040 [d09d32c8-55e6-4056-ad4f-cead40412d41:group-4B8C494769D2:LeaderElection4] INFO  impl.RaftServerImpl (RaftServerImpl.java:setRole(171)) - d09d32c8-55e6-4056-ad4f-cead40412d41:group-4B8C494769D2 changes role from CANDIDATE to LEADER at term 1 for changeToLeader
2019-09-19 05:36:41,043 [d09d32c8-55e6-4056-ad4f-cead40412d41:group-4B8C494769D2:LeaderElection4] INFO  impl.RaftServerImpl (ServerState.java:setLeader(263)) - d09d32c8-55e6-4056-ad4f-cead40412d41:group-4B8C494769D2 change Leader from null to d09d32c8-55e6-4056-ad4f-cead40412d41 at term 1 for becomeLeader, leader elected after 5253ms
2019-09-19 05:36:41,043 [d09d32c8-55e6-4056-ad4f-cead40412d41:group-4B8C494769D2:LeaderElection4] INFO  server.RaftServerConfigKeys (ConfUtils.java:logGet(43)) - raft.server.staging.catchup.gap = 1000 (default)
2019-09-19 05:36:41,043 [d09d32c8-55e6-4056-ad4f-cead40412d41:group-4B8C494769D2:LeaderElection4] INFO  server.RaftServerConfigKeys (ConfUtils.java:logGet(43)) - raft.server.rpc.sleep.time = 25ms (default)
2019-09-19 05:36:41,043 [d09d32c8-55e6-4056-ad4f-cead40412d41:group-4B8C494769D2:LeaderElection4] INFO  server.RaftServerConfigKeys (ConfUtils.java:logGet(43)) - raft.server.write.element-limit = 4096 (default)
2019-09-19 05:36:41,044 [d09d32c8-55e6-4056-ad4f-cead40412d41:group-4B8C494769D2:LeaderElection4] INFO  server.RaftServerConfigKeys (ConfUtils.java:logGet(43)) - raft.server.watch.timeout = 10s (default)
2019-09-19 05:36:41,044 [d09d32c8-55e6-4056-ad4f-cead40412d41:group-4B8C494769D2:LeaderElection4] INFO  server.RaftServerConfigKeys (ConfUtils.java:logGet(43)) - raft.server.watch.timeout.denomination = 1s (default)
2019-09-19 05:36:41,044 [d09d32c8-55e6-4056-ad4f-cead40412d41:group-4B8C494769D2:LeaderElection4] INFO  server.RaftServerConfigKeys (ConfUtils.java:logGet(43)) - raft.server.watch.element-limit = 65536 (default)
2019-09-19 05:36:41,047 [d09d32c8-55e6-4056-ad4f-cead40412d41:group-4B8C494769D2:LeaderElection4] INFO  server.RaftServerConfigKeys (ConfUtils.java:logGet(43)) - raft.server.log.appender.snapshot.chunk.size.max = 16MB (=16777216) (default)
2019-09-19 05:36:41,048 [d09d32c8-55e6-4056-ad4f-cead40412d41:group-4B8C494769D2:LeaderElection4] INFO  server.RaftServerConfigKeys (ConfUtils.java:logGet(43)) - raft.server.log.appender.buffer.byte-limit = 33554432 (custom)
2019-09-19 05:36:41,050 [d09d32c8-55e6-4056-ad4f-cead40412d41:group-4B8C494769D2:LeaderElection4] INFO  server.RaftServerConfigKeys (ConfUtils.java:logGet(43)) - raft.server.log.appender.buffer.element-limit = 1 (custom)
2019-09-19 05:36:41,055 [d09d32c8-55e6-4056-ad4f-cead40412d41:group-4B8C494769D2:LeaderElection4] INFO  grpc.GrpcConfigKeys$Server (ConfUtils.java:logGet(43)) - raft.grpc.server.leader.outstanding.appends.max = 128 (default)
2019-09-19 05:36:41,056 [d09d32c8-55e6-4056-ad4f-cead40412d41:group-4B8C494769D2:LeaderElection4] INFO  server.RaftServerConfigKeys (ConfUtils.java:logGet(43)) - raft.server.rpc.request.timeout = 3000ms (default)
2019-09-19 05:36:41,056 [d09d32c8-55e6-4056-ad4f-cead40412d41:group-4B8C494769D2:LeaderElection4] INFO  server.RaftServerConfigKeys (ConfUtils.java:logGet(43)) - raft.server.log.appender.install.snapshot.enabled = false (custom)
2019-09-19 05:36:41,056 [d09d32c8-55e6-4056-ad4f-cead40412d41:group-4B8C494769D2:LeaderElection4] INFO  server.RaftServerConfigKeys (ConfUtils.java:logGet(43)) - raft.server.log.appender.snapshot.chunk.size.max = 16MB (=16777216) (default)
2019-09-19 05:36:41,056 [d09d32c8-55e6-4056-ad4f-cead40412d41:group-4B8C494769D2:LeaderElection4] INFO  server.RaftServerConfigKeys (ConfUtils.java:logGet(43)) - raft.server.log.appender.buffer.byte-limit = 33554432 (custom)
2019-09-19 05:36:41,057 [d09d32c8-55e6-4056-ad4f-cead40412d41:group-4B8C494769D2:LeaderElection4] INFO  server.RaftServerConfigKeys (ConfUtils.java:logGet(43)) - raft.server.log.appender.buffer.element-limit = 1 (custom)
2019-09-19 05:36:41,057 [d09d32c8-55e6-4056-ad4f-cead40412d41:group-4B8C494769D2:LeaderElection4] INFO  grpc.GrpcConfigKeys$Server (ConfUtils.java:logGet(43)) - raft.grpc.server.leader.outstanding.appends.max = 128 (default)
2019-09-19 05:36:41,057 [d09d32c8-55e6-4056-ad4f-cead40412d41:group-4B8C494769D2:LeaderElection4] INFO  server.RaftServerConfigKeys (ConfUtils.java:logGet(43)) - raft.server.rpc.request.timeout = 3000ms (default)
2019-09-19 05:36:41,057 [d09d32c8-55e6-4056-ad4f-cead40412d41:group-4B8C494769D2:LeaderElection4] INFO  server.RaftServerConfigKeys (ConfUtils.java:logGet(43)) - raft.server.log.appender.install.snapshot.enabled = false (custom)
2019-09-19 05:36:41,059 [d09d32c8-55e6-4056-ad4f-cead40412d41:group-4B8C494769D2:LeaderElection4] INFO  impl.RoleInfo (RoleInfo.java:updateAndGet(143)) - d09d32c8-55e6-4056-ad4f-cead40412d41: start LeaderState
2019-09-19 05:36:41,059 [d09d32c8-55e6-4056-ad4f-cead40412d41:group-4B8C494769D2:LeaderElection4] INFO  segmented.SegmentedRaftLogWorker (SegmentedRaftLogWorker.java:startLogSegment(380)) - d09d32c8-55e6-4056-ad4f-cead40412d41-SegmentedRaftLogWorker:Storage Directory /workdir/hadoop-ozone/tools/target/test-dir/MiniOzoneClusterImpl-cbe06da4-977e-4fbb-af22-3b16938285ed/datanode-1/data/ratis/8bfb6bed-10ff-46fe-b955-4b8c494769d2: Starting segment from index:0
2019-09-19 05:36:41,060 [d09d32c8-55e6-4056-ad4f-cead40412d41:group-4B8C494769D2:LeaderElection4] INFO  impl.RaftServerImpl (ServerState.java:setRaftConf(361)) - d09d32c8-55e6-4056-ad4f-cead40412d41:group-4B8C494769D2 set configuration 0: [02596fb2-7fc8-4fea-9c2d-9cbfb7b01134:192.168.34.50:45875, d09d32c8-55e6-4056-ad4f-cead40412d41:192.168.34.50:46167, fe7de604-18cd-4bb5-a7ca-49d65cff0d07:192.168.34.50:43050], old=null at 0
2019-09-19 05:36:41,110 | INFO  | SCMAudit | user=jenkins1000 | ip=192.168.34.50 | op=SEND_HEARTBEAT {datanodeUUID=fe7de604-18cd-4bb5-a7ca-49d65cff0d07, command=[]} | ret=SUCCESS |  
2019-09-19 05:36:41,126 [grpc-default-executor-1] INFO  impl.RaftServerImpl (ServerState.java:setLeader(263)) - fe7de604-18cd-4bb5-a7ca-49d65cff0d07:group-4B8C494769D2 change Leader from null to d09d32c8-55e6-4056-ad4f-cead40412d41 at term 1 for appendEntries, leader elected after 5338ms
2019-09-19 05:36:41,126 [grpc-default-executor-2] INFO  impl.RaftServerImpl (ServerState.java:setLeader(263)) - 02596fb2-7fc8-4fea-9c2d-9cbfb7b01134:group-4B8C494769D2 change Leader from null to d09d32c8-55e6-4056-ad4f-cead40412d41 at term 1 for appendEntries, leader elected after 5338ms
2019-09-19 05:36:41,159 [d09d32c8-55e6-4056-ad4f-cead40412d41-SegmentedRaftLogWorker:Storage Directory /workdir/hadoop-ozone/tools/target/test-dir/MiniOzoneClusterImpl-cbe06da4-977e-4fbb-af22-3b16938285ed/datanode-1/data/ratis/8bfb6bed-10ff-46fe-b955-4b8c494769d2] INFO  segmented.SegmentedRaftLogWorker (SegmentedRaftLogWorker.java:execute(569)) - d09d32c8-55e6-4056-ad4f-cead40412d41-SegmentedRaftLogWorker:Storage Directory /workdir/hadoop-ozone/tools/target/test-dir/MiniOzoneClusterImpl-cbe06da4-977e-4fbb-af22-3b16938285ed/datanode-1/data/ratis/8bfb6bed-10ff-46fe-b955-4b8c494769d2: created new log segment /workdir/hadoop-ozone/tools/target/test-dir/MiniOzoneClusterImpl-cbe06da4-977e-4fbb-af22-3b16938285ed/datanode-1/data/ratis/8bfb6bed-10ff-46fe-b955-4b8c494769d2/current/log_inprogress_0
2019-09-19 05:36:41,174 [grpc-default-executor-2] INFO  impl.RaftServerImpl (ServerState.java:setRaftConf(361)) - 02596fb2-7fc8-4fea-9c2d-9cbfb7b01134:group-4B8C494769D2 set configuration 0: [02596fb2-7fc8-4fea-9c2d-9cbfb7b01134:192.168.34.50:45875, d09d32c8-55e6-4056-ad4f-cead40412d41:192.168.34.50:46167, fe7de604-18cd-4bb5-a7ca-49d65cff0d07:192.168.34.50:43050], old=null at 0
2019-09-19 05:36:41,174 [grpc-default-executor-1] INFO  impl.RaftServerImpl (ServerState.java:setRaftConf(361)) - fe7de604-18cd-4bb5-a7ca-49d65cff0d07:group-4B8C494769D2 set configuration 0: [02596fb2-7fc8-4fea-9c2d-9cbfb7b01134:192.168.34.50:45875, d09d32c8-55e6-4056-ad4f-cead40412d41:192.168.34.50:46167, fe7de604-18cd-4bb5-a7ca-49d65cff0d07:192.168.34.50:43050], old=null at 0
2019-09-19 05:36:41,176 [grpc-default-executor-2] INFO  segmented.SegmentedRaftLogWorker (SegmentedRaftLogWorker.java:startLogSegment(380)) - 02596fb2-7fc8-4fea-9c2d-9cbfb7b01134-SegmentedRaftLogWorker:Storage Directory /workdir/hadoop-ozone/tools/target/test-dir/MiniOzoneClusterImpl-cbe06da4-977e-4fbb-af22-3b16938285ed/datanode-2/data/ratis/8bfb6bed-10ff-46fe-b955-4b8c494769d2: Starting segment from index:0
2019-09-19 05:36:41,176 [grpc-default-executor-1] INFO  segmented.SegmentedRaftLogWorker (SegmentedRaftLogWorker.java:startLogSegment(380)) - fe7de604-18cd-4bb5-a7ca-49d65cff0d07-SegmentedRaftLogWorker:Storage Directory /workdir/hadoop-ozone/tools/target/test-dir/MiniOzoneClusterImpl-cbe06da4-977e-4fbb-af22-3b16938285ed/datanode-0/data/ratis/8bfb6bed-10ff-46fe-b955-4b8c494769d2: Starting segment from index:0
2019-09-19 05:36:41,269 [02596fb2-7fc8-4fea-9c2d-9cbfb7b01134-SegmentedRaftLogWorker:Storage Directory /workdir/hadoop-ozone/tools/target/test-dir/MiniOzoneClusterImpl-cbe06da4-977e-4fbb-af22-3b16938285ed/datanode-2/data/ratis/8bfb6bed-10ff-46fe-b955-4b8c494769d2] INFO  segmented.SegmentedRaftLogWorker (SegmentedRaftLogWorker.java:execute(569)) - 02596fb2-7fc8-4fea-9c2d-9cbfb7b01134-SegmentedRaftLogWorker:Storage Directory /workdir/hadoop-ozone/tools/target/test-dir/MiniOzoneClusterImpl-cbe06da4-977e-4fbb-af22-3b16938285ed/datanode-2/data/ratis/8bfb6bed-10ff-46fe-b955-4b8c494769d2: created new log segment /workdir/hadoop-ozone/tools/target/test-dir/MiniOzoneClusterImpl-cbe06da4-977e-4fbb-af22-3b16938285ed/datanode-2/data/ratis/8bfb6bed-10ff-46fe-b955-4b8c494769d2/current/log_inprogress_0
2019-09-19 05:36:41,269 [fe7de604-18cd-4bb5-a7ca-49d65cff0d07-SegmentedRaftLogWorker:Storage Directory /workdir/hadoop-ozone/tools/target/test-dir/MiniOzoneClusterImpl-cbe06da4-977e-4fbb-af22-3b16938285ed/datanode-0/data/ratis/8bfb6bed-10ff-46fe-b955-4b8c494769d2] INFO  segmented.SegmentedRaftLogWorker (SegmentedRaftLogWorker.java:execute(569)) - fe7de604-18cd-4bb5-a7ca-49d65cff0d07-SegmentedRaftLogWorker:Storage Directory /workdir/hadoop-ozone/tools/target/test-dir/MiniOzoneClusterImpl-cbe06da4-977e-4fbb-af22-3b16938285ed/datanode-0/data/ratis/8bfb6bed-10ff-46fe-b955-4b8c494769d2: created new log segment /workdir/hadoop-ozone/tools/target/test-dir/MiniOzoneClusterImpl-cbe06da4-977e-4fbb-af22-3b16938285ed/datanode-0/data/ratis/8bfb6bed-10ff-46fe-b955-4b8c494769d2/current/log_inprogress_0
2019-09-19 05:36:41,375 | INFO  | SCMAudit | user=jenkins1000 | ip=192.168.34.50 | op=SEND_HEARTBEAT {datanodeUUID=d09d32c8-55e6-4056-ad4f-cead40412d41, command=[]} | ret=SUCCESS |  
 0.00% |█                                                                                                    |  0/1 Time: 0:00:032019-09-19 05:36:41,945 | INFO  | SCMAudit | user=jenkins1000 | ip=192.168.34.50 | op=SEND_HEARTBEAT {datanodeUUID=02596fb2-7fc8-4fea-9c2d-9cbfb7b01134, command=[]} | ret=SUCCESS |  
2019-09-19 05:36:42,007 [grpc-default-executor-2] INFO  client.GrpcClientProtocolClient (GrpcClientProtocolClient.java:onNext(255)) - client-4657B3B7E6E4->fe7de604-18cd-4bb5-a7ca-49d65cff0d07: receive RaftClientReply:client-4657B3B7E6E4->fe7de604-18cd-4bb5-a7ca-49d65cff0d07@group-4B8C494769D2, cid=6, FAILED org.apache.ratis.protocol.NotLeaderException: Server fe7de604-18cd-4bb5-a7ca-49d65cff0d07 is not the leader (d09d32c8-55e6-4056-ad4f-cead40412d41:192.168.34.50:46167). Request must be sent to leader., logIndex=0, commits[fe7de604-18cd-4bb5-a7ca-49d65cff0d07:c-1, 02596fb2-7fc8-4fea-9c2d-9cbfb7b01134:c-1, d09d32c8-55e6-4056-ad4f-cead40412d41:c-1]
2019-09-19 05:36:42,100 | INFO  | SCMAudit | user=jenkins1000 | ip=192.168.34.50 | op=SEND_HEARTBEAT {datanodeUUID=fe7de604-18cd-4bb5-a7ca-49d65cff0d07, command=[]} | ret=SUCCESS |  
2019-09-19 05:36:42,374 | INFO  | SCMAudit | user=jenkins1000 | ip=192.168.34.50 | op=SEND_HEARTBEAT {datanodeUUID=d09d32c8-55e6-4056-ad4f-cead40412d41, command=[]} | ret=SUCCESS |  
 0.00% |█                                                                                                    |  0/1 Time: 0:00:042019-09-19 05:36:42,726 | INFO  | SCMAudit | user=jenkins1000 | ip=192.168.34.50 | op=SEND_HEARTBEAT {datanodeUUID=d09d32c8-55e6-4056-ad4f-cead40412d41, command=[]} | ret=SUCCESS |  
2019-09-19 05:36:42,782 | INFO  | SCMAudit | user=jenkins1000 | ip=192.168.34.50 | op=SEND_HEARTBEAT {datanodeUUID=fe7de604-18cd-4bb5-a7ca-49d65cff0d07, command=[]} | ret=SUCCESS |  
2019-09-19 05:36:42,782 | INFO  | SCMAudit | user=jenkins1000 | ip=192.168.34.50 | op=SEND_HEARTBEAT {datanodeUUID=02596fb2-7fc8-4fea-9c2d-9cbfb7b01134, command=[]} | ret=SUCCESS |  
2019-09-19 05:36:42,787 | INFO  | DNAudit | user=null | ip=null | op=WRITE_CHUNK {blockData=conID: 1 locID: 102817555979698177 bcsId: 0} | ret=SUCCESS |  
2019-09-19 05:36:42,787 | INFO  | DNAudit | user=null | ip=null | op=WRITE_CHUNK {blockData=conID: 1 locID: 102817555979698177 bcsId: 0} | ret=SUCCESS |  
2019-09-19 05:36:42,787 | INFO  | DNAudit | user=null | ip=null | op=WRITE_CHUNK {blockData=conID: 1 locID: 102817555979698177 bcsId: 0} | ret=SUCCESS |  
2019-09-19 05:36:42,804 | INFO  | DNAudit | user=null | ip=null | op=WRITE_CHUNK {blockData=conID: 1 locID: 102817555979698177 bcsId: 0} | ret=SUCCESS |  
2019-09-19 05:36:42,817 [grpc-default-executor-1] INFO  client.GrpcClientProtocolClient (GrpcClientProtocolClient.java:onNext(255)) - client-4657B3B7E6E4->d09d32c8-55e6-4056-ad4f-cead40412d41: receive RaftClientReply:client-4657B3B7E6E4->d09d32c8-55e6-4056-ad4f-cead40412d41@group-4B8C494769D2, cid=6, SUCCESS, logIndex=1, commits[d09d32c8-55e6-4056-ad4f-cead40412d41:c1, 02596fb2-7fc8-4fea-9c2d-9cbfb7b01134:c0, fe7de604-18cd-4bb5-a7ca-49d65cff0d07:c0]
2019-09-19 05:36:42,821 | INFO  | DNAudit | user=null | ip=null | op=WRITE_CHUNK {blockData=conID: 1 locID: 102817555979698177 bcsId: 0} | ret=SUCCESS |  
2019-09-19 05:36:42,821 | INFO  | DNAudit | user=null | ip=null | op=WRITE_CHUNK {blockData=conID: 1 locID: 102817555979698177 bcsId: 0} | ret=SUCCESS |  
2019-09-19 05:36:42,853 | INFO  | DNAudit | user=null | ip=null | op=WRITE_CHUNK {blockData=conID: 1 locID: 102817555979698177 bcsId: 0} | ret=SUCCESS |  
2019-09-19 05:36:42,873 | INFO  | DNAudit | user=null | ip=null | op=WRITE_CHUNK {blockData=conID: 1 locID: 102817555979698177 bcsId: 0} | ret=SUCCESS |  
2019-09-19 05:36:42,875 | INFO  | DNAudit | user=null | ip=null | op=WRITE_CHUNK {blockData=conID: 1 locID: 102817555979698177 bcsId: 0} | ret=SUCCESS |  
2019-09-19 05:36:42,945 | INFO  | DNAudit | user=null | ip=null | op=PUT_BLOCK {blockData=[blockId=conID: 1 locID: 102817555979698177 bcsId: 0,size=1048576]} | ret=SUCCESS |  
2019-09-19 05:36:42,951 | INFO  | DNAudit | user=null | ip=null | op=WRITE_CHUNK {blockData=conID: 1 locID: 102817555979698177 bcsId: 0} | ret=SUCCESS |  
2019-09-19 05:36:42,953 [grpc-default-executor-1] INFO  client.GrpcClientProtocolClient (GrpcClientProtocolClient.java:onNext(255)) - client-4657B3B7E6E4->d09d32c8-55e6-4056-ad4f-cead40412d41: receive RaftClientReply:client-4657B3B7E6E4->d09d32c8-55e6-4056-ad4f-cead40412d41@group-4B8C494769D2, cid=7, SUCCESS, logIndex=3, commits[d09d32c8-55e6-4056-ad4f-cead40412d41:c8, 02596fb2-7fc8-4fea-9c2d-9cbfb7b01134:c6, fe7de604-18cd-4bb5-a7ca-49d65cff0d07:c6]
2019-09-19 05:36:42,957 [grpc-default-executor-1] INFO  client.GrpcClientProtocolClient (GrpcClientProtocolClient.java:onNext(255)) - client-4657B3B7E6E4->d09d32c8-55e6-4056-ad4f-cead40412d41: receive RaftClientReply:client-4657B3B7E6E4->d09d32c8-55e6-4056-ad4f-cead40412d41@group-4B8C494769D2, cid=8, SUCCESS, logIndex=4, commits[d09d32c8-55e6-4056-ad4f-cead40412d41:c8, 02596fb2-7fc8-4fea-9c2d-9cbfb7b01134:c6, fe7de604-18cd-4bb5-a7ca-49d65cff0d07:c6]
2019-09-19 05:36:42,971 | INFO  | DNAudit | user=null | ip=null | op=PUT_BLOCK {blockData=[blockId=conID: 1 locID: 102817555979698177 bcsId: 0,size=1048576]} | ret=SUCCESS |  
2019-09-19 05:36:42,972 | INFO  | DNAudit | user=null | ip=null | op=WRITE_CHUNK {blockData=conID: 1 locID: 102817555979698177 bcsId: 0} | ret=SUCCESS |  
2019-09-19 05:36:43,016 | INFO  | DNAudit | user=null | ip=null | op=PUT_BLOCK {blockData=[blockId=conID: 1 locID: 102817555979698177 bcsId: 0,size=2097152]} | ret=SUCCESS |  
2019-09-19 05:36:43,016 | INFO  | DNAudit | user=null | ip=null | op=PUT_BLOCK {blockData=[blockId=conID: 1 locID: 102817555979698177 bcsId: 0,size=2097152]} | ret=SUCCESS |  
2019-09-19 05:36:43,020 [grpc-default-executor-1] INFO  client.GrpcClientProtocolClient (GrpcClientProtocolClient.java:onNext(255)) - client-4657B3B7E6E4->d09d32c8-55e6-4056-ad4f-cead40412d41: receive RaftClientReply:client-4657B3B7E6E4->d09d32c8-55e6-4056-ad4f-cead40412d41@group-4B8C494769D2, cid=9, SUCCESS, logIndex=5, commits[d09d32c8-55e6-4056-ad4f-cead40412d41:c8, 02596fb2-7fc8-4fea-9c2d-9cbfb7b01134:c6, fe7de604-18cd-4bb5-a7ca-49d65cff0d07:c6]
2019-09-19 05:36:43,035 | INFO  | DNAudit | user=null | ip=null | op=PUT_BLOCK {blockData=[blockId=conID: 1 locID: 102817555979698177 bcsId: 0,size=1048576]} | ret=SUCCESS |  
2019-09-19 05:36:43,037 | INFO  | DNAudit | user=null | ip=null | op=WRITE_CHUNK {blockData=conID: 1 locID: 102817555979698177 bcsId: 0} | ret=SUCCESS |  
2019-09-19 05:36:43,038 | INFO  | DNAudit | user=null | ip=null | op=PUT_BLOCK {blockData=[blockId=conID: 1 locID: 102817555979698177 bcsId: 0,size=2097152]} | ret=SUCCESS |  
2019-09-19 05:36:43,053 | INFO  | DNAudit | user=null | ip=null | op=WRITE_CHUNK {blockData=conID: 1 locID: 102817555979698177 bcsId: 5} | ret=SUCCESS |  
2019-09-19 05:36:43,066 | INFO  | DNAudit | user=null | ip=null | op=WRITE_CHUNK {blockData=conID: 1 locID: 102817555979698177 bcsId: 5} | ret=SUCCESS |  
2019-09-19 05:36:43,077 | INFO  | DNAudit | user=null | ip=null | op=WRITE_CHUNK {blockData=conID: 1 locID: 102817555979698177 bcsId: 5} | ret=SUCCESS |  
2019-09-19 05:36:43,081 | INFO  | DNAudit | user=null | ip=null | op=WRITE_CHUNK {blockData=conID: 1 locID: 102817555979698177 bcsId: 5} | ret=SUCCESS |  
2019-09-19 05:36:43,092 | INFO  | DNAudit | user=null | ip=null | op=WRITE_CHUNK {blockData=conID: 1 locID: 102817555979698177 bcsId: 5} | ret=SUCCESS |  
2019-09-19 05:36:43,095 | INFO  | DNAudit | user=null | ip=null | op=PUT_BLOCK {blockData=[blockId=conID: 1 locID: 102817555979698177 bcsId: 0,size=3145728]} | ret=SUCCESS |  
2019-09-19 05:36:43,095 [grpc-default-executor-2] INFO  client.GrpcClientProtocolClient (GrpcClientProtocolClient.java:onNext(255)) - client-4657B3B7E6E4->d09d32c8-55e6-4056-ad4f-cead40412d41: receive RaftClientReply:client-4657B3B7E6E4->d09d32c8-55e6-4056-ad4f-cead40412d41@group-4B8C494769D2, cid=10, SUCCESS, logIndex=9, commits[d09d32c8-55e6-4056-ad4f-cead40412d41:c10, 02596fb2-7fc8-4fea-9c2d-9cbfb7b01134:c8, fe7de604-18cd-4bb5-a7ca-49d65cff0d07:c8]
2019-09-19 05:36:43,100 | INFO  | DNAudit | user=null | ip=null | op=WRITE_CHUNK {blockData=conID: 1 locID: 102817555979698177 bcsId: 5} | ret=SUCCESS |  
2019-09-19 05:36:43,101 [grpc-default-executor-2] INFO  client.GrpcClientProtocolClient (GrpcClientProtocolClient.java:onNext(255)) - client-4657B3B7E6E4->d09d32c8-55e6-4056-ad4f-cead40412d41: receive RaftClientReply:client-4657B3B7E6E4->d09d32c8-55e6-4056-ad4f-cead40412d41@group-4B8C494769D2, cid=11, SUCCESS, logIndex=10, commits[d09d32c8-55e6-4056-ad4f-cead40412d41:c10, 02596fb2-7fc8-4fea-9c2d-9cbfb7b01134:c8, fe7de604-18cd-4bb5-a7ca-49d65cff0d07:c8]
2019-09-19 05:36:43,101 | INFO  | DNAudit | user=null | ip=null | op=WRITE_CHUNK {blockData=conID: 1 locID: 102817555979698177 bcsId: 5} | ret=SUCCESS |  
2019-09-19 05:36:43,104 | INFO  | DNAudit | user=null | ip=null | op=WRITE_CHUNK {blockData=conID: 1 locID: 102817555979698177 bcsId: 5} | ret=SUCCESS |  
2019-09-19 05:36:43,105 | INFO  | DNAudit | user=null | ip=null | op=WRITE_CHUNK {blockData=conID: 1 locID: 102817555979698177 bcsId: 5} | ret=SUCCESS |  
2019-09-19 05:36:43,107 | INFO  | DNAudit | user=null | ip=null | op=PUT_BLOCK {blockData=[blockId=conID: 1 locID: 102817555979698177 bcsId: 0,size=3145728]} | ret=SUCCESS |  
2019-09-19 05:36:43,110 | INFO  | DNAudit | user=null | ip=null | op=PUT_BLOCK {blockData=[blockId=conID: 1 locID: 102817555979698177 bcsId: 0,size=4194304]} | ret=SUCCESS |  
2019-09-19 05:36:43,110 [grpc-default-executor-2] INFO  client.GrpcClientProtocolClient (GrpcClientProtocolClient.java:onNext(255)) - client-4657B3B7E6E4->d09d32c8-55e6-4056-ad4f-cead40412d41: receive RaftClientReply:client-4657B3B7E6E4->d09d32c8-55e6-4056-ad4f-cead40412d41@group-4B8C494769D2, cid=12, SUCCESS, logIndex=11, commits[d09d32c8-55e6-4056-ad4f-cead40412d41:c12, 02596fb2-7fc8-4fea-9c2d-9cbfb7b01134:c8, fe7de604-18cd-4bb5-a7ca-49d65cff0d07:c10]
2019-09-19 05:36:43,112 [grpc-default-executor-2] INFO  client.GrpcClientProtocolClient (GrpcClientProtocolClient.java:onNext(255)) - client-4657B3B7E6E4->d09d32c8-55e6-4056-ad4f-cead40412d41: receive RaftClientReply:client-4657B3B7E6E4->d09d32c8-55e6-4056-ad4f-cead40412d41@group-4B8C494769D2, cid=13, SUCCESS, logIndex=12, commits[d09d32c8-55e6-4056-ad4f-cead40412d41:c14, 02596fb2-7fc8-4fea-9c2d-9cbfb7b01134:c8, fe7de604-18cd-4bb5-a7ca-49d65cff0d07:c10]
2019-09-19 05:36:43,115 | INFO  | DNAudit | user=null | ip=null | op=WRITE_CHUNK {blockData=conID: 1 locID: 102817555979698177 bcsId: 5} | ret=SUCCESS |  
2019-09-19 05:36:43,116 | INFO  | DNAudit | user=null | ip=null | op=WRITE_CHUNK {blockData=conID: 1 locID: 102817555979698177 bcsId: 5} | ret=SUCCESS |  
2019-09-19 05:36:43,116 | INFO  | DNAudit | user=null | ip=null | op=PUT_BLOCK {blockData=[blockId=conID: 1 locID: 102817555979698177 bcsId: 0,size=3145728]} | ret=SUCCESS |  
2019-09-19 05:36:43,117 | INFO  | DNAudit | user=null | ip=null | op=PUT_BLOCK {blockData=[blockId=conID: 1 locID: 102817555979698177 bcsId: 0,size=4194304]} | ret=SUCCESS |  
2019-09-19 05:36:43,117 | INFO  | DNAudit | user=null | ip=null | op=WRITE_CHUNK {blockData=conID: 1 locID: 102817555979698177 bcsId: 5} | ret=SUCCESS |  
2019-09-19 05:36:43,119 | INFO  | DNAudit | user=null | ip=null | op=PUT_BLOCK {blockData=[blockId=conID: 1 locID: 102817555979698177 bcsId: 0,size=4194304]} | ret=SUCCESS |  
2019-09-19 05:36:43,130 [grpc-default-executor-3] INFO  client.GrpcClientProtocolClient (GrpcClientProtocolClient.java:onNext(255)) - client-4657B3B7E6E4->d09d32c8-55e6-4056-ad4f-cead40412d41: receive RaftClientReply:client-4657B3B7E6E4->d09d32c8-55e6-4056-ad4f-cead40412d41@group-4B8C494769D2, cid=14, SUCCESS, logIndex=0, commits[d09d32c8-55e6-4056-ad4f-cead40412d41:c16, 02596fb2-7fc8-4fea-9c2d-9cbfb7b01134:c14, fe7de604-18cd-4bb5-a7ca-49d65cff0d07:c12]
2019-09-19 05:36:43,136 [grpc-default-executor-3] INFO  client.GrpcClientProtocolClient (GrpcClientProtocolClient.java:onNext(255)) - client-4657B3B7E6E4->d09d32c8-55e6-4056-ad4f-cead40412d41: receive RaftClientReply:client-4657B3B7E6E4->d09d32c8-55e6-4056-ad4f-cead40412d41@group-4B8C494769D2, cid=15, SUCCESS, logIndex=0, commits[d09d32c8-55e6-4056-ad4f-cead40412d41:c16, 02596fb2-7fc8-4fea-9c2d-9cbfb7b01134:c14, fe7de604-18cd-4bb5-a7ca-49d65cff0d07:c12]
 0.00% |█                                                                                                    |  0/1 Time: 0:00:052019-09-19 05:36:43,715 | INFO  | SCMAudit | user=jenkins1000 | ip=192.168.34.50 | op=SEND_HEARTBEAT {datanodeUUID=fe7de604-18cd-4bb5-a7ca-49d65cff0d07, command=[]} | ret=SUCCESS |  
2019-09-19 05:36:43,715 | INFO  | SCMAudit | user=jenkins1000 | ip=192.168.34.50 | op=SEND_HEARTBEAT {datanodeUUID=d09d32c8-55e6-4056-ad4f-cead40412d41, command=[]} | ret=SUCCESS |  
2019-09-19 05:36:43,735 | INFO  | DNAudit | user=null | ip=null | op=WRITE_CHUNK {blockData=conID: 2 locID: 102817555979960322 bcsId: 0} | ret=SUCCESS |  
2019-09-19 05:36:43,735 | INFO  | DNAudit | user=null | ip=null | op=WRITE_CHUNK {blockData=conID: 2 locID: 102817555979960322 bcsId: 0} | ret=SUCCESS |  
2019-09-19 05:36:43,735 | INFO  | DNAudit | user=null | ip=null | op=WRITE_CHUNK {blockData=conID: 2 locID: 102817555979960322 bcsId: 0} | ret=SUCCESS |  
2019-09-19 05:36:43,735 | INFO  | DNAudit | user=null | ip=null | op=WRITE_CHUNK {blockData=conID: 2 locID: 102817555979960322 bcsId: 0} | ret=SUCCESS |  
2019-09-19 05:36:43,757 | INFO  | SCMAudit | user=jenkins1000 | ip=192.168.34.50 | op=SEND_HEARTBEAT {datanodeUUID=02596fb2-7fc8-4fea-9c2d-9cbfb7b01134, command=[]} | ret=SUCCESS |  
2019-09-19 05:36:43,759 | INFO  | DNAudit | user=null | ip=null | op=WRITE_CHUNK {blockData=conID: 2 locID: 102817555979960322 bcsId: 0} | ret=SUCCESS |  
2019-09-19 05:36:43,759 | INFO  | DNAudit | user=null | ip=null | op=WRITE_CHUNK {blockData=conID: 2 locID: 102817555979960322 bcsId: 0} | ret=SUCCESS |  
2019-09-19 05:36:43,763 | INFO  | DNAudit | user=null | ip=null | op=WRITE_CHUNK {blockData=conID: 2 locID: 102817555979960322 bcsId: 0} | ret=SUCCESS |  
2019-09-19 05:36:43,765 [grpc-default-executor-2] INFO  client.GrpcClientProtocolClient (GrpcClientProtocolClient.java:onNext(255)) - client-4657B3B7E6E4->d09d32c8-55e6-4056-ad4f-cead40412d41: receive RaftClientReply:client-4657B3B7E6E4->d09d32c8-55e6-4056-ad4f-cead40412d41@group-4B8C494769D2, cid=16, SUCCESS, logIndex=17, commits[d09d32c8-55e6-4056-ad4f-cead40412d41:c20, 02596fb2-7fc8-4fea-9c2d-9cbfb7b01134:c14, fe7de604-18cd-4bb5-a7ca-49d65cff0d07:c16]
2019-09-19 05:36:43,794 | INFO  | DNAudit | user=null | ip=null | op=WRITE_CHUNK {blockData=conID: 2 locID: 102817555979960322 bcsId: 0} | ret=SUCCESS |  
2019-09-19 05:36:43,840 | INFO  | DNAudit | user=null | ip=null | op=WRITE_CHUNK {blockData=conID: 2 locID: 102817555979960322 bcsId: 0} | ret=SUCCESS |  
2019-09-19 05:36:43,974 | INFO  | DNAudit | user=null | ip=null | op=PUT_BLOCK {blockData=[blockId=conID: 2 locID: 102817555979960322 bcsId: 0,size=1048576]} | ret=SUCCESS |  
2019-09-19 05:36:43,975 | INFO  | DNAudit | user=null | ip=null | op=WRITE_CHUNK {blockData=conID: 2 locID: 102817555979960322 bcsId: 0} | ret=SUCCESS |  
2019-09-19 05:36:43,977 [grpc-default-executor-2] INFO  client.GrpcClientProtocolClient (GrpcClientProtocolClient.java:onNext(255)) - client-4657B3B7E6E4->d09d32c8-55e6-4056-ad4f-cead40412d41: receive RaftClientReply:client-4657B3B7E6E4->d09d32c8-55e6-4056-ad4f-cead40412d41@group-4B8C494769D2, cid=17, SUCCESS, logIndex=18, commits[d09d32c8-55e6-4056-ad4f-cead40412d41:c24, 02596fb2-7fc8-4fea-9c2d-9cbfb7b01134:c20, fe7de604-18cd-4bb5-a7ca-49d65cff0d07:c20]
2019-09-19 05:36:43,978 [grpc-default-executor-2] INFO  client.GrpcClientProtocolClient (GrpcClientProtocolClient.java:onNext(255)) - client-4657B3B7E6E4->d09d32c8-55e6-4056-ad4f-cead40412d41: receive RaftClientReply:client-4657B3B7E6E4->d09d32c8-55e6-4056-ad4f-cead40412d41@group-4B8C494769D2, cid=18, SUCCESS, logIndex=19, commits[d09d32c8-55e6-4056-ad4f-cead40412d41:c24, 02596fb2-7fc8-4fea-9c2d-9cbfb7b01134:c20, fe7de604-18cd-4bb5-a7ca-49d65cff0d07:c20]
2019-09-19 05:36:44,290 | INFO  | DNAudit | user=null | ip=null | op=PUT_BLOCK {blockData=[blockId=conID: 2 locID: 102817555979960322 bcsId: 0,size=1048576]} | ret=SUCCESS |  
2019-09-19 05:36:44,291 | INFO  | DNAudit | user=null | ip=null | op=WRITE_CHUNK {blockData=conID: 2 locID: 102817555979960322 bcsId: 0} | ret=SUCCESS |  
 0.00% |█                                                                                                    |  0/1 Time: 0:00:062019-09-19 05:36:44,715 | INFO  | SCMAudit | user=jenkins1000 | ip=192.168.34.50 | op=SEND_HEARTBEAT {datanodeUUID=d09d32c8-55e6-4056-ad4f-cead40412d41, command=[]} | ret=SUCCESS |  
2019-09-19 05:36:44,715 | INFO  | SCMAudit | user=jenkins1000 | ip=192.168.34.50 | op=SEND_HEARTBEAT {datanodeUUID=fe7de604-18cd-4bb5-a7ca-49d65cff0d07, command=[]} | ret=SUCCESS |  
2019-09-19 05:36:44,738 | INFO  | DNAudit | user=null | ip=null | op=PUT_BLOCK {blockData=[blockId=conID: 2 locID: 102817555979960322 bcsId: 0,size=2097152]} | ret=SUCCESS |  
2019-09-19 05:36:44,738 | INFO  | DNAudit | user=null | ip=null | op=PUT_BLOCK {blockData=[blockId=conID: 2 locID: 102817555979960322 bcsId: 0,size=2097152]} | ret=SUCCESS |  
2019-09-19 05:36:44,738 | INFO  | DNAudit | user=null | ip=null | op=PUT_BLOCK {blockData=[blockId=conID: 2 locID: 102817555979960322 bcsId: 0,size=1048576]} | ret=SUCCESS |  
2019-09-19 05:36:44,739 | INFO  | DNAudit | user=null | ip=null | op=WRITE_CHUNK {blockData=conID: 2 locID: 102817555979960322 bcsId: 0} | ret=SUCCESS |  
2019-09-19 05:36:44,741 | INFO  | DNAudit | user=null | ip=null | op=PUT_BLOCK {blockData=[blockId=conID: 2 locID: 102817555979960322 bcsId: 0,size=2097152]} | ret=SUCCESS |  
2019-09-19 05:36:44,742 [grpc-default-executor-2] INFO  client.GrpcClientProtocolClient (GrpcClientProtocolClient.java:onNext(255)) - client-4657B3B7E6E4->d09d32c8-55e6-4056-ad4f-cead40412d41: receive RaftClientReply:client-4657B3B7E6E4->d09d32c8-55e6-4056-ad4f-cead40412d41@group-4B8C494769D2, cid=19, SUCCESS, logIndex=20, commits[d09d32c8-55e6-4056-ad4f-cead40412d41:c24, 02596fb2-7fc8-4fea-9c2d-9cbfb7b01134:c20, fe7de604-18cd-4bb5-a7ca-49d65cff0d07:c20]
2019-09-19 05:36:44,757 | INFO  | SCMAudit | user=jenkins1000 | ip=192.168.34.50 | op=SEND_HEARTBEAT {datanodeUUID=02596fb2-7fc8-4fea-9c2d-9cbfb7b01134, command=[]} | ret=SUCCESS |  
2019-09-19 05:36:44,765 | INFO  | DNAudit | user=null | ip=null | op=WRITE_CHUNK {blockData=conID: 2 locID: 102817555979960322 bcsId: 20} | ret=SUCCESS |  
2019-09-19 05:36:44,779 | INFO  | DNAudit | user=null | ip=null | op=WRITE_CHUNK {blockData=conID: 2 locID: 102817555979960322 bcsId: 20} | ret=SUCCESS |  
2019-09-19 05:36:44,779 | INFO  | DNAudit | user=null | ip=null | op=WRITE_CHUNK {blockData=conID: 2 locID: 102817555979960322 bcsId: 20} | ret=SUCCESS |  
2019-09-19 05:36:44,780 | INFO  | DNAudit | user=null | ip=null | op=WRITE_CHUNK {blockData=conID: 2 locID: 102817555979960322 bcsId: 20} | ret=SUCCESS |  
2019-09-19 05:36:44,790 | INFO  | DNAudit | user=null | ip=null | op=WRITE_CHUNK {blockData=conID: 2 locID: 102817555979960322 bcsId: 20} | ret=SUCCESS |  
2019-09-19 05:36:44,791 | INFO  | DNAudit | user=null | ip=null | op=WRITE_CHUNK {blockData=conID: 2 locID: 102817555979960322 bcsId: 20} | ret=SUCCESS |  
2019-09-19 05:36:44,797 | INFO  | DNAudit | user=null | ip=null | op=WRITE_CHUNK {blockData=conID: 2 locID: 102817555979960322 bcsId: 20} | ret=SUCCESS |  
2019-09-19 05:36:44,805 | INFO  | DNAudit | user=null | ip=null | op=PUT_BLOCK {blockData=[blockId=conID: 2 locID: 102817555979960322 bcsId: 0,size=3145728]} | ret=SUCCESS |  
2019-09-19 05:36:44,805 [grpc-default-executor-0] INFO  client.GrpcClientProtocolClient (GrpcClientProtocolClient.java:onNext(255)) - client-4657B3B7E6E4->d09d32c8-55e6-4056-ad4f-cead40412d41: receive RaftClientReply:client-4657B3B7E6E4->d09d32c8-55e6-4056-ad4f-cead40412d41@group-4B8C494769D2, cid=20, SUCCESS, logIndex=25, commits[d09d32c8-55e6-4056-ad4f-cead40412d41:c26, 02596fb2-7fc8-4fea-9c2d-9cbfb7b01134:c24, fe7de604-18cd-4bb5-a7ca-49d65cff0d07:c24]
2019-09-19 05:36:44,807 [grpc-default-executor-0] INFO  client.GrpcClientProtocolClient (GrpcClientProtocolClient.java:onNext(255)) - client-4657B3B7E6E4->d09d32c8-55e6-4056-ad4f-cead40412d41: receive RaftClientReply:client-4657B3B7E6E4->d09d32c8-55e6-4056-ad4f-cead40412d41@group-4B8C494769D2, cid=21, SUCCESS, logIndex=26, commits[d09d32c8-55e6-4056-ad4f-cead40412d41:c26, 02596fb2-7fc8-4fea-9c2d-9cbfb7b01134:c24, fe7de604-18cd-4bb5-a7ca-49d65cff0d07:c24]
2019-09-19 05:36:44,816 | INFO  | DNAudit | user=null | ip=null | op=WRITE_CHUNK {blockData=conID: 2 locID: 102817555979960322 bcsId: 20} | ret=SUCCESS |  
2019-09-19 05:36:44,818 | INFO  | DNAudit | user=null | ip=null | op=PUT_BLOCK {blockData=[blockId=conID: 2 locID: 102817555979960322 bcsId: 0,size=4194304]} | ret=SUCCESS |  
2019-09-19 05:36:44,819 [grpc-default-executor-3] INFO  client.GrpcClientProtocolClient (GrpcClientProtocolClient.java:onNext(255)) - client-4657B3B7E6E4->d09d32c8-55e6-4056-ad4f-cead40412d41: receive RaftClientReply:client-4657B3B7E6E4->d09d32c8-55e6-4056-ad4f-cead40412d41@group-4B8C494769D2, cid=22, SUCCESS, logIndex=27, commits[d09d32c8-55e6-4056-ad4f-cead40412d41:c28, 02596fb2-7fc8-4fea-9c2d-9cbfb7b01134:c24, fe7de604-18cd-4bb5-a7ca-49d65cff0d07:c24]
2019-09-19 05:36:44,820 [grpc-default-executor-3] INFO  client.GrpcClientProtocolClient (GrpcClientProtocolClient.java:onNext(255)) - client-4657B3B7E6E4->d09d32c8-55e6-4056-ad4f-cead40412d41: receive RaftClientReply:client-4657B3B7E6E4->d09d32c8-55e6-4056-ad4f-cead40412d41@group-4B8C494769D2, cid=23, SUCCESS, logIndex=28, commits[d09d32c8-55e6-4056-ad4f-cead40412d41:c28, 02596fb2-7fc8-4fea-9c2d-9cbfb7b01134:c24, fe7de604-18cd-4bb5-a7ca-49d65cff0d07:c24]
2019-09-19 05:36:44,831 | INFO  | DNAudit | user=null | ip=null | op=WRITE_CHUNK {blockData=conID: 2 locID: 102817555979960322 bcsId: 20} | ret=SUCCESS |  
2019-09-19 05:36:44,832 | INFO  | DNAudit | user=null | ip=null | op=WRITE_CHUNK {blockData=conID: 2 locID: 102817555979960322 bcsId: 20} | ret=SUCCESS |  
2019-09-19 05:36:44,832 | INFO  | DNAudit | user=null | ip=null | op=PUT_BLOCK {blockData=[blockId=conID: 2 locID: 102817555979960322 bcsId: 0,size=3145728]} | ret=SUCCESS |  
2019-09-19 05:36:44,835 | INFO  | DNAudit | user=null | ip=null | op=PUT_BLOCK {blockData=[blockId=conID: 2 locID: 102817555979960322 bcsId: 0,size=3145728]} | ret=SUCCESS |  
2019-09-19 05:36:44,836 [grpc-default-executor-3] INFO  client.GrpcClientProtocolClient (GrpcClientProtocolClient.java:onNext(255)) - client-4657B3B7E6E4->d09d32c8-55e6-4056-ad4f-cead40412d41: receive RaftClientReply:client-4657B3B7E6E4->d09d32c8-55e6-4056-ad4f-cead40412d41@group-4B8C494769D2, cid=24, SUCCESS, logIndex=0, commits[d09d32c8-55e6-4056-ad4f-cead40412d41:c29, 02596fb2-7fc8-4fea-9c2d-9cbfb7b01134:c26, fe7de604-18cd-4bb5-a7ca-49d65cff0d07:c26]
2019-09-19 05:36:44,849 | INFO  | DNAudit | user=null | ip=null | op=WRITE_CHUNK {blockData=conID: 2 locID: 102817555979960322 bcsId: 20} | ret=SUCCESS |  
2019-09-19 05:36:44,850 | INFO  | DNAudit | user=null | ip=null | op=WRITE_CHUNK {blockData=conID: 2 locID: 102817555979960322 bcsId: 20} | ret=SUCCESS |  
2019-09-19 05:36:44,851 | INFO  | DNAudit | user=null | ip=null | op=PUT_BLOCK {blockData=[blockId=conID: 2 locID: 102817555979960322 bcsId: 0,size=4194304]} | ret=SUCCESS |  
2019-09-19 05:36:44,853 | INFO  | DNAudit | user=null | ip=null | op=PUT_BLOCK {blockData=[blockId=conID: 2 locID: 102817555979960322 bcsId: 0,size=4194304]} | ret=SUCCESS |  
2019-09-19 05:36:44,854 [grpc-default-executor-2] INFO  client.GrpcClientProtocolClient (GrpcClientProtocolClient.java:onNext(255)) - client-4657B3B7E6E4->d09d32c8-55e6-4056-ad4f-cead40412d41: receive RaftClientReply:client-4657B3B7E6E4->d09d32c8-55e6-4056-ad4f-cead40412d41@group-4B8C494769D2, cid=25, SUCCESS, logIndex=0, commits[d09d32c8-55e6-4056-ad4f-cead40412d41:c31, 02596fb2-7fc8-4fea-9c2d-9cbfb7b01134:c28, fe7de604-18cd-4bb5-a7ca-49d65cff0d07:c28]
2019-09-19 05:36:45,313 | INFO  | SCMAudit | user=jenkins1000 | ip=192.168.34.50 | op=SEND_HEARTBEAT {datanodeUUID=d09d32c8-55e6-4056-ad4f-cead40412d41, command=[]} | ret=SUCCESS |  
2019-09-19 05:36:45,331 | INFO  | DNAudit | user=null | ip=null | op=WRITE_CHUNK {blockData=conID: 3 locID: 102817555979960323 bcsId: 0} | ret=SUCCESS |  
2019-09-19 05:36:45,331 | INFO  | DNAudit | user=null | ip=null | op=WRITE_CHUNK {blockData=conID: 3 locID: 102817555979960323 bcsId: 0} | ret=SUCCESS |  
2019-09-19 05:36:45,353 | INFO  | SCMAudit | user=jenkins1000 | ip=192.168.34.50 | op=SEND_HEARTBEAT {datanodeUUID=fe7de604-18cd-4bb5-a7ca-49d65cff0d07, command=[]} | ret=SUCCESS |  
2019-09-19 05:36:45,354 | INFO  | SCMAudit | user=jenkins1000 | ip=192.168.34.50 | op=SEND_HEARTBEAT {datanodeUUID=02596fb2-7fc8-4fea-9c2d-9cbfb7b01134, command=[]} | ret=SUCCESS |  
2019-09-19 05:36:45,355 | INFO  | DNAudit | user=null | ip=null | op=WRITE_CHUNK {blockData=conID: 3 locID: 102817555979960323 bcsId: 0} | ret=SUCCESS |  
2019-09-19 05:36:45,357 | INFO  | DNAudit | user=null | ip=null | op=WRITE_CHUNK {blockData=conID: 3 locID: 102817555979960323 bcsId: 0} | ret=SUCCESS |  
2019-09-19 05:36:45,357 | INFO  | DNAudit | user=null | ip=null | op=WRITE_CHUNK {blockData=conID: 3 locID: 102817555979960323 bcsId: 0} | ret=SUCCESS |  
2019-09-19 05:36:45,357 | INFO  | DNAudit | user=null | ip=null | op=WRITE_CHUNK {blockData=conID: 3 locID: 102817555979960323 bcsId: 0} | ret=SUCCESS |  
2019-09-19 05:36:45,382 | INFO  | DNAudit | user=null | ip=null | op=WRITE_CHUNK {blockData=conID: 3 locID: 102817555979960323 bcsId: 0} | ret=SUCCESS |  
2019-09-19 05:36:45,384 [grpc-default-executor-2] INFO  client.GrpcClientProtocolClient (GrpcClientProtocolClient.java:onNext(255)) - client-4657B3B7E6E4->d09d32c8-55e6-4056-ad4f-cead40412d41: receive RaftClientReply:client-4657B3B7E6E4->d09d32c8-55e6-4056-ad4f-cead40412d41@group-4B8C494769D2, cid=26, SUCCESS, logIndex=33, commits[d09d32c8-55e6-4056-ad4f-cead40412d41:c33, 02596fb2-7fc8-4fea-9c2d-9cbfb7b01134:c28, fe7de604-18cd-4bb5-a7ca-49d65cff0d07:c32]
2019-09-19 05:36:45,402 | INFO  | DNAudit | user=null | ip=null | op=WRITE_CHUNK {blockData=conID: 3 locID: 102817555979960323 bcsId: 0} | ret=SUCCESS |  
2019-09-19 05:36:45,402 | INFO  | DNAudit | user=null | ip=null | op=WRITE_CHUNK {blockData=conID: 3 locID: 102817555979960323 bcsId: 0} | ret=SUCCESS |  
 0.00% |█                                                                                                    |  0/1 Time: 0:00:072019-09-19 05:36:45,589 | INFO  | DNAudit | user=null | ip=null | op=PUT_BLOCK {blockData=[blockId=conID: 3 locID: 102817555979960323 bcsId: 0,size=1048576]} | ret=SUCCESS |  
2019-09-19 05:36:45,591 | INFO  | DNAudit | user=null | ip=null | op=WRITE_CHUNK {blockData=conID: 3 locID: 102817555979960323 bcsId: 0} | ret=SUCCESS |  
2019-09-19 05:36:45,596 [grpc-default-executor-1] INFO  client.GrpcClientProtocolClient (GrpcClientProtocolClient.java:onNext(255)) - client-4657B3B7E6E4->d09d32c8-55e6-4056-ad4f-cead40412d41: receive RaftClientReply:client-4657B3B7E6E4->d09d32c8-55e6-4056-ad4f-cead40412d41@group-4B8C494769D2, cid=27, SUCCESS, logIndex=34, commits[d09d32c8-55e6-4056-ad4f-cead40412d41:c39, 02596fb2-7fc8-4fea-9c2d-9cbfb7b01134:c36, fe7de604-18cd-4bb5-a7ca-49d65cff0d07:c36]
2019-09-19 05:36:45,597 [grpc-default-executor-1] INFO  client.GrpcClientProtocolClient (GrpcClientProtocolClient.java:onNext(255)) - client-4657B3B7E6E4->d09d32c8-55e6-4056-ad4f-cead40412d41: receive RaftClientReply:client-4657B3B7E6E4->d09d32c8-55e6-4056-ad4f-cead40412d41@group-4B8C494769D2, cid=28, SUCCESS, logIndex=35, commits[d09d32c8-55e6-4056-ad4f-cead40412d41:c39, 02596fb2-7fc8-4fea-9c2d-9cbfb7b01134:c36, fe7de604-18cd-4bb5-a7ca-49d65cff0d07:c36]
2019-09-19 05:36:45,860 | INFO  | DNAudit | user=null | ip=null | op=PUT_BLOCK {blockData=[blockId=conID: 3 locID: 102817555979960323 bcsId: 0,size=1048576]} | ret=SUCCESS |  
2019-09-19 05:36:45,861 | INFO  | DNAudit | user=null | ip=null | op=WRITE_CHUNK {blockData=conID: 3 locID: 102817555979960323 bcsId: 0} | ret=SUCCESS |  
2019-09-19 05:36:46,102 | INFO  | DNAudit | user=null | ip=null | op=PUT_BLOCK {blockData=[blockId=conID: 3 locID: 102817555979960323 bcsId: 0,size=2097152]} | ret=SUCCESS |  
2019-09-19 05:36:46,102 | INFO  | DNAudit | user=null | ip=null | op=PUT_BLOCK {blockData=[blockId=conID: 3 locID: 102817555979960323 bcsId: 0,size=2097152]} | ret=SUCCESS |  
2019-09-19 05:36:46,102 | INFO  | DNAudit | user=null | ip=null | op=PUT_BLOCK {blockData=[blockId=conID: 3 locID: 102817555979960323 bcsId: 0,size=1048576]} | ret=SUCCESS |  
2019-09-19 05:36:46,103 | INFO  | DNAudit | user=null | ip=null | op=WRITE_CHUNK {blockData=conID: 3 locID: 102817555979960323 bcsId: 0} | ret=SUCCESS |  
2019-09-19 05:36:46,106 | INFO  | DNAudit | user=null | ip=null | op=PUT_BLOCK {blockData=[blockId=conID: 3 locID: 102817555979960323 bcsId: 0,size=2097152]} | ret=SUCCESS |  
2019-09-19 05:36:46,106 [grpc-default-executor-1] INFO  client.GrpcClientProtocolClient (GrpcClientProtocolClient.java:onNext(255)) - client-4657B3B7E6E4->d09d32c8-55e6-4056-ad4f-cead40412d41: receive RaftClientReply:client-4657B3B7E6E4->d09d32c8-55e6-4056-ad4f-cead40412d41@group-4B8C494769D2, cid=29, SUCCESS, logIndex=36, commits[d09d32c8-55e6-4056-ad4f-cead40412d41:c39, 02596fb2-7fc8-4fea-9c2d-9cbfb7b01134:c36, fe7de604-18cd-4bb5-a7ca-49d65cff0d07:c36]
2019-09-19 05:36:46,129 | INFO  | DNAudit | user=null | ip=null | op=WRITE_CHUNK {blockData=conID: 3 locID: 102817555979960323 bcsId: 36} | ret=SUCCESS |  
2019-09-19 05:36:46,142 | INFO  | DNAudit | user=null | ip=null | op=WRITE_CHUNK {blockData=conID: 3 locID: 102817555979960323 bcsId: 36} | ret=SUCCESS |  
2019-09-19 05:36:46,143 | INFO  | DNAudit | user=null | ip=null | op=WRITE_CHUNK {blockData=conID: 3 locID: 102817555979960323 bcsId: 36} | ret=SUCCESS |  
2019-09-19 05:36:46,143 | INFO  | DNAudit | user=null | ip=null | op=WRITE_CHUNK {blockData=conID: 3 locID: 102817555979960323 bcsId: 36} | ret=SUCCESS |  
2019-09-19 05:36:46,153 | INFO  | DNAudit | user=null | ip=null | op=WRITE_CHUNK {blockData=conID: 3 locID: 102817555979960323 bcsId: 36} | ret=SUCCESS |  
2019-09-19 05:36:46,156 | INFO  | DNAudit | user=null | ip=null | op=WRITE_CHUNK {blockData=conID: 3 locID: 102817555979960323 bcsId: 36} | ret=SUCCESS |  
2019-09-19 05:36:46,172 | INFO  | DNAudit | user=null | ip=null | op=WRITE_CHUNK {blockData=conID: 3 locID: 102817555979960323 bcsId: 36} | ret=SUCCESS |  
2019-09-19 05:36:46,175 | INFO  | DNAudit | user=null | ip=null | op=PUT_BLOCK {blockData=[blockId=conID: 3 locID: 102817555979960323 bcsId: 0,size=3145728]} | ret=SUCCESS |  
2019-09-19 05:36:46,176 [grpc-default-executor-4] INFO  client.GrpcClientProtocolClient (GrpcClientProtocolClient.java:onNext(255)) - client-4657B3B7E6E4->d09d32c8-55e6-4056-ad4f-cead40412d41: receive RaftClientReply:client-4657B3B7E6E4->d09d32c8-55e6-4056-ad4f-cead40412d41@group-4B8C494769D2, cid=30, SUCCESS, logIndex=40, commits[d09d32c8-55e6-4056-ad4f-cead40412d41:c41, 02596fb2-7fc8-4fea-9c2d-9cbfb7b01134:c39, fe7de604-18cd-4bb5-a7ca-49d65cff0d07:c39]
2019-09-19 05:36:46,177 [grpc-default-executor-4] INFO  client.GrpcClientProtocolClient (GrpcClientProtocolClient.java:onNext(255)) - client-4657B3B7E6E4->d09d32c8-55e6-4056-ad4f-cead40412d41: receive RaftClientReply:client-4657B3B7E6E4->d09d32c8-55e6-4056-ad4f-cead40412d41@group-4B8C494769D2, cid=31, SUCCESS, logIndex=41, commits[d09d32c8-55e6-4056-ad4f-cead40412d41:c41, 02596fb2-7fc8-4fea-9c2d-9cbfb7b01134:c39, fe7de604-18cd-4bb5-a7ca-49d65cff0d07:c39]
2019-09-19 05:36:46,196 | INFO  | DNAudit | user=null | ip=null | op=WRITE_CHUNK {blockData=conID: 3 locID: 102817555979960323 bcsId: 36} | ret=SUCCESS |  
2019-09-19 05:36:46,198 | INFO  | DNAudit | user=null | ip=null | op=PUT_BLOCK {blockData=[blockId=conID: 3 locID: 102817555979960323 bcsId: 0,size=4194304]} | ret=SUCCESS |  
2019-09-19 05:36:46,199 [grpc-default-executor-4] INFO  client.GrpcClientProtocolClient (GrpcClientProtocolClient.java:onNext(255)) - client-4657B3B7E6E4->d09d32c8-55e6-4056-ad4f-cead40412d41: receive RaftClientReply:client-4657B3B7E6E4->d09d32c8-55e6-4056-ad4f-cead40412d41@group-4B8C494769D2, cid=32, SUCCESS, logIndex=42, commits[d09d32c8-55e6-4056-ad4f-cead40412d41:c43, 02596fb2-7fc8-4fea-9c2d-9cbfb7b01134:c39, fe7de604-18cd-4bb5-a7ca-49d65cff0d07:c39]
2019-09-19 05:36:46,200 [grpc-default-executor-4] INFO  client.GrpcClientProtocolClient (GrpcClientProtocolClient.java:onNext(255)) - client-4657B3B7E6E4->d09d32c8-55e6-4056-ad4f-cead40412d41: receive RaftClientReply:client-4657B3B7E6E4->d09d32c8-55e6-4056-ad4f-cead40412d41@group-4B8C494769D2, cid=33, SUCCESS, logIndex=43, commits[d09d32c8-55e6-4056-ad4f-cead40412d41:c43, 02596fb2-7fc8-4fea-9c2d-9cbfb7b01134:c39, fe7de604-18cd-4bb5-a7ca-49d65cff0d07:c39]
2019-09-19 05:36:46,217 | INFO  | DNAudit | user=null | ip=null | op=WRITE_CHUNK {blockData=conID: 3 locID: 102817555979960323 bcsId: 36} | ret=SUCCESS |  
2019-09-19 05:36:46,217 | INFO  | DNAudit | user=null | ip=null | op=WRITE_CHUNK {blockData=conID: 3 locID: 102817555979960323 bcsId: 36} | ret=SUCCESS |  
2019-09-19 05:36:46,224 | INFO  | DNAudit | user=null | ip=null | op=PUT_BLOCK {blockData=[blockId=conID: 3 locID: 102817555979960323 bcsId: 0,size=3145728]} | ret=SUCCESS |  
2019-09-19 05:36:46,224 | INFO  | DNAudit | user=null | ip=null | op=PUT_BLOCK {blockData=[blockId=conID: 3 locID: 102817555979960323 bcsId: 0,size=3145728]} | ret=SUCCESS |  
2019-09-19 05:36:46,225 [grpc-default-executor-3] INFO  client.GrpcClientProtocolClient (GrpcClientProtocolClient.java:onNext(255)) - client-4657B3B7E6E4->d09d32c8-55e6-4056-ad4f-cead40412d41: receive RaftClientReply:client-4657B3B7E6E4->d09d32c8-55e6-4056-ad4f-cead40412d41@group-4B8C494769D2, cid=34, SUCCESS, logIndex=0, commits[d09d32c8-55e6-4056-ad4f-cead40412d41:c44, 02596fb2-7fc8-4fea-9c2d-9cbfb7b01134:c41, fe7de604-18cd-4bb5-a7ca-49d65cff0d07:c41]
2019-09-19 05:36:46,242 | INFO  | DNAudit | user=null | ip=null | op=WRITE_CHUNK {blockData=conID: 3 locID: 102817555979960323 bcsId: 36} | ret=SUCCESS |  
2019-09-19 05:36:46,242 | INFO  | DNAudit | user=null | ip=null | op=WRITE_CHUNK {blockData=conID: 3 locID: 102817555979960323 bcsId: 36} | ret=SUCCESS |  
2019-09-19 05:36:46,243 | INFO  | DNAudit | user=null | ip=null | op=PUT_BLOCK {blockData=[blockId=conID: 3 locID: 102817555979960323 bcsId: 0,size=4194304]} | ret=SUCCESS |  
2019-09-19 05:36:46,243 | INFO  | DNAudit | user=null | ip=null | op=PUT_BLOCK {blockData=[blockId=conID: 3 locID: 102817555979960323 bcsId: 0,size=4194304]} | ret=SUCCESS |  
2019-09-19 05:36:46,244 [grpc-default-executor-4] INFO  client.GrpcClientProtocolClient (GrpcClientProtocolClient.java:onNext(255)) - client-4657B3B7E6E4->d09d32c8-55e6-4056-ad4f-cead40412d41: receive RaftClientReply:client-4657B3B7E6E4->d09d32c8-55e6-4056-ad4f-cead40412d41@group-4B8C494769D2, cid=35, SUCCESS, logIndex=0, commits[d09d32c8-55e6-4056-ad4f-cead40412d41:c47, 02596fb2-7fc8-4fea-9c2d-9cbfb7b01134:c43, fe7de604-18cd-4bb5-a7ca-49d65cff0d07:c43]
2019-09-19 05:36:46,261 | INFO  | DNAudit | user=null | ip=null | op=WRITE_CHUNK {blockData=conID: 1 locID: 102817555980156932 bcsId: 0} | ret=SUCCESS |  
2019-09-19 05:36:46,269 | INFO  | DNAudit | user=null | ip=null | op=WRITE_CHUNK {blockData=conID: 1 locID: 102817555980156932 bcsId: 0} | ret=SUCCESS |  
2019-09-19 05:36:46,269 | INFO  | DNAudit | user=null | ip=null | op=WRITE_CHUNK {blockData=conID: 1 locID: 102817555980156932 bcsId: 0} | ret=SUCCESS |  
2019-09-19 05:36:46,271 | INFO  | DNAudit | user=null | ip=null | op=WRITE_CHUNK {blockData=conID: 1 locID: 102817555980156932 bcsId: 0} | ret=SUCCESS |  
2019-09-19 05:36:46,278 | INFO  | DNAudit | user=null | ip=null | op=WRITE_CHUNK {blockData=conID: 1 locID: 102817555980156932 bcsId: 0} | ret=SUCCESS |  
2019-09-19 05:36:46,278 | INFO  | DNAudit | user=null | ip=null | op=WRITE_CHUNK {blockData=conID: 1 locID: 102817555980156932 bcsId: 0} | ret=SUCCESS |  
2019-09-19 05:36:46,292 | INFO  | DNAudit | user=null | ip=null | op=WRITE_CHUNK {blockData=conID: 1 locID: 102817555980156932 bcsId: 0} | ret=SUCCESS |  
2019-09-19 05:36:46,293 | INFO  | DNAudit | user=null | ip=null | op=PUT_BLOCK {blockData=[blockId=conID: 1 locID: 102817555980156932 bcsId: 0,size=1048576]} | ret=SUCCESS |  
2019-09-19 05:36:46,294 [grpc-default-executor-4] INFO  client.GrpcClientProtocolClient (GrpcClientProtocolClient.java:onNext(255)) - client-4657B3B7E6E4->d09d32c8-55e6-4056-ad4f-cead40412d41: receive RaftClientReply:client-4657B3B7E6E4->d09d32c8-55e6-4056-ad4f-cead40412d41@group-4B8C494769D2, cid=36, SUCCESS, logIndex=48, commits[d09d32c8-55e6-4056-ad4f-cead40412d41:c49, 02596fb2-7fc8-4fea-9c2d-9cbfb7b01134:c47, fe7de604-18cd-4bb5-a7ca-49d65cff0d07:c47]
2019-09-19 05:36:46,295 [grpc-default-executor-4] INFO  client.GrpcClientProtocolClient (GrpcClientProtocolClient.java:onNext(255)) - client-4657B3B7E6E4->d09d32c8-55e6-4056-ad4f-cead40412d41: receive RaftClientReply:client-4657B3B7E6E4->d09d32c8-55e6-4056-ad4f-cead40412d41@group-4B8C494769D2, cid=37, SUCCESS, logIndex=49, commits[d09d32c8-55e6-4056-ad4f-cead40412d41:c49, 02596fb2-7fc8-4fea-9c2d-9cbfb7b01134:c47, fe7de604-18cd-4bb5-a7ca-49d65cff0d07:c47]
2019-09-19 05:36:46,311 | INFO  | DNAudit | user=null | ip=null | op=WRITE_CHUNK {blockData=conID: 1 locID: 102817555980156932 bcsId: 0} | ret=SUCCESS |  
2019-09-19 05:36:46,312 | INFO  | SCMAudit | user=jenkins1000 | ip=192.168.34.50 | op=SEND_HEARTBEAT {datanodeUUID=d09d32c8-55e6-4056-ad4f-cead40412d41, command=[]} | ret=SUCCESS |  
2019-09-19 05:36:46,312 | INFO  | DNAudit | user=null | ip=null | op=PUT_BLOCK {blockData=[blockId=conID: 1 locID: 102817555980156932 bcsId: 0,size=2097152]} | ret=SUCCESS |  
2019-09-19 05:36:46,313 [grpc-default-executor-4] INFO  client.GrpcClientProtocolClient (GrpcClientProtocolClient.java:onNext(255)) - client-4657B3B7E6E4->d09d32c8-55e6-4056-ad4f-cead40412d41: receive RaftClientReply:client-4657B3B7E6E4->d09d32c8-55e6-4056-ad4f-cead40412d41@group-4B8C494769D2, cid=38, SUCCESS, logIndex=50, commits[d09d32c8-55e6-4056-ad4f-cead40412d41:c51, 02596fb2-7fc8-4fea-9c2d-9cbfb7b01134:c47, fe7de604-18cd-4bb5-a7ca-49d65cff0d07:c47]
2019-09-19 05:36:46,314 [grpc-default-executor-4] INFO  client.GrpcClientProtocolClient (GrpcClientProtocolClient.java:onNext(255)) - client-4657B3B7E6E4->d09d32c8-55e6-4056-ad4f-cead40412d41: receive RaftClientReply:client-4657B3B7E6E4->d09d32c8-55e6-4056-ad4f-cead40412d41@group-4B8C494769D2, cid=39, SUCCESS, logIndex=51, commits[d09d32c8-55e6-4056-ad4f-cead40412d41:c51, 02596fb2-7fc8-4fea-9c2d-9cbfb7b01134:c47, fe7de604-18cd-4bb5-a7ca-49d65cff0d07:c47]
2019-09-19 05:36:46,333 | INFO  | DNAudit | user=null | ip=null | op=WRITE_CHUNK {blockData=conID: 1 locID: 102817555980156932 bcsId: 0} | ret=SUCCESS |  
2019-09-19 05:36:46,334 | INFO  | DNAudit | user=null | ip=null | op=PUT_BLOCK {blockData=[blockId=conID: 1 locID: 102817555980156932 bcsId: 0,size=1048576]} | ret=SUCCESS |  
2019-09-19 05:36:46,334 | INFO  | DNAudit | user=null | ip=null | op=WRITE_CHUNK {blockData=conID: 1 locID: 102817555980156932 bcsId: 0} | ret=SUCCESS |  
2019-09-19 05:36:46,335 | INFO  | DNAudit | user=null | ip=null | op=PUT_BLOCK {blockData=[blockId=conID: 1 locID: 102817555980156932 bcsId: 0,size=1048576]} | ret=SUCCESS |  
2019-09-19 05:36:46,335 [grpc-default-executor-4] INFO  client.GrpcClientProtocolClient (GrpcClientProtocolClient.java:onNext(255)) - client-4657B3B7E6E4->d09d32c8-55e6-4056-ad4f-cead40412d41: receive RaftClientReply:client-4657B3B7E6E4->d09d32c8-55e6-4056-ad4f-cead40412d41@group-4B8C494769D2, cid=40, SUCCESS, logIndex=0, commits[d09d32c8-55e6-4056-ad4f-cead40412d41:c53, 02596fb2-7fc8-4fea-9c2d-9cbfb7b01134:c49, fe7de604-18cd-4bb5-a7ca-49d65cff0d07:c49]
2019-09-19 05:36:46,349 | INFO  | DNAudit | user=null | ip=null | op=WRITE_CHUNK {blockData=conID: 1 locID: 102817555980156932 bcsId: 51} | ret=SUCCESS |  
2019-09-19 05:36:46,351 | INFO  | DNAudit | user=null | ip=null | op=WRITE_CHUNK {blockData=conID: 1 locID: 102817555980156932 bcsId: 0} | ret=SUCCESS |  
2019-09-19 05:36:46,352 | INFO  | SCMAudit | user=jenkins1000 | ip=192.168.34.50 | op=SEND_HEARTBEAT {datanodeUUID=02596fb2-7fc8-4fea-9c2d-9cbfb7b01134, command=[]} | ret=SUCCESS |  
2019-09-19 05:36:46,352 | INFO  | SCMAudit | user=jenkins1000 | ip=192.168.34.50 | op=SEND_HEARTBEAT {datanodeUUID=fe7de604-18cd-4bb5-a7ca-49d65cff0d07, command=[]} | ret=SUCCESS |  
2019-09-19 05:36:46,353 | INFO  | DNAudit | user=null | ip=null | op=WRITE_CHUNK {blockData=conID: 1 locID: 102817555980156932 bcsId: 0} | ret=SUCCESS |  
2019-09-19 05:36:46,353 | INFO  | DNAudit | user=null | ip=null | op=PUT_BLOCK {blockData=[blockId=conID: 1 locID: 102817555980156932 bcsId: 0,size=2097152]} | ret=SUCCESS |  
2019-09-19 05:36:46,354 | INFO  | DNAudit | user=null | ip=null | op=PUT_BLOCK {blockData=[blockId=conID: 1 locID: 102817555980156932 bcsId: 0,size=2097152]} | ret=SUCCESS |  
2019-09-19 05:36:46,355 | INFO  | DNAudit | user=null | ip=null | op=WRITE_CHUNK {blockData=conID: 1 locID: 102817555980156932 bcsId: 51} | ret=SUCCESS |  
2019-09-19 05:36:46,359 | INFO  | DNAudit | user=null | ip=null | op=WRITE_CHUNK {blockData=conID: 1 locID: 102817555980156932 bcsId: 51} | ret=SUCCESS |  
2019-09-19 05:36:46,373 | INFO  | DNAudit | user=null | ip=null | op=WRITE_CHUNK {blockData=conID: 1 locID: 102817555980156932 bcsId: 51} | ret=SUCCESS |  
2019-09-19 05:36:46,375 | INFO  | DNAudit | user=null | ip=null | op=PUT_BLOCK {blockData=[blockId=conID: 1 locID: 102817555980156932 bcsId: 0,size=3145728]} | ret=SUCCESS |  
2019-09-19 05:36:46,375 [grpc-default-executor-3] INFO  client.GrpcClientProtocolClient (GrpcClientProtocolClient.java:onNext(255)) - client-4657B3B7E6E4->d09d32c8-55e6-4056-ad4f-cead40412d41: receive RaftClientReply:client-4657B3B7E6E4->d09d32c8-55e6-4056-ad4f-cead40412d41@group-4B8C494769D2, cid=41, SUCCESS, logIndex=56, commits[d09d32c8-55e6-4056-ad4f-cead40412d41:c57, 02596fb2-7fc8-4fea-9c2d-9cbfb7b01134:c53, fe7de604-18cd-4bb5-a7ca-49d65cff0d07:c53]
2019-09-19 05:36:46,376 [grpc-default-executor-3] INFO  client.GrpcClientProtocolClient (GrpcClientProtocolClient.java:onNext(255)) - client-4657B3B7E6E4->d09d32c8-55e6-4056-ad4f-cead40412d41: receive RaftClientReply:client-4657B3B7E6E4->d09d32c8-55e6-4056-ad4f-cead40412d41@group-4B8C494769D2, cid=42, SUCCESS, logIndex=57, commits[d09d32c8-55e6-4056-ad4f-cead40412d41:c57, 02596fb2-7fc8-4fea-9c2d-9cbfb7b01134:c53, fe7de604-18cd-4bb5-a7ca-49d65cff0d07:c53]
2019-09-19 05:36:46,391 | INFO  | DNAudit | user=null | ip=null | op=WRITE_CHUNK {blockData=conID: 1 locID: 102817555980156932 bcsId: 51} | ret=SUCCESS |  
2019-09-19 05:36:46,392 | INFO  | DNAudit | user=null | ip=null | op=WRITE_CHUNK {blockData=conID: 1 locID: 102817555980156932 bcsId: 51} | ret=SUCCESS |  
2019-09-19 05:36:46,392 | INFO  | DNAudit | user=null | ip=null | op=WRITE_CHUNK {blockData=conID: 1 locID: 102817555980156932 bcsId: 57} | ret=SUCCESS |  
2019-09-19 05:36:46,392 | INFO  | DNAudit | user=null | ip=null | op=PUT_BLOCK {blockData=[blockId=conID: 1 locID: 102817555980156932 bcsId: 0,size=3145728]} | ret=SUCCESS |  
2019-09-19 05:36:46,393 | INFO  | DNAudit | user=null | ip=null | op=PUT_BLOCK {blockData=[blockId=conID: 1 locID: 102817555980156932 bcsId: 0,size=3145728]} | ret=SUCCESS |  
2019-09-19 05:36:46,397 | INFO  | DNAudit | user=null | ip=null | op=WRITE_CHUNK {blockData=conID: 1 locID: 102817555980156932 bcsId: 57} | ret=SUCCESS |  
2019-09-19 05:36:46,399 | INFO  | DNAudit | user=null | ip=null | op=WRITE_CHUNK {blockData=conID: 1 locID: 102817555980156932 bcsId: 57} | ret=SUCCESS |  
2019-09-19 05:36:46,437 | INFO  | DNAudit | user=null | ip=null | op=WRITE_CHUNK {blockData=conID: 1 locID: 102817555980156932 bcsId: 57} | ret=SUCCESS |  
 0.00% |█                                                                                                    |  0/1 Time: 0:00:082019-09-19 05:36:46,439 | INFO  | DNAudit | user=null | ip=null | op=PUT_BLOCK {blockData=[blockId=conID: 1 locID: 102817555980156932 bcsId: 0,size=4194304]} | ret=SUCCESS |  
2019-09-19 05:36:46,440 [grpc-default-executor-4] INFO  client.GrpcClientProtocolClient (GrpcClientProtocolClient.java:onNext(255)) - client-4657B3B7E6E4->d09d32c8-55e6-4056-ad4f-cead40412d41: receive RaftClientReply:client-4657B3B7E6E4->d09d32c8-55e6-4056-ad4f-cead40412d41@group-4B8C494769D2, cid=43, SUCCESS, logIndex=60, commits[d09d32c8-55e6-4056-ad4f-cead40412d41:c61, 02596fb2-7fc8-4fea-9c2d-9cbfb7b01134:c57, fe7de604-18cd-4bb5-a7ca-49d65cff0d07:c57]
2019-09-19 05:36:46,441 [grpc-default-executor-4] INFO  client.GrpcClientProtocolClient (GrpcClientProtocolClient.java:onNext(255)) - client-4657B3B7E6E4->d09d32c8-55e6-4056-ad4f-cead40412d41: receive RaftClientReply:client-4657B3B7E6E4->d09d32c8-55e6-4056-ad4f-cead40412d41@group-4B8C494769D2, cid=44, SUCCESS, logIndex=61, commits[d09d32c8-55e6-4056-ad4f-cead40412d41:c61, 02596fb2-7fc8-4fea-9c2d-9cbfb7b01134:c57, fe7de604-18cd-4bb5-a7ca-49d65cff0d07:c57]
2019-09-19 05:36:46,454 | INFO  | DNAudit | user=null | ip=null | op=WRITE_CHUNK {blockData=conID: 1 locID: 102817555980156932 bcsId: 57} | ret=SUCCESS |  
2019-09-19 05:36:46,454 | INFO  | DNAudit | user=null | ip=null | op=WRITE_CHUNK {blockData=conID: 1 locID: 102817555980156932 bcsId: 57} | ret=SUCCESS |  
2019-09-19 05:36:46,455 | INFO  | DNAudit | user=null | ip=null | op=PUT_BLOCK {blockData=[blockId=conID: 1 locID: 102817555980156932 bcsId: 0,size=4194304]} | ret=SUCCESS |  
2019-09-19 05:36:46,455 | INFO  | DNAudit | user=null | ip=null | op=PUT_BLOCK {blockData=[blockId=conID: 1 locID: 102817555980156932 bcsId: 0,size=4194304]} | ret=SUCCESS |  
2019-09-19 05:36:46,457 [grpc-default-executor-4] INFO  client.GrpcClientProtocolClient (GrpcClientProtocolClient.java:onNext(255)) - client-4657B3B7E6E4->d09d32c8-55e6-4056-ad4f-cead40412d41: receive RaftClientReply:client-4657B3B7E6E4->d09d32c8-55e6-4056-ad4f-cead40412d41@group-4B8C494769D2, cid=45, SUCCESS, logIndex=0, commits[d09d32c8-55e6-4056-ad4f-cead40412d41:c62, 02596fb2-7fc8-4fea-9c2d-9cbfb7b01134:c61, fe7de604-18cd-4bb5-a7ca-49d65cff0d07:c61]
2019-09-19 05:36:46,471 | INFO  | DNAudit | user=null | ip=null | op=WRITE_CHUNK {blockData=conID: 2 locID: 102817555980156933 bcsId: 0} | ret=SUCCESS |  
2019-09-19 05:36:46,477 | INFO  | DNAudit | user=null | ip=null | op=WRITE_CHUNK {blockData=conID: 2 locID: 102817555980156933 bcsId: 0} | ret=SUCCESS |  
2019-09-19 05:36:46,478 | INFO  | DNAudit | user=null | ip=null | op=WRITE_CHUNK {blockData=conID: 2 locID: 102817555980156933 bcsId: 0} | ret=SUCCESS |  
2019-09-19 05:36:46,479 | INFO  | DNAudit | user=null | ip=null | op=WRITE_CHUNK {blockData=conID: 2 locID: 102817555980156933 bcsId: 0} | ret=SUCCESS |  
2019-09-19 05:36:46,484 | INFO  | DNAudit | user=null | ip=null | op=WRITE_CHUNK {blockData=conID: 2 locID: 102817555980156933 bcsId: 0} | ret=SUCCESS |  
2019-09-19 05:36:46,485 | INFO  | DNAudit | user=null | ip=null | op=WRITE_CHUNK {blockData=conID: 2 locID: 102817555980156933 bcsId: 0} | ret=SUCCESS |  
2019-09-19 05:36:46,517 | INFO  | DNAudit | user=null | ip=null | op=WRITE_CHUNK {blockData=conID: 2 locID: 102817555980156933 bcsId: 0} | ret=SUCCESS |  
2019-09-19 05:36:46,519 | INFO  | DNAudit | user=null | ip=null | op=PUT_BLOCK {blockData=[blockId=conID: 2 locID: 102817555980156933 bcsId: 0,size=1048576]} | ret=SUCCESS |  
2019-09-19 05:36:46,519 [grpc-default-executor-3] INFO  client.GrpcClientProtocolClient (GrpcClientProtocolClient.java:onNext(255)) - client-4657B3B7E6E4->d09d32c8-55e6-4056-ad4f-cead40412d41: receive RaftClientReply:client-4657B3B7E6E4->d09d32c8-55e6-4056-ad4f-cead40412d41@group-4B8C494769D2, cid=46, SUCCESS, logIndex=64, commits[d09d32c8-55e6-4056-ad4f-cead40412d41:c65, 02596fb2-7fc8-4fea-9c2d-9cbfb7b01134:c63, fe7de604-18cd-4bb5-a7ca-49d65cff0d07:c63]
2019-09-19 05:36:46,521 [grpc-default-executor-3] INFO  client.GrpcClientProtocolClient (GrpcClientProtocolClient.java:onNext(255)) - client-4657B3B7E6E4->d09d32c8-55e6-4056-ad4f-cead40412d41: receive RaftClientReply:client-4657B3B7E6E4->d09d32c8-55e6-4056-ad4f-cead40412d41@group-4B8C494769D2, cid=47, SUCCESS, logIndex=65, commits[d09d32c8-55e6-4056-ad4f-cead40412d41:c65, 02596fb2-7fc8-4fea-9c2d-9cbfb7b01134:c63, fe7de604-18cd-4bb5-a7ca-49d65cff0d07:c63]
2019-09-19 05:36:46,535 | INFO  | DNAudit | user=null | ip=null | op=WRITE_CHUNK {blockData=conID: 2 locID: 102817555980156933 bcsId: 0} | ret=SUCCESS |  
2019-09-19 05:36:46,536 | INFO  | DNAudit | user=null | ip=null | op=PUT_BLOCK {blockData=[blockId=conID: 2 locID: 102817555980156933 bcsId: 0,size=2097152]} | ret=SUCCESS |  
2019-09-19 05:36:46,537 [grpc-default-executor-3] INFO  client.GrpcClientProtocolClient (GrpcClientProtocolClient.java:onNext(255)) - client-4657B3B7E6E4->d09d32c8-55e6-4056-ad4f-cead40412d41: receive RaftClientReply:client-4657B3B7E6E4->d09d32c8-55e6-4056-ad4f-cead40412d41@group-4B8C494769D2, cid=48, SUCCESS, logIndex=66, commits[d09d32c8-55e6-4056-ad4f-cead40412d41:c67, 02596fb2-7fc8-4fea-9c2d-9cbfb7b01134:c63, fe7de604-18cd-4bb5-a7ca-49d65cff0d07:c63]
2019-09-19 05:36:46,538 [grpc-default-executor-3] INFO  client.GrpcClientProtocolClient (GrpcClientProtocolClient.java:onNext(255)) - client-4657B3B7E6E4->d09d32c8-55e6-4056-ad4f-cead40412d41: receive RaftClientReply:client-4657B3B7E6E4->d09d32c8-55e6-4056-ad4f-cead40412d41@group-4B8C494769D2, cid=49, SUCCESS, logIndex=67, commits[d09d32c8-55e6-4056-ad4f-cead40412d41:c67, 02596fb2-7fc8-4fea-9c2d-9cbfb7b01134:c63, fe7de604-18cd-4bb5-a7ca-49d65cff0d07:c63]
2019-09-19 05:36:46,554 | INFO  | DNAudit | user=null | ip=null | op=WRITE_CHUNK {blockData=conID: 2 locID: 102817555980156933 bcsId: 0} | ret=SUCCESS |  
2019-09-19 05:36:46,554 | INFO  | DNAudit | user=null | ip=null | op=WRITE_CHUNK {blockData=conID: 2 locID: 102817555980156933 bcsId: 0} | ret=SUCCESS |  
2019-09-19 05:36:46,555 | INFO  | DNAudit | user=null | ip=null | op=PUT_BLOCK {blockData=[blockId=conID: 2 locID: 102817555980156933 bcsId: 0,size=1048576]} | ret=SUCCESS |  
2019-09-19 05:36:46,556 | INFO  | DNAudit | user=null | ip=null | op=PUT_BLOCK {blockData=[blockId=conID: 2 locID: 102817555980156933 bcsId: 0,size=1048576]} | ret=SUCCESS |  
2019-09-19 05:36:46,557 [grpc-default-executor-3] INFO  client.GrpcClientProtocolClient (GrpcClientProtocolClient.java:onNext(255)) - client-4657B3B7E6E4->d09d32c8-55e6-4056-ad4f-cead40412d41: receive RaftClientReply:client-4657B3B7E6E4->d09d32c8-55e6-4056-ad4f-cead40412d41@group-4B8C494769D2, cid=50, SUCCESS, logIndex=0, commits[d09d32c8-55e6-4056-ad4f-cead40412d41:c69, 02596fb2-7fc8-4fea-9c2d-9cbfb7b01134:c65, fe7de604-18cd-4bb5-a7ca-49d65cff0d07:c65]
2019-09-19 05:36:46,571 | INFO  | DNAudit | user=null | ip=null | op=WRITE_CHUNK {blockData=conID: 2 locID: 102817555980156933 bcsId: 0} | ret=SUCCESS |  
2019-09-19 05:36:46,572 | INFO  | DNAudit | user=null | ip=null | op=WRITE_CHUNK {blockData=conID: 2 locID: 102817555980156933 bcsId: 0} | ret=SUCCESS |  
2019-09-19 05:36:46,572 | INFO  | DNAudit | user=null | ip=null | op=PUT_BLOCK {blockData=[blockId=conID: 2 locID: 102817555980156933 bcsId: 0,size=2097152]} | ret=SUCCESS |  
2019-09-19 05:36:46,573 | INFO  | DNAudit | user=null | ip=null | op=WRITE_CHUNK {blockData=conID: 2 locID: 102817555980156933 bcsId: 67} | ret=SUCCESS |  
2019-09-19 05:36:46,573 | INFO  | DNAudit | user=null | ip=null | op=PUT_BLOCK {blockData=[blockId=conID: 2 locID: 102817555980156933 bcsId: 0,size=2097152]} | ret=SUCCESS |  
2019-09-19 05:36:46,580 | INFO  | DNAudit | user=null | ip=null | op=WRITE_CHUNK {blockData=conID: 2 locID: 102817555980156933 bcsId: 67} | ret=SUCCESS |  
2019-09-19 05:36:46,580 | INFO  | DNAudit | user=null | ip=null | op=WRITE_CHUNK {blockData=conID: 2 locID: 102817555980156933 bcsId: 67} | ret=SUCCESS |  
2019-09-19 05:36:46,611 | INFO  | DNAudit | user=null | ip=null | op=WRITE_CHUNK {blockData=conID: 2 locID: 102817555980156933 bcsId: 67} | ret=SUCCESS |  
2019-09-19 05:36:46,613 | INFO  | DNAudit | user=null | ip=null | op=PUT_BLOCK {blockData=[blockId=conID: 2 locID: 102817555980156933 bcsId: 0,size=3145728]} | ret=SUCCESS |  
2019-09-19 05:36:46,613 [grpc-default-executor-4] INFO  client.GrpcClientProtocolClient (GrpcClientProtocolClient.java:onNext(255)) - client-4657B3B7E6E4->d09d32c8-55e6-4056-ad4f-cead40412d41: receive RaftClientReply:client-4657B3B7E6E4->d09d32c8-55e6-4056-ad4f-cead40412d41@group-4B8C494769D2, cid=51, SUCCESS, logIndex=72, commits[d09d32c8-55e6-4056-ad4f-cead40412d41:c73, 02596fb2-7fc8-4fea-9c2d-9cbfb7b01134:c69, fe7de604-18cd-4bb5-a7ca-49d65cff0d07:c69]
2019-09-19 05:36:46,615 [grpc-default-executor-4] INFO  client.GrpcClientProtocolClient (GrpcClientProtocolClient.java:onNext(255)) - client-4657B3B7E6E4->d09d32c8-55e6-4056-ad4f-cead40412d41: receive RaftClientReply:client-4657B3B7E6E4->d09d32c8-55e6-4056-ad4f-cead40412d41@group-4B8C494769D2, cid=52, SUCCESS, logIndex=73, commits[d09d32c8-55e6-4056-ad4f-cead40412d41:c73, 02596fb2-7fc8-4fea-9c2d-9cbfb7b01134:c69, fe7de604-18cd-4bb5-a7ca-49d65cff0d07:c69]
2019-09-19 05:36:46,630 | INFO  | DNAudit | user=null | ip=null | op=WRITE_CHUNK {blockData=conID: 2 locID: 102817555980156933 bcsId: 73} | ret=SUCCESS |  
2019-09-19 05:36:46,634 | INFO  | DNAudit | user=null | ip=null | op=WRITE_CHUNK {blockData=conID: 2 locID: 102817555980156933 bcsId: 67} | ret=SUCCESS |  
2019-09-19 05:36:46,634 | INFO  | DNAudit | user=null | ip=null | op=WRITE_CHUNK {blockData=conID: 2 locID: 102817555980156933 bcsId: 67} | ret=SUCCESS |  
2019-09-19 05:36:46,637 | INFO  | DNAudit | user=null | ip=null | op=PUT_BLOCK {blockData=[blockId=conID: 2 locID: 102817555980156933 bcsId: 0,size=3145728]} | ret=SUCCESS |  
2019-09-19 05:36:46,637 | INFO  | DNAudit | user=null | ip=null | op=PUT_BLOCK {blockData=[blockId=conID: 2 locID: 102817555980156933 bcsId: 0,size=3145728]} | ret=SUCCESS |  
2019-09-19 05:36:46,639 | INFO  | DNAudit | user=null | ip=null | op=WRITE_CHUNK {blockData=conID: 2 locID: 102817555980156933 bcsId: 73} | ret=SUCCESS |  
2019-09-19 05:36:46,640 | INFO  | DNAudit | user=null | ip=null | op=WRITE_CHUNK {blockData=conID: 2 locID: 102817555980156933 bcsId: 73} | ret=SUCCESS |  
2019-09-19 05:36:46,654 | INFO  | DNAudit | user=null | ip=null | op=WRITE_CHUNK {blockData=conID: 2 locID: 102817555980156933 bcsId: 73} | ret=SUCCESS |  
2019-09-19 05:36:46,655 | INFO  | DNAudit | user=null | ip=null | op=PUT_BLOCK {blockData=[blockId=conID: 2 locID: 102817555980156933 bcsId: 0,size=4194304]} | ret=SUCCESS |  
2019-09-19 05:36:46,656 [grpc-default-executor-4] INFO  client.GrpcClientProtocolClient (GrpcClientProtocolClient.java:onNext(255)) - client-4657B3B7E6E4->d09d32c8-55e6-4056-ad4f-cead40412d41: receive RaftClientReply:client-4657B3B7E6E4->d09d32c8-55e6-4056-ad4f-cead40412d41@group-4B8C494769D2, cid=53, SUCCESS, logIndex=76, commits[d09d32c8-55e6-4056-ad4f-cead40412d41:c77, 02596fb2-7fc8-4fea-9c2d-9cbfb7b01134:c73, fe7de604-18cd-4bb5-a7ca-49d65cff0d07:c73]
2019-09-19 05:36:46,657 [grpc-default-executor-4] INFO  client.GrpcClientProtocolClient (GrpcClientProtocolClient.java:onNext(255)) - client-4657B3B7E6E4->d09d32c8-55e6-4056-ad4f-cead40412d41: receive RaftClientReply:client-4657B3B7E6E4->d09d32c8-55e6-4056-ad4f-cead40412d41@group-4B8C494769D2, cid=54, SUCCESS, logIndex=77, commits[d09d32c8-55e6-4056-ad4f-cead40412d41:c77, 02596fb2-7fc8-4fea-9c2d-9cbfb7b01134:c73, fe7de604-18cd-4bb5-a7ca-49d65cff0d07:c73]
2019-09-19 05:36:46,677 | INFO  | DNAudit | user=null | ip=null | op=WRITE_CHUNK {blockData=conID: 2 locID: 102817555980156933 bcsId: 73} | ret=SUCCESS |  
2019-09-19 05:36:46,677 | INFO  | DNAudit | user=null | ip=null | op=WRITE_CHUNK {blockData=conID: 2 locID: 102817555980156933 bcsId: 73} | ret=SUCCESS |  
2019-09-19 05:36:46,678 | INFO  | DNAudit | user=null | ip=null | op=PUT_BLOCK {blockData=[blockId=conID: 2 locID: 102817555980156933 bcsId: 0,size=4194304]} | ret=SUCCESS |  
2019-09-19 05:36:46,679 | INFO  | DNAudit | user=null | ip=null | op=PUT_BLOCK {blockData=[blockId=conID: 2 locID: 102817555980156933 bcsId: 0,size=4194304]} | ret=SUCCESS |  
2019-09-19 05:36:46,680 [grpc-default-executor-4] INFO  client.GrpcClientProtocolClient (GrpcClientProtocolClient.java:onNext(255)) - client-4657B3B7E6E4->d09d32c8-55e6-4056-ad4f-cead40412d41: receive RaftClientReply:client-4657B3B7E6E4->d09d32c8-55e6-4056-ad4f-cead40412d41@group-4B8C494769D2, cid=55, SUCCESS, logIndex=0, commits[d09d32c8-55e6-4056-ad4f-cead40412d41:c79, 02596fb2-7fc8-4fea-9c2d-9cbfb7b01134:c77, fe7de604-18cd-4bb5-a7ca-49d65cff0d07:c77]
2019-09-19 05:36:46,696 | INFO  | OMAudit | user=jenkins1000 | ip=127.0.0.1 | op=COMMIT_KEY {volume=vol-0-24720, bucket=bucket-0-25206, key=key-0-47954, dataSize=20971520, replicationType=null, replicationFactor=null, keyLocationInfo=[{blockID={containerID=1, localID=102817555979698177}, length=4194304, offset=0, token=null, pipeline=Pipeline[ Id: 8bfb6bed-10ff-46fe-b955-4b8c494769d2, Nodes: fe7de604-18cd-4bb5-a7ca-49d65cff0d07{ip: 192.168.34.50, host: pr-hdds-2034-srnhl-2452957315, networkLocation: /default-rack, certSerialId: null}d09d32c8-55e6-4056-ad4f-cead40412d41{ip: 192.168.34.50, host: pr-hdds-2034-srnhl-2452957315, networkLocation: /default-rack, certSerialId: null}02596fb2-7fc8-4fea-9c2d-9cbfb7b01134{ip: 192.168.34.50, host: pr-hdds-2034-srnhl-2452957315, networkLocation: /default-rack, certSerialId: null}, Type:RATIS, Factor:THREE, State:OPEN], createVersion=0}, {blockID={containerID=2, localID=102817555979960322}, length=4194304, offset=0, token=null, pipeline=Pipeline[ Id: 8bfb6bed-10ff-46fe-b955-4b8c494769d2, Nodes: fe7de604-18cd-4bb5-a7ca-49d65cff0d07{ip: 192.168.34.50, host: pr-hdds-2034-srnhl-2452957315, networkLocation: /default-rack, certSerialId: null}d09d32c8-55e6-4056-ad4f-cead40412d41{ip: 192.168.34.50, host: pr-hdds-2034-srnhl-2452957315, networkLocation: /default-rack, certSerialId: null}02596fb2-7fc8-4fea-9c2d-9cbfb7b01134{ip: 192.168.34.50, host: pr-hdds-2034-srnhl-2452957315, networkLocation: /default-rack, certSerialId: null}, Type:RATIS, Factor:THREE, State:OPEN], createVersion=0}, {blockID={containerID=3, localID=102817555979960323}, length=4194304, offset=0, token=null, pipeline=Pipeline[ Id: 8bfb6bed-10ff-46fe-b955-4b8c494769d2, Nodes: fe7de604-18cd-4bb5-a7ca-49d65cff0d07{ip: 192.168.34.50, host: pr-hdds-2034-srnhl-2452957315, networkLocation: /default-rack, certSerialId: null}d09d32c8-55e6-4056-ad4f-cead40412d41{ip: 192.168.34.50, host: pr-hdds-2034-srnhl-2452957315, networkLocation: /default-rack, certSerialId: null}02596fb2-7fc8-4fea-9c2d-9cbfb7b01134{ip: 192.168.34.50, host: pr-hdds-2034-srnhl-2452957315, networkLocation: /default-rack, certSerialId: null}, Type:RATIS, Factor:THREE, State:OPEN], createVersion=0}, {blockID={containerID=1, localID=102817555980156932}, length=4194304, offset=0, token=null, pipeline=Pipeline[ Id: 8bfb6bed-10ff-46fe-b955-4b8c494769d2, Nodes: fe7de604-18cd-4bb5-a7ca-49d65cff0d07{ip: 192.168.34.50, host: pr-hdds-2034-srnhl-2452957315, networkLocation: /default-rack, certSerialId: null}d09d32c8-55e6-4056-ad4f-cead40412d41{ip: 192.168.34.50, host: pr-hdds-2034-srnhl-2452957315, networkLocation: /default-rack, certSerialId: null}02596fb2-7fc8-4fea-9c2d-9cbfb7b01134{ip: 192.168.34.50, host: pr-hdds-2034-srnhl-2452957315, networkLocation: /default-rack, certSerialId: null}, Type:RATIS, Factor:THREE, State:OPEN], createVersion=0}, {blockID={containerID=2, localID=102817555980156933}, length=4194304, offset=0, token=null, pipeline=Pipeline[ Id: 8bfb6bed-10ff-46fe-b955-4b8c494769d2, Nodes: fe7de604-18cd-4bb5-a7ca-49d65cff0d07{ip: 192.168.34.50, host: pr-hdds-2034-srnhl-2452957315, networkLocation: /default-rack, certSerialId: null}d09d32c8-55e6-4056-ad4f-cead40412d41{ip: 192.168.34.50, host: pr-hdds-2034-srnhl-2452957315, networkLocation: /default-rack, certSerialId: null}02596fb2-7fc8-4fea-9c2d-9cbfb7b01134{ip: 192.168.34.50, host: pr-hdds-2034-srnhl-2452957315, networkLocation: /default-rack, certSerialId: null}, Type:RATIS, Factor:THREE, State:OPEN], createVersion=0}], clientID=102817555977142272} | ret=SUCCESS |  
2019-09-19 05:36:46,709 | INFO  | SCMAudit | user=jenkins1000 | ip=192.168.34.50 | op=GET_CONTAINER_WITH_PIPELINE {containerID=#1} | ret=SUCCESS |  
2019-09-19 05:36:46,724 | INFO  | SCMAudit | user=jenkins1000 | ip=192.168.34.50 | op=GET_CONTAINER_WITH_PIPELINE {containerID=#2} | ret=SUCCESS |  
2019-09-19 05:36:46,726 | INFO  | SCMAudit | user=jenkins1000 | ip=192.168.34.50 | op=GET_CONTAINER_WITH_PIPELINE {containerID=#3} | ret=SUCCESS |  
2019-09-19 05:36:46,728 | INFO  | SCMAudit | user=jenkins1000 | ip=192.168.34.50 | op=GET_CONTAINER_WITH_PIPELINE {containerID=#1} | ret=SUCCESS |  
2019-09-19 05:36:46,730 | INFO  | SCMAudit | user=jenkins1000 | ip=192.168.34.50 | op=GET_CONTAINER_WITH_PIPELINE {containerID=#2} | ret=SUCCESS |  
2019-09-19 05:36:46,731 | INFO  | OMAudit | user=jenkins1000 | ip=127.0.0.1 | op=READ_KEY {volume=vol-0-24720, bucket=bucket-0-25206, key=key-0-47954, dataSize=0, replicationType=null, replicationFactor=null, keyLocationInfo=null} | ret=SUCCESS |  
2019-09-19 05:36:46,800 | INFO  | DNAudit | user=null | ip=null | op=GET_BLOCK {blockData=conID: 1 locID: 102817555979698177 bcsId: 12} | ret=SUCCESS |  
2019-09-19 05:36:46,826 | INFO  | DNAudit | user=null | ip=null | op=READ_CHUNK {blockData=conID: 1 locID: 102817555979698177 bcsId: 12} | ret=SUCCESS |  
2019-09-19 05:36:46,848 | INFO  | DNAudit | user=null | ip=null | op=READ_CHUNK {blockData=conID: 1 locID: 102817555979698177 bcsId: 12} | ret=SUCCESS |  
2019-09-19 05:36:46,865 | INFO  | DNAudit | user=null | ip=null | op=READ_CHUNK {blockData=conID: 1 locID: 102817555979698177 bcsId: 12} | ret=SUCCESS |  
2019-09-19 05:36:46,881 | INFO  | DNAudit | user=null | ip=null | op=READ_CHUNK {blockData=conID: 1 locID: 102817555979698177 bcsId: 12} | ret=SUCCESS |  
2019-09-19 05:36:46,893 | INFO  | DNAudit | user=null | ip=null | op=GET_BLOCK {blockData=conID: 2 locID: 102817555979960322 bcsId: 28} | ret=SUCCESS |  
2019-09-19 05:36:46,898 | INFO  | DNAudit | user=null | ip=null | op=READ_CHUNK {blockData=conID: 2 locID: 102817555979960322 bcsId: 28} | ret=SUCCESS |  
2019-09-19 05:36:46,921 | INFO  | DNAudit | user=null | ip=null | op=READ_CHUNK {blockData=conID: 2 locID: 102817555979960322 bcsId: 28} | ret=SUCCESS |  
2019-09-19 05:36:46,938 | INFO  | DNAudit | user=null | ip=null | op=READ_CHUNK {blockData=conID: 2 locID: 102817555979960322 bcsId: 28} | ret=SUCCESS |  
2019-09-19 05:36:46,956 | INFO  | DNAudit | user=null | ip=null | op=READ_CHUNK {blockData=conID: 2 locID: 102817555979960322 bcsId: 28} | ret=SUCCESS |  
2019-09-19 05:36:46,972 | INFO  | DNAudit | user=null | ip=null | op=GET_BLOCK {blockData=conID: 3 locID: 102817555979960323 bcsId: 43} | ret=SUCCESS |  
2019-09-19 05:36:46,977 | INFO  | DNAudit | user=null | ip=null | op=READ_CHUNK {blockData=conID: 3 locID: 102817555979960323 bcsId: 43} | ret=SUCCESS |  
2019-09-19 05:36:47,013 | INFO  | DNAudit | user=null | ip=null | op=READ_CHUNK {blockData=conID: 3 locID: 102817555979960323 bcsId: 43} | ret=SUCCESS |  
2019-09-19 05:36:47,029 | INFO  | DNAudit | user=null | ip=null | op=READ_CHUNK {blockData=conID: 3 locID: 102817555979960323 bcsId: 43} | ret=SUCCESS |  
2019-09-19 05:36:47,046 | INFO  | DNAudit | user=null | ip=null | op=READ_CHUNK {blockData=conID: 3 locID: 102817555979960323 bcsId: 43} | ret=SUCCESS |  
2019-09-19 05:36:47,066 | INFO  | DNAudit | user=null | ip=null | op=GET_BLOCK {blockData=conID: 1 locID: 102817555980156932 bcsId: 61} | ret=SUCCESS |  
2019-09-19 05:36:47,074 | INFO  | DNAudit | user=null | ip=null | op=READ_CHUNK {blockData=conID: 1 locID: 102817555980156932 bcsId: 61} | ret=SUCCESS |  
2019-09-19 05:36:47,091 | INFO  | DNAudit | user=null | ip=null | op=READ_CHUNK {blockData=conID: 1 locID: 102817555980156932 bcsId: 61} | ret=SUCCESS |  
2019-09-19 05:36:47,107 | INFO  | DNAudit | user=null | ip=null | op=READ_CHUNK {blockData=conID: 1 locID: 102817555980156932 bcsId: 61} | ret=SUCCESS |  
2019-09-19 05:36:47,132 | INFO  | DNAudit | user=null | ip=null | op=READ_CHUNK {blockData=conID: 1 locID: 102817555980156932 bcsId: 61} | ret=SUCCESS |  
2019-09-19 05:36:47,149 | INFO  | DNAudit | user=null | ip=null | op=GET_BLOCK {blockData=conID: 2 locID: 102817555980156933 bcsId: 77} | ret=SUCCESS |  
2019-09-19 05:36:47,155 | INFO  | DNAudit | user=null | ip=null | op=READ_CHUNK {blockData=conID: 2 locID: 102817555980156933 bcsId: 77} | ret=SUCCESS |  
2019-09-19 05:36:47,168 | INFO  | DNAudit | user=null | ip=null | op=READ_CHUNK {blockData=conID: 2 locID: 102817555980156933 bcsId: 77} | ret=SUCCESS |  
2019-09-19 05:36:47,183 | INFO  | DNAudit | user=null | ip=null | op=READ_CHUNK {blockData=conID: 2 locID: 102817555980156933 bcsId: 77} | ret=SUCCESS |  
2019-09-19 05:36:47,203 | INFO  | DNAudit | user=null | ip=null | op=READ_CHUNK {blockData=conID: 2 locID: 102817555980156933 bcsId: 77} | ret=SUCCESS |  
2019-09-19 05:36:47,312 | INFO  | SCMAudit | user=jenkins1000 | ip=192.168.34.50 | op=SEND_HEARTBEAT {datanodeUUID=d09d32c8-55e6-4056-ad4f-cead40412d41, command=[]} | ret=SUCCESS |  
2019-09-19 05:36:47,352 | INFO  | SCMAudit | user=jenkins1000 | ip=192.168.34.50 | op=SEND_HEARTBEAT {datanodeUUID=02596fb2-7fc8-4fea-9c2d-9cbfb7b01134, command=[]} | ret=SUCCESS |  
2019-09-19 05:36:47,352 | INFO  | SCMAudit | user=jenkins1000 | ip=192.168.34.50 | op=SEND_HEARTBEAT {datanodeUUID=fe7de604-18cd-4bb5-a7ca-49d65cff0d07, command=[]} | ret=SUCCESS |  
 100.00% |█████████████████████████████████████████████████████████████████████████████████████████████████████|  1/1 Time: 0:00:09
2019-09-19 05:36:48,313 | INFO  | SCMAudit | user=jenkins1000 | ip=192.168.34.50 | op=SEND_HEARTBEAT {datanodeUUID=d09d32c8-55e6-4056-ad4f-cead40412d41, command=[]} | ret=SUCCESS |  
2019-09-19 05:36:48,352 | INFO  | SCMAudit | user=jenkins1000 | ip=192.168.34.50 | op=SEND_HEARTBEAT {datanodeUUID=fe7de604-18cd-4bb5-a7ca-49d65cff0d07, command=[]} | ret=SUCCESS |  
2019-09-19 05:36:48,352 | INFO  | SCMAudit | user=jenkins1000 | ip=192.168.34.50 | op=SEND_HEARTBEAT {datanodeUUID=02596fb2-7fc8-4fea-9c2d-9cbfb7b01134, command=[]} | ret=SUCCESS |  
2019-09-19 05:36:49,312 | INFO  | SCMAudit | user=jenkins1000 | ip=192.168.34.50 | op=SEND_HEARTBEAT {datanodeUUID=d09d32c8-55e6-4056-ad4f-cead40412d41, command=[]} | ret=SUCCESS |  
2019-09-19 05:36:49,352 | INFO  | SCMAudit | user=jenkins1000 | ip=192.168.34.50 | op=SEND_HEARTBEAT {datanodeUUID=fe7de604-18cd-4bb5-a7ca-49d65cff0d07, command=[]} | ret=SUCCESS |  
2019-09-19 05:36:49,352 | INFO  | SCMAudit | user=jenkins1000 | ip=192.168.34.50 | op=SEND_HEARTBEAT {datanodeUUID=02596fb2-7fc8-4fea-9c2d-9cbfb7b01134, command=[]} | ret=SUCCESS |  
2019-09-19 05:36:50,313 | INFO  | SCMAudit | user=jenkins1000 | ip=192.168.34.50 | op=SEND_HEARTBEAT {datanodeUUID=d09d32c8-55e6-4056-ad4f-cead40412d41, command=[]} | ret=SUCCESS |  
2019-09-19 05:36:50,352 | INFO  | SCMAudit | user=jenkins1000 | ip=192.168.34.50 | op=SEND_HEARTBEAT {datanodeUUID=fe7de604-18cd-4bb5-a7ca-49d65cff0d07, command=[]} | ret=SUCCESS |  
2019-09-19 05:36:50,352 | INFO  | SCMAudit | user=jenkins1000 | ip=192.168.34.50 | op=SEND_HEARTBEAT {datanodeUUID=02596fb2-7fc8-4fea-9c2d-9cbfb7b01134, command=[]} | ret=SUCCESS |  
2019-09-19 05:36:51,312 | INFO  | SCMAudit | user=jenkins1000 | ip=192.168.34.50 | op=SEND_HEARTBEAT {datanodeUUID=d09d32c8-55e6-4056-ad4f-cead40412d41, command=[]} | ret=SUCCESS |  
2019-09-19 05:36:51,352 | INFO  | SCMAudit | user=jenkins1000 | ip=192.168.34.50 | op=SEND_HEARTBEAT {datanodeUUID=02596fb2-7fc8-4fea-9c2d-9cbfb7b01134, command=[]} | ret=SUCCESS |  
2019-09-19 05:36:51,352 | INFO  | SCMAudit | user=jenkins1000 | ip=192.168.34.50 | op=SEND_HEARTBEAT {datanodeUUID=fe7de604-18cd-4bb5-a7ca-49d65cff0d07, command=[]} | ret=SUCCESS |  
2019-09-19 05:36:52,239 [main] INFO  pipeline.SCMPipelineManager (SCMPipelineManager.java:finalizeAndDestroyPipeline(336)) - destroying pipeline:Pipeline[ Id: 8bfb6bed-10ff-46fe-b955-4b8c494769d2, Nodes: fe7de604-18cd-4bb5-a7ca-49d65cff0d07{ip: 192.168.34.50, host: pr-hdds-2034-srnhl-2452957315, networkLocation: /default-rack, certSerialId: null}d09d32c8-55e6-4056-ad4f-cead40412d41{ip: 192.168.34.50, host: pr-hdds-2034-srnhl-2452957315, networkLocation: /default-rack, certSerialId: null}02596fb2-7fc8-4fea-9c2d-9cbfb7b01134{ip: 192.168.34.50, host: pr-hdds-2034-srnhl-2452957315, networkLocation: /default-rack, certSerialId: null}, Type:RATIS, Factor:THREE, State:OPEN]
2019-09-19 05:36:52,240 [main] INFO  pipeline.PipelineStateManager (PipelineStateManager.java:finalizePipeline(123)) - Pipeline Pipeline[ Id: 8bfb6bed-10ff-46fe-b955-4b8c494769d2, Nodes: fe7de604-18cd-4bb5-a7ca-49d65cff0d07{ip: 192.168.34.50, host: pr-hdds-2034-srnhl-2452957315, networkLocation: /default-rack, certSerialId: null}d09d32c8-55e6-4056-ad4f-cead40412d41{ip: 192.168.34.50, host: pr-hdds-2034-srnhl-2452957315, networkLocation: /default-rack, certSerialId: null}02596fb2-7fc8-4fea-9c2d-9cbfb7b01134{ip: 192.168.34.50, host: pr-hdds-2034-srnhl-2452957315, networkLocation: /default-rack, certSerialId: null}, Type:RATIS, Factor:THREE, State:CLOSED] moved to CLOSED state
2019-09-19 05:36:52,240 [EventQueue-CloseContainerForCloseContainerEventHandler] INFO  container.CloseContainerEventHandler (CloseContainerEventHandler.java:onMessage(61)) - Close container Event triggered for container : #1
2019-09-19 05:36:52,243 [main] INFO  pipeline.RatisPipelineProvider (RatisPipelineProvider.java:lambda$close$5(211)) - Send pipeline:PipelineID=8bfb6bed-10ff-46fe-b955-4b8c494769d2 close command to datanode fe7de604-18cd-4bb5-a7ca-49d65cff0d07
2019-09-19 05:36:52,245 [main] INFO  pipeline.RatisPipelineProvider (RatisPipelineProvider.java:lambda$close$5(211)) - Send pipeline:PipelineID=8bfb6bed-10ff-46fe-b955-4b8c494769d2 close command to datanode d09d32c8-55e6-4056-ad4f-cead40412d41
2019-09-19 05:36:52,245 [main] INFO  pipeline.RatisPipelineProvider (RatisPipelineProvider.java:lambda$close$5(211)) - Send pipeline:PipelineID=8bfb6bed-10ff-46fe-b955-4b8c494769d2 close command to datanode 02596fb2-7fc8-4fea-9c2d-9cbfb7b01134
2019-09-19 05:36:52,245 [EventQueue-CloseContainerForCloseContainerEventHandler] INFO  container.CloseContainerEventHandler (CloseContainerEventHandler.java:onMessage(61)) - Close container Event triggered for container : #2
2019-09-19 05:36:52,246 [main] INFO  pipeline.PipelineStateManager (PipelineStateManager.java:removePipeline(108)) - Pipeline Pipeline[ Id: 8bfb6bed-10ff-46fe-b955-4b8c494769d2, Nodes: fe7de604-18cd-4bb5-a7ca-49d65cff0d07{ip: 192.168.34.50, host: pr-hdds-2034-srnhl-2452957315, networkLocation: /default-rack, certSerialId: null}d09d32c8-55e6-4056-ad4f-cead40412d41{ip: 192.168.34.50, host: pr-hdds-2034-srnhl-2452957315, networkLocation: /default-rack, certSerialId: null}02596fb2-7fc8-4fea-9c2d-9cbfb7b01134{ip: 192.168.34.50, host: pr-hdds-2034-srnhl-2452957315, networkLocation: /default-rack, certSerialId: null}, Type:RATIS, Factor:THREE, State:CLOSED] removed from db
2019-09-19 05:36:52,248 [EventQueue-CloseContainerForCloseContainerEventHandler] ERROR container.CloseContainerEventHandler (CloseContainerEventHandler.java:onMessage(89)) - Failed to close the container #2.
org.apache.hadoop.hdds.scm.pipeline.PipelineNotFoundException: PipelineID=8bfb6bed-10ff-46fe-b955-4b8c494769d2 not found
	at org.apache.hadoop.hdds.scm.pipeline.PipelineStateMap.removeContainerFromPipeline(PipelineStateMap.java:351)
	at org.apache.hadoop.hdds.scm.pipeline.PipelineStateManager.removeContainerFromPipeline(PipelineStateManager.java:114)
	at org.apache.hadoop.hdds.scm.pipeline.SCMPipelineManager.removeContainerFromPipeline(SCMPipelineManager.java:288)
	at org.apache.hadoop.hdds.scm.container.SCMContainerManager.updateContainerState(SCMContainerManager.java:317)
	at org.apache.hadoop.hdds.scm.container.CloseContainerEventHandler.onMessage(CloseContainerEventHandler.java:66)
	at org.apache.hadoop.hdds.scm.container.CloseContainerEventHandler.onMessage(CloseContainerEventHandler.java:45)
	at org.apache.hadoop.hdds.server.events.SingleThreadExecutor.lambda$onMessage$1(SingleThreadExecutor.java:85)
	at java.util.concurrent.ThreadPoolExecutor.runWorker(ThreadPoolExecutor.java:1149)
	at java.util.concurrent.ThreadPoolExecutor$Worker.run(ThreadPoolExecutor.java:624)
	at java.lang.Thread.run(Thread.java:748)
2019-09-19 05:36:52,250 [EventQueue-CloseContainerForCloseContainerEventHandler] INFO  container.CloseContainerEventHandler (CloseContainerEventHandler.java:onMessage(61)) - Close container Event triggered for container : #3
2019-09-19 05:36:52,248 [RatisPipelineUtilsThread] INFO  pipeline.RatisPipelineProvider (RatisPipelineProvider.java:lambda$create$4(164)) - Send pipeline:PipelineID=2df0d938-77a2-473c-ada7-a9326f89f48b create command to datanode fe7de604-18cd-4bb5-a7ca-49d65cff0d07
2019-09-19 05:36:52,252 [RatisPipelineUtilsThread] INFO  pipeline.RatisPipelineProvider (RatisPipelineProvider.java:lambda$create$4(164)) - Send pipeline:PipelineID=2df0d938-77a2-473c-ada7-a9326f89f48b create command to datanode d09d32c8-55e6-4056-ad4f-cead40412d41
2019-09-19 05:36:52,252 [RatisPipelineUtilsThread] INFO  pipeline.RatisPipelineProvider (RatisPipelineProvider.java:lambda$create$4(164)) - Send pipeline:PipelineID=2df0d938-77a2-473c-ada7-a9326f89f48b create command to datanode 02596fb2-7fc8-4fea-9c2d-9cbfb7b01134
2019-09-19 05:36:52,253 [EventQueue-CloseContainerForCloseContainerEventHandler] ERROR container.CloseContainerEventHandler (CloseContainerEventHandler.java:onMessage(89)) - Failed to close the container #3.
org.apache.hadoop.hdds.scm.pipeline.PipelineNotFoundException: PipelineID=8bfb6bed-10ff-46fe-b955-4b8c494769d2 not found
	at org.apache.hadoop.hdds.scm.pipeline.PipelineStateMap.removeContainerFromPipeline(PipelineStateMap.java:351)
	at org.apache.hadoop.hdds.scm.pipeline.PipelineStateManager.removeContainerFromPipeline(PipelineStateManager.java:114)
	at org.apache.hadoop.hdds.scm.pipeline.SCMPipelineManager.removeContainerFromPipeline(SCMPipelineManager.java:288)
	at org.apache.hadoop.hdds.scm.container.SCMContainerManager.updateContainerState(SCMContainerManager.java:317)
	at org.apache.hadoop.hdds.scm.container.CloseContainerEventHandler.onMessage(CloseContainerEventHandler.java:66)
	at org.apache.hadoop.hdds.scm.container.CloseContainerEventHandler.onMessage(CloseContainerEventHandler.java:45)
	at org.apache.hadoop.hdds.server.events.SingleThreadExecutor.lambda$onMessage$1(SingleThreadExecutor.java:85)
	at java.util.concurrent.ThreadPoolExecutor.runWorker(ThreadPoolExecutor.java:1149)
	at java.util.concurrent.ThreadPoolExecutor$Worker.run(ThreadPoolExecutor.java:624)
	at java.lang.Thread.run(Thread.java:748)
2019-09-19 05:36:52,318 | INFO  | SCMAudit | user=jenkins1000 | ip=192.168.34.50 | op=SEND_HEARTBEAT {datanodeUUID=d09d32c8-55e6-4056-ad4f-cead40412d41, command=[commandType: closePipelineCommand closePipelineCommandProto { pipelineID { id: "8bfb6bed-10ff-46fe-b955-4b8c494769d2" } cmdId: 1568871391141 } , commandType: closeContainerCommand closeContainerCommandProto { containerID: 1 pipelineID { id: "8bfb6bed-10ff-46fe-b955-4b8c494769d2" } cmdId: 1 force: false } , commandType: createPipelineCommand createPipelineCommandProto { pipelineID { id: "2df0d938-77a2-473c-ada7-a9326f89f48b" } type: RATIS factor: THREE datanode { uuid: "fe7de604-18cd-4bb5-a7ca-49d65cff0d07" ipAddress: "192.168.34.50" hostName: "pr-hdds-2034-srnhl-2452957315" ports { name: "REST" value: 40649 } ports { name: "RATIS" value: 43050 } ports { name: "STANDALONE" value: 39667 } networkName: "fe7de604-18cd-4bb5-a7ca-49d65cff0d07" networkLocation: "/default-rack" } datanode { uuid: "d09d32c8-55e6-4056-ad4f-cead40412d41" ipAddress: "192.168.34.50" hostName: "pr-hdds-2034-srnhl-2452957315" ports { name: "REST" value: 39779 } ports { name: "RATIS" value: 46167 } ports { name: "STANDALONE" value: 36515 } networkName: "d09d32c8-55e6-4056-ad4f-cead40412d41" networkLocation: "/default-rack" } datanode { uuid: "02596fb2-7fc8-4fea-9c2d-9cbfb7b01134" ipAddress: "192.168.34.50" hostName: "pr-hdds-2034-srnhl-2452957315" ports { name: "REST" value: 39176 } ports { name: "RATIS" value: 45875 } ports { name: "STANDALONE" value: 43851 } networkName: "02596fb2-7fc8-4fea-9c2d-9cbfb7b01134" networkLocation: "/default-rack" } cmdId: 1568871391142 } ]} | ret=SUCCESS |  
2019-09-19 05:36:52,354 [main] INFO  freon.RandomKeyGenerator (RandomKeyGenerator.java:call(275)) - Number of Threads: 10
2019-09-19 05:36:52,355 [main] INFO  freon.RandomKeyGenerator (RandomKeyGenerator.java:call(280)) - Number of Volumes: 1.
2019-09-19 05:36:52,355 [main] INFO  freon.RandomKeyGenerator (RandomKeyGenerator.java:call(281)) - Number of Buckets per Volume: 1.
2019-09-19 05:36:52,355 [main] INFO  freon.RandomKeyGenerator (RandomKeyGenerator.java:call(282)) - Number of Keys per Bucket: 1.
2019-09-19 05:36:52,355 [main] INFO  freon.RandomKeyGenerator (RandomKeyGenerator.java:call(283)) - Key size: 20971520 bytes
2019-09-19 05:36:52,355 [main] INFO  freon.RandomKeyGenerator (RandomKeyGenerator.java:call(284)) - Buffer size: 4096 bytes
2019-09-19 05:36:52,356 [pool-62-thread-1] INFO  rpc.RpcClient (RpcClient.java:createVolume(293)) - Creating Volume: vol-0-30419, with jenkins1000 as owner.
2019-09-19 05:36:52,357 [main] INFO  freon.RandomKeyGenerator (RandomKeyGenerator.java:call(298)) - Data validation is enabled.
2019-09-19 05:36:52,357 [main] INFO  freon.RandomKeyGenerator (RandomKeyGenerator.java:call(304)) - Starting progress bar Thread.

 0.00% |█                                                                                                    |  0/1 Time: 0:00:002019-09-19 05:36:52,361 | INFO  | SCMAudit | user=jenkins1000 | ip=192.168.34.50 | op=SEND_HEARTBEAT {datanodeUUID=02596fb2-7fc8-4fea-9c2d-9cbfb7b01134, command=[commandType: closeContainerCommand closeContainerCommandProto { containerID: 1 pipelineID { id: "8bfb6bed-10ff-46fe-b955-4b8c494769d2" } cmdId: 1 force: false } , commandType: closePipelineCommand closePipelineCommandProto { pipelineID { id: "8bfb6bed-10ff-46fe-b955-4b8c494769d2" } cmdId: 1568871391141 } , commandType: createPipelineCommand createPipelineCommandProto { pipelineID { id: "2df0d938-77a2-473c-ada7-a9326f89f48b" } type: RATIS factor: THREE datanode { uuid: "fe7de604-18cd-4bb5-a7ca-49d65cff0d07" ipAddress: "192.168.34.50" hostName: "pr-hdds-2034-srnhl-2452957315" ports { name: "REST" value: 40649 } ports { name: "RATIS" value: 43050 } ports { name: "STANDALONE" value: 39667 } networkName: "fe7de604-18cd-4bb5-a7ca-49d65cff0d07" networkLocation: "/default-rack" } datanode { uuid: "d09d32c8-55e6-4056-ad4f-cead40412d41" ipAddress: "192.168.34.50" hostName: "pr-hdds-2034-srnhl-2452957315" ports { name: "REST" value: 39779 } ports { name: "RATIS" value: 46167 } ports { name: "STANDALONE" value: 36515 } networkName: "d09d32c8-55e6-4056-ad4f-cead40412d41" networkLocation: "/default-rack" } datanode { uuid: "02596fb2-7fc8-4fea-9c2d-9cbfb7b01134" ipAddress: "192.168.34.50" hostName: "pr-hdds-2034-srnhl-2452957315" ports { name: "REST" value: 39176 } ports { name: "RATIS" value: 45875 } ports { name: "STANDALONE" value: 43851 } networkName: "02596fb2-7fc8-4fea-9c2d-9cbfb7b01134" networkLocation: "/default-rack" } cmdId: 1568871391142 } ]} | ret=SUCCESS |  
2019-09-19 05:36:52,361 | INFO  | SCMAudit | user=jenkins1000 | ip=192.168.34.50 | op=SEND_HEARTBEAT {datanodeUUID=fe7de604-18cd-4bb5-a7ca-49d65cff0d07, command=[commandType: closePipelineCommand closePipelineCommandProto { pipelineID { id: "8bfb6bed-10ff-46fe-b955-4b8c494769d2" } cmdId: 1568871391141 } , commandType: closeContainerCommand closeContainerCommandProto { containerID: 1 pipelineID { id: "8bfb6bed-10ff-46fe-b955-4b8c494769d2" } cmdId: 1 force: false } , commandType: createPipelineCommand createPipelineCommandProto { pipelineID { id: "2df0d938-77a2-473c-ada7-a9326f89f48b" } type: RATIS factor: THREE datanode { uuid: "fe7de604-18cd-4bb5-a7ca-49d65cff0d07" ipAddress: "192.168.34.50" hostName: "pr-hdds-2034-srnhl-2452957315" ports { name: "REST" value: 40649 } ports { name: "RATIS" value: 43050 } ports { name: "STANDALONE" value: 39667 } networkName: "fe7de604-18cd-4bb5-a7ca-49d65cff0d07" networkLocation: "/default-rack" } datanode { uuid: "d09d32c8-55e6-4056-ad4f-cead40412d41" ipAddress: "192.168.34.50" hostName: "pr-hdds-2034-srnhl-2452957315" ports { name: "REST" value: 39779 } ports { name: "RATIS" value: 46167 } ports { name: "STANDALONE" value: 36515 } networkName: "d09d32c8-55e6-4056-ad4f-cead40412d41" networkLocation: "/default-rack" } datanode { uuid: "02596fb2-7fc8-4fea-9c2d-9cbfb7b01134" ipAddress: "192.168.34.50" hostName: "pr-hdds-2034-srnhl-2452957315" ports { name: "REST" value: 39176 } ports { name: "RATIS" value: 45875 } ports { name: "STANDALONE" value: 43851 } networkName: "02596fb2-7fc8-4fea-9c2d-9cbfb7b01134" networkLocation: "/default-rack" } cmdId: 1568871391142 } ]} | ret=SUCCESS |  
2019-09-19 05:36:52,361 | INFO  | OMAudit | user=jenkins1000 | ip=127.0.0.1 | op=CREATE_VOLUME {admin=jenkins1000, owner=jenkins1000, volume=vol-0-30419, creationTime=1568871412360, quotaInBytes=1152921504606846976} | ret=SUCCESS |  
2019-09-19 05:36:52,363 | INFO  | OMAudit | user=jenkins1000 | ip=127.0.0.1 | op=READ_VOLUME {volume=vol-0-30419} | ret=SUCCESS |  
2019-09-19 05:36:52,366 [pool-62-thread-2] INFO  rpc.RpcClient (RpcClient.java:createBucket(432)) - Creating Bucket: vol-0-30419/bucket-0-09529, with Versioning false and Storage Type set to DISK and Encryption set to false 
2019-09-19 05:36:52,368 | INFO  | OMAudit | user=jenkins1000 | ip=127.0.0.1 | op=CREATE_BUCKET {volume=vol-0-30419, bucket=bucket-0-09529, acls=[user:jenkins1000:a[ACCESS], group:default:a[ACCESS]], isVersionEnabled=false, storageType=DISK, creationTime=0} | ret=SUCCESS |  
2019-09-19 05:36:52,370 | INFO  | OMAudit | user=jenkins1000 | ip=127.0.0.1 | op=READ_BUCKET {volume=vol-0-30419, bucket=bucket-0-09529} | ret=SUCCESS |  
2019-09-19 05:36:52,382 [IPC Server handler 14 on 33734] WARN  block.BlockManagerImpl (BlockManagerImpl.java:allocateBlock(221)) - Pipeline creation failed for type:RATIS factor:THREE. Retrying get pipelines call once.
org.apache.hadoop.hdds.scm.pipeline.InsufficientDatanodesException: Cannot create pipeline of factor 3 using 0 nodes.
	at org.apache.hadoop.hdds.scm.pipeline.RatisPipelineProvider.create(RatisPipelineProvider.java:145)
	at org.apache.hadoop.hdds.scm.pipeline.PipelineFactory.create(PipelineFactory.java:59)
	at org.apache.hadoop.hdds.scm.pipeline.SCMPipelineManager.createPipeline(SCMPipelineManager.java:171)
	at org.apache.hadoop.hdds.scm.block.BlockManagerImpl.allocateBlock(BlockManagerImpl.java:210)
	at org.apache.hadoop.hdds.scm.server.SCMBlockProtocolServer.allocateBlock(SCMBlockProtocolServer.java:175)
	at org.apache.hadoop.ozone.protocolPB.ScmBlockLocationProtocolServerSideTranslatorPB.allocateScmBlock(ScmBlockLocationProtocolServerSideTranslatorPB.java:153)
	at org.apache.hadoop.ozone.protocolPB.ScmBlockLocationProtocolServerSideTranslatorPB.send(ScmBlockLocationProtocolServerSideTranslatorPB.java:112)
	at org.apache.hadoop.hdds.protocol.proto.ScmBlockLocationProtocolProtos$ScmBlockLocationProtocolService$2.callBlockingMethod(ScmBlockLocationProtocolProtos.java:13157)
	at org.apache.hadoop.ipc.ProtobufRpcEngine$Server$ProtoBufRpcInvoker.call(ProtobufRpcEngine.java:524)
	at org.apache.hadoop.ipc.RPC$Server.call(RPC.java:1025)
	at org.apache.hadoop.ipc.Server$RpcCall.run(Server.java:876)
	at org.apache.hadoop.ipc.Server$RpcCall.run(Server.java:822)
	at java.security.AccessController.doPrivileged(Native Method)
	at javax.security.auth.Subject.doAs(Subject.java:422)
	at org.apache.hadoop.security.UserGroupInformation.doAs(UserGroupInformation.java:1730)
	at org.apache.hadoop.ipc.Server$Handler.run(Server.java:2682)
2019-09-19 05:36:52,383 [IPC Server handler 14 on 33734] INFO  block.BlockManagerImpl (BlockManagerImpl.java:allocateBlock(227)) - Could not find available pipeline of type:RATIS and factor:THREE even after retrying
2019-09-19 05:36:52,383 [IPC Server handler 14 on 33734] ERROR block.BlockManagerImpl (BlockManagerImpl.java:allocateBlock(251)) - Unable to allocate a block for the size: 4194304, type: RATIS, factor: THREE
2019-09-19 05:36:52,385 [IPC Server handler 14 on 33734] WARN  block.BlockManagerImpl (BlockManagerImpl.java:allocateBlock(221)) - Pipeline creation failed for type:RATIS factor:THREE. Retrying get pipelines call once.
org.apache.hadoop.hdds.scm.pipeline.InsufficientDatanodesException: Cannot create pipeline of factor 3 using 0 nodes.
	at org.apache.hadoop.hdds.scm.pipeline.RatisPipelineProvider.create(RatisPipelineProvider.java:145)
	at org.apache.hadoop.hdds.scm.pipeline.PipelineFactory.create(PipelineFactory.java:59)
	at org.apache.hadoop.hdds.scm.pipeline.SCMPipelineManager.createPipeline(SCMPipelineManager.java:171)
	at org.apache.hadoop.hdds.scm.block.BlockManagerImpl.allocateBlock(BlockManagerImpl.java:210)
	at org.apache.hadoop.hdds.scm.server.SCMBlockProtocolServer.allocateBlock(SCMBlockProtocolServer.java:175)
	at org.apache.hadoop.ozone.protocolPB.ScmBlockLocationProtocolServerSideTranslatorPB.allocateScmBlock(ScmBlockLocationProtocolServerSideTranslatorPB.java:153)
	at org.apache.hadoop.ozone.protocolPB.ScmBlockLocationProtocolServerSideTranslatorPB.send(ScmBlockLocationProtocolServerSideTranslatorPB.java:112)
	at org.apache.hadoop.hdds.protocol.proto.ScmBlockLocationProtocolProtos$ScmBlockLocationProtocolService$2.callBlockingMethod(ScmBlockLocationProtocolProtos.java:13157)
	at org.apache.hadoop.ipc.ProtobufRpcEngine$Server$ProtoBufRpcInvoker.call(ProtobufRpcEngine.java:524)
	at org.apache.hadoop.ipc.RPC$Server.call(RPC.java:1025)
	at org.apache.hadoop.ipc.Server$RpcCall.run(Server.java:876)
	at org.apache.hadoop.ipc.Server$RpcCall.run(Server.java:822)
	at java.security.AccessController.doPrivileged(Native Method)
	at javax.security.auth.Subject.doAs(Subject.java:422)
	at org.apache.hadoop.security.UserGroupInformation.doAs(UserGroupInformation.java:1730)
	at org.apache.hadoop.ipc.Server$Handler.run(Server.java:2682)
2019-09-19 05:36:52,385 [IPC Server handler 14 on 33734] INFO  block.BlockManagerImpl (BlockManagerImpl.java:allocateBlock(227)) - Could not find available pipeline of type:RATIS and factor:THREE even after retrying
2019-09-19 05:36:52,385 [IPC Server handler 14 on 33734] ERROR block.BlockManagerImpl (BlockManagerImpl.java:allocateBlock(251)) - Unable to allocate a block for the size: 4194304, type: RATIS, factor: THREE
2019-09-19 05:36:52,386 [IPC Server handler 14 on 33734] WARN  block.BlockManagerImpl (BlockManagerImpl.java:allocateBlock(221)) - Pipeline creation failed for type:RATIS factor:THREE. Retrying get pipelines call once.
org.apache.hadoop.hdds.scm.pipeline.InsufficientDatanodesException: Cannot create pipeline of factor 3 using 0 nodes.
	at org.apache.hadoop.hdds.scm.pipeline.RatisPipelineProvider.create(RatisPipelineProvider.java:145)
	at org.apache.hadoop.hdds.scm.pipeline.PipelineFactory.create(PipelineFactory.java:59)
	at org.apache.hadoop.hdds.scm.pipeline.SCMPipelineManager.createPipeline(SCMPipelineManager.java:171)
	at org.apache.hadoop.hdds.scm.block.BlockManagerImpl.allocateBlock(BlockManagerImpl.java:210)
	at org.apache.hadoop.hdds.scm.server.SCMBlockProtocolServer.allocateBlock(SCMBlockProtocolServer.java:175)
	at org.apache.hadoop.ozone.protocolPB.ScmBlockLocationProtocolServerSideTranslatorPB.allocateScmBlock(ScmBlockLocationProtocolServerSideTranslatorPB.java:153)
	at org.apache.hadoop.ozone.protocolPB.ScmBlockLocationProtocolServerSideTranslatorPB.send(ScmBlockLocationProtocolServerSideTranslatorPB.java:112)
	at org.apache.hadoop.hdds.protocol.proto.ScmBlockLocationProtocolProtos$ScmBlockLocationProtocolService$2.callBlockingMethod(ScmBlockLocationProtocolProtos.java:13157)
	at org.apache.hadoop.ipc.ProtobufRpcEngine$Server$ProtoBufRpcInvoker.call(ProtobufRpcEngine.java:524)
	at org.apache.hadoop.ipc.RPC$Server.call(RPC.java:1025)
	at org.apache.hadoop.ipc.Server$RpcCall.run(Server.java:876)
	at org.apache.hadoop.ipc.Server$RpcCall.run(Server.java:822)
	at java.security.AccessController.doPrivileged(Native Method)
	at javax.security.auth.Subject.doAs(Subject.java:422)
	at org.apache.hadoop.security.UserGroupInformation.doAs(UserGroupInformation.java:1730)
	at org.apache.hadoop.ipc.Server$Handler.run(Server.java:2682)
2019-09-19 05:36:52,386 [IPC Server handler 14 on 33734] INFO  block.BlockManagerImpl (BlockManagerImpl.java:allocateBlock(227)) - Could not find available pipeline of type:RATIS and factor:THREE even after retrying
2019-09-19 05:36:52,387 [IPC Server handler 14 on 33734] ERROR block.BlockManagerImpl (BlockManagerImpl.java:allocateBlock(251)) - Unable to allocate a block for the size: 4194304, type: RATIS, factor: THREE
2019-09-19 05:36:52,387 [IPC Server handler 14 on 33734] WARN  block.BlockManagerImpl (BlockManagerImpl.java:allocateBlock(221)) - Pipeline creation failed for type:RATIS factor:THREE. Retrying get pipelines call once.
org.apache.hadoop.hdds.scm.pipeline.InsufficientDatanodesException: Cannot create pipeline of factor 3 using 0 nodes.
	at org.apache.hadoop.hdds.scm.pipeline.RatisPipelineProvider.create(RatisPipelineProvider.java:145)
	at org.apache.hadoop.hdds.scm.pipeline.PipelineFactory.create(PipelineFactory.java:59)
	at org.apache.hadoop.hdds.scm.pipeline.SCMPipelineManager.createPipeline(SCMPipelineManager.java:171)
	at org.apache.hadoop.hdds.scm.block.BlockManagerImpl.allocateBlock(BlockManagerImpl.java:210)
	at org.apache.hadoop.hdds.scm.server.SCMBlockProtocolServer.allocateBlock(SCMBlockProtocolServer.java:175)
	at org.apache.hadoop.ozone.protocolPB.ScmBlockLocationProtocolServerSideTranslatorPB.allocateScmBlock(ScmBlockLocationProtocolServerSideTranslatorPB.java:153)
	at org.apache.hadoop.ozone.protocolPB.ScmBlockLocationProtocolServerSideTranslatorPB.send(ScmBlockLocationProtocolServerSideTranslatorPB.java:112)
	at org.apache.hadoop.hdds.protocol.proto.ScmBlockLocationProtocolProtos$ScmBlockLocationProtocolService$2.callBlockingMethod(ScmBlockLocationProtocolProtos.java:13157)
	at org.apache.hadoop.ipc.ProtobufRpcEngine$Server$ProtoBufRpcInvoker.call(ProtobufRpcEngine.java:524)
	at org.apache.hadoop.ipc.RPC$Server.call(RPC.java:1025)
	at org.apache.hadoop.ipc.Server$RpcCall.run(Server.java:876)
	at org.apache.hadoop.ipc.Server$RpcCall.run(Server.java:822)
	at java.security.AccessController.doPrivileged(Native Method)
	at javax.security.auth.Subject.doAs(Subject.java:422)
	at org.apache.hadoop.security.UserGroupInformation.doAs(UserGroupInformation.java:1730)
	at org.apache.hadoop.ipc.Server$Handler.run(Server.java:2682)
2019-09-19 05:36:52,387 [IPC Server handler 14 on 33734] INFO  block.BlockManagerImpl (BlockManagerImpl.java:allocateBlock(227)) - Could not find available pipeline of type:RATIS and factor:THREE even after retrying
2019-09-19 05:36:52,388 [IPC Server handler 14 on 33734] ERROR block.BlockManagerImpl (BlockManagerImpl.java:allocateBlock(251)) - Unable to allocate a block for the size: 4194304, type: RATIS, factor: THREE
2019-09-19 05:36:52,388 [IPC Server handler 14 on 33734] WARN  block.BlockManagerImpl (BlockManagerImpl.java:allocateBlock(221)) - Pipeline creation failed for type:RATIS factor:THREE. Retrying get pipelines call once.
org.apache.hadoop.hdds.scm.pipeline.InsufficientDatanodesException: Cannot create pipeline of factor 3 using 0 nodes.
	at org.apache.hadoop.hdds.scm.pipeline.RatisPipelineProvider.create(RatisPipelineProvider.java:145)
	at org.apache.hadoop.hdds.scm.pipeline.PipelineFactory.create(PipelineFactory.java:59)
	at org.apache.hadoop.hdds.scm.pipeline.SCMPipelineManager.createPipeline(SCMPipelineManager.java:171)
	at org.apache.hadoop.hdds.scm.block.BlockManagerImpl.allocateBlock(BlockManagerImpl.java:210)
	at org.apache.hadoop.hdds.scm.server.SCMBlockProtocolServer.allocateBlock(SCMBlockProtocolServer.java:175)
	at org.apache.hadoop.ozone.protocolPB.ScmBlockLocationProtocolServerSideTranslatorPB.allocateScmBlock(ScmBlockLocationProtocolServerSideTranslatorPB.java:153)
	at org.apache.hadoop.ozone.protocolPB.ScmBlockLocationProtocolServerSideTranslatorPB.send(ScmBlockLocationProtocolServerSideTranslatorPB.java:112)
	at org.apache.hadoop.hdds.protocol.proto.ScmBlockLocationProtocolProtos$ScmBlockLocationProtocolService$2.callBlockingMethod(ScmBlockLocationProtocolProtos.java:13157)
	at org.apache.hadoop.ipc.ProtobufRpcEngine$Server$ProtoBufRpcInvoker.call(ProtobufRpcEngine.java:524)
	at org.apache.hadoop.ipc.RPC$Server.call(RPC.java:1025)
	at org.apache.hadoop.ipc.Server$RpcCall.run(Server.java:876)
	at org.apache.hadoop.ipc.Server$RpcCall.run(Server.java:822)
	at java.security.AccessController.doPrivileged(Native Method)
	at javax.security.auth.Subject.doAs(Subject.java:422)
	at org.apache.hadoop.security.UserGroupInformation.doAs(UserGroupInformation.java:1730)
	at org.apache.hadoop.ipc.Server$Handler.run(Server.java:2682)
2019-09-19 05:36:52,388 [IPC Server handler 14 on 33734] INFO  block.BlockManagerImpl (BlockManagerImpl.java:allocateBlock(227)) - Could not find available pipeline of type:RATIS and factor:THREE even after retrying
2019-09-19 05:36:52,389 [IPC Server handler 14 on 33734] ERROR block.BlockManagerImpl (BlockManagerImpl.java:allocateBlock(251)) - Unable to allocate a block for the size: 4194304, type: RATIS, factor: THREE
2019-09-19 05:36:52,389 | INFO  | SCMAudit | user=jenkins1000 | ip=192.168.34.50 | op=ALLOCATE_BLOCK {owner=beef63c6-2a93-449b-8e22-7afd45267260, size=4194304, type=RATIS, factor=THREE} | ret=SUCCESS |  
2019-09-19 05:36:52,391 | ERROR | OMAudit | user=jenkins1000 | ip=127.0.0.1 | op=ALLOCATE_KEY {volume=vol-0-30419, bucket=bucket-0-09529, key=key-0-72922, dataSize=20971520, replicationType=RATIS, replicationFactor=THREE, keyLocationInfo=null} | ret=FAILURE | org.apache.hadoop.hdds.scm.exceptions.SCMException: Allocated 0 blocks. Requested 5 blocks
	at org.apache.hadoop.hdds.scm.protocolPB.ScmBlockLocationProtocolClientSideTranslatorPB.handleError(ScmBlockLocationProtocolClientSideTranslatorPB.java:118)
	at org.apache.hadoop.hdds.scm.protocolPB.ScmBlockLocationProtocolClientSideTranslatorPB.allocateBlock(ScmBlockLocationProtocolClientSideTranslatorPB.java:156) 
2019-09-19 05:36:52,394 [pool-62-thread-3] ERROR freon.RandomKeyGenerator (RandomKeyGenerator.java:createKey(724)) - Exception while adding key: key-0-72922 in bucket: bucket-0-09529 of volume: vol-0-30419.
INTERNAL_ERROR org.apache.hadoop.ozone.om.exceptions.OMException: Allocated 0 blocks. Requested 5 blocks
	at org.apache.hadoop.ozone.om.protocolPB.OzoneManagerProtocolClientSideTranslatorPB.handleError(OzoneManagerProtocolClientSideTranslatorPB.java:725)
	at org.apache.hadoop.ozone.om.protocolPB.OzoneManagerProtocolClientSideTranslatorPB.openKey(OzoneManagerProtocolClientSideTranslatorPB.java:716)
	at org.apache.hadoop.ozone.client.rpc.RpcClient.createKey(RpcClient.java:615)
	at org.apache.hadoop.ozone.client.OzoneBucket.createKey(OzoneBucket.java:323)
	at org.apache.hadoop.ozone.freon.RandomKeyGenerator.createKey(RandomKeyGenerator.java:686)
	at org.apache.hadoop.ozone.freon.RandomKeyGenerator.access$1100(RandomKeyGenerator.java:87)
	at org.apache.hadoop.ozone.freon.RandomKeyGenerator$ObjectCreator.run(RandomKeyGenerator.java:606)
	at java.util.concurrent.Executors$RunnableAdapter.call(Executors.java:511)
	at java.util.concurrent.FutureTask.run(FutureTask.java:266)
	at java.util.concurrent.ThreadPoolExecutor.runWorker(ThreadPoolExecutor.java:1149)
	at java.util.concurrent.ThreadPoolExecutor$Worker.run(ThreadPoolExecutor.java:624)
	at java.lang.Thread.run(Thread.java:748)
2019-09-19 05:36:53,312 | INFO  | SCMAudit | user=jenkins1000 | ip=192.168.34.50 | op=SEND_HEARTBEAT {datanodeUUID=d09d32c8-55e6-4056-ad4f-cead40412d41, command=[]} | ret=SUCCESS |  
2019-09-19 05:36:53,353 | INFO  | SCMAudit | user=jenkins1000 | ip=192.168.34.50 | op=SEND_HEARTBEAT {datanodeUUID=fe7de604-18cd-4bb5-a7ca-49d65cff0d07, command=[]} | ret=SUCCESS |  
2019-09-19 05:36:53,353 | INFO  | SCMAudit | user=jenkins1000 | ip=192.168.34.50 | op=SEND_HEARTBEAT {datanodeUUID=02596fb2-7fc8-4fea-9c2d-9cbfb7b01134, command=[]} | ret=SUCCESS |  
 0.00% |█                                                                                                    |  0/1 Time: 0:00:012019-09-19 05:36:54,313 | INFO  | SCMAudit | user=jenkins1000 | ip=192.168.34.50 | op=SEND_HEARTBEAT {datanodeUUID=d09d32c8-55e6-4056-ad4f-cead40412d41, command=[]} | ret=SUCCESS |  
2019-09-19 05:36:54,335 [grpc-default-executor-3] INFO  impl.RaftServerProxy (RaftServerProxy.java:remove(95)) - d09d32c8-55e6-4056-ad4f-cead40412d41: remove   LEADER group-4B8C494769D2 d09d32c8-55e6-4056-ad4f-cead40412d41:t1, leader=d09d32c8-55e6-4056-ad4f-cead40412d41, voted=d09d32c8-55e6-4056-ad4f-cead40412d41, raftlog=d09d32c8-55e6-4056-ad4f-cead40412d41-SegmentedRaftLog:OPENED:c79,f79,i79, conf=0: [02596fb2-7fc8-4fea-9c2d-9cbfb7b01134:192.168.34.50:45875, d09d32c8-55e6-4056-ad4f-cead40412d41:192.168.34.50:46167, fe7de604-18cd-4bb5-a7ca-49d65cff0d07:192.168.34.50:43050], old=null RUNNING
2019-09-19 05:36:54,337 [grpc-default-executor-3] INFO  impl.RaftServerImpl (RaftServerImpl.java:lambda$shutdown$3(245)) - d09d32c8-55e6-4056-ad4f-cead40412d41: shutdown group-4B8C494769D2
2019-09-19 05:36:54,337 [grpc-default-executor-3] INFO  util.JmxRegister (JmxRegister.java:unregister(73)) - Successfully un-registered JMX Bean with object name Ratis:service=RaftServer,group=group-4B8C494769D2,id=d09d32c8-55e6-4056-ad4f-cead40412d41
2019-09-19 05:36:54,337 [grpc-default-executor-3] INFO  impl.RoleInfo (RoleInfo.java:shutdownLeaderState(104)) - d09d32c8-55e6-4056-ad4f-cead40412d41: shutdown LeaderState
2019-09-19 05:36:54,340 [grpc-default-executor-3] INFO  impl.PendingRequests (PendingRequests.java:sendNotLeaderResponses(202)) - d09d32c8-55e6-4056-ad4f-cead40412d41-PendingRequests: sendNotLeaderResponses
2019-09-19 05:36:54,340 [org.apache.ratis.server.impl.LogAppender$AppenderDaemon$$Lambda$715/93232281@38fffd6a] WARN  server.GrpcLogAppender (GrpcLogAppender.java:mayWait(143)) - GrpcLogAppender(d09d32c8-55e6-4056-ad4f-cead40412d41->02596fb2-7fc8-4fea-9c2d-9cbfb7b01134): Wait interrupted by java.lang.InterruptedException
2019-09-19 05:36:54,340 [org.apache.ratis.server.impl.LogAppender$AppenderDaemon$$Lambda$715/93232281@7ce75e0c] WARN  server.GrpcLogAppender (GrpcLogAppender.java:mayWait(143)) - GrpcLogAppender(d09d32c8-55e6-4056-ad4f-cead40412d41->fe7de604-18cd-4bb5-a7ca-49d65cff0d07): Wait interrupted by java.lang.InterruptedException
2019-09-19 05:36:54,348 [grpc-default-executor-4] INFO  server.GrpcServerProtocolService (GrpcServerProtocolService.java:onCompleted(104)) - fe7de604-18cd-4bb5-a7ca-49d65cff0d07: appendEntries completed
2019-09-19 05:36:54,348 [grpc-default-executor-2] INFO  server.GrpcServerProtocolService (GrpcServerProtocolService.java:onCompleted(104)) - 02596fb2-7fc8-4fea-9c2d-9cbfb7b01134: appendEntries completed
2019-09-19 05:36:54,350 [grpc-default-executor-3] INFO  impl.StateMachineUpdater (StateMachineUpdater.java:stopAndJoin(115)) - StateMachineUpdater:d09d32c8-55e6-4056-ad4f-cead40412d41:group-4B8C494769D2: set stopIndex = 79
2019-09-19 05:36:54,350 [StateMachineUpdater:d09d32c8-55e6-4056-ad4f-cead40412d41:group-4B8C494769D2] INFO  ratis.ContainerStateMachine (ContainerStateMachine.java:takeSnapshot(283)) - group-4B8C494769D2: Taking a snapshot at:(t:1, i:77) file /workdir/hadoop-ozone/tools/target/test-dir/MiniOzoneClusterImpl-cbe06da4-977e-4fbb-af22-3b16938285ed/datanode-1/data/ratis/8bfb6bed-10ff-46fe-b955-4b8c494769d2/sm/snapshot.1_77
2019-09-19 05:36:54,352 [grpc-default-executor-2] INFO  server.GrpcLogAppender (GrpcLogAppender.java:onCompleted(292)) - d09d32c8-55e6-4056-ad4f-cead40412d41->02596fb2-7fc8-4fea-9c2d-9cbfb7b01134: follower responses appendEntries COMPLETED
2019-09-19 05:36:54,352 [grpc-default-executor-4] INFO  server.GrpcLogAppender (GrpcLogAppender.java:onCompleted(292)) - d09d32c8-55e6-4056-ad4f-cead40412d41->fe7de604-18cd-4bb5-a7ca-49d65cff0d07: follower responses appendEntries COMPLETED
2019-09-19 05:36:54,355 | INFO  | SCMAudit | user=jenkins1000 | ip=192.168.34.50 | op=SEND_HEARTBEAT {datanodeUUID=fe7de604-18cd-4bb5-a7ca-49d65cff0d07, command=[]} | ret=SUCCESS |  
2019-09-19 05:36:54,355 | INFO  | SCMAudit | user=jenkins1000 | ip=192.168.34.50 | op=SEND_HEARTBEAT {datanodeUUID=02596fb2-7fc8-4fea-9c2d-9cbfb7b01134, command=[]} | ret=SUCCESS |  
2019-09-19 05:36:54,358 [grpc-default-executor-2] INFO  impl.FollowerInfo (FollowerInfo.java:lambda$new$0(50)) - d09d32c8-55e6-4056-ad4f-cead40412d41->02596fb2-7fc8-4fea-9c2d-9cbfb7b01134: nextIndex: updateUnconditionally 80 -> 79
 0.00% |█                                                                                                    |  0/1 Time: 0:00:022019-09-19 05:36:54,358 [grpc-default-executor-4] INFO  impl.FollowerInfo (FollowerInfo.java:lambda$new$0(50)) - d09d32c8-55e6-4056-ad4f-cead40412d41->fe7de604-18cd-4bb5-a7ca-49d65cff0d07: nextIndex: updateUnconditionally 80 -> 79
2019-09-19 05:36:54,367 [grpc-default-executor-1] INFO  impl.RaftServerProxy (RaftServerProxy.java:remove(95)) - fe7de604-18cd-4bb5-a7ca-49d65cff0d07: remove FOLLOWER group-4B8C494769D2 fe7de604-18cd-4bb5-a7ca-49d65cff0d07:t1, leader=d09d32c8-55e6-4056-ad4f-cead40412d41, voted=d09d32c8-55e6-4056-ad4f-cead40412d41, raftlog=fe7de604-18cd-4bb5-a7ca-49d65cff0d07-SegmentedRaftLog:OPENED:c79,f79,i79, conf=0: [02596fb2-7fc8-4fea-9c2d-9cbfb7b01134:192.168.34.50:45875, d09d32c8-55e6-4056-ad4f-cead40412d41:192.168.34.50:46167, fe7de604-18cd-4bb5-a7ca-49d65cff0d07:192.168.34.50:43050], old=null RUNNING
2019-09-19 05:36:54,367 [grpc-default-executor-1] INFO  impl.RaftServerImpl (RaftServerImpl.java:lambda$shutdown$3(245)) - fe7de604-18cd-4bb5-a7ca-49d65cff0d07: shutdown group-4B8C494769D2
2019-09-19 05:36:54,368 [grpc-default-executor-1] INFO  util.JmxRegister (JmxRegister.java:unregister(73)) - Successfully un-registered JMX Bean with object name Ratis:service=RaftServer,group=group-4B8C494769D2,id=fe7de604-18cd-4bb5-a7ca-49d65cff0d07
2019-09-19 05:36:54,368 [grpc-default-executor-1] INFO  impl.RoleInfo (RoleInfo.java:shutdownFollowerState(121)) - fe7de604-18cd-4bb5-a7ca-49d65cff0d07: shutdown FollowerState
2019-09-19 05:36:54,368 [grpc-default-executor-1] INFO  impl.StateMachineUpdater (StateMachineUpdater.java:stopAndJoin(115)) - StateMachineUpdater:fe7de604-18cd-4bb5-a7ca-49d65cff0d07:group-4B8C494769D2: set stopIndex = 79
2019-09-19 05:36:54,369 [Thread-227] INFO  impl.FollowerState (FollowerState.java:run(114)) - fe7de604-18cd-4bb5-a7ca-49d65cff0d07: FollowerState was interrupted: java.lang.InterruptedException: sleep interrupted
2019-09-19 05:36:54,369 [StateMachineUpdater:fe7de604-18cd-4bb5-a7ca-49d65cff0d07:group-4B8C494769D2] INFO  ratis.ContainerStateMachine (ContainerStateMachine.java:takeSnapshot(283)) - group-4B8C494769D2: Taking a snapshot at:(t:1, i:77) file /workdir/hadoop-ozone/tools/target/test-dir/MiniOzoneClusterImpl-cbe06da4-977e-4fbb-af22-3b16938285ed/datanode-0/data/ratis/8bfb6bed-10ff-46fe-b955-4b8c494769d2/sm/snapshot.1_77
2019-09-19 05:36:54,411 [StateMachineUpdater:d09d32c8-55e6-4056-ad4f-cead40412d41:group-4B8C494769D2] INFO  ratis.ContainerStateMachine (ContainerStateMachine.java:takeSnapshot(294)) - group-4B8C494769D2: Finished taking a snapshot at:(t:1, i:77) file:/workdir/hadoop-ozone/tools/target/test-dir/MiniOzoneClusterImpl-cbe06da4-977e-4fbb-af22-3b16938285ed/datanode-1/data/ratis/8bfb6bed-10ff-46fe-b955-4b8c494769d2/sm/snapshot.1_77 time:60
2019-09-19 05:36:54,411 [StateMachineUpdater:fe7de604-18cd-4bb5-a7ca-49d65cff0d07:group-4B8C494769D2] INFO  ratis.ContainerStateMachine (ContainerStateMachine.java:takeSnapshot(294)) - group-4B8C494769D2: Finished taking a snapshot at:(t:1, i:77) file:/workdir/hadoop-ozone/tools/target/test-dir/MiniOzoneClusterImpl-cbe06da4-977e-4fbb-af22-3b16938285ed/datanode-0/data/ratis/8bfb6bed-10ff-46fe-b955-4b8c494769d2/sm/snapshot.1_77 time:42
2019-09-19 05:36:54,411 [StateMachineUpdater:d09d32c8-55e6-4056-ad4f-cead40412d41:group-4B8C494769D2] INFO  impl.StateMachineUpdater (StateMachineUpdater.java:takeSnapshot(242)) - StateMachineUpdater:d09d32c8-55e6-4056-ad4f-cead40412d41:group-4B8C494769D2: Took a snapshot at index 77
2019-09-19 05:36:54,411 [StateMachineUpdater:fe7de604-18cd-4bb5-a7ca-49d65cff0d07:group-4B8C494769D2] INFO  impl.StateMachineUpdater (StateMachineUpdater.java:takeSnapshot(242)) - StateMachineUpdater:fe7de604-18cd-4bb5-a7ca-49d65cff0d07:group-4B8C494769D2: Took a snapshot at index 77
2019-09-19 05:36:54,412 [StateMachineUpdater:d09d32c8-55e6-4056-ad4f-cead40412d41:group-4B8C494769D2] INFO  impl.StateMachineUpdater (StateMachineUpdater.java:lambda$new$0(80)) - StateMachineUpdater:d09d32c8-55e6-4056-ad4f-cead40412d41:group-4B8C494769D2: snapshotIndex: updateIncreasingly -1 -> 77
2019-09-19 05:36:54,412 [StateMachineUpdater:fe7de604-18cd-4bb5-a7ca-49d65cff0d07:group-4B8C494769D2] INFO  impl.StateMachineUpdater (StateMachineUpdater.java:lambda$new$0(80)) - StateMachineUpdater:fe7de604-18cd-4bb5-a7ca-49d65cff0d07:group-4B8C494769D2: snapshotIndex: updateIncreasingly -1 -> 77
2019-09-19 05:36:54,413 | INFO  | SCMAudit | user=jenkins1000 | ip=192.168.34.50 | op=SEND_HEARTBEAT {datanodeUUID=02596fb2-7fc8-4fea-9c2d-9cbfb7b01134, command=[]} | ret=SUCCESS |  
2019-09-19 05:36:54,419 [grpc-default-executor-1] INFO  impl.RaftServerImpl (ServerState.java:close(394)) - fe7de604-18cd-4bb5-a7ca-49d65cff0d07:group-4B8C494769D2 closes. The last applied log index is 79
2019-09-19 05:36:54,420 [grpc-default-executor-3] INFO  impl.RaftServerImpl (ServerState.java:close(394)) - d09d32c8-55e6-4056-ad4f-cead40412d41:group-4B8C494769D2 closes. The last applied log index is 79
2019-09-19 05:36:54,422 [fe7de604-18cd-4bb5-a7ca-49d65cff0d07-SegmentedRaftLogWorker:Storage Directory /workdir/hadoop-ozone/tools/target/test-dir/MiniOzoneClusterImpl-cbe06da4-977e-4fbb-af22-3b16938285ed/datanode-0/data/ratis/8bfb6bed-10ff-46fe-b955-4b8c494769d2] INFO  segmented.SegmentedRaftLogWorker (SegmentedRaftLogWorker.java:run(313)) - fe7de604-18cd-4bb5-a7ca-49d65cff0d07-SegmentedRaftLogWorker:Storage Directory /workdir/hadoop-ozone/tools/target/test-dir/MiniOzoneClusterImpl-cbe06da4-977e-4fbb-af22-3b16938285ed/datanode-0/data/ratis/8bfb6bed-10ff-46fe-b955-4b8c494769d2 was interrupted, exiting. There are 0 tasks remaining in the queue.
2019-09-19 05:36:54,422 [d09d32c8-55e6-4056-ad4f-cead40412d41-SegmentedRaftLogWorker:Storage Directory /workdir/hadoop-ozone/tools/target/test-dir/MiniOzoneClusterImpl-cbe06da4-977e-4fbb-af22-3b16938285ed/datanode-1/data/ratis/8bfb6bed-10ff-46fe-b955-4b8c494769d2] INFO  segmented.SegmentedRaftLogWorker (SegmentedRaftLogWorker.java:run(313)) - d09d32c8-55e6-4056-ad4f-cead40412d41-SegmentedRaftLogWorker:Storage Directory /workdir/hadoop-ozone/tools/target/test-dir/MiniOzoneClusterImpl-cbe06da4-977e-4fbb-af22-3b16938285ed/datanode-1/data/ratis/8bfb6bed-10ff-46fe-b955-4b8c494769d2 was interrupted, exiting. There are 0 tasks remaining in the queue.
2019-09-19 05:36:54,425 [grpc-default-executor-1] INFO  segmented.SegmentedRaftLogWorker (SegmentedRaftLogWorker.java:close(228)) - fe7de604-18cd-4bb5-a7ca-49d65cff0d07-SegmentedRaftLogWorker:Storage Directory /workdir/hadoop-ozone/tools/target/test-dir/MiniOzoneClusterImpl-cbe06da4-977e-4fbb-af22-3b16938285ed/datanode-0/data/ratis/8bfb6bed-10ff-46fe-b955-4b8c494769d2 close()
2019-09-19 05:36:54,426 [grpc-default-executor-3] INFO  segmented.SegmentedRaftLogWorker (SegmentedRaftLogWorker.java:close(228)) - d09d32c8-55e6-4056-ad4f-cead40412d41-SegmentedRaftLogWorker:Storage Directory /workdir/hadoop-ozone/tools/target/test-dir/MiniOzoneClusterImpl-cbe06da4-977e-4fbb-af22-3b16938285ed/datanode-1/data/ratis/8bfb6bed-10ff-46fe-b955-4b8c494769d2 close()
2019-09-19 05:36:54,435 [grpc-default-executor-4] INFO  impl.RaftServerProxy (RaftServerProxy.java:remove(95)) - 02596fb2-7fc8-4fea-9c2d-9cbfb7b01134: remove FOLLOWER group-4B8C494769D2 02596fb2-7fc8-4fea-9c2d-9cbfb7b01134:t1, leader=d09d32c8-55e6-4056-ad4f-cead40412d41, voted=d09d32c8-55e6-4056-ad4f-cead40412d41, raftlog=02596fb2-7fc8-4fea-9c2d-9cbfb7b01134-SegmentedRaftLog:OPENED:c79,f79,i79, conf=0: [02596fb2-7fc8-4fea-9c2d-9cbfb7b01134:192.168.34.50:45875, d09d32c8-55e6-4056-ad4f-cead40412d41:192.168.34.50:46167, fe7de604-18cd-4bb5-a7ca-49d65cff0d07:192.168.34.50:43050], old=null RUNNING
2019-09-19 05:36:54,435 [grpc-default-executor-4] INFO  impl.RaftServerImpl (RaftServerImpl.java:lambda$shutdown$3(245)) - 02596fb2-7fc8-4fea-9c2d-9cbfb7b01134: shutdown group-4B8C494769D2
2019-09-19 05:36:54,435 [grpc-default-executor-4] INFO  util.JmxRegister (JmxRegister.java:unregister(73)) - Successfully un-registered JMX Bean with object name Ratis:service=RaftServer,group=group-4B8C494769D2,id=02596fb2-7fc8-4fea-9c2d-9cbfb7b01134
2019-09-19 05:36:54,435 [grpc-default-executor-4] INFO  impl.RoleInfo (RoleInfo.java:shutdownFollowerState(121)) - 02596fb2-7fc8-4fea-9c2d-9cbfb7b01134: shutdown FollowerState
2019-09-19 05:36:54,436 [grpc-default-executor-4] INFO  impl.StateMachineUpdater (StateMachineUpdater.java:stopAndJoin(115)) - StateMachineUpdater:02596fb2-7fc8-4fea-9c2d-9cbfb7b01134:group-4B8C494769D2: set stopIndex = 79
2019-09-19 05:36:54,436 [Thread-226] INFO  impl.FollowerState (FollowerState.java:run(114)) - 02596fb2-7fc8-4fea-9c2d-9cbfb7b01134: FollowerState was interrupted: java.lang.InterruptedException: sleep interrupted
2019-09-19 05:36:54,436 [StateMachineUpdater:02596fb2-7fc8-4fea-9c2d-9cbfb7b01134:group-4B8C494769D2] INFO  ratis.ContainerStateMachine (ContainerStateMachine.java:takeSnapshot(283)) - group-4B8C494769D2: Taking a snapshot at:(t:1, i:77) file /workdir/hadoop-ozone/tools/target/test-dir/MiniOzoneClusterImpl-cbe06da4-977e-4fbb-af22-3b16938285ed/datanode-2/data/ratis/8bfb6bed-10ff-46fe-b955-4b8c494769d2/sm/snapshot.1_77
2019-09-19 05:36:54,453 [Command processor thread] INFO  commandhandler.ClosePipelineCommandHandler (ClosePipelineCommandHandler.java:handle(87)) - Close Pipeline #PipelineID=8bfb6bed-10ff-46fe-b955-4b8c494769d2 command on datanode #d09d32c8-55e6-4056-ad4f-cead40412d41.
2019-09-19 05:36:54,456 [Command processor thread] INFO  commandhandler.ClosePipelineCommandHandler (ClosePipelineCommandHandler.java:handle(87)) - Close Pipeline #PipelineID=8bfb6bed-10ff-46fe-b955-4b8c494769d2 command on datanode #fe7de604-18cd-4bb5-a7ca-49d65cff0d07.
2019-09-19 05:36:54,496 [StateMachineUpdater:02596fb2-7fc8-4fea-9c2d-9cbfb7b01134:group-4B8C494769D2] INFO  ratis.ContainerStateMachine (ContainerStateMachine.java:takeSnapshot(294)) - group-4B8C494769D2: Finished taking a snapshot at:(t:1, i:77) file:/workdir/hadoop-ozone/tools/target/test-dir/MiniOzoneClusterImpl-cbe06da4-977e-4fbb-af22-3b16938285ed/datanode-2/data/ratis/8bfb6bed-10ff-46fe-b955-4b8c494769d2/sm/snapshot.1_77 time:61
2019-09-19 05:36:54,496 [StateMachineUpdater:02596fb2-7fc8-4fea-9c2d-9cbfb7b01134:group-4B8C494769D2] INFO  impl.StateMachineUpdater (StateMachineUpdater.java:takeSnapshot(242)) - StateMachineUpdater:02596fb2-7fc8-4fea-9c2d-9cbfb7b01134:group-4B8C494769D2: Took a snapshot at index 77
2019-09-19 05:36:54,497 [StateMachineUpdater:02596fb2-7fc8-4fea-9c2d-9cbfb7b01134:group-4B8C494769D2] INFO  impl.StateMachineUpdater (StateMachineUpdater.java:lambda$new$0(80)) - StateMachineUpdater:02596fb2-7fc8-4fea-9c2d-9cbfb7b01134:group-4B8C494769D2: snapshotIndex: updateIncreasingly -1 -> 77
2019-09-19 05:36:54,497 [grpc-default-executor-4] INFO  impl.RaftServerImpl (ServerState.java:close(394)) - 02596fb2-7fc8-4fea-9c2d-9cbfb7b01134:group-4B8C494769D2 closes. The last applied log index is 79
2019-09-19 05:36:54,498 [02596fb2-7fc8-4fea-9c2d-9cbfb7b01134-SegmentedRaftLogWorker:Storage Directory /workdir/hadoop-ozone/tools/target/test-dir/MiniOzoneClusterImpl-cbe06da4-977e-4fbb-af22-3b16938285ed/datanode-2/data/ratis/8bfb6bed-10ff-46fe-b955-4b8c494769d2] INFO  segmented.SegmentedRaftLogWorker (SegmentedRaftLogWorker.java:run(313)) - 02596fb2-7fc8-4fea-9c2d-9cbfb7b01134-SegmentedRaftLogWorker:Storage Directory /workdir/hadoop-ozone/tools/target/test-dir/MiniOzoneClusterImpl-cbe06da4-977e-4fbb-af22-3b16938285ed/datanode-2/data/ratis/8bfb6bed-10ff-46fe-b955-4b8c494769d2 was interrupted, exiting. There are 0 tasks remaining in the queue.
2019-09-19 05:36:54,517 [grpc-default-executor-4] INFO  segmented.SegmentedRaftLogWorker (SegmentedRaftLogWorker.java:close(228)) - 02596fb2-7fc8-4fea-9c2d-9cbfb7b01134-SegmentedRaftLogWorker:Storage Directory /workdir/hadoop-ozone/tools/target/test-dir/MiniOzoneClusterImpl-cbe06da4-977e-4fbb-af22-3b16938285ed/datanode-2/data/ratis/8bfb6bed-10ff-46fe-b955-4b8c494769d2 close()
2019-09-19 05:36:54,529 [Command processor thread] INFO  commandhandler.ClosePipelineCommandHandler (ClosePipelineCommandHandler.java:handle(87)) - Close Pipeline #PipelineID=8bfb6bed-10ff-46fe-b955-4b8c494769d2 command on datanode #02596fb2-7fc8-4fea-9c2d-9cbfb7b01134.
2019-09-19 05:36:54,538 | INFO  | SCMAudit | user=jenkins1000 | ip=192.168.34.50 | op=SEND_HEARTBEAT {datanodeUUID=d09d32c8-55e6-4056-ad4f-cead40412d41, command=[]} | ret=SUCCESS |  
2019-09-19 05:36:54,538 | INFO  | SCMAudit | user=jenkins1000 | ip=192.168.34.50 | op=SEND_HEARTBEAT {datanodeUUID=fe7de604-18cd-4bb5-a7ca-49d65cff0d07, command=[]} | ret=SUCCESS |  
2019-09-19 05:36:54,542 [grpc-default-executor-4] INFO  impl.RaftServerProxy (RaftServerProxy.java:addNew(89)) - 02596fb2-7fc8-4fea-9c2d-9cbfb7b01134: addNew group-A9326F89F48B:[02596fb2-7fc8-4fea-9c2d-9cbfb7b01134:192.168.34.50:45875, d09d32c8-55e6-4056-ad4f-cead40412d41:192.168.34.50:46167, fe7de604-18cd-4bb5-a7ca-49d65cff0d07:192.168.34.50:43050] returns group-A9326F89F48B:java.util.concurrent.CompletableFuture@6ce12720[Not completed]
2019-09-19 05:36:54,545 [pool-49-thread-1] INFO  impl.RaftServerImpl (RaftServerImpl.java:<init>(93)) - 02596fb2-7fc8-4fea-9c2d-9cbfb7b01134: new RaftServerImpl for group-A9326F89F48B:[02596fb2-7fc8-4fea-9c2d-9cbfb7b01134:192.168.34.50:45875, d09d32c8-55e6-4056-ad4f-cead40412d41:192.168.34.50:46167, fe7de604-18cd-4bb5-a7ca-49d65cff0d07:192.168.34.50:43050] with ContainerStateMachine:uninitialized
2019-09-19 05:36:54,545 [pool-49-thread-1] INFO  server.RaftServerConfigKeys (ConfUtils.java:logGet(43)) - raft.server.rpc.timeout.min = 5s (custom)
2019-09-19 05:36:54,545 [pool-49-thread-1] INFO  server.RaftServerConfigKeys (ConfUtils.java:logGet(43)) - raft.server.rpc.timeout.max = 5200ms (custom)
2019-09-19 05:36:54,545 [pool-49-thread-1] INFO  server.RaftServerConfigKeys (ConfUtils.java:logGet(43)) - raft.server.rpcslowness.timeout = 120s (custom)
2019-09-19 05:36:54,545 [pool-49-thread-1] INFO  server.RaftServerConfigKeys (ConfUtils.java:logGet(43)) - raft.server.sleep.deviation.threshold = 300 (default)
2019-09-19 05:36:54,546 [pool-49-thread-1] INFO  server.RaftServerConfigKeys (ConfUtils.java:logGet(43)) - raft.server.log.appender.install.snapshot.enabled = false (custom)
2019-09-19 05:36:54,546 [pool-49-thread-1] INFO  impl.RaftServerImpl (ServerState.java:<init>(105)) - 02596fb2-7fc8-4fea-9c2d-9cbfb7b01134:group-A9326F89F48B ConfigurationManager, init=-1: [02596fb2-7fc8-4fea-9c2d-9cbfb7b01134:192.168.34.50:45875, d09d32c8-55e6-4056-ad4f-cead40412d41:192.168.34.50:46167, fe7de604-18cd-4bb5-a7ca-49d65cff0d07:192.168.34.50:43050], old=null, confs=<EMPTY_MAP>
2019-09-19 05:36:54,546 [pool-49-thread-1] INFO  server.RaftServerConfigKeys (ConfUtils.java:logGet(43)) - raft.server.storage.dir = [/workdir/hadoop-ozone/tools/target/test-dir/MiniOzoneClusterImpl-cbe06da4-977e-4fbb-af22-3b16938285ed/datanode-2/data/ratis] (custom)
2019-09-19 05:36:54,547 [pool-49-thread-1] INFO  storage.RaftStorageDirectory (RaftStorageDirectory.java:analyzeStorage(246)) - The storage directory /workdir/hadoop-ozone/tools/target/test-dir/MiniOzoneClusterImpl-cbe06da4-977e-4fbb-af22-3b16938285ed/datanode-2/data/ratis/2df0d938-77a2-473c-ada7-a9326f89f48b does not exist. Creating ...
2019-09-19 05:36:54,603 [pool-49-thread-1] INFO  storage.RaftStorageDirectory (RaftStorageDirectory.java:tryLock(328)) - Lock on /workdir/hadoop-ozone/tools/target/test-dir/MiniOzoneClusterImpl-cbe06da4-977e-4fbb-af22-3b16938285ed/datanode-2/data/ratis/2df0d938-77a2-473c-ada7-a9326f89f48b/in_use.lock acquired by nodename 11168@pr-hdds-2034-srnhl-2452957315
2019-09-19 05:36:54,603 [Command processor thread] INFO  interfaces.Container (KeyValueContainer.java:flushAndSyncDB(382)) - Container 1 is synced with bcsId 61.
2019-09-19 05:36:54,603 [Command processor thread] INFO  interfaces.Container (KeyValueContainer.java:flushAndSyncDB(382)) - Container 1 is synced with bcsId 61.
2019-09-19 05:36:54,604 [Command processor thread] INFO  interfaces.Container (KeyValueContainer.java:flushAndSyncDB(382)) - Container 1 is synced with bcsId 61.
2019-09-19 05:36:54,604 [Command processor thread] INFO  interfaces.Container (KeyValueContainer.java:flushAndSyncDB(382)) - Container 1 is synced with bcsId 61.
2019-09-19 05:36:54,664 [pool-49-thread-1] INFO  storage.RaftStorage (RaftStorage.java:format(72)) - Storage directory /workdir/hadoop-ozone/tools/target/test-dir/MiniOzoneClusterImpl-cbe06da4-977e-4fbb-af22-3b16938285ed/datanode-2/data/ratis/2df0d938-77a2-473c-ada7-a9326f89f48b has been successfully formatted.
2019-09-19 05:36:54,665 [pool-49-thread-1] INFO  ratis.ContainerStateMachine (ContainerStateMachine.java:loadSnapshot(226)) - group-A9326F89F48B: The snapshot info is null. Setting the last applied indexto:(t:0, i:~)
2019-09-19 05:36:54,665 [pool-49-thread-1] INFO  server.RaftServerConfigKeys (ConfUtils.java:logGet(43)) - raft.server.leader.election.timeout = 120s (custom)
2019-09-19 05:36:54,665 [pool-49-thread-1] INFO  server.RaftServerConfigKeys (ConfUtils.java:logGet(43)) - raft.server.log.use.memory = false (default)
2019-09-19 05:36:54,665 [pool-49-thread-1] INFO  server.RaftServerConfigKeys (ConfUtils.java:logGet(43)) - raft.server.log.purge.gap = 1000000 (custom)
2019-09-19 05:36:54,666 [pool-49-thread-1] INFO  server.RaftServerConfigKeys (ConfUtils.java:logGet(43)) - raft.server.log.appender.buffer.byte-limit = 33554432 (custom)
2019-09-19 05:36:54,666 | INFO  | SCMAudit | user=jenkins1000 | ip=192.168.34.50 | op=SEND_HEARTBEAT {datanodeUUID=d09d32c8-55e6-4056-ad4f-cead40412d41, command=[]} | ret=SUCCESS |  
2019-09-19 05:36:54,666 [EventQueue-IncrementalContainerReportForIncrementalContainerReportHandler] INFO  container.IncrementalContainerReportHandler (AbstractContainerReportHandler.java:updateContainerState(169)) - Moving container #1 to QUASI_CLOSED state, datanode d09d32c8-55e6-4056-ad4f-cead40412d41{ip: 192.168.34.50, host: pr-hdds-2034-srnhl-2452957315, networkLocation: /default-rack, certSerialId: null} reported QUASI_CLOSED replica.
2019-09-19 05:36:54,666 [pool-49-thread-1] INFO  server.RaftServerConfigKeys (ConfUtils.java:logGet(43)) - raft.server.log.segment.size.max = 1048576 (custom)
2019-09-19 05:36:54,666 | INFO  | SCMAudit | user=jenkins1000 | ip=192.168.34.50 | op=SEND_HEARTBEAT {datanodeUUID=fe7de604-18cd-4bb5-a7ca-49d65cff0d07, command=[]} | ret=SUCCESS |  
2019-09-19 05:36:54,666 [pool-49-thread-1] INFO  server.RaftServerConfigKeys (ConfUtils.java:logGet(43)) - raft.server.log.segment.cache.num.max = 2 (custom)
2019-09-19 05:36:54,666 [pool-49-thread-1] INFO  segmented.SegmentedRaftLogWorker (SegmentedRaftLogWorker.java:<init>(172)) - new 02596fb2-7fc8-4fea-9c2d-9cbfb7b01134-SegmentedRaftLogWorker:Storage Directory /workdir/hadoop-ozone/tools/target/test-dir/MiniOzoneClusterImpl-cbe06da4-977e-4fbb-af22-3b16938285ed/datanode-2/data/ratis/2df0d938-77a2-473c-ada7-a9326f89f48b for RaftStorage:Storage Directory /workdir/hadoop-ozone/tools/target/test-dir/MiniOzoneClusterImpl-cbe06da4-977e-4fbb-af22-3b16938285ed/datanode-2/data/ratis/2df0d938-77a2-473c-ada7-a9326f89f48b
2019-09-19 05:36:54,667 [pool-49-thread-1] INFO  server.RaftServerConfigKeys (ConfUtils.java:logGet(43)) - raft.server.log.queue.byte-limit = 2147483647 (custom)
2019-09-19 05:36:54,667 [pool-49-thread-1] INFO  server.RaftServerConfigKeys (ConfUtils.java:logGet(43)) - raft.server.log.queue.element-limit = 1024 (custom)
2019-09-19 05:36:54,668 [pool-49-thread-1] INFO  server.RaftServerConfigKeys (ConfUtils.java:logGet(43)) - raft.server.log.segment.size.max = 1048576 (custom)
2019-09-19 05:36:54,669 [pool-49-thread-1] INFO  server.RaftServerConfigKeys (ConfUtils.java:logGet(43)) - raft.server.log.preallocated.size = 16384 (custom)
2019-09-19 05:36:54,669 [pool-49-thread-1] INFO  server.RaftServerConfigKeys (ConfUtils.java:logGet(43)) - raft.server.log.write.buffer.size = 33554432 (custom)
2019-09-19 05:36:54,670 [pool-49-thread-1] INFO  server.RaftServerConfigKeys (ConfUtils.java:logGet(43)) - raft.server.log.force.sync.num = 128 (default)
2019-09-19 05:36:54,670 [pool-49-thread-1] INFO  server.RaftServerConfigKeys (ConfUtils.java:logGet(43)) - raft.server.log.statemachine.data.sync = true (default)
2019-09-19 05:36:54,671 [pool-49-thread-1] INFO  server.RaftServerConfigKeys (ConfUtils.java:logGet(43)) - raft.server.log.statemachine.data.sync.timeout = 10s (default)
2019-09-19 05:36:54,671 [pool-49-thread-1] INFO  server.RaftServerConfigKeys (ConfUtils.java:logGet(43)) - raft.server.log.statemachine.data.sync.timeout.retry = -1 (default)
2019-09-19 05:36:54,671 [pool-49-thread-1] INFO  server.RaftServerConfigKeys (ConfUtils.java:logGet(43)) - raft.server.log.statemachine.data.caching.enabled = true (custom)
2019-09-19 05:36:54,672 [pool-49-thread-1] INFO  segmented.SegmentedRaftLogWorker (SegmentedRaftLogWorker.java:lambda$new$0(132)) - 02596fb2-7fc8-4fea-9c2d-9cbfb7b01134-SegmentedRaftLogWorker:Storage Directory /workdir/hadoop-ozone/tools/target/test-dir/MiniOzoneClusterImpl-cbe06da4-977e-4fbb-af22-3b16938285ed/datanode-2/data/ratis/2df0d938-77a2-473c-ada7-a9326f89f48b: flushIndex: setUnconditionally 0 -> -1
2019-09-19 05:36:54,672 [pool-49-thread-1] INFO  server.RaftServerConfigKeys (ConfUtils.java:logGet(43)) - raft.server.snapshot.auto.trigger.enabled = true (custom)
2019-09-19 05:36:54,672 [pool-49-thread-1] INFO  server.RaftServerConfigKeys (ConfUtils.java:logGet(43)) - raft.server.snapshot.auto.trigger.threshold = 10000 (custom)
2019-09-19 05:36:54,672 [pool-49-thread-1] INFO  server.RaftServerConfigKeys (ConfUtils.java:logGet(43)) - raft.server.retrycache.expirytime = 600000ms (custom)
2019-09-19 05:36:54,673 [pool-49-thread-1] INFO  impl.RaftServerImpl (RaftServerImpl.java:start(180)) - 02596fb2-7fc8-4fea-9c2d-9cbfb7b01134: start group-A9326F89F48B
2019-09-19 05:36:54,673 [pool-49-thread-1] INFO  impl.RaftServerImpl (RaftServerImpl.java:setRole(171)) - 02596fb2-7fc8-4fea-9c2d-9cbfb7b01134:group-A9326F89F48B changes role from null to FOLLOWER at term 0 for startAsFollower
2019-09-19 05:36:54,673 [pool-49-thread-1] INFO  impl.RoleInfo (RoleInfo.java:updateAndGet(143)) - 02596fb2-7fc8-4fea-9c2d-9cbfb7b01134: start FollowerState
2019-09-19 05:36:54,674 [pool-49-thread-1] INFO  util.JmxRegister (JmxRegister.java:tryRegister(44)) - Successfully registered JMX Bean with object name Ratis:service=RaftServer,group=group-A9326F89F48B,id=02596fb2-7fc8-4fea-9c2d-9cbfb7b01134
2019-09-19 05:36:54,676 [grpc-default-executor-4] INFO  impl.RaftServerProxy (RaftServerProxy.java:addNew(89)) - d09d32c8-55e6-4056-ad4f-cead40412d41: addNew group-A9326F89F48B:[02596fb2-7fc8-4fea-9c2d-9cbfb7b01134:192.168.34.50:45875, d09d32c8-55e6-4056-ad4f-cead40412d41:192.168.34.50:46167, fe7de604-18cd-4bb5-a7ca-49d65cff0d07:192.168.34.50:43050] returns group-A9326F89F48B:java.util.concurrent.CompletableFuture@5170b78a[Not completed]
2019-09-19 05:36:54,676 [grpc-default-executor-3] INFO  impl.RaftServerProxy (RaftServerProxy.java:addNew(89)) - fe7de604-18cd-4bb5-a7ca-49d65cff0d07: addNew group-A9326F89F48B:[02596fb2-7fc8-4fea-9c2d-9cbfb7b01134:192.168.34.50:45875, d09d32c8-55e6-4056-ad4f-cead40412d41:192.168.34.50:46167, fe7de604-18cd-4bb5-a7ca-49d65cff0d07:192.168.34.50:43050] returns group-A9326F89F48B:java.util.concurrent.CompletableFuture@a489275[Not completed]
2019-09-19 05:36:54,684 [Command processor thread] INFO  commandhandler.CreatePipelineCommandHandler (CreatePipelineCommandHandler.java:handle(112)) - Create Pipeline RATIS THREE #PipelineID=2df0d938-77a2-473c-ada7-a9326f89f48b command succeed on datanode 02596fb2-7fc8-4fea-9c2d-9cbfb7b01134.
2019-09-19 05:36:54,686 [pool-27-thread-1] INFO  impl.RaftServerImpl (RaftServerImpl.java:<init>(93)) - fe7de604-18cd-4bb5-a7ca-49d65cff0d07: new RaftServerImpl for group-A9326F89F48B:[02596fb2-7fc8-4fea-9c2d-9cbfb7b01134:192.168.34.50:45875, d09d32c8-55e6-4056-ad4f-cead40412d41:192.168.34.50:46167, fe7de604-18cd-4bb5-a7ca-49d65cff0d07:192.168.34.50:43050] with ContainerStateMachine:uninitialized
2019-09-19 05:36:54,686 [pool-27-thread-1] INFO  server.RaftServerConfigKeys (ConfUtils.java:logGet(43)) - raft.server.rpc.timeout.min = 5s (custom)
2019-09-19 05:36:54,686 [pool-27-thread-1] INFO  server.RaftServerConfigKeys (ConfUtils.java:logGet(43)) - raft.server.rpc.timeout.max = 5200ms (custom)
2019-09-19 05:36:54,686 [pool-27-thread-1] INFO  server.RaftServerConfigKeys (ConfUtils.java:logGet(43)) - raft.server.rpcslowness.timeout = 120s (custom)
2019-09-19 05:36:54,686 [pool-27-thread-1] INFO  server.RaftServerConfigKeys (ConfUtils.java:logGet(43)) - raft.server.sleep.deviation.threshold = 300 (default)
2019-09-19 05:36:54,686 [pool-27-thread-1] INFO  server.RaftServerConfigKeys (ConfUtils.java:logGet(43)) - raft.server.log.appender.install.snapshot.enabled = false (custom)
2019-09-19 05:36:54,687 [pool-27-thread-1] INFO  impl.RaftServerImpl (ServerState.java:<init>(105)) - fe7de604-18cd-4bb5-a7ca-49d65cff0d07:group-A9326F89F48B ConfigurationManager, init=-1: [02596fb2-7fc8-4fea-9c2d-9cbfb7b01134:192.168.34.50:45875, d09d32c8-55e6-4056-ad4f-cead40412d41:192.168.34.50:46167, fe7de604-18cd-4bb5-a7ca-49d65cff0d07:192.168.34.50:43050], old=null, confs=<EMPTY_MAP>
2019-09-19 05:36:54,687 [pool-38-thread-1] INFO  impl.RaftServerImpl (RaftServerImpl.java:<init>(93)) - d09d32c8-55e6-4056-ad4f-cead40412d41: new RaftServerImpl for group-A9326F89F48B:[02596fb2-7fc8-4fea-9c2d-9cbfb7b01134:192.168.34.50:45875, d09d32c8-55e6-4056-ad4f-cead40412d41:192.168.34.50:46167, fe7de604-18cd-4bb5-a7ca-49d65cff0d07:192.168.34.50:43050] with ContainerStateMachine:uninitialized
2019-09-19 05:36:54,687 [pool-27-thread-1] INFO  server.RaftServerConfigKeys (ConfUtils.java:logGet(43)) - raft.server.storage.dir = [/workdir/hadoop-ozone/tools/target/test-dir/MiniOzoneClusterImpl-cbe06da4-977e-4fbb-af22-3b16938285ed/datanode-0/data/ratis] (custom)
2019-09-19 05:36:54,687 [pool-38-thread-1] INFO  server.RaftServerConfigKeys (ConfUtils.java:logGet(43)) - raft.server.rpc.timeout.min = 5s (custom)
2019-09-19 05:36:54,687 [pool-38-thread-1] INFO  server.RaftServerConfigKeys (ConfUtils.java:logGet(43)) - raft.server.rpc.timeout.max = 5200ms (custom)
2019-09-19 05:36:54,688 [pool-27-thread-1] INFO  storage.RaftStorageDirectory (RaftStorageDirectory.java:analyzeStorage(246)) - The storage directory /workdir/hadoop-ozone/tools/target/test-dir/MiniOzoneClusterImpl-cbe06da4-977e-4fbb-af22-3b16938285ed/datanode-0/data/ratis/2df0d938-77a2-473c-ada7-a9326f89f48b does not exist. Creating ...
2019-09-19 05:36:54,688 [pool-38-thread-1] INFO  server.RaftServerConfigKeys (ConfUtils.java:logGet(43)) - raft.server.rpcslowness.timeout = 120s (custom)
2019-09-19 05:36:54,688 [pool-38-thread-1] INFO  server.RaftServerConfigKeys (ConfUtils.java:logGet(43)) - raft.server.sleep.deviation.threshold = 300 (default)
2019-09-19 05:36:54,688 [pool-38-thread-1] INFO  server.RaftServerConfigKeys (ConfUtils.java:logGet(43)) - raft.server.log.appender.install.snapshot.enabled = false (custom)
2019-09-19 05:36:54,688 [pool-38-thread-1] INFO  impl.RaftServerImpl (ServerState.java:<init>(105)) - d09d32c8-55e6-4056-ad4f-cead40412d41:group-A9326F89F48B ConfigurationManager, init=-1: [02596fb2-7fc8-4fea-9c2d-9cbfb7b01134:192.168.34.50:45875, d09d32c8-55e6-4056-ad4f-cead40412d41:192.168.34.50:46167, fe7de604-18cd-4bb5-a7ca-49d65cff0d07:192.168.34.50:43050], old=null, confs=<EMPTY_MAP>
2019-09-19 05:36:54,689 [pool-38-thread-1] INFO  server.RaftServerConfigKeys (ConfUtils.java:logGet(43)) - raft.server.storage.dir = [/workdir/hadoop-ozone/tools/target/test-dir/MiniOzoneClusterImpl-cbe06da4-977e-4fbb-af22-3b16938285ed/datanode-1/data/ratis] (custom)
2019-09-19 05:36:54,689 [pool-38-thread-1] INFO  storage.RaftStorageDirectory (RaftStorageDirectory.java:analyzeStorage(246)) - The storage directory /workdir/hadoop-ozone/tools/target/test-dir/MiniOzoneClusterImpl-cbe06da4-977e-4fbb-af22-3b16938285ed/datanode-1/data/ratis/2df0d938-77a2-473c-ada7-a9326f89f48b does not exist. Creating ...
2019-09-19 05:36:54,737 [pool-38-thread-1] INFO  storage.RaftStorageDirectory (RaftStorageDirectory.java:tryLock(328)) - Lock on /workdir/hadoop-ozone/tools/target/test-dir/MiniOzoneClusterImpl-cbe06da4-977e-4fbb-af22-3b16938285ed/datanode-1/data/ratis/2df0d938-77a2-473c-ada7-a9326f89f48b/in_use.lock acquired by nodename 11168@pr-hdds-2034-srnhl-2452957315
2019-09-19 05:36:54,737 [pool-27-thread-1] INFO  storage.RaftStorageDirectory (RaftStorageDirectory.java:tryLock(328)) - Lock on /workdir/hadoop-ozone/tools/target/test-dir/MiniOzoneClusterImpl-cbe06da4-977e-4fbb-af22-3b16938285ed/datanode-0/data/ratis/2df0d938-77a2-473c-ada7-a9326f89f48b/in_use.lock acquired by nodename 11168@pr-hdds-2034-srnhl-2452957315
2019-09-19 05:36:54,788 [pool-38-thread-1] INFO  storage.RaftStorage (RaftStorage.java:format(72)) - Storage directory /workdir/hadoop-ozone/tools/target/test-dir/MiniOzoneClusterImpl-cbe06da4-977e-4fbb-af22-3b16938285ed/datanode-1/data/ratis/2df0d938-77a2-473c-ada7-a9326f89f48b has been successfully formatted.
2019-09-19 05:36:54,788 [pool-27-thread-1] INFO  storage.RaftStorage (RaftStorage.java:format(72)) - Storage directory /workdir/hadoop-ozone/tools/target/test-dir/MiniOzoneClusterImpl-cbe06da4-977e-4fbb-af22-3b16938285ed/datanode-0/data/ratis/2df0d938-77a2-473c-ada7-a9326f89f48b has been successfully formatted.
2019-09-19 05:36:54,788 [pool-38-thread-1] INFO  ratis.ContainerStateMachine (ContainerStateMachine.java:loadSnapshot(226)) - group-A9326F89F48B: The snapshot info is null. Setting the last applied indexto:(t:0, i:~)
2019-09-19 05:36:54,788 [pool-27-thread-1] INFO  ratis.ContainerStateMachine (ContainerStateMachine.java:loadSnapshot(226)) - group-A9326F89F48B: The snapshot info is null. Setting the last applied indexto:(t:0, i:~)
2019-09-19 05:36:54,788 [pool-38-thread-1] INFO  server.RaftServerConfigKeys (ConfUtils.java:logGet(43)) - raft.server.leader.election.timeout = 120s (custom)
2019-09-19 05:36:54,788 [pool-27-thread-1] INFO  server.RaftServerConfigKeys (ConfUtils.java:logGet(43)) - raft.server.leader.election.timeout = 120s (custom)
2019-09-19 05:36:54,789 [pool-38-thread-1] INFO  server.RaftServerConfigKeys (ConfUtils.java:logGet(43)) - raft.server.log.use.memory = false (default)
2019-09-19 05:36:54,789 [pool-27-thread-1] INFO  server.RaftServerConfigKeys (ConfUtils.java:logGet(43)) - raft.server.log.use.memory = false (default)
2019-09-19 05:36:54,789 [pool-38-thread-1] INFO  server.RaftServerConfigKeys (ConfUtils.java:logGet(43)) - raft.server.log.purge.gap = 1000000 (custom)
2019-09-19 05:36:54,789 [pool-27-thread-1] INFO  server.RaftServerConfigKeys (ConfUtils.java:logGet(43)) - raft.server.log.purge.gap = 1000000 (custom)
2019-09-19 05:36:54,789 [pool-38-thread-1] INFO  server.RaftServerConfigKeys (ConfUtils.java:logGet(43)) - raft.server.log.appender.buffer.byte-limit = 33554432 (custom)
2019-09-19 05:36:54,789 [pool-27-thread-1] INFO  server.RaftServerConfigKeys (ConfUtils.java:logGet(43)) - raft.server.log.appender.buffer.byte-limit = 33554432 (custom)
2019-09-19 05:36:54,790 [pool-38-thread-1] INFO  server.RaftServerConfigKeys (ConfUtils.java:logGet(43)) - raft.server.log.segment.size.max = 1048576 (custom)
2019-09-19 05:36:54,790 [pool-27-thread-1] INFO  server.RaftServerConfigKeys (ConfUtils.java:logGet(43)) - raft.server.log.segment.size.max = 1048576 (custom)
2019-09-19 05:36:54,790 [pool-38-thread-1] INFO  server.RaftServerConfigKeys (ConfUtils.java:logGet(43)) - raft.server.log.segment.cache.num.max = 2 (custom)
2019-09-19 05:36:54,790 [pool-27-thread-1] INFO  server.RaftServerConfigKeys (ConfUtils.java:logGet(43)) - raft.server.log.segment.cache.num.max = 2 (custom)
2019-09-19 05:36:54,790 [pool-38-thread-1] INFO  segmented.SegmentedRaftLogWorker (SegmentedRaftLogWorker.java:<init>(172)) - new d09d32c8-55e6-4056-ad4f-cead40412d41-SegmentedRaftLogWorker:Storage Directory /workdir/hadoop-ozone/tools/target/test-dir/MiniOzoneClusterImpl-cbe06da4-977e-4fbb-af22-3b16938285ed/datanode-1/data/ratis/2df0d938-77a2-473c-ada7-a9326f89f48b for RaftStorage:Storage Directory /workdir/hadoop-ozone/tools/target/test-dir/MiniOzoneClusterImpl-cbe06da4-977e-4fbb-af22-3b16938285ed/datanode-1/data/ratis/2df0d938-77a2-473c-ada7-a9326f89f48b
2019-09-19 05:36:54,791 [pool-27-thread-1] INFO  segmented.SegmentedRaftLogWorker (SegmentedRaftLogWorker.java:<init>(172)) - new fe7de604-18cd-4bb5-a7ca-49d65cff0d07-SegmentedRaftLogWorker:Storage Directory /workdir/hadoop-ozone/tools/target/test-dir/MiniOzoneClusterImpl-cbe06da4-977e-4fbb-af22-3b16938285ed/datanode-0/data/ratis/2df0d938-77a2-473c-ada7-a9326f89f48b for RaftStorage:Storage Directory /workdir/hadoop-ozone/tools/target/test-dir/MiniOzoneClusterImpl-cbe06da4-977e-4fbb-af22-3b16938285ed/datanode-0/data/ratis/2df0d938-77a2-473c-ada7-a9326f89f48b
2019-09-19 05:36:54,791 [pool-38-thread-1] INFO  server.RaftServerConfigKeys (ConfUtils.java:logGet(43)) - raft.server.log.queue.byte-limit = 2147483647 (custom)
2019-09-19 05:36:54,791 [pool-27-thread-1] INFO  server.RaftServerConfigKeys (ConfUtils.java:logGet(43)) - raft.server.log.queue.byte-limit = 2147483647 (custom)
2019-09-19 05:36:54,794 [pool-38-thread-1] INFO  server.RaftServerConfigKeys (ConfUtils.java:logGet(43)) - raft.server.log.queue.element-limit = 1024 (custom)
2019-09-19 05:36:54,794 [pool-27-thread-1] INFO  server.RaftServerConfigKeys (ConfUtils.java:logGet(43)) - raft.server.log.queue.element-limit = 1024 (custom)
2019-09-19 05:36:54,794 [pool-38-thread-1] INFO  server.RaftServerConfigKeys (ConfUtils.java:logGet(43)) - raft.server.log.segment.size.max = 1048576 (custom)
2019-09-19 05:36:54,794 [pool-27-thread-1] INFO  server.RaftServerConfigKeys (ConfUtils.java:logGet(43)) - raft.server.log.segment.size.max = 1048576 (custom)
2019-09-19 05:36:54,794 [pool-38-thread-1] INFO  server.RaftServerConfigKeys (ConfUtils.java:logGet(43)) - raft.server.log.preallocated.size = 16384 (custom)
2019-09-19 05:36:54,795 [pool-27-thread-1] INFO  server.RaftServerConfigKeys (ConfUtils.java:logGet(43)) - raft.server.log.preallocated.size = 16384 (custom)
2019-09-19 05:36:54,795 [pool-38-thread-1] INFO  server.RaftServerConfigKeys (ConfUtils.java:logGet(43)) - raft.server.log.write.buffer.size = 33554432 (custom)
2019-09-19 05:36:54,795 [pool-27-thread-1] INFO  server.RaftServerConfigKeys (ConfUtils.java:logGet(43)) - raft.server.log.write.buffer.size = 33554432 (custom)
2019-09-19 05:36:54,795 [pool-38-thread-1] INFO  server.RaftServerConfigKeys (ConfUtils.java:logGet(43)) - raft.server.log.force.sync.num = 128 (default)
2019-09-19 05:36:54,795 [pool-27-thread-1] INFO  server.RaftServerConfigKeys (ConfUtils.java:logGet(43)) - raft.server.log.force.sync.num = 128 (default)
2019-09-19 05:36:54,795 [pool-38-thread-1] INFO  server.RaftServerConfigKeys (ConfUtils.java:logGet(43)) - raft.server.log.statemachine.data.sync = true (default)
2019-09-19 05:36:54,796 [pool-27-thread-1] INFO  server.RaftServerConfigKeys (ConfUtils.java:logGet(43)) - raft.server.log.statemachine.data.sync = true (default)
2019-09-19 05:36:54,796 [pool-38-thread-1] INFO  server.RaftServerConfigKeys (ConfUtils.java:logGet(43)) - raft.server.log.statemachine.data.sync.timeout = 10s (default)
2019-09-19 05:36:54,796 [pool-27-thread-1] INFO  server.RaftServerConfigKeys (ConfUtils.java:logGet(43)) - raft.server.log.statemachine.data.sync.timeout = 10s (default)
2019-09-19 05:36:54,796 [pool-38-thread-1] INFO  server.RaftServerConfigKeys (ConfUtils.java:logGet(43)) - raft.server.log.statemachine.data.sync.timeout.retry = -1 (default)
2019-09-19 05:36:54,796 [pool-27-thread-1] INFO  server.RaftServerConfigKeys (ConfUtils.java:logGet(43)) - raft.server.log.statemachine.data.sync.timeout.retry = -1 (default)
2019-09-19 05:36:54,797 [pool-38-thread-1] INFO  server.RaftServerConfigKeys (ConfUtils.java:logGet(43)) - raft.server.log.statemachine.data.caching.enabled = true (custom)
2019-09-19 05:36:54,797 [pool-27-thread-1] INFO  server.RaftServerConfigKeys (ConfUtils.java:logGet(43)) - raft.server.log.statemachine.data.caching.enabled = true (custom)
2019-09-19 05:36:54,797 [pool-38-thread-1] INFO  segmented.SegmentedRaftLogWorker (SegmentedRaftLogWorker.java:lambda$new$0(132)) - d09d32c8-55e6-4056-ad4f-cead40412d41-SegmentedRaftLogWorker:Storage Directory /workdir/hadoop-ozone/tools/target/test-dir/MiniOzoneClusterImpl-cbe06da4-977e-4fbb-af22-3b16938285ed/datanode-1/data/ratis/2df0d938-77a2-473c-ada7-a9326f89f48b: flushIndex: setUnconditionally 0 -> -1
2019-09-19 05:36:54,797 [pool-27-thread-1] INFO  segmented.SegmentedRaftLogWorker (SegmentedRaftLogWorker.java:lambda$new$0(132)) - fe7de604-18cd-4bb5-a7ca-49d65cff0d07-SegmentedRaftLogWorker:Storage Directory /workdir/hadoop-ozone/tools/target/test-dir/MiniOzoneClusterImpl-cbe06da4-977e-4fbb-af22-3b16938285ed/datanode-0/data/ratis/2df0d938-77a2-473c-ada7-a9326f89f48b: flushIndex: setUnconditionally 0 -> -1
2019-09-19 05:36:54,798 [pool-38-thread-1] INFO  server.RaftServerConfigKeys (ConfUtils.java:logGet(43)) - raft.server.snapshot.auto.trigger.enabled = true (custom)
2019-09-19 05:36:54,798 [pool-27-thread-1] INFO  server.RaftServerConfigKeys (ConfUtils.java:logGet(43)) - raft.server.snapshot.auto.trigger.enabled = true (custom)
2019-09-19 05:36:54,798 [pool-38-thread-1] INFO  server.RaftServerConfigKeys (ConfUtils.java:logGet(43)) - raft.server.snapshot.auto.trigger.threshold = 10000 (custom)
2019-09-19 05:36:54,798 [pool-27-thread-1] INFO  server.RaftServerConfigKeys (ConfUtils.java:logGet(43)) - raft.server.snapshot.auto.trigger.threshold = 10000 (custom)
2019-09-19 05:36:54,798 [pool-38-thread-1] INFO  server.RaftServerConfigKeys (ConfUtils.java:logGet(43)) - raft.server.retrycache.expirytime = 600000ms (custom)
2019-09-19 05:36:54,798 [pool-27-thread-1] INFO  server.RaftServerConfigKeys (ConfUtils.java:logGet(43)) - raft.server.retrycache.expirytime = 600000ms (custom)
2019-09-19 05:36:54,799 [pool-38-thread-1] INFO  impl.RaftServerImpl (RaftServerImpl.java:start(180)) - d09d32c8-55e6-4056-ad4f-cead40412d41: start group-A9326F89F48B
2019-09-19 05:36:54,799 [pool-27-thread-1] INFO  impl.RaftServerImpl (RaftServerImpl.java:start(180)) - fe7de604-18cd-4bb5-a7ca-49d65cff0d07: start group-A9326F89F48B
2019-09-19 05:36:54,799 [pool-38-thread-1] INFO  impl.RaftServerImpl (RaftServerImpl.java:setRole(171)) - d09d32c8-55e6-4056-ad4f-cead40412d41:group-A9326F89F48B changes role from null to FOLLOWER at term 0 for startAsFollower
2019-09-19 05:36:54,799 [pool-27-thread-1] INFO  impl.RaftServerImpl (RaftServerImpl.java:setRole(171)) - fe7de604-18cd-4bb5-a7ca-49d65cff0d07:group-A9326F89F48B changes role from null to FOLLOWER at term 0 for startAsFollower
2019-09-19 05:36:54,799 [pool-38-thread-1] INFO  impl.RoleInfo (RoleInfo.java:updateAndGet(143)) - d09d32c8-55e6-4056-ad4f-cead40412d41: start FollowerState
2019-09-19 05:36:54,799 [pool-27-thread-1] INFO  impl.RoleInfo (RoleInfo.java:updateAndGet(143)) - fe7de604-18cd-4bb5-a7ca-49d65cff0d07: start FollowerState
2019-09-19 05:36:54,800 [pool-38-thread-1] INFO  util.JmxRegister (JmxRegister.java:tryRegister(44)) - Successfully registered JMX Bean with object name Ratis:service=RaftServer,group=group-A9326F89F48B,id=d09d32c8-55e6-4056-ad4f-cead40412d41
2019-09-19 05:36:54,800 [pool-27-thread-1] INFO  util.JmxRegister (JmxRegister.java:tryRegister(44)) - Successfully registered JMX Bean with object name Ratis:service=RaftServer,group=group-A9326F89F48B,id=fe7de604-18cd-4bb5-a7ca-49d65cff0d07
2019-09-19 05:36:54,802 [Command processor thread] INFO  commandhandler.CreatePipelineCommandHandler (CreatePipelineCommandHandler.java:handle(112)) - Create Pipeline RATIS THREE #PipelineID=2df0d938-77a2-473c-ada7-a9326f89f48b command succeed on datanode fe7de604-18cd-4bb5-a7ca-49d65cff0d07.
2019-09-19 05:36:54,803 [Command processor thread] INFO  commandhandler.CreatePipelineCommandHandler (CreatePipelineCommandHandler.java:handle(112)) - Create Pipeline RATIS THREE #PipelineID=2df0d938-77a2-473c-ada7-a9326f89f48b command succeed on datanode d09d32c8-55e6-4056-ad4f-cead40412d41.
 0.00% |█                                                                                                    |  0/1 Time: 0:00:032019-09-19 05:36:55,413 | INFO  | SCMAudit | user=jenkins1000 | ip=192.168.34.50 | op=SEND_HEARTBEAT {datanodeUUID=02596fb2-7fc8-4fea-9c2d-9cbfb7b01134, command=[]} | ret=SUCCESS |  
2019-09-19 05:36:55,413 [EventQueue-CreatePipelineStatusForSCMPipelineManager] INFO  pipeline.SCMPipelineManager (SCMPipelineManager.java:onMessage(469)) - receive pipeline PipelineID=2df0d938-77a2-473c-ada7-a9326f89f48b create status EXECUTED
2019-09-19 05:36:55,414 [EventQueue-CreatePipelineStatusForSCMPipelineManager] INFO  pipeline.PipelineStateManager (PipelineStateManager.java:openPipeline(134)) - Pipeline Pipeline[ Id: 2df0d938-77a2-473c-ada7-a9326f89f48b, Nodes: fe7de604-18cd-4bb5-a7ca-49d65cff0d07{ip: 192.168.34.50, host: pr-hdds-2034-srnhl-2452957315, networkLocation: /default-rack, certSerialId: null}d09d32c8-55e6-4056-ad4f-cead40412d41{ip: 192.168.34.50, host: pr-hdds-2034-srnhl-2452957315, networkLocation: /default-rack, certSerialId: null}02596fb2-7fc8-4fea-9c2d-9cbfb7b01134{ip: 192.168.34.50, host: pr-hdds-2034-srnhl-2452957315, networkLocation: /default-rack, certSerialId: null}, Type:RATIS, Factor:THREE, State:ALLOCATED] moved to OPEN state
add pipeline PipelineID=2df0d938-77a2-473c-ada7-a9326f89f48b to metrics map
2019-09-19 05:36:55,666 | INFO  | SCMAudit | user=jenkins1000 | ip=192.168.34.50 | op=SEND_HEARTBEAT {datanodeUUID=fe7de604-18cd-4bb5-a7ca-49d65cff0d07, command=[]} | ret=SUCCESS |  
2019-09-19 05:36:55,666 [EventQueue-CreatePipelineStatusForSCMPipelineManager] INFO  pipeline.SCMPipelineManager (SCMPipelineManager.java:onMessage(469)) - receive pipeline PipelineID=2df0d938-77a2-473c-ada7-a9326f89f48b create status EXECUTED
2019-09-19 05:36:55,666 | INFO  | SCMAudit | user=jenkins1000 | ip=192.168.34.50 | op=SEND_HEARTBEAT {datanodeUUID=d09d32c8-55e6-4056-ad4f-cead40412d41, command=[]} | ret=SUCCESS |  
2019-09-19 05:36:55,667 [EventQueue-CreatePipelineStatusForSCMPipelineManager] INFO  pipeline.SCMPipelineManager (SCMPipelineManager.java:onMessage(469)) - receive pipeline PipelineID=2df0d938-77a2-473c-ada7-a9326f89f48b create status EXECUTED
add pipeline PipelineID=2df0d938-77a2-473c-ada7-a9326f89f48b to metrics map
 0.00% |█                                                                                                    |  0/1 Time: 0:00:042019-09-19 05:36:56,414 | INFO  | SCMAudit | user=jenkins1000 | ip=192.168.34.50 | op=SEND_HEARTBEAT {datanodeUUID=02596fb2-7fc8-4fea-9c2d-9cbfb7b01134, command=[]} | ret=SUCCESS |  
2019-09-19 05:36:56,666 | INFO  | SCMAudit | user=jenkins1000 | ip=192.168.34.50 | op=SEND_HEARTBEAT {datanodeUUID=d09d32c8-55e6-4056-ad4f-cead40412d41, command=[]} | ret=SUCCESS |  
2019-09-19 05:36:56,667 | INFO  | SCMAudit | user=jenkins1000 | ip=192.168.34.50 | op=SEND_HEARTBEAT {datanodeUUID=fe7de604-18cd-4bb5-a7ca-49d65cff0d07, command=[]} | ret=SUCCESS |  
 100.00% |█████████████████████████████████████████████████████████████████████████████████████████████████████|  1/1 Time: 0:00:05
2019-09-19 05:36:57,413 | INFO  | SCMAudit | user=jenkins1000 | ip=192.168.34.50 | op=SEND_HEARTBEAT {datanodeUUID=02596fb2-7fc8-4fea-9c2d-9cbfb7b01134, command=[]} | ret=SUCCESS |  
2019-09-19 05:36:57,666 | INFO  | SCMAudit | user=jenkins1000 | ip=192.168.34.50 | op=SEND_HEARTBEAT {datanodeUUID=fe7de604-18cd-4bb5-a7ca-49d65cff0d07, command=[]} | ret=SUCCESS |  
2019-09-19 05:36:57,667 | INFO  | SCMAudit | user=jenkins1000 | ip=192.168.34.50 | op=SEND_HEARTBEAT {datanodeUUID=d09d32c8-55e6-4056-ad4f-cead40412d41, command=[]} | ret=SUCCESS |  
2019-09-19 05:36:58,414 | INFO  | SCMAudit | user=jenkins1000 | ip=192.168.34.50 | op=SEND_HEARTBEAT {datanodeUUID=02596fb2-7fc8-4fea-9c2d-9cbfb7b01134, command=[]} | ret=SUCCESS |  
2019-09-19 05:36:58,666 | INFO  | SCMAudit | user=jenkins1000 | ip=192.168.34.50 | op=SEND_HEARTBEAT {datanodeUUID=fe7de604-18cd-4bb5-a7ca-49d65cff0d07, command=[]} | ret=SUCCESS |  
2019-09-19 05:36:58,668 | INFO  | SCMAudit | user=jenkins1000 | ip=192.168.34.50 | op=SEND_HEARTBEAT {datanodeUUID=d09d32c8-55e6-4056-ad4f-cead40412d41, command=[]} | ret=SUCCESS |  
2019-09-19 05:36:59,413 | INFO  | SCMAudit | user=jenkins1000 | ip=192.168.34.50 | op=SEND_HEARTBEAT {datanodeUUID=02596fb2-7fc8-4fea-9c2d-9cbfb7b01134, command=[]} | ret=SUCCESS |  
2019-09-19 05:36:59,666 | INFO  | SCMAudit | user=jenkins1000 | ip=192.168.34.50 | op=SEND_HEARTBEAT {datanodeUUID=fe7de604-18cd-4bb5-a7ca-49d65cff0d07, command=[]} | ret=SUCCESS |  
2019-09-19 05:36:59,668 | INFO  | SCMAudit | user=jenkins1000 | ip=192.168.34.50 | op=SEND_HEARTBEAT {datanodeUUID=d09d32c8-55e6-4056-ad4f-cead40412d41, command=[]} | ret=SUCCESS |  
2019-09-19 05:36:59,818 [Thread-492] INFO  impl.FollowerState (FollowerState.java:run(106)) - 02596fb2-7fc8-4fea-9c2d-9cbfb7b01134:group-A9326F89F48B changes to CANDIDATE, lastRpcTime:5144, electionTimeout:5144ms
2019-09-19 05:36:59,820 [Thread-492] INFO  impl.RoleInfo (RoleInfo.java:shutdownFollowerState(121)) - 02596fb2-7fc8-4fea-9c2d-9cbfb7b01134: shutdown FollowerState
2019-09-19 05:36:59,820 [Thread-492] INFO  impl.RaftServerImpl (RaftServerImpl.java:setRole(171)) - 02596fb2-7fc8-4fea-9c2d-9cbfb7b01134:group-A9326F89F48B changes role from FOLLOWER to CANDIDATE at term 0 for changeToCandidate
2019-09-19 05:36:59,821 [Thread-492] INFO  impl.RoleInfo (RoleInfo.java:updateAndGet(143)) - 02596fb2-7fc8-4fea-9c2d-9cbfb7b01134: start LeaderElection
2019-09-19 05:36:59,899 [Thread-497] INFO  impl.FollowerState (FollowerState.java:run(106)) - fe7de604-18cd-4bb5-a7ca-49d65cff0d07:group-A9326F89F48B changes to CANDIDATE, lastRpcTime:5099, electionTimeout:5099ms
2019-09-19 05:36:59,899 [Thread-497] INFO  impl.RoleInfo (RoleInfo.java:shutdownFollowerState(121)) - fe7de604-18cd-4bb5-a7ca-49d65cff0d07: shutdown FollowerState
2019-09-19 05:36:59,899 [Thread-497] INFO  impl.RaftServerImpl (RaftServerImpl.java:setRole(171)) - fe7de604-18cd-4bb5-a7ca-49d65cff0d07:group-A9326F89F48B changes role from FOLLOWER to CANDIDATE at term 0 for changeToCandidate
2019-09-19 05:36:59,900 [Thread-497] INFO  impl.RoleInfo (RoleInfo.java:updateAndGet(143)) - fe7de604-18cd-4bb5-a7ca-49d65cff0d07: start LeaderElection
2019-09-19 05:36:59,934 [02596fb2-7fc8-4fea-9c2d-9cbfb7b01134:group-A9326F89F48B:LeaderElection5] INFO  impl.LeaderElection (LeaderElection.java:askForVotes(181)) - 02596fb2-7fc8-4fea-9c2d-9cbfb7b01134:group-A9326F89F48B:LeaderElection5: begin an election at term 1 for -1: [02596fb2-7fc8-4fea-9c2d-9cbfb7b01134:192.168.34.50:45875, d09d32c8-55e6-4056-ad4f-cead40412d41:192.168.34.50:46167, fe7de604-18cd-4bb5-a7ca-49d65cff0d07:192.168.34.50:43050], old=null
2019-09-19 05:36:59,948 [grpc-default-executor-4] INFO  impl.RaftServerImpl (RaftServerImpl.java:setRole(171)) - d09d32c8-55e6-4056-ad4f-cead40412d41:group-A9326F89F48B changes role from FOLLOWER to FOLLOWER at term 1 for recognizeCandidate:02596fb2-7fc8-4fea-9c2d-9cbfb7b01134
2019-09-19 05:36:59,948 [grpc-default-executor-4] INFO  impl.RoleInfo (RoleInfo.java:shutdownFollowerState(121)) - d09d32c8-55e6-4056-ad4f-cead40412d41: shutdown FollowerState
2019-09-19 05:36:59,948 [grpc-default-executor-4] INFO  impl.RoleInfo (RoleInfo.java:updateAndGet(143)) - d09d32c8-55e6-4056-ad4f-cead40412d41: start FollowerState
2019-09-19 05:36:59,948 [Thread-496] INFO  impl.FollowerState (FollowerState.java:run(114)) - d09d32c8-55e6-4056-ad4f-cead40412d41: FollowerState was interrupted: java.lang.InterruptedException: sleep interrupted
2019-09-19 05:36:59,952 [fe7de604-18cd-4bb5-a7ca-49d65cff0d07:group-A9326F89F48B:LeaderElection6] INFO  impl.LeaderElection (LeaderElection.java:askForVotes(181)) - fe7de604-18cd-4bb5-a7ca-49d65cff0d07:group-A9326F89F48B:LeaderElection6: begin an election at term 1 for -1: [02596fb2-7fc8-4fea-9c2d-9cbfb7b01134:192.168.34.50:45875, d09d32c8-55e6-4056-ad4f-cead40412d41:192.168.34.50:46167, fe7de604-18cd-4bb5-a7ca-49d65cff0d07:192.168.34.50:43050], old=null
2019-09-19 05:37:00,002 [02596fb2-7fc8-4fea-9c2d-9cbfb7b01134:group-A9326F89F48B:LeaderElection5] INFO  impl.LeaderElection (LeaderElection.java:logAndReturn(56)) - 02596fb2-7fc8-4fea-9c2d-9cbfb7b01134:group-A9326F89F48B:LeaderElection5: Election PASSED; received 2 response(s) [02596fb2-7fc8-4fea-9c2d-9cbfb7b01134<-d09d32c8-55e6-4056-ad4f-cead40412d41#0:OK-t1, 02596fb2-7fc8-4fea-9c2d-9cbfb7b01134<-fe7de604-18cd-4bb5-a7ca-49d65cff0d07#0:FAIL-t1] and 0 exception(s); 02596fb2-7fc8-4fea-9c2d-9cbfb7b01134:t1, leader=null, voted=02596fb2-7fc8-4fea-9c2d-9cbfb7b01134, raftlog=02596fb2-7fc8-4fea-9c2d-9cbfb7b01134-SegmentedRaftLog:OPENED:c-1,f-1,i0, conf=-1: [02596fb2-7fc8-4fea-9c2d-9cbfb7b01134:192.168.34.50:45875, d09d32c8-55e6-4056-ad4f-cead40412d41:192.168.34.50:46167, fe7de604-18cd-4bb5-a7ca-49d65cff0d07:192.168.34.50:43050], old=null
2019-09-19 05:37:00,003 [02596fb2-7fc8-4fea-9c2d-9cbfb7b01134:group-A9326F89F48B:LeaderElection5] INFO  impl.RoleInfo (RoleInfo.java:shutdownLeaderElection(134)) - 02596fb2-7fc8-4fea-9c2d-9cbfb7b01134: shutdown LeaderElection
2019-09-19 05:37:00,003 [fe7de604-18cd-4bb5-a7ca-49d65cff0d07:group-A9326F89F48B:LeaderElection6] INFO  impl.LeaderElection (LeaderElection.java:logAndReturn(56)) - fe7de604-18cd-4bb5-a7ca-49d65cff0d07:group-A9326F89F48B:LeaderElection6: Election REJECTED; received 2 response(s) [fe7de604-18cd-4bb5-a7ca-49d65cff0d07<-02596fb2-7fc8-4fea-9c2d-9cbfb7b01134#0:FAIL-t1, fe7de604-18cd-4bb5-a7ca-49d65cff0d07<-d09d32c8-55e6-4056-ad4f-cead40412d41#0:FAIL-t1] and 0 exception(s); fe7de604-18cd-4bb5-a7ca-49d65cff0d07:t1, leader=null, voted=fe7de604-18cd-4bb5-a7ca-49d65cff0d07, raftlog=fe7de604-18cd-4bb5-a7ca-49d65cff0d07-SegmentedRaftLog:OPENED:c-1,f-1,i0, conf=-1: [02596fb2-7fc8-4fea-9c2d-9cbfb7b01134:192.168.34.50:45875, d09d32c8-55e6-4056-ad4f-cead40412d41:192.168.34.50:46167, fe7de604-18cd-4bb5-a7ca-49d65cff0d07:192.168.34.50:43050], old=null
2019-09-19 05:37:00,004 [02596fb2-7fc8-4fea-9c2d-9cbfb7b01134:group-A9326F89F48B:LeaderElection5] INFO  impl.RaftServerImpl (RaftServerImpl.java:setRole(171)) - 02596fb2-7fc8-4fea-9c2d-9cbfb7b01134:group-A9326F89F48B changes role from CANDIDATE to LEADER at term 1 for changeToLeader
2019-09-19 05:37:00,005 [fe7de604-18cd-4bb5-a7ca-49d65cff0d07:group-A9326F89F48B:LeaderElection6] INFO  impl.RaftServerImpl (RaftServerImpl.java:setRole(171)) - fe7de604-18cd-4bb5-a7ca-49d65cff0d07:group-A9326F89F48B changes role from CANDIDATE to FOLLOWER at term 1 for DISCOVERED_A_NEW_TERM
2019-09-19 05:37:00,007 [02596fb2-7fc8-4fea-9c2d-9cbfb7b01134:group-A9326F89F48B:LeaderElection5] INFO  impl.RaftServerImpl (ServerState.java:setLeader(263)) - 02596fb2-7fc8-4fea-9c2d-9cbfb7b01134:group-A9326F89F48B change Leader from null to 02596fb2-7fc8-4fea-9c2d-9cbfb7b01134 at term 1 for becomeLeader, leader elected after 5341ms
2019-09-19 05:37:00,007 [fe7de604-18cd-4bb5-a7ca-49d65cff0d07:group-A9326F89F48B:LeaderElection6] INFO  impl.RoleInfo (RoleInfo.java:shutdownLeaderElection(134)) - fe7de604-18cd-4bb5-a7ca-49d65cff0d07: shutdown LeaderElection
2019-09-19 05:37:00,008 [02596fb2-7fc8-4fea-9c2d-9cbfb7b01134:group-A9326F89F48B:LeaderElection5] INFO  server.RaftServerConfigKeys (ConfUtils.java:logGet(43)) - raft.server.staging.catchup.gap = 1000 (default)
2019-09-19 05:37:00,008 [fe7de604-18cd-4bb5-a7ca-49d65cff0d07:group-A9326F89F48B:LeaderElection6] INFO  impl.RoleInfo (RoleInfo.java:updateAndGet(143)) - fe7de604-18cd-4bb5-a7ca-49d65cff0d07: start FollowerState
2019-09-19 05:37:00,008 [02596fb2-7fc8-4fea-9c2d-9cbfb7b01134:group-A9326F89F48B:LeaderElection5] INFO  server.RaftServerConfigKeys (ConfUtils.java:logGet(43)) - raft.server.rpc.sleep.time = 25ms (default)
2019-09-19 05:37:00,009 [02596fb2-7fc8-4fea-9c2d-9cbfb7b01134:group-A9326F89F48B:LeaderElection5] INFO  server.RaftServerConfigKeys (ConfUtils.java:logGet(43)) - raft.server.write.element-limit = 4096 (default)
2019-09-19 05:37:00,010 [02596fb2-7fc8-4fea-9c2d-9cbfb7b01134:group-A9326F89F48B:LeaderElection5] INFO  server.RaftServerConfigKeys (ConfUtils.java:logGet(43)) - raft.server.watch.timeout = 10s (default)
2019-09-19 05:37:00,010 [02596fb2-7fc8-4fea-9c2d-9cbfb7b01134:group-A9326F89F48B:LeaderElection5] INFO  server.RaftServerConfigKeys (ConfUtils.java:logGet(43)) - raft.server.watch.timeout.denomination = 1s (default)
2019-09-19 05:37:00,010 [02596fb2-7fc8-4fea-9c2d-9cbfb7b01134:group-A9326F89F48B:LeaderElection5] INFO  server.RaftServerConfigKeys (ConfUtils.java:logGet(43)) - raft.server.watch.element-limit = 65536 (default)
2019-09-19 05:37:00,010 [02596fb2-7fc8-4fea-9c2d-9cbfb7b01134:group-A9326F89F48B:LeaderElection5] INFO  server.RaftServerConfigKeys (ConfUtils.java:logGet(43)) - raft.server.log.appender.snapshot.chunk.size.max = 16MB (=16777216) (default)
2019-09-19 05:37:00,011 [02596fb2-7fc8-4fea-9c2d-9cbfb7b01134:group-A9326F89F48B:LeaderElection5] INFO  server.RaftServerConfigKeys (ConfUtils.java:logGet(43)) - raft.server.log.appender.buffer.byte-limit = 33554432 (custom)
2019-09-19 05:37:00,011 [02596fb2-7fc8-4fea-9c2d-9cbfb7b01134:group-A9326F89F48B:LeaderElection5] INFO  server.RaftServerConfigKeys (ConfUtils.java:logGet(43)) - raft.server.log.appender.buffer.element-limit = 1 (custom)
2019-09-19 05:37:00,011 [02596fb2-7fc8-4fea-9c2d-9cbfb7b01134:group-A9326F89F48B:LeaderElection5] INFO  grpc.GrpcConfigKeys$Server (ConfUtils.java:logGet(43)) - raft.grpc.server.leader.outstanding.appends.max = 128 (default)
2019-09-19 05:37:00,014 [02596fb2-7fc8-4fea-9c2d-9cbfb7b01134:group-A9326F89F48B:LeaderElection5] INFO  server.RaftServerConfigKeys (ConfUtils.java:logGet(43)) - raft.server.rpc.request.timeout = 3000ms (default)
2019-09-19 05:37:00,014 [02596fb2-7fc8-4fea-9c2d-9cbfb7b01134:group-A9326F89F48B:LeaderElection5] INFO  server.RaftServerConfigKeys (ConfUtils.java:logGet(43)) - raft.server.log.appender.install.snapshot.enabled = false (custom)
2019-09-19 05:37:00,015 [02596fb2-7fc8-4fea-9c2d-9cbfb7b01134:group-A9326F89F48B:LeaderElection5] INFO  server.RaftServerConfigKeys (ConfUtils.java:logGet(43)) - raft.server.log.appender.snapshot.chunk.size.max = 16MB (=16777216) (default)
2019-09-19 05:37:00,015 [02596fb2-7fc8-4fea-9c2d-9cbfb7b01134:group-A9326F89F48B:LeaderElection5] INFO  server.RaftServerConfigKeys (ConfUtils.java:logGet(43)) - raft.server.log.appender.buffer.byte-limit = 33554432 (custom)
2019-09-19 05:37:00,015 [02596fb2-7fc8-4fea-9c2d-9cbfb7b01134:group-A9326F89F48B:LeaderElection5] INFO  server.RaftServerConfigKeys (ConfUtils.java:logGet(43)) - raft.server.log.appender.buffer.element-limit = 1 (custom)
2019-09-19 05:37:00,015 [02596fb2-7fc8-4fea-9c2d-9cbfb7b01134:group-A9326F89F48B:LeaderElection5] INFO  grpc.GrpcConfigKeys$Server (ConfUtils.java:logGet(43)) - raft.grpc.server.leader.outstanding.appends.max = 128 (default)
2019-09-19 05:37:00,016 [02596fb2-7fc8-4fea-9c2d-9cbfb7b01134:group-A9326F89F48B:LeaderElection5] INFO  server.RaftServerConfigKeys (ConfUtils.java:logGet(43)) - raft.server.rpc.request.timeout = 3000ms (default)
2019-09-19 05:37:00,016 [02596fb2-7fc8-4fea-9c2d-9cbfb7b01134:group-A9326F89F48B:LeaderElection5] INFO  server.RaftServerConfigKeys (ConfUtils.java:logGet(43)) - raft.server.log.appender.install.snapshot.enabled = false (custom)
2019-09-19 05:37:00,016 [02596fb2-7fc8-4fea-9c2d-9cbfb7b01134:group-A9326F89F48B:LeaderElection5] INFO  impl.RoleInfo (RoleInfo.java:updateAndGet(143)) - 02596fb2-7fc8-4fea-9c2d-9cbfb7b01134: start LeaderState
2019-09-19 05:37:00,017 [02596fb2-7fc8-4fea-9c2d-9cbfb7b01134:group-A9326F89F48B:LeaderElection5] INFO  segmented.SegmentedRaftLogWorker (SegmentedRaftLogWorker.java:startLogSegment(380)) - 02596fb2-7fc8-4fea-9c2d-9cbfb7b01134-SegmentedRaftLogWorker:Storage Directory /workdir/hadoop-ozone/tools/target/test-dir/MiniOzoneClusterImpl-cbe06da4-977e-4fbb-af22-3b16938285ed/datanode-2/data/ratis/2df0d938-77a2-473c-ada7-a9326f89f48b: Starting segment from index:0
2019-09-19 05:37:00,018 [02596fb2-7fc8-4fea-9c2d-9cbfb7b01134:group-A9326F89F48B:LeaderElection5] INFO  impl.RaftServerImpl (ServerState.java:setRaftConf(361)) - 02596fb2-7fc8-4fea-9c2d-9cbfb7b01134:group-A9326F89F48B set configuration 0: [02596fb2-7fc8-4fea-9c2d-9cbfb7b01134:192.168.34.50:45875, d09d32c8-55e6-4056-ad4f-cead40412d41:192.168.34.50:46167, fe7de604-18cd-4bb5-a7ca-49d65cff0d07:192.168.34.50:43050], old=null at 0
2019-09-19 05:37:00,046 [grpc-default-executor-4] INFO  impl.RaftServerImpl (ServerState.java:setLeader(263)) - fe7de604-18cd-4bb5-a7ca-49d65cff0d07:group-A9326F89F48B change Leader from null to 02596fb2-7fc8-4fea-9c2d-9cbfb7b01134 at term 1 for appendEntries, leader elected after 5257ms
2019-09-19 05:37:00,046 [grpc-default-executor-1] INFO  impl.RaftServerImpl (ServerState.java:setLeader(263)) - d09d32c8-55e6-4056-ad4f-cead40412d41:group-A9326F89F48B change Leader from null to 02596fb2-7fc8-4fea-9c2d-9cbfb7b01134 at term 1 for appendEntries, leader elected after 5257ms
2019-09-19 05:37:00,049 [grpc-default-executor-1] INFO  impl.RaftServerImpl (ServerState.java:setRaftConf(361)) - fe7de604-18cd-4bb5-a7ca-49d65cff0d07:group-A9326F89F48B set configuration 0: [02596fb2-7fc8-4fea-9c2d-9cbfb7b01134:192.168.34.50:45875, d09d32c8-55e6-4056-ad4f-cead40412d41:192.168.34.50:46167, fe7de604-18cd-4bb5-a7ca-49d65cff0d07:192.168.34.50:43050], old=null at 0
2019-09-19 05:37:00,049 [grpc-default-executor-4] INFO  impl.RaftServerImpl (ServerState.java:setRaftConf(361)) - d09d32c8-55e6-4056-ad4f-cead40412d41:group-A9326F89F48B set configuration 0: [02596fb2-7fc8-4fea-9c2d-9cbfb7b01134:192.168.34.50:45875, d09d32c8-55e6-4056-ad4f-cead40412d41:192.168.34.50:46167, fe7de604-18cd-4bb5-a7ca-49d65cff0d07:192.168.34.50:43050], old=null at 0
2019-09-19 05:37:00,049 [grpc-default-executor-1] INFO  segmented.SegmentedRaftLogWorker (SegmentedRaftLogWorker.java:startLogSegment(380)) - fe7de604-18cd-4bb5-a7ca-49d65cff0d07-SegmentedRaftLogWorker:Storage Directory /workdir/hadoop-ozone/tools/target/test-dir/MiniOzoneClusterImpl-cbe06da4-977e-4fbb-af22-3b16938285ed/datanode-0/data/ratis/2df0d938-77a2-473c-ada7-a9326f89f48b: Starting segment from index:0
2019-09-19 05:37:00,050 [grpc-default-executor-4] INFO  segmented.SegmentedRaftLogWorker (SegmentedRaftLogWorker.java:startLogSegment(380)) - d09d32c8-55e6-4056-ad4f-cead40412d41-SegmentedRaftLogWorker:Storage Directory /workdir/hadoop-ozone/tools/target/test-dir/MiniOzoneClusterImpl-cbe06da4-977e-4fbb-af22-3b16938285ed/datanode-1/data/ratis/2df0d938-77a2-473c-ada7-a9326f89f48b: Starting segment from index:0
2019-09-19 05:37:00,089 [02596fb2-7fc8-4fea-9c2d-9cbfb7b01134-SegmentedRaftLogWorker:Storage Directory /workdir/hadoop-ozone/tools/target/test-dir/MiniOzoneClusterImpl-cbe06da4-977e-4fbb-af22-3b16938285ed/datanode-2/data/ratis/2df0d938-77a2-473c-ada7-a9326f89f48b] INFO  segmented.SegmentedRaftLogWorker (SegmentedRaftLogWorker.java:execute(569)) - 02596fb2-7fc8-4fea-9c2d-9cbfb7b01134-SegmentedRaftLogWorker:Storage Directory /workdir/hadoop-ozone/tools/target/test-dir/MiniOzoneClusterImpl-cbe06da4-977e-4fbb-af22-3b16938285ed/datanode-2/data/ratis/2df0d938-77a2-473c-ada7-a9326f89f48b: created new log segment /workdir/hadoop-ozone/tools/target/test-dir/MiniOzoneClusterImpl-cbe06da4-977e-4fbb-af22-3b16938285ed/datanode-2/data/ratis/2df0d938-77a2-473c-ada7-a9326f89f48b/current/log_inprogress_0
2019-09-19 05:37:00,133 [fe7de604-18cd-4bb5-a7ca-49d65cff0d07-SegmentedRaftLogWorker:Storage Directory /workdir/hadoop-ozone/tools/target/test-dir/MiniOzoneClusterImpl-cbe06da4-977e-4fbb-af22-3b16938285ed/datanode-0/data/ratis/2df0d938-77a2-473c-ada7-a9326f89f48b] INFO  segmented.SegmentedRaftLogWorker (SegmentedRaftLogWorker.java:execute(569)) - fe7de604-18cd-4bb5-a7ca-49d65cff0d07-SegmentedRaftLogWorker:Storage Directory /workdir/hadoop-ozone/tools/target/test-dir/MiniOzoneClusterImpl-cbe06da4-977e-4fbb-af22-3b16938285ed/datanode-0/data/ratis/2df0d938-77a2-473c-ada7-a9326f89f48b: created new log segment /workdir/hadoop-ozone/tools/target/test-dir/MiniOzoneClusterImpl-cbe06da4-977e-4fbb-af22-3b16938285ed/datanode-0/data/ratis/2df0d938-77a2-473c-ada7-a9326f89f48b/current/log_inprogress_0
2019-09-19 05:37:00,133 [d09d32c8-55e6-4056-ad4f-cead40412d41-SegmentedRaftLogWorker:Storage Directory /workdir/hadoop-ozone/tools/target/test-dir/MiniOzoneClusterImpl-cbe06da4-977e-4fbb-af22-3b16938285ed/datanode-1/data/ratis/2df0d938-77a2-473c-ada7-a9326f89f48b] INFO  segmented.SegmentedRaftLogWorker (SegmentedRaftLogWorker.java:execute(569)) - d09d32c8-55e6-4056-ad4f-cead40412d41-SegmentedRaftLogWorker:Storage Directory /workdir/hadoop-ozone/tools/target/test-dir/MiniOzoneClusterImpl-cbe06da4-977e-4fbb-af22-3b16938285ed/datanode-1/data/ratis/2df0d938-77a2-473c-ada7-a9326f89f48b: created new log segment /workdir/hadoop-ozone/tools/target/test-dir/MiniOzoneClusterImpl-cbe06da4-977e-4fbb-af22-3b16938285ed/datanode-1/data/ratis/2df0d938-77a2-473c-ada7-a9326f89f48b/current/log_inprogress_0
2019-09-19 05:37:00,414 | INFO  | SCMAudit | user=jenkins1000 | ip=192.168.34.50 | op=SEND_HEARTBEAT {datanodeUUID=02596fb2-7fc8-4fea-9c2d-9cbfb7b01134, command=[]} | ret=SUCCESS |  
2019-09-19 05:37:00,666 | INFO  | SCMAudit | user=jenkins1000 | ip=192.168.34.50 | op=SEND_HEARTBEAT {datanodeUUID=fe7de604-18cd-4bb5-a7ca-49d65cff0d07, command=[]} | ret=SUCCESS |  
2019-09-19 05:37:00,668 | INFO  | SCMAudit | user=jenkins1000 | ip=192.168.34.50 | op=SEND_HEARTBEAT {datanodeUUID=d09d32c8-55e6-4056-ad4f-cead40412d41, command=[]} | ret=SUCCESS |  
2019-09-19 05:37:01,415 | INFO  | SCMAudit | user=jenkins1000 | ip=192.168.34.50 | op=SEND_HEARTBEAT {datanodeUUID=02596fb2-7fc8-4fea-9c2d-9cbfb7b01134, command=[]} | ret=SUCCESS |  
2019-09-19 05:37:01,666 | INFO  | SCMAudit | user=jenkins1000 | ip=192.168.34.50 | op=SEND_HEARTBEAT {datanodeUUID=fe7de604-18cd-4bb5-a7ca-49d65cff0d07, command=[]} | ret=SUCCESS |  
2019-09-19 05:37:01,669 | INFO  | SCMAudit | user=jenkins1000 | ip=192.168.34.50 | op=SEND_HEARTBEAT {datanodeUUID=d09d32c8-55e6-4056-ad4f-cead40412d41, command=[]} | ret=SUCCESS |  
]]></system-out>
    <system-err><![CDATA[Sep 19, 2019 5:36:26 AM com.sun.jersey.server.impl.application.WebApplicationImpl _initiate
INFO: Initiating Jersey application, version 'Jersey: 1.19 02/11/2015 03:25 AM'
Sep 19, 2019 5:36:27 AM com.sun.jersey.server.impl.application.WebApplicationImpl _initiate
INFO: Initiating Jersey application, version 'Jersey: 1.19 02/11/2015 03:25 AM'
Sep 19, 2019 5:36:27 AM com.sun.jersey.server.impl.application.WebApplicationImpl _initiate
INFO: Initiating Jersey application, version 'Jersey: 1.19 02/11/2015 03:25 AM'
]]></system-err>
  </testcase>
</testsuite>