<?xml version="1.0" encoding="UTF-8"?>
<testsuite xmlns:xsi="http://www.w3.org/2001/XMLSchema-instance" xsi:noNamespaceSchemaLocation="https://maven.apache.org/surefire/maven-surefire-plugin/xsd/surefire-test-report.xsd" name="org.apache.hadoop.ozone.client.rpc.TestBlockOutputStreamWithFailures" time="674.858" tests="8" errors="0" skipped="0" failures="1">
  <properties>
    <property name="awt.toolkit" value="sun.awt.X11.XToolkit"/>
    <property name="file.encoding.pkg" value="sun.io"/>
    <property name="java.specification.version" value="1.8"/>
    <property name="sun.cpu.isalist" value=""/>
    <property name="sun.jnu.encoding" value="UTF-8"/>
    <property name="java.class.path" value="/workdir/hadoop-ozone/integration-test/target/test-classes:/workdir/hadoop-ozone/integration-test/target/classes:/home/user/.m2/repository/org/apache/hadoop/hadoop-ozone-common/0.5.0-SNAPSHOT/hadoop-ozone-common-0.5.0-SNAPSHOT.jar:/home/user/.m2/repository/org/apache/commons/commons-compress/1.4.1/commons-compress-1.4.1.jar:/home/user/.m2/repository/org/tukaani/xz/1.0/xz-1.0.jar:/home/user/.m2/repository/org/apache/hadoop/hadoop-common/3.2.0/hadoop-common-3.2.0.jar:/home/user/.m2/repository/org/apache/hadoop/hadoop-hdfs/3.2.0/hadoop-hdfs-3.2.0.jar:/home/user/.m2/repository/org/apache/hadoop/hadoop-hdfs-client/3.2.0/hadoop-hdfs-client-3.2.0.jar:/home/user/.m2/repository/com/fasterxml/jackson/core/jackson-annotations/2.9.5/jackson-annotations-2.9.5.jar:/home/user/.m2/repository/org/apache/hadoop/hadoop-hdds-common/0.5.0-SNAPSHOT/hadoop-hdds-common-0.5.0-SNAPSHOT.jar:/home/user/.m2/repository/javax/annotation/javax.annotation-api/1.2/javax.annotation-api-1.2.jar:/home/user/.m2/repository/org/apache/ratis/ratis-server/0.4.0-2337318-SNAPSHOT/ratis-server-0.4.0-2337318-SNAPSHOT.jar:/home/user/.m2/repository/org/apache/ratis/ratis-thirdparty-misc/0.2.0/ratis-thirdparty-misc-0.2.0.jar:/home/user/.m2/repository/org/apache/ratis/ratis-proto/0.4.0-2337318-SNAPSHOT/ratis-proto-0.4.0-2337318-SNAPSHOT.jar:/home/user/.m2/repository/org/apache/ratis/ratis-common/0.4.0-2337318-SNAPSHOT/ratis-common-0.4.0-2337318-SNAPSHOT.jar:/home/user/.m2/repository/org/apache/ratis/ratis-client/0.4.0-2337318-SNAPSHOT/ratis-client-0.4.0-2337318-SNAPSHOT.jar:/home/user/.m2/repository/org/apache/ratis/ratis-metrics/0.4.0-2337318-SNAPSHOT/ratis-metrics-0.4.0-2337318-SNAPSHOT.jar:/home/user/.m2/repository/org/apache/ratis/ratis-netty/0.4.0-2337318-SNAPSHOT/ratis-netty-0.4.0-2337318-SNAPSHOT.jar:/home/user/.m2/repository/org/apache/ratis/ratis-grpc/0.4.0-2337318-SNAPSHOT/ratis-grpc-0.4.0-2337318-SNAPSHOT.jar:/home/user/.m2/repository/org/rocksdb/rocksdbjni/6.0.1/rocksdbjni-6.0.1.jar:/home/user/.m2/repository/org/apache/logging/log4j/log4j-api/2.11.0/log4j-api-2.11.0.jar:/home/user/.m2/repository/org/apache/logging/log4j/log4j-core/2.11.0/log4j-core-2.11.0.jar:/home/user/.m2/repository/com/lmax/disruptor/3.4.2/disruptor-3.4.2.jar:/home/user/.m2/repository/org/apache/commons/commons-pool2/2.6.0/commons-pool2-2.6.0.jar:/home/user/.m2/repository/org/bouncycastle/bcpkix-jdk15on/1.60/bcpkix-jdk15on-1.60.jar:/home/user/.m2/repository/commons-validator/commons-validator/1.6/commons-validator-1.6.jar:/home/user/.m2/repository/commons-digester/commons-digester/1.8.1/commons-digester-1.8.1.jar:/home/user/.m2/repository/io/jaegertracing/jaeger-client/0.33.1/jaeger-client-0.33.1.jar:/home/user/.m2/repository/io/jaegertracing/jaeger-thrift/0.33.1/jaeger-thrift-0.33.1.jar:/home/user/.m2/repository/org/apache/thrift/libthrift/0.11.0/libthrift-0.11.0.jar:/home/user/.m2/repository/com/squareup/okhttp3/okhttp/3.9.0/okhttp-3.9.0.jar:/home/user/.m2/repository/com/squareup/okio/okio/1.13.0/okio-1.13.0.jar:/home/user/.m2/repository/io/jaegertracing/jaeger-core/0.33.1/jaeger-core-0.33.1.jar:/home/user/.m2/repository/io/jaegertracing/jaeger-tracerresolver/0.33.1/jaeger-tracerresolver-0.33.1.jar:/home/user/.m2/repository/io/opentracing/contrib/opentracing-tracerresolver/0.1.5/opentracing-tracerresolver-0.1.5.jar:/home/user/.m2/repository/io/opentracing/opentracing-util/0.31.0/opentracing-util-0.31.0.jar:/home/user/.m2/repository/io/opentracing/opentracing-api/0.31.0/opentracing-api-0.31.0.jar:/home/user/.m2/repository/io/opentracing/opentracing-noop/0.31.0/opentracing-noop-0.31.0.jar:/home/user/.m2/repository/org/apache/hadoop/hadoop-hdds-server-framework/0.5.0-SNAPSHOT/hadoop-hdds-server-framework-0.5.0-SNAPSHOT.jar:/home/user/.m2/repository/org/apache/hadoop/hadoop-hdds-container-service/0.5.0-SNAPSHOT/hadoop-hdds-container-service-0.5.0-SNAPSHOT.jar:/home/user/.m2/repository/org/apache/hadoop/hadoop-hdds-client/0.5.0-SNAPSHOT/hadoop-hdds-client-0.5.0-SNAPSHOT.jar:/home/user/.m2/repository/org/apache/hadoop/hadoop-hdds-tools/0.5.0-SNAPSHOT/hadoop-hdds-tools-0.5.0-SNAPSHOT.jar:/home/user/.m2/repository/org/apache/hadoop/hadoop-hdds-server-scm/0.5.0-SNAPSHOT/hadoop-hdds-server-scm-0.5.0-SNAPSHOT.jar:/home/user/.m2/repository/org/apache/hadoop/hadoop-hdds-docs/0.5.0-SNAPSHOT/hadoop-hdds-docs-0.5.0-SNAPSHOT.jar:/home/user/.m2/repository/io/dropwizard/metrics/metrics-core/3.2.4/metrics-core-3.2.4.jar:/home/user/.m2/repository/org/hamcrest/hamcrest-all/1.3/hamcrest-all-1.3.jar:/home/user/.m2/repository/org/bouncycastle/bcprov-jdk15on/1.60/bcprov-jdk15on-1.60.jar:/home/user/.m2/repository/info/picocli/picocli/3.9.6/picocli-3.9.6.jar:/home/user/.m2/repository/com/google/protobuf/protobuf-java/2.5.0/protobuf-java-2.5.0.jar:/home/user/.m2/repository/com/google/guava/guava/11.0.2/guava-11.0.2.jar:/home/user/.m2/repository/org/apache/hadoop/hadoop-ozone-ozone-manager/0.5.0-SNAPSHOT/hadoop-ozone-ozone-manager-0.5.0-SNAPSHOT.jar:/home/user/.m2/repository/org/apache/hadoop/hadoop-minikdc/3.2.0/hadoop-minikdc-3.2.0.jar:/home/user/.m2/repository/commons-io/commons-io/2.5/commons-io-2.5.jar:/home/user/.m2/repository/org/apache/kerby/kerb-simplekdc/1.0.1/kerb-simplekdc-1.0.1.jar:/home/user/.m2/repository/org/apache/kerby/kerb-client/1.0.1/kerb-client-1.0.1.jar:/home/user/.m2/repository/org/apache/kerby/kerby-config/1.0.1/kerby-config-1.0.1.jar:/home/user/.m2/repository/org/apache/kerby/kerb-core/1.0.1/kerb-core-1.0.1.jar:/home/user/.m2/repository/org/apache/kerby/kerby-pkix/1.0.1/kerby-pkix-1.0.1.jar:/home/user/.m2/repository/org/apache/kerby/kerby-asn1/1.0.1/kerby-asn1-1.0.1.jar:/home/user/.m2/repository/org/apache/kerby/kerby-util/1.0.1/kerby-util-1.0.1.jar:/home/user/.m2/repository/org/apache/kerby/kerb-common/1.0.1/kerb-common-1.0.1.jar:/home/user/.m2/repository/org/apache/kerby/kerb-crypto/1.0.1/kerb-crypto-1.0.1.jar:/home/user/.m2/repository/org/apache/kerby/kerb-util/1.0.1/kerb-util-1.0.1.jar:/home/user/.m2/repository/org/apache/kerby/token-provider/1.0.1/token-provider-1.0.1.jar:/home/user/.m2/repository/org/apache/kerby/kerb-admin/1.0.1/kerb-admin-1.0.1.jar:/home/user/.m2/repository/org/apache/kerby/kerb-server/1.0.1/kerb-server-1.0.1.jar:/home/user/.m2/repository/org/apache/kerby/kerb-identity/1.0.1/kerb-identity-1.0.1.jar:/home/user/.m2/repository/org/apache/kerby/kerby-xdr/1.0.1/kerby-xdr-1.0.1.jar:/home/user/.m2/repository/org/slf4j/slf4j-log4j12/1.7.25/slf4j-log4j12-1.7.25.jar:/home/user/.m2/repository/org/apache/hadoop/hadoop-ozone-objectstore-service/0.5.0-SNAPSHOT/hadoop-ozone-objectstore-service-0.5.0-SNAPSHOT.jar:/home/user/.m2/repository/org/apache/hadoop/hadoop-ozone-s3gateway/0.5.0-SNAPSHOT/hadoop-ozone-s3gateway-0.5.0-SNAPSHOT.jar:/home/user/.m2/repository/org/jboss/weld/servlet/weld-servlet/2.4.7.Final/weld-servlet-2.4.7.Final.jar:/home/user/.m2/repository/org/glassfish/jersey/containers/jersey-container-servlet-core/2.27/jersey-container-servlet-core-2.27.jar:/home/user/.m2/repository/org/glassfish/hk2/external/javax.inject/2.5.0-b42/javax.inject-2.5.0-b42.jar:/home/user/.m2/repository/org/glassfish/jersey/core/jersey-common/2.27/jersey-common-2.27.jar:/home/user/.m2/repository/org/glassfish/hk2/osgi-resource-locator/1.0.1/osgi-resource-locator-1.0.1.jar:/home/user/.m2/repository/javax/ws/rs/javax.ws.rs-api/2.1/javax.ws.rs-api-2.1.jar:/home/user/.m2/repository/org/glassfish/jersey/ext/cdi/jersey-cdi1x/2.27/jersey-cdi1x-2.27.jar:/home/user/.m2/repository/org/glassfish/jersey/inject/jersey-hk2/2.27/jersey-hk2-2.27.jar:/home/user/.m2/repository/org/glassfish/hk2/hk2-locator/2.5.0-b42/hk2-locator-2.5.0-b42.jar:/home/user/.m2/repository/org/javassist/javassist/3.22.0-CR2/javassist-3.22.0-CR2.jar:/home/user/.m2/repository/org/glassfish/hk2/hk2-api/2.5.0/hk2-api-2.5.0.jar:/home/user/.m2/repository/org/glassfish/hk2/external/jakarta.inject/2.5.0/jakarta.inject-2.5.0.jar:/home/user/.m2/repository/org/glassfish/hk2/hk2-utils/2.5.0/hk2-utils-2.5.0.jar:/home/user/.m2/repository/jakarta/annotation/jakarta.annotation-api/1.3.4/jakarta.annotation-api-1.3.4.jar:/home/user/.m2/repository/org/glassfish/hk2/external/aopalliance-repackaged/2.5.0/aopalliance-repackaged-2.5.0.jar:/home/user/.m2/repository/com/fasterxml/jackson/dataformat/jackson-dataformat-xml/2.9.0/jackson-dataformat-xml-2.9.0.jar:/home/user/.m2/repository/com/fasterxml/jackson/core/jackson-core/2.9.5/jackson-core-2.9.5.jar:/home/user/.m2/repository/com/fasterxml/jackson/module/jackson-module-jaxb-annotations/2.9.5/jackson-module-jaxb-annotations-2.9.5.jar:/home/user/.m2/repository/javax/enterprise/cdi-api/1.2/cdi-api-1.2.jar:/home/user/.m2/repository/javax/el/javax.el-api/3.0.0/javax.el-api-3.0.0.jar:/home/user/.m2/repository/javax/interceptor/javax.interceptor-api/1.2/javax.interceptor-api-1.2.jar:/home/user/.m2/repository/javax/inject/javax.inject/1/javax.inject-1.jar:/home/user/.m2/repository/com/sun/xml/bind/jaxb-impl/2.3.0.1/jaxb-impl-2.3.0.1.jar:/home/user/.m2/repository/com/sun/xml/bind/jaxb-core/2.3.0.1/jaxb-core-2.3.0.1.jar:/home/user/.m2/repository/javax/xml/bind/jaxb-api/2.3.0/jaxb-api-2.3.0.jar:/home/user/.m2/repository/javax/activation/activation/1.1.1/activation-1.1.1.jar:/home/user/.m2/repository/org/apache/hadoop/hadoop-ozone-csi/0.5.0-SNAPSHOT/hadoop-ozone-csi-0.5.0-SNAPSHOT.jar:/home/user/.m2/repository/com/google/protobuf/protobuf-java-util/3.5.1/protobuf-java-util-3.5.1.jar:/home/user/.m2/repository/org/apache/hadoop/hadoop-hdds-config/0.5.0-SNAPSHOT/hadoop-hdds-config-0.5.0-SNAPSHOT.jar:/home/user/.m2/repository/io/grpc/grpc-netty/1.17.1/grpc-netty-1.17.1.jar:/home/user/.m2/repository/io/grpc/grpc-core/1.17.1/grpc-core-1.17.1.jar:/home/user/.m2/repository/io/grpc/grpc-context/1.17.1/grpc-context-1.17.1.jar:/home/user/.m2/repository/com/google/errorprone/error_prone_annotations/2.2.0/error_prone_annotations-2.2.0.jar:/home/user/.m2/repository/org/codehaus/mojo/animal-sniffer-annotations/1.17/animal-sniffer-annotations-1.17.jar:/home/user/.m2/repository/io/opencensus/opencensus-api/0.17.0/opencensus-api-0.17.0.jar:/home/user/.m2/repository/io/opencensus/opencensus-contrib-grpc-metrics/0.17.0/opencensus-contrib-grpc-metrics-0.17.0.jar:/home/user/.m2/repository/io/netty/netty-codec-http2/4.1.30.Final/netty-codec-http2-4.1.30.Final.jar:/home/user/.m2/repository/io/netty/netty-codec-http/4.1.30.Final/netty-codec-http-4.1.30.Final.jar:/home/user/.m2/repository/io/netty/netty-codec/4.1.30.Final/netty-codec-4.1.30.Final.jar:/home/user/.m2/repository/io/netty/netty-handler/4.1.30.Final/netty-handler-4.1.30.Final.jar:/home/user/.m2/repository/io/netty/netty-handler-proxy/4.1.30.Final/netty-handler-proxy-4.1.30.Final.jar:/home/user/.m2/repository/io/netty/netty-codec-socks/4.1.30.Final/netty-codec-socks-4.1.30.Final.jar:/home/user/.m2/repository/io/netty/netty-transport-native-epoll/4.1.30.Final/netty-transport-native-epoll-4.1.30.Final.jar:/home/user/.m2/repository/io/netty/netty-common/4.1.30.Final/netty-common-4.1.30.Final.jar:/home/user/.m2/repository/io/netty/netty-buffer/4.1.30.Final/netty-buffer-4.1.30.Final.jar:/home/user/.m2/repository/io/netty/netty-transport/4.1.30.Final/netty-transport-4.1.30.Final.jar:/home/user/.m2/repository/io/netty/netty-resolver/4.1.30.Final/netty-resolver-4.1.30.Final.jar:/home/user/.m2/repository/io/netty/netty-transport-native-unix-common/4.1.30.Final/netty-transport-native-unix-common-4.1.30.Final.jar:/home/user/.m2/repository/io/grpc/grpc-protobuf/1.17.1/grpc-protobuf-1.17.1.jar:/home/user/.m2/repository/com/google/api/grpc/proto-google-common-protos/1.0.0/proto-google-common-protos-1.0.0.jar:/home/user/.m2/repository/io/grpc/grpc-protobuf-lite/1.17.1/grpc-protobuf-lite-1.17.1.jar:/home/user/.m2/repository/io/grpc/grpc-stub/1.17.1/grpc-stub-1.17.1.jar:/home/user/.m2/repository/org/apache/hadoop/hadoop-ozone-recon/0.5.0-SNAPSHOT/hadoop-ozone-recon-0.5.0-SNAPSHOT.jar:/home/user/.m2/repository/org/apache/hadoop/hadoop-ozone-reconcodegen/0.5.0-SNAPSHOT/hadoop-ozone-reconcodegen-0.5.0-SNAPSHOT.jar:/home/user/.m2/repository/com/google/inject/extensions/guice-multibindings/4.0/guice-multibindings-4.0.jar:/home/user/.m2/repository/com/google/inject/guice/4.0/guice-4.0.jar:/home/user/.m2/repository/aopalliance/aopalliance/1.0/aopalliance-1.0.jar:/home/user/.m2/repository/com/google/inject/extensions/guice-servlet/4.0/guice-servlet-4.0.jar:/home/user/.m2/repository/org/glassfish/jersey/containers/jersey-container-servlet/2.27/jersey-container-servlet-2.27.jar:/home/user/.m2/repository/org/glassfish/hk2/guice-bridge/2.5.0/guice-bridge-2.5.0.jar:/home/user/.m2/repository/org/glassfish/jersey/core/jersey-server/2.27/jersey-server-2.27.jar:/home/user/.m2/repository/org/glassfish/jersey/core/jersey-client/2.27/jersey-client-2.27.jar:/home/user/.m2/repository/org/glassfish/jersey/media/jersey-media-jaxb/2.27/jersey-media-jaxb-2.27.jar:/home/user/.m2/repository/javax/validation/validation-api/1.1.0.Final/validation-api-1.1.0.Final.jar:/home/user/.m2/repository/org/glassfish/jersey/media/jersey-media-json-jackson/2.27/jersey-media-json-jackson-2.27.jar:/home/user/.m2/repository/org/glassfish/jersey/ext/jersey-entity-filtering/2.27/jersey-entity-filtering-2.27.jar:/home/user/.m2/repository/com/google/inject/extensions/guice-assistedinject/4.0/guice-assistedinject-4.0.jar:/home/user/.m2/repository/org/jooq/jooq/3.11.10/jooq-3.11.10.jar:/home/user/.m2/repository/org/jooq/jooq-meta/3.11.10/jooq-meta-3.11.10.jar:/home/user/.m2/repository/org/jooq/jooq-codegen/3.11.10/jooq-codegen-3.11.10.jar:/home/user/.m2/repository/com/jolbox/bonecp/0.8.0.RELEASE/bonecp-0.8.0.RELEASE.jar:/home/user/.m2/repository/org/xerial/sqlite-jdbc/3.25.2/sqlite-jdbc-3.25.2.jar:/home/user/.m2/repository/org/springframework/spring-jdbc/5.1.3.RELEASE/spring-jdbc-5.1.3.RELEASE.jar:/home/user/.m2/repository/org/springframework/spring-beans/5.1.3.RELEASE/spring-beans-5.1.3.RELEASE.jar:/home/user/.m2/repository/org/springframework/spring-core/5.1.3.RELEASE/spring-core-5.1.3.RELEASE.jar:/home/user/.m2/repository/org/springframework/spring-jcl/5.1.3.RELEASE/spring-jcl-5.1.3.RELEASE.jar:/home/user/.m2/repository/org/springframework/spring-tx/5.1.3.RELEASE/spring-tx-5.1.3.RELEASE.jar:/home/user/.m2/repository/org/apache/hadoop/hadoop-ozone-client/0.5.0-SNAPSHOT/hadoop-ozone-client-0.5.0-SNAPSHOT.jar:/home/user/.m2/repository/commons-lang/commons-lang/2.6/commons-lang-2.6.jar:/home/user/.m2/repository/org/apache/hadoop/hadoop-ozone-ozone-manager/0.5.0-SNAPSHOT/hadoop-ozone-ozone-manager-0.5.0-SNAPSHOT-tests.jar:/home/user/.m2/repository/junit/junit/4.11/junit-4.11.jar:/home/user/.m2/repository/org/hamcrest/hamcrest-core/1.3/hamcrest-core-1.3.jar:/home/user/.m2/repository/org/openjdk/jmh/jmh-core/1.19/jmh-core-1.19.jar:/home/user/.m2/repository/net/sf/jopt-simple/jopt-simple/4.6/jopt-simple-4.6.jar:/home/user/.m2/repository/org/apache/commons/commons-math3/3.1.1/commons-math3-3.1.1.jar:/home/user/.m2/repository/org/openjdk/jmh/jmh-generator-annprocess/1.19/jmh-generator-annprocess-1.19.jar:/home/user/.m2/repository/org/mockito/mockito-all/1.8.5/mockito-all-1.8.5.jar:/home/user/.m2/repository/org/apache/hadoop/hadoop-kms/3.2.0/hadoop-kms-3.2.0.jar:/home/user/.m2/repository/org/apache/hadoop/hadoop-auth/3.2.0/hadoop-auth-3.2.0.jar:/home/user/.m2/repository/com/nimbusds/nimbus-jose-jwt/4.41.1/nimbus-jose-jwt-4.41.1.jar:/home/user/.m2/repository/com/github/stephenc/jcip/jcip-annotations/1.0-1/jcip-annotations-1.0-1.jar:/home/user/.m2/repository/net/minidev/json-smart/2.3/json-smart-2.3.jar:/home/user/.m2/repository/net/minidev/accessors-smart/1.2/accessors-smart-1.2.jar:/home/user/.m2/repository/org/ow2/asm/asm/5.0.4/asm-5.0.4.jar:/home/user/.m2/repository/org/apache/curator/curator-framework/2.12.0/curator-framework-2.12.0.jar:/home/user/.m2/repository/com/sun/jersey/jersey-core/1.19/jersey-core-1.19.jar:/home/user/.m2/repository/javax/ws/rs/jsr311-api/1.1.1/jsr311-api-1.1.1.jar:/home/user/.m2/repository/com/sun/jersey/jersey-server/1.19/jersey-server-1.19.jar:/home/user/.m2/repository/javax/servlet/javax.servlet-api/3.1.0/javax.servlet-api-3.1.0.jar:/home/user/.m2/repository/org/eclipse/jetty/jetty-server/9.3.24.v20180605/jetty-server-9.3.24.v20180605.jar:/home/user/.m2/repository/org/eclipse/jetty/jetty-http/9.3.24.v20180605/jetty-http-9.3.24.v20180605.jar:/home/user/.m2/repository/org/eclipse/jetty/jetty-io/9.3.24.v20180605/jetty-io-9.3.24.v20180605.jar:/home/user/.m2/repository/org/eclipse/jetty/jetty-webapp/9.3.24.v20180605/jetty-webapp-9.3.24.v20180605.jar:/home/user/.m2/repository/org/eclipse/jetty/jetty-xml/9.3.24.v20180605/jetty-xml-9.3.24.v20180605.jar:/home/user/.m2/repository/log4j/log4j/1.2.17/log4j-1.2.17.jar:/home/user/.m2/repository/org/slf4j/slf4j-api/1.7.25/slf4j-api-1.7.25.jar:/home/user/.m2/repository/org/slf4j/jul-to-slf4j/1.7.25/jul-to-slf4j-1.7.25.jar:/home/user/.m2/repository/org/eclipse/jetty/jetty-util/9.3.24.v20180605/jetty-util-9.3.24.v20180605.jar:/home/user/.m2/repository/com/fasterxml/jackson/core/jackson-databind/2.9.5/jackson-databind-2.9.5.jar:/home/user/.m2/repository/org/apache/hadoop/hadoop-kms/3.2.0/hadoop-kms-3.2.0-tests.jar:/home/user/.m2/repository/org/apache/hadoop/hadoop-hdds-server-scm/0.5.0-SNAPSHOT/hadoop-hdds-server-scm-0.5.0-SNAPSHOT-tests.jar:/home/user/.m2/repository/org/apache/hadoop/hadoop-hdds-container-service/0.5.0-SNAPSHOT/hadoop-hdds-container-service-0.5.0-SNAPSHOT-tests.jar:/home/user/.m2/repository/org/yaml/snakeyaml/1.16/snakeyaml-1.16.jar:/home/user/.m2/repository/org/apache/hadoop/hadoop-common/3.2.0/hadoop-common-3.2.0-tests.jar:/home/user/.m2/repository/org/apache/hadoop/hadoop-annotations/3.2.0/hadoop-annotations-3.2.0.jar:/usr/lib/jvm/java-1.8-openjdk/jre/../lib/tools.jar:/home/user/.m2/repository/commons-cli/commons-cli/1.2/commons-cli-1.2.jar:/home/user/.m2/repository/org/apache/httpcomponents/httpclient/4.5.2/httpclient-4.5.2.jar:/home/user/.m2/repository/org/apache/httpcomponents/httpcore/4.4.4/httpcore-4.4.4.jar:/home/user/.m2/repository/commons-codec/commons-codec/1.11/commons-codec-1.11.jar:/home/user/.m2/repository/commons-net/commons-net/3.6/commons-net-3.6.jar:/home/user/.m2/repository/commons-collections/commons-collections/3.2.2/commons-collections-3.2.2.jar:/home/user/.m2/repository/org/eclipse/jetty/jetty-servlet/9.3.24.v20180605/jetty-servlet-9.3.24.v20180605.jar:/home/user/.m2/repository/org/eclipse/jetty/jetty-security/9.3.24.v20180605/jetty-security-9.3.24.v20180605.jar:/home/user/.m2/repository/javax/servlet/jsp/jsp-api/2.1/jsp-api-2.1.jar:/home/user/.m2/repository/com/sun/jersey/jersey-servlet/1.19/jersey-servlet-1.19.jar:/home/user/.m2/repository/com/sun/jersey/jersey-json/1.19/jersey-json-1.19.jar:/home/user/.m2/repository/org/codehaus/jettison/jettison/1.1/jettison-1.1.jar:/home/user/.m2/repository/org/codehaus/jackson/jackson-core-asl/1.9.13/jackson-core-asl-1.9.13.jar:/home/user/.m2/repository/org/codehaus/jackson/jackson-mapper-asl/1.9.13/jackson-mapper-asl-1.9.13.jar:/home/user/.m2/repository/org/codehaus/jackson/jackson-jaxrs/1.9.13/jackson-jaxrs-1.9.13.jar:/home/user/.m2/repository/org/codehaus/jackson/jackson-xc/1.9.13/jackson-xc-1.9.13.jar:/home/user/.m2/repository/commons-logging/commons-logging/1.1.3/commons-logging-1.1.3.jar:/home/user/.m2/repository/commons-beanutils/commons-beanutils/1.9.3/commons-beanutils-1.9.3.jar:/home/user/.m2/repository/org/apache/commons/commons-configuration2/2.1.1/commons-configuration2-2.1.1.jar:/home/user/.m2/repository/org/apache/commons/commons-lang3/3.7/commons-lang3-3.7.jar:/home/user/.m2/repository/org/apache/commons/commons-text/1.4/commons-text-1.4.jar:/home/user/.m2/repository/org/apache/avro/avro/1.7.7/avro-1.7.7.jar:/home/user/.m2/repository/com/thoughtworks/paranamer/paranamer/2.3/paranamer-2.3.jar:/home/user/.m2/repository/org/xerial/snappy/snappy-java/1.0.5/snappy-java-1.0.5.jar:/home/user/.m2/repository/com/google/re2j/re2j/1.1/re2j-1.1.jar:/home/user/.m2/repository/com/google/code/gson/gson/2.2.4/gson-2.2.4.jar:/home/user/.m2/repository/com/jcraft/jsch/0.1.54/jsch-0.1.54.jar:/home/user/.m2/repository/org/apache/curator/curator-client/2.12.0/curator-client-2.12.0.jar:/home/user/.m2/repository/org/apache/curator/curator-recipes/2.12.0/curator-recipes-2.12.0.jar:/home/user/.m2/repository/com/google/code/findbugs/jsr305/3.0.0/jsr305-3.0.0.jar:/home/user/.m2/repository/org/apache/htrace/htrace-core4/4.1.0-incubating/htrace-core4-4.1.0-incubating.jar:/home/user/.m2/repository/org/apache/zookeeper/zookeeper/3.4.13/zookeeper-3.4.13.jar:/home/user/.m2/repository/org/apache/yetus/audience-annotations/0.5.0/audience-annotations-0.5.0.jar:/home/user/.m2/repository/org/codehaus/woodstox/stax2-api/3.1.4/stax2-api-3.1.4.jar:/home/user/.m2/repository/com/fasterxml/woodstox/woodstox-core/5.0.3/woodstox-core-5.0.3.jar:/home/user/.m2/repository/dnsjava/dnsjava/2.1.7/dnsjava-2.1.7.jar:/home/user/.m2/repository/org/apache/hadoop/hadoop-hdfs/3.2.0/hadoop-hdfs-3.2.0-tests.jar:/home/user/.m2/repository/org/eclipse/jetty/jetty-util-ajax/9.3.24.v20180605/jetty-util-ajax-9.3.24.v20180605.jar:/home/user/.m2/repository/commons-daemon/commons-daemon/1.0.13/commons-daemon-1.0.13.jar:/home/user/.m2/repository/io/netty/netty/3.10.5.Final/netty-3.10.5.Final.jar:/home/user/.m2/repository/io/netty/netty-all/4.0.52.Final/netty-all-4.0.52.Final.jar:/home/user/.m2/repository/org/fusesource/leveldbjni/leveldbjni-all/1.8/leveldbjni-all-1.8.jar:"/>
    <property name="java.vm.vendor" value="IcedTea"/>
    <property name="sun.arch.data.model" value="64"/>
    <property name="test.build.dir" value="/workdir/hadoop-ozone/integration-test/target/test-dir"/>
    <property name="test.cache.data" value=""/>
    <property name="java.vendor.url" value="https://icedtea.classpath.org"/>
    <property name="user.timezone" value=""/>
    <property name="java.vm.specification.version" value="1.8"/>
    <property name="os.name" value="Linux"/>
    <property name="test.build.data" value="/workdir/hadoop-ozone/integration-test/target/test-dir"/>
    <property name="user.country" value="US"/>
    <property name="sun.java.launcher" value="SUN_STANDARD"/>
    <property name="sun.boot.library.path" value="/usr/lib/jvm/java-1.8-openjdk/jre/lib/amd64"/>
    <property name="sun.java.command" value="/workdir/hadoop-ozone/integration-test/target/surefire/surefirebooter3991485494809559650.jar /workdir/hadoop-ozone/integration-test/target/surefire 2019-09-02T02-22-08_335-jvmRun1 surefire4569876264263478276tmp surefire_482497230906361552955tmp"/>
    <property name="test" value="!TestMiniChaosOzoneCluster"/>
    <property name="surefire.test.class.path" value="/workdir/hadoop-ozone/integration-test/target/test-classes:/workdir/hadoop-ozone/integration-test/target/classes:/home/user/.m2/repository/org/apache/hadoop/hadoop-ozone-common/0.5.0-SNAPSHOT/hadoop-ozone-common-0.5.0-SNAPSHOT.jar:/home/user/.m2/repository/org/apache/commons/commons-compress/1.4.1/commons-compress-1.4.1.jar:/home/user/.m2/repository/org/tukaani/xz/1.0/xz-1.0.jar:/home/user/.m2/repository/org/apache/hadoop/hadoop-common/3.2.0/hadoop-common-3.2.0.jar:/home/user/.m2/repository/org/apache/hadoop/hadoop-hdfs/3.2.0/hadoop-hdfs-3.2.0.jar:/home/user/.m2/repository/org/apache/hadoop/hadoop-hdfs-client/3.2.0/hadoop-hdfs-client-3.2.0.jar:/home/user/.m2/repository/com/fasterxml/jackson/core/jackson-annotations/2.9.5/jackson-annotations-2.9.5.jar:/home/user/.m2/repository/org/apache/hadoop/hadoop-hdds-common/0.5.0-SNAPSHOT/hadoop-hdds-common-0.5.0-SNAPSHOT.jar:/home/user/.m2/repository/javax/annotation/javax.annotation-api/1.2/javax.annotation-api-1.2.jar:/home/user/.m2/repository/org/apache/ratis/ratis-server/0.4.0-2337318-SNAPSHOT/ratis-server-0.4.0-2337318-SNAPSHOT.jar:/home/user/.m2/repository/org/apache/ratis/ratis-thirdparty-misc/0.2.0/ratis-thirdparty-misc-0.2.0.jar:/home/user/.m2/repository/org/apache/ratis/ratis-proto/0.4.0-2337318-SNAPSHOT/ratis-proto-0.4.0-2337318-SNAPSHOT.jar:/home/user/.m2/repository/org/apache/ratis/ratis-common/0.4.0-2337318-SNAPSHOT/ratis-common-0.4.0-2337318-SNAPSHOT.jar:/home/user/.m2/repository/org/apache/ratis/ratis-client/0.4.0-2337318-SNAPSHOT/ratis-client-0.4.0-2337318-SNAPSHOT.jar:/home/user/.m2/repository/org/apache/ratis/ratis-metrics/0.4.0-2337318-SNAPSHOT/ratis-metrics-0.4.0-2337318-SNAPSHOT.jar:/home/user/.m2/repository/org/apache/ratis/ratis-netty/0.4.0-2337318-SNAPSHOT/ratis-netty-0.4.0-2337318-SNAPSHOT.jar:/home/user/.m2/repository/org/apache/ratis/ratis-grpc/0.4.0-2337318-SNAPSHOT/ratis-grpc-0.4.0-2337318-SNAPSHOT.jar:/home/user/.m2/repository/org/rocksdb/rocksdbjni/6.0.1/rocksdbjni-6.0.1.jar:/home/user/.m2/repository/org/apache/logging/log4j/log4j-api/2.11.0/log4j-api-2.11.0.jar:/home/user/.m2/repository/org/apache/logging/log4j/log4j-core/2.11.0/log4j-core-2.11.0.jar:/home/user/.m2/repository/com/lmax/disruptor/3.4.2/disruptor-3.4.2.jar:/home/user/.m2/repository/org/apache/commons/commons-pool2/2.6.0/commons-pool2-2.6.0.jar:/home/user/.m2/repository/org/bouncycastle/bcpkix-jdk15on/1.60/bcpkix-jdk15on-1.60.jar:/home/user/.m2/repository/commons-validator/commons-validator/1.6/commons-validator-1.6.jar:/home/user/.m2/repository/commons-digester/commons-digester/1.8.1/commons-digester-1.8.1.jar:/home/user/.m2/repository/io/jaegertracing/jaeger-client/0.33.1/jaeger-client-0.33.1.jar:/home/user/.m2/repository/io/jaegertracing/jaeger-thrift/0.33.1/jaeger-thrift-0.33.1.jar:/home/user/.m2/repository/org/apache/thrift/libthrift/0.11.0/libthrift-0.11.0.jar:/home/user/.m2/repository/com/squareup/okhttp3/okhttp/3.9.0/okhttp-3.9.0.jar:/home/user/.m2/repository/com/squareup/okio/okio/1.13.0/okio-1.13.0.jar:/home/user/.m2/repository/io/jaegertracing/jaeger-core/0.33.1/jaeger-core-0.33.1.jar:/home/user/.m2/repository/io/jaegertracing/jaeger-tracerresolver/0.33.1/jaeger-tracerresolver-0.33.1.jar:/home/user/.m2/repository/io/opentracing/contrib/opentracing-tracerresolver/0.1.5/opentracing-tracerresolver-0.1.5.jar:/home/user/.m2/repository/io/opentracing/opentracing-util/0.31.0/opentracing-util-0.31.0.jar:/home/user/.m2/repository/io/opentracing/opentracing-api/0.31.0/opentracing-api-0.31.0.jar:/home/user/.m2/repository/io/opentracing/opentracing-noop/0.31.0/opentracing-noop-0.31.0.jar:/home/user/.m2/repository/org/apache/hadoop/hadoop-hdds-server-framework/0.5.0-SNAPSHOT/hadoop-hdds-server-framework-0.5.0-SNAPSHOT.jar:/home/user/.m2/repository/org/apache/hadoop/hadoop-hdds-container-service/0.5.0-SNAPSHOT/hadoop-hdds-container-service-0.5.0-SNAPSHOT.jar:/home/user/.m2/repository/org/apache/hadoop/hadoop-hdds-client/0.5.0-SNAPSHOT/hadoop-hdds-client-0.5.0-SNAPSHOT.jar:/home/user/.m2/repository/org/apache/hadoop/hadoop-hdds-tools/0.5.0-SNAPSHOT/hadoop-hdds-tools-0.5.0-SNAPSHOT.jar:/home/user/.m2/repository/org/apache/hadoop/hadoop-hdds-server-scm/0.5.0-SNAPSHOT/hadoop-hdds-server-scm-0.5.0-SNAPSHOT.jar:/home/user/.m2/repository/org/apache/hadoop/hadoop-hdds-docs/0.5.0-SNAPSHOT/hadoop-hdds-docs-0.5.0-SNAPSHOT.jar:/home/user/.m2/repository/io/dropwizard/metrics/metrics-core/3.2.4/metrics-core-3.2.4.jar:/home/user/.m2/repository/org/hamcrest/hamcrest-all/1.3/hamcrest-all-1.3.jar:/home/user/.m2/repository/org/bouncycastle/bcprov-jdk15on/1.60/bcprov-jdk15on-1.60.jar:/home/user/.m2/repository/info/picocli/picocli/3.9.6/picocli-3.9.6.jar:/home/user/.m2/repository/com/google/protobuf/protobuf-java/2.5.0/protobuf-java-2.5.0.jar:/home/user/.m2/repository/com/google/guava/guava/11.0.2/guava-11.0.2.jar:/home/user/.m2/repository/org/apache/hadoop/hadoop-ozone-ozone-manager/0.5.0-SNAPSHOT/hadoop-ozone-ozone-manager-0.5.0-SNAPSHOT.jar:/home/user/.m2/repository/org/apache/hadoop/hadoop-minikdc/3.2.0/hadoop-minikdc-3.2.0.jar:/home/user/.m2/repository/commons-io/commons-io/2.5/commons-io-2.5.jar:/home/user/.m2/repository/org/apache/kerby/kerb-simplekdc/1.0.1/kerb-simplekdc-1.0.1.jar:/home/user/.m2/repository/org/apache/kerby/kerb-client/1.0.1/kerb-client-1.0.1.jar:/home/user/.m2/repository/org/apache/kerby/kerby-config/1.0.1/kerby-config-1.0.1.jar:/home/user/.m2/repository/org/apache/kerby/kerb-core/1.0.1/kerb-core-1.0.1.jar:/home/user/.m2/repository/org/apache/kerby/kerby-pkix/1.0.1/kerby-pkix-1.0.1.jar:/home/user/.m2/repository/org/apache/kerby/kerby-asn1/1.0.1/kerby-asn1-1.0.1.jar:/home/user/.m2/repository/org/apache/kerby/kerby-util/1.0.1/kerby-util-1.0.1.jar:/home/user/.m2/repository/org/apache/kerby/kerb-common/1.0.1/kerb-common-1.0.1.jar:/home/user/.m2/repository/org/apache/kerby/kerb-crypto/1.0.1/kerb-crypto-1.0.1.jar:/home/user/.m2/repository/org/apache/kerby/kerb-util/1.0.1/kerb-util-1.0.1.jar:/home/user/.m2/repository/org/apache/kerby/token-provider/1.0.1/token-provider-1.0.1.jar:/home/user/.m2/repository/org/apache/kerby/kerb-admin/1.0.1/kerb-admin-1.0.1.jar:/home/user/.m2/repository/org/apache/kerby/kerb-server/1.0.1/kerb-server-1.0.1.jar:/home/user/.m2/repository/org/apache/kerby/kerb-identity/1.0.1/kerb-identity-1.0.1.jar:/home/user/.m2/repository/org/apache/kerby/kerby-xdr/1.0.1/kerby-xdr-1.0.1.jar:/home/user/.m2/repository/org/slf4j/slf4j-log4j12/1.7.25/slf4j-log4j12-1.7.25.jar:/home/user/.m2/repository/org/apache/hadoop/hadoop-ozone-objectstore-service/0.5.0-SNAPSHOT/hadoop-ozone-objectstore-service-0.5.0-SNAPSHOT.jar:/home/user/.m2/repository/org/apache/hadoop/hadoop-ozone-s3gateway/0.5.0-SNAPSHOT/hadoop-ozone-s3gateway-0.5.0-SNAPSHOT.jar:/home/user/.m2/repository/org/jboss/weld/servlet/weld-servlet/2.4.7.Final/weld-servlet-2.4.7.Final.jar:/home/user/.m2/repository/org/glassfish/jersey/containers/jersey-container-servlet-core/2.27/jersey-container-servlet-core-2.27.jar:/home/user/.m2/repository/org/glassfish/hk2/external/javax.inject/2.5.0-b42/javax.inject-2.5.0-b42.jar:/home/user/.m2/repository/org/glassfish/jersey/core/jersey-common/2.27/jersey-common-2.27.jar:/home/user/.m2/repository/org/glassfish/hk2/osgi-resource-locator/1.0.1/osgi-resource-locator-1.0.1.jar:/home/user/.m2/repository/javax/ws/rs/javax.ws.rs-api/2.1/javax.ws.rs-api-2.1.jar:/home/user/.m2/repository/org/glassfish/jersey/ext/cdi/jersey-cdi1x/2.27/jersey-cdi1x-2.27.jar:/home/user/.m2/repository/org/glassfish/jersey/inject/jersey-hk2/2.27/jersey-hk2-2.27.jar:/home/user/.m2/repository/org/glassfish/hk2/hk2-locator/2.5.0-b42/hk2-locator-2.5.0-b42.jar:/home/user/.m2/repository/org/javassist/javassist/3.22.0-CR2/javassist-3.22.0-CR2.jar:/home/user/.m2/repository/org/glassfish/hk2/hk2-api/2.5.0/hk2-api-2.5.0.jar:/home/user/.m2/repository/org/glassfish/hk2/external/jakarta.inject/2.5.0/jakarta.inject-2.5.0.jar:/home/user/.m2/repository/org/glassfish/hk2/hk2-utils/2.5.0/hk2-utils-2.5.0.jar:/home/user/.m2/repository/jakarta/annotation/jakarta.annotation-api/1.3.4/jakarta.annotation-api-1.3.4.jar:/home/user/.m2/repository/org/glassfish/hk2/external/aopalliance-repackaged/2.5.0/aopalliance-repackaged-2.5.0.jar:/home/user/.m2/repository/com/fasterxml/jackson/dataformat/jackson-dataformat-xml/2.9.0/jackson-dataformat-xml-2.9.0.jar:/home/user/.m2/repository/com/fasterxml/jackson/core/jackson-core/2.9.5/jackson-core-2.9.5.jar:/home/user/.m2/repository/com/fasterxml/jackson/module/jackson-module-jaxb-annotations/2.9.5/jackson-module-jaxb-annotations-2.9.5.jar:/home/user/.m2/repository/javax/enterprise/cdi-api/1.2/cdi-api-1.2.jar:/home/user/.m2/repository/javax/el/javax.el-api/3.0.0/javax.el-api-3.0.0.jar:/home/user/.m2/repository/javax/interceptor/javax.interceptor-api/1.2/javax.interceptor-api-1.2.jar:/home/user/.m2/repository/javax/inject/javax.inject/1/javax.inject-1.jar:/home/user/.m2/repository/com/sun/xml/bind/jaxb-impl/2.3.0.1/jaxb-impl-2.3.0.1.jar:/home/user/.m2/repository/com/sun/xml/bind/jaxb-core/2.3.0.1/jaxb-core-2.3.0.1.jar:/home/user/.m2/repository/javax/xml/bind/jaxb-api/2.3.0/jaxb-api-2.3.0.jar:/home/user/.m2/repository/javax/activation/activation/1.1.1/activation-1.1.1.jar:/home/user/.m2/repository/org/apache/hadoop/hadoop-ozone-csi/0.5.0-SNAPSHOT/hadoop-ozone-csi-0.5.0-SNAPSHOT.jar:/home/user/.m2/repository/com/google/protobuf/protobuf-java-util/3.5.1/protobuf-java-util-3.5.1.jar:/home/user/.m2/repository/org/apache/hadoop/hadoop-hdds-config/0.5.0-SNAPSHOT/hadoop-hdds-config-0.5.0-SNAPSHOT.jar:/home/user/.m2/repository/io/grpc/grpc-netty/1.17.1/grpc-netty-1.17.1.jar:/home/user/.m2/repository/io/grpc/grpc-core/1.17.1/grpc-core-1.17.1.jar:/home/user/.m2/repository/io/grpc/grpc-context/1.17.1/grpc-context-1.17.1.jar:/home/user/.m2/repository/com/google/errorprone/error_prone_annotations/2.2.0/error_prone_annotations-2.2.0.jar:/home/user/.m2/repository/org/codehaus/mojo/animal-sniffer-annotations/1.17/animal-sniffer-annotations-1.17.jar:/home/user/.m2/repository/io/opencensus/opencensus-api/0.17.0/opencensus-api-0.17.0.jar:/home/user/.m2/repository/io/opencensus/opencensus-contrib-grpc-metrics/0.17.0/opencensus-contrib-grpc-metrics-0.17.0.jar:/home/user/.m2/repository/io/netty/netty-codec-http2/4.1.30.Final/netty-codec-http2-4.1.30.Final.jar:/home/user/.m2/repository/io/netty/netty-codec-http/4.1.30.Final/netty-codec-http-4.1.30.Final.jar:/home/user/.m2/repository/io/netty/netty-codec/4.1.30.Final/netty-codec-4.1.30.Final.jar:/home/user/.m2/repository/io/netty/netty-handler/4.1.30.Final/netty-handler-4.1.30.Final.jar:/home/user/.m2/repository/io/netty/netty-handler-proxy/4.1.30.Final/netty-handler-proxy-4.1.30.Final.jar:/home/user/.m2/repository/io/netty/netty-codec-socks/4.1.30.Final/netty-codec-socks-4.1.30.Final.jar:/home/user/.m2/repository/io/netty/netty-transport-native-epoll/4.1.30.Final/netty-transport-native-epoll-4.1.30.Final.jar:/home/user/.m2/repository/io/netty/netty-common/4.1.30.Final/netty-common-4.1.30.Final.jar:/home/user/.m2/repository/io/netty/netty-buffer/4.1.30.Final/netty-buffer-4.1.30.Final.jar:/home/user/.m2/repository/io/netty/netty-transport/4.1.30.Final/netty-transport-4.1.30.Final.jar:/home/user/.m2/repository/io/netty/netty-resolver/4.1.30.Final/netty-resolver-4.1.30.Final.jar:/home/user/.m2/repository/io/netty/netty-transport-native-unix-common/4.1.30.Final/netty-transport-native-unix-common-4.1.30.Final.jar:/home/user/.m2/repository/io/grpc/grpc-protobuf/1.17.1/grpc-protobuf-1.17.1.jar:/home/user/.m2/repository/com/google/api/grpc/proto-google-common-protos/1.0.0/proto-google-common-protos-1.0.0.jar:/home/user/.m2/repository/io/grpc/grpc-protobuf-lite/1.17.1/grpc-protobuf-lite-1.17.1.jar:/home/user/.m2/repository/io/grpc/grpc-stub/1.17.1/grpc-stub-1.17.1.jar:/home/user/.m2/repository/org/apache/hadoop/hadoop-ozone-recon/0.5.0-SNAPSHOT/hadoop-ozone-recon-0.5.0-SNAPSHOT.jar:/home/user/.m2/repository/org/apache/hadoop/hadoop-ozone-reconcodegen/0.5.0-SNAPSHOT/hadoop-ozone-reconcodegen-0.5.0-SNAPSHOT.jar:/home/user/.m2/repository/com/google/inject/extensions/guice-multibindings/4.0/guice-multibindings-4.0.jar:/home/user/.m2/repository/com/google/inject/guice/4.0/guice-4.0.jar:/home/user/.m2/repository/aopalliance/aopalliance/1.0/aopalliance-1.0.jar:/home/user/.m2/repository/com/google/inject/extensions/guice-servlet/4.0/guice-servlet-4.0.jar:/home/user/.m2/repository/org/glassfish/jersey/containers/jersey-container-servlet/2.27/jersey-container-servlet-2.27.jar:/home/user/.m2/repository/org/glassfish/hk2/guice-bridge/2.5.0/guice-bridge-2.5.0.jar:/home/user/.m2/repository/org/glassfish/jersey/core/jersey-server/2.27/jersey-server-2.27.jar:/home/user/.m2/repository/org/glassfish/jersey/core/jersey-client/2.27/jersey-client-2.27.jar:/home/user/.m2/repository/org/glassfish/jersey/media/jersey-media-jaxb/2.27/jersey-media-jaxb-2.27.jar:/home/user/.m2/repository/javax/validation/validation-api/1.1.0.Final/validation-api-1.1.0.Final.jar:/home/user/.m2/repository/org/glassfish/jersey/media/jersey-media-json-jackson/2.27/jersey-media-json-jackson-2.27.jar:/home/user/.m2/repository/org/glassfish/jersey/ext/jersey-entity-filtering/2.27/jersey-entity-filtering-2.27.jar:/home/user/.m2/repository/com/google/inject/extensions/guice-assistedinject/4.0/guice-assistedinject-4.0.jar:/home/user/.m2/repository/org/jooq/jooq/3.11.10/jooq-3.11.10.jar:/home/user/.m2/repository/org/jooq/jooq-meta/3.11.10/jooq-meta-3.11.10.jar:/home/user/.m2/repository/org/jooq/jooq-codegen/3.11.10/jooq-codegen-3.11.10.jar:/home/user/.m2/repository/com/jolbox/bonecp/0.8.0.RELEASE/bonecp-0.8.0.RELEASE.jar:/home/user/.m2/repository/org/xerial/sqlite-jdbc/3.25.2/sqlite-jdbc-3.25.2.jar:/home/user/.m2/repository/org/springframework/spring-jdbc/5.1.3.RELEASE/spring-jdbc-5.1.3.RELEASE.jar:/home/user/.m2/repository/org/springframework/spring-beans/5.1.3.RELEASE/spring-beans-5.1.3.RELEASE.jar:/home/user/.m2/repository/org/springframework/spring-core/5.1.3.RELEASE/spring-core-5.1.3.RELEASE.jar:/home/user/.m2/repository/org/springframework/spring-jcl/5.1.3.RELEASE/spring-jcl-5.1.3.RELEASE.jar:/home/user/.m2/repository/org/springframework/spring-tx/5.1.3.RELEASE/spring-tx-5.1.3.RELEASE.jar:/home/user/.m2/repository/org/apache/hadoop/hadoop-ozone-client/0.5.0-SNAPSHOT/hadoop-ozone-client-0.5.0-SNAPSHOT.jar:/home/user/.m2/repository/commons-lang/commons-lang/2.6/commons-lang-2.6.jar:/home/user/.m2/repository/org/apache/hadoop/hadoop-ozone-ozone-manager/0.5.0-SNAPSHOT/hadoop-ozone-ozone-manager-0.5.0-SNAPSHOT-tests.jar:/home/user/.m2/repository/junit/junit/4.11/junit-4.11.jar:/home/user/.m2/repository/org/hamcrest/hamcrest-core/1.3/hamcrest-core-1.3.jar:/home/user/.m2/repository/org/openjdk/jmh/jmh-core/1.19/jmh-core-1.19.jar:/home/user/.m2/repository/net/sf/jopt-simple/jopt-simple/4.6/jopt-simple-4.6.jar:/home/user/.m2/repository/org/apache/commons/commons-math3/3.1.1/commons-math3-3.1.1.jar:/home/user/.m2/repository/org/openjdk/jmh/jmh-generator-annprocess/1.19/jmh-generator-annprocess-1.19.jar:/home/user/.m2/repository/org/mockito/mockito-all/1.8.5/mockito-all-1.8.5.jar:/home/user/.m2/repository/org/apache/hadoop/hadoop-kms/3.2.0/hadoop-kms-3.2.0.jar:/home/user/.m2/repository/org/apache/hadoop/hadoop-auth/3.2.0/hadoop-auth-3.2.0.jar:/home/user/.m2/repository/com/nimbusds/nimbus-jose-jwt/4.41.1/nimbus-jose-jwt-4.41.1.jar:/home/user/.m2/repository/com/github/stephenc/jcip/jcip-annotations/1.0-1/jcip-annotations-1.0-1.jar:/home/user/.m2/repository/net/minidev/json-smart/2.3/json-smart-2.3.jar:/home/user/.m2/repository/net/minidev/accessors-smart/1.2/accessors-smart-1.2.jar:/home/user/.m2/repository/org/ow2/asm/asm/5.0.4/asm-5.0.4.jar:/home/user/.m2/repository/org/apache/curator/curator-framework/2.12.0/curator-framework-2.12.0.jar:/home/user/.m2/repository/com/sun/jersey/jersey-core/1.19/jersey-core-1.19.jar:/home/user/.m2/repository/javax/ws/rs/jsr311-api/1.1.1/jsr311-api-1.1.1.jar:/home/user/.m2/repository/com/sun/jersey/jersey-server/1.19/jersey-server-1.19.jar:/home/user/.m2/repository/javax/servlet/javax.servlet-api/3.1.0/javax.servlet-api-3.1.0.jar:/home/user/.m2/repository/org/eclipse/jetty/jetty-server/9.3.24.v20180605/jetty-server-9.3.24.v20180605.jar:/home/user/.m2/repository/org/eclipse/jetty/jetty-http/9.3.24.v20180605/jetty-http-9.3.24.v20180605.jar:/home/user/.m2/repository/org/eclipse/jetty/jetty-io/9.3.24.v20180605/jetty-io-9.3.24.v20180605.jar:/home/user/.m2/repository/org/eclipse/jetty/jetty-webapp/9.3.24.v20180605/jetty-webapp-9.3.24.v20180605.jar:/home/user/.m2/repository/org/eclipse/jetty/jetty-xml/9.3.24.v20180605/jetty-xml-9.3.24.v20180605.jar:/home/user/.m2/repository/log4j/log4j/1.2.17/log4j-1.2.17.jar:/home/user/.m2/repository/org/slf4j/slf4j-api/1.7.25/slf4j-api-1.7.25.jar:/home/user/.m2/repository/org/slf4j/jul-to-slf4j/1.7.25/jul-to-slf4j-1.7.25.jar:/home/user/.m2/repository/org/eclipse/jetty/jetty-util/9.3.24.v20180605/jetty-util-9.3.24.v20180605.jar:/home/user/.m2/repository/com/fasterxml/jackson/core/jackson-databind/2.9.5/jackson-databind-2.9.5.jar:/home/user/.m2/repository/org/apache/hadoop/hadoop-kms/3.2.0/hadoop-kms-3.2.0-tests.jar:/home/user/.m2/repository/org/apache/hadoop/hadoop-hdds-server-scm/0.5.0-SNAPSHOT/hadoop-hdds-server-scm-0.5.0-SNAPSHOT-tests.jar:/home/user/.m2/repository/org/apache/hadoop/hadoop-hdds-container-service/0.5.0-SNAPSHOT/hadoop-hdds-container-service-0.5.0-SNAPSHOT-tests.jar:/home/user/.m2/repository/org/yaml/snakeyaml/1.16/snakeyaml-1.16.jar:/home/user/.m2/repository/org/apache/hadoop/hadoop-common/3.2.0/hadoop-common-3.2.0-tests.jar:/home/user/.m2/repository/org/apache/hadoop/hadoop-annotations/3.2.0/hadoop-annotations-3.2.0.jar:/usr/lib/jvm/java-1.8-openjdk/jre/../lib/tools.jar:/home/user/.m2/repository/commons-cli/commons-cli/1.2/commons-cli-1.2.jar:/home/user/.m2/repository/org/apache/httpcomponents/httpclient/4.5.2/httpclient-4.5.2.jar:/home/user/.m2/repository/org/apache/httpcomponents/httpcore/4.4.4/httpcore-4.4.4.jar:/home/user/.m2/repository/commons-codec/commons-codec/1.11/commons-codec-1.11.jar:/home/user/.m2/repository/commons-net/commons-net/3.6/commons-net-3.6.jar:/home/user/.m2/repository/commons-collections/commons-collections/3.2.2/commons-collections-3.2.2.jar:/home/user/.m2/repository/org/eclipse/jetty/jetty-servlet/9.3.24.v20180605/jetty-servlet-9.3.24.v20180605.jar:/home/user/.m2/repository/org/eclipse/jetty/jetty-security/9.3.24.v20180605/jetty-security-9.3.24.v20180605.jar:/home/user/.m2/repository/javax/servlet/jsp/jsp-api/2.1/jsp-api-2.1.jar:/home/user/.m2/repository/com/sun/jersey/jersey-servlet/1.19/jersey-servlet-1.19.jar:/home/user/.m2/repository/com/sun/jersey/jersey-json/1.19/jersey-json-1.19.jar:/home/user/.m2/repository/org/codehaus/jettison/jettison/1.1/jettison-1.1.jar:/home/user/.m2/repository/org/codehaus/jackson/jackson-core-asl/1.9.13/jackson-core-asl-1.9.13.jar:/home/user/.m2/repository/org/codehaus/jackson/jackson-mapper-asl/1.9.13/jackson-mapper-asl-1.9.13.jar:/home/user/.m2/repository/org/codehaus/jackson/jackson-jaxrs/1.9.13/jackson-jaxrs-1.9.13.jar:/home/user/.m2/repository/org/codehaus/jackson/jackson-xc/1.9.13/jackson-xc-1.9.13.jar:/home/user/.m2/repository/commons-logging/commons-logging/1.1.3/commons-logging-1.1.3.jar:/home/user/.m2/repository/commons-beanutils/commons-beanutils/1.9.3/commons-beanutils-1.9.3.jar:/home/user/.m2/repository/org/apache/commons/commons-configuration2/2.1.1/commons-configuration2-2.1.1.jar:/home/user/.m2/repository/org/apache/commons/commons-lang3/3.7/commons-lang3-3.7.jar:/home/user/.m2/repository/org/apache/commons/commons-text/1.4/commons-text-1.4.jar:/home/user/.m2/repository/org/apache/avro/avro/1.7.7/avro-1.7.7.jar:/home/user/.m2/repository/com/thoughtworks/paranamer/paranamer/2.3/paranamer-2.3.jar:/home/user/.m2/repository/org/xerial/snappy/snappy-java/1.0.5/snappy-java-1.0.5.jar:/home/user/.m2/repository/com/google/re2j/re2j/1.1/re2j-1.1.jar:/home/user/.m2/repository/com/google/code/gson/gson/2.2.4/gson-2.2.4.jar:/home/user/.m2/repository/com/jcraft/jsch/0.1.54/jsch-0.1.54.jar:/home/user/.m2/repository/org/apache/curator/curator-client/2.12.0/curator-client-2.12.0.jar:/home/user/.m2/repository/org/apache/curator/curator-recipes/2.12.0/curator-recipes-2.12.0.jar:/home/user/.m2/repository/com/google/code/findbugs/jsr305/3.0.0/jsr305-3.0.0.jar:/home/user/.m2/repository/org/apache/htrace/htrace-core4/4.1.0-incubating/htrace-core4-4.1.0-incubating.jar:/home/user/.m2/repository/org/apache/zookeeper/zookeeper/3.4.13/zookeeper-3.4.13.jar:/home/user/.m2/repository/org/apache/yetus/audience-annotations/0.5.0/audience-annotations-0.5.0.jar:/home/user/.m2/repository/org/codehaus/woodstox/stax2-api/3.1.4/stax2-api-3.1.4.jar:/home/user/.m2/repository/com/fasterxml/woodstox/woodstox-core/5.0.3/woodstox-core-5.0.3.jar:/home/user/.m2/repository/dnsjava/dnsjava/2.1.7/dnsjava-2.1.7.jar:/home/user/.m2/repository/org/apache/hadoop/hadoop-hdfs/3.2.0/hadoop-hdfs-3.2.0-tests.jar:/home/user/.m2/repository/org/eclipse/jetty/jetty-util-ajax/9.3.24.v20180605/jetty-util-ajax-9.3.24.v20180605.jar:/home/user/.m2/repository/commons-daemon/commons-daemon/1.0.13/commons-daemon-1.0.13.jar:/home/user/.m2/repository/io/netty/netty/3.10.5.Final/netty-3.10.5.Final.jar:/home/user/.m2/repository/io/netty/netty-all/4.0.52.Final/netty-all-4.0.52.Final.jar:/home/user/.m2/repository/org/fusesource/leveldbjni/leveldbjni-all/1.8/leveldbjni-all-1.8.jar:"/>
    <property name="sun.cpu.endian" value="little"/>
    <property name="user.home" value="/home/user"/>
    <property name="user.language" value="en"/>
    <property name="java.specification.vendor" value="Oracle Corporation"/>
    <property name="java.home" value="/usr/lib/jvm/java-1.8-openjdk/jre"/>
    <property name="java.security.krb5.conf" value="/workdir/hadoop-ozone/integration-test/target/test-classes/krb5.conf"/>
    <property name="basedir" value="/workdir/hadoop-ozone/integration-test"/>
    <property name="file.separator" value="/"/>
    <property name="line.separator" value="&#10;"/>
    <property name="java.vm.specification.vendor" value="Oracle Corporation"/>
    <property name="java.specification.name" value="Java Platform API Specification"/>
    <property name="java.awt.graphicsenv" value="sun.awt.X11GraphicsEnvironment"/>
    <property name="surefire.real.class.path" value="/workdir/hadoop-ozone/integration-test/target/surefire/surefirebooter3991485494809559650.jar"/>
    <property name="hadoop.log.dir" value="/workdir/hadoop-ozone/integration-test/target/log"/>
    <property name="sun.boot.class.path" value="/usr/lib/jvm/java-1.8-openjdk/jre/lib/resources.jar:/usr/lib/jvm/java-1.8-openjdk/jre/lib/rt.jar:/usr/lib/jvm/java-1.8-openjdk/jre/lib/sunrsasign.jar:/usr/lib/jvm/java-1.8-openjdk/jre/lib/jsse.jar:/usr/lib/jvm/java-1.8-openjdk/jre/lib/jce.jar:/usr/lib/jvm/java-1.8-openjdk/jre/lib/charsets.jar:/usr/lib/jvm/java-1.8-openjdk/jre/lib/jfr.jar:/usr/lib/jvm/java-1.8-openjdk/jre/classes"/>
    <property name="sun.management.compiler" value="HotSpot 64-Bit Tiered Compilers"/>
    <property name="java.runtime.version" value="1.8.0_212-b04"/>
    <property name="java.net.preferIPv4Stack" value="true"/>
    <property name="user.name" value="jenkins1000"/>
    <property name="path.separator" value=":"/>
    <property name="java.security.egd" value="file:///dev/urandom"/>
    <property name="os.version" value="3.10.0-957.12.2.el7.x86_64"/>
    <property name="java.endorsed.dirs" value="/usr/lib/jvm/java-1.8-openjdk/jre/lib/endorsed"/>
    <property name="java.runtime.name" value="OpenJDK Runtime Environment"/>
    <property name="file.encoding" value="UTF-8"/>
    <property name="java.vm.name" value="OpenJDK 64-Bit Server VM"/>
    <property name="test.build.webapps" value=""/>
    <property name="localRepository" value="/home/user/.m2/repository"/>
    <property name="java.vendor.url.bug" value="https://icedtea.classpath.org/bugzilla"/>
    <property name="java.io.tmpdir" value="/tmp"/>
    <property name="require.test.libhadoop" value=""/>
    <property name="java.version" value="1.8.0_212"/>
    <property name="user.dir" value="/workdir/hadoop-ozone/integration-test"/>
    <property name="os.arch" value="amd64"/>
    <property name="java.vm.specification.name" value="Java Virtual Machine Specification"/>
    <property name="test.build.classes" value="/workdir/hadoop-ozone/integration-test/target/test-classes"/>
    <property name="java.awt.printerjob" value="sun.print.PSPrinterJob"/>
    <property name="sun.os.patch.level" value="unknown"/>
    <property name="hadoop.tmp.dir" value="/workdir/hadoop-ozone/integration-test/target/tmp"/>
    <property name="java.library.path" value="/usr/lib/jvm/java-1.8-openjdk/jre/lib/amd64/server:/usr/lib/jvm/java-1.8-openjdk/jre/lib/amd64:/usr/lib/jvm/java-1.8-openjdk/jre/../lib/amd64:/workdir/hadoop-ozone/integration-test/target/native/target/usr/local/lib:/workdir/hadoop-ozone/integration-test/../../hadoop-common-project/hadoop-common/target/native/target/usr/local/lib:/usr/java/packages/lib/amd64:/usr/lib64:/lib64:/lib:/usr/lib"/>
    <property name="java.vm.info" value="mixed mode"/>
    <property name="java.vendor" value="IcedTea"/>
    <property name="java.vm.version" value="25.212-b04"/>
    <property name="java.ext.dirs" value="/usr/lib/jvm/java-1.8-openjdk/jre/lib/ext:/usr/java/packages/lib/ext"/>
    <property name="sun.io.unicode.encoding" value="UnicodeLittle"/>
    <property name="java.class.version" value="52.0"/>
  </properties>
  <testcase name="test2DatanodesFailure" classname="org.apache.hadoop.ozone.client.rpc.TestBlockOutputStreamWithFailures" time="49.853"/>
  <testcase name="testDatanodeFailureWithPreAllocation" classname="org.apache.hadoop.ozone.client.rpc.TestBlockOutputStreamWithFailures" time="225.309"/>
  <testcase name="testDatanodeFailureWithSingleNodeRatis" classname="org.apache.hadoop.ozone.client.rpc.TestBlockOutputStreamWithFailures" time="224.832"/>
  <testcase name="testWatchForCommitWithSingleNodeRatis" classname="org.apache.hadoop.ozone.client.rpc.TestBlockOutputStreamWithFailures" time="34.867"/>
  <testcase name="testWatchForCommitDatanodeFailure" classname="org.apache.hadoop.ozone.client.rpc.TestBlockOutputStreamWithFailures" time="34.199"/>
  <testcase name="testFailureWithPrimeSizedData" classname="org.apache.hadoop.ozone.client.rpc.TestBlockOutputStreamWithFailures" time="35.164"/>
  <testcase name="testWatchForCommitWithCloseContainerException" classname="org.apache.hadoop.ozone.client.rpc.TestBlockOutputStreamWithFailures" time="34.988">
    <failure message="expected:&lt;77&gt; but was:&lt;78&gt;" type="java.lang.AssertionError"><![CDATA[java.lang.AssertionError: expected:<77> but was:<78>
	at org.junit.Assert.fail(Assert.java:88)
	at org.junit.Assert.failNotEquals(Assert.java:743)
	at org.junit.Assert.assertEquals(Assert.java:118)
	at org.junit.Assert.assertEquals(Assert.java:555)
	at org.junit.Assert.assertEquals(Assert.java:542)
	at org.apache.hadoop.ozone.client.rpc.TestBlockOutputStreamWithFailures.testWatchForCommitWithCloseContainerException(TestBlockOutputStreamWithFailures.java:196)
	at sun.reflect.NativeMethodAccessorImpl.invoke0(Native Method)
	at sun.reflect.NativeMethodAccessorImpl.invoke(NativeMethodAccessorImpl.java:62)
	at sun.reflect.DelegatingMethodAccessorImpl.invoke(DelegatingMethodAccessorImpl.java:43)
	at java.lang.reflect.Method.invoke(Method.java:498)
	at org.junit.runners.model.FrameworkMethod$1.runReflectiveCall(FrameworkMethod.java:47)
	at org.junit.internal.runners.model.ReflectiveCallable.run(ReflectiveCallable.java:12)
	at org.junit.runners.model.FrameworkMethod.invokeExplosively(FrameworkMethod.java:44)
	at org.junit.internal.runners.statements.InvokeMethod.evaluate(InvokeMethod.java:17)
	at org.junit.internal.runners.statements.RunBefores.evaluate(RunBefores.java:26)
	at org.junit.internal.runners.statements.RunAfters.evaluate(RunAfters.java:27)
	at org.junit.runners.ParentRunner.runLeaf(ParentRunner.java:271)
	at org.junit.runners.BlockJUnit4ClassRunner.runChild(BlockJUnit4ClassRunner.java:70)
	at org.junit.runners.BlockJUnit4ClassRunner.runChild(BlockJUnit4ClassRunner.java:50)
	at org.junit.runners.ParentRunner$3.run(ParentRunner.java:238)
	at org.junit.runners.ParentRunner$1.schedule(ParentRunner.java:63)
	at org.junit.runners.ParentRunner.runChildren(ParentRunner.java:236)
	at org.junit.runners.ParentRunner.access$000(ParentRunner.java:53)
	at org.junit.runners.ParentRunner$2.evaluate(ParentRunner.java:229)
	at org.junit.runners.ParentRunner.run(ParentRunner.java:309)
	at org.apache.maven.surefire.junit4.JUnit4Provider.execute(JUnit4Provider.java:365)
	at org.apache.maven.surefire.junit4.JUnit4Provider.executeWithRerun(JUnit4Provider.java:273)
	at org.apache.maven.surefire.junit4.JUnit4Provider.executeTestSet(JUnit4Provider.java:238)
	at org.apache.maven.surefire.junit4.JUnit4Provider.invoke(JUnit4Provider.java:159)
	at org.apache.maven.surefire.booter.ForkedBooter.invokeProviderInSameClassLoader(ForkedBooter.java:384)
	at org.apache.maven.surefire.booter.ForkedBooter.runSuitesInProcess(ForkedBooter.java:345)
	at org.apache.maven.surefire.booter.ForkedBooter.execute(ForkedBooter.java:126)
	at org.apache.maven.surefire.booter.ForkedBooter.main(ForkedBooter.java:418)
]]></failure>
    <system-out><![CDATA[2019-09-02 02:59:07,234 [main] WARN  server.ServerUtils (ServerUtils.java:getScmDbDir(145)) - ozone.scm.db.dirs is not configured. We recommend adding this setting. Falling back to ozone.metadata.dirs instead.
2019-09-02 02:59:07,259 [main] WARN  server.ServerUtils (ServerUtils.java:getScmDbDir(145)) - ozone.scm.db.dirs is not configured. We recommend adding this setting. Falling back to ozone.metadata.dirs instead.
2019-09-02 02:59:07,260 [main] WARN  server.ServerUtils (ServerUtils.java:getScmDbDir(145)) - ozone.scm.db.dirs is not configured. We recommend adding this setting. Falling back to ozone.metadata.dirs instead.
2019-09-02 02:59:07,260 [main] INFO  db.DBStoreBuilder (DBStoreBuilder.java:addTable(110)) - using custom profile for table: deletedBlocks
2019-09-02 02:59:07,260 [main] INFO  db.DBStoreBuilder (DBStoreBuilder.java:processTables(161)) - Using default column profile:DBProfile.DISK for Table:deletedBlocks
2019-09-02 02:59:07,260 [main] INFO  db.DBStoreBuilder (DBStoreBuilder.java:addTable(110)) - using custom profile for table: validCerts
2019-09-02 02:59:07,261 [main] INFO  db.DBStoreBuilder (DBStoreBuilder.java:processTables(161)) - Using default column profile:DBProfile.DISK for Table:validCerts
2019-09-02 02:59:07,261 [main] INFO  db.DBStoreBuilder (DBStoreBuilder.java:addTable(110)) - using custom profile for table: revokedCerts
2019-09-02 02:59:07,261 [main] INFO  db.DBStoreBuilder (DBStoreBuilder.java:processTables(161)) - Using default column profile:DBProfile.DISK for Table:revokedCerts
2019-09-02 02:59:07,261 [main] INFO  db.DBStoreBuilder (DBStoreBuilder.java:addTable(110)) - using custom profile for table: default
2019-09-02 02:59:07,261 [main] INFO  db.DBStoreBuilder (DBStoreBuilder.java:processTables(167)) - Using default column profile:DBProfile.DISK for Table:default
2019-09-02 02:59:07,262 [main] INFO  db.DBStoreBuilder (DBStoreBuilder.java:getDbProfile(198)) - Using default options. DBProfile.DISK
2019-09-02 02:59:07,472 [main] INFO  net.NodeSchemaLoader (NodeSchemaLoader.java:loadSchemaFromFile(125)) - Loading file from sun.misc.CompoundEnumeration@7e130e34
2019-09-02 02:59:07,472 [main] INFO  net.NodeSchemaLoader (NodeSchemaLoader.java:loadSchema(171)) - Loading network topology layer schema file
2019-09-02 02:59:07,477 [main] INFO  node.SCMNodeManager (SCMNodeManager.java:<init>(122)) - Entering startup safe mode.
2019-09-02 02:59:07,478 [main] INFO  algorithms.ContainerPlacementPolicyFactory (ContainerPlacementPolicyFactory.java:getPolicy(55)) - Create container placement policy of type org.apache.hadoop.hdds.scm.container.placement.algorithms.SCMContainerPlacementRandom
2019-09-02 02:59:07,478 [main] WARN  server.ServerUtils (ServerUtils.java:getScmDbDir(145)) - ozone.scm.db.dirs is not configured. We recommend adding this setting. Falling back to ozone.metadata.dirs instead.
2019-09-02 02:59:07,557 [main] INFO  pipeline.SCMPipelineManager (SCMPipelineManager.java:initializePipelineState(126)) - No pipeline exists in current db
2019-09-02 02:59:07,558 [main] WARN  server.ServerUtils (ServerUtils.java:getScmDbDir(145)) - ozone.scm.db.dirs is not configured. We recommend adding this setting. Falling back to ozone.metadata.dirs instead.
2019-09-02 02:59:07,653 [main] WARN  events.EventQueue (EventQueue.java:fireEvent(175)) - No event handler registered for event TypedEvent{payloadType=SafeModeStatus, name='SafeModeStatus'}
2019-09-02 02:59:07,654 [main] INFO  ipc.CallQueueManager (CallQueueManager.java:<init>(84)) - Using callQueue: class java.util.concurrent.LinkedBlockingQueue, queueCapacity: 2000, scheduler: class org.apache.hadoop.ipc.DefaultRpcScheduler, ipcBackoff: false.
2019-09-02 02:59:07,655 [Socket Reader #1 for port 34996] INFO  ipc.Server (Server.java:run(1074)) - Starting Socket Reader #1 for port 34996
2019-09-02 02:59:07,657 [main] INFO  ipc.CallQueueManager (CallQueueManager.java:<init>(84)) - Using callQueue: class java.util.concurrent.LinkedBlockingQueue, queueCapacity: 2000, scheduler: class org.apache.hadoop.ipc.DefaultRpcScheduler, ipcBackoff: false.
2019-09-02 02:59:07,658 [Socket Reader #1 for port 34596] INFO  ipc.Server (Server.java:run(1074)) - Starting Socket Reader #1 for port 34596
2019-09-02 02:59:07,660 [main] INFO  ipc.CallQueueManager (CallQueueManager.java:<init>(84)) - Using callQueue: class java.util.concurrent.LinkedBlockingQueue, queueCapacity: 2000, scheduler: class org.apache.hadoop.ipc.DefaultRpcScheduler, ipcBackoff: false.
2019-09-02 02:59:07,660 [Socket Reader #1 for port 46085] INFO  ipc.Server (Server.java:run(1074)) - Starting Socket Reader #1 for port 46085
2019-09-02 02:59:07,664 [main] INFO  hdfs.DFSUtil (DFSUtil.java:httpServerTemplateForNNAndJN(1641)) - Starting Web-server for scm at: http://0.0.0.0:0
2019-09-02 02:59:07,665 [main] INFO  server.AuthenticationFilter (AuthenticationFilter.java:constructSecretProvider(240)) - Unable to initialize FileSignerSecretProvider, falling back to use random secrets.
2019-09-02 02:59:07,666 [main] WARN  http.HttpRequestLog (HttpRequestLog.java:getRequestLog(97)) - Jetty request log can only be enabled using Log4j
2019-09-02 02:59:07,667 [main] INFO  http.HttpServer2 (HttpServer2.java:addGlobalFilter(975)) - Added global filter 'safety' (class=org.apache.hadoop.http.HttpServer2$QuotingInputFilter)
2019-09-02 02:59:07,668 [main] INFO  http.HttpServer2 (HttpServer2.java:addFilter(948)) - Added filter static_user_filter (class=org.apache.hadoop.http.lib.StaticUserWebFilter$StaticUserFilter) to context scm
2019-09-02 02:59:07,668 [main] INFO  http.HttpServer2 (HttpServer2.java:addFilter(958)) - Added filter static_user_filter (class=org.apache.hadoop.http.lib.StaticUserWebFilter$StaticUserFilter) to context logs
2019-09-02 02:59:07,668 [main] INFO  http.HttpServer2 (HttpServer2.java:addFilter(958)) - Added filter static_user_filter (class=org.apache.hadoop.http.lib.StaticUserWebFilter$StaticUserFilter) to context static
2019-09-02 02:59:07,669 [main] INFO  server.StorageContainerManager (StorageContainerManager.java:start(759)) - StorageContainerLocationProtocol RPC server is listening at /0.0.0.0:46085
2019-09-02 02:59:07,671 [main] WARN  impl.MetricsConfig (MetricsConfig.java:loadFirst(134)) - Cannot locate configuration: tried hadoop-metrics2-storagecontainermanager.properties,hadoop-metrics2.properties
2019-09-02 02:59:07,672 [main] INFO  impl.MetricsSystemImpl (MetricsSystemImpl.java:startTimer(374)) - Scheduled Metric snapshot period at 10 second(s).
2019-09-02 02:59:07,672 [main] INFO  impl.MetricsSystemImpl (MetricsSystemImpl.java:start(191)) - StorageContainerManager metrics system started
2019-09-02 02:59:07,806 [main] INFO  server.SCMClientProtocolServer (SCMClientProtocolServer.java:start(151)) - RPC server for Client  is listening at /0.0.0.0:46085
2019-09-02 02:59:07,807 [IPC Server Responder] INFO  ipc.Server (Server.java:run(1314)) - IPC Server Responder: starting
2019-09-02 02:59:07,807 [IPC Server listener on 46085] INFO  ipc.Server (Server.java:run(1153)) - IPC Server listener on 46085: starting
2019-09-02 02:59:07,813 [main] INFO  server.StorageContainerManager (StorageContainerManager.java:start(769)) - ScmBlockLocationProtocol RPC server is listening at /0.0.0.0:34596
2019-09-02 02:59:07,813 [main] INFO  server.SCMBlockProtocolServer (SCMBlockProtocolServer.java:start(140)) - RPC server for Block Protocol is listening at /0.0.0.0:34596
2019-09-02 02:59:07,817 [IPC Server Responder] INFO  ipc.Server (Server.java:run(1314)) - IPC Server Responder: starting
2019-09-02 02:59:07,817 [IPC Server listener on 34596] INFO  ipc.Server (Server.java:run(1153)) - IPC Server listener on 34596: starting
2019-09-02 02:59:07,823 [main] INFO  server.StorageContainerManager (StorageContainerManager.java:start(773)) - ScmDatanodeProtocl RPC server is listening at /0.0.0.0:34996
2019-09-02 02:59:07,823 [main] INFO  server.SCMDatanodeProtocolServer (SCMDatanodeProtocolServer.java:start(191)) - RPC server for DataNodes is listening at /0.0.0.0:34996
2019-09-02 02:59:07,824 [IPC Server Responder] INFO  ipc.Server (Server.java:run(1314)) - IPC Server Responder: starting
2019-09-02 02:59:07,826 [IPC Server listener on 34996] INFO  ipc.Server (Server.java:run(1153)) - IPC Server listener on 34996: starting
2019-09-02 02:59:07,830 [main] INFO  http.HttpServer2 (HttpServer2.java:bindListener(1191)) - Jetty bound to port 46406
2019-09-02 02:59:07,830 [main] INFO  server.Server (Server.java:doStart(351)) - jetty-9.3.24.v20180605, build timestamp: 2018-06-05T17:11:56Z, git hash: 84205aa28f11a4f31f2a3b86d1bba2cc8ab69827
2019-09-02 02:59:07,832 [main] INFO  handler.ContextHandler (ContextHandler.java:doStart(781)) - Started o.e.j.s.ServletContextHandler@14fe2e62{/logs,file:///workdir/hadoop-ozone/integration-test/target/log,AVAILABLE}
2019-09-02 02:59:07,832 [main] INFO  handler.ContextHandler (ContextHandler.java:doStart(781)) - Started o.e.j.s.ServletContextHandler@7c8c6922{/static,file:///workdir/hadoop-ozone/integration-test/target/test-classes/webapps/static,AVAILABLE}
2019-09-02 02:59:07,836 [main] INFO  handler.ContextHandler (ContextHandler.java:doStart(781)) - Started o.e.j.w.WebAppContext@2290186e{/,file:///workdir/hadoop-ozone/integration-test/target/test-classes/webapps/scm/,AVAILABLE}{/scm}
2019-09-02 02:59:07,836 [main] INFO  server.AbstractConnector (AbstractConnector.java:doStart(278)) - Started ServerConnector@686a192d{HTTP/1.1,[http/1.1]}{0.0.0.0:46406}
2019-09-02 02:59:07,837 [main] INFO  server.Server (Server.java:doStart(419)) - Started @605427ms
2019-09-02 02:59:07,838 [main] INFO  server.BaseHttpServer (BaseHttpServer.java:updateConnectorAddress(213)) - HTTP server of SCM is listening at http://0.0.0.0:46406
2019-09-02 02:59:07,839 [main] WARN  server.ServerUtils (ServerUtils.java:getDBPath(222)) - ozone.om.db.dirs is not configured. We recommend adding this setting. Falling back to ozone.metadata.dirs instead.
2019-09-02 02:59:07,840 [org.apache.hadoop.util.JvmPauseMonitor$Monitor@6f14ce3] INFO  util.JvmPauseMonitor (JvmPauseMonitor.java:run(188)) - Starting JVM pause monitor
2019-09-02 02:59:07,853 [main] WARN  server.ServerUtils (ServerUtils.java:getDBPath(222)) - ozone.om.db.dirs is not configured. We recommend adding this setting. Falling back to ozone.metadata.dirs instead.
2019-09-02 02:59:07,853 [main] WARN  server.ServerUtils (ServerUtils.java:getDBPath(222)) - ozone.om.db.dirs is not configured. We recommend adding this setting. Falling back to ozone.metadata.dirs instead.
2019-09-02 02:59:07,854 [main] INFO  om.OzoneManager (OzoneManager.java:setOMNodeDetails(645)) - OM Service ID is not set. Setting it to the default ID: omServiceIdDefault
2019-09-02 02:59:07,854 [main] INFO  om.OzoneManager (OzoneManager.java:setOMNodeDetails(651)) - OM Node ID is not set. Setting it to the OmStorage's OmID: aa25b97b-a0c6-4c70-a548-f368377cf9ac
2019-09-02 02:59:07,854 [main] INFO  om.OzoneManager (OzoneManager.java:loadOMHAConfigs(602)) - Found matching OM address with OMServiceId: null, OMNodeId: null, RPC Address: localhost:0 and Ratis port: 9872
2019-09-02 02:59:07,858 | INFO  | SCMAudit | user=jenkins1000 | ip=192.168.34.6 | op=GET_SCM_INFO null | ret=SUCCESS |  
2019-09-02 02:59:07,859 [main] WARN  server.ServerUtils (ServerUtils.java:getDBPath(222)) - ozone.om.db.dirs is not configured. We recommend adding this setting. Falling back to ozone.metadata.dirs instead.
2019-09-02 02:59:07,860 [main] INFO  db.DBStoreBuilder (DBStoreBuilder.java:addTable(110)) - using custom profile for table: userTable
2019-09-02 02:59:07,860 [main] INFO  db.DBStoreBuilder (DBStoreBuilder.java:processTables(161)) - Using default column profile:DBProfile.DISK for Table:userTable
2019-09-02 02:59:07,860 [main] INFO  db.DBStoreBuilder (DBStoreBuilder.java:addTable(110)) - using custom profile for table: volumeTable
2019-09-02 02:59:07,860 [main] INFO  db.DBStoreBuilder (DBStoreBuilder.java:processTables(161)) - Using default column profile:DBProfile.DISK for Table:volumeTable
2019-09-02 02:59:07,860 [main] INFO  db.DBStoreBuilder (DBStoreBuilder.java:addTable(110)) - using custom profile for table: bucketTable
2019-09-02 02:59:07,860 [main] INFO  db.DBStoreBuilder (DBStoreBuilder.java:processTables(161)) - Using default column profile:DBProfile.DISK for Table:bucketTable
2019-09-02 02:59:07,860 [main] INFO  db.DBStoreBuilder (DBStoreBuilder.java:addTable(110)) - using custom profile for table: keyTable
2019-09-02 02:59:07,861 [main] INFO  db.DBStoreBuilder (DBStoreBuilder.java:processTables(161)) - Using default column profile:DBProfile.DISK for Table:keyTable
2019-09-02 02:59:07,861 [main] INFO  db.DBStoreBuilder (DBStoreBuilder.java:addTable(110)) - using custom profile for table: deletedTable
2019-09-02 02:59:07,861 [main] INFO  db.DBStoreBuilder (DBStoreBuilder.java:processTables(161)) - Using default column profile:DBProfile.DISK for Table:deletedTable
2019-09-02 02:59:07,861 [main] INFO  db.DBStoreBuilder (DBStoreBuilder.java:addTable(110)) - using custom profile for table: openKeyTable
2019-09-02 02:59:07,861 [main] INFO  db.DBStoreBuilder (DBStoreBuilder.java:processTables(161)) - Using default column profile:DBProfile.DISK for Table:openKeyTable
2019-09-02 02:59:07,861 [main] INFO  db.DBStoreBuilder (DBStoreBuilder.java:addTable(110)) - using custom profile for table: s3Table
2019-09-02 02:59:07,861 [main] INFO  db.DBStoreBuilder (DBStoreBuilder.java:processTables(161)) - Using default column profile:DBProfile.DISK for Table:s3Table
2019-09-02 02:59:07,862 [main] INFO  db.DBStoreBuilder (DBStoreBuilder.java:addTable(110)) - using custom profile for table: multipartInfoTable
2019-09-02 02:59:07,862 [main] INFO  db.DBStoreBuilder (DBStoreBuilder.java:processTables(161)) - Using default column profile:DBProfile.DISK for Table:multipartInfoTable
2019-09-02 02:59:07,862 [main] INFO  db.DBStoreBuilder (DBStoreBuilder.java:addTable(110)) - using custom profile for table: dTokenTable
2019-09-02 02:59:07,862 [main] INFO  db.DBStoreBuilder (DBStoreBuilder.java:processTables(161)) - Using default column profile:DBProfile.DISK for Table:dTokenTable
2019-09-02 02:59:07,862 [main] INFO  db.DBStoreBuilder (DBStoreBuilder.java:addTable(110)) - using custom profile for table: s3SecretTable
2019-09-02 02:59:07,862 [main] INFO  db.DBStoreBuilder (DBStoreBuilder.java:processTables(161)) - Using default column profile:DBProfile.DISK for Table:s3SecretTable
2019-09-02 02:59:07,863 [main] INFO  db.DBStoreBuilder (DBStoreBuilder.java:addTable(110)) - using custom profile for table: prefixTable
2019-09-02 02:59:07,863 [main] INFO  db.DBStoreBuilder (DBStoreBuilder.java:processTables(161)) - Using default column profile:DBProfile.DISK for Table:prefixTable
2019-09-02 02:59:07,863 [main] INFO  db.DBStoreBuilder (DBStoreBuilder.java:addTable(110)) - using custom profile for table: default
2019-09-02 02:59:07,863 [main] INFO  db.DBStoreBuilder (DBStoreBuilder.java:processTables(167)) - Using default column profile:DBProfile.DISK for Table:default
2019-09-02 02:59:07,863 [main] INFO  db.DBStoreBuilder (DBStoreBuilder.java:getDbProfile(198)) - Using default options. DBProfile.DISK
2019-09-02 02:59:08,442 [main] INFO  ipc.CallQueueManager (CallQueueManager.java:<init>(84)) - Using callQueue: class java.util.concurrent.LinkedBlockingQueue, queueCapacity: 2000, scheduler: class org.apache.hadoop.ipc.DefaultRpcScheduler, ipcBackoff: false.
2019-09-02 02:59:08,443 [Socket Reader #1 for port 40717] INFO  ipc.Server (Server.java:run(1074)) - Starting Socket Reader #1 for port 40717
2019-09-02 02:59:08,453 [main] INFO  om.OzoneManager (OzoneManager.java:start(1256)) - OzoneManager RPC server is listening at localhost/127.0.0.1:40717
2019-09-02 02:59:08,453 [main] INFO  impl.MetricsSystemImpl (MetricsSystemImpl.java:init(158)) - OzoneManager metrics system started (again)
2019-09-02 02:59:08,454 [IPC Server Responder] INFO  ipc.Server (Server.java:run(1314)) - IPC Server Responder: starting
2019-09-02 02:59:08,455 [IPC Server listener on 40717] INFO  ipc.Server (Server.java:run(1153)) - IPC Server listener on 40717: starting
2019-09-02 02:59:08,460 [main] INFO  hdfs.DFSUtil (DFSUtil.java:httpServerTemplateForNNAndJN(1641)) - Starting Web-server for ozoneManager at: http://0.0.0.0:0
2019-09-02 02:59:08,461 [main] INFO  server.AuthenticationFilter (AuthenticationFilter.java:constructSecretProvider(240)) - Unable to initialize FileSignerSecretProvider, falling back to use random secrets.
2019-09-02 02:59:08,462 [main] WARN  http.HttpRequestLog (HttpRequestLog.java:getRequestLog(97)) - Jetty request log can only be enabled using Log4j
2019-09-02 02:59:08,463 [main] INFO  http.HttpServer2 (HttpServer2.java:addGlobalFilter(975)) - Added global filter 'safety' (class=org.apache.hadoop.http.HttpServer2$QuotingInputFilter)
2019-09-02 02:59:08,463 [main] INFO  http.HttpServer2 (HttpServer2.java:addFilter(948)) - Added filter static_user_filter (class=org.apache.hadoop.http.lib.StaticUserWebFilter$StaticUserFilter) to context ozoneManager
2019-09-02 02:59:08,463 [main] INFO  http.HttpServer2 (HttpServer2.java:addFilter(958)) - Added filter static_user_filter (class=org.apache.hadoop.http.lib.StaticUserWebFilter$StaticUserFilter) to context static
2019-09-02 02:59:08,463 [main] INFO  http.HttpServer2 (HttpServer2.java:addFilter(958)) - Added filter static_user_filter (class=org.apache.hadoop.http.lib.StaticUserWebFilter$StaticUserFilter) to context logs
2019-09-02 02:59:08,464 [main] INFO  http.HttpServer2 (HttpServer2.java:bindListener(1191)) - Jetty bound to port 42984
2019-09-02 02:59:08,464 [main] INFO  server.Server (Server.java:doStart(351)) - jetty-9.3.24.v20180605, build timestamp: 2018-06-05T17:11:56Z, git hash: 84205aa28f11a4f31f2a3b86d1bba2cc8ab69827
2019-09-02 02:59:08,465 [main] INFO  handler.ContextHandler (ContextHandler.java:doStart(781)) - Started o.e.j.s.ServletContextHandler@4e2f6452{/logs,file:///workdir/hadoop-ozone/integration-test/target/log,AVAILABLE}
2019-09-02 02:59:08,466 [main] INFO  handler.ContextHandler (ContextHandler.java:doStart(781)) - Started o.e.j.s.ServletContextHandler@38c464df{/static,file:///workdir/hadoop-ozone/integration-test/target/test-classes/webapps/static,AVAILABLE}
2019-09-02 02:59:08,469 [main] INFO  handler.ContextHandler (ContextHandler.java:doStart(781)) - Started o.e.j.w.WebAppContext@58c48b92{/,file:///workdir/hadoop-ozone/integration-test/target/test-classes/webapps/ozoneManager/,AVAILABLE}{/ozoneManager}
2019-09-02 02:59:08,469 [main] INFO  server.AbstractConnector (AbstractConnector.java:doStart(278)) - Started ServerConnector@5d852761{HTTP/1.1,[http/1.1]}{0.0.0.0:42984}
2019-09-02 02:59:08,469 [main] INFO  server.Server (Server.java:doStart(419)) - Started @606058ms
2019-09-02 02:59:08,471 [main] INFO  server.BaseHttpServer (BaseHttpServer.java:updateConnectorAddress(213)) - HTTP server of OZONEMANAGER is listening at http://0.0.0.0:42984
2019-09-02 02:59:08,480 [main] INFO  impl.MetricsSystemImpl (MetricsSystemImpl.java:init(158)) - HddsDatanode metrics system started (again)
2019-09-02 02:59:08,483 [main] INFO  ozone.HddsDatanodeService (HddsDatanodeService.java:start(184)) - HddsDatanodeService host:pr-hdds-1569-dhr7x-3740612857 ip:192.168.34.6
2019-09-02 02:59:08,495 [main] INFO  volume.HddsVolume (HddsVolume.java:<init>(176)) - Creating Volume: /workdir/hadoop-ozone/integration-test/target/test-dir/MiniOzoneClusterImpl-95ed0e50-2dca-4589-8b2d-b7f1480a1ca1/datanode-0/data/containers/hdds of  storage type : DISK and capacity : 1482555576320
2019-09-02 02:59:08,495 [main] INFO  volume.VolumeSet (VolumeSet.java:initializeVolumeSet(170)) - Added Volume : /workdir/hadoop-ozone/integration-test/target/test-dir/MiniOzoneClusterImpl-95ed0e50-2dca-4589-8b2d-b7f1480a1ca1/datanode-0/data/containers/hdds to VolumeSet
2019-09-02 02:59:08,495 [main] INFO  volume.ThrottledAsyncChecker (ThrottledAsyncChecker.java:schedule(140)) - Scheduling a check for org.apache.hadoop.ozone.container.common.volume.HddsVolume@530dd2d7
2019-09-02 02:59:08,496 [main] INFO  volume.HddsVolumeChecker (HddsVolumeChecker.java:checkAllVolumes(203)) - Scheduled health check for volume org.apache.hadoop.ozone.container.common.volume.HddsVolume@530dd2d7
2019-09-02 02:59:08,511 [main] INFO  impl.RaftServerProxy (ConfUtils.java:logGet(43)) - raft.rpc.type = GRPC (default)
2019-09-02 02:59:08,512 [main] INFO  grpc.GrpcFactory (GrpcFactory.java:checkPooledByteBufAllocatorUseCacheForAllThreads(45)) - PERFORMANCE WARNING: useCacheForAllThreads is true that may cause Netty to create a lot garbage objects and, as a result, trigger GC.
	It is recommended to disable useCacheForAllThreads by setting -Dorg.apache.ratis.thirdparty.io.netty.allocator.useCacheForAllThreads=false in command line.
2019-09-02 02:59:08,512 [main] INFO  grpc.GrpcConfigKeys$Server (ConfUtils.java:logGet(43)) - raft.grpc.server.port = 0 (default)
2019-09-02 02:59:08,512 [main] INFO  server.GrpcService (ConfUtils.java:logGet(43)) - raft.grpc.message.size.max = 33570816 (custom)
2019-09-02 02:59:08,513 [main] INFO  server.RaftServerConfigKeys (ConfUtils.java:logGet(43)) - raft.server.log.appender.buffer.byte-limit = 33554432 (custom)
2019-09-02 02:59:08,513 [main] INFO  server.GrpcService (ConfUtils.java:logGet(43)) - raft.grpc.flow.control.window = 1MB (=1048576) (default)
2019-09-02 02:59:08,513 [main] INFO  server.RaftServerConfigKeys (ConfUtils.java:logGet(43)) - raft.server.rpc.request.timeout = 3000ms (default)
2019-09-02 02:59:08,514 [main] INFO  server.RaftServerConfigKeys (ConfUtils.java:logGet(43)) - raft.server.storage.dir = [/workdir/hadoop-ozone/integration-test/target/test-dir/MiniOzoneClusterImpl-95ed0e50-2dca-4589-8b2d-b7f1480a1ca1/datanode-0/data/ratis] (custom)
2019-09-02 02:59:08,514 [main] INFO  replication.SimpleContainerDownloader (SimpleContainerDownloader.java:<init>(72)) - Starting container downloader service to copy containers to replicate.
2019-09-02 02:59:08,516 [main] INFO  hdfs.DFSUtil (DFSUtil.java:httpServerTemplateForNNAndJN(1641)) - Starting Web-server for hddsDatanode at: http://0.0.0.0:0
2019-09-02 02:59:08,517 [main] INFO  server.AuthenticationFilter (AuthenticationFilter.java:constructSecretProvider(240)) - Unable to initialize FileSignerSecretProvider, falling back to use random secrets.
2019-09-02 02:59:08,517 [main] WARN  http.HttpRequestLog (HttpRequestLog.java:getRequestLog(97)) - Jetty request log can only be enabled using Log4j
2019-09-02 02:59:08,519 [main] INFO  http.HttpServer2 (HttpServer2.java:addGlobalFilter(975)) - Added global filter 'safety' (class=org.apache.hadoop.http.HttpServer2$QuotingInputFilter)
2019-09-02 02:59:08,519 [main] INFO  http.HttpServer2 (HttpServer2.java:addFilter(948)) - Added filter static_user_filter (class=org.apache.hadoop.http.lib.StaticUserWebFilter$StaticUserFilter) to context hddsDatanode
2019-09-02 02:59:08,519 [main] INFO  http.HttpServer2 (HttpServer2.java:addFilter(958)) - Added filter static_user_filter (class=org.apache.hadoop.http.lib.StaticUserWebFilter$StaticUserFilter) to context static
2019-09-02 02:59:08,519 [main] INFO  http.HttpServer2 (HttpServer2.java:addFilter(958)) - Added filter static_user_filter (class=org.apache.hadoop.http.lib.StaticUserWebFilter$StaticUserFilter) to context logs
2019-09-02 02:59:08,520 [main] INFO  http.HttpServer2 (HttpServer2.java:bindListener(1191)) - Jetty bound to port 40517
2019-09-02 02:59:08,520 [main] INFO  server.Server (Server.java:doStart(351)) - jetty-9.3.24.v20180605, build timestamp: 2018-06-05T17:11:56Z, git hash: 84205aa28f11a4f31f2a3b86d1bba2cc8ab69827
2019-09-02 02:59:08,521 [main] INFO  handler.ContextHandler (ContextHandler.java:doStart(781)) - Started o.e.j.s.ServletContextHandler@28566aad{/logs,file:///workdir/hadoop-ozone/integration-test/target/log,AVAILABLE}
2019-09-02 02:59:08,522 [main] INFO  handler.ContextHandler (ContextHandler.java:doStart(781)) - Started o.e.j.s.ServletContextHandler@29c8a858{/static,jar:file:/home/user/.m2/repository/org/apache/hadoop/hadoop-hdds-container-service/0.5.0-SNAPSHOT/hadoop-hdds-container-service-0.5.0-SNAPSHOT.jar!/webapps/static,AVAILABLE}
2019-09-02 02:59:08,547 [main] INFO  handler.ContextHandler (ContextHandler.java:doStart(781)) - Started o.e.j.w.WebAppContext@6a4f3df4{/,file:///tmp/jetty-0.0.0.0-40517-hddsDatanode-_-any-3655429983322875955.dir/webapp/,AVAILABLE}{/hddsDatanode}
2019-09-02 02:59:08,548 [main] INFO  server.AbstractConnector (AbstractConnector.java:doStart(278)) - Started ServerConnector@4d76f990{HTTP/1.1,[http/1.1]}{0.0.0.0:40517}
2019-09-02 02:59:08,549 [main] INFO  server.Server (Server.java:doStart(419)) - Started @606138ms
2019-09-02 02:59:08,549 [main] INFO  server.BaseHttpServer (BaseHttpServer.java:updateConnectorAddress(213)) - HTTP server of HDDSDATANODE is listening at http://0.0.0.0:40517
2019-09-02 02:59:08,647 | INFO  | ObjectStoreRestHttpServer | Listening HDDS REST traffic on /0.0.0.0:33923 |  
2019-09-02 02:59:08,647 [main] INFO  ozone.HddsDatanodeService (HddsDatanodeService.java:startPlugins(395)) - Started plug-in org.apache.hadoop.ozone.web.OzoneHddsDatanodeService@52f2d8e8
2019-09-02 02:59:08,648 [main] INFO  impl.MetricsSystemImpl (MetricsSystemImpl.java:init(158)) - HddsDatanode metrics system started (again)
2019-09-02 02:59:08,651 [main] INFO  ozone.HddsDatanodeService (HddsDatanodeService.java:start(184)) - HddsDatanodeService host:pr-hdds-1569-dhr7x-3740612857 ip:192.168.34.6
2019-09-02 02:59:08,651 [org.apache.hadoop.util.JvmPauseMonitor$Monitor@378aa4be] INFO  util.JvmPauseMonitor (JvmPauseMonitor.java:run(188)) - Starting JVM pause monitor
2019-09-02 02:59:08,653 [Datanode State Machine Thread - 0] INFO  datanode.InitDatanodeState (InitDatanodeState.java:persistContainerDatanodeDetails(140)) - DatanodeDetails is persisted to /workdir/hadoop-ozone/integration-test/target/test-dir/MiniOzoneClusterImpl-95ed0e50-2dca-4589-8b2d-b7f1480a1ca1/datanode-0/meta/datanode.id
2019-09-02 02:59:08,663 [main] INFO  volume.HddsVolume (HddsVolume.java:<init>(176)) - Creating Volume: /workdir/hadoop-ozone/integration-test/target/test-dir/MiniOzoneClusterImpl-95ed0e50-2dca-4589-8b2d-b7f1480a1ca1/datanode-1/data/containers/hdds of  storage type : DISK and capacity : 1482555576320
2019-09-02 02:59:08,663 [main] INFO  volume.VolumeSet (VolumeSet.java:initializeVolumeSet(170)) - Added Volume : /workdir/hadoop-ozone/integration-test/target/test-dir/MiniOzoneClusterImpl-95ed0e50-2dca-4589-8b2d-b7f1480a1ca1/datanode-1/data/containers/hdds to VolumeSet
2019-09-02 02:59:08,664 [main] INFO  volume.ThrottledAsyncChecker (ThrottledAsyncChecker.java:schedule(140)) - Scheduling a check for org.apache.hadoop.ozone.container.common.volume.HddsVolume@2de526f9
2019-09-02 02:59:08,664 [main] INFO  volume.HddsVolumeChecker (HddsVolumeChecker.java:checkAllVolumes(203)) - Scheduled health check for volume org.apache.hadoop.ozone.container.common.volume.HddsVolume@2de526f9
2019-09-02 02:59:08,683 [main] INFO  impl.RaftServerProxy (ConfUtils.java:logGet(43)) - raft.rpc.type = GRPC (default)
2019-09-02 02:59:08,684 [main] INFO  grpc.GrpcFactory (GrpcFactory.java:checkPooledByteBufAllocatorUseCacheForAllThreads(45)) - PERFORMANCE WARNING: useCacheForAllThreads is true that may cause Netty to create a lot garbage objects and, as a result, trigger GC.
	It is recommended to disable useCacheForAllThreads by setting -Dorg.apache.ratis.thirdparty.io.netty.allocator.useCacheForAllThreads=false in command line.
2019-09-02 02:59:08,684 [main] INFO  grpc.GrpcConfigKeys$Server (ConfUtils.java:logGet(43)) - raft.grpc.server.port = 0 (default)
2019-09-02 02:59:08,684 [main] INFO  server.GrpcService (ConfUtils.java:logGet(43)) - raft.grpc.message.size.max = 33570816 (custom)
2019-09-02 02:59:08,684 [main] INFO  server.RaftServerConfigKeys (ConfUtils.java:logGet(43)) - raft.server.log.appender.buffer.byte-limit = 33554432 (custom)
2019-09-02 02:59:08,685 [main] INFO  server.GrpcService (ConfUtils.java:logGet(43)) - raft.grpc.flow.control.window = 1MB (=1048576) (default)
2019-09-02 02:59:08,685 [main] INFO  server.RaftServerConfigKeys (ConfUtils.java:logGet(43)) - raft.server.rpc.request.timeout = 3000ms (default)
2019-09-02 02:59:08,686 [main] INFO  server.RaftServerConfigKeys (ConfUtils.java:logGet(43)) - raft.server.storage.dir = [/workdir/hadoop-ozone/integration-test/target/test-dir/MiniOzoneClusterImpl-95ed0e50-2dca-4589-8b2d-b7f1480a1ca1/datanode-1/data/ratis] (custom)
2019-09-02 02:59:08,686 [main] INFO  replication.SimpleContainerDownloader (SimpleContainerDownloader.java:<init>(72)) - Starting container downloader service to copy containers to replicate.
2019-09-02 02:59:08,688 [main] INFO  hdfs.DFSUtil (DFSUtil.java:httpServerTemplateForNNAndJN(1641)) - Starting Web-server for hddsDatanode at: http://0.0.0.0:0
2019-09-02 02:59:08,690 [main] INFO  server.AuthenticationFilter (AuthenticationFilter.java:constructSecretProvider(240)) - Unable to initialize FileSignerSecretProvider, falling back to use random secrets.
2019-09-02 02:59:08,696 [main] WARN  http.HttpRequestLog (HttpRequestLog.java:getRequestLog(97)) - Jetty request log can only be enabled using Log4j
2019-09-02 02:59:08,698 [main] INFO  http.HttpServer2 (HttpServer2.java:addGlobalFilter(975)) - Added global filter 'safety' (class=org.apache.hadoop.http.HttpServer2$QuotingInputFilter)
2019-09-02 02:59:08,699 [main] INFO  http.HttpServer2 (HttpServer2.java:addFilter(948)) - Added filter static_user_filter (class=org.apache.hadoop.http.lib.StaticUserWebFilter$StaticUserFilter) to context hddsDatanode
2019-09-02 02:59:08,699 [main] INFO  http.HttpServer2 (HttpServer2.java:addFilter(958)) - Added filter static_user_filter (class=org.apache.hadoop.http.lib.StaticUserWebFilter$StaticUserFilter) to context logs
2019-09-02 02:59:08,699 [main] INFO  http.HttpServer2 (HttpServer2.java:addFilter(958)) - Added filter static_user_filter (class=org.apache.hadoop.http.lib.StaticUserWebFilter$StaticUserFilter) to context static
2019-09-02 02:59:08,700 [main] INFO  http.HttpServer2 (HttpServer2.java:bindListener(1191)) - Jetty bound to port 42419
2019-09-02 02:59:08,701 [main] INFO  server.Server (Server.java:doStart(351)) - jetty-9.3.24.v20180605, build timestamp: 2018-06-05T17:11:56Z, git hash: 84205aa28f11a4f31f2a3b86d1bba2cc8ab69827
2019-09-02 02:59:08,703 [main] INFO  handler.ContextHandler (ContextHandler.java:doStart(781)) - Started o.e.j.s.ServletContextHandler@335aac7a{/logs,file:///workdir/hadoop-ozone/integration-test/target/log,AVAILABLE}
2019-09-02 02:59:08,704 [main] INFO  handler.ContextHandler (ContextHandler.java:doStart(781)) - Started o.e.j.s.ServletContextHandler@287d9e0c{/static,jar:file:/home/user/.m2/repository/org/apache/hadoop/hadoop-hdds-container-service/0.5.0-SNAPSHOT/hadoop-hdds-container-service-0.5.0-SNAPSHOT.jar!/webapps/static,AVAILABLE}
2019-09-02 02:59:08,752 [main] INFO  handler.ContextHandler (ContextHandler.java:doStart(781)) - Started o.e.j.w.WebAppContext@4146577c{/,file:///tmp/jetty-0.0.0.0-42419-hddsDatanode-_-any-6164554997805524127.dir/webapp/,AVAILABLE}{/hddsDatanode}
2019-09-02 02:59:08,752 [main] INFO  server.AbstractConnector (AbstractConnector.java:doStart(278)) - Started ServerConnector@5afaa87a{HTTP/1.1,[http/1.1]}{0.0.0.0:42419}
2019-09-02 02:59:08,754 [main] INFO  server.Server (Server.java:doStart(419)) - Started @606343ms
2019-09-02 02:59:08,755 [main] INFO  server.BaseHttpServer (BaseHttpServer.java:updateConnectorAddress(213)) - HTTP server of HDDSDATANODE is listening at http://0.0.0.0:42419
2019-09-02 02:59:08,871 | INFO  | ObjectStoreRestHttpServer | Listening HDDS REST traffic on /0.0.0.0:44029 |  
2019-09-02 02:59:08,871 [main] INFO  ozone.HddsDatanodeService (HddsDatanodeService.java:startPlugins(395)) - Started plug-in org.apache.hadoop.ozone.web.OzoneHddsDatanodeService@45e97963
2019-09-02 02:59:08,872 [main] INFO  impl.MetricsSystemImpl (MetricsSystemImpl.java:init(158)) - HddsDatanode metrics system started (again)
2019-09-02 02:59:08,876 [org.apache.hadoop.util.JvmPauseMonitor$Monitor@f1b136f] INFO  util.JvmPauseMonitor (JvmPauseMonitor.java:run(188)) - Starting JVM pause monitor
2019-09-02 02:59:08,877 [main] INFO  ozone.HddsDatanodeService (HddsDatanodeService.java:start(184)) - HddsDatanodeService host:pr-hdds-1569-dhr7x-3740612857 ip:192.168.34.6
2019-09-02 02:59:08,878 [Datanode State Machine Thread - 0] INFO  datanode.InitDatanodeState (InitDatanodeState.java:persistContainerDatanodeDetails(140)) - DatanodeDetails is persisted to /workdir/hadoop-ozone/integration-test/target/test-dir/MiniOzoneClusterImpl-95ed0e50-2dca-4589-8b2d-b7f1480a1ca1/datanode-1/meta/datanode.id
2019-09-02 02:59:08,888 [main] INFO  volume.HddsVolume (HddsVolume.java:<init>(176)) - Creating Volume: /workdir/hadoop-ozone/integration-test/target/test-dir/MiniOzoneClusterImpl-95ed0e50-2dca-4589-8b2d-b7f1480a1ca1/datanode-2/data/containers/hdds of  storage type : DISK and capacity : 1482555576320
2019-09-02 02:59:08,888 [main] INFO  volume.VolumeSet (VolumeSet.java:initializeVolumeSet(170)) - Added Volume : /workdir/hadoop-ozone/integration-test/target/test-dir/MiniOzoneClusterImpl-95ed0e50-2dca-4589-8b2d-b7f1480a1ca1/datanode-2/data/containers/hdds to VolumeSet
2019-09-02 02:59:08,888 [main] INFO  volume.ThrottledAsyncChecker (ThrottledAsyncChecker.java:schedule(140)) - Scheduling a check for org.apache.hadoop.ozone.container.common.volume.HddsVolume@4f72e38c
2019-09-02 02:59:08,889 [main] INFO  volume.HddsVolumeChecker (HddsVolumeChecker.java:checkAllVolumes(203)) - Scheduled health check for volume org.apache.hadoop.ozone.container.common.volume.HddsVolume@4f72e38c
2019-09-02 02:59:08,904 [main] INFO  impl.RaftServerProxy (ConfUtils.java:logGet(43)) - raft.rpc.type = GRPC (default)
2019-09-02 02:59:08,905 [main] INFO  grpc.GrpcFactory (GrpcFactory.java:checkPooledByteBufAllocatorUseCacheForAllThreads(45)) - PERFORMANCE WARNING: useCacheForAllThreads is true that may cause Netty to create a lot garbage objects and, as a result, trigger GC.
	It is recommended to disable useCacheForAllThreads by setting -Dorg.apache.ratis.thirdparty.io.netty.allocator.useCacheForAllThreads=false in command line.
2019-09-02 02:59:08,905 [main] INFO  grpc.GrpcConfigKeys$Server (ConfUtils.java:logGet(43)) - raft.grpc.server.port = 0 (default)
2019-09-02 02:59:08,905 [main] INFO  server.GrpcService (ConfUtils.java:logGet(43)) - raft.grpc.message.size.max = 33570816 (custom)
2019-09-02 02:59:08,905 [main] INFO  server.RaftServerConfigKeys (ConfUtils.java:logGet(43)) - raft.server.log.appender.buffer.byte-limit = 33554432 (custom)
2019-09-02 02:59:08,905 [main] INFO  server.GrpcService (ConfUtils.java:logGet(43)) - raft.grpc.flow.control.window = 1MB (=1048576) (default)
2019-09-02 02:59:08,906 [main] INFO  server.RaftServerConfigKeys (ConfUtils.java:logGet(43)) - raft.server.rpc.request.timeout = 3000ms (default)
2019-09-02 02:59:08,906 [main] INFO  server.RaftServerConfigKeys (ConfUtils.java:logGet(43)) - raft.server.storage.dir = [/workdir/hadoop-ozone/integration-test/target/test-dir/MiniOzoneClusterImpl-95ed0e50-2dca-4589-8b2d-b7f1480a1ca1/datanode-2/data/ratis] (custom)
2019-09-02 02:59:08,907 [main] INFO  replication.SimpleContainerDownloader (SimpleContainerDownloader.java:<init>(72)) - Starting container downloader service to copy containers to replicate.
2019-09-02 02:59:08,908 [main] INFO  hdfs.DFSUtil (DFSUtil.java:httpServerTemplateForNNAndJN(1641)) - Starting Web-server for hddsDatanode at: http://0.0.0.0:0
2019-09-02 02:59:08,909 [main] INFO  server.AuthenticationFilter (AuthenticationFilter.java:constructSecretProvider(240)) - Unable to initialize FileSignerSecretProvider, falling back to use random secrets.
2019-09-02 02:59:08,909 [main] WARN  http.HttpRequestLog (HttpRequestLog.java:getRequestLog(97)) - Jetty request log can only be enabled using Log4j
2019-09-02 02:59:08,911 [main] INFO  http.HttpServer2 (HttpServer2.java:addGlobalFilter(975)) - Added global filter 'safety' (class=org.apache.hadoop.http.HttpServer2$QuotingInputFilter)
2019-09-02 02:59:08,911 [main] INFO  http.HttpServer2 (HttpServer2.java:addFilter(948)) - Added filter static_user_filter (class=org.apache.hadoop.http.lib.StaticUserWebFilter$StaticUserFilter) to context hddsDatanode
2019-09-02 02:59:08,911 [main] INFO  http.HttpServer2 (HttpServer2.java:addFilter(958)) - Added filter static_user_filter (class=org.apache.hadoop.http.lib.StaticUserWebFilter$StaticUserFilter) to context static
2019-09-02 02:59:08,911 [main] INFO  http.HttpServer2 (HttpServer2.java:addFilter(958)) - Added filter static_user_filter (class=org.apache.hadoop.http.lib.StaticUserWebFilter$StaticUserFilter) to context logs
2019-09-02 02:59:08,912 [main] INFO  http.HttpServer2 (HttpServer2.java:bindListener(1191)) - Jetty bound to port 41573
2019-09-02 02:59:08,912 [main] INFO  server.Server (Server.java:doStart(351)) - jetty-9.3.24.v20180605, build timestamp: 2018-06-05T17:11:56Z, git hash: 84205aa28f11a4f31f2a3b86d1bba2cc8ab69827
2019-09-02 02:59:08,914 [main] INFO  handler.ContextHandler (ContextHandler.java:doStart(781)) - Started o.e.j.s.ServletContextHandler@474c8d42{/logs,file:///workdir/hadoop-ozone/integration-test/target/log,AVAILABLE}
2019-09-02 02:59:08,914 [main] INFO  handler.ContextHandler (ContextHandler.java:doStart(781)) - Started o.e.j.s.ServletContextHandler@23327c53{/static,jar:file:/home/user/.m2/repository/org/apache/hadoop/hadoop-hdds-container-service/0.5.0-SNAPSHOT/hadoop-hdds-container-service-0.5.0-SNAPSHOT.jar!/webapps/static,AVAILABLE}
2019-09-02 02:59:08,944 [main] INFO  handler.ContextHandler (ContextHandler.java:doStart(781)) - Started o.e.j.w.WebAppContext@5fcc792f{/,file:///tmp/jetty-0.0.0.0-41573-hddsDatanode-_-any-5774651037524917809.dir/webapp/,AVAILABLE}{/hddsDatanode}
2019-09-02 02:59:08,944 [main] INFO  server.AbstractConnector (AbstractConnector.java:doStart(278)) - Started ServerConnector@2927d781{HTTP/1.1,[http/1.1]}{0.0.0.0:41573}
2019-09-02 02:59:08,946 [main] INFO  server.Server (Server.java:doStart(419)) - Started @606535ms
2019-09-02 02:59:08,947 [main] INFO  server.BaseHttpServer (BaseHttpServer.java:updateConnectorAddress(213)) - HTTP server of HDDSDATANODE is listening at http://0.0.0.0:41573
2019-09-02 02:59:09,060 | INFO  | ObjectStoreRestHttpServer | Listening HDDS REST traffic on /0.0.0.0:35518 |  
2019-09-02 02:59:09,060 [main] INFO  ozone.HddsDatanodeService (HddsDatanodeService.java:startPlugins(395)) - Started plug-in org.apache.hadoop.ozone.web.OzoneHddsDatanodeService@4430d9be
2019-09-02 02:59:09,060 [main] INFO  impl.MetricsSystemImpl (MetricsSystemImpl.java:init(158)) - HddsDatanode metrics system started (again)
2019-09-02 02:59:09,064 [org.apache.hadoop.util.JvmPauseMonitor$Monitor@3787d1a9] INFO  util.JvmPauseMonitor (JvmPauseMonitor.java:run(188)) - Starting JVM pause monitor
2019-09-02 02:59:09,065 [main] INFO  ozone.HddsDatanodeService (HddsDatanodeService.java:start(184)) - HddsDatanodeService host:pr-hdds-1569-dhr7x-3740612857 ip:192.168.34.6
2019-09-02 02:59:09,066 [Datanode State Machine Thread - 0] INFO  datanode.InitDatanodeState (InitDatanodeState.java:persistContainerDatanodeDetails(140)) - DatanodeDetails is persisted to /workdir/hadoop-ozone/integration-test/target/test-dir/MiniOzoneClusterImpl-95ed0e50-2dca-4589-8b2d-b7f1480a1ca1/datanode-2/meta/datanode.id
2019-09-02 02:59:09,077 [main] INFO  volume.HddsVolume (HddsVolume.java:<init>(176)) - Creating Volume: /workdir/hadoop-ozone/integration-test/target/test-dir/MiniOzoneClusterImpl-95ed0e50-2dca-4589-8b2d-b7f1480a1ca1/datanode-3/data/containers/hdds of  storage type : DISK and capacity : 1482555576320
2019-09-02 02:59:09,077 [main] INFO  volume.VolumeSet (VolumeSet.java:initializeVolumeSet(170)) - Added Volume : /workdir/hadoop-ozone/integration-test/target/test-dir/MiniOzoneClusterImpl-95ed0e50-2dca-4589-8b2d-b7f1480a1ca1/datanode-3/data/containers/hdds to VolumeSet
2019-09-02 02:59:09,077 [main] INFO  volume.ThrottledAsyncChecker (ThrottledAsyncChecker.java:schedule(140)) - Scheduling a check for org.apache.hadoop.ozone.container.common.volume.HddsVolume@25892fe3
2019-09-02 02:59:09,078 [main] INFO  volume.HddsVolumeChecker (HddsVolumeChecker.java:checkAllVolumes(203)) - Scheduled health check for volume org.apache.hadoop.ozone.container.common.volume.HddsVolume@25892fe3
2019-09-02 02:59:09,090 [main] INFO  impl.RaftServerProxy (ConfUtils.java:logGet(43)) - raft.rpc.type = GRPC (default)
2019-09-02 02:59:09,090 [main] INFO  grpc.GrpcFactory (GrpcFactory.java:checkPooledByteBufAllocatorUseCacheForAllThreads(45)) - PERFORMANCE WARNING: useCacheForAllThreads is true that may cause Netty to create a lot garbage objects and, as a result, trigger GC.
	It is recommended to disable useCacheForAllThreads by setting -Dorg.apache.ratis.thirdparty.io.netty.allocator.useCacheForAllThreads=false in command line.
2019-09-02 02:59:09,090 [main] INFO  grpc.GrpcConfigKeys$Server (ConfUtils.java:logGet(43)) - raft.grpc.server.port = 0 (default)
2019-09-02 02:59:09,091 [main] INFO  server.GrpcService (ConfUtils.java:logGet(43)) - raft.grpc.message.size.max = 33570816 (custom)
2019-09-02 02:59:09,091 [main] INFO  server.RaftServerConfigKeys (ConfUtils.java:logGet(43)) - raft.server.log.appender.buffer.byte-limit = 33554432 (custom)
2019-09-02 02:59:09,091 [main] INFO  server.GrpcService (ConfUtils.java:logGet(43)) - raft.grpc.flow.control.window = 1MB (=1048576) (default)
2019-09-02 02:59:09,091 [main] INFO  server.RaftServerConfigKeys (ConfUtils.java:logGet(43)) - raft.server.rpc.request.timeout = 3000ms (default)
2019-09-02 02:59:09,092 [main] INFO  server.RaftServerConfigKeys (ConfUtils.java:logGet(43)) - raft.server.storage.dir = [/workdir/hadoop-ozone/integration-test/target/test-dir/MiniOzoneClusterImpl-95ed0e50-2dca-4589-8b2d-b7f1480a1ca1/datanode-3/data/ratis] (custom)
2019-09-02 02:59:09,092 [main] INFO  replication.SimpleContainerDownloader (SimpleContainerDownloader.java:<init>(72)) - Starting container downloader service to copy containers to replicate.
2019-09-02 02:59:09,093 [main] INFO  hdfs.DFSUtil (DFSUtil.java:httpServerTemplateForNNAndJN(1641)) - Starting Web-server for hddsDatanode at: http://0.0.0.0:0
2019-09-02 02:59:09,095 [main] INFO  server.AuthenticationFilter (AuthenticationFilter.java:constructSecretProvider(240)) - Unable to initialize FileSignerSecretProvider, falling back to use random secrets.
2019-09-02 02:59:09,095 [main] WARN  http.HttpRequestLog (HttpRequestLog.java:getRequestLog(97)) - Jetty request log can only be enabled using Log4j
2019-09-02 02:59:09,096 [main] INFO  http.HttpServer2 (HttpServer2.java:addGlobalFilter(975)) - Added global filter 'safety' (class=org.apache.hadoop.http.HttpServer2$QuotingInputFilter)
2019-09-02 02:59:09,097 [main] INFO  http.HttpServer2 (HttpServer2.java:addFilter(948)) - Added filter static_user_filter (class=org.apache.hadoop.http.lib.StaticUserWebFilter$StaticUserFilter) to context hddsDatanode
2019-09-02 02:59:09,097 [main] INFO  http.HttpServer2 (HttpServer2.java:addFilter(958)) - Added filter static_user_filter (class=org.apache.hadoop.http.lib.StaticUserWebFilter$StaticUserFilter) to context static
2019-09-02 02:59:09,097 [main] INFO  http.HttpServer2 (HttpServer2.java:addFilter(958)) - Added filter static_user_filter (class=org.apache.hadoop.http.lib.StaticUserWebFilter$StaticUserFilter) to context logs
2019-09-02 02:59:09,098 [main] INFO  http.HttpServer2 (HttpServer2.java:bindListener(1191)) - Jetty bound to port 37159
2019-09-02 02:59:09,098 [main] INFO  server.Server (Server.java:doStart(351)) - jetty-9.3.24.v20180605, build timestamp: 2018-06-05T17:11:56Z, git hash: 84205aa28f11a4f31f2a3b86d1bba2cc8ab69827
2019-09-02 02:59:09,099 [main] INFO  handler.ContextHandler (ContextHandler.java:doStart(781)) - Started o.e.j.s.ServletContextHandler@61f9cab2{/logs,file:///workdir/hadoop-ozone/integration-test/target/log,AVAILABLE}
2019-09-02 02:59:09,100 [main] INFO  handler.ContextHandler (ContextHandler.java:doStart(781)) - Started o.e.j.s.ServletContextHandler@dd7b622{/static,jar:file:/home/user/.m2/repository/org/apache/hadoop/hadoop-hdds-container-service/0.5.0-SNAPSHOT/hadoop-hdds-container-service-0.5.0-SNAPSHOT.jar!/webapps/static,AVAILABLE}
2019-09-02 02:59:09,130 [main] INFO  handler.ContextHandler (ContextHandler.java:doStart(781)) - Started o.e.j.w.WebAppContext@10ab3bc0{/,file:///tmp/jetty-0.0.0.0-37159-hddsDatanode-_-any-1570540173188971223.dir/webapp/,AVAILABLE}{/hddsDatanode}
2019-09-02 02:59:09,131 [main] INFO  server.AbstractConnector (AbstractConnector.java:doStart(278)) - Started ServerConnector@b068ddf{HTTP/1.1,[http/1.1]}{0.0.0.0:37159}
2019-09-02 02:59:09,132 [main] INFO  server.Server (Server.java:doStart(419)) - Started @606722ms
2019-09-02 02:59:09,133 [main] INFO  server.BaseHttpServer (BaseHttpServer.java:updateConnectorAddress(213)) - HTTP server of HDDSDATANODE is listening at http://0.0.0.0:37159
2019-09-02 02:59:09,220 | INFO  | ObjectStoreRestHttpServer | Listening HDDS REST traffic on /0.0.0.0:33260 |  
2019-09-02 02:59:09,220 [main] INFO  ozone.HddsDatanodeService (HddsDatanodeService.java:startPlugins(395)) - Started plug-in org.apache.hadoop.ozone.web.OzoneHddsDatanodeService@7a845f91
2019-09-02 02:59:09,220 [main] INFO  impl.MetricsSystemImpl (MetricsSystemImpl.java:init(158)) - HddsDatanode metrics system started (again)
2019-09-02 02:59:09,224 [org.apache.hadoop.util.JvmPauseMonitor$Monitor@70b8aaa7] INFO  util.JvmPauseMonitor (JvmPauseMonitor.java:run(188)) - Starting JVM pause monitor
2019-09-02 02:59:09,225 [main] INFO  ozone.HddsDatanodeService (HddsDatanodeService.java:start(184)) - HddsDatanodeService host:pr-hdds-1569-dhr7x-3740612857 ip:192.168.34.6
2019-09-02 02:59:09,226 [Datanode State Machine Thread - 0] INFO  datanode.InitDatanodeState (InitDatanodeState.java:persistContainerDatanodeDetails(140)) - DatanodeDetails is persisted to /workdir/hadoop-ozone/integration-test/target/test-dir/MiniOzoneClusterImpl-95ed0e50-2dca-4589-8b2d-b7f1480a1ca1/datanode-3/meta/datanode.id
2019-09-02 02:59:09,237 [main] INFO  volume.HddsVolume (HddsVolume.java:<init>(176)) - Creating Volume: /workdir/hadoop-ozone/integration-test/target/test-dir/MiniOzoneClusterImpl-95ed0e50-2dca-4589-8b2d-b7f1480a1ca1/datanode-4/data/containers/hdds of  storage type : DISK and capacity : 1482555576320
2019-09-02 02:59:09,237 [main] INFO  volume.VolumeSet (VolumeSet.java:initializeVolumeSet(170)) - Added Volume : /workdir/hadoop-ozone/integration-test/target/test-dir/MiniOzoneClusterImpl-95ed0e50-2dca-4589-8b2d-b7f1480a1ca1/datanode-4/data/containers/hdds to VolumeSet
2019-09-02 02:59:09,238 [main] INFO  volume.ThrottledAsyncChecker (ThrottledAsyncChecker.java:schedule(140)) - Scheduling a check for org.apache.hadoop.ozone.container.common.volume.HddsVolume@3d2162c5
2019-09-02 02:59:09,238 [main] INFO  volume.HddsVolumeChecker (HddsVolumeChecker.java:checkAllVolumes(203)) - Scheduled health check for volume org.apache.hadoop.ozone.container.common.volume.HddsVolume@3d2162c5
2019-09-02 02:59:09,251 [main] INFO  impl.RaftServerProxy (ConfUtils.java:logGet(43)) - raft.rpc.type = GRPC (default)
2019-09-02 02:59:09,251 [main] INFO  grpc.GrpcFactory (GrpcFactory.java:checkPooledByteBufAllocatorUseCacheForAllThreads(45)) - PERFORMANCE WARNING: useCacheForAllThreads is true that may cause Netty to create a lot garbage objects and, as a result, trigger GC.
	It is recommended to disable useCacheForAllThreads by setting -Dorg.apache.ratis.thirdparty.io.netty.allocator.useCacheForAllThreads=false in command line.
2019-09-02 02:59:09,251 [main] INFO  grpc.GrpcConfigKeys$Server (ConfUtils.java:logGet(43)) - raft.grpc.server.port = 0 (default)
2019-09-02 02:59:09,252 [main] INFO  server.GrpcService (ConfUtils.java:logGet(43)) - raft.grpc.message.size.max = 33570816 (custom)
2019-09-02 02:59:09,252 [main] INFO  server.RaftServerConfigKeys (ConfUtils.java:logGet(43)) - raft.server.log.appender.buffer.byte-limit = 33554432 (custom)
2019-09-02 02:59:09,252 [main] INFO  server.GrpcService (ConfUtils.java:logGet(43)) - raft.grpc.flow.control.window = 1MB (=1048576) (default)
2019-09-02 02:59:09,252 [main] INFO  server.RaftServerConfigKeys (ConfUtils.java:logGet(43)) - raft.server.rpc.request.timeout = 3000ms (default)
2019-09-02 02:59:09,252 [main] INFO  server.RaftServerConfigKeys (ConfUtils.java:logGet(43)) - raft.server.storage.dir = [/workdir/hadoop-ozone/integration-test/target/test-dir/MiniOzoneClusterImpl-95ed0e50-2dca-4589-8b2d-b7f1480a1ca1/datanode-4/data/ratis] (custom)
2019-09-02 02:59:09,253 [main] INFO  replication.SimpleContainerDownloader (SimpleContainerDownloader.java:<init>(72)) - Starting container downloader service to copy containers to replicate.
2019-09-02 02:59:09,254 [main] INFO  hdfs.DFSUtil (DFSUtil.java:httpServerTemplateForNNAndJN(1641)) - Starting Web-server for hddsDatanode at: http://0.0.0.0:0
2019-09-02 02:59:09,254 [main] INFO  server.AuthenticationFilter (AuthenticationFilter.java:constructSecretProvider(240)) - Unable to initialize FileSignerSecretProvider, falling back to use random secrets.
2019-09-02 02:59:09,255 [main] WARN  http.HttpRequestLog (HttpRequestLog.java:getRequestLog(97)) - Jetty request log can only be enabled using Log4j
2019-09-02 02:59:09,256 [main] INFO  http.HttpServer2 (HttpServer2.java:addGlobalFilter(975)) - Added global filter 'safety' (class=org.apache.hadoop.http.HttpServer2$QuotingInputFilter)
2019-09-02 02:59:09,256 [main] INFO  http.HttpServer2 (HttpServer2.java:addFilter(948)) - Added filter static_user_filter (class=org.apache.hadoop.http.lib.StaticUserWebFilter$StaticUserFilter) to context hddsDatanode
2019-09-02 02:59:09,256 [main] INFO  http.HttpServer2 (HttpServer2.java:addFilter(958)) - Added filter static_user_filter (class=org.apache.hadoop.http.lib.StaticUserWebFilter$StaticUserFilter) to context static
2019-09-02 02:59:09,256 [main] INFO  http.HttpServer2 (HttpServer2.java:addFilter(958)) - Added filter static_user_filter (class=org.apache.hadoop.http.lib.StaticUserWebFilter$StaticUserFilter) to context logs
2019-09-02 02:59:09,257 [main] INFO  http.HttpServer2 (HttpServer2.java:bindListener(1191)) - Jetty bound to port 40476
2019-09-02 02:59:09,257 [main] INFO  server.Server (Server.java:doStart(351)) - jetty-9.3.24.v20180605, build timestamp: 2018-06-05T17:11:56Z, git hash: 84205aa28f11a4f31f2a3b86d1bba2cc8ab69827
2019-09-02 02:59:09,258 [main] INFO  handler.ContextHandler (ContextHandler.java:doStart(781)) - Started o.e.j.s.ServletContextHandler@5cd3f5bf{/logs,file:///workdir/hadoop-ozone/integration-test/target/log,AVAILABLE}
2019-09-02 02:59:09,258 [main] INFO  handler.ContextHandler (ContextHandler.java:doStart(781)) - Started o.e.j.s.ServletContextHandler@34f3189{/static,jar:file:/home/user/.m2/repository/org/apache/hadoop/hadoop-hdds-container-service/0.5.0-SNAPSHOT/hadoop-hdds-container-service-0.5.0-SNAPSHOT.jar!/webapps/static,AVAILABLE}
2019-09-02 02:59:09,279 [main] INFO  handler.ContextHandler (ContextHandler.java:doStart(781)) - Started o.e.j.w.WebAppContext@66121af9{/,file:///tmp/jetty-0.0.0.0-40476-hddsDatanode-_-any-5008352987921352564.dir/webapp/,AVAILABLE}{/hddsDatanode}
2019-09-02 02:59:09,280 [main] INFO  server.AbstractConnector (AbstractConnector.java:doStart(278)) - Started ServerConnector@62a153d3{HTTP/1.1,[http/1.1]}{0.0.0.0:40476}
2019-09-02 02:59:09,281 [main] INFO  server.Server (Server.java:doStart(419)) - Started @606869ms
2019-09-02 02:59:09,282 [main] INFO  server.BaseHttpServer (BaseHttpServer.java:updateConnectorAddress(213)) - HTTP server of HDDSDATANODE is listening at http://0.0.0.0:40476
2019-09-02 02:59:09,376 | INFO  | ObjectStoreRestHttpServer | Listening HDDS REST traffic on /0.0.0.0:42924 |  
2019-09-02 02:59:09,376 [main] INFO  ozone.HddsDatanodeService (HddsDatanodeService.java:startPlugins(395)) - Started plug-in org.apache.hadoop.ozone.web.OzoneHddsDatanodeService@24945f50
2019-09-02 02:59:09,377 [main] INFO  impl.MetricsSystemImpl (MetricsSystemImpl.java:init(158)) - HddsDatanode metrics system started (again)
2019-09-02 02:59:09,381 [org.apache.hadoop.util.JvmPauseMonitor$Monitor@76254ce2] INFO  util.JvmPauseMonitor (JvmPauseMonitor.java:run(188)) - Starting JVM pause monitor
2019-09-02 02:59:09,381 [main] INFO  ozone.HddsDatanodeService (HddsDatanodeService.java:start(184)) - HddsDatanodeService host:pr-hdds-1569-dhr7x-3740612857 ip:192.168.34.6
2019-09-02 02:59:09,382 [Datanode State Machine Thread - 0] INFO  datanode.InitDatanodeState (InitDatanodeState.java:persistContainerDatanodeDetails(140)) - DatanodeDetails is persisted to /workdir/hadoop-ozone/integration-test/target/test-dir/MiniOzoneClusterImpl-95ed0e50-2dca-4589-8b2d-b7f1480a1ca1/datanode-4/meta/datanode.id
2019-09-02 02:59:09,392 [main] INFO  volume.HddsVolume (HddsVolume.java:<init>(176)) - Creating Volume: /workdir/hadoop-ozone/integration-test/target/test-dir/MiniOzoneClusterImpl-95ed0e50-2dca-4589-8b2d-b7f1480a1ca1/datanode-5/data/containers/hdds of  storage type : DISK and capacity : 1482555576320
2019-09-02 02:59:09,392 [main] INFO  volume.VolumeSet (VolumeSet.java:initializeVolumeSet(170)) - Added Volume : /workdir/hadoop-ozone/integration-test/target/test-dir/MiniOzoneClusterImpl-95ed0e50-2dca-4589-8b2d-b7f1480a1ca1/datanode-5/data/containers/hdds to VolumeSet
2019-09-02 02:59:09,392 [main] INFO  volume.ThrottledAsyncChecker (ThrottledAsyncChecker.java:schedule(140)) - Scheduling a check for org.apache.hadoop.ozone.container.common.volume.HddsVolume@721fbae2
2019-09-02 02:59:09,393 [main] INFO  volume.HddsVolumeChecker (HddsVolumeChecker.java:checkAllVolumes(203)) - Scheduled health check for volume org.apache.hadoop.ozone.container.common.volume.HddsVolume@721fbae2
2019-09-02 02:59:09,406 [main] INFO  impl.RaftServerProxy (ConfUtils.java:logGet(43)) - raft.rpc.type = GRPC (default)
2019-09-02 02:59:09,406 [main] INFO  grpc.GrpcFactory (GrpcFactory.java:checkPooledByteBufAllocatorUseCacheForAllThreads(45)) - PERFORMANCE WARNING: useCacheForAllThreads is true that may cause Netty to create a lot garbage objects and, as a result, trigger GC.
	It is recommended to disable useCacheForAllThreads by setting -Dorg.apache.ratis.thirdparty.io.netty.allocator.useCacheForAllThreads=false in command line.
2019-09-02 02:59:09,406 [main] INFO  grpc.GrpcConfigKeys$Server (ConfUtils.java:logGet(43)) - raft.grpc.server.port = 0 (default)
2019-09-02 02:59:09,406 [main] INFO  server.GrpcService (ConfUtils.java:logGet(43)) - raft.grpc.message.size.max = 33570816 (custom)
2019-09-02 02:59:09,407 [main] INFO  server.RaftServerConfigKeys (ConfUtils.java:logGet(43)) - raft.server.log.appender.buffer.byte-limit = 33554432 (custom)
2019-09-02 02:59:09,407 [main] INFO  server.GrpcService (ConfUtils.java:logGet(43)) - raft.grpc.flow.control.window = 1MB (=1048576) (default)
2019-09-02 02:59:09,407 [main] INFO  server.RaftServerConfigKeys (ConfUtils.java:logGet(43)) - raft.server.rpc.request.timeout = 3000ms (default)
2019-09-02 02:59:09,407 [main] INFO  server.RaftServerConfigKeys (ConfUtils.java:logGet(43)) - raft.server.storage.dir = [/workdir/hadoop-ozone/integration-test/target/test-dir/MiniOzoneClusterImpl-95ed0e50-2dca-4589-8b2d-b7f1480a1ca1/datanode-5/data/ratis] (custom)
2019-09-02 02:59:09,408 [main] INFO  replication.SimpleContainerDownloader (SimpleContainerDownloader.java:<init>(72)) - Starting container downloader service to copy containers to replicate.
2019-09-02 02:59:09,409 [main] INFO  hdfs.DFSUtil (DFSUtil.java:httpServerTemplateForNNAndJN(1641)) - Starting Web-server for hddsDatanode at: http://0.0.0.0:0
2019-09-02 02:59:09,409 [main] INFO  server.AuthenticationFilter (AuthenticationFilter.java:constructSecretProvider(240)) - Unable to initialize FileSignerSecretProvider, falling back to use random secrets.
2019-09-02 02:59:09,410 [main] WARN  http.HttpRequestLog (HttpRequestLog.java:getRequestLog(97)) - Jetty request log can only be enabled using Log4j
2019-09-02 02:59:09,411 [main] INFO  http.HttpServer2 (HttpServer2.java:addGlobalFilter(975)) - Added global filter 'safety' (class=org.apache.hadoop.http.HttpServer2$QuotingInputFilter)
2019-09-02 02:59:09,411 [main] INFO  http.HttpServer2 (HttpServer2.java:addFilter(948)) - Added filter static_user_filter (class=org.apache.hadoop.http.lib.StaticUserWebFilter$StaticUserFilter) to context hddsDatanode
2019-09-02 02:59:09,411 [main] INFO  http.HttpServer2 (HttpServer2.java:addFilter(958)) - Added filter static_user_filter (class=org.apache.hadoop.http.lib.StaticUserWebFilter$StaticUserFilter) to context logs
2019-09-02 02:59:09,412 [main] INFO  http.HttpServer2 (HttpServer2.java:addFilter(958)) - Added filter static_user_filter (class=org.apache.hadoop.http.lib.StaticUserWebFilter$StaticUserFilter) to context static
2019-09-02 02:59:09,412 [main] INFO  http.HttpServer2 (HttpServer2.java:bindListener(1191)) - Jetty bound to port 34980
2019-09-02 02:59:09,412 [main] INFO  server.Server (Server.java:doStart(351)) - jetty-9.3.24.v20180605, build timestamp: 2018-06-05T17:11:56Z, git hash: 84205aa28f11a4f31f2a3b86d1bba2cc8ab69827
2019-09-02 02:59:09,414 [main] INFO  handler.ContextHandler (ContextHandler.java:doStart(781)) - Started o.e.j.s.ServletContextHandler@180c785d{/logs,file:///workdir/hadoop-ozone/integration-test/target/log,AVAILABLE}
2019-09-02 02:59:09,414 [main] INFO  handler.ContextHandler (ContextHandler.java:doStart(781)) - Started o.e.j.s.ServletContextHandler@7c2b2b56{/static,jar:file:/home/user/.m2/repository/org/apache/hadoop/hadoop-hdds-container-service/0.5.0-SNAPSHOT/hadoop-hdds-container-service-0.5.0-SNAPSHOT.jar!/webapps/static,AVAILABLE}
2019-09-02 02:59:09,438 [main] INFO  handler.ContextHandler (ContextHandler.java:doStart(781)) - Started o.e.j.w.WebAppContext@333ea5d6{/,file:///tmp/jetty-0.0.0.0-34980-hddsDatanode-_-any-2321068012481603914.dir/webapp/,AVAILABLE}{/hddsDatanode}
2019-09-02 02:59:09,438 [main] INFO  server.AbstractConnector (AbstractConnector.java:doStart(278)) - Started ServerConnector@5f53e698{HTTP/1.1,[http/1.1]}{0.0.0.0:34980}
2019-09-02 02:59:09,441 [main] INFO  server.Server (Server.java:doStart(419)) - Started @607030ms
2019-09-02 02:59:09,441 [main] INFO  server.BaseHttpServer (BaseHttpServer.java:updateConnectorAddress(213)) - HTTP server of HDDSDATANODE is listening at http://0.0.0.0:34980
2019-09-02 02:59:09,534 | INFO  | ObjectStoreRestHttpServer | Listening HDDS REST traffic on /0.0.0.0:36385 |  
2019-09-02 02:59:09,534 [main] INFO  ozone.HddsDatanodeService (HddsDatanodeService.java:startPlugins(395)) - Started plug-in org.apache.hadoop.ozone.web.OzoneHddsDatanodeService@101d4a4e
2019-09-02 02:59:09,535 [main] INFO  impl.MetricsSystemImpl (MetricsSystemImpl.java:init(158)) - HddsDatanode metrics system started (again)
2019-09-02 02:59:09,540 [org.apache.hadoop.util.JvmPauseMonitor$Monitor@13be9c21] INFO  util.JvmPauseMonitor (JvmPauseMonitor.java:run(188)) - Starting JVM pause monitor
2019-09-02 02:59:09,540 [main] INFO  ozone.HddsDatanodeService (HddsDatanodeService.java:start(184)) - HddsDatanodeService host:pr-hdds-1569-dhr7x-3740612857 ip:192.168.34.6
2019-09-02 02:59:09,541 [Datanode State Machine Thread - 0] INFO  datanode.InitDatanodeState (InitDatanodeState.java:persistContainerDatanodeDetails(140)) - DatanodeDetails is persisted to /workdir/hadoop-ozone/integration-test/target/test-dir/MiniOzoneClusterImpl-95ed0e50-2dca-4589-8b2d-b7f1480a1ca1/datanode-5/meta/datanode.id
2019-09-02 02:59:09,553 [main] INFO  volume.HddsVolume (HddsVolume.java:<init>(176)) - Creating Volume: /workdir/hadoop-ozone/integration-test/target/test-dir/MiniOzoneClusterImpl-95ed0e50-2dca-4589-8b2d-b7f1480a1ca1/datanode-6/data/containers/hdds of  storage type : DISK and capacity : 1482555576320
2019-09-02 02:59:09,553 [main] INFO  volume.VolumeSet (VolumeSet.java:initializeVolumeSet(170)) - Added Volume : /workdir/hadoop-ozone/integration-test/target/test-dir/MiniOzoneClusterImpl-95ed0e50-2dca-4589-8b2d-b7f1480a1ca1/datanode-6/data/containers/hdds to VolumeSet
2019-09-02 02:59:09,553 [main] INFO  volume.ThrottledAsyncChecker (ThrottledAsyncChecker.java:schedule(140)) - Scheduling a check for org.apache.hadoop.ozone.container.common.volume.HddsVolume@497c267a
2019-09-02 02:59:09,554 [main] INFO  volume.HddsVolumeChecker (HddsVolumeChecker.java:checkAllVolumes(203)) - Scheduled health check for volume org.apache.hadoop.ozone.container.common.volume.HddsVolume@497c267a
2019-09-02 02:59:09,572 [main] INFO  impl.RaftServerProxy (ConfUtils.java:logGet(43)) - raft.rpc.type = GRPC (default)
2019-09-02 02:59:09,572 [main] INFO  grpc.GrpcFactory (GrpcFactory.java:checkPooledByteBufAllocatorUseCacheForAllThreads(45)) - PERFORMANCE WARNING: useCacheForAllThreads is true that may cause Netty to create a lot garbage objects and, as a result, trigger GC.
	It is recommended to disable useCacheForAllThreads by setting -Dorg.apache.ratis.thirdparty.io.netty.allocator.useCacheForAllThreads=false in command line.
2019-09-02 02:59:09,572 [main] INFO  grpc.GrpcConfigKeys$Server (ConfUtils.java:logGet(43)) - raft.grpc.server.port = 0 (default)
2019-09-02 02:59:09,573 [main] INFO  server.GrpcService (ConfUtils.java:logGet(43)) - raft.grpc.message.size.max = 33570816 (custom)
2019-09-02 02:59:09,573 [main] INFO  server.RaftServerConfigKeys (ConfUtils.java:logGet(43)) - raft.server.log.appender.buffer.byte-limit = 33554432 (custom)
2019-09-02 02:59:09,573 [main] INFO  server.GrpcService (ConfUtils.java:logGet(43)) - raft.grpc.flow.control.window = 1MB (=1048576) (default)
2019-09-02 02:59:09,573 [main] INFO  server.RaftServerConfigKeys (ConfUtils.java:logGet(43)) - raft.server.rpc.request.timeout = 3000ms (default)
2019-09-02 02:59:09,573 [main] INFO  server.RaftServerConfigKeys (ConfUtils.java:logGet(43)) - raft.server.storage.dir = [/workdir/hadoop-ozone/integration-test/target/test-dir/MiniOzoneClusterImpl-95ed0e50-2dca-4589-8b2d-b7f1480a1ca1/datanode-6/data/ratis] (custom)
2019-09-02 02:59:09,574 [main] INFO  replication.SimpleContainerDownloader (SimpleContainerDownloader.java:<init>(72)) - Starting container downloader service to copy containers to replicate.
2019-09-02 02:59:09,575 [main] INFO  hdfs.DFSUtil (DFSUtil.java:httpServerTemplateForNNAndJN(1641)) - Starting Web-server for hddsDatanode at: http://0.0.0.0:0
2019-09-02 02:59:09,576 [main] INFO  server.AuthenticationFilter (AuthenticationFilter.java:constructSecretProvider(240)) - Unable to initialize FileSignerSecretProvider, falling back to use random secrets.
2019-09-02 02:59:09,576 [main] WARN  http.HttpRequestLog (HttpRequestLog.java:getRequestLog(97)) - Jetty request log can only be enabled using Log4j
2019-09-02 02:59:09,577 [main] INFO  http.HttpServer2 (HttpServer2.java:addGlobalFilter(975)) - Added global filter 'safety' (class=org.apache.hadoop.http.HttpServer2$QuotingInputFilter)
2019-09-02 02:59:09,578 [main] INFO  http.HttpServer2 (HttpServer2.java:addFilter(948)) - Added filter static_user_filter (class=org.apache.hadoop.http.lib.StaticUserWebFilter$StaticUserFilter) to context hddsDatanode
2019-09-02 02:59:09,578 [main] INFO  http.HttpServer2 (HttpServer2.java:addFilter(958)) - Added filter static_user_filter (class=org.apache.hadoop.http.lib.StaticUserWebFilter$StaticUserFilter) to context static
2019-09-02 02:59:09,578 [main] INFO  http.HttpServer2 (HttpServer2.java:addFilter(958)) - Added filter static_user_filter (class=org.apache.hadoop.http.lib.StaticUserWebFilter$StaticUserFilter) to context logs
2019-09-02 02:59:09,578 [main] INFO  http.HttpServer2 (HttpServer2.java:bindListener(1191)) - Jetty bound to port 39508
2019-09-02 02:59:09,579 [main] INFO  server.Server (Server.java:doStart(351)) - jetty-9.3.24.v20180605, build timestamp: 2018-06-05T17:11:56Z, git hash: 84205aa28f11a4f31f2a3b86d1bba2cc8ab69827
2019-09-02 02:59:09,580 [main] INFO  handler.ContextHandler (ContextHandler.java:doStart(781)) - Started o.e.j.s.ServletContextHandler@4a084cf0{/logs,file:///workdir/hadoop-ozone/integration-test/target/log,AVAILABLE}
2019-09-02 02:59:09,580 [main] INFO  handler.ContextHandler (ContextHandler.java:doStart(781)) - Started o.e.j.s.ServletContextHandler@791a5c5a{/static,jar:file:/home/user/.m2/repository/org/apache/hadoop/hadoop-hdds-container-service/0.5.0-SNAPSHOT/hadoop-hdds-container-service-0.5.0-SNAPSHOT.jar!/webapps/static,AVAILABLE}
2019-09-02 02:59:09,604 [main] INFO  handler.ContextHandler (ContextHandler.java:doStart(781)) - Started o.e.j.w.WebAppContext@42ec6e3{/,file:///tmp/jetty-0.0.0.0-39508-hddsDatanode-_-any-3302621455411968689.dir/webapp/,AVAILABLE}{/hddsDatanode}
2019-09-02 02:59:09,605 [main] INFO  server.AbstractConnector (AbstractConnector.java:doStart(278)) - Started ServerConnector@37c48490{HTTP/1.1,[http/1.1]}{0.0.0.0:39508}
2019-09-02 02:59:09,607 [main] INFO  server.Server (Server.java:doStart(419)) - Started @607194ms
2019-09-02 02:59:09,608 [main] INFO  server.BaseHttpServer (BaseHttpServer.java:updateConnectorAddress(213)) - HTTP server of HDDSDATANODE is listening at http://0.0.0.0:39508
2019-09-02 02:59:09,976 | INFO  | ObjectStoreRestHttpServer | Listening HDDS REST traffic on /0.0.0.0:33410 |  
2019-09-02 02:59:09,976 [main] INFO  ozone.HddsDatanodeService (HddsDatanodeService.java:startPlugins(395)) - Started plug-in org.apache.hadoop.ozone.web.OzoneHddsDatanodeService@d476a21
2019-09-02 02:59:09,976 [main] INFO  ozone.MiniOzoneClusterImpl (MiniOzoneClusterImpl.java:lambda$waitForClusterToBeReady$0(142)) - Waiting for cluster to be ready. Got 0 of 7 DN Heartbeats.
2019-09-02 02:59:09,978 [org.apache.hadoop.util.JvmPauseMonitor$Monitor@5328a4b7] INFO  util.JvmPauseMonitor (JvmPauseMonitor.java:run(188)) - Starting JVM pause monitor
2019-09-02 02:59:09,978 [Datanode State Machine Thread - 0] INFO  datanode.InitDatanodeState (InitDatanodeState.java:persistContainerDatanodeDetails(140)) - DatanodeDetails is persisted to /workdir/hadoop-ozone/integration-test/target/test-dir/MiniOzoneClusterImpl-95ed0e50-2dca-4589-8b2d-b7f1480a1ca1/datanode-6/meta/datanode.id
2019-09-02 02:59:10,658 | INFO  | SCMAudit | user=jenkins1000 | ip=192.168.34.6 | op=GET_VERSION null | ret=SUCCESS |  
2019-09-02 02:59:10,700 [Datanode State Machine Thread - 0] INFO  ozoneimpl.OzoneContainer (OzoneContainer.java:start(186)) - Attempting to start container services.
2019-09-02 02:59:10,700 [Datanode State Machine Thread - 0] INFO  ozoneimpl.OzoneContainer (OzoneContainer.java:startContainerScrub(160)) - Background container scrubber has been disabled by hdds.containerscrub.enabled
2019-09-02 02:59:10,700 [Datanode State Machine Thread - 0] INFO  ratis.XceiverServerRatis (XceiverServerRatis.java:start(404)) - Starting XceiverServerRatis 50da3d7a-a47f-41c7-ad75-11072bd7a70e at port 0
2019-09-02 02:59:10,707 [Datanode State Machine Thread - 0] INFO  impl.RaftServerProxy (RaftServerProxy.java:lambda$start$3(299)) - 50da3d7a-a47f-41c7-ad75-11072bd7a70e: start RPC server
2019-09-02 02:59:10,708 [Datanode State Machine Thread - 0] INFO  server.GrpcService (GrpcService.java:startImpl(149)) - 50da3d7a-a47f-41c7-ad75-11072bd7a70e: GrpcService started, listening on 0.0.0.0/0.0.0.0:40957
2019-09-02 02:59:10,709 [Datanode State Machine Thread - 0] INFO  ratis.XceiverServerRatis (XceiverServerRatis.java:start(414)) - XceiverServerRatis 50da3d7a-a47f-41c7-ad75-11072bd7a70e is started using port 40957
2019-09-02 02:59:10,709 [Datanode State Machine Thread - 0] INFO  server.XceiverServerGrpc (XceiverServerGrpc.java:start(163)) - XceiverServerGrpc 50da3d7a-a47f-41c7-ad75-11072bd7a70e is started using port 38749
2019-09-02 02:59:10,877 | INFO  | SCMAudit | user=jenkins1000 | ip=192.168.34.6 | op=GET_VERSION null | ret=SUCCESS |  
2019-09-02 02:59:10,891 [Datanode State Machine Thread - 0] INFO  ozoneimpl.OzoneContainer (OzoneContainer.java:start(186)) - Attempting to start container services.
2019-09-02 02:59:10,891 [Datanode State Machine Thread - 0] INFO  ozoneimpl.OzoneContainer (OzoneContainer.java:startContainerScrub(160)) - Background container scrubber has been disabled by hdds.containerscrub.enabled
2019-09-02 02:59:10,891 [Datanode State Machine Thread - 0] INFO  ratis.XceiverServerRatis (XceiverServerRatis.java:start(404)) - Starting XceiverServerRatis 881b483d-3350-4cb0-9dfa-0b51e2558016 at port 0
2019-09-02 02:59:10,897 [Datanode State Machine Thread - 0] INFO  impl.RaftServerProxy (RaftServerProxy.java:lambda$start$3(299)) - 881b483d-3350-4cb0-9dfa-0b51e2558016: start RPC server
2019-09-02 02:59:10,899 [Datanode State Machine Thread - 0] INFO  server.GrpcService (GrpcService.java:startImpl(149)) - 881b483d-3350-4cb0-9dfa-0b51e2558016: GrpcService started, listening on 0.0.0.0/0.0.0.0:41319
2019-09-02 02:59:10,900 [Datanode State Machine Thread - 0] INFO  ratis.XceiverServerRatis (XceiverServerRatis.java:start(414)) - XceiverServerRatis 881b483d-3350-4cb0-9dfa-0b51e2558016 is started using port 41319
2019-09-02 02:59:10,900 [Datanode State Machine Thread - 0] INFO  server.XceiverServerGrpc (XceiverServerGrpc.java:start(163)) - XceiverServerGrpc 881b483d-3350-4cb0-9dfa-0b51e2558016 is started using port 40693
2019-09-02 02:59:10,977 [main] INFO  ozone.MiniOzoneClusterImpl (MiniOzoneClusterImpl.java:lambda$waitForClusterToBeReady$0(142)) - Waiting for cluster to be ready. Got 0 of 7 DN Heartbeats.
2019-09-02 02:59:11,064 | INFO  | SCMAudit | user=jenkins1000 | ip=192.168.34.6 | op=GET_VERSION null | ret=SUCCESS |  
2019-09-02 02:59:11,073 [Datanode State Machine Thread - 0] INFO  ozoneimpl.OzoneContainer (OzoneContainer.java:start(186)) - Attempting to start container services.
2019-09-02 02:59:11,073 [Datanode State Machine Thread - 0] INFO  ozoneimpl.OzoneContainer (OzoneContainer.java:startContainerScrub(160)) - Background container scrubber has been disabled by hdds.containerscrub.enabled
2019-09-02 02:59:11,073 [Datanode State Machine Thread - 0] INFO  ratis.XceiverServerRatis (XceiverServerRatis.java:start(404)) - Starting XceiverServerRatis 9222fa3a-6d54-4d5e-ab04-cee29767e203 at port 0
2019-09-02 02:59:11,080 [Datanode State Machine Thread - 0] INFO  impl.RaftServerProxy (RaftServerProxy.java:lambda$start$3(299)) - 9222fa3a-6d54-4d5e-ab04-cee29767e203: start RPC server
2019-09-02 02:59:11,084 [Datanode State Machine Thread - 0] INFO  server.GrpcService (GrpcService.java:startImpl(149)) - 9222fa3a-6d54-4d5e-ab04-cee29767e203: GrpcService started, listening on 0.0.0.0/0.0.0.0:33458
2019-09-02 02:59:11,084 [Datanode State Machine Thread - 0] INFO  ratis.XceiverServerRatis (XceiverServerRatis.java:start(414)) - XceiverServerRatis 9222fa3a-6d54-4d5e-ab04-cee29767e203 is started using port 33458
2019-09-02 02:59:11,084 [Datanode State Machine Thread - 0] INFO  server.XceiverServerGrpc (XceiverServerGrpc.java:start(163)) - XceiverServerGrpc 9222fa3a-6d54-4d5e-ab04-cee29767e203 is started using port 42030
2019-09-02 02:59:11,226 | INFO  | SCMAudit | user=jenkins1000 | ip=192.168.34.6 | op=GET_VERSION null | ret=SUCCESS |  
2019-09-02 02:59:11,247 [Datanode State Machine Thread - 0] INFO  ozoneimpl.OzoneContainer (OzoneContainer.java:start(186)) - Attempting to start container services.
2019-09-02 02:59:11,247 [Datanode State Machine Thread - 0] INFO  ozoneimpl.OzoneContainer (OzoneContainer.java:startContainerScrub(160)) - Background container scrubber has been disabled by hdds.containerscrub.enabled
2019-09-02 02:59:11,247 [Datanode State Machine Thread - 0] INFO  ratis.XceiverServerRatis (XceiverServerRatis.java:start(404)) - Starting XceiverServerRatis 58e57113-ec4e-4e2c-8e08-9b26096286af at port 0
2019-09-02 02:59:11,254 [Datanode State Machine Thread - 0] INFO  impl.RaftServerProxy (RaftServerProxy.java:lambda$start$3(299)) - 58e57113-ec4e-4e2c-8e08-9b26096286af: start RPC server
2019-09-02 02:59:11,254 [Datanode State Machine Thread - 0] INFO  server.GrpcService (GrpcService.java:startImpl(149)) - 58e57113-ec4e-4e2c-8e08-9b26096286af: GrpcService started, listening on 0.0.0.0/0.0.0.0:45179
2019-09-02 02:59:11,255 [Datanode State Machine Thread - 0] INFO  ratis.XceiverServerRatis (XceiverServerRatis.java:start(414)) - XceiverServerRatis 58e57113-ec4e-4e2c-8e08-9b26096286af is started using port 45179
2019-09-02 02:59:11,258 [Datanode State Machine Thread - 0] INFO  server.XceiverServerGrpc (XceiverServerGrpc.java:start(163)) - XceiverServerGrpc 58e57113-ec4e-4e2c-8e08-9b26096286af is started using port 37342
2019-09-02 02:59:11,381 | INFO  | SCMAudit | user=jenkins1000 | ip=192.168.34.6 | op=GET_VERSION null | ret=SUCCESS |  
2019-09-02 02:59:11,395 [Datanode State Machine Thread - 0] INFO  ozoneimpl.OzoneContainer (OzoneContainer.java:start(186)) - Attempting to start container services.
2019-09-02 02:59:11,396 [Datanode State Machine Thread - 0] INFO  ozoneimpl.OzoneContainer (OzoneContainer.java:startContainerScrub(160)) - Background container scrubber has been disabled by hdds.containerscrub.enabled
2019-09-02 02:59:11,396 [Datanode State Machine Thread - 0] INFO  ratis.XceiverServerRatis (XceiverServerRatis.java:start(404)) - Starting XceiverServerRatis 6200eba3-9c3a-4cd5-b165-0febe607b4fe at port 0
2019-09-02 02:59:11,402 [Datanode State Machine Thread - 0] INFO  impl.RaftServerProxy (RaftServerProxy.java:lambda$start$3(299)) - 6200eba3-9c3a-4cd5-b165-0febe607b4fe: start RPC server
2019-09-02 02:59:11,406 [Datanode State Machine Thread - 0] INFO  server.GrpcService (GrpcService.java:startImpl(149)) - 6200eba3-9c3a-4cd5-b165-0febe607b4fe: GrpcService started, listening on 0.0.0.0/0.0.0.0:46451
2019-09-02 02:59:11,407 [Datanode State Machine Thread - 0] INFO  ratis.XceiverServerRatis (XceiverServerRatis.java:start(414)) - XceiverServerRatis 6200eba3-9c3a-4cd5-b165-0febe607b4fe is started using port 46451
2019-09-02 02:59:11,407 [Datanode State Machine Thread - 0] INFO  server.XceiverServerGrpc (XceiverServerGrpc.java:start(163)) - XceiverServerGrpc 6200eba3-9c3a-4cd5-b165-0febe607b4fe is started using port 38043
2019-09-02 02:59:11,541 | INFO  | SCMAudit | user=jenkins1000 | ip=192.168.34.6 | op=GET_VERSION null | ret=SUCCESS |  
2019-09-02 02:59:11,555 [Datanode State Machine Thread - 0] INFO  ozoneimpl.OzoneContainer (OzoneContainer.java:start(186)) - Attempting to start container services.
2019-09-02 02:59:11,555 [Datanode State Machine Thread - 0] INFO  ozoneimpl.OzoneContainer (OzoneContainer.java:startContainerScrub(160)) - Background container scrubber has been disabled by hdds.containerscrub.enabled
2019-09-02 02:59:11,555 [Datanode State Machine Thread - 0] INFO  ratis.XceiverServerRatis (XceiverServerRatis.java:start(404)) - Starting XceiverServerRatis f5200351-47ce-4212-9670-72e625b80f12 at port 0
2019-09-02 02:59:11,562 [Datanode State Machine Thread - 0] INFO  impl.RaftServerProxy (RaftServerProxy.java:lambda$start$3(299)) - f5200351-47ce-4212-9670-72e625b80f12: start RPC server
2019-09-02 02:59:11,563 [Datanode State Machine Thread - 0] INFO  server.GrpcService (GrpcService.java:startImpl(149)) - f5200351-47ce-4212-9670-72e625b80f12: GrpcService started, listening on 0.0.0.0/0.0.0.0:40778
2019-09-02 02:59:11,563 [Datanode State Machine Thread - 0] INFO  ratis.XceiverServerRatis (XceiverServerRatis.java:start(414)) - XceiverServerRatis f5200351-47ce-4212-9670-72e625b80f12 is started using port 40778
2019-09-02 02:59:11,563 [Datanode State Machine Thread - 0] INFO  server.XceiverServerGrpc (XceiverServerGrpc.java:start(163)) - XceiverServerGrpc f5200351-47ce-4212-9670-72e625b80f12 is started using port 40813
2019-09-02 02:59:11,977 [main] INFO  ozone.MiniOzoneClusterImpl (MiniOzoneClusterImpl.java:lambda$waitForClusterToBeReady$0(142)) - Waiting for cluster to be ready. Got 0 of 7 DN Heartbeats.
2019-09-02 02:59:11,978 | INFO  | SCMAudit | user=jenkins1000 | ip=192.168.34.6 | op=GET_VERSION null | ret=SUCCESS |  
2019-09-02 02:59:11,992 [Datanode State Machine Thread - 0] INFO  ozoneimpl.OzoneContainer (OzoneContainer.java:start(186)) - Attempting to start container services.
2019-09-02 02:59:11,992 [Datanode State Machine Thread - 0] INFO  ozoneimpl.OzoneContainer (OzoneContainer.java:startContainerScrub(160)) - Background container scrubber has been disabled by hdds.containerscrub.enabled
2019-09-02 02:59:11,992 [Datanode State Machine Thread - 0] INFO  ratis.XceiverServerRatis (XceiverServerRatis.java:start(404)) - Starting XceiverServerRatis 14e62e22-4066-45fc-b669-f81f16730274 at port 0
2019-09-02 02:59:11,998 [Datanode State Machine Thread - 0] INFO  impl.RaftServerProxy (RaftServerProxy.java:lambda$start$3(299)) - 14e62e22-4066-45fc-b669-f81f16730274: start RPC server
2019-09-02 02:59:11,999 [Datanode State Machine Thread - 0] INFO  server.GrpcService (GrpcService.java:startImpl(149)) - 14e62e22-4066-45fc-b669-f81f16730274: GrpcService started, listening on 0.0.0.0/0.0.0.0:45427
2019-09-02 02:59:12,000 [Datanode State Machine Thread - 0] INFO  ratis.XceiverServerRatis (XceiverServerRatis.java:start(414)) - XceiverServerRatis 14e62e22-4066-45fc-b669-f81f16730274 is started using port 45427
2019-09-02 02:59:12,016 [Datanode State Machine Thread - 0] INFO  server.XceiverServerGrpc (XceiverServerGrpc.java:start(163)) - XceiverServerGrpc 14e62e22-4066-45fc-b669-f81f16730274 is started using port 38994
2019-09-02 02:59:12,656 [IPC Server handler 3 on 34996] INFO  net.NetworkTopology (NetworkTopologyImpl.java:add(110)) - Added a new node: /default-rack/50da3d7a-a47f-41c7-ad75-11072bd7a70e
2019-09-02 02:59:12,659 [IPC Server handler 3 on 34996] INFO  node.SCMNodeManager (SCMNodeManager.java:register(274)) - Registered Data node : 50da3d7a-a47f-41c7-ad75-11072bd7a70e{ip: 192.168.34.6, host: pr-hdds-1569-dhr7x-3740612857, networkLocation: /default-rack, certSerialId: null}
2019-09-02 02:59:12,660 [EventQueue-NodeRegistrationContainerReportForDataNodeSafeModeRule] INFO  safemode.SCMSafeModeManager (DataNodeSafeModeRule.java:process(71)) - SCM in safe mode. 1 DataNodes registered, 1 required.
2019-09-02 02:59:12,660 | INFO  | SCMAudit | user=jenkins1000 | ip=192.168.34.6 | op=REGISTER {datanodeDetails=50da3d7a-a47f-41c7-ad75-11072bd7a70e{ip: 192.168.34.6, host: pr-hdds-1569-dhr7x-3740612857, networkLocation: /default-rack, certSerialId: null}} | ret=SUCCESS |  
2019-09-02 02:59:12,662 [EventQueue-NodeRegistrationContainerReportForDataNodeSafeModeRule] INFO  safemode.SCMSafeModeManager (SCMSafeModeManager.java:validateSafeModeExitRules(177)) - ScmSafeModeManager, all rules are successfully validated
2019-09-02 02:59:12,662 [EventQueue-NodeRegistrationContainerReportForDataNodeSafeModeRule] INFO  safemode.SCMSafeModeManager (SCMSafeModeManager.java:exitSafeMode(193)) - SCM exiting safe mode.
2019-09-02 02:59:12,672 [grpc-default-executor-0] INFO  impl.RaftServerProxy (RaftServerProxy.java:addNew(89)) - 50da3d7a-a47f-41c7-ad75-11072bd7a70e: addNew group-59509B4705CA:[50da3d7a-a47f-41c7-ad75-11072bd7a70e:192.168.34.6:40957] returns group-59509B4705CA:java.util.concurrent.CompletableFuture@3a88a7a9[Not completed]
2019-09-02 02:59:12,673 [pool-633-thread-1] INFO  impl.RaftServerImpl (RaftServerImpl.java:<init>(93)) - 50da3d7a-a47f-41c7-ad75-11072bd7a70e: new RaftServerImpl for group-59509B4705CA:[50da3d7a-a47f-41c7-ad75-11072bd7a70e:192.168.34.6:40957] with ContainerStateMachine:uninitialized
2019-09-02 02:59:12,673 [pool-633-thread-1] INFO  server.RaftServerConfigKeys (ConfUtils.java:logGet(43)) - raft.server.rpc.timeout.min = 5s (custom)
2019-09-02 02:59:12,674 [pool-633-thread-1] INFO  server.RaftServerConfigKeys (ConfUtils.java:logGet(43)) - raft.server.rpc.timeout.max = 5200ms (custom)
2019-09-02 02:59:12,674 [pool-633-thread-1] INFO  server.RaftServerConfigKeys (ConfUtils.java:logGet(43)) - raft.server.rpcslowness.timeout = 120s (custom)
2019-09-02 02:59:12,674 [pool-633-thread-1] INFO  server.RaftServerConfigKeys (ConfUtils.java:logGet(43)) - raft.server.sleep.deviation.threshold = 300 (default)
2019-09-02 02:59:12,674 [pool-633-thread-1] INFO  server.RaftServerConfigKeys (ConfUtils.java:logGet(43)) - raft.server.log.appender.install.snapshot.enabled = false (custom)
2019-09-02 02:59:12,674 [pool-633-thread-1] INFO  impl.RaftServerImpl (ServerState.java:<init>(105)) - 50da3d7a-a47f-41c7-ad75-11072bd7a70e:group-59509B4705CA ConfigurationManager, init=-1: [50da3d7a-a47f-41c7-ad75-11072bd7a70e:192.168.34.6:40957], old=null, confs=<EMPTY_MAP>
2019-09-02 02:59:12,674 [pool-633-thread-1] INFO  server.RaftServerConfigKeys (ConfUtils.java:logGet(43)) - raft.server.storage.dir = [/workdir/hadoop-ozone/integration-test/target/test-dir/MiniOzoneClusterImpl-95ed0e50-2dca-4589-8b2d-b7f1480a1ca1/datanode-0/data/ratis] (custom)
2019-09-02 02:59:12,675 [pool-633-thread-1] INFO  storage.RaftStorageDirectory (RaftStorageDirectory.java:analyzeStorage(246)) - The storage directory /workdir/hadoop-ozone/integration-test/target/test-dir/MiniOzoneClusterImpl-95ed0e50-2dca-4589-8b2d-b7f1480a1ca1/datanode-0/data/ratis/d9e18165-0d94-4bf6-90b5-59509b4705ca does not exist. Creating ...
2019-09-02 02:59:12,688 [pool-633-thread-1] INFO  storage.RaftStorageDirectory (RaftStorageDirectory.java:tryLock(328)) - Lock on /workdir/hadoop-ozone/integration-test/target/test-dir/MiniOzoneClusterImpl-95ed0e50-2dca-4589-8b2d-b7f1480a1ca1/datanode-0/data/ratis/d9e18165-0d94-4bf6-90b5-59509b4705ca/in_use.lock acquired by nodename 11350@pr-hdds-1569-dhr7x-3740612857
2019-09-02 02:59:12,701 [pool-633-thread-1] INFO  storage.RaftStorage (RaftStorage.java:format(72)) - Storage directory /workdir/hadoop-ozone/integration-test/target/test-dir/MiniOzoneClusterImpl-95ed0e50-2dca-4589-8b2d-b7f1480a1ca1/datanode-0/data/ratis/d9e18165-0d94-4bf6-90b5-59509b4705ca has been successfully formatted.
2019-09-02 02:59:12,701 [pool-633-thread-1] INFO  ratis.ContainerStateMachine (ContainerStateMachine.java:loadSnapshot(226)) - group-59509B4705CA: The snapshot info is null. Setting the last applied indexto:(t:0, i:~)
2019-09-02 02:59:12,701 [pool-633-thread-1] INFO  server.RaftServerConfigKeys (ConfUtils.java:logGet(43)) - raft.server.leader.election.timeout = 120s (custom)
2019-09-02 02:59:12,702 [pool-633-thread-1] INFO  server.RaftServerConfigKeys (ConfUtils.java:logGet(43)) - raft.server.log.use.memory = false (default)
2019-09-02 02:59:12,702 [pool-633-thread-1] INFO  server.RaftServerConfigKeys (ConfUtils.java:logGet(43)) - raft.server.log.purge.gap = 1000000 (custom)
2019-09-02 02:59:12,702 [pool-633-thread-1] INFO  server.RaftServerConfigKeys (ConfUtils.java:logGet(43)) - raft.server.log.appender.buffer.byte-limit = 33554432 (custom)
2019-09-02 02:59:12,702 [pool-633-thread-1] INFO  server.RaftServerConfigKeys (ConfUtils.java:logGet(43)) - raft.server.log.segment.size.max = 1048576 (custom)
2019-09-02 02:59:12,702 [pool-633-thread-1] INFO  server.RaftServerConfigKeys (ConfUtils.java:logGet(43)) - raft.server.log.segment.cache.num.max = 2 (custom)
2019-09-02 02:59:12,702 [pool-633-thread-1] INFO  segmented.SegmentedRaftLogWorker (SegmentedRaftLogWorker.java:<init>(172)) - new 50da3d7a-a47f-41c7-ad75-11072bd7a70e-SegmentedRaftLogWorker:Storage Directory /workdir/hadoop-ozone/integration-test/target/test-dir/MiniOzoneClusterImpl-95ed0e50-2dca-4589-8b2d-b7f1480a1ca1/datanode-0/data/ratis/d9e18165-0d94-4bf6-90b5-59509b4705ca for RaftStorage:Storage Directory /workdir/hadoop-ozone/integration-test/target/test-dir/MiniOzoneClusterImpl-95ed0e50-2dca-4589-8b2d-b7f1480a1ca1/datanode-0/data/ratis/d9e18165-0d94-4bf6-90b5-59509b4705ca
2019-09-02 02:59:12,703 [pool-633-thread-1] INFO  server.RaftServerConfigKeys (ConfUtils.java:logGet(43)) - raft.server.log.queue.byte-limit = 2147483647 (custom)
2019-09-02 02:59:12,703 [pool-633-thread-1] INFO  server.RaftServerConfigKeys (ConfUtils.java:logGet(43)) - raft.server.log.queue.element-limit = 1024 (custom)
2019-09-02 02:59:12,703 [pool-633-thread-1] INFO  server.RaftServerConfigKeys (ConfUtils.java:logGet(43)) - raft.server.log.segment.size.max = 1048576 (custom)
2019-09-02 02:59:12,703 [pool-633-thread-1] INFO  server.RaftServerConfigKeys (ConfUtils.java:logGet(43)) - raft.server.log.preallocated.size = 16384 (custom)
2019-09-02 02:59:12,703 [pool-633-thread-1] INFO  server.RaftServerConfigKeys (ConfUtils.java:logGet(43)) - raft.server.log.write.buffer.size = 33554432 (custom)
2019-09-02 02:59:12,704 [pool-633-thread-1] INFO  server.RaftServerConfigKeys (ConfUtils.java:logGet(43)) - raft.server.log.force.sync.num = 128 (default)
2019-09-02 02:59:12,704 [pool-633-thread-1] INFO  server.RaftServerConfigKeys (ConfUtils.java:logGet(43)) - raft.server.log.statemachine.data.sync = true (default)
2019-09-02 02:59:12,704 [pool-633-thread-1] INFO  server.RaftServerConfigKeys (ConfUtils.java:logGet(43)) - raft.server.log.statemachine.data.sync.timeout = 10s (default)
2019-09-02 02:59:12,704 [pool-633-thread-1] INFO  server.RaftServerConfigKeys (ConfUtils.java:logGet(43)) - raft.server.log.statemachine.data.sync.timeout.retry = -1 (default)
2019-09-02 02:59:12,704 [pool-633-thread-1] INFO  server.RaftServerConfigKeys (ConfUtils.java:logGet(43)) - raft.server.log.statemachine.data.caching.enabled = true (custom)
2019-09-02 02:59:12,705 [pool-633-thread-1] INFO  segmented.SegmentedRaftLogWorker (SegmentedRaftLogWorker.java:lambda$new$0(132)) - 50da3d7a-a47f-41c7-ad75-11072bd7a70e-SegmentedRaftLogWorker:Storage Directory /workdir/hadoop-ozone/integration-test/target/test-dir/MiniOzoneClusterImpl-95ed0e50-2dca-4589-8b2d-b7f1480a1ca1/datanode-0/data/ratis/d9e18165-0d94-4bf6-90b5-59509b4705ca: flushIndex: setUnconditionally 0 -> -1
2019-09-02 02:59:12,705 [pool-633-thread-1] INFO  server.RaftServerConfigKeys (ConfUtils.java:logGet(43)) - raft.server.snapshot.auto.trigger.enabled = true (custom)
2019-09-02 02:59:12,705 [pool-633-thread-1] INFO  server.RaftServerConfigKeys (ConfUtils.java:logGet(43)) - raft.server.snapshot.auto.trigger.threshold = 10000 (custom)
2019-09-02 02:59:12,706 [pool-633-thread-1] INFO  server.RaftServerConfigKeys (ConfUtils.java:logGet(43)) - raft.server.retrycache.expirytime = 600000ms (custom)
2019-09-02 02:59:12,706 [pool-633-thread-1] INFO  impl.RaftServerImpl (RaftServerImpl.java:start(180)) - 50da3d7a-a47f-41c7-ad75-11072bd7a70e: start group-59509B4705CA
2019-09-02 02:59:12,706 [pool-633-thread-1] INFO  impl.RaftServerImpl (RaftServerImpl.java:setRole(171)) - 50da3d7a-a47f-41c7-ad75-11072bd7a70e:group-59509B4705CA changes role from null to FOLLOWER at term 0 for startAsFollower
2019-09-02 02:59:12,706 [pool-633-thread-1] INFO  impl.RoleInfo (RoleInfo.java:updateAndGet(143)) - 50da3d7a-a47f-41c7-ad75-11072bd7a70e: start FollowerState
2019-09-02 02:59:12,707 [pool-633-thread-1] INFO  util.JmxRegister (JmxRegister.java:tryRegister(44)) - Successfully registered JMX Bean with object name Ratis:service=RaftServer,group=group-59509B4705CA,id=50da3d7a-a47f-41c7-ad75-11072bd7a70e
2019-09-02 02:59:12,712 [RatisPipelineUtilsThread] INFO  pipeline.PipelineStateManager (PipelineStateManager.java:addPipeline(56)) - Created pipeline Pipeline[ Id: d9e18165-0d94-4bf6-90b5-59509b4705ca, Nodes: 50da3d7a-a47f-41c7-ad75-11072bd7a70e{ip: 192.168.34.6, host: pr-hdds-1569-dhr7x-3740612857, networkLocation: /default-rack, certSerialId: null}, Type:RATIS, Factor:ONE, State:OPEN]
2019-09-02 02:59:12,876 [IPC Server handler 6 on 34996] INFO  net.NetworkTopology (NetworkTopologyImpl.java:add(110)) - Added a new node: /default-rack/881b483d-3350-4cb0-9dfa-0b51e2558016
2019-09-02 02:59:12,877 [IPC Server handler 6 on 34996] INFO  node.SCMNodeManager (SCMNodeManager.java:register(274)) - Registered Data node : 881b483d-3350-4cb0-9dfa-0b51e2558016{ip: 192.168.34.6, host: pr-hdds-1569-dhr7x-3740612857, networkLocation: /default-rack, certSerialId: null}
2019-09-02 02:59:12,877 | INFO  | SCMAudit | user=jenkins1000 | ip=192.168.34.6 | op=REGISTER {datanodeDetails=881b483d-3350-4cb0-9dfa-0b51e2558016{ip: 192.168.34.6, host: pr-hdds-1569-dhr7x-3740612857, networkLocation: /default-rack, certSerialId: null}} | ret=SUCCESS |  
2019-09-02 02:59:12,895 [grpc-default-executor-0] INFO  impl.RaftServerProxy (RaftServerProxy.java:addNew(89)) - 881b483d-3350-4cb0-9dfa-0b51e2558016: addNew group-6988F78573DB:[881b483d-3350-4cb0-9dfa-0b51e2558016:192.168.34.6:41319] returns group-6988F78573DB:java.util.concurrent.CompletableFuture@1c0cfa5a[Not completed]
2019-09-02 02:59:12,896 [pool-644-thread-1] INFO  impl.RaftServerImpl (RaftServerImpl.java:<init>(93)) - 881b483d-3350-4cb0-9dfa-0b51e2558016: new RaftServerImpl for group-6988F78573DB:[881b483d-3350-4cb0-9dfa-0b51e2558016:192.168.34.6:41319] with ContainerStateMachine:uninitialized
2019-09-02 02:59:12,896 [pool-644-thread-1] INFO  server.RaftServerConfigKeys (ConfUtils.java:logGet(43)) - raft.server.rpc.timeout.min = 5s (custom)
2019-09-02 02:59:12,897 [pool-644-thread-1] INFO  server.RaftServerConfigKeys (ConfUtils.java:logGet(43)) - raft.server.rpc.timeout.max = 5200ms (custom)
2019-09-02 02:59:12,897 [pool-644-thread-1] INFO  server.RaftServerConfigKeys (ConfUtils.java:logGet(43)) - raft.server.rpcslowness.timeout = 120s (custom)
2019-09-02 02:59:12,897 [pool-644-thread-1] INFO  server.RaftServerConfigKeys (ConfUtils.java:logGet(43)) - raft.server.sleep.deviation.threshold = 300 (default)
2019-09-02 02:59:12,897 [pool-644-thread-1] INFO  server.RaftServerConfigKeys (ConfUtils.java:logGet(43)) - raft.server.log.appender.install.snapshot.enabled = false (custom)
2019-09-02 02:59:12,897 [pool-644-thread-1] INFO  impl.RaftServerImpl (ServerState.java:<init>(105)) - 881b483d-3350-4cb0-9dfa-0b51e2558016:group-6988F78573DB ConfigurationManager, init=-1: [881b483d-3350-4cb0-9dfa-0b51e2558016:192.168.34.6:41319], old=null, confs=<EMPTY_MAP>
2019-09-02 02:59:12,897 [pool-644-thread-1] INFO  server.RaftServerConfigKeys (ConfUtils.java:logGet(43)) - raft.server.storage.dir = [/workdir/hadoop-ozone/integration-test/target/test-dir/MiniOzoneClusterImpl-95ed0e50-2dca-4589-8b2d-b7f1480a1ca1/datanode-1/data/ratis] (custom)
2019-09-02 02:59:12,898 [pool-644-thread-1] INFO  storage.RaftStorageDirectory (RaftStorageDirectory.java:analyzeStorage(246)) - The storage directory /workdir/hadoop-ozone/integration-test/target/test-dir/MiniOzoneClusterImpl-95ed0e50-2dca-4589-8b2d-b7f1480a1ca1/datanode-1/data/ratis/7b21dcc8-2077-4acc-9076-6988f78573db does not exist. Creating ...
2019-09-02 02:59:12,911 [pool-644-thread-1] INFO  storage.RaftStorageDirectory (RaftStorageDirectory.java:tryLock(328)) - Lock on /workdir/hadoop-ozone/integration-test/target/test-dir/MiniOzoneClusterImpl-95ed0e50-2dca-4589-8b2d-b7f1480a1ca1/datanode-1/data/ratis/7b21dcc8-2077-4acc-9076-6988f78573db/in_use.lock acquired by nodename 11350@pr-hdds-1569-dhr7x-3740612857
2019-09-02 02:59:12,923 [pool-644-thread-1] INFO  storage.RaftStorage (RaftStorage.java:format(72)) - Storage directory /workdir/hadoop-ozone/integration-test/target/test-dir/MiniOzoneClusterImpl-95ed0e50-2dca-4589-8b2d-b7f1480a1ca1/datanode-1/data/ratis/7b21dcc8-2077-4acc-9076-6988f78573db has been successfully formatted.
2019-09-02 02:59:12,924 [pool-644-thread-1] INFO  ratis.ContainerStateMachine (ContainerStateMachine.java:loadSnapshot(226)) - group-6988F78573DB: The snapshot info is null. Setting the last applied indexto:(t:0, i:~)
2019-09-02 02:59:12,924 [pool-644-thread-1] INFO  server.RaftServerConfigKeys (ConfUtils.java:logGet(43)) - raft.server.leader.election.timeout = 120s (custom)
2019-09-02 02:59:12,924 [pool-644-thread-1] INFO  server.RaftServerConfigKeys (ConfUtils.java:logGet(43)) - raft.server.log.use.memory = false (default)
2019-09-02 02:59:12,924 [pool-644-thread-1] INFO  server.RaftServerConfigKeys (ConfUtils.java:logGet(43)) - raft.server.log.purge.gap = 1000000 (custom)
2019-09-02 02:59:12,924 [pool-644-thread-1] INFO  server.RaftServerConfigKeys (ConfUtils.java:logGet(43)) - raft.server.log.appender.buffer.byte-limit = 33554432 (custom)
2019-09-02 02:59:12,924 [pool-644-thread-1] INFO  server.RaftServerConfigKeys (ConfUtils.java:logGet(43)) - raft.server.log.segment.size.max = 1048576 (custom)
2019-09-02 02:59:12,924 [pool-644-thread-1] INFO  server.RaftServerConfigKeys (ConfUtils.java:logGet(43)) - raft.server.log.segment.cache.num.max = 2 (custom)
2019-09-02 02:59:12,925 [pool-644-thread-1] INFO  segmented.SegmentedRaftLogWorker (SegmentedRaftLogWorker.java:<init>(172)) - new 881b483d-3350-4cb0-9dfa-0b51e2558016-SegmentedRaftLogWorker:Storage Directory /workdir/hadoop-ozone/integration-test/target/test-dir/MiniOzoneClusterImpl-95ed0e50-2dca-4589-8b2d-b7f1480a1ca1/datanode-1/data/ratis/7b21dcc8-2077-4acc-9076-6988f78573db for RaftStorage:Storage Directory /workdir/hadoop-ozone/integration-test/target/test-dir/MiniOzoneClusterImpl-95ed0e50-2dca-4589-8b2d-b7f1480a1ca1/datanode-1/data/ratis/7b21dcc8-2077-4acc-9076-6988f78573db
2019-09-02 02:59:12,925 [pool-644-thread-1] INFO  server.RaftServerConfigKeys (ConfUtils.java:logGet(43)) - raft.server.log.queue.byte-limit = 2147483647 (custom)
2019-09-02 02:59:12,925 [pool-644-thread-1] INFO  server.RaftServerConfigKeys (ConfUtils.java:logGet(43)) - raft.server.log.queue.element-limit = 1024 (custom)
2019-09-02 02:59:12,925 [pool-644-thread-1] INFO  server.RaftServerConfigKeys (ConfUtils.java:logGet(43)) - raft.server.log.segment.size.max = 1048576 (custom)
2019-09-02 02:59:12,925 [pool-644-thread-1] INFO  server.RaftServerConfigKeys (ConfUtils.java:logGet(43)) - raft.server.log.preallocated.size = 16384 (custom)
2019-09-02 02:59:12,925 [pool-644-thread-1] INFO  server.RaftServerConfigKeys (ConfUtils.java:logGet(43)) - raft.server.log.write.buffer.size = 33554432 (custom)
2019-09-02 02:59:12,926 [pool-644-thread-1] INFO  server.RaftServerConfigKeys (ConfUtils.java:logGet(43)) - raft.server.log.force.sync.num = 128 (default)
2019-09-02 02:59:12,926 [pool-644-thread-1] INFO  server.RaftServerConfigKeys (ConfUtils.java:logGet(43)) - raft.server.log.statemachine.data.sync = true (default)
2019-09-02 02:59:12,926 [pool-644-thread-1] INFO  server.RaftServerConfigKeys (ConfUtils.java:logGet(43)) - raft.server.log.statemachine.data.sync.timeout = 10s (default)
2019-09-02 02:59:12,926 [pool-644-thread-1] INFO  server.RaftServerConfigKeys (ConfUtils.java:logGet(43)) - raft.server.log.statemachine.data.sync.timeout.retry = -1 (default)
2019-09-02 02:59:12,926 [pool-644-thread-1] INFO  server.RaftServerConfigKeys (ConfUtils.java:logGet(43)) - raft.server.log.statemachine.data.caching.enabled = true (custom)
2019-09-02 02:59:12,926 [pool-644-thread-1] INFO  segmented.SegmentedRaftLogWorker (SegmentedRaftLogWorker.java:lambda$new$0(132)) - 881b483d-3350-4cb0-9dfa-0b51e2558016-SegmentedRaftLogWorker:Storage Directory /workdir/hadoop-ozone/integration-test/target/test-dir/MiniOzoneClusterImpl-95ed0e50-2dca-4589-8b2d-b7f1480a1ca1/datanode-1/data/ratis/7b21dcc8-2077-4acc-9076-6988f78573db: flushIndex: setUnconditionally 0 -> -1
2019-09-02 02:59:12,927 [pool-644-thread-1] INFO  server.RaftServerConfigKeys (ConfUtils.java:logGet(43)) - raft.server.snapshot.auto.trigger.enabled = true (custom)
2019-09-02 02:59:12,927 [pool-644-thread-1] INFO  server.RaftServerConfigKeys (ConfUtils.java:logGet(43)) - raft.server.snapshot.auto.trigger.threshold = 10000 (custom)
2019-09-02 02:59:12,927 [pool-644-thread-1] INFO  server.RaftServerConfigKeys (ConfUtils.java:logGet(43)) - raft.server.retrycache.expirytime = 600000ms (custom)
2019-09-02 02:59:12,927 [pool-644-thread-1] INFO  impl.RaftServerImpl (RaftServerImpl.java:start(180)) - 881b483d-3350-4cb0-9dfa-0b51e2558016: start group-6988F78573DB
2019-09-02 02:59:12,927 [pool-644-thread-1] INFO  impl.RaftServerImpl (RaftServerImpl.java:setRole(171)) - 881b483d-3350-4cb0-9dfa-0b51e2558016:group-6988F78573DB changes role from null to FOLLOWER at term 0 for startAsFollower
2019-09-02 02:59:12,927 [pool-644-thread-1] INFO  impl.RoleInfo (RoleInfo.java:updateAndGet(143)) - 881b483d-3350-4cb0-9dfa-0b51e2558016: start FollowerState
2019-09-02 02:59:12,928 [pool-644-thread-1] INFO  util.JmxRegister (JmxRegister.java:tryRegister(44)) - Successfully registered JMX Bean with object name Ratis:service=RaftServer,group=group-6988F78573DB,id=881b483d-3350-4cb0-9dfa-0b51e2558016
2019-09-02 02:59:12,933 [RatisPipelineUtilsThread] INFO  pipeline.PipelineStateManager (PipelineStateManager.java:addPipeline(56)) - Created pipeline Pipeline[ Id: 7b21dcc8-2077-4acc-9076-6988f78573db, Nodes: 881b483d-3350-4cb0-9dfa-0b51e2558016{ip: 192.168.34.6, host: pr-hdds-1569-dhr7x-3740612857, networkLocation: /default-rack, certSerialId: null}, Type:RATIS, Factor:ONE, State:OPEN]
2019-09-02 02:59:12,978 [main] INFO  ozone.MiniOzoneClusterImpl (MiniOzoneClusterImpl.java:lambda$waitForClusterToBeReady$0(142)) - Waiting for cluster to be ready. Got 2 of 7 DN Heartbeats.
2019-09-02 02:59:13,065 [IPC Server handler 7 on 34996] INFO  net.NetworkTopology (NetworkTopologyImpl.java:add(110)) - Added a new node: /default-rack/9222fa3a-6d54-4d5e-ab04-cee29767e203
2019-09-02 02:59:13,065 [IPC Server handler 7 on 34996] INFO  node.SCMNodeManager (SCMNodeManager.java:register(274)) - Registered Data node : 9222fa3a-6d54-4d5e-ab04-cee29767e203{ip: 192.168.34.6, host: pr-hdds-1569-dhr7x-3740612857, networkLocation: /default-rack, certSerialId: null}
2019-09-02 02:59:13,066 | INFO  | SCMAudit | user=jenkins1000 | ip=192.168.34.6 | op=REGISTER {datanodeDetails=9222fa3a-6d54-4d5e-ab04-cee29767e203{ip: 192.168.34.6, host: pr-hdds-1569-dhr7x-3740612857, networkLocation: /default-rack, certSerialId: null}} | ret=SUCCESS |  
2019-09-02 02:59:13,072 [grpc-default-executor-0] INFO  impl.RaftServerProxy (RaftServerProxy.java:addNew(89)) - 9222fa3a-6d54-4d5e-ab04-cee29767e203: addNew group-34F340EA56E5:[9222fa3a-6d54-4d5e-ab04-cee29767e203:192.168.34.6:33458] returns group-34F340EA56E5:java.util.concurrent.CompletableFuture@6f348022[Not completed]
2019-09-02 02:59:13,073 [pool-655-thread-1] INFO  impl.RaftServerImpl (RaftServerImpl.java:<init>(93)) - 9222fa3a-6d54-4d5e-ab04-cee29767e203: new RaftServerImpl for group-34F340EA56E5:[9222fa3a-6d54-4d5e-ab04-cee29767e203:192.168.34.6:33458] with ContainerStateMachine:uninitialized
2019-09-02 02:59:13,074 [pool-655-thread-1] INFO  server.RaftServerConfigKeys (ConfUtils.java:logGet(43)) - raft.server.rpc.timeout.min = 5s (custom)
2019-09-02 02:59:13,074 [pool-655-thread-1] INFO  server.RaftServerConfigKeys (ConfUtils.java:logGet(43)) - raft.server.rpc.timeout.max = 5200ms (custom)
2019-09-02 02:59:13,074 [pool-655-thread-1] INFO  server.RaftServerConfigKeys (ConfUtils.java:logGet(43)) - raft.server.rpcslowness.timeout = 120s (custom)
2019-09-02 02:59:13,074 [pool-655-thread-1] INFO  server.RaftServerConfigKeys (ConfUtils.java:logGet(43)) - raft.server.sleep.deviation.threshold = 300 (default)
2019-09-02 02:59:13,074 [pool-655-thread-1] INFO  server.RaftServerConfigKeys (ConfUtils.java:logGet(43)) - raft.server.log.appender.install.snapshot.enabled = false (custom)
2019-09-02 02:59:13,074 [pool-655-thread-1] INFO  impl.RaftServerImpl (ServerState.java:<init>(105)) - 9222fa3a-6d54-4d5e-ab04-cee29767e203:group-34F340EA56E5 ConfigurationManager, init=-1: [9222fa3a-6d54-4d5e-ab04-cee29767e203:192.168.34.6:33458], old=null, confs=<EMPTY_MAP>
2019-09-02 02:59:13,074 [pool-655-thread-1] INFO  server.RaftServerConfigKeys (ConfUtils.java:logGet(43)) - raft.server.storage.dir = [/workdir/hadoop-ozone/integration-test/target/test-dir/MiniOzoneClusterImpl-95ed0e50-2dca-4589-8b2d-b7f1480a1ca1/datanode-2/data/ratis] (custom)
2019-09-02 02:59:13,075 [pool-655-thread-1] INFO  storage.RaftStorageDirectory (RaftStorageDirectory.java:analyzeStorage(246)) - The storage directory /workdir/hadoop-ozone/integration-test/target/test-dir/MiniOzoneClusterImpl-95ed0e50-2dca-4589-8b2d-b7f1480a1ca1/datanode-2/data/ratis/879b1fd8-4e4f-46b2-b861-34f340ea56e5 does not exist. Creating ...
2019-09-02 02:59:13,088 [pool-655-thread-1] INFO  storage.RaftStorageDirectory (RaftStorageDirectory.java:tryLock(328)) - Lock on /workdir/hadoop-ozone/integration-test/target/test-dir/MiniOzoneClusterImpl-95ed0e50-2dca-4589-8b2d-b7f1480a1ca1/datanode-2/data/ratis/879b1fd8-4e4f-46b2-b861-34f340ea56e5/in_use.lock acquired by nodename 11350@pr-hdds-1569-dhr7x-3740612857
2019-09-02 02:59:13,101 [pool-655-thread-1] INFO  storage.RaftStorage (RaftStorage.java:format(72)) - Storage directory /workdir/hadoop-ozone/integration-test/target/test-dir/MiniOzoneClusterImpl-95ed0e50-2dca-4589-8b2d-b7f1480a1ca1/datanode-2/data/ratis/879b1fd8-4e4f-46b2-b861-34f340ea56e5 has been successfully formatted.
2019-09-02 02:59:13,101 [pool-655-thread-1] INFO  ratis.ContainerStateMachine (ContainerStateMachine.java:loadSnapshot(226)) - group-34F340EA56E5: The snapshot info is null. Setting the last applied indexto:(t:0, i:~)
2019-09-02 02:59:13,101 [pool-655-thread-1] INFO  server.RaftServerConfigKeys (ConfUtils.java:logGet(43)) - raft.server.leader.election.timeout = 120s (custom)
2019-09-02 02:59:13,102 [pool-655-thread-1] INFO  server.RaftServerConfigKeys (ConfUtils.java:logGet(43)) - raft.server.log.use.memory = false (default)
2019-09-02 02:59:13,102 [pool-655-thread-1] INFO  server.RaftServerConfigKeys (ConfUtils.java:logGet(43)) - raft.server.log.purge.gap = 1000000 (custom)
2019-09-02 02:59:13,102 [pool-655-thread-1] INFO  server.RaftServerConfigKeys (ConfUtils.java:logGet(43)) - raft.server.log.appender.buffer.byte-limit = 33554432 (custom)
2019-09-02 02:59:13,102 [pool-655-thread-1] INFO  server.RaftServerConfigKeys (ConfUtils.java:logGet(43)) - raft.server.log.segment.size.max = 1048576 (custom)
2019-09-02 02:59:13,102 [pool-655-thread-1] INFO  server.RaftServerConfigKeys (ConfUtils.java:logGet(43)) - raft.server.log.segment.cache.num.max = 2 (custom)
2019-09-02 02:59:13,102 [pool-655-thread-1] INFO  segmented.SegmentedRaftLogWorker (SegmentedRaftLogWorker.java:<init>(172)) - new 9222fa3a-6d54-4d5e-ab04-cee29767e203-SegmentedRaftLogWorker:Storage Directory /workdir/hadoop-ozone/integration-test/target/test-dir/MiniOzoneClusterImpl-95ed0e50-2dca-4589-8b2d-b7f1480a1ca1/datanode-2/data/ratis/879b1fd8-4e4f-46b2-b861-34f340ea56e5 for RaftStorage:Storage Directory /workdir/hadoop-ozone/integration-test/target/test-dir/MiniOzoneClusterImpl-95ed0e50-2dca-4589-8b2d-b7f1480a1ca1/datanode-2/data/ratis/879b1fd8-4e4f-46b2-b861-34f340ea56e5
2019-09-02 02:59:13,103 [pool-655-thread-1] INFO  server.RaftServerConfigKeys (ConfUtils.java:logGet(43)) - raft.server.log.queue.byte-limit = 2147483647 (custom)
2019-09-02 02:59:13,103 [pool-655-thread-1] INFO  server.RaftServerConfigKeys (ConfUtils.java:logGet(43)) - raft.server.log.queue.element-limit = 1024 (custom)
2019-09-02 02:59:13,103 [pool-655-thread-1] INFO  server.RaftServerConfigKeys (ConfUtils.java:logGet(43)) - raft.server.log.segment.size.max = 1048576 (custom)
2019-09-02 02:59:13,103 [pool-655-thread-1] INFO  server.RaftServerConfigKeys (ConfUtils.java:logGet(43)) - raft.server.log.preallocated.size = 16384 (custom)
2019-09-02 02:59:13,103 [pool-655-thread-1] INFO  server.RaftServerConfigKeys (ConfUtils.java:logGet(43)) - raft.server.log.write.buffer.size = 33554432 (custom)
2019-09-02 02:59:13,103 [pool-655-thread-1] INFO  server.RaftServerConfigKeys (ConfUtils.java:logGet(43)) - raft.server.log.force.sync.num = 128 (default)
2019-09-02 02:59:13,103 [pool-655-thread-1] INFO  server.RaftServerConfigKeys (ConfUtils.java:logGet(43)) - raft.server.log.statemachine.data.sync = true (default)
2019-09-02 02:59:13,104 [pool-655-thread-1] INFO  server.RaftServerConfigKeys (ConfUtils.java:logGet(43)) - raft.server.log.statemachine.data.sync.timeout = 10s (default)
2019-09-02 02:59:13,104 [pool-655-thread-1] INFO  server.RaftServerConfigKeys (ConfUtils.java:logGet(43)) - raft.server.log.statemachine.data.sync.timeout.retry = -1 (default)
2019-09-02 02:59:13,104 [pool-655-thread-1] INFO  server.RaftServerConfigKeys (ConfUtils.java:logGet(43)) - raft.server.log.statemachine.data.caching.enabled = true (custom)
2019-09-02 02:59:13,104 [pool-655-thread-1] INFO  segmented.SegmentedRaftLogWorker (SegmentedRaftLogWorker.java:lambda$new$0(132)) - 9222fa3a-6d54-4d5e-ab04-cee29767e203-SegmentedRaftLogWorker:Storage Directory /workdir/hadoop-ozone/integration-test/target/test-dir/MiniOzoneClusterImpl-95ed0e50-2dca-4589-8b2d-b7f1480a1ca1/datanode-2/data/ratis/879b1fd8-4e4f-46b2-b861-34f340ea56e5: flushIndex: setUnconditionally 0 -> -1
2019-09-02 02:59:13,105 [pool-655-thread-1] INFO  server.RaftServerConfigKeys (ConfUtils.java:logGet(43)) - raft.server.snapshot.auto.trigger.enabled = true (custom)
2019-09-02 02:59:13,105 [pool-655-thread-1] INFO  server.RaftServerConfigKeys (ConfUtils.java:logGet(43)) - raft.server.snapshot.auto.trigger.threshold = 10000 (custom)
2019-09-02 02:59:13,105 [pool-655-thread-1] INFO  server.RaftServerConfigKeys (ConfUtils.java:logGet(43)) - raft.server.retrycache.expirytime = 600000ms (custom)
2019-09-02 02:59:13,105 [pool-655-thread-1] INFO  impl.RaftServerImpl (RaftServerImpl.java:start(180)) - 9222fa3a-6d54-4d5e-ab04-cee29767e203: start group-34F340EA56E5
2019-09-02 02:59:13,105 [pool-655-thread-1] INFO  impl.RaftServerImpl (RaftServerImpl.java:setRole(171)) - 9222fa3a-6d54-4d5e-ab04-cee29767e203:group-34F340EA56E5 changes role from null to FOLLOWER at term 0 for startAsFollower
2019-09-02 02:59:13,105 [pool-655-thread-1] INFO  impl.RoleInfo (RoleInfo.java:updateAndGet(143)) - 9222fa3a-6d54-4d5e-ab04-cee29767e203: start FollowerState
2019-09-02 02:59:13,106 [pool-655-thread-1] INFO  util.JmxRegister (JmxRegister.java:tryRegister(44)) - Successfully registered JMX Bean with object name Ratis:service=RaftServer,group=group-34F340EA56E5,id=9222fa3a-6d54-4d5e-ab04-cee29767e203
2019-09-02 02:59:13,111 [RatisPipelineUtilsThread] INFO  pipeline.PipelineStateManager (PipelineStateManager.java:addPipeline(56)) - Created pipeline Pipeline[ Id: 879b1fd8-4e4f-46b2-b861-34f340ea56e5, Nodes: 9222fa3a-6d54-4d5e-ab04-cee29767e203{ip: 192.168.34.6, host: pr-hdds-1569-dhr7x-3740612857, networkLocation: /default-rack, certSerialId: null}, Type:RATIS, Factor:ONE, State:OPEN]
2019-09-02 02:59:13,129 [grpc-default-executor-0] INFO  impl.RaftServerProxy (RaftServerProxy.java:addNew(89)) - 9222fa3a-6d54-4d5e-ab04-cee29767e203: addNew group-D9FA4A56B95D:[50da3d7a-a47f-41c7-ad75-11072bd7a70e:192.168.34.6:40957, 9222fa3a-6d54-4d5e-ab04-cee29767e203:192.168.34.6:33458, 881b483d-3350-4cb0-9dfa-0b51e2558016:192.168.34.6:41319] returns group-D9FA4A56B95D:java.util.concurrent.CompletableFuture@218b13e7[Not completed]
2019-09-02 02:59:13,129 [grpc-default-executor-8] INFO  impl.RaftServerProxy (RaftServerProxy.java:addNew(89)) - 881b483d-3350-4cb0-9dfa-0b51e2558016: addNew group-D9FA4A56B95D:[50da3d7a-a47f-41c7-ad75-11072bd7a70e:192.168.34.6:40957, 9222fa3a-6d54-4d5e-ab04-cee29767e203:192.168.34.6:33458, 881b483d-3350-4cb0-9dfa-0b51e2558016:192.168.34.6:41319] returns group-D9FA4A56B95D:java.util.concurrent.CompletableFuture@1aa1262f[Not completed]
2019-09-02 02:59:13,129 [grpc-default-executor-6] INFO  impl.RaftServerProxy (RaftServerProxy.java:addNew(89)) - 50da3d7a-a47f-41c7-ad75-11072bd7a70e: addNew group-D9FA4A56B95D:[50da3d7a-a47f-41c7-ad75-11072bd7a70e:192.168.34.6:40957, 9222fa3a-6d54-4d5e-ab04-cee29767e203:192.168.34.6:33458, 881b483d-3350-4cb0-9dfa-0b51e2558016:192.168.34.6:41319] returns group-D9FA4A56B95D:java.util.concurrent.CompletableFuture@58e45491[Not completed]
2019-09-02 02:59:13,130 [pool-655-thread-1] INFO  impl.RaftServerImpl (RaftServerImpl.java:<init>(93)) - 9222fa3a-6d54-4d5e-ab04-cee29767e203: new RaftServerImpl for group-D9FA4A56B95D:[50da3d7a-a47f-41c7-ad75-11072bd7a70e:192.168.34.6:40957, 9222fa3a-6d54-4d5e-ab04-cee29767e203:192.168.34.6:33458, 881b483d-3350-4cb0-9dfa-0b51e2558016:192.168.34.6:41319] with ContainerStateMachine:uninitialized
2019-09-02 02:59:13,131 [pool-655-thread-1] INFO  server.RaftServerConfigKeys (ConfUtils.java:logGet(43)) - raft.server.rpc.timeout.min = 5s (custom)
2019-09-02 02:59:13,131 [pool-644-thread-1] INFO  impl.RaftServerImpl (RaftServerImpl.java:<init>(93)) - 881b483d-3350-4cb0-9dfa-0b51e2558016: new RaftServerImpl for group-D9FA4A56B95D:[50da3d7a-a47f-41c7-ad75-11072bd7a70e:192.168.34.6:40957, 9222fa3a-6d54-4d5e-ab04-cee29767e203:192.168.34.6:33458, 881b483d-3350-4cb0-9dfa-0b51e2558016:192.168.34.6:41319] with ContainerStateMachine:uninitialized
2019-09-02 02:59:13,131 [pool-655-thread-1] INFO  server.RaftServerConfigKeys (ConfUtils.java:logGet(43)) - raft.server.rpc.timeout.max = 5200ms (custom)
2019-09-02 02:59:13,131 [pool-644-thread-1] INFO  server.RaftServerConfigKeys (ConfUtils.java:logGet(43)) - raft.server.rpc.timeout.min = 5s (custom)
2019-09-02 02:59:13,131 [pool-633-thread-1] INFO  impl.RaftServerImpl (RaftServerImpl.java:<init>(93)) - 50da3d7a-a47f-41c7-ad75-11072bd7a70e: new RaftServerImpl for group-D9FA4A56B95D:[50da3d7a-a47f-41c7-ad75-11072bd7a70e:192.168.34.6:40957, 9222fa3a-6d54-4d5e-ab04-cee29767e203:192.168.34.6:33458, 881b483d-3350-4cb0-9dfa-0b51e2558016:192.168.34.6:41319] with ContainerStateMachine:uninitialized
2019-09-02 02:59:13,131 [pool-655-thread-1] INFO  server.RaftServerConfigKeys (ConfUtils.java:logGet(43)) - raft.server.rpcslowness.timeout = 120s (custom)
2019-09-02 02:59:13,131 [pool-633-thread-1] INFO  server.RaftServerConfigKeys (ConfUtils.java:logGet(43)) - raft.server.rpc.timeout.min = 5s (custom)
2019-09-02 02:59:13,131 [pool-633-thread-1] INFO  server.RaftServerConfigKeys (ConfUtils.java:logGet(43)) - raft.server.rpc.timeout.max = 5200ms (custom)
2019-09-02 02:59:13,131 [pool-644-thread-1] INFO  server.RaftServerConfigKeys (ConfUtils.java:logGet(43)) - raft.server.rpc.timeout.max = 5200ms (custom)
2019-09-02 02:59:13,132 [pool-633-thread-1] INFO  server.RaftServerConfigKeys (ConfUtils.java:logGet(43)) - raft.server.rpcslowness.timeout = 120s (custom)
2019-09-02 02:59:13,131 [pool-655-thread-1] INFO  server.RaftServerConfigKeys (ConfUtils.java:logGet(43)) - raft.server.sleep.deviation.threshold = 300 (default)
2019-09-02 02:59:13,132 [pool-633-thread-1] INFO  server.RaftServerConfigKeys (ConfUtils.java:logGet(43)) - raft.server.sleep.deviation.threshold = 300 (default)
2019-09-02 02:59:13,132 [pool-633-thread-1] INFO  server.RaftServerConfigKeys (ConfUtils.java:logGet(43)) - raft.server.log.appender.install.snapshot.enabled = false (custom)
2019-09-02 02:59:13,132 [pool-644-thread-1] INFO  server.RaftServerConfigKeys (ConfUtils.java:logGet(43)) - raft.server.rpcslowness.timeout = 120s (custom)
2019-09-02 02:59:13,132 [pool-633-thread-1] INFO  impl.RaftServerImpl (ServerState.java:<init>(105)) - 50da3d7a-a47f-41c7-ad75-11072bd7a70e:group-D9FA4A56B95D ConfigurationManager, init=-1: [50da3d7a-a47f-41c7-ad75-11072bd7a70e:192.168.34.6:40957, 9222fa3a-6d54-4d5e-ab04-cee29767e203:192.168.34.6:33458, 881b483d-3350-4cb0-9dfa-0b51e2558016:192.168.34.6:41319], old=null, confs=<EMPTY_MAP>
2019-09-02 02:59:13,132 [pool-655-thread-1] INFO  server.RaftServerConfigKeys (ConfUtils.java:logGet(43)) - raft.server.log.appender.install.snapshot.enabled = false (custom)
2019-09-02 02:59:13,133 [pool-633-thread-1] INFO  server.RaftServerConfigKeys (ConfUtils.java:logGet(43)) - raft.server.storage.dir = [/workdir/hadoop-ozone/integration-test/target/test-dir/MiniOzoneClusterImpl-95ed0e50-2dca-4589-8b2d-b7f1480a1ca1/datanode-0/data/ratis] (custom)
2019-09-02 02:59:13,132 [pool-644-thread-1] INFO  server.RaftServerConfigKeys (ConfUtils.java:logGet(43)) - raft.server.sleep.deviation.threshold = 300 (default)
2019-09-02 02:59:13,133 [pool-655-thread-1] INFO  impl.RaftServerImpl (ServerState.java:<init>(105)) - 9222fa3a-6d54-4d5e-ab04-cee29767e203:group-D9FA4A56B95D ConfigurationManager, init=-1: [50da3d7a-a47f-41c7-ad75-11072bd7a70e:192.168.34.6:40957, 9222fa3a-6d54-4d5e-ab04-cee29767e203:192.168.34.6:33458, 881b483d-3350-4cb0-9dfa-0b51e2558016:192.168.34.6:41319], old=null, confs=<EMPTY_MAP>
2019-09-02 02:59:13,133 [pool-644-thread-1] INFO  server.RaftServerConfigKeys (ConfUtils.java:logGet(43)) - raft.server.log.appender.install.snapshot.enabled = false (custom)
2019-09-02 02:59:13,133 [pool-633-thread-1] INFO  storage.RaftStorageDirectory (RaftStorageDirectory.java:analyzeStorage(246)) - The storage directory /workdir/hadoop-ozone/integration-test/target/test-dir/MiniOzoneClusterImpl-95ed0e50-2dca-4589-8b2d-b7f1480a1ca1/datanode-0/data/ratis/d36061ae-9f4a-41eb-a830-d9fa4a56b95d does not exist. Creating ...
2019-09-02 02:59:13,133 [pool-655-thread-1] INFO  server.RaftServerConfigKeys (ConfUtils.java:logGet(43)) - raft.server.storage.dir = [/workdir/hadoop-ozone/integration-test/target/test-dir/MiniOzoneClusterImpl-95ed0e50-2dca-4589-8b2d-b7f1480a1ca1/datanode-2/data/ratis] (custom)
2019-09-02 02:59:13,133 [pool-644-thread-1] INFO  impl.RaftServerImpl (ServerState.java:<init>(105)) - 881b483d-3350-4cb0-9dfa-0b51e2558016:group-D9FA4A56B95D ConfigurationManager, init=-1: [50da3d7a-a47f-41c7-ad75-11072bd7a70e:192.168.34.6:40957, 9222fa3a-6d54-4d5e-ab04-cee29767e203:192.168.34.6:33458, 881b483d-3350-4cb0-9dfa-0b51e2558016:192.168.34.6:41319], old=null, confs=<EMPTY_MAP>
2019-09-02 02:59:13,134 [pool-644-thread-1] INFO  server.RaftServerConfigKeys (ConfUtils.java:logGet(43)) - raft.server.storage.dir = [/workdir/hadoop-ozone/integration-test/target/test-dir/MiniOzoneClusterImpl-95ed0e50-2dca-4589-8b2d-b7f1480a1ca1/datanode-1/data/ratis] (custom)
2019-09-02 02:59:13,134 [pool-655-thread-1] INFO  storage.RaftStorageDirectory (RaftStorageDirectory.java:analyzeStorage(246)) - The storage directory /workdir/hadoop-ozone/integration-test/target/test-dir/MiniOzoneClusterImpl-95ed0e50-2dca-4589-8b2d-b7f1480a1ca1/datanode-2/data/ratis/d36061ae-9f4a-41eb-a830-d9fa4a56b95d does not exist. Creating ...
2019-09-02 02:59:13,134 [pool-644-thread-1] INFO  storage.RaftStorageDirectory (RaftStorageDirectory.java:analyzeStorage(246)) - The storage directory /workdir/hadoop-ozone/integration-test/target/test-dir/MiniOzoneClusterImpl-95ed0e50-2dca-4589-8b2d-b7f1480a1ca1/datanode-1/data/ratis/d36061ae-9f4a-41eb-a830-d9fa4a56b95d does not exist. Creating ...
2019-09-02 02:59:13,147 [pool-655-thread-1] INFO  storage.RaftStorageDirectory (RaftStorageDirectory.java:tryLock(328)) - Lock on /workdir/hadoop-ozone/integration-test/target/test-dir/MiniOzoneClusterImpl-95ed0e50-2dca-4589-8b2d-b7f1480a1ca1/datanode-2/data/ratis/d36061ae-9f4a-41eb-a830-d9fa4a56b95d/in_use.lock acquired by nodename 11350@pr-hdds-1569-dhr7x-3740612857
2019-09-02 02:59:13,147 [pool-633-thread-1] INFO  storage.RaftStorageDirectory (RaftStorageDirectory.java:tryLock(328)) - Lock on /workdir/hadoop-ozone/integration-test/target/test-dir/MiniOzoneClusterImpl-95ed0e50-2dca-4589-8b2d-b7f1480a1ca1/datanode-0/data/ratis/d36061ae-9f4a-41eb-a830-d9fa4a56b95d/in_use.lock acquired by nodename 11350@pr-hdds-1569-dhr7x-3740612857
2019-09-02 02:59:13,147 [pool-644-thread-1] INFO  storage.RaftStorageDirectory (RaftStorageDirectory.java:tryLock(328)) - Lock on /workdir/hadoop-ozone/integration-test/target/test-dir/MiniOzoneClusterImpl-95ed0e50-2dca-4589-8b2d-b7f1480a1ca1/datanode-1/data/ratis/d36061ae-9f4a-41eb-a830-d9fa4a56b95d/in_use.lock acquired by nodename 11350@pr-hdds-1569-dhr7x-3740612857
2019-09-02 02:59:13,161 [pool-644-thread-1] INFO  storage.RaftStorage (RaftStorage.java:format(72)) - Storage directory /workdir/hadoop-ozone/integration-test/target/test-dir/MiniOzoneClusterImpl-95ed0e50-2dca-4589-8b2d-b7f1480a1ca1/datanode-1/data/ratis/d36061ae-9f4a-41eb-a830-d9fa4a56b95d has been successfully formatted.
2019-09-02 02:59:13,161 [pool-655-thread-1] INFO  storage.RaftStorage (RaftStorage.java:format(72)) - Storage directory /workdir/hadoop-ozone/integration-test/target/test-dir/MiniOzoneClusterImpl-95ed0e50-2dca-4589-8b2d-b7f1480a1ca1/datanode-2/data/ratis/d36061ae-9f4a-41eb-a830-d9fa4a56b95d has been successfully formatted.
2019-09-02 02:59:13,162 [pool-644-thread-1] INFO  ratis.ContainerStateMachine (ContainerStateMachine.java:loadSnapshot(226)) - group-D9FA4A56B95D: The snapshot info is null. Setting the last applied indexto:(t:0, i:~)
2019-09-02 02:59:13,162 [pool-655-thread-1] INFO  ratis.ContainerStateMachine (ContainerStateMachine.java:loadSnapshot(226)) - group-D9FA4A56B95D: The snapshot info is null. Setting the last applied indexto:(t:0, i:~)
2019-09-02 02:59:13,161 [pool-633-thread-1] INFO  storage.RaftStorage (RaftStorage.java:format(72)) - Storage directory /workdir/hadoop-ozone/integration-test/target/test-dir/MiniOzoneClusterImpl-95ed0e50-2dca-4589-8b2d-b7f1480a1ca1/datanode-0/data/ratis/d36061ae-9f4a-41eb-a830-d9fa4a56b95d has been successfully formatted.
2019-09-02 02:59:13,162 [pool-655-thread-1] INFO  server.RaftServerConfigKeys (ConfUtils.java:logGet(43)) - raft.server.leader.election.timeout = 120s (custom)
2019-09-02 02:59:13,162 [pool-633-thread-1] INFO  ratis.ContainerStateMachine (ContainerStateMachine.java:loadSnapshot(226)) - group-D9FA4A56B95D: The snapshot info is null. Setting the last applied indexto:(t:0, i:~)
2019-09-02 02:59:13,162 [pool-644-thread-1] INFO  server.RaftServerConfigKeys (ConfUtils.java:logGet(43)) - raft.server.leader.election.timeout = 120s (custom)
2019-09-02 02:59:13,162 [pool-633-thread-1] INFO  server.RaftServerConfigKeys (ConfUtils.java:logGet(43)) - raft.server.leader.election.timeout = 120s (custom)
2019-09-02 02:59:13,162 [pool-655-thread-1] INFO  server.RaftServerConfigKeys (ConfUtils.java:logGet(43)) - raft.server.log.use.memory = false (default)
2019-09-02 02:59:13,163 [pool-633-thread-1] INFO  server.RaftServerConfigKeys (ConfUtils.java:logGet(43)) - raft.server.log.use.memory = false (default)
2019-09-02 02:59:13,163 [pool-644-thread-1] INFO  server.RaftServerConfigKeys (ConfUtils.java:logGet(43)) - raft.server.log.use.memory = false (default)
2019-09-02 02:59:13,163 [pool-633-thread-1] INFO  server.RaftServerConfigKeys (ConfUtils.java:logGet(43)) - raft.server.log.purge.gap = 1000000 (custom)
2019-09-02 02:59:13,163 [pool-655-thread-1] INFO  server.RaftServerConfigKeys (ConfUtils.java:logGet(43)) - raft.server.log.purge.gap = 1000000 (custom)
2019-09-02 02:59:13,163 [pool-633-thread-1] INFO  server.RaftServerConfigKeys (ConfUtils.java:logGet(43)) - raft.server.log.appender.buffer.byte-limit = 33554432 (custom)
2019-09-02 02:59:13,163 [pool-644-thread-1] INFO  server.RaftServerConfigKeys (ConfUtils.java:logGet(43)) - raft.server.log.purge.gap = 1000000 (custom)
2019-09-02 02:59:13,164 [pool-633-thread-1] INFO  server.RaftServerConfigKeys (ConfUtils.java:logGet(43)) - raft.server.log.segment.size.max = 1048576 (custom)
2019-09-02 02:59:13,163 [pool-655-thread-1] INFO  server.RaftServerConfigKeys (ConfUtils.java:logGet(43)) - raft.server.log.appender.buffer.byte-limit = 33554432 (custom)
2019-09-02 02:59:13,164 [pool-633-thread-1] INFO  server.RaftServerConfigKeys (ConfUtils.java:logGet(43)) - raft.server.log.segment.cache.num.max = 2 (custom)
2019-09-02 02:59:13,164 [pool-644-thread-1] INFO  server.RaftServerConfigKeys (ConfUtils.java:logGet(43)) - raft.server.log.appender.buffer.byte-limit = 33554432 (custom)
2019-09-02 02:59:13,164 [pool-633-thread-1] INFO  segmented.SegmentedRaftLogWorker (SegmentedRaftLogWorker.java:<init>(172)) - new 50da3d7a-a47f-41c7-ad75-11072bd7a70e-SegmentedRaftLogWorker:Storage Directory /workdir/hadoop-ozone/integration-test/target/test-dir/MiniOzoneClusterImpl-95ed0e50-2dca-4589-8b2d-b7f1480a1ca1/datanode-0/data/ratis/d36061ae-9f4a-41eb-a830-d9fa4a56b95d for RaftStorage:Storage Directory /workdir/hadoop-ozone/integration-test/target/test-dir/MiniOzoneClusterImpl-95ed0e50-2dca-4589-8b2d-b7f1480a1ca1/datanode-0/data/ratis/d36061ae-9f4a-41eb-a830-d9fa4a56b95d
2019-09-02 02:59:13,164 [pool-655-thread-1] INFO  server.RaftServerConfigKeys (ConfUtils.java:logGet(43)) - raft.server.log.segment.size.max = 1048576 (custom)
2019-09-02 02:59:13,164 [pool-633-thread-1] INFO  server.RaftServerConfigKeys (ConfUtils.java:logGet(43)) - raft.server.log.queue.byte-limit = 2147483647 (custom)
2019-09-02 02:59:13,164 [pool-644-thread-1] INFO  server.RaftServerConfigKeys (ConfUtils.java:logGet(43)) - raft.server.log.segment.size.max = 1048576 (custom)
2019-09-02 02:59:13,165 [pool-633-thread-1] INFO  server.RaftServerConfigKeys (ConfUtils.java:logGet(43)) - raft.server.log.queue.element-limit = 1024 (custom)
2019-09-02 02:59:13,165 [pool-655-thread-1] INFO  server.RaftServerConfigKeys (ConfUtils.java:logGet(43)) - raft.server.log.segment.cache.num.max = 2 (custom)
2019-09-02 02:59:13,165 [pool-633-thread-1] INFO  server.RaftServerConfigKeys (ConfUtils.java:logGet(43)) - raft.server.log.segment.size.max = 1048576 (custom)
2019-09-02 02:59:13,165 [pool-644-thread-1] INFO  server.RaftServerConfigKeys (ConfUtils.java:logGet(43)) - raft.server.log.segment.cache.num.max = 2 (custom)
2019-09-02 02:59:13,165 [pool-633-thread-1] INFO  server.RaftServerConfigKeys (ConfUtils.java:logGet(43)) - raft.server.log.preallocated.size = 16384 (custom)
2019-09-02 02:59:13,165 [pool-633-thread-1] INFO  server.RaftServerConfigKeys (ConfUtils.java:logGet(43)) - raft.server.log.write.buffer.size = 33554432 (custom)
2019-09-02 02:59:13,165 [pool-655-thread-1] INFO  segmented.SegmentedRaftLogWorker (SegmentedRaftLogWorker.java:<init>(172)) - new 9222fa3a-6d54-4d5e-ab04-cee29767e203-SegmentedRaftLogWorker:Storage Directory /workdir/hadoop-ozone/integration-test/target/test-dir/MiniOzoneClusterImpl-95ed0e50-2dca-4589-8b2d-b7f1480a1ca1/datanode-2/data/ratis/d36061ae-9f4a-41eb-a830-d9fa4a56b95d for RaftStorage:Storage Directory /workdir/hadoop-ozone/integration-test/target/test-dir/MiniOzoneClusterImpl-95ed0e50-2dca-4589-8b2d-b7f1480a1ca1/datanode-2/data/ratis/d36061ae-9f4a-41eb-a830-d9fa4a56b95d
2019-09-02 02:59:13,166 [pool-633-thread-1] INFO  server.RaftServerConfigKeys (ConfUtils.java:logGet(43)) - raft.server.log.force.sync.num = 128 (default)
2019-09-02 02:59:13,165 [pool-644-thread-1] INFO  segmented.SegmentedRaftLogWorker (SegmentedRaftLogWorker.java:<init>(172)) - new 881b483d-3350-4cb0-9dfa-0b51e2558016-SegmentedRaftLogWorker:Storage Directory /workdir/hadoop-ozone/integration-test/target/test-dir/MiniOzoneClusterImpl-95ed0e50-2dca-4589-8b2d-b7f1480a1ca1/datanode-1/data/ratis/d36061ae-9f4a-41eb-a830-d9fa4a56b95d for RaftStorage:Storage Directory /workdir/hadoop-ozone/integration-test/target/test-dir/MiniOzoneClusterImpl-95ed0e50-2dca-4589-8b2d-b7f1480a1ca1/datanode-1/data/ratis/d36061ae-9f4a-41eb-a830-d9fa4a56b95d
2019-09-02 02:59:13,166 [pool-633-thread-1] INFO  server.RaftServerConfigKeys (ConfUtils.java:logGet(43)) - raft.server.log.statemachine.data.sync = true (default)
2019-09-02 02:59:13,166 [pool-655-thread-1] INFO  server.RaftServerConfigKeys (ConfUtils.java:logGet(43)) - raft.server.log.queue.byte-limit = 2147483647 (custom)
2019-09-02 02:59:13,166 [pool-633-thread-1] INFO  server.RaftServerConfigKeys (ConfUtils.java:logGet(43)) - raft.server.log.statemachine.data.sync.timeout = 10s (default)
2019-09-02 02:59:13,166 [pool-633-thread-1] INFO  server.RaftServerConfigKeys (ConfUtils.java:logGet(43)) - raft.server.log.statemachine.data.sync.timeout.retry = -1 (default)
2019-09-02 02:59:13,166 [pool-644-thread-1] INFO  server.RaftServerConfigKeys (ConfUtils.java:logGet(43)) - raft.server.log.queue.byte-limit = 2147483647 (custom)
2019-09-02 02:59:13,167 [pool-633-thread-1] INFO  server.RaftServerConfigKeys (ConfUtils.java:logGet(43)) - raft.server.log.statemachine.data.caching.enabled = true (custom)
2019-09-02 02:59:13,166 [pool-655-thread-1] INFO  server.RaftServerConfigKeys (ConfUtils.java:logGet(43)) - raft.server.log.queue.element-limit = 1024 (custom)
2019-09-02 02:59:13,167 [pool-644-thread-1] INFO  server.RaftServerConfigKeys (ConfUtils.java:logGet(43)) - raft.server.log.queue.element-limit = 1024 (custom)
2019-09-02 02:59:13,167 [pool-633-thread-1] INFO  segmented.SegmentedRaftLogWorker (SegmentedRaftLogWorker.java:lambda$new$0(132)) - 50da3d7a-a47f-41c7-ad75-11072bd7a70e-SegmentedRaftLogWorker:Storage Directory /workdir/hadoop-ozone/integration-test/target/test-dir/MiniOzoneClusterImpl-95ed0e50-2dca-4589-8b2d-b7f1480a1ca1/datanode-0/data/ratis/d36061ae-9f4a-41eb-a830-d9fa4a56b95d: flushIndex: setUnconditionally 0 -> -1
2019-09-02 02:59:13,167 [pool-655-thread-1] INFO  server.RaftServerConfigKeys (ConfUtils.java:logGet(43)) - raft.server.log.segment.size.max = 1048576 (custom)
2019-09-02 02:59:13,167 [pool-644-thread-1] INFO  server.RaftServerConfigKeys (ConfUtils.java:logGet(43)) - raft.server.log.segment.size.max = 1048576 (custom)
2019-09-02 02:59:13,168 [pool-633-thread-1] INFO  server.RaftServerConfigKeys (ConfUtils.java:logGet(43)) - raft.server.snapshot.auto.trigger.enabled = true (custom)
2019-09-02 02:59:13,168 [pool-655-thread-1] INFO  server.RaftServerConfigKeys (ConfUtils.java:logGet(43)) - raft.server.log.preallocated.size = 16384 (custom)
2019-09-02 02:59:13,168 [pool-633-thread-1] INFO  server.RaftServerConfigKeys (ConfUtils.java:logGet(43)) - raft.server.snapshot.auto.trigger.threshold = 10000 (custom)
2019-09-02 02:59:13,168 [pool-644-thread-1] INFO  server.RaftServerConfigKeys (ConfUtils.java:logGet(43)) - raft.server.log.preallocated.size = 16384 (custom)
2019-09-02 02:59:13,168 [pool-633-thread-1] INFO  server.RaftServerConfigKeys (ConfUtils.java:logGet(43)) - raft.server.retrycache.expirytime = 600000ms (custom)
2019-09-02 02:59:13,168 [pool-655-thread-1] INFO  server.RaftServerConfigKeys (ConfUtils.java:logGet(43)) - raft.server.log.write.buffer.size = 33554432 (custom)
2019-09-02 02:59:13,168 [pool-633-thread-1] INFO  impl.RaftServerImpl (RaftServerImpl.java:start(180)) - 50da3d7a-a47f-41c7-ad75-11072bd7a70e: start group-D9FA4A56B95D
2019-09-02 02:59:13,168 [pool-644-thread-1] INFO  server.RaftServerConfigKeys (ConfUtils.java:logGet(43)) - raft.server.log.write.buffer.size = 33554432 (custom)
2019-09-02 02:59:13,169 [pool-633-thread-1] INFO  impl.RaftServerImpl (RaftServerImpl.java:setRole(171)) - 50da3d7a-a47f-41c7-ad75-11072bd7a70e:group-D9FA4A56B95D changes role from null to FOLLOWER at term 0 for startAsFollower
2019-09-02 02:59:13,169 [pool-655-thread-1] INFO  server.RaftServerConfigKeys (ConfUtils.java:logGet(43)) - raft.server.log.force.sync.num = 128 (default)
2019-09-02 02:59:13,169 [pool-633-thread-1] INFO  impl.RoleInfo (RoleInfo.java:updateAndGet(143)) - 50da3d7a-a47f-41c7-ad75-11072bd7a70e: start FollowerState
2019-09-02 02:59:13,169 [pool-644-thread-1] INFO  server.RaftServerConfigKeys (ConfUtils.java:logGet(43)) - raft.server.log.force.sync.num = 128 (default)
2019-09-02 02:59:13,169 [pool-644-thread-1] INFO  server.RaftServerConfigKeys (ConfUtils.java:logGet(43)) - raft.server.log.statemachine.data.sync = true (default)
2019-09-02 02:59:13,169 [pool-655-thread-1] INFO  server.RaftServerConfigKeys (ConfUtils.java:logGet(43)) - raft.server.log.statemachine.data.sync = true (default)
2019-09-02 02:59:13,170 [pool-633-thread-1] INFO  util.JmxRegister (JmxRegister.java:tryRegister(44)) - Successfully registered JMX Bean with object name Ratis:service=RaftServer,group=group-D9FA4A56B95D,id=50da3d7a-a47f-41c7-ad75-11072bd7a70e
2019-09-02 02:59:13,170 [pool-644-thread-1] INFO  server.RaftServerConfigKeys (ConfUtils.java:logGet(43)) - raft.server.log.statemachine.data.sync.timeout = 10s (default)
2019-09-02 02:59:13,170 [pool-644-thread-1] INFO  server.RaftServerConfigKeys (ConfUtils.java:logGet(43)) - raft.server.log.statemachine.data.sync.timeout.retry = -1 (default)
2019-09-02 02:59:13,170 [pool-655-thread-1] INFO  server.RaftServerConfigKeys (ConfUtils.java:logGet(43)) - raft.server.log.statemachine.data.sync.timeout = 10s (default)
2019-09-02 02:59:13,170 [pool-644-thread-1] INFO  server.RaftServerConfigKeys (ConfUtils.java:logGet(43)) - raft.server.log.statemachine.data.caching.enabled = true (custom)
2019-09-02 02:59:13,170 [pool-655-thread-1] INFO  server.RaftServerConfigKeys (ConfUtils.java:logGet(43)) - raft.server.log.statemachine.data.sync.timeout.retry = -1 (default)
2019-09-02 02:59:13,170 [pool-655-thread-1] INFO  server.RaftServerConfigKeys (ConfUtils.java:logGet(43)) - raft.server.log.statemachine.data.caching.enabled = true (custom)
2019-09-02 02:59:13,170 [pool-644-thread-1] INFO  segmented.SegmentedRaftLogWorker (SegmentedRaftLogWorker.java:lambda$new$0(132)) - 881b483d-3350-4cb0-9dfa-0b51e2558016-SegmentedRaftLogWorker:Storage Directory /workdir/hadoop-ozone/integration-test/target/test-dir/MiniOzoneClusterImpl-95ed0e50-2dca-4589-8b2d-b7f1480a1ca1/datanode-1/data/ratis/d36061ae-9f4a-41eb-a830-d9fa4a56b95d: flushIndex: setUnconditionally 0 -> -1
2019-09-02 02:59:13,171 [pool-655-thread-1] INFO  segmented.SegmentedRaftLogWorker (SegmentedRaftLogWorker.java:lambda$new$0(132)) - 9222fa3a-6d54-4d5e-ab04-cee29767e203-SegmentedRaftLogWorker:Storage Directory /workdir/hadoop-ozone/integration-test/target/test-dir/MiniOzoneClusterImpl-95ed0e50-2dca-4589-8b2d-b7f1480a1ca1/datanode-2/data/ratis/d36061ae-9f4a-41eb-a830-d9fa4a56b95d: flushIndex: setUnconditionally 0 -> -1
2019-09-02 02:59:13,171 [pool-644-thread-1] INFO  server.RaftServerConfigKeys (ConfUtils.java:logGet(43)) - raft.server.snapshot.auto.trigger.enabled = true (custom)
2019-09-02 02:59:13,171 [pool-644-thread-1] INFO  server.RaftServerConfigKeys (ConfUtils.java:logGet(43)) - raft.server.snapshot.auto.trigger.threshold = 10000 (custom)
2019-09-02 02:59:13,174 [pool-655-thread-1] INFO  server.RaftServerConfigKeys (ConfUtils.java:logGet(43)) - raft.server.snapshot.auto.trigger.enabled = true (custom)
2019-09-02 02:59:13,175 [pool-644-thread-1] INFO  server.RaftServerConfigKeys (ConfUtils.java:logGet(43)) - raft.server.retrycache.expirytime = 600000ms (custom)
2019-09-02 02:59:13,175 [pool-655-thread-1] INFO  server.RaftServerConfigKeys (ConfUtils.java:logGet(43)) - raft.server.snapshot.auto.trigger.threshold = 10000 (custom)
2019-09-02 02:59:13,175 [pool-644-thread-1] INFO  impl.RaftServerImpl (RaftServerImpl.java:start(180)) - 881b483d-3350-4cb0-9dfa-0b51e2558016: start group-D9FA4A56B95D
2019-09-02 02:59:13,175 [pool-655-thread-1] INFO  server.RaftServerConfigKeys (ConfUtils.java:logGet(43)) - raft.server.retrycache.expirytime = 600000ms (custom)
2019-09-02 02:59:13,175 [pool-644-thread-1] INFO  impl.RaftServerImpl (RaftServerImpl.java:setRole(171)) - 881b483d-3350-4cb0-9dfa-0b51e2558016:group-D9FA4A56B95D changes role from null to FOLLOWER at term 0 for startAsFollower
2019-09-02 02:59:13,175 [pool-655-thread-1] INFO  impl.RaftServerImpl (RaftServerImpl.java:start(180)) - 9222fa3a-6d54-4d5e-ab04-cee29767e203: start group-D9FA4A56B95D
2019-09-02 02:59:13,175 [pool-644-thread-1] INFO  impl.RoleInfo (RoleInfo.java:updateAndGet(143)) - 881b483d-3350-4cb0-9dfa-0b51e2558016: start FollowerState
2019-09-02 02:59:13,175 [pool-655-thread-1] INFO  impl.RaftServerImpl (RaftServerImpl.java:setRole(171)) - 9222fa3a-6d54-4d5e-ab04-cee29767e203:group-D9FA4A56B95D changes role from null to FOLLOWER at term 0 for startAsFollower
2019-09-02 02:59:13,176 [pool-655-thread-1] INFO  impl.RoleInfo (RoleInfo.java:updateAndGet(143)) - 9222fa3a-6d54-4d5e-ab04-cee29767e203: start FollowerState
2019-09-02 02:59:13,176 [pool-644-thread-1] INFO  util.JmxRegister (JmxRegister.java:tryRegister(44)) - Successfully registered JMX Bean with object name Ratis:service=RaftServer,group=group-D9FA4A56B95D,id=881b483d-3350-4cb0-9dfa-0b51e2558016
2019-09-02 02:59:13,176 [pool-655-thread-1] INFO  util.JmxRegister (JmxRegister.java:tryRegister(44)) - Successfully registered JMX Bean with object name Ratis:service=RaftServer,group=group-D9FA4A56B95D,id=9222fa3a-6d54-4d5e-ab04-cee29767e203
2019-09-02 02:59:13,183 [RatisPipelineUtilsThread] INFO  pipeline.PipelineStateManager (PipelineStateManager.java:addPipeline(56)) - Created pipeline Pipeline[ Id: d36061ae-9f4a-41eb-a830-d9fa4a56b95d, Nodes: 9222fa3a-6d54-4d5e-ab04-cee29767e203{ip: 192.168.34.6, host: pr-hdds-1569-dhr7x-3740612857, networkLocation: /default-rack, certSerialId: null}50da3d7a-a47f-41c7-ad75-11072bd7a70e{ip: 192.168.34.6, host: pr-hdds-1569-dhr7x-3740612857, networkLocation: /default-rack, certSerialId: null}881b483d-3350-4cb0-9dfa-0b51e2558016{ip: 192.168.34.6, host: pr-hdds-1569-dhr7x-3740612857, networkLocation: /default-rack, certSerialId: null}, Type:RATIS, Factor:THREE, State:OPEN]
2019-09-02 02:59:13,227 [IPC Server handler 8 on 34996] INFO  net.NetworkTopology (NetworkTopologyImpl.java:add(110)) - Added a new node: /default-rack/58e57113-ec4e-4e2c-8e08-9b26096286af
2019-09-02 02:59:13,227 [IPC Server handler 8 on 34996] INFO  node.SCMNodeManager (SCMNodeManager.java:register(274)) - Registered Data node : 58e57113-ec4e-4e2c-8e08-9b26096286af{ip: 192.168.34.6, host: pr-hdds-1569-dhr7x-3740612857, networkLocation: /default-rack, certSerialId: null}
2019-09-02 02:59:13,230 | INFO  | SCMAudit | user=jenkins1000 | ip=192.168.34.6 | op=REGISTER {datanodeDetails=58e57113-ec4e-4e2c-8e08-9b26096286af{ip: 192.168.34.6, host: pr-hdds-1569-dhr7x-3740612857, networkLocation: /default-rack, certSerialId: null}} | ret=SUCCESS |  
2019-09-02 02:59:13,237 [grpc-default-executor-6] INFO  impl.RaftServerProxy (RaftServerProxy.java:addNew(89)) - 58e57113-ec4e-4e2c-8e08-9b26096286af: addNew group-D35253800218:[58e57113-ec4e-4e2c-8e08-9b26096286af:192.168.34.6:45179] returns group-D35253800218:java.util.concurrent.CompletableFuture@23beabae[Not completed]
2019-09-02 02:59:13,238 [pool-666-thread-1] INFO  impl.RaftServerImpl (RaftServerImpl.java:<init>(93)) - 58e57113-ec4e-4e2c-8e08-9b26096286af: new RaftServerImpl for group-D35253800218:[58e57113-ec4e-4e2c-8e08-9b26096286af:192.168.34.6:45179] with ContainerStateMachine:uninitialized
2019-09-02 02:59:13,238 [pool-666-thread-1] INFO  server.RaftServerConfigKeys (ConfUtils.java:logGet(43)) - raft.server.rpc.timeout.min = 5s (custom)
2019-09-02 02:59:13,239 [pool-666-thread-1] INFO  server.RaftServerConfigKeys (ConfUtils.java:logGet(43)) - raft.server.rpc.timeout.max = 5200ms (custom)
2019-09-02 02:59:13,239 [pool-666-thread-1] INFO  server.RaftServerConfigKeys (ConfUtils.java:logGet(43)) - raft.server.rpcslowness.timeout = 120s (custom)
2019-09-02 02:59:13,239 [pool-666-thread-1] INFO  server.RaftServerConfigKeys (ConfUtils.java:logGet(43)) - raft.server.sleep.deviation.threshold = 300 (default)
2019-09-02 02:59:13,239 [pool-666-thread-1] INFO  server.RaftServerConfigKeys (ConfUtils.java:logGet(43)) - raft.server.log.appender.install.snapshot.enabled = false (custom)
2019-09-02 02:59:13,239 [pool-666-thread-1] INFO  impl.RaftServerImpl (ServerState.java:<init>(105)) - 58e57113-ec4e-4e2c-8e08-9b26096286af:group-D35253800218 ConfigurationManager, init=-1: [58e57113-ec4e-4e2c-8e08-9b26096286af:192.168.34.6:45179], old=null, confs=<EMPTY_MAP>
2019-09-02 02:59:13,239 [pool-666-thread-1] INFO  server.RaftServerConfigKeys (ConfUtils.java:logGet(43)) - raft.server.storage.dir = [/workdir/hadoop-ozone/integration-test/target/test-dir/MiniOzoneClusterImpl-95ed0e50-2dca-4589-8b2d-b7f1480a1ca1/datanode-3/data/ratis] (custom)
2019-09-02 02:59:13,240 [pool-666-thread-1] INFO  storage.RaftStorageDirectory (RaftStorageDirectory.java:analyzeStorage(246)) - The storage directory /workdir/hadoop-ozone/integration-test/target/test-dir/MiniOzoneClusterImpl-95ed0e50-2dca-4589-8b2d-b7f1480a1ca1/datanode-3/data/ratis/028fe710-feff-426c-92c9-d35253800218 does not exist. Creating ...
2019-09-02 02:59:13,253 [pool-666-thread-1] INFO  storage.RaftStorageDirectory (RaftStorageDirectory.java:tryLock(328)) - Lock on /workdir/hadoop-ozone/integration-test/target/test-dir/MiniOzoneClusterImpl-95ed0e50-2dca-4589-8b2d-b7f1480a1ca1/datanode-3/data/ratis/028fe710-feff-426c-92c9-d35253800218/in_use.lock acquired by nodename 11350@pr-hdds-1569-dhr7x-3740612857
2019-09-02 02:59:13,266 [pool-666-thread-1] INFO  storage.RaftStorage (RaftStorage.java:format(72)) - Storage directory /workdir/hadoop-ozone/integration-test/target/test-dir/MiniOzoneClusterImpl-95ed0e50-2dca-4589-8b2d-b7f1480a1ca1/datanode-3/data/ratis/028fe710-feff-426c-92c9-d35253800218 has been successfully formatted.
2019-09-02 02:59:13,266 [pool-666-thread-1] INFO  ratis.ContainerStateMachine (ContainerStateMachine.java:loadSnapshot(226)) - group-D35253800218: The snapshot info is null. Setting the last applied indexto:(t:0, i:~)
2019-09-02 02:59:13,266 [pool-666-thread-1] INFO  server.RaftServerConfigKeys (ConfUtils.java:logGet(43)) - raft.server.leader.election.timeout = 120s (custom)
2019-09-02 02:59:13,267 [pool-666-thread-1] INFO  server.RaftServerConfigKeys (ConfUtils.java:logGet(43)) - raft.server.log.use.memory = false (default)
2019-09-02 02:59:13,267 [pool-666-thread-1] INFO  server.RaftServerConfigKeys (ConfUtils.java:logGet(43)) - raft.server.log.purge.gap = 1000000 (custom)
2019-09-02 02:59:13,267 [pool-666-thread-1] INFO  server.RaftServerConfigKeys (ConfUtils.java:logGet(43)) - raft.server.log.appender.buffer.byte-limit = 33554432 (custom)
2019-09-02 02:59:13,267 [pool-666-thread-1] INFO  server.RaftServerConfigKeys (ConfUtils.java:logGet(43)) - raft.server.log.segment.size.max = 1048576 (custom)
2019-09-02 02:59:13,267 [pool-666-thread-1] INFO  server.RaftServerConfigKeys (ConfUtils.java:logGet(43)) - raft.server.log.segment.cache.num.max = 2 (custom)
2019-09-02 02:59:13,267 [pool-666-thread-1] INFO  segmented.SegmentedRaftLogWorker (SegmentedRaftLogWorker.java:<init>(172)) - new 58e57113-ec4e-4e2c-8e08-9b26096286af-SegmentedRaftLogWorker:Storage Directory /workdir/hadoop-ozone/integration-test/target/test-dir/MiniOzoneClusterImpl-95ed0e50-2dca-4589-8b2d-b7f1480a1ca1/datanode-3/data/ratis/028fe710-feff-426c-92c9-d35253800218 for RaftStorage:Storage Directory /workdir/hadoop-ozone/integration-test/target/test-dir/MiniOzoneClusterImpl-95ed0e50-2dca-4589-8b2d-b7f1480a1ca1/datanode-3/data/ratis/028fe710-feff-426c-92c9-d35253800218
2019-09-02 02:59:13,268 [pool-666-thread-1] INFO  server.RaftServerConfigKeys (ConfUtils.java:logGet(43)) - raft.server.log.queue.byte-limit = 2147483647 (custom)
2019-09-02 02:59:13,268 [pool-666-thread-1] INFO  server.RaftServerConfigKeys (ConfUtils.java:logGet(43)) - raft.server.log.queue.element-limit = 1024 (custom)
2019-09-02 02:59:13,268 [pool-666-thread-1] INFO  server.RaftServerConfigKeys (ConfUtils.java:logGet(43)) - raft.server.log.segment.size.max = 1048576 (custom)
2019-09-02 02:59:13,268 [pool-666-thread-1] INFO  server.RaftServerConfigKeys (ConfUtils.java:logGet(43)) - raft.server.log.preallocated.size = 16384 (custom)
2019-09-02 02:59:13,268 [pool-666-thread-1] INFO  server.RaftServerConfigKeys (ConfUtils.java:logGet(43)) - raft.server.log.write.buffer.size = 33554432 (custom)
2019-09-02 02:59:13,268 [pool-666-thread-1] INFO  server.RaftServerConfigKeys (ConfUtils.java:logGet(43)) - raft.server.log.force.sync.num = 128 (default)
2019-09-02 02:59:13,268 [pool-666-thread-1] INFO  server.RaftServerConfigKeys (ConfUtils.java:logGet(43)) - raft.server.log.statemachine.data.sync = true (default)
2019-09-02 02:59:13,269 [pool-666-thread-1] INFO  server.RaftServerConfigKeys (ConfUtils.java:logGet(43)) - raft.server.log.statemachine.data.sync.timeout = 10s (default)
2019-09-02 02:59:13,269 [pool-666-thread-1] INFO  server.RaftServerConfigKeys (ConfUtils.java:logGet(43)) - raft.server.log.statemachine.data.sync.timeout.retry = -1 (default)
2019-09-02 02:59:13,269 [pool-666-thread-1] INFO  server.RaftServerConfigKeys (ConfUtils.java:logGet(43)) - raft.server.log.statemachine.data.caching.enabled = true (custom)
2019-09-02 02:59:13,269 [pool-666-thread-1] INFO  segmented.SegmentedRaftLogWorker (SegmentedRaftLogWorker.java:lambda$new$0(132)) - 58e57113-ec4e-4e2c-8e08-9b26096286af-SegmentedRaftLogWorker:Storage Directory /workdir/hadoop-ozone/integration-test/target/test-dir/MiniOzoneClusterImpl-95ed0e50-2dca-4589-8b2d-b7f1480a1ca1/datanode-3/data/ratis/028fe710-feff-426c-92c9-d35253800218: flushIndex: setUnconditionally 0 -> -1
2019-09-02 02:59:13,270 [pool-666-thread-1] INFO  server.RaftServerConfigKeys (ConfUtils.java:logGet(43)) - raft.server.snapshot.auto.trigger.enabled = true (custom)
2019-09-02 02:59:13,270 [pool-666-thread-1] INFO  server.RaftServerConfigKeys (ConfUtils.java:logGet(43)) - raft.server.snapshot.auto.trigger.threshold = 10000 (custom)
2019-09-02 02:59:13,270 [pool-666-thread-1] INFO  server.RaftServerConfigKeys (ConfUtils.java:logGet(43)) - raft.server.retrycache.expirytime = 600000ms (custom)
2019-09-02 02:59:13,270 [pool-666-thread-1] INFO  impl.RaftServerImpl (RaftServerImpl.java:start(180)) - 58e57113-ec4e-4e2c-8e08-9b26096286af: start group-D35253800218
2019-09-02 02:59:13,270 [pool-666-thread-1] INFO  impl.RaftServerImpl (RaftServerImpl.java:setRole(171)) - 58e57113-ec4e-4e2c-8e08-9b26096286af:group-D35253800218 changes role from null to FOLLOWER at term 0 for startAsFollower
2019-09-02 02:59:13,271 [pool-666-thread-1] INFO  impl.RoleInfo (RoleInfo.java:updateAndGet(143)) - 58e57113-ec4e-4e2c-8e08-9b26096286af: start FollowerState
2019-09-02 02:59:13,283 [pool-666-thread-1] INFO  util.JmxRegister (JmxRegister.java:tryRegister(44)) - Successfully registered JMX Bean with object name Ratis:service=RaftServer,group=group-D35253800218,id=58e57113-ec4e-4e2c-8e08-9b26096286af
2019-09-02 02:59:13,296 [RatisPipelineUtilsThread] INFO  pipeline.PipelineStateManager (PipelineStateManager.java:addPipeline(56)) - Created pipeline Pipeline[ Id: 028fe710-feff-426c-92c9-d35253800218, Nodes: 58e57113-ec4e-4e2c-8e08-9b26096286af{ip: 192.168.34.6, host: pr-hdds-1569-dhr7x-3740612857, networkLocation: /default-rack, certSerialId: null}, Type:RATIS, Factor:ONE, State:OPEN]
2019-09-02 02:59:13,383 [IPC Server handler 4 on 34996] INFO  net.NetworkTopology (NetworkTopologyImpl.java:add(110)) - Added a new node: /default-rack/6200eba3-9c3a-4cd5-b165-0febe607b4fe
2019-09-02 02:59:13,384 [IPC Server handler 4 on 34996] INFO  node.SCMNodeManager (SCMNodeManager.java:register(274)) - Registered Data node : 6200eba3-9c3a-4cd5-b165-0febe607b4fe{ip: 192.168.34.6, host: pr-hdds-1569-dhr7x-3740612857, networkLocation: /default-rack, certSerialId: null}
2019-09-02 02:59:13,384 | INFO  | SCMAudit | user=jenkins1000 | ip=192.168.34.6 | op=REGISTER {datanodeDetails=6200eba3-9c3a-4cd5-b165-0febe607b4fe{ip: 192.168.34.6, host: pr-hdds-1569-dhr7x-3740612857, networkLocation: /default-rack, certSerialId: null}} | ret=SUCCESS |  
2019-09-02 02:59:13,393 [grpc-default-executor-6] INFO  impl.RaftServerProxy (RaftServerProxy.java:addNew(89)) - 6200eba3-9c3a-4cd5-b165-0febe607b4fe: addNew group-FB1E72901717:[6200eba3-9c3a-4cd5-b165-0febe607b4fe:192.168.34.6:46451] returns group-FB1E72901717:java.util.concurrent.CompletableFuture@e1363cb[Not completed]
2019-09-02 02:59:13,395 [pool-677-thread-1] INFO  impl.RaftServerImpl (RaftServerImpl.java:<init>(93)) - 6200eba3-9c3a-4cd5-b165-0febe607b4fe: new RaftServerImpl for group-FB1E72901717:[6200eba3-9c3a-4cd5-b165-0febe607b4fe:192.168.34.6:46451] with ContainerStateMachine:uninitialized
2019-09-02 02:59:13,395 [pool-677-thread-1] INFO  server.RaftServerConfigKeys (ConfUtils.java:logGet(43)) - raft.server.rpc.timeout.min = 5s (custom)
2019-09-02 02:59:13,395 [pool-677-thread-1] INFO  server.RaftServerConfigKeys (ConfUtils.java:logGet(43)) - raft.server.rpc.timeout.max = 5200ms (custom)
2019-09-02 02:59:13,395 [pool-677-thread-1] INFO  server.RaftServerConfigKeys (ConfUtils.java:logGet(43)) - raft.server.rpcslowness.timeout = 120s (custom)
2019-09-02 02:59:13,395 [pool-677-thread-1] INFO  server.RaftServerConfigKeys (ConfUtils.java:logGet(43)) - raft.server.sleep.deviation.threshold = 300 (default)
2019-09-02 02:59:13,395 [pool-677-thread-1] INFO  server.RaftServerConfigKeys (ConfUtils.java:logGet(43)) - raft.server.log.appender.install.snapshot.enabled = false (custom)
2019-09-02 02:59:13,395 [pool-677-thread-1] INFO  impl.RaftServerImpl (ServerState.java:<init>(105)) - 6200eba3-9c3a-4cd5-b165-0febe607b4fe:group-FB1E72901717 ConfigurationManager, init=-1: [6200eba3-9c3a-4cd5-b165-0febe607b4fe:192.168.34.6:46451], old=null, confs=<EMPTY_MAP>
2019-09-02 02:59:13,396 [pool-677-thread-1] INFO  server.RaftServerConfigKeys (ConfUtils.java:logGet(43)) - raft.server.storage.dir = [/workdir/hadoop-ozone/integration-test/target/test-dir/MiniOzoneClusterImpl-95ed0e50-2dca-4589-8b2d-b7f1480a1ca1/datanode-4/data/ratis] (custom)
2019-09-02 02:59:13,396 [pool-677-thread-1] INFO  storage.RaftStorageDirectory (RaftStorageDirectory.java:analyzeStorage(246)) - The storage directory /workdir/hadoop-ozone/integration-test/target/test-dir/MiniOzoneClusterImpl-95ed0e50-2dca-4589-8b2d-b7f1480a1ca1/datanode-4/data/ratis/782689a3-ad56-4f80-a39e-fb1e72901717 does not exist. Creating ...
2019-09-02 02:59:13,411 [pool-677-thread-1] INFO  storage.RaftStorageDirectory (RaftStorageDirectory.java:tryLock(328)) - Lock on /workdir/hadoop-ozone/integration-test/target/test-dir/MiniOzoneClusterImpl-95ed0e50-2dca-4589-8b2d-b7f1480a1ca1/datanode-4/data/ratis/782689a3-ad56-4f80-a39e-fb1e72901717/in_use.lock acquired by nodename 11350@pr-hdds-1569-dhr7x-3740612857
2019-09-02 02:59:13,424 [pool-677-thread-1] INFO  storage.RaftStorage (RaftStorage.java:format(72)) - Storage directory /workdir/hadoop-ozone/integration-test/target/test-dir/MiniOzoneClusterImpl-95ed0e50-2dca-4589-8b2d-b7f1480a1ca1/datanode-4/data/ratis/782689a3-ad56-4f80-a39e-fb1e72901717 has been successfully formatted.
2019-09-02 02:59:13,424 [pool-677-thread-1] INFO  ratis.ContainerStateMachine (ContainerStateMachine.java:loadSnapshot(226)) - group-FB1E72901717: The snapshot info is null. Setting the last applied indexto:(t:0, i:~)
2019-09-02 02:59:13,424 [pool-677-thread-1] INFO  server.RaftServerConfigKeys (ConfUtils.java:logGet(43)) - raft.server.leader.election.timeout = 120s (custom)
2019-09-02 02:59:13,425 [pool-677-thread-1] INFO  server.RaftServerConfigKeys (ConfUtils.java:logGet(43)) - raft.server.log.use.memory = false (default)
2019-09-02 02:59:13,425 [pool-677-thread-1] INFO  server.RaftServerConfigKeys (ConfUtils.java:logGet(43)) - raft.server.log.purge.gap = 1000000 (custom)
2019-09-02 02:59:13,425 [pool-677-thread-1] INFO  server.RaftServerConfigKeys (ConfUtils.java:logGet(43)) - raft.server.log.appender.buffer.byte-limit = 33554432 (custom)
2019-09-02 02:59:13,425 [pool-677-thread-1] INFO  server.RaftServerConfigKeys (ConfUtils.java:logGet(43)) - raft.server.log.segment.size.max = 1048576 (custom)
2019-09-02 02:59:13,425 [pool-677-thread-1] INFO  server.RaftServerConfigKeys (ConfUtils.java:logGet(43)) - raft.server.log.segment.cache.num.max = 2 (custom)
2019-09-02 02:59:13,425 [pool-677-thread-1] INFO  segmented.SegmentedRaftLogWorker (SegmentedRaftLogWorker.java:<init>(172)) - new 6200eba3-9c3a-4cd5-b165-0febe607b4fe-SegmentedRaftLogWorker:Storage Directory /workdir/hadoop-ozone/integration-test/target/test-dir/MiniOzoneClusterImpl-95ed0e50-2dca-4589-8b2d-b7f1480a1ca1/datanode-4/data/ratis/782689a3-ad56-4f80-a39e-fb1e72901717 for RaftStorage:Storage Directory /workdir/hadoop-ozone/integration-test/target/test-dir/MiniOzoneClusterImpl-95ed0e50-2dca-4589-8b2d-b7f1480a1ca1/datanode-4/data/ratis/782689a3-ad56-4f80-a39e-fb1e72901717
2019-09-02 02:59:13,425 [pool-677-thread-1] INFO  server.RaftServerConfigKeys (ConfUtils.java:logGet(43)) - raft.server.log.queue.byte-limit = 2147483647 (custom)
2019-09-02 02:59:13,426 [pool-677-thread-1] INFO  server.RaftServerConfigKeys (ConfUtils.java:logGet(43)) - raft.server.log.queue.element-limit = 1024 (custom)
2019-09-02 02:59:13,426 [pool-677-thread-1] INFO  server.RaftServerConfigKeys (ConfUtils.java:logGet(43)) - raft.server.log.segment.size.max = 1048576 (custom)
2019-09-02 02:59:13,426 [pool-677-thread-1] INFO  server.RaftServerConfigKeys (ConfUtils.java:logGet(43)) - raft.server.log.preallocated.size = 16384 (custom)
2019-09-02 02:59:13,426 [pool-677-thread-1] INFO  server.RaftServerConfigKeys (ConfUtils.java:logGet(43)) - raft.server.log.write.buffer.size = 33554432 (custom)
2019-09-02 02:59:13,426 [pool-677-thread-1] INFO  server.RaftServerConfigKeys (ConfUtils.java:logGet(43)) - raft.server.log.force.sync.num = 128 (default)
2019-09-02 02:59:13,426 [pool-677-thread-1] INFO  server.RaftServerConfigKeys (ConfUtils.java:logGet(43)) - raft.server.log.statemachine.data.sync = true (default)
2019-09-02 02:59:13,426 [pool-677-thread-1] INFO  server.RaftServerConfigKeys (ConfUtils.java:logGet(43)) - raft.server.log.statemachine.data.sync.timeout = 10s (default)
2019-09-02 02:59:13,426 [pool-677-thread-1] INFO  server.RaftServerConfigKeys (ConfUtils.java:logGet(43)) - raft.server.log.statemachine.data.sync.timeout.retry = -1 (default)
2019-09-02 02:59:13,427 [pool-677-thread-1] INFO  server.RaftServerConfigKeys (ConfUtils.java:logGet(43)) - raft.server.log.statemachine.data.caching.enabled = true (custom)
2019-09-02 02:59:13,427 [pool-677-thread-1] INFO  segmented.SegmentedRaftLogWorker (SegmentedRaftLogWorker.java:lambda$new$0(132)) - 6200eba3-9c3a-4cd5-b165-0febe607b4fe-SegmentedRaftLogWorker:Storage Directory /workdir/hadoop-ozone/integration-test/target/test-dir/MiniOzoneClusterImpl-95ed0e50-2dca-4589-8b2d-b7f1480a1ca1/datanode-4/data/ratis/782689a3-ad56-4f80-a39e-fb1e72901717: flushIndex: setUnconditionally 0 -> -1
2019-09-02 02:59:13,427 [pool-677-thread-1] INFO  server.RaftServerConfigKeys (ConfUtils.java:logGet(43)) - raft.server.snapshot.auto.trigger.enabled = true (custom)
2019-09-02 02:59:13,427 [pool-677-thread-1] INFO  server.RaftServerConfigKeys (ConfUtils.java:logGet(43)) - raft.server.snapshot.auto.trigger.threshold = 10000 (custom)
2019-09-02 02:59:13,428 [pool-677-thread-1] INFO  server.RaftServerConfigKeys (ConfUtils.java:logGet(43)) - raft.server.retrycache.expirytime = 600000ms (custom)
2019-09-02 02:59:13,428 [pool-677-thread-1] INFO  impl.RaftServerImpl (RaftServerImpl.java:start(180)) - 6200eba3-9c3a-4cd5-b165-0febe607b4fe: start group-FB1E72901717
2019-09-02 02:59:13,428 [pool-677-thread-1] INFO  impl.RaftServerImpl (RaftServerImpl.java:setRole(171)) - 6200eba3-9c3a-4cd5-b165-0febe607b4fe:group-FB1E72901717 changes role from null to FOLLOWER at term 0 for startAsFollower
2019-09-02 02:59:13,428 [pool-677-thread-1] INFO  impl.RoleInfo (RoleInfo.java:updateAndGet(143)) - 6200eba3-9c3a-4cd5-b165-0febe607b4fe: start FollowerState
2019-09-02 02:59:13,428 [pool-677-thread-1] INFO  util.JmxRegister (JmxRegister.java:tryRegister(44)) - Successfully registered JMX Bean with object name Ratis:service=RaftServer,group=group-FB1E72901717,id=6200eba3-9c3a-4cd5-b165-0febe607b4fe
2019-09-02 02:59:13,433 [RatisPipelineUtilsThread] INFO  pipeline.PipelineStateManager (PipelineStateManager.java:addPipeline(56)) - Created pipeline Pipeline[ Id: 782689a3-ad56-4f80-a39e-fb1e72901717, Nodes: 6200eba3-9c3a-4cd5-b165-0febe607b4fe{ip: 192.168.34.6, host: pr-hdds-1569-dhr7x-3740612857, networkLocation: /default-rack, certSerialId: null}, Type:RATIS, Factor:ONE, State:OPEN]
2019-09-02 02:59:13,541 [IPC Server handler 3 on 34996] INFO  net.NetworkTopology (NetworkTopologyImpl.java:add(110)) - Added a new node: /default-rack/f5200351-47ce-4212-9670-72e625b80f12
2019-09-02 02:59:13,541 [IPC Server handler 3 on 34996] INFO  node.SCMNodeManager (SCMNodeManager.java:register(274)) - Registered Data node : f5200351-47ce-4212-9670-72e625b80f12{ip: 192.168.34.6, host: pr-hdds-1569-dhr7x-3740612857, networkLocation: /default-rack, certSerialId: null}
2019-09-02 02:59:13,545 | INFO  | SCMAudit | user=jenkins1000 | ip=192.168.34.6 | op=REGISTER {datanodeDetails=f5200351-47ce-4212-9670-72e625b80f12{ip: 192.168.34.6, host: pr-hdds-1569-dhr7x-3740612857, networkLocation: /default-rack, certSerialId: null}} | ret=SUCCESS |  
2019-09-02 02:59:13,551 [grpc-default-executor-6] INFO  impl.RaftServerProxy (RaftServerProxy.java:addNew(89)) - f5200351-47ce-4212-9670-72e625b80f12: addNew group-500748A7AD54:[f5200351-47ce-4212-9670-72e625b80f12:192.168.34.6:40778] returns group-500748A7AD54:java.util.concurrent.CompletableFuture@5453ce9e[Not completed]
2019-09-02 02:59:13,552 [pool-688-thread-1] INFO  impl.RaftServerImpl (RaftServerImpl.java:<init>(93)) - f5200351-47ce-4212-9670-72e625b80f12: new RaftServerImpl for group-500748A7AD54:[f5200351-47ce-4212-9670-72e625b80f12:192.168.34.6:40778] with ContainerStateMachine:uninitialized
2019-09-02 02:59:13,552 [pool-688-thread-1] INFO  server.RaftServerConfigKeys (ConfUtils.java:logGet(43)) - raft.server.rpc.timeout.min = 5s (custom)
2019-09-02 02:59:13,552 [pool-688-thread-1] INFO  server.RaftServerConfigKeys (ConfUtils.java:logGet(43)) - raft.server.rpc.timeout.max = 5200ms (custom)
2019-09-02 02:59:13,552 [pool-688-thread-1] INFO  server.RaftServerConfigKeys (ConfUtils.java:logGet(43)) - raft.server.rpcslowness.timeout = 120s (custom)
2019-09-02 02:59:13,552 [pool-688-thread-1] INFO  server.RaftServerConfigKeys (ConfUtils.java:logGet(43)) - raft.server.sleep.deviation.threshold = 300 (default)
2019-09-02 02:59:13,552 [pool-688-thread-1] INFO  server.RaftServerConfigKeys (ConfUtils.java:logGet(43)) - raft.server.log.appender.install.snapshot.enabled = false (custom)
2019-09-02 02:59:13,552 [pool-688-thread-1] INFO  impl.RaftServerImpl (ServerState.java:<init>(105)) - f5200351-47ce-4212-9670-72e625b80f12:group-500748A7AD54 ConfigurationManager, init=-1: [f5200351-47ce-4212-9670-72e625b80f12:192.168.34.6:40778], old=null, confs=<EMPTY_MAP>
2019-09-02 02:59:13,553 [pool-688-thread-1] INFO  server.RaftServerConfigKeys (ConfUtils.java:logGet(43)) - raft.server.storage.dir = [/workdir/hadoop-ozone/integration-test/target/test-dir/MiniOzoneClusterImpl-95ed0e50-2dca-4589-8b2d-b7f1480a1ca1/datanode-5/data/ratis] (custom)
2019-09-02 02:59:13,553 [pool-688-thread-1] INFO  storage.RaftStorageDirectory (RaftStorageDirectory.java:analyzeStorage(246)) - The storage directory /workdir/hadoop-ozone/integration-test/target/test-dir/MiniOzoneClusterImpl-95ed0e50-2dca-4589-8b2d-b7f1480a1ca1/datanode-5/data/ratis/44a46104-685b-4c6d-9c90-500748a7ad54 does not exist. Creating ...
2019-09-02 02:59:13,566 [pool-688-thread-1] INFO  storage.RaftStorageDirectory (RaftStorageDirectory.java:tryLock(328)) - Lock on /workdir/hadoop-ozone/integration-test/target/test-dir/MiniOzoneClusterImpl-95ed0e50-2dca-4589-8b2d-b7f1480a1ca1/datanode-5/data/ratis/44a46104-685b-4c6d-9c90-500748a7ad54/in_use.lock acquired by nodename 11350@pr-hdds-1569-dhr7x-3740612857
2019-09-02 02:59:13,578 [pool-688-thread-1] INFO  storage.RaftStorage (RaftStorage.java:format(72)) - Storage directory /workdir/hadoop-ozone/integration-test/target/test-dir/MiniOzoneClusterImpl-95ed0e50-2dca-4589-8b2d-b7f1480a1ca1/datanode-5/data/ratis/44a46104-685b-4c6d-9c90-500748a7ad54 has been successfully formatted.
2019-09-02 02:59:13,578 [pool-688-thread-1] INFO  ratis.ContainerStateMachine (ContainerStateMachine.java:loadSnapshot(226)) - group-500748A7AD54: The snapshot info is null. Setting the last applied indexto:(t:0, i:~)
2019-09-02 02:59:13,578 [pool-688-thread-1] INFO  server.RaftServerConfigKeys (ConfUtils.java:logGet(43)) - raft.server.leader.election.timeout = 120s (custom)
2019-09-02 02:59:13,578 [pool-688-thread-1] INFO  server.RaftServerConfigKeys (ConfUtils.java:logGet(43)) - raft.server.log.use.memory = false (default)
2019-09-02 02:59:13,578 [pool-688-thread-1] INFO  server.RaftServerConfigKeys (ConfUtils.java:logGet(43)) - raft.server.log.purge.gap = 1000000 (custom)
2019-09-02 02:59:13,579 [pool-688-thread-1] INFO  server.RaftServerConfigKeys (ConfUtils.java:logGet(43)) - raft.server.log.appender.buffer.byte-limit = 33554432 (custom)
2019-09-02 02:59:13,579 [pool-688-thread-1] INFO  server.RaftServerConfigKeys (ConfUtils.java:logGet(43)) - raft.server.log.segment.size.max = 1048576 (custom)
2019-09-02 02:59:13,579 [pool-688-thread-1] INFO  server.RaftServerConfigKeys (ConfUtils.java:logGet(43)) - raft.server.log.segment.cache.num.max = 2 (custom)
2019-09-02 02:59:13,579 [pool-688-thread-1] INFO  segmented.SegmentedRaftLogWorker (SegmentedRaftLogWorker.java:<init>(172)) - new f5200351-47ce-4212-9670-72e625b80f12-SegmentedRaftLogWorker:Storage Directory /workdir/hadoop-ozone/integration-test/target/test-dir/MiniOzoneClusterImpl-95ed0e50-2dca-4589-8b2d-b7f1480a1ca1/datanode-5/data/ratis/44a46104-685b-4c6d-9c90-500748a7ad54 for RaftStorage:Storage Directory /workdir/hadoop-ozone/integration-test/target/test-dir/MiniOzoneClusterImpl-95ed0e50-2dca-4589-8b2d-b7f1480a1ca1/datanode-5/data/ratis/44a46104-685b-4c6d-9c90-500748a7ad54
2019-09-02 02:59:13,579 [pool-688-thread-1] INFO  server.RaftServerConfigKeys (ConfUtils.java:logGet(43)) - raft.server.log.queue.byte-limit = 2147483647 (custom)
2019-09-02 02:59:13,579 [pool-688-thread-1] INFO  server.RaftServerConfigKeys (ConfUtils.java:logGet(43)) - raft.server.log.queue.element-limit = 1024 (custom)
2019-09-02 02:59:13,580 [pool-688-thread-1] INFO  server.RaftServerConfigKeys (ConfUtils.java:logGet(43)) - raft.server.log.segment.size.max = 1048576 (custom)
2019-09-02 02:59:13,580 [pool-688-thread-1] INFO  server.RaftServerConfigKeys (ConfUtils.java:logGet(43)) - raft.server.log.preallocated.size = 16384 (custom)
2019-09-02 02:59:13,580 [pool-688-thread-1] INFO  server.RaftServerConfigKeys (ConfUtils.java:logGet(43)) - raft.server.log.write.buffer.size = 33554432 (custom)
2019-09-02 02:59:13,580 [pool-688-thread-1] INFO  server.RaftServerConfigKeys (ConfUtils.java:logGet(43)) - raft.server.log.force.sync.num = 128 (default)
2019-09-02 02:59:13,580 [pool-688-thread-1] INFO  server.RaftServerConfigKeys (ConfUtils.java:logGet(43)) - raft.server.log.statemachine.data.sync = true (default)
2019-09-02 02:59:13,580 [pool-688-thread-1] INFO  server.RaftServerConfigKeys (ConfUtils.java:logGet(43)) - raft.server.log.statemachine.data.sync.timeout = 10s (default)
2019-09-02 02:59:13,580 [pool-688-thread-1] INFO  server.RaftServerConfigKeys (ConfUtils.java:logGet(43)) - raft.server.log.statemachine.data.sync.timeout.retry = -1 (default)
2019-09-02 02:59:13,580 [pool-688-thread-1] INFO  server.RaftServerConfigKeys (ConfUtils.java:logGet(43)) - raft.server.log.statemachine.data.caching.enabled = true (custom)
2019-09-02 02:59:13,580 [pool-688-thread-1] INFO  segmented.SegmentedRaftLogWorker (SegmentedRaftLogWorker.java:lambda$new$0(132)) - f5200351-47ce-4212-9670-72e625b80f12-SegmentedRaftLogWorker:Storage Directory /workdir/hadoop-ozone/integration-test/target/test-dir/MiniOzoneClusterImpl-95ed0e50-2dca-4589-8b2d-b7f1480a1ca1/datanode-5/data/ratis/44a46104-685b-4c6d-9c90-500748a7ad54: flushIndex: setUnconditionally 0 -> -1
2019-09-02 02:59:13,581 [pool-688-thread-1] INFO  server.RaftServerConfigKeys (ConfUtils.java:logGet(43)) - raft.server.snapshot.auto.trigger.enabled = true (custom)
2019-09-02 02:59:13,581 [pool-688-thread-1] INFO  server.RaftServerConfigKeys (ConfUtils.java:logGet(43)) - raft.server.snapshot.auto.trigger.threshold = 10000 (custom)
2019-09-02 02:59:13,581 [pool-688-thread-1] INFO  server.RaftServerConfigKeys (ConfUtils.java:logGet(43)) - raft.server.retrycache.expirytime = 600000ms (custom)
2019-09-02 02:59:13,581 [pool-688-thread-1] INFO  impl.RaftServerImpl (RaftServerImpl.java:start(180)) - f5200351-47ce-4212-9670-72e625b80f12: start group-500748A7AD54
2019-09-02 02:59:13,581 [pool-688-thread-1] INFO  impl.RaftServerImpl (RaftServerImpl.java:setRole(171)) - f5200351-47ce-4212-9670-72e625b80f12:group-500748A7AD54 changes role from null to FOLLOWER at term 0 for startAsFollower
2019-09-02 02:59:13,581 [pool-688-thread-1] INFO  impl.RoleInfo (RoleInfo.java:updateAndGet(143)) - f5200351-47ce-4212-9670-72e625b80f12: start FollowerState
2019-09-02 02:59:13,581 [pool-688-thread-1] INFO  util.JmxRegister (JmxRegister.java:tryRegister(44)) - Successfully registered JMX Bean with object name Ratis:service=RaftServer,group=group-500748A7AD54,id=f5200351-47ce-4212-9670-72e625b80f12
2019-09-02 02:59:13,586 [RatisPipelineUtilsThread] INFO  pipeline.PipelineStateManager (PipelineStateManager.java:addPipeline(56)) - Created pipeline Pipeline[ Id: 44a46104-685b-4c6d-9c90-500748a7ad54, Nodes: f5200351-47ce-4212-9670-72e625b80f12{ip: 192.168.34.6, host: pr-hdds-1569-dhr7x-3740612857, networkLocation: /default-rack, certSerialId: null}, Type:RATIS, Factor:ONE, State:OPEN]
2019-09-02 02:59:13,595 [grpc-default-executor-6] INFO  impl.RaftServerProxy (RaftServerProxy.java:addNew(89)) - 58e57113-ec4e-4e2c-8e08-9b26096286af: addNew group-4B4DC87F36DD:[6200eba3-9c3a-4cd5-b165-0febe607b4fe:192.168.34.6:46451, f5200351-47ce-4212-9670-72e625b80f12:192.168.34.6:40778, 58e57113-ec4e-4e2c-8e08-9b26096286af:192.168.34.6:45179] returns group-4B4DC87F36DD:java.util.concurrent.CompletableFuture@2bd4a51b[Not completed]
2019-09-02 02:59:13,595 [grpc-default-executor-8] INFO  impl.RaftServerProxy (RaftServerProxy.java:addNew(89)) - 6200eba3-9c3a-4cd5-b165-0febe607b4fe: addNew group-4B4DC87F36DD:[6200eba3-9c3a-4cd5-b165-0febe607b4fe:192.168.34.6:46451, f5200351-47ce-4212-9670-72e625b80f12:192.168.34.6:40778, 58e57113-ec4e-4e2c-8e08-9b26096286af:192.168.34.6:45179] returns group-4B4DC87F36DD:java.util.concurrent.CompletableFuture@3547096a[Not completed]
2019-09-02 02:59:13,595 [grpc-default-executor-0] INFO  impl.RaftServerProxy (RaftServerProxy.java:addNew(89)) - f5200351-47ce-4212-9670-72e625b80f12: addNew group-4B4DC87F36DD:[6200eba3-9c3a-4cd5-b165-0febe607b4fe:192.168.34.6:46451, f5200351-47ce-4212-9670-72e625b80f12:192.168.34.6:40778, 58e57113-ec4e-4e2c-8e08-9b26096286af:192.168.34.6:45179] returns group-4B4DC87F36DD:java.util.concurrent.CompletableFuture@754d7404[Not completed]
2019-09-02 02:59:13,596 [pool-688-thread-1] INFO  impl.RaftServerImpl (RaftServerImpl.java:<init>(93)) - f5200351-47ce-4212-9670-72e625b80f12: new RaftServerImpl for group-4B4DC87F36DD:[6200eba3-9c3a-4cd5-b165-0febe607b4fe:192.168.34.6:46451, f5200351-47ce-4212-9670-72e625b80f12:192.168.34.6:40778, 58e57113-ec4e-4e2c-8e08-9b26096286af:192.168.34.6:45179] with ContainerStateMachine:uninitialized
2019-09-02 02:59:13,596 [pool-688-thread-1] INFO  server.RaftServerConfigKeys (ConfUtils.java:logGet(43)) - raft.server.rpc.timeout.min = 5s (custom)
2019-09-02 02:59:13,596 [pool-688-thread-1] INFO  server.RaftServerConfigKeys (ConfUtils.java:logGet(43)) - raft.server.rpc.timeout.max = 5200ms (custom)
2019-09-02 02:59:13,596 [pool-688-thread-1] INFO  server.RaftServerConfigKeys (ConfUtils.java:logGet(43)) - raft.server.rpcslowness.timeout = 120s (custom)
2019-09-02 02:59:13,596 [pool-677-thread-1] INFO  impl.RaftServerImpl (RaftServerImpl.java:<init>(93)) - 6200eba3-9c3a-4cd5-b165-0febe607b4fe: new RaftServerImpl for group-4B4DC87F36DD:[6200eba3-9c3a-4cd5-b165-0febe607b4fe:192.168.34.6:46451, f5200351-47ce-4212-9670-72e625b80f12:192.168.34.6:40778, 58e57113-ec4e-4e2c-8e08-9b26096286af:192.168.34.6:45179] with ContainerStateMachine:uninitialized
2019-09-02 02:59:13,596 [pool-688-thread-1] INFO  server.RaftServerConfigKeys (ConfUtils.java:logGet(43)) - raft.server.sleep.deviation.threshold = 300 (default)
2019-09-02 02:59:13,597 [pool-677-thread-1] INFO  server.RaftServerConfigKeys (ConfUtils.java:logGet(43)) - raft.server.rpc.timeout.min = 5s (custom)
2019-09-02 02:59:13,597 [pool-666-thread-1] INFO  impl.RaftServerImpl (RaftServerImpl.java:<init>(93)) - 58e57113-ec4e-4e2c-8e08-9b26096286af: new RaftServerImpl for group-4B4DC87F36DD:[6200eba3-9c3a-4cd5-b165-0febe607b4fe:192.168.34.6:46451, f5200351-47ce-4212-9670-72e625b80f12:192.168.34.6:40778, 58e57113-ec4e-4e2c-8e08-9b26096286af:192.168.34.6:45179] with ContainerStateMachine:uninitialized
2019-09-02 02:59:13,597 [pool-677-thread-1] INFO  server.RaftServerConfigKeys (ConfUtils.java:logGet(43)) - raft.server.rpc.timeout.max = 5200ms (custom)
2019-09-02 02:59:13,597 [pool-688-thread-1] INFO  server.RaftServerConfigKeys (ConfUtils.java:logGet(43)) - raft.server.log.appender.install.snapshot.enabled = false (custom)
2019-09-02 02:59:13,597 [pool-677-thread-1] INFO  server.RaftServerConfigKeys (ConfUtils.java:logGet(43)) - raft.server.rpcslowness.timeout = 120s (custom)
2019-09-02 02:59:13,597 [pool-666-thread-1] INFO  server.RaftServerConfigKeys (ConfUtils.java:logGet(43)) - raft.server.rpc.timeout.min = 5s (custom)
2019-09-02 02:59:13,597 [pool-677-thread-1] INFO  server.RaftServerConfigKeys (ConfUtils.java:logGet(43)) - raft.server.sleep.deviation.threshold = 300 (default)
2019-09-02 02:59:13,597 [pool-688-thread-1] INFO  impl.RaftServerImpl (ServerState.java:<init>(105)) - f5200351-47ce-4212-9670-72e625b80f12:group-4B4DC87F36DD ConfigurationManager, init=-1: [6200eba3-9c3a-4cd5-b165-0febe607b4fe:192.168.34.6:46451, f5200351-47ce-4212-9670-72e625b80f12:192.168.34.6:40778, 58e57113-ec4e-4e2c-8e08-9b26096286af:192.168.34.6:45179], old=null, confs=<EMPTY_MAP>
2019-09-02 02:59:13,597 [pool-677-thread-1] INFO  server.RaftServerConfigKeys (ConfUtils.java:logGet(43)) - raft.server.log.appender.install.snapshot.enabled = false (custom)
2019-09-02 02:59:13,597 [pool-666-thread-1] INFO  server.RaftServerConfigKeys (ConfUtils.java:logGet(43)) - raft.server.rpc.timeout.max = 5200ms (custom)
2019-09-02 02:59:13,598 [pool-677-thread-1] INFO  impl.RaftServerImpl (ServerState.java:<init>(105)) - 6200eba3-9c3a-4cd5-b165-0febe607b4fe:group-4B4DC87F36DD ConfigurationManager, init=-1: [6200eba3-9c3a-4cd5-b165-0febe607b4fe:192.168.34.6:46451, f5200351-47ce-4212-9670-72e625b80f12:192.168.34.6:40778, 58e57113-ec4e-4e2c-8e08-9b26096286af:192.168.34.6:45179], old=null, confs=<EMPTY_MAP>
2019-09-02 02:59:13,598 [pool-688-thread-1] INFO  server.RaftServerConfigKeys (ConfUtils.java:logGet(43)) - raft.server.storage.dir = [/workdir/hadoop-ozone/integration-test/target/test-dir/MiniOzoneClusterImpl-95ed0e50-2dca-4589-8b2d-b7f1480a1ca1/datanode-5/data/ratis] (custom)
2019-09-02 02:59:13,598 [pool-677-thread-1] INFO  server.RaftServerConfigKeys (ConfUtils.java:logGet(43)) - raft.server.storage.dir = [/workdir/hadoop-ozone/integration-test/target/test-dir/MiniOzoneClusterImpl-95ed0e50-2dca-4589-8b2d-b7f1480a1ca1/datanode-4/data/ratis] (custom)
2019-09-02 02:59:13,598 [pool-666-thread-1] INFO  server.RaftServerConfigKeys (ConfUtils.java:logGet(43)) - raft.server.rpcslowness.timeout = 120s (custom)
2019-09-02 02:59:13,598 [pool-688-thread-1] INFO  storage.RaftStorageDirectory (RaftStorageDirectory.java:analyzeStorage(246)) - The storage directory /workdir/hadoop-ozone/integration-test/target/test-dir/MiniOzoneClusterImpl-95ed0e50-2dca-4589-8b2d-b7f1480a1ca1/datanode-5/data/ratis/b5b8c1c8-0b9f-4c3c-bf94-4b4dc87f36dd does not exist. Creating ...
2019-09-02 02:59:13,598 [pool-677-thread-1] INFO  storage.RaftStorageDirectory (RaftStorageDirectory.java:analyzeStorage(246)) - The storage directory /workdir/hadoop-ozone/integration-test/target/test-dir/MiniOzoneClusterImpl-95ed0e50-2dca-4589-8b2d-b7f1480a1ca1/datanode-4/data/ratis/b5b8c1c8-0b9f-4c3c-bf94-4b4dc87f36dd does not exist. Creating ...
2019-09-02 02:59:13,598 [pool-666-thread-1] INFO  server.RaftServerConfigKeys (ConfUtils.java:logGet(43)) - raft.server.sleep.deviation.threshold = 300 (default)
2019-09-02 02:59:13,599 [pool-666-thread-1] INFO  server.RaftServerConfigKeys (ConfUtils.java:logGet(43)) - raft.server.log.appender.install.snapshot.enabled = false (custom)
2019-09-02 02:59:13,599 [pool-666-thread-1] INFO  impl.RaftServerImpl (ServerState.java:<init>(105)) - 58e57113-ec4e-4e2c-8e08-9b26096286af:group-4B4DC87F36DD ConfigurationManager, init=-1: [6200eba3-9c3a-4cd5-b165-0febe607b4fe:192.168.34.6:46451, f5200351-47ce-4212-9670-72e625b80f12:192.168.34.6:40778, 58e57113-ec4e-4e2c-8e08-9b26096286af:192.168.34.6:45179], old=null, confs=<EMPTY_MAP>
2019-09-02 02:59:13,599 [pool-666-thread-1] INFO  server.RaftServerConfigKeys (ConfUtils.java:logGet(43)) - raft.server.storage.dir = [/workdir/hadoop-ozone/integration-test/target/test-dir/MiniOzoneClusterImpl-95ed0e50-2dca-4589-8b2d-b7f1480a1ca1/datanode-3/data/ratis] (custom)
2019-09-02 02:59:13,599 [pool-666-thread-1] INFO  storage.RaftStorageDirectory (RaftStorageDirectory.java:analyzeStorage(246)) - The storage directory /workdir/hadoop-ozone/integration-test/target/test-dir/MiniOzoneClusterImpl-95ed0e50-2dca-4589-8b2d-b7f1480a1ca1/datanode-3/data/ratis/b5b8c1c8-0b9f-4c3c-bf94-4b4dc87f36dd does not exist. Creating ...
2019-09-02 02:59:13,611 [pool-688-thread-1] INFO  storage.RaftStorageDirectory (RaftStorageDirectory.java:tryLock(328)) - Lock on /workdir/hadoop-ozone/integration-test/target/test-dir/MiniOzoneClusterImpl-95ed0e50-2dca-4589-8b2d-b7f1480a1ca1/datanode-5/data/ratis/b5b8c1c8-0b9f-4c3c-bf94-4b4dc87f36dd/in_use.lock acquired by nodename 11350@pr-hdds-1569-dhr7x-3740612857
2019-09-02 02:59:13,611 [pool-666-thread-1] INFO  storage.RaftStorageDirectory (RaftStorageDirectory.java:tryLock(328)) - Lock on /workdir/hadoop-ozone/integration-test/target/test-dir/MiniOzoneClusterImpl-95ed0e50-2dca-4589-8b2d-b7f1480a1ca1/datanode-3/data/ratis/b5b8c1c8-0b9f-4c3c-bf94-4b4dc87f36dd/in_use.lock acquired by nodename 11350@pr-hdds-1569-dhr7x-3740612857
2019-09-02 02:59:13,611 [pool-677-thread-1] INFO  storage.RaftStorageDirectory (RaftStorageDirectory.java:tryLock(328)) - Lock on /workdir/hadoop-ozone/integration-test/target/test-dir/MiniOzoneClusterImpl-95ed0e50-2dca-4589-8b2d-b7f1480a1ca1/datanode-4/data/ratis/b5b8c1c8-0b9f-4c3c-bf94-4b4dc87f36dd/in_use.lock acquired by nodename 11350@pr-hdds-1569-dhr7x-3740612857
2019-09-02 02:59:13,625 [pool-688-thread-1] INFO  storage.RaftStorage (RaftStorage.java:format(72)) - Storage directory /workdir/hadoop-ozone/integration-test/target/test-dir/MiniOzoneClusterImpl-95ed0e50-2dca-4589-8b2d-b7f1480a1ca1/datanode-5/data/ratis/b5b8c1c8-0b9f-4c3c-bf94-4b4dc87f36dd has been successfully formatted.
2019-09-02 02:59:13,625 [pool-666-thread-1] INFO  storage.RaftStorage (RaftStorage.java:format(72)) - Storage directory /workdir/hadoop-ozone/integration-test/target/test-dir/MiniOzoneClusterImpl-95ed0e50-2dca-4589-8b2d-b7f1480a1ca1/datanode-3/data/ratis/b5b8c1c8-0b9f-4c3c-bf94-4b4dc87f36dd has been successfully formatted.
2019-09-02 02:59:13,625 [pool-677-thread-1] INFO  storage.RaftStorage (RaftStorage.java:format(72)) - Storage directory /workdir/hadoop-ozone/integration-test/target/test-dir/MiniOzoneClusterImpl-95ed0e50-2dca-4589-8b2d-b7f1480a1ca1/datanode-4/data/ratis/b5b8c1c8-0b9f-4c3c-bf94-4b4dc87f36dd has been successfully formatted.
2019-09-02 02:59:13,625 [pool-666-thread-1] INFO  ratis.ContainerStateMachine (ContainerStateMachine.java:loadSnapshot(226)) - group-4B4DC87F36DD: The snapshot info is null. Setting the last applied indexto:(t:0, i:~)
2019-09-02 02:59:13,625 [pool-688-thread-1] INFO  ratis.ContainerStateMachine (ContainerStateMachine.java:loadSnapshot(226)) - group-4B4DC87F36DD: The snapshot info is null. Setting the last applied indexto:(t:0, i:~)
2019-09-02 02:59:13,625 [pool-666-thread-1] INFO  server.RaftServerConfigKeys (ConfUtils.java:logGet(43)) - raft.server.leader.election.timeout = 120s (custom)
2019-09-02 02:59:13,625 [pool-677-thread-1] INFO  ratis.ContainerStateMachine (ContainerStateMachine.java:loadSnapshot(226)) - group-4B4DC87F36DD: The snapshot info is null. Setting the last applied indexto:(t:0, i:~)
2019-09-02 02:59:13,625 [pool-666-thread-1] INFO  server.RaftServerConfigKeys (ConfUtils.java:logGet(43)) - raft.server.log.use.memory = false (default)
2019-09-02 02:59:13,625 [pool-688-thread-1] INFO  server.RaftServerConfigKeys (ConfUtils.java:logGet(43)) - raft.server.leader.election.timeout = 120s (custom)
2019-09-02 02:59:13,626 [pool-666-thread-1] INFO  server.RaftServerConfigKeys (ConfUtils.java:logGet(43)) - raft.server.log.purge.gap = 1000000 (custom)
2019-09-02 02:59:13,626 [pool-677-thread-1] INFO  server.RaftServerConfigKeys (ConfUtils.java:logGet(43)) - raft.server.leader.election.timeout = 120s (custom)
2019-09-02 02:59:13,626 [pool-666-thread-1] INFO  server.RaftServerConfigKeys (ConfUtils.java:logGet(43)) - raft.server.log.appender.buffer.byte-limit = 33554432 (custom)
2019-09-02 02:59:13,626 [pool-688-thread-1] INFO  server.RaftServerConfigKeys (ConfUtils.java:logGet(43)) - raft.server.log.use.memory = false (default)
2019-09-02 02:59:13,626 [pool-666-thread-1] INFO  server.RaftServerConfigKeys (ConfUtils.java:logGet(43)) - raft.server.log.segment.size.max = 1048576 (custom)
2019-09-02 02:59:13,626 [pool-677-thread-1] INFO  server.RaftServerConfigKeys (ConfUtils.java:logGet(43)) - raft.server.log.use.memory = false (default)
2019-09-02 02:59:13,627 [pool-666-thread-1] INFO  server.RaftServerConfigKeys (ConfUtils.java:logGet(43)) - raft.server.log.segment.cache.num.max = 2 (custom)
2019-09-02 02:59:13,626 [pool-688-thread-1] INFO  server.RaftServerConfigKeys (ConfUtils.java:logGet(43)) - raft.server.log.purge.gap = 1000000 (custom)
2019-09-02 02:59:13,627 [pool-666-thread-1] INFO  segmented.SegmentedRaftLogWorker (SegmentedRaftLogWorker.java:<init>(172)) - new 58e57113-ec4e-4e2c-8e08-9b26096286af-SegmentedRaftLogWorker:Storage Directory /workdir/hadoop-ozone/integration-test/target/test-dir/MiniOzoneClusterImpl-95ed0e50-2dca-4589-8b2d-b7f1480a1ca1/datanode-3/data/ratis/b5b8c1c8-0b9f-4c3c-bf94-4b4dc87f36dd for RaftStorage:Storage Directory /workdir/hadoop-ozone/integration-test/target/test-dir/MiniOzoneClusterImpl-95ed0e50-2dca-4589-8b2d-b7f1480a1ca1/datanode-3/data/ratis/b5b8c1c8-0b9f-4c3c-bf94-4b4dc87f36dd
2019-09-02 02:59:13,627 [pool-677-thread-1] INFO  server.RaftServerConfigKeys (ConfUtils.java:logGet(43)) - raft.server.log.purge.gap = 1000000 (custom)
2019-09-02 02:59:13,627 [pool-666-thread-1] INFO  server.RaftServerConfigKeys (ConfUtils.java:logGet(43)) - raft.server.log.queue.byte-limit = 2147483647 (custom)
2019-09-02 02:59:13,627 [pool-666-thread-1] INFO  server.RaftServerConfigKeys (ConfUtils.java:logGet(43)) - raft.server.log.queue.element-limit = 1024 (custom)
2019-09-02 02:59:13,627 [pool-688-thread-1] INFO  server.RaftServerConfigKeys (ConfUtils.java:logGet(43)) - raft.server.log.appender.buffer.byte-limit = 33554432 (custom)
2019-09-02 02:59:13,628 [pool-666-thread-1] INFO  server.RaftServerConfigKeys (ConfUtils.java:logGet(43)) - raft.server.log.segment.size.max = 1048576 (custom)
2019-09-02 02:59:13,627 [pool-677-thread-1] INFO  server.RaftServerConfigKeys (ConfUtils.java:logGet(43)) - raft.server.log.appender.buffer.byte-limit = 33554432 (custom)
2019-09-02 02:59:13,628 [pool-666-thread-1] INFO  server.RaftServerConfigKeys (ConfUtils.java:logGet(43)) - raft.server.log.preallocated.size = 16384 (custom)
2019-09-02 02:59:13,628 [pool-666-thread-1] INFO  server.RaftServerConfigKeys (ConfUtils.java:logGet(43)) - raft.server.log.write.buffer.size = 33554432 (custom)
2019-09-02 02:59:13,628 [pool-688-thread-1] INFO  server.RaftServerConfigKeys (ConfUtils.java:logGet(43)) - raft.server.log.segment.size.max = 1048576 (custom)
2019-09-02 02:59:13,628 [pool-666-thread-1] INFO  server.RaftServerConfigKeys (ConfUtils.java:logGet(43)) - raft.server.log.force.sync.num = 128 (default)
2019-09-02 02:59:13,628 [pool-666-thread-1] INFO  server.RaftServerConfigKeys (ConfUtils.java:logGet(43)) - raft.server.log.statemachine.data.sync = true (default)
2019-09-02 02:59:13,628 [pool-677-thread-1] INFO  server.RaftServerConfigKeys (ConfUtils.java:logGet(43)) - raft.server.log.segment.size.max = 1048576 (custom)
2019-09-02 02:59:13,629 [pool-666-thread-1] INFO  server.RaftServerConfigKeys (ConfUtils.java:logGet(43)) - raft.server.log.statemachine.data.sync.timeout = 10s (default)
2019-09-02 02:59:13,628 [pool-688-thread-1] INFO  server.RaftServerConfigKeys (ConfUtils.java:logGet(43)) - raft.server.log.segment.cache.num.max = 2 (custom)
2019-09-02 02:59:13,629 [pool-666-thread-1] INFO  server.RaftServerConfigKeys (ConfUtils.java:logGet(43)) - raft.server.log.statemachine.data.sync.timeout.retry = -1 (default)
2019-09-02 02:59:13,629 [pool-677-thread-1] INFO  server.RaftServerConfigKeys (ConfUtils.java:logGet(43)) - raft.server.log.segment.cache.num.max = 2 (custom)
2019-09-02 02:59:13,629 [pool-666-thread-1] INFO  server.RaftServerConfigKeys (ConfUtils.java:logGet(43)) - raft.server.log.statemachine.data.caching.enabled = true (custom)
2019-09-02 02:59:13,629 [pool-688-thread-1] INFO  segmented.SegmentedRaftLogWorker (SegmentedRaftLogWorker.java:<init>(172)) - new f5200351-47ce-4212-9670-72e625b80f12-SegmentedRaftLogWorker:Storage Directory /workdir/hadoop-ozone/integration-test/target/test-dir/MiniOzoneClusterImpl-95ed0e50-2dca-4589-8b2d-b7f1480a1ca1/datanode-5/data/ratis/b5b8c1c8-0b9f-4c3c-bf94-4b4dc87f36dd for RaftStorage:Storage Directory /workdir/hadoop-ozone/integration-test/target/test-dir/MiniOzoneClusterImpl-95ed0e50-2dca-4589-8b2d-b7f1480a1ca1/datanode-5/data/ratis/b5b8c1c8-0b9f-4c3c-bf94-4b4dc87f36dd
2019-09-02 02:59:13,629 [pool-677-thread-1] INFO  segmented.SegmentedRaftLogWorker (SegmentedRaftLogWorker.java:<init>(172)) - new 6200eba3-9c3a-4cd5-b165-0febe607b4fe-SegmentedRaftLogWorker:Storage Directory /workdir/hadoop-ozone/integration-test/target/test-dir/MiniOzoneClusterImpl-95ed0e50-2dca-4589-8b2d-b7f1480a1ca1/datanode-4/data/ratis/b5b8c1c8-0b9f-4c3c-bf94-4b4dc87f36dd for RaftStorage:Storage Directory /workdir/hadoop-ozone/integration-test/target/test-dir/MiniOzoneClusterImpl-95ed0e50-2dca-4589-8b2d-b7f1480a1ca1/datanode-4/data/ratis/b5b8c1c8-0b9f-4c3c-bf94-4b4dc87f36dd
2019-09-02 02:59:13,630 [pool-666-thread-1] INFO  segmented.SegmentedRaftLogWorker (SegmentedRaftLogWorker.java:lambda$new$0(132)) - 58e57113-ec4e-4e2c-8e08-9b26096286af-SegmentedRaftLogWorker:Storage Directory /workdir/hadoop-ozone/integration-test/target/test-dir/MiniOzoneClusterImpl-95ed0e50-2dca-4589-8b2d-b7f1480a1ca1/datanode-3/data/ratis/b5b8c1c8-0b9f-4c3c-bf94-4b4dc87f36dd: flushIndex: setUnconditionally 0 -> -1
2019-09-02 02:59:13,630 [pool-688-thread-1] INFO  server.RaftServerConfigKeys (ConfUtils.java:logGet(43)) - raft.server.log.queue.byte-limit = 2147483647 (custom)
2019-09-02 02:59:13,630 [pool-677-thread-1] INFO  server.RaftServerConfigKeys (ConfUtils.java:logGet(43)) - raft.server.log.queue.byte-limit = 2147483647 (custom)
2019-09-02 02:59:13,630 [pool-666-thread-1] INFO  server.RaftServerConfigKeys (ConfUtils.java:logGet(43)) - raft.server.snapshot.auto.trigger.enabled = true (custom)
2019-09-02 02:59:13,630 [pool-688-thread-1] INFO  server.RaftServerConfigKeys (ConfUtils.java:logGet(43)) - raft.server.log.queue.element-limit = 1024 (custom)
2019-09-02 02:59:13,630 [pool-666-thread-1] INFO  server.RaftServerConfigKeys (ConfUtils.java:logGet(43)) - raft.server.snapshot.auto.trigger.threshold = 10000 (custom)
2019-09-02 02:59:13,630 [pool-677-thread-1] INFO  server.RaftServerConfigKeys (ConfUtils.java:logGet(43)) - raft.server.log.queue.element-limit = 1024 (custom)
2019-09-02 02:59:13,631 [pool-666-thread-1] INFO  server.RaftServerConfigKeys (ConfUtils.java:logGet(43)) - raft.server.retrycache.expirytime = 600000ms (custom)
2019-09-02 02:59:13,630 [pool-688-thread-1] INFO  server.RaftServerConfigKeys (ConfUtils.java:logGet(43)) - raft.server.log.segment.size.max = 1048576 (custom)
2019-09-02 02:59:13,631 [pool-666-thread-1] INFO  impl.RaftServerImpl (RaftServerImpl.java:start(180)) - 58e57113-ec4e-4e2c-8e08-9b26096286af: start group-4B4DC87F36DD
2019-09-02 02:59:13,631 [pool-677-thread-1] INFO  server.RaftServerConfigKeys (ConfUtils.java:logGet(43)) - raft.server.log.segment.size.max = 1048576 (custom)
2019-09-02 02:59:13,631 [pool-666-thread-1] INFO  impl.RaftServerImpl (RaftServerImpl.java:setRole(171)) - 58e57113-ec4e-4e2c-8e08-9b26096286af:group-4B4DC87F36DD changes role from null to FOLLOWER at term 0 for startAsFollower
2019-09-02 02:59:13,631 [pool-688-thread-1] INFO  server.RaftServerConfigKeys (ConfUtils.java:logGet(43)) - raft.server.log.preallocated.size = 16384 (custom)
2019-09-02 02:59:13,631 [pool-666-thread-1] INFO  impl.RoleInfo (RoleInfo.java:updateAndGet(143)) - 58e57113-ec4e-4e2c-8e08-9b26096286af: start FollowerState
2019-09-02 02:59:13,631 [pool-677-thread-1] INFO  server.RaftServerConfigKeys (ConfUtils.java:logGet(43)) - raft.server.log.preallocated.size = 16384 (custom)
2019-09-02 02:59:13,632 [pool-677-thread-1] INFO  server.RaftServerConfigKeys (ConfUtils.java:logGet(43)) - raft.server.log.write.buffer.size = 33554432 (custom)
2019-09-02 02:59:13,632 [pool-688-thread-1] INFO  server.RaftServerConfigKeys (ConfUtils.java:logGet(43)) - raft.server.log.write.buffer.size = 33554432 (custom)
2019-09-02 02:59:13,632 [pool-666-thread-1] INFO  util.JmxRegister (JmxRegister.java:tryRegister(44)) - Successfully registered JMX Bean with object name Ratis:service=RaftServer,group=group-4B4DC87F36DD,id=58e57113-ec4e-4e2c-8e08-9b26096286af
2019-09-02 02:59:13,632 [pool-677-thread-1] INFO  server.RaftServerConfigKeys (ConfUtils.java:logGet(43)) - raft.server.log.force.sync.num = 128 (default)
2019-09-02 02:59:13,632 [pool-688-thread-1] INFO  server.RaftServerConfigKeys (ConfUtils.java:logGet(43)) - raft.server.log.force.sync.num = 128 (default)
2019-09-02 02:59:13,632 [pool-677-thread-1] INFO  server.RaftServerConfigKeys (ConfUtils.java:logGet(43)) - raft.server.log.statemachine.data.sync = true (default)
2019-09-02 02:59:13,632 [pool-688-thread-1] INFO  server.RaftServerConfigKeys (ConfUtils.java:logGet(43)) - raft.server.log.statemachine.data.sync = true (default)
2019-09-02 02:59:13,633 [pool-677-thread-1] INFO  server.RaftServerConfigKeys (ConfUtils.java:logGet(43)) - raft.server.log.statemachine.data.sync.timeout = 10s (default)
2019-09-02 02:59:13,633 [pool-688-thread-1] INFO  server.RaftServerConfigKeys (ConfUtils.java:logGet(43)) - raft.server.log.statemachine.data.sync.timeout = 10s (default)
2019-09-02 02:59:13,633 [pool-677-thread-1] INFO  server.RaftServerConfigKeys (ConfUtils.java:logGet(43)) - raft.server.log.statemachine.data.sync.timeout.retry = -1 (default)
2019-09-02 02:59:13,633 [pool-688-thread-1] INFO  server.RaftServerConfigKeys (ConfUtils.java:logGet(43)) - raft.server.log.statemachine.data.sync.timeout.retry = -1 (default)
2019-09-02 02:59:13,633 [pool-677-thread-1] INFO  server.RaftServerConfigKeys (ConfUtils.java:logGet(43)) - raft.server.log.statemachine.data.caching.enabled = true (custom)
2019-09-02 02:59:13,633 [pool-688-thread-1] INFO  server.RaftServerConfigKeys (ConfUtils.java:logGet(43)) - raft.server.log.statemachine.data.caching.enabled = true (custom)
2019-09-02 02:59:13,634 [pool-677-thread-1] INFO  segmented.SegmentedRaftLogWorker (SegmentedRaftLogWorker.java:lambda$new$0(132)) - 6200eba3-9c3a-4cd5-b165-0febe607b4fe-SegmentedRaftLogWorker:Storage Directory /workdir/hadoop-ozone/integration-test/target/test-dir/MiniOzoneClusterImpl-95ed0e50-2dca-4589-8b2d-b7f1480a1ca1/datanode-4/data/ratis/b5b8c1c8-0b9f-4c3c-bf94-4b4dc87f36dd: flushIndex: setUnconditionally 0 -> -1
2019-09-02 02:59:13,634 [pool-688-thread-1] INFO  segmented.SegmentedRaftLogWorker (SegmentedRaftLogWorker.java:lambda$new$0(132)) - f5200351-47ce-4212-9670-72e625b80f12-SegmentedRaftLogWorker:Storage Directory /workdir/hadoop-ozone/integration-test/target/test-dir/MiniOzoneClusterImpl-95ed0e50-2dca-4589-8b2d-b7f1480a1ca1/datanode-5/data/ratis/b5b8c1c8-0b9f-4c3c-bf94-4b4dc87f36dd: flushIndex: setUnconditionally 0 -> -1
2019-09-02 02:59:13,637 [pool-677-thread-1] INFO  server.RaftServerConfigKeys (ConfUtils.java:logGet(43)) - raft.server.snapshot.auto.trigger.enabled = true (custom)
2019-09-02 02:59:13,637 [pool-688-thread-1] INFO  server.RaftServerConfigKeys (ConfUtils.java:logGet(43)) - raft.server.snapshot.auto.trigger.enabled = true (custom)
2019-09-02 02:59:13,637 [pool-677-thread-1] INFO  server.RaftServerConfigKeys (ConfUtils.java:logGet(43)) - raft.server.snapshot.auto.trigger.threshold = 10000 (custom)
2019-09-02 02:59:13,637 [pool-688-thread-1] INFO  server.RaftServerConfigKeys (ConfUtils.java:logGet(43)) - raft.server.snapshot.auto.trigger.threshold = 10000 (custom)
2019-09-02 02:59:13,638 [pool-677-thread-1] INFO  server.RaftServerConfigKeys (ConfUtils.java:logGet(43)) - raft.server.retrycache.expirytime = 600000ms (custom)
2019-09-02 02:59:13,638 [pool-688-thread-1] INFO  server.RaftServerConfigKeys (ConfUtils.java:logGet(43)) - raft.server.retrycache.expirytime = 600000ms (custom)
2019-09-02 02:59:13,638 [pool-677-thread-1] INFO  impl.RaftServerImpl (RaftServerImpl.java:start(180)) - 6200eba3-9c3a-4cd5-b165-0febe607b4fe: start group-4B4DC87F36DD
2019-09-02 02:59:13,638 [pool-688-thread-1] INFO  impl.RaftServerImpl (RaftServerImpl.java:start(180)) - f5200351-47ce-4212-9670-72e625b80f12: start group-4B4DC87F36DD
2019-09-02 02:59:13,638 [pool-688-thread-1] INFO  impl.RaftServerImpl (RaftServerImpl.java:setRole(171)) - f5200351-47ce-4212-9670-72e625b80f12:group-4B4DC87F36DD changes role from null to FOLLOWER at term 0 for startAsFollower
2019-09-02 02:59:13,638 [pool-677-thread-1] INFO  impl.RaftServerImpl (RaftServerImpl.java:setRole(171)) - 6200eba3-9c3a-4cd5-b165-0febe607b4fe:group-4B4DC87F36DD changes role from null to FOLLOWER at term 0 for startAsFollower
2019-09-02 02:59:13,638 [pool-688-thread-1] INFO  impl.RoleInfo (RoleInfo.java:updateAndGet(143)) - f5200351-47ce-4212-9670-72e625b80f12: start FollowerState
2019-09-02 02:59:13,638 [pool-677-thread-1] INFO  impl.RoleInfo (RoleInfo.java:updateAndGet(143)) - 6200eba3-9c3a-4cd5-b165-0febe607b4fe: start FollowerState
2019-09-02 02:59:13,639 [pool-688-thread-1] INFO  util.JmxRegister (JmxRegister.java:tryRegister(44)) - Successfully registered JMX Bean with object name Ratis:service=RaftServer,group=group-4B4DC87F36DD,id=f5200351-47ce-4212-9670-72e625b80f12
2019-09-02 02:59:13,639 [pool-677-thread-1] INFO  util.JmxRegister (JmxRegister.java:tryRegister(44)) - Successfully registered JMX Bean with object name Ratis:service=RaftServer,group=group-4B4DC87F36DD,id=6200eba3-9c3a-4cd5-b165-0febe607b4fe
2019-09-02 02:59:13,646 [RatisPipelineUtilsThread] INFO  pipeline.PipelineStateManager (PipelineStateManager.java:addPipeline(56)) - Created pipeline Pipeline[ Id: b5b8c1c8-0b9f-4c3c-bf94-4b4dc87f36dd, Nodes: f5200351-47ce-4212-9670-72e625b80f12{ip: 192.168.34.6, host: pr-hdds-1569-dhr7x-3740612857, networkLocation: /default-rack, certSerialId: null}58e57113-ec4e-4e2c-8e08-9b26096286af{ip: 192.168.34.6, host: pr-hdds-1569-dhr7x-3740612857, networkLocation: /default-rack, certSerialId: null}6200eba3-9c3a-4cd5-b165-0febe607b4fe{ip: 192.168.34.6, host: pr-hdds-1569-dhr7x-3740612857, networkLocation: /default-rack, certSerialId: null}, Type:RATIS, Factor:THREE, State:OPEN]
2019-09-02 02:59:13,978 [main] INFO  ozone.MiniOzoneClusterImpl (MiniOzoneClusterImpl.java:lambda$waitForClusterToBeReady$0(142)) - Waiting for cluster to be ready. Got 6 of 7 DN Heartbeats.
2019-09-02 02:59:13,979 [IPC Server handler 5 on 34996] INFO  net.NetworkTopology (NetworkTopologyImpl.java:add(110)) - Added a new node: /default-rack/14e62e22-4066-45fc-b669-f81f16730274
2019-09-02 02:59:13,979 [IPC Server handler 5 on 34996] INFO  node.SCMNodeManager (SCMNodeManager.java:register(274)) - Registered Data node : 14e62e22-4066-45fc-b669-f81f16730274{ip: 192.168.34.6, host: pr-hdds-1569-dhr7x-3740612857, networkLocation: /default-rack, certSerialId: null}
2019-09-02 02:59:13,982 | INFO  | SCMAudit | user=jenkins1000 | ip=192.168.34.6 | op=REGISTER {datanodeDetails=14e62e22-4066-45fc-b669-f81f16730274{ip: 192.168.34.6, host: pr-hdds-1569-dhr7x-3740612857, networkLocation: /default-rack, certSerialId: null}} | ret=SUCCESS |  
2019-09-02 02:59:13,988 [grpc-default-executor-6] INFO  impl.RaftServerProxy (RaftServerProxy.java:addNew(89)) - 14e62e22-4066-45fc-b669-f81f16730274: addNew group-206E32A68343:[14e62e22-4066-45fc-b669-f81f16730274:192.168.34.6:45427] returns group-206E32A68343:java.util.concurrent.CompletableFuture@697809e7[Not completed]
2019-09-02 02:59:13,989 [pool-699-thread-1] INFO  impl.RaftServerImpl (RaftServerImpl.java:<init>(93)) - 14e62e22-4066-45fc-b669-f81f16730274: new RaftServerImpl for group-206E32A68343:[14e62e22-4066-45fc-b669-f81f16730274:192.168.34.6:45427] with ContainerStateMachine:uninitialized
2019-09-02 02:59:13,989 [pool-699-thread-1] INFO  server.RaftServerConfigKeys (ConfUtils.java:logGet(43)) - raft.server.rpc.timeout.min = 5s (custom)
2019-09-02 02:59:13,989 [pool-699-thread-1] INFO  server.RaftServerConfigKeys (ConfUtils.java:logGet(43)) - raft.server.rpc.timeout.max = 5200ms (custom)
2019-09-02 02:59:13,989 [pool-699-thread-1] INFO  server.RaftServerConfigKeys (ConfUtils.java:logGet(43)) - raft.server.rpcslowness.timeout = 120s (custom)
2019-09-02 02:59:13,989 [pool-699-thread-1] INFO  server.RaftServerConfigKeys (ConfUtils.java:logGet(43)) - raft.server.sleep.deviation.threshold = 300 (default)
2019-09-02 02:59:13,989 [pool-699-thread-1] INFO  server.RaftServerConfigKeys (ConfUtils.java:logGet(43)) - raft.server.log.appender.install.snapshot.enabled = false (custom)
2019-09-02 02:59:13,989 [pool-699-thread-1] INFO  impl.RaftServerImpl (ServerState.java:<init>(105)) - 14e62e22-4066-45fc-b669-f81f16730274:group-206E32A68343 ConfigurationManager, init=-1: [14e62e22-4066-45fc-b669-f81f16730274:192.168.34.6:45427], old=null, confs=<EMPTY_MAP>
2019-09-02 02:59:13,989 [pool-699-thread-1] INFO  server.RaftServerConfigKeys (ConfUtils.java:logGet(43)) - raft.server.storage.dir = [/workdir/hadoop-ozone/integration-test/target/test-dir/MiniOzoneClusterImpl-95ed0e50-2dca-4589-8b2d-b7f1480a1ca1/datanode-6/data/ratis] (custom)
2019-09-02 02:59:13,990 [pool-699-thread-1] INFO  storage.RaftStorageDirectory (RaftStorageDirectory.java:analyzeStorage(246)) - The storage directory /workdir/hadoop-ozone/integration-test/target/test-dir/MiniOzoneClusterImpl-95ed0e50-2dca-4589-8b2d-b7f1480a1ca1/datanode-6/data/ratis/5907bd7a-f101-45ed-bc94-206e32a68343 does not exist. Creating ...
2019-09-02 02:59:14,005 [pool-699-thread-1] INFO  storage.RaftStorageDirectory (RaftStorageDirectory.java:tryLock(328)) - Lock on /workdir/hadoop-ozone/integration-test/target/test-dir/MiniOzoneClusterImpl-95ed0e50-2dca-4589-8b2d-b7f1480a1ca1/datanode-6/data/ratis/5907bd7a-f101-45ed-bc94-206e32a68343/in_use.lock acquired by nodename 11350@pr-hdds-1569-dhr7x-3740612857
2019-09-02 02:59:14,026 [pool-699-thread-1] INFO  storage.RaftStorage (RaftStorage.java:format(72)) - Storage directory /workdir/hadoop-ozone/integration-test/target/test-dir/MiniOzoneClusterImpl-95ed0e50-2dca-4589-8b2d-b7f1480a1ca1/datanode-6/data/ratis/5907bd7a-f101-45ed-bc94-206e32a68343 has been successfully formatted.
2019-09-02 02:59:14,026 [pool-699-thread-1] INFO  ratis.ContainerStateMachine (ContainerStateMachine.java:loadSnapshot(226)) - group-206E32A68343: The snapshot info is null. Setting the last applied indexto:(t:0, i:~)
2019-09-02 02:59:14,026 [pool-699-thread-1] INFO  server.RaftServerConfigKeys (ConfUtils.java:logGet(43)) - raft.server.leader.election.timeout = 120s (custom)
2019-09-02 02:59:14,026 [pool-699-thread-1] INFO  server.RaftServerConfigKeys (ConfUtils.java:logGet(43)) - raft.server.log.use.memory = false (default)
2019-09-02 02:59:14,026 [pool-699-thread-1] INFO  server.RaftServerConfigKeys (ConfUtils.java:logGet(43)) - raft.server.log.purge.gap = 1000000 (custom)
2019-09-02 02:59:14,026 [pool-699-thread-1] INFO  server.RaftServerConfigKeys (ConfUtils.java:logGet(43)) - raft.server.log.appender.buffer.byte-limit = 33554432 (custom)
2019-09-02 02:59:14,026 [pool-699-thread-1] INFO  server.RaftServerConfigKeys (ConfUtils.java:logGet(43)) - raft.server.log.segment.size.max = 1048576 (custom)
2019-09-02 02:59:14,026 [pool-699-thread-1] INFO  server.RaftServerConfigKeys (ConfUtils.java:logGet(43)) - raft.server.log.segment.cache.num.max = 2 (custom)
2019-09-02 02:59:14,027 [pool-699-thread-1] INFO  segmented.SegmentedRaftLogWorker (SegmentedRaftLogWorker.java:<init>(172)) - new 14e62e22-4066-45fc-b669-f81f16730274-SegmentedRaftLogWorker:Storage Directory /workdir/hadoop-ozone/integration-test/target/test-dir/MiniOzoneClusterImpl-95ed0e50-2dca-4589-8b2d-b7f1480a1ca1/datanode-6/data/ratis/5907bd7a-f101-45ed-bc94-206e32a68343 for RaftStorage:Storage Directory /workdir/hadoop-ozone/integration-test/target/test-dir/MiniOzoneClusterImpl-95ed0e50-2dca-4589-8b2d-b7f1480a1ca1/datanode-6/data/ratis/5907bd7a-f101-45ed-bc94-206e32a68343
2019-09-02 02:59:14,027 [pool-699-thread-1] INFO  server.RaftServerConfigKeys (ConfUtils.java:logGet(43)) - raft.server.log.queue.byte-limit = 2147483647 (custom)
2019-09-02 02:59:14,027 [pool-699-thread-1] INFO  server.RaftServerConfigKeys (ConfUtils.java:logGet(43)) - raft.server.log.queue.element-limit = 1024 (custom)
2019-09-02 02:59:14,027 [pool-699-thread-1] INFO  server.RaftServerConfigKeys (ConfUtils.java:logGet(43)) - raft.server.log.segment.size.max = 1048576 (custom)
2019-09-02 02:59:14,027 [pool-699-thread-1] INFO  server.RaftServerConfigKeys (ConfUtils.java:logGet(43)) - raft.server.log.preallocated.size = 16384 (custom)
2019-09-02 02:59:14,027 [pool-699-thread-1] INFO  server.RaftServerConfigKeys (ConfUtils.java:logGet(43)) - raft.server.log.write.buffer.size = 33554432 (custom)
2019-09-02 02:59:14,027 [pool-699-thread-1] INFO  server.RaftServerConfigKeys (ConfUtils.java:logGet(43)) - raft.server.log.force.sync.num = 128 (default)
2019-09-02 02:59:14,027 [pool-699-thread-1] INFO  server.RaftServerConfigKeys (ConfUtils.java:logGet(43)) - raft.server.log.statemachine.data.sync = true (default)
2019-09-02 02:59:14,027 [pool-699-thread-1] INFO  server.RaftServerConfigKeys (ConfUtils.java:logGet(43)) - raft.server.log.statemachine.data.sync.timeout = 10s (default)
2019-09-02 02:59:14,027 [pool-699-thread-1] INFO  server.RaftServerConfigKeys (ConfUtils.java:logGet(43)) - raft.server.log.statemachine.data.sync.timeout.retry = -1 (default)
2019-09-02 02:59:14,028 [pool-699-thread-1] INFO  server.RaftServerConfigKeys (ConfUtils.java:logGet(43)) - raft.server.log.statemachine.data.caching.enabled = true (custom)
2019-09-02 02:59:14,028 [pool-699-thread-1] INFO  segmented.SegmentedRaftLogWorker (SegmentedRaftLogWorker.java:lambda$new$0(132)) - 14e62e22-4066-45fc-b669-f81f16730274-SegmentedRaftLogWorker:Storage Directory /workdir/hadoop-ozone/integration-test/target/test-dir/MiniOzoneClusterImpl-95ed0e50-2dca-4589-8b2d-b7f1480a1ca1/datanode-6/data/ratis/5907bd7a-f101-45ed-bc94-206e32a68343: flushIndex: setUnconditionally 0 -> -1
2019-09-02 02:59:14,028 [pool-699-thread-1] INFO  server.RaftServerConfigKeys (ConfUtils.java:logGet(43)) - raft.server.snapshot.auto.trigger.enabled = true (custom)
2019-09-02 02:59:14,028 [pool-699-thread-1] INFO  server.RaftServerConfigKeys (ConfUtils.java:logGet(43)) - raft.server.snapshot.auto.trigger.threshold = 10000 (custom)
2019-09-02 02:59:14,028 [pool-699-thread-1] INFO  server.RaftServerConfigKeys (ConfUtils.java:logGet(43)) - raft.server.retrycache.expirytime = 600000ms (custom)
2019-09-02 02:59:14,028 [pool-699-thread-1] INFO  impl.RaftServerImpl (RaftServerImpl.java:start(180)) - 14e62e22-4066-45fc-b669-f81f16730274: start group-206E32A68343
2019-09-02 02:59:14,029 [pool-699-thread-1] INFO  impl.RaftServerImpl (RaftServerImpl.java:setRole(171)) - 14e62e22-4066-45fc-b669-f81f16730274:group-206E32A68343 changes role from null to FOLLOWER at term 0 for startAsFollower
2019-09-02 02:59:14,029 [pool-699-thread-1] INFO  impl.RoleInfo (RoleInfo.java:updateAndGet(143)) - 14e62e22-4066-45fc-b669-f81f16730274: start FollowerState
2019-09-02 02:59:14,029 [pool-699-thread-1] INFO  util.JmxRegister (JmxRegister.java:tryRegister(44)) - Successfully registered JMX Bean with object name Ratis:service=RaftServer,group=group-206E32A68343,id=14e62e22-4066-45fc-b669-f81f16730274
2019-09-02 02:59:14,033 [RatisPipelineUtilsThread] INFO  pipeline.PipelineStateManager (PipelineStateManager.java:addPipeline(56)) - Created pipeline Pipeline[ Id: 5907bd7a-f101-45ed-bc94-206e32a68343, Nodes: 14e62e22-4066-45fc-b669-f81f16730274{ip: 192.168.34.6, host: pr-hdds-1569-dhr7x-3740612857, networkLocation: /default-rack, certSerialId: null}, Type:RATIS, Factor:ONE, State:OPEN]
2019-09-02 02:59:14,652 | INFO  | SCMAudit | user=jenkins1000 | ip=192.168.34.6 | op=SEND_HEARTBEAT {datanodeUUID=50da3d7a-a47f-41c7-ad75-11072bd7a70e, command=[]} | ret=SUCCESS |  
2019-09-02 02:59:14,876 | INFO  | SCMAudit | user=jenkins1000 | ip=192.168.34.6 | op=SEND_HEARTBEAT {datanodeUUID=881b483d-3350-4cb0-9dfa-0b51e2558016, command=[]} | ret=SUCCESS |  
2019-09-02 02:59:14,982 [main] INFO  ozone.MiniOzoneClusterImpl (MiniOzoneClusterImpl.java:lambda$waitForClusterToBeReady$0(142)) - Cluster is ready. Got 7 of 7 DN Heartbeats.
2019-09-02 02:59:15,018 [main] INFO  rpc.RpcClient (RpcClient.java:createVolume(293)) - Creating Volume: testblockoutputstream, with jenkins1000 as owner.
2019-09-02 02:59:15,021 | INFO  | OMAudit | user=jenkins1000 | ip=127.0.0.1 | op=CREATE_VOLUME {admin=jenkins1000, owner=jenkins1000, volume=testblockoutputstream, creationTime=1567393155020, quotaInBytes=1152921504606846976} | ret=SUCCESS |  
2019-09-02 02:59:15,032 | INFO  | OMAudit | user=jenkins1000 | ip=127.0.0.1 | op=READ_VOLUME {volume=testblockoutputstream} | ret=SUCCESS |  
2019-09-02 02:59:15,033 [main] INFO  rpc.RpcClient (RpcClient.java:createBucket(432)) - Creating Bucket: testblockoutputstream/testblockoutputstream, with Versioning false and Storage Type set to DISK and Encryption set to false 
2019-09-02 02:59:15,036 | INFO  | OMAudit | user=jenkins1000 | ip=127.0.0.1 | op=CREATE_BUCKET {volume=testblockoutputstream, bucket=testblockoutputstream, acls=[user:jenkins1000:a[ACCESS], group:default:a[ACCESS]], isVersionEnabled=false, storageType=DISK, creationTime=0} | ret=SUCCESS |  
2019-09-02 02:59:15,037 | INFO  | OMAudit | user=jenkins1000 | ip=127.0.0.1 | op=READ_VOLUME {volume=testblockoutputstream} | ret=SUCCESS |  
2019-09-02 02:59:15,039 | INFO  | OMAudit | user=jenkins1000 | ip=127.0.0.1 | op=READ_BUCKET {volume=testblockoutputstream, bucket=testblockoutputstream} | ret=SUCCESS |  
2019-09-02 02:59:15,042 | INFO  | SCMAudit | user=jenkins1000 | ip=192.168.34.6 | op=ALLOCATE_BLOCK {owner=aa25b97b-a0c6-4c70-a548-f368377cf9ac, size=800, type=RATIS, factor=THREE} | ret=SUCCESS |  
2019-09-02 02:59:15,045 | INFO  | OMAudit | user=jenkins1000 | ip=127.0.0.1 | op=ALLOCATE_KEY {volume=testblockoutputstream, bucket=testblockoutputstream, key=e902d09a-cd0b-41be-ac7c-3847f64f7442, dataSize=0, replicationType=RATIS, replicationFactor=THREE, keyLocationInfo=null} | ret=SUCCESS |  
2019-09-02 02:59:15,056 [grpc-default-executor-6] INFO  client.GrpcClientProtocolClient (GrpcClientProtocolClient.java:onNext(255)) - client-904A9FC23EFB->9222fa3a-6d54-4d5e-ab04-cee29767e203: receive RaftClientReply:client-904A9FC23EFB->9222fa3a-6d54-4d5e-ab04-cee29767e203@group-D9FA4A56B95D, cid=229, FAILED org.apache.ratis.protocol.NotLeaderException: Server 9222fa3a-6d54-4d5e-ab04-cee29767e203 is not the leader (null). Request must be sent to leader., logIndex=0, commits[9222fa3a-6d54-4d5e-ab04-cee29767e203:c-1]
2019-09-02 02:59:15,065 | INFO  | SCMAudit | user=jenkins1000 | ip=192.168.34.6 | op=SEND_HEARTBEAT {datanodeUUID=9222fa3a-6d54-4d5e-ab04-cee29767e203, command=[]} | ret=SUCCESS |  
2019-09-02 02:59:15,227 | INFO  | SCMAudit | user=jenkins1000 | ip=192.168.34.6 | op=SEND_HEARTBEAT {datanodeUUID=58e57113-ec4e-4e2c-8e08-9b26096286af, command=[]} | ret=SUCCESS |  
2019-09-02 02:59:15,381 | INFO  | SCMAudit | user=jenkins1000 | ip=192.168.34.6 | op=SEND_HEARTBEAT {datanodeUUID=6200eba3-9c3a-4cd5-b165-0febe607b4fe, command=[]} | ret=SUCCESS |  
2019-09-02 02:59:15,540 | INFO  | SCMAudit | user=jenkins1000 | ip=192.168.34.6 | op=SEND_HEARTBEAT {datanodeUUID=f5200351-47ce-4212-9670-72e625b80f12, command=[]} | ret=SUCCESS |  
2019-09-02 02:59:15,651 | INFO  | SCMAudit | user=jenkins1000 | ip=192.168.34.6 | op=SEND_HEARTBEAT {datanodeUUID=50da3d7a-a47f-41c7-ad75-11072bd7a70e, command=[]} | ret=SUCCESS |  
2019-09-02 02:59:15,666 [Thread-4314] INFO  container.ReplicationManager (ReplicationManager.java:start(152)) - Starting Replication Monitor Thread.
2019-09-02 02:59:15,669 [ReplicationMonitor] INFO  container.ReplicationManager (ReplicationManager.java:run(215)) - Replication Monitor Thread took 0 milliseconds for processing 1 containers.
2019-09-02 02:59:15,876 | INFO  | SCMAudit | user=jenkins1000 | ip=192.168.34.6 | op=SEND_HEARTBEAT {datanodeUUID=881b483d-3350-4cb0-9dfa-0b51e2558016, command=[]} | ret=SUCCESS |  
2019-09-02 02:59:15,978 | INFO  | SCMAudit | user=jenkins1000 | ip=192.168.34.6 | op=SEND_HEARTBEAT {datanodeUUID=14e62e22-4066-45fc-b669-f81f16730274, command=[]} | ret=SUCCESS |  
2019-09-02 02:59:16,066 | INFO  | SCMAudit | user=jenkins1000 | ip=192.168.34.6 | op=SEND_HEARTBEAT {datanodeUUID=9222fa3a-6d54-4d5e-ab04-cee29767e203, command=[]} | ret=SUCCESS |  
2019-09-02 02:59:16,069 [grpc-default-executor-0] INFO  client.GrpcClientProtocolClient (GrpcClientProtocolClient.java:onNext(255)) - client-904A9FC23EFB->881b483d-3350-4cb0-9dfa-0b51e2558016: receive RaftClientReply:client-904A9FC23EFB->881b483d-3350-4cb0-9dfa-0b51e2558016@group-D9FA4A56B95D, cid=229, FAILED org.apache.ratis.protocol.NotLeaderException: Server 881b483d-3350-4cb0-9dfa-0b51e2558016 is not the leader (null). Request must be sent to leader., logIndex=0, commits[881b483d-3350-4cb0-9dfa-0b51e2558016:c-1]
2019-09-02 02:59:16,227 | INFO  | SCMAudit | user=jenkins1000 | ip=192.168.34.6 | op=SEND_HEARTBEAT {datanodeUUID=58e57113-ec4e-4e2c-8e08-9b26096286af, command=[]} | ret=SUCCESS |  
2019-09-02 02:59:16,381 | INFO  | SCMAudit | user=jenkins1000 | ip=192.168.34.6 | op=SEND_HEARTBEAT {datanodeUUID=6200eba3-9c3a-4cd5-b165-0febe607b4fe, command=[]} | ret=SUCCESS |  
2019-09-02 02:59:16,540 | INFO  | SCMAudit | user=jenkins1000 | ip=192.168.34.6 | op=SEND_HEARTBEAT {datanodeUUID=f5200351-47ce-4212-9670-72e625b80f12, command=[]} | ret=SUCCESS |  
2019-09-02 02:59:16,651 | INFO  | SCMAudit | user=jenkins1000 | ip=192.168.34.6 | op=SEND_HEARTBEAT {datanodeUUID=50da3d7a-a47f-41c7-ad75-11072bd7a70e, command=[]} | ret=SUCCESS |  
2019-09-02 02:59:16,876 | INFO  | SCMAudit | user=jenkins1000 | ip=192.168.34.6 | op=SEND_HEARTBEAT {datanodeUUID=881b483d-3350-4cb0-9dfa-0b51e2558016, command=[]} | ret=SUCCESS |  
2019-09-02 02:59:16,978 | INFO  | SCMAudit | user=jenkins1000 | ip=192.168.34.6 | op=SEND_HEARTBEAT {datanodeUUID=14e62e22-4066-45fc-b669-f81f16730274, command=[]} | ret=SUCCESS |  
2019-09-02 02:59:17,064 | INFO  | SCMAudit | user=jenkins1000 | ip=192.168.34.6 | op=SEND_HEARTBEAT {datanodeUUID=9222fa3a-6d54-4d5e-ab04-cee29767e203, command=[]} | ret=SUCCESS |  
2019-09-02 02:59:17,079 [grpc-default-executor-6] INFO  client.GrpcClientProtocolClient (GrpcClientProtocolClient.java:onNext(255)) - client-904A9FC23EFB->50da3d7a-a47f-41c7-ad75-11072bd7a70e: receive RaftClientReply:client-904A9FC23EFB->50da3d7a-a47f-41c7-ad75-11072bd7a70e@group-D9FA4A56B95D, cid=229, FAILED org.apache.ratis.protocol.NotLeaderException: Server 50da3d7a-a47f-41c7-ad75-11072bd7a70e is not the leader (null). Request must be sent to leader., logIndex=0, commits[50da3d7a-a47f-41c7-ad75-11072bd7a70e:c-1]
2019-09-02 02:59:17,227 | INFO  | SCMAudit | user=jenkins1000 | ip=192.168.34.6 | op=SEND_HEARTBEAT {datanodeUUID=58e57113-ec4e-4e2c-8e08-9b26096286af, command=[]} | ret=SUCCESS |  
2019-09-02 02:59:17,382 | INFO  | SCMAudit | user=jenkins1000 | ip=192.168.34.6 | op=SEND_HEARTBEAT {datanodeUUID=6200eba3-9c3a-4cd5-b165-0febe607b4fe, command=[]} | ret=SUCCESS |  
2019-09-02 02:59:17,541 | INFO  | SCMAudit | user=jenkins1000 | ip=192.168.34.6 | op=SEND_HEARTBEAT {datanodeUUID=f5200351-47ce-4212-9670-72e625b80f12, command=[]} | ret=SUCCESS |  
2019-09-02 02:59:17,651 | INFO  | SCMAudit | user=jenkins1000 | ip=192.168.34.6 | op=SEND_HEARTBEAT {datanodeUUID=50da3d7a-a47f-41c7-ad75-11072bd7a70e, command=[]} | ret=SUCCESS |  
2019-09-02 02:59:17,877 | INFO  | SCMAudit | user=jenkins1000 | ip=192.168.34.6 | op=SEND_HEARTBEAT {datanodeUUID=881b483d-3350-4cb0-9dfa-0b51e2558016, command=[]} | ret=SUCCESS |  
2019-09-02 02:59:17,906 [Thread-4316] INFO  impl.FollowerState (FollowerState.java:run(106)) - 50da3d7a-a47f-41c7-ad75-11072bd7a70e:group-59509B4705CA changes to CANDIDATE, lastRpcTime:5199, electionTimeout:5199ms
2019-09-02 02:59:17,906 [Thread-4316] INFO  impl.RoleInfo (RoleInfo.java:shutdownFollowerState(121)) - 50da3d7a-a47f-41c7-ad75-11072bd7a70e: shutdown FollowerState
2019-09-02 02:59:17,906 [Thread-4316] INFO  impl.RaftServerImpl (RaftServerImpl.java:setRole(171)) - 50da3d7a-a47f-41c7-ad75-11072bd7a70e:group-59509B4705CA changes role from FOLLOWER to CANDIDATE at term 0 for changeToCandidate
2019-09-02 02:59:17,906 [Thread-4316] INFO  impl.RoleInfo (RoleInfo.java:updateAndGet(143)) - 50da3d7a-a47f-41c7-ad75-11072bd7a70e: start LeaderElection
2019-09-02 02:59:17,930 [50da3d7a-a47f-41c7-ad75-11072bd7a70e:group-59509B4705CA:LeaderElection76] INFO  impl.LeaderElection (LeaderElection.java:askForVotes(181)) - 50da3d7a-a47f-41c7-ad75-11072bd7a70e:group-59509B4705CA:LeaderElection76: begin an election at term 1 for -1: [50da3d7a-a47f-41c7-ad75-11072bd7a70e:192.168.34.6:40957], old=null
2019-09-02 02:59:17,930 [50da3d7a-a47f-41c7-ad75-11072bd7a70e:group-59509B4705CA:LeaderElection76] INFO  impl.RoleInfo (RoleInfo.java:shutdownLeaderElection(134)) - 50da3d7a-a47f-41c7-ad75-11072bd7a70e: shutdown LeaderElection
2019-09-02 02:59:17,930 [50da3d7a-a47f-41c7-ad75-11072bd7a70e:group-59509B4705CA:LeaderElection76] INFO  impl.RaftServerImpl (RaftServerImpl.java:setRole(171)) - 50da3d7a-a47f-41c7-ad75-11072bd7a70e:group-59509B4705CA changes role from CANDIDATE to LEADER at term 1 for changeToLeader
2019-09-02 02:59:17,930 [50da3d7a-a47f-41c7-ad75-11072bd7a70e:group-59509B4705CA:LeaderElection76] INFO  impl.RaftServerImpl (ServerState.java:setLeader(263)) - 50da3d7a-a47f-41c7-ad75-11072bd7a70e:group-59509B4705CA change Leader from null to 50da3d7a-a47f-41c7-ad75-11072bd7a70e at term 1 for becomeLeader, leader elected after 5228ms
2019-09-02 02:59:17,930 [50da3d7a-a47f-41c7-ad75-11072bd7a70e:group-59509B4705CA:LeaderElection76] INFO  server.RaftServerConfigKeys (ConfUtils.java:logGet(43)) - raft.server.staging.catchup.gap = 1000 (default)
2019-09-02 02:59:17,931 [50da3d7a-a47f-41c7-ad75-11072bd7a70e:group-59509B4705CA:LeaderElection76] INFO  server.RaftServerConfigKeys (ConfUtils.java:logGet(43)) - raft.server.rpc.sleep.time = 25ms (default)
2019-09-02 02:59:17,931 [50da3d7a-a47f-41c7-ad75-11072bd7a70e:group-59509B4705CA:LeaderElection76] INFO  server.RaftServerConfigKeys (ConfUtils.java:logGet(43)) - raft.server.write.element-limit = 4096 (default)
2019-09-02 02:59:17,931 [50da3d7a-a47f-41c7-ad75-11072bd7a70e:group-59509B4705CA:LeaderElection76] INFO  server.RaftServerConfigKeys (ConfUtils.java:logGet(43)) - raft.server.watch.timeout = 10s (default)
2019-09-02 02:59:17,931 [50da3d7a-a47f-41c7-ad75-11072bd7a70e:group-59509B4705CA:LeaderElection76] INFO  server.RaftServerConfigKeys (ConfUtils.java:logGet(43)) - raft.server.watch.timeout.denomination = 1s (default)
2019-09-02 02:59:17,931 [50da3d7a-a47f-41c7-ad75-11072bd7a70e:group-59509B4705CA:LeaderElection76] INFO  server.RaftServerConfigKeys (ConfUtils.java:logGet(43)) - raft.server.watch.element-limit = 65536 (default)
2019-09-02 02:59:17,931 [50da3d7a-a47f-41c7-ad75-11072bd7a70e:group-59509B4705CA:LeaderElection76] INFO  impl.RoleInfo (RoleInfo.java:updateAndGet(143)) - 50da3d7a-a47f-41c7-ad75-11072bd7a70e: start LeaderState
2019-09-02 02:59:17,932 [50da3d7a-a47f-41c7-ad75-11072bd7a70e:group-59509B4705CA:LeaderElection76] INFO  segmented.SegmentedRaftLogWorker (SegmentedRaftLogWorker.java:startLogSegment(380)) - 50da3d7a-a47f-41c7-ad75-11072bd7a70e-SegmentedRaftLogWorker:Storage Directory /workdir/hadoop-ozone/integration-test/target/test-dir/MiniOzoneClusterImpl-95ed0e50-2dca-4589-8b2d-b7f1480a1ca1/datanode-0/data/ratis/d9e18165-0d94-4bf6-90b5-59509b4705ca: Starting segment from index:0
2019-09-02 02:59:17,932 [50da3d7a-a47f-41c7-ad75-11072bd7a70e:group-59509B4705CA:LeaderElection76] INFO  impl.RaftServerImpl (ServerState.java:setRaftConf(361)) - 50da3d7a-a47f-41c7-ad75-11072bd7a70e:group-59509B4705CA set configuration 0: [50da3d7a-a47f-41c7-ad75-11072bd7a70e:192.168.34.6:40957], old=null at 0
2019-09-02 02:59:17,979 | INFO  | SCMAudit | user=jenkins1000 | ip=192.168.34.6 | op=SEND_HEARTBEAT {datanodeUUID=14e62e22-4066-45fc-b669-f81f16730274, command=[]} | ret=SUCCESS |  
2019-09-02 02:59:17,983 [50da3d7a-a47f-41c7-ad75-11072bd7a70e-SegmentedRaftLogWorker:Storage Directory /workdir/hadoop-ozone/integration-test/target/test-dir/MiniOzoneClusterImpl-95ed0e50-2dca-4589-8b2d-b7f1480a1ca1/datanode-0/data/ratis/d9e18165-0d94-4bf6-90b5-59509b4705ca] INFO  segmented.SegmentedRaftLogWorker (SegmentedRaftLogWorker.java:execute(569)) - 50da3d7a-a47f-41c7-ad75-11072bd7a70e-SegmentedRaftLogWorker:Storage Directory /workdir/hadoop-ozone/integration-test/target/test-dir/MiniOzoneClusterImpl-95ed0e50-2dca-4589-8b2d-b7f1480a1ca1/datanode-0/data/ratis/d9e18165-0d94-4bf6-90b5-59509b4705ca: created new log segment /workdir/hadoop-ozone/integration-test/target/test-dir/MiniOzoneClusterImpl-95ed0e50-2dca-4589-8b2d-b7f1480a1ca1/datanode-0/data/ratis/d9e18165-0d94-4bf6-90b5-59509b4705ca/current/log_inprogress_0
2019-09-02 02:59:18,026 [Thread-4319] INFO  impl.FollowerState (FollowerState.java:run(106)) - 881b483d-3350-4cb0-9dfa-0b51e2558016:group-6988F78573DB changes to CANDIDATE, lastRpcTime:5098, electionTimeout:5098ms
2019-09-02 02:59:18,026 [Thread-4319] INFO  impl.RoleInfo (RoleInfo.java:shutdownFollowerState(121)) - 881b483d-3350-4cb0-9dfa-0b51e2558016: shutdown FollowerState
2019-09-02 02:59:18,026 [Thread-4319] INFO  impl.RaftServerImpl (RaftServerImpl.java:setRole(171)) - 881b483d-3350-4cb0-9dfa-0b51e2558016:group-6988F78573DB changes role from FOLLOWER to CANDIDATE at term 0 for changeToCandidate
2019-09-02 02:59:18,027 [Thread-4319] INFO  impl.RoleInfo (RoleInfo.java:updateAndGet(143)) - 881b483d-3350-4cb0-9dfa-0b51e2558016: start LeaderElection
2019-09-02 02:59:18,047 [881b483d-3350-4cb0-9dfa-0b51e2558016:group-6988F78573DB:LeaderElection77] INFO  impl.LeaderElection (LeaderElection.java:askForVotes(181)) - 881b483d-3350-4cb0-9dfa-0b51e2558016:group-6988F78573DB:LeaderElection77: begin an election at term 1 for -1: [881b483d-3350-4cb0-9dfa-0b51e2558016:192.168.34.6:41319], old=null
2019-09-02 02:59:18,048 [881b483d-3350-4cb0-9dfa-0b51e2558016:group-6988F78573DB:LeaderElection77] INFO  impl.RoleInfo (RoleInfo.java:shutdownLeaderElection(134)) - 881b483d-3350-4cb0-9dfa-0b51e2558016: shutdown LeaderElection
2019-09-02 02:59:18,048 [881b483d-3350-4cb0-9dfa-0b51e2558016:group-6988F78573DB:LeaderElection77] INFO  impl.RaftServerImpl (RaftServerImpl.java:setRole(171)) - 881b483d-3350-4cb0-9dfa-0b51e2558016:group-6988F78573DB changes role from CANDIDATE to LEADER at term 1 for changeToLeader
2019-09-02 02:59:18,048 [881b483d-3350-4cb0-9dfa-0b51e2558016:group-6988F78573DB:LeaderElection77] INFO  impl.RaftServerImpl (ServerState.java:setLeader(263)) - 881b483d-3350-4cb0-9dfa-0b51e2558016:group-6988F78573DB change Leader from null to 881b483d-3350-4cb0-9dfa-0b51e2558016 at term 1 for becomeLeader, leader elected after 5123ms
2019-09-02 02:59:18,048 [881b483d-3350-4cb0-9dfa-0b51e2558016:group-6988F78573DB:LeaderElection77] INFO  server.RaftServerConfigKeys (ConfUtils.java:logGet(43)) - raft.server.staging.catchup.gap = 1000 (default)
2019-09-02 02:59:18,048 [881b483d-3350-4cb0-9dfa-0b51e2558016:group-6988F78573DB:LeaderElection77] INFO  server.RaftServerConfigKeys (ConfUtils.java:logGet(43)) - raft.server.rpc.sleep.time = 25ms (default)
2019-09-02 02:59:18,048 [881b483d-3350-4cb0-9dfa-0b51e2558016:group-6988F78573DB:LeaderElection77] INFO  server.RaftServerConfigKeys (ConfUtils.java:logGet(43)) - raft.server.write.element-limit = 4096 (default)
2019-09-02 02:59:18,048 [881b483d-3350-4cb0-9dfa-0b51e2558016:group-6988F78573DB:LeaderElection77] INFO  server.RaftServerConfigKeys (ConfUtils.java:logGet(43)) - raft.server.watch.timeout = 10s (default)
2019-09-02 02:59:18,049 [881b483d-3350-4cb0-9dfa-0b51e2558016:group-6988F78573DB:LeaderElection77] INFO  server.RaftServerConfigKeys (ConfUtils.java:logGet(43)) - raft.server.watch.timeout.denomination = 1s (default)
2019-09-02 02:59:18,049 [881b483d-3350-4cb0-9dfa-0b51e2558016:group-6988F78573DB:LeaderElection77] INFO  server.RaftServerConfigKeys (ConfUtils.java:logGet(43)) - raft.server.watch.element-limit = 65536 (default)
2019-09-02 02:59:18,049 [881b483d-3350-4cb0-9dfa-0b51e2558016:group-6988F78573DB:LeaderElection77] INFO  impl.RoleInfo (RoleInfo.java:updateAndGet(143)) - 881b483d-3350-4cb0-9dfa-0b51e2558016: start LeaderState
2019-09-02 02:59:18,049 [881b483d-3350-4cb0-9dfa-0b51e2558016:group-6988F78573DB:LeaderElection77] INFO  segmented.SegmentedRaftLogWorker (SegmentedRaftLogWorker.java:startLogSegment(380)) - 881b483d-3350-4cb0-9dfa-0b51e2558016-SegmentedRaftLogWorker:Storage Directory /workdir/hadoop-ozone/integration-test/target/test-dir/MiniOzoneClusterImpl-95ed0e50-2dca-4589-8b2d-b7f1480a1ca1/datanode-1/data/ratis/7b21dcc8-2077-4acc-9076-6988f78573db: Starting segment from index:0
2019-09-02 02:59:18,050 [881b483d-3350-4cb0-9dfa-0b51e2558016:group-6988F78573DB:LeaderElection77] INFO  impl.RaftServerImpl (ServerState.java:setRaftConf(361)) - 881b483d-3350-4cb0-9dfa-0b51e2558016:group-6988F78573DB set configuration 0: [881b483d-3350-4cb0-9dfa-0b51e2558016:192.168.34.6:41319], old=null at 0
2019-09-02 02:59:18,065 | INFO  | SCMAudit | user=jenkins1000 | ip=192.168.34.6 | op=SEND_HEARTBEAT {datanodeUUID=9222fa3a-6d54-4d5e-ab04-cee29767e203, command=[]} | ret=SUCCESS |  
2019-09-02 02:59:18,091 [grpc-default-executor-6] INFO  client.GrpcClientProtocolClient (GrpcClientProtocolClient.java:onNext(255)) - client-904A9FC23EFB->9222fa3a-6d54-4d5e-ab04-cee29767e203: receive RaftClientReply:client-904A9FC23EFB->9222fa3a-6d54-4d5e-ab04-cee29767e203@group-D9FA4A56B95D, cid=229, FAILED org.apache.ratis.protocol.NotLeaderException: Server 9222fa3a-6d54-4d5e-ab04-cee29767e203 is not the leader (null). Request must be sent to leader., logIndex=0, commits[9222fa3a-6d54-4d5e-ab04-cee29767e203:c-1]
2019-09-02 02:59:18,094 [881b483d-3350-4cb0-9dfa-0b51e2558016-SegmentedRaftLogWorker:Storage Directory /workdir/hadoop-ozone/integration-test/target/test-dir/MiniOzoneClusterImpl-95ed0e50-2dca-4589-8b2d-b7f1480a1ca1/datanode-1/data/ratis/7b21dcc8-2077-4acc-9076-6988f78573db] INFO  segmented.SegmentedRaftLogWorker (SegmentedRaftLogWorker.java:execute(569)) - 881b483d-3350-4cb0-9dfa-0b51e2558016-SegmentedRaftLogWorker:Storage Directory /workdir/hadoop-ozone/integration-test/target/test-dir/MiniOzoneClusterImpl-95ed0e50-2dca-4589-8b2d-b7f1480a1ca1/datanode-1/data/ratis/7b21dcc8-2077-4acc-9076-6988f78573db: created new log segment /workdir/hadoop-ozone/integration-test/target/test-dir/MiniOzoneClusterImpl-95ed0e50-2dca-4589-8b2d-b7f1480a1ca1/datanode-1/data/ratis/7b21dcc8-2077-4acc-9076-6988f78573db/current/log_inprogress_0
2019-09-02 02:59:18,115 [Thread-4325] INFO  impl.FollowerState (FollowerState.java:run(106)) - 9222fa3a-6d54-4d5e-ab04-cee29767e203:group-34F340EA56E5 changes to CANDIDATE, lastRpcTime:5009, electionTimeout:5009ms
2019-09-02 02:59:18,115 [Thread-4325] INFO  impl.RoleInfo (RoleInfo.java:shutdownFollowerState(121)) - 9222fa3a-6d54-4d5e-ab04-cee29767e203: shutdown FollowerState
2019-09-02 02:59:18,115 [Thread-4325] INFO  impl.RaftServerImpl (RaftServerImpl.java:setRole(171)) - 9222fa3a-6d54-4d5e-ab04-cee29767e203:group-34F340EA56E5 changes role from FOLLOWER to CANDIDATE at term 0 for changeToCandidate
2019-09-02 02:59:18,115 [Thread-4325] INFO  impl.RoleInfo (RoleInfo.java:updateAndGet(143)) - 9222fa3a-6d54-4d5e-ab04-cee29767e203: start LeaderElection
2019-09-02 02:59:18,139 [9222fa3a-6d54-4d5e-ab04-cee29767e203:group-34F340EA56E5:LeaderElection78] INFO  impl.LeaderElection (LeaderElection.java:askForVotes(181)) - 9222fa3a-6d54-4d5e-ab04-cee29767e203:group-34F340EA56E5:LeaderElection78: begin an election at term 1 for -1: [9222fa3a-6d54-4d5e-ab04-cee29767e203:192.168.34.6:33458], old=null
2019-09-02 02:59:18,140 [9222fa3a-6d54-4d5e-ab04-cee29767e203:group-34F340EA56E5:LeaderElection78] INFO  impl.RoleInfo (RoleInfo.java:shutdownLeaderElection(134)) - 9222fa3a-6d54-4d5e-ab04-cee29767e203: shutdown LeaderElection
2019-09-02 02:59:18,140 [9222fa3a-6d54-4d5e-ab04-cee29767e203:group-34F340EA56E5:LeaderElection78] INFO  impl.RaftServerImpl (RaftServerImpl.java:setRole(171)) - 9222fa3a-6d54-4d5e-ab04-cee29767e203:group-34F340EA56E5 changes role from CANDIDATE to LEADER at term 1 for changeToLeader
2019-09-02 02:59:18,140 [9222fa3a-6d54-4d5e-ab04-cee29767e203:group-34F340EA56E5:LeaderElection78] INFO  impl.RaftServerImpl (ServerState.java:setLeader(263)) - 9222fa3a-6d54-4d5e-ab04-cee29767e203:group-34F340EA56E5 change Leader from null to 9222fa3a-6d54-4d5e-ab04-cee29767e203 at term 1 for becomeLeader, leader elected after 5038ms
2019-09-02 02:59:18,140 [9222fa3a-6d54-4d5e-ab04-cee29767e203:group-34F340EA56E5:LeaderElection78] INFO  server.RaftServerConfigKeys (ConfUtils.java:logGet(43)) - raft.server.staging.catchup.gap = 1000 (default)
2019-09-02 02:59:18,140 [9222fa3a-6d54-4d5e-ab04-cee29767e203:group-34F340EA56E5:LeaderElection78] INFO  server.RaftServerConfigKeys (ConfUtils.java:logGet(43)) - raft.server.rpc.sleep.time = 25ms (default)
2019-09-02 02:59:18,140 [9222fa3a-6d54-4d5e-ab04-cee29767e203:group-34F340EA56E5:LeaderElection78] INFO  server.RaftServerConfigKeys (ConfUtils.java:logGet(43)) - raft.server.write.element-limit = 4096 (default)
2019-09-02 02:59:18,141 [9222fa3a-6d54-4d5e-ab04-cee29767e203:group-34F340EA56E5:LeaderElection78] INFO  server.RaftServerConfigKeys (ConfUtils.java:logGet(43)) - raft.server.watch.timeout = 10s (default)
2019-09-02 02:59:18,141 [9222fa3a-6d54-4d5e-ab04-cee29767e203:group-34F340EA56E5:LeaderElection78] INFO  server.RaftServerConfigKeys (ConfUtils.java:logGet(43)) - raft.server.watch.timeout.denomination = 1s (default)
2019-09-02 02:59:18,141 [9222fa3a-6d54-4d5e-ab04-cee29767e203:group-34F340EA56E5:LeaderElection78] INFO  server.RaftServerConfigKeys (ConfUtils.java:logGet(43)) - raft.server.watch.element-limit = 65536 (default)
2019-09-02 02:59:18,141 [9222fa3a-6d54-4d5e-ab04-cee29767e203:group-34F340EA56E5:LeaderElection78] INFO  impl.RoleInfo (RoleInfo.java:updateAndGet(143)) - 9222fa3a-6d54-4d5e-ab04-cee29767e203: start LeaderState
2019-09-02 02:59:18,141 [9222fa3a-6d54-4d5e-ab04-cee29767e203:group-34F340EA56E5:LeaderElection78] INFO  segmented.SegmentedRaftLogWorker (SegmentedRaftLogWorker.java:startLogSegment(380)) - 9222fa3a-6d54-4d5e-ab04-cee29767e203-SegmentedRaftLogWorker:Storage Directory /workdir/hadoop-ozone/integration-test/target/test-dir/MiniOzoneClusterImpl-95ed0e50-2dca-4589-8b2d-b7f1480a1ca1/datanode-2/data/ratis/879b1fd8-4e4f-46b2-b861-34f340ea56e5: Starting segment from index:0
2019-09-02 02:59:18,142 [9222fa3a-6d54-4d5e-ab04-cee29767e203:group-34F340EA56E5:LeaderElection78] INFO  impl.RaftServerImpl (ServerState.java:setRaftConf(361)) - 9222fa3a-6d54-4d5e-ab04-cee29767e203:group-34F340EA56E5 set configuration 0: [9222fa3a-6d54-4d5e-ab04-cee29767e203:192.168.34.6:33458], old=null at 0
2019-09-02 02:59:18,195 [9222fa3a-6d54-4d5e-ab04-cee29767e203-SegmentedRaftLogWorker:Storage Directory /workdir/hadoop-ozone/integration-test/target/test-dir/MiniOzoneClusterImpl-95ed0e50-2dca-4589-8b2d-b7f1480a1ca1/datanode-2/data/ratis/879b1fd8-4e4f-46b2-b861-34f340ea56e5] INFO  segmented.SegmentedRaftLogWorker (SegmentedRaftLogWorker.java:execute(569)) - 9222fa3a-6d54-4d5e-ab04-cee29767e203-SegmentedRaftLogWorker:Storage Directory /workdir/hadoop-ozone/integration-test/target/test-dir/MiniOzoneClusterImpl-95ed0e50-2dca-4589-8b2d-b7f1480a1ca1/datanode-2/data/ratis/879b1fd8-4e4f-46b2-b861-34f340ea56e5: created new log segment /workdir/hadoop-ozone/integration-test/target/test-dir/MiniOzoneClusterImpl-95ed0e50-2dca-4589-8b2d-b7f1480a1ca1/datanode-2/data/ratis/879b1fd8-4e4f-46b2-b861-34f340ea56e5/current/log_inprogress_0
2019-09-02 02:59:18,227 | INFO  | SCMAudit | user=jenkins1000 | ip=192.168.34.6 | op=SEND_HEARTBEAT {datanodeUUID=58e57113-ec4e-4e2c-8e08-9b26096286af, command=[]} | ret=SUCCESS |  
2019-09-02 02:59:18,309 [Thread-4332] INFO  impl.FollowerState (FollowerState.java:run(106)) - 881b483d-3350-4cb0-9dfa-0b51e2558016:group-D9FA4A56B95D changes to CANDIDATE, lastRpcTime:5133, electionTimeout:5133ms
2019-09-02 02:59:18,309 [Thread-4332] INFO  impl.RoleInfo (RoleInfo.java:shutdownFollowerState(121)) - 881b483d-3350-4cb0-9dfa-0b51e2558016: shutdown FollowerState
2019-09-02 02:59:18,309 [Thread-4332] INFO  impl.RaftServerImpl (RaftServerImpl.java:setRole(171)) - 881b483d-3350-4cb0-9dfa-0b51e2558016:group-D9FA4A56B95D changes role from FOLLOWER to CANDIDATE at term 0 for changeToCandidate
2019-09-02 02:59:18,309 [Thread-4332] INFO  impl.RoleInfo (RoleInfo.java:updateAndGet(143)) - 881b483d-3350-4cb0-9dfa-0b51e2558016: start LeaderElection
2019-09-02 02:59:18,319 [Thread-4328] INFO  impl.FollowerState (FollowerState.java:run(106)) - 50da3d7a-a47f-41c7-ad75-11072bd7a70e:group-D9FA4A56B95D changes to CANDIDATE, lastRpcTime:5149, electionTimeout:5149ms
2019-09-02 02:59:18,319 [Thread-4328] INFO  impl.RoleInfo (RoleInfo.java:shutdownFollowerState(121)) - 50da3d7a-a47f-41c7-ad75-11072bd7a70e: shutdown FollowerState
2019-09-02 02:59:18,319 [Thread-4328] INFO  impl.RaftServerImpl (RaftServerImpl.java:setRole(171)) - 50da3d7a-a47f-41c7-ad75-11072bd7a70e:group-D9FA4A56B95D changes role from FOLLOWER to CANDIDATE at term 0 for changeToCandidate
2019-09-02 02:59:18,319 [Thread-4328] INFO  impl.RoleInfo (RoleInfo.java:updateAndGet(143)) - 50da3d7a-a47f-41c7-ad75-11072bd7a70e: start LeaderElection
2019-09-02 02:59:18,326 [881b483d-3350-4cb0-9dfa-0b51e2558016:group-D9FA4A56B95D:LeaderElection79] INFO  impl.LeaderElection (LeaderElection.java:askForVotes(181)) - 881b483d-3350-4cb0-9dfa-0b51e2558016:group-D9FA4A56B95D:LeaderElection79: begin an election at term 1 for -1: [50da3d7a-a47f-41c7-ad75-11072bd7a70e:192.168.34.6:40957, 9222fa3a-6d54-4d5e-ab04-cee29767e203:192.168.34.6:33458, 881b483d-3350-4cb0-9dfa-0b51e2558016:192.168.34.6:41319], old=null
2019-09-02 02:59:18,326 [50da3d7a-a47f-41c7-ad75-11072bd7a70e:group-D9FA4A56B95D:LeaderElection80] INFO  impl.LeaderElection (LeaderElection.java:askForVotes(181)) - 50da3d7a-a47f-41c7-ad75-11072bd7a70e:group-D9FA4A56B95D:LeaderElection80: begin an election at term 1 for -1: [50da3d7a-a47f-41c7-ad75-11072bd7a70e:192.168.34.6:40957, 9222fa3a-6d54-4d5e-ab04-cee29767e203:192.168.34.6:33458, 881b483d-3350-4cb0-9dfa-0b51e2558016:192.168.34.6:41319], old=null
2019-09-02 02:59:18,330 [grpc-default-executor-8] INFO  impl.RaftServerImpl (RaftServerImpl.java:setRole(171)) - 9222fa3a-6d54-4d5e-ab04-cee29767e203:group-D9FA4A56B95D changes role from FOLLOWER to FOLLOWER at term 1 for recognizeCandidate:881b483d-3350-4cb0-9dfa-0b51e2558016
2019-09-02 02:59:18,332 [grpc-default-executor-8] INFO  impl.RoleInfo (RoleInfo.java:shutdownFollowerState(121)) - 9222fa3a-6d54-4d5e-ab04-cee29767e203: shutdown FollowerState
2019-09-02 02:59:18,332 [grpc-default-executor-8] INFO  impl.RoleInfo (RoleInfo.java:updateAndGet(143)) - 9222fa3a-6d54-4d5e-ab04-cee29767e203: start FollowerState
2019-09-02 02:59:18,333 [Thread-4333] INFO  impl.FollowerState (FollowerState.java:run(114)) - 9222fa3a-6d54-4d5e-ab04-cee29767e203: FollowerState was interrupted: java.lang.InterruptedException: sleep interrupted
2019-09-02 02:59:18,345 [Thread-4337] INFO  impl.FollowerState (FollowerState.java:run(106)) - 58e57113-ec4e-4e2c-8e08-9b26096286af:group-D35253800218 changes to CANDIDATE, lastRpcTime:5074, electionTimeout:5074ms
2019-09-02 02:59:18,345 [Thread-4337] INFO  impl.RoleInfo (RoleInfo.java:shutdownFollowerState(121)) - 58e57113-ec4e-4e2c-8e08-9b26096286af: shutdown FollowerState
2019-09-02 02:59:18,345 [Thread-4337] INFO  impl.RaftServerImpl (RaftServerImpl.java:setRole(171)) - 58e57113-ec4e-4e2c-8e08-9b26096286af:group-D35253800218 changes role from FOLLOWER to CANDIDATE at term 0 for changeToCandidate
2019-09-02 02:59:18,345 [Thread-4337] INFO  impl.RoleInfo (RoleInfo.java:updateAndGet(143)) - 58e57113-ec4e-4e2c-8e08-9b26096286af: start LeaderElection
2019-09-02 02:59:18,361 [50da3d7a-a47f-41c7-ad75-11072bd7a70e:group-D9FA4A56B95D:LeaderElection80] INFO  impl.LeaderElection (LeaderElection.java:logAndReturn(56)) - 50da3d7a-a47f-41c7-ad75-11072bd7a70e:group-D9FA4A56B95D:LeaderElection80: Election REJECTED; received 2 response(s) [50da3d7a-a47f-41c7-ad75-11072bd7a70e<-9222fa3a-6d54-4d5e-ab04-cee29767e203#0:FAIL-t1, 50da3d7a-a47f-41c7-ad75-11072bd7a70e<-881b483d-3350-4cb0-9dfa-0b51e2558016#0:FAIL-t1] and 0 exception(s); 50da3d7a-a47f-41c7-ad75-11072bd7a70e:t1, leader=null, voted=50da3d7a-a47f-41c7-ad75-11072bd7a70e, raftlog=50da3d7a-a47f-41c7-ad75-11072bd7a70e-SegmentedRaftLog:OPENED:c-1,f-1,i0, conf=-1: [50da3d7a-a47f-41c7-ad75-11072bd7a70e:192.168.34.6:40957, 9222fa3a-6d54-4d5e-ab04-cee29767e203:192.168.34.6:33458, 881b483d-3350-4cb0-9dfa-0b51e2558016:192.168.34.6:41319], old=null
2019-09-02 02:59:18,361 [881b483d-3350-4cb0-9dfa-0b51e2558016:group-D9FA4A56B95D:LeaderElection79] INFO  impl.LeaderElection (LeaderElection.java:logAndReturn(56)) - 881b483d-3350-4cb0-9dfa-0b51e2558016:group-D9FA4A56B95D:LeaderElection79: Election PASSED; received 2 response(s) [881b483d-3350-4cb0-9dfa-0b51e2558016<-50da3d7a-a47f-41c7-ad75-11072bd7a70e#0:FAIL-t1, 881b483d-3350-4cb0-9dfa-0b51e2558016<-9222fa3a-6d54-4d5e-ab04-cee29767e203#0:OK-t1] and 0 exception(s); 881b483d-3350-4cb0-9dfa-0b51e2558016:t1, leader=null, voted=881b483d-3350-4cb0-9dfa-0b51e2558016, raftlog=881b483d-3350-4cb0-9dfa-0b51e2558016-SegmentedRaftLog:OPENED:c-1,f-1,i0, conf=-1: [50da3d7a-a47f-41c7-ad75-11072bd7a70e:192.168.34.6:40957, 9222fa3a-6d54-4d5e-ab04-cee29767e203:192.168.34.6:33458, 881b483d-3350-4cb0-9dfa-0b51e2558016:192.168.34.6:41319], old=null
2019-09-02 02:59:18,361 [50da3d7a-a47f-41c7-ad75-11072bd7a70e:group-D9FA4A56B95D:LeaderElection80] INFO  impl.RaftServerImpl (RaftServerImpl.java:setRole(171)) - 50da3d7a-a47f-41c7-ad75-11072bd7a70e:group-D9FA4A56B95D changes role from CANDIDATE to FOLLOWER at term 1 for DISCOVERED_A_NEW_TERM
2019-09-02 02:59:18,375 [881b483d-3350-4cb0-9dfa-0b51e2558016:group-D9FA4A56B95D:LeaderElection79] INFO  impl.RoleInfo (RoleInfo.java:shutdownLeaderElection(134)) - 881b483d-3350-4cb0-9dfa-0b51e2558016: shutdown LeaderElection
2019-09-02 02:59:18,375 [50da3d7a-a47f-41c7-ad75-11072bd7a70e:group-D9FA4A56B95D:LeaderElection80] INFO  impl.RoleInfo (RoleInfo.java:shutdownLeaderElection(134)) - 50da3d7a-a47f-41c7-ad75-11072bd7a70e: shutdown LeaderElection
2019-09-02 02:59:18,375 [881b483d-3350-4cb0-9dfa-0b51e2558016:group-D9FA4A56B95D:LeaderElection79] INFO  impl.RaftServerImpl (RaftServerImpl.java:setRole(171)) - 881b483d-3350-4cb0-9dfa-0b51e2558016:group-D9FA4A56B95D changes role from CANDIDATE to LEADER at term 1 for changeToLeader
2019-09-02 02:59:18,375 [50da3d7a-a47f-41c7-ad75-11072bd7a70e:group-D9FA4A56B95D:LeaderElection80] INFO  impl.RoleInfo (RoleInfo.java:updateAndGet(143)) - 50da3d7a-a47f-41c7-ad75-11072bd7a70e: start FollowerState
2019-09-02 02:59:18,376 [881b483d-3350-4cb0-9dfa-0b51e2558016:group-D9FA4A56B95D:LeaderElection79] INFO  impl.RaftServerImpl (ServerState.java:setLeader(263)) - 881b483d-3350-4cb0-9dfa-0b51e2558016:group-D9FA4A56B95D change Leader from null to 881b483d-3350-4cb0-9dfa-0b51e2558016 at term 1 for becomeLeader, leader elected after 5213ms
2019-09-02 02:59:18,376 [881b483d-3350-4cb0-9dfa-0b51e2558016:group-D9FA4A56B95D:LeaderElection79] INFO  server.RaftServerConfigKeys (ConfUtils.java:logGet(43)) - raft.server.staging.catchup.gap = 1000 (default)
2019-09-02 02:59:18,376 [881b483d-3350-4cb0-9dfa-0b51e2558016:group-D9FA4A56B95D:LeaderElection79] INFO  server.RaftServerConfigKeys (ConfUtils.java:logGet(43)) - raft.server.rpc.sleep.time = 25ms (default)
2019-09-02 02:59:18,376 [881b483d-3350-4cb0-9dfa-0b51e2558016:group-D9FA4A56B95D:LeaderElection79] INFO  server.RaftServerConfigKeys (ConfUtils.java:logGet(43)) - raft.server.write.element-limit = 4096 (default)
2019-09-02 02:59:18,376 [881b483d-3350-4cb0-9dfa-0b51e2558016:group-D9FA4A56B95D:LeaderElection79] INFO  server.RaftServerConfigKeys (ConfUtils.java:logGet(43)) - raft.server.watch.timeout = 10s (default)
2019-09-02 02:59:18,376 [881b483d-3350-4cb0-9dfa-0b51e2558016:group-D9FA4A56B95D:LeaderElection79] INFO  server.RaftServerConfigKeys (ConfUtils.java:logGet(43)) - raft.server.watch.timeout.denomination = 1s (default)
2019-09-02 02:59:18,377 [881b483d-3350-4cb0-9dfa-0b51e2558016:group-D9FA4A56B95D:LeaderElection79] INFO  server.RaftServerConfigKeys (ConfUtils.java:logGet(43)) - raft.server.watch.element-limit = 65536 (default)
2019-09-02 02:59:18,377 [881b483d-3350-4cb0-9dfa-0b51e2558016:group-D9FA4A56B95D:LeaderElection79] INFO  server.RaftServerConfigKeys (ConfUtils.java:logGet(43)) - raft.server.log.appender.snapshot.chunk.size.max = 16MB (=16777216) (default)
2019-09-02 02:59:18,377 [881b483d-3350-4cb0-9dfa-0b51e2558016:group-D9FA4A56B95D:LeaderElection79] INFO  server.RaftServerConfigKeys (ConfUtils.java:logGet(43)) - raft.server.log.appender.buffer.byte-limit = 33554432 (custom)
2019-09-02 02:59:18,377 [881b483d-3350-4cb0-9dfa-0b51e2558016:group-D9FA4A56B95D:LeaderElection79] INFO  server.RaftServerConfigKeys (ConfUtils.java:logGet(43)) - raft.server.log.appender.buffer.element-limit = 1 (custom)
2019-09-02 02:59:18,377 [881b483d-3350-4cb0-9dfa-0b51e2558016:group-D9FA4A56B95D:LeaderElection79] INFO  grpc.GrpcConfigKeys$Server (ConfUtils.java:logGet(43)) - raft.grpc.server.leader.outstanding.appends.max = 128 (default)
2019-09-02 02:59:18,378 [881b483d-3350-4cb0-9dfa-0b51e2558016:group-D9FA4A56B95D:LeaderElection79] INFO  server.RaftServerConfigKeys (ConfUtils.java:logGet(43)) - raft.server.rpc.request.timeout = 3000ms (default)
2019-09-02 02:59:18,378 [881b483d-3350-4cb0-9dfa-0b51e2558016:group-D9FA4A56B95D:LeaderElection79] INFO  server.RaftServerConfigKeys (ConfUtils.java:logGet(43)) - raft.server.log.appender.install.snapshot.enabled = false (custom)
2019-09-02 02:59:18,378 [881b483d-3350-4cb0-9dfa-0b51e2558016:group-D9FA4A56B95D:LeaderElection79] INFO  server.RaftServerConfigKeys (ConfUtils.java:logGet(43)) - raft.server.log.appender.snapshot.chunk.size.max = 16MB (=16777216) (default)
2019-09-02 02:59:18,378 [881b483d-3350-4cb0-9dfa-0b51e2558016:group-D9FA4A56B95D:LeaderElection79] INFO  server.RaftServerConfigKeys (ConfUtils.java:logGet(43)) - raft.server.log.appender.buffer.byte-limit = 33554432 (custom)
2019-09-02 02:59:18,378 [881b483d-3350-4cb0-9dfa-0b51e2558016:group-D9FA4A56B95D:LeaderElection79] INFO  server.RaftServerConfigKeys (ConfUtils.java:logGet(43)) - raft.server.log.appender.buffer.element-limit = 1 (custom)
2019-09-02 02:59:18,378 [881b483d-3350-4cb0-9dfa-0b51e2558016:group-D9FA4A56B95D:LeaderElection79] INFO  grpc.GrpcConfigKeys$Server (ConfUtils.java:logGet(43)) - raft.grpc.server.leader.outstanding.appends.max = 128 (default)
2019-09-02 02:59:18,379 [881b483d-3350-4cb0-9dfa-0b51e2558016:group-D9FA4A56B95D:LeaderElection79] INFO  server.RaftServerConfigKeys (ConfUtils.java:logGet(43)) - raft.server.rpc.request.timeout = 3000ms (default)
2019-09-02 02:59:18,379 [881b483d-3350-4cb0-9dfa-0b51e2558016:group-D9FA4A56B95D:LeaderElection79] INFO  server.RaftServerConfigKeys (ConfUtils.java:logGet(43)) - raft.server.log.appender.install.snapshot.enabled = false (custom)
2019-09-02 02:59:18,379 [881b483d-3350-4cb0-9dfa-0b51e2558016:group-D9FA4A56B95D:LeaderElection79] INFO  impl.RoleInfo (RoleInfo.java:updateAndGet(143)) - 881b483d-3350-4cb0-9dfa-0b51e2558016: start LeaderState
2019-09-02 02:59:18,379 [881b483d-3350-4cb0-9dfa-0b51e2558016:group-D9FA4A56B95D:LeaderElection79] INFO  segmented.SegmentedRaftLogWorker (SegmentedRaftLogWorker.java:startLogSegment(380)) - 881b483d-3350-4cb0-9dfa-0b51e2558016-SegmentedRaftLogWorker:Storage Directory /workdir/hadoop-ozone/integration-test/target/test-dir/MiniOzoneClusterImpl-95ed0e50-2dca-4589-8b2d-b7f1480a1ca1/datanode-1/data/ratis/d36061ae-9f4a-41eb-a830-d9fa4a56b95d: Starting segment from index:0
2019-09-02 02:59:18,380 [881b483d-3350-4cb0-9dfa-0b51e2558016:group-D9FA4A56B95D:LeaderElection79] INFO  impl.RaftServerImpl (ServerState.java:setRaftConf(361)) - 881b483d-3350-4cb0-9dfa-0b51e2558016:group-D9FA4A56B95D set configuration 0: [50da3d7a-a47f-41c7-ad75-11072bd7a70e:192.168.34.6:40957, 9222fa3a-6d54-4d5e-ab04-cee29767e203:192.168.34.6:33458, 881b483d-3350-4cb0-9dfa-0b51e2558016:192.168.34.6:41319], old=null at 0
2019-09-02 02:59:18,381 | INFO  | SCMAudit | user=jenkins1000 | ip=192.168.34.6 | op=SEND_HEARTBEAT {datanodeUUID=6200eba3-9c3a-4cd5-b165-0febe607b4fe, command=[]} | ret=SUCCESS |  
2019-09-02 02:59:18,382 [grpc-default-executor-0] INFO  impl.RaftServerImpl (ServerState.java:setLeader(263)) - 50da3d7a-a47f-41c7-ad75-11072bd7a70e:group-D9FA4A56B95D change Leader from null to 881b483d-3350-4cb0-9dfa-0b51e2558016 at term 1 for appendEntries, leader elected after 5219ms
2019-09-02 02:59:18,382 [grpc-default-executor-8] INFO  impl.RaftServerImpl (ServerState.java:setLeader(263)) - 9222fa3a-6d54-4d5e-ab04-cee29767e203:group-D9FA4A56B95D change Leader from null to 881b483d-3350-4cb0-9dfa-0b51e2558016 at term 1 for appendEntries, leader elected after 5219ms
2019-09-02 02:59:18,383 [grpc-default-executor-8] INFO  impl.RaftServerImpl (ServerState.java:setRaftConf(361)) - 9222fa3a-6d54-4d5e-ab04-cee29767e203:group-D9FA4A56B95D set configuration 0: [50da3d7a-a47f-41c7-ad75-11072bd7a70e:192.168.34.6:40957, 9222fa3a-6d54-4d5e-ab04-cee29767e203:192.168.34.6:33458, 881b483d-3350-4cb0-9dfa-0b51e2558016:192.168.34.6:41319], old=null at 0
2019-09-02 02:59:18,383 [grpc-default-executor-0] INFO  impl.RaftServerImpl (ServerState.java:setRaftConf(361)) - 50da3d7a-a47f-41c7-ad75-11072bd7a70e:group-D9FA4A56B95D set configuration 0: [50da3d7a-a47f-41c7-ad75-11072bd7a70e:192.168.34.6:40957, 9222fa3a-6d54-4d5e-ab04-cee29767e203:192.168.34.6:33458, 881b483d-3350-4cb0-9dfa-0b51e2558016:192.168.34.6:41319], old=null at 0
2019-09-02 02:59:18,384 [grpc-default-executor-8] INFO  segmented.SegmentedRaftLogWorker (SegmentedRaftLogWorker.java:startLogSegment(380)) - 9222fa3a-6d54-4d5e-ab04-cee29767e203-SegmentedRaftLogWorker:Storage Directory /workdir/hadoop-ozone/integration-test/target/test-dir/MiniOzoneClusterImpl-95ed0e50-2dca-4589-8b2d-b7f1480a1ca1/datanode-2/data/ratis/d36061ae-9f4a-41eb-a830-d9fa4a56b95d: Starting segment from index:0
2019-09-02 02:59:18,384 [grpc-default-executor-0] INFO  segmented.SegmentedRaftLogWorker (SegmentedRaftLogWorker.java:startLogSegment(380)) - 50da3d7a-a47f-41c7-ad75-11072bd7a70e-SegmentedRaftLogWorker:Storage Directory /workdir/hadoop-ozone/integration-test/target/test-dir/MiniOzoneClusterImpl-95ed0e50-2dca-4589-8b2d-b7f1480a1ca1/datanode-0/data/ratis/d36061ae-9f4a-41eb-a830-d9fa4a56b95d: Starting segment from index:0
2019-09-02 02:59:18,388 [58e57113-ec4e-4e2c-8e08-9b26096286af:group-D35253800218:LeaderElection81] INFO  impl.LeaderElection (LeaderElection.java:askForVotes(181)) - 58e57113-ec4e-4e2c-8e08-9b26096286af:group-D35253800218:LeaderElection81: begin an election at term 1 for -1: [58e57113-ec4e-4e2c-8e08-9b26096286af:192.168.34.6:45179], old=null
2019-09-02 02:59:18,388 [58e57113-ec4e-4e2c-8e08-9b26096286af:group-D35253800218:LeaderElection81] INFO  impl.RoleInfo (RoleInfo.java:shutdownLeaderElection(134)) - 58e57113-ec4e-4e2c-8e08-9b26096286af: shutdown LeaderElection
2019-09-02 02:59:18,388 [58e57113-ec4e-4e2c-8e08-9b26096286af:group-D35253800218:LeaderElection81] INFO  impl.RaftServerImpl (RaftServerImpl.java:setRole(171)) - 58e57113-ec4e-4e2c-8e08-9b26096286af:group-D35253800218 changes role from CANDIDATE to LEADER at term 1 for changeToLeader
2019-09-02 02:59:18,389 [58e57113-ec4e-4e2c-8e08-9b26096286af:group-D35253800218:LeaderElection81] INFO  impl.RaftServerImpl (ServerState.java:setLeader(263)) - 58e57113-ec4e-4e2c-8e08-9b26096286af:group-D35253800218 change Leader from null to 58e57113-ec4e-4e2c-8e08-9b26096286af at term 1 for becomeLeader, leader elected after 5122ms
2019-09-02 02:59:18,389 [58e57113-ec4e-4e2c-8e08-9b26096286af:group-D35253800218:LeaderElection81] INFO  server.RaftServerConfigKeys (ConfUtils.java:logGet(43)) - raft.server.staging.catchup.gap = 1000 (default)
2019-09-02 02:59:18,389 [58e57113-ec4e-4e2c-8e08-9b26096286af:group-D35253800218:LeaderElection81] INFO  server.RaftServerConfigKeys (ConfUtils.java:logGet(43)) - raft.server.rpc.sleep.time = 25ms (default)
2019-09-02 02:59:18,389 [58e57113-ec4e-4e2c-8e08-9b26096286af:group-D35253800218:LeaderElection81] INFO  server.RaftServerConfigKeys (ConfUtils.java:logGet(43)) - raft.server.write.element-limit = 4096 (default)
2019-09-02 02:59:18,389 [58e57113-ec4e-4e2c-8e08-9b26096286af:group-D35253800218:LeaderElection81] INFO  server.RaftServerConfigKeys (ConfUtils.java:logGet(43)) - raft.server.watch.timeout = 10s (default)
2019-09-02 02:59:18,390 [58e57113-ec4e-4e2c-8e08-9b26096286af:group-D35253800218:LeaderElection81] INFO  server.RaftServerConfigKeys (ConfUtils.java:logGet(43)) - raft.server.watch.timeout.denomination = 1s (default)
2019-09-02 02:59:18,390 [58e57113-ec4e-4e2c-8e08-9b26096286af:group-D35253800218:LeaderElection81] INFO  server.RaftServerConfigKeys (ConfUtils.java:logGet(43)) - raft.server.watch.element-limit = 65536 (default)
2019-09-02 02:59:18,390 [58e57113-ec4e-4e2c-8e08-9b26096286af:group-D35253800218:LeaderElection81] INFO  impl.RoleInfo (RoleInfo.java:updateAndGet(143)) - 58e57113-ec4e-4e2c-8e08-9b26096286af: start LeaderState
2019-09-02 02:59:18,390 [58e57113-ec4e-4e2c-8e08-9b26096286af:group-D35253800218:LeaderElection81] INFO  segmented.SegmentedRaftLogWorker (SegmentedRaftLogWorker.java:startLogSegment(380)) - 58e57113-ec4e-4e2c-8e08-9b26096286af-SegmentedRaftLogWorker:Storage Directory /workdir/hadoop-ozone/integration-test/target/test-dir/MiniOzoneClusterImpl-95ed0e50-2dca-4589-8b2d-b7f1480a1ca1/datanode-3/data/ratis/028fe710-feff-426c-92c9-d35253800218: Starting segment from index:0
2019-09-02 02:59:18,391 [58e57113-ec4e-4e2c-8e08-9b26096286af:group-D35253800218:LeaderElection81] INFO  impl.RaftServerImpl (ServerState.java:setRaftConf(361)) - 58e57113-ec4e-4e2c-8e08-9b26096286af:group-D35253800218 set configuration 0: [58e57113-ec4e-4e2c-8e08-9b26096286af:192.168.34.6:45179], old=null at 0
2019-09-02 02:59:18,442 [58e57113-ec4e-4e2c-8e08-9b26096286af-SegmentedRaftLogWorker:Storage Directory /workdir/hadoop-ozone/integration-test/target/test-dir/MiniOzoneClusterImpl-95ed0e50-2dca-4589-8b2d-b7f1480a1ca1/datanode-3/data/ratis/028fe710-feff-426c-92c9-d35253800218] INFO  segmented.SegmentedRaftLogWorker (SegmentedRaftLogWorker.java:execute(569)) - 58e57113-ec4e-4e2c-8e08-9b26096286af-SegmentedRaftLogWorker:Storage Directory /workdir/hadoop-ozone/integration-test/target/test-dir/MiniOzoneClusterImpl-95ed0e50-2dca-4589-8b2d-b7f1480a1ca1/datanode-3/data/ratis/028fe710-feff-426c-92c9-d35253800218: created new log segment /workdir/hadoop-ozone/integration-test/target/test-dir/MiniOzoneClusterImpl-95ed0e50-2dca-4589-8b2d-b7f1480a1ca1/datanode-3/data/ratis/028fe710-feff-426c-92c9-d35253800218/current/log_inprogress_0
2019-09-02 02:59:18,442 [881b483d-3350-4cb0-9dfa-0b51e2558016-SegmentedRaftLogWorker:Storage Directory /workdir/hadoop-ozone/integration-test/target/test-dir/MiniOzoneClusterImpl-95ed0e50-2dca-4589-8b2d-b7f1480a1ca1/datanode-1/data/ratis/d36061ae-9f4a-41eb-a830-d9fa4a56b95d] INFO  segmented.SegmentedRaftLogWorker (SegmentedRaftLogWorker.java:execute(569)) - 881b483d-3350-4cb0-9dfa-0b51e2558016-SegmentedRaftLogWorker:Storage Directory /workdir/hadoop-ozone/integration-test/target/test-dir/MiniOzoneClusterImpl-95ed0e50-2dca-4589-8b2d-b7f1480a1ca1/datanode-1/data/ratis/d36061ae-9f4a-41eb-a830-d9fa4a56b95d: created new log segment /workdir/hadoop-ozone/integration-test/target/test-dir/MiniOzoneClusterImpl-95ed0e50-2dca-4589-8b2d-b7f1480a1ca1/datanode-1/data/ratis/d36061ae-9f4a-41eb-a830-d9fa4a56b95d/current/log_inprogress_0
2019-09-02 02:59:18,442 [50da3d7a-a47f-41c7-ad75-11072bd7a70e-SegmentedRaftLogWorker:Storage Directory /workdir/hadoop-ozone/integration-test/target/test-dir/MiniOzoneClusterImpl-95ed0e50-2dca-4589-8b2d-b7f1480a1ca1/datanode-0/data/ratis/d36061ae-9f4a-41eb-a830-d9fa4a56b95d] INFO  segmented.SegmentedRaftLogWorker (SegmentedRaftLogWorker.java:execute(569)) - 50da3d7a-a47f-41c7-ad75-11072bd7a70e-SegmentedRaftLogWorker:Storage Directory /workdir/hadoop-ozone/integration-test/target/test-dir/MiniOzoneClusterImpl-95ed0e50-2dca-4589-8b2d-b7f1480a1ca1/datanode-0/data/ratis/d36061ae-9f4a-41eb-a830-d9fa4a56b95d: created new log segment /workdir/hadoop-ozone/integration-test/target/test-dir/MiniOzoneClusterImpl-95ed0e50-2dca-4589-8b2d-b7f1480a1ca1/datanode-0/data/ratis/d36061ae-9f4a-41eb-a830-d9fa4a56b95d/current/log_inprogress_0
2019-09-02 02:59:18,442 [9222fa3a-6d54-4d5e-ab04-cee29767e203-SegmentedRaftLogWorker:Storage Directory /workdir/hadoop-ozone/integration-test/target/test-dir/MiniOzoneClusterImpl-95ed0e50-2dca-4589-8b2d-b7f1480a1ca1/datanode-2/data/ratis/d36061ae-9f4a-41eb-a830-d9fa4a56b95d] INFO  segmented.SegmentedRaftLogWorker (SegmentedRaftLogWorker.java:execute(569)) - 9222fa3a-6d54-4d5e-ab04-cee29767e203-SegmentedRaftLogWorker:Storage Directory /workdir/hadoop-ozone/integration-test/target/test-dir/MiniOzoneClusterImpl-95ed0e50-2dca-4589-8b2d-b7f1480a1ca1/datanode-2/data/ratis/d36061ae-9f4a-41eb-a830-d9fa4a56b95d: created new log segment /workdir/hadoop-ozone/integration-test/target/test-dir/MiniOzoneClusterImpl-95ed0e50-2dca-4589-8b2d-b7f1480a1ca1/datanode-2/data/ratis/d36061ae-9f4a-41eb-a830-d9fa4a56b95d/current/log_inprogress_0
2019-09-02 02:59:18,541 | INFO  | SCMAudit | user=jenkins1000 | ip=192.168.34.6 | op=SEND_HEARTBEAT {datanodeUUID=f5200351-47ce-4212-9670-72e625b80f12, command=[]} | ret=SUCCESS |  
2019-09-02 02:59:18,619 [Thread-4340] INFO  impl.FollowerState (FollowerState.java:run(106)) - 6200eba3-9c3a-4cd5-b165-0febe607b4fe:group-FB1E72901717 changes to CANDIDATE, lastRpcTime:5191, electionTimeout:5191ms
2019-09-02 02:59:18,620 [Thread-4340] INFO  impl.RoleInfo (RoleInfo.java:shutdownFollowerState(121)) - 6200eba3-9c3a-4cd5-b165-0febe607b4fe: shutdown FollowerState
2019-09-02 02:59:18,620 [Thread-4340] INFO  impl.RaftServerImpl (RaftServerImpl.java:setRole(171)) - 6200eba3-9c3a-4cd5-b165-0febe607b4fe:group-FB1E72901717 changes role from FOLLOWER to CANDIDATE at term 0 for changeToCandidate
2019-09-02 02:59:18,620 [Thread-4340] INFO  impl.RoleInfo (RoleInfo.java:updateAndGet(143)) - 6200eba3-9c3a-4cd5-b165-0febe607b4fe: start LeaderElection
2019-09-02 02:59:18,641 [6200eba3-9c3a-4cd5-b165-0febe607b4fe:group-FB1E72901717:LeaderElection82] INFO  impl.LeaderElection (LeaderElection.java:askForVotes(181)) - 6200eba3-9c3a-4cd5-b165-0febe607b4fe:group-FB1E72901717:LeaderElection82: begin an election at term 1 for -1: [6200eba3-9c3a-4cd5-b165-0febe607b4fe:192.168.34.6:46451], old=null
2019-09-02 02:59:18,641 [6200eba3-9c3a-4cd5-b165-0febe607b4fe:group-FB1E72901717:LeaderElection82] INFO  impl.RoleInfo (RoleInfo.java:shutdownLeaderElection(134)) - 6200eba3-9c3a-4cd5-b165-0febe607b4fe: shutdown LeaderElection
2019-09-02 02:59:18,641 [6200eba3-9c3a-4cd5-b165-0febe607b4fe:group-FB1E72901717:LeaderElection82] INFO  impl.RaftServerImpl (RaftServerImpl.java:setRole(171)) - 6200eba3-9c3a-4cd5-b165-0febe607b4fe:group-FB1E72901717 changes role from CANDIDATE to LEADER at term 1 for changeToLeader
2019-09-02 02:59:18,641 [6200eba3-9c3a-4cd5-b165-0febe607b4fe:group-FB1E72901717:LeaderElection82] INFO  impl.RaftServerImpl (ServerState.java:setLeader(263)) - 6200eba3-9c3a-4cd5-b165-0febe607b4fe:group-FB1E72901717 change Leader from null to 6200eba3-9c3a-4cd5-b165-0febe607b4fe at term 1 for becomeLeader, leader elected after 5216ms
2019-09-02 02:59:18,641 [6200eba3-9c3a-4cd5-b165-0febe607b4fe:group-FB1E72901717:LeaderElection82] INFO  server.RaftServerConfigKeys (ConfUtils.java:logGet(43)) - raft.server.staging.catchup.gap = 1000 (default)
2019-09-02 02:59:18,641 [6200eba3-9c3a-4cd5-b165-0febe607b4fe:group-FB1E72901717:LeaderElection82] INFO  server.RaftServerConfigKeys (ConfUtils.java:logGet(43)) - raft.server.rpc.sleep.time = 25ms (default)
2019-09-02 02:59:18,642 [6200eba3-9c3a-4cd5-b165-0febe607b4fe:group-FB1E72901717:LeaderElection82] INFO  server.RaftServerConfigKeys (ConfUtils.java:logGet(43)) - raft.server.write.element-limit = 4096 (default)
2019-09-02 02:59:18,642 [6200eba3-9c3a-4cd5-b165-0febe607b4fe:group-FB1E72901717:LeaderElection82] INFO  server.RaftServerConfigKeys (ConfUtils.java:logGet(43)) - raft.server.watch.timeout = 10s (default)
2019-09-02 02:59:18,642 [6200eba3-9c3a-4cd5-b165-0febe607b4fe:group-FB1E72901717:LeaderElection82] INFO  server.RaftServerConfigKeys (ConfUtils.java:logGet(43)) - raft.server.watch.timeout.denomination = 1s (default)
2019-09-02 02:59:18,642 [6200eba3-9c3a-4cd5-b165-0febe607b4fe:group-FB1E72901717:LeaderElection82] INFO  server.RaftServerConfigKeys (ConfUtils.java:logGet(43)) - raft.server.watch.element-limit = 65536 (default)
2019-09-02 02:59:18,642 [6200eba3-9c3a-4cd5-b165-0febe607b4fe:group-FB1E72901717:LeaderElection82] INFO  impl.RoleInfo (RoleInfo.java:updateAndGet(143)) - 6200eba3-9c3a-4cd5-b165-0febe607b4fe: start LeaderState
2019-09-02 02:59:18,642 [6200eba3-9c3a-4cd5-b165-0febe607b4fe:group-FB1E72901717:LeaderElection82] INFO  segmented.SegmentedRaftLogWorker (SegmentedRaftLogWorker.java:startLogSegment(380)) - 6200eba3-9c3a-4cd5-b165-0febe607b4fe-SegmentedRaftLogWorker:Storage Directory /workdir/hadoop-ozone/integration-test/target/test-dir/MiniOzoneClusterImpl-95ed0e50-2dca-4589-8b2d-b7f1480a1ca1/datanode-4/data/ratis/782689a3-ad56-4f80-a39e-fb1e72901717: Starting segment from index:0
2019-09-02 02:59:18,643 [6200eba3-9c3a-4cd5-b165-0febe607b4fe:group-FB1E72901717:LeaderElection82] INFO  impl.RaftServerImpl (ServerState.java:setRaftConf(361)) - 6200eba3-9c3a-4cd5-b165-0febe607b4fe:group-FB1E72901717 set configuration 0: [6200eba3-9c3a-4cd5-b165-0febe607b4fe:192.168.34.6:46451], old=null at 0
2019-09-02 02:59:18,682 | INFO  | SCMAudit | user=jenkins1000 | ip=192.168.34.6 | op=SEND_HEARTBEAT {datanodeUUID=50da3d7a-a47f-41c7-ad75-11072bd7a70e, command=[]} | ret=SUCCESS |  
2019-09-02 02:59:18,685 [Thread-4343] INFO  impl.FollowerState (FollowerState.java:run(106)) - f5200351-47ce-4212-9670-72e625b80f12:group-500748A7AD54 changes to CANDIDATE, lastRpcTime:5103, electionTimeout:5103ms
2019-09-02 02:59:18,685 [Thread-4343] INFO  impl.RoleInfo (RoleInfo.java:shutdownFollowerState(121)) - f5200351-47ce-4212-9670-72e625b80f12: shutdown FollowerState
2019-09-02 02:59:18,685 [Thread-4343] INFO  impl.RaftServerImpl (RaftServerImpl.java:setRole(171)) - f5200351-47ce-4212-9670-72e625b80f12:group-500748A7AD54 changes role from FOLLOWER to CANDIDATE at term 0 for changeToCandidate
2019-09-02 02:59:18,685 [Thread-4343] INFO  impl.RoleInfo (RoleInfo.java:updateAndGet(143)) - f5200351-47ce-4212-9670-72e625b80f12: start LeaderElection
2019-09-02 02:59:18,694 [6200eba3-9c3a-4cd5-b165-0febe607b4fe-SegmentedRaftLogWorker:Storage Directory /workdir/hadoop-ozone/integration-test/target/test-dir/MiniOzoneClusterImpl-95ed0e50-2dca-4589-8b2d-b7f1480a1ca1/datanode-4/data/ratis/782689a3-ad56-4f80-a39e-fb1e72901717] INFO  segmented.SegmentedRaftLogWorker (SegmentedRaftLogWorker.java:execute(569)) - 6200eba3-9c3a-4cd5-b165-0febe607b4fe-SegmentedRaftLogWorker:Storage Directory /workdir/hadoop-ozone/integration-test/target/test-dir/MiniOzoneClusterImpl-95ed0e50-2dca-4589-8b2d-b7f1480a1ca1/datanode-4/data/ratis/782689a3-ad56-4f80-a39e-fb1e72901717: created new log segment /workdir/hadoop-ozone/integration-test/target/test-dir/MiniOzoneClusterImpl-95ed0e50-2dca-4589-8b2d-b7f1480a1ca1/datanode-4/data/ratis/782689a3-ad56-4f80-a39e-fb1e72901717/current/log_inprogress_0
2019-09-02 02:59:18,694 [f5200351-47ce-4212-9670-72e625b80f12:group-500748A7AD54:LeaderElection83] INFO  impl.LeaderElection (LeaderElection.java:askForVotes(181)) - f5200351-47ce-4212-9670-72e625b80f12:group-500748A7AD54:LeaderElection83: begin an election at term 1 for -1: [f5200351-47ce-4212-9670-72e625b80f12:192.168.34.6:40778], old=null
2019-09-02 02:59:18,694 [f5200351-47ce-4212-9670-72e625b80f12:group-500748A7AD54:LeaderElection83] INFO  impl.RoleInfo (RoleInfo.java:shutdownLeaderElection(134)) - f5200351-47ce-4212-9670-72e625b80f12: shutdown LeaderElection
2019-09-02 02:59:18,694 [f5200351-47ce-4212-9670-72e625b80f12:group-500748A7AD54:LeaderElection83] INFO  impl.RaftServerImpl (RaftServerImpl.java:setRole(171)) - f5200351-47ce-4212-9670-72e625b80f12:group-500748A7AD54 changes role from CANDIDATE to LEADER at term 1 for changeToLeader
2019-09-02 02:59:18,694 [f5200351-47ce-4212-9670-72e625b80f12:group-500748A7AD54:LeaderElection83] INFO  impl.RaftServerImpl (ServerState.java:setLeader(263)) - f5200351-47ce-4212-9670-72e625b80f12:group-500748A7AD54 change Leader from null to f5200351-47ce-4212-9670-72e625b80f12 at term 1 for becomeLeader, leader elected after 5116ms
2019-09-02 02:59:18,695 [f5200351-47ce-4212-9670-72e625b80f12:group-500748A7AD54:LeaderElection83] INFO  server.RaftServerConfigKeys (ConfUtils.java:logGet(43)) - raft.server.staging.catchup.gap = 1000 (default)
2019-09-02 02:59:18,695 [f5200351-47ce-4212-9670-72e625b80f12:group-500748A7AD54:LeaderElection83] INFO  server.RaftServerConfigKeys (ConfUtils.java:logGet(43)) - raft.server.rpc.sleep.time = 25ms (default)
2019-09-02 02:59:18,695 [f5200351-47ce-4212-9670-72e625b80f12:group-500748A7AD54:LeaderElection83] INFO  server.RaftServerConfigKeys (ConfUtils.java:logGet(43)) - raft.server.write.element-limit = 4096 (default)
2019-09-02 02:59:18,695 [f5200351-47ce-4212-9670-72e625b80f12:group-500748A7AD54:LeaderElection83] INFO  server.RaftServerConfigKeys (ConfUtils.java:logGet(43)) - raft.server.watch.timeout = 10s (default)
2019-09-02 02:59:18,695 [f5200351-47ce-4212-9670-72e625b80f12:group-500748A7AD54:LeaderElection83] INFO  server.RaftServerConfigKeys (ConfUtils.java:logGet(43)) - raft.server.watch.timeout.denomination = 1s (default)
2019-09-02 02:59:18,695 [f5200351-47ce-4212-9670-72e625b80f12:group-500748A7AD54:LeaderElection83] INFO  server.RaftServerConfigKeys (ConfUtils.java:logGet(43)) - raft.server.watch.element-limit = 65536 (default)
2019-09-02 02:59:18,695 [f5200351-47ce-4212-9670-72e625b80f12:group-500748A7AD54:LeaderElection83] INFO  impl.RoleInfo (RoleInfo.java:updateAndGet(143)) - f5200351-47ce-4212-9670-72e625b80f12: start LeaderState
2019-09-02 02:59:18,696 [f5200351-47ce-4212-9670-72e625b80f12:group-500748A7AD54:LeaderElection83] INFO  segmented.SegmentedRaftLogWorker (SegmentedRaftLogWorker.java:startLogSegment(380)) - f5200351-47ce-4212-9670-72e625b80f12-SegmentedRaftLogWorker:Storage Directory /workdir/hadoop-ozone/integration-test/target/test-dir/MiniOzoneClusterImpl-95ed0e50-2dca-4589-8b2d-b7f1480a1ca1/datanode-5/data/ratis/44a46104-685b-4c6d-9c90-500748a7ad54: Starting segment from index:0
2019-09-02 02:59:18,696 [f5200351-47ce-4212-9670-72e625b80f12:group-500748A7AD54:LeaderElection83] INFO  impl.RaftServerImpl (ServerState.java:setRaftConf(361)) - f5200351-47ce-4212-9670-72e625b80f12:group-500748A7AD54 set configuration 0: [f5200351-47ce-4212-9670-72e625b80f12:192.168.34.6:40778], old=null at 0
2019-09-02 02:59:18,739 [Thread-4351] INFO  impl.FollowerState (FollowerState.java:run(106)) - 6200eba3-9c3a-4cd5-b165-0febe607b4fe:group-4B4DC87F36DD changes to CANDIDATE, lastRpcTime:5100, electionTimeout:5100ms
2019-09-02 02:59:18,739 [Thread-4351] INFO  impl.RoleInfo (RoleInfo.java:shutdownFollowerState(121)) - 6200eba3-9c3a-4cd5-b165-0febe607b4fe: shutdown FollowerState
2019-09-02 02:59:18,739 [Thread-4351] INFO  impl.RaftServerImpl (RaftServerImpl.java:setRole(171)) - 6200eba3-9c3a-4cd5-b165-0febe607b4fe:group-4B4DC87F36DD changes role from FOLLOWER to CANDIDATE at term 0 for changeToCandidate
2019-09-02 02:59:18,739 [Thread-4351] INFO  impl.RoleInfo (RoleInfo.java:updateAndGet(143)) - 6200eba3-9c3a-4cd5-b165-0febe607b4fe: start LeaderElection
2019-09-02 02:59:18,745 [f5200351-47ce-4212-9670-72e625b80f12-SegmentedRaftLogWorker:Storage Directory /workdir/hadoop-ozone/integration-test/target/test-dir/MiniOzoneClusterImpl-95ed0e50-2dca-4589-8b2d-b7f1480a1ca1/datanode-5/data/ratis/44a46104-685b-4c6d-9c90-500748a7ad54] INFO  segmented.SegmentedRaftLogWorker (SegmentedRaftLogWorker.java:execute(569)) - f5200351-47ce-4212-9670-72e625b80f12-SegmentedRaftLogWorker:Storage Directory /workdir/hadoop-ozone/integration-test/target/test-dir/MiniOzoneClusterImpl-95ed0e50-2dca-4589-8b2d-b7f1480a1ca1/datanode-5/data/ratis/44a46104-685b-4c6d-9c90-500748a7ad54: created new log segment /workdir/hadoop-ozone/integration-test/target/test-dir/MiniOzoneClusterImpl-95ed0e50-2dca-4589-8b2d-b7f1480a1ca1/datanode-5/data/ratis/44a46104-685b-4c6d-9c90-500748a7ad54/current/log_inprogress_0
2019-09-02 02:59:18,758 [6200eba3-9c3a-4cd5-b165-0febe607b4fe:group-4B4DC87F36DD:LeaderElection84] INFO  impl.LeaderElection (LeaderElection.java:askForVotes(181)) - 6200eba3-9c3a-4cd5-b165-0febe607b4fe:group-4B4DC87F36DD:LeaderElection84: begin an election at term 1 for -1: [6200eba3-9c3a-4cd5-b165-0febe607b4fe:192.168.34.6:46451, f5200351-47ce-4212-9670-72e625b80f12:192.168.34.6:40778, 58e57113-ec4e-4e2c-8e08-9b26096286af:192.168.34.6:45179], old=null
2019-09-02 02:59:18,762 [grpc-default-executor-8] INFO  impl.RaftServerImpl (RaftServerImpl.java:setRole(171)) - 58e57113-ec4e-4e2c-8e08-9b26096286af:group-4B4DC87F36DD changes role from FOLLOWER to FOLLOWER at term 1 for recognizeCandidate:6200eba3-9c3a-4cd5-b165-0febe607b4fe
2019-09-02 02:59:18,762 [grpc-default-executor-8] INFO  impl.RoleInfo (RoleInfo.java:shutdownFollowerState(121)) - 58e57113-ec4e-4e2c-8e08-9b26096286af: shutdown FollowerState
2019-09-02 02:59:18,762 [grpc-default-executor-0] INFO  impl.RaftServerImpl (RaftServerImpl.java:setRole(171)) - f5200351-47ce-4212-9670-72e625b80f12:group-4B4DC87F36DD changes role from FOLLOWER to FOLLOWER at term 1 for recognizeCandidate:6200eba3-9c3a-4cd5-b165-0febe607b4fe
2019-09-02 02:59:18,762 [Thread-4346] INFO  impl.FollowerState (FollowerState.java:run(114)) - 58e57113-ec4e-4e2c-8e08-9b26096286af: FollowerState was interrupted: java.lang.InterruptedException: sleep interrupted
2019-09-02 02:59:18,762 [grpc-default-executor-8] INFO  impl.RoleInfo (RoleInfo.java:updateAndGet(143)) - 58e57113-ec4e-4e2c-8e08-9b26096286af: start FollowerState
2019-09-02 02:59:18,762 [grpc-default-executor-0] INFO  impl.RoleInfo (RoleInfo.java:shutdownFollowerState(121)) - f5200351-47ce-4212-9670-72e625b80f12: shutdown FollowerState
2019-09-02 02:59:18,765 [grpc-default-executor-0] INFO  impl.RoleInfo (RoleInfo.java:updateAndGet(143)) - f5200351-47ce-4212-9670-72e625b80f12: start FollowerState
2019-09-02 02:59:18,765 [Thread-4350] INFO  impl.FollowerState (FollowerState.java:run(114)) - f5200351-47ce-4212-9670-72e625b80f12: FollowerState was interrupted: java.lang.InterruptedException: sleep interrupted
2019-09-02 02:59:18,785 [6200eba3-9c3a-4cd5-b165-0febe607b4fe:group-4B4DC87F36DD:LeaderElection84] INFO  impl.LeaderElection (LeaderElection.java:logAndReturn(56)) - 6200eba3-9c3a-4cd5-b165-0febe607b4fe:group-4B4DC87F36DD:LeaderElection84: Election PASSED; received 1 response(s) [6200eba3-9c3a-4cd5-b165-0febe607b4fe<-58e57113-ec4e-4e2c-8e08-9b26096286af#0:OK-t1] and 0 exception(s); 6200eba3-9c3a-4cd5-b165-0febe607b4fe:t1, leader=null, voted=6200eba3-9c3a-4cd5-b165-0febe607b4fe, raftlog=6200eba3-9c3a-4cd5-b165-0febe607b4fe-SegmentedRaftLog:OPENED:c-1,f-1,i0, conf=-1: [6200eba3-9c3a-4cd5-b165-0febe607b4fe:192.168.34.6:46451, f5200351-47ce-4212-9670-72e625b80f12:192.168.34.6:40778, 58e57113-ec4e-4e2c-8e08-9b26096286af:192.168.34.6:45179], old=null
2019-09-02 02:59:18,785 [6200eba3-9c3a-4cd5-b165-0febe607b4fe:group-4B4DC87F36DD:LeaderElection84] INFO  impl.RoleInfo (RoleInfo.java:shutdownLeaderElection(134)) - 6200eba3-9c3a-4cd5-b165-0febe607b4fe: shutdown LeaderElection
2019-09-02 02:59:18,785 [6200eba3-9c3a-4cd5-b165-0febe607b4fe:group-4B4DC87F36DD:LeaderElection84] INFO  impl.RaftServerImpl (RaftServerImpl.java:setRole(171)) - 6200eba3-9c3a-4cd5-b165-0febe607b4fe:group-4B4DC87F36DD changes role from CANDIDATE to LEADER at term 1 for changeToLeader
2019-09-02 02:59:18,785 [6200eba3-9c3a-4cd5-b165-0febe607b4fe:group-4B4DC87F36DD:LeaderElection84] INFO  impl.RaftServerImpl (ServerState.java:setLeader(263)) - 6200eba3-9c3a-4cd5-b165-0febe607b4fe:group-4B4DC87F36DD change Leader from null to 6200eba3-9c3a-4cd5-b165-0febe607b4fe at term 1 for becomeLeader, leader elected after 5159ms
2019-09-02 02:59:18,785 [6200eba3-9c3a-4cd5-b165-0febe607b4fe:group-4B4DC87F36DD:LeaderElection84] INFO  server.RaftServerConfigKeys (ConfUtils.java:logGet(43)) - raft.server.staging.catchup.gap = 1000 (default)
2019-09-02 02:59:18,785 [6200eba3-9c3a-4cd5-b165-0febe607b4fe:group-4B4DC87F36DD:LeaderElection84] INFO  server.RaftServerConfigKeys (ConfUtils.java:logGet(43)) - raft.server.rpc.sleep.time = 25ms (default)
2019-09-02 02:59:18,785 [6200eba3-9c3a-4cd5-b165-0febe607b4fe:group-4B4DC87F36DD:LeaderElection84] INFO  server.RaftServerConfigKeys (ConfUtils.java:logGet(43)) - raft.server.write.element-limit = 4096 (default)
2019-09-02 02:59:18,786 [6200eba3-9c3a-4cd5-b165-0febe607b4fe:group-4B4DC87F36DD:LeaderElection84] INFO  server.RaftServerConfigKeys (ConfUtils.java:logGet(43)) - raft.server.watch.timeout = 10s (default)
2019-09-02 02:59:18,786 [6200eba3-9c3a-4cd5-b165-0febe607b4fe:group-4B4DC87F36DD:LeaderElection84] INFO  server.RaftServerConfigKeys (ConfUtils.java:logGet(43)) - raft.server.watch.timeout.denomination = 1s (default)
2019-09-02 02:59:18,786 [6200eba3-9c3a-4cd5-b165-0febe607b4fe:group-4B4DC87F36DD:LeaderElection84] INFO  server.RaftServerConfigKeys (ConfUtils.java:logGet(43)) - raft.server.watch.element-limit = 65536 (default)
2019-09-02 02:59:18,786 [6200eba3-9c3a-4cd5-b165-0febe607b4fe:group-4B4DC87F36DD:LeaderElection84] INFO  server.RaftServerConfigKeys (ConfUtils.java:logGet(43)) - raft.server.log.appender.snapshot.chunk.size.max = 16MB (=16777216) (default)
2019-09-02 02:59:18,786 [6200eba3-9c3a-4cd5-b165-0febe607b4fe:group-4B4DC87F36DD:LeaderElection84] INFO  server.RaftServerConfigKeys (ConfUtils.java:logGet(43)) - raft.server.log.appender.buffer.byte-limit = 33554432 (custom)
2019-09-02 02:59:18,786 [6200eba3-9c3a-4cd5-b165-0febe607b4fe:group-4B4DC87F36DD:LeaderElection84] INFO  server.RaftServerConfigKeys (ConfUtils.java:logGet(43)) - raft.server.log.appender.buffer.element-limit = 1 (custom)
2019-09-02 02:59:18,787 [6200eba3-9c3a-4cd5-b165-0febe607b4fe:group-4B4DC87F36DD:LeaderElection84] INFO  grpc.GrpcConfigKeys$Server (ConfUtils.java:logGet(43)) - raft.grpc.server.leader.outstanding.appends.max = 128 (default)
2019-09-02 02:59:18,787 [6200eba3-9c3a-4cd5-b165-0febe607b4fe:group-4B4DC87F36DD:LeaderElection84] INFO  server.RaftServerConfigKeys (ConfUtils.java:logGet(43)) - raft.server.rpc.request.timeout = 3000ms (default)
2019-09-02 02:59:18,787 [6200eba3-9c3a-4cd5-b165-0febe607b4fe:group-4B4DC87F36DD:LeaderElection84] INFO  server.RaftServerConfigKeys (ConfUtils.java:logGet(43)) - raft.server.log.appender.install.snapshot.enabled = false (custom)
2019-09-02 02:59:18,787 [6200eba3-9c3a-4cd5-b165-0febe607b4fe:group-4B4DC87F36DD:LeaderElection84] INFO  server.RaftServerConfigKeys (ConfUtils.java:logGet(43)) - raft.server.log.appender.snapshot.chunk.size.max = 16MB (=16777216) (default)
2019-09-02 02:59:18,787 [6200eba3-9c3a-4cd5-b165-0febe607b4fe:group-4B4DC87F36DD:LeaderElection84] INFO  server.RaftServerConfigKeys (ConfUtils.java:logGet(43)) - raft.server.log.appender.buffer.byte-limit = 33554432 (custom)
2019-09-02 02:59:18,787 [6200eba3-9c3a-4cd5-b165-0febe607b4fe:group-4B4DC87F36DD:LeaderElection84] INFO  server.RaftServerConfigKeys (ConfUtils.java:logGet(43)) - raft.server.log.appender.buffer.element-limit = 1 (custom)
2019-09-02 02:59:18,787 [6200eba3-9c3a-4cd5-b165-0febe607b4fe:group-4B4DC87F36DD:LeaderElection84] INFO  grpc.GrpcConfigKeys$Server (ConfUtils.java:logGet(43)) - raft.grpc.server.leader.outstanding.appends.max = 128 (default)
2019-09-02 02:59:18,788 [6200eba3-9c3a-4cd5-b165-0febe607b4fe:group-4B4DC87F36DD:LeaderElection84] INFO  server.RaftServerConfigKeys (ConfUtils.java:logGet(43)) - raft.server.rpc.request.timeout = 3000ms (default)
2019-09-02 02:59:18,788 [6200eba3-9c3a-4cd5-b165-0febe607b4fe:group-4B4DC87F36DD:LeaderElection84] INFO  server.RaftServerConfigKeys (ConfUtils.java:logGet(43)) - raft.server.log.appender.install.snapshot.enabled = false (custom)
2019-09-02 02:59:18,788 [6200eba3-9c3a-4cd5-b165-0febe607b4fe:group-4B4DC87F36DD:LeaderElection84] INFO  impl.RoleInfo (RoleInfo.java:updateAndGet(143)) - 6200eba3-9c3a-4cd5-b165-0febe607b4fe: start LeaderState
2019-09-02 02:59:18,788 [6200eba3-9c3a-4cd5-b165-0febe607b4fe:group-4B4DC87F36DD:LeaderElection84] INFO  segmented.SegmentedRaftLogWorker (SegmentedRaftLogWorker.java:startLogSegment(380)) - 6200eba3-9c3a-4cd5-b165-0febe607b4fe-SegmentedRaftLogWorker:Storage Directory /workdir/hadoop-ozone/integration-test/target/test-dir/MiniOzoneClusterImpl-95ed0e50-2dca-4589-8b2d-b7f1480a1ca1/datanode-4/data/ratis/b5b8c1c8-0b9f-4c3c-bf94-4b4dc87f36dd: Starting segment from index:0
2019-09-02 02:59:18,789 [6200eba3-9c3a-4cd5-b165-0febe607b4fe:group-4B4DC87F36DD:LeaderElection84] INFO  impl.RaftServerImpl (ServerState.java:setRaftConf(361)) - 6200eba3-9c3a-4cd5-b165-0febe607b4fe:group-4B4DC87F36DD set configuration 0: [6200eba3-9c3a-4cd5-b165-0febe607b4fe:192.168.34.6:46451, f5200351-47ce-4212-9670-72e625b80f12:192.168.34.6:40778, 58e57113-ec4e-4e2c-8e08-9b26096286af:192.168.34.6:45179], old=null at 0
2019-09-02 02:59:18,831 [grpc-default-executor-8] INFO  impl.RaftServerImpl (ServerState.java:setLeader(263)) - f5200351-47ce-4212-9670-72e625b80f12:group-4B4DC87F36DD change Leader from null to 6200eba3-9c3a-4cd5-b165-0febe607b4fe at term 1 for appendEntries, leader elected after 5205ms
2019-09-02 02:59:18,831 [grpc-default-executor-0] INFO  impl.RaftServerImpl (ServerState.java:setLeader(263)) - 58e57113-ec4e-4e2c-8e08-9b26096286af:group-4B4DC87F36DD change Leader from null to 6200eba3-9c3a-4cd5-b165-0febe607b4fe at term 1 for appendEntries, leader elected after 5205ms
2019-09-02 02:59:18,833 [grpc-default-executor-0] INFO  impl.RaftServerImpl (ServerState.java:setRaftConf(361)) - f5200351-47ce-4212-9670-72e625b80f12:group-4B4DC87F36DD set configuration 0: [6200eba3-9c3a-4cd5-b165-0febe607b4fe:192.168.34.6:46451, f5200351-47ce-4212-9670-72e625b80f12:192.168.34.6:40778, 58e57113-ec4e-4e2c-8e08-9b26096286af:192.168.34.6:45179], old=null at 0
2019-09-02 02:59:18,833 [grpc-default-executor-8] INFO  impl.RaftServerImpl (ServerState.java:setRaftConf(361)) - 58e57113-ec4e-4e2c-8e08-9b26096286af:group-4B4DC87F36DD set configuration 0: [6200eba3-9c3a-4cd5-b165-0febe607b4fe:192.168.34.6:46451, f5200351-47ce-4212-9670-72e625b80f12:192.168.34.6:40778, 58e57113-ec4e-4e2c-8e08-9b26096286af:192.168.34.6:45179], old=null at 0
2019-09-02 02:59:18,833 [grpc-default-executor-0] INFO  segmented.SegmentedRaftLogWorker (SegmentedRaftLogWorker.java:startLogSegment(380)) - f5200351-47ce-4212-9670-72e625b80f12-SegmentedRaftLogWorker:Storage Directory /workdir/hadoop-ozone/integration-test/target/test-dir/MiniOzoneClusterImpl-95ed0e50-2dca-4589-8b2d-b7f1480a1ca1/datanode-5/data/ratis/b5b8c1c8-0b9f-4c3c-bf94-4b4dc87f36dd: Starting segment from index:0
2019-09-02 02:59:18,833 [grpc-default-executor-8] INFO  segmented.SegmentedRaftLogWorker (SegmentedRaftLogWorker.java:startLogSegment(380)) - 58e57113-ec4e-4e2c-8e08-9b26096286af-SegmentedRaftLogWorker:Storage Directory /workdir/hadoop-ozone/integration-test/target/test-dir/MiniOzoneClusterImpl-95ed0e50-2dca-4589-8b2d-b7f1480a1ca1/datanode-3/data/ratis/b5b8c1c8-0b9f-4c3c-bf94-4b4dc87f36dd: Starting segment from index:0
2019-09-02 02:59:18,839 [6200eba3-9c3a-4cd5-b165-0febe607b4fe-SegmentedRaftLogWorker:Storage Directory /workdir/hadoop-ozone/integration-test/target/test-dir/MiniOzoneClusterImpl-95ed0e50-2dca-4589-8b2d-b7f1480a1ca1/datanode-4/data/ratis/b5b8c1c8-0b9f-4c3c-bf94-4b4dc87f36dd] INFO  segmented.SegmentedRaftLogWorker (SegmentedRaftLogWorker.java:execute(569)) - 6200eba3-9c3a-4cd5-b165-0febe607b4fe-SegmentedRaftLogWorker:Storage Directory /workdir/hadoop-ozone/integration-test/target/test-dir/MiniOzoneClusterImpl-95ed0e50-2dca-4589-8b2d-b7f1480a1ca1/datanode-4/data/ratis/b5b8c1c8-0b9f-4c3c-bf94-4b4dc87f36dd: created new log segment /workdir/hadoop-ozone/integration-test/target/test-dir/MiniOzoneClusterImpl-95ed0e50-2dca-4589-8b2d-b7f1480a1ca1/datanode-4/data/ratis/b5b8c1c8-0b9f-4c3c-bf94-4b4dc87f36dd/current/log_inprogress_0
2019-09-02 02:59:18,877 | INFO  | SCMAudit | user=jenkins1000 | ip=192.168.34.6 | op=SEND_HEARTBEAT {datanodeUUID=881b483d-3350-4cb0-9dfa-0b51e2558016, command=[]} | ret=SUCCESS |  
2019-09-02 02:59:18,877 [58e57113-ec4e-4e2c-8e08-9b26096286af-SegmentedRaftLogWorker:Storage Directory /workdir/hadoop-ozone/integration-test/target/test-dir/MiniOzoneClusterImpl-95ed0e50-2dca-4589-8b2d-b7f1480a1ca1/datanode-3/data/ratis/b5b8c1c8-0b9f-4c3c-bf94-4b4dc87f36dd] INFO  segmented.SegmentedRaftLogWorker (SegmentedRaftLogWorker.java:execute(569)) - 58e57113-ec4e-4e2c-8e08-9b26096286af-SegmentedRaftLogWorker:Storage Directory /workdir/hadoop-ozone/integration-test/target/test-dir/MiniOzoneClusterImpl-95ed0e50-2dca-4589-8b2d-b7f1480a1ca1/datanode-3/data/ratis/b5b8c1c8-0b9f-4c3c-bf94-4b4dc87f36dd: created new log segment /workdir/hadoop-ozone/integration-test/target/test-dir/MiniOzoneClusterImpl-95ed0e50-2dca-4589-8b2d-b7f1480a1ca1/datanode-3/data/ratis/b5b8c1c8-0b9f-4c3c-bf94-4b4dc87f36dd/current/log_inprogress_0
2019-09-02 02:59:18,877 [f5200351-47ce-4212-9670-72e625b80f12-SegmentedRaftLogWorker:Storage Directory /workdir/hadoop-ozone/integration-test/target/test-dir/MiniOzoneClusterImpl-95ed0e50-2dca-4589-8b2d-b7f1480a1ca1/datanode-5/data/ratis/b5b8c1c8-0b9f-4c3c-bf94-4b4dc87f36dd] INFO  segmented.SegmentedRaftLogWorker (SegmentedRaftLogWorker.java:execute(569)) - f5200351-47ce-4212-9670-72e625b80f12-SegmentedRaftLogWorker:Storage Directory /workdir/hadoop-ozone/integration-test/target/test-dir/MiniOzoneClusterImpl-95ed0e50-2dca-4589-8b2d-b7f1480a1ca1/datanode-5/data/ratis/b5b8c1c8-0b9f-4c3c-bf94-4b4dc87f36dd: created new log segment /workdir/hadoop-ozone/integration-test/target/test-dir/MiniOzoneClusterImpl-95ed0e50-2dca-4589-8b2d-b7f1480a1ca1/datanode-5/data/ratis/b5b8c1c8-0b9f-4c3c-bf94-4b4dc87f36dd/current/log_inprogress_0
2019-09-02 02:59:18,978 | INFO  | SCMAudit | user=jenkins1000 | ip=192.168.34.6 | op=SEND_HEARTBEAT {datanodeUUID=14e62e22-4066-45fc-b669-f81f16730274, command=[]} | ret=SUCCESS |  
2019-09-02 02:59:19,064 | INFO  | SCMAudit | user=jenkins1000 | ip=192.168.34.6 | op=SEND_HEARTBEAT {datanodeUUID=9222fa3a-6d54-4d5e-ab04-cee29767e203, command=[]} | ret=SUCCESS |  
2019-09-02 02:59:19,139 [Thread-4358] INFO  impl.FollowerState (FollowerState.java:run(106)) - 14e62e22-4066-45fc-b669-f81f16730274:group-206E32A68343 changes to CANDIDATE, lastRpcTime:5110, electionTimeout:5110ms
2019-09-02 02:59:19,139 [Thread-4358] INFO  impl.RoleInfo (RoleInfo.java:shutdownFollowerState(121)) - 14e62e22-4066-45fc-b669-f81f16730274: shutdown FollowerState
2019-09-02 02:59:19,139 [Thread-4358] INFO  impl.RaftServerImpl (RaftServerImpl.java:setRole(171)) - 14e62e22-4066-45fc-b669-f81f16730274:group-206E32A68343 changes role from FOLLOWER to CANDIDATE at term 0 for changeToCandidate
2019-09-02 02:59:19,139 [Thread-4358] INFO  impl.RoleInfo (RoleInfo.java:updateAndGet(143)) - 14e62e22-4066-45fc-b669-f81f16730274: start LeaderElection
2019-09-02 02:59:19,156 [14e62e22-4066-45fc-b669-f81f16730274:group-206E32A68343:LeaderElection85] INFO  impl.LeaderElection (LeaderElection.java:askForVotes(181)) - 14e62e22-4066-45fc-b669-f81f16730274:group-206E32A68343:LeaderElection85: begin an election at term 1 for -1: [14e62e22-4066-45fc-b669-f81f16730274:192.168.34.6:45427], old=null
2019-09-02 02:59:19,156 [14e62e22-4066-45fc-b669-f81f16730274:group-206E32A68343:LeaderElection85] INFO  impl.RoleInfo (RoleInfo.java:shutdownLeaderElection(134)) - 14e62e22-4066-45fc-b669-f81f16730274: shutdown LeaderElection
2019-09-02 02:59:19,156 [14e62e22-4066-45fc-b669-f81f16730274:group-206E32A68343:LeaderElection85] INFO  impl.RaftServerImpl (RaftServerImpl.java:setRole(171)) - 14e62e22-4066-45fc-b669-f81f16730274:group-206E32A68343 changes role from CANDIDATE to LEADER at term 1 for changeToLeader
2019-09-02 02:59:19,156 [14e62e22-4066-45fc-b669-f81f16730274:group-206E32A68343:LeaderElection85] INFO  impl.RaftServerImpl (ServerState.java:setLeader(263)) - 14e62e22-4066-45fc-b669-f81f16730274:group-206E32A68343 change Leader from null to 14e62e22-4066-45fc-b669-f81f16730274 at term 1 for becomeLeader, leader elected after 5130ms
2019-09-02 02:59:19,157 [14e62e22-4066-45fc-b669-f81f16730274:group-206E32A68343:LeaderElection85] INFO  server.RaftServerConfigKeys (ConfUtils.java:logGet(43)) - raft.server.staging.catchup.gap = 1000 (default)
2019-09-02 02:59:19,157 [14e62e22-4066-45fc-b669-f81f16730274:group-206E32A68343:LeaderElection85] INFO  server.RaftServerConfigKeys (ConfUtils.java:logGet(43)) - raft.server.rpc.sleep.time = 25ms (default)
2019-09-02 02:59:19,157 [14e62e22-4066-45fc-b669-f81f16730274:group-206E32A68343:LeaderElection85] INFO  server.RaftServerConfigKeys (ConfUtils.java:logGet(43)) - raft.server.write.element-limit = 4096 (default)
2019-09-02 02:59:19,157 [14e62e22-4066-45fc-b669-f81f16730274:group-206E32A68343:LeaderElection85] INFO  server.RaftServerConfigKeys (ConfUtils.java:logGet(43)) - raft.server.watch.timeout = 10s (default)
2019-09-02 02:59:19,157 [14e62e22-4066-45fc-b669-f81f16730274:group-206E32A68343:LeaderElection85] INFO  server.RaftServerConfigKeys (ConfUtils.java:logGet(43)) - raft.server.watch.timeout.denomination = 1s (default)
2019-09-02 02:59:19,157 [14e62e22-4066-45fc-b669-f81f16730274:group-206E32A68343:LeaderElection85] INFO  server.RaftServerConfigKeys (ConfUtils.java:logGet(43)) - raft.server.watch.element-limit = 65536 (default)
2019-09-02 02:59:19,157 [14e62e22-4066-45fc-b669-f81f16730274:group-206E32A68343:LeaderElection85] INFO  impl.RoleInfo (RoleInfo.java:updateAndGet(143)) - 14e62e22-4066-45fc-b669-f81f16730274: start LeaderState
2019-09-02 02:59:19,158 [14e62e22-4066-45fc-b669-f81f16730274:group-206E32A68343:LeaderElection85] INFO  segmented.SegmentedRaftLogWorker (SegmentedRaftLogWorker.java:startLogSegment(380)) - 14e62e22-4066-45fc-b669-f81f16730274-SegmentedRaftLogWorker:Storage Directory /workdir/hadoop-ozone/integration-test/target/test-dir/MiniOzoneClusterImpl-95ed0e50-2dca-4589-8b2d-b7f1480a1ca1/datanode-6/data/ratis/5907bd7a-f101-45ed-bc94-206e32a68343: Starting segment from index:0
2019-09-02 02:59:19,158 [14e62e22-4066-45fc-b669-f81f16730274:group-206E32A68343:LeaderElection85] INFO  impl.RaftServerImpl (ServerState.java:setRaftConf(361)) - 14e62e22-4066-45fc-b669-f81f16730274:group-206E32A68343 set configuration 0: [14e62e22-4066-45fc-b669-f81f16730274:192.168.34.6:45427], old=null at 0
2019-09-02 02:59:19,208 [14e62e22-4066-45fc-b669-f81f16730274-SegmentedRaftLogWorker:Storage Directory /workdir/hadoop-ozone/integration-test/target/test-dir/MiniOzoneClusterImpl-95ed0e50-2dca-4589-8b2d-b7f1480a1ca1/datanode-6/data/ratis/5907bd7a-f101-45ed-bc94-206e32a68343] INFO  segmented.SegmentedRaftLogWorker (SegmentedRaftLogWorker.java:execute(569)) - 14e62e22-4066-45fc-b669-f81f16730274-SegmentedRaftLogWorker:Storage Directory /workdir/hadoop-ozone/integration-test/target/test-dir/MiniOzoneClusterImpl-95ed0e50-2dca-4589-8b2d-b7f1480a1ca1/datanode-6/data/ratis/5907bd7a-f101-45ed-bc94-206e32a68343: created new log segment /workdir/hadoop-ozone/integration-test/target/test-dir/MiniOzoneClusterImpl-95ed0e50-2dca-4589-8b2d-b7f1480a1ca1/datanode-6/data/ratis/5907bd7a-f101-45ed-bc94-206e32a68343/current/log_inprogress_0
2019-09-02 02:59:19,231 | INFO  | SCMAudit | user=jenkins1000 | ip=192.168.34.6 | op=SEND_HEARTBEAT {datanodeUUID=58e57113-ec4e-4e2c-8e08-9b26096286af, command=[]} | ret=SUCCESS |  
2019-09-02 02:59:19,232 | INFO  | DNAudit | user=null | ip=null | op=WRITE_CHUNK {blockData=conID: 1 locID: 102720677808832532 bcsId: 0} | ret=SUCCESS |  
2019-09-02 02:59:19,232 | INFO  | DNAudit | user=null | ip=null | op=WRITE_CHUNK {blockData=conID: 1 locID: 102720677808832532 bcsId: 0} | ret=SUCCESS |  
2019-09-02 02:59:19,232 | INFO  | SCMAudit | user=jenkins1000 | ip=192.168.34.6 | op=SEND_HEARTBEAT {datanodeUUID=9222fa3a-6d54-4d5e-ab04-cee29767e203, command=[]} | ret=SUCCESS |  
2019-09-02 02:59:19,232 | INFO  | SCMAudit | user=jenkins1000 | ip=192.168.34.6 | op=SEND_HEARTBEAT {datanodeUUID=50da3d7a-a47f-41c7-ad75-11072bd7a70e, command=[]} | ret=SUCCESS |  
2019-09-02 02:59:19,232 | INFO  | DNAudit | user=null | ip=null | op=WRITE_CHUNK {blockData=conID: 1 locID: 102720677808832532 bcsId: 0} | ret=SUCCESS |  
2019-09-02 02:59:19,232 | INFO  | SCMAudit | user=jenkins1000 | ip=192.168.34.6 | op=SEND_HEARTBEAT {datanodeUUID=881b483d-3350-4cb0-9dfa-0b51e2558016, command=[]} | ret=SUCCESS |  
2019-09-02 02:59:19,244 | INFO  | DNAudit | user=null | ip=null | op=WRITE_CHUNK {blockData=conID: 1 locID: 102720677808832532 bcsId: 0} | ret=SUCCESS |  
2019-09-02 02:59:19,251 [grpc-default-executor-5] INFO  client.GrpcClientProtocolClient (GrpcClientProtocolClient.java:onNext(255)) - client-904A9FC23EFB->881b483d-3350-4cb0-9dfa-0b51e2558016: receive RaftClientReply:client-904A9FC23EFB->881b483d-3350-4cb0-9dfa-0b51e2558016@group-D9FA4A56B95D, cid=229, SUCCESS, logIndex=1, commits[881b483d-3350-4cb0-9dfa-0b51e2558016:c1, 50da3d7a-a47f-41c7-ad75-11072bd7a70e:c0, 9222fa3a-6d54-4d5e-ab04-cee29767e203:c0]
2019-09-02 02:59:19,255 | INFO  | DNAudit | user=null | ip=null | op=WRITE_CHUNK {blockData=conID: 1 locID: 102720677808832532 bcsId: 0} | ret=SUCCESS |  
2019-09-02 02:59:19,256 | INFO  | DNAudit | user=null | ip=null | op=WRITE_CHUNK {blockData=conID: 1 locID: 102720677808832532 bcsId: 0} | ret=SUCCESS |  
2019-09-02 02:59:19,256 | INFO  | DNAudit | user=null | ip=null | op=WRITE_CHUNK {blockData=conID: 1 locID: 102720677808832532 bcsId: 0} | ret=SUCCESS |  
2019-09-02 02:59:19,256 | INFO  | DNAudit | user=null | ip=null | op=WRITE_CHUNK {blockData=conID: 1 locID: 102720677808832532 bcsId: 0} | ret=SUCCESS |  
2019-09-02 02:59:19,256 | INFO  | DNAudit | user=null | ip=null | op=WRITE_CHUNK {blockData=conID: 1 locID: 102720677808832532 bcsId: 0} | ret=SUCCESS |  
2019-09-02 02:59:19,257 | INFO  | DNAudit | user=null | ip=null | op=WRITE_CHUNK {blockData=conID: 1 locID: 102720677808832532 bcsId: 0} | ret=SUCCESS |  
2019-09-02 02:59:19,257 | INFO  | DNAudit | user=null | ip=null | op=WRITE_CHUNK {blockData=conID: 1 locID: 102720677808832532 bcsId: 0} | ret=SUCCESS |  
2019-09-02 02:59:19,257 | INFO  | DNAudit | user=null | ip=null | op=WRITE_CHUNK {blockData=conID: 1 locID: 102720677808832532 bcsId: 0} | ret=SUCCESS |  
2019-09-02 02:59:19,257 | INFO  | DNAudit | user=null | ip=null | op=WRITE_CHUNK {blockData=conID: 1 locID: 102720677808832532 bcsId: 0} | ret=SUCCESS |  
2019-09-02 02:59:19,278 | INFO  | DNAudit | user=null | ip=null | op=WRITE_CHUNK {blockData=conID: 1 locID: 102720677808832532 bcsId: 0} | ret=SUCCESS |  
2019-09-02 02:59:19,278 | INFO  | DNAudit | user=null | ip=null | op=WRITE_CHUNK {blockData=conID: 1 locID: 102720677808832532 bcsId: 0} | ret=SUCCESS |  
2019-09-02 02:59:19,279 | INFO  | DNAudit | user=null | ip=null | op=WRITE_CHUNK {blockData=conID: 1 locID: 102720677808832532 bcsId: 0} | ret=SUCCESS |  
2019-09-02 02:59:19,284 [grpc-default-executor-0] INFO  client.GrpcClientProtocolClient (GrpcClientProtocolClient.java:onNext(255)) - client-904A9FC23EFB->881b483d-3350-4cb0-9dfa-0b51e2558016: receive RaftClientReply:client-904A9FC23EFB->881b483d-3350-4cb0-9dfa-0b51e2558016@group-D9FA4A56B95D, cid=230, SUCCESS, logIndex=3, commits[881b483d-3350-4cb0-9dfa-0b51e2558016:c4, 50da3d7a-a47f-41c7-ad75-11072bd7a70e:c1, 9222fa3a-6d54-4d5e-ab04-cee29767e203:c1]
2019-09-02 02:59:19,290 | INFO  | DNAudit | user=null | ip=null | op=WRITE_CHUNK {blockData=conID: 1 locID: 102720677808832532 bcsId: 0} | ret=SUCCESS |  
2019-09-02 02:59:19,291 | INFO  | DNAudit | user=null | ip=null | op=WRITE_CHUNK {blockData=conID: 1 locID: 102720677808832532 bcsId: 0} | ret=SUCCESS |  
2019-09-02 02:59:19,345 | INFO  | DNAudit | user=null | ip=null | op=PUT_BLOCK {blockData=[blockId=conID: 1 locID: 102720677808832532 bcsId: 0,size=200]} | ret=SUCCESS |  
2019-09-02 02:59:19,346 | INFO  | DNAudit | user=null | ip=null | op=WRITE_CHUNK {blockData=conID: 1 locID: 102720677808832532 bcsId: 0} | ret=SUCCESS |  
2019-09-02 02:59:19,346 | INFO  | DNAudit | user=null | ip=null | op=WRITE_CHUNK {blockData=conID: 1 locID: 102720677808832532 bcsId: 0} | ret=SUCCESS |  
2019-09-02 02:59:19,346 [grpc-default-executor-5] INFO  client.GrpcClientProtocolClient (GrpcClientProtocolClient.java:onNext(255)) - client-904A9FC23EFB->881b483d-3350-4cb0-9dfa-0b51e2558016: receive RaftClientReply:client-904A9FC23EFB->881b483d-3350-4cb0-9dfa-0b51e2558016@group-D9FA4A56B95D, cid=231, SUCCESS, logIndex=4, commits[881b483d-3350-4cb0-9dfa-0b51e2558016:c12, 50da3d7a-a47f-41c7-ad75-11072bd7a70e:c7, 9222fa3a-6d54-4d5e-ab04-cee29767e203:c7]
2019-09-02 02:59:19,347 [grpc-default-executor-5] INFO  client.GrpcClientProtocolClient (GrpcClientProtocolClient.java:onNext(255)) - client-904A9FC23EFB->881b483d-3350-4cb0-9dfa-0b51e2558016: receive RaftClientReply:client-904A9FC23EFB->881b483d-3350-4cb0-9dfa-0b51e2558016@group-D9FA4A56B95D, cid=232, SUCCESS, logIndex=5, commits[881b483d-3350-4cb0-9dfa-0b51e2558016:c12, 50da3d7a-a47f-41c7-ad75-11072bd7a70e:c7, 9222fa3a-6d54-4d5e-ab04-cee29767e203:c7]
2019-09-02 02:59:19,347 [grpc-default-executor-5] INFO  client.GrpcClientProtocolClient (GrpcClientProtocolClient.java:onNext(255)) - client-904A9FC23EFB->881b483d-3350-4cb0-9dfa-0b51e2558016: receive RaftClientReply:client-904A9FC23EFB->881b483d-3350-4cb0-9dfa-0b51e2558016@group-D9FA4A56B95D, cid=233, SUCCESS, logIndex=6, commits[881b483d-3350-4cb0-9dfa-0b51e2558016:c12, 50da3d7a-a47f-41c7-ad75-11072bd7a70e:c7, 9222fa3a-6d54-4d5e-ab04-cee29767e203:c7]
2019-09-02 02:59:19,381 | INFO  | SCMAudit | user=jenkins1000 | ip=192.168.34.6 | op=SEND_HEARTBEAT {datanodeUUID=6200eba3-9c3a-4cd5-b165-0febe607b4fe, command=[]} | ret=SUCCESS |  
2019-09-02 02:59:19,403 | INFO  | DNAudit | user=null | ip=null | op=PUT_BLOCK {blockData=[blockId=conID: 1 locID: 102720677808832532 bcsId: 0,size=200]} | ret=SUCCESS |  
2019-09-02 02:59:19,404 | INFO  | DNAudit | user=null | ip=null | op=WRITE_CHUNK {blockData=conID: 1 locID: 102720677808832532 bcsId: 0} | ret=SUCCESS |  
2019-09-02 02:59:19,404 | INFO  | DNAudit | user=null | ip=null | op=WRITE_CHUNK {blockData=conID: 1 locID: 102720677808832532 bcsId: 0} | ret=SUCCESS |  
2019-09-02 02:59:19,461 | INFO  | DNAudit | user=null | ip=null | op=PUT_BLOCK {blockData=[blockId=conID: 1 locID: 102720677808832532 bcsId: 0,size=400]} | ret=SUCCESS |  
2019-09-02 02:59:19,461 | INFO  | DNAudit | user=null | ip=null | op=PUT_BLOCK {blockData=[blockId=conID: 1 locID: 102720677808832532 bcsId: 0,size=400]} | ret=SUCCESS |  
2019-09-02 02:59:19,461 | INFO  | DNAudit | user=null | ip=null | op=PUT_BLOCK {blockData=[blockId=conID: 1 locID: 102720677808832532 bcsId: 0,size=200]} | ret=SUCCESS |  
2019-09-02 02:59:19,461 | INFO  | DNAudit | user=null | ip=null | op=WRITE_CHUNK {blockData=conID: 1 locID: 102720677808832532 bcsId: 0} | ret=SUCCESS |  
2019-09-02 02:59:19,462 | INFO  | DNAudit | user=null | ip=null | op=WRITE_CHUNK {blockData=conID: 1 locID: 102720677808832532 bcsId: 0} | ret=SUCCESS |  
2019-09-02 02:59:19,462 [grpc-default-executor-5] INFO  client.GrpcClientProtocolClient (GrpcClientProtocolClient.java:onNext(255)) - client-904A9FC23EFB->881b483d-3350-4cb0-9dfa-0b51e2558016: receive RaftClientReply:client-904A9FC23EFB->881b483d-3350-4cb0-9dfa-0b51e2558016@group-D9FA4A56B95D, cid=234, SUCCESS, logIndex=7, commits[881b483d-3350-4cb0-9dfa-0b51e2558016:c12, 50da3d7a-a47f-41c7-ad75-11072bd7a70e:c7, 9222fa3a-6d54-4d5e-ab04-cee29767e203:c7]
2019-09-02 02:59:19,462 | INFO  | DNAudit | user=null | ip=null | op=PUT_BLOCK {blockData=[blockId=conID: 1 locID: 102720677808832532 bcsId: 0,size=400]} | ret=SUCCESS |  
2019-09-02 02:59:19,465 | INFO  | DNAudit | user=null | ip=null | op=WRITE_CHUNK {blockData=conID: 1 locID: 102720677808832532 bcsId: 7} | ret=SUCCESS |  
2019-09-02 02:59:19,467 | INFO  | DNAudit | user=null | ip=null | op=WRITE_CHUNK {blockData=conID: 1 locID: 102720677808832532 bcsId: 7} | ret=SUCCESS |  
2019-09-02 02:59:19,467 | INFO  | DNAudit | user=null | ip=null | op=WRITE_CHUNK {blockData=conID: 1 locID: 102720677808832532 bcsId: 7} | ret=SUCCESS |  
2019-09-02 02:59:19,480 | INFO  | DNAudit | user=null | ip=null | op=WRITE_CHUNK {blockData=conID: 1 locID: 102720677808832532 bcsId: 7} | ret=SUCCESS |  
2019-09-02 02:59:19,481 [grpc-default-executor-5] INFO  client.GrpcClientProtocolClient (GrpcClientProtocolClient.java:onNext(255)) - client-904A9FC23EFB->881b483d-3350-4cb0-9dfa-0b51e2558016: receive RaftClientReply:client-904A9FC23EFB->881b483d-3350-4cb0-9dfa-0b51e2558016@group-D9FA4A56B95D, cid=235, SUCCESS, logIndex=13, commits[881b483d-3350-4cb0-9dfa-0b51e2558016:c13, 50da3d7a-a47f-41c7-ad75-11072bd7a70e:c12, 9222fa3a-6d54-4d5e-ab04-cee29767e203:c12]
2019-09-02 02:59:19,490 | INFO  | DNAudit | user=null | ip=null | op=PUT_BLOCK {blockData=[blockId=conID: 1 locID: 102720677808832532 bcsId: 0,size=450]} | ret=SUCCESS |  
2019-09-02 02:59:19,490 | INFO  | DNAudit | user=null | ip=null | op=WRITE_CHUNK {blockData=conID: 1 locID: 102720677808832532 bcsId: 7} | ret=SUCCESS |  
2019-09-02 02:59:19,495 | INFO  | DNAudit | user=null | ip=null | op=WRITE_CHUNK {blockData=conID: 1 locID: 102720677808832532 bcsId: 7} | ret=SUCCESS |  
2019-09-02 02:59:19,495 [grpc-default-executor-5] INFO  client.GrpcClientProtocolClient (GrpcClientProtocolClient.java:onNext(255)) - client-904A9FC23EFB->881b483d-3350-4cb0-9dfa-0b51e2558016: receive RaftClientReply:client-904A9FC23EFB->881b483d-3350-4cb0-9dfa-0b51e2558016@group-D9FA4A56B95D, cid=236, SUCCESS, logIndex=14, commits[881b483d-3350-4cb0-9dfa-0b51e2558016:c14, 50da3d7a-a47f-41c7-ad75-11072bd7a70e:c12, 9222fa3a-6d54-4d5e-ab04-cee29767e203:c12]
2019-09-02 02:59:19,541 | INFO  | SCMAudit | user=jenkins1000 | ip=192.168.34.6 | op=SEND_HEARTBEAT {datanodeUUID=f5200351-47ce-4212-9670-72e625b80f12, command=[]} | ret=SUCCESS |  
2019-09-02 02:59:19,978 | INFO  | SCMAudit | user=jenkins1000 | ip=192.168.34.6 | op=SEND_HEARTBEAT {datanodeUUID=14e62e22-4066-45fc-b669-f81f16730274, command=[]} | ret=SUCCESS |  
2019-09-02 02:59:20,228 | INFO  | SCMAudit | user=jenkins1000 | ip=192.168.34.6 | op=SEND_HEARTBEAT {datanodeUUID=58e57113-ec4e-4e2c-8e08-9b26096286af, command=[]} | ret=SUCCESS |  
2019-09-02 02:59:20,233 | INFO  | SCMAudit | user=jenkins1000 | ip=192.168.34.6 | op=SEND_HEARTBEAT {datanodeUUID=881b483d-3350-4cb0-9dfa-0b51e2558016, command=[]} | ret=SUCCESS |  
2019-09-02 02:59:20,233 | INFO  | SCMAudit | user=jenkins1000 | ip=192.168.34.6 | op=SEND_HEARTBEAT {datanodeUUID=9222fa3a-6d54-4d5e-ab04-cee29767e203, command=[]} | ret=SUCCESS |  
2019-09-02 02:59:20,233 | INFO  | SCMAudit | user=jenkins1000 | ip=192.168.34.6 | op=SEND_HEARTBEAT {datanodeUUID=50da3d7a-a47f-41c7-ad75-11072bd7a70e, command=[]} | ret=SUCCESS |  
2019-09-02 02:59:20,381 | INFO  | SCMAudit | user=jenkins1000 | ip=192.168.34.6 | op=SEND_HEARTBEAT {datanodeUUID=6200eba3-9c3a-4cd5-b165-0febe607b4fe, command=[]} | ret=SUCCESS |  
2019-09-02 02:59:20,496 [main] WARN  scm.XceiverClientRatis (XceiverClientRatis.java:watchForCommit(262)) - 3 way commit failed on pipeline Pipeline[ Id: d36061ae-9f4a-41eb-a830-d9fa4a56b95d, Nodes: 9222fa3a-6d54-4d5e-ab04-cee29767e203{ip: 192.168.34.6, host: pr-hdds-1569-dhr7x-3740612857, networkLocation: /default-rack, certSerialId: null}50da3d7a-a47f-41c7-ad75-11072bd7a70e{ip: 192.168.34.6, host: pr-hdds-1569-dhr7x-3740612857, networkLocation: /default-rack, certSerialId: null}881b483d-3350-4cb0-9dfa-0b51e2558016{ip: 192.168.34.6, host: pr-hdds-1569-dhr7x-3740612857, networkLocation: /default-rack, certSerialId: null}, Type:RATIS, Factor:THREE, State:OPEN]
java.util.concurrent.TimeoutException
	at java.util.concurrent.CompletableFuture.timedGet(CompletableFuture.java:1771)
	at java.util.concurrent.CompletableFuture.get(CompletableFuture.java:1915)
	at org.apache.hadoop.hdds.scm.XceiverClientRatis.watchForCommit(XceiverClientRatis.java:259)
	at org.apache.hadoop.hdds.scm.storage.CommitWatcher.watchForCommit(CommitWatcher.java:194)
	at org.apache.hadoop.hdds.scm.storage.CommitWatcher.watchOnLastIndex(CommitWatcher.java:157)
	at org.apache.hadoop.hdds.scm.storage.BlockOutputStream.watchForCommit(BlockOutputStream.java:347)
	at org.apache.hadoop.hdds.scm.storage.BlockOutputStream.handleFlush(BlockOutputStream.java:479)
	at org.apache.hadoop.hdds.scm.storage.BlockOutputStream.flush(BlockOutputStream.java:428)
	at org.apache.hadoop.ozone.client.io.BlockOutputStreamEntry.flush(BlockOutputStreamEntry.java:136)
	at org.apache.hadoop.ozone.client.io.KeyOutputStream.handleFlushOrClose(KeyOutputStream.java:442)
	at org.apache.hadoop.ozone.client.io.KeyOutputStream.flush(KeyOutputStream.java:396)
	at org.apache.hadoop.ozone.client.io.OzoneOutputStream.flush(OzoneOutputStream.java:54)
	at org.apache.hadoop.ozone.client.rpc.TestBlockOutputStreamWithFailures.testWatchForCommitWithCloseContainerException(TestBlockOutputStreamWithFailures.java:190)
	at sun.reflect.NativeMethodAccessorImpl.invoke0(Native Method)
	at sun.reflect.NativeMethodAccessorImpl.invoke(NativeMethodAccessorImpl.java:62)
	at sun.reflect.DelegatingMethodAccessorImpl.invoke(DelegatingMethodAccessorImpl.java:43)
	at java.lang.reflect.Method.invoke(Method.java:498)
	at org.junit.runners.model.FrameworkMethod$1.runReflectiveCall(FrameworkMethod.java:47)
	at org.junit.internal.runners.model.ReflectiveCallable.run(ReflectiveCallable.java:12)
	at org.junit.runners.model.FrameworkMethod.invokeExplosively(FrameworkMethod.java:44)
	at org.junit.internal.runners.statements.InvokeMethod.evaluate(InvokeMethod.java:17)
	at org.junit.internal.runners.statements.RunBefores.evaluate(RunBefores.java:26)
	at org.junit.internal.runners.statements.RunAfters.evaluate(RunAfters.java:27)
	at org.junit.runners.ParentRunner.runLeaf(ParentRunner.java:271)
	at org.junit.runners.BlockJUnit4ClassRunner.runChild(BlockJUnit4ClassRunner.java:70)
	at org.junit.runners.BlockJUnit4ClassRunner.runChild(BlockJUnit4ClassRunner.java:50)
	at org.junit.runners.ParentRunner$3.run(ParentRunner.java:238)
	at org.junit.runners.ParentRunner$1.schedule(ParentRunner.java:63)
	at org.junit.runners.ParentRunner.runChildren(ParentRunner.java:236)
	at org.junit.runners.ParentRunner.access$000(ParentRunner.java:53)
	at org.junit.runners.ParentRunner$2.evaluate(ParentRunner.java:229)
	at org.junit.runners.ParentRunner.run(ParentRunner.java:309)
	at org.apache.maven.surefire.junit4.JUnit4Provider.execute(JUnit4Provider.java:365)
	at org.apache.maven.surefire.junit4.JUnit4Provider.executeWithRerun(JUnit4Provider.java:273)
	at org.apache.maven.surefire.junit4.JUnit4Provider.executeTestSet(JUnit4Provider.java:238)
	at org.apache.maven.surefire.junit4.JUnit4Provider.invoke(JUnit4Provider.java:159)
	at org.apache.maven.surefire.booter.ForkedBooter.invokeProviderInSameClassLoader(ForkedBooter.java:384)
	at org.apache.maven.surefire.booter.ForkedBooter.runSuitesInProcess(ForkedBooter.java:345)
	at org.apache.maven.surefire.booter.ForkedBooter.execute(ForkedBooter.java:126)
	at org.apache.maven.surefire.booter.ForkedBooter.main(ForkedBooter.java:418)
2019-09-02 02:59:20,542 | INFO  | SCMAudit | user=jenkins1000 | ip=192.168.34.6 | op=SEND_HEARTBEAT {datanodeUUID=f5200351-47ce-4212-9670-72e625b80f12, command=[]} | ret=SUCCESS |  
2019-09-02 02:59:20,978 | INFO  | SCMAudit | user=jenkins1000 | ip=192.168.34.6 | op=SEND_HEARTBEAT {datanodeUUID=14e62e22-4066-45fc-b669-f81f16730274, command=[]} | ret=SUCCESS |  
2019-09-02 02:59:21,228 | INFO  | SCMAudit | user=jenkins1000 | ip=192.168.34.6 | op=SEND_HEARTBEAT {datanodeUUID=58e57113-ec4e-4e2c-8e08-9b26096286af, command=[]} | ret=SUCCESS |  
2019-09-02 02:59:21,233 | INFO  | SCMAudit | user=jenkins1000 | ip=192.168.34.6 | op=SEND_HEARTBEAT {datanodeUUID=9222fa3a-6d54-4d5e-ab04-cee29767e203, command=[]} | ret=SUCCESS |  
2019-09-02 02:59:21,233 | INFO  | SCMAudit | user=jenkins1000 | ip=192.168.34.6 | op=SEND_HEARTBEAT {datanodeUUID=881b483d-3350-4cb0-9dfa-0b51e2558016, command=[]} | ret=SUCCESS |  
2019-09-02 02:59:21,233 | INFO  | SCMAudit | user=jenkins1000 | ip=192.168.34.6 | op=SEND_HEARTBEAT {datanodeUUID=50da3d7a-a47f-41c7-ad75-11072bd7a70e, command=[]} | ret=SUCCESS |  
2019-09-02 02:59:21,382 | INFO  | SCMAudit | user=jenkins1000 | ip=192.168.34.6 | op=SEND_HEARTBEAT {datanodeUUID=6200eba3-9c3a-4cd5-b165-0febe607b4fe, command=[]} | ret=SUCCESS |  
2019-09-02 02:59:21,500 [main] WARN  storage.CommitWatcher (CommitWatcher.java:watchForCommit(203)) - watchForCommit failed for index 14
java.util.concurrent.TimeoutException
	at java.util.concurrent.CompletableFuture.timedGet(CompletableFuture.java:1771)
	at java.util.concurrent.CompletableFuture.get(CompletableFuture.java:1915)
	at org.apache.hadoop.hdds.scm.XceiverClientRatis.watchForCommit(XceiverClientRatis.java:268)
	at org.apache.hadoop.hdds.scm.storage.CommitWatcher.watchForCommit(CommitWatcher.java:194)
	at org.apache.hadoop.hdds.scm.storage.CommitWatcher.watchOnLastIndex(CommitWatcher.java:157)
	at org.apache.hadoop.hdds.scm.storage.BlockOutputStream.watchForCommit(BlockOutputStream.java:347)
	at org.apache.hadoop.hdds.scm.storage.BlockOutputStream.handleFlush(BlockOutputStream.java:479)
	at org.apache.hadoop.hdds.scm.storage.BlockOutputStream.flush(BlockOutputStream.java:428)
	at org.apache.hadoop.ozone.client.io.BlockOutputStreamEntry.flush(BlockOutputStreamEntry.java:136)
	at org.apache.hadoop.ozone.client.io.KeyOutputStream.handleFlushOrClose(KeyOutputStream.java:442)
	at org.apache.hadoop.ozone.client.io.KeyOutputStream.flush(KeyOutputStream.java:396)
	at org.apache.hadoop.ozone.client.io.OzoneOutputStream.flush(OzoneOutputStream.java:54)
	at org.apache.hadoop.ozone.client.rpc.TestBlockOutputStreamWithFailures.testWatchForCommitWithCloseContainerException(TestBlockOutputStreamWithFailures.java:190)
	at sun.reflect.NativeMethodAccessorImpl.invoke0(Native Method)
	at sun.reflect.NativeMethodAccessorImpl.invoke(NativeMethodAccessorImpl.java:62)
	at sun.reflect.DelegatingMethodAccessorImpl.invoke(DelegatingMethodAccessorImpl.java:43)
	at java.lang.reflect.Method.invoke(Method.java:498)
	at org.junit.runners.model.FrameworkMethod$1.runReflectiveCall(FrameworkMethod.java:47)
	at org.junit.internal.runners.model.ReflectiveCallable.run(ReflectiveCallable.java:12)
	at org.junit.runners.model.FrameworkMethod.invokeExplosively(FrameworkMethod.java:44)
	at org.junit.internal.runners.statements.InvokeMethod.evaluate(InvokeMethod.java:17)
	at org.junit.internal.runners.statements.RunBefores.evaluate(RunBefores.java:26)
	at org.junit.internal.runners.statements.RunAfters.evaluate(RunAfters.java:27)
	at org.junit.runners.ParentRunner.runLeaf(ParentRunner.java:271)
	at org.junit.runners.BlockJUnit4ClassRunner.runChild(BlockJUnit4ClassRunner.java:70)
	at org.junit.runners.BlockJUnit4ClassRunner.runChild(BlockJUnit4ClassRunner.java:50)
	at org.junit.runners.ParentRunner$3.run(ParentRunner.java:238)
	at org.junit.runners.ParentRunner$1.schedule(ParentRunner.java:63)
	at org.junit.runners.ParentRunner.runChildren(ParentRunner.java:236)
	at org.junit.runners.ParentRunner.access$000(ParentRunner.java:53)
	at org.junit.runners.ParentRunner$2.evaluate(ParentRunner.java:229)
	at org.junit.runners.ParentRunner.run(ParentRunner.java:309)
	at org.apache.maven.surefire.junit4.JUnit4Provider.execute(JUnit4Provider.java:365)
	at org.apache.maven.surefire.junit4.JUnit4Provider.executeWithRerun(JUnit4Provider.java:273)
	at org.apache.maven.surefire.junit4.JUnit4Provider.executeTestSet(JUnit4Provider.java:238)
	at org.apache.maven.surefire.junit4.JUnit4Provider.invoke(JUnit4Provider.java:159)
	at org.apache.maven.surefire.booter.ForkedBooter.invokeProviderInSameClassLoader(ForkedBooter.java:384)
	at org.apache.maven.surefire.booter.ForkedBooter.runSuitesInProcess(ForkedBooter.java:345)
	at org.apache.maven.surefire.booter.ForkedBooter.execute(ForkedBooter.java:126)
	at org.apache.maven.surefire.booter.ForkedBooter.main(ForkedBooter.java:418)
2019-09-02 02:59:21,501 [main] WARN  io.KeyOutputStream (KeyOutputStream.java:handleException(276)) - Encountered exception java.io.IOException: Unexpected Storage Container Exception: java.io.IOException: Unexpected Storage Container Exception: java.util.concurrent.TimeoutException on the pipeline Pipeline[ Id: d36061ae-9f4a-41eb-a830-d9fa4a56b95d, Nodes: 9222fa3a-6d54-4d5e-ab04-cee29767e203{ip: 192.168.34.6, host: pr-hdds-1569-dhr7x-3740612857, networkLocation: /default-rack, certSerialId: null}50da3d7a-a47f-41c7-ad75-11072bd7a70e{ip: 192.168.34.6, host: pr-hdds-1569-dhr7x-3740612857, networkLocation: /default-rack, certSerialId: null}881b483d-3350-4cb0-9dfa-0b51e2558016{ip: 192.168.34.6, host: pr-hdds-1569-dhr7x-3740612857, networkLocation: /default-rack, certSerialId: null}, Type:RATIS, Factor:THREE, State:OPEN]. The last committed block length is 400, uncommitted data length is 50 retry count 0
2019-09-02 02:59:21,507 | INFO  | SCMAudit | user=jenkins1000 | ip=192.168.34.6 | op=ALLOCATE_BLOCK {owner=aa25b97b-a0c6-4c70-a548-f368377cf9ac, size=800, type=RATIS, factor=THREE} | ret=SUCCESS |  
2019-09-02 02:59:21,509 | INFO  | OMAudit | user=jenkins1000 | ip=127.0.0.1 | op=ALLOCATE_BLOCK {volume=testblockoutputstream, bucket=testblockoutputstream, key=e902d09a-cd0b-41be-ac7c-3847f64f7442, dataSize=0, replicationType=null, replicationFactor=null, keyLocationInfo=null, clientID=102720677808701459} | ret=SUCCESS |  
2019-09-02 02:59:21,522 [grpc-default-executor-8] INFO  client.GrpcClientProtocolClient (GrpcClientProtocolClient.java:onNext(255)) - client-A9B704368F75->f5200351-47ce-4212-9670-72e625b80f12: receive RaftClientReply:client-A9B704368F75->f5200351-47ce-4212-9670-72e625b80f12@group-4B4DC87F36DD, cid=239, FAILED org.apache.ratis.protocol.NotLeaderException: Server f5200351-47ce-4212-9670-72e625b80f12 is not the leader (6200eba3-9c3a-4cd5-b165-0febe607b4fe:192.168.34.6:46451). Request must be sent to leader., logIndex=0, commits[f5200351-47ce-4212-9670-72e625b80f12:c0, 6200eba3-9c3a-4cd5-b165-0febe607b4fe:c0, 58e57113-ec4e-4e2c-8e08-9b26096286af:c-1]
2019-09-02 02:59:21,541 | INFO  | SCMAudit | user=jenkins1000 | ip=192.168.34.6 | op=SEND_HEARTBEAT {datanodeUUID=f5200351-47ce-4212-9670-72e625b80f12, command=[]} | ret=SUCCESS |  
2019-09-02 02:59:21,682 | INFO  | DNAudit | user=null | ip=null | op=WRITE_CHUNK {blockData=conID: 2 locID: 102720678232522773 bcsId: 0} | ret=SUCCESS |  
2019-09-02 02:59:21,682 | INFO  | DNAudit | user=null | ip=null | op=WRITE_CHUNK {blockData=conID: 2 locID: 102720678232522773 bcsId: 0} | ret=SUCCESS |  
2019-09-02 02:59:21,682 | INFO  | DNAudit | user=null | ip=null | op=WRITE_CHUNK {blockData=conID: 2 locID: 102720678232522773 bcsId: 0} | ret=SUCCESS |  
2019-09-02 02:59:21,683 | INFO  | SCMAudit | user=jenkins1000 | ip=192.168.34.6 | op=SEND_HEARTBEAT {datanodeUUID=6200eba3-9c3a-4cd5-b165-0febe607b4fe, command=[]} | ret=SUCCESS |  
2019-09-02 02:59:21,683 | INFO  | SCMAudit | user=jenkins1000 | ip=192.168.34.6 | op=SEND_HEARTBEAT {datanodeUUID=f5200351-47ce-4212-9670-72e625b80f12, command=[]} | ret=SUCCESS |  
2019-09-02 02:59:21,683 | INFO  | SCMAudit | user=jenkins1000 | ip=192.168.34.6 | op=SEND_HEARTBEAT {datanodeUUID=58e57113-ec4e-4e2c-8e08-9b26096286af, command=[]} | ret=SUCCESS |  
2019-09-02 02:59:21,695 | INFO  | DNAudit | user=null | ip=null | op=WRITE_CHUNK {blockData=conID: 2 locID: 102720678232522773 bcsId: 0} | ret=SUCCESS |  
2019-09-02 02:59:21,700 [grpc-default-executor-5] INFO  client.GrpcClientProtocolClient (GrpcClientProtocolClient.java:onNext(255)) - client-A9B704368F75->6200eba3-9c3a-4cd5-b165-0febe607b4fe: receive RaftClientReply:client-A9B704368F75->6200eba3-9c3a-4cd5-b165-0febe607b4fe@group-4B4DC87F36DD, cid=239, SUCCESS, logIndex=1, commits[6200eba3-9c3a-4cd5-b165-0febe607b4fe:c1, f5200351-47ce-4212-9670-72e625b80f12:c0, 58e57113-ec4e-4e2c-8e08-9b26096286af:c0]
2019-09-02 02:59:21,709 | INFO  | DNAudit | user=null | ip=null | op=WRITE_CHUNK {blockData=conID: 2 locID: 102720678232522773 bcsId: 0} | ret=SUCCESS |  
2019-09-02 02:59:21,709 | INFO  | DNAudit | user=null | ip=null | op=WRITE_CHUNK {blockData=conID: 2 locID: 102720678232522773 bcsId: 0} | ret=SUCCESS |  
2019-09-02 02:59:21,765 | INFO  | DNAudit | user=null | ip=null | op=PUT_BLOCK {blockData=[blockId=conID: 2 locID: 102720678232522773 bcsId: 0,size=50]} | ret=SUCCESS |  
2019-09-02 02:59:21,768 [grpc-default-executor-0] INFO  client.GrpcClientProtocolClient (GrpcClientProtocolClient.java:onNext(255)) - client-A9B704368F75->6200eba3-9c3a-4cd5-b165-0febe607b4fe: receive RaftClientReply:client-A9B704368F75->6200eba3-9c3a-4cd5-b165-0febe607b4fe@group-4B4DC87F36DD, cid=240, SUCCESS, logIndex=3, commits[6200eba3-9c3a-4cd5-b165-0febe607b4fe:c4, f5200351-47ce-4212-9670-72e625b80f12:c3, 58e57113-ec4e-4e2c-8e08-9b26096286af:c3]
2019-09-02 02:59:21,769 [main] INFO  ozone.MiniOzoneClusterImpl (MiniOzoneClusterImpl.java:shutdown(321)) - Shutting down the Mini Ozone Cluster
2019-09-02 02:59:21,770 | INFO  | SCMAudit | user=null | ip=null | op=GET_SCM_INFO null | ret=SUCCESS |  
2019-09-02 02:59:21,770 [main] INFO  ozone.MiniOzoneClusterImpl (MiniOzoneClusterImpl.java:stop(336)) - Stopping the Mini Ozone Cluster
2019-09-02 02:59:21,770 [main] INFO  ozone.MiniOzoneClusterImpl (MiniOzoneClusterImpl.java:stop(338)) - Stopping the OzoneManager
2019-09-02 02:59:21,770 [main] INFO  ipc.Server (Server.java:stop(3082)) - Stopping server on 40717
2019-09-02 02:59:21,796 [IPC Server listener on 40717] INFO  ipc.Server (Server.java:run(1185)) - Stopping IPC Server listener on 40717
2019-09-02 02:59:21,796 [main] INFO  ratis.OzoneManagerDoubleBuffer (OzoneManagerDoubleBuffer.java:stop(248)) - Stopping OMDoubleBuffer flush thread
2019-09-02 02:59:21,796 [IPC Server Responder] INFO  ipc.Server (Server.java:run(1319)) - Stopping IPC Server Responder
2019-09-02 02:59:21,801 [OMDoubleBufferFlushThread] INFO  ratis.OzoneManagerDoubleBuffer (OzoneManagerDoubleBuffer.java:flushTransactions(191)) - OMDoubleBuffer flush thread OMDoubleBufferFlushThread is interrupted and will exit. OMDoubleBufferFlushThread
2019-09-02 02:59:21,820 [main] INFO  utils.BackgroundService (BackgroundService.java:shutdown(148)) - Shutting down service KeyDeletingService
2019-09-02 02:59:21,820 | INFO  | DNAudit | user=null | ip=null | op=PUT_BLOCK {blockData=[blockId=conID: 2 locID: 102720678232522773 bcsId: 0,size=50]} | ret=SUCCESS |  
2019-09-02 02:59:21,821 [main] INFO  handler.ContextHandler (ContextHandler.java:doStop(910)) - Stopped o.e.j.w.WebAppContext@58c48b92{/,null,UNAVAILABLE}{/ozoneManager}
2019-09-02 02:59:21,821 [main] INFO  server.AbstractConnector (AbstractConnector.java:doStop(318)) - Stopped ServerConnector@5d852761{HTTP/1.1,[http/1.1]}{0.0.0.0:0}
2019-09-02 02:59:21,821 [main] INFO  handler.ContextHandler (ContextHandler.java:doStop(910)) - Stopped o.e.j.s.ServletContextHandler@38c464df{/static,file:///workdir/hadoop-ozone/integration-test/target/test-classes/webapps/static,UNAVAILABLE}
2019-09-02 02:59:21,822 [main] INFO  handler.ContextHandler (ContextHandler.java:doStop(910)) - Stopped o.e.j.s.ServletContextHandler@4e2f6452{/logs,file:///workdir/hadoop-ozone/integration-test/target/log,UNAVAILABLE}
2019-09-02 02:59:21,824 [main] INFO  ozone.MiniOzoneClusterImpl (MiniOzoneClusterImpl.java:stop(344)) - Shutting the HddsDatanodes
2019-09-02 02:59:21,824 [main] INFO  datanode.ObjectStoreHandler (ObjectStoreHandler.java:close(155)) - Closing ObjectStoreHandler.
2019-09-02 02:59:21,824 [ForkJoinPool.commonPool-worker-1] INFO  datanode.ObjectStoreHandler (ObjectStoreHandler.java:close(155)) - Closing ObjectStoreHandler.
2019-09-02 02:59:21,824 [main] INFO  ozone.HddsDatanodeService (HddsDatanodeService.java:stop(451)) - Stopped plug-in org.apache.hadoop.ozone.web.OzoneHddsDatanodeService@24945f50
2019-09-02 02:59:21,825 [ForkJoinPool.commonPool-worker-1] INFO  ozone.HddsDatanodeService (HddsDatanodeService.java:stop(451)) - Stopped plug-in org.apache.hadoop.ozone.web.OzoneHddsDatanodeService@45e97963
2019-09-02 02:59:21,885 | INFO  | DNAudit | user=null | ip=null | op=PUT_BLOCK {blockData=[blockId=conID: 2 locID: 102720678232522773 bcsId: 0,size=50]} | ret=SUCCESS |  
2019-09-02 02:59:21,978 | INFO  | SCMAudit | user=jenkins1000 | ip=192.168.34.6 | op=SEND_HEARTBEAT {datanodeUUID=14e62e22-4066-45fc-b669-f81f16730274, command=[]} | ret=SUCCESS |  
2019-09-02 02:59:21,998 | INFO  | DNAudit | user=null | ip=null | op=PUT_BLOCK {blockData=[blockId=conID: 1 locID: 102720677808832532 bcsId: 0,size=450]} | ret=SUCCESS |  
2019-09-02 02:59:22,002 [grpc-default-executor-5] INFO  client.GrpcClientProtocolClient (GrpcClientProtocolClient.java:onNext(255)) - client-904A9FC23EFB->881b483d-3350-4cb0-9dfa-0b51e2558016: receive RaftClientReply:client-904A9FC23EFB->881b483d-3350-4cb0-9dfa-0b51e2558016@group-D9FA4A56B95D, cid=238, SUCCESS, logIndex=0, commits[881b483d-3350-4cb0-9dfa-0b51e2558016:c16, 50da3d7a-a47f-41c7-ad75-11072bd7a70e:c13, 9222fa3a-6d54-4d5e-ab04-cee29767e203:c16]
2019-09-02 02:59:22,003 [grpc-default-executor-5] INFO  client.GrpcClientProtocolClient (GrpcClientProtocolClient.java:onNext(255)) - client-904A9FC23EFB->881b483d-3350-4cb0-9dfa-0b51e2558016: receive RaftClientReply:client-904A9FC23EFB->881b483d-3350-4cb0-9dfa-0b51e2558016@group-D9FA4A56B95D, cid=237, SUCCESS, logIndex=0, commits[881b483d-3350-4cb0-9dfa-0b51e2558016:c16, 50da3d7a-a47f-41c7-ad75-11072bd7a70e:c16, 9222fa3a-6d54-4d5e-ab04-cee29767e203:c16]
2019-09-02 02:59:22,232 [Datanode State Machine Thread - 0] INFO  statemachine.DatanodeStateMachine (DatanodeStateMachine.java:lambda$startDaemon$0(350)) - Ozone container server started.
2019-09-02 02:59:22,233 | INFO  | SCMAudit | user=jenkins1000 | ip=192.168.34.6 | op=SEND_HEARTBEAT {datanodeUUID=50da3d7a-a47f-41c7-ad75-11072bd7a70e, command=[]} | ret=SUCCESS |  
2019-09-02 02:59:22,234 | INFO  | SCMAudit | user=jenkins1000 | ip=192.168.34.6 | op=SEND_HEARTBEAT {datanodeUUID=9222fa3a-6d54-4d5e-ab04-cee29767e203, command=[]} | ret=SUCCESS |  
2019-09-02 02:59:22,682 [Datanode State Machine Thread - 0] INFO  statemachine.DatanodeStateMachine (DatanodeStateMachine.java:lambda$startDaemon$0(350)) - Ozone container server started.
2019-09-02 02:59:22,683 | INFO  | SCMAudit | user=jenkins1000 | ip=192.168.34.6 | op=SEND_HEARTBEAT {datanodeUUID=f5200351-47ce-4212-9670-72e625b80f12, command=[]} | ret=SUCCESS |  
2019-09-02 02:59:22,683 | INFO  | SCMAudit | user=jenkins1000 | ip=192.168.34.6 | op=SEND_HEARTBEAT {datanodeUUID=58e57113-ec4e-4e2c-8e08-9b26096286af, command=[]} | ret=SUCCESS |  
2019-09-02 02:59:22,979 | INFO  | SCMAudit | user=jenkins1000 | ip=192.168.34.6 | op=SEND_HEARTBEAT {datanodeUUID=14e62e22-4066-45fc-b669-f81f16730274, command=[]} | ret=SUCCESS |  
2019-09-02 02:59:23,234 | INFO  | SCMAudit | user=jenkins1000 | ip=192.168.34.6 | op=SEND_HEARTBEAT {datanodeUUID=9222fa3a-6d54-4d5e-ab04-cee29767e203, command=[]} | ret=SUCCESS |  
2019-09-02 02:59:23,234 | INFO  | SCMAudit | user=jenkins1000 | ip=192.168.34.6 | op=SEND_HEARTBEAT {datanodeUUID=50da3d7a-a47f-41c7-ad75-11072bd7a70e, command=[]} | ret=SUCCESS |  
2019-09-02 02:59:23,683 | INFO  | SCMAudit | user=jenkins1000 | ip=192.168.34.6 | op=SEND_HEARTBEAT {datanodeUUID=f5200351-47ce-4212-9670-72e625b80f12, command=[]} | ret=SUCCESS |  
2019-09-02 02:59:23,683 | INFO  | SCMAudit | user=jenkins1000 | ip=192.168.34.6 | op=SEND_HEARTBEAT {datanodeUUID=58e57113-ec4e-4e2c-8e08-9b26096286af, command=[]} | ret=SUCCESS |  
2019-09-02 02:59:23,979 | INFO  | SCMAudit | user=jenkins1000 | ip=192.168.34.6 | op=SEND_HEARTBEAT {datanodeUUID=14e62e22-4066-45fc-b669-f81f16730274, command=[]} | ret=SUCCESS |  
2019-09-02 02:59:24,234 | INFO  | SCMAudit | user=jenkins1000 | ip=192.168.34.6 | op=SEND_HEARTBEAT {datanodeUUID=9222fa3a-6d54-4d5e-ab04-cee29767e203, command=[]} | ret=SUCCESS |  
2019-09-02 02:59:24,234 | INFO  | SCMAudit | user=jenkins1000 | ip=192.168.34.6 | op=SEND_HEARTBEAT {datanodeUUID=50da3d7a-a47f-41c7-ad75-11072bd7a70e, command=[]} | ret=SUCCESS |  
2019-09-02 02:59:24,683 | INFO  | SCMAudit | user=jenkins1000 | ip=192.168.34.6 | op=SEND_HEARTBEAT {datanodeUUID=58e57113-ec4e-4e2c-8e08-9b26096286af, command=[]} | ret=SUCCESS |  
2019-09-02 02:59:24,683 | INFO  | SCMAudit | user=jenkins1000 | ip=192.168.34.6 | op=SEND_HEARTBEAT {datanodeUUID=f5200351-47ce-4212-9670-72e625b80f12, command=[]} | ret=SUCCESS |  
2019-09-02 02:59:24,978 | INFO  | SCMAudit | user=jenkins1000 | ip=192.168.34.6 | op=SEND_HEARTBEAT {datanodeUUID=14e62e22-4066-45fc-b669-f81f16730274, command=[]} | ret=SUCCESS |  
2019-09-02 02:59:25,234 | INFO  | SCMAudit | user=jenkins1000 | ip=192.168.34.6 | op=SEND_HEARTBEAT {datanodeUUID=9222fa3a-6d54-4d5e-ab04-cee29767e203, command=[]} | ret=SUCCESS |  
2019-09-02 02:59:25,234 | INFO  | SCMAudit | user=jenkins1000 | ip=192.168.34.6 | op=SEND_HEARTBEAT {datanodeUUID=50da3d7a-a47f-41c7-ad75-11072bd7a70e, command=[]} | ret=SUCCESS |  
2019-09-02 02:59:25,684 | INFO  | SCMAudit | user=jenkins1000 | ip=192.168.34.6 | op=SEND_HEARTBEAT {datanodeUUID=f5200351-47ce-4212-9670-72e625b80f12, command=[]} | ret=SUCCESS |  
2019-09-02 02:59:25,684 | INFO  | SCMAudit | user=jenkins1000 | ip=192.168.34.6 | op=SEND_HEARTBEAT {datanodeUUID=58e57113-ec4e-4e2c-8e08-9b26096286af, command=[]} | ret=SUCCESS |  
2019-09-02 02:59:25,978 | INFO  | SCMAudit | user=jenkins1000 | ip=192.168.34.6 | op=SEND_HEARTBEAT {datanodeUUID=14e62e22-4066-45fc-b669-f81f16730274, command=[]} | ret=SUCCESS |  
2019-09-02 02:59:26,233 | INFO  | SCMAudit | user=jenkins1000 | ip=192.168.34.6 | op=SEND_HEARTBEAT {datanodeUUID=9222fa3a-6d54-4d5e-ab04-cee29767e203, command=[]} | ret=SUCCESS |  
2019-09-02 02:59:26,233 | INFO  | SCMAudit | user=jenkins1000 | ip=192.168.34.6 | op=SEND_HEARTBEAT {datanodeUUID=50da3d7a-a47f-41c7-ad75-11072bd7a70e, command=[]} | ret=SUCCESS |  
2019-09-02 02:59:26,307 [EventQueue-StaleNodeForStaleNodeHandler] INFO  node.StaleNodeHandler (StaleNodeHandler.java:onMessage(58)) - Datanode 881b483d-3350-4cb0-9dfa-0b51e2558016{ip: 192.168.34.6, host: pr-hdds-1569-dhr7x-3740612857, networkLocation: /default-rack, certSerialId: null} moved to stale state. Finalizing its pipelines [PipelineID=7b21dcc8-2077-4acc-9076-6988f78573db, PipelineID=d36061ae-9f4a-41eb-a830-d9fa4a56b95d]
2019-09-02 02:59:26,308 [EventQueue-StaleNodeForStaleNodeHandler] INFO  pipeline.SCMPipelineManager (SCMPipelineManager.java:finalizeAndDestroyPipeline(309)) - destroying pipeline:Pipeline[ Id: 7b21dcc8-2077-4acc-9076-6988f78573db, Nodes: 881b483d-3350-4cb0-9dfa-0b51e2558016{ip: 192.168.34.6, host: pr-hdds-1569-dhr7x-3740612857, networkLocation: /default-rack, certSerialId: null}, Type:RATIS, Factor:ONE, State:OPEN]
2019-09-02 02:59:26,308 [EventQueue-StaleNodeForStaleNodeHandler] INFO  pipeline.PipelineStateManager (PipelineStateManager.java:finalizePipeline(123)) - Pipeline Pipeline[ Id: 7b21dcc8-2077-4acc-9076-6988f78573db, Nodes: 881b483d-3350-4cb0-9dfa-0b51e2558016{ip: 192.168.34.6, host: pr-hdds-1569-dhr7x-3740612857, networkLocation: /default-rack, certSerialId: null}, Type:RATIS, Factor:ONE, State:CLOSED] moved to CLOSED state
2019-09-02 02:59:26,308 [EventQueue-StaleNodeForStaleNodeHandler] INFO  pipeline.SCMPipelineManager (SCMPipelineManager.java:finalizeAndDestroyPipeline(309)) - destroying pipeline:Pipeline[ Id: d36061ae-9f4a-41eb-a830-d9fa4a56b95d, Nodes: 9222fa3a-6d54-4d5e-ab04-cee29767e203{ip: 192.168.34.6, host: pr-hdds-1569-dhr7x-3740612857, networkLocation: /default-rack, certSerialId: null}50da3d7a-a47f-41c7-ad75-11072bd7a70e{ip: 192.168.34.6, host: pr-hdds-1569-dhr7x-3740612857, networkLocation: /default-rack, certSerialId: null}881b483d-3350-4cb0-9dfa-0b51e2558016{ip: 192.168.34.6, host: pr-hdds-1569-dhr7x-3740612857, networkLocation: /default-rack, certSerialId: null}, Type:RATIS, Factor:THREE, State:OPEN]
2019-09-02 02:59:26,308 [EventQueue-StaleNodeForStaleNodeHandler] INFO  pipeline.PipelineStateManager (PipelineStateManager.java:finalizePipeline(123)) - Pipeline Pipeline[ Id: d36061ae-9f4a-41eb-a830-d9fa4a56b95d, Nodes: 9222fa3a-6d54-4d5e-ab04-cee29767e203{ip: 192.168.34.6, host: pr-hdds-1569-dhr7x-3740612857, networkLocation: /default-rack, certSerialId: null}50da3d7a-a47f-41c7-ad75-11072bd7a70e{ip: 192.168.34.6, host: pr-hdds-1569-dhr7x-3740612857, networkLocation: /default-rack, certSerialId: null}881b483d-3350-4cb0-9dfa-0b51e2558016{ip: 192.168.34.6, host: pr-hdds-1569-dhr7x-3740612857, networkLocation: /default-rack, certSerialId: null}, Type:RATIS, Factor:THREE, State:CLOSED] moved to CLOSED state
2019-09-02 02:59:26,308 [EventQueue-CloseContainerForCloseContainerEventHandler] INFO  container.CloseContainerEventHandler (CloseContainerEventHandler.java:onMessage(61)) - Close container Event triggered for container : #1
2019-09-02 02:59:26,683 | INFO  | SCMAudit | user=jenkins1000 | ip=192.168.34.6 | op=SEND_HEARTBEAT {datanodeUUID=f5200351-47ce-4212-9670-72e625b80f12, command=[]} | ret=SUCCESS |  
2019-09-02 02:59:26,683 | INFO  | SCMAudit | user=jenkins1000 | ip=192.168.34.6 | op=SEND_HEARTBEAT {datanodeUUID=58e57113-ec4e-4e2c-8e08-9b26096286af, command=[]} | ret=SUCCESS |  
2019-09-02 02:59:26,708 [EventQueue-StaleNodeForStaleNodeHandler] INFO  node.StaleNodeHandler (StaleNodeHandler.java:onMessage(58)) - Datanode 6200eba3-9c3a-4cd5-b165-0febe607b4fe{ip: 192.168.34.6, host: pr-hdds-1569-dhr7x-3740612857, networkLocation: /default-rack, certSerialId: null} moved to stale state. Finalizing its pipelines [PipelineID=782689a3-ad56-4f80-a39e-fb1e72901717, PipelineID=b5b8c1c8-0b9f-4c3c-bf94-4b4dc87f36dd]
2019-09-02 02:59:26,708 [EventQueue-StaleNodeForStaleNodeHandler] INFO  pipeline.SCMPipelineManager (SCMPipelineManager.java:finalizeAndDestroyPipeline(309)) - destroying pipeline:Pipeline[ Id: 782689a3-ad56-4f80-a39e-fb1e72901717, Nodes: 6200eba3-9c3a-4cd5-b165-0febe607b4fe{ip: 192.168.34.6, host: pr-hdds-1569-dhr7x-3740612857, networkLocation: /default-rack, certSerialId: null}, Type:RATIS, Factor:ONE, State:OPEN]
2019-09-02 02:59:26,708 [EventQueue-StaleNodeForStaleNodeHandler] INFO  pipeline.PipelineStateManager (PipelineStateManager.java:finalizePipeline(123)) - Pipeline Pipeline[ Id: 782689a3-ad56-4f80-a39e-fb1e72901717, Nodes: 6200eba3-9c3a-4cd5-b165-0febe607b4fe{ip: 192.168.34.6, host: pr-hdds-1569-dhr7x-3740612857, networkLocation: /default-rack, certSerialId: null}, Type:RATIS, Factor:ONE, State:CLOSED] moved to CLOSED state
2019-09-02 02:59:26,708 [EventQueue-StaleNodeForStaleNodeHandler] INFO  pipeline.SCMPipelineManager (SCMPipelineManager.java:finalizeAndDestroyPipeline(309)) - destroying pipeline:Pipeline[ Id: b5b8c1c8-0b9f-4c3c-bf94-4b4dc87f36dd, Nodes: f5200351-47ce-4212-9670-72e625b80f12{ip: 192.168.34.6, host: pr-hdds-1569-dhr7x-3740612857, networkLocation: /default-rack, certSerialId: null}58e57113-ec4e-4e2c-8e08-9b26096286af{ip: 192.168.34.6, host: pr-hdds-1569-dhr7x-3740612857, networkLocation: /default-rack, certSerialId: null}6200eba3-9c3a-4cd5-b165-0febe607b4fe{ip: 192.168.34.6, host: pr-hdds-1569-dhr7x-3740612857, networkLocation: /default-rack, certSerialId: null}, Type:RATIS, Factor:THREE, State:OPEN]
2019-09-02 02:59:26,708 [EventQueue-StaleNodeForStaleNodeHandler] INFO  pipeline.PipelineStateManager (PipelineStateManager.java:finalizePipeline(123)) - Pipeline Pipeline[ Id: b5b8c1c8-0b9f-4c3c-bf94-4b4dc87f36dd, Nodes: f5200351-47ce-4212-9670-72e625b80f12{ip: 192.168.34.6, host: pr-hdds-1569-dhr7x-3740612857, networkLocation: /default-rack, certSerialId: null}58e57113-ec4e-4e2c-8e08-9b26096286af{ip: 192.168.34.6, host: pr-hdds-1569-dhr7x-3740612857, networkLocation: /default-rack, certSerialId: null}6200eba3-9c3a-4cd5-b165-0febe607b4fe{ip: 192.168.34.6, host: pr-hdds-1569-dhr7x-3740612857, networkLocation: /default-rack, certSerialId: null}, Type:RATIS, Factor:THREE, State:CLOSED] moved to CLOSED state
2019-09-02 02:59:26,708 [EventQueue-CloseContainerForCloseContainerEventHandler] INFO  container.CloseContainerEventHandler (CloseContainerEventHandler.java:onMessage(61)) - Close container Event triggered for container : #2
2019-09-02 02:59:26,825 [main] INFO  ozoneimpl.OzoneContainer (OzoneContainer.java:stop(199)) - Attempting to stop container services.
2019-09-02 02:59:26,825 [ForkJoinPool.commonPool-worker-1] INFO  ozoneimpl.OzoneContainer (OzoneContainer.java:stop(199)) - Attempting to stop container services.
2019-09-02 02:59:26,825 [main] INFO  impl.RaftServerProxy (RaftServerProxy.java:lambda$close$4(314)) - 6200eba3-9c3a-4cd5-b165-0febe607b4fe: close
2019-09-02 02:59:26,826 [ForkJoinPool.commonPool-worker-1] INFO  impl.RaftServerProxy (RaftServerProxy.java:lambda$close$4(314)) - 881b483d-3350-4cb0-9dfa-0b51e2558016: close
2019-09-02 02:59:26,826 [main] INFO  impl.RaftServerImpl (RaftServerImpl.java:lambda$shutdown$3(245)) - 6200eba3-9c3a-4cd5-b165-0febe607b4fe: shutdown group-FB1E72901717
2019-09-02 02:59:26,826 [ForkJoinPool.commonPool-worker-1] INFO  impl.RaftServerImpl (RaftServerImpl.java:lambda$shutdown$3(245)) - 881b483d-3350-4cb0-9dfa-0b51e2558016: shutdown group-6988F78573DB
2019-09-02 02:59:26,826 [main] INFO  util.JmxRegister (JmxRegister.java:unregister(73)) - Successfully un-registered JMX Bean with object name Ratis:service=RaftServer,group=group-FB1E72901717,id=6200eba3-9c3a-4cd5-b165-0febe607b4fe
2019-09-02 02:59:26,827 [ForkJoinPool.commonPool-worker-1] INFO  util.JmxRegister (JmxRegister.java:unregister(73)) - Successfully un-registered JMX Bean with object name Ratis:service=RaftServer,group=group-6988F78573DB,id=881b483d-3350-4cb0-9dfa-0b51e2558016
2019-09-02 02:59:26,827 [main] INFO  impl.RoleInfo (RoleInfo.java:shutdownLeaderState(104)) - 6200eba3-9c3a-4cd5-b165-0febe607b4fe: shutdown LeaderState
2019-09-02 02:59:26,827 [ForkJoinPool.commonPool-worker-1] INFO  impl.RoleInfo (RoleInfo.java:shutdownLeaderState(104)) - 881b483d-3350-4cb0-9dfa-0b51e2558016: shutdown LeaderState
2019-09-02 02:59:26,828 [main] INFO  impl.PendingRequests (PendingRequests.java:sendNotLeaderResponses(202)) - 6200eba3-9c3a-4cd5-b165-0febe607b4fe-PendingRequests: sendNotLeaderResponses
2019-09-02 02:59:26,828 [ForkJoinPool.commonPool-worker-1] INFO  impl.PendingRequests (PendingRequests.java:sendNotLeaderResponses(202)) - 881b483d-3350-4cb0-9dfa-0b51e2558016-PendingRequests: sendNotLeaderResponses
2019-09-02 02:59:26,828 [main] INFO  impl.StateMachineUpdater (StateMachineUpdater.java:stopAndJoin(115)) - StateMachineUpdater:6200eba3-9c3a-4cd5-b165-0febe607b4fe:group-FB1E72901717: set stopIndex = 0
2019-09-02 02:59:26,829 [main] INFO  impl.RaftServerImpl (ServerState.java:close(394)) - 6200eba3-9c3a-4cd5-b165-0febe607b4fe:group-FB1E72901717 closes. The last applied log index is 0
2019-09-02 02:59:26,829 [ForkJoinPool.commonPool-worker-1] INFO  impl.StateMachineUpdater (StateMachineUpdater.java:stopAndJoin(115)) - StateMachineUpdater:881b483d-3350-4cb0-9dfa-0b51e2558016:group-6988F78573DB: set stopIndex = 0
2019-09-02 02:59:26,829 [6200eba3-9c3a-4cd5-b165-0febe607b4fe-SegmentedRaftLogWorker:Storage Directory /workdir/hadoop-ozone/integration-test/target/test-dir/MiniOzoneClusterImpl-95ed0e50-2dca-4589-8b2d-b7f1480a1ca1/datanode-4/data/ratis/782689a3-ad56-4f80-a39e-fb1e72901717] INFO  segmented.SegmentedRaftLogWorker (SegmentedRaftLogWorker.java:run(313)) - 6200eba3-9c3a-4cd5-b165-0febe607b4fe-SegmentedRaftLogWorker:Storage Directory /workdir/hadoop-ozone/integration-test/target/test-dir/MiniOzoneClusterImpl-95ed0e50-2dca-4589-8b2d-b7f1480a1ca1/datanode-4/data/ratis/782689a3-ad56-4f80-a39e-fb1e72901717 was interrupted, exiting. There are 0 tasks remaining in the queue.
2019-09-02 02:59:26,830 [ForkJoinPool.commonPool-worker-1] INFO  impl.RaftServerImpl (ServerState.java:close(394)) - 881b483d-3350-4cb0-9dfa-0b51e2558016:group-6988F78573DB closes. The last applied log index is 0
2019-09-02 02:59:26,834 [main] INFO  segmented.SegmentedRaftLogWorker (SegmentedRaftLogWorker.java:close(228)) - 6200eba3-9c3a-4cd5-b165-0febe607b4fe-SegmentedRaftLogWorker:Storage Directory /workdir/hadoop-ozone/integration-test/target/test-dir/MiniOzoneClusterImpl-95ed0e50-2dca-4589-8b2d-b7f1480a1ca1/datanode-4/data/ratis/782689a3-ad56-4f80-a39e-fb1e72901717 close()
2019-09-02 02:59:26,834 [881b483d-3350-4cb0-9dfa-0b51e2558016-SegmentedRaftLogWorker:Storage Directory /workdir/hadoop-ozone/integration-test/target/test-dir/MiniOzoneClusterImpl-95ed0e50-2dca-4589-8b2d-b7f1480a1ca1/datanode-1/data/ratis/7b21dcc8-2077-4acc-9076-6988f78573db] INFO  segmented.SegmentedRaftLogWorker (SegmentedRaftLogWorker.java:run(313)) - 881b483d-3350-4cb0-9dfa-0b51e2558016-SegmentedRaftLogWorker:Storage Directory /workdir/hadoop-ozone/integration-test/target/test-dir/MiniOzoneClusterImpl-95ed0e50-2dca-4589-8b2d-b7f1480a1ca1/datanode-1/data/ratis/7b21dcc8-2077-4acc-9076-6988f78573db was interrupted, exiting. There are 0 tasks remaining in the queue.
2019-09-02 02:59:26,851 [main] INFO  impl.RaftServerImpl (RaftServerImpl.java:lambda$shutdown$3(245)) - 6200eba3-9c3a-4cd5-b165-0febe607b4fe: shutdown group-4B4DC87F36DD
2019-09-02 02:59:26,852 [ForkJoinPool.commonPool-worker-1] INFO  segmented.SegmentedRaftLogWorker (SegmentedRaftLogWorker.java:close(228)) - 881b483d-3350-4cb0-9dfa-0b51e2558016-SegmentedRaftLogWorker:Storage Directory /workdir/hadoop-ozone/integration-test/target/test-dir/MiniOzoneClusterImpl-95ed0e50-2dca-4589-8b2d-b7f1480a1ca1/datanode-1/data/ratis/7b21dcc8-2077-4acc-9076-6988f78573db close()
2019-09-02 02:59:26,852 [main] INFO  util.JmxRegister (JmxRegister.java:unregister(73)) - Successfully un-registered JMX Bean with object name Ratis:service=RaftServer,group=group-4B4DC87F36DD,id=6200eba3-9c3a-4cd5-b165-0febe607b4fe
2019-09-02 02:59:26,855 [main] INFO  impl.RoleInfo (RoleInfo.java:shutdownLeaderState(104)) - 6200eba3-9c3a-4cd5-b165-0febe607b4fe: shutdown LeaderState
2019-09-02 02:59:26,855 [ForkJoinPool.commonPool-worker-1] INFO  impl.RaftServerImpl (RaftServerImpl.java:lambda$shutdown$3(245)) - 881b483d-3350-4cb0-9dfa-0b51e2558016: shutdown group-D9FA4A56B95D
2019-09-02 02:59:26,860 [org.apache.ratis.server.impl.LogAppender$AppenderDaemon$$Lambda$464/1211286439@172aa1fe] WARN  server.GrpcLogAppender (GrpcLogAppender.java:mayWait(143)) - GrpcLogAppender(6200eba3-9c3a-4cd5-b165-0febe607b4fe->f5200351-47ce-4212-9670-72e625b80f12): Wait interrupted by java.lang.InterruptedException
2019-09-02 02:59:26,859 [org.apache.ratis.server.impl.LogAppender$AppenderDaemon$$Lambda$464/1211286439@52282d7f] WARN  server.GrpcLogAppender (GrpcLogAppender.java:mayWait(143)) - GrpcLogAppender(6200eba3-9c3a-4cd5-b165-0febe607b4fe->58e57113-ec4e-4e2c-8e08-9b26096286af): Wait interrupted by java.lang.InterruptedException
2019-09-02 02:59:26,859 [main] INFO  impl.PendingRequests (PendingRequests.java:sendNotLeaderResponses(202)) - 6200eba3-9c3a-4cd5-b165-0febe607b4fe-PendingRequests: sendNotLeaderResponses
2019-09-02 02:59:26,860 [grpc-default-executor-8] INFO  server.GrpcServerProtocolService (GrpcServerProtocolService.java:onCompleted(104)) - f5200351-47ce-4212-9670-72e625b80f12: appendEntries completed
2019-09-02 02:59:26,860 [ForkJoinPool.commonPool-worker-1] INFO  util.JmxRegister (JmxRegister.java:unregister(73)) - Successfully un-registered JMX Bean with object name Ratis:service=RaftServer,group=group-D9FA4A56B95D,id=881b483d-3350-4cb0-9dfa-0b51e2558016
2019-09-02 02:59:26,865 [StateMachineUpdater:6200eba3-9c3a-4cd5-b165-0febe607b4fe:group-4B4DC87F36DD] INFO  ratis.ContainerStateMachine (ContainerStateMachine.java:takeSnapshot(283)) - group-4B4DC87F36DD: Taking a snapshot at:(t:1, i:4) file /workdir/hadoop-ozone/integration-test/target/test-dir/MiniOzoneClusterImpl-95ed0e50-2dca-4589-8b2d-b7f1480a1ca1/datanode-4/data/ratis/b5b8c1c8-0b9f-4c3c-bf94-4b4dc87f36dd/sm/snapshot.1_4
2019-09-02 02:59:26,865 [grpc-default-executor-8] INFO  server.GrpcLogAppender (GrpcLogAppender.java:onCompleted(292)) - 6200eba3-9c3a-4cd5-b165-0febe607b4fe->f5200351-47ce-4212-9670-72e625b80f12: follower responses appendEntries COMPLETED
2019-09-02 02:59:26,865 [grpc-default-executor-0] INFO  server.GrpcServerProtocolService (GrpcServerProtocolService.java:onCompleted(104)) - 58e57113-ec4e-4e2c-8e08-9b26096286af: appendEntries completed
2019-09-02 02:59:26,865 [main] INFO  impl.StateMachineUpdater (StateMachineUpdater.java:stopAndJoin(115)) - StateMachineUpdater:6200eba3-9c3a-4cd5-b165-0febe607b4fe:group-4B4DC87F36DD: set stopIndex = 4
2019-09-02 02:59:26,865 [grpc-default-executor-8] INFO  impl.FollowerInfo (FollowerInfo.java:lambda$new$0(50)) - 6200eba3-9c3a-4cd5-b165-0febe607b4fe->f5200351-47ce-4212-9670-72e625b80f12: nextIndex: updateUnconditionally 5 -> 4
2019-09-02 02:59:26,865 [ForkJoinPool.commonPool-worker-1] INFO  impl.RoleInfo (RoleInfo.java:shutdownLeaderState(104)) - 881b483d-3350-4cb0-9dfa-0b51e2558016: shutdown LeaderState
2019-09-02 02:59:26,866 [grpc-default-executor-0] INFO  server.GrpcLogAppender (GrpcLogAppender.java:onCompleted(292)) - 6200eba3-9c3a-4cd5-b165-0febe607b4fe->58e57113-ec4e-4e2c-8e08-9b26096286af: follower responses appendEntries COMPLETED
2019-09-02 02:59:26,871 [org.apache.ratis.server.impl.LogAppender$AppenderDaemon$$Lambda$464/1211286439@2f190395] WARN  server.GrpcLogAppender (GrpcLogAppender.java:mayWait(143)) - GrpcLogAppender(881b483d-3350-4cb0-9dfa-0b51e2558016->50da3d7a-a47f-41c7-ad75-11072bd7a70e): Wait interrupted by java.lang.InterruptedException
2019-09-02 02:59:26,871 [org.apache.ratis.server.impl.LogAppender$AppenderDaemon$$Lambda$464/1211286439@6a1b8812] WARN  server.GrpcLogAppender (GrpcLogAppender.java:mayWait(143)) - GrpcLogAppender(881b483d-3350-4cb0-9dfa-0b51e2558016->9222fa3a-6d54-4d5e-ab04-cee29767e203): Wait interrupted by java.lang.InterruptedException
2019-09-02 02:59:26,871 [ForkJoinPool.commonPool-worker-1] INFO  impl.PendingRequests (PendingRequests.java:sendNotLeaderResponses(202)) - 881b483d-3350-4cb0-9dfa-0b51e2558016-PendingRequests: sendNotLeaderResponses
2019-09-02 02:59:26,871 [grpc-default-executor-0] INFO  impl.FollowerInfo (FollowerInfo.java:lambda$new$0(50)) - 6200eba3-9c3a-4cd5-b165-0febe607b4fe->58e57113-ec4e-4e2c-8e08-9b26096286af: nextIndex: updateUnconditionally 5 -> 4
2019-09-02 02:59:26,874 [grpc-default-executor-5] INFO  server.GrpcServerProtocolService (GrpcServerProtocolService.java:onCompleted(104)) - 50da3d7a-a47f-41c7-ad75-11072bd7a70e: appendEntries completed
2019-09-02 02:59:26,874 [StateMachineUpdater:881b483d-3350-4cb0-9dfa-0b51e2558016:group-D9FA4A56B95D] INFO  ratis.ContainerStateMachine (ContainerStateMachine.java:takeSnapshot(283)) - group-D9FA4A56B95D: Taking a snapshot at:(t:1, i:14) file /workdir/hadoop-ozone/integration-test/target/test-dir/MiniOzoneClusterImpl-95ed0e50-2dca-4589-8b2d-b7f1480a1ca1/datanode-1/data/ratis/d36061ae-9f4a-41eb-a830-d9fa4a56b95d/sm/snapshot.1_14
2019-09-02 02:59:26,874 [ForkJoinPool.commonPool-worker-1] INFO  impl.StateMachineUpdater (StateMachineUpdater.java:stopAndJoin(115)) - StateMachineUpdater:881b483d-3350-4cb0-9dfa-0b51e2558016:group-D9FA4A56B95D: set stopIndex = 16
2019-09-02 02:59:26,871 [grpc-default-executor-8] INFO  server.GrpcServerProtocolService (GrpcServerProtocolService.java:onCompleted(104)) - 9222fa3a-6d54-4d5e-ab04-cee29767e203: appendEntries completed
2019-09-02 02:59:26,874 [grpc-default-executor-6] INFO  server.GrpcLogAppender (GrpcLogAppender.java:onCompleted(292)) - 881b483d-3350-4cb0-9dfa-0b51e2558016->50da3d7a-a47f-41c7-ad75-11072bd7a70e: follower responses appendEntries COMPLETED
2019-09-02 02:59:26,875 [grpc-default-executor-6] INFO  impl.FollowerInfo (FollowerInfo.java:lambda$new$0(50)) - 881b483d-3350-4cb0-9dfa-0b51e2558016->50da3d7a-a47f-41c7-ad75-11072bd7a70e: nextIndex: updateUnconditionally 17 -> 16
2019-09-02 02:59:26,875 [grpc-default-executor-8] INFO  server.GrpcLogAppender (GrpcLogAppender.java:onCompleted(292)) - 881b483d-3350-4cb0-9dfa-0b51e2558016->9222fa3a-6d54-4d5e-ab04-cee29767e203: follower responses appendEntries COMPLETED
2019-09-02 02:59:26,875 [grpc-default-executor-8] INFO  impl.FollowerInfo (FollowerInfo.java:lambda$new$0(50)) - 881b483d-3350-4cb0-9dfa-0b51e2558016->9222fa3a-6d54-4d5e-ab04-cee29767e203: nextIndex: updateUnconditionally 17 -> 16
2019-09-02 02:59:26,896 [StateMachineUpdater:6200eba3-9c3a-4cd5-b165-0febe607b4fe:group-4B4DC87F36DD] INFO  ratis.ContainerStateMachine (ContainerStateMachine.java:takeSnapshot(294)) - group-4B4DC87F36DD: Finished taking a snapshot at:(t:1, i:4) file:/workdir/hadoop-ozone/integration-test/target/test-dir/MiniOzoneClusterImpl-95ed0e50-2dca-4589-8b2d-b7f1480a1ca1/datanode-4/data/ratis/b5b8c1c8-0b9f-4c3c-bf94-4b4dc87f36dd/sm/snapshot.1_4 time:32
2019-09-02 02:59:26,896 [StateMachineUpdater:881b483d-3350-4cb0-9dfa-0b51e2558016:group-D9FA4A56B95D] INFO  ratis.ContainerStateMachine (ContainerStateMachine.java:takeSnapshot(294)) - group-D9FA4A56B95D: Finished taking a snapshot at:(t:1, i:14) file:/workdir/hadoop-ozone/integration-test/target/test-dir/MiniOzoneClusterImpl-95ed0e50-2dca-4589-8b2d-b7f1480a1ca1/datanode-1/data/ratis/d36061ae-9f4a-41eb-a830-d9fa4a56b95d/sm/snapshot.1_14 time:23
2019-09-02 02:59:26,896 [StateMachineUpdater:6200eba3-9c3a-4cd5-b165-0febe607b4fe:group-4B4DC87F36DD] INFO  impl.StateMachineUpdater (StateMachineUpdater.java:takeSnapshot(242)) - StateMachineUpdater:6200eba3-9c3a-4cd5-b165-0febe607b4fe:group-4B4DC87F36DD: Took a snapshot at index 4
2019-09-02 02:59:26,896 [StateMachineUpdater:881b483d-3350-4cb0-9dfa-0b51e2558016:group-D9FA4A56B95D] INFO  impl.StateMachineUpdater (StateMachineUpdater.java:takeSnapshot(242)) - StateMachineUpdater:881b483d-3350-4cb0-9dfa-0b51e2558016:group-D9FA4A56B95D: Took a snapshot at index 14
2019-09-02 02:59:26,897 [StateMachineUpdater:6200eba3-9c3a-4cd5-b165-0febe607b4fe:group-4B4DC87F36DD] INFO  impl.StateMachineUpdater (StateMachineUpdater.java:lambda$new$0(80)) - StateMachineUpdater:6200eba3-9c3a-4cd5-b165-0febe607b4fe:group-4B4DC87F36DD: snapshotIndex: updateIncreasingly -1 -> 4
2019-09-02 02:59:26,897 [StateMachineUpdater:881b483d-3350-4cb0-9dfa-0b51e2558016:group-D9FA4A56B95D] INFO  impl.StateMachineUpdater (StateMachineUpdater.java:lambda$new$0(80)) - StateMachineUpdater:881b483d-3350-4cb0-9dfa-0b51e2558016:group-D9FA4A56B95D: snapshotIndex: updateIncreasingly -1 -> 14
2019-09-02 02:59:26,897 [main] INFO  impl.RaftServerImpl (ServerState.java:close(394)) - 6200eba3-9c3a-4cd5-b165-0febe607b4fe:group-4B4DC87F36DD closes. The last applied log index is 4
2019-09-02 02:59:26,897 [ForkJoinPool.commonPool-worker-1] INFO  impl.RaftServerImpl (ServerState.java:close(394)) - 881b483d-3350-4cb0-9dfa-0b51e2558016:group-D9FA4A56B95D closes. The last applied log index is 16
2019-09-02 02:59:26,897 [6200eba3-9c3a-4cd5-b165-0febe607b4fe-SegmentedRaftLogWorker:Storage Directory /workdir/hadoop-ozone/integration-test/target/test-dir/MiniOzoneClusterImpl-95ed0e50-2dca-4589-8b2d-b7f1480a1ca1/datanode-4/data/ratis/b5b8c1c8-0b9f-4c3c-bf94-4b4dc87f36dd] INFO  segmented.SegmentedRaftLogWorker (SegmentedRaftLogWorker.java:run(313)) - 6200eba3-9c3a-4cd5-b165-0febe607b4fe-SegmentedRaftLogWorker:Storage Directory /workdir/hadoop-ozone/integration-test/target/test-dir/MiniOzoneClusterImpl-95ed0e50-2dca-4589-8b2d-b7f1480a1ca1/datanode-4/data/ratis/b5b8c1c8-0b9f-4c3c-bf94-4b4dc87f36dd was interrupted, exiting. There are 0 tasks remaining in the queue.
2019-09-02 02:59:26,898 [881b483d-3350-4cb0-9dfa-0b51e2558016-SegmentedRaftLogWorker:Storage Directory /workdir/hadoop-ozone/integration-test/target/test-dir/MiniOzoneClusterImpl-95ed0e50-2dca-4589-8b2d-b7f1480a1ca1/datanode-1/data/ratis/d36061ae-9f4a-41eb-a830-d9fa4a56b95d] INFO  segmented.SegmentedRaftLogWorker (SegmentedRaftLogWorker.java:run(313)) - 881b483d-3350-4cb0-9dfa-0b51e2558016-SegmentedRaftLogWorker:Storage Directory /workdir/hadoop-ozone/integration-test/target/test-dir/MiniOzoneClusterImpl-95ed0e50-2dca-4589-8b2d-b7f1480a1ca1/datanode-1/data/ratis/d36061ae-9f4a-41eb-a830-d9fa4a56b95d was interrupted, exiting. There are 0 tasks remaining in the queue.
2019-09-02 02:59:26,898 [main] INFO  segmented.SegmentedRaftLogWorker (SegmentedRaftLogWorker.java:close(228)) - 6200eba3-9c3a-4cd5-b165-0febe607b4fe-SegmentedRaftLogWorker:Storage Directory /workdir/hadoop-ozone/integration-test/target/test-dir/MiniOzoneClusterImpl-95ed0e50-2dca-4589-8b2d-b7f1480a1ca1/datanode-4/data/ratis/b5b8c1c8-0b9f-4c3c-bf94-4b4dc87f36dd close()
2019-09-02 02:59:26,898 [ForkJoinPool.commonPool-worker-1] INFO  segmented.SegmentedRaftLogWorker (SegmentedRaftLogWorker.java:close(228)) - 881b483d-3350-4cb0-9dfa-0b51e2558016-SegmentedRaftLogWorker:Storage Directory /workdir/hadoop-ozone/integration-test/target/test-dir/MiniOzoneClusterImpl-95ed0e50-2dca-4589-8b2d-b7f1480a1ca1/datanode-1/data/ratis/d36061ae-9f4a-41eb-a830-d9fa4a56b95d close()
2019-09-02 02:59:26,901 [main] INFO  server.GrpcService (GrpcService.java:closeImpl(155)) - 6200eba3-9c3a-4cd5-b165-0febe607b4fe: shutdown server with port 46451 now
2019-09-02 02:59:26,903 [ForkJoinPool.commonPool-worker-1] INFO  server.GrpcService (GrpcService.java:closeImpl(155)) - 881b483d-3350-4cb0-9dfa-0b51e2558016: shutdown server with port 41319 now
2019-09-02 02:59:26,904 [main] INFO  server.GrpcService (GrpcService.java:closeImpl(163)) - 6200eba3-9c3a-4cd5-b165-0febe607b4fe: shutdown server with port 46451 successfully
2019-09-02 02:59:26,904 [ForkJoinPool.commonPool-worker-1] INFO  server.GrpcService (GrpcService.java:closeImpl(163)) - 881b483d-3350-4cb0-9dfa-0b51e2558016: shutdown server with port 41319 successfully
2019-09-02 02:59:26,904 [grpc-default-executor-5] WARN  client.GrpcClientProtocolService (LogUtils.java:warn(134)) - 2-UnorderedRequestStreamObserver2: onError: org.apache.ratis.thirdparty.io.grpc.StatusRuntimeException: CANCELLED: cancelled before receiving half close
2019-09-02 02:59:26,905 [ForkJoinPool.commonPool-worker-1] INFO  utils.BackgroundService (BackgroundService.java:shutdown(148)) - Shutting down service BlockDeletingService
2019-09-02 02:59:26,906 [main] INFO  utils.BackgroundService (BackgroundService.java:shutdown(148)) - Shutting down service BlockDeletingService
2019-09-02 02:59:26,906 [refreshUsed-/workdir/hadoop-ozone/integration-test/target/test-dir/MiniOzoneClusterImpl-95ed0e50-2dca-4589-8b2d-b7f1480a1ca1/datanode-1/data/containers] WARN  fs.CachingGetSpaceUsed (CachingGetSpaceUsed.java:run(183)) - Thread Interrupted waiting to refresh disk information: sleep interrupted
2019-09-02 02:59:26,908 [refreshUsed-/workdir/hadoop-ozone/integration-test/target/test-dir/MiniOzoneClusterImpl-95ed0e50-2dca-4589-8b2d-b7f1480a1ca1/datanode-4/data/containers] WARN  fs.CachingGetSpaceUsed (CachingGetSpaceUsed.java:run(183)) - Thread Interrupted waiting to refresh disk information: sleep interrupted
2019-09-02 02:59:26,923 [ForkJoinPool.commonPool-worker-1] INFO  statemachine.DatanodeStateMachine (DatanodeStateMachine.java:stopDaemon(395)) - Ozone container server stopped.
2019-09-02 02:59:26,942 [ForkJoinPool.commonPool-worker-1] INFO  handler.ContextHandler (ContextHandler.java:doStop(910)) - Stopped o.e.j.w.WebAppContext@4146577c{/,null,UNAVAILABLE}{/hddsDatanode}
2019-09-02 02:59:26,943 [ForkJoinPool.commonPool-worker-1] INFO  server.AbstractConnector (AbstractConnector.java:doStop(318)) - Stopped ServerConnector@5afaa87a{HTTP/1.1,[http/1.1]}{0.0.0.0:0}
2019-09-02 02:59:26,946 [ForkJoinPool.commonPool-worker-1] INFO  handler.ContextHandler (ContextHandler.java:doStop(910)) - Stopped o.e.j.s.ServletContextHandler@287d9e0c{/static,jar:file:/home/user/.m2/repository/org/apache/hadoop/hadoop-hdds-container-service/0.5.0-SNAPSHOT/hadoop-hdds-container-service-0.5.0-SNAPSHOT.jar!/webapps/static,UNAVAILABLE}
2019-09-02 02:59:26,950 [main] INFO  statemachine.DatanodeStateMachine (DatanodeStateMachine.java:stopDaemon(395)) - Ozone container server stopped.
2019-09-02 02:59:26,950 [ForkJoinPool.commonPool-worker-1] INFO  handler.ContextHandler (ContextHandler.java:doStop(910)) - Stopped o.e.j.s.ServletContextHandler@335aac7a{/logs,file:///workdir/hadoop-ozone/integration-test/target/log,UNAVAILABLE}
2019-09-02 02:59:26,951 [main] INFO  handler.ContextHandler (ContextHandler.java:doStop(910)) - Stopped o.e.j.w.WebAppContext@66121af9{/,null,UNAVAILABLE}{/hddsDatanode}
2019-09-02 02:59:26,951 [ForkJoinPool.commonPool-worker-1] INFO  datanode.ObjectStoreHandler (ObjectStoreHandler.java:close(155)) - Closing ObjectStoreHandler.
2019-09-02 02:59:26,951 [main] INFO  server.AbstractConnector (AbstractConnector.java:doStop(318)) - Stopped ServerConnector@62a153d3{HTTP/1.1,[http/1.1]}{0.0.0.0:0}
2019-09-02 02:59:26,951 [ForkJoinPool.commonPool-worker-1] INFO  ozone.HddsDatanodeService (HddsDatanodeService.java:stop(451)) - Stopped plug-in org.apache.hadoop.ozone.web.OzoneHddsDatanodeService@4430d9be
2019-09-02 02:59:26,951 [main] INFO  handler.ContextHandler (ContextHandler.java:doStop(910)) - Stopped o.e.j.s.ServletContextHandler@34f3189{/static,jar:file:/home/user/.m2/repository/org/apache/hadoop/hadoop-hdds-container-service/0.5.0-SNAPSHOT/hadoop-hdds-container-service-0.5.0-SNAPSHOT.jar!/webapps/static,UNAVAILABLE}
2019-09-02 02:59:26,952 [main] INFO  handler.ContextHandler (ContextHandler.java:doStop(910)) - Stopped o.e.j.s.ServletContextHandler@5cd3f5bf{/logs,file:///workdir/hadoop-ozone/integration-test/target/log,UNAVAILABLE}
2019-09-02 02:59:26,952 [main] INFO  datanode.ObjectStoreHandler (ObjectStoreHandler.java:close(155)) - Closing ObjectStoreHandler.
2019-09-02 02:59:26,953 [main] INFO  ozone.HddsDatanodeService (HddsDatanodeService.java:stop(451)) - Stopped plug-in org.apache.hadoop.ozone.web.OzoneHddsDatanodeService@52f2d8e8
2019-09-02 02:59:26,978 | INFO  | SCMAudit | user=jenkins1000 | ip=192.168.34.6 | op=SEND_HEARTBEAT {datanodeUUID=14e62e22-4066-45fc-b669-f81f16730274, command=[]} | ret=SUCCESS |  
2019-09-02 02:59:27,232 [Datanode State Machine Thread - 0] INFO  statemachine.DatanodeStateMachine (DatanodeStateMachine.java:lambda$startDaemon$0(350)) - Ozone container server started.
2019-09-02 02:59:27,232 [Datanode State Machine Thread - 0] INFO  statemachine.DatanodeStateMachine (DatanodeStateMachine.java:lambda$startDaemon$0(350)) - Ozone container server started.
2019-09-02 02:59:27,684 | INFO  | SCMAudit | user=jenkins1000 | ip=192.168.34.6 | op=SEND_HEARTBEAT {datanodeUUID=58e57113-ec4e-4e2c-8e08-9b26096286af, command=[commandType: closeContainerCommand closeContainerCommandProto { containerID: 2 pipelineID { id: "b5b8c1c8-0b9f-4c3c-bf94-4b4dc87f36dd" } cmdId: 2 force: false } ]} | ret=SUCCESS |  
2019-09-02 02:59:27,684 | INFO  | SCMAudit | user=jenkins1000 | ip=192.168.34.6 | op=SEND_HEARTBEAT {datanodeUUID=f5200351-47ce-4212-9670-72e625b80f12, command=[commandType: closeContainerCommand closeContainerCommandProto { containerID: 2 pipelineID { id: "b5b8c1c8-0b9f-4c3c-bf94-4b4dc87f36dd" } cmdId: 2 force: false } ]} | ret=SUCCESS |  
2019-09-02 02:59:27,979 | INFO  | SCMAudit | user=jenkins1000 | ip=192.168.34.6 | op=SEND_HEARTBEAT {datanodeUUID=14e62e22-4066-45fc-b669-f81f16730274, command=[]} | ret=SUCCESS |  
2019-09-02 02:59:28,683 | INFO  | SCMAudit | user=jenkins1000 | ip=192.168.34.6 | op=SEND_HEARTBEAT {datanodeUUID=f5200351-47ce-4212-9670-72e625b80f12, command=[]} | ret=SUCCESS |  
2019-09-02 02:59:28,683 | INFO  | SCMAudit | user=jenkins1000 | ip=192.168.34.6 | op=SEND_HEARTBEAT {datanodeUUID=58e57113-ec4e-4e2c-8e08-9b26096286af, command=[]} | ret=SUCCESS |  
2019-09-02 02:59:28,699 | INFO  | SCMAudit | user=jenkins1000 | ip=192.168.34.6 | op=SEND_HEARTBEAT {datanodeUUID=58e57113-ec4e-4e2c-8e08-9b26096286af, command=[]} | ret=SUCCESS |  
2019-09-02 02:59:28,979 | INFO  | SCMAudit | user=jenkins1000 | ip=192.168.34.6 | op=SEND_HEARTBEAT {datanodeUUID=14e62e22-4066-45fc-b669-f81f16730274, command=[]} | ret=SUCCESS |  
2019-09-02 02:59:29,684 | INFO  | SCMAudit | user=jenkins1000 | ip=192.168.34.6 | op=SEND_HEARTBEAT {datanodeUUID=f5200351-47ce-4212-9670-72e625b80f12, command=[]} | ret=SUCCESS |  
2019-09-02 02:59:29,699 | INFO  | SCMAudit | user=jenkins1000 | ip=192.168.34.6 | op=SEND_HEARTBEAT {datanodeUUID=f5200351-47ce-4212-9670-72e625b80f12, command=[]} | ret=SUCCESS |  
2019-09-02 02:59:29,699 | INFO  | SCMAudit | user=jenkins1000 | ip=192.168.34.6 | op=SEND_HEARTBEAT {datanodeUUID=58e57113-ec4e-4e2c-8e08-9b26096286af, command=[]} | ret=SUCCESS |  
2019-09-02 02:59:29,978 | INFO  | SCMAudit | user=jenkins1000 | ip=192.168.34.6 | op=SEND_HEARTBEAT {datanodeUUID=14e62e22-4066-45fc-b669-f81f16730274, command=[]} | ret=SUCCESS |  
2019-09-02 02:59:30,699 | INFO  | SCMAudit | user=jenkins1000 | ip=192.168.34.6 | op=SEND_HEARTBEAT {datanodeUUID=58e57113-ec4e-4e2c-8e08-9b26096286af, command=[]} | ret=SUCCESS |  
2019-09-02 02:59:30,700 | INFO  | SCMAudit | user=jenkins1000 | ip=192.168.34.6 | op=SEND_HEARTBEAT {datanodeUUID=f5200351-47ce-4212-9670-72e625b80f12, command=[]} | ret=SUCCESS |  
2019-09-02 02:59:30,978 | INFO  | SCMAudit | user=jenkins1000 | ip=192.168.34.6 | op=SEND_HEARTBEAT {datanodeUUID=14e62e22-4066-45fc-b669-f81f16730274, command=[]} | ret=SUCCESS |  
2019-09-02 02:59:31,313 [EventQueue-StaleNodeForStaleNodeHandler] INFO  node.StaleNodeHandler (StaleNodeHandler.java:onMessage(58)) - Datanode 9222fa3a-6d54-4d5e-ab04-cee29767e203{ip: 192.168.34.6, host: pr-hdds-1569-dhr7x-3740612857, networkLocation: /default-rack, certSerialId: null} moved to stale state. Finalizing its pipelines [PipelineID=879b1fd8-4e4f-46b2-b861-34f340ea56e5, PipelineID=d36061ae-9f4a-41eb-a830-d9fa4a56b95d]
2019-09-02 02:59:31,313 [EventQueue-StaleNodeForStaleNodeHandler] INFO  pipeline.SCMPipelineManager (SCMPipelineManager.java:finalizeAndDestroyPipeline(309)) - destroying pipeline:Pipeline[ Id: 879b1fd8-4e4f-46b2-b861-34f340ea56e5, Nodes: 9222fa3a-6d54-4d5e-ab04-cee29767e203{ip: 192.168.34.6, host: pr-hdds-1569-dhr7x-3740612857, networkLocation: /default-rack, certSerialId: null}, Type:RATIS, Factor:ONE, State:OPEN]
2019-09-02 02:59:31,314 [EventQueue-StaleNodeForStaleNodeHandler] INFO  pipeline.PipelineStateManager (PipelineStateManager.java:finalizePipeline(123)) - Pipeline Pipeline[ Id: 879b1fd8-4e4f-46b2-b861-34f340ea56e5, Nodes: 9222fa3a-6d54-4d5e-ab04-cee29767e203{ip: 192.168.34.6, host: pr-hdds-1569-dhr7x-3740612857, networkLocation: /default-rack, certSerialId: null}, Type:RATIS, Factor:ONE, State:CLOSED] moved to CLOSED state
2019-09-02 02:59:31,314 [EventQueue-StaleNodeForStaleNodeHandler] INFO  pipeline.SCMPipelineManager (SCMPipelineManager.java:finalizeAndDestroyPipeline(309)) - destroying pipeline:Pipeline[ Id: d36061ae-9f4a-41eb-a830-d9fa4a56b95d, Nodes: 9222fa3a-6d54-4d5e-ab04-cee29767e203{ip: 192.168.34.6, host: pr-hdds-1569-dhr7x-3740612857, networkLocation: /default-rack, certSerialId: null}50da3d7a-a47f-41c7-ad75-11072bd7a70e{ip: 192.168.34.6, host: pr-hdds-1569-dhr7x-3740612857, networkLocation: /default-rack, certSerialId: null}881b483d-3350-4cb0-9dfa-0b51e2558016{ip: 192.168.34.6, host: pr-hdds-1569-dhr7x-3740612857, networkLocation: /default-rack, certSerialId: null}, Type:RATIS, Factor:THREE, State:CLOSED]
2019-09-02 02:59:31,314 [EventQueue-StaleNodeForStaleNodeHandler] INFO  node.StaleNodeHandler (StaleNodeHandler.java:onMessage(58)) - Datanode 50da3d7a-a47f-41c7-ad75-11072bd7a70e{ip: 192.168.34.6, host: pr-hdds-1569-dhr7x-3740612857, networkLocation: /default-rack, certSerialId: null} moved to stale state. Finalizing its pipelines [PipelineID=d9e18165-0d94-4bf6-90b5-59509b4705ca, PipelineID=d36061ae-9f4a-41eb-a830-d9fa4a56b95d]
2019-09-02 02:59:31,314 [EventQueue-StaleNodeForStaleNodeHandler] INFO  pipeline.SCMPipelineManager (SCMPipelineManager.java:finalizeAndDestroyPipeline(309)) - destroying pipeline:Pipeline[ Id: d9e18165-0d94-4bf6-90b5-59509b4705ca, Nodes: 50da3d7a-a47f-41c7-ad75-11072bd7a70e{ip: 192.168.34.6, host: pr-hdds-1569-dhr7x-3740612857, networkLocation: /default-rack, certSerialId: null}, Type:RATIS, Factor:ONE, State:OPEN]
2019-09-02 02:59:31,315 [EventQueue-StaleNodeForStaleNodeHandler] INFO  pipeline.PipelineStateManager (PipelineStateManager.java:finalizePipeline(123)) - Pipeline Pipeline[ Id: d9e18165-0d94-4bf6-90b5-59509b4705ca, Nodes: 50da3d7a-a47f-41c7-ad75-11072bd7a70e{ip: 192.168.34.6, host: pr-hdds-1569-dhr7x-3740612857, networkLocation: /default-rack, certSerialId: null}, Type:RATIS, Factor:ONE, State:CLOSED] moved to CLOSED state
2019-09-02 02:59:31,315 [EventQueue-StaleNodeForStaleNodeHandler] INFO  pipeline.SCMPipelineManager (SCMPipelineManager.java:finalizeAndDestroyPipeline(309)) - destroying pipeline:Pipeline[ Id: d36061ae-9f4a-41eb-a830-d9fa4a56b95d, Nodes: 9222fa3a-6d54-4d5e-ab04-cee29767e203{ip: 192.168.34.6, host: pr-hdds-1569-dhr7x-3740612857, networkLocation: /default-rack, certSerialId: null}50da3d7a-a47f-41c7-ad75-11072bd7a70e{ip: 192.168.34.6, host: pr-hdds-1569-dhr7x-3740612857, networkLocation: /default-rack, certSerialId: null}881b483d-3350-4cb0-9dfa-0b51e2558016{ip: 192.168.34.6, host: pr-hdds-1569-dhr7x-3740612857, networkLocation: /default-rack, certSerialId: null}, Type:RATIS, Factor:THREE, State:CLOSED]
2019-09-02 02:59:31,700 | INFO  | SCMAudit | user=jenkins1000 | ip=192.168.34.6 | op=SEND_HEARTBEAT {datanodeUUID=58e57113-ec4e-4e2c-8e08-9b26096286af, command=[]} | ret=SUCCESS |  
2019-09-02 02:59:31,700 | INFO  | SCMAudit | user=jenkins1000 | ip=192.168.34.6 | op=SEND_HEARTBEAT {datanodeUUID=f5200351-47ce-4212-9670-72e625b80f12, command=[]} | ret=SUCCESS |  
2019-09-02 02:59:31,952 [ForkJoinPool.commonPool-worker-1] INFO  ozoneimpl.OzoneContainer (OzoneContainer.java:stop(199)) - Attempting to stop container services.
2019-09-02 02:59:31,952 [ForkJoinPool.commonPool-worker-1] INFO  impl.RaftServerProxy (RaftServerProxy.java:lambda$close$4(314)) - 9222fa3a-6d54-4d5e-ab04-cee29767e203: close
2019-09-02 02:59:31,953 [ForkJoinPool.commonPool-worker-1] INFO  impl.RaftServerImpl (RaftServerImpl.java:lambda$shutdown$3(245)) - 9222fa3a-6d54-4d5e-ab04-cee29767e203: shutdown group-34F340EA56E5
2019-09-02 02:59:31,953 [main] INFO  ozoneimpl.OzoneContainer (OzoneContainer.java:stop(199)) - Attempting to stop container services.
2019-09-02 02:59:31,953 [ForkJoinPool.commonPool-worker-1] INFO  util.JmxRegister (JmxRegister.java:unregister(73)) - Successfully un-registered JMX Bean with object name Ratis:service=RaftServer,group=group-34F340EA56E5,id=9222fa3a-6d54-4d5e-ab04-cee29767e203
2019-09-02 02:59:31,954 [main] INFO  impl.RaftServerProxy (RaftServerProxy.java:lambda$close$4(314)) - 50da3d7a-a47f-41c7-ad75-11072bd7a70e: close
2019-09-02 02:59:31,954 [ForkJoinPool.commonPool-worker-1] INFO  impl.RoleInfo (RoleInfo.java:shutdownLeaderState(104)) - 9222fa3a-6d54-4d5e-ab04-cee29767e203: shutdown LeaderState
2019-09-02 02:59:31,954 [main] INFO  impl.RaftServerImpl (RaftServerImpl.java:lambda$shutdown$3(245)) - 50da3d7a-a47f-41c7-ad75-11072bd7a70e: shutdown group-59509B4705CA
2019-09-02 02:59:31,954 [ForkJoinPool.commonPool-worker-1] INFO  impl.PendingRequests (PendingRequests.java:sendNotLeaderResponses(202)) - 9222fa3a-6d54-4d5e-ab04-cee29767e203-PendingRequests: sendNotLeaderResponses
2019-09-02 02:59:31,955 [main] INFO  util.JmxRegister (JmxRegister.java:unregister(73)) - Successfully un-registered JMX Bean with object name Ratis:service=RaftServer,group=group-59509B4705CA,id=50da3d7a-a47f-41c7-ad75-11072bd7a70e
2019-09-02 02:59:31,955 [ForkJoinPool.commonPool-worker-1] INFO  impl.StateMachineUpdater (StateMachineUpdater.java:stopAndJoin(115)) - StateMachineUpdater:9222fa3a-6d54-4d5e-ab04-cee29767e203:group-34F340EA56E5: set stopIndex = 0
2019-09-02 02:59:31,955 [main] INFO  impl.RoleInfo (RoleInfo.java:shutdownLeaderState(104)) - 50da3d7a-a47f-41c7-ad75-11072bd7a70e: shutdown LeaderState
2019-09-02 02:59:31,955 [ForkJoinPool.commonPool-worker-1] INFO  impl.RaftServerImpl (ServerState.java:close(394)) - 9222fa3a-6d54-4d5e-ab04-cee29767e203:group-34F340EA56E5 closes. The last applied log index is 0
2019-09-02 02:59:31,956 [main] INFO  impl.PendingRequests (PendingRequests.java:sendNotLeaderResponses(202)) - 50da3d7a-a47f-41c7-ad75-11072bd7a70e-PendingRequests: sendNotLeaderResponses
2019-09-02 02:59:31,956 [9222fa3a-6d54-4d5e-ab04-cee29767e203-SegmentedRaftLogWorker:Storage Directory /workdir/hadoop-ozone/integration-test/target/test-dir/MiniOzoneClusterImpl-95ed0e50-2dca-4589-8b2d-b7f1480a1ca1/datanode-2/data/ratis/879b1fd8-4e4f-46b2-b861-34f340ea56e5] INFO  segmented.SegmentedRaftLogWorker (SegmentedRaftLogWorker.java:run(313)) - 9222fa3a-6d54-4d5e-ab04-cee29767e203-SegmentedRaftLogWorker:Storage Directory /workdir/hadoop-ozone/integration-test/target/test-dir/MiniOzoneClusterImpl-95ed0e50-2dca-4589-8b2d-b7f1480a1ca1/datanode-2/data/ratis/879b1fd8-4e4f-46b2-b861-34f340ea56e5 was interrupted, exiting. There are 0 tasks remaining in the queue.
2019-09-02 02:59:31,956 [main] INFO  impl.StateMachineUpdater (StateMachineUpdater.java:stopAndJoin(115)) - StateMachineUpdater:50da3d7a-a47f-41c7-ad75-11072bd7a70e:group-59509B4705CA: set stopIndex = 0
2019-09-02 02:59:31,957 [ForkJoinPool.commonPool-worker-1] INFO  segmented.SegmentedRaftLogWorker (SegmentedRaftLogWorker.java:close(228)) - 9222fa3a-6d54-4d5e-ab04-cee29767e203-SegmentedRaftLogWorker:Storage Directory /workdir/hadoop-ozone/integration-test/target/test-dir/MiniOzoneClusterImpl-95ed0e50-2dca-4589-8b2d-b7f1480a1ca1/datanode-2/data/ratis/879b1fd8-4e4f-46b2-b861-34f340ea56e5 close()
2019-09-02 02:59:31,957 [main] INFO  impl.RaftServerImpl (ServerState.java:close(394)) - 50da3d7a-a47f-41c7-ad75-11072bd7a70e:group-59509B4705CA closes. The last applied log index is 0
2019-09-02 02:59:31,960 [ForkJoinPool.commonPool-worker-1] INFO  impl.RaftServerImpl (RaftServerImpl.java:lambda$shutdown$3(245)) - 9222fa3a-6d54-4d5e-ab04-cee29767e203: shutdown group-D9FA4A56B95D
2019-09-02 02:59:31,961 [50da3d7a-a47f-41c7-ad75-11072bd7a70e-SegmentedRaftLogWorker:Storage Directory /workdir/hadoop-ozone/integration-test/target/test-dir/MiniOzoneClusterImpl-95ed0e50-2dca-4589-8b2d-b7f1480a1ca1/datanode-0/data/ratis/d9e18165-0d94-4bf6-90b5-59509b4705ca] INFO  segmented.SegmentedRaftLogWorker (SegmentedRaftLogWorker.java:run(313)) - 50da3d7a-a47f-41c7-ad75-11072bd7a70e-SegmentedRaftLogWorker:Storage Directory /workdir/hadoop-ozone/integration-test/target/test-dir/MiniOzoneClusterImpl-95ed0e50-2dca-4589-8b2d-b7f1480a1ca1/datanode-0/data/ratis/d9e18165-0d94-4bf6-90b5-59509b4705ca was interrupted, exiting. There are 0 tasks remaining in the queue.
2019-09-02 02:59:31,961 [ForkJoinPool.commonPool-worker-1] INFO  util.JmxRegister (JmxRegister.java:unregister(73)) - Successfully un-registered JMX Bean with object name Ratis:service=RaftServer,group=group-D9FA4A56B95D,id=9222fa3a-6d54-4d5e-ab04-cee29767e203
2019-09-02 02:59:31,961 [ForkJoinPool.commonPool-worker-1] INFO  impl.RoleInfo (RoleInfo.java:shutdownFollowerState(121)) - 9222fa3a-6d54-4d5e-ab04-cee29767e203: shutdown FollowerState
2019-09-02 02:59:31,961 [main] INFO  segmented.SegmentedRaftLogWorker (SegmentedRaftLogWorker.java:close(228)) - 50da3d7a-a47f-41c7-ad75-11072bd7a70e-SegmentedRaftLogWorker:Storage Directory /workdir/hadoop-ozone/integration-test/target/test-dir/MiniOzoneClusterImpl-95ed0e50-2dca-4589-8b2d-b7f1480a1ca1/datanode-0/data/ratis/d9e18165-0d94-4bf6-90b5-59509b4705ca close()
2019-09-02 02:59:31,962 [StateMachineUpdater:9222fa3a-6d54-4d5e-ab04-cee29767e203:group-D9FA4A56B95D] INFO  ratis.ContainerStateMachine (ContainerStateMachine.java:takeSnapshot(283)) - group-D9FA4A56B95D: Taking a snapshot at:(t:1, i:13) file /workdir/hadoop-ozone/integration-test/target/test-dir/MiniOzoneClusterImpl-95ed0e50-2dca-4589-8b2d-b7f1480a1ca1/datanode-2/data/ratis/d36061ae-9f4a-41eb-a830-d9fa4a56b95d/sm/snapshot.1_13
2019-09-02 02:59:31,962 [Thread-4399] INFO  impl.FollowerState (FollowerState.java:run(114)) - 9222fa3a-6d54-4d5e-ab04-cee29767e203: FollowerState was interrupted: java.lang.InterruptedException: sleep interrupted
2019-09-02 02:59:31,962 [ForkJoinPool.commonPool-worker-1] INFO  impl.StateMachineUpdater (StateMachineUpdater.java:stopAndJoin(115)) - StateMachineUpdater:9222fa3a-6d54-4d5e-ab04-cee29767e203:group-D9FA4A56B95D: set stopIndex = 16
2019-09-02 02:59:31,964 [main] INFO  impl.RaftServerImpl (RaftServerImpl.java:lambda$shutdown$3(245)) - 50da3d7a-a47f-41c7-ad75-11072bd7a70e: shutdown group-D9FA4A56B95D
2019-09-02 02:59:31,967 [main] INFO  util.JmxRegister (JmxRegister.java:unregister(73)) - Successfully un-registered JMX Bean with object name Ratis:service=RaftServer,group=group-D9FA4A56B95D,id=50da3d7a-a47f-41c7-ad75-11072bd7a70e
2019-09-02 02:59:31,967 [main] INFO  impl.RoleInfo (RoleInfo.java:shutdownFollowerState(121)) - 50da3d7a-a47f-41c7-ad75-11072bd7a70e: shutdown FollowerState
2019-09-02 02:59:31,967 [main] INFO  impl.StateMachineUpdater (StateMachineUpdater.java:stopAndJoin(115)) - StateMachineUpdater:50da3d7a-a47f-41c7-ad75-11072bd7a70e:group-D9FA4A56B95D: set stopIndex = 16
2019-09-02 02:59:31,967 [Thread-4401] INFO  impl.FollowerState (FollowerState.java:run(114)) - 50da3d7a-a47f-41c7-ad75-11072bd7a70e: FollowerState was interrupted: java.lang.InterruptedException: sleep interrupted
2019-09-02 02:59:31,967 [StateMachineUpdater:50da3d7a-a47f-41c7-ad75-11072bd7a70e:group-D9FA4A56B95D] INFO  ratis.ContainerStateMachine (ContainerStateMachine.java:takeSnapshot(283)) - group-D9FA4A56B95D: Taking a snapshot at:(t:1, i:16) file /workdir/hadoop-ozone/integration-test/target/test-dir/MiniOzoneClusterImpl-95ed0e50-2dca-4589-8b2d-b7f1480a1ca1/datanode-0/data/ratis/d36061ae-9f4a-41eb-a830-d9fa4a56b95d/sm/snapshot.1_16
2019-09-02 02:59:31,978 | INFO  | SCMAudit | user=jenkins1000 | ip=192.168.34.6 | op=SEND_HEARTBEAT {datanodeUUID=14e62e22-4066-45fc-b669-f81f16730274, command=[]} | ret=SUCCESS |  
2019-09-02 02:59:31,979 [StateMachineUpdater:50da3d7a-a47f-41c7-ad75-11072bd7a70e:group-D9FA4A56B95D] INFO  ratis.ContainerStateMachine (ContainerStateMachine.java:takeSnapshot(294)) - group-D9FA4A56B95D: Finished taking a snapshot at:(t:1, i:16) file:/workdir/hadoop-ozone/integration-test/target/test-dir/MiniOzoneClusterImpl-95ed0e50-2dca-4589-8b2d-b7f1480a1ca1/datanode-0/data/ratis/d36061ae-9f4a-41eb-a830-d9fa4a56b95d/sm/snapshot.1_16 time:12
2019-09-02 02:59:31,980 [StateMachineUpdater:50da3d7a-a47f-41c7-ad75-11072bd7a70e:group-D9FA4A56B95D] INFO  impl.StateMachineUpdater (StateMachineUpdater.java:takeSnapshot(242)) - StateMachineUpdater:50da3d7a-a47f-41c7-ad75-11072bd7a70e:group-D9FA4A56B95D: Took a snapshot at index 16
2019-09-02 02:59:31,979 [StateMachineUpdater:9222fa3a-6d54-4d5e-ab04-cee29767e203:group-D9FA4A56B95D] INFO  ratis.ContainerStateMachine (ContainerStateMachine.java:takeSnapshot(294)) - group-D9FA4A56B95D: Finished taking a snapshot at:(t:1, i:13) file:/workdir/hadoop-ozone/integration-test/target/test-dir/MiniOzoneClusterImpl-95ed0e50-2dca-4589-8b2d-b7f1480a1ca1/datanode-2/data/ratis/d36061ae-9f4a-41eb-a830-d9fa4a56b95d/sm/snapshot.1_13 time:18
2019-09-02 02:59:31,980 [StateMachineUpdater:50da3d7a-a47f-41c7-ad75-11072bd7a70e:group-D9FA4A56B95D] INFO  impl.StateMachineUpdater (StateMachineUpdater.java:lambda$new$0(80)) - StateMachineUpdater:50da3d7a-a47f-41c7-ad75-11072bd7a70e:group-D9FA4A56B95D: snapshotIndex: updateIncreasingly -1 -> 16
2019-09-02 02:59:31,980 [StateMachineUpdater:9222fa3a-6d54-4d5e-ab04-cee29767e203:group-D9FA4A56B95D] INFO  impl.StateMachineUpdater (StateMachineUpdater.java:takeSnapshot(242)) - StateMachineUpdater:9222fa3a-6d54-4d5e-ab04-cee29767e203:group-D9FA4A56B95D: Took a snapshot at index 13
2019-09-02 02:59:31,980 [StateMachineUpdater:9222fa3a-6d54-4d5e-ab04-cee29767e203:group-D9FA4A56B95D] INFO  impl.StateMachineUpdater (StateMachineUpdater.java:lambda$new$0(80)) - StateMachineUpdater:9222fa3a-6d54-4d5e-ab04-cee29767e203:group-D9FA4A56B95D: snapshotIndex: updateIncreasingly -1 -> 13
2019-09-02 02:59:31,980 [main] INFO  impl.RaftServerImpl (ServerState.java:close(394)) - 50da3d7a-a47f-41c7-ad75-11072bd7a70e:group-D9FA4A56B95D closes. The last applied log index is 16
2019-09-02 02:59:31,980 [ForkJoinPool.commonPool-worker-1] INFO  impl.RaftServerImpl (ServerState.java:close(394)) - 9222fa3a-6d54-4d5e-ab04-cee29767e203:group-D9FA4A56B95D closes. The last applied log index is 16
2019-09-02 02:59:31,981 [50da3d7a-a47f-41c7-ad75-11072bd7a70e-SegmentedRaftLogWorker:Storage Directory /workdir/hadoop-ozone/integration-test/target/test-dir/MiniOzoneClusterImpl-95ed0e50-2dca-4589-8b2d-b7f1480a1ca1/datanode-0/data/ratis/d36061ae-9f4a-41eb-a830-d9fa4a56b95d] INFO  segmented.SegmentedRaftLogWorker (SegmentedRaftLogWorker.java:run(313)) - 50da3d7a-a47f-41c7-ad75-11072bd7a70e-SegmentedRaftLogWorker:Storage Directory /workdir/hadoop-ozone/integration-test/target/test-dir/MiniOzoneClusterImpl-95ed0e50-2dca-4589-8b2d-b7f1480a1ca1/datanode-0/data/ratis/d36061ae-9f4a-41eb-a830-d9fa4a56b95d was interrupted, exiting. There are 0 tasks remaining in the queue.
2019-09-02 02:59:31,981 [9222fa3a-6d54-4d5e-ab04-cee29767e203-SegmentedRaftLogWorker:Storage Directory /workdir/hadoop-ozone/integration-test/target/test-dir/MiniOzoneClusterImpl-95ed0e50-2dca-4589-8b2d-b7f1480a1ca1/datanode-2/data/ratis/d36061ae-9f4a-41eb-a830-d9fa4a56b95d] INFO  segmented.SegmentedRaftLogWorker (SegmentedRaftLogWorker.java:run(313)) - 9222fa3a-6d54-4d5e-ab04-cee29767e203-SegmentedRaftLogWorker:Storage Directory /workdir/hadoop-ozone/integration-test/target/test-dir/MiniOzoneClusterImpl-95ed0e50-2dca-4589-8b2d-b7f1480a1ca1/datanode-2/data/ratis/d36061ae-9f4a-41eb-a830-d9fa4a56b95d was interrupted, exiting. There are 0 tasks remaining in the queue.
2019-09-02 02:59:31,981 [main] INFO  segmented.SegmentedRaftLogWorker (SegmentedRaftLogWorker.java:close(228)) - 50da3d7a-a47f-41c7-ad75-11072bd7a70e-SegmentedRaftLogWorker:Storage Directory /workdir/hadoop-ozone/integration-test/target/test-dir/MiniOzoneClusterImpl-95ed0e50-2dca-4589-8b2d-b7f1480a1ca1/datanode-0/data/ratis/d36061ae-9f4a-41eb-a830-d9fa4a56b95d close()
2019-09-02 02:59:31,981 [ForkJoinPool.commonPool-worker-1] INFO  segmented.SegmentedRaftLogWorker (SegmentedRaftLogWorker.java:close(228)) - 9222fa3a-6d54-4d5e-ab04-cee29767e203-SegmentedRaftLogWorker:Storage Directory /workdir/hadoop-ozone/integration-test/target/test-dir/MiniOzoneClusterImpl-95ed0e50-2dca-4589-8b2d-b7f1480a1ca1/datanode-2/data/ratis/d36061ae-9f4a-41eb-a830-d9fa4a56b95d close()
2019-09-02 02:59:31,983 [main] INFO  server.GrpcService (GrpcService.java:closeImpl(155)) - 50da3d7a-a47f-41c7-ad75-11072bd7a70e: shutdown server with port 40957 now
2019-09-02 02:59:31,985 [ForkJoinPool.commonPool-worker-1] INFO  server.GrpcService (GrpcService.java:closeImpl(155)) - 9222fa3a-6d54-4d5e-ab04-cee29767e203: shutdown server with port 33458 now
2019-09-02 02:59:31,985 [main] INFO  server.GrpcService (GrpcService.java:closeImpl(163)) - 50da3d7a-a47f-41c7-ad75-11072bd7a70e: shutdown server with port 40957 successfully
2019-09-02 02:59:31,986 [ForkJoinPool.commonPool-worker-1] INFO  server.GrpcService (GrpcService.java:closeImpl(163)) - 9222fa3a-6d54-4d5e-ab04-cee29767e203: shutdown server with port 33458 successfully
2019-09-02 02:59:31,986 [main] INFO  utils.BackgroundService (BackgroundService.java:shutdown(148)) - Shutting down service BlockDeletingService
2019-09-02 02:59:31,987 [refreshUsed-/workdir/hadoop-ozone/integration-test/target/test-dir/MiniOzoneClusterImpl-95ed0e50-2dca-4589-8b2d-b7f1480a1ca1/datanode-0/data/containers] WARN  fs.CachingGetSpaceUsed (CachingGetSpaceUsed.java:run(183)) - Thread Interrupted waiting to refresh disk information: sleep interrupted
2019-09-02 02:59:31,988 [ForkJoinPool.commonPool-worker-1] INFO  utils.BackgroundService (BackgroundService.java:shutdown(148)) - Shutting down service BlockDeletingService
2019-09-02 02:59:31,989 [refreshUsed-/workdir/hadoop-ozone/integration-test/target/test-dir/MiniOzoneClusterImpl-95ed0e50-2dca-4589-8b2d-b7f1480a1ca1/datanode-2/data/containers] WARN  fs.CachingGetSpaceUsed (CachingGetSpaceUsed.java:run(183)) - Thread Interrupted waiting to refresh disk information: sleep interrupted
2019-09-02 02:59:32,003 [ForkJoinPool.commonPool-worker-1] INFO  statemachine.DatanodeStateMachine (DatanodeStateMachine.java:stopDaemon(395)) - Ozone container server stopped.
2019-09-02 02:59:32,006 [ForkJoinPool.commonPool-worker-1] INFO  handler.ContextHandler (ContextHandler.java:doStop(910)) - Stopped o.e.j.w.WebAppContext@5fcc792f{/,null,UNAVAILABLE}{/hddsDatanode}
2019-09-02 02:59:32,006 [ForkJoinPool.commonPool-worker-1] INFO  server.AbstractConnector (AbstractConnector.java:doStop(318)) - Stopped ServerConnector@2927d781{HTTP/1.1,[http/1.1]}{0.0.0.0:0}
2019-09-02 02:59:32,008 [ForkJoinPool.commonPool-worker-1] INFO  handler.ContextHandler (ContextHandler.java:doStop(910)) - Stopped o.e.j.s.ServletContextHandler@23327c53{/static,jar:file:/home/user/.m2/repository/org/apache/hadoop/hadoop-hdds-container-service/0.5.0-SNAPSHOT/hadoop-hdds-container-service-0.5.0-SNAPSHOT.jar!/webapps/static,UNAVAILABLE}
2019-09-02 02:59:32,010 [ForkJoinPool.commonPool-worker-1] INFO  handler.ContextHandler (ContextHandler.java:doStop(910)) - Stopped o.e.j.s.ServletContextHandler@474c8d42{/logs,file:///workdir/hadoop-ozone/integration-test/target/log,UNAVAILABLE}
2019-09-02 02:59:32,010 [ForkJoinPool.commonPool-worker-1] INFO  datanode.ObjectStoreHandler (ObjectStoreHandler.java:close(155)) - Closing ObjectStoreHandler.
2019-09-02 02:59:32,013 [ForkJoinPool.commonPool-worker-1] INFO  ozone.HddsDatanodeService (HddsDatanodeService.java:stop(451)) - Stopped plug-in org.apache.hadoop.ozone.web.OzoneHddsDatanodeService@d476a21
2019-09-02 02:59:32,014 [main] INFO  statemachine.DatanodeStateMachine (DatanodeStateMachine.java:stopDaemon(395)) - Ozone container server stopped.
2019-09-02 02:59:32,015 [main] INFO  handler.ContextHandler (ContextHandler.java:doStop(910)) - Stopped o.e.j.w.WebAppContext@6a4f3df4{/,null,UNAVAILABLE}{/hddsDatanode}
2019-09-02 02:59:32,016 [main] INFO  server.AbstractConnector (AbstractConnector.java:doStop(318)) - Stopped ServerConnector@4d76f990{HTTP/1.1,[http/1.1]}{0.0.0.0:0}
2019-09-02 02:59:32,016 [main] INFO  handler.ContextHandler (ContextHandler.java:doStop(910)) - Stopped o.e.j.s.ServletContextHandler@29c8a858{/static,jar:file:/home/user/.m2/repository/org/apache/hadoop/hadoop-hdds-container-service/0.5.0-SNAPSHOT/hadoop-hdds-container-service-0.5.0-SNAPSHOT.jar!/webapps/static,UNAVAILABLE}
2019-09-02 02:59:32,017 [main] INFO  handler.ContextHandler (ContextHandler.java:doStop(910)) - Stopped o.e.j.s.ServletContextHandler@28566aad{/logs,file:///workdir/hadoop-ozone/integration-test/target/log,UNAVAILABLE}
2019-09-02 02:59:32,017 [main] INFO  datanode.ObjectStoreHandler (ObjectStoreHandler.java:close(155)) - Closing ObjectStoreHandler.
2019-09-02 02:59:32,018 [main] INFO  ozone.HddsDatanodeService (HddsDatanodeService.java:stop(451)) - Stopped plug-in org.apache.hadoop.ozone.web.OzoneHddsDatanodeService@7a845f91
2019-09-02 02:59:32,699 [Datanode State Machine Thread - 0] INFO  statemachine.DatanodeStateMachine (DatanodeStateMachine.java:lambda$startDaemon$0(350)) - Ozone container server started.
2019-09-02 02:59:32,700 | INFO  | SCMAudit | user=jenkins1000 | ip=192.168.34.6 | op=SEND_HEARTBEAT {datanodeUUID=f5200351-47ce-4212-9670-72e625b80f12, command=[]} | ret=SUCCESS |  
2019-09-02 02:59:32,978 [Datanode State Machine Thread - 0] INFO  statemachine.DatanodeStateMachine (DatanodeStateMachine.java:lambda$startDaemon$0(350)) - Ozone container server started.
2019-09-02 02:59:33,700 | INFO  | SCMAudit | user=jenkins1000 | ip=192.168.34.6 | op=SEND_HEARTBEAT {datanodeUUID=f5200351-47ce-4212-9670-72e625b80f12, command=[]} | ret=SUCCESS |  
2019-09-02 02:59:34,198 [Thread-4419] INFO  impl.FollowerState (FollowerState.java:run(106)) - 58e57113-ec4e-4e2c-8e08-9b26096286af:group-4B4DC87F36DD changes to CANDIDATE, lastRpcTime:7473, electionTimeout:5118ms
2019-09-02 02:59:34,198 [Thread-4419] INFO  impl.RoleInfo (RoleInfo.java:shutdownFollowerState(121)) - 58e57113-ec4e-4e2c-8e08-9b26096286af: shutdown FollowerState
2019-09-02 02:59:34,198 [Thread-4419] INFO  impl.RaftServerImpl (RaftServerImpl.java:setRole(171)) - 58e57113-ec4e-4e2c-8e08-9b26096286af:group-4B4DC87F36DD changes role from FOLLOWER to CANDIDATE at term 1 for changeToCandidate
2019-09-02 02:59:34,198 [Thread-4419] INFO  impl.RoleInfo (RoleInfo.java:updateAndGet(143)) - 58e57113-ec4e-4e2c-8e08-9b26096286af: start LeaderElection
2019-09-02 02:59:34,201 [58e57113-ec4e-4e2c-8e08-9b26096286af:group-4B4DC87F36DD:LeaderElection86] INFO  impl.RaftServerImpl (ServerState.java:setLeader(263)) - 58e57113-ec4e-4e2c-8e08-9b26096286af:group-4B4DC87F36DD change Leader from 6200eba3-9c3a-4cd5-b165-0febe607b4fe to null at term 1 for initElection
2019-09-02 02:59:34,215 [58e57113-ec4e-4e2c-8e08-9b26096286af:group-4B4DC87F36DD:LeaderElection86] INFO  impl.LeaderElection (LeaderElection.java:askForVotes(181)) - 58e57113-ec4e-4e2c-8e08-9b26096286af:group-4B4DC87F36DD:LeaderElection86: begin an election at term 2 for 0: [6200eba3-9c3a-4cd5-b165-0febe607b4fe:192.168.34.6:46451, f5200351-47ce-4212-9670-72e625b80f12:192.168.34.6:40778, 58e57113-ec4e-4e2c-8e08-9b26096286af:192.168.34.6:45179], old=null
2019-09-02 02:59:34,218 [58e57113-ec4e-4e2c-8e08-9b26096286af:group-4B4DC87F36DD:LeaderElection86] INFO  impl.LeaderElection (LogUtils.java:infoOrTrace(149)) - 58e57113-ec4e-4e2c-8e08-9b26096286af:group-4B4DC87F36DD:LeaderElection86 got exception when requesting votes: {}
java.util.concurrent.ExecutionException: org.apache.ratis.thirdparty.io.grpc.StatusRuntimeException: UNAVAILABLE: io exception
	at java.util.concurrent.FutureTask.report(FutureTask.java:122)
	at java.util.concurrent.FutureTask.get(FutureTask.java:192)
	at org.apache.ratis.server.impl.LeaderElection.waitForResults(LeaderElection.java:262)
	at org.apache.ratis.server.impl.LeaderElection.askForVotes(LeaderElection.java:200)
	at org.apache.ratis.server.impl.LeaderElection.run(LeaderElection.java:130)
	at java.lang.Thread.run(Thread.java:748)
Caused by: org.apache.ratis.thirdparty.io.grpc.StatusRuntimeException: UNAVAILABLE: io exception
	at org.apache.ratis.thirdparty.io.grpc.stub.ClientCalls.toStatusRuntimeException(ClientCalls.java:233)
	at org.apache.ratis.thirdparty.io.grpc.stub.ClientCalls.getUnchecked(ClientCalls.java:214)
	at org.apache.ratis.thirdparty.io.grpc.stub.ClientCalls.blockingUnaryCall(ClientCalls.java:139)
	at org.apache.ratis.proto.grpc.RaftServerProtocolServiceGrpc$RaftServerProtocolServiceBlockingStub.requestVote(RaftServerProtocolServiceGrpc.java:265)
	at org.apache.ratis.grpc.server.GrpcServerProtocolClient.requestVote(GrpcServerProtocolClient.java:83)
	at org.apache.ratis.grpc.server.GrpcService.requestVote(GrpcService.java:195)
	at org.apache.ratis.server.impl.LeaderElection.lambda$submitRequests$1(LeaderElection.java:237)
	at java.util.concurrent.FutureTask.run(FutureTask.java:266)
	at java.util.concurrent.Executors$RunnableAdapter.call(Executors.java:511)
	at java.util.concurrent.FutureTask.run(FutureTask.java:266)
	at java.util.concurrent.ThreadPoolExecutor.runWorker(ThreadPoolExecutor.java:1149)
	at java.util.concurrent.ThreadPoolExecutor$Worker.run(ThreadPoolExecutor.java:624)
	... 1 more
Caused by: org.apache.ratis.thirdparty.io.netty.channel.AbstractChannel$AnnotatedConnectException: Connection refused: /192.168.34.6:46451
	at sun.nio.ch.SocketChannelImpl.checkConnect(Native Method)
	at sun.nio.ch.SocketChannelImpl.finishConnect(SocketChannelImpl.java:717)
	at org.apache.ratis.thirdparty.io.netty.channel.socket.nio.NioSocketChannel.doFinishConnect(NioSocketChannel.java:327)
	at org.apache.ratis.thirdparty.io.netty.channel.nio.AbstractNioChannel$AbstractNioUnsafe.finishConnect(AbstractNioChannel.java:340)
	at org.apache.ratis.thirdparty.io.netty.channel.nio.NioEventLoop.processSelectedKey(NioEventLoop.java:632)
	at org.apache.ratis.thirdparty.io.netty.channel.nio.NioEventLoop.processSelectedKeysOptimized(NioEventLoop.java:579)
	at org.apache.ratis.thirdparty.io.netty.channel.nio.NioEventLoop.processSelectedKeys(NioEventLoop.java:496)
	at org.apache.ratis.thirdparty.io.netty.channel.nio.NioEventLoop.run(NioEventLoop.java:458)
	at org.apache.ratis.thirdparty.io.netty.util.concurrent.SingleThreadEventExecutor$5.run(SingleThreadEventExecutor.java:897)
	at org.apache.ratis.thirdparty.io.netty.util.concurrent.FastThreadLocalRunnable.run(FastThreadLocalRunnable.java:30)
	... 1 more
Caused by: java.net.ConnectException: Connection refused
	... 11 more
2019-09-02 02:59:34,221 [grpc-default-executor-6] INFO  impl.RaftServerImpl (ServerState.java:setLeader(263)) - f5200351-47ce-4212-9670-72e625b80f12:group-4B4DC87F36DD change Leader from 6200eba3-9c3a-4cd5-b165-0febe607b4fe to null at term 2 for updateCurrentTerm
2019-09-02 02:59:34,221 [grpc-default-executor-6] INFO  impl.RaftServerImpl (RaftServerImpl.java:setRole(171)) - f5200351-47ce-4212-9670-72e625b80f12:group-4B4DC87F36DD changes role from FOLLOWER to FOLLOWER at term 2 for recognizeCandidate:58e57113-ec4e-4e2c-8e08-9b26096286af
2019-09-02 02:59:34,221 [grpc-default-executor-6] INFO  impl.RoleInfo (RoleInfo.java:shutdownFollowerState(121)) - f5200351-47ce-4212-9670-72e625b80f12: shutdown FollowerState
2019-09-02 02:59:34,221 [grpc-default-executor-6] INFO  impl.RoleInfo (RoleInfo.java:updateAndGet(143)) - f5200351-47ce-4212-9670-72e625b80f12: start FollowerState
2019-09-02 02:59:34,221 [Thread-4420] INFO  impl.FollowerState (FollowerState.java:run(114)) - f5200351-47ce-4212-9670-72e625b80f12: FollowerState was interrupted: java.lang.InterruptedException: sleep interrupted
2019-09-02 02:59:34,238 [58e57113-ec4e-4e2c-8e08-9b26096286af:group-4B4DC87F36DD:LeaderElection86] INFO  impl.LeaderElection (LeaderElection.java:logAndReturn(56)) - 58e57113-ec4e-4e2c-8e08-9b26096286af:group-4B4DC87F36DD:LeaderElection86: Election PASSED; received 1 response(s) [58e57113-ec4e-4e2c-8e08-9b26096286af<-f5200351-47ce-4212-9670-72e625b80f12#0:OK-t2] and 1 exception(s); 58e57113-ec4e-4e2c-8e08-9b26096286af:t2, leader=null, voted=58e57113-ec4e-4e2c-8e08-9b26096286af, raftlog=58e57113-ec4e-4e2c-8e08-9b26096286af-SegmentedRaftLog:OPENED:c4,f4,i4, conf=0: [6200eba3-9c3a-4cd5-b165-0febe607b4fe:192.168.34.6:46451, f5200351-47ce-4212-9670-72e625b80f12:192.168.34.6:40778, 58e57113-ec4e-4e2c-8e08-9b26096286af:192.168.34.6:45179], old=null
2019-09-02 02:59:34,238 [58e57113-ec4e-4e2c-8e08-9b26096286af:group-4B4DC87F36DD:LeaderElection86] INFO  impl.LeaderElection (LogUtils.java:infoOrTrace(149)) -   Exception 0: {}
java.util.concurrent.ExecutionException: org.apache.ratis.thirdparty.io.grpc.StatusRuntimeException: UNAVAILABLE: io exception
	at java.util.concurrent.FutureTask.report(FutureTask.java:122)
	at java.util.concurrent.FutureTask.get(FutureTask.java:192)
	at org.apache.ratis.server.impl.LeaderElection.waitForResults(LeaderElection.java:262)
	at org.apache.ratis.server.impl.LeaderElection.askForVotes(LeaderElection.java:200)
	at org.apache.ratis.server.impl.LeaderElection.run(LeaderElection.java:130)
	at java.lang.Thread.run(Thread.java:748)
Caused by: org.apache.ratis.thirdparty.io.grpc.StatusRuntimeException: UNAVAILABLE: io exception
	at org.apache.ratis.thirdparty.io.grpc.stub.ClientCalls.toStatusRuntimeException(ClientCalls.java:233)
	at org.apache.ratis.thirdparty.io.grpc.stub.ClientCalls.getUnchecked(ClientCalls.java:214)
	at org.apache.ratis.thirdparty.io.grpc.stub.ClientCalls.blockingUnaryCall(ClientCalls.java:139)
	at org.apache.ratis.proto.grpc.RaftServerProtocolServiceGrpc$RaftServerProtocolServiceBlockingStub.requestVote(RaftServerProtocolServiceGrpc.java:265)
	at org.apache.ratis.grpc.server.GrpcServerProtocolClient.requestVote(GrpcServerProtocolClient.java:83)
	at org.apache.ratis.grpc.server.GrpcService.requestVote(GrpcService.java:195)
	at org.apache.ratis.server.impl.LeaderElection.lambda$submitRequests$1(LeaderElection.java:237)
	at java.util.concurrent.FutureTask.run(FutureTask.java:266)
	at java.util.concurrent.Executors$RunnableAdapter.call(Executors.java:511)
	at java.util.concurrent.FutureTask.run(FutureTask.java:266)
	at java.util.concurrent.ThreadPoolExecutor.runWorker(ThreadPoolExecutor.java:1149)
	at java.util.concurrent.ThreadPoolExecutor$Worker.run(ThreadPoolExecutor.java:624)
	... 1 more
Caused by: org.apache.ratis.thirdparty.io.netty.channel.AbstractChannel$AnnotatedConnectException: Connection refused: /192.168.34.6:46451
	at sun.nio.ch.SocketChannelImpl.checkConnect(Native Method)
	at sun.nio.ch.SocketChannelImpl.finishConnect(SocketChannelImpl.java:717)
	at org.apache.ratis.thirdparty.io.netty.channel.socket.nio.NioSocketChannel.doFinishConnect(NioSocketChannel.java:327)
	at org.apache.ratis.thirdparty.io.netty.channel.nio.AbstractNioChannel$AbstractNioUnsafe.finishConnect(AbstractNioChannel.java:340)
	at org.apache.ratis.thirdparty.io.netty.channel.nio.NioEventLoop.processSelectedKey(NioEventLoop.java:632)
	at org.apache.ratis.thirdparty.io.netty.channel.nio.NioEventLoop.processSelectedKeysOptimized(NioEventLoop.java:579)
	at org.apache.ratis.thirdparty.io.netty.channel.nio.NioEventLoop.processSelectedKeys(NioEventLoop.java:496)
	at org.apache.ratis.thirdparty.io.netty.channel.nio.NioEventLoop.run(NioEventLoop.java:458)
	at org.apache.ratis.thirdparty.io.netty.util.concurrent.SingleThreadEventExecutor$5.run(SingleThreadEventExecutor.java:897)
	at org.apache.ratis.thirdparty.io.netty.util.concurrent.FastThreadLocalRunnable.run(FastThreadLocalRunnable.java:30)
	... 1 more
Caused by: java.net.ConnectException: Connection refused
	... 11 more
2019-09-02 02:59:34,239 [58e57113-ec4e-4e2c-8e08-9b26096286af:group-4B4DC87F36DD:LeaderElection86] INFO  impl.RoleInfo (RoleInfo.java:shutdownLeaderElection(134)) - 58e57113-ec4e-4e2c-8e08-9b26096286af: shutdown LeaderElection
2019-09-02 02:59:34,239 [58e57113-ec4e-4e2c-8e08-9b26096286af:group-4B4DC87F36DD:LeaderElection86] INFO  impl.RaftServerImpl (RaftServerImpl.java:setRole(171)) - 58e57113-ec4e-4e2c-8e08-9b26096286af:group-4B4DC87F36DD changes role from CANDIDATE to LEADER at term 2 for changeToLeader
2019-09-02 02:59:34,239 [58e57113-ec4e-4e2c-8e08-9b26096286af:group-4B4DC87F36DD:LeaderElection86] INFO  impl.RaftServerImpl (ServerState.java:setLeader(263)) - 58e57113-ec4e-4e2c-8e08-9b26096286af:group-4B4DC87F36DD change Leader from null to 58e57113-ec4e-4e2c-8e08-9b26096286af at term 2 for becomeLeader, leader elected after 37ms
2019-09-02 02:59:34,239 [58e57113-ec4e-4e2c-8e08-9b26096286af:group-4B4DC87F36DD:LeaderElection86] INFO  server.RaftServerConfigKeys (ConfUtils.java:logGet(43)) - raft.server.staging.catchup.gap = 1000 (default)
2019-09-02 02:59:34,239 [58e57113-ec4e-4e2c-8e08-9b26096286af:group-4B4DC87F36DD:LeaderElection86] INFO  server.RaftServerConfigKeys (ConfUtils.java:logGet(43)) - raft.server.rpc.sleep.time = 25ms (default)
2019-09-02 02:59:34,239 [58e57113-ec4e-4e2c-8e08-9b26096286af:group-4B4DC87F36DD:LeaderElection86] INFO  server.RaftServerConfigKeys (ConfUtils.java:logGet(43)) - raft.server.write.element-limit = 4096 (default)
2019-09-02 02:59:34,239 [58e57113-ec4e-4e2c-8e08-9b26096286af:group-4B4DC87F36DD:LeaderElection86] INFO  server.RaftServerConfigKeys (ConfUtils.java:logGet(43)) - raft.server.watch.timeout = 10s (default)
2019-09-02 02:59:34,239 [58e57113-ec4e-4e2c-8e08-9b26096286af:group-4B4DC87F36DD:LeaderElection86] INFO  server.RaftServerConfigKeys (ConfUtils.java:logGet(43)) - raft.server.watch.timeout.denomination = 1s (default)
2019-09-02 02:59:34,239 [58e57113-ec4e-4e2c-8e08-9b26096286af:group-4B4DC87F36DD:LeaderElection86] INFO  server.RaftServerConfigKeys (ConfUtils.java:logGet(43)) - raft.server.watch.element-limit = 65536 (default)
2019-09-02 02:59:34,240 [58e57113-ec4e-4e2c-8e08-9b26096286af:group-4B4DC87F36DD:LeaderElection86] INFO  server.RaftServerConfigKeys (ConfUtils.java:logGet(43)) - raft.server.log.appender.snapshot.chunk.size.max = 16MB (=16777216) (default)
2019-09-02 02:59:34,240 [58e57113-ec4e-4e2c-8e08-9b26096286af:group-4B4DC87F36DD:LeaderElection86] INFO  server.RaftServerConfigKeys (ConfUtils.java:logGet(43)) - raft.server.log.appender.buffer.byte-limit = 33554432 (custom)
2019-09-02 02:59:34,240 [58e57113-ec4e-4e2c-8e08-9b26096286af:group-4B4DC87F36DD:LeaderElection86] INFO  server.RaftServerConfigKeys (ConfUtils.java:logGet(43)) - raft.server.log.appender.buffer.element-limit = 1 (custom)
2019-09-02 02:59:34,240 [58e57113-ec4e-4e2c-8e08-9b26096286af:group-4B4DC87F36DD:LeaderElection86] INFO  grpc.GrpcConfigKeys$Server (ConfUtils.java:logGet(43)) - raft.grpc.server.leader.outstanding.appends.max = 128 (default)
2019-09-02 02:59:34,240 [58e57113-ec4e-4e2c-8e08-9b26096286af:group-4B4DC87F36DD:LeaderElection86] INFO  server.RaftServerConfigKeys (ConfUtils.java:logGet(43)) - raft.server.rpc.request.timeout = 3000ms (default)
2019-09-02 02:59:34,240 [58e57113-ec4e-4e2c-8e08-9b26096286af:group-4B4DC87F36DD:LeaderElection86] INFO  server.RaftServerConfigKeys (ConfUtils.java:logGet(43)) - raft.server.log.appender.install.snapshot.enabled = false (custom)
2019-09-02 02:59:34,241 [58e57113-ec4e-4e2c-8e08-9b26096286af:group-4B4DC87F36DD:LeaderElection86] INFO  server.RaftServerConfigKeys (ConfUtils.java:logGet(43)) - raft.server.log.appender.snapshot.chunk.size.max = 16MB (=16777216) (default)
2019-09-02 02:59:34,241 [58e57113-ec4e-4e2c-8e08-9b26096286af:group-4B4DC87F36DD:LeaderElection86] INFO  server.RaftServerConfigKeys (ConfUtils.java:logGet(43)) - raft.server.log.appender.buffer.byte-limit = 33554432 (custom)
2019-09-02 02:59:34,241 [58e57113-ec4e-4e2c-8e08-9b26096286af:group-4B4DC87F36DD:LeaderElection86] INFO  server.RaftServerConfigKeys (ConfUtils.java:logGet(43)) - raft.server.log.appender.buffer.element-limit = 1 (custom)
2019-09-02 02:59:34,241 [58e57113-ec4e-4e2c-8e08-9b26096286af:group-4B4DC87F36DD:LeaderElection86] INFO  grpc.GrpcConfigKeys$Server (ConfUtils.java:logGet(43)) - raft.grpc.server.leader.outstanding.appends.max = 128 (default)
2019-09-02 02:59:34,241 [58e57113-ec4e-4e2c-8e08-9b26096286af:group-4B4DC87F36DD:LeaderElection86] INFO  server.RaftServerConfigKeys (ConfUtils.java:logGet(43)) - raft.server.rpc.request.timeout = 3000ms (default)
2019-09-02 02:59:34,241 [58e57113-ec4e-4e2c-8e08-9b26096286af:group-4B4DC87F36DD:LeaderElection86] INFO  server.RaftServerConfigKeys (ConfUtils.java:logGet(43)) - raft.server.log.appender.install.snapshot.enabled = false (custom)
2019-09-02 02:59:34,241 [58e57113-ec4e-4e2c-8e08-9b26096286af:group-4B4DC87F36DD:LeaderElection86] INFO  impl.RoleInfo (RoleInfo.java:updateAndGet(143)) - 58e57113-ec4e-4e2c-8e08-9b26096286af: start LeaderState
2019-09-02 02:59:34,242 [58e57113-ec4e-4e2c-8e08-9b26096286af:group-4B4DC87F36DD:LeaderElection86] INFO  segmented.SegmentedRaftLogWorker (SegmentedRaftLogWorker.java:rollLogSegment(385)) - 58e57113-ec4e-4e2c-8e08-9b26096286af-SegmentedRaftLogWorker:Storage Directory /workdir/hadoop-ozone/integration-test/target/test-dir/MiniOzoneClusterImpl-95ed0e50-2dca-4589-8b2d-b7f1480a1ca1/datanode-3/data/ratis/b5b8c1c8-0b9f-4c3c-bf94-4b4dc87f36dd: Rolling segment log-0_4 to index:4
2019-09-02 02:59:34,244 [58e57113-ec4e-4e2c-8e08-9b26096286af:group-4B4DC87F36DD:LeaderElection86] INFO  impl.RaftServerImpl (ServerState.java:setRaftConf(361)) - 58e57113-ec4e-4e2c-8e08-9b26096286af:group-4B4DC87F36DD set configuration 5: [6200eba3-9c3a-4cd5-b165-0febe607b4fe:192.168.34.6:46451, f5200351-47ce-4212-9670-72e625b80f12:192.168.34.6:40778, 58e57113-ec4e-4e2c-8e08-9b26096286af:192.168.34.6:45179], old=null at 5
2019-09-02 02:59:34,244 [58e57113-ec4e-4e2c-8e08-9b26096286af-SegmentedRaftLogWorker:Storage Directory /workdir/hadoop-ozone/integration-test/target/test-dir/MiniOzoneClusterImpl-95ed0e50-2dca-4589-8b2d-b7f1480a1ca1/datanode-3/data/ratis/b5b8c1c8-0b9f-4c3c-bf94-4b4dc87f36dd] INFO  segmented.SegmentedRaftLogWorker (SegmentedRaftLogWorker.java:execute(526)) - 58e57113-ec4e-4e2c-8e08-9b26096286af-SegmentedRaftLogWorker:Storage Directory /workdir/hadoop-ozone/integration-test/target/test-dir/MiniOzoneClusterImpl-95ed0e50-2dca-4589-8b2d-b7f1480a1ca1/datanode-3/data/ratis/b5b8c1c8-0b9f-4c3c-bf94-4b4dc87f36dd: Rolled log segment from /workdir/hadoop-ozone/integration-test/target/test-dir/MiniOzoneClusterImpl-95ed0e50-2dca-4589-8b2d-b7f1480a1ca1/datanode-3/data/ratis/b5b8c1c8-0b9f-4c3c-bf94-4b4dc87f36dd/current/log_inprogress_0 to /workdir/hadoop-ozone/integration-test/target/test-dir/MiniOzoneClusterImpl-95ed0e50-2dca-4589-8b2d-b7f1480a1ca1/datanode-3/data/ratis/b5b8c1c8-0b9f-4c3c-bf94-4b4dc87f36dd/current/log_0-4
2019-09-02 02:59:34,244 [grpc-default-executor-6] WARN  server.GrpcLogAppender (LogUtils.java:warn(134)) - 58e57113-ec4e-4e2c-8e08-9b26096286af->6200eba3-9c3a-4cd5-b165-0febe607b4fe: Failed appendEntries: org.apache.ratis.thirdparty.io.grpc.StatusRuntimeException: UNAVAILABLE: io exception
2019-09-02 02:59:34,245 [grpc-default-executor-6] INFO  impl.FollowerInfo (FollowerInfo.java:lambda$new$0(50)) - 58e57113-ec4e-4e2c-8e08-9b26096286af->6200eba3-9c3a-4cd5-b165-0febe607b4fe: nextIndex: updateUnconditionally 5 -> 1
2019-09-02 02:59:34,245 [grpc-default-executor-5] INFO  impl.RaftServerImpl (ServerState.java:setLeader(263)) - f5200351-47ce-4212-9670-72e625b80f12:group-4B4DC87F36DD change Leader from null to 58e57113-ec4e-4e2c-8e08-9b26096286af at term 2 for appendEntries, leader elected after 24ms
2019-09-02 02:59:34,247 [grpc-default-executor-5] INFO  impl.RaftServerImpl (ServerState.java:setRaftConf(361)) - f5200351-47ce-4212-9670-72e625b80f12:group-4B4DC87F36DD set configuration 5: [6200eba3-9c3a-4cd5-b165-0febe607b4fe:192.168.34.6:46451, f5200351-47ce-4212-9670-72e625b80f12:192.168.34.6:40778, 58e57113-ec4e-4e2c-8e08-9b26096286af:192.168.34.6:45179], old=null at 5
2019-09-02 02:59:34,247 [grpc-default-executor-5] INFO  segmented.SegmentedRaftLogWorker (SegmentedRaftLogWorker.java:rollLogSegment(385)) - f5200351-47ce-4212-9670-72e625b80f12-SegmentedRaftLogWorker:Storage Directory /workdir/hadoop-ozone/integration-test/target/test-dir/MiniOzoneClusterImpl-95ed0e50-2dca-4589-8b2d-b7f1480a1ca1/datanode-5/data/ratis/b5b8c1c8-0b9f-4c3c-bf94-4b4dc87f36dd: Rolling segment log-0_4 to index:4
2019-09-02 02:59:34,247 [f5200351-47ce-4212-9670-72e625b80f12-SegmentedRaftLogWorker:Storage Directory /workdir/hadoop-ozone/integration-test/target/test-dir/MiniOzoneClusterImpl-95ed0e50-2dca-4589-8b2d-b7f1480a1ca1/datanode-5/data/ratis/b5b8c1c8-0b9f-4c3c-bf94-4b4dc87f36dd] INFO  segmented.SegmentedRaftLogWorker (SegmentedRaftLogWorker.java:execute(526)) - f5200351-47ce-4212-9670-72e625b80f12-SegmentedRaftLogWorker:Storage Directory /workdir/hadoop-ozone/integration-test/target/test-dir/MiniOzoneClusterImpl-95ed0e50-2dca-4589-8b2d-b7f1480a1ca1/datanode-5/data/ratis/b5b8c1c8-0b9f-4c3c-bf94-4b4dc87f36dd: Rolled log segment from /workdir/hadoop-ozone/integration-test/target/test-dir/MiniOzoneClusterImpl-95ed0e50-2dca-4589-8b2d-b7f1480a1ca1/datanode-5/data/ratis/b5b8c1c8-0b9f-4c3c-bf94-4b4dc87f36dd/current/log_inprogress_0 to /workdir/hadoop-ozone/integration-test/target/test-dir/MiniOzoneClusterImpl-95ed0e50-2dca-4589-8b2d-b7f1480a1ca1/datanode-5/data/ratis/b5b8c1c8-0b9f-4c3c-bf94-4b4dc87f36dd/current/log_0-4
2019-09-02 02:59:34,279 [58e57113-ec4e-4e2c-8e08-9b26096286af-SegmentedRaftLogWorker:Storage Directory /workdir/hadoop-ozone/integration-test/target/test-dir/MiniOzoneClusterImpl-95ed0e50-2dca-4589-8b2d-b7f1480a1ca1/datanode-3/data/ratis/b5b8c1c8-0b9f-4c3c-bf94-4b4dc87f36dd] INFO  segmented.SegmentedRaftLogWorker (SegmentedRaftLogWorker.java:execute(569)) - 58e57113-ec4e-4e2c-8e08-9b26096286af-SegmentedRaftLogWorker:Storage Directory /workdir/hadoop-ozone/integration-test/target/test-dir/MiniOzoneClusterImpl-95ed0e50-2dca-4589-8b2d-b7f1480a1ca1/datanode-3/data/ratis/b5b8c1c8-0b9f-4c3c-bf94-4b4dc87f36dd: created new log segment /workdir/hadoop-ozone/integration-test/target/test-dir/MiniOzoneClusterImpl-95ed0e50-2dca-4589-8b2d-b7f1480a1ca1/datanode-3/data/ratis/b5b8c1c8-0b9f-4c3c-bf94-4b4dc87f36dd/current/log_inprogress_5
2019-09-02 02:59:34,279 [f5200351-47ce-4212-9670-72e625b80f12-SegmentedRaftLogWorker:Storage Directory /workdir/hadoop-ozone/integration-test/target/test-dir/MiniOzoneClusterImpl-95ed0e50-2dca-4589-8b2d-b7f1480a1ca1/datanode-5/data/ratis/b5b8c1c8-0b9f-4c3c-bf94-4b4dc87f36dd] INFO  segmented.SegmentedRaftLogWorker (SegmentedRaftLogWorker.java:execute(569)) - f5200351-47ce-4212-9670-72e625b80f12-SegmentedRaftLogWorker:Storage Directory /workdir/hadoop-ozone/integration-test/target/test-dir/MiniOzoneClusterImpl-95ed0e50-2dca-4589-8b2d-b7f1480a1ca1/datanode-5/data/ratis/b5b8c1c8-0b9f-4c3c-bf94-4b4dc87f36dd: created new log segment /workdir/hadoop-ozone/integration-test/target/test-dir/MiniOzoneClusterImpl-95ed0e50-2dca-4589-8b2d-b7f1480a1ca1/datanode-5/data/ratis/b5b8c1c8-0b9f-4c3c-bf94-4b4dc87f36dd/current/log_inprogress_5
2019-09-02 02:59:34,285 | INFO  | DNAudit | user=null | ip=null | op=READ_CHUNK {blockData=conID: 2 locID: 102720678232522773 bcsId: 0} | ret=SUCCESS |  
2019-09-02 02:59:34,287 [grpc-default-executor-5] WARN  server.GrpcLogAppender (LogUtils.java:warn(134)) - 58e57113-ec4e-4e2c-8e08-9b26096286af->6200eba3-9c3a-4cd5-b165-0febe607b4fe: Failed appendEntries: org.apache.ratis.thirdparty.io.grpc.StatusRuntimeException: UNAVAILABLE: io exception
2019-09-02 02:59:34,287 [grpc-default-executor-5] INFO  impl.FollowerInfo (FollowerInfo.java:lambda$new$0(50)) - 58e57113-ec4e-4e2c-8e08-9b26096286af->6200eba3-9c3a-4cd5-b165-0febe607b4fe: nextIndex: updateUnconditionally 2 -> 1
2019-09-02 02:59:34,296 [grpc-default-executor-8] WARN  server.GrpcLogAppender (LogUtils.java:warn(134)) - 58e57113-ec4e-4e2c-8e08-9b26096286af->6200eba3-9c3a-4cd5-b165-0febe607b4fe: Failed appendEntries: org.apache.ratis.thirdparty.io.grpc.StatusRuntimeException: UNAVAILABLE: io exception
2019-09-02 02:59:34,297 [grpc-default-executor-8] INFO  impl.FollowerInfo (FollowerInfo.java:lambda$new$0(50)) - 58e57113-ec4e-4e2c-8e08-9b26096286af->6200eba3-9c3a-4cd5-b165-0febe607b4fe: nextIndex: updateUnconditionally 2 -> 1
2019-09-02 02:59:34,701 | INFO  | SCMAudit | user=jenkins1000 | ip=192.168.34.6 | op=SEND_HEARTBEAT {datanodeUUID=f5200351-47ce-4212-9670-72e625b80f12, command=[]} | ret=SUCCESS |  
2019-09-02 02:59:35,701 | INFO  | SCMAudit | user=jenkins1000 | ip=192.168.34.6 | op=SEND_HEARTBEAT {datanodeUUID=f5200351-47ce-4212-9670-72e625b80f12, command=[]} | ret=SUCCESS |  
2019-09-02 02:59:36,701 | INFO  | SCMAudit | user=jenkins1000 | ip=192.168.34.6 | op=SEND_HEARTBEAT {datanodeUUID=f5200351-47ce-4212-9670-72e625b80f12, command=[]} | ret=SUCCESS |  
2019-09-02 02:59:36,720 [EventQueue-StaleNodeForStaleNodeHandler] INFO  node.StaleNodeHandler (StaleNodeHandler.java:onMessage(58)) - Datanode 58e57113-ec4e-4e2c-8e08-9b26096286af{ip: 192.168.34.6, host: pr-hdds-1569-dhr7x-3740612857, networkLocation: /default-rack, certSerialId: null} moved to stale state. Finalizing its pipelines [PipelineID=b5b8c1c8-0b9f-4c3c-bf94-4b4dc87f36dd, PipelineID=028fe710-feff-426c-92c9-d35253800218]
2019-09-02 02:59:36,721 [EventQueue-StaleNodeForStaleNodeHandler] INFO  pipeline.SCMPipelineManager (SCMPipelineManager.java:finalizeAndDestroyPipeline(309)) - destroying pipeline:Pipeline[ Id: b5b8c1c8-0b9f-4c3c-bf94-4b4dc87f36dd, Nodes: f5200351-47ce-4212-9670-72e625b80f12{ip: 192.168.34.6, host: pr-hdds-1569-dhr7x-3740612857, networkLocation: /default-rack, certSerialId: null}58e57113-ec4e-4e2c-8e08-9b26096286af{ip: 192.168.34.6, host: pr-hdds-1569-dhr7x-3740612857, networkLocation: /default-rack, certSerialId: null}6200eba3-9c3a-4cd5-b165-0febe607b4fe{ip: 192.168.34.6, host: pr-hdds-1569-dhr7x-3740612857, networkLocation: /default-rack, certSerialId: null}, Type:RATIS, Factor:THREE, State:CLOSED]
2019-09-02 02:59:36,721 [EventQueue-StaleNodeForStaleNodeHandler] INFO  pipeline.SCMPipelineManager (SCMPipelineManager.java:finalizeAndDestroyPipeline(309)) - destroying pipeline:Pipeline[ Id: 028fe710-feff-426c-92c9-d35253800218, Nodes: 58e57113-ec4e-4e2c-8e08-9b26096286af{ip: 192.168.34.6, host: pr-hdds-1569-dhr7x-3740612857, networkLocation: /default-rack, certSerialId: null}, Type:RATIS, Factor:ONE, State:OPEN]
2019-09-02 02:59:36,721 [EventQueue-StaleNodeForStaleNodeHandler] INFO  pipeline.PipelineStateManager (PipelineStateManager.java:finalizePipeline(123)) - Pipeline Pipeline[ Id: 028fe710-feff-426c-92c9-d35253800218, Nodes: 58e57113-ec4e-4e2c-8e08-9b26096286af{ip: 192.168.34.6, host: pr-hdds-1569-dhr7x-3740612857, networkLocation: /default-rack, certSerialId: null}, Type:RATIS, Factor:ONE, State:CLOSED] moved to CLOSED state
2019-09-02 02:59:36,797 [grpc-default-executor-5] WARN  server.GrpcLogAppender (LogUtils.java:warn(134)) - 58e57113-ec4e-4e2c-8e08-9b26096286af->6200eba3-9c3a-4cd5-b165-0febe607b4fe: Failed appendEntries: org.apache.ratis.thirdparty.io.grpc.StatusRuntimeException: UNAVAILABLE: io exception
2019-09-02 02:59:36,798 [grpc-default-executor-5] INFO  impl.FollowerInfo (FollowerInfo.java:lambda$new$0(50)) - 58e57113-ec4e-4e2c-8e08-9b26096286af->6200eba3-9c3a-4cd5-b165-0febe607b4fe: nextIndex: updateUnconditionally 1 -> 0
2019-09-02 02:59:37,015 [ForkJoinPool.commonPool-worker-1] INFO  ozoneimpl.OzoneContainer (OzoneContainer.java:stop(199)) - Attempting to stop container services.
2019-09-02 02:59:37,015 [ForkJoinPool.commonPool-worker-1] INFO  impl.RaftServerProxy (RaftServerProxy.java:lambda$close$4(314)) - 14e62e22-4066-45fc-b669-f81f16730274: close
2019-09-02 02:59:37,015 [ForkJoinPool.commonPool-worker-1] INFO  impl.RaftServerImpl (RaftServerImpl.java:lambda$shutdown$3(245)) - 14e62e22-4066-45fc-b669-f81f16730274: shutdown group-206E32A68343
2019-09-02 02:59:37,016 [ForkJoinPool.commonPool-worker-1] INFO  util.JmxRegister (JmxRegister.java:unregister(73)) - Successfully un-registered JMX Bean with object name Ratis:service=RaftServer,group=group-206E32A68343,id=14e62e22-4066-45fc-b669-f81f16730274
2019-09-02 02:59:37,016 [ForkJoinPool.commonPool-worker-1] INFO  impl.RoleInfo (RoleInfo.java:shutdownLeaderState(104)) - 14e62e22-4066-45fc-b669-f81f16730274: shutdown LeaderState
2019-09-02 02:59:37,016 [ForkJoinPool.commonPool-worker-1] INFO  impl.PendingRequests (PendingRequests.java:sendNotLeaderResponses(202)) - 14e62e22-4066-45fc-b669-f81f16730274-PendingRequests: sendNotLeaderResponses
2019-09-02 02:59:37,016 [ForkJoinPool.commonPool-worker-1] INFO  impl.StateMachineUpdater (StateMachineUpdater.java:stopAndJoin(115)) - StateMachineUpdater:14e62e22-4066-45fc-b669-f81f16730274:group-206E32A68343: set stopIndex = 0
2019-09-02 02:59:37,016 [ForkJoinPool.commonPool-worker-1] INFO  impl.RaftServerImpl (ServerState.java:close(394)) - 14e62e22-4066-45fc-b669-f81f16730274:group-206E32A68343 closes. The last applied log index is 0
2019-09-02 02:59:37,017 [14e62e22-4066-45fc-b669-f81f16730274-SegmentedRaftLogWorker:Storage Directory /workdir/hadoop-ozone/integration-test/target/test-dir/MiniOzoneClusterImpl-95ed0e50-2dca-4589-8b2d-b7f1480a1ca1/datanode-6/data/ratis/5907bd7a-f101-45ed-bc94-206e32a68343] INFO  segmented.SegmentedRaftLogWorker (SegmentedRaftLogWorker.java:run(313)) - 14e62e22-4066-45fc-b669-f81f16730274-SegmentedRaftLogWorker:Storage Directory /workdir/hadoop-ozone/integration-test/target/test-dir/MiniOzoneClusterImpl-95ed0e50-2dca-4589-8b2d-b7f1480a1ca1/datanode-6/data/ratis/5907bd7a-f101-45ed-bc94-206e32a68343 was interrupted, exiting. There are 0 tasks remaining in the queue.
2019-09-02 02:59:37,017 [ForkJoinPool.commonPool-worker-1] INFO  segmented.SegmentedRaftLogWorker (SegmentedRaftLogWorker.java:close(228)) - 14e62e22-4066-45fc-b669-f81f16730274-SegmentedRaftLogWorker:Storage Directory /workdir/hadoop-ozone/integration-test/target/test-dir/MiniOzoneClusterImpl-95ed0e50-2dca-4589-8b2d-b7f1480a1ca1/datanode-6/data/ratis/5907bd7a-f101-45ed-bc94-206e32a68343 close()
2019-09-02 02:59:37,020 [ForkJoinPool.commonPool-worker-1] INFO  server.GrpcService (GrpcService.java:closeImpl(155)) - 14e62e22-4066-45fc-b669-f81f16730274: shutdown server with port 45427 now
2019-09-02 02:59:37,020 [main] INFO  ozoneimpl.OzoneContainer (OzoneContainer.java:stop(199)) - Attempting to stop container services.
2019-09-02 02:59:37,022 [EventQueue-StaleNodeForStaleNodeHandler] INFO  node.StaleNodeHandler (StaleNodeHandler.java:onMessage(58)) - Datanode 14e62e22-4066-45fc-b669-f81f16730274{ip: 192.168.34.6, host: pr-hdds-1569-dhr7x-3740612857, networkLocation: /default-rack, certSerialId: null} moved to stale state. Finalizing its pipelines [PipelineID=5907bd7a-f101-45ed-bc94-206e32a68343]
2019-09-02 02:59:37,022 [main] INFO  impl.RaftServerProxy (RaftServerProxy.java:lambda$close$4(314)) - 58e57113-ec4e-4e2c-8e08-9b26096286af: close
2019-09-02 02:59:37,022 [ForkJoinPool.commonPool-worker-1] INFO  server.GrpcService (GrpcService.java:closeImpl(163)) - 14e62e22-4066-45fc-b669-f81f16730274: shutdown server with port 45427 successfully
2019-09-02 02:59:37,023 [main] INFO  impl.RaftServerImpl (RaftServerImpl.java:lambda$shutdown$3(245)) - 58e57113-ec4e-4e2c-8e08-9b26096286af: shutdown group-4B4DC87F36DD
2019-09-02 02:59:37,023 [main] INFO  util.JmxRegister (JmxRegister.java:unregister(73)) - Successfully un-registered JMX Bean with object name Ratis:service=RaftServer,group=group-4B4DC87F36DD,id=58e57113-ec4e-4e2c-8e08-9b26096286af
2019-09-02 02:59:37,022 [EventQueue-StaleNodeForStaleNodeHandler] INFO  pipeline.SCMPipelineManager (SCMPipelineManager.java:finalizeAndDestroyPipeline(309)) - destroying pipeline:Pipeline[ Id: 5907bd7a-f101-45ed-bc94-206e32a68343, Nodes: 14e62e22-4066-45fc-b669-f81f16730274{ip: 192.168.34.6, host: pr-hdds-1569-dhr7x-3740612857, networkLocation: /default-rack, certSerialId: null}, Type:RATIS, Factor:ONE, State:OPEN]
2019-09-02 02:59:37,023 [ForkJoinPool.commonPool-worker-1] INFO  utils.BackgroundService (BackgroundService.java:shutdown(148)) - Shutting down service BlockDeletingService
2019-09-02 02:59:37,023 [main] INFO  impl.RoleInfo (RoleInfo.java:shutdownLeaderState(104)) - 58e57113-ec4e-4e2c-8e08-9b26096286af: shutdown LeaderState
2019-09-02 02:59:37,024 [EventQueue-StaleNodeForStaleNodeHandler] INFO  pipeline.PipelineStateManager (PipelineStateManager.java:finalizePipeline(123)) - Pipeline Pipeline[ Id: 5907bd7a-f101-45ed-bc94-206e32a68343, Nodes: 14e62e22-4066-45fc-b669-f81f16730274{ip: 192.168.34.6, host: pr-hdds-1569-dhr7x-3740612857, networkLocation: /default-rack, certSerialId: null}, Type:RATIS, Factor:ONE, State:CLOSED] moved to CLOSED state
2019-09-02 02:59:37,029 [org.apache.ratis.server.impl.LogAppender$AppenderDaemon$$Lambda$464/1211286439@73710648] WARN  server.GrpcLogAppender (GrpcLogAppender.java:mayWait(143)) - GrpcLogAppender(58e57113-ec4e-4e2c-8e08-9b26096286af->f5200351-47ce-4212-9670-72e625b80f12): Wait interrupted by java.lang.InterruptedException
2019-09-02 02:59:37,029 [main] INFO  impl.PendingRequests (PendingRequests.java:sendNotLeaderResponses(202)) - 58e57113-ec4e-4e2c-8e08-9b26096286af-PendingRequests: sendNotLeaderResponses
2019-09-02 02:59:37,027 [org.apache.ratis.server.impl.LogAppender$AppenderDaemon$$Lambda$464/1211286439@52569adb] WARN  server.GrpcLogAppender (GrpcLogAppender.java:mayWait(143)) - GrpcLogAppender(58e57113-ec4e-4e2c-8e08-9b26096286af->6200eba3-9c3a-4cd5-b165-0febe607b4fe): Wait interrupted by java.lang.InterruptedException
2019-09-02 02:59:37,029 [grpc-default-executor-6] INFO  server.GrpcServerProtocolService (GrpcServerProtocolService.java:onCompleted(104)) - f5200351-47ce-4212-9670-72e625b80f12: appendEntries completed
2019-09-02 02:59:37,029 [refreshUsed-/workdir/hadoop-ozone/integration-test/target/test-dir/MiniOzoneClusterImpl-95ed0e50-2dca-4589-8b2d-b7f1480a1ca1/datanode-6/data/containers] WARN  fs.CachingGetSpaceUsed (CachingGetSpaceUsed.java:run(183)) - Thread Interrupted waiting to refresh disk information: sleep interrupted
2019-09-02 02:59:37,031 [StateMachineUpdater:58e57113-ec4e-4e2c-8e08-9b26096286af:group-4B4DC87F36DD] INFO  ratis.ContainerStateMachine (ContainerStateMachine.java:takeSnapshot(283)) - group-4B4DC87F36DD: Taking a snapshot at:(t:1, i:3) file /workdir/hadoop-ozone/integration-test/target/test-dir/MiniOzoneClusterImpl-95ed0e50-2dca-4589-8b2d-b7f1480a1ca1/datanode-3/data/ratis/b5b8c1c8-0b9f-4c3c-bf94-4b4dc87f36dd/sm/snapshot.1_3
2019-09-02 02:59:37,031 [main] INFO  impl.StateMachineUpdater (StateMachineUpdater.java:stopAndJoin(115)) - StateMachineUpdater:58e57113-ec4e-4e2c-8e08-9b26096286af:group-4B4DC87F36DD: set stopIndex = 6
2019-09-02 02:59:37,032 [grpc-default-executor-6] INFO  server.GrpcLogAppender (GrpcLogAppender.java:onCompleted(292)) - 58e57113-ec4e-4e2c-8e08-9b26096286af->f5200351-47ce-4212-9670-72e625b80f12: follower responses appendEntries COMPLETED
2019-09-02 02:59:37,033 [grpc-default-executor-6] INFO  impl.FollowerInfo (FollowerInfo.java:lambda$new$0(50)) - 58e57113-ec4e-4e2c-8e08-9b26096286af->f5200351-47ce-4212-9670-72e625b80f12: nextIndex: updateUnconditionally 7 -> 6
2019-09-02 02:59:37,044 [ForkJoinPool.commonPool-worker-1] INFO  statemachine.DatanodeStateMachine (DatanodeStateMachine.java:stopDaemon(395)) - Ozone container server stopped.
2019-09-02 02:59:37,046 [StateMachineUpdater:58e57113-ec4e-4e2c-8e08-9b26096286af:group-4B4DC87F36DD] INFO  ratis.ContainerStateMachine (ContainerStateMachine.java:takeSnapshot(294)) - group-4B4DC87F36DD: Finished taking a snapshot at:(t:1, i:3) file:/workdir/hadoop-ozone/integration-test/target/test-dir/MiniOzoneClusterImpl-95ed0e50-2dca-4589-8b2d-b7f1480a1ca1/datanode-3/data/ratis/b5b8c1c8-0b9f-4c3c-bf94-4b4dc87f36dd/sm/snapshot.1_3 time:14
2019-09-02 02:59:37,046 [StateMachineUpdater:58e57113-ec4e-4e2c-8e08-9b26096286af:group-4B4DC87F36DD] INFO  impl.StateMachineUpdater (StateMachineUpdater.java:takeSnapshot(242)) - StateMachineUpdater:58e57113-ec4e-4e2c-8e08-9b26096286af:group-4B4DC87F36DD: Took a snapshot at index 3
2019-09-02 02:59:37,046 [StateMachineUpdater:58e57113-ec4e-4e2c-8e08-9b26096286af:group-4B4DC87F36DD] INFO  impl.StateMachineUpdater (StateMachineUpdater.java:lambda$new$0(80)) - StateMachineUpdater:58e57113-ec4e-4e2c-8e08-9b26096286af:group-4B4DC87F36DD: snapshotIndex: updateIncreasingly -1 -> 3
2019-09-02 02:59:37,047 [ForkJoinPool.commonPool-worker-1] INFO  handler.ContextHandler (ContextHandler.java:doStop(910)) - Stopped o.e.j.w.WebAppContext@42ec6e3{/,null,UNAVAILABLE}{/hddsDatanode}
2019-09-02 02:59:37,047 [main] INFO  impl.RaftServerImpl (ServerState.java:close(394)) - 58e57113-ec4e-4e2c-8e08-9b26096286af:group-4B4DC87F36DD closes. The last applied log index is 6
2019-09-02 02:59:37,047 [ForkJoinPool.commonPool-worker-1] INFO  server.AbstractConnector (AbstractConnector.java:doStop(318)) - Stopped ServerConnector@37c48490{HTTP/1.1,[http/1.1]}{0.0.0.0:0}
2019-09-02 02:59:37,048 [58e57113-ec4e-4e2c-8e08-9b26096286af-SegmentedRaftLogWorker:Storage Directory /workdir/hadoop-ozone/integration-test/target/test-dir/MiniOzoneClusterImpl-95ed0e50-2dca-4589-8b2d-b7f1480a1ca1/datanode-3/data/ratis/b5b8c1c8-0b9f-4c3c-bf94-4b4dc87f36dd] INFO  segmented.SegmentedRaftLogWorker (SegmentedRaftLogWorker.java:run(313)) - 58e57113-ec4e-4e2c-8e08-9b26096286af-SegmentedRaftLogWorker:Storage Directory /workdir/hadoop-ozone/integration-test/target/test-dir/MiniOzoneClusterImpl-95ed0e50-2dca-4589-8b2d-b7f1480a1ca1/datanode-3/data/ratis/b5b8c1c8-0b9f-4c3c-bf94-4b4dc87f36dd was interrupted, exiting. There are 0 tasks remaining in the queue.
2019-09-02 02:59:37,048 [ForkJoinPool.commonPool-worker-1] INFO  handler.ContextHandler (ContextHandler.java:doStop(910)) - Stopped o.e.j.s.ServletContextHandler@791a5c5a{/static,jar:file:/home/user/.m2/repository/org/apache/hadoop/hadoop-hdds-container-service/0.5.0-SNAPSHOT/hadoop-hdds-container-service-0.5.0-SNAPSHOT.jar!/webapps/static,UNAVAILABLE}
2019-09-02 02:59:37,050 [main] INFO  segmented.SegmentedRaftLogWorker (SegmentedRaftLogWorker.java:close(228)) - 58e57113-ec4e-4e2c-8e08-9b26096286af-SegmentedRaftLogWorker:Storage Directory /workdir/hadoop-ozone/integration-test/target/test-dir/MiniOzoneClusterImpl-95ed0e50-2dca-4589-8b2d-b7f1480a1ca1/datanode-3/data/ratis/b5b8c1c8-0b9f-4c3c-bf94-4b4dc87f36dd close()
2019-09-02 02:59:37,051 [ForkJoinPool.commonPool-worker-1] INFO  handler.ContextHandler (ContextHandler.java:doStop(910)) - Stopped o.e.j.s.ServletContextHandler@4a084cf0{/logs,file:///workdir/hadoop-ozone/integration-test/target/log,UNAVAILABLE}
2019-09-02 02:59:37,052 [main] INFO  impl.RaftServerImpl (RaftServerImpl.java:lambda$shutdown$3(245)) - 58e57113-ec4e-4e2c-8e08-9b26096286af: shutdown group-D35253800218
2019-09-02 02:59:37,053 [main] INFO  util.JmxRegister (JmxRegister.java:unregister(73)) - Successfully un-registered JMX Bean with object name Ratis:service=RaftServer,group=group-D35253800218,id=58e57113-ec4e-4e2c-8e08-9b26096286af
2019-09-02 02:59:37,053 [ForkJoinPool.commonPool-worker-1] INFO  datanode.ObjectStoreHandler (ObjectStoreHandler.java:close(155)) - Closing ObjectStoreHandler.
2019-09-02 02:59:37,053 [main] INFO  impl.RoleInfo (RoleInfo.java:shutdownLeaderState(104)) - 58e57113-ec4e-4e2c-8e08-9b26096286af: shutdown LeaderState
2019-09-02 02:59:37,053 [ForkJoinPool.commonPool-worker-1] INFO  ozone.HddsDatanodeService (HddsDatanodeService.java:stop(451)) - Stopped plug-in org.apache.hadoop.ozone.web.OzoneHddsDatanodeService@101d4a4e
2019-09-02 02:59:37,054 [main] INFO  impl.PendingRequests (PendingRequests.java:sendNotLeaderResponses(202)) - 58e57113-ec4e-4e2c-8e08-9b26096286af-PendingRequests: sendNotLeaderResponses
2019-09-02 02:59:37,054 [main] INFO  impl.StateMachineUpdater (StateMachineUpdater.java:stopAndJoin(115)) - StateMachineUpdater:58e57113-ec4e-4e2c-8e08-9b26096286af:group-D35253800218: set stopIndex = 0
2019-09-02 02:59:37,054 [main] INFO  impl.RaftServerImpl (ServerState.java:close(394)) - 58e57113-ec4e-4e2c-8e08-9b26096286af:group-D35253800218 closes. The last applied log index is 0
2019-09-02 02:59:37,055 [58e57113-ec4e-4e2c-8e08-9b26096286af-SegmentedRaftLogWorker:Storage Directory /workdir/hadoop-ozone/integration-test/target/test-dir/MiniOzoneClusterImpl-95ed0e50-2dca-4589-8b2d-b7f1480a1ca1/datanode-3/data/ratis/028fe710-feff-426c-92c9-d35253800218] INFO  segmented.SegmentedRaftLogWorker (SegmentedRaftLogWorker.java:run(313)) - 58e57113-ec4e-4e2c-8e08-9b26096286af-SegmentedRaftLogWorker:Storage Directory /workdir/hadoop-ozone/integration-test/target/test-dir/MiniOzoneClusterImpl-95ed0e50-2dca-4589-8b2d-b7f1480a1ca1/datanode-3/data/ratis/028fe710-feff-426c-92c9-d35253800218 was interrupted, exiting. There are 0 tasks remaining in the queue.
2019-09-02 02:59:37,055 [main] INFO  segmented.SegmentedRaftLogWorker (SegmentedRaftLogWorker.java:close(228)) - 58e57113-ec4e-4e2c-8e08-9b26096286af-SegmentedRaftLogWorker:Storage Directory /workdir/hadoop-ozone/integration-test/target/test-dir/MiniOzoneClusterImpl-95ed0e50-2dca-4589-8b2d-b7f1480a1ca1/datanode-3/data/ratis/028fe710-feff-426c-92c9-d35253800218 close()
2019-09-02 02:59:37,057 [main] INFO  server.GrpcService (GrpcService.java:closeImpl(155)) - 58e57113-ec4e-4e2c-8e08-9b26096286af: shutdown server with port 45179 now
2019-09-02 02:59:37,057 [main] INFO  server.GrpcService (GrpcService.java:closeImpl(163)) - 58e57113-ec4e-4e2c-8e08-9b26096286af: shutdown server with port 45179 successfully
2019-09-02 02:59:37,058 [main] INFO  utils.BackgroundService (BackgroundService.java:shutdown(148)) - Shutting down service BlockDeletingService
2019-09-02 02:59:37,059 [refreshUsed-/workdir/hadoop-ozone/integration-test/target/test-dir/MiniOzoneClusterImpl-95ed0e50-2dca-4589-8b2d-b7f1480a1ca1/datanode-3/data/containers] WARN  fs.CachingGetSpaceUsed (CachingGetSpaceUsed.java:run(183)) - Thread Interrupted waiting to refresh disk information: sleep interrupted
2019-09-02 02:59:37,076 [main] INFO  statemachine.DatanodeStateMachine (DatanodeStateMachine.java:stopDaemon(395)) - Ozone container server stopped.
2019-09-02 02:59:37,077 [main] INFO  handler.ContextHandler (ContextHandler.java:doStop(910)) - Stopped o.e.j.w.WebAppContext@10ab3bc0{/,null,UNAVAILABLE}{/hddsDatanode}
2019-09-02 02:59:37,078 [main] INFO  server.AbstractConnector (AbstractConnector.java:doStop(318)) - Stopped ServerConnector@b068ddf{HTTP/1.1,[http/1.1]}{0.0.0.0:0}
2019-09-02 02:59:37,078 [main] INFO  handler.ContextHandler (ContextHandler.java:doStop(910)) - Stopped o.e.j.s.ServletContextHandler@dd7b622{/static,jar:file:/home/user/.m2/repository/org/apache/hadoop/hadoop-hdds-container-service/0.5.0-SNAPSHOT/hadoop-hdds-container-service-0.5.0-SNAPSHOT.jar!/webapps/static,UNAVAILABLE}
2019-09-02 02:59:37,079 [main] INFO  handler.ContextHandler (ContextHandler.java:doStop(910)) - Stopped o.e.j.s.ServletContextHandler@61f9cab2{/logs,file:///workdir/hadoop-ozone/integration-test/target/log,UNAVAILABLE}
2019-09-02 02:59:37,701 [Datanode State Machine Thread - 0] INFO  statemachine.DatanodeStateMachine (DatanodeStateMachine.java:lambda$startDaemon$0(350)) - Ozone container server started.
2019-09-02 02:59:41,728 [EventQueue-StaleNodeForStaleNodeHandler] INFO  node.StaleNodeHandler (StaleNodeHandler.java:onMessage(58)) - Datanode f5200351-47ce-4212-9670-72e625b80f12{ip: 192.168.34.6, host: pr-hdds-1569-dhr7x-3740612857, networkLocation: /default-rack, certSerialId: null} moved to stale state. Finalizing its pipelines [PipelineID=44a46104-685b-4c6d-9c90-500748a7ad54, PipelineID=b5b8c1c8-0b9f-4c3c-bf94-4b4dc87f36dd]
2019-09-02 02:59:41,728 [EventQueue-StaleNodeForStaleNodeHandler] INFO  pipeline.SCMPipelineManager (SCMPipelineManager.java:finalizeAndDestroyPipeline(309)) - destroying pipeline:Pipeline[ Id: 44a46104-685b-4c6d-9c90-500748a7ad54, Nodes: f5200351-47ce-4212-9670-72e625b80f12{ip: 192.168.34.6, host: pr-hdds-1569-dhr7x-3740612857, networkLocation: /default-rack, certSerialId: null}, Type:RATIS, Factor:ONE, State:OPEN]
2019-09-02 02:59:41,729 [EventQueue-StaleNodeForStaleNodeHandler] INFO  pipeline.PipelineStateManager (PipelineStateManager.java:finalizePipeline(123)) - Pipeline Pipeline[ Id: 44a46104-685b-4c6d-9c90-500748a7ad54, Nodes: f5200351-47ce-4212-9670-72e625b80f12{ip: 192.168.34.6, host: pr-hdds-1569-dhr7x-3740612857, networkLocation: /default-rack, certSerialId: null}, Type:RATIS, Factor:ONE, State:CLOSED] moved to CLOSED state
2019-09-02 02:59:41,729 [EventQueue-StaleNodeForStaleNodeHandler] INFO  pipeline.SCMPipelineManager (SCMPipelineManager.java:finalizeAndDestroyPipeline(309)) - destroying pipeline:Pipeline[ Id: b5b8c1c8-0b9f-4c3c-bf94-4b4dc87f36dd, Nodes: f5200351-47ce-4212-9670-72e625b80f12{ip: 192.168.34.6, host: pr-hdds-1569-dhr7x-3740612857, networkLocation: /default-rack, certSerialId: null}58e57113-ec4e-4e2c-8e08-9b26096286af{ip: 192.168.34.6, host: pr-hdds-1569-dhr7x-3740612857, networkLocation: /default-rack, certSerialId: null}6200eba3-9c3a-4cd5-b165-0febe607b4fe{ip: 192.168.34.6, host: pr-hdds-1569-dhr7x-3740612857, networkLocation: /default-rack, certSerialId: null}, Type:RATIS, Factor:THREE, State:CLOSED]
2019-09-02 02:59:42,054 [ForkJoinPool.commonPool-worker-1] INFO  ozoneimpl.OzoneContainer (OzoneContainer.java:stop(199)) - Attempting to stop container services.
2019-09-02 02:59:42,054 [ForkJoinPool.commonPool-worker-1] INFO  impl.RaftServerProxy (RaftServerProxy.java:lambda$close$4(314)) - f5200351-47ce-4212-9670-72e625b80f12: close
2019-09-02 02:59:42,055 [ForkJoinPool.commonPool-worker-1] INFO  impl.RaftServerImpl (RaftServerImpl.java:lambda$shutdown$3(245)) - f5200351-47ce-4212-9670-72e625b80f12: shutdown group-500748A7AD54
2019-09-02 02:59:42,055 [ForkJoinPool.commonPool-worker-1] INFO  util.JmxRegister (JmxRegister.java:unregister(73)) - Successfully un-registered JMX Bean with object name Ratis:service=RaftServer,group=group-500748A7AD54,id=f5200351-47ce-4212-9670-72e625b80f12
2019-09-02 02:59:42,055 [ForkJoinPool.commonPool-worker-1] INFO  impl.RoleInfo (RoleInfo.java:shutdownLeaderState(104)) - f5200351-47ce-4212-9670-72e625b80f12: shutdown LeaderState
2019-09-02 02:59:42,056 [ForkJoinPool.commonPool-worker-1] INFO  impl.PendingRequests (PendingRequests.java:sendNotLeaderResponses(202)) - f5200351-47ce-4212-9670-72e625b80f12-PendingRequests: sendNotLeaderResponses
2019-09-02 02:59:42,056 [ForkJoinPool.commonPool-worker-1] INFO  impl.StateMachineUpdater (StateMachineUpdater.java:stopAndJoin(115)) - StateMachineUpdater:f5200351-47ce-4212-9670-72e625b80f12:group-500748A7AD54: set stopIndex = 0
2019-09-02 02:59:42,056 [ForkJoinPool.commonPool-worker-1] INFO  impl.RaftServerImpl (ServerState.java:close(394)) - f5200351-47ce-4212-9670-72e625b80f12:group-500748A7AD54 closes. The last applied log index is 0
2019-09-02 02:59:42,057 [f5200351-47ce-4212-9670-72e625b80f12-SegmentedRaftLogWorker:Storage Directory /workdir/hadoop-ozone/integration-test/target/test-dir/MiniOzoneClusterImpl-95ed0e50-2dca-4589-8b2d-b7f1480a1ca1/datanode-5/data/ratis/44a46104-685b-4c6d-9c90-500748a7ad54] INFO  segmented.SegmentedRaftLogWorker (SegmentedRaftLogWorker.java:run(313)) - f5200351-47ce-4212-9670-72e625b80f12-SegmentedRaftLogWorker:Storage Directory /workdir/hadoop-ozone/integration-test/target/test-dir/MiniOzoneClusterImpl-95ed0e50-2dca-4589-8b2d-b7f1480a1ca1/datanode-5/data/ratis/44a46104-685b-4c6d-9c90-500748a7ad54 was interrupted, exiting. There are 0 tasks remaining in the queue.
2019-09-02 02:59:42,057 [ForkJoinPool.commonPool-worker-1] INFO  segmented.SegmentedRaftLogWorker (SegmentedRaftLogWorker.java:close(228)) - f5200351-47ce-4212-9670-72e625b80f12-SegmentedRaftLogWorker:Storage Directory /workdir/hadoop-ozone/integration-test/target/test-dir/MiniOzoneClusterImpl-95ed0e50-2dca-4589-8b2d-b7f1480a1ca1/datanode-5/data/ratis/44a46104-685b-4c6d-9c90-500748a7ad54 close()
2019-09-02 02:59:42,060 [ForkJoinPool.commonPool-worker-1] INFO  impl.RaftServerImpl (RaftServerImpl.java:lambda$shutdown$3(245)) - f5200351-47ce-4212-9670-72e625b80f12: shutdown group-4B4DC87F36DD
2019-09-02 02:59:42,060 [ForkJoinPool.commonPool-worker-1] INFO  util.JmxRegister (JmxRegister.java:unregister(73)) - Successfully un-registered JMX Bean with object name Ratis:service=RaftServer,group=group-4B4DC87F36DD,id=f5200351-47ce-4212-9670-72e625b80f12
2019-09-02 02:59:42,060 [ForkJoinPool.commonPool-worker-1] INFO  impl.RoleInfo (RoleInfo.java:shutdownFollowerState(121)) - f5200351-47ce-4212-9670-72e625b80f12: shutdown FollowerState
2019-09-02 02:59:42,061 [ForkJoinPool.commonPool-worker-1] INFO  impl.StateMachineUpdater (StateMachineUpdater.java:stopAndJoin(115)) - StateMachineUpdater:f5200351-47ce-4212-9670-72e625b80f12:group-4B4DC87F36DD: set stopIndex = 6
2019-09-02 02:59:42,061 [Thread-4573] INFO  impl.FollowerState (FollowerState.java:run(114)) - f5200351-47ce-4212-9670-72e625b80f12: FollowerState was interrupted: java.lang.InterruptedException: sleep interrupted
2019-09-02 02:59:42,061 [StateMachineUpdater:f5200351-47ce-4212-9670-72e625b80f12:group-4B4DC87F36DD] INFO  ratis.ContainerStateMachine (ContainerStateMachine.java:takeSnapshot(283)) - group-4B4DC87F36DD: Taking a snapshot at:(t:1, i:3) file /workdir/hadoop-ozone/integration-test/target/test-dir/MiniOzoneClusterImpl-95ed0e50-2dca-4589-8b2d-b7f1480a1ca1/datanode-5/data/ratis/b5b8c1c8-0b9f-4c3c-bf94-4b4dc87f36dd/sm/snapshot.1_3
2019-09-02 02:59:42,072 [StateMachineUpdater:f5200351-47ce-4212-9670-72e625b80f12:group-4B4DC87F36DD] INFO  ratis.ContainerStateMachine (ContainerStateMachine.java:takeSnapshot(294)) - group-4B4DC87F36DD: Finished taking a snapshot at:(t:1, i:3) file:/workdir/hadoop-ozone/integration-test/target/test-dir/MiniOzoneClusterImpl-95ed0e50-2dca-4589-8b2d-b7f1480a1ca1/datanode-5/data/ratis/b5b8c1c8-0b9f-4c3c-bf94-4b4dc87f36dd/sm/snapshot.1_3 time:11
2019-09-02 02:59:42,072 [StateMachineUpdater:f5200351-47ce-4212-9670-72e625b80f12:group-4B4DC87F36DD] INFO  impl.StateMachineUpdater (StateMachineUpdater.java:takeSnapshot(242)) - StateMachineUpdater:f5200351-47ce-4212-9670-72e625b80f12:group-4B4DC87F36DD: Took a snapshot at index 3
2019-09-02 02:59:42,072 [StateMachineUpdater:f5200351-47ce-4212-9670-72e625b80f12:group-4B4DC87F36DD] INFO  impl.StateMachineUpdater (StateMachineUpdater.java:lambda$new$0(80)) - StateMachineUpdater:f5200351-47ce-4212-9670-72e625b80f12:group-4B4DC87F36DD: snapshotIndex: updateIncreasingly -1 -> 3
2019-09-02 02:59:42,072 [ForkJoinPool.commonPool-worker-1] INFO  impl.RaftServerImpl (ServerState.java:close(394)) - f5200351-47ce-4212-9670-72e625b80f12:group-4B4DC87F36DD closes. The last applied log index is 6
2019-09-02 02:59:42,073 [f5200351-47ce-4212-9670-72e625b80f12-SegmentedRaftLogWorker:Storage Directory /workdir/hadoop-ozone/integration-test/target/test-dir/MiniOzoneClusterImpl-95ed0e50-2dca-4589-8b2d-b7f1480a1ca1/datanode-5/data/ratis/b5b8c1c8-0b9f-4c3c-bf94-4b4dc87f36dd] INFO  segmented.SegmentedRaftLogWorker (SegmentedRaftLogWorker.java:run(313)) - f5200351-47ce-4212-9670-72e625b80f12-SegmentedRaftLogWorker:Storage Directory /workdir/hadoop-ozone/integration-test/target/test-dir/MiniOzoneClusterImpl-95ed0e50-2dca-4589-8b2d-b7f1480a1ca1/datanode-5/data/ratis/b5b8c1c8-0b9f-4c3c-bf94-4b4dc87f36dd was interrupted, exiting. There are 0 tasks remaining in the queue.
2019-09-02 02:59:42,075 [ForkJoinPool.commonPool-worker-1] INFO  segmented.SegmentedRaftLogWorker (SegmentedRaftLogWorker.java:close(228)) - f5200351-47ce-4212-9670-72e625b80f12-SegmentedRaftLogWorker:Storage Directory /workdir/hadoop-ozone/integration-test/target/test-dir/MiniOzoneClusterImpl-95ed0e50-2dca-4589-8b2d-b7f1480a1ca1/datanode-5/data/ratis/b5b8c1c8-0b9f-4c3c-bf94-4b4dc87f36dd close()
2019-09-02 02:59:42,076 [ForkJoinPool.commonPool-worker-1] INFO  server.GrpcService (GrpcService.java:closeImpl(155)) - f5200351-47ce-4212-9670-72e625b80f12: shutdown server with port 40778 now
2019-09-02 02:59:42,077 [ForkJoinPool.commonPool-worker-1] INFO  server.GrpcService (GrpcService.java:closeImpl(163)) - f5200351-47ce-4212-9670-72e625b80f12: shutdown server with port 40778 successfully
2019-09-02 02:59:42,078 [ForkJoinPool.commonPool-worker-1] INFO  utils.BackgroundService (BackgroundService.java:shutdown(148)) - Shutting down service BlockDeletingService
2019-09-02 02:59:42,079 [refreshUsed-/workdir/hadoop-ozone/integration-test/target/test-dir/MiniOzoneClusterImpl-95ed0e50-2dca-4589-8b2d-b7f1480a1ca1/datanode-5/data/containers] WARN  fs.CachingGetSpaceUsed (CachingGetSpaceUsed.java:run(183)) - Thread Interrupted waiting to refresh disk information: sleep interrupted
2019-09-02 02:59:42,098 [ForkJoinPool.commonPool-worker-1] INFO  statemachine.DatanodeStateMachine (DatanodeStateMachine.java:stopDaemon(395)) - Ozone container server stopped.
2019-09-02 02:59:42,100 [ForkJoinPool.commonPool-worker-1] INFO  handler.ContextHandler (ContextHandler.java:doStop(910)) - Stopped o.e.j.w.WebAppContext@333ea5d6{/,null,UNAVAILABLE}{/hddsDatanode}
2019-09-02 02:59:42,100 [ForkJoinPool.commonPool-worker-1] INFO  server.AbstractConnector (AbstractConnector.java:doStop(318)) - Stopped ServerConnector@5f53e698{HTTP/1.1,[http/1.1]}{0.0.0.0:0}
2019-09-02 02:59:42,102 [ForkJoinPool.commonPool-worker-1] INFO  handler.ContextHandler (ContextHandler.java:doStop(910)) - Stopped o.e.j.s.ServletContextHandler@7c2b2b56{/static,jar:file:/home/user/.m2/repository/org/apache/hadoop/hadoop-hdds-container-service/0.5.0-SNAPSHOT/hadoop-hdds-container-service-0.5.0-SNAPSHOT.jar!/webapps/static,UNAVAILABLE}
2019-09-02 02:59:42,103 [ForkJoinPool.commonPool-worker-1] INFO  handler.ContextHandler (ContextHandler.java:doStop(910)) - Stopped o.e.j.s.ServletContextHandler@180c785d{/logs,file:///workdir/hadoop-ozone/integration-test/target/log,UNAVAILABLE}
2019-09-02 02:59:42,104 [main] INFO  ozone.MiniOzoneClusterImpl (MiniOzoneClusterImpl.java:stop(353)) - Stopping the StorageContainerManager
2019-09-02 02:59:42,104 [main] INFO  server.StorageContainerManager (StorageContainerManager.java:stop(797)) - Stopping Replication Manager Service.
2019-09-02 02:59:42,105 [main] INFO  container.ReplicationManager (ReplicationManager.java:stop(193)) - Stopping Replication Monitor Thread.
2019-09-02 02:59:42,105 | INFO  | DNAudit | user=null | ip=null | op=PUT_BLOCK {blockData=[blockId=conID: 1 locID: 102720677808832532 bcsId: 0,size=450]} | ret=SUCCESS |  
2019-09-02 02:59:42,105 [main] INFO  server.StorageContainerManager (StorageContainerManager.java:stop(804)) - Stopping Lease Manager of the command watchers
2019-09-02 02:59:42,105 [main] INFO  server.StorageContainerManager (StorageContainerManager.java:stop(811)) - Stopping datanode service RPC server
2019-09-02 02:59:42,105 [main] INFO  server.SCMDatanodeProtocolServer (SCMDatanodeProtocolServer.java:stop(367)) - Stopping the RPC server for DataNodes
2019-09-02 02:59:42,105 [main] INFO  ipc.Server (Server.java:stop(3082)) - Stopping server on 34996
2019-09-02 02:59:42,108 [IPC Server listener on 34996] INFO  ipc.Server (Server.java:run(1185)) - Stopping IPC Server listener on 34996
2019-09-02 02:59:42,110 [IPC Server Responder] INFO  ipc.Server (Server.java:run(1319)) - Stopping IPC Server Responder
2019-09-02 02:59:42,128 [SCM Heartbeat Processing Thread - 0] WARN  node.NodeStateManager (NodeStateManager.java:scheduleNextHealthCheck(655)) - Current Thread is interrupted, shutting down HB processing thread for Node Manager.
2019-09-02 02:59:42,129 [main] INFO  server.StorageContainerManager (StorageContainerManager.java:stop(819)) - Stopping block service RPC server
2019-09-02 02:59:42,129 [main] INFO  server.SCMBlockProtocolServer (SCMBlockProtocolServer.java:stop(148)) - Stopping the RPC server for Block Protocol
2019-09-02 02:59:42,129 [main] INFO  ipc.Server (Server.java:stop(3082)) - Stopping server on 34596
2019-09-02 02:59:42,131 [IPC Server listener on 34596] INFO  ipc.Server (Server.java:run(1185)) - Stopping IPC Server listener on 34596
2019-09-02 02:59:42,131 [main] INFO  server.StorageContainerManager (StorageContainerManager.java:stop(826)) - Stopping the StorageContainerLocationProtocol RPC server
2019-09-02 02:59:42,133 [main] INFO  server.SCMClientProtocolServer (SCMClientProtocolServer.java:stop(159)) - Stopping the RPC server for Client Protocol
2019-09-02 02:59:42,133 [IPC Server Responder] INFO  ipc.Server (Server.java:run(1319)) - Stopping IPC Server Responder
2019-09-02 02:59:42,133 [main] INFO  ipc.Server (Server.java:stop(3082)) - Stopping server on 46085
2019-09-02 02:59:42,135 [IPC Server listener on 46085] INFO  ipc.Server (Server.java:run(1185)) - Stopping IPC Server listener on 46085
2019-09-02 02:59:42,135 [main] INFO  server.StorageContainerManager (StorageContainerManager.java:stop(833)) - Stopping Storage Container Manager HTTP server.
2019-09-02 02:59:42,137 [IPC Server Responder] INFO  ipc.Server (Server.java:run(1319)) - Stopping IPC Server Responder
2019-09-02 02:59:42,138 [main] INFO  handler.ContextHandler (ContextHandler.java:doStop(910)) - Stopped o.e.j.w.WebAppContext@2290186e{/,null,UNAVAILABLE}{/scm}
2019-09-02 02:59:42,138 [main] INFO  server.AbstractConnector (AbstractConnector.java:doStop(318)) - Stopped ServerConnector@686a192d{HTTP/1.1,[http/1.1]}{0.0.0.0:0}
2019-09-02 02:59:42,139 [main] INFO  handler.ContextHandler (ContextHandler.java:doStop(910)) - Stopped o.e.j.s.ServletContextHandler@7c8c6922{/static,file:///workdir/hadoop-ozone/integration-test/target/test-classes/webapps/static,UNAVAILABLE}
2019-09-02 02:59:42,139 [main] INFO  handler.ContextHandler (ContextHandler.java:doStop(910)) - Stopped o.e.j.s.ServletContextHandler@14fe2e62{/logs,file:///workdir/hadoop-ozone/integration-test/target/log,UNAVAILABLE}
2019-09-02 02:59:42,140 [main] INFO  server.StorageContainerManager (StorageContainerManager.java:stop(844)) - Stopping Block Manager Service.
2019-09-02 02:59:42,140 [main] INFO  utils.BackgroundService (BackgroundService.java:shutdown(148)) - Shutting down service SCMBlockDeletingService
2019-09-02 02:59:42,141 [main] INFO  utils.BackgroundService (BackgroundService.java:shutdown(148)) - Shutting down service SCMBlockDeletingService
2019-09-02 02:59:42,141 [main] INFO  server.StorageContainerManager (StorageContainerManager.java:stop(866)) - Stopping SCM Event Queue.
2019-09-02 02:59:42,145 [main] INFO  impl.MetricsSystemImpl (MetricsSystemImpl.java:stop(210)) - Stopping HddsDatanode metrics system...
2019-09-02 02:59:42,160 [main] INFO  impl.MetricsSystemImpl (MetricsSystemImpl.java:stop(216)) - HddsDatanode metrics system stopped.
]]></system-out>
    <system-err><![CDATA[Sep 02, 2019 2:59:08 AM com.sun.jersey.server.impl.application.WebApplicationImpl _initiate
INFO: Initiating Jersey application, version 'Jersey: 1.19 02/11/2015 03:25 AM'
Sep 02, 2019 2:59:08 AM com.sun.jersey.server.impl.application.WebApplicationImpl _initiate
INFO: Initiating Jersey application, version 'Jersey: 1.19 02/11/2015 03:25 AM'
Sep 02, 2019 2:59:08 AM com.sun.jersey.server.impl.application.WebApplicationImpl _initiate
INFO: Initiating Jersey application, version 'Jersey: 1.19 02/11/2015 03:25 AM'
Sep 02, 2019 2:59:09 AM com.sun.jersey.server.impl.application.WebApplicationImpl _initiate
INFO: Initiating Jersey application, version 'Jersey: 1.19 02/11/2015 03:25 AM'
Sep 02, 2019 2:59:09 AM com.sun.jersey.server.impl.application.WebApplicationImpl _initiate
INFO: Initiating Jersey application, version 'Jersey: 1.19 02/11/2015 03:25 AM'
Sep 02, 2019 2:59:09 AM com.sun.jersey.server.impl.application.WebApplicationImpl _initiate
INFO: Initiating Jersey application, version 'Jersey: 1.19 02/11/2015 03:25 AM'
Sep 02, 2019 2:59:09 AM com.sun.jersey.server.impl.application.WebApplicationImpl _initiate
INFO: Initiating Jersey application, version 'Jersey: 1.19 02/11/2015 03:25 AM'
Sep 02, 2019 2:59:09 AM org.apache.ratis.thirdparty.io.grpc.internal.ManagedChannelOrphanWrapper$ManagedChannelReference cleanQueue
SEVERE: *~*~*~ Channel ManagedChannelImpl{logId=3197, target=192.168.34.6:35661} was not shutdown properly!!! ~*~*~*
    Make sure to call shutdown()/shutdownNow() and wait until awaitTermination() returns true.
java.lang.RuntimeException: ManagedChannel allocation site
	at org.apache.ratis.thirdparty.io.grpc.internal.ManagedChannelOrphanWrapper$ManagedChannelReference.<init>(ManagedChannelOrphanWrapper.java:103)
	at org.apache.ratis.thirdparty.io.grpc.internal.ManagedChannelOrphanWrapper.<init>(ManagedChannelOrphanWrapper.java:53)
	at org.apache.ratis.thirdparty.io.grpc.internal.ManagedChannelOrphanWrapper.<init>(ManagedChannelOrphanWrapper.java:44)
	at org.apache.ratis.thirdparty.io.grpc.internal.AbstractManagedChannelImplBuilder.build(AbstractManagedChannelImplBuilder.java:411)
	at org.apache.ratis.grpc.client.GrpcClientProtocolClient.<init>(GrpcClientProtocolClient.java:119)
	at org.apache.ratis.grpc.client.GrpcClientRpc.lambda$new$0(GrpcClientRpc.java:55)
	at org.apache.ratis.util.PeerProxyMap$PeerAndProxy.lambda$getProxy$0(PeerProxyMap.java:61)
	at org.apache.ratis.util.LifeCycle.startAndTransition(LifeCycle.java:202)
	at org.apache.ratis.util.PeerProxyMap$PeerAndProxy.getProxy(PeerProxyMap.java:60)
	at org.apache.ratis.util.PeerProxyMap.getProxy(PeerProxyMap.java:107)
	at org.apache.ratis.grpc.client.GrpcClientRpc.sendRequestAsync(GrpcClientRpc.java:66)
	at org.apache.ratis.client.impl.OrderedAsync.sendRequest(OrderedAsync.java:208)
	at org.apache.ratis.client.impl.OrderedAsync.sendRequestWithRetry(OrderedAsync.java:169)
	at org.apache.ratis.util.SlidingWindow$Client.sendOrDelayRequest(SlidingWindow.java:278)
	at org.apache.ratis.util.SlidingWindow$Client.retry(SlidingWindow.java:294)
	at org.apache.ratis.client.impl.OrderedAsync.lambda$scheduleWithTimeout$7(OrderedAsync.java:195)
	at org.apache.ratis.util.TimeoutScheduler.lambda$onTimeout$0(TimeoutScheduler.java:85)
	at org.apache.ratis.util.TimeoutScheduler.lambda$onTimeout$1(TimeoutScheduler.java:104)
	at org.apache.ratis.util.LogUtils.runAndLog(LogUtils.java:50)
	at org.apache.ratis.util.LogUtils$1.run(LogUtils.java:91)
	at java.util.concurrent.Executors$RunnableAdapter.call(Executors.java:511)
	at java.util.concurrent.FutureTask.run(FutureTask.java:266)
	at java.util.concurrent.ScheduledThreadPoolExecutor$ScheduledFutureTask.access$201(ScheduledThreadPoolExecutor.java:180)
	at java.util.concurrent.ScheduledThreadPoolExecutor$ScheduledFutureTask.run(ScheduledThreadPoolExecutor.java:293)
	at java.util.concurrent.ThreadPoolExecutor.runWorker(ThreadPoolExecutor.java:1149)
	at java.util.concurrent.ThreadPoolExecutor$Worker.run(ThreadPoolExecutor.java:624)
	at java.lang.Thread.run(Thread.java:748)

Sep 02, 2019 2:59:09 AM org.apache.ratis.thirdparty.io.grpc.internal.ManagedChannelOrphanWrapper$ManagedChannelReference cleanQueue
SEVERE: *~*~*~ Channel ManagedChannelImpl{logId=3217, target=192.168.34.6:43049} was not shutdown properly!!! ~*~*~*
    Make sure to call shutdown()/shutdownNow() and wait until awaitTermination() returns true.
java.lang.RuntimeException: ManagedChannel allocation site
	at org.apache.ratis.thirdparty.io.grpc.internal.ManagedChannelOrphanWrapper$ManagedChannelReference.<init>(ManagedChannelOrphanWrapper.java:103)
	at org.apache.ratis.thirdparty.io.grpc.internal.ManagedChannelOrphanWrapper.<init>(ManagedChannelOrphanWrapper.java:53)
	at org.apache.ratis.thirdparty.io.grpc.internal.ManagedChannelOrphanWrapper.<init>(ManagedChannelOrphanWrapper.java:44)
	at org.apache.ratis.thirdparty.io.grpc.internal.AbstractManagedChannelImplBuilder.build(AbstractManagedChannelImplBuilder.java:411)
	at org.apache.hadoop.hdds.scm.XceiverClientGrpc.connectToDatanode(XceiverClientGrpc.java:175)
	at org.apache.hadoop.hdds.scm.XceiverClientGrpc.reconnect(XceiverClientGrpc.java:423)
	at org.apache.hadoop.hdds.scm.XceiverClientGrpc.sendCommandAsync(XceiverClientGrpc.java:372)
	at org.apache.hadoop.hdds.scm.XceiverClientGrpc.sendCommandWithRetry(XceiverClientGrpc.java:285)
	at org.apache.hadoop.hdds.scm.XceiverClientGrpc.sendCommandWithTraceIDAndRetry(XceiverClientGrpc.java:251)
	at org.apache.hadoop.hdds.scm.XceiverClientGrpc.sendCommand(XceiverClientGrpc.java:234)
	at org.apache.hadoop.hdds.scm.storage.ContainerProtocolCalls.getBlock(ContainerProtocolCalls.java:118)
	at org.apache.hadoop.hdds.scm.storage.BlockInputStream.getChunkInfos(BlockInputStream.java:167)
	at org.apache.hadoop.hdds.scm.storage.BlockInputStream.initialize(BlockInputStream.java:118)
	at org.apache.hadoop.hdds.scm.storage.BlockInputStream.read(BlockInputStream.java:222)
	at org.apache.hadoop.ozone.client.io.KeyInputStream.read(KeyInputStream.java:171)
	at org.apache.hadoop.ozone.client.io.OzoneInputStream.read(OzoneInputStream.java:47)
	at java.io.InputStream.read(InputStream.java:101)
	at org.apache.hadoop.ozone.container.ContainerTestHelper.validateData(ContainerTestHelper.java:713)
	at org.apache.hadoop.ozone.client.rpc.TestBlockOutputStreamWithFailures.validateData(TestBlockOutputStreamWithFailures.java:1216)
	at org.apache.hadoop.ozone.client.rpc.TestBlockOutputStreamWithFailures.testFailureWithPrimeSizedData(TestBlockOutputStreamWithFailures.java:662)
	at sun.reflect.NativeMethodAccessorImpl.invoke0(Native Method)
	at sun.reflect.NativeMethodAccessorImpl.invoke(NativeMethodAccessorImpl.java:62)
	at sun.reflect.DelegatingMethodAccessorImpl.invoke(DelegatingMethodAccessorImpl.java:43)
	at java.lang.reflect.Method.invoke(Method.java:498)
	at org.junit.runners.model.FrameworkMethod$1.runReflectiveCall(FrameworkMethod.java:47)
	at org.junit.internal.runners.model.ReflectiveCallable.run(ReflectiveCallable.java:12)
	at org.junit.runners.model.FrameworkMethod.invokeExplosively(FrameworkMethod.java:44)
	at org.junit.internal.runners.statements.InvokeMethod.evaluate(InvokeMethod.java:17)
	at org.junit.internal.runners.statements.RunBefores.evaluate(RunBefores.java:26)
	at org.junit.internal.runners.statements.RunAfters.evaluate(RunAfters.java:27)
	at org.junit.runners.ParentRunner.runLeaf(ParentRunner.java:271)
	at org.junit.runners.BlockJUnit4ClassRunner.runChild(BlockJUnit4ClassRunner.java:70)
	at org.junit.runners.BlockJUnit4ClassRunner.runChild(BlockJUnit4ClassRunner.java:50)
	at org.junit.runners.ParentRunner$3.run(ParentRunner.java:238)
	at org.junit.runners.ParentRunner$1.schedule(ParentRunner.java:63)
	at org.junit.runners.ParentRunner.runChildren(ParentRunner.java:236)
	at org.junit.runners.ParentRunner.access$000(ParentRunner.java:53)
	at org.junit.runners.ParentRunner$2.evaluate(ParentRunner.java:229)
	at org.junit.runners.ParentRunner.run(ParentRunner.java:309)
	at org.apache.maven.surefire.junit4.JUnit4Provider.execute(JUnit4Provider.java:365)
	at org.apache.maven.surefire.junit4.JUnit4Provider.executeWithRerun(JUnit4Provider.java:273)
	at org.apache.maven.surefire.junit4.JUnit4Provider.executeTestSet(JUnit4Provider.java:238)
	at org.apache.maven.surefire.junit4.JUnit4Provider.invoke(JUnit4Provider.java:159)
	at org.apache.maven.surefire.booter.ForkedBooter.invokeProviderInSameClassLoader(ForkedBooter.java:384)
	at org.apache.maven.surefire.booter.ForkedBooter.runSuitesInProcess(ForkedBooter.java:345)
	at org.apache.maven.surefire.booter.ForkedBooter.execute(ForkedBooter.java:126)
	at org.apache.maven.surefire.booter.ForkedBooter.main(ForkedBooter.java:418)

Sep 02, 2019 2:59:09 AM org.apache.ratis.thirdparty.io.grpc.internal.ManagedChannelOrphanWrapper$ManagedChannelReference cleanQueue
SEVERE: *~*~*~ Channel ManagedChannelImpl{logId=3207, target=192.168.34.6:35059} was not shutdown properly!!! ~*~*~*
    Make sure to call shutdown()/shutdownNow() and wait until awaitTermination() returns true.
java.lang.RuntimeException: ManagedChannel allocation site
	at org.apache.ratis.thirdparty.io.grpc.internal.ManagedChannelOrphanWrapper$ManagedChannelReference.<init>(ManagedChannelOrphanWrapper.java:103)
	at org.apache.ratis.thirdparty.io.grpc.internal.ManagedChannelOrphanWrapper.<init>(ManagedChannelOrphanWrapper.java:53)
	at org.apache.ratis.thirdparty.io.grpc.internal.ManagedChannelOrphanWrapper.<init>(ManagedChannelOrphanWrapper.java:44)
	at org.apache.ratis.thirdparty.io.grpc.internal.AbstractManagedChannelImplBuilder.build(AbstractManagedChannelImplBuilder.java:411)
	at org.apache.hadoop.hdds.scm.XceiverClientGrpc.connectToDatanode(XceiverClientGrpc.java:175)
	at org.apache.hadoop.hdds.scm.XceiverClientGrpc.reconnect(XceiverClientGrpc.java:423)
	at org.apache.hadoop.hdds.scm.XceiverClientGrpc.sendCommandAsync(XceiverClientGrpc.java:372)
	at org.apache.hadoop.hdds.scm.XceiverClientGrpc.sendCommandWithRetry(XceiverClientGrpc.java:285)
	at org.apache.hadoop.hdds.scm.XceiverClientGrpc.sendCommandWithTraceIDAndRetry(XceiverClientGrpc.java:251)
	at org.apache.hadoop.hdds.scm.XceiverClientGrpc.sendCommand(XceiverClientGrpc.java:234)
	at org.apache.hadoop.hdds.scm.storage.ContainerProtocolCalls.readChunk(ContainerProtocolCalls.java:245)
	at org.apache.hadoop.hdds.scm.storage.ChunkInputStream.readChunk(ChunkInputStream.java:335)
	at org.apache.hadoop.hdds.scm.storage.ChunkInputStream.readChunkFromContainer(ChunkInputStream.java:307)
	at org.apache.hadoop.hdds.scm.storage.ChunkInputStream.prepareRead(ChunkInputStream.java:259)
	at org.apache.hadoop.hdds.scm.storage.ChunkInputStream.read(ChunkInputStream.java:144)
	at org.apache.hadoop.hdds.scm.storage.BlockInputStream.read(BlockInputStream.java:239)
	at org.apache.hadoop.ozone.client.io.KeyInputStream.read(KeyInputStream.java:171)
	at org.apache.hadoop.ozone.client.io.OzoneInputStream.read(OzoneInputStream.java:47)
	at java.io.InputStream.read(InputStream.java:101)
	at org.apache.hadoop.ozone.container.ContainerTestHelper.validateData(ContainerTestHelper.java:713)
	at org.apache.hadoop.ozone.client.rpc.TestBlockOutputStreamWithFailures.validateData(TestBlockOutputStreamWithFailures.java:1216)
	at org.apache.hadoop.ozone.client.rpc.TestBlockOutputStreamWithFailures.testFailureWithPrimeSizedData(TestBlockOutputStreamWithFailures.java:662)
	at sun.reflect.NativeMethodAccessorImpl.invoke0(Native Method)
	at sun.reflect.NativeMethodAccessorImpl.invoke(NativeMethodAccessorImpl.java:62)
	at sun.reflect.DelegatingMethodAccessorImpl.invoke(DelegatingMethodAccessorImpl.java:43)
	at java.lang.reflect.Method.invoke(Method.java:498)
	at org.junit.runners.model.FrameworkMethod$1.runReflectiveCall(FrameworkMethod.java:47)
	at org.junit.internal.runners.model.ReflectiveCallable.run(ReflectiveCallable.java:12)
	at org.junit.runners.model.FrameworkMethod.invokeExplosively(FrameworkMethod.java:44)
	at org.junit.internal.runners.statements.InvokeMethod.evaluate(InvokeMethod.java:17)
	at org.junit.internal.runners.statements.RunBefores.evaluate(RunBefores.java:26)
	at org.junit.internal.runners.statements.RunAfters.evaluate(RunAfters.java:27)
	at org.junit.runners.ParentRunner.runLeaf(ParentRunner.java:271)
	at org.junit.runners.BlockJUnit4ClassRunner.runChild(BlockJUnit4ClassRunner.java:70)
	at org.junit.runners.BlockJUnit4ClassRunner.runChild(BlockJUnit4ClassRunner.java:50)
	at org.junit.runners.ParentRunner$3.run(ParentRunner.java:238)
	at org.junit.runners.ParentRunner$1.schedule(ParentRunner.java:63)
	at org.junit.runners.ParentRunner.runChildren(ParentRunner.java:236)
	at org.junit.runners.ParentRunner.access$000(ParentRunner.java:53)
	at org.junit.runners.ParentRunner$2.evaluate(ParentRunner.java:229)
	at org.junit.runners.ParentRunner.run(ParentRunner.java:309)
	at org.apache.maven.surefire.junit4.JUnit4Provider.execute(JUnit4Provider.java:365)
	at org.apache.maven.surefire.junit4.JUnit4Provider.executeWithRerun(JUnit4Provider.java:273)
	at org.apache.maven.surefire.junit4.JUnit4Provider.executeTestSet(JUnit4Provider.java:238)
	at org.apache.maven.surefire.junit4.JUnit4Provider.invoke(JUnit4Provider.java:159)
	at org.apache.maven.surefire.booter.ForkedBooter.invokeProviderInSameClassLoader(ForkedBooter.java:384)
	at org.apache.maven.surefire.booter.ForkedBooter.runSuitesInProcess(ForkedBooter.java:345)
	at org.apache.maven.surefire.booter.ForkedBooter.execute(ForkedBooter.java:126)
	at org.apache.maven.surefire.booter.ForkedBooter.main(ForkedBooter.java:418)

Sep 02, 2019 2:59:09 AM org.apache.ratis.thirdparty.io.grpc.internal.ManagedChannelOrphanWrapper$ManagedChannelReference cleanQueue
SEVERE: *~*~*~ Channel ManagedChannelImpl{logId=3202, target=192.168.34.6:42757} was not shutdown properly!!! ~*~*~*
    Make sure to call shutdown()/shutdownNow() and wait until awaitTermination() returns true.
java.lang.RuntimeException: ManagedChannel allocation site
	at org.apache.ratis.thirdparty.io.grpc.internal.ManagedChannelOrphanWrapper$ManagedChannelReference.<init>(ManagedChannelOrphanWrapper.java:103)
	at org.apache.ratis.thirdparty.io.grpc.internal.ManagedChannelOrphanWrapper.<init>(ManagedChannelOrphanWrapper.java:53)
	at org.apache.ratis.thirdparty.io.grpc.internal.ManagedChannelOrphanWrapper.<init>(ManagedChannelOrphanWrapper.java:44)
	at org.apache.ratis.thirdparty.io.grpc.internal.AbstractManagedChannelImplBuilder.build(AbstractManagedChannelImplBuilder.java:411)
	at org.apache.hadoop.hdds.scm.XceiverClientGrpc.connectToDatanode(XceiverClientGrpc.java:175)
	at org.apache.hadoop.hdds.scm.XceiverClientGrpc.reconnect(XceiverClientGrpc.java:423)
	at org.apache.hadoop.hdds.scm.XceiverClientGrpc.sendCommandAsync(XceiverClientGrpc.java:372)
	at org.apache.hadoop.hdds.scm.XceiverClientGrpc.sendCommandWithRetry(XceiverClientGrpc.java:285)
	at org.apache.hadoop.hdds.scm.XceiverClientGrpc.sendCommandWithTraceIDAndRetry(XceiverClientGrpc.java:251)
	at org.apache.hadoop.hdds.scm.XceiverClientGrpc.sendCommand(XceiverClientGrpc.java:234)
	at org.apache.hadoop.hdds.scm.storage.ContainerProtocolCalls.getBlock(ContainerProtocolCalls.java:118)
	at org.apache.hadoop.hdds.scm.storage.BlockInputStream.getChunkInfos(BlockInputStream.java:167)
	at org.apache.hadoop.hdds.scm.storage.BlockInputStream.initialize(BlockInputStream.java:118)
	at org.apache.hadoop.hdds.scm.storage.BlockInputStream.read(BlockInputStream.java:222)
	at org.apache.hadoop.ozone.client.io.KeyInputStream.read(KeyInputStream.java:171)
	at org.apache.hadoop.ozone.client.io.OzoneInputStream.read(OzoneInputStream.java:47)
	at java.io.InputStream.read(InputStream.java:101)
	at org.apache.hadoop.ozone.container.ContainerTestHelper.validateData(ContainerTestHelper.java:713)
	at org.apache.hadoop.ozone.client.rpc.TestBlockOutputStreamWithFailures.validateData(TestBlockOutputStreamWithFailures.java:1216)
	at org.apache.hadoop.ozone.client.rpc.TestBlockOutputStreamWithFailures.testFailureWithPrimeSizedData(TestBlockOutputStreamWithFailures.java:662)
	at sun.reflect.NativeMethodAccessorImpl.invoke0(Native Method)
	at sun.reflect.NativeMethodAccessorImpl.invoke(NativeMethodAccessorImpl.java:62)
	at sun.reflect.DelegatingMethodAccessorImpl.invoke(DelegatingMethodAccessorImpl.java:43)
	at java.lang.reflect.Method.invoke(Method.java:498)
	at org.junit.runners.model.FrameworkMethod$1.runReflectiveCall(FrameworkMethod.java:47)
	at org.junit.internal.runners.model.ReflectiveCallable.run(ReflectiveCallable.java:12)
	at org.junit.runners.model.FrameworkMethod.invokeExplosively(FrameworkMethod.java:44)
	at org.junit.internal.runners.statements.InvokeMethod.evaluate(InvokeMethod.java:17)
	at org.junit.internal.runners.statements.RunBefores.evaluate(RunBefores.java:26)
	at org.junit.internal.runners.statements.RunAfters.evaluate(RunAfters.java:27)
	at org.junit.runners.ParentRunner.runLeaf(ParentRunner.java:271)
	at org.junit.runners.BlockJUnit4ClassRunner.runChild(BlockJUnit4ClassRunner.java:70)
	at org.junit.runners.BlockJUnit4ClassRunner.runChild(BlockJUnit4ClassRunner.java:50)
	at org.junit.runners.ParentRunner$3.run(ParentRunner.java:238)
	at org.junit.runners.ParentRunner$1.schedule(ParentRunner.java:63)
	at org.junit.runners.ParentRunner.runChildren(ParentRunner.java:236)
	at org.junit.runners.ParentRunner.access$000(ParentRunner.java:53)
	at org.junit.runners.ParentRunner$2.evaluate(ParentRunner.java:229)
	at org.junit.runners.ParentRunner.run(ParentRunner.java:309)
	at org.apache.maven.surefire.junit4.JUnit4Provider.execute(JUnit4Provider.java:365)
	at org.apache.maven.surefire.junit4.JUnit4Provider.executeWithRerun(JUnit4Provider.java:273)
	at org.apache.maven.surefire.junit4.JUnit4Provider.executeTestSet(JUnit4Provider.java:238)
	at org.apache.maven.surefire.junit4.JUnit4Provider.invoke(JUnit4Provider.java:159)
	at org.apache.maven.surefire.booter.ForkedBooter.invokeProviderInSameClassLoader(ForkedBooter.java:384)
	at org.apache.maven.surefire.booter.ForkedBooter.runSuitesInProcess(ForkedBooter.java:345)
	at org.apache.maven.surefire.booter.ForkedBooter.execute(ForkedBooter.java:126)
	at org.apache.maven.surefire.booter.ForkedBooter.main(ForkedBooter.java:418)

Sep 02, 2019 2:59:09 AM org.apache.ratis.thirdparty.io.grpc.internal.ManagedChannelOrphanWrapper$ManagedChannelReference cleanQueue
SEVERE: *~*~*~ Channel ManagedChannelImpl{logId=3178, target=192.168.34.6:38208} was not shutdown properly!!! ~*~*~*
    Make sure to call shutdown()/shutdownNow() and wait until awaitTermination() returns true.
java.lang.RuntimeException: ManagedChannel allocation site
	at org.apache.ratis.thirdparty.io.grpc.internal.ManagedChannelOrphanWrapper$ManagedChannelReference.<init>(ManagedChannelOrphanWrapper.java:103)
	at org.apache.ratis.thirdparty.io.grpc.internal.ManagedChannelOrphanWrapper.<init>(ManagedChannelOrphanWrapper.java:53)
	at org.apache.ratis.thirdparty.io.grpc.internal.ManagedChannelOrphanWrapper.<init>(ManagedChannelOrphanWrapper.java:44)
	at org.apache.ratis.thirdparty.io.grpc.internal.AbstractManagedChannelImplBuilder.build(AbstractManagedChannelImplBuilder.java:411)
	at org.apache.ratis.grpc.client.GrpcClientProtocolClient.<init>(GrpcClientProtocolClient.java:119)
	at org.apache.ratis.grpc.client.GrpcClientRpc.lambda$new$0(GrpcClientRpc.java:55)
	at org.apache.ratis.util.PeerProxyMap$PeerAndProxy.lambda$getProxy$0(PeerProxyMap.java:61)
	at org.apache.ratis.util.LifeCycle.startAndTransition(LifeCycle.java:202)
	at org.apache.ratis.util.PeerProxyMap$PeerAndProxy.getProxy(PeerProxyMap.java:60)
	at org.apache.ratis.util.PeerProxyMap.getProxy(PeerProxyMap.java:107)
	at org.apache.ratis.grpc.client.GrpcClientRpc.sendRequestAsync(GrpcClientRpc.java:66)
	at org.apache.ratis.client.impl.OrderedAsync.sendRequest(OrderedAsync.java:208)
	at org.apache.ratis.client.impl.OrderedAsync.sendRequestWithRetry(OrderedAsync.java:169)
	at org.apache.ratis.util.SlidingWindow$Client.sendOrDelayRequest(SlidingWindow.java:278)
	at org.apache.ratis.util.SlidingWindow$Client.retry(SlidingWindow.java:294)
	at org.apache.ratis.client.impl.OrderedAsync.lambda$scheduleWithTimeout$7(OrderedAsync.java:195)
	at org.apache.ratis.util.TimeoutScheduler.lambda$onTimeout$0(TimeoutScheduler.java:85)
	at org.apache.ratis.util.TimeoutScheduler.lambda$onTimeout$1(TimeoutScheduler.java:104)
	at org.apache.ratis.util.LogUtils.runAndLog(LogUtils.java:50)
	at org.apache.ratis.util.LogUtils$1.run(LogUtils.java:91)
	at java.util.concurrent.Executors$RunnableAdapter.call(Executors.java:511)
	at java.util.concurrent.FutureTask.run(FutureTask.java:266)
	at java.util.concurrent.ScheduledThreadPoolExecutor$ScheduledFutureTask.access$201(ScheduledThreadPoolExecutor.java:180)
	at java.util.concurrent.ScheduledThreadPoolExecutor$ScheduledFutureTask.run(ScheduledThreadPoolExecutor.java:293)
	at java.util.concurrent.ThreadPoolExecutor.runWorker(ThreadPoolExecutor.java:1149)
	at java.util.concurrent.ThreadPoolExecutor$Worker.run(ThreadPoolExecutor.java:624)
	at java.lang.Thread.run(Thread.java:748)

Sep 02, 2019 2:59:09 AM org.apache.ratis.thirdparty.io.grpc.internal.ManagedChannelOrphanWrapper$ManagedChannelReference cleanQueue
SEVERE: *~*~*~ Channel ManagedChannelImpl{logId=3222, target=192.168.34.6:42208} was not shutdown properly!!! ~*~*~*
    Make sure to call shutdown()/shutdownNow() and wait until awaitTermination() returns true.
java.lang.RuntimeException: ManagedChannel allocation site
	at org.apache.ratis.thirdparty.io.grpc.internal.ManagedChannelOrphanWrapper$ManagedChannelReference.<init>(ManagedChannelOrphanWrapper.java:103)
	at org.apache.ratis.thirdparty.io.grpc.internal.ManagedChannelOrphanWrapper.<init>(ManagedChannelOrphanWrapper.java:53)
	at org.apache.ratis.thirdparty.io.grpc.internal.ManagedChannelOrphanWrapper.<init>(ManagedChannelOrphanWrapper.java:44)
	at org.apache.ratis.thirdparty.io.grpc.internal.AbstractManagedChannelImplBuilder.build(AbstractManagedChannelImplBuilder.java:411)
	at org.apache.hadoop.hdds.scm.XceiverClientGrpc.connectToDatanode(XceiverClientGrpc.java:175)
	at org.apache.hadoop.hdds.scm.XceiverClientGrpc.reconnect(XceiverClientGrpc.java:423)
	at org.apache.hadoop.hdds.scm.XceiverClientGrpc.sendCommandAsync(XceiverClientGrpc.java:372)
	at org.apache.hadoop.hdds.scm.XceiverClientGrpc.sendCommandWithRetry(XceiverClientGrpc.java:285)
	at org.apache.hadoop.hdds.scm.XceiverClientGrpc.sendCommandWithTraceIDAndRetry(XceiverClientGrpc.java:251)
	at org.apache.hadoop.hdds.scm.XceiverClientGrpc.sendCommand(XceiverClientGrpc.java:234)
	at org.apache.hadoop.hdds.scm.storage.ContainerProtocolCalls.readChunk(ContainerProtocolCalls.java:245)
	at org.apache.hadoop.hdds.scm.storage.ChunkInputStream.readChunk(ChunkInputStream.java:335)
	at org.apache.hadoop.hdds.scm.storage.ChunkInputStream.readChunkFromContainer(ChunkInputStream.java:307)
	at org.apache.hadoop.hdds.scm.storage.ChunkInputStream.prepareRead(ChunkInputStream.java:259)
	at org.apache.hadoop.hdds.scm.storage.ChunkInputStream.read(ChunkInputStream.java:144)
	at org.apache.hadoop.hdds.scm.storage.BlockInputStream.read(BlockInputStream.java:239)
	at org.apache.hadoop.ozone.client.io.KeyInputStream.read(KeyInputStream.java:171)
	at org.apache.hadoop.ozone.client.io.OzoneInputStream.read(OzoneInputStream.java:47)
	at java.io.InputStream.read(InputStream.java:101)
	at org.apache.hadoop.ozone.container.ContainerTestHelper.validateData(ContainerTestHelper.java:713)
	at org.apache.hadoop.ozone.client.rpc.TestBlockOutputStreamWithFailures.validateData(TestBlockOutputStreamWithFailures.java:1216)
	at org.apache.hadoop.ozone.client.rpc.TestBlockOutputStreamWithFailures.testFailureWithPrimeSizedData(TestBlockOutputStreamWithFailures.java:662)
	at sun.reflect.NativeMethodAccessorImpl.invoke0(Native Method)
	at sun.reflect.NativeMethodAccessorImpl.invoke(NativeMethodAccessorImpl.java:62)
	at sun.reflect.DelegatingMethodAccessorImpl.invoke(DelegatingMethodAccessorImpl.java:43)
	at java.lang.reflect.Method.invoke(Method.java:498)
	at org.junit.runners.model.FrameworkMethod$1.runReflectiveCall(FrameworkMethod.java:47)
	at org.junit.internal.runners.model.ReflectiveCallable.run(ReflectiveCallable.java:12)
	at org.junit.runners.model.FrameworkMethod.invokeExplosively(FrameworkMethod.java:44)
	at org.junit.internal.runners.statements.InvokeMethod.evaluate(InvokeMethod.java:17)
	at org.junit.internal.runners.statements.RunBefores.evaluate(RunBefores.java:26)
	at org.junit.internal.runners.statements.RunAfters.evaluate(RunAfters.java:27)
	at org.junit.runners.ParentRunner.runLeaf(ParentRunner.java:271)
	at org.junit.runners.BlockJUnit4ClassRunner.runChild(BlockJUnit4ClassRunner.java:70)
	at org.junit.runners.BlockJUnit4ClassRunner.runChild(BlockJUnit4ClassRunner.java:50)
	at org.junit.runners.ParentRunner$3.run(ParentRunner.java:238)
	at org.junit.runners.ParentRunner$1.schedule(ParentRunner.java:63)
	at org.junit.runners.ParentRunner.runChildren(ParentRunner.java:236)
	at org.junit.runners.ParentRunner.access$000(ParentRunner.java:53)
	at org.junit.runners.ParentRunner$2.evaluate(ParentRunner.java:229)
	at org.junit.runners.ParentRunner.run(ParentRunner.java:309)
	at org.apache.maven.surefire.junit4.JUnit4Provider.execute(JUnit4Provider.java:365)
	at org.apache.maven.surefire.junit4.JUnit4Provider.executeWithRerun(JUnit4Provider.java:273)
	at org.apache.maven.surefire.junit4.JUnit4Provider.executeTestSet(JUnit4Provider.java:238)
	at org.apache.maven.surefire.junit4.JUnit4Provider.invoke(JUnit4Provider.java:159)
	at org.apache.maven.surefire.booter.ForkedBooter.invokeProviderInSameClassLoader(ForkedBooter.java:384)
	at org.apache.maven.surefire.booter.ForkedBooter.runSuitesInProcess(ForkedBooter.java:345)
	at org.apache.maven.surefire.booter.ForkedBooter.execute(ForkedBooter.java:126)
	at org.apache.maven.surefire.booter.ForkedBooter.main(ForkedBooter.java:418)

Sep 02, 2019 2:59:09 AM org.apache.ratis.thirdparty.io.grpc.internal.ManagedChannelOrphanWrapper$ManagedChannelReference cleanQueue
SEVERE: *~*~*~ Channel ManagedChannelImpl{logId=3212, target=192.168.34.6:35029} was not shutdown properly!!! ~*~*~*
    Make sure to call shutdown()/shutdownNow() and wait until awaitTermination() returns true.
java.lang.RuntimeException: ManagedChannel allocation site
	at org.apache.ratis.thirdparty.io.grpc.internal.ManagedChannelOrphanWrapper$ManagedChannelReference.<init>(ManagedChannelOrphanWrapper.java:103)
	at org.apache.ratis.thirdparty.io.grpc.internal.ManagedChannelOrphanWrapper.<init>(ManagedChannelOrphanWrapper.java:53)
	at org.apache.ratis.thirdparty.io.grpc.internal.ManagedChannelOrphanWrapper.<init>(ManagedChannelOrphanWrapper.java:44)
	at org.apache.ratis.thirdparty.io.grpc.internal.AbstractManagedChannelImplBuilder.build(AbstractManagedChannelImplBuilder.java:411)
	at org.apache.hadoop.hdds.scm.XceiverClientGrpc.connectToDatanode(XceiverClientGrpc.java:175)
	at org.apache.hadoop.hdds.scm.XceiverClientGrpc.reconnect(XceiverClientGrpc.java:423)
	at org.apache.hadoop.hdds.scm.XceiverClientGrpc.sendCommandAsync(XceiverClientGrpc.java:372)
	at org.apache.hadoop.hdds.scm.XceiverClientGrpc.sendCommandWithRetry(XceiverClientGrpc.java:285)
	at org.apache.hadoop.hdds.scm.XceiverClientGrpc.sendCommandWithTraceIDAndRetry(XceiverClientGrpc.java:251)
	at org.apache.hadoop.hdds.scm.XceiverClientGrpc.sendCommand(XceiverClientGrpc.java:234)
	at org.apache.hadoop.hdds.scm.storage.ContainerProtocolCalls.readChunk(ContainerProtocolCalls.java:245)
	at org.apache.hadoop.hdds.scm.storage.ChunkInputStream.readChunk(ChunkInputStream.java:335)
	at org.apache.hadoop.hdds.scm.storage.ChunkInputStream.readChunkFromContainer(ChunkInputStream.java:307)
	at org.apache.hadoop.hdds.scm.storage.ChunkInputStream.prepareRead(ChunkInputStream.java:259)
	at org.apache.hadoop.hdds.scm.storage.ChunkInputStream.read(ChunkInputStream.java:144)
	at org.apache.hadoop.hdds.scm.storage.BlockInputStream.read(BlockInputStream.java:239)
	at org.apache.hadoop.ozone.client.io.KeyInputStream.read(KeyInputStream.java:171)
	at org.apache.hadoop.ozone.client.io.OzoneInputStream.read(OzoneInputStream.java:47)
	at java.io.InputStream.read(InputStream.java:101)
	at org.apache.hadoop.ozone.container.ContainerTestHelper.validateData(ContainerTestHelper.java:713)
	at org.apache.hadoop.ozone.client.rpc.TestBlockOutputStreamWithFailures.validateData(TestBlockOutputStreamWithFailures.java:1216)
	at org.apache.hadoop.ozone.client.rpc.TestBlockOutputStreamWithFailures.testFailureWithPrimeSizedData(TestBlockOutputStreamWithFailures.java:662)
	at sun.reflect.NativeMethodAccessorImpl.invoke0(Native Method)
	at sun.reflect.NativeMethodAccessorImpl.invoke(NativeMethodAccessorImpl.java:62)
	at sun.reflect.DelegatingMethodAccessorImpl.invoke(DelegatingMethodAccessorImpl.java:43)
	at java.lang.reflect.Method.invoke(Method.java:498)
	at org.junit.runners.model.FrameworkMethod$1.runReflectiveCall(FrameworkMethod.java:47)
	at org.junit.internal.runners.model.ReflectiveCallable.run(ReflectiveCallable.java:12)
	at org.junit.runners.model.FrameworkMethod.invokeExplosively(FrameworkMethod.java:44)
	at org.junit.internal.runners.statements.InvokeMethod.evaluate(InvokeMethod.java:17)
	at org.junit.internal.runners.statements.RunBefores.evaluate(RunBefores.java:26)
	at org.junit.internal.runners.statements.RunAfters.evaluate(RunAfters.java:27)
	at org.junit.runners.ParentRunner.runLeaf(ParentRunner.java:271)
	at org.junit.runners.BlockJUnit4ClassRunner.runChild(BlockJUnit4ClassRunner.java:70)
	at org.junit.runners.BlockJUnit4ClassRunner.runChild(BlockJUnit4ClassRunner.java:50)
	at org.junit.runners.ParentRunner$3.run(ParentRunner.java:238)
	at org.junit.runners.ParentRunner$1.schedule(ParentRunner.java:63)
	at org.junit.runners.ParentRunner.runChildren(ParentRunner.java:236)
	at org.junit.runners.ParentRunner.access$000(ParentRunner.java:53)
	at org.junit.runners.ParentRunner$2.evaluate(ParentRunner.java:229)
	at org.junit.runners.ParentRunner.run(ParentRunner.java:309)
	at org.apache.maven.surefire.junit4.JUnit4Provider.execute(JUnit4Provider.java:365)
	at org.apache.maven.surefire.junit4.JUnit4Provider.executeWithRerun(JUnit4Provider.java:273)
	at org.apache.maven.surefire.junit4.JUnit4Provider.executeTestSet(JUnit4Provider.java:238)
	at org.apache.maven.surefire.junit4.JUnit4Provider.invoke(JUnit4Provider.java:159)
	at org.apache.maven.surefire.booter.ForkedBooter.invokeProviderInSameClassLoader(ForkedBooter.java:384)
	at org.apache.maven.surefire.booter.ForkedBooter.runSuitesInProcess(ForkedBooter.java:345)
	at org.apache.maven.surefire.booter.ForkedBooter.execute(ForkedBooter.java:126)
	at org.apache.maven.surefire.booter.ForkedBooter.main(ForkedBooter.java:418)

]]></system-err>
  </testcase>
  <testcase name="testExceptionDuringClose" classname="org.apache.hadoop.ozone.client.rpc.TestBlockOutputStreamWithFailures" time="35.416"/>
</testsuite>