<?xml version="1.0" encoding="UTF-8"?>
<testsuite xmlns:xsi="http://www.w3.org/2001/XMLSchema-instance" xsi:noNamespaceSchemaLocation="https://maven.apache.org/surefire/maven-surefire-plugin/xsd/surefire-test-report.xsd" name="org.apache.hadoop.hdds.scm.pipeline.TestNode2PipelineMap" time="50.107" tests="1" errors="1" skipped="0" failures="0">
  <properties>
    <property name="awt.toolkit" value="sun.awt.X11.XToolkit"/>
    <property name="file.encoding.pkg" value="sun.io"/>
    <property name="java.specification.version" value="1.8"/>
    <property name="sun.cpu.isalist" value=""/>
    <property name="sun.jnu.encoding" value="UTF-8"/>
    <property name="java.class.path" value="/workdir/hadoop-ozone/integration-test/target/test-classes:/workdir/hadoop-ozone/integration-test/target/classes:/home/user/.m2/repository/org/apache/hadoop/hadoop-ozone-common/0.5.0-SNAPSHOT/hadoop-ozone-common-0.5.0-SNAPSHOT.jar:/home/user/.m2/repository/org/apache/commons/commons-compress/1.4.1/commons-compress-1.4.1.jar:/home/user/.m2/repository/org/tukaani/xz/1.0/xz-1.0.jar:/home/user/.m2/repository/org/apache/hadoop/hadoop-common/3.2.0/hadoop-common-3.2.0.jar:/home/user/.m2/repository/org/apache/hadoop/hadoop-hdfs/3.2.0/hadoop-hdfs-3.2.0.jar:/home/user/.m2/repository/org/apache/hadoop/hadoop-hdfs-client/3.2.0/hadoop-hdfs-client-3.2.0.jar:/home/user/.m2/repository/com/fasterxml/jackson/core/jackson-annotations/2.9.9/jackson-annotations-2.9.9.jar:/home/user/.m2/repository/org/apache/hadoop/hadoop-hdds-common/0.5.0-SNAPSHOT/hadoop-hdds-common-0.5.0-SNAPSHOT.jar:/home/user/.m2/repository/javax/annotation/javax.annotation-api/1.2/javax.annotation-api-1.2.jar:/home/user/.m2/repository/org/apache/ratis/ratis-server/0.4.0/ratis-server-0.4.0.jar:/home/user/.m2/repository/org/apache/ratis/ratis-thirdparty-misc/0.2.0/ratis-thirdparty-misc-0.2.0.jar:/home/user/.m2/repository/org/apache/ratis/ratis-proto/0.4.0/ratis-proto-0.4.0.jar:/home/user/.m2/repository/org/apache/ratis/ratis-common/0.4.0/ratis-common-0.4.0.jar:/home/user/.m2/repository/org/apache/ratis/ratis-client/0.4.0/ratis-client-0.4.0.jar:/home/user/.m2/repository/org/apache/ratis/ratis-metrics/0.4.0/ratis-metrics-0.4.0.jar:/home/user/.m2/repository/com/github/joshelser/dropwizard-metrics-hadoop-metrics2-reporter/0.1.2/dropwizard-metrics-hadoop-metrics2-reporter-0.1.2.jar:/home/user/.m2/repository/io/dropwizard/metrics/metrics-jvm/3.2.5/metrics-jvm-3.2.5.jar:/home/user/.m2/repository/io/dropwizard/metrics/metrics-ganglia/3.2.5/metrics-ganglia-3.2.5.jar:/home/user/.m2/repository/info/ganglia/gmetric4j/gmetric4j/1.0.7/gmetric4j-1.0.7.jar:/home/user/.m2/repository/org/apache/ratis/ratis-netty/0.4.0/ratis-netty-0.4.0.jar:/home/user/.m2/repository/org/apache/ratis/ratis-grpc/0.4.0/ratis-grpc-0.4.0.jar:/home/user/.m2/repository/org/rocksdb/rocksdbjni/6.0.1/rocksdbjni-6.0.1.jar:/home/user/.m2/repository/org/apache/logging/log4j/log4j-api/2.11.0/log4j-api-2.11.0.jar:/home/user/.m2/repository/org/apache/logging/log4j/log4j-core/2.11.0/log4j-core-2.11.0.jar:/home/user/.m2/repository/com/lmax/disruptor/3.4.2/disruptor-3.4.2.jar:/home/user/.m2/repository/org/apache/commons/commons-pool2/2.6.0/commons-pool2-2.6.0.jar:/home/user/.m2/repository/org/bouncycastle/bcpkix-jdk15on/1.60/bcpkix-jdk15on-1.60.jar:/home/user/.m2/repository/commons-validator/commons-validator/1.6/commons-validator-1.6.jar:/home/user/.m2/repository/commons-digester/commons-digester/1.8.1/commons-digester-1.8.1.jar:/home/user/.m2/repository/io/jaegertracing/jaeger-client/0.33.1/jaeger-client-0.33.1.jar:/home/user/.m2/repository/io/jaegertracing/jaeger-thrift/0.33.1/jaeger-thrift-0.33.1.jar:/home/user/.m2/repository/org/apache/thrift/libthrift/0.11.0/libthrift-0.11.0.jar:/home/user/.m2/repository/com/squareup/okhttp3/okhttp/3.9.0/okhttp-3.9.0.jar:/home/user/.m2/repository/com/squareup/okio/okio/1.13.0/okio-1.13.0.jar:/home/user/.m2/repository/io/jaegertracing/jaeger-core/0.33.1/jaeger-core-0.33.1.jar:/home/user/.m2/repository/io/jaegertracing/jaeger-tracerresolver/0.33.1/jaeger-tracerresolver-0.33.1.jar:/home/user/.m2/repository/io/opentracing/contrib/opentracing-tracerresolver/0.1.5/opentracing-tracerresolver-0.1.5.jar:/home/user/.m2/repository/io/opentracing/opentracing-util/0.31.0/opentracing-util-0.31.0.jar:/home/user/.m2/repository/io/opentracing/opentracing-api/0.31.0/opentracing-api-0.31.0.jar:/home/user/.m2/repository/io/opentracing/opentracing-noop/0.31.0/opentracing-noop-0.31.0.jar:/home/user/.m2/repository/org/apache/hadoop/hadoop-hdds-server-framework/0.5.0-SNAPSHOT/hadoop-hdds-server-framework-0.5.0-SNAPSHOT.jar:/home/user/.m2/repository/org/apache/hadoop/hadoop-hdds-container-service/0.5.0-SNAPSHOT/hadoop-hdds-container-service-0.5.0-SNAPSHOT.jar:/home/user/.m2/repository/org/apache/hadoop/hadoop-hdds-client/0.5.0-SNAPSHOT/hadoop-hdds-client-0.5.0-SNAPSHOT.jar:/home/user/.m2/repository/org/apache/hadoop/hadoop-hdds-tools/0.5.0-SNAPSHOT/hadoop-hdds-tools-0.5.0-SNAPSHOT.jar:/home/user/.m2/repository/org/apache/hadoop/hadoop-hdds-server-scm/0.5.0-SNAPSHOT/hadoop-hdds-server-scm-0.5.0-SNAPSHOT.jar:/home/user/.m2/repository/org/apache/hadoop/hadoop-hdds-docs/0.5.0-SNAPSHOT/hadoop-hdds-docs-0.5.0-SNAPSHOT.jar:/home/user/.m2/repository/io/dropwizard/metrics/metrics-core/3.2.4/metrics-core-3.2.4.jar:/home/user/.m2/repository/org/hamcrest/hamcrest-all/1.3/hamcrest-all-1.3.jar:/home/user/.m2/repository/org/bouncycastle/bcprov-jdk15on/1.60/bcprov-jdk15on-1.60.jar:/home/user/.m2/repository/info/picocli/picocli/3.9.6/picocli-3.9.6.jar:/home/user/.m2/repository/com/google/protobuf/protobuf-java/2.5.0/protobuf-java-2.5.0.jar:/home/user/.m2/repository/com/google/guava/guava/11.0.2/guava-11.0.2.jar:/home/user/.m2/repository/org/apache/hadoop/hadoop-ozone-ozone-manager/0.5.0-SNAPSHOT/hadoop-ozone-ozone-manager-0.5.0-SNAPSHOT.jar:/home/user/.m2/repository/org/apache/hadoop/hadoop-minikdc/3.2.0/hadoop-minikdc-3.2.0.jar:/home/user/.m2/repository/commons-io/commons-io/2.5/commons-io-2.5.jar:/home/user/.m2/repository/org/apache/kerby/kerb-simplekdc/1.0.1/kerb-simplekdc-1.0.1.jar:/home/user/.m2/repository/org/apache/kerby/kerb-client/1.0.1/kerb-client-1.0.1.jar:/home/user/.m2/repository/org/apache/kerby/kerby-config/1.0.1/kerby-config-1.0.1.jar:/home/user/.m2/repository/org/apache/kerby/kerb-core/1.0.1/kerb-core-1.0.1.jar:/home/user/.m2/repository/org/apache/kerby/kerby-pkix/1.0.1/kerby-pkix-1.0.1.jar:/home/user/.m2/repository/org/apache/kerby/kerby-asn1/1.0.1/kerby-asn1-1.0.1.jar:/home/user/.m2/repository/org/apache/kerby/kerby-util/1.0.1/kerby-util-1.0.1.jar:/home/user/.m2/repository/org/apache/kerby/kerb-common/1.0.1/kerb-common-1.0.1.jar:/home/user/.m2/repository/org/apache/kerby/kerb-crypto/1.0.1/kerb-crypto-1.0.1.jar:/home/user/.m2/repository/org/apache/kerby/kerb-util/1.0.1/kerb-util-1.0.1.jar:/home/user/.m2/repository/org/apache/kerby/token-provider/1.0.1/token-provider-1.0.1.jar:/home/user/.m2/repository/org/apache/kerby/kerb-admin/1.0.1/kerb-admin-1.0.1.jar:/home/user/.m2/repository/org/apache/kerby/kerb-server/1.0.1/kerb-server-1.0.1.jar:/home/user/.m2/repository/org/apache/kerby/kerb-identity/1.0.1/kerb-identity-1.0.1.jar:/home/user/.m2/repository/org/apache/kerby/kerby-xdr/1.0.1/kerby-xdr-1.0.1.jar:/home/user/.m2/repository/org/slf4j/slf4j-log4j12/1.7.25/slf4j-log4j12-1.7.25.jar:/home/user/.m2/repository/org/apache/hadoop/hadoop-ozone-s3gateway/0.5.0-SNAPSHOT/hadoop-ozone-s3gateway-0.5.0-SNAPSHOT.jar:/home/user/.m2/repository/org/jboss/weld/servlet/weld-servlet/2.4.7.Final/weld-servlet-2.4.7.Final.jar:/home/user/.m2/repository/org/glassfish/jersey/containers/jersey-container-servlet-core/2.27/jersey-container-servlet-core-2.27.jar:/home/user/.m2/repository/org/glassfish/hk2/external/javax.inject/2.5.0-b42/javax.inject-2.5.0-b42.jar:/home/user/.m2/repository/org/glassfish/jersey/core/jersey-common/2.27/jersey-common-2.27.jar:/home/user/.m2/repository/org/glassfish/hk2/osgi-resource-locator/1.0.1/osgi-resource-locator-1.0.1.jar:/home/user/.m2/repository/javax/ws/rs/javax.ws.rs-api/2.1/javax.ws.rs-api-2.1.jar:/home/user/.m2/repository/org/glassfish/jersey/ext/cdi/jersey-cdi1x/2.27/jersey-cdi1x-2.27.jar:/home/user/.m2/repository/org/glassfish/jersey/inject/jersey-hk2/2.27/jersey-hk2-2.27.jar:/home/user/.m2/repository/org/glassfish/hk2/hk2-locator/2.5.0-b42/hk2-locator-2.5.0-b42.jar:/home/user/.m2/repository/org/javassist/javassist/3.22.0-CR2/javassist-3.22.0-CR2.jar:/home/user/.m2/repository/org/glassfish/hk2/hk2-api/2.5.0/hk2-api-2.5.0.jar:/home/user/.m2/repository/org/glassfish/hk2/external/jakarta.inject/2.5.0/jakarta.inject-2.5.0.jar:/home/user/.m2/repository/org/glassfish/hk2/hk2-utils/2.5.0/hk2-utils-2.5.0.jar:/home/user/.m2/repository/jakarta/annotation/jakarta.annotation-api/1.3.4/jakarta.annotation-api-1.3.4.jar:/home/user/.m2/repository/org/glassfish/hk2/external/aopalliance-repackaged/2.5.0/aopalliance-repackaged-2.5.0.jar:/home/user/.m2/repository/com/fasterxml/jackson/dataformat/jackson-dataformat-xml/2.9.0/jackson-dataformat-xml-2.9.0.jar:/home/user/.m2/repository/com/fasterxml/jackson/core/jackson-core/2.9.9/jackson-core-2.9.9.jar:/home/user/.m2/repository/com/fasterxml/jackson/module/jackson-module-jaxb-annotations/2.9.9/jackson-module-jaxb-annotations-2.9.9.jar:/home/user/.m2/repository/javax/enterprise/cdi-api/1.2/cdi-api-1.2.jar:/home/user/.m2/repository/javax/el/javax.el-api/3.0.0/javax.el-api-3.0.0.jar:/home/user/.m2/repository/javax/interceptor/javax.interceptor-api/1.2/javax.interceptor-api-1.2.jar:/home/user/.m2/repository/javax/inject/javax.inject/1/javax.inject-1.jar:/home/user/.m2/repository/com/sun/xml/bind/jaxb-impl/2.3.0.1/jaxb-impl-2.3.0.1.jar:/home/user/.m2/repository/com/sun/xml/bind/jaxb-core/2.3.0.1/jaxb-core-2.3.0.1.jar:/home/user/.m2/repository/javax/xml/bind/jaxb-api/2.3.0/jaxb-api-2.3.0.jar:/home/user/.m2/repository/javax/activation/activation/1.1.1/activation-1.1.1.jar:/home/user/.m2/repository/org/apache/hadoop/hadoop-ozone-csi/0.5.0-SNAPSHOT/hadoop-ozone-csi-0.5.0-SNAPSHOT.jar:/home/user/.m2/repository/com/google/protobuf/protobuf-java-util/3.5.1/protobuf-java-util-3.5.1.jar:/home/user/.m2/repository/org/apache/hadoop/hadoop-hdds-config/0.5.0-SNAPSHOT/hadoop-hdds-config-0.5.0-SNAPSHOT.jar:/home/user/.m2/repository/io/grpc/grpc-netty/1.17.1/grpc-netty-1.17.1.jar:/home/user/.m2/repository/io/grpc/grpc-core/1.17.1/grpc-core-1.17.1.jar:/home/user/.m2/repository/io/grpc/grpc-context/1.17.1/grpc-context-1.17.1.jar:/home/user/.m2/repository/com/google/errorprone/error_prone_annotations/2.2.0/error_prone_annotations-2.2.0.jar:/home/user/.m2/repository/org/codehaus/mojo/animal-sniffer-annotations/1.17/animal-sniffer-annotations-1.17.jar:/home/user/.m2/repository/io/opencensus/opencensus-api/0.17.0/opencensus-api-0.17.0.jar:/home/user/.m2/repository/io/opencensus/opencensus-contrib-grpc-metrics/0.17.0/opencensus-contrib-grpc-metrics-0.17.0.jar:/home/user/.m2/repository/io/netty/netty-codec-http2/4.1.30.Final/netty-codec-http2-4.1.30.Final.jar:/home/user/.m2/repository/io/netty/netty-codec-http/4.1.30.Final/netty-codec-http-4.1.30.Final.jar:/home/user/.m2/repository/io/netty/netty-codec/4.1.30.Final/netty-codec-4.1.30.Final.jar:/home/user/.m2/repository/io/netty/netty-handler/4.1.30.Final/netty-handler-4.1.30.Final.jar:/home/user/.m2/repository/io/netty/netty-handler-proxy/4.1.30.Final/netty-handler-proxy-4.1.30.Final.jar:/home/user/.m2/repository/io/netty/netty-codec-socks/4.1.30.Final/netty-codec-socks-4.1.30.Final.jar:/home/user/.m2/repository/io/netty/netty-transport-native-epoll/4.1.30.Final/netty-transport-native-epoll-4.1.30.Final.jar:/home/user/.m2/repository/io/netty/netty-common/4.1.30.Final/netty-common-4.1.30.Final.jar:/home/user/.m2/repository/io/netty/netty-buffer/4.1.30.Final/netty-buffer-4.1.30.Final.jar:/home/user/.m2/repository/io/netty/netty-transport/4.1.30.Final/netty-transport-4.1.30.Final.jar:/home/user/.m2/repository/io/netty/netty-resolver/4.1.30.Final/netty-resolver-4.1.30.Final.jar:/home/user/.m2/repository/io/netty/netty-transport-native-unix-common/4.1.30.Final/netty-transport-native-unix-common-4.1.30.Final.jar:/home/user/.m2/repository/io/grpc/grpc-protobuf/1.17.1/grpc-protobuf-1.17.1.jar:/home/user/.m2/repository/com/google/api/grpc/proto-google-common-protos/1.0.0/proto-google-common-protos-1.0.0.jar:/home/user/.m2/repository/io/grpc/grpc-protobuf-lite/1.17.1/grpc-protobuf-lite-1.17.1.jar:/home/user/.m2/repository/io/grpc/grpc-stub/1.17.1/grpc-stub-1.17.1.jar:/home/user/.m2/repository/org/apache/hadoop/hadoop-ozone-recon/0.5.0-SNAPSHOT/hadoop-ozone-recon-0.5.0-SNAPSHOT.jar:/home/user/.m2/repository/org/apache/hadoop/hadoop-ozone-reconcodegen/0.5.0-SNAPSHOT/hadoop-ozone-reconcodegen-0.5.0-SNAPSHOT.jar:/home/user/.m2/repository/com/google/inject/extensions/guice-multibindings/4.0/guice-multibindings-4.0.jar:/home/user/.m2/repository/com/google/inject/guice/4.0/guice-4.0.jar:/home/user/.m2/repository/aopalliance/aopalliance/1.0/aopalliance-1.0.jar:/home/user/.m2/repository/com/google/inject/extensions/guice-servlet/4.0/guice-servlet-4.0.jar:/home/user/.m2/repository/org/glassfish/jersey/containers/jersey-container-servlet/2.27/jersey-container-servlet-2.27.jar:/home/user/.m2/repository/org/glassfish/hk2/guice-bridge/2.5.0/guice-bridge-2.5.0.jar:/home/user/.m2/repository/org/glassfish/jersey/core/jersey-server/2.27/jersey-server-2.27.jar:/home/user/.m2/repository/org/glassfish/jersey/core/jersey-client/2.27/jersey-client-2.27.jar:/home/user/.m2/repository/org/glassfish/jersey/media/jersey-media-jaxb/2.27/jersey-media-jaxb-2.27.jar:/home/user/.m2/repository/javax/validation/validation-api/1.1.0.Final/validation-api-1.1.0.Final.jar:/home/user/.m2/repository/org/glassfish/jersey/media/jersey-media-json-jackson/2.27/jersey-media-json-jackson-2.27.jar:/home/user/.m2/repository/org/glassfish/jersey/ext/jersey-entity-filtering/2.27/jersey-entity-filtering-2.27.jar:/home/user/.m2/repository/com/google/inject/extensions/guice-assistedinject/4.0/guice-assistedinject-4.0.jar:/home/user/.m2/repository/org/jooq/jooq/3.11.10/jooq-3.11.10.jar:/home/user/.m2/repository/org/jooq/jooq-meta/3.11.10/jooq-meta-3.11.10.jar:/home/user/.m2/repository/org/jooq/jooq-codegen/3.11.10/jooq-codegen-3.11.10.jar:/home/user/.m2/repository/com/jolbox/bonecp/0.8.0.RELEASE/bonecp-0.8.0.RELEASE.jar:/home/user/.m2/repository/org/xerial/sqlite-jdbc/3.25.2/sqlite-jdbc-3.25.2.jar:/home/user/.m2/repository/org/springframework/spring-jdbc/5.1.3.RELEASE/spring-jdbc-5.1.3.RELEASE.jar:/home/user/.m2/repository/org/springframework/spring-beans/5.1.3.RELEASE/spring-beans-5.1.3.RELEASE.jar:/home/user/.m2/repository/org/springframework/spring-core/5.1.3.RELEASE/spring-core-5.1.3.RELEASE.jar:/home/user/.m2/repository/org/springframework/spring-jcl/5.1.3.RELEASE/spring-jcl-5.1.3.RELEASE.jar:/home/user/.m2/repository/org/springframework/spring-tx/5.1.3.RELEASE/spring-tx-5.1.3.RELEASE.jar:/home/user/.m2/repository/org/apache/hadoop/hadoop-ozone-client/0.5.0-SNAPSHOT/hadoop-ozone-client-0.5.0-SNAPSHOT.jar:/home/user/.m2/repository/commons-lang/commons-lang/2.6/commons-lang-2.6.jar:/home/user/.m2/repository/org/apache/hadoop/hadoop-ozone-ozone-manager/0.5.0-SNAPSHOT/hadoop-ozone-ozone-manager-0.5.0-SNAPSHOT-tests.jar:/home/user/.m2/repository/junit/junit/4.11/junit-4.11.jar:/home/user/.m2/repository/org/hamcrest/hamcrest-core/1.3/hamcrest-core-1.3.jar:/home/user/.m2/repository/org/openjdk/jmh/jmh-core/1.19/jmh-core-1.19.jar:/home/user/.m2/repository/net/sf/jopt-simple/jopt-simple/4.6/jopt-simple-4.6.jar:/home/user/.m2/repository/org/apache/commons/commons-math3/3.1.1/commons-math3-3.1.1.jar:/home/user/.m2/repository/org/openjdk/jmh/jmh-generator-annprocess/1.19/jmh-generator-annprocess-1.19.jar:/home/user/.m2/repository/org/mockito/mockito-all/1.8.5/mockito-all-1.8.5.jar:/home/user/.m2/repository/org/apache/hadoop/hadoop-kms/3.2.0/hadoop-kms-3.2.0.jar:/home/user/.m2/repository/org/apache/hadoop/hadoop-auth/3.2.0/hadoop-auth-3.2.0.jar:/home/user/.m2/repository/com/nimbusds/nimbus-jose-jwt/4.41.1/nimbus-jose-jwt-4.41.1.jar:/home/user/.m2/repository/com/github/stephenc/jcip/jcip-annotations/1.0-1/jcip-annotations-1.0-1.jar:/home/user/.m2/repository/net/minidev/json-smart/2.3/json-smart-2.3.jar:/home/user/.m2/repository/net/minidev/accessors-smart/1.2/accessors-smart-1.2.jar:/home/user/.m2/repository/org/ow2/asm/asm/5.0.4/asm-5.0.4.jar:/home/user/.m2/repository/org/apache/curator/curator-framework/2.12.0/curator-framework-2.12.0.jar:/home/user/.m2/repository/com/sun/jersey/jersey-core/1.19/jersey-core-1.19.jar:/home/user/.m2/repository/javax/ws/rs/jsr311-api/1.1.1/jsr311-api-1.1.1.jar:/home/user/.m2/repository/com/sun/jersey/jersey-server/1.19/jersey-server-1.19.jar:/home/user/.m2/repository/javax/servlet/javax.servlet-api/3.1.0/javax.servlet-api-3.1.0.jar:/home/user/.m2/repository/org/eclipse/jetty/jetty-server/9.3.24.v20180605/jetty-server-9.3.24.v20180605.jar:/home/user/.m2/repository/org/eclipse/jetty/jetty-http/9.3.24.v20180605/jetty-http-9.3.24.v20180605.jar:/home/user/.m2/repository/org/eclipse/jetty/jetty-io/9.3.24.v20180605/jetty-io-9.3.24.v20180605.jar:/home/user/.m2/repository/org/eclipse/jetty/jetty-webapp/9.3.24.v20180605/jetty-webapp-9.3.24.v20180605.jar:/home/user/.m2/repository/org/eclipse/jetty/jetty-xml/9.3.24.v20180605/jetty-xml-9.3.24.v20180605.jar:/home/user/.m2/repository/log4j/log4j/1.2.17/log4j-1.2.17.jar:/home/user/.m2/repository/org/slf4j/slf4j-api/1.7.25/slf4j-api-1.7.25.jar:/home/user/.m2/repository/org/slf4j/jul-to-slf4j/1.7.25/jul-to-slf4j-1.7.25.jar:/home/user/.m2/repository/org/eclipse/jetty/jetty-util/9.3.24.v20180605/jetty-util-9.3.24.v20180605.jar:/home/user/.m2/repository/com/fasterxml/jackson/core/jackson-databind/2.9.9/jackson-databind-2.9.9.jar:/home/user/.m2/repository/org/apache/hadoop/hadoop-kms/3.2.0/hadoop-kms-3.2.0-tests.jar:/home/user/.m2/repository/org/apache/hadoop/hadoop-hdds-server-scm/0.5.0-SNAPSHOT/hadoop-hdds-server-scm-0.5.0-SNAPSHOT-tests.jar:/home/user/.m2/repository/org/apache/hadoop/hadoop-hdds-container-service/0.5.0-SNAPSHOT/hadoop-hdds-container-service-0.5.0-SNAPSHOT-tests.jar:/home/user/.m2/repository/org/yaml/snakeyaml/1.16/snakeyaml-1.16.jar:/home/user/.m2/repository/org/apache/hadoop/hadoop-common/3.2.0/hadoop-common-3.2.0-tests.jar:/home/user/.m2/repository/org/apache/hadoop/hadoop-annotations/3.2.0/hadoop-annotations-3.2.0.jar:/usr/lib/jvm/java-1.8-openjdk/jre/../lib/tools.jar:/home/user/.m2/repository/commons-cli/commons-cli/1.2/commons-cli-1.2.jar:/home/user/.m2/repository/org/apache/httpcomponents/httpclient/4.5.2/httpclient-4.5.2.jar:/home/user/.m2/repository/org/apache/httpcomponents/httpcore/4.4.4/httpcore-4.4.4.jar:/home/user/.m2/repository/commons-codec/commons-codec/1.11/commons-codec-1.11.jar:/home/user/.m2/repository/commons-net/commons-net/3.6/commons-net-3.6.jar:/home/user/.m2/repository/commons-collections/commons-collections/3.2.2/commons-collections-3.2.2.jar:/home/user/.m2/repository/org/eclipse/jetty/jetty-servlet/9.3.24.v20180605/jetty-servlet-9.3.24.v20180605.jar:/home/user/.m2/repository/org/eclipse/jetty/jetty-security/9.3.24.v20180605/jetty-security-9.3.24.v20180605.jar:/home/user/.m2/repository/javax/servlet/jsp/jsp-api/2.1/jsp-api-2.1.jar:/home/user/.m2/repository/com/sun/jersey/jersey-servlet/1.19/jersey-servlet-1.19.jar:/home/user/.m2/repository/com/sun/jersey/jersey-json/1.19/jersey-json-1.19.jar:/home/user/.m2/repository/org/codehaus/jettison/jettison/1.1/jettison-1.1.jar:/home/user/.m2/repository/org/codehaus/jackson/jackson-core-asl/1.9.13/jackson-core-asl-1.9.13.jar:/home/user/.m2/repository/org/codehaus/jackson/jackson-mapper-asl/1.9.13/jackson-mapper-asl-1.9.13.jar:/home/user/.m2/repository/org/codehaus/jackson/jackson-jaxrs/1.9.13/jackson-jaxrs-1.9.13.jar:/home/user/.m2/repository/org/codehaus/jackson/jackson-xc/1.9.13/jackson-xc-1.9.13.jar:/home/user/.m2/repository/commons-logging/commons-logging/1.1.3/commons-logging-1.1.3.jar:/home/user/.m2/repository/commons-beanutils/commons-beanutils/1.9.4/commons-beanutils-1.9.4.jar:/home/user/.m2/repository/org/apache/commons/commons-configuration2/2.1.1/commons-configuration2-2.1.1.jar:/home/user/.m2/repository/org/apache/commons/commons-lang3/3.7/commons-lang3-3.7.jar:/home/user/.m2/repository/org/apache/commons/commons-text/1.4/commons-text-1.4.jar:/home/user/.m2/repository/org/apache/avro/avro/1.7.7/avro-1.7.7.jar:/home/user/.m2/repository/com/thoughtworks/paranamer/paranamer/2.3/paranamer-2.3.jar:/home/user/.m2/repository/org/xerial/snappy/snappy-java/1.0.5/snappy-java-1.0.5.jar:/home/user/.m2/repository/com/google/re2j/re2j/1.1/re2j-1.1.jar:/home/user/.m2/repository/com/google/code/gson/gson/2.2.4/gson-2.2.4.jar:/home/user/.m2/repository/com/jcraft/jsch/0.1.54/jsch-0.1.54.jar:/home/user/.m2/repository/org/apache/curator/curator-client/2.12.0/curator-client-2.12.0.jar:/home/user/.m2/repository/org/apache/curator/curator-recipes/2.12.0/curator-recipes-2.12.0.jar:/home/user/.m2/repository/com/google/code/findbugs/jsr305/3.0.0/jsr305-3.0.0.jar:/home/user/.m2/repository/org/apache/htrace/htrace-core4/4.1.0-incubating/htrace-core4-4.1.0-incubating.jar:/home/user/.m2/repository/org/apache/zookeeper/zookeeper/3.4.13/zookeeper-3.4.13.jar:/home/user/.m2/repository/org/apache/yetus/audience-annotations/0.5.0/audience-annotations-0.5.0.jar:/home/user/.m2/repository/org/codehaus/woodstox/stax2-api/3.1.4/stax2-api-3.1.4.jar:/home/user/.m2/repository/com/fasterxml/woodstox/woodstox-core/5.0.3/woodstox-core-5.0.3.jar:/home/user/.m2/repository/dnsjava/dnsjava/2.1.7/dnsjava-2.1.7.jar:/home/user/.m2/repository/org/apache/hadoop/hadoop-hdfs/3.2.0/hadoop-hdfs-3.2.0-tests.jar:/home/user/.m2/repository/org/eclipse/jetty/jetty-util-ajax/9.3.24.v20180605/jetty-util-ajax-9.3.24.v20180605.jar:/home/user/.m2/repository/commons-daemon/commons-daemon/1.0.13/commons-daemon-1.0.13.jar:/home/user/.m2/repository/io/netty/netty/3.10.5.Final/netty-3.10.5.Final.jar:/home/user/.m2/repository/io/netty/netty-all/4.0.52.Final/netty-all-4.0.52.Final.jar:/home/user/.m2/repository/org/fusesource/leveldbjni/leveldbjni-all/1.8/leveldbjni-all-1.8.jar:"/>
    <property name="java.vm.vendor" value="IcedTea"/>
    <property name="sun.arch.data.model" value="64"/>
    <property name="test.build.dir" value="/workdir/hadoop-ozone/integration-test/target/test-dir"/>
    <property name="test.cache.data" value=""/>
    <property name="java.vendor.url" value="https://icedtea.classpath.org"/>
    <property name="user.timezone" value=""/>
    <property name="java.vm.specification.version" value="1.8"/>
    <property name="os.name" value="Linux"/>
    <property name="test.build.data" value="/workdir/hadoop-ozone/integration-test/target/test-dir"/>
    <property name="user.country" value="US"/>
    <property name="sun.java.launcher" value="SUN_STANDARD"/>
    <property name="sun.boot.library.path" value="/usr/lib/jvm/java-1.8-openjdk/jre/lib/amd64"/>
    <property name="sun.java.command" value="/workdir/hadoop-ozone/integration-test/target/surefire/surefirebooter8384832834427012761.jar /workdir/hadoop-ozone/integration-test/target/surefire 2019-09-21T02-30-15_484-jvmRun1 surefire181120848342913766tmp surefire_55023912104940904353tmp"/>
    <property name="test" value="!TestMiniChaosOzoneCluster"/>
    <property name="surefire.test.class.path" value="/workdir/hadoop-ozone/integration-test/target/test-classes:/workdir/hadoop-ozone/integration-test/target/classes:/home/user/.m2/repository/org/apache/hadoop/hadoop-ozone-common/0.5.0-SNAPSHOT/hadoop-ozone-common-0.5.0-SNAPSHOT.jar:/home/user/.m2/repository/org/apache/commons/commons-compress/1.4.1/commons-compress-1.4.1.jar:/home/user/.m2/repository/org/tukaani/xz/1.0/xz-1.0.jar:/home/user/.m2/repository/org/apache/hadoop/hadoop-common/3.2.0/hadoop-common-3.2.0.jar:/home/user/.m2/repository/org/apache/hadoop/hadoop-hdfs/3.2.0/hadoop-hdfs-3.2.0.jar:/home/user/.m2/repository/org/apache/hadoop/hadoop-hdfs-client/3.2.0/hadoop-hdfs-client-3.2.0.jar:/home/user/.m2/repository/com/fasterxml/jackson/core/jackson-annotations/2.9.9/jackson-annotations-2.9.9.jar:/home/user/.m2/repository/org/apache/hadoop/hadoop-hdds-common/0.5.0-SNAPSHOT/hadoop-hdds-common-0.5.0-SNAPSHOT.jar:/home/user/.m2/repository/javax/annotation/javax.annotation-api/1.2/javax.annotation-api-1.2.jar:/home/user/.m2/repository/org/apache/ratis/ratis-server/0.4.0/ratis-server-0.4.0.jar:/home/user/.m2/repository/org/apache/ratis/ratis-thirdparty-misc/0.2.0/ratis-thirdparty-misc-0.2.0.jar:/home/user/.m2/repository/org/apache/ratis/ratis-proto/0.4.0/ratis-proto-0.4.0.jar:/home/user/.m2/repository/org/apache/ratis/ratis-common/0.4.0/ratis-common-0.4.0.jar:/home/user/.m2/repository/org/apache/ratis/ratis-client/0.4.0/ratis-client-0.4.0.jar:/home/user/.m2/repository/org/apache/ratis/ratis-metrics/0.4.0/ratis-metrics-0.4.0.jar:/home/user/.m2/repository/com/github/joshelser/dropwizard-metrics-hadoop-metrics2-reporter/0.1.2/dropwizard-metrics-hadoop-metrics2-reporter-0.1.2.jar:/home/user/.m2/repository/io/dropwizard/metrics/metrics-jvm/3.2.5/metrics-jvm-3.2.5.jar:/home/user/.m2/repository/io/dropwizard/metrics/metrics-ganglia/3.2.5/metrics-ganglia-3.2.5.jar:/home/user/.m2/repository/info/ganglia/gmetric4j/gmetric4j/1.0.7/gmetric4j-1.0.7.jar:/home/user/.m2/repository/org/apache/ratis/ratis-netty/0.4.0/ratis-netty-0.4.0.jar:/home/user/.m2/repository/org/apache/ratis/ratis-grpc/0.4.0/ratis-grpc-0.4.0.jar:/home/user/.m2/repository/org/rocksdb/rocksdbjni/6.0.1/rocksdbjni-6.0.1.jar:/home/user/.m2/repository/org/apache/logging/log4j/log4j-api/2.11.0/log4j-api-2.11.0.jar:/home/user/.m2/repository/org/apache/logging/log4j/log4j-core/2.11.0/log4j-core-2.11.0.jar:/home/user/.m2/repository/com/lmax/disruptor/3.4.2/disruptor-3.4.2.jar:/home/user/.m2/repository/org/apache/commons/commons-pool2/2.6.0/commons-pool2-2.6.0.jar:/home/user/.m2/repository/org/bouncycastle/bcpkix-jdk15on/1.60/bcpkix-jdk15on-1.60.jar:/home/user/.m2/repository/commons-validator/commons-validator/1.6/commons-validator-1.6.jar:/home/user/.m2/repository/commons-digester/commons-digester/1.8.1/commons-digester-1.8.1.jar:/home/user/.m2/repository/io/jaegertracing/jaeger-client/0.33.1/jaeger-client-0.33.1.jar:/home/user/.m2/repository/io/jaegertracing/jaeger-thrift/0.33.1/jaeger-thrift-0.33.1.jar:/home/user/.m2/repository/org/apache/thrift/libthrift/0.11.0/libthrift-0.11.0.jar:/home/user/.m2/repository/com/squareup/okhttp3/okhttp/3.9.0/okhttp-3.9.0.jar:/home/user/.m2/repository/com/squareup/okio/okio/1.13.0/okio-1.13.0.jar:/home/user/.m2/repository/io/jaegertracing/jaeger-core/0.33.1/jaeger-core-0.33.1.jar:/home/user/.m2/repository/io/jaegertracing/jaeger-tracerresolver/0.33.1/jaeger-tracerresolver-0.33.1.jar:/home/user/.m2/repository/io/opentracing/contrib/opentracing-tracerresolver/0.1.5/opentracing-tracerresolver-0.1.5.jar:/home/user/.m2/repository/io/opentracing/opentracing-util/0.31.0/opentracing-util-0.31.0.jar:/home/user/.m2/repository/io/opentracing/opentracing-api/0.31.0/opentracing-api-0.31.0.jar:/home/user/.m2/repository/io/opentracing/opentracing-noop/0.31.0/opentracing-noop-0.31.0.jar:/home/user/.m2/repository/org/apache/hadoop/hadoop-hdds-server-framework/0.5.0-SNAPSHOT/hadoop-hdds-server-framework-0.5.0-SNAPSHOT.jar:/home/user/.m2/repository/org/apache/hadoop/hadoop-hdds-container-service/0.5.0-SNAPSHOT/hadoop-hdds-container-service-0.5.0-SNAPSHOT.jar:/home/user/.m2/repository/org/apache/hadoop/hadoop-hdds-client/0.5.0-SNAPSHOT/hadoop-hdds-client-0.5.0-SNAPSHOT.jar:/home/user/.m2/repository/org/apache/hadoop/hadoop-hdds-tools/0.5.0-SNAPSHOT/hadoop-hdds-tools-0.5.0-SNAPSHOT.jar:/home/user/.m2/repository/org/apache/hadoop/hadoop-hdds-server-scm/0.5.0-SNAPSHOT/hadoop-hdds-server-scm-0.5.0-SNAPSHOT.jar:/home/user/.m2/repository/org/apache/hadoop/hadoop-hdds-docs/0.5.0-SNAPSHOT/hadoop-hdds-docs-0.5.0-SNAPSHOT.jar:/home/user/.m2/repository/io/dropwizard/metrics/metrics-core/3.2.4/metrics-core-3.2.4.jar:/home/user/.m2/repository/org/hamcrest/hamcrest-all/1.3/hamcrest-all-1.3.jar:/home/user/.m2/repository/org/bouncycastle/bcprov-jdk15on/1.60/bcprov-jdk15on-1.60.jar:/home/user/.m2/repository/info/picocli/picocli/3.9.6/picocli-3.9.6.jar:/home/user/.m2/repository/com/google/protobuf/protobuf-java/2.5.0/protobuf-java-2.5.0.jar:/home/user/.m2/repository/com/google/guava/guava/11.0.2/guava-11.0.2.jar:/home/user/.m2/repository/org/apache/hadoop/hadoop-ozone-ozone-manager/0.5.0-SNAPSHOT/hadoop-ozone-ozone-manager-0.5.0-SNAPSHOT.jar:/home/user/.m2/repository/org/apache/hadoop/hadoop-minikdc/3.2.0/hadoop-minikdc-3.2.0.jar:/home/user/.m2/repository/commons-io/commons-io/2.5/commons-io-2.5.jar:/home/user/.m2/repository/org/apache/kerby/kerb-simplekdc/1.0.1/kerb-simplekdc-1.0.1.jar:/home/user/.m2/repository/org/apache/kerby/kerb-client/1.0.1/kerb-client-1.0.1.jar:/home/user/.m2/repository/org/apache/kerby/kerby-config/1.0.1/kerby-config-1.0.1.jar:/home/user/.m2/repository/org/apache/kerby/kerb-core/1.0.1/kerb-core-1.0.1.jar:/home/user/.m2/repository/org/apache/kerby/kerby-pkix/1.0.1/kerby-pkix-1.0.1.jar:/home/user/.m2/repository/org/apache/kerby/kerby-asn1/1.0.1/kerby-asn1-1.0.1.jar:/home/user/.m2/repository/org/apache/kerby/kerby-util/1.0.1/kerby-util-1.0.1.jar:/home/user/.m2/repository/org/apache/kerby/kerb-common/1.0.1/kerb-common-1.0.1.jar:/home/user/.m2/repository/org/apache/kerby/kerb-crypto/1.0.1/kerb-crypto-1.0.1.jar:/home/user/.m2/repository/org/apache/kerby/kerb-util/1.0.1/kerb-util-1.0.1.jar:/home/user/.m2/repository/org/apache/kerby/token-provider/1.0.1/token-provider-1.0.1.jar:/home/user/.m2/repository/org/apache/kerby/kerb-admin/1.0.1/kerb-admin-1.0.1.jar:/home/user/.m2/repository/org/apache/kerby/kerb-server/1.0.1/kerb-server-1.0.1.jar:/home/user/.m2/repository/org/apache/kerby/kerb-identity/1.0.1/kerb-identity-1.0.1.jar:/home/user/.m2/repository/org/apache/kerby/kerby-xdr/1.0.1/kerby-xdr-1.0.1.jar:/home/user/.m2/repository/org/slf4j/slf4j-log4j12/1.7.25/slf4j-log4j12-1.7.25.jar:/home/user/.m2/repository/org/apache/hadoop/hadoop-ozone-s3gateway/0.5.0-SNAPSHOT/hadoop-ozone-s3gateway-0.5.0-SNAPSHOT.jar:/home/user/.m2/repository/org/jboss/weld/servlet/weld-servlet/2.4.7.Final/weld-servlet-2.4.7.Final.jar:/home/user/.m2/repository/org/glassfish/jersey/containers/jersey-container-servlet-core/2.27/jersey-container-servlet-core-2.27.jar:/home/user/.m2/repository/org/glassfish/hk2/external/javax.inject/2.5.0-b42/javax.inject-2.5.0-b42.jar:/home/user/.m2/repository/org/glassfish/jersey/core/jersey-common/2.27/jersey-common-2.27.jar:/home/user/.m2/repository/org/glassfish/hk2/osgi-resource-locator/1.0.1/osgi-resource-locator-1.0.1.jar:/home/user/.m2/repository/javax/ws/rs/javax.ws.rs-api/2.1/javax.ws.rs-api-2.1.jar:/home/user/.m2/repository/org/glassfish/jersey/ext/cdi/jersey-cdi1x/2.27/jersey-cdi1x-2.27.jar:/home/user/.m2/repository/org/glassfish/jersey/inject/jersey-hk2/2.27/jersey-hk2-2.27.jar:/home/user/.m2/repository/org/glassfish/hk2/hk2-locator/2.5.0-b42/hk2-locator-2.5.0-b42.jar:/home/user/.m2/repository/org/javassist/javassist/3.22.0-CR2/javassist-3.22.0-CR2.jar:/home/user/.m2/repository/org/glassfish/hk2/hk2-api/2.5.0/hk2-api-2.5.0.jar:/home/user/.m2/repository/org/glassfish/hk2/external/jakarta.inject/2.5.0/jakarta.inject-2.5.0.jar:/home/user/.m2/repository/org/glassfish/hk2/hk2-utils/2.5.0/hk2-utils-2.5.0.jar:/home/user/.m2/repository/jakarta/annotation/jakarta.annotation-api/1.3.4/jakarta.annotation-api-1.3.4.jar:/home/user/.m2/repository/org/glassfish/hk2/external/aopalliance-repackaged/2.5.0/aopalliance-repackaged-2.5.0.jar:/home/user/.m2/repository/com/fasterxml/jackson/dataformat/jackson-dataformat-xml/2.9.0/jackson-dataformat-xml-2.9.0.jar:/home/user/.m2/repository/com/fasterxml/jackson/core/jackson-core/2.9.9/jackson-core-2.9.9.jar:/home/user/.m2/repository/com/fasterxml/jackson/module/jackson-module-jaxb-annotations/2.9.9/jackson-module-jaxb-annotations-2.9.9.jar:/home/user/.m2/repository/javax/enterprise/cdi-api/1.2/cdi-api-1.2.jar:/home/user/.m2/repository/javax/el/javax.el-api/3.0.0/javax.el-api-3.0.0.jar:/home/user/.m2/repository/javax/interceptor/javax.interceptor-api/1.2/javax.interceptor-api-1.2.jar:/home/user/.m2/repository/javax/inject/javax.inject/1/javax.inject-1.jar:/home/user/.m2/repository/com/sun/xml/bind/jaxb-impl/2.3.0.1/jaxb-impl-2.3.0.1.jar:/home/user/.m2/repository/com/sun/xml/bind/jaxb-core/2.3.0.1/jaxb-core-2.3.0.1.jar:/home/user/.m2/repository/javax/xml/bind/jaxb-api/2.3.0/jaxb-api-2.3.0.jar:/home/user/.m2/repository/javax/activation/activation/1.1.1/activation-1.1.1.jar:/home/user/.m2/repository/org/apache/hadoop/hadoop-ozone-csi/0.5.0-SNAPSHOT/hadoop-ozone-csi-0.5.0-SNAPSHOT.jar:/home/user/.m2/repository/com/google/protobuf/protobuf-java-util/3.5.1/protobuf-java-util-3.5.1.jar:/home/user/.m2/repository/org/apache/hadoop/hadoop-hdds-config/0.5.0-SNAPSHOT/hadoop-hdds-config-0.5.0-SNAPSHOT.jar:/home/user/.m2/repository/io/grpc/grpc-netty/1.17.1/grpc-netty-1.17.1.jar:/home/user/.m2/repository/io/grpc/grpc-core/1.17.1/grpc-core-1.17.1.jar:/home/user/.m2/repository/io/grpc/grpc-context/1.17.1/grpc-context-1.17.1.jar:/home/user/.m2/repository/com/google/errorprone/error_prone_annotations/2.2.0/error_prone_annotations-2.2.0.jar:/home/user/.m2/repository/org/codehaus/mojo/animal-sniffer-annotations/1.17/animal-sniffer-annotations-1.17.jar:/home/user/.m2/repository/io/opencensus/opencensus-api/0.17.0/opencensus-api-0.17.0.jar:/home/user/.m2/repository/io/opencensus/opencensus-contrib-grpc-metrics/0.17.0/opencensus-contrib-grpc-metrics-0.17.0.jar:/home/user/.m2/repository/io/netty/netty-codec-http2/4.1.30.Final/netty-codec-http2-4.1.30.Final.jar:/home/user/.m2/repository/io/netty/netty-codec-http/4.1.30.Final/netty-codec-http-4.1.30.Final.jar:/home/user/.m2/repository/io/netty/netty-codec/4.1.30.Final/netty-codec-4.1.30.Final.jar:/home/user/.m2/repository/io/netty/netty-handler/4.1.30.Final/netty-handler-4.1.30.Final.jar:/home/user/.m2/repository/io/netty/netty-handler-proxy/4.1.30.Final/netty-handler-proxy-4.1.30.Final.jar:/home/user/.m2/repository/io/netty/netty-codec-socks/4.1.30.Final/netty-codec-socks-4.1.30.Final.jar:/home/user/.m2/repository/io/netty/netty-transport-native-epoll/4.1.30.Final/netty-transport-native-epoll-4.1.30.Final.jar:/home/user/.m2/repository/io/netty/netty-common/4.1.30.Final/netty-common-4.1.30.Final.jar:/home/user/.m2/repository/io/netty/netty-buffer/4.1.30.Final/netty-buffer-4.1.30.Final.jar:/home/user/.m2/repository/io/netty/netty-transport/4.1.30.Final/netty-transport-4.1.30.Final.jar:/home/user/.m2/repository/io/netty/netty-resolver/4.1.30.Final/netty-resolver-4.1.30.Final.jar:/home/user/.m2/repository/io/netty/netty-transport-native-unix-common/4.1.30.Final/netty-transport-native-unix-common-4.1.30.Final.jar:/home/user/.m2/repository/io/grpc/grpc-protobuf/1.17.1/grpc-protobuf-1.17.1.jar:/home/user/.m2/repository/com/google/api/grpc/proto-google-common-protos/1.0.0/proto-google-common-protos-1.0.0.jar:/home/user/.m2/repository/io/grpc/grpc-protobuf-lite/1.17.1/grpc-protobuf-lite-1.17.1.jar:/home/user/.m2/repository/io/grpc/grpc-stub/1.17.1/grpc-stub-1.17.1.jar:/home/user/.m2/repository/org/apache/hadoop/hadoop-ozone-recon/0.5.0-SNAPSHOT/hadoop-ozone-recon-0.5.0-SNAPSHOT.jar:/home/user/.m2/repository/org/apache/hadoop/hadoop-ozone-reconcodegen/0.5.0-SNAPSHOT/hadoop-ozone-reconcodegen-0.5.0-SNAPSHOT.jar:/home/user/.m2/repository/com/google/inject/extensions/guice-multibindings/4.0/guice-multibindings-4.0.jar:/home/user/.m2/repository/com/google/inject/guice/4.0/guice-4.0.jar:/home/user/.m2/repository/aopalliance/aopalliance/1.0/aopalliance-1.0.jar:/home/user/.m2/repository/com/google/inject/extensions/guice-servlet/4.0/guice-servlet-4.0.jar:/home/user/.m2/repository/org/glassfish/jersey/containers/jersey-container-servlet/2.27/jersey-container-servlet-2.27.jar:/home/user/.m2/repository/org/glassfish/hk2/guice-bridge/2.5.0/guice-bridge-2.5.0.jar:/home/user/.m2/repository/org/glassfish/jersey/core/jersey-server/2.27/jersey-server-2.27.jar:/home/user/.m2/repository/org/glassfish/jersey/core/jersey-client/2.27/jersey-client-2.27.jar:/home/user/.m2/repository/org/glassfish/jersey/media/jersey-media-jaxb/2.27/jersey-media-jaxb-2.27.jar:/home/user/.m2/repository/javax/validation/validation-api/1.1.0.Final/validation-api-1.1.0.Final.jar:/home/user/.m2/repository/org/glassfish/jersey/media/jersey-media-json-jackson/2.27/jersey-media-json-jackson-2.27.jar:/home/user/.m2/repository/org/glassfish/jersey/ext/jersey-entity-filtering/2.27/jersey-entity-filtering-2.27.jar:/home/user/.m2/repository/com/google/inject/extensions/guice-assistedinject/4.0/guice-assistedinject-4.0.jar:/home/user/.m2/repository/org/jooq/jooq/3.11.10/jooq-3.11.10.jar:/home/user/.m2/repository/org/jooq/jooq-meta/3.11.10/jooq-meta-3.11.10.jar:/home/user/.m2/repository/org/jooq/jooq-codegen/3.11.10/jooq-codegen-3.11.10.jar:/home/user/.m2/repository/com/jolbox/bonecp/0.8.0.RELEASE/bonecp-0.8.0.RELEASE.jar:/home/user/.m2/repository/org/xerial/sqlite-jdbc/3.25.2/sqlite-jdbc-3.25.2.jar:/home/user/.m2/repository/org/springframework/spring-jdbc/5.1.3.RELEASE/spring-jdbc-5.1.3.RELEASE.jar:/home/user/.m2/repository/org/springframework/spring-beans/5.1.3.RELEASE/spring-beans-5.1.3.RELEASE.jar:/home/user/.m2/repository/org/springframework/spring-core/5.1.3.RELEASE/spring-core-5.1.3.RELEASE.jar:/home/user/.m2/repository/org/springframework/spring-jcl/5.1.3.RELEASE/spring-jcl-5.1.3.RELEASE.jar:/home/user/.m2/repository/org/springframework/spring-tx/5.1.3.RELEASE/spring-tx-5.1.3.RELEASE.jar:/home/user/.m2/repository/org/apache/hadoop/hadoop-ozone-client/0.5.0-SNAPSHOT/hadoop-ozone-client-0.5.0-SNAPSHOT.jar:/home/user/.m2/repository/commons-lang/commons-lang/2.6/commons-lang-2.6.jar:/home/user/.m2/repository/org/apache/hadoop/hadoop-ozone-ozone-manager/0.5.0-SNAPSHOT/hadoop-ozone-ozone-manager-0.5.0-SNAPSHOT-tests.jar:/home/user/.m2/repository/junit/junit/4.11/junit-4.11.jar:/home/user/.m2/repository/org/hamcrest/hamcrest-core/1.3/hamcrest-core-1.3.jar:/home/user/.m2/repository/org/openjdk/jmh/jmh-core/1.19/jmh-core-1.19.jar:/home/user/.m2/repository/net/sf/jopt-simple/jopt-simple/4.6/jopt-simple-4.6.jar:/home/user/.m2/repository/org/apache/commons/commons-math3/3.1.1/commons-math3-3.1.1.jar:/home/user/.m2/repository/org/openjdk/jmh/jmh-generator-annprocess/1.19/jmh-generator-annprocess-1.19.jar:/home/user/.m2/repository/org/mockito/mockito-all/1.8.5/mockito-all-1.8.5.jar:/home/user/.m2/repository/org/apache/hadoop/hadoop-kms/3.2.0/hadoop-kms-3.2.0.jar:/home/user/.m2/repository/org/apache/hadoop/hadoop-auth/3.2.0/hadoop-auth-3.2.0.jar:/home/user/.m2/repository/com/nimbusds/nimbus-jose-jwt/4.41.1/nimbus-jose-jwt-4.41.1.jar:/home/user/.m2/repository/com/github/stephenc/jcip/jcip-annotations/1.0-1/jcip-annotations-1.0-1.jar:/home/user/.m2/repository/net/minidev/json-smart/2.3/json-smart-2.3.jar:/home/user/.m2/repository/net/minidev/accessors-smart/1.2/accessors-smart-1.2.jar:/home/user/.m2/repository/org/ow2/asm/asm/5.0.4/asm-5.0.4.jar:/home/user/.m2/repository/org/apache/curator/curator-framework/2.12.0/curator-framework-2.12.0.jar:/home/user/.m2/repository/com/sun/jersey/jersey-core/1.19/jersey-core-1.19.jar:/home/user/.m2/repository/javax/ws/rs/jsr311-api/1.1.1/jsr311-api-1.1.1.jar:/home/user/.m2/repository/com/sun/jersey/jersey-server/1.19/jersey-server-1.19.jar:/home/user/.m2/repository/javax/servlet/javax.servlet-api/3.1.0/javax.servlet-api-3.1.0.jar:/home/user/.m2/repository/org/eclipse/jetty/jetty-server/9.3.24.v20180605/jetty-server-9.3.24.v20180605.jar:/home/user/.m2/repository/org/eclipse/jetty/jetty-http/9.3.24.v20180605/jetty-http-9.3.24.v20180605.jar:/home/user/.m2/repository/org/eclipse/jetty/jetty-io/9.3.24.v20180605/jetty-io-9.3.24.v20180605.jar:/home/user/.m2/repository/org/eclipse/jetty/jetty-webapp/9.3.24.v20180605/jetty-webapp-9.3.24.v20180605.jar:/home/user/.m2/repository/org/eclipse/jetty/jetty-xml/9.3.24.v20180605/jetty-xml-9.3.24.v20180605.jar:/home/user/.m2/repository/log4j/log4j/1.2.17/log4j-1.2.17.jar:/home/user/.m2/repository/org/slf4j/slf4j-api/1.7.25/slf4j-api-1.7.25.jar:/home/user/.m2/repository/org/slf4j/jul-to-slf4j/1.7.25/jul-to-slf4j-1.7.25.jar:/home/user/.m2/repository/org/eclipse/jetty/jetty-util/9.3.24.v20180605/jetty-util-9.3.24.v20180605.jar:/home/user/.m2/repository/com/fasterxml/jackson/core/jackson-databind/2.9.9/jackson-databind-2.9.9.jar:/home/user/.m2/repository/org/apache/hadoop/hadoop-kms/3.2.0/hadoop-kms-3.2.0-tests.jar:/home/user/.m2/repository/org/apache/hadoop/hadoop-hdds-server-scm/0.5.0-SNAPSHOT/hadoop-hdds-server-scm-0.5.0-SNAPSHOT-tests.jar:/home/user/.m2/repository/org/apache/hadoop/hadoop-hdds-container-service/0.5.0-SNAPSHOT/hadoop-hdds-container-service-0.5.0-SNAPSHOT-tests.jar:/home/user/.m2/repository/org/yaml/snakeyaml/1.16/snakeyaml-1.16.jar:/home/user/.m2/repository/org/apache/hadoop/hadoop-common/3.2.0/hadoop-common-3.2.0-tests.jar:/home/user/.m2/repository/org/apache/hadoop/hadoop-annotations/3.2.0/hadoop-annotations-3.2.0.jar:/usr/lib/jvm/java-1.8-openjdk/jre/../lib/tools.jar:/home/user/.m2/repository/commons-cli/commons-cli/1.2/commons-cli-1.2.jar:/home/user/.m2/repository/org/apache/httpcomponents/httpclient/4.5.2/httpclient-4.5.2.jar:/home/user/.m2/repository/org/apache/httpcomponents/httpcore/4.4.4/httpcore-4.4.4.jar:/home/user/.m2/repository/commons-codec/commons-codec/1.11/commons-codec-1.11.jar:/home/user/.m2/repository/commons-net/commons-net/3.6/commons-net-3.6.jar:/home/user/.m2/repository/commons-collections/commons-collections/3.2.2/commons-collections-3.2.2.jar:/home/user/.m2/repository/org/eclipse/jetty/jetty-servlet/9.3.24.v20180605/jetty-servlet-9.3.24.v20180605.jar:/home/user/.m2/repository/org/eclipse/jetty/jetty-security/9.3.24.v20180605/jetty-security-9.3.24.v20180605.jar:/home/user/.m2/repository/javax/servlet/jsp/jsp-api/2.1/jsp-api-2.1.jar:/home/user/.m2/repository/com/sun/jersey/jersey-servlet/1.19/jersey-servlet-1.19.jar:/home/user/.m2/repository/com/sun/jersey/jersey-json/1.19/jersey-json-1.19.jar:/home/user/.m2/repository/org/codehaus/jettison/jettison/1.1/jettison-1.1.jar:/home/user/.m2/repository/org/codehaus/jackson/jackson-core-asl/1.9.13/jackson-core-asl-1.9.13.jar:/home/user/.m2/repository/org/codehaus/jackson/jackson-mapper-asl/1.9.13/jackson-mapper-asl-1.9.13.jar:/home/user/.m2/repository/org/codehaus/jackson/jackson-jaxrs/1.9.13/jackson-jaxrs-1.9.13.jar:/home/user/.m2/repository/org/codehaus/jackson/jackson-xc/1.9.13/jackson-xc-1.9.13.jar:/home/user/.m2/repository/commons-logging/commons-logging/1.1.3/commons-logging-1.1.3.jar:/home/user/.m2/repository/commons-beanutils/commons-beanutils/1.9.4/commons-beanutils-1.9.4.jar:/home/user/.m2/repository/org/apache/commons/commons-configuration2/2.1.1/commons-configuration2-2.1.1.jar:/home/user/.m2/repository/org/apache/commons/commons-lang3/3.7/commons-lang3-3.7.jar:/home/user/.m2/repository/org/apache/commons/commons-text/1.4/commons-text-1.4.jar:/home/user/.m2/repository/org/apache/avro/avro/1.7.7/avro-1.7.7.jar:/home/user/.m2/repository/com/thoughtworks/paranamer/paranamer/2.3/paranamer-2.3.jar:/home/user/.m2/repository/org/xerial/snappy/snappy-java/1.0.5/snappy-java-1.0.5.jar:/home/user/.m2/repository/com/google/re2j/re2j/1.1/re2j-1.1.jar:/home/user/.m2/repository/com/google/code/gson/gson/2.2.4/gson-2.2.4.jar:/home/user/.m2/repository/com/jcraft/jsch/0.1.54/jsch-0.1.54.jar:/home/user/.m2/repository/org/apache/curator/curator-client/2.12.0/curator-client-2.12.0.jar:/home/user/.m2/repository/org/apache/curator/curator-recipes/2.12.0/curator-recipes-2.12.0.jar:/home/user/.m2/repository/com/google/code/findbugs/jsr305/3.0.0/jsr305-3.0.0.jar:/home/user/.m2/repository/org/apache/htrace/htrace-core4/4.1.0-incubating/htrace-core4-4.1.0-incubating.jar:/home/user/.m2/repository/org/apache/zookeeper/zookeeper/3.4.13/zookeeper-3.4.13.jar:/home/user/.m2/repository/org/apache/yetus/audience-annotations/0.5.0/audience-annotations-0.5.0.jar:/home/user/.m2/repository/org/codehaus/woodstox/stax2-api/3.1.4/stax2-api-3.1.4.jar:/home/user/.m2/repository/com/fasterxml/woodstox/woodstox-core/5.0.3/woodstox-core-5.0.3.jar:/home/user/.m2/repository/dnsjava/dnsjava/2.1.7/dnsjava-2.1.7.jar:/home/user/.m2/repository/org/apache/hadoop/hadoop-hdfs/3.2.0/hadoop-hdfs-3.2.0-tests.jar:/home/user/.m2/repository/org/eclipse/jetty/jetty-util-ajax/9.3.24.v20180605/jetty-util-ajax-9.3.24.v20180605.jar:/home/user/.m2/repository/commons-daemon/commons-daemon/1.0.13/commons-daemon-1.0.13.jar:/home/user/.m2/repository/io/netty/netty/3.10.5.Final/netty-3.10.5.Final.jar:/home/user/.m2/repository/io/netty/netty-all/4.0.52.Final/netty-all-4.0.52.Final.jar:/home/user/.m2/repository/org/fusesource/leveldbjni/leveldbjni-all/1.8/leveldbjni-all-1.8.jar:"/>
    <property name="sun.cpu.endian" value="little"/>
    <property name="user.home" value="/home/user"/>
    <property name="user.language" value="en"/>
    <property name="java.specification.vendor" value="Oracle Corporation"/>
    <property name="java.home" value="/usr/lib/jvm/java-1.8-openjdk/jre"/>
    <property name="java.security.krb5.conf" value="/workdir/hadoop-ozone/integration-test/target/test-classes/krb5.conf"/>
    <property name="basedir" value="/workdir/hadoop-ozone/integration-test"/>
    <property name="file.separator" value="/"/>
    <property name="line.separator" value="&#10;"/>
    <property name="java.vm.specification.vendor" value="Oracle Corporation"/>
    <property name="java.specification.name" value="Java Platform API Specification"/>
    <property name="java.awt.graphicsenv" value="sun.awt.X11GraphicsEnvironment"/>
    <property name="surefire.real.class.path" value="/workdir/hadoop-ozone/integration-test/target/surefire/surefirebooter8384832834427012761.jar"/>
    <property name="hadoop.log.dir" value="/workdir/hadoop-ozone/integration-test/target/log"/>
    <property name="sun.boot.class.path" value="/usr/lib/jvm/java-1.8-openjdk/jre/lib/resources.jar:/usr/lib/jvm/java-1.8-openjdk/jre/lib/rt.jar:/usr/lib/jvm/java-1.8-openjdk/jre/lib/sunrsasign.jar:/usr/lib/jvm/java-1.8-openjdk/jre/lib/jsse.jar:/usr/lib/jvm/java-1.8-openjdk/jre/lib/jce.jar:/usr/lib/jvm/java-1.8-openjdk/jre/lib/charsets.jar:/usr/lib/jvm/java-1.8-openjdk/jre/lib/jfr.jar:/usr/lib/jvm/java-1.8-openjdk/jre/classes"/>
    <property name="sun.management.compiler" value="HotSpot 64-Bit Tiered Compilers"/>
    <property name="java.runtime.version" value="1.8.0_212-b04"/>
    <property name="java.net.preferIPv4Stack" value="true"/>
    <property name="user.name" value="jenkins1000"/>
    <property name="path.separator" value=":"/>
    <property name="java.security.egd" value="file:///dev/urandom"/>
    <property name="os.version" value="3.10.0-957.12.2.el7.x86_64"/>
    <property name="java.endorsed.dirs" value="/usr/lib/jvm/java-1.8-openjdk/jre/lib/endorsed"/>
    <property name="java.runtime.name" value="OpenJDK Runtime Environment"/>
    <property name="file.encoding" value="UTF-8"/>
    <property name="java.vm.name" value="OpenJDK 64-Bit Server VM"/>
    <property name="test.build.webapps" value=""/>
    <property name="localRepository" value="/home/user/.m2/repository"/>
    <property name="java.vendor.url.bug" value="https://icedtea.classpath.org/bugzilla"/>
    <property name="java.io.tmpdir" value="/tmp"/>
    <property name="require.test.libhadoop" value=""/>
    <property name="java.version" value="1.8.0_212"/>
    <property name="user.dir" value="/workdir/hadoop-ozone/integration-test"/>
    <property name="os.arch" value="amd64"/>
    <property name="java.vm.specification.name" value="Java Virtual Machine Specification"/>
    <property name="test.build.classes" value="/workdir/hadoop-ozone/integration-test/target/test-classes"/>
    <property name="java.awt.printerjob" value="sun.print.PSPrinterJob"/>
    <property name="sun.os.patch.level" value="unknown"/>
    <property name="hadoop.tmp.dir" value="/workdir/hadoop-ozone/integration-test/target/tmp"/>
    <property name="java.library.path" value="/usr/lib/jvm/java-1.8-openjdk/jre/lib/amd64/server:/usr/lib/jvm/java-1.8-openjdk/jre/lib/amd64:/usr/lib/jvm/java-1.8-openjdk/jre/../lib/amd64:/workdir/hadoop-ozone/integration-test/target/native/target/usr/local/lib:/workdir/hadoop-ozone/integration-test/../../hadoop-common-project/hadoop-common/target/native/target/usr/local/lib:/usr/java/packages/lib/amd64:/usr/lib64:/lib64:/lib:/usr/lib"/>
    <property name="java.vm.info" value="mixed mode"/>
    <property name="java.vendor" value="IcedTea"/>
    <property name="java.vm.version" value="25.212-b04"/>
    <property name="java.ext.dirs" value="/usr/lib/jvm/java-1.8-openjdk/jre/lib/ext:/usr/java/packages/lib/ext"/>
    <property name="sun.io.unicode.encoding" value="UnicodeLittle"/>
    <property name="java.class.version" value="52.0"/>
  </properties>
  <testcase name="testPipelineMap" classname="org.apache.hadoop.hdds.scm.pipeline.TestNode2PipelineMap" time="50.038">
    <error message="Could not allocate container. Cannot get any matching pipeline for Type:RATIS, Factor:THREE, State:PipelineState.OPEN" type="java.io.IOException">java.io.IOException: Could not allocate container. Cannot get any matching pipeline for Type:RATIS, Factor:THREE, State:PipelineState.OPEN
	at org.apache.hadoop.hdds.scm.container.ContainerStateManager.allocateContainer(ContainerStateManager.java:260)
	at org.apache.hadoop.hdds.scm.container.SCMContainerManager.allocateContainer(SCMContainerManager.java:247)
	at org.apache.hadoop.hdds.scm.pipeline.TestNode2PipelineMap.init(TestNode2PipelineMap.java:69)
	at sun.reflect.NativeMethodAccessorImpl.invoke0(Native Method)
	at sun.reflect.NativeMethodAccessorImpl.invoke(NativeMethodAccessorImpl.java:62)
	at sun.reflect.DelegatingMethodAccessorImpl.invoke(DelegatingMethodAccessorImpl.java:43)
	at java.lang.reflect.Method.invoke(Method.java:498)
	at org.junit.runners.model.FrameworkMethod$1.runReflectiveCall(FrameworkMethod.java:47)
	at org.junit.internal.runners.model.ReflectiveCallable.run(ReflectiveCallable.java:12)
	at org.junit.runners.model.FrameworkMethod.invokeExplosively(FrameworkMethod.java:44)
	at org.junit.internal.runners.statements.RunBefores.evaluate(RunBefores.java:24)
	at org.junit.internal.runners.statements.RunAfters.evaluate(RunAfters.java:27)
	at org.junit.runners.ParentRunner.runLeaf(ParentRunner.java:271)
	at org.junit.runners.BlockJUnit4ClassRunner.runChild(BlockJUnit4ClassRunner.java:70)
	at org.junit.runners.BlockJUnit4ClassRunner.runChild(BlockJUnit4ClassRunner.java:50)
	at org.junit.runners.ParentRunner$3.run(ParentRunner.java:238)
	at org.junit.runners.ParentRunner$1.schedule(ParentRunner.java:63)
	at org.junit.runners.ParentRunner.runChildren(ParentRunner.java:236)
	at org.junit.runners.ParentRunner.access$000(ParentRunner.java:53)
	at org.junit.runners.ParentRunner$2.evaluate(ParentRunner.java:229)
	at org.junit.runners.ParentRunner.run(ParentRunner.java:309)
	at org.apache.maven.surefire.junit4.JUnit4Provider.execute(JUnit4Provider.java:365)
	at org.apache.maven.surefire.junit4.JUnit4Provider.executeWithRerun(JUnit4Provider.java:273)
	at org.apache.maven.surefire.junit4.JUnit4Provider.executeTestSet(JUnit4Provider.java:238)
	at org.apache.maven.surefire.junit4.JUnit4Provider.invoke(JUnit4Provider.java:159)
	at org.apache.maven.surefire.booter.ForkedBooter.invokeProviderInSameClassLoader(ForkedBooter.java:384)
	at org.apache.maven.surefire.booter.ForkedBooter.runSuitesInProcess(ForkedBooter.java:345)
	at org.apache.maven.surefire.booter.ForkedBooter.execute(ForkedBooter.java:126)
	at org.apache.maven.surefire.booter.ForkedBooter.main(ForkedBooter.java:418)
</error>
    <system-out><![CDATA[2019-09-21 02:33:44,756 [main] WARN  server.ServerUtils (ServerUtils.java:getScmDbDir(145)) - ozone.scm.db.dirs is not configured. We recommend adding this setting. Falling back to ozone.metadata.dirs instead.
2019-09-21 02:33:44,910 [main] WARN  server.ServerUtils (ServerUtils.java:getScmDbDir(145)) - ozone.scm.db.dirs is not configured. We recommend adding this setting. Falling back to ozone.metadata.dirs instead.
2019-09-21 02:33:44,913 [main] WARN  server.ServerUtils (ServerUtils.java:getScmDbDir(145)) - ozone.scm.db.dirs is not configured. We recommend adding this setting. Falling back to ozone.metadata.dirs instead.
2019-09-21 02:33:44,933 [main] INFO  util.log (Log.java:initialized(192)) - Logging initialized @920ms
2019-09-21 02:33:45,038 [main] INFO  db.DBStoreBuilder (DBStoreBuilder.java:addTable(110)) - using custom profile for table: deletedBlocks
2019-09-21 02:33:45,038 [main] INFO  db.DBStoreBuilder (DBStoreBuilder.java:processTables(161)) - Using default column profile:DBProfile.DISK for Table:deletedBlocks
2019-09-21 02:33:45,039 [main] INFO  db.DBStoreBuilder (DBStoreBuilder.java:addTable(110)) - using custom profile for table: validCerts
2019-09-21 02:33:45,039 [main] INFO  db.DBStoreBuilder (DBStoreBuilder.java:processTables(161)) - Using default column profile:DBProfile.DISK for Table:validCerts
2019-09-21 02:33:45,039 [main] INFO  db.DBStoreBuilder (DBStoreBuilder.java:addTable(110)) - using custom profile for table: revokedCerts
2019-09-21 02:33:45,040 [main] INFO  db.DBStoreBuilder (DBStoreBuilder.java:processTables(161)) - Using default column profile:DBProfile.DISK for Table:revokedCerts
2019-09-21 02:33:45,054 [main] INFO  db.DBStoreBuilder (DBStoreBuilder.java:addTable(110)) - using custom profile for table: default
2019-09-21 02:33:45,054 [main] INFO  db.DBStoreBuilder (DBStoreBuilder.java:processTables(167)) - Using default column profile:DBProfile.DISK for Table:default
2019-09-21 02:33:45,055 [main] INFO  db.DBStoreBuilder (DBStoreBuilder.java:getDbProfile(198)) - Using default options. DBProfile.DISK
2019-09-21 02:33:45,424 [main] INFO  net.NodeSchemaLoader (NodeSchemaLoader.java:loadSchemaFromFile(125)) - Loading file from sun.misc.CompoundEnumeration@47eaca72
2019-09-21 02:33:45,426 [main] INFO  net.NodeSchemaLoader (NodeSchemaLoader.java:loadSchema(171)) - Loading network topology layer schema file
2019-09-21 02:33:45,496 [main] WARN  server.ServerUtils (ServerUtils.java:sanitizeUserArgs(70)) - ozone.scm.stale.node.interval value = 300000 is larger than max = 100000 based on the key value of ozone.scm.heartbeat.thread.interval, reset to the max value 100000.
2019-09-21 02:33:45,497 [main] WARN  server.ServerUtils (ServerUtils.java:sanitizeUserArgs(70)) - ozone.scm.stale.node.interval value = 300000 is larger than max = 100000 based on the key value of ozone.scm.heartbeat.thread.interval, reset to the max value 100000.
2019-09-21 02:33:45,500 [main] INFO  node.SCMNodeManager (SCMNodeManager.java:<init>(114)) - Entering startup safe mode.
2019-09-21 02:33:45,573 [main] INFO  algorithms.ContainerPlacementPolicyFactory (ContainerPlacementPolicyFactory.java:getPolicy(57)) - Create container placement policy of type org.apache.hadoop.hdds.scm.container.placement.algorithms.SCMContainerPlacementRandom
2019-09-21 02:33:45,587 [main] WARN  server.ServerUtils (ServerUtils.java:getScmDbDir(145)) - ozone.scm.db.dirs is not configured. We recommend adding this setting. Falling back to ozone.metadata.dirs instead.
2019-09-21 02:33:45,734 [main] INFO  pipeline.SCMPipelineManager (SCMPipelineManager.java:initializePipelineState(132)) - No pipeline exists in current db
2019-09-21 02:33:45,738 [main] WARN  server.ServerUtils (ServerUtils.java:getScmDbDir(145)) - ozone.scm.db.dirs is not configured. We recommend adding this setting. Falling back to ozone.metadata.dirs instead.
2019-09-21 02:33:45,905 [main] WARN  events.EventQueue (EventQueue.java:fireEvent(183)) - No event handler registered for event TypedEvent{payloadType=SafeModeStatus, name='SafeModeStatus'}
2019-09-21 02:33:46,271 [main] INFO  ipc.CallQueueManager (CallQueueManager.java:<init>(84)) - Using callQueue: class java.util.concurrent.LinkedBlockingQueue, queueCapacity: 2000, scheduler: class org.apache.hadoop.ipc.DefaultRpcScheduler, ipcBackoff: false.
2019-09-21 02:33:46,299 [Socket Reader #1 for port 33553] INFO  ipc.Server (Server.java:run(1074)) - Starting Socket Reader #1 for port 33553
2019-09-21 02:33:46,450 [main] INFO  ipc.CallQueueManager (CallQueueManager.java:<init>(84)) - Using callQueue: class java.util.concurrent.LinkedBlockingQueue, queueCapacity: 2000, scheduler: class org.apache.hadoop.ipc.DefaultRpcScheduler, ipcBackoff: false.
2019-09-21 02:33:46,450 [Socket Reader #1 for port 46295] INFO  ipc.Server (Server.java:run(1074)) - Starting Socket Reader #1 for port 46295
2019-09-21 02:33:46,459 [main] INFO  ipc.CallQueueManager (CallQueueManager.java:<init>(84)) - Using callQueue: class java.util.concurrent.LinkedBlockingQueue, queueCapacity: 2000, scheduler: class org.apache.hadoop.ipc.DefaultRpcScheduler, ipcBackoff: false.
2019-09-21 02:33:46,459 [Socket Reader #1 for port 45582] INFO  ipc.Server (Server.java:run(1074)) - Starting Socket Reader #1 for port 45582
2019-09-21 02:33:46,479 [main] INFO  hdfs.DFSUtil (DFSUtil.java:httpServerTemplateForNNAndJN(1641)) - Starting Web-server for scm at: http://0.0.0.0:0
2019-09-21 02:33:46,630 [main] INFO  server.AuthenticationFilter (AuthenticationFilter.java:constructSecretProvider(240)) - Unable to initialize FileSignerSecretProvider, falling back to use random secrets.
2019-09-21 02:33:46,637 [main] WARN  http.HttpRequestLog (HttpRequestLog.java:getRequestLog(97)) - Jetty request log can only be enabled using Log4j
2019-09-21 02:33:46,644 [main] INFO  http.HttpServer2 (HttpServer2.java:addGlobalFilter(975)) - Added global filter 'safety' (class=org.apache.hadoop.http.HttpServer2$QuotingInputFilter)
2019-09-21 02:33:46,646 [main] INFO  http.HttpServer2 (HttpServer2.java:addFilter(948)) - Added filter static_user_filter (class=org.apache.hadoop.http.lib.StaticUserWebFilter$StaticUserFilter) to context scm
2019-09-21 02:33:46,647 [main] INFO  http.HttpServer2 (HttpServer2.java:addFilter(958)) - Added filter static_user_filter (class=org.apache.hadoop.http.lib.StaticUserWebFilter$StaticUserFilter) to context logs
2019-09-21 02:33:46,647 [main] INFO  http.HttpServer2 (HttpServer2.java:addFilter(958)) - Added filter static_user_filter (class=org.apache.hadoop.http.lib.StaticUserWebFilter$StaticUserFilter) to context static
2019-09-21 02:33:46,676 [main] INFO  server.StorageContainerManager (StorageContainerManager.java:start(770)) - StorageContainerLocationProtocol RPC server is listening at /0.0.0.0:45582
2019-09-21 02:33:46,741 [main] WARN  impl.MetricsConfig (MetricsConfig.java:loadFirst(134)) - Cannot locate configuration: tried hadoop-metrics2-storagecontainermanager.properties,hadoop-metrics2.properties
2019-09-21 02:33:46,755 [main] INFO  impl.MetricsSystemImpl (MetricsSystemImpl.java:startTimer(374)) - Scheduled Metric snapshot period at 10 second(s).
2019-09-21 02:33:46,755 [main] INFO  impl.MetricsSystemImpl (MetricsSystemImpl.java:start(191)) - StorageContainerManager metrics system started
2019-09-21 02:33:47,041 [main] INFO  server.SCMClientProtocolServer (SCMClientProtocolServer.java:start(151)) - RPC server for Client  is listening at /0.0.0.0:45582
2019-09-21 02:33:47,041 [IPC Server Responder] INFO  ipc.Server (Server.java:run(1314)) - IPC Server Responder: starting
2019-09-21 02:33:47,041 [IPC Server listener on 45582] INFO  ipc.Server (Server.java:run(1153)) - IPC Server listener on 45582: starting
2019-09-21 02:33:47,044 [main] INFO  server.StorageContainerManager (StorageContainerManager.java:start(780)) - ScmBlockLocationProtocol RPC server is listening at /0.0.0.0:46295
2019-09-21 02:33:47,048 [main] INFO  server.SCMBlockProtocolServer (SCMBlockProtocolServer.java:start(146)) - RPC server for Block Protocol is listening at /0.0.0.0:46295
2019-09-21 02:33:47,048 [IPC Server Responder] INFO  ipc.Server (Server.java:run(1314)) - IPC Server Responder: starting
2019-09-21 02:33:47,048 [IPC Server listener on 46295] INFO  ipc.Server (Server.java:run(1153)) - IPC Server listener on 46295: starting
2019-09-21 02:33:47,050 [main] INFO  server.StorageContainerManager (StorageContainerManager.java:start(784)) - ScmDatanodeProtocl RPC server is listening at /0.0.0.0:33553
2019-09-21 02:33:47,051 [main] INFO  server.SCMDatanodeProtocolServer (SCMDatanodeProtocolServer.java:start(191)) - RPC server for DataNodes is listening at /0.0.0.0:33553
2019-09-21 02:33:47,051 [IPC Server Responder] INFO  ipc.Server (Server.java:run(1314)) - IPC Server Responder: starting
2019-09-21 02:33:47,051 [IPC Server listener on 33553] INFO  ipc.Server (Server.java:run(1153)) - IPC Server listener on 33553: starting
2019-09-21 02:33:47,056 [main] INFO  http.HttpServer2 (HttpServer2.java:bindListener(1191)) - Jetty bound to port 38111
2019-09-21 02:33:47,059 [main] INFO  server.Server (Server.java:doStart(351)) - jetty-9.3.24.v20180605, build timestamp: 2018-06-05T17:11:56Z, git hash: 84205aa28f11a4f31f2a3b86d1bba2cc8ab69827
2019-09-21 02:33:47,113 [main] INFO  handler.ContextHandler (ContextHandler.java:doStart(781)) - Started o.e.j.s.ServletContextHandler@732f29af{/logs,file:///workdir/hadoop-ozone/integration-test/target/log,AVAILABLE}
2019-09-21 02:33:47,114 [main] INFO  handler.ContextHandler (ContextHandler.java:doStart(781)) - Started o.e.j.s.ServletContextHandler@6622fc65{/static,file:///workdir/hadoop-ozone/integration-test/target/test-classes/webapps/static,AVAILABLE}
2019-09-21 02:33:47,152 [main] INFO  handler.ContextHandler (ContextHandler.java:doStart(781)) - Started o.e.j.w.WebAppContext@7555b920{/,file:///workdir/hadoop-ozone/integration-test/target/test-classes/webapps/scm/,AVAILABLE}{/scm}
2019-09-21 02:33:47,158 [main] INFO  server.AbstractConnector (AbstractConnector.java:doStart(278)) - Started ServerConnector@6db66836{HTTP/1.1,[http/1.1]}{0.0.0.0:38111}
2019-09-21 02:33:47,158 [main] INFO  server.Server (Server.java:doStart(419)) - Started @3145ms
2019-09-21 02:33:47,161 [main] INFO  impl.MetricsSinkAdapter (MetricsSinkAdapter.java:start(204)) - Sink prometheus started
2019-09-21 02:33:47,161 [main] INFO  impl.MetricsSystemImpl (MetricsSystemImpl.java:registerSink(301)) - Registered sink prometheus
2019-09-21 02:33:47,163 [main] INFO  server.BaseHttpServer (BaseHttpServer.java:updateConnectorAddress(215)) - HTTP server of SCM is listening at http://0.0.0.0:38111
2019-09-21 02:33:47,171 [org.apache.hadoop.util.JvmPauseMonitor$Monitor@78461bc4] INFO  util.JvmPauseMonitor (JvmPauseMonitor.java:run(188)) - Starting JVM pause monitor
2019-09-21 02:33:47,176 [main] WARN  server.ServerUtils (ServerUtils.java:getDBPath(222)) - ozone.om.db.dirs is not configured. We recommend adding this setting. Falling back to ozone.metadata.dirs instead.
2019-09-21 02:33:47,824 [main] WARN  server.ServerUtils (ServerUtils.java:getDBPath(222)) - ozone.om.db.dirs is not configured. We recommend adding this setting. Falling back to ozone.metadata.dirs instead.
2019-09-21 02:33:47,825 [main] WARN  server.ServerUtils (ServerUtils.java:getDBPath(222)) - ozone.om.db.dirs is not configured. We recommend adding this setting. Falling back to ozone.metadata.dirs instead.
2019-09-21 02:33:47,826 [main] INFO  om.OzoneManager (OzoneManager.java:setOMNodeDetails(652)) - OM Service ID is not set. Setting it to the default ID: omServiceIdDefault
2019-09-21 02:33:47,826 [main] INFO  om.OzoneManager (OzoneManager.java:setOMNodeDetails(658)) - OM Node ID is not set. Setting it to the OmStorage's OmID: 07737ed9-d980-4b5a-a91a-2e010ed81e83
2019-09-21 02:33:47,828 [main] INFO  om.OzoneManager (OzoneManager.java:loadOMHAConfigs(609)) - Found matching OM address with OMServiceId: null, OMNodeId: null, RPC Address: localhost:0 and Ratis port: 9872
2019-09-21 02:33:48,591 [main] WARN  server.ServerUtils (ServerUtils.java:getDBPath(222)) - ozone.om.db.dirs is not configured. We recommend adding this setting. Falling back to ozone.metadata.dirs instead.
2019-09-21 02:33:48,598 [main] INFO  db.DBStoreBuilder (DBStoreBuilder.java:addTable(110)) - using custom profile for table: userTable
2019-09-21 02:33:48,599 [main] INFO  db.DBStoreBuilder (DBStoreBuilder.java:processTables(161)) - Using default column profile:DBProfile.DISK for Table:userTable
2019-09-21 02:33:48,599 [main] INFO  db.DBStoreBuilder (DBStoreBuilder.java:addTable(110)) - using custom profile for table: volumeTable
2019-09-21 02:33:48,599 [main] INFO  db.DBStoreBuilder (DBStoreBuilder.java:processTables(161)) - Using default column profile:DBProfile.DISK for Table:volumeTable
2019-09-21 02:33:48,599 [main] INFO  db.DBStoreBuilder (DBStoreBuilder.java:addTable(110)) - using custom profile for table: bucketTable
2019-09-21 02:33:48,600 [main] INFO  db.DBStoreBuilder (DBStoreBuilder.java:processTables(161)) - Using default column profile:DBProfile.DISK for Table:bucketTable
2019-09-21 02:33:48,600 [main] INFO  db.DBStoreBuilder (DBStoreBuilder.java:addTable(110)) - using custom profile for table: keyTable
2019-09-21 02:33:48,600 [main] INFO  db.DBStoreBuilder (DBStoreBuilder.java:processTables(161)) - Using default column profile:DBProfile.DISK for Table:keyTable
2019-09-21 02:33:48,600 [main] INFO  db.DBStoreBuilder (DBStoreBuilder.java:addTable(110)) - using custom profile for table: deletedTable
2019-09-21 02:33:48,601 [main] INFO  db.DBStoreBuilder (DBStoreBuilder.java:processTables(161)) - Using default column profile:DBProfile.DISK for Table:deletedTable
2019-09-21 02:33:48,601 [main] INFO  db.DBStoreBuilder (DBStoreBuilder.java:addTable(110)) - using custom profile for table: openKeyTable
2019-09-21 02:33:48,601 [main] INFO  db.DBStoreBuilder (DBStoreBuilder.java:processTables(161)) - Using default column profile:DBProfile.DISK for Table:openKeyTable
2019-09-21 02:33:48,601 [main] INFO  db.DBStoreBuilder (DBStoreBuilder.java:addTable(110)) - using custom profile for table: s3Table
2019-09-21 02:33:48,602 [main] INFO  db.DBStoreBuilder (DBStoreBuilder.java:processTables(161)) - Using default column profile:DBProfile.DISK for Table:s3Table
2019-09-21 02:33:48,602 [main] INFO  db.DBStoreBuilder (DBStoreBuilder.java:addTable(110)) - using custom profile for table: multipartInfoTable
2019-09-21 02:33:48,602 [main] INFO  db.DBStoreBuilder (DBStoreBuilder.java:processTables(161)) - Using default column profile:DBProfile.DISK for Table:multipartInfoTable
2019-09-21 02:33:48,602 [main] INFO  db.DBStoreBuilder (DBStoreBuilder.java:addTable(110)) - using custom profile for table: dTokenTable
2019-09-21 02:33:48,603 [main] INFO  db.DBStoreBuilder (DBStoreBuilder.java:processTables(161)) - Using default column profile:DBProfile.DISK for Table:dTokenTable
2019-09-21 02:33:48,603 [main] INFO  db.DBStoreBuilder (DBStoreBuilder.java:addTable(110)) - using custom profile for table: s3SecretTable
2019-09-21 02:33:48,603 [main] INFO  db.DBStoreBuilder (DBStoreBuilder.java:processTables(161)) - Using default column profile:DBProfile.DISK for Table:s3SecretTable
2019-09-21 02:33:48,603 [main] INFO  db.DBStoreBuilder (DBStoreBuilder.java:addTable(110)) - using custom profile for table: prefixTable
2019-09-21 02:33:48,604 [main] INFO  db.DBStoreBuilder (DBStoreBuilder.java:processTables(161)) - Using default column profile:DBProfile.DISK for Table:prefixTable
2019-09-21 02:33:48,604 [main] INFO  db.DBStoreBuilder (DBStoreBuilder.java:addTable(110)) - using custom profile for table: default
2019-09-21 02:33:48,604 [main] INFO  db.DBStoreBuilder (DBStoreBuilder.java:processTables(167)) - Using default column profile:DBProfile.DISK for Table:default
2019-09-21 02:33:48,604 [main] INFO  db.DBStoreBuilder (DBStoreBuilder.java:getDbProfile(198)) - Using default options. DBProfile.DISK
2019-09-21 02:33:55,426 [main] INFO  ipc.CallQueueManager (CallQueueManager.java:<init>(84)) - Using callQueue: class java.util.concurrent.LinkedBlockingQueue, queueCapacity: 2000, scheduler: class org.apache.hadoop.ipc.DefaultRpcScheduler, ipcBackoff: false.
2019-09-21 02:33:55,427 [Socket Reader #1 for port 40880] INFO  ipc.Server (Server.java:run(1074)) - Starting Socket Reader #1 for port 40880
2019-09-21 02:33:55,450 [main] INFO  om.OzoneManager (OzoneManager.java:start(1243)) - OzoneManager RPC server is listening at localhost/127.0.0.1:40880
2019-09-21 02:33:55,450 [main] INFO  impl.MetricsSystemImpl (MetricsSystemImpl.java:init(158)) - OzoneManager metrics system started (again)
2019-09-21 02:33:55,452 [IPC Server Responder] INFO  ipc.Server (Server.java:run(1314)) - IPC Server Responder: starting
2019-09-21 02:33:55,452 [IPC Server listener on 40880] INFO  ipc.Server (Server.java:run(1153)) - IPC Server listener on 40880: starting
2019-09-21 02:33:55,457 [main] INFO  hdfs.DFSUtil (DFSUtil.java:httpServerTemplateForNNAndJN(1641)) - Starting Web-server for ozoneManager at: http://0.0.0.0:0
2019-09-21 02:33:55,460 [main] INFO  server.AuthenticationFilter (AuthenticationFilter.java:constructSecretProvider(240)) - Unable to initialize FileSignerSecretProvider, falling back to use random secrets.
2019-09-21 02:33:55,460 [main] WARN  http.HttpRequestLog (HttpRequestLog.java:getRequestLog(97)) - Jetty request log can only be enabled using Log4j
2019-09-21 02:33:55,463 [main] INFO  http.HttpServer2 (HttpServer2.java:addGlobalFilter(975)) - Added global filter 'safety' (class=org.apache.hadoop.http.HttpServer2$QuotingInputFilter)
2019-09-21 02:33:55,464 [main] INFO  http.HttpServer2 (HttpServer2.java:addFilter(948)) - Added filter static_user_filter (class=org.apache.hadoop.http.lib.StaticUserWebFilter$StaticUserFilter) to context ozoneManager
2019-09-21 02:33:55,464 [main] INFO  http.HttpServer2 (HttpServer2.java:addFilter(958)) - Added filter static_user_filter (class=org.apache.hadoop.http.lib.StaticUserWebFilter$StaticUserFilter) to context static
2019-09-21 02:33:55,464 [main] INFO  http.HttpServer2 (HttpServer2.java:addFilter(958)) - Added filter static_user_filter (class=org.apache.hadoop.http.lib.StaticUserWebFilter$StaticUserFilter) to context logs
2019-09-21 02:33:55,466 [main] INFO  http.HttpServer2 (HttpServer2.java:bindListener(1191)) - Jetty bound to port 38190
2019-09-21 02:33:55,466 [main] INFO  server.Server (Server.java:doStart(351)) - jetty-9.3.24.v20180605, build timestamp: 2018-06-05T17:11:56Z, git hash: 84205aa28f11a4f31f2a3b86d1bba2cc8ab69827
2019-09-21 02:33:55,468 [main] INFO  handler.ContextHandler (ContextHandler.java:doStart(781)) - Started o.e.j.s.ServletContextHandler@30331109{/logs,file:///workdir/hadoop-ozone/integration-test/target/log,AVAILABLE}
2019-09-21 02:33:55,469 [main] INFO  handler.ContextHandler (ContextHandler.java:doStart(781)) - Started o.e.j.s.ServletContextHandler@74fe5966{/static,file:///workdir/hadoop-ozone/integration-test/target/test-classes/webapps/static,AVAILABLE}
2019-09-21 02:33:55,474 [main] INFO  handler.ContextHandler (ContextHandler.java:doStart(781)) - Started o.e.j.w.WebAppContext@3766c667{/,file:///workdir/hadoop-ozone/integration-test/target/test-classes/webapps/ozoneManager/,AVAILABLE}{/ozoneManager}
2019-09-21 02:33:55,475 [main] INFO  server.AbstractConnector (AbstractConnector.java:doStart(278)) - Started ServerConnector@773c0293{HTTP/1.1,[http/1.1]}{0.0.0.0:38190}
2019-09-21 02:33:55,476 [main] INFO  server.Server (Server.java:doStart(419)) - Started @11462ms
2019-09-21 02:33:55,476 [main] WARN  impl.MetricsSystemImpl (MetricsSystemImpl.java:register(276)) - Sink prometheus already exists!
2019-09-21 02:33:55,477 [main] INFO  server.BaseHttpServer (BaseHttpServer.java:updateConnectorAddress(215)) - HTTP server of OZONEMANAGER is listening at http://0.0.0.0:38190
2019-09-21 02:33:55,877 [main] INFO  impl.MetricsSystemImpl (MetricsSystemImpl.java:init(158)) - HddsDatanode metrics system started (again)
2019-09-21 02:33:55,927 [main] INFO  ozone.HddsDatanodeService (HddsDatanodeService.java:start(184)) - HddsDatanodeService host:pr-hdds-2163-pdhxj-1463177635 ip:192.168.36.72
2019-09-21 02:33:55,960 [main] INFO  volume.HddsVolume (HddsVolume.java:<init>(176)) - Creating Volume: /workdir/hadoop-ozone/integration-test/target/test-dir/MiniOzoneClusterImpl-c75db70a-b38d-4491-876a-314fea4a50b4/datanode-0/data/containers/hdds of  storage type : DISK and capacity : 1482555576320
2019-09-21 02:33:55,962 [main] INFO  volume.VolumeSet (VolumeSet.java:initializeVolumeSet(170)) - Added Volume : /workdir/hadoop-ozone/integration-test/target/test-dir/MiniOzoneClusterImpl-c75db70a-b38d-4491-876a-314fea4a50b4/datanode-0/data/containers/hdds to VolumeSet
2019-09-21 02:33:55,965 [main] INFO  volume.ThrottledAsyncChecker (ThrottledAsyncChecker.java:schedule(139)) - Scheduling a check for org.apache.hadoop.ozone.container.common.volume.HddsVolume@11a00961
2019-09-21 02:33:55,982 [main] INFO  volume.HddsVolumeChecker (HddsVolumeChecker.java:checkAllVolumes(202)) - Scheduled health check for volume org.apache.hadoop.ozone.container.common.volume.HddsVolume@11a00961
2019-09-21 02:33:56,114 [main] INFO  impl.RaftServerProxy (ConfUtils.java:logGet(43)) - raft.rpc.type = GRPC (default)
2019-09-21 02:33:56,182 [main] INFO  grpc.GrpcFactory (GrpcFactory.java:checkPooledByteBufAllocatorUseCacheForAllThreads(45)) - PERFORMANCE WARNING: useCacheForAllThreads is true that may cause Netty to create a lot garbage objects and, as a result, trigger GC.
	It is recommended to disable useCacheForAllThreads by setting -Dorg.apache.ratis.thirdparty.io.netty.allocator.useCacheForAllThreads=false in command line.
2019-09-21 02:33:56,187 [main] INFO  grpc.GrpcConfigKeys$Server (ConfUtils.java:logGet(43)) - raft.grpc.server.port = 0 (default)
2019-09-21 02:33:56,188 [main] INFO  server.GrpcService (ConfUtils.java:logGet(43)) - raft.grpc.message.size.max = 33570816 (custom)
2019-09-21 02:33:56,190 [main] INFO  server.RaftServerConfigKeys (ConfUtils.java:logGet(43)) - raft.server.log.appender.buffer.byte-limit = 33554432 (custom)
2019-09-21 02:33:56,190 [main] INFO  server.GrpcService (ConfUtils.java:logGet(43)) - raft.grpc.flow.control.window = 1MB (=1048576) (default)
2019-09-21 02:33:56,191 [main] INFO  server.RaftServerConfigKeys (ConfUtils.java:logGet(43)) - raft.server.rpc.request.timeout = 3000ms (default)
2019-09-21 02:33:56,352 [main] INFO  server.RaftServerConfigKeys (ConfUtils.java:logGet(43)) - raft.server.storage.dir = [/workdir/hadoop-ozone/integration-test/target/test-dir/MiniOzoneClusterImpl-c75db70a-b38d-4491-876a-314fea4a50b4/datanode-0/data/ratis] (custom)
2019-09-21 02:33:56,405 [main] INFO  hdfs.DFSUtil (DFSUtil.java:httpServerTemplateForNNAndJN(1641)) - Starting Web-server for hddsDatanode at: http://0.0.0.0:0
2019-09-21 02:33:56,408 [main] INFO  server.AuthenticationFilter (AuthenticationFilter.java:constructSecretProvider(240)) - Unable to initialize FileSignerSecretProvider, falling back to use random secrets.
2019-09-21 02:33:56,410 [main] WARN  http.HttpRequestLog (HttpRequestLog.java:getRequestLog(97)) - Jetty request log can only be enabled using Log4j
2019-09-21 02:33:56,412 [main] INFO  http.HttpServer2 (HttpServer2.java:addGlobalFilter(975)) - Added global filter 'safety' (class=org.apache.hadoop.http.HttpServer2$QuotingInputFilter)
2019-09-21 02:33:56,413 [main] INFO  http.HttpServer2 (HttpServer2.java:addFilter(948)) - Added filter static_user_filter (class=org.apache.hadoop.http.lib.StaticUserWebFilter$StaticUserFilter) to context hddsDatanode
2019-09-21 02:33:56,413 [main] INFO  http.HttpServer2 (HttpServer2.java:addFilter(958)) - Added filter static_user_filter (class=org.apache.hadoop.http.lib.StaticUserWebFilter$StaticUserFilter) to context static
2019-09-21 02:33:56,413 [main] INFO  http.HttpServer2 (HttpServer2.java:addFilter(958)) - Added filter static_user_filter (class=org.apache.hadoop.http.lib.StaticUserWebFilter$StaticUserFilter) to context logs
2019-09-21 02:33:56,415 [main] INFO  http.HttpServer2 (HttpServer2.java:bindListener(1191)) - Jetty bound to port 32856
2019-09-21 02:33:56,415 [main] INFO  server.Server (Server.java:doStart(351)) - jetty-9.3.24.v20180605, build timestamp: 2018-06-05T17:11:56Z, git hash: 84205aa28f11a4f31f2a3b86d1bba2cc8ab69827
2019-09-21 02:33:56,417 [main] INFO  handler.ContextHandler (ContextHandler.java:doStart(781)) - Started o.e.j.s.ServletContextHandler@60f70249{/logs,file:///workdir/hadoop-ozone/integration-test/target/log,AVAILABLE}
2019-09-21 02:33:56,418 [main] INFO  handler.ContextHandler (ContextHandler.java:doStart(781)) - Started o.e.j.s.ServletContextHandler@262816a8{/static,jar:file:/home/user/.m2/repository/org/apache/hadoop/hadoop-hdds-container-service/0.5.0-SNAPSHOT/hadoop-hdds-container-service-0.5.0-SNAPSHOT.jar!/webapps/static,AVAILABLE}
2019-09-21 02:33:56,469 [main] INFO  handler.ContextHandler (ContextHandler.java:doStart(781)) - Started o.e.j.w.WebAppContext@60bbacfc{/,file:///tmp/jetty-0.0.0.0-32856-hddsDatanode-_-any-3983283804522853948.dir/webapp/,AVAILABLE}{/hddsDatanode}
2019-09-21 02:33:56,470 [main] INFO  server.AbstractConnector (AbstractConnector.java:doStart(278)) - Started ServerConnector@65b97f47{HTTP/1.1,[http/1.1]}{0.0.0.0:32856}
2019-09-21 02:33:56,471 [main] INFO  server.Server (Server.java:doStart(419)) - Started @12458ms
2019-09-21 02:33:56,471 [main] WARN  impl.MetricsSystemImpl (MetricsSystemImpl.java:register(276)) - Sink prometheus already exists!
2019-09-21 02:33:56,473 [main] INFO  server.BaseHttpServer (BaseHttpServer.java:updateConnectorAddress(215)) - HTTP server of HDDSDATANODE is listening at http://0.0.0.0:32856
2019-09-21 02:33:56,474 [main] INFO  impl.MetricsSystemImpl (MetricsSystemImpl.java:init(158)) - HddsDatanode metrics system started (again)
2019-09-21 02:33:56,478 [main] INFO  ozone.HddsDatanodeService (HddsDatanodeService.java:start(184)) - HddsDatanodeService host:pr-hdds-2163-pdhxj-1463177635 ip:192.168.36.72
2019-09-21 02:33:56,479 [org.apache.hadoop.util.JvmPauseMonitor$Monitor@1ce63c1] INFO  util.JvmPauseMonitor (JvmPauseMonitor.java:run(188)) - Starting JVM pause monitor
2019-09-21 02:33:56,485 [main] INFO  volume.HddsVolume (HddsVolume.java:<init>(176)) - Creating Volume: /workdir/hadoop-ozone/integration-test/target/test-dir/MiniOzoneClusterImpl-c75db70a-b38d-4491-876a-314fea4a50b4/datanode-1/data/containers/hdds of  storage type : DISK and capacity : 1482555576320
2019-09-21 02:33:56,486 [main] INFO  volume.VolumeSet (VolumeSet.java:initializeVolumeSet(170)) - Added Volume : /workdir/hadoop-ozone/integration-test/target/test-dir/MiniOzoneClusterImpl-c75db70a-b38d-4491-876a-314fea4a50b4/datanode-1/data/containers/hdds to VolumeSet
2019-09-21 02:33:56,486 [main] INFO  volume.ThrottledAsyncChecker (ThrottledAsyncChecker.java:schedule(139)) - Scheduling a check for org.apache.hadoop.ozone.container.common.volume.HddsVolume@3e33d73e
2019-09-21 02:33:56,487 [main] INFO  volume.HddsVolumeChecker (HddsVolumeChecker.java:checkAllVolumes(202)) - Scheduled health check for volume org.apache.hadoop.ozone.container.common.volume.HddsVolume@3e33d73e
2019-09-21 02:33:56,507 [main] INFO  impl.RaftServerProxy (ConfUtils.java:logGet(43)) - raft.rpc.type = GRPC (default)
2019-09-21 02:33:56,507 [main] INFO  grpc.GrpcFactory (GrpcFactory.java:checkPooledByteBufAllocatorUseCacheForAllThreads(45)) - PERFORMANCE WARNING: useCacheForAllThreads is true that may cause Netty to create a lot garbage objects and, as a result, trigger GC.
	It is recommended to disable useCacheForAllThreads by setting -Dorg.apache.ratis.thirdparty.io.netty.allocator.useCacheForAllThreads=false in command line.
2019-09-21 02:33:56,508 [main] INFO  grpc.GrpcConfigKeys$Server (ConfUtils.java:logGet(43)) - raft.grpc.server.port = 0 (default)
2019-09-21 02:33:56,508 [main] INFO  server.GrpcService (ConfUtils.java:logGet(43)) - raft.grpc.message.size.max = 33570816 (custom)
2019-09-21 02:33:56,508 [main] INFO  server.RaftServerConfigKeys (ConfUtils.java:logGet(43)) - raft.server.log.appender.buffer.byte-limit = 33554432 (custom)
2019-09-21 02:33:56,509 [main] INFO  server.GrpcService (ConfUtils.java:logGet(43)) - raft.grpc.flow.control.window = 1MB (=1048576) (default)
2019-09-21 02:33:56,509 [main] INFO  server.RaftServerConfigKeys (ConfUtils.java:logGet(43)) - raft.server.rpc.request.timeout = 3000ms (default)
2019-09-21 02:33:56,510 [main] INFO  server.RaftServerConfigKeys (ConfUtils.java:logGet(43)) - raft.server.storage.dir = [/workdir/hadoop-ozone/integration-test/target/test-dir/MiniOzoneClusterImpl-c75db70a-b38d-4491-876a-314fea4a50b4/datanode-1/data/ratis] (custom)
2019-09-21 02:33:56,513 [main] INFO  hdfs.DFSUtil (DFSUtil.java:httpServerTemplateForNNAndJN(1641)) - Starting Web-server for hddsDatanode at: http://0.0.0.0:0
2019-09-21 02:33:56,514 [main] INFO  server.AuthenticationFilter (AuthenticationFilter.java:constructSecretProvider(240)) - Unable to initialize FileSignerSecretProvider, falling back to use random secrets.
2019-09-21 02:33:56,516 [main] WARN  http.HttpRequestLog (HttpRequestLog.java:getRequestLog(97)) - Jetty request log can only be enabled using Log4j
2019-09-21 02:33:56,518 [main] INFO  http.HttpServer2 (HttpServer2.java:addGlobalFilter(975)) - Added global filter 'safety' (class=org.apache.hadoop.http.HttpServer2$QuotingInputFilter)
2019-09-21 02:33:56,518 [main] INFO  http.HttpServer2 (HttpServer2.java:addFilter(948)) - Added filter static_user_filter (class=org.apache.hadoop.http.lib.StaticUserWebFilter$StaticUserFilter) to context hddsDatanode
2019-09-21 02:33:56,519 [main] INFO  http.HttpServer2 (HttpServer2.java:addFilter(958)) - Added filter static_user_filter (class=org.apache.hadoop.http.lib.StaticUserWebFilter$StaticUserFilter) to context static
2019-09-21 02:33:56,519 [main] INFO  http.HttpServer2 (HttpServer2.java:addFilter(958)) - Added filter static_user_filter (class=org.apache.hadoop.http.lib.StaticUserWebFilter$StaticUserFilter) to context logs
2019-09-21 02:33:56,520 [main] INFO  http.HttpServer2 (HttpServer2.java:bindListener(1191)) - Jetty bound to port 39760
2019-09-21 02:33:56,520 [main] INFO  server.Server (Server.java:doStart(351)) - jetty-9.3.24.v20180605, build timestamp: 2018-06-05T17:11:56Z, git hash: 84205aa28f11a4f31f2a3b86d1bba2cc8ab69827
2019-09-21 02:33:56,523 [main] INFO  handler.ContextHandler (ContextHandler.java:doStart(781)) - Started o.e.j.s.ServletContextHandler@4b6e1c0{/logs,file:///workdir/hadoop-ozone/integration-test/target/log,AVAILABLE}
2019-09-21 02:33:56,524 [main] INFO  handler.ContextHandler (ContextHandler.java:doStart(781)) - Started o.e.j.s.ServletContextHandler@654c7d2d{/static,jar:file:/home/user/.m2/repository/org/apache/hadoop/hadoop-hdds-container-service/0.5.0-SNAPSHOT/hadoop-hdds-container-service-0.5.0-SNAPSHOT.jar!/webapps/static,AVAILABLE}
2019-09-21 02:33:56,562 [main] INFO  handler.ContextHandler (ContextHandler.java:doStart(781)) - Started o.e.j.w.WebAppContext@7ceb4478{/,file:///tmp/jetty-0.0.0.0-39760-hddsDatanode-_-any-4773107000732764634.dir/webapp/,AVAILABLE}{/hddsDatanode}
2019-09-21 02:33:56,564 [main] INFO  server.AbstractConnector (AbstractConnector.java:doStart(278)) - Started ServerConnector@7fdab70c{HTTP/1.1,[http/1.1]}{0.0.0.0:39760}
2019-09-21 02:33:56,564 [main] INFO  server.Server (Server.java:doStart(419)) - Started @12551ms
2019-09-21 02:33:56,564 [main] WARN  impl.MetricsSystemImpl (MetricsSystemImpl.java:register(276)) - Sink prometheus already exists!
2019-09-21 02:33:56,565 [main] INFO  server.BaseHttpServer (BaseHttpServer.java:updateConnectorAddress(215)) - HTTP server of HDDSDATANODE is listening at http://0.0.0.0:39760
2019-09-21 02:33:56,566 [main] INFO  impl.MetricsSystemImpl (MetricsSystemImpl.java:init(158)) - HddsDatanode metrics system started (again)
2019-09-21 02:33:56,569 [org.apache.hadoop.util.JvmPauseMonitor$Monitor@4d0a36d8] INFO  util.JvmPauseMonitor (JvmPauseMonitor.java:run(188)) - Starting JVM pause monitor
2019-09-21 02:33:56,570 [main] INFO  ozone.HddsDatanodeService (HddsDatanodeService.java:start(184)) - HddsDatanodeService host:pr-hdds-2163-pdhxj-1463177635 ip:192.168.36.72
2019-09-21 02:33:56,577 [main] INFO  volume.HddsVolume (HddsVolume.java:<init>(176)) - Creating Volume: /workdir/hadoop-ozone/integration-test/target/test-dir/MiniOzoneClusterImpl-c75db70a-b38d-4491-876a-314fea4a50b4/datanode-2/data/containers/hdds of  storage type : DISK and capacity : 1482555576320
2019-09-21 02:33:56,578 [main] INFO  volume.VolumeSet (VolumeSet.java:initializeVolumeSet(170)) - Added Volume : /workdir/hadoop-ozone/integration-test/target/test-dir/MiniOzoneClusterImpl-c75db70a-b38d-4491-876a-314fea4a50b4/datanode-2/data/containers/hdds to VolumeSet
2019-09-21 02:33:56,578 [main] INFO  volume.ThrottledAsyncChecker (ThrottledAsyncChecker.java:schedule(139)) - Scheduling a check for org.apache.hadoop.ozone.container.common.volume.HddsVolume@5e5af8e1
2019-09-21 02:33:56,578 [main] INFO  volume.HddsVolumeChecker (HddsVolumeChecker.java:checkAllVolumes(202)) - Scheduled health check for volume org.apache.hadoop.ozone.container.common.volume.HddsVolume@5e5af8e1
2019-09-21 02:33:56,595 [main] INFO  impl.RaftServerProxy (ConfUtils.java:logGet(43)) - raft.rpc.type = GRPC (default)
2019-09-21 02:33:56,596 [main] INFO  grpc.GrpcFactory (GrpcFactory.java:checkPooledByteBufAllocatorUseCacheForAllThreads(45)) - PERFORMANCE WARNING: useCacheForAllThreads is true that may cause Netty to create a lot garbage objects and, as a result, trigger GC.
	It is recommended to disable useCacheForAllThreads by setting -Dorg.apache.ratis.thirdparty.io.netty.allocator.useCacheForAllThreads=false in command line.
2019-09-21 02:33:56,596 [main] INFO  grpc.GrpcConfigKeys$Server (ConfUtils.java:logGet(43)) - raft.grpc.server.port = 0 (default)
2019-09-21 02:33:56,596 [Datanode State Machine Thread - 0] INFO  datanode.InitDatanodeState (InitDatanodeState.java:persistContainerDatanodeDetails(140)) - DatanodeDetails is persisted to /workdir/hadoop-ozone/integration-test/target/test-dir/MiniOzoneClusterImpl-c75db70a-b38d-4491-876a-314fea4a50b4/datanode-0/meta/datanode.id
2019-09-21 02:33:56,596 [main] INFO  server.GrpcService (ConfUtils.java:logGet(43)) - raft.grpc.message.size.max = 33570816 (custom)
2019-09-21 02:33:56,598 [main] INFO  server.RaftServerConfigKeys (ConfUtils.java:logGet(43)) - raft.server.log.appender.buffer.byte-limit = 33554432 (custom)
2019-09-21 02:33:56,599 [main] INFO  server.GrpcService (ConfUtils.java:logGet(43)) - raft.grpc.flow.control.window = 1MB (=1048576) (default)
2019-09-21 02:33:56,599 [main] INFO  server.RaftServerConfigKeys (ConfUtils.java:logGet(43)) - raft.server.rpc.request.timeout = 3000ms (default)
2019-09-21 02:33:56,599 [Datanode State Machine Thread - 0] INFO  datanode.InitDatanodeState (InitDatanodeState.java:persistContainerDatanodeDetails(140)) - DatanodeDetails is persisted to /workdir/hadoop-ozone/integration-test/target/test-dir/MiniOzoneClusterImpl-c75db70a-b38d-4491-876a-314fea4a50b4/datanode-1/meta/datanode.id
2019-09-21 02:33:56,600 [main] INFO  server.RaftServerConfigKeys (ConfUtils.java:logGet(43)) - raft.server.storage.dir = [/workdir/hadoop-ozone/integration-test/target/test-dir/MiniOzoneClusterImpl-c75db70a-b38d-4491-876a-314fea4a50b4/datanode-2/data/ratis] (custom)
2019-09-21 02:33:56,602 [main] INFO  hdfs.DFSUtil (DFSUtil.java:httpServerTemplateForNNAndJN(1641)) - Starting Web-server for hddsDatanode at: http://0.0.0.0:0
2019-09-21 02:33:56,603 [main] INFO  server.AuthenticationFilter (AuthenticationFilter.java:constructSecretProvider(240)) - Unable to initialize FileSignerSecretProvider, falling back to use random secrets.
2019-09-21 02:33:56,604 [main] WARN  http.HttpRequestLog (HttpRequestLog.java:getRequestLog(97)) - Jetty request log can only be enabled using Log4j
2019-09-21 02:33:56,605 [main] INFO  http.HttpServer2 (HttpServer2.java:addGlobalFilter(975)) - Added global filter 'safety' (class=org.apache.hadoop.http.HttpServer2$QuotingInputFilter)
2019-09-21 02:33:56,606 [main] INFO  http.HttpServer2 (HttpServer2.java:addFilter(948)) - Added filter static_user_filter (class=org.apache.hadoop.http.lib.StaticUserWebFilter$StaticUserFilter) to context hddsDatanode
2019-09-21 02:33:56,606 [main] INFO  http.HttpServer2 (HttpServer2.java:addFilter(958)) - Added filter static_user_filter (class=org.apache.hadoop.http.lib.StaticUserWebFilter$StaticUserFilter) to context logs
2019-09-21 02:33:56,606 [main] INFO  http.HttpServer2 (HttpServer2.java:addFilter(958)) - Added filter static_user_filter (class=org.apache.hadoop.http.lib.StaticUserWebFilter$StaticUserFilter) to context static
2019-09-21 02:33:56,607 [main] INFO  http.HttpServer2 (HttpServer2.java:bindListener(1191)) - Jetty bound to port 46029
2019-09-21 02:33:56,607 [main] INFO  server.Server (Server.java:doStart(351)) - jetty-9.3.24.v20180605, build timestamp: 2018-06-05T17:11:56Z, git hash: 84205aa28f11a4f31f2a3b86d1bba2cc8ab69827
2019-09-21 02:33:56,609 [main] INFO  handler.ContextHandler (ContextHandler.java:doStart(781)) - Started o.e.j.s.ServletContextHandler@c3edf4c{/logs,file:///workdir/hadoop-ozone/integration-test/target/log,AVAILABLE}
2019-09-21 02:33:56,609 [main] INFO  handler.ContextHandler (ContextHandler.java:doStart(781)) - Started o.e.j.s.ServletContextHandler@799ed4e8{/static,jar:file:/home/user/.m2/repository/org/apache/hadoop/hadoop-hdds-container-service/0.5.0-SNAPSHOT/hadoop-hdds-container-service-0.5.0-SNAPSHOT.jar!/webapps/static,AVAILABLE}
2019-09-21 02:33:56,641 [main] INFO  handler.ContextHandler (ContextHandler.java:doStart(781)) - Started o.e.j.w.WebAppContext@599e4d41{/,file:///tmp/jetty-0.0.0.0-46029-hddsDatanode-_-any-5326297061431095834.dir/webapp/,AVAILABLE}{/hddsDatanode}
2019-09-21 02:33:56,641 [main] INFO  server.AbstractConnector (AbstractConnector.java:doStart(278)) - Started ServerConnector@328d044f{HTTP/1.1,[http/1.1]}{0.0.0.0:46029}
2019-09-21 02:33:56,642 [main] INFO  server.Server (Server.java:doStart(419)) - Started @12629ms
2019-09-21 02:33:56,642 [main] WARN  impl.MetricsSystemImpl (MetricsSystemImpl.java:register(276)) - Sink prometheus already exists!
2019-09-21 02:33:56,643 [main] INFO  server.BaseHttpServer (BaseHttpServer.java:updateConnectorAddress(215)) - HTTP server of HDDSDATANODE is listening at http://0.0.0.0:46029
2019-09-21 02:33:56,643 [main] INFO  impl.MetricsSystemImpl (MetricsSystemImpl.java:init(158)) - HddsDatanode metrics system started (again)
2019-09-21 02:33:56,647 [org.apache.hadoop.util.JvmPauseMonitor$Monitor@42f9e53f] INFO  util.JvmPauseMonitor (JvmPauseMonitor.java:run(188)) - Starting JVM pause monitor
2019-09-21 02:33:56,647 [main] INFO  ozone.HddsDatanodeService (HddsDatanodeService.java:start(184)) - HddsDatanodeService host:pr-hdds-2163-pdhxj-1463177635 ip:192.168.36.72
2019-09-21 02:33:56,650 [Datanode State Machine Thread - 0] INFO  datanode.InitDatanodeState (InitDatanodeState.java:persistContainerDatanodeDetails(140)) - DatanodeDetails is persisted to /workdir/hadoop-ozone/integration-test/target/test-dir/MiniOzoneClusterImpl-c75db70a-b38d-4491-876a-314fea4a50b4/datanode-2/meta/datanode.id
2019-09-21 02:33:56,654 [main] INFO  volume.HddsVolume (HddsVolume.java:<init>(176)) - Creating Volume: /workdir/hadoop-ozone/integration-test/target/test-dir/MiniOzoneClusterImpl-c75db70a-b38d-4491-876a-314fea4a50b4/datanode-3/data/containers/hdds of  storage type : DISK and capacity : 1482555576320
2019-09-21 02:33:56,654 [main] INFO  volume.VolumeSet (VolumeSet.java:initializeVolumeSet(170)) - Added Volume : /workdir/hadoop-ozone/integration-test/target/test-dir/MiniOzoneClusterImpl-c75db70a-b38d-4491-876a-314fea4a50b4/datanode-3/data/containers/hdds to VolumeSet
2019-09-21 02:33:56,655 [main] INFO  volume.ThrottledAsyncChecker (ThrottledAsyncChecker.java:schedule(139)) - Scheduling a check for org.apache.hadoop.ozone.container.common.volume.HddsVolume@118ffcfd
2019-09-21 02:33:56,655 [main] INFO  volume.HddsVolumeChecker (HddsVolumeChecker.java:checkAllVolumes(202)) - Scheduled health check for volume org.apache.hadoop.ozone.container.common.volume.HddsVolume@118ffcfd
2019-09-21 02:33:56,669 [main] INFO  impl.RaftServerProxy (ConfUtils.java:logGet(43)) - raft.rpc.type = GRPC (default)
2019-09-21 02:33:56,670 [main] INFO  grpc.GrpcFactory (GrpcFactory.java:checkPooledByteBufAllocatorUseCacheForAllThreads(45)) - PERFORMANCE WARNING: useCacheForAllThreads is true that may cause Netty to create a lot garbage objects and, as a result, trigger GC.
	It is recommended to disable useCacheForAllThreads by setting -Dorg.apache.ratis.thirdparty.io.netty.allocator.useCacheForAllThreads=false in command line.
2019-09-21 02:33:56,670 [main] INFO  grpc.GrpcConfigKeys$Server (ConfUtils.java:logGet(43)) - raft.grpc.server.port = 0 (default)
2019-09-21 02:33:56,670 [main] INFO  server.GrpcService (ConfUtils.java:logGet(43)) - raft.grpc.message.size.max = 33570816 (custom)
2019-09-21 02:33:56,671 [main] INFO  server.RaftServerConfigKeys (ConfUtils.java:logGet(43)) - raft.server.log.appender.buffer.byte-limit = 33554432 (custom)
2019-09-21 02:33:56,671 [main] INFO  server.GrpcService (ConfUtils.java:logGet(43)) - raft.grpc.flow.control.window = 1MB (=1048576) (default)
2019-09-21 02:33:56,671 [main] INFO  server.RaftServerConfigKeys (ConfUtils.java:logGet(43)) - raft.server.rpc.request.timeout = 3000ms (default)
2019-09-21 02:33:56,672 [main] INFO  server.RaftServerConfigKeys (ConfUtils.java:logGet(43)) - raft.server.storage.dir = [/workdir/hadoop-ozone/integration-test/target/test-dir/MiniOzoneClusterImpl-c75db70a-b38d-4491-876a-314fea4a50b4/datanode-3/data/ratis] (custom)
2019-09-21 02:33:56,674 [main] INFO  hdfs.DFSUtil (DFSUtil.java:httpServerTemplateForNNAndJN(1641)) - Starting Web-server for hddsDatanode at: http://0.0.0.0:0
2019-09-21 02:33:56,676 [main] INFO  server.AuthenticationFilter (AuthenticationFilter.java:constructSecretProvider(240)) - Unable to initialize FileSignerSecretProvider, falling back to use random secrets.
2019-09-21 02:33:56,677 [main] WARN  http.HttpRequestLog (HttpRequestLog.java:getRequestLog(97)) - Jetty request log can only be enabled using Log4j
2019-09-21 02:33:56,679 [main] INFO  http.HttpServer2 (HttpServer2.java:addGlobalFilter(975)) - Added global filter 'safety' (class=org.apache.hadoop.http.HttpServer2$QuotingInputFilter)
2019-09-21 02:33:56,680 [main] INFO  http.HttpServer2 (HttpServer2.java:addFilter(948)) - Added filter static_user_filter (class=org.apache.hadoop.http.lib.StaticUserWebFilter$StaticUserFilter) to context hddsDatanode
2019-09-21 02:33:56,680 [main] INFO  http.HttpServer2 (HttpServer2.java:addFilter(958)) - Added filter static_user_filter (class=org.apache.hadoop.http.lib.StaticUserWebFilter$StaticUserFilter) to context static
2019-09-21 02:33:56,680 [main] INFO  http.HttpServer2 (HttpServer2.java:addFilter(958)) - Added filter static_user_filter (class=org.apache.hadoop.http.lib.StaticUserWebFilter$StaticUserFilter) to context logs
2019-09-21 02:33:56,681 [main] INFO  http.HttpServer2 (HttpServer2.java:bindListener(1191)) - Jetty bound to port 35467
2019-09-21 02:33:56,681 [main] INFO  server.Server (Server.java:doStart(351)) - jetty-9.3.24.v20180605, build timestamp: 2018-06-05T17:11:56Z, git hash: 84205aa28f11a4f31f2a3b86d1bba2cc8ab69827
2019-09-21 02:33:56,685 [main] INFO  handler.ContextHandler (ContextHandler.java:doStart(781)) - Started o.e.j.s.ServletContextHandler@3cd9aa64{/logs,file:///workdir/hadoop-ozone/integration-test/target/log,AVAILABLE}
2019-09-21 02:33:56,686 [main] INFO  handler.ContextHandler (ContextHandler.java:doStart(781)) - Started o.e.j.s.ServletContextHandler@443effcb{/static,jar:file:/home/user/.m2/repository/org/apache/hadoop/hadoop-hdds-container-service/0.5.0-SNAPSHOT/hadoop-hdds-container-service-0.5.0-SNAPSHOT.jar!/webapps/static,AVAILABLE}
2019-09-21 02:33:56,717 [main] INFO  handler.ContextHandler (ContextHandler.java:doStart(781)) - Started o.e.j.w.WebAppContext@709ed6f3{/,file:///tmp/jetty-0.0.0.0-35467-hddsDatanode-_-any-8501798947382286921.dir/webapp/,AVAILABLE}{/hddsDatanode}
2019-09-21 02:33:56,718 [main] INFO  server.AbstractConnector (AbstractConnector.java:doStart(278)) - Started ServerConnector@698fee9a{HTTP/1.1,[http/1.1]}{0.0.0.0:35467}
2019-09-21 02:33:56,719 [main] INFO  server.Server (Server.java:doStart(419)) - Started @12705ms
2019-09-21 02:33:56,719 [main] WARN  impl.MetricsSystemImpl (MetricsSystemImpl.java:register(276)) - Sink prometheus already exists!
2019-09-21 02:33:56,720 [main] INFO  server.BaseHttpServer (BaseHttpServer.java:updateConnectorAddress(215)) - HTTP server of HDDSDATANODE is listening at http://0.0.0.0:35467
2019-09-21 02:33:56,720 [main] INFO  impl.MetricsSystemImpl (MetricsSystemImpl.java:init(158)) - HddsDatanode metrics system started (again)
2019-09-21 02:33:56,724 [org.apache.hadoop.util.JvmPauseMonitor$Monitor@7867363] INFO  util.JvmPauseMonitor (JvmPauseMonitor.java:run(188)) - Starting JVM pause monitor
2019-09-21 02:33:56,726 [main] INFO  ozone.HddsDatanodeService (HddsDatanodeService.java:start(184)) - HddsDatanodeService host:pr-hdds-2163-pdhxj-1463177635 ip:192.168.36.72
2019-09-21 02:33:56,727 [Datanode State Machine Thread - 0] INFO  datanode.InitDatanodeState (InitDatanodeState.java:persistContainerDatanodeDetails(140)) - DatanodeDetails is persisted to /workdir/hadoop-ozone/integration-test/target/test-dir/MiniOzoneClusterImpl-c75db70a-b38d-4491-876a-314fea4a50b4/datanode-3/meta/datanode.id
2019-09-21 02:33:56,735 [main] INFO  volume.HddsVolume (HddsVolume.java:<init>(176)) - Creating Volume: /workdir/hadoop-ozone/integration-test/target/test-dir/MiniOzoneClusterImpl-c75db70a-b38d-4491-876a-314fea4a50b4/datanode-4/data/containers/hdds of  storage type : DISK and capacity : 1482555576320
2019-09-21 02:33:56,735 [main] INFO  volume.VolumeSet (VolumeSet.java:initializeVolumeSet(170)) - Added Volume : /workdir/hadoop-ozone/integration-test/target/test-dir/MiniOzoneClusterImpl-c75db70a-b38d-4491-876a-314fea4a50b4/datanode-4/data/containers/hdds to VolumeSet
2019-09-21 02:33:56,736 [main] INFO  volume.ThrottledAsyncChecker (ThrottledAsyncChecker.java:schedule(139)) - Scheduling a check for org.apache.hadoop.ozone.container.common.volume.HddsVolume@1e253c9d
2019-09-21 02:33:56,736 [main] INFO  volume.HddsVolumeChecker (HddsVolumeChecker.java:checkAllVolumes(202)) - Scheduled health check for volume org.apache.hadoop.ozone.container.common.volume.HddsVolume@1e253c9d
2019-09-21 02:33:56,757 [main] INFO  impl.RaftServerProxy (ConfUtils.java:logGet(43)) - raft.rpc.type = GRPC (default)
2019-09-21 02:33:56,757 [main] INFO  grpc.GrpcFactory (GrpcFactory.java:checkPooledByteBufAllocatorUseCacheForAllThreads(45)) - PERFORMANCE WARNING: useCacheForAllThreads is true that may cause Netty to create a lot garbage objects and, as a result, trigger GC.
	It is recommended to disable useCacheForAllThreads by setting -Dorg.apache.ratis.thirdparty.io.netty.allocator.useCacheForAllThreads=false in command line.
2019-09-21 02:33:56,758 [main] INFO  grpc.GrpcConfigKeys$Server (ConfUtils.java:logGet(43)) - raft.grpc.server.port = 0 (default)
2019-09-21 02:33:56,758 [main] INFO  server.GrpcService (ConfUtils.java:logGet(43)) - raft.grpc.message.size.max = 33570816 (custom)
2019-09-21 02:33:56,758 [main] INFO  server.RaftServerConfigKeys (ConfUtils.java:logGet(43)) - raft.server.log.appender.buffer.byte-limit = 33554432 (custom)
2019-09-21 02:33:56,759 [main] INFO  server.GrpcService (ConfUtils.java:logGet(43)) - raft.grpc.flow.control.window = 1MB (=1048576) (default)
2019-09-21 02:33:56,759 [main] INFO  server.RaftServerConfigKeys (ConfUtils.java:logGet(43)) - raft.server.rpc.request.timeout = 3000ms (default)
2019-09-21 02:33:56,760 [main] INFO  server.RaftServerConfigKeys (ConfUtils.java:logGet(43)) - raft.server.storage.dir = [/workdir/hadoop-ozone/integration-test/target/test-dir/MiniOzoneClusterImpl-c75db70a-b38d-4491-876a-314fea4a50b4/datanode-4/data/ratis] (custom)
2019-09-21 02:33:56,762 [main] INFO  hdfs.DFSUtil (DFSUtil.java:httpServerTemplateForNNAndJN(1641)) - Starting Web-server for hddsDatanode at: http://0.0.0.0:0
2019-09-21 02:33:56,770 [main] INFO  server.AuthenticationFilter (AuthenticationFilter.java:constructSecretProvider(240)) - Unable to initialize FileSignerSecretProvider, falling back to use random secrets.
2019-09-21 02:33:56,772 [main] WARN  http.HttpRequestLog (HttpRequestLog.java:getRequestLog(97)) - Jetty request log can only be enabled using Log4j
2019-09-21 02:33:56,787 [main] INFO  http.HttpServer2 (HttpServer2.java:addGlobalFilter(975)) - Added global filter 'safety' (class=org.apache.hadoop.http.HttpServer2$QuotingInputFilter)
2019-09-21 02:33:56,789 [main] INFO  http.HttpServer2 (HttpServer2.java:addFilter(948)) - Added filter static_user_filter (class=org.apache.hadoop.http.lib.StaticUserWebFilter$StaticUserFilter) to context hddsDatanode
2019-09-21 02:33:56,789 [main] INFO  http.HttpServer2 (HttpServer2.java:addFilter(958)) - Added filter static_user_filter (class=org.apache.hadoop.http.lib.StaticUserWebFilter$StaticUserFilter) to context logs
2019-09-21 02:33:56,789 [main] INFO  http.HttpServer2 (HttpServer2.java:addFilter(958)) - Added filter static_user_filter (class=org.apache.hadoop.http.lib.StaticUserWebFilter$StaticUserFilter) to context static
2019-09-21 02:33:56,791 [main] INFO  http.HttpServer2 (HttpServer2.java:bindListener(1191)) - Jetty bound to port 43710
2019-09-21 02:33:56,791 [main] INFO  server.Server (Server.java:doStart(351)) - jetty-9.3.24.v20180605, build timestamp: 2018-06-05T17:11:56Z, git hash: 84205aa28f11a4f31f2a3b86d1bba2cc8ab69827
2019-09-21 02:33:56,796 [main] INFO  handler.ContextHandler (ContextHandler.java:doStart(781)) - Started o.e.j.s.ServletContextHandler@58f39564{/logs,file:///workdir/hadoop-ozone/integration-test/target/log,AVAILABLE}
2019-09-21 02:33:56,797 [main] INFO  handler.ContextHandler (ContextHandler.java:doStart(781)) - Started o.e.j.s.ServletContextHandler@2f4c2cd4{/static,jar:file:/home/user/.m2/repository/org/apache/hadoop/hadoop-hdds-container-service/0.5.0-SNAPSHOT/hadoop-hdds-container-service-0.5.0-SNAPSHOT.jar!/webapps/static,AVAILABLE}
2019-09-21 02:33:56,853 [main] INFO  handler.ContextHandler (ContextHandler.java:doStart(781)) - Started o.e.j.w.WebAppContext@291373d3{/,file:///tmp/jetty-0.0.0.0-43710-hddsDatanode-_-any-5463517273875314042.dir/webapp/,AVAILABLE}{/hddsDatanode}
2019-09-21 02:33:56,855 [main] INFO  server.AbstractConnector (AbstractConnector.java:doStart(278)) - Started ServerConnector@372ca2d6{HTTP/1.1,[http/1.1]}{0.0.0.0:43710}
2019-09-21 02:33:56,855 [main] INFO  server.Server (Server.java:doStart(419)) - Started @12842ms
2019-09-21 02:33:56,855 [main] WARN  impl.MetricsSystemImpl (MetricsSystemImpl.java:register(276)) - Sink prometheus already exists!
2019-09-21 02:33:56,856 [main] INFO  server.BaseHttpServer (BaseHttpServer.java:updateConnectorAddress(215)) - HTTP server of HDDSDATANODE is listening at http://0.0.0.0:43710
2019-09-21 02:33:56,859 [main] INFO  ozone.MiniOzoneClusterImpl (MiniOzoneClusterImpl.java:lambda$waitForClusterToBeReady$0(147)) - Waiting for cluster to be ready. Got 0 of 5 DN Heartbeats.
2019-09-21 02:33:56,860 [org.apache.hadoop.util.JvmPauseMonitor$Monitor@1f3adb0b] INFO  util.JvmPauseMonitor (JvmPauseMonitor.java:run(188)) - Starting JVM pause monitor
2019-09-21 02:33:56,862 [Datanode State Machine Thread - 0] INFO  datanode.InitDatanodeState (InitDatanodeState.java:persistContainerDatanodeDetails(140)) - DatanodeDetails is persisted to /workdir/hadoop-ozone/integration-test/target/test-dir/MiniOzoneClusterImpl-c75db70a-b38d-4491-876a-314fea4a50b4/datanode-4/meta/datanode.id
2019-09-21 02:33:57,860 [main] INFO  ozone.MiniOzoneClusterImpl (MiniOzoneClusterImpl.java:lambda$waitForClusterToBeReady$0(147)) - Waiting for cluster to be ready. Got 0 of 5 DN Heartbeats.
2019-09-21 02:33:58,579 [Datanode State Machine Thread - 0] INFO  ozoneimpl.OzoneContainer (OzoneContainer.java:start(217)) - Attempting to start container services.
2019-09-21 02:33:58,582 [Datanode State Machine Thread - 0] INFO  ozoneimpl.OzoneContainer (OzoneContainer.java:start(217)) - Attempting to start container services.
2019-09-21 02:33:58,582 [Datanode State Machine Thread - 0] INFO  ozoneimpl.OzoneContainer (OzoneContainer.java:startContainerScrub(179)) - Background container scanner has been disabled.
2019-09-21 02:33:58,585 [Datanode State Machine Thread - 0] INFO  ozoneimpl.OzoneContainer (OzoneContainer.java:startContainerScrub(179)) - Background container scanner has been disabled.
2019-09-21 02:33:58,586 [Datanode State Machine Thread - 0] INFO  ratis.XceiverServerRatis (XceiverServerRatis.java:start(411)) - Starting XceiverServerRatis 4f3ba854-734c-449e-9e69-f2b4bbdaaa6d at port 0
2019-09-21 02:33:58,586 [Datanode State Machine Thread - 0] INFO  ratis.XceiverServerRatis (XceiverServerRatis.java:start(411)) - Starting XceiverServerRatis 1c1258d4-5e46-4473-a929-cdf99e84163d at port 0
2019-09-21 02:33:58,611 [Datanode State Machine Thread - 0] INFO  impl.RaftServerProxy (RaftServerProxy.java:lambda$start$3(299)) - 4f3ba854-734c-449e-9e69-f2b4bbdaaa6d: start RPC server
2019-09-21 02:33:58,611 [Datanode State Machine Thread - 0] INFO  impl.RaftServerProxy (RaftServerProxy.java:lambda$start$3(299)) - 1c1258d4-5e46-4473-a929-cdf99e84163d: start RPC server
2019-09-21 02:33:58,663 [Datanode State Machine Thread - 0] INFO  ozoneimpl.OzoneContainer (OzoneContainer.java:start(217)) - Attempting to start container services.
2019-09-21 02:33:58,664 [Datanode State Machine Thread - 0] INFO  ozoneimpl.OzoneContainer (OzoneContainer.java:startContainerScrub(179)) - Background container scanner has been disabled.
2019-09-21 02:33:58,665 [Datanode State Machine Thread - 0] INFO  ratis.XceiverServerRatis (XceiverServerRatis.java:start(411)) - Starting XceiverServerRatis 7a8d98cd-2081-4eae-9064-2c2ff61600b9 at port 0
2019-09-21 02:33:58,671 [Datanode State Machine Thread - 0] INFO  impl.RaftServerProxy (RaftServerProxy.java:lambda$start$3(299)) - 7a8d98cd-2081-4eae-9064-2c2ff61600b9: start RPC server
2019-09-21 02:33:58,743 [Datanode State Machine Thread - 0] INFO  server.GrpcService (GrpcService.java:startImpl(158)) - 1c1258d4-5e46-4473-a929-cdf99e84163d: GrpcService started, listening on 0.0.0.0/0.0.0.0:36957
2019-09-21 02:33:58,743 [Datanode State Machine Thread - 0] INFO  server.GrpcService (GrpcService.java:startImpl(158)) - 7a8d98cd-2081-4eae-9064-2c2ff61600b9: GrpcService started, listening on 0.0.0.0/0.0.0.0:33510
2019-09-21 02:33:58,743 [Datanode State Machine Thread - 0] INFO  server.GrpcService (GrpcService.java:startImpl(158)) - 4f3ba854-734c-449e-9e69-f2b4bbdaaa6d: GrpcService started, listening on 0.0.0.0/0.0.0.0:35128
2019-09-21 02:33:58,744 [Datanode State Machine Thread - 0] INFO  ratis.XceiverServerRatis (XceiverServerRatis.java:start(421)) - XceiverServerRatis 7a8d98cd-2081-4eae-9064-2c2ff61600b9 is started using port 33510
2019-09-21 02:33:58,744 [Datanode State Machine Thread - 0] INFO  ratis.XceiverServerRatis (XceiverServerRatis.java:start(421)) - XceiverServerRatis 1c1258d4-5e46-4473-a929-cdf99e84163d is started using port 36957
2019-09-21 02:33:58,744 [Datanode State Machine Thread - 0] INFO  ratis.XceiverServerRatis (XceiverServerRatis.java:start(421)) - XceiverServerRatis 4f3ba854-734c-449e-9e69-f2b4bbdaaa6d is started using port 35128
2019-09-21 02:33:58,749 [Datanode State Machine Thread - 0] INFO  server.XceiverServerGrpc (XceiverServerGrpc.java:start(149)) - XceiverServerGrpc 7a8d98cd-2081-4eae-9064-2c2ff61600b9 is started using port 44432
2019-09-21 02:33:58,749 [Datanode State Machine Thread - 0] INFO  server.XceiverServerGrpc (XceiverServerGrpc.java:start(149)) - XceiverServerGrpc 4f3ba854-734c-449e-9e69-f2b4bbdaaa6d is started using port 33524
2019-09-21 02:33:58,749 [Datanode State Machine Thread - 0] INFO  server.XceiverServerGrpc (XceiverServerGrpc.java:start(149)) - XceiverServerGrpc 1c1258d4-5e46-4473-a929-cdf99e84163d is started using port 39524
2019-09-21 02:33:58,754 [Datanode State Machine Thread - 0] INFO  ozoneimpl.OzoneContainer (OzoneContainer.java:start(217)) - Attempting to start container services.
2019-09-21 02:33:58,756 [Datanode State Machine Thread - 0] INFO  ozoneimpl.OzoneContainer (OzoneContainer.java:startContainerScrub(179)) - Background container scanner has been disabled.
2019-09-21 02:33:58,756 [Datanode State Machine Thread - 0] INFO  ratis.XceiverServerRatis (XceiverServerRatis.java:start(411)) - Starting XceiverServerRatis 88a587d4-13ec-4b84-86b6-600ae54e939b at port 0
2019-09-21 02:33:58,762 [Datanode State Machine Thread - 0] INFO  impl.RaftServerProxy (RaftServerProxy.java:lambda$start$3(299)) - 88a587d4-13ec-4b84-86b6-600ae54e939b: start RPC server
2019-09-21 02:33:58,764 [Datanode State Machine Thread - 0] INFO  server.GrpcService (GrpcService.java:startImpl(158)) - 88a587d4-13ec-4b84-86b6-600ae54e939b: GrpcService started, listening on 0.0.0.0/0.0.0.0:45796
2019-09-21 02:33:58,765 [Datanode State Machine Thread - 0] INFO  ratis.XceiverServerRatis (XceiverServerRatis.java:start(421)) - XceiverServerRatis 88a587d4-13ec-4b84-86b6-600ae54e939b is started using port 45796
2019-09-21 02:33:58,766 [Datanode State Machine Thread - 0] INFO  server.XceiverServerGrpc (XceiverServerGrpc.java:start(149)) - XceiverServerGrpc 88a587d4-13ec-4b84-86b6-600ae54e939b is started using port 37591
2019-09-21 02:33:58,862 [main] INFO  ozone.MiniOzoneClusterImpl (MiniOzoneClusterImpl.java:lambda$waitForClusterToBeReady$0(147)) - Waiting for cluster to be ready. Got 0 of 5 DN Heartbeats.
2019-09-21 02:33:58,890 [Datanode State Machine Thread - 0] INFO  ozoneimpl.OzoneContainer (OzoneContainer.java:start(217)) - Attempting to start container services.
2019-09-21 02:33:58,897 [Datanode State Machine Thread - 0] INFO  ozoneimpl.OzoneContainer (OzoneContainer.java:startContainerScrub(179)) - Background container scanner has been disabled.
2019-09-21 02:33:58,897 [Datanode State Machine Thread - 0] INFO  ratis.XceiverServerRatis (XceiverServerRatis.java:start(411)) - Starting XceiverServerRatis 9bb64537-e00f-42df-af41-b182dac1ca30 at port 0
2019-09-21 02:33:58,903 [Datanode State Machine Thread - 0] INFO  impl.RaftServerProxy (RaftServerProxy.java:lambda$start$3(299)) - 9bb64537-e00f-42df-af41-b182dac1ca30: start RPC server
2019-09-21 02:33:58,907 [Datanode State Machine Thread - 0] INFO  server.GrpcService (GrpcService.java:startImpl(158)) - 9bb64537-e00f-42df-af41-b182dac1ca30: GrpcService started, listening on 0.0.0.0/0.0.0.0:37758
2019-09-21 02:33:58,907 [Datanode State Machine Thread - 0] INFO  ratis.XceiverServerRatis (XceiverServerRatis.java:start(421)) - XceiverServerRatis 9bb64537-e00f-42df-af41-b182dac1ca30 is started using port 37758
2019-09-21 02:33:58,910 [Datanode State Machine Thread - 0] INFO  server.XceiverServerGrpc (XceiverServerGrpc.java:start(149)) - XceiverServerGrpc 9bb64537-e00f-42df-af41-b182dac1ca30 is started using port 35557
2019-09-21 02:33:59,862 [main] INFO  ozone.MiniOzoneClusterImpl (MiniOzoneClusterImpl.java:lambda$waitForClusterToBeReady$0(147)) - Waiting for cluster to be ready. Got 0 of 5 DN Heartbeats.
2019-09-21 02:34:00,522 [IPC Server handler 2 on 33553] INFO  net.NetworkTopology (NetworkTopologyImpl.java:add(111)) - Added a new node: /default-rack/4f3ba854-734c-449e-9e69-f2b4bbdaaa6d
2019-09-21 02:34:00,523 [IPC Server handler 2 on 33553] INFO  node.SCMNodeManager (SCMNodeManager.java:register(266)) - Registered Data node : 4f3ba854-734c-449e-9e69-f2b4bbdaaa6d{ip: 192.168.36.72, host: pr-hdds-2163-pdhxj-1463177635, networkLocation: /default-rack, certSerialId: null}
2019-09-21 02:34:00,527 [EventQueue-NodeRegistrationContainerReportForDataNodeSafeModeRule] INFO  safemode.SCMSafeModeManager (DataNodeSafeModeRule.java:process(71)) - SCM in safe mode. 1 DataNodes registered, 1 required.
2019-09-21 02:34:00,527 [EventQueue-NodeRegistrationContainerReportForDataNodeSafeModeRule] INFO  safemode.SCMSafeModeManager (SCMSafeModeManager.java:validateSafeModeExitRules(177)) - ScmSafeModeManager, all rules are successfully validated
2019-09-21 02:34:00,528 [EventQueue-NodeRegistrationContainerReportForDataNodeSafeModeRule] INFO  safemode.SCMSafeModeManager (SCMSafeModeManager.java:exitSafeMode(193)) - SCM exiting safe mode.
2019-09-21 02:34:00,574 [IPC Server handler 3 on 33553] INFO  net.NetworkTopology (NetworkTopologyImpl.java:add(111)) - Added a new node: /default-rack/1c1258d4-5e46-4473-a929-cdf99e84163d
2019-09-21 02:34:00,574 [IPC Server handler 3 on 33553] INFO  node.SCMNodeManager (SCMNodeManager.java:register(266)) - Registered Data node : 1c1258d4-5e46-4473-a929-cdf99e84163d{ip: 192.168.36.72, host: pr-hdds-2163-pdhxj-1463177635, networkLocation: /default-rack, certSerialId: null}
2019-09-21 02:34:00,650 [IPC Server handler 1 on 33553] INFO  net.NetworkTopology (NetworkTopologyImpl.java:add(111)) - Added a new node: /default-rack/7a8d98cd-2081-4eae-9064-2c2ff61600b9
2019-09-21 02:34:00,651 [IPC Server handler 1 on 33553] INFO  node.SCMNodeManager (SCMNodeManager.java:register(266)) - Registered Data node : 7a8d98cd-2081-4eae-9064-2c2ff61600b9{ip: 192.168.36.72, host: pr-hdds-2163-pdhxj-1463177635, networkLocation: /default-rack, certSerialId: null}
2019-09-21 02:34:00,728 [IPC Server handler 5 on 33553] INFO  net.NetworkTopology (NetworkTopologyImpl.java:add(111)) - Added a new node: /default-rack/88a587d4-13ec-4b84-86b6-600ae54e939b
2019-09-21 02:34:00,728 [IPC Server handler 5 on 33553] INFO  node.SCMNodeManager (SCMNodeManager.java:register(266)) - Registered Data node : 88a587d4-13ec-4b84-86b6-600ae54e939b{ip: 192.168.36.72, host: pr-hdds-2163-pdhxj-1463177635, networkLocation: /default-rack, certSerialId: null}
2019-09-21 02:34:00,863 [main] INFO  ozone.MiniOzoneClusterImpl (MiniOzoneClusterImpl.java:lambda$waitForClusterToBeReady$0(147)) - Waiting for cluster to be ready. Got 4 of 5 DN Heartbeats.
2019-09-21 02:34:00,866 [IPC Server handler 7 on 33553] INFO  net.NetworkTopology (NetworkTopologyImpl.java:add(111)) - Added a new node: /default-rack/9bb64537-e00f-42df-af41-b182dac1ca30
2019-09-21 02:34:00,867 [IPC Server handler 7 on 33553] INFO  node.SCMNodeManager (SCMNodeManager.java:register(266)) - Registered Data node : 9bb64537-e00f-42df-af41-b182dac1ca30{ip: 192.168.36.72, host: pr-hdds-2163-pdhxj-1463177635, networkLocation: /default-rack, certSerialId: null}
2019-09-21 02:34:01,048 [grpc-default-executor-0] INFO  impl.RaftServerProxy (RaftServerProxy.java:addNew(89)) - 4f3ba854-734c-449e-9e69-f2b4bbdaaa6d: addNew group-8563A3E6B674:[4f3ba854-734c-449e-9e69-f2b4bbdaaa6d:192.168.36.72:35128] returns group-8563A3E6B674:java.util.concurrent.CompletableFuture@1e49a118[Not completed]
2019-09-21 02:34:01,067 [pool-27-thread-1] INFO  impl.RaftServerImpl (RaftServerImpl.java:<init>(95)) - 4f3ba854-734c-449e-9e69-f2b4bbdaaa6d: new RaftServerImpl for group-8563A3E6B674:[4f3ba854-734c-449e-9e69-f2b4bbdaaa6d:192.168.36.72:35128] with ContainerStateMachine:uninitialized
2019-09-21 02:34:01,069 [pool-27-thread-1] INFO  server.RaftServerConfigKeys (ConfUtils.java:logGet(43)) - raft.server.rpc.timeout.min = 5s (custom)
2019-09-21 02:34:01,070 [pool-27-thread-1] INFO  server.RaftServerConfigKeys (ConfUtils.java:logGet(43)) - raft.server.rpc.timeout.max = 5200ms (custom)
2019-09-21 02:34:01,071 [pool-27-thread-1] INFO  server.RaftServerConfigKeys (ConfUtils.java:logGet(43)) - raft.server.rpcslowness.timeout = 120s (custom)
2019-09-21 02:34:01,071 [pool-27-thread-1] INFO  server.RaftServerConfigKeys (ConfUtils.java:logGet(43)) - raft.server.sleep.deviation.threshold = 300 (default)
2019-09-21 02:34:01,072 [pool-27-thread-1] INFO  server.RaftServerConfigKeys (ConfUtils.java:logGet(43)) - raft.server.log.appender.install.snapshot.enabled = false (custom)
2019-09-21 02:34:01,081 [pool-27-thread-1] INFO  impl.RaftServerImpl (ServerState.java:<init>(103)) - 4f3ba854-734c-449e-9e69-f2b4bbdaaa6d@group-8563A3E6B674: ConfigurationManager, init=-1: [4f3ba854-734c-449e-9e69-f2b4bbdaaa6d:192.168.36.72:35128], old=null, confs=<EMPTY_MAP>
2019-09-21 02:34:01,081 [pool-27-thread-1] INFO  server.RaftServerConfigKeys (ConfUtils.java:logGet(43)) - raft.server.storage.dir = [/workdir/hadoop-ozone/integration-test/target/test-dir/MiniOzoneClusterImpl-c75db70a-b38d-4491-876a-314fea4a50b4/datanode-0/data/ratis] (custom)
2019-09-21 02:34:01,089 [pool-27-thread-1] INFO  storage.RaftStorageDirectory (RaftStorageDirectory.java:analyzeStorage(246)) - The storage directory /workdir/hadoop-ozone/integration-test/target/test-dir/MiniOzoneClusterImpl-c75db70a-b38d-4491-876a-314fea4a50b4/datanode-0/data/ratis/04876498-e18a-44c7-acc4-8563a3e6b674 does not exist. Creating ...
2019-09-21 02:34:01,857 [pool-27-thread-1] INFO  storage.RaftStorageDirectory (RaftStorageDirectory.java:tryLock(328)) - Lock on /workdir/hadoop-ozone/integration-test/target/test-dir/MiniOzoneClusterImpl-c75db70a-b38d-4491-876a-314fea4a50b4/datanode-0/data/ratis/04876498-e18a-44c7-acc4-8563a3e6b674/in_use.lock acquired by nodename 5013@pr-hdds-2163-pdhxj-1463177635
2019-09-21 02:34:01,864 [main] INFO  ozone.MiniOzoneClusterImpl (MiniOzoneClusterImpl.java:lambda$waitForClusterToBeReady$0(147)) - Cluster is ready. Got 5 of 5 DN Heartbeats.
2019-09-21 02:34:02,399 [pool-27-thread-1] INFO  storage.RaftStorage (RaftStorage.java:format(72)) - Storage directory /workdir/hadoop-ozone/integration-test/target/test-dir/MiniOzoneClusterImpl-c75db70a-b38d-4491-876a-314fea4a50b4/datanode-0/data/ratis/04876498-e18a-44c7-acc4-8563a3e6b674 has been successfully formatted.
2019-09-21 02:34:02,402 [pool-27-thread-1] INFO  ratis.ContainerStateMachine (ContainerStateMachine.java:loadSnapshot(230)) - group-8563A3E6B674: The snapshot info is null. Setting the last applied indexto:(t:0, i:~)
2019-09-21 02:34:02,403 [pool-27-thread-1] INFO  server.RaftServerConfigKeys (ConfUtils.java:logGet(43)) - raft.server.notification.no-leader.timeout = 120s (custom)
2019-09-21 02:34:02,406 [pool-27-thread-1] INFO  server.RaftServerConfigKeys (ConfUtils.java:logGet(43)) - raft.server.log.use.memory = false (default)
2019-09-21 02:34:02,413 [pool-27-thread-1] INFO  server.RaftServerConfigKeys (ConfUtils.java:logGet(43)) - raft.server.log.purge.gap = 1000000 (custom)
2019-09-21 02:34:02,414 [pool-27-thread-1] INFO  server.RaftServerConfigKeys (ConfUtils.java:logGet(43)) - raft.server.log.appender.buffer.byte-limit = 33554432 (custom)
2019-09-21 02:34:02,417 [pool-27-thread-1] INFO  server.RaftServerConfigKeys (ConfUtils.java:logGet(43)) - raft.server.log.segment.size.max = 1048576 (custom)
2019-09-21 02:34:02,423 [pool-27-thread-1] INFO  server.RaftServerConfigKeys (ConfUtils.java:logGet(43)) - raft.server.log.segment.cache.num.max = 2 (custom)
2019-09-21 02:34:02,429 [pool-27-thread-1] INFO  segmented.SegmentedRaftLogWorker (SegmentedRaftLogWorker.java:<init>(172)) - new 4f3ba854-734c-449e-9e69-f2b4bbdaaa6d@group-8563A3E6B674-SegmentedRaftLogWorker for RaftStorage:Storage Directory /workdir/hadoop-ozone/integration-test/target/test-dir/MiniOzoneClusterImpl-c75db70a-b38d-4491-876a-314fea4a50b4/datanode-0/data/ratis/04876498-e18a-44c7-acc4-8563a3e6b674
2019-09-21 02:34:02,431 [pool-27-thread-1] INFO  impl.MetricsSystemImpl (MetricsSystemImpl.java:init(158)) - ratis metrics system started (again)
2019-09-21 02:34:02,438 [pool-27-thread-1] INFO  metrics.MetricRegistries (MetricRegistriesLoader.java:load(64)) - Loaded MetricRegistries class org.apache.ratis.metrics.impl.MetricRegistriesImpl
2019-09-21 02:34:02,471 [pool-27-thread-1] INFO  server.RaftServerConfigKeys (ConfUtils.java:logGet(43)) - raft.server.log.queue.byte-limit = 2147483647 (custom)
2019-09-21 02:34:02,472 [pool-27-thread-1] INFO  server.RaftServerConfigKeys (ConfUtils.java:logGet(43)) - raft.server.log.queue.element-limit = 1024 (custom)
2019-09-21 02:34:02,475 [pool-27-thread-1] INFO  server.RaftServerConfigKeys (ConfUtils.java:logGet(43)) - raft.server.log.segment.size.max = 1048576 (custom)
2019-09-21 02:34:02,475 [pool-27-thread-1] INFO  server.RaftServerConfigKeys (ConfUtils.java:logGet(43)) - raft.server.log.preallocated.size = 16384 (custom)
2019-09-21 02:34:02,476 [pool-27-thread-1] INFO  server.RaftServerConfigKeys (ConfUtils.java:logGet(43)) - raft.server.log.write.buffer.size = 33554432 (custom)
2019-09-21 02:34:02,476 [pool-27-thread-1] INFO  server.RaftServerConfigKeys (ConfUtils.java:logGet(43)) - raft.server.log.force.sync.num = 128 (default)
2019-09-21 02:34:02,477 [pool-27-thread-1] INFO  server.RaftServerConfigKeys (ConfUtils.java:logGet(43)) - raft.server.log.statemachine.data.sync = true (default)
2019-09-21 02:34:02,477 [pool-27-thread-1] INFO  server.RaftServerConfigKeys (ConfUtils.java:logGet(43)) - raft.server.log.statemachine.data.sync.timeout = 10s (default)
2019-09-21 02:34:02,478 [pool-27-thread-1] INFO  server.RaftServerConfigKeys (ConfUtils.java:logGet(43)) - raft.server.log.statemachine.data.sync.timeout.retry = -1 (default)
2019-09-21 02:34:02,486 [pool-27-thread-1] INFO  server.RaftServerConfigKeys (ConfUtils.java:logGet(43)) - raft.server.log.statemachine.data.caching.enabled = true (custom)
2019-09-21 02:34:02,493 [pool-27-thread-1] INFO  segmented.SegmentedRaftLogWorker (SegmentedRaftLogWorker.java:lambda$new$0(132)) - 4f3ba854-734c-449e-9e69-f2b4bbdaaa6d@group-8563A3E6B674-SegmentedRaftLogWorker: flushIndex: setUnconditionally 0 -> -1
2019-09-21 02:34:02,497 [pool-27-thread-1] INFO  server.RaftServerConfigKeys (ConfUtils.java:logGet(43)) - raft.server.snapshot.auto.trigger.enabled = true (custom)
2019-09-21 02:34:02,498 [pool-27-thread-1] INFO  server.RaftServerConfigKeys (ConfUtils.java:logGet(43)) - raft.server.snapshot.auto.trigger.threshold = 10000 (custom)
2019-09-21 02:34:02,498 [pool-27-thread-1] INFO  server.RaftServerConfigKeys (ConfUtils.java:logGet(43)) - raft.server.snapshot.retention.num.files = 5 (custom)
2019-09-21 02:34:02,499 [pool-27-thread-1] INFO  server.RaftServerConfigKeys (ConfUtils.java:logGet(43)) - raft.server.retrycache.expirytime = 600000ms (custom)
2019-09-21 02:34:02,525 [pool-27-thread-1] INFO  impl.RaftServerImpl (RaftServerImpl.java:start(185)) - 4f3ba854-734c-449e-9e69-f2b4bbdaaa6d@group-8563A3E6B674: start as a follower, conf=-1: [4f3ba854-734c-449e-9e69-f2b4bbdaaa6d:192.168.36.72:35128], old=null
2019-09-21 02:34:02,527 [pool-27-thread-1] INFO  impl.RaftServerImpl (RaftServerImpl.java:setRole(174)) - 4f3ba854-734c-449e-9e69-f2b4bbdaaa6d@group-8563A3E6B674: changes role from      null to FOLLOWER at term 0 for startAsFollower
2019-09-21 02:34:02,529 [pool-27-thread-1] INFO  impl.RoleInfo (RoleInfo.java:updateAndGet(143)) - 4f3ba854-734c-449e-9e69-f2b4bbdaaa6d: start FollowerState
2019-09-21 02:34:02,532 [pool-27-thread-1] INFO  util.JmxRegister (JmxRegister.java:tryRegister(44)) - Successfully registered JMX Bean with object name Ratis:service=RaftServer,group=group-8563A3E6B674,id=4f3ba854-734c-449e-9e69-f2b4bbdaaa6d
2019-09-21 02:34:03,534 [Thread-208] INFO  container.ReplicationManager (ReplicationManager.java:start(162)) - Starting Replication Monitor Thread.
2019-09-21 02:34:03,880 [RatisPipelineUtilsThread] INFO  pipeline.PipelineStateManager (PipelineStateManager.java:addPipeline(56)) - Created pipeline Pipeline[ Id: 04876498-e18a-44c7-acc4-8563a3e6b674, Nodes: 4f3ba854-734c-449e-9e69-f2b4bbdaaa6d{ip: 192.168.36.72, host: pr-hdds-2163-pdhxj-1463177635, networkLocation: /default-rack, certSerialId: null}, Type:RATIS, Factor:ONE, State:OPEN]
2019-09-21 02:34:03,911 [grpc-default-executor-0] INFO  impl.RaftServerProxy (RaftServerProxy.java:addNew(89)) - 88a587d4-13ec-4b84-86b6-600ae54e939b: addNew group-30B47DF7F426:[88a587d4-13ec-4b84-86b6-600ae54e939b:192.168.36.72:45796] returns group-30B47DF7F426:java.util.concurrent.CompletableFuture@1650323[Not completed]
2019-09-21 02:34:03,963 [pool-57-thread-1] INFO  impl.RaftServerImpl (RaftServerImpl.java:<init>(95)) - 88a587d4-13ec-4b84-86b6-600ae54e939b: new RaftServerImpl for group-30B47DF7F426:[88a587d4-13ec-4b84-86b6-600ae54e939b:192.168.36.72:45796] with ContainerStateMachine:uninitialized
2019-09-21 02:34:03,965 [pool-57-thread-1] INFO  server.RaftServerConfigKeys (ConfUtils.java:logGet(43)) - raft.server.rpc.timeout.min = 5s (custom)
2019-09-21 02:34:03,965 [pool-57-thread-1] INFO  server.RaftServerConfigKeys (ConfUtils.java:logGet(43)) - raft.server.rpc.timeout.max = 5200ms (custom)
2019-09-21 02:34:03,965 [pool-57-thread-1] INFO  server.RaftServerConfigKeys (ConfUtils.java:logGet(43)) - raft.server.rpcslowness.timeout = 120s (custom)
2019-09-21 02:34:03,966 [pool-57-thread-1] INFO  server.RaftServerConfigKeys (ConfUtils.java:logGet(43)) - raft.server.sleep.deviation.threshold = 300 (default)
2019-09-21 02:34:03,966 [pool-57-thread-1] INFO  server.RaftServerConfigKeys (ConfUtils.java:logGet(43)) - raft.server.log.appender.install.snapshot.enabled = false (custom)
2019-09-21 02:34:03,966 [pool-57-thread-1] INFO  impl.RaftServerImpl (ServerState.java:<init>(103)) - 88a587d4-13ec-4b84-86b6-600ae54e939b@group-30B47DF7F426: ConfigurationManager, init=-1: [88a587d4-13ec-4b84-86b6-600ae54e939b:192.168.36.72:45796], old=null, confs=<EMPTY_MAP>
2019-09-21 02:34:03,967 [pool-57-thread-1] INFO  server.RaftServerConfigKeys (ConfUtils.java:logGet(43)) - raft.server.storage.dir = [/workdir/hadoop-ozone/integration-test/target/test-dir/MiniOzoneClusterImpl-c75db70a-b38d-4491-876a-314fea4a50b4/datanode-3/data/ratis] (custom)
2019-09-21 02:34:03,967 [pool-57-thread-1] INFO  storage.RaftStorageDirectory (RaftStorageDirectory.java:analyzeStorage(246)) - The storage directory /workdir/hadoop-ozone/integration-test/target/test-dir/MiniOzoneClusterImpl-c75db70a-b38d-4491-876a-314fea4a50b4/datanode-3/data/ratis/99ab7313-48eb-4470-8e2d-30b47df7f426 does not exist. Creating ...
2019-09-21 02:34:06,692 [pool-57-thread-1] INFO  storage.RaftStorageDirectory (RaftStorageDirectory.java:tryLock(328)) - Lock on /workdir/hadoop-ozone/integration-test/target/test-dir/MiniOzoneClusterImpl-c75db70a-b38d-4491-876a-314fea4a50b4/datanode-3/data/ratis/99ab7313-48eb-4470-8e2d-30b47df7f426/in_use.lock acquired by nodename 5013@pr-hdds-2163-pdhxj-1463177635
2019-09-21 02:34:06,906 [RATISCREATEPIPELINE1] ERROR pipeline.RatisPipelineProvider (RatisPipelineProvider.java:lambda$null$5(235)) - Failed invoke Ratis rpc org.apache.hadoop.hdds.scm.pipeline.RatisPipelineProvider$$Lambda$186/1054712797@33031e1d for 88a587d4-13ec-4b84-86b6-600ae54e939b
org.apache.ratis.protocol.TimeoutIOException: deadline exceeded after 2999539005ns
	at org.apache.ratis.grpc.GrpcUtil.tryUnwrapException(GrpcUtil.java:82)
	at org.apache.ratis.grpc.GrpcUtil.unwrapException(GrpcUtil.java:75)
	at org.apache.ratis.grpc.client.GrpcClientProtocolClient.blockingCall(GrpcClientProtocolClient.java:178)
	at org.apache.ratis.grpc.client.GrpcClientProtocolClient.groupAdd(GrpcClientProtocolClient.java:147)
	at org.apache.ratis.grpc.client.GrpcClientRpc.sendRequest(GrpcClientRpc.java:94)
	at org.apache.ratis.client.impl.RaftClientImpl.sendRequest(RaftClientImpl.java:278)
	at org.apache.ratis.client.impl.RaftClientImpl.groupAdd(RaftClientImpl.java:205)
	at org.apache.hadoop.hdds.scm.pipeline.RatisPipelineProvider.lambda$initializePipeline$4(RatisPipelineProvider.java:196)
	at org.apache.hadoop.hdds.scm.pipeline.RatisPipelineProvider.lambda$null$5(RatisPipelineProvider.java:231)
	at java.util.stream.ForEachOps$ForEachOp$OfRef.accept(ForEachOps.java:184)
	at java.util.ArrayList$ArrayListSpliterator.forEachRemaining(ArrayList.java:1382)
	at java.util.stream.AbstractPipeline.copyInto(AbstractPipeline.java:482)
	at java.util.stream.ForEachOps$ForEachTask.compute(ForEachOps.java:291)
	at java.util.concurrent.CountedCompleter.exec(CountedCompleter.java:731)
	at java.util.concurrent.ForkJoinTask.doExec(ForkJoinTask.java:289)
	at java.util.concurrent.ForkJoinTask.doInvoke(ForkJoinTask.java:401)
	at java.util.concurrent.ForkJoinTask.invoke(ForkJoinTask.java:734)
	at java.util.stream.ForEachOps$ForEachOp.evaluateParallel(ForEachOps.java:160)
	at java.util.stream.ForEachOps$ForEachOp$OfRef.evaluateParallel(ForEachOps.java:174)
	at java.util.stream.AbstractPipeline.evaluate(AbstractPipeline.java:233)
	at java.util.stream.ReferencePipeline.forEach(ReferencePipeline.java:418)
	at java.util.stream.ReferencePipeline$Head.forEach(ReferencePipeline.java:583)
	at org.apache.hadoop.hdds.scm.pipeline.RatisPipelineProvider.lambda$callRatisRpc$6(RatisPipelineProvider.java:225)
	at java.util.concurrent.ForkJoinTask$AdaptedRunnableAction.exec(ForkJoinTask.java:1386)
	at java.util.concurrent.ForkJoinTask.doExec(ForkJoinTask.java:289)
	at java.util.concurrent.ForkJoinPool$WorkQueue.runTask(ForkJoinPool.java:1056)
	at java.util.concurrent.ForkJoinPool.runWorker(ForkJoinPool.java:1692)
	at java.util.concurrent.ForkJoinWorkerThread.run(ForkJoinWorkerThread.java:157)
Caused by: org.apache.ratis.thirdparty.io.grpc.StatusRuntimeException: DEADLINE_EXCEEDED: deadline exceeded after 2999539005ns
	at org.apache.ratis.thirdparty.io.grpc.stub.ClientCalls.toStatusRuntimeException(ClientCalls.java:233)
	at org.apache.ratis.thirdparty.io.grpc.stub.ClientCalls.getUnchecked(ClientCalls.java:214)
	at org.apache.ratis.thirdparty.io.grpc.stub.ClientCalls.blockingUnaryCall(ClientCalls.java:139)
	at org.apache.ratis.proto.grpc.AdminProtocolServiceGrpc$AdminProtocolServiceBlockingStub.groupManagement(AdminProtocolServiceGrpc.java:274)
	at org.apache.ratis.grpc.client.GrpcClientProtocolClient.lambda$groupAdd$3(GrpcClientProtocolClient.java:149)
	at org.apache.ratis.grpc.client.GrpcClientProtocolClient.blockingCall(GrpcClientProtocolClient.java:176)
	... 25 more
2019-09-21 02:34:06,968 [grpc-default-executor-1] INFO  impl.RaftServerProxy (RaftServerProxy.java:addNew(89)) - 9bb64537-e00f-42df-af41-b182dac1ca30: addNew group-ECEF00A15356:[9bb64537-e00f-42df-af41-b182dac1ca30:192.168.36.72:37758, 88a587d4-13ec-4b84-86b6-600ae54e939b:192.168.36.72:45796, 4f3ba854-734c-449e-9e69-f2b4bbdaaa6d:192.168.36.72:35128] returns group-ECEF00A15356:java.util.concurrent.CompletableFuture@48fc5947[Not completed]
2019-09-21 02:34:06,968 [grpc-default-executor-2] INFO  impl.RaftServerProxy (RaftServerProxy.java:addNew(89)) - 88a587d4-13ec-4b84-86b6-600ae54e939b: addNew group-ECEF00A15356:[9bb64537-e00f-42df-af41-b182dac1ca30:192.168.36.72:37758, 88a587d4-13ec-4b84-86b6-600ae54e939b:192.168.36.72:45796, 4f3ba854-734c-449e-9e69-f2b4bbdaaa6d:192.168.36.72:35128] returns group-ECEF00A15356:java.util.concurrent.CompletableFuture@392ec062[Not completed]
2019-09-21 02:34:06,968 [grpc-default-executor-0] INFO  impl.RaftServerProxy (RaftServerProxy.java:addNew(89)) - 4f3ba854-734c-449e-9e69-f2b4bbdaaa6d: addNew group-ECEF00A15356:[9bb64537-e00f-42df-af41-b182dac1ca30:192.168.36.72:37758, 88a587d4-13ec-4b84-86b6-600ae54e939b:192.168.36.72:45796, 4f3ba854-734c-449e-9e69-f2b4bbdaaa6d:192.168.36.72:35128] returns group-ECEF00A15356:java.util.concurrent.CompletableFuture@1beda8a8[Not completed]
2019-09-21 02:34:06,992 [pool-67-thread-1] INFO  impl.RaftServerImpl (RaftServerImpl.java:<init>(95)) - 9bb64537-e00f-42df-af41-b182dac1ca30: new RaftServerImpl for group-ECEF00A15356:[9bb64537-e00f-42df-af41-b182dac1ca30:192.168.36.72:37758, 88a587d4-13ec-4b84-86b6-600ae54e939b:192.168.36.72:45796, 4f3ba854-734c-449e-9e69-f2b4bbdaaa6d:192.168.36.72:35128] with ContainerStateMachine:uninitialized
2019-09-21 02:34:06,993 [pool-67-thread-1] INFO  server.RaftServerConfigKeys (ConfUtils.java:logGet(43)) - raft.server.rpc.timeout.min = 5s (custom)
2019-09-21 02:34:06,993 [pool-67-thread-1] INFO  server.RaftServerConfigKeys (ConfUtils.java:logGet(43)) - raft.server.rpc.timeout.max = 5200ms (custom)
2019-09-21 02:34:06,993 [pool-67-thread-1] INFO  server.RaftServerConfigKeys (ConfUtils.java:logGet(43)) - raft.server.rpcslowness.timeout = 120s (custom)
2019-09-21 02:34:06,993 [pool-67-thread-1] INFO  server.RaftServerConfigKeys (ConfUtils.java:logGet(43)) - raft.server.sleep.deviation.threshold = 300 (default)
2019-09-21 02:34:06,993 [pool-27-thread-1] INFO  impl.RaftServerImpl (RaftServerImpl.java:<init>(95)) - 4f3ba854-734c-449e-9e69-f2b4bbdaaa6d: new RaftServerImpl for group-ECEF00A15356:[9bb64537-e00f-42df-af41-b182dac1ca30:192.168.36.72:37758, 88a587d4-13ec-4b84-86b6-600ae54e939b:192.168.36.72:45796, 4f3ba854-734c-449e-9e69-f2b4bbdaaa6d:192.168.36.72:35128] with ContainerStateMachine:uninitialized
2019-09-21 02:34:06,993 [pool-67-thread-1] INFO  server.RaftServerConfigKeys (ConfUtils.java:logGet(43)) - raft.server.log.appender.install.snapshot.enabled = false (custom)
2019-09-21 02:34:06,994 [pool-27-thread-1] INFO  server.RaftServerConfigKeys (ConfUtils.java:logGet(43)) - raft.server.rpc.timeout.min = 5s (custom)
2019-09-21 02:34:06,994 [pool-67-thread-1] INFO  impl.RaftServerImpl (ServerState.java:<init>(103)) - 9bb64537-e00f-42df-af41-b182dac1ca30@group-ECEF00A15356: ConfigurationManager, init=-1: [9bb64537-e00f-42df-af41-b182dac1ca30:192.168.36.72:37758, 88a587d4-13ec-4b84-86b6-600ae54e939b:192.168.36.72:45796, 4f3ba854-734c-449e-9e69-f2b4bbdaaa6d:192.168.36.72:35128], old=null, confs=<EMPTY_MAP>
2019-09-21 02:34:06,994 [pool-27-thread-1] INFO  server.RaftServerConfigKeys (ConfUtils.java:logGet(43)) - raft.server.rpc.timeout.max = 5200ms (custom)
2019-09-21 02:34:06,994 [pool-27-thread-1] INFO  server.RaftServerConfigKeys (ConfUtils.java:logGet(43)) - raft.server.rpcslowness.timeout = 120s (custom)
2019-09-21 02:34:06,994 [pool-67-thread-1] INFO  server.RaftServerConfigKeys (ConfUtils.java:logGet(43)) - raft.server.storage.dir = [/workdir/hadoop-ozone/integration-test/target/test-dir/MiniOzoneClusterImpl-c75db70a-b38d-4491-876a-314fea4a50b4/datanode-4/data/ratis] (custom)
2019-09-21 02:34:06,994 [pool-27-thread-1] INFO  server.RaftServerConfigKeys (ConfUtils.java:logGet(43)) - raft.server.sleep.deviation.threshold = 300 (default)
2019-09-21 02:34:06,995 [pool-27-thread-1] INFO  server.RaftServerConfigKeys (ConfUtils.java:logGet(43)) - raft.server.log.appender.install.snapshot.enabled = false (custom)
2019-09-21 02:34:06,995 [pool-67-thread-1] INFO  storage.RaftStorageDirectory (RaftStorageDirectory.java:analyzeStorage(246)) - The storage directory /workdir/hadoop-ozone/integration-test/target/test-dir/MiniOzoneClusterImpl-c75db70a-b38d-4491-876a-314fea4a50b4/datanode-4/data/ratis/e354fc15-7526-48b6-8722-ecef00a15356 does not exist. Creating ...
2019-09-21 02:34:06,995 [pool-27-thread-1] INFO  impl.RaftServerImpl (ServerState.java:<init>(103)) - 4f3ba854-734c-449e-9e69-f2b4bbdaaa6d@group-ECEF00A15356: ConfigurationManager, init=-1: [9bb64537-e00f-42df-af41-b182dac1ca30:192.168.36.72:37758, 88a587d4-13ec-4b84-86b6-600ae54e939b:192.168.36.72:45796, 4f3ba854-734c-449e-9e69-f2b4bbdaaa6d:192.168.36.72:35128], old=null, confs=<EMPTY_MAP>
2019-09-21 02:34:06,995 [pool-27-thread-1] INFO  server.RaftServerConfigKeys (ConfUtils.java:logGet(43)) - raft.server.storage.dir = [/workdir/hadoop-ozone/integration-test/target/test-dir/MiniOzoneClusterImpl-c75db70a-b38d-4491-876a-314fea4a50b4/datanode-0/data/ratis] (custom)
2019-09-21 02:34:06,996 [pool-27-thread-1] INFO  storage.RaftStorageDirectory (RaftStorageDirectory.java:analyzeStorage(246)) - The storage directory /workdir/hadoop-ozone/integration-test/target/test-dir/MiniOzoneClusterImpl-c75db70a-b38d-4491-876a-314fea4a50b4/datanode-0/data/ratis/e354fc15-7526-48b6-8722-ecef00a15356 does not exist. Creating ...
2019-09-21 02:34:07,577 [Thread-210] INFO  impl.FollowerState (FollowerState.java:run(106)) - 4f3ba854-734c-449e-9e69-f2b4bbdaaa6d:group-8563A3E6B674 changes to CANDIDATE, lastRpcTime:5048, electionTimeout:5047ms
2019-09-21 02:34:07,578 [Thread-210] INFO  impl.RoleInfo (RoleInfo.java:shutdownFollowerState(121)) - 4f3ba854-734c-449e-9e69-f2b4bbdaaa6d: shutdown FollowerState
2019-09-21 02:34:07,580 [Thread-210] INFO  impl.RaftServerImpl (RaftServerImpl.java:setRole(174)) - 4f3ba854-734c-449e-9e69-f2b4bbdaaa6d@group-8563A3E6B674: changes role from  FOLLOWER to CANDIDATE at term 0 for changeToCandidate
2019-09-21 02:34:07,586 [Thread-210] INFO  impl.RoleInfo (RoleInfo.java:updateAndGet(143)) - 4f3ba854-734c-449e-9e69-f2b4bbdaaa6d: start LeaderElection
2019-09-21 02:34:09,695 [pool-57-thread-1] INFO  storage.RaftStorage (RaftStorage.java:format(72)) - Storage directory /workdir/hadoop-ozone/integration-test/target/test-dir/MiniOzoneClusterImpl-c75db70a-b38d-4491-876a-314fea4a50b4/datanode-3/data/ratis/99ab7313-48eb-4470-8e2d-30b47df7f426 has been successfully formatted.
2019-09-21 02:34:09,697 [pool-57-thread-1] INFO  ratis.ContainerStateMachine (ContainerStateMachine.java:loadSnapshot(230)) - group-30B47DF7F426: The snapshot info is null. Setting the last applied indexto:(t:0, i:~)
2019-09-21 02:34:09,699 [pool-57-thread-1] INFO  server.RaftServerConfigKeys (ConfUtils.java:logGet(43)) - raft.server.notification.no-leader.timeout = 120s (custom)
2019-09-21 02:34:09,699 [pool-57-thread-1] INFO  server.RaftServerConfigKeys (ConfUtils.java:logGet(43)) - raft.server.log.use.memory = false (default)
2019-09-21 02:34:09,699 [pool-57-thread-1] INFO  server.RaftServerConfigKeys (ConfUtils.java:logGet(43)) - raft.server.log.purge.gap = 1000000 (custom)
2019-09-21 02:34:09,699 [pool-57-thread-1] INFO  server.RaftServerConfigKeys (ConfUtils.java:logGet(43)) - raft.server.log.appender.buffer.byte-limit = 33554432 (custom)
2019-09-21 02:34:09,699 [pool-57-thread-1] INFO  server.RaftServerConfigKeys (ConfUtils.java:logGet(43)) - raft.server.log.segment.size.max = 1048576 (custom)
2019-09-21 02:34:09,700 [pool-57-thread-1] INFO  server.RaftServerConfigKeys (ConfUtils.java:logGet(43)) - raft.server.log.segment.cache.num.max = 2 (custom)
2019-09-21 02:34:09,700 [pool-57-thread-1] INFO  segmented.SegmentedRaftLogWorker (SegmentedRaftLogWorker.java:<init>(172)) - new 88a587d4-13ec-4b84-86b6-600ae54e939b@group-30B47DF7F426-SegmentedRaftLogWorker for RaftStorage:Storage Directory /workdir/hadoop-ozone/integration-test/target/test-dir/MiniOzoneClusterImpl-c75db70a-b38d-4491-876a-314fea4a50b4/datanode-3/data/ratis/99ab7313-48eb-4470-8e2d-30b47df7f426
2019-09-21 02:34:09,707 [pool-57-thread-1] INFO  server.RaftServerConfigKeys (ConfUtils.java:logGet(43)) - raft.server.log.queue.byte-limit = 2147483647 (custom)
2019-09-21 02:34:09,707 [pool-57-thread-1] INFO  server.RaftServerConfigKeys (ConfUtils.java:logGet(43)) - raft.server.log.queue.element-limit = 1024 (custom)
2019-09-21 02:34:09,707 [pool-57-thread-1] INFO  server.RaftServerConfigKeys (ConfUtils.java:logGet(43)) - raft.server.log.segment.size.max = 1048576 (custom)
2019-09-21 02:34:09,708 [pool-57-thread-1] INFO  server.RaftServerConfigKeys (ConfUtils.java:logGet(43)) - raft.server.log.preallocated.size = 16384 (custom)
2019-09-21 02:34:09,708 [pool-57-thread-1] INFO  server.RaftServerConfigKeys (ConfUtils.java:logGet(43)) - raft.server.log.write.buffer.size = 33554432 (custom)
2019-09-21 02:34:09,708 [pool-57-thread-1] INFO  server.RaftServerConfigKeys (ConfUtils.java:logGet(43)) - raft.server.log.force.sync.num = 128 (default)
2019-09-21 02:34:09,708 [pool-57-thread-1] INFO  server.RaftServerConfigKeys (ConfUtils.java:logGet(43)) - raft.server.log.statemachine.data.sync = true (default)
2019-09-21 02:34:09,708 [pool-57-thread-1] INFO  server.RaftServerConfigKeys (ConfUtils.java:logGet(43)) - raft.server.log.statemachine.data.sync.timeout = 10s (default)
2019-09-21 02:34:09,708 [pool-57-thread-1] INFO  server.RaftServerConfigKeys (ConfUtils.java:logGet(43)) - raft.server.log.statemachine.data.sync.timeout.retry = -1 (default)
2019-09-21 02:34:09,709 [pool-57-thread-1] INFO  server.RaftServerConfigKeys (ConfUtils.java:logGet(43)) - raft.server.log.statemachine.data.caching.enabled = true (custom)
2019-09-21 02:34:09,709 [pool-57-thread-1] INFO  segmented.SegmentedRaftLogWorker (SegmentedRaftLogWorker.java:lambda$new$0(132)) - 88a587d4-13ec-4b84-86b6-600ae54e939b@group-30B47DF7F426-SegmentedRaftLogWorker: flushIndex: setUnconditionally 0 -> -1
2019-09-21 02:34:09,709 [pool-57-thread-1] INFO  server.RaftServerConfigKeys (ConfUtils.java:logGet(43)) - raft.server.snapshot.auto.trigger.enabled = true (custom)
2019-09-21 02:34:09,710 [pool-57-thread-1] INFO  server.RaftServerConfigKeys (ConfUtils.java:logGet(43)) - raft.server.snapshot.auto.trigger.threshold = 10000 (custom)
2019-09-21 02:34:09,710 [pool-57-thread-1] INFO  server.RaftServerConfigKeys (ConfUtils.java:logGet(43)) - raft.server.snapshot.retention.num.files = 5 (custom)
2019-09-21 02:34:09,710 [pool-57-thread-1] INFO  server.RaftServerConfigKeys (ConfUtils.java:logGet(43)) - raft.server.retrycache.expirytime = 600000ms (custom)
2019-09-21 02:34:09,719 [pool-57-thread-1] INFO  impl.RaftServerImpl (RaftServerImpl.java:<init>(95)) - 88a587d4-13ec-4b84-86b6-600ae54e939b: new RaftServerImpl for group-ECEF00A15356:[9bb64537-e00f-42df-af41-b182dac1ca30:192.168.36.72:37758, 88a587d4-13ec-4b84-86b6-600ae54e939b:192.168.36.72:45796, 4f3ba854-734c-449e-9e69-f2b4bbdaaa6d:192.168.36.72:35128] with ContainerStateMachine:uninitialized
2019-09-21 02:34:09,719 [pool-57-thread-1] INFO  server.RaftServerConfigKeys (ConfUtils.java:logGet(43)) - raft.server.rpc.timeout.min = 5s (custom)
2019-09-21 02:34:09,720 [pool-57-thread-1] INFO  server.RaftServerConfigKeys (ConfUtils.java:logGet(43)) - raft.server.rpc.timeout.max = 5200ms (custom)
2019-09-21 02:34:09,720 [pool-57-thread-1] INFO  server.RaftServerConfigKeys (ConfUtils.java:logGet(43)) - raft.server.rpcslowness.timeout = 120s (custom)
2019-09-21 02:34:09,720 [pool-57-thread-1] INFO  server.RaftServerConfigKeys (ConfUtils.java:logGet(43)) - raft.server.sleep.deviation.threshold = 300 (default)
2019-09-21 02:34:09,720 [pool-57-thread-1] INFO  server.RaftServerConfigKeys (ConfUtils.java:logGet(43)) - raft.server.log.appender.install.snapshot.enabled = false (custom)
2019-09-21 02:34:09,720 [pool-57-thread-1] INFO  impl.RaftServerImpl (ServerState.java:<init>(103)) - 88a587d4-13ec-4b84-86b6-600ae54e939b@group-ECEF00A15356: ConfigurationManager, init=-1: [9bb64537-e00f-42df-af41-b182dac1ca30:192.168.36.72:37758, 88a587d4-13ec-4b84-86b6-600ae54e939b:192.168.36.72:45796, 4f3ba854-734c-449e-9e69-f2b4bbdaaa6d:192.168.36.72:35128], old=null, confs=<EMPTY_MAP>
2019-09-21 02:34:09,721 [pool-57-thread-1] INFO  server.RaftServerConfigKeys (ConfUtils.java:logGet(43)) - raft.server.storage.dir = [/workdir/hadoop-ozone/integration-test/target/test-dir/MiniOzoneClusterImpl-c75db70a-b38d-4491-876a-314fea4a50b4/datanode-3/data/ratis] (custom)
2019-09-21 02:34:09,721 [pool-57-thread-1] INFO  storage.RaftStorageDirectory (RaftStorageDirectory.java:analyzeStorage(246)) - The storage directory /workdir/hadoop-ozone/integration-test/target/test-dir/MiniOzoneClusterImpl-c75db70a-b38d-4491-876a-314fea4a50b4/datanode-3/data/ratis/e354fc15-7526-48b6-8722-ecef00a15356 does not exist. Creating ...
2019-09-21 02:34:09,854 [pool-27-thread-1] INFO  storage.RaftStorageDirectory (RaftStorageDirectory.java:tryLock(328)) - Lock on /workdir/hadoop-ozone/integration-test/target/test-dir/MiniOzoneClusterImpl-c75db70a-b38d-4491-876a-314fea4a50b4/datanode-0/data/ratis/e354fc15-7526-48b6-8722-ecef00a15356/in_use.lock acquired by nodename 5013@pr-hdds-2163-pdhxj-1463177635
2019-09-21 02:34:09,854 [4f3ba854-734c-449e-9e69-f2b4bbdaaa6d@group-8563A3E6B674:LeaderElection1] INFO  impl.LeaderElection (LeaderElection.java:askForVotes(182)) - 4f3ba854-734c-449e-9e69-f2b4bbdaaa6d@group-8563A3E6B674:LeaderElection1: begin an election at term 1 for -1: [4f3ba854-734c-449e-9e69-f2b4bbdaaa6d:192.168.36.72:35128], old=null
2019-09-21 02:34:09,854 [pool-67-thread-1] INFO  storage.RaftStorageDirectory (RaftStorageDirectory.java:tryLock(328)) - Lock on /workdir/hadoop-ozone/integration-test/target/test-dir/MiniOzoneClusterImpl-c75db70a-b38d-4491-876a-314fea4a50b4/datanode-4/data/ratis/e354fc15-7526-48b6-8722-ecef00a15356/in_use.lock acquired by nodename 5013@pr-hdds-2163-pdhxj-1463177635
2019-09-21 02:34:09,857 [4f3ba854-734c-449e-9e69-f2b4bbdaaa6d@group-8563A3E6B674:LeaderElection1] INFO  impl.RoleInfo (RoleInfo.java:shutdownLeaderElection(134)) - 4f3ba854-734c-449e-9e69-f2b4bbdaaa6d: shutdown LeaderElection
2019-09-21 02:34:09,858 [4f3ba854-734c-449e-9e69-f2b4bbdaaa6d@group-8563A3E6B674:LeaderElection1] INFO  impl.RaftServerImpl (RaftServerImpl.java:setRole(174)) - 4f3ba854-734c-449e-9e69-f2b4bbdaaa6d@group-8563A3E6B674: changes role from CANDIDATE to LEADER at term 1 for changeToLeader
2019-09-21 02:34:09,858 [4f3ba854-734c-449e-9e69-f2b4bbdaaa6d@group-8563A3E6B674:LeaderElection1] INFO  impl.RaftServerImpl (ServerState.java:setLeader(253)) - 4f3ba854-734c-449e-9e69-f2b4bbdaaa6d@group-8563A3E6B674: change Leader from null to 4f3ba854-734c-449e-9e69-f2b4bbdaaa6d at term 1 for becomeLeader, leader elected after 7455ms
2019-09-21 02:34:09,869 [4f3ba854-734c-449e-9e69-f2b4bbdaaa6d@group-8563A3E6B674:LeaderElection1] INFO  server.RaftServerConfigKeys (ConfUtils.java:logGet(43)) - raft.server.staging.catchup.gap = 1000 (default)
2019-09-21 02:34:09,869 [4f3ba854-734c-449e-9e69-f2b4bbdaaa6d@group-8563A3E6B674:LeaderElection1] INFO  server.RaftServerConfigKeys (ConfUtils.java:logGet(43)) - raft.server.rpc.sleep.time = 25ms (default)
2019-09-21 02:34:09,873 [4f3ba854-734c-449e-9e69-f2b4bbdaaa6d@group-8563A3E6B674:LeaderElection1] INFO  server.RaftServerConfigKeys (ConfUtils.java:logGet(43)) - raft.server.write.element-limit = 4096 (default)
2019-09-21 02:34:09,876 [4f3ba854-734c-449e-9e69-f2b4bbdaaa6d@group-8563A3E6B674:LeaderElection1] INFO  server.RaftServerConfigKeys (ConfUtils.java:logGet(43)) - raft.server.watch.timeout = 10s (default)
2019-09-21 02:34:09,876 [4f3ba854-734c-449e-9e69-f2b4bbdaaa6d@group-8563A3E6B674:LeaderElection1] INFO  server.RaftServerConfigKeys (ConfUtils.java:logGet(43)) - raft.server.watch.timeout.denomination = 1s (default)
2019-09-21 02:34:09,878 [4f3ba854-734c-449e-9e69-f2b4bbdaaa6d@group-8563A3E6B674:LeaderElection1] INFO  server.RaftServerConfigKeys (ConfUtils.java:logGet(43)) - raft.server.watch.element-limit = 65536 (default)
2019-09-21 02:34:09,921 [RATISCREATEPIPELINE2] ERROR pipeline.RatisPipelineProvider (RatisPipelineProvider.java:lambda$null$5(235)) - Failed invoke Ratis rpc org.apache.hadoop.hdds.scm.pipeline.RatisPipelineProvider$$Lambda$186/1054712797@181c62e3 for 88a587d4-13ec-4b84-86b6-600ae54e939b
org.apache.ratis.protocol.TimeoutIOException: deadline exceeded after 2994908709ns
	at org.apache.ratis.grpc.GrpcUtil.tryUnwrapException(GrpcUtil.java:82)
	at org.apache.ratis.grpc.GrpcUtil.unwrapException(GrpcUtil.java:75)
	at org.apache.ratis.grpc.client.GrpcClientProtocolClient.blockingCall(GrpcClientProtocolClient.java:178)
	at org.apache.ratis.grpc.client.GrpcClientProtocolClient.groupAdd(GrpcClientProtocolClient.java:147)
	at org.apache.ratis.grpc.client.GrpcClientRpc.sendRequest(GrpcClientRpc.java:94)
	at org.apache.ratis.client.impl.RaftClientImpl.sendRequest(RaftClientImpl.java:278)
	at org.apache.ratis.client.impl.RaftClientImpl.groupAdd(RaftClientImpl.java:205)
	at org.apache.hadoop.hdds.scm.pipeline.RatisPipelineProvider.lambda$initializePipeline$4(RatisPipelineProvider.java:196)
	at org.apache.hadoop.hdds.scm.pipeline.RatisPipelineProvider.lambda$null$5(RatisPipelineProvider.java:231)
	at java.util.stream.ForEachOps$ForEachOp$OfRef.accept(ForEachOps.java:184)
	at java.util.ArrayList$ArrayListSpliterator.forEachRemaining(ArrayList.java:1382)
	at java.util.stream.AbstractPipeline.copyInto(AbstractPipeline.java:482)
	at java.util.stream.ForEachOps$ForEachTask.compute(ForEachOps.java:291)
	at java.util.concurrent.CountedCompleter.exec(CountedCompleter.java:731)
	at java.util.concurrent.ForkJoinTask.doExec(ForkJoinTask.java:289)
	at java.util.concurrent.ForkJoinPool$WorkQueue.runTask(ForkJoinPool.java:1056)
	at java.util.concurrent.ForkJoinPool.runWorker(ForkJoinPool.java:1692)
	at java.util.concurrent.ForkJoinWorkerThread.run(ForkJoinWorkerThread.java:157)
Caused by: org.apache.ratis.thirdparty.io.grpc.StatusRuntimeException: DEADLINE_EXCEEDED: deadline exceeded after 2994908709ns
	at org.apache.ratis.thirdparty.io.grpc.stub.ClientCalls.toStatusRuntimeException(ClientCalls.java:233)
	at org.apache.ratis.thirdparty.io.grpc.stub.ClientCalls.getUnchecked(ClientCalls.java:214)
	at org.apache.ratis.thirdparty.io.grpc.stub.ClientCalls.blockingUnaryCall(ClientCalls.java:139)
	at org.apache.ratis.proto.grpc.AdminProtocolServiceGrpc$AdminProtocolServiceBlockingStub.groupManagement(AdminProtocolServiceGrpc.java:274)
	at org.apache.ratis.grpc.client.GrpcClientProtocolClient.lambda$groupAdd$3(GrpcClientProtocolClient.java:149)
	at org.apache.ratis.grpc.client.GrpcClientProtocolClient.blockingCall(GrpcClientProtocolClient.java:176)
	... 15 more
2019-09-21 02:34:09,928 [RATISCREATEPIPELINE3] ERROR pipeline.RatisPipelineProvider (RatisPipelineProvider.java:lambda$null$5(235)) - Failed invoke Ratis rpc org.apache.hadoop.hdds.scm.pipeline.RatisPipelineProvider$$Lambda$186/1054712797@181c62e3 for 4f3ba854-734c-449e-9e69-f2b4bbdaaa6d
org.apache.ratis.protocol.TimeoutIOException: deadline exceeded after 2994951055ns
	at org.apache.ratis.grpc.GrpcUtil.tryUnwrapException(GrpcUtil.java:82)
	at org.apache.ratis.grpc.GrpcUtil.unwrapException(GrpcUtil.java:75)
	at org.apache.ratis.grpc.client.GrpcClientProtocolClient.blockingCall(GrpcClientProtocolClient.java:178)
	at org.apache.ratis.grpc.client.GrpcClientProtocolClient.groupAdd(GrpcClientProtocolClient.java:147)
	at org.apache.ratis.grpc.client.GrpcClientRpc.sendRequest(GrpcClientRpc.java:94)
	at org.apache.ratis.client.impl.RaftClientImpl.sendRequest(RaftClientImpl.java:278)
	at org.apache.ratis.client.impl.RaftClientImpl.groupAdd(RaftClientImpl.java:205)
	at org.apache.hadoop.hdds.scm.pipeline.RatisPipelineProvider.lambda$initializePipeline$4(RatisPipelineProvider.java:196)
	at org.apache.hadoop.hdds.scm.pipeline.RatisPipelineProvider.lambda$null$5(RatisPipelineProvider.java:231)
	at java.util.stream.ForEachOps$ForEachOp$OfRef.accept(ForEachOps.java:184)
	at java.util.ArrayList$ArrayListSpliterator.forEachRemaining(ArrayList.java:1382)
	at java.util.stream.AbstractPipeline.copyInto(AbstractPipeline.java:482)
	at java.util.stream.ForEachOps$ForEachTask.compute(ForEachOps.java:291)
	at java.util.concurrent.CountedCompleter.exec(CountedCompleter.java:731)
	at java.util.concurrent.ForkJoinTask.doExec(ForkJoinTask.java:289)
	at java.util.concurrent.ForkJoinPool$WorkQueue.runTask(ForkJoinPool.java:1056)
	at java.util.concurrent.ForkJoinPool.runWorker(ForkJoinPool.java:1692)
	at java.util.concurrent.ForkJoinWorkerThread.run(ForkJoinWorkerThread.java:157)
Caused by: org.apache.ratis.thirdparty.io.grpc.StatusRuntimeException: DEADLINE_EXCEEDED: deadline exceeded after 2994951055ns
	at org.apache.ratis.thirdparty.io.grpc.stub.ClientCalls.toStatusRuntimeException(ClientCalls.java:233)
	at org.apache.ratis.thirdparty.io.grpc.stub.ClientCalls.getUnchecked(ClientCalls.java:214)
	at org.apache.ratis.thirdparty.io.grpc.stub.ClientCalls.blockingUnaryCall(ClientCalls.java:139)
	at org.apache.ratis.proto.grpc.AdminProtocolServiceGrpc$AdminProtocolServiceBlockingStub.groupManagement(AdminProtocolServiceGrpc.java:274)
	at org.apache.ratis.grpc.client.GrpcClientProtocolClient.lambda$groupAdd$3(GrpcClientProtocolClient.java:149)
	at org.apache.ratis.grpc.client.GrpcClientProtocolClient.blockingCall(GrpcClientProtocolClient.java:176)
	... 15 more
2019-09-21 02:34:09,928 [RATISCREATEPIPELINE1] ERROR pipeline.RatisPipelineProvider (RatisPipelineProvider.java:lambda$null$5(235)) - Failed invoke Ratis rpc org.apache.hadoop.hdds.scm.pipeline.RatisPipelineProvider$$Lambda$186/1054712797@181c62e3 for 9bb64537-e00f-42df-af41-b182dac1ca30
org.apache.ratis.protocol.TimeoutIOException: deadline exceeded after 2999699680ns
	at org.apache.ratis.grpc.GrpcUtil.tryUnwrapException(GrpcUtil.java:82)
	at org.apache.ratis.grpc.GrpcUtil.unwrapException(GrpcUtil.java:75)
	at org.apache.ratis.grpc.client.GrpcClientProtocolClient.blockingCall(GrpcClientProtocolClient.java:178)
	at org.apache.ratis.grpc.client.GrpcClientProtocolClient.groupAdd(GrpcClientProtocolClient.java:147)
	at org.apache.ratis.grpc.client.GrpcClientRpc.sendRequest(GrpcClientRpc.java:94)
	at org.apache.ratis.client.impl.RaftClientImpl.sendRequest(RaftClientImpl.java:278)
	at org.apache.ratis.client.impl.RaftClientImpl.groupAdd(RaftClientImpl.java:205)
	at org.apache.hadoop.hdds.scm.pipeline.RatisPipelineProvider.lambda$initializePipeline$4(RatisPipelineProvider.java:196)
	at org.apache.hadoop.hdds.scm.pipeline.RatisPipelineProvider.lambda$null$5(RatisPipelineProvider.java:231)
	at java.util.stream.ForEachOps$ForEachOp$OfRef.accept(ForEachOps.java:184)
	at java.util.ArrayList$ArrayListSpliterator.forEachRemaining(ArrayList.java:1382)
	at java.util.stream.AbstractPipeline.copyInto(AbstractPipeline.java:482)
	at java.util.stream.ForEachOps$ForEachTask.compute(ForEachOps.java:291)
	at java.util.concurrent.CountedCompleter.exec(CountedCompleter.java:731)
	at java.util.concurrent.ForkJoinTask.doExec(ForkJoinTask.java:289)
	at java.util.concurrent.ForkJoinTask.doInvoke(ForkJoinTask.java:401)
	at java.util.concurrent.ForkJoinTask.invoke(ForkJoinTask.java:734)
	at java.util.stream.ForEachOps$ForEachOp.evaluateParallel(ForEachOps.java:160)
	at java.util.stream.ForEachOps$ForEachOp$OfRef.evaluateParallel(ForEachOps.java:174)
	at java.util.stream.AbstractPipeline.evaluate(AbstractPipeline.java:233)
	at java.util.stream.ReferencePipeline.forEach(ReferencePipeline.java:418)
	at java.util.stream.ReferencePipeline$Head.forEach(ReferencePipeline.java:583)
	at org.apache.hadoop.hdds.scm.pipeline.RatisPipelineProvider.lambda$callRatisRpc$6(RatisPipelineProvider.java:225)
	at java.util.concurrent.ForkJoinTask$AdaptedRunnableAction.exec(ForkJoinTask.java:1386)
	at java.util.concurrent.ForkJoinTask.doExec(ForkJoinTask.java:289)
	at java.util.concurrent.ForkJoinPool$WorkQueue.runTask(ForkJoinPool.java:1056)
	at java.util.concurrent.ForkJoinPool.runWorker(ForkJoinPool.java:1692)
	at java.util.concurrent.ForkJoinWorkerThread.run(ForkJoinWorkerThread.java:157)
Caused by: org.apache.ratis.thirdparty.io.grpc.StatusRuntimeException: DEADLINE_EXCEEDED: deadline exceeded after 2999699680ns
	at org.apache.ratis.thirdparty.io.grpc.stub.ClientCalls.toStatusRuntimeException(ClientCalls.java:233)
	at org.apache.ratis.thirdparty.io.grpc.stub.ClientCalls.getUnchecked(ClientCalls.java:214)
	at org.apache.ratis.thirdparty.io.grpc.stub.ClientCalls.blockingUnaryCall(ClientCalls.java:139)
	at org.apache.ratis.proto.grpc.AdminProtocolServiceGrpc$AdminProtocolServiceBlockingStub.groupManagement(AdminProtocolServiceGrpc.java:274)
	at org.apache.ratis.grpc.client.GrpcClientProtocolClient.lambda$groupAdd$3(GrpcClientProtocolClient.java:149)
	at org.apache.ratis.grpc.client.GrpcClientProtocolClient.blockingCall(GrpcClientProtocolClient.java:176)
	... 25 more
2019-09-21 02:34:09,944 [4f3ba854-734c-449e-9e69-f2b4bbdaaa6d@group-8563A3E6B674:LeaderElection1] INFO  impl.RoleInfo (RoleInfo.java:updateAndGet(143)) - 4f3ba854-734c-449e-9e69-f2b4bbdaaa6d: start LeaderState
2019-09-21 02:34:09,987 [grpc-default-executor-2] INFO  impl.RaftServerProxy (RaftServerProxy.java:addNew(89)) - 4f3ba854-734c-449e-9e69-f2b4bbdaaa6d: addNew group-635FA932FD90:[9bb64537-e00f-42df-af41-b182dac1ca30:192.168.36.72:37758, 88a587d4-13ec-4b84-86b6-600ae54e939b:192.168.36.72:45796, 4f3ba854-734c-449e-9e69-f2b4bbdaaa6d:192.168.36.72:35128] returns group-635FA932FD90:java.util.concurrent.CompletableFuture@6433be4[Not completed]
2019-09-21 02:34:09,987 [grpc-default-executor-0] INFO  impl.RaftServerProxy (RaftServerProxy.java:addNew(89)) - 88a587d4-13ec-4b84-86b6-600ae54e939b: addNew group-635FA932FD90:[9bb64537-e00f-42df-af41-b182dac1ca30:192.168.36.72:37758, 88a587d4-13ec-4b84-86b6-600ae54e939b:192.168.36.72:45796, 4f3ba854-734c-449e-9e69-f2b4bbdaaa6d:192.168.36.72:35128] returns group-635FA932FD90:java.util.concurrent.CompletableFuture@2998eb05[Not completed]
2019-09-21 02:34:09,987 [grpc-default-executor-1] INFO  impl.RaftServerProxy (RaftServerProxy.java:addNew(89)) - 9bb64537-e00f-42df-af41-b182dac1ca30: addNew group-635FA932FD90:[9bb64537-e00f-42df-af41-b182dac1ca30:192.168.36.72:37758, 88a587d4-13ec-4b84-86b6-600ae54e939b:192.168.36.72:45796, 4f3ba854-734c-449e-9e69-f2b4bbdaaa6d:192.168.36.72:35128] returns group-635FA932FD90:java.util.concurrent.CompletableFuture@79fe92f2[Not completed]
2019-09-21 02:34:10,004 [4f3ba854-734c-449e-9e69-f2b4bbdaaa6d@group-8563A3E6B674:LeaderElection1] INFO  segmented.SegmentedRaftLogWorker (SegmentedRaftLogWorker.java:startLogSegment(380)) - 4f3ba854-734c-449e-9e69-f2b4bbdaaa6d@group-8563A3E6B674-SegmentedRaftLogWorker: Starting segment from index:0
2019-09-21 02:34:10,012 [4f3ba854-734c-449e-9e69-f2b4bbdaaa6d@group-8563A3E6B674:LeaderElection1] INFO  impl.RaftServerImpl (ServerState.java:setRaftConf(354)) - 4f3ba854-734c-449e-9e69-f2b4bbdaaa6d@group-8563A3E6B674: set configuration 0: [4f3ba854-734c-449e-9e69-f2b4bbdaaa6d:192.168.36.72:35128], old=null at 0
2019-09-21 02:34:11,450 [pool-57-thread-1] INFO  storage.RaftStorageDirectory (RaftStorageDirectory.java:tryLock(328)) - Lock on /workdir/hadoop-ozone/integration-test/target/test-dir/MiniOzoneClusterImpl-c75db70a-b38d-4491-876a-314fea4a50b4/datanode-3/data/ratis/e354fc15-7526-48b6-8722-ecef00a15356/in_use.lock acquired by nodename 5013@pr-hdds-2163-pdhxj-1463177635
2019-09-21 02:34:12,951 [RATISCREATEPIPELINE2] ERROR pipeline.RatisPipelineProvider (RatisPipelineProvider.java:lambda$null$5(235)) - Failed invoke Ratis rpc org.apache.hadoop.hdds.scm.pipeline.RatisPipelineProvider$$Lambda$186/1054712797@356e7a57 for 4f3ba854-734c-449e-9e69-f2b4bbdaaa6d
org.apache.ratis.protocol.TimeoutIOException: deadline exceeded after 2998088994ns
	at org.apache.ratis.grpc.GrpcUtil.tryUnwrapException(GrpcUtil.java:82)
	at org.apache.ratis.grpc.GrpcUtil.unwrapException(GrpcUtil.java:75)
	at org.apache.ratis.grpc.client.GrpcClientProtocolClient.blockingCall(GrpcClientProtocolClient.java:178)
	at org.apache.ratis.grpc.client.GrpcClientProtocolClient.groupAdd(GrpcClientProtocolClient.java:147)
	at org.apache.ratis.grpc.client.GrpcClientRpc.sendRequest(GrpcClientRpc.java:94)
	at org.apache.ratis.client.impl.RaftClientImpl.sendRequest(RaftClientImpl.java:278)
	at org.apache.ratis.client.impl.RaftClientImpl.groupAdd(RaftClientImpl.java:205)
	at org.apache.hadoop.hdds.scm.pipeline.RatisPipelineProvider.lambda$initializePipeline$4(RatisPipelineProvider.java:196)
	at org.apache.hadoop.hdds.scm.pipeline.RatisPipelineProvider.lambda$null$5(RatisPipelineProvider.java:231)
	at java.util.stream.ForEachOps$ForEachOp$OfRef.accept(ForEachOps.java:184)
	at java.util.ArrayList$ArrayListSpliterator.forEachRemaining(ArrayList.java:1382)
	at java.util.stream.AbstractPipeline.copyInto(AbstractPipeline.java:482)
	at java.util.stream.ForEachOps$ForEachTask.compute(ForEachOps.java:291)
	at java.util.concurrent.CountedCompleter.exec(CountedCompleter.java:731)
	at java.util.concurrent.ForkJoinTask.doExec(ForkJoinTask.java:289)
	at java.util.concurrent.ForkJoinPool$WorkQueue.runTask(ForkJoinPool.java:1056)
	at java.util.concurrent.ForkJoinPool.runWorker(ForkJoinPool.java:1692)
	at java.util.concurrent.ForkJoinWorkerThread.run(ForkJoinWorkerThread.java:157)
Caused by: org.apache.ratis.thirdparty.io.grpc.StatusRuntimeException: DEADLINE_EXCEEDED: deadline exceeded after 2998088994ns
	at org.apache.ratis.thirdparty.io.grpc.stub.ClientCalls.toStatusRuntimeException(ClientCalls.java:233)
	at org.apache.ratis.thirdparty.io.grpc.stub.ClientCalls.getUnchecked(ClientCalls.java:214)
	at org.apache.ratis.thirdparty.io.grpc.stub.ClientCalls.blockingUnaryCall(ClientCalls.java:139)
	at org.apache.ratis.proto.grpc.AdminProtocolServiceGrpc$AdminProtocolServiceBlockingStub.groupManagement(AdminProtocolServiceGrpc.java:274)
	at org.apache.ratis.grpc.client.GrpcClientProtocolClient.lambda$groupAdd$3(GrpcClientProtocolClient.java:149)
	at org.apache.ratis.grpc.client.GrpcClientProtocolClient.blockingCall(GrpcClientProtocolClient.java:176)
	... 15 more
2019-09-21 02:34:12,951 [RATISCREATEPIPELINE1] ERROR pipeline.RatisPipelineProvider (RatisPipelineProvider.java:lambda$null$5(235)) - Failed invoke Ratis rpc org.apache.hadoop.hdds.scm.pipeline.RatisPipelineProvider$$Lambda$186/1054712797@356e7a57 for 9bb64537-e00f-42df-af41-b182dac1ca30
org.apache.ratis.protocol.TimeoutIOException: deadline exceeded after 2999686243ns
	at org.apache.ratis.grpc.GrpcUtil.tryUnwrapException(GrpcUtil.java:82)
	at org.apache.ratis.grpc.GrpcUtil.unwrapException(GrpcUtil.java:75)
	at org.apache.ratis.grpc.client.GrpcClientProtocolClient.blockingCall(GrpcClientProtocolClient.java:178)
	at org.apache.ratis.grpc.client.GrpcClientProtocolClient.groupAdd(GrpcClientProtocolClient.java:147)
	at org.apache.ratis.grpc.client.GrpcClientRpc.sendRequest(GrpcClientRpc.java:94)
	at org.apache.ratis.client.impl.RaftClientImpl.sendRequest(RaftClientImpl.java:278)
	at org.apache.ratis.client.impl.RaftClientImpl.groupAdd(RaftClientImpl.java:205)
	at org.apache.hadoop.hdds.scm.pipeline.RatisPipelineProvider.lambda$initializePipeline$4(RatisPipelineProvider.java:196)
	at org.apache.hadoop.hdds.scm.pipeline.RatisPipelineProvider.lambda$null$5(RatisPipelineProvider.java:231)
	at java.util.stream.ForEachOps$ForEachOp$OfRef.accept(ForEachOps.java:184)
	at java.util.ArrayList$ArrayListSpliterator.forEachRemaining(ArrayList.java:1382)
	at java.util.stream.AbstractPipeline.copyInto(AbstractPipeline.java:482)
	at java.util.stream.ForEachOps$ForEachTask.compute(ForEachOps.java:291)
	at java.util.concurrent.CountedCompleter.exec(CountedCompleter.java:731)
	at java.util.concurrent.ForkJoinTask.doExec(ForkJoinTask.java:289)
	at java.util.concurrent.ForkJoinTask.doInvoke(ForkJoinTask.java:401)
	at java.util.concurrent.ForkJoinTask.invoke(ForkJoinTask.java:734)
	at java.util.stream.ForEachOps$ForEachOp.evaluateParallel(ForEachOps.java:160)
	at java.util.stream.ForEachOps$ForEachOp$OfRef.evaluateParallel(ForEachOps.java:174)
	at java.util.stream.AbstractPipeline.evaluate(AbstractPipeline.java:233)
	at java.util.stream.ReferencePipeline.forEach(ReferencePipeline.java:418)
	at java.util.stream.ReferencePipeline$Head.forEach(ReferencePipeline.java:583)
	at org.apache.hadoop.hdds.scm.pipeline.RatisPipelineProvider.lambda$callRatisRpc$6(RatisPipelineProvider.java:225)
	at java.util.concurrent.ForkJoinTask$AdaptedRunnableAction.exec(ForkJoinTask.java:1386)
	at java.util.concurrent.ForkJoinTask.doExec(ForkJoinTask.java:289)
	at java.util.concurrent.ForkJoinPool$WorkQueue.runTask(ForkJoinPool.java:1056)
	at java.util.concurrent.ForkJoinPool.runWorker(ForkJoinPool.java:1692)
	at java.util.concurrent.ForkJoinWorkerThread.run(ForkJoinWorkerThread.java:157)
Caused by: org.apache.ratis.thirdparty.io.grpc.StatusRuntimeException: DEADLINE_EXCEEDED: deadline exceeded after 2999686243ns
	at org.apache.ratis.thirdparty.io.grpc.stub.ClientCalls.toStatusRuntimeException(ClientCalls.java:233)
	at org.apache.ratis.thirdparty.io.grpc.stub.ClientCalls.getUnchecked(ClientCalls.java:214)
	at org.apache.ratis.thirdparty.io.grpc.stub.ClientCalls.blockingUnaryCall(ClientCalls.java:139)
	at org.apache.ratis.proto.grpc.AdminProtocolServiceGrpc$AdminProtocolServiceBlockingStub.groupManagement(AdminProtocolServiceGrpc.java:274)
	at org.apache.ratis.grpc.client.GrpcClientProtocolClient.lambda$groupAdd$3(GrpcClientProtocolClient.java:149)
	at org.apache.ratis.grpc.client.GrpcClientProtocolClient.blockingCall(GrpcClientProtocolClient.java:176)
	... 25 more
2019-09-21 02:34:12,951 [RATISCREATEPIPELINE3] ERROR pipeline.RatisPipelineProvider (RatisPipelineProvider.java:lambda$null$5(235)) - Failed invoke Ratis rpc org.apache.hadoop.hdds.scm.pipeline.RatisPipelineProvider$$Lambda$186/1054712797@356e7a57 for 88a587d4-13ec-4b84-86b6-600ae54e939b
org.apache.ratis.protocol.TimeoutIOException: deadline exceeded after 2998299726ns
	at org.apache.ratis.grpc.GrpcUtil.tryUnwrapException(GrpcUtil.java:82)
	at org.apache.ratis.grpc.GrpcUtil.unwrapException(GrpcUtil.java:75)
	at org.apache.ratis.grpc.client.GrpcClientProtocolClient.blockingCall(GrpcClientProtocolClient.java:178)
	at org.apache.ratis.grpc.client.GrpcClientProtocolClient.groupAdd(GrpcClientProtocolClient.java:147)
	at org.apache.ratis.grpc.client.GrpcClientRpc.sendRequest(GrpcClientRpc.java:94)
	at org.apache.ratis.client.impl.RaftClientImpl.sendRequest(RaftClientImpl.java:278)
	at org.apache.ratis.client.impl.RaftClientImpl.groupAdd(RaftClientImpl.java:205)
	at org.apache.hadoop.hdds.scm.pipeline.RatisPipelineProvider.lambda$initializePipeline$4(RatisPipelineProvider.java:196)
	at org.apache.hadoop.hdds.scm.pipeline.RatisPipelineProvider.lambda$null$5(RatisPipelineProvider.java:231)
	at java.util.stream.ForEachOps$ForEachOp$OfRef.accept(ForEachOps.java:184)
	at java.util.ArrayList$ArrayListSpliterator.forEachRemaining(ArrayList.java:1382)
	at java.util.stream.AbstractPipeline.copyInto(AbstractPipeline.java:482)
	at java.util.stream.ForEachOps$ForEachTask.compute(ForEachOps.java:291)
	at java.util.concurrent.CountedCompleter.exec(CountedCompleter.java:731)
	at java.util.concurrent.ForkJoinTask.doExec(ForkJoinTask.java:289)
	at java.util.concurrent.ForkJoinPool$WorkQueue.runTask(ForkJoinPool.java:1056)
	at java.util.concurrent.ForkJoinPool.runWorker(ForkJoinPool.java:1692)
	at java.util.concurrent.ForkJoinWorkerThread.run(ForkJoinWorkerThread.java:157)
Caused by: org.apache.ratis.thirdparty.io.grpc.StatusRuntimeException: DEADLINE_EXCEEDED: deadline exceeded after 2998299726ns
	at org.apache.ratis.thirdparty.io.grpc.stub.ClientCalls.toStatusRuntimeException(ClientCalls.java:233)
	at org.apache.ratis.thirdparty.io.grpc.stub.ClientCalls.getUnchecked(ClientCalls.java:214)
	at org.apache.ratis.thirdparty.io.grpc.stub.ClientCalls.blockingUnaryCall(ClientCalls.java:139)
	at org.apache.ratis.proto.grpc.AdminProtocolServiceGrpc$AdminProtocolServiceBlockingStub.groupManagement(AdminProtocolServiceGrpc.java:274)
	at org.apache.ratis.grpc.client.GrpcClientProtocolClient.lambda$groupAdd$3(GrpcClientProtocolClient.java:149)
	at org.apache.ratis.grpc.client.GrpcClientProtocolClient.blockingCall(GrpcClientProtocolClient.java:176)
	... 15 more
2019-09-21 02:34:12,979 [grpc-default-executor-1] INFO  impl.RaftServerProxy (RaftServerProxy.java:addNew(89)) - 88a587d4-13ec-4b84-86b6-600ae54e939b: addNew group-1AF6E1757808:[88a587d4-13ec-4b84-86b6-600ae54e939b:192.168.36.72:45796] returns group-1AF6E1757808:java.util.concurrent.CompletableFuture@28d3a608[Not completed]
2019-09-21 02:34:14,381 [4f3ba854-734c-449e-9e69-f2b4bbdaaa6d@group-8563A3E6B674-SegmentedRaftLogWorker] INFO  segmented.SegmentedRaftLogWorker (SegmentedRaftLogWorker.java:execute(569)) - 4f3ba854-734c-449e-9e69-f2b4bbdaaa6d@group-8563A3E6B674-SegmentedRaftLogWorker: created new log segment /workdir/hadoop-ozone/integration-test/target/test-dir/MiniOzoneClusterImpl-c75db70a-b38d-4491-876a-314fea4a50b4/datanode-0/data/ratis/04876498-e18a-44c7-acc4-8563a3e6b674/current/log_inprogress_0
2019-09-21 02:34:15,447 [pool-27-thread-1] INFO  storage.RaftStorage (RaftStorage.java:format(72)) - Storage directory /workdir/hadoop-ozone/integration-test/target/test-dir/MiniOzoneClusterImpl-c75db70a-b38d-4491-876a-314fea4a50b4/datanode-0/data/ratis/e354fc15-7526-48b6-8722-ecef00a15356 has been successfully formatted.
2019-09-21 02:34:15,447 [pool-67-thread-1] INFO  storage.RaftStorage (RaftStorage.java:format(72)) - Storage directory /workdir/hadoop-ozone/integration-test/target/test-dir/MiniOzoneClusterImpl-c75db70a-b38d-4491-876a-314fea4a50b4/datanode-4/data/ratis/e354fc15-7526-48b6-8722-ecef00a15356 has been successfully formatted.
2019-09-21 02:34:15,448 [pool-27-thread-1] INFO  ratis.ContainerStateMachine (ContainerStateMachine.java:loadSnapshot(230)) - group-ECEF00A15356: The snapshot info is null. Setting the last applied indexto:(t:0, i:~)
2019-09-21 02:34:15,448 [pool-67-thread-1] INFO  ratis.ContainerStateMachine (ContainerStateMachine.java:loadSnapshot(230)) - group-ECEF00A15356: The snapshot info is null. Setting the last applied indexto:(t:0, i:~)
2019-09-21 02:34:15,448 [pool-27-thread-1] INFO  server.RaftServerConfigKeys (ConfUtils.java:logGet(43)) - raft.server.notification.no-leader.timeout = 120s (custom)
2019-09-21 02:34:15,448 [pool-67-thread-1] INFO  server.RaftServerConfigKeys (ConfUtils.java:logGet(43)) - raft.server.notification.no-leader.timeout = 120s (custom)
2019-09-21 02:34:15,448 [pool-27-thread-1] INFO  server.RaftServerConfigKeys (ConfUtils.java:logGet(43)) - raft.server.log.use.memory = false (default)
2019-09-21 02:34:15,448 [pool-67-thread-1] INFO  server.RaftServerConfigKeys (ConfUtils.java:logGet(43)) - raft.server.log.use.memory = false (default)
2019-09-21 02:34:15,449 [pool-27-thread-1] INFO  server.RaftServerConfigKeys (ConfUtils.java:logGet(43)) - raft.server.log.purge.gap = 1000000 (custom)
2019-09-21 02:34:15,449 [pool-67-thread-1] INFO  server.RaftServerConfigKeys (ConfUtils.java:logGet(43)) - raft.server.log.purge.gap = 1000000 (custom)
2019-09-21 02:34:15,449 [pool-27-thread-1] INFO  server.RaftServerConfigKeys (ConfUtils.java:logGet(43)) - raft.server.log.appender.buffer.byte-limit = 33554432 (custom)
2019-09-21 02:34:15,449 [pool-67-thread-1] INFO  server.RaftServerConfigKeys (ConfUtils.java:logGet(43)) - raft.server.log.appender.buffer.byte-limit = 33554432 (custom)
2019-09-21 02:34:15,449 [pool-27-thread-1] INFO  server.RaftServerConfigKeys (ConfUtils.java:logGet(43)) - raft.server.log.segment.size.max = 1048576 (custom)
2019-09-21 02:34:15,449 [pool-67-thread-1] INFO  server.RaftServerConfigKeys (ConfUtils.java:logGet(43)) - raft.server.log.segment.size.max = 1048576 (custom)
2019-09-21 02:34:15,450 [pool-27-thread-1] INFO  server.RaftServerConfigKeys (ConfUtils.java:logGet(43)) - raft.server.log.segment.cache.num.max = 2 (custom)
2019-09-21 02:34:15,450 [pool-67-thread-1] INFO  server.RaftServerConfigKeys (ConfUtils.java:logGet(43)) - raft.server.log.segment.cache.num.max = 2 (custom)
2019-09-21 02:34:15,450 [pool-27-thread-1] INFO  segmented.SegmentedRaftLogWorker (SegmentedRaftLogWorker.java:<init>(172)) - new 4f3ba854-734c-449e-9e69-f2b4bbdaaa6d@group-ECEF00A15356-SegmentedRaftLogWorker for RaftStorage:Storage Directory /workdir/hadoop-ozone/integration-test/target/test-dir/MiniOzoneClusterImpl-c75db70a-b38d-4491-876a-314fea4a50b4/datanode-0/data/ratis/e354fc15-7526-48b6-8722-ecef00a15356
2019-09-21 02:34:15,450 [pool-67-thread-1] INFO  segmented.SegmentedRaftLogWorker (SegmentedRaftLogWorker.java:<init>(172)) - new 9bb64537-e00f-42df-af41-b182dac1ca30@group-ECEF00A15356-SegmentedRaftLogWorker for RaftStorage:Storage Directory /workdir/hadoop-ozone/integration-test/target/test-dir/MiniOzoneClusterImpl-c75db70a-b38d-4491-876a-314fea4a50b4/datanode-4/data/ratis/e354fc15-7526-48b6-8722-ecef00a15356
2019-09-21 02:34:15,450 [pool-27-thread-1] INFO  server.RaftServerConfigKeys (ConfUtils.java:logGet(43)) - raft.server.log.queue.byte-limit = 2147483647 (custom)
2019-09-21 02:34:15,451 [pool-27-thread-1] INFO  server.RaftServerConfigKeys (ConfUtils.java:logGet(43)) - raft.server.log.queue.element-limit = 1024 (custom)
2019-09-21 02:34:15,451 [pool-27-thread-1] INFO  server.RaftServerConfigKeys (ConfUtils.java:logGet(43)) - raft.server.log.segment.size.max = 1048576 (custom)
2019-09-21 02:34:15,451 [pool-27-thread-1] INFO  server.RaftServerConfigKeys (ConfUtils.java:logGet(43)) - raft.server.log.preallocated.size = 16384 (custom)
2019-09-21 02:34:15,451 [pool-27-thread-1] INFO  server.RaftServerConfigKeys (ConfUtils.java:logGet(43)) - raft.server.log.write.buffer.size = 33554432 (custom)
2019-09-21 02:34:15,451 [pool-27-thread-1] INFO  server.RaftServerConfigKeys (ConfUtils.java:logGet(43)) - raft.server.log.force.sync.num = 128 (default)
2019-09-21 02:34:15,452 [pool-27-thread-1] INFO  server.RaftServerConfigKeys (ConfUtils.java:logGet(43)) - raft.server.log.statemachine.data.sync = true (default)
2019-09-21 02:34:15,452 [pool-27-thread-1] INFO  server.RaftServerConfigKeys (ConfUtils.java:logGet(43)) - raft.server.log.statemachine.data.sync.timeout = 10s (default)
2019-09-21 02:34:15,452 [pool-27-thread-1] INFO  server.RaftServerConfigKeys (ConfUtils.java:logGet(43)) - raft.server.log.statemachine.data.sync.timeout.retry = -1 (default)
2019-09-21 02:34:15,452 [pool-27-thread-1] INFO  server.RaftServerConfigKeys (ConfUtils.java:logGet(43)) - raft.server.log.statemachine.data.caching.enabled = true (custom)
2019-09-21 02:34:15,453 [pool-27-thread-1] INFO  segmented.SegmentedRaftLogWorker (SegmentedRaftLogWorker.java:lambda$new$0(132)) - 4f3ba854-734c-449e-9e69-f2b4bbdaaa6d@group-ECEF00A15356-SegmentedRaftLogWorker: flushIndex: setUnconditionally 0 -> -1
2019-09-21 02:34:15,453 [pool-27-thread-1] INFO  server.RaftServerConfigKeys (ConfUtils.java:logGet(43)) - raft.server.snapshot.auto.trigger.enabled = true (custom)
2019-09-21 02:34:15,453 [pool-27-thread-1] INFO  server.RaftServerConfigKeys (ConfUtils.java:logGet(43)) - raft.server.snapshot.auto.trigger.threshold = 10000 (custom)
2019-09-21 02:34:15,454 [pool-27-thread-1] INFO  server.RaftServerConfigKeys (ConfUtils.java:logGet(43)) - raft.server.snapshot.retention.num.files = 5 (custom)
2019-09-21 02:34:15,454 [pool-27-thread-1] INFO  server.RaftServerConfigKeys (ConfUtils.java:logGet(43)) - raft.server.retrycache.expirytime = 600000ms (custom)
2019-09-21 02:34:15,457 [pool-67-thread-1] INFO  server.RaftServerConfigKeys (ConfUtils.java:logGet(43)) - raft.server.log.queue.byte-limit = 2147483647 (custom)
2019-09-21 02:34:15,457 [pool-67-thread-1] INFO  server.RaftServerConfigKeys (ConfUtils.java:logGet(43)) - raft.server.log.queue.element-limit = 1024 (custom)
2019-09-21 02:34:15,457 [pool-67-thread-1] INFO  server.RaftServerConfigKeys (ConfUtils.java:logGet(43)) - raft.server.log.segment.size.max = 1048576 (custom)
2019-09-21 02:34:15,457 [pool-67-thread-1] INFO  server.RaftServerConfigKeys (ConfUtils.java:logGet(43)) - raft.server.log.preallocated.size = 16384 (custom)
2019-09-21 02:34:15,458 [pool-67-thread-1] INFO  server.RaftServerConfigKeys (ConfUtils.java:logGet(43)) - raft.server.log.write.buffer.size = 33554432 (custom)
2019-09-21 02:34:15,458 [pool-67-thread-1] INFO  server.RaftServerConfigKeys (ConfUtils.java:logGet(43)) - raft.server.log.force.sync.num = 128 (default)
2019-09-21 02:34:15,458 [pool-67-thread-1] INFO  server.RaftServerConfigKeys (ConfUtils.java:logGet(43)) - raft.server.log.statemachine.data.sync = true (default)
2019-09-21 02:34:15,458 [pool-67-thread-1] INFO  server.RaftServerConfigKeys (ConfUtils.java:logGet(43)) - raft.server.log.statemachine.data.sync.timeout = 10s (default)
2019-09-21 02:34:15,459 [pool-67-thread-1] INFO  server.RaftServerConfigKeys (ConfUtils.java:logGet(43)) - raft.server.log.statemachine.data.sync.timeout.retry = -1 (default)
2019-09-21 02:34:15,459 [pool-67-thread-1] INFO  server.RaftServerConfigKeys (ConfUtils.java:logGet(43)) - raft.server.log.statemachine.data.caching.enabled = true (custom)
2019-09-21 02:34:15,460 [pool-67-thread-1] INFO  segmented.SegmentedRaftLogWorker (SegmentedRaftLogWorker.java:lambda$new$0(132)) - 9bb64537-e00f-42df-af41-b182dac1ca30@group-ECEF00A15356-SegmentedRaftLogWorker: flushIndex: setUnconditionally 0 -> -1
2019-09-21 02:34:15,460 [pool-67-thread-1] INFO  server.RaftServerConfigKeys (ConfUtils.java:logGet(43)) - raft.server.snapshot.auto.trigger.enabled = true (custom)
2019-09-21 02:34:15,460 [pool-67-thread-1] INFO  server.RaftServerConfigKeys (ConfUtils.java:logGet(43)) - raft.server.snapshot.auto.trigger.threshold = 10000 (custom)
2019-09-21 02:34:15,460 [pool-67-thread-1] INFO  server.RaftServerConfigKeys (ConfUtils.java:logGet(43)) - raft.server.snapshot.retention.num.files = 5 (custom)
2019-09-21 02:34:15,461 [pool-67-thread-1] INFO  server.RaftServerConfigKeys (ConfUtils.java:logGet(43)) - raft.server.retrycache.expirytime = 600000ms (custom)
2019-09-21 02:34:15,461 [pool-27-thread-1] INFO  impl.RaftServerImpl (RaftServerImpl.java:<init>(95)) - 4f3ba854-734c-449e-9e69-f2b4bbdaaa6d: new RaftServerImpl for group-635FA932FD90:[9bb64537-e00f-42df-af41-b182dac1ca30:192.168.36.72:37758, 88a587d4-13ec-4b84-86b6-600ae54e939b:192.168.36.72:45796, 4f3ba854-734c-449e-9e69-f2b4bbdaaa6d:192.168.36.72:35128] with ContainerStateMachine:uninitialized
2019-09-21 02:34:15,462 [pool-27-thread-1] INFO  server.RaftServerConfigKeys (ConfUtils.java:logGet(43)) - raft.server.rpc.timeout.min = 5s (custom)
2019-09-21 02:34:15,462 [pool-27-thread-1] INFO  server.RaftServerConfigKeys (ConfUtils.java:logGet(43)) - raft.server.rpc.timeout.max = 5200ms (custom)
2019-09-21 02:34:15,462 [pool-27-thread-1] INFO  server.RaftServerConfigKeys (ConfUtils.java:logGet(43)) - raft.server.rpcslowness.timeout = 120s (custom)
2019-09-21 02:34:15,462 [pool-27-thread-1] INFO  server.RaftServerConfigKeys (ConfUtils.java:logGet(43)) - raft.server.sleep.deviation.threshold = 300 (default)
2019-09-21 02:34:15,462 [pool-27-thread-1] INFO  server.RaftServerConfigKeys (ConfUtils.java:logGet(43)) - raft.server.log.appender.install.snapshot.enabled = false (custom)
2019-09-21 02:34:15,462 [pool-27-thread-1] INFO  impl.RaftServerImpl (ServerState.java:<init>(103)) - 4f3ba854-734c-449e-9e69-f2b4bbdaaa6d@group-635FA932FD90: ConfigurationManager, init=-1: [9bb64537-e00f-42df-af41-b182dac1ca30:192.168.36.72:37758, 88a587d4-13ec-4b84-86b6-600ae54e939b:192.168.36.72:45796, 4f3ba854-734c-449e-9e69-f2b4bbdaaa6d:192.168.36.72:35128], old=null, confs=<EMPTY_MAP>
2019-09-21 02:34:15,463 [pool-27-thread-1] INFO  server.RaftServerConfigKeys (ConfUtils.java:logGet(43)) - raft.server.storage.dir = [/workdir/hadoop-ozone/integration-test/target/test-dir/MiniOzoneClusterImpl-c75db70a-b38d-4491-876a-314fea4a50b4/datanode-0/data/ratis] (custom)
2019-09-21 02:34:15,463 [pool-27-thread-1] INFO  storage.RaftStorageDirectory (RaftStorageDirectory.java:analyzeStorage(246)) - The storage directory /workdir/hadoop-ozone/integration-test/target/test-dir/MiniOzoneClusterImpl-c75db70a-b38d-4491-876a-314fea4a50b4/datanode-0/data/ratis/900399a6-3972-4300-b128-635fa932fd90 does not exist. Creating ...
2019-09-21 02:34:15,468 [pool-67-thread-1] INFO  impl.RaftServerImpl (RaftServerImpl.java:<init>(95)) - 9bb64537-e00f-42df-af41-b182dac1ca30: new RaftServerImpl for group-635FA932FD90:[9bb64537-e00f-42df-af41-b182dac1ca30:192.168.36.72:37758, 88a587d4-13ec-4b84-86b6-600ae54e939b:192.168.36.72:45796, 4f3ba854-734c-449e-9e69-f2b4bbdaaa6d:192.168.36.72:35128] with ContainerStateMachine:uninitialized
2019-09-21 02:34:15,468 [pool-67-thread-1] INFO  server.RaftServerConfigKeys (ConfUtils.java:logGet(43)) - raft.server.rpc.timeout.min = 5s (custom)
2019-09-21 02:34:15,469 [pool-67-thread-1] INFO  server.RaftServerConfigKeys (ConfUtils.java:logGet(43)) - raft.server.rpc.timeout.max = 5200ms (custom)
2019-09-21 02:34:15,469 [pool-67-thread-1] INFO  server.RaftServerConfigKeys (ConfUtils.java:logGet(43)) - raft.server.rpcslowness.timeout = 120s (custom)
2019-09-21 02:34:15,469 [pool-67-thread-1] INFO  server.RaftServerConfigKeys (ConfUtils.java:logGet(43)) - raft.server.sleep.deviation.threshold = 300 (default)
2019-09-21 02:34:15,469 [pool-67-thread-1] INFO  server.RaftServerConfigKeys (ConfUtils.java:logGet(43)) - raft.server.log.appender.install.snapshot.enabled = false (custom)
2019-09-21 02:34:15,469 [pool-67-thread-1] INFO  impl.RaftServerImpl (ServerState.java:<init>(103)) - 9bb64537-e00f-42df-af41-b182dac1ca30@group-635FA932FD90: ConfigurationManager, init=-1: [9bb64537-e00f-42df-af41-b182dac1ca30:192.168.36.72:37758, 88a587d4-13ec-4b84-86b6-600ae54e939b:192.168.36.72:45796, 4f3ba854-734c-449e-9e69-f2b4bbdaaa6d:192.168.36.72:35128], old=null, confs=<EMPTY_MAP>
2019-09-21 02:34:15,469 [pool-67-thread-1] INFO  server.RaftServerConfigKeys (ConfUtils.java:logGet(43)) - raft.server.storage.dir = [/workdir/hadoop-ozone/integration-test/target/test-dir/MiniOzoneClusterImpl-c75db70a-b38d-4491-876a-314fea4a50b4/datanode-4/data/ratis] (custom)
2019-09-21 02:34:15,470 [pool-67-thread-1] INFO  storage.RaftStorageDirectory (RaftStorageDirectory.java:analyzeStorage(246)) - The storage directory /workdir/hadoop-ozone/integration-test/target/test-dir/MiniOzoneClusterImpl-c75db70a-b38d-4491-876a-314fea4a50b4/datanode-4/data/ratis/900399a6-3972-4300-b128-635fa932fd90 does not exist. Creating ...
2019-09-21 02:34:15,972 [RATISCREATEPIPELINE1] ERROR pipeline.RatisPipelineProvider (RatisPipelineProvider.java:lambda$null$5(235)) - Failed invoke Ratis rpc org.apache.hadoop.hdds.scm.pipeline.RatisPipelineProvider$$Lambda$186/1054712797@343e3ac for 88a587d4-13ec-4b84-86b6-600ae54e939b
org.apache.ratis.protocol.TimeoutIOException: deadline exceeded after 2999684740ns
	at org.apache.ratis.grpc.GrpcUtil.tryUnwrapException(GrpcUtil.java:82)
	at org.apache.ratis.grpc.GrpcUtil.unwrapException(GrpcUtil.java:75)
	at org.apache.ratis.grpc.client.GrpcClientProtocolClient.blockingCall(GrpcClientProtocolClient.java:178)
	at org.apache.ratis.grpc.client.GrpcClientProtocolClient.groupAdd(GrpcClientProtocolClient.java:147)
	at org.apache.ratis.grpc.client.GrpcClientRpc.sendRequest(GrpcClientRpc.java:94)
	at org.apache.ratis.client.impl.RaftClientImpl.sendRequest(RaftClientImpl.java:278)
	at org.apache.ratis.client.impl.RaftClientImpl.groupAdd(RaftClientImpl.java:205)
	at org.apache.hadoop.hdds.scm.pipeline.RatisPipelineProvider.lambda$initializePipeline$4(RatisPipelineProvider.java:196)
	at org.apache.hadoop.hdds.scm.pipeline.RatisPipelineProvider.lambda$null$5(RatisPipelineProvider.java:231)
	at java.util.stream.ForEachOps$ForEachOp$OfRef.accept(ForEachOps.java:184)
	at java.util.ArrayList$ArrayListSpliterator.forEachRemaining(ArrayList.java:1382)
	at java.util.stream.AbstractPipeline.copyInto(AbstractPipeline.java:482)
	at java.util.stream.ForEachOps$ForEachTask.compute(ForEachOps.java:291)
	at java.util.concurrent.CountedCompleter.exec(CountedCompleter.java:731)
	at java.util.concurrent.ForkJoinTask.doExec(ForkJoinTask.java:289)
	at java.util.concurrent.ForkJoinTask.doInvoke(ForkJoinTask.java:401)
	at java.util.concurrent.ForkJoinTask.invoke(ForkJoinTask.java:734)
	at java.util.stream.ForEachOps$ForEachOp.evaluateParallel(ForEachOps.java:160)
	at java.util.stream.ForEachOps$ForEachOp$OfRef.evaluateParallel(ForEachOps.java:174)
	at java.util.stream.AbstractPipeline.evaluate(AbstractPipeline.java:233)
	at java.util.stream.ReferencePipeline.forEach(ReferencePipeline.java:418)
	at java.util.stream.ReferencePipeline$Head.forEach(ReferencePipeline.java:583)
	at org.apache.hadoop.hdds.scm.pipeline.RatisPipelineProvider.lambda$callRatisRpc$6(RatisPipelineProvider.java:225)
	at java.util.concurrent.ForkJoinTask$AdaptedRunnableAction.exec(ForkJoinTask.java:1386)
	at java.util.concurrent.ForkJoinTask.doExec(ForkJoinTask.java:289)
	at java.util.concurrent.ForkJoinPool$WorkQueue.runTask(ForkJoinPool.java:1056)
	at java.util.concurrent.ForkJoinPool.runWorker(ForkJoinPool.java:1692)
	at java.util.concurrent.ForkJoinWorkerThread.run(ForkJoinWorkerThread.java:157)
Caused by: org.apache.ratis.thirdparty.io.grpc.StatusRuntimeException: DEADLINE_EXCEEDED: deadline exceeded after 2999684740ns
	at org.apache.ratis.thirdparty.io.grpc.stub.ClientCalls.toStatusRuntimeException(ClientCalls.java:233)
	at org.apache.ratis.thirdparty.io.grpc.stub.ClientCalls.getUnchecked(ClientCalls.java:214)
	at org.apache.ratis.thirdparty.io.grpc.stub.ClientCalls.blockingUnaryCall(ClientCalls.java:139)
	at org.apache.ratis.proto.grpc.AdminProtocolServiceGrpc$AdminProtocolServiceBlockingStub.groupManagement(AdminProtocolServiceGrpc.java:274)
	at org.apache.ratis.grpc.client.GrpcClientProtocolClient.lambda$groupAdd$3(GrpcClientProtocolClient.java:149)
	at org.apache.ratis.grpc.client.GrpcClientProtocolClient.blockingCall(GrpcClientProtocolClient.java:176)
	... 25 more
2019-09-21 02:34:15,996 [grpc-default-executor-2] INFO  impl.RaftServerProxy (RaftServerProxy.java:addNew(89)) - 9bb64537-e00f-42df-af41-b182dac1ca30: addNew group-8CA1983F9E13:[9bb64537-e00f-42df-af41-b182dac1ca30:192.168.36.72:37758, 88a587d4-13ec-4b84-86b6-600ae54e939b:192.168.36.72:45796, 4f3ba854-734c-449e-9e69-f2b4bbdaaa6d:192.168.36.72:35128] returns group-8CA1983F9E13:java.util.concurrent.CompletableFuture@7e9b799e[Not completed]
2019-09-21 02:34:15,996 [grpc-default-executor-1] INFO  impl.RaftServerProxy (RaftServerProxy.java:addNew(89)) - 88a587d4-13ec-4b84-86b6-600ae54e939b: addNew group-8CA1983F9E13:[9bb64537-e00f-42df-af41-b182dac1ca30:192.168.36.72:37758, 88a587d4-13ec-4b84-86b6-600ae54e939b:192.168.36.72:45796, 4f3ba854-734c-449e-9e69-f2b4bbdaaa6d:192.168.36.72:35128] returns group-8CA1983F9E13:java.util.concurrent.CompletableFuture@64f27d95[Not completed]
2019-09-21 02:34:15,996 [grpc-default-executor-0] INFO  impl.RaftServerProxy (RaftServerProxy.java:addNew(89)) - 4f3ba854-734c-449e-9e69-f2b4bbdaaa6d: addNew group-8CA1983F9E13:[9bb64537-e00f-42df-af41-b182dac1ca30:192.168.36.72:37758, 88a587d4-13ec-4b84-86b6-600ae54e939b:192.168.36.72:45796, 4f3ba854-734c-449e-9e69-f2b4bbdaaa6d:192.168.36.72:35128] returns group-8CA1983F9E13:java.util.concurrent.CompletableFuture@6bd242bd[Not completed]
2019-09-21 02:34:17,532 [pool-57-thread-1] INFO  storage.RaftStorage (RaftStorage.java:format(72)) - Storage directory /workdir/hadoop-ozone/integration-test/target/test-dir/MiniOzoneClusterImpl-c75db70a-b38d-4491-876a-314fea4a50b4/datanode-3/data/ratis/e354fc15-7526-48b6-8722-ecef00a15356 has been successfully formatted.
2019-09-21 02:34:17,533 [pool-57-thread-1] INFO  ratis.ContainerStateMachine (ContainerStateMachine.java:loadSnapshot(230)) - group-ECEF00A15356: The snapshot info is null. Setting the last applied indexto:(t:0, i:~)
2019-09-21 02:34:17,533 [pool-57-thread-1] INFO  server.RaftServerConfigKeys (ConfUtils.java:logGet(43)) - raft.server.notification.no-leader.timeout = 120s (custom)
2019-09-21 02:34:17,533 [pool-57-thread-1] INFO  server.RaftServerConfigKeys (ConfUtils.java:logGet(43)) - raft.server.log.use.memory = false (default)
2019-09-21 02:34:17,533 [pool-57-thread-1] INFO  server.RaftServerConfigKeys (ConfUtils.java:logGet(43)) - raft.server.log.purge.gap = 1000000 (custom)
2019-09-21 02:34:17,533 [pool-57-thread-1] INFO  server.RaftServerConfigKeys (ConfUtils.java:logGet(43)) - raft.server.log.appender.buffer.byte-limit = 33554432 (custom)
2019-09-21 02:34:17,533 [pool-57-thread-1] INFO  server.RaftServerConfigKeys (ConfUtils.java:logGet(43)) - raft.server.log.segment.size.max = 1048576 (custom)
2019-09-21 02:34:17,534 [pool-57-thread-1] INFO  server.RaftServerConfigKeys (ConfUtils.java:logGet(43)) - raft.server.log.segment.cache.num.max = 2 (custom)
2019-09-21 02:34:17,534 [pool-57-thread-1] INFO  segmented.SegmentedRaftLogWorker (SegmentedRaftLogWorker.java:<init>(172)) - new 88a587d4-13ec-4b84-86b6-600ae54e939b@group-ECEF00A15356-SegmentedRaftLogWorker for RaftStorage:Storage Directory /workdir/hadoop-ozone/integration-test/target/test-dir/MiniOzoneClusterImpl-c75db70a-b38d-4491-876a-314fea4a50b4/datanode-3/data/ratis/e354fc15-7526-48b6-8722-ecef00a15356
2019-09-21 02:34:17,534 [pool-57-thread-1] INFO  server.RaftServerConfigKeys (ConfUtils.java:logGet(43)) - raft.server.log.queue.byte-limit = 2147483647 (custom)
2019-09-21 02:34:17,534 [pool-57-thread-1] INFO  server.RaftServerConfigKeys (ConfUtils.java:logGet(43)) - raft.server.log.queue.element-limit = 1024 (custom)
2019-09-21 02:34:17,534 [pool-57-thread-1] INFO  server.RaftServerConfigKeys (ConfUtils.java:logGet(43)) - raft.server.log.segment.size.max = 1048576 (custom)
2019-09-21 02:34:17,534 [pool-57-thread-1] INFO  server.RaftServerConfigKeys (ConfUtils.java:logGet(43)) - raft.server.log.preallocated.size = 16384 (custom)
2019-09-21 02:34:17,534 [pool-57-thread-1] INFO  server.RaftServerConfigKeys (ConfUtils.java:logGet(43)) - raft.server.log.write.buffer.size = 33554432 (custom)
2019-09-21 02:34:17,535 [pool-57-thread-1] INFO  server.RaftServerConfigKeys (ConfUtils.java:logGet(43)) - raft.server.log.force.sync.num = 128 (default)
2019-09-21 02:34:17,535 [pool-57-thread-1] INFO  server.RaftServerConfigKeys (ConfUtils.java:logGet(43)) - raft.server.log.statemachine.data.sync = true (default)
2019-09-21 02:34:17,535 [pool-57-thread-1] INFO  server.RaftServerConfigKeys (ConfUtils.java:logGet(43)) - raft.server.log.statemachine.data.sync.timeout = 10s (default)
2019-09-21 02:34:17,535 [pool-57-thread-1] INFO  server.RaftServerConfigKeys (ConfUtils.java:logGet(43)) - raft.server.log.statemachine.data.sync.timeout.retry = -1 (default)
2019-09-21 02:34:17,535 [pool-57-thread-1] INFO  server.RaftServerConfigKeys (ConfUtils.java:logGet(43)) - raft.server.log.statemachine.data.caching.enabled = true (custom)
2019-09-21 02:34:17,536 [pool-57-thread-1] INFO  segmented.SegmentedRaftLogWorker (SegmentedRaftLogWorker.java:lambda$new$0(132)) - 88a587d4-13ec-4b84-86b6-600ae54e939b@group-ECEF00A15356-SegmentedRaftLogWorker: flushIndex: setUnconditionally 0 -> -1
2019-09-21 02:34:17,536 [pool-57-thread-1] INFO  server.RaftServerConfigKeys (ConfUtils.java:logGet(43)) - raft.server.snapshot.auto.trigger.enabled = true (custom)
2019-09-21 02:34:17,536 [pool-57-thread-1] INFO  server.RaftServerConfigKeys (ConfUtils.java:logGet(43)) - raft.server.snapshot.auto.trigger.threshold = 10000 (custom)
2019-09-21 02:34:17,536 [pool-57-thread-1] INFO  server.RaftServerConfigKeys (ConfUtils.java:logGet(43)) - raft.server.snapshot.retention.num.files = 5 (custom)
2019-09-21 02:34:17,536 [pool-57-thread-1] INFO  server.RaftServerConfigKeys (ConfUtils.java:logGet(43)) - raft.server.retrycache.expirytime = 600000ms (custom)
2019-09-21 02:34:17,541 [pool-57-thread-1] INFO  impl.RaftServerImpl (RaftServerImpl.java:start(185)) - 88a587d4-13ec-4b84-86b6-600ae54e939b@group-30B47DF7F426: start as a follower, conf=-1: [88a587d4-13ec-4b84-86b6-600ae54e939b:192.168.36.72:45796], old=null
2019-09-21 02:34:17,541 [pool-57-thread-1] INFO  impl.RaftServerImpl (RaftServerImpl.java:setRole(174)) - 88a587d4-13ec-4b84-86b6-600ae54e939b@group-30B47DF7F426: changes role from      null to FOLLOWER at term 0 for startAsFollower
2019-09-21 02:34:17,541 [pool-57-thread-1] INFO  impl.RoleInfo (RoleInfo.java:updateAndGet(143)) - 88a587d4-13ec-4b84-86b6-600ae54e939b: start FollowerState
2019-09-21 02:34:17,541 [pool-57-thread-1] INFO  util.JmxRegister (JmxRegister.java:tryRegister(44)) - Successfully registered JMX Bean with object name Ratis:service=RaftServer,group=group-30B47DF7F426,id=88a587d4-13ec-4b84-86b6-600ae54e939b
2019-09-21 02:34:17,546 [pool-57-thread-1] INFO  impl.RaftServerImpl (RaftServerImpl.java:<init>(95)) - 88a587d4-13ec-4b84-86b6-600ae54e939b: new RaftServerImpl for group-635FA932FD90:[9bb64537-e00f-42df-af41-b182dac1ca30:192.168.36.72:37758, 88a587d4-13ec-4b84-86b6-600ae54e939b:192.168.36.72:45796, 4f3ba854-734c-449e-9e69-f2b4bbdaaa6d:192.168.36.72:35128] with ContainerStateMachine:uninitialized
2019-09-21 02:34:17,546 [pool-57-thread-1] INFO  server.RaftServerConfigKeys (ConfUtils.java:logGet(43)) - raft.server.rpc.timeout.min = 5s (custom)
2019-09-21 02:34:17,546 [pool-57-thread-1] INFO  server.RaftServerConfigKeys (ConfUtils.java:logGet(43)) - raft.server.rpc.timeout.max = 5200ms (custom)
2019-09-21 02:34:17,546 [pool-57-thread-1] INFO  server.RaftServerConfigKeys (ConfUtils.java:logGet(43)) - raft.server.rpcslowness.timeout = 120s (custom)
2019-09-21 02:34:17,546 [pool-57-thread-1] INFO  server.RaftServerConfigKeys (ConfUtils.java:logGet(43)) - raft.server.sleep.deviation.threshold = 300 (default)
2019-09-21 02:34:17,546 [pool-57-thread-1] INFO  server.RaftServerConfigKeys (ConfUtils.java:logGet(43)) - raft.server.log.appender.install.snapshot.enabled = false (custom)
2019-09-21 02:34:17,546 [pool-57-thread-1] INFO  impl.RaftServerImpl (ServerState.java:<init>(103)) - 88a587d4-13ec-4b84-86b6-600ae54e939b@group-635FA932FD90: ConfigurationManager, init=-1: [9bb64537-e00f-42df-af41-b182dac1ca30:192.168.36.72:37758, 88a587d4-13ec-4b84-86b6-600ae54e939b:192.168.36.72:45796, 4f3ba854-734c-449e-9e69-f2b4bbdaaa6d:192.168.36.72:35128], old=null, confs=<EMPTY_MAP>
2019-09-21 02:34:17,547 [pool-57-thread-1] INFO  server.RaftServerConfigKeys (ConfUtils.java:logGet(43)) - raft.server.storage.dir = [/workdir/hadoop-ozone/integration-test/target/test-dir/MiniOzoneClusterImpl-c75db70a-b38d-4491-876a-314fea4a50b4/datanode-3/data/ratis] (custom)
2019-09-21 02:34:17,548 [pool-57-thread-1] INFO  storage.RaftStorageDirectory (RaftStorageDirectory.java:analyzeStorage(246)) - The storage directory /workdir/hadoop-ozone/integration-test/target/test-dir/MiniOzoneClusterImpl-c75db70a-b38d-4491-876a-314fea4a50b4/datanode-3/data/ratis/900399a6-3972-4300-b128-635fa932fd90 does not exist. Creating ...
2019-09-21 02:34:18,707 [pool-67-thread-1] INFO  storage.RaftStorageDirectory (RaftStorageDirectory.java:tryLock(328)) - Lock on /workdir/hadoop-ozone/integration-test/target/test-dir/MiniOzoneClusterImpl-c75db70a-b38d-4491-876a-314fea4a50b4/datanode-4/data/ratis/900399a6-3972-4300-b128-635fa932fd90/in_use.lock acquired by nodename 5013@pr-hdds-2163-pdhxj-1463177635
2019-09-21 02:34:18,707 [pool-27-thread-1] INFO  storage.RaftStorageDirectory (RaftStorageDirectory.java:tryLock(328)) - Lock on /workdir/hadoop-ozone/integration-test/target/test-dir/MiniOzoneClusterImpl-c75db70a-b38d-4491-876a-314fea4a50b4/datanode-0/data/ratis/900399a6-3972-4300-b128-635fa932fd90/in_use.lock acquired by nodename 5013@pr-hdds-2163-pdhxj-1463177635
2019-09-21 02:34:18,983 [RATISCREATEPIPELINE1] ERROR pipeline.RatisPipelineProvider (RatisPipelineProvider.java:lambda$null$5(235)) - Failed invoke Ratis rpc org.apache.hadoop.hdds.scm.pipeline.RatisPipelineProvider$$Lambda$186/1054712797@38ceae06 for 9bb64537-e00f-42df-af41-b182dac1ca30
org.apache.ratis.protocol.TimeoutIOException: deadline exceeded after 2999780784ns
	at org.apache.ratis.grpc.GrpcUtil.tryUnwrapException(GrpcUtil.java:82)
	at org.apache.ratis.grpc.GrpcUtil.unwrapException(GrpcUtil.java:75)
	at org.apache.ratis.grpc.client.GrpcClientProtocolClient.blockingCall(GrpcClientProtocolClient.java:178)
	at org.apache.ratis.grpc.client.GrpcClientProtocolClient.groupAdd(GrpcClientProtocolClient.java:147)
	at org.apache.ratis.grpc.client.GrpcClientRpc.sendRequest(GrpcClientRpc.java:94)
	at org.apache.ratis.client.impl.RaftClientImpl.sendRequest(RaftClientImpl.java:278)
	at org.apache.ratis.client.impl.RaftClientImpl.groupAdd(RaftClientImpl.java:205)
	at org.apache.hadoop.hdds.scm.pipeline.RatisPipelineProvider.lambda$initializePipeline$4(RatisPipelineProvider.java:196)
	at org.apache.hadoop.hdds.scm.pipeline.RatisPipelineProvider.lambda$null$5(RatisPipelineProvider.java:231)
	at java.util.stream.ForEachOps$ForEachOp$OfRef.accept(ForEachOps.java:184)
	at java.util.ArrayList$ArrayListSpliterator.forEachRemaining(ArrayList.java:1382)
	at java.util.stream.AbstractPipeline.copyInto(AbstractPipeline.java:482)
	at java.util.stream.ForEachOps$ForEachTask.compute(ForEachOps.java:291)
	at java.util.concurrent.CountedCompleter.exec(CountedCompleter.java:731)
	at java.util.concurrent.ForkJoinTask.doExec(ForkJoinTask.java:289)
	at java.util.concurrent.ForkJoinTask.doInvoke(ForkJoinTask.java:401)
	at java.util.concurrent.ForkJoinTask.invoke(ForkJoinTask.java:734)
	at java.util.stream.ForEachOps$ForEachOp.evaluateParallel(ForEachOps.java:160)
	at java.util.stream.ForEachOps$ForEachOp$OfRef.evaluateParallel(ForEachOps.java:174)
	at java.util.stream.AbstractPipeline.evaluate(AbstractPipeline.java:233)
	at java.util.stream.ReferencePipeline.forEach(ReferencePipeline.java:418)
	at java.util.stream.ReferencePipeline$Head.forEach(ReferencePipeline.java:583)
	at org.apache.hadoop.hdds.scm.pipeline.RatisPipelineProvider.lambda$callRatisRpc$6(RatisPipelineProvider.java:225)
	at java.util.concurrent.ForkJoinTask$AdaptedRunnableAction.exec(ForkJoinTask.java:1386)
	at java.util.concurrent.ForkJoinTask.doExec(ForkJoinTask.java:289)
	at java.util.concurrent.ForkJoinPool$WorkQueue.runTask(ForkJoinPool.java:1056)
	at java.util.concurrent.ForkJoinPool.runWorker(ForkJoinPool.java:1692)
	at java.util.concurrent.ForkJoinWorkerThread.run(ForkJoinWorkerThread.java:157)
Caused by: org.apache.ratis.thirdparty.io.grpc.StatusRuntimeException: DEADLINE_EXCEEDED: deadline exceeded after 2999780784ns
	at org.apache.ratis.thirdparty.io.grpc.stub.ClientCalls.toStatusRuntimeException(ClientCalls.java:233)
	at org.apache.ratis.thirdparty.io.grpc.stub.ClientCalls.getUnchecked(ClientCalls.java:214)
	at org.apache.ratis.thirdparty.io.grpc.stub.ClientCalls.blockingUnaryCall(ClientCalls.java:139)
	at org.apache.ratis.proto.grpc.AdminProtocolServiceGrpc$AdminProtocolServiceBlockingStub.groupManagement(AdminProtocolServiceGrpc.java:274)
	at org.apache.ratis.grpc.client.GrpcClientProtocolClient.lambda$groupAdd$3(GrpcClientProtocolClient.java:149)
	at org.apache.ratis.grpc.client.GrpcClientProtocolClient.blockingCall(GrpcClientProtocolClient.java:176)
	... 25 more
2019-09-21 02:34:18,985 [RATISCREATEPIPELINE3] ERROR pipeline.RatisPipelineProvider (RatisPipelineProvider.java:lambda$null$5(235)) - Failed invoke Ratis rpc org.apache.hadoop.hdds.scm.pipeline.RatisPipelineProvider$$Lambda$186/1054712797@38ceae06 for 88a587d4-13ec-4b84-86b6-600ae54e939b
org.apache.ratis.protocol.TimeoutIOException: deadline exceeded after 2999689766ns
	at org.apache.ratis.grpc.GrpcUtil.tryUnwrapException(GrpcUtil.java:82)
	at org.apache.ratis.grpc.GrpcUtil.unwrapException(GrpcUtil.java:75)
	at org.apache.ratis.grpc.client.GrpcClientProtocolClient.blockingCall(GrpcClientProtocolClient.java:178)
	at org.apache.ratis.grpc.client.GrpcClientProtocolClient.groupAdd(GrpcClientProtocolClient.java:147)
	at org.apache.ratis.grpc.client.GrpcClientRpc.sendRequest(GrpcClientRpc.java:94)
	at org.apache.ratis.client.impl.RaftClientImpl.sendRequest(RaftClientImpl.java:278)
	at org.apache.ratis.client.impl.RaftClientImpl.groupAdd(RaftClientImpl.java:205)
	at org.apache.hadoop.hdds.scm.pipeline.RatisPipelineProvider.lambda$initializePipeline$4(RatisPipelineProvider.java:196)
	at org.apache.hadoop.hdds.scm.pipeline.RatisPipelineProvider.lambda$null$5(RatisPipelineProvider.java:231)
	at java.util.stream.ForEachOps$ForEachOp$OfRef.accept(ForEachOps.java:184)
	at java.util.ArrayList$ArrayListSpliterator.forEachRemaining(ArrayList.java:1382)
	at java.util.stream.AbstractPipeline.copyInto(AbstractPipeline.java:482)
	at java.util.stream.ForEachOps$ForEachTask.compute(ForEachOps.java:291)
	at java.util.concurrent.CountedCompleter.exec(CountedCompleter.java:731)
	at java.util.concurrent.ForkJoinTask.doExec(ForkJoinTask.java:289)
	at java.util.concurrent.ForkJoinPool$WorkQueue.runTask(ForkJoinPool.java:1056)
	at java.util.concurrent.ForkJoinPool.runWorker(ForkJoinPool.java:1692)
	at java.util.concurrent.ForkJoinWorkerThread.run(ForkJoinWorkerThread.java:157)
Caused by: org.apache.ratis.thirdparty.io.grpc.StatusRuntimeException: DEADLINE_EXCEEDED: deadline exceeded after 2999689766ns
	at org.apache.ratis.thirdparty.io.grpc.stub.ClientCalls.toStatusRuntimeException(ClientCalls.java:233)
	at org.apache.ratis.thirdparty.io.grpc.stub.ClientCalls.getUnchecked(ClientCalls.java:214)
	at org.apache.ratis.thirdparty.io.grpc.stub.ClientCalls.blockingUnaryCall(ClientCalls.java:139)
	at org.apache.ratis.proto.grpc.AdminProtocolServiceGrpc$AdminProtocolServiceBlockingStub.groupManagement(AdminProtocolServiceGrpc.java:274)
	at org.apache.ratis.grpc.client.GrpcClientProtocolClient.lambda$groupAdd$3(GrpcClientProtocolClient.java:149)
	at org.apache.ratis.grpc.client.GrpcClientProtocolClient.blockingCall(GrpcClientProtocolClient.java:176)
	... 15 more
2019-09-21 02:34:18,996 [RATISCREATEPIPELINE2] ERROR pipeline.RatisPipelineProvider (RatisPipelineProvider.java:lambda$null$5(235)) - Failed invoke Ratis rpc org.apache.hadoop.hdds.scm.pipeline.RatisPipelineProvider$$Lambda$186/1054712797@38ceae06 for 4f3ba854-734c-449e-9e69-f2b4bbdaaa6d
org.apache.ratis.protocol.TimeoutIOException: deadline exceeded after 2998895246ns
	at org.apache.ratis.grpc.GrpcUtil.tryUnwrapException(GrpcUtil.java:82)
	at org.apache.ratis.grpc.GrpcUtil.unwrapException(GrpcUtil.java:75)
	at org.apache.ratis.grpc.client.GrpcClientProtocolClient.blockingCall(GrpcClientProtocolClient.java:178)
	at org.apache.ratis.grpc.client.GrpcClientProtocolClient.groupAdd(GrpcClientProtocolClient.java:147)
	at org.apache.ratis.grpc.client.GrpcClientRpc.sendRequest(GrpcClientRpc.java:94)
	at org.apache.ratis.client.impl.RaftClientImpl.sendRequest(RaftClientImpl.java:278)
	at org.apache.ratis.client.impl.RaftClientImpl.groupAdd(RaftClientImpl.java:205)
	at org.apache.hadoop.hdds.scm.pipeline.RatisPipelineProvider.lambda$initializePipeline$4(RatisPipelineProvider.java:196)
	at org.apache.hadoop.hdds.scm.pipeline.RatisPipelineProvider.lambda$null$5(RatisPipelineProvider.java:231)
	at java.util.stream.ForEachOps$ForEachOp$OfRef.accept(ForEachOps.java:184)
	at java.util.ArrayList$ArrayListSpliterator.forEachRemaining(ArrayList.java:1382)
	at java.util.stream.AbstractPipeline.copyInto(AbstractPipeline.java:482)
	at java.util.stream.ForEachOps$ForEachTask.compute(ForEachOps.java:291)
	at java.util.concurrent.CountedCompleter.exec(CountedCompleter.java:731)
	at java.util.concurrent.ForkJoinTask.doExec(ForkJoinTask.java:289)
	at java.util.concurrent.ForkJoinPool$WorkQueue.runTask(ForkJoinPool.java:1056)
	at java.util.concurrent.ForkJoinPool.runWorker(ForkJoinPool.java:1692)
	at java.util.concurrent.ForkJoinWorkerThread.run(ForkJoinWorkerThread.java:157)
Caused by: org.apache.ratis.thirdparty.io.grpc.StatusRuntimeException: DEADLINE_EXCEEDED: deadline exceeded after 2998895246ns
	at org.apache.ratis.thirdparty.io.grpc.stub.ClientCalls.toStatusRuntimeException(ClientCalls.java:233)
	at org.apache.ratis.thirdparty.io.grpc.stub.ClientCalls.getUnchecked(ClientCalls.java:214)
	at org.apache.ratis.thirdparty.io.grpc.stub.ClientCalls.blockingUnaryCall(ClientCalls.java:139)
	at org.apache.ratis.proto.grpc.AdminProtocolServiceGrpc$AdminProtocolServiceBlockingStub.groupManagement(AdminProtocolServiceGrpc.java:274)
	at org.apache.ratis.grpc.client.GrpcClientProtocolClient.lambda$groupAdd$3(GrpcClientProtocolClient.java:149)
	at org.apache.ratis.grpc.client.GrpcClientProtocolClient.blockingCall(GrpcClientProtocolClient.java:176)
	... 15 more
2019-09-21 02:34:19,001 [main] INFO  ozone.MiniOzoneClusterImpl (MiniOzoneClusterImpl.java:shutdown(314)) - Shutting down the Mini Ozone Cluster
2019-09-21 02:34:19,001 [main] INFO  ozone.MiniOzoneClusterImpl (MiniOzoneClusterImpl.java:stop(330)) - Stopping the Mini Ozone Cluster
2019-09-21 02:34:19,001 [main] INFO  ozone.MiniOzoneClusterImpl (MiniOzoneClusterImpl.java:stopOM(400)) - Stopping the OzoneManager
2019-09-21 02:34:19,001 [main] INFO  ipc.Server (Server.java:stop(3082)) - Stopping server on 40880
2019-09-21 02:34:19,002 [ReplicationMonitor] INFO  container.ReplicationManager (ReplicationManager.java:run(225)) - Replication Monitor Thread took 15466 milliseconds for processing 0 containers.
2019-09-21 02:34:19,016 [IPC Server listener on 40880] INFO  ipc.Server (Server.java:run(1185)) - Stopping IPC Server listener on 40880
2019-09-21 02:34:19,017 [main] INFO  ratis.OzoneManagerDoubleBuffer (OzoneManagerDoubleBuffer.java:stop(248)) - Stopping OMDoubleBuffer flush thread
2019-09-21 02:34:19,021 [IPC Server Responder] INFO  ipc.Server (Server.java:run(1319)) - Stopping IPC Server Responder
2019-09-21 02:34:19,025 [OMDoubleBufferFlushThread] INFO  ratis.OzoneManagerDoubleBuffer (OzoneManagerDoubleBuffer.java:flushTransactions(191)) - OMDoubleBuffer flush thread OMDoubleBufferFlushThread is interrupted and will exit. OMDoubleBufferFlushThread
2019-09-21 02:34:19,027 [main] INFO  utils.BackgroundService (BackgroundService.java:shutdown(148)) - Shutting down service KeyDeletingService
2019-09-21 02:34:19,030 [main] INFO  handler.ContextHandler (ContextHandler.java:doStop(910)) - Stopped o.e.j.w.WebAppContext@3766c667{/,null,UNAVAILABLE}{/ozoneManager}
2019-09-21 02:34:19,035 [main] INFO  server.AbstractConnector (AbstractConnector.java:doStop(318)) - Stopped ServerConnector@773c0293{HTTP/1.1,[http/1.1]}{0.0.0.0:0}
2019-09-21 02:34:19,036 [main] INFO  handler.ContextHandler (ContextHandler.java:doStop(910)) - Stopped o.e.j.s.ServletContextHandler@74fe5966{/static,file:///workdir/hadoop-ozone/integration-test/target/test-classes/webapps/static,UNAVAILABLE}
2019-09-21 02:34:19,036 [main] INFO  handler.ContextHandler (ContextHandler.java:doStop(910)) - Stopped o.e.j.s.ServletContextHandler@30331109{/logs,file:///workdir/hadoop-ozone/integration-test/target/log,UNAVAILABLE}
2019-09-21 02:34:19,041 [main] INFO  ozone.MiniOzoneClusterImpl (MiniOzoneClusterImpl.java:stopDatanodes(377)) - Stopping the HddsDatanodes
2019-09-21 02:34:19,508 [pool-57-thread-1] INFO  storage.RaftStorageDirectory (RaftStorageDirectory.java:tryLock(328)) - Lock on /workdir/hadoop-ozone/integration-test/target/test-dir/MiniOzoneClusterImpl-c75db70a-b38d-4491-876a-314fea4a50b4/datanode-3/data/ratis/900399a6-3972-4300-b128-635fa932fd90/in_use.lock acquired by nodename 5013@pr-hdds-2163-pdhxj-1463177635
2019-09-21 02:34:19,575 [Datanode State Machine Thread - 0] INFO  statemachine.DatanodeStateMachine (DatanodeStateMachine.java:lambda$startDaemon$0(350)) - Ozone container server started.
2019-09-21 02:34:19,650 [Datanode State Machine Thread - 0] INFO  statemachine.DatanodeStateMachine (DatanodeStateMachine.java:lambda$startDaemon$0(350)) - Ozone container server started.
2019-09-21 02:34:20,871 [pool-27-thread-1] INFO  storage.RaftStorage (RaftStorage.java:format(72)) - Storage directory /workdir/hadoop-ozone/integration-test/target/test-dir/MiniOzoneClusterImpl-c75db70a-b38d-4491-876a-314fea4a50b4/datanode-0/data/ratis/900399a6-3972-4300-b128-635fa932fd90 has been successfully formatted.
2019-09-21 02:34:20,871 [pool-67-thread-1] INFO  storage.RaftStorage (RaftStorage.java:format(72)) - Storage directory /workdir/hadoop-ozone/integration-test/target/test-dir/MiniOzoneClusterImpl-c75db70a-b38d-4491-876a-314fea4a50b4/datanode-4/data/ratis/900399a6-3972-4300-b128-635fa932fd90 has been successfully formatted.
2019-09-21 02:34:20,872 [pool-27-thread-1] INFO  ratis.ContainerStateMachine (ContainerStateMachine.java:loadSnapshot(230)) - group-635FA932FD90: The snapshot info is null. Setting the last applied indexto:(t:0, i:~)
2019-09-21 02:34:20,872 [pool-67-thread-1] INFO  ratis.ContainerStateMachine (ContainerStateMachine.java:loadSnapshot(230)) - group-635FA932FD90: The snapshot info is null. Setting the last applied indexto:(t:0, i:~)
2019-09-21 02:34:20,872 [pool-27-thread-1] INFO  server.RaftServerConfigKeys (ConfUtils.java:logGet(43)) - raft.server.notification.no-leader.timeout = 120s (custom)
2019-09-21 02:34:20,872 [pool-67-thread-1] INFO  server.RaftServerConfigKeys (ConfUtils.java:logGet(43)) - raft.server.notification.no-leader.timeout = 120s (custom)
2019-09-21 02:34:20,872 [pool-27-thread-1] INFO  server.RaftServerConfigKeys (ConfUtils.java:logGet(43)) - raft.server.log.use.memory = false (default)
2019-09-21 02:34:20,872 [pool-57-thread-1] INFO  storage.RaftStorage (RaftStorage.java:format(72)) - Storage directory /workdir/hadoop-ozone/integration-test/target/test-dir/MiniOzoneClusterImpl-c75db70a-b38d-4491-876a-314fea4a50b4/datanode-3/data/ratis/900399a6-3972-4300-b128-635fa932fd90 has been successfully formatted.
2019-09-21 02:34:20,872 [pool-27-thread-1] INFO  server.RaftServerConfigKeys (ConfUtils.java:logGet(43)) - raft.server.log.purge.gap = 1000000 (custom)
2019-09-21 02:34:20,872 [pool-67-thread-1] INFO  server.RaftServerConfigKeys (ConfUtils.java:logGet(43)) - raft.server.log.use.memory = false (default)
2019-09-21 02:34:20,873 [pool-57-thread-1] INFO  ratis.ContainerStateMachine (ContainerStateMachine.java:loadSnapshot(230)) - group-635FA932FD90: The snapshot info is null. Setting the last applied indexto:(t:0, i:~)
2019-09-21 02:34:20,873 [pool-27-thread-1] INFO  server.RaftServerConfigKeys (ConfUtils.java:logGet(43)) - raft.server.log.appender.buffer.byte-limit = 33554432 (custom)
2019-09-21 02:34:20,873 [pool-57-thread-1] INFO  server.RaftServerConfigKeys (ConfUtils.java:logGet(43)) - raft.server.notification.no-leader.timeout = 120s (custom)
2019-09-21 02:34:20,873 [pool-67-thread-1] INFO  server.RaftServerConfigKeys (ConfUtils.java:logGet(43)) - raft.server.log.purge.gap = 1000000 (custom)
2019-09-21 02:34:20,873 [pool-57-thread-1] INFO  server.RaftServerConfigKeys (ConfUtils.java:logGet(43)) - raft.server.log.use.memory = false (default)
2019-09-21 02:34:20,873 [pool-27-thread-1] INFO  server.RaftServerConfigKeys (ConfUtils.java:logGet(43)) - raft.server.log.segment.size.max = 1048576 (custom)
2019-09-21 02:34:20,874 [pool-57-thread-1] INFO  server.RaftServerConfigKeys (ConfUtils.java:logGet(43)) - raft.server.log.purge.gap = 1000000 (custom)
2019-09-21 02:34:20,873 [pool-67-thread-1] INFO  server.RaftServerConfigKeys (ConfUtils.java:logGet(43)) - raft.server.log.appender.buffer.byte-limit = 33554432 (custom)
2019-09-21 02:34:20,874 [pool-57-thread-1] INFO  server.RaftServerConfigKeys (ConfUtils.java:logGet(43)) - raft.server.log.appender.buffer.byte-limit = 33554432 (custom)
2019-09-21 02:34:20,874 [pool-27-thread-1] INFO  server.RaftServerConfigKeys (ConfUtils.java:logGet(43)) - raft.server.log.segment.cache.num.max = 2 (custom)
2019-09-21 02:34:20,874 [pool-57-thread-1] INFO  server.RaftServerConfigKeys (ConfUtils.java:logGet(43)) - raft.server.log.segment.size.max = 1048576 (custom)
2019-09-21 02:34:20,874 [pool-67-thread-1] INFO  server.RaftServerConfigKeys (ConfUtils.java:logGet(43)) - raft.server.log.segment.size.max = 1048576 (custom)
2019-09-21 02:34:20,874 [pool-57-thread-1] INFO  server.RaftServerConfigKeys (ConfUtils.java:logGet(43)) - raft.server.log.segment.cache.num.max = 2 (custom)
2019-09-21 02:34:20,874 [pool-27-thread-1] INFO  segmented.SegmentedRaftLogWorker (SegmentedRaftLogWorker.java:<init>(172)) - new 4f3ba854-734c-449e-9e69-f2b4bbdaaa6d@group-635FA932FD90-SegmentedRaftLogWorker for RaftStorage:Storage Directory /workdir/hadoop-ozone/integration-test/target/test-dir/MiniOzoneClusterImpl-c75db70a-b38d-4491-876a-314fea4a50b4/datanode-0/data/ratis/900399a6-3972-4300-b128-635fa932fd90
2019-09-21 02:34:20,875 [pool-57-thread-1] INFO  segmented.SegmentedRaftLogWorker (SegmentedRaftLogWorker.java:<init>(172)) - new 88a587d4-13ec-4b84-86b6-600ae54e939b@group-635FA932FD90-SegmentedRaftLogWorker for RaftStorage:Storage Directory /workdir/hadoop-ozone/integration-test/target/test-dir/MiniOzoneClusterImpl-c75db70a-b38d-4491-876a-314fea4a50b4/datanode-3/data/ratis/900399a6-3972-4300-b128-635fa932fd90
2019-09-21 02:34:20,875 [pool-67-thread-1] INFO  server.RaftServerConfigKeys (ConfUtils.java:logGet(43)) - raft.server.log.segment.cache.num.max = 2 (custom)
2019-09-21 02:34:20,875 [pool-57-thread-1] INFO  server.RaftServerConfigKeys (ConfUtils.java:logGet(43)) - raft.server.log.queue.byte-limit = 2147483647 (custom)
2019-09-21 02:34:20,875 [pool-27-thread-1] INFO  server.RaftServerConfigKeys (ConfUtils.java:logGet(43)) - raft.server.log.queue.byte-limit = 2147483647 (custom)
2019-09-21 02:34:20,875 [pool-57-thread-1] INFO  server.RaftServerConfigKeys (ConfUtils.java:logGet(43)) - raft.server.log.queue.element-limit = 1024 (custom)
2019-09-21 02:34:20,875 [pool-67-thread-1] INFO  segmented.SegmentedRaftLogWorker (SegmentedRaftLogWorker.java:<init>(172)) - new 9bb64537-e00f-42df-af41-b182dac1ca30@group-635FA932FD90-SegmentedRaftLogWorker for RaftStorage:Storage Directory /workdir/hadoop-ozone/integration-test/target/test-dir/MiniOzoneClusterImpl-c75db70a-b38d-4491-876a-314fea4a50b4/datanode-4/data/ratis/900399a6-3972-4300-b128-635fa932fd90
2019-09-21 02:34:20,876 [pool-57-thread-1] INFO  server.RaftServerConfigKeys (ConfUtils.java:logGet(43)) - raft.server.log.segment.size.max = 1048576 (custom)
2019-09-21 02:34:20,876 [pool-27-thread-1] INFO  server.RaftServerConfigKeys (ConfUtils.java:logGet(43)) - raft.server.log.queue.element-limit = 1024 (custom)
2019-09-21 02:34:20,876 [pool-57-thread-1] INFO  server.RaftServerConfigKeys (ConfUtils.java:logGet(43)) - raft.server.log.preallocated.size = 16384 (custom)
2019-09-21 02:34:20,876 [pool-67-thread-1] INFO  server.RaftServerConfigKeys (ConfUtils.java:logGet(43)) - raft.server.log.queue.byte-limit = 2147483647 (custom)
2019-09-21 02:34:20,876 [pool-57-thread-1] INFO  server.RaftServerConfigKeys (ConfUtils.java:logGet(43)) - raft.server.log.write.buffer.size = 33554432 (custom)
2019-09-21 02:34:20,876 [pool-27-thread-1] INFO  server.RaftServerConfigKeys (ConfUtils.java:logGet(43)) - raft.server.log.segment.size.max = 1048576 (custom)
2019-09-21 02:34:20,877 [pool-57-thread-1] INFO  server.RaftServerConfigKeys (ConfUtils.java:logGet(43)) - raft.server.log.force.sync.num = 128 (default)
2019-09-21 02:34:20,876 [pool-67-thread-1] INFO  server.RaftServerConfigKeys (ConfUtils.java:logGet(43)) - raft.server.log.queue.element-limit = 1024 (custom)
2019-09-21 02:34:20,877 [pool-57-thread-1] INFO  server.RaftServerConfigKeys (ConfUtils.java:logGet(43)) - raft.server.log.statemachine.data.sync = true (default)
2019-09-21 02:34:20,877 [pool-27-thread-1] INFO  server.RaftServerConfigKeys (ConfUtils.java:logGet(43)) - raft.server.log.preallocated.size = 16384 (custom)
2019-09-21 02:34:20,877 [pool-57-thread-1] INFO  server.RaftServerConfigKeys (ConfUtils.java:logGet(43)) - raft.server.log.statemachine.data.sync.timeout = 10s (default)
2019-09-21 02:34:20,877 [pool-67-thread-1] INFO  server.RaftServerConfigKeys (ConfUtils.java:logGet(43)) - raft.server.log.segment.size.max = 1048576 (custom)
2019-09-21 02:34:20,878 [pool-57-thread-1] INFO  server.RaftServerConfigKeys (ConfUtils.java:logGet(43)) - raft.server.log.statemachine.data.sync.timeout.retry = -1 (default)
2019-09-21 02:34:20,877 [pool-27-thread-1] INFO  server.RaftServerConfigKeys (ConfUtils.java:logGet(43)) - raft.server.log.write.buffer.size = 33554432 (custom)
2019-09-21 02:34:20,878 [pool-67-thread-1] INFO  server.RaftServerConfigKeys (ConfUtils.java:logGet(43)) - raft.server.log.preallocated.size = 16384 (custom)
2019-09-21 02:34:20,878 [pool-57-thread-1] INFO  server.RaftServerConfigKeys (ConfUtils.java:logGet(43)) - raft.server.log.statemachine.data.caching.enabled = true (custom)
2019-09-21 02:34:20,878 [pool-27-thread-1] INFO  server.RaftServerConfigKeys (ConfUtils.java:logGet(43)) - raft.server.log.force.sync.num = 128 (default)
2019-09-21 02:34:20,878 [pool-67-thread-1] INFO  server.RaftServerConfigKeys (ConfUtils.java:logGet(43)) - raft.server.log.write.buffer.size = 33554432 (custom)
2019-09-21 02:34:20,879 [pool-27-thread-1] INFO  server.RaftServerConfigKeys (ConfUtils.java:logGet(43)) - raft.server.log.statemachine.data.sync = true (default)
2019-09-21 02:34:20,879 [pool-57-thread-1] INFO  segmented.SegmentedRaftLogWorker (SegmentedRaftLogWorker.java:lambda$new$0(132)) - 88a587d4-13ec-4b84-86b6-600ae54e939b@group-635FA932FD90-SegmentedRaftLogWorker: flushIndex: setUnconditionally 0 -> -1
2019-09-21 02:34:20,879 [pool-67-thread-1] INFO  server.RaftServerConfigKeys (ConfUtils.java:logGet(43)) - raft.server.log.force.sync.num = 128 (default)
2019-09-21 02:34:20,879 [pool-27-thread-1] INFO  server.RaftServerConfigKeys (ConfUtils.java:logGet(43)) - raft.server.log.statemachine.data.sync.timeout = 10s (default)
2019-09-21 02:34:20,879 [pool-57-thread-1] INFO  server.RaftServerConfigKeys (ConfUtils.java:logGet(43)) - raft.server.snapshot.auto.trigger.enabled = true (custom)
2019-09-21 02:34:20,879 [pool-67-thread-1] INFO  server.RaftServerConfigKeys (ConfUtils.java:logGet(43)) - raft.server.log.statemachine.data.sync = true (default)
2019-09-21 02:34:20,880 [pool-57-thread-1] INFO  server.RaftServerConfigKeys (ConfUtils.java:logGet(43)) - raft.server.snapshot.auto.trigger.threshold = 10000 (custom)
2019-09-21 02:34:20,880 [pool-27-thread-1] INFO  server.RaftServerConfigKeys (ConfUtils.java:logGet(43)) - raft.server.log.statemachine.data.sync.timeout.retry = -1 (default)
2019-09-21 02:34:20,880 [pool-57-thread-1] INFO  server.RaftServerConfigKeys (ConfUtils.java:logGet(43)) - raft.server.snapshot.retention.num.files = 5 (custom)
2019-09-21 02:34:20,880 [pool-67-thread-1] INFO  server.RaftServerConfigKeys (ConfUtils.java:logGet(43)) - raft.server.log.statemachine.data.sync.timeout = 10s (default)
2019-09-21 02:34:20,880 [pool-27-thread-1] INFO  server.RaftServerConfigKeys (ConfUtils.java:logGet(43)) - raft.server.log.statemachine.data.caching.enabled = true (custom)
2019-09-21 02:34:20,880 [pool-57-thread-1] INFO  server.RaftServerConfigKeys (ConfUtils.java:logGet(43)) - raft.server.retrycache.expirytime = 600000ms (custom)
2019-09-21 02:34:20,880 [pool-67-thread-1] INFO  server.RaftServerConfigKeys (ConfUtils.java:logGet(43)) - raft.server.log.statemachine.data.sync.timeout.retry = -1 (default)
2019-09-21 02:34:20,881 [pool-27-thread-1] INFO  segmented.SegmentedRaftLogWorker (SegmentedRaftLogWorker.java:lambda$new$0(132)) - 4f3ba854-734c-449e-9e69-f2b4bbdaaa6d@group-635FA932FD90-SegmentedRaftLogWorker: flushIndex: setUnconditionally 0 -> -1
2019-09-21 02:34:20,881 [pool-67-thread-1] INFO  server.RaftServerConfigKeys (ConfUtils.java:logGet(43)) - raft.server.log.statemachine.data.caching.enabled = true (custom)
2019-09-21 02:34:20,881 [pool-27-thread-1] INFO  server.RaftServerConfigKeys (ConfUtils.java:logGet(43)) - raft.server.snapshot.auto.trigger.enabled = true (custom)
2019-09-21 02:34:20,881 [pool-67-thread-1] INFO  segmented.SegmentedRaftLogWorker (SegmentedRaftLogWorker.java:lambda$new$0(132)) - 9bb64537-e00f-42df-af41-b182dac1ca30@group-635FA932FD90-SegmentedRaftLogWorker: flushIndex: setUnconditionally 0 -> -1
2019-09-21 02:34:20,881 [pool-27-thread-1] INFO  server.RaftServerConfigKeys (ConfUtils.java:logGet(43)) - raft.server.snapshot.auto.trigger.threshold = 10000 (custom)
2019-09-21 02:34:20,882 [pool-27-thread-1] INFO  server.RaftServerConfigKeys (ConfUtils.java:logGet(43)) - raft.server.snapshot.retention.num.files = 5 (custom)
2019-09-21 02:34:20,882 [pool-67-thread-1] INFO  server.RaftServerConfigKeys (ConfUtils.java:logGet(43)) - raft.server.snapshot.auto.trigger.enabled = true (custom)
2019-09-21 02:34:20,882 [pool-67-thread-1] INFO  server.RaftServerConfigKeys (ConfUtils.java:logGet(43)) - raft.server.snapshot.auto.trigger.threshold = 10000 (custom)
2019-09-21 02:34:20,882 [pool-27-thread-1] INFO  server.RaftServerConfigKeys (ConfUtils.java:logGet(43)) - raft.server.retrycache.expirytime = 600000ms (custom)
2019-09-21 02:34:20,882 [pool-67-thread-1] INFO  server.RaftServerConfigKeys (ConfUtils.java:logGet(43)) - raft.server.snapshot.retention.num.files = 5 (custom)
2019-09-21 02:34:20,882 [pool-67-thread-1] INFO  server.RaftServerConfigKeys (ConfUtils.java:logGet(43)) - raft.server.retrycache.expirytime = 600000ms (custom)
2019-09-21 02:34:20,887 [pool-27-thread-1] INFO  impl.RaftServerImpl (RaftServerImpl.java:start(185)) - 4f3ba854-734c-449e-9e69-f2b4bbdaaa6d@group-ECEF00A15356: start as a follower, conf=-1: [9bb64537-e00f-42df-af41-b182dac1ca30:192.168.36.72:37758, 88a587d4-13ec-4b84-86b6-600ae54e939b:192.168.36.72:45796, 4f3ba854-734c-449e-9e69-f2b4bbdaaa6d:192.168.36.72:35128], old=null
2019-09-21 02:34:20,887 [pool-67-thread-1] INFO  impl.RaftServerImpl (RaftServerImpl.java:start(185)) - 9bb64537-e00f-42df-af41-b182dac1ca30@group-ECEF00A15356: start as a follower, conf=-1: [9bb64537-e00f-42df-af41-b182dac1ca30:192.168.36.72:37758, 88a587d4-13ec-4b84-86b6-600ae54e939b:192.168.36.72:45796, 4f3ba854-734c-449e-9e69-f2b4bbdaaa6d:192.168.36.72:35128], old=null
2019-09-21 02:34:20,887 [pool-27-thread-1] INFO  impl.RaftServerImpl (RaftServerImpl.java:setRole(174)) - 4f3ba854-734c-449e-9e69-f2b4bbdaaa6d@group-ECEF00A15356: changes role from      null to FOLLOWER at term 0 for startAsFollower
2019-09-21 02:34:20,887 [pool-67-thread-1] INFO  impl.RaftServerImpl (RaftServerImpl.java:setRole(174)) - 9bb64537-e00f-42df-af41-b182dac1ca30@group-ECEF00A15356: changes role from      null to FOLLOWER at term 0 for startAsFollower
2019-09-21 02:34:20,887 [pool-27-thread-1] INFO  impl.RoleInfo (RoleInfo.java:updateAndGet(143)) - 4f3ba854-734c-449e-9e69-f2b4bbdaaa6d: start FollowerState
2019-09-21 02:34:20,887 [pool-67-thread-1] INFO  impl.RoleInfo (RoleInfo.java:updateAndGet(143)) - 9bb64537-e00f-42df-af41-b182dac1ca30: start FollowerState
2019-09-21 02:34:20,888 [pool-27-thread-1] INFO  util.JmxRegister (JmxRegister.java:tryRegister(44)) - Successfully registered JMX Bean with object name Ratis:service=RaftServer,group=group-ECEF00A15356,id=4f3ba854-734c-449e-9e69-f2b4bbdaaa6d
2019-09-21 02:34:20,888 [pool-67-thread-1] INFO  util.JmxRegister (JmxRegister.java:tryRegister(44)) - Successfully registered JMX Bean with object name Ratis:service=RaftServer,group=group-ECEF00A15356,id=9bb64537-e00f-42df-af41-b182dac1ca30
2019-09-21 02:34:20,889 [pool-57-thread-1] INFO  impl.RaftServerImpl (RaftServerImpl.java:<init>(95)) - 88a587d4-13ec-4b84-86b6-600ae54e939b: new RaftServerImpl for group-1AF6E1757808:[88a587d4-13ec-4b84-86b6-600ae54e939b:192.168.36.72:45796] with ContainerStateMachine:uninitialized
2019-09-21 02:34:20,889 [pool-57-thread-1] INFO  server.RaftServerConfigKeys (ConfUtils.java:logGet(43)) - raft.server.rpc.timeout.min = 5s (custom)
2019-09-21 02:34:20,889 [pool-57-thread-1] INFO  server.RaftServerConfigKeys (ConfUtils.java:logGet(43)) - raft.server.rpc.timeout.max = 5200ms (custom)
2019-09-21 02:34:20,889 [pool-57-thread-1] INFO  server.RaftServerConfigKeys (ConfUtils.java:logGet(43)) - raft.server.rpcslowness.timeout = 120s (custom)
2019-09-21 02:34:20,889 [pool-57-thread-1] INFO  server.RaftServerConfigKeys (ConfUtils.java:logGet(43)) - raft.server.sleep.deviation.threshold = 300 (default)
2019-09-21 02:34:20,890 [pool-57-thread-1] INFO  server.RaftServerConfigKeys (ConfUtils.java:logGet(43)) - raft.server.log.appender.install.snapshot.enabled = false (custom)
2019-09-21 02:34:20,890 [pool-57-thread-1] INFO  impl.RaftServerImpl (ServerState.java:<init>(103)) - 88a587d4-13ec-4b84-86b6-600ae54e939b@group-1AF6E1757808: ConfigurationManager, init=-1: [88a587d4-13ec-4b84-86b6-600ae54e939b:192.168.36.72:45796], old=null, confs=<EMPTY_MAP>
2019-09-21 02:34:20,890 [pool-57-thread-1] INFO  server.RaftServerConfigKeys (ConfUtils.java:logGet(43)) - raft.server.storage.dir = [/workdir/hadoop-ozone/integration-test/target/test-dir/MiniOzoneClusterImpl-c75db70a-b38d-4491-876a-314fea4a50b4/datanode-3/data/ratis] (custom)
2019-09-21 02:34:20,890 [pool-27-thread-1] INFO  impl.RaftServerImpl (RaftServerImpl.java:<init>(95)) - 4f3ba854-734c-449e-9e69-f2b4bbdaaa6d: new RaftServerImpl for group-8CA1983F9E13:[9bb64537-e00f-42df-af41-b182dac1ca30:192.168.36.72:37758, 88a587d4-13ec-4b84-86b6-600ae54e939b:192.168.36.72:45796, 4f3ba854-734c-449e-9e69-f2b4bbdaaa6d:192.168.36.72:35128] with ContainerStateMachine:uninitialized
2019-09-21 02:34:20,891 [pool-57-thread-1] INFO  storage.RaftStorageDirectory (RaftStorageDirectory.java:analyzeStorage(246)) - The storage directory /workdir/hadoop-ozone/integration-test/target/test-dir/MiniOzoneClusterImpl-c75db70a-b38d-4491-876a-314fea4a50b4/datanode-3/data/ratis/bf95d75d-f26b-44b4-bdb8-1af6e1757808 does not exist. Creating ...
2019-09-21 02:34:20,891 [pool-27-thread-1] INFO  server.RaftServerConfigKeys (ConfUtils.java:logGet(43)) - raft.server.rpc.timeout.min = 5s (custom)
2019-09-21 02:34:20,891 [pool-27-thread-1] INFO  server.RaftServerConfigKeys (ConfUtils.java:logGet(43)) - raft.server.rpc.timeout.max = 5200ms (custom)
2019-09-21 02:34:20,891 [pool-27-thread-1] INFO  server.RaftServerConfigKeys (ConfUtils.java:logGet(43)) - raft.server.rpcslowness.timeout = 120s (custom)
2019-09-21 02:34:20,891 [pool-27-thread-1] INFO  server.RaftServerConfigKeys (ConfUtils.java:logGet(43)) - raft.server.sleep.deviation.threshold = 300 (default)
2019-09-21 02:34:20,891 [pool-67-thread-1] INFO  impl.RaftServerImpl (RaftServerImpl.java:<init>(95)) - 9bb64537-e00f-42df-af41-b182dac1ca30: new RaftServerImpl for group-8CA1983F9E13:[9bb64537-e00f-42df-af41-b182dac1ca30:192.168.36.72:37758, 88a587d4-13ec-4b84-86b6-600ae54e939b:192.168.36.72:45796, 4f3ba854-734c-449e-9e69-f2b4bbdaaa6d:192.168.36.72:35128] with ContainerStateMachine:uninitialized
2019-09-21 02:34:20,891 [pool-27-thread-1] INFO  server.RaftServerConfigKeys (ConfUtils.java:logGet(43)) - raft.server.log.appender.install.snapshot.enabled = false (custom)
2019-09-21 02:34:20,891 [pool-67-thread-1] INFO  server.RaftServerConfigKeys (ConfUtils.java:logGet(43)) - raft.server.rpc.timeout.min = 5s (custom)
2019-09-21 02:34:20,892 [pool-27-thread-1] INFO  impl.RaftServerImpl (ServerState.java:<init>(103)) - 4f3ba854-734c-449e-9e69-f2b4bbdaaa6d@group-8CA1983F9E13: ConfigurationManager, init=-1: [9bb64537-e00f-42df-af41-b182dac1ca30:192.168.36.72:37758, 88a587d4-13ec-4b84-86b6-600ae54e939b:192.168.36.72:45796, 4f3ba854-734c-449e-9e69-f2b4bbdaaa6d:192.168.36.72:35128], old=null, confs=<EMPTY_MAP>
2019-09-21 02:34:20,892 [pool-67-thread-1] INFO  server.RaftServerConfigKeys (ConfUtils.java:logGet(43)) - raft.server.rpc.timeout.max = 5200ms (custom)
2019-09-21 02:34:20,892 [pool-27-thread-1] INFO  server.RaftServerConfigKeys (ConfUtils.java:logGet(43)) - raft.server.storage.dir = [/workdir/hadoop-ozone/integration-test/target/test-dir/MiniOzoneClusterImpl-c75db70a-b38d-4491-876a-314fea4a50b4/datanode-0/data/ratis] (custom)
2019-09-21 02:34:20,892 [pool-67-thread-1] INFO  server.RaftServerConfigKeys (ConfUtils.java:logGet(43)) - raft.server.rpcslowness.timeout = 120s (custom)
2019-09-21 02:34:20,892 [pool-67-thread-1] INFO  server.RaftServerConfigKeys (ConfUtils.java:logGet(43)) - raft.server.sleep.deviation.threshold = 300 (default)
2019-09-21 02:34:20,892 [pool-67-thread-1] INFO  server.RaftServerConfigKeys (ConfUtils.java:logGet(43)) - raft.server.log.appender.install.snapshot.enabled = false (custom)
2019-09-21 02:34:20,892 [pool-27-thread-1] INFO  storage.RaftStorageDirectory (RaftStorageDirectory.java:analyzeStorage(246)) - The storage directory /workdir/hadoop-ozone/integration-test/target/test-dir/MiniOzoneClusterImpl-c75db70a-b38d-4491-876a-314fea4a50b4/datanode-0/data/ratis/f868c592-9713-4084-bd95-8ca1983f9e13 does not exist. Creating ...
2019-09-21 02:34:20,892 [pool-67-thread-1] INFO  impl.RaftServerImpl (ServerState.java:<init>(103)) - 9bb64537-e00f-42df-af41-b182dac1ca30@group-8CA1983F9E13: ConfigurationManager, init=-1: [9bb64537-e00f-42df-af41-b182dac1ca30:192.168.36.72:37758, 88a587d4-13ec-4b84-86b6-600ae54e939b:192.168.36.72:45796, 4f3ba854-734c-449e-9e69-f2b4bbdaaa6d:192.168.36.72:35128], old=null, confs=<EMPTY_MAP>
2019-09-21 02:34:20,893 [pool-67-thread-1] INFO  server.RaftServerConfigKeys (ConfUtils.java:logGet(43)) - raft.server.storage.dir = [/workdir/hadoop-ozone/integration-test/target/test-dir/MiniOzoneClusterImpl-c75db70a-b38d-4491-876a-314fea4a50b4/datanode-4/data/ratis] (custom)
2019-09-21 02:34:20,893 [pool-67-thread-1] INFO  storage.RaftStorageDirectory (RaftStorageDirectory.java:analyzeStorage(246)) - The storage directory /workdir/hadoop-ozone/integration-test/target/test-dir/MiniOzoneClusterImpl-c75db70a-b38d-4491-876a-314fea4a50b4/datanode-4/data/ratis/f868c592-9713-4084-bd95-8ca1983f9e13 does not exist. Creating ...
2019-09-21 02:34:21,058 [pool-27-thread-1] INFO  storage.RaftStorageDirectory (RaftStorageDirectory.java:tryLock(328)) - Lock on /workdir/hadoop-ozone/integration-test/target/test-dir/MiniOzoneClusterImpl-c75db70a-b38d-4491-876a-314fea4a50b4/datanode-0/data/ratis/f868c592-9713-4084-bd95-8ca1983f9e13/in_use.lock acquired by nodename 5013@pr-hdds-2163-pdhxj-1463177635
2019-09-21 02:34:21,058 [pool-57-thread-1] INFO  storage.RaftStorageDirectory (RaftStorageDirectory.java:tryLock(328)) - Lock on /workdir/hadoop-ozone/integration-test/target/test-dir/MiniOzoneClusterImpl-c75db70a-b38d-4491-876a-314fea4a50b4/datanode-3/data/ratis/bf95d75d-f26b-44b4-bdb8-1af6e1757808/in_use.lock acquired by nodename 5013@pr-hdds-2163-pdhxj-1463177635
2019-09-21 02:34:21,058 [pool-67-thread-1] INFO  storage.RaftStorageDirectory (RaftStorageDirectory.java:tryLock(328)) - Lock on /workdir/hadoop-ozone/integration-test/target/test-dir/MiniOzoneClusterImpl-c75db70a-b38d-4491-876a-314fea4a50b4/datanode-4/data/ratis/f868c592-9713-4084-bd95-8ca1983f9e13/in_use.lock acquired by nodename 5013@pr-hdds-2163-pdhxj-1463177635
2019-09-21 02:34:21,110 [pool-67-thread-1] INFO  storage.RaftStorage (RaftStorage.java:format(72)) - Storage directory /workdir/hadoop-ozone/integration-test/target/test-dir/MiniOzoneClusterImpl-c75db70a-b38d-4491-876a-314fea4a50b4/datanode-4/data/ratis/f868c592-9713-4084-bd95-8ca1983f9e13 has been successfully formatted.
2019-09-21 02:34:21,110 [pool-27-thread-1] INFO  storage.RaftStorage (RaftStorage.java:format(72)) - Storage directory /workdir/hadoop-ozone/integration-test/target/test-dir/MiniOzoneClusterImpl-c75db70a-b38d-4491-876a-314fea4a50b4/datanode-0/data/ratis/f868c592-9713-4084-bd95-8ca1983f9e13 has been successfully formatted.
2019-09-21 02:34:21,110 [pool-57-thread-1] INFO  storage.RaftStorage (RaftStorage.java:format(72)) - Storage directory /workdir/hadoop-ozone/integration-test/target/test-dir/MiniOzoneClusterImpl-c75db70a-b38d-4491-876a-314fea4a50b4/datanode-3/data/ratis/bf95d75d-f26b-44b4-bdb8-1af6e1757808 has been successfully formatted.
2019-09-21 02:34:21,111 [pool-67-thread-1] INFO  ratis.ContainerStateMachine (ContainerStateMachine.java:loadSnapshot(230)) - group-8CA1983F9E13: The snapshot info is null. Setting the last applied indexto:(t:0, i:~)
2019-09-21 02:34:21,111 [pool-27-thread-1] INFO  ratis.ContainerStateMachine (ContainerStateMachine.java:loadSnapshot(230)) - group-8CA1983F9E13: The snapshot info is null. Setting the last applied indexto:(t:0, i:~)
2019-09-21 02:34:21,111 [pool-67-thread-1] INFO  server.RaftServerConfigKeys (ConfUtils.java:logGet(43)) - raft.server.notification.no-leader.timeout = 120s (custom)
2019-09-21 02:34:21,111 [pool-57-thread-1] INFO  ratis.ContainerStateMachine (ContainerStateMachine.java:loadSnapshot(230)) - group-1AF6E1757808: The snapshot info is null. Setting the last applied indexto:(t:0, i:~)
2019-09-21 02:34:21,111 [pool-67-thread-1] INFO  server.RaftServerConfigKeys (ConfUtils.java:logGet(43)) - raft.server.log.use.memory = false (default)
2019-09-21 02:34:21,111 [pool-27-thread-1] INFO  server.RaftServerConfigKeys (ConfUtils.java:logGet(43)) - raft.server.notification.no-leader.timeout = 120s (custom)
2019-09-21 02:34:21,111 [pool-67-thread-1] INFO  server.RaftServerConfigKeys (ConfUtils.java:logGet(43)) - raft.server.log.purge.gap = 1000000 (custom)
2019-09-21 02:34:21,111 [pool-57-thread-1] INFO  server.RaftServerConfigKeys (ConfUtils.java:logGet(43)) - raft.server.notification.no-leader.timeout = 120s (custom)
2019-09-21 02:34:21,111 [pool-67-thread-1] INFO  server.RaftServerConfigKeys (ConfUtils.java:logGet(43)) - raft.server.log.appender.buffer.byte-limit = 33554432 (custom)
2019-09-21 02:34:21,111 [pool-27-thread-1] INFO  server.RaftServerConfigKeys (ConfUtils.java:logGet(43)) - raft.server.log.use.memory = false (default)
2019-09-21 02:34:21,112 [pool-67-thread-1] INFO  server.RaftServerConfigKeys (ConfUtils.java:logGet(43)) - raft.server.log.segment.size.max = 1048576 (custom)
2019-09-21 02:34:21,112 [pool-57-thread-1] INFO  server.RaftServerConfigKeys (ConfUtils.java:logGet(43)) - raft.server.log.use.memory = false (default)
2019-09-21 02:34:21,112 [pool-67-thread-1] INFO  server.RaftServerConfigKeys (ConfUtils.java:logGet(43)) - raft.server.log.segment.cache.num.max = 2 (custom)
2019-09-21 02:34:21,112 [pool-27-thread-1] INFO  server.RaftServerConfigKeys (ConfUtils.java:logGet(43)) - raft.server.log.purge.gap = 1000000 (custom)
2019-09-21 02:34:21,112 [pool-67-thread-1] INFO  segmented.SegmentedRaftLogWorker (SegmentedRaftLogWorker.java:<init>(172)) - new 9bb64537-e00f-42df-af41-b182dac1ca30@group-8CA1983F9E13-SegmentedRaftLogWorker for RaftStorage:Storage Directory /workdir/hadoop-ozone/integration-test/target/test-dir/MiniOzoneClusterImpl-c75db70a-b38d-4491-876a-314fea4a50b4/datanode-4/data/ratis/f868c592-9713-4084-bd95-8ca1983f9e13
2019-09-21 02:34:21,112 [pool-57-thread-1] INFO  server.RaftServerConfigKeys (ConfUtils.java:logGet(43)) - raft.server.log.purge.gap = 1000000 (custom)
2019-09-21 02:34:21,112 [pool-67-thread-1] INFO  server.RaftServerConfigKeys (ConfUtils.java:logGet(43)) - raft.server.log.queue.byte-limit = 2147483647 (custom)
2019-09-21 02:34:21,112 [pool-27-thread-1] INFO  server.RaftServerConfigKeys (ConfUtils.java:logGet(43)) - raft.server.log.appender.buffer.byte-limit = 33554432 (custom)
2019-09-21 02:34:21,113 [pool-67-thread-1] INFO  server.RaftServerConfigKeys (ConfUtils.java:logGet(43)) - raft.server.log.queue.element-limit = 1024 (custom)
2019-09-21 02:34:21,112 [pool-57-thread-1] INFO  server.RaftServerConfigKeys (ConfUtils.java:logGet(43)) - raft.server.log.appender.buffer.byte-limit = 33554432 (custom)
2019-09-21 02:34:21,113 [pool-67-thread-1] INFO  server.RaftServerConfigKeys (ConfUtils.java:logGet(43)) - raft.server.log.segment.size.max = 1048576 (custom)
2019-09-21 02:34:21,113 [pool-27-thread-1] INFO  server.RaftServerConfigKeys (ConfUtils.java:logGet(43)) - raft.server.log.segment.size.max = 1048576 (custom)
2019-09-21 02:34:21,113 [pool-67-thread-1] INFO  server.RaftServerConfigKeys (ConfUtils.java:logGet(43)) - raft.server.log.preallocated.size = 16384 (custom)
2019-09-21 02:34:21,113 [pool-57-thread-1] INFO  server.RaftServerConfigKeys (ConfUtils.java:logGet(43)) - raft.server.log.segment.size.max = 1048576 (custom)
2019-09-21 02:34:21,113 [pool-67-thread-1] INFO  server.RaftServerConfigKeys (ConfUtils.java:logGet(43)) - raft.server.log.write.buffer.size = 33554432 (custom)
2019-09-21 02:34:21,113 [pool-27-thread-1] INFO  server.RaftServerConfigKeys (ConfUtils.java:logGet(43)) - raft.server.log.segment.cache.num.max = 2 (custom)
2019-09-21 02:34:21,113 [pool-67-thread-1] INFO  server.RaftServerConfigKeys (ConfUtils.java:logGet(43)) - raft.server.log.force.sync.num = 128 (default)
2019-09-21 02:34:21,113 [pool-57-thread-1] INFO  server.RaftServerConfigKeys (ConfUtils.java:logGet(43)) - raft.server.log.segment.cache.num.max = 2 (custom)
2019-09-21 02:34:21,113 [pool-67-thread-1] INFO  server.RaftServerConfigKeys (ConfUtils.java:logGet(43)) - raft.server.log.statemachine.data.sync = true (default)
2019-09-21 02:34:21,113 [pool-27-thread-1] INFO  segmented.SegmentedRaftLogWorker (SegmentedRaftLogWorker.java:<init>(172)) - new 4f3ba854-734c-449e-9e69-f2b4bbdaaa6d@group-8CA1983F9E13-SegmentedRaftLogWorker for RaftStorage:Storage Directory /workdir/hadoop-ozone/integration-test/target/test-dir/MiniOzoneClusterImpl-c75db70a-b38d-4491-876a-314fea4a50b4/datanode-0/data/ratis/f868c592-9713-4084-bd95-8ca1983f9e13
2019-09-21 02:34:21,114 [pool-67-thread-1] INFO  server.RaftServerConfigKeys (ConfUtils.java:logGet(43)) - raft.server.log.statemachine.data.sync.timeout = 10s (default)
2019-09-21 02:34:21,114 [pool-57-thread-1] INFO  segmented.SegmentedRaftLogWorker (SegmentedRaftLogWorker.java:<init>(172)) - new 88a587d4-13ec-4b84-86b6-600ae54e939b@group-1AF6E1757808-SegmentedRaftLogWorker for RaftStorage:Storage Directory /workdir/hadoop-ozone/integration-test/target/test-dir/MiniOzoneClusterImpl-c75db70a-b38d-4491-876a-314fea4a50b4/datanode-3/data/ratis/bf95d75d-f26b-44b4-bdb8-1af6e1757808
2019-09-21 02:34:21,114 [pool-67-thread-1] INFO  server.RaftServerConfigKeys (ConfUtils.java:logGet(43)) - raft.server.log.statemachine.data.sync.timeout.retry = -1 (default)
2019-09-21 02:34:21,114 [pool-27-thread-1] INFO  server.RaftServerConfigKeys (ConfUtils.java:logGet(43)) - raft.server.log.queue.byte-limit = 2147483647 (custom)
2019-09-21 02:34:21,114 [pool-67-thread-1] INFO  server.RaftServerConfigKeys (ConfUtils.java:logGet(43)) - raft.server.log.statemachine.data.caching.enabled = true (custom)
2019-09-21 02:34:21,114 [pool-57-thread-1] INFO  server.RaftServerConfigKeys (ConfUtils.java:logGet(43)) - raft.server.log.queue.byte-limit = 2147483647 (custom)
2019-09-21 02:34:21,114 [pool-27-thread-1] INFO  server.RaftServerConfigKeys (ConfUtils.java:logGet(43)) - raft.server.log.queue.element-limit = 1024 (custom)
2019-09-21 02:34:21,114 [pool-57-thread-1] INFO  server.RaftServerConfigKeys (ConfUtils.java:logGet(43)) - raft.server.log.queue.element-limit = 1024 (custom)
2019-09-21 02:34:21,114 [pool-27-thread-1] INFO  server.RaftServerConfigKeys (ConfUtils.java:logGet(43)) - raft.server.log.segment.size.max = 1048576 (custom)
2019-09-21 02:34:21,114 [pool-67-thread-1] INFO  segmented.SegmentedRaftLogWorker (SegmentedRaftLogWorker.java:lambda$new$0(132)) - 9bb64537-e00f-42df-af41-b182dac1ca30@group-8CA1983F9E13-SegmentedRaftLogWorker: flushIndex: setUnconditionally 0 -> -1
2019-09-21 02:34:21,115 [pool-27-thread-1] INFO  server.RaftServerConfigKeys (ConfUtils.java:logGet(43)) - raft.server.log.preallocated.size = 16384 (custom)
2019-09-21 02:34:21,114 [pool-57-thread-1] INFO  server.RaftServerConfigKeys (ConfUtils.java:logGet(43)) - raft.server.log.segment.size.max = 1048576 (custom)
2019-09-21 02:34:21,115 [pool-67-thread-1] INFO  server.RaftServerConfigKeys (ConfUtils.java:logGet(43)) - raft.server.snapshot.auto.trigger.enabled = true (custom)
2019-09-21 02:34:21,115 [pool-27-thread-1] INFO  server.RaftServerConfigKeys (ConfUtils.java:logGet(43)) - raft.server.log.write.buffer.size = 33554432 (custom)
2019-09-21 02:34:21,115 [pool-67-thread-1] INFO  server.RaftServerConfigKeys (ConfUtils.java:logGet(43)) - raft.server.snapshot.auto.trigger.threshold = 10000 (custom)
2019-09-21 02:34:21,115 [pool-57-thread-1] INFO  server.RaftServerConfigKeys (ConfUtils.java:logGet(43)) - raft.server.log.preallocated.size = 16384 (custom)
2019-09-21 02:34:21,115 [pool-67-thread-1] INFO  server.RaftServerConfigKeys (ConfUtils.java:logGet(43)) - raft.server.snapshot.retention.num.files = 5 (custom)
2019-09-21 02:34:21,115 [pool-27-thread-1] INFO  server.RaftServerConfigKeys (ConfUtils.java:logGet(43)) - raft.server.log.force.sync.num = 128 (default)
2019-09-21 02:34:21,115 [pool-67-thread-1] INFO  server.RaftServerConfigKeys (ConfUtils.java:logGet(43)) - raft.server.retrycache.expirytime = 600000ms (custom)
2019-09-21 02:34:21,115 [pool-57-thread-1] INFO  server.RaftServerConfigKeys (ConfUtils.java:logGet(43)) - raft.server.log.write.buffer.size = 33554432 (custom)
2019-09-21 02:34:21,115 [pool-27-thread-1] INFO  server.RaftServerConfigKeys (ConfUtils.java:logGet(43)) - raft.server.log.statemachine.data.sync = true (default)
2019-09-21 02:34:21,116 [pool-57-thread-1] INFO  server.RaftServerConfigKeys (ConfUtils.java:logGet(43)) - raft.server.log.force.sync.num = 128 (default)
2019-09-21 02:34:21,116 [pool-27-thread-1] INFO  server.RaftServerConfigKeys (ConfUtils.java:logGet(43)) - raft.server.log.statemachine.data.sync.timeout = 10s (default)
2019-09-21 02:34:21,116 [pool-57-thread-1] INFO  server.RaftServerConfigKeys (ConfUtils.java:logGet(43)) - raft.server.log.statemachine.data.sync = true (default)
2019-09-21 02:34:21,116 [pool-27-thread-1] INFO  server.RaftServerConfigKeys (ConfUtils.java:logGet(43)) - raft.server.log.statemachine.data.sync.timeout.retry = -1 (default)
2019-09-21 02:34:21,116 [pool-57-thread-1] INFO  server.RaftServerConfigKeys (ConfUtils.java:logGet(43)) - raft.server.log.statemachine.data.sync.timeout = 10s (default)
2019-09-21 02:34:21,116 [pool-57-thread-1] INFO  server.RaftServerConfigKeys (ConfUtils.java:logGet(43)) - raft.server.log.statemachine.data.sync.timeout.retry = -1 (default)
2019-09-21 02:34:21,116 [pool-27-thread-1] INFO  server.RaftServerConfigKeys (ConfUtils.java:logGet(43)) - raft.server.log.statemachine.data.caching.enabled = true (custom)
2019-09-21 02:34:21,116 [pool-57-thread-1] INFO  server.RaftServerConfigKeys (ConfUtils.java:logGet(43)) - raft.server.log.statemachine.data.caching.enabled = true (custom)
2019-09-21 02:34:21,117 [pool-27-thread-1] INFO  segmented.SegmentedRaftLogWorker (SegmentedRaftLogWorker.java:lambda$new$0(132)) - 4f3ba854-734c-449e-9e69-f2b4bbdaaa6d@group-8CA1983F9E13-SegmentedRaftLogWorker: flushIndex: setUnconditionally 0 -> -1
2019-09-21 02:34:21,117 [pool-57-thread-1] INFO  segmented.SegmentedRaftLogWorker (SegmentedRaftLogWorker.java:lambda$new$0(132)) - 88a587d4-13ec-4b84-86b6-600ae54e939b@group-1AF6E1757808-SegmentedRaftLogWorker: flushIndex: setUnconditionally 0 -> -1
2019-09-21 02:34:21,117 [pool-27-thread-1] INFO  server.RaftServerConfigKeys (ConfUtils.java:logGet(43)) - raft.server.snapshot.auto.trigger.enabled = true (custom)
2019-09-21 02:34:21,117 [pool-57-thread-1] INFO  server.RaftServerConfigKeys (ConfUtils.java:logGet(43)) - raft.server.snapshot.auto.trigger.enabled = true (custom)
2019-09-21 02:34:21,117 [pool-27-thread-1] INFO  server.RaftServerConfigKeys (ConfUtils.java:logGet(43)) - raft.server.snapshot.auto.trigger.threshold = 10000 (custom)
2019-09-21 02:34:21,117 [pool-57-thread-1] INFO  server.RaftServerConfigKeys (ConfUtils.java:logGet(43)) - raft.server.snapshot.auto.trigger.threshold = 10000 (custom)
2019-09-21 02:34:21,117 [pool-27-thread-1] INFO  server.RaftServerConfigKeys (ConfUtils.java:logGet(43)) - raft.server.snapshot.retention.num.files = 5 (custom)
2019-09-21 02:34:21,117 [pool-57-thread-1] INFO  server.RaftServerConfigKeys (ConfUtils.java:logGet(43)) - raft.server.snapshot.retention.num.files = 5 (custom)
2019-09-21 02:34:21,118 [pool-27-thread-1] INFO  server.RaftServerConfigKeys (ConfUtils.java:logGet(43)) - raft.server.retrycache.expirytime = 600000ms (custom)
2019-09-21 02:34:21,118 [pool-57-thread-1] INFO  server.RaftServerConfigKeys (ConfUtils.java:logGet(43)) - raft.server.retrycache.expirytime = 600000ms (custom)
2019-09-21 02:34:21,119 [pool-67-thread-1] INFO  impl.RaftServerImpl (RaftServerImpl.java:start(185)) - 9bb64537-e00f-42df-af41-b182dac1ca30@group-635FA932FD90: start as a follower, conf=-1: [9bb64537-e00f-42df-af41-b182dac1ca30:192.168.36.72:37758, 88a587d4-13ec-4b84-86b6-600ae54e939b:192.168.36.72:45796, 4f3ba854-734c-449e-9e69-f2b4bbdaaa6d:192.168.36.72:35128], old=null
2019-09-21 02:34:21,119 [pool-67-thread-1] INFO  impl.RaftServerImpl (RaftServerImpl.java:setRole(174)) - 9bb64537-e00f-42df-af41-b182dac1ca30@group-635FA932FD90: changes role from      null to FOLLOWER at term 0 for startAsFollower
2019-09-21 02:34:21,119 [pool-67-thread-1] INFO  impl.RoleInfo (RoleInfo.java:updateAndGet(143)) - 9bb64537-e00f-42df-af41-b182dac1ca30: start FollowerState
2019-09-21 02:34:21,119 [pool-67-thread-1] INFO  util.JmxRegister (JmxRegister.java:tryRegister(44)) - Successfully registered JMX Bean with object name Ratis:service=RaftServer,group=group-635FA932FD90,id=9bb64537-e00f-42df-af41-b182dac1ca30
2019-09-21 02:34:21,120 [pool-67-thread-1] INFO  impl.RaftServerImpl (RaftServerImpl.java:start(185)) - 9bb64537-e00f-42df-af41-b182dac1ca30@group-8CA1983F9E13: start as a follower, conf=-1: [9bb64537-e00f-42df-af41-b182dac1ca30:192.168.36.72:37758, 88a587d4-13ec-4b84-86b6-600ae54e939b:192.168.36.72:45796, 4f3ba854-734c-449e-9e69-f2b4bbdaaa6d:192.168.36.72:35128], old=null
2019-09-21 02:34:21,120 [pool-67-thread-1] INFO  impl.RaftServerImpl (RaftServerImpl.java:setRole(174)) - 9bb64537-e00f-42df-af41-b182dac1ca30@group-8CA1983F9E13: changes role from      null to FOLLOWER at term 0 for startAsFollower
2019-09-21 02:34:21,120 [pool-67-thread-1] INFO  impl.RoleInfo (RoleInfo.java:updateAndGet(143)) - 9bb64537-e00f-42df-af41-b182dac1ca30: start FollowerState
2019-09-21 02:34:21,120 [pool-67-thread-1] INFO  util.JmxRegister (JmxRegister.java:tryRegister(44)) - Successfully registered JMX Bean with object name Ratis:service=RaftServer,group=group-8CA1983F9E13,id=9bb64537-e00f-42df-af41-b182dac1ca30
2019-09-21 02:34:21,121 [pool-27-thread-1] INFO  impl.RaftServerImpl (RaftServerImpl.java:start(185)) - 4f3ba854-734c-449e-9e69-f2b4bbdaaa6d@group-635FA932FD90: start as a follower, conf=-1: [9bb64537-e00f-42df-af41-b182dac1ca30:192.168.36.72:37758, 88a587d4-13ec-4b84-86b6-600ae54e939b:192.168.36.72:45796, 4f3ba854-734c-449e-9e69-f2b4bbdaaa6d:192.168.36.72:35128], old=null
2019-09-21 02:34:21,121 [pool-27-thread-1] INFO  impl.RaftServerImpl (RaftServerImpl.java:setRole(174)) - 4f3ba854-734c-449e-9e69-f2b4bbdaaa6d@group-635FA932FD90: changes role from      null to FOLLOWER at term 0 for startAsFollower
2019-09-21 02:34:21,121 [pool-27-thread-1] INFO  impl.RoleInfo (RoleInfo.java:updateAndGet(143)) - 4f3ba854-734c-449e-9e69-f2b4bbdaaa6d: start FollowerState
2019-09-21 02:34:21,122 [pool-27-thread-1] INFO  util.JmxRegister (JmxRegister.java:tryRegister(44)) - Successfully registered JMX Bean with object name Ratis:service=RaftServer,group=group-635FA932FD90,id=4f3ba854-734c-449e-9e69-f2b4bbdaaa6d
2019-09-21 02:34:21,122 [pool-27-thread-1] INFO  impl.RaftServerImpl (RaftServerImpl.java:start(185)) - 4f3ba854-734c-449e-9e69-f2b4bbdaaa6d@group-8CA1983F9E13: start as a follower, conf=-1: [9bb64537-e00f-42df-af41-b182dac1ca30:192.168.36.72:37758, 88a587d4-13ec-4b84-86b6-600ae54e939b:192.168.36.72:45796, 4f3ba854-734c-449e-9e69-f2b4bbdaaa6d:192.168.36.72:35128], old=null
2019-09-21 02:34:21,122 [pool-27-thread-1] INFO  impl.RaftServerImpl (RaftServerImpl.java:setRole(174)) - 4f3ba854-734c-449e-9e69-f2b4bbdaaa6d@group-8CA1983F9E13: changes role from      null to FOLLOWER at term 0 for startAsFollower
2019-09-21 02:34:21,122 [pool-57-thread-1] INFO  impl.RaftServerImpl (RaftServerImpl.java:<init>(95)) - 88a587d4-13ec-4b84-86b6-600ae54e939b: new RaftServerImpl for group-8CA1983F9E13:[9bb64537-e00f-42df-af41-b182dac1ca30:192.168.36.72:37758, 88a587d4-13ec-4b84-86b6-600ae54e939b:192.168.36.72:45796, 4f3ba854-734c-449e-9e69-f2b4bbdaaa6d:192.168.36.72:35128] with ContainerStateMachine:uninitialized
2019-09-21 02:34:21,122 [pool-27-thread-1] INFO  impl.RoleInfo (RoleInfo.java:updateAndGet(143)) - 4f3ba854-734c-449e-9e69-f2b4bbdaaa6d: start FollowerState
2019-09-21 02:34:21,122 [pool-57-thread-1] INFO  server.RaftServerConfigKeys (ConfUtils.java:logGet(43)) - raft.server.rpc.timeout.min = 5s (custom)
2019-09-21 02:34:21,123 [pool-57-thread-1] INFO  server.RaftServerConfigKeys (ConfUtils.java:logGet(43)) - raft.server.rpc.timeout.max = 5200ms (custom)
2019-09-21 02:34:21,123 [pool-27-thread-1] INFO  util.JmxRegister (JmxRegister.java:tryRegister(44)) - Successfully registered JMX Bean with object name Ratis:service=RaftServer,group=group-8CA1983F9E13,id=4f3ba854-734c-449e-9e69-f2b4bbdaaa6d
2019-09-21 02:34:21,123 [pool-57-thread-1] INFO  server.RaftServerConfigKeys (ConfUtils.java:logGet(43)) - raft.server.rpcslowness.timeout = 120s (custom)
2019-09-21 02:34:21,123 [pool-57-thread-1] INFO  server.RaftServerConfigKeys (ConfUtils.java:logGet(43)) - raft.server.sleep.deviation.threshold = 300 (default)
2019-09-21 02:34:21,123 [pool-57-thread-1] INFO  server.RaftServerConfigKeys (ConfUtils.java:logGet(43)) - raft.server.log.appender.install.snapshot.enabled = false (custom)
2019-09-21 02:34:21,123 [pool-57-thread-1] INFO  impl.RaftServerImpl (ServerState.java:<init>(103)) - 88a587d4-13ec-4b84-86b6-600ae54e939b@group-8CA1983F9E13: ConfigurationManager, init=-1: [9bb64537-e00f-42df-af41-b182dac1ca30:192.168.36.72:37758, 88a587d4-13ec-4b84-86b6-600ae54e939b:192.168.36.72:45796, 4f3ba854-734c-449e-9e69-f2b4bbdaaa6d:192.168.36.72:35128], old=null, confs=<EMPTY_MAP>
2019-09-21 02:34:21,123 [pool-57-thread-1] INFO  server.RaftServerConfigKeys (ConfUtils.java:logGet(43)) - raft.server.storage.dir = [/workdir/hadoop-ozone/integration-test/target/test-dir/MiniOzoneClusterImpl-c75db70a-b38d-4491-876a-314fea4a50b4/datanode-3/data/ratis] (custom)
2019-09-21 02:34:21,123 [pool-57-thread-1] INFO  storage.RaftStorageDirectory (RaftStorageDirectory.java:analyzeStorage(246)) - The storage directory /workdir/hadoop-ozone/integration-test/target/test-dir/MiniOzoneClusterImpl-c75db70a-b38d-4491-876a-314fea4a50b4/datanode-3/data/ratis/f868c592-9713-4084-bd95-8ca1983f9e13 does not exist. Creating ...
2019-09-21 02:34:21,190 [pool-57-thread-1] INFO  storage.RaftStorageDirectory (RaftStorageDirectory.java:tryLock(328)) - Lock on /workdir/hadoop-ozone/integration-test/target/test-dir/MiniOzoneClusterImpl-c75db70a-b38d-4491-876a-314fea4a50b4/datanode-3/data/ratis/f868c592-9713-4084-bd95-8ca1983f9e13/in_use.lock acquired by nodename 5013@pr-hdds-2163-pdhxj-1463177635
2019-09-21 02:34:21,263 [pool-57-thread-1] INFO  storage.RaftStorage (RaftStorage.java:format(72)) - Storage directory /workdir/hadoop-ozone/integration-test/target/test-dir/MiniOzoneClusterImpl-c75db70a-b38d-4491-876a-314fea4a50b4/datanode-3/data/ratis/f868c592-9713-4084-bd95-8ca1983f9e13 has been successfully formatted.
2019-09-21 02:34:21,264 [pool-57-thread-1] INFO  ratis.ContainerStateMachine (ContainerStateMachine.java:loadSnapshot(230)) - group-8CA1983F9E13: The snapshot info is null. Setting the last applied indexto:(t:0, i:~)
2019-09-21 02:34:21,264 [pool-57-thread-1] INFO  server.RaftServerConfigKeys (ConfUtils.java:logGet(43)) - raft.server.notification.no-leader.timeout = 120s (custom)
2019-09-21 02:34:21,264 [pool-57-thread-1] INFO  server.RaftServerConfigKeys (ConfUtils.java:logGet(43)) - raft.server.log.use.memory = false (default)
2019-09-21 02:34:21,264 [pool-57-thread-1] INFO  server.RaftServerConfigKeys (ConfUtils.java:logGet(43)) - raft.server.log.purge.gap = 1000000 (custom)
2019-09-21 02:34:21,264 [pool-57-thread-1] INFO  server.RaftServerConfigKeys (ConfUtils.java:logGet(43)) - raft.server.log.appender.buffer.byte-limit = 33554432 (custom)
2019-09-21 02:34:21,264 [pool-57-thread-1] INFO  server.RaftServerConfigKeys (ConfUtils.java:logGet(43)) - raft.server.log.segment.size.max = 1048576 (custom)
2019-09-21 02:34:21,265 [pool-57-thread-1] INFO  server.RaftServerConfigKeys (ConfUtils.java:logGet(43)) - raft.server.log.segment.cache.num.max = 2 (custom)
2019-09-21 02:34:21,265 [pool-57-thread-1] INFO  segmented.SegmentedRaftLogWorker (SegmentedRaftLogWorker.java:<init>(172)) - new 88a587d4-13ec-4b84-86b6-600ae54e939b@group-8CA1983F9E13-SegmentedRaftLogWorker for RaftStorage:Storage Directory /workdir/hadoop-ozone/integration-test/target/test-dir/MiniOzoneClusterImpl-c75db70a-b38d-4491-876a-314fea4a50b4/datanode-3/data/ratis/f868c592-9713-4084-bd95-8ca1983f9e13
2019-09-21 02:34:21,265 [pool-57-thread-1] INFO  server.RaftServerConfigKeys (ConfUtils.java:logGet(43)) - raft.server.log.queue.byte-limit = 2147483647 (custom)
2019-09-21 02:34:21,265 [pool-57-thread-1] INFO  server.RaftServerConfigKeys (ConfUtils.java:logGet(43)) - raft.server.log.queue.element-limit = 1024 (custom)
2019-09-21 02:34:21,265 [pool-57-thread-1] INFO  server.RaftServerConfigKeys (ConfUtils.java:logGet(43)) - raft.server.log.segment.size.max = 1048576 (custom)
2019-09-21 02:34:21,266 [pool-57-thread-1] INFO  server.RaftServerConfigKeys (ConfUtils.java:logGet(43)) - raft.server.log.preallocated.size = 16384 (custom)
2019-09-21 02:34:21,266 [pool-57-thread-1] INFO  server.RaftServerConfigKeys (ConfUtils.java:logGet(43)) - raft.server.log.write.buffer.size = 33554432 (custom)
2019-09-21 02:34:21,266 [pool-57-thread-1] INFO  server.RaftServerConfigKeys (ConfUtils.java:logGet(43)) - raft.server.log.force.sync.num = 128 (default)
2019-09-21 02:34:21,266 [pool-57-thread-1] INFO  server.RaftServerConfigKeys (ConfUtils.java:logGet(43)) - raft.server.log.statemachine.data.sync = true (default)
2019-09-21 02:34:21,266 [pool-57-thread-1] INFO  server.RaftServerConfigKeys (ConfUtils.java:logGet(43)) - raft.server.log.statemachine.data.sync.timeout = 10s (default)
2019-09-21 02:34:21,266 [pool-57-thread-1] INFO  server.RaftServerConfigKeys (ConfUtils.java:logGet(43)) - raft.server.log.statemachine.data.sync.timeout.retry = -1 (default)
2019-09-21 02:34:21,267 [pool-57-thread-1] INFO  server.RaftServerConfigKeys (ConfUtils.java:logGet(43)) - raft.server.log.statemachine.data.caching.enabled = true (custom)
2019-09-21 02:34:21,267 [pool-57-thread-1] INFO  segmented.SegmentedRaftLogWorker (SegmentedRaftLogWorker.java:lambda$new$0(132)) - 88a587d4-13ec-4b84-86b6-600ae54e939b@group-8CA1983F9E13-SegmentedRaftLogWorker: flushIndex: setUnconditionally 0 -> -1
2019-09-21 02:34:21,267 [pool-57-thread-1] INFO  server.RaftServerConfigKeys (ConfUtils.java:logGet(43)) - raft.server.snapshot.auto.trigger.enabled = true (custom)
2019-09-21 02:34:21,268 [pool-57-thread-1] INFO  server.RaftServerConfigKeys (ConfUtils.java:logGet(43)) - raft.server.snapshot.auto.trigger.threshold = 10000 (custom)
2019-09-21 02:34:21,268 [pool-57-thread-1] INFO  server.RaftServerConfigKeys (ConfUtils.java:logGet(43)) - raft.server.snapshot.retention.num.files = 5 (custom)
2019-09-21 02:34:21,268 [pool-57-thread-1] INFO  server.RaftServerConfigKeys (ConfUtils.java:logGet(43)) - raft.server.retrycache.expirytime = 600000ms (custom)
2019-09-21 02:34:21,272 [pool-57-thread-1] INFO  impl.RaftServerImpl (RaftServerImpl.java:start(185)) - 88a587d4-13ec-4b84-86b6-600ae54e939b@group-ECEF00A15356: start as a follower, conf=-1: [9bb64537-e00f-42df-af41-b182dac1ca30:192.168.36.72:37758, 88a587d4-13ec-4b84-86b6-600ae54e939b:192.168.36.72:45796, 4f3ba854-734c-449e-9e69-f2b4bbdaaa6d:192.168.36.72:35128], old=null
2019-09-21 02:34:21,272 [pool-57-thread-1] INFO  impl.RaftServerImpl (RaftServerImpl.java:setRole(174)) - 88a587d4-13ec-4b84-86b6-600ae54e939b@group-ECEF00A15356: changes role from      null to FOLLOWER at term 0 for startAsFollower
2019-09-21 02:34:21,272 [pool-57-thread-1] INFO  impl.RoleInfo (RoleInfo.java:updateAndGet(143)) - 88a587d4-13ec-4b84-86b6-600ae54e939b: start FollowerState
2019-09-21 02:34:21,273 [pool-57-thread-1] INFO  util.JmxRegister (JmxRegister.java:tryRegister(44)) - Successfully registered JMX Bean with object name Ratis:service=RaftServer,group=group-ECEF00A15356,id=88a587d4-13ec-4b84-86b6-600ae54e939b
2019-09-21 02:34:21,273 [pool-57-thread-1] INFO  impl.RaftServerImpl (RaftServerImpl.java:start(185)) - 88a587d4-13ec-4b84-86b6-600ae54e939b@group-635FA932FD90: start as a follower, conf=-1: [9bb64537-e00f-42df-af41-b182dac1ca30:192.168.36.72:37758, 88a587d4-13ec-4b84-86b6-600ae54e939b:192.168.36.72:45796, 4f3ba854-734c-449e-9e69-f2b4bbdaaa6d:192.168.36.72:35128], old=null
2019-09-21 02:34:21,273 [pool-57-thread-1] INFO  impl.RaftServerImpl (RaftServerImpl.java:setRole(174)) - 88a587d4-13ec-4b84-86b6-600ae54e939b@group-635FA932FD90: changes role from      null to FOLLOWER at term 0 for startAsFollower
2019-09-21 02:34:21,273 [pool-57-thread-1] INFO  impl.RoleInfo (RoleInfo.java:updateAndGet(143)) - 88a587d4-13ec-4b84-86b6-600ae54e939b: start FollowerState
2019-09-21 02:34:21,274 [pool-57-thread-1] INFO  util.JmxRegister (JmxRegister.java:tryRegister(44)) - Successfully registered JMX Bean with object name Ratis:service=RaftServer,group=group-635FA932FD90,id=88a587d4-13ec-4b84-86b6-600ae54e939b
2019-09-21 02:34:21,274 [pool-57-thread-1] INFO  impl.RaftServerImpl (RaftServerImpl.java:start(185)) - 88a587d4-13ec-4b84-86b6-600ae54e939b@group-1AF6E1757808: start as a follower, conf=-1: [88a587d4-13ec-4b84-86b6-600ae54e939b:192.168.36.72:45796], old=null
2019-09-21 02:34:21,274 [pool-57-thread-1] INFO  impl.RaftServerImpl (RaftServerImpl.java:setRole(174)) - 88a587d4-13ec-4b84-86b6-600ae54e939b@group-1AF6E1757808: changes role from      null to FOLLOWER at term 0 for startAsFollower
2019-09-21 02:34:21,275 [pool-57-thread-1] INFO  impl.RoleInfo (RoleInfo.java:updateAndGet(143)) - 88a587d4-13ec-4b84-86b6-600ae54e939b: start FollowerState
2019-09-21 02:34:21,275 [pool-57-thread-1] INFO  util.JmxRegister (JmxRegister.java:tryRegister(44)) - Successfully registered JMX Bean with object name Ratis:service=RaftServer,group=group-1AF6E1757808,id=88a587d4-13ec-4b84-86b6-600ae54e939b
2019-09-21 02:34:21,275 [pool-57-thread-1] INFO  impl.RaftServerImpl (RaftServerImpl.java:start(185)) - 88a587d4-13ec-4b84-86b6-600ae54e939b@group-8CA1983F9E13: start as a follower, conf=-1: [9bb64537-e00f-42df-af41-b182dac1ca30:192.168.36.72:37758, 88a587d4-13ec-4b84-86b6-600ae54e939b:192.168.36.72:45796, 4f3ba854-734c-449e-9e69-f2b4bbdaaa6d:192.168.36.72:35128], old=null
2019-09-21 02:34:21,275 [pool-57-thread-1] INFO  impl.RaftServerImpl (RaftServerImpl.java:setRole(174)) - 88a587d4-13ec-4b84-86b6-600ae54e939b@group-8CA1983F9E13: changes role from      null to FOLLOWER at term 0 for startAsFollower
2019-09-21 02:34:21,276 [pool-57-thread-1] INFO  impl.RoleInfo (RoleInfo.java:updateAndGet(143)) - 88a587d4-13ec-4b84-86b6-600ae54e939b: start FollowerState
2019-09-21 02:34:21,276 [pool-57-thread-1] INFO  util.JmxRegister (JmxRegister.java:tryRegister(44)) - Successfully registered JMX Bean with object name Ratis:service=RaftServer,group=group-8CA1983F9E13,id=88a587d4-13ec-4b84-86b6-600ae54e939b
2019-09-21 02:34:22,620 [Thread-219] INFO  impl.FollowerState (FollowerState.java:run(106)) - 88a587d4-13ec-4b84-86b6-600ae54e939b:group-30B47DF7F426 changes to CANDIDATE, lastRpcTime:5078, electionTimeout:5078ms
2019-09-21 02:34:22,620 [Thread-219] INFO  impl.RoleInfo (RoleInfo.java:shutdownFollowerState(121)) - 88a587d4-13ec-4b84-86b6-600ae54e939b: shutdown FollowerState
2019-09-21 02:34:22,621 [Thread-219] INFO  impl.RaftServerImpl (RaftServerImpl.java:setRole(174)) - 88a587d4-13ec-4b84-86b6-600ae54e939b@group-30B47DF7F426: changes role from  FOLLOWER to CANDIDATE at term 0 for changeToCandidate
2019-09-21 02:34:22,621 [Thread-219] INFO  impl.RoleInfo (RoleInfo.java:updateAndGet(143)) - 88a587d4-13ec-4b84-86b6-600ae54e939b: start LeaderElection
2019-09-21 02:34:22,650 [88a587d4-13ec-4b84-86b6-600ae54e939b@group-30B47DF7F426:LeaderElection2] INFO  impl.LeaderElection (LeaderElection.java:askForVotes(182)) - 88a587d4-13ec-4b84-86b6-600ae54e939b@group-30B47DF7F426:LeaderElection2: begin an election at term 1 for -1: [88a587d4-13ec-4b84-86b6-600ae54e939b:192.168.36.72:45796], old=null
2019-09-21 02:34:22,651 [88a587d4-13ec-4b84-86b6-600ae54e939b@group-30B47DF7F426:LeaderElection2] INFO  impl.RoleInfo (RoleInfo.java:shutdownLeaderElection(134)) - 88a587d4-13ec-4b84-86b6-600ae54e939b: shutdown LeaderElection
2019-09-21 02:34:22,651 [88a587d4-13ec-4b84-86b6-600ae54e939b@group-30B47DF7F426:LeaderElection2] INFO  impl.RaftServerImpl (RaftServerImpl.java:setRole(174)) - 88a587d4-13ec-4b84-86b6-600ae54e939b@group-30B47DF7F426: changes role from CANDIDATE to LEADER at term 1 for changeToLeader
2019-09-21 02:34:22,651 [88a587d4-13ec-4b84-86b6-600ae54e939b@group-30B47DF7F426:LeaderElection2] INFO  impl.RaftServerImpl (ServerState.java:setLeader(253)) - 88a587d4-13ec-4b84-86b6-600ae54e939b@group-30B47DF7F426: change Leader from null to 88a587d4-13ec-4b84-86b6-600ae54e939b at term 1 for becomeLeader, leader elected after 12952ms
2019-09-21 02:34:22,653 [88a587d4-13ec-4b84-86b6-600ae54e939b@group-30B47DF7F426:LeaderElection2] INFO  server.RaftServerConfigKeys (ConfUtils.java:logGet(43)) - raft.server.staging.catchup.gap = 1000 (default)
2019-09-21 02:34:22,653 [88a587d4-13ec-4b84-86b6-600ae54e939b@group-30B47DF7F426:LeaderElection2] INFO  server.RaftServerConfigKeys (ConfUtils.java:logGet(43)) - raft.server.rpc.sleep.time = 25ms (default)
2019-09-21 02:34:22,653 [88a587d4-13ec-4b84-86b6-600ae54e939b@group-30B47DF7F426:LeaderElection2] INFO  server.RaftServerConfigKeys (ConfUtils.java:logGet(43)) - raft.server.write.element-limit = 4096 (default)
2019-09-21 02:34:22,653 [88a587d4-13ec-4b84-86b6-600ae54e939b@group-30B47DF7F426:LeaderElection2] INFO  server.RaftServerConfigKeys (ConfUtils.java:logGet(43)) - raft.server.watch.timeout = 10s (default)
2019-09-21 02:34:22,653 [88a587d4-13ec-4b84-86b6-600ae54e939b@group-30B47DF7F426:LeaderElection2] INFO  server.RaftServerConfigKeys (ConfUtils.java:logGet(43)) - raft.server.watch.timeout.denomination = 1s (default)
2019-09-21 02:34:22,654 [88a587d4-13ec-4b84-86b6-600ae54e939b@group-30B47DF7F426:LeaderElection2] INFO  server.RaftServerConfigKeys (ConfUtils.java:logGet(43)) - raft.server.watch.element-limit = 65536 (default)
2019-09-21 02:34:22,656 [88a587d4-13ec-4b84-86b6-600ae54e939b@group-30B47DF7F426:LeaderElection2] INFO  impl.RoleInfo (RoleInfo.java:updateAndGet(143)) - 88a587d4-13ec-4b84-86b6-600ae54e939b: start LeaderState
2019-09-21 02:34:22,656 [88a587d4-13ec-4b84-86b6-600ae54e939b@group-30B47DF7F426:LeaderElection2] INFO  segmented.SegmentedRaftLogWorker (SegmentedRaftLogWorker.java:startLogSegment(380)) - 88a587d4-13ec-4b84-86b6-600ae54e939b@group-30B47DF7F426-SegmentedRaftLogWorker: Starting segment from index:0
2019-09-21 02:34:22,657 [88a587d4-13ec-4b84-86b6-600ae54e939b@group-30B47DF7F426:LeaderElection2] INFO  impl.RaftServerImpl (ServerState.java:setRaftConf(354)) - 88a587d4-13ec-4b84-86b6-600ae54e939b@group-30B47DF7F426: set configuration 0: [88a587d4-13ec-4b84-86b6-600ae54e939b:192.168.36.72:45796], old=null at 0
2019-09-21 02:34:22,708 [88a587d4-13ec-4b84-86b6-600ae54e939b@group-30B47DF7F426-SegmentedRaftLogWorker] INFO  segmented.SegmentedRaftLogWorker (SegmentedRaftLogWorker.java:execute(569)) - 88a587d4-13ec-4b84-86b6-600ae54e939b@group-30B47DF7F426-SegmentedRaftLogWorker: created new log segment /workdir/hadoop-ozone/integration-test/target/test-dir/MiniOzoneClusterImpl-c75db70a-b38d-4491-876a-314fea4a50b4/datanode-3/data/ratis/99ab7313-48eb-4470-8e2d-30b47df7f426/current/log_inprogress_0
2019-09-21 02:34:24,044 [main] INFO  ozoneimpl.OzoneContainer (OzoneContainer.java:stop(231)) - Attempting to stop container services.
2019-09-21 02:34:24,044 [ForkJoinPool.commonPool-worker-0] INFO  ozoneimpl.OzoneContainer (OzoneContainer.java:stop(231)) - Attempting to stop container services.
2019-09-21 02:34:24,045 [ForkJoinPool.commonPool-worker-0] INFO  impl.RaftServerProxy (RaftServerProxy.java:lambda$close$4(314)) - 1c1258d4-5e46-4473-a929-cdf99e84163d: close
2019-09-21 02:34:24,045 [main] INFO  impl.RaftServerProxy (RaftServerProxy.java:lambda$close$4(314)) - 7a8d98cd-2081-4eae-9064-2c2ff61600b9: close
2019-09-21 02:34:24,050 [ForkJoinPool.commonPool-worker-0] INFO  server.GrpcService (GrpcService.java:closeImpl(164)) - 1c1258d4-5e46-4473-a929-cdf99e84163d: shutdown server with port 36957 now
2019-09-21 02:34:24,050 [main] INFO  server.GrpcService (GrpcService.java:closeImpl(164)) - 7a8d98cd-2081-4eae-9064-2c2ff61600b9: shutdown server with port 33510 now
2019-09-21 02:34:24,052 [main] INFO  server.GrpcService (GrpcService.java:closeImpl(172)) - 7a8d98cd-2081-4eae-9064-2c2ff61600b9: shutdown server with port 33510 successfully
2019-09-21 02:34:24,052 [ForkJoinPool.commonPool-worker-0] INFO  server.GrpcService (GrpcService.java:closeImpl(172)) - 1c1258d4-5e46-4473-a929-cdf99e84163d: shutdown server with port 36957 successfully
2019-09-21 02:34:24,062 [refreshUsed-/workdir/hadoop-ozone/integration-test/target/test-dir/MiniOzoneClusterImpl-c75db70a-b38d-4491-876a-314fea4a50b4/datanode-2/data/containers] WARN  fs.CachingGetSpaceUsed (CachingGetSpaceUsed.java:run(183)) - Thread Interrupted waiting to refresh disk information: sleep interrupted
2019-09-21 02:34:24,062 [refreshUsed-/workdir/hadoop-ozone/integration-test/target/test-dir/MiniOzoneClusterImpl-c75db70a-b38d-4491-876a-314fea4a50b4/datanode-1/data/containers] WARN  fs.CachingGetSpaceUsed (CachingGetSpaceUsed.java:run(183)) - Thread Interrupted waiting to refresh disk information: sleep interrupted
2019-09-21 02:34:24,085 [ForkJoinPool.commonPool-worker-0] INFO  utils.BackgroundService (BackgroundService.java:shutdown(148)) - Shutting down service BlockDeletingService
2019-09-21 02:34:24,089 [ForkJoinPool.commonPool-worker-0] INFO  statemachine.DatanodeStateMachine (DatanodeStateMachine.java:stopDaemon(395)) - Ozone container server stopped.
2019-09-21 02:34:24,093 [ForkJoinPool.commonPool-worker-0] INFO  handler.ContextHandler (ContextHandler.java:doStop(910)) - Stopped o.e.j.w.WebAppContext@7ceb4478{/,null,UNAVAILABLE}{/hddsDatanode}
2019-09-21 02:34:24,093 [ForkJoinPool.commonPool-worker-0] INFO  server.AbstractConnector (AbstractConnector.java:doStop(318)) - Stopped ServerConnector@7fdab70c{HTTP/1.1,[http/1.1]}{0.0.0.0:0}
2019-09-21 02:34:24,094 [ForkJoinPool.commonPool-worker-0] INFO  handler.ContextHandler (ContextHandler.java:doStop(910)) - Stopped o.e.j.s.ServletContextHandler@654c7d2d{/static,jar:file:/home/user/.m2/repository/org/apache/hadoop/hadoop-hdds-container-service/0.5.0-SNAPSHOT/hadoop-hdds-container-service-0.5.0-SNAPSHOT.jar!/webapps/static,UNAVAILABLE}
2019-09-21 02:34:24,095 [ForkJoinPool.commonPool-worker-0] INFO  handler.ContextHandler (ContextHandler.java:doStop(910)) - Stopped o.e.j.s.ServletContextHandler@4b6e1c0{/logs,file:///workdir/hadoop-ozone/integration-test/target/log,UNAVAILABLE}
2019-09-21 02:34:24,098 [main] INFO  utils.BackgroundService (BackgroundService.java:shutdown(148)) - Shutting down service BlockDeletingService
2019-09-21 02:34:24,101 [main] INFO  statemachine.DatanodeStateMachine (DatanodeStateMachine.java:stopDaemon(395)) - Ozone container server stopped.
2019-09-21 02:34:24,102 [main] INFO  handler.ContextHandler (ContextHandler.java:doStop(910)) - Stopped o.e.j.w.WebAppContext@599e4d41{/,null,UNAVAILABLE}{/hddsDatanode}
2019-09-21 02:34:24,103 [main] INFO  server.AbstractConnector (AbstractConnector.java:doStop(318)) - Stopped ServerConnector@328d044f{HTTP/1.1,[http/1.1]}{0.0.0.0:0}
2019-09-21 02:34:24,103 [main] INFO  handler.ContextHandler (ContextHandler.java:doStop(910)) - Stopped o.e.j.s.ServletContextHandler@799ed4e8{/static,jar:file:/home/user/.m2/repository/org/apache/hadoop/hadoop-hdds-container-service/0.5.0-SNAPSHOT/hadoop-hdds-container-service-0.5.0-SNAPSHOT.jar!/webapps/static,UNAVAILABLE}
2019-09-21 02:34:24,104 [main] INFO  handler.ContextHandler (ContextHandler.java:doStop(910)) - Stopped o.e.j.s.ServletContextHandler@c3edf4c{/logs,file:///workdir/hadoop-ozone/integration-test/target/log,UNAVAILABLE}
2019-09-21 02:34:24,486 [Datanode State Machine Thread - 0] INFO  statemachine.DatanodeStateMachine (DatanodeStateMachine.java:lambda$startDaemon$0(350)) - Ozone container server started.
2019-09-21 02:34:24,865 [Datanode State Machine Thread - 0] INFO  statemachine.DatanodeStateMachine (DatanodeStateMachine.java:lambda$startDaemon$0(350)) - Ozone container server started.
2019-09-21 02:34:25,945 [Thread-224] INFO  impl.FollowerState (FollowerState.java:run(106)) - 4f3ba854-734c-449e-9e69-f2b4bbdaaa6d:group-ECEF00A15356 changes to CANDIDATE, lastRpcTime:5057, electionTimeout:5057ms
2019-09-21 02:34:25,947 [Thread-224] INFO  impl.RoleInfo (RoleInfo.java:shutdownFollowerState(121)) - 4f3ba854-734c-449e-9e69-f2b4bbdaaa6d: shutdown FollowerState
2019-09-21 02:34:25,947 [Thread-224] INFO  impl.RaftServerImpl (RaftServerImpl.java:setRole(174)) - 4f3ba854-734c-449e-9e69-f2b4bbdaaa6d@group-ECEF00A15356: changes role from  FOLLOWER to CANDIDATE at term 0 for changeToCandidate
2019-09-21 02:34:25,948 [Thread-224] INFO  impl.RoleInfo (RoleInfo.java:updateAndGet(143)) - 4f3ba854-734c-449e-9e69-f2b4bbdaaa6d: start LeaderElection
2019-09-21 02:34:26,068 [Thread-225] INFO  impl.FollowerState (FollowerState.java:run(106)) - 9bb64537-e00f-42df-af41-b182dac1ca30:group-ECEF00A15356 changes to CANDIDATE, lastRpcTime:5180, electionTimeout:5180ms
2019-09-21 02:34:26,068 [Thread-225] INFO  impl.RoleInfo (RoleInfo.java:shutdownFollowerState(121)) - 9bb64537-e00f-42df-af41-b182dac1ca30: shutdown FollowerState
2019-09-21 02:34:26,069 [Thread-225] INFO  impl.RaftServerImpl (RaftServerImpl.java:setRole(174)) - 9bb64537-e00f-42df-af41-b182dac1ca30@group-ECEF00A15356: changes role from  FOLLOWER to CANDIDATE at term 0 for changeToCandidate
2019-09-21 02:34:26,069 [Thread-225] INFO  impl.RoleInfo (RoleInfo.java:updateAndGet(143)) - 9bb64537-e00f-42df-af41-b182dac1ca30: start LeaderElection
2019-09-21 02:34:26,126 [Thread-237] INFO  impl.FollowerState (FollowerState.java:run(106)) - 4f3ba854-734c-449e-9e69-f2b4bbdaaa6d:group-8CA1983F9E13 changes to CANDIDATE, lastRpcTime:5003, electionTimeout:5003ms
2019-09-21 02:34:26,126 [Thread-237] INFO  impl.RoleInfo (RoleInfo.java:shutdownFollowerState(121)) - 4f3ba854-734c-449e-9e69-f2b4bbdaaa6d: shutdown FollowerState
2019-09-21 02:34:26,126 [Thread-237] INFO  impl.RaftServerImpl (RaftServerImpl.java:setRole(174)) - 4f3ba854-734c-449e-9e69-f2b4bbdaaa6d@group-8CA1983F9E13: changes role from  FOLLOWER to CANDIDATE at term 0 for changeToCandidate
2019-09-21 02:34:26,127 [Thread-237] INFO  impl.RoleInfo (RoleInfo.java:updateAndGet(143)) - 4f3ba854-734c-449e-9e69-f2b4bbdaaa6d: start LeaderElection
2019-09-21 02:34:26,168 [Thread-231] INFO  impl.FollowerState (FollowerState.java:run(106)) - 9bb64537-e00f-42df-af41-b182dac1ca30:group-635FA932FD90 changes to CANDIDATE, lastRpcTime:5049, electionTimeout:5049ms
2019-09-21 02:34:26,168 [Thread-231] INFO  impl.RoleInfo (RoleInfo.java:shutdownFollowerState(121)) - 9bb64537-e00f-42df-af41-b182dac1ca30: shutdown FollowerState
2019-09-21 02:34:26,169 [Thread-231] INFO  impl.RaftServerImpl (RaftServerImpl.java:setRole(174)) - 9bb64537-e00f-42df-af41-b182dac1ca30@group-635FA932FD90: changes role from  FOLLOWER to CANDIDATE at term 0 for changeToCandidate
2019-09-21 02:34:26,169 [Thread-231] INFO  impl.RoleInfo (RoleInfo.java:updateAndGet(143)) - 9bb64537-e00f-42df-af41-b182dac1ca30: start LeaderElection
2019-09-21 02:34:26,239 [Thread-235] INFO  impl.FollowerState (FollowerState.java:run(106)) - 4f3ba854-734c-449e-9e69-f2b4bbdaaa6d:group-635FA932FD90 changes to CANDIDATE, lastRpcTime:5117, electionTimeout:5117ms
2019-09-21 02:34:26,239 [Thread-235] INFO  impl.RoleInfo (RoleInfo.java:shutdownFollowerState(121)) - 4f3ba854-734c-449e-9e69-f2b4bbdaaa6d: shutdown FollowerState
2019-09-21 02:34:26,239 [Thread-235] INFO  impl.RaftServerImpl (RaftServerImpl.java:setRole(174)) - 4f3ba854-734c-449e-9e69-f2b4bbdaaa6d@group-635FA932FD90: changes role from  FOLLOWER to CANDIDATE at term 0 for changeToCandidate
2019-09-21 02:34:26,239 [Thread-235] INFO  impl.RoleInfo (RoleInfo.java:updateAndGet(143)) - 4f3ba854-734c-449e-9e69-f2b4bbdaaa6d: start LeaderElection
2019-09-21 02:34:26,319 [Thread-233] INFO  impl.FollowerState (FollowerState.java:run(106)) - 9bb64537-e00f-42df-af41-b182dac1ca30:group-8CA1983F9E13 changes to CANDIDATE, lastRpcTime:5199, electionTimeout:5199ms
2019-09-21 02:34:26,320 [Thread-233] INFO  impl.RoleInfo (RoleInfo.java:shutdownFollowerState(121)) - 9bb64537-e00f-42df-af41-b182dac1ca30: shutdown FollowerState
2019-09-21 02:34:26,320 [Thread-233] INFO  impl.RaftServerImpl (RaftServerImpl.java:setRole(174)) - 9bb64537-e00f-42df-af41-b182dac1ca30@group-8CA1983F9E13: changes role from  FOLLOWER to CANDIDATE at term 0 for changeToCandidate
2019-09-21 02:34:26,320 [Thread-233] INFO  impl.RoleInfo (RoleInfo.java:updateAndGet(143)) - 9bb64537-e00f-42df-af41-b182dac1ca30: start LeaderElection
2019-09-21 02:34:26,322 [Thread-246] INFO  impl.FollowerState (FollowerState.java:run(106)) - 88a587d4-13ec-4b84-86b6-600ae54e939b:group-8CA1983F9E13 changes to CANDIDATE, lastRpcTime:5046, electionTimeout:5045ms
2019-09-21 02:34:26,323 [Thread-246] INFO  impl.RoleInfo (RoleInfo.java:shutdownFollowerState(121)) - 88a587d4-13ec-4b84-86b6-600ae54e939b: shutdown FollowerState
2019-09-21 02:34:26,323 [Thread-246] INFO  impl.RaftServerImpl (RaftServerImpl.java:setRole(174)) - 88a587d4-13ec-4b84-86b6-600ae54e939b@group-8CA1983F9E13: changes role from  FOLLOWER to CANDIDATE at term 0 for changeToCandidate
2019-09-21 02:34:26,323 [Thread-246] INFO  impl.RoleInfo (RoleInfo.java:updateAndGet(143)) - 88a587d4-13ec-4b84-86b6-600ae54e939b: start LeaderElection
2019-09-21 02:34:26,404 [Thread-242] INFO  impl.FollowerState (FollowerState.java:run(106)) - 88a587d4-13ec-4b84-86b6-600ae54e939b:group-635FA932FD90 changes to CANDIDATE, lastRpcTime:5130, electionTimeout:5130ms
2019-09-21 02:34:26,404 [Thread-242] INFO  impl.RoleInfo (RoleInfo.java:shutdownFollowerState(121)) - 88a587d4-13ec-4b84-86b6-600ae54e939b: shutdown FollowerState
2019-09-21 02:34:26,404 [Thread-242] INFO  impl.RaftServerImpl (RaftServerImpl.java:setRole(174)) - 88a587d4-13ec-4b84-86b6-600ae54e939b@group-635FA932FD90: changes role from  FOLLOWER to CANDIDATE at term 0 for changeToCandidate
2019-09-21 02:34:26,405 [Thread-242] INFO  impl.RoleInfo (RoleInfo.java:updateAndGet(143)) - 88a587d4-13ec-4b84-86b6-600ae54e939b: start LeaderElection
2019-09-21 02:34:26,428 [Thread-240] INFO  impl.FollowerState (FollowerState.java:run(106)) - 88a587d4-13ec-4b84-86b6-600ae54e939b:group-ECEF00A15356 changes to CANDIDATE, lastRpcTime:5155, electionTimeout:5155ms
2019-09-21 02:34:26,428 [Thread-240] INFO  impl.RoleInfo (RoleInfo.java:shutdownFollowerState(121)) - 88a587d4-13ec-4b84-86b6-600ae54e939b: shutdown FollowerState
2019-09-21 02:34:26,428 [Thread-240] INFO  impl.RaftServerImpl (RaftServerImpl.java:setRole(174)) - 88a587d4-13ec-4b84-86b6-600ae54e939b@group-ECEF00A15356: changes role from  FOLLOWER to CANDIDATE at term 0 for changeToCandidate
2019-09-21 02:34:26,428 [Thread-240] INFO  impl.RoleInfo (RoleInfo.java:updateAndGet(143)) - 88a587d4-13ec-4b84-86b6-600ae54e939b: start LeaderElection
2019-09-21 02:34:26,471 [Thread-244] INFO  impl.FollowerState (FollowerState.java:run(106)) - 88a587d4-13ec-4b84-86b6-600ae54e939b:group-1AF6E1757808 changes to CANDIDATE, lastRpcTime:5196, electionTimeout:5196ms
2019-09-21 02:34:26,471 [Thread-244] INFO  impl.RoleInfo (RoleInfo.java:shutdownFollowerState(121)) - 88a587d4-13ec-4b84-86b6-600ae54e939b: shutdown FollowerState
2019-09-21 02:34:26,471 [Thread-244] INFO  impl.RaftServerImpl (RaftServerImpl.java:setRole(174)) - 88a587d4-13ec-4b84-86b6-600ae54e939b@group-1AF6E1757808: changes role from  FOLLOWER to CANDIDATE at term 0 for changeToCandidate
2019-09-21 02:34:26,472 [Thread-244] INFO  impl.RoleInfo (RoleInfo.java:updateAndGet(143)) - 88a587d4-13ec-4b84-86b6-600ae54e939b: start LeaderElection
2019-09-21 02:34:27,301 [4f3ba854-734c-449e-9e69-f2b4bbdaaa6d@group-ECEF00A15356:LeaderElection3] INFO  impl.LeaderElection (LeaderElection.java:askForVotes(182)) - 4f3ba854-734c-449e-9e69-f2b4bbdaaa6d@group-ECEF00A15356:LeaderElection3: begin an election at term 1 for -1: [9bb64537-e00f-42df-af41-b182dac1ca30:192.168.36.72:37758, 88a587d4-13ec-4b84-86b6-600ae54e939b:192.168.36.72:45796, 4f3ba854-734c-449e-9e69-f2b4bbdaaa6d:192.168.36.72:35128], old=null
2019-09-21 02:34:27,377 [88a587d4-13ec-4b84-86b6-600ae54e939b@group-635FA932FD90:LeaderElection10] INFO  impl.LeaderElection (LeaderElection.java:askForVotes(182)) - 88a587d4-13ec-4b84-86b6-600ae54e939b@group-635FA932FD90:LeaderElection10: begin an election at term 1 for -1: [9bb64537-e00f-42df-af41-b182dac1ca30:192.168.36.72:37758, 88a587d4-13ec-4b84-86b6-600ae54e939b:192.168.36.72:45796, 4f3ba854-734c-449e-9e69-f2b4bbdaaa6d:192.168.36.72:35128], old=null
2019-09-21 02:34:27,377 [9bb64537-e00f-42df-af41-b182dac1ca30@group-635FA932FD90:LeaderElection6] INFO  impl.LeaderElection (LeaderElection.java:askForVotes(182)) - 9bb64537-e00f-42df-af41-b182dac1ca30@group-635FA932FD90:LeaderElection6: begin an election at term 1 for -1: [9bb64537-e00f-42df-af41-b182dac1ca30:192.168.36.72:37758, 88a587d4-13ec-4b84-86b6-600ae54e939b:192.168.36.72:45796, 4f3ba854-734c-449e-9e69-f2b4bbdaaa6d:192.168.36.72:35128], old=null
2019-09-21 02:34:27,377 [88a587d4-13ec-4b84-86b6-600ae54e939b@group-1AF6E1757808:LeaderElection12] INFO  impl.LeaderElection (LeaderElection.java:askForVotes(182)) - 88a587d4-13ec-4b84-86b6-600ae54e939b@group-1AF6E1757808:LeaderElection12: begin an election at term 1 for -1: [88a587d4-13ec-4b84-86b6-600ae54e939b:192.168.36.72:45796], old=null
2019-09-21 02:34:27,377 [9bb64537-e00f-42df-af41-b182dac1ca30@group-8CA1983F9E13:LeaderElection8] INFO  impl.LeaderElection (LeaderElection.java:askForVotes(182)) - 9bb64537-e00f-42df-af41-b182dac1ca30@group-8CA1983F9E13:LeaderElection8: begin an election at term 1 for -1: [9bb64537-e00f-42df-af41-b182dac1ca30:192.168.36.72:37758, 88a587d4-13ec-4b84-86b6-600ae54e939b:192.168.36.72:45796, 4f3ba854-734c-449e-9e69-f2b4bbdaaa6d:192.168.36.72:35128], old=null
2019-09-21 02:34:27,377 [88a587d4-13ec-4b84-86b6-600ae54e939b@group-8CA1983F9E13:LeaderElection9] INFO  impl.LeaderElection (LeaderElection.java:askForVotes(182)) - 88a587d4-13ec-4b84-86b6-600ae54e939b@group-8CA1983F9E13:LeaderElection9: begin an election at term 1 for -1: [9bb64537-e00f-42df-af41-b182dac1ca30:192.168.36.72:37758, 88a587d4-13ec-4b84-86b6-600ae54e939b:192.168.36.72:45796, 4f3ba854-734c-449e-9e69-f2b4bbdaaa6d:192.168.36.72:35128], old=null
2019-09-21 02:34:27,377 [9bb64537-e00f-42df-af41-b182dac1ca30@group-ECEF00A15356:LeaderElection4] INFO  impl.LeaderElection (LeaderElection.java:askForVotes(182)) - 9bb64537-e00f-42df-af41-b182dac1ca30@group-ECEF00A15356:LeaderElection4: begin an election at term 1 for -1: [9bb64537-e00f-42df-af41-b182dac1ca30:192.168.36.72:37758, 88a587d4-13ec-4b84-86b6-600ae54e939b:192.168.36.72:45796, 4f3ba854-734c-449e-9e69-f2b4bbdaaa6d:192.168.36.72:35128], old=null
2019-09-21 02:34:27,377 [4f3ba854-734c-449e-9e69-f2b4bbdaaa6d@group-635FA932FD90:LeaderElection7] INFO  impl.LeaderElection (LeaderElection.java:askForVotes(182)) - 4f3ba854-734c-449e-9e69-f2b4bbdaaa6d@group-635FA932FD90:LeaderElection7: begin an election at term 1 for -1: [9bb64537-e00f-42df-af41-b182dac1ca30:192.168.36.72:37758, 88a587d4-13ec-4b84-86b6-600ae54e939b:192.168.36.72:45796, 4f3ba854-734c-449e-9e69-f2b4bbdaaa6d:192.168.36.72:35128], old=null
2019-09-21 02:34:27,377 [88a587d4-13ec-4b84-86b6-600ae54e939b@group-ECEF00A15356:LeaderElection11] INFO  impl.LeaderElection (LeaderElection.java:askForVotes(182)) - 88a587d4-13ec-4b84-86b6-600ae54e939b@group-ECEF00A15356:LeaderElection11: begin an election at term 1 for -1: [9bb64537-e00f-42df-af41-b182dac1ca30:192.168.36.72:37758, 88a587d4-13ec-4b84-86b6-600ae54e939b:192.168.36.72:45796, 4f3ba854-734c-449e-9e69-f2b4bbdaaa6d:192.168.36.72:35128], old=null
2019-09-21 02:34:27,378 [88a587d4-13ec-4b84-86b6-600ae54e939b@group-1AF6E1757808:LeaderElection12] INFO  impl.RoleInfo (RoleInfo.java:shutdownLeaderElection(134)) - 88a587d4-13ec-4b84-86b6-600ae54e939b: shutdown LeaderElection
2019-09-21 02:34:27,378 [4f3ba854-734c-449e-9e69-f2b4bbdaaa6d@group-8CA1983F9E13:LeaderElection5] INFO  impl.LeaderElection (LeaderElection.java:askForVotes(182)) - 4f3ba854-734c-449e-9e69-f2b4bbdaaa6d@group-8CA1983F9E13:LeaderElection5: begin an election at term 1 for -1: [9bb64537-e00f-42df-af41-b182dac1ca30:192.168.36.72:37758, 88a587d4-13ec-4b84-86b6-600ae54e939b:192.168.36.72:45796, 4f3ba854-734c-449e-9e69-f2b4bbdaaa6d:192.168.36.72:35128], old=null
2019-09-21 02:34:27,379 [88a587d4-13ec-4b84-86b6-600ae54e939b@group-1AF6E1757808:LeaderElection12] INFO  impl.RaftServerImpl (RaftServerImpl.java:setRole(174)) - 88a587d4-13ec-4b84-86b6-600ae54e939b@group-1AF6E1757808: changes role from CANDIDATE to LEADER at term 1 for changeToLeader
2019-09-21 02:34:27,379 [88a587d4-13ec-4b84-86b6-600ae54e939b@group-1AF6E1757808:LeaderElection12] INFO  impl.RaftServerImpl (ServerState.java:setLeader(253)) - 88a587d4-13ec-4b84-86b6-600ae54e939b@group-1AF6E1757808: change Leader from null to 88a587d4-13ec-4b84-86b6-600ae54e939b at term 1 for becomeLeader, leader elected after 6267ms
2019-09-21 02:34:27,381 [88a587d4-13ec-4b84-86b6-600ae54e939b@group-1AF6E1757808:LeaderElection12] INFO  server.RaftServerConfigKeys (ConfUtils.java:logGet(43)) - raft.server.staging.catchup.gap = 1000 (default)
2019-09-21 02:34:27,382 [88a587d4-13ec-4b84-86b6-600ae54e939b@group-1AF6E1757808:LeaderElection12] INFO  server.RaftServerConfigKeys (ConfUtils.java:logGet(43)) - raft.server.rpc.sleep.time = 25ms (default)
2019-09-21 02:34:27,383 [88a587d4-13ec-4b84-86b6-600ae54e939b@group-1AF6E1757808:LeaderElection12] INFO  server.RaftServerConfigKeys (ConfUtils.java:logGet(43)) - raft.server.write.element-limit = 4096 (default)
2019-09-21 02:34:27,383 [88a587d4-13ec-4b84-86b6-600ae54e939b@group-1AF6E1757808:LeaderElection12] INFO  server.RaftServerConfigKeys (ConfUtils.java:logGet(43)) - raft.server.watch.timeout = 10s (default)
2019-09-21 02:34:27,383 [88a587d4-13ec-4b84-86b6-600ae54e939b@group-1AF6E1757808:LeaderElection12] INFO  server.RaftServerConfigKeys (ConfUtils.java:logGet(43)) - raft.server.watch.timeout.denomination = 1s (default)
2019-09-21 02:34:27,386 [88a587d4-13ec-4b84-86b6-600ae54e939b@group-1AF6E1757808:LeaderElection12] INFO  server.RaftServerConfigKeys (ConfUtils.java:logGet(43)) - raft.server.watch.element-limit = 65536 (default)
2019-09-21 02:34:27,406 [88a587d4-13ec-4b84-86b6-600ae54e939b@group-1AF6E1757808:LeaderElection12] INFO  impl.RoleInfo (RoleInfo.java:updateAndGet(143)) - 88a587d4-13ec-4b84-86b6-600ae54e939b: start LeaderState
2019-09-21 02:34:27,407 [88a587d4-13ec-4b84-86b6-600ae54e939b@group-1AF6E1757808:LeaderElection12] INFO  segmented.SegmentedRaftLogWorker (SegmentedRaftLogWorker.java:startLogSegment(380)) - 88a587d4-13ec-4b84-86b6-600ae54e939b@group-1AF6E1757808-SegmentedRaftLogWorker: Starting segment from index:0
2019-09-21 02:34:27,409 [88a587d4-13ec-4b84-86b6-600ae54e939b@group-1AF6E1757808:LeaderElection12] INFO  impl.RaftServerImpl (ServerState.java:setRaftConf(354)) - 88a587d4-13ec-4b84-86b6-600ae54e939b@group-1AF6E1757808: set configuration 0: [88a587d4-13ec-4b84-86b6-600ae54e939b:192.168.36.72:45796], old=null at 0
2019-09-21 02:34:27,441 [4f3ba854-734c-449e-9e69-f2b4bbdaaa6d@group-ECEF00A15356:LeaderElection3] INFO  impl.LeaderElection (LeaderElection.java:logAndReturn(56)) - 4f3ba854-734c-449e-9e69-f2b4bbdaaa6d@group-ECEF00A15356:LeaderElection3: Election REJECTED; received 2 response(s) [4f3ba854-734c-449e-9e69-f2b4bbdaaa6d<-9bb64537-e00f-42df-af41-b182dac1ca30#0:FAIL-t1, 4f3ba854-734c-449e-9e69-f2b4bbdaaa6d<-88a587d4-13ec-4b84-86b6-600ae54e939b#0:FAIL-t1] and 0 exception(s); 4f3ba854-734c-449e-9e69-f2b4bbdaaa6d@group-ECEF00A15356:t1, leader=null, voted=4f3ba854-734c-449e-9e69-f2b4bbdaaa6d, raftlog=4f3ba854-734c-449e-9e69-f2b4bbdaaa6d@group-ECEF00A15356-SegmentedRaftLog:OPENED:c-1,f-1,i0, conf=-1: [9bb64537-e00f-42df-af41-b182dac1ca30:192.168.36.72:37758, 88a587d4-13ec-4b84-86b6-600ae54e939b:192.168.36.72:45796, 4f3ba854-734c-449e-9e69-f2b4bbdaaa6d:192.168.36.72:35128], old=null
2019-09-21 02:34:27,445 [4f3ba854-734c-449e-9e69-f2b4bbdaaa6d@group-ECEF00A15356:LeaderElection3] INFO  impl.RaftServerImpl (RaftServerImpl.java:setRole(174)) - 4f3ba854-734c-449e-9e69-f2b4bbdaaa6d@group-ECEF00A15356: changes role from CANDIDATE to FOLLOWER at term 1 for DISCOVERED_A_NEW_TERM
2019-09-21 02:34:27,445 [4f3ba854-734c-449e-9e69-f2b4bbdaaa6d@group-ECEF00A15356:LeaderElection3] INFO  impl.RoleInfo (RoleInfo.java:shutdownLeaderElection(134)) - 4f3ba854-734c-449e-9e69-f2b4bbdaaa6d: shutdown LeaderElection
2019-09-21 02:34:27,445 [4f3ba854-734c-449e-9e69-f2b4bbdaaa6d@group-ECEF00A15356:LeaderElection3] INFO  impl.RoleInfo (RoleInfo.java:updateAndGet(143)) - 4f3ba854-734c-449e-9e69-f2b4bbdaaa6d: start FollowerState
2019-09-21 02:34:27,461 [4f3ba854-734c-449e-9e69-f2b4bbdaaa6d@group-8CA1983F9E13:LeaderElection5] INFO  impl.LeaderElection (LeaderElection.java:logAndReturn(56)) - 4f3ba854-734c-449e-9e69-f2b4bbdaaa6d@group-8CA1983F9E13:LeaderElection5: Election REJECTED; received 2 response(s) [4f3ba854-734c-449e-9e69-f2b4bbdaaa6d<-9bb64537-e00f-42df-af41-b182dac1ca30#0:FAIL-t1, 4f3ba854-734c-449e-9e69-f2b4bbdaaa6d<-88a587d4-13ec-4b84-86b6-600ae54e939b#0:FAIL-t1] and 0 exception(s); 4f3ba854-734c-449e-9e69-f2b4bbdaaa6d@group-8CA1983F9E13:t1, leader=null, voted=4f3ba854-734c-449e-9e69-f2b4bbdaaa6d, raftlog=4f3ba854-734c-449e-9e69-f2b4bbdaaa6d@group-8CA1983F9E13-SegmentedRaftLog:OPENED:c-1,f-1,i0, conf=-1: [9bb64537-e00f-42df-af41-b182dac1ca30:192.168.36.72:37758, 88a587d4-13ec-4b84-86b6-600ae54e939b:192.168.36.72:45796, 4f3ba854-734c-449e-9e69-f2b4bbdaaa6d:192.168.36.72:35128], old=null
2019-09-21 02:34:27,464 [4f3ba854-734c-449e-9e69-f2b4bbdaaa6d@group-8CA1983F9E13:LeaderElection5] INFO  impl.RaftServerImpl (RaftServerImpl.java:setRole(174)) - 4f3ba854-734c-449e-9e69-f2b4bbdaaa6d@group-8CA1983F9E13: changes role from CANDIDATE to FOLLOWER at term 1 for DISCOVERED_A_NEW_TERM
2019-09-21 02:34:27,464 [4f3ba854-734c-449e-9e69-f2b4bbdaaa6d@group-8CA1983F9E13:LeaderElection5] INFO  impl.RoleInfo (RoleInfo.java:shutdownLeaderElection(134)) - 4f3ba854-734c-449e-9e69-f2b4bbdaaa6d: shutdown LeaderElection
2019-09-21 02:34:27,464 [88a587d4-13ec-4b84-86b6-600ae54e939b@group-1AF6E1757808-SegmentedRaftLogWorker] INFO  segmented.SegmentedRaftLogWorker (SegmentedRaftLogWorker.java:execute(569)) - 88a587d4-13ec-4b84-86b6-600ae54e939b@group-1AF6E1757808-SegmentedRaftLogWorker: created new log segment /workdir/hadoop-ozone/integration-test/target/test-dir/MiniOzoneClusterImpl-c75db70a-b38d-4491-876a-314fea4a50b4/datanode-3/data/ratis/bf95d75d-f26b-44b4-bdb8-1af6e1757808/current/log_inprogress_0
2019-09-21 02:34:27,465 [4f3ba854-734c-449e-9e69-f2b4bbdaaa6d@group-635FA932FD90:LeaderElection7] INFO  impl.LeaderElection (LeaderElection.java:logAndReturn(56)) - 4f3ba854-734c-449e-9e69-f2b4bbdaaa6d@group-635FA932FD90:LeaderElection7: Election REJECTED; received 2 response(s) [4f3ba854-734c-449e-9e69-f2b4bbdaaa6d<-9bb64537-e00f-42df-af41-b182dac1ca30#0:FAIL-t1, 4f3ba854-734c-449e-9e69-f2b4bbdaaa6d<-88a587d4-13ec-4b84-86b6-600ae54e939b#0:FAIL-t1] and 0 exception(s); 4f3ba854-734c-449e-9e69-f2b4bbdaaa6d@group-635FA932FD90:t1, leader=null, voted=4f3ba854-734c-449e-9e69-f2b4bbdaaa6d, raftlog=4f3ba854-734c-449e-9e69-f2b4bbdaaa6d@group-635FA932FD90-SegmentedRaftLog:OPENED:c-1,f-1,i0, conf=-1: [9bb64537-e00f-42df-af41-b182dac1ca30:192.168.36.72:37758, 88a587d4-13ec-4b84-86b6-600ae54e939b:192.168.36.72:45796, 4f3ba854-734c-449e-9e69-f2b4bbdaaa6d:192.168.36.72:35128], old=null
2019-09-21 02:34:27,466 [4f3ba854-734c-449e-9e69-f2b4bbdaaa6d@group-8CA1983F9E13:LeaderElection5] INFO  impl.RoleInfo (RoleInfo.java:updateAndGet(143)) - 4f3ba854-734c-449e-9e69-f2b4bbdaaa6d: start FollowerState
2019-09-21 02:34:27,468 [4f3ba854-734c-449e-9e69-f2b4bbdaaa6d@group-635FA932FD90:LeaderElection7] INFO  impl.RaftServerImpl (RaftServerImpl.java:setRole(174)) - 4f3ba854-734c-449e-9e69-f2b4bbdaaa6d@group-635FA932FD90: changes role from CANDIDATE to FOLLOWER at term 1 for DISCOVERED_A_NEW_TERM
2019-09-21 02:34:27,469 [4f3ba854-734c-449e-9e69-f2b4bbdaaa6d@group-635FA932FD90:LeaderElection7] INFO  impl.RoleInfo (RoleInfo.java:shutdownLeaderElection(134)) - 4f3ba854-734c-449e-9e69-f2b4bbdaaa6d: shutdown LeaderElection
2019-09-21 02:34:27,472 [4f3ba854-734c-449e-9e69-f2b4bbdaaa6d@group-635FA932FD90:LeaderElection7] INFO  impl.RoleInfo (RoleInfo.java:updateAndGet(143)) - 4f3ba854-734c-449e-9e69-f2b4bbdaaa6d: start FollowerState
2019-09-21 02:34:27,504 [9bb64537-e00f-42df-af41-b182dac1ca30@group-635FA932FD90:LeaderElection6] INFO  impl.LeaderElection (LeaderElection.java:logAndReturn(56)) - 9bb64537-e00f-42df-af41-b182dac1ca30@group-635FA932FD90:LeaderElection6: Election REJECTED; received 2 response(s) [9bb64537-e00f-42df-af41-b182dac1ca30<-88a587d4-13ec-4b84-86b6-600ae54e939b#0:FAIL-t1, 9bb64537-e00f-42df-af41-b182dac1ca30<-4f3ba854-734c-449e-9e69-f2b4bbdaaa6d#0:FAIL-t1] and 0 exception(s); 9bb64537-e00f-42df-af41-b182dac1ca30@group-635FA932FD90:t1, leader=null, voted=9bb64537-e00f-42df-af41-b182dac1ca30, raftlog=9bb64537-e00f-42df-af41-b182dac1ca30@group-635FA932FD90-SegmentedRaftLog:OPENED:c-1,f-1,i0, conf=-1: [9bb64537-e00f-42df-af41-b182dac1ca30:192.168.36.72:37758, 88a587d4-13ec-4b84-86b6-600ae54e939b:192.168.36.72:45796, 4f3ba854-734c-449e-9e69-f2b4bbdaaa6d:192.168.36.72:35128], old=null
2019-09-21 02:34:27,504 [9bb64537-e00f-42df-af41-b182dac1ca30@group-ECEF00A15356:LeaderElection4] INFO  impl.LeaderElection (LeaderElection.java:logAndReturn(56)) - 9bb64537-e00f-42df-af41-b182dac1ca30@group-ECEF00A15356:LeaderElection4: Election REJECTED; received 2 response(s) [9bb64537-e00f-42df-af41-b182dac1ca30<-88a587d4-13ec-4b84-86b6-600ae54e939b#0:FAIL-t1, 9bb64537-e00f-42df-af41-b182dac1ca30<-4f3ba854-734c-449e-9e69-f2b4bbdaaa6d#0:FAIL-t1] and 0 exception(s); 9bb64537-e00f-42df-af41-b182dac1ca30@group-ECEF00A15356:t1, leader=null, voted=9bb64537-e00f-42df-af41-b182dac1ca30, raftlog=9bb64537-e00f-42df-af41-b182dac1ca30@group-ECEF00A15356-SegmentedRaftLog:OPENED:c-1,f-1,i0, conf=-1: [9bb64537-e00f-42df-af41-b182dac1ca30:192.168.36.72:37758, 88a587d4-13ec-4b84-86b6-600ae54e939b:192.168.36.72:45796, 4f3ba854-734c-449e-9e69-f2b4bbdaaa6d:192.168.36.72:35128], old=null
2019-09-21 02:34:27,506 [9bb64537-e00f-42df-af41-b182dac1ca30@group-635FA932FD90:LeaderElection6] INFO  impl.RaftServerImpl (RaftServerImpl.java:setRole(174)) - 9bb64537-e00f-42df-af41-b182dac1ca30@group-635FA932FD90: changes role from CANDIDATE to FOLLOWER at term 1 for DISCOVERED_A_NEW_TERM
2019-09-21 02:34:27,507 [88a587d4-13ec-4b84-86b6-600ae54e939b@group-ECEF00A15356:LeaderElection11] INFO  impl.LeaderElection (LeaderElection.java:logAndReturn(56)) - 88a587d4-13ec-4b84-86b6-600ae54e939b@group-ECEF00A15356:LeaderElection11: Election REJECTED; received 2 response(s) [88a587d4-13ec-4b84-86b6-600ae54e939b<-9bb64537-e00f-42df-af41-b182dac1ca30#0:FAIL-t1, 88a587d4-13ec-4b84-86b6-600ae54e939b<-4f3ba854-734c-449e-9e69-f2b4bbdaaa6d#0:FAIL-t1] and 0 exception(s); 88a587d4-13ec-4b84-86b6-600ae54e939b@group-ECEF00A15356:t1, leader=null, voted=88a587d4-13ec-4b84-86b6-600ae54e939b, raftlog=88a587d4-13ec-4b84-86b6-600ae54e939b@group-ECEF00A15356-SegmentedRaftLog:OPENED:c-1,f-1,i0, conf=-1: [9bb64537-e00f-42df-af41-b182dac1ca30:192.168.36.72:37758, 88a587d4-13ec-4b84-86b6-600ae54e939b:192.168.36.72:45796, 4f3ba854-734c-449e-9e69-f2b4bbdaaa6d:192.168.36.72:35128], old=null
2019-09-21 02:34:27,504 [9bb64537-e00f-42df-af41-b182dac1ca30@group-8CA1983F9E13:LeaderElection8] INFO  impl.LeaderElection (LeaderElection.java:logAndReturn(56)) - 9bb64537-e00f-42df-af41-b182dac1ca30@group-8CA1983F9E13:LeaderElection8: Election REJECTED; received 2 response(s) [9bb64537-e00f-42df-af41-b182dac1ca30<-88a587d4-13ec-4b84-86b6-600ae54e939b#0:FAIL-t1, 9bb64537-e00f-42df-af41-b182dac1ca30<-4f3ba854-734c-449e-9e69-f2b4bbdaaa6d#0:FAIL-t1] and 0 exception(s); 9bb64537-e00f-42df-af41-b182dac1ca30@group-8CA1983F9E13:t1, leader=null, voted=9bb64537-e00f-42df-af41-b182dac1ca30, raftlog=9bb64537-e00f-42df-af41-b182dac1ca30@group-8CA1983F9E13-SegmentedRaftLog:OPENED:c-1,f-1,i0, conf=-1: [9bb64537-e00f-42df-af41-b182dac1ca30:192.168.36.72:37758, 88a587d4-13ec-4b84-86b6-600ae54e939b:192.168.36.72:45796, 4f3ba854-734c-449e-9e69-f2b4bbdaaa6d:192.168.36.72:35128], old=null
2019-09-21 02:34:27,509 [88a587d4-13ec-4b84-86b6-600ae54e939b@group-8CA1983F9E13:LeaderElection9] INFO  impl.LeaderElection (LeaderElection.java:logAndReturn(56)) - 88a587d4-13ec-4b84-86b6-600ae54e939b@group-8CA1983F9E13:LeaderElection9: Election REJECTED; received 2 response(s) [88a587d4-13ec-4b84-86b6-600ae54e939b<-9bb64537-e00f-42df-af41-b182dac1ca30#0:FAIL-t1, 88a587d4-13ec-4b84-86b6-600ae54e939b<-4f3ba854-734c-449e-9e69-f2b4bbdaaa6d#0:FAIL-t1] and 0 exception(s); 88a587d4-13ec-4b84-86b6-600ae54e939b@group-8CA1983F9E13:t1, leader=null, voted=88a587d4-13ec-4b84-86b6-600ae54e939b, raftlog=88a587d4-13ec-4b84-86b6-600ae54e939b@group-8CA1983F9E13-SegmentedRaftLog:OPENED:c-1,f-1,i0, conf=-1: [9bb64537-e00f-42df-af41-b182dac1ca30:192.168.36.72:37758, 88a587d4-13ec-4b84-86b6-600ae54e939b:192.168.36.72:45796, 4f3ba854-734c-449e-9e69-f2b4bbdaaa6d:192.168.36.72:35128], old=null
2019-09-21 02:34:27,509 [9bb64537-e00f-42df-af41-b182dac1ca30@group-ECEF00A15356:LeaderElection4] INFO  impl.RaftServerImpl (RaftServerImpl.java:setRole(174)) - 9bb64537-e00f-42df-af41-b182dac1ca30@group-ECEF00A15356: changes role from CANDIDATE to FOLLOWER at term 1 for DISCOVERED_A_NEW_TERM
2019-09-21 02:34:27,507 [9bb64537-e00f-42df-af41-b182dac1ca30@group-635FA932FD90:LeaderElection6] INFO  impl.RoleInfo (RoleInfo.java:shutdownLeaderElection(134)) - 9bb64537-e00f-42df-af41-b182dac1ca30: shutdown LeaderElection
2019-09-21 02:34:27,515 [88a587d4-13ec-4b84-86b6-600ae54e939b@group-635FA932FD90:LeaderElection10] INFO  impl.LeaderElection (LeaderElection.java:logAndReturn(56)) - 88a587d4-13ec-4b84-86b6-600ae54e939b@group-635FA932FD90:LeaderElection10: Election REJECTED; received 2 response(s) [88a587d4-13ec-4b84-86b6-600ae54e939b<-9bb64537-e00f-42df-af41-b182dac1ca30#0:FAIL-t1, 88a587d4-13ec-4b84-86b6-600ae54e939b<-4f3ba854-734c-449e-9e69-f2b4bbdaaa6d#0:FAIL-t1] and 0 exception(s); 88a587d4-13ec-4b84-86b6-600ae54e939b@group-635FA932FD90:t1, leader=null, voted=88a587d4-13ec-4b84-86b6-600ae54e939b, raftlog=88a587d4-13ec-4b84-86b6-600ae54e939b@group-635FA932FD90-SegmentedRaftLog:OPENED:c-1,f-1,i0, conf=-1: [9bb64537-e00f-42df-af41-b182dac1ca30:192.168.36.72:37758, 88a587d4-13ec-4b84-86b6-600ae54e939b:192.168.36.72:45796, 4f3ba854-734c-449e-9e69-f2b4bbdaaa6d:192.168.36.72:35128], old=null
2019-09-21 02:34:27,515 [9bb64537-e00f-42df-af41-b182dac1ca30@group-635FA932FD90:LeaderElection6] INFO  impl.RoleInfo (RoleInfo.java:updateAndGet(143)) - 9bb64537-e00f-42df-af41-b182dac1ca30: start FollowerState
2019-09-21 02:34:27,514 [9bb64537-e00f-42df-af41-b182dac1ca30@group-ECEF00A15356:LeaderElection4] INFO  impl.RoleInfo (RoleInfo.java:shutdownLeaderElection(134)) - 9bb64537-e00f-42df-af41-b182dac1ca30: shutdown LeaderElection
2019-09-21 02:34:27,514 [88a587d4-13ec-4b84-86b6-600ae54e939b@group-8CA1983F9E13:LeaderElection9] INFO  impl.RaftServerImpl (RaftServerImpl.java:setRole(174)) - 88a587d4-13ec-4b84-86b6-600ae54e939b@group-8CA1983F9E13: changes role from CANDIDATE to FOLLOWER at term 1 for DISCOVERED_A_NEW_TERM
2019-09-21 02:34:27,514 [9bb64537-e00f-42df-af41-b182dac1ca30@group-8CA1983F9E13:LeaderElection8] INFO  impl.RaftServerImpl (RaftServerImpl.java:setRole(174)) - 9bb64537-e00f-42df-af41-b182dac1ca30@group-8CA1983F9E13: changes role from CANDIDATE to FOLLOWER at term 1 for DISCOVERED_A_NEW_TERM
2019-09-21 02:34:27,510 [88a587d4-13ec-4b84-86b6-600ae54e939b@group-ECEF00A15356:LeaderElection11] INFO  impl.RaftServerImpl (RaftServerImpl.java:setRole(174)) - 88a587d4-13ec-4b84-86b6-600ae54e939b@group-ECEF00A15356: changes role from CANDIDATE to FOLLOWER at term 1 for DISCOVERED_A_NEW_TERM
2019-09-21 02:34:27,517 [9bb64537-e00f-42df-af41-b182dac1ca30@group-8CA1983F9E13:LeaderElection8] INFO  impl.RoleInfo (RoleInfo.java:shutdownLeaderElection(134)) - 9bb64537-e00f-42df-af41-b182dac1ca30: shutdown LeaderElection
2019-09-21 02:34:27,517 [88a587d4-13ec-4b84-86b6-600ae54e939b@group-8CA1983F9E13:LeaderElection9] INFO  impl.RoleInfo (RoleInfo.java:shutdownLeaderElection(134)) - 88a587d4-13ec-4b84-86b6-600ae54e939b: shutdown LeaderElection
2019-09-21 02:34:27,517 [9bb64537-e00f-42df-af41-b182dac1ca30@group-ECEF00A15356:LeaderElection4] INFO  impl.RoleInfo (RoleInfo.java:updateAndGet(143)) - 9bb64537-e00f-42df-af41-b182dac1ca30: start FollowerState
2019-09-21 02:34:27,517 [88a587d4-13ec-4b84-86b6-600ae54e939b@group-8CA1983F9E13:LeaderElection9] INFO  impl.RoleInfo (RoleInfo.java:updateAndGet(143)) - 88a587d4-13ec-4b84-86b6-600ae54e939b: start FollowerState
2019-09-21 02:34:27,516 [88a587d4-13ec-4b84-86b6-600ae54e939b@group-635FA932FD90:LeaderElection10] INFO  impl.RaftServerImpl (RaftServerImpl.java:setRole(174)) - 88a587d4-13ec-4b84-86b6-600ae54e939b@group-635FA932FD90: changes role from CANDIDATE to FOLLOWER at term 1 for DISCOVERED_A_NEW_TERM
2019-09-21 02:34:27,517 [9bb64537-e00f-42df-af41-b182dac1ca30@group-8CA1983F9E13:LeaderElection8] INFO  impl.RoleInfo (RoleInfo.java:updateAndGet(143)) - 9bb64537-e00f-42df-af41-b182dac1ca30: start FollowerState
2019-09-21 02:34:27,517 [88a587d4-13ec-4b84-86b6-600ae54e939b@group-ECEF00A15356:LeaderElection11] INFO  impl.RoleInfo (RoleInfo.java:shutdownLeaderElection(134)) - 88a587d4-13ec-4b84-86b6-600ae54e939b: shutdown LeaderElection
2019-09-21 02:34:27,517 [88a587d4-13ec-4b84-86b6-600ae54e939b@group-635FA932FD90:LeaderElection10] INFO  impl.RoleInfo (RoleInfo.java:shutdownLeaderElection(134)) - 88a587d4-13ec-4b84-86b6-600ae54e939b: shutdown LeaderElection
2019-09-21 02:34:27,518 [88a587d4-13ec-4b84-86b6-600ae54e939b@group-635FA932FD90:LeaderElection10] INFO  impl.RoleInfo (RoleInfo.java:updateAndGet(143)) - 88a587d4-13ec-4b84-86b6-600ae54e939b: start FollowerState
2019-09-21 02:34:27,518 [88a587d4-13ec-4b84-86b6-600ae54e939b@group-ECEF00A15356:LeaderElection11] INFO  impl.RoleInfo (RoleInfo.java:updateAndGet(143)) - 88a587d4-13ec-4b84-86b6-600ae54e939b: start FollowerState
2019-09-21 02:34:29,097 [ForkJoinPool.commonPool-worker-0] INFO  ozoneimpl.OzoneContainer (OzoneContainer.java:stop(231)) - Attempting to stop container services.
2019-09-21 02:34:29,097 [ForkJoinPool.commonPool-worker-0] INFO  impl.RaftServerProxy (RaftServerProxy.java:lambda$close$4(314)) - 4f3ba854-734c-449e-9e69-f2b4bbdaaa6d: close
2019-09-21 02:34:29,099 [ForkJoinPool.commonPool-worker-0] INFO  impl.RaftServerImpl (RaftServerImpl.java:lambda$shutdown$3(251)) - 4f3ba854-734c-449e-9e69-f2b4bbdaaa6d@group-8CA1983F9E13: shutdown
2019-09-21 02:34:29,099 [ForkJoinPool.commonPool-worker-0] INFO  util.JmxRegister (JmxRegister.java:unregister(73)) - Successfully un-registered JMX Bean with object name Ratis:service=RaftServer,group=group-8CA1983F9E13,id=4f3ba854-734c-449e-9e69-f2b4bbdaaa6d
2019-09-21 02:34:29,100 [ForkJoinPool.commonPool-worker-0] INFO  impl.RoleInfo (RoleInfo.java:shutdownFollowerState(121)) - 4f3ba854-734c-449e-9e69-f2b4bbdaaa6d: shutdown FollowerState
2019-09-21 02:34:29,100 [ForkJoinPool.commonPool-worker-0] INFO  impl.StateMachineUpdater (StateMachineUpdater.java:stopAndJoin(125)) - 4f3ba854-734c-449e-9e69-f2b4bbdaaa6d@group-8CA1983F9E13-StateMachineUpdater: set stopIndex = -1
2019-09-21 02:34:29,100 [Thread-280] INFO  impl.FollowerState (FollowerState.java:run(115)) - 4f3ba854-734c-449e-9e69-f2b4bbdaaa6d: FollowerState was interrupted: java.lang.InterruptedException: sleep interrupted
2019-09-21 02:34:29,100 [ForkJoinPool.commonPool-worker-0] INFO  impl.RaftServerImpl (ServerState.java:close(385)) - 4f3ba854-734c-449e-9e69-f2b4bbdaaa6d@group-8CA1983F9E13: closes. applyIndex: -1
2019-09-21 02:34:29,104 [4f3ba854-734c-449e-9e69-f2b4bbdaaa6d@group-8CA1983F9E13-SegmentedRaftLogWorker] INFO  segmented.SegmentedRaftLogWorker (SegmentedRaftLogWorker.java:run(313)) - 4f3ba854-734c-449e-9e69-f2b4bbdaaa6d@group-8CA1983F9E13-SegmentedRaftLogWorker was interrupted, exiting. There are 0 tasks remaining in the queue.
2019-09-21 02:34:29,104 [ForkJoinPool.commonPool-worker-0] INFO  segmented.SegmentedRaftLogWorker (SegmentedRaftLogWorker.java:close(228)) - 4f3ba854-734c-449e-9e69-f2b4bbdaaa6d@group-8CA1983F9E13-SegmentedRaftLogWorker close()
2019-09-21 02:34:29,107 [ForkJoinPool.commonPool-worker-0] INFO  impl.RaftServerImpl (RaftServerImpl.java:lambda$shutdown$3(251)) - 4f3ba854-734c-449e-9e69-f2b4bbdaaa6d@group-8563A3E6B674: shutdown
2019-09-21 02:34:29,107 [main] INFO  ozoneimpl.OzoneContainer (OzoneContainer.java:stop(231)) - Attempting to stop container services.
2019-09-21 02:34:29,107 [ForkJoinPool.commonPool-worker-0] INFO  util.JmxRegister (JmxRegister.java:unregister(73)) - Successfully un-registered JMX Bean with object name Ratis:service=RaftServer,group=group-8563A3E6B674,id=4f3ba854-734c-449e-9e69-f2b4bbdaaa6d
2019-09-21 02:34:29,107 [main] INFO  impl.RaftServerProxy (RaftServerProxy.java:lambda$close$4(314)) - 9bb64537-e00f-42df-af41-b182dac1ca30: close
2019-09-21 02:34:29,107 [ForkJoinPool.commonPool-worker-0] INFO  impl.RoleInfo (RoleInfo.java:shutdownLeaderState(104)) - 4f3ba854-734c-449e-9e69-f2b4bbdaaa6d: shutdown LeaderState
2019-09-21 02:34:29,108 [main] INFO  impl.RaftServerImpl (RaftServerImpl.java:lambda$shutdown$3(251)) - 9bb64537-e00f-42df-af41-b182dac1ca30@group-635FA932FD90: shutdown
2019-09-21 02:34:29,108 [main] INFO  util.JmxRegister (JmxRegister.java:unregister(73)) - Successfully un-registered JMX Bean with object name Ratis:service=RaftServer,group=group-635FA932FD90,id=9bb64537-e00f-42df-af41-b182dac1ca30
2019-09-21 02:34:29,108 [main] INFO  impl.RoleInfo (RoleInfo.java:shutdownFollowerState(121)) - 9bb64537-e00f-42df-af41-b182dac1ca30: shutdown FollowerState
2019-09-21 02:34:29,108 [main] INFO  impl.StateMachineUpdater (StateMachineUpdater.java:stopAndJoin(125)) - 9bb64537-e00f-42df-af41-b182dac1ca30@group-635FA932FD90-StateMachineUpdater: set stopIndex = -1
2019-09-21 02:34:29,109 [Thread-282] INFO  impl.FollowerState (FollowerState.java:run(115)) - 9bb64537-e00f-42df-af41-b182dac1ca30: FollowerState was interrupted: java.lang.InterruptedException: sleep interrupted
2019-09-21 02:34:29,110 [main] INFO  impl.RaftServerImpl (ServerState.java:close(385)) - 9bb64537-e00f-42df-af41-b182dac1ca30@group-635FA932FD90: closes. applyIndex: -1
2019-09-21 02:34:29,110 [ForkJoinPool.commonPool-worker-0] INFO  impl.PendingRequests (PendingRequests.java:sendNotLeaderResponses(202)) - 4f3ba854-734c-449e-9e69-f2b4bbdaaa6d-PendingRequests: sendNotLeaderResponses
2019-09-21 02:34:29,111 [9bb64537-e00f-42df-af41-b182dac1ca30@group-635FA932FD90-SegmentedRaftLogWorker] INFO  segmented.SegmentedRaftLogWorker (SegmentedRaftLogWorker.java:run(313)) - 9bb64537-e00f-42df-af41-b182dac1ca30@group-635FA932FD90-SegmentedRaftLogWorker was interrupted, exiting. There are 0 tasks remaining in the queue.
2019-09-21 02:34:29,111 [main] INFO  segmented.SegmentedRaftLogWorker (SegmentedRaftLogWorker.java:close(228)) - 9bb64537-e00f-42df-af41-b182dac1ca30@group-635FA932FD90-SegmentedRaftLogWorker close()
2019-09-21 02:34:29,113 [main] INFO  impl.RaftServerImpl (RaftServerImpl.java:lambda$shutdown$3(251)) - 9bb64537-e00f-42df-af41-b182dac1ca30@group-8CA1983F9E13: shutdown
2019-09-21 02:34:29,113 [main] INFO  util.JmxRegister (JmxRegister.java:unregister(73)) - Successfully un-registered JMX Bean with object name Ratis:service=RaftServer,group=group-8CA1983F9E13,id=9bb64537-e00f-42df-af41-b182dac1ca30
2019-09-21 02:34:29,113 [main] INFO  impl.RoleInfo (RoleInfo.java:shutdownFollowerState(121)) - 9bb64537-e00f-42df-af41-b182dac1ca30: shutdown FollowerState
2019-09-21 02:34:29,114 [ForkJoinPool.commonPool-worker-0] INFO  impl.StateMachineUpdater (StateMachineUpdater.java:stopAndJoin(125)) - 4f3ba854-734c-449e-9e69-f2b4bbdaaa6d@group-8563A3E6B674-StateMachineUpdater: set stopIndex = 0
2019-09-21 02:34:29,114 [Thread-284] INFO  impl.FollowerState (FollowerState.java:run(115)) - 9bb64537-e00f-42df-af41-b182dac1ca30: FollowerState was interrupted: java.lang.InterruptedException: sleep interrupted
2019-09-21 02:34:29,114 [main] INFO  impl.StateMachineUpdater (StateMachineUpdater.java:stopAndJoin(125)) - 9bb64537-e00f-42df-af41-b182dac1ca30@group-8CA1983F9E13-StateMachineUpdater: set stopIndex = -1
2019-09-21 02:34:29,115 [ForkJoinPool.commonPool-worker-0] INFO  impl.RaftServerImpl (ServerState.java:close(385)) - 4f3ba854-734c-449e-9e69-f2b4bbdaaa6d@group-8563A3E6B674: closes. applyIndex: 0
2019-09-21 02:34:29,115 [main] INFO  impl.RaftServerImpl (ServerState.java:close(385)) - 9bb64537-e00f-42df-af41-b182dac1ca30@group-8CA1983F9E13: closes. applyIndex: -1
2019-09-21 02:34:29,115 [4f3ba854-734c-449e-9e69-f2b4bbdaaa6d@group-8563A3E6B674-SegmentedRaftLogWorker] INFO  segmented.SegmentedRaftLogWorker (SegmentedRaftLogWorker.java:run(313)) - 4f3ba854-734c-449e-9e69-f2b4bbdaaa6d@group-8563A3E6B674-SegmentedRaftLogWorker was interrupted, exiting. There are 0 tasks remaining in the queue.
2019-09-21 02:34:29,116 [9bb64537-e00f-42df-af41-b182dac1ca30@group-8CA1983F9E13-SegmentedRaftLogWorker] INFO  segmented.SegmentedRaftLogWorker (SegmentedRaftLogWorker.java:run(313)) - 9bb64537-e00f-42df-af41-b182dac1ca30@group-8CA1983F9E13-SegmentedRaftLogWorker was interrupted, exiting. There are 0 tasks remaining in the queue.
2019-09-21 02:34:29,117 [main] INFO  segmented.SegmentedRaftLogWorker (SegmentedRaftLogWorker.java:close(228)) - 9bb64537-e00f-42df-af41-b182dac1ca30@group-8CA1983F9E13-SegmentedRaftLogWorker close()
2019-09-21 02:34:29,117 [ForkJoinPool.commonPool-worker-0] INFO  segmented.SegmentedRaftLogWorker (SegmentedRaftLogWorker.java:close(228)) - 4f3ba854-734c-449e-9e69-f2b4bbdaaa6d@group-8563A3E6B674-SegmentedRaftLogWorker close()
2019-09-21 02:34:29,118 [main] INFO  impl.RaftServerImpl (RaftServerImpl.java:lambda$shutdown$3(251)) - 9bb64537-e00f-42df-af41-b182dac1ca30@group-ECEF00A15356: shutdown
2019-09-21 02:34:29,120 [ForkJoinPool.commonPool-worker-0] INFO  impl.RaftServerImpl (RaftServerImpl.java:lambda$shutdown$3(251)) - 4f3ba854-734c-449e-9e69-f2b4bbdaaa6d@group-635FA932FD90: shutdown
2019-09-21 02:34:29,120 [main] INFO  util.JmxRegister (JmxRegister.java:unregister(73)) - Successfully un-registered JMX Bean with object name Ratis:service=RaftServer,group=group-ECEF00A15356,id=9bb64537-e00f-42df-af41-b182dac1ca30
2019-09-21 02:34:29,120 [ForkJoinPool.commonPool-worker-0] INFO  util.JmxRegister (JmxRegister.java:unregister(73)) - Successfully un-registered JMX Bean with object name Ratis:service=RaftServer,group=group-635FA932FD90,id=4f3ba854-734c-449e-9e69-f2b4bbdaaa6d
2019-09-21 02:34:29,121 [main] INFO  impl.RoleInfo (RoleInfo.java:shutdownFollowerState(121)) - 9bb64537-e00f-42df-af41-b182dac1ca30: shutdown FollowerState
2019-09-21 02:34:29,121 [ForkJoinPool.commonPool-worker-0] INFO  impl.RoleInfo (RoleInfo.java:shutdownFollowerState(121)) - 4f3ba854-734c-449e-9e69-f2b4bbdaaa6d: shutdown FollowerState
2019-09-21 02:34:29,121 [Thread-283] INFO  impl.FollowerState (FollowerState.java:run(115)) - 9bb64537-e00f-42df-af41-b182dac1ca30: FollowerState was interrupted: java.lang.InterruptedException: sleep interrupted
2019-09-21 02:34:29,122 [Thread-281] INFO  impl.FollowerState (FollowerState.java:run(115)) - 4f3ba854-734c-449e-9e69-f2b4bbdaaa6d: FollowerState was interrupted: java.lang.InterruptedException: sleep interrupted
2019-09-21 02:34:29,121 [main] INFO  impl.StateMachineUpdater (StateMachineUpdater.java:stopAndJoin(125)) - 9bb64537-e00f-42df-af41-b182dac1ca30@group-ECEF00A15356-StateMachineUpdater: set stopIndex = -1
2019-09-21 02:34:29,121 [ForkJoinPool.commonPool-worker-0] INFO  impl.StateMachineUpdater (StateMachineUpdater.java:stopAndJoin(125)) - 4f3ba854-734c-449e-9e69-f2b4bbdaaa6d@group-635FA932FD90-StateMachineUpdater: set stopIndex = -1
2019-09-21 02:34:29,124 [main] INFO  impl.RaftServerImpl (ServerState.java:close(385)) - 9bb64537-e00f-42df-af41-b182dac1ca30@group-ECEF00A15356: closes. applyIndex: -1
2019-09-21 02:34:29,124 [ForkJoinPool.commonPool-worker-0] INFO  impl.RaftServerImpl (ServerState.java:close(385)) - 4f3ba854-734c-449e-9e69-f2b4bbdaaa6d@group-635FA932FD90: closes. applyIndex: -1
2019-09-21 02:34:29,124 [9bb64537-e00f-42df-af41-b182dac1ca30@group-ECEF00A15356-SegmentedRaftLogWorker] INFO  segmented.SegmentedRaftLogWorker (SegmentedRaftLogWorker.java:run(313)) - 9bb64537-e00f-42df-af41-b182dac1ca30@group-ECEF00A15356-SegmentedRaftLogWorker was interrupted, exiting. There are 0 tasks remaining in the queue.
2019-09-21 02:34:29,124 [4f3ba854-734c-449e-9e69-f2b4bbdaaa6d@group-635FA932FD90-SegmentedRaftLogWorker] INFO  segmented.SegmentedRaftLogWorker (SegmentedRaftLogWorker.java:run(313)) - 4f3ba854-734c-449e-9e69-f2b4bbdaaa6d@group-635FA932FD90-SegmentedRaftLogWorker was interrupted, exiting. There are 0 tasks remaining in the queue.
2019-09-21 02:34:29,124 [main] INFO  segmented.SegmentedRaftLogWorker (SegmentedRaftLogWorker.java:close(228)) - 9bb64537-e00f-42df-af41-b182dac1ca30@group-ECEF00A15356-SegmentedRaftLogWorker close()
2019-09-21 02:34:29,125 [ForkJoinPool.commonPool-worker-0] INFO  segmented.SegmentedRaftLogWorker (SegmentedRaftLogWorker.java:close(228)) - 4f3ba854-734c-449e-9e69-f2b4bbdaaa6d@group-635FA932FD90-SegmentedRaftLogWorker close()
2019-09-21 02:34:29,126 [main] INFO  server.GrpcService (GrpcService.java:closeImpl(164)) - 9bb64537-e00f-42df-af41-b182dac1ca30: shutdown server with port 37758 now
2019-09-21 02:34:29,128 [ForkJoinPool.commonPool-worker-0] INFO  impl.RaftServerImpl (RaftServerImpl.java:lambda$shutdown$3(251)) - 4f3ba854-734c-449e-9e69-f2b4bbdaaa6d@group-ECEF00A15356: shutdown
2019-09-21 02:34:29,128 [ForkJoinPool.commonPool-worker-0] INFO  util.JmxRegister (JmxRegister.java:unregister(73)) - Successfully un-registered JMX Bean with object name Ratis:service=RaftServer,group=group-ECEF00A15356,id=4f3ba854-734c-449e-9e69-f2b4bbdaaa6d
2019-09-21 02:34:29,129 [ForkJoinPool.commonPool-worker-0] INFO  impl.RoleInfo (RoleInfo.java:shutdownFollowerState(121)) - 4f3ba854-734c-449e-9e69-f2b4bbdaaa6d: shutdown FollowerState
2019-09-21 02:34:29,129 [ForkJoinPool.commonPool-worker-0] INFO  impl.StateMachineUpdater (StateMachineUpdater.java:stopAndJoin(125)) - 4f3ba854-734c-449e-9e69-f2b4bbdaaa6d@group-ECEF00A15356-StateMachineUpdater: set stopIndex = -1
2019-09-21 02:34:29,129 [Thread-279] INFO  impl.FollowerState (FollowerState.java:run(115)) - 4f3ba854-734c-449e-9e69-f2b4bbdaaa6d: FollowerState was interrupted: java.lang.InterruptedException: sleep interrupted
2019-09-21 02:34:29,129 [ForkJoinPool.commonPool-worker-0] INFO  impl.RaftServerImpl (ServerState.java:close(385)) - 4f3ba854-734c-449e-9e69-f2b4bbdaaa6d@group-ECEF00A15356: closes. applyIndex: -1
2019-09-21 02:34:29,130 [4f3ba854-734c-449e-9e69-f2b4bbdaaa6d@group-ECEF00A15356-SegmentedRaftLogWorker] INFO  segmented.SegmentedRaftLogWorker (SegmentedRaftLogWorker.java:run(313)) - 4f3ba854-734c-449e-9e69-f2b4bbdaaa6d@group-ECEF00A15356-SegmentedRaftLogWorker was interrupted, exiting. There are 0 tasks remaining in the queue.
2019-09-21 02:34:29,130 [main] INFO  server.GrpcService (GrpcService.java:closeImpl(172)) - 9bb64537-e00f-42df-af41-b182dac1ca30: shutdown server with port 37758 successfully
2019-09-21 02:34:29,130 [ForkJoinPool.commonPool-worker-0] INFO  segmented.SegmentedRaftLogWorker (SegmentedRaftLogWorker.java:close(228)) - 4f3ba854-734c-449e-9e69-f2b4bbdaaa6d@group-ECEF00A15356-SegmentedRaftLogWorker close()
2019-09-21 02:34:29,134 [ForkJoinPool.commonPool-worker-0] INFO  server.GrpcService (GrpcService.java:closeImpl(164)) - 4f3ba854-734c-449e-9e69-f2b4bbdaaa6d: shutdown server with port 35128 now
2019-09-21 02:34:29,141 [refreshUsed-/workdir/hadoop-ozone/integration-test/target/test-dir/MiniOzoneClusterImpl-c75db70a-b38d-4491-876a-314fea4a50b4/datanode-4/data/containers] WARN  fs.CachingGetSpaceUsed (CachingGetSpaceUsed.java:run(183)) - Thread Interrupted waiting to refresh disk information: sleep interrupted
2019-09-21 02:34:29,143 [ForkJoinPool.commonPool-worker-0] INFO  server.GrpcService (GrpcService.java:closeImpl(172)) - 4f3ba854-734c-449e-9e69-f2b4bbdaaa6d: shutdown server with port 35128 successfully
2019-09-21 02:34:29,147 [refreshUsed-/workdir/hadoop-ozone/integration-test/target/test-dir/MiniOzoneClusterImpl-c75db70a-b38d-4491-876a-314fea4a50b4/datanode-0/data/containers] WARN  fs.CachingGetSpaceUsed (CachingGetSpaceUsed.java:run(183)) - Thread Interrupted waiting to refresh disk information: sleep interrupted
2019-09-21 02:34:29,164 [main] INFO  utils.BackgroundService (BackgroundService.java:shutdown(148)) - Shutting down service BlockDeletingService
2019-09-21 02:34:29,167 [main] INFO  statemachine.DatanodeStateMachine (DatanodeStateMachine.java:stopDaemon(395)) - Ozone container server stopped.
2019-09-21 02:34:29,169 [main] INFO  handler.ContextHandler (ContextHandler.java:doStop(910)) - Stopped o.e.j.w.WebAppContext@291373d3{/,null,UNAVAILABLE}{/hddsDatanode}
2019-09-21 02:34:29,170 [main] INFO  server.AbstractConnector (AbstractConnector.java:doStop(318)) - Stopped ServerConnector@372ca2d6{HTTP/1.1,[http/1.1]}{0.0.0.0:0}
2019-09-21 02:34:29,170 [main] INFO  handler.ContextHandler (ContextHandler.java:doStop(910)) - Stopped o.e.j.s.ServletContextHandler@2f4c2cd4{/static,jar:file:/home/user/.m2/repository/org/apache/hadoop/hadoop-hdds-container-service/0.5.0-SNAPSHOT/hadoop-hdds-container-service-0.5.0-SNAPSHOT.jar!/webapps/static,UNAVAILABLE}
2019-09-21 02:34:29,171 [main] INFO  handler.ContextHandler (ContextHandler.java:doStop(910)) - Stopped o.e.j.s.ServletContextHandler@58f39564{/logs,file:///workdir/hadoop-ozone/integration-test/target/log,UNAVAILABLE}
2019-09-21 02:34:29,171 [ForkJoinPool.commonPool-worker-0] INFO  utils.BackgroundService (BackgroundService.java:shutdown(148)) - Shutting down service BlockDeletingService
2019-09-21 02:34:29,173 [ForkJoinPool.commonPool-worker-0] INFO  statemachine.DatanodeStateMachine (DatanodeStateMachine.java:stopDaemon(395)) - Ozone container server stopped.
2019-09-21 02:34:29,176 [ForkJoinPool.commonPool-worker-0] INFO  handler.ContextHandler (ContextHandler.java:doStop(910)) - Stopped o.e.j.w.WebAppContext@60bbacfc{/,null,UNAVAILABLE}{/hddsDatanode}
2019-09-21 02:34:29,177 [ForkJoinPool.commonPool-worker-0] INFO  server.AbstractConnector (AbstractConnector.java:doStop(318)) - Stopped ServerConnector@65b97f47{HTTP/1.1,[http/1.1]}{0.0.0.0:0}
2019-09-21 02:34:29,178 [ForkJoinPool.commonPool-worker-0] INFO  handler.ContextHandler (ContextHandler.java:doStop(910)) - Stopped o.e.j.s.ServletContextHandler@262816a8{/static,jar:file:/home/user/.m2/repository/org/apache/hadoop/hadoop-hdds-container-service/0.5.0-SNAPSHOT/hadoop-hdds-container-service-0.5.0-SNAPSHOT.jar!/webapps/static,UNAVAILABLE}
2019-09-21 02:34:29,179 [ForkJoinPool.commonPool-worker-0] INFO  handler.ContextHandler (ContextHandler.java:doStop(910)) - Stopped o.e.j.s.ServletContextHandler@60f70249{/logs,file:///workdir/hadoop-ozone/integration-test/target/log,UNAVAILABLE}
2019-09-21 02:34:29,728 [Datanode State Machine Thread - 0] INFO  statemachine.DatanodeStateMachine (DatanodeStateMachine.java:lambda$startDaemon$0(350)) - Ozone container server started.
2019-09-21 02:34:32,556 [Thread-287] INFO  impl.FollowerState (FollowerState.java:run(106)) - 88a587d4-13ec-4b84-86b6-600ae54e939b:group-635FA932FD90 changes to CANDIDATE, lastRpcTime:5038, electionTimeout:5038ms
2019-09-21 02:34:32,557 [Thread-287] INFO  impl.RoleInfo (RoleInfo.java:shutdownFollowerState(121)) - 88a587d4-13ec-4b84-86b6-600ae54e939b: shutdown FollowerState
2019-09-21 02:34:32,557 [Thread-287] INFO  impl.RaftServerImpl (RaftServerImpl.java:setRole(174)) - 88a587d4-13ec-4b84-86b6-600ae54e939b@group-635FA932FD90: changes role from  FOLLOWER to CANDIDATE at term 1 for changeToCandidate
2019-09-21 02:34:32,557 [Thread-287] INFO  impl.RoleInfo (RoleInfo.java:updateAndGet(143)) - 88a587d4-13ec-4b84-86b6-600ae54e939b: start LeaderElection
2019-09-21 02:34:32,680 [Thread-286] INFO  impl.FollowerState (FollowerState.java:run(106)) - 88a587d4-13ec-4b84-86b6-600ae54e939b:group-ECEF00A15356 changes to CANDIDATE, lastRpcTime:5161, electionTimeout:5161ms
2019-09-21 02:34:32,680 [Thread-286] INFO  impl.RoleInfo (RoleInfo.java:shutdownFollowerState(121)) - 88a587d4-13ec-4b84-86b6-600ae54e939b: shutdown FollowerState
2019-09-21 02:34:32,680 [Thread-286] INFO  impl.RaftServerImpl (RaftServerImpl.java:setRole(174)) - 88a587d4-13ec-4b84-86b6-600ae54e939b@group-ECEF00A15356: changes role from  FOLLOWER to CANDIDATE at term 1 for changeToCandidate
2019-09-21 02:34:32,680 [Thread-286] INFO  impl.RoleInfo (RoleInfo.java:updateAndGet(143)) - 88a587d4-13ec-4b84-86b6-600ae54e939b: start LeaderElection
2019-09-21 02:34:32,712 [Thread-285] INFO  impl.FollowerState (FollowerState.java:run(106)) - 88a587d4-13ec-4b84-86b6-600ae54e939b:group-8CA1983F9E13 changes to CANDIDATE, lastRpcTime:5194, electionTimeout:5194ms
2019-09-21 02:34:32,712 [Thread-285] INFO  impl.RoleInfo (RoleInfo.java:shutdownFollowerState(121)) - 88a587d4-13ec-4b84-86b6-600ae54e939b: shutdown FollowerState
2019-09-21 02:34:32,712 [Thread-285] INFO  impl.RaftServerImpl (RaftServerImpl.java:setRole(174)) - 88a587d4-13ec-4b84-86b6-600ae54e939b@group-8CA1983F9E13: changes role from  FOLLOWER to CANDIDATE at term 1 for changeToCandidate
2019-09-21 02:34:32,712 [Thread-285] INFO  impl.RoleInfo (RoleInfo.java:updateAndGet(143)) - 88a587d4-13ec-4b84-86b6-600ae54e939b: start LeaderElection
2019-09-21 02:34:33,580 [88a587d4-13ec-4b84-86b6-600ae54e939b@group-ECEF00A15356:LeaderElection14] INFO  impl.LeaderElection (LeaderElection.java:askForVotes(182)) - 88a587d4-13ec-4b84-86b6-600ae54e939b@group-ECEF00A15356:LeaderElection14: begin an election at term 2 for -1: [9bb64537-e00f-42df-af41-b182dac1ca30:192.168.36.72:37758, 88a587d4-13ec-4b84-86b6-600ae54e939b:192.168.36.72:45796, 4f3ba854-734c-449e-9e69-f2b4bbdaaa6d:192.168.36.72:35128], old=null
2019-09-21 02:34:33,580 [88a587d4-13ec-4b84-86b6-600ae54e939b@group-635FA932FD90:LeaderElection13] INFO  impl.LeaderElection (LeaderElection.java:askForVotes(182)) - 88a587d4-13ec-4b84-86b6-600ae54e939b@group-635FA932FD90:LeaderElection13: begin an election at term 2 for -1: [9bb64537-e00f-42df-af41-b182dac1ca30:192.168.36.72:37758, 88a587d4-13ec-4b84-86b6-600ae54e939b:192.168.36.72:45796, 4f3ba854-734c-449e-9e69-f2b4bbdaaa6d:192.168.36.72:35128], old=null
2019-09-21 02:34:33,580 [88a587d4-13ec-4b84-86b6-600ae54e939b@group-8CA1983F9E13:LeaderElection15] INFO  impl.LeaderElection (LeaderElection.java:askForVotes(182)) - 88a587d4-13ec-4b84-86b6-600ae54e939b@group-8CA1983F9E13:LeaderElection15: begin an election at term 2 for -1: [9bb64537-e00f-42df-af41-b182dac1ca30:192.168.36.72:37758, 88a587d4-13ec-4b84-86b6-600ae54e939b:192.168.36.72:45796, 4f3ba854-734c-449e-9e69-f2b4bbdaaa6d:192.168.36.72:35128], old=null
2019-09-21 02:34:33,593 [88a587d4-13ec-4b84-86b6-600ae54e939b@group-635FA932FD90:LeaderElection13] INFO  impl.LeaderElection (LogUtils.java:infoOrTrace(149)) - 88a587d4-13ec-4b84-86b6-600ae54e939b@group-635FA932FD90:LeaderElection13 got exception when requesting votes: {}
java.util.concurrent.ExecutionException: org.apache.ratis.thirdparty.io.grpc.StatusRuntimeException: UNAVAILABLE: io exception
	at java.util.concurrent.FutureTask.report(FutureTask.java:122)
	at java.util.concurrent.FutureTask.get(FutureTask.java:192)
	at org.apache.ratis.server.impl.LeaderElection.waitForResults(LeaderElection.java:263)
	at org.apache.ratis.server.impl.LeaderElection.askForVotes(LeaderElection.java:201)
	at org.apache.ratis.server.impl.LeaderElection.run(LeaderElection.java:133)
	at java.lang.Thread.run(Thread.java:748)
Caused by: org.apache.ratis.thirdparty.io.grpc.StatusRuntimeException: UNAVAILABLE: io exception
	at org.apache.ratis.thirdparty.io.grpc.stub.ClientCalls.toStatusRuntimeException(ClientCalls.java:233)
	at org.apache.ratis.thirdparty.io.grpc.stub.ClientCalls.getUnchecked(ClientCalls.java:214)
	at org.apache.ratis.thirdparty.io.grpc.stub.ClientCalls.blockingUnaryCall(ClientCalls.java:139)
	at org.apache.ratis.proto.grpc.RaftServerProtocolServiceGrpc$RaftServerProtocolServiceBlockingStub.requestVote(RaftServerProtocolServiceGrpc.java:265)
	at org.apache.ratis.grpc.server.GrpcServerProtocolClient.requestVote(GrpcServerProtocolClient.java:90)
	at org.apache.ratis.grpc.server.GrpcService.requestVote(GrpcService.java:204)
	at org.apache.ratis.server.impl.LeaderElection.lambda$submitRequests$1(LeaderElection.java:238)
	at java.util.concurrent.FutureTask.run(FutureTask.java:266)
	at java.util.concurrent.Executors$RunnableAdapter.call(Executors.java:511)
	at java.util.concurrent.FutureTask.run(FutureTask.java:266)
	at java.util.concurrent.ThreadPoolExecutor.runWorker(ThreadPoolExecutor.java:1149)
	at java.util.concurrent.ThreadPoolExecutor$Worker.run(ThreadPoolExecutor.java:624)
	... 1 more
Caused by: org.apache.ratis.thirdparty.io.netty.channel.AbstractChannel$AnnotatedConnectException: Connection refused: /192.168.36.72:37758
	at sun.nio.ch.SocketChannelImpl.checkConnect(Native Method)
	at sun.nio.ch.SocketChannelImpl.finishConnect(SocketChannelImpl.java:717)
	at org.apache.ratis.thirdparty.io.netty.channel.socket.nio.NioSocketChannel.doFinishConnect(NioSocketChannel.java:327)
	at org.apache.ratis.thirdparty.io.netty.channel.nio.AbstractNioChannel$AbstractNioUnsafe.finishConnect(AbstractNioChannel.java:340)
	at org.apache.ratis.thirdparty.io.netty.channel.nio.NioEventLoop.processSelectedKey(NioEventLoop.java:632)
	at org.apache.ratis.thirdparty.io.netty.channel.nio.NioEventLoop.processSelectedKeysOptimized(NioEventLoop.java:579)
	at org.apache.ratis.thirdparty.io.netty.channel.nio.NioEventLoop.processSelectedKeys(NioEventLoop.java:496)
	at org.apache.ratis.thirdparty.io.netty.channel.nio.NioEventLoop.run(NioEventLoop.java:458)
	at org.apache.ratis.thirdparty.io.netty.util.concurrent.SingleThreadEventExecutor$5.run(SingleThreadEventExecutor.java:897)
	at org.apache.ratis.thirdparty.io.netty.util.concurrent.FastThreadLocalRunnable.run(FastThreadLocalRunnable.java:30)
	... 1 more
Caused by: java.net.ConnectException: Connection refused
	... 11 more
2019-09-21 02:34:33,593 [88a587d4-13ec-4b84-86b6-600ae54e939b@group-ECEF00A15356:LeaderElection14] INFO  impl.LeaderElection (LogUtils.java:infoOrTrace(149)) - 88a587d4-13ec-4b84-86b6-600ae54e939b@group-ECEF00A15356:LeaderElection14 got exception when requesting votes: {}
java.util.concurrent.ExecutionException: org.apache.ratis.thirdparty.io.grpc.StatusRuntimeException: UNAVAILABLE: io exception
	at java.util.concurrent.FutureTask.report(FutureTask.java:122)
	at java.util.concurrent.FutureTask.get(FutureTask.java:192)
	at org.apache.ratis.server.impl.LeaderElection.waitForResults(LeaderElection.java:263)
	at org.apache.ratis.server.impl.LeaderElection.askForVotes(LeaderElection.java:201)
	at org.apache.ratis.server.impl.LeaderElection.run(LeaderElection.java:133)
	at java.lang.Thread.run(Thread.java:748)
Caused by: org.apache.ratis.thirdparty.io.grpc.StatusRuntimeException: UNAVAILABLE: io exception
	at org.apache.ratis.thirdparty.io.grpc.stub.ClientCalls.toStatusRuntimeException(ClientCalls.java:233)
	at org.apache.ratis.thirdparty.io.grpc.stub.ClientCalls.getUnchecked(ClientCalls.java:214)
	at org.apache.ratis.thirdparty.io.grpc.stub.ClientCalls.blockingUnaryCall(ClientCalls.java:139)
	at org.apache.ratis.proto.grpc.RaftServerProtocolServiceGrpc$RaftServerProtocolServiceBlockingStub.requestVote(RaftServerProtocolServiceGrpc.java:265)
	at org.apache.ratis.grpc.server.GrpcServerProtocolClient.requestVote(GrpcServerProtocolClient.java:90)
	at org.apache.ratis.grpc.server.GrpcService.requestVote(GrpcService.java:204)
	at org.apache.ratis.server.impl.LeaderElection.lambda$submitRequests$1(LeaderElection.java:238)
	at java.util.concurrent.FutureTask.run(FutureTask.java:266)
	at java.util.concurrent.Executors$RunnableAdapter.call(Executors.java:511)
	at java.util.concurrent.FutureTask.run(FutureTask.java:266)
	at java.util.concurrent.ThreadPoolExecutor.runWorker(ThreadPoolExecutor.java:1149)
	at java.util.concurrent.ThreadPoolExecutor$Worker.run(ThreadPoolExecutor.java:624)
	... 1 more
Caused by: org.apache.ratis.thirdparty.io.netty.channel.AbstractChannel$AnnotatedConnectException: Connection refused: /192.168.36.72:35128
	at sun.nio.ch.SocketChannelImpl.checkConnect(Native Method)
	at sun.nio.ch.SocketChannelImpl.finishConnect(SocketChannelImpl.java:717)
	at org.apache.ratis.thirdparty.io.netty.channel.socket.nio.NioSocketChannel.doFinishConnect(NioSocketChannel.java:327)
	at org.apache.ratis.thirdparty.io.netty.channel.nio.AbstractNioChannel$AbstractNioUnsafe.finishConnect(AbstractNioChannel.java:340)
	at org.apache.ratis.thirdparty.io.netty.channel.nio.NioEventLoop.processSelectedKey(NioEventLoop.java:632)
	at org.apache.ratis.thirdparty.io.netty.channel.nio.NioEventLoop.processSelectedKeysOptimized(NioEventLoop.java:579)
	at org.apache.ratis.thirdparty.io.netty.channel.nio.NioEventLoop.processSelectedKeys(NioEventLoop.java:496)
	at org.apache.ratis.thirdparty.io.netty.channel.nio.NioEventLoop.run(NioEventLoop.java:458)
	at org.apache.ratis.thirdparty.io.netty.util.concurrent.SingleThreadEventExecutor$5.run(SingleThreadEventExecutor.java:897)
	at org.apache.ratis.thirdparty.io.netty.util.concurrent.FastThreadLocalRunnable.run(FastThreadLocalRunnable.java:30)
	... 1 more
Caused by: java.net.ConnectException: Connection refused
	... 11 more
2019-09-21 02:34:33,593 [88a587d4-13ec-4b84-86b6-600ae54e939b@group-8CA1983F9E13:LeaderElection15] INFO  impl.LeaderElection (LogUtils.java:infoOrTrace(149)) - 88a587d4-13ec-4b84-86b6-600ae54e939b@group-8CA1983F9E13:LeaderElection15 got exception when requesting votes: {}
java.util.concurrent.ExecutionException: org.apache.ratis.thirdparty.io.grpc.StatusRuntimeException: UNAVAILABLE: io exception
	at java.util.concurrent.FutureTask.report(FutureTask.java:122)
	at java.util.concurrent.FutureTask.get(FutureTask.java:192)
	at org.apache.ratis.server.impl.LeaderElection.waitForResults(LeaderElection.java:263)
	at org.apache.ratis.server.impl.LeaderElection.askForVotes(LeaderElection.java:201)
	at org.apache.ratis.server.impl.LeaderElection.run(LeaderElection.java:133)
	at java.lang.Thread.run(Thread.java:748)
Caused by: org.apache.ratis.thirdparty.io.grpc.StatusRuntimeException: UNAVAILABLE: io exception
	at org.apache.ratis.thirdparty.io.grpc.stub.ClientCalls.toStatusRuntimeException(ClientCalls.java:233)
	at org.apache.ratis.thirdparty.io.grpc.stub.ClientCalls.getUnchecked(ClientCalls.java:214)
	at org.apache.ratis.thirdparty.io.grpc.stub.ClientCalls.blockingUnaryCall(ClientCalls.java:139)
	at org.apache.ratis.proto.grpc.RaftServerProtocolServiceGrpc$RaftServerProtocolServiceBlockingStub.requestVote(RaftServerProtocolServiceGrpc.java:265)
	at org.apache.ratis.grpc.server.GrpcServerProtocolClient.requestVote(GrpcServerProtocolClient.java:90)
	at org.apache.ratis.grpc.server.GrpcService.requestVote(GrpcService.java:204)
	at org.apache.ratis.server.impl.LeaderElection.lambda$submitRequests$1(LeaderElection.java:238)
	at java.util.concurrent.FutureTask.run(FutureTask.java:266)
	at java.util.concurrent.Executors$RunnableAdapter.call(Executors.java:511)
	at java.util.concurrent.FutureTask.run(FutureTask.java:266)
	at java.util.concurrent.ThreadPoolExecutor.runWorker(ThreadPoolExecutor.java:1149)
	at java.util.concurrent.ThreadPoolExecutor$Worker.run(ThreadPoolExecutor.java:624)
	... 1 more
Caused by: org.apache.ratis.thirdparty.io.netty.channel.AbstractChannel$AnnotatedConnectException: Connection refused: /192.168.36.72:37758
	at sun.nio.ch.SocketChannelImpl.checkConnect(Native Method)
	at sun.nio.ch.SocketChannelImpl.finishConnect(SocketChannelImpl.java:717)
	at org.apache.ratis.thirdparty.io.netty.channel.socket.nio.NioSocketChannel.doFinishConnect(NioSocketChannel.java:327)
	at org.apache.ratis.thirdparty.io.netty.channel.nio.AbstractNioChannel$AbstractNioUnsafe.finishConnect(AbstractNioChannel.java:340)
	at org.apache.ratis.thirdparty.io.netty.channel.nio.NioEventLoop.processSelectedKey(NioEventLoop.java:632)
	at org.apache.ratis.thirdparty.io.netty.channel.nio.NioEventLoop.processSelectedKeysOptimized(NioEventLoop.java:579)
	at org.apache.ratis.thirdparty.io.netty.channel.nio.NioEventLoop.processSelectedKeys(NioEventLoop.java:496)
	at org.apache.ratis.thirdparty.io.netty.channel.nio.NioEventLoop.run(NioEventLoop.java:458)
	at org.apache.ratis.thirdparty.io.netty.util.concurrent.SingleThreadEventExecutor$5.run(SingleThreadEventExecutor.java:897)
	at org.apache.ratis.thirdparty.io.netty.util.concurrent.FastThreadLocalRunnable.run(FastThreadLocalRunnable.java:30)
	... 1 more
Caused by: java.net.ConnectException: Connection refused
	... 11 more
2019-09-21 02:34:33,596 [88a587d4-13ec-4b84-86b6-600ae54e939b@group-ECEF00A15356:LeaderElection14] INFO  impl.LeaderElection (LogUtils.java:infoOrTrace(149)) - 88a587d4-13ec-4b84-86b6-600ae54e939b@group-ECEF00A15356:LeaderElection14 got exception when requesting votes: {}
java.util.concurrent.ExecutionException: org.apache.ratis.thirdparty.io.grpc.StatusRuntimeException: UNAVAILABLE: io exception
	at java.util.concurrent.FutureTask.report(FutureTask.java:122)
	at java.util.concurrent.FutureTask.get(FutureTask.java:192)
	at org.apache.ratis.server.impl.LeaderElection.waitForResults(LeaderElection.java:263)
	at org.apache.ratis.server.impl.LeaderElection.askForVotes(LeaderElection.java:201)
	at org.apache.ratis.server.impl.LeaderElection.run(LeaderElection.java:133)
	at java.lang.Thread.run(Thread.java:748)
Caused by: org.apache.ratis.thirdparty.io.grpc.StatusRuntimeException: UNAVAILABLE: io exception
	at org.apache.ratis.thirdparty.io.grpc.stub.ClientCalls.toStatusRuntimeException(ClientCalls.java:233)
	at org.apache.ratis.thirdparty.io.grpc.stub.ClientCalls.getUnchecked(ClientCalls.java:214)
	at org.apache.ratis.thirdparty.io.grpc.stub.ClientCalls.blockingUnaryCall(ClientCalls.java:139)
	at org.apache.ratis.proto.grpc.RaftServerProtocolServiceGrpc$RaftServerProtocolServiceBlockingStub.requestVote(RaftServerProtocolServiceGrpc.java:265)
	at org.apache.ratis.grpc.server.GrpcServerProtocolClient.requestVote(GrpcServerProtocolClient.java:90)
	at org.apache.ratis.grpc.server.GrpcService.requestVote(GrpcService.java:204)
	at org.apache.ratis.server.impl.LeaderElection.lambda$submitRequests$1(LeaderElection.java:238)
	at java.util.concurrent.FutureTask.run(FutureTask.java:266)
	at java.util.concurrent.Executors$RunnableAdapter.call(Executors.java:511)
	at java.util.concurrent.FutureTask.run(FutureTask.java:266)
	at java.util.concurrent.ThreadPoolExecutor.runWorker(ThreadPoolExecutor.java:1149)
	at java.util.concurrent.ThreadPoolExecutor$Worker.run(ThreadPoolExecutor.java:624)
	... 1 more
Caused by: org.apache.ratis.thirdparty.io.netty.channel.AbstractChannel$AnnotatedConnectException: Connection refused: /192.168.36.72:37758
	at sun.nio.ch.SocketChannelImpl.checkConnect(Native Method)
	at sun.nio.ch.SocketChannelImpl.finishConnect(SocketChannelImpl.java:717)
	at org.apache.ratis.thirdparty.io.netty.channel.socket.nio.NioSocketChannel.doFinishConnect(NioSocketChannel.java:327)
	at org.apache.ratis.thirdparty.io.netty.channel.nio.AbstractNioChannel$AbstractNioUnsafe.finishConnect(AbstractNioChannel.java:340)
	at org.apache.ratis.thirdparty.io.netty.channel.nio.NioEventLoop.processSelectedKey(NioEventLoop.java:632)
	at org.apache.ratis.thirdparty.io.netty.channel.nio.NioEventLoop.processSelectedKeysOptimized(NioEventLoop.java:579)
	at org.apache.ratis.thirdparty.io.netty.channel.nio.NioEventLoop.processSelectedKeys(NioEventLoop.java:496)
	at org.apache.ratis.thirdparty.io.netty.channel.nio.NioEventLoop.run(NioEventLoop.java:458)
	at org.apache.ratis.thirdparty.io.netty.util.concurrent.SingleThreadEventExecutor$5.run(SingleThreadEventExecutor.java:897)
	at org.apache.ratis.thirdparty.io.netty.util.concurrent.FastThreadLocalRunnable.run(FastThreadLocalRunnable.java:30)
	... 1 more
Caused by: java.net.ConnectException: Connection refused
	... 11 more
2019-09-21 02:34:33,595 [88a587d4-13ec-4b84-86b6-600ae54e939b@group-635FA932FD90:LeaderElection13] INFO  impl.LeaderElection (LogUtils.java:infoOrTrace(149)) - 88a587d4-13ec-4b84-86b6-600ae54e939b@group-635FA932FD90:LeaderElection13 got exception when requesting votes: {}
java.util.concurrent.ExecutionException: org.apache.ratis.thirdparty.io.grpc.StatusRuntimeException: UNAVAILABLE: io exception
	at java.util.concurrent.FutureTask.report(FutureTask.java:122)
	at java.util.concurrent.FutureTask.get(FutureTask.java:192)
	at org.apache.ratis.server.impl.LeaderElection.waitForResults(LeaderElection.java:263)
	at org.apache.ratis.server.impl.LeaderElection.askForVotes(LeaderElection.java:201)
	at org.apache.ratis.server.impl.LeaderElection.run(LeaderElection.java:133)
	at java.lang.Thread.run(Thread.java:748)
Caused by: org.apache.ratis.thirdparty.io.grpc.StatusRuntimeException: UNAVAILABLE: io exception
	at org.apache.ratis.thirdparty.io.grpc.stub.ClientCalls.toStatusRuntimeException(ClientCalls.java:233)
	at org.apache.ratis.thirdparty.io.grpc.stub.ClientCalls.getUnchecked(ClientCalls.java:214)
	at org.apache.ratis.thirdparty.io.grpc.stub.ClientCalls.blockingUnaryCall(ClientCalls.java:139)
	at org.apache.ratis.proto.grpc.RaftServerProtocolServiceGrpc$RaftServerProtocolServiceBlockingStub.requestVote(RaftServerProtocolServiceGrpc.java:265)
	at org.apache.ratis.grpc.server.GrpcServerProtocolClient.requestVote(GrpcServerProtocolClient.java:90)
	at org.apache.ratis.grpc.server.GrpcService.requestVote(GrpcService.java:204)
	at org.apache.ratis.server.impl.LeaderElection.lambda$submitRequests$1(LeaderElection.java:238)
	at java.util.concurrent.FutureTask.run(FutureTask.java:266)
	at java.util.concurrent.Executors$RunnableAdapter.call(Executors.java:511)
	at java.util.concurrent.FutureTask.run(FutureTask.java:266)
	at java.util.concurrent.ThreadPoolExecutor.runWorker(ThreadPoolExecutor.java:1149)
	at java.util.concurrent.ThreadPoolExecutor$Worker.run(ThreadPoolExecutor.java:624)
	... 1 more
Caused by: org.apache.ratis.thirdparty.io.netty.channel.AbstractChannel$AnnotatedConnectException: Connection refused: /192.168.36.72:35128
	at sun.nio.ch.SocketChannelImpl.checkConnect(Native Method)
	at sun.nio.ch.SocketChannelImpl.finishConnect(SocketChannelImpl.java:717)
	at org.apache.ratis.thirdparty.io.netty.channel.socket.nio.NioSocketChannel.doFinishConnect(NioSocketChannel.java:327)
	at org.apache.ratis.thirdparty.io.netty.channel.nio.AbstractNioChannel$AbstractNioUnsafe.finishConnect(AbstractNioChannel.java:340)
	at org.apache.ratis.thirdparty.io.netty.channel.nio.NioEventLoop.processSelectedKey(NioEventLoop.java:632)
	at org.apache.ratis.thirdparty.io.netty.channel.nio.NioEventLoop.processSelectedKeysOptimized(NioEventLoop.java:579)
	at org.apache.ratis.thirdparty.io.netty.channel.nio.NioEventLoop.processSelectedKeys(NioEventLoop.java:496)
	at org.apache.ratis.thirdparty.io.netty.channel.nio.NioEventLoop.run(NioEventLoop.java:458)
	at org.apache.ratis.thirdparty.io.netty.util.concurrent.SingleThreadEventExecutor$5.run(SingleThreadEventExecutor.java:897)
	at org.apache.ratis.thirdparty.io.netty.util.concurrent.FastThreadLocalRunnable.run(FastThreadLocalRunnable.java:30)
	... 1 more
Caused by: java.net.ConnectException: Connection refused
	... 11 more
2019-09-21 02:34:33,598 [88a587d4-13ec-4b84-86b6-600ae54e939b@group-ECEF00A15356:LeaderElection14] INFO  impl.LeaderElection (LeaderElection.java:logAndReturn(56)) - 88a587d4-13ec-4b84-86b6-600ae54e939b@group-ECEF00A15356:LeaderElection14: Election REJECTED; received 0 response(s) [] and 2 exception(s); 88a587d4-13ec-4b84-86b6-600ae54e939b@group-ECEF00A15356:t2, leader=null, voted=88a587d4-13ec-4b84-86b6-600ae54e939b, raftlog=88a587d4-13ec-4b84-86b6-600ae54e939b@group-ECEF00A15356-SegmentedRaftLog:OPENED:c-1,f-1,i0, conf=-1: [9bb64537-e00f-42df-af41-b182dac1ca30:192.168.36.72:37758, 88a587d4-13ec-4b84-86b6-600ae54e939b:192.168.36.72:45796, 4f3ba854-734c-449e-9e69-f2b4bbdaaa6d:192.168.36.72:35128], old=null
2019-09-21 02:34:33,597 [88a587d4-13ec-4b84-86b6-600ae54e939b@group-8CA1983F9E13:LeaderElection15] INFO  impl.LeaderElection (LogUtils.java:infoOrTrace(149)) - 88a587d4-13ec-4b84-86b6-600ae54e939b@group-8CA1983F9E13:LeaderElection15 got exception when requesting votes: {}
java.util.concurrent.ExecutionException: org.apache.ratis.thirdparty.io.grpc.StatusRuntimeException: UNAVAILABLE: io exception
	at java.util.concurrent.FutureTask.report(FutureTask.java:122)
	at java.util.concurrent.FutureTask.get(FutureTask.java:192)
	at org.apache.ratis.server.impl.LeaderElection.waitForResults(LeaderElection.java:263)
	at org.apache.ratis.server.impl.LeaderElection.askForVotes(LeaderElection.java:201)
	at org.apache.ratis.server.impl.LeaderElection.run(LeaderElection.java:133)
	at java.lang.Thread.run(Thread.java:748)
Caused by: org.apache.ratis.thirdparty.io.grpc.StatusRuntimeException: UNAVAILABLE: io exception
	at org.apache.ratis.thirdparty.io.grpc.stub.ClientCalls.toStatusRuntimeException(ClientCalls.java:233)
	at org.apache.ratis.thirdparty.io.grpc.stub.ClientCalls.getUnchecked(ClientCalls.java:214)
	at org.apache.ratis.thirdparty.io.grpc.stub.ClientCalls.blockingUnaryCall(ClientCalls.java:139)
	at org.apache.ratis.proto.grpc.RaftServerProtocolServiceGrpc$RaftServerProtocolServiceBlockingStub.requestVote(RaftServerProtocolServiceGrpc.java:265)
	at org.apache.ratis.grpc.server.GrpcServerProtocolClient.requestVote(GrpcServerProtocolClient.java:90)
	at org.apache.ratis.grpc.server.GrpcService.requestVote(GrpcService.java:204)
	at org.apache.ratis.server.impl.LeaderElection.lambda$submitRequests$1(LeaderElection.java:238)
	at java.util.concurrent.FutureTask.run(FutureTask.java:266)
	at java.util.concurrent.Executors$RunnableAdapter.call(Executors.java:511)
	at java.util.concurrent.FutureTask.run(FutureTask.java:266)
	at java.util.concurrent.ThreadPoolExecutor.runWorker(ThreadPoolExecutor.java:1149)
	at java.util.concurrent.ThreadPoolExecutor$Worker.run(ThreadPoolExecutor.java:624)
	... 1 more
Caused by: org.apache.ratis.thirdparty.io.netty.channel.AbstractChannel$AnnotatedConnectException: Connection refused: /192.168.36.72:35128
	at sun.nio.ch.SocketChannelImpl.checkConnect(Native Method)
	at sun.nio.ch.SocketChannelImpl.finishConnect(SocketChannelImpl.java:717)
	at org.apache.ratis.thirdparty.io.netty.channel.socket.nio.NioSocketChannel.doFinishConnect(NioSocketChannel.java:327)
	at org.apache.ratis.thirdparty.io.netty.channel.nio.AbstractNioChannel$AbstractNioUnsafe.finishConnect(AbstractNioChannel.java:340)
	at org.apache.ratis.thirdparty.io.netty.channel.nio.NioEventLoop.processSelectedKey(NioEventLoop.java:632)
	at org.apache.ratis.thirdparty.io.netty.channel.nio.NioEventLoop.processSelectedKeysOptimized(NioEventLoop.java:579)
	at org.apache.ratis.thirdparty.io.netty.channel.nio.NioEventLoop.processSelectedKeys(NioEventLoop.java:496)
	at org.apache.ratis.thirdparty.io.netty.channel.nio.NioEventLoop.run(NioEventLoop.java:458)
	at org.apache.ratis.thirdparty.io.netty.util.concurrent.SingleThreadEventExecutor$5.run(SingleThreadEventExecutor.java:897)
	at org.apache.ratis.thirdparty.io.netty.util.concurrent.FastThreadLocalRunnable.run(FastThreadLocalRunnable.java:30)
	... 1 more
Caused by: java.net.ConnectException: Connection refused
	... 11 more
2019-09-21 02:34:33,601 [88a587d4-13ec-4b84-86b6-600ae54e939b@group-ECEF00A15356:LeaderElection14] INFO  impl.LeaderElection (LogUtils.java:infoOrTrace(149)) -   Exception 0: {}
java.util.concurrent.ExecutionException: org.apache.ratis.thirdparty.io.grpc.StatusRuntimeException: UNAVAILABLE: io exception
	at java.util.concurrent.FutureTask.report(FutureTask.java:122)
	at java.util.concurrent.FutureTask.get(FutureTask.java:192)
	at org.apache.ratis.server.impl.LeaderElection.waitForResults(LeaderElection.java:263)
	at org.apache.ratis.server.impl.LeaderElection.askForVotes(LeaderElection.java:201)
	at org.apache.ratis.server.impl.LeaderElection.run(LeaderElection.java:133)
	at java.lang.Thread.run(Thread.java:748)
Caused by: org.apache.ratis.thirdparty.io.grpc.StatusRuntimeException: UNAVAILABLE: io exception
	at org.apache.ratis.thirdparty.io.grpc.stub.ClientCalls.toStatusRuntimeException(ClientCalls.java:233)
	at org.apache.ratis.thirdparty.io.grpc.stub.ClientCalls.getUnchecked(ClientCalls.java:214)
	at org.apache.ratis.thirdparty.io.grpc.stub.ClientCalls.blockingUnaryCall(ClientCalls.java:139)
	at org.apache.ratis.proto.grpc.RaftServerProtocolServiceGrpc$RaftServerProtocolServiceBlockingStub.requestVote(RaftServerProtocolServiceGrpc.java:265)
	at org.apache.ratis.grpc.server.GrpcServerProtocolClient.requestVote(GrpcServerProtocolClient.java:90)
	at org.apache.ratis.grpc.server.GrpcService.requestVote(GrpcService.java:204)
	at org.apache.ratis.server.impl.LeaderElection.lambda$submitRequests$1(LeaderElection.java:238)
	at java.util.concurrent.FutureTask.run(FutureTask.java:266)
	at java.util.concurrent.Executors$RunnableAdapter.call(Executors.java:511)
	at java.util.concurrent.FutureTask.run(FutureTask.java:266)
	at java.util.concurrent.ThreadPoolExecutor.runWorker(ThreadPoolExecutor.java:1149)
	at java.util.concurrent.ThreadPoolExecutor$Worker.run(ThreadPoolExecutor.java:624)
	... 1 more
Caused by: org.apache.ratis.thirdparty.io.netty.channel.AbstractChannel$AnnotatedConnectException: Connection refused: /192.168.36.72:35128
	at sun.nio.ch.SocketChannelImpl.checkConnect(Native Method)
	at sun.nio.ch.SocketChannelImpl.finishConnect(SocketChannelImpl.java:717)
	at org.apache.ratis.thirdparty.io.netty.channel.socket.nio.NioSocketChannel.doFinishConnect(NioSocketChannel.java:327)
	at org.apache.ratis.thirdparty.io.netty.channel.nio.AbstractNioChannel$AbstractNioUnsafe.finishConnect(AbstractNioChannel.java:340)
	at org.apache.ratis.thirdparty.io.netty.channel.nio.NioEventLoop.processSelectedKey(NioEventLoop.java:632)
	at org.apache.ratis.thirdparty.io.netty.channel.nio.NioEventLoop.processSelectedKeysOptimized(NioEventLoop.java:579)
	at org.apache.ratis.thirdparty.io.netty.channel.nio.NioEventLoop.processSelectedKeys(NioEventLoop.java:496)
	at org.apache.ratis.thirdparty.io.netty.channel.nio.NioEventLoop.run(NioEventLoop.java:458)
	at org.apache.ratis.thirdparty.io.netty.util.concurrent.SingleThreadEventExecutor$5.run(SingleThreadEventExecutor.java:897)
	at org.apache.ratis.thirdparty.io.netty.util.concurrent.FastThreadLocalRunnable.run(FastThreadLocalRunnable.java:30)
	... 1 more
Caused by: java.net.ConnectException: Connection refused
	... 11 more
2019-09-21 02:34:33,600 [88a587d4-13ec-4b84-86b6-600ae54e939b@group-635FA932FD90:LeaderElection13] INFO  impl.LeaderElection (LeaderElection.java:logAndReturn(56)) - 88a587d4-13ec-4b84-86b6-600ae54e939b@group-635FA932FD90:LeaderElection13: Election REJECTED; received 0 response(s) [] and 2 exception(s); 88a587d4-13ec-4b84-86b6-600ae54e939b@group-635FA932FD90:t2, leader=null, voted=88a587d4-13ec-4b84-86b6-600ae54e939b, raftlog=88a587d4-13ec-4b84-86b6-600ae54e939b@group-635FA932FD90-SegmentedRaftLog:OPENED:c-1,f-1,i0, conf=-1: [9bb64537-e00f-42df-af41-b182dac1ca30:192.168.36.72:37758, 88a587d4-13ec-4b84-86b6-600ae54e939b:192.168.36.72:45796, 4f3ba854-734c-449e-9e69-f2b4bbdaaa6d:192.168.36.72:35128], old=null
2019-09-21 02:34:33,602 [88a587d4-13ec-4b84-86b6-600ae54e939b@group-ECEF00A15356:LeaderElection14] INFO  impl.LeaderElection (LogUtils.java:infoOrTrace(149)) -   Exception 1: {}
java.util.concurrent.ExecutionException: org.apache.ratis.thirdparty.io.grpc.StatusRuntimeException: UNAVAILABLE: io exception
	at java.util.concurrent.FutureTask.report(FutureTask.java:122)
	at java.util.concurrent.FutureTask.get(FutureTask.java:192)
	at org.apache.ratis.server.impl.LeaderElection.waitForResults(LeaderElection.java:263)
	at org.apache.ratis.server.impl.LeaderElection.askForVotes(LeaderElection.java:201)
	at org.apache.ratis.server.impl.LeaderElection.run(LeaderElection.java:133)
	at java.lang.Thread.run(Thread.java:748)
Caused by: org.apache.ratis.thirdparty.io.grpc.StatusRuntimeException: UNAVAILABLE: io exception
	at org.apache.ratis.thirdparty.io.grpc.stub.ClientCalls.toStatusRuntimeException(ClientCalls.java:233)
	at org.apache.ratis.thirdparty.io.grpc.stub.ClientCalls.getUnchecked(ClientCalls.java:214)
	at org.apache.ratis.thirdparty.io.grpc.stub.ClientCalls.blockingUnaryCall(ClientCalls.java:139)
	at org.apache.ratis.proto.grpc.RaftServerProtocolServiceGrpc$RaftServerProtocolServiceBlockingStub.requestVote(RaftServerProtocolServiceGrpc.java:265)
	at org.apache.ratis.grpc.server.GrpcServerProtocolClient.requestVote(GrpcServerProtocolClient.java:90)
	at org.apache.ratis.grpc.server.GrpcService.requestVote(GrpcService.java:204)
	at org.apache.ratis.server.impl.LeaderElection.lambda$submitRequests$1(LeaderElection.java:238)
	at java.util.concurrent.FutureTask.run(FutureTask.java:266)
	at java.util.concurrent.Executors$RunnableAdapter.call(Executors.java:511)
	at java.util.concurrent.FutureTask.run(FutureTask.java:266)
	at java.util.concurrent.ThreadPoolExecutor.runWorker(ThreadPoolExecutor.java:1149)
	at java.util.concurrent.ThreadPoolExecutor$Worker.run(ThreadPoolExecutor.java:624)
	... 1 more
Caused by: org.apache.ratis.thirdparty.io.netty.channel.AbstractChannel$AnnotatedConnectException: Connection refused: /192.168.36.72:37758
	at sun.nio.ch.SocketChannelImpl.checkConnect(Native Method)
	at sun.nio.ch.SocketChannelImpl.finishConnect(SocketChannelImpl.java:717)
	at org.apache.ratis.thirdparty.io.netty.channel.socket.nio.NioSocketChannel.doFinishConnect(NioSocketChannel.java:327)
	at org.apache.ratis.thirdparty.io.netty.channel.nio.AbstractNioChannel$AbstractNioUnsafe.finishConnect(AbstractNioChannel.java:340)
	at org.apache.ratis.thirdparty.io.netty.channel.nio.NioEventLoop.processSelectedKey(NioEventLoop.java:632)
	at org.apache.ratis.thirdparty.io.netty.channel.nio.NioEventLoop.processSelectedKeysOptimized(NioEventLoop.java:579)
	at org.apache.ratis.thirdparty.io.netty.channel.nio.NioEventLoop.processSelectedKeys(NioEventLoop.java:496)
	at org.apache.ratis.thirdparty.io.netty.channel.nio.NioEventLoop.run(NioEventLoop.java:458)
	at org.apache.ratis.thirdparty.io.netty.util.concurrent.SingleThreadEventExecutor$5.run(SingleThreadEventExecutor.java:897)
	at org.apache.ratis.thirdparty.io.netty.util.concurrent.FastThreadLocalRunnable.run(FastThreadLocalRunnable.java:30)
	... 1 more
Caused by: java.net.ConnectException: Connection refused
	... 11 more
2019-09-21 02:34:33,602 [88a587d4-13ec-4b84-86b6-600ae54e939b@group-8CA1983F9E13:LeaderElection15] INFO  impl.LeaderElection (LeaderElection.java:logAndReturn(56)) - 88a587d4-13ec-4b84-86b6-600ae54e939b@group-8CA1983F9E13:LeaderElection15: Election REJECTED; received 0 response(s) [] and 2 exception(s); 88a587d4-13ec-4b84-86b6-600ae54e939b@group-8CA1983F9E13:t2, leader=null, voted=88a587d4-13ec-4b84-86b6-600ae54e939b, raftlog=88a587d4-13ec-4b84-86b6-600ae54e939b@group-8CA1983F9E13-SegmentedRaftLog:OPENED:c-1,f-1,i0, conf=-1: [9bb64537-e00f-42df-af41-b182dac1ca30:192.168.36.72:37758, 88a587d4-13ec-4b84-86b6-600ae54e939b:192.168.36.72:45796, 4f3ba854-734c-449e-9e69-f2b4bbdaaa6d:192.168.36.72:35128], old=null
2019-09-21 02:34:33,603 [88a587d4-13ec-4b84-86b6-600ae54e939b@group-ECEF00A15356:LeaderElection14] INFO  impl.RaftServerImpl (RaftServerImpl.java:setRole(174)) - 88a587d4-13ec-4b84-86b6-600ae54e939b@group-ECEF00A15356: changes role from CANDIDATE to FOLLOWER at term 2 for DISCOVERED_A_NEW_TERM
2019-09-21 02:34:33,604 [88a587d4-13ec-4b84-86b6-600ae54e939b@group-ECEF00A15356:LeaderElection14] INFO  impl.RoleInfo (RoleInfo.java:shutdownLeaderElection(134)) - 88a587d4-13ec-4b84-86b6-600ae54e939b: shutdown LeaderElection
2019-09-21 02:34:33,602 [88a587d4-13ec-4b84-86b6-600ae54e939b@group-635FA932FD90:LeaderElection13] INFO  impl.LeaderElection (LogUtils.java:infoOrTrace(149)) -   Exception 0: {}
java.util.concurrent.ExecutionException: org.apache.ratis.thirdparty.io.grpc.StatusRuntimeException: UNAVAILABLE: io exception
	at java.util.concurrent.FutureTask.report(FutureTask.java:122)
	at java.util.concurrent.FutureTask.get(FutureTask.java:192)
	at org.apache.ratis.server.impl.LeaderElection.waitForResults(LeaderElection.java:263)
	at org.apache.ratis.server.impl.LeaderElection.askForVotes(LeaderElection.java:201)
	at org.apache.ratis.server.impl.LeaderElection.run(LeaderElection.java:133)
	at java.lang.Thread.run(Thread.java:748)
Caused by: org.apache.ratis.thirdparty.io.grpc.StatusRuntimeException: UNAVAILABLE: io exception
	at org.apache.ratis.thirdparty.io.grpc.stub.ClientCalls.toStatusRuntimeException(ClientCalls.java:233)
	at org.apache.ratis.thirdparty.io.grpc.stub.ClientCalls.getUnchecked(ClientCalls.java:214)
	at org.apache.ratis.thirdparty.io.grpc.stub.ClientCalls.blockingUnaryCall(ClientCalls.java:139)
	at org.apache.ratis.proto.grpc.RaftServerProtocolServiceGrpc$RaftServerProtocolServiceBlockingStub.requestVote(RaftServerProtocolServiceGrpc.java:265)
	at org.apache.ratis.grpc.server.GrpcServerProtocolClient.requestVote(GrpcServerProtocolClient.java:90)
	at org.apache.ratis.grpc.server.GrpcService.requestVote(GrpcService.java:204)
	at org.apache.ratis.server.impl.LeaderElection.lambda$submitRequests$1(LeaderElection.java:238)
	at java.util.concurrent.FutureTask.run(FutureTask.java:266)
	at java.util.concurrent.Executors$RunnableAdapter.call(Executors.java:511)
	at java.util.concurrent.FutureTask.run(FutureTask.java:266)
	at java.util.concurrent.ThreadPoolExecutor.runWorker(ThreadPoolExecutor.java:1149)
	at java.util.concurrent.ThreadPoolExecutor$Worker.run(ThreadPoolExecutor.java:624)
	... 1 more
Caused by: org.apache.ratis.thirdparty.io.netty.channel.AbstractChannel$AnnotatedConnectException: Connection refused: /192.168.36.72:37758
	at sun.nio.ch.SocketChannelImpl.checkConnect(Native Method)
	at sun.nio.ch.SocketChannelImpl.finishConnect(SocketChannelImpl.java:717)
	at org.apache.ratis.thirdparty.io.netty.channel.socket.nio.NioSocketChannel.doFinishConnect(NioSocketChannel.java:327)
	at org.apache.ratis.thirdparty.io.netty.channel.nio.AbstractNioChannel$AbstractNioUnsafe.finishConnect(AbstractNioChannel.java:340)
	at org.apache.ratis.thirdparty.io.netty.channel.nio.NioEventLoop.processSelectedKey(NioEventLoop.java:632)
	at org.apache.ratis.thirdparty.io.netty.channel.nio.NioEventLoop.processSelectedKeysOptimized(NioEventLoop.java:579)
	at org.apache.ratis.thirdparty.io.netty.channel.nio.NioEventLoop.processSelectedKeys(NioEventLoop.java:496)
	at org.apache.ratis.thirdparty.io.netty.channel.nio.NioEventLoop.run(NioEventLoop.java:458)
	at org.apache.ratis.thirdparty.io.netty.util.concurrent.SingleThreadEventExecutor$5.run(SingleThreadEventExecutor.java:897)
	at org.apache.ratis.thirdparty.io.netty.util.concurrent.FastThreadLocalRunnable.run(FastThreadLocalRunnable.java:30)
	... 1 more
Caused by: java.net.ConnectException: Connection refused
	... 11 more
2019-09-21 02:34:33,605 [88a587d4-13ec-4b84-86b6-600ae54e939b@group-ECEF00A15356:LeaderElection14] INFO  impl.RoleInfo (RoleInfo.java:updateAndGet(143)) - 88a587d4-13ec-4b84-86b6-600ae54e939b: start FollowerState
2019-09-21 02:34:33,604 [88a587d4-13ec-4b84-86b6-600ae54e939b@group-8CA1983F9E13:LeaderElection15] INFO  impl.LeaderElection (LogUtils.java:infoOrTrace(149)) -   Exception 0: {}
java.util.concurrent.ExecutionException: org.apache.ratis.thirdparty.io.grpc.StatusRuntimeException: UNAVAILABLE: io exception
	at java.util.concurrent.FutureTask.report(FutureTask.java:122)
	at java.util.concurrent.FutureTask.get(FutureTask.java:192)
	at org.apache.ratis.server.impl.LeaderElection.waitForResults(LeaderElection.java:263)
	at org.apache.ratis.server.impl.LeaderElection.askForVotes(LeaderElection.java:201)
	at org.apache.ratis.server.impl.LeaderElection.run(LeaderElection.java:133)
	at java.lang.Thread.run(Thread.java:748)
Caused by: org.apache.ratis.thirdparty.io.grpc.StatusRuntimeException: UNAVAILABLE: io exception
	at org.apache.ratis.thirdparty.io.grpc.stub.ClientCalls.toStatusRuntimeException(ClientCalls.java:233)
	at org.apache.ratis.thirdparty.io.grpc.stub.ClientCalls.getUnchecked(ClientCalls.java:214)
	at org.apache.ratis.thirdparty.io.grpc.stub.ClientCalls.blockingUnaryCall(ClientCalls.java:139)
	at org.apache.ratis.proto.grpc.RaftServerProtocolServiceGrpc$RaftServerProtocolServiceBlockingStub.requestVote(RaftServerProtocolServiceGrpc.java:265)
	at org.apache.ratis.grpc.server.GrpcServerProtocolClient.requestVote(GrpcServerProtocolClient.java:90)
	at org.apache.ratis.grpc.server.GrpcService.requestVote(GrpcService.java:204)
	at org.apache.ratis.server.impl.LeaderElection.lambda$submitRequests$1(LeaderElection.java:238)
	at java.util.concurrent.FutureTask.run(FutureTask.java:266)
	at java.util.concurrent.Executors$RunnableAdapter.call(Executors.java:511)
	at java.util.concurrent.FutureTask.run(FutureTask.java:266)
	at java.util.concurrent.ThreadPoolExecutor.runWorker(ThreadPoolExecutor.java:1149)
	at java.util.concurrent.ThreadPoolExecutor$Worker.run(ThreadPoolExecutor.java:624)
	... 1 more
Caused by: org.apache.ratis.thirdparty.io.netty.channel.AbstractChannel$AnnotatedConnectException: Connection refused: /192.168.36.72:37758
	at sun.nio.ch.SocketChannelImpl.checkConnect(Native Method)
	at sun.nio.ch.SocketChannelImpl.finishConnect(SocketChannelImpl.java:717)
	at org.apache.ratis.thirdparty.io.netty.channel.socket.nio.NioSocketChannel.doFinishConnect(NioSocketChannel.java:327)
	at org.apache.ratis.thirdparty.io.netty.channel.nio.AbstractNioChannel$AbstractNioUnsafe.finishConnect(AbstractNioChannel.java:340)
	at org.apache.ratis.thirdparty.io.netty.channel.nio.NioEventLoop.processSelectedKey(NioEventLoop.java:632)
	at org.apache.ratis.thirdparty.io.netty.channel.nio.NioEventLoop.processSelectedKeysOptimized(NioEventLoop.java:579)
	at org.apache.ratis.thirdparty.io.netty.channel.nio.NioEventLoop.processSelectedKeys(NioEventLoop.java:496)
	at org.apache.ratis.thirdparty.io.netty.channel.nio.NioEventLoop.run(NioEventLoop.java:458)
	at org.apache.ratis.thirdparty.io.netty.util.concurrent.SingleThreadEventExecutor$5.run(SingleThreadEventExecutor.java:897)
	at org.apache.ratis.thirdparty.io.netty.util.concurrent.FastThreadLocalRunnable.run(FastThreadLocalRunnable.java:30)
	... 1 more
Caused by: java.net.ConnectException: Connection refused
	... 11 more
2019-09-21 02:34:33,605 [88a587d4-13ec-4b84-86b6-600ae54e939b@group-635FA932FD90:LeaderElection13] INFO  impl.LeaderElection (LogUtils.java:infoOrTrace(149)) -   Exception 1: {}
java.util.concurrent.ExecutionException: org.apache.ratis.thirdparty.io.grpc.StatusRuntimeException: UNAVAILABLE: io exception
	at java.util.concurrent.FutureTask.report(FutureTask.java:122)
	at java.util.concurrent.FutureTask.get(FutureTask.java:192)
	at org.apache.ratis.server.impl.LeaderElection.waitForResults(LeaderElection.java:263)
	at org.apache.ratis.server.impl.LeaderElection.askForVotes(LeaderElection.java:201)
	at org.apache.ratis.server.impl.LeaderElection.run(LeaderElection.java:133)
	at java.lang.Thread.run(Thread.java:748)
Caused by: org.apache.ratis.thirdparty.io.grpc.StatusRuntimeException: UNAVAILABLE: io exception
	at org.apache.ratis.thirdparty.io.grpc.stub.ClientCalls.toStatusRuntimeException(ClientCalls.java:233)
	at org.apache.ratis.thirdparty.io.grpc.stub.ClientCalls.getUnchecked(ClientCalls.java:214)
	at org.apache.ratis.thirdparty.io.grpc.stub.ClientCalls.blockingUnaryCall(ClientCalls.java:139)
	at org.apache.ratis.proto.grpc.RaftServerProtocolServiceGrpc$RaftServerProtocolServiceBlockingStub.requestVote(RaftServerProtocolServiceGrpc.java:265)
	at org.apache.ratis.grpc.server.GrpcServerProtocolClient.requestVote(GrpcServerProtocolClient.java:90)
	at org.apache.ratis.grpc.server.GrpcService.requestVote(GrpcService.java:204)
	at org.apache.ratis.server.impl.LeaderElection.lambda$submitRequests$1(LeaderElection.java:238)
	at java.util.concurrent.FutureTask.run(FutureTask.java:266)
	at java.util.concurrent.Executors$RunnableAdapter.call(Executors.java:511)
	at java.util.concurrent.FutureTask.run(FutureTask.java:266)
	at java.util.concurrent.ThreadPoolExecutor.runWorker(ThreadPoolExecutor.java:1149)
	at java.util.concurrent.ThreadPoolExecutor$Worker.run(ThreadPoolExecutor.java:624)
	... 1 more
Caused by: org.apache.ratis.thirdparty.io.netty.channel.AbstractChannel$AnnotatedConnectException: Connection refused: /192.168.36.72:35128
	at sun.nio.ch.SocketChannelImpl.checkConnect(Native Method)
	at sun.nio.ch.SocketChannelImpl.finishConnect(SocketChannelImpl.java:717)
	at org.apache.ratis.thirdparty.io.netty.channel.socket.nio.NioSocketChannel.doFinishConnect(NioSocketChannel.java:327)
	at org.apache.ratis.thirdparty.io.netty.channel.nio.AbstractNioChannel$AbstractNioUnsafe.finishConnect(AbstractNioChannel.java:340)
	at org.apache.ratis.thirdparty.io.netty.channel.nio.NioEventLoop.processSelectedKey(NioEventLoop.java:632)
	at org.apache.ratis.thirdparty.io.netty.channel.nio.NioEventLoop.processSelectedKeysOptimized(NioEventLoop.java:579)
	at org.apache.ratis.thirdparty.io.netty.channel.nio.NioEventLoop.processSelectedKeys(NioEventLoop.java:496)
	at org.apache.ratis.thirdparty.io.netty.channel.nio.NioEventLoop.run(NioEventLoop.java:458)
	at org.apache.ratis.thirdparty.io.netty.util.concurrent.SingleThreadEventExecutor$5.run(SingleThreadEventExecutor.java:897)
	at org.apache.ratis.thirdparty.io.netty.util.concurrent.FastThreadLocalRunnable.run(FastThreadLocalRunnable.java:30)
	... 1 more
Caused by: java.net.ConnectException: Connection refused
	... 11 more
2019-09-21 02:34:33,607 [88a587d4-13ec-4b84-86b6-600ae54e939b@group-8CA1983F9E13:LeaderElection15] INFO  impl.LeaderElection (LogUtils.java:infoOrTrace(149)) -   Exception 1: {}
java.util.concurrent.ExecutionException: org.apache.ratis.thirdparty.io.grpc.StatusRuntimeException: UNAVAILABLE: io exception
	at java.util.concurrent.FutureTask.report(FutureTask.java:122)
	at java.util.concurrent.FutureTask.get(FutureTask.java:192)
	at org.apache.ratis.server.impl.LeaderElection.waitForResults(LeaderElection.java:263)
	at org.apache.ratis.server.impl.LeaderElection.askForVotes(LeaderElection.java:201)
	at org.apache.ratis.server.impl.LeaderElection.run(LeaderElection.java:133)
	at java.lang.Thread.run(Thread.java:748)
Caused by: org.apache.ratis.thirdparty.io.grpc.StatusRuntimeException: UNAVAILABLE: io exception
	at org.apache.ratis.thirdparty.io.grpc.stub.ClientCalls.toStatusRuntimeException(ClientCalls.java:233)
	at org.apache.ratis.thirdparty.io.grpc.stub.ClientCalls.getUnchecked(ClientCalls.java:214)
	at org.apache.ratis.thirdparty.io.grpc.stub.ClientCalls.blockingUnaryCall(ClientCalls.java:139)
	at org.apache.ratis.proto.grpc.RaftServerProtocolServiceGrpc$RaftServerProtocolServiceBlockingStub.requestVote(RaftServerProtocolServiceGrpc.java:265)
	at org.apache.ratis.grpc.server.GrpcServerProtocolClient.requestVote(GrpcServerProtocolClient.java:90)
	at org.apache.ratis.grpc.server.GrpcService.requestVote(GrpcService.java:204)
	at org.apache.ratis.server.impl.LeaderElection.lambda$submitRequests$1(LeaderElection.java:238)
	at java.util.concurrent.FutureTask.run(FutureTask.java:266)
	at java.util.concurrent.Executors$RunnableAdapter.call(Executors.java:511)
	at java.util.concurrent.FutureTask.run(FutureTask.java:266)
	at java.util.concurrent.ThreadPoolExecutor.runWorker(ThreadPoolExecutor.java:1149)
	at java.util.concurrent.ThreadPoolExecutor$Worker.run(ThreadPoolExecutor.java:624)
	... 1 more
Caused by: org.apache.ratis.thirdparty.io.netty.channel.AbstractChannel$AnnotatedConnectException: Connection refused: /192.168.36.72:35128
	at sun.nio.ch.SocketChannelImpl.checkConnect(Native Method)
	at sun.nio.ch.SocketChannelImpl.finishConnect(SocketChannelImpl.java:717)
	at org.apache.ratis.thirdparty.io.netty.channel.socket.nio.NioSocketChannel.doFinishConnect(NioSocketChannel.java:327)
	at org.apache.ratis.thirdparty.io.netty.channel.nio.AbstractNioChannel$AbstractNioUnsafe.finishConnect(AbstractNioChannel.java:340)
	at org.apache.ratis.thirdparty.io.netty.channel.nio.NioEventLoop.processSelectedKey(NioEventLoop.java:632)
	at org.apache.ratis.thirdparty.io.netty.channel.nio.NioEventLoop.processSelectedKeysOptimized(NioEventLoop.java:579)
	at org.apache.ratis.thirdparty.io.netty.channel.nio.NioEventLoop.processSelectedKeys(NioEventLoop.java:496)
	at org.apache.ratis.thirdparty.io.netty.channel.nio.NioEventLoop.run(NioEventLoop.java:458)
	at org.apache.ratis.thirdparty.io.netty.util.concurrent.SingleThreadEventExecutor$5.run(SingleThreadEventExecutor.java:897)
	at org.apache.ratis.thirdparty.io.netty.util.concurrent.FastThreadLocalRunnable.run(FastThreadLocalRunnable.java:30)
	... 1 more
Caused by: java.net.ConnectException: Connection refused
	... 11 more
2019-09-21 02:34:33,607 [88a587d4-13ec-4b84-86b6-600ae54e939b@group-635FA932FD90:LeaderElection13] INFO  impl.RaftServerImpl (RaftServerImpl.java:setRole(174)) - 88a587d4-13ec-4b84-86b6-600ae54e939b@group-635FA932FD90: changes role from CANDIDATE to FOLLOWER at term 2 for DISCOVERED_A_NEW_TERM
2019-09-21 02:34:33,608 [88a587d4-13ec-4b84-86b6-600ae54e939b@group-8CA1983F9E13:LeaderElection15] INFO  impl.RaftServerImpl (RaftServerImpl.java:setRole(174)) - 88a587d4-13ec-4b84-86b6-600ae54e939b@group-8CA1983F9E13: changes role from CANDIDATE to FOLLOWER at term 2 for DISCOVERED_A_NEW_TERM
2019-09-21 02:34:33,609 [88a587d4-13ec-4b84-86b6-600ae54e939b@group-635FA932FD90:LeaderElection13] INFO  impl.RoleInfo (RoleInfo.java:shutdownLeaderElection(134)) - 88a587d4-13ec-4b84-86b6-600ae54e939b: shutdown LeaderElection
2019-09-21 02:34:33,609 [88a587d4-13ec-4b84-86b6-600ae54e939b@group-8CA1983F9E13:LeaderElection15] INFO  impl.RoleInfo (RoleInfo.java:shutdownLeaderElection(134)) - 88a587d4-13ec-4b84-86b6-600ae54e939b: shutdown LeaderElection
2019-09-21 02:34:33,609 [88a587d4-13ec-4b84-86b6-600ae54e939b@group-635FA932FD90:LeaderElection13] INFO  impl.RoleInfo (RoleInfo.java:updateAndGet(143)) - 88a587d4-13ec-4b84-86b6-600ae54e939b: start FollowerState
2019-09-21 02:34:33,609 [88a587d4-13ec-4b84-86b6-600ae54e939b@group-8CA1983F9E13:LeaderElection15] INFO  impl.RoleInfo (RoleInfo.java:updateAndGet(143)) - 88a587d4-13ec-4b84-86b6-600ae54e939b: start FollowerState
2019-09-21 02:34:34,173 [main] INFO  ozoneimpl.OzoneContainer (OzoneContainer.java:stop(231)) - Attempting to stop container services.
2019-09-21 02:34:34,174 [main] INFO  impl.RaftServerProxy (RaftServerProxy.java:lambda$close$4(314)) - 88a587d4-13ec-4b84-86b6-600ae54e939b: close
2019-09-21 02:34:34,175 [main] INFO  impl.RaftServerImpl (RaftServerImpl.java:lambda$shutdown$3(251)) - 88a587d4-13ec-4b84-86b6-600ae54e939b@group-1AF6E1757808: shutdown
2019-09-21 02:34:34,175 [ForkJoinPool.commonPool-worker-1] INFO  impl.RaftServerImpl (RaftServerImpl.java:lambda$shutdown$3(251)) - 88a587d4-13ec-4b84-86b6-600ae54e939b@group-30B47DF7F426: shutdown
2019-09-21 02:34:34,175 [main] INFO  util.JmxRegister (JmxRegister.java:unregister(73)) - Successfully un-registered JMX Bean with object name Ratis:service=RaftServer,group=group-1AF6E1757808,id=88a587d4-13ec-4b84-86b6-600ae54e939b
2019-09-21 02:34:34,176 [ForkJoinPool.commonPool-worker-1] INFO  util.JmxRegister (JmxRegister.java:unregister(73)) - Successfully un-registered JMX Bean with object name Ratis:service=RaftServer,group=group-30B47DF7F426,id=88a587d4-13ec-4b84-86b6-600ae54e939b
2019-09-21 02:34:34,176 [main] INFO  impl.RoleInfo (RoleInfo.java:shutdownLeaderState(104)) - 88a587d4-13ec-4b84-86b6-600ae54e939b: shutdown LeaderState
2019-09-21 02:34:34,176 [ForkJoinPool.commonPool-worker-1] INFO  impl.RoleInfo (RoleInfo.java:shutdownLeaderState(104)) - 88a587d4-13ec-4b84-86b6-600ae54e939b: shutdown LeaderState
2019-09-21 02:34:34,177 [main] INFO  impl.PendingRequests (PendingRequests.java:sendNotLeaderResponses(202)) - 88a587d4-13ec-4b84-86b6-600ae54e939b-PendingRequests: sendNotLeaderResponses
2019-09-21 02:34:34,178 [ForkJoinPool.commonPool-worker-1] INFO  impl.PendingRequests (PendingRequests.java:sendNotLeaderResponses(202)) - 88a587d4-13ec-4b84-86b6-600ae54e939b-PendingRequests: sendNotLeaderResponses
2019-09-21 02:34:34,178 [main] INFO  impl.StateMachineUpdater (StateMachineUpdater.java:stopAndJoin(125)) - 88a587d4-13ec-4b84-86b6-600ae54e939b@group-1AF6E1757808-StateMachineUpdater: set stopIndex = 0
2019-09-21 02:34:34,179 [ForkJoinPool.commonPool-worker-1] INFO  impl.StateMachineUpdater (StateMachineUpdater.java:stopAndJoin(125)) - 88a587d4-13ec-4b84-86b6-600ae54e939b@group-30B47DF7F426-StateMachineUpdater: set stopIndex = 0
2019-09-21 02:34:34,179 [main] INFO  impl.RaftServerImpl (ServerState.java:close(385)) - 88a587d4-13ec-4b84-86b6-600ae54e939b@group-1AF6E1757808: closes. applyIndex: 0
2019-09-21 02:34:34,179 [ForkJoinPool.commonPool-worker-1] INFO  impl.RaftServerImpl (ServerState.java:close(385)) - 88a587d4-13ec-4b84-86b6-600ae54e939b@group-30B47DF7F426: closes. applyIndex: 0
2019-09-21 02:34:34,180 [88a587d4-13ec-4b84-86b6-600ae54e939b@group-1AF6E1757808-SegmentedRaftLogWorker] INFO  segmented.SegmentedRaftLogWorker (SegmentedRaftLogWorker.java:run(313)) - 88a587d4-13ec-4b84-86b6-600ae54e939b@group-1AF6E1757808-SegmentedRaftLogWorker was interrupted, exiting. There are 0 tasks remaining in the queue.
2019-09-21 02:34:34,180 [88a587d4-13ec-4b84-86b6-600ae54e939b@group-30B47DF7F426-SegmentedRaftLogWorker] INFO  segmented.SegmentedRaftLogWorker (SegmentedRaftLogWorker.java:run(313)) - 88a587d4-13ec-4b84-86b6-600ae54e939b@group-30B47DF7F426-SegmentedRaftLogWorker was interrupted, exiting. There are 0 tasks remaining in the queue.
2019-09-21 02:34:34,181 [main] INFO  segmented.SegmentedRaftLogWorker (SegmentedRaftLogWorker.java:close(228)) - 88a587d4-13ec-4b84-86b6-600ae54e939b@group-1AF6E1757808-SegmentedRaftLogWorker close()
2019-09-21 02:34:34,181 [ForkJoinPool.commonPool-worker-1] INFO  segmented.SegmentedRaftLogWorker (SegmentedRaftLogWorker.java:close(228)) - 88a587d4-13ec-4b84-86b6-600ae54e939b@group-30B47DF7F426-SegmentedRaftLogWorker close()
2019-09-21 02:34:34,183 [main] INFO  impl.RaftServerImpl (RaftServerImpl.java:lambda$shutdown$3(251)) - 88a587d4-13ec-4b84-86b6-600ae54e939b@group-8CA1983F9E13: shutdown
2019-09-21 02:34:34,185 [ForkJoinPool.commonPool-worker-1] INFO  impl.RaftServerImpl (RaftServerImpl.java:lambda$shutdown$3(251)) - 88a587d4-13ec-4b84-86b6-600ae54e939b@group-ECEF00A15356: shutdown
2019-09-21 02:34:34,185 [main] INFO  util.JmxRegister (JmxRegister.java:unregister(73)) - Successfully un-registered JMX Bean with object name Ratis:service=RaftServer,group=group-8CA1983F9E13,id=88a587d4-13ec-4b84-86b6-600ae54e939b
2019-09-21 02:34:34,185 [ForkJoinPool.commonPool-worker-1] INFO  util.JmxRegister (JmxRegister.java:unregister(73)) - Successfully un-registered JMX Bean with object name Ratis:service=RaftServer,group=group-ECEF00A15356,id=88a587d4-13ec-4b84-86b6-600ae54e939b
2019-09-21 02:34:34,186 [main] INFO  impl.RoleInfo (RoleInfo.java:shutdownFollowerState(121)) - 88a587d4-13ec-4b84-86b6-600ae54e939b: shutdown FollowerState
2019-09-21 02:34:34,186 [ForkJoinPool.commonPool-worker-1] INFO  impl.RoleInfo (RoleInfo.java:shutdownFollowerState(121)) - 88a587d4-13ec-4b84-86b6-600ae54e939b: shutdown FollowerState
2019-09-21 02:34:34,186 [Thread-299] INFO  impl.FollowerState (FollowerState.java:run(115)) - 88a587d4-13ec-4b84-86b6-600ae54e939b: FollowerState was interrupted: java.lang.InterruptedException: sleep interrupted
2019-09-21 02:34:34,186 [main] INFO  impl.StateMachineUpdater (StateMachineUpdater.java:stopAndJoin(125)) - 88a587d4-13ec-4b84-86b6-600ae54e939b@group-8CA1983F9E13-StateMachineUpdater: set stopIndex = -1
2019-09-21 02:34:34,186 [Thread-297] INFO  impl.FollowerState (FollowerState.java:run(115)) - 88a587d4-13ec-4b84-86b6-600ae54e939b: FollowerState was interrupted: java.lang.InterruptedException: sleep interrupted
2019-09-21 02:34:34,186 [ForkJoinPool.commonPool-worker-1] INFO  impl.StateMachineUpdater (StateMachineUpdater.java:stopAndJoin(125)) - 88a587d4-13ec-4b84-86b6-600ae54e939b@group-ECEF00A15356-StateMachineUpdater: set stopIndex = -1
2019-09-21 02:34:34,189 [ForkJoinPool.commonPool-worker-1] INFO  impl.RaftServerImpl (ServerState.java:close(385)) - 88a587d4-13ec-4b84-86b6-600ae54e939b@group-ECEF00A15356: closes. applyIndex: -1
2019-09-21 02:34:34,188 [main] INFO  impl.RaftServerImpl (ServerState.java:close(385)) - 88a587d4-13ec-4b84-86b6-600ae54e939b@group-8CA1983F9E13: closes. applyIndex: -1
2019-09-21 02:34:34,189 [88a587d4-13ec-4b84-86b6-600ae54e939b@group-ECEF00A15356-SegmentedRaftLogWorker] INFO  segmented.SegmentedRaftLogWorker (SegmentedRaftLogWorker.java:run(313)) - 88a587d4-13ec-4b84-86b6-600ae54e939b@group-ECEF00A15356-SegmentedRaftLogWorker was interrupted, exiting. There are 0 tasks remaining in the queue.
2019-09-21 02:34:34,190 [88a587d4-13ec-4b84-86b6-600ae54e939b@group-8CA1983F9E13-SegmentedRaftLogWorker] INFO  segmented.SegmentedRaftLogWorker (SegmentedRaftLogWorker.java:run(313)) - 88a587d4-13ec-4b84-86b6-600ae54e939b@group-8CA1983F9E13-SegmentedRaftLogWorker was interrupted, exiting. There are 0 tasks remaining in the queue.
2019-09-21 02:34:34,190 [ForkJoinPool.commonPool-worker-1] INFO  segmented.SegmentedRaftLogWorker (SegmentedRaftLogWorker.java:close(228)) - 88a587d4-13ec-4b84-86b6-600ae54e939b@group-ECEF00A15356-SegmentedRaftLogWorker close()
2019-09-21 02:34:34,190 [main] INFO  segmented.SegmentedRaftLogWorker (SegmentedRaftLogWorker.java:close(228)) - 88a587d4-13ec-4b84-86b6-600ae54e939b@group-8CA1983F9E13-SegmentedRaftLogWorker close()
2019-09-21 02:34:34,192 [ForkJoinPool.commonPool-worker-1] INFO  impl.RaftServerImpl (RaftServerImpl.java:lambda$shutdown$3(251)) - 88a587d4-13ec-4b84-86b6-600ae54e939b@group-635FA932FD90: shutdown
2019-09-21 02:34:34,193 [ForkJoinPool.commonPool-worker-1] INFO  util.JmxRegister (JmxRegister.java:unregister(73)) - Successfully un-registered JMX Bean with object name Ratis:service=RaftServer,group=group-635FA932FD90,id=88a587d4-13ec-4b84-86b6-600ae54e939b
2019-09-21 02:34:34,193 [ForkJoinPool.commonPool-worker-1] INFO  impl.RoleInfo (RoleInfo.java:shutdownFollowerState(121)) - 88a587d4-13ec-4b84-86b6-600ae54e939b: shutdown FollowerState
2019-09-21 02:34:34,194 [ForkJoinPool.commonPool-worker-1] INFO  impl.StateMachineUpdater (StateMachineUpdater.java:stopAndJoin(125)) - 88a587d4-13ec-4b84-86b6-600ae54e939b@group-635FA932FD90-StateMachineUpdater: set stopIndex = -1
2019-09-21 02:34:34,194 [Thread-298] INFO  impl.FollowerState (FollowerState.java:run(115)) - 88a587d4-13ec-4b84-86b6-600ae54e939b: FollowerState was interrupted: java.lang.InterruptedException: sleep interrupted
2019-09-21 02:34:34,194 [ForkJoinPool.commonPool-worker-1] INFO  impl.RaftServerImpl (ServerState.java:close(385)) - 88a587d4-13ec-4b84-86b6-600ae54e939b@group-635FA932FD90: closes. applyIndex: -1
2019-09-21 02:34:34,195 [88a587d4-13ec-4b84-86b6-600ae54e939b@group-635FA932FD90-SegmentedRaftLogWorker] INFO  segmented.SegmentedRaftLogWorker (SegmentedRaftLogWorker.java:run(313)) - 88a587d4-13ec-4b84-86b6-600ae54e939b@group-635FA932FD90-SegmentedRaftLogWorker was interrupted, exiting. There are 0 tasks remaining in the queue.
2019-09-21 02:34:34,195 [ForkJoinPool.commonPool-worker-1] INFO  segmented.SegmentedRaftLogWorker (SegmentedRaftLogWorker.java:close(228)) - 88a587d4-13ec-4b84-86b6-600ae54e939b@group-635FA932FD90-SegmentedRaftLogWorker close()
2019-09-21 02:34:34,197 [main] INFO  server.GrpcService (GrpcService.java:closeImpl(164)) - 88a587d4-13ec-4b84-86b6-600ae54e939b: shutdown server with port 45796 now
2019-09-21 02:34:34,199 [main] INFO  server.GrpcService (GrpcService.java:closeImpl(172)) - 88a587d4-13ec-4b84-86b6-600ae54e939b: shutdown server with port 45796 successfully
2019-09-21 02:34:34,206 [refreshUsed-/workdir/hadoop-ozone/integration-test/target/test-dir/MiniOzoneClusterImpl-c75db70a-b38d-4491-876a-314fea4a50b4/datanode-3/data/containers] WARN  fs.CachingGetSpaceUsed (CachingGetSpaceUsed.java:run(183)) - Thread Interrupted waiting to refresh disk information: sleep interrupted
2019-09-21 02:34:34,223 [main] INFO  utils.BackgroundService (BackgroundService.java:shutdown(148)) - Shutting down service BlockDeletingService
2019-09-21 02:34:34,225 [main] INFO  statemachine.DatanodeStateMachine (DatanodeStateMachine.java:stopDaemon(395)) - Ozone container server stopped.
2019-09-21 02:34:34,227 [main] INFO  handler.ContextHandler (ContextHandler.java:doStop(910)) - Stopped o.e.j.w.WebAppContext@709ed6f3{/,null,UNAVAILABLE}{/hddsDatanode}
2019-09-21 02:34:34,227 [main] INFO  server.AbstractConnector (AbstractConnector.java:doStop(318)) - Stopped ServerConnector@698fee9a{HTTP/1.1,[http/1.1]}{0.0.0.0:0}
2019-09-21 02:34:34,228 [main] INFO  handler.ContextHandler (ContextHandler.java:doStop(910)) - Stopped o.e.j.s.ServletContextHandler@443effcb{/static,jar:file:/home/user/.m2/repository/org/apache/hadoop/hadoop-hdds-container-service/0.5.0-SNAPSHOT/hadoop-hdds-container-service-0.5.0-SNAPSHOT.jar!/webapps/static,UNAVAILABLE}
2019-09-21 02:34:34,229 [main] INFO  handler.ContextHandler (ContextHandler.java:doStop(910)) - Stopped o.e.j.s.ServletContextHandler@3cd9aa64{/logs,file:///workdir/hadoop-ozone/integration-test/target/log,UNAVAILABLE}
2019-09-21 02:34:34,229 [main] INFO  ozone.MiniOzoneClusterImpl (MiniOzoneClusterImpl.java:stopSCM(392)) - Stopping the StorageContainerManager
2019-09-21 02:34:34,230 [main] INFO  server.StorageContainerManager (StorageContainerManager.java:stop(808)) - Stopping Replication Manager Service.
2019-09-21 02:34:34,230 [main] INFO  container.ReplicationManager (ReplicationManager.java:stop(203)) - Stopping Replication Monitor Thread.
2019-09-21 02:34:34,230 [main] INFO  server.StorageContainerManager (StorageContainerManager.java:stop(815)) - Stopping Lease Manager of the command watchers
2019-09-21 02:34:34,230 [main] INFO  server.StorageContainerManager (StorageContainerManager.java:stop(822)) - Stopping datanode service RPC server
2019-09-21 02:34:34,230 [main] INFO  server.SCMDatanodeProtocolServer (SCMDatanodeProtocolServer.java:stop(367)) - Stopping the RPC server for DataNodes
2019-09-21 02:34:34,231 [main] INFO  ipc.Server (Server.java:stop(3082)) - Stopping server on 33553
2019-09-21 02:34:34,231 [IPC Server listener on 33553] INFO  ipc.Server (Server.java:run(1185)) - Stopping IPC Server listener on 33553
2019-09-21 02:34:34,232 [IPC Server Responder] INFO  ipc.Server (Server.java:run(1319)) - Stopping IPC Server Responder
2019-09-21 02:34:34,317 [SCM Heartbeat Processing Thread - 0] WARN  node.NodeStateManager (NodeStateManager.java:scheduleNextHealthCheck(646)) - Current Thread is interrupted, shutting down HB processing thread for Node Manager.
2019-09-21 02:34:34,317 [main] INFO  server.StorageContainerManager (StorageContainerManager.java:stop(830)) - Stopping block service RPC server
2019-09-21 02:34:34,318 [main] INFO  server.SCMBlockProtocolServer (SCMBlockProtocolServer.java:stop(155)) - Stopping the RPC server for Block Protocol
2019-09-21 02:34:34,318 [main] INFO  ipc.Server (Server.java:stop(3082)) - Stopping server on 46295
2019-09-21 02:34:34,319 [main] INFO  server.StorageContainerManager (StorageContainerManager.java:stop(837)) - Stopping the StorageContainerLocationProtocol RPC server
2019-09-21 02:34:34,320 [IPC Server listener on 46295] INFO  ipc.Server (Server.java:run(1185)) - Stopping IPC Server listener on 46295
2019-09-21 02:34:34,320 [main] INFO  server.SCMClientProtocolServer (SCMClientProtocolServer.java:stop(159)) - Stopping the RPC server for Client Protocol
2019-09-21 02:34:34,320 [IPC Server Responder] INFO  ipc.Server (Server.java:run(1319)) - Stopping IPC Server Responder
2019-09-21 02:34:34,320 [main] INFO  ipc.Server (Server.java:stop(3082)) - Stopping server on 45582
2019-09-21 02:34:34,322 [IPC Server listener on 45582] INFO  ipc.Server (Server.java:run(1185)) - Stopping IPC Server listener on 45582
2019-09-21 02:34:34,322 [main] INFO  server.StorageContainerManager (StorageContainerManager.java:stop(844)) - Stopping Storage Container Manager HTTP server.
2019-09-21 02:34:34,322 [IPC Server Responder] INFO  ipc.Server (Server.java:run(1319)) - Stopping IPC Server Responder
2019-09-21 02:34:34,323 [main] INFO  handler.ContextHandler (ContextHandler.java:doStop(910)) - Stopped o.e.j.w.WebAppContext@7555b920{/,null,UNAVAILABLE}{/scm}
2019-09-21 02:34:34,324 [main] INFO  server.AbstractConnector (AbstractConnector.java:doStop(318)) - Stopped ServerConnector@6db66836{HTTP/1.1,[http/1.1]}{0.0.0.0:0}
2019-09-21 02:34:34,325 [main] INFO  handler.ContextHandler (ContextHandler.java:doStop(910)) - Stopped o.e.j.s.ServletContextHandler@6622fc65{/static,file:///workdir/hadoop-ozone/integration-test/target/test-classes/webapps/static,UNAVAILABLE}
2019-09-21 02:34:34,325 [main] INFO  handler.ContextHandler (ContextHandler.java:doStop(910)) - Stopped o.e.j.s.ServletContextHandler@732f29af{/logs,file:///workdir/hadoop-ozone/integration-test/target/log,UNAVAILABLE}
2019-09-21 02:34:34,327 [main] INFO  server.StorageContainerManager (StorageContainerManager.java:stop(855)) - Stopping Block Manager Service.
2019-09-21 02:34:34,327 [main] INFO  utils.BackgroundService (BackgroundService.java:shutdown(148)) - Shutting down service SCMBlockDeletingService
2019-09-21 02:34:34,328 [main] INFO  utils.BackgroundService (BackgroundService.java:shutdown(148)) - Shutting down service SCMBlockDeletingService
2019-09-21 02:34:34,328 [main] INFO  server.StorageContainerManager (StorageContainerManager.java:stop(877)) - Stopping SCM Event Queue.
2019-09-21 02:34:34,334 [main] INFO  impl.MetricsSystemImpl (MetricsSystemImpl.java:stop(210)) - Stopping ratis metrics system...
2019-09-21 02:34:34,342 [prometheus] INFO  impl.MetricsSinkAdapter (MetricsSinkAdapter.java:publishMetricsFromQueue(141)) - prometheus thread interrupted.
2019-09-21 02:34:34,342 [main] INFO  impl.MetricsSystemImpl (MetricsSystemImpl.java:stop(216)) - ratis metrics system stopped.
]]></system-out>
    <system-err><![CDATA[ERROR StatusLogger No Log4j 2 configuration file found. Using default configuration (logging only errors to the console), or user programmatically provided configurations. Set system property 'log4j2.debug' to show Log4j 2 internal initialization logging. See https://logging.apache.org/log4j/2.x/manual/configuration.html for instructions on how to configure Log4j 2
]]></system-err>
  </testcase>
</testsuite>