<?xml version="1.0" encoding="UTF-8"?>
<testsuite xmlns:xsi="http://www.w3.org/2001/XMLSchema-instance" xsi:noNamespaceSchemaLocation="https://maven.apache.org/surefire/maven-surefire-plugin/xsd/surefire-test-report.xsd" name="org.apache.hadoop.ozone.client.rpc.TestContainerStateMachineFailures" time="78.286" tests="3" errors="2" skipped="0" failures="0">
  <properties>
    <property name="awt.toolkit" value="sun.awt.X11.XToolkit"/>
    <property name="file.encoding.pkg" value="sun.io"/>
    <property name="java.specification.version" value="1.8"/>
    <property name="sun.cpu.isalist" value=""/>
    <property name="sun.jnu.encoding" value="UTF-8"/>
    <property name="java.class.path" value="/workdir/hadoop-ozone/integration-test/target/test-classes:/workdir/hadoop-ozone/integration-test/target/classes:/home/user/.m2/repository/org/apache/hadoop/hadoop-ozone-common/0.5.0-SNAPSHOT/hadoop-ozone-common-0.5.0-SNAPSHOT.jar:/home/user/.m2/repository/org/apache/commons/commons-compress/1.4.1/commons-compress-1.4.1.jar:/home/user/.m2/repository/org/tukaani/xz/1.0/xz-1.0.jar:/home/user/.m2/repository/org/apache/hadoop/hadoop-common/3.2.0/hadoop-common-3.2.0.jar:/home/user/.m2/repository/org/apache/hadoop/hadoop-hdfs/3.2.0/hadoop-hdfs-3.2.0.jar:/home/user/.m2/repository/org/apache/hadoop/hadoop-hdfs-client/3.2.0/hadoop-hdfs-client-3.2.0.jar:/home/user/.m2/repository/com/fasterxml/jackson/core/jackson-annotations/2.9.5/jackson-annotations-2.9.5.jar:/home/user/.m2/repository/org/apache/hadoop/hadoop-hdds-common/0.5.0-SNAPSHOT/hadoop-hdds-common-0.5.0-SNAPSHOT.jar:/home/user/.m2/repository/javax/annotation/javax.annotation-api/1.2/javax.annotation-api-1.2.jar:/home/user/.m2/repository/org/apache/ratis/ratis-server/0.4.0-2337318-SNAPSHOT/ratis-server-0.4.0-2337318-SNAPSHOT.jar:/home/user/.m2/repository/org/apache/ratis/ratis-thirdparty-misc/0.2.0/ratis-thirdparty-misc-0.2.0.jar:/home/user/.m2/repository/org/apache/ratis/ratis-proto/0.4.0-2337318-SNAPSHOT/ratis-proto-0.4.0-2337318-SNAPSHOT.jar:/home/user/.m2/repository/org/apache/ratis/ratis-common/0.4.0-2337318-SNAPSHOT/ratis-common-0.4.0-2337318-SNAPSHOT.jar:/home/user/.m2/repository/org/apache/ratis/ratis-client/0.4.0-2337318-SNAPSHOT/ratis-client-0.4.0-2337318-SNAPSHOT.jar:/home/user/.m2/repository/org/apache/ratis/ratis-metrics/0.4.0-2337318-SNAPSHOT/ratis-metrics-0.4.0-2337318-SNAPSHOT.jar:/home/user/.m2/repository/org/apache/ratis/ratis-netty/0.4.0-2337318-SNAPSHOT/ratis-netty-0.4.0-2337318-SNAPSHOT.jar:/home/user/.m2/repository/org/apache/ratis/ratis-grpc/0.4.0-2337318-SNAPSHOT/ratis-grpc-0.4.0-2337318-SNAPSHOT.jar:/home/user/.m2/repository/org/rocksdb/rocksdbjni/6.0.1/rocksdbjni-6.0.1.jar:/home/user/.m2/repository/org/apache/logging/log4j/log4j-api/2.11.0/log4j-api-2.11.0.jar:/home/user/.m2/repository/org/apache/logging/log4j/log4j-core/2.11.0/log4j-core-2.11.0.jar:/home/user/.m2/repository/com/lmax/disruptor/3.4.2/disruptor-3.4.2.jar:/home/user/.m2/repository/org/apache/commons/commons-pool2/2.6.0/commons-pool2-2.6.0.jar:/home/user/.m2/repository/org/bouncycastle/bcpkix-jdk15on/1.60/bcpkix-jdk15on-1.60.jar:/home/user/.m2/repository/commons-validator/commons-validator/1.6/commons-validator-1.6.jar:/home/user/.m2/repository/commons-digester/commons-digester/1.8.1/commons-digester-1.8.1.jar:/home/user/.m2/repository/io/jaegertracing/jaeger-client/0.33.1/jaeger-client-0.33.1.jar:/home/user/.m2/repository/io/jaegertracing/jaeger-thrift/0.33.1/jaeger-thrift-0.33.1.jar:/home/user/.m2/repository/org/apache/thrift/libthrift/0.11.0/libthrift-0.11.0.jar:/home/user/.m2/repository/com/squareup/okhttp3/okhttp/3.9.0/okhttp-3.9.0.jar:/home/user/.m2/repository/com/squareup/okio/okio/1.13.0/okio-1.13.0.jar:/home/user/.m2/repository/io/jaegertracing/jaeger-core/0.33.1/jaeger-core-0.33.1.jar:/home/user/.m2/repository/io/jaegertracing/jaeger-tracerresolver/0.33.1/jaeger-tracerresolver-0.33.1.jar:/home/user/.m2/repository/io/opentracing/contrib/opentracing-tracerresolver/0.1.5/opentracing-tracerresolver-0.1.5.jar:/home/user/.m2/repository/io/opentracing/opentracing-util/0.31.0/opentracing-util-0.31.0.jar:/home/user/.m2/repository/io/opentracing/opentracing-api/0.31.0/opentracing-api-0.31.0.jar:/home/user/.m2/repository/io/opentracing/opentracing-noop/0.31.0/opentracing-noop-0.31.0.jar:/home/user/.m2/repository/org/apache/hadoop/hadoop-hdds-server-framework/0.5.0-SNAPSHOT/hadoop-hdds-server-framework-0.5.0-SNAPSHOT.jar:/home/user/.m2/repository/org/apache/hadoop/hadoop-hdds-container-service/0.5.0-SNAPSHOT/hadoop-hdds-container-service-0.5.0-SNAPSHOT.jar:/home/user/.m2/repository/org/apache/hadoop/hadoop-hdds-client/0.5.0-SNAPSHOT/hadoop-hdds-client-0.5.0-SNAPSHOT.jar:/home/user/.m2/repository/org/apache/hadoop/hadoop-hdds-tools/0.5.0-SNAPSHOT/hadoop-hdds-tools-0.5.0-SNAPSHOT.jar:/home/user/.m2/repository/org/apache/hadoop/hadoop-hdds-server-scm/0.5.0-SNAPSHOT/hadoop-hdds-server-scm-0.5.0-SNAPSHOT.jar:/home/user/.m2/repository/org/apache/hadoop/hadoop-hdds-docs/0.5.0-SNAPSHOT/hadoop-hdds-docs-0.5.0-SNAPSHOT.jar:/home/user/.m2/repository/io/dropwizard/metrics/metrics-core/3.2.4/metrics-core-3.2.4.jar:/home/user/.m2/repository/org/hamcrest/hamcrest-all/1.3/hamcrest-all-1.3.jar:/home/user/.m2/repository/org/bouncycastle/bcprov-jdk15on/1.60/bcprov-jdk15on-1.60.jar:/home/user/.m2/repository/info/picocli/picocli/3.9.6/picocli-3.9.6.jar:/home/user/.m2/repository/com/google/protobuf/protobuf-java/2.5.0/protobuf-java-2.5.0.jar:/home/user/.m2/repository/com/google/guava/guava/11.0.2/guava-11.0.2.jar:/home/user/.m2/repository/org/apache/hadoop/hadoop-ozone-ozone-manager/0.5.0-SNAPSHOT/hadoop-ozone-ozone-manager-0.5.0-SNAPSHOT.jar:/home/user/.m2/repository/org/apache/hadoop/hadoop-minikdc/3.2.0/hadoop-minikdc-3.2.0.jar:/home/user/.m2/repository/commons-io/commons-io/2.5/commons-io-2.5.jar:/home/user/.m2/repository/org/apache/kerby/kerb-simplekdc/1.0.1/kerb-simplekdc-1.0.1.jar:/home/user/.m2/repository/org/apache/kerby/kerb-client/1.0.1/kerb-client-1.0.1.jar:/home/user/.m2/repository/org/apache/kerby/kerby-config/1.0.1/kerby-config-1.0.1.jar:/home/user/.m2/repository/org/apache/kerby/kerb-core/1.0.1/kerb-core-1.0.1.jar:/home/user/.m2/repository/org/apache/kerby/kerby-pkix/1.0.1/kerby-pkix-1.0.1.jar:/home/user/.m2/repository/org/apache/kerby/kerby-asn1/1.0.1/kerby-asn1-1.0.1.jar:/home/user/.m2/repository/org/apache/kerby/kerby-util/1.0.1/kerby-util-1.0.1.jar:/home/user/.m2/repository/org/apache/kerby/kerb-common/1.0.1/kerb-common-1.0.1.jar:/home/user/.m2/repository/org/apache/kerby/kerb-crypto/1.0.1/kerb-crypto-1.0.1.jar:/home/user/.m2/repository/org/apache/kerby/kerb-util/1.0.1/kerb-util-1.0.1.jar:/home/user/.m2/repository/org/apache/kerby/token-provider/1.0.1/token-provider-1.0.1.jar:/home/user/.m2/repository/org/apache/kerby/kerb-admin/1.0.1/kerb-admin-1.0.1.jar:/home/user/.m2/repository/org/apache/kerby/kerb-server/1.0.1/kerb-server-1.0.1.jar:/home/user/.m2/repository/org/apache/kerby/kerb-identity/1.0.1/kerb-identity-1.0.1.jar:/home/user/.m2/repository/org/apache/kerby/kerby-xdr/1.0.1/kerby-xdr-1.0.1.jar:/home/user/.m2/repository/org/slf4j/slf4j-log4j12/1.7.25/slf4j-log4j12-1.7.25.jar:/home/user/.m2/repository/org/apache/hadoop/hadoop-ozone-objectstore-service/0.5.0-SNAPSHOT/hadoop-ozone-objectstore-service-0.5.0-SNAPSHOT.jar:/home/user/.m2/repository/org/apache/hadoop/hadoop-ozone-s3gateway/0.5.0-SNAPSHOT/hadoop-ozone-s3gateway-0.5.0-SNAPSHOT.jar:/home/user/.m2/repository/org/jboss/weld/servlet/weld-servlet/2.4.7.Final/weld-servlet-2.4.7.Final.jar:/home/user/.m2/repository/org/glassfish/jersey/containers/jersey-container-servlet-core/2.27/jersey-container-servlet-core-2.27.jar:/home/user/.m2/repository/org/glassfish/hk2/external/javax.inject/2.5.0-b42/javax.inject-2.5.0-b42.jar:/home/user/.m2/repository/org/glassfish/jersey/core/jersey-common/2.27/jersey-common-2.27.jar:/home/user/.m2/repository/org/glassfish/hk2/osgi-resource-locator/1.0.1/osgi-resource-locator-1.0.1.jar:/home/user/.m2/repository/javax/ws/rs/javax.ws.rs-api/2.1/javax.ws.rs-api-2.1.jar:/home/user/.m2/repository/org/glassfish/jersey/ext/cdi/jersey-cdi1x/2.27/jersey-cdi1x-2.27.jar:/home/user/.m2/repository/org/glassfish/jersey/inject/jersey-hk2/2.27/jersey-hk2-2.27.jar:/home/user/.m2/repository/org/glassfish/hk2/hk2-locator/2.5.0-b42/hk2-locator-2.5.0-b42.jar:/home/user/.m2/repository/org/javassist/javassist/3.22.0-CR2/javassist-3.22.0-CR2.jar:/home/user/.m2/repository/org/glassfish/hk2/hk2-api/2.5.0/hk2-api-2.5.0.jar:/home/user/.m2/repository/org/glassfish/hk2/external/jakarta.inject/2.5.0/jakarta.inject-2.5.0.jar:/home/user/.m2/repository/org/glassfish/hk2/hk2-utils/2.5.0/hk2-utils-2.5.0.jar:/home/user/.m2/repository/jakarta/annotation/jakarta.annotation-api/1.3.4/jakarta.annotation-api-1.3.4.jar:/home/user/.m2/repository/org/glassfish/hk2/external/aopalliance-repackaged/2.5.0/aopalliance-repackaged-2.5.0.jar:/home/user/.m2/repository/com/fasterxml/jackson/dataformat/jackson-dataformat-xml/2.9.0/jackson-dataformat-xml-2.9.0.jar:/home/user/.m2/repository/com/fasterxml/jackson/core/jackson-core/2.9.5/jackson-core-2.9.5.jar:/home/user/.m2/repository/com/fasterxml/jackson/module/jackson-module-jaxb-annotations/2.9.5/jackson-module-jaxb-annotations-2.9.5.jar:/home/user/.m2/repository/javax/enterprise/cdi-api/1.2/cdi-api-1.2.jar:/home/user/.m2/repository/javax/el/javax.el-api/3.0.0/javax.el-api-3.0.0.jar:/home/user/.m2/repository/javax/interceptor/javax.interceptor-api/1.2/javax.interceptor-api-1.2.jar:/home/user/.m2/repository/javax/inject/javax.inject/1/javax.inject-1.jar:/home/user/.m2/repository/com/sun/xml/bind/jaxb-impl/2.3.0.1/jaxb-impl-2.3.0.1.jar:/home/user/.m2/repository/com/sun/xml/bind/jaxb-core/2.3.0.1/jaxb-core-2.3.0.1.jar:/home/user/.m2/repository/javax/xml/bind/jaxb-api/2.3.0/jaxb-api-2.3.0.jar:/home/user/.m2/repository/javax/activation/activation/1.1.1/activation-1.1.1.jar:/home/user/.m2/repository/org/apache/hadoop/hadoop-ozone-csi/0.5.0-SNAPSHOT/hadoop-ozone-csi-0.5.0-SNAPSHOT.jar:/home/user/.m2/repository/com/google/protobuf/protobuf-java-util/3.5.1/protobuf-java-util-3.5.1.jar:/home/user/.m2/repository/org/apache/hadoop/hadoop-hdds-config/0.5.0-SNAPSHOT/hadoop-hdds-config-0.5.0-SNAPSHOT.jar:/home/user/.m2/repository/io/grpc/grpc-netty/1.17.1/grpc-netty-1.17.1.jar:/home/user/.m2/repository/io/grpc/grpc-core/1.17.1/grpc-core-1.17.1.jar:/home/user/.m2/repository/io/grpc/grpc-context/1.17.1/grpc-context-1.17.1.jar:/home/user/.m2/repository/com/google/errorprone/error_prone_annotations/2.2.0/error_prone_annotations-2.2.0.jar:/home/user/.m2/repository/org/codehaus/mojo/animal-sniffer-annotations/1.17/animal-sniffer-annotations-1.17.jar:/home/user/.m2/repository/io/opencensus/opencensus-api/0.17.0/opencensus-api-0.17.0.jar:/home/user/.m2/repository/io/opencensus/opencensus-contrib-grpc-metrics/0.17.0/opencensus-contrib-grpc-metrics-0.17.0.jar:/home/user/.m2/repository/io/netty/netty-codec-http2/4.1.30.Final/netty-codec-http2-4.1.30.Final.jar:/home/user/.m2/repository/io/netty/netty-codec-http/4.1.30.Final/netty-codec-http-4.1.30.Final.jar:/home/user/.m2/repository/io/netty/netty-codec/4.1.30.Final/netty-codec-4.1.30.Final.jar:/home/user/.m2/repository/io/netty/netty-handler/4.1.30.Final/netty-handler-4.1.30.Final.jar:/home/user/.m2/repository/io/netty/netty-handler-proxy/4.1.30.Final/netty-handler-proxy-4.1.30.Final.jar:/home/user/.m2/repository/io/netty/netty-codec-socks/4.1.30.Final/netty-codec-socks-4.1.30.Final.jar:/home/user/.m2/repository/io/netty/netty-transport-native-epoll/4.1.30.Final/netty-transport-native-epoll-4.1.30.Final.jar:/home/user/.m2/repository/io/netty/netty-common/4.1.30.Final/netty-common-4.1.30.Final.jar:/home/user/.m2/repository/io/netty/netty-buffer/4.1.30.Final/netty-buffer-4.1.30.Final.jar:/home/user/.m2/repository/io/netty/netty-transport/4.1.30.Final/netty-transport-4.1.30.Final.jar:/home/user/.m2/repository/io/netty/netty-resolver/4.1.30.Final/netty-resolver-4.1.30.Final.jar:/home/user/.m2/repository/io/netty/netty-transport-native-unix-common/4.1.30.Final/netty-transport-native-unix-common-4.1.30.Final.jar:/home/user/.m2/repository/io/grpc/grpc-protobuf/1.17.1/grpc-protobuf-1.17.1.jar:/home/user/.m2/repository/com/google/api/grpc/proto-google-common-protos/1.0.0/proto-google-common-protos-1.0.0.jar:/home/user/.m2/repository/io/grpc/grpc-protobuf-lite/1.17.1/grpc-protobuf-lite-1.17.1.jar:/home/user/.m2/repository/io/grpc/grpc-stub/1.17.1/grpc-stub-1.17.1.jar:/home/user/.m2/repository/org/apache/hadoop/hadoop-ozone-recon/0.5.0-SNAPSHOT/hadoop-ozone-recon-0.5.0-SNAPSHOT.jar:/home/user/.m2/repository/org/apache/hadoop/hadoop-ozone-reconcodegen/0.5.0-SNAPSHOT/hadoop-ozone-reconcodegen-0.5.0-SNAPSHOT.jar:/home/user/.m2/repository/com/google/inject/extensions/guice-multibindings/4.0/guice-multibindings-4.0.jar:/home/user/.m2/repository/com/google/inject/guice/4.0/guice-4.0.jar:/home/user/.m2/repository/aopalliance/aopalliance/1.0/aopalliance-1.0.jar:/home/user/.m2/repository/com/google/inject/extensions/guice-servlet/4.0/guice-servlet-4.0.jar:/home/user/.m2/repository/org/glassfish/jersey/containers/jersey-container-servlet/2.27/jersey-container-servlet-2.27.jar:/home/user/.m2/repository/org/glassfish/hk2/guice-bridge/2.5.0/guice-bridge-2.5.0.jar:/home/user/.m2/repository/org/glassfish/jersey/core/jersey-server/2.27/jersey-server-2.27.jar:/home/user/.m2/repository/org/glassfish/jersey/core/jersey-client/2.27/jersey-client-2.27.jar:/home/user/.m2/repository/org/glassfish/jersey/media/jersey-media-jaxb/2.27/jersey-media-jaxb-2.27.jar:/home/user/.m2/repository/javax/validation/validation-api/1.1.0.Final/validation-api-1.1.0.Final.jar:/home/user/.m2/repository/org/glassfish/jersey/media/jersey-media-json-jackson/2.27/jersey-media-json-jackson-2.27.jar:/home/user/.m2/repository/org/glassfish/jersey/ext/jersey-entity-filtering/2.27/jersey-entity-filtering-2.27.jar:/home/user/.m2/repository/com/google/inject/extensions/guice-assistedinject/4.0/guice-assistedinject-4.0.jar:/home/user/.m2/repository/org/jooq/jooq/3.11.10/jooq-3.11.10.jar:/home/user/.m2/repository/org/jooq/jooq-meta/3.11.10/jooq-meta-3.11.10.jar:/home/user/.m2/repository/org/jooq/jooq-codegen/3.11.10/jooq-codegen-3.11.10.jar:/home/user/.m2/repository/com/jolbox/bonecp/0.8.0.RELEASE/bonecp-0.8.0.RELEASE.jar:/home/user/.m2/repository/org/xerial/sqlite-jdbc/3.25.2/sqlite-jdbc-3.25.2.jar:/home/user/.m2/repository/org/springframework/spring-jdbc/5.1.3.RELEASE/spring-jdbc-5.1.3.RELEASE.jar:/home/user/.m2/repository/org/springframework/spring-beans/5.1.3.RELEASE/spring-beans-5.1.3.RELEASE.jar:/home/user/.m2/repository/org/springframework/spring-core/5.1.3.RELEASE/spring-core-5.1.3.RELEASE.jar:/home/user/.m2/repository/org/springframework/spring-jcl/5.1.3.RELEASE/spring-jcl-5.1.3.RELEASE.jar:/home/user/.m2/repository/org/springframework/spring-tx/5.1.3.RELEASE/spring-tx-5.1.3.RELEASE.jar:/home/user/.m2/repository/org/apache/hadoop/hadoop-ozone-client/0.5.0-SNAPSHOT/hadoop-ozone-client-0.5.0-SNAPSHOT.jar:/home/user/.m2/repository/commons-lang/commons-lang/2.6/commons-lang-2.6.jar:/home/user/.m2/repository/org/apache/hadoop/hadoop-ozone-ozone-manager/0.5.0-SNAPSHOT/hadoop-ozone-ozone-manager-0.5.0-SNAPSHOT-tests.jar:/home/user/.m2/repository/junit/junit/4.11/junit-4.11.jar:/home/user/.m2/repository/org/hamcrest/hamcrest-core/1.3/hamcrest-core-1.3.jar:/home/user/.m2/repository/org/openjdk/jmh/jmh-core/1.19/jmh-core-1.19.jar:/home/user/.m2/repository/net/sf/jopt-simple/jopt-simple/4.6/jopt-simple-4.6.jar:/home/user/.m2/repository/org/apache/commons/commons-math3/3.1.1/commons-math3-3.1.1.jar:/home/user/.m2/repository/org/openjdk/jmh/jmh-generator-annprocess/1.19/jmh-generator-annprocess-1.19.jar:/home/user/.m2/repository/org/mockito/mockito-all/1.8.5/mockito-all-1.8.5.jar:/home/user/.m2/repository/org/apache/hadoop/hadoop-kms/3.2.0/hadoop-kms-3.2.0.jar:/home/user/.m2/repository/org/apache/hadoop/hadoop-auth/3.2.0/hadoop-auth-3.2.0.jar:/home/user/.m2/repository/com/nimbusds/nimbus-jose-jwt/4.41.1/nimbus-jose-jwt-4.41.1.jar:/home/user/.m2/repository/com/github/stephenc/jcip/jcip-annotations/1.0-1/jcip-annotations-1.0-1.jar:/home/user/.m2/repository/net/minidev/json-smart/2.3/json-smart-2.3.jar:/home/user/.m2/repository/net/minidev/accessors-smart/1.2/accessors-smart-1.2.jar:/home/user/.m2/repository/org/ow2/asm/asm/5.0.4/asm-5.0.4.jar:/home/user/.m2/repository/org/apache/curator/curator-framework/2.12.0/curator-framework-2.12.0.jar:/home/user/.m2/repository/com/sun/jersey/jersey-core/1.19/jersey-core-1.19.jar:/home/user/.m2/repository/javax/ws/rs/jsr311-api/1.1.1/jsr311-api-1.1.1.jar:/home/user/.m2/repository/com/sun/jersey/jersey-server/1.19/jersey-server-1.19.jar:/home/user/.m2/repository/javax/servlet/javax.servlet-api/3.1.0/javax.servlet-api-3.1.0.jar:/home/user/.m2/repository/org/eclipse/jetty/jetty-server/9.3.24.v20180605/jetty-server-9.3.24.v20180605.jar:/home/user/.m2/repository/org/eclipse/jetty/jetty-http/9.3.24.v20180605/jetty-http-9.3.24.v20180605.jar:/home/user/.m2/repository/org/eclipse/jetty/jetty-io/9.3.24.v20180605/jetty-io-9.3.24.v20180605.jar:/home/user/.m2/repository/org/eclipse/jetty/jetty-webapp/9.3.24.v20180605/jetty-webapp-9.3.24.v20180605.jar:/home/user/.m2/repository/org/eclipse/jetty/jetty-xml/9.3.24.v20180605/jetty-xml-9.3.24.v20180605.jar:/home/user/.m2/repository/log4j/log4j/1.2.17/log4j-1.2.17.jar:/home/user/.m2/repository/org/slf4j/slf4j-api/1.7.25/slf4j-api-1.7.25.jar:/home/user/.m2/repository/org/slf4j/jul-to-slf4j/1.7.25/jul-to-slf4j-1.7.25.jar:/home/user/.m2/repository/org/eclipse/jetty/jetty-util/9.3.24.v20180605/jetty-util-9.3.24.v20180605.jar:/home/user/.m2/repository/com/fasterxml/jackson/core/jackson-databind/2.9.5/jackson-databind-2.9.5.jar:/home/user/.m2/repository/org/apache/hadoop/hadoop-kms/3.2.0/hadoop-kms-3.2.0-tests.jar:/home/user/.m2/repository/org/apache/hadoop/hadoop-hdds-server-scm/0.5.0-SNAPSHOT/hadoop-hdds-server-scm-0.5.0-SNAPSHOT-tests.jar:/home/user/.m2/repository/org/apache/hadoop/hadoop-hdds-container-service/0.5.0-SNAPSHOT/hadoop-hdds-container-service-0.5.0-SNAPSHOT-tests.jar:/home/user/.m2/repository/org/yaml/snakeyaml/1.16/snakeyaml-1.16.jar:/home/user/.m2/repository/org/apache/hadoop/hadoop-common/3.2.0/hadoop-common-3.2.0-tests.jar:/home/user/.m2/repository/org/apache/hadoop/hadoop-annotations/3.2.0/hadoop-annotations-3.2.0.jar:/usr/lib/jvm/java-1.8-openjdk/jre/../lib/tools.jar:/home/user/.m2/repository/commons-cli/commons-cli/1.2/commons-cli-1.2.jar:/home/user/.m2/repository/org/apache/httpcomponents/httpclient/4.5.2/httpclient-4.5.2.jar:/home/user/.m2/repository/org/apache/httpcomponents/httpcore/4.4.4/httpcore-4.4.4.jar:/home/user/.m2/repository/commons-codec/commons-codec/1.11/commons-codec-1.11.jar:/home/user/.m2/repository/commons-net/commons-net/3.6/commons-net-3.6.jar:/home/user/.m2/repository/commons-collections/commons-collections/3.2.2/commons-collections-3.2.2.jar:/home/user/.m2/repository/org/eclipse/jetty/jetty-servlet/9.3.24.v20180605/jetty-servlet-9.3.24.v20180605.jar:/home/user/.m2/repository/org/eclipse/jetty/jetty-security/9.3.24.v20180605/jetty-security-9.3.24.v20180605.jar:/home/user/.m2/repository/javax/servlet/jsp/jsp-api/2.1/jsp-api-2.1.jar:/home/user/.m2/repository/com/sun/jersey/jersey-servlet/1.19/jersey-servlet-1.19.jar:/home/user/.m2/repository/com/sun/jersey/jersey-json/1.19/jersey-json-1.19.jar:/home/user/.m2/repository/org/codehaus/jettison/jettison/1.1/jettison-1.1.jar:/home/user/.m2/repository/org/codehaus/jackson/jackson-core-asl/1.9.13/jackson-core-asl-1.9.13.jar:/home/user/.m2/repository/org/codehaus/jackson/jackson-mapper-asl/1.9.13/jackson-mapper-asl-1.9.13.jar:/home/user/.m2/repository/org/codehaus/jackson/jackson-jaxrs/1.9.13/jackson-jaxrs-1.9.13.jar:/home/user/.m2/repository/org/codehaus/jackson/jackson-xc/1.9.13/jackson-xc-1.9.13.jar:/home/user/.m2/repository/commons-logging/commons-logging/1.1.3/commons-logging-1.1.3.jar:/home/user/.m2/repository/commons-beanutils/commons-beanutils/1.9.3/commons-beanutils-1.9.3.jar:/home/user/.m2/repository/org/apache/commons/commons-configuration2/2.1.1/commons-configuration2-2.1.1.jar:/home/user/.m2/repository/org/apache/commons/commons-lang3/3.7/commons-lang3-3.7.jar:/home/user/.m2/repository/org/apache/commons/commons-text/1.4/commons-text-1.4.jar:/home/user/.m2/repository/org/apache/avro/avro/1.7.7/avro-1.7.7.jar:/home/user/.m2/repository/com/thoughtworks/paranamer/paranamer/2.3/paranamer-2.3.jar:/home/user/.m2/repository/org/xerial/snappy/snappy-java/1.0.5/snappy-java-1.0.5.jar:/home/user/.m2/repository/com/google/re2j/re2j/1.1/re2j-1.1.jar:/home/user/.m2/repository/com/google/code/gson/gson/2.2.4/gson-2.2.4.jar:/home/user/.m2/repository/com/jcraft/jsch/0.1.54/jsch-0.1.54.jar:/home/user/.m2/repository/org/apache/curator/curator-client/2.12.0/curator-client-2.12.0.jar:/home/user/.m2/repository/org/apache/curator/curator-recipes/2.12.0/curator-recipes-2.12.0.jar:/home/user/.m2/repository/com/google/code/findbugs/jsr305/3.0.0/jsr305-3.0.0.jar:/home/user/.m2/repository/org/apache/htrace/htrace-core4/4.1.0-incubating/htrace-core4-4.1.0-incubating.jar:/home/user/.m2/repository/org/apache/zookeeper/zookeeper/3.4.13/zookeeper-3.4.13.jar:/home/user/.m2/repository/org/apache/yetus/audience-annotations/0.5.0/audience-annotations-0.5.0.jar:/home/user/.m2/repository/org/codehaus/woodstox/stax2-api/3.1.4/stax2-api-3.1.4.jar:/home/user/.m2/repository/com/fasterxml/woodstox/woodstox-core/5.0.3/woodstox-core-5.0.3.jar:/home/user/.m2/repository/dnsjava/dnsjava/2.1.7/dnsjava-2.1.7.jar:/home/user/.m2/repository/org/apache/hadoop/hadoop-hdfs/3.2.0/hadoop-hdfs-3.2.0-tests.jar:/home/user/.m2/repository/org/eclipse/jetty/jetty-util-ajax/9.3.24.v20180605/jetty-util-ajax-9.3.24.v20180605.jar:/home/user/.m2/repository/commons-daemon/commons-daemon/1.0.13/commons-daemon-1.0.13.jar:/home/user/.m2/repository/io/netty/netty/3.10.5.Final/netty-3.10.5.Final.jar:/home/user/.m2/repository/io/netty/netty-all/4.0.52.Final/netty-all-4.0.52.Final.jar:/home/user/.m2/repository/org/fusesource/leveldbjni/leveldbjni-all/1.8/leveldbjni-all-1.8.jar:"/>
    <property name="java.vm.vendor" value="IcedTea"/>
    <property name="sun.arch.data.model" value="64"/>
    <property name="test.build.dir" value="/workdir/hadoop-ozone/integration-test/target/test-dir"/>
    <property name="test.cache.data" value=""/>
    <property name="java.vendor.url" value="https://icedtea.classpath.org"/>
    <property name="user.timezone" value=""/>
    <property name="java.vm.specification.version" value="1.8"/>
    <property name="os.name" value="Linux"/>
    <property name="test.build.data" value="/workdir/hadoop-ozone/integration-test/target/test-dir"/>
    <property name="user.country" value="US"/>
    <property name="sun.java.launcher" value="SUN_STANDARD"/>
    <property name="sun.boot.library.path" value="/usr/lib/jvm/java-1.8-openjdk/jre/lib/amd64"/>
    <property name="sun.java.command" value="/workdir/hadoop-ozone/integration-test/target/surefire/surefirebooter7449965312161735226.jar /workdir/hadoop-ozone/integration-test/target/surefire 2019-08-23T23-05-11_579-jvmRun1 surefire48277531116576579tmp surefire_214324168190351601693tmp"/>
    <property name="test" value="!TestMiniChaosOzoneCluster"/>
    <property name="surefire.test.class.path" value="/workdir/hadoop-ozone/integration-test/target/test-classes:/workdir/hadoop-ozone/integration-test/target/classes:/home/user/.m2/repository/org/apache/hadoop/hadoop-ozone-common/0.5.0-SNAPSHOT/hadoop-ozone-common-0.5.0-SNAPSHOT.jar:/home/user/.m2/repository/org/apache/commons/commons-compress/1.4.1/commons-compress-1.4.1.jar:/home/user/.m2/repository/org/tukaani/xz/1.0/xz-1.0.jar:/home/user/.m2/repository/org/apache/hadoop/hadoop-common/3.2.0/hadoop-common-3.2.0.jar:/home/user/.m2/repository/org/apache/hadoop/hadoop-hdfs/3.2.0/hadoop-hdfs-3.2.0.jar:/home/user/.m2/repository/org/apache/hadoop/hadoop-hdfs-client/3.2.0/hadoop-hdfs-client-3.2.0.jar:/home/user/.m2/repository/com/fasterxml/jackson/core/jackson-annotations/2.9.5/jackson-annotations-2.9.5.jar:/home/user/.m2/repository/org/apache/hadoop/hadoop-hdds-common/0.5.0-SNAPSHOT/hadoop-hdds-common-0.5.0-SNAPSHOT.jar:/home/user/.m2/repository/javax/annotation/javax.annotation-api/1.2/javax.annotation-api-1.2.jar:/home/user/.m2/repository/org/apache/ratis/ratis-server/0.4.0-2337318-SNAPSHOT/ratis-server-0.4.0-2337318-SNAPSHOT.jar:/home/user/.m2/repository/org/apache/ratis/ratis-thirdparty-misc/0.2.0/ratis-thirdparty-misc-0.2.0.jar:/home/user/.m2/repository/org/apache/ratis/ratis-proto/0.4.0-2337318-SNAPSHOT/ratis-proto-0.4.0-2337318-SNAPSHOT.jar:/home/user/.m2/repository/org/apache/ratis/ratis-common/0.4.0-2337318-SNAPSHOT/ratis-common-0.4.0-2337318-SNAPSHOT.jar:/home/user/.m2/repository/org/apache/ratis/ratis-client/0.4.0-2337318-SNAPSHOT/ratis-client-0.4.0-2337318-SNAPSHOT.jar:/home/user/.m2/repository/org/apache/ratis/ratis-metrics/0.4.0-2337318-SNAPSHOT/ratis-metrics-0.4.0-2337318-SNAPSHOT.jar:/home/user/.m2/repository/org/apache/ratis/ratis-netty/0.4.0-2337318-SNAPSHOT/ratis-netty-0.4.0-2337318-SNAPSHOT.jar:/home/user/.m2/repository/org/apache/ratis/ratis-grpc/0.4.0-2337318-SNAPSHOT/ratis-grpc-0.4.0-2337318-SNAPSHOT.jar:/home/user/.m2/repository/org/rocksdb/rocksdbjni/6.0.1/rocksdbjni-6.0.1.jar:/home/user/.m2/repository/org/apache/logging/log4j/log4j-api/2.11.0/log4j-api-2.11.0.jar:/home/user/.m2/repository/org/apache/logging/log4j/log4j-core/2.11.0/log4j-core-2.11.0.jar:/home/user/.m2/repository/com/lmax/disruptor/3.4.2/disruptor-3.4.2.jar:/home/user/.m2/repository/org/apache/commons/commons-pool2/2.6.0/commons-pool2-2.6.0.jar:/home/user/.m2/repository/org/bouncycastle/bcpkix-jdk15on/1.60/bcpkix-jdk15on-1.60.jar:/home/user/.m2/repository/commons-validator/commons-validator/1.6/commons-validator-1.6.jar:/home/user/.m2/repository/commons-digester/commons-digester/1.8.1/commons-digester-1.8.1.jar:/home/user/.m2/repository/io/jaegertracing/jaeger-client/0.33.1/jaeger-client-0.33.1.jar:/home/user/.m2/repository/io/jaegertracing/jaeger-thrift/0.33.1/jaeger-thrift-0.33.1.jar:/home/user/.m2/repository/org/apache/thrift/libthrift/0.11.0/libthrift-0.11.0.jar:/home/user/.m2/repository/com/squareup/okhttp3/okhttp/3.9.0/okhttp-3.9.0.jar:/home/user/.m2/repository/com/squareup/okio/okio/1.13.0/okio-1.13.0.jar:/home/user/.m2/repository/io/jaegertracing/jaeger-core/0.33.1/jaeger-core-0.33.1.jar:/home/user/.m2/repository/io/jaegertracing/jaeger-tracerresolver/0.33.1/jaeger-tracerresolver-0.33.1.jar:/home/user/.m2/repository/io/opentracing/contrib/opentracing-tracerresolver/0.1.5/opentracing-tracerresolver-0.1.5.jar:/home/user/.m2/repository/io/opentracing/opentracing-util/0.31.0/opentracing-util-0.31.0.jar:/home/user/.m2/repository/io/opentracing/opentracing-api/0.31.0/opentracing-api-0.31.0.jar:/home/user/.m2/repository/io/opentracing/opentracing-noop/0.31.0/opentracing-noop-0.31.0.jar:/home/user/.m2/repository/org/apache/hadoop/hadoop-hdds-server-framework/0.5.0-SNAPSHOT/hadoop-hdds-server-framework-0.5.0-SNAPSHOT.jar:/home/user/.m2/repository/org/apache/hadoop/hadoop-hdds-container-service/0.5.0-SNAPSHOT/hadoop-hdds-container-service-0.5.0-SNAPSHOT.jar:/home/user/.m2/repository/org/apache/hadoop/hadoop-hdds-client/0.5.0-SNAPSHOT/hadoop-hdds-client-0.5.0-SNAPSHOT.jar:/home/user/.m2/repository/org/apache/hadoop/hadoop-hdds-tools/0.5.0-SNAPSHOT/hadoop-hdds-tools-0.5.0-SNAPSHOT.jar:/home/user/.m2/repository/org/apache/hadoop/hadoop-hdds-server-scm/0.5.0-SNAPSHOT/hadoop-hdds-server-scm-0.5.0-SNAPSHOT.jar:/home/user/.m2/repository/org/apache/hadoop/hadoop-hdds-docs/0.5.0-SNAPSHOT/hadoop-hdds-docs-0.5.0-SNAPSHOT.jar:/home/user/.m2/repository/io/dropwizard/metrics/metrics-core/3.2.4/metrics-core-3.2.4.jar:/home/user/.m2/repository/org/hamcrest/hamcrest-all/1.3/hamcrest-all-1.3.jar:/home/user/.m2/repository/org/bouncycastle/bcprov-jdk15on/1.60/bcprov-jdk15on-1.60.jar:/home/user/.m2/repository/info/picocli/picocli/3.9.6/picocli-3.9.6.jar:/home/user/.m2/repository/com/google/protobuf/protobuf-java/2.5.0/protobuf-java-2.5.0.jar:/home/user/.m2/repository/com/google/guava/guava/11.0.2/guava-11.0.2.jar:/home/user/.m2/repository/org/apache/hadoop/hadoop-ozone-ozone-manager/0.5.0-SNAPSHOT/hadoop-ozone-ozone-manager-0.5.0-SNAPSHOT.jar:/home/user/.m2/repository/org/apache/hadoop/hadoop-minikdc/3.2.0/hadoop-minikdc-3.2.0.jar:/home/user/.m2/repository/commons-io/commons-io/2.5/commons-io-2.5.jar:/home/user/.m2/repository/org/apache/kerby/kerb-simplekdc/1.0.1/kerb-simplekdc-1.0.1.jar:/home/user/.m2/repository/org/apache/kerby/kerb-client/1.0.1/kerb-client-1.0.1.jar:/home/user/.m2/repository/org/apache/kerby/kerby-config/1.0.1/kerby-config-1.0.1.jar:/home/user/.m2/repository/org/apache/kerby/kerb-core/1.0.1/kerb-core-1.0.1.jar:/home/user/.m2/repository/org/apache/kerby/kerby-pkix/1.0.1/kerby-pkix-1.0.1.jar:/home/user/.m2/repository/org/apache/kerby/kerby-asn1/1.0.1/kerby-asn1-1.0.1.jar:/home/user/.m2/repository/org/apache/kerby/kerby-util/1.0.1/kerby-util-1.0.1.jar:/home/user/.m2/repository/org/apache/kerby/kerb-common/1.0.1/kerb-common-1.0.1.jar:/home/user/.m2/repository/org/apache/kerby/kerb-crypto/1.0.1/kerb-crypto-1.0.1.jar:/home/user/.m2/repository/org/apache/kerby/kerb-util/1.0.1/kerb-util-1.0.1.jar:/home/user/.m2/repository/org/apache/kerby/token-provider/1.0.1/token-provider-1.0.1.jar:/home/user/.m2/repository/org/apache/kerby/kerb-admin/1.0.1/kerb-admin-1.0.1.jar:/home/user/.m2/repository/org/apache/kerby/kerb-server/1.0.1/kerb-server-1.0.1.jar:/home/user/.m2/repository/org/apache/kerby/kerb-identity/1.0.1/kerb-identity-1.0.1.jar:/home/user/.m2/repository/org/apache/kerby/kerby-xdr/1.0.1/kerby-xdr-1.0.1.jar:/home/user/.m2/repository/org/slf4j/slf4j-log4j12/1.7.25/slf4j-log4j12-1.7.25.jar:/home/user/.m2/repository/org/apache/hadoop/hadoop-ozone-objectstore-service/0.5.0-SNAPSHOT/hadoop-ozone-objectstore-service-0.5.0-SNAPSHOT.jar:/home/user/.m2/repository/org/apache/hadoop/hadoop-ozone-s3gateway/0.5.0-SNAPSHOT/hadoop-ozone-s3gateway-0.5.0-SNAPSHOT.jar:/home/user/.m2/repository/org/jboss/weld/servlet/weld-servlet/2.4.7.Final/weld-servlet-2.4.7.Final.jar:/home/user/.m2/repository/org/glassfish/jersey/containers/jersey-container-servlet-core/2.27/jersey-container-servlet-core-2.27.jar:/home/user/.m2/repository/org/glassfish/hk2/external/javax.inject/2.5.0-b42/javax.inject-2.5.0-b42.jar:/home/user/.m2/repository/org/glassfish/jersey/core/jersey-common/2.27/jersey-common-2.27.jar:/home/user/.m2/repository/org/glassfish/hk2/osgi-resource-locator/1.0.1/osgi-resource-locator-1.0.1.jar:/home/user/.m2/repository/javax/ws/rs/javax.ws.rs-api/2.1/javax.ws.rs-api-2.1.jar:/home/user/.m2/repository/org/glassfish/jersey/ext/cdi/jersey-cdi1x/2.27/jersey-cdi1x-2.27.jar:/home/user/.m2/repository/org/glassfish/jersey/inject/jersey-hk2/2.27/jersey-hk2-2.27.jar:/home/user/.m2/repository/org/glassfish/hk2/hk2-locator/2.5.0-b42/hk2-locator-2.5.0-b42.jar:/home/user/.m2/repository/org/javassist/javassist/3.22.0-CR2/javassist-3.22.0-CR2.jar:/home/user/.m2/repository/org/glassfish/hk2/hk2-api/2.5.0/hk2-api-2.5.0.jar:/home/user/.m2/repository/org/glassfish/hk2/external/jakarta.inject/2.5.0/jakarta.inject-2.5.0.jar:/home/user/.m2/repository/org/glassfish/hk2/hk2-utils/2.5.0/hk2-utils-2.5.0.jar:/home/user/.m2/repository/jakarta/annotation/jakarta.annotation-api/1.3.4/jakarta.annotation-api-1.3.4.jar:/home/user/.m2/repository/org/glassfish/hk2/external/aopalliance-repackaged/2.5.0/aopalliance-repackaged-2.5.0.jar:/home/user/.m2/repository/com/fasterxml/jackson/dataformat/jackson-dataformat-xml/2.9.0/jackson-dataformat-xml-2.9.0.jar:/home/user/.m2/repository/com/fasterxml/jackson/core/jackson-core/2.9.5/jackson-core-2.9.5.jar:/home/user/.m2/repository/com/fasterxml/jackson/module/jackson-module-jaxb-annotations/2.9.5/jackson-module-jaxb-annotations-2.9.5.jar:/home/user/.m2/repository/javax/enterprise/cdi-api/1.2/cdi-api-1.2.jar:/home/user/.m2/repository/javax/el/javax.el-api/3.0.0/javax.el-api-3.0.0.jar:/home/user/.m2/repository/javax/interceptor/javax.interceptor-api/1.2/javax.interceptor-api-1.2.jar:/home/user/.m2/repository/javax/inject/javax.inject/1/javax.inject-1.jar:/home/user/.m2/repository/com/sun/xml/bind/jaxb-impl/2.3.0.1/jaxb-impl-2.3.0.1.jar:/home/user/.m2/repository/com/sun/xml/bind/jaxb-core/2.3.0.1/jaxb-core-2.3.0.1.jar:/home/user/.m2/repository/javax/xml/bind/jaxb-api/2.3.0/jaxb-api-2.3.0.jar:/home/user/.m2/repository/javax/activation/activation/1.1.1/activation-1.1.1.jar:/home/user/.m2/repository/org/apache/hadoop/hadoop-ozone-csi/0.5.0-SNAPSHOT/hadoop-ozone-csi-0.5.0-SNAPSHOT.jar:/home/user/.m2/repository/com/google/protobuf/protobuf-java-util/3.5.1/protobuf-java-util-3.5.1.jar:/home/user/.m2/repository/org/apache/hadoop/hadoop-hdds-config/0.5.0-SNAPSHOT/hadoop-hdds-config-0.5.0-SNAPSHOT.jar:/home/user/.m2/repository/io/grpc/grpc-netty/1.17.1/grpc-netty-1.17.1.jar:/home/user/.m2/repository/io/grpc/grpc-core/1.17.1/grpc-core-1.17.1.jar:/home/user/.m2/repository/io/grpc/grpc-context/1.17.1/grpc-context-1.17.1.jar:/home/user/.m2/repository/com/google/errorprone/error_prone_annotations/2.2.0/error_prone_annotations-2.2.0.jar:/home/user/.m2/repository/org/codehaus/mojo/animal-sniffer-annotations/1.17/animal-sniffer-annotations-1.17.jar:/home/user/.m2/repository/io/opencensus/opencensus-api/0.17.0/opencensus-api-0.17.0.jar:/home/user/.m2/repository/io/opencensus/opencensus-contrib-grpc-metrics/0.17.0/opencensus-contrib-grpc-metrics-0.17.0.jar:/home/user/.m2/repository/io/netty/netty-codec-http2/4.1.30.Final/netty-codec-http2-4.1.30.Final.jar:/home/user/.m2/repository/io/netty/netty-codec-http/4.1.30.Final/netty-codec-http-4.1.30.Final.jar:/home/user/.m2/repository/io/netty/netty-codec/4.1.30.Final/netty-codec-4.1.30.Final.jar:/home/user/.m2/repository/io/netty/netty-handler/4.1.30.Final/netty-handler-4.1.30.Final.jar:/home/user/.m2/repository/io/netty/netty-handler-proxy/4.1.30.Final/netty-handler-proxy-4.1.30.Final.jar:/home/user/.m2/repository/io/netty/netty-codec-socks/4.1.30.Final/netty-codec-socks-4.1.30.Final.jar:/home/user/.m2/repository/io/netty/netty-transport-native-epoll/4.1.30.Final/netty-transport-native-epoll-4.1.30.Final.jar:/home/user/.m2/repository/io/netty/netty-common/4.1.30.Final/netty-common-4.1.30.Final.jar:/home/user/.m2/repository/io/netty/netty-buffer/4.1.30.Final/netty-buffer-4.1.30.Final.jar:/home/user/.m2/repository/io/netty/netty-transport/4.1.30.Final/netty-transport-4.1.30.Final.jar:/home/user/.m2/repository/io/netty/netty-resolver/4.1.30.Final/netty-resolver-4.1.30.Final.jar:/home/user/.m2/repository/io/netty/netty-transport-native-unix-common/4.1.30.Final/netty-transport-native-unix-common-4.1.30.Final.jar:/home/user/.m2/repository/io/grpc/grpc-protobuf/1.17.1/grpc-protobuf-1.17.1.jar:/home/user/.m2/repository/com/google/api/grpc/proto-google-common-protos/1.0.0/proto-google-common-protos-1.0.0.jar:/home/user/.m2/repository/io/grpc/grpc-protobuf-lite/1.17.1/grpc-protobuf-lite-1.17.1.jar:/home/user/.m2/repository/io/grpc/grpc-stub/1.17.1/grpc-stub-1.17.1.jar:/home/user/.m2/repository/org/apache/hadoop/hadoop-ozone-recon/0.5.0-SNAPSHOT/hadoop-ozone-recon-0.5.0-SNAPSHOT.jar:/home/user/.m2/repository/org/apache/hadoop/hadoop-ozone-reconcodegen/0.5.0-SNAPSHOT/hadoop-ozone-reconcodegen-0.5.0-SNAPSHOT.jar:/home/user/.m2/repository/com/google/inject/extensions/guice-multibindings/4.0/guice-multibindings-4.0.jar:/home/user/.m2/repository/com/google/inject/guice/4.0/guice-4.0.jar:/home/user/.m2/repository/aopalliance/aopalliance/1.0/aopalliance-1.0.jar:/home/user/.m2/repository/com/google/inject/extensions/guice-servlet/4.0/guice-servlet-4.0.jar:/home/user/.m2/repository/org/glassfish/jersey/containers/jersey-container-servlet/2.27/jersey-container-servlet-2.27.jar:/home/user/.m2/repository/org/glassfish/hk2/guice-bridge/2.5.0/guice-bridge-2.5.0.jar:/home/user/.m2/repository/org/glassfish/jersey/core/jersey-server/2.27/jersey-server-2.27.jar:/home/user/.m2/repository/org/glassfish/jersey/core/jersey-client/2.27/jersey-client-2.27.jar:/home/user/.m2/repository/org/glassfish/jersey/media/jersey-media-jaxb/2.27/jersey-media-jaxb-2.27.jar:/home/user/.m2/repository/javax/validation/validation-api/1.1.0.Final/validation-api-1.1.0.Final.jar:/home/user/.m2/repository/org/glassfish/jersey/media/jersey-media-json-jackson/2.27/jersey-media-json-jackson-2.27.jar:/home/user/.m2/repository/org/glassfish/jersey/ext/jersey-entity-filtering/2.27/jersey-entity-filtering-2.27.jar:/home/user/.m2/repository/com/google/inject/extensions/guice-assistedinject/4.0/guice-assistedinject-4.0.jar:/home/user/.m2/repository/org/jooq/jooq/3.11.10/jooq-3.11.10.jar:/home/user/.m2/repository/org/jooq/jooq-meta/3.11.10/jooq-meta-3.11.10.jar:/home/user/.m2/repository/org/jooq/jooq-codegen/3.11.10/jooq-codegen-3.11.10.jar:/home/user/.m2/repository/com/jolbox/bonecp/0.8.0.RELEASE/bonecp-0.8.0.RELEASE.jar:/home/user/.m2/repository/org/xerial/sqlite-jdbc/3.25.2/sqlite-jdbc-3.25.2.jar:/home/user/.m2/repository/org/springframework/spring-jdbc/5.1.3.RELEASE/spring-jdbc-5.1.3.RELEASE.jar:/home/user/.m2/repository/org/springframework/spring-beans/5.1.3.RELEASE/spring-beans-5.1.3.RELEASE.jar:/home/user/.m2/repository/org/springframework/spring-core/5.1.3.RELEASE/spring-core-5.1.3.RELEASE.jar:/home/user/.m2/repository/org/springframework/spring-jcl/5.1.3.RELEASE/spring-jcl-5.1.3.RELEASE.jar:/home/user/.m2/repository/org/springframework/spring-tx/5.1.3.RELEASE/spring-tx-5.1.3.RELEASE.jar:/home/user/.m2/repository/org/apache/hadoop/hadoop-ozone-client/0.5.0-SNAPSHOT/hadoop-ozone-client-0.5.0-SNAPSHOT.jar:/home/user/.m2/repository/commons-lang/commons-lang/2.6/commons-lang-2.6.jar:/home/user/.m2/repository/org/apache/hadoop/hadoop-ozone-ozone-manager/0.5.0-SNAPSHOT/hadoop-ozone-ozone-manager-0.5.0-SNAPSHOT-tests.jar:/home/user/.m2/repository/junit/junit/4.11/junit-4.11.jar:/home/user/.m2/repository/org/hamcrest/hamcrest-core/1.3/hamcrest-core-1.3.jar:/home/user/.m2/repository/org/openjdk/jmh/jmh-core/1.19/jmh-core-1.19.jar:/home/user/.m2/repository/net/sf/jopt-simple/jopt-simple/4.6/jopt-simple-4.6.jar:/home/user/.m2/repository/org/apache/commons/commons-math3/3.1.1/commons-math3-3.1.1.jar:/home/user/.m2/repository/org/openjdk/jmh/jmh-generator-annprocess/1.19/jmh-generator-annprocess-1.19.jar:/home/user/.m2/repository/org/mockito/mockito-all/1.8.5/mockito-all-1.8.5.jar:/home/user/.m2/repository/org/apache/hadoop/hadoop-kms/3.2.0/hadoop-kms-3.2.0.jar:/home/user/.m2/repository/org/apache/hadoop/hadoop-auth/3.2.0/hadoop-auth-3.2.0.jar:/home/user/.m2/repository/com/nimbusds/nimbus-jose-jwt/4.41.1/nimbus-jose-jwt-4.41.1.jar:/home/user/.m2/repository/com/github/stephenc/jcip/jcip-annotations/1.0-1/jcip-annotations-1.0-1.jar:/home/user/.m2/repository/net/minidev/json-smart/2.3/json-smart-2.3.jar:/home/user/.m2/repository/net/minidev/accessors-smart/1.2/accessors-smart-1.2.jar:/home/user/.m2/repository/org/ow2/asm/asm/5.0.4/asm-5.0.4.jar:/home/user/.m2/repository/org/apache/curator/curator-framework/2.12.0/curator-framework-2.12.0.jar:/home/user/.m2/repository/com/sun/jersey/jersey-core/1.19/jersey-core-1.19.jar:/home/user/.m2/repository/javax/ws/rs/jsr311-api/1.1.1/jsr311-api-1.1.1.jar:/home/user/.m2/repository/com/sun/jersey/jersey-server/1.19/jersey-server-1.19.jar:/home/user/.m2/repository/javax/servlet/javax.servlet-api/3.1.0/javax.servlet-api-3.1.0.jar:/home/user/.m2/repository/org/eclipse/jetty/jetty-server/9.3.24.v20180605/jetty-server-9.3.24.v20180605.jar:/home/user/.m2/repository/org/eclipse/jetty/jetty-http/9.3.24.v20180605/jetty-http-9.3.24.v20180605.jar:/home/user/.m2/repository/org/eclipse/jetty/jetty-io/9.3.24.v20180605/jetty-io-9.3.24.v20180605.jar:/home/user/.m2/repository/org/eclipse/jetty/jetty-webapp/9.3.24.v20180605/jetty-webapp-9.3.24.v20180605.jar:/home/user/.m2/repository/org/eclipse/jetty/jetty-xml/9.3.24.v20180605/jetty-xml-9.3.24.v20180605.jar:/home/user/.m2/repository/log4j/log4j/1.2.17/log4j-1.2.17.jar:/home/user/.m2/repository/org/slf4j/slf4j-api/1.7.25/slf4j-api-1.7.25.jar:/home/user/.m2/repository/org/slf4j/jul-to-slf4j/1.7.25/jul-to-slf4j-1.7.25.jar:/home/user/.m2/repository/org/eclipse/jetty/jetty-util/9.3.24.v20180605/jetty-util-9.3.24.v20180605.jar:/home/user/.m2/repository/com/fasterxml/jackson/core/jackson-databind/2.9.5/jackson-databind-2.9.5.jar:/home/user/.m2/repository/org/apache/hadoop/hadoop-kms/3.2.0/hadoop-kms-3.2.0-tests.jar:/home/user/.m2/repository/org/apache/hadoop/hadoop-hdds-server-scm/0.5.0-SNAPSHOT/hadoop-hdds-server-scm-0.5.0-SNAPSHOT-tests.jar:/home/user/.m2/repository/org/apache/hadoop/hadoop-hdds-container-service/0.5.0-SNAPSHOT/hadoop-hdds-container-service-0.5.0-SNAPSHOT-tests.jar:/home/user/.m2/repository/org/yaml/snakeyaml/1.16/snakeyaml-1.16.jar:/home/user/.m2/repository/org/apache/hadoop/hadoop-common/3.2.0/hadoop-common-3.2.0-tests.jar:/home/user/.m2/repository/org/apache/hadoop/hadoop-annotations/3.2.0/hadoop-annotations-3.2.0.jar:/usr/lib/jvm/java-1.8-openjdk/jre/../lib/tools.jar:/home/user/.m2/repository/commons-cli/commons-cli/1.2/commons-cli-1.2.jar:/home/user/.m2/repository/org/apache/httpcomponents/httpclient/4.5.2/httpclient-4.5.2.jar:/home/user/.m2/repository/org/apache/httpcomponents/httpcore/4.4.4/httpcore-4.4.4.jar:/home/user/.m2/repository/commons-codec/commons-codec/1.11/commons-codec-1.11.jar:/home/user/.m2/repository/commons-net/commons-net/3.6/commons-net-3.6.jar:/home/user/.m2/repository/commons-collections/commons-collections/3.2.2/commons-collections-3.2.2.jar:/home/user/.m2/repository/org/eclipse/jetty/jetty-servlet/9.3.24.v20180605/jetty-servlet-9.3.24.v20180605.jar:/home/user/.m2/repository/org/eclipse/jetty/jetty-security/9.3.24.v20180605/jetty-security-9.3.24.v20180605.jar:/home/user/.m2/repository/javax/servlet/jsp/jsp-api/2.1/jsp-api-2.1.jar:/home/user/.m2/repository/com/sun/jersey/jersey-servlet/1.19/jersey-servlet-1.19.jar:/home/user/.m2/repository/com/sun/jersey/jersey-json/1.19/jersey-json-1.19.jar:/home/user/.m2/repository/org/codehaus/jettison/jettison/1.1/jettison-1.1.jar:/home/user/.m2/repository/org/codehaus/jackson/jackson-core-asl/1.9.13/jackson-core-asl-1.9.13.jar:/home/user/.m2/repository/org/codehaus/jackson/jackson-mapper-asl/1.9.13/jackson-mapper-asl-1.9.13.jar:/home/user/.m2/repository/org/codehaus/jackson/jackson-jaxrs/1.9.13/jackson-jaxrs-1.9.13.jar:/home/user/.m2/repository/org/codehaus/jackson/jackson-xc/1.9.13/jackson-xc-1.9.13.jar:/home/user/.m2/repository/commons-logging/commons-logging/1.1.3/commons-logging-1.1.3.jar:/home/user/.m2/repository/commons-beanutils/commons-beanutils/1.9.3/commons-beanutils-1.9.3.jar:/home/user/.m2/repository/org/apache/commons/commons-configuration2/2.1.1/commons-configuration2-2.1.1.jar:/home/user/.m2/repository/org/apache/commons/commons-lang3/3.7/commons-lang3-3.7.jar:/home/user/.m2/repository/org/apache/commons/commons-text/1.4/commons-text-1.4.jar:/home/user/.m2/repository/org/apache/avro/avro/1.7.7/avro-1.7.7.jar:/home/user/.m2/repository/com/thoughtworks/paranamer/paranamer/2.3/paranamer-2.3.jar:/home/user/.m2/repository/org/xerial/snappy/snappy-java/1.0.5/snappy-java-1.0.5.jar:/home/user/.m2/repository/com/google/re2j/re2j/1.1/re2j-1.1.jar:/home/user/.m2/repository/com/google/code/gson/gson/2.2.4/gson-2.2.4.jar:/home/user/.m2/repository/com/jcraft/jsch/0.1.54/jsch-0.1.54.jar:/home/user/.m2/repository/org/apache/curator/curator-client/2.12.0/curator-client-2.12.0.jar:/home/user/.m2/repository/org/apache/curator/curator-recipes/2.12.0/curator-recipes-2.12.0.jar:/home/user/.m2/repository/com/google/code/findbugs/jsr305/3.0.0/jsr305-3.0.0.jar:/home/user/.m2/repository/org/apache/htrace/htrace-core4/4.1.0-incubating/htrace-core4-4.1.0-incubating.jar:/home/user/.m2/repository/org/apache/zookeeper/zookeeper/3.4.13/zookeeper-3.4.13.jar:/home/user/.m2/repository/org/apache/yetus/audience-annotations/0.5.0/audience-annotations-0.5.0.jar:/home/user/.m2/repository/org/codehaus/woodstox/stax2-api/3.1.4/stax2-api-3.1.4.jar:/home/user/.m2/repository/com/fasterxml/woodstox/woodstox-core/5.0.3/woodstox-core-5.0.3.jar:/home/user/.m2/repository/dnsjava/dnsjava/2.1.7/dnsjava-2.1.7.jar:/home/user/.m2/repository/org/apache/hadoop/hadoop-hdfs/3.2.0/hadoop-hdfs-3.2.0-tests.jar:/home/user/.m2/repository/org/eclipse/jetty/jetty-util-ajax/9.3.24.v20180605/jetty-util-ajax-9.3.24.v20180605.jar:/home/user/.m2/repository/commons-daemon/commons-daemon/1.0.13/commons-daemon-1.0.13.jar:/home/user/.m2/repository/io/netty/netty/3.10.5.Final/netty-3.10.5.Final.jar:/home/user/.m2/repository/io/netty/netty-all/4.0.52.Final/netty-all-4.0.52.Final.jar:/home/user/.m2/repository/org/fusesource/leveldbjni/leveldbjni-all/1.8/leveldbjni-all-1.8.jar:"/>
    <property name="sun.cpu.endian" value="little"/>
    <property name="user.home" value="/home/user"/>
    <property name="user.language" value="en"/>
    <property name="java.specification.vendor" value="Oracle Corporation"/>
    <property name="java.home" value="/usr/lib/jvm/java-1.8-openjdk/jre"/>
    <property name="java.security.krb5.conf" value="/workdir/hadoop-ozone/integration-test/target/test-classes/krb5.conf"/>
    <property name="basedir" value="/workdir/hadoop-ozone/integration-test"/>
    <property name="file.separator" value="/"/>
    <property name="line.separator" value="&#10;"/>
    <property name="java.vm.specification.vendor" value="Oracle Corporation"/>
    <property name="java.specification.name" value="Java Platform API Specification"/>
    <property name="java.awt.graphicsenv" value="sun.awt.X11GraphicsEnvironment"/>
    <property name="surefire.real.class.path" value="/workdir/hadoop-ozone/integration-test/target/surefire/surefirebooter7449965312161735226.jar"/>
    <property name="hadoop.log.dir" value="/workdir/hadoop-ozone/integration-test/target/log"/>
    <property name="sun.boot.class.path" value="/usr/lib/jvm/java-1.8-openjdk/jre/lib/resources.jar:/usr/lib/jvm/java-1.8-openjdk/jre/lib/rt.jar:/usr/lib/jvm/java-1.8-openjdk/jre/lib/sunrsasign.jar:/usr/lib/jvm/java-1.8-openjdk/jre/lib/jsse.jar:/usr/lib/jvm/java-1.8-openjdk/jre/lib/jce.jar:/usr/lib/jvm/java-1.8-openjdk/jre/lib/charsets.jar:/usr/lib/jvm/java-1.8-openjdk/jre/lib/jfr.jar:/usr/lib/jvm/java-1.8-openjdk/jre/classes"/>
    <property name="sun.management.compiler" value="HotSpot 64-Bit Tiered Compilers"/>
    <property name="java.runtime.version" value="1.8.0_212-b04"/>
    <property name="java.net.preferIPv4Stack" value="true"/>
    <property name="user.name" value="jenkins1000"/>
    <property name="path.separator" value=":"/>
    <property name="java.security.egd" value="file:///dev/urandom"/>
    <property name="os.version" value="3.10.0-957.12.2.el7.x86_64"/>
    <property name="java.endorsed.dirs" value="/usr/lib/jvm/java-1.8-openjdk/jre/lib/endorsed"/>
    <property name="java.runtime.name" value="OpenJDK Runtime Environment"/>
    <property name="file.encoding" value="UTF-8"/>
    <property name="java.vm.name" value="OpenJDK 64-Bit Server VM"/>
    <property name="test.build.webapps" value=""/>
    <property name="localRepository" value="/home/user/.m2/repository"/>
    <property name="java.vendor.url.bug" value="https://icedtea.classpath.org/bugzilla"/>
    <property name="java.io.tmpdir" value="/tmp"/>
    <property name="require.test.libhadoop" value=""/>
    <property name="java.version" value="1.8.0_212"/>
    <property name="user.dir" value="/workdir/hadoop-ozone/integration-test"/>
    <property name="os.arch" value="amd64"/>
    <property name="java.vm.specification.name" value="Java Virtual Machine Specification"/>
    <property name="test.build.classes" value="/workdir/hadoop-ozone/integration-test/target/test-classes"/>
    <property name="java.awt.printerjob" value="sun.print.PSPrinterJob"/>
    <property name="sun.os.patch.level" value="unknown"/>
    <property name="hadoop.tmp.dir" value="/workdir/hadoop-ozone/integration-test/target/tmp"/>
    <property name="java.library.path" value="/usr/lib/jvm/java-1.8-openjdk/jre/lib/amd64/server:/usr/lib/jvm/java-1.8-openjdk/jre/lib/amd64:/usr/lib/jvm/java-1.8-openjdk/jre/../lib/amd64:/workdir/hadoop-ozone/integration-test/target/native/target/usr/local/lib:/workdir/hadoop-ozone/integration-test/../../hadoop-common-project/hadoop-common/target/native/target/usr/local/lib:/usr/java/packages/lib/amd64:/usr/lib64:/lib64:/lib:/usr/lib"/>
    <property name="java.vm.info" value="mixed mode"/>
    <property name="java.vendor" value="IcedTea"/>
    <property name="java.vm.version" value="25.212-b04"/>
    <property name="java.ext.dirs" value="/usr/lib/jvm/java-1.8-openjdk/jre/lib/ext:/usr/java/packages/lib/ext"/>
    <property name="sun.io.unicode.encoding" value="UnicodeLittle"/>
    <property name="java.class.version" value="52.0"/>
  </properties>
  <testcase name="testContainerStateMachineFailures" classname="org.apache.hadoop.ozone.client.rpc.TestContainerStateMachineFailures" time="9.757">
    <error message="Allocated 0 blocks. Requested 1 blocks" type="INTERNAL_ERROR org.apache.hadoop.ozone.om.exceptions.OMException">INTERNAL_ERROR org.apache.hadoop.ozone.om.exceptions.OMException: Allocated 0 blocks. Requested 1 blocks
	at org.apache.hadoop.ozone.om.protocolPB.OzoneManagerProtocolClientSideTranslatorPB.handleError(OzoneManagerProtocolClientSideTranslatorPB.java:725)
	at org.apache.hadoop.ozone.om.protocolPB.OzoneManagerProtocolClientSideTranslatorPB.allocateBlock(OzoneManagerProtocolClientSideTranslatorPB.java:757)
	at org.apache.hadoop.ozone.client.io.BlockOutputStreamEntryPool.allocateNewBlock(BlockOutputStreamEntryPool.java:248)
	at org.apache.hadoop.ozone.client.io.BlockOutputStreamEntryPool.allocateBlockIfNeeded(BlockOutputStreamEntryPool.java:296)
	at org.apache.hadoop.ozone.client.io.KeyOutputStream.handleWrite(KeyOutputStream.java:201)
	at org.apache.hadoop.ozone.client.io.KeyOutputStream.handleRetry(KeyOutputStream.java:376)
	at org.apache.hadoop.ozone.client.io.KeyOutputStream.handleException(KeyOutputStream.java:325)
	at org.apache.hadoop.ozone.client.io.KeyOutputStream.handleFlushOrClose(KeyOutputStream.java:448)
	at org.apache.hadoop.ozone.client.io.KeyOutputStream.flush(KeyOutputStream.java:396)
	at org.apache.hadoop.ozone.client.io.OzoneOutputStream.flush(OzoneOutputStream.java:54)
	at org.apache.hadoop.ozone.client.rpc.TestContainerStateMachineFailures.testContainerStateMachineFailures(TestContainerStateMachineFailures.java:154)
	at sun.reflect.NativeMethodAccessorImpl.invoke0(Native Method)
	at sun.reflect.NativeMethodAccessorImpl.invoke(NativeMethodAccessorImpl.java:62)
	at sun.reflect.DelegatingMethodAccessorImpl.invoke(DelegatingMethodAccessorImpl.java:43)
	at java.lang.reflect.Method.invoke(Method.java:498)
	at org.junit.runners.model.FrameworkMethod$1.runReflectiveCall(FrameworkMethod.java:47)
	at org.junit.internal.runners.model.ReflectiveCallable.run(ReflectiveCallable.java:12)
	at org.junit.runners.model.FrameworkMethod.invokeExplosively(FrameworkMethod.java:44)
	at org.junit.internal.runners.statements.InvokeMethod.evaluate(InvokeMethod.java:17)
	at org.junit.runners.ParentRunner.runLeaf(ParentRunner.java:271)
	at org.junit.runners.BlockJUnit4ClassRunner.runChild(BlockJUnit4ClassRunner.java:70)
	at org.junit.runners.BlockJUnit4ClassRunner.runChild(BlockJUnit4ClassRunner.java:50)
	at org.junit.runners.ParentRunner$3.run(ParentRunner.java:238)
	at org.junit.runners.ParentRunner$1.schedule(ParentRunner.java:63)
	at org.junit.runners.ParentRunner.runChildren(ParentRunner.java:236)
	at org.junit.runners.ParentRunner.access$000(ParentRunner.java:53)
	at org.junit.runners.ParentRunner$2.evaluate(ParentRunner.java:229)
	at org.junit.internal.runners.statements.RunBefores.evaluate(RunBefores.java:26)
	at org.junit.internal.runners.statements.RunAfters.evaluate(RunAfters.java:27)
	at org.junit.runners.ParentRunner.run(ParentRunner.java:309)
	at org.apache.maven.surefire.junit4.JUnit4Provider.execute(JUnit4Provider.java:365)
	at org.apache.maven.surefire.junit4.JUnit4Provider.executeWithRerun(JUnit4Provider.java:273)
	at org.apache.maven.surefire.junit4.JUnit4Provider.executeTestSet(JUnit4Provider.java:238)
	at org.apache.maven.surefire.junit4.JUnit4Provider.invoke(JUnit4Provider.java:159)
	at org.apache.maven.surefire.booter.ForkedBooter.invokeProviderInSameClassLoader(ForkedBooter.java:384)
	at org.apache.maven.surefire.booter.ForkedBooter.runSuitesInProcess(ForkedBooter.java:345)
	at org.apache.maven.surefire.booter.ForkedBooter.execute(ForkedBooter.java:126)
	at org.apache.maven.surefire.booter.ForkedBooter.main(ForkedBooter.java:418)
</error>
    <system-out><![CDATA[2019-08-23 23:13:19,843 [main] WARN  server.ServerUtils (ServerUtils.java:getScmDbDir(145)) - ozone.scm.db.dirs is not configured. We recommend adding this setting. Falling back to ozone.metadata.dirs instead.
2019-08-23 23:13:20,052 [main] WARN  server.ServerUtils (ServerUtils.java:getScmDbDir(145)) - ozone.scm.db.dirs is not configured. We recommend adding this setting. Falling back to ozone.metadata.dirs instead.
2019-08-23 23:13:20,055 [main] WARN  server.ServerUtils (ServerUtils.java:getScmDbDir(145)) - ozone.scm.db.dirs is not configured. We recommend adding this setting. Falling back to ozone.metadata.dirs instead.
2019-08-23 23:13:20,072 [main] INFO  util.log (Log.java:initialized(192)) - Logging initialized @933ms
2019-08-23 23:13:20,171 [main] INFO  db.DBStoreBuilder (DBStoreBuilder.java:addTable(110)) - using custom profile for table: deletedBlocks
2019-08-23 23:13:20,172 [main] INFO  db.DBStoreBuilder (DBStoreBuilder.java:processTables(161)) - Using default column profile:DBProfile.DISK for Table:deletedBlocks
2019-08-23 23:13:20,172 [main] INFO  db.DBStoreBuilder (DBStoreBuilder.java:addTable(110)) - using custom profile for table: validCerts
2019-08-23 23:13:20,172 [main] INFO  db.DBStoreBuilder (DBStoreBuilder.java:processTables(161)) - Using default column profile:DBProfile.DISK for Table:validCerts
2019-08-23 23:13:20,172 [main] INFO  db.DBStoreBuilder (DBStoreBuilder.java:addTable(110)) - using custom profile for table: revokedCerts
2019-08-23 23:13:20,173 [main] INFO  db.DBStoreBuilder (DBStoreBuilder.java:processTables(161)) - Using default column profile:DBProfile.DISK for Table:revokedCerts
2019-08-23 23:13:20,185 [main] INFO  db.DBStoreBuilder (DBStoreBuilder.java:addTable(110)) - using custom profile for table: default
2019-08-23 23:13:20,185 [main] INFO  db.DBStoreBuilder (DBStoreBuilder.java:processTables(167)) - Using default column profile:DBProfile.DISK for Table:default
2019-08-23 23:13:20,186 [main] INFO  db.DBStoreBuilder (DBStoreBuilder.java:getDbProfile(198)) - Using default options. DBProfile.DISK
2019-08-23 23:13:20,974 [main] INFO  net.NodeSchemaLoader (NodeSchemaLoader.java:loadSchemaFromFile(125)) - Loading file from sun.misc.CompoundEnumeration@6a192cfe
2019-08-23 23:13:20,976 [main] INFO  net.NodeSchemaLoader (NodeSchemaLoader.java:loadSchema(171)) - Loading network topology layer schema file
2019-08-23 23:13:21,049 [main] INFO  node.SCMNodeManager (SCMNodeManager.java:<init>(121)) - Entering startup safe mode.
2019-08-23 23:13:21,125 [main] INFO  algorithms.ContainerPlacementPolicyFactory (ContainerPlacementPolicyFactory.java:getPolicy(55)) - Create container placement policy of type org.apache.hadoop.hdds.scm.container.placement.algorithms.SCMContainerPlacementRandom
2019-08-23 23:13:21,140 [main] WARN  server.ServerUtils (ServerUtils.java:getScmDbDir(145)) - ozone.scm.db.dirs is not configured. We recommend adding this setting. Falling back to ozone.metadata.dirs instead.
2019-08-23 23:13:21,461 [main] INFO  pipeline.SCMPipelineManager (SCMPipelineManager.java:initializePipelineState(126)) - No pipeline exists in current db
2019-08-23 23:13:21,463 [main] WARN  server.ServerUtils (ServerUtils.java:getScmDbDir(145)) - ozone.scm.db.dirs is not configured. We recommend adding this setting. Falling back to ozone.metadata.dirs instead.
2019-08-23 23:13:21,750 [main] WARN  events.EventQueue (EventQueue.java:fireEvent(175)) - No event handler registered for event TypedEvent{payloadType=SafeModeStatus, name='SafeModeStatus'}
2019-08-23 23:13:22,203 [main] INFO  ipc.CallQueueManager (CallQueueManager.java:<init>(84)) - Using callQueue: class java.util.concurrent.LinkedBlockingQueue, queueCapacity: 2000, scheduler: class org.apache.hadoop.ipc.DefaultRpcScheduler, ipcBackoff: false.
2019-08-23 23:13:22,452 [Socket Reader #1 for port 42653] INFO  ipc.Server (Server.java:run(1074)) - Starting Socket Reader #1 for port 42653
2019-08-23 23:13:22,476 [main] INFO  ipc.CallQueueManager (CallQueueManager.java:<init>(84)) - Using callQueue: class java.util.concurrent.LinkedBlockingQueue, queueCapacity: 2000, scheduler: class org.apache.hadoop.ipc.DefaultRpcScheduler, ipcBackoff: false.
2019-08-23 23:13:22,476 [Socket Reader #1 for port 40587] INFO  ipc.Server (Server.java:run(1074)) - Starting Socket Reader #1 for port 40587
2019-08-23 23:13:22,484 [main] INFO  ipc.CallQueueManager (CallQueueManager.java:<init>(84)) - Using callQueue: class java.util.concurrent.LinkedBlockingQueue, queueCapacity: 2000, scheduler: class org.apache.hadoop.ipc.DefaultRpcScheduler, ipcBackoff: false.
2019-08-23 23:13:22,485 [Socket Reader #1 for port 38366] INFO  ipc.Server (Server.java:run(1074)) - Starting Socket Reader #1 for port 38366
2019-08-23 23:13:22,508 [main] INFO  hdfs.DFSUtil (DFSUtil.java:httpServerTemplateForNNAndJN(1641)) - Starting Web-server for scm at: http://0.0.0.0:0
2019-08-23 23:13:22,646 [main] INFO  server.AuthenticationFilter (AuthenticationFilter.java:constructSecretProvider(240)) - Unable to initialize FileSignerSecretProvider, falling back to use random secrets.
2019-08-23 23:13:22,654 [main] WARN  http.HttpRequestLog (HttpRequestLog.java:getRequestLog(97)) - Jetty request log can only be enabled using Log4j
2019-08-23 23:13:22,662 [main] INFO  http.HttpServer2 (HttpServer2.java:addGlobalFilter(975)) - Added global filter 'safety' (class=org.apache.hadoop.http.HttpServer2$QuotingInputFilter)
2019-08-23 23:13:22,665 [main] INFO  http.HttpServer2 (HttpServer2.java:addFilter(948)) - Added filter static_user_filter (class=org.apache.hadoop.http.lib.StaticUserWebFilter$StaticUserFilter) to context scm
2019-08-23 23:13:22,665 [main] INFO  http.HttpServer2 (HttpServer2.java:addFilter(958)) - Added filter static_user_filter (class=org.apache.hadoop.http.lib.StaticUserWebFilter$StaticUserFilter) to context logs
2019-08-23 23:13:22,665 [main] INFO  http.HttpServer2 (HttpServer2.java:addFilter(958)) - Added filter static_user_filter (class=org.apache.hadoop.http.lib.StaticUserWebFilter$StaticUserFilter) to context static
2019-08-23 23:13:22,693 [main] INFO  server.StorageContainerManager (StorageContainerManager.java:start(759)) - StorageContainerLocationProtocol RPC server is listening at /0.0.0.0:38366
2019-08-23 23:13:22,756 [main] WARN  impl.MetricsConfig (MetricsConfig.java:loadFirst(134)) - Cannot locate configuration: tried hadoop-metrics2-storagecontainermanager.properties,hadoop-metrics2.properties
2019-08-23 23:13:22,768 [main] INFO  impl.MetricsSystemImpl (MetricsSystemImpl.java:startTimer(374)) - Scheduled Metric snapshot period at 10 second(s).
2019-08-23 23:13:22,768 [main] INFO  impl.MetricsSystemImpl (MetricsSystemImpl.java:start(191)) - StorageContainerManager metrics system started
2019-08-23 23:13:22,999 [main] INFO  server.SCMClientProtocolServer (SCMClientProtocolServer.java:start(151)) - RPC server for Client  is listening at /0.0.0.0:38366
2019-08-23 23:13:22,999 [IPC Server Responder] INFO  ipc.Server (Server.java:run(1314)) - IPC Server Responder: starting
2019-08-23 23:13:22,999 [IPC Server listener on 38366] INFO  ipc.Server (Server.java:run(1153)) - IPC Server listener on 38366: starting
2019-08-23 23:13:23,002 [main] INFO  server.StorageContainerManager (StorageContainerManager.java:start(769)) - ScmBlockLocationProtocol RPC server is listening at /0.0.0.0:40587
2019-08-23 23:13:23,002 [main] INFO  server.SCMBlockProtocolServer (SCMBlockProtocolServer.java:start(140)) - RPC server for Block Protocol is listening at /0.0.0.0:40587
2019-08-23 23:13:23,002 [IPC Server Responder] INFO  ipc.Server (Server.java:run(1314)) - IPC Server Responder: starting
2019-08-23 23:13:23,002 [IPC Server listener on 40587] INFO  ipc.Server (Server.java:run(1153)) - IPC Server listener on 40587: starting
2019-08-23 23:13:23,004 [main] INFO  server.StorageContainerManager (StorageContainerManager.java:start(773)) - ScmDatanodeProtocl RPC server is listening at /0.0.0.0:42653
2019-08-23 23:13:23,004 [main] INFO  server.SCMDatanodeProtocolServer (SCMDatanodeProtocolServer.java:start(191)) - RPC server for DataNodes is listening at /0.0.0.0:42653
2019-08-23 23:13:23,004 [IPC Server Responder] INFO  ipc.Server (Server.java:run(1314)) - IPC Server Responder: starting
2019-08-23 23:13:23,004 [IPC Server listener on 42653] INFO  ipc.Server (Server.java:run(1153)) - IPC Server listener on 42653: starting
2019-08-23 23:13:23,008 [main] INFO  http.HttpServer2 (HttpServer2.java:bindListener(1191)) - Jetty bound to port 43315
2019-08-23 23:13:23,010 [main] INFO  server.Server (Server.java:doStart(351)) - jetty-9.3.24.v20180605, build timestamp: 2018-06-05T17:11:56Z, git hash: 84205aa28f11a4f31f2a3b86d1bba2cc8ab69827
2019-08-23 23:13:23,049 [main] INFO  handler.ContextHandler (ContextHandler.java:doStart(781)) - Started o.e.j.s.ServletContextHandler@1af687fe{/logs,file:///workdir/hadoop-ozone/integration-test/target/log,AVAILABLE}
2019-08-23 23:13:23,050 [main] INFO  handler.ContextHandler (ContextHandler.java:doStart(781)) - Started o.e.j.s.ServletContextHandler@3f390d63{/static,file:///workdir/hadoop-ozone/integration-test/target/test-classes/webapps/static,AVAILABLE}
2019-08-23 23:13:23,085 [main] INFO  handler.ContextHandler (ContextHandler.java:doStart(781)) - Started o.e.j.w.WebAppContext@d1f74b8{/,file:///workdir/hadoop-ozone/integration-test/target/test-classes/webapps/scm/,AVAILABLE}{/scm}
2019-08-23 23:13:23,091 [main] INFO  server.AbstractConnector (AbstractConnector.java:doStart(278)) - Started ServerConnector@7072bc39{HTTP/1.1,[http/1.1]}{0.0.0.0:43315}
2019-08-23 23:13:23,091 [main] INFO  server.Server (Server.java:doStart(419)) - Started @3952ms
2019-08-23 23:13:23,092 [main] INFO  server.BaseHttpServer (BaseHttpServer.java:updateConnectorAddress(213)) - HTTP server of SCM is listening at http://0.0.0.0:43315
2019-08-23 23:13:23,099 [org.apache.hadoop.util.JvmPauseMonitor$Monitor@24be2d9c] INFO  util.JvmPauseMonitor (JvmPauseMonitor.java:run(188)) - Starting JVM pause monitor
2019-08-23 23:13:23,103 [main] WARN  server.ServerUtils (ServerUtils.java:getDBPath(222)) - ozone.om.db.dirs is not configured. We recommend adding this setting. Falling back to ozone.metadata.dirs instead.
2019-08-23 23:13:23,298 [main] WARN  server.ServerUtils (ServerUtils.java:getDBPath(222)) - ozone.om.db.dirs is not configured. We recommend adding this setting. Falling back to ozone.metadata.dirs instead.
2019-08-23 23:13:23,299 [main] WARN  server.ServerUtils (ServerUtils.java:getDBPath(222)) - ozone.om.db.dirs is not configured. We recommend adding this setting. Falling back to ozone.metadata.dirs instead.
2019-08-23 23:13:23,300 [main] INFO  om.OzoneManager (OzoneManager.java:setOMNodeDetails(648)) - OM Service ID is not set. Setting it to the default ID: omServiceIdDefault
2019-08-23 23:13:23,300 [main] INFO  om.OzoneManager (OzoneManager.java:setOMNodeDetails(654)) - OM Node ID is not set. Setting it to the OmStorage's OmID: afaeb8af-475e-4d3a-aff4-d008117648da
2019-08-23 23:13:23,301 [main] INFO  om.OzoneManager (OzoneManager.java:loadOMHAConfigs(605)) - Found matching OM address with OMServiceId: null, OMNodeId: null, RPC Address: localhost:0 and Ratis port: 9872
2019-08-23 23:13:23,567 | INFO  | SCMAudit | user=jenkins1000 | ip=192.168.69.103 | op=GET_SCM_INFO null | ret=SUCCESS |  
2019-08-23 23:13:24,026 [main] WARN  server.ServerUtils (ServerUtils.java:getDBPath(222)) - ozone.om.db.dirs is not configured. We recommend adding this setting. Falling back to ozone.metadata.dirs instead.
2019-08-23 23:13:24,034 [main] INFO  db.DBStoreBuilder (DBStoreBuilder.java:addTable(110)) - using custom profile for table: userTable
2019-08-23 23:13:24,034 [main] INFO  db.DBStoreBuilder (DBStoreBuilder.java:processTables(161)) - Using default column profile:DBProfile.DISK for Table:userTable
2019-08-23 23:13:24,034 [main] INFO  db.DBStoreBuilder (DBStoreBuilder.java:addTable(110)) - using custom profile for table: volumeTable
2019-08-23 23:13:24,034 [main] INFO  db.DBStoreBuilder (DBStoreBuilder.java:processTables(161)) - Using default column profile:DBProfile.DISK for Table:volumeTable
2019-08-23 23:13:24,035 [main] INFO  db.DBStoreBuilder (DBStoreBuilder.java:addTable(110)) - using custom profile for table: bucketTable
2019-08-23 23:13:24,035 [main] INFO  db.DBStoreBuilder (DBStoreBuilder.java:processTables(161)) - Using default column profile:DBProfile.DISK for Table:bucketTable
2019-08-23 23:13:24,035 [main] INFO  db.DBStoreBuilder (DBStoreBuilder.java:addTable(110)) - using custom profile for table: keyTable
2019-08-23 23:13:24,035 [main] INFO  db.DBStoreBuilder (DBStoreBuilder.java:processTables(161)) - Using default column profile:DBProfile.DISK for Table:keyTable
2019-08-23 23:13:24,036 [main] INFO  db.DBStoreBuilder (DBStoreBuilder.java:addTable(110)) - using custom profile for table: deletedTable
2019-08-23 23:13:24,036 [main] INFO  db.DBStoreBuilder (DBStoreBuilder.java:processTables(161)) - Using default column profile:DBProfile.DISK for Table:deletedTable
2019-08-23 23:13:24,036 [main] INFO  db.DBStoreBuilder (DBStoreBuilder.java:addTable(110)) - using custom profile for table: openKeyTable
2019-08-23 23:13:24,036 [main] INFO  db.DBStoreBuilder (DBStoreBuilder.java:processTables(161)) - Using default column profile:DBProfile.DISK for Table:openKeyTable
2019-08-23 23:13:24,036 [main] INFO  db.DBStoreBuilder (DBStoreBuilder.java:addTable(110)) - using custom profile for table: s3Table
2019-08-23 23:13:24,037 [main] INFO  db.DBStoreBuilder (DBStoreBuilder.java:processTables(161)) - Using default column profile:DBProfile.DISK for Table:s3Table
2019-08-23 23:13:24,037 [main] INFO  db.DBStoreBuilder (DBStoreBuilder.java:addTable(110)) - using custom profile for table: multipartInfoTable
2019-08-23 23:13:24,037 [main] INFO  db.DBStoreBuilder (DBStoreBuilder.java:processTables(161)) - Using default column profile:DBProfile.DISK for Table:multipartInfoTable
2019-08-23 23:13:24,037 [main] INFO  db.DBStoreBuilder (DBStoreBuilder.java:addTable(110)) - using custom profile for table: dTokenTable
2019-08-23 23:13:24,037 [main] INFO  db.DBStoreBuilder (DBStoreBuilder.java:processTables(161)) - Using default column profile:DBProfile.DISK for Table:dTokenTable
2019-08-23 23:13:24,038 [main] INFO  db.DBStoreBuilder (DBStoreBuilder.java:addTable(110)) - using custom profile for table: s3SecretTable
2019-08-23 23:13:24,038 [main] INFO  db.DBStoreBuilder (DBStoreBuilder.java:processTables(161)) - Using default column profile:DBProfile.DISK for Table:s3SecretTable
2019-08-23 23:13:24,038 [main] INFO  db.DBStoreBuilder (DBStoreBuilder.java:addTable(110)) - using custom profile for table: prefixTable
2019-08-23 23:13:24,038 [main] INFO  db.DBStoreBuilder (DBStoreBuilder.java:processTables(161)) - Using default column profile:DBProfile.DISK for Table:prefixTable
2019-08-23 23:13:24,039 [main] INFO  db.DBStoreBuilder (DBStoreBuilder.java:addTable(110)) - using custom profile for table: default
2019-08-23 23:13:24,039 [main] INFO  db.DBStoreBuilder (DBStoreBuilder.java:processTables(167)) - Using default column profile:DBProfile.DISK for Table:default
2019-08-23 23:13:24,039 [main] INFO  db.DBStoreBuilder (DBStoreBuilder.java:getDbProfile(198)) - Using default options. DBProfile.DISK
2019-08-23 23:13:24,474 [main] INFO  ipc.CallQueueManager (CallQueueManager.java:<init>(84)) - Using callQueue: class java.util.concurrent.LinkedBlockingQueue, queueCapacity: 2000, scheduler: class org.apache.hadoop.ipc.DefaultRpcScheduler, ipcBackoff: false.
2019-08-23 23:13:24,474 [Socket Reader #1 for port 38619] INFO  ipc.Server (Server.java:run(1074)) - Starting Socket Reader #1 for port 38619
2019-08-23 23:13:24,496 [main] INFO  om.OzoneManager (OzoneManager.java:start(1259)) - OzoneManager RPC server is listening at localhost/127.0.0.1:38619
2019-08-23 23:13:24,497 [main] INFO  impl.MetricsSystemImpl (MetricsSystemImpl.java:init(158)) - OzoneManager metrics system started (again)
2019-08-23 23:13:24,498 [IPC Server Responder] INFO  ipc.Server (Server.java:run(1314)) - IPC Server Responder: starting
2019-08-23 23:13:24,498 [IPC Server listener on 38619] INFO  ipc.Server (Server.java:run(1153)) - IPC Server listener on 38619: starting
2019-08-23 23:13:24,504 [main] INFO  hdfs.DFSUtil (DFSUtil.java:httpServerTemplateForNNAndJN(1641)) - Starting Web-server for ozoneManager at: http://0.0.0.0:0
2019-08-23 23:13:24,506 [main] INFO  server.AuthenticationFilter (AuthenticationFilter.java:constructSecretProvider(240)) - Unable to initialize FileSignerSecretProvider, falling back to use random secrets.
2019-08-23 23:13:24,506 [main] WARN  http.HttpRequestLog (HttpRequestLog.java:getRequestLog(97)) - Jetty request log can only be enabled using Log4j
2019-08-23 23:13:24,509 [main] INFO  http.HttpServer2 (HttpServer2.java:addGlobalFilter(975)) - Added global filter 'safety' (class=org.apache.hadoop.http.HttpServer2$QuotingInputFilter)
2019-08-23 23:13:24,510 [main] INFO  http.HttpServer2 (HttpServer2.java:addFilter(948)) - Added filter static_user_filter (class=org.apache.hadoop.http.lib.StaticUserWebFilter$StaticUserFilter) to context ozoneManager
2019-08-23 23:13:24,511 [main] INFO  http.HttpServer2 (HttpServer2.java:addFilter(958)) - Added filter static_user_filter (class=org.apache.hadoop.http.lib.StaticUserWebFilter$StaticUserFilter) to context static
2019-08-23 23:13:24,511 [main] INFO  http.HttpServer2 (HttpServer2.java:addFilter(958)) - Added filter static_user_filter (class=org.apache.hadoop.http.lib.StaticUserWebFilter$StaticUserFilter) to context logs
2019-08-23 23:13:24,685 [main] INFO  http.HttpServer2 (HttpServer2.java:bindListener(1191)) - Jetty bound to port 37994
2019-08-23 23:13:24,686 [main] INFO  server.Server (Server.java:doStart(351)) - jetty-9.3.24.v20180605, build timestamp: 2018-06-05T17:11:56Z, git hash: 84205aa28f11a4f31f2a3b86d1bba2cc8ab69827
2019-08-23 23:13:24,689 [main] INFO  handler.ContextHandler (ContextHandler.java:doStart(781)) - Started o.e.j.s.ServletContextHandler@325bb9a6{/logs,file:///workdir/hadoop-ozone/integration-test/target/log,AVAILABLE}
2019-08-23 23:13:24,693 [main] INFO  handler.ContextHandler (ContextHandler.java:doStart(781)) - Started o.e.j.s.ServletContextHandler@72fe8a4f{/static,file:///workdir/hadoop-ozone/integration-test/target/test-classes/webapps/static,AVAILABLE}
2019-08-23 23:13:24,700 [main] INFO  handler.ContextHandler (ContextHandler.java:doStart(781)) - Started o.e.j.w.WebAppContext@65bb9029{/,file:///workdir/hadoop-ozone/integration-test/target/test-classes/webapps/ozoneManager/,AVAILABLE}{/ozoneManager}
2019-08-23 23:13:24,701 [main] INFO  server.AbstractConnector (AbstractConnector.java:doStart(278)) - Started ServerConnector@1bfe3203{HTTP/1.1,[http/1.1]}{0.0.0.0:37994}
2019-08-23 23:13:24,701 [main] INFO  server.Server (Server.java:doStart(419)) - Started @5562ms
2019-08-23 23:13:24,702 [main] INFO  server.BaseHttpServer (BaseHttpServer.java:updateConnectorAddress(213)) - HTTP server of OZONEMANAGER is listening at http://0.0.0.0:37994
2019-08-23 23:13:24,866 [main] INFO  impl.MetricsSystemImpl (MetricsSystemImpl.java:init(158)) - HddsDatanode metrics system started (again)
2019-08-23 23:13:24,975 [main] INFO  ozone.HddsDatanodeService (HddsDatanodeService.java:start(184)) - HddsDatanodeService host:pr-hdds-2013-vc2dt-506064066 ip:192.168.69.103
2019-08-23 23:13:25,007 [main] INFO  volume.HddsVolume (HddsVolume.java:<init>(176)) - Creating Volume: /workdir/hadoop-ozone/integration-test/target/test-dir/MiniOzoneClusterImpl-4c29e37b-6ade-468c-bb0c-56b00aa34333/datanode-0/data/containers/hdds of  storage type : DISK and capacity : 1482555576320
2019-08-23 23:13:25,009 [main] INFO  volume.VolumeSet (VolumeSet.java:initializeVolumeSet(170)) - Added Volume : /workdir/hadoop-ozone/integration-test/target/test-dir/MiniOzoneClusterImpl-4c29e37b-6ade-468c-bb0c-56b00aa34333/datanode-0/data/containers/hdds to VolumeSet
2019-08-23 23:13:25,012 [main] INFO  volume.ThrottledAsyncChecker (ThrottledAsyncChecker.java:schedule(140)) - Scheduling a check for org.apache.hadoop.ozone.container.common.volume.HddsVolume@20749d9
2019-08-23 23:13:25,032 [main] INFO  volume.HddsVolumeChecker (HddsVolumeChecker.java:checkAllVolumes(203)) - Scheduled health check for volume org.apache.hadoop.ozone.container.common.volume.HddsVolume@20749d9
2019-08-23 23:13:25,168 [main] INFO  impl.RaftServerProxy (ConfUtils.java:logGet(43)) - raft.rpc.type = GRPC (default)
2019-08-23 23:13:25,233 [main] INFO  grpc.GrpcFactory (GrpcFactory.java:checkPooledByteBufAllocatorUseCacheForAllThreads(45)) - PERFORMANCE WARNING: useCacheForAllThreads is true that may cause Netty to create a lot garbage objects and, as a result, trigger GC.
	It is recommended to disable useCacheForAllThreads by setting -Dorg.apache.ratis.thirdparty.io.netty.allocator.useCacheForAllThreads=false in command line.
2019-08-23 23:13:25,238 [main] INFO  grpc.GrpcConfigKeys$Server (ConfUtils.java:logGet(43)) - raft.grpc.server.port = 0 (default)
2019-08-23 23:13:25,239 [main] INFO  server.GrpcService (ConfUtils.java:logGet(43)) - raft.grpc.message.size.max = 33570816 (custom)
2019-08-23 23:13:25,240 [main] INFO  server.RaftServerConfigKeys (ConfUtils.java:logGet(43)) - raft.server.log.appender.buffer.byte-limit = 33554432 (custom)
2019-08-23 23:13:25,241 [main] INFO  server.GrpcService (ConfUtils.java:logGet(43)) - raft.grpc.flow.control.window = 1MB (=1048576) (default)
2019-08-23 23:13:25,242 [main] INFO  server.RaftServerConfigKeys (ConfUtils.java:logGet(43)) - raft.server.rpc.request.timeout = 3000ms (default)
2019-08-23 23:13:25,437 [main] INFO  server.RaftServerConfigKeys (ConfUtils.java:logGet(43)) - raft.server.storage.dir = [/workdir/hadoop-ozone/integration-test/target/test-dir/MiniOzoneClusterImpl-4c29e37b-6ade-468c-bb0c-56b00aa34333/datanode-0/data/ratis] (custom)
2019-08-23 23:13:25,482 [main] INFO  replication.SimpleContainerDownloader (SimpleContainerDownloader.java:<init>(72)) - Starting container downloader service to copy containers to replicate.
2019-08-23 23:13:25,496 [main] INFO  hdfs.DFSUtil (DFSUtil.java:httpServerTemplateForNNAndJN(1641)) - Starting Web-server for hddsDatanode at: http://0.0.0.0:0
2019-08-23 23:13:25,499 [main] INFO  server.AuthenticationFilter (AuthenticationFilter.java:constructSecretProvider(240)) - Unable to initialize FileSignerSecretProvider, falling back to use random secrets.
2019-08-23 23:13:25,500 [main] WARN  http.HttpRequestLog (HttpRequestLog.java:getRequestLog(97)) - Jetty request log can only be enabled using Log4j
2019-08-23 23:13:25,502 [main] INFO  http.HttpServer2 (HttpServer2.java:addGlobalFilter(975)) - Added global filter 'safety' (class=org.apache.hadoop.http.HttpServer2$QuotingInputFilter)
2019-08-23 23:13:25,503 [main] INFO  http.HttpServer2 (HttpServer2.java:addFilter(948)) - Added filter static_user_filter (class=org.apache.hadoop.http.lib.StaticUserWebFilter$StaticUserFilter) to context hddsDatanode
2019-08-23 23:13:25,503 [main] INFO  http.HttpServer2 (HttpServer2.java:addFilter(958)) - Added filter static_user_filter (class=org.apache.hadoop.http.lib.StaticUserWebFilter$StaticUserFilter) to context static
2019-08-23 23:13:25,503 [main] INFO  http.HttpServer2 (HttpServer2.java:addFilter(958)) - Added filter static_user_filter (class=org.apache.hadoop.http.lib.StaticUserWebFilter$StaticUserFilter) to context logs
2019-08-23 23:13:25,504 [main] INFO  http.HttpServer2 (HttpServer2.java:bindListener(1191)) - Jetty bound to port 44374
2019-08-23 23:13:25,504 [main] INFO  server.Server (Server.java:doStart(351)) - jetty-9.3.24.v20180605, build timestamp: 2018-06-05T17:11:56Z, git hash: 84205aa28f11a4f31f2a3b86d1bba2cc8ab69827
2019-08-23 23:13:25,507 [main] INFO  handler.ContextHandler (ContextHandler.java:doStart(781)) - Started o.e.j.s.ServletContextHandler@3a082ff4{/logs,file:///workdir/hadoop-ozone/integration-test/target/log,AVAILABLE}
2019-08-23 23:13:25,507 [main] INFO  handler.ContextHandler (ContextHandler.java:doStart(781)) - Started o.e.j.s.ServletContextHandler@3f0d6038{/static,jar:file:/home/user/.m2/repository/org/apache/hadoop/hadoop-hdds-container-service/0.5.0-SNAPSHOT/hadoop-hdds-container-service-0.5.0-SNAPSHOT.jar!/webapps/static,AVAILABLE}
2019-08-23 23:13:25,540 [main] INFO  handler.ContextHandler (ContextHandler.java:doStart(781)) - Started o.e.j.w.WebAppContext@250a500b{/,file:///tmp/jetty-0.0.0.0-44374-hddsDatanode-_-any-2384560039970847880.dir/webapp/,AVAILABLE}{/hddsDatanode}
2019-08-23 23:13:25,541 [main] INFO  server.AbstractConnector (AbstractConnector.java:doStart(278)) - Started ServerConnector@75d982d3{HTTP/1.1,[http/1.1]}{0.0.0.0:44374}
2019-08-23 23:13:25,546 [main] INFO  server.Server (Server.java:doStart(419)) - Started @6407ms
2019-08-23 23:13:25,550 [main] INFO  server.BaseHttpServer (BaseHttpServer.java:updateConnectorAddress(213)) - HTTP server of HDDSDATANODE is listening at http://0.0.0.0:44374
2019-08-23 23:13:26,658 | INFO  | ObjectStoreRestHttpServer | Listening HDDS REST traffic on /0.0.0.0:39435 |  
2019-08-23 23:13:26,660 [main] INFO  ozone.HddsDatanodeService (HddsDatanodeService.java:startPlugins(395)) - Started plug-in org.apache.hadoop.ozone.web.OzoneHddsDatanodeService@4b765e92
2019-08-23 23:13:26,665 [main] INFO  ozone.MiniOzoneClusterImpl (MiniOzoneClusterImpl.java:lambda$waitForClusterToBeReady$0(142)) - Waiting for cluster to be ready. Got 0 of 1 DN Heartbeats.
2019-08-23 23:13:26,671 [org.apache.hadoop.util.JvmPauseMonitor$Monitor@a9e6898] INFO  util.JvmPauseMonitor (JvmPauseMonitor.java:run(188)) - Starting JVM pause monitor
2019-08-23 23:13:26,775 [Datanode State Machine Thread - 0] INFO  datanode.InitDatanodeState (InitDatanodeState.java:persistContainerDatanodeDetails(140)) - DatanodeDetails is persisted to /workdir/hadoop-ozone/integration-test/target/test-dir/MiniOzoneClusterImpl-4c29e37b-6ade-468c-bb0c-56b00aa34333/datanode-0/meta/datanode.id
2019-08-23 23:13:27,665 [main] INFO  ozone.MiniOzoneClusterImpl (MiniOzoneClusterImpl.java:lambda$waitForClusterToBeReady$0(142)) - Waiting for cluster to be ready. Got 0 of 1 DN Heartbeats.
2019-08-23 23:13:28,666 [main] INFO  ozone.MiniOzoneClusterImpl (MiniOzoneClusterImpl.java:lambda$waitForClusterToBeReady$0(142)) - Waiting for cluster to be ready. Got 0 of 1 DN Heartbeats.
2019-08-23 23:13:28,697 | INFO  | SCMAudit | user=jenkins1000 | ip=192.168.69.103 | op=GET_VERSION null | ret=SUCCESS |  
2019-08-23 23:13:29,186 [Datanode State Machine Thread - 0] INFO  ozoneimpl.OzoneContainer (OzoneContainer.java:start(186)) - Attempting to start container services.
2019-08-23 23:13:29,187 [Datanode State Machine Thread - 0] INFO  ozoneimpl.OzoneContainer (OzoneContainer.java:startContainerScrub(160)) - Background container scrubber has been disabled by hdds.containerscrub.enabled
2019-08-23 23:13:29,187 [Datanode State Machine Thread - 0] INFO  ratis.XceiverServerRatis (XceiverServerRatis.java:start(404)) - Starting XceiverServerRatis 486eac80-fccd-4195-832f-9a935d13b7d9 at port 0
2019-08-23 23:13:29,206 [Datanode State Machine Thread - 0] INFO  impl.RaftServerProxy (RaftServerProxy.java:lambda$start$3(299)) - 486eac80-fccd-4195-832f-9a935d13b7d9: start RPC server
2019-08-23 23:13:29,320 [Datanode State Machine Thread - 0] INFO  server.GrpcService (GrpcService.java:startImpl(149)) - 486eac80-fccd-4195-832f-9a935d13b7d9: GrpcService started, listening on 0.0.0.0/0.0.0.0:38266
2019-08-23 23:13:29,321 [Datanode State Machine Thread - 0] INFO  ratis.XceiverServerRatis (XceiverServerRatis.java:start(414)) - XceiverServerRatis 486eac80-fccd-4195-832f-9a935d13b7d9 is started using port 38266
2019-08-23 23:13:29,322 [Datanode State Machine Thread - 0] INFO  server.XceiverServerGrpc (XceiverServerGrpc.java:start(161)) - XceiverServerGrpc 486eac80-fccd-4195-832f-9a935d13b7d9 is started using port 38842
2019-08-23 23:13:29,666 [main] INFO  ozone.MiniOzoneClusterImpl (MiniOzoneClusterImpl.java:lambda$waitForClusterToBeReady$0(142)) - Waiting for cluster to be ready. Got 0 of 1 DN Heartbeats.
2019-08-23 23:13:30,666 [main] INFO  ozone.MiniOzoneClusterImpl (MiniOzoneClusterImpl.java:lambda$waitForClusterToBeReady$0(142)) - Waiting for cluster to be ready. Got 0 of 1 DN Heartbeats.
2019-08-23 23:13:30,696 [IPC Server handler 0 on 42653] INFO  net.NetworkTopology (NetworkTopologyImpl.java:add(110)) - Added a new node: /default-rack/486eac80-fccd-4195-832f-9a935d13b7d9
2019-08-23 23:13:30,696 [IPC Server handler 0 on 42653] INFO  node.SCMNodeManager (SCMNodeManager.java:register(273)) - Registered Data node : 486eac80-fccd-4195-832f-9a935d13b7d9{ip: 192.168.69.103, host: pr-hdds-2013-vc2dt-506064066, networkLocation: /default-rack, certSerialId: null}
2019-08-23 23:13:30,699 [EventQueue-NodeRegistrationContainerReportForDataNodeSafeModeRule] INFO  safemode.SCMSafeModeManager (DataNodeSafeModeRule.java:process(71)) - SCM in safe mode. 1 DataNodes registered, 1 required.
2019-08-23 23:13:30,699 [EventQueue-NodeRegistrationContainerReportForDataNodeSafeModeRule] INFO  safemode.SCMSafeModeManager (SCMSafeModeManager.java:validateSafeModeExitRules(177)) - ScmSafeModeManager, all rules are successfully validated
2019-08-23 23:13:30,699 [EventQueue-NodeRegistrationContainerReportForDataNodeSafeModeRule] INFO  safemode.SCMSafeModeManager (SCMSafeModeManager.java:exitSafeMode(193)) - SCM exiting safe mode.
2019-08-23 23:13:30,704 | INFO  | SCMAudit | user=jenkins1000 | ip=192.168.69.103 | op=REGISTER {datanodeDetails=486eac80-fccd-4195-832f-9a935d13b7d9{ip: 192.168.69.103, host: pr-hdds-2013-vc2dt-506064066, networkLocation: /default-rack, certSerialId: null}} | ret=SUCCESS |  
2019-08-23 23:13:31,445 [grpc-default-executor-0] INFO  impl.RaftServerProxy (RaftServerProxy.java:addNew(89)) - 486eac80-fccd-4195-832f-9a935d13b7d9: addNew group-94CDABDA5CF4:[486eac80-fccd-4195-832f-9a935d13b7d9:192.168.69.103:38266] returns group-94CDABDA5CF4:java.util.concurrent.CompletableFuture@47acd470[Not completed]
2019-08-23 23:13:31,457 [pool-27-thread-1] INFO  impl.RaftServerImpl (RaftServerImpl.java:<init>(93)) - 486eac80-fccd-4195-832f-9a935d13b7d9: new RaftServerImpl for group-94CDABDA5CF4:[486eac80-fccd-4195-832f-9a935d13b7d9:192.168.69.103:38266] with ContainerStateMachine:uninitialized
2019-08-23 23:13:31,460 [pool-27-thread-1] INFO  server.RaftServerConfigKeys (ConfUtils.java:logGet(43)) - raft.server.rpc.timeout.min = 5s (custom)
2019-08-23 23:13:31,461 [pool-27-thread-1] INFO  server.RaftServerConfigKeys (ConfUtils.java:logGet(43)) - raft.server.rpc.timeout.max = 5200ms (custom)
2019-08-23 23:13:31,461 [pool-27-thread-1] INFO  server.RaftServerConfigKeys (ConfUtils.java:logGet(43)) - raft.server.rpcslowness.timeout = 120s (custom)
2019-08-23 23:13:31,461 [pool-27-thread-1] INFO  server.RaftServerConfigKeys (ConfUtils.java:logGet(43)) - raft.server.sleep.deviation.threshold = 300 (default)
2019-08-23 23:13:31,462 [pool-27-thread-1] INFO  server.RaftServerConfigKeys (ConfUtils.java:logGet(43)) - raft.server.log.appender.install.snapshot.enabled = false (custom)
2019-08-23 23:13:31,470 [pool-27-thread-1] INFO  impl.RaftServerImpl (ServerState.java:<init>(105)) - 486eac80-fccd-4195-832f-9a935d13b7d9:group-94CDABDA5CF4 ConfigurationManager, init=-1: [486eac80-fccd-4195-832f-9a935d13b7d9:192.168.69.103:38266], old=null, confs=<EMPTY_MAP>
2019-08-23 23:13:31,471 [pool-27-thread-1] INFO  server.RaftServerConfigKeys (ConfUtils.java:logGet(43)) - raft.server.storage.dir = [/workdir/hadoop-ozone/integration-test/target/test-dir/MiniOzoneClusterImpl-4c29e37b-6ade-468c-bb0c-56b00aa34333/datanode-0/data/ratis] (custom)
2019-08-23 23:13:31,477 [pool-27-thread-1] INFO  storage.RaftStorageDirectory (RaftStorageDirectory.java:analyzeStorage(246)) - The storage directory /workdir/hadoop-ozone/integration-test/target/test-dir/MiniOzoneClusterImpl-4c29e37b-6ade-468c-bb0c-56b00aa34333/datanode-0/data/ratis/1c78f490-4147-4822-a328-94cdabda5cf4 does not exist. Creating ...
2019-08-23 23:13:31,667 [main] INFO  ozone.MiniOzoneClusterImpl (MiniOzoneClusterImpl.java:lambda$waitForClusterToBeReady$0(142)) - Cluster is ready. Got 1 of 1 DN Heartbeats.
2019-08-23 23:13:31,851 [pool-27-thread-1] INFO  storage.RaftStorageDirectory (RaftStorageDirectory.java:tryLock(328)) - Lock on /workdir/hadoop-ozone/integration-test/target/test-dir/MiniOzoneClusterImpl-4c29e37b-6ade-468c-bb0c-56b00aa34333/datanode-0/data/ratis/1c78f490-4147-4822-a328-94cdabda5cf4/in_use.lock acquired by nodename 17734@pr-hdds-2013-vc2dt-506064066
2019-08-23 23:13:31,890 [main] INFO  rpc.RpcClient (RpcClient.java:createVolume(293)) - Creating Volume: testcontainerstatemachinefailures, with jenkins1000 as owner.
2019-08-23 23:13:31,907 | INFO  | OMAudit | user=jenkins1000 | ip=127.0.0.1 | op=CREATE_VOLUME {admin=jenkins1000, owner=jenkins1000, volume=testcontainerstatemachinefailures, creationTime=1566602011903, quotaInBytes=1152921504606846976} | ret=SUCCESS |  
2019-08-23 23:13:31,915 | INFO  | OMAudit | user=jenkins1000 | ip=127.0.0.1 | op=READ_VOLUME {volume=testcontainerstatemachinefailures} | ret=SUCCESS |  
2019-08-23 23:13:31,920 [main] INFO  rpc.RpcClient (RpcClient.java:createBucket(432)) - Creating Bucket: testcontainerstatemachinefailures/testcontainerstatemachinefailures, with Versioning false and Storage Type set to DISK and Encryption set to false 
2019-08-23 23:13:31,935 | INFO  | OMAudit | user=jenkins1000 | ip=127.0.0.1 | op=CREATE_BUCKET {volume=testcontainerstatemachinefailures, bucket=testcontainerstatemachinefailures, acls=[user:jenkins1000:a[ACCESS], group:default:a[ACCESS]], isVersionEnabled=false, storageType=DISK, creationTime=0} | ret=SUCCESS |  
2019-08-23 23:13:31,940 | INFO  | OMAudit | user=jenkins1000 | ip=127.0.0.1 | op=READ_VOLUME {volume=testcontainerstatemachinefailures} | ret=SUCCESS |  
2019-08-23 23:13:31,944 | INFO  | OMAudit | user=jenkins1000 | ip=127.0.0.1 | op=READ_BUCKET {volume=testcontainerstatemachinefailures, bucket=testcontainerstatemachinefailures} | ret=SUCCESS |  
2019-08-23 23:13:32,285 [pool-27-thread-1] INFO  storage.RaftStorage (RaftStorage.java:format(72)) - Storage directory /workdir/hadoop-ozone/integration-test/target/test-dir/MiniOzoneClusterImpl-4c29e37b-6ade-468c-bb0c-56b00aa34333/datanode-0/data/ratis/1c78f490-4147-4822-a328-94cdabda5cf4 has been successfully formatted.
2019-08-23 23:13:32,288 [pool-27-thread-1] INFO  ratis.ContainerStateMachine (ContainerStateMachine.java:loadSnapshot(226)) - group-94CDABDA5CF4: The snapshot info is null. Setting the last applied indexto:(t:0, i:~)
2019-08-23 23:13:32,288 [pool-27-thread-1] INFO  server.RaftServerConfigKeys (ConfUtils.java:logGet(43)) - raft.server.leader.election.timeout = 120s (custom)
2019-08-23 23:13:32,290 [pool-27-thread-1] INFO  server.RaftServerConfigKeys (ConfUtils.java:logGet(43)) - raft.server.log.use.memory = false (default)
2019-08-23 23:13:32,294 [pool-27-thread-1] INFO  server.RaftServerConfigKeys (ConfUtils.java:logGet(43)) - raft.server.log.purge.gap = 1000000 (custom)
2019-08-23 23:13:32,294 [pool-27-thread-1] INFO  server.RaftServerConfigKeys (ConfUtils.java:logGet(43)) - raft.server.log.appender.buffer.byte-limit = 33554432 (custom)
2019-08-23 23:13:32,295 [pool-27-thread-1] INFO  server.RaftServerConfigKeys (ConfUtils.java:logGet(43)) - raft.server.log.segment.size.max = 1048576 (custom)
2019-08-23 23:13:32,299 [pool-27-thread-1] INFO  server.RaftServerConfigKeys (ConfUtils.java:logGet(43)) - raft.server.log.segment.cache.num.max = 2 (custom)
2019-08-23 23:13:32,303 [pool-27-thread-1] INFO  segmented.SegmentedRaftLogWorker (SegmentedRaftLogWorker.java:<init>(172)) - new 486eac80-fccd-4195-832f-9a935d13b7d9-SegmentedRaftLogWorker:Storage Directory /workdir/hadoop-ozone/integration-test/target/test-dir/MiniOzoneClusterImpl-4c29e37b-6ade-468c-bb0c-56b00aa34333/datanode-0/data/ratis/1c78f490-4147-4822-a328-94cdabda5cf4 for RaftStorage:Storage Directory /workdir/hadoop-ozone/integration-test/target/test-dir/MiniOzoneClusterImpl-4c29e37b-6ade-468c-bb0c-56b00aa34333/datanode-0/data/ratis/1c78f490-4147-4822-a328-94cdabda5cf4
2019-08-23 23:13:32,312 [pool-27-thread-1] INFO  server.RaftServerConfigKeys (ConfUtils.java:logGet(43)) - raft.server.log.queue.byte-limit = 2147483647 (custom)
2019-08-23 23:13:32,313 [pool-27-thread-1] INFO  server.RaftServerConfigKeys (ConfUtils.java:logGet(43)) - raft.server.log.queue.element-limit = 1024 (custom)
2019-08-23 23:13:32,316 [pool-27-thread-1] INFO  server.RaftServerConfigKeys (ConfUtils.java:logGet(43)) - raft.server.log.segment.size.max = 1048576 (custom)
2019-08-23 23:13:32,317 [pool-27-thread-1] INFO  server.RaftServerConfigKeys (ConfUtils.java:logGet(43)) - raft.server.log.preallocated.size = 16384 (custom)
2019-08-23 23:13:32,318 [pool-27-thread-1] INFO  server.RaftServerConfigKeys (ConfUtils.java:logGet(43)) - raft.server.log.write.buffer.size = 33554432 (custom)
2019-08-23 23:13:32,318 [pool-27-thread-1] INFO  server.RaftServerConfigKeys (ConfUtils.java:logGet(43)) - raft.server.log.force.sync.num = 128 (default)
2019-08-23 23:13:32,319 [pool-27-thread-1] INFO  server.RaftServerConfigKeys (ConfUtils.java:logGet(43)) - raft.server.log.statemachine.data.sync = true (default)
2019-08-23 23:13:32,319 [pool-27-thread-1] INFO  server.RaftServerConfigKeys (ConfUtils.java:logGet(43)) - raft.server.log.statemachine.data.sync.timeout = 10s (default)
2019-08-23 23:13:32,320 [pool-27-thread-1] INFO  server.RaftServerConfigKeys (ConfUtils.java:logGet(43)) - raft.server.log.statemachine.data.sync.timeout.retry = -1 (default)
2019-08-23 23:13:32,327 [pool-27-thread-1] INFO  server.RaftServerConfigKeys (ConfUtils.java:logGet(43)) - raft.server.log.statemachine.data.caching.enabled = true (custom)
2019-08-23 23:13:32,332 [pool-27-thread-1] INFO  segmented.SegmentedRaftLogWorker (SegmentedRaftLogWorker.java:lambda$new$0(132)) - 486eac80-fccd-4195-832f-9a935d13b7d9-SegmentedRaftLogWorker:Storage Directory /workdir/hadoop-ozone/integration-test/target/test-dir/MiniOzoneClusterImpl-4c29e37b-6ade-468c-bb0c-56b00aa34333/datanode-0/data/ratis/1c78f490-4147-4822-a328-94cdabda5cf4: flushIndex: setUnconditionally 0 -> -1
2019-08-23 23:13:32,335 [pool-27-thread-1] INFO  server.RaftServerConfigKeys (ConfUtils.java:logGet(43)) - raft.server.snapshot.auto.trigger.enabled = true (custom)
2019-08-23 23:13:32,336 [pool-27-thread-1] INFO  server.RaftServerConfigKeys (ConfUtils.java:logGet(43)) - raft.server.snapshot.auto.trigger.threshold = 1 (custom)
2019-08-23 23:13:32,336 [pool-27-thread-1] INFO  server.RaftServerConfigKeys (ConfUtils.java:logGet(43)) - raft.server.retrycache.expirytime = 600000ms (custom)
2019-08-23 23:13:32,355 [pool-27-thread-1] INFO  impl.RaftServerImpl (RaftServerImpl.java:start(180)) - 486eac80-fccd-4195-832f-9a935d13b7d9: start group-94CDABDA5CF4
2019-08-23 23:13:32,356 [pool-27-thread-1] INFO  impl.RaftServerImpl (RaftServerImpl.java:setRole(171)) - 486eac80-fccd-4195-832f-9a935d13b7d9:group-94CDABDA5CF4 changes role from null to FOLLOWER at term 0 for startAsFollower
2019-08-23 23:13:32,357 [pool-27-thread-1] INFO  impl.RoleInfo (RoleInfo.java:updateAndGet(143)) - 486eac80-fccd-4195-832f-9a935d13b7d9: start FollowerState
2019-08-23 23:13:32,359 [pool-27-thread-1] INFO  util.JmxRegister (JmxRegister.java:tryRegister(44)) - Successfully registered JMX Bean with object name Ratis:service=RaftServer,group=group-94CDABDA5CF4,id=486eac80-fccd-4195-832f-9a935d13b7d9
2019-08-23 23:13:32,405 [RatisPipelineUtilsThread] INFO  pipeline.PipelineStateManager (PipelineStateManager.java:addPipeline(56)) - Created pipeline Pipeline[ Id: 1c78f490-4147-4822-a328-94cdabda5cf4, Nodes: 486eac80-fccd-4195-832f-9a935d13b7d9{ip: 192.168.69.103, host: pr-hdds-2013-vc2dt-506064066, networkLocation: /default-rack, certSerialId: null}, Type:RATIS, Factor:ONE, State:OPEN]
2019-08-23 23:13:32,418 | INFO  | SCMAudit | user=jenkins1000 | ip=192.168.69.103 | op=ALLOCATE_BLOCK {owner=afaeb8af-475e-4d3a-aff4-d008117648da, size=4194304, type=RATIS, factor=ONE} | ret=SUCCESS |  
2019-08-23 23:13:32,439 | INFO  | OMAudit | user=jenkins1000 | ip=127.0.0.1 | op=ALLOCATE_KEY {volume=testcontainerstatemachinefailures, bucket=testcontainerstatemachinefailures, key=ratis, dataSize=1024, replicationType=RATIS, replicationFactor=ONE, keyLocationInfo=null} | ret=SUCCESS |  
2019-08-23 23:13:32,466 [main] INFO  impl.MetricsSystemImpl (MetricsSystemImpl.java:init(158)) - XceiverClientMetrics metrics system started (again)
2019-08-23 23:13:32,556 [grpc-default-executor-0] INFO  client.GrpcClientProtocolClient (GrpcClientProtocolClient.java:onNext(255)) - client-856A850928E1->486eac80-fccd-4195-832f-9a935d13b7d9: receive RaftClientReply:client-856A850928E1->486eac80-fccd-4195-832f-9a935d13b7d9@group-94CDABDA5CF4, cid=1, FAILED org.apache.ratis.protocol.NotLeaderException: Server 486eac80-fccd-4195-832f-9a935d13b7d9 is not the leader (null). Request must be sent to leader., logIndex=0, commits[486eac80-fccd-4195-832f-9a935d13b7d9:c-1]
2019-08-23 23:13:32,696 | INFO  | SCMAudit | user=jenkins1000 | ip=192.168.69.103 | op=SEND_HEARTBEAT {datanodeUUID=486eac80-fccd-4195-832f-9a935d13b7d9, command=[]} | ret=SUCCESS |  
2019-08-23 23:13:32,874 | INFO  | SCMAudit | user=jenkins1000 | ip=192.168.69.103 | op=SEND_HEARTBEAT {datanodeUUID=486eac80-fccd-4195-832f-9a935d13b7d9, command=[]} | ret=SUCCESS |  
2019-08-23 23:13:33,075 | INFO  | SCMAudit | user=jenkins1000 | ip=192.168.69.103 | op=SEND_HEARTBEAT {datanodeUUID=486eac80-fccd-4195-832f-9a935d13b7d9, command=[]} | ret=SUCCESS |  
2019-08-23 23:13:33,276 | INFO  | SCMAudit | user=jenkins1000 | ip=192.168.69.103 | op=SEND_HEARTBEAT {datanodeUUID=486eac80-fccd-4195-832f-9a935d13b7d9, command=[]} | ret=SUCCESS |  
2019-08-23 23:13:33,475 | INFO  | SCMAudit | user=jenkins1000 | ip=192.168.69.103 | op=SEND_HEARTBEAT {datanodeUUID=486eac80-fccd-4195-832f-9a935d13b7d9, command=[]} | ret=SUCCESS |  
2019-08-23 23:13:33,675 | INFO  | SCMAudit | user=jenkins1000 | ip=192.168.69.103 | op=SEND_HEARTBEAT {datanodeUUID=486eac80-fccd-4195-832f-9a935d13b7d9, command=[]} | ret=SUCCESS |  
2019-08-23 23:13:33,700 [Thread-147] INFO  container.ReplicationManager (ReplicationManager.java:start(152)) - Starting Replication Monitor Thread.
2019-08-23 23:13:33,706 [ReplicationMonitor] INFO  container.ReplicationManager (ReplicationManager.java:run(215)) - Replication Monitor Thread took 5 milliseconds for processing 1 containers.
2019-08-23 23:13:33,875 | INFO  | SCMAudit | user=jenkins1000 | ip=192.168.69.103 | op=SEND_HEARTBEAT {datanodeUUID=486eac80-fccd-4195-832f-9a935d13b7d9, command=[]} | ret=SUCCESS |  
2019-08-23 23:13:34,078 | INFO  | SCMAudit | user=jenkins1000 | ip=192.168.69.103 | op=SEND_HEARTBEAT {datanodeUUID=486eac80-fccd-4195-832f-9a935d13b7d9, command=[]} | ret=SUCCESS |  
2019-08-23 23:13:34,275 | INFO  | SCMAudit | user=jenkins1000 | ip=192.168.69.103 | op=SEND_HEARTBEAT {datanodeUUID=486eac80-fccd-4195-832f-9a935d13b7d9, command=[]} | ret=SUCCESS |  
2019-08-23 23:13:34,475 | INFO  | SCMAudit | user=jenkins1000 | ip=192.168.69.103 | op=SEND_HEARTBEAT {datanodeUUID=486eac80-fccd-4195-832f-9a935d13b7d9, command=[]} | ret=SUCCESS |  
2019-08-23 23:13:34,583 [grpc-default-executor-1] INFO  client.GrpcClientProtocolClient (GrpcClientProtocolClient.java:onNext(255)) - client-856A850928E1->486eac80-fccd-4195-832f-9a935d13b7d9: receive RaftClientReply:client-856A850928E1->486eac80-fccd-4195-832f-9a935d13b7d9@group-94CDABDA5CF4, cid=1, FAILED org.apache.ratis.protocol.NotLeaderException: Server 486eac80-fccd-4195-832f-9a935d13b7d9 is not the leader (null). Request must be sent to leader., logIndex=0, commits[486eac80-fccd-4195-832f-9a935d13b7d9:c-1]
2019-08-23 23:13:34,675 | INFO  | SCMAudit | user=jenkins1000 | ip=192.168.69.103 | op=SEND_HEARTBEAT {datanodeUUID=486eac80-fccd-4195-832f-9a935d13b7d9, command=[]} | ret=SUCCESS |  
2019-08-23 23:13:34,875 | INFO  | SCMAudit | user=jenkins1000 | ip=192.168.69.103 | op=SEND_HEARTBEAT {datanodeUUID=486eac80-fccd-4195-832f-9a935d13b7d9, command=[]} | ret=SUCCESS |  
2019-08-23 23:13:35,075 | INFO  | SCMAudit | user=jenkins1000 | ip=192.168.69.103 | op=SEND_HEARTBEAT {datanodeUUID=486eac80-fccd-4195-832f-9a935d13b7d9, command=[]} | ret=SUCCESS |  
2019-08-23 23:13:35,274 | INFO  | SCMAudit | user=jenkins1000 | ip=192.168.69.103 | op=SEND_HEARTBEAT {datanodeUUID=486eac80-fccd-4195-832f-9a935d13b7d9, command=[]} | ret=SUCCESS |  
2019-08-23 23:13:35,475 | INFO  | SCMAudit | user=jenkins1000 | ip=192.168.69.103 | op=SEND_HEARTBEAT {datanodeUUID=486eac80-fccd-4195-832f-9a935d13b7d9, command=[]} | ret=SUCCESS |  
2019-08-23 23:13:35,675 | INFO  | SCMAudit | user=jenkins1000 | ip=192.168.69.103 | op=SEND_HEARTBEAT {datanodeUUID=486eac80-fccd-4195-832f-9a935d13b7d9, command=[]} | ret=SUCCESS |  
2019-08-23 23:13:35,875 | INFO  | SCMAudit | user=jenkins1000 | ip=192.168.69.103 | op=SEND_HEARTBEAT {datanodeUUID=486eac80-fccd-4195-832f-9a935d13b7d9, command=[]} | ret=SUCCESS |  
2019-08-23 23:13:36,075 | INFO  | SCMAudit | user=jenkins1000 | ip=192.168.69.103 | op=SEND_HEARTBEAT {datanodeUUID=486eac80-fccd-4195-832f-9a935d13b7d9, command=[]} | ret=SUCCESS |  
2019-08-23 23:13:36,276 | INFO  | SCMAudit | user=jenkins1000 | ip=192.168.69.103 | op=SEND_HEARTBEAT {datanodeUUID=486eac80-fccd-4195-832f-9a935d13b7d9, command=[]} | ret=SUCCESS |  
2019-08-23 23:13:36,476 | INFO  | SCMAudit | user=jenkins1000 | ip=192.168.69.103 | op=SEND_HEARTBEAT {datanodeUUID=486eac80-fccd-4195-832f-9a935d13b7d9, command=[]} | ret=SUCCESS |  
2019-08-23 23:13:36,601 [grpc-default-executor-1] INFO  client.GrpcClientProtocolClient (GrpcClientProtocolClient.java:onNext(255)) - client-856A850928E1->486eac80-fccd-4195-832f-9a935d13b7d9: receive RaftClientReply:client-856A850928E1->486eac80-fccd-4195-832f-9a935d13b7d9@group-94CDABDA5CF4, cid=1, FAILED org.apache.ratis.protocol.NotLeaderException: Server 486eac80-fccd-4195-832f-9a935d13b7d9 is not the leader (null). Request must be sent to leader., logIndex=0, commits[486eac80-fccd-4195-832f-9a935d13b7d9:c-1]
2019-08-23 23:13:36,675 | INFO  | SCMAudit | user=jenkins1000 | ip=192.168.69.103 | op=SEND_HEARTBEAT {datanodeUUID=486eac80-fccd-4195-832f-9a935d13b7d9, command=[]} | ret=SUCCESS |  
2019-08-23 23:13:36,876 | INFO  | SCMAudit | user=jenkins1000 | ip=192.168.69.103 | op=SEND_HEARTBEAT {datanodeUUID=486eac80-fccd-4195-832f-9a935d13b7d9, command=[]} | ret=SUCCESS |  
2019-08-23 23:13:37,076 | INFO  | SCMAudit | user=jenkins1000 | ip=192.168.69.103 | op=SEND_HEARTBEAT {datanodeUUID=486eac80-fccd-4195-832f-9a935d13b7d9, command=[]} | ret=SUCCESS |  
2019-08-23 23:13:37,277 | INFO  | SCMAudit | user=jenkins1000 | ip=192.168.69.103 | op=SEND_HEARTBEAT {datanodeUUID=486eac80-fccd-4195-832f-9a935d13b7d9, command=[]} | ret=SUCCESS |  
2019-08-23 23:13:37,477 | INFO  | SCMAudit | user=jenkins1000 | ip=192.168.69.103 | op=SEND_HEARTBEAT {datanodeUUID=486eac80-fccd-4195-832f-9a935d13b7d9, command=[]} | ret=SUCCESS |  
2019-08-23 23:13:37,515 [Thread-152] INFO  impl.FollowerState (FollowerState.java:run(106)) - 486eac80-fccd-4195-832f-9a935d13b7d9:group-94CDABDA5CF4 changes to CANDIDATE, lastRpcTime:5158, electionTimeout:5157ms
2019-08-23 23:13:37,516 [Thread-152] INFO  impl.RoleInfo (RoleInfo.java:shutdownFollowerState(121)) - 486eac80-fccd-4195-832f-9a935d13b7d9: shutdown FollowerState
2019-08-23 23:13:37,517 [Thread-152] INFO  impl.RaftServerImpl (RaftServerImpl.java:setRole(171)) - 486eac80-fccd-4195-832f-9a935d13b7d9:group-94CDABDA5CF4 changes role from FOLLOWER to CANDIDATE at term 0 for changeToCandidate
2019-08-23 23:13:37,521 [Thread-152] INFO  impl.RoleInfo (RoleInfo.java:updateAndGet(143)) - 486eac80-fccd-4195-832f-9a935d13b7d9: start LeaderElection
2019-08-23 23:13:37,677 | INFO  | SCMAudit | user=jenkins1000 | ip=192.168.69.103 | op=SEND_HEARTBEAT {datanodeUUID=486eac80-fccd-4195-832f-9a935d13b7d9, command=[]} | ret=SUCCESS |  
2019-08-23 23:13:37,723 [486eac80-fccd-4195-832f-9a935d13b7d9:group-94CDABDA5CF4:LeaderElection1] INFO  impl.LeaderElection (LeaderElection.java:askForVotes(181)) - 486eac80-fccd-4195-832f-9a935d13b7d9:group-94CDABDA5CF4:LeaderElection1: begin an election at term 1 for -1: [486eac80-fccd-4195-832f-9a935d13b7d9:192.168.69.103:38266], old=null
2019-08-23 23:13:37,725 [486eac80-fccd-4195-832f-9a935d13b7d9:group-94CDABDA5CF4:LeaderElection1] INFO  impl.RoleInfo (RoleInfo.java:shutdownLeaderElection(134)) - 486eac80-fccd-4195-832f-9a935d13b7d9: shutdown LeaderElection
2019-08-23 23:13:37,725 [486eac80-fccd-4195-832f-9a935d13b7d9:group-94CDABDA5CF4:LeaderElection1] INFO  impl.RaftServerImpl (RaftServerImpl.java:setRole(171)) - 486eac80-fccd-4195-832f-9a935d13b7d9:group-94CDABDA5CF4 changes role from CANDIDATE to LEADER at term 1 for changeToLeader
2019-08-23 23:13:37,726 [486eac80-fccd-4195-832f-9a935d13b7d9:group-94CDABDA5CF4:LeaderElection1] INFO  impl.RaftServerImpl (ServerState.java:setLeader(263)) - 486eac80-fccd-4195-832f-9a935d13b7d9:group-94CDABDA5CF4 change Leader from null to 486eac80-fccd-4195-832f-9a935d13b7d9 at term 1 for becomeLeader, leader elected after 5437ms
2019-08-23 23:13:37,730 [486eac80-fccd-4195-832f-9a935d13b7d9:group-94CDABDA5CF4:LeaderElection1] INFO  server.RaftServerConfigKeys (ConfUtils.java:logGet(43)) - raft.server.staging.catchup.gap = 1000 (default)
2019-08-23 23:13:37,730 [486eac80-fccd-4195-832f-9a935d13b7d9:group-94CDABDA5CF4:LeaderElection1] INFO  server.RaftServerConfigKeys (ConfUtils.java:logGet(43)) - raft.server.rpc.sleep.time = 25ms (default)
2019-08-23 23:13:37,733 [486eac80-fccd-4195-832f-9a935d13b7d9:group-94CDABDA5CF4:LeaderElection1] INFO  server.RaftServerConfigKeys (ConfUtils.java:logGet(43)) - raft.server.write.element-limit = 4096 (default)
2019-08-23 23:13:37,734 [486eac80-fccd-4195-832f-9a935d13b7d9:group-94CDABDA5CF4:LeaderElection1] INFO  server.RaftServerConfigKeys (ConfUtils.java:logGet(43)) - raft.server.watch.timeout = 10s (default)
2019-08-23 23:13:37,735 [486eac80-fccd-4195-832f-9a935d13b7d9:group-94CDABDA5CF4:LeaderElection1] INFO  server.RaftServerConfigKeys (ConfUtils.java:logGet(43)) - raft.server.watch.timeout.denomination = 1s (default)
2019-08-23 23:13:37,735 [486eac80-fccd-4195-832f-9a935d13b7d9:group-94CDABDA5CF4:LeaderElection1] INFO  server.RaftServerConfigKeys (ConfUtils.java:logGet(43)) - raft.server.watch.element-limit = 65536 (default)
2019-08-23 23:13:37,742 [486eac80-fccd-4195-832f-9a935d13b7d9:group-94CDABDA5CF4:LeaderElection1] INFO  impl.RoleInfo (RoleInfo.java:updateAndGet(143)) - 486eac80-fccd-4195-832f-9a935d13b7d9: start LeaderState
2019-08-23 23:13:37,758 [486eac80-fccd-4195-832f-9a935d13b7d9:group-94CDABDA5CF4:LeaderElection1] INFO  segmented.SegmentedRaftLogWorker (SegmentedRaftLogWorker.java:startLogSegment(380)) - 486eac80-fccd-4195-832f-9a935d13b7d9-SegmentedRaftLogWorker:Storage Directory /workdir/hadoop-ozone/integration-test/target/test-dir/MiniOzoneClusterImpl-4c29e37b-6ade-468c-bb0c-56b00aa34333/datanode-0/data/ratis/1c78f490-4147-4822-a328-94cdabda5cf4: Starting segment from index:0
2019-08-23 23:13:37,766 [486eac80-fccd-4195-832f-9a935d13b7d9:group-94CDABDA5CF4:LeaderElection1] INFO  impl.RaftServerImpl (ServerState.java:setRaftConf(361)) - 486eac80-fccd-4195-832f-9a935d13b7d9:group-94CDABDA5CF4 set configuration 0: [486eac80-fccd-4195-832f-9a935d13b7d9:192.168.69.103:38266], old=null at 0
2019-08-23 23:13:37,877 | INFO  | SCMAudit | user=jenkins1000 | ip=192.168.69.103 | op=SEND_HEARTBEAT {datanodeUUID=486eac80-fccd-4195-832f-9a935d13b7d9, command=[]} | ret=SUCCESS |  
2019-08-23 23:13:38,079 | INFO  | SCMAudit | user=jenkins1000 | ip=192.168.69.103 | op=SEND_HEARTBEAT {datanodeUUID=486eac80-fccd-4195-832f-9a935d13b7d9, command=[]} | ret=SUCCESS |  
2019-08-23 23:13:38,276 | INFO  | SCMAudit | user=jenkins1000 | ip=192.168.69.103 | op=SEND_HEARTBEAT {datanodeUUID=486eac80-fccd-4195-832f-9a935d13b7d9, command=[]} | ret=SUCCESS |  
2019-08-23 23:13:38,476 | INFO  | SCMAudit | user=jenkins1000 | ip=192.168.69.103 | op=SEND_HEARTBEAT {datanodeUUID=486eac80-fccd-4195-832f-9a935d13b7d9, command=[]} | ret=SUCCESS |  
2019-08-23 23:13:38,629 [grpc-default-executor-0] INFO  client.GrpcClientProtocolClient (GrpcClientProtocolClient.java:onNext(255)) - client-856A850928E1->486eac80-fccd-4195-832f-9a935d13b7d9: receive RaftClientReply:client-856A850928E1->486eac80-fccd-4195-832f-9a935d13b7d9@group-94CDABDA5CF4, cid=1, FAILED org.apache.ratis.protocol.LeaderNotReadyException: 486eac80-fccd-4195-832f-9a935d13b7d9 is in LEADER state but not ready yet., logIndex=0, commits[486eac80-fccd-4195-832f-9a935d13b7d9:c-1]
2019-08-23 23:13:38,676 | INFO  | SCMAudit | user=jenkins1000 | ip=192.168.69.103 | op=SEND_HEARTBEAT {datanodeUUID=486eac80-fccd-4195-832f-9a935d13b7d9, command=[]} | ret=SUCCESS |  
2019-08-23 23:13:38,876 | INFO  | SCMAudit | user=jenkins1000 | ip=192.168.69.103 | op=SEND_HEARTBEAT {datanodeUUID=486eac80-fccd-4195-832f-9a935d13b7d9, command=[]} | ret=SUCCESS |  
2019-08-23 23:13:39,076 | INFO  | SCMAudit | user=jenkins1000 | ip=192.168.69.103 | op=SEND_HEARTBEAT {datanodeUUID=486eac80-fccd-4195-832f-9a935d13b7d9, command=[]} | ret=SUCCESS |  
2019-08-23 23:13:39,277 | INFO  | SCMAudit | user=jenkins1000 | ip=192.168.69.103 | op=SEND_HEARTBEAT {datanodeUUID=486eac80-fccd-4195-832f-9a935d13b7d9, command=[]} | ret=SUCCESS |  
2019-08-23 23:13:39,477 | INFO  | SCMAudit | user=jenkins1000 | ip=192.168.69.103 | op=SEND_HEARTBEAT {datanodeUUID=486eac80-fccd-4195-832f-9a935d13b7d9, command=[]} | ret=SUCCESS |  
2019-08-23 23:13:39,677 | INFO  | SCMAudit | user=jenkins1000 | ip=192.168.69.103 | op=SEND_HEARTBEAT {datanodeUUID=486eac80-fccd-4195-832f-9a935d13b7d9, command=[]} | ret=SUCCESS |  
2019-08-23 23:13:39,877 | INFO  | SCMAudit | user=jenkins1000 | ip=192.168.69.103 | op=SEND_HEARTBEAT {datanodeUUID=486eac80-fccd-4195-832f-9a935d13b7d9, command=[]} | ret=SUCCESS |  
2019-08-23 23:13:40,077 | INFO  | SCMAudit | user=jenkins1000 | ip=192.168.69.103 | op=SEND_HEARTBEAT {datanodeUUID=486eac80-fccd-4195-832f-9a935d13b7d9, command=[]} | ret=SUCCESS |  
2019-08-23 23:13:40,277 | INFO  | SCMAudit | user=jenkins1000 | ip=192.168.69.103 | op=SEND_HEARTBEAT {datanodeUUID=486eac80-fccd-4195-832f-9a935d13b7d9, command=[]} | ret=SUCCESS |  
2019-08-23 23:13:40,349 [486eac80-fccd-4195-832f-9a935d13b7d9-SegmentedRaftLogWorker:Storage Directory /workdir/hadoop-ozone/integration-test/target/test-dir/MiniOzoneClusterImpl-4c29e37b-6ade-468c-bb0c-56b00aa34333/datanode-0/data/ratis/1c78f490-4147-4822-a328-94cdabda5cf4] INFO  segmented.SegmentedRaftLogWorker (SegmentedRaftLogWorker.java:execute(569)) - 486eac80-fccd-4195-832f-9a935d13b7d9-SegmentedRaftLogWorker:Storage Directory /workdir/hadoop-ozone/integration-test/target/test-dir/MiniOzoneClusterImpl-4c29e37b-6ade-468c-bb0c-56b00aa34333/datanode-0/data/ratis/1c78f490-4147-4822-a328-94cdabda5cf4: created new log segment /workdir/hadoop-ozone/integration-test/target/test-dir/MiniOzoneClusterImpl-4c29e37b-6ade-468c-bb0c-56b00aa34333/datanode-0/data/ratis/1c78f490-4147-4822-a328-94cdabda5cf4/current/log_inprogress_0
2019-08-23 23:13:40,477 | INFO  | SCMAudit | user=jenkins1000 | ip=192.168.69.103 | op=SEND_HEARTBEAT {datanodeUUID=486eac80-fccd-4195-832f-9a935d13b7d9, command=[]} | ret=SUCCESS |  
2019-08-23 23:13:40,647 [grpc-default-executor-1] INFO  client.GrpcClientProtocolClient (GrpcClientProtocolClient.java:onNext(255)) - client-856A850928E1->486eac80-fccd-4195-832f-9a935d13b7d9: receive RaftClientReply:client-856A850928E1->486eac80-fccd-4195-832f-9a935d13b7d9@group-94CDABDA5CF4, cid=1, FAILED org.apache.ratis.protocol.LeaderNotReadyException: 486eac80-fccd-4195-832f-9a935d13b7d9 is in LEADER state but not ready yet., logIndex=0, commits[486eac80-fccd-4195-832f-9a935d13b7d9:c-1]
2019-08-23 23:13:40,677 | INFO  | SCMAudit | user=jenkins1000 | ip=192.168.69.103 | op=SEND_HEARTBEAT {datanodeUUID=486eac80-fccd-4195-832f-9a935d13b7d9, command=[]} | ret=SUCCESS |  
2019-08-23 23:13:40,877 | INFO  | SCMAudit | user=jenkins1000 | ip=192.168.69.103 | op=SEND_HEARTBEAT {datanodeUUID=486eac80-fccd-4195-832f-9a935d13b7d9, command=[]} | ret=SUCCESS |  
2019-08-23 23:13:41,078 | INFO  | SCMAudit | user=jenkins1000 | ip=192.168.69.103 | op=SEND_HEARTBEAT {datanodeUUID=486eac80-fccd-4195-832f-9a935d13b7d9, command=[]} | ret=SUCCESS |  
2019-08-23 23:13:41,278 | INFO  | SCMAudit | user=jenkins1000 | ip=192.168.69.103 | op=SEND_HEARTBEAT {datanodeUUID=486eac80-fccd-4195-832f-9a935d13b7d9, command=[]} | ret=SUCCESS |  
2019-08-23 23:13:41,478 | INFO  | SCMAudit | user=jenkins1000 | ip=192.168.69.103 | op=SEND_HEARTBEAT {datanodeUUID=486eac80-fccd-4195-832f-9a935d13b7d9, command=[]} | ret=SUCCESS |  
2019-08-23 23:13:41,661 [main] WARN  io.KeyOutputStream (KeyOutputStream.java:handleException(276)) - Encountered exception java.io.IOException: Unexpected Storage Container Exception: java.util.concurrent.CompletionException: java.util.concurrent.CompletionException: org.apache.ratis.protocol.RaftRetryFailureException: Failed RaftClientRequest:client-856A850928E1->486eac80-fccd-4195-832f-9a935d13b7d9@group-94CDABDA5CF4, cid=1, seq=1*, RW, org.apache.hadoop.hdds.scm.XceiverClientRatis$$Lambda$318/126147004@26a432d for 10 attempts with RetryLimited(maxAttempts=10, sleepTime=1000ms) on the pipeline Pipeline[ Id: 1c78f490-4147-4822-a328-94cdabda5cf4, Nodes: 486eac80-fccd-4195-832f-9a935d13b7d9{ip: 192.168.69.103, host: pr-hdds-2013-vc2dt-506064066, networkLocation: /default-rack, certSerialId: null}, Type:RATIS, Factor:ONE, State:OPEN]. The last committed block length is 0, uncommitted data length is 5 retry count 0
2019-08-23 23:13:41,678 | INFO  | SCMAudit | user=jenkins1000 | ip=192.168.69.103 | op=SEND_HEARTBEAT {datanodeUUID=486eac80-fccd-4195-832f-9a935d13b7d9, command=[]} | ret=SUCCESS |  
2019-08-23 23:13:41,679 [IPC Server handler 0 on 40587] WARN  block.BlockManagerImpl (BlockManagerImpl.java:allocateBlock(192)) - Pipeline creation failed for type:RATIS factor:ONE. Retrying get pipelines call once.
org.apache.hadoop.hdds.scm.pipeline.InsufficientDatanodesException: Cannot create pipeline of factor 1 using 0 nodes.
	at org.apache.hadoop.hdds.scm.pipeline.RatisPipelineProvider.create(RatisPipelineProvider.java:151)
	at org.apache.hadoop.hdds.scm.pipeline.PipelineFactory.create(PipelineFactory.java:57)
	at org.apache.hadoop.hdds.scm.pipeline.SCMPipelineManager.createPipeline(SCMPipelineManager.java:149)
	at org.apache.hadoop.hdds.scm.block.BlockManagerImpl.allocateBlock(BlockManagerImpl.java:190)
	at org.apache.hadoop.hdds.scm.server.SCMBlockProtocolServer.allocateBlock(SCMBlockProtocolServer.java:175)
	at org.apache.hadoop.ozone.protocolPB.ScmBlockLocationProtocolServerSideTranslatorPB.allocateScmBlock(ScmBlockLocationProtocolServerSideTranslatorPB.java:153)
	at org.apache.hadoop.ozone.protocolPB.ScmBlockLocationProtocolServerSideTranslatorPB.send(ScmBlockLocationProtocolServerSideTranslatorPB.java:112)
	at org.apache.hadoop.hdds.protocol.proto.ScmBlockLocationProtocolProtos$ScmBlockLocationProtocolService$2.callBlockingMethod(ScmBlockLocationProtocolProtos.java:13157)
	at org.apache.hadoop.ipc.ProtobufRpcEngine$Server$ProtoBufRpcInvoker.call(ProtobufRpcEngine.java:524)
	at org.apache.hadoop.ipc.RPC$Server.call(RPC.java:1025)
	at org.apache.hadoop.ipc.Server$RpcCall.run(Server.java:876)
	at org.apache.hadoop.ipc.Server$RpcCall.run(Server.java:822)
	at java.security.AccessController.doPrivileged(Native Method)
	at javax.security.auth.Subject.doAs(Subject.java:422)
	at org.apache.hadoop.security.UserGroupInformation.doAs(UserGroupInformation.java:1730)
	at org.apache.hadoop.ipc.Server$Handler.run(Server.java:2682)
2019-08-23 23:13:41,681 [IPC Server handler 0 on 40587] INFO  block.BlockManagerImpl (BlockManagerImpl.java:allocateBlock(198)) - Could not find available pipeline of type:RATIS and factor:ONE even after retrying
2019-08-23 23:13:41,681 [IPC Server handler 0 on 40587] ERROR block.BlockManagerImpl (BlockManagerImpl.java:allocateBlock(222)) - Unable to allocate a block for the size: 4194304, type: RATIS, factor: ONE
2019-08-23 23:13:41,681 | INFO  | SCMAudit | user=jenkins1000 | ip=192.168.69.103 | op=ALLOCATE_BLOCK {owner=afaeb8af-475e-4d3a-aff4-d008117648da, size=4194304, type=RATIS, factor=ONE} | ret=SUCCESS |  
2019-08-23 23:13:41,683 | ERROR | OMAudit | user=jenkins1000 | ip=127.0.0.1 | op=ALLOCATE_BLOCK {volume=testcontainerstatemachinefailures, bucket=testcontainerstatemachinefailures, key=ratis, dataSize=0, replicationType=null, replicationFactor=null, keyLocationInfo=null, clientID=102668829455613952} | ret=FAILURE | org.apache.hadoop.hdds.scm.exceptions.SCMException: Allocated 0 blocks. Requested 1 blocks
	at org.apache.hadoop.hdds.scm.protocolPB.ScmBlockLocationProtocolClientSideTranslatorPB.handleError(ScmBlockLocationProtocolClientSideTranslatorPB.java:118)
	at org.apache.hadoop.hdds.scm.protocolPB.ScmBlockLocationProtocolClientSideTranslatorPB.allocateBlock(ScmBlockLocationProtocolClientSideTranslatorPB.java:156) 
2019-08-23 23:13:41,685 [main] ERROR io.BlockOutputStreamEntryPool (BlockOutputStreamEntryPool.java:allocateBlockIfNeeded(299)) - Try to allocate more blocks for write failed, already allocated 0 blocks for this write.
INTERNAL_ERROR org.apache.hadoop.ozone.om.exceptions.OMException: Allocated 0 blocks. Requested 1 blocks
	at org.apache.hadoop.ozone.om.protocolPB.OzoneManagerProtocolClientSideTranslatorPB.handleError(OzoneManagerProtocolClientSideTranslatorPB.java:725)
	at org.apache.hadoop.ozone.om.protocolPB.OzoneManagerProtocolClientSideTranslatorPB.allocateBlock(OzoneManagerProtocolClientSideTranslatorPB.java:757)
	at org.apache.hadoop.ozone.client.io.BlockOutputStreamEntryPool.allocateNewBlock(BlockOutputStreamEntryPool.java:248)
	at org.apache.hadoop.ozone.client.io.BlockOutputStreamEntryPool.allocateBlockIfNeeded(BlockOutputStreamEntryPool.java:296)
	at org.apache.hadoop.ozone.client.io.KeyOutputStream.handleWrite(KeyOutputStream.java:201)
	at org.apache.hadoop.ozone.client.io.KeyOutputStream.handleRetry(KeyOutputStream.java:376)
	at org.apache.hadoop.ozone.client.io.KeyOutputStream.handleException(KeyOutputStream.java:325)
	at org.apache.hadoop.ozone.client.io.KeyOutputStream.handleFlushOrClose(KeyOutputStream.java:448)
	at org.apache.hadoop.ozone.client.io.KeyOutputStream.flush(KeyOutputStream.java:396)
	at org.apache.hadoop.ozone.client.io.OzoneOutputStream.flush(OzoneOutputStream.java:54)
	at org.apache.hadoop.ozone.client.rpc.TestContainerStateMachineFailures.testContainerStateMachineFailures(TestContainerStateMachineFailures.java:154)
	at sun.reflect.NativeMethodAccessorImpl.invoke0(Native Method)
	at sun.reflect.NativeMethodAccessorImpl.invoke(NativeMethodAccessorImpl.java:62)
	at sun.reflect.DelegatingMethodAccessorImpl.invoke(DelegatingMethodAccessorImpl.java:43)
	at java.lang.reflect.Method.invoke(Method.java:498)
	at org.junit.runners.model.FrameworkMethod$1.runReflectiveCall(FrameworkMethod.java:47)
	at org.junit.internal.runners.model.ReflectiveCallable.run(ReflectiveCallable.java:12)
	at org.junit.runners.model.FrameworkMethod.invokeExplosively(FrameworkMethod.java:44)
	at org.junit.internal.runners.statements.InvokeMethod.evaluate(InvokeMethod.java:17)
	at org.junit.runners.ParentRunner.runLeaf(ParentRunner.java:271)
	at org.junit.runners.BlockJUnit4ClassRunner.runChild(BlockJUnit4ClassRunner.java:70)
	at org.junit.runners.BlockJUnit4ClassRunner.runChild(BlockJUnit4ClassRunner.java:50)
	at org.junit.runners.ParentRunner$3.run(ParentRunner.java:238)
	at org.junit.runners.ParentRunner$1.schedule(ParentRunner.java:63)
	at org.junit.runners.ParentRunner.runChildren(ParentRunner.java:236)
	at org.junit.runners.ParentRunner.access$000(ParentRunner.java:53)
	at org.junit.runners.ParentRunner$2.evaluate(ParentRunner.java:229)
	at org.junit.internal.runners.statements.RunBefores.evaluate(RunBefores.java:26)
	at org.junit.internal.runners.statements.RunAfters.evaluate(RunAfters.java:27)
	at org.junit.runners.ParentRunner.run(ParentRunner.java:309)
	at org.apache.maven.surefire.junit4.JUnit4Provider.execute(JUnit4Provider.java:365)
	at org.apache.maven.surefire.junit4.JUnit4Provider.executeWithRerun(JUnit4Provider.java:273)
	at org.apache.maven.surefire.junit4.JUnit4Provider.executeTestSet(JUnit4Provider.java:238)
	at org.apache.maven.surefire.junit4.JUnit4Provider.invoke(JUnit4Provider.java:159)
	at org.apache.maven.surefire.booter.ForkedBooter.invokeProviderInSameClassLoader(ForkedBooter.java:384)
	at org.apache.maven.surefire.booter.ForkedBooter.runSuitesInProcess(ForkedBooter.java:345)
	at org.apache.maven.surefire.booter.ForkedBooter.execute(ForkedBooter.java:126)
	at org.apache.maven.surefire.booter.ForkedBooter.main(ForkedBooter.java:418)
]]></system-out>
    <system-err><![CDATA[Aug 23, 2019 11:13:25 PM com.sun.jersey.server.impl.application.WebApplicationImpl _initiate
INFO: Initiating Jersey application, version 'Jersey: 1.19 02/11/2015 03:25 AM'
]]></system-err>
  </testcase>
  <testcase name="testUnhealthyContainer" classname="org.apache.hadoop.ozone.client.rpc.TestContainerStateMachineFailures" time="43.649"/>
  <testcase name="testApplyTransactionFailure" classname="org.apache.hadoop.ozone.client.rpc.TestContainerStateMachineFailures" time="7.077">
    <error type="java.lang.NullPointerException">java.lang.NullPointerException
	at org.apache.hadoop.ozone.client.rpc.TestContainerStateMachineFailures.testApplyTransactionFailure(TestContainerStateMachineFailures.java:301)
	at sun.reflect.NativeMethodAccessorImpl.invoke0(Native Method)
	at sun.reflect.NativeMethodAccessorImpl.invoke(NativeMethodAccessorImpl.java:62)
	at sun.reflect.DelegatingMethodAccessorImpl.invoke(DelegatingMethodAccessorImpl.java:43)
	at java.lang.reflect.Method.invoke(Method.java:498)
	at org.junit.runners.model.FrameworkMethod$1.runReflectiveCall(FrameworkMethod.java:47)
	at org.junit.internal.runners.model.ReflectiveCallable.run(ReflectiveCallable.java:12)
	at org.junit.runners.model.FrameworkMethod.invokeExplosively(FrameworkMethod.java:44)
	at org.junit.internal.runners.statements.InvokeMethod.evaluate(InvokeMethod.java:17)
	at org.junit.runners.ParentRunner.runLeaf(ParentRunner.java:271)
	at org.junit.runners.BlockJUnit4ClassRunner.runChild(BlockJUnit4ClassRunner.java:70)
	at org.junit.runners.BlockJUnit4ClassRunner.runChild(BlockJUnit4ClassRunner.java:50)
	at org.junit.runners.ParentRunner$3.run(ParentRunner.java:238)
	at org.junit.runners.ParentRunner$1.schedule(ParentRunner.java:63)
	at org.junit.runners.ParentRunner.runChildren(ParentRunner.java:236)
	at org.junit.runners.ParentRunner.access$000(ParentRunner.java:53)
	at org.junit.runners.ParentRunner$2.evaluate(ParentRunner.java:229)
	at org.junit.internal.runners.statements.RunBefores.evaluate(RunBefores.java:26)
	at org.junit.internal.runners.statements.RunAfters.evaluate(RunAfters.java:27)
	at org.junit.runners.ParentRunner.run(ParentRunner.java:309)
	at org.apache.maven.surefire.junit4.JUnit4Provider.execute(JUnit4Provider.java:365)
	at org.apache.maven.surefire.junit4.JUnit4Provider.executeWithRerun(JUnit4Provider.java:273)
	at org.apache.maven.surefire.junit4.JUnit4Provider.executeTestSet(JUnit4Provider.java:238)
	at org.apache.maven.surefire.junit4.JUnit4Provider.invoke(JUnit4Provider.java:159)
	at org.apache.maven.surefire.booter.ForkedBooter.invokeProviderInSameClassLoader(ForkedBooter.java:384)
	at org.apache.maven.surefire.booter.ForkedBooter.runSuitesInProcess(ForkedBooter.java:345)
	at org.apache.maven.surefire.booter.ForkedBooter.execute(ForkedBooter.java:126)
	at org.apache.maven.surefire.booter.ForkedBooter.main(ForkedBooter.java:418)
</error>
    <system-out><![CDATA[2019-08-23 23:14:25,345 | INFO  | SCMAudit | user=jenkins1000 | ip=192.168.69.103 | op=SEND_HEARTBEAT {datanodeUUID=486eac80-fccd-4195-832f-9a935d13b7d9, command=[]} | ret=SUCCESS |  
2019-08-23 23:14:25,345 [EventQueue-CloseContainerForCloseContainerEventHandler] INFO  container.CloseContainerEventHandler (CloseContainerEventHandler.java:onMessage(61)) - Close container Event triggered for container : #2
2019-08-23 23:14:25,346 | INFO  | SCMAudit | user=jenkins1000 | ip=192.168.69.103 | op=SEND_HEARTBEAT {datanodeUUID=486eac80-fccd-4195-832f-9a935d13b7d9, command=[]} | ret=SUCCESS |  
2019-08-23 23:14:25,355 | INFO  | SCMAudit | user=jenkins1000 | ip=192.168.69.103 | op=SEND_HEARTBEAT {datanodeUUID=486eac80-fccd-4195-832f-9a935d13b7d9, command=[]} | ret=SUCCESS |  
2019-08-23 23:14:25,355 | INFO  | OMAudit | user=jenkins1000 | ip=127.0.0.1 | op=READ_VOLUME {volume=testcontainerstatemachinefailures} | ret=SUCCESS |  
2019-08-23 23:14:25,356 | INFO  | SCMAudit | user=jenkins1000 | ip=192.168.69.103 | op=SEND_HEARTBEAT {datanodeUUID=486eac80-fccd-4195-832f-9a935d13b7d9, command=[]} | ret=SUCCESS |  
2019-08-23 23:14:25,357 | INFO  | OMAudit | user=jenkins1000 | ip=127.0.0.1 | op=READ_BUCKET {volume=testcontainerstatemachinefailures, bucket=testcontainerstatemachinefailures} | ret=SUCCESS |  
2019-08-23 23:14:25,457 | INFO  | SCMAudit | user=jenkins1000 | ip=192.168.69.103 | op=SEND_HEARTBEAT {datanodeUUID=486eac80-fccd-4195-832f-9a935d13b7d9, command=[]} | ret=SUCCESS |  
2019-08-23 23:14:25,657 | INFO  | SCMAudit | user=jenkins1000 | ip=192.168.69.103 | op=SEND_HEARTBEAT {datanodeUUID=486eac80-fccd-4195-832f-9a935d13b7d9, command=[]} | ret=SUCCESS |  
2019-08-23 23:14:25,857 | INFO  | SCMAudit | user=jenkins1000 | ip=192.168.69.103 | op=SEND_HEARTBEAT {datanodeUUID=486eac80-fccd-4195-832f-9a935d13b7d9, command=[]} | ret=SUCCESS |  
2019-08-23 23:14:25,880 [RATISCREATEPIPELINE3] ERROR pipeline.RatisPipelineProvider (RatisPipelineProvider.java:lambda$null$5(235)) - Failed invoke Ratis rpc org.apache.hadoop.hdds.scm.pipeline.RatisPipelineProvider$$Lambda$172/128424681@54b099c0 for 486eac80-fccd-4195-832f-9a935d13b7d9
org.apache.ratis.protocol.TimeoutIOException: deadline exceeded after 2999738723ns
	at org.apache.ratis.grpc.GrpcUtil.tryUnwrapException(GrpcUtil.java:82)
	at org.apache.ratis.grpc.GrpcUtil.unwrapException(GrpcUtil.java:75)
	at org.apache.ratis.grpc.client.GrpcClientProtocolClient.blockingCall(GrpcClientProtocolClient.java:169)
	at org.apache.ratis.grpc.client.GrpcClientProtocolClient.groupAdd(GrpcClientProtocolClient.java:138)
	at org.apache.ratis.grpc.client.GrpcClientRpc.sendRequest(GrpcClientRpc.java:94)
	at org.apache.ratis.client.impl.RaftClientImpl.sendRequest(RaftClientImpl.java:279)
	at org.apache.ratis.client.impl.RaftClientImpl.groupAdd(RaftClientImpl.java:206)
	at org.apache.hadoop.hdds.scm.pipeline.RatisPipelineProvider.lambda$initializePipeline$4(RatisPipelineProvider.java:194)
	at org.apache.hadoop.hdds.scm.pipeline.RatisPipelineProvider.lambda$null$5(RatisPipelineProvider.java:231)
	at java.util.stream.ForEachOps$ForEachOp$OfRef.accept(ForEachOps.java:184)
	at java.util.ArrayList$ArrayListSpliterator.forEachRemaining(ArrayList.java:1382)
	at java.util.stream.AbstractPipeline.copyInto(AbstractPipeline.java:482)
	at java.util.stream.ForEachOps$ForEachTask.compute(ForEachOps.java:291)
	at java.util.concurrent.CountedCompleter.exec(CountedCompleter.java:731)
	at java.util.concurrent.ForkJoinTask.doExec(ForkJoinTask.java:289)
	at java.util.concurrent.ForkJoinTask.doInvoke(ForkJoinTask.java:401)
	at java.util.concurrent.ForkJoinTask.invoke(ForkJoinTask.java:734)
	at java.util.stream.ForEachOps$ForEachOp.evaluateParallel(ForEachOps.java:160)
	at java.util.stream.ForEachOps$ForEachOp$OfRef.evaluateParallel(ForEachOps.java:174)
	at java.util.stream.AbstractPipeline.evaluate(AbstractPipeline.java:233)
	at java.util.stream.ReferencePipeline.forEach(ReferencePipeline.java:418)
	at java.util.stream.ReferencePipeline$Head.forEach(ReferencePipeline.java:583)
	at org.apache.hadoop.hdds.scm.pipeline.RatisPipelineProvider.lambda$callRatisRpc$6(RatisPipelineProvider.java:225)
	at java.util.concurrent.ForkJoinTask$AdaptedRunnableAction.exec(ForkJoinTask.java:1386)
	at java.util.concurrent.ForkJoinTask.doExec(ForkJoinTask.java:289)
	at java.util.concurrent.ForkJoinPool$WorkQueue.runTask(ForkJoinPool.java:1056)
	at java.util.concurrent.ForkJoinPool.runWorker(ForkJoinPool.java:1692)
	at java.util.concurrent.ForkJoinWorkerThread.run(ForkJoinWorkerThread.java:157)
Caused by: org.apache.ratis.thirdparty.io.grpc.StatusRuntimeException: DEADLINE_EXCEEDED: deadline exceeded after 2999738723ns
	at org.apache.ratis.thirdparty.io.grpc.stub.ClientCalls.toStatusRuntimeException(ClientCalls.java:233)
	at org.apache.ratis.thirdparty.io.grpc.stub.ClientCalls.getUnchecked(ClientCalls.java:214)
	at org.apache.ratis.thirdparty.io.grpc.stub.ClientCalls.blockingUnaryCall(ClientCalls.java:139)
	at org.apache.ratis.proto.grpc.AdminProtocolServiceGrpc$AdminProtocolServiceBlockingStub.groupManagement(AdminProtocolServiceGrpc.java:274)
	at org.apache.ratis.grpc.client.GrpcClientProtocolClient.lambda$groupAdd$3(GrpcClientProtocolClient.java:140)
	at org.apache.ratis.grpc.client.GrpcClientProtocolClient.blockingCall(GrpcClientProtocolClient.java:167)
	... 25 more
2019-08-23 23:14:25,893 [grpc-default-executor-0] INFO  impl.RaftServerProxy (RaftServerProxy.java:addNew(89)) - 486eac80-fccd-4195-832f-9a935d13b7d9: addNew group-DD7859CB0E7A:[486eac80-fccd-4195-832f-9a935d13b7d9:192.168.69.103:38266] returns group-DD7859CB0E7A:java.util.concurrent.CompletableFuture@38f2625b[Not completed]
2019-08-23 23:14:25,895 [grpc-default-executor-0] INFO  impl.RaftServerProxy (RaftServerProxy.java:remove(95)) - 486eac80-fccd-4195-832f-9a935d13b7d9: remove FOLLOWER group-C0296AFD3BB6 486eac80-fccd-4195-832f-9a935d13b7d9:t1, leader=null, voted=486eac80-fccd-4195-832f-9a935d13b7d9, raftlog=486eac80-fccd-4195-832f-9a935d13b7d9-SegmentedRaftLog:OPENED:c4,f4,i4, conf=0: [486eac80-fccd-4195-832f-9a935d13b7d9:192.168.69.103:38266], old=null RUNNING
2019-08-23 23:14:25,895 [grpc-default-executor-0] INFO  impl.RaftServerImpl (RaftServerImpl.java:lambda$shutdown$3(245)) - 486eac80-fccd-4195-832f-9a935d13b7d9: shutdown group-C0296AFD3BB6
2019-08-23 23:14:25,895 [grpc-default-executor-0] INFO  util.JmxRegister (JmxRegister.java:unregister(73)) - Successfully un-registered JMX Bean with object name Ratis:service=RaftServer,group=group-C0296AFD3BB6,id=486eac80-fccd-4195-832f-9a935d13b7d9
2019-08-23 23:14:25,895 [grpc-default-executor-0] INFO  impl.RoleInfo (RoleInfo.java:shutdownFollowerState(121)) - 486eac80-fccd-4195-832f-9a935d13b7d9: shutdown FollowerState
2019-08-23 23:14:25,895 [grpc-default-executor-0] INFO  impl.StateMachineUpdater (StateMachineUpdater.java:stopAndJoin(115)) - StateMachineUpdater:486eac80-fccd-4195-832f-9a935d13b7d9:group-C0296AFD3BB6: set stopIndex = 4
2019-08-23 23:14:25,895 [StateMachineUpdater:486eac80-fccd-4195-832f-9a935d13b7d9:group-C0296AFD3BB6] INFO  ratis.ContainerStateMachine (ContainerStateMachine.java:takeSnapshot(283)) - group-C0296AFD3BB6: Taking a snapshot at:(t:1, i:4) file /workdir/hadoop-ozone/integration-test/target/test-dir/MiniOzoneClusterImpl-4c29e37b-6ade-468c-bb0c-56b00aa34333/datanode-0/data/ratis/712a33d3-4f48-497b-8a5a-c0296afd3bb6/sm/snapshot.1_4
2019-08-23 23:14:25,895 [Thread-246] INFO  impl.FollowerState (FollowerState.java:run(114)) - 486eac80-fccd-4195-832f-9a935d13b7d9: FollowerState was interrupted: java.lang.InterruptedException: sleep interrupted
2019-08-23 23:14:25,910 | INFO  | SCMAudit | user=jenkins1000 | ip=192.168.69.103 | op=SEND_HEARTBEAT {datanodeUUID=486eac80-fccd-4195-832f-9a935d13b7d9, command=[commandType: closeContainerCommand closeContainerCommandProto { containerID: 2 pipelineID { id: "1c78f490-4147-4822-a328-94cdabda5cf4" } cmdId: 2 force: false } ]} | ret=SUCCESS |  
2019-08-23 23:14:26,051 [pool-43-thread-1] INFO  storage.RaftStorage (RaftStorage.java:format(72)) - Storage directory /workdir/hadoop-ozone/integration-test/target/test-dir/MiniOzoneClusterImpl-4c29e37b-6ade-468c-bb0c-56b00aa34333/datanode-0/data/ratis/704527da-2e77-4662-8a8e-24f549c401c6 has been successfully formatted.
2019-08-23 23:14:26,052 [StateMachineUpdater:486eac80-fccd-4195-832f-9a935d13b7d9:group-C0296AFD3BB6] INFO  ratis.ContainerStateMachine (ContainerStateMachine.java:takeSnapshot(294)) - group-C0296AFD3BB6: Finished taking a snapshot at:(t:1, i:4) file:/workdir/hadoop-ozone/integration-test/target/test-dir/MiniOzoneClusterImpl-4c29e37b-6ade-468c-bb0c-56b00aa34333/datanode-0/data/ratis/712a33d3-4f48-497b-8a5a-c0296afd3bb6/sm/snapshot.1_4 time:155
2019-08-23 23:14:26,053 [StateMachineUpdater:486eac80-fccd-4195-832f-9a935d13b7d9:group-C0296AFD3BB6] INFO  impl.StateMachineUpdater (StateMachineUpdater.java:takeSnapshot(242)) - StateMachineUpdater:486eac80-fccd-4195-832f-9a935d13b7d9:group-C0296AFD3BB6: Took a snapshot at index 4
2019-08-23 23:14:26,053 [pool-43-thread-1] INFO  ratis.ContainerStateMachine (ContainerStateMachine.java:loadSnapshot(226)) - group-24F549C401C6: The snapshot info is null. Setting the last applied indexto:(t:0, i:~)
2019-08-23 23:14:26,053 [StateMachineUpdater:486eac80-fccd-4195-832f-9a935d13b7d9:group-C0296AFD3BB6] INFO  impl.StateMachineUpdater (StateMachineUpdater.java:lambda$new$0(80)) - StateMachineUpdater:486eac80-fccd-4195-832f-9a935d13b7d9:group-C0296AFD3BB6: snapshotIndex: updateIncreasingly 4 -> 4
2019-08-23 23:14:26,053 [pool-43-thread-1] INFO  server.RaftServerConfigKeys (ConfUtils.java:logGet(43)) - raft.server.leader.election.timeout = 120s (custom)
2019-08-23 23:14:26,053 [pool-43-thread-1] INFO  server.RaftServerConfigKeys (ConfUtils.java:logGet(43)) - raft.server.log.use.memory = false (default)
2019-08-23 23:14:26,053 [pool-43-thread-1] INFO  server.RaftServerConfigKeys (ConfUtils.java:logGet(43)) - raft.server.log.purge.gap = 1000000 (custom)
2019-08-23 23:14:26,054 [grpc-default-executor-0] INFO  impl.RaftServerImpl (ServerState.java:close(394)) - 486eac80-fccd-4195-832f-9a935d13b7d9:group-C0296AFD3BB6 closes. The last applied log index is 4
2019-08-23 23:14:26,054 [pool-43-thread-1] INFO  server.RaftServerConfigKeys (ConfUtils.java:logGet(43)) - raft.server.log.appender.buffer.byte-limit = 33554432 (custom)
2019-08-23 23:14:26,054 [pool-43-thread-1] INFO  server.RaftServerConfigKeys (ConfUtils.java:logGet(43)) - raft.server.log.segment.size.max = 1048576 (custom)
2019-08-23 23:14:26,055 [486eac80-fccd-4195-832f-9a935d13b7d9-SegmentedRaftLogWorker:Storage Directory /workdir/hadoop-ozone/integration-test/target/test-dir/MiniOzoneClusterImpl-4c29e37b-6ade-468c-bb0c-56b00aa34333/datanode-0/data/ratis/712a33d3-4f48-497b-8a5a-c0296afd3bb6] INFO  segmented.SegmentedRaftLogWorker (SegmentedRaftLogWorker.java:run(313)) - 486eac80-fccd-4195-832f-9a935d13b7d9-SegmentedRaftLogWorker:Storage Directory /workdir/hadoop-ozone/integration-test/target/test-dir/MiniOzoneClusterImpl-4c29e37b-6ade-468c-bb0c-56b00aa34333/datanode-0/data/ratis/712a33d3-4f48-497b-8a5a-c0296afd3bb6 was interrupted, exiting. There are 0 tasks remaining in the queue.
2019-08-23 23:14:26,055 [pool-43-thread-1] INFO  server.RaftServerConfigKeys (ConfUtils.java:logGet(43)) - raft.server.log.segment.cache.num.max = 2 (custom)
2019-08-23 23:14:26,056 [grpc-default-executor-0] INFO  segmented.SegmentedRaftLogWorker (SegmentedRaftLogWorker.java:close(228)) - 486eac80-fccd-4195-832f-9a935d13b7d9-SegmentedRaftLogWorker:Storage Directory /workdir/hadoop-ozone/integration-test/target/test-dir/MiniOzoneClusterImpl-4c29e37b-6ade-468c-bb0c-56b00aa34333/datanode-0/data/ratis/712a33d3-4f48-497b-8a5a-c0296afd3bb6 close()
2019-08-23 23:14:26,057 [pool-43-thread-1] INFO  segmented.SegmentedRaftLogWorker (SegmentedRaftLogWorker.java:<init>(172)) - new 486eac80-fccd-4195-832f-9a935d13b7d9-SegmentedRaftLogWorker:Storage Directory /workdir/hadoop-ozone/integration-test/target/test-dir/MiniOzoneClusterImpl-4c29e37b-6ade-468c-bb0c-56b00aa34333/datanode-0/data/ratis/704527da-2e77-4662-8a8e-24f549c401c6 for RaftStorage:Storage Directory /workdir/hadoop-ozone/integration-test/target/test-dir/MiniOzoneClusterImpl-4c29e37b-6ade-468c-bb0c-56b00aa34333/datanode-0/data/ratis/704527da-2e77-4662-8a8e-24f549c401c6
2019-08-23 23:14:26,058 [pool-43-thread-1] INFO  server.RaftServerConfigKeys (ConfUtils.java:logGet(43)) - raft.server.log.queue.byte-limit = 2147483647 (custom)
2019-08-23 23:14:26,058 [pool-43-thread-1] INFO  server.RaftServerConfigKeys (ConfUtils.java:logGet(43)) - raft.server.log.queue.element-limit = 1024 (custom)
2019-08-23 23:14:26,058 [pool-43-thread-1] INFO  server.RaftServerConfigKeys (ConfUtils.java:logGet(43)) - raft.server.log.segment.size.max = 1048576 (custom)
2019-08-23 23:14:26,059 [pool-43-thread-1] INFO  server.RaftServerConfigKeys (ConfUtils.java:logGet(43)) - raft.server.log.preallocated.size = 16384 (custom)
2019-08-23 23:14:26,059 [pool-43-thread-1] INFO  server.RaftServerConfigKeys (ConfUtils.java:logGet(43)) - raft.server.log.write.buffer.size = 33554432 (custom)
2019-08-23 23:14:26,059 [pool-43-thread-1] INFO  server.RaftServerConfigKeys (ConfUtils.java:logGet(43)) - raft.server.log.force.sync.num = 128 (default)
2019-08-23 23:14:26,059 [pool-43-thread-1] INFO  server.RaftServerConfigKeys (ConfUtils.java:logGet(43)) - raft.server.log.statemachine.data.sync = true (default)
2019-08-23 23:14:26,060 [pool-43-thread-1] INFO  server.RaftServerConfigKeys (ConfUtils.java:logGet(43)) - raft.server.log.statemachine.data.sync.timeout = 10s (default)
2019-08-23 23:14:26,060 [pool-43-thread-1] INFO  server.RaftServerConfigKeys (ConfUtils.java:logGet(43)) - raft.server.log.statemachine.data.sync.timeout.retry = -1 (default)
2019-08-23 23:14:26,060 [pool-43-thread-1] INFO  server.RaftServerConfigKeys (ConfUtils.java:logGet(43)) - raft.server.log.statemachine.data.caching.enabled = true (custom)
2019-08-23 23:14:26,060 [pool-43-thread-1] INFO  segmented.SegmentedRaftLogWorker (SegmentedRaftLogWorker.java:lambda$new$0(132)) - 486eac80-fccd-4195-832f-9a935d13b7d9-SegmentedRaftLogWorker:Storage Directory /workdir/hadoop-ozone/integration-test/target/test-dir/MiniOzoneClusterImpl-4c29e37b-6ade-468c-bb0c-56b00aa34333/datanode-0/data/ratis/704527da-2e77-4662-8a8e-24f549c401c6: flushIndex: setUnconditionally 0 -> -1
2019-08-23 23:14:26,061 [pool-43-thread-1] INFO  server.RaftServerConfigKeys (ConfUtils.java:logGet(43)) - raft.server.snapshot.auto.trigger.enabled = true (custom)
2019-08-23 23:14:26,061 [pool-43-thread-1] INFO  server.RaftServerConfigKeys (ConfUtils.java:logGet(43)) - raft.server.snapshot.auto.trigger.threshold = 1 (custom)
2019-08-23 23:14:26,061 [pool-43-thread-1] INFO  server.RaftServerConfigKeys (ConfUtils.java:logGet(43)) - raft.server.retrycache.expirytime = 600000ms (custom)
2019-08-23 23:14:26,064 [pool-43-thread-1] INFO  impl.RaftServerImpl (RaftServerImpl.java:<init>(93)) - 486eac80-fccd-4195-832f-9a935d13b7d9: new RaftServerImpl for group-DD7859CB0E7A:[486eac80-fccd-4195-832f-9a935d13b7d9:192.168.69.103:38266] with ContainerStateMachine:uninitialized
2019-08-23 23:14:26,064 [pool-43-thread-1] INFO  server.RaftServerConfigKeys (ConfUtils.java:logGet(43)) - raft.server.rpc.timeout.min = 5s (custom)
2019-08-23 23:14:26,064 [pool-43-thread-1] INFO  server.RaftServerConfigKeys (ConfUtils.java:logGet(43)) - raft.server.rpc.timeout.max = 5200ms (custom)
2019-08-23 23:14:26,064 [pool-43-thread-1] INFO  server.RaftServerConfigKeys (ConfUtils.java:logGet(43)) - raft.server.rpcslowness.timeout = 120s (custom)
2019-08-23 23:14:26,064 [pool-43-thread-1] INFO  server.RaftServerConfigKeys (ConfUtils.java:logGet(43)) - raft.server.sleep.deviation.threshold = 300 (default)
2019-08-23 23:14:26,065 [pool-43-thread-1] INFO  server.RaftServerConfigKeys (ConfUtils.java:logGet(43)) - raft.server.log.appender.install.snapshot.enabled = false (custom)
2019-08-23 23:14:26,065 [pool-43-thread-1] INFO  impl.RaftServerImpl (ServerState.java:<init>(105)) - 486eac80-fccd-4195-832f-9a935d13b7d9:group-DD7859CB0E7A ConfigurationManager, init=-1: [486eac80-fccd-4195-832f-9a935d13b7d9:192.168.69.103:38266], old=null, confs=<EMPTY_MAP>
2019-08-23 23:14:26,065 [pool-43-thread-1] INFO  server.RaftServerConfigKeys (ConfUtils.java:logGet(43)) - raft.server.storage.dir = [/workdir/hadoop-ozone/integration-test/target/test-dir/MiniOzoneClusterImpl-4c29e37b-6ade-468c-bb0c-56b00aa34333/datanode-0/data/ratis] (custom)
2019-08-23 23:14:26,066 [pool-43-thread-1] INFO  storage.RaftStorageDirectory (RaftStorageDirectory.java:analyzeStorage(246)) - The storage directory /workdir/hadoop-ozone/integration-test/target/test-dir/MiniOzoneClusterImpl-4c29e37b-6ade-468c-bb0c-56b00aa34333/datanode-0/data/ratis/dd04dae9-21dd-43d7-a0cb-dd7859cb0e7a does not exist. Creating ...
2019-08-23 23:14:26,087 [Command processor thread] ERROR commandhandler.CloseContainerCommandHandler (CloseContainerCommandHandler.java:handle(124)) - Can't close container #2
org.apache.hadoop.hdds.scm.container.common.helpers.StorageContainerException: Cannot quasi close container #2 while in UNHEALTHY state.
	at org.apache.hadoop.ozone.container.keyvalue.KeyValueHandler.quasiCloseContainer(KeyValueHandler.java:930)
	at org.apache.hadoop.ozone.container.ozoneimpl.ContainerController.quasiCloseContainer(ContainerController.java:107)
	at org.apache.hadoop.ozone.container.common.statemachine.commandhandler.CloseContainerCommandHandler.handle(CloseContainerCommandHandler.java:116)
	at org.apache.hadoop.ozone.container.common.statemachine.commandhandler.CommandDispatcher.handle(CommandDispatcher.java:93)
	at org.apache.hadoop.ozone.container.common.statemachine.DatanodeStateMachine.lambda$initCommandHandlerThread$1(DatanodeStateMachine.java:432)
	at java.lang.Thread.run(Thread.java:748)
2019-08-23 23:14:26,090 [pool-43-thread-1] INFO  storage.RaftStorageDirectory (RaftStorageDirectory.java:tryLock(328)) - Lock on /workdir/hadoop-ozone/integration-test/target/test-dir/MiniOzoneClusterImpl-4c29e37b-6ade-468c-bb0c-56b00aa34333/datanode-0/data/ratis/dd04dae9-21dd-43d7-a0cb-dd7859cb0e7a/in_use.lock acquired by nodename 17734@pr-hdds-2013-vc2dt-506064066
2019-08-23 23:14:26,092 | INFO  | SCMAudit | user=jenkins1000 | ip=192.168.69.103 | op=SEND_HEARTBEAT {datanodeUUID=486eac80-fccd-4195-832f-9a935d13b7d9, command=[]} | ret=SUCCESS |  
2019-08-23 23:14:26,092 [EventQueue-IncrementalContainerReportForIncrementalContainerReportHandler] INFO  container.IncrementalContainerReportHandler (AbstractContainerReportHandler.java:updateContainerState(169)) - Moving container #3 to QUASI_CLOSED state, datanode 486eac80-fccd-4195-832f-9a935d13b7d9{ip: 192.168.69.103, host: pr-hdds-2013-vc2dt-506064066, networkLocation: /default-rack, certSerialId: null} reported QUASI_CLOSED replica.
2019-08-23 23:14:26,116 [pool-43-thread-1] INFO  storage.RaftStorage (RaftStorage.java:format(72)) - Storage directory /workdir/hadoop-ozone/integration-test/target/test-dir/MiniOzoneClusterImpl-4c29e37b-6ade-468c-bb0c-56b00aa34333/datanode-0/data/ratis/dd04dae9-21dd-43d7-a0cb-dd7859cb0e7a has been successfully formatted.
2019-08-23 23:14:26,117 [pool-43-thread-1] INFO  ratis.ContainerStateMachine (ContainerStateMachine.java:loadSnapshot(226)) - group-DD7859CB0E7A: The snapshot info is null. Setting the last applied indexto:(t:0, i:~)
2019-08-23 23:14:26,117 [pool-43-thread-1] INFO  server.RaftServerConfigKeys (ConfUtils.java:logGet(43)) - raft.server.leader.election.timeout = 120s (custom)
2019-08-23 23:14:26,117 [pool-43-thread-1] INFO  server.RaftServerConfigKeys (ConfUtils.java:logGet(43)) - raft.server.log.use.memory = false (default)
2019-08-23 23:14:26,118 [pool-43-thread-1] INFO  server.RaftServerConfigKeys (ConfUtils.java:logGet(43)) - raft.server.log.purge.gap = 1000000 (custom)
2019-08-23 23:14:26,118 [pool-43-thread-1] INFO  server.RaftServerConfigKeys (ConfUtils.java:logGet(43)) - raft.server.log.appender.buffer.byte-limit = 33554432 (custom)
2019-08-23 23:14:26,118 [pool-43-thread-1] INFO  server.RaftServerConfigKeys (ConfUtils.java:logGet(43)) - raft.server.log.segment.size.max = 1048576 (custom)
2019-08-23 23:14:26,118 [pool-43-thread-1] INFO  server.RaftServerConfigKeys (ConfUtils.java:logGet(43)) - raft.server.log.segment.cache.num.max = 2 (custom)
2019-08-23 23:14:26,118 [pool-43-thread-1] INFO  segmented.SegmentedRaftLogWorker (SegmentedRaftLogWorker.java:<init>(172)) - new 486eac80-fccd-4195-832f-9a935d13b7d9-SegmentedRaftLogWorker:Storage Directory /workdir/hadoop-ozone/integration-test/target/test-dir/MiniOzoneClusterImpl-4c29e37b-6ade-468c-bb0c-56b00aa34333/datanode-0/data/ratis/dd04dae9-21dd-43d7-a0cb-dd7859cb0e7a for RaftStorage:Storage Directory /workdir/hadoop-ozone/integration-test/target/test-dir/MiniOzoneClusterImpl-4c29e37b-6ade-468c-bb0c-56b00aa34333/datanode-0/data/ratis/dd04dae9-21dd-43d7-a0cb-dd7859cb0e7a
2019-08-23 23:14:26,119 [pool-43-thread-1] INFO  server.RaftServerConfigKeys (ConfUtils.java:logGet(43)) - raft.server.log.queue.byte-limit = 2147483647 (custom)
2019-08-23 23:14:26,119 [pool-43-thread-1] INFO  server.RaftServerConfigKeys (ConfUtils.java:logGet(43)) - raft.server.log.queue.element-limit = 1024 (custom)
2019-08-23 23:14:26,119 [pool-43-thread-1] INFO  server.RaftServerConfigKeys (ConfUtils.java:logGet(43)) - raft.server.log.segment.size.max = 1048576 (custom)
2019-08-23 23:14:26,119 [pool-43-thread-1] INFO  server.RaftServerConfigKeys (ConfUtils.java:logGet(43)) - raft.server.log.preallocated.size = 16384 (custom)
2019-08-23 23:14:26,120 [pool-43-thread-1] INFO  server.RaftServerConfigKeys (ConfUtils.java:logGet(43)) - raft.server.log.write.buffer.size = 33554432 (custom)
2019-08-23 23:14:26,120 [pool-43-thread-1] INFO  server.RaftServerConfigKeys (ConfUtils.java:logGet(43)) - raft.server.log.force.sync.num = 128 (default)
2019-08-23 23:14:26,120 [pool-43-thread-1] INFO  server.RaftServerConfigKeys (ConfUtils.java:logGet(43)) - raft.server.log.statemachine.data.sync = true (default)
2019-08-23 23:14:26,120 [pool-43-thread-1] INFO  server.RaftServerConfigKeys (ConfUtils.java:logGet(43)) - raft.server.log.statemachine.data.sync.timeout = 10s (default)
2019-08-23 23:14:26,120 [pool-43-thread-1] INFO  server.RaftServerConfigKeys (ConfUtils.java:logGet(43)) - raft.server.log.statemachine.data.sync.timeout.retry = -1 (default)
2019-08-23 23:14:26,121 [pool-43-thread-1] INFO  server.RaftServerConfigKeys (ConfUtils.java:logGet(43)) - raft.server.log.statemachine.data.caching.enabled = true (custom)
2019-08-23 23:14:26,121 [pool-43-thread-1] INFO  segmented.SegmentedRaftLogWorker (SegmentedRaftLogWorker.java:lambda$new$0(132)) - 486eac80-fccd-4195-832f-9a935d13b7d9-SegmentedRaftLogWorker:Storage Directory /workdir/hadoop-ozone/integration-test/target/test-dir/MiniOzoneClusterImpl-4c29e37b-6ade-468c-bb0c-56b00aa34333/datanode-0/data/ratis/dd04dae9-21dd-43d7-a0cb-dd7859cb0e7a: flushIndex: setUnconditionally 0 -> -1
2019-08-23 23:14:26,121 [pool-43-thread-1] INFO  server.RaftServerConfigKeys (ConfUtils.java:logGet(43)) - raft.server.snapshot.auto.trigger.enabled = true (custom)
2019-08-23 23:14:26,122 [pool-43-thread-1] INFO  server.RaftServerConfigKeys (ConfUtils.java:logGet(43)) - raft.server.snapshot.auto.trigger.threshold = 1 (custom)
2019-08-23 23:14:26,122 [pool-43-thread-1] INFO  server.RaftServerConfigKeys (ConfUtils.java:logGet(43)) - raft.server.retrycache.expirytime = 600000ms (custom)
2019-08-23 23:14:26,122 [pool-43-thread-1] INFO  impl.RaftServerImpl (RaftServerImpl.java:start(180)) - 486eac80-fccd-4195-832f-9a935d13b7d9: start group-24F549C401C6
2019-08-23 23:14:26,122 [pool-43-thread-1] INFO  impl.RaftServerImpl (RaftServerImpl.java:setRole(171)) - 486eac80-fccd-4195-832f-9a935d13b7d9:group-24F549C401C6 changes role from null to FOLLOWER at term 0 for startAsFollower
2019-08-23 23:14:26,122 [pool-43-thread-1] INFO  impl.RoleInfo (RoleInfo.java:updateAndGet(143)) - 486eac80-fccd-4195-832f-9a935d13b7d9: start FollowerState
2019-08-23 23:14:26,123 [pool-43-thread-1] INFO  util.JmxRegister (JmxRegister.java:tryRegister(44)) - Successfully registered JMX Bean with object name Ratis:service=RaftServer,group=group-24F549C401C6,id=486eac80-fccd-4195-832f-9a935d13b7d9
2019-08-23 23:14:26,124 [pool-43-thread-1] INFO  impl.RaftServerImpl (RaftServerImpl.java:start(180)) - 486eac80-fccd-4195-832f-9a935d13b7d9: start group-DD7859CB0E7A
2019-08-23 23:14:26,124 [pool-43-thread-1] INFO  impl.RaftServerImpl (RaftServerImpl.java:setRole(171)) - 486eac80-fccd-4195-832f-9a935d13b7d9:group-DD7859CB0E7A changes role from null to FOLLOWER at term 0 for startAsFollower
2019-08-23 23:14:26,124 [pool-43-thread-1] INFO  impl.RoleInfo (RoleInfo.java:updateAndGet(143)) - 486eac80-fccd-4195-832f-9a935d13b7d9: start FollowerState
2019-08-23 23:14:26,126 [pool-43-thread-1] INFO  util.JmxRegister (JmxRegister.java:tryRegister(44)) - Successfully registered JMX Bean with object name Ratis:service=RaftServer,group=group-DD7859CB0E7A,id=486eac80-fccd-4195-832f-9a935d13b7d9
2019-08-23 23:14:26,135 [IPC Server handler 0 on 40587] INFO  pipeline.PipelineStateManager (PipelineStateManager.java:addPipeline(56)) - Created pipeline Pipeline[ Id: dd04dae9-21dd-43d7-a0cb-dd7859cb0e7a, Nodes: 486eac80-fccd-4195-832f-9a935d13b7d9{ip: 192.168.69.103, host: pr-hdds-2013-vc2dt-506064066, networkLocation: /default-rack, certSerialId: null}, Type:RATIS, Factor:ONE, State:OPEN]
2019-08-23 23:14:26,138 [RatisPipelineUtilsThread] INFO  pipeline.PipelineStateManager (PipelineStateManager.java:removePipeline(108)) - Pipeline Pipeline[ Id: 712a33d3-4f48-497b-8a5a-c0296afd3bb6, Nodes: 486eac80-fccd-4195-832f-9a935d13b7d9{ip: 192.168.69.103, host: pr-hdds-2013-vc2dt-506064066, networkLocation: /default-rack, certSerialId: null}, Type:RATIS, Factor:ONE, State:CLOSED] removed from db
2019-08-23 23:14:26,140 | INFO  | SCMAudit | user=jenkins1000 | ip=192.168.69.103 | op=ALLOCATE_BLOCK {owner=afaeb8af-475e-4d3a-aff4-d008117648da, size=4194304, type=RATIS, factor=ONE} | ret=SUCCESS |  
2019-08-23 23:14:26,141 | INFO  | OMAudit | user=jenkins1000 | ip=127.0.0.1 | op=ALLOCATE_KEY {volume=testcontainerstatemachinefailures, bucket=testcontainerstatemachinefailures, key=ratis, dataSize=1024, replicationType=RATIS, replicationFactor=ONE, keyLocationInfo=null} | ret=SUCCESS |  
2019-08-23 23:14:26,157 [grpc-default-executor-0] INFO  client.GrpcClientProtocolClient (GrpcClientProtocolClient.java:onNext(255)) - client-FBBF3809AE48->486eac80-fccd-4195-832f-9a935d13b7d9: receive RaftClientReply:client-FBBF3809AE48->486eac80-fccd-4195-832f-9a935d13b7d9@group-DD7859CB0E7A, cid=15, FAILED org.apache.ratis.protocol.NotLeaderException: Server 486eac80-fccd-4195-832f-9a935d13b7d9 is not the leader (null). Request must be sent to leader., logIndex=0, commits[486eac80-fccd-4195-832f-9a935d13b7d9:c-1]
2019-08-23 23:14:26,289 | INFO  | SCMAudit | user=jenkins1000 | ip=192.168.69.103 | op=SEND_HEARTBEAT {datanodeUUID=486eac80-fccd-4195-832f-9a935d13b7d9, command=[]} | ret=SUCCESS |  
2019-08-23 23:14:26,489 | INFO  | SCMAudit | user=jenkins1000 | ip=192.168.69.103 | op=SEND_HEARTBEAT {datanodeUUID=486eac80-fccd-4195-832f-9a935d13b7d9, command=[]} | ret=SUCCESS |  
2019-08-23 23:14:26,689 | INFO  | SCMAudit | user=jenkins1000 | ip=192.168.69.103 | op=SEND_HEARTBEAT {datanodeUUID=486eac80-fccd-4195-832f-9a935d13b7d9, command=[]} | ret=SUCCESS |  
2019-08-23 23:14:26,889 | INFO  | SCMAudit | user=jenkins1000 | ip=192.168.69.103 | op=SEND_HEARTBEAT {datanodeUUID=486eac80-fccd-4195-832f-9a935d13b7d9, command=[]} | ret=SUCCESS |  
2019-08-23 23:14:27,088 | INFO  | SCMAudit | user=jenkins1000 | ip=192.168.69.103 | op=SEND_HEARTBEAT {datanodeUUID=486eac80-fccd-4195-832f-9a935d13b7d9, command=[]} | ret=SUCCESS |  
2019-08-23 23:14:27,289 | INFO  | SCMAudit | user=jenkins1000 | ip=192.168.69.103 | op=SEND_HEARTBEAT {datanodeUUID=486eac80-fccd-4195-832f-9a935d13b7d9, command=[]} | ret=SUCCESS |  
2019-08-23 23:14:27,490 | INFO  | SCMAudit | user=jenkins1000 | ip=192.168.69.103 | op=SEND_HEARTBEAT {datanodeUUID=486eac80-fccd-4195-832f-9a935d13b7d9, command=[]} | ret=SUCCESS |  
2019-08-23 23:14:27,691 | INFO  | SCMAudit | user=jenkins1000 | ip=192.168.69.103 | op=SEND_HEARTBEAT {datanodeUUID=486eac80-fccd-4195-832f-9a935d13b7d9, command=[]} | ret=SUCCESS |  
2019-08-23 23:14:27,890 | INFO  | SCMAudit | user=jenkins1000 | ip=192.168.69.103 | op=SEND_HEARTBEAT {datanodeUUID=486eac80-fccd-4195-832f-9a935d13b7d9, command=[]} | ret=SUCCESS |  
2019-08-23 23:14:28,089 | INFO  | SCMAudit | user=jenkins1000 | ip=192.168.69.103 | op=SEND_HEARTBEAT {datanodeUUID=486eac80-fccd-4195-832f-9a935d13b7d9, command=[]} | ret=SUCCESS |  
2019-08-23 23:14:28,174 [grpc-default-executor-0] INFO  client.GrpcClientProtocolClient (GrpcClientProtocolClient.java:onNext(255)) - client-FBBF3809AE48->486eac80-fccd-4195-832f-9a935d13b7d9: receive RaftClientReply:client-FBBF3809AE48->486eac80-fccd-4195-832f-9a935d13b7d9@group-DD7859CB0E7A, cid=15, FAILED org.apache.ratis.protocol.NotLeaderException: Server 486eac80-fccd-4195-832f-9a935d13b7d9 is not the leader (null). Request must be sent to leader., logIndex=0, commits[486eac80-fccd-4195-832f-9a935d13b7d9:c-1]
2019-08-23 23:14:28,289 | INFO  | SCMAudit | user=jenkins1000 | ip=192.168.69.103 | op=SEND_HEARTBEAT {datanodeUUID=486eac80-fccd-4195-832f-9a935d13b7d9, command=[]} | ret=SUCCESS |  
2019-08-23 23:14:28,490 | INFO  | SCMAudit | user=jenkins1000 | ip=192.168.69.103 | op=SEND_HEARTBEAT {datanodeUUID=486eac80-fccd-4195-832f-9a935d13b7d9, command=[]} | ret=SUCCESS |  
2019-08-23 23:14:28,690 | INFO  | SCMAudit | user=jenkins1000 | ip=192.168.69.103 | op=SEND_HEARTBEAT {datanodeUUID=486eac80-fccd-4195-832f-9a935d13b7d9, command=[]} | ret=SUCCESS |  
2019-08-23 23:14:28,890 | INFO  | SCMAudit | user=jenkins1000 | ip=192.168.69.103 | op=SEND_HEARTBEAT {datanodeUUID=486eac80-fccd-4195-832f-9a935d13b7d9, command=[]} | ret=SUCCESS |  
2019-08-23 23:14:29,090 | INFO  | SCMAudit | user=jenkins1000 | ip=192.168.69.103 | op=SEND_HEARTBEAT {datanodeUUID=486eac80-fccd-4195-832f-9a935d13b7d9, command=[]} | ret=SUCCESS |  
2019-08-23 23:14:29,290 | INFO  | SCMAudit | user=jenkins1000 | ip=192.168.69.103 | op=SEND_HEARTBEAT {datanodeUUID=486eac80-fccd-4195-832f-9a935d13b7d9, command=[]} | ret=SUCCESS |  
2019-08-23 23:14:29,491 | INFO  | SCMAudit | user=jenkins1000 | ip=192.168.69.103 | op=SEND_HEARTBEAT {datanodeUUID=486eac80-fccd-4195-832f-9a935d13b7d9, command=[]} | ret=SUCCESS |  
2019-08-23 23:14:29,691 | INFO  | SCMAudit | user=jenkins1000 | ip=192.168.69.103 | op=SEND_HEARTBEAT {datanodeUUID=486eac80-fccd-4195-832f-9a935d13b7d9, command=[]} | ret=SUCCESS |  
2019-08-23 23:14:29,892 | INFO  | SCMAudit | user=jenkins1000 | ip=192.168.69.103 | op=SEND_HEARTBEAT {datanodeUUID=486eac80-fccd-4195-832f-9a935d13b7d9, command=[]} | ret=SUCCESS |  
2019-08-23 23:14:30,091 | INFO  | SCMAudit | user=jenkins1000 | ip=192.168.69.103 | op=SEND_HEARTBEAT {datanodeUUID=486eac80-fccd-4195-832f-9a935d13b7d9, command=[]} | ret=SUCCESS |  
2019-08-23 23:14:30,188 [grpc-default-executor-1] INFO  client.GrpcClientProtocolClient (GrpcClientProtocolClient.java:onNext(255)) - client-FBBF3809AE48->486eac80-fccd-4195-832f-9a935d13b7d9: receive RaftClientReply:client-FBBF3809AE48->486eac80-fccd-4195-832f-9a935d13b7d9@group-DD7859CB0E7A, cid=15, FAILED org.apache.ratis.protocol.NotLeaderException: Server 486eac80-fccd-4195-832f-9a935d13b7d9 is not the leader (null). Request must be sent to leader., logIndex=0, commits[486eac80-fccd-4195-832f-9a935d13b7d9:c-1]
2019-08-23 23:14:30,292 | INFO  | SCMAudit | user=jenkins1000 | ip=192.168.69.103 | op=SEND_HEARTBEAT {datanodeUUID=486eac80-fccd-4195-832f-9a935d13b7d9, command=[]} | ret=SUCCESS |  
2019-08-23 23:14:30,491 | INFO  | SCMAudit | user=jenkins1000 | ip=192.168.69.103 | op=SEND_HEARTBEAT {datanodeUUID=486eac80-fccd-4195-832f-9a935d13b7d9, command=[]} | ret=SUCCESS |  
2019-08-23 23:14:30,691 | INFO  | SCMAudit | user=jenkins1000 | ip=192.168.69.103 | op=SEND_HEARTBEAT {datanodeUUID=486eac80-fccd-4195-832f-9a935d13b7d9, command=[]} | ret=SUCCESS |  
2019-08-23 23:14:30,891 | INFO  | SCMAudit | user=jenkins1000 | ip=192.168.69.103 | op=SEND_HEARTBEAT {datanodeUUID=486eac80-fccd-4195-832f-9a935d13b7d9, command=[]} | ret=SUCCESS |  
2019-08-23 23:14:31,092 | INFO  | SCMAudit | user=jenkins1000 | ip=192.168.69.103 | op=SEND_HEARTBEAT {datanodeUUID=486eac80-fccd-4195-832f-9a935d13b7d9, command=[]} | ret=SUCCESS |  
2019-08-23 23:14:31,204 [Thread-256] INFO  impl.FollowerState (FollowerState.java:run(106)) - 486eac80-fccd-4195-832f-9a935d13b7d9:group-DD7859CB0E7A changes to CANDIDATE, lastRpcTime:5079, electionTimeout:5078ms
2019-08-23 23:14:31,205 [Thread-256] INFO  impl.RoleInfo (RoleInfo.java:shutdownFollowerState(121)) - 486eac80-fccd-4195-832f-9a935d13b7d9: shutdown FollowerState
2019-08-23 23:14:31,205 [Thread-256] INFO  impl.RaftServerImpl (RaftServerImpl.java:setRole(171)) - 486eac80-fccd-4195-832f-9a935d13b7d9:group-DD7859CB0E7A changes role from FOLLOWER to CANDIDATE at term 0 for changeToCandidate
2019-08-23 23:14:31,205 [Thread-256] INFO  impl.RoleInfo (RoleInfo.java:updateAndGet(143)) - 486eac80-fccd-4195-832f-9a935d13b7d9: start LeaderElection
2019-08-23 23:14:31,222 [486eac80-fccd-4195-832f-9a935d13b7d9:group-DD7859CB0E7A:LeaderElection3] INFO  impl.LeaderElection (LeaderElection.java:askForVotes(181)) - 486eac80-fccd-4195-832f-9a935d13b7d9:group-DD7859CB0E7A:LeaderElection3: begin an election at term 1 for -1: [486eac80-fccd-4195-832f-9a935d13b7d9:192.168.69.103:38266], old=null
2019-08-23 23:14:31,224 [486eac80-fccd-4195-832f-9a935d13b7d9:group-DD7859CB0E7A:LeaderElection3] INFO  impl.RoleInfo (RoleInfo.java:shutdownLeaderElection(134)) - 486eac80-fccd-4195-832f-9a935d13b7d9: shutdown LeaderElection
2019-08-23 23:14:31,224 [486eac80-fccd-4195-832f-9a935d13b7d9:group-DD7859CB0E7A:LeaderElection3] INFO  impl.RaftServerImpl (RaftServerImpl.java:setRole(171)) - 486eac80-fccd-4195-832f-9a935d13b7d9:group-DD7859CB0E7A changes role from CANDIDATE to LEADER at term 1 for changeToLeader
2019-08-23 23:14:31,224 [486eac80-fccd-4195-832f-9a935d13b7d9:group-DD7859CB0E7A:LeaderElection3] INFO  impl.RaftServerImpl (ServerState.java:setLeader(263)) - 486eac80-fccd-4195-832f-9a935d13b7d9:group-DD7859CB0E7A change Leader from null to 486eac80-fccd-4195-832f-9a935d13b7d9 at term 1 for becomeLeader, leader elected after 5107ms
2019-08-23 23:14:31,224 [486eac80-fccd-4195-832f-9a935d13b7d9:group-DD7859CB0E7A:LeaderElection3] INFO  server.RaftServerConfigKeys (ConfUtils.java:logGet(43)) - raft.server.staging.catchup.gap = 1000 (default)
2019-08-23 23:14:31,225 [486eac80-fccd-4195-832f-9a935d13b7d9:group-DD7859CB0E7A:LeaderElection3] INFO  server.RaftServerConfigKeys (ConfUtils.java:logGet(43)) - raft.server.rpc.sleep.time = 25ms (default)
2019-08-23 23:14:31,225 [486eac80-fccd-4195-832f-9a935d13b7d9:group-DD7859CB0E7A:LeaderElection3] INFO  server.RaftServerConfigKeys (ConfUtils.java:logGet(43)) - raft.server.write.element-limit = 4096 (default)
2019-08-23 23:14:31,225 [486eac80-fccd-4195-832f-9a935d13b7d9:group-DD7859CB0E7A:LeaderElection3] INFO  server.RaftServerConfigKeys (ConfUtils.java:logGet(43)) - raft.server.watch.timeout = 10s (default)
2019-08-23 23:14:31,225 [486eac80-fccd-4195-832f-9a935d13b7d9:group-DD7859CB0E7A:LeaderElection3] INFO  server.RaftServerConfigKeys (ConfUtils.java:logGet(43)) - raft.server.watch.timeout.denomination = 1s (default)
2019-08-23 23:14:31,225 [486eac80-fccd-4195-832f-9a935d13b7d9:group-DD7859CB0E7A:LeaderElection3] INFO  server.RaftServerConfigKeys (ConfUtils.java:logGet(43)) - raft.server.watch.element-limit = 65536 (default)
2019-08-23 23:14:31,225 [486eac80-fccd-4195-832f-9a935d13b7d9:group-DD7859CB0E7A:LeaderElection3] INFO  impl.RoleInfo (RoleInfo.java:updateAndGet(143)) - 486eac80-fccd-4195-832f-9a935d13b7d9: start LeaderState
2019-08-23 23:14:31,226 [486eac80-fccd-4195-832f-9a935d13b7d9:group-DD7859CB0E7A:LeaderElection3] INFO  segmented.SegmentedRaftLogWorker (SegmentedRaftLogWorker.java:startLogSegment(380)) - 486eac80-fccd-4195-832f-9a935d13b7d9-SegmentedRaftLogWorker:Storage Directory /workdir/hadoop-ozone/integration-test/target/test-dir/MiniOzoneClusterImpl-4c29e37b-6ade-468c-bb0c-56b00aa34333/datanode-0/data/ratis/dd04dae9-21dd-43d7-a0cb-dd7859cb0e7a: Starting segment from index:0
2019-08-23 23:14:31,226 [486eac80-fccd-4195-832f-9a935d13b7d9:group-DD7859CB0E7A:LeaderElection3] INFO  impl.RaftServerImpl (ServerState.java:setRaftConf(361)) - 486eac80-fccd-4195-832f-9a935d13b7d9:group-DD7859CB0E7A set configuration 0: [486eac80-fccd-4195-832f-9a935d13b7d9:192.168.69.103:38266], old=null at 0
2019-08-23 23:14:31,251 [Thread-254] INFO  impl.FollowerState (FollowerState.java:run(106)) - 486eac80-fccd-4195-832f-9a935d13b7d9:group-24F549C401C6 changes to CANDIDATE, lastRpcTime:5128, electionTimeout:5110ms
2019-08-23 23:14:31,252 [Thread-254] INFO  impl.RoleInfo (RoleInfo.java:shutdownFollowerState(121)) - 486eac80-fccd-4195-832f-9a935d13b7d9: shutdown FollowerState
2019-08-23 23:14:31,252 [Thread-254] INFO  impl.RaftServerImpl (RaftServerImpl.java:setRole(171)) - 486eac80-fccd-4195-832f-9a935d13b7d9:group-24F549C401C6 changes role from FOLLOWER to CANDIDATE at term 0 for changeToCandidate
2019-08-23 23:14:31,252 [Thread-254] INFO  impl.RoleInfo (RoleInfo.java:updateAndGet(143)) - 486eac80-fccd-4195-832f-9a935d13b7d9: start LeaderElection
2019-08-23 23:14:31,256 [486eac80-fccd-4195-832f-9a935d13b7d9-SegmentedRaftLogWorker:Storage Directory /workdir/hadoop-ozone/integration-test/target/test-dir/MiniOzoneClusterImpl-4c29e37b-6ade-468c-bb0c-56b00aa34333/datanode-0/data/ratis/dd04dae9-21dd-43d7-a0cb-dd7859cb0e7a] INFO  segmented.SegmentedRaftLogWorker (SegmentedRaftLogWorker.java:execute(569)) - 486eac80-fccd-4195-832f-9a935d13b7d9-SegmentedRaftLogWorker:Storage Directory /workdir/hadoop-ozone/integration-test/target/test-dir/MiniOzoneClusterImpl-4c29e37b-6ade-468c-bb0c-56b00aa34333/datanode-0/data/ratis/dd04dae9-21dd-43d7-a0cb-dd7859cb0e7a: created new log segment /workdir/hadoop-ozone/integration-test/target/test-dir/MiniOzoneClusterImpl-4c29e37b-6ade-468c-bb0c-56b00aa34333/datanode-0/data/ratis/dd04dae9-21dd-43d7-a0cb-dd7859cb0e7a/current/log_inprogress_0
2019-08-23 23:14:31,261 [486eac80-fccd-4195-832f-9a935d13b7d9:group-24F549C401C6:LeaderElection4] INFO  impl.LeaderElection (LeaderElection.java:askForVotes(181)) - 486eac80-fccd-4195-832f-9a935d13b7d9:group-24F549C401C6:LeaderElection4: begin an election at term 1 for -1: [486eac80-fccd-4195-832f-9a935d13b7d9:192.168.69.103:38266], old=null
2019-08-23 23:14:31,261 [486eac80-fccd-4195-832f-9a935d13b7d9:group-24F549C401C6:LeaderElection4] INFO  impl.RoleInfo (RoleInfo.java:shutdownLeaderElection(134)) - 486eac80-fccd-4195-832f-9a935d13b7d9: shutdown LeaderElection
2019-08-23 23:14:31,261 [486eac80-fccd-4195-832f-9a935d13b7d9:group-24F549C401C6:LeaderElection4] INFO  impl.RaftServerImpl (RaftServerImpl.java:setRole(171)) - 486eac80-fccd-4195-832f-9a935d13b7d9:group-24F549C401C6 changes role from CANDIDATE to LEADER at term 1 for changeToLeader
2019-08-23 23:14:31,261 [486eac80-fccd-4195-832f-9a935d13b7d9:group-24F549C401C6:LeaderElection4] INFO  impl.RaftServerImpl (ServerState.java:setLeader(263)) - 486eac80-fccd-4195-832f-9a935d13b7d9:group-24F549C401C6 change Leader from null to 486eac80-fccd-4195-832f-9a935d13b7d9 at term 1 for becomeLeader, leader elected after 5208ms
2019-08-23 23:14:31,262 [486eac80-fccd-4195-832f-9a935d13b7d9:group-24F549C401C6:LeaderElection4] INFO  server.RaftServerConfigKeys (ConfUtils.java:logGet(43)) - raft.server.staging.catchup.gap = 1000 (default)
2019-08-23 23:14:31,262 [486eac80-fccd-4195-832f-9a935d13b7d9:group-24F549C401C6:LeaderElection4] INFO  server.RaftServerConfigKeys (ConfUtils.java:logGet(43)) - raft.server.rpc.sleep.time = 25ms (default)
2019-08-23 23:14:31,262 [486eac80-fccd-4195-832f-9a935d13b7d9:group-24F549C401C6:LeaderElection4] INFO  server.RaftServerConfigKeys (ConfUtils.java:logGet(43)) - raft.server.write.element-limit = 4096 (default)
2019-08-23 23:14:31,262 [486eac80-fccd-4195-832f-9a935d13b7d9:group-24F549C401C6:LeaderElection4] INFO  server.RaftServerConfigKeys (ConfUtils.java:logGet(43)) - raft.server.watch.timeout = 10s (default)
2019-08-23 23:14:31,262 [486eac80-fccd-4195-832f-9a935d13b7d9:group-24F549C401C6:LeaderElection4] INFO  server.RaftServerConfigKeys (ConfUtils.java:logGet(43)) - raft.server.watch.timeout.denomination = 1s (default)
2019-08-23 23:14:31,263 [486eac80-fccd-4195-832f-9a935d13b7d9:group-24F549C401C6:LeaderElection4] INFO  server.RaftServerConfigKeys (ConfUtils.java:logGet(43)) - raft.server.watch.element-limit = 65536 (default)
2019-08-23 23:14:31,263 [486eac80-fccd-4195-832f-9a935d13b7d9:group-24F549C401C6:LeaderElection4] INFO  impl.RoleInfo (RoleInfo.java:updateAndGet(143)) - 486eac80-fccd-4195-832f-9a935d13b7d9: start LeaderState
2019-08-23 23:14:31,263 [486eac80-fccd-4195-832f-9a935d13b7d9:group-24F549C401C6:LeaderElection4] INFO  segmented.SegmentedRaftLogWorker (SegmentedRaftLogWorker.java:startLogSegment(380)) - 486eac80-fccd-4195-832f-9a935d13b7d9-SegmentedRaftLogWorker:Storage Directory /workdir/hadoop-ozone/integration-test/target/test-dir/MiniOzoneClusterImpl-4c29e37b-6ade-468c-bb0c-56b00aa34333/datanode-0/data/ratis/704527da-2e77-4662-8a8e-24f549c401c6: Starting segment from index:0
2019-08-23 23:14:31,264 [486eac80-fccd-4195-832f-9a935d13b7d9:group-24F549C401C6:LeaderElection4] INFO  impl.RaftServerImpl (ServerState.java:setRaftConf(361)) - 486eac80-fccd-4195-832f-9a935d13b7d9:group-24F549C401C6 set configuration 0: [486eac80-fccd-4195-832f-9a935d13b7d9:192.168.69.103:38266], old=null at 0
2019-08-23 23:14:31,291 | INFO  | SCMAudit | user=jenkins1000 | ip=192.168.69.103 | op=SEND_HEARTBEAT {datanodeUUID=486eac80-fccd-4195-832f-9a935d13b7d9, command=[]} | ret=SUCCESS |  
2019-08-23 23:14:31,302 [486eac80-fccd-4195-832f-9a935d13b7d9-SegmentedRaftLogWorker:Storage Directory /workdir/hadoop-ozone/integration-test/target/test-dir/MiniOzoneClusterImpl-4c29e37b-6ade-468c-bb0c-56b00aa34333/datanode-0/data/ratis/704527da-2e77-4662-8a8e-24f549c401c6] INFO  segmented.SegmentedRaftLogWorker (SegmentedRaftLogWorker.java:execute(569)) - 486eac80-fccd-4195-832f-9a935d13b7d9-SegmentedRaftLogWorker:Storage Directory /workdir/hadoop-ozone/integration-test/target/test-dir/MiniOzoneClusterImpl-4c29e37b-6ade-468c-bb0c-56b00aa34333/datanode-0/data/ratis/704527da-2e77-4662-8a8e-24f549c401c6: created new log segment /workdir/hadoop-ozone/integration-test/target/test-dir/MiniOzoneClusterImpl-4c29e37b-6ade-468c-bb0c-56b00aa34333/datanode-0/data/ratis/704527da-2e77-4662-8a8e-24f549c401c6/current/log_inprogress_0
2019-08-23 23:14:31,492 | INFO  | SCMAudit | user=jenkins1000 | ip=192.168.69.103 | op=SEND_HEARTBEAT {datanodeUUID=486eac80-fccd-4195-832f-9a935d13b7d9, command=[]} | ret=SUCCESS |  
2019-08-23 23:14:31,691 | INFO  | SCMAudit | user=jenkins1000 | ip=192.168.69.103 | op=SEND_HEARTBEAT {datanodeUUID=486eac80-fccd-4195-832f-9a935d13b7d9, command=[]} | ret=SUCCESS |  
2019-08-23 23:14:31,892 | INFO  | SCMAudit | user=jenkins1000 | ip=192.168.69.103 | op=SEND_HEARTBEAT {datanodeUUID=486eac80-fccd-4195-832f-9a935d13b7d9, command=[]} | ret=SUCCESS |  
2019-08-23 23:14:32,093 | INFO  | SCMAudit | user=jenkins1000 | ip=192.168.69.103 | op=SEND_HEARTBEAT {datanodeUUID=486eac80-fccd-4195-832f-9a935d13b7d9, command=[]} | ret=SUCCESS |  
2019-08-23 23:14:32,292 | INFO  | SCMAudit | user=jenkins1000 | ip=192.168.69.103 | op=SEND_HEARTBEAT {datanodeUUID=486eac80-fccd-4195-832f-9a935d13b7d9, command=[]} | ret=SUCCESS |  
2019-08-23 23:14:32,326 | INFO  | DNAudit | user=null | ip=null | op=WRITE_CHUNK {blockData=conID: 4 locID: 102668833006485510 bcsId: 0} | ret=SUCCESS |  
2019-08-23 23:14:32,326 | INFO  | SCMAudit | user=jenkins1000 | ip=192.168.69.103 | op=SEND_HEARTBEAT {datanodeUUID=486eac80-fccd-4195-832f-9a935d13b7d9, command=[]} | ret=SUCCESS |  
2019-08-23 23:14:32,341 | INFO  | DNAudit | user=null | ip=null | op=WRITE_CHUNK {blockData=conID: 4 locID: 102668833006485510 bcsId: 0} | ret=SUCCESS |  
2019-08-23 23:14:32,345 [grpc-default-executor-0] INFO  client.GrpcClientProtocolClient (GrpcClientProtocolClient.java:onNext(255)) - client-FBBF3809AE48->486eac80-fccd-4195-832f-9a935d13b7d9: receive RaftClientReply:client-FBBF3809AE48->486eac80-fccd-4195-832f-9a935d13b7d9@group-DD7859CB0E7A, cid=15, SUCCESS, logIndex=1, commits[486eac80-fccd-4195-832f-9a935d13b7d9:c1]
2019-08-23 23:14:32,351 [StateMachineUpdater:486eac80-fccd-4195-832f-9a935d13b7d9:group-DD7859CB0E7A] INFO  ratis.ContainerStateMachine (ContainerStateMachine.java:takeSnapshot(283)) - group-DD7859CB0E7A: Taking a snapshot at:(t:1, i:1) file /workdir/hadoop-ozone/integration-test/target/test-dir/MiniOzoneClusterImpl-4c29e37b-6ade-468c-bb0c-56b00aa34333/datanode-0/data/ratis/dd04dae9-21dd-43d7-a0cb-dd7859cb0e7a/sm/snapshot.1_1
2019-08-23 23:14:32,355 [StateMachineUpdater:486eac80-fccd-4195-832f-9a935d13b7d9:group-DD7859CB0E7A] INFO  ratis.ContainerStateMachine (ContainerStateMachine.java:takeSnapshot(294)) - group-DD7859CB0E7A: Finished taking a snapshot at:(t:1, i:1) file:/workdir/hadoop-ozone/integration-test/target/test-dir/MiniOzoneClusterImpl-4c29e37b-6ade-468c-bb0c-56b00aa34333/datanode-0/data/ratis/dd04dae9-21dd-43d7-a0cb-dd7859cb0e7a/sm/snapshot.1_1 time:4
2019-08-23 23:14:32,355 [StateMachineUpdater:486eac80-fccd-4195-832f-9a935d13b7d9:group-DD7859CB0E7A] INFO  impl.StateMachineUpdater (StateMachineUpdater.java:takeSnapshot(242)) - StateMachineUpdater:486eac80-fccd-4195-832f-9a935d13b7d9:group-DD7859CB0E7A: Took a snapshot at index 1
2019-08-23 23:14:32,355 [StateMachineUpdater:486eac80-fccd-4195-832f-9a935d13b7d9:group-DD7859CB0E7A] INFO  impl.StateMachineUpdater (StateMachineUpdater.java:lambda$new$0(80)) - StateMachineUpdater:486eac80-fccd-4195-832f-9a935d13b7d9:group-DD7859CB0E7A: snapshotIndex: updateIncreasingly -1 -> 1
2019-08-23 23:14:32,392 | INFO  | DNAudit | user=null | ip=null | op=PUT_BLOCK {blockData=[blockId=conID: 4 locID: 102668833006485510 bcsId: 0,size=5]} | ret=SUCCESS |  
2019-08-23 23:14:32,393 [StateMachineUpdater:486eac80-fccd-4195-832f-9a935d13b7d9:group-DD7859CB0E7A] INFO  ratis.ContainerStateMachine (ContainerStateMachine.java:takeSnapshot(283)) - group-DD7859CB0E7A: Taking a snapshot at:(t:1, i:4) file /workdir/hadoop-ozone/integration-test/target/test-dir/MiniOzoneClusterImpl-4c29e37b-6ade-468c-bb0c-56b00aa34333/datanode-0/data/ratis/dd04dae9-21dd-43d7-a0cb-dd7859cb0e7a/sm/snapshot.1_4
2019-08-23 23:14:32,396 [grpc-default-executor-0] INFO  client.GrpcClientProtocolClient (GrpcClientProtocolClient.java:onNext(255)) - client-FBBF3809AE48->486eac80-fccd-4195-832f-9a935d13b7d9: receive RaftClientReply:client-FBBF3809AE48->486eac80-fccd-4195-832f-9a935d13b7d9@group-DD7859CB0E7A, cid=16, SUCCESS, logIndex=3, commits[486eac80-fccd-4195-832f-9a935d13b7d9:c4]
2019-08-23 23:14:32,400 | INFO  | DNAudit | user=null | ip=null | op=WRITE_CHUNK {blockData=conID: 4 locID: 102668833006485510 bcsId: 3} | ret=SUCCESS |  
2019-08-23 23:14:32,407 [StateMachineUpdater:486eac80-fccd-4195-832f-9a935d13b7d9:group-DD7859CB0E7A] INFO  ratis.ContainerStateMachine (ContainerStateMachine.java:takeSnapshot(294)) - group-DD7859CB0E7A: Finished taking a snapshot at:(t:1, i:4) file:/workdir/hadoop-ozone/integration-test/target/test-dir/MiniOzoneClusterImpl-4c29e37b-6ade-468c-bb0c-56b00aa34333/datanode-0/data/ratis/dd04dae9-21dd-43d7-a0cb-dd7859cb0e7a/sm/snapshot.1_4 time:14
2019-08-23 23:14:32,407 [StateMachineUpdater:486eac80-fccd-4195-832f-9a935d13b7d9:group-DD7859CB0E7A] INFO  impl.StateMachineUpdater (StateMachineUpdater.java:takeSnapshot(242)) - StateMachineUpdater:486eac80-fccd-4195-832f-9a935d13b7d9:group-DD7859CB0E7A: Took a snapshot at index 4
2019-08-23 23:14:32,407 [StateMachineUpdater:486eac80-fccd-4195-832f-9a935d13b7d9:group-DD7859CB0E7A] INFO  impl.StateMachineUpdater (StateMachineUpdater.java:lambda$new$0(80)) - StateMachineUpdater:486eac80-fccd-4195-832f-9a935d13b7d9:group-DD7859CB0E7A: snapshotIndex: updateIncreasingly 1 -> 4
2019-08-23 23:14:32,409 | INFO  | DNAudit | user=null | ip=null | op=WRITE_CHUNK {blockData=conID: 4 locID: 102668833006485510 bcsId: 3} | ret=SUCCESS |  
2019-08-23 23:14:32,410 | INFO  | DNAudit | user=null | ip=null | op=PUT_BLOCK {blockData=[blockId=conID: 4 locID: 102668833006485510 bcsId: 0,size=10]} | ret=SUCCESS |  
2019-08-23 23:14:32,411 [StateMachineUpdater:486eac80-fccd-4195-832f-9a935d13b7d9:group-DD7859CB0E7A] INFO  ratis.ContainerStateMachine (ContainerStateMachine.java:takeSnapshot(283)) - group-DD7859CB0E7A: Taking a snapshot at:(t:1, i:6) file /workdir/hadoop-ozone/integration-test/target/test-dir/MiniOzoneClusterImpl-4c29e37b-6ade-468c-bb0c-56b00aa34333/datanode-0/data/ratis/dd04dae9-21dd-43d7-a0cb-dd7859cb0e7a/sm/snapshot.1_6
2019-08-23 23:14:32,413 [grpc-default-executor-0] INFO  client.GrpcClientProtocolClient (GrpcClientProtocolClient.java:onNext(255)) - client-FBBF3809AE48->486eac80-fccd-4195-832f-9a935d13b7d9: receive RaftClientReply:client-FBBF3809AE48->486eac80-fccd-4195-832f-9a935d13b7d9@group-DD7859CB0E7A, cid=17, SUCCESS, logIndex=5, commits[486eac80-fccd-4195-832f-9a935d13b7d9:c7]
2019-08-23 23:14:32,413 [grpc-default-executor-0] INFO  client.GrpcClientProtocolClient (GrpcClientProtocolClient.java:onNext(255)) - client-FBBF3809AE48->486eac80-fccd-4195-832f-9a935d13b7d9: receive RaftClientReply:client-FBBF3809AE48->486eac80-fccd-4195-832f-9a935d13b7d9@group-DD7859CB0E7A, cid=18, SUCCESS, logIndex=6, commits[486eac80-fccd-4195-832f-9a935d13b7d9:c8]
2019-08-23 23:14:32,417 | INFO  | OMAudit | user=jenkins1000 | ip=127.0.0.1 | op=COMMIT_KEY {volume=testcontainerstatemachinefailures, bucket=testcontainerstatemachinefailures, key=ratis, dataSize=10, replicationType=null, replicationFactor=null, keyLocationInfo=[{blockID={containerID=4, localID=102668833006485510}, length=10, offset=0, token=null, pipeline=Pipeline[ Id: dd04dae9-21dd-43d7-a0cb-dd7859cb0e7a, Nodes: 486eac80-fccd-4195-832f-9a935d13b7d9{ip: 192.168.69.103, host: pr-hdds-2013-vc2dt-506064066, networkLocation: /default-rack, certSerialId: null}, Type:RATIS, Factor:ONE, State:OPEN], createVersion=0}], clientID=102668832955432965} | ret=SUCCESS |  
]]></system-out>
  </testcase>
</testsuite>