<?xml version="1.0" encoding="UTF-8"?>
<testsuite xmlns:xsi="http://www.w3.org/2001/XMLSchema-instance" xsi:noNamespaceSchemaLocation="https://maven.apache.org/surefire/maven-surefire-plugin/xsd/surefire-test-report.xsd" name="org.apache.hadoop.ozone.freon.TestRandomKeyGenerator" time="112.916" tests="5" errors="1" skipped="0" failures="0">
  <properties>
    <property name="awt.toolkit" value="sun.awt.X11.XToolkit"/>
    <property name="file.encoding.pkg" value="sun.io"/>
    <property name="java.specification.version" value="1.8"/>
    <property name="sun.cpu.isalist" value=""/>
    <property name="sun.jnu.encoding" value="UTF-8"/>
    <property name="java.class.path" value="/tmp/workdir/hadoop-ozone/tools/target/test-classes:/tmp/workdir/hadoop-ozone/tools/target/classes:/tmp/workdir/hadoop-ozone/ozone-manager/target/classes:/tmp/workdir/hadoop-hdds/docs/target/classes:/home/user/.m2/repository/org/bouncycastle/bcprov-jdk15on/1.60/bcprov-jdk15on-1.60.jar:/tmp/workdir/hadoop-ozone/common/target/classes:/home/user/.m2/repository/org/apache/commons/commons-compress/1.4.1/commons-compress-1.4.1.jar:/home/user/.m2/repository/org/tukaani/xz/1.0/xz-1.0.jar:/home/user/.m2/repository/org/apache/hadoop/hadoop-hdfs-client/3.2.0/hadoop-hdfs-client-3.2.0.jar:/home/user/.m2/repository/com/fasterxml/jackson/core/jackson-annotations/2.9.5/jackson-annotations-2.9.5.jar:/tmp/workdir/hadoop-hdds/common/target/classes:/tmp/workdir/hadoop-hdds/config/target/classes:/home/user/.m2/repository/javax/annotation/javax.annotation-api/1.2/javax.annotation-api-1.2.jar:/home/user/.m2/repository/org/apache/ratis/ratis-server/0.4.0-2337318-SNAPSHOT/ratis-server-0.4.0-2337318-SNAPSHOT.jar:/home/user/.m2/repository/org/apache/ratis/ratis-thirdparty-misc/0.2.0/ratis-thirdparty-misc-0.2.0.jar:/home/user/.m2/repository/org/apache/ratis/ratis-proto/0.4.0-2337318-SNAPSHOT/ratis-proto-0.4.0-2337318-SNAPSHOT.jar:/home/user/.m2/repository/org/apache/ratis/ratis-common/0.4.0-2337318-SNAPSHOT/ratis-common-0.4.0-2337318-SNAPSHOT.jar:/home/user/.m2/repository/org/apache/ratis/ratis-client/0.4.0-2337318-SNAPSHOT/ratis-client-0.4.0-2337318-SNAPSHOT.jar:/home/user/.m2/repository/org/apache/ratis/ratis-metrics/0.4.0-2337318-SNAPSHOT/ratis-metrics-0.4.0-2337318-SNAPSHOT.jar:/home/user/.m2/repository/org/apache/ratis/ratis-netty/0.4.0-2337318-SNAPSHOT/ratis-netty-0.4.0-2337318-SNAPSHOT.jar:/home/user/.m2/repository/org/apache/ratis/ratis-grpc/0.4.0-2337318-SNAPSHOT/ratis-grpc-0.4.0-2337318-SNAPSHOT.jar:/home/user/.m2/repository/org/rocksdb/rocksdbjni/6.0.1/rocksdbjni-6.0.1.jar:/home/user/.m2/repository/org/apache/logging/log4j/log4j-api/2.11.0/log4j-api-2.11.0.jar:/home/user/.m2/repository/org/apache/logging/log4j/log4j-core/2.11.0/log4j-core-2.11.0.jar:/home/user/.m2/repository/com/lmax/disruptor/3.4.2/disruptor-3.4.2.jar:/home/user/.m2/repository/org/apache/commons/commons-pool2/2.6.0/commons-pool2-2.6.0.jar:/home/user/.m2/repository/org/bouncycastle/bcpkix-jdk15on/1.60/bcpkix-jdk15on-1.60.jar:/home/user/.m2/repository/commons-validator/commons-validator/1.6/commons-validator-1.6.jar:/home/user/.m2/repository/commons-digester/commons-digester/1.8.1/commons-digester-1.8.1.jar:/home/user/.m2/repository/io/jaegertracing/jaeger-client/0.33.1/jaeger-client-0.33.1.jar:/home/user/.m2/repository/io/jaegertracing/jaeger-thrift/0.33.1/jaeger-thrift-0.33.1.jar:/home/user/.m2/repository/org/apache/thrift/libthrift/0.11.0/libthrift-0.11.0.jar:/home/user/.m2/repository/com/squareup/okhttp3/okhttp/3.9.0/okhttp-3.9.0.jar:/home/user/.m2/repository/com/squareup/okio/okio/1.13.0/okio-1.13.0.jar:/home/user/.m2/repository/io/jaegertracing/jaeger-core/0.33.1/jaeger-core-0.33.1.jar:/home/user/.m2/repository/io/jaegertracing/jaeger-tracerresolver/0.33.1/jaeger-tracerresolver-0.33.1.jar:/home/user/.m2/repository/io/opentracing/contrib/opentracing-tracerresolver/0.1.5/opentracing-tracerresolver-0.1.5.jar:/home/user/.m2/repository/io/opentracing/opentracing-util/0.31.0/opentracing-util-0.31.0.jar:/home/user/.m2/repository/io/opentracing/opentracing-api/0.31.0/opentracing-api-0.31.0.jar:/home/user/.m2/repository/io/opentracing/opentracing-noop/0.31.0/opentracing-noop-0.31.0.jar:/home/user/.m2/repository/org/yaml/snakeyaml/1.16/snakeyaml-1.16.jar:/tmp/workdir/hadoop-hdds/container-service/target/classes:/tmp/workdir/hadoop-hdds/client/target/classes:/tmp/workdir/hadoop-hdds/tools/target/classes:/home/user/.m2/repository/org/xerial/sqlite-jdbc/3.25.2/sqlite-jdbc-3.25.2.jar:/tmp/workdir/hadoop-hdds/server-scm/target/classes:/home/user/.m2/repository/org/hamcrest/hamcrest-all/1.3/hamcrest-all-1.3.jar:/home/user/.m2/repository/info/picocli/picocli/3.9.6/picocli-3.9.6.jar:/home/user/.m2/repository/com/google/protobuf/protobuf-java/2.5.0/protobuf-java-2.5.0.jar:/home/user/.m2/repository/com/google/guava/guava/11.0.2/guava-11.0.2.jar:/tmp/workdir/hadoop-ozone/client/target/classes:/home/user/.m2/repository/org/apache/hadoop/hadoop-ozone-filesystem/0.5.0-SNAPSHOT/hadoop-ozone-filesystem-0.5.0-SNAPSHOT.jar:/tmp/workdir/hadoop-hdds/framework/target/classes:/home/user/.m2/repository/org/apache/hadoop/hadoop-common/3.2.0/hadoop-common-3.2.0.jar:/home/user/.m2/repository/org/apache/hadoop/hadoop-annotations/3.2.0/hadoop-annotations-3.2.0.jar:/usr/lib/jvm/java-1.8-openjdk/jre/../lib/tools.jar:/home/user/.m2/repository/commons-cli/commons-cli/1.2/commons-cli-1.2.jar:/home/user/.m2/repository/org/apache/commons/commons-math3/3.1.1/commons-math3-3.1.1.jar:/home/user/.m2/repository/org/apache/httpcomponents/httpclient/4.5.2/httpclient-4.5.2.jar:/home/user/.m2/repository/org/apache/httpcomponents/httpcore/4.4.4/httpcore-4.4.4.jar:/home/user/.m2/repository/commons-codec/commons-codec/1.11/commons-codec-1.11.jar:/home/user/.m2/repository/commons-io/commons-io/2.5/commons-io-2.5.jar:/home/user/.m2/repository/commons-net/commons-net/3.6/commons-net-3.6.jar:/home/user/.m2/repository/commons-collections/commons-collections/3.2.2/commons-collections-3.2.2.jar:/home/user/.m2/repository/javax/servlet/javax.servlet-api/3.1.0/javax.servlet-api-3.1.0.jar:/home/user/.m2/repository/org/eclipse/jetty/jetty-server/9.3.24.v20180605/jetty-server-9.3.24.v20180605.jar:/home/user/.m2/repository/org/eclipse/jetty/jetty-http/9.3.24.v20180605/jetty-http-9.3.24.v20180605.jar:/home/user/.m2/repository/org/eclipse/jetty/jetty-io/9.3.24.v20180605/jetty-io-9.3.24.v20180605.jar:/home/user/.m2/repository/org/eclipse/jetty/jetty-util/9.3.24.v20180605/jetty-util-9.3.24.v20180605.jar:/home/user/.m2/repository/org/eclipse/jetty/jetty-servlet/9.3.24.v20180605/jetty-servlet-9.3.24.v20180605.jar:/home/user/.m2/repository/org/eclipse/jetty/jetty-security/9.3.24.v20180605/jetty-security-9.3.24.v20180605.jar:/home/user/.m2/repository/org/eclipse/jetty/jetty-webapp/9.3.24.v20180605/jetty-webapp-9.3.24.v20180605.jar:/home/user/.m2/repository/org/eclipse/jetty/jetty-xml/9.3.24.v20180605/jetty-xml-9.3.24.v20180605.jar:/home/user/.m2/repository/javax/servlet/jsp/jsp-api/2.1/jsp-api-2.1.jar:/home/user/.m2/repository/com/sun/jersey/jersey-core/1.19/jersey-core-1.19.jar:/home/user/.m2/repository/javax/ws/rs/jsr311-api/1.1.1/jsr311-api-1.1.1.jar:/home/user/.m2/repository/com/sun/jersey/jersey-servlet/1.19/jersey-servlet-1.19.jar:/home/user/.m2/repository/com/sun/jersey/jersey-json/1.19/jersey-json-1.19.jar:/home/user/.m2/repository/org/codehaus/jettison/jettison/1.1/jettison-1.1.jar:/home/user/.m2/repository/com/sun/xml/bind/jaxb-impl/2.3.0.1/jaxb-impl-2.3.0.1.jar:/home/user/.m2/repository/org/codehaus/jackson/jackson-core-asl/1.9.13/jackson-core-asl-1.9.13.jar:/home/user/.m2/repository/org/codehaus/jackson/jackson-mapper-asl/1.9.13/jackson-mapper-asl-1.9.13.jar:/home/user/.m2/repository/org/codehaus/jackson/jackson-jaxrs/1.9.13/jackson-jaxrs-1.9.13.jar:/home/user/.m2/repository/org/codehaus/jackson/jackson-xc/1.9.13/jackson-xc-1.9.13.jar:/home/user/.m2/repository/com/sun/jersey/jersey-server/1.19/jersey-server-1.19.jar:/home/user/.m2/repository/commons-logging/commons-logging/1.1.3/commons-logging-1.1.3.jar:/home/user/.m2/repository/log4j/log4j/1.2.17/log4j-1.2.17.jar:/home/user/.m2/repository/commons-beanutils/commons-beanutils/1.9.3/commons-beanutils-1.9.3.jar:/home/user/.m2/repository/org/apache/commons/commons-configuration2/2.1.1/commons-configuration2-2.1.1.jar:/home/user/.m2/repository/org/apache/commons/commons-lang3/3.7/commons-lang3-3.7.jar:/home/user/.m2/repository/org/apache/commons/commons-text/1.4/commons-text-1.4.jar:/home/user/.m2/repository/org/slf4j/slf4j-api/1.7.25/slf4j-api-1.7.25.jar:/home/user/.m2/repository/org/slf4j/slf4j-log4j12/1.7.25/slf4j-log4j12-1.7.25.jar:/home/user/.m2/repository/org/apache/avro/avro/1.7.7/avro-1.7.7.jar:/home/user/.m2/repository/com/thoughtworks/paranamer/paranamer/2.3/paranamer-2.3.jar:/home/user/.m2/repository/org/xerial/snappy/snappy-java/1.0.5/snappy-java-1.0.5.jar:/home/user/.m2/repository/com/google/re2j/re2j/1.1/re2j-1.1.jar:/home/user/.m2/repository/com/google/code/gson/gson/2.2.4/gson-2.2.4.jar:/home/user/.m2/repository/org/apache/hadoop/hadoop-auth/3.2.0/hadoop-auth-3.2.0.jar:/home/user/.m2/repository/com/nimbusds/nimbus-jose-jwt/4.41.1/nimbus-jose-jwt-4.41.1.jar:/home/user/.m2/repository/com/github/stephenc/jcip/jcip-annotations/1.0-1/jcip-annotations-1.0-1.jar:/home/user/.m2/repository/net/minidev/json-smart/2.3/json-smart-2.3.jar:/home/user/.m2/repository/net/minidev/accessors-smart/1.2/accessors-smart-1.2.jar:/home/user/.m2/repository/org/apache/curator/curator-framework/2.12.0/curator-framework-2.12.0.jar:/home/user/.m2/repository/com/jcraft/jsch/0.1.54/jsch-0.1.54.jar:/home/user/.m2/repository/org/apache/curator/curator-client/2.12.0/curator-client-2.12.0.jar:/home/user/.m2/repository/org/apache/curator/curator-recipes/2.12.0/curator-recipes-2.12.0.jar:/home/user/.m2/repository/com/google/code/findbugs/jsr305/3.0.0/jsr305-3.0.0.jar:/home/user/.m2/repository/org/apache/htrace/htrace-core4/4.1.0-incubating/htrace-core4-4.1.0-incubating.jar:/home/user/.m2/repository/org/apache/zookeeper/zookeeper/3.4.13/zookeeper-3.4.13.jar:/home/user/.m2/repository/org/apache/yetus/audience-annotations/0.5.0/audience-annotations-0.5.0.jar:/home/user/.m2/repository/org/apache/kerby/kerb-simplekdc/1.0.1/kerb-simplekdc-1.0.1.jar:/home/user/.m2/repository/org/apache/kerby/kerb-client/1.0.1/kerb-client-1.0.1.jar:/home/user/.m2/repository/org/apache/kerby/kerby-config/1.0.1/kerby-config-1.0.1.jar:/home/user/.m2/repository/org/apache/kerby/kerb-core/1.0.1/kerb-core-1.0.1.jar:/home/user/.m2/repository/org/apache/kerby/kerby-pkix/1.0.1/kerby-pkix-1.0.1.jar:/home/user/.m2/repository/org/apache/kerby/kerby-asn1/1.0.1/kerby-asn1-1.0.1.jar:/home/user/.m2/repository/org/apache/kerby/kerby-util/1.0.1/kerby-util-1.0.1.jar:/home/user/.m2/repository/org/apache/kerby/kerb-common/1.0.1/kerb-common-1.0.1.jar:/home/user/.m2/repository/org/apache/kerby/kerb-crypto/1.0.1/kerb-crypto-1.0.1.jar:/home/user/.m2/repository/org/apache/kerby/kerb-util/1.0.1/kerb-util-1.0.1.jar:/home/user/.m2/repository/org/apache/kerby/token-provider/1.0.1/token-provider-1.0.1.jar:/home/user/.m2/repository/org/apache/kerby/kerb-admin/1.0.1/kerb-admin-1.0.1.jar:/home/user/.m2/repository/org/apache/kerby/kerb-server/1.0.1/kerb-server-1.0.1.jar:/home/user/.m2/repository/org/apache/kerby/kerb-identity/1.0.1/kerb-identity-1.0.1.jar:/home/user/.m2/repository/org/apache/kerby/kerby-xdr/1.0.1/kerby-xdr-1.0.1.jar:/home/user/.m2/repository/com/fasterxml/jackson/core/jackson-databind/2.9.5/jackson-databind-2.9.5.jar:/home/user/.m2/repository/com/fasterxml/jackson/core/jackson-core/2.9.5/jackson-core-2.9.5.jar:/home/user/.m2/repository/org/codehaus/woodstox/stax2-api/3.1.4/stax2-api-3.1.4.jar:/home/user/.m2/repository/com/fasterxml/woodstox/woodstox-core/5.0.3/woodstox-core-5.0.3.jar:/home/user/.m2/repository/dnsjava/dnsjava/2.1.7/dnsjava-2.1.7.jar:/home/user/.m2/repository/org/apache/hadoop/hadoop-hdfs/3.2.0/hadoop-hdfs-3.2.0.jar:/home/user/.m2/repository/org/eclipse/jetty/jetty-util-ajax/9.3.24.v20180605/jetty-util-ajax-9.3.24.v20180605.jar:/home/user/.m2/repository/commons-daemon/commons-daemon/1.0.13/commons-daemon-1.0.13.jar:/home/user/.m2/repository/io/netty/netty/3.10.5.Final/netty-3.10.5.Final.jar:/home/user/.m2/repository/io/netty/netty-all/4.0.52.Final/netty-all-4.0.52.Final.jar:/home/user/.m2/repository/org/fusesource/leveldbjni/leveldbjni-all/1.8/leveldbjni-all-1.8.jar:/home/user/.m2/repository/com/sun/xml/bind/jaxb-core/2.3.0.1/jaxb-core-2.3.0.1.jar:/home/user/.m2/repository/javax/xml/bind/jaxb-api/2.3.0/jaxb-api-2.3.0.jar:/home/user/.m2/repository/javax/activation/activation/1.1.1/activation-1.1.1.jar:/home/user/.m2/repository/io/dropwizard/metrics/metrics-core/3.2.4/metrics-core-3.2.4.jar:/home/user/.m2/repository/org/openjdk/jmh/jmh-core/1.19/jmh-core-1.19.jar:/home/user/.m2/repository/net/sf/jopt-simple/jopt-simple/4.6/jopt-simple-4.6.jar:/home/user/.m2/repository/org/openjdk/jmh/jmh-generator-annprocess/1.19/jmh-generator-annprocess-1.19.jar:/home/user/.m2/repository/com/google/code/findbugs/findbugs/3.0.1/findbugs-3.0.1.jar:/home/user/.m2/repository/net/jcip/jcip-annotations/1.0/jcip-annotations-1.0.jar:/home/user/.m2/repository/com/google/code/findbugs/bcel-findbugs/6.0/bcel-findbugs-6.0.jar:/home/user/.m2/repository/com/google/code/findbugs/jFormatString/2.0.1/jFormatString-2.0.1.jar:/home/user/.m2/repository/dom4j/dom4j/1.6.1/dom4j-1.6.1.jar:/home/user/.m2/repository/xml-apis/xml-apis/1.0.b2/xml-apis-1.0.b2.jar:/home/user/.m2/repository/org/ow2/asm/asm-debug-all/5.0.2/asm-debug-all-5.0.2.jar:/home/user/.m2/repository/org/ow2/asm/asm-commons/5.0.2/asm-commons-5.0.2.jar:/home/user/.m2/repository/org/ow2/asm/asm-tree/5.0.2/asm-tree-5.0.2.jar:/home/user/.m2/repository/org/ow2/asm/asm/5.0.4/asm-5.0.4.jar:/home/user/.m2/repository/commons-lang/commons-lang/2.6/commons-lang-2.6.jar:/home/user/.m2/repository/com/apple/AppleJavaExtensions/1.4/AppleJavaExtensions-1.4.jar:/home/user/.m2/repository/jaxen/jaxen/1.1.6/jaxen-1.1.6.jar:/home/user/.m2/repository/junit/junit/4.11/junit-4.11.jar:/home/user/.m2/repository/org/hamcrest/hamcrest-core/1.3/hamcrest-core-1.3.jar:/home/user/.m2/repository/org/apache/hadoop/hadoop-common/3.2.0/hadoop-common-3.2.0-tests.jar:/home/user/.m2/repository/org/apache/hadoop/hadoop-ozone-integration-test/0.5.0-SNAPSHOT/hadoop-ozone-integration-test-0.5.0-SNAPSHOT-tests.jar:/tmp/workdir/hadoop-ozone/objectstore-service/target/classes:/tmp/workdir/hadoop-ozone/s3gateway/target/classes:/home/user/.m2/repository/org/jboss/weld/servlet/weld-servlet/2.4.7.Final/weld-servlet-2.4.7.Final.jar:/home/user/.m2/repository/org/glassfish/jersey/containers/jersey-container-servlet-core/2.27/jersey-container-servlet-core-2.27.jar:/home/user/.m2/repository/org/glassfish/hk2/external/javax.inject/2.5.0-b42/javax.inject-2.5.0-b42.jar:/home/user/.m2/repository/org/glassfish/jersey/core/jersey-common/2.27/jersey-common-2.27.jar:/home/user/.m2/repository/org/glassfish/hk2/osgi-resource-locator/1.0.1/osgi-resource-locator-1.0.1.jar:/home/user/.m2/repository/javax/ws/rs/javax.ws.rs-api/2.1/javax.ws.rs-api-2.1.jar:/home/user/.m2/repository/org/glassfish/jersey/ext/cdi/jersey-cdi1x/2.27/jersey-cdi1x-2.27.jar:/home/user/.m2/repository/org/glassfish/jersey/inject/jersey-hk2/2.27/jersey-hk2-2.27.jar:/home/user/.m2/repository/org/glassfish/hk2/hk2-locator/2.5.0-b42/hk2-locator-2.5.0-b42.jar:/home/user/.m2/repository/org/javassist/javassist/3.22.0-CR2/javassist-3.22.0-CR2.jar:/home/user/.m2/repository/org/glassfish/hk2/hk2-api/2.5.0/hk2-api-2.5.0.jar:/home/user/.m2/repository/org/glassfish/hk2/external/jakarta.inject/2.5.0/jakarta.inject-2.5.0.jar:/home/user/.m2/repository/org/glassfish/hk2/hk2-utils/2.5.0/hk2-utils-2.5.0.jar:/home/user/.m2/repository/jakarta/annotation/jakarta.annotation-api/1.3.4/jakarta.annotation-api-1.3.4.jar:/home/user/.m2/repository/org/glassfish/hk2/external/aopalliance-repackaged/2.5.0/aopalliance-repackaged-2.5.0.jar:/home/user/.m2/repository/com/fasterxml/jackson/dataformat/jackson-dataformat-xml/2.9.0/jackson-dataformat-xml-2.9.0.jar:/home/user/.m2/repository/com/fasterxml/jackson/module/jackson-module-jaxb-annotations/2.9.5/jackson-module-jaxb-annotations-2.9.5.jar:/home/user/.m2/repository/javax/enterprise/cdi-api/1.2/cdi-api-1.2.jar:/home/user/.m2/repository/javax/el/javax.el-api/3.0.0/javax.el-api-3.0.0.jar:/home/user/.m2/repository/javax/interceptor/javax.interceptor-api/1.2/javax.interceptor-api-1.2.jar:/home/user/.m2/repository/javax/inject/javax.inject/1/javax.inject-1.jar:/tmp/workdir/hadoop-ozone/csi/target/classes:/home/user/.m2/repository/com/google/protobuf/protobuf-java-util/3.5.1/protobuf-java-util-3.5.1.jar:/home/user/.m2/repository/io/grpc/grpc-netty/1.17.1/grpc-netty-1.17.1.jar:/home/user/.m2/repository/io/grpc/grpc-core/1.17.1/grpc-core-1.17.1.jar:/home/user/.m2/repository/io/grpc/grpc-context/1.17.1/grpc-context-1.17.1.jar:/home/user/.m2/repository/com/google/errorprone/error_prone_annotations/2.2.0/error_prone_annotations-2.2.0.jar:/home/user/.m2/repository/org/codehaus/mojo/animal-sniffer-annotations/1.17/animal-sniffer-annotations-1.17.jar:/home/user/.m2/repository/io/opencensus/opencensus-api/0.17.0/opencensus-api-0.17.0.jar:/home/user/.m2/repository/io/opencensus/opencensus-contrib-grpc-metrics/0.17.0/opencensus-contrib-grpc-metrics-0.17.0.jar:/home/user/.m2/repository/io/netty/netty-codec-http2/4.1.30.Final/netty-codec-http2-4.1.30.Final.jar:/home/user/.m2/repository/io/netty/netty-codec-http/4.1.30.Final/netty-codec-http-4.1.30.Final.jar:/home/user/.m2/repository/io/netty/netty-codec/4.1.30.Final/netty-codec-4.1.30.Final.jar:/home/user/.m2/repository/io/netty/netty-handler/4.1.30.Final/netty-handler-4.1.30.Final.jar:/home/user/.m2/repository/io/netty/netty-handler-proxy/4.1.30.Final/netty-handler-proxy-4.1.30.Final.jar:/home/user/.m2/repository/io/netty/netty-codec-socks/4.1.30.Final/netty-codec-socks-4.1.30.Final.jar:/home/user/.m2/repository/io/netty/netty-transport-native-epoll/4.1.30.Final/netty-transport-native-epoll-4.1.30.Final.jar:/home/user/.m2/repository/io/netty/netty-common/4.1.30.Final/netty-common-4.1.30.Final.jar:/home/user/.m2/repository/io/netty/netty-buffer/4.1.30.Final/netty-buffer-4.1.30.Final.jar:/home/user/.m2/repository/io/netty/netty-transport/4.1.30.Final/netty-transport-4.1.30.Final.jar:/home/user/.m2/repository/io/netty/netty-resolver/4.1.30.Final/netty-resolver-4.1.30.Final.jar:/home/user/.m2/repository/io/netty/netty-transport-native-unix-common/4.1.30.Final/netty-transport-native-unix-common-4.1.30.Final.jar:/home/user/.m2/repository/io/grpc/grpc-protobuf/1.17.1/grpc-protobuf-1.17.1.jar:/home/user/.m2/repository/com/google/api/grpc/proto-google-common-protos/1.0.0/proto-google-common-protos-1.0.0.jar:/home/user/.m2/repository/io/grpc/grpc-protobuf-lite/1.17.1/grpc-protobuf-lite-1.17.1.jar:/home/user/.m2/repository/io/grpc/grpc-stub/1.17.1/grpc-stub-1.17.1.jar:/tmp/workdir/hadoop-ozone/ozone-recon/target/classes:/tmp/workdir/hadoop-ozone/ozone-recon-codegen/target/classes:/home/user/.m2/repository/com/google/inject/extensions/guice-multibindings/4.0/guice-multibindings-4.0.jar:/home/user/.m2/repository/com/google/inject/guice/4.0/guice-4.0.jar:/home/user/.m2/repository/aopalliance/aopalliance/1.0/aopalliance-1.0.jar:/home/user/.m2/repository/com/google/inject/extensions/guice-servlet/4.0/guice-servlet-4.0.jar:/home/user/.m2/repository/org/glassfish/jersey/containers/jersey-container-servlet/2.27/jersey-container-servlet-2.27.jar:/home/user/.m2/repository/org/glassfish/hk2/guice-bridge/2.5.0/guice-bridge-2.5.0.jar:/home/user/.m2/repository/org/glassfish/jersey/core/jersey-server/2.27/jersey-server-2.27.jar:/home/user/.m2/repository/org/glassfish/jersey/core/jersey-client/2.27/jersey-client-2.27.jar:/home/user/.m2/repository/org/glassfish/jersey/media/jersey-media-jaxb/2.27/jersey-media-jaxb-2.27.jar:/home/user/.m2/repository/javax/validation/validation-api/1.1.0.Final/validation-api-1.1.0.Final.jar:/home/user/.m2/repository/org/glassfish/jersey/media/jersey-media-json-jackson/2.27/jersey-media-json-jackson-2.27.jar:/home/user/.m2/repository/org/glassfish/jersey/ext/jersey-entity-filtering/2.27/jersey-entity-filtering-2.27.jar:/home/user/.m2/repository/com/google/inject/extensions/guice-assistedinject/4.0/guice-assistedinject-4.0.jar:/home/user/.m2/repository/org/jooq/jooq/3.11.10/jooq-3.11.10.jar:/home/user/.m2/repository/org/jooq/jooq-meta/3.11.10/jooq-meta-3.11.10.jar:/home/user/.m2/repository/org/jooq/jooq-codegen/3.11.10/jooq-codegen-3.11.10.jar:/home/user/.m2/repository/com/jolbox/bonecp/0.8.0.RELEASE/bonecp-0.8.0.RELEASE.jar:/home/user/.m2/repository/org/springframework/spring-jdbc/5.1.3.RELEASE/spring-jdbc-5.1.3.RELEASE.jar:/home/user/.m2/repository/org/springframework/spring-beans/5.1.3.RELEASE/spring-beans-5.1.3.RELEASE.jar:/home/user/.m2/repository/org/springframework/spring-core/5.1.3.RELEASE/spring-core-5.1.3.RELEASE.jar:/home/user/.m2/repository/org/springframework/spring-jcl/5.1.3.RELEASE/spring-jcl-5.1.3.RELEASE.jar:/home/user/.m2/repository/org/springframework/spring-tx/5.1.3.RELEASE/spring-tx-5.1.3.RELEASE.jar:/home/user/.m2/repository/org/mockito/mockito-core/2.15.0/mockito-core-2.15.0.jar:/home/user/.m2/repository/net/bytebuddy/byte-buddy/1.7.9/byte-buddy-1.7.9.jar:/home/user/.m2/repository/net/bytebuddy/byte-buddy-agent/1.7.9/byte-buddy-agent-1.7.9.jar:/home/user/.m2/repository/org/objenesis/objenesis/1.0/objenesis-1.0.jar:"/>
    <property name="java.vm.vendor" value="IcedTea"/>
    <property name="sun.arch.data.model" value="64"/>
    <property name="test.build.dir" value="/tmp/workdir/hadoop-ozone/tools/target/test-dir"/>
    <property name="test.cache.data" value=""/>
    <property name="java.vendor.url" value="https://icedtea.classpath.org"/>
    <property name="user.timezone" value=""/>
    <property name="java.vm.specification.version" value="1.8"/>
    <property name="os.name" value="Linux"/>
    <property name="test.build.data" value="/tmp/workdir/hadoop-ozone/tools/target/test-dir"/>
    <property name="user.country" value="US"/>
    <property name="sun.java.launcher" value="SUN_STANDARD"/>
    <property name="sun.boot.library.path" value="/usr/lib/jvm/java-1.8-openjdk/jre/lib/amd64"/>
    <property name="sun.java.command" value="/tmp/workdir/hadoop-ozone/tools/target/surefire/surefirebooter1774863451109050175.jar /tmp/workdir/hadoop-ozone/tools/target/surefire 2019-07-09T04-21-22_401-jvmRun1 surefire3775287509922483849tmp surefire_1023497043586062317835tmp"/>
    <property name="surefire.test.class.path" value="/tmp/workdir/hadoop-ozone/tools/target/test-classes:/tmp/workdir/hadoop-ozone/tools/target/classes:/tmp/workdir/hadoop-ozone/ozone-manager/target/classes:/tmp/workdir/hadoop-hdds/docs/target/classes:/home/user/.m2/repository/org/bouncycastle/bcprov-jdk15on/1.60/bcprov-jdk15on-1.60.jar:/tmp/workdir/hadoop-ozone/common/target/classes:/home/user/.m2/repository/org/apache/commons/commons-compress/1.4.1/commons-compress-1.4.1.jar:/home/user/.m2/repository/org/tukaani/xz/1.0/xz-1.0.jar:/home/user/.m2/repository/org/apache/hadoop/hadoop-hdfs-client/3.2.0/hadoop-hdfs-client-3.2.0.jar:/home/user/.m2/repository/com/fasterxml/jackson/core/jackson-annotations/2.9.5/jackson-annotations-2.9.5.jar:/tmp/workdir/hadoop-hdds/common/target/classes:/tmp/workdir/hadoop-hdds/config/target/classes:/home/user/.m2/repository/javax/annotation/javax.annotation-api/1.2/javax.annotation-api-1.2.jar:/home/user/.m2/repository/org/apache/ratis/ratis-server/0.4.0-2337318-SNAPSHOT/ratis-server-0.4.0-2337318-SNAPSHOT.jar:/home/user/.m2/repository/org/apache/ratis/ratis-thirdparty-misc/0.2.0/ratis-thirdparty-misc-0.2.0.jar:/home/user/.m2/repository/org/apache/ratis/ratis-proto/0.4.0-2337318-SNAPSHOT/ratis-proto-0.4.0-2337318-SNAPSHOT.jar:/home/user/.m2/repository/org/apache/ratis/ratis-common/0.4.0-2337318-SNAPSHOT/ratis-common-0.4.0-2337318-SNAPSHOT.jar:/home/user/.m2/repository/org/apache/ratis/ratis-client/0.4.0-2337318-SNAPSHOT/ratis-client-0.4.0-2337318-SNAPSHOT.jar:/home/user/.m2/repository/org/apache/ratis/ratis-metrics/0.4.0-2337318-SNAPSHOT/ratis-metrics-0.4.0-2337318-SNAPSHOT.jar:/home/user/.m2/repository/org/apache/ratis/ratis-netty/0.4.0-2337318-SNAPSHOT/ratis-netty-0.4.0-2337318-SNAPSHOT.jar:/home/user/.m2/repository/org/apache/ratis/ratis-grpc/0.4.0-2337318-SNAPSHOT/ratis-grpc-0.4.0-2337318-SNAPSHOT.jar:/home/user/.m2/repository/org/rocksdb/rocksdbjni/6.0.1/rocksdbjni-6.0.1.jar:/home/user/.m2/repository/org/apache/logging/log4j/log4j-api/2.11.0/log4j-api-2.11.0.jar:/home/user/.m2/repository/org/apache/logging/log4j/log4j-core/2.11.0/log4j-core-2.11.0.jar:/home/user/.m2/repository/com/lmax/disruptor/3.4.2/disruptor-3.4.2.jar:/home/user/.m2/repository/org/apache/commons/commons-pool2/2.6.0/commons-pool2-2.6.0.jar:/home/user/.m2/repository/org/bouncycastle/bcpkix-jdk15on/1.60/bcpkix-jdk15on-1.60.jar:/home/user/.m2/repository/commons-validator/commons-validator/1.6/commons-validator-1.6.jar:/home/user/.m2/repository/commons-digester/commons-digester/1.8.1/commons-digester-1.8.1.jar:/home/user/.m2/repository/io/jaegertracing/jaeger-client/0.33.1/jaeger-client-0.33.1.jar:/home/user/.m2/repository/io/jaegertracing/jaeger-thrift/0.33.1/jaeger-thrift-0.33.1.jar:/home/user/.m2/repository/org/apache/thrift/libthrift/0.11.0/libthrift-0.11.0.jar:/home/user/.m2/repository/com/squareup/okhttp3/okhttp/3.9.0/okhttp-3.9.0.jar:/home/user/.m2/repository/com/squareup/okio/okio/1.13.0/okio-1.13.0.jar:/home/user/.m2/repository/io/jaegertracing/jaeger-core/0.33.1/jaeger-core-0.33.1.jar:/home/user/.m2/repository/io/jaegertracing/jaeger-tracerresolver/0.33.1/jaeger-tracerresolver-0.33.1.jar:/home/user/.m2/repository/io/opentracing/contrib/opentracing-tracerresolver/0.1.5/opentracing-tracerresolver-0.1.5.jar:/home/user/.m2/repository/io/opentracing/opentracing-util/0.31.0/opentracing-util-0.31.0.jar:/home/user/.m2/repository/io/opentracing/opentracing-api/0.31.0/opentracing-api-0.31.0.jar:/home/user/.m2/repository/io/opentracing/opentracing-noop/0.31.0/opentracing-noop-0.31.0.jar:/home/user/.m2/repository/org/yaml/snakeyaml/1.16/snakeyaml-1.16.jar:/tmp/workdir/hadoop-hdds/container-service/target/classes:/tmp/workdir/hadoop-hdds/client/target/classes:/tmp/workdir/hadoop-hdds/tools/target/classes:/home/user/.m2/repository/org/xerial/sqlite-jdbc/3.25.2/sqlite-jdbc-3.25.2.jar:/tmp/workdir/hadoop-hdds/server-scm/target/classes:/home/user/.m2/repository/org/hamcrest/hamcrest-all/1.3/hamcrest-all-1.3.jar:/home/user/.m2/repository/info/picocli/picocli/3.9.6/picocli-3.9.6.jar:/home/user/.m2/repository/com/google/protobuf/protobuf-java/2.5.0/protobuf-java-2.5.0.jar:/home/user/.m2/repository/com/google/guava/guava/11.0.2/guava-11.0.2.jar:/tmp/workdir/hadoop-ozone/client/target/classes:/home/user/.m2/repository/org/apache/hadoop/hadoop-ozone-filesystem/0.5.0-SNAPSHOT/hadoop-ozone-filesystem-0.5.0-SNAPSHOT.jar:/tmp/workdir/hadoop-hdds/framework/target/classes:/home/user/.m2/repository/org/apache/hadoop/hadoop-common/3.2.0/hadoop-common-3.2.0.jar:/home/user/.m2/repository/org/apache/hadoop/hadoop-annotations/3.2.0/hadoop-annotations-3.2.0.jar:/usr/lib/jvm/java-1.8-openjdk/jre/../lib/tools.jar:/home/user/.m2/repository/commons-cli/commons-cli/1.2/commons-cli-1.2.jar:/home/user/.m2/repository/org/apache/commons/commons-math3/3.1.1/commons-math3-3.1.1.jar:/home/user/.m2/repository/org/apache/httpcomponents/httpclient/4.5.2/httpclient-4.5.2.jar:/home/user/.m2/repository/org/apache/httpcomponents/httpcore/4.4.4/httpcore-4.4.4.jar:/home/user/.m2/repository/commons-codec/commons-codec/1.11/commons-codec-1.11.jar:/home/user/.m2/repository/commons-io/commons-io/2.5/commons-io-2.5.jar:/home/user/.m2/repository/commons-net/commons-net/3.6/commons-net-3.6.jar:/home/user/.m2/repository/commons-collections/commons-collections/3.2.2/commons-collections-3.2.2.jar:/home/user/.m2/repository/javax/servlet/javax.servlet-api/3.1.0/javax.servlet-api-3.1.0.jar:/home/user/.m2/repository/org/eclipse/jetty/jetty-server/9.3.24.v20180605/jetty-server-9.3.24.v20180605.jar:/home/user/.m2/repository/org/eclipse/jetty/jetty-http/9.3.24.v20180605/jetty-http-9.3.24.v20180605.jar:/home/user/.m2/repository/org/eclipse/jetty/jetty-io/9.3.24.v20180605/jetty-io-9.3.24.v20180605.jar:/home/user/.m2/repository/org/eclipse/jetty/jetty-util/9.3.24.v20180605/jetty-util-9.3.24.v20180605.jar:/home/user/.m2/repository/org/eclipse/jetty/jetty-servlet/9.3.24.v20180605/jetty-servlet-9.3.24.v20180605.jar:/home/user/.m2/repository/org/eclipse/jetty/jetty-security/9.3.24.v20180605/jetty-security-9.3.24.v20180605.jar:/home/user/.m2/repository/org/eclipse/jetty/jetty-webapp/9.3.24.v20180605/jetty-webapp-9.3.24.v20180605.jar:/home/user/.m2/repository/org/eclipse/jetty/jetty-xml/9.3.24.v20180605/jetty-xml-9.3.24.v20180605.jar:/home/user/.m2/repository/javax/servlet/jsp/jsp-api/2.1/jsp-api-2.1.jar:/home/user/.m2/repository/com/sun/jersey/jersey-core/1.19/jersey-core-1.19.jar:/home/user/.m2/repository/javax/ws/rs/jsr311-api/1.1.1/jsr311-api-1.1.1.jar:/home/user/.m2/repository/com/sun/jersey/jersey-servlet/1.19/jersey-servlet-1.19.jar:/home/user/.m2/repository/com/sun/jersey/jersey-json/1.19/jersey-json-1.19.jar:/home/user/.m2/repository/org/codehaus/jettison/jettison/1.1/jettison-1.1.jar:/home/user/.m2/repository/com/sun/xml/bind/jaxb-impl/2.3.0.1/jaxb-impl-2.3.0.1.jar:/home/user/.m2/repository/org/codehaus/jackson/jackson-core-asl/1.9.13/jackson-core-asl-1.9.13.jar:/home/user/.m2/repository/org/codehaus/jackson/jackson-mapper-asl/1.9.13/jackson-mapper-asl-1.9.13.jar:/home/user/.m2/repository/org/codehaus/jackson/jackson-jaxrs/1.9.13/jackson-jaxrs-1.9.13.jar:/home/user/.m2/repository/org/codehaus/jackson/jackson-xc/1.9.13/jackson-xc-1.9.13.jar:/home/user/.m2/repository/com/sun/jersey/jersey-server/1.19/jersey-server-1.19.jar:/home/user/.m2/repository/commons-logging/commons-logging/1.1.3/commons-logging-1.1.3.jar:/home/user/.m2/repository/log4j/log4j/1.2.17/log4j-1.2.17.jar:/home/user/.m2/repository/commons-beanutils/commons-beanutils/1.9.3/commons-beanutils-1.9.3.jar:/home/user/.m2/repository/org/apache/commons/commons-configuration2/2.1.1/commons-configuration2-2.1.1.jar:/home/user/.m2/repository/org/apache/commons/commons-lang3/3.7/commons-lang3-3.7.jar:/home/user/.m2/repository/org/apache/commons/commons-text/1.4/commons-text-1.4.jar:/home/user/.m2/repository/org/slf4j/slf4j-api/1.7.25/slf4j-api-1.7.25.jar:/home/user/.m2/repository/org/slf4j/slf4j-log4j12/1.7.25/slf4j-log4j12-1.7.25.jar:/home/user/.m2/repository/org/apache/avro/avro/1.7.7/avro-1.7.7.jar:/home/user/.m2/repository/com/thoughtworks/paranamer/paranamer/2.3/paranamer-2.3.jar:/home/user/.m2/repository/org/xerial/snappy/snappy-java/1.0.5/snappy-java-1.0.5.jar:/home/user/.m2/repository/com/google/re2j/re2j/1.1/re2j-1.1.jar:/home/user/.m2/repository/com/google/code/gson/gson/2.2.4/gson-2.2.4.jar:/home/user/.m2/repository/org/apache/hadoop/hadoop-auth/3.2.0/hadoop-auth-3.2.0.jar:/home/user/.m2/repository/com/nimbusds/nimbus-jose-jwt/4.41.1/nimbus-jose-jwt-4.41.1.jar:/home/user/.m2/repository/com/github/stephenc/jcip/jcip-annotations/1.0-1/jcip-annotations-1.0-1.jar:/home/user/.m2/repository/net/minidev/json-smart/2.3/json-smart-2.3.jar:/home/user/.m2/repository/net/minidev/accessors-smart/1.2/accessors-smart-1.2.jar:/home/user/.m2/repository/org/apache/curator/curator-framework/2.12.0/curator-framework-2.12.0.jar:/home/user/.m2/repository/com/jcraft/jsch/0.1.54/jsch-0.1.54.jar:/home/user/.m2/repository/org/apache/curator/curator-client/2.12.0/curator-client-2.12.0.jar:/home/user/.m2/repository/org/apache/curator/curator-recipes/2.12.0/curator-recipes-2.12.0.jar:/home/user/.m2/repository/com/google/code/findbugs/jsr305/3.0.0/jsr305-3.0.0.jar:/home/user/.m2/repository/org/apache/htrace/htrace-core4/4.1.0-incubating/htrace-core4-4.1.0-incubating.jar:/home/user/.m2/repository/org/apache/zookeeper/zookeeper/3.4.13/zookeeper-3.4.13.jar:/home/user/.m2/repository/org/apache/yetus/audience-annotations/0.5.0/audience-annotations-0.5.0.jar:/home/user/.m2/repository/org/apache/kerby/kerb-simplekdc/1.0.1/kerb-simplekdc-1.0.1.jar:/home/user/.m2/repository/org/apache/kerby/kerb-client/1.0.1/kerb-client-1.0.1.jar:/home/user/.m2/repository/org/apache/kerby/kerby-config/1.0.1/kerby-config-1.0.1.jar:/home/user/.m2/repository/org/apache/kerby/kerb-core/1.0.1/kerb-core-1.0.1.jar:/home/user/.m2/repository/org/apache/kerby/kerby-pkix/1.0.1/kerby-pkix-1.0.1.jar:/home/user/.m2/repository/org/apache/kerby/kerby-asn1/1.0.1/kerby-asn1-1.0.1.jar:/home/user/.m2/repository/org/apache/kerby/kerby-util/1.0.1/kerby-util-1.0.1.jar:/home/user/.m2/repository/org/apache/kerby/kerb-common/1.0.1/kerb-common-1.0.1.jar:/home/user/.m2/repository/org/apache/kerby/kerb-crypto/1.0.1/kerb-crypto-1.0.1.jar:/home/user/.m2/repository/org/apache/kerby/kerb-util/1.0.1/kerb-util-1.0.1.jar:/home/user/.m2/repository/org/apache/kerby/token-provider/1.0.1/token-provider-1.0.1.jar:/home/user/.m2/repository/org/apache/kerby/kerb-admin/1.0.1/kerb-admin-1.0.1.jar:/home/user/.m2/repository/org/apache/kerby/kerb-server/1.0.1/kerb-server-1.0.1.jar:/home/user/.m2/repository/org/apache/kerby/kerb-identity/1.0.1/kerb-identity-1.0.1.jar:/home/user/.m2/repository/org/apache/kerby/kerby-xdr/1.0.1/kerby-xdr-1.0.1.jar:/home/user/.m2/repository/com/fasterxml/jackson/core/jackson-databind/2.9.5/jackson-databind-2.9.5.jar:/home/user/.m2/repository/com/fasterxml/jackson/core/jackson-core/2.9.5/jackson-core-2.9.5.jar:/home/user/.m2/repository/org/codehaus/woodstox/stax2-api/3.1.4/stax2-api-3.1.4.jar:/home/user/.m2/repository/com/fasterxml/woodstox/woodstox-core/5.0.3/woodstox-core-5.0.3.jar:/home/user/.m2/repository/dnsjava/dnsjava/2.1.7/dnsjava-2.1.7.jar:/home/user/.m2/repository/org/apache/hadoop/hadoop-hdfs/3.2.0/hadoop-hdfs-3.2.0.jar:/home/user/.m2/repository/org/eclipse/jetty/jetty-util-ajax/9.3.24.v20180605/jetty-util-ajax-9.3.24.v20180605.jar:/home/user/.m2/repository/commons-daemon/commons-daemon/1.0.13/commons-daemon-1.0.13.jar:/home/user/.m2/repository/io/netty/netty/3.10.5.Final/netty-3.10.5.Final.jar:/home/user/.m2/repository/io/netty/netty-all/4.0.52.Final/netty-all-4.0.52.Final.jar:/home/user/.m2/repository/org/fusesource/leveldbjni/leveldbjni-all/1.8/leveldbjni-all-1.8.jar:/home/user/.m2/repository/com/sun/xml/bind/jaxb-core/2.3.0.1/jaxb-core-2.3.0.1.jar:/home/user/.m2/repository/javax/xml/bind/jaxb-api/2.3.0/jaxb-api-2.3.0.jar:/home/user/.m2/repository/javax/activation/activation/1.1.1/activation-1.1.1.jar:/home/user/.m2/repository/io/dropwizard/metrics/metrics-core/3.2.4/metrics-core-3.2.4.jar:/home/user/.m2/repository/org/openjdk/jmh/jmh-core/1.19/jmh-core-1.19.jar:/home/user/.m2/repository/net/sf/jopt-simple/jopt-simple/4.6/jopt-simple-4.6.jar:/home/user/.m2/repository/org/openjdk/jmh/jmh-generator-annprocess/1.19/jmh-generator-annprocess-1.19.jar:/home/user/.m2/repository/com/google/code/findbugs/findbugs/3.0.1/findbugs-3.0.1.jar:/home/user/.m2/repository/net/jcip/jcip-annotations/1.0/jcip-annotations-1.0.jar:/home/user/.m2/repository/com/google/code/findbugs/bcel-findbugs/6.0/bcel-findbugs-6.0.jar:/home/user/.m2/repository/com/google/code/findbugs/jFormatString/2.0.1/jFormatString-2.0.1.jar:/home/user/.m2/repository/dom4j/dom4j/1.6.1/dom4j-1.6.1.jar:/home/user/.m2/repository/xml-apis/xml-apis/1.0.b2/xml-apis-1.0.b2.jar:/home/user/.m2/repository/org/ow2/asm/asm-debug-all/5.0.2/asm-debug-all-5.0.2.jar:/home/user/.m2/repository/org/ow2/asm/asm-commons/5.0.2/asm-commons-5.0.2.jar:/home/user/.m2/repository/org/ow2/asm/asm-tree/5.0.2/asm-tree-5.0.2.jar:/home/user/.m2/repository/org/ow2/asm/asm/5.0.4/asm-5.0.4.jar:/home/user/.m2/repository/commons-lang/commons-lang/2.6/commons-lang-2.6.jar:/home/user/.m2/repository/com/apple/AppleJavaExtensions/1.4/AppleJavaExtensions-1.4.jar:/home/user/.m2/repository/jaxen/jaxen/1.1.6/jaxen-1.1.6.jar:/home/user/.m2/repository/junit/junit/4.11/junit-4.11.jar:/home/user/.m2/repository/org/hamcrest/hamcrest-core/1.3/hamcrest-core-1.3.jar:/home/user/.m2/repository/org/apache/hadoop/hadoop-common/3.2.0/hadoop-common-3.2.0-tests.jar:/home/user/.m2/repository/org/apache/hadoop/hadoop-ozone-integration-test/0.5.0-SNAPSHOT/hadoop-ozone-integration-test-0.5.0-SNAPSHOT-tests.jar:/tmp/workdir/hadoop-ozone/objectstore-service/target/classes:/tmp/workdir/hadoop-ozone/s3gateway/target/classes:/home/user/.m2/repository/org/jboss/weld/servlet/weld-servlet/2.4.7.Final/weld-servlet-2.4.7.Final.jar:/home/user/.m2/repository/org/glassfish/jersey/containers/jersey-container-servlet-core/2.27/jersey-container-servlet-core-2.27.jar:/home/user/.m2/repository/org/glassfish/hk2/external/javax.inject/2.5.0-b42/javax.inject-2.5.0-b42.jar:/home/user/.m2/repository/org/glassfish/jersey/core/jersey-common/2.27/jersey-common-2.27.jar:/home/user/.m2/repository/org/glassfish/hk2/osgi-resource-locator/1.0.1/osgi-resource-locator-1.0.1.jar:/home/user/.m2/repository/javax/ws/rs/javax.ws.rs-api/2.1/javax.ws.rs-api-2.1.jar:/home/user/.m2/repository/org/glassfish/jersey/ext/cdi/jersey-cdi1x/2.27/jersey-cdi1x-2.27.jar:/home/user/.m2/repository/org/glassfish/jersey/inject/jersey-hk2/2.27/jersey-hk2-2.27.jar:/home/user/.m2/repository/org/glassfish/hk2/hk2-locator/2.5.0-b42/hk2-locator-2.5.0-b42.jar:/home/user/.m2/repository/org/javassist/javassist/3.22.0-CR2/javassist-3.22.0-CR2.jar:/home/user/.m2/repository/org/glassfish/hk2/hk2-api/2.5.0/hk2-api-2.5.0.jar:/home/user/.m2/repository/org/glassfish/hk2/external/jakarta.inject/2.5.0/jakarta.inject-2.5.0.jar:/home/user/.m2/repository/org/glassfish/hk2/hk2-utils/2.5.0/hk2-utils-2.5.0.jar:/home/user/.m2/repository/jakarta/annotation/jakarta.annotation-api/1.3.4/jakarta.annotation-api-1.3.4.jar:/home/user/.m2/repository/org/glassfish/hk2/external/aopalliance-repackaged/2.5.0/aopalliance-repackaged-2.5.0.jar:/home/user/.m2/repository/com/fasterxml/jackson/dataformat/jackson-dataformat-xml/2.9.0/jackson-dataformat-xml-2.9.0.jar:/home/user/.m2/repository/com/fasterxml/jackson/module/jackson-module-jaxb-annotations/2.9.5/jackson-module-jaxb-annotations-2.9.5.jar:/home/user/.m2/repository/javax/enterprise/cdi-api/1.2/cdi-api-1.2.jar:/home/user/.m2/repository/javax/el/javax.el-api/3.0.0/javax.el-api-3.0.0.jar:/home/user/.m2/repository/javax/interceptor/javax.interceptor-api/1.2/javax.interceptor-api-1.2.jar:/home/user/.m2/repository/javax/inject/javax.inject/1/javax.inject-1.jar:/tmp/workdir/hadoop-ozone/csi/target/classes:/home/user/.m2/repository/com/google/protobuf/protobuf-java-util/3.5.1/protobuf-java-util-3.5.1.jar:/home/user/.m2/repository/io/grpc/grpc-netty/1.17.1/grpc-netty-1.17.1.jar:/home/user/.m2/repository/io/grpc/grpc-core/1.17.1/grpc-core-1.17.1.jar:/home/user/.m2/repository/io/grpc/grpc-context/1.17.1/grpc-context-1.17.1.jar:/home/user/.m2/repository/com/google/errorprone/error_prone_annotations/2.2.0/error_prone_annotations-2.2.0.jar:/home/user/.m2/repository/org/codehaus/mojo/animal-sniffer-annotations/1.17/animal-sniffer-annotations-1.17.jar:/home/user/.m2/repository/io/opencensus/opencensus-api/0.17.0/opencensus-api-0.17.0.jar:/home/user/.m2/repository/io/opencensus/opencensus-contrib-grpc-metrics/0.17.0/opencensus-contrib-grpc-metrics-0.17.0.jar:/home/user/.m2/repository/io/netty/netty-codec-http2/4.1.30.Final/netty-codec-http2-4.1.30.Final.jar:/home/user/.m2/repository/io/netty/netty-codec-http/4.1.30.Final/netty-codec-http-4.1.30.Final.jar:/home/user/.m2/repository/io/netty/netty-codec/4.1.30.Final/netty-codec-4.1.30.Final.jar:/home/user/.m2/repository/io/netty/netty-handler/4.1.30.Final/netty-handler-4.1.30.Final.jar:/home/user/.m2/repository/io/netty/netty-handler-proxy/4.1.30.Final/netty-handler-proxy-4.1.30.Final.jar:/home/user/.m2/repository/io/netty/netty-codec-socks/4.1.30.Final/netty-codec-socks-4.1.30.Final.jar:/home/user/.m2/repository/io/netty/netty-transport-native-epoll/4.1.30.Final/netty-transport-native-epoll-4.1.30.Final.jar:/home/user/.m2/repository/io/netty/netty-common/4.1.30.Final/netty-common-4.1.30.Final.jar:/home/user/.m2/repository/io/netty/netty-buffer/4.1.30.Final/netty-buffer-4.1.30.Final.jar:/home/user/.m2/repository/io/netty/netty-transport/4.1.30.Final/netty-transport-4.1.30.Final.jar:/home/user/.m2/repository/io/netty/netty-resolver/4.1.30.Final/netty-resolver-4.1.30.Final.jar:/home/user/.m2/repository/io/netty/netty-transport-native-unix-common/4.1.30.Final/netty-transport-native-unix-common-4.1.30.Final.jar:/home/user/.m2/repository/io/grpc/grpc-protobuf/1.17.1/grpc-protobuf-1.17.1.jar:/home/user/.m2/repository/com/google/api/grpc/proto-google-common-protos/1.0.0/proto-google-common-protos-1.0.0.jar:/home/user/.m2/repository/io/grpc/grpc-protobuf-lite/1.17.1/grpc-protobuf-lite-1.17.1.jar:/home/user/.m2/repository/io/grpc/grpc-stub/1.17.1/grpc-stub-1.17.1.jar:/tmp/workdir/hadoop-ozone/ozone-recon/target/classes:/tmp/workdir/hadoop-ozone/ozone-recon-codegen/target/classes:/home/user/.m2/repository/com/google/inject/extensions/guice-multibindings/4.0/guice-multibindings-4.0.jar:/home/user/.m2/repository/com/google/inject/guice/4.0/guice-4.0.jar:/home/user/.m2/repository/aopalliance/aopalliance/1.0/aopalliance-1.0.jar:/home/user/.m2/repository/com/google/inject/extensions/guice-servlet/4.0/guice-servlet-4.0.jar:/home/user/.m2/repository/org/glassfish/jersey/containers/jersey-container-servlet/2.27/jersey-container-servlet-2.27.jar:/home/user/.m2/repository/org/glassfish/hk2/guice-bridge/2.5.0/guice-bridge-2.5.0.jar:/home/user/.m2/repository/org/glassfish/jersey/core/jersey-server/2.27/jersey-server-2.27.jar:/home/user/.m2/repository/org/glassfish/jersey/core/jersey-client/2.27/jersey-client-2.27.jar:/home/user/.m2/repository/org/glassfish/jersey/media/jersey-media-jaxb/2.27/jersey-media-jaxb-2.27.jar:/home/user/.m2/repository/javax/validation/validation-api/1.1.0.Final/validation-api-1.1.0.Final.jar:/home/user/.m2/repository/org/glassfish/jersey/media/jersey-media-json-jackson/2.27/jersey-media-json-jackson-2.27.jar:/home/user/.m2/repository/org/glassfish/jersey/ext/jersey-entity-filtering/2.27/jersey-entity-filtering-2.27.jar:/home/user/.m2/repository/com/google/inject/extensions/guice-assistedinject/4.0/guice-assistedinject-4.0.jar:/home/user/.m2/repository/org/jooq/jooq/3.11.10/jooq-3.11.10.jar:/home/user/.m2/repository/org/jooq/jooq-meta/3.11.10/jooq-meta-3.11.10.jar:/home/user/.m2/repository/org/jooq/jooq-codegen/3.11.10/jooq-codegen-3.11.10.jar:/home/user/.m2/repository/com/jolbox/bonecp/0.8.0.RELEASE/bonecp-0.8.0.RELEASE.jar:/home/user/.m2/repository/org/springframework/spring-jdbc/5.1.3.RELEASE/spring-jdbc-5.1.3.RELEASE.jar:/home/user/.m2/repository/org/springframework/spring-beans/5.1.3.RELEASE/spring-beans-5.1.3.RELEASE.jar:/home/user/.m2/repository/org/springframework/spring-core/5.1.3.RELEASE/spring-core-5.1.3.RELEASE.jar:/home/user/.m2/repository/org/springframework/spring-jcl/5.1.3.RELEASE/spring-jcl-5.1.3.RELEASE.jar:/home/user/.m2/repository/org/springframework/spring-tx/5.1.3.RELEASE/spring-tx-5.1.3.RELEASE.jar:/home/user/.m2/repository/org/mockito/mockito-core/2.15.0/mockito-core-2.15.0.jar:/home/user/.m2/repository/net/bytebuddy/byte-buddy/1.7.9/byte-buddy-1.7.9.jar:/home/user/.m2/repository/net/bytebuddy/byte-buddy-agent/1.7.9/byte-buddy-agent-1.7.9.jar:/home/user/.m2/repository/org/objenesis/objenesis/1.0/objenesis-1.0.jar:"/>
    <property name="sun.cpu.endian" value="little"/>
    <property name="user.home" value="/home/user"/>
    <property name="user.language" value="en"/>
    <property name="java.specification.vendor" value="Oracle Corporation"/>
    <property name="java.home" value="/usr/lib/jvm/java-1.8-openjdk/jre"/>
    <property name="java.security.krb5.conf" value="/tmp/workdir/hadoop-ozone/tools/target/test-classes/krb5.conf"/>
    <property name="basedir" value="/tmp/workdir/hadoop-ozone/tools"/>
    <property name="file.separator" value="/"/>
    <property name="line.separator" value="&#10;"/>
    <property name="java.vm.specification.vendor" value="Oracle Corporation"/>
    <property name="java.specification.name" value="Java Platform API Specification"/>
    <property name="java.awt.graphicsenv" value="sun.awt.X11GraphicsEnvironment"/>
    <property name="surefire.real.class.path" value="/tmp/workdir/hadoop-ozone/tools/target/surefire/surefirebooter1774863451109050175.jar"/>
    <property name="hadoop.log.dir" value="/tmp/workdir/hadoop-ozone/tools/target/log"/>
    <property name="sun.boot.class.path" value="/usr/lib/jvm/java-1.8-openjdk/jre/lib/resources.jar:/usr/lib/jvm/java-1.8-openjdk/jre/lib/rt.jar:/usr/lib/jvm/java-1.8-openjdk/jre/lib/sunrsasign.jar:/usr/lib/jvm/java-1.8-openjdk/jre/lib/jsse.jar:/usr/lib/jvm/java-1.8-openjdk/jre/lib/jce.jar:/usr/lib/jvm/java-1.8-openjdk/jre/lib/charsets.jar:/usr/lib/jvm/java-1.8-openjdk/jre/lib/jfr.jar:/usr/lib/jvm/java-1.8-openjdk/jre/classes"/>
    <property name="sun.management.compiler" value="HotSpot 64-Bit Tiered Compilers"/>
    <property name="java.runtime.version" value="1.8.0_212-b04"/>
    <property name="java.net.preferIPv4Stack" value="true"/>
    <property name="user.name" value="jenkins1000"/>
    <property name="path.separator" value=":"/>
    <property name="java.security.egd" value="file:///dev/urandom"/>
    <property name="os.version" value="3.10.0-957.12.2.el7.x86_64"/>
    <property name="java.endorsed.dirs" value="/usr/lib/jvm/java-1.8-openjdk/jre/lib/endorsed"/>
    <property name="java.runtime.name" value="OpenJDK Runtime Environment"/>
    <property name="file.encoding" value="UTF-8"/>
    <property name="java.vm.name" value="OpenJDK 64-Bit Server VM"/>
    <property name="test.build.webapps" value=""/>
    <property name="localRepository" value="/home/user/.m2/repository"/>
    <property name="java.vendor.url.bug" value="https://icedtea.classpath.org/bugzilla"/>
    <property name="java.io.tmpdir" value="/tmp"/>
    <property name="require.test.libhadoop" value=""/>
    <property name="java.version" value="1.8.0_212"/>
    <property name="user.dir" value="/tmp/workdir/hadoop-ozone/tools"/>
    <property name="os.arch" value="amd64"/>
    <property name="java.vm.specification.name" value="Java Virtual Machine Specification"/>
    <property name="test.build.classes" value="/tmp/workdir/hadoop-ozone/tools/target/test-classes"/>
    <property name="java.awt.printerjob" value="sun.print.PSPrinterJob"/>
    <property name="sun.os.patch.level" value="unknown"/>
    <property name="hadoop.tmp.dir" value="/tmp/workdir/hadoop-ozone/tools/target/tmp"/>
    <property name="java.library.path" value="/usr/lib/jvm/java-1.8-openjdk/jre/lib/amd64/server:/usr/lib/jvm/java-1.8-openjdk/jre/lib/amd64:/usr/lib/jvm/java-1.8-openjdk/jre/../lib/amd64:/tmp/workdir/hadoop-ozone/tools/target/native/target/usr/local/lib:/tmp/workdir/hadoop-ozone/tools/../../hadoop-common-project/hadoop-common/target/native/target/usr/local/lib:/usr/java/packages/lib/amd64:/usr/lib64:/lib64:/lib:/usr/lib"/>
    <property name="java.vm.info" value="mixed mode"/>
    <property name="java.vendor" value="IcedTea"/>
    <property name="java.vm.version" value="25.212-b04"/>
    <property name="java.ext.dirs" value="/usr/lib/jvm/java-1.8-openjdk/jre/lib/ext:/usr/java/packages/lib/ext"/>
    <property name="sun.io.unicode.encoding" value="UnicodeLittle"/>
    <property name="java.class.version" value="52.0"/>
  </properties>
  <testcase name="ratisTest3" classname="org.apache.hadoop.ozone.freon.TestRandomKeyGenerator" time="5.353"/>
  <testcase name="testThreadPoolSize" classname="org.apache.hadoop.ozone.freon.TestRandomKeyGenerator" time="5.049"/>
  <testcase name="defaultTest" classname="org.apache.hadoop.ozone.freon.TestRandomKeyGenerator" time="5.031"/>
  <testcase name="bigFileThan2GB" classname="org.apache.hadoop.ozone.freon.TestRandomKeyGenerator" time="67.405">
    <error message="Allocated 0 blocks. Requested 1 blocks" type="INTERNAL_ERROR org.apache.hadoop.ozone.om.exceptions.OMException">INTERNAL_ERROR org.apache.hadoop.ozone.om.exceptions.OMException: Allocated 0 blocks. Requested 1 blocks
	at org.apache.hadoop.ozone.om.protocolPB.OzoneManagerProtocolClientSideTranslatorPB.handleError(OzoneManagerProtocolClientSideTranslatorPB.java:720)
	at org.apache.hadoop.ozone.om.protocolPB.OzoneManagerProtocolClientSideTranslatorPB.allocateBlock(OzoneManagerProtocolClientSideTranslatorPB.java:752)
	at org.apache.hadoop.ozone.client.io.BlockOutputStreamEntryPool.allocateNewBlock(BlockOutputStreamEntryPool.java:248)
	at org.apache.hadoop.ozone.client.io.BlockOutputStreamEntryPool.allocateBlockIfNeeded(BlockOutputStreamEntryPool.java:296)
	at org.apache.hadoop.ozone.client.io.KeyOutputStream.handleWrite(KeyOutputStream.java:201)
	at org.apache.hadoop.ozone.client.io.KeyOutputStream.write(KeyOutputStream.java:193)
	at org.apache.hadoop.ozone.client.io.OzoneOutputStream.write(OzoneOutputStream.java:49)
	at org.apache.hadoop.ozone.freon.RandomKeyGenerator$KeyProcessor.run(RandomKeyGenerator.java:693)
	at java.util.concurrent.Executors$RunnableAdapter.call(Executors.java:511)
	at java.util.concurrent.FutureTask.run(FutureTask.java:266)
	at java.util.concurrent.ThreadPoolExecutor.runWorker(ThreadPoolExecutor.java:1149)
	at java.util.concurrent.ThreadPoolExecutor$Worker.run(ThreadPoolExecutor.java:624)
	at java.lang.Thread.run(Thread.java:748)
</error>
    <system-out><![CDATA[2019-07-09 04:31:14,697 INFO  freon.RandomKeyGenerator (RandomKeyGenerator.java:call(262)) - Number of Threads: 1
2019-07-09 04:31:14,698 INFO  freon.RandomKeyGenerator (RandomKeyGenerator.java:call(267)) - Number of Volumes: 1.
2019-07-09 04:31:14,698 INFO  freon.RandomKeyGenerator (RandomKeyGenerator.java:call(268)) - Number of Buckets per Volume: 1.
2019-07-09 04:31:14,698 INFO  freon.RandomKeyGenerator (RandomKeyGenerator.java:call(269)) - Number of Keys per Bucket: 1.
2019-07-09 04:31:14,698 INFO  freon.RandomKeyGenerator (RandomKeyGenerator.java:call(270)) - Key size: 2147483657 bytes
2019-07-09 04:31:14,698 INFO  freon.RandomKeyGenerator (RandomKeyGenerator.java:call(271)) - Buffer size: 4096 bytes
2019-07-09 04:31:14,700 INFO  rpc.RpcClient (RpcClient.java:createVolume(289)) - Creating Volume: vol-0-46396, with jenkins1000 as owner.
2019-07-09 04:31:14,700 INFO  freon.RandomKeyGenerator (RandomKeyGenerator.java:call(286)) - Data validation is enabled.
2019-07-09 04:31:14,700 INFO  freon.RandomKeyGenerator (RandomKeyGenerator.java:call(299)) - Starting progress bar Thread.

 0.00% |█                                                                                                    |  0/1 Time: 0:00:002019-07-09 04:31:14,715 INFO  rpc.RpcClient (RpcClient.java:createBucket(426)) - Creating Bucket: vol-0-46396/bucket-0-14045, with Versioning false and Storage Type set to DISK and Encryption set to false 
2019-07-09 04:31:14,810 INFO  client.GrpcClientProtocolClient (GrpcClientProtocolClient.java:onNext(255)) - client-859D8C9D7B89->abe1c95d-8ae2-42e9-9d83-236e3c187d51: receive RaftClientReply:client-859D8C9D7B89->abe1c95d-8ae2-42e9-9d83-236e3c187d51@group-BA7C392EEBCA, cid=600, FAILED org.apache.ratis.protocol.NotLeaderException: Server abe1c95d-8ae2-42e9-9d83-236e3c187d51 is not the leader (65797d0d-2d4a-456d-9b24-1d63a5102722:192.168.69.69:44885). Request must be sent to leader., logIndex=0, commits[abe1c95d-8ae2-42e9-9d83-236e3c187d51:c708, aca3f3a4-0773-4ff1-9bb5-1a871868fd09:c708, 65797d0d-2d4a-456d-9b24-1d63a5102722:c708]
2019-07-09 04:31:14,863 INFO  client.GrpcClientProtocolClient (GrpcClientProtocolClient.java:onNext(255)) - client-859D8C9D7B89->65797d0d-2d4a-456d-9b24-1d63a5102722: receive RaftClientReply:client-859D8C9D7B89->65797d0d-2d4a-456d-9b24-1d63a5102722@group-BA7C392EEBCA, cid=600, SUCCESS, logIndex=709, commits[65797d0d-2d4a-456d-9b24-1d63a5102722:c709, aca3f3a4-0773-4ff1-9bb5-1a871868fd09:c708, abe1c95d-8ae2-42e9-9d83-236e3c187d51:c708]
2019-07-09 04:31:14,876 INFO  client.GrpcClientProtocolClient (GrpcClientProtocolClient.java:onNext(255)) - client-859D8C9D7B89->65797d0d-2d4a-456d-9b24-1d63a5102722: receive RaftClientReply:client-859D8C9D7B89->65797d0d-2d4a-456d-9b24-1d63a5102722@group-BA7C392EEBCA, cid=601, SUCCESS, logIndex=711, commits[65797d0d-2d4a-456d-9b24-1d63a5102722:c711, aca3f3a4-0773-4ff1-9bb5-1a871868fd09:c709, abe1c95d-8ae2-42e9-9d83-236e3c187d51:c709]
2019-07-09 04:31:14,889 INFO  client.GrpcClientProtocolClient (GrpcClientProtocolClient.java:onNext(255)) - client-859D8C9D7B89->65797d0d-2d4a-456d-9b24-1d63a5102722: receive RaftClientReply:client-859D8C9D7B89->65797d0d-2d4a-456d-9b24-1d63a5102722@group-BA7C392EEBCA, cid=602, SUCCESS, logIndex=712, commits[65797d0d-2d4a-456d-9b24-1d63a5102722:c714, aca3f3a4-0773-4ff1-9bb5-1a871868fd09:c711, abe1c95d-8ae2-42e9-9d83-236e3c187d51:c711]
2019-07-09 04:31:14,891 INFO  client.GrpcClientProtocolClient (GrpcClientProtocolClient.java:onNext(255)) - client-859D8C9D7B89->65797d0d-2d4a-456d-9b24-1d63a5102722: receive RaftClientReply:client-859D8C9D7B89->65797d0d-2d4a-456d-9b24-1d63a5102722@group-BA7C392EEBCA, cid=603, SUCCESS, logIndex=714, commits[65797d0d-2d4a-456d-9b24-1d63a5102722:c714, aca3f3a4-0773-4ff1-9bb5-1a871868fd09:c711, abe1c95d-8ae2-42e9-9d83-236e3c187d51:c711]
2019-07-09 04:31:14,917 INFO  client.GrpcClientProtocolClient (GrpcClientProtocolClient.java:onNext(255)) - client-859D8C9D7B89->65797d0d-2d4a-456d-9b24-1d63a5102722: receive RaftClientReply:client-859D8C9D7B89->65797d0d-2d4a-456d-9b24-1d63a5102722@group-BA7C392EEBCA, cid=604, SUCCESS, logIndex=717, commits[65797d0d-2d4a-456d-9b24-1d63a5102722:c718, aca3f3a4-0773-4ff1-9bb5-1a871868fd09:c714, abe1c95d-8ae2-42e9-9d83-236e3c187d51:c714]
2019-07-09 04:31:14,918 INFO  client.GrpcClientProtocolClient (GrpcClientProtocolClient.java:onNext(255)) - client-859D8C9D7B89->65797d0d-2d4a-456d-9b24-1d63a5102722: receive RaftClientReply:client-859D8C9D7B89->65797d0d-2d4a-456d-9b24-1d63a5102722@group-BA7C392EEBCA, cid=605, SUCCESS, logIndex=718, commits[65797d0d-2d4a-456d-9b24-1d63a5102722:c718, aca3f3a4-0773-4ff1-9bb5-1a871868fd09:c714, abe1c95d-8ae2-42e9-9d83-236e3c187d51:c714]
2019-07-09 04:31:14,945 INFO  client.GrpcClientProtocolClient (GrpcClientProtocolClient.java:onNext(255)) - client-859D8C9D7B89->65797d0d-2d4a-456d-9b24-1d63a5102722: receive RaftClientReply:client-859D8C9D7B89->65797d0d-2d4a-456d-9b24-1d63a5102722@group-BA7C392EEBCA, cid=606, SUCCESS, logIndex=721, commits[65797d0d-2d4a-456d-9b24-1d63a5102722:c722, aca3f3a4-0773-4ff1-9bb5-1a871868fd09:c718, abe1c95d-8ae2-42e9-9d83-236e3c187d51:c718]
2019-07-09 04:31:14,946 INFO  client.GrpcClientProtocolClient (GrpcClientProtocolClient.java:onNext(255)) - client-859D8C9D7B89->65797d0d-2d4a-456d-9b24-1d63a5102722: receive RaftClientReply:client-859D8C9D7B89->65797d0d-2d4a-456d-9b24-1d63a5102722@group-BA7C392EEBCA, cid=607, SUCCESS, logIndex=722, commits[65797d0d-2d4a-456d-9b24-1d63a5102722:c722, aca3f3a4-0773-4ff1-9bb5-1a871868fd09:c718, abe1c95d-8ae2-42e9-9d83-236e3c187d51:c718]
2019-07-09 04:31:14,959 INFO  client.GrpcClientProtocolClient (GrpcClientProtocolClient.java:onNext(255)) - client-859D8C9D7B89->65797d0d-2d4a-456d-9b24-1d63a5102722: receive RaftClientReply:client-859D8C9D7B89->65797d0d-2d4a-456d-9b24-1d63a5102722@group-BA7C392EEBCA, cid=608, SUCCESS, logIndex=0, commits[65797d0d-2d4a-456d-9b24-1d63a5102722:c723, aca3f3a4-0773-4ff1-9bb5-1a871868fd09:c722, abe1c95d-8ae2-42e9-9d83-236e3c187d51:c722]
2019-07-09 04:31:15,192 INFO  client.GrpcClientProtocolClient (GrpcClientProtocolClient.java:onNext(255)) - client-859D8C9D7B89->65797d0d-2d4a-456d-9b24-1d63a5102722: receive RaftClientReply:client-859D8C9D7B89->65797d0d-2d4a-456d-9b24-1d63a5102722@group-BA7C392EEBCA, cid=609, SUCCESS, logIndex=725, commits[65797d0d-2d4a-456d-9b24-1d63a5102722:c726, aca3f3a4-0773-4ff1-9bb5-1a871868fd09:c724, abe1c95d-8ae2-42e9-9d83-236e3c187d51:c724]
2019-07-09 04:31:15,193 INFO  client.GrpcClientProtocolClient (GrpcClientProtocolClient.java:onNext(255)) - client-859D8C9D7B89->65797d0d-2d4a-456d-9b24-1d63a5102722: receive RaftClientReply:client-859D8C9D7B89->65797d0d-2d4a-456d-9b24-1d63a5102722@group-BA7C392EEBCA, cid=610, SUCCESS, logIndex=726, commits[65797d0d-2d4a-456d-9b24-1d63a5102722:c728, aca3f3a4-0773-4ff1-9bb5-1a871868fd09:c724, abe1c95d-8ae2-42e9-9d83-236e3c187d51:c724]
2019-07-09 04:31:15,194 INFO  client.GrpcClientProtocolClient (GrpcClientProtocolClient.java:onNext(255)) - client-859D8C9D7B89->65797d0d-2d4a-456d-9b24-1d63a5102722: receive RaftClientReply:client-859D8C9D7B89->65797d0d-2d4a-456d-9b24-1d63a5102722@group-BA7C392EEBCA, cid=611, SUCCESS, logIndex=727, commits[65797d0d-2d4a-456d-9b24-1d63a5102722:c729, aca3f3a4-0773-4ff1-9bb5-1a871868fd09:c725, abe1c95d-8ae2-42e9-9d83-236e3c187d51:c724]
2019-07-09 04:31:15,194 INFO  client.GrpcClientProtocolClient (GrpcClientProtocolClient.java:onNext(255)) - client-859D8C9D7B89->65797d0d-2d4a-456d-9b24-1d63a5102722: receive RaftClientReply:client-859D8C9D7B89->65797d0d-2d4a-456d-9b24-1d63a5102722@group-BA7C392EEBCA, cid=612, SUCCESS, logIndex=728, commits[65797d0d-2d4a-456d-9b24-1d63a5102722:c729, aca3f3a4-0773-4ff1-9bb5-1a871868fd09:c725, abe1c95d-8ae2-42e9-9d83-236e3c187d51:c725]
2019-07-09 04:31:15,196 INFO  client.GrpcClientProtocolClient (GrpcClientProtocolClient.java:onNext(255)) - client-859D8C9D7B89->65797d0d-2d4a-456d-9b24-1d63a5102722: receive RaftClientReply:client-859D8C9D7B89->65797d0d-2d4a-456d-9b24-1d63a5102722@group-BA7C392EEBCA, cid=613, SUCCESS, logIndex=0, commits[65797d0d-2d4a-456d-9b24-1d63a5102722:c732, aca3f3a4-0773-4ff1-9bb5-1a871868fd09:c728, abe1c95d-8ae2-42e9-9d83-236e3c187d51:c728]
2019-07-09 04:31:15,220 INFO  client.GrpcClientProtocolClient (GrpcClientProtocolClient.java:onNext(255)) - client-859D8C9D7B89->65797d0d-2d4a-456d-9b24-1d63a5102722: receive RaftClientReply:client-859D8C9D7B89->65797d0d-2d4a-456d-9b24-1d63a5102722@group-BA7C392EEBCA, cid=614, SUCCESS, logIndex=733, commits[65797d0d-2d4a-456d-9b24-1d63a5102722:c734, aca3f3a4-0773-4ff1-9bb5-1a871868fd09:c732, abe1c95d-8ae2-42e9-9d83-236e3c187d51:c732]
2019-07-09 04:31:15,221 INFO  client.GrpcClientProtocolClient (GrpcClientProtocolClient.java:onNext(255)) - client-859D8C9D7B89->65797d0d-2d4a-456d-9b24-1d63a5102722: receive RaftClientReply:client-859D8C9D7B89->65797d0d-2d4a-456d-9b24-1d63a5102722@group-BA7C392EEBCA, cid=615, SUCCESS, logIndex=734, commits[65797d0d-2d4a-456d-9b24-1d63a5102722:c734, aca3f3a4-0773-4ff1-9bb5-1a871868fd09:c732, abe1c95d-8ae2-42e9-9d83-236e3c187d51:c732]
2019-07-09 04:31:15,247 INFO  client.GrpcClientProtocolClient (GrpcClientProtocolClient.java:onNext(255)) - client-859D8C9D7B89->65797d0d-2d4a-456d-9b24-1d63a5102722: receive RaftClientReply:client-859D8C9D7B89->65797d0d-2d4a-456d-9b24-1d63a5102722@group-BA7C392EEBCA, cid=616, SUCCESS, logIndex=737, commits[65797d0d-2d4a-456d-9b24-1d63a5102722:c738, aca3f3a4-0773-4ff1-9bb5-1a871868fd09:c734, abe1c95d-8ae2-42e9-9d83-236e3c187d51:c734]
2019-07-09 04:31:15,248 INFO  client.GrpcClientProtocolClient (GrpcClientProtocolClient.java:onNext(255)) - client-859D8C9D7B89->65797d0d-2d4a-456d-9b24-1d63a5102722: receive RaftClientReply:client-859D8C9D7B89->65797d0d-2d4a-456d-9b24-1d63a5102722@group-BA7C392EEBCA, cid=617, SUCCESS, logIndex=738, commits[65797d0d-2d4a-456d-9b24-1d63a5102722:c738, aca3f3a4-0773-4ff1-9bb5-1a871868fd09:c734, abe1c95d-8ae2-42e9-9d83-236e3c187d51:c734]
2019-07-09 04:31:15,282 INFO  client.GrpcClientProtocolClient (GrpcClientProtocolClient.java:onNext(255)) - client-859D8C9D7B89->65797d0d-2d4a-456d-9b24-1d63a5102722: receive RaftClientReply:client-859D8C9D7B89->65797d0d-2d4a-456d-9b24-1d63a5102722@group-BA7C392EEBCA, cid=618, SUCCESS, logIndex=0, commits[65797d0d-2d4a-456d-9b24-1d63a5102722:c739, aca3f3a4-0773-4ff1-9bb5-1a871868fd09:c738, abe1c95d-8ae2-42e9-9d83-236e3c187d51:c738]
2019-07-09 04:31:15,308 INFO  client.GrpcClientProtocolClient (GrpcClientProtocolClient.java:onNext(255)) - client-859D8C9D7B89->65797d0d-2d4a-456d-9b24-1d63a5102722: receive RaftClientReply:client-859D8C9D7B89->65797d0d-2d4a-456d-9b24-1d63a5102722@group-BA7C392EEBCA, cid=619, SUCCESS, logIndex=741, commits[65797d0d-2d4a-456d-9b24-1d63a5102722:c742, aca3f3a4-0773-4ff1-9bb5-1a871868fd09:c740, abe1c95d-8ae2-42e9-9d83-236e3c187d51:c740]
2019-07-09 04:31:15,309 INFO  client.GrpcClientProtocolClient (GrpcClientProtocolClient.java:onNext(255)) - client-859D8C9D7B89->65797d0d-2d4a-456d-9b24-1d63a5102722: receive RaftClientReply:client-859D8C9D7B89->65797d0d-2d4a-456d-9b24-1d63a5102722@group-BA7C392EEBCA, cid=620, SUCCESS, logIndex=742, commits[65797d0d-2d4a-456d-9b24-1d63a5102722:c744, aca3f3a4-0773-4ff1-9bb5-1a871868fd09:c740, abe1c95d-8ae2-42e9-9d83-236e3c187d51:c740]
2019-07-09 04:31:15,310 INFO  client.GrpcClientProtocolClient (GrpcClientProtocolClient.java:onNext(255)) - client-859D8C9D7B89->65797d0d-2d4a-456d-9b24-1d63a5102722: receive RaftClientReply:client-859D8C9D7B89->65797d0d-2d4a-456d-9b24-1d63a5102722@group-BA7C392EEBCA, cid=621, SUCCESS, logIndex=743, commits[65797d0d-2d4a-456d-9b24-1d63a5102722:c744, aca3f3a4-0773-4ff1-9bb5-1a871868fd09:c740, abe1c95d-8ae2-42e9-9d83-236e3c187d51:c740]
2019-07-09 04:31:15,310 INFO  client.GrpcClientProtocolClient (GrpcClientProtocolClient.java:onNext(255)) - client-859D8C9D7B89->65797d0d-2d4a-456d-9b24-1d63a5102722: receive RaftClientReply:client-859D8C9D7B89->65797d0d-2d4a-456d-9b24-1d63a5102722@group-BA7C392EEBCA, cid=622, SUCCESS, logIndex=744, commits[65797d0d-2d4a-456d-9b24-1d63a5102722:c745, aca3f3a4-0773-4ff1-9bb5-1a871868fd09:c741, abe1c95d-8ae2-42e9-9d83-236e3c187d51:c741]
2019-07-09 04:31:15,311 INFO  client.GrpcClientProtocolClient (GrpcClientProtocolClient.java:onNext(255)) - client-859D8C9D7B89->65797d0d-2d4a-456d-9b24-1d63a5102722: receive RaftClientReply:client-859D8C9D7B89->65797d0d-2d4a-456d-9b24-1d63a5102722@group-BA7C392EEBCA, cid=623, SUCCESS, logIndex=0, commits[65797d0d-2d4a-456d-9b24-1d63a5102722:c748, aca3f3a4-0773-4ff1-9bb5-1a871868fd09:c744, abe1c95d-8ae2-42e9-9d83-236e3c187d51:c742]
2019-07-09 04:31:15,335 INFO  client.GrpcClientProtocolClient (GrpcClientProtocolClient.java:onNext(255)) - client-859D8C9D7B89->65797d0d-2d4a-456d-9b24-1d63a5102722: receive RaftClientReply:client-859D8C9D7B89->65797d0d-2d4a-456d-9b24-1d63a5102722@group-BA7C392EEBCA, cid=624, SUCCESS, logIndex=749, commits[65797d0d-2d4a-456d-9b24-1d63a5102722:c750, aca3f3a4-0773-4ff1-9bb5-1a871868fd09:c748, abe1c95d-8ae2-42e9-9d83-236e3c187d51:c748]
2019-07-09 04:31:15,336 INFO  client.GrpcClientProtocolClient (GrpcClientProtocolClient.java:onNext(255)) - client-859D8C9D7B89->65797d0d-2d4a-456d-9b24-1d63a5102722: receive RaftClientReply:client-859D8C9D7B89->65797d0d-2d4a-456d-9b24-1d63a5102722@group-BA7C392EEBCA, cid=625, SUCCESS, logIndex=750, commits[65797d0d-2d4a-456d-9b24-1d63a5102722:c750, aca3f3a4-0773-4ff1-9bb5-1a871868fd09:c748, abe1c95d-8ae2-42e9-9d83-236e3c187d51:c748]
2019-07-09 04:31:15,362 INFO  client.GrpcClientProtocolClient (GrpcClientProtocolClient.java:onNext(255)) - client-859D8C9D7B89->65797d0d-2d4a-456d-9b24-1d63a5102722: receive RaftClientReply:client-859D8C9D7B89->65797d0d-2d4a-456d-9b24-1d63a5102722@group-BA7C392EEBCA, cid=626, SUCCESS, logIndex=753, commits[65797d0d-2d4a-456d-9b24-1d63a5102722:c754, aca3f3a4-0773-4ff1-9bb5-1a871868fd09:c751, abe1c95d-8ae2-42e9-9d83-236e3c187d51:c751]
2019-07-09 04:31:15,363 INFO  client.GrpcClientProtocolClient (GrpcClientProtocolClient.java:onNext(255)) - client-859D8C9D7B89->65797d0d-2d4a-456d-9b24-1d63a5102722: receive RaftClientReply:client-859D8C9D7B89->65797d0d-2d4a-456d-9b24-1d63a5102722@group-BA7C392EEBCA, cid=627, SUCCESS, logIndex=754, commits[65797d0d-2d4a-456d-9b24-1d63a5102722:c754, aca3f3a4-0773-4ff1-9bb5-1a871868fd09:c751, abe1c95d-8ae2-42e9-9d83-236e3c187d51:c751]
2019-07-09 04:31:15,375 INFO  client.GrpcClientProtocolClient (GrpcClientProtocolClient.java:onNext(255)) - client-859D8C9D7B89->65797d0d-2d4a-456d-9b24-1d63a5102722: receive RaftClientReply:client-859D8C9D7B89->65797d0d-2d4a-456d-9b24-1d63a5102722@group-BA7C392EEBCA, cid=628, SUCCESS, logIndex=0, commits[65797d0d-2d4a-456d-9b24-1d63a5102722:c755, aca3f3a4-0773-4ff1-9bb5-1a871868fd09:c754, abe1c95d-8ae2-42e9-9d83-236e3c187d51:c754]
2019-07-09 04:31:15,400 INFO  client.GrpcClientProtocolClient (GrpcClientProtocolClient.java:onNext(255)) - client-859D8C9D7B89->65797d0d-2d4a-456d-9b24-1d63a5102722: receive RaftClientReply:client-859D8C9D7B89->65797d0d-2d4a-456d-9b24-1d63a5102722@group-BA7C392EEBCA, cid=629, SUCCESS, logIndex=757, commits[65797d0d-2d4a-456d-9b24-1d63a5102722:c758, aca3f3a4-0773-4ff1-9bb5-1a871868fd09:c756, abe1c95d-8ae2-42e9-9d83-236e3c187d51:c756]
2019-07-09 04:31:15,401 INFO  client.GrpcClientProtocolClient (GrpcClientProtocolClient.java:onNext(255)) - client-859D8C9D7B89->65797d0d-2d4a-456d-9b24-1d63a5102722: receive RaftClientReply:client-859D8C9D7B89->65797d0d-2d4a-456d-9b24-1d63a5102722@group-BA7C392EEBCA, cid=630, SUCCESS, logIndex=758, commits[65797d0d-2d4a-456d-9b24-1d63a5102722:c760, aca3f3a4-0773-4ff1-9bb5-1a871868fd09:c756, abe1c95d-8ae2-42e9-9d83-236e3c187d51:c756]
2019-07-09 04:31:15,402 INFO  client.GrpcClientProtocolClient (GrpcClientProtocolClient.java:onNext(255)) - client-859D8C9D7B89->65797d0d-2d4a-456d-9b24-1d63a5102722: receive RaftClientReply:client-859D8C9D7B89->65797d0d-2d4a-456d-9b24-1d63a5102722@group-BA7C392EEBCA, cid=631, SUCCESS, logIndex=759, commits[65797d0d-2d4a-456d-9b24-1d63a5102722:c760, aca3f3a4-0773-4ff1-9bb5-1a871868fd09:c756, abe1c95d-8ae2-42e9-9d83-236e3c187d51:c756]
2019-07-09 04:31:15,402 INFO  client.GrpcClientProtocolClient (GrpcClientProtocolClient.java:onNext(255)) - client-859D8C9D7B89->65797d0d-2d4a-456d-9b24-1d63a5102722: receive RaftClientReply:client-859D8C9D7B89->65797d0d-2d4a-456d-9b24-1d63a5102722@group-BA7C392EEBCA, cid=632, SUCCESS, logIndex=760, commits[65797d0d-2d4a-456d-9b24-1d63a5102722:c760, aca3f3a4-0773-4ff1-9bb5-1a871868fd09:c756, abe1c95d-8ae2-42e9-9d83-236e3c187d51:c756]
2019-07-09 04:31:15,403 INFO  client.GrpcClientProtocolClient (GrpcClientProtocolClient.java:onNext(255)) - client-859D8C9D7B89->65797d0d-2d4a-456d-9b24-1d63a5102722: receive RaftClientReply:client-859D8C9D7B89->65797d0d-2d4a-456d-9b24-1d63a5102722@group-BA7C392EEBCA, cid=633, SUCCESS, logIndex=0, commits[65797d0d-2d4a-456d-9b24-1d63a5102722:c764, aca3f3a4-0773-4ff1-9bb5-1a871868fd09:c758, abe1c95d-8ae2-42e9-9d83-236e3c187d51:c760]
2019-07-09 04:31:15,427 INFO  client.GrpcClientProtocolClient (GrpcClientProtocolClient.java:onNext(255)) - client-859D8C9D7B89->65797d0d-2d4a-456d-9b24-1d63a5102722: receive RaftClientReply:client-859D8C9D7B89->65797d0d-2d4a-456d-9b24-1d63a5102722@group-BA7C392EEBCA, cid=634, SUCCESS, logIndex=765, commits[65797d0d-2d4a-456d-9b24-1d63a5102722:c765, aca3f3a4-0773-4ff1-9bb5-1a871868fd09:c764, abe1c95d-8ae2-42e9-9d83-236e3c187d51:c764]
2019-07-09 04:31:15,428 INFO  client.GrpcClientProtocolClient (GrpcClientProtocolClient.java:onNext(255)) - client-859D8C9D7B89->65797d0d-2d4a-456d-9b24-1d63a5102722: receive RaftClientReply:client-859D8C9D7B89->65797d0d-2d4a-456d-9b24-1d63a5102722@group-BA7C392EEBCA, cid=635, SUCCESS, logIndex=766, commits[65797d0d-2d4a-456d-9b24-1d63a5102722:c766, aca3f3a4-0773-4ff1-9bb5-1a871868fd09:c764, abe1c95d-8ae2-42e9-9d83-236e3c187d51:c764]
2019-07-09 04:31:15,456 INFO  client.GrpcClientProtocolClient (GrpcClientProtocolClient.java:onNext(255)) - client-859D8C9D7B89->65797d0d-2d4a-456d-9b24-1d63a5102722: receive RaftClientReply:client-859D8C9D7B89->65797d0d-2d4a-456d-9b24-1d63a5102722@group-BA7C392EEBCA, cid=636, SUCCESS, logIndex=769, commits[65797d0d-2d4a-456d-9b24-1d63a5102722:c770, aca3f3a4-0773-4ff1-9bb5-1a871868fd09:c766, abe1c95d-8ae2-42e9-9d83-236e3c187d51:c766]
2019-07-09 04:31:15,456 INFO  client.GrpcClientProtocolClient (GrpcClientProtocolClient.java:onNext(255)) - client-859D8C9D7B89->65797d0d-2d4a-456d-9b24-1d63a5102722: receive RaftClientReply:client-859D8C9D7B89->65797d0d-2d4a-456d-9b24-1d63a5102722@group-BA7C392EEBCA, cid=637, SUCCESS, logIndex=770, commits[65797d0d-2d4a-456d-9b24-1d63a5102722:c770, aca3f3a4-0773-4ff1-9bb5-1a871868fd09:c766, abe1c95d-8ae2-42e9-9d83-236e3c187d51:c766]
2019-07-09 04:31:15,465 INFO  client.GrpcClientProtocolClient (GrpcClientProtocolClient.java:onNext(255)) - client-859D8C9D7B89->65797d0d-2d4a-456d-9b24-1d63a5102722: receive RaftClientReply:client-859D8C9D7B89->65797d0d-2d4a-456d-9b24-1d63a5102722@group-BA7C392EEBCA, cid=638, SUCCESS, logIndex=0, commits[65797d0d-2d4a-456d-9b24-1d63a5102722:c771, aca3f3a4-0773-4ff1-9bb5-1a871868fd09:c770, abe1c95d-8ae2-42e9-9d83-236e3c187d51:c770]
2019-07-09 04:31:15,488 INFO  client.GrpcClientProtocolClient (GrpcClientProtocolClient.java:onNext(255)) - client-859D8C9D7B89->65797d0d-2d4a-456d-9b24-1d63a5102722: receive RaftClientReply:client-859D8C9D7B89->65797d0d-2d4a-456d-9b24-1d63a5102722@group-BA7C392EEBCA, cid=639, SUCCESS, logIndex=773, commits[65797d0d-2d4a-456d-9b24-1d63a5102722:c774, aca3f3a4-0773-4ff1-9bb5-1a871868fd09:c772, abe1c95d-8ae2-42e9-9d83-236e3c187d51:c772]
2019-07-09 04:31:15,488 INFO  client.GrpcClientProtocolClient (GrpcClientProtocolClient.java:onNext(255)) - client-859D8C9D7B89->65797d0d-2d4a-456d-9b24-1d63a5102722: receive RaftClientReply:client-859D8C9D7B89->65797d0d-2d4a-456d-9b24-1d63a5102722@group-BA7C392EEBCA, cid=640, SUCCESS, logIndex=774, commits[65797d0d-2d4a-456d-9b24-1d63a5102722:c776, aca3f3a4-0773-4ff1-9bb5-1a871868fd09:c772, abe1c95d-8ae2-42e9-9d83-236e3c187d51:c772]
2019-07-09 04:31:15,489 INFO  client.GrpcClientProtocolClient (GrpcClientProtocolClient.java:onNext(255)) - client-859D8C9D7B89->65797d0d-2d4a-456d-9b24-1d63a5102722: receive RaftClientReply:client-859D8C9D7B89->65797d0d-2d4a-456d-9b24-1d63a5102722@group-BA7C392EEBCA, cid=641, SUCCESS, logIndex=775, commits[65797d0d-2d4a-456d-9b24-1d63a5102722:c776, aca3f3a4-0773-4ff1-9bb5-1a871868fd09:c772, abe1c95d-8ae2-42e9-9d83-236e3c187d51:c772]
2019-07-09 04:31:15,489 INFO  client.GrpcClientProtocolClient (GrpcClientProtocolClient.java:onNext(255)) - client-859D8C9D7B89->65797d0d-2d4a-456d-9b24-1d63a5102722: receive RaftClientReply:client-859D8C9D7B89->65797d0d-2d4a-456d-9b24-1d63a5102722@group-BA7C392EEBCA, cid=642, SUCCESS, logIndex=776, commits[65797d0d-2d4a-456d-9b24-1d63a5102722:c776, aca3f3a4-0773-4ff1-9bb5-1a871868fd09:c772, abe1c95d-8ae2-42e9-9d83-236e3c187d51:c772]
2019-07-09 04:31:15,491 INFO  client.GrpcClientProtocolClient (GrpcClientProtocolClient.java:onNext(255)) - client-859D8C9D7B89->65797d0d-2d4a-456d-9b24-1d63a5102722: receive RaftClientReply:client-859D8C9D7B89->65797d0d-2d4a-456d-9b24-1d63a5102722@group-BA7C392EEBCA, cid=643, SUCCESS, logIndex=0, commits[65797d0d-2d4a-456d-9b24-1d63a5102722:c780, aca3f3a4-0773-4ff1-9bb5-1a871868fd09:c776, abe1c95d-8ae2-42e9-9d83-236e3c187d51:c774]
2019-07-09 04:31:15,511 INFO  client.GrpcClientProtocolClient (GrpcClientProtocolClient.java:onNext(255)) - client-859D8C9D7B89->65797d0d-2d4a-456d-9b24-1d63a5102722: receive RaftClientReply:client-859D8C9D7B89->65797d0d-2d4a-456d-9b24-1d63a5102722@group-BA7C392EEBCA, cid=644, SUCCESS, logIndex=781, commits[65797d0d-2d4a-456d-9b24-1d63a5102722:c782, aca3f3a4-0773-4ff1-9bb5-1a871868fd09:c780, abe1c95d-8ae2-42e9-9d83-236e3c187d51:c780]
2019-07-09 04:31:15,511 INFO  client.GrpcClientProtocolClient (GrpcClientProtocolClient.java:onNext(255)) - client-859D8C9D7B89->65797d0d-2d4a-456d-9b24-1d63a5102722: receive RaftClientReply:client-859D8C9D7B89->65797d0d-2d4a-456d-9b24-1d63a5102722@group-BA7C392EEBCA, cid=645, SUCCESS, logIndex=782, commits[65797d0d-2d4a-456d-9b24-1d63a5102722:c782, aca3f3a4-0773-4ff1-9bb5-1a871868fd09:c780, abe1c95d-8ae2-42e9-9d83-236e3c187d51:c780]
2019-07-09 04:31:15,525 INFO  client.GrpcClientProtocolClient (GrpcClientProtocolClient.java:onNext(255)) - client-859D8C9D7B89->65797d0d-2d4a-456d-9b24-1d63a5102722: receive RaftClientReply:client-859D8C9D7B89->65797d0d-2d4a-456d-9b24-1d63a5102722@group-BA7C392EEBCA, cid=646, SUCCESS, logIndex=785, commits[65797d0d-2d4a-456d-9b24-1d63a5102722:c786, aca3f3a4-0773-4ff1-9bb5-1a871868fd09:c784, abe1c95d-8ae2-42e9-9d83-236e3c187d51:c782]
2019-07-09 04:31:15,526 INFO  client.GrpcClientProtocolClient (GrpcClientProtocolClient.java:onNext(255)) - client-859D8C9D7B89->65797d0d-2d4a-456d-9b24-1d63a5102722: receive RaftClientReply:client-859D8C9D7B89->65797d0d-2d4a-456d-9b24-1d63a5102722@group-BA7C392EEBCA, cid=647, SUCCESS, logIndex=786, commits[65797d0d-2d4a-456d-9b24-1d63a5102722:c786, aca3f3a4-0773-4ff1-9bb5-1a871868fd09:c784, abe1c95d-8ae2-42e9-9d83-236e3c187d51:c782]
2019-07-09 04:31:15,528 INFO  client.GrpcClientProtocolClient (GrpcClientProtocolClient.java:onNext(255)) - client-859D8C9D7B89->65797d0d-2d4a-456d-9b24-1d63a5102722: receive RaftClientReply:client-859D8C9D7B89->65797d0d-2d4a-456d-9b24-1d63a5102722@group-BA7C392EEBCA, cid=648, SUCCESS, logIndex=0, commits[65797d0d-2d4a-456d-9b24-1d63a5102722:c788, aca3f3a4-0773-4ff1-9bb5-1a871868fd09:c786, abe1c95d-8ae2-42e9-9d83-236e3c187d51:c786]
2019-07-09 04:31:15,561 INFO  client.GrpcClientProtocolClient (GrpcClientProtocolClient.java:onNext(255)) - client-859D8C9D7B89->65797d0d-2d4a-456d-9b24-1d63a5102722: receive RaftClientReply:client-859D8C9D7B89->65797d0d-2d4a-456d-9b24-1d63a5102722@group-BA7C392EEBCA, cid=649, SUCCESS, logIndex=789, commits[65797d0d-2d4a-456d-9b24-1d63a5102722:c790, aca3f3a4-0773-4ff1-9bb5-1a871868fd09:c788, abe1c95d-8ae2-42e9-9d83-236e3c187d51:c786]
2019-07-09 04:31:15,562 INFO  client.GrpcClientProtocolClient (GrpcClientProtocolClient.java:onNext(255)) - client-859D8C9D7B89->65797d0d-2d4a-456d-9b24-1d63a5102722: receive RaftClientReply:client-859D8C9D7B89->65797d0d-2d4a-456d-9b24-1d63a5102722@group-BA7C392EEBCA, cid=650, SUCCESS, logIndex=790, commits[65797d0d-2d4a-456d-9b24-1d63a5102722:c790, aca3f3a4-0773-4ff1-9bb5-1a871868fd09:c788, abe1c95d-8ae2-42e9-9d83-236e3c187d51:c788]
2019-07-09 04:31:15,563 INFO  client.GrpcClientProtocolClient (GrpcClientProtocolClient.java:onNext(255)) - client-859D8C9D7B89->65797d0d-2d4a-456d-9b24-1d63a5102722: receive RaftClientReply:client-859D8C9D7B89->65797d0d-2d4a-456d-9b24-1d63a5102722@group-BA7C392EEBCA, cid=651, SUCCESS, logIndex=791, commits[65797d0d-2d4a-456d-9b24-1d63a5102722:c792, aca3f3a4-0773-4ff1-9bb5-1a871868fd09:c788, abe1c95d-8ae2-42e9-9d83-236e3c187d51:c788]
2019-07-09 04:31:15,563 INFO  client.GrpcClientProtocolClient (GrpcClientProtocolClient.java:onNext(255)) - client-859D8C9D7B89->65797d0d-2d4a-456d-9b24-1d63a5102722: receive RaftClientReply:client-859D8C9D7B89->65797d0d-2d4a-456d-9b24-1d63a5102722@group-BA7C392EEBCA, cid=652, SUCCESS, logIndex=792, commits[65797d0d-2d4a-456d-9b24-1d63a5102722:c792, aca3f3a4-0773-4ff1-9bb5-1a871868fd09:c788, abe1c95d-8ae2-42e9-9d83-236e3c187d51:c788]
2019-07-09 04:31:15,565 INFO  client.GrpcClientProtocolClient (GrpcClientProtocolClient.java:onNext(255)) - client-859D8C9D7B89->65797d0d-2d4a-456d-9b24-1d63a5102722: receive RaftClientReply:client-859D8C9D7B89->65797d0d-2d4a-456d-9b24-1d63a5102722@group-BA7C392EEBCA, cid=653, SUCCESS, logIndex=0, commits[65797d0d-2d4a-456d-9b24-1d63a5102722:c794, aca3f3a4-0773-4ff1-9bb5-1a871868fd09:c790, abe1c95d-8ae2-42e9-9d83-236e3c187d51:c790]
2019-07-09 04:31:15,589 INFO  client.GrpcClientProtocolClient (GrpcClientProtocolClient.java:onNext(255)) - client-859D8C9D7B89->65797d0d-2d4a-456d-9b24-1d63a5102722: receive RaftClientReply:client-859D8C9D7B89->65797d0d-2d4a-456d-9b24-1d63a5102722@group-BA7C392EEBCA, cid=654, SUCCESS, logIndex=797, commits[65797d0d-2d4a-456d-9b24-1d63a5102722:c798, aca3f3a4-0773-4ff1-9bb5-1a871868fd09:c796, abe1c95d-8ae2-42e9-9d83-236e3c187d51:c796]
2019-07-09 04:31:15,590 INFO  client.GrpcClientProtocolClient (GrpcClientProtocolClient.java:onNext(255)) - client-859D8C9D7B89->65797d0d-2d4a-456d-9b24-1d63a5102722: receive RaftClientReply:client-859D8C9D7B89->65797d0d-2d4a-456d-9b24-1d63a5102722@group-BA7C392EEBCA, cid=655, SUCCESS, logIndex=798, commits[65797d0d-2d4a-456d-9b24-1d63a5102722:c798, aca3f3a4-0773-4ff1-9bb5-1a871868fd09:c796, abe1c95d-8ae2-42e9-9d83-236e3c187d51:c796]
2019-07-09 04:31:15,615 INFO  client.GrpcClientProtocolClient (GrpcClientProtocolClient.java:onNext(255)) - client-859D8C9D7B89->65797d0d-2d4a-456d-9b24-1d63a5102722: receive RaftClientReply:client-859D8C9D7B89->65797d0d-2d4a-456d-9b24-1d63a5102722@group-BA7C392EEBCA, cid=656, SUCCESS, logIndex=801, commits[65797d0d-2d4a-456d-9b24-1d63a5102722:c802, aca3f3a4-0773-4ff1-9bb5-1a871868fd09:c798, abe1c95d-8ae2-42e9-9d83-236e3c187d51:c798]
2019-07-09 04:31:15,616 INFO  client.GrpcClientProtocolClient (GrpcClientProtocolClient.java:onNext(255)) - client-859D8C9D7B89->65797d0d-2d4a-456d-9b24-1d63a5102722: receive RaftClientReply:client-859D8C9D7B89->65797d0d-2d4a-456d-9b24-1d63a5102722@group-BA7C392EEBCA, cid=657, SUCCESS, logIndex=802, commits[65797d0d-2d4a-456d-9b24-1d63a5102722:c802, aca3f3a4-0773-4ff1-9bb5-1a871868fd09:c798, abe1c95d-8ae2-42e9-9d83-236e3c187d51:c798]
2019-07-09 04:31:15,629 INFO  client.GrpcClientProtocolClient (GrpcClientProtocolClient.java:onNext(255)) - client-859D8C9D7B89->65797d0d-2d4a-456d-9b24-1d63a5102722: receive RaftClientReply:client-859D8C9D7B89->65797d0d-2d4a-456d-9b24-1d63a5102722@group-BA7C392EEBCA, cid=658, SUCCESS, logIndex=0, commits[65797d0d-2d4a-456d-9b24-1d63a5102722:c804, aca3f3a4-0773-4ff1-9bb5-1a871868fd09:c802, abe1c95d-8ae2-42e9-9d83-236e3c187d51:c802]
2019-07-09 04:31:15,653 INFO  client.GrpcClientProtocolClient (GrpcClientProtocolClient.java:onNext(255)) - client-859D8C9D7B89->65797d0d-2d4a-456d-9b24-1d63a5102722: receive RaftClientReply:client-859D8C9D7B89->65797d0d-2d4a-456d-9b24-1d63a5102722@group-BA7C392EEBCA, cid=659, SUCCESS, logIndex=805, commits[65797d0d-2d4a-456d-9b24-1d63a5102722:c806, aca3f3a4-0773-4ff1-9bb5-1a871868fd09:c804, abe1c95d-8ae2-42e9-9d83-236e3c187d51:c804]
2019-07-09 04:31:15,654 INFO  client.GrpcClientProtocolClient (GrpcClientProtocolClient.java:onNext(255)) - client-859D8C9D7B89->65797d0d-2d4a-456d-9b24-1d63a5102722: receive RaftClientReply:client-859D8C9D7B89->65797d0d-2d4a-456d-9b24-1d63a5102722@group-BA7C392EEBCA, cid=660, SUCCESS, logIndex=806, commits[65797d0d-2d4a-456d-9b24-1d63a5102722:c808, aca3f3a4-0773-4ff1-9bb5-1a871868fd09:c804, abe1c95d-8ae2-42e9-9d83-236e3c187d51:c804]
2019-07-09 04:31:15,654 INFO  client.GrpcClientProtocolClient (GrpcClientProtocolClient.java:onNext(255)) - client-859D8C9D7B89->65797d0d-2d4a-456d-9b24-1d63a5102722: receive RaftClientReply:client-859D8C9D7B89->65797d0d-2d4a-456d-9b24-1d63a5102722@group-BA7C392EEBCA, cid=661, SUCCESS, logIndex=807, commits[65797d0d-2d4a-456d-9b24-1d63a5102722:c808, aca3f3a4-0773-4ff1-9bb5-1a871868fd09:c804, abe1c95d-8ae2-42e9-9d83-236e3c187d51:c804]
2019-07-09 04:31:15,654 INFO  client.GrpcClientProtocolClient (GrpcClientProtocolClient.java:onNext(255)) - client-859D8C9D7B89->65797d0d-2d4a-456d-9b24-1d63a5102722: receive RaftClientReply:client-859D8C9D7B89->65797d0d-2d4a-456d-9b24-1d63a5102722@group-BA7C392EEBCA, cid=662, SUCCESS, logIndex=808, commits[65797d0d-2d4a-456d-9b24-1d63a5102722:c808, aca3f3a4-0773-4ff1-9bb5-1a871868fd09:c804, abe1c95d-8ae2-42e9-9d83-236e3c187d51:c804]
2019-07-09 04:31:15,656 INFO  client.GrpcClientProtocolClient (GrpcClientProtocolClient.java:onNext(255)) - client-859D8C9D7B89->65797d0d-2d4a-456d-9b24-1d63a5102722: receive RaftClientReply:client-859D8C9D7B89->65797d0d-2d4a-456d-9b24-1d63a5102722@group-BA7C392EEBCA, cid=663, SUCCESS, logIndex=0, commits[65797d0d-2d4a-456d-9b24-1d63a5102722:c812, aca3f3a4-0773-4ff1-9bb5-1a871868fd09:c808, abe1c95d-8ae2-42e9-9d83-236e3c187d51:c806]
2019-07-09 04:31:15,678 INFO  client.GrpcClientProtocolClient (GrpcClientProtocolClient.java:onNext(255)) - client-859D8C9D7B89->65797d0d-2d4a-456d-9b24-1d63a5102722: receive RaftClientReply:client-859D8C9D7B89->65797d0d-2d4a-456d-9b24-1d63a5102722@group-BA7C392EEBCA, cid=664, SUCCESS, logIndex=813, commits[65797d0d-2d4a-456d-9b24-1d63a5102722:c814, aca3f3a4-0773-4ff1-9bb5-1a871868fd09:c812, abe1c95d-8ae2-42e9-9d83-236e3c187d51:c812]
2019-07-09 04:31:15,679 INFO  client.GrpcClientProtocolClient (GrpcClientProtocolClient.java:onNext(255)) - client-859D8C9D7B89->65797d0d-2d4a-456d-9b24-1d63a5102722: receive RaftClientReply:client-859D8C9D7B89->65797d0d-2d4a-456d-9b24-1d63a5102722@group-BA7C392EEBCA, cid=665, SUCCESS, logIndex=814, commits[65797d0d-2d4a-456d-9b24-1d63a5102722:c814, aca3f3a4-0773-4ff1-9bb5-1a871868fd09:c812, abe1c95d-8ae2-42e9-9d83-236e3c187d51:c812]
 0.00% |█                                                                                                    |  0/1 Time: 0:00:012019-07-09 04:31:15,704 INFO  client.GrpcClientProtocolClient (GrpcClientProtocolClient.java:onNext(255)) - client-859D8C9D7B89->65797d0d-2d4a-456d-9b24-1d63a5102722: receive RaftClientReply:client-859D8C9D7B89->65797d0d-2d4a-456d-9b24-1d63a5102722@group-BA7C392EEBCA, cid=666, SUCCESS, logIndex=817, commits[65797d0d-2d4a-456d-9b24-1d63a5102722:c818, aca3f3a4-0773-4ff1-9bb5-1a871868fd09:c814, abe1c95d-8ae2-42e9-9d83-236e3c187d51:c814]
2019-07-09 04:31:15,704 INFO  client.GrpcClientProtocolClient (GrpcClientProtocolClient.java:onNext(255)) - client-859D8C9D7B89->65797d0d-2d4a-456d-9b24-1d63a5102722: receive RaftClientReply:client-859D8C9D7B89->65797d0d-2d4a-456d-9b24-1d63a5102722@group-BA7C392EEBCA, cid=667, SUCCESS, logIndex=818, commits[65797d0d-2d4a-456d-9b24-1d63a5102722:c818, aca3f3a4-0773-4ff1-9bb5-1a871868fd09:c814, abe1c95d-8ae2-42e9-9d83-236e3c187d51:c814]
2019-07-09 04:31:15,715 INFO  client.GrpcClientProtocolClient (GrpcClientProtocolClient.java:onNext(255)) - client-859D8C9D7B89->65797d0d-2d4a-456d-9b24-1d63a5102722: receive RaftClientReply:client-859D8C9D7B89->65797d0d-2d4a-456d-9b24-1d63a5102722@group-BA7C392EEBCA, cid=668, SUCCESS, logIndex=0, commits[65797d0d-2d4a-456d-9b24-1d63a5102722:c819, aca3f3a4-0773-4ff1-9bb5-1a871868fd09:c818, abe1c95d-8ae2-42e9-9d83-236e3c187d51:c818]
2019-07-09 04:31:15,742 INFO  client.GrpcClientProtocolClient (GrpcClientProtocolClient.java:onNext(255)) - client-859D8C9D7B89->65797d0d-2d4a-456d-9b24-1d63a5102722: receive RaftClientReply:client-859D8C9D7B89->65797d0d-2d4a-456d-9b24-1d63a5102722@group-BA7C392EEBCA, cid=669, SUCCESS, logIndex=820, commits[65797d0d-2d4a-456d-9b24-1d63a5102722:c821, aca3f3a4-0773-4ff1-9bb5-1a871868fd09:c819, abe1c95d-8ae2-42e9-9d83-236e3c187d51:c819]
2019-07-09 04:31:15,743 INFO  client.GrpcClientProtocolClient (GrpcClientProtocolClient.java:onNext(255)) - client-859D8C9D7B89->65797d0d-2d4a-456d-9b24-1d63a5102722: receive RaftClientReply:client-859D8C9D7B89->65797d0d-2d4a-456d-9b24-1d63a5102722@group-BA7C392EEBCA, cid=670, SUCCESS, logIndex=821, commits[65797d0d-2d4a-456d-9b24-1d63a5102722:c823, aca3f3a4-0773-4ff1-9bb5-1a871868fd09:c819, abe1c95d-8ae2-42e9-9d83-236e3c187d51:c819]
2019-07-09 04:31:15,743 INFO  client.GrpcClientProtocolClient (GrpcClientProtocolClient.java:onNext(255)) - client-859D8C9D7B89->65797d0d-2d4a-456d-9b24-1d63a5102722: receive RaftClientReply:client-859D8C9D7B89->65797d0d-2d4a-456d-9b24-1d63a5102722@group-BA7C392EEBCA, cid=671, SUCCESS, logIndex=822, commits[65797d0d-2d4a-456d-9b24-1d63a5102722:c823, aca3f3a4-0773-4ff1-9bb5-1a871868fd09:c819, abe1c95d-8ae2-42e9-9d83-236e3c187d51:c819]
2019-07-09 04:31:15,743 INFO  client.GrpcClientProtocolClient (GrpcClientProtocolClient.java:onNext(255)) - client-859D8C9D7B89->65797d0d-2d4a-456d-9b24-1d63a5102722: receive RaftClientReply:client-859D8C9D7B89->65797d0d-2d4a-456d-9b24-1d63a5102722@group-BA7C392EEBCA, cid=672, SUCCESS, logIndex=823, commits[65797d0d-2d4a-456d-9b24-1d63a5102722:c823, aca3f3a4-0773-4ff1-9bb5-1a871868fd09:c819, abe1c95d-8ae2-42e9-9d83-236e3c187d51:c819]
2019-07-09 04:31:15,755 INFO  client.GrpcClientProtocolClient (GrpcClientProtocolClient.java:onNext(255)) - client-859D8C9D7B89->65797d0d-2d4a-456d-9b24-1d63a5102722: receive RaftClientReply:client-859D8C9D7B89->65797d0d-2d4a-456d-9b24-1d63a5102722@group-BA7C392EEBCA, cid=673, SUCCESS, logIndex=0, commits[65797d0d-2d4a-456d-9b24-1d63a5102722:c824, aca3f3a4-0773-4ff1-9bb5-1a871868fd09:c821, abe1c95d-8ae2-42e9-9d83-236e3c187d51:c821]
2019-07-09 04:31:15,770 INFO  client.GrpcClientProtocolClient (GrpcClientProtocolClient.java:onNext(255)) - client-859D8C9D7B89->65797d0d-2d4a-456d-9b24-1d63a5102722: receive RaftClientReply:client-859D8C9D7B89->65797d0d-2d4a-456d-9b24-1d63a5102722@group-BA7C392EEBCA, cid=674, SUCCESS, logIndex=828, commits[65797d0d-2d4a-456d-9b24-1d63a5102722:c829, aca3f3a4-0773-4ff1-9bb5-1a871868fd09:c827, abe1c95d-8ae2-42e9-9d83-236e3c187d51:c823]
2019-07-09 04:31:15,770 INFO  client.GrpcClientProtocolClient (GrpcClientProtocolClient.java:onNext(255)) - client-859D8C9D7B89->65797d0d-2d4a-456d-9b24-1d63a5102722: receive RaftClientReply:client-859D8C9D7B89->65797d0d-2d4a-456d-9b24-1d63a5102722@group-BA7C392EEBCA, cid=675, SUCCESS, logIndex=829, commits[65797d0d-2d4a-456d-9b24-1d63a5102722:c829, aca3f3a4-0773-4ff1-9bb5-1a871868fd09:c827, abe1c95d-8ae2-42e9-9d83-236e3c187d51:c827]
2019-07-09 04:31:15,787 INFO  client.GrpcClientProtocolClient (GrpcClientProtocolClient.java:onNext(255)) - client-859D8C9D7B89->65797d0d-2d4a-456d-9b24-1d63a5102722: receive RaftClientReply:client-859D8C9D7B89->65797d0d-2d4a-456d-9b24-1d63a5102722@group-BA7C392EEBCA, cid=676, SUCCESS, logIndex=831, commits[65797d0d-2d4a-456d-9b24-1d63a5102722:c832, aca3f3a4-0773-4ff1-9bb5-1a871868fd09:c830, abe1c95d-8ae2-42e9-9d83-236e3c187d51:c830]
2019-07-09 04:31:15,788 INFO  client.GrpcClientProtocolClient (GrpcClientProtocolClient.java:onNext(255)) - client-859D8C9D7B89->65797d0d-2d4a-456d-9b24-1d63a5102722: receive RaftClientReply:client-859D8C9D7B89->65797d0d-2d4a-456d-9b24-1d63a5102722@group-BA7C392EEBCA, cid=677, SUCCESS, logIndex=832, commits[65797d0d-2d4a-456d-9b24-1d63a5102722:c832, aca3f3a4-0773-4ff1-9bb5-1a871868fd09:c830, abe1c95d-8ae2-42e9-9d83-236e3c187d51:c830]
2019-07-09 04:31:15,791 INFO  client.GrpcClientProtocolClient (GrpcClientProtocolClient.java:onNext(255)) - client-859D8C9D7B89->65797d0d-2d4a-456d-9b24-1d63a5102722: receive RaftClientReply:client-859D8C9D7B89->65797d0d-2d4a-456d-9b24-1d63a5102722@group-BA7C392EEBCA, cid=678, SUCCESS, logIndex=0, commits[65797d0d-2d4a-456d-9b24-1d63a5102722:c833, aca3f3a4-0773-4ff1-9bb5-1a871868fd09:c832, abe1c95d-8ae2-42e9-9d83-236e3c187d51:c832]
2019-07-09 04:31:15,817 INFO  client.GrpcClientProtocolClient (GrpcClientProtocolClient.java:onNext(255)) - client-859D8C9D7B89->65797d0d-2d4a-456d-9b24-1d63a5102722: receive RaftClientReply:client-859D8C9D7B89->65797d0d-2d4a-456d-9b24-1d63a5102722@group-BA7C392EEBCA, cid=679, SUCCESS, logIndex=835, commits[65797d0d-2d4a-456d-9b24-1d63a5102722:c837, aca3f3a4-0773-4ff1-9bb5-1a871868fd09:c832, abe1c95d-8ae2-42e9-9d83-236e3c187d51:c834]
2019-07-09 04:31:15,817 INFO  client.GrpcClientProtocolClient (GrpcClientProtocolClient.java:onNext(255)) - client-859D8C9D7B89->65797d0d-2d4a-456d-9b24-1d63a5102722: receive RaftClientReply:client-859D8C9D7B89->65797d0d-2d4a-456d-9b24-1d63a5102722@group-BA7C392EEBCA, cid=680, SUCCESS, logIndex=836, commits[65797d0d-2d4a-456d-9b24-1d63a5102722:c838, aca3f3a4-0773-4ff1-9bb5-1a871868fd09:c832, abe1c95d-8ae2-42e9-9d83-236e3c187d51:c834]
2019-07-09 04:31:15,818 INFO  client.GrpcClientProtocolClient (GrpcClientProtocolClient.java:onNext(255)) - client-859D8C9D7B89->65797d0d-2d4a-456d-9b24-1d63a5102722: receive RaftClientReply:client-859D8C9D7B89->65797d0d-2d4a-456d-9b24-1d63a5102722@group-BA7C392EEBCA, cid=681, SUCCESS, logIndex=837, commits[65797d0d-2d4a-456d-9b24-1d63a5102722:c838, aca3f3a4-0773-4ff1-9bb5-1a871868fd09:c834, abe1c95d-8ae2-42e9-9d83-236e3c187d51:c834]
2019-07-09 04:31:15,818 INFO  client.GrpcClientProtocolClient (GrpcClientProtocolClient.java:onNext(255)) - client-859D8C9D7B89->65797d0d-2d4a-456d-9b24-1d63a5102722: receive RaftClientReply:client-859D8C9D7B89->65797d0d-2d4a-456d-9b24-1d63a5102722@group-BA7C392EEBCA, cid=682, SUCCESS, logIndex=838, commits[65797d0d-2d4a-456d-9b24-1d63a5102722:c838, aca3f3a4-0773-4ff1-9bb5-1a871868fd09:c834, abe1c95d-8ae2-42e9-9d83-236e3c187d51:c834]
2019-07-09 04:31:15,819 INFO  client.GrpcClientProtocolClient (GrpcClientProtocolClient.java:onNext(255)) - client-859D8C9D7B89->65797d0d-2d4a-456d-9b24-1d63a5102722: receive RaftClientReply:client-859D8C9D7B89->65797d0d-2d4a-456d-9b24-1d63a5102722@group-BA7C392EEBCA, cid=683, SUCCESS, logIndex=0, commits[65797d0d-2d4a-456d-9b24-1d63a5102722:c839, aca3f3a4-0773-4ff1-9bb5-1a871868fd09:c836, abe1c95d-8ae2-42e9-9d83-236e3c187d51:c836]
2019-07-09 04:31:15,840 INFO  client.GrpcClientProtocolClient (GrpcClientProtocolClient.java:onNext(255)) - client-859D8C9D7B89->65797d0d-2d4a-456d-9b24-1d63a5102722: receive RaftClientReply:client-859D8C9D7B89->65797d0d-2d4a-456d-9b24-1d63a5102722@group-BA7C392EEBCA, cid=684, SUCCESS, logIndex=842, commits[65797d0d-2d4a-456d-9b24-1d63a5102722:c843, aca3f3a4-0773-4ff1-9bb5-1a871868fd09:c841, abe1c95d-8ae2-42e9-9d83-236e3c187d51:c841]
2019-07-09 04:31:15,841 INFO  client.GrpcClientProtocolClient (GrpcClientProtocolClient.java:onNext(255)) - client-859D8C9D7B89->65797d0d-2d4a-456d-9b24-1d63a5102722: receive RaftClientReply:client-859D8C9D7B89->65797d0d-2d4a-456d-9b24-1d63a5102722@group-BA7C392EEBCA, cid=685, SUCCESS, logIndex=843, commits[65797d0d-2d4a-456d-9b24-1d63a5102722:c843, aca3f3a4-0773-4ff1-9bb5-1a871868fd09:c841, abe1c95d-8ae2-42e9-9d83-236e3c187d51:c841]
2019-07-09 04:31:15,854 INFO  client.GrpcClientProtocolClient (GrpcClientProtocolClient.java:onNext(255)) - client-859D8C9D7B89->65797d0d-2d4a-456d-9b24-1d63a5102722: receive RaftClientReply:client-859D8C9D7B89->65797d0d-2d4a-456d-9b24-1d63a5102722@group-BA7C392EEBCA, cid=686, SUCCESS, logIndex=846, commits[65797d0d-2d4a-456d-9b24-1d63a5102722:c847, aca3f3a4-0773-4ff1-9bb5-1a871868fd09:c842, abe1c95d-8ae2-42e9-9d83-236e3c187d51:c843]
2019-07-09 04:31:15,855 INFO  client.GrpcClientProtocolClient (GrpcClientProtocolClient.java:onNext(255)) - client-859D8C9D7B89->65797d0d-2d4a-456d-9b24-1d63a5102722: receive RaftClientReply:client-859D8C9D7B89->65797d0d-2d4a-456d-9b24-1d63a5102722@group-BA7C392EEBCA, cid=687, SUCCESS, logIndex=847, commits[65797d0d-2d4a-456d-9b24-1d63a5102722:c847, aca3f3a4-0773-4ff1-9bb5-1a871868fd09:c843, abe1c95d-8ae2-42e9-9d83-236e3c187d51:c843]
2019-07-09 04:31:15,856 INFO  client.GrpcClientProtocolClient (GrpcClientProtocolClient.java:onNext(255)) - client-859D8C9D7B89->65797d0d-2d4a-456d-9b24-1d63a5102722: receive RaftClientReply:client-859D8C9D7B89->65797d0d-2d4a-456d-9b24-1d63a5102722@group-BA7C392EEBCA, cid=688, SUCCESS, logIndex=0, commits[65797d0d-2d4a-456d-9b24-1d63a5102722:c849, aca3f3a4-0773-4ff1-9bb5-1a871868fd09:c847, abe1c95d-8ae2-42e9-9d83-236e3c187d51:c847]
2019-07-09 04:31:15,960 INFO  client.GrpcClientProtocolClient (GrpcClientProtocolClient.java:onNext(255)) - client-859D8C9D7B89->65797d0d-2d4a-456d-9b24-1d63a5102722: receive RaftClientReply:client-859D8C9D7B89->65797d0d-2d4a-456d-9b24-1d63a5102722@group-BA7C392EEBCA, cid=689, SUCCESS, logIndex=850, commits[65797d0d-2d4a-456d-9b24-1d63a5102722:c851, aca3f3a4-0773-4ff1-9bb5-1a871868fd09:c849, abe1c95d-8ae2-42e9-9d83-236e3c187d51:c847]
2019-07-09 04:31:15,961 INFO  client.GrpcClientProtocolClient (GrpcClientProtocolClient.java:onNext(255)) - client-859D8C9D7B89->65797d0d-2d4a-456d-9b24-1d63a5102722: receive RaftClientReply:client-859D8C9D7B89->65797d0d-2d4a-456d-9b24-1d63a5102722@group-BA7C392EEBCA, cid=690, SUCCESS, logIndex=851, commits[65797d0d-2d4a-456d-9b24-1d63a5102722:c851, aca3f3a4-0773-4ff1-9bb5-1a871868fd09:c849, abe1c95d-8ae2-42e9-9d83-236e3c187d51:c847]
2019-07-09 04:31:15,972 INFO  client.GrpcClientProtocolClient (GrpcClientProtocolClient.java:onNext(255)) - client-859D8C9D7B89->65797d0d-2d4a-456d-9b24-1d63a5102722: receive RaftClientReply:client-859D8C9D7B89->65797d0d-2d4a-456d-9b24-1d63a5102722@group-BA7C392EEBCA, cid=691, SUCCESS, logIndex=852, commits[65797d0d-2d4a-456d-9b24-1d63a5102722:c853, aca3f3a4-0773-4ff1-9bb5-1a871868fd09:c849, abe1c95d-8ae2-42e9-9d83-236e3c187d51:c849]
2019-07-09 04:31:15,972 INFO  client.GrpcClientProtocolClient (GrpcClientProtocolClient.java:onNext(255)) - client-859D8C9D7B89->65797d0d-2d4a-456d-9b24-1d63a5102722: receive RaftClientReply:client-859D8C9D7B89->65797d0d-2d4a-456d-9b24-1d63a5102722@group-BA7C392EEBCA, cid=692, SUCCESS, logIndex=853, commits[65797d0d-2d4a-456d-9b24-1d63a5102722:c855, aca3f3a4-0773-4ff1-9bb5-1a871868fd09:c851, abe1c95d-8ae2-42e9-9d83-236e3c187d51:c849]
2019-07-09 04:31:15,974 INFO  client.GrpcClientProtocolClient (GrpcClientProtocolClient.java:onNext(255)) - client-859D8C9D7B89->65797d0d-2d4a-456d-9b24-1d63a5102722: receive RaftClientReply:client-859D8C9D7B89->65797d0d-2d4a-456d-9b24-1d63a5102722@group-BA7C392EEBCA, cid=693, SUCCESS, logIndex=0, commits[65797d0d-2d4a-456d-9b24-1d63a5102722:c856, aca3f3a4-0773-4ff1-9bb5-1a871868fd09:c852, abe1c95d-8ae2-42e9-9d83-236e3c187d51:c852]
2019-07-09 04:31:15,998 INFO  client.GrpcClientProtocolClient (GrpcClientProtocolClient.java:onNext(255)) - client-859D8C9D7B89->65797d0d-2d4a-456d-9b24-1d63a5102722: receive RaftClientReply:client-859D8C9D7B89->65797d0d-2d4a-456d-9b24-1d63a5102722@group-BA7C392EEBCA, cid=694, SUCCESS, logIndex=858, commits[65797d0d-2d4a-456d-9b24-1d63a5102722:c858, aca3f3a4-0773-4ff1-9bb5-1a871868fd09:c857, abe1c95d-8ae2-42e9-9d83-236e3c187d51:c857]
2019-07-09 04:31:15,998 INFO  client.GrpcClientProtocolClient (GrpcClientProtocolClient.java:onNext(255)) - client-859D8C9D7B89->65797d0d-2d4a-456d-9b24-1d63a5102722: receive RaftClientReply:client-859D8C9D7B89->65797d0d-2d4a-456d-9b24-1d63a5102722@group-BA7C392EEBCA, cid=695, SUCCESS, logIndex=859, commits[65797d0d-2d4a-456d-9b24-1d63a5102722:c859, aca3f3a4-0773-4ff1-9bb5-1a871868fd09:c857, abe1c95d-8ae2-42e9-9d83-236e3c187d51:c857]
2019-07-09 04:31:16,025 INFO  client.GrpcClientProtocolClient (GrpcClientProtocolClient.java:onNext(255)) - client-859D8C9D7B89->65797d0d-2d4a-456d-9b24-1d63a5102722: receive RaftClientReply:client-859D8C9D7B89->65797d0d-2d4a-456d-9b24-1d63a5102722@group-BA7C392EEBCA, cid=696, SUCCESS, logIndex=862, commits[65797d0d-2d4a-456d-9b24-1d63a5102722:c863, aca3f3a4-0773-4ff1-9bb5-1a871868fd09:c859, abe1c95d-8ae2-42e9-9d83-236e3c187d51:c859]
2019-07-09 04:31:16,025 INFO  client.GrpcClientProtocolClient (GrpcClientProtocolClient.java:onNext(255)) - client-859D8C9D7B89->65797d0d-2d4a-456d-9b24-1d63a5102722: receive RaftClientReply:client-859D8C9D7B89->65797d0d-2d4a-456d-9b24-1d63a5102722@group-BA7C392EEBCA, cid=697, SUCCESS, logIndex=863, commits[65797d0d-2d4a-456d-9b24-1d63a5102722:c863, aca3f3a4-0773-4ff1-9bb5-1a871868fd09:c859, abe1c95d-8ae2-42e9-9d83-236e3c187d51:c859]
2019-07-09 04:31:16,037 INFO  client.GrpcClientProtocolClient (GrpcClientProtocolClient.java:onNext(255)) - client-859D8C9D7B89->65797d0d-2d4a-456d-9b24-1d63a5102722: receive RaftClientReply:client-859D8C9D7B89->65797d0d-2d4a-456d-9b24-1d63a5102722@group-BA7C392EEBCA, cid=698, SUCCESS, logIndex=0, commits[65797d0d-2d4a-456d-9b24-1d63a5102722:c865, aca3f3a4-0773-4ff1-9bb5-1a871868fd09:c863, abe1c95d-8ae2-42e9-9d83-236e3c187d51:c863]
2019-07-09 04:31:16,060 INFO  client.GrpcClientProtocolClient (GrpcClientProtocolClient.java:onNext(255)) - client-859D8C9D7B89->65797d0d-2d4a-456d-9b24-1d63a5102722: receive RaftClientReply:client-859D8C9D7B89->65797d0d-2d4a-456d-9b24-1d63a5102722@group-BA7C392EEBCA, cid=699, SUCCESS, logIndex=866, commits[65797d0d-2d4a-456d-9b24-1d63a5102722:c867, aca3f3a4-0773-4ff1-9bb5-1a871868fd09:c865, abe1c95d-8ae2-42e9-9d83-236e3c187d51:c865]
2019-07-09 04:31:16,061 INFO  client.GrpcClientProtocolClient (GrpcClientProtocolClient.java:onNext(255)) - client-859D8C9D7B89->65797d0d-2d4a-456d-9b24-1d63a5102722: receive RaftClientReply:client-859D8C9D7B89->65797d0d-2d4a-456d-9b24-1d63a5102722@group-BA7C392EEBCA, cid=700, SUCCESS, logIndex=867, commits[65797d0d-2d4a-456d-9b24-1d63a5102722:c869, aca3f3a4-0773-4ff1-9bb5-1a871868fd09:c865, abe1c95d-8ae2-42e9-9d83-236e3c187d51:c865]
2019-07-09 04:31:16,061 INFO  client.GrpcClientProtocolClient (GrpcClientProtocolClient.java:onNext(255)) - client-859D8C9D7B89->65797d0d-2d4a-456d-9b24-1d63a5102722: receive RaftClientReply:client-859D8C9D7B89->65797d0d-2d4a-456d-9b24-1d63a5102722@group-BA7C392EEBCA, cid=701, SUCCESS, logIndex=868, commits[65797d0d-2d4a-456d-9b24-1d63a5102722:c869, aca3f3a4-0773-4ff1-9bb5-1a871868fd09:c865, abe1c95d-8ae2-42e9-9d83-236e3c187d51:c865]
2019-07-09 04:31:16,061 INFO  client.GrpcClientProtocolClient (GrpcClientProtocolClient.java:onNext(255)) - client-859D8C9D7B89->65797d0d-2d4a-456d-9b24-1d63a5102722: receive RaftClientReply:client-859D8C9D7B89->65797d0d-2d4a-456d-9b24-1d63a5102722@group-BA7C392EEBCA, cid=702, SUCCESS, logIndex=869, commits[65797d0d-2d4a-456d-9b24-1d63a5102722:c869, aca3f3a4-0773-4ff1-9bb5-1a871868fd09:c865, abe1c95d-8ae2-42e9-9d83-236e3c187d51:c865]
2019-07-09 04:31:16,063 INFO  client.GrpcClientProtocolClient (GrpcClientProtocolClient.java:onNext(255)) - client-859D8C9D7B89->65797d0d-2d4a-456d-9b24-1d63a5102722: receive RaftClientReply:client-859D8C9D7B89->65797d0d-2d4a-456d-9b24-1d63a5102722@group-BA7C392EEBCA, cid=703, SUCCESS, logIndex=0, commits[65797d0d-2d4a-456d-9b24-1d63a5102722:c873, aca3f3a4-0773-4ff1-9bb5-1a871868fd09:c867, abe1c95d-8ae2-42e9-9d83-236e3c187d51:c869]
2019-07-09 04:31:16,089 INFO  client.GrpcClientProtocolClient (GrpcClientProtocolClient.java:onNext(255)) - client-859D8C9D7B89->65797d0d-2d4a-456d-9b24-1d63a5102722: receive RaftClientReply:client-859D8C9D7B89->65797d0d-2d4a-456d-9b24-1d63a5102722@group-BA7C392EEBCA, cid=704, SUCCESS, logIndex=874, commits[65797d0d-2d4a-456d-9b24-1d63a5102722:c875, aca3f3a4-0773-4ff1-9bb5-1a871868fd09:c869, abe1c95d-8ae2-42e9-9d83-236e3c187d51:c873]
2019-07-09 04:31:16,090 INFO  client.GrpcClientProtocolClient (GrpcClientProtocolClient.java:onNext(255)) - client-859D8C9D7B89->65797d0d-2d4a-456d-9b24-1d63a5102722: receive RaftClientReply:client-859D8C9D7B89->65797d0d-2d4a-456d-9b24-1d63a5102722@group-BA7C392EEBCA, cid=705, SUCCESS, logIndex=875, commits[65797d0d-2d4a-456d-9b24-1d63a5102722:c875, aca3f3a4-0773-4ff1-9bb5-1a871868fd09:c873, abe1c95d-8ae2-42e9-9d83-236e3c187d51:c873]
2019-07-09 04:31:16,117 INFO  client.GrpcClientProtocolClient (GrpcClientProtocolClient.java:onNext(255)) - client-859D8C9D7B89->65797d0d-2d4a-456d-9b24-1d63a5102722: receive RaftClientReply:client-859D8C9D7B89->65797d0d-2d4a-456d-9b24-1d63a5102722@group-BA7C392EEBCA, cid=706, SUCCESS, logIndex=877, commits[65797d0d-2d4a-456d-9b24-1d63a5102722:c878, aca3f3a4-0773-4ff1-9bb5-1a871868fd09:c875, abe1c95d-8ae2-42e9-9d83-236e3c187d51:c875]
2019-07-09 04:31:16,117 INFO  client.GrpcClientProtocolClient (GrpcClientProtocolClient.java:onNext(255)) - client-859D8C9D7B89->65797d0d-2d4a-456d-9b24-1d63a5102722: receive RaftClientReply:client-859D8C9D7B89->65797d0d-2d4a-456d-9b24-1d63a5102722@group-BA7C392EEBCA, cid=707, SUCCESS, logIndex=878, commits[65797d0d-2d4a-456d-9b24-1d63a5102722:c878, aca3f3a4-0773-4ff1-9bb5-1a871868fd09:c875, abe1c95d-8ae2-42e9-9d83-236e3c187d51:c875]
2019-07-09 04:31:16,129 INFO  client.GrpcClientProtocolClient (GrpcClientProtocolClient.java:onNext(255)) - client-859D8C9D7B89->65797d0d-2d4a-456d-9b24-1d63a5102722: receive RaftClientReply:client-859D8C9D7B89->65797d0d-2d4a-456d-9b24-1d63a5102722@group-BA7C392EEBCA, cid=708, SUCCESS, logIndex=0, commits[65797d0d-2d4a-456d-9b24-1d63a5102722:c879, aca3f3a4-0773-4ff1-9bb5-1a871868fd09:c878, abe1c95d-8ae2-42e9-9d83-236e3c187d51:c878]
2019-07-09 04:31:16,151 INFO  client.GrpcClientProtocolClient (GrpcClientProtocolClient.java:onNext(255)) - client-859D8C9D7B89->65797d0d-2d4a-456d-9b24-1d63a5102722: receive RaftClientReply:client-859D8C9D7B89->65797d0d-2d4a-456d-9b24-1d63a5102722@group-BA7C392EEBCA, cid=709, SUCCESS, logIndex=880, commits[65797d0d-2d4a-456d-9b24-1d63a5102722:c881, aca3f3a4-0773-4ff1-9bb5-1a871868fd09:c879, abe1c95d-8ae2-42e9-9d83-236e3c187d51:c879]
2019-07-09 04:31:16,151 INFO  client.GrpcClientProtocolClient (GrpcClientProtocolClient.java:onNext(255)) - client-859D8C9D7B89->65797d0d-2d4a-456d-9b24-1d63a5102722: receive RaftClientReply:client-859D8C9D7B89->65797d0d-2d4a-456d-9b24-1d63a5102722@group-BA7C392EEBCA, cid=710, SUCCESS, logIndex=881, commits[65797d0d-2d4a-456d-9b24-1d63a5102722:c883, aca3f3a4-0773-4ff1-9bb5-1a871868fd09:c879, abe1c95d-8ae2-42e9-9d83-236e3c187d51:c879]
2019-07-09 04:31:16,152 INFO  client.GrpcClientProtocolClient (GrpcClientProtocolClient.java:onNext(255)) - client-859D8C9D7B89->65797d0d-2d4a-456d-9b24-1d63a5102722: receive RaftClientReply:client-859D8C9D7B89->65797d0d-2d4a-456d-9b24-1d63a5102722@group-BA7C392EEBCA, cid=711, SUCCESS, logIndex=882, commits[65797d0d-2d4a-456d-9b24-1d63a5102722:c883, aca3f3a4-0773-4ff1-9bb5-1a871868fd09:c879, abe1c95d-8ae2-42e9-9d83-236e3c187d51:c879]
2019-07-09 04:31:16,152 INFO  client.GrpcClientProtocolClient (GrpcClientProtocolClient.java:onNext(255)) - client-859D8C9D7B89->65797d0d-2d4a-456d-9b24-1d63a5102722: receive RaftClientReply:client-859D8C9D7B89->65797d0d-2d4a-456d-9b24-1d63a5102722@group-BA7C392EEBCA, cid=712, SUCCESS, logIndex=883, commits[65797d0d-2d4a-456d-9b24-1d63a5102722:c884, aca3f3a4-0773-4ff1-9bb5-1a871868fd09:c879, abe1c95d-8ae2-42e9-9d83-236e3c187d51:c880]
2019-07-09 04:31:16,154 INFO  client.GrpcClientProtocolClient (GrpcClientProtocolClient.java:onNext(255)) - client-859D8C9D7B89->65797d0d-2d4a-456d-9b24-1d63a5102722: receive RaftClientReply:client-859D8C9D7B89->65797d0d-2d4a-456d-9b24-1d63a5102722@group-BA7C392EEBCA, cid=713, SUCCESS, logIndex=0, commits[65797d0d-2d4a-456d-9b24-1d63a5102722:c887, aca3f3a4-0773-4ff1-9bb5-1a871868fd09:c881, abe1c95d-8ae2-42e9-9d83-236e3c187d51:c883]
2019-07-09 04:31:16,177 INFO  client.GrpcClientProtocolClient (GrpcClientProtocolClient.java:onNext(255)) - client-859D8C9D7B89->65797d0d-2d4a-456d-9b24-1d63a5102722: receive RaftClientReply:client-859D8C9D7B89->65797d0d-2d4a-456d-9b24-1d63a5102722@group-BA7C392EEBCA, cid=714, SUCCESS, logIndex=888, commits[65797d0d-2d4a-456d-9b24-1d63a5102722:c889, aca3f3a4-0773-4ff1-9bb5-1a871868fd09:c887, abe1c95d-8ae2-42e9-9d83-236e3c187d51:c887]
2019-07-09 04:31:16,178 INFO  client.GrpcClientProtocolClient (GrpcClientProtocolClient.java:onNext(255)) - client-859D8C9D7B89->65797d0d-2d4a-456d-9b24-1d63a5102722: receive RaftClientReply:client-859D8C9D7B89->65797d0d-2d4a-456d-9b24-1d63a5102722@group-BA7C392EEBCA, cid=715, SUCCESS, logIndex=889, commits[65797d0d-2d4a-456d-9b24-1d63a5102722:c889, aca3f3a4-0773-4ff1-9bb5-1a871868fd09:c887, abe1c95d-8ae2-42e9-9d83-236e3c187d51:c887]
2019-07-09 04:31:16,654 INFO  client.GrpcClientProtocolClient (GrpcClientProtocolClient.java:onNext(255)) - client-859D8C9D7B89->65797d0d-2d4a-456d-9b24-1d63a5102722: receive RaftClientReply:client-859D8C9D7B89->65797d0d-2d4a-456d-9b24-1d63a5102722@group-BA7C392EEBCA, cid=716, SUCCESS, logIndex=892, commits[65797d0d-2d4a-456d-9b24-1d63a5102722:c893, aca3f3a4-0773-4ff1-9bb5-1a871868fd09:c889, abe1c95d-8ae2-42e9-9d83-236e3c187d51:c889]
2019-07-09 04:31:16,655 INFO  client.GrpcClientProtocolClient (GrpcClientProtocolClient.java:onNext(255)) - client-859D8C9D7B89->65797d0d-2d4a-456d-9b24-1d63a5102722: receive RaftClientReply:client-859D8C9D7B89->65797d0d-2d4a-456d-9b24-1d63a5102722@group-BA7C392EEBCA, cid=717, SUCCESS, logIndex=893, commits[65797d0d-2d4a-456d-9b24-1d63a5102722:c893, aca3f3a4-0773-4ff1-9bb5-1a871868fd09:c889, abe1c95d-8ae2-42e9-9d83-236e3c187d51:c889]
2019-07-09 04:31:16,663 INFO  client.GrpcClientProtocolClient (GrpcClientProtocolClient.java:onNext(255)) - client-859D8C9D7B89->65797d0d-2d4a-456d-9b24-1d63a5102722: receive RaftClientReply:client-859D8C9D7B89->65797d0d-2d4a-456d-9b24-1d63a5102722@group-BA7C392EEBCA, cid=718, SUCCESS, logIndex=0, commits[65797d0d-2d4a-456d-9b24-1d63a5102722:c895, aca3f3a4-0773-4ff1-9bb5-1a871868fd09:c893, abe1c95d-8ae2-42e9-9d83-236e3c187d51:c893]
2019-07-09 04:31:16,691 INFO  client.GrpcClientProtocolClient (GrpcClientProtocolClient.java:onNext(255)) - client-859D8C9D7B89->65797d0d-2d4a-456d-9b24-1d63a5102722: receive RaftClientReply:client-859D8C9D7B89->65797d0d-2d4a-456d-9b24-1d63a5102722@group-BA7C392EEBCA, cid=719, SUCCESS, logIndex=896, commits[65797d0d-2d4a-456d-9b24-1d63a5102722:c898, aca3f3a4-0773-4ff1-9bb5-1a871868fd09:c895, abe1c95d-8ae2-42e9-9d83-236e3c187d51:c895]
2019-07-09 04:31:16,691 INFO  client.GrpcClientProtocolClient (GrpcClientProtocolClient.java:onNext(255)) - client-859D8C9D7B89->65797d0d-2d4a-456d-9b24-1d63a5102722: receive RaftClientReply:client-859D8C9D7B89->65797d0d-2d4a-456d-9b24-1d63a5102722@group-BA7C392EEBCA, cid=720, SUCCESS, logIndex=897, commits[65797d0d-2d4a-456d-9b24-1d63a5102722:c899, aca3f3a4-0773-4ff1-9bb5-1a871868fd09:c895, abe1c95d-8ae2-42e9-9d83-236e3c187d51:c895]
2019-07-09 04:31:16,692 INFO  client.GrpcClientProtocolClient (GrpcClientProtocolClient.java:onNext(255)) - client-859D8C9D7B89->65797d0d-2d4a-456d-9b24-1d63a5102722: receive RaftClientReply:client-859D8C9D7B89->65797d0d-2d4a-456d-9b24-1d63a5102722@group-BA7C392EEBCA, cid=721, SUCCESS, logIndex=898, commits[65797d0d-2d4a-456d-9b24-1d63a5102722:c899, aca3f3a4-0773-4ff1-9bb5-1a871868fd09:c895, abe1c95d-8ae2-42e9-9d83-236e3c187d51:c895]
2019-07-09 04:31:16,692 INFO  client.GrpcClientProtocolClient (GrpcClientProtocolClient.java:onNext(255)) - client-859D8C9D7B89->65797d0d-2d4a-456d-9b24-1d63a5102722: receive RaftClientReply:client-859D8C9D7B89->65797d0d-2d4a-456d-9b24-1d63a5102722@group-BA7C392EEBCA, cid=722, SUCCESS, logIndex=899, commits[65797d0d-2d4a-456d-9b24-1d63a5102722:c899, aca3f3a4-0773-4ff1-9bb5-1a871868fd09:c895, abe1c95d-8ae2-42e9-9d83-236e3c187d51:c895]
2019-07-09 04:31:16,700 INFO  client.GrpcClientProtocolClient (GrpcClientProtocolClient.java:onNext(255)) - client-859D8C9D7B89->65797d0d-2d4a-456d-9b24-1d63a5102722: receive RaftClientReply:client-859D8C9D7B89->65797d0d-2d4a-456d-9b24-1d63a5102722@group-BA7C392EEBCA, cid=723, SUCCESS, logIndex=0, commits[65797d0d-2d4a-456d-9b24-1d63a5102722:c901, aca3f3a4-0773-4ff1-9bb5-1a871868fd09:c897, abe1c95d-8ae2-42e9-9d83-236e3c187d51:c897]
 0.00% |█                                                                                                    |  0/1 Time: 0:00:022019-07-09 04:31:16,725 INFO  client.GrpcClientProtocolClient (GrpcClientProtocolClient.java:onNext(255)) - client-859D8C9D7B89->65797d0d-2d4a-456d-9b24-1d63a5102722: receive RaftClientReply:client-859D8C9D7B89->65797d0d-2d4a-456d-9b24-1d63a5102722@group-BA7C392EEBCA, cid=724, SUCCESS, logIndex=904, commits[65797d0d-2d4a-456d-9b24-1d63a5102722:c905, aca3f3a4-0773-4ff1-9bb5-1a871868fd09:c903, abe1c95d-8ae2-42e9-9d83-236e3c187d51:c903]
2019-07-09 04:31:16,726 INFO  client.GrpcClientProtocolClient (GrpcClientProtocolClient.java:onNext(255)) - client-859D8C9D7B89->65797d0d-2d4a-456d-9b24-1d63a5102722: receive RaftClientReply:client-859D8C9D7B89->65797d0d-2d4a-456d-9b24-1d63a5102722@group-BA7C392EEBCA, cid=725, SUCCESS, logIndex=905, commits[65797d0d-2d4a-456d-9b24-1d63a5102722:c905, aca3f3a4-0773-4ff1-9bb5-1a871868fd09:c903, abe1c95d-8ae2-42e9-9d83-236e3c187d51:c903]
2019-07-09 04:31:16,743 INFO  client.GrpcClientProtocolClient (GrpcClientProtocolClient.java:onNext(255)) - client-859D8C9D7B89->65797d0d-2d4a-456d-9b24-1d63a5102722: receive RaftClientReply:client-859D8C9D7B89->65797d0d-2d4a-456d-9b24-1d63a5102722@group-BA7C392EEBCA, cid=726, SUCCESS, logIndex=908, commits[65797d0d-2d4a-456d-9b24-1d63a5102722:c909, aca3f3a4-0773-4ff1-9bb5-1a871868fd09:c905, abe1c95d-8ae2-42e9-9d83-236e3c187d51:c905]
2019-07-09 04:31:16,743 INFO  client.GrpcClientProtocolClient (GrpcClientProtocolClient.java:onNext(255)) - client-859D8C9D7B89->65797d0d-2d4a-456d-9b24-1d63a5102722: receive RaftClientReply:client-859D8C9D7B89->65797d0d-2d4a-456d-9b24-1d63a5102722@group-BA7C392EEBCA, cid=727, SUCCESS, logIndex=909, commits[65797d0d-2d4a-456d-9b24-1d63a5102722:c909, aca3f3a4-0773-4ff1-9bb5-1a871868fd09:c905, abe1c95d-8ae2-42e9-9d83-236e3c187d51:c905]
2019-07-09 04:31:16,756 INFO  client.GrpcClientProtocolClient (GrpcClientProtocolClient.java:onNext(255)) - client-859D8C9D7B89->65797d0d-2d4a-456d-9b24-1d63a5102722: receive RaftClientReply:client-859D8C9D7B89->65797d0d-2d4a-456d-9b24-1d63a5102722@group-BA7C392EEBCA, cid=728, SUCCESS, logIndex=0, commits[65797d0d-2d4a-456d-9b24-1d63a5102722:c910, aca3f3a4-0773-4ff1-9bb5-1a871868fd09:c909, abe1c95d-8ae2-42e9-9d83-236e3c187d51:c909]
2019-07-09 04:31:16,783 INFO  client.GrpcClientProtocolClient (GrpcClientProtocolClient.java:onNext(255)) - client-859D8C9D7B89->65797d0d-2d4a-456d-9b24-1d63a5102722: receive RaftClientReply:client-859D8C9D7B89->65797d0d-2d4a-456d-9b24-1d63a5102722@group-BA7C392EEBCA, cid=729, SUCCESS, logIndex=912, commits[65797d0d-2d4a-456d-9b24-1d63a5102722:c913, aca3f3a4-0773-4ff1-9bb5-1a871868fd09:c911, abe1c95d-8ae2-42e9-9d83-236e3c187d51:c911]
2019-07-09 04:31:16,784 INFO  client.GrpcClientProtocolClient (GrpcClientProtocolClient.java:onNext(255)) - client-859D8C9D7B89->65797d0d-2d4a-456d-9b24-1d63a5102722: receive RaftClientReply:client-859D8C9D7B89->65797d0d-2d4a-456d-9b24-1d63a5102722@group-BA7C392EEBCA, cid=730, SUCCESS, logIndex=913, commits[65797d0d-2d4a-456d-9b24-1d63a5102722:c913, aca3f3a4-0773-4ff1-9bb5-1a871868fd09:c911, abe1c95d-8ae2-42e9-9d83-236e3c187d51:c911]
2019-07-09 04:31:16,784 INFO  client.GrpcClientProtocolClient (GrpcClientProtocolClient.java:onNext(255)) - client-859D8C9D7B89->65797d0d-2d4a-456d-9b24-1d63a5102722: receive RaftClientReply:client-859D8C9D7B89->65797d0d-2d4a-456d-9b24-1d63a5102722@group-BA7C392EEBCA, cid=731, SUCCESS, logIndex=914, commits[65797d0d-2d4a-456d-9b24-1d63a5102722:c915, aca3f3a4-0773-4ff1-9bb5-1a871868fd09:c911, abe1c95d-8ae2-42e9-9d83-236e3c187d51:c911]
2019-07-09 04:31:16,785 INFO  client.GrpcClientProtocolClient (GrpcClientProtocolClient.java:onNext(255)) - client-859D8C9D7B89->65797d0d-2d4a-456d-9b24-1d63a5102722: receive RaftClientReply:client-859D8C9D7B89->65797d0d-2d4a-456d-9b24-1d63a5102722@group-BA7C392EEBCA, cid=732, SUCCESS, logIndex=915, commits[65797d0d-2d4a-456d-9b24-1d63a5102722:c915, aca3f3a4-0773-4ff1-9bb5-1a871868fd09:c911, abe1c95d-8ae2-42e9-9d83-236e3c187d51:c911]
2019-07-09 04:31:16,787 INFO  client.GrpcClientProtocolClient (GrpcClientProtocolClient.java:onNext(255)) - client-859D8C9D7B89->65797d0d-2d4a-456d-9b24-1d63a5102722: receive RaftClientReply:client-859D8C9D7B89->65797d0d-2d4a-456d-9b24-1d63a5102722@group-BA7C392EEBCA, cid=733, SUCCESS, logIndex=0, commits[65797d0d-2d4a-456d-9b24-1d63a5102722:c917, aca3f3a4-0773-4ff1-9bb5-1a871868fd09:c913, abe1c95d-8ae2-42e9-9d83-236e3c187d51:c913]
2019-07-09 04:31:16,801 INFO  client.GrpcClientProtocolClient (GrpcClientProtocolClient.java:onNext(255)) - client-859D8C9D7B89->65797d0d-2d4a-456d-9b24-1d63a5102722: receive RaftClientReply:client-859D8C9D7B89->65797d0d-2d4a-456d-9b24-1d63a5102722@group-BA7C392EEBCA, cid=734, SUCCESS, logIndex=920, commits[65797d0d-2d4a-456d-9b24-1d63a5102722:c921, aca3f3a4-0773-4ff1-9bb5-1a871868fd09:c919, abe1c95d-8ae2-42e9-9d83-236e3c187d51:c919]
2019-07-09 04:31:16,802 INFO  client.GrpcClientProtocolClient (GrpcClientProtocolClient.java:onNext(255)) - client-859D8C9D7B89->65797d0d-2d4a-456d-9b24-1d63a5102722: receive RaftClientReply:client-859D8C9D7B89->65797d0d-2d4a-456d-9b24-1d63a5102722@group-BA7C392EEBCA, cid=735, SUCCESS, logIndex=921, commits[65797d0d-2d4a-456d-9b24-1d63a5102722:c921, aca3f3a4-0773-4ff1-9bb5-1a871868fd09:c919, abe1c95d-8ae2-42e9-9d83-236e3c187d51:c919]
2019-07-09 04:31:16,822 INFO  client.GrpcClientProtocolClient (GrpcClientProtocolClient.java:onNext(255)) - client-859D8C9D7B89->65797d0d-2d4a-456d-9b24-1d63a5102722: receive RaftClientReply:client-859D8C9D7B89->65797d0d-2d4a-456d-9b24-1d63a5102722@group-BA7C392EEBCA, cid=736, SUCCESS, logIndex=924, commits[65797d0d-2d4a-456d-9b24-1d63a5102722:c925, aca3f3a4-0773-4ff1-9bb5-1a871868fd09:c923, abe1c95d-8ae2-42e9-9d83-236e3c187d51:c922]
2019-07-09 04:31:16,823 INFO  client.GrpcClientProtocolClient (GrpcClientProtocolClient.java:onNext(255)) - client-859D8C9D7B89->65797d0d-2d4a-456d-9b24-1d63a5102722: receive RaftClientReply:client-859D8C9D7B89->65797d0d-2d4a-456d-9b24-1d63a5102722@group-BA7C392EEBCA, cid=737, SUCCESS, logIndex=925, commits[65797d0d-2d4a-456d-9b24-1d63a5102722:c925, aca3f3a4-0773-4ff1-9bb5-1a871868fd09:c923, abe1c95d-8ae2-42e9-9d83-236e3c187d51:c922]
2019-07-09 04:31:16,835 INFO  client.GrpcClientProtocolClient (GrpcClientProtocolClient.java:onNext(255)) - client-859D8C9D7B89->65797d0d-2d4a-456d-9b24-1d63a5102722: receive RaftClientReply:client-859D8C9D7B89->65797d0d-2d4a-456d-9b24-1d63a5102722@group-BA7C392EEBCA, cid=738, SUCCESS, logIndex=0, commits[65797d0d-2d4a-456d-9b24-1d63a5102722:c927, aca3f3a4-0773-4ff1-9bb5-1a871868fd09:c925, abe1c95d-8ae2-42e9-9d83-236e3c187d51:c925]
2019-07-09 04:31:16,857 INFO  client.GrpcClientProtocolClient (GrpcClientProtocolClient.java:onNext(255)) - client-859D8C9D7B89->65797d0d-2d4a-456d-9b24-1d63a5102722: receive RaftClientReply:client-859D8C9D7B89->65797d0d-2d4a-456d-9b24-1d63a5102722@group-BA7C392EEBCA, cid=739, SUCCESS, logIndex=928, commits[65797d0d-2d4a-456d-9b24-1d63a5102722:c930, aca3f3a4-0773-4ff1-9bb5-1a871868fd09:c927, abe1c95d-8ae2-42e9-9d83-236e3c187d51:c927]
2019-07-09 04:31:16,858 INFO  client.GrpcClientProtocolClient (GrpcClientProtocolClient.java:onNext(255)) - client-859D8C9D7B89->65797d0d-2d4a-456d-9b24-1d63a5102722: receive RaftClientReply:client-859D8C9D7B89->65797d0d-2d4a-456d-9b24-1d63a5102722@group-BA7C392EEBCA, cid=740, SUCCESS, logIndex=929, commits[65797d0d-2d4a-456d-9b24-1d63a5102722:c931, aca3f3a4-0773-4ff1-9bb5-1a871868fd09:c927, abe1c95d-8ae2-42e9-9d83-236e3c187d51:c927]
2019-07-09 04:31:16,858 INFO  client.GrpcClientProtocolClient (GrpcClientProtocolClient.java:onNext(255)) - client-859D8C9D7B89->65797d0d-2d4a-456d-9b24-1d63a5102722: receive RaftClientReply:client-859D8C9D7B89->65797d0d-2d4a-456d-9b24-1d63a5102722@group-BA7C392EEBCA, cid=741, SUCCESS, logIndex=930, commits[65797d0d-2d4a-456d-9b24-1d63a5102722:c931, aca3f3a4-0773-4ff1-9bb5-1a871868fd09:c927, abe1c95d-8ae2-42e9-9d83-236e3c187d51:c927]
2019-07-09 04:31:16,859 INFO  client.GrpcClientProtocolClient (GrpcClientProtocolClient.java:onNext(255)) - client-859D8C9D7B89->65797d0d-2d4a-456d-9b24-1d63a5102722: receive RaftClientReply:client-859D8C9D7B89->65797d0d-2d4a-456d-9b24-1d63a5102722@group-BA7C392EEBCA, cid=742, SUCCESS, logIndex=931, commits[65797d0d-2d4a-456d-9b24-1d63a5102722:c932, aca3f3a4-0773-4ff1-9bb5-1a871868fd09:c928, abe1c95d-8ae2-42e9-9d83-236e3c187d51:c929]
2019-07-09 04:31:16,860 INFO  client.GrpcClientProtocolClient (GrpcClientProtocolClient.java:onNext(255)) - client-859D8C9D7B89->65797d0d-2d4a-456d-9b24-1d63a5102722: receive RaftClientReply:client-859D8C9D7B89->65797d0d-2d4a-456d-9b24-1d63a5102722@group-BA7C392EEBCA, cid=743, SUCCESS, logIndex=0, commits[65797d0d-2d4a-456d-9b24-1d63a5102722:c934, aca3f3a4-0773-4ff1-9bb5-1a871868fd09:c930, abe1c95d-8ae2-42e9-9d83-236e3c187d51:c930]
2019-07-09 04:31:16,879 INFO  client.GrpcClientProtocolClient (GrpcClientProtocolClient.java:onNext(255)) - client-859D8C9D7B89->65797d0d-2d4a-456d-9b24-1d63a5102722: receive RaftClientReply:client-859D8C9D7B89->65797d0d-2d4a-456d-9b24-1d63a5102722@group-BA7C392EEBCA, cid=744, SUCCESS, logIndex=936, commits[65797d0d-2d4a-456d-9b24-1d63a5102722:c937, aca3f3a4-0773-4ff1-9bb5-1a871868fd09:c935, abe1c95d-8ae2-42e9-9d83-236e3c187d51:c935]
2019-07-09 04:31:16,880 INFO  client.GrpcClientProtocolClient (GrpcClientProtocolClient.java:onNext(255)) - client-859D8C9D7B89->65797d0d-2d4a-456d-9b24-1d63a5102722: receive RaftClientReply:client-859D8C9D7B89->65797d0d-2d4a-456d-9b24-1d63a5102722@group-BA7C392EEBCA, cid=745, SUCCESS, logIndex=937, commits[65797d0d-2d4a-456d-9b24-1d63a5102722:c937, aca3f3a4-0773-4ff1-9bb5-1a871868fd09:c935, abe1c95d-8ae2-42e9-9d83-236e3c187d51:c935]
2019-07-09 04:31:16,892 INFO  client.GrpcClientProtocolClient (GrpcClientProtocolClient.java:onNext(255)) - client-859D8C9D7B89->65797d0d-2d4a-456d-9b24-1d63a5102722: receive RaftClientReply:client-859D8C9D7B89->65797d0d-2d4a-456d-9b24-1d63a5102722@group-BA7C392EEBCA, cid=746, SUCCESS, logIndex=940, commits[65797d0d-2d4a-456d-9b24-1d63a5102722:c941, aca3f3a4-0773-4ff1-9bb5-1a871868fd09:c936, abe1c95d-8ae2-42e9-9d83-236e3c187d51:c937]
2019-07-09 04:31:16,893 INFO  client.GrpcClientProtocolClient (GrpcClientProtocolClient.java:onNext(255)) - client-859D8C9D7B89->65797d0d-2d4a-456d-9b24-1d63a5102722: receive RaftClientReply:client-859D8C9D7B89->65797d0d-2d4a-456d-9b24-1d63a5102722@group-BA7C392EEBCA, cid=747, SUCCESS, logIndex=941, commits[65797d0d-2d4a-456d-9b24-1d63a5102722:c941, aca3f3a4-0773-4ff1-9bb5-1a871868fd09:c937, abe1c95d-8ae2-42e9-9d83-236e3c187d51:c937]
2019-07-09 04:31:16,895 INFO  client.GrpcClientProtocolClient (GrpcClientProtocolClient.java:onNext(255)) - client-859D8C9D7B89->65797d0d-2d4a-456d-9b24-1d63a5102722: receive RaftClientReply:client-859D8C9D7B89->65797d0d-2d4a-456d-9b24-1d63a5102722@group-BA7C392EEBCA, cid=748, SUCCESS, logIndex=0, commits[65797d0d-2d4a-456d-9b24-1d63a5102722:c943, aca3f3a4-0773-4ff1-9bb5-1a871868fd09:c941, abe1c95d-8ae2-42e9-9d83-236e3c187d51:c941]
2019-07-09 04:31:16,914 INFO  client.GrpcClientProtocolClient (GrpcClientProtocolClient.java:onNext(255)) - client-859D8C9D7B89->65797d0d-2d4a-456d-9b24-1d63a5102722: receive RaftClientReply:client-859D8C9D7B89->65797d0d-2d4a-456d-9b24-1d63a5102722@group-BA7C392EEBCA, cid=749, SUCCESS, logIndex=944, commits[65797d0d-2d4a-456d-9b24-1d63a5102722:c945, aca3f3a4-0773-4ff1-9bb5-1a871868fd09:c943, abe1c95d-8ae2-42e9-9d83-236e3c187d51:c943]
2019-07-09 04:31:16,915 INFO  client.GrpcClientProtocolClient (GrpcClientProtocolClient.java:onNext(255)) - client-859D8C9D7B89->65797d0d-2d4a-456d-9b24-1d63a5102722: receive RaftClientReply:client-859D8C9D7B89->65797d0d-2d4a-456d-9b24-1d63a5102722@group-BA7C392EEBCA, cid=750, SUCCESS, logIndex=945, commits[65797d0d-2d4a-456d-9b24-1d63a5102722:c947, aca3f3a4-0773-4ff1-9bb5-1a871868fd09:c943, abe1c95d-8ae2-42e9-9d83-236e3c187d51:c943]
2019-07-09 04:31:16,915 INFO  client.GrpcClientProtocolClient (GrpcClientProtocolClient.java:onNext(255)) - client-859D8C9D7B89->65797d0d-2d4a-456d-9b24-1d63a5102722: receive RaftClientReply:client-859D8C9D7B89->65797d0d-2d4a-456d-9b24-1d63a5102722@group-BA7C392EEBCA, cid=751, SUCCESS, logIndex=946, commits[65797d0d-2d4a-456d-9b24-1d63a5102722:c947, aca3f3a4-0773-4ff1-9bb5-1a871868fd09:c943, abe1c95d-8ae2-42e9-9d83-236e3c187d51:c943]
2019-07-09 04:31:16,915 INFO  client.GrpcClientProtocolClient (GrpcClientProtocolClient.java:onNext(255)) - client-859D8C9D7B89->65797d0d-2d4a-456d-9b24-1d63a5102722: receive RaftClientReply:client-859D8C9D7B89->65797d0d-2d4a-456d-9b24-1d63a5102722@group-BA7C392EEBCA, cid=752, SUCCESS, logIndex=947, commits[65797d0d-2d4a-456d-9b24-1d63a5102722:c947, aca3f3a4-0773-4ff1-9bb5-1a871868fd09:c943, abe1c95d-8ae2-42e9-9d83-236e3c187d51:c943]
2019-07-09 04:31:16,917 INFO  client.GrpcClientProtocolClient (GrpcClientProtocolClient.java:onNext(255)) - client-859D8C9D7B89->65797d0d-2d4a-456d-9b24-1d63a5102722: receive RaftClientReply:client-859D8C9D7B89->65797d0d-2d4a-456d-9b24-1d63a5102722@group-BA7C392EEBCA, cid=753, SUCCESS, logIndex=0, commits[65797d0d-2d4a-456d-9b24-1d63a5102722:c951, aca3f3a4-0773-4ff1-9bb5-1a871868fd09:c947, abe1c95d-8ae2-42e9-9d83-236e3c187d51:c945]
2019-07-09 04:31:16,937 INFO  client.GrpcClientProtocolClient (GrpcClientProtocolClient.java:onNext(255)) - client-859D8C9D7B89->65797d0d-2d4a-456d-9b24-1d63a5102722: receive RaftClientReply:client-859D8C9D7B89->65797d0d-2d4a-456d-9b24-1d63a5102722@group-BA7C392EEBCA, cid=754, SUCCESS, logIndex=952, commits[65797d0d-2d4a-456d-9b24-1d63a5102722:c952, aca3f3a4-0773-4ff1-9bb5-1a871868fd09:c951, abe1c95d-8ae2-42e9-9d83-236e3c187d51:c951]
2019-07-09 04:31:16,937 INFO  client.GrpcClientProtocolClient (GrpcClientProtocolClient.java:onNext(255)) - client-859D8C9D7B89->65797d0d-2d4a-456d-9b24-1d63a5102722: receive RaftClientReply:client-859D8C9D7B89->65797d0d-2d4a-456d-9b24-1d63a5102722@group-BA7C392EEBCA, cid=755, SUCCESS, logIndex=953, commits[65797d0d-2d4a-456d-9b24-1d63a5102722:c953, aca3f3a4-0773-4ff1-9bb5-1a871868fd09:c951, abe1c95d-8ae2-42e9-9d83-236e3c187d51:c951]
2019-07-09 04:31:16,950 INFO  client.GrpcClientProtocolClient (GrpcClientProtocolClient.java:onNext(255)) - client-859D8C9D7B89->65797d0d-2d4a-456d-9b24-1d63a5102722: receive RaftClientReply:client-859D8C9D7B89->65797d0d-2d4a-456d-9b24-1d63a5102722@group-BA7C392EEBCA, cid=756, SUCCESS, logIndex=956, commits[65797d0d-2d4a-456d-9b24-1d63a5102722:c957, aca3f3a4-0773-4ff1-9bb5-1a871868fd09:c953, abe1c95d-8ae2-42e9-9d83-236e3c187d51:c953]
2019-07-09 04:31:16,951 INFO  client.GrpcClientProtocolClient (GrpcClientProtocolClient.java:onNext(255)) - client-859D8C9D7B89->65797d0d-2d4a-456d-9b24-1d63a5102722: receive RaftClientReply:client-859D8C9D7B89->65797d0d-2d4a-456d-9b24-1d63a5102722@group-BA7C392EEBCA, cid=757, SUCCESS, logIndex=957, commits[65797d0d-2d4a-456d-9b24-1d63a5102722:c957, aca3f3a4-0773-4ff1-9bb5-1a871868fd09:c953, abe1c95d-8ae2-42e9-9d83-236e3c187d51:c953]
2019-07-09 04:31:16,963 INFO  client.GrpcClientProtocolClient (GrpcClientProtocolClient.java:onNext(255)) - client-859D8C9D7B89->65797d0d-2d4a-456d-9b24-1d63a5102722: receive RaftClientReply:client-859D8C9D7B89->65797d0d-2d4a-456d-9b24-1d63a5102722@group-BA7C392EEBCA, cid=758, SUCCESS, logIndex=0, commits[65797d0d-2d4a-456d-9b24-1d63a5102722:c959, aca3f3a4-0773-4ff1-9bb5-1a871868fd09:c957, abe1c95d-8ae2-42e9-9d83-236e3c187d51:c957]
2019-07-09 04:31:16,982 INFO  client.GrpcClientProtocolClient (GrpcClientProtocolClient.java:onNext(255)) - client-859D8C9D7B89->65797d0d-2d4a-456d-9b24-1d63a5102722: receive RaftClientReply:client-859D8C9D7B89->65797d0d-2d4a-456d-9b24-1d63a5102722@group-BA7C392EEBCA, cid=759, SUCCESS, logIndex=960, commits[65797d0d-2d4a-456d-9b24-1d63a5102722:c961, aca3f3a4-0773-4ff1-9bb5-1a871868fd09:c959, abe1c95d-8ae2-42e9-9d83-236e3c187d51:c959]
2019-07-09 04:31:16,983 INFO  client.GrpcClientProtocolClient (GrpcClientProtocolClient.java:onNext(255)) - client-859D8C9D7B89->65797d0d-2d4a-456d-9b24-1d63a5102722: receive RaftClientReply:client-859D8C9D7B89->65797d0d-2d4a-456d-9b24-1d63a5102722@group-BA7C392EEBCA, cid=760, SUCCESS, logIndex=961, commits[65797d0d-2d4a-456d-9b24-1d63a5102722:c961, aca3f3a4-0773-4ff1-9bb5-1a871868fd09:c959, abe1c95d-8ae2-42e9-9d83-236e3c187d51:c959]
2019-07-09 04:31:16,983 INFO  client.GrpcClientProtocolClient (GrpcClientProtocolClient.java:onNext(255)) - client-859D8C9D7B89->65797d0d-2d4a-456d-9b24-1d63a5102722: receive RaftClientReply:client-859D8C9D7B89->65797d0d-2d4a-456d-9b24-1d63a5102722@group-BA7C392EEBCA, cid=761, SUCCESS, logIndex=962, commits[65797d0d-2d4a-456d-9b24-1d63a5102722:c963, aca3f3a4-0773-4ff1-9bb5-1a871868fd09:c959, abe1c95d-8ae2-42e9-9d83-236e3c187d51:c959]
2019-07-09 04:31:16,984 INFO  client.GrpcClientProtocolClient (GrpcClientProtocolClient.java:onNext(255)) - client-859D8C9D7B89->65797d0d-2d4a-456d-9b24-1d63a5102722: receive RaftClientReply:client-859D8C9D7B89->65797d0d-2d4a-456d-9b24-1d63a5102722@group-BA7C392EEBCA, cid=762, SUCCESS, logIndex=963, commits[65797d0d-2d4a-456d-9b24-1d63a5102722:c963, aca3f3a4-0773-4ff1-9bb5-1a871868fd09:c959, abe1c95d-8ae2-42e9-9d83-236e3c187d51:c959]
2019-07-09 04:31:16,986 INFO  client.GrpcClientProtocolClient (GrpcClientProtocolClient.java:onNext(255)) - client-859D8C9D7B89->65797d0d-2d4a-456d-9b24-1d63a5102722: receive RaftClientReply:client-859D8C9D7B89->65797d0d-2d4a-456d-9b24-1d63a5102722@group-BA7C392EEBCA, cid=763, SUCCESS, logIndex=0, commits[65797d0d-2d4a-456d-9b24-1d63a5102722:c967, aca3f3a4-0773-4ff1-9bb5-1a871868fd09:c963, abe1c95d-8ae2-42e9-9d83-236e3c187d51:c961]
2019-07-09 04:31:17,006 INFO  client.GrpcClientProtocolClient (GrpcClientProtocolClient.java:onNext(255)) - client-859D8C9D7B89->65797d0d-2d4a-456d-9b24-1d63a5102722: receive RaftClientReply:client-859D8C9D7B89->65797d0d-2d4a-456d-9b24-1d63a5102722@group-BA7C392EEBCA, cid=764, SUCCESS, logIndex=968, commits[65797d0d-2d4a-456d-9b24-1d63a5102722:c969, aca3f3a4-0773-4ff1-9bb5-1a871868fd09:c967, abe1c95d-8ae2-42e9-9d83-236e3c187d51:c967]
2019-07-09 04:31:17,006 INFO  client.GrpcClientProtocolClient (GrpcClientProtocolClient.java:onNext(255)) - client-859D8C9D7B89->65797d0d-2d4a-456d-9b24-1d63a5102722: receive RaftClientReply:client-859D8C9D7B89->65797d0d-2d4a-456d-9b24-1d63a5102722@group-BA7C392EEBCA, cid=765, SUCCESS, logIndex=969, commits[65797d0d-2d4a-456d-9b24-1d63a5102722:c969, aca3f3a4-0773-4ff1-9bb5-1a871868fd09:c967, abe1c95d-8ae2-42e9-9d83-236e3c187d51:c967]
2019-07-09 04:31:17,019 INFO  client.GrpcClientProtocolClient (GrpcClientProtocolClient.java:onNext(255)) - client-859D8C9D7B89->65797d0d-2d4a-456d-9b24-1d63a5102722: receive RaftClientReply:client-859D8C9D7B89->65797d0d-2d4a-456d-9b24-1d63a5102722@group-BA7C392EEBCA, cid=766, SUCCESS, logIndex=972, commits[65797d0d-2d4a-456d-9b24-1d63a5102722:c973, aca3f3a4-0773-4ff1-9bb5-1a871868fd09:c969, abe1c95d-8ae2-42e9-9d83-236e3c187d51:c969]
2019-07-09 04:31:17,020 INFO  client.GrpcClientProtocolClient (GrpcClientProtocolClient.java:onNext(255)) - client-859D8C9D7B89->65797d0d-2d4a-456d-9b24-1d63a5102722: receive RaftClientReply:client-859D8C9D7B89->65797d0d-2d4a-456d-9b24-1d63a5102722@group-BA7C392EEBCA, cid=767, SUCCESS, logIndex=973, commits[65797d0d-2d4a-456d-9b24-1d63a5102722:c973, aca3f3a4-0773-4ff1-9bb5-1a871868fd09:c969, abe1c95d-8ae2-42e9-9d83-236e3c187d51:c969]
2019-07-09 04:31:17,021 INFO  client.GrpcClientProtocolClient (GrpcClientProtocolClient.java:onNext(255)) - client-859D8C9D7B89->65797d0d-2d4a-456d-9b24-1d63a5102722: receive RaftClientReply:client-859D8C9D7B89->65797d0d-2d4a-456d-9b24-1d63a5102722@group-BA7C392EEBCA, cid=768, SUCCESS, logIndex=0, commits[65797d0d-2d4a-456d-9b24-1d63a5102722:c974, aca3f3a4-0773-4ff1-9bb5-1a871868fd09:c973, abe1c95d-8ae2-42e9-9d83-236e3c187d51:c973]
2019-07-09 04:31:17,034 INFO  client.GrpcClientProtocolClient (GrpcClientProtocolClient.java:onNext(255)) - client-859D8C9D7B89->65797d0d-2d4a-456d-9b24-1d63a5102722: receive RaftClientReply:client-859D8C9D7B89->65797d0d-2d4a-456d-9b24-1d63a5102722@group-BA7C392EEBCA, cid=769, SUCCESS, logIndex=976, commits[65797d0d-2d4a-456d-9b24-1d63a5102722:c977, aca3f3a4-0773-4ff1-9bb5-1a871868fd09:c975, abe1c95d-8ae2-42e9-9d83-236e3c187d51:c973]
2019-07-09 04:31:17,034 INFO  client.GrpcClientProtocolClient (GrpcClientProtocolClient.java:onNext(255)) - client-859D8C9D7B89->65797d0d-2d4a-456d-9b24-1d63a5102722: receive RaftClientReply:client-859D8C9D7B89->65797d0d-2d4a-456d-9b24-1d63a5102722@group-BA7C392EEBCA, cid=770, SUCCESS, logIndex=977, commits[65797d0d-2d4a-456d-9b24-1d63a5102722:c977, aca3f3a4-0773-4ff1-9bb5-1a871868fd09:c975, abe1c95d-8ae2-42e9-9d83-236e3c187d51:c973]
2019-07-09 04:31:17,036 INFO  client.GrpcClientProtocolClient (GrpcClientProtocolClient.java:onNext(255)) - client-859D8C9D7B89->65797d0d-2d4a-456d-9b24-1d63a5102722: receive RaftClientReply:client-859D8C9D7B89->65797d0d-2d4a-456d-9b24-1d63a5102722@group-BA7C392EEBCA, cid=771, SUCCESS, logIndex=978, commits[65797d0d-2d4a-456d-9b24-1d63a5102722:c979, aca3f3a4-0773-4ff1-9bb5-1a871868fd09:c975, abe1c95d-8ae2-42e9-9d83-236e3c187d51:c975]
2019-07-09 04:31:17,037 INFO  client.GrpcClientProtocolClient (GrpcClientProtocolClient.java:onNext(255)) - client-859D8C9D7B89->65797d0d-2d4a-456d-9b24-1d63a5102722: receive RaftClientReply:client-859D8C9D7B89->65797d0d-2d4a-456d-9b24-1d63a5102722@group-BA7C392EEBCA, cid=772, SUCCESS, logIndex=979, commits[65797d0d-2d4a-456d-9b24-1d63a5102722:c981, aca3f3a4-0773-4ff1-9bb5-1a871868fd09:c977, abe1c95d-8ae2-42e9-9d83-236e3c187d51:c977]
2019-07-09 04:31:17,060 INFO  client.GrpcClientProtocolClient (GrpcClientProtocolClient.java:onNext(255)) - client-859D8C9D7B89->65797d0d-2d4a-456d-9b24-1d63a5102722: receive RaftClientReply:client-859D8C9D7B89->65797d0d-2d4a-456d-9b24-1d63a5102722@group-BA7C392EEBCA, cid=773, SUCCESS, logIndex=984, commits[65797d0d-2d4a-456d-9b24-1d63a5102722:c985, aca3f3a4-0773-4ff1-9bb5-1a871868fd09:c983, abe1c95d-8ae2-42e9-9d83-236e3c187d51:c983]
2019-07-09 04:31:17,061 INFO  client.GrpcClientProtocolClient (GrpcClientProtocolClient.java:onNext(255)) - client-859D8C9D7B89->65797d0d-2d4a-456d-9b24-1d63a5102722: receive RaftClientReply:client-859D8C9D7B89->65797d0d-2d4a-456d-9b24-1d63a5102722@group-BA7C392EEBCA, cid=774, SUCCESS, logIndex=985, commits[65797d0d-2d4a-456d-9b24-1d63a5102722:c985, aca3f3a4-0773-4ff1-9bb5-1a871868fd09:c983, abe1c95d-8ae2-42e9-9d83-236e3c187d51:c983]
2019-07-09 04:31:17,178 INFO  client.GrpcClientProtocolClient (GrpcClientProtocolClient.java:onNext(255)) - client-859D8C9D7B89->65797d0d-2d4a-456d-9b24-1d63a5102722: receive RaftClientReply:client-859D8C9D7B89->65797d0d-2d4a-456d-9b24-1d63a5102722@group-BA7C392EEBCA, cid=775, SUCCESS, logIndex=988, commits[65797d0d-2d4a-456d-9b24-1d63a5102722:c989, aca3f3a4-0773-4ff1-9bb5-1a871868fd09:c985, abe1c95d-8ae2-42e9-9d83-236e3c187d51:c985]
2019-07-09 04:31:17,179 INFO  client.GrpcClientProtocolClient (GrpcClientProtocolClient.java:onNext(255)) - client-859D8C9D7B89->65797d0d-2d4a-456d-9b24-1d63a5102722: receive RaftClientReply:client-859D8C9D7B89->65797d0d-2d4a-456d-9b24-1d63a5102722@group-BA7C392EEBCA, cid=776, SUCCESS, logIndex=989, commits[65797d0d-2d4a-456d-9b24-1d63a5102722:c989, aca3f3a4-0773-4ff1-9bb5-1a871868fd09:c985, abe1c95d-8ae2-42e9-9d83-236e3c187d51:c985]
2019-07-09 04:31:17,191 INFO  client.GrpcClientProtocolClient (GrpcClientProtocolClient.java:onNext(255)) - client-859D8C9D7B89->65797d0d-2d4a-456d-9b24-1d63a5102722: receive RaftClientReply:client-859D8C9D7B89->65797d0d-2d4a-456d-9b24-1d63a5102722@group-BA7C392EEBCA, cid=777, SUCCESS, logIndex=0, commits[65797d0d-2d4a-456d-9b24-1d63a5102722:c991, aca3f3a4-0773-4ff1-9bb5-1a871868fd09:c989, abe1c95d-8ae2-42e9-9d83-236e3c187d51:c989]
2019-07-09 04:31:17,216 INFO  client.GrpcClientProtocolClient (GrpcClientProtocolClient.java:onNext(255)) - client-859D8C9D7B89->65797d0d-2d4a-456d-9b24-1d63a5102722: receive RaftClientReply:client-859D8C9D7B89->65797d0d-2d4a-456d-9b24-1d63a5102722@group-BA7C392EEBCA, cid=778, SUCCESS, logIndex=992, commits[65797d0d-2d4a-456d-9b24-1d63a5102722:c993, aca3f3a4-0773-4ff1-9bb5-1a871868fd09:c991, abe1c95d-8ae2-42e9-9d83-236e3c187d51:c989]
2019-07-09 04:31:17,217 INFO  client.GrpcClientProtocolClient (GrpcClientProtocolClient.java:onNext(255)) - client-859D8C9D7B89->65797d0d-2d4a-456d-9b24-1d63a5102722: receive RaftClientReply:client-859D8C9D7B89->65797d0d-2d4a-456d-9b24-1d63a5102722@group-BA7C392EEBCA, cid=779, SUCCESS, logIndex=993, commits[65797d0d-2d4a-456d-9b24-1d63a5102722:c993, aca3f3a4-0773-4ff1-9bb5-1a871868fd09:c991, abe1c95d-8ae2-42e9-9d83-236e3c187d51:c989]
2019-07-09 04:31:17,219 INFO  client.GrpcClientProtocolClient (GrpcClientProtocolClient.java:onNext(255)) - client-859D8C9D7B89->65797d0d-2d4a-456d-9b24-1d63a5102722: receive RaftClientReply:client-859D8C9D7B89->65797d0d-2d4a-456d-9b24-1d63a5102722@group-BA7C392EEBCA, cid=780, SUCCESS, logIndex=994, commits[65797d0d-2d4a-456d-9b24-1d63a5102722:c995, aca3f3a4-0773-4ff1-9bb5-1a871868fd09:c991, abe1c95d-8ae2-42e9-9d83-236e3c187d51:c991]
2019-07-09 04:31:17,219 INFO  client.GrpcClientProtocolClient (GrpcClientProtocolClient.java:onNext(255)) - client-859D8C9D7B89->65797d0d-2d4a-456d-9b24-1d63a5102722: receive RaftClientReply:client-859D8C9D7B89->65797d0d-2d4a-456d-9b24-1d63a5102722@group-BA7C392EEBCA, cid=781, SUCCESS, logIndex=995, commits[65797d0d-2d4a-456d-9b24-1d63a5102722:c995, aca3f3a4-0773-4ff1-9bb5-1a871868fd09:c991, abe1c95d-8ae2-42e9-9d83-236e3c187d51:c991]
2019-07-09 04:31:17,221 INFO  client.GrpcClientProtocolClient (GrpcClientProtocolClient.java:onNext(255)) - client-859D8C9D7B89->65797d0d-2d4a-456d-9b24-1d63a5102722: receive RaftClientReply:client-859D8C9D7B89->65797d0d-2d4a-456d-9b24-1d63a5102722@group-BA7C392EEBCA, cid=782, SUCCESS, logIndex=0, commits[65797d0d-2d4a-456d-9b24-1d63a5102722:c997, aca3f3a4-0773-4ff1-9bb5-1a871868fd09:c993, abe1c95d-8ae2-42e9-9d83-236e3c187d51:c993]
2019-07-09 04:31:17,242 INFO  client.GrpcClientProtocolClient (GrpcClientProtocolClient.java:onNext(255)) - client-859D8C9D7B89->65797d0d-2d4a-456d-9b24-1d63a5102722: receive RaftClientReply:client-859D8C9D7B89->65797d0d-2d4a-456d-9b24-1d63a5102722@group-BA7C392EEBCA, cid=783, SUCCESS, logIndex=1000, commits[65797d0d-2d4a-456d-9b24-1d63a5102722:c1001, aca3f3a4-0773-4ff1-9bb5-1a871868fd09:c999, abe1c95d-8ae2-42e9-9d83-236e3c187d51:c999]
2019-07-09 04:31:17,243 INFO  client.GrpcClientProtocolClient (GrpcClientProtocolClient.java:onNext(255)) - client-859D8C9D7B89->65797d0d-2d4a-456d-9b24-1d63a5102722: receive RaftClientReply:client-859D8C9D7B89->65797d0d-2d4a-456d-9b24-1d63a5102722@group-BA7C392EEBCA, cid=784, SUCCESS, logIndex=1001, commits[65797d0d-2d4a-456d-9b24-1d63a5102722:c1001, aca3f3a4-0773-4ff1-9bb5-1a871868fd09:c999, abe1c95d-8ae2-42e9-9d83-236e3c187d51:c999]
2019-07-09 04:31:17,256 INFO  client.GrpcClientProtocolClient (GrpcClientProtocolClient.java:onNext(255)) - client-859D8C9D7B89->65797d0d-2d4a-456d-9b24-1d63a5102722: receive RaftClientReply:client-859D8C9D7B89->65797d0d-2d4a-456d-9b24-1d63a5102722@group-BA7C392EEBCA, cid=785, SUCCESS, logIndex=1004, commits[65797d0d-2d4a-456d-9b24-1d63a5102722:c1005, aca3f3a4-0773-4ff1-9bb5-1a871868fd09:c1001, abe1c95d-8ae2-42e9-9d83-236e3c187d51:c1000]
2019-07-09 04:31:17,256 INFO  client.GrpcClientProtocolClient (GrpcClientProtocolClient.java:onNext(255)) - client-859D8C9D7B89->65797d0d-2d4a-456d-9b24-1d63a5102722: receive RaftClientReply:client-859D8C9D7B89->65797d0d-2d4a-456d-9b24-1d63a5102722@group-BA7C392EEBCA, cid=786, SUCCESS, logIndex=1005, commits[65797d0d-2d4a-456d-9b24-1d63a5102722:c1005, aca3f3a4-0773-4ff1-9bb5-1a871868fd09:c1001, abe1c95d-8ae2-42e9-9d83-236e3c187d51:c1001]
2019-07-09 04:31:17,259 INFO  client.GrpcClientProtocolClient (GrpcClientProtocolClient.java:onNext(255)) - client-859D8C9D7B89->65797d0d-2d4a-456d-9b24-1d63a5102722: receive RaftClientReply:client-859D8C9D7B89->65797d0d-2d4a-456d-9b24-1d63a5102722@group-BA7C392EEBCA, cid=787, SUCCESS, logIndex=0, commits[65797d0d-2d4a-456d-9b24-1d63a5102722:c1006, aca3f3a4-0773-4ff1-9bb5-1a871868fd09:c1005, abe1c95d-8ae2-42e9-9d83-236e3c187d51:c1005]
2019-07-09 04:31:17,280 INFO  client.GrpcClientProtocolClient (GrpcClientProtocolClient.java:onNext(255)) - client-859D8C9D7B89->65797d0d-2d4a-456d-9b24-1d63a5102722: receive RaftClientReply:client-859D8C9D7B89->65797d0d-2d4a-456d-9b24-1d63a5102722@group-BA7C392EEBCA, cid=788, SUCCESS, logIndex=1008, commits[65797d0d-2d4a-456d-9b24-1d63a5102722:c1009, aca3f3a4-0773-4ff1-9bb5-1a871868fd09:c1007, abe1c95d-8ae2-42e9-9d83-236e3c187d51:c1007]
2019-07-09 04:31:17,280 INFO  client.GrpcClientProtocolClient (GrpcClientProtocolClient.java:onNext(255)) - client-859D8C9D7B89->65797d0d-2d4a-456d-9b24-1d63a5102722: receive RaftClientReply:client-859D8C9D7B89->65797d0d-2d4a-456d-9b24-1d63a5102722@group-BA7C392EEBCA, cid=789, SUCCESS, logIndex=1009, commits[65797d0d-2d4a-456d-9b24-1d63a5102722:c1010, aca3f3a4-0773-4ff1-9bb5-1a871868fd09:c1007, abe1c95d-8ae2-42e9-9d83-236e3c187d51:c1007]
2019-07-09 04:31:17,281 INFO  client.GrpcClientProtocolClient (GrpcClientProtocolClient.java:onNext(255)) - client-859D8C9D7B89->65797d0d-2d4a-456d-9b24-1d63a5102722: receive RaftClientReply:client-859D8C9D7B89->65797d0d-2d4a-456d-9b24-1d63a5102722@group-BA7C392EEBCA, cid=790, SUCCESS, logIndex=1010, commits[65797d0d-2d4a-456d-9b24-1d63a5102722:c1011, aca3f3a4-0773-4ff1-9bb5-1a871868fd09:c1007, abe1c95d-8ae2-42e9-9d83-236e3c187d51:c1007]
2019-07-09 04:31:17,281 INFO  client.GrpcClientProtocolClient (GrpcClientProtocolClient.java:onNext(255)) - client-859D8C9D7B89->65797d0d-2d4a-456d-9b24-1d63a5102722: receive RaftClientReply:client-859D8C9D7B89->65797d0d-2d4a-456d-9b24-1d63a5102722@group-BA7C392EEBCA, cid=791, SUCCESS, logIndex=1011, commits[65797d0d-2d4a-456d-9b24-1d63a5102722:c1011, aca3f3a4-0773-4ff1-9bb5-1a871868fd09:c1007, abe1c95d-8ae2-42e9-9d83-236e3c187d51:c1007]
2019-07-09 04:31:17,283 INFO  client.GrpcClientProtocolClient (GrpcClientProtocolClient.java:onNext(255)) - client-859D8C9D7B89->65797d0d-2d4a-456d-9b24-1d63a5102722: receive RaftClientReply:client-859D8C9D7B89->65797d0d-2d4a-456d-9b24-1d63a5102722@group-BA7C392EEBCA, cid=792, SUCCESS, logIndex=0, commits[65797d0d-2d4a-456d-9b24-1d63a5102722:c1015, aca3f3a4-0773-4ff1-9bb5-1a871868fd09:c1011, abe1c95d-8ae2-42e9-9d83-236e3c187d51:c1009]
2019-07-09 04:31:17,304 INFO  client.GrpcClientProtocolClient (GrpcClientProtocolClient.java:onNext(255)) - client-859D8C9D7B89->65797d0d-2d4a-456d-9b24-1d63a5102722: receive RaftClientReply:client-859D8C9D7B89->65797d0d-2d4a-456d-9b24-1d63a5102722@group-BA7C392EEBCA, cid=793, SUCCESS, logIndex=1016, commits[65797d0d-2d4a-456d-9b24-1d63a5102722:c1017, aca3f3a4-0773-4ff1-9bb5-1a871868fd09:c1015, abe1c95d-8ae2-42e9-9d83-236e3c187d51:c1015]
2019-07-09 04:31:17,305 INFO  client.GrpcClientProtocolClient (GrpcClientProtocolClient.java:onNext(255)) - client-859D8C9D7B89->65797d0d-2d4a-456d-9b24-1d63a5102722: receive RaftClientReply:client-859D8C9D7B89->65797d0d-2d4a-456d-9b24-1d63a5102722@group-BA7C392EEBCA, cid=794, SUCCESS, logIndex=1017, commits[65797d0d-2d4a-456d-9b24-1d63a5102722:c1017, aca3f3a4-0773-4ff1-9bb5-1a871868fd09:c1015, abe1c95d-8ae2-42e9-9d83-236e3c187d51:c1015]
2019-07-09 04:31:17,318 INFO  client.GrpcClientProtocolClient (GrpcClientProtocolClient.java:onNext(255)) - client-859D8C9D7B89->65797d0d-2d4a-456d-9b24-1d63a5102722: receive RaftClientReply:client-859D8C9D7B89->65797d0d-2d4a-456d-9b24-1d63a5102722@group-BA7C392EEBCA, cid=795, SUCCESS, logIndex=1020, commits[65797d0d-2d4a-456d-9b24-1d63a5102722:c1021, aca3f3a4-0773-4ff1-9bb5-1a871868fd09:c1017, abe1c95d-8ae2-42e9-9d83-236e3c187d51:c1017]
2019-07-09 04:31:17,318 INFO  client.GrpcClientProtocolClient (GrpcClientProtocolClient.java:onNext(255)) - client-859D8C9D7B89->65797d0d-2d4a-456d-9b24-1d63a5102722: receive RaftClientReply:client-859D8C9D7B89->65797d0d-2d4a-456d-9b24-1d63a5102722@group-BA7C392EEBCA, cid=796, SUCCESS, logIndex=1021, commits[65797d0d-2d4a-456d-9b24-1d63a5102722:c1021, aca3f3a4-0773-4ff1-9bb5-1a871868fd09:c1017, abe1c95d-8ae2-42e9-9d83-236e3c187d51:c1017]
2019-07-09 04:31:17,330 INFO  client.GrpcClientProtocolClient (GrpcClientProtocolClient.java:onNext(255)) - client-859D8C9D7B89->65797d0d-2d4a-456d-9b24-1d63a5102722: receive RaftClientReply:client-859D8C9D7B89->65797d0d-2d4a-456d-9b24-1d63a5102722@group-BA7C392EEBCA, cid=797, SUCCESS, logIndex=0, commits[65797d0d-2d4a-456d-9b24-1d63a5102722:c1023, aca3f3a4-0773-4ff1-9bb5-1a871868fd09:c1021, abe1c95d-8ae2-42e9-9d83-236e3c187d51:c1021]
2019-07-09 04:31:17,361 INFO  client.GrpcClientProtocolClient (GrpcClientProtocolClient.java:onNext(255)) - client-859D8C9D7B89->65797d0d-2d4a-456d-9b24-1d63a5102722: receive RaftClientReply:client-859D8C9D7B89->65797d0d-2d4a-456d-9b24-1d63a5102722@group-BA7C392EEBCA, cid=798, SUCCESS, logIndex=1024, commits[65797d0d-2d4a-456d-9b24-1d63a5102722:c1025, aca3f3a4-0773-4ff1-9bb5-1a871868fd09:c1023, abe1c95d-8ae2-42e9-9d83-236e3c187d51:c1023]
2019-07-09 04:31:17,362 INFO  client.GrpcClientProtocolClient (GrpcClientProtocolClient.java:onNext(255)) - client-859D8C9D7B89->65797d0d-2d4a-456d-9b24-1d63a5102722: receive RaftClientReply:client-859D8C9D7B89->65797d0d-2d4a-456d-9b24-1d63a5102722@group-BA7C392EEBCA, cid=799, SUCCESS, logIndex=1025, commits[65797d0d-2d4a-456d-9b24-1d63a5102722:c1027, aca3f3a4-0773-4ff1-9bb5-1a871868fd09:c1023, abe1c95d-8ae2-42e9-9d83-236e3c187d51:c1023]
2019-07-09 04:31:17,363 INFO  client.GrpcClientProtocolClient (GrpcClientProtocolClient.java:onNext(255)) - client-859D8C9D7B89->65797d0d-2d4a-456d-9b24-1d63a5102722: receive RaftClientReply:client-859D8C9D7B89->65797d0d-2d4a-456d-9b24-1d63a5102722@group-BA7C392EEBCA, cid=800, SUCCESS, logIndex=1026, commits[65797d0d-2d4a-456d-9b24-1d63a5102722:c1027, aca3f3a4-0773-4ff1-9bb5-1a871868fd09:c1023, abe1c95d-8ae2-42e9-9d83-236e3c187d51:c1023]
2019-07-09 04:31:17,363 INFO  client.GrpcClientProtocolClient (GrpcClientProtocolClient.java:onNext(255)) - client-859D8C9D7B89->65797d0d-2d4a-456d-9b24-1d63a5102722: receive RaftClientReply:client-859D8C9D7B89->65797d0d-2d4a-456d-9b24-1d63a5102722@group-BA7C392EEBCA, cid=801, SUCCESS, logIndex=1027, commits[65797d0d-2d4a-456d-9b24-1d63a5102722:c1028, aca3f3a4-0773-4ff1-9bb5-1a871868fd09:c1024, abe1c95d-8ae2-42e9-9d83-236e3c187d51:c1024]
2019-07-09 04:31:17,373 INFO  client.GrpcClientProtocolClient (GrpcClientProtocolClient.java:onNext(255)) - client-859D8C9D7B89->65797d0d-2d4a-456d-9b24-1d63a5102722: receive RaftClientReply:client-859D8C9D7B89->65797d0d-2d4a-456d-9b24-1d63a5102722@group-BA7C392EEBCA, cid=802, SUCCESS, logIndex=0, commits[65797d0d-2d4a-456d-9b24-1d63a5102722:c1030, aca3f3a4-0773-4ff1-9bb5-1a871868fd09:c1027, abe1c95d-8ae2-42e9-9d83-236e3c187d51:c1027]
2019-07-09 04:31:17,396 INFO  client.GrpcClientProtocolClient (GrpcClientProtocolClient.java:onNext(255)) - client-859D8C9D7B89->65797d0d-2d4a-456d-9b24-1d63a5102722: receive RaftClientReply:client-859D8C9D7B89->65797d0d-2d4a-456d-9b24-1d63a5102722@group-BA7C392EEBCA, cid=803, SUCCESS, logIndex=1031, commits[65797d0d-2d4a-456d-9b24-1d63a5102722:c1032, aca3f3a4-0773-4ff1-9bb5-1a871868fd09:c1030, abe1c95d-8ae2-42e9-9d83-236e3c187d51:c1030]
2019-07-09 04:31:17,396 INFO  client.GrpcClientProtocolClient (GrpcClientProtocolClient.java:onNext(255)) - client-859D8C9D7B89->65797d0d-2d4a-456d-9b24-1d63a5102722: receive RaftClientReply:client-859D8C9D7B89->65797d0d-2d4a-456d-9b24-1d63a5102722@group-BA7C392EEBCA, cid=804, SUCCESS, logIndex=1032, commits[65797d0d-2d4a-456d-9b24-1d63a5102722:c1032, aca3f3a4-0773-4ff1-9bb5-1a871868fd09:c1030, abe1c95d-8ae2-42e9-9d83-236e3c187d51:c1030]
2019-07-09 04:31:17,409 INFO  client.GrpcClientProtocolClient (GrpcClientProtocolClient.java:onNext(255)) - client-859D8C9D7B89->65797d0d-2d4a-456d-9b24-1d63a5102722: receive RaftClientReply:client-859D8C9D7B89->65797d0d-2d4a-456d-9b24-1d63a5102722@group-BA7C392EEBCA, cid=805, SUCCESS, logIndex=1035, commits[65797d0d-2d4a-456d-9b24-1d63a5102722:c1036, aca3f3a4-0773-4ff1-9bb5-1a871868fd09:c1032, abe1c95d-8ae2-42e9-9d83-236e3c187d51:c1031]
2019-07-09 04:31:17,410 INFO  client.GrpcClientProtocolClient (GrpcClientProtocolClient.java:onNext(255)) - client-859D8C9D7B89->65797d0d-2d4a-456d-9b24-1d63a5102722: receive RaftClientReply:client-859D8C9D7B89->65797d0d-2d4a-456d-9b24-1d63a5102722@group-BA7C392EEBCA, cid=806, SUCCESS, logIndex=1036, commits[65797d0d-2d4a-456d-9b24-1d63a5102722:c1036, aca3f3a4-0773-4ff1-9bb5-1a871868fd09:c1032, abe1c95d-8ae2-42e9-9d83-236e3c187d51:c1032]
2019-07-09 04:31:17,411 INFO  client.GrpcClientProtocolClient (GrpcClientProtocolClient.java:onNext(255)) - client-859D8C9D7B89->65797d0d-2d4a-456d-9b24-1d63a5102722: receive RaftClientReply:client-859D8C9D7B89->65797d0d-2d4a-456d-9b24-1d63a5102722@group-BA7C392EEBCA, cid=807, SUCCESS, logIndex=0, commits[65797d0d-2d4a-456d-9b24-1d63a5102722:c1037, aca3f3a4-0773-4ff1-9bb5-1a871868fd09:c1036, abe1c95d-8ae2-42e9-9d83-236e3c187d51:c1036]
2019-07-09 04:31:17,432 INFO  client.GrpcClientProtocolClient (GrpcClientProtocolClient.java:onNext(255)) - client-859D8C9D7B89->65797d0d-2d4a-456d-9b24-1d63a5102722: receive RaftClientReply:client-859D8C9D7B89->65797d0d-2d4a-456d-9b24-1d63a5102722@group-BA7C392EEBCA, cid=808, SUCCESS, logIndex=1039, commits[65797d0d-2d4a-456d-9b24-1d63a5102722:c1040, aca3f3a4-0773-4ff1-9bb5-1a871868fd09:c1038, abe1c95d-8ae2-42e9-9d83-236e3c187d51:c1038]
2019-07-09 04:31:17,433 INFO  client.GrpcClientProtocolClient (GrpcClientProtocolClient.java:onNext(255)) - client-859D8C9D7B89->65797d0d-2d4a-456d-9b24-1d63a5102722: receive RaftClientReply:client-859D8C9D7B89->65797d0d-2d4a-456d-9b24-1d63a5102722@group-BA7C392EEBCA, cid=809, SUCCESS, logIndex=1040, commits[65797d0d-2d4a-456d-9b24-1d63a5102722:c1040, aca3f3a4-0773-4ff1-9bb5-1a871868fd09:c1038, abe1c95d-8ae2-42e9-9d83-236e3c187d51:c1038]
2019-07-09 04:31:17,434 INFO  client.GrpcClientProtocolClient (GrpcClientProtocolClient.java:onNext(255)) - client-859D8C9D7B89->65797d0d-2d4a-456d-9b24-1d63a5102722: receive RaftClientReply:client-859D8C9D7B89->65797d0d-2d4a-456d-9b24-1d63a5102722@group-BA7C392EEBCA, cid=810, SUCCESS, logIndex=1041, commits[65797d0d-2d4a-456d-9b24-1d63a5102722:c1042, aca3f3a4-0773-4ff1-9bb5-1a871868fd09:c1038, abe1c95d-8ae2-42e9-9d83-236e3c187d51:c1038]
2019-07-09 04:31:17,434 INFO  client.GrpcClientProtocolClient (GrpcClientProtocolClient.java:onNext(255)) - client-859D8C9D7B89->65797d0d-2d4a-456d-9b24-1d63a5102722: receive RaftClientReply:client-859D8C9D7B89->65797d0d-2d4a-456d-9b24-1d63a5102722@group-BA7C392EEBCA, cid=811, SUCCESS, logIndex=1042, commits[65797d0d-2d4a-456d-9b24-1d63a5102722:c1042, aca3f3a4-0773-4ff1-9bb5-1a871868fd09:c1038, abe1c95d-8ae2-42e9-9d83-236e3c187d51:c1038]
2019-07-09 04:31:17,436 INFO  client.GrpcClientProtocolClient (GrpcClientProtocolClient.java:onNext(255)) - client-859D8C9D7B89->65797d0d-2d4a-456d-9b24-1d63a5102722: receive RaftClientReply:client-859D8C9D7B89->65797d0d-2d4a-456d-9b24-1d63a5102722@group-BA7C392EEBCA, cid=812, SUCCESS, logIndex=0, commits[65797d0d-2d4a-456d-9b24-1d63a5102722:c1046, aca3f3a4-0773-4ff1-9bb5-1a871868fd09:c1042, abe1c95d-8ae2-42e9-9d83-236e3c187d51:c1040]
2019-07-09 04:31:17,457 INFO  client.GrpcClientProtocolClient (GrpcClientProtocolClient.java:onNext(255)) - client-859D8C9D7B89->65797d0d-2d4a-456d-9b24-1d63a5102722: receive RaftClientReply:client-859D8C9D7B89->65797d0d-2d4a-456d-9b24-1d63a5102722@group-BA7C392EEBCA, cid=813, SUCCESS, logIndex=1047, commits[65797d0d-2d4a-456d-9b24-1d63a5102722:c1048, aca3f3a4-0773-4ff1-9bb5-1a871868fd09:c1046, abe1c95d-8ae2-42e9-9d83-236e3c187d51:c1046]
2019-07-09 04:31:17,458 INFO  client.GrpcClientProtocolClient (GrpcClientProtocolClient.java:onNext(255)) - client-859D8C9D7B89->65797d0d-2d4a-456d-9b24-1d63a5102722: receive RaftClientReply:client-859D8C9D7B89->65797d0d-2d4a-456d-9b24-1d63a5102722@group-BA7C392EEBCA, cid=814, SUCCESS, logIndex=1048, commits[65797d0d-2d4a-456d-9b24-1d63a5102722:c1048, aca3f3a4-0773-4ff1-9bb5-1a871868fd09:c1046, abe1c95d-8ae2-42e9-9d83-236e3c187d51:c1046]
2019-07-09 04:31:17,482 INFO  client.GrpcClientProtocolClient (GrpcClientProtocolClient.java:onNext(255)) - client-859D8C9D7B89->65797d0d-2d4a-456d-9b24-1d63a5102722: receive RaftClientReply:client-859D8C9D7B89->65797d0d-2d4a-456d-9b24-1d63a5102722@group-BA7C392EEBCA, cid=815, SUCCESS, logIndex=1051, commits[65797d0d-2d4a-456d-9b24-1d63a5102722:c1052, aca3f3a4-0773-4ff1-9bb5-1a871868fd09:c1048, abe1c95d-8ae2-42e9-9d83-236e3c187d51:c1048]
2019-07-09 04:31:17,483 INFO  client.GrpcClientProtocolClient (GrpcClientProtocolClient.java:onNext(255)) - client-859D8C9D7B89->65797d0d-2d4a-456d-9b24-1d63a5102722: receive RaftClientReply:client-859D8C9D7B89->65797d0d-2d4a-456d-9b24-1d63a5102722@group-BA7C392EEBCA, cid=816, SUCCESS, logIndex=1052, commits[65797d0d-2d4a-456d-9b24-1d63a5102722:c1052, aca3f3a4-0773-4ff1-9bb5-1a871868fd09:c1048, abe1c95d-8ae2-42e9-9d83-236e3c187d51:c1048]
2019-07-09 04:31:17,495 INFO  client.GrpcClientProtocolClient (GrpcClientProtocolClient.java:onNext(255)) - client-859D8C9D7B89->65797d0d-2d4a-456d-9b24-1d63a5102722: receive RaftClientReply:client-859D8C9D7B89->65797d0d-2d4a-456d-9b24-1d63a5102722@group-BA7C392EEBCA, cid=817, SUCCESS, logIndex=0, commits[65797d0d-2d4a-456d-9b24-1d63a5102722:c1054, aca3f3a4-0773-4ff1-9bb5-1a871868fd09:c1052, abe1c95d-8ae2-42e9-9d83-236e3c187d51:c1052]
2019-07-09 04:31:17,517 INFO  client.GrpcClientProtocolClient (GrpcClientProtocolClient.java:onNext(255)) - client-859D8C9D7B89->65797d0d-2d4a-456d-9b24-1d63a5102722: receive RaftClientReply:client-859D8C9D7B89->65797d0d-2d4a-456d-9b24-1d63a5102722@group-BA7C392EEBCA, cid=818, SUCCESS, logIndex=1055, commits[65797d0d-2d4a-456d-9b24-1d63a5102722:c1056, aca3f3a4-0773-4ff1-9bb5-1a871868fd09:c1054, abe1c95d-8ae2-42e9-9d83-236e3c187d51:c1054]
2019-07-09 04:31:17,518 INFO  client.GrpcClientProtocolClient (GrpcClientProtocolClient.java:onNext(255)) - client-859D8C9D7B89->65797d0d-2d4a-456d-9b24-1d63a5102722: receive RaftClientReply:client-859D8C9D7B89->65797d0d-2d4a-456d-9b24-1d63a5102722@group-BA7C392EEBCA, cid=819, SUCCESS, logIndex=1056, commits[65797d0d-2d4a-456d-9b24-1d63a5102722:c1056, aca3f3a4-0773-4ff1-9bb5-1a871868fd09:c1054, abe1c95d-8ae2-42e9-9d83-236e3c187d51:c1054]
2019-07-09 04:31:17,518 INFO  client.GrpcClientProtocolClient (GrpcClientProtocolClient.java:onNext(255)) - client-859D8C9D7B89->65797d0d-2d4a-456d-9b24-1d63a5102722: receive RaftClientReply:client-859D8C9D7B89->65797d0d-2d4a-456d-9b24-1d63a5102722@group-BA7C392EEBCA, cid=820, SUCCESS, logIndex=1057, commits[65797d0d-2d4a-456d-9b24-1d63a5102722:c1058, aca3f3a4-0773-4ff1-9bb5-1a871868fd09:c1054, abe1c95d-8ae2-42e9-9d83-236e3c187d51:c1054]
2019-07-09 04:31:17,518 INFO  client.GrpcClientProtocolClient (GrpcClientProtocolClient.java:onNext(255)) - client-859D8C9D7B89->65797d0d-2d4a-456d-9b24-1d63a5102722: receive RaftClientReply:client-859D8C9D7B89->65797d0d-2d4a-456d-9b24-1d63a5102722@group-BA7C392EEBCA, cid=821, SUCCESS, logIndex=1058, commits[65797d0d-2d4a-456d-9b24-1d63a5102722:c1058, aca3f3a4-0773-4ff1-9bb5-1a871868fd09:c1054, abe1c95d-8ae2-42e9-9d83-236e3c187d51:c1054]
2019-07-09 04:31:17,520 INFO  client.GrpcClientProtocolClient (GrpcClientProtocolClient.java:onNext(255)) - client-859D8C9D7B89->65797d0d-2d4a-456d-9b24-1d63a5102722: receive RaftClientReply:client-859D8C9D7B89->65797d0d-2d4a-456d-9b24-1d63a5102722@group-BA7C392EEBCA, cid=822, SUCCESS, logIndex=0, commits[65797d0d-2d4a-456d-9b24-1d63a5102722:c1062, aca3f3a4-0773-4ff1-9bb5-1a871868fd09:c1058, abe1c95d-8ae2-42e9-9d83-236e3c187d51:c1057]
2019-07-09 04:31:17,540 INFO  client.GrpcClientProtocolClient (GrpcClientProtocolClient.java:onNext(255)) - client-859D8C9D7B89->65797d0d-2d4a-456d-9b24-1d63a5102722: receive RaftClientReply:client-859D8C9D7B89->65797d0d-2d4a-456d-9b24-1d63a5102722@group-BA7C392EEBCA, cid=823, SUCCESS, logIndex=1063, commits[65797d0d-2d4a-456d-9b24-1d63a5102722:c1064, aca3f3a4-0773-4ff1-9bb5-1a871868fd09:c1062, abe1c95d-8ae2-42e9-9d83-236e3c187d51:c1062]
2019-07-09 04:31:17,540 INFO  client.GrpcClientProtocolClient (GrpcClientProtocolClient.java:onNext(255)) - client-859D8C9D7B89->65797d0d-2d4a-456d-9b24-1d63a5102722: receive RaftClientReply:client-859D8C9D7B89->65797d0d-2d4a-456d-9b24-1d63a5102722@group-BA7C392EEBCA, cid=824, SUCCESS, logIndex=1064, commits[65797d0d-2d4a-456d-9b24-1d63a5102722:c1064, aca3f3a4-0773-4ff1-9bb5-1a871868fd09:c1062, abe1c95d-8ae2-42e9-9d83-236e3c187d51:c1062]
2019-07-09 04:31:17,553 INFO  client.GrpcClientProtocolClient (GrpcClientProtocolClient.java:onNext(255)) - client-859D8C9D7B89->65797d0d-2d4a-456d-9b24-1d63a5102722: receive RaftClientReply:client-859D8C9D7B89->65797d0d-2d4a-456d-9b24-1d63a5102722@group-BA7C392EEBCA, cid=825, SUCCESS, logIndex=1067, commits[65797d0d-2d4a-456d-9b24-1d63a5102722:c1068, aca3f3a4-0773-4ff1-9bb5-1a871868fd09:c1064, abe1c95d-8ae2-42e9-9d83-236e3c187d51:c1064]
2019-07-09 04:31:17,554 INFO  client.GrpcClientProtocolClient (GrpcClientProtocolClient.java:onNext(255)) - client-859D8C9D7B89->65797d0d-2d4a-456d-9b24-1d63a5102722: receive RaftClientReply:client-859D8C9D7B89->65797d0d-2d4a-456d-9b24-1d63a5102722@group-BA7C392EEBCA, cid=826, SUCCESS, logIndex=1068, commits[65797d0d-2d4a-456d-9b24-1d63a5102722:c1068, aca3f3a4-0773-4ff1-9bb5-1a871868fd09:c1064, abe1c95d-8ae2-42e9-9d83-236e3c187d51:c1064]
2019-07-09 04:31:17,574 INFO  client.GrpcClientProtocolClient (GrpcClientProtocolClient.java:onNext(255)) - client-859D8C9D7B89->65797d0d-2d4a-456d-9b24-1d63a5102722: receive RaftClientReply:client-859D8C9D7B89->65797d0d-2d4a-456d-9b24-1d63a5102722@group-BA7C392EEBCA, cid=827, SUCCESS, logIndex=0, commits[65797d0d-2d4a-456d-9b24-1d63a5102722:c1070, aca3f3a4-0773-4ff1-9bb5-1a871868fd09:c1068, abe1c95d-8ae2-42e9-9d83-236e3c187d51:c1068]
2019-07-09 04:31:17,588 INFO  client.GrpcClientProtocolClient (GrpcClientProtocolClient.java:onNext(255)) - client-859D8C9D7B89->65797d0d-2d4a-456d-9b24-1d63a5102722: receive RaftClientReply:client-859D8C9D7B89->65797d0d-2d4a-456d-9b24-1d63a5102722@group-BA7C392EEBCA, cid=828, SUCCESS, logIndex=1071, commits[65797d0d-2d4a-456d-9b24-1d63a5102722:c1071, aca3f3a4-0773-4ff1-9bb5-1a871868fd09:c1070, abe1c95d-8ae2-42e9-9d83-236e3c187d51:c1070]
2019-07-09 04:31:17,589 INFO  client.GrpcClientProtocolClient (GrpcClientProtocolClient.java:onNext(255)) - client-859D8C9D7B89->65797d0d-2d4a-456d-9b24-1d63a5102722: receive RaftClientReply:client-859D8C9D7B89->65797d0d-2d4a-456d-9b24-1d63a5102722@group-BA7C392EEBCA, cid=829, SUCCESS, logIndex=1072, commits[65797d0d-2d4a-456d-9b24-1d63a5102722:c1072, aca3f3a4-0773-4ff1-9bb5-1a871868fd09:c1070, abe1c95d-8ae2-42e9-9d83-236e3c187d51:c1070]
2019-07-09 04:31:17,591 INFO  client.GrpcClientProtocolClient (GrpcClientProtocolClient.java:onNext(255)) - client-859D8C9D7B89->65797d0d-2d4a-456d-9b24-1d63a5102722: receive RaftClientReply:client-859D8C9D7B89->65797d0d-2d4a-456d-9b24-1d63a5102722@group-BA7C392EEBCA, cid=830, SUCCESS, logIndex=1073, commits[65797d0d-2d4a-456d-9b24-1d63a5102722:c1073, aca3f3a4-0773-4ff1-9bb5-1a871868fd09:c1070, abe1c95d-8ae2-42e9-9d83-236e3c187d51:c1070]
2019-07-09 04:31:17,592 INFO  client.GrpcClientProtocolClient (GrpcClientProtocolClient.java:onNext(255)) - client-859D8C9D7B89->65797d0d-2d4a-456d-9b24-1d63a5102722: receive RaftClientReply:client-859D8C9D7B89->65797d0d-2d4a-456d-9b24-1d63a5102722@group-BA7C392EEBCA, cid=831, SUCCESS, logIndex=1074, commits[65797d0d-2d4a-456d-9b24-1d63a5102722:c1076, aca3f3a4-0773-4ff1-9bb5-1a871868fd09:c1072, abe1c95d-8ae2-42e9-9d83-236e3c187d51:c1072]
2019-07-09 04:31:17,608 INFO  client.GrpcClientProtocolClient (GrpcClientProtocolClient.java:onNext(255)) - client-859D8C9D7B89->65797d0d-2d4a-456d-9b24-1d63a5102722: receive RaftClientReply:client-859D8C9D7B89->65797d0d-2d4a-456d-9b24-1d63a5102722@group-BA7C392EEBCA, cid=832, SUCCESS, logIndex=1078, commits[65797d0d-2d4a-456d-9b24-1d63a5102722:c1079, aca3f3a4-0773-4ff1-9bb5-1a871868fd09:c1076, abe1c95d-8ae2-42e9-9d83-236e3c187d51:c1076]
2019-07-09 04:31:17,608 INFO  client.GrpcClientProtocolClient (GrpcClientProtocolClient.java:onNext(255)) - client-859D8C9D7B89->65797d0d-2d4a-456d-9b24-1d63a5102722: receive RaftClientReply:client-859D8C9D7B89->65797d0d-2d4a-456d-9b24-1d63a5102722@group-BA7C392EEBCA, cid=833, SUCCESS, logIndex=1079, commits[65797d0d-2d4a-456d-9b24-1d63a5102722:c1079, aca3f3a4-0773-4ff1-9bb5-1a871868fd09:c1076, abe1c95d-8ae2-42e9-9d83-236e3c187d51:c1076]
2019-07-09 04:31:17,621 INFO  client.GrpcClientProtocolClient (GrpcClientProtocolClient.java:onNext(255)) - client-859D8C9D7B89->65797d0d-2d4a-456d-9b24-1d63a5102722: receive RaftClientReply:client-859D8C9D7B89->65797d0d-2d4a-456d-9b24-1d63a5102722@group-BA7C392EEBCA, cid=834, SUCCESS, logIndex=1082, commits[65797d0d-2d4a-456d-9b24-1d63a5102722:c1082, aca3f3a4-0773-4ff1-9bb5-1a871868fd09:c1079, abe1c95d-8ae2-42e9-9d83-236e3c187d51:c1079]
2019-07-09 04:31:17,622 INFO  client.GrpcClientProtocolClient (GrpcClientProtocolClient.java:onNext(255)) - client-859D8C9D7B89->65797d0d-2d4a-456d-9b24-1d63a5102722: receive RaftClientReply:client-859D8C9D7B89->65797d0d-2d4a-456d-9b24-1d63a5102722@group-BA7C392EEBCA, cid=835, SUCCESS, logIndex=1083, commits[65797d0d-2d4a-456d-9b24-1d63a5102722:c1083, aca3f3a4-0773-4ff1-9bb5-1a871868fd09:c1079, abe1c95d-8ae2-42e9-9d83-236e3c187d51:c1079]
2019-07-09 04:31:17,634 INFO  client.GrpcClientProtocolClient (GrpcClientProtocolClient.java:onNext(255)) - client-859D8C9D7B89->65797d0d-2d4a-456d-9b24-1d63a5102722: receive RaftClientReply:client-859D8C9D7B89->65797d0d-2d4a-456d-9b24-1d63a5102722@group-BA7C392EEBCA, cid=836, SUCCESS, logIndex=0, commits[65797d0d-2d4a-456d-9b24-1d63a5102722:c1084, aca3f3a4-0773-4ff1-9bb5-1a871868fd09:c1083, abe1c95d-8ae2-42e9-9d83-236e3c187d51:c1083]
2019-07-09 04:31:17,654 INFO  client.GrpcClientProtocolClient (GrpcClientProtocolClient.java:onNext(255)) - client-859D8C9D7B89->65797d0d-2d4a-456d-9b24-1d63a5102722: receive RaftClientReply:client-859D8C9D7B89->65797d0d-2d4a-456d-9b24-1d63a5102722@group-BA7C392EEBCA, cid=837, SUCCESS, logIndex=1086, commits[65797d0d-2d4a-456d-9b24-1d63a5102722:c1087, aca3f3a4-0773-4ff1-9bb5-1a871868fd09:c1085, abe1c95d-8ae2-42e9-9d83-236e3c187d51:c1085]
2019-07-09 04:31:17,655 INFO  client.GrpcClientProtocolClient (GrpcClientProtocolClient.java:onNext(255)) - client-859D8C9D7B89->65797d0d-2d4a-456d-9b24-1d63a5102722: receive RaftClientReply:client-859D8C9D7B89->65797d0d-2d4a-456d-9b24-1d63a5102722@group-BA7C392EEBCA, cid=838, SUCCESS, logIndex=1087, commits[65797d0d-2d4a-456d-9b24-1d63a5102722:c1088, aca3f3a4-0773-4ff1-9bb5-1a871868fd09:c1085, abe1c95d-8ae2-42e9-9d83-236e3c187d51:c1085]
2019-07-09 04:31:17,655 INFO  client.GrpcClientProtocolClient (GrpcClientProtocolClient.java:onNext(255)) - client-859D8C9D7B89->65797d0d-2d4a-456d-9b24-1d63a5102722: receive RaftClientReply:client-859D8C9D7B89->65797d0d-2d4a-456d-9b24-1d63a5102722@group-BA7C392EEBCA, cid=839, SUCCESS, logIndex=1088, commits[65797d0d-2d4a-456d-9b24-1d63a5102722:c1089, aca3f3a4-0773-4ff1-9bb5-1a871868fd09:c1085, abe1c95d-8ae2-42e9-9d83-236e3c187d51:c1085]
2019-07-09 04:31:17,656 INFO  client.GrpcClientProtocolClient (GrpcClientProtocolClient.java:onNext(255)) - client-859D8C9D7B89->65797d0d-2d4a-456d-9b24-1d63a5102722: receive RaftClientReply:client-859D8C9D7B89->65797d0d-2d4a-456d-9b24-1d63a5102722@group-BA7C392EEBCA, cid=840, SUCCESS, logIndex=1089, commits[65797d0d-2d4a-456d-9b24-1d63a5102722:c1089, aca3f3a4-0773-4ff1-9bb5-1a871868fd09:c1085, abe1c95d-8ae2-42e9-9d83-236e3c187d51:c1085]
2019-07-09 04:31:17,657 INFO  client.GrpcClientProtocolClient (GrpcClientProtocolClient.java:onNext(255)) - client-859D8C9D7B89->65797d0d-2d4a-456d-9b24-1d63a5102722: receive RaftClientReply:client-859D8C9D7B89->65797d0d-2d4a-456d-9b24-1d63a5102722@group-BA7C392EEBCA, cid=841, SUCCESS, logIndex=0, commits[65797d0d-2d4a-456d-9b24-1d63a5102722:c1093, aca3f3a4-0773-4ff1-9bb5-1a871868fd09:c1089, abe1c95d-8ae2-42e9-9d83-236e3c187d51:c1087]
2019-07-09 04:31:17,677 INFO  client.GrpcClientProtocolClient (GrpcClientProtocolClient.java:onNext(255)) - client-859D8C9D7B89->65797d0d-2d4a-456d-9b24-1d63a5102722: receive RaftClientReply:client-859D8C9D7B89->65797d0d-2d4a-456d-9b24-1d63a5102722@group-BA7C392EEBCA, cid=842, SUCCESS, logIndex=1094, commits[65797d0d-2d4a-456d-9b24-1d63a5102722:c1095, aca3f3a4-0773-4ff1-9bb5-1a871868fd09:c1093, abe1c95d-8ae2-42e9-9d83-236e3c187d51:c1093]
2019-07-09 04:31:17,677 INFO  client.GrpcClientProtocolClient (GrpcClientProtocolClient.java:onNext(255)) - client-859D8C9D7B89->65797d0d-2d4a-456d-9b24-1d63a5102722: receive RaftClientReply:client-859D8C9D7B89->65797d0d-2d4a-456d-9b24-1d63a5102722@group-BA7C392EEBCA, cid=843, SUCCESS, logIndex=1095, commits[65797d0d-2d4a-456d-9b24-1d63a5102722:c1095, aca3f3a4-0773-4ff1-9bb5-1a871868fd09:c1093, abe1c95d-8ae2-42e9-9d83-236e3c187d51:c1093]
 0.00% |█                                                                                                    |  0/1 Time: 0:00:032019-07-09 04:31:17,813 INFO  client.GrpcClientProtocolClient (GrpcClientProtocolClient.java:onNext(255)) - client-859D8C9D7B89->65797d0d-2d4a-456d-9b24-1d63a5102722: receive RaftClientReply:client-859D8C9D7B89->65797d0d-2d4a-456d-9b24-1d63a5102722@group-BA7C392EEBCA, cid=844, SUCCESS, logIndex=1098, commits[65797d0d-2d4a-456d-9b24-1d63a5102722:c1099, aca3f3a4-0773-4ff1-9bb5-1a871868fd09:c1095, abe1c95d-8ae2-42e9-9d83-236e3c187d51:c1095]
2019-07-09 04:31:17,813 INFO  client.GrpcClientProtocolClient (GrpcClientProtocolClient.java:onNext(255)) - client-859D8C9D7B89->65797d0d-2d4a-456d-9b24-1d63a5102722: receive RaftClientReply:client-859D8C9D7B89->65797d0d-2d4a-456d-9b24-1d63a5102722@group-BA7C392EEBCA, cid=845, SUCCESS, logIndex=1099, commits[65797d0d-2d4a-456d-9b24-1d63a5102722:c1099, aca3f3a4-0773-4ff1-9bb5-1a871868fd09:c1095, abe1c95d-8ae2-42e9-9d83-236e3c187d51:c1095]
2019-07-09 04:31:17,826 INFO  client.GrpcClientProtocolClient (GrpcClientProtocolClient.java:onNext(255)) - client-859D8C9D7B89->65797d0d-2d4a-456d-9b24-1d63a5102722: receive RaftClientReply:client-859D8C9D7B89->65797d0d-2d4a-456d-9b24-1d63a5102722@group-BA7C392EEBCA, cid=846, SUCCESS, logIndex=0, commits[65797d0d-2d4a-456d-9b24-1d63a5102722:c1101, aca3f3a4-0773-4ff1-9bb5-1a871868fd09:c1099, abe1c95d-8ae2-42e9-9d83-236e3c187d51:c1099]
2019-07-09 04:31:17,854 INFO  client.GrpcClientProtocolClient (GrpcClientProtocolClient.java:onNext(255)) - client-859D8C9D7B89->65797d0d-2d4a-456d-9b24-1d63a5102722: receive RaftClientReply:client-859D8C9D7B89->65797d0d-2d4a-456d-9b24-1d63a5102722@group-BA7C392EEBCA, cid=847, SUCCESS, logIndex=1102, commits[65797d0d-2d4a-456d-9b24-1d63a5102722:c1103, aca3f3a4-0773-4ff1-9bb5-1a871868fd09:c1101, abe1c95d-8ae2-42e9-9d83-236e3c187d51:c1101]
2019-07-09 04:31:17,855 INFO  client.GrpcClientProtocolClient (GrpcClientProtocolClient.java:onNext(255)) - client-859D8C9D7B89->65797d0d-2d4a-456d-9b24-1d63a5102722: receive RaftClientReply:client-859D8C9D7B89->65797d0d-2d4a-456d-9b24-1d63a5102722@group-BA7C392EEBCA, cid=848, SUCCESS, logIndex=1103, commits[65797d0d-2d4a-456d-9b24-1d63a5102722:c1105, aca3f3a4-0773-4ff1-9bb5-1a871868fd09:c1101, abe1c95d-8ae2-42e9-9d83-236e3c187d51:c1101]
2019-07-09 04:31:17,856 INFO  client.GrpcClientProtocolClient (GrpcClientProtocolClient.java:onNext(255)) - client-859D8C9D7B89->65797d0d-2d4a-456d-9b24-1d63a5102722: receive RaftClientReply:client-859D8C9D7B89->65797d0d-2d4a-456d-9b24-1d63a5102722@group-BA7C392EEBCA, cid=849, SUCCESS, logIndex=1104, commits[65797d0d-2d4a-456d-9b24-1d63a5102722:c1105, aca3f3a4-0773-4ff1-9bb5-1a871868fd09:c1101, abe1c95d-8ae2-42e9-9d83-236e3c187d51:c1101]
2019-07-09 04:31:17,856 INFO  client.GrpcClientProtocolClient (GrpcClientProtocolClient.java:onNext(255)) - client-859D8C9D7B89->65797d0d-2d4a-456d-9b24-1d63a5102722: receive RaftClientReply:client-859D8C9D7B89->65797d0d-2d4a-456d-9b24-1d63a5102722@group-BA7C392EEBCA, cid=850, SUCCESS, logIndex=1105, commits[65797d0d-2d4a-456d-9b24-1d63a5102722:c1105, aca3f3a4-0773-4ff1-9bb5-1a871868fd09:c1101, abe1c95d-8ae2-42e9-9d83-236e3c187d51:c1101]
2019-07-09 04:31:17,858 INFO  client.GrpcClientProtocolClient (GrpcClientProtocolClient.java:onNext(255)) - client-859D8C9D7B89->65797d0d-2d4a-456d-9b24-1d63a5102722: receive RaftClientReply:client-859D8C9D7B89->65797d0d-2d4a-456d-9b24-1d63a5102722@group-BA7C392EEBCA, cid=851, SUCCESS, logIndex=0, commits[65797d0d-2d4a-456d-9b24-1d63a5102722:c1109, aca3f3a4-0773-4ff1-9bb5-1a871868fd09:c1105, abe1c95d-8ae2-42e9-9d83-236e3c187d51:c1103]
2019-07-09 04:31:17,873 INFO  client.GrpcClientProtocolClient (GrpcClientProtocolClient.java:onNext(255)) - client-859D8C9D7B89->65797d0d-2d4a-456d-9b24-1d63a5102722: receive RaftClientReply:client-859D8C9D7B89->65797d0d-2d4a-456d-9b24-1d63a5102722@group-BA7C392EEBCA, cid=852, SUCCESS, logIndex=1110, commits[65797d0d-2d4a-456d-9b24-1d63a5102722:c1111, aca3f3a4-0773-4ff1-9bb5-1a871868fd09:c1109, abe1c95d-8ae2-42e9-9d83-236e3c187d51:c1109]
2019-07-09 04:31:17,874 INFO  client.GrpcClientProtocolClient (GrpcClientProtocolClient.java:onNext(255)) - client-859D8C9D7B89->65797d0d-2d4a-456d-9b24-1d63a5102722: receive RaftClientReply:client-859D8C9D7B89->65797d0d-2d4a-456d-9b24-1d63a5102722@group-BA7C392EEBCA, cid=853, SUCCESS, logIndex=1111, commits[65797d0d-2d4a-456d-9b24-1d63a5102722:c1111, aca3f3a4-0773-4ff1-9bb5-1a871868fd09:c1109, abe1c95d-8ae2-42e9-9d83-236e3c187d51:c1109]
2019-07-09 04:31:17,898 INFO  client.GrpcClientProtocolClient (GrpcClientProtocolClient.java:onNext(255)) - client-859D8C9D7B89->65797d0d-2d4a-456d-9b24-1d63a5102722: receive RaftClientReply:client-859D8C9D7B89->65797d0d-2d4a-456d-9b24-1d63a5102722@group-BA7C392EEBCA, cid=854, SUCCESS, logIndex=1114, commits[65797d0d-2d4a-456d-9b24-1d63a5102722:c1115, aca3f3a4-0773-4ff1-9bb5-1a871868fd09:c1111, abe1c95d-8ae2-42e9-9d83-236e3c187d51:c1111]
2019-07-09 04:31:17,898 INFO  client.GrpcClientProtocolClient (GrpcClientProtocolClient.java:onNext(255)) - client-859D8C9D7B89->65797d0d-2d4a-456d-9b24-1d63a5102722: receive RaftClientReply:client-859D8C9D7B89->65797d0d-2d4a-456d-9b24-1d63a5102722@group-BA7C392EEBCA, cid=855, SUCCESS, logIndex=1115, commits[65797d0d-2d4a-456d-9b24-1d63a5102722:c1115, aca3f3a4-0773-4ff1-9bb5-1a871868fd09:c1111, abe1c95d-8ae2-42e9-9d83-236e3c187d51:c1111]
2019-07-09 04:31:17,909 INFO  client.GrpcClientProtocolClient (GrpcClientProtocolClient.java:onNext(255)) - client-859D8C9D7B89->65797d0d-2d4a-456d-9b24-1d63a5102722: receive RaftClientReply:client-859D8C9D7B89->65797d0d-2d4a-456d-9b24-1d63a5102722@group-BA7C392EEBCA, cid=856, SUCCESS, logIndex=0, commits[65797d0d-2d4a-456d-9b24-1d63a5102722:c1116, aca3f3a4-0773-4ff1-9bb5-1a871868fd09:c1115, abe1c95d-8ae2-42e9-9d83-236e3c187d51:c1115]
2019-07-09 04:31:17,931 INFO  client.GrpcClientProtocolClient (GrpcClientProtocolClient.java:onNext(255)) - client-859D8C9D7B89->65797d0d-2d4a-456d-9b24-1d63a5102722: receive RaftClientReply:client-859D8C9D7B89->65797d0d-2d4a-456d-9b24-1d63a5102722@group-BA7C392EEBCA, cid=857, SUCCESS, logIndex=1118, commits[65797d0d-2d4a-456d-9b24-1d63a5102722:c1119, aca3f3a4-0773-4ff1-9bb5-1a871868fd09:c1117, abe1c95d-8ae2-42e9-9d83-236e3c187d51:c1117]
2019-07-09 04:31:17,932 INFO  client.GrpcClientProtocolClient (GrpcClientProtocolClient.java:onNext(255)) - client-859D8C9D7B89->65797d0d-2d4a-456d-9b24-1d63a5102722: receive RaftClientReply:client-859D8C9D7B89->65797d0d-2d4a-456d-9b24-1d63a5102722@group-BA7C392EEBCA, cid=858, SUCCESS, logIndex=1119, commits[65797d0d-2d4a-456d-9b24-1d63a5102722:c1119, aca3f3a4-0773-4ff1-9bb5-1a871868fd09:c1117, abe1c95d-8ae2-42e9-9d83-236e3c187d51:c1117]
2019-07-09 04:31:17,933 INFO  client.GrpcClientProtocolClient (GrpcClientProtocolClient.java:onNext(255)) - client-859D8C9D7B89->65797d0d-2d4a-456d-9b24-1d63a5102722: receive RaftClientReply:client-859D8C9D7B89->65797d0d-2d4a-456d-9b24-1d63a5102722@group-BA7C392EEBCA, cid=859, SUCCESS, logIndex=1120, commits[65797d0d-2d4a-456d-9b24-1d63a5102722:c1120, aca3f3a4-0773-4ff1-9bb5-1a871868fd09:c1117, abe1c95d-8ae2-42e9-9d83-236e3c187d51:c1117]
2019-07-09 04:31:17,933 INFO  client.GrpcClientProtocolClient (GrpcClientProtocolClient.java:onNext(255)) - client-859D8C9D7B89->65797d0d-2d4a-456d-9b24-1d63a5102722: receive RaftClientReply:client-859D8C9D7B89->65797d0d-2d4a-456d-9b24-1d63a5102722@group-BA7C392EEBCA, cid=860, SUCCESS, logIndex=1121, commits[65797d0d-2d4a-456d-9b24-1d63a5102722:c1121, aca3f3a4-0773-4ff1-9bb5-1a871868fd09:c1117, abe1c95d-8ae2-42e9-9d83-236e3c187d51:c1117]
2019-07-09 04:31:17,935 INFO  client.GrpcClientProtocolClient (GrpcClientProtocolClient.java:onNext(255)) - client-859D8C9D7B89->65797d0d-2d4a-456d-9b24-1d63a5102722: receive RaftClientReply:client-859D8C9D7B89->65797d0d-2d4a-456d-9b24-1d63a5102722@group-BA7C392EEBCA, cid=861, SUCCESS, logIndex=0, commits[65797d0d-2d4a-456d-9b24-1d63a5102722:c1125, aca3f3a4-0773-4ff1-9bb5-1a871868fd09:c1121, abe1c95d-8ae2-42e9-9d83-236e3c187d51:c1119]
2019-07-09 04:31:17,955 INFO  client.GrpcClientProtocolClient (GrpcClientProtocolClient.java:onNext(255)) - client-859D8C9D7B89->65797d0d-2d4a-456d-9b24-1d63a5102722: receive RaftClientReply:client-859D8C9D7B89->65797d0d-2d4a-456d-9b24-1d63a5102722@group-BA7C392EEBCA, cid=862, SUCCESS, logIndex=1126, commits[65797d0d-2d4a-456d-9b24-1d63a5102722:c1127, aca3f3a4-0773-4ff1-9bb5-1a871868fd09:c1125, abe1c95d-8ae2-42e9-9d83-236e3c187d51:c1125]
2019-07-09 04:31:17,956 INFO  client.GrpcClientProtocolClient (GrpcClientProtocolClient.java:onNext(255)) - client-859D8C9D7B89->65797d0d-2d4a-456d-9b24-1d63a5102722: receive RaftClientReply:client-859D8C9D7B89->65797d0d-2d4a-456d-9b24-1d63a5102722@group-BA7C392EEBCA, cid=863, SUCCESS, logIndex=1127, commits[65797d0d-2d4a-456d-9b24-1d63a5102722:c1127, aca3f3a4-0773-4ff1-9bb5-1a871868fd09:c1125, abe1c95d-8ae2-42e9-9d83-236e3c187d51:c1125]
2019-07-09 04:31:17,969 INFO  client.GrpcClientProtocolClient (GrpcClientProtocolClient.java:onNext(255)) - client-859D8C9D7B89->65797d0d-2d4a-456d-9b24-1d63a5102722: receive RaftClientReply:client-859D8C9D7B89->65797d0d-2d4a-456d-9b24-1d63a5102722@group-BA7C392EEBCA, cid=864, SUCCESS, logIndex=1130, commits[65797d0d-2d4a-456d-9b24-1d63a5102722:c1131, aca3f3a4-0773-4ff1-9bb5-1a871868fd09:c1127, abe1c95d-8ae2-42e9-9d83-236e3c187d51:c1127]
2019-07-09 04:31:17,970 INFO  client.GrpcClientProtocolClient (GrpcClientProtocolClient.java:onNext(255)) - client-859D8C9D7B89->65797d0d-2d4a-456d-9b24-1d63a5102722: receive RaftClientReply:client-859D8C9D7B89->65797d0d-2d4a-456d-9b24-1d63a5102722@group-BA7C392EEBCA, cid=865, SUCCESS, logIndex=1131, commits[65797d0d-2d4a-456d-9b24-1d63a5102722:c1131, aca3f3a4-0773-4ff1-9bb5-1a871868fd09:c1127, abe1c95d-8ae2-42e9-9d83-236e3c187d51:c1127]
2019-07-09 04:31:17,982 INFO  client.GrpcClientProtocolClient (GrpcClientProtocolClient.java:onNext(255)) - client-859D8C9D7B89->65797d0d-2d4a-456d-9b24-1d63a5102722: receive RaftClientReply:client-859D8C9D7B89->65797d0d-2d4a-456d-9b24-1d63a5102722@group-BA7C392EEBCA, cid=866, SUCCESS, logIndex=0, commits[65797d0d-2d4a-456d-9b24-1d63a5102722:c1133, aca3f3a4-0773-4ff1-9bb5-1a871868fd09:c1131, abe1c95d-8ae2-42e9-9d83-236e3c187d51:c1131]
2019-07-09 04:31:18,003 INFO  client.GrpcClientProtocolClient (GrpcClientProtocolClient.java:onNext(255)) - client-859D8C9D7B89->65797d0d-2d4a-456d-9b24-1d63a5102722: receive RaftClientReply:client-859D8C9D7B89->65797d0d-2d4a-456d-9b24-1d63a5102722@group-BA7C392EEBCA, cid=867, SUCCESS, logIndex=1134, commits[65797d0d-2d4a-456d-9b24-1d63a5102722:c1135, aca3f3a4-0773-4ff1-9bb5-1a871868fd09:c1133, abe1c95d-8ae2-42e9-9d83-236e3c187d51:c1133]
2019-07-09 04:31:18,004 INFO  client.GrpcClientProtocolClient (GrpcClientProtocolClient.java:onNext(255)) - client-859D8C9D7B89->65797d0d-2d4a-456d-9b24-1d63a5102722: receive RaftClientReply:client-859D8C9D7B89->65797d0d-2d4a-456d-9b24-1d63a5102722@group-BA7C392EEBCA, cid=868, SUCCESS, logIndex=1135, commits[65797d0d-2d4a-456d-9b24-1d63a5102722:c1137, aca3f3a4-0773-4ff1-9bb5-1a871868fd09:c1133, abe1c95d-8ae2-42e9-9d83-236e3c187d51:c1133]
2019-07-09 04:31:18,004 INFO  client.GrpcClientProtocolClient (GrpcClientProtocolClient.java:onNext(255)) - client-859D8C9D7B89->65797d0d-2d4a-456d-9b24-1d63a5102722: receive RaftClientReply:client-859D8C9D7B89->65797d0d-2d4a-456d-9b24-1d63a5102722@group-BA7C392EEBCA, cid=869, SUCCESS, logIndex=1136, commits[65797d0d-2d4a-456d-9b24-1d63a5102722:c1137, aca3f3a4-0773-4ff1-9bb5-1a871868fd09:c1133, abe1c95d-8ae2-42e9-9d83-236e3c187d51:c1133]
2019-07-09 04:31:18,005 INFO  client.GrpcClientProtocolClient (GrpcClientProtocolClient.java:onNext(255)) - client-859D8C9D7B89->65797d0d-2d4a-456d-9b24-1d63a5102722: receive RaftClientReply:client-859D8C9D7B89->65797d0d-2d4a-456d-9b24-1d63a5102722@group-BA7C392EEBCA, cid=870, SUCCESS, logIndex=1137, commits[65797d0d-2d4a-456d-9b24-1d63a5102722:c1137, aca3f3a4-0773-4ff1-9bb5-1a871868fd09:c1133, abe1c95d-8ae2-42e9-9d83-236e3c187d51:c1133]
2019-07-09 04:31:18,006 INFO  client.GrpcClientProtocolClient (GrpcClientProtocolClient.java:onNext(255)) - client-859D8C9D7B89->65797d0d-2d4a-456d-9b24-1d63a5102722: receive RaftClientReply:client-859D8C9D7B89->65797d0d-2d4a-456d-9b24-1d63a5102722@group-BA7C392EEBCA, cid=871, SUCCESS, logIndex=0, commits[65797d0d-2d4a-456d-9b24-1d63a5102722:c1141, aca3f3a4-0773-4ff1-9bb5-1a871868fd09:c1137, abe1c95d-8ae2-42e9-9d83-236e3c187d51:c1137]
2019-07-09 04:31:18,025 INFO  client.GrpcClientProtocolClient (GrpcClientProtocolClient.java:onNext(255)) - client-859D8C9D7B89->65797d0d-2d4a-456d-9b24-1d63a5102722: receive RaftClientReply:client-859D8C9D7B89->65797d0d-2d4a-456d-9b24-1d63a5102722@group-BA7C392EEBCA, cid=872, SUCCESS, logIndex=1142, commits[65797d0d-2d4a-456d-9b24-1d63a5102722:c1143, aca3f3a4-0773-4ff1-9bb5-1a871868fd09:c1141, abe1c95d-8ae2-42e9-9d83-236e3c187d51:c1141]
2019-07-09 04:31:18,026 INFO  client.GrpcClientProtocolClient (GrpcClientProtocolClient.java:onNext(255)) - client-859D8C9D7B89->65797d0d-2d4a-456d-9b24-1d63a5102722: receive RaftClientReply:client-859D8C9D7B89->65797d0d-2d4a-456d-9b24-1d63a5102722@group-BA7C392EEBCA, cid=873, SUCCESS, logIndex=1143, commits[65797d0d-2d4a-456d-9b24-1d63a5102722:c1143, aca3f3a4-0773-4ff1-9bb5-1a871868fd09:c1141, abe1c95d-8ae2-42e9-9d83-236e3c187d51:c1141]
2019-07-09 04:31:18,039 INFO  client.GrpcClientProtocolClient (GrpcClientProtocolClient.java:onNext(255)) - client-859D8C9D7B89->65797d0d-2d4a-456d-9b24-1d63a5102722: receive RaftClientReply:client-859D8C9D7B89->65797d0d-2d4a-456d-9b24-1d63a5102722@group-BA7C392EEBCA, cid=874, SUCCESS, logIndex=1146, commits[65797d0d-2d4a-456d-9b24-1d63a5102722:c1146, aca3f3a4-0773-4ff1-9bb5-1a871868fd09:c1143, abe1c95d-8ae2-42e9-9d83-236e3c187d51:c1143]
2019-07-09 04:31:18,039 INFO  client.GrpcClientProtocolClient (GrpcClientProtocolClient.java:onNext(255)) - client-859D8C9D7B89->65797d0d-2d4a-456d-9b24-1d63a5102722: receive RaftClientReply:client-859D8C9D7B89->65797d0d-2d4a-456d-9b24-1d63a5102722@group-BA7C392EEBCA, cid=875, SUCCESS, logIndex=1147, commits[65797d0d-2d4a-456d-9b24-1d63a5102722:c1147, aca3f3a4-0773-4ff1-9bb5-1a871868fd09:c1143, abe1c95d-8ae2-42e9-9d83-236e3c187d51:c1143]
2019-07-09 04:31:18,051 INFO  client.GrpcClientProtocolClient (GrpcClientProtocolClient.java:onNext(255)) - client-859D8C9D7B89->65797d0d-2d4a-456d-9b24-1d63a5102722: receive RaftClientReply:client-859D8C9D7B89->65797d0d-2d4a-456d-9b24-1d63a5102722@group-BA7C392EEBCA, cid=876, SUCCESS, logIndex=0, commits[65797d0d-2d4a-456d-9b24-1d63a5102722:c1149, aca3f3a4-0773-4ff1-9bb5-1a871868fd09:c1147, abe1c95d-8ae2-42e9-9d83-236e3c187d51:c1147]
2019-07-09 04:31:18,078 INFO  client.GrpcClientProtocolClient (GrpcClientProtocolClient.java:onNext(255)) - client-859D8C9D7B89->65797d0d-2d4a-456d-9b24-1d63a5102722: receive RaftClientReply:client-859D8C9D7B89->65797d0d-2d4a-456d-9b24-1d63a5102722@group-BA7C392EEBCA, cid=877, SUCCESS, logIndex=1150, commits[65797d0d-2d4a-456d-9b24-1d63a5102722:c1151, aca3f3a4-0773-4ff1-9bb5-1a871868fd09:c1149, abe1c95d-8ae2-42e9-9d83-236e3c187d51:c1149]
2019-07-09 04:31:18,079 INFO  client.GrpcClientProtocolClient (GrpcClientProtocolClient.java:onNext(255)) - client-859D8C9D7B89->65797d0d-2d4a-456d-9b24-1d63a5102722: receive RaftClientReply:client-859D8C9D7B89->65797d0d-2d4a-456d-9b24-1d63a5102722@group-BA7C392EEBCA, cid=878, SUCCESS, logIndex=1151, commits[65797d0d-2d4a-456d-9b24-1d63a5102722:c1153, aca3f3a4-0773-4ff1-9bb5-1a871868fd09:c1149, abe1c95d-8ae2-42e9-9d83-236e3c187d51:c1149]
2019-07-09 04:31:18,079 INFO  client.GrpcClientProtocolClient (GrpcClientProtocolClient.java:onNext(255)) - client-859D8C9D7B89->65797d0d-2d4a-456d-9b24-1d63a5102722: receive RaftClientReply:client-859D8C9D7B89->65797d0d-2d4a-456d-9b24-1d63a5102722@group-BA7C392EEBCA, cid=879, SUCCESS, logIndex=1152, commits[65797d0d-2d4a-456d-9b24-1d63a5102722:c1153, aca3f3a4-0773-4ff1-9bb5-1a871868fd09:c1149, abe1c95d-8ae2-42e9-9d83-236e3c187d51:c1149]
2019-07-09 04:31:18,079 INFO  client.GrpcClientProtocolClient (GrpcClientProtocolClient.java:onNext(255)) - client-859D8C9D7B89->65797d0d-2d4a-456d-9b24-1d63a5102722: receive RaftClientReply:client-859D8C9D7B89->65797d0d-2d4a-456d-9b24-1d63a5102722@group-BA7C392EEBCA, cid=880, SUCCESS, logIndex=1153, commits[65797d0d-2d4a-456d-9b24-1d63a5102722:c1153, aca3f3a4-0773-4ff1-9bb5-1a871868fd09:c1149, abe1c95d-8ae2-42e9-9d83-236e3c187d51:c1149]
2019-07-09 04:31:18,080 INFO  client.GrpcClientProtocolClient (GrpcClientProtocolClient.java:onNext(255)) - client-859D8C9D7B89->65797d0d-2d4a-456d-9b24-1d63a5102722: receive RaftClientReply:client-859D8C9D7B89->65797d0d-2d4a-456d-9b24-1d63a5102722@group-BA7C392EEBCA, cid=881, SUCCESS, logIndex=0, commits[65797d0d-2d4a-456d-9b24-1d63a5102722:c1156, aca3f3a4-0773-4ff1-9bb5-1a871868fd09:c1153, abe1c95d-8ae2-42e9-9d83-236e3c187d51:c1151]
2019-07-09 04:31:18,107 INFO  client.GrpcClientProtocolClient (GrpcClientProtocolClient.java:onNext(255)) - client-859D8C9D7B89->65797d0d-2d4a-456d-9b24-1d63a5102722: receive RaftClientReply:client-859D8C9D7B89->65797d0d-2d4a-456d-9b24-1d63a5102722@group-BA7C392EEBCA, cid=882, SUCCESS, logIndex=1158, commits[65797d0d-2d4a-456d-9b24-1d63a5102722:c1159, aca3f3a4-0773-4ff1-9bb5-1a871868fd09:c1157, abe1c95d-8ae2-42e9-9d83-236e3c187d51:c1157]
2019-07-09 04:31:18,107 INFO  client.GrpcClientProtocolClient (GrpcClientProtocolClient.java:onNext(255)) - client-859D8C9D7B89->65797d0d-2d4a-456d-9b24-1d63a5102722: receive RaftClientReply:client-859D8C9D7B89->65797d0d-2d4a-456d-9b24-1d63a5102722@group-BA7C392EEBCA, cid=883, SUCCESS, logIndex=1159, commits[65797d0d-2d4a-456d-9b24-1d63a5102722:c1159, aca3f3a4-0773-4ff1-9bb5-1a871868fd09:c1157, abe1c95d-8ae2-42e9-9d83-236e3c187d51:c1157]
2019-07-09 04:31:18,124 INFO  client.GrpcClientProtocolClient (GrpcClientProtocolClient.java:onNext(255)) - client-859D8C9D7B89->65797d0d-2d4a-456d-9b24-1d63a5102722: receive RaftClientReply:client-859D8C9D7B89->65797d0d-2d4a-456d-9b24-1d63a5102722@group-BA7C392EEBCA, cid=884, SUCCESS, logIndex=1162, commits[65797d0d-2d4a-456d-9b24-1d63a5102722:c1163, aca3f3a4-0773-4ff1-9bb5-1a871868fd09:c1159, abe1c95d-8ae2-42e9-9d83-236e3c187d51:c1159]
2019-07-09 04:31:18,124 INFO  client.GrpcClientProtocolClient (GrpcClientProtocolClient.java:onNext(255)) - client-859D8C9D7B89->65797d0d-2d4a-456d-9b24-1d63a5102722: receive RaftClientReply:client-859D8C9D7B89->65797d0d-2d4a-456d-9b24-1d63a5102722@group-BA7C392EEBCA, cid=885, SUCCESS, logIndex=1163, commits[65797d0d-2d4a-456d-9b24-1d63a5102722:c1163, aca3f3a4-0773-4ff1-9bb5-1a871868fd09:c1159, abe1c95d-8ae2-42e9-9d83-236e3c187d51:c1159]
2019-07-09 04:31:18,142 INFO  client.GrpcClientProtocolClient (GrpcClientProtocolClient.java:onNext(255)) - client-859D8C9D7B89->65797d0d-2d4a-456d-9b24-1d63a5102722: receive RaftClientReply:client-859D8C9D7B89->65797d0d-2d4a-456d-9b24-1d63a5102722@group-BA7C392EEBCA, cid=886, SUCCESS, logIndex=0, commits[65797d0d-2d4a-456d-9b24-1d63a5102722:c1165, aca3f3a4-0773-4ff1-9bb5-1a871868fd09:c1163, abe1c95d-8ae2-42e9-9d83-236e3c187d51:c1163]
2019-07-09 04:31:18,162 INFO  client.GrpcClientProtocolClient (GrpcClientProtocolClient.java:onNext(255)) - client-859D8C9D7B89->65797d0d-2d4a-456d-9b24-1d63a5102722: receive RaftClientReply:client-859D8C9D7B89->65797d0d-2d4a-456d-9b24-1d63a5102722@group-BA7C392EEBCA, cid=887, SUCCESS, logIndex=1166, commits[65797d0d-2d4a-456d-9b24-1d63a5102722:c1167, aca3f3a4-0773-4ff1-9bb5-1a871868fd09:c1165, abe1c95d-8ae2-42e9-9d83-236e3c187d51:c1165]
2019-07-09 04:31:18,163 INFO  client.GrpcClientProtocolClient (GrpcClientProtocolClient.java:onNext(255)) - client-859D8C9D7B89->65797d0d-2d4a-456d-9b24-1d63a5102722: receive RaftClientReply:client-859D8C9D7B89->65797d0d-2d4a-456d-9b24-1d63a5102722@group-BA7C392EEBCA, cid=888, SUCCESS, logIndex=1167, commits[65797d0d-2d4a-456d-9b24-1d63a5102722:c1169, aca3f3a4-0773-4ff1-9bb5-1a871868fd09:c1165, abe1c95d-8ae2-42e9-9d83-236e3c187d51:c1165]
2019-07-09 04:31:18,163 INFO  client.GrpcClientProtocolClient (GrpcClientProtocolClient.java:onNext(255)) - client-859D8C9D7B89->65797d0d-2d4a-456d-9b24-1d63a5102722: receive RaftClientReply:client-859D8C9D7B89->65797d0d-2d4a-456d-9b24-1d63a5102722@group-BA7C392EEBCA, cid=889, SUCCESS, logIndex=1168, commits[65797d0d-2d4a-456d-9b24-1d63a5102722:c1169, aca3f3a4-0773-4ff1-9bb5-1a871868fd09:c1165, abe1c95d-8ae2-42e9-9d83-236e3c187d51:c1165]
2019-07-09 04:31:18,163 INFO  client.GrpcClientProtocolClient (GrpcClientProtocolClient.java:onNext(255)) - client-859D8C9D7B89->65797d0d-2d4a-456d-9b24-1d63a5102722: receive RaftClientReply:client-859D8C9D7B89->65797d0d-2d4a-456d-9b24-1d63a5102722@group-BA7C392EEBCA, cid=890, SUCCESS, logIndex=1169, commits[65797d0d-2d4a-456d-9b24-1d63a5102722:c1169, aca3f3a4-0773-4ff1-9bb5-1a871868fd09:c1165, abe1c95d-8ae2-42e9-9d83-236e3c187d51:c1165]
2019-07-09 04:31:18,165 INFO  client.GrpcClientProtocolClient (GrpcClientProtocolClient.java:onNext(255)) - client-859D8C9D7B89->65797d0d-2d4a-456d-9b24-1d63a5102722: receive RaftClientReply:client-859D8C9D7B89->65797d0d-2d4a-456d-9b24-1d63a5102722@group-BA7C392EEBCA, cid=891, SUCCESS, logIndex=0, commits[65797d0d-2d4a-456d-9b24-1d63a5102722:c1173, aca3f3a4-0773-4ff1-9bb5-1a871868fd09:c1167, abe1c95d-8ae2-42e9-9d83-236e3c187d51:c1169]
2019-07-09 04:31:18,183 INFO  client.GrpcClientProtocolClient (GrpcClientProtocolClient.java:onNext(255)) - client-859D8C9D7B89->65797d0d-2d4a-456d-9b24-1d63a5102722: receive RaftClientReply:client-859D8C9D7B89->65797d0d-2d4a-456d-9b24-1d63a5102722@group-BA7C392EEBCA, cid=892, SUCCESS, logIndex=1174, commits[65797d0d-2d4a-456d-9b24-1d63a5102722:c1175, aca3f3a4-0773-4ff1-9bb5-1a871868fd09:c1173, abe1c95d-8ae2-42e9-9d83-236e3c187d51:c1173]
2019-07-09 04:31:18,184 INFO  client.GrpcClientProtocolClient (GrpcClientProtocolClient.java:onNext(255)) - client-859D8C9D7B89->65797d0d-2d4a-456d-9b24-1d63a5102722: receive RaftClientReply:client-859D8C9D7B89->65797d0d-2d4a-456d-9b24-1d63a5102722@group-BA7C392EEBCA, cid=893, SUCCESS, logIndex=1175, commits[65797d0d-2d4a-456d-9b24-1d63a5102722:c1175, aca3f3a4-0773-4ff1-9bb5-1a871868fd09:c1173, abe1c95d-8ae2-42e9-9d83-236e3c187d51:c1173]
2019-07-09 04:31:18,197 INFO  client.GrpcClientProtocolClient (GrpcClientProtocolClient.java:onNext(255)) - client-859D8C9D7B89->65797d0d-2d4a-456d-9b24-1d63a5102722: receive RaftClientReply:client-859D8C9D7B89->65797d0d-2d4a-456d-9b24-1d63a5102722@group-BA7C392EEBCA, cid=894, SUCCESS, logIndex=1178, commits[65797d0d-2d4a-456d-9b24-1d63a5102722:c1179, aca3f3a4-0773-4ff1-9bb5-1a871868fd09:c1175, abe1c95d-8ae2-42e9-9d83-236e3c187d51:c1175]
2019-07-09 04:31:18,197 INFO  client.GrpcClientProtocolClient (GrpcClientProtocolClient.java:onNext(255)) - client-859D8C9D7B89->65797d0d-2d4a-456d-9b24-1d63a5102722: receive RaftClientReply:client-859D8C9D7B89->65797d0d-2d4a-456d-9b24-1d63a5102722@group-BA7C392EEBCA, cid=895, SUCCESS, logIndex=1179, commits[65797d0d-2d4a-456d-9b24-1d63a5102722:c1179, aca3f3a4-0773-4ff1-9bb5-1a871868fd09:c1175, abe1c95d-8ae2-42e9-9d83-236e3c187d51:c1175]
2019-07-09 04:31:18,208 INFO  client.GrpcClientProtocolClient (GrpcClientProtocolClient.java:onNext(255)) - client-859D8C9D7B89->65797d0d-2d4a-456d-9b24-1d63a5102722: receive RaftClientReply:client-859D8C9D7B89->65797d0d-2d4a-456d-9b24-1d63a5102722@group-BA7C392EEBCA, cid=896, SUCCESS, logIndex=0, commits[65797d0d-2d4a-456d-9b24-1d63a5102722:c1180, aca3f3a4-0773-4ff1-9bb5-1a871868fd09:c1179, abe1c95d-8ae2-42e9-9d83-236e3c187d51:c1179]
2019-07-09 04:31:18,228 INFO  client.GrpcClientProtocolClient (GrpcClientProtocolClient.java:onNext(255)) - client-859D8C9D7B89->65797d0d-2d4a-456d-9b24-1d63a5102722: receive RaftClientReply:client-859D8C9D7B89->65797d0d-2d4a-456d-9b24-1d63a5102722@group-BA7C392EEBCA, cid=897, SUCCESS, logIndex=1182, commits[65797d0d-2d4a-456d-9b24-1d63a5102722:c1183, aca3f3a4-0773-4ff1-9bb5-1a871868fd09:c1181, abe1c95d-8ae2-42e9-9d83-236e3c187d51:c1181]
2019-07-09 04:31:18,228 INFO  client.GrpcClientProtocolClient (GrpcClientProtocolClient.java:onNext(255)) - client-859D8C9D7B89->65797d0d-2d4a-456d-9b24-1d63a5102722: receive RaftClientReply:client-859D8C9D7B89->65797d0d-2d4a-456d-9b24-1d63a5102722@group-BA7C392EEBCA, cid=898, SUCCESS, logIndex=1183, commits[65797d0d-2d4a-456d-9b24-1d63a5102722:c1183, aca3f3a4-0773-4ff1-9bb5-1a871868fd09:c1181, abe1c95d-8ae2-42e9-9d83-236e3c187d51:c1181]
2019-07-09 04:31:18,229 INFO  client.GrpcClientProtocolClient (GrpcClientProtocolClient.java:onNext(255)) - client-859D8C9D7B89->65797d0d-2d4a-456d-9b24-1d63a5102722: receive RaftClientReply:client-859D8C9D7B89->65797d0d-2d4a-456d-9b24-1d63a5102722@group-BA7C392EEBCA, cid=899, SUCCESS, logIndex=1184, commits[65797d0d-2d4a-456d-9b24-1d63a5102722:c1185, aca3f3a4-0773-4ff1-9bb5-1a871868fd09:c1181, abe1c95d-8ae2-42e9-9d83-236e3c187d51:c1181]
2019-07-09 04:31:18,229 INFO  client.GrpcClientProtocolClient (GrpcClientProtocolClient.java:onNext(255)) - client-859D8C9D7B89->65797d0d-2d4a-456d-9b24-1d63a5102722: receive RaftClientReply:client-859D8C9D7B89->65797d0d-2d4a-456d-9b24-1d63a5102722@group-BA7C392EEBCA, cid=900, SUCCESS, logIndex=1185, commits[65797d0d-2d4a-456d-9b24-1d63a5102722:c1185, aca3f3a4-0773-4ff1-9bb5-1a871868fd09:c1181, abe1c95d-8ae2-42e9-9d83-236e3c187d51:c1181]
2019-07-09 04:31:18,231 INFO  client.GrpcClientProtocolClient (GrpcClientProtocolClient.java:onNext(255)) - client-859D8C9D7B89->65797d0d-2d4a-456d-9b24-1d63a5102722: receive RaftClientReply:client-859D8C9D7B89->65797d0d-2d4a-456d-9b24-1d63a5102722@group-BA7C392EEBCA, cid=901, SUCCESS, logIndex=0, commits[65797d0d-2d4a-456d-9b24-1d63a5102722:c1187, aca3f3a4-0773-4ff1-9bb5-1a871868fd09:c1183, abe1c95d-8ae2-42e9-9d83-236e3c187d51:c1183]
2019-07-09 04:31:18,249 INFO  client.GrpcClientProtocolClient (GrpcClientProtocolClient.java:onNext(255)) - client-859D8C9D7B89->65797d0d-2d4a-456d-9b24-1d63a5102722: receive RaftClientReply:client-859D8C9D7B89->65797d0d-2d4a-456d-9b24-1d63a5102722@group-BA7C392EEBCA, cid=902, SUCCESS, logIndex=1190, commits[65797d0d-2d4a-456d-9b24-1d63a5102722:c1191, aca3f3a4-0773-4ff1-9bb5-1a871868fd09:c1189, abe1c95d-8ae2-42e9-9d83-236e3c187d51:c1189]
2019-07-09 04:31:18,250 INFO  client.GrpcClientProtocolClient (GrpcClientProtocolClient.java:onNext(255)) - client-859D8C9D7B89->65797d0d-2d4a-456d-9b24-1d63a5102722: receive RaftClientReply:client-859D8C9D7B89->65797d0d-2d4a-456d-9b24-1d63a5102722@group-BA7C392EEBCA, cid=903, SUCCESS, logIndex=1191, commits[65797d0d-2d4a-456d-9b24-1d63a5102722:c1191, aca3f3a4-0773-4ff1-9bb5-1a871868fd09:c1189, abe1c95d-8ae2-42e9-9d83-236e3c187d51:c1189]
2019-07-09 04:31:18,263 INFO  client.GrpcClientProtocolClient (GrpcClientProtocolClient.java:onNext(255)) - client-859D8C9D7B89->65797d0d-2d4a-456d-9b24-1d63a5102722: receive RaftClientReply:client-859D8C9D7B89->65797d0d-2d4a-456d-9b24-1d63a5102722@group-BA7C392EEBCA, cid=904, SUCCESS, logIndex=1194, commits[65797d0d-2d4a-456d-9b24-1d63a5102722:c1195, aca3f3a4-0773-4ff1-9bb5-1a871868fd09:c1191, abe1c95d-8ae2-42e9-9d83-236e3c187d51:c1191]
2019-07-09 04:31:18,263 INFO  client.GrpcClientProtocolClient (GrpcClientProtocolClient.java:onNext(255)) - client-859D8C9D7B89->65797d0d-2d4a-456d-9b24-1d63a5102722: receive RaftClientReply:client-859D8C9D7B89->65797d0d-2d4a-456d-9b24-1d63a5102722@group-BA7C392EEBCA, cid=905, SUCCESS, logIndex=1195, commits[65797d0d-2d4a-456d-9b24-1d63a5102722:c1195, aca3f3a4-0773-4ff1-9bb5-1a871868fd09:c1191, abe1c95d-8ae2-42e9-9d83-236e3c187d51:c1191]
2019-07-09 04:31:18,276 INFO  client.GrpcClientProtocolClient (GrpcClientProtocolClient.java:onNext(255)) - client-859D8C9D7B89->65797d0d-2d4a-456d-9b24-1d63a5102722: receive RaftClientReply:client-859D8C9D7B89->65797d0d-2d4a-456d-9b24-1d63a5102722@group-BA7C392EEBCA, cid=906, SUCCESS, logIndex=0, commits[65797d0d-2d4a-456d-9b24-1d63a5102722:c1197, aca3f3a4-0773-4ff1-9bb5-1a871868fd09:c1195, abe1c95d-8ae2-42e9-9d83-236e3c187d51:c1195]
2019-07-09 04:31:18,296 INFO  client.GrpcClientProtocolClient (GrpcClientProtocolClient.java:onNext(255)) - client-859D8C9D7B89->65797d0d-2d4a-456d-9b24-1d63a5102722: receive RaftClientReply:client-859D8C9D7B89->65797d0d-2d4a-456d-9b24-1d63a5102722@group-BA7C392EEBCA, cid=907, SUCCESS, logIndex=1198, commits[65797d0d-2d4a-456d-9b24-1d63a5102722:c1199, aca3f3a4-0773-4ff1-9bb5-1a871868fd09:c1197, abe1c95d-8ae2-42e9-9d83-236e3c187d51:c1197]
2019-07-09 04:31:18,296 INFO  client.GrpcClientProtocolClient (GrpcClientProtocolClient.java:onNext(255)) - client-859D8C9D7B89->65797d0d-2d4a-456d-9b24-1d63a5102722: receive RaftClientReply:client-859D8C9D7B89->65797d0d-2d4a-456d-9b24-1d63a5102722@group-BA7C392EEBCA, cid=908, SUCCESS, logIndex=1199, commits[65797d0d-2d4a-456d-9b24-1d63a5102722:c1199, aca3f3a4-0773-4ff1-9bb5-1a871868fd09:c1197, abe1c95d-8ae2-42e9-9d83-236e3c187d51:c1197]
2019-07-09 04:31:18,296 INFO  client.GrpcClientProtocolClient (GrpcClientProtocolClient.java:onNext(255)) - client-859D8C9D7B89->65797d0d-2d4a-456d-9b24-1d63a5102722: receive RaftClientReply:client-859D8C9D7B89->65797d0d-2d4a-456d-9b24-1d63a5102722@group-BA7C392EEBCA, cid=909, SUCCESS, logIndex=1200, commits[65797d0d-2d4a-456d-9b24-1d63a5102722:c1201, aca3f3a4-0773-4ff1-9bb5-1a871868fd09:c1197, abe1c95d-8ae2-42e9-9d83-236e3c187d51:c1197]
2019-07-09 04:31:18,297 INFO  client.GrpcClientProtocolClient (GrpcClientProtocolClient.java:onNext(255)) - client-859D8C9D7B89->65797d0d-2d4a-456d-9b24-1d63a5102722: receive RaftClientReply:client-859D8C9D7B89->65797d0d-2d4a-456d-9b24-1d63a5102722@group-BA7C392EEBCA, cid=910, SUCCESS, logIndex=1201, commits[65797d0d-2d4a-456d-9b24-1d63a5102722:c1201, aca3f3a4-0773-4ff1-9bb5-1a871868fd09:c1197, abe1c95d-8ae2-42e9-9d83-236e3c187d51:c1197]
2019-07-09 04:31:18,298 INFO  client.GrpcClientProtocolClient (GrpcClientProtocolClient.java:onNext(255)) - client-859D8C9D7B89->65797d0d-2d4a-456d-9b24-1d63a5102722: receive RaftClientReply:client-859D8C9D7B89->65797d0d-2d4a-456d-9b24-1d63a5102722@group-BA7C392EEBCA, cid=911, SUCCESS, logIndex=0, commits[65797d0d-2d4a-456d-9b24-1d63a5102722:c1203, aca3f3a4-0773-4ff1-9bb5-1a871868fd09:c1199, abe1c95d-8ae2-42e9-9d83-236e3c187d51:c1199]
2019-07-09 04:31:18,317 INFO  client.GrpcClientProtocolClient (GrpcClientProtocolClient.java:onNext(255)) - client-859D8C9D7B89->65797d0d-2d4a-456d-9b24-1d63a5102722: receive RaftClientReply:client-859D8C9D7B89->65797d0d-2d4a-456d-9b24-1d63a5102722@group-BA7C392EEBCA, cid=912, SUCCESS, logIndex=1206, commits[65797d0d-2d4a-456d-9b24-1d63a5102722:c1207, aca3f3a4-0773-4ff1-9bb5-1a871868fd09:c1205, abe1c95d-8ae2-42e9-9d83-236e3c187d51:c1205]
2019-07-09 04:31:18,318 INFO  client.GrpcClientProtocolClient (GrpcClientProtocolClient.java:onNext(255)) - client-859D8C9D7B89->65797d0d-2d4a-456d-9b24-1d63a5102722: receive RaftClientReply:client-859D8C9D7B89->65797d0d-2d4a-456d-9b24-1d63a5102722@group-BA7C392EEBCA, cid=913, SUCCESS, logIndex=1207, commits[65797d0d-2d4a-456d-9b24-1d63a5102722:c1207, aca3f3a4-0773-4ff1-9bb5-1a871868fd09:c1205, abe1c95d-8ae2-42e9-9d83-236e3c187d51:c1205]
2019-07-09 04:31:18,443 INFO  client.GrpcClientProtocolClient (GrpcClientProtocolClient.java:onNext(255)) - client-859D8C9D7B89->65797d0d-2d4a-456d-9b24-1d63a5102722: receive RaftClientReply:client-859D8C9D7B89->65797d0d-2d4a-456d-9b24-1d63a5102722@group-BA7C392EEBCA, cid=914, SUCCESS, logIndex=1210, commits[65797d0d-2d4a-456d-9b24-1d63a5102722:c1211, aca3f3a4-0773-4ff1-9bb5-1a871868fd09:c1208, abe1c95d-8ae2-42e9-9d83-236e3c187d51:c1208]
2019-07-09 04:31:18,444 INFO  client.GrpcClientProtocolClient (GrpcClientProtocolClient.java:onNext(255)) - client-859D8C9D7B89->65797d0d-2d4a-456d-9b24-1d63a5102722: receive RaftClientReply:client-859D8C9D7B89->65797d0d-2d4a-456d-9b24-1d63a5102722@group-BA7C392EEBCA, cid=915, SUCCESS, logIndex=1211, commits[65797d0d-2d4a-456d-9b24-1d63a5102722:c1211, aca3f3a4-0773-4ff1-9bb5-1a871868fd09:c1208, abe1c95d-8ae2-42e9-9d83-236e3c187d51:c1208]
2019-07-09 04:31:18,445 INFO  client.GrpcClientProtocolClient (GrpcClientProtocolClient.java:onNext(255)) - client-859D8C9D7B89->65797d0d-2d4a-456d-9b24-1d63a5102722: receive RaftClientReply:client-859D8C9D7B89->65797d0d-2d4a-456d-9b24-1d63a5102722@group-BA7C392EEBCA, cid=916, SUCCESS, logIndex=0, commits[65797d0d-2d4a-456d-9b24-1d63a5102722:c1212, aca3f3a4-0773-4ff1-9bb5-1a871868fd09:c1211, abe1c95d-8ae2-42e9-9d83-236e3c187d51:c1211]
2019-07-09 04:31:18,467 INFO  client.GrpcClientProtocolClient (GrpcClientProtocolClient.java:onNext(255)) - client-859D8C9D7B89->65797d0d-2d4a-456d-9b24-1d63a5102722: receive RaftClientReply:client-859D8C9D7B89->65797d0d-2d4a-456d-9b24-1d63a5102722@group-BA7C392EEBCA, cid=917, SUCCESS, logIndex=1213, commits[65797d0d-2d4a-456d-9b24-1d63a5102722:c1213, aca3f3a4-0773-4ff1-9bb5-1a871868fd09:c1212, abe1c95d-8ae2-42e9-9d83-236e3c187d51:c1212]
2019-07-09 04:31:18,467 INFO  client.GrpcClientProtocolClient (GrpcClientProtocolClient.java:onNext(255)) - client-859D8C9D7B89->65797d0d-2d4a-456d-9b24-1d63a5102722: receive RaftClientReply:client-859D8C9D7B89->65797d0d-2d4a-456d-9b24-1d63a5102722@group-BA7C392EEBCA, cid=918, SUCCESS, logIndex=1214, commits[65797d0d-2d4a-456d-9b24-1d63a5102722:c1214, aca3f3a4-0773-4ff1-9bb5-1a871868fd09:c1212, abe1c95d-8ae2-42e9-9d83-236e3c187d51:c1212]
2019-07-09 04:31:18,478 INFO  client.GrpcClientProtocolClient (GrpcClientProtocolClient.java:onNext(255)) - client-859D8C9D7B89->65797d0d-2d4a-456d-9b24-1d63a5102722: receive RaftClientReply:client-859D8C9D7B89->65797d0d-2d4a-456d-9b24-1d63a5102722@group-BA7C392EEBCA, cid=919, SUCCESS, logIndex=1215, commits[65797d0d-2d4a-456d-9b24-1d63a5102722:c1216, aca3f3a4-0773-4ff1-9bb5-1a871868fd09:c1212, abe1c95d-8ae2-42e9-9d83-236e3c187d51:c1212]
2019-07-09 04:31:18,479 INFO  client.GrpcClientProtocolClient (GrpcClientProtocolClient.java:onNext(255)) - client-859D8C9D7B89->65797d0d-2d4a-456d-9b24-1d63a5102722: receive RaftClientReply:client-859D8C9D7B89->65797d0d-2d4a-456d-9b24-1d63a5102722@group-BA7C392EEBCA, cid=920, SUCCESS, logIndex=1216, commits[65797d0d-2d4a-456d-9b24-1d63a5102722:c1216, aca3f3a4-0773-4ff1-9bb5-1a871868fd09:c1212, abe1c95d-8ae2-42e9-9d83-236e3c187d51:c1212]
2019-07-09 04:31:18,480 INFO  client.GrpcClientProtocolClient (GrpcClientProtocolClient.java:onNext(255)) - client-859D8C9D7B89->65797d0d-2d4a-456d-9b24-1d63a5102722: receive RaftClientReply:client-859D8C9D7B89->65797d0d-2d4a-456d-9b24-1d63a5102722@group-BA7C392EEBCA, cid=921, SUCCESS, logIndex=0, commits[65797d0d-2d4a-456d-9b24-1d63a5102722:c1218, aca3f3a4-0773-4ff1-9bb5-1a871868fd09:c1214, abe1c95d-8ae2-42e9-9d83-236e3c187d51:c1214]
2019-07-09 04:31:18,494 INFO  client.GrpcClientProtocolClient (GrpcClientProtocolClient.java:onNext(255)) - client-859D8C9D7B89->65797d0d-2d4a-456d-9b24-1d63a5102722: receive RaftClientReply:client-859D8C9D7B89->65797d0d-2d4a-456d-9b24-1d63a5102722@group-BA7C392EEBCA, cid=922, SUCCESS, logIndex=1221, commits[65797d0d-2d4a-456d-9b24-1d63a5102722:c1222, aca3f3a4-0773-4ff1-9bb5-1a871868fd09:c1220, abe1c95d-8ae2-42e9-9d83-236e3c187d51:c1220]
2019-07-09 04:31:18,494 INFO  client.GrpcClientProtocolClient (GrpcClientProtocolClient.java:onNext(255)) - client-859D8C9D7B89->65797d0d-2d4a-456d-9b24-1d63a5102722: receive RaftClientReply:client-859D8C9D7B89->65797d0d-2d4a-456d-9b24-1d63a5102722@group-BA7C392EEBCA, cid=923, SUCCESS, logIndex=1222, commits[65797d0d-2d4a-456d-9b24-1d63a5102722:c1222, aca3f3a4-0773-4ff1-9bb5-1a871868fd09:c1220, abe1c95d-8ae2-42e9-9d83-236e3c187d51:c1220]
2019-07-09 04:31:18,515 INFO  client.GrpcClientProtocolClient (GrpcClientProtocolClient.java:onNext(255)) - client-859D8C9D7B89->65797d0d-2d4a-456d-9b24-1d63a5102722: receive RaftClientReply:client-859D8C9D7B89->65797d0d-2d4a-456d-9b24-1d63a5102722@group-BA7C392EEBCA, cid=924, SUCCESS, logIndex=1225, commits[65797d0d-2d4a-456d-9b24-1d63a5102722:c1226, aca3f3a4-0773-4ff1-9bb5-1a871868fd09:c1224, abe1c95d-8ae2-42e9-9d83-236e3c187d51:c1224]
2019-07-09 04:31:18,515 INFO  client.GrpcClientProtocolClient (GrpcClientProtocolClient.java:onNext(255)) - client-859D8C9D7B89->65797d0d-2d4a-456d-9b24-1d63a5102722: receive RaftClientReply:client-859D8C9D7B89->65797d0d-2d4a-456d-9b24-1d63a5102722@group-BA7C392EEBCA, cid=925, SUCCESS, logIndex=1226, commits[65797d0d-2d4a-456d-9b24-1d63a5102722:c1226, aca3f3a4-0773-4ff1-9bb5-1a871868fd09:c1224, abe1c95d-8ae2-42e9-9d83-236e3c187d51:c1224]
2019-07-09 04:31:18,527 INFO  client.GrpcClientProtocolClient (GrpcClientProtocolClient.java:onNext(255)) - client-859D8C9D7B89->65797d0d-2d4a-456d-9b24-1d63a5102722: receive RaftClientReply:client-859D8C9D7B89->65797d0d-2d4a-456d-9b24-1d63a5102722@group-BA7C392EEBCA, cid=926, SUCCESS, logIndex=0, commits[65797d0d-2d4a-456d-9b24-1d63a5102722:c1228, aca3f3a4-0773-4ff1-9bb5-1a871868fd09:c1226, abe1c95d-8ae2-42e9-9d83-236e3c187d51:c1226]
2019-07-09 04:31:18,549 INFO  client.GrpcClientProtocolClient (GrpcClientProtocolClient.java:onNext(255)) - client-859D8C9D7B89->65797d0d-2d4a-456d-9b24-1d63a5102722: receive RaftClientReply:client-859D8C9D7B89->65797d0d-2d4a-456d-9b24-1d63a5102722@group-BA7C392EEBCA, cid=927, SUCCESS, logIndex=1229, commits[65797d0d-2d4a-456d-9b24-1d63a5102722:c1230, aca3f3a4-0773-4ff1-9bb5-1a871868fd09:c1228, abe1c95d-8ae2-42e9-9d83-236e3c187d51:c1228]
2019-07-09 04:31:18,550 INFO  client.GrpcClientProtocolClient (GrpcClientProtocolClient.java:onNext(255)) - client-859D8C9D7B89->65797d0d-2d4a-456d-9b24-1d63a5102722: receive RaftClientReply:client-859D8C9D7B89->65797d0d-2d4a-456d-9b24-1d63a5102722@group-BA7C392EEBCA, cid=928, SUCCESS, logIndex=1230, commits[65797d0d-2d4a-456d-9b24-1d63a5102722:c1232, aca3f3a4-0773-4ff1-9bb5-1a871868fd09:c1228, abe1c95d-8ae2-42e9-9d83-236e3c187d51:c1228]
2019-07-09 04:31:18,550 INFO  client.GrpcClientProtocolClient (GrpcClientProtocolClient.java:onNext(255)) - client-859D8C9D7B89->65797d0d-2d4a-456d-9b24-1d63a5102722: receive RaftClientReply:client-859D8C9D7B89->65797d0d-2d4a-456d-9b24-1d63a5102722@group-BA7C392EEBCA, cid=929, SUCCESS, logIndex=1231, commits[65797d0d-2d4a-456d-9b24-1d63a5102722:c1232, aca3f3a4-0773-4ff1-9bb5-1a871868fd09:c1228, abe1c95d-8ae2-42e9-9d83-236e3c187d51:c1228]
2019-07-09 04:31:18,550 INFO  client.GrpcClientProtocolClient (GrpcClientProtocolClient.java:onNext(255)) - client-859D8C9D7B89->65797d0d-2d4a-456d-9b24-1d63a5102722: receive RaftClientReply:client-859D8C9D7B89->65797d0d-2d4a-456d-9b24-1d63a5102722@group-BA7C392EEBCA, cid=930, SUCCESS, logIndex=1232, commits[65797d0d-2d4a-456d-9b24-1d63a5102722:c1232, aca3f3a4-0773-4ff1-9bb5-1a871868fd09:c1228, abe1c95d-8ae2-42e9-9d83-236e3c187d51:c1230]
2019-07-09 04:31:18,552 INFO  client.GrpcClientProtocolClient (GrpcClientProtocolClient.java:onNext(255)) - client-859D8C9D7B89->65797d0d-2d4a-456d-9b24-1d63a5102722: receive RaftClientReply:client-859D8C9D7B89->65797d0d-2d4a-456d-9b24-1d63a5102722@group-BA7C392EEBCA, cid=931, SUCCESS, logIndex=0, commits[65797d0d-2d4a-456d-9b24-1d63a5102722:c1235, aca3f3a4-0773-4ff1-9bb5-1a871868fd09:c1231, abe1c95d-8ae2-42e9-9d83-236e3c187d51:c1230]
2019-07-09 04:31:18,572 INFO  client.GrpcClientProtocolClient (GrpcClientProtocolClient.java:onNext(255)) - client-859D8C9D7B89->65797d0d-2d4a-456d-9b24-1d63a5102722: receive RaftClientReply:client-859D8C9D7B89->65797d0d-2d4a-456d-9b24-1d63a5102722@group-BA7C392EEBCA, cid=932, SUCCESS, logIndex=1237, commits[65797d0d-2d4a-456d-9b24-1d63a5102722:c1238, aca3f3a4-0773-4ff1-9bb5-1a871868fd09:c1236, abe1c95d-8ae2-42e9-9d83-236e3c187d51:c1236]
2019-07-09 04:31:18,572 INFO  client.GrpcClientProtocolClient (GrpcClientProtocolClient.java:onNext(255)) - client-859D8C9D7B89->65797d0d-2d4a-456d-9b24-1d63a5102722: receive RaftClientReply:client-859D8C9D7B89->65797d0d-2d4a-456d-9b24-1d63a5102722@group-BA7C392EEBCA, cid=933, SUCCESS, logIndex=1238, commits[65797d0d-2d4a-456d-9b24-1d63a5102722:c1238, aca3f3a4-0773-4ff1-9bb5-1a871868fd09:c1236, abe1c95d-8ae2-42e9-9d83-236e3c187d51:c1236]
2019-07-09 04:31:18,611 INFO  client.GrpcClientProtocolClient (GrpcClientProtocolClient.java:onNext(255)) - client-859D8C9D7B89->65797d0d-2d4a-456d-9b24-1d63a5102722: receive RaftClientReply:client-859D8C9D7B89->65797d0d-2d4a-456d-9b24-1d63a5102722@group-BA7C392EEBCA, cid=934, SUCCESS, logIndex=1241, commits[65797d0d-2d4a-456d-9b24-1d63a5102722:c1242, aca3f3a4-0773-4ff1-9bb5-1a871868fd09:c1238, abe1c95d-8ae2-42e9-9d83-236e3c187d51:c1238]
2019-07-09 04:31:18,612 INFO  client.GrpcClientProtocolClient (GrpcClientProtocolClient.java:onNext(255)) - client-859D8C9D7B89->65797d0d-2d4a-456d-9b24-1d63a5102722: receive RaftClientReply:client-859D8C9D7B89->65797d0d-2d4a-456d-9b24-1d63a5102722@group-BA7C392EEBCA, cid=935, SUCCESS, logIndex=1242, commits[65797d0d-2d4a-456d-9b24-1d63a5102722:c1242, aca3f3a4-0773-4ff1-9bb5-1a871868fd09:c1238, abe1c95d-8ae2-42e9-9d83-236e3c187d51:c1238]
2019-07-09 04:31:18,625 INFO  client.GrpcClientProtocolClient (GrpcClientProtocolClient.java:onNext(255)) - client-859D8C9D7B89->65797d0d-2d4a-456d-9b24-1d63a5102722: receive RaftClientReply:client-859D8C9D7B89->65797d0d-2d4a-456d-9b24-1d63a5102722@group-BA7C392EEBCA, cid=936, SUCCESS, logIndex=0, commits[65797d0d-2d4a-456d-9b24-1d63a5102722:c1244, aca3f3a4-0773-4ff1-9bb5-1a871868fd09:c1242, abe1c95d-8ae2-42e9-9d83-236e3c187d51:c1242]
2019-07-09 04:31:18,646 INFO  client.GrpcClientProtocolClient (GrpcClientProtocolClient.java:onNext(255)) - client-859D8C9D7B89->65797d0d-2d4a-456d-9b24-1d63a5102722: receive RaftClientReply:client-859D8C9D7B89->65797d0d-2d4a-456d-9b24-1d63a5102722@group-BA7C392EEBCA, cid=937, SUCCESS, logIndex=1245, commits[65797d0d-2d4a-456d-9b24-1d63a5102722:c1246, aca3f3a4-0773-4ff1-9bb5-1a871868fd09:c1244, abe1c95d-8ae2-42e9-9d83-236e3c187d51:c1244]
2019-07-09 04:31:18,647 INFO  client.GrpcClientProtocolClient (GrpcClientProtocolClient.java:onNext(255)) - client-859D8C9D7B89->65797d0d-2d4a-456d-9b24-1d63a5102722: receive RaftClientReply:client-859D8C9D7B89->65797d0d-2d4a-456d-9b24-1d63a5102722@group-BA7C392EEBCA, cid=938, SUCCESS, logIndex=1246, commits[65797d0d-2d4a-456d-9b24-1d63a5102722:c1248, aca3f3a4-0773-4ff1-9bb5-1a871868fd09:c1244, abe1c95d-8ae2-42e9-9d83-236e3c187d51:c1244]
2019-07-09 04:31:18,647 INFO  client.GrpcClientProtocolClient (GrpcClientProtocolClient.java:onNext(255)) - client-859D8C9D7B89->65797d0d-2d4a-456d-9b24-1d63a5102722: receive RaftClientReply:client-859D8C9D7B89->65797d0d-2d4a-456d-9b24-1d63a5102722@group-BA7C392EEBCA, cid=939, SUCCESS, logIndex=1247, commits[65797d0d-2d4a-456d-9b24-1d63a5102722:c1248, aca3f3a4-0773-4ff1-9bb5-1a871868fd09:c1244, abe1c95d-8ae2-42e9-9d83-236e3c187d51:c1244]
2019-07-09 04:31:18,647 INFO  client.GrpcClientProtocolClient (GrpcClientProtocolClient.java:onNext(255)) - client-859D8C9D7B89->65797d0d-2d4a-456d-9b24-1d63a5102722: receive RaftClientReply:client-859D8C9D7B89->65797d0d-2d4a-456d-9b24-1d63a5102722@group-BA7C392EEBCA, cid=940, SUCCESS, logIndex=1248, commits[65797d0d-2d4a-456d-9b24-1d63a5102722:c1248, aca3f3a4-0773-4ff1-9bb5-1a871868fd09:c1245, abe1c95d-8ae2-42e9-9d83-236e3c187d51:c1244]
2019-07-09 04:31:18,649 INFO  client.GrpcClientProtocolClient (GrpcClientProtocolClient.java:onNext(255)) - client-859D8C9D7B89->65797d0d-2d4a-456d-9b24-1d63a5102722: receive RaftClientReply:client-859D8C9D7B89->65797d0d-2d4a-456d-9b24-1d63a5102722@group-BA7C392EEBCA, cid=941, SUCCESS, logIndex=0, commits[65797d0d-2d4a-456d-9b24-1d63a5102722:c1252, aca3f3a4-0773-4ff1-9bb5-1a871868fd09:c1248, abe1c95d-8ae2-42e9-9d83-236e3c187d51:c1246]
2019-07-09 04:31:18,671 INFO  client.GrpcClientProtocolClient (GrpcClientProtocolClient.java:onNext(255)) - client-859D8C9D7B89->65797d0d-2d4a-456d-9b24-1d63a5102722: receive RaftClientReply:client-859D8C9D7B89->65797d0d-2d4a-456d-9b24-1d63a5102722@group-BA7C392EEBCA, cid=942, SUCCESS, logIndex=1253, commits[65797d0d-2d4a-456d-9b24-1d63a5102722:c1254, aca3f3a4-0773-4ff1-9bb5-1a871868fd09:c1252, abe1c95d-8ae2-42e9-9d83-236e3c187d51:c1252]
2019-07-09 04:31:18,671 INFO  client.GrpcClientProtocolClient (GrpcClientProtocolClient.java:onNext(255)) - client-859D8C9D7B89->65797d0d-2d4a-456d-9b24-1d63a5102722: receive RaftClientReply:client-859D8C9D7B89->65797d0d-2d4a-456d-9b24-1d63a5102722@group-BA7C392EEBCA, cid=943, SUCCESS, logIndex=1254, commits[65797d0d-2d4a-456d-9b24-1d63a5102722:c1254, aca3f3a4-0773-4ff1-9bb5-1a871868fd09:c1252, abe1c95d-8ae2-42e9-9d83-236e3c187d51:c1252]
2019-07-09 04:31:18,684 INFO  client.GrpcClientProtocolClient (GrpcClientProtocolClient.java:onNext(255)) - client-859D8C9D7B89->65797d0d-2d4a-456d-9b24-1d63a5102722: receive RaftClientReply:client-859D8C9D7B89->65797d0d-2d4a-456d-9b24-1d63a5102722@group-BA7C392EEBCA, cid=944, SUCCESS, logIndex=1257, commits[65797d0d-2d4a-456d-9b24-1d63a5102722:c1258, aca3f3a4-0773-4ff1-9bb5-1a871868fd09:c1254, abe1c95d-8ae2-42e9-9d83-236e3c187d51:c1254]
2019-07-09 04:31:18,685 INFO  client.GrpcClientProtocolClient (GrpcClientProtocolClient.java:onNext(255)) - client-859D8C9D7B89->65797d0d-2d4a-456d-9b24-1d63a5102722: receive RaftClientReply:client-859D8C9D7B89->65797d0d-2d4a-456d-9b24-1d63a5102722@group-BA7C392EEBCA, cid=945, SUCCESS, logIndex=1258, commits[65797d0d-2d4a-456d-9b24-1d63a5102722:c1258, aca3f3a4-0773-4ff1-9bb5-1a871868fd09:c1254, abe1c95d-8ae2-42e9-9d83-236e3c187d51:c1254]
2019-07-09 04:31:18,697 INFO  client.GrpcClientProtocolClient (GrpcClientProtocolClient.java:onNext(255)) - client-859D8C9D7B89->65797d0d-2d4a-456d-9b24-1d63a5102722: receive RaftClientReply:client-859D8C9D7B89->65797d0d-2d4a-456d-9b24-1d63a5102722@group-BA7C392EEBCA, cid=946, SUCCESS, logIndex=0, commits[65797d0d-2d4a-456d-9b24-1d63a5102722:c1260, aca3f3a4-0773-4ff1-9bb5-1a871868fd09:c1258, abe1c95d-8ae2-42e9-9d83-236e3c187d51:c1258]
2019-07-09 04:31:18,717 INFO  client.GrpcClientProtocolClient (GrpcClientProtocolClient.java:onNext(255)) - client-859D8C9D7B89->65797d0d-2d4a-456d-9b24-1d63a5102722: receive RaftClientReply:client-859D8C9D7B89->65797d0d-2d4a-456d-9b24-1d63a5102722@group-BA7C392EEBCA, cid=947, SUCCESS, logIndex=1261, commits[65797d0d-2d4a-456d-9b24-1d63a5102722:c1262, aca3f3a4-0773-4ff1-9bb5-1a871868fd09:c1260, abe1c95d-8ae2-42e9-9d83-236e3c187d51:c1260]
2019-07-09 04:31:18,718 INFO  client.GrpcClientProtocolClient (GrpcClientProtocolClient.java:onNext(255)) - client-859D8C9D7B89->65797d0d-2d4a-456d-9b24-1d63a5102722: receive RaftClientReply:client-859D8C9D7B89->65797d0d-2d4a-456d-9b24-1d63a5102722@group-BA7C392EEBCA, cid=948, SUCCESS, logIndex=1262, commits[65797d0d-2d4a-456d-9b24-1d63a5102722:c1263, aca3f3a4-0773-4ff1-9bb5-1a871868fd09:c1260, abe1c95d-8ae2-42e9-9d83-236e3c187d51:c1260]
2019-07-09 04:31:18,719 INFO  client.GrpcClientProtocolClient (GrpcClientProtocolClient.java:onNext(255)) - client-859D8C9D7B89->65797d0d-2d4a-456d-9b24-1d63a5102722: receive RaftClientReply:client-859D8C9D7B89->65797d0d-2d4a-456d-9b24-1d63a5102722@group-BA7C392EEBCA, cid=949, SUCCESS, logIndex=1263, commits[65797d0d-2d4a-456d-9b24-1d63a5102722:c1263, aca3f3a4-0773-4ff1-9bb5-1a871868fd09:c1260, abe1c95d-8ae2-42e9-9d83-236e3c187d51:c1260]
2019-07-09 04:31:18,719 INFO  client.GrpcClientProtocolClient (GrpcClientProtocolClient.java:onNext(255)) - client-859D8C9D7B89->65797d0d-2d4a-456d-9b24-1d63a5102722: receive RaftClientReply:client-859D8C9D7B89->65797d0d-2d4a-456d-9b24-1d63a5102722@group-BA7C392EEBCA, cid=950, SUCCESS, logIndex=1264, commits[65797d0d-2d4a-456d-9b24-1d63a5102722:c1264, aca3f3a4-0773-4ff1-9bb5-1a871868fd09:c1260, abe1c95d-8ae2-42e9-9d83-236e3c187d51:c1260]
2019-07-09 04:31:18,730 INFO  client.GrpcClientProtocolClient (GrpcClientProtocolClient.java:onNext(255)) - client-859D8C9D7B89->65797d0d-2d4a-456d-9b24-1d63a5102722: receive RaftClientReply:client-859D8C9D7B89->65797d0d-2d4a-456d-9b24-1d63a5102722@group-BA7C392EEBCA, cid=951, SUCCESS, logIndex=0, commits[65797d0d-2d4a-456d-9b24-1d63a5102722:c1266, aca3f3a4-0773-4ff1-9bb5-1a871868fd09:c1262, abe1c95d-8ae2-42e9-9d83-236e3c187d51:c1262]
2019-07-09 04:31:18,749 INFO  client.GrpcClientProtocolClient (GrpcClientProtocolClient.java:onNext(255)) - client-859D8C9D7B89->65797d0d-2d4a-456d-9b24-1d63a5102722: receive RaftClientReply:client-859D8C9D7B89->65797d0d-2d4a-456d-9b24-1d63a5102722@group-BA7C392EEBCA, cid=952, SUCCESS, logIndex=1269, commits[65797d0d-2d4a-456d-9b24-1d63a5102722:c1270, aca3f3a4-0773-4ff1-9bb5-1a871868fd09:c1268, abe1c95d-8ae2-42e9-9d83-236e3c187d51:c1268]
2019-07-09 04:31:18,750 INFO  client.GrpcClientProtocolClient (GrpcClientProtocolClient.java:onNext(255)) - client-859D8C9D7B89->65797d0d-2d4a-456d-9b24-1d63a5102722: receive RaftClientReply:client-859D8C9D7B89->65797d0d-2d4a-456d-9b24-1d63a5102722@group-BA7C392EEBCA, cid=953, SUCCESS, logIndex=1270, commits[65797d0d-2d4a-456d-9b24-1d63a5102722:c1270, aca3f3a4-0773-4ff1-9bb5-1a871868fd09:c1268, abe1c95d-8ae2-42e9-9d83-236e3c187d51:c1268]
2019-07-09 04:31:18,762 INFO  client.GrpcClientProtocolClient (GrpcClientProtocolClient.java:onNext(255)) - client-859D8C9D7B89->65797d0d-2d4a-456d-9b24-1d63a5102722: receive RaftClientReply:client-859D8C9D7B89->65797d0d-2d4a-456d-9b24-1d63a5102722@group-BA7C392EEBCA, cid=954, SUCCESS, logIndex=1273, commits[65797d0d-2d4a-456d-9b24-1d63a5102722:c1273, aca3f3a4-0773-4ff1-9bb5-1a871868fd09:c1270, abe1c95d-8ae2-42e9-9d83-236e3c187d51:c1270]
2019-07-09 04:31:18,763 INFO  client.GrpcClientProtocolClient (GrpcClientProtocolClient.java:onNext(255)) - client-859D8C9D7B89->65797d0d-2d4a-456d-9b24-1d63a5102722: receive RaftClientReply:client-859D8C9D7B89->65797d0d-2d4a-456d-9b24-1d63a5102722@group-BA7C392EEBCA, cid=955, SUCCESS, logIndex=1274, commits[65797d0d-2d4a-456d-9b24-1d63a5102722:c1274, aca3f3a4-0773-4ff1-9bb5-1a871868fd09:c1270, abe1c95d-8ae2-42e9-9d83-236e3c187d51:c1270]
2019-07-09 04:31:18,775 INFO  client.GrpcClientProtocolClient (GrpcClientProtocolClient.java:onNext(255)) - client-859D8C9D7B89->65797d0d-2d4a-456d-9b24-1d63a5102722: receive RaftClientReply:client-859D8C9D7B89->65797d0d-2d4a-456d-9b24-1d63a5102722@group-BA7C392EEBCA, cid=956, SUCCESS, logIndex=0, commits[65797d0d-2d4a-456d-9b24-1d63a5102722:c1276, aca3f3a4-0773-4ff1-9bb5-1a871868fd09:c1274, abe1c95d-8ae2-42e9-9d83-236e3c187d51:c1274]
2019-07-09 04:31:18,795 INFO  client.GrpcClientProtocolClient (GrpcClientProtocolClient.java:onNext(255)) - client-859D8C9D7B89->65797d0d-2d4a-456d-9b24-1d63a5102722: receive RaftClientReply:client-859D8C9D7B89->65797d0d-2d4a-456d-9b24-1d63a5102722@group-BA7C392EEBCA, cid=957, SUCCESS, logIndex=1277, commits[65797d0d-2d4a-456d-9b24-1d63a5102722:c1278, aca3f3a4-0773-4ff1-9bb5-1a871868fd09:c1276, abe1c95d-8ae2-42e9-9d83-236e3c187d51:c1276]
2019-07-09 04:31:18,796 INFO  client.GrpcClientProtocolClient (GrpcClientProtocolClient.java:onNext(255)) - client-859D8C9D7B89->65797d0d-2d4a-456d-9b24-1d63a5102722: receive RaftClientReply:client-859D8C9D7B89->65797d0d-2d4a-456d-9b24-1d63a5102722@group-BA7C392EEBCA, cid=958, SUCCESS, logIndex=1278, commits[65797d0d-2d4a-456d-9b24-1d63a5102722:c1279, aca3f3a4-0773-4ff1-9bb5-1a871868fd09:c1276, abe1c95d-8ae2-42e9-9d83-236e3c187d51:c1276]
2019-07-09 04:31:18,796 INFO  client.GrpcClientProtocolClient (GrpcClientProtocolClient.java:onNext(255)) - client-859D8C9D7B89->65797d0d-2d4a-456d-9b24-1d63a5102722: receive RaftClientReply:client-859D8C9D7B89->65797d0d-2d4a-456d-9b24-1d63a5102722@group-BA7C392EEBCA, cid=959, SUCCESS, logIndex=1279, commits[65797d0d-2d4a-456d-9b24-1d63a5102722:c1280, aca3f3a4-0773-4ff1-9bb5-1a871868fd09:c1276, abe1c95d-8ae2-42e9-9d83-236e3c187d51:c1276]
2019-07-09 04:31:18,797 INFO  client.GrpcClientProtocolClient (GrpcClientProtocolClient.java:onNext(255)) - client-859D8C9D7B89->65797d0d-2d4a-456d-9b24-1d63a5102722: receive RaftClientReply:client-859D8C9D7B89->65797d0d-2d4a-456d-9b24-1d63a5102722@group-BA7C392EEBCA, cid=960, SUCCESS, logIndex=1280, commits[65797d0d-2d4a-456d-9b24-1d63a5102722:c1280, aca3f3a4-0773-4ff1-9bb5-1a871868fd09:c1276, abe1c95d-8ae2-42e9-9d83-236e3c187d51:c1276]
2019-07-09 04:31:18,798 INFO  client.GrpcClientProtocolClient (GrpcClientProtocolClient.java:onNext(255)) - client-859D8C9D7B89->65797d0d-2d4a-456d-9b24-1d63a5102722: receive RaftClientReply:client-859D8C9D7B89->65797d0d-2d4a-456d-9b24-1d63a5102722@group-BA7C392EEBCA, cid=961, SUCCESS, logIndex=0, commits[65797d0d-2d4a-456d-9b24-1d63a5102722:c1283, aca3f3a4-0773-4ff1-9bb5-1a871868fd09:c1278, abe1c95d-8ae2-42e9-9d83-236e3c187d51:c1279]
 0.00% |█                                                                                                    |  0/1 Time: 0:00:042019-07-09 04:31:18,818 INFO  client.GrpcClientProtocolClient (GrpcClientProtocolClient.java:onNext(255)) - client-859D8C9D7B89->65797d0d-2d4a-456d-9b24-1d63a5102722: receive RaftClientReply:client-859D8C9D7B89->65797d0d-2d4a-456d-9b24-1d63a5102722@group-BA7C392EEBCA, cid=962, SUCCESS, logIndex=1285, commits[65797d0d-2d4a-456d-9b24-1d63a5102722:c1285, aca3f3a4-0773-4ff1-9bb5-1a871868fd09:c1284, abe1c95d-8ae2-42e9-9d83-236e3c187d51:c1284]
2019-07-09 04:31:18,818 INFO  client.GrpcClientProtocolClient (GrpcClientProtocolClient.java:onNext(255)) - client-859D8C9D7B89->65797d0d-2d4a-456d-9b24-1d63a5102722: receive RaftClientReply:client-859D8C9D7B89->65797d0d-2d4a-456d-9b24-1d63a5102722@group-BA7C392EEBCA, cid=963, SUCCESS, logIndex=1286, commits[65797d0d-2d4a-456d-9b24-1d63a5102722:c1286, aca3f3a4-0773-4ff1-9bb5-1a871868fd09:c1284, abe1c95d-8ae2-42e9-9d83-236e3c187d51:c1284]
2019-07-09 04:31:18,832 INFO  client.GrpcClientProtocolClient (GrpcClientProtocolClient.java:onNext(255)) - client-859D8C9D7B89->65797d0d-2d4a-456d-9b24-1d63a5102722: receive RaftClientReply:client-859D8C9D7B89->65797d0d-2d4a-456d-9b24-1d63a5102722@group-BA7C392EEBCA, cid=964, SUCCESS, logIndex=1289, commits[65797d0d-2d4a-456d-9b24-1d63a5102722:c1290, aca3f3a4-0773-4ff1-9bb5-1a871868fd09:c1286, abe1c95d-8ae2-42e9-9d83-236e3c187d51:c1286]
2019-07-09 04:31:18,832 INFO  client.GrpcClientProtocolClient (GrpcClientProtocolClient.java:onNext(255)) - client-859D8C9D7B89->65797d0d-2d4a-456d-9b24-1d63a5102722: receive RaftClientReply:client-859D8C9D7B89->65797d0d-2d4a-456d-9b24-1d63a5102722@group-BA7C392EEBCA, cid=965, SUCCESS, logIndex=1290, commits[65797d0d-2d4a-456d-9b24-1d63a5102722:c1290, aca3f3a4-0773-4ff1-9bb5-1a871868fd09:c1286, abe1c95d-8ae2-42e9-9d83-236e3c187d51:c1286]
2019-07-09 04:31:18,854 INFO  client.GrpcClientProtocolClient (GrpcClientProtocolClient.java:onNext(255)) - client-859D8C9D7B89->65797d0d-2d4a-456d-9b24-1d63a5102722: receive RaftClientReply:client-859D8C9D7B89->65797d0d-2d4a-456d-9b24-1d63a5102722@group-BA7C392EEBCA, cid=966, SUCCESS, logIndex=0, commits[65797d0d-2d4a-456d-9b24-1d63a5102722:c1290, aca3f3a4-0773-4ff1-9bb5-1a871868fd09:c1290, abe1c95d-8ae2-42e9-9d83-236e3c187d51:c1290]
2019-07-09 04:31:18,868 INFO  client.GrpcClientProtocolClient (GrpcClientProtocolClient.java:onNext(255)) - client-859D8C9D7B89->65797d0d-2d4a-456d-9b24-1d63a5102722: receive RaftClientReply:client-859D8C9D7B89->65797d0d-2d4a-456d-9b24-1d63a5102722@group-BA7C392EEBCA, cid=967, SUCCESS, logIndex=1293, commits[65797d0d-2d4a-456d-9b24-1d63a5102722:c1294, aca3f3a4-0773-4ff1-9bb5-1a871868fd09:c1292, abe1c95d-8ae2-42e9-9d83-236e3c187d51:c1292]
2019-07-09 04:31:18,869 INFO  client.GrpcClientProtocolClient (GrpcClientProtocolClient.java:onNext(255)) - client-859D8C9D7B89->65797d0d-2d4a-456d-9b24-1d63a5102722: receive RaftClientReply:client-859D8C9D7B89->65797d0d-2d4a-456d-9b24-1d63a5102722@group-BA7C392EEBCA, cid=968, SUCCESS, logIndex=1294, commits[65797d0d-2d4a-456d-9b24-1d63a5102722:c1294, aca3f3a4-0773-4ff1-9bb5-1a871868fd09:c1292, abe1c95d-8ae2-42e9-9d83-236e3c187d51:c1292]
2019-07-09 04:31:18,870 INFO  client.GrpcClientProtocolClient (GrpcClientProtocolClient.java:onNext(255)) - client-859D8C9D7B89->65797d0d-2d4a-456d-9b24-1d63a5102722: receive RaftClientReply:client-859D8C9D7B89->65797d0d-2d4a-456d-9b24-1d63a5102722@group-BA7C392EEBCA, cid=969, SUCCESS, logIndex=1295, commits[65797d0d-2d4a-456d-9b24-1d63a5102722:c1297, aca3f3a4-0773-4ff1-9bb5-1a871868fd09:c1293, abe1c95d-8ae2-42e9-9d83-236e3c187d51:c1292]
2019-07-09 04:31:18,871 INFO  client.GrpcClientProtocolClient (GrpcClientProtocolClient.java:onNext(255)) - client-859D8C9D7B89->65797d0d-2d4a-456d-9b24-1d63a5102722: receive RaftClientReply:client-859D8C9D7B89->65797d0d-2d4a-456d-9b24-1d63a5102722@group-BA7C392EEBCA, cid=970, SUCCESS, logIndex=1296, commits[65797d0d-2d4a-456d-9b24-1d63a5102722:c1298, aca3f3a4-0773-4ff1-9bb5-1a871868fd09:c1294, abe1c95d-8ae2-42e9-9d83-236e3c187d51:c1294]
2019-07-09 04:31:18,884 INFO  client.GrpcClientProtocolClient (GrpcClientProtocolClient.java:onNext(255)) - client-859D8C9D7B89->65797d0d-2d4a-456d-9b24-1d63a5102722: receive RaftClientReply:client-859D8C9D7B89->65797d0d-2d4a-456d-9b24-1d63a5102722@group-BA7C392EEBCA, cid=971, SUCCESS, logIndex=1301, commits[65797d0d-2d4a-456d-9b24-1d63a5102722:c1302, aca3f3a4-0773-4ff1-9bb5-1a871868fd09:c1298, abe1c95d-8ae2-42e9-9d83-236e3c187d51:c1298]
2019-07-09 04:31:18,884 INFO  client.GrpcClientProtocolClient (GrpcClientProtocolClient.java:onNext(255)) - client-859D8C9D7B89->65797d0d-2d4a-456d-9b24-1d63a5102722: receive RaftClientReply:client-859D8C9D7B89->65797d0d-2d4a-456d-9b24-1d63a5102722@group-BA7C392EEBCA, cid=972, SUCCESS, logIndex=1302, commits[65797d0d-2d4a-456d-9b24-1d63a5102722:c1302, aca3f3a4-0773-4ff1-9bb5-1a871868fd09:c1298, abe1c95d-8ae2-42e9-9d83-236e3c187d51:c1298]
2019-07-09 04:31:18,897 INFO  client.GrpcClientProtocolClient (GrpcClientProtocolClient.java:onNext(255)) - client-859D8C9D7B89->65797d0d-2d4a-456d-9b24-1d63a5102722: receive RaftClientReply:client-859D8C9D7B89->65797d0d-2d4a-456d-9b24-1d63a5102722@group-BA7C392EEBCA, cid=973, SUCCESS, logIndex=1305, commits[65797d0d-2d4a-456d-9b24-1d63a5102722:c1306, aca3f3a4-0773-4ff1-9bb5-1a871868fd09:c1302, abe1c95d-8ae2-42e9-9d83-236e3c187d51:c1302]
2019-07-09 04:31:18,898 INFO  client.GrpcClientProtocolClient (GrpcClientProtocolClient.java:onNext(255)) - client-859D8C9D7B89->65797d0d-2d4a-456d-9b24-1d63a5102722: receive RaftClientReply:client-859D8C9D7B89->65797d0d-2d4a-456d-9b24-1d63a5102722@group-BA7C392EEBCA, cid=974, SUCCESS, logIndex=1306, commits[65797d0d-2d4a-456d-9b24-1d63a5102722:c1306, aca3f3a4-0773-4ff1-9bb5-1a871868fd09:c1302, abe1c95d-8ae2-42e9-9d83-236e3c187d51:c1302]
2019-07-09 04:31:18,910 INFO  client.GrpcClientProtocolClient (GrpcClientProtocolClient.java:onNext(255)) - client-859D8C9D7B89->65797d0d-2d4a-456d-9b24-1d63a5102722: receive RaftClientReply:client-859D8C9D7B89->65797d0d-2d4a-456d-9b24-1d63a5102722@group-BA7C392EEBCA, cid=975, SUCCESS, logIndex=0, commits[65797d0d-2d4a-456d-9b24-1d63a5102722:c1308, aca3f3a4-0773-4ff1-9bb5-1a871868fd09:c1306, abe1c95d-8ae2-42e9-9d83-236e3c187d51:c1306]
2019-07-09 04:31:18,929 INFO  client.GrpcClientProtocolClient (GrpcClientProtocolClient.java:onNext(255)) - client-859D8C9D7B89->65797d0d-2d4a-456d-9b24-1d63a5102722: receive RaftClientReply:client-859D8C9D7B89->65797d0d-2d4a-456d-9b24-1d63a5102722@group-BA7C392EEBCA, cid=976, SUCCESS, logIndex=1309, commits[65797d0d-2d4a-456d-9b24-1d63a5102722:c1310, aca3f3a4-0773-4ff1-9bb5-1a871868fd09:c1308, abe1c95d-8ae2-42e9-9d83-236e3c187d51:c1308]
2019-07-09 04:31:18,930 INFO  client.GrpcClientProtocolClient (GrpcClientProtocolClient.java:onNext(255)) - client-859D8C9D7B89->65797d0d-2d4a-456d-9b24-1d63a5102722: receive RaftClientReply:client-859D8C9D7B89->65797d0d-2d4a-456d-9b24-1d63a5102722@group-BA7C392EEBCA, cid=977, SUCCESS, logIndex=1310, commits[65797d0d-2d4a-456d-9b24-1d63a5102722:c1312, aca3f3a4-0773-4ff1-9bb5-1a871868fd09:c1308, abe1c95d-8ae2-42e9-9d83-236e3c187d51:c1308]
2019-07-09 04:31:18,930 INFO  client.GrpcClientProtocolClient (GrpcClientProtocolClient.java:onNext(255)) - client-859D8C9D7B89->65797d0d-2d4a-456d-9b24-1d63a5102722: receive RaftClientReply:client-859D8C9D7B89->65797d0d-2d4a-456d-9b24-1d63a5102722@group-BA7C392EEBCA, cid=978, SUCCESS, logIndex=1311, commits[65797d0d-2d4a-456d-9b24-1d63a5102722:c1312, aca3f3a4-0773-4ff1-9bb5-1a871868fd09:c1308, abe1c95d-8ae2-42e9-9d83-236e3c187d51:c1308]
2019-07-09 04:31:18,930 INFO  client.GrpcClientProtocolClient (GrpcClientProtocolClient.java:onNext(255)) - client-859D8C9D7B89->65797d0d-2d4a-456d-9b24-1d63a5102722: receive RaftClientReply:client-859D8C9D7B89->65797d0d-2d4a-456d-9b24-1d63a5102722@group-BA7C392EEBCA, cid=979, SUCCESS, logIndex=1312, commits[65797d0d-2d4a-456d-9b24-1d63a5102722:c1312, aca3f3a4-0773-4ff1-9bb5-1a871868fd09:c1308, abe1c95d-8ae2-42e9-9d83-236e3c187d51:c1308]
2019-07-09 04:31:18,931 INFO  client.GrpcClientProtocolClient (GrpcClientProtocolClient.java:onNext(255)) - client-859D8C9D7B89->65797d0d-2d4a-456d-9b24-1d63a5102722: receive RaftClientReply:client-859D8C9D7B89->65797d0d-2d4a-456d-9b24-1d63a5102722@group-BA7C392EEBCA, cid=980, SUCCESS, logIndex=0, commits[65797d0d-2d4a-456d-9b24-1d63a5102722:c1314, aca3f3a4-0773-4ff1-9bb5-1a871868fd09:c1310, abe1c95d-8ae2-42e9-9d83-236e3c187d51:c1310]
2019-07-09 04:31:18,950 INFO  client.GrpcClientProtocolClient (GrpcClientProtocolClient.java:onNext(255)) - client-859D8C9D7B89->65797d0d-2d4a-456d-9b24-1d63a5102722: receive RaftClientReply:client-859D8C9D7B89->65797d0d-2d4a-456d-9b24-1d63a5102722@group-BA7C392EEBCA, cid=981, SUCCESS, logIndex=1317, commits[65797d0d-2d4a-456d-9b24-1d63a5102722:c1318, aca3f3a4-0773-4ff1-9bb5-1a871868fd09:c1316, abe1c95d-8ae2-42e9-9d83-236e3c187d51:c1316]
2019-07-09 04:31:18,951 INFO  client.GrpcClientProtocolClient (GrpcClientProtocolClient.java:onNext(255)) - client-859D8C9D7B89->65797d0d-2d4a-456d-9b24-1d63a5102722: receive RaftClientReply:client-859D8C9D7B89->65797d0d-2d4a-456d-9b24-1d63a5102722@group-BA7C392EEBCA, cid=982, SUCCESS, logIndex=1318, commits[65797d0d-2d4a-456d-9b24-1d63a5102722:c1318, aca3f3a4-0773-4ff1-9bb5-1a871868fd09:c1316, abe1c95d-8ae2-42e9-9d83-236e3c187d51:c1316]
2019-07-09 04:31:19,066 INFO  client.GrpcClientProtocolClient (GrpcClientProtocolClient.java:onNext(255)) - client-859D8C9D7B89->65797d0d-2d4a-456d-9b24-1d63a5102722: receive RaftClientReply:client-859D8C9D7B89->65797d0d-2d4a-456d-9b24-1d63a5102722@group-BA7C392EEBCA, cid=983, SUCCESS, logIndex=1321, commits[65797d0d-2d4a-456d-9b24-1d63a5102722:c1322, aca3f3a4-0773-4ff1-9bb5-1a871868fd09:c1318, abe1c95d-8ae2-42e9-9d83-236e3c187d51:c1318]
2019-07-09 04:31:19,066 INFO  client.GrpcClientProtocolClient (GrpcClientProtocolClient.java:onNext(255)) - client-859D8C9D7B89->65797d0d-2d4a-456d-9b24-1d63a5102722: receive RaftClientReply:client-859D8C9D7B89->65797d0d-2d4a-456d-9b24-1d63a5102722@group-BA7C392EEBCA, cid=984, SUCCESS, logIndex=1322, commits[65797d0d-2d4a-456d-9b24-1d63a5102722:c1322, aca3f3a4-0773-4ff1-9bb5-1a871868fd09:c1318, abe1c95d-8ae2-42e9-9d83-236e3c187d51:c1318]
2019-07-09 04:31:19,069 INFO  client.GrpcClientProtocolClient (GrpcClientProtocolClient.java:onNext(255)) - client-859D8C9D7B89->65797d0d-2d4a-456d-9b24-1d63a5102722: receive RaftClientReply:client-859D8C9D7B89->65797d0d-2d4a-456d-9b24-1d63a5102722@group-BA7C392EEBCA, cid=985, SUCCESS, logIndex=0, commits[65797d0d-2d4a-456d-9b24-1d63a5102722:c1324, aca3f3a4-0773-4ff1-9bb5-1a871868fd09:c1322, abe1c95d-8ae2-42e9-9d83-236e3c187d51:c1322]
2019-07-09 04:31:19,092 INFO  client.GrpcClientProtocolClient (GrpcClientProtocolClient.java:onNext(255)) - client-859D8C9D7B89->65797d0d-2d4a-456d-9b24-1d63a5102722: receive RaftClientReply:client-859D8C9D7B89->65797d0d-2d4a-456d-9b24-1d63a5102722@group-BA7C392EEBCA, cid=986, SUCCESS, logIndex=1325, commits[65797d0d-2d4a-456d-9b24-1d63a5102722:c1326, aca3f3a4-0773-4ff1-9bb5-1a871868fd09:c1324, abe1c95d-8ae2-42e9-9d83-236e3c187d51:c1324]
2019-07-09 04:31:19,093 INFO  client.GrpcClientProtocolClient (GrpcClientProtocolClient.java:onNext(255)) - client-859D8C9D7B89->65797d0d-2d4a-456d-9b24-1d63a5102722: receive RaftClientReply:client-859D8C9D7B89->65797d0d-2d4a-456d-9b24-1d63a5102722@group-BA7C392EEBCA, cid=987, SUCCESS, logIndex=1326, commits[65797d0d-2d4a-456d-9b24-1d63a5102722:c1328, aca3f3a4-0773-4ff1-9bb5-1a871868fd09:c1324, abe1c95d-8ae2-42e9-9d83-236e3c187d51:c1324]
2019-07-09 04:31:19,093 INFO  client.GrpcClientProtocolClient (GrpcClientProtocolClient.java:onNext(255)) - client-859D8C9D7B89->65797d0d-2d4a-456d-9b24-1d63a5102722: receive RaftClientReply:client-859D8C9D7B89->65797d0d-2d4a-456d-9b24-1d63a5102722@group-BA7C392EEBCA, cid=988, SUCCESS, logIndex=1327, commits[65797d0d-2d4a-456d-9b24-1d63a5102722:c1328, aca3f3a4-0773-4ff1-9bb5-1a871868fd09:c1324, abe1c95d-8ae2-42e9-9d83-236e3c187d51:c1324]
2019-07-09 04:31:19,094 INFO  client.GrpcClientProtocolClient (GrpcClientProtocolClient.java:onNext(255)) - client-859D8C9D7B89->65797d0d-2d4a-456d-9b24-1d63a5102722: receive RaftClientReply:client-859D8C9D7B89->65797d0d-2d4a-456d-9b24-1d63a5102722@group-BA7C392EEBCA, cid=989, SUCCESS, logIndex=1328, commits[65797d0d-2d4a-456d-9b24-1d63a5102722:c1328, aca3f3a4-0773-4ff1-9bb5-1a871868fd09:c1324, abe1c95d-8ae2-42e9-9d83-236e3c187d51:c1324]
2019-07-09 04:31:19,105 INFO  client.GrpcClientProtocolClient (GrpcClientProtocolClient.java:onNext(255)) - client-859D8C9D7B89->65797d0d-2d4a-456d-9b24-1d63a5102722: receive RaftClientReply:client-859D8C9D7B89->65797d0d-2d4a-456d-9b24-1d63a5102722@group-BA7C392EEBCA, cid=990, SUCCESS, logIndex=0, commits[65797d0d-2d4a-456d-9b24-1d63a5102722:c1332, aca3f3a4-0773-4ff1-9bb5-1a871868fd09:c1326, abe1c95d-8ae2-42e9-9d83-236e3c187d51:c1328]
2019-07-09 04:31:19,127 INFO  client.GrpcClientProtocolClient (GrpcClientProtocolClient.java:onNext(255)) - client-859D8C9D7B89->65797d0d-2d4a-456d-9b24-1d63a5102722: receive RaftClientReply:client-859D8C9D7B89->65797d0d-2d4a-456d-9b24-1d63a5102722@group-BA7C392EEBCA, cid=991, SUCCESS, logIndex=1333, commits[65797d0d-2d4a-456d-9b24-1d63a5102722:c1334, aca3f3a4-0773-4ff1-9bb5-1a871868fd09:c1332, abe1c95d-8ae2-42e9-9d83-236e3c187d51:c1332]
2019-07-09 04:31:19,128 INFO  client.GrpcClientProtocolClient (GrpcClientProtocolClient.java:onNext(255)) - client-859D8C9D7B89->65797d0d-2d4a-456d-9b24-1d63a5102722: receive RaftClientReply:client-859D8C9D7B89->65797d0d-2d4a-456d-9b24-1d63a5102722@group-BA7C392EEBCA, cid=992, SUCCESS, logIndex=1334, commits[65797d0d-2d4a-456d-9b24-1d63a5102722:c1334, aca3f3a4-0773-4ff1-9bb5-1a871868fd09:c1332, abe1c95d-8ae2-42e9-9d83-236e3c187d51:c1332]
2019-07-09 04:31:19,140 INFO  client.GrpcClientProtocolClient (GrpcClientProtocolClient.java:onNext(255)) - client-859D8C9D7B89->65797d0d-2d4a-456d-9b24-1d63a5102722: receive RaftClientReply:client-859D8C9D7B89->65797d0d-2d4a-456d-9b24-1d63a5102722@group-BA7C392EEBCA, cid=993, SUCCESS, logIndex=1337, commits[65797d0d-2d4a-456d-9b24-1d63a5102722:c1338, aca3f3a4-0773-4ff1-9bb5-1a871868fd09:c1334, abe1c95d-8ae2-42e9-9d83-236e3c187d51:c1334]
2019-07-09 04:31:19,141 INFO  client.GrpcClientProtocolClient (GrpcClientProtocolClient.java:onNext(255)) - client-859D8C9D7B89->65797d0d-2d4a-456d-9b24-1d63a5102722: receive RaftClientReply:client-859D8C9D7B89->65797d0d-2d4a-456d-9b24-1d63a5102722@group-BA7C392EEBCA, cid=994, SUCCESS, logIndex=1338, commits[65797d0d-2d4a-456d-9b24-1d63a5102722:c1338, aca3f3a4-0773-4ff1-9bb5-1a871868fd09:c1334, abe1c95d-8ae2-42e9-9d83-236e3c187d51:c1334]
2019-07-09 04:31:19,152 INFO  client.GrpcClientProtocolClient (GrpcClientProtocolClient.java:onNext(255)) - client-859D8C9D7B89->65797d0d-2d4a-456d-9b24-1d63a5102722: receive RaftClientReply:client-859D8C9D7B89->65797d0d-2d4a-456d-9b24-1d63a5102722@group-BA7C392EEBCA, cid=995, SUCCESS, logIndex=0, commits[65797d0d-2d4a-456d-9b24-1d63a5102722:c1339, aca3f3a4-0773-4ff1-9bb5-1a871868fd09:c1338, abe1c95d-8ae2-42e9-9d83-236e3c187d51:c1338]
2019-07-09 04:31:19,167 INFO  client.GrpcClientProtocolClient (GrpcClientProtocolClient.java:onNext(255)) - client-859D8C9D7B89->65797d0d-2d4a-456d-9b24-1d63a5102722: receive RaftClientReply:client-859D8C9D7B89->65797d0d-2d4a-456d-9b24-1d63a5102722@group-BA7C392EEBCA, cid=996, SUCCESS, logIndex=1341, commits[65797d0d-2d4a-456d-9b24-1d63a5102722:c1342, aca3f3a4-0773-4ff1-9bb5-1a871868fd09:c1340, abe1c95d-8ae2-42e9-9d83-236e3c187d51:c1340]
2019-07-09 04:31:19,168 INFO  client.GrpcClientProtocolClient (GrpcClientProtocolClient.java:onNext(255)) - client-859D8C9D7B89->65797d0d-2d4a-456d-9b24-1d63a5102722: receive RaftClientReply:client-859D8C9D7B89->65797d0d-2d4a-456d-9b24-1d63a5102722@group-BA7C392EEBCA, cid=997, SUCCESS, logIndex=1342, commits[65797d0d-2d4a-456d-9b24-1d63a5102722:c1342, aca3f3a4-0773-4ff1-9bb5-1a871868fd09:c1340, abe1c95d-8ae2-42e9-9d83-236e3c187d51:c1340]
2019-07-09 04:31:19,169 INFO  client.GrpcClientProtocolClient (GrpcClientProtocolClient.java:onNext(255)) - client-859D8C9D7B89->65797d0d-2d4a-456d-9b24-1d63a5102722: receive RaftClientReply:client-859D8C9D7B89->65797d0d-2d4a-456d-9b24-1d63a5102722@group-BA7C392EEBCA, cid=998, SUCCESS, logIndex=1343, commits[65797d0d-2d4a-456d-9b24-1d63a5102722:c1344, aca3f3a4-0773-4ff1-9bb5-1a871868fd09:c1340, abe1c95d-8ae2-42e9-9d83-236e3c187d51:c1340]
2019-07-09 04:31:19,169 INFO  client.GrpcClientProtocolClient (GrpcClientProtocolClient.java:onNext(255)) - client-859D8C9D7B89->65797d0d-2d4a-456d-9b24-1d63a5102722: receive RaftClientReply:client-859D8C9D7B89->65797d0d-2d4a-456d-9b24-1d63a5102722@group-BA7C392EEBCA, cid=999, SUCCESS, logIndex=1344, commits[65797d0d-2d4a-456d-9b24-1d63a5102722:c1344, aca3f3a4-0773-4ff1-9bb5-1a871868fd09:c1340, abe1c95d-8ae2-42e9-9d83-236e3c187d51:c1340]
2019-07-09 04:31:19,170 INFO  client.GrpcClientProtocolClient (GrpcClientProtocolClient.java:onNext(255)) - client-859D8C9D7B89->65797d0d-2d4a-456d-9b24-1d63a5102722: receive RaftClientReply:client-859D8C9D7B89->65797d0d-2d4a-456d-9b24-1d63a5102722@group-BA7C392EEBCA, cid=1000, SUCCESS, logIndex=0, commits[65797d0d-2d4a-456d-9b24-1d63a5102722:c1348, aca3f3a4-0773-4ff1-9bb5-1a871868fd09:c1344, abe1c95d-8ae2-42e9-9d83-236e3c187d51:c1344]
2019-07-09 04:31:19,190 INFO  client.GrpcClientProtocolClient (GrpcClientProtocolClient.java:onNext(255)) - client-859D8C9D7B89->65797d0d-2d4a-456d-9b24-1d63a5102722: receive RaftClientReply:client-859D8C9D7B89->65797d0d-2d4a-456d-9b24-1d63a5102722@group-BA7C392EEBCA, cid=1001, SUCCESS, logIndex=1349, commits[65797d0d-2d4a-456d-9b24-1d63a5102722:c1350, aca3f3a4-0773-4ff1-9bb5-1a871868fd09:c1348, abe1c95d-8ae2-42e9-9d83-236e3c187d51:c1348]
2019-07-09 04:31:19,190 INFO  client.GrpcClientProtocolClient (GrpcClientProtocolClient.java:onNext(255)) - client-859D8C9D7B89->65797d0d-2d4a-456d-9b24-1d63a5102722: receive RaftClientReply:client-859D8C9D7B89->65797d0d-2d4a-456d-9b24-1d63a5102722@group-BA7C392EEBCA, cid=1002, SUCCESS, logIndex=1350, commits[65797d0d-2d4a-456d-9b24-1d63a5102722:c1350, aca3f3a4-0773-4ff1-9bb5-1a871868fd09:c1348, abe1c95d-8ae2-42e9-9d83-236e3c187d51:c1348]
2019-07-09 04:31:19,204 INFO  client.GrpcClientProtocolClient (GrpcClientProtocolClient.java:onNext(255)) - client-859D8C9D7B89->65797d0d-2d4a-456d-9b24-1d63a5102722: receive RaftClientReply:client-859D8C9D7B89->65797d0d-2d4a-456d-9b24-1d63a5102722@group-BA7C392EEBCA, cid=1003, SUCCESS, logIndex=1353, commits[65797d0d-2d4a-456d-9b24-1d63a5102722:c1354, aca3f3a4-0773-4ff1-9bb5-1a871868fd09:c1350, abe1c95d-8ae2-42e9-9d83-236e3c187d51:c1350]
2019-07-09 04:31:19,204 INFO  client.GrpcClientProtocolClient (GrpcClientProtocolClient.java:onNext(255)) - client-859D8C9D7B89->65797d0d-2d4a-456d-9b24-1d63a5102722: receive RaftClientReply:client-859D8C9D7B89->65797d0d-2d4a-456d-9b24-1d63a5102722@group-BA7C392EEBCA, cid=1004, SUCCESS, logIndex=1354, commits[65797d0d-2d4a-456d-9b24-1d63a5102722:c1354, aca3f3a4-0773-4ff1-9bb5-1a871868fd09:c1350, abe1c95d-8ae2-42e9-9d83-236e3c187d51:c1350]
2019-07-09 04:31:19,217 INFO  client.GrpcClientProtocolClient (GrpcClientProtocolClient.java:onNext(255)) - client-859D8C9D7B89->65797d0d-2d4a-456d-9b24-1d63a5102722: receive RaftClientReply:client-859D8C9D7B89->65797d0d-2d4a-456d-9b24-1d63a5102722@group-BA7C392EEBCA, cid=1005, SUCCESS, logIndex=0, commits[65797d0d-2d4a-456d-9b24-1d63a5102722:c1356, aca3f3a4-0773-4ff1-9bb5-1a871868fd09:c1354, abe1c95d-8ae2-42e9-9d83-236e3c187d51:c1354]
2019-07-09 04:31:19,239 INFO  client.GrpcClientProtocolClient (GrpcClientProtocolClient.java:onNext(255)) - client-859D8C9D7B89->65797d0d-2d4a-456d-9b24-1d63a5102722: receive RaftClientReply:client-859D8C9D7B89->65797d0d-2d4a-456d-9b24-1d63a5102722@group-BA7C392EEBCA, cid=1006, SUCCESS, logIndex=1357, commits[65797d0d-2d4a-456d-9b24-1d63a5102722:c1359, aca3f3a4-0773-4ff1-9bb5-1a871868fd09:c1356, abe1c95d-8ae2-42e9-9d83-236e3c187d51:c1356]
2019-07-09 04:31:19,240 INFO  client.GrpcClientProtocolClient (GrpcClientProtocolClient.java:onNext(255)) - client-859D8C9D7B89->65797d0d-2d4a-456d-9b24-1d63a5102722: receive RaftClientReply:client-859D8C9D7B89->65797d0d-2d4a-456d-9b24-1d63a5102722@group-BA7C392EEBCA, cid=1007, SUCCESS, logIndex=1358, commits[65797d0d-2d4a-456d-9b24-1d63a5102722:c1360, aca3f3a4-0773-4ff1-9bb5-1a871868fd09:c1356, abe1c95d-8ae2-42e9-9d83-236e3c187d51:c1356]
2019-07-09 04:31:19,240 INFO  client.GrpcClientProtocolClient (GrpcClientProtocolClient.java:onNext(255)) - client-859D8C9D7B89->65797d0d-2d4a-456d-9b24-1d63a5102722: receive RaftClientReply:client-859D8C9D7B89->65797d0d-2d4a-456d-9b24-1d63a5102722@group-BA7C392EEBCA, cid=1008, SUCCESS, logIndex=1359, commits[65797d0d-2d4a-456d-9b24-1d63a5102722:c1360, aca3f3a4-0773-4ff1-9bb5-1a871868fd09:c1356, abe1c95d-8ae2-42e9-9d83-236e3c187d51:c1356]
2019-07-09 04:31:19,241 INFO  client.GrpcClientProtocolClient (GrpcClientProtocolClient.java:onNext(255)) - client-859D8C9D7B89->65797d0d-2d4a-456d-9b24-1d63a5102722: receive RaftClientReply:client-859D8C9D7B89->65797d0d-2d4a-456d-9b24-1d63a5102722@group-BA7C392EEBCA, cid=1009, SUCCESS, logIndex=1360, commits[65797d0d-2d4a-456d-9b24-1d63a5102722:c1360, aca3f3a4-0773-4ff1-9bb5-1a871868fd09:c1356, abe1c95d-8ae2-42e9-9d83-236e3c187d51:c1356]
2019-07-09 04:31:19,252 INFO  client.GrpcClientProtocolClient (GrpcClientProtocolClient.java:onNext(255)) - client-859D8C9D7B89->65797d0d-2d4a-456d-9b24-1d63a5102722: receive RaftClientReply:client-859D8C9D7B89->65797d0d-2d4a-456d-9b24-1d63a5102722@group-BA7C392EEBCA, cid=1010, SUCCESS, logIndex=0, commits[65797d0d-2d4a-456d-9b24-1d63a5102722:c1364, aca3f3a4-0773-4ff1-9bb5-1a871868fd09:c1358, abe1c95d-8ae2-42e9-9d83-236e3c187d51:c1360]
2019-07-09 04:31:19,272 INFO  client.GrpcClientProtocolClient (GrpcClientProtocolClient.java:onNext(255)) - client-859D8C9D7B89->65797d0d-2d4a-456d-9b24-1d63a5102722: receive RaftClientReply:client-859D8C9D7B89->65797d0d-2d4a-456d-9b24-1d63a5102722@group-BA7C392EEBCA, cid=1011, SUCCESS, logIndex=1365, commits[65797d0d-2d4a-456d-9b24-1d63a5102722:c1366, aca3f3a4-0773-4ff1-9bb5-1a871868fd09:c1364, abe1c95d-8ae2-42e9-9d83-236e3c187d51:c1364]
2019-07-09 04:31:19,272 INFO  client.GrpcClientProtocolClient (GrpcClientProtocolClient.java:onNext(255)) - client-859D8C9D7B89->65797d0d-2d4a-456d-9b24-1d63a5102722: receive RaftClientReply:client-859D8C9D7B89->65797d0d-2d4a-456d-9b24-1d63a5102722@group-BA7C392EEBCA, cid=1012, SUCCESS, logIndex=1366, commits[65797d0d-2d4a-456d-9b24-1d63a5102722:c1366, aca3f3a4-0773-4ff1-9bb5-1a871868fd09:c1364, abe1c95d-8ae2-42e9-9d83-236e3c187d51:c1364]
2019-07-09 04:31:19,286 INFO  client.GrpcClientProtocolClient (GrpcClientProtocolClient.java:onNext(255)) - client-859D8C9D7B89->65797d0d-2d4a-456d-9b24-1d63a5102722: receive RaftClientReply:client-859D8C9D7B89->65797d0d-2d4a-456d-9b24-1d63a5102722@group-BA7C392EEBCA, cid=1013, SUCCESS, logIndex=1369, commits[65797d0d-2d4a-456d-9b24-1d63a5102722:c1370, aca3f3a4-0773-4ff1-9bb5-1a871868fd09:c1366, abe1c95d-8ae2-42e9-9d83-236e3c187d51:c1366]
2019-07-09 04:31:19,286 INFO  client.GrpcClientProtocolClient (GrpcClientProtocolClient.java:onNext(255)) - client-859D8C9D7B89->65797d0d-2d4a-456d-9b24-1d63a5102722: receive RaftClientReply:client-859D8C9D7B89->65797d0d-2d4a-456d-9b24-1d63a5102722@group-BA7C392EEBCA, cid=1014, SUCCESS, logIndex=1370, commits[65797d0d-2d4a-456d-9b24-1d63a5102722:c1370, aca3f3a4-0773-4ff1-9bb5-1a871868fd09:c1366, abe1c95d-8ae2-42e9-9d83-236e3c187d51:c1366]
2019-07-09 04:31:19,299 INFO  client.GrpcClientProtocolClient (GrpcClientProtocolClient.java:onNext(255)) - client-859D8C9D7B89->65797d0d-2d4a-456d-9b24-1d63a5102722: receive RaftClientReply:client-859D8C9D7B89->65797d0d-2d4a-456d-9b24-1d63a5102722@group-BA7C392EEBCA, cid=1015, SUCCESS, logIndex=0, commits[65797d0d-2d4a-456d-9b24-1d63a5102722:c1372, aca3f3a4-0773-4ff1-9bb5-1a871868fd09:c1370, abe1c95d-8ae2-42e9-9d83-236e3c187d51:c1370]
2019-07-09 04:31:19,320 INFO  client.GrpcClientProtocolClient (GrpcClientProtocolClient.java:onNext(255)) - client-859D8C9D7B89->65797d0d-2d4a-456d-9b24-1d63a5102722: receive RaftClientReply:client-859D8C9D7B89->65797d0d-2d4a-456d-9b24-1d63a5102722@group-BA7C392EEBCA, cid=1016, SUCCESS, logIndex=1373, commits[65797d0d-2d4a-456d-9b24-1d63a5102722:c1374, aca3f3a4-0773-4ff1-9bb5-1a871868fd09:c1372, abe1c95d-8ae2-42e9-9d83-236e3c187d51:c1372]
2019-07-09 04:31:19,320 INFO  client.GrpcClientProtocolClient (GrpcClientProtocolClient.java:onNext(255)) - client-859D8C9D7B89->65797d0d-2d4a-456d-9b24-1d63a5102722: receive RaftClientReply:client-859D8C9D7B89->65797d0d-2d4a-456d-9b24-1d63a5102722@group-BA7C392EEBCA, cid=1017, SUCCESS, logIndex=1374, commits[65797d0d-2d4a-456d-9b24-1d63a5102722:c1375, aca3f3a4-0773-4ff1-9bb5-1a871868fd09:c1372, abe1c95d-8ae2-42e9-9d83-236e3c187d51:c1372]
2019-07-09 04:31:19,321 INFO  client.GrpcClientProtocolClient (GrpcClientProtocolClient.java:onNext(255)) - client-859D8C9D7B89->65797d0d-2d4a-456d-9b24-1d63a5102722: receive RaftClientReply:client-859D8C9D7B89->65797d0d-2d4a-456d-9b24-1d63a5102722@group-BA7C392EEBCA, cid=1018, SUCCESS, logIndex=1375, commits[65797d0d-2d4a-456d-9b24-1d63a5102722:c1376, aca3f3a4-0773-4ff1-9bb5-1a871868fd09:c1372, abe1c95d-8ae2-42e9-9d83-236e3c187d51:c1372]
2019-07-09 04:31:19,321 INFO  client.GrpcClientProtocolClient (GrpcClientProtocolClient.java:onNext(255)) - client-859D8C9D7B89->65797d0d-2d4a-456d-9b24-1d63a5102722: receive RaftClientReply:client-859D8C9D7B89->65797d0d-2d4a-456d-9b24-1d63a5102722@group-BA7C392EEBCA, cid=1019, SUCCESS, logIndex=1376, commits[65797d0d-2d4a-456d-9b24-1d63a5102722:c1376, aca3f3a4-0773-4ff1-9bb5-1a871868fd09:c1372, abe1c95d-8ae2-42e9-9d83-236e3c187d51:c1372]
2019-07-09 04:31:19,322 INFO  client.GrpcClientProtocolClient (GrpcClientProtocolClient.java:onNext(255)) - client-859D8C9D7B89->65797d0d-2d4a-456d-9b24-1d63a5102722: receive RaftClientReply:client-859D8C9D7B89->65797d0d-2d4a-456d-9b24-1d63a5102722@group-BA7C392EEBCA, cid=1020, SUCCESS, logIndex=0, commits[65797d0d-2d4a-456d-9b24-1d63a5102722:c1379, aca3f3a4-0773-4ff1-9bb5-1a871868fd09:c1376, abe1c95d-8ae2-42e9-9d83-236e3c187d51:c1374]
2019-07-09 04:31:19,343 INFO  client.GrpcClientProtocolClient (GrpcClientProtocolClient.java:onNext(255)) - client-859D8C9D7B89->65797d0d-2d4a-456d-9b24-1d63a5102722: receive RaftClientReply:client-859D8C9D7B89->65797d0d-2d4a-456d-9b24-1d63a5102722@group-BA7C392EEBCA, cid=1021, SUCCESS, logIndex=1381, commits[65797d0d-2d4a-456d-9b24-1d63a5102722:c1382, aca3f3a4-0773-4ff1-9bb5-1a871868fd09:c1380, abe1c95d-8ae2-42e9-9d83-236e3c187d51:c1380]
2019-07-09 04:31:19,343 INFO  client.GrpcClientProtocolClient (GrpcClientProtocolClient.java:onNext(255)) - client-859D8C9D7B89->65797d0d-2d4a-456d-9b24-1d63a5102722: receive RaftClientReply:client-859D8C9D7B89->65797d0d-2d4a-456d-9b24-1d63a5102722@group-BA7C392EEBCA, cid=1022, SUCCESS, logIndex=1382, commits[65797d0d-2d4a-456d-9b24-1d63a5102722:c1382, aca3f3a4-0773-4ff1-9bb5-1a871868fd09:c1380, abe1c95d-8ae2-42e9-9d83-236e3c187d51:c1380]
2019-07-09 04:31:19,370 INFO  client.GrpcClientProtocolClient (GrpcClientProtocolClient.java:onNext(255)) - client-859D8C9D7B89->65797d0d-2d4a-456d-9b24-1d63a5102722: receive RaftClientReply:client-859D8C9D7B89->65797d0d-2d4a-456d-9b24-1d63a5102722@group-BA7C392EEBCA, cid=1023, SUCCESS, logIndex=1385, commits[65797d0d-2d4a-456d-9b24-1d63a5102722:c1386, aca3f3a4-0773-4ff1-9bb5-1a871868fd09:c1382, abe1c95d-8ae2-42e9-9d83-236e3c187d51:c1382]
2019-07-09 04:31:19,371 INFO  client.GrpcClientProtocolClient (GrpcClientProtocolClient.java:onNext(255)) - client-859D8C9D7B89->65797d0d-2d4a-456d-9b24-1d63a5102722: receive RaftClientReply:client-859D8C9D7B89->65797d0d-2d4a-456d-9b24-1d63a5102722@group-BA7C392EEBCA, cid=1024, SUCCESS, logIndex=1386, commits[65797d0d-2d4a-456d-9b24-1d63a5102722:c1386, aca3f3a4-0773-4ff1-9bb5-1a871868fd09:c1382, abe1c95d-8ae2-42e9-9d83-236e3c187d51:c1382]
2019-07-09 04:31:19,383 INFO  client.GrpcClientProtocolClient (GrpcClientProtocolClient.java:onNext(255)) - client-859D8C9D7B89->65797d0d-2d4a-456d-9b24-1d63a5102722: receive RaftClientReply:client-859D8C9D7B89->65797d0d-2d4a-456d-9b24-1d63a5102722@group-BA7C392EEBCA, cid=1025, SUCCESS, logIndex=0, commits[65797d0d-2d4a-456d-9b24-1d63a5102722:c1388, aca3f3a4-0773-4ff1-9bb5-1a871868fd09:c1386, abe1c95d-8ae2-42e9-9d83-236e3c187d51:c1386]
2019-07-09 04:31:19,400 INFO  client.GrpcClientProtocolClient (GrpcClientProtocolClient.java:onNext(255)) - client-859D8C9D7B89->65797d0d-2d4a-456d-9b24-1d63a5102722: receive RaftClientReply:client-859D8C9D7B89->65797d0d-2d4a-456d-9b24-1d63a5102722@group-BA7C392EEBCA, cid=1026, SUCCESS, logIndex=1389, commits[65797d0d-2d4a-456d-9b24-1d63a5102722:c1390, aca3f3a4-0773-4ff1-9bb5-1a871868fd09:c1388, abe1c95d-8ae2-42e9-9d83-236e3c187d51:c1388]
2019-07-09 04:31:19,401 INFO  client.GrpcClientProtocolClient (GrpcClientProtocolClient.java:onNext(255)) - client-859D8C9D7B89->65797d0d-2d4a-456d-9b24-1d63a5102722: receive RaftClientReply:client-859D8C9D7B89->65797d0d-2d4a-456d-9b24-1d63a5102722@group-BA7C392EEBCA, cid=1027, SUCCESS, logIndex=1390, commits[65797d0d-2d4a-456d-9b24-1d63a5102722:c1390, aca3f3a4-0773-4ff1-9bb5-1a871868fd09:c1388, abe1c95d-8ae2-42e9-9d83-236e3c187d51:c1388]
2019-07-09 04:31:19,402 INFO  client.GrpcClientProtocolClient (GrpcClientProtocolClient.java:onNext(255)) - client-859D8C9D7B89->65797d0d-2d4a-456d-9b24-1d63a5102722: receive RaftClientReply:client-859D8C9D7B89->65797d0d-2d4a-456d-9b24-1d63a5102722@group-BA7C392EEBCA, cid=1028, SUCCESS, logIndex=1391, commits[65797d0d-2d4a-456d-9b24-1d63a5102722:c1391, aca3f3a4-0773-4ff1-9bb5-1a871868fd09:c1388, abe1c95d-8ae2-42e9-9d83-236e3c187d51:c1388]
2019-07-09 04:31:19,402 INFO  client.GrpcClientProtocolClient (GrpcClientProtocolClient.java:onNext(255)) - client-859D8C9D7B89->65797d0d-2d4a-456d-9b24-1d63a5102722: receive RaftClientReply:client-859D8C9D7B89->65797d0d-2d4a-456d-9b24-1d63a5102722@group-BA7C392EEBCA, cid=1029, SUCCESS, logIndex=1392, commits[65797d0d-2d4a-456d-9b24-1d63a5102722:c1392, aca3f3a4-0773-4ff1-9bb5-1a871868fd09:c1388, abe1c95d-8ae2-42e9-9d83-236e3c187d51:c1388]
2019-07-09 04:31:19,404 INFO  client.GrpcClientProtocolClient (GrpcClientProtocolClient.java:onNext(255)) - client-859D8C9D7B89->65797d0d-2d4a-456d-9b24-1d63a5102722: receive RaftClientReply:client-859D8C9D7B89->65797d0d-2d4a-456d-9b24-1d63a5102722@group-BA7C392EEBCA, cid=1030, SUCCESS, logIndex=0, commits[65797d0d-2d4a-456d-9b24-1d63a5102722:c1394, aca3f3a4-0773-4ff1-9bb5-1a871868fd09:c1390, abe1c95d-8ae2-42e9-9d83-236e3c187d51:c1392]
2019-07-09 04:31:19,424 INFO  client.GrpcClientProtocolClient (GrpcClientProtocolClient.java:onNext(255)) - client-859D8C9D7B89->65797d0d-2d4a-456d-9b24-1d63a5102722: receive RaftClientReply:client-859D8C9D7B89->65797d0d-2d4a-456d-9b24-1d63a5102722@group-BA7C392EEBCA, cid=1031, SUCCESS, logIndex=1397, commits[65797d0d-2d4a-456d-9b24-1d63a5102722:c1397, aca3f3a4-0773-4ff1-9bb5-1a871868fd09:c1396, abe1c95d-8ae2-42e9-9d83-236e3c187d51:c1396]
2019-07-09 04:31:19,425 INFO  client.GrpcClientProtocolClient (GrpcClientProtocolClient.java:onNext(255)) - client-859D8C9D7B89->65797d0d-2d4a-456d-9b24-1d63a5102722: receive RaftClientReply:client-859D8C9D7B89->65797d0d-2d4a-456d-9b24-1d63a5102722@group-BA7C392EEBCA, cid=1032, SUCCESS, logIndex=1398, commits[65797d0d-2d4a-456d-9b24-1d63a5102722:c1398, aca3f3a4-0773-4ff1-9bb5-1a871868fd09:c1396, abe1c95d-8ae2-42e9-9d83-236e3c187d51:c1396]
2019-07-09 04:31:19,438 INFO  client.GrpcClientProtocolClient (GrpcClientProtocolClient.java:onNext(255)) - client-859D8C9D7B89->65797d0d-2d4a-456d-9b24-1d63a5102722: receive RaftClientReply:client-859D8C9D7B89->65797d0d-2d4a-456d-9b24-1d63a5102722@group-BA7C392EEBCA, cid=1033, SUCCESS, logIndex=1401, commits[65797d0d-2d4a-456d-9b24-1d63a5102722:c1402, aca3f3a4-0773-4ff1-9bb5-1a871868fd09:c1398, abe1c95d-8ae2-42e9-9d83-236e3c187d51:c1398]
2019-07-09 04:31:19,439 INFO  client.GrpcClientProtocolClient (GrpcClientProtocolClient.java:onNext(255)) - client-859D8C9D7B89->65797d0d-2d4a-456d-9b24-1d63a5102722: receive RaftClientReply:client-859D8C9D7B89->65797d0d-2d4a-456d-9b24-1d63a5102722@group-BA7C392EEBCA, cid=1034, SUCCESS, logIndex=1402, commits[65797d0d-2d4a-456d-9b24-1d63a5102722:c1402, aca3f3a4-0773-4ff1-9bb5-1a871868fd09:c1398, abe1c95d-8ae2-42e9-9d83-236e3c187d51:c1398]
2019-07-09 04:31:19,450 INFO  client.GrpcClientProtocolClient (GrpcClientProtocolClient.java:onNext(255)) - client-859D8C9D7B89->65797d0d-2d4a-456d-9b24-1d63a5102722: receive RaftClientReply:client-859D8C9D7B89->65797d0d-2d4a-456d-9b24-1d63a5102722@group-BA7C392EEBCA, cid=1035, SUCCESS, logIndex=0, commits[65797d0d-2d4a-456d-9b24-1d63a5102722:c1403, aca3f3a4-0773-4ff1-9bb5-1a871868fd09:c1402, abe1c95d-8ae2-42e9-9d83-236e3c187d51:c1402]
2019-07-09 04:31:19,483 INFO  client.GrpcClientProtocolClient (GrpcClientProtocolClient.java:onNext(255)) - client-859D8C9D7B89->65797d0d-2d4a-456d-9b24-1d63a5102722: receive RaftClientReply:client-859D8C9D7B89->65797d0d-2d4a-456d-9b24-1d63a5102722@group-BA7C392EEBCA, cid=1036, SUCCESS, logIndex=1405, commits[65797d0d-2d4a-456d-9b24-1d63a5102722:c1406, aca3f3a4-0773-4ff1-9bb5-1a871868fd09:c1404, abe1c95d-8ae2-42e9-9d83-236e3c187d51:c1404]
2019-07-09 04:31:19,484 INFO  client.GrpcClientProtocolClient (GrpcClientProtocolClient.java:onNext(255)) - client-859D8C9D7B89->65797d0d-2d4a-456d-9b24-1d63a5102722: receive RaftClientReply:client-859D8C9D7B89->65797d0d-2d4a-456d-9b24-1d63a5102722@group-BA7C392EEBCA, cid=1037, SUCCESS, logIndex=1406, commits[65797d0d-2d4a-456d-9b24-1d63a5102722:c1406, aca3f3a4-0773-4ff1-9bb5-1a871868fd09:c1404, abe1c95d-8ae2-42e9-9d83-236e3c187d51:c1404]
2019-07-09 04:31:19,484 INFO  client.GrpcClientProtocolClient (GrpcClientProtocolClient.java:onNext(255)) - client-859D8C9D7B89->65797d0d-2d4a-456d-9b24-1d63a5102722: receive RaftClientReply:client-859D8C9D7B89->65797d0d-2d4a-456d-9b24-1d63a5102722@group-BA7C392EEBCA, cid=1038, SUCCESS, logIndex=1407, commits[65797d0d-2d4a-456d-9b24-1d63a5102722:c1408, aca3f3a4-0773-4ff1-9bb5-1a871868fd09:c1404, abe1c95d-8ae2-42e9-9d83-236e3c187d51:c1404]
2019-07-09 04:31:19,485 INFO  client.GrpcClientProtocolClient (GrpcClientProtocolClient.java:onNext(255)) - client-859D8C9D7B89->65797d0d-2d4a-456d-9b24-1d63a5102722: receive RaftClientReply:client-859D8C9D7B89->65797d0d-2d4a-456d-9b24-1d63a5102722@group-BA7C392EEBCA, cid=1039, SUCCESS, logIndex=1408, commits[65797d0d-2d4a-456d-9b24-1d63a5102722:c1408, aca3f3a4-0773-4ff1-9bb5-1a871868fd09:c1404, abe1c95d-8ae2-42e9-9d83-236e3c187d51:c1404]
2019-07-09 04:31:19,486 INFO  client.GrpcClientProtocolClient (GrpcClientProtocolClient.java:onNext(255)) - client-859D8C9D7B89->65797d0d-2d4a-456d-9b24-1d63a5102722: receive RaftClientReply:client-859D8C9D7B89->65797d0d-2d4a-456d-9b24-1d63a5102722@group-BA7C392EEBCA, cid=1040, SUCCESS, logIndex=0, commits[65797d0d-2d4a-456d-9b24-1d63a5102722:c1410, aca3f3a4-0773-4ff1-9bb5-1a871868fd09:c1406, abe1c95d-8ae2-42e9-9d83-236e3c187d51:c1406]
2019-07-09 04:31:19,506 INFO  client.GrpcClientProtocolClient (GrpcClientProtocolClient.java:onNext(255)) - client-859D8C9D7B89->65797d0d-2d4a-456d-9b24-1d63a5102722: receive RaftClientReply:client-859D8C9D7B89->65797d0d-2d4a-456d-9b24-1d63a5102722@group-BA7C392EEBCA, cid=1041, SUCCESS, logIndex=1413, commits[65797d0d-2d4a-456d-9b24-1d63a5102722:c1414, aca3f3a4-0773-4ff1-9bb5-1a871868fd09:c1412, abe1c95d-8ae2-42e9-9d83-236e3c187d51:c1412]
2019-07-09 04:31:19,506 INFO  client.GrpcClientProtocolClient (GrpcClientProtocolClient.java:onNext(255)) - client-859D8C9D7B89->65797d0d-2d4a-456d-9b24-1d63a5102722: receive RaftClientReply:client-859D8C9D7B89->65797d0d-2d4a-456d-9b24-1d63a5102722@group-BA7C392EEBCA, cid=1042, SUCCESS, logIndex=1414, commits[65797d0d-2d4a-456d-9b24-1d63a5102722:c1414, aca3f3a4-0773-4ff1-9bb5-1a871868fd09:c1412, abe1c95d-8ae2-42e9-9d83-236e3c187d51:c1412]
2019-07-09 04:31:19,520 INFO  client.GrpcClientProtocolClient (GrpcClientProtocolClient.java:onNext(255)) - client-859D8C9D7B89->65797d0d-2d4a-456d-9b24-1d63a5102722: receive RaftClientReply:client-859D8C9D7B89->65797d0d-2d4a-456d-9b24-1d63a5102722@group-BA7C392EEBCA, cid=1043, SUCCESS, logIndex=1417, commits[65797d0d-2d4a-456d-9b24-1d63a5102722:c1418, aca3f3a4-0773-4ff1-9bb5-1a871868fd09:c1414, abe1c95d-8ae2-42e9-9d83-236e3c187d51:c1414]
2019-07-09 04:31:19,520 INFO  client.GrpcClientProtocolClient (GrpcClientProtocolClient.java:onNext(255)) - client-859D8C9D7B89->65797d0d-2d4a-456d-9b24-1d63a5102722: receive RaftClientReply:client-859D8C9D7B89->65797d0d-2d4a-456d-9b24-1d63a5102722@group-BA7C392EEBCA, cid=1044, SUCCESS, logIndex=1418, commits[65797d0d-2d4a-456d-9b24-1d63a5102722:c1418, aca3f3a4-0773-4ff1-9bb5-1a871868fd09:c1414, abe1c95d-8ae2-42e9-9d83-236e3c187d51:c1414]
2019-07-09 04:31:19,533 INFO  client.GrpcClientProtocolClient (GrpcClientProtocolClient.java:onNext(255)) - client-859D8C9D7B89->65797d0d-2d4a-456d-9b24-1d63a5102722: receive RaftClientReply:client-859D8C9D7B89->65797d0d-2d4a-456d-9b24-1d63a5102722@group-BA7C392EEBCA, cid=1045, SUCCESS, logIndex=0, commits[65797d0d-2d4a-456d-9b24-1d63a5102722:c1419, aca3f3a4-0773-4ff1-9bb5-1a871868fd09:c1418, abe1c95d-8ae2-42e9-9d83-236e3c187d51:c1418]
2019-07-09 04:31:19,552 INFO  client.GrpcClientProtocolClient (GrpcClientProtocolClient.java:onNext(255)) - client-859D8C9D7B89->65797d0d-2d4a-456d-9b24-1d63a5102722: receive RaftClientReply:client-859D8C9D7B89->65797d0d-2d4a-456d-9b24-1d63a5102722@group-BA7C392EEBCA, cid=1046, SUCCESS, logIndex=1421, commits[65797d0d-2d4a-456d-9b24-1d63a5102722:c1422, aca3f3a4-0773-4ff1-9bb5-1a871868fd09:c1420, abe1c95d-8ae2-42e9-9d83-236e3c187d51:c1420]
2019-07-09 04:31:19,553 INFO  client.GrpcClientProtocolClient (GrpcClientProtocolClient.java:onNext(255)) - client-859D8C9D7B89->65797d0d-2d4a-456d-9b24-1d63a5102722: receive RaftClientReply:client-859D8C9D7B89->65797d0d-2d4a-456d-9b24-1d63a5102722@group-BA7C392EEBCA, cid=1047, SUCCESS, logIndex=1422, commits[65797d0d-2d4a-456d-9b24-1d63a5102722:c1422, aca3f3a4-0773-4ff1-9bb5-1a871868fd09:c1420, abe1c95d-8ae2-42e9-9d83-236e3c187d51:c1420]
2019-07-09 04:31:19,564 INFO  client.GrpcClientProtocolClient (GrpcClientProtocolClient.java:onNext(255)) - client-859D8C9D7B89->65797d0d-2d4a-456d-9b24-1d63a5102722: receive RaftClientReply:client-859D8C9D7B89->65797d0d-2d4a-456d-9b24-1d63a5102722@group-BA7C392EEBCA, cid=1048, SUCCESS, logIndex=1423, commits[65797d0d-2d4a-456d-9b24-1d63a5102722:c1424, aca3f3a4-0773-4ff1-9bb5-1a871868fd09:c1420, abe1c95d-8ae2-42e9-9d83-236e3c187d51:c1420]
2019-07-09 04:31:19,564 INFO  client.GrpcClientProtocolClient (GrpcClientProtocolClient.java:onNext(255)) - client-859D8C9D7B89->65797d0d-2d4a-456d-9b24-1d63a5102722: receive RaftClientReply:client-859D8C9D7B89->65797d0d-2d4a-456d-9b24-1d63a5102722@group-BA7C392EEBCA, cid=1049, SUCCESS, logIndex=1424, commits[65797d0d-2d4a-456d-9b24-1d63a5102722:c1424, aca3f3a4-0773-4ff1-9bb5-1a871868fd09:c1420, abe1c95d-8ae2-42e9-9d83-236e3c187d51:c1420]
2019-07-09 04:31:19,565 INFO  client.GrpcClientProtocolClient (GrpcClientProtocolClient.java:onNext(255)) - client-859D8C9D7B89->65797d0d-2d4a-456d-9b24-1d63a5102722: receive RaftClientReply:client-859D8C9D7B89->65797d0d-2d4a-456d-9b24-1d63a5102722@group-BA7C392EEBCA, cid=1050, SUCCESS, logIndex=0, commits[65797d0d-2d4a-456d-9b24-1d63a5102722:c1426, aca3f3a4-0773-4ff1-9bb5-1a871868fd09:c1422, abe1c95d-8ae2-42e9-9d83-236e3c187d51:c1422]
2019-07-09 04:31:19,587 INFO  client.GrpcClientProtocolClient (GrpcClientProtocolClient.java:onNext(255)) - client-859D8C9D7B89->65797d0d-2d4a-456d-9b24-1d63a5102722: receive RaftClientReply:client-859D8C9D7B89->65797d0d-2d4a-456d-9b24-1d63a5102722@group-BA7C392EEBCA, cid=1051, SUCCESS, logIndex=1429, commits[65797d0d-2d4a-456d-9b24-1d63a5102722:c1430, aca3f3a4-0773-4ff1-9bb5-1a871868fd09:c1428, abe1c95d-8ae2-42e9-9d83-236e3c187d51:c1428]
2019-07-09 04:31:19,587 INFO  client.GrpcClientProtocolClient (GrpcClientProtocolClient.java:onNext(255)) - client-859D8C9D7B89->65797d0d-2d4a-456d-9b24-1d63a5102722: receive RaftClientReply:client-859D8C9D7B89->65797d0d-2d4a-456d-9b24-1d63a5102722@group-BA7C392EEBCA, cid=1052, SUCCESS, logIndex=1430, commits[65797d0d-2d4a-456d-9b24-1d63a5102722:c1430, aca3f3a4-0773-4ff1-9bb5-1a871868fd09:c1428, abe1c95d-8ae2-42e9-9d83-236e3c187d51:c1428]
2019-07-09 04:31:19,722 INFO  client.GrpcClientProtocolClient (GrpcClientProtocolClient.java:onNext(255)) - client-859D8C9D7B89->65797d0d-2d4a-456d-9b24-1d63a5102722: receive RaftClientReply:client-859D8C9D7B89->65797d0d-2d4a-456d-9b24-1d63a5102722@group-BA7C392EEBCA, cid=1053, SUCCESS, logIndex=1433, commits[65797d0d-2d4a-456d-9b24-1d63a5102722:c1434, aca3f3a4-0773-4ff1-9bb5-1a871868fd09:c1430, abe1c95d-8ae2-42e9-9d83-236e3c187d51:c1429]
2019-07-09 04:31:19,723 INFO  client.GrpcClientProtocolClient (GrpcClientProtocolClient.java:onNext(255)) - client-859D8C9D7B89->65797d0d-2d4a-456d-9b24-1d63a5102722: receive RaftClientReply:client-859D8C9D7B89->65797d0d-2d4a-456d-9b24-1d63a5102722@group-BA7C392EEBCA, cid=1054, SUCCESS, logIndex=1434, commits[65797d0d-2d4a-456d-9b24-1d63a5102722:c1434, aca3f3a4-0773-4ff1-9bb5-1a871868fd09:c1430, abe1c95d-8ae2-42e9-9d83-236e3c187d51:c1429]
2019-07-09 04:31:19,725 INFO  client.GrpcClientProtocolClient (GrpcClientProtocolClient.java:onNext(255)) - client-859D8C9D7B89->65797d0d-2d4a-456d-9b24-1d63a5102722: receive RaftClientReply:client-859D8C9D7B89->65797d0d-2d4a-456d-9b24-1d63a5102722@group-BA7C392EEBCA, cid=1055, SUCCESS, logIndex=0, commits[65797d0d-2d4a-456d-9b24-1d63a5102722:c1435, aca3f3a4-0773-4ff1-9bb5-1a871868fd09:c1433, abe1c95d-8ae2-42e9-9d83-236e3c187d51:c1430]
2019-07-09 04:31:19,735 INFO  client.GrpcClientProtocolClient (GrpcClientProtocolClient.java:onNext(255)) - client-859D8C9D7B89->65797d0d-2d4a-456d-9b24-1d63a5102722: receive RaftClientReply:client-859D8C9D7B89->65797d0d-2d4a-456d-9b24-1d63a5102722@group-BA7C392EEBCA, cid=1056, SUCCESS, logIndex=0, commits[65797d0d-2d4a-456d-9b24-1d63a5102722:c1436, aca3f3a4-0773-4ff1-9bb5-1a871868fd09:c1434, abe1c95d-8ae2-42e9-9d83-236e3c187d51:c1434]
2019-07-09 04:31:19,758 INFO  client.GrpcClientProtocolClient (GrpcClientProtocolClient.java:onNext(255)) - client-859D8C9D7B89->65797d0d-2d4a-456d-9b24-1d63a5102722: receive RaftClientReply:client-859D8C9D7B89->65797d0d-2d4a-456d-9b24-1d63a5102722@group-BA7C392EEBCA, cid=1057, SUCCESS, logIndex=1437, commits[65797d0d-2d4a-456d-9b24-1d63a5102722:c1438, aca3f3a4-0773-4ff1-9bb5-1a871868fd09:c1436, abe1c95d-8ae2-42e9-9d83-236e3c187d51:c1436]
2019-07-09 04:31:19,759 INFO  client.GrpcClientProtocolClient (GrpcClientProtocolClient.java:onNext(255)) - client-859D8C9D7B89->65797d0d-2d4a-456d-9b24-1d63a5102722: receive RaftClientReply:client-859D8C9D7B89->65797d0d-2d4a-456d-9b24-1d63a5102722@group-BA7C392EEBCA, cid=1058, SUCCESS, logIndex=1438, commits[65797d0d-2d4a-456d-9b24-1d63a5102722:c1440, aca3f3a4-0773-4ff1-9bb5-1a871868fd09:c1436, abe1c95d-8ae2-42e9-9d83-236e3c187d51:c1436]
2019-07-09 04:31:19,760 INFO  client.GrpcClientProtocolClient (GrpcClientProtocolClient.java:onNext(255)) - client-859D8C9D7B89->65797d0d-2d4a-456d-9b24-1d63a5102722: receive RaftClientReply:client-859D8C9D7B89->65797d0d-2d4a-456d-9b24-1d63a5102722@group-BA7C392EEBCA, cid=1059, SUCCESS, logIndex=1439, commits[65797d0d-2d4a-456d-9b24-1d63a5102722:c1440, aca3f3a4-0773-4ff1-9bb5-1a871868fd09:c1436, abe1c95d-8ae2-42e9-9d83-236e3c187d51:c1436]
2019-07-09 04:31:19,760 INFO  client.GrpcClientProtocolClient (GrpcClientProtocolClient.java:onNext(255)) - client-859D8C9D7B89->65797d0d-2d4a-456d-9b24-1d63a5102722: receive RaftClientReply:client-859D8C9D7B89->65797d0d-2d4a-456d-9b24-1d63a5102722@group-BA7C392EEBCA, cid=1060, SUCCESS, logIndex=1440, commits[65797d0d-2d4a-456d-9b24-1d63a5102722:c1440, aca3f3a4-0773-4ff1-9bb5-1a871868fd09:c1436, abe1c95d-8ae2-42e9-9d83-236e3c187d51:c1436]
2019-07-09 04:31:19,762 INFO  client.GrpcClientProtocolClient (GrpcClientProtocolClient.java:onNext(255)) - client-859D8C9D7B89->65797d0d-2d4a-456d-9b24-1d63a5102722: receive RaftClientReply:client-859D8C9D7B89->65797d0d-2d4a-456d-9b24-1d63a5102722@group-BA7C392EEBCA, cid=1061, SUCCESS, logIndex=0, commits[65797d0d-2d4a-456d-9b24-1d63a5102722:c1443, aca3f3a4-0773-4ff1-9bb5-1a871868fd09:c1440, abe1c95d-8ae2-42e9-9d83-236e3c187d51:c1438]
2019-07-09 04:31:19,785 INFO  client.GrpcClientProtocolClient (GrpcClientProtocolClient.java:onNext(255)) - client-859D8C9D7B89->65797d0d-2d4a-456d-9b24-1d63a5102722: receive RaftClientReply:client-859D8C9D7B89->65797d0d-2d4a-456d-9b24-1d63a5102722@group-BA7C392EEBCA, cid=1062, SUCCESS, logIndex=1444, commits[65797d0d-2d4a-456d-9b24-1d63a5102722:c1445, aca3f3a4-0773-4ff1-9bb5-1a871868fd09:c1443, abe1c95d-8ae2-42e9-9d83-236e3c187d51:c1443]
2019-07-09 04:31:19,785 INFO  client.GrpcClientProtocolClient (GrpcClientProtocolClient.java:onNext(255)) - client-859D8C9D7B89->65797d0d-2d4a-456d-9b24-1d63a5102722: receive RaftClientReply:client-859D8C9D7B89->65797d0d-2d4a-456d-9b24-1d63a5102722@group-BA7C392EEBCA, cid=1063, SUCCESS, logIndex=1445, commits[65797d0d-2d4a-456d-9b24-1d63a5102722:c1445, aca3f3a4-0773-4ff1-9bb5-1a871868fd09:c1443, abe1c95d-8ae2-42e9-9d83-236e3c187d51:c1443]
2019-07-09 04:31:19,810 INFO  client.GrpcClientProtocolClient (GrpcClientProtocolClient.java:onNext(255)) - client-859D8C9D7B89->65797d0d-2d4a-456d-9b24-1d63a5102722: receive RaftClientReply:client-859D8C9D7B89->65797d0d-2d4a-456d-9b24-1d63a5102722@group-BA7C392EEBCA, cid=1064, SUCCESS, logIndex=1448, commits[65797d0d-2d4a-456d-9b24-1d63a5102722:c1449, aca3f3a4-0773-4ff1-9bb5-1a871868fd09:c1445, abe1c95d-8ae2-42e9-9d83-236e3c187d51:c1445]
2019-07-09 04:31:19,810 INFO  client.GrpcClientProtocolClient (GrpcClientProtocolClient.java:onNext(255)) - client-859D8C9D7B89->65797d0d-2d4a-456d-9b24-1d63a5102722: receive RaftClientReply:client-859D8C9D7B89->65797d0d-2d4a-456d-9b24-1d63a5102722@group-BA7C392EEBCA, cid=1065, SUCCESS, logIndex=1449, commits[65797d0d-2d4a-456d-9b24-1d63a5102722:c1449, aca3f3a4-0773-4ff1-9bb5-1a871868fd09:c1445, abe1c95d-8ae2-42e9-9d83-236e3c187d51:c1445]
 0.00% |█                                                                                                    |  0/1 Time: 0:00:052019-07-09 04:31:19,822 INFO  client.GrpcClientProtocolClient (GrpcClientProtocolClient.java:onNext(255)) - client-859D8C9D7B89->65797d0d-2d4a-456d-9b24-1d63a5102722: receive RaftClientReply:client-859D8C9D7B89->65797d0d-2d4a-456d-9b24-1d63a5102722@group-BA7C392EEBCA, cid=1066, SUCCESS, logIndex=0, commits[65797d0d-2d4a-456d-9b24-1d63a5102722:c1450, aca3f3a4-0773-4ff1-9bb5-1a871868fd09:c1449, abe1c95d-8ae2-42e9-9d83-236e3c187d51:c1449]
2019-07-09 04:31:19,843 INFO  client.GrpcClientProtocolClient (GrpcClientProtocolClient.java:onNext(255)) - client-859D8C9D7B89->65797d0d-2d4a-456d-9b24-1d63a5102722: receive RaftClientReply:client-859D8C9D7B89->65797d0d-2d4a-456d-9b24-1d63a5102722@group-BA7C392EEBCA, cid=1067, SUCCESS, logIndex=1452, commits[65797d0d-2d4a-456d-9b24-1d63a5102722:c1453, aca3f3a4-0773-4ff1-9bb5-1a871868fd09:c1451, abe1c95d-8ae2-42e9-9d83-236e3c187d51:c1451]
2019-07-09 04:31:19,844 INFO  client.GrpcClientProtocolClient (GrpcClientProtocolClient.java:onNext(255)) - client-859D8C9D7B89->65797d0d-2d4a-456d-9b24-1d63a5102722: receive RaftClientReply:client-859D8C9D7B89->65797d0d-2d4a-456d-9b24-1d63a5102722@group-BA7C392EEBCA, cid=1068, SUCCESS, logIndex=1453, commits[65797d0d-2d4a-456d-9b24-1d63a5102722:c1454, aca3f3a4-0773-4ff1-9bb5-1a871868fd09:c1451, abe1c95d-8ae2-42e9-9d83-236e3c187d51:c1451]
2019-07-09 04:31:19,844 INFO  client.GrpcClientProtocolClient (GrpcClientProtocolClient.java:onNext(255)) - client-859D8C9D7B89->65797d0d-2d4a-456d-9b24-1d63a5102722: receive RaftClientReply:client-859D8C9D7B89->65797d0d-2d4a-456d-9b24-1d63a5102722@group-BA7C392EEBCA, cid=1069, SUCCESS, logIndex=1454, commits[65797d0d-2d4a-456d-9b24-1d63a5102722:c1455, aca3f3a4-0773-4ff1-9bb5-1a871868fd09:c1451, abe1c95d-8ae2-42e9-9d83-236e3c187d51:c1451]
2019-07-09 04:31:19,845 INFO  client.GrpcClientProtocolClient (GrpcClientProtocolClient.java:onNext(255)) - client-859D8C9D7B89->65797d0d-2d4a-456d-9b24-1d63a5102722: receive RaftClientReply:client-859D8C9D7B89->65797d0d-2d4a-456d-9b24-1d63a5102722@group-BA7C392EEBCA, cid=1070, SUCCESS, logIndex=1455, commits[65797d0d-2d4a-456d-9b24-1d63a5102722:c1455, aca3f3a4-0773-4ff1-9bb5-1a871868fd09:c1451, abe1c95d-8ae2-42e9-9d83-236e3c187d51:c1451]
2019-07-09 04:31:19,846 INFO  client.GrpcClientProtocolClient (GrpcClientProtocolClient.java:onNext(255)) - client-859D8C9D7B89->65797d0d-2d4a-456d-9b24-1d63a5102722: receive RaftClientReply:client-859D8C9D7B89->65797d0d-2d4a-456d-9b24-1d63a5102722@group-BA7C392EEBCA, cid=1071, SUCCESS, logIndex=0, commits[65797d0d-2d4a-456d-9b24-1d63a5102722:c1458, aca3f3a4-0773-4ff1-9bb5-1a871868fd09:c1453, abe1c95d-8ae2-42e9-9d83-236e3c187d51:c1454]
2019-07-09 04:31:19,869 INFO  client.GrpcClientProtocolClient (GrpcClientProtocolClient.java:onNext(255)) - client-859D8C9D7B89->65797d0d-2d4a-456d-9b24-1d63a5102722: receive RaftClientReply:client-859D8C9D7B89->65797d0d-2d4a-456d-9b24-1d63a5102722@group-BA7C392EEBCA, cid=1072, SUCCESS, logIndex=1460, commits[65797d0d-2d4a-456d-9b24-1d63a5102722:c1461, aca3f3a4-0773-4ff1-9bb5-1a871868fd09:c1459, abe1c95d-8ae2-42e9-9d83-236e3c187d51:c1459]
2019-07-09 04:31:19,870 INFO  client.GrpcClientProtocolClient (GrpcClientProtocolClient.java:onNext(255)) - client-859D8C9D7B89->65797d0d-2d4a-456d-9b24-1d63a5102722: receive RaftClientReply:client-859D8C9D7B89->65797d0d-2d4a-456d-9b24-1d63a5102722@group-BA7C392EEBCA, cid=1073, SUCCESS, logIndex=1461, commits[65797d0d-2d4a-456d-9b24-1d63a5102722:c1461, aca3f3a4-0773-4ff1-9bb5-1a871868fd09:c1459, abe1c95d-8ae2-42e9-9d83-236e3c187d51:c1459]
2019-07-09 04:31:19,888 INFO  client.GrpcClientProtocolClient (GrpcClientProtocolClient.java:onNext(255)) - client-859D8C9D7B89->65797d0d-2d4a-456d-9b24-1d63a5102722: receive RaftClientReply:client-859D8C9D7B89->65797d0d-2d4a-456d-9b24-1d63a5102722@group-BA7C392EEBCA, cid=1074, SUCCESS, logIndex=1464, commits[65797d0d-2d4a-456d-9b24-1d63a5102722:c1464, aca3f3a4-0773-4ff1-9bb5-1a871868fd09:c1461, abe1c95d-8ae2-42e9-9d83-236e3c187d51:c1461]
2019-07-09 04:31:19,889 INFO  client.GrpcClientProtocolClient (GrpcClientProtocolClient.java:onNext(255)) - client-859D8C9D7B89->65797d0d-2d4a-456d-9b24-1d63a5102722: receive RaftClientReply:client-859D8C9D7B89->65797d0d-2d4a-456d-9b24-1d63a5102722@group-BA7C392EEBCA, cid=1075, SUCCESS, logIndex=1465, commits[65797d0d-2d4a-456d-9b24-1d63a5102722:c1465, aca3f3a4-0773-4ff1-9bb5-1a871868fd09:c1461, abe1c95d-8ae2-42e9-9d83-236e3c187d51:c1461]
2019-07-09 04:31:19,897 INFO  client.GrpcClientProtocolClient (GrpcClientProtocolClient.java:onNext(255)) - client-859D8C9D7B89->65797d0d-2d4a-456d-9b24-1d63a5102722: receive RaftClientReply:client-859D8C9D7B89->65797d0d-2d4a-456d-9b24-1d63a5102722@group-BA7C392EEBCA, cid=1076, SUCCESS, logIndex=0, commits[65797d0d-2d4a-456d-9b24-1d63a5102722:c1466, aca3f3a4-0773-4ff1-9bb5-1a871868fd09:c1465, abe1c95d-8ae2-42e9-9d83-236e3c187d51:c1465]
2019-07-09 04:31:19,917 INFO  client.GrpcClientProtocolClient (GrpcClientProtocolClient.java:onNext(255)) - client-859D8C9D7B89->65797d0d-2d4a-456d-9b24-1d63a5102722: receive RaftClientReply:client-859D8C9D7B89->65797d0d-2d4a-456d-9b24-1d63a5102722@group-BA7C392EEBCA, cid=1077, SUCCESS, logIndex=1468, commits[65797d0d-2d4a-456d-9b24-1d63a5102722:c1469, aca3f3a4-0773-4ff1-9bb5-1a871868fd09:c1467, abe1c95d-8ae2-42e9-9d83-236e3c187d51:c1467]
2019-07-09 04:31:19,918 INFO  client.GrpcClientProtocolClient (GrpcClientProtocolClient.java:onNext(255)) - client-859D8C9D7B89->65797d0d-2d4a-456d-9b24-1d63a5102722: receive RaftClientReply:client-859D8C9D7B89->65797d0d-2d4a-456d-9b24-1d63a5102722@group-BA7C392EEBCA, cid=1078, SUCCESS, logIndex=1469, commits[65797d0d-2d4a-456d-9b24-1d63a5102722:c1471, aca3f3a4-0773-4ff1-9bb5-1a871868fd09:c1467, abe1c95d-8ae2-42e9-9d83-236e3c187d51:c1467]
2019-07-09 04:31:19,918 INFO  client.GrpcClientProtocolClient (GrpcClientProtocolClient.java:onNext(255)) - client-859D8C9D7B89->65797d0d-2d4a-456d-9b24-1d63a5102722: receive RaftClientReply:client-859D8C9D7B89->65797d0d-2d4a-456d-9b24-1d63a5102722@group-BA7C392EEBCA, cid=1079, SUCCESS, logIndex=1470, commits[65797d0d-2d4a-456d-9b24-1d63a5102722:c1471, aca3f3a4-0773-4ff1-9bb5-1a871868fd09:c1467, abe1c95d-8ae2-42e9-9d83-236e3c187d51:c1467]
2019-07-09 04:31:19,919 INFO  client.GrpcClientProtocolClient (GrpcClientProtocolClient.java:onNext(255)) - client-859D8C9D7B89->65797d0d-2d4a-456d-9b24-1d63a5102722: receive RaftClientReply:client-859D8C9D7B89->65797d0d-2d4a-456d-9b24-1d63a5102722@group-BA7C392EEBCA, cid=1080, SUCCESS, logIndex=1471, commits[65797d0d-2d4a-456d-9b24-1d63a5102722:c1472, aca3f3a4-0773-4ff1-9bb5-1a871868fd09:c1467, abe1c95d-8ae2-42e9-9d83-236e3c187d51:c1468]
2019-07-09 04:31:19,920 INFO  client.GrpcClientProtocolClient (GrpcClientProtocolClient.java:onNext(255)) - client-859D8C9D7B89->65797d0d-2d4a-456d-9b24-1d63a5102722: receive RaftClientReply:client-859D8C9D7B89->65797d0d-2d4a-456d-9b24-1d63a5102722@group-BA7C392EEBCA, cid=1081, SUCCESS, logIndex=0, commits[65797d0d-2d4a-456d-9b24-1d63a5102722:c1474, aca3f3a4-0773-4ff1-9bb5-1a871868fd09:c1469, abe1c95d-8ae2-42e9-9d83-236e3c187d51:c1471]
2019-07-09 04:31:19,940 INFO  client.GrpcClientProtocolClient (GrpcClientProtocolClient.java:onNext(255)) - client-859D8C9D7B89->65797d0d-2d4a-456d-9b24-1d63a5102722: receive RaftClientReply:client-859D8C9D7B89->65797d0d-2d4a-456d-9b24-1d63a5102722@group-BA7C392EEBCA, cid=1082, SUCCESS, logIndex=1476, commits[65797d0d-2d4a-456d-9b24-1d63a5102722:c1477, aca3f3a4-0773-4ff1-9bb5-1a871868fd09:c1475, abe1c95d-8ae2-42e9-9d83-236e3c187d51:c1475]
2019-07-09 04:31:19,940 INFO  client.GrpcClientProtocolClient (GrpcClientProtocolClient.java:onNext(255)) - client-859D8C9D7B89->65797d0d-2d4a-456d-9b24-1d63a5102722: receive RaftClientReply:client-859D8C9D7B89->65797d0d-2d4a-456d-9b24-1d63a5102722@group-BA7C392EEBCA, cid=1083, SUCCESS, logIndex=1477, commits[65797d0d-2d4a-456d-9b24-1d63a5102722:c1477, aca3f3a4-0773-4ff1-9bb5-1a871868fd09:c1475, abe1c95d-8ae2-42e9-9d83-236e3c187d51:c1475]
2019-07-09 04:31:19,955 INFO  client.GrpcClientProtocolClient (GrpcClientProtocolClient.java:onNext(255)) - client-859D8C9D7B89->65797d0d-2d4a-456d-9b24-1d63a5102722: receive RaftClientReply:client-859D8C9D7B89->65797d0d-2d4a-456d-9b24-1d63a5102722@group-BA7C392EEBCA, cid=1084, SUCCESS, logIndex=1480, commits[65797d0d-2d4a-456d-9b24-1d63a5102722:c1481, aca3f3a4-0773-4ff1-9bb5-1a871868fd09:c1477, abe1c95d-8ae2-42e9-9d83-236e3c187d51:c1477]
2019-07-09 04:31:19,955 INFO  client.GrpcClientProtocolClient (GrpcClientProtocolClient.java:onNext(255)) - client-859D8C9D7B89->65797d0d-2d4a-456d-9b24-1d63a5102722: receive RaftClientReply:client-859D8C9D7B89->65797d0d-2d4a-456d-9b24-1d63a5102722@group-BA7C392EEBCA, cid=1085, SUCCESS, logIndex=1481, commits[65797d0d-2d4a-456d-9b24-1d63a5102722:c1481, aca3f3a4-0773-4ff1-9bb5-1a871868fd09:c1477, abe1c95d-8ae2-42e9-9d83-236e3c187d51:c1477]
2019-07-09 04:31:19,968 INFO  client.GrpcClientProtocolClient (GrpcClientProtocolClient.java:onNext(255)) - client-859D8C9D7B89->65797d0d-2d4a-456d-9b24-1d63a5102722: receive RaftClientReply:client-859D8C9D7B89->65797d0d-2d4a-456d-9b24-1d63a5102722@group-BA7C392EEBCA, cid=1086, SUCCESS, logIndex=0, commits[65797d0d-2d4a-456d-9b24-1d63a5102722:c1483, aca3f3a4-0773-4ff1-9bb5-1a871868fd09:c1481, abe1c95d-8ae2-42e9-9d83-236e3c187d51:c1481]
2019-07-09 04:31:19,988 INFO  client.GrpcClientProtocolClient (GrpcClientProtocolClient.java:onNext(255)) - client-859D8C9D7B89->65797d0d-2d4a-456d-9b24-1d63a5102722: receive RaftClientReply:client-859D8C9D7B89->65797d0d-2d4a-456d-9b24-1d63a5102722@group-BA7C392EEBCA, cid=1087, SUCCESS, logIndex=1484, commits[65797d0d-2d4a-456d-9b24-1d63a5102722:c1486, aca3f3a4-0773-4ff1-9bb5-1a871868fd09:c1483, abe1c95d-8ae2-42e9-9d83-236e3c187d51:c1483]
2019-07-09 04:31:19,989 INFO  client.GrpcClientProtocolClient (GrpcClientProtocolClient.java:onNext(255)) - client-859D8C9D7B89->65797d0d-2d4a-456d-9b24-1d63a5102722: receive RaftClientReply:client-859D8C9D7B89->65797d0d-2d4a-456d-9b24-1d63a5102722@group-BA7C392EEBCA, cid=1088, SUCCESS, logIndex=1485, commits[65797d0d-2d4a-456d-9b24-1d63a5102722:c1487, aca3f3a4-0773-4ff1-9bb5-1a871868fd09:c1483, abe1c95d-8ae2-42e9-9d83-236e3c187d51:c1483]
2019-07-09 04:31:19,989 INFO  client.GrpcClientProtocolClient (GrpcClientProtocolClient.java:onNext(255)) - client-859D8C9D7B89->65797d0d-2d4a-456d-9b24-1d63a5102722: receive RaftClientReply:client-859D8C9D7B89->65797d0d-2d4a-456d-9b24-1d63a5102722@group-BA7C392EEBCA, cid=1089, SUCCESS, logIndex=1486, commits[65797d0d-2d4a-456d-9b24-1d63a5102722:c1487, aca3f3a4-0773-4ff1-9bb5-1a871868fd09:c1483, abe1c95d-8ae2-42e9-9d83-236e3c187d51:c1483]
2019-07-09 04:31:19,990 INFO  client.GrpcClientProtocolClient (GrpcClientProtocolClient.java:onNext(255)) - client-859D8C9D7B89->65797d0d-2d4a-456d-9b24-1d63a5102722: receive RaftClientReply:client-859D8C9D7B89->65797d0d-2d4a-456d-9b24-1d63a5102722@group-BA7C392EEBCA, cid=1090, SUCCESS, logIndex=1487, commits[65797d0d-2d4a-456d-9b24-1d63a5102722:c1487, aca3f3a4-0773-4ff1-9bb5-1a871868fd09:c1483, abe1c95d-8ae2-42e9-9d83-236e3c187d51:c1483]
2019-07-09 04:31:19,991 INFO  client.GrpcClientProtocolClient (GrpcClientProtocolClient.java:onNext(255)) - client-859D8C9D7B89->65797d0d-2d4a-456d-9b24-1d63a5102722: receive RaftClientReply:client-859D8C9D7B89->65797d0d-2d4a-456d-9b24-1d63a5102722@group-BA7C392EEBCA, cid=1091, SUCCESS, logIndex=0, commits[65797d0d-2d4a-456d-9b24-1d63a5102722:c1489, aca3f3a4-0773-4ff1-9bb5-1a871868fd09:c1485, abe1c95d-8ae2-42e9-9d83-236e3c187d51:c1485]
2019-07-09 04:31:20,024 INFO  client.GrpcClientProtocolClient (GrpcClientProtocolClient.java:onNext(255)) - client-859D8C9D7B89->65797d0d-2d4a-456d-9b24-1d63a5102722: receive RaftClientReply:client-859D8C9D7B89->65797d0d-2d4a-456d-9b24-1d63a5102722@group-BA7C392EEBCA, cid=1092, SUCCESS, logIndex=1492, commits[65797d0d-2d4a-456d-9b24-1d63a5102722:c1492, aca3f3a4-0773-4ff1-9bb5-1a871868fd09:c1491, abe1c95d-8ae2-42e9-9d83-236e3c187d51:c1491]
2019-07-09 04:31:20,024 INFO  client.GrpcClientProtocolClient (GrpcClientProtocolClient.java:onNext(255)) - client-859D8C9D7B89->65797d0d-2d4a-456d-9b24-1d63a5102722: receive RaftClientReply:client-859D8C9D7B89->65797d0d-2d4a-456d-9b24-1d63a5102722@group-BA7C392EEBCA, cid=1093, SUCCESS, logIndex=1493, commits[65797d0d-2d4a-456d-9b24-1d63a5102722:c1493, aca3f3a4-0773-4ff1-9bb5-1a871868fd09:c1491, abe1c95d-8ae2-42e9-9d83-236e3c187d51:c1491]
2019-07-09 04:31:20,049 INFO  client.GrpcClientProtocolClient (GrpcClientProtocolClient.java:onNext(255)) - client-859D8C9D7B89->65797d0d-2d4a-456d-9b24-1d63a5102722: receive RaftClientReply:client-859D8C9D7B89->65797d0d-2d4a-456d-9b24-1d63a5102722@group-BA7C392EEBCA, cid=1094, SUCCESS, logIndex=1496, commits[65797d0d-2d4a-456d-9b24-1d63a5102722:c1496, aca3f3a4-0773-4ff1-9bb5-1a871868fd09:c1492, abe1c95d-8ae2-42e9-9d83-236e3c187d51:c1493]
2019-07-09 04:31:20,050 INFO  client.GrpcClientProtocolClient (GrpcClientProtocolClient.java:onNext(255)) - client-859D8C9D7B89->65797d0d-2d4a-456d-9b24-1d63a5102722: receive RaftClientReply:client-859D8C9D7B89->65797d0d-2d4a-456d-9b24-1d63a5102722@group-BA7C392EEBCA, cid=1095, SUCCESS, logIndex=1497, commits[65797d0d-2d4a-456d-9b24-1d63a5102722:c1497, aca3f3a4-0773-4ff1-9bb5-1a871868fd09:c1493, abe1c95d-8ae2-42e9-9d83-236e3c187d51:c1493]
2019-07-09 04:31:20,063 INFO  client.GrpcClientProtocolClient (GrpcClientProtocolClient.java:onNext(255)) - client-859D8C9D7B89->65797d0d-2d4a-456d-9b24-1d63a5102722: receive RaftClientReply:client-859D8C9D7B89->65797d0d-2d4a-456d-9b24-1d63a5102722@group-BA7C392EEBCA, cid=1096, SUCCESS, logIndex=0, commits[65797d0d-2d4a-456d-9b24-1d63a5102722:c1499, aca3f3a4-0773-4ff1-9bb5-1a871868fd09:c1497, abe1c95d-8ae2-42e9-9d83-236e3c187d51:c1497]
2019-07-09 04:31:20,087 INFO  client.GrpcClientProtocolClient (GrpcClientProtocolClient.java:onNext(255)) - client-859D8C9D7B89->65797d0d-2d4a-456d-9b24-1d63a5102722: receive RaftClientReply:client-859D8C9D7B89->65797d0d-2d4a-456d-9b24-1d63a5102722@group-BA7C392EEBCA, cid=1097, SUCCESS, logIndex=1500, commits[65797d0d-2d4a-456d-9b24-1d63a5102722:c1501, aca3f3a4-0773-4ff1-9bb5-1a871868fd09:c1499, abe1c95d-8ae2-42e9-9d83-236e3c187d51:c1499]
2019-07-09 04:31:20,088 INFO  client.GrpcClientProtocolClient (GrpcClientProtocolClient.java:onNext(255)) - client-859D8C9D7B89->65797d0d-2d4a-456d-9b24-1d63a5102722: receive RaftClientReply:client-859D8C9D7B89->65797d0d-2d4a-456d-9b24-1d63a5102722@group-BA7C392EEBCA, cid=1098, SUCCESS, logIndex=1501, commits[65797d0d-2d4a-456d-9b24-1d63a5102722:c1503, aca3f3a4-0773-4ff1-9bb5-1a871868fd09:c1499, abe1c95d-8ae2-42e9-9d83-236e3c187d51:c1499]
2019-07-09 04:31:20,088 INFO  client.GrpcClientProtocolClient (GrpcClientProtocolClient.java:onNext(255)) - client-859D8C9D7B89->65797d0d-2d4a-456d-9b24-1d63a5102722: receive RaftClientReply:client-859D8C9D7B89->65797d0d-2d4a-456d-9b24-1d63a5102722@group-BA7C392EEBCA, cid=1099, SUCCESS, logIndex=1502, commits[65797d0d-2d4a-456d-9b24-1d63a5102722:c1503, aca3f3a4-0773-4ff1-9bb5-1a871868fd09:c1499, abe1c95d-8ae2-42e9-9d83-236e3c187d51:c1499]
2019-07-09 04:31:20,088 INFO  client.GrpcClientProtocolClient (GrpcClientProtocolClient.java:onNext(255)) - client-859D8C9D7B89->65797d0d-2d4a-456d-9b24-1d63a5102722: receive RaftClientReply:client-859D8C9D7B89->65797d0d-2d4a-456d-9b24-1d63a5102722@group-BA7C392EEBCA, cid=1100, SUCCESS, logIndex=1503, commits[65797d0d-2d4a-456d-9b24-1d63a5102722:c1503, aca3f3a4-0773-4ff1-9bb5-1a871868fd09:c1499, abe1c95d-8ae2-42e9-9d83-236e3c187d51:c1499]
2019-07-09 04:31:20,098 INFO  client.GrpcClientProtocolClient (GrpcClientProtocolClient.java:onNext(255)) - client-859D8C9D7B89->65797d0d-2d4a-456d-9b24-1d63a5102722: receive RaftClientReply:client-859D8C9D7B89->65797d0d-2d4a-456d-9b24-1d63a5102722@group-BA7C392EEBCA, cid=1101, SUCCESS, logIndex=0, commits[65797d0d-2d4a-456d-9b24-1d63a5102722:c1503, aca3f3a4-0773-4ff1-9bb5-1a871868fd09:c1501, abe1c95d-8ae2-42e9-9d83-236e3c187d51:c1501]
2019-07-09 04:31:20,118 INFO  client.GrpcClientProtocolClient (GrpcClientProtocolClient.java:onNext(255)) - client-859D8C9D7B89->65797d0d-2d4a-456d-9b24-1d63a5102722: receive RaftClientReply:client-859D8C9D7B89->65797d0d-2d4a-456d-9b24-1d63a5102722@group-BA7C392EEBCA, cid=1102, SUCCESS, logIndex=1507, commits[65797d0d-2d4a-456d-9b24-1d63a5102722:c1508, aca3f3a4-0773-4ff1-9bb5-1a871868fd09:c1506, abe1c95d-8ae2-42e9-9d83-236e3c187d51:c1506]
2019-07-09 04:31:20,118 INFO  client.GrpcClientProtocolClient (GrpcClientProtocolClient.java:onNext(255)) - client-859D8C9D7B89->65797d0d-2d4a-456d-9b24-1d63a5102722: receive RaftClientReply:client-859D8C9D7B89->65797d0d-2d4a-456d-9b24-1d63a5102722@group-BA7C392EEBCA, cid=1103, SUCCESS, logIndex=1508, commits[65797d0d-2d4a-456d-9b24-1d63a5102722:c1508, aca3f3a4-0773-4ff1-9bb5-1a871868fd09:c1506, abe1c95d-8ae2-42e9-9d83-236e3c187d51:c1506]
2019-07-09 04:31:20,139 INFO  client.GrpcClientProtocolClient (GrpcClientProtocolClient.java:onNext(255)) - client-859D8C9D7B89->65797d0d-2d4a-456d-9b24-1d63a5102722: receive RaftClientReply:client-859D8C9D7B89->65797d0d-2d4a-456d-9b24-1d63a5102722@group-BA7C392EEBCA, cid=1104, SUCCESS, logIndex=1511, commits[65797d0d-2d4a-456d-9b24-1d63a5102722:c1511, aca3f3a4-0773-4ff1-9bb5-1a871868fd09:c1508, abe1c95d-8ae2-42e9-9d83-236e3c187d51:c1508]
2019-07-09 04:31:20,140 INFO  client.GrpcClientProtocolClient (GrpcClientProtocolClient.java:onNext(255)) - client-859D8C9D7B89->65797d0d-2d4a-456d-9b24-1d63a5102722: receive RaftClientReply:client-859D8C9D7B89->65797d0d-2d4a-456d-9b24-1d63a5102722@group-BA7C392EEBCA, cid=1105, SUCCESS, logIndex=1512, commits[65797d0d-2d4a-456d-9b24-1d63a5102722:c1512, aca3f3a4-0773-4ff1-9bb5-1a871868fd09:c1508, abe1c95d-8ae2-42e9-9d83-236e3c187d51:c1508]
2019-07-09 04:31:20,152 INFO  client.GrpcClientProtocolClient (GrpcClientProtocolClient.java:onNext(255)) - client-859D8C9D7B89->65797d0d-2d4a-456d-9b24-1d63a5102722: receive RaftClientReply:client-859D8C9D7B89->65797d0d-2d4a-456d-9b24-1d63a5102722@group-BA7C392EEBCA, cid=1106, SUCCESS, logIndex=0, commits[65797d0d-2d4a-456d-9b24-1d63a5102722:c1514, aca3f3a4-0773-4ff1-9bb5-1a871868fd09:c1512, abe1c95d-8ae2-42e9-9d83-236e3c187d51:c1512]
2019-07-09 04:31:20,178 INFO  client.GrpcClientProtocolClient (GrpcClientProtocolClient.java:onNext(255)) - client-859D8C9D7B89->65797d0d-2d4a-456d-9b24-1d63a5102722: receive RaftClientReply:client-859D8C9D7B89->65797d0d-2d4a-456d-9b24-1d63a5102722@group-BA7C392EEBCA, cid=1107, SUCCESS, logIndex=1515, commits[65797d0d-2d4a-456d-9b24-1d63a5102722:c1516, aca3f3a4-0773-4ff1-9bb5-1a871868fd09:c1514, abe1c95d-8ae2-42e9-9d83-236e3c187d51:c1514]
2019-07-09 04:31:20,178 INFO  client.GrpcClientProtocolClient (GrpcClientProtocolClient.java:onNext(255)) - client-859D8C9D7B89->65797d0d-2d4a-456d-9b24-1d63a5102722: receive RaftClientReply:client-859D8C9D7B89->65797d0d-2d4a-456d-9b24-1d63a5102722@group-BA7C392EEBCA, cid=1108, SUCCESS, logIndex=1516, commits[65797d0d-2d4a-456d-9b24-1d63a5102722:c1518, aca3f3a4-0773-4ff1-9bb5-1a871868fd09:c1514, abe1c95d-8ae2-42e9-9d83-236e3c187d51:c1514]
2019-07-09 04:31:20,179 INFO  client.GrpcClientProtocolClient (GrpcClientProtocolClient.java:onNext(255)) - client-859D8C9D7B89->65797d0d-2d4a-456d-9b24-1d63a5102722: receive RaftClientReply:client-859D8C9D7B89->65797d0d-2d4a-456d-9b24-1d63a5102722@group-BA7C392EEBCA, cid=1109, SUCCESS, logIndex=1517, commits[65797d0d-2d4a-456d-9b24-1d63a5102722:c1518, aca3f3a4-0773-4ff1-9bb5-1a871868fd09:c1514, abe1c95d-8ae2-42e9-9d83-236e3c187d51:c1514]
2019-07-09 04:31:20,179 INFO  client.GrpcClientProtocolClient (GrpcClientProtocolClient.java:onNext(255)) - client-859D8C9D7B89->65797d0d-2d4a-456d-9b24-1d63a5102722: receive RaftClientReply:client-859D8C9D7B89->65797d0d-2d4a-456d-9b24-1d63a5102722@group-BA7C392EEBCA, cid=1110, SUCCESS, logIndex=1518, commits[65797d0d-2d4a-456d-9b24-1d63a5102722:c1518, aca3f3a4-0773-4ff1-9bb5-1a871868fd09:c1514, abe1c95d-8ae2-42e9-9d83-236e3c187d51:c1514]
2019-07-09 04:31:20,189 INFO  client.GrpcClientProtocolClient (GrpcClientProtocolClient.java:onNext(255)) - client-859D8C9D7B89->65797d0d-2d4a-456d-9b24-1d63a5102722: receive RaftClientReply:client-859D8C9D7B89->65797d0d-2d4a-456d-9b24-1d63a5102722@group-BA7C392EEBCA, cid=1111, SUCCESS, logIndex=0, commits[65797d0d-2d4a-456d-9b24-1d63a5102722:c1520, aca3f3a4-0773-4ff1-9bb5-1a871868fd09:c1516, abe1c95d-8ae2-42e9-9d83-236e3c187d51:c1516]
2019-07-09 04:31:20,210 INFO  client.GrpcClientProtocolClient (GrpcClientProtocolClient.java:onNext(255)) - client-859D8C9D7B89->65797d0d-2d4a-456d-9b24-1d63a5102722: receive RaftClientReply:client-859D8C9D7B89->65797d0d-2d4a-456d-9b24-1d63a5102722@group-BA7C392EEBCA, cid=1112, SUCCESS, logIndex=1523, commits[65797d0d-2d4a-456d-9b24-1d63a5102722:c1524, aca3f3a4-0773-4ff1-9bb5-1a871868fd09:c1522, abe1c95d-8ae2-42e9-9d83-236e3c187d51:c1522]
2019-07-09 04:31:20,210 INFO  client.GrpcClientProtocolClient (GrpcClientProtocolClient.java:onNext(255)) - client-859D8C9D7B89->65797d0d-2d4a-456d-9b24-1d63a5102722: receive RaftClientReply:client-859D8C9D7B89->65797d0d-2d4a-456d-9b24-1d63a5102722@group-BA7C392EEBCA, cid=1113, SUCCESS, logIndex=1524, commits[65797d0d-2d4a-456d-9b24-1d63a5102722:c1524, aca3f3a4-0773-4ff1-9bb5-1a871868fd09:c1522, abe1c95d-8ae2-42e9-9d83-236e3c187d51:c1522]
2019-07-09 04:31:20,225 INFO  client.GrpcClientProtocolClient (GrpcClientProtocolClient.java:onNext(255)) - client-859D8C9D7B89->65797d0d-2d4a-456d-9b24-1d63a5102722: receive RaftClientReply:client-859D8C9D7B89->65797d0d-2d4a-456d-9b24-1d63a5102722@group-BA7C392EEBCA, cid=1114, SUCCESS, logIndex=1527, commits[65797d0d-2d4a-456d-9b24-1d63a5102722:c1528, aca3f3a4-0773-4ff1-9bb5-1a871868fd09:c1524, abe1c95d-8ae2-42e9-9d83-236e3c187d51:c1524]
2019-07-09 04:31:20,225 INFO  client.GrpcClientProtocolClient (GrpcClientProtocolClient.java:onNext(255)) - client-859D8C9D7B89->65797d0d-2d4a-456d-9b24-1d63a5102722: receive RaftClientReply:client-859D8C9D7B89->65797d0d-2d4a-456d-9b24-1d63a5102722@group-BA7C392EEBCA, cid=1115, SUCCESS, logIndex=1528, commits[65797d0d-2d4a-456d-9b24-1d63a5102722:c1528, aca3f3a4-0773-4ff1-9bb5-1a871868fd09:c1524, abe1c95d-8ae2-42e9-9d83-236e3c187d51:c1524]
2019-07-09 04:31:20,240 INFO  client.GrpcClientProtocolClient (GrpcClientProtocolClient.java:onNext(255)) - client-859D8C9D7B89->65797d0d-2d4a-456d-9b24-1d63a5102722: receive RaftClientReply:client-859D8C9D7B89->65797d0d-2d4a-456d-9b24-1d63a5102722@group-BA7C392EEBCA, cid=1116, SUCCESS, logIndex=0, commits[65797d0d-2d4a-456d-9b24-1d63a5102722:c1530, aca3f3a4-0773-4ff1-9bb5-1a871868fd09:c1528, abe1c95d-8ae2-42e9-9d83-236e3c187d51:c1528]
2019-07-09 04:31:20,266 INFO  client.GrpcClientProtocolClient (GrpcClientProtocolClient.java:onNext(255)) - client-859D8C9D7B89->65797d0d-2d4a-456d-9b24-1d63a5102722: receive RaftClientReply:client-859D8C9D7B89->65797d0d-2d4a-456d-9b24-1d63a5102722@group-BA7C392EEBCA, cid=1117, SUCCESS, logIndex=1531, commits[65797d0d-2d4a-456d-9b24-1d63a5102722:c1534, aca3f3a4-0773-4ff1-9bb5-1a871868fd09:c1530, abe1c95d-8ae2-42e9-9d83-236e3c187d51:c1530]
2019-07-09 04:31:20,266 INFO  client.GrpcClientProtocolClient (GrpcClientProtocolClient.java:onNext(255)) - client-859D8C9D7B89->65797d0d-2d4a-456d-9b24-1d63a5102722: receive RaftClientReply:client-859D8C9D7B89->65797d0d-2d4a-456d-9b24-1d63a5102722@group-BA7C392EEBCA, cid=1118, SUCCESS, logIndex=1532, commits[65797d0d-2d4a-456d-9b24-1d63a5102722:c1534, aca3f3a4-0773-4ff1-9bb5-1a871868fd09:c1530, abe1c95d-8ae2-42e9-9d83-236e3c187d51:c1530]
2019-07-09 04:31:20,267 INFO  client.GrpcClientProtocolClient (GrpcClientProtocolClient.java:onNext(255)) - client-859D8C9D7B89->65797d0d-2d4a-456d-9b24-1d63a5102722: receive RaftClientReply:client-859D8C9D7B89->65797d0d-2d4a-456d-9b24-1d63a5102722@group-BA7C392EEBCA, cid=1119, SUCCESS, logIndex=1533, commits[65797d0d-2d4a-456d-9b24-1d63a5102722:c1534, aca3f3a4-0773-4ff1-9bb5-1a871868fd09:c1530, abe1c95d-8ae2-42e9-9d83-236e3c187d51:c1530]
2019-07-09 04:31:20,267 INFO  client.GrpcClientProtocolClient (GrpcClientProtocolClient.java:onNext(255)) - client-859D8C9D7B89->65797d0d-2d4a-456d-9b24-1d63a5102722: receive RaftClientReply:client-859D8C9D7B89->65797d0d-2d4a-456d-9b24-1d63a5102722@group-BA7C392EEBCA, cid=1120, SUCCESS, logIndex=1534, commits[65797d0d-2d4a-456d-9b24-1d63a5102722:c1534, aca3f3a4-0773-4ff1-9bb5-1a871868fd09:c1530, abe1c95d-8ae2-42e9-9d83-236e3c187d51:c1530]
2019-07-09 04:31:20,276 INFO  client.GrpcClientProtocolClient (GrpcClientProtocolClient.java:onNext(255)) - client-859D8C9D7B89->65797d0d-2d4a-456d-9b24-1d63a5102722: receive RaftClientReply:client-859D8C9D7B89->65797d0d-2d4a-456d-9b24-1d63a5102722@group-BA7C392EEBCA, cid=1121, SUCCESS, logIndex=0, commits[65797d0d-2d4a-456d-9b24-1d63a5102722:c1535, aca3f3a4-0773-4ff1-9bb5-1a871868fd09:c1534, abe1c95d-8ae2-42e9-9d83-236e3c187d51:c1534]
2019-07-09 04:31:20,298 INFO  client.GrpcClientProtocolClient (GrpcClientProtocolClient.java:onNext(255)) - client-859D8C9D7B89->65797d0d-2d4a-456d-9b24-1d63a5102722: receive RaftClientReply:client-859D8C9D7B89->65797d0d-2d4a-456d-9b24-1d63a5102722@group-BA7C392EEBCA, cid=1122, SUCCESS, logIndex=1537, commits[65797d0d-2d4a-456d-9b24-1d63a5102722:c1538, aca3f3a4-0773-4ff1-9bb5-1a871868fd09:c1536, abe1c95d-8ae2-42e9-9d83-236e3c187d51:c1536]
2019-07-09 04:31:20,298 INFO  client.GrpcClientProtocolClient (GrpcClientProtocolClient.java:onNext(255)) - client-859D8C9D7B89->65797d0d-2d4a-456d-9b24-1d63a5102722: receive RaftClientReply:client-859D8C9D7B89->65797d0d-2d4a-456d-9b24-1d63a5102722@group-BA7C392EEBCA, cid=1123, SUCCESS, logIndex=1538, commits[65797d0d-2d4a-456d-9b24-1d63a5102722:c1538, aca3f3a4-0773-4ff1-9bb5-1a871868fd09:c1536, abe1c95d-8ae2-42e9-9d83-236e3c187d51:c1536]
2019-07-09 04:31:20,311 INFO  client.GrpcClientProtocolClient (GrpcClientProtocolClient.java:onNext(255)) - client-859D8C9D7B89->65797d0d-2d4a-456d-9b24-1d63a5102722: receive RaftClientReply:client-859D8C9D7B89->65797d0d-2d4a-456d-9b24-1d63a5102722@group-BA7C392EEBCA, cid=1124, SUCCESS, logIndex=1541, commits[65797d0d-2d4a-456d-9b24-1d63a5102722:c1542, aca3f3a4-0773-4ff1-9bb5-1a871868fd09:c1538, abe1c95d-8ae2-42e9-9d83-236e3c187d51:c1538]
2019-07-09 04:31:20,311 INFO  client.GrpcClientProtocolClient (GrpcClientProtocolClient.java:onNext(255)) - client-859D8C9D7B89->65797d0d-2d4a-456d-9b24-1d63a5102722: receive RaftClientReply:client-859D8C9D7B89->65797d0d-2d4a-456d-9b24-1d63a5102722@group-BA7C392EEBCA, cid=1125, SUCCESS, logIndex=1542, commits[65797d0d-2d4a-456d-9b24-1d63a5102722:c1542, aca3f3a4-0773-4ff1-9bb5-1a871868fd09:c1538, abe1c95d-8ae2-42e9-9d83-236e3c187d51:c1538]
2019-07-09 04:31:20,313 INFO  client.GrpcClientProtocolClient (GrpcClientProtocolClient.java:onNext(255)) - client-859D8C9D7B89->65797d0d-2d4a-456d-9b24-1d63a5102722: receive RaftClientReply:client-859D8C9D7B89->65797d0d-2d4a-456d-9b24-1d63a5102722@group-BA7C392EEBCA, cid=1126, SUCCESS, logIndex=0, commits[65797d0d-2d4a-456d-9b24-1d63a5102722:c1543, aca3f3a4-0773-4ff1-9bb5-1a871868fd09:c1542, abe1c95d-8ae2-42e9-9d83-236e3c187d51:c1542]
2019-07-09 04:31:20,466 INFO  client.GrpcClientProtocolClient (GrpcClientProtocolClient.java:onNext(255)) - client-859D8C9D7B89->65797d0d-2d4a-456d-9b24-1d63a5102722: receive RaftClientReply:client-859D8C9D7B89->65797d0d-2d4a-456d-9b24-1d63a5102722@group-BA7C392EEBCA, cid=1127, SUCCESS, logIndex=1545, commits[65797d0d-2d4a-456d-9b24-1d63a5102722:c1548, aca3f3a4-0773-4ff1-9bb5-1a871868fd09:c1544, abe1c95d-8ae2-42e9-9d83-236e3c187d51:c1544]
2019-07-09 04:31:20,467 INFO  client.GrpcClientProtocolClient (GrpcClientProtocolClient.java:onNext(255)) - client-859D8C9D7B89->65797d0d-2d4a-456d-9b24-1d63a5102722: receive RaftClientReply:client-859D8C9D7B89->65797d0d-2d4a-456d-9b24-1d63a5102722@group-BA7C392EEBCA, cid=1128, SUCCESS, logIndex=1546, commits[65797d0d-2d4a-456d-9b24-1d63a5102722:c1548, aca3f3a4-0773-4ff1-9bb5-1a871868fd09:c1544, abe1c95d-8ae2-42e9-9d83-236e3c187d51:c1544]
2019-07-09 04:31:20,467 INFO  client.GrpcClientProtocolClient (GrpcClientProtocolClient.java:onNext(255)) - client-859D8C9D7B89->65797d0d-2d4a-456d-9b24-1d63a5102722: receive RaftClientReply:client-859D8C9D7B89->65797d0d-2d4a-456d-9b24-1d63a5102722@group-BA7C392EEBCA, cid=1129, SUCCESS, logIndex=1547, commits[65797d0d-2d4a-456d-9b24-1d63a5102722:c1548, aca3f3a4-0773-4ff1-9bb5-1a871868fd09:c1544, abe1c95d-8ae2-42e9-9d83-236e3c187d51:c1544]
2019-07-09 04:31:20,467 INFO  client.GrpcClientProtocolClient (GrpcClientProtocolClient.java:onNext(255)) - client-859D8C9D7B89->65797d0d-2d4a-456d-9b24-1d63a5102722: receive RaftClientReply:client-859D8C9D7B89->65797d0d-2d4a-456d-9b24-1d63a5102722@group-BA7C392EEBCA, cid=1130, SUCCESS, logIndex=1548, commits[65797d0d-2d4a-456d-9b24-1d63a5102722:c1548, aca3f3a4-0773-4ff1-9bb5-1a871868fd09:c1544, abe1c95d-8ae2-42e9-9d83-236e3c187d51:c1544]
2019-07-09 04:31:20,479 INFO  client.GrpcClientProtocolClient (GrpcClientProtocolClient.java:onNext(255)) - client-859D8C9D7B89->65797d0d-2d4a-456d-9b24-1d63a5102722: receive RaftClientReply:client-859D8C9D7B89->65797d0d-2d4a-456d-9b24-1d63a5102722@group-BA7C392EEBCA, cid=1131, SUCCESS, logIndex=0, commits[65797d0d-2d4a-456d-9b24-1d63a5102722:c1549, aca3f3a4-0773-4ff1-9bb5-1a871868fd09:c1546, abe1c95d-8ae2-42e9-9d83-236e3c187d51:c1546]
2019-07-09 04:31:20,501 INFO  client.GrpcClientProtocolClient (GrpcClientProtocolClient.java:onNext(255)) - client-859D8C9D7B89->65797d0d-2d4a-456d-9b24-1d63a5102722: receive RaftClientReply:client-859D8C9D7B89->65797d0d-2d4a-456d-9b24-1d63a5102722@group-BA7C392EEBCA, cid=1132, SUCCESS, logIndex=1553, commits[65797d0d-2d4a-456d-9b24-1d63a5102722:c1554, aca3f3a4-0773-4ff1-9bb5-1a871868fd09:c1552, abe1c95d-8ae2-42e9-9d83-236e3c187d51:c1552]
2019-07-09 04:31:20,501 INFO  client.GrpcClientProtocolClient (GrpcClientProtocolClient.java:onNext(255)) - client-859D8C9D7B89->65797d0d-2d4a-456d-9b24-1d63a5102722: receive RaftClientReply:client-859D8C9D7B89->65797d0d-2d4a-456d-9b24-1d63a5102722@group-BA7C392EEBCA, cid=1133, SUCCESS, logIndex=1554, commits[65797d0d-2d4a-456d-9b24-1d63a5102722:c1554, aca3f3a4-0773-4ff1-9bb5-1a871868fd09:c1552, abe1c95d-8ae2-42e9-9d83-236e3c187d51:c1552]
2019-07-09 04:31:20,527 INFO  client.GrpcClientProtocolClient (GrpcClientProtocolClient.java:onNext(255)) - client-859D8C9D7B89->65797d0d-2d4a-456d-9b24-1d63a5102722: receive RaftClientReply:client-859D8C9D7B89->65797d0d-2d4a-456d-9b24-1d63a5102722@group-BA7C392EEBCA, cid=1134, SUCCESS, logIndex=1557, commits[65797d0d-2d4a-456d-9b24-1d63a5102722:c1558, aca3f3a4-0773-4ff1-9bb5-1a871868fd09:c1554, abe1c95d-8ae2-42e9-9d83-236e3c187d51:c1554]
2019-07-09 04:31:20,527 INFO  client.GrpcClientProtocolClient (GrpcClientProtocolClient.java:onNext(255)) - client-859D8C9D7B89->65797d0d-2d4a-456d-9b24-1d63a5102722: receive RaftClientReply:client-859D8C9D7B89->65797d0d-2d4a-456d-9b24-1d63a5102722@group-BA7C392EEBCA, cid=1135, SUCCESS, logIndex=1558, commits[65797d0d-2d4a-456d-9b24-1d63a5102722:c1558, aca3f3a4-0773-4ff1-9bb5-1a871868fd09:c1554, abe1c95d-8ae2-42e9-9d83-236e3c187d51:c1554]
2019-07-09 04:31:20,539 INFO  client.GrpcClientProtocolClient (GrpcClientProtocolClient.java:onNext(255)) - client-859D8C9D7B89->65797d0d-2d4a-456d-9b24-1d63a5102722: receive RaftClientReply:client-859D8C9D7B89->65797d0d-2d4a-456d-9b24-1d63a5102722@group-BA7C392EEBCA, cid=1136, SUCCESS, logIndex=0, commits[65797d0d-2d4a-456d-9b24-1d63a5102722:c1559, aca3f3a4-0773-4ff1-9bb5-1a871868fd09:c1558, abe1c95d-8ae2-42e9-9d83-236e3c187d51:c1558]
2019-07-09 04:31:20,564 INFO  client.GrpcClientProtocolClient (GrpcClientProtocolClient.java:onNext(255)) - client-859D8C9D7B89->65797d0d-2d4a-456d-9b24-1d63a5102722: receive RaftClientReply:client-859D8C9D7B89->65797d0d-2d4a-456d-9b24-1d63a5102722@group-BA7C392EEBCA, cid=1137, SUCCESS, logIndex=1561, commits[65797d0d-2d4a-456d-9b24-1d63a5102722:c1562, aca3f3a4-0773-4ff1-9bb5-1a871868fd09:c1560, abe1c95d-8ae2-42e9-9d83-236e3c187d51:c1560]
2019-07-09 04:31:20,565 INFO  client.GrpcClientProtocolClient (GrpcClientProtocolClient.java:onNext(255)) - client-859D8C9D7B89->65797d0d-2d4a-456d-9b24-1d63a5102722: receive RaftClientReply:client-859D8C9D7B89->65797d0d-2d4a-456d-9b24-1d63a5102722@group-BA7C392EEBCA, cid=1138, SUCCESS, logIndex=1562, commits[65797d0d-2d4a-456d-9b24-1d63a5102722:c1563, aca3f3a4-0773-4ff1-9bb5-1a871868fd09:c1560, abe1c95d-8ae2-42e9-9d83-236e3c187d51:c1560]
2019-07-09 04:31:20,566 INFO  client.GrpcClientProtocolClient (GrpcClientProtocolClient.java:onNext(255)) - client-859D8C9D7B89->65797d0d-2d4a-456d-9b24-1d63a5102722: receive RaftClientReply:client-859D8C9D7B89->65797d0d-2d4a-456d-9b24-1d63a5102722@group-BA7C392EEBCA, cid=1139, SUCCESS, logIndex=1563, commits[65797d0d-2d4a-456d-9b24-1d63a5102722:c1564, aca3f3a4-0773-4ff1-9bb5-1a871868fd09:c1560, abe1c95d-8ae2-42e9-9d83-236e3c187d51:c1560]
2019-07-09 04:31:20,566 INFO  client.GrpcClientProtocolClient (GrpcClientProtocolClient.java:onNext(255)) - client-859D8C9D7B89->65797d0d-2d4a-456d-9b24-1d63a5102722: receive RaftClientReply:client-859D8C9D7B89->65797d0d-2d4a-456d-9b24-1d63a5102722@group-BA7C392EEBCA, cid=1140, SUCCESS, logIndex=1564, commits[65797d0d-2d4a-456d-9b24-1d63a5102722:c1564, aca3f3a4-0773-4ff1-9bb5-1a871868fd09:c1560, abe1c95d-8ae2-42e9-9d83-236e3c187d51:c1560]
2019-07-09 04:31:20,567 INFO  client.GrpcClientProtocolClient (GrpcClientProtocolClient.java:onNext(255)) - client-859D8C9D7B89->65797d0d-2d4a-456d-9b24-1d63a5102722: receive RaftClientReply:client-859D8C9D7B89->65797d0d-2d4a-456d-9b24-1d63a5102722@group-BA7C392EEBCA, cid=1141, SUCCESS, logIndex=0, commits[65797d0d-2d4a-456d-9b24-1d63a5102722:c1568, aca3f3a4-0773-4ff1-9bb5-1a871868fd09:c1564, abe1c95d-8ae2-42e9-9d83-236e3c187d51:c1562]
2019-07-09 04:31:20,594 INFO  client.GrpcClientProtocolClient (GrpcClientProtocolClient.java:onNext(255)) - client-859D8C9D7B89->65797d0d-2d4a-456d-9b24-1d63a5102722: receive RaftClientReply:client-859D8C9D7B89->65797d0d-2d4a-456d-9b24-1d63a5102722@group-BA7C392EEBCA, cid=1142, SUCCESS, logIndex=1569, commits[65797d0d-2d4a-456d-9b24-1d63a5102722:c1570, aca3f3a4-0773-4ff1-9bb5-1a871868fd09:c1568, abe1c95d-8ae2-42e9-9d83-236e3c187d51:c1568]
2019-07-09 04:31:20,595 INFO  client.GrpcClientProtocolClient (GrpcClientProtocolClient.java:onNext(255)) - client-859D8C9D7B89->65797d0d-2d4a-456d-9b24-1d63a5102722: receive RaftClientReply:client-859D8C9D7B89->65797d0d-2d4a-456d-9b24-1d63a5102722@group-BA7C392EEBCA, cid=1143, SUCCESS, logIndex=1570, commits[65797d0d-2d4a-456d-9b24-1d63a5102722:c1570, aca3f3a4-0773-4ff1-9bb5-1a871868fd09:c1568, abe1c95d-8ae2-42e9-9d83-236e3c187d51:c1568]
2019-07-09 04:31:20,607 INFO  client.GrpcClientProtocolClient (GrpcClientProtocolClient.java:onNext(255)) - client-859D8C9D7B89->65797d0d-2d4a-456d-9b24-1d63a5102722: receive RaftClientReply:client-859D8C9D7B89->65797d0d-2d4a-456d-9b24-1d63a5102722@group-BA7C392EEBCA, cid=1144, SUCCESS, logIndex=1573, commits[65797d0d-2d4a-456d-9b24-1d63a5102722:c1574, aca3f3a4-0773-4ff1-9bb5-1a871868fd09:c1570, abe1c95d-8ae2-42e9-9d83-236e3c187d51:c1570]
2019-07-09 04:31:20,608 INFO  client.GrpcClientProtocolClient (GrpcClientProtocolClient.java:onNext(255)) - client-859D8C9D7B89->65797d0d-2d4a-456d-9b24-1d63a5102722: receive RaftClientReply:client-859D8C9D7B89->65797d0d-2d4a-456d-9b24-1d63a5102722@group-BA7C392EEBCA, cid=1145, SUCCESS, logIndex=1574, commits[65797d0d-2d4a-456d-9b24-1d63a5102722:c1574, aca3f3a4-0773-4ff1-9bb5-1a871868fd09:c1570, abe1c95d-8ae2-42e9-9d83-236e3c187d51:c1570]
2019-07-09 04:31:20,621 INFO  client.GrpcClientProtocolClient (GrpcClientProtocolClient.java:onNext(255)) - client-859D8C9D7B89->65797d0d-2d4a-456d-9b24-1d63a5102722: receive RaftClientReply:client-859D8C9D7B89->65797d0d-2d4a-456d-9b24-1d63a5102722@group-BA7C392EEBCA, cid=1146, SUCCESS, logIndex=0, commits[65797d0d-2d4a-456d-9b24-1d63a5102722:c1575, aca3f3a4-0773-4ff1-9bb5-1a871868fd09:c1574, abe1c95d-8ae2-42e9-9d83-236e3c187d51:c1574]
2019-07-09 04:31:20,643 INFO  client.GrpcClientProtocolClient (GrpcClientProtocolClient.java:onNext(255)) - client-859D8C9D7B89->65797d0d-2d4a-456d-9b24-1d63a5102722: receive RaftClientReply:client-859D8C9D7B89->65797d0d-2d4a-456d-9b24-1d63a5102722@group-BA7C392EEBCA, cid=1147, SUCCESS, logIndex=1577, commits[65797d0d-2d4a-456d-9b24-1d63a5102722:c1578, aca3f3a4-0773-4ff1-9bb5-1a871868fd09:c1576, abe1c95d-8ae2-42e9-9d83-236e3c187d51:c1576]
2019-07-09 04:31:20,643 INFO  client.GrpcClientProtocolClient (GrpcClientProtocolClient.java:onNext(255)) - client-859D8C9D7B89->65797d0d-2d4a-456d-9b24-1d63a5102722: receive RaftClientReply:client-859D8C9D7B89->65797d0d-2d4a-456d-9b24-1d63a5102722@group-BA7C392EEBCA, cid=1148, SUCCESS, logIndex=1578, commits[65797d0d-2d4a-456d-9b24-1d63a5102722:c1578, aca3f3a4-0773-4ff1-9bb5-1a871868fd09:c1576, abe1c95d-8ae2-42e9-9d83-236e3c187d51:c1576]
2019-07-09 04:31:20,669 INFO  client.GrpcClientProtocolClient (GrpcClientProtocolClient.java:onNext(255)) - client-859D8C9D7B89->65797d0d-2d4a-456d-9b24-1d63a5102722: receive RaftClientReply:client-859D8C9D7B89->65797d0d-2d4a-456d-9b24-1d63a5102722@group-BA7C392EEBCA, cid=1149, SUCCESS, logIndex=1579, commits[65797d0d-2d4a-456d-9b24-1d63a5102722:c1580, aca3f3a4-0773-4ff1-9bb5-1a871868fd09:c1576, abe1c95d-8ae2-42e9-9d83-236e3c187d51:c1576]
2019-07-09 04:31:20,670 INFO  client.GrpcClientProtocolClient (GrpcClientProtocolClient.java:onNext(255)) - client-859D8C9D7B89->65797d0d-2d4a-456d-9b24-1d63a5102722: receive RaftClientReply:client-859D8C9D7B89->65797d0d-2d4a-456d-9b24-1d63a5102722@group-BA7C392EEBCA, cid=1150, SUCCESS, logIndex=1580, commits[65797d0d-2d4a-456d-9b24-1d63a5102722:c1580, aca3f3a4-0773-4ff1-9bb5-1a871868fd09:c1576, abe1c95d-8ae2-42e9-9d83-236e3c187d51:c1576]
2019-07-09 04:31:20,671 INFO  client.GrpcClientProtocolClient (GrpcClientProtocolClient.java:onNext(255)) - client-859D8C9D7B89->65797d0d-2d4a-456d-9b24-1d63a5102722: receive RaftClientReply:client-859D8C9D7B89->65797d0d-2d4a-456d-9b24-1d63a5102722@group-BA7C392EEBCA, cid=1151, SUCCESS, logIndex=0, commits[65797d0d-2d4a-456d-9b24-1d63a5102722:c1582, aca3f3a4-0773-4ff1-9bb5-1a871868fd09:c1578, abe1c95d-8ae2-42e9-9d83-236e3c187d51:c1578]
2019-07-09 04:31:20,720 INFO  client.GrpcClientProtocolClient (GrpcClientProtocolClient.java:onNext(255)) - client-859D8C9D7B89->65797d0d-2d4a-456d-9b24-1d63a5102722: receive RaftClientReply:client-859D8C9D7B89->65797d0d-2d4a-456d-9b24-1d63a5102722@group-BA7C392EEBCA, cid=1152, SUCCESS, logIndex=1585, commits[65797d0d-2d4a-456d-9b24-1d63a5102722:c1586, aca3f3a4-0773-4ff1-9bb5-1a871868fd09:c1584, abe1c95d-8ae2-42e9-9d83-236e3c187d51:c1584]
2019-07-09 04:31:20,721 INFO  client.GrpcClientProtocolClient (GrpcClientProtocolClient.java:onNext(255)) - client-859D8C9D7B89->65797d0d-2d4a-456d-9b24-1d63a5102722: receive RaftClientReply:client-859D8C9D7B89->65797d0d-2d4a-456d-9b24-1d63a5102722@group-BA7C392EEBCA, cid=1153, SUCCESS, logIndex=1586, commits[65797d0d-2d4a-456d-9b24-1d63a5102722:c1586, aca3f3a4-0773-4ff1-9bb5-1a871868fd09:c1584, abe1c95d-8ae2-42e9-9d83-236e3c187d51:c1584]
2019-07-09 04:31:20,745 INFO  client.GrpcClientProtocolClient (GrpcClientProtocolClient.java:onNext(255)) - client-859D8C9D7B89->65797d0d-2d4a-456d-9b24-1d63a5102722: receive RaftClientReply:client-859D8C9D7B89->65797d0d-2d4a-456d-9b24-1d63a5102722@group-BA7C392EEBCA, cid=1154, SUCCESS, logIndex=1589, commits[65797d0d-2d4a-456d-9b24-1d63a5102722:c1590, aca3f3a4-0773-4ff1-9bb5-1a871868fd09:c1586, abe1c95d-8ae2-42e9-9d83-236e3c187d51:c1586]
2019-07-09 04:31:20,746 INFO  client.GrpcClientProtocolClient (GrpcClientProtocolClient.java:onNext(255)) - client-859D8C9D7B89->65797d0d-2d4a-456d-9b24-1d63a5102722: receive RaftClientReply:client-859D8C9D7B89->65797d0d-2d4a-456d-9b24-1d63a5102722@group-BA7C392EEBCA, cid=1155, SUCCESS, logIndex=1590, commits[65797d0d-2d4a-456d-9b24-1d63a5102722:c1590, aca3f3a4-0773-4ff1-9bb5-1a871868fd09:c1586, abe1c95d-8ae2-42e9-9d83-236e3c187d51:c1586]
2019-07-09 04:31:20,757 INFO  client.GrpcClientProtocolClient (GrpcClientProtocolClient.java:onNext(255)) - client-859D8C9D7B89->65797d0d-2d4a-456d-9b24-1d63a5102722: receive RaftClientReply:client-859D8C9D7B89->65797d0d-2d4a-456d-9b24-1d63a5102722@group-BA7C392EEBCA, cid=1156, SUCCESS, logIndex=0, commits[65797d0d-2d4a-456d-9b24-1d63a5102722:c1591, aca3f3a4-0773-4ff1-9bb5-1a871868fd09:c1590, abe1c95d-8ae2-42e9-9d83-236e3c187d51:c1590]
2019-07-09 04:31:20,779 INFO  client.GrpcClientProtocolClient (GrpcClientProtocolClient.java:onNext(255)) - client-859D8C9D7B89->65797d0d-2d4a-456d-9b24-1d63a5102722: receive RaftClientReply:client-859D8C9D7B89->65797d0d-2d4a-456d-9b24-1d63a5102722@group-BA7C392EEBCA, cid=1157, SUCCESS, logIndex=1593, commits[65797d0d-2d4a-456d-9b24-1d63a5102722:c1594, aca3f3a4-0773-4ff1-9bb5-1a871868fd09:c1592, abe1c95d-8ae2-42e9-9d83-236e3c187d51:c1592]
2019-07-09 04:31:20,780 INFO  client.GrpcClientProtocolClient (GrpcClientProtocolClient.java:onNext(255)) - client-859D8C9D7B89->65797d0d-2d4a-456d-9b24-1d63a5102722: receive RaftClientReply:client-859D8C9D7B89->65797d0d-2d4a-456d-9b24-1d63a5102722@group-BA7C392EEBCA, cid=1158, SUCCESS, logIndex=1594, commits[65797d0d-2d4a-456d-9b24-1d63a5102722:c1596, aca3f3a4-0773-4ff1-9bb5-1a871868fd09:c1592, abe1c95d-8ae2-42e9-9d83-236e3c187d51:c1592]
2019-07-09 04:31:20,781 INFO  client.GrpcClientProtocolClient (GrpcClientProtocolClient.java:onNext(255)) - client-859D8C9D7B89->65797d0d-2d4a-456d-9b24-1d63a5102722: receive RaftClientReply:client-859D8C9D7B89->65797d0d-2d4a-456d-9b24-1d63a5102722@group-BA7C392EEBCA, cid=1159, SUCCESS, logIndex=1595, commits[65797d0d-2d4a-456d-9b24-1d63a5102722:c1596, aca3f3a4-0773-4ff1-9bb5-1a871868fd09:c1592, abe1c95d-8ae2-42e9-9d83-236e3c187d51:c1592]
2019-07-09 04:31:20,781 INFO  client.GrpcClientProtocolClient (GrpcClientProtocolClient.java:onNext(255)) - client-859D8C9D7B89->65797d0d-2d4a-456d-9b24-1d63a5102722: receive RaftClientReply:client-859D8C9D7B89->65797d0d-2d4a-456d-9b24-1d63a5102722@group-BA7C392EEBCA, cid=1160, SUCCESS, logIndex=1596, commits[65797d0d-2d4a-456d-9b24-1d63a5102722:c1596, aca3f3a4-0773-4ff1-9bb5-1a871868fd09:c1592, abe1c95d-8ae2-42e9-9d83-236e3c187d51:c1592]
2019-07-09 04:31:20,782 INFO  client.GrpcClientProtocolClient (GrpcClientProtocolClient.java:onNext(255)) - client-859D8C9D7B89->65797d0d-2d4a-456d-9b24-1d63a5102722: receive RaftClientReply:client-859D8C9D7B89->65797d0d-2d4a-456d-9b24-1d63a5102722@group-BA7C392EEBCA, cid=1161, SUCCESS, logIndex=0, commits[65797d0d-2d4a-456d-9b24-1d63a5102722:c1598, aca3f3a4-0773-4ff1-9bb5-1a871868fd09:c1594, abe1c95d-8ae2-42e9-9d83-236e3c187d51:c1594]
2019-07-09 04:31:20,806 INFO  client.GrpcClientProtocolClient (GrpcClientProtocolClient.java:onNext(255)) - client-859D8C9D7B89->65797d0d-2d4a-456d-9b24-1d63a5102722: receive RaftClientReply:client-859D8C9D7B89->65797d0d-2d4a-456d-9b24-1d63a5102722@group-BA7C392EEBCA, cid=1162, SUCCESS, logIndex=1600, commits[65797d0d-2d4a-456d-9b24-1d63a5102722:c1601, aca3f3a4-0773-4ff1-9bb5-1a871868fd09:c1599, abe1c95d-8ae2-42e9-9d83-236e3c187d51:c1599]
2019-07-09 04:31:20,806 INFO  client.GrpcClientProtocolClient (GrpcClientProtocolClient.java:onNext(255)) - client-859D8C9D7B89->65797d0d-2d4a-456d-9b24-1d63a5102722: receive RaftClientReply:client-859D8C9D7B89->65797d0d-2d4a-456d-9b24-1d63a5102722@group-BA7C392EEBCA, cid=1163, SUCCESS, logIndex=1601, commits[65797d0d-2d4a-456d-9b24-1d63a5102722:c1601, aca3f3a4-0773-4ff1-9bb5-1a871868fd09:c1599, abe1c95d-8ae2-42e9-9d83-236e3c187d51:c1599]
 0.00% |█                                                                                                    |  0/1 Time: 0:00:062019-07-09 04:31:20,819 INFO  client.GrpcClientProtocolClient (GrpcClientProtocolClient.java:onNext(255)) - client-859D8C9D7B89->65797d0d-2d4a-456d-9b24-1d63a5102722: receive RaftClientReply:client-859D8C9D7B89->65797d0d-2d4a-456d-9b24-1d63a5102722@group-BA7C392EEBCA, cid=1164, SUCCESS, logIndex=1604, commits[65797d0d-2d4a-456d-9b24-1d63a5102722:c1605, aca3f3a4-0773-4ff1-9bb5-1a871868fd09:c1600, abe1c95d-8ae2-42e9-9d83-236e3c187d51:c1601]
2019-07-09 04:31:20,819 INFO  client.GrpcClientProtocolClient (GrpcClientProtocolClient.java:onNext(255)) - client-859D8C9D7B89->65797d0d-2d4a-456d-9b24-1d63a5102722: receive RaftClientReply:client-859D8C9D7B89->65797d0d-2d4a-456d-9b24-1d63a5102722@group-BA7C392EEBCA, cid=1165, SUCCESS, logIndex=1605, commits[65797d0d-2d4a-456d-9b24-1d63a5102722:c1605, aca3f3a4-0773-4ff1-9bb5-1a871868fd09:c1601, abe1c95d-8ae2-42e9-9d83-236e3c187d51:c1601]
2019-07-09 04:31:20,831 INFO  client.GrpcClientProtocolClient (GrpcClientProtocolClient.java:onNext(255)) - client-859D8C9D7B89->65797d0d-2d4a-456d-9b24-1d63a5102722: receive RaftClientReply:client-859D8C9D7B89->65797d0d-2d4a-456d-9b24-1d63a5102722@group-BA7C392EEBCA, cid=1166, SUCCESS, logIndex=0, commits[65797d0d-2d4a-456d-9b24-1d63a5102722:c1606, aca3f3a4-0773-4ff1-9bb5-1a871868fd09:c1605, abe1c95d-8ae2-42e9-9d83-236e3c187d51:c1605]
2019-07-09 04:31:20,851 INFO  client.GrpcClientProtocolClient (GrpcClientProtocolClient.java:onNext(255)) - client-859D8C9D7B89->65797d0d-2d4a-456d-9b24-1d63a5102722: receive RaftClientReply:client-859D8C9D7B89->65797d0d-2d4a-456d-9b24-1d63a5102722@group-BA7C392EEBCA, cid=1167, SUCCESS, logIndex=1608, commits[65797d0d-2d4a-456d-9b24-1d63a5102722:c1610, aca3f3a4-0773-4ff1-9bb5-1a871868fd09:c1607, abe1c95d-8ae2-42e9-9d83-236e3c187d51:c1607]
2019-07-09 04:31:20,852 INFO  client.GrpcClientProtocolClient (GrpcClientProtocolClient.java:onNext(255)) - client-859D8C9D7B89->65797d0d-2d4a-456d-9b24-1d63a5102722: receive RaftClientReply:client-859D8C9D7B89->65797d0d-2d4a-456d-9b24-1d63a5102722@group-BA7C392EEBCA, cid=1168, SUCCESS, logIndex=1609, commits[65797d0d-2d4a-456d-9b24-1d63a5102722:c1611, aca3f3a4-0773-4ff1-9bb5-1a871868fd09:c1607, abe1c95d-8ae2-42e9-9d83-236e3c187d51:c1607]
2019-07-09 04:31:20,852 INFO  client.GrpcClientProtocolClient (GrpcClientProtocolClient.java:onNext(255)) - client-859D8C9D7B89->65797d0d-2d4a-456d-9b24-1d63a5102722: receive RaftClientReply:client-859D8C9D7B89->65797d0d-2d4a-456d-9b24-1d63a5102722@group-BA7C392EEBCA, cid=1169, SUCCESS, logIndex=1610, commits[65797d0d-2d4a-456d-9b24-1d63a5102722:c1611, aca3f3a4-0773-4ff1-9bb5-1a871868fd09:c1607, abe1c95d-8ae2-42e9-9d83-236e3c187d51:c1607]
2019-07-09 04:31:20,853 INFO  client.GrpcClientProtocolClient (GrpcClientProtocolClient.java:onNext(255)) - client-859D8C9D7B89->65797d0d-2d4a-456d-9b24-1d63a5102722: receive RaftClientReply:client-859D8C9D7B89->65797d0d-2d4a-456d-9b24-1d63a5102722@group-BA7C392EEBCA, cid=1170, SUCCESS, logIndex=1611, commits[65797d0d-2d4a-456d-9b24-1d63a5102722:c1611, aca3f3a4-0773-4ff1-9bb5-1a871868fd09:c1607, abe1c95d-8ae2-42e9-9d83-236e3c187d51:c1607]
2019-07-09 04:31:20,864 INFO  client.GrpcClientProtocolClient (GrpcClientProtocolClient.java:onNext(255)) - client-859D8C9D7B89->65797d0d-2d4a-456d-9b24-1d63a5102722: receive RaftClientReply:client-859D8C9D7B89->65797d0d-2d4a-456d-9b24-1d63a5102722@group-BA7C392EEBCA, cid=1171, SUCCESS, logIndex=0, commits[65797d0d-2d4a-456d-9b24-1d63a5102722:c1613, aca3f3a4-0773-4ff1-9bb5-1a871868fd09:c1609, abe1c95d-8ae2-42e9-9d83-236e3c187d51:c1610]
2019-07-09 04:31:20,885 INFO  client.GrpcClientProtocolClient (GrpcClientProtocolClient.java:onNext(255)) - client-859D8C9D7B89->65797d0d-2d4a-456d-9b24-1d63a5102722: receive RaftClientReply:client-859D8C9D7B89->65797d0d-2d4a-456d-9b24-1d63a5102722@group-BA7C392EEBCA, cid=1172, SUCCESS, logIndex=1616, commits[65797d0d-2d4a-456d-9b24-1d63a5102722:c1616, aca3f3a4-0773-4ff1-9bb5-1a871868fd09:c1615, abe1c95d-8ae2-42e9-9d83-236e3c187d51:c1615]
2019-07-09 04:31:20,885 INFO  client.GrpcClientProtocolClient (GrpcClientProtocolClient.java:onNext(255)) - client-859D8C9D7B89->65797d0d-2d4a-456d-9b24-1d63a5102722: receive RaftClientReply:client-859D8C9D7B89->65797d0d-2d4a-456d-9b24-1d63a5102722@group-BA7C392EEBCA, cid=1173, SUCCESS, logIndex=1617, commits[65797d0d-2d4a-456d-9b24-1d63a5102722:c1617, aca3f3a4-0773-4ff1-9bb5-1a871868fd09:c1615, abe1c95d-8ae2-42e9-9d83-236e3c187d51:c1615]
2019-07-09 04:31:20,897 INFO  client.GrpcClientProtocolClient (GrpcClientProtocolClient.java:onNext(255)) - client-859D8C9D7B89->65797d0d-2d4a-456d-9b24-1d63a5102722: receive RaftClientReply:client-859D8C9D7B89->65797d0d-2d4a-456d-9b24-1d63a5102722@group-BA7C392EEBCA, cid=1174, SUCCESS, logIndex=1620, commits[65797d0d-2d4a-456d-9b24-1d63a5102722:c1621, aca3f3a4-0773-4ff1-9bb5-1a871868fd09:c1619, abe1c95d-8ae2-42e9-9d83-236e3c187d51:c1617]
2019-07-09 04:31:20,897 INFO  client.GrpcClientProtocolClient (GrpcClientProtocolClient.java:onNext(255)) - client-859D8C9D7B89->65797d0d-2d4a-456d-9b24-1d63a5102722: receive RaftClientReply:client-859D8C9D7B89->65797d0d-2d4a-456d-9b24-1d63a5102722@group-BA7C392EEBCA, cid=1175, SUCCESS, logIndex=1621, commits[65797d0d-2d4a-456d-9b24-1d63a5102722:c1621, aca3f3a4-0773-4ff1-9bb5-1a871868fd09:c1619, abe1c95d-8ae2-42e9-9d83-236e3c187d51:c1619]
2019-07-09 04:31:20,899 INFO  client.GrpcClientProtocolClient (GrpcClientProtocolClient.java:onNext(255)) - client-859D8C9D7B89->65797d0d-2d4a-456d-9b24-1d63a5102722: receive RaftClientReply:client-859D8C9D7B89->65797d0d-2d4a-456d-9b24-1d63a5102722@group-BA7C392EEBCA, cid=1176, SUCCESS, logIndex=0, commits[65797d0d-2d4a-456d-9b24-1d63a5102722:c1622, aca3f3a4-0773-4ff1-9bb5-1a871868fd09:c1621, abe1c95d-8ae2-42e9-9d83-236e3c187d51:c1621]
2019-07-09 04:31:20,922 INFO  client.GrpcClientProtocolClient (GrpcClientProtocolClient.java:onNext(255)) - client-859D8C9D7B89->65797d0d-2d4a-456d-9b24-1d63a5102722: receive RaftClientReply:client-859D8C9D7B89->65797d0d-2d4a-456d-9b24-1d63a5102722@group-BA7C392EEBCA, cid=1177, SUCCESS, logIndex=1624, commits[65797d0d-2d4a-456d-9b24-1d63a5102722:c1625, aca3f3a4-0773-4ff1-9bb5-1a871868fd09:c1623, abe1c95d-8ae2-42e9-9d83-236e3c187d51:c1623]
2019-07-09 04:31:20,923 INFO  client.GrpcClientProtocolClient (GrpcClientProtocolClient.java:onNext(255)) - client-859D8C9D7B89->65797d0d-2d4a-456d-9b24-1d63a5102722: receive RaftClientReply:client-859D8C9D7B89->65797d0d-2d4a-456d-9b24-1d63a5102722@group-BA7C392EEBCA, cid=1178, SUCCESS, logIndex=1625, commits[65797d0d-2d4a-456d-9b24-1d63a5102722:c1627, aca3f3a4-0773-4ff1-9bb5-1a871868fd09:c1623, abe1c95d-8ae2-42e9-9d83-236e3c187d51:c1623]
2019-07-09 04:31:20,923 INFO  client.GrpcClientProtocolClient (GrpcClientProtocolClient.java:onNext(255)) - client-859D8C9D7B89->65797d0d-2d4a-456d-9b24-1d63a5102722: receive RaftClientReply:client-859D8C9D7B89->65797d0d-2d4a-456d-9b24-1d63a5102722@group-BA7C392EEBCA, cid=1179, SUCCESS, logIndex=1626, commits[65797d0d-2d4a-456d-9b24-1d63a5102722:c1627, aca3f3a4-0773-4ff1-9bb5-1a871868fd09:c1623, abe1c95d-8ae2-42e9-9d83-236e3c187d51:c1623]
2019-07-09 04:31:20,923 INFO  client.GrpcClientProtocolClient (GrpcClientProtocolClient.java:onNext(255)) - client-859D8C9D7B89->65797d0d-2d4a-456d-9b24-1d63a5102722: receive RaftClientReply:client-859D8C9D7B89->65797d0d-2d4a-456d-9b24-1d63a5102722@group-BA7C392EEBCA, cid=1180, SUCCESS, logIndex=1627, commits[65797d0d-2d4a-456d-9b24-1d63a5102722:c1627, aca3f3a4-0773-4ff1-9bb5-1a871868fd09:c1623, abe1c95d-8ae2-42e9-9d83-236e3c187d51:c1623]
2019-07-09 04:31:20,928 INFO  client.GrpcClientProtocolClient (GrpcClientProtocolClient.java:onNext(255)) - client-859D8C9D7B89->65797d0d-2d4a-456d-9b24-1d63a5102722: receive RaftClientReply:client-859D8C9D7B89->65797d0d-2d4a-456d-9b24-1d63a5102722@group-BA7C392EEBCA, cid=1181, SUCCESS, logIndex=0, commits[65797d0d-2d4a-456d-9b24-1d63a5102722:c1628, aca3f3a4-0773-4ff1-9bb5-1a871868fd09:c1625, abe1c95d-8ae2-42e9-9d83-236e3c187d51:c1625]
2019-07-09 04:31:20,948 INFO  client.GrpcClientProtocolClient (GrpcClientProtocolClient.java:onNext(255)) - client-859D8C9D7B89->65797d0d-2d4a-456d-9b24-1d63a5102722: receive RaftClientReply:client-859D8C9D7B89->65797d0d-2d4a-456d-9b24-1d63a5102722@group-BA7C392EEBCA, cid=1182, SUCCESS, logIndex=1630, commits[65797d0d-2d4a-456d-9b24-1d63a5102722:c1631, aca3f3a4-0773-4ff1-9bb5-1a871868fd09:c1629, abe1c95d-8ae2-42e9-9d83-236e3c187d51:c1629]
2019-07-09 04:31:20,948 INFO  client.GrpcClientProtocolClient (GrpcClientProtocolClient.java:onNext(255)) - client-859D8C9D7B89->65797d0d-2d4a-456d-9b24-1d63a5102722: receive RaftClientReply:client-859D8C9D7B89->65797d0d-2d4a-456d-9b24-1d63a5102722@group-BA7C392EEBCA, cid=1183, SUCCESS, logIndex=1631, commits[65797d0d-2d4a-456d-9b24-1d63a5102722:c1631, aca3f3a4-0773-4ff1-9bb5-1a871868fd09:c1629, abe1c95d-8ae2-42e9-9d83-236e3c187d51:c1629]
2019-07-09 04:31:20,962 INFO  client.GrpcClientProtocolClient (GrpcClientProtocolClient.java:onNext(255)) - client-859D8C9D7B89->65797d0d-2d4a-456d-9b24-1d63a5102722: receive RaftClientReply:client-859D8C9D7B89->65797d0d-2d4a-456d-9b24-1d63a5102722@group-BA7C392EEBCA, cid=1184, SUCCESS, logIndex=1634, commits[65797d0d-2d4a-456d-9b24-1d63a5102722:c1635, aca3f3a4-0773-4ff1-9bb5-1a871868fd09:c1631, abe1c95d-8ae2-42e9-9d83-236e3c187d51:c1631]
2019-07-09 04:31:20,962 INFO  client.GrpcClientProtocolClient (GrpcClientProtocolClient.java:onNext(255)) - client-859D8C9D7B89->65797d0d-2d4a-456d-9b24-1d63a5102722: receive RaftClientReply:client-859D8C9D7B89->65797d0d-2d4a-456d-9b24-1d63a5102722@group-BA7C392EEBCA, cid=1185, SUCCESS, logIndex=1635, commits[65797d0d-2d4a-456d-9b24-1d63a5102722:c1635, aca3f3a4-0773-4ff1-9bb5-1a871868fd09:c1631, abe1c95d-8ae2-42e9-9d83-236e3c187d51:c1631]
2019-07-09 04:31:20,963 INFO  client.GrpcClientProtocolClient (GrpcClientProtocolClient.java:onNext(255)) - client-859D8C9D7B89->65797d0d-2d4a-456d-9b24-1d63a5102722: receive RaftClientReply:client-859D8C9D7B89->65797d0d-2d4a-456d-9b24-1d63a5102722@group-BA7C392EEBCA, cid=1186, SUCCESS, logIndex=0, commits[65797d0d-2d4a-456d-9b24-1d63a5102722:c1636, aca3f3a4-0773-4ff1-9bb5-1a871868fd09:c1635, abe1c95d-8ae2-42e9-9d83-236e3c187d51:c1635]
2019-07-09 04:31:20,984 INFO  client.GrpcClientProtocolClient (GrpcClientProtocolClient.java:onNext(255)) - client-859D8C9D7B89->65797d0d-2d4a-456d-9b24-1d63a5102722: receive RaftClientReply:client-859D8C9D7B89->65797d0d-2d4a-456d-9b24-1d63a5102722@group-BA7C392EEBCA, cid=1187, SUCCESS, logIndex=1638, commits[65797d0d-2d4a-456d-9b24-1d63a5102722:c1639, aca3f3a4-0773-4ff1-9bb5-1a871868fd09:c1637, abe1c95d-8ae2-42e9-9d83-236e3c187d51:c1637]
2019-07-09 04:31:20,984 INFO  client.GrpcClientProtocolClient (GrpcClientProtocolClient.java:onNext(255)) - client-859D8C9D7B89->65797d0d-2d4a-456d-9b24-1d63a5102722: receive RaftClientReply:client-859D8C9D7B89->65797d0d-2d4a-456d-9b24-1d63a5102722@group-BA7C392EEBCA, cid=1188, SUCCESS, logIndex=1639, commits[65797d0d-2d4a-456d-9b24-1d63a5102722:c1639, aca3f3a4-0773-4ff1-9bb5-1a871868fd09:c1637, abe1c95d-8ae2-42e9-9d83-236e3c187d51:c1637]
2019-07-09 04:31:20,985 INFO  client.GrpcClientProtocolClient (GrpcClientProtocolClient.java:onNext(255)) - client-859D8C9D7B89->65797d0d-2d4a-456d-9b24-1d63a5102722: receive RaftClientReply:client-859D8C9D7B89->65797d0d-2d4a-456d-9b24-1d63a5102722@group-BA7C392EEBCA, cid=1189, SUCCESS, logIndex=1640, commits[65797d0d-2d4a-456d-9b24-1d63a5102722:c1641, aca3f3a4-0773-4ff1-9bb5-1a871868fd09:c1637, abe1c95d-8ae2-42e9-9d83-236e3c187d51:c1637]
2019-07-09 04:31:20,985 INFO  client.GrpcClientProtocolClient (GrpcClientProtocolClient.java:onNext(255)) - client-859D8C9D7B89->65797d0d-2d4a-456d-9b24-1d63a5102722: receive RaftClientReply:client-859D8C9D7B89->65797d0d-2d4a-456d-9b24-1d63a5102722@group-BA7C392EEBCA, cid=1190, SUCCESS, logIndex=1641, commits[65797d0d-2d4a-456d-9b24-1d63a5102722:c1642, aca3f3a4-0773-4ff1-9bb5-1a871868fd09:c1638, abe1c95d-8ae2-42e9-9d83-236e3c187d51:c1637]
2019-07-09 04:31:20,987 INFO  client.GrpcClientProtocolClient (GrpcClientProtocolClient.java:onNext(255)) - client-859D8C9D7B89->65797d0d-2d4a-456d-9b24-1d63a5102722: receive RaftClientReply:client-859D8C9D7B89->65797d0d-2d4a-456d-9b24-1d63a5102722@group-BA7C392EEBCA, cid=1191, SUCCESS, logIndex=0, commits[65797d0d-2d4a-456d-9b24-1d63a5102722:c1643, aca3f3a4-0773-4ff1-9bb5-1a871868fd09:c1641, abe1c95d-8ae2-42e9-9d83-236e3c187d51:c1639]
2019-07-09 04:31:21,008 INFO  client.GrpcClientProtocolClient (GrpcClientProtocolClient.java:onNext(255)) - client-859D8C9D7B89->65797d0d-2d4a-456d-9b24-1d63a5102722: receive RaftClientReply:client-859D8C9D7B89->65797d0d-2d4a-456d-9b24-1d63a5102722@group-BA7C392EEBCA, cid=1192, SUCCESS, logIndex=1646, commits[65797d0d-2d4a-456d-9b24-1d63a5102722:c1647, aca3f3a4-0773-4ff1-9bb5-1a871868fd09:c1645, abe1c95d-8ae2-42e9-9d83-236e3c187d51:c1645]
2019-07-09 04:31:21,009 INFO  client.GrpcClientProtocolClient (GrpcClientProtocolClient.java:onNext(255)) - client-859D8C9D7B89->65797d0d-2d4a-456d-9b24-1d63a5102722: receive RaftClientReply:client-859D8C9D7B89->65797d0d-2d4a-456d-9b24-1d63a5102722@group-BA7C392EEBCA, cid=1193, SUCCESS, logIndex=1647, commits[65797d0d-2d4a-456d-9b24-1d63a5102722:c1647, aca3f3a4-0773-4ff1-9bb5-1a871868fd09:c1645, abe1c95d-8ae2-42e9-9d83-236e3c187d51:c1645]
2019-07-09 04:31:21,025 INFO  client.GrpcClientProtocolClient (GrpcClientProtocolClient.java:onNext(255)) - client-859D8C9D7B89->65797d0d-2d4a-456d-9b24-1d63a5102722: receive RaftClientReply:client-859D8C9D7B89->65797d0d-2d4a-456d-9b24-1d63a5102722@group-BA7C392EEBCA, cid=1194, SUCCESS, logIndex=1650, commits[65797d0d-2d4a-456d-9b24-1d63a5102722:c1650, aca3f3a4-0773-4ff1-9bb5-1a871868fd09:c1647, abe1c95d-8ae2-42e9-9d83-236e3c187d51:c1647]
2019-07-09 04:31:21,025 INFO  client.GrpcClientProtocolClient (GrpcClientProtocolClient.java:onNext(255)) - client-859D8C9D7B89->65797d0d-2d4a-456d-9b24-1d63a5102722: receive RaftClientReply:client-859D8C9D7B89->65797d0d-2d4a-456d-9b24-1d63a5102722@group-BA7C392EEBCA, cid=1195, SUCCESS, logIndex=1651, commits[65797d0d-2d4a-456d-9b24-1d63a5102722:c1651, aca3f3a4-0773-4ff1-9bb5-1a871868fd09:c1647, abe1c95d-8ae2-42e9-9d83-236e3c187d51:c1647]
2019-07-09 04:31:21,038 INFO  client.GrpcClientProtocolClient (GrpcClientProtocolClient.java:onNext(255)) - client-859D8C9D7B89->65797d0d-2d4a-456d-9b24-1d63a5102722: receive RaftClientReply:client-859D8C9D7B89->65797d0d-2d4a-456d-9b24-1d63a5102722@group-BA7C392EEBCA, cid=1196, SUCCESS, logIndex=0, commits[65797d0d-2d4a-456d-9b24-1d63a5102722:c1652, aca3f3a4-0773-4ff1-9bb5-1a871868fd09:c1651, abe1c95d-8ae2-42e9-9d83-236e3c187d51:c1651]
2019-07-09 04:31:21,148 INFO  client.GrpcClientProtocolClient (GrpcClientProtocolClient.java:onNext(255)) - client-859D8C9D7B89->65797d0d-2d4a-456d-9b24-1d63a5102722: receive RaftClientReply:client-859D8C9D7B89->65797d0d-2d4a-456d-9b24-1d63a5102722@group-BA7C392EEBCA, cid=1197, SUCCESS, logIndex=1654, commits[65797d0d-2d4a-456d-9b24-1d63a5102722:c1655, aca3f3a4-0773-4ff1-9bb5-1a871868fd09:c1653, abe1c95d-8ae2-42e9-9d83-236e3c187d51:c1653]
2019-07-09 04:31:21,149 INFO  client.GrpcClientProtocolClient (GrpcClientProtocolClient.java:onNext(255)) - client-859D8C9D7B89->65797d0d-2d4a-456d-9b24-1d63a5102722: receive RaftClientReply:client-859D8C9D7B89->65797d0d-2d4a-456d-9b24-1d63a5102722@group-BA7C392EEBCA, cid=1198, SUCCESS, logIndex=1655, commits[65797d0d-2d4a-456d-9b24-1d63a5102722:c1657, aca3f3a4-0773-4ff1-9bb5-1a871868fd09:c1653, abe1c95d-8ae2-42e9-9d83-236e3c187d51:c1653]
2019-07-09 04:31:21,149 INFO  client.GrpcClientProtocolClient (GrpcClientProtocolClient.java:onNext(255)) - client-859D8C9D7B89->65797d0d-2d4a-456d-9b24-1d63a5102722: receive RaftClientReply:client-859D8C9D7B89->65797d0d-2d4a-456d-9b24-1d63a5102722@group-BA7C392EEBCA, cid=1199, SUCCESS, logIndex=1656, commits[65797d0d-2d4a-456d-9b24-1d63a5102722:c1657, aca3f3a4-0773-4ff1-9bb5-1a871868fd09:c1653, abe1c95d-8ae2-42e9-9d83-236e3c187d51:c1653]
2019-07-09 04:31:21,150 INFO  client.GrpcClientProtocolClient (GrpcClientProtocolClient.java:onNext(255)) - client-859D8C9D7B89->65797d0d-2d4a-456d-9b24-1d63a5102722: receive RaftClientReply:client-859D8C9D7B89->65797d0d-2d4a-456d-9b24-1d63a5102722@group-BA7C392EEBCA, cid=1200, SUCCESS, logIndex=1657, commits[65797d0d-2d4a-456d-9b24-1d63a5102722:c1657, aca3f3a4-0773-4ff1-9bb5-1a871868fd09:c1653, abe1c95d-8ae2-42e9-9d83-236e3c187d51:c1653]
2019-07-09 04:31:21,160 INFO  client.GrpcClientProtocolClient (GrpcClientProtocolClient.java:onNext(255)) - client-859D8C9D7B89->65797d0d-2d4a-456d-9b24-1d63a5102722: receive RaftClientReply:client-859D8C9D7B89->65797d0d-2d4a-456d-9b24-1d63a5102722@group-BA7C392EEBCA, cid=1201, SUCCESS, logIndex=0, commits[65797d0d-2d4a-456d-9b24-1d63a5102722:c1659, aca3f3a4-0773-4ff1-9bb5-1a871868fd09:c1655, abe1c95d-8ae2-42e9-9d83-236e3c187d51:c1655]
2019-07-09 04:31:21,180 INFO  client.GrpcClientProtocolClient (GrpcClientProtocolClient.java:onNext(255)) - client-859D8C9D7B89->65797d0d-2d4a-456d-9b24-1d63a5102722: receive RaftClientReply:client-859D8C9D7B89->65797d0d-2d4a-456d-9b24-1d63a5102722@group-BA7C392EEBCA, cid=1202, SUCCESS, logIndex=1661, commits[65797d0d-2d4a-456d-9b24-1d63a5102722:c1662, aca3f3a4-0773-4ff1-9bb5-1a871868fd09:c1660, abe1c95d-8ae2-42e9-9d83-236e3c187d51:c1660]
2019-07-09 04:31:21,181 INFO  client.GrpcClientProtocolClient (GrpcClientProtocolClient.java:onNext(255)) - client-859D8C9D7B89->65797d0d-2d4a-456d-9b24-1d63a5102722: receive RaftClientReply:client-859D8C9D7B89->65797d0d-2d4a-456d-9b24-1d63a5102722@group-BA7C392EEBCA, cid=1203, SUCCESS, logIndex=1662, commits[65797d0d-2d4a-456d-9b24-1d63a5102722:c1662, aca3f3a4-0773-4ff1-9bb5-1a871868fd09:c1660, abe1c95d-8ae2-42e9-9d83-236e3c187d51:c1660]
2019-07-09 04:31:21,204 INFO  client.GrpcClientProtocolClient (GrpcClientProtocolClient.java:onNext(255)) - client-859D8C9D7B89->65797d0d-2d4a-456d-9b24-1d63a5102722: receive RaftClientReply:client-859D8C9D7B89->65797d0d-2d4a-456d-9b24-1d63a5102722@group-BA7C392EEBCA, cid=1204, SUCCESS, logIndex=1665, commits[65797d0d-2d4a-456d-9b24-1d63a5102722:c1666, aca3f3a4-0773-4ff1-9bb5-1a871868fd09:c1662, abe1c95d-8ae2-42e9-9d83-236e3c187d51:c1662]
2019-07-09 04:31:21,205 INFO  client.GrpcClientProtocolClient (GrpcClientProtocolClient.java:onNext(255)) - client-859D8C9D7B89->65797d0d-2d4a-456d-9b24-1d63a5102722: receive RaftClientReply:client-859D8C9D7B89->65797d0d-2d4a-456d-9b24-1d63a5102722@group-BA7C392EEBCA, cid=1205, SUCCESS, logIndex=1666, commits[65797d0d-2d4a-456d-9b24-1d63a5102722:c1666, aca3f3a4-0773-4ff1-9bb5-1a871868fd09:c1662, abe1c95d-8ae2-42e9-9d83-236e3c187d51:c1662]
2019-07-09 04:31:21,207 INFO  client.GrpcClientProtocolClient (GrpcClientProtocolClient.java:onNext(255)) - client-859D8C9D7B89->65797d0d-2d4a-456d-9b24-1d63a5102722: receive RaftClientReply:client-859D8C9D7B89->65797d0d-2d4a-456d-9b24-1d63a5102722@group-BA7C392EEBCA, cid=1206, SUCCESS, logIndex=0, commits[65797d0d-2d4a-456d-9b24-1d63a5102722:c1668, aca3f3a4-0773-4ff1-9bb5-1a871868fd09:c1666, abe1c95d-8ae2-42e9-9d83-236e3c187d51:c1666]
2019-07-09 04:31:21,229 INFO  client.GrpcClientProtocolClient (GrpcClientProtocolClient.java:onNext(255)) - client-859D8C9D7B89->65797d0d-2d4a-456d-9b24-1d63a5102722: receive RaftClientReply:client-859D8C9D7B89->65797d0d-2d4a-456d-9b24-1d63a5102722@group-BA7C392EEBCA, cid=1207, SUCCESS, logIndex=1669, commits[65797d0d-2d4a-456d-9b24-1d63a5102722:c1670, aca3f3a4-0773-4ff1-9bb5-1a871868fd09:c1668, abe1c95d-8ae2-42e9-9d83-236e3c187d51:c1668]
2019-07-09 04:31:21,230 INFO  client.GrpcClientProtocolClient (GrpcClientProtocolClient.java:onNext(255)) - client-859D8C9D7B89->65797d0d-2d4a-456d-9b24-1d63a5102722: receive RaftClientReply:client-859D8C9D7B89->65797d0d-2d4a-456d-9b24-1d63a5102722@group-BA7C392EEBCA, cid=1208, SUCCESS, logIndex=1670, commits[65797d0d-2d4a-456d-9b24-1d63a5102722:c1672, aca3f3a4-0773-4ff1-9bb5-1a871868fd09:c1668, abe1c95d-8ae2-42e9-9d83-236e3c187d51:c1668]
2019-07-09 04:31:21,230 INFO  client.GrpcClientProtocolClient (GrpcClientProtocolClient.java:onNext(255)) - client-859D8C9D7B89->65797d0d-2d4a-456d-9b24-1d63a5102722: receive RaftClientReply:client-859D8C9D7B89->65797d0d-2d4a-456d-9b24-1d63a5102722@group-BA7C392EEBCA, cid=1209, SUCCESS, logIndex=1671, commits[65797d0d-2d4a-456d-9b24-1d63a5102722:c1672, aca3f3a4-0773-4ff1-9bb5-1a871868fd09:c1668, abe1c95d-8ae2-42e9-9d83-236e3c187d51:c1668]
2019-07-09 04:31:21,231 INFO  client.GrpcClientProtocolClient (GrpcClientProtocolClient.java:onNext(255)) - client-859D8C9D7B89->65797d0d-2d4a-456d-9b24-1d63a5102722: receive RaftClientReply:client-859D8C9D7B89->65797d0d-2d4a-456d-9b24-1d63a5102722@group-BA7C392EEBCA, cid=1210, SUCCESS, logIndex=1672, commits[65797d0d-2d4a-456d-9b24-1d63a5102722:c1672, aca3f3a4-0773-4ff1-9bb5-1a871868fd09:c1668, abe1c95d-8ae2-42e9-9d83-236e3c187d51:c1668]
2019-07-09 04:31:21,232 INFO  client.GrpcClientProtocolClient (GrpcClientProtocolClient.java:onNext(255)) - client-859D8C9D7B89->65797d0d-2d4a-456d-9b24-1d63a5102722: receive RaftClientReply:client-859D8C9D7B89->65797d0d-2d4a-456d-9b24-1d63a5102722@group-BA7C392EEBCA, cid=1211, SUCCESS, logIndex=0, commits[65797d0d-2d4a-456d-9b24-1d63a5102722:c1674, aca3f3a4-0773-4ff1-9bb5-1a871868fd09:c1670, abe1c95d-8ae2-42e9-9d83-236e3c187d51:c1670]
2019-07-09 04:31:21,254 INFO  client.GrpcClientProtocolClient (GrpcClientProtocolClient.java:onNext(255)) - client-859D8C9D7B89->65797d0d-2d4a-456d-9b24-1d63a5102722: receive RaftClientReply:client-859D8C9D7B89->65797d0d-2d4a-456d-9b24-1d63a5102722@group-BA7C392EEBCA, cid=1212, SUCCESS, logIndex=1676, commits[65797d0d-2d4a-456d-9b24-1d63a5102722:c1677, aca3f3a4-0773-4ff1-9bb5-1a871868fd09:c1675, abe1c95d-8ae2-42e9-9d83-236e3c187d51:c1675]
2019-07-09 04:31:21,254 INFO  client.GrpcClientProtocolClient (GrpcClientProtocolClient.java:onNext(255)) - client-859D8C9D7B89->65797d0d-2d4a-456d-9b24-1d63a5102722: receive RaftClientReply:client-859D8C9D7B89->65797d0d-2d4a-456d-9b24-1d63a5102722@group-BA7C392EEBCA, cid=1213, SUCCESS, logIndex=1677, commits[65797d0d-2d4a-456d-9b24-1d63a5102722:c1677, aca3f3a4-0773-4ff1-9bb5-1a871868fd09:c1675, abe1c95d-8ae2-42e9-9d83-236e3c187d51:c1675]
2019-07-09 04:31:21,268 INFO  client.GrpcClientProtocolClient (GrpcClientProtocolClient.java:onNext(255)) - client-859D8C9D7B89->65797d0d-2d4a-456d-9b24-1d63a5102722: receive RaftClientReply:client-859D8C9D7B89->65797d0d-2d4a-456d-9b24-1d63a5102722@group-BA7C392EEBCA, cid=1214, SUCCESS, logIndex=1680, commits[65797d0d-2d4a-456d-9b24-1d63a5102722:c1681, aca3f3a4-0773-4ff1-9bb5-1a871868fd09:c1677, abe1c95d-8ae2-42e9-9d83-236e3c187d51:c1676]
2019-07-09 04:31:21,268 INFO  client.GrpcClientProtocolClient (GrpcClientProtocolClient.java:onNext(255)) - client-859D8C9D7B89->65797d0d-2d4a-456d-9b24-1d63a5102722: receive RaftClientReply:client-859D8C9D7B89->65797d0d-2d4a-456d-9b24-1d63a5102722@group-BA7C392EEBCA, cid=1215, SUCCESS, logIndex=1681, commits[65797d0d-2d4a-456d-9b24-1d63a5102722:c1681, aca3f3a4-0773-4ff1-9bb5-1a871868fd09:c1677, abe1c95d-8ae2-42e9-9d83-236e3c187d51:c1677]
2019-07-09 04:31:21,269 INFO  client.GrpcClientProtocolClient (GrpcClientProtocolClient.java:onNext(255)) - client-859D8C9D7B89->65797d0d-2d4a-456d-9b24-1d63a5102722: receive RaftClientReply:client-859D8C9D7B89->65797d0d-2d4a-456d-9b24-1d63a5102722@group-BA7C392EEBCA, cid=1216, SUCCESS, logIndex=0, commits[65797d0d-2d4a-456d-9b24-1d63a5102722:c1682, aca3f3a4-0773-4ff1-9bb5-1a871868fd09:c1681, abe1c95d-8ae2-42e9-9d83-236e3c187d51:c1681]
2019-07-09 04:31:21,291 INFO  client.GrpcClientProtocolClient (GrpcClientProtocolClient.java:onNext(255)) - client-859D8C9D7B89->65797d0d-2d4a-456d-9b24-1d63a5102722: receive RaftClientReply:client-859D8C9D7B89->65797d0d-2d4a-456d-9b24-1d63a5102722@group-BA7C392EEBCA, cid=1217, SUCCESS, logIndex=1684, commits[65797d0d-2d4a-456d-9b24-1d63a5102722:c1685, aca3f3a4-0773-4ff1-9bb5-1a871868fd09:c1683, abe1c95d-8ae2-42e9-9d83-236e3c187d51:c1683]
2019-07-09 04:31:21,291 INFO  client.GrpcClientProtocolClient (GrpcClientProtocolClient.java:onNext(255)) - client-859D8C9D7B89->65797d0d-2d4a-456d-9b24-1d63a5102722: receive RaftClientReply:client-859D8C9D7B89->65797d0d-2d4a-456d-9b24-1d63a5102722@group-BA7C392EEBCA, cid=1218, SUCCESS, logIndex=1685, commits[65797d0d-2d4a-456d-9b24-1d63a5102722:c1685, aca3f3a4-0773-4ff1-9bb5-1a871868fd09:c1683, abe1c95d-8ae2-42e9-9d83-236e3c187d51:c1683]
2019-07-09 04:31:21,292 INFO  client.GrpcClientProtocolClient (GrpcClientProtocolClient.java:onNext(255)) - client-859D8C9D7B89->65797d0d-2d4a-456d-9b24-1d63a5102722: receive RaftClientReply:client-859D8C9D7B89->65797d0d-2d4a-456d-9b24-1d63a5102722@group-BA7C392EEBCA, cid=1219, SUCCESS, logIndex=1686, commits[65797d0d-2d4a-456d-9b24-1d63a5102722:c1687, aca3f3a4-0773-4ff1-9bb5-1a871868fd09:c1683, abe1c95d-8ae2-42e9-9d83-236e3c187d51:c1683]
2019-07-09 04:31:21,292 INFO  client.GrpcClientProtocolClient (GrpcClientProtocolClient.java:onNext(255)) - client-859D8C9D7B89->65797d0d-2d4a-456d-9b24-1d63a5102722: receive RaftClientReply:client-859D8C9D7B89->65797d0d-2d4a-456d-9b24-1d63a5102722@group-BA7C392EEBCA, cid=1220, SUCCESS, logIndex=1687, commits[65797d0d-2d4a-456d-9b24-1d63a5102722:c1687, aca3f3a4-0773-4ff1-9bb5-1a871868fd09:c1683, abe1c95d-8ae2-42e9-9d83-236e3c187d51:c1683]
2019-07-09 04:31:21,299 INFO  client.GrpcClientProtocolClient (GrpcClientProtocolClient.java:onNext(255)) - client-859D8C9D7B89->65797d0d-2d4a-456d-9b24-1d63a5102722: receive RaftClientReply:client-859D8C9D7B89->65797d0d-2d4a-456d-9b24-1d63a5102722@group-BA7C392EEBCA, cid=1221, SUCCESS, logIndex=0, commits[65797d0d-2d4a-456d-9b24-1d63a5102722:c1689, aca3f3a4-0773-4ff1-9bb5-1a871868fd09:c1685, abe1c95d-8ae2-42e9-9d83-236e3c187d51:c1685]
 0.00% |█                                                                                                    |  0/1 Time: 0:00:072019-07-09 04:31:22,589 INFO  client.GrpcClientProtocolClient (GrpcClientProtocolClient.java:onNext(255)) - client-859D8C9D7B89->65797d0d-2d4a-456d-9b24-1d63a5102722: receive RaftClientReply:client-859D8C9D7B89->65797d0d-2d4a-456d-9b24-1d63a5102722@group-BA7C392EEBCA, cid=1222, SUCCESS, logIndex=1692, commits[65797d0d-2d4a-456d-9b24-1d63a5102722:c1693, aca3f3a4-0773-4ff1-9bb5-1a871868fd09:c1691, abe1c95d-8ae2-42e9-9d83-236e3c187d51:c1691]
2019-07-09 04:31:22,591 INFO  client.GrpcClientProtocolClient (GrpcClientProtocolClient.java:onNext(255)) - client-859D8C9D7B89->65797d0d-2d4a-456d-9b24-1d63a5102722: receive RaftClientReply:client-859D8C9D7B89->65797d0d-2d4a-456d-9b24-1d63a5102722@group-BA7C392EEBCA, cid=1223, SUCCESS, logIndex=1693, commits[65797d0d-2d4a-456d-9b24-1d63a5102722:c1693, aca3f3a4-0773-4ff1-9bb5-1a871868fd09:c1691, abe1c95d-8ae2-42e9-9d83-236e3c187d51:c1691]
2019-07-09 04:31:22,624 INFO  client.GrpcClientProtocolClient (GrpcClientProtocolClient.java:onNext(255)) - client-859D8C9D7B89->65797d0d-2d4a-456d-9b24-1d63a5102722: receive RaftClientReply:client-859D8C9D7B89->65797d0d-2d4a-456d-9b24-1d63a5102722@group-BA7C392EEBCA, cid=1224, SUCCESS, logIndex=1696, commits[65797d0d-2d4a-456d-9b24-1d63a5102722:c1697, aca3f3a4-0773-4ff1-9bb5-1a871868fd09:c1695, abe1c95d-8ae2-42e9-9d83-236e3c187d51:c1695]
2019-07-09 04:31:22,625 INFO  client.GrpcClientProtocolClient (GrpcClientProtocolClient.java:onNext(255)) - client-859D8C9D7B89->65797d0d-2d4a-456d-9b24-1d63a5102722: receive RaftClientReply:client-859D8C9D7B89->65797d0d-2d4a-456d-9b24-1d63a5102722@group-BA7C392EEBCA, cid=1225, SUCCESS, logIndex=1697, commits[65797d0d-2d4a-456d-9b24-1d63a5102722:c1697, aca3f3a4-0773-4ff1-9bb5-1a871868fd09:c1695, abe1c95d-8ae2-42e9-9d83-236e3c187d51:c1695]
2019-07-09 04:31:22,651 INFO  client.GrpcClientProtocolClient (GrpcClientProtocolClient.java:onNext(255)) - client-859D8C9D7B89->65797d0d-2d4a-456d-9b24-1d63a5102722: receive RaftClientReply:client-859D8C9D7B89->65797d0d-2d4a-456d-9b24-1d63a5102722@group-BA7C392EEBCA, cid=1226, SUCCESS, logIndex=0, commits[65797d0d-2d4a-456d-9b24-1d63a5102722:c1698, aca3f3a4-0773-4ff1-9bb5-1a871868fd09:c1697, abe1c95d-8ae2-42e9-9d83-236e3c187d51:c1697]
2019-07-09 04:31:22,667 INFO  client.GrpcClientProtocolClient (GrpcClientProtocolClient.java:onNext(255)) - client-859D8C9D7B89->65797d0d-2d4a-456d-9b24-1d63a5102722: receive RaftClientReply:client-859D8C9D7B89->65797d0d-2d4a-456d-9b24-1d63a5102722@group-BA7C392EEBCA, cid=1227, SUCCESS, logIndex=1700, commits[65797d0d-2d4a-456d-9b24-1d63a5102722:c1701, aca3f3a4-0773-4ff1-9bb5-1a871868fd09:c1699, abe1c95d-8ae2-42e9-9d83-236e3c187d51:c1697]
2019-07-09 04:31:22,668 INFO  client.GrpcClientProtocolClient (GrpcClientProtocolClient.java:onNext(255)) - client-859D8C9D7B89->65797d0d-2d4a-456d-9b24-1d63a5102722: receive RaftClientReply:client-859D8C9D7B89->65797d0d-2d4a-456d-9b24-1d63a5102722@group-BA7C392EEBCA, cid=1228, SUCCESS, logIndex=1701, commits[65797d0d-2d4a-456d-9b24-1d63a5102722:c1701, aca3f3a4-0773-4ff1-9bb5-1a871868fd09:c1699, abe1c95d-8ae2-42e9-9d83-236e3c187d51:c1697]
2019-07-09 04:31:22,678 INFO  client.GrpcClientProtocolClient (GrpcClientProtocolClient.java:onNext(255)) - client-859D8C9D7B89->65797d0d-2d4a-456d-9b24-1d63a5102722: receive RaftClientReply:client-859D8C9D7B89->65797d0d-2d4a-456d-9b24-1d63a5102722@group-BA7C392EEBCA, cid=1229, SUCCESS, logIndex=1702, commits[65797d0d-2d4a-456d-9b24-1d63a5102722:c1704, aca3f3a4-0773-4ff1-9bb5-1a871868fd09:c1701, abe1c95d-8ae2-42e9-9d83-236e3c187d51:c1699]
2019-07-09 04:31:22,679 INFO  client.GrpcClientProtocolClient (GrpcClientProtocolClient.java:onNext(255)) - client-859D8C9D7B89->65797d0d-2d4a-456d-9b24-1d63a5102722: receive RaftClientReply:client-859D8C9D7B89->65797d0d-2d4a-456d-9b24-1d63a5102722@group-BA7C392EEBCA, cid=1230, SUCCESS, logIndex=1703, commits[65797d0d-2d4a-456d-9b24-1d63a5102722:c1704, aca3f3a4-0773-4ff1-9bb5-1a871868fd09:c1701, abe1c95d-8ae2-42e9-9d83-236e3c187d51:c1699]
2019-07-09 04:31:22,681 INFO  client.GrpcClientProtocolClient (GrpcClientProtocolClient.java:onNext(255)) - client-859D8C9D7B89->65797d0d-2d4a-456d-9b24-1d63a5102722: receive RaftClientReply:client-859D8C9D7B89->65797d0d-2d4a-456d-9b24-1d63a5102722@group-BA7C392EEBCA, cid=1231, SUCCESS, logIndex=0, commits[65797d0d-2d4a-456d-9b24-1d63a5102722:c1706, aca3f3a4-0773-4ff1-9bb5-1a871868fd09:c1703, abe1c95d-8ae2-42e9-9d83-236e3c187d51:c1701]
2019-07-09 04:31:22,694 INFO  client.GrpcClientProtocolClient (GrpcClientProtocolClient.java:onNext(255)) - client-859D8C9D7B89->65797d0d-2d4a-456d-9b24-1d63a5102722: receive RaftClientReply:client-859D8C9D7B89->65797d0d-2d4a-456d-9b24-1d63a5102722@group-BA7C392EEBCA, cid=1232, SUCCESS, logIndex=1708, commits[65797d0d-2d4a-456d-9b24-1d63a5102722:c1709, aca3f3a4-0773-4ff1-9bb5-1a871868fd09:c1707, abe1c95d-8ae2-42e9-9d83-236e3c187d51:c1703]
2019-07-09 04:31:22,694 INFO  client.GrpcClientProtocolClient (GrpcClientProtocolClient.java:onNext(255)) - client-859D8C9D7B89->65797d0d-2d4a-456d-9b24-1d63a5102722: receive RaftClientReply:client-859D8C9D7B89->65797d0d-2d4a-456d-9b24-1d63a5102722@group-BA7C392EEBCA, cid=1233, SUCCESS, logIndex=1709, commits[65797d0d-2d4a-456d-9b24-1d63a5102722:c1709, aca3f3a4-0773-4ff1-9bb5-1a871868fd09:c1707, abe1c95d-8ae2-42e9-9d83-236e3c187d51:c1707]
2019-07-09 04:31:22,714 INFO  client.GrpcClientProtocolClient (GrpcClientProtocolClient.java:onNext(255)) - client-859D8C9D7B89->65797d0d-2d4a-456d-9b24-1d63a5102722: receive RaftClientReply:client-859D8C9D7B89->65797d0d-2d4a-456d-9b24-1d63a5102722@group-BA7C392EEBCA, cid=1234, SUCCESS, logIndex=1712, commits[65797d0d-2d4a-456d-9b24-1d63a5102722:c1713, aca3f3a4-0773-4ff1-9bb5-1a871868fd09:c1711, abe1c95d-8ae2-42e9-9d83-236e3c187d51:c1711]
2019-07-09 04:31:22,715 INFO  client.GrpcClientProtocolClient (GrpcClientProtocolClient.java:onNext(255)) - client-859D8C9D7B89->65797d0d-2d4a-456d-9b24-1d63a5102722: receive RaftClientReply:client-859D8C9D7B89->65797d0d-2d4a-456d-9b24-1d63a5102722@group-BA7C392EEBCA, cid=1235, SUCCESS, logIndex=1713, commits[65797d0d-2d4a-456d-9b24-1d63a5102722:c1713, aca3f3a4-0773-4ff1-9bb5-1a871868fd09:c1711, abe1c95d-8ae2-42e9-9d83-236e3c187d51:c1711]
2019-07-09 04:31:22,727 INFO  client.GrpcClientProtocolClient (GrpcClientProtocolClient.java:onNext(255)) - client-859D8C9D7B89->65797d0d-2d4a-456d-9b24-1d63a5102722: receive RaftClientReply:client-859D8C9D7B89->65797d0d-2d4a-456d-9b24-1d63a5102722@group-BA7C392EEBCA, cid=1236, SUCCESS, logIndex=0, commits[65797d0d-2d4a-456d-9b24-1d63a5102722:c1715, aca3f3a4-0773-4ff1-9bb5-1a871868fd09:c1713, abe1c95d-8ae2-42e9-9d83-236e3c187d51:c1713]
2019-07-09 04:31:22,778 INFO  client.GrpcClientProtocolClient (GrpcClientProtocolClient.java:onNext(255)) - client-859D8C9D7B89->65797d0d-2d4a-456d-9b24-1d63a5102722: receive RaftClientReply:client-859D8C9D7B89->65797d0d-2d4a-456d-9b24-1d63a5102722@group-BA7C392EEBCA, cid=1237, SUCCESS, logIndex=1716, commits[65797d0d-2d4a-456d-9b24-1d63a5102722:c1717, aca3f3a4-0773-4ff1-9bb5-1a871868fd09:c1715, abe1c95d-8ae2-42e9-9d83-236e3c187d51:c1715]
2019-07-09 04:31:22,778 INFO  client.GrpcClientProtocolClient (GrpcClientProtocolClient.java:onNext(255)) - client-859D8C9D7B89->65797d0d-2d4a-456d-9b24-1d63a5102722: receive RaftClientReply:client-859D8C9D7B89->65797d0d-2d4a-456d-9b24-1d63a5102722@group-BA7C392EEBCA, cid=1238, SUCCESS, logIndex=1717, commits[65797d0d-2d4a-456d-9b24-1d63a5102722:c1719, aca3f3a4-0773-4ff1-9bb5-1a871868fd09:c1715, abe1c95d-8ae2-42e9-9d83-236e3c187d51:c1715]
2019-07-09 04:31:22,779 INFO  client.GrpcClientProtocolClient (GrpcClientProtocolClient.java:onNext(255)) - client-859D8C9D7B89->65797d0d-2d4a-456d-9b24-1d63a5102722: receive RaftClientReply:client-859D8C9D7B89->65797d0d-2d4a-456d-9b24-1d63a5102722@group-BA7C392EEBCA, cid=1239, SUCCESS, logIndex=1718, commits[65797d0d-2d4a-456d-9b24-1d63a5102722:c1719, aca3f3a4-0773-4ff1-9bb5-1a871868fd09:c1715, abe1c95d-8ae2-42e9-9d83-236e3c187d51:c1715]
2019-07-09 04:31:22,779 INFO  client.GrpcClientProtocolClient (GrpcClientProtocolClient.java:onNext(255)) - client-859D8C9D7B89->65797d0d-2d4a-456d-9b24-1d63a5102722: receive RaftClientReply:client-859D8C9D7B89->65797d0d-2d4a-456d-9b24-1d63a5102722@group-BA7C392EEBCA, cid=1240, SUCCESS, logIndex=1719, commits[65797d0d-2d4a-456d-9b24-1d63a5102722:c1719, aca3f3a4-0773-4ff1-9bb5-1a871868fd09:c1715, abe1c95d-8ae2-42e9-9d83-236e3c187d51:c1715]
2019-07-09 04:31:22,791 INFO  client.GrpcClientProtocolClient (GrpcClientProtocolClient.java:onNext(255)) - client-859D8C9D7B89->65797d0d-2d4a-456d-9b24-1d63a5102722: receive RaftClientReply:client-859D8C9D7B89->65797d0d-2d4a-456d-9b24-1d63a5102722@group-BA7C392EEBCA, cid=1241, SUCCESS, logIndex=0, commits[65797d0d-2d4a-456d-9b24-1d63a5102722:c1722, aca3f3a4-0773-4ff1-9bb5-1a871868fd09:c1717, abe1c95d-8ae2-42e9-9d83-236e3c187d51:c1719]
2019-07-09 04:31:22,811 INFO  client.GrpcClientProtocolClient (GrpcClientProtocolClient.java:onNext(255)) - client-859D8C9D7B89->65797d0d-2d4a-456d-9b24-1d63a5102722: receive RaftClientReply:client-859D8C9D7B89->65797d0d-2d4a-456d-9b24-1d63a5102722@group-BA7C392EEBCA, cid=1242, SUCCESS, logIndex=1723, commits[65797d0d-2d4a-456d-9b24-1d63a5102722:c1724, aca3f3a4-0773-4ff1-9bb5-1a871868fd09:c1722, abe1c95d-8ae2-42e9-9d83-236e3c187d51:c1722]
2019-07-09 04:31:22,811 INFO  client.GrpcClientProtocolClient (GrpcClientProtocolClient.java:onNext(255)) - client-859D8C9D7B89->65797d0d-2d4a-456d-9b24-1d63a5102722: receive RaftClientReply:client-859D8C9D7B89->65797d0d-2d4a-456d-9b24-1d63a5102722@group-BA7C392EEBCA, cid=1243, SUCCESS, logIndex=1724, commits[65797d0d-2d4a-456d-9b24-1d63a5102722:c1724, aca3f3a4-0773-4ff1-9bb5-1a871868fd09:c1722, abe1c95d-8ae2-42e9-9d83-236e3c187d51:c1722]
 0.00% |█                                                                                                    |  0/1 Time: 0:00:082019-07-09 04:31:22,825 INFO  client.GrpcClientProtocolClient (GrpcClientProtocolClient.java:onNext(255)) - client-859D8C9D7B89->65797d0d-2d4a-456d-9b24-1d63a5102722: receive RaftClientReply:client-859D8C9D7B89->65797d0d-2d4a-456d-9b24-1d63a5102722@group-BA7C392EEBCA, cid=1244, SUCCESS, logIndex=1727, commits[65797d0d-2d4a-456d-9b24-1d63a5102722:c1728, aca3f3a4-0773-4ff1-9bb5-1a871868fd09:c1724, abe1c95d-8ae2-42e9-9d83-236e3c187d51:c1724]
2019-07-09 04:31:22,825 INFO  client.GrpcClientProtocolClient (GrpcClientProtocolClient.java:onNext(255)) - client-859D8C9D7B89->65797d0d-2d4a-456d-9b24-1d63a5102722: receive RaftClientReply:client-859D8C9D7B89->65797d0d-2d4a-456d-9b24-1d63a5102722@group-BA7C392EEBCA, cid=1245, SUCCESS, logIndex=1728, commits[65797d0d-2d4a-456d-9b24-1d63a5102722:c1728, aca3f3a4-0773-4ff1-9bb5-1a871868fd09:c1724, abe1c95d-8ae2-42e9-9d83-236e3c187d51:c1724]
2019-07-09 04:31:22,837 INFO  client.GrpcClientProtocolClient (GrpcClientProtocolClient.java:onNext(255)) - client-859D8C9D7B89->65797d0d-2d4a-456d-9b24-1d63a5102722: receive RaftClientReply:client-859D8C9D7B89->65797d0d-2d4a-456d-9b24-1d63a5102722@group-BA7C392EEBCA, cid=1246, SUCCESS, logIndex=0, commits[65797d0d-2d4a-456d-9b24-1d63a5102722:c1729, aca3f3a4-0773-4ff1-9bb5-1a871868fd09:c1728, abe1c95d-8ae2-42e9-9d83-236e3c187d51:c1728]
2019-07-09 04:31:22,872 INFO  client.GrpcClientProtocolClient (GrpcClientProtocolClient.java:onNext(255)) - client-859D8C9D7B89->65797d0d-2d4a-456d-9b24-1d63a5102722: receive RaftClientReply:client-859D8C9D7B89->65797d0d-2d4a-456d-9b24-1d63a5102722@group-BA7C392EEBCA, cid=1247, SUCCESS, logIndex=1731, commits[65797d0d-2d4a-456d-9b24-1d63a5102722:c1732, aca3f3a4-0773-4ff1-9bb5-1a871868fd09:c1730, abe1c95d-8ae2-42e9-9d83-236e3c187d51:c1730]
2019-07-09 04:31:22,872 INFO  client.GrpcClientProtocolClient (GrpcClientProtocolClient.java:onNext(255)) - client-859D8C9D7B89->65797d0d-2d4a-456d-9b24-1d63a5102722: receive RaftClientReply:client-859D8C9D7B89->65797d0d-2d4a-456d-9b24-1d63a5102722@group-BA7C392EEBCA, cid=1248, SUCCESS, logIndex=1732, commits[65797d0d-2d4a-456d-9b24-1d63a5102722:c1734, aca3f3a4-0773-4ff1-9bb5-1a871868fd09:c1730, abe1c95d-8ae2-42e9-9d83-236e3c187d51:c1730]
2019-07-09 04:31:22,872 INFO  client.GrpcClientProtocolClient (GrpcClientProtocolClient.java:onNext(255)) - client-859D8C9D7B89->65797d0d-2d4a-456d-9b24-1d63a5102722: receive RaftClientReply:client-859D8C9D7B89->65797d0d-2d4a-456d-9b24-1d63a5102722@group-BA7C392EEBCA, cid=1249, SUCCESS, logIndex=1733, commits[65797d0d-2d4a-456d-9b24-1d63a5102722:c1734, aca3f3a4-0773-4ff1-9bb5-1a871868fd09:c1730, abe1c95d-8ae2-42e9-9d83-236e3c187d51:c1730]
2019-07-09 04:31:22,873 INFO  client.GrpcClientProtocolClient (GrpcClientProtocolClient.java:onNext(255)) - client-859D8C9D7B89->65797d0d-2d4a-456d-9b24-1d63a5102722: receive RaftClientReply:client-859D8C9D7B89->65797d0d-2d4a-456d-9b24-1d63a5102722@group-BA7C392EEBCA, cid=1250, SUCCESS, logIndex=1734, commits[65797d0d-2d4a-456d-9b24-1d63a5102722:c1734, aca3f3a4-0773-4ff1-9bb5-1a871868fd09:c1730, abe1c95d-8ae2-42e9-9d83-236e3c187d51:c1730]
2019-07-09 04:31:22,883 INFO  client.GrpcClientProtocolClient (GrpcClientProtocolClient.java:onNext(255)) - client-859D8C9D7B89->65797d0d-2d4a-456d-9b24-1d63a5102722: receive RaftClientReply:client-859D8C9D7B89->65797d0d-2d4a-456d-9b24-1d63a5102722@group-BA7C392EEBCA, cid=1251, SUCCESS, logIndex=0, commits[65797d0d-2d4a-456d-9b24-1d63a5102722:c1735, aca3f3a4-0773-4ff1-9bb5-1a871868fd09:c1732, abe1c95d-8ae2-42e9-9d83-236e3c187d51:c1732]
2019-07-09 04:31:22,902 INFO  client.GrpcClientProtocolClient (GrpcClientProtocolClient.java:onNext(255)) - client-859D8C9D7B89->65797d0d-2d4a-456d-9b24-1d63a5102722: receive RaftClientReply:client-859D8C9D7B89->65797d0d-2d4a-456d-9b24-1d63a5102722@group-BA7C392EEBCA, cid=1252, SUCCESS, logIndex=1739, commits[65797d0d-2d4a-456d-9b24-1d63a5102722:c1740, aca3f3a4-0773-4ff1-9bb5-1a871868fd09:c1738, abe1c95d-8ae2-42e9-9d83-236e3c187d51:c1738]
2019-07-09 04:31:22,902 INFO  client.GrpcClientProtocolClient (GrpcClientProtocolClient.java:onNext(255)) - client-859D8C9D7B89->65797d0d-2d4a-456d-9b24-1d63a5102722: receive RaftClientReply:client-859D8C9D7B89->65797d0d-2d4a-456d-9b24-1d63a5102722@group-BA7C392EEBCA, cid=1253, SUCCESS, logIndex=1740, commits[65797d0d-2d4a-456d-9b24-1d63a5102722:c1740, aca3f3a4-0773-4ff1-9bb5-1a871868fd09:c1738, abe1c95d-8ae2-42e9-9d83-236e3c187d51:c1738]
2019-07-09 04:31:22,915 INFO  client.GrpcClientProtocolClient (GrpcClientProtocolClient.java:onNext(255)) - client-859D8C9D7B89->65797d0d-2d4a-456d-9b24-1d63a5102722: receive RaftClientReply:client-859D8C9D7B89->65797d0d-2d4a-456d-9b24-1d63a5102722@group-BA7C392EEBCA, cid=1254, SUCCESS, logIndex=1743, commits[65797d0d-2d4a-456d-9b24-1d63a5102722:c1744, aca3f3a4-0773-4ff1-9bb5-1a871868fd09:c1740, abe1c95d-8ae2-42e9-9d83-236e3c187d51:c1740]
2019-07-09 04:31:22,915 INFO  client.GrpcClientProtocolClient (GrpcClientProtocolClient.java:onNext(255)) - client-859D8C9D7B89->65797d0d-2d4a-456d-9b24-1d63a5102722: receive RaftClientReply:client-859D8C9D7B89->65797d0d-2d4a-456d-9b24-1d63a5102722@group-BA7C392EEBCA, cid=1255, SUCCESS, logIndex=1744, commits[65797d0d-2d4a-456d-9b24-1d63a5102722:c1744, aca3f3a4-0773-4ff1-9bb5-1a871868fd09:c1740, abe1c95d-8ae2-42e9-9d83-236e3c187d51:c1740]
2019-07-09 04:31:22,916 INFO  client.GrpcClientProtocolClient (GrpcClientProtocolClient.java:onNext(255)) - client-859D8C9D7B89->65797d0d-2d4a-456d-9b24-1d63a5102722: receive RaftClientReply:client-859D8C9D7B89->65797d0d-2d4a-456d-9b24-1d63a5102722@group-BA7C392EEBCA, cid=1256, SUCCESS, logIndex=0, commits[65797d0d-2d4a-456d-9b24-1d63a5102722:c1745, aca3f3a4-0773-4ff1-9bb5-1a871868fd09:c1744, abe1c95d-8ae2-42e9-9d83-236e3c187d51:c1744]
2019-07-09 04:31:22,946 INFO  client.GrpcClientProtocolClient (GrpcClientProtocolClient.java:onNext(255)) - client-859D8C9D7B89->65797d0d-2d4a-456d-9b24-1d63a5102722: receive RaftClientReply:client-859D8C9D7B89->65797d0d-2d4a-456d-9b24-1d63a5102722@group-BA7C392EEBCA, cid=1257, SUCCESS, logIndex=1747, commits[65797d0d-2d4a-456d-9b24-1d63a5102722:c1748, aca3f3a4-0773-4ff1-9bb5-1a871868fd09:c1746, abe1c95d-8ae2-42e9-9d83-236e3c187d51:c1746]
2019-07-09 04:31:22,946 INFO  client.GrpcClientProtocolClient (GrpcClientProtocolClient.java:onNext(255)) - client-859D8C9D7B89->65797d0d-2d4a-456d-9b24-1d63a5102722: receive RaftClientReply:client-859D8C9D7B89->65797d0d-2d4a-456d-9b24-1d63a5102722@group-BA7C392EEBCA, cid=1258, SUCCESS, logIndex=1748, commits[65797d0d-2d4a-456d-9b24-1d63a5102722:c1750, aca3f3a4-0773-4ff1-9bb5-1a871868fd09:c1746, abe1c95d-8ae2-42e9-9d83-236e3c187d51:c1746]
2019-07-09 04:31:22,947 INFO  client.GrpcClientProtocolClient (GrpcClientProtocolClient.java:onNext(255)) - client-859D8C9D7B89->65797d0d-2d4a-456d-9b24-1d63a5102722: receive RaftClientReply:client-859D8C9D7B89->65797d0d-2d4a-456d-9b24-1d63a5102722@group-BA7C392EEBCA, cid=1259, SUCCESS, logIndex=1749, commits[65797d0d-2d4a-456d-9b24-1d63a5102722:c1750, aca3f3a4-0773-4ff1-9bb5-1a871868fd09:c1746, abe1c95d-8ae2-42e9-9d83-236e3c187d51:c1746]
2019-07-09 04:31:22,947 INFO  client.GrpcClientProtocolClient (GrpcClientProtocolClient.java:onNext(255)) - client-859D8C9D7B89->65797d0d-2d4a-456d-9b24-1d63a5102722: receive RaftClientReply:client-859D8C9D7B89->65797d0d-2d4a-456d-9b24-1d63a5102722@group-BA7C392EEBCA, cid=1260, SUCCESS, logIndex=1750, commits[65797d0d-2d4a-456d-9b24-1d63a5102722:c1751, aca3f3a4-0773-4ff1-9bb5-1a871868fd09:c1746, abe1c95d-8ae2-42e9-9d83-236e3c187d51:c1747]
2019-07-09 04:31:22,948 INFO  client.GrpcClientProtocolClient (GrpcClientProtocolClient.java:onNext(255)) - client-859D8C9D7B89->65797d0d-2d4a-456d-9b24-1d63a5102722: receive RaftClientReply:client-859D8C9D7B89->65797d0d-2d4a-456d-9b24-1d63a5102722@group-BA7C392EEBCA, cid=1261, SUCCESS, logIndex=0, commits[65797d0d-2d4a-456d-9b24-1d63a5102722:c1752, aca3f3a4-0773-4ff1-9bb5-1a871868fd09:c1748, abe1c95d-8ae2-42e9-9d83-236e3c187d51:c1748]
2019-07-09 04:31:22,969 INFO  client.GrpcClientProtocolClient (GrpcClientProtocolClient.java:onNext(255)) - client-859D8C9D7B89->65797d0d-2d4a-456d-9b24-1d63a5102722: receive RaftClientReply:client-859D8C9D7B89->65797d0d-2d4a-456d-9b24-1d63a5102722@group-BA7C392EEBCA, cid=1262, SUCCESS, logIndex=1755, commits[65797d0d-2d4a-456d-9b24-1d63a5102722:c1756, aca3f3a4-0773-4ff1-9bb5-1a871868fd09:c1754, abe1c95d-8ae2-42e9-9d83-236e3c187d51:c1754]
2019-07-09 04:31:22,969 INFO  client.GrpcClientProtocolClient (GrpcClientProtocolClient.java:onNext(255)) - client-859D8C9D7B89->65797d0d-2d4a-456d-9b24-1d63a5102722: receive RaftClientReply:client-859D8C9D7B89->65797d0d-2d4a-456d-9b24-1d63a5102722@group-BA7C392EEBCA, cid=1263, SUCCESS, logIndex=1756, commits[65797d0d-2d4a-456d-9b24-1d63a5102722:c1756, aca3f3a4-0773-4ff1-9bb5-1a871868fd09:c1754, abe1c95d-8ae2-42e9-9d83-236e3c187d51:c1754]
2019-07-09 04:31:22,983 INFO  client.GrpcClientProtocolClient (GrpcClientProtocolClient.java:onNext(255)) - client-859D8C9D7B89->65797d0d-2d4a-456d-9b24-1d63a5102722: receive RaftClientReply:client-859D8C9D7B89->65797d0d-2d4a-456d-9b24-1d63a5102722@group-BA7C392EEBCA, cid=1264, SUCCESS, logIndex=1759, commits[65797d0d-2d4a-456d-9b24-1d63a5102722:c1760, aca3f3a4-0773-4ff1-9bb5-1a871868fd09:c1756, abe1c95d-8ae2-42e9-9d83-236e3c187d51:c1756]
2019-07-09 04:31:22,983 INFO  client.GrpcClientProtocolClient (GrpcClientProtocolClient.java:onNext(255)) - client-859D8C9D7B89->65797d0d-2d4a-456d-9b24-1d63a5102722: receive RaftClientReply:client-859D8C9D7B89->65797d0d-2d4a-456d-9b24-1d63a5102722@group-BA7C392EEBCA, cid=1265, SUCCESS, logIndex=1760, commits[65797d0d-2d4a-456d-9b24-1d63a5102722:c1760, aca3f3a4-0773-4ff1-9bb5-1a871868fd09:c1756, abe1c95d-8ae2-42e9-9d83-236e3c187d51:c1756]
2019-07-09 04:31:23,018 INFO  client.GrpcClientProtocolClient (GrpcClientProtocolClient.java:onNext(255)) - client-859D8C9D7B89->65797d0d-2d4a-456d-9b24-1d63a5102722: receive RaftClientReply:client-859D8C9D7B89->65797d0d-2d4a-456d-9b24-1d63a5102722@group-BA7C392EEBCA, cid=1266, SUCCESS, logIndex=0, commits[65797d0d-2d4a-456d-9b24-1d63a5102722:c1762, aca3f3a4-0773-4ff1-9bb5-1a871868fd09:c1760, abe1c95d-8ae2-42e9-9d83-236e3c187d51:c1760]
2019-07-09 04:31:23,164 INFO  client.GrpcClientProtocolClient (GrpcClientProtocolClient.java:onNext(255)) - client-859D8C9D7B89->65797d0d-2d4a-456d-9b24-1d63a5102722: receive RaftClientReply:client-859D8C9D7B89->65797d0d-2d4a-456d-9b24-1d63a5102722@group-BA7C392EEBCA, cid=1267, SUCCESS, logIndex=1763, commits[65797d0d-2d4a-456d-9b24-1d63a5102722:c1765, aca3f3a4-0773-4ff1-9bb5-1a871868fd09:c1762, abe1c95d-8ae2-42e9-9d83-236e3c187d51:c1762]
2019-07-09 04:31:23,165 INFO  client.GrpcClientProtocolClient (GrpcClientProtocolClient.java:onNext(255)) - client-859D8C9D7B89->65797d0d-2d4a-456d-9b24-1d63a5102722: receive RaftClientReply:client-859D8C9D7B89->65797d0d-2d4a-456d-9b24-1d63a5102722@group-BA7C392EEBCA, cid=1268, SUCCESS, logIndex=1764, commits[65797d0d-2d4a-456d-9b24-1d63a5102722:c1766, aca3f3a4-0773-4ff1-9bb5-1a871868fd09:c1762, abe1c95d-8ae2-42e9-9d83-236e3c187d51:c1762]
2019-07-09 04:31:23,166 INFO  client.GrpcClientProtocolClient (GrpcClientProtocolClient.java:onNext(255)) - client-859D8C9D7B89->65797d0d-2d4a-456d-9b24-1d63a5102722: receive RaftClientReply:client-859D8C9D7B89->65797d0d-2d4a-456d-9b24-1d63a5102722@group-BA7C392EEBCA, cid=1269, SUCCESS, logIndex=1765, commits[65797d0d-2d4a-456d-9b24-1d63a5102722:c1766, aca3f3a4-0773-4ff1-9bb5-1a871868fd09:c1762, abe1c95d-8ae2-42e9-9d83-236e3c187d51:c1762]
2019-07-09 04:31:23,166 INFO  client.GrpcClientProtocolClient (GrpcClientProtocolClient.java:onNext(255)) - client-859D8C9D7B89->65797d0d-2d4a-456d-9b24-1d63a5102722: receive RaftClientReply:client-859D8C9D7B89->65797d0d-2d4a-456d-9b24-1d63a5102722@group-BA7C392EEBCA, cid=1270, SUCCESS, logIndex=1766, commits[65797d0d-2d4a-456d-9b24-1d63a5102722:c1767, aca3f3a4-0773-4ff1-9bb5-1a871868fd09:c1763, abe1c95d-8ae2-42e9-9d83-236e3c187d51:c1764]
2019-07-09 04:31:23,167 INFO  client.GrpcClientProtocolClient (GrpcClientProtocolClient.java:onNext(255)) - client-859D8C9D7B89->65797d0d-2d4a-456d-9b24-1d63a5102722: receive RaftClientReply:client-859D8C9D7B89->65797d0d-2d4a-456d-9b24-1d63a5102722@group-BA7C392EEBCA, cid=1271, SUCCESS, logIndex=0, commits[65797d0d-2d4a-456d-9b24-1d63a5102722:c1770, aca3f3a4-0773-4ff1-9bb5-1a871868fd09:c1766, abe1c95d-8ae2-42e9-9d83-236e3c187d51:c1766]
2019-07-09 04:31:23,189 INFO  client.GrpcClientProtocolClient (GrpcClientProtocolClient.java:onNext(255)) - client-859D8C9D7B89->65797d0d-2d4a-456d-9b24-1d63a5102722: receive RaftClientReply:client-859D8C9D7B89->65797d0d-2d4a-456d-9b24-1d63a5102722@group-BA7C392EEBCA, cid=1272, SUCCESS, logIndex=1771, commits[65797d0d-2d4a-456d-9b24-1d63a5102722:c1771, aca3f3a4-0773-4ff1-9bb5-1a871868fd09:c1770, abe1c95d-8ae2-42e9-9d83-236e3c187d51:c1770]
2019-07-09 04:31:23,190 INFO  client.GrpcClientProtocolClient (GrpcClientProtocolClient.java:onNext(255)) - client-859D8C9D7B89->65797d0d-2d4a-456d-9b24-1d63a5102722: receive RaftClientReply:client-859D8C9D7B89->65797d0d-2d4a-456d-9b24-1d63a5102722@group-BA7C392EEBCA, cid=1273, SUCCESS, logIndex=1772, commits[65797d0d-2d4a-456d-9b24-1d63a5102722:c1772, aca3f3a4-0773-4ff1-9bb5-1a871868fd09:c1770, abe1c95d-8ae2-42e9-9d83-236e3c187d51:c1770]
2019-07-09 04:31:23,215 INFO  client.GrpcClientProtocolClient (GrpcClientProtocolClient.java:onNext(255)) - client-859D8C9D7B89->65797d0d-2d4a-456d-9b24-1d63a5102722: receive RaftClientReply:client-859D8C9D7B89->65797d0d-2d4a-456d-9b24-1d63a5102722@group-BA7C392EEBCA, cid=1274, SUCCESS, logIndex=1775, commits[65797d0d-2d4a-456d-9b24-1d63a5102722:c1776, aca3f3a4-0773-4ff1-9bb5-1a871868fd09:c1772, abe1c95d-8ae2-42e9-9d83-236e3c187d51:c1772]
2019-07-09 04:31:23,215 INFO  client.GrpcClientProtocolClient (GrpcClientProtocolClient.java:onNext(255)) - client-859D8C9D7B89->65797d0d-2d4a-456d-9b24-1d63a5102722: receive RaftClientReply:client-859D8C9D7B89->65797d0d-2d4a-456d-9b24-1d63a5102722@group-BA7C392EEBCA, cid=1275, SUCCESS, logIndex=1776, commits[65797d0d-2d4a-456d-9b24-1d63a5102722:c1776, aca3f3a4-0773-4ff1-9bb5-1a871868fd09:c1772, abe1c95d-8ae2-42e9-9d83-236e3c187d51:c1772]
2019-07-09 04:31:23,227 INFO  client.GrpcClientProtocolClient (GrpcClientProtocolClient.java:onNext(255)) - client-859D8C9D7B89->65797d0d-2d4a-456d-9b24-1d63a5102722: receive RaftClientReply:client-859D8C9D7B89->65797d0d-2d4a-456d-9b24-1d63a5102722@group-BA7C392EEBCA, cid=1276, SUCCESS, logIndex=0, commits[65797d0d-2d4a-456d-9b24-1d63a5102722:c1777, aca3f3a4-0773-4ff1-9bb5-1a871868fd09:c1776, abe1c95d-8ae2-42e9-9d83-236e3c187d51:c1776]
2019-07-09 04:31:23,276 INFO  client.GrpcClientProtocolClient (GrpcClientProtocolClient.java:onNext(255)) - client-859D8C9D7B89->65797d0d-2d4a-456d-9b24-1d63a5102722: receive RaftClientReply:client-859D8C9D7B89->65797d0d-2d4a-456d-9b24-1d63a5102722@group-BA7C392EEBCA, cid=1277, SUCCESS, logIndex=1779, commits[65797d0d-2d4a-456d-9b24-1d63a5102722:c1780, aca3f3a4-0773-4ff1-9bb5-1a871868fd09:c1778, abe1c95d-8ae2-42e9-9d83-236e3c187d51:c1778]
2019-07-09 04:31:23,277 INFO  client.GrpcClientProtocolClient (GrpcClientProtocolClient.java:onNext(255)) - client-859D8C9D7B89->65797d0d-2d4a-456d-9b24-1d63a5102722: receive RaftClientReply:client-859D8C9D7B89->65797d0d-2d4a-456d-9b24-1d63a5102722@group-BA7C392EEBCA, cid=1278, SUCCESS, logIndex=1780, commits[65797d0d-2d4a-456d-9b24-1d63a5102722:c1782, aca3f3a4-0773-4ff1-9bb5-1a871868fd09:c1778, abe1c95d-8ae2-42e9-9d83-236e3c187d51:c1778]
2019-07-09 04:31:23,277 INFO  client.GrpcClientProtocolClient (GrpcClientProtocolClient.java:onNext(255)) - client-859D8C9D7B89->65797d0d-2d4a-456d-9b24-1d63a5102722: receive RaftClientReply:client-859D8C9D7B89->65797d0d-2d4a-456d-9b24-1d63a5102722@group-BA7C392EEBCA, cid=1279, SUCCESS, logIndex=1781, commits[65797d0d-2d4a-456d-9b24-1d63a5102722:c1782, aca3f3a4-0773-4ff1-9bb5-1a871868fd09:c1778, abe1c95d-8ae2-42e9-9d83-236e3c187d51:c1778]
2019-07-09 04:31:23,278 INFO  client.GrpcClientProtocolClient (GrpcClientProtocolClient.java:onNext(255)) - client-859D8C9D7B89->65797d0d-2d4a-456d-9b24-1d63a5102722: receive RaftClientReply:client-859D8C9D7B89->65797d0d-2d4a-456d-9b24-1d63a5102722@group-BA7C392EEBCA, cid=1280, SUCCESS, logIndex=1782, commits[65797d0d-2d4a-456d-9b24-1d63a5102722:c1782, aca3f3a4-0773-4ff1-9bb5-1a871868fd09:c1778, abe1c95d-8ae2-42e9-9d83-236e3c187d51:c1778]
2019-07-09 04:31:23,279 INFO  client.GrpcClientProtocolClient (GrpcClientProtocolClient.java:onNext(255)) - client-859D8C9D7B89->65797d0d-2d4a-456d-9b24-1d63a5102722: receive RaftClientReply:client-859D8C9D7B89->65797d0d-2d4a-456d-9b24-1d63a5102722@group-BA7C392EEBCA, cid=1281, SUCCESS, logIndex=0, commits[65797d0d-2d4a-456d-9b24-1d63a5102722:c1784, aca3f3a4-0773-4ff1-9bb5-1a871868fd09:c1780, abe1c95d-8ae2-42e9-9d83-236e3c187d51:c1780]
2019-07-09 04:31:23,300 INFO  client.GrpcClientProtocolClient (GrpcClientProtocolClient.java:onNext(255)) - client-859D8C9D7B89->65797d0d-2d4a-456d-9b24-1d63a5102722: receive RaftClientReply:client-859D8C9D7B89->65797d0d-2d4a-456d-9b24-1d63a5102722@group-BA7C392EEBCA, cid=1282, SUCCESS, logIndex=1787, commits[65797d0d-2d4a-456d-9b24-1d63a5102722:c1788, aca3f3a4-0773-4ff1-9bb5-1a871868fd09:c1786, abe1c95d-8ae2-42e9-9d83-236e3c187d51:c1786]
2019-07-09 04:31:23,301 INFO  client.GrpcClientProtocolClient (GrpcClientProtocolClient.java:onNext(255)) - client-859D8C9D7B89->65797d0d-2d4a-456d-9b24-1d63a5102722: receive RaftClientReply:client-859D8C9D7B89->65797d0d-2d4a-456d-9b24-1d63a5102722@group-BA7C392EEBCA, cid=1283, SUCCESS, logIndex=1788, commits[65797d0d-2d4a-456d-9b24-1d63a5102722:c1788, aca3f3a4-0773-4ff1-9bb5-1a871868fd09:c1786, abe1c95d-8ae2-42e9-9d83-236e3c187d51:c1786]
2019-07-09 04:31:23,313 INFO  client.GrpcClientProtocolClient (GrpcClientProtocolClient.java:onNext(255)) - client-859D8C9D7B89->65797d0d-2d4a-456d-9b24-1d63a5102722: receive RaftClientReply:client-859D8C9D7B89->65797d0d-2d4a-456d-9b24-1d63a5102722@group-BA7C392EEBCA, cid=1284, SUCCESS, logIndex=1791, commits[65797d0d-2d4a-456d-9b24-1d63a5102722:c1792, aca3f3a4-0773-4ff1-9bb5-1a871868fd09:c1788, abe1c95d-8ae2-42e9-9d83-236e3c187d51:c1788]
2019-07-09 04:31:23,313 INFO  client.GrpcClientProtocolClient (GrpcClientProtocolClient.java:onNext(255)) - client-859D8C9D7B89->65797d0d-2d4a-456d-9b24-1d63a5102722: receive RaftClientReply:client-859D8C9D7B89->65797d0d-2d4a-456d-9b24-1d63a5102722@group-BA7C392EEBCA, cid=1285, SUCCESS, logIndex=1792, commits[65797d0d-2d4a-456d-9b24-1d63a5102722:c1792, aca3f3a4-0773-4ff1-9bb5-1a871868fd09:c1788, abe1c95d-8ae2-42e9-9d83-236e3c187d51:c1788]
2019-07-09 04:31:23,316 INFO  client.GrpcClientProtocolClient (GrpcClientProtocolClient.java:onNext(255)) - client-859D8C9D7B89->65797d0d-2d4a-456d-9b24-1d63a5102722: receive RaftClientReply:client-859D8C9D7B89->65797d0d-2d4a-456d-9b24-1d63a5102722@group-BA7C392EEBCA, cid=1286, SUCCESS, logIndex=0, commits[65797d0d-2d4a-456d-9b24-1d63a5102722:c1794, aca3f3a4-0773-4ff1-9bb5-1a871868fd09:c1792, abe1c95d-8ae2-42e9-9d83-236e3c187d51:c1792]
2019-07-09 04:31:23,345 INFO  client.GrpcClientProtocolClient (GrpcClientProtocolClient.java:onNext(255)) - client-859D8C9D7B89->65797d0d-2d4a-456d-9b24-1d63a5102722: receive RaftClientReply:client-859D8C9D7B89->65797d0d-2d4a-456d-9b24-1d63a5102722@group-BA7C392EEBCA, cid=1287, SUCCESS, logIndex=1795, commits[65797d0d-2d4a-456d-9b24-1d63a5102722:c1796, aca3f3a4-0773-4ff1-9bb5-1a871868fd09:c1794, abe1c95d-8ae2-42e9-9d83-236e3c187d51:c1794]
2019-07-09 04:31:23,346 INFO  client.GrpcClientProtocolClient (GrpcClientProtocolClient.java:onNext(255)) - client-859D8C9D7B89->65797d0d-2d4a-456d-9b24-1d63a5102722: receive RaftClientReply:client-859D8C9D7B89->65797d0d-2d4a-456d-9b24-1d63a5102722@group-BA7C392EEBCA, cid=1288, SUCCESS, logIndex=1796, commits[65797d0d-2d4a-456d-9b24-1d63a5102722:c1797, aca3f3a4-0773-4ff1-9bb5-1a871868fd09:c1794, abe1c95d-8ae2-42e9-9d83-236e3c187d51:c1794]
2019-07-09 04:31:23,346 INFO  client.GrpcClientProtocolClient (GrpcClientProtocolClient.java:onNext(255)) - client-859D8C9D7B89->65797d0d-2d4a-456d-9b24-1d63a5102722: receive RaftClientReply:client-859D8C9D7B89->65797d0d-2d4a-456d-9b24-1d63a5102722@group-BA7C392EEBCA, cid=1289, SUCCESS, logIndex=1797, commits[65797d0d-2d4a-456d-9b24-1d63a5102722:c1797, aca3f3a4-0773-4ff1-9bb5-1a871868fd09:c1794, abe1c95d-8ae2-42e9-9d83-236e3c187d51:c1794]
2019-07-09 04:31:23,346 INFO  client.GrpcClientProtocolClient (GrpcClientProtocolClient.java:onNext(255)) - client-859D8C9D7B89->65797d0d-2d4a-456d-9b24-1d63a5102722: receive RaftClientReply:client-859D8C9D7B89->65797d0d-2d4a-456d-9b24-1d63a5102722@group-BA7C392EEBCA, cid=1290, SUCCESS, logIndex=1798, commits[65797d0d-2d4a-456d-9b24-1d63a5102722:c1798, aca3f3a4-0773-4ff1-9bb5-1a871868fd09:c1794, abe1c95d-8ae2-42e9-9d83-236e3c187d51:c1794]
2019-07-09 04:31:23,358 INFO  client.GrpcClientProtocolClient (GrpcClientProtocolClient.java:onNext(255)) - client-859D8C9D7B89->65797d0d-2d4a-456d-9b24-1d63a5102722: receive RaftClientReply:client-859D8C9D7B89->65797d0d-2d4a-456d-9b24-1d63a5102722@group-BA7C392EEBCA, cid=1291, SUCCESS, logIndex=0, commits[65797d0d-2d4a-456d-9b24-1d63a5102722:c1800, aca3f3a4-0773-4ff1-9bb5-1a871868fd09:c1796, abe1c95d-8ae2-42e9-9d83-236e3c187d51:c1796]
2019-07-09 04:31:23,378 INFO  client.GrpcClientProtocolClient (GrpcClientProtocolClient.java:onNext(255)) - client-859D8C9D7B89->65797d0d-2d4a-456d-9b24-1d63a5102722: receive RaftClientReply:client-859D8C9D7B89->65797d0d-2d4a-456d-9b24-1d63a5102722@group-BA7C392EEBCA, cid=1292, SUCCESS, logIndex=1803, commits[65797d0d-2d4a-456d-9b24-1d63a5102722:c1804, aca3f3a4-0773-4ff1-9bb5-1a871868fd09:c1802, abe1c95d-8ae2-42e9-9d83-236e3c187d51:c1802]
2019-07-09 04:31:23,379 INFO  client.GrpcClientProtocolClient (GrpcClientProtocolClient.java:onNext(255)) - client-859D8C9D7B89->65797d0d-2d4a-456d-9b24-1d63a5102722: receive RaftClientReply:client-859D8C9D7B89->65797d0d-2d4a-456d-9b24-1d63a5102722@group-BA7C392EEBCA, cid=1293, SUCCESS, logIndex=1804, commits[65797d0d-2d4a-456d-9b24-1d63a5102722:c1804, aca3f3a4-0773-4ff1-9bb5-1a871868fd09:c1802, abe1c95d-8ae2-42e9-9d83-236e3c187d51:c1802]
2019-07-09 04:31:23,391 INFO  client.GrpcClientProtocolClient (GrpcClientProtocolClient.java:onNext(255)) - client-859D8C9D7B89->65797d0d-2d4a-456d-9b24-1d63a5102722: receive RaftClientReply:client-859D8C9D7B89->65797d0d-2d4a-456d-9b24-1d63a5102722@group-BA7C392EEBCA, cid=1294, SUCCESS, logIndex=1807, commits[65797d0d-2d4a-456d-9b24-1d63a5102722:c1808, aca3f3a4-0773-4ff1-9bb5-1a871868fd09:c1804, abe1c95d-8ae2-42e9-9d83-236e3c187d51:c1804]
2019-07-09 04:31:23,392 INFO  client.GrpcClientProtocolClient (GrpcClientProtocolClient.java:onNext(255)) - client-859D8C9D7B89->65797d0d-2d4a-456d-9b24-1d63a5102722: receive RaftClientReply:client-859D8C9D7B89->65797d0d-2d4a-456d-9b24-1d63a5102722@group-BA7C392EEBCA, cid=1295, SUCCESS, logIndex=1808, commits[65797d0d-2d4a-456d-9b24-1d63a5102722:c1808, aca3f3a4-0773-4ff1-9bb5-1a871868fd09:c1804, abe1c95d-8ae2-42e9-9d83-236e3c187d51:c1804]
2019-07-09 04:31:23,404 INFO  client.GrpcClientProtocolClient (GrpcClientProtocolClient.java:onNext(255)) - client-859D8C9D7B89->65797d0d-2d4a-456d-9b24-1d63a5102722: receive RaftClientReply:client-859D8C9D7B89->65797d0d-2d4a-456d-9b24-1d63a5102722@group-BA7C392EEBCA, cid=1296, SUCCESS, logIndex=0, commits[65797d0d-2d4a-456d-9b24-1d63a5102722:c1810, aca3f3a4-0773-4ff1-9bb5-1a871868fd09:c1808, abe1c95d-8ae2-42e9-9d83-236e3c187d51:c1808]
2019-07-09 04:31:23,435 INFO  client.GrpcClientProtocolClient (GrpcClientProtocolClient.java:onNext(255)) - client-859D8C9D7B89->65797d0d-2d4a-456d-9b24-1d63a5102722: receive RaftClientReply:client-859D8C9D7B89->65797d0d-2d4a-456d-9b24-1d63a5102722@group-BA7C392EEBCA, cid=1297, SUCCESS, logIndex=1811, commits[65797d0d-2d4a-456d-9b24-1d63a5102722:c1812, aca3f3a4-0773-4ff1-9bb5-1a871868fd09:c1810, abe1c95d-8ae2-42e9-9d83-236e3c187d51:c1810]
2019-07-09 04:31:23,436 INFO  client.GrpcClientProtocolClient (GrpcClientProtocolClient.java:onNext(255)) - client-859D8C9D7B89->65797d0d-2d4a-456d-9b24-1d63a5102722: receive RaftClientReply:client-859D8C9D7B89->65797d0d-2d4a-456d-9b24-1d63a5102722@group-BA7C392EEBCA, cid=1298, SUCCESS, logIndex=1812, commits[65797d0d-2d4a-456d-9b24-1d63a5102722:c1812, aca3f3a4-0773-4ff1-9bb5-1a871868fd09:c1810, abe1c95d-8ae2-42e9-9d83-236e3c187d51:c1810]
2019-07-09 04:31:23,437 INFO  client.GrpcClientProtocolClient (GrpcClientProtocolClient.java:onNext(255)) - client-859D8C9D7B89->65797d0d-2d4a-456d-9b24-1d63a5102722: receive RaftClientReply:client-859D8C9D7B89->65797d0d-2d4a-456d-9b24-1d63a5102722@group-BA7C392EEBCA, cid=1299, SUCCESS, logIndex=1813, commits[65797d0d-2d4a-456d-9b24-1d63a5102722:c1814, aca3f3a4-0773-4ff1-9bb5-1a871868fd09:c1810, abe1c95d-8ae2-42e9-9d83-236e3c187d51:c1810]
2019-07-09 04:31:23,437 INFO  client.GrpcClientProtocolClient (GrpcClientProtocolClient.java:onNext(255)) - client-859D8C9D7B89->65797d0d-2d4a-456d-9b24-1d63a5102722: receive RaftClientReply:client-859D8C9D7B89->65797d0d-2d4a-456d-9b24-1d63a5102722@group-BA7C392EEBCA, cid=1300, SUCCESS, logIndex=1814, commits[65797d0d-2d4a-456d-9b24-1d63a5102722:c1814, aca3f3a4-0773-4ff1-9bb5-1a871868fd09:c1810, abe1c95d-8ae2-42e9-9d83-236e3c187d51:c1810]
2019-07-09 04:31:23,440 INFO  client.GrpcClientProtocolClient (GrpcClientProtocolClient.java:onNext(255)) - client-859D8C9D7B89->65797d0d-2d4a-456d-9b24-1d63a5102722: receive RaftClientReply:client-859D8C9D7B89->65797d0d-2d4a-456d-9b24-1d63a5102722@group-BA7C392EEBCA, cid=1301, SUCCESS, logIndex=0, commits[65797d0d-2d4a-456d-9b24-1d63a5102722:c1816, aca3f3a4-0773-4ff1-9bb5-1a871868fd09:c1812, abe1c95d-8ae2-42e9-9d83-236e3c187d51:c1812]
2019-07-09 04:31:23,459 INFO  client.GrpcClientProtocolClient (GrpcClientProtocolClient.java:onNext(255)) - client-859D8C9D7B89->65797d0d-2d4a-456d-9b24-1d63a5102722: receive RaftClientReply:client-859D8C9D7B89->65797d0d-2d4a-456d-9b24-1d63a5102722@group-BA7C392EEBCA, cid=1302, SUCCESS, logIndex=1819, commits[65797d0d-2d4a-456d-9b24-1d63a5102722:c1820, aca3f3a4-0773-4ff1-9bb5-1a871868fd09:c1818, abe1c95d-8ae2-42e9-9d83-236e3c187d51:c1818]
2019-07-09 04:31:23,460 INFO  client.GrpcClientProtocolClient (GrpcClientProtocolClient.java:onNext(255)) - client-859D8C9D7B89->65797d0d-2d4a-456d-9b24-1d63a5102722: receive RaftClientReply:client-859D8C9D7B89->65797d0d-2d4a-456d-9b24-1d63a5102722@group-BA7C392EEBCA, cid=1303, SUCCESS, logIndex=1820, commits[65797d0d-2d4a-456d-9b24-1d63a5102722:c1820, aca3f3a4-0773-4ff1-9bb5-1a871868fd09:c1818, abe1c95d-8ae2-42e9-9d83-236e3c187d51:c1818]
2019-07-09 04:31:23,473 INFO  client.GrpcClientProtocolClient (GrpcClientProtocolClient.java:onNext(255)) - client-859D8C9D7B89->65797d0d-2d4a-456d-9b24-1d63a5102722: receive RaftClientReply:client-859D8C9D7B89->65797d0d-2d4a-456d-9b24-1d63a5102722@group-BA7C392EEBCA, cid=1304, SUCCESS, logIndex=1823, commits[65797d0d-2d4a-456d-9b24-1d63a5102722:c1824, aca3f3a4-0773-4ff1-9bb5-1a871868fd09:c1820, abe1c95d-8ae2-42e9-9d83-236e3c187d51:c1820]
2019-07-09 04:31:23,473 INFO  client.GrpcClientProtocolClient (GrpcClientProtocolClient.java:onNext(255)) - client-859D8C9D7B89->65797d0d-2d4a-456d-9b24-1d63a5102722: receive RaftClientReply:client-859D8C9D7B89->65797d0d-2d4a-456d-9b24-1d63a5102722@group-BA7C392EEBCA, cid=1305, SUCCESS, logIndex=1824, commits[65797d0d-2d4a-456d-9b24-1d63a5102722:c1824, aca3f3a4-0773-4ff1-9bb5-1a871868fd09:c1820, abe1c95d-8ae2-42e9-9d83-236e3c187d51:c1820]
2019-07-09 04:31:23,486 INFO  client.GrpcClientProtocolClient (GrpcClientProtocolClient.java:onNext(255)) - client-859D8C9D7B89->65797d0d-2d4a-456d-9b24-1d63a5102722: receive RaftClientReply:client-859D8C9D7B89->65797d0d-2d4a-456d-9b24-1d63a5102722@group-BA7C392EEBCA, cid=1306, SUCCESS, logIndex=0, commits[65797d0d-2d4a-456d-9b24-1d63a5102722:c1826, aca3f3a4-0773-4ff1-9bb5-1a871868fd09:c1824, abe1c95d-8ae2-42e9-9d83-236e3c187d51:c1824]
2019-07-09 04:31:23,529 INFO  client.GrpcClientProtocolClient (GrpcClientProtocolClient.java:onNext(255)) - client-859D8C9D7B89->65797d0d-2d4a-456d-9b24-1d63a5102722: receive RaftClientReply:client-859D8C9D7B89->65797d0d-2d4a-456d-9b24-1d63a5102722@group-BA7C392EEBCA, cid=1307, SUCCESS, logIndex=1827, commits[65797d0d-2d4a-456d-9b24-1d63a5102722:c1828, aca3f3a4-0773-4ff1-9bb5-1a871868fd09:c1826, abe1c95d-8ae2-42e9-9d83-236e3c187d51:c1826]
2019-07-09 04:31:23,530 INFO  client.GrpcClientProtocolClient (GrpcClientProtocolClient.java:onNext(255)) - client-859D8C9D7B89->65797d0d-2d4a-456d-9b24-1d63a5102722: receive RaftClientReply:client-859D8C9D7B89->65797d0d-2d4a-456d-9b24-1d63a5102722@group-BA7C392EEBCA, cid=1308, SUCCESS, logIndex=1828, commits[65797d0d-2d4a-456d-9b24-1d63a5102722:c1830, aca3f3a4-0773-4ff1-9bb5-1a871868fd09:c1826, abe1c95d-8ae2-42e9-9d83-236e3c187d51:c1826]
2019-07-09 04:31:23,530 INFO  client.GrpcClientProtocolClient (GrpcClientProtocolClient.java:onNext(255)) - client-859D8C9D7B89->65797d0d-2d4a-456d-9b24-1d63a5102722: receive RaftClientReply:client-859D8C9D7B89->65797d0d-2d4a-456d-9b24-1d63a5102722@group-BA7C392EEBCA, cid=1309, SUCCESS, logIndex=1829, commits[65797d0d-2d4a-456d-9b24-1d63a5102722:c1830, aca3f3a4-0773-4ff1-9bb5-1a871868fd09:c1826, abe1c95d-8ae2-42e9-9d83-236e3c187d51:c1826]
2019-07-09 04:31:23,531 INFO  client.GrpcClientProtocolClient (GrpcClientProtocolClient.java:onNext(255)) - client-859D8C9D7B89->65797d0d-2d4a-456d-9b24-1d63a5102722: receive RaftClientReply:client-859D8C9D7B89->65797d0d-2d4a-456d-9b24-1d63a5102722@group-BA7C392EEBCA, cid=1310, SUCCESS, logIndex=1830, commits[65797d0d-2d4a-456d-9b24-1d63a5102722:c1830, aca3f3a4-0773-4ff1-9bb5-1a871868fd09:c1826, abe1c95d-8ae2-42e9-9d83-236e3c187d51:c1826]
2019-07-09 04:31:23,542 INFO  client.GrpcClientProtocolClient (GrpcClientProtocolClient.java:onNext(255)) - client-859D8C9D7B89->65797d0d-2d4a-456d-9b24-1d63a5102722: receive RaftClientReply:client-859D8C9D7B89->65797d0d-2d4a-456d-9b24-1d63a5102722@group-BA7C392EEBCA, cid=1311, SUCCESS, logIndex=0, commits[65797d0d-2d4a-456d-9b24-1d63a5102722:c1834, aca3f3a4-0773-4ff1-9bb5-1a871868fd09:c1828, abe1c95d-8ae2-42e9-9d83-236e3c187d51:c1830]
2019-07-09 04:31:23,570 INFO  client.GrpcClientProtocolClient (GrpcClientProtocolClient.java:onNext(255)) - client-859D8C9D7B89->65797d0d-2d4a-456d-9b24-1d63a5102722: receive RaftClientReply:client-859D8C9D7B89->65797d0d-2d4a-456d-9b24-1d63a5102722@group-BA7C392EEBCA, cid=1312, SUCCESS, logIndex=1835, commits[65797d0d-2d4a-456d-9b24-1d63a5102722:c1836, aca3f3a4-0773-4ff1-9bb5-1a871868fd09:c1834, abe1c95d-8ae2-42e9-9d83-236e3c187d51:c1834]
2019-07-09 04:31:23,571 INFO  client.GrpcClientProtocolClient (GrpcClientProtocolClient.java:onNext(255)) - client-859D8C9D7B89->65797d0d-2d4a-456d-9b24-1d63a5102722: receive RaftClientReply:client-859D8C9D7B89->65797d0d-2d4a-456d-9b24-1d63a5102722@group-BA7C392EEBCA, cid=1313, SUCCESS, logIndex=1836, commits[65797d0d-2d4a-456d-9b24-1d63a5102722:c1836, aca3f3a4-0773-4ff1-9bb5-1a871868fd09:c1834, abe1c95d-8ae2-42e9-9d83-236e3c187d51:c1834]
2019-07-09 04:31:23,584 INFO  client.GrpcClientProtocolClient (GrpcClientProtocolClient.java:onNext(255)) - client-859D8C9D7B89->65797d0d-2d4a-456d-9b24-1d63a5102722: receive RaftClientReply:client-859D8C9D7B89->65797d0d-2d4a-456d-9b24-1d63a5102722@group-BA7C392EEBCA, cid=1314, SUCCESS, logIndex=1839, commits[65797d0d-2d4a-456d-9b24-1d63a5102722:c1840, aca3f3a4-0773-4ff1-9bb5-1a871868fd09:c1836, abe1c95d-8ae2-42e9-9d83-236e3c187d51:c1835]
2019-07-09 04:31:23,584 INFO  client.GrpcClientProtocolClient (GrpcClientProtocolClient.java:onNext(255)) - client-859D8C9D7B89->65797d0d-2d4a-456d-9b24-1d63a5102722: receive RaftClientReply:client-859D8C9D7B89->65797d0d-2d4a-456d-9b24-1d63a5102722@group-BA7C392EEBCA, cid=1315, SUCCESS, logIndex=1840, commits[65797d0d-2d4a-456d-9b24-1d63a5102722:c1840, aca3f3a4-0773-4ff1-9bb5-1a871868fd09:c1836, abe1c95d-8ae2-42e9-9d83-236e3c187d51:c1836]
2019-07-09 04:31:23,587 INFO  client.GrpcClientProtocolClient (GrpcClientProtocolClient.java:onNext(255)) - client-859D8C9D7B89->65797d0d-2d4a-456d-9b24-1d63a5102722: receive RaftClientReply:client-859D8C9D7B89->65797d0d-2d4a-456d-9b24-1d63a5102722@group-BA7C392EEBCA, cid=1316, SUCCESS, logIndex=0, commits[65797d0d-2d4a-456d-9b24-1d63a5102722:c1842, aca3f3a4-0773-4ff1-9bb5-1a871868fd09:c1840, abe1c95d-8ae2-42e9-9d83-236e3c187d51:c1840]
2019-07-09 04:31:23,616 INFO  client.GrpcClientProtocolClient (GrpcClientProtocolClient.java:onNext(255)) - client-859D8C9D7B89->65797d0d-2d4a-456d-9b24-1d63a5102722: receive RaftClientReply:client-859D8C9D7B89->65797d0d-2d4a-456d-9b24-1d63a5102722@group-BA7C392EEBCA, cid=1317, SUCCESS, logIndex=1843, commits[65797d0d-2d4a-456d-9b24-1d63a5102722:c1845, aca3f3a4-0773-4ff1-9bb5-1a871868fd09:c1842, abe1c95d-8ae2-42e9-9d83-236e3c187d51:c1842]
2019-07-09 04:31:23,617 INFO  client.GrpcClientProtocolClient (GrpcClientProtocolClient.java:onNext(255)) - client-859D8C9D7B89->65797d0d-2d4a-456d-9b24-1d63a5102722: receive RaftClientReply:client-859D8C9D7B89->65797d0d-2d4a-456d-9b24-1d63a5102722@group-BA7C392EEBCA, cid=1318, SUCCESS, logIndex=1844, commits[65797d0d-2d4a-456d-9b24-1d63a5102722:c1846, aca3f3a4-0773-4ff1-9bb5-1a871868fd09:c1842, abe1c95d-8ae2-42e9-9d83-236e3c187d51:c1842]
2019-07-09 04:31:23,617 INFO  client.GrpcClientProtocolClient (GrpcClientProtocolClient.java:onNext(255)) - client-859D8C9D7B89->65797d0d-2d4a-456d-9b24-1d63a5102722: receive RaftClientReply:client-859D8C9D7B89->65797d0d-2d4a-456d-9b24-1d63a5102722@group-BA7C392EEBCA, cid=1319, SUCCESS, logIndex=1845, commits[65797d0d-2d4a-456d-9b24-1d63a5102722:c1846, aca3f3a4-0773-4ff1-9bb5-1a871868fd09:c1842, abe1c95d-8ae2-42e9-9d83-236e3c187d51:c1842]
2019-07-09 04:31:23,617 INFO  client.GrpcClientProtocolClient (GrpcClientProtocolClient.java:onNext(255)) - client-859D8C9D7B89->65797d0d-2d4a-456d-9b24-1d63a5102722: receive RaftClientReply:client-859D8C9D7B89->65797d0d-2d4a-456d-9b24-1d63a5102722@group-BA7C392EEBCA, cid=1320, SUCCESS, logIndex=1846, commits[65797d0d-2d4a-456d-9b24-1d63a5102722:c1847, aca3f3a4-0773-4ff1-9bb5-1a871868fd09:c1843, abe1c95d-8ae2-42e9-9d83-236e3c187d51:c1843]
2019-07-09 04:31:23,620 INFO  client.GrpcClientProtocolClient (GrpcClientProtocolClient.java:onNext(255)) - client-859D8C9D7B89->65797d0d-2d4a-456d-9b24-1d63a5102722: receive RaftClientReply:client-859D8C9D7B89->65797d0d-2d4a-456d-9b24-1d63a5102722@group-BA7C392EEBCA, cid=1321, SUCCESS, logIndex=0, commits[65797d0d-2d4a-456d-9b24-1d63a5102722:c1847, aca3f3a4-0773-4ff1-9bb5-1a871868fd09:c1845, abe1c95d-8ae2-42e9-9d83-236e3c187d51:c1845]
2019-07-09 04:31:23,640 INFO  client.GrpcClientProtocolClient (GrpcClientProtocolClient.java:onNext(255)) - client-859D8C9D7B89->65797d0d-2d4a-456d-9b24-1d63a5102722: receive RaftClientReply:client-859D8C9D7B89->65797d0d-2d4a-456d-9b24-1d63a5102722@group-BA7C392EEBCA, cid=1322, SUCCESS, logIndex=1851, commits[65797d0d-2d4a-456d-9b24-1d63a5102722:c1852, aca3f3a4-0773-4ff1-9bb5-1a871868fd09:c1850, abe1c95d-8ae2-42e9-9d83-236e3c187d51:c1850]
2019-07-09 04:31:23,641 INFO  client.GrpcClientProtocolClient (GrpcClientProtocolClient.java:onNext(255)) - client-859D8C9D7B89->65797d0d-2d4a-456d-9b24-1d63a5102722: receive RaftClientReply:client-859D8C9D7B89->65797d0d-2d4a-456d-9b24-1d63a5102722@group-BA7C392EEBCA, cid=1323, SUCCESS, logIndex=1852, commits[65797d0d-2d4a-456d-9b24-1d63a5102722:c1852, aca3f3a4-0773-4ff1-9bb5-1a871868fd09:c1850, abe1c95d-8ae2-42e9-9d83-236e3c187d51:c1850]
2019-07-09 04:31:23,653 INFO  client.GrpcClientProtocolClient (GrpcClientProtocolClient.java:onNext(255)) - client-859D8C9D7B89->65797d0d-2d4a-456d-9b24-1d63a5102722: receive RaftClientReply:client-859D8C9D7B89->65797d0d-2d4a-456d-9b24-1d63a5102722@group-BA7C392EEBCA, cid=1324, SUCCESS, logIndex=1855, commits[65797d0d-2d4a-456d-9b24-1d63a5102722:c1855, aca3f3a4-0773-4ff1-9bb5-1a871868fd09:c1852, abe1c95d-8ae2-42e9-9d83-236e3c187d51:c1852]
2019-07-09 04:31:23,654 INFO  client.GrpcClientProtocolClient (GrpcClientProtocolClient.java:onNext(255)) - client-859D8C9D7B89->65797d0d-2d4a-456d-9b24-1d63a5102722: receive RaftClientReply:client-859D8C9D7B89->65797d0d-2d4a-456d-9b24-1d63a5102722@group-BA7C392EEBCA, cid=1325, SUCCESS, logIndex=1856, commits[65797d0d-2d4a-456d-9b24-1d63a5102722:c1856, aca3f3a4-0773-4ff1-9bb5-1a871868fd09:c1852, abe1c95d-8ae2-42e9-9d83-236e3c187d51:c1852]
2019-07-09 04:31:23,666 INFO  client.GrpcClientProtocolClient (GrpcClientProtocolClient.java:onNext(255)) - client-859D8C9D7B89->65797d0d-2d4a-456d-9b24-1d63a5102722: receive RaftClientReply:client-859D8C9D7B89->65797d0d-2d4a-456d-9b24-1d63a5102722@group-BA7C392EEBCA, cid=1326, SUCCESS, logIndex=0, commits[65797d0d-2d4a-456d-9b24-1d63a5102722:c1858, aca3f3a4-0773-4ff1-9bb5-1a871868fd09:c1856, abe1c95d-8ae2-42e9-9d83-236e3c187d51:c1856]
2019-07-09 04:31:23,697 INFO  client.GrpcClientProtocolClient (GrpcClientProtocolClient.java:onNext(255)) - client-859D8C9D7B89->65797d0d-2d4a-456d-9b24-1d63a5102722: receive RaftClientReply:client-859D8C9D7B89->65797d0d-2d4a-456d-9b24-1d63a5102722@group-BA7C392EEBCA, cid=1327, SUCCESS, logIndex=1859, commits[65797d0d-2d4a-456d-9b24-1d63a5102722:c1860, aca3f3a4-0773-4ff1-9bb5-1a871868fd09:c1858, abe1c95d-8ae2-42e9-9d83-236e3c187d51:c1858]
2019-07-09 04:31:23,697 INFO  client.GrpcClientProtocolClient (GrpcClientProtocolClient.java:onNext(255)) - client-859D8C9D7B89->65797d0d-2d4a-456d-9b24-1d63a5102722: receive RaftClientReply:client-859D8C9D7B89->65797d0d-2d4a-456d-9b24-1d63a5102722@group-BA7C392EEBCA, cid=1328, SUCCESS, logIndex=1860, commits[65797d0d-2d4a-456d-9b24-1d63a5102722:c1862, aca3f3a4-0773-4ff1-9bb5-1a871868fd09:c1858, abe1c95d-8ae2-42e9-9d83-236e3c187d51:c1858]
2019-07-09 04:31:23,698 INFO  client.GrpcClientProtocolClient (GrpcClientProtocolClient.java:onNext(255)) - client-859D8C9D7B89->65797d0d-2d4a-456d-9b24-1d63a5102722: receive RaftClientReply:client-859D8C9D7B89->65797d0d-2d4a-456d-9b24-1d63a5102722@group-BA7C392EEBCA, cid=1329, SUCCESS, logIndex=1861, commits[65797d0d-2d4a-456d-9b24-1d63a5102722:c1862, aca3f3a4-0773-4ff1-9bb5-1a871868fd09:c1858, abe1c95d-8ae2-42e9-9d83-236e3c187d51:c1858]
2019-07-09 04:31:23,698 INFO  client.GrpcClientProtocolClient (GrpcClientProtocolClient.java:onNext(255)) - client-859D8C9D7B89->65797d0d-2d4a-456d-9b24-1d63a5102722: receive RaftClientReply:client-859D8C9D7B89->65797d0d-2d4a-456d-9b24-1d63a5102722@group-BA7C392EEBCA, cid=1330, SUCCESS, logIndex=1862, commits[65797d0d-2d4a-456d-9b24-1d63a5102722:c1862, aca3f3a4-0773-4ff1-9bb5-1a871868fd09:c1858, abe1c95d-8ae2-42e9-9d83-236e3c187d51:c1858]
2019-07-09 04:31:23,709 INFO  client.GrpcClientProtocolClient (GrpcClientProtocolClient.java:onNext(255)) - client-859D8C9D7B89->65797d0d-2d4a-456d-9b24-1d63a5102722: receive RaftClientReply:client-859D8C9D7B89->65797d0d-2d4a-456d-9b24-1d63a5102722@group-BA7C392EEBCA, cid=1331, SUCCESS, logIndex=0, commits[65797d0d-2d4a-456d-9b24-1d63a5102722:c1865, aca3f3a4-0773-4ff1-9bb5-1a871868fd09:c1861, abe1c95d-8ae2-42e9-9d83-236e3c187d51:c1861]
2019-07-09 04:31:23,729 INFO  client.GrpcClientProtocolClient (GrpcClientProtocolClient.java:onNext(255)) - client-859D8C9D7B89->65797d0d-2d4a-456d-9b24-1d63a5102722: receive RaftClientReply:client-859D8C9D7B89->65797d0d-2d4a-456d-9b24-1d63a5102722@group-BA7C392EEBCA, cid=1332, SUCCESS, logIndex=1867, commits[65797d0d-2d4a-456d-9b24-1d63a5102722:c1868, aca3f3a4-0773-4ff1-9bb5-1a871868fd09:c1866, abe1c95d-8ae2-42e9-9d83-236e3c187d51:c1866]
2019-07-09 04:31:23,730 INFO  client.GrpcClientProtocolClient (GrpcClientProtocolClient.java:onNext(255)) - client-859D8C9D7B89->65797d0d-2d4a-456d-9b24-1d63a5102722: receive RaftClientReply:client-859D8C9D7B89->65797d0d-2d4a-456d-9b24-1d63a5102722@group-BA7C392EEBCA, cid=1333, SUCCESS, logIndex=1868, commits[65797d0d-2d4a-456d-9b24-1d63a5102722:c1868, aca3f3a4-0773-4ff1-9bb5-1a871868fd09:c1866, abe1c95d-8ae2-42e9-9d83-236e3c187d51:c1866]
2019-07-09 04:31:23,743 INFO  client.GrpcClientProtocolClient (GrpcClientProtocolClient.java:onNext(255)) - client-859D8C9D7B89->65797d0d-2d4a-456d-9b24-1d63a5102722: receive RaftClientReply:client-859D8C9D7B89->65797d0d-2d4a-456d-9b24-1d63a5102722@group-BA7C392EEBCA, cid=1334, SUCCESS, logIndex=1871, commits[65797d0d-2d4a-456d-9b24-1d63a5102722:c1871, aca3f3a4-0773-4ff1-9bb5-1a871868fd09:c1868, abe1c95d-8ae2-42e9-9d83-236e3c187d51:c1868]
2019-07-09 04:31:23,743 INFO  client.GrpcClientProtocolClient (GrpcClientProtocolClient.java:onNext(255)) - client-859D8C9D7B89->65797d0d-2d4a-456d-9b24-1d63a5102722: receive RaftClientReply:client-859D8C9D7B89->65797d0d-2d4a-456d-9b24-1d63a5102722@group-BA7C392EEBCA, cid=1335, SUCCESS, logIndex=1872, commits[65797d0d-2d4a-456d-9b24-1d63a5102722:c1872, aca3f3a4-0773-4ff1-9bb5-1a871868fd09:c1868, abe1c95d-8ae2-42e9-9d83-236e3c187d51:c1868]
2019-07-09 04:31:23,756 INFO  client.GrpcClientProtocolClient (GrpcClientProtocolClient.java:onNext(255)) - client-859D8C9D7B89->65797d0d-2d4a-456d-9b24-1d63a5102722: receive RaftClientReply:client-859D8C9D7B89->65797d0d-2d4a-456d-9b24-1d63a5102722@group-BA7C392EEBCA, cid=1336, SUCCESS, logIndex=0, commits[65797d0d-2d4a-456d-9b24-1d63a5102722:c1874, aca3f3a4-0773-4ff1-9bb5-1a871868fd09:c1872, abe1c95d-8ae2-42e9-9d83-236e3c187d51:c1872]
 0.00% |█                                                                                                    |  0/1 Time: 0:00:092019-07-09 04:31:23,882 INFO  client.GrpcClientProtocolClient (GrpcClientProtocolClient.java:onNext(255)) - client-859D8C9D7B89->65797d0d-2d4a-456d-9b24-1d63a5102722: receive RaftClientReply:client-859D8C9D7B89->65797d0d-2d4a-456d-9b24-1d63a5102722@group-BA7C392EEBCA, cid=1337, SUCCESS, logIndex=1875, commits[65797d0d-2d4a-456d-9b24-1d63a5102722:c1876, aca3f3a4-0773-4ff1-9bb5-1a871868fd09:c1874, abe1c95d-8ae2-42e9-9d83-236e3c187d51:c1874]
2019-07-09 04:31:23,883 INFO  client.GrpcClientProtocolClient (GrpcClientProtocolClient.java:onNext(255)) - client-859D8C9D7B89->65797d0d-2d4a-456d-9b24-1d63a5102722: receive RaftClientReply:client-859D8C9D7B89->65797d0d-2d4a-456d-9b24-1d63a5102722@group-BA7C392EEBCA, cid=1338, SUCCESS, logIndex=1876, commits[65797d0d-2d4a-456d-9b24-1d63a5102722:c1878, aca3f3a4-0773-4ff1-9bb5-1a871868fd09:c1874, abe1c95d-8ae2-42e9-9d83-236e3c187d51:c1874]
2019-07-09 04:31:23,883 INFO  client.GrpcClientProtocolClient (GrpcClientProtocolClient.java:onNext(255)) - client-859D8C9D7B89->65797d0d-2d4a-456d-9b24-1d63a5102722: receive RaftClientReply:client-859D8C9D7B89->65797d0d-2d4a-456d-9b24-1d63a5102722@group-BA7C392EEBCA, cid=1339, SUCCESS, logIndex=1877, commits[65797d0d-2d4a-456d-9b24-1d63a5102722:c1878, aca3f3a4-0773-4ff1-9bb5-1a871868fd09:c1874, abe1c95d-8ae2-42e9-9d83-236e3c187d51:c1874]
2019-07-09 04:31:23,884 INFO  client.GrpcClientProtocolClient (GrpcClientProtocolClient.java:onNext(255)) - client-859D8C9D7B89->65797d0d-2d4a-456d-9b24-1d63a5102722: receive RaftClientReply:client-859D8C9D7B89->65797d0d-2d4a-456d-9b24-1d63a5102722@group-BA7C392EEBCA, cid=1340, SUCCESS, logIndex=1878, commits[65797d0d-2d4a-456d-9b24-1d63a5102722:c1878, aca3f3a4-0773-4ff1-9bb5-1a871868fd09:c1874, abe1c95d-8ae2-42e9-9d83-236e3c187d51:c1874]
2019-07-09 04:31:23,885 INFO  client.GrpcClientProtocolClient (GrpcClientProtocolClient.java:onNext(255)) - client-859D8C9D7B89->65797d0d-2d4a-456d-9b24-1d63a5102722: receive RaftClientReply:client-859D8C9D7B89->65797d0d-2d4a-456d-9b24-1d63a5102722@group-BA7C392EEBCA, cid=1341, SUCCESS, logIndex=0, commits[65797d0d-2d4a-456d-9b24-1d63a5102722:c1880, aca3f3a4-0773-4ff1-9bb5-1a871868fd09:c1876, abe1c95d-8ae2-42e9-9d83-236e3c187d51:c1876]
2019-07-09 04:31:23,907 INFO  client.GrpcClientProtocolClient (GrpcClientProtocolClient.java:onNext(255)) - client-859D8C9D7B89->65797d0d-2d4a-456d-9b24-1d63a5102722: receive RaftClientReply:client-859D8C9D7B89->65797d0d-2d4a-456d-9b24-1d63a5102722@group-BA7C392EEBCA, cid=1342, SUCCESS, logIndex=1882, commits[65797d0d-2d4a-456d-9b24-1d63a5102722:c1883, aca3f3a4-0773-4ff1-9bb5-1a871868fd09:c1881, abe1c95d-8ae2-42e9-9d83-236e3c187d51:c1881]
2019-07-09 04:31:23,907 INFO  client.GrpcClientProtocolClient (GrpcClientProtocolClient.java:onNext(255)) - client-859D8C9D7B89->65797d0d-2d4a-456d-9b24-1d63a5102722: receive RaftClientReply:client-859D8C9D7B89->65797d0d-2d4a-456d-9b24-1d63a5102722@group-BA7C392EEBCA, cid=1343, SUCCESS, logIndex=1883, commits[65797d0d-2d4a-456d-9b24-1d63a5102722:c1883, aca3f3a4-0773-4ff1-9bb5-1a871868fd09:c1881, abe1c95d-8ae2-42e9-9d83-236e3c187d51:c1881]
2019-07-09 04:31:23,921 INFO  client.GrpcClientProtocolClient (GrpcClientProtocolClient.java:onNext(255)) - client-859D8C9D7B89->65797d0d-2d4a-456d-9b24-1d63a5102722: receive RaftClientReply:client-859D8C9D7B89->65797d0d-2d4a-456d-9b24-1d63a5102722@group-BA7C392EEBCA, cid=1344, SUCCESS, logIndex=1886, commits[65797d0d-2d4a-456d-9b24-1d63a5102722:c1887, aca3f3a4-0773-4ff1-9bb5-1a871868fd09:c1883, abe1c95d-8ae2-42e9-9d83-236e3c187d51:c1882]
2019-07-09 04:31:23,921 INFO  client.GrpcClientProtocolClient (GrpcClientProtocolClient.java:onNext(255)) - client-859D8C9D7B89->65797d0d-2d4a-456d-9b24-1d63a5102722: receive RaftClientReply:client-859D8C9D7B89->65797d0d-2d4a-456d-9b24-1d63a5102722@group-BA7C392EEBCA, cid=1345, SUCCESS, logIndex=1887, commits[65797d0d-2d4a-456d-9b24-1d63a5102722:c1887, aca3f3a4-0773-4ff1-9bb5-1a871868fd09:c1883, abe1c95d-8ae2-42e9-9d83-236e3c187d51:c1883]
2019-07-09 04:31:23,924 INFO  client.GrpcClientProtocolClient (GrpcClientProtocolClient.java:onNext(255)) - client-859D8C9D7B89->65797d0d-2d4a-456d-9b24-1d63a5102722: receive RaftClientReply:client-859D8C9D7B89->65797d0d-2d4a-456d-9b24-1d63a5102722@group-BA7C392EEBCA, cid=1346, SUCCESS, logIndex=0, commits[65797d0d-2d4a-456d-9b24-1d63a5102722:c1889, aca3f3a4-0773-4ff1-9bb5-1a871868fd09:c1887, abe1c95d-8ae2-42e9-9d83-236e3c187d51:c1887]
2019-07-09 04:31:23,953 INFO  client.GrpcClientProtocolClient (GrpcClientProtocolClient.java:onNext(255)) - client-859D8C9D7B89->65797d0d-2d4a-456d-9b24-1d63a5102722: receive RaftClientReply:client-859D8C9D7B89->65797d0d-2d4a-456d-9b24-1d63a5102722@group-BA7C392EEBCA, cid=1347, SUCCESS, logIndex=1890, commits[65797d0d-2d4a-456d-9b24-1d63a5102722:c1891, aca3f3a4-0773-4ff1-9bb5-1a871868fd09:c1889, abe1c95d-8ae2-42e9-9d83-236e3c187d51:c1889]
2019-07-09 04:31:23,954 INFO  client.GrpcClientProtocolClient (GrpcClientProtocolClient.java:onNext(255)) - client-859D8C9D7B89->65797d0d-2d4a-456d-9b24-1d63a5102722: receive RaftClientReply:client-859D8C9D7B89->65797d0d-2d4a-456d-9b24-1d63a5102722@group-BA7C392EEBCA, cid=1348, SUCCESS, logIndex=1891, commits[65797d0d-2d4a-456d-9b24-1d63a5102722:c1893, aca3f3a4-0773-4ff1-9bb5-1a871868fd09:c1889, abe1c95d-8ae2-42e9-9d83-236e3c187d51:c1889]
2019-07-09 04:31:23,955 INFO  client.GrpcClientProtocolClient (GrpcClientProtocolClient.java:onNext(255)) - client-859D8C9D7B89->65797d0d-2d4a-456d-9b24-1d63a5102722: receive RaftClientReply:client-859D8C9D7B89->65797d0d-2d4a-456d-9b24-1d63a5102722@group-BA7C392EEBCA, cid=1349, SUCCESS, logIndex=1892, commits[65797d0d-2d4a-456d-9b24-1d63a5102722:c1893, aca3f3a4-0773-4ff1-9bb5-1a871868fd09:c1889, abe1c95d-8ae2-42e9-9d83-236e3c187d51:c1889]
2019-07-09 04:31:23,955 INFO  client.GrpcClientProtocolClient (GrpcClientProtocolClient.java:onNext(255)) - client-859D8C9D7B89->65797d0d-2d4a-456d-9b24-1d63a5102722: receive RaftClientReply:client-859D8C9D7B89->65797d0d-2d4a-456d-9b24-1d63a5102722@group-BA7C392EEBCA, cid=1350, SUCCESS, logIndex=1893, commits[65797d0d-2d4a-456d-9b24-1d63a5102722:c1893, aca3f3a4-0773-4ff1-9bb5-1a871868fd09:c1889, abe1c95d-8ae2-42e9-9d83-236e3c187d51:c1889]
2019-07-09 04:31:23,956 INFO  client.GrpcClientProtocolClient (GrpcClientProtocolClient.java:onNext(255)) - client-859D8C9D7B89->65797d0d-2d4a-456d-9b24-1d63a5102722: receive RaftClientReply:client-859D8C9D7B89->65797d0d-2d4a-456d-9b24-1d63a5102722@group-BA7C392EEBCA, cid=1351, SUCCESS, logIndex=0, commits[65797d0d-2d4a-456d-9b24-1d63a5102722:c1897, aca3f3a4-0773-4ff1-9bb5-1a871868fd09:c1892, abe1c95d-8ae2-42e9-9d83-236e3c187d51:c1893]
2019-07-09 04:31:23,980 INFO  client.GrpcClientProtocolClient (GrpcClientProtocolClient.java:onNext(255)) - client-859D8C9D7B89->65797d0d-2d4a-456d-9b24-1d63a5102722: receive RaftClientReply:client-859D8C9D7B89->65797d0d-2d4a-456d-9b24-1d63a5102722@group-BA7C392EEBCA, cid=1352, SUCCESS, logIndex=1898, commits[65797d0d-2d4a-456d-9b24-1d63a5102722:c1899, aca3f3a4-0773-4ff1-9bb5-1a871868fd09:c1897, abe1c95d-8ae2-42e9-9d83-236e3c187d51:c1897]
2019-07-09 04:31:23,981 INFO  client.GrpcClientProtocolClient (GrpcClientProtocolClient.java:onNext(255)) - client-859D8C9D7B89->65797d0d-2d4a-456d-9b24-1d63a5102722: receive RaftClientReply:client-859D8C9D7B89->65797d0d-2d4a-456d-9b24-1d63a5102722@group-BA7C392EEBCA, cid=1353, SUCCESS, logIndex=1899, commits[65797d0d-2d4a-456d-9b24-1d63a5102722:c1899, aca3f3a4-0773-4ff1-9bb5-1a871868fd09:c1897, abe1c95d-8ae2-42e9-9d83-236e3c187d51:c1897]
2019-07-09 04:31:24,004 INFO  client.GrpcClientProtocolClient (GrpcClientProtocolClient.java:onNext(255)) - client-859D8C9D7B89->65797d0d-2d4a-456d-9b24-1d63a5102722: receive RaftClientReply:client-859D8C9D7B89->65797d0d-2d4a-456d-9b24-1d63a5102722@group-BA7C392EEBCA, cid=1354, SUCCESS, logIndex=1902, commits[65797d0d-2d4a-456d-9b24-1d63a5102722:c1903, aca3f3a4-0773-4ff1-9bb5-1a871868fd09:c1899, abe1c95d-8ae2-42e9-9d83-236e3c187d51:c1899]
2019-07-09 04:31:24,004 INFO  client.GrpcClientProtocolClient (GrpcClientProtocolClient.java:onNext(255)) - client-859D8C9D7B89->65797d0d-2d4a-456d-9b24-1d63a5102722: receive RaftClientReply:client-859D8C9D7B89->65797d0d-2d4a-456d-9b24-1d63a5102722@group-BA7C392EEBCA, cid=1355, SUCCESS, logIndex=1903, commits[65797d0d-2d4a-456d-9b24-1d63a5102722:c1903, aca3f3a4-0773-4ff1-9bb5-1a871868fd09:c1899, abe1c95d-8ae2-42e9-9d83-236e3c187d51:c1899]
2019-07-09 04:31:24,007 INFO  client.GrpcClientProtocolClient (GrpcClientProtocolClient.java:onNext(255)) - client-859D8C9D7B89->65797d0d-2d4a-456d-9b24-1d63a5102722: receive RaftClientReply:client-859D8C9D7B89->65797d0d-2d4a-456d-9b24-1d63a5102722@group-BA7C392EEBCA, cid=1356, SUCCESS, logIndex=0, commits[65797d0d-2d4a-456d-9b24-1d63a5102722:c1905, aca3f3a4-0773-4ff1-9bb5-1a871868fd09:c1903, abe1c95d-8ae2-42e9-9d83-236e3c187d51:c1903]
2019-07-09 04:31:24,032 INFO  client.GrpcClientProtocolClient (GrpcClientProtocolClient.java:onNext(255)) - client-859D8C9D7B89->65797d0d-2d4a-456d-9b24-1d63a5102722: receive RaftClientReply:client-859D8C9D7B89->65797d0d-2d4a-456d-9b24-1d63a5102722@group-BA7C392EEBCA, cid=1357, SUCCESS, logIndex=1906, commits[65797d0d-2d4a-456d-9b24-1d63a5102722:c1907, aca3f3a4-0773-4ff1-9bb5-1a871868fd09:c1905, abe1c95d-8ae2-42e9-9d83-236e3c187d51:c1905]
2019-07-09 04:31:24,033 INFO  client.GrpcClientProtocolClient (GrpcClientProtocolClient.java:onNext(255)) - client-859D8C9D7B89->65797d0d-2d4a-456d-9b24-1d63a5102722: receive RaftClientReply:client-859D8C9D7B89->65797d0d-2d4a-456d-9b24-1d63a5102722@group-BA7C392EEBCA, cid=1358, SUCCESS, logIndex=1907, commits[65797d0d-2d4a-456d-9b24-1d63a5102722:c1907, aca3f3a4-0773-4ff1-9bb5-1a871868fd09:c1905, abe1c95d-8ae2-42e9-9d83-236e3c187d51:c1905]
2019-07-09 04:31:24,033 INFO  client.GrpcClientProtocolClient (GrpcClientProtocolClient.java:onNext(255)) - client-859D8C9D7B89->65797d0d-2d4a-456d-9b24-1d63a5102722: receive RaftClientReply:client-859D8C9D7B89->65797d0d-2d4a-456d-9b24-1d63a5102722@group-BA7C392EEBCA, cid=1359, SUCCESS, logIndex=1908, commits[65797d0d-2d4a-456d-9b24-1d63a5102722:c1909, aca3f3a4-0773-4ff1-9bb5-1a871868fd09:c1905, abe1c95d-8ae2-42e9-9d83-236e3c187d51:c1905]
2019-07-09 04:31:24,034 INFO  client.GrpcClientProtocolClient (GrpcClientProtocolClient.java:onNext(255)) - client-859D8C9D7B89->65797d0d-2d4a-456d-9b24-1d63a5102722: receive RaftClientReply:client-859D8C9D7B89->65797d0d-2d4a-456d-9b24-1d63a5102722@group-BA7C392EEBCA, cid=1360, SUCCESS, logIndex=1909, commits[65797d0d-2d4a-456d-9b24-1d63a5102722:c1909, aca3f3a4-0773-4ff1-9bb5-1a871868fd09:c1905, abe1c95d-8ae2-42e9-9d83-236e3c187d51:c1905]
2019-07-09 04:31:24,035 INFO  client.GrpcClientProtocolClient (GrpcClientProtocolClient.java:onNext(255)) - client-859D8C9D7B89->65797d0d-2d4a-456d-9b24-1d63a5102722: receive RaftClientReply:client-859D8C9D7B89->65797d0d-2d4a-456d-9b24-1d63a5102722@group-BA7C392EEBCA, cid=1361, SUCCESS, logIndex=0, commits[65797d0d-2d4a-456d-9b24-1d63a5102722:c1911, aca3f3a4-0773-4ff1-9bb5-1a871868fd09:c1907, abe1c95d-8ae2-42e9-9d83-236e3c187d51:c1907]
2019-07-09 04:31:24,056 INFO  client.GrpcClientProtocolClient (GrpcClientProtocolClient.java:onNext(255)) - client-859D8C9D7B89->65797d0d-2d4a-456d-9b24-1d63a5102722: receive RaftClientReply:client-859D8C9D7B89->65797d0d-2d4a-456d-9b24-1d63a5102722@group-BA7C392EEBCA, cid=1362, SUCCESS, logIndex=1914, commits[65797d0d-2d4a-456d-9b24-1d63a5102722:c1915, aca3f3a4-0773-4ff1-9bb5-1a871868fd09:c1913, abe1c95d-8ae2-42e9-9d83-236e3c187d51:c1913]
2019-07-09 04:31:24,057 INFO  client.GrpcClientProtocolClient (GrpcClientProtocolClient.java:onNext(255)) - client-859D8C9D7B89->65797d0d-2d4a-456d-9b24-1d63a5102722: receive RaftClientReply:client-859D8C9D7B89->65797d0d-2d4a-456d-9b24-1d63a5102722@group-BA7C392EEBCA, cid=1363, SUCCESS, logIndex=1915, commits[65797d0d-2d4a-456d-9b24-1d63a5102722:c1915, aca3f3a4-0773-4ff1-9bb5-1a871868fd09:c1913, abe1c95d-8ae2-42e9-9d83-236e3c187d51:c1913]
2019-07-09 04:31:24,070 INFO  client.GrpcClientProtocolClient (GrpcClientProtocolClient.java:onNext(255)) - client-859D8C9D7B89->65797d0d-2d4a-456d-9b24-1d63a5102722: receive RaftClientReply:client-859D8C9D7B89->65797d0d-2d4a-456d-9b24-1d63a5102722@group-BA7C392EEBCA, cid=1364, SUCCESS, logIndex=1918, commits[65797d0d-2d4a-456d-9b24-1d63a5102722:c1918, aca3f3a4-0773-4ff1-9bb5-1a871868fd09:c1915, abe1c95d-8ae2-42e9-9d83-236e3c187d51:c1915]
2019-07-09 04:31:24,070 INFO  client.GrpcClientProtocolClient (GrpcClientProtocolClient.java:onNext(255)) - client-859D8C9D7B89->65797d0d-2d4a-456d-9b24-1d63a5102722: receive RaftClientReply:client-859D8C9D7B89->65797d0d-2d4a-456d-9b24-1d63a5102722@group-BA7C392EEBCA, cid=1365, SUCCESS, logIndex=1919, commits[65797d0d-2d4a-456d-9b24-1d63a5102722:c1919, aca3f3a4-0773-4ff1-9bb5-1a871868fd09:c1915, abe1c95d-8ae2-42e9-9d83-236e3c187d51:c1915]
2019-07-09 04:31:24,083 INFO  client.GrpcClientProtocolClient (GrpcClientProtocolClient.java:onNext(255)) - client-859D8C9D7B89->65797d0d-2d4a-456d-9b24-1d63a5102722: receive RaftClientReply:client-859D8C9D7B89->65797d0d-2d4a-456d-9b24-1d63a5102722@group-BA7C392EEBCA, cid=1366, SUCCESS, logIndex=0, commits[65797d0d-2d4a-456d-9b24-1d63a5102722:c1921, aca3f3a4-0773-4ff1-9bb5-1a871868fd09:c1919, abe1c95d-8ae2-42e9-9d83-236e3c187d51:c1919]
2019-07-09 04:31:24,110 INFO  client.GrpcClientProtocolClient (GrpcClientProtocolClient.java:onNext(255)) - client-859D8C9D7B89->65797d0d-2d4a-456d-9b24-1d63a5102722: receive RaftClientReply:client-859D8C9D7B89->65797d0d-2d4a-456d-9b24-1d63a5102722@group-BA7C392EEBCA, cid=1367, SUCCESS, logIndex=1922, commits[65797d0d-2d4a-456d-9b24-1d63a5102722:c1923, aca3f3a4-0773-4ff1-9bb5-1a871868fd09:c1921, abe1c95d-8ae2-42e9-9d83-236e3c187d51:c1921]
2019-07-09 04:31:24,110 INFO  client.GrpcClientProtocolClient (GrpcClientProtocolClient.java:onNext(255)) - client-859D8C9D7B89->65797d0d-2d4a-456d-9b24-1d63a5102722: receive RaftClientReply:client-859D8C9D7B89->65797d0d-2d4a-456d-9b24-1d63a5102722@group-BA7C392EEBCA, cid=1368, SUCCESS, logIndex=1923, commits[65797d0d-2d4a-456d-9b24-1d63a5102722:c1925, aca3f3a4-0773-4ff1-9bb5-1a871868fd09:c1921, abe1c95d-8ae2-42e9-9d83-236e3c187d51:c1921]
2019-07-09 04:31:24,111 INFO  client.GrpcClientProtocolClient (GrpcClientProtocolClient.java:onNext(255)) - client-859D8C9D7B89->65797d0d-2d4a-456d-9b24-1d63a5102722: receive RaftClientReply:client-859D8C9D7B89->65797d0d-2d4a-456d-9b24-1d63a5102722@group-BA7C392EEBCA, cid=1369, SUCCESS, logIndex=1924, commits[65797d0d-2d4a-456d-9b24-1d63a5102722:c1925, aca3f3a4-0773-4ff1-9bb5-1a871868fd09:c1921, abe1c95d-8ae2-42e9-9d83-236e3c187d51:c1921]
2019-07-09 04:31:24,112 INFO  client.GrpcClientProtocolClient (GrpcClientProtocolClient.java:onNext(255)) - client-859D8C9D7B89->65797d0d-2d4a-456d-9b24-1d63a5102722: receive RaftClientReply:client-859D8C9D7B89->65797d0d-2d4a-456d-9b24-1d63a5102722@group-BA7C392EEBCA, cid=1370, SUCCESS, logIndex=1925, commits[65797d0d-2d4a-456d-9b24-1d63a5102722:c1925, aca3f3a4-0773-4ff1-9bb5-1a871868fd09:c1921, abe1c95d-8ae2-42e9-9d83-236e3c187d51:c1921]
2019-07-09 04:31:24,114 INFO  client.GrpcClientProtocolClient (GrpcClientProtocolClient.java:onNext(255)) - client-859D8C9D7B89->65797d0d-2d4a-456d-9b24-1d63a5102722: receive RaftClientReply:client-859D8C9D7B89->65797d0d-2d4a-456d-9b24-1d63a5102722@group-BA7C392EEBCA, cid=1371, SUCCESS, logIndex=0, commits[65797d0d-2d4a-456d-9b24-1d63a5102722:c1928, aca3f3a4-0773-4ff1-9bb5-1a871868fd09:c1925, abe1c95d-8ae2-42e9-9d83-236e3c187d51:c1925]
2019-07-09 04:31:24,134 INFO  client.GrpcClientProtocolClient (GrpcClientProtocolClient.java:onNext(255)) - client-859D8C9D7B89->65797d0d-2d4a-456d-9b24-1d63a5102722: receive RaftClientReply:client-859D8C9D7B89->65797d0d-2d4a-456d-9b24-1d63a5102722@group-BA7C392EEBCA, cid=1372, SUCCESS, logIndex=1929, commits[65797d0d-2d4a-456d-9b24-1d63a5102722:c1930, aca3f3a4-0773-4ff1-9bb5-1a871868fd09:c1928, abe1c95d-8ae2-42e9-9d83-236e3c187d51:c1928]
2019-07-09 04:31:24,134 INFO  client.GrpcClientProtocolClient (GrpcClientProtocolClient.java:onNext(255)) - client-859D8C9D7B89->65797d0d-2d4a-456d-9b24-1d63a5102722: receive RaftClientReply:client-859D8C9D7B89->65797d0d-2d4a-456d-9b24-1d63a5102722@group-BA7C392EEBCA, cid=1373, SUCCESS, logIndex=1930, commits[65797d0d-2d4a-456d-9b24-1d63a5102722:c1930, aca3f3a4-0773-4ff1-9bb5-1a871868fd09:c1928, abe1c95d-8ae2-42e9-9d83-236e3c187d51:c1928]
2019-07-09 04:31:24,147 INFO  client.GrpcClientProtocolClient (GrpcClientProtocolClient.java:onNext(255)) - client-859D8C9D7B89->65797d0d-2d4a-456d-9b24-1d63a5102722: receive RaftClientReply:client-859D8C9D7B89->65797d0d-2d4a-456d-9b24-1d63a5102722@group-BA7C392EEBCA, cid=1374, SUCCESS, logIndex=1933, commits[65797d0d-2d4a-456d-9b24-1d63a5102722:c1933, aca3f3a4-0773-4ff1-9bb5-1a871868fd09:c1930, abe1c95d-8ae2-42e9-9d83-236e3c187d51:c1930]
2019-07-09 04:31:24,147 INFO  client.GrpcClientProtocolClient (GrpcClientProtocolClient.java:onNext(255)) - client-859D8C9D7B89->65797d0d-2d4a-456d-9b24-1d63a5102722: receive RaftClientReply:client-859D8C9D7B89->65797d0d-2d4a-456d-9b24-1d63a5102722@group-BA7C392EEBCA, cid=1375, SUCCESS, logIndex=1934, commits[65797d0d-2d4a-456d-9b24-1d63a5102722:c1934, aca3f3a4-0773-4ff1-9bb5-1a871868fd09:c1930, abe1c95d-8ae2-42e9-9d83-236e3c187d51:c1930]
2019-07-09 04:31:24,160 INFO  client.GrpcClientProtocolClient (GrpcClientProtocolClient.java:onNext(255)) - client-859D8C9D7B89->65797d0d-2d4a-456d-9b24-1d63a5102722: receive RaftClientReply:client-859D8C9D7B89->65797d0d-2d4a-456d-9b24-1d63a5102722@group-BA7C392EEBCA, cid=1376, SUCCESS, logIndex=0, commits[65797d0d-2d4a-456d-9b24-1d63a5102722:c1936, aca3f3a4-0773-4ff1-9bb5-1a871868fd09:c1934, abe1c95d-8ae2-42e9-9d83-236e3c187d51:c1934]
2019-07-09 04:31:24,187 INFO  client.GrpcClientProtocolClient (GrpcClientProtocolClient.java:onNext(255)) - client-859D8C9D7B89->65797d0d-2d4a-456d-9b24-1d63a5102722: receive RaftClientReply:client-859D8C9D7B89->65797d0d-2d4a-456d-9b24-1d63a5102722@group-BA7C392EEBCA, cid=1377, SUCCESS, logIndex=1937, commits[65797d0d-2d4a-456d-9b24-1d63a5102722:c1938, aca3f3a4-0773-4ff1-9bb5-1a871868fd09:c1936, abe1c95d-8ae2-42e9-9d83-236e3c187d51:c1936]
2019-07-09 04:31:24,187 INFO  client.GrpcClientProtocolClient (GrpcClientProtocolClient.java:onNext(255)) - client-859D8C9D7B89->65797d0d-2d4a-456d-9b24-1d63a5102722: receive RaftClientReply:client-859D8C9D7B89->65797d0d-2d4a-456d-9b24-1d63a5102722@group-BA7C392EEBCA, cid=1378, SUCCESS, logIndex=1938, commits[65797d0d-2d4a-456d-9b24-1d63a5102722:c1938, aca3f3a4-0773-4ff1-9bb5-1a871868fd09:c1936, abe1c95d-8ae2-42e9-9d83-236e3c187d51:c1936]
2019-07-09 04:31:24,188 INFO  client.GrpcClientProtocolClient (GrpcClientProtocolClient.java:onNext(255)) - client-859D8C9D7B89->65797d0d-2d4a-456d-9b24-1d63a5102722: receive RaftClientReply:client-859D8C9D7B89->65797d0d-2d4a-456d-9b24-1d63a5102722@group-BA7C392EEBCA, cid=1379, SUCCESS, logIndex=1939, commits[65797d0d-2d4a-456d-9b24-1d63a5102722:c1940, aca3f3a4-0773-4ff1-9bb5-1a871868fd09:c1936, abe1c95d-8ae2-42e9-9d83-236e3c187d51:c1936]
2019-07-09 04:31:24,188 INFO  client.GrpcClientProtocolClient (GrpcClientProtocolClient.java:onNext(255)) - client-859D8C9D7B89->65797d0d-2d4a-456d-9b24-1d63a5102722: receive RaftClientReply:client-859D8C9D7B89->65797d0d-2d4a-456d-9b24-1d63a5102722@group-BA7C392EEBCA, cid=1380, SUCCESS, logIndex=1940, commits[65797d0d-2d4a-456d-9b24-1d63a5102722:c1940, aca3f3a4-0773-4ff1-9bb5-1a871868fd09:c1936, abe1c95d-8ae2-42e9-9d83-236e3c187d51:c1936]
2019-07-09 04:31:24,190 INFO  client.GrpcClientProtocolClient (GrpcClientProtocolClient.java:onNext(255)) - client-859D8C9D7B89->65797d0d-2d4a-456d-9b24-1d63a5102722: receive RaftClientReply:client-859D8C9D7B89->65797d0d-2d4a-456d-9b24-1d63a5102722@group-BA7C392EEBCA, cid=1381, SUCCESS, logIndex=0, commits[65797d0d-2d4a-456d-9b24-1d63a5102722:c1943, aca3f3a4-0773-4ff1-9bb5-1a871868fd09:c1938, abe1c95d-8ae2-42e9-9d83-236e3c187d51:c1939]
2019-07-09 04:31:24,209 INFO  client.GrpcClientProtocolClient (GrpcClientProtocolClient.java:onNext(255)) - client-859D8C9D7B89->65797d0d-2d4a-456d-9b24-1d63a5102722: receive RaftClientReply:client-859D8C9D7B89->65797d0d-2d4a-456d-9b24-1d63a5102722@group-BA7C392EEBCA, cid=1382, SUCCESS, logIndex=1945, commits[65797d0d-2d4a-456d-9b24-1d63a5102722:c1946, aca3f3a4-0773-4ff1-9bb5-1a871868fd09:c1944, abe1c95d-8ae2-42e9-9d83-236e3c187d51:c1944]
2019-07-09 04:31:24,210 INFO  client.GrpcClientProtocolClient (GrpcClientProtocolClient.java:onNext(255)) - client-859D8C9D7B89->65797d0d-2d4a-456d-9b24-1d63a5102722: receive RaftClientReply:client-859D8C9D7B89->65797d0d-2d4a-456d-9b24-1d63a5102722@group-BA7C392EEBCA, cid=1383, SUCCESS, logIndex=1946, commits[65797d0d-2d4a-456d-9b24-1d63a5102722:c1946, aca3f3a4-0773-4ff1-9bb5-1a871868fd09:c1944, abe1c95d-8ae2-42e9-9d83-236e3c187d51:c1944]
2019-07-09 04:31:24,223 INFO  client.GrpcClientProtocolClient (GrpcClientProtocolClient.java:onNext(255)) - client-859D8C9D7B89->65797d0d-2d4a-456d-9b24-1d63a5102722: receive RaftClientReply:client-859D8C9D7B89->65797d0d-2d4a-456d-9b24-1d63a5102722@group-BA7C392EEBCA, cid=1384, SUCCESS, logIndex=1949, commits[65797d0d-2d4a-456d-9b24-1d63a5102722:c1950, aca3f3a4-0773-4ff1-9bb5-1a871868fd09:c1946, abe1c95d-8ae2-42e9-9d83-236e3c187d51:c1946]
2019-07-09 04:31:24,223 INFO  client.GrpcClientProtocolClient (GrpcClientProtocolClient.java:onNext(255)) - client-859D8C9D7B89->65797d0d-2d4a-456d-9b24-1d63a5102722: receive RaftClientReply:client-859D8C9D7B89->65797d0d-2d4a-456d-9b24-1d63a5102722@group-BA7C392EEBCA, cid=1385, SUCCESS, logIndex=1950, commits[65797d0d-2d4a-456d-9b24-1d63a5102722:c1950, aca3f3a4-0773-4ff1-9bb5-1a871868fd09:c1946, abe1c95d-8ae2-42e9-9d83-236e3c187d51:c1946]
2019-07-09 04:31:24,235 INFO  client.GrpcClientProtocolClient (GrpcClientProtocolClient.java:onNext(255)) - client-859D8C9D7B89->65797d0d-2d4a-456d-9b24-1d63a5102722: receive RaftClientReply:client-859D8C9D7B89->65797d0d-2d4a-456d-9b24-1d63a5102722@group-BA7C392EEBCA, cid=1386, SUCCESS, logIndex=0, commits[65797d0d-2d4a-456d-9b24-1d63a5102722:c1952, aca3f3a4-0773-4ff1-9bb5-1a871868fd09:c1950, abe1c95d-8ae2-42e9-9d83-236e3c187d51:c1950]
2019-07-09 04:31:24,257 INFO  client.GrpcClientProtocolClient (GrpcClientProtocolClient.java:onNext(255)) - client-859D8C9D7B89->65797d0d-2d4a-456d-9b24-1d63a5102722: receive RaftClientReply:client-859D8C9D7B89->65797d0d-2d4a-456d-9b24-1d63a5102722@group-BA7C392EEBCA, cid=1387, SUCCESS, logIndex=1953, commits[65797d0d-2d4a-456d-9b24-1d63a5102722:c1954, aca3f3a4-0773-4ff1-9bb5-1a871868fd09:c1950, abe1c95d-8ae2-42e9-9d83-236e3c187d51:c1952]
2019-07-09 04:31:24,257 INFO  client.GrpcClientProtocolClient (GrpcClientProtocolClient.java:onNext(255)) - client-859D8C9D7B89->65797d0d-2d4a-456d-9b24-1d63a5102722: receive RaftClientReply:client-859D8C9D7B89->65797d0d-2d4a-456d-9b24-1d63a5102722@group-BA7C392EEBCA, cid=1388, SUCCESS, logIndex=1954, commits[65797d0d-2d4a-456d-9b24-1d63a5102722:c1954, aca3f3a4-0773-4ff1-9bb5-1a871868fd09:c1952, abe1c95d-8ae2-42e9-9d83-236e3c187d51:c1952]
2019-07-09 04:31:24,258 INFO  client.GrpcClientProtocolClient (GrpcClientProtocolClient.java:onNext(255)) - client-859D8C9D7B89->65797d0d-2d4a-456d-9b24-1d63a5102722: receive RaftClientReply:client-859D8C9D7B89->65797d0d-2d4a-456d-9b24-1d63a5102722@group-BA7C392EEBCA, cid=1389, SUCCESS, logIndex=1955, commits[65797d0d-2d4a-456d-9b24-1d63a5102722:c1956, aca3f3a4-0773-4ff1-9bb5-1a871868fd09:c1952, abe1c95d-8ae2-42e9-9d83-236e3c187d51:c1952]
2019-07-09 04:31:24,259 INFO  client.GrpcClientProtocolClient (GrpcClientProtocolClient.java:onNext(255)) - client-859D8C9D7B89->65797d0d-2d4a-456d-9b24-1d63a5102722: receive RaftClientReply:client-859D8C9D7B89->65797d0d-2d4a-456d-9b24-1d63a5102722@group-BA7C392EEBCA, cid=1390, SUCCESS, logIndex=1956, commits[65797d0d-2d4a-456d-9b24-1d63a5102722:c1958, aca3f3a4-0773-4ff1-9bb5-1a871868fd09:c1954, abe1c95d-8ae2-42e9-9d83-236e3c187d51:c1952]
2019-07-09 04:31:24,260 INFO  client.GrpcClientProtocolClient (GrpcClientProtocolClient.java:onNext(255)) - client-859D8C9D7B89->65797d0d-2d4a-456d-9b24-1d63a5102722: receive RaftClientReply:client-859D8C9D7B89->65797d0d-2d4a-456d-9b24-1d63a5102722@group-BA7C392EEBCA, cid=1391, SUCCESS, logIndex=0, commits[65797d0d-2d4a-456d-9b24-1d63a5102722:c1959, aca3f3a4-0773-4ff1-9bb5-1a871868fd09:c1955, abe1c95d-8ae2-42e9-9d83-236e3c187d51:c1954]
2019-07-09 04:31:24,289 INFO  client.GrpcClientProtocolClient (GrpcClientProtocolClient.java:onNext(255)) - client-859D8C9D7B89->65797d0d-2d4a-456d-9b24-1d63a5102722: receive RaftClientReply:client-859D8C9D7B89->65797d0d-2d4a-456d-9b24-1d63a5102722@group-BA7C392EEBCA, cid=1392, SUCCESS, logIndex=1961, commits[65797d0d-2d4a-456d-9b24-1d63a5102722:c1962, aca3f3a4-0773-4ff1-9bb5-1a871868fd09:c1960, abe1c95d-8ae2-42e9-9d83-236e3c187d51:c1960]
2019-07-09 04:31:24,289 INFO  client.GrpcClientProtocolClient (GrpcClientProtocolClient.java:onNext(255)) - client-859D8C9D7B89->65797d0d-2d4a-456d-9b24-1d63a5102722: receive RaftClientReply:client-859D8C9D7B89->65797d0d-2d4a-456d-9b24-1d63a5102722@group-BA7C392EEBCA, cid=1393, SUCCESS, logIndex=1962, commits[65797d0d-2d4a-456d-9b24-1d63a5102722:c1962, aca3f3a4-0773-4ff1-9bb5-1a871868fd09:c1960, abe1c95d-8ae2-42e9-9d83-236e3c187d51:c1960]
2019-07-09 04:31:24,302 INFO  client.GrpcClientProtocolClient (GrpcClientProtocolClient.java:onNext(255)) - client-859D8C9D7B89->65797d0d-2d4a-456d-9b24-1d63a5102722: receive RaftClientReply:client-859D8C9D7B89->65797d0d-2d4a-456d-9b24-1d63a5102722@group-BA7C392EEBCA, cid=1394, SUCCESS, logIndex=1965, commits[65797d0d-2d4a-456d-9b24-1d63a5102722:c1966, aca3f3a4-0773-4ff1-9bb5-1a871868fd09:c1962, abe1c95d-8ae2-42e9-9d83-236e3c187d51:c1962]
2019-07-09 04:31:24,303 INFO  client.GrpcClientProtocolClient (GrpcClientProtocolClient.java:onNext(255)) - client-859D8C9D7B89->65797d0d-2d4a-456d-9b24-1d63a5102722: receive RaftClientReply:client-859D8C9D7B89->65797d0d-2d4a-456d-9b24-1d63a5102722@group-BA7C392EEBCA, cid=1395, SUCCESS, logIndex=1966, commits[65797d0d-2d4a-456d-9b24-1d63a5102722:c1966, aca3f3a4-0773-4ff1-9bb5-1a871868fd09:c1962, abe1c95d-8ae2-42e9-9d83-236e3c187d51:c1962]
2019-07-09 04:31:24,315 INFO  client.GrpcClientProtocolClient (GrpcClientProtocolClient.java:onNext(255)) - client-859D8C9D7B89->65797d0d-2d4a-456d-9b24-1d63a5102722: receive RaftClientReply:client-859D8C9D7B89->65797d0d-2d4a-456d-9b24-1d63a5102722@group-BA7C392EEBCA, cid=1396, SUCCESS, logIndex=0, commits[65797d0d-2d4a-456d-9b24-1d63a5102722:c1968, aca3f3a4-0773-4ff1-9bb5-1a871868fd09:c1966, abe1c95d-8ae2-42e9-9d83-236e3c187d51:c1966]
2019-07-09 04:31:24,344 INFO  client.GrpcClientProtocolClient (GrpcClientProtocolClient.java:onNext(255)) - client-859D8C9D7B89->65797d0d-2d4a-456d-9b24-1d63a5102722: receive RaftClientReply:client-859D8C9D7B89->65797d0d-2d4a-456d-9b24-1d63a5102722@group-BA7C392EEBCA, cid=1397, SUCCESS, logIndex=1969, commits[65797d0d-2d4a-456d-9b24-1d63a5102722:c1970, aca3f3a4-0773-4ff1-9bb5-1a871868fd09:c1968, abe1c95d-8ae2-42e9-9d83-236e3c187d51:c1968]
2019-07-09 04:31:24,345 INFO  client.GrpcClientProtocolClient (GrpcClientProtocolClient.java:onNext(255)) - client-859D8C9D7B89->65797d0d-2d4a-456d-9b24-1d63a5102722: receive RaftClientReply:client-859D8C9D7B89->65797d0d-2d4a-456d-9b24-1d63a5102722@group-BA7C392EEBCA, cid=1398, SUCCESS, logIndex=1970, commits[65797d0d-2d4a-456d-9b24-1d63a5102722:c1972, aca3f3a4-0773-4ff1-9bb5-1a871868fd09:c1968, abe1c95d-8ae2-42e9-9d83-236e3c187d51:c1968]
2019-07-09 04:31:24,345 INFO  client.GrpcClientProtocolClient (GrpcClientProtocolClient.java:onNext(255)) - client-859D8C9D7B89->65797d0d-2d4a-456d-9b24-1d63a5102722: receive RaftClientReply:client-859D8C9D7B89->65797d0d-2d4a-456d-9b24-1d63a5102722@group-BA7C392EEBCA, cid=1399, SUCCESS, logIndex=1971, commits[65797d0d-2d4a-456d-9b24-1d63a5102722:c1972, aca3f3a4-0773-4ff1-9bb5-1a871868fd09:c1968, abe1c95d-8ae2-42e9-9d83-236e3c187d51:c1968]
2019-07-09 04:31:24,345 INFO  client.GrpcClientProtocolClient (GrpcClientProtocolClient.java:onNext(255)) - client-859D8C9D7B89->65797d0d-2d4a-456d-9b24-1d63a5102722: receive RaftClientReply:client-859D8C9D7B89->65797d0d-2d4a-456d-9b24-1d63a5102722@group-BA7C392EEBCA, cid=1400, SUCCESS, logIndex=1972, commits[65797d0d-2d4a-456d-9b24-1d63a5102722:c1972, aca3f3a4-0773-4ff1-9bb5-1a871868fd09:c1968, abe1c95d-8ae2-42e9-9d83-236e3c187d51:c1968]
2019-07-09 04:31:24,347 INFO  client.GrpcClientProtocolClient (GrpcClientProtocolClient.java:onNext(255)) - client-859D8C9D7B89->65797d0d-2d4a-456d-9b24-1d63a5102722: receive RaftClientReply:client-859D8C9D7B89->65797d0d-2d4a-456d-9b24-1d63a5102722@group-BA7C392EEBCA, cid=1401, SUCCESS, logIndex=0, commits[65797d0d-2d4a-456d-9b24-1d63a5102722:c1974, aca3f3a4-0773-4ff1-9bb5-1a871868fd09:c1970, abe1c95d-8ae2-42e9-9d83-236e3c187d51:c1970]
2019-07-09 04:31:24,378 INFO  client.GrpcClientProtocolClient (GrpcClientProtocolClient.java:onNext(255)) - client-859D8C9D7B89->65797d0d-2d4a-456d-9b24-1d63a5102722: receive RaftClientReply:client-859D8C9D7B89->65797d0d-2d4a-456d-9b24-1d63a5102722@group-BA7C392EEBCA, cid=1402, SUCCESS, logIndex=1977, commits[65797d0d-2d4a-456d-9b24-1d63a5102722:c1978, aca3f3a4-0773-4ff1-9bb5-1a871868fd09:c1976, abe1c95d-8ae2-42e9-9d83-236e3c187d51:c1976]
2019-07-09 04:31:24,378 INFO  client.GrpcClientProtocolClient (GrpcClientProtocolClient.java:onNext(255)) - client-859D8C9D7B89->65797d0d-2d4a-456d-9b24-1d63a5102722: receive RaftClientReply:client-859D8C9D7B89->65797d0d-2d4a-456d-9b24-1d63a5102722@group-BA7C392EEBCA, cid=1403, SUCCESS, logIndex=1978, commits[65797d0d-2d4a-456d-9b24-1d63a5102722:c1978, aca3f3a4-0773-4ff1-9bb5-1a871868fd09:c1976, abe1c95d-8ae2-42e9-9d83-236e3c187d51:c1976]
2019-07-09 04:31:24,391 INFO  client.GrpcClientProtocolClient (GrpcClientProtocolClient.java:onNext(255)) - client-859D8C9D7B89->65797d0d-2d4a-456d-9b24-1d63a5102722: receive RaftClientReply:client-859D8C9D7B89->65797d0d-2d4a-456d-9b24-1d63a5102722@group-BA7C392EEBCA, cid=1404, SUCCESS, logIndex=1981, commits[65797d0d-2d4a-456d-9b24-1d63a5102722:c1982, aca3f3a4-0773-4ff1-9bb5-1a871868fd09:c1978, abe1c95d-8ae2-42e9-9d83-236e3c187d51:c1978]
2019-07-09 04:31:24,392 INFO  client.GrpcClientProtocolClient (GrpcClientProtocolClient.java:onNext(255)) - client-859D8C9D7B89->65797d0d-2d4a-456d-9b24-1d63a5102722: receive RaftClientReply:client-859D8C9D7B89->65797d0d-2d4a-456d-9b24-1d63a5102722@group-BA7C392EEBCA, cid=1405, SUCCESS, logIndex=1982, commits[65797d0d-2d4a-456d-9b24-1d63a5102722:c1982, aca3f3a4-0773-4ff1-9bb5-1a871868fd09:c1978, abe1c95d-8ae2-42e9-9d83-236e3c187d51:c1978]
2019-07-09 04:31:24,504 INFO  client.GrpcClientProtocolClient (GrpcClientProtocolClient.java:onNext(255)) - client-859D8C9D7B89->65797d0d-2d4a-456d-9b24-1d63a5102722: receive RaftClientReply:client-859D8C9D7B89->65797d0d-2d4a-456d-9b24-1d63a5102722@group-BA7C392EEBCA, cid=1406, SUCCESS, logIndex=0, commits[65797d0d-2d4a-456d-9b24-1d63a5102722:c1983, aca3f3a4-0773-4ff1-9bb5-1a871868fd09:c1982, abe1c95d-8ae2-42e9-9d83-236e3c187d51:c1982]
2019-07-09 04:31:24,538 INFO  client.GrpcClientProtocolClient (GrpcClientProtocolClient.java:onNext(255)) - client-859D8C9D7B89->65797d0d-2d4a-456d-9b24-1d63a5102722: receive RaftClientReply:client-859D8C9D7B89->65797d0d-2d4a-456d-9b24-1d63a5102722@group-BA7C392EEBCA, cid=1407, SUCCESS, logIndex=1985, commits[65797d0d-2d4a-456d-9b24-1d63a5102722:c1987, aca3f3a4-0773-4ff1-9bb5-1a871868fd09:c1984, abe1c95d-8ae2-42e9-9d83-236e3c187d51:c1984]
2019-07-09 04:31:24,539 INFO  client.GrpcClientProtocolClient (GrpcClientProtocolClient.java:onNext(255)) - client-859D8C9D7B89->65797d0d-2d4a-456d-9b24-1d63a5102722: receive RaftClientReply:client-859D8C9D7B89->65797d0d-2d4a-456d-9b24-1d63a5102722@group-BA7C392EEBCA, cid=1408, SUCCESS, logIndex=1986, commits[65797d0d-2d4a-456d-9b24-1d63a5102722:c1988, aca3f3a4-0773-4ff1-9bb5-1a871868fd09:c1984, abe1c95d-8ae2-42e9-9d83-236e3c187d51:c1984]
2019-07-09 04:31:24,539 INFO  client.GrpcClientProtocolClient (GrpcClientProtocolClient.java:onNext(255)) - client-859D8C9D7B89->65797d0d-2d4a-456d-9b24-1d63a5102722: receive RaftClientReply:client-859D8C9D7B89->65797d0d-2d4a-456d-9b24-1d63a5102722@group-BA7C392EEBCA, cid=1409, SUCCESS, logIndex=1987, commits[65797d0d-2d4a-456d-9b24-1d63a5102722:c1988, aca3f3a4-0773-4ff1-9bb5-1a871868fd09:c1984, abe1c95d-8ae2-42e9-9d83-236e3c187d51:c1984]
2019-07-09 04:31:24,539 INFO  client.GrpcClientProtocolClient (GrpcClientProtocolClient.java:onNext(255)) - client-859D8C9D7B89->65797d0d-2d4a-456d-9b24-1d63a5102722: receive RaftClientReply:client-859D8C9D7B89->65797d0d-2d4a-456d-9b24-1d63a5102722@group-BA7C392EEBCA, cid=1410, SUCCESS, logIndex=1988, commits[65797d0d-2d4a-456d-9b24-1d63a5102722:c1988, aca3f3a4-0773-4ff1-9bb5-1a871868fd09:c1984, abe1c95d-8ae2-42e9-9d83-236e3c187d51:c1984]
2019-07-09 04:31:24,561 INFO  client.GrpcClientProtocolClient (GrpcClientProtocolClient.java:onNext(255)) - client-859D8C9D7B89->65797d0d-2d4a-456d-9b24-1d63a5102722: receive RaftClientReply:client-859D8C9D7B89->65797d0d-2d4a-456d-9b24-1d63a5102722@group-BA7C392EEBCA, cid=1411, SUCCESS, logIndex=0, commits[65797d0d-2d4a-456d-9b24-1d63a5102722:c1989, aca3f3a4-0773-4ff1-9bb5-1a871868fd09:c1986, abe1c95d-8ae2-42e9-9d83-236e3c187d51:c1986]
2019-07-09 04:31:24,582 INFO  client.GrpcClientProtocolClient (GrpcClientProtocolClient.java:onNext(255)) - client-859D8C9D7B89->65797d0d-2d4a-456d-9b24-1d63a5102722: receive RaftClientReply:client-859D8C9D7B89->65797d0d-2d4a-456d-9b24-1d63a5102722@group-BA7C392EEBCA, cid=1412, SUCCESS, logIndex=1993, commits[65797d0d-2d4a-456d-9b24-1d63a5102722:c1994, aca3f3a4-0773-4ff1-9bb5-1a871868fd09:c1992, abe1c95d-8ae2-42e9-9d83-236e3c187d51:c1992]
2019-07-09 04:31:24,582 INFO  client.GrpcClientProtocolClient (GrpcClientProtocolClient.java:onNext(255)) - client-859D8C9D7B89->65797d0d-2d4a-456d-9b24-1d63a5102722: receive RaftClientReply:client-859D8C9D7B89->65797d0d-2d4a-456d-9b24-1d63a5102722@group-BA7C392EEBCA, cid=1413, SUCCESS, logIndex=1994, commits[65797d0d-2d4a-456d-9b24-1d63a5102722:c1994, aca3f3a4-0773-4ff1-9bb5-1a871868fd09:c1992, abe1c95d-8ae2-42e9-9d83-236e3c187d51:c1992]
2019-07-09 04:31:24,595 INFO  client.GrpcClientProtocolClient (GrpcClientProtocolClient.java:onNext(255)) - client-859D8C9D7B89->65797d0d-2d4a-456d-9b24-1d63a5102722: receive RaftClientReply:client-859D8C9D7B89->65797d0d-2d4a-456d-9b24-1d63a5102722@group-BA7C392EEBCA, cid=1414, SUCCESS, logIndex=1997, commits[65797d0d-2d4a-456d-9b24-1d63a5102722:c1998, aca3f3a4-0773-4ff1-9bb5-1a871868fd09:c1994, abe1c95d-8ae2-42e9-9d83-236e3c187d51:c1994]
2019-07-09 04:31:24,595 INFO  client.GrpcClientProtocolClient (GrpcClientProtocolClient.java:onNext(255)) - client-859D8C9D7B89->65797d0d-2d4a-456d-9b24-1d63a5102722: receive RaftClientReply:client-859D8C9D7B89->65797d0d-2d4a-456d-9b24-1d63a5102722@group-BA7C392EEBCA, cid=1415, SUCCESS, logIndex=1998, commits[65797d0d-2d4a-456d-9b24-1d63a5102722:c1998, aca3f3a4-0773-4ff1-9bb5-1a871868fd09:c1994, abe1c95d-8ae2-42e9-9d83-236e3c187d51:c1994]
2019-07-09 04:31:24,608 INFO  client.GrpcClientProtocolClient (GrpcClientProtocolClient.java:onNext(255)) - client-859D8C9D7B89->65797d0d-2d4a-456d-9b24-1d63a5102722: receive RaftClientReply:client-859D8C9D7B89->65797d0d-2d4a-456d-9b24-1d63a5102722@group-BA7C392EEBCA, cid=1416, SUCCESS, logIndex=0, commits[65797d0d-2d4a-456d-9b24-1d63a5102722:c2000, aca3f3a4-0773-4ff1-9bb5-1a871868fd09:c1998, abe1c95d-8ae2-42e9-9d83-236e3c187d51:c1998]
2019-07-09 04:31:24,636 INFO  client.GrpcClientProtocolClient (GrpcClientProtocolClient.java:onNext(255)) - client-859D8C9D7B89->65797d0d-2d4a-456d-9b24-1d63a5102722: receive RaftClientReply:client-859D8C9D7B89->65797d0d-2d4a-456d-9b24-1d63a5102722@group-BA7C392EEBCA, cid=1417, SUCCESS, logIndex=2001, commits[65797d0d-2d4a-456d-9b24-1d63a5102722:c2002, aca3f3a4-0773-4ff1-9bb5-1a871868fd09:c2000, abe1c95d-8ae2-42e9-9d83-236e3c187d51:c2000]
2019-07-09 04:31:24,636 INFO  client.GrpcClientProtocolClient (GrpcClientProtocolClient.java:onNext(255)) - client-859D8C9D7B89->65797d0d-2d4a-456d-9b24-1d63a5102722: receive RaftClientReply:client-859D8C9D7B89->65797d0d-2d4a-456d-9b24-1d63a5102722@group-BA7C392EEBCA, cid=1418, SUCCESS, logIndex=2002, commits[65797d0d-2d4a-456d-9b24-1d63a5102722:c2002, aca3f3a4-0773-4ff1-9bb5-1a871868fd09:c2000, abe1c95d-8ae2-42e9-9d83-236e3c187d51:c2000]
2019-07-09 04:31:24,639 INFO  client.GrpcClientProtocolClient (GrpcClientProtocolClient.java:onNext(255)) - client-859D8C9D7B89->65797d0d-2d4a-456d-9b24-1d63a5102722: receive RaftClientReply:client-859D8C9D7B89->65797d0d-2d4a-456d-9b24-1d63a5102722@group-BA7C392EEBCA, cid=1419, SUCCESS, logIndex=2003, commits[65797d0d-2d4a-456d-9b24-1d63a5102722:c2004, aca3f3a4-0773-4ff1-9bb5-1a871868fd09:c2000, abe1c95d-8ae2-42e9-9d83-236e3c187d51:c2000]
2019-07-09 04:31:24,639 INFO  client.GrpcClientProtocolClient (GrpcClientProtocolClient.java:onNext(255)) - client-859D8C9D7B89->65797d0d-2d4a-456d-9b24-1d63a5102722: receive RaftClientReply:client-859D8C9D7B89->65797d0d-2d4a-456d-9b24-1d63a5102722@group-BA7C392EEBCA, cid=1420, SUCCESS, logIndex=2004, commits[65797d0d-2d4a-456d-9b24-1d63a5102722:c2004, aca3f3a4-0773-4ff1-9bb5-1a871868fd09:c2000, abe1c95d-8ae2-42e9-9d83-236e3c187d51:c2000]
2019-07-09 04:31:24,647 INFO  client.GrpcClientProtocolClient (GrpcClientProtocolClient.java:onNext(255)) - client-859D8C9D7B89->65797d0d-2d4a-456d-9b24-1d63a5102722: receive RaftClientReply:client-859D8C9D7B89->65797d0d-2d4a-456d-9b24-1d63a5102722@group-BA7C392EEBCA, cid=1421, SUCCESS, logIndex=0, commits[65797d0d-2d4a-456d-9b24-1d63a5102722:c2005, aca3f3a4-0773-4ff1-9bb5-1a871868fd09:c2002, abe1c95d-8ae2-42e9-9d83-236e3c187d51:c2002]
2019-07-09 04:31:24,666 INFO  client.GrpcClientProtocolClient (GrpcClientProtocolClient.java:onNext(255)) - client-859D8C9D7B89->65797d0d-2d4a-456d-9b24-1d63a5102722: receive RaftClientReply:client-859D8C9D7B89->65797d0d-2d4a-456d-9b24-1d63a5102722@group-BA7C392EEBCA, cid=1422, SUCCESS, logIndex=2007, commits[65797d0d-2d4a-456d-9b24-1d63a5102722:c2008, aca3f3a4-0773-4ff1-9bb5-1a871868fd09:c2006, abe1c95d-8ae2-42e9-9d83-236e3c187d51:c2006]
2019-07-09 04:31:24,666 INFO  client.GrpcClientProtocolClient (GrpcClientProtocolClient.java:onNext(255)) - client-859D8C9D7B89->65797d0d-2d4a-456d-9b24-1d63a5102722: receive RaftClientReply:client-859D8C9D7B89->65797d0d-2d4a-456d-9b24-1d63a5102722@group-BA7C392EEBCA, cid=1423, SUCCESS, logIndex=2008, commits[65797d0d-2d4a-456d-9b24-1d63a5102722:c2008, aca3f3a4-0773-4ff1-9bb5-1a871868fd09:c2006, abe1c95d-8ae2-42e9-9d83-236e3c187d51:c2006]
2019-07-09 04:31:24,679 INFO  client.GrpcClientProtocolClient (GrpcClientProtocolClient.java:onNext(255)) - client-859D8C9D7B89->65797d0d-2d4a-456d-9b24-1d63a5102722: receive RaftClientReply:client-859D8C9D7B89->65797d0d-2d4a-456d-9b24-1d63a5102722@group-BA7C392EEBCA, cid=1424, SUCCESS, logIndex=2011, commits[65797d0d-2d4a-456d-9b24-1d63a5102722:c2012, aca3f3a4-0773-4ff1-9bb5-1a871868fd09:c2008, abe1c95d-8ae2-42e9-9d83-236e3c187d51:c2008]
2019-07-09 04:31:24,680 INFO  client.GrpcClientProtocolClient (GrpcClientProtocolClient.java:onNext(255)) - client-859D8C9D7B89->65797d0d-2d4a-456d-9b24-1d63a5102722: receive RaftClientReply:client-859D8C9D7B89->65797d0d-2d4a-456d-9b24-1d63a5102722@group-BA7C392EEBCA, cid=1425, SUCCESS, logIndex=2012, commits[65797d0d-2d4a-456d-9b24-1d63a5102722:c2012, aca3f3a4-0773-4ff1-9bb5-1a871868fd09:c2008, abe1c95d-8ae2-42e9-9d83-236e3c187d51:c2008]
2019-07-09 04:31:24,690 INFO  client.GrpcClientProtocolClient (GrpcClientProtocolClient.java:onNext(255)) - client-859D8C9D7B89->65797d0d-2d4a-456d-9b24-1d63a5102722: receive RaftClientReply:client-859D8C9D7B89->65797d0d-2d4a-456d-9b24-1d63a5102722@group-BA7C392EEBCA, cid=1426, SUCCESS, logIndex=0, commits[65797d0d-2d4a-456d-9b24-1d63a5102722:c2013, aca3f3a4-0773-4ff1-9bb5-1a871868fd09:c2012, abe1c95d-8ae2-42e9-9d83-236e3c187d51:c2012]
2019-07-09 04:31:24,717 INFO  client.GrpcClientProtocolClient (GrpcClientProtocolClient.java:onNext(255)) - client-859D8C9D7B89->65797d0d-2d4a-456d-9b24-1d63a5102722: receive RaftClientReply:client-859D8C9D7B89->65797d0d-2d4a-456d-9b24-1d63a5102722@group-BA7C392EEBCA, cid=1427, SUCCESS, logIndex=2015, commits[65797d0d-2d4a-456d-9b24-1d63a5102722:c2016, aca3f3a4-0773-4ff1-9bb5-1a871868fd09:c2014, abe1c95d-8ae2-42e9-9d83-236e3c187d51:c2014]
2019-07-09 04:31:24,718 INFO  client.GrpcClientProtocolClient (GrpcClientProtocolClient.java:onNext(255)) - client-859D8C9D7B89->65797d0d-2d4a-456d-9b24-1d63a5102722: receive RaftClientReply:client-859D8C9D7B89->65797d0d-2d4a-456d-9b24-1d63a5102722@group-BA7C392EEBCA, cid=1428, SUCCESS, logIndex=2016, commits[65797d0d-2d4a-456d-9b24-1d63a5102722:c2016, aca3f3a4-0773-4ff1-9bb5-1a871868fd09:c2014, abe1c95d-8ae2-42e9-9d83-236e3c187d51:c2014]
2019-07-09 04:31:24,729 INFO  client.GrpcClientProtocolClient (GrpcClientProtocolClient.java:onNext(255)) - client-859D8C9D7B89->65797d0d-2d4a-456d-9b24-1d63a5102722: receive RaftClientReply:client-859D8C9D7B89->65797d0d-2d4a-456d-9b24-1d63a5102722@group-BA7C392EEBCA, cid=1429, SUCCESS, logIndex=2017, commits[65797d0d-2d4a-456d-9b24-1d63a5102722:c2018, aca3f3a4-0773-4ff1-9bb5-1a871868fd09:c2014, abe1c95d-8ae2-42e9-9d83-236e3c187d51:c2014]
2019-07-09 04:31:24,729 INFO  client.GrpcClientProtocolClient (GrpcClientProtocolClient.java:onNext(255)) - client-859D8C9D7B89->65797d0d-2d4a-456d-9b24-1d63a5102722: receive RaftClientReply:client-859D8C9D7B89->65797d0d-2d4a-456d-9b24-1d63a5102722@group-BA7C392EEBCA, cid=1430, SUCCESS, logIndex=2018, commits[65797d0d-2d4a-456d-9b24-1d63a5102722:c2018, aca3f3a4-0773-4ff1-9bb5-1a871868fd09:c2014, abe1c95d-8ae2-42e9-9d83-236e3c187d51:c2014]
2019-07-09 04:31:24,731 INFO  client.GrpcClientProtocolClient (GrpcClientProtocolClient.java:onNext(255)) - client-859D8C9D7B89->65797d0d-2d4a-456d-9b24-1d63a5102722: receive RaftClientReply:client-859D8C9D7B89->65797d0d-2d4a-456d-9b24-1d63a5102722@group-BA7C392EEBCA, cid=1431, SUCCESS, logIndex=0, commits[65797d0d-2d4a-456d-9b24-1d63a5102722:c2020, aca3f3a4-0773-4ff1-9bb5-1a871868fd09:c2016, abe1c95d-8ae2-42e9-9d83-236e3c187d51:c2016]
2019-07-09 04:31:24,751 INFO  client.GrpcClientProtocolClient (GrpcClientProtocolClient.java:onNext(255)) - client-859D8C9D7B89->65797d0d-2d4a-456d-9b24-1d63a5102722: receive RaftClientReply:client-859D8C9D7B89->65797d0d-2d4a-456d-9b24-1d63a5102722@group-BA7C392EEBCA, cid=1432, SUCCESS, logIndex=2023, commits[65797d0d-2d4a-456d-9b24-1d63a5102722:c2024, aca3f3a4-0773-4ff1-9bb5-1a871868fd09:c2022, abe1c95d-8ae2-42e9-9d83-236e3c187d51:c2022]
2019-07-09 04:31:24,752 INFO  client.GrpcClientProtocolClient (GrpcClientProtocolClient.java:onNext(255)) - client-859D8C9D7B89->65797d0d-2d4a-456d-9b24-1d63a5102722: receive RaftClientReply:client-859D8C9D7B89->65797d0d-2d4a-456d-9b24-1d63a5102722@group-BA7C392EEBCA, cid=1433, SUCCESS, logIndex=2024, commits[65797d0d-2d4a-456d-9b24-1d63a5102722:c2024, aca3f3a4-0773-4ff1-9bb5-1a871868fd09:c2022, abe1c95d-8ae2-42e9-9d83-236e3c187d51:c2022]
2019-07-09 04:31:24,764 INFO  client.GrpcClientProtocolClient (GrpcClientProtocolClient.java:onNext(255)) - client-859D8C9D7B89->65797d0d-2d4a-456d-9b24-1d63a5102722: receive RaftClientReply:client-859D8C9D7B89->65797d0d-2d4a-456d-9b24-1d63a5102722@group-BA7C392EEBCA, cid=1434, SUCCESS, logIndex=2027, commits[65797d0d-2d4a-456d-9b24-1d63a5102722:c2028, aca3f3a4-0773-4ff1-9bb5-1a871868fd09:c2024, abe1c95d-8ae2-42e9-9d83-236e3c187d51:c2026]
2019-07-09 04:31:24,764 INFO  client.GrpcClientProtocolClient (GrpcClientProtocolClient.java:onNext(255)) - client-859D8C9D7B89->65797d0d-2d4a-456d-9b24-1d63a5102722: receive RaftClientReply:client-859D8C9D7B89->65797d0d-2d4a-456d-9b24-1d63a5102722@group-BA7C392EEBCA, cid=1435, SUCCESS, logIndex=2028, commits[65797d0d-2d4a-456d-9b24-1d63a5102722:c2028, aca3f3a4-0773-4ff1-9bb5-1a871868fd09:c2026, abe1c95d-8ae2-42e9-9d83-236e3c187d51:c2026]
2019-07-09 04:31:24,765 INFO  client.GrpcClientProtocolClient (GrpcClientProtocolClient.java:onNext(255)) - client-859D8C9D7B89->65797d0d-2d4a-456d-9b24-1d63a5102722: receive RaftClientReply:client-859D8C9D7B89->65797d0d-2d4a-456d-9b24-1d63a5102722@group-BA7C392EEBCA, cid=1436, SUCCESS, logIndex=0, commits[65797d0d-2d4a-456d-9b24-1d63a5102722:c2029, aca3f3a4-0773-4ff1-9bb5-1a871868fd09:c2028, abe1c95d-8ae2-42e9-9d83-236e3c187d51:c2028]
2019-07-09 04:31:24,803 INFO  client.GrpcClientProtocolClient (GrpcClientProtocolClient.java:onNext(255)) - client-859D8C9D7B89->65797d0d-2d4a-456d-9b24-1d63a5102722: receive RaftClientReply:client-859D8C9D7B89->65797d0d-2d4a-456d-9b24-1d63a5102722@group-BA7C392EEBCA, cid=1437, SUCCESS, logIndex=2031, commits[65797d0d-2d4a-456d-9b24-1d63a5102722:c2032, aca3f3a4-0773-4ff1-9bb5-1a871868fd09:c2030, abe1c95d-8ae2-42e9-9d83-236e3c187d51:c2030]
2019-07-09 04:31:24,804 INFO  client.GrpcClientProtocolClient (GrpcClientProtocolClient.java:onNext(255)) - client-859D8C9D7B89->65797d0d-2d4a-456d-9b24-1d63a5102722: receive RaftClientReply:client-859D8C9D7B89->65797d0d-2d4a-456d-9b24-1d63a5102722@group-BA7C392EEBCA, cid=1438, SUCCESS, logIndex=2032, commits[65797d0d-2d4a-456d-9b24-1d63a5102722:c2032, aca3f3a4-0773-4ff1-9bb5-1a871868fd09:c2030, abe1c95d-8ae2-42e9-9d83-236e3c187d51:c2030]
2019-07-09 04:31:24,815 INFO  client.GrpcClientProtocolClient (GrpcClientProtocolClient.java:onNext(255)) - client-859D8C9D7B89->65797d0d-2d4a-456d-9b24-1d63a5102722: receive RaftClientReply:client-859D8C9D7B89->65797d0d-2d4a-456d-9b24-1d63a5102722@group-BA7C392EEBCA, cid=1439, SUCCESS, logIndex=2033, commits[65797d0d-2d4a-456d-9b24-1d63a5102722:c2034, aca3f3a4-0773-4ff1-9bb5-1a871868fd09:c2030, abe1c95d-8ae2-42e9-9d83-236e3c187d51:c2030]
2019-07-09 04:31:24,815 INFO  client.GrpcClientProtocolClient (GrpcClientProtocolClient.java:onNext(255)) - client-859D8C9D7B89->65797d0d-2d4a-456d-9b24-1d63a5102722: receive RaftClientReply:client-859D8C9D7B89->65797d0d-2d4a-456d-9b24-1d63a5102722@group-BA7C392EEBCA, cid=1440, SUCCESS, logIndex=2034, commits[65797d0d-2d4a-456d-9b24-1d63a5102722:c2034, aca3f3a4-0773-4ff1-9bb5-1a871868fd09:c2030, abe1c95d-8ae2-42e9-9d83-236e3c187d51:c2030]
2019-07-09 04:31:24,816 INFO  client.GrpcClientProtocolClient (GrpcClientProtocolClient.java:onNext(255)) - client-859D8C9D7B89->65797d0d-2d4a-456d-9b24-1d63a5102722: receive RaftClientReply:client-859D8C9D7B89->65797d0d-2d4a-456d-9b24-1d63a5102722@group-BA7C392EEBCA, cid=1441, SUCCESS, logIndex=0, commits[65797d0d-2d4a-456d-9b24-1d63a5102722:c2036, aca3f3a4-0773-4ff1-9bb5-1a871868fd09:c2032, abe1c95d-8ae2-42e9-9d83-236e3c187d51:c2032]
2019-07-09 04:31:24,831 INFO  client.GrpcClientProtocolClient (GrpcClientProtocolClient.java:onNext(255)) - client-859D8C9D7B89->65797d0d-2d4a-456d-9b24-1d63a5102722: receive RaftClientReply:client-859D8C9D7B89->65797d0d-2d4a-456d-9b24-1d63a5102722@group-BA7C392EEBCA, cid=1442, SUCCESS, logIndex=2039, commits[65797d0d-2d4a-456d-9b24-1d63a5102722:c2040, aca3f3a4-0773-4ff1-9bb5-1a871868fd09:c2038, abe1c95d-8ae2-42e9-9d83-236e3c187d51:c2038]
2019-07-09 04:31:24,831 INFO  client.GrpcClientProtocolClient (GrpcClientProtocolClient.java:onNext(255)) - client-859D8C9D7B89->65797d0d-2d4a-456d-9b24-1d63a5102722: receive RaftClientReply:client-859D8C9D7B89->65797d0d-2d4a-456d-9b24-1d63a5102722@group-BA7C392EEBCA, cid=1443, SUCCESS, logIndex=2040, commits[65797d0d-2d4a-456d-9b24-1d63a5102722:c2040, aca3f3a4-0773-4ff1-9bb5-1a871868fd09:c2038, abe1c95d-8ae2-42e9-9d83-236e3c187d51:c2038]
2019-07-09 04:31:24,844 INFO  client.GrpcClientProtocolClient (GrpcClientProtocolClient.java:onNext(255)) - client-859D8C9D7B89->65797d0d-2d4a-456d-9b24-1d63a5102722: receive RaftClientReply:client-859D8C9D7B89->65797d0d-2d4a-456d-9b24-1d63a5102722@group-BA7C392EEBCA, cid=1444, SUCCESS, logIndex=2043, commits[65797d0d-2d4a-456d-9b24-1d63a5102722:c2044, aca3f3a4-0773-4ff1-9bb5-1a871868fd09:c2040, abe1c95d-8ae2-42e9-9d83-236e3c187d51:c2040]
2019-07-09 04:31:24,845 INFO  client.GrpcClientProtocolClient (GrpcClientProtocolClient.java:onNext(255)) - client-859D8C9D7B89->65797d0d-2d4a-456d-9b24-1d63a5102722: receive RaftClientReply:client-859D8C9D7B89->65797d0d-2d4a-456d-9b24-1d63a5102722@group-BA7C392EEBCA, cid=1445, SUCCESS, logIndex=2044, commits[65797d0d-2d4a-456d-9b24-1d63a5102722:c2044, aca3f3a4-0773-4ff1-9bb5-1a871868fd09:c2040, abe1c95d-8ae2-42e9-9d83-236e3c187d51:c2040]
2019-07-09 04:31:24,857 INFO  client.GrpcClientProtocolClient (GrpcClientProtocolClient.java:onNext(255)) - client-859D8C9D7B89->65797d0d-2d4a-456d-9b24-1d63a5102722: receive RaftClientReply:client-859D8C9D7B89->65797d0d-2d4a-456d-9b24-1d63a5102722@group-BA7C392EEBCA, cid=1446, SUCCESS, logIndex=0, commits[65797d0d-2d4a-456d-9b24-1d63a5102722:c2046, aca3f3a4-0773-4ff1-9bb5-1a871868fd09:c2044, abe1c95d-8ae2-42e9-9d83-236e3c187d51:c2044]
 0.00% |█                                                                                                    |  0/1 Time: 0:00:102019-07-09 04:31:24,886 INFO  client.GrpcClientProtocolClient (GrpcClientProtocolClient.java:onNext(255)) - client-859D8C9D7B89->65797d0d-2d4a-456d-9b24-1d63a5102722: receive RaftClientReply:client-859D8C9D7B89->65797d0d-2d4a-456d-9b24-1d63a5102722@group-BA7C392EEBCA, cid=1447, SUCCESS, logIndex=2047, commits[65797d0d-2d4a-456d-9b24-1d63a5102722:c2048, aca3f3a4-0773-4ff1-9bb5-1a871868fd09:c2046, abe1c95d-8ae2-42e9-9d83-236e3c187d51:c2046]
2019-07-09 04:31:24,887 INFO  client.GrpcClientProtocolClient (GrpcClientProtocolClient.java:onNext(255)) - client-859D8C9D7B89->65797d0d-2d4a-456d-9b24-1d63a5102722: receive RaftClientReply:client-859D8C9D7B89->65797d0d-2d4a-456d-9b24-1d63a5102722@group-BA7C392EEBCA, cid=1448, SUCCESS, logIndex=2048, commits[65797d0d-2d4a-456d-9b24-1d63a5102722:c2048, aca3f3a4-0773-4ff1-9bb5-1a871868fd09:c2046, abe1c95d-8ae2-42e9-9d83-236e3c187d51:c2046]
2019-07-09 04:31:24,887 INFO  client.GrpcClientProtocolClient (GrpcClientProtocolClient.java:onNext(255)) - client-859D8C9D7B89->65797d0d-2d4a-456d-9b24-1d63a5102722: receive RaftClientReply:client-859D8C9D7B89->65797d0d-2d4a-456d-9b24-1d63a5102722@group-BA7C392EEBCA, cid=1449, SUCCESS, logIndex=2049, commits[65797d0d-2d4a-456d-9b24-1d63a5102722:c2050, aca3f3a4-0773-4ff1-9bb5-1a871868fd09:c2046, abe1c95d-8ae2-42e9-9d83-236e3c187d51:c2046]
2019-07-09 04:31:24,888 INFO  client.GrpcClientProtocolClient (GrpcClientProtocolClient.java:onNext(255)) - client-859D8C9D7B89->65797d0d-2d4a-456d-9b24-1d63a5102722: receive RaftClientReply:client-859D8C9D7B89->65797d0d-2d4a-456d-9b24-1d63a5102722@group-BA7C392EEBCA, cid=1450, SUCCESS, logIndex=2050, commits[65797d0d-2d4a-456d-9b24-1d63a5102722:c2050, aca3f3a4-0773-4ff1-9bb5-1a871868fd09:c2046, abe1c95d-8ae2-42e9-9d83-236e3c187d51:c2046]
2019-07-09 04:31:24,889 INFO  client.GrpcClientProtocolClient (GrpcClientProtocolClient.java:onNext(255)) - client-859D8C9D7B89->65797d0d-2d4a-456d-9b24-1d63a5102722: receive RaftClientReply:client-859D8C9D7B89->65797d0d-2d4a-456d-9b24-1d63a5102722@group-BA7C392EEBCA, cid=1451, SUCCESS, logIndex=0, commits[65797d0d-2d4a-456d-9b24-1d63a5102722:c2052, aca3f3a4-0773-4ff1-9bb5-1a871868fd09:c2048, abe1c95d-8ae2-42e9-9d83-236e3c187d51:c2048]
2019-07-09 04:31:24,911 INFO  client.GrpcClientProtocolClient (GrpcClientProtocolClient.java:onNext(255)) - client-859D8C9D7B89->65797d0d-2d4a-456d-9b24-1d63a5102722: receive RaftClientReply:client-859D8C9D7B89->65797d0d-2d4a-456d-9b24-1d63a5102722@group-BA7C392EEBCA, cid=1452, SUCCESS, logIndex=2055, commits[65797d0d-2d4a-456d-9b24-1d63a5102722:c2056, aca3f3a4-0773-4ff1-9bb5-1a871868fd09:c2054, abe1c95d-8ae2-42e9-9d83-236e3c187d51:c2054]
2019-07-09 04:31:24,911 INFO  client.GrpcClientProtocolClient (GrpcClientProtocolClient.java:onNext(255)) - client-859D8C9D7B89->65797d0d-2d4a-456d-9b24-1d63a5102722: receive RaftClientReply:client-859D8C9D7B89->65797d0d-2d4a-456d-9b24-1d63a5102722@group-BA7C392EEBCA, cid=1453, SUCCESS, logIndex=2056, commits[65797d0d-2d4a-456d-9b24-1d63a5102722:c2056, aca3f3a4-0773-4ff1-9bb5-1a871868fd09:c2054, abe1c95d-8ae2-42e9-9d83-236e3c187d51:c2054]
2019-07-09 04:31:24,927 INFO  client.GrpcClientProtocolClient (GrpcClientProtocolClient.java:onNext(255)) - client-859D8C9D7B89->65797d0d-2d4a-456d-9b24-1d63a5102722: receive RaftClientReply:client-859D8C9D7B89->65797d0d-2d4a-456d-9b24-1d63a5102722@group-BA7C392EEBCA, cid=1454, SUCCESS, logIndex=2059, commits[65797d0d-2d4a-456d-9b24-1d63a5102722:c2060, aca3f3a4-0773-4ff1-9bb5-1a871868fd09:c2056, abe1c95d-8ae2-42e9-9d83-236e3c187d51:c2056]
2019-07-09 04:31:24,928 INFO  client.GrpcClientProtocolClient (GrpcClientProtocolClient.java:onNext(255)) - client-859D8C9D7B89->65797d0d-2d4a-456d-9b24-1d63a5102722: receive RaftClientReply:client-859D8C9D7B89->65797d0d-2d4a-456d-9b24-1d63a5102722@group-BA7C392EEBCA, cid=1455, SUCCESS, logIndex=2060, commits[65797d0d-2d4a-456d-9b24-1d63a5102722:c2060, aca3f3a4-0773-4ff1-9bb5-1a871868fd09:c2056, abe1c95d-8ae2-42e9-9d83-236e3c187d51:c2056]
2019-07-09 04:31:24,941 INFO  client.GrpcClientProtocolClient (GrpcClientProtocolClient.java:onNext(255)) - client-859D8C9D7B89->65797d0d-2d4a-456d-9b24-1d63a5102722: receive RaftClientReply:client-859D8C9D7B89->65797d0d-2d4a-456d-9b24-1d63a5102722@group-BA7C392EEBCA, cid=1456, SUCCESS, logIndex=0, commits[65797d0d-2d4a-456d-9b24-1d63a5102722:c2062, aca3f3a4-0773-4ff1-9bb5-1a871868fd09:c2060, abe1c95d-8ae2-42e9-9d83-236e3c187d51:c2060]
2019-07-09 04:31:24,969 INFO  client.GrpcClientProtocolClient (GrpcClientProtocolClient.java:onNext(255)) - client-859D8C9D7B89->65797d0d-2d4a-456d-9b24-1d63a5102722: receive RaftClientReply:client-859D8C9D7B89->65797d0d-2d4a-456d-9b24-1d63a5102722@group-BA7C392EEBCA, cid=1457, SUCCESS, logIndex=2063, commits[65797d0d-2d4a-456d-9b24-1d63a5102722:c2064, aca3f3a4-0773-4ff1-9bb5-1a871868fd09:c2062, abe1c95d-8ae2-42e9-9d83-236e3c187d51:c2062]
2019-07-09 04:31:24,970 INFO  client.GrpcClientProtocolClient (GrpcClientProtocolClient.java:onNext(255)) - client-859D8C9D7B89->65797d0d-2d4a-456d-9b24-1d63a5102722: receive RaftClientReply:client-859D8C9D7B89->65797d0d-2d4a-456d-9b24-1d63a5102722@group-BA7C392EEBCA, cid=1458, SUCCESS, logIndex=2064, commits[65797d0d-2d4a-456d-9b24-1d63a5102722:c2065, aca3f3a4-0773-4ff1-9bb5-1a871868fd09:c2062, abe1c95d-8ae2-42e9-9d83-236e3c187d51:c2062]
2019-07-09 04:31:24,970 INFO  client.GrpcClientProtocolClient (GrpcClientProtocolClient.java:onNext(255)) - client-859D8C9D7B89->65797d0d-2d4a-456d-9b24-1d63a5102722: receive RaftClientReply:client-859D8C9D7B89->65797d0d-2d4a-456d-9b24-1d63a5102722@group-BA7C392EEBCA, cid=1459, SUCCESS, logIndex=2065, commits[65797d0d-2d4a-456d-9b24-1d63a5102722:c2066, aca3f3a4-0773-4ff1-9bb5-1a871868fd09:c2062, abe1c95d-8ae2-42e9-9d83-236e3c187d51:c2062]
2019-07-09 04:31:24,970 INFO  client.GrpcClientProtocolClient (GrpcClientProtocolClient.java:onNext(255)) - client-859D8C9D7B89->65797d0d-2d4a-456d-9b24-1d63a5102722: receive RaftClientReply:client-859D8C9D7B89->65797d0d-2d4a-456d-9b24-1d63a5102722@group-BA7C392EEBCA, cid=1460, SUCCESS, logIndex=2066, commits[65797d0d-2d4a-456d-9b24-1d63a5102722:c2066, aca3f3a4-0773-4ff1-9bb5-1a871868fd09:c2062, abe1c95d-8ae2-42e9-9d83-236e3c187d51:c2062]
2019-07-09 04:31:24,972 INFO  client.GrpcClientProtocolClient (GrpcClientProtocolClient.java:onNext(255)) - client-859D8C9D7B89->65797d0d-2d4a-456d-9b24-1d63a5102722: receive RaftClientReply:client-859D8C9D7B89->65797d0d-2d4a-456d-9b24-1d63a5102722@group-BA7C392EEBCA, cid=1461, SUCCESS, logIndex=0, commits[65797d0d-2d4a-456d-9b24-1d63a5102722:c2070, aca3f3a4-0773-4ff1-9bb5-1a871868fd09:c2066, abe1c95d-8ae2-42e9-9d83-236e3c187d51:c2064]
2019-07-09 04:31:24,991 INFO  client.GrpcClientProtocolClient (GrpcClientProtocolClient.java:onNext(255)) - client-859D8C9D7B89->65797d0d-2d4a-456d-9b24-1d63a5102722: receive RaftClientReply:client-859D8C9D7B89->65797d0d-2d4a-456d-9b24-1d63a5102722@group-BA7C392EEBCA, cid=1462, SUCCESS, logIndex=2071, commits[65797d0d-2d4a-456d-9b24-1d63a5102722:c2072, aca3f3a4-0773-4ff1-9bb5-1a871868fd09:c2070, abe1c95d-8ae2-42e9-9d83-236e3c187d51:c2070]
2019-07-09 04:31:24,991 INFO  client.GrpcClientProtocolClient (GrpcClientProtocolClient.java:onNext(255)) - client-859D8C9D7B89->65797d0d-2d4a-456d-9b24-1d63a5102722: receive RaftClientReply:client-859D8C9D7B89->65797d0d-2d4a-456d-9b24-1d63a5102722@group-BA7C392EEBCA, cid=1463, SUCCESS, logIndex=2072, commits[65797d0d-2d4a-456d-9b24-1d63a5102722:c2072, aca3f3a4-0773-4ff1-9bb5-1a871868fd09:c2070, abe1c95d-8ae2-42e9-9d83-236e3c187d51:c2070]
2019-07-09 04:31:25,004 INFO  client.GrpcClientProtocolClient (GrpcClientProtocolClient.java:onNext(255)) - client-859D8C9D7B89->65797d0d-2d4a-456d-9b24-1d63a5102722: receive RaftClientReply:client-859D8C9D7B89->65797d0d-2d4a-456d-9b24-1d63a5102722@group-BA7C392EEBCA, cid=1464, SUCCESS, logIndex=2075, commits[65797d0d-2d4a-456d-9b24-1d63a5102722:c2076, aca3f3a4-0773-4ff1-9bb5-1a871868fd09:c2072, abe1c95d-8ae2-42e9-9d83-236e3c187d51:c2072]
2019-07-09 04:31:25,004 INFO  client.GrpcClientProtocolClient (GrpcClientProtocolClient.java:onNext(255)) - client-859D8C9D7B89->65797d0d-2d4a-456d-9b24-1d63a5102722: receive RaftClientReply:client-859D8C9D7B89->65797d0d-2d4a-456d-9b24-1d63a5102722@group-BA7C392EEBCA, cid=1465, SUCCESS, logIndex=2076, commits[65797d0d-2d4a-456d-9b24-1d63a5102722:c2076, aca3f3a4-0773-4ff1-9bb5-1a871868fd09:c2072, abe1c95d-8ae2-42e9-9d83-236e3c187d51:c2072]
2019-07-09 04:31:25,017 INFO  client.GrpcClientProtocolClient (GrpcClientProtocolClient.java:onNext(255)) - client-859D8C9D7B89->65797d0d-2d4a-456d-9b24-1d63a5102722: receive RaftClientReply:client-859D8C9D7B89->65797d0d-2d4a-456d-9b24-1d63a5102722@group-BA7C392EEBCA, cid=1466, SUCCESS, logIndex=0, commits[65797d0d-2d4a-456d-9b24-1d63a5102722:c2077, aca3f3a4-0773-4ff1-9bb5-1a871868fd09:c2076, abe1c95d-8ae2-42e9-9d83-236e3c187d51:c2076]
2019-07-09 04:31:25,043 INFO  client.GrpcClientProtocolClient (GrpcClientProtocolClient.java:onNext(255)) - client-859D8C9D7B89->65797d0d-2d4a-456d-9b24-1d63a5102722: receive RaftClientReply:client-859D8C9D7B89->65797d0d-2d4a-456d-9b24-1d63a5102722@group-BA7C392EEBCA, cid=1467, SUCCESS, logIndex=2079, commits[65797d0d-2d4a-456d-9b24-1d63a5102722:c2080, aca3f3a4-0773-4ff1-9bb5-1a871868fd09:c2078, abe1c95d-8ae2-42e9-9d83-236e3c187d51:c2078]
2019-07-09 04:31:25,043 INFO  client.GrpcClientProtocolClient (GrpcClientProtocolClient.java:onNext(255)) - client-859D8C9D7B89->65797d0d-2d4a-456d-9b24-1d63a5102722: receive RaftClientReply:client-859D8C9D7B89->65797d0d-2d4a-456d-9b24-1d63a5102722@group-BA7C392EEBCA, cid=1468, SUCCESS, logIndex=2080, commits[65797d0d-2d4a-456d-9b24-1d63a5102722:c2082, aca3f3a4-0773-4ff1-9bb5-1a871868fd09:c2078, abe1c95d-8ae2-42e9-9d83-236e3c187d51:c2078]
2019-07-09 04:31:25,044 INFO  client.GrpcClientProtocolClient (GrpcClientProtocolClient.java:onNext(255)) - client-859D8C9D7B89->65797d0d-2d4a-456d-9b24-1d63a5102722: receive RaftClientReply:client-859D8C9D7B89->65797d0d-2d4a-456d-9b24-1d63a5102722@group-BA7C392EEBCA, cid=1469, SUCCESS, logIndex=2081, commits[65797d0d-2d4a-456d-9b24-1d63a5102722:c2082, aca3f3a4-0773-4ff1-9bb5-1a871868fd09:c2078, abe1c95d-8ae2-42e9-9d83-236e3c187d51:c2078]
2019-07-09 04:31:25,044 INFO  client.GrpcClientProtocolClient (GrpcClientProtocolClient.java:onNext(255)) - client-859D8C9D7B89->65797d0d-2d4a-456d-9b24-1d63a5102722: receive RaftClientReply:client-859D8C9D7B89->65797d0d-2d4a-456d-9b24-1d63a5102722@group-BA7C392EEBCA, cid=1470, SUCCESS, logIndex=2082, commits[65797d0d-2d4a-456d-9b24-1d63a5102722:c2082, aca3f3a4-0773-4ff1-9bb5-1a871868fd09:c2078, abe1c95d-8ae2-42e9-9d83-236e3c187d51:c2078]
2019-07-09 04:31:25,046 INFO  client.GrpcClientProtocolClient (GrpcClientProtocolClient.java:onNext(255)) - client-859D8C9D7B89->65797d0d-2d4a-456d-9b24-1d63a5102722: receive RaftClientReply:client-859D8C9D7B89->65797d0d-2d4a-456d-9b24-1d63a5102722@group-BA7C392EEBCA, cid=1471, SUCCESS, logIndex=0, commits[65797d0d-2d4a-456d-9b24-1d63a5102722:c2084, aca3f3a4-0773-4ff1-9bb5-1a871868fd09:c2080, abe1c95d-8ae2-42e9-9d83-236e3c187d51:c2080]
2019-07-09 04:31:25,072 INFO  client.GrpcClientProtocolClient (GrpcClientProtocolClient.java:onNext(255)) - client-859D8C9D7B89->65797d0d-2d4a-456d-9b24-1d63a5102722: receive RaftClientReply:client-859D8C9D7B89->65797d0d-2d4a-456d-9b24-1d63a5102722@group-BA7C392EEBCA, cid=1472, SUCCESS, logIndex=2086, commits[65797d0d-2d4a-456d-9b24-1d63a5102722:c2087, aca3f3a4-0773-4ff1-9bb5-1a871868fd09:c2085, abe1c95d-8ae2-42e9-9d83-236e3c187d51:c2085]
2019-07-09 04:31:25,073 INFO  client.GrpcClientProtocolClient (GrpcClientProtocolClient.java:onNext(255)) - client-859D8C9D7B89->65797d0d-2d4a-456d-9b24-1d63a5102722: receive RaftClientReply:client-859D8C9D7B89->65797d0d-2d4a-456d-9b24-1d63a5102722@group-BA7C392EEBCA, cid=1473, SUCCESS, logIndex=2087, commits[65797d0d-2d4a-456d-9b24-1d63a5102722:c2087, aca3f3a4-0773-4ff1-9bb5-1a871868fd09:c2085, abe1c95d-8ae2-42e9-9d83-236e3c187d51:c2085]
2019-07-09 04:31:25,170 INFO  client.GrpcClientProtocolClient (GrpcClientProtocolClient.java:onNext(255)) - client-859D8C9D7B89->65797d0d-2d4a-456d-9b24-1d63a5102722: receive RaftClientReply:client-859D8C9D7B89->65797d0d-2d4a-456d-9b24-1d63a5102722@group-BA7C392EEBCA, cid=1474, SUCCESS, logIndex=2090, commits[65797d0d-2d4a-456d-9b24-1d63a5102722:c2091, aca3f3a4-0773-4ff1-9bb5-1a871868fd09:c2088, abe1c95d-8ae2-42e9-9d83-236e3c187d51:c2088]
2019-07-09 04:31:25,170 INFO  client.GrpcClientProtocolClient (GrpcClientProtocolClient.java:onNext(255)) - client-859D8C9D7B89->65797d0d-2d4a-456d-9b24-1d63a5102722: receive RaftClientReply:client-859D8C9D7B89->65797d0d-2d4a-456d-9b24-1d63a5102722@group-BA7C392EEBCA, cid=1475, SUCCESS, logIndex=2091, commits[65797d0d-2d4a-456d-9b24-1d63a5102722:c2091, aca3f3a4-0773-4ff1-9bb5-1a871868fd09:c2088, abe1c95d-8ae2-42e9-9d83-236e3c187d51:c2088]
2019-07-09 04:31:25,183 INFO  client.GrpcClientProtocolClient (GrpcClientProtocolClient.java:onNext(255)) - client-859D8C9D7B89->65797d0d-2d4a-456d-9b24-1d63a5102722: receive RaftClientReply:client-859D8C9D7B89->65797d0d-2d4a-456d-9b24-1d63a5102722@group-BA7C392EEBCA, cid=1476, SUCCESS, logIndex=0, commits[65797d0d-2d4a-456d-9b24-1d63a5102722:c2093, aca3f3a4-0773-4ff1-9bb5-1a871868fd09:c2091, abe1c95d-8ae2-42e9-9d83-236e3c187d51:c2091]
2019-07-09 04:31:25,213 INFO  client.GrpcClientProtocolClient (GrpcClientProtocolClient.java:onNext(255)) - client-859D8C9D7B89->65797d0d-2d4a-456d-9b24-1d63a5102722: receive RaftClientReply:client-859D8C9D7B89->65797d0d-2d4a-456d-9b24-1d63a5102722@group-BA7C392EEBCA, cid=1477, SUCCESS, logIndex=2094, commits[65797d0d-2d4a-456d-9b24-1d63a5102722:c2095, aca3f3a4-0773-4ff1-9bb5-1a871868fd09:c2093, abe1c95d-8ae2-42e9-9d83-236e3c187d51:c2093]
2019-07-09 04:31:25,213 INFO  client.GrpcClientProtocolClient (GrpcClientProtocolClient.java:onNext(255)) - client-859D8C9D7B89->65797d0d-2d4a-456d-9b24-1d63a5102722: receive RaftClientReply:client-859D8C9D7B89->65797d0d-2d4a-456d-9b24-1d63a5102722@group-BA7C392EEBCA, cid=1478, SUCCESS, logIndex=2095, commits[65797d0d-2d4a-456d-9b24-1d63a5102722:c2097, aca3f3a4-0773-4ff1-9bb5-1a871868fd09:c2093, abe1c95d-8ae2-42e9-9d83-236e3c187d51:c2093]
2019-07-09 04:31:25,214 INFO  client.GrpcClientProtocolClient (GrpcClientProtocolClient.java:onNext(255)) - client-859D8C9D7B89->65797d0d-2d4a-456d-9b24-1d63a5102722: receive RaftClientReply:client-859D8C9D7B89->65797d0d-2d4a-456d-9b24-1d63a5102722@group-BA7C392EEBCA, cid=1479, SUCCESS, logIndex=2096, commits[65797d0d-2d4a-456d-9b24-1d63a5102722:c2097, aca3f3a4-0773-4ff1-9bb5-1a871868fd09:c2093, abe1c95d-8ae2-42e9-9d83-236e3c187d51:c2093]
2019-07-09 04:31:25,214 INFO  client.GrpcClientProtocolClient (GrpcClientProtocolClient.java:onNext(255)) - client-859D8C9D7B89->65797d0d-2d4a-456d-9b24-1d63a5102722: receive RaftClientReply:client-859D8C9D7B89->65797d0d-2d4a-456d-9b24-1d63a5102722@group-BA7C392EEBCA, cid=1480, SUCCESS, logIndex=2097, commits[65797d0d-2d4a-456d-9b24-1d63a5102722:c2097, aca3f3a4-0773-4ff1-9bb5-1a871868fd09:c2093, abe1c95d-8ae2-42e9-9d83-236e3c187d51:c2094]
2019-07-09 04:31:25,215 INFO  client.GrpcClientProtocolClient (GrpcClientProtocolClient.java:onNext(255)) - client-859D8C9D7B89->65797d0d-2d4a-456d-9b24-1d63a5102722: receive RaftClientReply:client-859D8C9D7B89->65797d0d-2d4a-456d-9b24-1d63a5102722@group-BA7C392EEBCA, cid=1481, SUCCESS, logIndex=0, commits[65797d0d-2d4a-456d-9b24-1d63a5102722:c2100, aca3f3a4-0773-4ff1-9bb5-1a871868fd09:c2096, abe1c95d-8ae2-42e9-9d83-236e3c187d51:c2095]
2019-07-09 04:31:25,236 INFO  client.GrpcClientProtocolClient (GrpcClientProtocolClient.java:onNext(255)) - client-859D8C9D7B89->65797d0d-2d4a-456d-9b24-1d63a5102722: receive RaftClientReply:client-859D8C9D7B89->65797d0d-2d4a-456d-9b24-1d63a5102722@group-BA7C392EEBCA, cid=1482, SUCCESS, logIndex=2102, commits[65797d0d-2d4a-456d-9b24-1d63a5102722:c2103, aca3f3a4-0773-4ff1-9bb5-1a871868fd09:c2101, abe1c95d-8ae2-42e9-9d83-236e3c187d51:c2101]
2019-07-09 04:31:25,236 INFO  client.GrpcClientProtocolClient (GrpcClientProtocolClient.java:onNext(255)) - client-859D8C9D7B89->65797d0d-2d4a-456d-9b24-1d63a5102722: receive RaftClientReply:client-859D8C9D7B89->65797d0d-2d4a-456d-9b24-1d63a5102722@group-BA7C392EEBCA, cid=1483, SUCCESS, logIndex=2103, commits[65797d0d-2d4a-456d-9b24-1d63a5102722:c2103, aca3f3a4-0773-4ff1-9bb5-1a871868fd09:c2101, abe1c95d-8ae2-42e9-9d83-236e3c187d51:c2101]
2019-07-09 04:31:25,252 INFO  client.GrpcClientProtocolClient (GrpcClientProtocolClient.java:onNext(255)) - client-859D8C9D7B89->65797d0d-2d4a-456d-9b24-1d63a5102722: receive RaftClientReply:client-859D8C9D7B89->65797d0d-2d4a-456d-9b24-1d63a5102722@group-BA7C392EEBCA, cid=1484, SUCCESS, logIndex=2106, commits[65797d0d-2d4a-456d-9b24-1d63a5102722:c2107, aca3f3a4-0773-4ff1-9bb5-1a871868fd09:c2103, abe1c95d-8ae2-42e9-9d83-236e3c187d51:c2103]
2019-07-09 04:31:25,252 INFO  client.GrpcClientProtocolClient (GrpcClientProtocolClient.java:onNext(255)) - client-859D8C9D7B89->65797d0d-2d4a-456d-9b24-1d63a5102722: receive RaftClientReply:client-859D8C9D7B89->65797d0d-2d4a-456d-9b24-1d63a5102722@group-BA7C392EEBCA, cid=1485, SUCCESS, logIndex=2107, commits[65797d0d-2d4a-456d-9b24-1d63a5102722:c2107, aca3f3a4-0773-4ff1-9bb5-1a871868fd09:c2103, abe1c95d-8ae2-42e9-9d83-236e3c187d51:c2103]
2019-07-09 04:31:25,265 INFO  client.GrpcClientProtocolClient (GrpcClientProtocolClient.java:onNext(255)) - client-859D8C9D7B89->65797d0d-2d4a-456d-9b24-1d63a5102722: receive RaftClientReply:client-859D8C9D7B89->65797d0d-2d4a-456d-9b24-1d63a5102722@group-BA7C392EEBCA, cid=1486, SUCCESS, logIndex=0, commits[65797d0d-2d4a-456d-9b24-1d63a5102722:c2109, aca3f3a4-0773-4ff1-9bb5-1a871868fd09:c2107, abe1c95d-8ae2-42e9-9d83-236e3c187d51:c2107]
2019-07-09 04:31:25,295 INFO  client.GrpcClientProtocolClient (GrpcClientProtocolClient.java:onNext(255)) - client-859D8C9D7B89->65797d0d-2d4a-456d-9b24-1d63a5102722: receive RaftClientReply:client-859D8C9D7B89->65797d0d-2d4a-456d-9b24-1d63a5102722@group-BA7C392EEBCA, cid=1487, SUCCESS, logIndex=2110, commits[65797d0d-2d4a-456d-9b24-1d63a5102722:c2111, aca3f3a4-0773-4ff1-9bb5-1a871868fd09:c2109, abe1c95d-8ae2-42e9-9d83-236e3c187d51:c2109]
2019-07-09 04:31:25,295 INFO  client.GrpcClientProtocolClient (GrpcClientProtocolClient.java:onNext(255)) - client-859D8C9D7B89->65797d0d-2d4a-456d-9b24-1d63a5102722: receive RaftClientReply:client-859D8C9D7B89->65797d0d-2d4a-456d-9b24-1d63a5102722@group-BA7C392EEBCA, cid=1488, SUCCESS, logIndex=2111, commits[65797d0d-2d4a-456d-9b24-1d63a5102722:c2112, aca3f3a4-0773-4ff1-9bb5-1a871868fd09:c2109, abe1c95d-8ae2-42e9-9d83-236e3c187d51:c2109]
2019-07-09 04:31:25,296 INFO  client.GrpcClientProtocolClient (GrpcClientProtocolClient.java:onNext(255)) - client-859D8C9D7B89->65797d0d-2d4a-456d-9b24-1d63a5102722: receive RaftClientReply:client-859D8C9D7B89->65797d0d-2d4a-456d-9b24-1d63a5102722@group-BA7C392EEBCA, cid=1489, SUCCESS, logIndex=2112, commits[65797d0d-2d4a-456d-9b24-1d63a5102722:c2113, aca3f3a4-0773-4ff1-9bb5-1a871868fd09:c2109, abe1c95d-8ae2-42e9-9d83-236e3c187d51:c2109]
2019-07-09 04:31:25,296 INFO  client.GrpcClientProtocolClient (GrpcClientProtocolClient.java:onNext(255)) - client-859D8C9D7B89->65797d0d-2d4a-456d-9b24-1d63a5102722: receive RaftClientReply:client-859D8C9D7B89->65797d0d-2d4a-456d-9b24-1d63a5102722@group-BA7C392EEBCA, cid=1490, SUCCESS, logIndex=2113, commits[65797d0d-2d4a-456d-9b24-1d63a5102722:c2113, aca3f3a4-0773-4ff1-9bb5-1a871868fd09:c2109, abe1c95d-8ae2-42e9-9d83-236e3c187d51:c2109]
2019-07-09 04:31:25,297 INFO  client.GrpcClientProtocolClient (GrpcClientProtocolClient.java:onNext(255)) - client-859D8C9D7B89->65797d0d-2d4a-456d-9b24-1d63a5102722: receive RaftClientReply:client-859D8C9D7B89->65797d0d-2d4a-456d-9b24-1d63a5102722@group-BA7C392EEBCA, cid=1491, SUCCESS, logIndex=0, commits[65797d0d-2d4a-456d-9b24-1d63a5102722:c2116, aca3f3a4-0773-4ff1-9bb5-1a871868fd09:c2111, abe1c95d-8ae2-42e9-9d83-236e3c187d51:c2112]
2019-07-09 04:31:25,322 INFO  client.GrpcClientProtocolClient (GrpcClientProtocolClient.java:onNext(255)) - client-859D8C9D7B89->65797d0d-2d4a-456d-9b24-1d63a5102722: receive RaftClientReply:client-859D8C9D7B89->65797d0d-2d4a-456d-9b24-1d63a5102722@group-BA7C392EEBCA, cid=1492, SUCCESS, logIndex=2118, commits[65797d0d-2d4a-456d-9b24-1d63a5102722:c2119, aca3f3a4-0773-4ff1-9bb5-1a871868fd09:c2113, abe1c95d-8ae2-42e9-9d83-236e3c187d51:c2117]
2019-07-09 04:31:25,323 INFO  client.GrpcClientProtocolClient (GrpcClientProtocolClient.java:onNext(255)) - client-859D8C9D7B89->65797d0d-2d4a-456d-9b24-1d63a5102722: receive RaftClientReply:client-859D8C9D7B89->65797d0d-2d4a-456d-9b24-1d63a5102722@group-BA7C392EEBCA, cid=1493, SUCCESS, logIndex=2119, commits[65797d0d-2d4a-456d-9b24-1d63a5102722:c2119, aca3f3a4-0773-4ff1-9bb5-1a871868fd09:c2117, abe1c95d-8ae2-42e9-9d83-236e3c187d51:c2117]
2019-07-09 04:31:25,344 INFO  client.GrpcClientProtocolClient (GrpcClientProtocolClient.java:onNext(255)) - client-859D8C9D7B89->65797d0d-2d4a-456d-9b24-1d63a5102722: receive RaftClientReply:client-859D8C9D7B89->65797d0d-2d4a-456d-9b24-1d63a5102722@group-BA7C392EEBCA, cid=1494, SUCCESS, logIndex=2122, commits[65797d0d-2d4a-456d-9b24-1d63a5102722:c2123, aca3f3a4-0773-4ff1-9bb5-1a871868fd09:c2121, abe1c95d-8ae2-42e9-9d83-236e3c187d51:c2121]
2019-07-09 04:31:25,344 INFO  client.GrpcClientProtocolClient (GrpcClientProtocolClient.java:onNext(255)) - client-859D8C9D7B89->65797d0d-2d4a-456d-9b24-1d63a5102722: receive RaftClientReply:client-859D8C9D7B89->65797d0d-2d4a-456d-9b24-1d63a5102722@group-BA7C392EEBCA, cid=1495, SUCCESS, logIndex=2123, commits[65797d0d-2d4a-456d-9b24-1d63a5102722:c2123, aca3f3a4-0773-4ff1-9bb5-1a871868fd09:c2121, abe1c95d-8ae2-42e9-9d83-236e3c187d51:c2121]
2019-07-09 04:31:25,355 INFO  client.GrpcClientProtocolClient (GrpcClientProtocolClient.java:onNext(255)) - client-859D8C9D7B89->65797d0d-2d4a-456d-9b24-1d63a5102722: receive RaftClientReply:client-859D8C9D7B89->65797d0d-2d4a-456d-9b24-1d63a5102722@group-BA7C392EEBCA, cid=1496, SUCCESS, logIndex=0, commits[65797d0d-2d4a-456d-9b24-1d63a5102722:c2123, aca3f3a4-0773-4ff1-9bb5-1a871868fd09:c2123, abe1c95d-8ae2-42e9-9d83-236e3c187d51:c2123]
2019-07-09 04:31:25,384 INFO  client.GrpcClientProtocolClient (GrpcClientProtocolClient.java:onNext(255)) - client-859D8C9D7B89->65797d0d-2d4a-456d-9b24-1d63a5102722: receive RaftClientReply:client-859D8C9D7B89->65797d0d-2d4a-456d-9b24-1d63a5102722@group-BA7C392EEBCA, cid=1497, SUCCESS, logIndex=2126, commits[65797d0d-2d4a-456d-9b24-1d63a5102722:c2127, aca3f3a4-0773-4ff1-9bb5-1a871868fd09:c2125, abe1c95d-8ae2-42e9-9d83-236e3c187d51:c2125]
2019-07-09 04:31:25,385 INFO  client.GrpcClientProtocolClient (GrpcClientProtocolClient.java:onNext(255)) - client-859D8C9D7B89->65797d0d-2d4a-456d-9b24-1d63a5102722: receive RaftClientReply:client-859D8C9D7B89->65797d0d-2d4a-456d-9b24-1d63a5102722@group-BA7C392EEBCA, cid=1498, SUCCESS, logIndex=2127, commits[65797d0d-2d4a-456d-9b24-1d63a5102722:c2127, aca3f3a4-0773-4ff1-9bb5-1a871868fd09:c2125, abe1c95d-8ae2-42e9-9d83-236e3c187d51:c2125]
2019-07-09 04:31:25,396 INFO  client.GrpcClientProtocolClient (GrpcClientProtocolClient.java:onNext(255)) - client-859D8C9D7B89->65797d0d-2d4a-456d-9b24-1d63a5102722: receive RaftClientReply:client-859D8C9D7B89->65797d0d-2d4a-456d-9b24-1d63a5102722@group-BA7C392EEBCA, cid=1499, SUCCESS, logIndex=2128, commits[65797d0d-2d4a-456d-9b24-1d63a5102722:c2129, aca3f3a4-0773-4ff1-9bb5-1a871868fd09:c2125, abe1c95d-8ae2-42e9-9d83-236e3c187d51:c2125]
2019-07-09 04:31:25,396 INFO  client.GrpcClientProtocolClient (GrpcClientProtocolClient.java:onNext(255)) - client-859D8C9D7B89->65797d0d-2d4a-456d-9b24-1d63a5102722: receive RaftClientReply:client-859D8C9D7B89->65797d0d-2d4a-456d-9b24-1d63a5102722@group-BA7C392EEBCA, cid=1500, SUCCESS, logIndex=2129, commits[65797d0d-2d4a-456d-9b24-1d63a5102722:c2129, aca3f3a4-0773-4ff1-9bb5-1a871868fd09:c2125, abe1c95d-8ae2-42e9-9d83-236e3c187d51:c2125]
2019-07-09 04:31:25,397 INFO  client.GrpcClientProtocolClient (GrpcClientProtocolClient.java:onNext(255)) - client-859D8C9D7B89->65797d0d-2d4a-456d-9b24-1d63a5102722: receive RaftClientReply:client-859D8C9D7B89->65797d0d-2d4a-456d-9b24-1d63a5102722@group-BA7C392EEBCA, cid=1501, SUCCESS, logIndex=0, commits[65797d0d-2d4a-456d-9b24-1d63a5102722:c2131, aca3f3a4-0773-4ff1-9bb5-1a871868fd09:c2128, abe1c95d-8ae2-42e9-9d83-236e3c187d51:c2127]
2019-07-09 04:31:25,419 INFO  client.GrpcClientProtocolClient (GrpcClientProtocolClient.java:onNext(255)) - client-859D8C9D7B89->65797d0d-2d4a-456d-9b24-1d63a5102722: receive RaftClientReply:client-859D8C9D7B89->65797d0d-2d4a-456d-9b24-1d63a5102722@group-BA7C392EEBCA, cid=1502, SUCCESS, logIndex=2134, commits[65797d0d-2d4a-456d-9b24-1d63a5102722:c2135, aca3f3a4-0773-4ff1-9bb5-1a871868fd09:c2133, abe1c95d-8ae2-42e9-9d83-236e3c187d51:c2133]
2019-07-09 04:31:25,419 INFO  client.GrpcClientProtocolClient (GrpcClientProtocolClient.java:onNext(255)) - client-859D8C9D7B89->65797d0d-2d4a-456d-9b24-1d63a5102722: receive RaftClientReply:client-859D8C9D7B89->65797d0d-2d4a-456d-9b24-1d63a5102722@group-BA7C392EEBCA, cid=1503, SUCCESS, logIndex=2135, commits[65797d0d-2d4a-456d-9b24-1d63a5102722:c2135, aca3f3a4-0773-4ff1-9bb5-1a871868fd09:c2133, abe1c95d-8ae2-42e9-9d83-236e3c187d51:c2133]
2019-07-09 04:31:25,432 INFO  client.GrpcClientProtocolClient (GrpcClientProtocolClient.java:onNext(255)) - client-859D8C9D7B89->65797d0d-2d4a-456d-9b24-1d63a5102722: receive RaftClientReply:client-859D8C9D7B89->65797d0d-2d4a-456d-9b24-1d63a5102722@group-BA7C392EEBCA, cid=1504, SUCCESS, logIndex=2138, commits[65797d0d-2d4a-456d-9b24-1d63a5102722:c2138, aca3f3a4-0773-4ff1-9bb5-1a871868fd09:c2135, abe1c95d-8ae2-42e9-9d83-236e3c187d51:c2135]
2019-07-09 04:31:25,433 INFO  client.GrpcClientProtocolClient (GrpcClientProtocolClient.java:onNext(255)) - client-859D8C9D7B89->65797d0d-2d4a-456d-9b24-1d63a5102722: receive RaftClientReply:client-859D8C9D7B89->65797d0d-2d4a-456d-9b24-1d63a5102722@group-BA7C392EEBCA, cid=1505, SUCCESS, logIndex=2139, commits[65797d0d-2d4a-456d-9b24-1d63a5102722:c2139, aca3f3a4-0773-4ff1-9bb5-1a871868fd09:c2135, abe1c95d-8ae2-42e9-9d83-236e3c187d51:c2135]
2019-07-09 04:31:25,446 INFO  client.GrpcClientProtocolClient (GrpcClientProtocolClient.java:onNext(255)) - client-859D8C9D7B89->65797d0d-2d4a-456d-9b24-1d63a5102722: receive RaftClientReply:client-859D8C9D7B89->65797d0d-2d4a-456d-9b24-1d63a5102722@group-BA7C392EEBCA, cid=1506, SUCCESS, logIndex=0, commits[65797d0d-2d4a-456d-9b24-1d63a5102722:c2141, aca3f3a4-0773-4ff1-9bb5-1a871868fd09:c2139, abe1c95d-8ae2-42e9-9d83-236e3c187d51:c2139]
2019-07-09 04:31:25,476 INFO  client.GrpcClientProtocolClient (GrpcClientProtocolClient.java:onNext(255)) - client-859D8C9D7B89->65797d0d-2d4a-456d-9b24-1d63a5102722: receive RaftClientReply:client-859D8C9D7B89->65797d0d-2d4a-456d-9b24-1d63a5102722@group-BA7C392EEBCA, cid=1507, SUCCESS, logIndex=2142, commits[65797d0d-2d4a-456d-9b24-1d63a5102722:c2143, aca3f3a4-0773-4ff1-9bb5-1a871868fd09:c2141, abe1c95d-8ae2-42e9-9d83-236e3c187d51:c2141]
2019-07-09 04:31:25,476 INFO  client.GrpcClientProtocolClient (GrpcClientProtocolClient.java:onNext(255)) - client-859D8C9D7B89->65797d0d-2d4a-456d-9b24-1d63a5102722: receive RaftClientReply:client-859D8C9D7B89->65797d0d-2d4a-456d-9b24-1d63a5102722@group-BA7C392EEBCA, cid=1508, SUCCESS, logIndex=2143, commits[65797d0d-2d4a-456d-9b24-1d63a5102722:c2145, aca3f3a4-0773-4ff1-9bb5-1a871868fd09:c2141, abe1c95d-8ae2-42e9-9d83-236e3c187d51:c2141]
2019-07-09 04:31:25,477 INFO  client.GrpcClientProtocolClient (GrpcClientProtocolClient.java:onNext(255)) - client-859D8C9D7B89->65797d0d-2d4a-456d-9b24-1d63a5102722: receive RaftClientReply:client-859D8C9D7B89->65797d0d-2d4a-456d-9b24-1d63a5102722@group-BA7C392EEBCA, cid=1509, SUCCESS, logIndex=2144, commits[65797d0d-2d4a-456d-9b24-1d63a5102722:c2145, aca3f3a4-0773-4ff1-9bb5-1a871868fd09:c2141, abe1c95d-8ae2-42e9-9d83-236e3c187d51:c2141]
2019-07-09 04:31:25,477 INFO  client.GrpcClientProtocolClient (GrpcClientProtocolClient.java:onNext(255)) - client-859D8C9D7B89->65797d0d-2d4a-456d-9b24-1d63a5102722: receive RaftClientReply:client-859D8C9D7B89->65797d0d-2d4a-456d-9b24-1d63a5102722@group-BA7C392EEBCA, cid=1510, SUCCESS, logIndex=2145, commits[65797d0d-2d4a-456d-9b24-1d63a5102722:c2146, aca3f3a4-0773-4ff1-9bb5-1a871868fd09:c2141, abe1c95d-8ae2-42e9-9d83-236e3c187d51:c2143]
2019-07-09 04:31:25,479 INFO  client.GrpcClientProtocolClient (GrpcClientProtocolClient.java:onNext(255)) - client-859D8C9D7B89->65797d0d-2d4a-456d-9b24-1d63a5102722: receive RaftClientReply:client-859D8C9D7B89->65797d0d-2d4a-456d-9b24-1d63a5102722@group-BA7C392EEBCA, cid=1511, SUCCESS, logIndex=0, commits[65797d0d-2d4a-456d-9b24-1d63a5102722:c2147, aca3f3a4-0773-4ff1-9bb5-1a871868fd09:c2143, abe1c95d-8ae2-42e9-9d83-236e3c187d51:c2143]
2019-07-09 04:31:25,499 INFO  client.GrpcClientProtocolClient (GrpcClientProtocolClient.java:onNext(255)) - client-859D8C9D7B89->65797d0d-2d4a-456d-9b24-1d63a5102722: receive RaftClientReply:client-859D8C9D7B89->65797d0d-2d4a-456d-9b24-1d63a5102722@group-BA7C392EEBCA, cid=1512, SUCCESS, logIndex=2150, commits[65797d0d-2d4a-456d-9b24-1d63a5102722:c2151, aca3f3a4-0773-4ff1-9bb5-1a871868fd09:c2149, abe1c95d-8ae2-42e9-9d83-236e3c187d51:c2149]
2019-07-09 04:31:25,499 INFO  client.GrpcClientProtocolClient (GrpcClientProtocolClient.java:onNext(255)) - client-859D8C9D7B89->65797d0d-2d4a-456d-9b24-1d63a5102722: receive RaftClientReply:client-859D8C9D7B89->65797d0d-2d4a-456d-9b24-1d63a5102722@group-BA7C392EEBCA, cid=1513, SUCCESS, logIndex=2151, commits[65797d0d-2d4a-456d-9b24-1d63a5102722:c2151, aca3f3a4-0773-4ff1-9bb5-1a871868fd09:c2149, abe1c95d-8ae2-42e9-9d83-236e3c187d51:c2149]
2019-07-09 04:31:25,512 INFO  client.GrpcClientProtocolClient (GrpcClientProtocolClient.java:onNext(255)) - client-859D8C9D7B89->65797d0d-2d4a-456d-9b24-1d63a5102722: receive RaftClientReply:client-859D8C9D7B89->65797d0d-2d4a-456d-9b24-1d63a5102722@group-BA7C392EEBCA, cid=1514, SUCCESS, logIndex=2154, commits[65797d0d-2d4a-456d-9b24-1d63a5102722:c2155, aca3f3a4-0773-4ff1-9bb5-1a871868fd09:c2151, abe1c95d-8ae2-42e9-9d83-236e3c187d51:c2151]
2019-07-09 04:31:25,512 INFO  client.GrpcClientProtocolClient (GrpcClientProtocolClient.java:onNext(255)) - client-859D8C9D7B89->65797d0d-2d4a-456d-9b24-1d63a5102722: receive RaftClientReply:client-859D8C9D7B89->65797d0d-2d4a-456d-9b24-1d63a5102722@group-BA7C392EEBCA, cid=1515, SUCCESS, logIndex=2155, commits[65797d0d-2d4a-456d-9b24-1d63a5102722:c2155, aca3f3a4-0773-4ff1-9bb5-1a871868fd09:c2151, abe1c95d-8ae2-42e9-9d83-236e3c187d51:c2151]
2019-07-09 04:31:25,524 INFO  client.GrpcClientProtocolClient (GrpcClientProtocolClient.java:onNext(255)) - client-859D8C9D7B89->65797d0d-2d4a-456d-9b24-1d63a5102722: receive RaftClientReply:client-859D8C9D7B89->65797d0d-2d4a-456d-9b24-1d63a5102722@group-BA7C392EEBCA, cid=1516, SUCCESS, logIndex=0, commits[65797d0d-2d4a-456d-9b24-1d63a5102722:c2156, aca3f3a4-0773-4ff1-9bb5-1a871868fd09:c2155, abe1c95d-8ae2-42e9-9d83-236e3c187d51:c2155]
2019-07-09 04:31:25,567 INFO  client.GrpcClientProtocolClient (GrpcClientProtocolClient.java:onNext(255)) - client-859D8C9D7B89->65797d0d-2d4a-456d-9b24-1d63a5102722: receive RaftClientReply:client-859D8C9D7B89->65797d0d-2d4a-456d-9b24-1d63a5102722@group-BA7C392EEBCA, cid=1517, SUCCESS, logIndex=2158, commits[65797d0d-2d4a-456d-9b24-1d63a5102722:c2158, aca3f3a4-0773-4ff1-9bb5-1a871868fd09:c2157, abe1c95d-8ae2-42e9-9d83-236e3c187d51:c2157]
2019-07-09 04:31:25,568 INFO  client.GrpcClientProtocolClient (GrpcClientProtocolClient.java:onNext(255)) - client-859D8C9D7B89->65797d0d-2d4a-456d-9b24-1d63a5102722: receive RaftClientReply:client-859D8C9D7B89->65797d0d-2d4a-456d-9b24-1d63a5102722@group-BA7C392EEBCA, cid=1518, SUCCESS, logIndex=2159, commits[65797d0d-2d4a-456d-9b24-1d63a5102722:c2159, aca3f3a4-0773-4ff1-9bb5-1a871868fd09:c2157, abe1c95d-8ae2-42e9-9d83-236e3c187d51:c2157]
2019-07-09 04:31:25,569 INFO  client.GrpcClientProtocolClient (GrpcClientProtocolClient.java:onNext(255)) - client-859D8C9D7B89->65797d0d-2d4a-456d-9b24-1d63a5102722: receive RaftClientReply:client-859D8C9D7B89->65797d0d-2d4a-456d-9b24-1d63a5102722@group-BA7C392EEBCA, cid=1519, SUCCESS, logIndex=2160, commits[65797d0d-2d4a-456d-9b24-1d63a5102722:c2161, aca3f3a4-0773-4ff1-9bb5-1a871868fd09:c2157, abe1c95d-8ae2-42e9-9d83-236e3c187d51:c2157]
2019-07-09 04:31:25,569 INFO  client.GrpcClientProtocolClient (GrpcClientProtocolClient.java:onNext(255)) - client-859D8C9D7B89->65797d0d-2d4a-456d-9b24-1d63a5102722: receive RaftClientReply:client-859D8C9D7B89->65797d0d-2d4a-456d-9b24-1d63a5102722@group-BA7C392EEBCA, cid=1520, SUCCESS, logIndex=2161, commits[65797d0d-2d4a-456d-9b24-1d63a5102722:c2161, aca3f3a4-0773-4ff1-9bb5-1a871868fd09:c2157, abe1c95d-8ae2-42e9-9d83-236e3c187d51:c2157]
2019-07-09 04:31:25,580 INFO  client.GrpcClientProtocolClient (GrpcClientProtocolClient.java:onNext(255)) - client-859D8C9D7B89->65797d0d-2d4a-456d-9b24-1d63a5102722: receive RaftClientReply:client-859D8C9D7B89->65797d0d-2d4a-456d-9b24-1d63a5102722@group-BA7C392EEBCA, cid=1521, SUCCESS, logIndex=0, commits[65797d0d-2d4a-456d-9b24-1d63a5102722:c2163, aca3f3a4-0773-4ff1-9bb5-1a871868fd09:c2159, abe1c95d-8ae2-42e9-9d83-236e3c187d51:c2159]
2019-07-09 04:31:25,607 INFO  client.GrpcClientProtocolClient (GrpcClientProtocolClient.java:onNext(255)) - client-859D8C9D7B89->65797d0d-2d4a-456d-9b24-1d63a5102722: receive RaftClientReply:client-859D8C9D7B89->65797d0d-2d4a-456d-9b24-1d63a5102722@group-BA7C392EEBCA, cid=1522, SUCCESS, logIndex=2166, commits[65797d0d-2d4a-456d-9b24-1d63a5102722:c2167, aca3f3a4-0773-4ff1-9bb5-1a871868fd09:c2165, abe1c95d-8ae2-42e9-9d83-236e3c187d51:c2165]
2019-07-09 04:31:25,608 INFO  client.GrpcClientProtocolClient (GrpcClientProtocolClient.java:onNext(255)) - client-859D8C9D7B89->65797d0d-2d4a-456d-9b24-1d63a5102722: receive RaftClientReply:client-859D8C9D7B89->65797d0d-2d4a-456d-9b24-1d63a5102722@group-BA7C392EEBCA, cid=1523, SUCCESS, logIndex=2167, commits[65797d0d-2d4a-456d-9b24-1d63a5102722:c2167, aca3f3a4-0773-4ff1-9bb5-1a871868fd09:c2165, abe1c95d-8ae2-42e9-9d83-236e3c187d51:c2165]
2019-07-09 04:31:25,630 INFO  client.GrpcClientProtocolClient (GrpcClientProtocolClient.java:onNext(255)) - client-859D8C9D7B89->65797d0d-2d4a-456d-9b24-1d63a5102722: receive RaftClientReply:client-859D8C9D7B89->65797d0d-2d4a-456d-9b24-1d63a5102722@group-BA7C392EEBCA, cid=1524, SUCCESS, logIndex=2170, commits[65797d0d-2d4a-456d-9b24-1d63a5102722:c2171, aca3f3a4-0773-4ff1-9bb5-1a871868fd09:c2167, abe1c95d-8ae2-42e9-9d83-236e3c187d51:c2167]
2019-07-09 04:31:25,631 INFO  client.GrpcClientProtocolClient (GrpcClientProtocolClient.java:onNext(255)) - client-859D8C9D7B89->65797d0d-2d4a-456d-9b24-1d63a5102722: receive RaftClientReply:client-859D8C9D7B89->65797d0d-2d4a-456d-9b24-1d63a5102722@group-BA7C392EEBCA, cid=1525, SUCCESS, logIndex=2171, commits[65797d0d-2d4a-456d-9b24-1d63a5102722:c2171, aca3f3a4-0773-4ff1-9bb5-1a871868fd09:c2167, abe1c95d-8ae2-42e9-9d83-236e3c187d51:c2167]
2019-07-09 04:31:25,632 INFO  client.GrpcClientProtocolClient (GrpcClientProtocolClient.java:onNext(255)) - client-859D8C9D7B89->65797d0d-2d4a-456d-9b24-1d63a5102722: receive RaftClientReply:client-859D8C9D7B89->65797d0d-2d4a-456d-9b24-1d63a5102722@group-BA7C392EEBCA, cid=1526, SUCCESS, logIndex=0, commits[65797d0d-2d4a-456d-9b24-1d63a5102722:c2172, aca3f3a4-0773-4ff1-9bb5-1a871868fd09:c2171, abe1c95d-8ae2-42e9-9d83-236e3c187d51:c2171]
2019-07-09 04:31:25,659 INFO  client.GrpcClientProtocolClient (GrpcClientProtocolClient.java:onNext(255)) - client-859D8C9D7B89->65797d0d-2d4a-456d-9b24-1d63a5102722: receive RaftClientReply:client-859D8C9D7B89->65797d0d-2d4a-456d-9b24-1d63a5102722@group-BA7C392EEBCA, cid=1527, SUCCESS, logIndex=2174, commits[65797d0d-2d4a-456d-9b24-1d63a5102722:c2175, aca3f3a4-0773-4ff1-9bb5-1a871868fd09:c2173, abe1c95d-8ae2-42e9-9d83-236e3c187d51:c2173]
2019-07-09 04:31:25,659 INFO  client.GrpcClientProtocolClient (GrpcClientProtocolClient.java:onNext(255)) - client-859D8C9D7B89->65797d0d-2d4a-456d-9b24-1d63a5102722: receive RaftClientReply:client-859D8C9D7B89->65797d0d-2d4a-456d-9b24-1d63a5102722@group-BA7C392EEBCA, cid=1528, SUCCESS, logIndex=2175, commits[65797d0d-2d4a-456d-9b24-1d63a5102722:c2177, aca3f3a4-0773-4ff1-9bb5-1a871868fd09:c2173, abe1c95d-8ae2-42e9-9d83-236e3c187d51:c2173]
2019-07-09 04:31:25,660 INFO  client.GrpcClientProtocolClient (GrpcClientProtocolClient.java:onNext(255)) - client-859D8C9D7B89->65797d0d-2d4a-456d-9b24-1d63a5102722: receive RaftClientReply:client-859D8C9D7B89->65797d0d-2d4a-456d-9b24-1d63a5102722@group-BA7C392EEBCA, cid=1529, SUCCESS, logIndex=2176, commits[65797d0d-2d4a-456d-9b24-1d63a5102722:c2177, aca3f3a4-0773-4ff1-9bb5-1a871868fd09:c2173, abe1c95d-8ae2-42e9-9d83-236e3c187d51:c2173]
2019-07-09 04:31:25,660 INFO  client.GrpcClientProtocolClient (GrpcClientProtocolClient.java:onNext(255)) - client-859D8C9D7B89->65797d0d-2d4a-456d-9b24-1d63a5102722: receive RaftClientReply:client-859D8C9D7B89->65797d0d-2d4a-456d-9b24-1d63a5102722@group-BA7C392EEBCA, cid=1530, SUCCESS, logIndex=2177, commits[65797d0d-2d4a-456d-9b24-1d63a5102722:c2177, aca3f3a4-0773-4ff1-9bb5-1a871868fd09:c2173, abe1c95d-8ae2-42e9-9d83-236e3c187d51:c2173]
2019-07-09 04:31:25,661 INFO  client.GrpcClientProtocolClient (GrpcClientProtocolClient.java:onNext(255)) - client-859D8C9D7B89->65797d0d-2d4a-456d-9b24-1d63a5102722: receive RaftClientReply:client-859D8C9D7B89->65797d0d-2d4a-456d-9b24-1d63a5102722@group-BA7C392EEBCA, cid=1531, SUCCESS, logIndex=0, commits[65797d0d-2d4a-456d-9b24-1d63a5102722:c2179, aca3f3a4-0773-4ff1-9bb5-1a871868fd09:c2175, abe1c95d-8ae2-42e9-9d83-236e3c187d51:c2177]
2019-07-09 04:31:25,680 INFO  client.GrpcClientProtocolClient (GrpcClientProtocolClient.java:onNext(255)) - client-859D8C9D7B89->65797d0d-2d4a-456d-9b24-1d63a5102722: receive RaftClientReply:client-859D8C9D7B89->65797d0d-2d4a-456d-9b24-1d63a5102722@group-BA7C392EEBCA, cid=1532, SUCCESS, logIndex=2181, commits[65797d0d-2d4a-456d-9b24-1d63a5102722:c2182, aca3f3a4-0773-4ff1-9bb5-1a871868fd09:c2180, abe1c95d-8ae2-42e9-9d83-236e3c187d51:c2180]
2019-07-09 04:31:25,680 INFO  client.GrpcClientProtocolClient (GrpcClientProtocolClient.java:onNext(255)) - client-859D8C9D7B89->65797d0d-2d4a-456d-9b24-1d63a5102722: receive RaftClientReply:client-859D8C9D7B89->65797d0d-2d4a-456d-9b24-1d63a5102722@group-BA7C392EEBCA, cid=1533, SUCCESS, logIndex=2182, commits[65797d0d-2d4a-456d-9b24-1d63a5102722:c2182, aca3f3a4-0773-4ff1-9bb5-1a871868fd09:c2180, abe1c95d-8ae2-42e9-9d83-236e3c187d51:c2180]
2019-07-09 04:31:25,695 INFO  client.GrpcClientProtocolClient (GrpcClientProtocolClient.java:onNext(255)) - client-859D8C9D7B89->65797d0d-2d4a-456d-9b24-1d63a5102722: receive RaftClientReply:client-859D8C9D7B89->65797d0d-2d4a-456d-9b24-1d63a5102722@group-BA7C392EEBCA, cid=1534, SUCCESS, logIndex=2185, commits[65797d0d-2d4a-456d-9b24-1d63a5102722:c2186, aca3f3a4-0773-4ff1-9bb5-1a871868fd09:c2182, abe1c95d-8ae2-42e9-9d83-236e3c187d51:c2182]
2019-07-09 04:31:25,695 INFO  client.GrpcClientProtocolClient (GrpcClientProtocolClient.java:onNext(255)) - client-859D8C9D7B89->65797d0d-2d4a-456d-9b24-1d63a5102722: receive RaftClientReply:client-859D8C9D7B89->65797d0d-2d4a-456d-9b24-1d63a5102722@group-BA7C392EEBCA, cid=1535, SUCCESS, logIndex=2186, commits[65797d0d-2d4a-456d-9b24-1d63a5102722:c2186, aca3f3a4-0773-4ff1-9bb5-1a871868fd09:c2182, abe1c95d-8ae2-42e9-9d83-236e3c187d51:c2182]
2019-07-09 04:31:25,708 INFO  client.GrpcClientProtocolClient (GrpcClientProtocolClient.java:onNext(255)) - client-859D8C9D7B89->65797d0d-2d4a-456d-9b24-1d63a5102722: receive RaftClientReply:client-859D8C9D7B89->65797d0d-2d4a-456d-9b24-1d63a5102722@group-BA7C392EEBCA, cid=1536, SUCCESS, logIndex=0, commits[65797d0d-2d4a-456d-9b24-1d63a5102722:c2188, aca3f3a4-0773-4ff1-9bb5-1a871868fd09:c2186, abe1c95d-8ae2-42e9-9d83-236e3c187d51:c2186]
2019-07-09 04:31:25,734 INFO  client.GrpcClientProtocolClient (GrpcClientProtocolClient.java:onNext(255)) - client-859D8C9D7B89->65797d0d-2d4a-456d-9b24-1d63a5102722: receive RaftClientReply:client-859D8C9D7B89->65797d0d-2d4a-456d-9b24-1d63a5102722@group-BA7C392EEBCA, cid=1537, SUCCESS, logIndex=2189, commits[65797d0d-2d4a-456d-9b24-1d63a5102722:c2191, aca3f3a4-0773-4ff1-9bb5-1a871868fd09:c2188, abe1c95d-8ae2-42e9-9d83-236e3c187d51:c2188]
2019-07-09 04:31:25,734 INFO  client.GrpcClientProtocolClient (GrpcClientProtocolClient.java:onNext(255)) - client-859D8C9D7B89->65797d0d-2d4a-456d-9b24-1d63a5102722: receive RaftClientReply:client-859D8C9D7B89->65797d0d-2d4a-456d-9b24-1d63a5102722@group-BA7C392EEBCA, cid=1538, SUCCESS, logIndex=2190, commits[65797d0d-2d4a-456d-9b24-1d63a5102722:c2192, aca3f3a4-0773-4ff1-9bb5-1a871868fd09:c2188, abe1c95d-8ae2-42e9-9d83-236e3c187d51:c2188]
2019-07-09 04:31:25,735 INFO  client.GrpcClientProtocolClient (GrpcClientProtocolClient.java:onNext(255)) - client-859D8C9D7B89->65797d0d-2d4a-456d-9b24-1d63a5102722: receive RaftClientReply:client-859D8C9D7B89->65797d0d-2d4a-456d-9b24-1d63a5102722@group-BA7C392EEBCA, cid=1539, SUCCESS, logIndex=2191, commits[65797d0d-2d4a-456d-9b24-1d63a5102722:c2192, aca3f3a4-0773-4ff1-9bb5-1a871868fd09:c2188, abe1c95d-8ae2-42e9-9d83-236e3c187d51:c2188]
2019-07-09 04:31:25,735 INFO  client.GrpcClientProtocolClient (GrpcClientProtocolClient.java:onNext(255)) - client-859D8C9D7B89->65797d0d-2d4a-456d-9b24-1d63a5102722: receive RaftClientReply:client-859D8C9D7B89->65797d0d-2d4a-456d-9b24-1d63a5102722@group-BA7C392EEBCA, cid=1540, SUCCESS, logIndex=2192, commits[65797d0d-2d4a-456d-9b24-1d63a5102722:c2192, aca3f3a4-0773-4ff1-9bb5-1a871868fd09:c2188, abe1c95d-8ae2-42e9-9d83-236e3c187d51:c2188]
2019-07-09 04:31:25,737 INFO  client.GrpcClientProtocolClient (GrpcClientProtocolClient.java:onNext(255)) - client-859D8C9D7B89->65797d0d-2d4a-456d-9b24-1d63a5102722: receive RaftClientReply:client-859D8C9D7B89->65797d0d-2d4a-456d-9b24-1d63a5102722@group-BA7C392EEBCA, cid=1541, SUCCESS, logIndex=0, commits[65797d0d-2d4a-456d-9b24-1d63a5102722:c2194, aca3f3a4-0773-4ff1-9bb5-1a871868fd09:c2190, abe1c95d-8ae2-42e9-9d83-236e3c187d51:c2190]
2019-07-09 04:31:25,846 INFO  client.GrpcClientProtocolClient (GrpcClientProtocolClient.java:onNext(255)) - client-859D8C9D7B89->65797d0d-2d4a-456d-9b24-1d63a5102722: receive RaftClientReply:client-859D8C9D7B89->65797d0d-2d4a-456d-9b24-1d63a5102722@group-BA7C392EEBCA, cid=1542, SUCCESS, logIndex=2197, commits[65797d0d-2d4a-456d-9b24-1d63a5102722:c2198, aca3f3a4-0773-4ff1-9bb5-1a871868fd09:c2196, abe1c95d-8ae2-42e9-9d83-236e3c187d51:c2192]
2019-07-09 04:31:25,846 INFO  client.GrpcClientProtocolClient (GrpcClientProtocolClient.java:onNext(255)) - client-859D8C9D7B89->65797d0d-2d4a-456d-9b24-1d63a5102722: receive RaftClientReply:client-859D8C9D7B89->65797d0d-2d4a-456d-9b24-1d63a5102722@group-BA7C392EEBCA, cid=1543, SUCCESS, logIndex=2198, commits[65797d0d-2d4a-456d-9b24-1d63a5102722:c2198, aca3f3a4-0773-4ff1-9bb5-1a871868fd09:c2196, abe1c95d-8ae2-42e9-9d83-236e3c187d51:c2196]
2019-07-09 04:31:25,859 INFO  client.GrpcClientProtocolClient (GrpcClientProtocolClient.java:onNext(255)) - client-859D8C9D7B89->65797d0d-2d4a-456d-9b24-1d63a5102722: receive RaftClientReply:client-859D8C9D7B89->65797d0d-2d4a-456d-9b24-1d63a5102722@group-BA7C392EEBCA, cid=1544, SUCCESS, logIndex=2201, commits[65797d0d-2d4a-456d-9b24-1d63a5102722:c2202, aca3f3a4-0773-4ff1-9bb5-1a871868fd09:c2198, abe1c95d-8ae2-42e9-9d83-236e3c187d51:c2198]
2019-07-09 04:31:25,860 INFO  client.GrpcClientProtocolClient (GrpcClientProtocolClient.java:onNext(255)) - client-859D8C9D7B89->65797d0d-2d4a-456d-9b24-1d63a5102722: receive RaftClientReply:client-859D8C9D7B89->65797d0d-2d4a-456d-9b24-1d63a5102722@group-BA7C392EEBCA, cid=1545, SUCCESS, logIndex=2202, commits[65797d0d-2d4a-456d-9b24-1d63a5102722:c2202, aca3f3a4-0773-4ff1-9bb5-1a871868fd09:c2198, abe1c95d-8ae2-42e9-9d83-236e3c187d51:c2198]
2019-07-09 04:31:25,861 INFO  client.GrpcClientProtocolClient (GrpcClientProtocolClient.java:onNext(255)) - client-859D8C9D7B89->65797d0d-2d4a-456d-9b24-1d63a5102722: receive RaftClientReply:client-859D8C9D7B89->65797d0d-2d4a-456d-9b24-1d63a5102722@group-BA7C392EEBCA, cid=1546, SUCCESS, logIndex=0, commits[65797d0d-2d4a-456d-9b24-1d63a5102722:c2203, aca3f3a4-0773-4ff1-9bb5-1a871868fd09:c2202, abe1c95d-8ae2-42e9-9d83-236e3c187d51:c2202]
 0.00% |█                                                                                                    |  0/1 Time: 0:00:112019-07-09 04:31:25,892 INFO  client.GrpcClientProtocolClient (GrpcClientProtocolClient.java:onNext(255)) - client-859D8C9D7B89->65797d0d-2d4a-456d-9b24-1d63a5102722: receive RaftClientReply:client-859D8C9D7B89->65797d0d-2d4a-456d-9b24-1d63a5102722@group-BA7C392EEBCA, cid=1547, SUCCESS, logIndex=2205, commits[65797d0d-2d4a-456d-9b24-1d63a5102722:c2206, aca3f3a4-0773-4ff1-9bb5-1a871868fd09:c2204, abe1c95d-8ae2-42e9-9d83-236e3c187d51:c2204]
2019-07-09 04:31:25,893 INFO  client.GrpcClientProtocolClient (GrpcClientProtocolClient.java:onNext(255)) - client-859D8C9D7B89->65797d0d-2d4a-456d-9b24-1d63a5102722: receive RaftClientReply:client-859D8C9D7B89->65797d0d-2d4a-456d-9b24-1d63a5102722@group-BA7C392EEBCA, cid=1548, SUCCESS, logIndex=2206, commits[65797d0d-2d4a-456d-9b24-1d63a5102722:c2206, aca3f3a4-0773-4ff1-9bb5-1a871868fd09:c2204, abe1c95d-8ae2-42e9-9d83-236e3c187d51:c2204]
2019-07-09 04:31:25,893 INFO  client.GrpcClientProtocolClient (GrpcClientProtocolClient.java:onNext(255)) - client-859D8C9D7B89->65797d0d-2d4a-456d-9b24-1d63a5102722: receive RaftClientReply:client-859D8C9D7B89->65797d0d-2d4a-456d-9b24-1d63a5102722@group-BA7C392EEBCA, cid=1549, SUCCESS, logIndex=2207, commits[65797d0d-2d4a-456d-9b24-1d63a5102722:c2208, aca3f3a4-0773-4ff1-9bb5-1a871868fd09:c2204, abe1c95d-8ae2-42e9-9d83-236e3c187d51:c2204]
2019-07-09 04:31:25,894 INFO  client.GrpcClientProtocolClient (GrpcClientProtocolClient.java:onNext(255)) - client-859D8C9D7B89->65797d0d-2d4a-456d-9b24-1d63a5102722: receive RaftClientReply:client-859D8C9D7B89->65797d0d-2d4a-456d-9b24-1d63a5102722@group-BA7C392EEBCA, cid=1550, SUCCESS, logIndex=2208, commits[65797d0d-2d4a-456d-9b24-1d63a5102722:c2208, aca3f3a4-0773-4ff1-9bb5-1a871868fd09:c2204, abe1c95d-8ae2-42e9-9d83-236e3c187d51:c2204]
2019-07-09 04:31:25,895 INFO  client.GrpcClientProtocolClient (GrpcClientProtocolClient.java:onNext(255)) - client-859D8C9D7B89->65797d0d-2d4a-456d-9b24-1d63a5102722: receive RaftClientReply:client-859D8C9D7B89->65797d0d-2d4a-456d-9b24-1d63a5102722@group-BA7C392EEBCA, cid=1551, SUCCESS, logIndex=0, commits[65797d0d-2d4a-456d-9b24-1d63a5102722:c2210, aca3f3a4-0773-4ff1-9bb5-1a871868fd09:c2206, abe1c95d-8ae2-42e9-9d83-236e3c187d51:c2206]
2019-07-09 04:31:25,914 INFO  client.GrpcClientProtocolClient (GrpcClientProtocolClient.java:onNext(255)) - client-859D8C9D7B89->65797d0d-2d4a-456d-9b24-1d63a5102722: receive RaftClientReply:client-859D8C9D7B89->65797d0d-2d4a-456d-9b24-1d63a5102722@group-BA7C392EEBCA, cid=1552, SUCCESS, logIndex=2213, commits[65797d0d-2d4a-456d-9b24-1d63a5102722:c2214, aca3f3a4-0773-4ff1-9bb5-1a871868fd09:c2212, abe1c95d-8ae2-42e9-9d83-236e3c187d51:c2212]
2019-07-09 04:31:25,915 INFO  client.GrpcClientProtocolClient (GrpcClientProtocolClient.java:onNext(255)) - client-859D8C9D7B89->65797d0d-2d4a-456d-9b24-1d63a5102722: receive RaftClientReply:client-859D8C9D7B89->65797d0d-2d4a-456d-9b24-1d63a5102722@group-BA7C392EEBCA, cid=1553, SUCCESS, logIndex=2214, commits[65797d0d-2d4a-456d-9b24-1d63a5102722:c2214, aca3f3a4-0773-4ff1-9bb5-1a871868fd09:c2212, abe1c95d-8ae2-42e9-9d83-236e3c187d51:c2212]
2019-07-09 04:31:25,928 INFO  client.GrpcClientProtocolClient (GrpcClientProtocolClient.java:onNext(255)) - client-859D8C9D7B89->65797d0d-2d4a-456d-9b24-1d63a5102722: receive RaftClientReply:client-859D8C9D7B89->65797d0d-2d4a-456d-9b24-1d63a5102722@group-BA7C392EEBCA, cid=1554, SUCCESS, logIndex=2217, commits[65797d0d-2d4a-456d-9b24-1d63a5102722:c2218, aca3f3a4-0773-4ff1-9bb5-1a871868fd09:c2214, abe1c95d-8ae2-42e9-9d83-236e3c187d51:c2214]
2019-07-09 04:31:25,929 INFO  client.GrpcClientProtocolClient (GrpcClientProtocolClient.java:onNext(255)) - client-859D8C9D7B89->65797d0d-2d4a-456d-9b24-1d63a5102722: receive RaftClientReply:client-859D8C9D7B89->65797d0d-2d4a-456d-9b24-1d63a5102722@group-BA7C392EEBCA, cid=1555, SUCCESS, logIndex=2218, commits[65797d0d-2d4a-456d-9b24-1d63a5102722:c2218, aca3f3a4-0773-4ff1-9bb5-1a871868fd09:c2214, abe1c95d-8ae2-42e9-9d83-236e3c187d51:c2214]
2019-07-09 04:31:25,940 INFO  client.GrpcClientProtocolClient (GrpcClientProtocolClient.java:onNext(255)) - client-859D8C9D7B89->65797d0d-2d4a-456d-9b24-1d63a5102722: receive RaftClientReply:client-859D8C9D7B89->65797d0d-2d4a-456d-9b24-1d63a5102722@group-BA7C392EEBCA, cid=1556, SUCCESS, logIndex=0, commits[65797d0d-2d4a-456d-9b24-1d63a5102722:c2219, aca3f3a4-0773-4ff1-9bb5-1a871868fd09:c2218, abe1c95d-8ae2-42e9-9d83-236e3c187d51:c2218]
2019-07-09 04:31:25,974 INFO  client.GrpcClientProtocolClient (GrpcClientProtocolClient.java:onNext(255)) - client-859D8C9D7B89->65797d0d-2d4a-456d-9b24-1d63a5102722: receive RaftClientReply:client-859D8C9D7B89->65797d0d-2d4a-456d-9b24-1d63a5102722@group-BA7C392EEBCA, cid=1557, SUCCESS, logIndex=2221, commits[65797d0d-2d4a-456d-9b24-1d63a5102722:c2222, aca3f3a4-0773-4ff1-9bb5-1a871868fd09:c2220, abe1c95d-8ae2-42e9-9d83-236e3c187d51:c2220]
2019-07-09 04:31:25,975 INFO  client.GrpcClientProtocolClient (GrpcClientProtocolClient.java:onNext(255)) - client-859D8C9D7B89->65797d0d-2d4a-456d-9b24-1d63a5102722: receive RaftClientReply:client-859D8C9D7B89->65797d0d-2d4a-456d-9b24-1d63a5102722@group-BA7C392EEBCA, cid=1558, SUCCESS, logIndex=2222, commits[65797d0d-2d4a-456d-9b24-1d63a5102722:c2224, aca3f3a4-0773-4ff1-9bb5-1a871868fd09:c2220, abe1c95d-8ae2-42e9-9d83-236e3c187d51:c2220]
2019-07-09 04:31:25,975 INFO  client.GrpcClientProtocolClient (GrpcClientProtocolClient.java:onNext(255)) - client-859D8C9D7B89->65797d0d-2d4a-456d-9b24-1d63a5102722: receive RaftClientReply:client-859D8C9D7B89->65797d0d-2d4a-456d-9b24-1d63a5102722@group-BA7C392EEBCA, cid=1559, SUCCESS, logIndex=2223, commits[65797d0d-2d4a-456d-9b24-1d63a5102722:c2224, aca3f3a4-0773-4ff1-9bb5-1a871868fd09:c2220, abe1c95d-8ae2-42e9-9d83-236e3c187d51:c2220]
2019-07-09 04:31:25,975 INFO  client.GrpcClientProtocolClient (GrpcClientProtocolClient.java:onNext(255)) - client-859D8C9D7B89->65797d0d-2d4a-456d-9b24-1d63a5102722: receive RaftClientReply:client-859D8C9D7B89->65797d0d-2d4a-456d-9b24-1d63a5102722@group-BA7C392EEBCA, cid=1560, SUCCESS, logIndex=2224, commits[65797d0d-2d4a-456d-9b24-1d63a5102722:c2224, aca3f3a4-0773-4ff1-9bb5-1a871868fd09:c2220, abe1c95d-8ae2-42e9-9d83-236e3c187d51:c2220]
2019-07-09 04:31:25,986 INFO  client.GrpcClientProtocolClient (GrpcClientProtocolClient.java:onNext(255)) - client-859D8C9D7B89->65797d0d-2d4a-456d-9b24-1d63a5102722: receive RaftClientReply:client-859D8C9D7B89->65797d0d-2d4a-456d-9b24-1d63a5102722@group-BA7C392EEBCA, cid=1561, SUCCESS, logIndex=0, commits[65797d0d-2d4a-456d-9b24-1d63a5102722:c2225, aca3f3a4-0773-4ff1-9bb5-1a871868fd09:c2222, abe1c95d-8ae2-42e9-9d83-236e3c187d51:c2222]
2019-07-09 04:31:26,006 INFO  client.GrpcClientProtocolClient (GrpcClientProtocolClient.java:onNext(255)) - client-859D8C9D7B89->65797d0d-2d4a-456d-9b24-1d63a5102722: receive RaftClientReply:client-859D8C9D7B89->65797d0d-2d4a-456d-9b24-1d63a5102722@group-BA7C392EEBCA, cid=1562, SUCCESS, logIndex=2228, commits[65797d0d-2d4a-456d-9b24-1d63a5102722:c2229, aca3f3a4-0773-4ff1-9bb5-1a871868fd09:c2227, abe1c95d-8ae2-42e9-9d83-236e3c187d51:c2227]
2019-07-09 04:31:26,006 INFO  client.GrpcClientProtocolClient (GrpcClientProtocolClient.java:onNext(255)) - client-859D8C9D7B89->65797d0d-2d4a-456d-9b24-1d63a5102722: receive RaftClientReply:client-859D8C9D7B89->65797d0d-2d4a-456d-9b24-1d63a5102722@group-BA7C392EEBCA, cid=1563, SUCCESS, logIndex=2229, commits[65797d0d-2d4a-456d-9b24-1d63a5102722:c2229, aca3f3a4-0773-4ff1-9bb5-1a871868fd09:c2227, abe1c95d-8ae2-42e9-9d83-236e3c187d51:c2227]
2019-07-09 04:31:26,019 INFO  client.GrpcClientProtocolClient (GrpcClientProtocolClient.java:onNext(255)) - client-859D8C9D7B89->65797d0d-2d4a-456d-9b24-1d63a5102722: receive RaftClientReply:client-859D8C9D7B89->65797d0d-2d4a-456d-9b24-1d63a5102722@group-BA7C392EEBCA, cid=1564, SUCCESS, logIndex=2232, commits[65797d0d-2d4a-456d-9b24-1d63a5102722:c2233, aca3f3a4-0773-4ff1-9bb5-1a871868fd09:c2229, abe1c95d-8ae2-42e9-9d83-236e3c187d51:c2229]
2019-07-09 04:31:26,019 INFO  client.GrpcClientProtocolClient (GrpcClientProtocolClient.java:onNext(255)) - client-859D8C9D7B89->65797d0d-2d4a-456d-9b24-1d63a5102722: receive RaftClientReply:client-859D8C9D7B89->65797d0d-2d4a-456d-9b24-1d63a5102722@group-BA7C392EEBCA, cid=1565, SUCCESS, logIndex=2233, commits[65797d0d-2d4a-456d-9b24-1d63a5102722:c2233, aca3f3a4-0773-4ff1-9bb5-1a871868fd09:c2229, abe1c95d-8ae2-42e9-9d83-236e3c187d51:c2229]
2019-07-09 04:31:26,032 INFO  client.GrpcClientProtocolClient (GrpcClientProtocolClient.java:onNext(255)) - client-859D8C9D7B89->65797d0d-2d4a-456d-9b24-1d63a5102722: receive RaftClientReply:client-859D8C9D7B89->65797d0d-2d4a-456d-9b24-1d63a5102722@group-BA7C392EEBCA, cid=1566, SUCCESS, logIndex=0, commits[65797d0d-2d4a-456d-9b24-1d63a5102722:c2235, aca3f3a4-0773-4ff1-9bb5-1a871868fd09:c2233, abe1c95d-8ae2-42e9-9d83-236e3c187d51:c2233]
2019-07-09 04:31:26,059 INFO  client.GrpcClientProtocolClient (GrpcClientProtocolClient.java:onNext(255)) - client-859D8C9D7B89->65797d0d-2d4a-456d-9b24-1d63a5102722: receive RaftClientReply:client-859D8C9D7B89->65797d0d-2d4a-456d-9b24-1d63a5102722@group-BA7C392EEBCA, cid=1567, SUCCESS, logIndex=2236, commits[65797d0d-2d4a-456d-9b24-1d63a5102722:c2237, aca3f3a4-0773-4ff1-9bb5-1a871868fd09:c2235, abe1c95d-8ae2-42e9-9d83-236e3c187d51:c2235]
2019-07-09 04:31:26,059 INFO  client.GrpcClientProtocolClient (GrpcClientProtocolClient.java:onNext(255)) - client-859D8C9D7B89->65797d0d-2d4a-456d-9b24-1d63a5102722: receive RaftClientReply:client-859D8C9D7B89->65797d0d-2d4a-456d-9b24-1d63a5102722@group-BA7C392EEBCA, cid=1568, SUCCESS, logIndex=2237, commits[65797d0d-2d4a-456d-9b24-1d63a5102722:c2237, aca3f3a4-0773-4ff1-9bb5-1a871868fd09:c2235, abe1c95d-8ae2-42e9-9d83-236e3c187d51:c2235]
2019-07-09 04:31:26,060 INFO  client.GrpcClientProtocolClient (GrpcClientProtocolClient.java:onNext(255)) - client-859D8C9D7B89->65797d0d-2d4a-456d-9b24-1d63a5102722: receive RaftClientReply:client-859D8C9D7B89->65797d0d-2d4a-456d-9b24-1d63a5102722@group-BA7C392EEBCA, cid=1569, SUCCESS, logIndex=2238, commits[65797d0d-2d4a-456d-9b24-1d63a5102722:c2239, aca3f3a4-0773-4ff1-9bb5-1a871868fd09:c2235, abe1c95d-8ae2-42e9-9d83-236e3c187d51:c2235]
2019-07-09 04:31:26,060 INFO  client.GrpcClientProtocolClient (GrpcClientProtocolClient.java:onNext(255)) - client-859D8C9D7B89->65797d0d-2d4a-456d-9b24-1d63a5102722: receive RaftClientReply:client-859D8C9D7B89->65797d0d-2d4a-456d-9b24-1d63a5102722@group-BA7C392EEBCA, cid=1570, SUCCESS, logIndex=2239, commits[65797d0d-2d4a-456d-9b24-1d63a5102722:c2239, aca3f3a4-0773-4ff1-9bb5-1a871868fd09:c2235, abe1c95d-8ae2-42e9-9d83-236e3c187d51:c2235]
2019-07-09 04:31:26,062 INFO  client.GrpcClientProtocolClient (GrpcClientProtocolClient.java:onNext(255)) - client-859D8C9D7B89->65797d0d-2d4a-456d-9b24-1d63a5102722: receive RaftClientReply:client-859D8C9D7B89->65797d0d-2d4a-456d-9b24-1d63a5102722@group-BA7C392EEBCA, cid=1571, SUCCESS, logIndex=0, commits[65797d0d-2d4a-456d-9b24-1d63a5102722:c2243, aca3f3a4-0773-4ff1-9bb5-1a871868fd09:c2239, abe1c95d-8ae2-42e9-9d83-236e3c187d51:c2237]
2019-07-09 04:31:26,081 INFO  client.GrpcClientProtocolClient (GrpcClientProtocolClient.java:onNext(255)) - client-859D8C9D7B89->65797d0d-2d4a-456d-9b24-1d63a5102722: receive RaftClientReply:client-859D8C9D7B89->65797d0d-2d4a-456d-9b24-1d63a5102722@group-BA7C392EEBCA, cid=1572, SUCCESS, logIndex=2244, commits[65797d0d-2d4a-456d-9b24-1d63a5102722:c2245, aca3f3a4-0773-4ff1-9bb5-1a871868fd09:c2243, abe1c95d-8ae2-42e9-9d83-236e3c187d51:c2243]
2019-07-09 04:31:26,081 INFO  client.GrpcClientProtocolClient (GrpcClientProtocolClient.java:onNext(255)) - client-859D8C9D7B89->65797d0d-2d4a-456d-9b24-1d63a5102722: receive RaftClientReply:client-859D8C9D7B89->65797d0d-2d4a-456d-9b24-1d63a5102722@group-BA7C392EEBCA, cid=1573, SUCCESS, logIndex=2245, commits[65797d0d-2d4a-456d-9b24-1d63a5102722:c2245, aca3f3a4-0773-4ff1-9bb5-1a871868fd09:c2243, abe1c95d-8ae2-42e9-9d83-236e3c187d51:c2243]
2019-07-09 04:31:26,094 INFO  client.GrpcClientProtocolClient (GrpcClientProtocolClient.java:onNext(255)) - client-859D8C9D7B89->65797d0d-2d4a-456d-9b24-1d63a5102722: receive RaftClientReply:client-859D8C9D7B89->65797d0d-2d4a-456d-9b24-1d63a5102722@group-BA7C392EEBCA, cid=1574, SUCCESS, logIndex=2248, commits[65797d0d-2d4a-456d-9b24-1d63a5102722:c2249, aca3f3a4-0773-4ff1-9bb5-1a871868fd09:c2245, abe1c95d-8ae2-42e9-9d83-236e3c187d51:c2245]
2019-07-09 04:31:26,095 INFO  client.GrpcClientProtocolClient (GrpcClientProtocolClient.java:onNext(255)) - client-859D8C9D7B89->65797d0d-2d4a-456d-9b24-1d63a5102722: receive RaftClientReply:client-859D8C9D7B89->65797d0d-2d4a-456d-9b24-1d63a5102722@group-BA7C392EEBCA, cid=1575, SUCCESS, logIndex=2249, commits[65797d0d-2d4a-456d-9b24-1d63a5102722:c2249, aca3f3a4-0773-4ff1-9bb5-1a871868fd09:c2245, abe1c95d-8ae2-42e9-9d83-236e3c187d51:c2245]
2019-07-09 04:31:26,107 INFO  client.GrpcClientProtocolClient (GrpcClientProtocolClient.java:onNext(255)) - client-859D8C9D7B89->65797d0d-2d4a-456d-9b24-1d63a5102722: receive RaftClientReply:client-859D8C9D7B89->65797d0d-2d4a-456d-9b24-1d63a5102722@group-BA7C392EEBCA, cid=1576, SUCCESS, logIndex=0, commits[65797d0d-2d4a-456d-9b24-1d63a5102722:c2251, aca3f3a4-0773-4ff1-9bb5-1a871868fd09:c2249, abe1c95d-8ae2-42e9-9d83-236e3c187d51:c2249]
2019-07-09 04:31:26,137 INFO  client.GrpcClientProtocolClient (GrpcClientProtocolClient.java:onNext(255)) - client-859D8C9D7B89->65797d0d-2d4a-456d-9b24-1d63a5102722: receive RaftClientReply:client-859D8C9D7B89->65797d0d-2d4a-456d-9b24-1d63a5102722@group-BA7C392EEBCA, cid=1577, SUCCESS, logIndex=2252, commits[65797d0d-2d4a-456d-9b24-1d63a5102722:c2253, aca3f3a4-0773-4ff1-9bb5-1a871868fd09:c2251, abe1c95d-8ae2-42e9-9d83-236e3c187d51:c2251]
2019-07-09 04:31:26,138 INFO  client.GrpcClientProtocolClient (GrpcClientProtocolClient.java:onNext(255)) - client-859D8C9D7B89->65797d0d-2d4a-456d-9b24-1d63a5102722: receive RaftClientReply:client-859D8C9D7B89->65797d0d-2d4a-456d-9b24-1d63a5102722@group-BA7C392EEBCA, cid=1578, SUCCESS, logIndex=2253, commits[65797d0d-2d4a-456d-9b24-1d63a5102722:c2253, aca3f3a4-0773-4ff1-9bb5-1a871868fd09:c2251, abe1c95d-8ae2-42e9-9d83-236e3c187d51:c2251]
2019-07-09 04:31:26,139 INFO  client.GrpcClientProtocolClient (GrpcClientProtocolClient.java:onNext(255)) - client-859D8C9D7B89->65797d0d-2d4a-456d-9b24-1d63a5102722: receive RaftClientReply:client-859D8C9D7B89->65797d0d-2d4a-456d-9b24-1d63a5102722@group-BA7C392EEBCA, cid=1579, SUCCESS, logIndex=2254, commits[65797d0d-2d4a-456d-9b24-1d63a5102722:c2255, aca3f3a4-0773-4ff1-9bb5-1a871868fd09:c2251, abe1c95d-8ae2-42e9-9d83-236e3c187d51:c2251]
2019-07-09 04:31:26,139 INFO  client.GrpcClientProtocolClient (GrpcClientProtocolClient.java:onNext(255)) - client-859D8C9D7B89->65797d0d-2d4a-456d-9b24-1d63a5102722: receive RaftClientReply:client-859D8C9D7B89->65797d0d-2d4a-456d-9b24-1d63a5102722@group-BA7C392EEBCA, cid=1580, SUCCESS, logIndex=2255, commits[65797d0d-2d4a-456d-9b24-1d63a5102722:c2255, aca3f3a4-0773-4ff1-9bb5-1a871868fd09:c2251, abe1c95d-8ae2-42e9-9d83-236e3c187d51:c2251]
2019-07-09 04:31:26,140 INFO  client.GrpcClientProtocolClient (GrpcClientProtocolClient.java:onNext(255)) - client-859D8C9D7B89->65797d0d-2d4a-456d-9b24-1d63a5102722: receive RaftClientReply:client-859D8C9D7B89->65797d0d-2d4a-456d-9b24-1d63a5102722@group-BA7C392EEBCA, cid=1581, SUCCESS, logIndex=0, commits[65797d0d-2d4a-456d-9b24-1d63a5102722:c2257, aca3f3a4-0773-4ff1-9bb5-1a871868fd09:c2253, abe1c95d-8ae2-42e9-9d83-236e3c187d51:c2253]
2019-07-09 04:31:26,159 INFO  client.GrpcClientProtocolClient (GrpcClientProtocolClient.java:onNext(255)) - client-859D8C9D7B89->65797d0d-2d4a-456d-9b24-1d63a5102722: receive RaftClientReply:client-859D8C9D7B89->65797d0d-2d4a-456d-9b24-1d63a5102722@group-BA7C392EEBCA, cid=1582, SUCCESS, logIndex=2260, commits[65797d0d-2d4a-456d-9b24-1d63a5102722:c2261, aca3f3a4-0773-4ff1-9bb5-1a871868fd09:c2259, abe1c95d-8ae2-42e9-9d83-236e3c187d51:c2259]
2019-07-09 04:31:26,159 INFO  client.GrpcClientProtocolClient (GrpcClientProtocolClient.java:onNext(255)) - client-859D8C9D7B89->65797d0d-2d4a-456d-9b24-1d63a5102722: receive RaftClientReply:client-859D8C9D7B89->65797d0d-2d4a-456d-9b24-1d63a5102722@group-BA7C392EEBCA, cid=1583, SUCCESS, logIndex=2261, commits[65797d0d-2d4a-456d-9b24-1d63a5102722:c2261, aca3f3a4-0773-4ff1-9bb5-1a871868fd09:c2259, abe1c95d-8ae2-42e9-9d83-236e3c187d51:c2259]
2019-07-09 04:31:26,172 INFO  client.GrpcClientProtocolClient (GrpcClientProtocolClient.java:onNext(255)) - client-859D8C9D7B89->65797d0d-2d4a-456d-9b24-1d63a5102722: receive RaftClientReply:client-859D8C9D7B89->65797d0d-2d4a-456d-9b24-1d63a5102722@group-BA7C392EEBCA, cid=1584, SUCCESS, logIndex=2264, commits[65797d0d-2d4a-456d-9b24-1d63a5102722:c2265, aca3f3a4-0773-4ff1-9bb5-1a871868fd09:c2261, abe1c95d-8ae2-42e9-9d83-236e3c187d51:c2261]
2019-07-09 04:31:26,173 INFO  client.GrpcClientProtocolClient (GrpcClientProtocolClient.java:onNext(255)) - client-859D8C9D7B89->65797d0d-2d4a-456d-9b24-1d63a5102722: receive RaftClientReply:client-859D8C9D7B89->65797d0d-2d4a-456d-9b24-1d63a5102722@group-BA7C392EEBCA, cid=1585, SUCCESS, logIndex=2265, commits[65797d0d-2d4a-456d-9b24-1d63a5102722:c2265, aca3f3a4-0773-4ff1-9bb5-1a871868fd09:c2261, abe1c95d-8ae2-42e9-9d83-236e3c187d51:c2261]
2019-07-09 04:31:26,185 INFO  client.GrpcClientProtocolClient (GrpcClientProtocolClient.java:onNext(255)) - client-859D8C9D7B89->65797d0d-2d4a-456d-9b24-1d63a5102722: receive RaftClientReply:client-859D8C9D7B89->65797d0d-2d4a-456d-9b24-1d63a5102722@group-BA7C392EEBCA, cid=1586, SUCCESS, logIndex=0, commits[65797d0d-2d4a-456d-9b24-1d63a5102722:c2266, aca3f3a4-0773-4ff1-9bb5-1a871868fd09:c2265, abe1c95d-8ae2-42e9-9d83-236e3c187d51:c2265]
2019-07-09 04:31:26,210 INFO  client.GrpcClientProtocolClient (GrpcClientProtocolClient.java:onNext(255)) - client-859D8C9D7B89->65797d0d-2d4a-456d-9b24-1d63a5102722: receive RaftClientReply:client-859D8C9D7B89->65797d0d-2d4a-456d-9b24-1d63a5102722@group-BA7C392EEBCA, cid=1587, SUCCESS, logIndex=2268, commits[65797d0d-2d4a-456d-9b24-1d63a5102722:c2269, aca3f3a4-0773-4ff1-9bb5-1a871868fd09:c2267, abe1c95d-8ae2-42e9-9d83-236e3c187d51:c2267]
2019-07-09 04:31:26,211 INFO  client.GrpcClientProtocolClient (GrpcClientProtocolClient.java:onNext(255)) - client-859D8C9D7B89->65797d0d-2d4a-456d-9b24-1d63a5102722: receive RaftClientReply:client-859D8C9D7B89->65797d0d-2d4a-456d-9b24-1d63a5102722@group-BA7C392EEBCA, cid=1588, SUCCESS, logIndex=2269, commits[65797d0d-2d4a-456d-9b24-1d63a5102722:c2271, aca3f3a4-0773-4ff1-9bb5-1a871868fd09:c2267, abe1c95d-8ae2-42e9-9d83-236e3c187d51:c2267]
2019-07-09 04:31:26,211 INFO  client.GrpcClientProtocolClient (GrpcClientProtocolClient.java:onNext(255)) - client-859D8C9D7B89->65797d0d-2d4a-456d-9b24-1d63a5102722: receive RaftClientReply:client-859D8C9D7B89->65797d0d-2d4a-456d-9b24-1d63a5102722@group-BA7C392EEBCA, cid=1589, SUCCESS, logIndex=2270, commits[65797d0d-2d4a-456d-9b24-1d63a5102722:c2271, aca3f3a4-0773-4ff1-9bb5-1a871868fd09:c2267, abe1c95d-8ae2-42e9-9d83-236e3c187d51:c2267]
2019-07-09 04:31:26,212 INFO  client.GrpcClientProtocolClient (GrpcClientProtocolClient.java:onNext(255)) - client-859D8C9D7B89->65797d0d-2d4a-456d-9b24-1d63a5102722: receive RaftClientReply:client-859D8C9D7B89->65797d0d-2d4a-456d-9b24-1d63a5102722@group-BA7C392EEBCA, cid=1590, SUCCESS, logIndex=2271, commits[65797d0d-2d4a-456d-9b24-1d63a5102722:c2271, aca3f3a4-0773-4ff1-9bb5-1a871868fd09:c2267, abe1c95d-8ae2-42e9-9d83-236e3c187d51:c2267]
2019-07-09 04:31:26,213 INFO  client.GrpcClientProtocolClient (GrpcClientProtocolClient.java:onNext(255)) - client-859D8C9D7B89->65797d0d-2d4a-456d-9b24-1d63a5102722: receive RaftClientReply:client-859D8C9D7B89->65797d0d-2d4a-456d-9b24-1d63a5102722@group-BA7C392EEBCA, cid=1591, SUCCESS, logIndex=0, commits[65797d0d-2d4a-456d-9b24-1d63a5102722:c2273, aca3f3a4-0773-4ff1-9bb5-1a871868fd09:c2269, abe1c95d-8ae2-42e9-9d83-236e3c187d51:c2269]
2019-07-09 04:31:26,232 INFO  client.GrpcClientProtocolClient (GrpcClientProtocolClient.java:onNext(255)) - client-859D8C9D7B89->65797d0d-2d4a-456d-9b24-1d63a5102722: receive RaftClientReply:client-859D8C9D7B89->65797d0d-2d4a-456d-9b24-1d63a5102722@group-BA7C392EEBCA, cid=1592, SUCCESS, logIndex=2275, commits[65797d0d-2d4a-456d-9b24-1d63a5102722:c2276, aca3f3a4-0773-4ff1-9bb5-1a871868fd09:c2274, abe1c95d-8ae2-42e9-9d83-236e3c187d51:c2274]
2019-07-09 04:31:26,232 INFO  client.GrpcClientProtocolClient (GrpcClientProtocolClient.java:onNext(255)) - client-859D8C9D7B89->65797d0d-2d4a-456d-9b24-1d63a5102722: receive RaftClientReply:client-859D8C9D7B89->65797d0d-2d4a-456d-9b24-1d63a5102722@group-BA7C392EEBCA, cid=1593, SUCCESS, logIndex=2276, commits[65797d0d-2d4a-456d-9b24-1d63a5102722:c2276, aca3f3a4-0773-4ff1-9bb5-1a871868fd09:c2274, abe1c95d-8ae2-42e9-9d83-236e3c187d51:c2274]
2019-07-09 04:31:26,247 INFO  client.GrpcClientProtocolClient (GrpcClientProtocolClient.java:onNext(255)) - client-859D8C9D7B89->65797d0d-2d4a-456d-9b24-1d63a5102722: receive RaftClientReply:client-859D8C9D7B89->65797d0d-2d4a-456d-9b24-1d63a5102722@group-BA7C392EEBCA, cid=1594, SUCCESS, logIndex=2279, commits[65797d0d-2d4a-456d-9b24-1d63a5102722:c2280, aca3f3a4-0773-4ff1-9bb5-1a871868fd09:c2276, abe1c95d-8ae2-42e9-9d83-236e3c187d51:c2276]
2019-07-09 04:31:26,247 INFO  client.GrpcClientProtocolClient (GrpcClientProtocolClient.java:onNext(255)) - client-859D8C9D7B89->65797d0d-2d4a-456d-9b24-1d63a5102722: receive RaftClientReply:client-859D8C9D7B89->65797d0d-2d4a-456d-9b24-1d63a5102722@group-BA7C392EEBCA, cid=1595, SUCCESS, logIndex=2280, commits[65797d0d-2d4a-456d-9b24-1d63a5102722:c2280, aca3f3a4-0773-4ff1-9bb5-1a871868fd09:c2276, abe1c95d-8ae2-42e9-9d83-236e3c187d51:c2276]
2019-07-09 04:31:26,259 INFO  client.GrpcClientProtocolClient (GrpcClientProtocolClient.java:onNext(255)) - client-859D8C9D7B89->65797d0d-2d4a-456d-9b24-1d63a5102722: receive RaftClientReply:client-859D8C9D7B89->65797d0d-2d4a-456d-9b24-1d63a5102722@group-BA7C392EEBCA, cid=1596, SUCCESS, logIndex=0, commits[65797d0d-2d4a-456d-9b24-1d63a5102722:c2281, aca3f3a4-0773-4ff1-9bb5-1a871868fd09:c2280, abe1c95d-8ae2-42e9-9d83-236e3c187d51:c2280]
2019-07-09 04:31:26,286 INFO  client.GrpcClientProtocolClient (GrpcClientProtocolClient.java:onNext(255)) - client-859D8C9D7B89->65797d0d-2d4a-456d-9b24-1d63a5102722: receive RaftClientReply:client-859D8C9D7B89->65797d0d-2d4a-456d-9b24-1d63a5102722@group-BA7C392EEBCA, cid=1597, SUCCESS, logIndex=2283, commits[65797d0d-2d4a-456d-9b24-1d63a5102722:c2285, aca3f3a4-0773-4ff1-9bb5-1a871868fd09:c2282, abe1c95d-8ae2-42e9-9d83-236e3c187d51:c2282]
2019-07-09 04:31:26,287 INFO  client.GrpcClientProtocolClient (GrpcClientProtocolClient.java:onNext(255)) - client-859D8C9D7B89->65797d0d-2d4a-456d-9b24-1d63a5102722: receive RaftClientReply:client-859D8C9D7B89->65797d0d-2d4a-456d-9b24-1d63a5102722@group-BA7C392EEBCA, cid=1598, SUCCESS, logIndex=2284, commits[65797d0d-2d4a-456d-9b24-1d63a5102722:c2285, aca3f3a4-0773-4ff1-9bb5-1a871868fd09:c2282, abe1c95d-8ae2-42e9-9d83-236e3c187d51:c2282]
2019-07-09 04:31:26,287 INFO  client.GrpcClientProtocolClient (GrpcClientProtocolClient.java:onNext(255)) - client-859D8C9D7B89->65797d0d-2d4a-456d-9b24-1d63a5102722: receive RaftClientReply:client-859D8C9D7B89->65797d0d-2d4a-456d-9b24-1d63a5102722@group-BA7C392EEBCA, cid=1599, SUCCESS, logIndex=2285, commits[65797d0d-2d4a-456d-9b24-1d63a5102722:c2286, aca3f3a4-0773-4ff1-9bb5-1a871868fd09:c2282, abe1c95d-8ae2-42e9-9d83-236e3c187d51:c2282]
2019-07-09 04:31:26,287 INFO  client.GrpcClientProtocolClient (GrpcClientProtocolClient.java:onNext(255)) - client-859D8C9D7B89->65797d0d-2d4a-456d-9b24-1d63a5102722: receive RaftClientReply:client-859D8C9D7B89->65797d0d-2d4a-456d-9b24-1d63a5102722@group-BA7C392EEBCA, cid=1600, SUCCESS, logIndex=2286, commits[65797d0d-2d4a-456d-9b24-1d63a5102722:c2286, aca3f3a4-0773-4ff1-9bb5-1a871868fd09:c2282, abe1c95d-8ae2-42e9-9d83-236e3c187d51:c2282]
2019-07-09 04:31:26,299 INFO  client.GrpcClientProtocolClient (GrpcClientProtocolClient.java:onNext(255)) - client-859D8C9D7B89->65797d0d-2d4a-456d-9b24-1d63a5102722: receive RaftClientReply:client-859D8C9D7B89->65797d0d-2d4a-456d-9b24-1d63a5102722@group-BA7C392EEBCA, cid=1601, SUCCESS, logIndex=0, commits[65797d0d-2d4a-456d-9b24-1d63a5102722:c2289, aca3f3a4-0773-4ff1-9bb5-1a871868fd09:c2285, abe1c95d-8ae2-42e9-9d83-236e3c187d51:c2285]
2019-07-09 04:31:26,319 INFO  client.GrpcClientProtocolClient (GrpcClientProtocolClient.java:onNext(255)) - client-859D8C9D7B89->65797d0d-2d4a-456d-9b24-1d63a5102722: receive RaftClientReply:client-859D8C9D7B89->65797d0d-2d4a-456d-9b24-1d63a5102722@group-BA7C392EEBCA, cid=1602, SUCCESS, logIndex=2291, commits[65797d0d-2d4a-456d-9b24-1d63a5102722:c2292, aca3f3a4-0773-4ff1-9bb5-1a871868fd09:c2290, abe1c95d-8ae2-42e9-9d83-236e3c187d51:c2290]
2019-07-09 04:31:26,319 INFO  client.GrpcClientProtocolClient (GrpcClientProtocolClient.java:onNext(255)) - client-859D8C9D7B89->65797d0d-2d4a-456d-9b24-1d63a5102722: receive RaftClientReply:client-859D8C9D7B89->65797d0d-2d4a-456d-9b24-1d63a5102722@group-BA7C392EEBCA, cid=1603, SUCCESS, logIndex=2292, commits[65797d0d-2d4a-456d-9b24-1d63a5102722:c2292, aca3f3a4-0773-4ff1-9bb5-1a871868fd09:c2290, abe1c95d-8ae2-42e9-9d83-236e3c187d51:c2290]
2019-07-09 04:31:26,333 INFO  client.GrpcClientProtocolClient (GrpcClientProtocolClient.java:onNext(255)) - client-859D8C9D7B89->65797d0d-2d4a-456d-9b24-1d63a5102722: receive RaftClientReply:client-859D8C9D7B89->65797d0d-2d4a-456d-9b24-1d63a5102722@group-BA7C392EEBCA, cid=1604, SUCCESS, logIndex=2295, commits[65797d0d-2d4a-456d-9b24-1d63a5102722:c2296, aca3f3a4-0773-4ff1-9bb5-1a871868fd09:c2292, abe1c95d-8ae2-42e9-9d83-236e3c187d51:c2292]
2019-07-09 04:31:26,334 INFO  client.GrpcClientProtocolClient (GrpcClientProtocolClient.java:onNext(255)) - client-859D8C9D7B89->65797d0d-2d4a-456d-9b24-1d63a5102722: receive RaftClientReply:client-859D8C9D7B89->65797d0d-2d4a-456d-9b24-1d63a5102722@group-BA7C392EEBCA, cid=1605, SUCCESS, logIndex=2296, commits[65797d0d-2d4a-456d-9b24-1d63a5102722:c2296, aca3f3a4-0773-4ff1-9bb5-1a871868fd09:c2292, abe1c95d-8ae2-42e9-9d83-236e3c187d51:c2292]
2019-07-09 04:31:26,348 INFO  client.GrpcClientProtocolClient (GrpcClientProtocolClient.java:onNext(255)) - client-859D8C9D7B89->65797d0d-2d4a-456d-9b24-1d63a5102722: receive RaftClientReply:client-859D8C9D7B89->65797d0d-2d4a-456d-9b24-1d63a5102722@group-BA7C392EEBCA, cid=1606, SUCCESS, logIndex=0, commits[65797d0d-2d4a-456d-9b24-1d63a5102722:c2298, aca3f3a4-0773-4ff1-9bb5-1a871868fd09:c2296, abe1c95d-8ae2-42e9-9d83-236e3c187d51:c2296]
2019-07-09 04:31:26,470 INFO  client.GrpcClientProtocolClient (GrpcClientProtocolClient.java:onNext(255)) - client-859D8C9D7B89->65797d0d-2d4a-456d-9b24-1d63a5102722: receive RaftClientReply:client-859D8C9D7B89->65797d0d-2d4a-456d-9b24-1d63a5102722@group-BA7C392EEBCA, cid=1607, SUCCESS, logIndex=2299, commits[65797d0d-2d4a-456d-9b24-1d63a5102722:c2300, aca3f3a4-0773-4ff1-9bb5-1a871868fd09:c2298, abe1c95d-8ae2-42e9-9d83-236e3c187d51:c2296]
2019-07-09 04:31:26,471 INFO  client.GrpcClientProtocolClient (GrpcClientProtocolClient.java:onNext(255)) - client-859D8C9D7B89->65797d0d-2d4a-456d-9b24-1d63a5102722: receive RaftClientReply:client-859D8C9D7B89->65797d0d-2d4a-456d-9b24-1d63a5102722@group-BA7C392EEBCA, cid=1608, SUCCESS, logIndex=2300, commits[65797d0d-2d4a-456d-9b24-1d63a5102722:c2300, aca3f3a4-0773-4ff1-9bb5-1a871868fd09:c2298, abe1c95d-8ae2-42e9-9d83-236e3c187d51:c2298]
2019-07-09 04:31:26,471 INFO  client.GrpcClientProtocolClient (GrpcClientProtocolClient.java:onNext(255)) - client-859D8C9D7B89->65797d0d-2d4a-456d-9b24-1d63a5102722: receive RaftClientReply:client-859D8C9D7B89->65797d0d-2d4a-456d-9b24-1d63a5102722@group-BA7C392EEBCA, cid=1609, SUCCESS, logIndex=2301, commits[65797d0d-2d4a-456d-9b24-1d63a5102722:c2303, aca3f3a4-0773-4ff1-9bb5-1a871868fd09:c2298, abe1c95d-8ae2-42e9-9d83-236e3c187d51:c2299]
2019-07-09 04:31:26,472 INFO  client.GrpcClientProtocolClient (GrpcClientProtocolClient.java:onNext(255)) - client-859D8C9D7B89->65797d0d-2d4a-456d-9b24-1d63a5102722: receive RaftClientReply:client-859D8C9D7B89->65797d0d-2d4a-456d-9b24-1d63a5102722@group-BA7C392EEBCA, cid=1610, SUCCESS, logIndex=2302, commits[65797d0d-2d4a-456d-9b24-1d63a5102722:c2303, aca3f3a4-0773-4ff1-9bb5-1a871868fd09:c2298, abe1c95d-8ae2-42e9-9d83-236e3c187d51:c2299]
2019-07-09 04:31:26,483 INFO  client.GrpcClientProtocolClient (GrpcClientProtocolClient.java:onNext(255)) - client-859D8C9D7B89->65797d0d-2d4a-456d-9b24-1d63a5102722: receive RaftClientReply:client-859D8C9D7B89->65797d0d-2d4a-456d-9b24-1d63a5102722@group-BA7C392EEBCA, cid=1611, SUCCESS, logIndex=0, commits[65797d0d-2d4a-456d-9b24-1d63a5102722:c2304, aca3f3a4-0773-4ff1-9bb5-1a871868fd09:c2300, abe1c95d-8ae2-42e9-9d83-236e3c187d51:c2300]
2019-07-09 04:31:26,521 INFO  client.GrpcClientProtocolClient (GrpcClientProtocolClient.java:onNext(255)) - client-859D8C9D7B89->65797d0d-2d4a-456d-9b24-1d63a5102722: receive RaftClientReply:client-859D8C9D7B89->65797d0d-2d4a-456d-9b24-1d63a5102722@group-BA7C392EEBCA, cid=1612, SUCCESS, logIndex=2307, commits[65797d0d-2d4a-456d-9b24-1d63a5102722:c2308, aca3f3a4-0773-4ff1-9bb5-1a871868fd09:c2306, abe1c95d-8ae2-42e9-9d83-236e3c187d51:c2306]
2019-07-09 04:31:26,522 INFO  client.GrpcClientProtocolClient (GrpcClientProtocolClient.java:onNext(255)) - client-859D8C9D7B89->65797d0d-2d4a-456d-9b24-1d63a5102722: receive RaftClientReply:client-859D8C9D7B89->65797d0d-2d4a-456d-9b24-1d63a5102722@group-BA7C392EEBCA, cid=1613, SUCCESS, logIndex=2308, commits[65797d0d-2d4a-456d-9b24-1d63a5102722:c2308, aca3f3a4-0773-4ff1-9bb5-1a871868fd09:c2306, abe1c95d-8ae2-42e9-9d83-236e3c187d51:c2306]
2019-07-09 04:31:26,547 INFO  client.GrpcClientProtocolClient (GrpcClientProtocolClient.java:onNext(255)) - client-859D8C9D7B89->65797d0d-2d4a-456d-9b24-1d63a5102722: receive RaftClientReply:client-859D8C9D7B89->65797d0d-2d4a-456d-9b24-1d63a5102722@group-BA7C392EEBCA, cid=1614, SUCCESS, logIndex=2311, commits[65797d0d-2d4a-456d-9b24-1d63a5102722:c2312, aca3f3a4-0773-4ff1-9bb5-1a871868fd09:c2308, abe1c95d-8ae2-42e9-9d83-236e3c187d51:c2308]
2019-07-09 04:31:26,547 INFO  client.GrpcClientProtocolClient (GrpcClientProtocolClient.java:onNext(255)) - client-859D8C9D7B89->65797d0d-2d4a-456d-9b24-1d63a5102722: receive RaftClientReply:client-859D8C9D7B89->65797d0d-2d4a-456d-9b24-1d63a5102722@group-BA7C392EEBCA, cid=1615, SUCCESS, logIndex=2312, commits[65797d0d-2d4a-456d-9b24-1d63a5102722:c2312, aca3f3a4-0773-4ff1-9bb5-1a871868fd09:c2308, abe1c95d-8ae2-42e9-9d83-236e3c187d51:c2308]
2019-07-09 04:31:26,562 INFO  client.GrpcClientProtocolClient (GrpcClientProtocolClient.java:onNext(255)) - client-859D8C9D7B89->65797d0d-2d4a-456d-9b24-1d63a5102722: receive RaftClientReply:client-859D8C9D7B89->65797d0d-2d4a-456d-9b24-1d63a5102722@group-BA7C392EEBCA, cid=1616, SUCCESS, logIndex=0, commits[65797d0d-2d4a-456d-9b24-1d63a5102722:c2314, aca3f3a4-0773-4ff1-9bb5-1a871868fd09:c2312, abe1c95d-8ae2-42e9-9d83-236e3c187d51:c2312]
2019-07-09 04:31:26,593 INFO  client.GrpcClientProtocolClient (GrpcClientProtocolClient.java:onNext(255)) - client-859D8C9D7B89->65797d0d-2d4a-456d-9b24-1d63a5102722: receive RaftClientReply:client-859D8C9D7B89->65797d0d-2d4a-456d-9b24-1d63a5102722@group-BA7C392EEBCA, cid=1617, SUCCESS, logIndex=2315, commits[65797d0d-2d4a-456d-9b24-1d63a5102722:c2316, aca3f3a4-0773-4ff1-9bb5-1a871868fd09:c2314, abe1c95d-8ae2-42e9-9d83-236e3c187d51:c2314]
2019-07-09 04:31:26,594 INFO  client.GrpcClientProtocolClient (GrpcClientProtocolClient.java:onNext(255)) - client-859D8C9D7B89->65797d0d-2d4a-456d-9b24-1d63a5102722: receive RaftClientReply:client-859D8C9D7B89->65797d0d-2d4a-456d-9b24-1d63a5102722@group-BA7C392EEBCA, cid=1618, SUCCESS, logIndex=2316, commits[65797d0d-2d4a-456d-9b24-1d63a5102722:c2318, aca3f3a4-0773-4ff1-9bb5-1a871868fd09:c2314, abe1c95d-8ae2-42e9-9d83-236e3c187d51:c2314]
2019-07-09 04:31:26,594 INFO  client.GrpcClientProtocolClient (GrpcClientProtocolClient.java:onNext(255)) - client-859D8C9D7B89->65797d0d-2d4a-456d-9b24-1d63a5102722: receive RaftClientReply:client-859D8C9D7B89->65797d0d-2d4a-456d-9b24-1d63a5102722@group-BA7C392EEBCA, cid=1619, SUCCESS, logIndex=2317, commits[65797d0d-2d4a-456d-9b24-1d63a5102722:c2318, aca3f3a4-0773-4ff1-9bb5-1a871868fd09:c2314, abe1c95d-8ae2-42e9-9d83-236e3c187d51:c2314]
2019-07-09 04:31:26,595 INFO  client.GrpcClientProtocolClient (GrpcClientProtocolClient.java:onNext(255)) - client-859D8C9D7B89->65797d0d-2d4a-456d-9b24-1d63a5102722: receive RaftClientReply:client-859D8C9D7B89->65797d0d-2d4a-456d-9b24-1d63a5102722@group-BA7C392EEBCA, cid=1620, SUCCESS, logIndex=2318, commits[65797d0d-2d4a-456d-9b24-1d63a5102722:c2318, aca3f3a4-0773-4ff1-9bb5-1a871868fd09:c2314, abe1c95d-8ae2-42e9-9d83-236e3c187d51:c2314]
2019-07-09 04:31:26,607 INFO  client.GrpcClientProtocolClient (GrpcClientProtocolClient.java:onNext(255)) - client-859D8C9D7B89->65797d0d-2d4a-456d-9b24-1d63a5102722: receive RaftClientReply:client-859D8C9D7B89->65797d0d-2d4a-456d-9b24-1d63a5102722@group-BA7C392EEBCA, cid=1621, SUCCESS, logIndex=0, commits[65797d0d-2d4a-456d-9b24-1d63a5102722:c2319, aca3f3a4-0773-4ff1-9bb5-1a871868fd09:c2316, abe1c95d-8ae2-42e9-9d83-236e3c187d51:c2316]
2019-07-09 04:31:26,633 INFO  client.GrpcClientProtocolClient (GrpcClientProtocolClient.java:onNext(255)) - client-859D8C9D7B89->65797d0d-2d4a-456d-9b24-1d63a5102722: receive RaftClientReply:client-859D8C9D7B89->65797d0d-2d4a-456d-9b24-1d63a5102722@group-BA7C392EEBCA, cid=1622, SUCCESS, logIndex=2322, commits[65797d0d-2d4a-456d-9b24-1d63a5102722:c2323, aca3f3a4-0773-4ff1-9bb5-1a871868fd09:c2321, abe1c95d-8ae2-42e9-9d83-236e3c187d51:c2321]
2019-07-09 04:31:26,634 INFO  client.GrpcClientProtocolClient (GrpcClientProtocolClient.java:onNext(255)) - client-859D8C9D7B89->65797d0d-2d4a-456d-9b24-1d63a5102722: receive RaftClientReply:client-859D8C9D7B89->65797d0d-2d4a-456d-9b24-1d63a5102722@group-BA7C392EEBCA, cid=1623, SUCCESS, logIndex=2323, commits[65797d0d-2d4a-456d-9b24-1d63a5102722:c2323, aca3f3a4-0773-4ff1-9bb5-1a871868fd09:c2321, abe1c95d-8ae2-42e9-9d83-236e3c187d51:c2321]
2019-07-09 04:31:26,662 INFO  client.GrpcClientProtocolClient (GrpcClientProtocolClient.java:onNext(255)) - client-859D8C9D7B89->65797d0d-2d4a-456d-9b24-1d63a5102722: receive RaftClientReply:client-859D8C9D7B89->65797d0d-2d4a-456d-9b24-1d63a5102722@group-BA7C392EEBCA, cid=1624, SUCCESS, logIndex=2326, commits[65797d0d-2d4a-456d-9b24-1d63a5102722:c2327, aca3f3a4-0773-4ff1-9bb5-1a871868fd09:c2324, abe1c95d-8ae2-42e9-9d83-236e3c187d51:c2324]
2019-07-09 04:31:26,662 INFO  client.GrpcClientProtocolClient (GrpcClientProtocolClient.java:onNext(255)) - client-859D8C9D7B89->65797d0d-2d4a-456d-9b24-1d63a5102722: receive RaftClientReply:client-859D8C9D7B89->65797d0d-2d4a-456d-9b24-1d63a5102722@group-BA7C392EEBCA, cid=1625, SUCCESS, logIndex=2327, commits[65797d0d-2d4a-456d-9b24-1d63a5102722:c2327, aca3f3a4-0773-4ff1-9bb5-1a871868fd09:c2324, abe1c95d-8ae2-42e9-9d83-236e3c187d51:c2324]
2019-07-09 04:31:26,665 INFO  client.GrpcClientProtocolClient (GrpcClientProtocolClient.java:onNext(255)) - client-859D8C9D7B89->65797d0d-2d4a-456d-9b24-1d63a5102722: receive RaftClientReply:client-859D8C9D7B89->65797d0d-2d4a-456d-9b24-1d63a5102722@group-BA7C392EEBCA, cid=1626, SUCCESS, logIndex=0, commits[65797d0d-2d4a-456d-9b24-1d63a5102722:c2328, aca3f3a4-0773-4ff1-9bb5-1a871868fd09:c2327, abe1c95d-8ae2-42e9-9d83-236e3c187d51:c2327]
2019-07-09 04:31:26,693 INFO  client.GrpcClientProtocolClient (GrpcClientProtocolClient.java:onNext(255)) - client-859D8C9D7B89->65797d0d-2d4a-456d-9b24-1d63a5102722: receive RaftClientReply:client-859D8C9D7B89->65797d0d-2d4a-456d-9b24-1d63a5102722@group-BA7C392EEBCA, cid=1627, SUCCESS, logIndex=2330, commits[65797d0d-2d4a-456d-9b24-1d63a5102722:c2332, aca3f3a4-0773-4ff1-9bb5-1a871868fd09:c2329, abe1c95d-8ae2-42e9-9d83-236e3c187d51:c2329]
2019-07-09 04:31:26,694 INFO  client.GrpcClientProtocolClient (GrpcClientProtocolClient.java:onNext(255)) - client-859D8C9D7B89->65797d0d-2d4a-456d-9b24-1d63a5102722: receive RaftClientReply:client-859D8C9D7B89->65797d0d-2d4a-456d-9b24-1d63a5102722@group-BA7C392EEBCA, cid=1628, SUCCESS, logIndex=2331, commits[65797d0d-2d4a-456d-9b24-1d63a5102722:c2333, aca3f3a4-0773-4ff1-9bb5-1a871868fd09:c2329, abe1c95d-8ae2-42e9-9d83-236e3c187d51:c2329]
2019-07-09 04:31:26,694 INFO  client.GrpcClientProtocolClient (GrpcClientProtocolClient.java:onNext(255)) - client-859D8C9D7B89->65797d0d-2d4a-456d-9b24-1d63a5102722: receive RaftClientReply:client-859D8C9D7B89->65797d0d-2d4a-456d-9b24-1d63a5102722@group-BA7C392EEBCA, cid=1629, SUCCESS, logIndex=2332, commits[65797d0d-2d4a-456d-9b24-1d63a5102722:c2333, aca3f3a4-0773-4ff1-9bb5-1a871868fd09:c2329, abe1c95d-8ae2-42e9-9d83-236e3c187d51:c2329]
2019-07-09 04:31:26,694 INFO  client.GrpcClientProtocolClient (GrpcClientProtocolClient.java:onNext(255)) - client-859D8C9D7B89->65797d0d-2d4a-456d-9b24-1d63a5102722: receive RaftClientReply:client-859D8C9D7B89->65797d0d-2d4a-456d-9b24-1d63a5102722@group-BA7C392EEBCA, cid=1630, SUCCESS, logIndex=2333, commits[65797d0d-2d4a-456d-9b24-1d63a5102722:c2333, aca3f3a4-0773-4ff1-9bb5-1a871868fd09:c2329, abe1c95d-8ae2-42e9-9d83-236e3c187d51:c2329]
2019-07-09 04:31:26,695 INFO  client.GrpcClientProtocolClient (GrpcClientProtocolClient.java:onNext(255)) - client-859D8C9D7B89->65797d0d-2d4a-456d-9b24-1d63a5102722: receive RaftClientReply:client-859D8C9D7B89->65797d0d-2d4a-456d-9b24-1d63a5102722@group-BA7C392EEBCA, cid=1631, SUCCESS, logIndex=0, commits[65797d0d-2d4a-456d-9b24-1d63a5102722:c2334, aca3f3a4-0773-4ff1-9bb5-1a871868fd09:c2331, abe1c95d-8ae2-42e9-9d83-236e3c187d51:c2331]
2019-07-09 04:31:26,709 INFO  client.GrpcClientProtocolClient (GrpcClientProtocolClient.java:onNext(255)) - client-859D8C9D7B89->65797d0d-2d4a-456d-9b24-1d63a5102722: receive RaftClientReply:client-859D8C9D7B89->65797d0d-2d4a-456d-9b24-1d63a5102722@group-BA7C392EEBCA, cid=1632, SUCCESS, logIndex=2338, commits[65797d0d-2d4a-456d-9b24-1d63a5102722:c2339, aca3f3a4-0773-4ff1-9bb5-1a871868fd09:c2334, abe1c95d-8ae2-42e9-9d83-236e3c187d51:c2333]
2019-07-09 04:31:26,709 INFO  client.GrpcClientProtocolClient (GrpcClientProtocolClient.java:onNext(255)) - client-859D8C9D7B89->65797d0d-2d4a-456d-9b24-1d63a5102722: receive RaftClientReply:client-859D8C9D7B89->65797d0d-2d4a-456d-9b24-1d63a5102722@group-BA7C392EEBCA, cid=1633, SUCCESS, logIndex=2339, commits[65797d0d-2d4a-456d-9b24-1d63a5102722:c2339, aca3f3a4-0773-4ff1-9bb5-1a871868fd09:c2334, abe1c95d-8ae2-42e9-9d83-236e3c187d51:c2334]
2019-07-09 04:31:26,730 INFO  client.GrpcClientProtocolClient (GrpcClientProtocolClient.java:onNext(255)) - client-859D8C9D7B89->65797d0d-2d4a-456d-9b24-1d63a5102722: receive RaftClientReply:client-859D8C9D7B89->65797d0d-2d4a-456d-9b24-1d63a5102722@group-BA7C392EEBCA, cid=1634, SUCCESS, logIndex=2342, commits[65797d0d-2d4a-456d-9b24-1d63a5102722:c2343, aca3f3a4-0773-4ff1-9bb5-1a871868fd09:c2341, abe1c95d-8ae2-42e9-9d83-236e3c187d51:c2341]
2019-07-09 04:31:26,730 INFO  client.GrpcClientProtocolClient (GrpcClientProtocolClient.java:onNext(255)) - client-859D8C9D7B89->65797d0d-2d4a-456d-9b24-1d63a5102722: receive RaftClientReply:client-859D8C9D7B89->65797d0d-2d4a-456d-9b24-1d63a5102722@group-BA7C392EEBCA, cid=1635, SUCCESS, logIndex=2343, commits[65797d0d-2d4a-456d-9b24-1d63a5102722:c2343, aca3f3a4-0773-4ff1-9bb5-1a871868fd09:c2341, abe1c95d-8ae2-42e9-9d83-236e3c187d51:c2341]
2019-07-09 04:31:26,745 INFO  client.GrpcClientProtocolClient (GrpcClientProtocolClient.java:onNext(255)) - client-859D8C9D7B89->65797d0d-2d4a-456d-9b24-1d63a5102722: receive RaftClientReply:client-859D8C9D7B89->65797d0d-2d4a-456d-9b24-1d63a5102722@group-BA7C392EEBCA, cid=1636, SUCCESS, logIndex=0, commits[65797d0d-2d4a-456d-9b24-1d63a5102722:c2345, aca3f3a4-0773-4ff1-9bb5-1a871868fd09:c2343, abe1c95d-8ae2-42e9-9d83-236e3c187d51:c2343]
2019-07-09 04:31:26,772 INFO  client.GrpcClientProtocolClient (GrpcClientProtocolClient.java:onNext(255)) - client-859D8C9D7B89->65797d0d-2d4a-456d-9b24-1d63a5102722: receive RaftClientReply:client-859D8C9D7B89->65797d0d-2d4a-456d-9b24-1d63a5102722@group-BA7C392EEBCA, cid=1637, SUCCESS, logIndex=2346, commits[65797d0d-2d4a-456d-9b24-1d63a5102722:c2347, aca3f3a4-0773-4ff1-9bb5-1a871868fd09:c2345, abe1c95d-8ae2-42e9-9d83-236e3c187d51:c2345]
2019-07-09 04:31:26,773 INFO  client.GrpcClientProtocolClient (GrpcClientProtocolClient.java:onNext(255)) - client-859D8C9D7B89->65797d0d-2d4a-456d-9b24-1d63a5102722: receive RaftClientReply:client-859D8C9D7B89->65797d0d-2d4a-456d-9b24-1d63a5102722@group-BA7C392EEBCA, cid=1638, SUCCESS, logIndex=2347, commits[65797d0d-2d4a-456d-9b24-1d63a5102722:c2347, aca3f3a4-0773-4ff1-9bb5-1a871868fd09:c2345, abe1c95d-8ae2-42e9-9d83-236e3c187d51:c2345]
2019-07-09 04:31:26,773 INFO  client.GrpcClientProtocolClient (GrpcClientProtocolClient.java:onNext(255)) - client-859D8C9D7B89->65797d0d-2d4a-456d-9b24-1d63a5102722: receive RaftClientReply:client-859D8C9D7B89->65797d0d-2d4a-456d-9b24-1d63a5102722@group-BA7C392EEBCA, cid=1639, SUCCESS, logIndex=2348, commits[65797d0d-2d4a-456d-9b24-1d63a5102722:c2349, aca3f3a4-0773-4ff1-9bb5-1a871868fd09:c2345, abe1c95d-8ae2-42e9-9d83-236e3c187d51:c2345]
2019-07-09 04:31:26,774 INFO  client.GrpcClientProtocolClient (GrpcClientProtocolClient.java:onNext(255)) - client-859D8C9D7B89->65797d0d-2d4a-456d-9b24-1d63a5102722: receive RaftClientReply:client-859D8C9D7B89->65797d0d-2d4a-456d-9b24-1d63a5102722@group-BA7C392EEBCA, cid=1640, SUCCESS, logIndex=2349, commits[65797d0d-2d4a-456d-9b24-1d63a5102722:c2349, aca3f3a4-0773-4ff1-9bb5-1a871868fd09:c2345, abe1c95d-8ae2-42e9-9d83-236e3c187d51:c2345]
2019-07-09 04:31:26,787 INFO  client.GrpcClientProtocolClient (GrpcClientProtocolClient.java:onNext(255)) - client-859D8C9D7B89->65797d0d-2d4a-456d-9b24-1d63a5102722: receive RaftClientReply:client-859D8C9D7B89->65797d0d-2d4a-456d-9b24-1d63a5102722@group-BA7C392EEBCA, cid=1641, SUCCESS, logIndex=0, commits[65797d0d-2d4a-456d-9b24-1d63a5102722:c2351, aca3f3a4-0773-4ff1-9bb5-1a871868fd09:c2347, abe1c95d-8ae2-42e9-9d83-236e3c187d51:c2347]
2019-07-09 04:31:26,806 INFO  client.GrpcClientProtocolClient (GrpcClientProtocolClient.java:onNext(255)) - client-859D8C9D7B89->65797d0d-2d4a-456d-9b24-1d63a5102722: receive RaftClientReply:client-859D8C9D7B89->65797d0d-2d4a-456d-9b24-1d63a5102722@group-BA7C392EEBCA, cid=1642, SUCCESS, logIndex=2354, commits[65797d0d-2d4a-456d-9b24-1d63a5102722:c2355, aca3f3a4-0773-4ff1-9bb5-1a871868fd09:c2353, abe1c95d-8ae2-42e9-9d83-236e3c187d51:c2353]
2019-07-09 04:31:26,807 INFO  client.GrpcClientProtocolClient (GrpcClientProtocolClient.java:onNext(255)) - client-859D8C9D7B89->65797d0d-2d4a-456d-9b24-1d63a5102722: receive RaftClientReply:client-859D8C9D7B89->65797d0d-2d4a-456d-9b24-1d63a5102722@group-BA7C392EEBCA, cid=1643, SUCCESS, logIndex=2355, commits[65797d0d-2d4a-456d-9b24-1d63a5102722:c2355, aca3f3a4-0773-4ff1-9bb5-1a871868fd09:c2353, abe1c95d-8ae2-42e9-9d83-236e3c187d51:c2353]
2019-07-09 04:31:26,821 INFO  client.GrpcClientProtocolClient (GrpcClientProtocolClient.java:onNext(255)) - client-859D8C9D7B89->65797d0d-2d4a-456d-9b24-1d63a5102722: receive RaftClientReply:client-859D8C9D7B89->65797d0d-2d4a-456d-9b24-1d63a5102722@group-BA7C392EEBCA, cid=1644, SUCCESS, logIndex=2358, commits[65797d0d-2d4a-456d-9b24-1d63a5102722:c2359, aca3f3a4-0773-4ff1-9bb5-1a871868fd09:c2355, abe1c95d-8ae2-42e9-9d83-236e3c187d51:c2355]
2019-07-09 04:31:26,822 INFO  client.GrpcClientProtocolClient (GrpcClientProtocolClient.java:onNext(255)) - client-859D8C9D7B89->65797d0d-2d4a-456d-9b24-1d63a5102722: receive RaftClientReply:client-859D8C9D7B89->65797d0d-2d4a-456d-9b24-1d63a5102722@group-BA7C392EEBCA, cid=1645, SUCCESS, logIndex=2359, commits[65797d0d-2d4a-456d-9b24-1d63a5102722:c2359, aca3f3a4-0773-4ff1-9bb5-1a871868fd09:c2355, abe1c95d-8ae2-42e9-9d83-236e3c187d51:c2355]
2019-07-09 04:31:26,833 INFO  client.GrpcClientProtocolClient (GrpcClientProtocolClient.java:onNext(255)) - client-859D8C9D7B89->65797d0d-2d4a-456d-9b24-1d63a5102722: receive RaftClientReply:client-859D8C9D7B89->65797d0d-2d4a-456d-9b24-1d63a5102722@group-BA7C392EEBCA, cid=1646, SUCCESS, logIndex=0, commits[65797d0d-2d4a-456d-9b24-1d63a5102722:c2360, aca3f3a4-0773-4ff1-9bb5-1a871868fd09:c2359, abe1c95d-8ae2-42e9-9d83-236e3c187d51:c2359]
2019-07-09 04:31:26,861 INFO  client.GrpcClientProtocolClient (GrpcClientProtocolClient.java:onNext(255)) - client-859D8C9D7B89->65797d0d-2d4a-456d-9b24-1d63a5102722: receive RaftClientReply:client-859D8C9D7B89->65797d0d-2d4a-456d-9b24-1d63a5102722@group-BA7C392EEBCA, cid=1647, SUCCESS, logIndex=2362, commits[65797d0d-2d4a-456d-9b24-1d63a5102722:c2363, aca3f3a4-0773-4ff1-9bb5-1a871868fd09:c2361, abe1c95d-8ae2-42e9-9d83-236e3c187d51:c2361]
2019-07-09 04:31:26,862 INFO  client.GrpcClientProtocolClient (GrpcClientProtocolClient.java:onNext(255)) - client-859D8C9D7B89->65797d0d-2d4a-456d-9b24-1d63a5102722: receive RaftClientReply:client-859D8C9D7B89->65797d0d-2d4a-456d-9b24-1d63a5102722@group-BA7C392EEBCA, cid=1648, SUCCESS, logIndex=2363, commits[65797d0d-2d4a-456d-9b24-1d63a5102722:c2364, aca3f3a4-0773-4ff1-9bb5-1a871868fd09:c2361, abe1c95d-8ae2-42e9-9d83-236e3c187d51:c2361]
2019-07-09 04:31:26,862 INFO  client.GrpcClientProtocolClient (GrpcClientProtocolClient.java:onNext(255)) - client-859D8C9D7B89->65797d0d-2d4a-456d-9b24-1d63a5102722: receive RaftClientReply:client-859D8C9D7B89->65797d0d-2d4a-456d-9b24-1d63a5102722@group-BA7C392EEBCA, cid=1649, SUCCESS, logIndex=2364, commits[65797d0d-2d4a-456d-9b24-1d63a5102722:c2365, aca3f3a4-0773-4ff1-9bb5-1a871868fd09:c2361, abe1c95d-8ae2-42e9-9d83-236e3c187d51:c2361]
2019-07-09 04:31:26,863 INFO  client.GrpcClientProtocolClient (GrpcClientProtocolClient.java:onNext(255)) - client-859D8C9D7B89->65797d0d-2d4a-456d-9b24-1d63a5102722: receive RaftClientReply:client-859D8C9D7B89->65797d0d-2d4a-456d-9b24-1d63a5102722@group-BA7C392EEBCA, cid=1650, SUCCESS, logIndex=2365, commits[65797d0d-2d4a-456d-9b24-1d63a5102722:c2365, aca3f3a4-0773-4ff1-9bb5-1a871868fd09:c2361, abe1c95d-8ae2-42e9-9d83-236e3c187d51:c2361]
2019-07-09 04:31:26,866 INFO  client.GrpcClientProtocolClient (GrpcClientProtocolClient.java:onNext(255)) - client-859D8C9D7B89->65797d0d-2d4a-456d-9b24-1d63a5102722: receive RaftClientReply:client-859D8C9D7B89->65797d0d-2d4a-456d-9b24-1d63a5102722@group-BA7C392EEBCA, cid=1651, SUCCESS, logIndex=0, commits[65797d0d-2d4a-456d-9b24-1d63a5102722:c2368, aca3f3a4-0773-4ff1-9bb5-1a871868fd09:c2364, abe1c95d-8ae2-42e9-9d83-236e3c187d51:c2363]
 0.00% |█                                                                                                    |  0/1 Time: 0:00:122019-07-09 04:31:26,890 INFO  client.GrpcClientProtocolClient (GrpcClientProtocolClient.java:onNext(255)) - client-859D8C9D7B89->65797d0d-2d4a-456d-9b24-1d63a5102722: receive RaftClientReply:client-859D8C9D7B89->65797d0d-2d4a-456d-9b24-1d63a5102722@group-BA7C392EEBCA, cid=1652, SUCCESS, logIndex=2370, commits[65797d0d-2d4a-456d-9b24-1d63a5102722:c2371, aca3f3a4-0773-4ff1-9bb5-1a871868fd09:c2369, abe1c95d-8ae2-42e9-9d83-236e3c187d51:c2369]
2019-07-09 04:31:26,890 INFO  client.GrpcClientProtocolClient (GrpcClientProtocolClient.java:onNext(255)) - client-859D8C9D7B89->65797d0d-2d4a-456d-9b24-1d63a5102722: receive RaftClientReply:client-859D8C9D7B89->65797d0d-2d4a-456d-9b24-1d63a5102722@group-BA7C392EEBCA, cid=1653, SUCCESS, logIndex=2371, commits[65797d0d-2d4a-456d-9b24-1d63a5102722:c2371, aca3f3a4-0773-4ff1-9bb5-1a871868fd09:c2369, abe1c95d-8ae2-42e9-9d83-236e3c187d51:c2369]
2019-07-09 04:31:26,905 INFO  client.GrpcClientProtocolClient (GrpcClientProtocolClient.java:onNext(255)) - client-859D8C9D7B89->65797d0d-2d4a-456d-9b24-1d63a5102722: receive RaftClientReply:client-859D8C9D7B89->65797d0d-2d4a-456d-9b24-1d63a5102722@group-BA7C392EEBCA, cid=1654, SUCCESS, logIndex=2374, commits[65797d0d-2d4a-456d-9b24-1d63a5102722:c2374, aca3f3a4-0773-4ff1-9bb5-1a871868fd09:c2371, abe1c95d-8ae2-42e9-9d83-236e3c187d51:c2371]
2019-07-09 04:31:26,906 INFO  client.GrpcClientProtocolClient (GrpcClientProtocolClient.java:onNext(255)) - client-859D8C9D7B89->65797d0d-2d4a-456d-9b24-1d63a5102722: receive RaftClientReply:client-859D8C9D7B89->65797d0d-2d4a-456d-9b24-1d63a5102722@group-BA7C392EEBCA, cid=1655, SUCCESS, logIndex=2375, commits[65797d0d-2d4a-456d-9b24-1d63a5102722:c2375, aca3f3a4-0773-4ff1-9bb5-1a871868fd09:c2371, abe1c95d-8ae2-42e9-9d83-236e3c187d51:c2371]
2019-07-09 04:31:26,919 INFO  client.GrpcClientProtocolClient (GrpcClientProtocolClient.java:onNext(255)) - client-859D8C9D7B89->65797d0d-2d4a-456d-9b24-1d63a5102722: receive RaftClientReply:client-859D8C9D7B89->65797d0d-2d4a-456d-9b24-1d63a5102722@group-BA7C392EEBCA, cid=1656, SUCCESS, logIndex=0, commits[65797d0d-2d4a-456d-9b24-1d63a5102722:c2377, aca3f3a4-0773-4ff1-9bb5-1a871868fd09:c2375, abe1c95d-8ae2-42e9-9d83-236e3c187d51:c2375]
2019-07-09 04:31:26,947 INFO  client.GrpcClientProtocolClient (GrpcClientProtocolClient.java:onNext(255)) - client-859D8C9D7B89->65797d0d-2d4a-456d-9b24-1d63a5102722: receive RaftClientReply:client-859D8C9D7B89->65797d0d-2d4a-456d-9b24-1d63a5102722@group-BA7C392EEBCA, cid=1657, SUCCESS, logIndex=2378, commits[65797d0d-2d4a-456d-9b24-1d63a5102722:c2379, aca3f3a4-0773-4ff1-9bb5-1a871868fd09:c2377, abe1c95d-8ae2-42e9-9d83-236e3c187d51:c2377]
2019-07-09 04:31:26,948 INFO  client.GrpcClientProtocolClient (GrpcClientProtocolClient.java:onNext(255)) - client-859D8C9D7B89->65797d0d-2d4a-456d-9b24-1d63a5102722: receive RaftClientReply:client-859D8C9D7B89->65797d0d-2d4a-456d-9b24-1d63a5102722@group-BA7C392EEBCA, cid=1658, SUCCESS, logIndex=2379, commits[65797d0d-2d4a-456d-9b24-1d63a5102722:c2381, aca3f3a4-0773-4ff1-9bb5-1a871868fd09:c2377, abe1c95d-8ae2-42e9-9d83-236e3c187d51:c2377]
2019-07-09 04:31:26,948 INFO  client.GrpcClientProtocolClient (GrpcClientProtocolClient.java:onNext(255)) - client-859D8C9D7B89->65797d0d-2d4a-456d-9b24-1d63a5102722: receive RaftClientReply:client-859D8C9D7B89->65797d0d-2d4a-456d-9b24-1d63a5102722@group-BA7C392EEBCA, cid=1659, SUCCESS, logIndex=2380, commits[65797d0d-2d4a-456d-9b24-1d63a5102722:c2381, aca3f3a4-0773-4ff1-9bb5-1a871868fd09:c2377, abe1c95d-8ae2-42e9-9d83-236e3c187d51:c2377]
2019-07-09 04:31:26,948 INFO  client.GrpcClientProtocolClient (GrpcClientProtocolClient.java:onNext(255)) - client-859D8C9D7B89->65797d0d-2d4a-456d-9b24-1d63a5102722: receive RaftClientReply:client-859D8C9D7B89->65797d0d-2d4a-456d-9b24-1d63a5102722@group-BA7C392EEBCA, cid=1660, SUCCESS, logIndex=2381, commits[65797d0d-2d4a-456d-9b24-1d63a5102722:c2381, aca3f3a4-0773-4ff1-9bb5-1a871868fd09:c2377, abe1c95d-8ae2-42e9-9d83-236e3c187d51:c2377]
2019-07-09 04:31:26,950 INFO  client.GrpcClientProtocolClient (GrpcClientProtocolClient.java:onNext(255)) - client-859D8C9D7B89->65797d0d-2d4a-456d-9b24-1d63a5102722: receive RaftClientReply:client-859D8C9D7B89->65797d0d-2d4a-456d-9b24-1d63a5102722@group-BA7C392EEBCA, cid=1661, SUCCESS, logIndex=0, commits[65797d0d-2d4a-456d-9b24-1d63a5102722:c2383, aca3f3a4-0773-4ff1-9bb5-1a871868fd09:c2379, abe1c95d-8ae2-42e9-9d83-236e3c187d51:c2379]
2019-07-09 04:31:26,974 INFO  client.GrpcClientProtocolClient (GrpcClientProtocolClient.java:onNext(255)) - client-859D8C9D7B89->65797d0d-2d4a-456d-9b24-1d63a5102722: receive RaftClientReply:client-859D8C9D7B89->65797d0d-2d4a-456d-9b24-1d63a5102722@group-BA7C392EEBCA, cid=1662, SUCCESS, logIndex=2386, commits[65797d0d-2d4a-456d-9b24-1d63a5102722:c2387, aca3f3a4-0773-4ff1-9bb5-1a871868fd09:c2385, abe1c95d-8ae2-42e9-9d83-236e3c187d51:c2385]
2019-07-09 04:31:26,975 INFO  client.GrpcClientProtocolClient (GrpcClientProtocolClient.java:onNext(255)) - client-859D8C9D7B89->65797d0d-2d4a-456d-9b24-1d63a5102722: receive RaftClientReply:client-859D8C9D7B89->65797d0d-2d4a-456d-9b24-1d63a5102722@group-BA7C392EEBCA, cid=1663, SUCCESS, logIndex=2387, commits[65797d0d-2d4a-456d-9b24-1d63a5102722:c2387, aca3f3a4-0773-4ff1-9bb5-1a871868fd09:c2385, abe1c95d-8ae2-42e9-9d83-236e3c187d51:c2385]
2019-07-09 04:31:27,000 INFO  client.GrpcClientProtocolClient (GrpcClientProtocolClient.java:onNext(255)) - client-859D8C9D7B89->65797d0d-2d4a-456d-9b24-1d63a5102722: receive RaftClientReply:client-859D8C9D7B89->65797d0d-2d4a-456d-9b24-1d63a5102722@group-BA7C392EEBCA, cid=1664, SUCCESS, logIndex=2390, commits[65797d0d-2d4a-456d-9b24-1d63a5102722:c2391, aca3f3a4-0773-4ff1-9bb5-1a871868fd09:c2387, abe1c95d-8ae2-42e9-9d83-236e3c187d51:c2387]
2019-07-09 04:31:27,001 INFO  client.GrpcClientProtocolClient (GrpcClientProtocolClient.java:onNext(255)) - client-859D8C9D7B89->65797d0d-2d4a-456d-9b24-1d63a5102722: receive RaftClientReply:client-859D8C9D7B89->65797d0d-2d4a-456d-9b24-1d63a5102722@group-BA7C392EEBCA, cid=1665, SUCCESS, logIndex=2391, commits[65797d0d-2d4a-456d-9b24-1d63a5102722:c2391, aca3f3a4-0773-4ff1-9bb5-1a871868fd09:c2387, abe1c95d-8ae2-42e9-9d83-236e3c187d51:c2387]
2019-07-09 04:31:27,013 INFO  client.GrpcClientProtocolClient (GrpcClientProtocolClient.java:onNext(255)) - client-859D8C9D7B89->65797d0d-2d4a-456d-9b24-1d63a5102722: receive RaftClientReply:client-859D8C9D7B89->65797d0d-2d4a-456d-9b24-1d63a5102722@group-BA7C392EEBCA, cid=1666, SUCCESS, logIndex=0, commits[65797d0d-2d4a-456d-9b24-1d63a5102722:c2392, aca3f3a4-0773-4ff1-9bb5-1a871868fd09:c2391, abe1c95d-8ae2-42e9-9d83-236e3c187d51:c2391]
2019-07-09 04:31:27,042 INFO  client.GrpcClientProtocolClient (GrpcClientProtocolClient.java:onNext(255)) - client-859D8C9D7B89->65797d0d-2d4a-456d-9b24-1d63a5102722: receive RaftClientReply:client-859D8C9D7B89->65797d0d-2d4a-456d-9b24-1d63a5102722@group-BA7C392EEBCA, cid=1667, SUCCESS, logIndex=2394, commits[65797d0d-2d4a-456d-9b24-1d63a5102722:c2395, aca3f3a4-0773-4ff1-9bb5-1a871868fd09:c2393, abe1c95d-8ae2-42e9-9d83-236e3c187d51:c2393]
2019-07-09 04:31:27,043 INFO  client.GrpcClientProtocolClient (GrpcClientProtocolClient.java:onNext(255)) - client-859D8C9D7B89->65797d0d-2d4a-456d-9b24-1d63a5102722: receive RaftClientReply:client-859D8C9D7B89->65797d0d-2d4a-456d-9b24-1d63a5102722@group-BA7C392EEBCA, cid=1668, SUCCESS, logIndex=2395, commits[65797d0d-2d4a-456d-9b24-1d63a5102722:c2395, aca3f3a4-0773-4ff1-9bb5-1a871868fd09:c2393, abe1c95d-8ae2-42e9-9d83-236e3c187d51:c2393]
2019-07-09 04:31:27,043 INFO  client.GrpcClientProtocolClient (GrpcClientProtocolClient.java:onNext(255)) - client-859D8C9D7B89->65797d0d-2d4a-456d-9b24-1d63a5102722: receive RaftClientReply:client-859D8C9D7B89->65797d0d-2d4a-456d-9b24-1d63a5102722@group-BA7C392EEBCA, cid=1669, SUCCESS, logIndex=2396, commits[65797d0d-2d4a-456d-9b24-1d63a5102722:c2397, aca3f3a4-0773-4ff1-9bb5-1a871868fd09:c2393, abe1c95d-8ae2-42e9-9d83-236e3c187d51:c2393]
2019-07-09 04:31:27,043 INFO  client.GrpcClientProtocolClient (GrpcClientProtocolClient.java:onNext(255)) - client-859D8C9D7B89->65797d0d-2d4a-456d-9b24-1d63a5102722: receive RaftClientReply:client-859D8C9D7B89->65797d0d-2d4a-456d-9b24-1d63a5102722@group-BA7C392EEBCA, cid=1670, SUCCESS, logIndex=2397, commits[65797d0d-2d4a-456d-9b24-1d63a5102722:c2397, aca3f3a4-0773-4ff1-9bb5-1a871868fd09:c2393, abe1c95d-8ae2-42e9-9d83-236e3c187d51:c2393]
2019-07-09 04:31:27,047 INFO  client.GrpcClientProtocolClient (GrpcClientProtocolClient.java:onNext(255)) - client-859D8C9D7B89->65797d0d-2d4a-456d-9b24-1d63a5102722: receive RaftClientReply:client-859D8C9D7B89->65797d0d-2d4a-456d-9b24-1d63a5102722@group-BA7C392EEBCA, cid=1671, SUCCESS, logIndex=0, commits[65797d0d-2d4a-456d-9b24-1d63a5102722:c2399, aca3f3a4-0773-4ff1-9bb5-1a871868fd09:c2397, abe1c95d-8ae2-42e9-9d83-236e3c187d51:c2395]
2019-07-09 04:31:27,059 INFO  client.GrpcClientProtocolClient (GrpcClientProtocolClient.java:onNext(255)) - client-859D8C9D7B89->65797d0d-2d4a-456d-9b24-1d63a5102722: receive RaftClientReply:client-859D8C9D7B89->65797d0d-2d4a-456d-9b24-1d63a5102722@group-BA7C392EEBCA, cid=1672, SUCCESS, logIndex=2401, commits[65797d0d-2d4a-456d-9b24-1d63a5102722:c2402, aca3f3a4-0773-4ff1-9bb5-1a871868fd09:c2399, abe1c95d-8ae2-42e9-9d83-236e3c187d51:c2397]
2019-07-09 04:31:27,060 INFO  client.GrpcClientProtocolClient (GrpcClientProtocolClient.java:onNext(255)) - client-859D8C9D7B89->65797d0d-2d4a-456d-9b24-1d63a5102722: receive RaftClientReply:client-859D8C9D7B89->65797d0d-2d4a-456d-9b24-1d63a5102722@group-BA7C392EEBCA, cid=1673, SUCCESS, logIndex=2402, commits[65797d0d-2d4a-456d-9b24-1d63a5102722:c2402, aca3f3a4-0773-4ff1-9bb5-1a871868fd09:c2399, abe1c95d-8ae2-42e9-9d83-236e3c187d51:c2397]
2019-07-09 04:31:27,075 INFO  client.GrpcClientProtocolClient (GrpcClientProtocolClient.java:onNext(255)) - client-859D8C9D7B89->65797d0d-2d4a-456d-9b24-1d63a5102722: receive RaftClientReply:client-859D8C9D7B89->65797d0d-2d4a-456d-9b24-1d63a5102722@group-BA7C392EEBCA, cid=1674, SUCCESS, logIndex=2405, commits[65797d0d-2d4a-456d-9b24-1d63a5102722:c2406, aca3f3a4-0773-4ff1-9bb5-1a871868fd09:c2402, abe1c95d-8ae2-42e9-9d83-236e3c187d51:c2403]
2019-07-09 04:31:27,075 INFO  client.GrpcClientProtocolClient (GrpcClientProtocolClient.java:onNext(255)) - client-859D8C9D7B89->65797d0d-2d4a-456d-9b24-1d63a5102722: receive RaftClientReply:client-859D8C9D7B89->65797d0d-2d4a-456d-9b24-1d63a5102722@group-BA7C392EEBCA, cid=1675, SUCCESS, logIndex=2406, commits[65797d0d-2d4a-456d-9b24-1d63a5102722:c2406, aca3f3a4-0773-4ff1-9bb5-1a871868fd09:c2403, abe1c95d-8ae2-42e9-9d83-236e3c187d51:c2403]
2019-07-09 04:31:27,078 INFO  client.GrpcClientProtocolClient (GrpcClientProtocolClient.java:onNext(255)) - client-859D8C9D7B89->65797d0d-2d4a-456d-9b24-1d63a5102722: receive RaftClientReply:client-859D8C9D7B89->65797d0d-2d4a-456d-9b24-1d63a5102722@group-BA7C392EEBCA, cid=1676, SUCCESS, logIndex=0, commits[65797d0d-2d4a-456d-9b24-1d63a5102722:c2407, aca3f3a4-0773-4ff1-9bb5-1a871868fd09:c2406, abe1c95d-8ae2-42e9-9d83-236e3c187d51:c2406]
2019-07-09 04:31:27,208 INFO  client.GrpcClientProtocolClient (GrpcClientProtocolClient.java:onNext(255)) - client-859D8C9D7B89->65797d0d-2d4a-456d-9b24-1d63a5102722: receive RaftClientReply:client-859D8C9D7B89->65797d0d-2d4a-456d-9b24-1d63a5102722@group-BA7C392EEBCA, cid=1677, SUCCESS, logIndex=2408, commits[65797d0d-2d4a-456d-9b24-1d63a5102722:c2409, aca3f3a4-0773-4ff1-9bb5-1a871868fd09:c2407, abe1c95d-8ae2-42e9-9d83-236e3c187d51:c2407]
2019-07-09 04:31:27,208 INFO  client.GrpcClientProtocolClient (GrpcClientProtocolClient.java:onNext(255)) - client-859D8C9D7B89->65797d0d-2d4a-456d-9b24-1d63a5102722: receive RaftClientReply:client-859D8C9D7B89->65797d0d-2d4a-456d-9b24-1d63a5102722@group-BA7C392EEBCA, cid=1678, SUCCESS, logIndex=2409, commits[65797d0d-2d4a-456d-9b24-1d63a5102722:c2411, aca3f3a4-0773-4ff1-9bb5-1a871868fd09:c2407, abe1c95d-8ae2-42e9-9d83-236e3c187d51:c2407]
2019-07-09 04:31:27,209 INFO  client.GrpcClientProtocolClient (GrpcClientProtocolClient.java:onNext(255)) - client-859D8C9D7B89->65797d0d-2d4a-456d-9b24-1d63a5102722: receive RaftClientReply:client-859D8C9D7B89->65797d0d-2d4a-456d-9b24-1d63a5102722@group-BA7C392EEBCA, cid=1679, SUCCESS, logIndex=2410, commits[65797d0d-2d4a-456d-9b24-1d63a5102722:c2412, aca3f3a4-0773-4ff1-9bb5-1a871868fd09:c2409, abe1c95d-8ae2-42e9-9d83-236e3c187d51:c2407]
2019-07-09 04:31:27,209 INFO  client.GrpcClientProtocolClient (GrpcClientProtocolClient.java:onNext(255)) - client-859D8C9D7B89->65797d0d-2d4a-456d-9b24-1d63a5102722: receive RaftClientReply:client-859D8C9D7B89->65797d0d-2d4a-456d-9b24-1d63a5102722@group-BA7C392EEBCA, cid=1680, SUCCESS, logIndex=2411, commits[65797d0d-2d4a-456d-9b24-1d63a5102722:c2412, aca3f3a4-0773-4ff1-9bb5-1a871868fd09:c2409, abe1c95d-8ae2-42e9-9d83-236e3c187d51:c2407]
2019-07-09 04:31:27,211 INFO  client.GrpcClientProtocolClient (GrpcClientProtocolClient.java:onNext(255)) - client-859D8C9D7B89->65797d0d-2d4a-456d-9b24-1d63a5102722: receive RaftClientReply:client-859D8C9D7B89->65797d0d-2d4a-456d-9b24-1d63a5102722@group-BA7C392EEBCA, cid=1681, SUCCESS, logIndex=0, commits[65797d0d-2d4a-456d-9b24-1d63a5102722:c2413, aca3f3a4-0773-4ff1-9bb5-1a871868fd09:c2410, abe1c95d-8ae2-42e9-9d83-236e3c187d51:c2409]
2019-07-09 04:31:27,224 INFO  client.GrpcClientProtocolClient (GrpcClientProtocolClient.java:onNext(255)) - client-859D8C9D7B89->65797d0d-2d4a-456d-9b24-1d63a5102722: receive RaftClientReply:client-859D8C9D7B89->65797d0d-2d4a-456d-9b24-1d63a5102722@group-BA7C392EEBCA, cid=1682, SUCCESS, logIndex=2416, commits[65797d0d-2d4a-456d-9b24-1d63a5102722:c2417, aca3f3a4-0773-4ff1-9bb5-1a871868fd09:c2415, abe1c95d-8ae2-42e9-9d83-236e3c187d51:c2411]
2019-07-09 04:31:27,225 INFO  client.GrpcClientProtocolClient (GrpcClientProtocolClient.java:onNext(255)) - client-859D8C9D7B89->65797d0d-2d4a-456d-9b24-1d63a5102722: receive RaftClientReply:client-859D8C9D7B89->65797d0d-2d4a-456d-9b24-1d63a5102722@group-BA7C392EEBCA, cid=1683, SUCCESS, logIndex=2417, commits[65797d0d-2d4a-456d-9b24-1d63a5102722:c2417, aca3f3a4-0773-4ff1-9bb5-1a871868fd09:c2415, abe1c95d-8ae2-42e9-9d83-236e3c187d51:c2415]
2019-07-09 04:31:27,241 INFO  client.GrpcClientProtocolClient (GrpcClientProtocolClient.java:onNext(255)) - client-859D8C9D7B89->65797d0d-2d4a-456d-9b24-1d63a5102722: receive RaftClientReply:client-859D8C9D7B89->65797d0d-2d4a-456d-9b24-1d63a5102722@group-BA7C392EEBCA, cid=1684, SUCCESS, logIndex=2420, commits[65797d0d-2d4a-456d-9b24-1d63a5102722:c2421, aca3f3a4-0773-4ff1-9bb5-1a871868fd09:c2418, abe1c95d-8ae2-42e9-9d83-236e3c187d51:c2417]
2019-07-09 04:31:27,241 INFO  client.GrpcClientProtocolClient (GrpcClientProtocolClient.java:onNext(255)) - client-859D8C9D7B89->65797d0d-2d4a-456d-9b24-1d63a5102722: receive RaftClientReply:client-859D8C9D7B89->65797d0d-2d4a-456d-9b24-1d63a5102722@group-BA7C392EEBCA, cid=1685, SUCCESS, logIndex=2421, commits[65797d0d-2d4a-456d-9b24-1d63a5102722:c2421, aca3f3a4-0773-4ff1-9bb5-1a871868fd09:c2418, abe1c95d-8ae2-42e9-9d83-236e3c187d51:c2418]
2019-07-09 04:31:27,244 INFO  client.GrpcClientProtocolClient (GrpcClientProtocolClient.java:onNext(255)) - client-859D8C9D7B89->65797d0d-2d4a-456d-9b24-1d63a5102722: receive RaftClientReply:client-859D8C9D7B89->65797d0d-2d4a-456d-9b24-1d63a5102722@group-BA7C392EEBCA, cid=1686, SUCCESS, logIndex=0, commits[65797d0d-2d4a-456d-9b24-1d63a5102722:c2423, aca3f3a4-0773-4ff1-9bb5-1a871868fd09:c2421, abe1c95d-8ae2-42e9-9d83-236e3c187d51:c2421]
2019-07-09 04:31:27,274 INFO  client.GrpcClientProtocolClient (GrpcClientProtocolClient.java:onNext(255)) - client-859D8C9D7B89->65797d0d-2d4a-456d-9b24-1d63a5102722: receive RaftClientReply:client-859D8C9D7B89->65797d0d-2d4a-456d-9b24-1d63a5102722@group-BA7C392EEBCA, cid=1687, SUCCESS, logIndex=2424, commits[65797d0d-2d4a-456d-9b24-1d63a5102722:c2425, aca3f3a4-0773-4ff1-9bb5-1a871868fd09:c2423, abe1c95d-8ae2-42e9-9d83-236e3c187d51:c2423]
2019-07-09 04:31:27,275 INFO  client.GrpcClientProtocolClient (GrpcClientProtocolClient.java:onNext(255)) - client-859D8C9D7B89->65797d0d-2d4a-456d-9b24-1d63a5102722: receive RaftClientReply:client-859D8C9D7B89->65797d0d-2d4a-456d-9b24-1d63a5102722@group-BA7C392EEBCA, cid=1688, SUCCESS, logIndex=2425, commits[65797d0d-2d4a-456d-9b24-1d63a5102722:c2425, aca3f3a4-0773-4ff1-9bb5-1a871868fd09:c2423, abe1c95d-8ae2-42e9-9d83-236e3c187d51:c2423]
2019-07-09 04:31:27,284 INFO  client.GrpcClientProtocolClient (GrpcClientProtocolClient.java:onNext(255)) - client-859D8C9D7B89->65797d0d-2d4a-456d-9b24-1d63a5102722: receive RaftClientReply:client-859D8C9D7B89->65797d0d-2d4a-456d-9b24-1d63a5102722@group-BA7C392EEBCA, cid=1689, SUCCESS, logIndex=2426, commits[65797d0d-2d4a-456d-9b24-1d63a5102722:c2427, aca3f3a4-0773-4ff1-9bb5-1a871868fd09:c2423, abe1c95d-8ae2-42e9-9d83-236e3c187d51:c2423]
2019-07-09 04:31:27,284 INFO  client.GrpcClientProtocolClient (GrpcClientProtocolClient.java:onNext(255)) - client-859D8C9D7B89->65797d0d-2d4a-456d-9b24-1d63a5102722: receive RaftClientReply:client-859D8C9D7B89->65797d0d-2d4a-456d-9b24-1d63a5102722@group-BA7C392EEBCA, cid=1690, SUCCESS, logIndex=2427, commits[65797d0d-2d4a-456d-9b24-1d63a5102722:c2427, aca3f3a4-0773-4ff1-9bb5-1a871868fd09:c2423, abe1c95d-8ae2-42e9-9d83-236e3c187d51:c2423]
2019-07-09 04:31:27,286 INFO  client.GrpcClientProtocolClient (GrpcClientProtocolClient.java:onNext(255)) - client-859D8C9D7B89->65797d0d-2d4a-456d-9b24-1d63a5102722: receive RaftClientReply:client-859D8C9D7B89->65797d0d-2d4a-456d-9b24-1d63a5102722@group-BA7C392EEBCA, cid=1691, SUCCESS, logIndex=0, commits[65797d0d-2d4a-456d-9b24-1d63a5102722:c2429, aca3f3a4-0773-4ff1-9bb5-1a871868fd09:c2425, abe1c95d-8ae2-42e9-9d83-236e3c187d51:c2425]
2019-07-09 04:31:27,306 INFO  client.GrpcClientProtocolClient (GrpcClientProtocolClient.java:onNext(255)) - client-859D8C9D7B89->65797d0d-2d4a-456d-9b24-1d63a5102722: receive RaftClientReply:client-859D8C9D7B89->65797d0d-2d4a-456d-9b24-1d63a5102722@group-BA7C392EEBCA, cid=1692, SUCCESS, logIndex=2432, commits[65797d0d-2d4a-456d-9b24-1d63a5102722:c2433, aca3f3a4-0773-4ff1-9bb5-1a871868fd09:c2431, abe1c95d-8ae2-42e9-9d83-236e3c187d51:c2431]
2019-07-09 04:31:27,306 INFO  client.GrpcClientProtocolClient (GrpcClientProtocolClient.java:onNext(255)) - client-859D8C9D7B89->65797d0d-2d4a-456d-9b24-1d63a5102722: receive RaftClientReply:client-859D8C9D7B89->65797d0d-2d4a-456d-9b24-1d63a5102722@group-BA7C392EEBCA, cid=1693, SUCCESS, logIndex=2433, commits[65797d0d-2d4a-456d-9b24-1d63a5102722:c2433, aca3f3a4-0773-4ff1-9bb5-1a871868fd09:c2431, abe1c95d-8ae2-42e9-9d83-236e3c187d51:c2431]
2019-07-09 04:31:27,321 INFO  client.GrpcClientProtocolClient (GrpcClientProtocolClient.java:onNext(255)) - client-859D8C9D7B89->65797d0d-2d4a-456d-9b24-1d63a5102722: receive RaftClientReply:client-859D8C9D7B89->65797d0d-2d4a-456d-9b24-1d63a5102722@group-BA7C392EEBCA, cid=1694, SUCCESS, logIndex=2436, commits[65797d0d-2d4a-456d-9b24-1d63a5102722:c2437, aca3f3a4-0773-4ff1-9bb5-1a871868fd09:c2433, abe1c95d-8ae2-42e9-9d83-236e3c187d51:c2433]
2019-07-09 04:31:27,321 INFO  client.GrpcClientProtocolClient (GrpcClientProtocolClient.java:onNext(255)) - client-859D8C9D7B89->65797d0d-2d4a-456d-9b24-1d63a5102722: receive RaftClientReply:client-859D8C9D7B89->65797d0d-2d4a-456d-9b24-1d63a5102722@group-BA7C392EEBCA, cid=1695, SUCCESS, logIndex=2437, commits[65797d0d-2d4a-456d-9b24-1d63a5102722:c2437, aca3f3a4-0773-4ff1-9bb5-1a871868fd09:c2433, abe1c95d-8ae2-42e9-9d83-236e3c187d51:c2433]
2019-07-09 04:31:27,335 INFO  client.GrpcClientProtocolClient (GrpcClientProtocolClient.java:onNext(255)) - client-859D8C9D7B89->65797d0d-2d4a-456d-9b24-1d63a5102722: receive RaftClientReply:client-859D8C9D7B89->65797d0d-2d4a-456d-9b24-1d63a5102722@group-BA7C392EEBCA, cid=1696, SUCCESS, logIndex=0, commits[65797d0d-2d4a-456d-9b24-1d63a5102722:c2438, aca3f3a4-0773-4ff1-9bb5-1a871868fd09:c2437, abe1c95d-8ae2-42e9-9d83-236e3c187d51:c2437]
2019-07-09 04:31:27,362 INFO  client.GrpcClientProtocolClient (GrpcClientProtocolClient.java:onNext(255)) - client-859D8C9D7B89->65797d0d-2d4a-456d-9b24-1d63a5102722: receive RaftClientReply:client-859D8C9D7B89->65797d0d-2d4a-456d-9b24-1d63a5102722@group-BA7C392EEBCA, cid=1697, SUCCESS, logIndex=2440, commits[65797d0d-2d4a-456d-9b24-1d63a5102722:c2442, aca3f3a4-0773-4ff1-9bb5-1a871868fd09:c2439, abe1c95d-8ae2-42e9-9d83-236e3c187d51:c2439]
2019-07-09 04:31:27,363 INFO  client.GrpcClientProtocolClient (GrpcClientProtocolClient.java:onNext(255)) - client-859D8C9D7B89->65797d0d-2d4a-456d-9b24-1d63a5102722: receive RaftClientReply:client-859D8C9D7B89->65797d0d-2d4a-456d-9b24-1d63a5102722@group-BA7C392EEBCA, cid=1698, SUCCESS, logIndex=2441, commits[65797d0d-2d4a-456d-9b24-1d63a5102722:c2443, aca3f3a4-0773-4ff1-9bb5-1a871868fd09:c2439, abe1c95d-8ae2-42e9-9d83-236e3c187d51:c2439]
2019-07-09 04:31:27,363 INFO  client.GrpcClientProtocolClient (GrpcClientProtocolClient.java:onNext(255)) - client-859D8C9D7B89->65797d0d-2d4a-456d-9b24-1d63a5102722: receive RaftClientReply:client-859D8C9D7B89->65797d0d-2d4a-456d-9b24-1d63a5102722@group-BA7C392EEBCA, cid=1699, SUCCESS, logIndex=2442, commits[65797d0d-2d4a-456d-9b24-1d63a5102722:c2443, aca3f3a4-0773-4ff1-9bb5-1a871868fd09:c2439, abe1c95d-8ae2-42e9-9d83-236e3c187d51:c2439]
2019-07-09 04:31:27,364 INFO  client.GrpcClientProtocolClient (GrpcClientProtocolClient.java:onNext(255)) - client-859D8C9D7B89->65797d0d-2d4a-456d-9b24-1d63a5102722: receive RaftClientReply:client-859D8C9D7B89->65797d0d-2d4a-456d-9b24-1d63a5102722@group-BA7C392EEBCA, cid=1700, SUCCESS, logIndex=2443, commits[65797d0d-2d4a-456d-9b24-1d63a5102722:c2443, aca3f3a4-0773-4ff1-9bb5-1a871868fd09:c2439, abe1c95d-8ae2-42e9-9d83-236e3c187d51:c2439]
2019-07-09 04:31:27,365 INFO  client.GrpcClientProtocolClient (GrpcClientProtocolClient.java:onNext(255)) - client-859D8C9D7B89->65797d0d-2d4a-456d-9b24-1d63a5102722: receive RaftClientReply:client-859D8C9D7B89->65797d0d-2d4a-456d-9b24-1d63a5102722@group-BA7C392EEBCA, cid=1701, SUCCESS, logIndex=0, commits[65797d0d-2d4a-456d-9b24-1d63a5102722:c2447, aca3f3a4-0773-4ff1-9bb5-1a871868fd09:c2443, abe1c95d-8ae2-42e9-9d83-236e3c187d51:c2441]
2019-07-09 04:31:27,384 INFO  client.GrpcClientProtocolClient (GrpcClientProtocolClient.java:onNext(255)) - client-859D8C9D7B89->65797d0d-2d4a-456d-9b24-1d63a5102722: receive RaftClientReply:client-859D8C9D7B89->65797d0d-2d4a-456d-9b24-1d63a5102722@group-BA7C392EEBCA, cid=1702, SUCCESS, logIndex=2448, commits[65797d0d-2d4a-456d-9b24-1d63a5102722:c2449, aca3f3a4-0773-4ff1-9bb5-1a871868fd09:c2447, abe1c95d-8ae2-42e9-9d83-236e3c187d51:c2447]
2019-07-09 04:31:27,385 INFO  client.GrpcClientProtocolClient (GrpcClientProtocolClient.java:onNext(255)) - client-859D8C9D7B89->65797d0d-2d4a-456d-9b24-1d63a5102722: receive RaftClientReply:client-859D8C9D7B89->65797d0d-2d4a-456d-9b24-1d63a5102722@group-BA7C392EEBCA, cid=1703, SUCCESS, logIndex=2449, commits[65797d0d-2d4a-456d-9b24-1d63a5102722:c2449, aca3f3a4-0773-4ff1-9bb5-1a871868fd09:c2447, abe1c95d-8ae2-42e9-9d83-236e3c187d51:c2447]
2019-07-09 04:31:27,398 INFO  client.GrpcClientProtocolClient (GrpcClientProtocolClient.java:onNext(255)) - client-859D8C9D7B89->65797d0d-2d4a-456d-9b24-1d63a5102722: receive RaftClientReply:client-859D8C9D7B89->65797d0d-2d4a-456d-9b24-1d63a5102722@group-BA7C392EEBCA, cid=1704, SUCCESS, logIndex=2452, commits[65797d0d-2d4a-456d-9b24-1d63a5102722:c2453, aca3f3a4-0773-4ff1-9bb5-1a871868fd09:c2448, abe1c95d-8ae2-42e9-9d83-236e3c187d51:c2449]
2019-07-09 04:31:27,398 INFO  client.GrpcClientProtocolClient (GrpcClientProtocolClient.java:onNext(255)) - client-859D8C9D7B89->65797d0d-2d4a-456d-9b24-1d63a5102722: receive RaftClientReply:client-859D8C9D7B89->65797d0d-2d4a-456d-9b24-1d63a5102722@group-BA7C392EEBCA, cid=1705, SUCCESS, logIndex=2453, commits[65797d0d-2d4a-456d-9b24-1d63a5102722:c2453, aca3f3a4-0773-4ff1-9bb5-1a871868fd09:c2449, abe1c95d-8ae2-42e9-9d83-236e3c187d51:c2449]
2019-07-09 04:31:27,399 INFO  client.GrpcClientProtocolClient (GrpcClientProtocolClient.java:onNext(255)) - client-859D8C9D7B89->65797d0d-2d4a-456d-9b24-1d63a5102722: receive RaftClientReply:client-859D8C9D7B89->65797d0d-2d4a-456d-9b24-1d63a5102722@group-BA7C392EEBCA, cid=1706, SUCCESS, logIndex=0, commits[65797d0d-2d4a-456d-9b24-1d63a5102722:c2454, aca3f3a4-0773-4ff1-9bb5-1a871868fd09:c2453, abe1c95d-8ae2-42e9-9d83-236e3c187d51:c2453]
2019-07-09 04:31:27,423 INFO  client.GrpcClientProtocolClient (GrpcClientProtocolClient.java:onNext(255)) - client-859D8C9D7B89->65797d0d-2d4a-456d-9b24-1d63a5102722: receive RaftClientReply:client-859D8C9D7B89->65797d0d-2d4a-456d-9b24-1d63a5102722@group-BA7C392EEBCA, cid=1707, SUCCESS, logIndex=2456, commits[65797d0d-2d4a-456d-9b24-1d63a5102722:c2456, aca3f3a4-0773-4ff1-9bb5-1a871868fd09:c2455, abe1c95d-8ae2-42e9-9d83-236e3c187d51:c2455]
2019-07-09 04:31:27,424 INFO  client.GrpcClientProtocolClient (GrpcClientProtocolClient.java:onNext(255)) - client-859D8C9D7B89->65797d0d-2d4a-456d-9b24-1d63a5102722: receive RaftClientReply:client-859D8C9D7B89->65797d0d-2d4a-456d-9b24-1d63a5102722@group-BA7C392EEBCA, cid=1708, SUCCESS, logIndex=2457, commits[65797d0d-2d4a-456d-9b24-1d63a5102722:c2457, aca3f3a4-0773-4ff1-9bb5-1a871868fd09:c2455, abe1c95d-8ae2-42e9-9d83-236e3c187d51:c2455]
2019-07-09 04:31:27,424 INFO  client.GrpcClientProtocolClient (GrpcClientProtocolClient.java:onNext(255)) - client-859D8C9D7B89->65797d0d-2d4a-456d-9b24-1d63a5102722: receive RaftClientReply:client-859D8C9D7B89->65797d0d-2d4a-456d-9b24-1d63a5102722@group-BA7C392EEBCA, cid=1709, SUCCESS, logIndex=2458, commits[65797d0d-2d4a-456d-9b24-1d63a5102722:c2459, aca3f3a4-0773-4ff1-9bb5-1a871868fd09:c2455, abe1c95d-8ae2-42e9-9d83-236e3c187d51:c2455]
2019-07-09 04:31:27,424 INFO  client.GrpcClientProtocolClient (GrpcClientProtocolClient.java:onNext(255)) - client-859D8C9D7B89->65797d0d-2d4a-456d-9b24-1d63a5102722: receive RaftClientReply:client-859D8C9D7B89->65797d0d-2d4a-456d-9b24-1d63a5102722@group-BA7C392EEBCA, cid=1710, SUCCESS, logIndex=2459, commits[65797d0d-2d4a-456d-9b24-1d63a5102722:c2459, aca3f3a4-0773-4ff1-9bb5-1a871868fd09:c2455, abe1c95d-8ae2-42e9-9d83-236e3c187d51:c2455]
2019-07-09 04:31:27,438 INFO  client.GrpcClientProtocolClient (GrpcClientProtocolClient.java:onNext(255)) - client-859D8C9D7B89->65797d0d-2d4a-456d-9b24-1d63a5102722: receive RaftClientReply:client-859D8C9D7B89->65797d0d-2d4a-456d-9b24-1d63a5102722@group-BA7C392EEBCA, cid=1711, SUCCESS, logIndex=0, commits[65797d0d-2d4a-456d-9b24-1d63a5102722:c2461, aca3f3a4-0773-4ff1-9bb5-1a871868fd09:c2457, abe1c95d-8ae2-42e9-9d83-236e3c187d51:c2457]
2019-07-09 04:31:27,458 INFO  client.GrpcClientProtocolClient (GrpcClientProtocolClient.java:onNext(255)) - client-859D8C9D7B89->65797d0d-2d4a-456d-9b24-1d63a5102722: receive RaftClientReply:client-859D8C9D7B89->65797d0d-2d4a-456d-9b24-1d63a5102722@group-BA7C392EEBCA, cid=1712, SUCCESS, logIndex=2464, commits[65797d0d-2d4a-456d-9b24-1d63a5102722:c2465, aca3f3a4-0773-4ff1-9bb5-1a871868fd09:c2463, abe1c95d-8ae2-42e9-9d83-236e3c187d51:c2463]
2019-07-09 04:31:27,459 INFO  client.GrpcClientProtocolClient (GrpcClientProtocolClient.java:onNext(255)) - client-859D8C9D7B89->65797d0d-2d4a-456d-9b24-1d63a5102722: receive RaftClientReply:client-859D8C9D7B89->65797d0d-2d4a-456d-9b24-1d63a5102722@group-BA7C392EEBCA, cid=1713, SUCCESS, logIndex=2465, commits[65797d0d-2d4a-456d-9b24-1d63a5102722:c2465, aca3f3a4-0773-4ff1-9bb5-1a871868fd09:c2463, abe1c95d-8ae2-42e9-9d83-236e3c187d51:c2463]
2019-07-09 04:31:27,484 INFO  client.GrpcClientProtocolClient (GrpcClientProtocolClient.java:onNext(255)) - client-859D8C9D7B89->65797d0d-2d4a-456d-9b24-1d63a5102722: receive RaftClientReply:client-859D8C9D7B89->65797d0d-2d4a-456d-9b24-1d63a5102722@group-BA7C392EEBCA, cid=1714, SUCCESS, logIndex=2468, commits[65797d0d-2d4a-456d-9b24-1d63a5102722:c2469, aca3f3a4-0773-4ff1-9bb5-1a871868fd09:c2465, abe1c95d-8ae2-42e9-9d83-236e3c187d51:c2465]
2019-07-09 04:31:27,484 INFO  client.GrpcClientProtocolClient (GrpcClientProtocolClient.java:onNext(255)) - client-859D8C9D7B89->65797d0d-2d4a-456d-9b24-1d63a5102722: receive RaftClientReply:client-859D8C9D7B89->65797d0d-2d4a-456d-9b24-1d63a5102722@group-BA7C392EEBCA, cid=1715, SUCCESS, logIndex=2469, commits[65797d0d-2d4a-456d-9b24-1d63a5102722:c2469, aca3f3a4-0773-4ff1-9bb5-1a871868fd09:c2465, abe1c95d-8ae2-42e9-9d83-236e3c187d51:c2465]
2019-07-09 04:31:27,496 INFO  client.GrpcClientProtocolClient (GrpcClientProtocolClient.java:onNext(255)) - client-859D8C9D7B89->65797d0d-2d4a-456d-9b24-1d63a5102722: receive RaftClientReply:client-859D8C9D7B89->65797d0d-2d4a-456d-9b24-1d63a5102722@group-BA7C392EEBCA, cid=1716, SUCCESS, logIndex=0, commits[65797d0d-2d4a-456d-9b24-1d63a5102722:c2470, aca3f3a4-0773-4ff1-9bb5-1a871868fd09:c2469, abe1c95d-8ae2-42e9-9d83-236e3c187d51:c2469]
2019-07-09 04:31:27,523 INFO  client.GrpcClientProtocolClient (GrpcClientProtocolClient.java:onNext(255)) - client-859D8C9D7B89->65797d0d-2d4a-456d-9b24-1d63a5102722: receive RaftClientReply:client-859D8C9D7B89->65797d0d-2d4a-456d-9b24-1d63a5102722@group-BA7C392EEBCA, cid=1717, SUCCESS, logIndex=2472, commits[65797d0d-2d4a-456d-9b24-1d63a5102722:c2473, aca3f3a4-0773-4ff1-9bb5-1a871868fd09:c2471, abe1c95d-8ae2-42e9-9d83-236e3c187d51:c2471]
2019-07-09 04:31:27,523 INFO  client.GrpcClientProtocolClient (GrpcClientProtocolClient.java:onNext(255)) - client-859D8C9D7B89->65797d0d-2d4a-456d-9b24-1d63a5102722: receive RaftClientReply:client-859D8C9D7B89->65797d0d-2d4a-456d-9b24-1d63a5102722@group-BA7C392EEBCA, cid=1718, SUCCESS, logIndex=2473, commits[65797d0d-2d4a-456d-9b24-1d63a5102722:c2473, aca3f3a4-0773-4ff1-9bb5-1a871868fd09:c2471, abe1c95d-8ae2-42e9-9d83-236e3c187d51:c2471]
2019-07-09 04:31:27,534 INFO  client.GrpcClientProtocolClient (GrpcClientProtocolClient.java:onNext(255)) - client-859D8C9D7B89->65797d0d-2d4a-456d-9b24-1d63a5102722: receive RaftClientReply:client-859D8C9D7B89->65797d0d-2d4a-456d-9b24-1d63a5102722@group-BA7C392EEBCA, cid=1719, SUCCESS, logIndex=2474, commits[65797d0d-2d4a-456d-9b24-1d63a5102722:c2475, aca3f3a4-0773-4ff1-9bb5-1a871868fd09:c2471, abe1c95d-8ae2-42e9-9d83-236e3c187d51:c2471]
2019-07-09 04:31:27,535 INFO  client.GrpcClientProtocolClient (GrpcClientProtocolClient.java:onNext(255)) - client-859D8C9D7B89->65797d0d-2d4a-456d-9b24-1d63a5102722: receive RaftClientReply:client-859D8C9D7B89->65797d0d-2d4a-456d-9b24-1d63a5102722@group-BA7C392EEBCA, cid=1720, SUCCESS, logIndex=2475, commits[65797d0d-2d4a-456d-9b24-1d63a5102722:c2475, aca3f3a4-0773-4ff1-9bb5-1a871868fd09:c2471, abe1c95d-8ae2-42e9-9d83-236e3c187d51:c2471]
2019-07-09 04:31:27,537 INFO  client.GrpcClientProtocolClient (GrpcClientProtocolClient.java:onNext(255)) - client-859D8C9D7B89->65797d0d-2d4a-456d-9b24-1d63a5102722: receive RaftClientReply:client-859D8C9D7B89->65797d0d-2d4a-456d-9b24-1d63a5102722@group-BA7C392EEBCA, cid=1721, SUCCESS, logIndex=0, commits[65797d0d-2d4a-456d-9b24-1d63a5102722:c2477, aca3f3a4-0773-4ff1-9bb5-1a871868fd09:c2473, abe1c95d-8ae2-42e9-9d83-236e3c187d51:c2473]
2019-07-09 04:31:27,552 INFO  client.GrpcClientProtocolClient (GrpcClientProtocolClient.java:onNext(255)) - client-859D8C9D7B89->65797d0d-2d4a-456d-9b24-1d63a5102722: receive RaftClientReply:client-859D8C9D7B89->65797d0d-2d4a-456d-9b24-1d63a5102722@group-BA7C392EEBCA, cid=1722, SUCCESS, logIndex=2480, commits[65797d0d-2d4a-456d-9b24-1d63a5102722:c2481, aca3f3a4-0773-4ff1-9bb5-1a871868fd09:c2477, abe1c95d-8ae2-42e9-9d83-236e3c187d51:c2477]
2019-07-09 04:31:27,552 INFO  client.GrpcClientProtocolClient (GrpcClientProtocolClient.java:onNext(255)) - client-859D8C9D7B89->65797d0d-2d4a-456d-9b24-1d63a5102722: receive RaftClientReply:client-859D8C9D7B89->65797d0d-2d4a-456d-9b24-1d63a5102722@group-BA7C392EEBCA, cid=1723, SUCCESS, logIndex=2481, commits[65797d0d-2d4a-456d-9b24-1d63a5102722:c2481, aca3f3a4-0773-4ff1-9bb5-1a871868fd09:c2477, abe1c95d-8ae2-42e9-9d83-236e3c187d51:c2477]
2019-07-09 04:31:27,566 INFO  client.GrpcClientProtocolClient (GrpcClientProtocolClient.java:onNext(255)) - client-859D8C9D7B89->65797d0d-2d4a-456d-9b24-1d63a5102722: receive RaftClientReply:client-859D8C9D7B89->65797d0d-2d4a-456d-9b24-1d63a5102722@group-BA7C392EEBCA, cid=1724, SUCCESS, logIndex=2483, commits[65797d0d-2d4a-456d-9b24-1d63a5102722:c2484, aca3f3a4-0773-4ff1-9bb5-1a871868fd09:c2481, abe1c95d-8ae2-42e9-9d83-236e3c187d51:c2481]
2019-07-09 04:31:27,566 INFO  client.GrpcClientProtocolClient (GrpcClientProtocolClient.java:onNext(255)) - client-859D8C9D7B89->65797d0d-2d4a-456d-9b24-1d63a5102722: receive RaftClientReply:client-859D8C9D7B89->65797d0d-2d4a-456d-9b24-1d63a5102722@group-BA7C392EEBCA, cid=1725, SUCCESS, logIndex=2484, commits[65797d0d-2d4a-456d-9b24-1d63a5102722:c2484, aca3f3a4-0773-4ff1-9bb5-1a871868fd09:c2481, abe1c95d-8ae2-42e9-9d83-236e3c187d51:c2481]
2019-07-09 04:31:27,580 INFO  client.GrpcClientProtocolClient (GrpcClientProtocolClient.java:onNext(255)) - client-859D8C9D7B89->65797d0d-2d4a-456d-9b24-1d63a5102722: receive RaftClientReply:client-859D8C9D7B89->65797d0d-2d4a-456d-9b24-1d63a5102722@group-BA7C392EEBCA, cid=1726, SUCCESS, logIndex=0, commits[65797d0d-2d4a-456d-9b24-1d63a5102722:c2486, aca3f3a4-0773-4ff1-9bb5-1a871868fd09:c2484, abe1c95d-8ae2-42e9-9d83-236e3c187d51:c2484]
2019-07-09 04:31:27,611 INFO  client.GrpcClientProtocolClient (GrpcClientProtocolClient.java:onNext(255)) - client-859D8C9D7B89->65797d0d-2d4a-456d-9b24-1d63a5102722: receive RaftClientReply:client-859D8C9D7B89->65797d0d-2d4a-456d-9b24-1d63a5102722@group-BA7C392EEBCA, cid=1727, SUCCESS, logIndex=2487, commits[65797d0d-2d4a-456d-9b24-1d63a5102722:c2488, aca3f3a4-0773-4ff1-9bb5-1a871868fd09:c2486, abe1c95d-8ae2-42e9-9d83-236e3c187d51:c2486]
2019-07-09 04:31:27,612 INFO  client.GrpcClientProtocolClient (GrpcClientProtocolClient.java:onNext(255)) - client-859D8C9D7B89->65797d0d-2d4a-456d-9b24-1d63a5102722: receive RaftClientReply:client-859D8C9D7B89->65797d0d-2d4a-456d-9b24-1d63a5102722@group-BA7C392EEBCA, cid=1728, SUCCESS, logIndex=2488, commits[65797d0d-2d4a-456d-9b24-1d63a5102722:c2490, aca3f3a4-0773-4ff1-9bb5-1a871868fd09:c2486, abe1c95d-8ae2-42e9-9d83-236e3c187d51:c2486]
2019-07-09 04:31:27,612 INFO  client.GrpcClientProtocolClient (GrpcClientProtocolClient.java:onNext(255)) - client-859D8C9D7B89->65797d0d-2d4a-456d-9b24-1d63a5102722: receive RaftClientReply:client-859D8C9D7B89->65797d0d-2d4a-456d-9b24-1d63a5102722@group-BA7C392EEBCA, cid=1729, SUCCESS, logIndex=2489, commits[65797d0d-2d4a-456d-9b24-1d63a5102722:c2490, aca3f3a4-0773-4ff1-9bb5-1a871868fd09:c2486, abe1c95d-8ae2-42e9-9d83-236e3c187d51:c2486]
2019-07-09 04:31:27,613 INFO  client.GrpcClientProtocolClient (GrpcClientProtocolClient.java:onNext(255)) - client-859D8C9D7B89->65797d0d-2d4a-456d-9b24-1d63a5102722: receive RaftClientReply:client-859D8C9D7B89->65797d0d-2d4a-456d-9b24-1d63a5102722@group-BA7C392EEBCA, cid=1730, SUCCESS, logIndex=2490, commits[65797d0d-2d4a-456d-9b24-1d63a5102722:c2490, aca3f3a4-0773-4ff1-9bb5-1a871868fd09:c2486, abe1c95d-8ae2-42e9-9d83-236e3c187d51:c2486]
2019-07-09 04:31:27,625 INFO  client.GrpcClientProtocolClient (GrpcClientProtocolClient.java:onNext(255)) - client-859D8C9D7B89->65797d0d-2d4a-456d-9b24-1d63a5102722: receive RaftClientReply:client-859D8C9D7B89->65797d0d-2d4a-456d-9b24-1d63a5102722@group-BA7C392EEBCA, cid=1731, SUCCESS, logIndex=0, commits[65797d0d-2d4a-456d-9b24-1d63a5102722:c2492, aca3f3a4-0773-4ff1-9bb5-1a871868fd09:c2488, abe1c95d-8ae2-42e9-9d83-236e3c187d51:c2488]
2019-07-09 04:31:27,646 INFO  client.GrpcClientProtocolClient (GrpcClientProtocolClient.java:onNext(255)) - client-859D8C9D7B89->65797d0d-2d4a-456d-9b24-1d63a5102722: receive RaftClientReply:client-859D8C9D7B89->65797d0d-2d4a-456d-9b24-1d63a5102722@group-BA7C392EEBCA, cid=1732, SUCCESS, logIndex=2495, commits[65797d0d-2d4a-456d-9b24-1d63a5102722:c2496, aca3f3a4-0773-4ff1-9bb5-1a871868fd09:c2494, abe1c95d-8ae2-42e9-9d83-236e3c187d51:c2494]
2019-07-09 04:31:27,646 INFO  client.GrpcClientProtocolClient (GrpcClientProtocolClient.java:onNext(255)) - client-859D8C9D7B89->65797d0d-2d4a-456d-9b24-1d63a5102722: receive RaftClientReply:client-859D8C9D7B89->65797d0d-2d4a-456d-9b24-1d63a5102722@group-BA7C392EEBCA, cid=1733, SUCCESS, logIndex=2496, commits[65797d0d-2d4a-456d-9b24-1d63a5102722:c2496, aca3f3a4-0773-4ff1-9bb5-1a871868fd09:c2494, abe1c95d-8ae2-42e9-9d83-236e3c187d51:c2494]
2019-07-09 04:31:27,658 INFO  client.GrpcClientProtocolClient (GrpcClientProtocolClient.java:onNext(255)) - client-859D8C9D7B89->65797d0d-2d4a-456d-9b24-1d63a5102722: receive RaftClientReply:client-859D8C9D7B89->65797d0d-2d4a-456d-9b24-1d63a5102722@group-BA7C392EEBCA, cid=1734, SUCCESS, logIndex=2499, commits[65797d0d-2d4a-456d-9b24-1d63a5102722:c2500, aca3f3a4-0773-4ff1-9bb5-1a871868fd09:c2498, abe1c95d-8ae2-42e9-9d83-236e3c187d51:c2496]
2019-07-09 04:31:27,658 INFO  client.GrpcClientProtocolClient (GrpcClientProtocolClient.java:onNext(255)) - client-859D8C9D7B89->65797d0d-2d4a-456d-9b24-1d63a5102722: receive RaftClientReply:client-859D8C9D7B89->65797d0d-2d4a-456d-9b24-1d63a5102722@group-BA7C392EEBCA, cid=1735, SUCCESS, logIndex=2500, commits[65797d0d-2d4a-456d-9b24-1d63a5102722:c2500, aca3f3a4-0773-4ff1-9bb5-1a871868fd09:c2498, abe1c95d-8ae2-42e9-9d83-236e3c187d51:c2498]
2019-07-09 04:31:27,660 INFO  client.GrpcClientProtocolClient (GrpcClientProtocolClient.java:onNext(255)) - client-859D8C9D7B89->65797d0d-2d4a-456d-9b24-1d63a5102722: receive RaftClientReply:client-859D8C9D7B89->65797d0d-2d4a-456d-9b24-1d63a5102722@group-BA7C392EEBCA, cid=1736, SUCCESS, logIndex=0, commits[65797d0d-2d4a-456d-9b24-1d63a5102722:c2501, aca3f3a4-0773-4ff1-9bb5-1a871868fd09:c2500, abe1c95d-8ae2-42e9-9d83-236e3c187d51:c2500]
2019-07-09 04:31:27,690 INFO  client.GrpcClientProtocolClient (GrpcClientProtocolClient.java:onNext(255)) - client-859D8C9D7B89->65797d0d-2d4a-456d-9b24-1d63a5102722: receive RaftClientReply:client-859D8C9D7B89->65797d0d-2d4a-456d-9b24-1d63a5102722@group-BA7C392EEBCA, cid=1737, SUCCESS, logIndex=2503, commits[65797d0d-2d4a-456d-9b24-1d63a5102722:c2504, aca3f3a4-0773-4ff1-9bb5-1a871868fd09:c2502, abe1c95d-8ae2-42e9-9d83-236e3c187d51:c2502]
2019-07-09 04:31:27,691 INFO  client.GrpcClientProtocolClient (GrpcClientProtocolClient.java:onNext(255)) - client-859D8C9D7B89->65797d0d-2d4a-456d-9b24-1d63a5102722: receive RaftClientReply:client-859D8C9D7B89->65797d0d-2d4a-456d-9b24-1d63a5102722@group-BA7C392EEBCA, cid=1738, SUCCESS, logIndex=2504, commits[65797d0d-2d4a-456d-9b24-1d63a5102722:c2504, aca3f3a4-0773-4ff1-9bb5-1a871868fd09:c2502, abe1c95d-8ae2-42e9-9d83-236e3c187d51:c2502]
2019-07-09 04:31:27,691 INFO  client.GrpcClientProtocolClient (GrpcClientProtocolClient.java:onNext(255)) - client-859D8C9D7B89->65797d0d-2d4a-456d-9b24-1d63a5102722: receive RaftClientReply:client-859D8C9D7B89->65797d0d-2d4a-456d-9b24-1d63a5102722@group-BA7C392EEBCA, cid=1739, SUCCESS, logIndex=2505, commits[65797d0d-2d4a-456d-9b24-1d63a5102722:c2506, aca3f3a4-0773-4ff1-9bb5-1a871868fd09:c2502, abe1c95d-8ae2-42e9-9d83-236e3c187d51:c2502]
2019-07-09 04:31:27,692 INFO  client.GrpcClientProtocolClient (GrpcClientProtocolClient.java:onNext(255)) - client-859D8C9D7B89->65797d0d-2d4a-456d-9b24-1d63a5102722: receive RaftClientReply:client-859D8C9D7B89->65797d0d-2d4a-456d-9b24-1d63a5102722@group-BA7C392EEBCA, cid=1740, SUCCESS, logIndex=2506, commits[65797d0d-2d4a-456d-9b24-1d63a5102722:c2506, aca3f3a4-0773-4ff1-9bb5-1a871868fd09:c2502, abe1c95d-8ae2-42e9-9d83-236e3c187d51:c2502]
2019-07-09 04:31:27,693 INFO  client.GrpcClientProtocolClient (GrpcClientProtocolClient.java:onNext(255)) - client-859D8C9D7B89->65797d0d-2d4a-456d-9b24-1d63a5102722: receive RaftClientReply:client-859D8C9D7B89->65797d0d-2d4a-456d-9b24-1d63a5102722@group-BA7C392EEBCA, cid=1741, SUCCESS, logIndex=0, commits[65797d0d-2d4a-456d-9b24-1d63a5102722:c2508, aca3f3a4-0773-4ff1-9bb5-1a871868fd09:c2504, abe1c95d-8ae2-42e9-9d83-236e3c187d51:c2504]
2019-07-09 04:31:27,713 INFO  client.GrpcClientProtocolClient (GrpcClientProtocolClient.java:onNext(255)) - client-859D8C9D7B89->65797d0d-2d4a-456d-9b24-1d63a5102722: receive RaftClientReply:client-859D8C9D7B89->65797d0d-2d4a-456d-9b24-1d63a5102722@group-BA7C392EEBCA, cid=1742, SUCCESS, logIndex=2511, commits[65797d0d-2d4a-456d-9b24-1d63a5102722:c2512, aca3f3a4-0773-4ff1-9bb5-1a871868fd09:c2510, abe1c95d-8ae2-42e9-9d83-236e3c187d51:c2510]
2019-07-09 04:31:27,714 INFO  client.GrpcClientProtocolClient (GrpcClientProtocolClient.java:onNext(255)) - client-859D8C9D7B89->65797d0d-2d4a-456d-9b24-1d63a5102722: receive RaftClientReply:client-859D8C9D7B89->65797d0d-2d4a-456d-9b24-1d63a5102722@group-BA7C392EEBCA, cid=1743, SUCCESS, logIndex=2512, commits[65797d0d-2d4a-456d-9b24-1d63a5102722:c2512, aca3f3a4-0773-4ff1-9bb5-1a871868fd09:c2510, abe1c95d-8ae2-42e9-9d83-236e3c187d51:c2510]
2019-07-09 04:31:27,728 INFO  client.GrpcClientProtocolClient (GrpcClientProtocolClient.java:onNext(255)) - client-859D8C9D7B89->65797d0d-2d4a-456d-9b24-1d63a5102722: receive RaftClientReply:client-859D8C9D7B89->65797d0d-2d4a-456d-9b24-1d63a5102722@group-BA7C392EEBCA, cid=1744, SUCCESS, logIndex=2515, commits[65797d0d-2d4a-456d-9b24-1d63a5102722:c2516, aca3f3a4-0773-4ff1-9bb5-1a871868fd09:c2512, abe1c95d-8ae2-42e9-9d83-236e3c187d51:c2512]
2019-07-09 04:31:27,728 INFO  client.GrpcClientProtocolClient (GrpcClientProtocolClient.java:onNext(255)) - client-859D8C9D7B89->65797d0d-2d4a-456d-9b24-1d63a5102722: receive RaftClientReply:client-859D8C9D7B89->65797d0d-2d4a-456d-9b24-1d63a5102722@group-BA7C392EEBCA, cid=1745, SUCCESS, logIndex=2516, commits[65797d0d-2d4a-456d-9b24-1d63a5102722:c2516, aca3f3a4-0773-4ff1-9bb5-1a871868fd09:c2512, abe1c95d-8ae2-42e9-9d83-236e3c187d51:c2512]
2019-07-09 04:31:27,743 INFO  client.GrpcClientProtocolClient (GrpcClientProtocolClient.java:onNext(255)) - client-859D8C9D7B89->65797d0d-2d4a-456d-9b24-1d63a5102722: receive RaftClientReply:client-859D8C9D7B89->65797d0d-2d4a-456d-9b24-1d63a5102722@group-BA7C392EEBCA, cid=1746, SUCCESS, logIndex=0, commits[65797d0d-2d4a-456d-9b24-1d63a5102722:c2517, aca3f3a4-0773-4ff1-9bb5-1a871868fd09:c2516, abe1c95d-8ae2-42e9-9d83-236e3c187d51:c2516]
2019-07-09 04:31:27,861 INFO  client.GrpcClientProtocolClient (GrpcClientProtocolClient.java:onNext(255)) - client-859D8C9D7B89->65797d0d-2d4a-456d-9b24-1d63a5102722: receive RaftClientReply:client-859D8C9D7B89->65797d0d-2d4a-456d-9b24-1d63a5102722@group-BA7C392EEBCA, cid=1747, SUCCESS, logIndex=2519, commits[65797d0d-2d4a-456d-9b24-1d63a5102722:c2520, aca3f3a4-0773-4ff1-9bb5-1a871868fd09:c2518, abe1c95d-8ae2-42e9-9d83-236e3c187d51:c2518]
2019-07-09 04:31:27,862 INFO  client.GrpcClientProtocolClient (GrpcClientProtocolClient.java:onNext(255)) - client-859D8C9D7B89->65797d0d-2d4a-456d-9b24-1d63a5102722: receive RaftClientReply:client-859D8C9D7B89->65797d0d-2d4a-456d-9b24-1d63a5102722@group-BA7C392EEBCA, cid=1748, SUCCESS, logIndex=2520, commits[65797d0d-2d4a-456d-9b24-1d63a5102722:c2522, aca3f3a4-0773-4ff1-9bb5-1a871868fd09:c2518, abe1c95d-8ae2-42e9-9d83-236e3c187d51:c2518]
2019-07-09 04:31:27,862 INFO  client.GrpcClientProtocolClient (GrpcClientProtocolClient.java:onNext(255)) - client-859D8C9D7B89->65797d0d-2d4a-456d-9b24-1d63a5102722: receive RaftClientReply:client-859D8C9D7B89->65797d0d-2d4a-456d-9b24-1d63a5102722@group-BA7C392EEBCA, cid=1749, SUCCESS, logIndex=2521, commits[65797d0d-2d4a-456d-9b24-1d63a5102722:c2522, aca3f3a4-0773-4ff1-9bb5-1a871868fd09:c2518, abe1c95d-8ae2-42e9-9d83-236e3c187d51:c2518]
2019-07-09 04:31:27,862 INFO  client.GrpcClientProtocolClient (GrpcClientProtocolClient.java:onNext(255)) - client-859D8C9D7B89->65797d0d-2d4a-456d-9b24-1d63a5102722: receive RaftClientReply:client-859D8C9D7B89->65797d0d-2d4a-456d-9b24-1d63a5102722@group-BA7C392EEBCA, cid=1750, SUCCESS, logIndex=2522, commits[65797d0d-2d4a-456d-9b24-1d63a5102722:c2522, aca3f3a4-0773-4ff1-9bb5-1a871868fd09:c2518, abe1c95d-8ae2-42e9-9d83-236e3c187d51:c2518]
 0.00% |█                                                                                                    |  0/1 Time: 0:00:132019-07-09 04:31:27,875 INFO  client.GrpcClientProtocolClient (GrpcClientProtocolClient.java:onNext(255)) - client-859D8C9D7B89->65797d0d-2d4a-456d-9b24-1d63a5102722: receive RaftClientReply:client-859D8C9D7B89->65797d0d-2d4a-456d-9b24-1d63a5102722@group-BA7C392EEBCA, cid=1751, SUCCESS, logIndex=0, commits[65797d0d-2d4a-456d-9b24-1d63a5102722:c2524, aca3f3a4-0773-4ff1-9bb5-1a871868fd09:c2520, abe1c95d-8ae2-42e9-9d83-236e3c187d51:c2520]
2019-07-09 04:31:27,895 INFO  client.GrpcClientProtocolClient (GrpcClientProtocolClient.java:onNext(255)) - client-859D8C9D7B89->65797d0d-2d4a-456d-9b24-1d63a5102722: receive RaftClientReply:client-859D8C9D7B89->65797d0d-2d4a-456d-9b24-1d63a5102722@group-BA7C392EEBCA, cid=1752, SUCCESS, logIndex=2527, commits[65797d0d-2d4a-456d-9b24-1d63a5102722:c2528, aca3f3a4-0773-4ff1-9bb5-1a871868fd09:c2526, abe1c95d-8ae2-42e9-9d83-236e3c187d51:c2526]
2019-07-09 04:31:27,896 INFO  client.GrpcClientProtocolClient (GrpcClientProtocolClient.java:onNext(255)) - client-859D8C9D7B89->65797d0d-2d4a-456d-9b24-1d63a5102722: receive RaftClientReply:client-859D8C9D7B89->65797d0d-2d4a-456d-9b24-1d63a5102722@group-BA7C392EEBCA, cid=1753, SUCCESS, logIndex=2528, commits[65797d0d-2d4a-456d-9b24-1d63a5102722:c2528, aca3f3a4-0773-4ff1-9bb5-1a871868fd09:c2526, abe1c95d-8ae2-42e9-9d83-236e3c187d51:c2526]
2019-07-09 04:31:27,908 INFO  client.GrpcClientProtocolClient (GrpcClientProtocolClient.java:onNext(255)) - client-859D8C9D7B89->65797d0d-2d4a-456d-9b24-1d63a5102722: receive RaftClientReply:client-859D8C9D7B89->65797d0d-2d4a-456d-9b24-1d63a5102722@group-BA7C392EEBCA, cid=1754, SUCCESS, logIndex=2531, commits[65797d0d-2d4a-456d-9b24-1d63a5102722:c2532, aca3f3a4-0773-4ff1-9bb5-1a871868fd09:c2528, abe1c95d-8ae2-42e9-9d83-236e3c187d51:c2528]
2019-07-09 04:31:27,909 INFO  client.GrpcClientProtocolClient (GrpcClientProtocolClient.java:onNext(255)) - client-859D8C9D7B89->65797d0d-2d4a-456d-9b24-1d63a5102722: receive RaftClientReply:client-859D8C9D7B89->65797d0d-2d4a-456d-9b24-1d63a5102722@group-BA7C392EEBCA, cid=1755, SUCCESS, logIndex=2532, commits[65797d0d-2d4a-456d-9b24-1d63a5102722:c2532, aca3f3a4-0773-4ff1-9bb5-1a871868fd09:c2528, abe1c95d-8ae2-42e9-9d83-236e3c187d51:c2528]
2019-07-09 04:31:27,928 INFO  client.GrpcClientProtocolClient (GrpcClientProtocolClient.java:onNext(255)) - client-859D8C9D7B89->65797d0d-2d4a-456d-9b24-1d63a5102722: receive RaftClientReply:client-859D8C9D7B89->65797d0d-2d4a-456d-9b24-1d63a5102722@group-BA7C392EEBCA, cid=1756, SUCCESS, logIndex=0, commits[65797d0d-2d4a-456d-9b24-1d63a5102722:c2533, aca3f3a4-0773-4ff1-9bb5-1a871868fd09:c2532, abe1c95d-8ae2-42e9-9d83-236e3c187d51:c2532]
2019-07-09 04:31:27,955 INFO  client.GrpcClientProtocolClient (GrpcClientProtocolClient.java:onNext(255)) - client-859D8C9D7B89->65797d0d-2d4a-456d-9b24-1d63a5102722: receive RaftClientReply:client-859D8C9D7B89->65797d0d-2d4a-456d-9b24-1d63a5102722@group-BA7C392EEBCA, cid=1757, SUCCESS, logIndex=2535, commits[65797d0d-2d4a-456d-9b24-1d63a5102722:c2536, aca3f3a4-0773-4ff1-9bb5-1a871868fd09:c2534, abe1c95d-8ae2-42e9-9d83-236e3c187d51:c2534]
2019-07-09 04:31:27,956 INFO  client.GrpcClientProtocolClient (GrpcClientProtocolClient.java:onNext(255)) - client-859D8C9D7B89->65797d0d-2d4a-456d-9b24-1d63a5102722: receive RaftClientReply:client-859D8C9D7B89->65797d0d-2d4a-456d-9b24-1d63a5102722@group-BA7C392EEBCA, cid=1758, SUCCESS, logIndex=2536, commits[65797d0d-2d4a-456d-9b24-1d63a5102722:c2538, aca3f3a4-0773-4ff1-9bb5-1a871868fd09:c2534, abe1c95d-8ae2-42e9-9d83-236e3c187d51:c2534]
2019-07-09 04:31:27,956 INFO  client.GrpcClientProtocolClient (GrpcClientProtocolClient.java:onNext(255)) - client-859D8C9D7B89->65797d0d-2d4a-456d-9b24-1d63a5102722: receive RaftClientReply:client-859D8C9D7B89->65797d0d-2d4a-456d-9b24-1d63a5102722@group-BA7C392EEBCA, cid=1759, SUCCESS, logIndex=2537, commits[65797d0d-2d4a-456d-9b24-1d63a5102722:c2538, aca3f3a4-0773-4ff1-9bb5-1a871868fd09:c2534, abe1c95d-8ae2-42e9-9d83-236e3c187d51:c2534]
2019-07-09 04:31:27,956 INFO  client.GrpcClientProtocolClient (GrpcClientProtocolClient.java:onNext(255)) - client-859D8C9D7B89->65797d0d-2d4a-456d-9b24-1d63a5102722: receive RaftClientReply:client-859D8C9D7B89->65797d0d-2d4a-456d-9b24-1d63a5102722@group-BA7C392EEBCA, cid=1760, SUCCESS, logIndex=2538, commits[65797d0d-2d4a-456d-9b24-1d63a5102722:c2538, aca3f3a4-0773-4ff1-9bb5-1a871868fd09:c2534, abe1c95d-8ae2-42e9-9d83-236e3c187d51:c2534]
2019-07-09 04:31:27,959 INFO  client.GrpcClientProtocolClient (GrpcClientProtocolClient.java:onNext(255)) - client-859D8C9D7B89->65797d0d-2d4a-456d-9b24-1d63a5102722: receive RaftClientReply:client-859D8C9D7B89->65797d0d-2d4a-456d-9b24-1d63a5102722@group-BA7C392EEBCA, cid=1761, SUCCESS, logIndex=0, commits[65797d0d-2d4a-456d-9b24-1d63a5102722:c2539, aca3f3a4-0773-4ff1-9bb5-1a871868fd09:c2536, abe1c95d-8ae2-42e9-9d83-236e3c187d51:c2536]
2019-07-09 04:31:27,971 INFO  client.GrpcClientProtocolClient (GrpcClientProtocolClient.java:onNext(255)) - client-859D8C9D7B89->65797d0d-2d4a-456d-9b24-1d63a5102722: receive RaftClientReply:client-859D8C9D7B89->65797d0d-2d4a-456d-9b24-1d63a5102722@group-BA7C392EEBCA, cid=1762, SUCCESS, logIndex=2543, commits[65797d0d-2d4a-456d-9b24-1d63a5102722:c2544, aca3f3a4-0773-4ff1-9bb5-1a871868fd09:c2539, abe1c95d-8ae2-42e9-9d83-236e3c187d51:c2538]
2019-07-09 04:31:27,972 INFO  client.GrpcClientProtocolClient (GrpcClientProtocolClient.java:onNext(255)) - client-859D8C9D7B89->65797d0d-2d4a-456d-9b24-1d63a5102722: receive RaftClientReply:client-859D8C9D7B89->65797d0d-2d4a-456d-9b24-1d63a5102722@group-BA7C392EEBCA, cid=1763, SUCCESS, logIndex=2544, commits[65797d0d-2d4a-456d-9b24-1d63a5102722:c2544, aca3f3a4-0773-4ff1-9bb5-1a871868fd09:c2539, abe1c95d-8ae2-42e9-9d83-236e3c187d51:c2539]
2019-07-09 04:31:27,990 INFO  client.GrpcClientProtocolClient (GrpcClientProtocolClient.java:onNext(255)) - client-859D8C9D7B89->65797d0d-2d4a-456d-9b24-1d63a5102722: receive RaftClientReply:client-859D8C9D7B89->65797d0d-2d4a-456d-9b24-1d63a5102722@group-BA7C392EEBCA, cid=1764, SUCCESS, logIndex=2547, commits[65797d0d-2d4a-456d-9b24-1d63a5102722:c2548, aca3f3a4-0773-4ff1-9bb5-1a871868fd09:c2545, abe1c95d-8ae2-42e9-9d83-236e3c187d51:c2545]
2019-07-09 04:31:27,990 INFO  client.GrpcClientProtocolClient (GrpcClientProtocolClient.java:onNext(255)) - client-859D8C9D7B89->65797d0d-2d4a-456d-9b24-1d63a5102722: receive RaftClientReply:client-859D8C9D7B89->65797d0d-2d4a-456d-9b24-1d63a5102722@group-BA7C392EEBCA, cid=1765, SUCCESS, logIndex=2548, commits[65797d0d-2d4a-456d-9b24-1d63a5102722:c2548, aca3f3a4-0773-4ff1-9bb5-1a871868fd09:c2545, abe1c95d-8ae2-42e9-9d83-236e3c187d51:c2545]
2019-07-09 04:31:28,004 INFO  client.GrpcClientProtocolClient (GrpcClientProtocolClient.java:onNext(255)) - client-859D8C9D7B89->65797d0d-2d4a-456d-9b24-1d63a5102722: receive RaftClientReply:client-859D8C9D7B89->65797d0d-2d4a-456d-9b24-1d63a5102722@group-BA7C392EEBCA, cid=1766, SUCCESS, logIndex=0, commits[65797d0d-2d4a-456d-9b24-1d63a5102722:c2550, aca3f3a4-0773-4ff1-9bb5-1a871868fd09:c2548, abe1c95d-8ae2-42e9-9d83-236e3c187d51:c2548]
2019-07-09 04:31:28,045 INFO  client.GrpcClientProtocolClient (GrpcClientProtocolClient.java:onNext(255)) - client-859D8C9D7B89->65797d0d-2d4a-456d-9b24-1d63a5102722: receive RaftClientReply:client-859D8C9D7B89->65797d0d-2d4a-456d-9b24-1d63a5102722@group-BA7C392EEBCA, cid=1767, SUCCESS, logIndex=2551, commits[65797d0d-2d4a-456d-9b24-1d63a5102722:c2552, aca3f3a4-0773-4ff1-9bb5-1a871868fd09:c2550, abe1c95d-8ae2-42e9-9d83-236e3c187d51:c2550]
2019-07-09 04:31:28,046 INFO  client.GrpcClientProtocolClient (GrpcClientProtocolClient.java:onNext(255)) - client-859D8C9D7B89->65797d0d-2d4a-456d-9b24-1d63a5102722: receive RaftClientReply:client-859D8C9D7B89->65797d0d-2d4a-456d-9b24-1d63a5102722@group-BA7C392EEBCA, cid=1768, SUCCESS, logIndex=2552, commits[65797d0d-2d4a-456d-9b24-1d63a5102722:c2553, aca3f3a4-0773-4ff1-9bb5-1a871868fd09:c2550, abe1c95d-8ae2-42e9-9d83-236e3c187d51:c2550]
2019-07-09 04:31:28,046 INFO  client.GrpcClientProtocolClient (GrpcClientProtocolClient.java:onNext(255)) - client-859D8C9D7B89->65797d0d-2d4a-456d-9b24-1d63a5102722: receive RaftClientReply:client-859D8C9D7B89->65797d0d-2d4a-456d-9b24-1d63a5102722@group-BA7C392EEBCA, cid=1769, SUCCESS, logIndex=2553, commits[65797d0d-2d4a-456d-9b24-1d63a5102722:c2554, aca3f3a4-0773-4ff1-9bb5-1a871868fd09:c2550, abe1c95d-8ae2-42e9-9d83-236e3c187d51:c2550]
2019-07-09 04:31:28,046 INFO  client.GrpcClientProtocolClient (GrpcClientProtocolClient.java:onNext(255)) - client-859D8C9D7B89->65797d0d-2d4a-456d-9b24-1d63a5102722: receive RaftClientReply:client-859D8C9D7B89->65797d0d-2d4a-456d-9b24-1d63a5102722@group-BA7C392EEBCA, cid=1770, SUCCESS, logIndex=2554, commits[65797d0d-2d4a-456d-9b24-1d63a5102722:c2554, aca3f3a4-0773-4ff1-9bb5-1a871868fd09:c2550, abe1c95d-8ae2-42e9-9d83-236e3c187d51:c2550]
2019-07-09 04:31:28,059 INFO  client.GrpcClientProtocolClient (GrpcClientProtocolClient.java:onNext(255)) - client-859D8C9D7B89->65797d0d-2d4a-456d-9b24-1d63a5102722: receive RaftClientReply:client-859D8C9D7B89->65797d0d-2d4a-456d-9b24-1d63a5102722@group-BA7C392EEBCA, cid=1771, SUCCESS, logIndex=0, commits[65797d0d-2d4a-456d-9b24-1d63a5102722:c2556, aca3f3a4-0773-4ff1-9bb5-1a871868fd09:c2552, abe1c95d-8ae2-42e9-9d83-236e3c187d51:c2552]
2019-07-09 04:31:28,078 INFO  client.GrpcClientProtocolClient (GrpcClientProtocolClient.java:onNext(255)) - client-859D8C9D7B89->65797d0d-2d4a-456d-9b24-1d63a5102722: receive RaftClientReply:client-859D8C9D7B89->65797d0d-2d4a-456d-9b24-1d63a5102722@group-BA7C392EEBCA, cid=1772, SUCCESS, logIndex=2559, commits[65797d0d-2d4a-456d-9b24-1d63a5102722:c2559, aca3f3a4-0773-4ff1-9bb5-1a871868fd09:c2558, abe1c95d-8ae2-42e9-9d83-236e3c187d51:c2558]
2019-07-09 04:31:28,078 INFO  client.GrpcClientProtocolClient (GrpcClientProtocolClient.java:onNext(255)) - client-859D8C9D7B89->65797d0d-2d4a-456d-9b24-1d63a5102722: receive RaftClientReply:client-859D8C9D7B89->65797d0d-2d4a-456d-9b24-1d63a5102722@group-BA7C392EEBCA, cid=1773, SUCCESS, logIndex=2560, commits[65797d0d-2d4a-456d-9b24-1d63a5102722:c2560, aca3f3a4-0773-4ff1-9bb5-1a871868fd09:c2558, abe1c95d-8ae2-42e9-9d83-236e3c187d51:c2558]
2019-07-09 04:31:28,092 INFO  client.GrpcClientProtocolClient (GrpcClientProtocolClient.java:onNext(255)) - client-859D8C9D7B89->65797d0d-2d4a-456d-9b24-1d63a5102722: receive RaftClientReply:client-859D8C9D7B89->65797d0d-2d4a-456d-9b24-1d63a5102722@group-BA7C392EEBCA, cid=1774, SUCCESS, logIndex=2563, commits[65797d0d-2d4a-456d-9b24-1d63a5102722:c2564, aca3f3a4-0773-4ff1-9bb5-1a871868fd09:c2560, abe1c95d-8ae2-42e9-9d83-236e3c187d51:c2560]
2019-07-09 04:31:28,093 INFO  client.GrpcClientProtocolClient (GrpcClientProtocolClient.java:onNext(255)) - client-859D8C9D7B89->65797d0d-2d4a-456d-9b24-1d63a5102722: receive RaftClientReply:client-859D8C9D7B89->65797d0d-2d4a-456d-9b24-1d63a5102722@group-BA7C392EEBCA, cid=1775, SUCCESS, logIndex=2564, commits[65797d0d-2d4a-456d-9b24-1d63a5102722:c2564, aca3f3a4-0773-4ff1-9bb5-1a871868fd09:c2560, abe1c95d-8ae2-42e9-9d83-236e3c187d51:c2560]
2019-07-09 04:31:28,107 INFO  client.GrpcClientProtocolClient (GrpcClientProtocolClient.java:onNext(255)) - client-859D8C9D7B89->65797d0d-2d4a-456d-9b24-1d63a5102722: receive RaftClientReply:client-859D8C9D7B89->65797d0d-2d4a-456d-9b24-1d63a5102722@group-BA7C392EEBCA, cid=1776, SUCCESS, logIndex=0, commits[65797d0d-2d4a-456d-9b24-1d63a5102722:c2566, aca3f3a4-0773-4ff1-9bb5-1a871868fd09:c2564, abe1c95d-8ae2-42e9-9d83-236e3c187d51:c2564]
2019-07-09 04:31:28,133 INFO  client.GrpcClientProtocolClient (GrpcClientProtocolClient.java:onNext(255)) - client-859D8C9D7B89->65797d0d-2d4a-456d-9b24-1d63a5102722: receive RaftClientReply:client-859D8C9D7B89->65797d0d-2d4a-456d-9b24-1d63a5102722@group-BA7C392EEBCA, cid=1777, SUCCESS, logIndex=2567, commits[65797d0d-2d4a-456d-9b24-1d63a5102722:c2568, aca3f3a4-0773-4ff1-9bb5-1a871868fd09:c2566, abe1c95d-8ae2-42e9-9d83-236e3c187d51:c2564]
2019-07-09 04:31:28,134 INFO  client.GrpcClientProtocolClient (GrpcClientProtocolClient.java:onNext(255)) - client-859D8C9D7B89->65797d0d-2d4a-456d-9b24-1d63a5102722: receive RaftClientReply:client-859D8C9D7B89->65797d0d-2d4a-456d-9b24-1d63a5102722@group-BA7C392EEBCA, cid=1778, SUCCESS, logIndex=2568, commits[65797d0d-2d4a-456d-9b24-1d63a5102722:c2568, aca3f3a4-0773-4ff1-9bb5-1a871868fd09:c2566, abe1c95d-8ae2-42e9-9d83-236e3c187d51:c2566]
2019-07-09 04:31:28,136 INFO  client.GrpcClientProtocolClient (GrpcClientProtocolClient.java:onNext(255)) - client-859D8C9D7B89->65797d0d-2d4a-456d-9b24-1d63a5102722: receive RaftClientReply:client-859D8C9D7B89->65797d0d-2d4a-456d-9b24-1d63a5102722@group-BA7C392EEBCA, cid=1779, SUCCESS, logIndex=2569, commits[65797d0d-2d4a-456d-9b24-1d63a5102722:c2570, aca3f3a4-0773-4ff1-9bb5-1a871868fd09:c2566, abe1c95d-8ae2-42e9-9d83-236e3c187d51:c2566]
2019-07-09 04:31:28,137 INFO  client.GrpcClientProtocolClient (GrpcClientProtocolClient.java:onNext(255)) - client-859D8C9D7B89->65797d0d-2d4a-456d-9b24-1d63a5102722: receive RaftClientReply:client-859D8C9D7B89->65797d0d-2d4a-456d-9b24-1d63a5102722@group-BA7C392EEBCA, cid=1780, SUCCESS, logIndex=2570, commits[65797d0d-2d4a-456d-9b24-1d63a5102722:c2571, aca3f3a4-0773-4ff1-9bb5-1a871868fd09:c2567, abe1c95d-8ae2-42e9-9d83-236e3c187d51:c2566]
2019-07-09 04:31:28,138 INFO  client.GrpcClientProtocolClient (GrpcClientProtocolClient.java:onNext(255)) - client-859D8C9D7B89->65797d0d-2d4a-456d-9b24-1d63a5102722: receive RaftClientReply:client-859D8C9D7B89->65797d0d-2d4a-456d-9b24-1d63a5102722@group-BA7C392EEBCA, cid=1781, SUCCESS, logIndex=0, commits[65797d0d-2d4a-456d-9b24-1d63a5102722:c2573, aca3f3a4-0773-4ff1-9bb5-1a871868fd09:c2570, abe1c95d-8ae2-42e9-9d83-236e3c187d51:c2570]
2019-07-09 04:31:28,148 INFO  client.GrpcClientProtocolClient (GrpcClientProtocolClient.java:onNext(255)) - client-859D8C9D7B89->65797d0d-2d4a-456d-9b24-1d63a5102722: receive RaftClientReply:client-859D8C9D7B89->65797d0d-2d4a-456d-9b24-1d63a5102722@group-BA7C392EEBCA, cid=1782, SUCCESS, logIndex=2574, commits[65797d0d-2d4a-456d-9b24-1d63a5102722:c2575, aca3f3a4-0773-4ff1-9bb5-1a871868fd09:c2573, abe1c95d-8ae2-42e9-9d83-236e3c187d51:c2570]
2019-07-09 04:31:28,148 INFO  client.GrpcClientProtocolClient (GrpcClientProtocolClient.java:onNext(255)) - client-859D8C9D7B89->65797d0d-2d4a-456d-9b24-1d63a5102722: receive RaftClientReply:client-859D8C9D7B89->65797d0d-2d4a-456d-9b24-1d63a5102722@group-BA7C392EEBCA, cid=1783, SUCCESS, logIndex=2575, commits[65797d0d-2d4a-456d-9b24-1d63a5102722:c2575, aca3f3a4-0773-4ff1-9bb5-1a871868fd09:c2573, abe1c95d-8ae2-42e9-9d83-236e3c187d51:c2573]
2019-07-09 04:31:28,159 INFO  client.GrpcClientProtocolClient (GrpcClientProtocolClient.java:onNext(255)) - client-859D8C9D7B89->65797d0d-2d4a-456d-9b24-1d63a5102722: receive RaftClientReply:client-859D8C9D7B89->65797d0d-2d4a-456d-9b24-1d63a5102722@group-BA7C392EEBCA, cid=1784, SUCCESS, logIndex=2578, commits[65797d0d-2d4a-456d-9b24-1d63a5102722:c2579, aca3f3a4-0773-4ff1-9bb5-1a871868fd09:c2575, abe1c95d-8ae2-42e9-9d83-236e3c187d51:c2577]
2019-07-09 04:31:28,160 INFO  client.GrpcClientProtocolClient (GrpcClientProtocolClient.java:onNext(255)) - client-859D8C9D7B89->65797d0d-2d4a-456d-9b24-1d63a5102722: receive RaftClientReply:client-859D8C9D7B89->65797d0d-2d4a-456d-9b24-1d63a5102722@group-BA7C392EEBCA, cid=1785, SUCCESS, logIndex=2579, commits[65797d0d-2d4a-456d-9b24-1d63a5102722:c2579, aca3f3a4-0773-4ff1-9bb5-1a871868fd09:c2577, abe1c95d-8ae2-42e9-9d83-236e3c187d51:c2577]
2019-07-09 04:31:28,161 INFO  client.GrpcClientProtocolClient (GrpcClientProtocolClient.java:onNext(255)) - client-859D8C9D7B89->65797d0d-2d4a-456d-9b24-1d63a5102722: receive RaftClientReply:client-859D8C9D7B89->65797d0d-2d4a-456d-9b24-1d63a5102722@group-BA7C392EEBCA, cid=1786, SUCCESS, logIndex=0, commits[65797d0d-2d4a-456d-9b24-1d63a5102722:c2581, aca3f3a4-0773-4ff1-9bb5-1a871868fd09:c2579, abe1c95d-8ae2-42e9-9d83-236e3c187d51:c2579]
2019-07-09 04:31:28,185 INFO  client.GrpcClientProtocolClient (GrpcClientProtocolClient.java:onNext(255)) - client-859D8C9D7B89->65797d0d-2d4a-456d-9b24-1d63a5102722: receive RaftClientReply:client-859D8C9D7B89->65797d0d-2d4a-456d-9b24-1d63a5102722@group-BA7C392EEBCA, cid=1787, SUCCESS, logIndex=2582, commits[65797d0d-2d4a-456d-9b24-1d63a5102722:c2583, aca3f3a4-0773-4ff1-9bb5-1a871868fd09:c2581, abe1c95d-8ae2-42e9-9d83-236e3c187d51:c2581]
2019-07-09 04:31:28,185 INFO  client.GrpcClientProtocolClient (GrpcClientProtocolClient.java:onNext(255)) - client-859D8C9D7B89->65797d0d-2d4a-456d-9b24-1d63a5102722: receive RaftClientReply:client-859D8C9D7B89->65797d0d-2d4a-456d-9b24-1d63a5102722@group-BA7C392EEBCA, cid=1788, SUCCESS, logIndex=2583, commits[65797d0d-2d4a-456d-9b24-1d63a5102722:c2583, aca3f3a4-0773-4ff1-9bb5-1a871868fd09:c2581, abe1c95d-8ae2-42e9-9d83-236e3c187d51:c2581]
2019-07-09 04:31:28,186 INFO  client.GrpcClientProtocolClient (GrpcClientProtocolClient.java:onNext(255)) - client-859D8C9D7B89->65797d0d-2d4a-456d-9b24-1d63a5102722: receive RaftClientReply:client-859D8C9D7B89->65797d0d-2d4a-456d-9b24-1d63a5102722@group-BA7C392EEBCA, cid=1789, SUCCESS, logIndex=2584, commits[65797d0d-2d4a-456d-9b24-1d63a5102722:c2585, aca3f3a4-0773-4ff1-9bb5-1a871868fd09:c2581, abe1c95d-8ae2-42e9-9d83-236e3c187d51:c2581]
2019-07-09 04:31:28,186 INFO  client.GrpcClientProtocolClient (GrpcClientProtocolClient.java:onNext(255)) - client-859D8C9D7B89->65797d0d-2d4a-456d-9b24-1d63a5102722: receive RaftClientReply:client-859D8C9D7B89->65797d0d-2d4a-456d-9b24-1d63a5102722@group-BA7C392EEBCA, cid=1790, SUCCESS, logIndex=2585, commits[65797d0d-2d4a-456d-9b24-1d63a5102722:c2585, aca3f3a4-0773-4ff1-9bb5-1a871868fd09:c2581, abe1c95d-8ae2-42e9-9d83-236e3c187d51:c2581]
2019-07-09 04:31:28,187 INFO  client.GrpcClientProtocolClient (GrpcClientProtocolClient.java:onNext(255)) - client-859D8C9D7B89->65797d0d-2d4a-456d-9b24-1d63a5102722: receive RaftClientReply:client-859D8C9D7B89->65797d0d-2d4a-456d-9b24-1d63a5102722@group-BA7C392EEBCA, cid=1791, SUCCESS, logIndex=0, commits[65797d0d-2d4a-456d-9b24-1d63a5102722:c2587, aca3f3a4-0773-4ff1-9bb5-1a871868fd09:c2583, abe1c95d-8ae2-42e9-9d83-236e3c187d51:c2583]
2019-07-09 04:31:28,197 INFO  client.GrpcClientProtocolClient (GrpcClientProtocolClient.java:onNext(255)) - client-859D8C9D7B89->65797d0d-2d4a-456d-9b24-1d63a5102722: receive RaftClientReply:client-859D8C9D7B89->65797d0d-2d4a-456d-9b24-1d63a5102722@group-BA7C392EEBCA, cid=1792, SUCCESS, logIndex=2590, commits[65797d0d-2d4a-456d-9b24-1d63a5102722:c2591, aca3f3a4-0773-4ff1-9bb5-1a871868fd09:c2589, abe1c95d-8ae2-42e9-9d83-236e3c187d51:c2585]
2019-07-09 04:31:28,197 INFO  client.GrpcClientProtocolClient (GrpcClientProtocolClient.java:onNext(255)) - client-859D8C9D7B89->65797d0d-2d4a-456d-9b24-1d63a5102722: receive RaftClientReply:client-859D8C9D7B89->65797d0d-2d4a-456d-9b24-1d63a5102722@group-BA7C392EEBCA, cid=1793, SUCCESS, logIndex=2591, commits[65797d0d-2d4a-456d-9b24-1d63a5102722:c2591, aca3f3a4-0773-4ff1-9bb5-1a871868fd09:c2589, abe1c95d-8ae2-42e9-9d83-236e3c187d51:c2589]
2019-07-09 04:31:28,215 INFO  client.GrpcClientProtocolClient (GrpcClientProtocolClient.java:onNext(255)) - client-859D8C9D7B89->65797d0d-2d4a-456d-9b24-1d63a5102722: receive RaftClientReply:client-859D8C9D7B89->65797d0d-2d4a-456d-9b24-1d63a5102722@group-BA7C392EEBCA, cid=1794, SUCCESS, logIndex=2594, commits[65797d0d-2d4a-456d-9b24-1d63a5102722:c2595, aca3f3a4-0773-4ff1-9bb5-1a871868fd09:c2593, abe1c95d-8ae2-42e9-9d83-236e3c187d51:c2593]
2019-07-09 04:31:28,215 INFO  client.GrpcClientProtocolClient (GrpcClientProtocolClient.java:onNext(255)) - client-859D8C9D7B89->65797d0d-2d4a-456d-9b24-1d63a5102722: receive RaftClientReply:client-859D8C9D7B89->65797d0d-2d4a-456d-9b24-1d63a5102722@group-BA7C392EEBCA, cid=1795, SUCCESS, logIndex=2595, commits[65797d0d-2d4a-456d-9b24-1d63a5102722:c2595, aca3f3a4-0773-4ff1-9bb5-1a871868fd09:c2593, abe1c95d-8ae2-42e9-9d83-236e3c187d51:c2593]
2019-07-09 04:31:28,230 INFO  client.GrpcClientProtocolClient (GrpcClientProtocolClient.java:onNext(255)) - client-859D8C9D7B89->65797d0d-2d4a-456d-9b24-1d63a5102722: receive RaftClientReply:client-859D8C9D7B89->65797d0d-2d4a-456d-9b24-1d63a5102722@group-BA7C392EEBCA, cid=1796, SUCCESS, logIndex=0, commits[65797d0d-2d4a-456d-9b24-1d63a5102722:c2597, aca3f3a4-0773-4ff1-9bb5-1a871868fd09:c2595, abe1c95d-8ae2-42e9-9d83-236e3c187d51:c2595]
2019-07-09 04:31:28,254 INFO  client.GrpcClientProtocolClient (GrpcClientProtocolClient.java:onNext(255)) - client-859D8C9D7B89->65797d0d-2d4a-456d-9b24-1d63a5102722: receive RaftClientReply:client-859D8C9D7B89->65797d0d-2d4a-456d-9b24-1d63a5102722@group-BA7C392EEBCA, cid=1797, SUCCESS, logIndex=2598, commits[65797d0d-2d4a-456d-9b24-1d63a5102722:c2599, aca3f3a4-0773-4ff1-9bb5-1a871868fd09:c2597, abe1c95d-8ae2-42e9-9d83-236e3c187d51:c2597]
2019-07-09 04:31:28,254 INFO  client.GrpcClientProtocolClient (GrpcClientProtocolClient.java:onNext(255)) - client-859D8C9D7B89->65797d0d-2d4a-456d-9b24-1d63a5102722: receive RaftClientReply:client-859D8C9D7B89->65797d0d-2d4a-456d-9b24-1d63a5102722@group-BA7C392EEBCA, cid=1798, SUCCESS, logIndex=2599, commits[65797d0d-2d4a-456d-9b24-1d63a5102722:c2599, aca3f3a4-0773-4ff1-9bb5-1a871868fd09:c2597, abe1c95d-8ae2-42e9-9d83-236e3c187d51:c2597]
2019-07-09 04:31:28,255 INFO  client.GrpcClientProtocolClient (GrpcClientProtocolClient.java:onNext(255)) - client-859D8C9D7B89->65797d0d-2d4a-456d-9b24-1d63a5102722: receive RaftClientReply:client-859D8C9D7B89->65797d0d-2d4a-456d-9b24-1d63a5102722@group-BA7C392EEBCA, cid=1799, SUCCESS, logIndex=2600, commits[65797d0d-2d4a-456d-9b24-1d63a5102722:c2600, aca3f3a4-0773-4ff1-9bb5-1a871868fd09:c2597, abe1c95d-8ae2-42e9-9d83-236e3c187d51:c2597]
2019-07-09 04:31:28,255 INFO  client.GrpcClientProtocolClient (GrpcClientProtocolClient.java:onNext(255)) - client-859D8C9D7B89->65797d0d-2d4a-456d-9b24-1d63a5102722: receive RaftClientReply:client-859D8C9D7B89->65797d0d-2d4a-456d-9b24-1d63a5102722@group-BA7C392EEBCA, cid=1800, SUCCESS, logIndex=2601, commits[65797d0d-2d4a-456d-9b24-1d63a5102722:c2601, aca3f3a4-0773-4ff1-9bb5-1a871868fd09:c2597, abe1c95d-8ae2-42e9-9d83-236e3c187d51:c2597]
2019-07-09 04:31:28,268 INFO  client.GrpcClientProtocolClient (GrpcClientProtocolClient.java:onNext(255)) - client-859D8C9D7B89->65797d0d-2d4a-456d-9b24-1d63a5102722: receive RaftClientReply:client-859D8C9D7B89->65797d0d-2d4a-456d-9b24-1d63a5102722@group-BA7C392EEBCA, cid=1801, SUCCESS, logIndex=0, commits[65797d0d-2d4a-456d-9b24-1d63a5102722:c2603, aca3f3a4-0773-4ff1-9bb5-1a871868fd09:c2599, abe1c95d-8ae2-42e9-9d83-236e3c187d51:c2599]
2019-07-09 04:31:28,287 INFO  client.GrpcClientProtocolClient (GrpcClientProtocolClient.java:onNext(255)) - client-859D8C9D7B89->65797d0d-2d4a-456d-9b24-1d63a5102722: receive RaftClientReply:client-859D8C9D7B89->65797d0d-2d4a-456d-9b24-1d63a5102722@group-BA7C392EEBCA, cid=1802, SUCCESS, logIndex=2606, commits[65797d0d-2d4a-456d-9b24-1d63a5102722:c2607, aca3f3a4-0773-4ff1-9bb5-1a871868fd09:c2605, abe1c95d-8ae2-42e9-9d83-236e3c187d51:c2605]
2019-07-09 04:31:28,287 INFO  client.GrpcClientProtocolClient (GrpcClientProtocolClient.java:onNext(255)) - client-859D8C9D7B89->65797d0d-2d4a-456d-9b24-1d63a5102722: receive RaftClientReply:client-859D8C9D7B89->65797d0d-2d4a-456d-9b24-1d63a5102722@group-BA7C392EEBCA, cid=1803, SUCCESS, logIndex=2607, commits[65797d0d-2d4a-456d-9b24-1d63a5102722:c2607, aca3f3a4-0773-4ff1-9bb5-1a871868fd09:c2605, abe1c95d-8ae2-42e9-9d83-236e3c187d51:c2605]
2019-07-09 04:31:28,300 INFO  client.GrpcClientProtocolClient (GrpcClientProtocolClient.java:onNext(255)) - client-859D8C9D7B89->65797d0d-2d4a-456d-9b24-1d63a5102722: receive RaftClientReply:client-859D8C9D7B89->65797d0d-2d4a-456d-9b24-1d63a5102722@group-BA7C392EEBCA, cid=1804, SUCCESS, logIndex=2610, commits[65797d0d-2d4a-456d-9b24-1d63a5102722:c2611, aca3f3a4-0773-4ff1-9bb5-1a871868fd09:c2607, abe1c95d-8ae2-42e9-9d83-236e3c187d51:c2607]
2019-07-09 04:31:28,301 INFO  client.GrpcClientProtocolClient (GrpcClientProtocolClient.java:onNext(255)) - client-859D8C9D7B89->65797d0d-2d4a-456d-9b24-1d63a5102722: receive RaftClientReply:client-859D8C9D7B89->65797d0d-2d4a-456d-9b24-1d63a5102722@group-BA7C392EEBCA, cid=1805, SUCCESS, logIndex=2611, commits[65797d0d-2d4a-456d-9b24-1d63a5102722:c2611, aca3f3a4-0773-4ff1-9bb5-1a871868fd09:c2607, abe1c95d-8ae2-42e9-9d83-236e3c187d51:c2607]
2019-07-09 04:31:28,315 INFO  client.GrpcClientProtocolClient (GrpcClientProtocolClient.java:onNext(255)) - client-859D8C9D7B89->65797d0d-2d4a-456d-9b24-1d63a5102722: receive RaftClientReply:client-859D8C9D7B89->65797d0d-2d4a-456d-9b24-1d63a5102722@group-BA7C392EEBCA, cid=1806, SUCCESS, logIndex=0, commits[65797d0d-2d4a-456d-9b24-1d63a5102722:c2613, aca3f3a4-0773-4ff1-9bb5-1a871868fd09:c2611, abe1c95d-8ae2-42e9-9d83-236e3c187d51:c2611]
2019-07-09 04:31:28,339 INFO  client.GrpcClientProtocolClient (GrpcClientProtocolClient.java:onNext(255)) - client-859D8C9D7B89->65797d0d-2d4a-456d-9b24-1d63a5102722: receive RaftClientReply:client-859D8C9D7B89->65797d0d-2d4a-456d-9b24-1d63a5102722@group-BA7C392EEBCA, cid=1807, SUCCESS, logIndex=2614, commits[65797d0d-2d4a-456d-9b24-1d63a5102722:c2617, aca3f3a4-0773-4ff1-9bb5-1a871868fd09:c2613, abe1c95d-8ae2-42e9-9d83-236e3c187d51:c2613]
2019-07-09 04:31:28,340 INFO  client.GrpcClientProtocolClient (GrpcClientProtocolClient.java:onNext(255)) - client-859D8C9D7B89->65797d0d-2d4a-456d-9b24-1d63a5102722: receive RaftClientReply:client-859D8C9D7B89->65797d0d-2d4a-456d-9b24-1d63a5102722@group-BA7C392EEBCA, cid=1808, SUCCESS, logIndex=2615, commits[65797d0d-2d4a-456d-9b24-1d63a5102722:c2617, aca3f3a4-0773-4ff1-9bb5-1a871868fd09:c2613, abe1c95d-8ae2-42e9-9d83-236e3c187d51:c2613]
2019-07-09 04:31:28,341 INFO  client.GrpcClientProtocolClient (GrpcClientProtocolClient.java:onNext(255)) - client-859D8C9D7B89->65797d0d-2d4a-456d-9b24-1d63a5102722: receive RaftClientReply:client-859D8C9D7B89->65797d0d-2d4a-456d-9b24-1d63a5102722@group-BA7C392EEBCA, cid=1809, SUCCESS, logIndex=2616, commits[65797d0d-2d4a-456d-9b24-1d63a5102722:c2617, aca3f3a4-0773-4ff1-9bb5-1a871868fd09:c2613, abe1c95d-8ae2-42e9-9d83-236e3c187d51:c2613]
2019-07-09 04:31:28,341 INFO  client.GrpcClientProtocolClient (GrpcClientProtocolClient.java:onNext(255)) - client-859D8C9D7B89->65797d0d-2d4a-456d-9b24-1d63a5102722: receive RaftClientReply:client-859D8C9D7B89->65797d0d-2d4a-456d-9b24-1d63a5102722@group-BA7C392EEBCA, cid=1810, SUCCESS, logIndex=2617, commits[65797d0d-2d4a-456d-9b24-1d63a5102722:c2618, aca3f3a4-0773-4ff1-9bb5-1a871868fd09:c2613, abe1c95d-8ae2-42e9-9d83-236e3c187d51:c2614]
2019-07-09 04:31:28,344 INFO  client.GrpcClientProtocolClient (GrpcClientProtocolClient.java:onNext(255)) - client-859D8C9D7B89->65797d0d-2d4a-456d-9b24-1d63a5102722: receive RaftClientReply:client-859D8C9D7B89->65797d0d-2d4a-456d-9b24-1d63a5102722@group-BA7C392EEBCA, cid=1811, SUCCESS, logIndex=0, commits[65797d0d-2d4a-456d-9b24-1d63a5102722:c2619, aca3f3a4-0773-4ff1-9bb5-1a871868fd09:c2615, abe1c95d-8ae2-42e9-9d83-236e3c187d51:c2616]
2019-07-09 04:31:28,362 INFO  client.GrpcClientProtocolClient (GrpcClientProtocolClient.java:onNext(255)) - client-859D8C9D7B89->65797d0d-2d4a-456d-9b24-1d63a5102722: receive RaftClientReply:client-859D8C9D7B89->65797d0d-2d4a-456d-9b24-1d63a5102722@group-BA7C392EEBCA, cid=1812, SUCCESS, logIndex=2622, commits[65797d0d-2d4a-456d-9b24-1d63a5102722:c2623, aca3f3a4-0773-4ff1-9bb5-1a871868fd09:c2621, abe1c95d-8ae2-42e9-9d83-236e3c187d51:c2621]
2019-07-09 04:31:28,362 INFO  client.GrpcClientProtocolClient (GrpcClientProtocolClient.java:onNext(255)) - client-859D8C9D7B89->65797d0d-2d4a-456d-9b24-1d63a5102722: receive RaftClientReply:client-859D8C9D7B89->65797d0d-2d4a-456d-9b24-1d63a5102722@group-BA7C392EEBCA, cid=1813, SUCCESS, logIndex=2623, commits[65797d0d-2d4a-456d-9b24-1d63a5102722:c2623, aca3f3a4-0773-4ff1-9bb5-1a871868fd09:c2621, abe1c95d-8ae2-42e9-9d83-236e3c187d51:c2621]
2019-07-09 04:31:28,516 INFO  client.GrpcClientProtocolClient (GrpcClientProtocolClient.java:onNext(255)) - client-859D8C9D7B89->65797d0d-2d4a-456d-9b24-1d63a5102722: receive RaftClientReply:client-859D8C9D7B89->65797d0d-2d4a-456d-9b24-1d63a5102722@group-BA7C392EEBCA, cid=1814, SUCCESS, logIndex=2626, commits[65797d0d-2d4a-456d-9b24-1d63a5102722:c2627, aca3f3a4-0773-4ff1-9bb5-1a871868fd09:c2623, abe1c95d-8ae2-42e9-9d83-236e3c187d51:c2623]
2019-07-09 04:31:28,517 INFO  client.GrpcClientProtocolClient (GrpcClientProtocolClient.java:onNext(255)) - client-859D8C9D7B89->65797d0d-2d4a-456d-9b24-1d63a5102722: receive RaftClientReply:client-859D8C9D7B89->65797d0d-2d4a-456d-9b24-1d63a5102722@group-BA7C392EEBCA, cid=1815, SUCCESS, logIndex=2627, commits[65797d0d-2d4a-456d-9b24-1d63a5102722:c2627, aca3f3a4-0773-4ff1-9bb5-1a871868fd09:c2623, abe1c95d-8ae2-42e9-9d83-236e3c187d51:c2623]
2019-07-09 04:31:28,518 INFO  client.GrpcClientProtocolClient (GrpcClientProtocolClient.java:onNext(255)) - client-859D8C9D7B89->65797d0d-2d4a-456d-9b24-1d63a5102722: receive RaftClientReply:client-859D8C9D7B89->65797d0d-2d4a-456d-9b24-1d63a5102722@group-BA7C392EEBCA, cid=1816, SUCCESS, logIndex=0, commits[65797d0d-2d4a-456d-9b24-1d63a5102722:c2628, aca3f3a4-0773-4ff1-9bb5-1a871868fd09:c2627, abe1c95d-8ae2-42e9-9d83-236e3c187d51:c2627]
2019-07-09 04:31:28,551 INFO  client.GrpcClientProtocolClient (GrpcClientProtocolClient.java:onNext(255)) - client-859D8C9D7B89->65797d0d-2d4a-456d-9b24-1d63a5102722: receive RaftClientReply:client-859D8C9D7B89->65797d0d-2d4a-456d-9b24-1d63a5102722@group-BA7C392EEBCA, cid=1817, SUCCESS, logIndex=2630, commits[65797d0d-2d4a-456d-9b24-1d63a5102722:c2631, aca3f3a4-0773-4ff1-9bb5-1a871868fd09:c2629, abe1c95d-8ae2-42e9-9d83-236e3c187d51:c2627]
2019-07-09 04:31:28,551 INFO  client.GrpcClientProtocolClient (GrpcClientProtocolClient.java:onNext(255)) - client-859D8C9D7B89->65797d0d-2d4a-456d-9b24-1d63a5102722: receive RaftClientReply:client-859D8C9D7B89->65797d0d-2d4a-456d-9b24-1d63a5102722@group-BA7C392EEBCA, cid=1818, SUCCESS, logIndex=2631, commits[65797d0d-2d4a-456d-9b24-1d63a5102722:c2631, aca3f3a4-0773-4ff1-9bb5-1a871868fd09:c2629, abe1c95d-8ae2-42e9-9d83-236e3c187d51:c2627]
2019-07-09 04:31:28,553 INFO  client.GrpcClientProtocolClient (GrpcClientProtocolClient.java:onNext(255)) - client-859D8C9D7B89->65797d0d-2d4a-456d-9b24-1d63a5102722: receive RaftClientReply:client-859D8C9D7B89->65797d0d-2d4a-456d-9b24-1d63a5102722@group-BA7C392EEBCA, cid=1819, SUCCESS, logIndex=2632, commits[65797d0d-2d4a-456d-9b24-1d63a5102722:c2632, aca3f3a4-0773-4ff1-9bb5-1a871868fd09:c2629, abe1c95d-8ae2-42e9-9d83-236e3c187d51:c2629]
2019-07-09 04:31:28,553 INFO  client.GrpcClientProtocolClient (GrpcClientProtocolClient.java:onNext(255)) - client-859D8C9D7B89->65797d0d-2d4a-456d-9b24-1d63a5102722: receive RaftClientReply:client-859D8C9D7B89->65797d0d-2d4a-456d-9b24-1d63a5102722@group-BA7C392EEBCA, cid=1820, SUCCESS, logIndex=2633, commits[65797d0d-2d4a-456d-9b24-1d63a5102722:c2633, aca3f3a4-0773-4ff1-9bb5-1a871868fd09:c2629, abe1c95d-8ae2-42e9-9d83-236e3c187d51:c2629]
2019-07-09 04:31:28,554 INFO  client.GrpcClientProtocolClient (GrpcClientProtocolClient.java:onNext(255)) - client-859D8C9D7B89->65797d0d-2d4a-456d-9b24-1d63a5102722: receive RaftClientReply:client-859D8C9D7B89->65797d0d-2d4a-456d-9b24-1d63a5102722@group-BA7C392EEBCA, cid=1821, SUCCESS, logIndex=0, commits[65797d0d-2d4a-456d-9b24-1d63a5102722:c2635, aca3f3a4-0773-4ff1-9bb5-1a871868fd09:c2631, abe1c95d-8ae2-42e9-9d83-236e3c187d51:c2632]
2019-07-09 04:31:28,575 INFO  client.GrpcClientProtocolClient (GrpcClientProtocolClient.java:onNext(255)) - client-859D8C9D7B89->65797d0d-2d4a-456d-9b24-1d63a5102722: receive RaftClientReply:client-859D8C9D7B89->65797d0d-2d4a-456d-9b24-1d63a5102722@group-BA7C392EEBCA, cid=1822, SUCCESS, logIndex=2638, commits[65797d0d-2d4a-456d-9b24-1d63a5102722:c2639, aca3f3a4-0773-4ff1-9bb5-1a871868fd09:c2637, abe1c95d-8ae2-42e9-9d83-236e3c187d51:c2637]
2019-07-09 04:31:28,575 INFO  client.GrpcClientProtocolClient (GrpcClientProtocolClient.java:onNext(255)) - client-859D8C9D7B89->65797d0d-2d4a-456d-9b24-1d63a5102722: receive RaftClientReply:client-859D8C9D7B89->65797d0d-2d4a-456d-9b24-1d63a5102722@group-BA7C392EEBCA, cid=1823, SUCCESS, logIndex=2639, commits[65797d0d-2d4a-456d-9b24-1d63a5102722:c2639, aca3f3a4-0773-4ff1-9bb5-1a871868fd09:c2637, abe1c95d-8ae2-42e9-9d83-236e3c187d51:c2637]
2019-07-09 04:31:28,589 INFO  client.GrpcClientProtocolClient (GrpcClientProtocolClient.java:onNext(255)) - client-859D8C9D7B89->65797d0d-2d4a-456d-9b24-1d63a5102722: receive RaftClientReply:client-859D8C9D7B89->65797d0d-2d4a-456d-9b24-1d63a5102722@group-BA7C392EEBCA, cid=1824, SUCCESS, logIndex=2642, commits[65797d0d-2d4a-456d-9b24-1d63a5102722:c2643, aca3f3a4-0773-4ff1-9bb5-1a871868fd09:c2639, abe1c95d-8ae2-42e9-9d83-236e3c187d51:c2639]
2019-07-09 04:31:28,590 INFO  client.GrpcClientProtocolClient (GrpcClientProtocolClient.java:onNext(255)) - client-859D8C9D7B89->65797d0d-2d4a-456d-9b24-1d63a5102722: receive RaftClientReply:client-859D8C9D7B89->65797d0d-2d4a-456d-9b24-1d63a5102722@group-BA7C392EEBCA, cid=1825, SUCCESS, logIndex=2643, commits[65797d0d-2d4a-456d-9b24-1d63a5102722:c2643, aca3f3a4-0773-4ff1-9bb5-1a871868fd09:c2639, abe1c95d-8ae2-42e9-9d83-236e3c187d51:c2639]
2019-07-09 04:31:28,591 INFO  client.GrpcClientProtocolClient (GrpcClientProtocolClient.java:onNext(255)) - client-859D8C9D7B89->65797d0d-2d4a-456d-9b24-1d63a5102722: receive RaftClientReply:client-859D8C9D7B89->65797d0d-2d4a-456d-9b24-1d63a5102722@group-BA7C392EEBCA, cid=1826, SUCCESS, logIndex=0, commits[65797d0d-2d4a-456d-9b24-1d63a5102722:c2644, aca3f3a4-0773-4ff1-9bb5-1a871868fd09:c2643, abe1c95d-8ae2-42e9-9d83-236e3c187d51:c2643]
2019-07-09 04:31:28,626 INFO  client.GrpcClientProtocolClient (GrpcClientProtocolClient.java:onNext(255)) - client-859D8C9D7B89->65797d0d-2d4a-456d-9b24-1d63a5102722: receive RaftClientReply:client-859D8C9D7B89->65797d0d-2d4a-456d-9b24-1d63a5102722@group-BA7C392EEBCA, cid=1827, SUCCESS, logIndex=2646, commits[65797d0d-2d4a-456d-9b24-1d63a5102722:c2647, aca3f3a4-0773-4ff1-9bb5-1a871868fd09:c2645, abe1c95d-8ae2-42e9-9d83-236e3c187d51:c2645]
2019-07-09 04:31:28,627 INFO  client.GrpcClientProtocolClient (GrpcClientProtocolClient.java:onNext(255)) - client-859D8C9D7B89->65797d0d-2d4a-456d-9b24-1d63a5102722: receive RaftClientReply:client-859D8C9D7B89->65797d0d-2d4a-456d-9b24-1d63a5102722@group-BA7C392EEBCA, cid=1828, SUCCESS, logIndex=2647, commits[65797d0d-2d4a-456d-9b24-1d63a5102722:c2648, aca3f3a4-0773-4ff1-9bb5-1a871868fd09:c2645, abe1c95d-8ae2-42e9-9d83-236e3c187d51:c2645]
2019-07-09 04:31:28,627 INFO  client.GrpcClientProtocolClient (GrpcClientProtocolClient.java:onNext(255)) - client-859D8C9D7B89->65797d0d-2d4a-456d-9b24-1d63a5102722: receive RaftClientReply:client-859D8C9D7B89->65797d0d-2d4a-456d-9b24-1d63a5102722@group-BA7C392EEBCA, cid=1829, SUCCESS, logIndex=2648, commits[65797d0d-2d4a-456d-9b24-1d63a5102722:c2649, aca3f3a4-0773-4ff1-9bb5-1a871868fd09:c2645, abe1c95d-8ae2-42e9-9d83-236e3c187d51:c2645]
2019-07-09 04:31:28,627 INFO  client.GrpcClientProtocolClient (GrpcClientProtocolClient.java:onNext(255)) - client-859D8C9D7B89->65797d0d-2d4a-456d-9b24-1d63a5102722: receive RaftClientReply:client-859D8C9D7B89->65797d0d-2d4a-456d-9b24-1d63a5102722@group-BA7C392EEBCA, cid=1830, SUCCESS, logIndex=2649, commits[65797d0d-2d4a-456d-9b24-1d63a5102722:c2649, aca3f3a4-0773-4ff1-9bb5-1a871868fd09:c2645, abe1c95d-8ae2-42e9-9d83-236e3c187d51:c2645]
2019-07-09 04:31:28,630 INFO  client.GrpcClientProtocolClient (GrpcClientProtocolClient.java:onNext(255)) - client-859D8C9D7B89->65797d0d-2d4a-456d-9b24-1d63a5102722: receive RaftClientReply:client-859D8C9D7B89->65797d0d-2d4a-456d-9b24-1d63a5102722@group-BA7C392EEBCA, cid=1831, SUCCESS, logIndex=0, commits[65797d0d-2d4a-456d-9b24-1d63a5102722:c2651, aca3f3a4-0773-4ff1-9bb5-1a871868fd09:c2647, abe1c95d-8ae2-42e9-9d83-236e3c187d51:c2647]
2019-07-09 04:31:28,642 INFO  client.GrpcClientProtocolClient (GrpcClientProtocolClient.java:onNext(255)) - client-859D8C9D7B89->65797d0d-2d4a-456d-9b24-1d63a5102722: receive RaftClientReply:client-859D8C9D7B89->65797d0d-2d4a-456d-9b24-1d63a5102722@group-BA7C392EEBCA, cid=1832, SUCCESS, logIndex=2654, commits[65797d0d-2d4a-456d-9b24-1d63a5102722:c2655, aca3f3a4-0773-4ff1-9bb5-1a871868fd09:c2652, abe1c95d-8ae2-42e9-9d83-236e3c187d51:c2649]
2019-07-09 04:31:28,643 INFO  client.GrpcClientProtocolClient (GrpcClientProtocolClient.java:onNext(255)) - client-859D8C9D7B89->65797d0d-2d4a-456d-9b24-1d63a5102722: receive RaftClientReply:client-859D8C9D7B89->65797d0d-2d4a-456d-9b24-1d63a5102722@group-BA7C392EEBCA, cid=1833, SUCCESS, logIndex=2655, commits[65797d0d-2d4a-456d-9b24-1d63a5102722:c2655, aca3f3a4-0773-4ff1-9bb5-1a871868fd09:c2652, abe1c95d-8ae2-42e9-9d83-236e3c187d51:c2649]
2019-07-09 04:31:28,665 INFO  client.GrpcClientProtocolClient (GrpcClientProtocolClient.java:onNext(255)) - client-859D8C9D7B89->65797d0d-2d4a-456d-9b24-1d63a5102722: receive RaftClientReply:client-859D8C9D7B89->65797d0d-2d4a-456d-9b24-1d63a5102722@group-BA7C392EEBCA, cid=1834, SUCCESS, logIndex=2657, commits[65797d0d-2d4a-456d-9b24-1d63a5102722:c2658, aca3f3a4-0773-4ff1-9bb5-1a871868fd09:c2656, abe1c95d-8ae2-42e9-9d83-236e3c187d51:c2656]
2019-07-09 04:31:28,666 INFO  client.GrpcClientProtocolClient (GrpcClientProtocolClient.java:onNext(255)) - client-859D8C9D7B89->65797d0d-2d4a-456d-9b24-1d63a5102722: receive RaftClientReply:client-859D8C9D7B89->65797d0d-2d4a-456d-9b24-1d63a5102722@group-BA7C392EEBCA, cid=1835, SUCCESS, logIndex=2658, commits[65797d0d-2d4a-456d-9b24-1d63a5102722:c2658, aca3f3a4-0773-4ff1-9bb5-1a871868fd09:c2656, abe1c95d-8ae2-42e9-9d83-236e3c187d51:c2656]
2019-07-09 04:31:28,680 INFO  client.GrpcClientProtocolClient (GrpcClientProtocolClient.java:onNext(255)) - client-859D8C9D7B89->65797d0d-2d4a-456d-9b24-1d63a5102722: receive RaftClientReply:client-859D8C9D7B89->65797d0d-2d4a-456d-9b24-1d63a5102722@group-BA7C392EEBCA, cid=1836, SUCCESS, logIndex=0, commits[65797d0d-2d4a-456d-9b24-1d63a5102722:c2660, aca3f3a4-0773-4ff1-9bb5-1a871868fd09:c2658, abe1c95d-8ae2-42e9-9d83-236e3c187d51:c2658]
2019-07-09 04:31:28,708 INFO  client.GrpcClientProtocolClient (GrpcClientProtocolClient.java:onNext(255)) - client-859D8C9D7B89->65797d0d-2d4a-456d-9b24-1d63a5102722: receive RaftClientReply:client-859D8C9D7B89->65797d0d-2d4a-456d-9b24-1d63a5102722@group-BA7C392EEBCA, cid=1837, SUCCESS, logIndex=2661, commits[65797d0d-2d4a-456d-9b24-1d63a5102722:c2663, aca3f3a4-0773-4ff1-9bb5-1a871868fd09:c2660, abe1c95d-8ae2-42e9-9d83-236e3c187d51:c2660]
2019-07-09 04:31:28,709 INFO  client.GrpcClientProtocolClient (GrpcClientProtocolClient.java:onNext(255)) - client-859D8C9D7B89->65797d0d-2d4a-456d-9b24-1d63a5102722: receive RaftClientReply:client-859D8C9D7B89->65797d0d-2d4a-456d-9b24-1d63a5102722@group-BA7C392EEBCA, cid=1838, SUCCESS, logIndex=2662, commits[65797d0d-2d4a-456d-9b24-1d63a5102722:c2664, aca3f3a4-0773-4ff1-9bb5-1a871868fd09:c2660, abe1c95d-8ae2-42e9-9d83-236e3c187d51:c2660]
2019-07-09 04:31:28,709 INFO  client.GrpcClientProtocolClient (GrpcClientProtocolClient.java:onNext(255)) - client-859D8C9D7B89->65797d0d-2d4a-456d-9b24-1d63a5102722: receive RaftClientReply:client-859D8C9D7B89->65797d0d-2d4a-456d-9b24-1d63a5102722@group-BA7C392EEBCA, cid=1839, SUCCESS, logIndex=2663, commits[65797d0d-2d4a-456d-9b24-1d63a5102722:c2664, aca3f3a4-0773-4ff1-9bb5-1a871868fd09:c2660, abe1c95d-8ae2-42e9-9d83-236e3c187d51:c2660]
2019-07-09 04:31:28,709 INFO  client.GrpcClientProtocolClient (GrpcClientProtocolClient.java:onNext(255)) - client-859D8C9D7B89->65797d0d-2d4a-456d-9b24-1d63a5102722: receive RaftClientReply:client-859D8C9D7B89->65797d0d-2d4a-456d-9b24-1d63a5102722@group-BA7C392EEBCA, cid=1840, SUCCESS, logIndex=2664, commits[65797d0d-2d4a-456d-9b24-1d63a5102722:c2664, aca3f3a4-0773-4ff1-9bb5-1a871868fd09:c2660, abe1c95d-8ae2-42e9-9d83-236e3c187d51:c2660]
2019-07-09 04:31:28,711 INFO  client.GrpcClientProtocolClient (GrpcClientProtocolClient.java:onNext(255)) - client-859D8C9D7B89->65797d0d-2d4a-456d-9b24-1d63a5102722: receive RaftClientReply:client-859D8C9D7B89->65797d0d-2d4a-456d-9b24-1d63a5102722@group-BA7C392EEBCA, cid=1841, SUCCESS, logIndex=0, commits[65797d0d-2d4a-456d-9b24-1d63a5102722:c2665, aca3f3a4-0773-4ff1-9bb5-1a871868fd09:c2662, abe1c95d-8ae2-42e9-9d83-236e3c187d51:c2662]
2019-07-09 04:31:28,723 INFO  client.GrpcClientProtocolClient (GrpcClientProtocolClient.java:onNext(255)) - client-859D8C9D7B89->65797d0d-2d4a-456d-9b24-1d63a5102722: receive RaftClientReply:client-859D8C9D7B89->65797d0d-2d4a-456d-9b24-1d63a5102722@group-BA7C392EEBCA, cid=1842, SUCCESS, logIndex=2669, commits[65797d0d-2d4a-456d-9b24-1d63a5102722:c2670, aca3f3a4-0773-4ff1-9bb5-1a871868fd09:c2666, abe1c95d-8ae2-42e9-9d83-236e3c187d51:c2664]
2019-07-09 04:31:28,724 INFO  client.GrpcClientProtocolClient (GrpcClientProtocolClient.java:onNext(255)) - client-859D8C9D7B89->65797d0d-2d4a-456d-9b24-1d63a5102722: receive RaftClientReply:client-859D8C9D7B89->65797d0d-2d4a-456d-9b24-1d63a5102722@group-BA7C392EEBCA, cid=1843, SUCCESS, logIndex=2670, commits[65797d0d-2d4a-456d-9b24-1d63a5102722:c2670, aca3f3a4-0773-4ff1-9bb5-1a871868fd09:c2666, abe1c95d-8ae2-42e9-9d83-236e3c187d51:c2666]
2019-07-09 04:31:28,740 INFO  client.GrpcClientProtocolClient (GrpcClientProtocolClient.java:onNext(255)) - client-859D8C9D7B89->65797d0d-2d4a-456d-9b24-1d63a5102722: receive RaftClientReply:client-859D8C9D7B89->65797d0d-2d4a-456d-9b24-1d63a5102722@group-BA7C392EEBCA, cid=1844, SUCCESS, logIndex=2673, commits[65797d0d-2d4a-456d-9b24-1d63a5102722:c2674, aca3f3a4-0773-4ff1-9bb5-1a871868fd09:c2671, abe1c95d-8ae2-42e9-9d83-236e3c187d51:c2671]
2019-07-09 04:31:28,740 INFO  client.GrpcClientProtocolClient (GrpcClientProtocolClient.java:onNext(255)) - client-859D8C9D7B89->65797d0d-2d4a-456d-9b24-1d63a5102722: receive RaftClientReply:client-859D8C9D7B89->65797d0d-2d4a-456d-9b24-1d63a5102722@group-BA7C392EEBCA, cid=1845, SUCCESS, logIndex=2674, commits[65797d0d-2d4a-456d-9b24-1d63a5102722:c2674, aca3f3a4-0773-4ff1-9bb5-1a871868fd09:c2671, abe1c95d-8ae2-42e9-9d83-236e3c187d51:c2671]
2019-07-09 04:31:28,753 INFO  client.GrpcClientProtocolClient (GrpcClientProtocolClient.java:onNext(255)) - client-859D8C9D7B89->65797d0d-2d4a-456d-9b24-1d63a5102722: receive RaftClientReply:client-859D8C9D7B89->65797d0d-2d4a-456d-9b24-1d63a5102722@group-BA7C392EEBCA, cid=1846, SUCCESS, logIndex=0, commits[65797d0d-2d4a-456d-9b24-1d63a5102722:c2676, aca3f3a4-0773-4ff1-9bb5-1a871868fd09:c2674, abe1c95d-8ae2-42e9-9d83-236e3c187d51:c2674]
2019-07-09 04:31:28,781 INFO  client.GrpcClientProtocolClient (GrpcClientProtocolClient.java:onNext(255)) - client-859D8C9D7B89->65797d0d-2d4a-456d-9b24-1d63a5102722: receive RaftClientReply:client-859D8C9D7B89->65797d0d-2d4a-456d-9b24-1d63a5102722@group-BA7C392EEBCA, cid=1847, SUCCESS, logIndex=2677, commits[65797d0d-2d4a-456d-9b24-1d63a5102722:c2679, aca3f3a4-0773-4ff1-9bb5-1a871868fd09:c2676, abe1c95d-8ae2-42e9-9d83-236e3c187d51:c2676]
2019-07-09 04:31:28,781 INFO  client.GrpcClientProtocolClient (GrpcClientProtocolClient.java:onNext(255)) - client-859D8C9D7B89->65797d0d-2d4a-456d-9b24-1d63a5102722: receive RaftClientReply:client-859D8C9D7B89->65797d0d-2d4a-456d-9b24-1d63a5102722@group-BA7C392EEBCA, cid=1848, SUCCESS, logIndex=2678, commits[65797d0d-2d4a-456d-9b24-1d63a5102722:c2680, aca3f3a4-0773-4ff1-9bb5-1a871868fd09:c2676, abe1c95d-8ae2-42e9-9d83-236e3c187d51:c2676]
2019-07-09 04:31:28,782 INFO  client.GrpcClientProtocolClient (GrpcClientProtocolClient.java:onNext(255)) - client-859D8C9D7B89->65797d0d-2d4a-456d-9b24-1d63a5102722: receive RaftClientReply:client-859D8C9D7B89->65797d0d-2d4a-456d-9b24-1d63a5102722@group-BA7C392EEBCA, cid=1849, SUCCESS, logIndex=2679, commits[65797d0d-2d4a-456d-9b24-1d63a5102722:c2680, aca3f3a4-0773-4ff1-9bb5-1a871868fd09:c2676, abe1c95d-8ae2-42e9-9d83-236e3c187d51:c2676]
2019-07-09 04:31:28,782 INFO  client.GrpcClientProtocolClient (GrpcClientProtocolClient.java:onNext(255)) - client-859D8C9D7B89->65797d0d-2d4a-456d-9b24-1d63a5102722: receive RaftClientReply:client-859D8C9D7B89->65797d0d-2d4a-456d-9b24-1d63a5102722@group-BA7C392EEBCA, cid=1850, SUCCESS, logIndex=2680, commits[65797d0d-2d4a-456d-9b24-1d63a5102722:c2680, aca3f3a4-0773-4ff1-9bb5-1a871868fd09:c2676, abe1c95d-8ae2-42e9-9d83-236e3c187d51:c2676]
2019-07-09 04:31:28,785 INFO  client.GrpcClientProtocolClient (GrpcClientProtocolClient.java:onNext(255)) - client-859D8C9D7B89->65797d0d-2d4a-456d-9b24-1d63a5102722: receive RaftClientReply:client-859D8C9D7B89->65797d0d-2d4a-456d-9b24-1d63a5102722@group-BA7C392EEBCA, cid=1851, SUCCESS, logIndex=0, commits[65797d0d-2d4a-456d-9b24-1d63a5102722:c2683, aca3f3a4-0773-4ff1-9bb5-1a871868fd09:c2679, abe1c95d-8ae2-42e9-9d83-236e3c187d51:c2679]
2019-07-09 04:31:28,805 INFO  client.GrpcClientProtocolClient (GrpcClientProtocolClient.java:onNext(255)) - client-859D8C9D7B89->65797d0d-2d4a-456d-9b24-1d63a5102722: receive RaftClientReply:client-859D8C9D7B89->65797d0d-2d4a-456d-9b24-1d63a5102722@group-BA7C392EEBCA, cid=1852, SUCCESS, logIndex=2685, commits[65797d0d-2d4a-456d-9b24-1d63a5102722:c2686, aca3f3a4-0773-4ff1-9bb5-1a871868fd09:c2684, abe1c95d-8ae2-42e9-9d83-236e3c187d51:c2684]
2019-07-09 04:31:28,806 INFO  client.GrpcClientProtocolClient (GrpcClientProtocolClient.java:onNext(255)) - client-859D8C9D7B89->65797d0d-2d4a-456d-9b24-1d63a5102722: receive RaftClientReply:client-859D8C9D7B89->65797d0d-2d4a-456d-9b24-1d63a5102722@group-BA7C392EEBCA, cid=1853, SUCCESS, logIndex=2686, commits[65797d0d-2d4a-456d-9b24-1d63a5102722:c2686, aca3f3a4-0773-4ff1-9bb5-1a871868fd09:c2684, abe1c95d-8ae2-42e9-9d83-236e3c187d51:c2684]
2019-07-09 04:31:28,821 INFO  client.GrpcClientProtocolClient (GrpcClientProtocolClient.java:onNext(255)) - client-859D8C9D7B89->65797d0d-2d4a-456d-9b24-1d63a5102722: receive RaftClientReply:client-859D8C9D7B89->65797d0d-2d4a-456d-9b24-1d63a5102722@group-BA7C392EEBCA, cid=1854, SUCCESS, logIndex=2689, commits[65797d0d-2d4a-456d-9b24-1d63a5102722:c2690, aca3f3a4-0773-4ff1-9bb5-1a871868fd09:c2686, abe1c95d-8ae2-42e9-9d83-236e3c187d51:c2686]
2019-07-09 04:31:28,821 INFO  client.GrpcClientProtocolClient (GrpcClientProtocolClient.java:onNext(255)) - client-859D8C9D7B89->65797d0d-2d4a-456d-9b24-1d63a5102722: receive RaftClientReply:client-859D8C9D7B89->65797d0d-2d4a-456d-9b24-1d63a5102722@group-BA7C392EEBCA, cid=1855, SUCCESS, logIndex=2690, commits[65797d0d-2d4a-456d-9b24-1d63a5102722:c2690, aca3f3a4-0773-4ff1-9bb5-1a871868fd09:c2686, abe1c95d-8ae2-42e9-9d83-236e3c187d51:c2686]
2019-07-09 04:31:28,835 INFO  client.GrpcClientProtocolClient (GrpcClientProtocolClient.java:onNext(255)) - client-859D8C9D7B89->65797d0d-2d4a-456d-9b24-1d63a5102722: receive RaftClientReply:client-859D8C9D7B89->65797d0d-2d4a-456d-9b24-1d63a5102722@group-BA7C392EEBCA, cid=1856, SUCCESS, logIndex=0, commits[65797d0d-2d4a-456d-9b24-1d63a5102722:c2692, aca3f3a4-0773-4ff1-9bb5-1a871868fd09:c2690, abe1c95d-8ae2-42e9-9d83-236e3c187d51:c2690]
2019-07-09 04:31:28,864 INFO  client.GrpcClientProtocolClient (GrpcClientProtocolClient.java:onNext(255)) - client-859D8C9D7B89->65797d0d-2d4a-456d-9b24-1d63a5102722: receive RaftClientReply:client-859D8C9D7B89->65797d0d-2d4a-456d-9b24-1d63a5102722@group-BA7C392EEBCA, cid=1857, SUCCESS, logIndex=2693, commits[65797d0d-2d4a-456d-9b24-1d63a5102722:c2695, aca3f3a4-0773-4ff1-9bb5-1a871868fd09:c2692, abe1c95d-8ae2-42e9-9d83-236e3c187d51:c2692]
2019-07-09 04:31:28,864 INFO  client.GrpcClientProtocolClient (GrpcClientProtocolClient.java:onNext(255)) - client-859D8C9D7B89->65797d0d-2d4a-456d-9b24-1d63a5102722: receive RaftClientReply:client-859D8C9D7B89->65797d0d-2d4a-456d-9b24-1d63a5102722@group-BA7C392EEBCA, cid=1858, SUCCESS, logIndex=2694, commits[65797d0d-2d4a-456d-9b24-1d63a5102722:c2696, aca3f3a4-0773-4ff1-9bb5-1a871868fd09:c2692, abe1c95d-8ae2-42e9-9d83-236e3c187d51:c2692]
2019-07-09 04:31:28,865 INFO  client.GrpcClientProtocolClient (GrpcClientProtocolClient.java:onNext(255)) - client-859D8C9D7B89->65797d0d-2d4a-456d-9b24-1d63a5102722: receive RaftClientReply:client-859D8C9D7B89->65797d0d-2d4a-456d-9b24-1d63a5102722@group-BA7C392EEBCA, cid=1859, SUCCESS, logIndex=2695, commits[65797d0d-2d4a-456d-9b24-1d63a5102722:c2696, aca3f3a4-0773-4ff1-9bb5-1a871868fd09:c2692, abe1c95d-8ae2-42e9-9d83-236e3c187d51:c2692]
2019-07-09 04:31:28,865 INFO  client.GrpcClientProtocolClient (GrpcClientProtocolClient.java:onNext(255)) - client-859D8C9D7B89->65797d0d-2d4a-456d-9b24-1d63a5102722: receive RaftClientReply:client-859D8C9D7B89->65797d0d-2d4a-456d-9b24-1d63a5102722@group-BA7C392EEBCA, cid=1860, SUCCESS, logIndex=2696, commits[65797d0d-2d4a-456d-9b24-1d63a5102722:c2696, aca3f3a4-0773-4ff1-9bb5-1a871868fd09:c2692, abe1c95d-8ae2-42e9-9d83-236e3c187d51:c2692]
 0.00% |█                                                                                                    |  0/1 Time: 0:00:142019-07-09 04:31:28,878 INFO  client.GrpcClientProtocolClient (GrpcClientProtocolClient.java:onNext(255)) - client-859D8C9D7B89->65797d0d-2d4a-456d-9b24-1d63a5102722: receive RaftClientReply:client-859D8C9D7B89->65797d0d-2d4a-456d-9b24-1d63a5102722@group-BA7C392EEBCA, cid=1861, SUCCESS, logIndex=0, commits[65797d0d-2d4a-456d-9b24-1d63a5102722:c2698, aca3f3a4-0773-4ff1-9bb5-1a871868fd09:c2694, abe1c95d-8ae2-42e9-9d83-236e3c187d51:c2694]
2019-07-09 04:31:28,897 INFO  client.GrpcClientProtocolClient (GrpcClientProtocolClient.java:onNext(255)) - client-859D8C9D7B89->65797d0d-2d4a-456d-9b24-1d63a5102722: receive RaftClientReply:client-859D8C9D7B89->65797d0d-2d4a-456d-9b24-1d63a5102722@group-BA7C392EEBCA, cid=1862, SUCCESS, logIndex=2701, commits[65797d0d-2d4a-456d-9b24-1d63a5102722:c2702, aca3f3a4-0773-4ff1-9bb5-1a871868fd09:c2700, abe1c95d-8ae2-42e9-9d83-236e3c187d51:c2700]
2019-07-09 04:31:28,898 INFO  client.GrpcClientProtocolClient (GrpcClientProtocolClient.java:onNext(255)) - client-859D8C9D7B89->65797d0d-2d4a-456d-9b24-1d63a5102722: receive RaftClientReply:client-859D8C9D7B89->65797d0d-2d4a-456d-9b24-1d63a5102722@group-BA7C392EEBCA, cid=1863, SUCCESS, logIndex=2702, commits[65797d0d-2d4a-456d-9b24-1d63a5102722:c2702, aca3f3a4-0773-4ff1-9bb5-1a871868fd09:c2700, abe1c95d-8ae2-42e9-9d83-236e3c187d51:c2700]
2019-07-09 04:31:28,912 INFO  client.GrpcClientProtocolClient (GrpcClientProtocolClient.java:onNext(255)) - client-859D8C9D7B89->65797d0d-2d4a-456d-9b24-1d63a5102722: receive RaftClientReply:client-859D8C9D7B89->65797d0d-2d4a-456d-9b24-1d63a5102722@group-BA7C392EEBCA, cid=1864, SUCCESS, logIndex=2705, commits[65797d0d-2d4a-456d-9b24-1d63a5102722:c2706, aca3f3a4-0773-4ff1-9bb5-1a871868fd09:c2702, abe1c95d-8ae2-42e9-9d83-236e3c187d51:c2702]
2019-07-09 04:31:28,913 INFO  client.GrpcClientProtocolClient (GrpcClientProtocolClient.java:onNext(255)) - client-859D8C9D7B89->65797d0d-2d4a-456d-9b24-1d63a5102722: receive RaftClientReply:client-859D8C9D7B89->65797d0d-2d4a-456d-9b24-1d63a5102722@group-BA7C392EEBCA, cid=1865, SUCCESS, logIndex=2706, commits[65797d0d-2d4a-456d-9b24-1d63a5102722:c2706, aca3f3a4-0773-4ff1-9bb5-1a871868fd09:c2702, abe1c95d-8ae2-42e9-9d83-236e3c187d51:c2702]
2019-07-09 04:31:28,926 INFO  client.GrpcClientProtocolClient (GrpcClientProtocolClient.java:onNext(255)) - client-859D8C9D7B89->65797d0d-2d4a-456d-9b24-1d63a5102722: receive RaftClientReply:client-859D8C9D7B89->65797d0d-2d4a-456d-9b24-1d63a5102722@group-BA7C392EEBCA, cid=1866, SUCCESS, logIndex=0, commits[65797d0d-2d4a-456d-9b24-1d63a5102722:c2708, aca3f3a4-0773-4ff1-9bb5-1a871868fd09:c2706, abe1c95d-8ae2-42e9-9d83-236e3c187d51:c2706]
2019-07-09 04:31:28,953 INFO  client.GrpcClientProtocolClient (GrpcClientProtocolClient.java:onNext(255)) - client-859D8C9D7B89->65797d0d-2d4a-456d-9b24-1d63a5102722: receive RaftClientReply:client-859D8C9D7B89->65797d0d-2d4a-456d-9b24-1d63a5102722@group-BA7C392EEBCA, cid=1867, SUCCESS, logIndex=2709, commits[65797d0d-2d4a-456d-9b24-1d63a5102722:c2710, aca3f3a4-0773-4ff1-9bb5-1a871868fd09:c2708, abe1c95d-8ae2-42e9-9d83-236e3c187d51:c2708]
2019-07-09 04:31:28,954 INFO  client.GrpcClientProtocolClient (GrpcClientProtocolClient.java:onNext(255)) - client-859D8C9D7B89->65797d0d-2d4a-456d-9b24-1d63a5102722: receive RaftClientReply:client-859D8C9D7B89->65797d0d-2d4a-456d-9b24-1d63a5102722@group-BA7C392EEBCA, cid=1868, SUCCESS, logIndex=2710, commits[65797d0d-2d4a-456d-9b24-1d63a5102722:c2711, aca3f3a4-0773-4ff1-9bb5-1a871868fd09:c2708, abe1c95d-8ae2-42e9-9d83-236e3c187d51:c2708]
2019-07-09 04:31:28,954 INFO  client.GrpcClientProtocolClient (GrpcClientProtocolClient.java:onNext(255)) - client-859D8C9D7B89->65797d0d-2d4a-456d-9b24-1d63a5102722: receive RaftClientReply:client-859D8C9D7B89->65797d0d-2d4a-456d-9b24-1d63a5102722@group-BA7C392EEBCA, cid=1869, SUCCESS, logIndex=2711, commits[65797d0d-2d4a-456d-9b24-1d63a5102722:c2712, aca3f3a4-0773-4ff1-9bb5-1a871868fd09:c2708, abe1c95d-8ae2-42e9-9d83-236e3c187d51:c2708]
2019-07-09 04:31:28,954 INFO  client.GrpcClientProtocolClient (GrpcClientProtocolClient.java:onNext(255)) - client-859D8C9D7B89->65797d0d-2d4a-456d-9b24-1d63a5102722: receive RaftClientReply:client-859D8C9D7B89->65797d0d-2d4a-456d-9b24-1d63a5102722@group-BA7C392EEBCA, cid=1870, SUCCESS, logIndex=2712, commits[65797d0d-2d4a-456d-9b24-1d63a5102722:c2712, aca3f3a4-0773-4ff1-9bb5-1a871868fd09:c2708, abe1c95d-8ae2-42e9-9d83-236e3c187d51:c2708]
2019-07-09 04:31:28,983 INFO  client.GrpcClientProtocolClient (GrpcClientProtocolClient.java:onNext(255)) - client-859D8C9D7B89->65797d0d-2d4a-456d-9b24-1d63a5102722: receive RaftClientReply:client-859D8C9D7B89->65797d0d-2d4a-456d-9b24-1d63a5102722@group-BA7C392EEBCA, cid=1871, SUCCESS, logIndex=0, commits[65797d0d-2d4a-456d-9b24-1d63a5102722:c2716, aca3f3a4-0773-4ff1-9bb5-1a871868fd09:c2712, abe1c95d-8ae2-42e9-9d83-236e3c187d51:c2710]
2019-07-09 04:31:29,005 INFO  client.GrpcClientProtocolClient (GrpcClientProtocolClient.java:onNext(255)) - client-859D8C9D7B89->65797d0d-2d4a-456d-9b24-1d63a5102722: receive RaftClientReply:client-859D8C9D7B89->65797d0d-2d4a-456d-9b24-1d63a5102722@group-BA7C392EEBCA, cid=1872, SUCCESS, logIndex=2717, commits[65797d0d-2d4a-456d-9b24-1d63a5102722:c2718, aca3f3a4-0773-4ff1-9bb5-1a871868fd09:c2716, abe1c95d-8ae2-42e9-9d83-236e3c187d51:c2716]
2019-07-09 04:31:29,005 INFO  client.GrpcClientProtocolClient (GrpcClientProtocolClient.java:onNext(255)) - client-859D8C9D7B89->65797d0d-2d4a-456d-9b24-1d63a5102722: receive RaftClientReply:client-859D8C9D7B89->65797d0d-2d4a-456d-9b24-1d63a5102722@group-BA7C392EEBCA, cid=1873, SUCCESS, logIndex=2718, commits[65797d0d-2d4a-456d-9b24-1d63a5102722:c2718, aca3f3a4-0773-4ff1-9bb5-1a871868fd09:c2716, abe1c95d-8ae2-42e9-9d83-236e3c187d51:c2716]
2019-07-09 04:31:29,019 INFO  client.GrpcClientProtocolClient (GrpcClientProtocolClient.java:onNext(255)) - client-859D8C9D7B89->65797d0d-2d4a-456d-9b24-1d63a5102722: receive RaftClientReply:client-859D8C9D7B89->65797d0d-2d4a-456d-9b24-1d63a5102722@group-BA7C392EEBCA, cid=1874, SUCCESS, logIndex=2721, commits[65797d0d-2d4a-456d-9b24-1d63a5102722:c2722, aca3f3a4-0773-4ff1-9bb5-1a871868fd09:c2717, abe1c95d-8ae2-42e9-9d83-236e3c187d51:c2718]
2019-07-09 04:31:29,019 INFO  client.GrpcClientProtocolClient (GrpcClientProtocolClient.java:onNext(255)) - client-859D8C9D7B89->65797d0d-2d4a-456d-9b24-1d63a5102722: receive RaftClientReply:client-859D8C9D7B89->65797d0d-2d4a-456d-9b24-1d63a5102722@group-BA7C392EEBCA, cid=1875, SUCCESS, logIndex=2722, commits[65797d0d-2d4a-456d-9b24-1d63a5102722:c2722, aca3f3a4-0773-4ff1-9bb5-1a871868fd09:c2718, abe1c95d-8ae2-42e9-9d83-236e3c187d51:c2718]
2019-07-09 04:31:29,021 INFO  client.GrpcClientProtocolClient (GrpcClientProtocolClient.java:onNext(255)) - client-859D8C9D7B89->65797d0d-2d4a-456d-9b24-1d63a5102722: receive RaftClientReply:client-859D8C9D7B89->65797d0d-2d4a-456d-9b24-1d63a5102722@group-BA7C392EEBCA, cid=1876, SUCCESS, logIndex=0, commits[65797d0d-2d4a-456d-9b24-1d63a5102722:c2724, aca3f3a4-0773-4ff1-9bb5-1a871868fd09:c2722, abe1c95d-8ae2-42e9-9d83-236e3c187d51:c2722]
2019-07-09 04:31:29,050 INFO  client.GrpcClientProtocolClient (GrpcClientProtocolClient.java:onNext(255)) - client-859D8C9D7B89->65797d0d-2d4a-456d-9b24-1d63a5102722: receive RaftClientReply:client-859D8C9D7B89->65797d0d-2d4a-456d-9b24-1d63a5102722@group-BA7C392EEBCA, cid=1877, SUCCESS, logIndex=2725, commits[65797d0d-2d4a-456d-9b24-1d63a5102722:c2727, aca3f3a4-0773-4ff1-9bb5-1a871868fd09:c2724, abe1c95d-8ae2-42e9-9d83-236e3c187d51:c2724]
2019-07-09 04:31:29,051 INFO  client.GrpcClientProtocolClient (GrpcClientProtocolClient.java:onNext(255)) - client-859D8C9D7B89->65797d0d-2d4a-456d-9b24-1d63a5102722: receive RaftClientReply:client-859D8C9D7B89->65797d0d-2d4a-456d-9b24-1d63a5102722@group-BA7C392EEBCA, cid=1878, SUCCESS, logIndex=2726, commits[65797d0d-2d4a-456d-9b24-1d63a5102722:c2728, aca3f3a4-0773-4ff1-9bb5-1a871868fd09:c2724, abe1c95d-8ae2-42e9-9d83-236e3c187d51:c2724]
2019-07-09 04:31:29,051 INFO  client.GrpcClientProtocolClient (GrpcClientProtocolClient.java:onNext(255)) - client-859D8C9D7B89->65797d0d-2d4a-456d-9b24-1d63a5102722: receive RaftClientReply:client-859D8C9D7B89->65797d0d-2d4a-456d-9b24-1d63a5102722@group-BA7C392EEBCA, cid=1879, SUCCESS, logIndex=2727, commits[65797d0d-2d4a-456d-9b24-1d63a5102722:c2728, aca3f3a4-0773-4ff1-9bb5-1a871868fd09:c2724, abe1c95d-8ae2-42e9-9d83-236e3c187d51:c2724]
2019-07-09 04:31:29,051 INFO  client.GrpcClientProtocolClient (GrpcClientProtocolClient.java:onNext(255)) - client-859D8C9D7B89->65797d0d-2d4a-456d-9b24-1d63a5102722: receive RaftClientReply:client-859D8C9D7B89->65797d0d-2d4a-456d-9b24-1d63a5102722@group-BA7C392EEBCA, cid=1880, SUCCESS, logIndex=2728, commits[65797d0d-2d4a-456d-9b24-1d63a5102722:c2728, aca3f3a4-0773-4ff1-9bb5-1a871868fd09:c2724, abe1c95d-8ae2-42e9-9d83-236e3c187d51:c2724]
2019-07-09 04:31:29,053 INFO  client.GrpcClientProtocolClient (GrpcClientProtocolClient.java:onNext(255)) - client-859D8C9D7B89->65797d0d-2d4a-456d-9b24-1d63a5102722: receive RaftClientReply:client-859D8C9D7B89->65797d0d-2d4a-456d-9b24-1d63a5102722@group-BA7C392EEBCA, cid=1881, SUCCESS, logIndex=0, commits[65797d0d-2d4a-456d-9b24-1d63a5102722:c2732, aca3f3a4-0773-4ff1-9bb5-1a871868fd09:c2727, abe1c95d-8ae2-42e9-9d83-236e3c187d51:c2728]
2019-07-09 04:31:29,175 INFO  client.GrpcClientProtocolClient (GrpcClientProtocolClient.java:onNext(255)) - client-859D8C9D7B89->65797d0d-2d4a-456d-9b24-1d63a5102722: receive RaftClientReply:client-859D8C9D7B89->65797d0d-2d4a-456d-9b24-1d63a5102722@group-BA7C392EEBCA, cid=1882, SUCCESS, logIndex=2733, commits[65797d0d-2d4a-456d-9b24-1d63a5102722:c2734, aca3f3a4-0773-4ff1-9bb5-1a871868fd09:c2732, abe1c95d-8ae2-42e9-9d83-236e3c187d51:c2732]
2019-07-09 04:31:29,176 INFO  client.GrpcClientProtocolClient (GrpcClientProtocolClient.java:onNext(255)) - client-859D8C9D7B89->65797d0d-2d4a-456d-9b24-1d63a5102722: receive RaftClientReply:client-859D8C9D7B89->65797d0d-2d4a-456d-9b24-1d63a5102722@group-BA7C392EEBCA, cid=1883, SUCCESS, logIndex=2734, commits[65797d0d-2d4a-456d-9b24-1d63a5102722:c2734, aca3f3a4-0773-4ff1-9bb5-1a871868fd09:c2732, abe1c95d-8ae2-42e9-9d83-236e3c187d51:c2732]
2019-07-09 04:31:29,202 INFO  client.GrpcClientProtocolClient (GrpcClientProtocolClient.java:onNext(255)) - client-859D8C9D7B89->65797d0d-2d4a-456d-9b24-1d63a5102722: receive RaftClientReply:client-859D8C9D7B89->65797d0d-2d4a-456d-9b24-1d63a5102722@group-BA7C392EEBCA, cid=1884, SUCCESS, logIndex=2737, commits[65797d0d-2d4a-456d-9b24-1d63a5102722:c2738, aca3f3a4-0773-4ff1-9bb5-1a871868fd09:c2734, abe1c95d-8ae2-42e9-9d83-236e3c187d51:c2734]
2019-07-09 04:31:29,202 INFO  client.GrpcClientProtocolClient (GrpcClientProtocolClient.java:onNext(255)) - client-859D8C9D7B89->65797d0d-2d4a-456d-9b24-1d63a5102722: receive RaftClientReply:client-859D8C9D7B89->65797d0d-2d4a-456d-9b24-1d63a5102722@group-BA7C392EEBCA, cid=1885, SUCCESS, logIndex=2738, commits[65797d0d-2d4a-456d-9b24-1d63a5102722:c2738, aca3f3a4-0773-4ff1-9bb5-1a871868fd09:c2734, abe1c95d-8ae2-42e9-9d83-236e3c187d51:c2734]
2019-07-09 04:31:29,205 INFO  client.GrpcClientProtocolClient (GrpcClientProtocolClient.java:onNext(255)) - client-859D8C9D7B89->65797d0d-2d4a-456d-9b24-1d63a5102722: receive RaftClientReply:client-859D8C9D7B89->65797d0d-2d4a-456d-9b24-1d63a5102722@group-BA7C392EEBCA, cid=1886, SUCCESS, logIndex=0, commits[65797d0d-2d4a-456d-9b24-1d63a5102722:c2740, aca3f3a4-0773-4ff1-9bb5-1a871868fd09:c2738, abe1c95d-8ae2-42e9-9d83-236e3c187d51:c2738]
2019-07-09 04:31:29,237 INFO  client.GrpcClientProtocolClient (GrpcClientProtocolClient.java:onNext(255)) - client-859D8C9D7B89->65797d0d-2d4a-456d-9b24-1d63a5102722: receive RaftClientReply:client-859D8C9D7B89->65797d0d-2d4a-456d-9b24-1d63a5102722@group-BA7C392EEBCA, cid=1887, SUCCESS, logIndex=2741, commits[65797d0d-2d4a-456d-9b24-1d63a5102722:c2743, aca3f3a4-0773-4ff1-9bb5-1a871868fd09:c2740, abe1c95d-8ae2-42e9-9d83-236e3c187d51:c2740]
2019-07-09 04:31:29,237 INFO  client.GrpcClientProtocolClient (GrpcClientProtocolClient.java:onNext(255)) - client-859D8C9D7B89->65797d0d-2d4a-456d-9b24-1d63a5102722: receive RaftClientReply:client-859D8C9D7B89->65797d0d-2d4a-456d-9b24-1d63a5102722@group-BA7C392EEBCA, cid=1888, SUCCESS, logIndex=2742, commits[65797d0d-2d4a-456d-9b24-1d63a5102722:c2744, aca3f3a4-0773-4ff1-9bb5-1a871868fd09:c2740, abe1c95d-8ae2-42e9-9d83-236e3c187d51:c2740]
2019-07-09 04:31:29,238 INFO  client.GrpcClientProtocolClient (GrpcClientProtocolClient.java:onNext(255)) - client-859D8C9D7B89->65797d0d-2d4a-456d-9b24-1d63a5102722: receive RaftClientReply:client-859D8C9D7B89->65797d0d-2d4a-456d-9b24-1d63a5102722@group-BA7C392EEBCA, cid=1889, SUCCESS, logIndex=2743, commits[65797d0d-2d4a-456d-9b24-1d63a5102722:c2744, aca3f3a4-0773-4ff1-9bb5-1a871868fd09:c2740, abe1c95d-8ae2-42e9-9d83-236e3c187d51:c2741]
2019-07-09 04:31:29,238 INFO  client.GrpcClientProtocolClient (GrpcClientProtocolClient.java:onNext(255)) - client-859D8C9D7B89->65797d0d-2d4a-456d-9b24-1d63a5102722: receive RaftClientReply:client-859D8C9D7B89->65797d0d-2d4a-456d-9b24-1d63a5102722@group-BA7C392EEBCA, cid=1890, SUCCESS, logIndex=2744, commits[65797d0d-2d4a-456d-9b24-1d63a5102722:c2745, aca3f3a4-0773-4ff1-9bb5-1a871868fd09:c2740, abe1c95d-8ae2-42e9-9d83-236e3c187d51:c2741]
2019-07-09 04:31:29,240 INFO  client.GrpcClientProtocolClient (GrpcClientProtocolClient.java:onNext(255)) - client-859D8C9D7B89->65797d0d-2d4a-456d-9b24-1d63a5102722: receive RaftClientReply:client-859D8C9D7B89->65797d0d-2d4a-456d-9b24-1d63a5102722@group-BA7C392EEBCA, cid=1891, SUCCESS, logIndex=0, commits[65797d0d-2d4a-456d-9b24-1d63a5102722:c2747, aca3f3a4-0773-4ff1-9bb5-1a871868fd09:c2743, abe1c95d-8ae2-42e9-9d83-236e3c187d51:c2743]
2019-07-09 04:31:29,259 INFO  client.GrpcClientProtocolClient (GrpcClientProtocolClient.java:onNext(255)) - client-859D8C9D7B89->65797d0d-2d4a-456d-9b24-1d63a5102722: receive RaftClientReply:client-859D8C9D7B89->65797d0d-2d4a-456d-9b24-1d63a5102722@group-BA7C392EEBCA, cid=1892, SUCCESS, logIndex=2749, commits[65797d0d-2d4a-456d-9b24-1d63a5102722:c2750, aca3f3a4-0773-4ff1-9bb5-1a871868fd09:c2744, abe1c95d-8ae2-42e9-9d83-236e3c187d51:c2748]
2019-07-09 04:31:29,259 INFO  client.GrpcClientProtocolClient (GrpcClientProtocolClient.java:onNext(255)) - client-859D8C9D7B89->65797d0d-2d4a-456d-9b24-1d63a5102722: receive RaftClientReply:client-859D8C9D7B89->65797d0d-2d4a-456d-9b24-1d63a5102722@group-BA7C392EEBCA, cid=1893, SUCCESS, logIndex=2750, commits[65797d0d-2d4a-456d-9b24-1d63a5102722:c2750, aca3f3a4-0773-4ff1-9bb5-1a871868fd09:c2748, abe1c95d-8ae2-42e9-9d83-236e3c187d51:c2748]
2019-07-09 04:31:29,285 INFO  client.GrpcClientProtocolClient (GrpcClientProtocolClient.java:onNext(255)) - client-859D8C9D7B89->65797d0d-2d4a-456d-9b24-1d63a5102722: receive RaftClientReply:client-859D8C9D7B89->65797d0d-2d4a-456d-9b24-1d63a5102722@group-BA7C392EEBCA, cid=1894, SUCCESS, logIndex=2753, commits[65797d0d-2d4a-456d-9b24-1d63a5102722:c2754, aca3f3a4-0773-4ff1-9bb5-1a871868fd09:c2752, abe1c95d-8ae2-42e9-9d83-236e3c187d51:c2752]
2019-07-09 04:31:29,286 INFO  client.GrpcClientProtocolClient (GrpcClientProtocolClient.java:onNext(255)) - client-859D8C9D7B89->65797d0d-2d4a-456d-9b24-1d63a5102722: receive RaftClientReply:client-859D8C9D7B89->65797d0d-2d4a-456d-9b24-1d63a5102722@group-BA7C392EEBCA, cid=1895, SUCCESS, logIndex=2754, commits[65797d0d-2d4a-456d-9b24-1d63a5102722:c2754, aca3f3a4-0773-4ff1-9bb5-1a871868fd09:c2752, abe1c95d-8ae2-42e9-9d83-236e3c187d51:c2752]
2019-07-09 04:31:29,297 INFO  client.GrpcClientProtocolClient (GrpcClientProtocolClient.java:onNext(255)) - client-859D8C9D7B89->65797d0d-2d4a-456d-9b24-1d63a5102722: receive RaftClientReply:client-859D8C9D7B89->65797d0d-2d4a-456d-9b24-1d63a5102722@group-BA7C392EEBCA, cid=1896, SUCCESS, logIndex=0, commits[65797d0d-2d4a-456d-9b24-1d63a5102722:c2755, aca3f3a4-0773-4ff1-9bb5-1a871868fd09:c2754, abe1c95d-8ae2-42e9-9d83-236e3c187d51:c2754]
2019-07-09 04:31:29,329 INFO  client.GrpcClientProtocolClient (GrpcClientProtocolClient.java:onNext(255)) - client-859D8C9D7B89->65797d0d-2d4a-456d-9b24-1d63a5102722: receive RaftClientReply:client-859D8C9D7B89->65797d0d-2d4a-456d-9b24-1d63a5102722@group-BA7C392EEBCA, cid=1897, SUCCESS, logIndex=2757, commits[65797d0d-2d4a-456d-9b24-1d63a5102722:c2759, aca3f3a4-0773-4ff1-9bb5-1a871868fd09:c2756, abe1c95d-8ae2-42e9-9d83-236e3c187d51:c2756]
2019-07-09 04:31:29,330 INFO  client.GrpcClientProtocolClient (GrpcClientProtocolClient.java:onNext(255)) - client-859D8C9D7B89->65797d0d-2d4a-456d-9b24-1d63a5102722: receive RaftClientReply:client-859D8C9D7B89->65797d0d-2d4a-456d-9b24-1d63a5102722@group-BA7C392EEBCA, cid=1898, SUCCESS, logIndex=2758, commits[65797d0d-2d4a-456d-9b24-1d63a5102722:c2760, aca3f3a4-0773-4ff1-9bb5-1a871868fd09:c2756, abe1c95d-8ae2-42e9-9d83-236e3c187d51:c2756]
2019-07-09 04:31:29,330 INFO  client.GrpcClientProtocolClient (GrpcClientProtocolClient.java:onNext(255)) - client-859D8C9D7B89->65797d0d-2d4a-456d-9b24-1d63a5102722: receive RaftClientReply:client-859D8C9D7B89->65797d0d-2d4a-456d-9b24-1d63a5102722@group-BA7C392EEBCA, cid=1899, SUCCESS, logIndex=2759, commits[65797d0d-2d4a-456d-9b24-1d63a5102722:c2761, aca3f3a4-0773-4ff1-9bb5-1a871868fd09:c2757, abe1c95d-8ae2-42e9-9d83-236e3c187d51:c2757]
2019-07-09 04:31:29,331 INFO  client.GrpcClientProtocolClient (GrpcClientProtocolClient.java:onNext(255)) - client-859D8C9D7B89->65797d0d-2d4a-456d-9b24-1d63a5102722: receive RaftClientReply:client-859D8C9D7B89->65797d0d-2d4a-456d-9b24-1d63a5102722@group-BA7C392EEBCA, cid=1900, SUCCESS, logIndex=2760, commits[65797d0d-2d4a-456d-9b24-1d63a5102722:c2762, aca3f3a4-0773-4ff1-9bb5-1a871868fd09:c2757, abe1c95d-8ae2-42e9-9d83-236e3c187d51:c2758]
2019-07-09 04:31:29,332 INFO  client.GrpcClientProtocolClient (GrpcClientProtocolClient.java:onNext(255)) - client-859D8C9D7B89->65797d0d-2d4a-456d-9b24-1d63a5102722: receive RaftClientReply:client-859D8C9D7B89->65797d0d-2d4a-456d-9b24-1d63a5102722@group-BA7C392EEBCA, cid=1901, SUCCESS, logIndex=0, commits[65797d0d-2d4a-456d-9b24-1d63a5102722:c2764, aca3f3a4-0773-4ff1-9bb5-1a871868fd09:c2760, abe1c95d-8ae2-42e9-9d83-236e3c187d51:c2760]
2019-07-09 04:31:29,352 INFO  client.GrpcClientProtocolClient (GrpcClientProtocolClient.java:onNext(255)) - client-859D8C9D7B89->65797d0d-2d4a-456d-9b24-1d63a5102722: receive RaftClientReply:client-859D8C9D7B89->65797d0d-2d4a-456d-9b24-1d63a5102722@group-BA7C392EEBCA, cid=1902, SUCCESS, logIndex=2765, commits[65797d0d-2d4a-456d-9b24-1d63a5102722:c2766, aca3f3a4-0773-4ff1-9bb5-1a871868fd09:c2764, abe1c95d-8ae2-42e9-9d83-236e3c187d51:c2764]
2019-07-09 04:31:29,352 INFO  client.GrpcClientProtocolClient (GrpcClientProtocolClient.java:onNext(255)) - client-859D8C9D7B89->65797d0d-2d4a-456d-9b24-1d63a5102722: receive RaftClientReply:client-859D8C9D7B89->65797d0d-2d4a-456d-9b24-1d63a5102722@group-BA7C392EEBCA, cid=1903, SUCCESS, logIndex=2766, commits[65797d0d-2d4a-456d-9b24-1d63a5102722:c2766, aca3f3a4-0773-4ff1-9bb5-1a871868fd09:c2764, abe1c95d-8ae2-42e9-9d83-236e3c187d51:c2764]
2019-07-09 04:31:29,367 INFO  client.GrpcClientProtocolClient (GrpcClientProtocolClient.java:onNext(255)) - client-859D8C9D7B89->65797d0d-2d4a-456d-9b24-1d63a5102722: receive RaftClientReply:client-859D8C9D7B89->65797d0d-2d4a-456d-9b24-1d63a5102722@group-BA7C392EEBCA, cid=1904, SUCCESS, logIndex=2769, commits[65797d0d-2d4a-456d-9b24-1d63a5102722:c2770, aca3f3a4-0773-4ff1-9bb5-1a871868fd09:c2766, abe1c95d-8ae2-42e9-9d83-236e3c187d51:c2766]
2019-07-09 04:31:29,367 INFO  client.GrpcClientProtocolClient (GrpcClientProtocolClient.java:onNext(255)) - client-859D8C9D7B89->65797d0d-2d4a-456d-9b24-1d63a5102722: receive RaftClientReply:client-859D8C9D7B89->65797d0d-2d4a-456d-9b24-1d63a5102722@group-BA7C392EEBCA, cid=1905, SUCCESS, logIndex=2770, commits[65797d0d-2d4a-456d-9b24-1d63a5102722:c2770, aca3f3a4-0773-4ff1-9bb5-1a871868fd09:c2766, abe1c95d-8ae2-42e9-9d83-236e3c187d51:c2766]
2019-07-09 04:31:29,381 INFO  client.GrpcClientProtocolClient (GrpcClientProtocolClient.java:onNext(255)) - client-859D8C9D7B89->65797d0d-2d4a-456d-9b24-1d63a5102722: receive RaftClientReply:client-859D8C9D7B89->65797d0d-2d4a-456d-9b24-1d63a5102722@group-BA7C392EEBCA, cid=1906, SUCCESS, logIndex=0, commits[65797d0d-2d4a-456d-9b24-1d63a5102722:c2772, aca3f3a4-0773-4ff1-9bb5-1a871868fd09:c2770, abe1c95d-8ae2-42e9-9d83-236e3c187d51:c2770]
2019-07-09 04:31:29,408 INFO  client.GrpcClientProtocolClient (GrpcClientProtocolClient.java:onNext(255)) - client-859D8C9D7B89->65797d0d-2d4a-456d-9b24-1d63a5102722: receive RaftClientReply:client-859D8C9D7B89->65797d0d-2d4a-456d-9b24-1d63a5102722@group-BA7C392EEBCA, cid=1907, SUCCESS, logIndex=2773, commits[65797d0d-2d4a-456d-9b24-1d63a5102722:c2775, aca3f3a4-0773-4ff1-9bb5-1a871868fd09:c2772, abe1c95d-8ae2-42e9-9d83-236e3c187d51:c2772]
2019-07-09 04:31:29,409 INFO  client.GrpcClientProtocolClient (GrpcClientProtocolClient.java:onNext(255)) - client-859D8C9D7B89->65797d0d-2d4a-456d-9b24-1d63a5102722: receive RaftClientReply:client-859D8C9D7B89->65797d0d-2d4a-456d-9b24-1d63a5102722@group-BA7C392EEBCA, cid=1908, SUCCESS, logIndex=2774, commits[65797d0d-2d4a-456d-9b24-1d63a5102722:c2776, aca3f3a4-0773-4ff1-9bb5-1a871868fd09:c2772, abe1c95d-8ae2-42e9-9d83-236e3c187d51:c2772]
2019-07-09 04:31:29,409 INFO  client.GrpcClientProtocolClient (GrpcClientProtocolClient.java:onNext(255)) - client-859D8C9D7B89->65797d0d-2d4a-456d-9b24-1d63a5102722: receive RaftClientReply:client-859D8C9D7B89->65797d0d-2d4a-456d-9b24-1d63a5102722@group-BA7C392EEBCA, cid=1909, SUCCESS, logIndex=2775, commits[65797d0d-2d4a-456d-9b24-1d63a5102722:c2776, aca3f3a4-0773-4ff1-9bb5-1a871868fd09:c2772, abe1c95d-8ae2-42e9-9d83-236e3c187d51:c2772]
2019-07-09 04:31:29,409 INFO  client.GrpcClientProtocolClient (GrpcClientProtocolClient.java:onNext(255)) - client-859D8C9D7B89->65797d0d-2d4a-456d-9b24-1d63a5102722: receive RaftClientReply:client-859D8C9D7B89->65797d0d-2d4a-456d-9b24-1d63a5102722@group-BA7C392EEBCA, cid=1910, SUCCESS, logIndex=2776, commits[65797d0d-2d4a-456d-9b24-1d63a5102722:c2776, aca3f3a4-0773-4ff1-9bb5-1a871868fd09:c2772, abe1c95d-8ae2-42e9-9d83-236e3c187d51:c2772]
2019-07-09 04:31:29,411 INFO  client.GrpcClientProtocolClient (GrpcClientProtocolClient.java:onNext(255)) - client-859D8C9D7B89->65797d0d-2d4a-456d-9b24-1d63a5102722: receive RaftClientReply:client-859D8C9D7B89->65797d0d-2d4a-456d-9b24-1d63a5102722@group-BA7C392EEBCA, cid=1911, SUCCESS, logIndex=0, commits[65797d0d-2d4a-456d-9b24-1d63a5102722:c2778, aca3f3a4-0773-4ff1-9bb5-1a871868fd09:c2774, abe1c95d-8ae2-42e9-9d83-236e3c187d51:c2774]
2019-07-09 04:31:29,430 INFO  client.GrpcClientProtocolClient (GrpcClientProtocolClient.java:onNext(255)) - client-859D8C9D7B89->65797d0d-2d4a-456d-9b24-1d63a5102722: receive RaftClientReply:client-859D8C9D7B89->65797d0d-2d4a-456d-9b24-1d63a5102722@group-BA7C392EEBCA, cid=1912, SUCCESS, logIndex=2781, commits[65797d0d-2d4a-456d-9b24-1d63a5102722:c2782, aca3f3a4-0773-4ff1-9bb5-1a871868fd09:c2780, abe1c95d-8ae2-42e9-9d83-236e3c187d51:c2780]
2019-07-09 04:31:29,431 INFO  client.GrpcClientProtocolClient (GrpcClientProtocolClient.java:onNext(255)) - client-859D8C9D7B89->65797d0d-2d4a-456d-9b24-1d63a5102722: receive RaftClientReply:client-859D8C9D7B89->65797d0d-2d4a-456d-9b24-1d63a5102722@group-BA7C392EEBCA, cid=1913, SUCCESS, logIndex=2782, commits[65797d0d-2d4a-456d-9b24-1d63a5102722:c2782, aca3f3a4-0773-4ff1-9bb5-1a871868fd09:c2780, abe1c95d-8ae2-42e9-9d83-236e3c187d51:c2780]
2019-07-09 04:31:29,444 INFO  client.GrpcClientProtocolClient (GrpcClientProtocolClient.java:onNext(255)) - client-859D8C9D7B89->65797d0d-2d4a-456d-9b24-1d63a5102722: receive RaftClientReply:client-859D8C9D7B89->65797d0d-2d4a-456d-9b24-1d63a5102722@group-BA7C392EEBCA, cid=1914, SUCCESS, logIndex=2785, commits[65797d0d-2d4a-456d-9b24-1d63a5102722:c2786, aca3f3a4-0773-4ff1-9bb5-1a871868fd09:c2782, abe1c95d-8ae2-42e9-9d83-236e3c187d51:c2782]
2019-07-09 04:31:29,445 INFO  client.GrpcClientProtocolClient (GrpcClientProtocolClient.java:onNext(255)) - client-859D8C9D7B89->65797d0d-2d4a-456d-9b24-1d63a5102722: receive RaftClientReply:client-859D8C9D7B89->65797d0d-2d4a-456d-9b24-1d63a5102722@group-BA7C392EEBCA, cid=1915, SUCCESS, logIndex=2786, commits[65797d0d-2d4a-456d-9b24-1d63a5102722:c2786, aca3f3a4-0773-4ff1-9bb5-1a871868fd09:c2782, abe1c95d-8ae2-42e9-9d83-236e3c187d51:c2782]
2019-07-09 04:31:29,492 INFO  client.GrpcClientProtocolClient (GrpcClientProtocolClient.java:onNext(255)) - client-859D8C9D7B89->65797d0d-2d4a-456d-9b24-1d63a5102722: receive RaftClientReply:client-859D8C9D7B89->65797d0d-2d4a-456d-9b24-1d63a5102722@group-BA7C392EEBCA, cid=1916, SUCCESS, logIndex=0, commits[65797d0d-2d4a-456d-9b24-1d63a5102722:c2787, aca3f3a4-0773-4ff1-9bb5-1a871868fd09:c2786, abe1c95d-8ae2-42e9-9d83-236e3c187d51:c2786]
2019-07-09 04:31:29,528 INFO  client.GrpcClientProtocolClient (GrpcClientProtocolClient.java:onNext(255)) - client-859D8C9D7B89->65797d0d-2d4a-456d-9b24-1d63a5102722: receive RaftClientReply:client-859D8C9D7B89->65797d0d-2d4a-456d-9b24-1d63a5102722@group-BA7C392EEBCA, cid=1917, SUCCESS, logIndex=2789, commits[65797d0d-2d4a-456d-9b24-1d63a5102722:c2791, aca3f3a4-0773-4ff1-9bb5-1a871868fd09:c2788, abe1c95d-8ae2-42e9-9d83-236e3c187d51:c2788]
2019-07-09 04:31:29,529 INFO  client.GrpcClientProtocolClient (GrpcClientProtocolClient.java:onNext(255)) - client-859D8C9D7B89->65797d0d-2d4a-456d-9b24-1d63a5102722: receive RaftClientReply:client-859D8C9D7B89->65797d0d-2d4a-456d-9b24-1d63a5102722@group-BA7C392EEBCA, cid=1918, SUCCESS, logIndex=2790, commits[65797d0d-2d4a-456d-9b24-1d63a5102722:c2792, aca3f3a4-0773-4ff1-9bb5-1a871868fd09:c2788, abe1c95d-8ae2-42e9-9d83-236e3c187d51:c2788]
2019-07-09 04:31:29,530 INFO  client.GrpcClientProtocolClient (GrpcClientProtocolClient.java:onNext(255)) - client-859D8C9D7B89->65797d0d-2d4a-456d-9b24-1d63a5102722: receive RaftClientReply:client-859D8C9D7B89->65797d0d-2d4a-456d-9b24-1d63a5102722@group-BA7C392EEBCA, cid=1919, SUCCESS, logIndex=2791, commits[65797d0d-2d4a-456d-9b24-1d63a5102722:c2792, aca3f3a4-0773-4ff1-9bb5-1a871868fd09:c2788, abe1c95d-8ae2-42e9-9d83-236e3c187d51:c2788]
2019-07-09 04:31:29,530 INFO  client.GrpcClientProtocolClient (GrpcClientProtocolClient.java:onNext(255)) - client-859D8C9D7B89->65797d0d-2d4a-456d-9b24-1d63a5102722: receive RaftClientReply:client-859D8C9D7B89->65797d0d-2d4a-456d-9b24-1d63a5102722@group-BA7C392EEBCA, cid=1920, SUCCESS, logIndex=2792, commits[65797d0d-2d4a-456d-9b24-1d63a5102722:c2792, aca3f3a4-0773-4ff1-9bb5-1a871868fd09:c2788, abe1c95d-8ae2-42e9-9d83-236e3c187d51:c2788]
2019-07-09 04:31:29,543 INFO  client.GrpcClientProtocolClient (GrpcClientProtocolClient.java:onNext(255)) - client-859D8C9D7B89->65797d0d-2d4a-456d-9b24-1d63a5102722: receive RaftClientReply:client-859D8C9D7B89->65797d0d-2d4a-456d-9b24-1d63a5102722@group-BA7C392EEBCA, cid=1921, SUCCESS, logIndex=0, commits[65797d0d-2d4a-456d-9b24-1d63a5102722:c2794, aca3f3a4-0773-4ff1-9bb5-1a871868fd09:c2790, abe1c95d-8ae2-42e9-9d83-236e3c187d51:c2790]
2019-07-09 04:31:29,583 INFO  client.GrpcClientProtocolClient (GrpcClientProtocolClient.java:onNext(255)) - client-859D8C9D7B89->65797d0d-2d4a-456d-9b24-1d63a5102722: receive RaftClientReply:client-859D8C9D7B89->65797d0d-2d4a-456d-9b24-1d63a5102722@group-BA7C392EEBCA, cid=1922, SUCCESS, logIndex=2797, commits[65797d0d-2d4a-456d-9b24-1d63a5102722:c2798, aca3f3a4-0773-4ff1-9bb5-1a871868fd09:c2796, abe1c95d-8ae2-42e9-9d83-236e3c187d51:c2796]
2019-07-09 04:31:29,583 INFO  client.GrpcClientProtocolClient (GrpcClientProtocolClient.java:onNext(255)) - client-859D8C9D7B89->65797d0d-2d4a-456d-9b24-1d63a5102722: receive RaftClientReply:client-859D8C9D7B89->65797d0d-2d4a-456d-9b24-1d63a5102722@group-BA7C392EEBCA, cid=1923, SUCCESS, logIndex=2798, commits[65797d0d-2d4a-456d-9b24-1d63a5102722:c2798, aca3f3a4-0773-4ff1-9bb5-1a871868fd09:c2796, abe1c95d-8ae2-42e9-9d83-236e3c187d51:c2796]
2019-07-09 04:31:29,609 INFO  client.GrpcClientProtocolClient (GrpcClientProtocolClient.java:onNext(255)) - client-859D8C9D7B89->65797d0d-2d4a-456d-9b24-1d63a5102722: receive RaftClientReply:client-859D8C9D7B89->65797d0d-2d4a-456d-9b24-1d63a5102722@group-BA7C392EEBCA, cid=1924, SUCCESS, logIndex=2801, commits[65797d0d-2d4a-456d-9b24-1d63a5102722:c2802, aca3f3a4-0773-4ff1-9bb5-1a871868fd09:c2798, abe1c95d-8ae2-42e9-9d83-236e3c187d51:c2798]
2019-07-09 04:31:29,610 INFO  client.GrpcClientProtocolClient (GrpcClientProtocolClient.java:onNext(255)) - client-859D8C9D7B89->65797d0d-2d4a-456d-9b24-1d63a5102722: receive RaftClientReply:client-859D8C9D7B89->65797d0d-2d4a-456d-9b24-1d63a5102722@group-BA7C392EEBCA, cid=1925, SUCCESS, logIndex=2802, commits[65797d0d-2d4a-456d-9b24-1d63a5102722:c2802, aca3f3a4-0773-4ff1-9bb5-1a871868fd09:c2798, abe1c95d-8ae2-42e9-9d83-236e3c187d51:c2798]
2019-07-09 04:31:29,613 INFO  client.GrpcClientProtocolClient (GrpcClientProtocolClient.java:onNext(255)) - client-859D8C9D7B89->65797d0d-2d4a-456d-9b24-1d63a5102722: receive RaftClientReply:client-859D8C9D7B89->65797d0d-2d4a-456d-9b24-1d63a5102722@group-BA7C392EEBCA, cid=1926, SUCCESS, logIndex=0, commits[65797d0d-2d4a-456d-9b24-1d63a5102722:c2803, aca3f3a4-0773-4ff1-9bb5-1a871868fd09:c2802, abe1c95d-8ae2-42e9-9d83-236e3c187d51:c2802]
2019-07-09 04:31:29,645 INFO  client.GrpcClientProtocolClient (GrpcClientProtocolClient.java:onNext(255)) - client-859D8C9D7B89->65797d0d-2d4a-456d-9b24-1d63a5102722: receive RaftClientReply:client-859D8C9D7B89->65797d0d-2d4a-456d-9b24-1d63a5102722@group-BA7C392EEBCA, cid=1927, SUCCESS, logIndex=2805, commits[65797d0d-2d4a-456d-9b24-1d63a5102722:c2806, aca3f3a4-0773-4ff1-9bb5-1a871868fd09:c2804, abe1c95d-8ae2-42e9-9d83-236e3c187d51:c2804]
2019-07-09 04:31:29,646 INFO  client.GrpcClientProtocolClient (GrpcClientProtocolClient.java:onNext(255)) - client-859D8C9D7B89->65797d0d-2d4a-456d-9b24-1d63a5102722: receive RaftClientReply:client-859D8C9D7B89->65797d0d-2d4a-456d-9b24-1d63a5102722@group-BA7C392EEBCA, cid=1928, SUCCESS, logIndex=2806, commits[65797d0d-2d4a-456d-9b24-1d63a5102722:c2808, aca3f3a4-0773-4ff1-9bb5-1a871868fd09:c2804, abe1c95d-8ae2-42e9-9d83-236e3c187d51:c2804]
2019-07-09 04:31:29,646 INFO  client.GrpcClientProtocolClient (GrpcClientProtocolClient.java:onNext(255)) - client-859D8C9D7B89->65797d0d-2d4a-456d-9b24-1d63a5102722: receive RaftClientReply:client-859D8C9D7B89->65797d0d-2d4a-456d-9b24-1d63a5102722@group-BA7C392EEBCA, cid=1929, SUCCESS, logIndex=2807, commits[65797d0d-2d4a-456d-9b24-1d63a5102722:c2808, aca3f3a4-0773-4ff1-9bb5-1a871868fd09:c2804, abe1c95d-8ae2-42e9-9d83-236e3c187d51:c2804]
2019-07-09 04:31:29,647 INFO  client.GrpcClientProtocolClient (GrpcClientProtocolClient.java:onNext(255)) - client-859D8C9D7B89->65797d0d-2d4a-456d-9b24-1d63a5102722: receive RaftClientReply:client-859D8C9D7B89->65797d0d-2d4a-456d-9b24-1d63a5102722@group-BA7C392EEBCA, cid=1930, SUCCESS, logIndex=2808, commits[65797d0d-2d4a-456d-9b24-1d63a5102722:c2809, aca3f3a4-0773-4ff1-9bb5-1a871868fd09:c2804, abe1c95d-8ae2-42e9-9d83-236e3c187d51:c2805]
2019-07-09 04:31:29,660 INFO  client.GrpcClientProtocolClient (GrpcClientProtocolClient.java:onNext(255)) - client-859D8C9D7B89->65797d0d-2d4a-456d-9b24-1d63a5102722: receive RaftClientReply:client-859D8C9D7B89->65797d0d-2d4a-456d-9b24-1d63a5102722@group-BA7C392EEBCA, cid=1931, SUCCESS, logIndex=0, commits[65797d0d-2d4a-456d-9b24-1d63a5102722:c2810, aca3f3a4-0773-4ff1-9bb5-1a871868fd09:c2806, abe1c95d-8ae2-42e9-9d83-236e3c187d51:c2806]
2019-07-09 04:31:29,681 INFO  client.GrpcClientProtocolClient (GrpcClientProtocolClient.java:onNext(255)) - client-859D8C9D7B89->65797d0d-2d4a-456d-9b24-1d63a5102722: receive RaftClientReply:client-859D8C9D7B89->65797d0d-2d4a-456d-9b24-1d63a5102722@group-BA7C392EEBCA, cid=1932, SUCCESS, logIndex=2812, commits[65797d0d-2d4a-456d-9b24-1d63a5102722:c2813, aca3f3a4-0773-4ff1-9bb5-1a871868fd09:c2811, abe1c95d-8ae2-42e9-9d83-236e3c187d51:c2811]
2019-07-09 04:31:29,681 INFO  client.GrpcClientProtocolClient (GrpcClientProtocolClient.java:onNext(255)) - client-859D8C9D7B89->65797d0d-2d4a-456d-9b24-1d63a5102722: receive RaftClientReply:client-859D8C9D7B89->65797d0d-2d4a-456d-9b24-1d63a5102722@group-BA7C392EEBCA, cid=1933, SUCCESS, logIndex=2813, commits[65797d0d-2d4a-456d-9b24-1d63a5102722:c2813, aca3f3a4-0773-4ff1-9bb5-1a871868fd09:c2811, abe1c95d-8ae2-42e9-9d83-236e3c187d51:c2811]
2019-07-09 04:31:29,694 INFO  client.GrpcClientProtocolClient (GrpcClientProtocolClient.java:onNext(255)) - client-859D8C9D7B89->65797d0d-2d4a-456d-9b24-1d63a5102722: receive RaftClientReply:client-859D8C9D7B89->65797d0d-2d4a-456d-9b24-1d63a5102722@group-BA7C392EEBCA, cid=1934, SUCCESS, logIndex=2816, commits[65797d0d-2d4a-456d-9b24-1d63a5102722:c2817, aca3f3a4-0773-4ff1-9bb5-1a871868fd09:c2813, abe1c95d-8ae2-42e9-9d83-236e3c187d51:c2813]
2019-07-09 04:31:29,695 INFO  client.GrpcClientProtocolClient (GrpcClientProtocolClient.java:onNext(255)) - client-859D8C9D7B89->65797d0d-2d4a-456d-9b24-1d63a5102722: receive RaftClientReply:client-859D8C9D7B89->65797d0d-2d4a-456d-9b24-1d63a5102722@group-BA7C392EEBCA, cid=1935, SUCCESS, logIndex=2817, commits[65797d0d-2d4a-456d-9b24-1d63a5102722:c2817, aca3f3a4-0773-4ff1-9bb5-1a871868fd09:c2813, abe1c95d-8ae2-42e9-9d83-236e3c187d51:c2813]
2019-07-09 04:31:29,696 INFO  client.GrpcClientProtocolClient (GrpcClientProtocolClient.java:onNext(255)) - client-859D8C9D7B89->65797d0d-2d4a-456d-9b24-1d63a5102722: receive RaftClientReply:client-859D8C9D7B89->65797d0d-2d4a-456d-9b24-1d63a5102722@group-BA7C392EEBCA, cid=1936, SUCCESS, logIndex=0, commits[65797d0d-2d4a-456d-9b24-1d63a5102722:c2818, aca3f3a4-0773-4ff1-9bb5-1a871868fd09:c2817, abe1c95d-8ae2-42e9-9d83-236e3c187d51:c2817]
2019-07-09 04:31:29,725 INFO  client.GrpcClientProtocolClient (GrpcClientProtocolClient.java:onNext(255)) - client-859D8C9D7B89->65797d0d-2d4a-456d-9b24-1d63a5102722: receive RaftClientReply:client-859D8C9D7B89->65797d0d-2d4a-456d-9b24-1d63a5102722@group-BA7C392EEBCA, cid=1937, SUCCESS, logIndex=2819, commits[65797d0d-2d4a-456d-9b24-1d63a5102722:c2821, aca3f3a4-0773-4ff1-9bb5-1a871868fd09:c2818, abe1c95d-8ae2-42e9-9d83-236e3c187d51:c2818]
2019-07-09 04:31:29,726 INFO  client.GrpcClientProtocolClient (GrpcClientProtocolClient.java:onNext(255)) - client-859D8C9D7B89->65797d0d-2d4a-456d-9b24-1d63a5102722: receive RaftClientReply:client-859D8C9D7B89->65797d0d-2d4a-456d-9b24-1d63a5102722@group-BA7C392EEBCA, cid=1938, SUCCESS, logIndex=2820, commits[65797d0d-2d4a-456d-9b24-1d63a5102722:c2822, aca3f3a4-0773-4ff1-9bb5-1a871868fd09:c2818, abe1c95d-8ae2-42e9-9d83-236e3c187d51:c2818]
2019-07-09 04:31:29,726 INFO  client.GrpcClientProtocolClient (GrpcClientProtocolClient.java:onNext(255)) - client-859D8C9D7B89->65797d0d-2d4a-456d-9b24-1d63a5102722: receive RaftClientReply:client-859D8C9D7B89->65797d0d-2d4a-456d-9b24-1d63a5102722@group-BA7C392EEBCA, cid=1939, SUCCESS, logIndex=2821, commits[65797d0d-2d4a-456d-9b24-1d63a5102722:c2822, aca3f3a4-0773-4ff1-9bb5-1a871868fd09:c2818, abe1c95d-8ae2-42e9-9d83-236e3c187d51:c2818]
2019-07-09 04:31:29,726 INFO  client.GrpcClientProtocolClient (GrpcClientProtocolClient.java:onNext(255)) - client-859D8C9D7B89->65797d0d-2d4a-456d-9b24-1d63a5102722: receive RaftClientReply:client-859D8C9D7B89->65797d0d-2d4a-456d-9b24-1d63a5102722@group-BA7C392EEBCA, cid=1940, SUCCESS, logIndex=2822, commits[65797d0d-2d4a-456d-9b24-1d63a5102722:c2822, aca3f3a4-0773-4ff1-9bb5-1a871868fd09:c2818, abe1c95d-8ae2-42e9-9d83-236e3c187d51:c2818]
2019-07-09 04:31:29,728 INFO  client.GrpcClientProtocolClient (GrpcClientProtocolClient.java:onNext(255)) - client-859D8C9D7B89->65797d0d-2d4a-456d-9b24-1d63a5102722: receive RaftClientReply:client-859D8C9D7B89->65797d0d-2d4a-456d-9b24-1d63a5102722@group-BA7C392EEBCA, cid=1941, SUCCESS, logIndex=0, commits[65797d0d-2d4a-456d-9b24-1d63a5102722:c2825, aca3f3a4-0773-4ff1-9bb5-1a871868fd09:c2820, abe1c95d-8ae2-42e9-9d83-236e3c187d51:c2821]
2019-07-09 04:31:29,740 INFO  client.GrpcClientProtocolClient (GrpcClientProtocolClient.java:onNext(255)) - client-859D8C9D7B89->65797d0d-2d4a-456d-9b24-1d63a5102722: receive RaftClientReply:client-859D8C9D7B89->65797d0d-2d4a-456d-9b24-1d63a5102722@group-BA7C392EEBCA, cid=1942, SUCCESS, logIndex=2827, commits[65797d0d-2d4a-456d-9b24-1d63a5102722:c2828, aca3f3a4-0773-4ff1-9bb5-1a871868fd09:c2826, abe1c95d-8ae2-42e9-9d83-236e3c187d51:c2822]
2019-07-09 04:31:29,741 INFO  client.GrpcClientProtocolClient (GrpcClientProtocolClient.java:onNext(255)) - client-859D8C9D7B89->65797d0d-2d4a-456d-9b24-1d63a5102722: receive RaftClientReply:client-859D8C9D7B89->65797d0d-2d4a-456d-9b24-1d63a5102722@group-BA7C392EEBCA, cid=1943, SUCCESS, logIndex=2828, commits[65797d0d-2d4a-456d-9b24-1d63a5102722:c2828, aca3f3a4-0773-4ff1-9bb5-1a871868fd09:c2826, abe1c95d-8ae2-42e9-9d83-236e3c187d51:c2826]
2019-07-09 04:31:29,771 INFO  client.GrpcClientProtocolClient (GrpcClientProtocolClient.java:onNext(255)) - client-859D8C9D7B89->65797d0d-2d4a-456d-9b24-1d63a5102722: receive RaftClientReply:client-859D8C9D7B89->65797d0d-2d4a-456d-9b24-1d63a5102722@group-BA7C392EEBCA, cid=1944, SUCCESS, logIndex=2831, commits[65797d0d-2d4a-456d-9b24-1d63a5102722:c2832, aca3f3a4-0773-4ff1-9bb5-1a871868fd09:c2830, abe1c95d-8ae2-42e9-9d83-236e3c187d51:c2830]
2019-07-09 04:31:29,771 INFO  client.GrpcClientProtocolClient (GrpcClientProtocolClient.java:onNext(255)) - client-859D8C9D7B89->65797d0d-2d4a-456d-9b24-1d63a5102722: receive RaftClientReply:client-859D8C9D7B89->65797d0d-2d4a-456d-9b24-1d63a5102722@group-BA7C392EEBCA, cid=1945, SUCCESS, logIndex=2832, commits[65797d0d-2d4a-456d-9b24-1d63a5102722:c2832, aca3f3a4-0773-4ff1-9bb5-1a871868fd09:c2830, abe1c95d-8ae2-42e9-9d83-236e3c187d51:c2830]
2019-07-09 04:31:29,784 INFO  client.GrpcClientProtocolClient (GrpcClientProtocolClient.java:onNext(255)) - client-859D8C9D7B89->65797d0d-2d4a-456d-9b24-1d63a5102722: receive RaftClientReply:client-859D8C9D7B89->65797d0d-2d4a-456d-9b24-1d63a5102722@group-BA7C392EEBCA, cid=1946, SUCCESS, logIndex=0, commits[65797d0d-2d4a-456d-9b24-1d63a5102722:c2834, aca3f3a4-0773-4ff1-9bb5-1a871868fd09:c2832, abe1c95d-8ae2-42e9-9d83-236e3c187d51:c2832]
2019-07-09 04:31:30,342 WARN  util.JavaUtils (JavaUtils.java:sleep(250)) - Unexpected long sleep: sleep(1011ms) actually took 1363ms which is over the threshold 300ms
 0.00% |█                                                                                                    |  0/1 Time: 0:00:152019-07-09 04:31:30,355 INFO  client.GrpcClientProtocolClient (GrpcClientProtocolClient.java:onNext(255)) - client-859D8C9D7B89->65797d0d-2d4a-456d-9b24-1d63a5102722: receive RaftClientReply:client-859D8C9D7B89->65797d0d-2d4a-456d-9b24-1d63a5102722@group-BA7C392EEBCA, cid=1947, SUCCESS, logIndex=2835, commits[65797d0d-2d4a-456d-9b24-1d63a5102722:c2836, aca3f3a4-0773-4ff1-9bb5-1a871868fd09:c2834, abe1c95d-8ae2-42e9-9d83-236e3c187d51:c2834]
2019-07-09 04:31:30,356 INFO  client.GrpcClientProtocolClient (GrpcClientProtocolClient.java:onNext(255)) - client-859D8C9D7B89->65797d0d-2d4a-456d-9b24-1d63a5102722: receive RaftClientReply:client-859D8C9D7B89->65797d0d-2d4a-456d-9b24-1d63a5102722@group-BA7C392EEBCA, cid=1948, SUCCESS, logIndex=2836, commits[65797d0d-2d4a-456d-9b24-1d63a5102722:c2836, aca3f3a4-0773-4ff1-9bb5-1a871868fd09:c2834, abe1c95d-8ae2-42e9-9d83-236e3c187d51:c2834]
2019-07-09 04:31:30,367 INFO  client.GrpcClientProtocolClient (GrpcClientProtocolClient.java:onNext(255)) - client-859D8C9D7B89->65797d0d-2d4a-456d-9b24-1d63a5102722: receive RaftClientReply:client-859D8C9D7B89->65797d0d-2d4a-456d-9b24-1d63a5102722@group-BA7C392EEBCA, cid=1949, SUCCESS, logIndex=2837, commits[65797d0d-2d4a-456d-9b24-1d63a5102722:c2837, aca3f3a4-0773-4ff1-9bb5-1a871868fd09:c2834, abe1c95d-8ae2-42e9-9d83-236e3c187d51:c2834]
2019-07-09 04:31:30,367 INFO  client.GrpcClientProtocolClient (GrpcClientProtocolClient.java:onNext(255)) - client-859D8C9D7B89->65797d0d-2d4a-456d-9b24-1d63a5102722: receive RaftClientReply:client-859D8C9D7B89->65797d0d-2d4a-456d-9b24-1d63a5102722@group-BA7C392EEBCA, cid=1950, SUCCESS, logIndex=2838, commits[65797d0d-2d4a-456d-9b24-1d63a5102722:c2838, aca3f3a4-0773-4ff1-9bb5-1a871868fd09:c2834, abe1c95d-8ae2-42e9-9d83-236e3c187d51:c2834]
2019-07-09 04:31:30,369 INFO  client.GrpcClientProtocolClient (GrpcClientProtocolClient.java:onNext(255)) - client-859D8C9D7B89->65797d0d-2d4a-456d-9b24-1d63a5102722: receive RaftClientReply:client-859D8C9D7B89->65797d0d-2d4a-456d-9b24-1d63a5102722@group-BA7C392EEBCA, cid=1951, SUCCESS, logIndex=0, commits[65797d0d-2d4a-456d-9b24-1d63a5102722:c2842, aca3f3a4-0773-4ff1-9bb5-1a871868fd09:c2836, abe1c95d-8ae2-42e9-9d83-236e3c187d51:c2838]
2019-07-09 04:31:30,393 INFO  client.GrpcClientProtocolClient (GrpcClientProtocolClient.java:onNext(255)) - client-859D8C9D7B89->65797d0d-2d4a-456d-9b24-1d63a5102722: receive RaftClientReply:client-859D8C9D7B89->65797d0d-2d4a-456d-9b24-1d63a5102722@group-BA7C392EEBCA, cid=1952, SUCCESS, logIndex=2843, commits[65797d0d-2d4a-456d-9b24-1d63a5102722:c2844, aca3f3a4-0773-4ff1-9bb5-1a871868fd09:c2842, abe1c95d-8ae2-42e9-9d83-236e3c187d51:c2842]
2019-07-09 04:31:30,394 INFO  client.GrpcClientProtocolClient (GrpcClientProtocolClient.java:onNext(255)) - client-859D8C9D7B89->65797d0d-2d4a-456d-9b24-1d63a5102722: receive RaftClientReply:client-859D8C9D7B89->65797d0d-2d4a-456d-9b24-1d63a5102722@group-BA7C392EEBCA, cid=1953, SUCCESS, logIndex=2844, commits[65797d0d-2d4a-456d-9b24-1d63a5102722:c2844, aca3f3a4-0773-4ff1-9bb5-1a871868fd09:c2842, abe1c95d-8ae2-42e9-9d83-236e3c187d51:c2842]
2019-07-09 04:31:30,420 INFO  client.GrpcClientProtocolClient (GrpcClientProtocolClient.java:onNext(255)) - client-859D8C9D7B89->65797d0d-2d4a-456d-9b24-1d63a5102722: receive RaftClientReply:client-859D8C9D7B89->65797d0d-2d4a-456d-9b24-1d63a5102722@group-BA7C392EEBCA, cid=1954, SUCCESS, logIndex=2847, commits[65797d0d-2d4a-456d-9b24-1d63a5102722:c2848, aca3f3a4-0773-4ff1-9bb5-1a871868fd09:c2844, abe1c95d-8ae2-42e9-9d83-236e3c187d51:c2844]
2019-07-09 04:31:30,420 INFO  client.GrpcClientProtocolClient (GrpcClientProtocolClient.java:onNext(255)) - client-859D8C9D7B89->65797d0d-2d4a-456d-9b24-1d63a5102722: receive RaftClientReply:client-859D8C9D7B89->65797d0d-2d4a-456d-9b24-1d63a5102722@group-BA7C392EEBCA, cid=1955, SUCCESS, logIndex=2848, commits[65797d0d-2d4a-456d-9b24-1d63a5102722:c2848, aca3f3a4-0773-4ff1-9bb5-1a871868fd09:c2844, abe1c95d-8ae2-42e9-9d83-236e3c187d51:c2844]
2019-07-09 04:31:30,421 INFO  client.GrpcClientProtocolClient (GrpcClientProtocolClient.java:onNext(255)) - client-859D8C9D7B89->65797d0d-2d4a-456d-9b24-1d63a5102722: receive RaftClientReply:client-859D8C9D7B89->65797d0d-2d4a-456d-9b24-1d63a5102722@group-BA7C392EEBCA, cid=1956, SUCCESS, logIndex=0, commits[65797d0d-2d4a-456d-9b24-1d63a5102722:c2849, aca3f3a4-0773-4ff1-9bb5-1a871868fd09:c2848, abe1c95d-8ae2-42e9-9d83-236e3c187d51:c2848]
2019-07-09 04:31:30,455 INFO  client.GrpcClientProtocolClient (GrpcClientProtocolClient.java:onNext(255)) - client-859D8C9D7B89->65797d0d-2d4a-456d-9b24-1d63a5102722: receive RaftClientReply:client-859D8C9D7B89->65797d0d-2d4a-456d-9b24-1d63a5102722@group-BA7C392EEBCA, cid=1957, SUCCESS, logIndex=2851, commits[65797d0d-2d4a-456d-9b24-1d63a5102722:c2852, aca3f3a4-0773-4ff1-9bb5-1a871868fd09:c2850, abe1c95d-8ae2-42e9-9d83-236e3c187d51:c2850]
2019-07-09 04:31:30,456 INFO  client.GrpcClientProtocolClient (GrpcClientProtocolClient.java:onNext(255)) - client-859D8C9D7B89->65797d0d-2d4a-456d-9b24-1d63a5102722: receive RaftClientReply:client-859D8C9D7B89->65797d0d-2d4a-456d-9b24-1d63a5102722@group-BA7C392EEBCA, cid=1958, SUCCESS, logIndex=2852, commits[65797d0d-2d4a-456d-9b24-1d63a5102722:c2854, aca3f3a4-0773-4ff1-9bb5-1a871868fd09:c2850, abe1c95d-8ae2-42e9-9d83-236e3c187d51:c2850]
2019-07-09 04:31:30,456 INFO  client.GrpcClientProtocolClient (GrpcClientProtocolClient.java:onNext(255)) - client-859D8C9D7B89->65797d0d-2d4a-456d-9b24-1d63a5102722: receive RaftClientReply:client-859D8C9D7B89->65797d0d-2d4a-456d-9b24-1d63a5102722@group-BA7C392EEBCA, cid=1959, SUCCESS, logIndex=2853, commits[65797d0d-2d4a-456d-9b24-1d63a5102722:c2854, aca3f3a4-0773-4ff1-9bb5-1a871868fd09:c2850, abe1c95d-8ae2-42e9-9d83-236e3c187d51:c2850]
2019-07-09 04:31:30,457 INFO  client.GrpcClientProtocolClient (GrpcClientProtocolClient.java:onNext(255)) - client-859D8C9D7B89->65797d0d-2d4a-456d-9b24-1d63a5102722: receive RaftClientReply:client-859D8C9D7B89->65797d0d-2d4a-456d-9b24-1d63a5102722@group-BA7C392EEBCA, cid=1960, SUCCESS, logIndex=2854, commits[65797d0d-2d4a-456d-9b24-1d63a5102722:c2855, aca3f3a4-0773-4ff1-9bb5-1a871868fd09:c2850, abe1c95d-8ae2-42e9-9d83-236e3c187d51:c2851]
2019-07-09 04:31:30,470 INFO  client.GrpcClientProtocolClient (GrpcClientProtocolClient.java:onNext(255)) - client-859D8C9D7B89->65797d0d-2d4a-456d-9b24-1d63a5102722: receive RaftClientReply:client-859D8C9D7B89->65797d0d-2d4a-456d-9b24-1d63a5102722@group-BA7C392EEBCA, cid=1961, SUCCESS, logIndex=0, commits[65797d0d-2d4a-456d-9b24-1d63a5102722:c2858, aca3f3a4-0773-4ff1-9bb5-1a871868fd09:c2852, abe1c95d-8ae2-42e9-9d83-236e3c187d51:c2854]
2019-07-09 04:31:30,491 INFO  client.GrpcClientProtocolClient (GrpcClientProtocolClient.java:onNext(255)) - client-859D8C9D7B89->65797d0d-2d4a-456d-9b24-1d63a5102722: receive RaftClientReply:client-859D8C9D7B89->65797d0d-2d4a-456d-9b24-1d63a5102722@group-BA7C392EEBCA, cid=1962, SUCCESS, logIndex=2859, commits[65797d0d-2d4a-456d-9b24-1d63a5102722:c2860, aca3f3a4-0773-4ff1-9bb5-1a871868fd09:c2858, abe1c95d-8ae2-42e9-9d83-236e3c187d51:c2858]
2019-07-09 04:31:30,491 INFO  client.GrpcClientProtocolClient (GrpcClientProtocolClient.java:onNext(255)) - client-859D8C9D7B89->65797d0d-2d4a-456d-9b24-1d63a5102722: receive RaftClientReply:client-859D8C9D7B89->65797d0d-2d4a-456d-9b24-1d63a5102722@group-BA7C392EEBCA, cid=1963, SUCCESS, logIndex=2860, commits[65797d0d-2d4a-456d-9b24-1d63a5102722:c2860, aca3f3a4-0773-4ff1-9bb5-1a871868fd09:c2858, abe1c95d-8ae2-42e9-9d83-236e3c187d51:c2858]
2019-07-09 04:31:30,504 INFO  client.GrpcClientProtocolClient (GrpcClientProtocolClient.java:onNext(255)) - client-859D8C9D7B89->65797d0d-2d4a-456d-9b24-1d63a5102722: receive RaftClientReply:client-859D8C9D7B89->65797d0d-2d4a-456d-9b24-1d63a5102722@group-BA7C392EEBCA, cid=1964, SUCCESS, logIndex=2863, commits[65797d0d-2d4a-456d-9b24-1d63a5102722:c2864, aca3f3a4-0773-4ff1-9bb5-1a871868fd09:c2860, abe1c95d-8ae2-42e9-9d83-236e3c187d51:c2859]
2019-07-09 04:31:30,504 INFO  client.GrpcClientProtocolClient (GrpcClientProtocolClient.java:onNext(255)) - client-859D8C9D7B89->65797d0d-2d4a-456d-9b24-1d63a5102722: receive RaftClientReply:client-859D8C9D7B89->65797d0d-2d4a-456d-9b24-1d63a5102722@group-BA7C392EEBCA, cid=1965, SUCCESS, logIndex=2864, commits[65797d0d-2d4a-456d-9b24-1d63a5102722:c2864, aca3f3a4-0773-4ff1-9bb5-1a871868fd09:c2860, abe1c95d-8ae2-42e9-9d83-236e3c187d51:c2860]
2019-07-09 04:31:30,506 INFO  client.GrpcClientProtocolClient (GrpcClientProtocolClient.java:onNext(255)) - client-859D8C9D7B89->65797d0d-2d4a-456d-9b24-1d63a5102722: receive RaftClientReply:client-859D8C9D7B89->65797d0d-2d4a-456d-9b24-1d63a5102722@group-BA7C392EEBCA, cid=1966, SUCCESS, logIndex=0, commits[65797d0d-2d4a-456d-9b24-1d63a5102722:c2865, aca3f3a4-0773-4ff1-9bb5-1a871868fd09:c2864, abe1c95d-8ae2-42e9-9d83-236e3c187d51:c2864]
2019-07-09 04:31:30,535 INFO  client.GrpcClientProtocolClient (GrpcClientProtocolClient.java:onNext(255)) - client-859D8C9D7B89->65797d0d-2d4a-456d-9b24-1d63a5102722: receive RaftClientReply:client-859D8C9D7B89->65797d0d-2d4a-456d-9b24-1d63a5102722@group-BA7C392EEBCA, cid=1967, SUCCESS, logIndex=2867, commits[65797d0d-2d4a-456d-9b24-1d63a5102722:c2868, aca3f3a4-0773-4ff1-9bb5-1a871868fd09:c2866, abe1c95d-8ae2-42e9-9d83-236e3c187d51:c2866]
2019-07-09 04:31:30,536 INFO  client.GrpcClientProtocolClient (GrpcClientProtocolClient.java:onNext(255)) - client-859D8C9D7B89->65797d0d-2d4a-456d-9b24-1d63a5102722: receive RaftClientReply:client-859D8C9D7B89->65797d0d-2d4a-456d-9b24-1d63a5102722@group-BA7C392EEBCA, cid=1968, SUCCESS, logIndex=2868, commits[65797d0d-2d4a-456d-9b24-1d63a5102722:c2870, aca3f3a4-0773-4ff1-9bb5-1a871868fd09:c2866, abe1c95d-8ae2-42e9-9d83-236e3c187d51:c2866]
2019-07-09 04:31:30,536 INFO  client.GrpcClientProtocolClient (GrpcClientProtocolClient.java:onNext(255)) - client-859D8C9D7B89->65797d0d-2d4a-456d-9b24-1d63a5102722: receive RaftClientReply:client-859D8C9D7B89->65797d0d-2d4a-456d-9b24-1d63a5102722@group-BA7C392EEBCA, cid=1969, SUCCESS, logIndex=2869, commits[65797d0d-2d4a-456d-9b24-1d63a5102722:c2870, aca3f3a4-0773-4ff1-9bb5-1a871868fd09:c2866, abe1c95d-8ae2-42e9-9d83-236e3c187d51:c2866]
2019-07-09 04:31:30,536 INFO  client.GrpcClientProtocolClient (GrpcClientProtocolClient.java:onNext(255)) - client-859D8C9D7B89->65797d0d-2d4a-456d-9b24-1d63a5102722: receive RaftClientReply:client-859D8C9D7B89->65797d0d-2d4a-456d-9b24-1d63a5102722@group-BA7C392EEBCA, cid=1970, SUCCESS, logIndex=2870, commits[65797d0d-2d4a-456d-9b24-1d63a5102722:c2870, aca3f3a4-0773-4ff1-9bb5-1a871868fd09:c2866, abe1c95d-8ae2-42e9-9d83-236e3c187d51:c2866]
2019-07-09 04:31:30,538 INFO  client.GrpcClientProtocolClient (GrpcClientProtocolClient.java:onNext(255)) - client-859D8C9D7B89->65797d0d-2d4a-456d-9b24-1d63a5102722: receive RaftClientReply:client-859D8C9D7B89->65797d0d-2d4a-456d-9b24-1d63a5102722@group-BA7C392EEBCA, cid=1971, SUCCESS, logIndex=0, commits[65797d0d-2d4a-456d-9b24-1d63a5102722:c2872, aca3f3a4-0773-4ff1-9bb5-1a871868fd09:c2868, abe1c95d-8ae2-42e9-9d83-236e3c187d51:c2868]
2019-07-09 04:31:30,559 INFO  client.GrpcClientProtocolClient (GrpcClientProtocolClient.java:onNext(255)) - client-859D8C9D7B89->65797d0d-2d4a-456d-9b24-1d63a5102722: receive RaftClientReply:client-859D8C9D7B89->65797d0d-2d4a-456d-9b24-1d63a5102722@group-BA7C392EEBCA, cid=1972, SUCCESS, logIndex=2875, commits[65797d0d-2d4a-456d-9b24-1d63a5102722:c2876, aca3f3a4-0773-4ff1-9bb5-1a871868fd09:c2874, abe1c95d-8ae2-42e9-9d83-236e3c187d51:c2874]
2019-07-09 04:31:30,559 INFO  client.GrpcClientProtocolClient (GrpcClientProtocolClient.java:onNext(255)) - client-859D8C9D7B89->65797d0d-2d4a-456d-9b24-1d63a5102722: receive RaftClientReply:client-859D8C9D7B89->65797d0d-2d4a-456d-9b24-1d63a5102722@group-BA7C392EEBCA, cid=1973, SUCCESS, logIndex=2876, commits[65797d0d-2d4a-456d-9b24-1d63a5102722:c2876, aca3f3a4-0773-4ff1-9bb5-1a871868fd09:c2874, abe1c95d-8ae2-42e9-9d83-236e3c187d51:c2874]
2019-07-09 04:31:30,575 INFO  client.GrpcClientProtocolClient (GrpcClientProtocolClient.java:onNext(255)) - client-859D8C9D7B89->65797d0d-2d4a-456d-9b24-1d63a5102722: receive RaftClientReply:client-859D8C9D7B89->65797d0d-2d4a-456d-9b24-1d63a5102722@group-BA7C392EEBCA, cid=1974, SUCCESS, logIndex=2879, commits[65797d0d-2d4a-456d-9b24-1d63a5102722:c2879, aca3f3a4-0773-4ff1-9bb5-1a871868fd09:c2876, abe1c95d-8ae2-42e9-9d83-236e3c187d51:c2876]
2019-07-09 04:31:30,575 INFO  client.GrpcClientProtocolClient (GrpcClientProtocolClient.java:onNext(255)) - client-859D8C9D7B89->65797d0d-2d4a-456d-9b24-1d63a5102722: receive RaftClientReply:client-859D8C9D7B89->65797d0d-2d4a-456d-9b24-1d63a5102722@group-BA7C392EEBCA, cid=1975, SUCCESS, logIndex=2880, commits[65797d0d-2d4a-456d-9b24-1d63a5102722:c2880, aca3f3a4-0773-4ff1-9bb5-1a871868fd09:c2876, abe1c95d-8ae2-42e9-9d83-236e3c187d51:c2876]
2019-07-09 04:31:30,588 INFO  client.GrpcClientProtocolClient (GrpcClientProtocolClient.java:onNext(255)) - client-859D8C9D7B89->65797d0d-2d4a-456d-9b24-1d63a5102722: receive RaftClientReply:client-859D8C9D7B89->65797d0d-2d4a-456d-9b24-1d63a5102722@group-BA7C392EEBCA, cid=1976, SUCCESS, logIndex=0, commits[65797d0d-2d4a-456d-9b24-1d63a5102722:c2882, aca3f3a4-0773-4ff1-9bb5-1a871868fd09:c2880, abe1c95d-8ae2-42e9-9d83-236e3c187d51:c2880]
2019-07-09 04:31:30,616 INFO  client.GrpcClientProtocolClient (GrpcClientProtocolClient.java:onNext(255)) - client-859D8C9D7B89->65797d0d-2d4a-456d-9b24-1d63a5102722: receive RaftClientReply:client-859D8C9D7B89->65797d0d-2d4a-456d-9b24-1d63a5102722@group-BA7C392EEBCA, cid=1977, SUCCESS, logIndex=2883, commits[65797d0d-2d4a-456d-9b24-1d63a5102722:c2884, aca3f3a4-0773-4ff1-9bb5-1a871868fd09:c2882, abe1c95d-8ae2-42e9-9d83-236e3c187d51:c2882]
2019-07-09 04:31:30,616 INFO  client.GrpcClientProtocolClient (GrpcClientProtocolClient.java:onNext(255)) - client-859D8C9D7B89->65797d0d-2d4a-456d-9b24-1d63a5102722: receive RaftClientReply:client-859D8C9D7B89->65797d0d-2d4a-456d-9b24-1d63a5102722@group-BA7C392EEBCA, cid=1978, SUCCESS, logIndex=2884, commits[65797d0d-2d4a-456d-9b24-1d63a5102722:c2886, aca3f3a4-0773-4ff1-9bb5-1a871868fd09:c2882, abe1c95d-8ae2-42e9-9d83-236e3c187d51:c2882]
2019-07-09 04:31:30,617 INFO  client.GrpcClientProtocolClient (GrpcClientProtocolClient.java:onNext(255)) - client-859D8C9D7B89->65797d0d-2d4a-456d-9b24-1d63a5102722: receive RaftClientReply:client-859D8C9D7B89->65797d0d-2d4a-456d-9b24-1d63a5102722@group-BA7C392EEBCA, cid=1979, SUCCESS, logIndex=2885, commits[65797d0d-2d4a-456d-9b24-1d63a5102722:c2886, aca3f3a4-0773-4ff1-9bb5-1a871868fd09:c2882, abe1c95d-8ae2-42e9-9d83-236e3c187d51:c2882]
2019-07-09 04:31:30,617 INFO  client.GrpcClientProtocolClient (GrpcClientProtocolClient.java:onNext(255)) - client-859D8C9D7B89->65797d0d-2d4a-456d-9b24-1d63a5102722: receive RaftClientReply:client-859D8C9D7B89->65797d0d-2d4a-456d-9b24-1d63a5102722@group-BA7C392EEBCA, cid=1980, SUCCESS, logIndex=2886, commits[65797d0d-2d4a-456d-9b24-1d63a5102722:c2887, aca3f3a4-0773-4ff1-9bb5-1a871868fd09:c2883, abe1c95d-8ae2-42e9-9d83-236e3c187d51:c2884]
2019-07-09 04:31:30,618 INFO  client.GrpcClientProtocolClient (GrpcClientProtocolClient.java:onNext(255)) - client-859D8C9D7B89->65797d0d-2d4a-456d-9b24-1d63a5102722: receive RaftClientReply:client-859D8C9D7B89->65797d0d-2d4a-456d-9b24-1d63a5102722@group-BA7C392EEBCA, cid=1981, SUCCESS, logIndex=0, commits[65797d0d-2d4a-456d-9b24-1d63a5102722:c2889, aca3f3a4-0773-4ff1-9bb5-1a871868fd09:c2884, abe1c95d-8ae2-42e9-9d83-236e3c187d51:c2886]
2019-07-09 04:31:30,641 INFO  client.GrpcClientProtocolClient (GrpcClientProtocolClient.java:onNext(255)) - client-859D8C9D7B89->65797d0d-2d4a-456d-9b24-1d63a5102722: receive RaftClientReply:client-859D8C9D7B89->65797d0d-2d4a-456d-9b24-1d63a5102722@group-BA7C392EEBCA, cid=1982, SUCCESS, logIndex=2891, commits[65797d0d-2d4a-456d-9b24-1d63a5102722:c2892, aca3f3a4-0773-4ff1-9bb5-1a871868fd09:c2890, abe1c95d-8ae2-42e9-9d83-236e3c187d51:c2890]
2019-07-09 04:31:30,641 INFO  client.GrpcClientProtocolClient (GrpcClientProtocolClient.java:onNext(255)) - client-859D8C9D7B89->65797d0d-2d4a-456d-9b24-1d63a5102722: receive RaftClientReply:client-859D8C9D7B89->65797d0d-2d4a-456d-9b24-1d63a5102722@group-BA7C392EEBCA, cid=1983, SUCCESS, logIndex=2892, commits[65797d0d-2d4a-456d-9b24-1d63a5102722:c2892, aca3f3a4-0773-4ff1-9bb5-1a871868fd09:c2890, abe1c95d-8ae2-42e9-9d83-236e3c187d51:c2890]
2019-07-09 04:31:30,654 INFO  client.GrpcClientProtocolClient (GrpcClientProtocolClient.java:onNext(255)) - client-859D8C9D7B89->65797d0d-2d4a-456d-9b24-1d63a5102722: receive RaftClientReply:client-859D8C9D7B89->65797d0d-2d4a-456d-9b24-1d63a5102722@group-BA7C392EEBCA, cid=1984, SUCCESS, logIndex=2895, commits[65797d0d-2d4a-456d-9b24-1d63a5102722:c2895, aca3f3a4-0773-4ff1-9bb5-1a871868fd09:c2892, abe1c95d-8ae2-42e9-9d83-236e3c187d51:c2892]
2019-07-09 04:31:30,654 INFO  client.GrpcClientProtocolClient (GrpcClientProtocolClient.java:onNext(255)) - client-859D8C9D7B89->65797d0d-2d4a-456d-9b24-1d63a5102722: receive RaftClientReply:client-859D8C9D7B89->65797d0d-2d4a-456d-9b24-1d63a5102722@group-BA7C392EEBCA, cid=1985, SUCCESS, logIndex=2896, commits[65797d0d-2d4a-456d-9b24-1d63a5102722:c2896, aca3f3a4-0773-4ff1-9bb5-1a871868fd09:c2892, abe1c95d-8ae2-42e9-9d83-236e3c187d51:c2892]
2019-07-09 04:31:30,667 INFO  client.GrpcClientProtocolClient (GrpcClientProtocolClient.java:onNext(255)) - client-859D8C9D7B89->65797d0d-2d4a-456d-9b24-1d63a5102722: receive RaftClientReply:client-859D8C9D7B89->65797d0d-2d4a-456d-9b24-1d63a5102722@group-BA7C392EEBCA, cid=1986, SUCCESS, logIndex=0, commits[65797d0d-2d4a-456d-9b24-1d63a5102722:c2898, aca3f3a4-0773-4ff1-9bb5-1a871868fd09:c2896, abe1c95d-8ae2-42e9-9d83-236e3c187d51:c2896]
2019-07-09 04:31:30,697 INFO  client.GrpcClientProtocolClient (GrpcClientProtocolClient.java:onNext(255)) - client-859D8C9D7B89->65797d0d-2d4a-456d-9b24-1d63a5102722: receive RaftClientReply:client-859D8C9D7B89->65797d0d-2d4a-456d-9b24-1d63a5102722@group-BA7C392EEBCA, cid=1987, SUCCESS, logIndex=2899, commits[65797d0d-2d4a-456d-9b24-1d63a5102722:c2901, aca3f3a4-0773-4ff1-9bb5-1a871868fd09:c2898, abe1c95d-8ae2-42e9-9d83-236e3c187d51:c2898]
2019-07-09 04:31:30,698 INFO  client.GrpcClientProtocolClient (GrpcClientProtocolClient.java:onNext(255)) - client-859D8C9D7B89->65797d0d-2d4a-456d-9b24-1d63a5102722: receive RaftClientReply:client-859D8C9D7B89->65797d0d-2d4a-456d-9b24-1d63a5102722@group-BA7C392EEBCA, cid=1988, SUCCESS, logIndex=2900, commits[65797d0d-2d4a-456d-9b24-1d63a5102722:c2902, aca3f3a4-0773-4ff1-9bb5-1a871868fd09:c2898, abe1c95d-8ae2-42e9-9d83-236e3c187d51:c2898]
2019-07-09 04:31:30,698 INFO  client.GrpcClientProtocolClient (GrpcClientProtocolClient.java:onNext(255)) - client-859D8C9D7B89->65797d0d-2d4a-456d-9b24-1d63a5102722: receive RaftClientReply:client-859D8C9D7B89->65797d0d-2d4a-456d-9b24-1d63a5102722@group-BA7C392EEBCA, cid=1989, SUCCESS, logIndex=2901, commits[65797d0d-2d4a-456d-9b24-1d63a5102722:c2902, aca3f3a4-0773-4ff1-9bb5-1a871868fd09:c2898, abe1c95d-8ae2-42e9-9d83-236e3c187d51:c2898]
2019-07-09 04:31:30,698 INFO  client.GrpcClientProtocolClient (GrpcClientProtocolClient.java:onNext(255)) - client-859D8C9D7B89->65797d0d-2d4a-456d-9b24-1d63a5102722: receive RaftClientReply:client-859D8C9D7B89->65797d0d-2d4a-456d-9b24-1d63a5102722@group-BA7C392EEBCA, cid=1990, SUCCESS, logIndex=2902, commits[65797d0d-2d4a-456d-9b24-1d63a5102722:c2902, aca3f3a4-0773-4ff1-9bb5-1a871868fd09:c2898, abe1c95d-8ae2-42e9-9d83-236e3c187d51:c2898]
2019-07-09 04:31:30,709 INFO  client.GrpcClientProtocolClient (GrpcClientProtocolClient.java:onNext(255)) - client-859D8C9D7B89->65797d0d-2d4a-456d-9b24-1d63a5102722: receive RaftClientReply:client-859D8C9D7B89->65797d0d-2d4a-456d-9b24-1d63a5102722@group-BA7C392EEBCA, cid=1991, SUCCESS, logIndex=0, commits[65797d0d-2d4a-456d-9b24-1d63a5102722:c2905, aca3f3a4-0773-4ff1-9bb5-1a871868fd09:c2901, abe1c95d-8ae2-42e9-9d83-236e3c187d51:c2900]
2019-07-09 04:31:30,730 INFO  client.GrpcClientProtocolClient (GrpcClientProtocolClient.java:onNext(255)) - client-859D8C9D7B89->65797d0d-2d4a-456d-9b24-1d63a5102722: receive RaftClientReply:client-859D8C9D7B89->65797d0d-2d4a-456d-9b24-1d63a5102722@group-BA7C392EEBCA, cid=1992, SUCCESS, logIndex=2907, commits[65797d0d-2d4a-456d-9b24-1d63a5102722:c2908, aca3f3a4-0773-4ff1-9bb5-1a871868fd09:c2906, abe1c95d-8ae2-42e9-9d83-236e3c187d51:c2906]
2019-07-09 04:31:30,730 INFO  client.GrpcClientProtocolClient (GrpcClientProtocolClient.java:onNext(255)) - client-859D8C9D7B89->65797d0d-2d4a-456d-9b24-1d63a5102722: receive RaftClientReply:client-859D8C9D7B89->65797d0d-2d4a-456d-9b24-1d63a5102722@group-BA7C392EEBCA, cid=1993, SUCCESS, logIndex=2908, commits[65797d0d-2d4a-456d-9b24-1d63a5102722:c2908, aca3f3a4-0773-4ff1-9bb5-1a871868fd09:c2906, abe1c95d-8ae2-42e9-9d83-236e3c187d51:c2906]
2019-07-09 04:31:30,742 INFO  client.GrpcClientProtocolClient (GrpcClientProtocolClient.java:onNext(255)) - client-859D8C9D7B89->65797d0d-2d4a-456d-9b24-1d63a5102722: receive RaftClientReply:client-859D8C9D7B89->65797d0d-2d4a-456d-9b24-1d63a5102722@group-BA7C392EEBCA, cid=1994, SUCCESS, logIndex=2911, commits[65797d0d-2d4a-456d-9b24-1d63a5102722:c2912, aca3f3a4-0773-4ff1-9bb5-1a871868fd09:c2908, abe1c95d-8ae2-42e9-9d83-236e3c187d51:c2908]
2019-07-09 04:31:30,743 INFO  client.GrpcClientProtocolClient (GrpcClientProtocolClient.java:onNext(255)) - client-859D8C9D7B89->65797d0d-2d4a-456d-9b24-1d63a5102722: receive RaftClientReply:client-859D8C9D7B89->65797d0d-2d4a-456d-9b24-1d63a5102722@group-BA7C392EEBCA, cid=1995, SUCCESS, logIndex=2912, commits[65797d0d-2d4a-456d-9b24-1d63a5102722:c2912, aca3f3a4-0773-4ff1-9bb5-1a871868fd09:c2908, abe1c95d-8ae2-42e9-9d83-236e3c187d51:c2908]
2019-07-09 04:31:30,755 INFO  client.GrpcClientProtocolClient (GrpcClientProtocolClient.java:onNext(255)) - client-859D8C9D7B89->65797d0d-2d4a-456d-9b24-1d63a5102722: receive RaftClientReply:client-859D8C9D7B89->65797d0d-2d4a-456d-9b24-1d63a5102722@group-BA7C392EEBCA, cid=1996, SUCCESS, logIndex=0, commits[65797d0d-2d4a-456d-9b24-1d63a5102722:c2914, aca3f3a4-0773-4ff1-9bb5-1a871868fd09:c2912, abe1c95d-8ae2-42e9-9d83-236e3c187d51:c2912]
2019-07-09 04:31:30,782 INFO  client.GrpcClientProtocolClient (GrpcClientProtocolClient.java:onNext(255)) - client-859D8C9D7B89->65797d0d-2d4a-456d-9b24-1d63a5102722: receive RaftClientReply:client-859D8C9D7B89->65797d0d-2d4a-456d-9b24-1d63a5102722@group-BA7C392EEBCA, cid=1997, SUCCESS, logIndex=2915, commits[65797d0d-2d4a-456d-9b24-1d63a5102722:c2917, aca3f3a4-0773-4ff1-9bb5-1a871868fd09:c2914, abe1c95d-8ae2-42e9-9d83-236e3c187d51:c2914]
2019-07-09 04:31:30,782 INFO  client.GrpcClientProtocolClient (GrpcClientProtocolClient.java:onNext(255)) - client-859D8C9D7B89->65797d0d-2d4a-456d-9b24-1d63a5102722: receive RaftClientReply:client-859D8C9D7B89->65797d0d-2d4a-456d-9b24-1d63a5102722@group-BA7C392EEBCA, cid=1998, SUCCESS, logIndex=2916, commits[65797d0d-2d4a-456d-9b24-1d63a5102722:c2918, aca3f3a4-0773-4ff1-9bb5-1a871868fd09:c2914, abe1c95d-8ae2-42e9-9d83-236e3c187d51:c2914]
2019-07-09 04:31:30,782 INFO  client.GrpcClientProtocolClient (GrpcClientProtocolClient.java:onNext(255)) - client-859D8C9D7B89->65797d0d-2d4a-456d-9b24-1d63a5102722: receive RaftClientReply:client-859D8C9D7B89->65797d0d-2d4a-456d-9b24-1d63a5102722@group-BA7C392EEBCA, cid=1999, SUCCESS, logIndex=2917, commits[65797d0d-2d4a-456d-9b24-1d63a5102722:c2918, aca3f3a4-0773-4ff1-9bb5-1a871868fd09:c2914, abe1c95d-8ae2-42e9-9d83-236e3c187d51:c2914]
2019-07-09 04:31:30,783 INFO  client.GrpcClientProtocolClient (GrpcClientProtocolClient.java:onNext(255)) - client-859D8C9D7B89->65797d0d-2d4a-456d-9b24-1d63a5102722: receive RaftClientReply:client-859D8C9D7B89->65797d0d-2d4a-456d-9b24-1d63a5102722@group-BA7C392EEBCA, cid=2000, SUCCESS, logIndex=2918, commits[65797d0d-2d4a-456d-9b24-1d63a5102722:c2918, aca3f3a4-0773-4ff1-9bb5-1a871868fd09:c2914, abe1c95d-8ae2-42e9-9d83-236e3c187d51:c2914]
2019-07-09 04:31:30,784 INFO  client.GrpcClientProtocolClient (GrpcClientProtocolClient.java:onNext(255)) - client-859D8C9D7B89->65797d0d-2d4a-456d-9b24-1d63a5102722: receive RaftClientReply:client-859D8C9D7B89->65797d0d-2d4a-456d-9b24-1d63a5102722@group-BA7C392EEBCA, cid=2001, SUCCESS, logIndex=0, commits[65797d0d-2d4a-456d-9b24-1d63a5102722:c2920, aca3f3a4-0773-4ff1-9bb5-1a871868fd09:c2916, abe1c95d-8ae2-42e9-9d83-236e3c187d51:c2916]
2019-07-09 04:31:30,803 INFO  client.GrpcClientProtocolClient (GrpcClientProtocolClient.java:onNext(255)) - client-859D8C9D7B89->65797d0d-2d4a-456d-9b24-1d63a5102722: receive RaftClientReply:client-859D8C9D7B89->65797d0d-2d4a-456d-9b24-1d63a5102722@group-BA7C392EEBCA, cid=2002, SUCCESS, logIndex=2923, commits[65797d0d-2d4a-456d-9b24-1d63a5102722:c2924, aca3f3a4-0773-4ff1-9bb5-1a871868fd09:c2922, abe1c95d-8ae2-42e9-9d83-236e3c187d51:c2922]
2019-07-09 04:31:30,803 INFO  client.GrpcClientProtocolClient (GrpcClientProtocolClient.java:onNext(255)) - client-859D8C9D7B89->65797d0d-2d4a-456d-9b24-1d63a5102722: receive RaftClientReply:client-859D8C9D7B89->65797d0d-2d4a-456d-9b24-1d63a5102722@group-BA7C392EEBCA, cid=2003, SUCCESS, logIndex=2924, commits[65797d0d-2d4a-456d-9b24-1d63a5102722:c2924, aca3f3a4-0773-4ff1-9bb5-1a871868fd09:c2922, abe1c95d-8ae2-42e9-9d83-236e3c187d51:c2922]
2019-07-09 04:31:30,816 INFO  client.GrpcClientProtocolClient (GrpcClientProtocolClient.java:onNext(255)) - client-859D8C9D7B89->65797d0d-2d4a-456d-9b24-1d63a5102722: receive RaftClientReply:client-859D8C9D7B89->65797d0d-2d4a-456d-9b24-1d63a5102722@group-BA7C392EEBCA, cid=2004, SUCCESS, logIndex=2927, commits[65797d0d-2d4a-456d-9b24-1d63a5102722:c2927, aca3f3a4-0773-4ff1-9bb5-1a871868fd09:c2924, abe1c95d-8ae2-42e9-9d83-236e3c187d51:c2924]
2019-07-09 04:31:30,816 INFO  client.GrpcClientProtocolClient (GrpcClientProtocolClient.java:onNext(255)) - client-859D8C9D7B89->65797d0d-2d4a-456d-9b24-1d63a5102722: receive RaftClientReply:client-859D8C9D7B89->65797d0d-2d4a-456d-9b24-1d63a5102722@group-BA7C392EEBCA, cid=2005, SUCCESS, logIndex=2928, commits[65797d0d-2d4a-456d-9b24-1d63a5102722:c2928, aca3f3a4-0773-4ff1-9bb5-1a871868fd09:c2924, abe1c95d-8ae2-42e9-9d83-236e3c187d51:c2924]
2019-07-09 04:31:30,829 INFO  client.GrpcClientProtocolClient (GrpcClientProtocolClient.java:onNext(255)) - client-859D8C9D7B89->65797d0d-2d4a-456d-9b24-1d63a5102722: receive RaftClientReply:client-859D8C9D7B89->65797d0d-2d4a-456d-9b24-1d63a5102722@group-BA7C392EEBCA, cid=2006, SUCCESS, logIndex=0, commits[65797d0d-2d4a-456d-9b24-1d63a5102722:c2930, aca3f3a4-0773-4ff1-9bb5-1a871868fd09:c2928, abe1c95d-8ae2-42e9-9d83-236e3c187d51:c2928]
2019-07-09 04:31:30,856 INFO  client.GrpcClientProtocolClient (GrpcClientProtocolClient.java:onNext(255)) - client-859D8C9D7B89->65797d0d-2d4a-456d-9b24-1d63a5102722: receive RaftClientReply:client-859D8C9D7B89->65797d0d-2d4a-456d-9b24-1d63a5102722@group-BA7C392EEBCA, cid=2007, SUCCESS, logIndex=2931, commits[65797d0d-2d4a-456d-9b24-1d63a5102722:c2932, aca3f3a4-0773-4ff1-9bb5-1a871868fd09:c2930, abe1c95d-8ae2-42e9-9d83-236e3c187d51:c2930]
2019-07-09 04:31:30,856 INFO  client.GrpcClientProtocolClient (GrpcClientProtocolClient.java:onNext(255)) - client-859D8C9D7B89->65797d0d-2d4a-456d-9b24-1d63a5102722: receive RaftClientReply:client-859D8C9D7B89->65797d0d-2d4a-456d-9b24-1d63a5102722@group-BA7C392EEBCA, cid=2008, SUCCESS, logIndex=2932, commits[65797d0d-2d4a-456d-9b24-1d63a5102722:c2934, aca3f3a4-0773-4ff1-9bb5-1a871868fd09:c2930, abe1c95d-8ae2-42e9-9d83-236e3c187d51:c2930]
2019-07-09 04:31:30,856 INFO  client.GrpcClientProtocolClient (GrpcClientProtocolClient.java:onNext(255)) - client-859D8C9D7B89->65797d0d-2d4a-456d-9b24-1d63a5102722: receive RaftClientReply:client-859D8C9D7B89->65797d0d-2d4a-456d-9b24-1d63a5102722@group-BA7C392EEBCA, cid=2009, SUCCESS, logIndex=2933, commits[65797d0d-2d4a-456d-9b24-1d63a5102722:c2934, aca3f3a4-0773-4ff1-9bb5-1a871868fd09:c2930, abe1c95d-8ae2-42e9-9d83-236e3c187d51:c2930]
2019-07-09 04:31:30,856 INFO  client.GrpcClientProtocolClient (GrpcClientProtocolClient.java:onNext(255)) - client-859D8C9D7B89->65797d0d-2d4a-456d-9b24-1d63a5102722: receive RaftClientReply:client-859D8C9D7B89->65797d0d-2d4a-456d-9b24-1d63a5102722@group-BA7C392EEBCA, cid=2010, SUCCESS, logIndex=2934, commits[65797d0d-2d4a-456d-9b24-1d63a5102722:c2934, aca3f3a4-0773-4ff1-9bb5-1a871868fd09:c2930, abe1c95d-8ae2-42e9-9d83-236e3c187d51:c2930]
2019-07-09 04:31:30,879 INFO  client.GrpcClientProtocolClient (GrpcClientProtocolClient.java:onNext(255)) - client-859D8C9D7B89->65797d0d-2d4a-456d-9b24-1d63a5102722: receive RaftClientReply:client-859D8C9D7B89->65797d0d-2d4a-456d-9b24-1d63a5102722@group-BA7C392EEBCA, cid=2011, SUCCESS, logIndex=0, commits[65797d0d-2d4a-456d-9b24-1d63a5102722:c2937, aca3f3a4-0773-4ff1-9bb5-1a871868fd09:c2932, abe1c95d-8ae2-42e9-9d83-236e3c187d51:c2934]
2019-07-09 04:31:30,900 INFO  client.GrpcClientProtocolClient (GrpcClientProtocolClient.java:onNext(255)) - client-859D8C9D7B89->65797d0d-2d4a-456d-9b24-1d63a5102722: receive RaftClientReply:client-859D8C9D7B89->65797d0d-2d4a-456d-9b24-1d63a5102722@group-BA7C392EEBCA, cid=2012, SUCCESS, logIndex=2938, commits[65797d0d-2d4a-456d-9b24-1d63a5102722:c2939, aca3f3a4-0773-4ff1-9bb5-1a871868fd09:c2937, abe1c95d-8ae2-42e9-9d83-236e3c187d51:c2937]
2019-07-09 04:31:30,900 INFO  client.GrpcClientProtocolClient (GrpcClientProtocolClient.java:onNext(255)) - client-859D8C9D7B89->65797d0d-2d4a-456d-9b24-1d63a5102722: receive RaftClientReply:client-859D8C9D7B89->65797d0d-2d4a-456d-9b24-1d63a5102722@group-BA7C392EEBCA, cid=2013, SUCCESS, logIndex=2939, commits[65797d0d-2d4a-456d-9b24-1d63a5102722:c2939, aca3f3a4-0773-4ff1-9bb5-1a871868fd09:c2937, abe1c95d-8ae2-42e9-9d83-236e3c187d51:c2937]
2019-07-09 04:31:30,998 INFO  client.GrpcClientProtocolClient (GrpcClientProtocolClient.java:onNext(255)) - client-859D8C9D7B89->65797d0d-2d4a-456d-9b24-1d63a5102722: receive RaftClientReply:client-859D8C9D7B89->65797d0d-2d4a-456d-9b24-1d63a5102722@group-BA7C392EEBCA, cid=2014, SUCCESS, logIndex=2942, commits[65797d0d-2d4a-456d-9b24-1d63a5102722:c2943, aca3f3a4-0773-4ff1-9bb5-1a871868fd09:c2940, abe1c95d-8ae2-42e9-9d83-236e3c187d51:c2940]
2019-07-09 04:31:30,999 INFO  client.GrpcClientProtocolClient (GrpcClientProtocolClient.java:onNext(255)) - client-859D8C9D7B89->65797d0d-2d4a-456d-9b24-1d63a5102722: receive RaftClientReply:client-859D8C9D7B89->65797d0d-2d4a-456d-9b24-1d63a5102722@group-BA7C392EEBCA, cid=2015, SUCCESS, logIndex=2943, commits[65797d0d-2d4a-456d-9b24-1d63a5102722:c2943, aca3f3a4-0773-4ff1-9bb5-1a871868fd09:c2940, abe1c95d-8ae2-42e9-9d83-236e3c187d51:c2940]
2019-07-09 04:31:31,001 INFO  client.GrpcClientProtocolClient (GrpcClientProtocolClient.java:onNext(255)) - client-859D8C9D7B89->65797d0d-2d4a-456d-9b24-1d63a5102722: receive RaftClientReply:client-859D8C9D7B89->65797d0d-2d4a-456d-9b24-1d63a5102722@group-BA7C392EEBCA, cid=2016, SUCCESS, logIndex=0, commits[65797d0d-2d4a-456d-9b24-1d63a5102722:c2945, aca3f3a4-0773-4ff1-9bb5-1a871868fd09:c2943, abe1c95d-8ae2-42e9-9d83-236e3c187d51:c2943]
2019-07-09 04:31:31,032 INFO  client.GrpcClientProtocolClient (GrpcClientProtocolClient.java:onNext(255)) - client-859D8C9D7B89->65797d0d-2d4a-456d-9b24-1d63a5102722: receive RaftClientReply:client-859D8C9D7B89->65797d0d-2d4a-456d-9b24-1d63a5102722@group-BA7C392EEBCA, cid=2017, SUCCESS, logIndex=2946, commits[65797d0d-2d4a-456d-9b24-1d63a5102722:c2947, aca3f3a4-0773-4ff1-9bb5-1a871868fd09:c2945, abe1c95d-8ae2-42e9-9d83-236e3c187d51:c2945]
2019-07-09 04:31:31,033 INFO  client.GrpcClientProtocolClient (GrpcClientProtocolClient.java:onNext(255)) - client-859D8C9D7B89->65797d0d-2d4a-456d-9b24-1d63a5102722: receive RaftClientReply:client-859D8C9D7B89->65797d0d-2d4a-456d-9b24-1d63a5102722@group-BA7C392EEBCA, cid=2018, SUCCESS, logIndex=2947, commits[65797d0d-2d4a-456d-9b24-1d63a5102722:c2949, aca3f3a4-0773-4ff1-9bb5-1a871868fd09:c2945, abe1c95d-8ae2-42e9-9d83-236e3c187d51:c2945]
2019-07-09 04:31:31,033 INFO  client.GrpcClientProtocolClient (GrpcClientProtocolClient.java:onNext(255)) - client-859D8C9D7B89->65797d0d-2d4a-456d-9b24-1d63a5102722: receive RaftClientReply:client-859D8C9D7B89->65797d0d-2d4a-456d-9b24-1d63a5102722@group-BA7C392EEBCA, cid=2019, SUCCESS, logIndex=2948, commits[65797d0d-2d4a-456d-9b24-1d63a5102722:c2949, aca3f3a4-0773-4ff1-9bb5-1a871868fd09:c2945, abe1c95d-8ae2-42e9-9d83-236e3c187d51:c2945]
2019-07-09 04:31:31,033 INFO  client.GrpcClientProtocolClient (GrpcClientProtocolClient.java:onNext(255)) - client-859D8C9D7B89->65797d0d-2d4a-456d-9b24-1d63a5102722: receive RaftClientReply:client-859D8C9D7B89->65797d0d-2d4a-456d-9b24-1d63a5102722@group-BA7C392EEBCA, cid=2020, SUCCESS, logIndex=2949, commits[65797d0d-2d4a-456d-9b24-1d63a5102722:c2950, aca3f3a4-0773-4ff1-9bb5-1a871868fd09:c2945, abe1c95d-8ae2-42e9-9d83-236e3c187d51:c2946]
2019-07-09 04:31:31,036 INFO  client.GrpcClientProtocolClient (GrpcClientProtocolClient.java:onNext(255)) - client-859D8C9D7B89->65797d0d-2d4a-456d-9b24-1d63a5102722: receive RaftClientReply:client-859D8C9D7B89->65797d0d-2d4a-456d-9b24-1d63a5102722@group-BA7C392EEBCA, cid=2021, SUCCESS, logIndex=0, commits[65797d0d-2d4a-456d-9b24-1d63a5102722:c2953, aca3f3a4-0773-4ff1-9bb5-1a871868fd09:c2947, abe1c95d-8ae2-42e9-9d83-236e3c187d51:c2949]
2019-07-09 04:31:31,056 INFO  client.GrpcClientProtocolClient (GrpcClientProtocolClient.java:onNext(255)) - client-859D8C9D7B89->65797d0d-2d4a-456d-9b24-1d63a5102722: receive RaftClientReply:client-859D8C9D7B89->65797d0d-2d4a-456d-9b24-1d63a5102722@group-BA7C392EEBCA, cid=2022, SUCCESS, logIndex=2954, commits[65797d0d-2d4a-456d-9b24-1d63a5102722:c2955, aca3f3a4-0773-4ff1-9bb5-1a871868fd09:c2953, abe1c95d-8ae2-42e9-9d83-236e3c187d51:c2953]
2019-07-09 04:31:31,056 INFO  client.GrpcClientProtocolClient (GrpcClientProtocolClient.java:onNext(255)) - client-859D8C9D7B89->65797d0d-2d4a-456d-9b24-1d63a5102722: receive RaftClientReply:client-859D8C9D7B89->65797d0d-2d4a-456d-9b24-1d63a5102722@group-BA7C392EEBCA, cid=2023, SUCCESS, logIndex=2955, commits[65797d0d-2d4a-456d-9b24-1d63a5102722:c2955, aca3f3a4-0773-4ff1-9bb5-1a871868fd09:c2953, abe1c95d-8ae2-42e9-9d83-236e3c187d51:c2953]
2019-07-09 04:31:31,069 INFO  client.GrpcClientProtocolClient (GrpcClientProtocolClient.java:onNext(255)) - client-859D8C9D7B89->65797d0d-2d4a-456d-9b24-1d63a5102722: receive RaftClientReply:client-859D8C9D7B89->65797d0d-2d4a-456d-9b24-1d63a5102722@group-BA7C392EEBCA, cid=2024, SUCCESS, logIndex=2958, commits[65797d0d-2d4a-456d-9b24-1d63a5102722:c2959, aca3f3a4-0773-4ff1-9bb5-1a871868fd09:c2955, abe1c95d-8ae2-42e9-9d83-236e3c187d51:c2955]
2019-07-09 04:31:31,069 INFO  client.GrpcClientProtocolClient (GrpcClientProtocolClient.java:onNext(255)) - client-859D8C9D7B89->65797d0d-2d4a-456d-9b24-1d63a5102722: receive RaftClientReply:client-859D8C9D7B89->65797d0d-2d4a-456d-9b24-1d63a5102722@group-BA7C392EEBCA, cid=2025, SUCCESS, logIndex=2959, commits[65797d0d-2d4a-456d-9b24-1d63a5102722:c2959, aca3f3a4-0773-4ff1-9bb5-1a871868fd09:c2955, abe1c95d-8ae2-42e9-9d83-236e3c187d51:c2955]
2019-07-09 04:31:31,071 INFO  client.GrpcClientProtocolClient (GrpcClientProtocolClient.java:onNext(255)) - client-859D8C9D7B89->65797d0d-2d4a-456d-9b24-1d63a5102722: receive RaftClientReply:client-859D8C9D7B89->65797d0d-2d4a-456d-9b24-1d63a5102722@group-BA7C392EEBCA, cid=2026, SUCCESS, logIndex=0, commits[65797d0d-2d4a-456d-9b24-1d63a5102722:c2960, aca3f3a4-0773-4ff1-9bb5-1a871868fd09:c2959, abe1c95d-8ae2-42e9-9d83-236e3c187d51:c2959]
2019-07-09 04:31:31,105 INFO  client.GrpcClientProtocolClient (GrpcClientProtocolClient.java:onNext(255)) - client-859D8C9D7B89->65797d0d-2d4a-456d-9b24-1d63a5102722: receive RaftClientReply:client-859D8C9D7B89->65797d0d-2d4a-456d-9b24-1d63a5102722@group-BA7C392EEBCA, cid=2027, SUCCESS, logIndex=2962, commits[65797d0d-2d4a-456d-9b24-1d63a5102722:c2963, aca3f3a4-0773-4ff1-9bb5-1a871868fd09:c2961, abe1c95d-8ae2-42e9-9d83-236e3c187d51:c2961]
2019-07-09 04:31:31,106 INFO  client.GrpcClientProtocolClient (GrpcClientProtocolClient.java:onNext(255)) - client-859D8C9D7B89->65797d0d-2d4a-456d-9b24-1d63a5102722: receive RaftClientReply:client-859D8C9D7B89->65797d0d-2d4a-456d-9b24-1d63a5102722@group-BA7C392EEBCA, cid=2028, SUCCESS, logIndex=2963, commits[65797d0d-2d4a-456d-9b24-1d63a5102722:c2963, aca3f3a4-0773-4ff1-9bb5-1a871868fd09:c2961, abe1c95d-8ae2-42e9-9d83-236e3c187d51:c2961]
2019-07-09 04:31:31,106 INFO  client.GrpcClientProtocolClient (GrpcClientProtocolClient.java:onNext(255)) - client-859D8C9D7B89->65797d0d-2d4a-456d-9b24-1d63a5102722: receive RaftClientReply:client-859D8C9D7B89->65797d0d-2d4a-456d-9b24-1d63a5102722@group-BA7C392EEBCA, cid=2029, SUCCESS, logIndex=2964, commits[65797d0d-2d4a-456d-9b24-1d63a5102722:c2965, aca3f3a4-0773-4ff1-9bb5-1a871868fd09:c2961, abe1c95d-8ae2-42e9-9d83-236e3c187d51:c2961]
2019-07-09 04:31:31,107 INFO  client.GrpcClientProtocolClient (GrpcClientProtocolClient.java:onNext(255)) - client-859D8C9D7B89->65797d0d-2d4a-456d-9b24-1d63a5102722: receive RaftClientReply:client-859D8C9D7B89->65797d0d-2d4a-456d-9b24-1d63a5102722@group-BA7C392EEBCA, cid=2030, SUCCESS, logIndex=2965, commits[65797d0d-2d4a-456d-9b24-1d63a5102722:c2965, aca3f3a4-0773-4ff1-9bb5-1a871868fd09:c2961, abe1c95d-8ae2-42e9-9d83-236e3c187d51:c2961]
2019-07-09 04:31:31,108 INFO  client.GrpcClientProtocolClient (GrpcClientProtocolClient.java:onNext(255)) - client-859D8C9D7B89->65797d0d-2d4a-456d-9b24-1d63a5102722: receive RaftClientReply:client-859D8C9D7B89->65797d0d-2d4a-456d-9b24-1d63a5102722@group-BA7C392EEBCA, cid=2031, SUCCESS, logIndex=0, commits[65797d0d-2d4a-456d-9b24-1d63a5102722:c2967, aca3f3a4-0773-4ff1-9bb5-1a871868fd09:c2963, abe1c95d-8ae2-42e9-9d83-236e3c187d51:c2963]
2019-07-09 04:31:31,129 INFO  client.GrpcClientProtocolClient (GrpcClientProtocolClient.java:onNext(255)) - client-859D8C9D7B89->65797d0d-2d4a-456d-9b24-1d63a5102722: receive RaftClientReply:client-859D8C9D7B89->65797d0d-2d4a-456d-9b24-1d63a5102722@group-BA7C392EEBCA, cid=2032, SUCCESS, logIndex=2969, commits[65797d0d-2d4a-456d-9b24-1d63a5102722:c2970, aca3f3a4-0773-4ff1-9bb5-1a871868fd09:c2968, abe1c95d-8ae2-42e9-9d83-236e3c187d51:c2968]
2019-07-09 04:31:31,129 INFO  client.GrpcClientProtocolClient (GrpcClientProtocolClient.java:onNext(255)) - client-859D8C9D7B89->65797d0d-2d4a-456d-9b24-1d63a5102722: receive RaftClientReply:client-859D8C9D7B89->65797d0d-2d4a-456d-9b24-1d63a5102722@group-BA7C392EEBCA, cid=2033, SUCCESS, logIndex=2970, commits[65797d0d-2d4a-456d-9b24-1d63a5102722:c2970, aca3f3a4-0773-4ff1-9bb5-1a871868fd09:c2968, abe1c95d-8ae2-42e9-9d83-236e3c187d51:c2968]
2019-07-09 04:31:31,143 INFO  client.GrpcClientProtocolClient (GrpcClientProtocolClient.java:onNext(255)) - client-859D8C9D7B89->65797d0d-2d4a-456d-9b24-1d63a5102722: receive RaftClientReply:client-859D8C9D7B89->65797d0d-2d4a-456d-9b24-1d63a5102722@group-BA7C392EEBCA, cid=2034, SUCCESS, logIndex=2973, commits[65797d0d-2d4a-456d-9b24-1d63a5102722:c2974, aca3f3a4-0773-4ff1-9bb5-1a871868fd09:c2970, abe1c95d-8ae2-42e9-9d83-236e3c187d51:c2970]
2019-07-09 04:31:31,143 INFO  client.GrpcClientProtocolClient (GrpcClientProtocolClient.java:onNext(255)) - client-859D8C9D7B89->65797d0d-2d4a-456d-9b24-1d63a5102722: receive RaftClientReply:client-859D8C9D7B89->65797d0d-2d4a-456d-9b24-1d63a5102722@group-BA7C392EEBCA, cid=2035, SUCCESS, logIndex=2974, commits[65797d0d-2d4a-456d-9b24-1d63a5102722:c2974, aca3f3a4-0773-4ff1-9bb5-1a871868fd09:c2970, abe1c95d-8ae2-42e9-9d83-236e3c187d51:c2970]
2019-07-09 04:31:31,155 INFO  client.GrpcClientProtocolClient (GrpcClientProtocolClient.java:onNext(255)) - client-859D8C9D7B89->65797d0d-2d4a-456d-9b24-1d63a5102722: receive RaftClientReply:client-859D8C9D7B89->65797d0d-2d4a-456d-9b24-1d63a5102722@group-BA7C392EEBCA, cid=2036, SUCCESS, logIndex=0, commits[65797d0d-2d4a-456d-9b24-1d63a5102722:c2975, aca3f3a4-0773-4ff1-9bb5-1a871868fd09:c2974, abe1c95d-8ae2-42e9-9d83-236e3c187d51:c2974]
2019-07-09 04:31:31,186 INFO  client.GrpcClientProtocolClient (GrpcClientProtocolClient.java:onNext(255)) - client-859D8C9D7B89->65797d0d-2d4a-456d-9b24-1d63a5102722: receive RaftClientReply:client-859D8C9D7B89->65797d0d-2d4a-456d-9b24-1d63a5102722@group-BA7C392EEBCA, cid=2037, SUCCESS, logIndex=2977, commits[65797d0d-2d4a-456d-9b24-1d63a5102722:c2978, aca3f3a4-0773-4ff1-9bb5-1a871868fd09:c2976, abe1c95d-8ae2-42e9-9d83-236e3c187d51:c2976]
2019-07-09 04:31:31,186 INFO  client.GrpcClientProtocolClient (GrpcClientProtocolClient.java:onNext(255)) - client-859D8C9D7B89->65797d0d-2d4a-456d-9b24-1d63a5102722: receive RaftClientReply:client-859D8C9D7B89->65797d0d-2d4a-456d-9b24-1d63a5102722@group-BA7C392EEBCA, cid=2038, SUCCESS, logIndex=2978, commits[65797d0d-2d4a-456d-9b24-1d63a5102722:c2978, aca3f3a4-0773-4ff1-9bb5-1a871868fd09:c2976, abe1c95d-8ae2-42e9-9d83-236e3c187d51:c2976]
2019-07-09 04:31:31,187 INFO  client.GrpcClientProtocolClient (GrpcClientProtocolClient.java:onNext(255)) - client-859D8C9D7B89->65797d0d-2d4a-456d-9b24-1d63a5102722: receive RaftClientReply:client-859D8C9D7B89->65797d0d-2d4a-456d-9b24-1d63a5102722@group-BA7C392EEBCA, cid=2039, SUCCESS, logIndex=2979, commits[65797d0d-2d4a-456d-9b24-1d63a5102722:c2980, aca3f3a4-0773-4ff1-9bb5-1a871868fd09:c2976, abe1c95d-8ae2-42e9-9d83-236e3c187d51:c2976]
2019-07-09 04:31:31,187 INFO  client.GrpcClientProtocolClient (GrpcClientProtocolClient.java:onNext(255)) - client-859D8C9D7B89->65797d0d-2d4a-456d-9b24-1d63a5102722: receive RaftClientReply:client-859D8C9D7B89->65797d0d-2d4a-456d-9b24-1d63a5102722@group-BA7C392EEBCA, cid=2040, SUCCESS, logIndex=2980, commits[65797d0d-2d4a-456d-9b24-1d63a5102722:c2980, aca3f3a4-0773-4ff1-9bb5-1a871868fd09:c2976, abe1c95d-8ae2-42e9-9d83-236e3c187d51:c2976]
2019-07-09 04:31:31,188 INFO  client.GrpcClientProtocolClient (GrpcClientProtocolClient.java:onNext(255)) - client-859D8C9D7B89->65797d0d-2d4a-456d-9b24-1d63a5102722: receive RaftClientReply:client-859D8C9D7B89->65797d0d-2d4a-456d-9b24-1d63a5102722@group-BA7C392EEBCA, cid=2041, SUCCESS, logIndex=0, commits[65797d0d-2d4a-456d-9b24-1d63a5102722:c2982, aca3f3a4-0773-4ff1-9bb5-1a871868fd09:c2978, abe1c95d-8ae2-42e9-9d83-236e3c187d51:c2978]
2019-07-09 04:31:31,208 INFO  client.GrpcClientProtocolClient (GrpcClientProtocolClient.java:onNext(255)) - client-859D8C9D7B89->65797d0d-2d4a-456d-9b24-1d63a5102722: receive RaftClientReply:client-859D8C9D7B89->65797d0d-2d4a-456d-9b24-1d63a5102722@group-BA7C392EEBCA, cid=2042, SUCCESS, logIndex=2985, commits[65797d0d-2d4a-456d-9b24-1d63a5102722:c2986, aca3f3a4-0773-4ff1-9bb5-1a871868fd09:c2984, abe1c95d-8ae2-42e9-9d83-236e3c187d51:c2984]
2019-07-09 04:31:31,209 INFO  client.GrpcClientProtocolClient (GrpcClientProtocolClient.java:onNext(255)) - client-859D8C9D7B89->65797d0d-2d4a-456d-9b24-1d63a5102722: receive RaftClientReply:client-859D8C9D7B89->65797d0d-2d4a-456d-9b24-1d63a5102722@group-BA7C392EEBCA, cid=2043, SUCCESS, logIndex=2986, commits[65797d0d-2d4a-456d-9b24-1d63a5102722:c2986, aca3f3a4-0773-4ff1-9bb5-1a871868fd09:c2984, abe1c95d-8ae2-42e9-9d83-236e3c187d51:c2984]
2019-07-09 04:31:31,222 INFO  client.GrpcClientProtocolClient (GrpcClientProtocolClient.java:onNext(255)) - client-859D8C9D7B89->65797d0d-2d4a-456d-9b24-1d63a5102722: receive RaftClientReply:client-859D8C9D7B89->65797d0d-2d4a-456d-9b24-1d63a5102722@group-BA7C392EEBCA, cid=2044, SUCCESS, logIndex=2989, commits[65797d0d-2d4a-456d-9b24-1d63a5102722:c2990, aca3f3a4-0773-4ff1-9bb5-1a871868fd09:c2986, abe1c95d-8ae2-42e9-9d83-236e3c187d51:c2986]
2019-07-09 04:31:31,223 INFO  client.GrpcClientProtocolClient (GrpcClientProtocolClient.java:onNext(255)) - client-859D8C9D7B89->65797d0d-2d4a-456d-9b24-1d63a5102722: receive RaftClientReply:client-859D8C9D7B89->65797d0d-2d4a-456d-9b24-1d63a5102722@group-BA7C392EEBCA, cid=2045, SUCCESS, logIndex=2990, commits[65797d0d-2d4a-456d-9b24-1d63a5102722:c2990, aca3f3a4-0773-4ff1-9bb5-1a871868fd09:c2986, abe1c95d-8ae2-42e9-9d83-236e3c187d51:c2986]
2019-07-09 04:31:31,237 INFO  client.GrpcClientProtocolClient (GrpcClientProtocolClient.java:onNext(255)) - client-859D8C9D7B89->65797d0d-2d4a-456d-9b24-1d63a5102722: receive RaftClientReply:client-859D8C9D7B89->65797d0d-2d4a-456d-9b24-1d63a5102722@group-BA7C392EEBCA, cid=2046, SUCCESS, logIndex=0, commits[65797d0d-2d4a-456d-9b24-1d63a5102722:c2992, aca3f3a4-0773-4ff1-9bb5-1a871868fd09:c2990, abe1c95d-8ae2-42e9-9d83-236e3c187d51:c2990]
2019-07-09 04:31:31,267 INFO  client.GrpcClientProtocolClient (GrpcClientProtocolClient.java:onNext(255)) - client-859D8C9D7B89->65797d0d-2d4a-456d-9b24-1d63a5102722: receive RaftClientReply:client-859D8C9D7B89->65797d0d-2d4a-456d-9b24-1d63a5102722@group-BA7C392EEBCA, cid=2047, SUCCESS, logIndex=2993, commits[65797d0d-2d4a-456d-9b24-1d63a5102722:c2994, aca3f3a4-0773-4ff1-9bb5-1a871868fd09:c2992, abe1c95d-8ae2-42e9-9d83-236e3c187d51:c2992]
2019-07-09 04:31:31,268 INFO  client.GrpcClientProtocolClient (GrpcClientProtocolClient.java:onNext(255)) - client-859D8C9D7B89->65797d0d-2d4a-456d-9b24-1d63a5102722: receive RaftClientReply:client-859D8C9D7B89->65797d0d-2d4a-456d-9b24-1d63a5102722@group-BA7C392EEBCA, cid=2048, SUCCESS, logIndex=2994, commits[65797d0d-2d4a-456d-9b24-1d63a5102722:c2996, aca3f3a4-0773-4ff1-9bb5-1a871868fd09:c2992, abe1c95d-8ae2-42e9-9d83-236e3c187d51:c2992]
2019-07-09 04:31:31,268 INFO  client.GrpcClientProtocolClient (GrpcClientProtocolClient.java:onNext(255)) - client-859D8C9D7B89->65797d0d-2d4a-456d-9b24-1d63a5102722: receive RaftClientReply:client-859D8C9D7B89->65797d0d-2d4a-456d-9b24-1d63a5102722@group-BA7C392EEBCA, cid=2049, SUCCESS, logIndex=2995, commits[65797d0d-2d4a-456d-9b24-1d63a5102722:c2997, aca3f3a4-0773-4ff1-9bb5-1a871868fd09:c2993, abe1c95d-8ae2-42e9-9d83-236e3c187d51:c2993]
2019-07-09 04:31:31,269 INFO  client.GrpcClientProtocolClient (GrpcClientProtocolClient.java:onNext(255)) - client-859D8C9D7B89->65797d0d-2d4a-456d-9b24-1d63a5102722: receive RaftClientReply:client-859D8C9D7B89->65797d0d-2d4a-456d-9b24-1d63a5102722@group-BA7C392EEBCA, cid=2050, SUCCESS, logIndex=2996, commits[65797d0d-2d4a-456d-9b24-1d63a5102722:c2997, aca3f3a4-0773-4ff1-9bb5-1a871868fd09:c2993, abe1c95d-8ae2-42e9-9d83-236e3c187d51:c2993]
2019-07-09 04:31:31,271 INFO  client.GrpcClientProtocolClient (GrpcClientProtocolClient.java:onNext(255)) - client-859D8C9D7B89->65797d0d-2d4a-456d-9b24-1d63a5102722: receive RaftClientReply:client-859D8C9D7B89->65797d0d-2d4a-456d-9b24-1d63a5102722@group-BA7C392EEBCA, cid=2051, SUCCESS, logIndex=0, commits[65797d0d-2d4a-456d-9b24-1d63a5102722:c2998, aca3f3a4-0773-4ff1-9bb5-1a871868fd09:c2994, abe1c95d-8ae2-42e9-9d83-236e3c187d51:c2994]
2019-07-09 04:31:31,293 INFO  client.GrpcClientProtocolClient (GrpcClientProtocolClient.java:onNext(255)) - client-859D8C9D7B89->65797d0d-2d4a-456d-9b24-1d63a5102722: receive RaftClientReply:client-859D8C9D7B89->65797d0d-2d4a-456d-9b24-1d63a5102722@group-BA7C392EEBCA, cid=2052, SUCCESS, logIndex=3001, commits[65797d0d-2d4a-456d-9b24-1d63a5102722:c3002, aca3f3a4-0773-4ff1-9bb5-1a871868fd09:c3000, abe1c95d-8ae2-42e9-9d83-236e3c187d51:c3000]
2019-07-09 04:31:31,293 INFO  client.GrpcClientProtocolClient (GrpcClientProtocolClient.java:onNext(255)) - client-859D8C9D7B89->65797d0d-2d4a-456d-9b24-1d63a5102722: receive RaftClientReply:client-859D8C9D7B89->65797d0d-2d4a-456d-9b24-1d63a5102722@group-BA7C392EEBCA, cid=2053, SUCCESS, logIndex=3002, commits[65797d0d-2d4a-456d-9b24-1d63a5102722:c3002, aca3f3a4-0773-4ff1-9bb5-1a871868fd09:c3000, abe1c95d-8ae2-42e9-9d83-236e3c187d51:c3000]
2019-07-09 04:31:31,306 INFO  client.GrpcClientProtocolClient (GrpcClientProtocolClient.java:onNext(255)) - client-859D8C9D7B89->65797d0d-2d4a-456d-9b24-1d63a5102722: receive RaftClientReply:client-859D8C9D7B89->65797d0d-2d4a-456d-9b24-1d63a5102722@group-BA7C392EEBCA, cid=2054, SUCCESS, logIndex=3005, commits[65797d0d-2d4a-456d-9b24-1d63a5102722:c3006, aca3f3a4-0773-4ff1-9bb5-1a871868fd09:c3002, abe1c95d-8ae2-42e9-9d83-236e3c187d51:c3002]
2019-07-09 04:31:31,306 INFO  client.GrpcClientProtocolClient (GrpcClientProtocolClient.java:onNext(255)) - client-859D8C9D7B89->65797d0d-2d4a-456d-9b24-1d63a5102722: receive RaftClientReply:client-859D8C9D7B89->65797d0d-2d4a-456d-9b24-1d63a5102722@group-BA7C392EEBCA, cid=2055, SUCCESS, logIndex=3006, commits[65797d0d-2d4a-456d-9b24-1d63a5102722:c3006, aca3f3a4-0773-4ff1-9bb5-1a871868fd09:c3002, abe1c95d-8ae2-42e9-9d83-236e3c187d51:c3002]
2019-07-09 04:31:31,319 INFO  client.GrpcClientProtocolClient (GrpcClientProtocolClient.java:onNext(255)) - client-859D8C9D7B89->65797d0d-2d4a-456d-9b24-1d63a5102722: receive RaftClientReply:client-859D8C9D7B89->65797d0d-2d4a-456d-9b24-1d63a5102722@group-BA7C392EEBCA, cid=2056, SUCCESS, logIndex=0, commits[65797d0d-2d4a-456d-9b24-1d63a5102722:c3008, aca3f3a4-0773-4ff1-9bb5-1a871868fd09:c3006, abe1c95d-8ae2-42e9-9d83-236e3c187d51:c3006]
 0.00% |█                                                                                                    |  0/1 Time: 0:00:162019-07-09 04:31:31,346 INFO  client.GrpcClientProtocolClient (GrpcClientProtocolClient.java:onNext(255)) - client-859D8C9D7B89->65797d0d-2d4a-456d-9b24-1d63a5102722: receive RaftClientReply:client-859D8C9D7B89->65797d0d-2d4a-456d-9b24-1d63a5102722@group-BA7C392EEBCA, cid=2057, SUCCESS, logIndex=3009, commits[65797d0d-2d4a-456d-9b24-1d63a5102722:c3010, aca3f3a4-0773-4ff1-9bb5-1a871868fd09:c3008, abe1c95d-8ae2-42e9-9d83-236e3c187d51:c3008]
2019-07-09 04:31:31,347 INFO  client.GrpcClientProtocolClient (GrpcClientProtocolClient.java:onNext(255)) - client-859D8C9D7B89->65797d0d-2d4a-456d-9b24-1d63a5102722: receive RaftClientReply:client-859D8C9D7B89->65797d0d-2d4a-456d-9b24-1d63a5102722@group-BA7C392EEBCA, cid=2058, SUCCESS, logIndex=3010, commits[65797d0d-2d4a-456d-9b24-1d63a5102722:c3012, aca3f3a4-0773-4ff1-9bb5-1a871868fd09:c3008, abe1c95d-8ae2-42e9-9d83-236e3c187d51:c3008]
2019-07-09 04:31:31,347 INFO  client.GrpcClientProtocolClient (GrpcClientProtocolClient.java:onNext(255)) - client-859D8C9D7B89->65797d0d-2d4a-456d-9b24-1d63a5102722: receive RaftClientReply:client-859D8C9D7B89->65797d0d-2d4a-456d-9b24-1d63a5102722@group-BA7C392EEBCA, cid=2059, SUCCESS, logIndex=3011, commits[65797d0d-2d4a-456d-9b24-1d63a5102722:c3012, aca3f3a4-0773-4ff1-9bb5-1a871868fd09:c3008, abe1c95d-8ae2-42e9-9d83-236e3c187d51:c3008]
2019-07-09 04:31:31,348 INFO  client.GrpcClientProtocolClient (GrpcClientProtocolClient.java:onNext(255)) - client-859D8C9D7B89->65797d0d-2d4a-456d-9b24-1d63a5102722: receive RaftClientReply:client-859D8C9D7B89->65797d0d-2d4a-456d-9b24-1d63a5102722@group-BA7C392EEBCA, cid=2060, SUCCESS, logIndex=3012, commits[65797d0d-2d4a-456d-9b24-1d63a5102722:c3013, aca3f3a4-0773-4ff1-9bb5-1a871868fd09:c3009, abe1c95d-8ae2-42e9-9d83-236e3c187d51:c3008]
2019-07-09 04:31:31,349 INFO  client.GrpcClientProtocolClient (GrpcClientProtocolClient.java:onNext(255)) - client-859D8C9D7B89->65797d0d-2d4a-456d-9b24-1d63a5102722: receive RaftClientReply:client-859D8C9D7B89->65797d0d-2d4a-456d-9b24-1d63a5102722@group-BA7C392EEBCA, cid=2061, SUCCESS, logIndex=0, commits[65797d0d-2d4a-456d-9b24-1d63a5102722:c3014, aca3f3a4-0773-4ff1-9bb5-1a871868fd09:c3010, abe1c95d-8ae2-42e9-9d83-236e3c187d51:c3010]
2019-07-09 04:31:31,368 INFO  client.GrpcClientProtocolClient (GrpcClientProtocolClient.java:onNext(255)) - client-859D8C9D7B89->65797d0d-2d4a-456d-9b24-1d63a5102722: receive RaftClientReply:client-859D8C9D7B89->65797d0d-2d4a-456d-9b24-1d63a5102722@group-BA7C392EEBCA, cid=2062, SUCCESS, logIndex=3016, commits[65797d0d-2d4a-456d-9b24-1d63a5102722:c3017, aca3f3a4-0773-4ff1-9bb5-1a871868fd09:c3015, abe1c95d-8ae2-42e9-9d83-236e3c187d51:c3015]
2019-07-09 04:31:31,368 INFO  client.GrpcClientProtocolClient (GrpcClientProtocolClient.java:onNext(255)) - client-859D8C9D7B89->65797d0d-2d4a-456d-9b24-1d63a5102722: receive RaftClientReply:client-859D8C9D7B89->65797d0d-2d4a-456d-9b24-1d63a5102722@group-BA7C392EEBCA, cid=2063, SUCCESS, logIndex=3017, commits[65797d0d-2d4a-456d-9b24-1d63a5102722:c3017, aca3f3a4-0773-4ff1-9bb5-1a871868fd09:c3015, abe1c95d-8ae2-42e9-9d83-236e3c187d51:c3015]
2019-07-09 04:31:31,395 INFO  client.GrpcClientProtocolClient (GrpcClientProtocolClient.java:onNext(255)) - client-859D8C9D7B89->65797d0d-2d4a-456d-9b24-1d63a5102722: receive RaftClientReply:client-859D8C9D7B89->65797d0d-2d4a-456d-9b24-1d63a5102722@group-BA7C392EEBCA, cid=2064, SUCCESS, logIndex=3020, commits[65797d0d-2d4a-456d-9b24-1d63a5102722:c3021, aca3f3a4-0773-4ff1-9bb5-1a871868fd09:c3017, abe1c95d-8ae2-42e9-9d83-236e3c187d51:c3017]
2019-07-09 04:31:31,396 INFO  client.GrpcClientProtocolClient (GrpcClientProtocolClient.java:onNext(255)) - client-859D8C9D7B89->65797d0d-2d4a-456d-9b24-1d63a5102722: receive RaftClientReply:client-859D8C9D7B89->65797d0d-2d4a-456d-9b24-1d63a5102722@group-BA7C392EEBCA, cid=2065, SUCCESS, logIndex=3021, commits[65797d0d-2d4a-456d-9b24-1d63a5102722:c3021, aca3f3a4-0773-4ff1-9bb5-1a871868fd09:c3017, abe1c95d-8ae2-42e9-9d83-236e3c187d51:c3017]
2019-07-09 04:31:31,409 INFO  client.GrpcClientProtocolClient (GrpcClientProtocolClient.java:onNext(255)) - client-859D8C9D7B89->65797d0d-2d4a-456d-9b24-1d63a5102722: receive RaftClientReply:client-859D8C9D7B89->65797d0d-2d4a-456d-9b24-1d63a5102722@group-BA7C392EEBCA, cid=2066, SUCCESS, logIndex=0, commits[65797d0d-2d4a-456d-9b24-1d63a5102722:c3023, aca3f3a4-0773-4ff1-9bb5-1a871868fd09:c3021, abe1c95d-8ae2-42e9-9d83-236e3c187d51:c3021]
2019-07-09 04:31:31,446 INFO  client.GrpcClientProtocolClient (GrpcClientProtocolClient.java:onNext(255)) - client-859D8C9D7B89->65797d0d-2d4a-456d-9b24-1d63a5102722: receive RaftClientReply:client-859D8C9D7B89->65797d0d-2d4a-456d-9b24-1d63a5102722@group-BA7C392EEBCA, cid=2067, SUCCESS, logIndex=3024, commits[65797d0d-2d4a-456d-9b24-1d63a5102722:c3025, aca3f3a4-0773-4ff1-9bb5-1a871868fd09:c3023, abe1c95d-8ae2-42e9-9d83-236e3c187d51:c3023]
2019-07-09 04:31:31,447 INFO  client.GrpcClientProtocolClient (GrpcClientProtocolClient.java:onNext(255)) - client-859D8C9D7B89->65797d0d-2d4a-456d-9b24-1d63a5102722: receive RaftClientReply:client-859D8C9D7B89->65797d0d-2d4a-456d-9b24-1d63a5102722@group-BA7C392EEBCA, cid=2068, SUCCESS, logIndex=3025, commits[65797d0d-2d4a-456d-9b24-1d63a5102722:c3027, aca3f3a4-0773-4ff1-9bb5-1a871868fd09:c3023, abe1c95d-8ae2-42e9-9d83-236e3c187d51:c3023]
2019-07-09 04:31:31,447 INFO  client.GrpcClientProtocolClient (GrpcClientProtocolClient.java:onNext(255)) - client-859D8C9D7B89->65797d0d-2d4a-456d-9b24-1d63a5102722: receive RaftClientReply:client-859D8C9D7B89->65797d0d-2d4a-456d-9b24-1d63a5102722@group-BA7C392EEBCA, cid=2069, SUCCESS, logIndex=3026, commits[65797d0d-2d4a-456d-9b24-1d63a5102722:c3027, aca3f3a4-0773-4ff1-9bb5-1a871868fd09:c3023, abe1c95d-8ae2-42e9-9d83-236e3c187d51:c3023]
2019-07-09 04:31:31,448 INFO  client.GrpcClientProtocolClient (GrpcClientProtocolClient.java:onNext(255)) - client-859D8C9D7B89->65797d0d-2d4a-456d-9b24-1d63a5102722: receive RaftClientReply:client-859D8C9D7B89->65797d0d-2d4a-456d-9b24-1d63a5102722@group-BA7C392EEBCA, cid=2070, SUCCESS, logIndex=3027, commits[65797d0d-2d4a-456d-9b24-1d63a5102722:c3027, aca3f3a4-0773-4ff1-9bb5-1a871868fd09:c3023, abe1c95d-8ae2-42e9-9d83-236e3c187d51:c3023]
2019-07-09 04:31:31,458 INFO  client.GrpcClientProtocolClient (GrpcClientProtocolClient.java:onNext(255)) - client-859D8C9D7B89->65797d0d-2d4a-456d-9b24-1d63a5102722: receive RaftClientReply:client-859D8C9D7B89->65797d0d-2d4a-456d-9b24-1d63a5102722@group-BA7C392EEBCA, cid=2071, SUCCESS, logIndex=0, commits[65797d0d-2d4a-456d-9b24-1d63a5102722:c3030, aca3f3a4-0773-4ff1-9bb5-1a871868fd09:c3027, abe1c95d-8ae2-42e9-9d83-236e3c187d51:c3025]
2019-07-09 04:31:31,478 INFO  client.GrpcClientProtocolClient (GrpcClientProtocolClient.java:onNext(255)) - client-859D8C9D7B89->65797d0d-2d4a-456d-9b24-1d63a5102722: receive RaftClientReply:client-859D8C9D7B89->65797d0d-2d4a-456d-9b24-1d63a5102722@group-BA7C392EEBCA, cid=2072, SUCCESS, logIndex=3031, commits[65797d0d-2d4a-456d-9b24-1d63a5102722:c3032, aca3f3a4-0773-4ff1-9bb5-1a871868fd09:c3030, abe1c95d-8ae2-42e9-9d83-236e3c187d51:c3030]
2019-07-09 04:31:31,479 INFO  client.GrpcClientProtocolClient (GrpcClientProtocolClient.java:onNext(255)) - client-859D8C9D7B89->65797d0d-2d4a-456d-9b24-1d63a5102722: receive RaftClientReply:client-859D8C9D7B89->65797d0d-2d4a-456d-9b24-1d63a5102722@group-BA7C392EEBCA, cid=2073, SUCCESS, logIndex=3032, commits[65797d0d-2d4a-456d-9b24-1d63a5102722:c3032, aca3f3a4-0773-4ff1-9bb5-1a871868fd09:c3030, abe1c95d-8ae2-42e9-9d83-236e3c187d51:c3030]
2019-07-09 04:31:31,492 INFO  client.GrpcClientProtocolClient (GrpcClientProtocolClient.java:onNext(255)) - client-859D8C9D7B89->65797d0d-2d4a-456d-9b24-1d63a5102722: receive RaftClientReply:client-859D8C9D7B89->65797d0d-2d4a-456d-9b24-1d63a5102722@group-BA7C392EEBCA, cid=2074, SUCCESS, logIndex=3035, commits[65797d0d-2d4a-456d-9b24-1d63a5102722:c3036, aca3f3a4-0773-4ff1-9bb5-1a871868fd09:c3032, abe1c95d-8ae2-42e9-9d83-236e3c187d51:c3032]
2019-07-09 04:31:31,493 INFO  client.GrpcClientProtocolClient (GrpcClientProtocolClient.java:onNext(255)) - client-859D8C9D7B89->65797d0d-2d4a-456d-9b24-1d63a5102722: receive RaftClientReply:client-859D8C9D7B89->65797d0d-2d4a-456d-9b24-1d63a5102722@group-BA7C392EEBCA, cid=2075, SUCCESS, logIndex=3036, commits[65797d0d-2d4a-456d-9b24-1d63a5102722:c3036, aca3f3a4-0773-4ff1-9bb5-1a871868fd09:c3032, abe1c95d-8ae2-42e9-9d83-236e3c187d51:c3032]
2019-07-09 04:31:31,503 INFO  client.GrpcClientProtocolClient (GrpcClientProtocolClient.java:onNext(255)) - client-859D8C9D7B89->65797d0d-2d4a-456d-9b24-1d63a5102722: receive RaftClientReply:client-859D8C9D7B89->65797d0d-2d4a-456d-9b24-1d63a5102722@group-BA7C392EEBCA, cid=2076, SUCCESS, logIndex=0, commits[65797d0d-2d4a-456d-9b24-1d63a5102722:c3036, aca3f3a4-0773-4ff1-9bb5-1a871868fd09:c3036, abe1c95d-8ae2-42e9-9d83-236e3c187d51:c3036]
2019-07-09 04:31:31,535 INFO  client.GrpcClientProtocolClient (GrpcClientProtocolClient.java:onNext(255)) - client-859D8C9D7B89->65797d0d-2d4a-456d-9b24-1d63a5102722: receive RaftClientReply:client-859D8C9D7B89->65797d0d-2d4a-456d-9b24-1d63a5102722@group-BA7C392EEBCA, cid=2077, SUCCESS, logIndex=3039, commits[65797d0d-2d4a-456d-9b24-1d63a5102722:c3041, aca3f3a4-0773-4ff1-9bb5-1a871868fd09:c3038, abe1c95d-8ae2-42e9-9d83-236e3c187d51:c3038]
2019-07-09 04:31:31,535 INFO  client.GrpcClientProtocolClient (GrpcClientProtocolClient.java:onNext(255)) - client-859D8C9D7B89->65797d0d-2d4a-456d-9b24-1d63a5102722: receive RaftClientReply:client-859D8C9D7B89->65797d0d-2d4a-456d-9b24-1d63a5102722@group-BA7C392EEBCA, cid=2078, SUCCESS, logIndex=3040, commits[65797d0d-2d4a-456d-9b24-1d63a5102722:c3042, aca3f3a4-0773-4ff1-9bb5-1a871868fd09:c3038, abe1c95d-8ae2-42e9-9d83-236e3c187d51:c3038]
2019-07-09 04:31:31,536 INFO  client.GrpcClientProtocolClient (GrpcClientProtocolClient.java:onNext(255)) - client-859D8C9D7B89->65797d0d-2d4a-456d-9b24-1d63a5102722: receive RaftClientReply:client-859D8C9D7B89->65797d0d-2d4a-456d-9b24-1d63a5102722@group-BA7C392EEBCA, cid=2079, SUCCESS, logIndex=3041, commits[65797d0d-2d4a-456d-9b24-1d63a5102722:c3042, aca3f3a4-0773-4ff1-9bb5-1a871868fd09:c3038, abe1c95d-8ae2-42e9-9d83-236e3c187d51:c3038]
2019-07-09 04:31:31,536 INFO  client.GrpcClientProtocolClient (GrpcClientProtocolClient.java:onNext(255)) - client-859D8C9D7B89->65797d0d-2d4a-456d-9b24-1d63a5102722: receive RaftClientReply:client-859D8C9D7B89->65797d0d-2d4a-456d-9b24-1d63a5102722@group-BA7C392EEBCA, cid=2080, SUCCESS, logIndex=3042, commits[65797d0d-2d4a-456d-9b24-1d63a5102722:c3042, aca3f3a4-0773-4ff1-9bb5-1a871868fd09:c3038, abe1c95d-8ae2-42e9-9d83-236e3c187d51:c3038]
2019-07-09 04:31:31,546 INFO  client.GrpcClientProtocolClient (GrpcClientProtocolClient.java:onNext(255)) - client-859D8C9D7B89->65797d0d-2d4a-456d-9b24-1d63a5102722: receive RaftClientReply:client-859D8C9D7B89->65797d0d-2d4a-456d-9b24-1d63a5102722@group-BA7C392EEBCA, cid=2081, SUCCESS, logIndex=0, commits[65797d0d-2d4a-456d-9b24-1d63a5102722:c3043, aca3f3a4-0773-4ff1-9bb5-1a871868fd09:c3040, abe1c95d-8ae2-42e9-9d83-236e3c187d51:c3040]
2019-07-09 04:31:31,567 INFO  client.GrpcClientProtocolClient (GrpcClientProtocolClient.java:onNext(255)) - client-859D8C9D7B89->65797d0d-2d4a-456d-9b24-1d63a5102722: receive RaftClientReply:client-859D8C9D7B89->65797d0d-2d4a-456d-9b24-1d63a5102722@group-BA7C392EEBCA, cid=2082, SUCCESS, logIndex=3047, commits[65797d0d-2d4a-456d-9b24-1d63a5102722:c3047, aca3f3a4-0773-4ff1-9bb5-1a871868fd09:c3046, abe1c95d-8ae2-42e9-9d83-236e3c187d51:c3046]
2019-07-09 04:31:31,568 INFO  client.GrpcClientProtocolClient (GrpcClientProtocolClient.java:onNext(255)) - client-859D8C9D7B89->65797d0d-2d4a-456d-9b24-1d63a5102722: receive RaftClientReply:client-859D8C9D7B89->65797d0d-2d4a-456d-9b24-1d63a5102722@group-BA7C392EEBCA, cid=2083, SUCCESS, logIndex=3048, commits[65797d0d-2d4a-456d-9b24-1d63a5102722:c3048, aca3f3a4-0773-4ff1-9bb5-1a871868fd09:c3046, abe1c95d-8ae2-42e9-9d83-236e3c187d51:c3046]
2019-07-09 04:31:31,674 INFO  client.GrpcClientProtocolClient (GrpcClientProtocolClient.java:onNext(255)) - client-859D8C9D7B89->65797d0d-2d4a-456d-9b24-1d63a5102722: receive RaftClientReply:client-859D8C9D7B89->65797d0d-2d4a-456d-9b24-1d63a5102722@group-BA7C392EEBCA, cid=2084, SUCCESS, logIndex=3051, commits[65797d0d-2d4a-456d-9b24-1d63a5102722:c3052, aca3f3a4-0773-4ff1-9bb5-1a871868fd09:c3049, abe1c95d-8ae2-42e9-9d83-236e3c187d51:c3049]
2019-07-09 04:31:31,674 INFO  client.GrpcClientProtocolClient (GrpcClientProtocolClient.java:onNext(255)) - client-859D8C9D7B89->65797d0d-2d4a-456d-9b24-1d63a5102722: receive RaftClientReply:client-859D8C9D7B89->65797d0d-2d4a-456d-9b24-1d63a5102722@group-BA7C392EEBCA, cid=2085, SUCCESS, logIndex=3052, commits[65797d0d-2d4a-456d-9b24-1d63a5102722:c3052, aca3f3a4-0773-4ff1-9bb5-1a871868fd09:c3049, abe1c95d-8ae2-42e9-9d83-236e3c187d51:c3049]
2019-07-09 04:31:31,687 INFO  client.GrpcClientProtocolClient (GrpcClientProtocolClient.java:onNext(255)) - client-859D8C9D7B89->65797d0d-2d4a-456d-9b24-1d63a5102722: receive RaftClientReply:client-859D8C9D7B89->65797d0d-2d4a-456d-9b24-1d63a5102722@group-BA7C392EEBCA, cid=2086, SUCCESS, logIndex=0, commits[65797d0d-2d4a-456d-9b24-1d63a5102722:c3054, aca3f3a4-0773-4ff1-9bb5-1a871868fd09:c3052, abe1c95d-8ae2-42e9-9d83-236e3c187d51:c3052]
2019-07-09 04:31:31,718 INFO  client.GrpcClientProtocolClient (GrpcClientProtocolClient.java:onNext(255)) - client-859D8C9D7B89->65797d0d-2d4a-456d-9b24-1d63a5102722: receive RaftClientReply:client-859D8C9D7B89->65797d0d-2d4a-456d-9b24-1d63a5102722@group-BA7C392EEBCA, cid=2087, SUCCESS, logIndex=3055, commits[65797d0d-2d4a-456d-9b24-1d63a5102722:c3056, aca3f3a4-0773-4ff1-9bb5-1a871868fd09:c3054, abe1c95d-8ae2-42e9-9d83-236e3c187d51:c3054]
2019-07-09 04:31:31,719 INFO  client.GrpcClientProtocolClient (GrpcClientProtocolClient.java:onNext(255)) - client-859D8C9D7B89->65797d0d-2d4a-456d-9b24-1d63a5102722: receive RaftClientReply:client-859D8C9D7B89->65797d0d-2d4a-456d-9b24-1d63a5102722@group-BA7C392EEBCA, cid=2088, SUCCESS, logIndex=3056, commits[65797d0d-2d4a-456d-9b24-1d63a5102722:c3058, aca3f3a4-0773-4ff1-9bb5-1a871868fd09:c3054, abe1c95d-8ae2-42e9-9d83-236e3c187d51:c3054]
2019-07-09 04:31:31,720 INFO  client.GrpcClientProtocolClient (GrpcClientProtocolClient.java:onNext(255)) - client-859D8C9D7B89->65797d0d-2d4a-456d-9b24-1d63a5102722: receive RaftClientReply:client-859D8C9D7B89->65797d0d-2d4a-456d-9b24-1d63a5102722@group-BA7C392EEBCA, cid=2089, SUCCESS, logIndex=3057, commits[65797d0d-2d4a-456d-9b24-1d63a5102722:c3058, aca3f3a4-0773-4ff1-9bb5-1a871868fd09:c3054, abe1c95d-8ae2-42e9-9d83-236e3c187d51:c3054]
2019-07-09 04:31:31,720 INFO  client.GrpcClientProtocolClient (GrpcClientProtocolClient.java:onNext(255)) - client-859D8C9D7B89->65797d0d-2d4a-456d-9b24-1d63a5102722: receive RaftClientReply:client-859D8C9D7B89->65797d0d-2d4a-456d-9b24-1d63a5102722@group-BA7C392EEBCA, cid=2090, SUCCESS, logIndex=3058, commits[65797d0d-2d4a-456d-9b24-1d63a5102722:c3058, aca3f3a4-0773-4ff1-9bb5-1a871868fd09:c3055, abe1c95d-8ae2-42e9-9d83-236e3c187d51:c3054]
2019-07-09 04:31:31,721 INFO  client.GrpcClientProtocolClient (GrpcClientProtocolClient.java:onNext(255)) - client-859D8C9D7B89->65797d0d-2d4a-456d-9b24-1d63a5102722: receive RaftClientReply:client-859D8C9D7B89->65797d0d-2d4a-456d-9b24-1d63a5102722@group-BA7C392EEBCA, cid=2091, SUCCESS, logIndex=0, commits[65797d0d-2d4a-456d-9b24-1d63a5102722:c3060, aca3f3a4-0773-4ff1-9bb5-1a871868fd09:c3056, abe1c95d-8ae2-42e9-9d83-236e3c187d51:c3056]
2019-07-09 04:31:31,742 INFO  client.GrpcClientProtocolClient (GrpcClientProtocolClient.java:onNext(255)) - client-859D8C9D7B89->65797d0d-2d4a-456d-9b24-1d63a5102722: receive RaftClientReply:client-859D8C9D7B89->65797d0d-2d4a-456d-9b24-1d63a5102722@group-BA7C392EEBCA, cid=2092, SUCCESS, logIndex=3063, commits[65797d0d-2d4a-456d-9b24-1d63a5102722:c3063, aca3f3a4-0773-4ff1-9bb5-1a871868fd09:c3062, abe1c95d-8ae2-42e9-9d83-236e3c187d51:c3062]
2019-07-09 04:31:31,742 INFO  client.GrpcClientProtocolClient (GrpcClientProtocolClient.java:onNext(255)) - client-859D8C9D7B89->65797d0d-2d4a-456d-9b24-1d63a5102722: receive RaftClientReply:client-859D8C9D7B89->65797d0d-2d4a-456d-9b24-1d63a5102722@group-BA7C392EEBCA, cid=2093, SUCCESS, logIndex=3064, commits[65797d0d-2d4a-456d-9b24-1d63a5102722:c3064, aca3f3a4-0773-4ff1-9bb5-1a871868fd09:c3062, abe1c95d-8ae2-42e9-9d83-236e3c187d51:c3062]
2019-07-09 04:31:31,758 INFO  client.GrpcClientProtocolClient (GrpcClientProtocolClient.java:onNext(255)) - client-859D8C9D7B89->65797d0d-2d4a-456d-9b24-1d63a5102722: receive RaftClientReply:client-859D8C9D7B89->65797d0d-2d4a-456d-9b24-1d63a5102722@group-BA7C392EEBCA, cid=2094, SUCCESS, logIndex=3067, commits[65797d0d-2d4a-456d-9b24-1d63a5102722:c3068, aca3f3a4-0773-4ff1-9bb5-1a871868fd09:c3064, abe1c95d-8ae2-42e9-9d83-236e3c187d51:c3064]
2019-07-09 04:31:31,758 INFO  client.GrpcClientProtocolClient (GrpcClientProtocolClient.java:onNext(255)) - client-859D8C9D7B89->65797d0d-2d4a-456d-9b24-1d63a5102722: receive RaftClientReply:client-859D8C9D7B89->65797d0d-2d4a-456d-9b24-1d63a5102722@group-BA7C392EEBCA, cid=2095, SUCCESS, logIndex=3068, commits[65797d0d-2d4a-456d-9b24-1d63a5102722:c3068, aca3f3a4-0773-4ff1-9bb5-1a871868fd09:c3064, abe1c95d-8ae2-42e9-9d83-236e3c187d51:c3064]
2019-07-09 04:31:31,770 INFO  client.GrpcClientProtocolClient (GrpcClientProtocolClient.java:onNext(255)) - client-859D8C9D7B89->65797d0d-2d4a-456d-9b24-1d63a5102722: receive RaftClientReply:client-859D8C9D7B89->65797d0d-2d4a-456d-9b24-1d63a5102722@group-BA7C392EEBCA, cid=2096, SUCCESS, logIndex=0, commits[65797d0d-2d4a-456d-9b24-1d63a5102722:c3069, aca3f3a4-0773-4ff1-9bb5-1a871868fd09:c3068, abe1c95d-8ae2-42e9-9d83-236e3c187d51:c3068]
2019-07-09 04:31:31,798 INFO  client.GrpcClientProtocolClient (GrpcClientProtocolClient.java:onNext(255)) - client-859D8C9D7B89->65797d0d-2d4a-456d-9b24-1d63a5102722: receive RaftClientReply:client-859D8C9D7B89->65797d0d-2d4a-456d-9b24-1d63a5102722@group-BA7C392EEBCA, cid=2097, SUCCESS, logIndex=3071, commits[65797d0d-2d4a-456d-9b24-1d63a5102722:c3071, aca3f3a4-0773-4ff1-9bb5-1a871868fd09:c3070, abe1c95d-8ae2-42e9-9d83-236e3c187d51:c3070]
2019-07-09 04:31:31,800 INFO  client.GrpcClientProtocolClient (GrpcClientProtocolClient.java:onNext(255)) - client-859D8C9D7B89->65797d0d-2d4a-456d-9b24-1d63a5102722: receive RaftClientReply:client-859D8C9D7B89->65797d0d-2d4a-456d-9b24-1d63a5102722@group-BA7C392EEBCA, cid=2098, SUCCESS, logIndex=3072, commits[65797d0d-2d4a-456d-9b24-1d63a5102722:c3073, aca3f3a4-0773-4ff1-9bb5-1a871868fd09:c3070, abe1c95d-8ae2-42e9-9d83-236e3c187d51:c3070]
2019-07-09 04:31:31,800 INFO  client.GrpcClientProtocolClient (GrpcClientProtocolClient.java:onNext(255)) - client-859D8C9D7B89->65797d0d-2d4a-456d-9b24-1d63a5102722: receive RaftClientReply:client-859D8C9D7B89->65797d0d-2d4a-456d-9b24-1d63a5102722@group-BA7C392EEBCA, cid=2099, SUCCESS, logIndex=3073, commits[65797d0d-2d4a-456d-9b24-1d63a5102722:c3075, aca3f3a4-0773-4ff1-9bb5-1a871868fd09:c3070, abe1c95d-8ae2-42e9-9d83-236e3c187d51:c3071]
2019-07-09 04:31:31,801 INFO  client.GrpcClientProtocolClient (GrpcClientProtocolClient.java:onNext(255)) - client-859D8C9D7B89->65797d0d-2d4a-456d-9b24-1d63a5102722: receive RaftClientReply:client-859D8C9D7B89->65797d0d-2d4a-456d-9b24-1d63a5102722@group-BA7C392EEBCA, cid=2100, SUCCESS, logIndex=3074, commits[65797d0d-2d4a-456d-9b24-1d63a5102722:c3075, aca3f3a4-0773-4ff1-9bb5-1a871868fd09:c3070, abe1c95d-8ae2-42e9-9d83-236e3c187d51:c3071]
2019-07-09 04:31:31,814 INFO  client.GrpcClientProtocolClient (GrpcClientProtocolClient.java:onNext(255)) - client-859D8C9D7B89->65797d0d-2d4a-456d-9b24-1d63a5102722: receive RaftClientReply:client-859D8C9D7B89->65797d0d-2d4a-456d-9b24-1d63a5102722@group-BA7C392EEBCA, cid=2101, SUCCESS, logIndex=0, commits[65797d0d-2d4a-456d-9b24-1d63a5102722:c3077, aca3f3a4-0773-4ff1-9bb5-1a871868fd09:c3072, abe1c95d-8ae2-42e9-9d83-236e3c187d51:c3074]
2019-07-09 04:31:31,835 INFO  client.GrpcClientProtocolClient (GrpcClientProtocolClient.java:onNext(255)) - client-859D8C9D7B89->65797d0d-2d4a-456d-9b24-1d63a5102722: receive RaftClientReply:client-859D8C9D7B89->65797d0d-2d4a-456d-9b24-1d63a5102722@group-BA7C392EEBCA, cid=2102, SUCCESS, logIndex=3079, commits[65797d0d-2d4a-456d-9b24-1d63a5102722:c3080, aca3f3a4-0773-4ff1-9bb5-1a871868fd09:c3078, abe1c95d-8ae2-42e9-9d83-236e3c187d51:c3078]
2019-07-09 04:31:31,835 INFO  client.GrpcClientProtocolClient (GrpcClientProtocolClient.java:onNext(255)) - client-859D8C9D7B89->65797d0d-2d4a-456d-9b24-1d63a5102722: receive RaftClientReply:client-859D8C9D7B89->65797d0d-2d4a-456d-9b24-1d63a5102722@group-BA7C392EEBCA, cid=2103, SUCCESS, logIndex=3080, commits[65797d0d-2d4a-456d-9b24-1d63a5102722:c3080, aca3f3a4-0773-4ff1-9bb5-1a871868fd09:c3078, abe1c95d-8ae2-42e9-9d83-236e3c187d51:c3078]
2019-07-09 04:31:31,849 INFO  client.GrpcClientProtocolClient (GrpcClientProtocolClient.java:onNext(255)) - client-859D8C9D7B89->65797d0d-2d4a-456d-9b24-1d63a5102722: receive RaftClientReply:client-859D8C9D7B89->65797d0d-2d4a-456d-9b24-1d63a5102722@group-BA7C392EEBCA, cid=2104, SUCCESS, logIndex=3083, commits[65797d0d-2d4a-456d-9b24-1d63a5102722:c3084, aca3f3a4-0773-4ff1-9bb5-1a871868fd09:c3080, abe1c95d-8ae2-42e9-9d83-236e3c187d51:c3080]
2019-07-09 04:31:31,849 INFO  client.GrpcClientProtocolClient (GrpcClientProtocolClient.java:onNext(255)) - client-859D8C9D7B89->65797d0d-2d4a-456d-9b24-1d63a5102722: receive RaftClientReply:client-859D8C9D7B89->65797d0d-2d4a-456d-9b24-1d63a5102722@group-BA7C392EEBCA, cid=2105, SUCCESS, logIndex=3084, commits[65797d0d-2d4a-456d-9b24-1d63a5102722:c3084, aca3f3a4-0773-4ff1-9bb5-1a871868fd09:c3080, abe1c95d-8ae2-42e9-9d83-236e3c187d51:c3080]
2019-07-09 04:31:31,860 INFO  client.GrpcClientProtocolClient (GrpcClientProtocolClient.java:onNext(255)) - client-859D8C9D7B89->65797d0d-2d4a-456d-9b24-1d63a5102722: receive RaftClientReply:client-859D8C9D7B89->65797d0d-2d4a-456d-9b24-1d63a5102722@group-BA7C392EEBCA, cid=2106, SUCCESS, logIndex=0, commits[65797d0d-2d4a-456d-9b24-1d63a5102722:c3085, aca3f3a4-0773-4ff1-9bb5-1a871868fd09:c3084, abe1c95d-8ae2-42e9-9d83-236e3c187d51:c3084]
2019-07-09 04:31:31,888 INFO  client.GrpcClientProtocolClient (GrpcClientProtocolClient.java:onNext(255)) - client-859D8C9D7B89->65797d0d-2d4a-456d-9b24-1d63a5102722: receive RaftClientReply:client-859D8C9D7B89->65797d0d-2d4a-456d-9b24-1d63a5102722@group-BA7C392EEBCA, cid=2107, SUCCESS, logIndex=3087, commits[65797d0d-2d4a-456d-9b24-1d63a5102722:c3088, aca3f3a4-0773-4ff1-9bb5-1a871868fd09:c3086, abe1c95d-8ae2-42e9-9d83-236e3c187d51:c3086]
2019-07-09 04:31:31,889 INFO  client.GrpcClientProtocolClient (GrpcClientProtocolClient.java:onNext(255)) - client-859D8C9D7B89->65797d0d-2d4a-456d-9b24-1d63a5102722: receive RaftClientReply:client-859D8C9D7B89->65797d0d-2d4a-456d-9b24-1d63a5102722@group-BA7C392EEBCA, cid=2108, SUCCESS, logIndex=3088, commits[65797d0d-2d4a-456d-9b24-1d63a5102722:c3089, aca3f3a4-0773-4ff1-9bb5-1a871868fd09:c3086, abe1c95d-8ae2-42e9-9d83-236e3c187d51:c3086]
2019-07-09 04:31:31,889 INFO  client.GrpcClientProtocolClient (GrpcClientProtocolClient.java:onNext(255)) - client-859D8C9D7B89->65797d0d-2d4a-456d-9b24-1d63a5102722: receive RaftClientReply:client-859D8C9D7B89->65797d0d-2d4a-456d-9b24-1d63a5102722@group-BA7C392EEBCA, cid=2109, SUCCESS, logIndex=3089, commits[65797d0d-2d4a-456d-9b24-1d63a5102722:c3090, aca3f3a4-0773-4ff1-9bb5-1a871868fd09:c3086, abe1c95d-8ae2-42e9-9d83-236e3c187d51:c3086]
2019-07-09 04:31:31,890 INFO  client.GrpcClientProtocolClient (GrpcClientProtocolClient.java:onNext(255)) - client-859D8C9D7B89->65797d0d-2d4a-456d-9b24-1d63a5102722: receive RaftClientReply:client-859D8C9D7B89->65797d0d-2d4a-456d-9b24-1d63a5102722@group-BA7C392EEBCA, cid=2110, SUCCESS, logIndex=3090, commits[65797d0d-2d4a-456d-9b24-1d63a5102722:c3090, aca3f3a4-0773-4ff1-9bb5-1a871868fd09:c3086, abe1c95d-8ae2-42e9-9d83-236e3c187d51:c3086]
2019-07-09 04:31:31,903 INFO  client.GrpcClientProtocolClient (GrpcClientProtocolClient.java:onNext(255)) - client-859D8C9D7B89->65797d0d-2d4a-456d-9b24-1d63a5102722: receive RaftClientReply:client-859D8C9D7B89->65797d0d-2d4a-456d-9b24-1d63a5102722@group-BA7C392EEBCA, cid=2111, SUCCESS, logIndex=0, commits[65797d0d-2d4a-456d-9b24-1d63a5102722:c3092, aca3f3a4-0773-4ff1-9bb5-1a871868fd09:c3088, abe1c95d-8ae2-42e9-9d83-236e3c187d51:c3088]
2019-07-09 04:31:31,924 INFO  client.GrpcClientProtocolClient (GrpcClientProtocolClient.java:onNext(255)) - client-859D8C9D7B89->65797d0d-2d4a-456d-9b24-1d63a5102722: receive RaftClientReply:client-859D8C9D7B89->65797d0d-2d4a-456d-9b24-1d63a5102722@group-BA7C392EEBCA, cid=2112, SUCCESS, logIndex=3095, commits[65797d0d-2d4a-456d-9b24-1d63a5102722:c3096, aca3f3a4-0773-4ff1-9bb5-1a871868fd09:c3094, abe1c95d-8ae2-42e9-9d83-236e3c187d51:c3094]
2019-07-09 04:31:31,925 INFO  client.GrpcClientProtocolClient (GrpcClientProtocolClient.java:onNext(255)) - client-859D8C9D7B89->65797d0d-2d4a-456d-9b24-1d63a5102722: receive RaftClientReply:client-859D8C9D7B89->65797d0d-2d4a-456d-9b24-1d63a5102722@group-BA7C392EEBCA, cid=2113, SUCCESS, logIndex=3096, commits[65797d0d-2d4a-456d-9b24-1d63a5102722:c3096, aca3f3a4-0773-4ff1-9bb5-1a871868fd09:c3094, abe1c95d-8ae2-42e9-9d83-236e3c187d51:c3094]
2019-07-09 04:31:31,940 INFO  client.GrpcClientProtocolClient (GrpcClientProtocolClient.java:onNext(255)) - client-859D8C9D7B89->65797d0d-2d4a-456d-9b24-1d63a5102722: receive RaftClientReply:client-859D8C9D7B89->65797d0d-2d4a-456d-9b24-1d63a5102722@group-BA7C392EEBCA, cid=2114, SUCCESS, logIndex=3099, commits[65797d0d-2d4a-456d-9b24-1d63a5102722:c3099, aca3f3a4-0773-4ff1-9bb5-1a871868fd09:c3096, abe1c95d-8ae2-42e9-9d83-236e3c187d51:c3096]
2019-07-09 04:31:31,940 INFO  client.GrpcClientProtocolClient (GrpcClientProtocolClient.java:onNext(255)) - client-859D8C9D7B89->65797d0d-2d4a-456d-9b24-1d63a5102722: receive RaftClientReply:client-859D8C9D7B89->65797d0d-2d4a-456d-9b24-1d63a5102722@group-BA7C392EEBCA, cid=2115, SUCCESS, logIndex=3100, commits[65797d0d-2d4a-456d-9b24-1d63a5102722:c3100, aca3f3a4-0773-4ff1-9bb5-1a871868fd09:c3096, abe1c95d-8ae2-42e9-9d83-236e3c187d51:c3096]
2019-07-09 04:31:31,956 INFO  client.GrpcClientProtocolClient (GrpcClientProtocolClient.java:onNext(255)) - client-859D8C9D7B89->65797d0d-2d4a-456d-9b24-1d63a5102722: receive RaftClientReply:client-859D8C9D7B89->65797d0d-2d4a-456d-9b24-1d63a5102722@group-BA7C392EEBCA, cid=2116, SUCCESS, logIndex=0, commits[65797d0d-2d4a-456d-9b24-1d63a5102722:c3102, aca3f3a4-0773-4ff1-9bb5-1a871868fd09:c3100, abe1c95d-8ae2-42e9-9d83-236e3c187d51:c3100]
2019-07-09 04:31:31,984 INFO  client.GrpcClientProtocolClient (GrpcClientProtocolClient.java:onNext(255)) - client-859D8C9D7B89->65797d0d-2d4a-456d-9b24-1d63a5102722: receive RaftClientReply:client-859D8C9D7B89->65797d0d-2d4a-456d-9b24-1d63a5102722@group-BA7C392EEBCA, cid=2117, SUCCESS, logIndex=3103, commits[65797d0d-2d4a-456d-9b24-1d63a5102722:c3104, aca3f3a4-0773-4ff1-9bb5-1a871868fd09:c3102, abe1c95d-8ae2-42e9-9d83-236e3c187d51:c3102]
2019-07-09 04:31:31,984 INFO  client.GrpcClientProtocolClient (GrpcClientProtocolClient.java:onNext(255)) - client-859D8C9D7B89->65797d0d-2d4a-456d-9b24-1d63a5102722: receive RaftClientReply:client-859D8C9D7B89->65797d0d-2d4a-456d-9b24-1d63a5102722@group-BA7C392EEBCA, cid=2118, SUCCESS, logIndex=3104, commits[65797d0d-2d4a-456d-9b24-1d63a5102722:c3104, aca3f3a4-0773-4ff1-9bb5-1a871868fd09:c3102, abe1c95d-8ae2-42e9-9d83-236e3c187d51:c3102]
2019-07-09 04:31:31,985 INFO  client.GrpcClientProtocolClient (GrpcClientProtocolClient.java:onNext(255)) - client-859D8C9D7B89->65797d0d-2d4a-456d-9b24-1d63a5102722: receive RaftClientReply:client-859D8C9D7B89->65797d0d-2d4a-456d-9b24-1d63a5102722@group-BA7C392EEBCA, cid=2119, SUCCESS, logIndex=3105, commits[65797d0d-2d4a-456d-9b24-1d63a5102722:c3106, aca3f3a4-0773-4ff1-9bb5-1a871868fd09:c3102, abe1c95d-8ae2-42e9-9d83-236e3c187d51:c3102]
2019-07-09 04:31:31,985 INFO  client.GrpcClientProtocolClient (GrpcClientProtocolClient.java:onNext(255)) - client-859D8C9D7B89->65797d0d-2d4a-456d-9b24-1d63a5102722: receive RaftClientReply:client-859D8C9D7B89->65797d0d-2d4a-456d-9b24-1d63a5102722@group-BA7C392EEBCA, cid=2120, SUCCESS, logIndex=3106, commits[65797d0d-2d4a-456d-9b24-1d63a5102722:c3106, aca3f3a4-0773-4ff1-9bb5-1a871868fd09:c3102, abe1c95d-8ae2-42e9-9d83-236e3c187d51:c3102]
2019-07-09 04:31:31,999 INFO  client.GrpcClientProtocolClient (GrpcClientProtocolClient.java:onNext(255)) - client-859D8C9D7B89->65797d0d-2d4a-456d-9b24-1d63a5102722: receive RaftClientReply:client-859D8C9D7B89->65797d0d-2d4a-456d-9b24-1d63a5102722@group-BA7C392EEBCA, cid=2121, SUCCESS, logIndex=0, commits[65797d0d-2d4a-456d-9b24-1d63a5102722:c3108, aca3f3a4-0773-4ff1-9bb5-1a871868fd09:c3104, abe1c95d-8ae2-42e9-9d83-236e3c187d51:c3104]
2019-07-09 04:31:32,011 INFO  client.GrpcClientProtocolClient (GrpcClientProtocolClient.java:onNext(255)) - client-859D8C9D7B89->65797d0d-2d4a-456d-9b24-1d63a5102722: receive RaftClientReply:client-859D8C9D7B89->65797d0d-2d4a-456d-9b24-1d63a5102722@group-BA7C392EEBCA, cid=2122, SUCCESS, logIndex=3110, commits[65797d0d-2d4a-456d-9b24-1d63a5102722:c3111, aca3f3a4-0773-4ff1-9bb5-1a871868fd09:c3109, abe1c95d-8ae2-42e9-9d83-236e3c187d51:c3106]
2019-07-09 04:31:32,011 INFO  client.GrpcClientProtocolClient (GrpcClientProtocolClient.java:onNext(255)) - client-859D8C9D7B89->65797d0d-2d4a-456d-9b24-1d63a5102722: receive RaftClientReply:client-859D8C9D7B89->65797d0d-2d4a-456d-9b24-1d63a5102722@group-BA7C392EEBCA, cid=2123, SUCCESS, logIndex=3111, commits[65797d0d-2d4a-456d-9b24-1d63a5102722:c3111, aca3f3a4-0773-4ff1-9bb5-1a871868fd09:c3109, abe1c95d-8ae2-42e9-9d83-236e3c187d51:c3109]
2019-07-09 04:31:32,027 INFO  client.GrpcClientProtocolClient (GrpcClientProtocolClient.java:onNext(255)) - client-859D8C9D7B89->65797d0d-2d4a-456d-9b24-1d63a5102722: receive RaftClientReply:client-859D8C9D7B89->65797d0d-2d4a-456d-9b24-1d63a5102722@group-BA7C392EEBCA, cid=2124, SUCCESS, logIndex=3114, commits[65797d0d-2d4a-456d-9b24-1d63a5102722:c3115, aca3f3a4-0773-4ff1-9bb5-1a871868fd09:c3112, abe1c95d-8ae2-42e9-9d83-236e3c187d51:c3111]
2019-07-09 04:31:32,028 INFO  client.GrpcClientProtocolClient (GrpcClientProtocolClient.java:onNext(255)) - client-859D8C9D7B89->65797d0d-2d4a-456d-9b24-1d63a5102722: receive RaftClientReply:client-859D8C9D7B89->65797d0d-2d4a-456d-9b24-1d63a5102722@group-BA7C392EEBCA, cid=2125, SUCCESS, logIndex=3115, commits[65797d0d-2d4a-456d-9b24-1d63a5102722:c3115, aca3f3a4-0773-4ff1-9bb5-1a871868fd09:c3112, abe1c95d-8ae2-42e9-9d83-236e3c187d51:c3112]
2019-07-09 04:31:32,029 INFO  client.GrpcClientProtocolClient (GrpcClientProtocolClient.java:onNext(255)) - client-859D8C9D7B89->65797d0d-2d4a-456d-9b24-1d63a5102722: receive RaftClientReply:client-859D8C9D7B89->65797d0d-2d4a-456d-9b24-1d63a5102722@group-BA7C392EEBCA, cid=2126, SUCCESS, logIndex=0, commits[65797d0d-2d4a-456d-9b24-1d63a5102722:c3116, aca3f3a4-0773-4ff1-9bb5-1a871868fd09:c3115, abe1c95d-8ae2-42e9-9d83-236e3c187d51:c3115]
2019-07-09 04:31:32,056 INFO  client.GrpcClientProtocolClient (GrpcClientProtocolClient.java:onNext(255)) - client-859D8C9D7B89->65797d0d-2d4a-456d-9b24-1d63a5102722: receive RaftClientReply:client-859D8C9D7B89->65797d0d-2d4a-456d-9b24-1d63a5102722@group-BA7C392EEBCA, cid=2127, SUCCESS, logIndex=3118, commits[65797d0d-2d4a-456d-9b24-1d63a5102722:c3119, aca3f3a4-0773-4ff1-9bb5-1a871868fd09:c3115, abe1c95d-8ae2-42e9-9d83-236e3c187d51:c3117]
2019-07-09 04:31:32,057 INFO  client.GrpcClientProtocolClient (GrpcClientProtocolClient.java:onNext(255)) - client-859D8C9D7B89->65797d0d-2d4a-456d-9b24-1d63a5102722: receive RaftClientReply:client-859D8C9D7B89->65797d0d-2d4a-456d-9b24-1d63a5102722@group-BA7C392EEBCA, cid=2128, SUCCESS, logIndex=3119, commits[65797d0d-2d4a-456d-9b24-1d63a5102722:c3119, aca3f3a4-0773-4ff1-9bb5-1a871868fd09:c3115, abe1c95d-8ae2-42e9-9d83-236e3c187d51:c3117]
2019-07-09 04:31:32,059 INFO  client.GrpcClientProtocolClient (GrpcClientProtocolClient.java:onNext(255)) - client-859D8C9D7B89->65797d0d-2d4a-456d-9b24-1d63a5102722: receive RaftClientReply:client-859D8C9D7B89->65797d0d-2d4a-456d-9b24-1d63a5102722@group-BA7C392EEBCA, cid=2129, SUCCESS, logIndex=3120, commits[65797d0d-2d4a-456d-9b24-1d63a5102722:c3123, aca3f3a4-0773-4ff1-9bb5-1a871868fd09:c3119, abe1c95d-8ae2-42e9-9d83-236e3c187d51:c3117]
2019-07-09 04:31:32,059 INFO  client.GrpcClientProtocolClient (GrpcClientProtocolClient.java:onNext(255)) - client-859D8C9D7B89->65797d0d-2d4a-456d-9b24-1d63a5102722: receive RaftClientReply:client-859D8C9D7B89->65797d0d-2d4a-456d-9b24-1d63a5102722@group-BA7C392EEBCA, cid=2130, SUCCESS, logIndex=3121, commits[65797d0d-2d4a-456d-9b24-1d63a5102722:c3123, aca3f3a4-0773-4ff1-9bb5-1a871868fd09:c3119, abe1c95d-8ae2-42e9-9d83-236e3c187d51:c3117]
2019-07-09 04:31:32,061 INFO  client.GrpcClientProtocolClient (GrpcClientProtocolClient.java:onNext(255)) - client-859D8C9D7B89->65797d0d-2d4a-456d-9b24-1d63a5102722: receive RaftClientReply:client-859D8C9D7B89->65797d0d-2d4a-456d-9b24-1d63a5102722@group-BA7C392EEBCA, cid=2131, SUCCESS, logIndex=0, commits[65797d0d-2d4a-456d-9b24-1d63a5102722:c3124, aca3f3a4-0773-4ff1-9bb5-1a871868fd09:c3121, abe1c95d-8ae2-42e9-9d83-236e3c187d51:c3119]
2019-07-09 04:31:32,073 INFO  client.GrpcClientProtocolClient (GrpcClientProtocolClient.java:onNext(255)) - client-859D8C9D7B89->65797d0d-2d4a-456d-9b24-1d63a5102722: receive RaftClientReply:client-859D8C9D7B89->65797d0d-2d4a-456d-9b24-1d63a5102722@group-BA7C392EEBCA, cid=2132, SUCCESS, logIndex=3126, commits[65797d0d-2d4a-456d-9b24-1d63a5102722:c3127, aca3f3a4-0773-4ff1-9bb5-1a871868fd09:c3125, abe1c95d-8ae2-42e9-9d83-236e3c187d51:c3121]
2019-07-09 04:31:32,073 INFO  client.GrpcClientProtocolClient (GrpcClientProtocolClient.java:onNext(255)) - client-859D8C9D7B89->65797d0d-2d4a-456d-9b24-1d63a5102722: receive RaftClientReply:client-859D8C9D7B89->65797d0d-2d4a-456d-9b24-1d63a5102722@group-BA7C392EEBCA, cid=2133, SUCCESS, logIndex=3127, commits[65797d0d-2d4a-456d-9b24-1d63a5102722:c3127, aca3f3a4-0773-4ff1-9bb5-1a871868fd09:c3125, abe1c95d-8ae2-42e9-9d83-236e3c187d51:c3121]
2019-07-09 04:31:32,088 INFO  client.GrpcClientProtocolClient (GrpcClientProtocolClient.java:onNext(255)) - client-859D8C9D7B89->65797d0d-2d4a-456d-9b24-1d63a5102722: receive RaftClientReply:client-859D8C9D7B89->65797d0d-2d4a-456d-9b24-1d63a5102722@group-BA7C392EEBCA, cid=2134, SUCCESS, logIndex=3130, commits[65797d0d-2d4a-456d-9b24-1d63a5102722:c3131, aca3f3a4-0773-4ff1-9bb5-1a871868fd09:c3127, abe1c95d-8ae2-42e9-9d83-236e3c187d51:c3128]
2019-07-09 04:31:32,089 INFO  client.GrpcClientProtocolClient (GrpcClientProtocolClient.java:onNext(255)) - client-859D8C9D7B89->65797d0d-2d4a-456d-9b24-1d63a5102722: receive RaftClientReply:client-859D8C9D7B89->65797d0d-2d4a-456d-9b24-1d63a5102722@group-BA7C392EEBCA, cid=2135, SUCCESS, logIndex=3131, commits[65797d0d-2d4a-456d-9b24-1d63a5102722:c3131, aca3f3a4-0773-4ff1-9bb5-1a871868fd09:c3127, abe1c95d-8ae2-42e9-9d83-236e3c187d51:c3128]
2019-07-09 04:31:32,090 INFO  client.GrpcClientProtocolClient (GrpcClientProtocolClient.java:onNext(255)) - client-859D8C9D7B89->65797d0d-2d4a-456d-9b24-1d63a5102722: receive RaftClientReply:client-859D8C9D7B89->65797d0d-2d4a-456d-9b24-1d63a5102722@group-BA7C392EEBCA, cid=2136, SUCCESS, logIndex=0, commits[65797d0d-2d4a-456d-9b24-1d63a5102722:c3132, aca3f3a4-0773-4ff1-9bb5-1a871868fd09:c3131, abe1c95d-8ae2-42e9-9d83-236e3c187d51:c3131]
2019-07-09 04:31:32,114 INFO  client.GrpcClientProtocolClient (GrpcClientProtocolClient.java:onNext(255)) - client-859D8C9D7B89->65797d0d-2d4a-456d-9b24-1d63a5102722: receive RaftClientReply:client-859D8C9D7B89->65797d0d-2d4a-456d-9b24-1d63a5102722@group-BA7C392EEBCA, cid=2137, SUCCESS, logIndex=3134, commits[65797d0d-2d4a-456d-9b24-1d63a5102722:c3136, aca3f3a4-0773-4ff1-9bb5-1a871868fd09:c3133, abe1c95d-8ae2-42e9-9d83-236e3c187d51:c3133]
2019-07-09 04:31:32,114 INFO  client.GrpcClientProtocolClient (GrpcClientProtocolClient.java:onNext(255)) - client-859D8C9D7B89->65797d0d-2d4a-456d-9b24-1d63a5102722: receive RaftClientReply:client-859D8C9D7B89->65797d0d-2d4a-456d-9b24-1d63a5102722@group-BA7C392EEBCA, cid=2138, SUCCESS, logIndex=3135, commits[65797d0d-2d4a-456d-9b24-1d63a5102722:c3137, aca3f3a4-0773-4ff1-9bb5-1a871868fd09:c3133, abe1c95d-8ae2-42e9-9d83-236e3c187d51:c3133]
2019-07-09 04:31:32,115 INFO  client.GrpcClientProtocolClient (GrpcClientProtocolClient.java:onNext(255)) - client-859D8C9D7B89->65797d0d-2d4a-456d-9b24-1d63a5102722: receive RaftClientReply:client-859D8C9D7B89->65797d0d-2d4a-456d-9b24-1d63a5102722@group-BA7C392EEBCA, cid=2139, SUCCESS, logIndex=3136, commits[65797d0d-2d4a-456d-9b24-1d63a5102722:c3137, aca3f3a4-0773-4ff1-9bb5-1a871868fd09:c3133, abe1c95d-8ae2-42e9-9d83-236e3c187d51:c3133]
2019-07-09 04:31:32,115 INFO  client.GrpcClientProtocolClient (GrpcClientProtocolClient.java:onNext(255)) - client-859D8C9D7B89->65797d0d-2d4a-456d-9b24-1d63a5102722: receive RaftClientReply:client-859D8C9D7B89->65797d0d-2d4a-456d-9b24-1d63a5102722@group-BA7C392EEBCA, cid=2140, SUCCESS, logIndex=3137, commits[65797d0d-2d4a-456d-9b24-1d63a5102722:c3137, aca3f3a4-0773-4ff1-9bb5-1a871868fd09:c3133, abe1c95d-8ae2-42e9-9d83-236e3c187d51:c3133]
2019-07-09 04:31:32,129 INFO  client.GrpcClientProtocolClient (GrpcClientProtocolClient.java:onNext(255)) - client-859D8C9D7B89->65797d0d-2d4a-456d-9b24-1d63a5102722: receive RaftClientReply:client-859D8C9D7B89->65797d0d-2d4a-456d-9b24-1d63a5102722@group-BA7C392EEBCA, cid=2141, SUCCESS, logIndex=0, commits[65797d0d-2d4a-456d-9b24-1d63a5102722:c3141, aca3f3a4-0773-4ff1-9bb5-1a871868fd09:c3135, abe1c95d-8ae2-42e9-9d83-236e3c187d51:c3137]
2019-07-09 04:31:32,149 INFO  client.GrpcClientProtocolClient (GrpcClientProtocolClient.java:onNext(255)) - client-859D8C9D7B89->65797d0d-2d4a-456d-9b24-1d63a5102722: receive RaftClientReply:client-859D8C9D7B89->65797d0d-2d4a-456d-9b24-1d63a5102722@group-BA7C392EEBCA, cid=2142, SUCCESS, logIndex=3142, commits[65797d0d-2d4a-456d-9b24-1d63a5102722:c3143, aca3f3a4-0773-4ff1-9bb5-1a871868fd09:c3141, abe1c95d-8ae2-42e9-9d83-236e3c187d51:c3141]
2019-07-09 04:31:32,149 INFO  client.GrpcClientProtocolClient (GrpcClientProtocolClient.java:onNext(255)) - client-859D8C9D7B89->65797d0d-2d4a-456d-9b24-1d63a5102722: receive RaftClientReply:client-859D8C9D7B89->65797d0d-2d4a-456d-9b24-1d63a5102722@group-BA7C392EEBCA, cid=2143, SUCCESS, logIndex=3143, commits[65797d0d-2d4a-456d-9b24-1d63a5102722:c3143, aca3f3a4-0773-4ff1-9bb5-1a871868fd09:c3141, abe1c95d-8ae2-42e9-9d83-236e3c187d51:c3141]
2019-07-09 04:31:32,178 INFO  client.GrpcClientProtocolClient (GrpcClientProtocolClient.java:onNext(255)) - client-859D8C9D7B89->65797d0d-2d4a-456d-9b24-1d63a5102722: receive RaftClientReply:client-859D8C9D7B89->65797d0d-2d4a-456d-9b24-1d63a5102722@group-BA7C392EEBCA, cid=2144, SUCCESS, logIndex=3146, commits[65797d0d-2d4a-456d-9b24-1d63a5102722:c3147, aca3f3a4-0773-4ff1-9bb5-1a871868fd09:c3143, abe1c95d-8ae2-42e9-9d83-236e3c187d51:c3143]
2019-07-09 04:31:32,178 INFO  client.GrpcClientProtocolClient (GrpcClientProtocolClient.java:onNext(255)) - client-859D8C9D7B89->65797d0d-2d4a-456d-9b24-1d63a5102722: receive RaftClientReply:client-859D8C9D7B89->65797d0d-2d4a-456d-9b24-1d63a5102722@group-BA7C392EEBCA, cid=2145, SUCCESS, logIndex=3147, commits[65797d0d-2d4a-456d-9b24-1d63a5102722:c3147, aca3f3a4-0773-4ff1-9bb5-1a871868fd09:c3143, abe1c95d-8ae2-42e9-9d83-236e3c187d51:c3143]
2019-07-09 04:31:32,192 INFO  client.GrpcClientProtocolClient (GrpcClientProtocolClient.java:onNext(255)) - client-859D8C9D7B89->65797d0d-2d4a-456d-9b24-1d63a5102722: receive RaftClientReply:client-859D8C9D7B89->65797d0d-2d4a-456d-9b24-1d63a5102722@group-BA7C392EEBCA, cid=2146, SUCCESS, logIndex=0, commits[65797d0d-2d4a-456d-9b24-1d63a5102722:c3149, aca3f3a4-0773-4ff1-9bb5-1a871868fd09:c3147, abe1c95d-8ae2-42e9-9d83-236e3c187d51:c3147]
2019-07-09 04:31:32,219 INFO  client.GrpcClientProtocolClient (GrpcClientProtocolClient.java:onNext(255)) - client-859D8C9D7B89->65797d0d-2d4a-456d-9b24-1d63a5102722: receive RaftClientReply:client-859D8C9D7B89->65797d0d-2d4a-456d-9b24-1d63a5102722@group-BA7C392EEBCA, cid=2147, SUCCESS, logIndex=3150, commits[65797d0d-2d4a-456d-9b24-1d63a5102722:c3152, aca3f3a4-0773-4ff1-9bb5-1a871868fd09:c3149, abe1c95d-8ae2-42e9-9d83-236e3c187d51:c3149]
2019-07-09 04:31:32,220 INFO  client.GrpcClientProtocolClient (GrpcClientProtocolClient.java:onNext(255)) - client-859D8C9D7B89->65797d0d-2d4a-456d-9b24-1d63a5102722: receive RaftClientReply:client-859D8C9D7B89->65797d0d-2d4a-456d-9b24-1d63a5102722@group-BA7C392EEBCA, cid=2148, SUCCESS, logIndex=3151, commits[65797d0d-2d4a-456d-9b24-1d63a5102722:c3153, aca3f3a4-0773-4ff1-9bb5-1a871868fd09:c3149, abe1c95d-8ae2-42e9-9d83-236e3c187d51:c3149]
2019-07-09 04:31:32,220 INFO  client.GrpcClientProtocolClient (GrpcClientProtocolClient.java:onNext(255)) - client-859D8C9D7B89->65797d0d-2d4a-456d-9b24-1d63a5102722: receive RaftClientReply:client-859D8C9D7B89->65797d0d-2d4a-456d-9b24-1d63a5102722@group-BA7C392EEBCA, cid=2149, SUCCESS, logIndex=3152, commits[65797d0d-2d4a-456d-9b24-1d63a5102722:c3153, aca3f3a4-0773-4ff1-9bb5-1a871868fd09:c3149, abe1c95d-8ae2-42e9-9d83-236e3c187d51:c3149]
2019-07-09 04:31:32,220 INFO  client.GrpcClientProtocolClient (GrpcClientProtocolClient.java:onNext(255)) - client-859D8C9D7B89->65797d0d-2d4a-456d-9b24-1d63a5102722: receive RaftClientReply:client-859D8C9D7B89->65797d0d-2d4a-456d-9b24-1d63a5102722@group-BA7C392EEBCA, cid=2150, SUCCESS, logIndex=3153, commits[65797d0d-2d4a-456d-9b24-1d63a5102722:c3153, aca3f3a4-0773-4ff1-9bb5-1a871868fd09:c3149, abe1c95d-8ae2-42e9-9d83-236e3c187d51:c3149]
2019-07-09 04:31:32,233 INFO  client.GrpcClientProtocolClient (GrpcClientProtocolClient.java:onNext(255)) - client-859D8C9D7B89->65797d0d-2d4a-456d-9b24-1d63a5102722: receive RaftClientReply:client-859D8C9D7B89->65797d0d-2d4a-456d-9b24-1d63a5102722@group-BA7C392EEBCA, cid=2151, SUCCESS, logIndex=0, commits[65797d0d-2d4a-456d-9b24-1d63a5102722:c3156, aca3f3a4-0773-4ff1-9bb5-1a871868fd09:c3151, abe1c95d-8ae2-42e9-9d83-236e3c187d51:c3152]
2019-07-09 04:31:32,255 INFO  client.GrpcClientProtocolClient (GrpcClientProtocolClient.java:onNext(255)) - client-859D8C9D7B89->65797d0d-2d4a-456d-9b24-1d63a5102722: receive RaftClientReply:client-859D8C9D7B89->65797d0d-2d4a-456d-9b24-1d63a5102722@group-BA7C392EEBCA, cid=2152, SUCCESS, logIndex=3158, commits[65797d0d-2d4a-456d-9b24-1d63a5102722:c3159, aca3f3a4-0773-4ff1-9bb5-1a871868fd09:c3157, abe1c95d-8ae2-42e9-9d83-236e3c187d51:c3157]
2019-07-09 04:31:32,256 INFO  client.GrpcClientProtocolClient (GrpcClientProtocolClient.java:onNext(255)) - client-859D8C9D7B89->65797d0d-2d4a-456d-9b24-1d63a5102722: receive RaftClientReply:client-859D8C9D7B89->65797d0d-2d4a-456d-9b24-1d63a5102722@group-BA7C392EEBCA, cid=2153, SUCCESS, logIndex=3159, commits[65797d0d-2d4a-456d-9b24-1d63a5102722:c3159, aca3f3a4-0773-4ff1-9bb5-1a871868fd09:c3157, abe1c95d-8ae2-42e9-9d83-236e3c187d51:c3157]
 0.00% |█                                                                                                    |  0/1 Time: 0:00:172019-07-09 04:31:32,375 INFO  client.GrpcClientProtocolClient (GrpcClientProtocolClient.java:onNext(255)) - client-859D8C9D7B89->65797d0d-2d4a-456d-9b24-1d63a5102722: receive RaftClientReply:client-859D8C9D7B89->65797d0d-2d4a-456d-9b24-1d63a5102722@group-BA7C392EEBCA, cid=2154, SUCCESS, logIndex=3162, commits[65797d0d-2d4a-456d-9b24-1d63a5102722:c3163, aca3f3a4-0773-4ff1-9bb5-1a871868fd09:c3159, abe1c95d-8ae2-42e9-9d83-236e3c187d51:c3159]
2019-07-09 04:31:32,376 INFO  client.GrpcClientProtocolClient (GrpcClientProtocolClient.java:onNext(255)) - client-859D8C9D7B89->65797d0d-2d4a-456d-9b24-1d63a5102722: receive RaftClientReply:client-859D8C9D7B89->65797d0d-2d4a-456d-9b24-1d63a5102722@group-BA7C392EEBCA, cid=2155, SUCCESS, logIndex=3163, commits[65797d0d-2d4a-456d-9b24-1d63a5102722:c3163, aca3f3a4-0773-4ff1-9bb5-1a871868fd09:c3159, abe1c95d-8ae2-42e9-9d83-236e3c187d51:c3159]
2019-07-09 04:31:32,388 INFO  client.GrpcClientProtocolClient (GrpcClientProtocolClient.java:onNext(255)) - client-859D8C9D7B89->65797d0d-2d4a-456d-9b24-1d63a5102722: receive RaftClientReply:client-859D8C9D7B89->65797d0d-2d4a-456d-9b24-1d63a5102722@group-BA7C392EEBCA, cid=2156, SUCCESS, logIndex=0, commits[65797d0d-2d4a-456d-9b24-1d63a5102722:c3165, aca3f3a4-0773-4ff1-9bb5-1a871868fd09:c3163, abe1c95d-8ae2-42e9-9d83-236e3c187d51:c3163]
2019-07-09 04:31:32,418 INFO  client.GrpcClientProtocolClient (GrpcClientProtocolClient.java:onNext(255)) - client-859D8C9D7B89->65797d0d-2d4a-456d-9b24-1d63a5102722: receive RaftClientReply:client-859D8C9D7B89->65797d0d-2d4a-456d-9b24-1d63a5102722@group-BA7C392EEBCA, cid=2157, SUCCESS, logIndex=3166, commits[65797d0d-2d4a-456d-9b24-1d63a5102722:c3166, aca3f3a4-0773-4ff1-9bb5-1a871868fd09:c3165, abe1c95d-8ae2-42e9-9d83-236e3c187d51:c3165]
2019-07-09 04:31:32,422 INFO  client.GrpcClientProtocolClient (GrpcClientProtocolClient.java:onNext(255)) - client-859D8C9D7B89->65797d0d-2d4a-456d-9b24-1d63a5102722: receive RaftClientReply:client-859D8C9D7B89->65797d0d-2d4a-456d-9b24-1d63a5102722@group-BA7C392EEBCA, cid=2158, SUCCESS, logIndex=3167, commits[65797d0d-2d4a-456d-9b24-1d63a5102722:c3169, aca3f3a4-0773-4ff1-9bb5-1a871868fd09:c3165, abe1c95d-8ae2-42e9-9d83-236e3c187d51:c3165]
2019-07-09 04:31:32,423 INFO  client.GrpcClientProtocolClient (GrpcClientProtocolClient.java:onNext(255)) - client-859D8C9D7B89->65797d0d-2d4a-456d-9b24-1d63a5102722: receive RaftClientReply:client-859D8C9D7B89->65797d0d-2d4a-456d-9b24-1d63a5102722@group-BA7C392EEBCA, cid=2159, SUCCESS, logIndex=3168, commits[65797d0d-2d4a-456d-9b24-1d63a5102722:c3169, aca3f3a4-0773-4ff1-9bb5-1a871868fd09:c3165, abe1c95d-8ae2-42e9-9d83-236e3c187d51:c3165]
2019-07-09 04:31:32,423 INFO  client.GrpcClientProtocolClient (GrpcClientProtocolClient.java:onNext(255)) - client-859D8C9D7B89->65797d0d-2d4a-456d-9b24-1d63a5102722: receive RaftClientReply:client-859D8C9D7B89->65797d0d-2d4a-456d-9b24-1d63a5102722@group-BA7C392EEBCA, cid=2160, SUCCESS, logIndex=3169, commits[65797d0d-2d4a-456d-9b24-1d63a5102722:c3170, aca3f3a4-0773-4ff1-9bb5-1a871868fd09:c3166, abe1c95d-8ae2-42e9-9d83-236e3c187d51:c3165]
2019-07-09 04:31:32,433 INFO  client.GrpcClientProtocolClient (GrpcClientProtocolClient.java:onNext(255)) - client-859D8C9D7B89->65797d0d-2d4a-456d-9b24-1d63a5102722: receive RaftClientReply:client-859D8C9D7B89->65797d0d-2d4a-456d-9b24-1d63a5102722@group-BA7C392EEBCA, cid=2161, SUCCESS, logIndex=0, commits[65797d0d-2d4a-456d-9b24-1d63a5102722:c3172, aca3f3a4-0773-4ff1-9bb5-1a871868fd09:c3169, abe1c95d-8ae2-42e9-9d83-236e3c187d51:c3169]
2019-07-09 04:31:32,450 INFO  client.GrpcClientProtocolClient (GrpcClientProtocolClient.java:onNext(255)) - client-859D8C9D7B89->65797d0d-2d4a-456d-9b24-1d63a5102722: receive RaftClientReply:client-859D8C9D7B89->65797d0d-2d4a-456d-9b24-1d63a5102722@group-BA7C392EEBCA, cid=2162, SUCCESS, logIndex=3173, commits[65797d0d-2d4a-456d-9b24-1d63a5102722:c3174, aca3f3a4-0773-4ff1-9bb5-1a871868fd09:c3172, abe1c95d-8ae2-42e9-9d83-236e3c187d51:c3172]
2019-07-09 04:31:32,451 INFO  client.GrpcClientProtocolClient (GrpcClientProtocolClient.java:onNext(255)) - client-859D8C9D7B89->65797d0d-2d4a-456d-9b24-1d63a5102722: receive RaftClientReply:client-859D8C9D7B89->65797d0d-2d4a-456d-9b24-1d63a5102722@group-BA7C392EEBCA, cid=2163, SUCCESS, logIndex=3174, commits[65797d0d-2d4a-456d-9b24-1d63a5102722:c3174, aca3f3a4-0773-4ff1-9bb5-1a871868fd09:c3172, abe1c95d-8ae2-42e9-9d83-236e3c187d51:c3172]
2019-07-09 04:31:32,476 INFO  client.GrpcClientProtocolClient (GrpcClientProtocolClient.java:onNext(255)) - client-859D8C9D7B89->65797d0d-2d4a-456d-9b24-1d63a5102722: receive RaftClientReply:client-859D8C9D7B89->65797d0d-2d4a-456d-9b24-1d63a5102722@group-BA7C392EEBCA, cid=2164, SUCCESS, logIndex=3177, commits[65797d0d-2d4a-456d-9b24-1d63a5102722:c3178, aca3f3a4-0773-4ff1-9bb5-1a871868fd09:c3174, abe1c95d-8ae2-42e9-9d83-236e3c187d51:c3174]
2019-07-09 04:31:32,476 INFO  client.GrpcClientProtocolClient (GrpcClientProtocolClient.java:onNext(255)) - client-859D8C9D7B89->65797d0d-2d4a-456d-9b24-1d63a5102722: receive RaftClientReply:client-859D8C9D7B89->65797d0d-2d4a-456d-9b24-1d63a5102722@group-BA7C392EEBCA, cid=2165, SUCCESS, logIndex=3178, commits[65797d0d-2d4a-456d-9b24-1d63a5102722:c3178, aca3f3a4-0773-4ff1-9bb5-1a871868fd09:c3174, abe1c95d-8ae2-42e9-9d83-236e3c187d51:c3174]
2019-07-09 04:31:32,489 INFO  client.GrpcClientProtocolClient (GrpcClientProtocolClient.java:onNext(255)) - client-859D8C9D7B89->65797d0d-2d4a-456d-9b24-1d63a5102722: receive RaftClientReply:client-859D8C9D7B89->65797d0d-2d4a-456d-9b24-1d63a5102722@group-BA7C392EEBCA, cid=2166, SUCCESS, logIndex=0, commits[65797d0d-2d4a-456d-9b24-1d63a5102722:c3180, aca3f3a4-0773-4ff1-9bb5-1a871868fd09:c3178, abe1c95d-8ae2-42e9-9d83-236e3c187d51:c3178]
2019-07-09 04:31:32,519 INFO  client.GrpcClientProtocolClient (GrpcClientProtocolClient.java:onNext(255)) - client-859D8C9D7B89->65797d0d-2d4a-456d-9b24-1d63a5102722: receive RaftClientReply:client-859D8C9D7B89->65797d0d-2d4a-456d-9b24-1d63a5102722@group-BA7C392EEBCA, cid=2167, SUCCESS, logIndex=3181, commits[65797d0d-2d4a-456d-9b24-1d63a5102722:c3183, aca3f3a4-0773-4ff1-9bb5-1a871868fd09:c3180, abe1c95d-8ae2-42e9-9d83-236e3c187d51:c3180]
2019-07-09 04:31:32,520 INFO  client.GrpcClientProtocolClient (GrpcClientProtocolClient.java:onNext(255)) - client-859D8C9D7B89->65797d0d-2d4a-456d-9b24-1d63a5102722: receive RaftClientReply:client-859D8C9D7B89->65797d0d-2d4a-456d-9b24-1d63a5102722@group-BA7C392EEBCA, cid=2168, SUCCESS, logIndex=3182, commits[65797d0d-2d4a-456d-9b24-1d63a5102722:c3184, aca3f3a4-0773-4ff1-9bb5-1a871868fd09:c3180, abe1c95d-8ae2-42e9-9d83-236e3c187d51:c3180]
2019-07-09 04:31:32,520 INFO  client.GrpcClientProtocolClient (GrpcClientProtocolClient.java:onNext(255)) - client-859D8C9D7B89->65797d0d-2d4a-456d-9b24-1d63a5102722: receive RaftClientReply:client-859D8C9D7B89->65797d0d-2d4a-456d-9b24-1d63a5102722@group-BA7C392EEBCA, cid=2169, SUCCESS, logIndex=3183, commits[65797d0d-2d4a-456d-9b24-1d63a5102722:c3184, aca3f3a4-0773-4ff1-9bb5-1a871868fd09:c3180, abe1c95d-8ae2-42e9-9d83-236e3c187d51:c3180]
2019-07-09 04:31:32,520 INFO  client.GrpcClientProtocolClient (GrpcClientProtocolClient.java:onNext(255)) - client-859D8C9D7B89->65797d0d-2d4a-456d-9b24-1d63a5102722: receive RaftClientReply:client-859D8C9D7B89->65797d0d-2d4a-456d-9b24-1d63a5102722@group-BA7C392EEBCA, cid=2170, SUCCESS, logIndex=3184, commits[65797d0d-2d4a-456d-9b24-1d63a5102722:c3185, aca3f3a4-0773-4ff1-9bb5-1a871868fd09:c3181, abe1c95d-8ae2-42e9-9d83-236e3c187d51:c3181]
2019-07-09 04:31:32,522 INFO  client.GrpcClientProtocolClient (GrpcClientProtocolClient.java:onNext(255)) - client-859D8C9D7B89->65797d0d-2d4a-456d-9b24-1d63a5102722: receive RaftClientReply:client-859D8C9D7B89->65797d0d-2d4a-456d-9b24-1d63a5102722@group-BA7C392EEBCA, cid=2171, SUCCESS, logIndex=0, commits[65797d0d-2d4a-456d-9b24-1d63a5102722:c3186, aca3f3a4-0773-4ff1-9bb5-1a871868fd09:c3182, abe1c95d-8ae2-42e9-9d83-236e3c187d51:c3182]
2019-07-09 04:31:32,536 INFO  client.GrpcClientProtocolClient (GrpcClientProtocolClient.java:onNext(255)) - client-859D8C9D7B89->65797d0d-2d4a-456d-9b24-1d63a5102722: receive RaftClientReply:client-859D8C9D7B89->65797d0d-2d4a-456d-9b24-1d63a5102722@group-BA7C392EEBCA, cid=2172, SUCCESS, logIndex=3189, commits[65797d0d-2d4a-456d-9b24-1d63a5102722:c3190, aca3f3a4-0773-4ff1-9bb5-1a871868fd09:c3184, abe1c95d-8ae2-42e9-9d83-236e3c187d51:c3187]
2019-07-09 04:31:32,536 INFO  client.GrpcClientProtocolClient (GrpcClientProtocolClient.java:onNext(255)) - client-859D8C9D7B89->65797d0d-2d4a-456d-9b24-1d63a5102722: receive RaftClientReply:client-859D8C9D7B89->65797d0d-2d4a-456d-9b24-1d63a5102722@group-BA7C392EEBCA, cid=2173, SUCCESS, logIndex=3190, commits[65797d0d-2d4a-456d-9b24-1d63a5102722:c3190, aca3f3a4-0773-4ff1-9bb5-1a871868fd09:c3187, abe1c95d-8ae2-42e9-9d83-236e3c187d51:c3187]
2019-07-09 04:31:32,551 INFO  client.GrpcClientProtocolClient (GrpcClientProtocolClient.java:onNext(255)) - client-859D8C9D7B89->65797d0d-2d4a-456d-9b24-1d63a5102722: receive RaftClientReply:client-859D8C9D7B89->65797d0d-2d4a-456d-9b24-1d63a5102722@group-BA7C392EEBCA, cid=2174, SUCCESS, logIndex=3192, commits[65797d0d-2d4a-456d-9b24-1d63a5102722:c3193, aca3f3a4-0773-4ff1-9bb5-1a871868fd09:c3190, abe1c95d-8ae2-42e9-9d83-236e3c187d51:c3190]
2019-07-09 04:31:32,551 INFO  client.GrpcClientProtocolClient (GrpcClientProtocolClient.java:onNext(255)) - client-859D8C9D7B89->65797d0d-2d4a-456d-9b24-1d63a5102722: receive RaftClientReply:client-859D8C9D7B89->65797d0d-2d4a-456d-9b24-1d63a5102722@group-BA7C392EEBCA, cid=2175, SUCCESS, logIndex=3193, commits[65797d0d-2d4a-456d-9b24-1d63a5102722:c3193, aca3f3a4-0773-4ff1-9bb5-1a871868fd09:c3190, abe1c95d-8ae2-42e9-9d83-236e3c187d51:c3190]
2019-07-09 04:31:32,564 INFO  client.GrpcClientProtocolClient (GrpcClientProtocolClient.java:onNext(255)) - client-859D8C9D7B89->65797d0d-2d4a-456d-9b24-1d63a5102722: receive RaftClientReply:client-859D8C9D7B89->65797d0d-2d4a-456d-9b24-1d63a5102722@group-BA7C392EEBCA, cid=2176, SUCCESS, logIndex=0, commits[65797d0d-2d4a-456d-9b24-1d63a5102722:c3194, aca3f3a4-0773-4ff1-9bb5-1a871868fd09:c3193, abe1c95d-8ae2-42e9-9d83-236e3c187d51:c3193]
2019-07-09 04:31:32,593 INFO  client.GrpcClientProtocolClient (GrpcClientProtocolClient.java:onNext(255)) - client-859D8C9D7B89->65797d0d-2d4a-456d-9b24-1d63a5102722: receive RaftClientReply:client-859D8C9D7B89->65797d0d-2d4a-456d-9b24-1d63a5102722@group-BA7C392EEBCA, cid=2177, SUCCESS, logIndex=3196, commits[65797d0d-2d4a-456d-9b24-1d63a5102722:c3198, aca3f3a4-0773-4ff1-9bb5-1a871868fd09:c3195, abe1c95d-8ae2-42e9-9d83-236e3c187d51:c3195]
2019-07-09 04:31:32,595 INFO  client.GrpcClientProtocolClient (GrpcClientProtocolClient.java:onNext(255)) - client-859D8C9D7B89->65797d0d-2d4a-456d-9b24-1d63a5102722: receive RaftClientReply:client-859D8C9D7B89->65797d0d-2d4a-456d-9b24-1d63a5102722@group-BA7C392EEBCA, cid=2178, SUCCESS, logIndex=3197, commits[65797d0d-2d4a-456d-9b24-1d63a5102722:c3199, aca3f3a4-0773-4ff1-9bb5-1a871868fd09:c3195, abe1c95d-8ae2-42e9-9d83-236e3c187d51:c3195]
2019-07-09 04:31:32,595 INFO  client.GrpcClientProtocolClient (GrpcClientProtocolClient.java:onNext(255)) - client-859D8C9D7B89->65797d0d-2d4a-456d-9b24-1d63a5102722: receive RaftClientReply:client-859D8C9D7B89->65797d0d-2d4a-456d-9b24-1d63a5102722@group-BA7C392EEBCA, cid=2179, SUCCESS, logIndex=3198, commits[65797d0d-2d4a-456d-9b24-1d63a5102722:c3200, aca3f3a4-0773-4ff1-9bb5-1a871868fd09:c3196, abe1c95d-8ae2-42e9-9d83-236e3c187d51:c3195]
2019-07-09 04:31:32,596 INFO  client.GrpcClientProtocolClient (GrpcClientProtocolClient.java:onNext(255)) - client-859D8C9D7B89->65797d0d-2d4a-456d-9b24-1d63a5102722: receive RaftClientReply:client-859D8C9D7B89->65797d0d-2d4a-456d-9b24-1d63a5102722@group-BA7C392EEBCA, cid=2180, SUCCESS, logIndex=3199, commits[65797d0d-2d4a-456d-9b24-1d63a5102722:c3201, aca3f3a4-0773-4ff1-9bb5-1a871868fd09:c3196, abe1c95d-8ae2-42e9-9d83-236e3c187d51:c3197]
2019-07-09 04:31:32,597 INFO  client.GrpcClientProtocolClient (GrpcClientProtocolClient.java:onNext(255)) - client-859D8C9D7B89->65797d0d-2d4a-456d-9b24-1d63a5102722: receive RaftClientReply:client-859D8C9D7B89->65797d0d-2d4a-456d-9b24-1d63a5102722@group-BA7C392EEBCA, cid=2181, SUCCESS, logIndex=0, commits[65797d0d-2d4a-456d-9b24-1d63a5102722:c3203, aca3f3a4-0773-4ff1-9bb5-1a871868fd09:c3199, abe1c95d-8ae2-42e9-9d83-236e3c187d51:c3199]
2019-07-09 04:31:32,622 INFO  client.GrpcClientProtocolClient (GrpcClientProtocolClient.java:onNext(255)) - client-859D8C9D7B89->65797d0d-2d4a-456d-9b24-1d63a5102722: receive RaftClientReply:client-859D8C9D7B89->65797d0d-2d4a-456d-9b24-1d63a5102722@group-BA7C392EEBCA, cid=2182, SUCCESS, logIndex=3204, commits[65797d0d-2d4a-456d-9b24-1d63a5102722:c3205, aca3f3a4-0773-4ff1-9bb5-1a871868fd09:c3203, abe1c95d-8ae2-42e9-9d83-236e3c187d51:c3203]
2019-07-09 04:31:32,623 INFO  client.GrpcClientProtocolClient (GrpcClientProtocolClient.java:onNext(255)) - client-859D8C9D7B89->65797d0d-2d4a-456d-9b24-1d63a5102722: receive RaftClientReply:client-859D8C9D7B89->65797d0d-2d4a-456d-9b24-1d63a5102722@group-BA7C392EEBCA, cid=2183, SUCCESS, logIndex=3205, commits[65797d0d-2d4a-456d-9b24-1d63a5102722:c3205, aca3f3a4-0773-4ff1-9bb5-1a871868fd09:c3203, abe1c95d-8ae2-42e9-9d83-236e3c187d51:c3203]
2019-07-09 04:31:32,636 INFO  client.GrpcClientProtocolClient (GrpcClientProtocolClient.java:onNext(255)) - client-859D8C9D7B89->65797d0d-2d4a-456d-9b24-1d63a5102722: receive RaftClientReply:client-859D8C9D7B89->65797d0d-2d4a-456d-9b24-1d63a5102722@group-BA7C392EEBCA, cid=2184, SUCCESS, logIndex=3208, commits[65797d0d-2d4a-456d-9b24-1d63a5102722:c3209, aca3f3a4-0773-4ff1-9bb5-1a871868fd09:c3205, abe1c95d-8ae2-42e9-9d83-236e3c187d51:c3204]
2019-07-09 04:31:32,636 INFO  client.GrpcClientProtocolClient (GrpcClientProtocolClient.java:onNext(255)) - client-859D8C9D7B89->65797d0d-2d4a-456d-9b24-1d63a5102722: receive RaftClientReply:client-859D8C9D7B89->65797d0d-2d4a-456d-9b24-1d63a5102722@group-BA7C392EEBCA, cid=2185, SUCCESS, logIndex=3209, commits[65797d0d-2d4a-456d-9b24-1d63a5102722:c3209, aca3f3a4-0773-4ff1-9bb5-1a871868fd09:c3205, abe1c95d-8ae2-42e9-9d83-236e3c187d51:c3205]
2019-07-09 04:31:32,639 INFO  client.GrpcClientProtocolClient (GrpcClientProtocolClient.java:onNext(255)) - client-859D8C9D7B89->65797d0d-2d4a-456d-9b24-1d63a5102722: receive RaftClientReply:client-859D8C9D7B89->65797d0d-2d4a-456d-9b24-1d63a5102722@group-BA7C392EEBCA, cid=2186, SUCCESS, logIndex=0, commits[65797d0d-2d4a-456d-9b24-1d63a5102722:c3211, aca3f3a4-0773-4ff1-9bb5-1a871868fd09:c3209, abe1c95d-8ae2-42e9-9d83-236e3c187d51:c3209]
2019-07-09 04:31:32,671 INFO  client.GrpcClientProtocolClient (GrpcClientProtocolClient.java:onNext(255)) - client-859D8C9D7B89->65797d0d-2d4a-456d-9b24-1d63a5102722: receive RaftClientReply:client-859D8C9D7B89->65797d0d-2d4a-456d-9b24-1d63a5102722@group-BA7C392EEBCA, cid=2187, SUCCESS, logIndex=3212, commits[65797d0d-2d4a-456d-9b24-1d63a5102722:c3213, aca3f3a4-0773-4ff1-9bb5-1a871868fd09:c3211, abe1c95d-8ae2-42e9-9d83-236e3c187d51:c3211]
2019-07-09 04:31:32,672 INFO  client.GrpcClientProtocolClient (GrpcClientProtocolClient.java:onNext(255)) - client-859D8C9D7B89->65797d0d-2d4a-456d-9b24-1d63a5102722: receive RaftClientReply:client-859D8C9D7B89->65797d0d-2d4a-456d-9b24-1d63a5102722@group-BA7C392EEBCA, cid=2188, SUCCESS, logIndex=3213, commits[65797d0d-2d4a-456d-9b24-1d63a5102722:c3215, aca3f3a4-0773-4ff1-9bb5-1a871868fd09:c3211, abe1c95d-8ae2-42e9-9d83-236e3c187d51:c3211]
2019-07-09 04:31:32,672 INFO  client.GrpcClientProtocolClient (GrpcClientProtocolClient.java:onNext(255)) - client-859D8C9D7B89->65797d0d-2d4a-456d-9b24-1d63a5102722: receive RaftClientReply:client-859D8C9D7B89->65797d0d-2d4a-456d-9b24-1d63a5102722@group-BA7C392EEBCA, cid=2189, SUCCESS, logIndex=3214, commits[65797d0d-2d4a-456d-9b24-1d63a5102722:c3215, aca3f3a4-0773-4ff1-9bb5-1a871868fd09:c3211, abe1c95d-8ae2-42e9-9d83-236e3c187d51:c3211]
2019-07-09 04:31:32,672 INFO  client.GrpcClientProtocolClient (GrpcClientProtocolClient.java:onNext(255)) - client-859D8C9D7B89->65797d0d-2d4a-456d-9b24-1d63a5102722: receive RaftClientReply:client-859D8C9D7B89->65797d0d-2d4a-456d-9b24-1d63a5102722@group-BA7C392EEBCA, cid=2190, SUCCESS, logIndex=3215, commits[65797d0d-2d4a-456d-9b24-1d63a5102722:c3215, aca3f3a4-0773-4ff1-9bb5-1a871868fd09:c3211, abe1c95d-8ae2-42e9-9d83-236e3c187d51:c3211]
2019-07-09 04:31:32,685 INFO  client.GrpcClientProtocolClient (GrpcClientProtocolClient.java:onNext(255)) - client-859D8C9D7B89->65797d0d-2d4a-456d-9b24-1d63a5102722: receive RaftClientReply:client-859D8C9D7B89->65797d0d-2d4a-456d-9b24-1d63a5102722@group-BA7C392EEBCA, cid=2191, SUCCESS, logIndex=0, commits[65797d0d-2d4a-456d-9b24-1d63a5102722:c3217, aca3f3a4-0773-4ff1-9bb5-1a871868fd09:c3213, abe1c95d-8ae2-42e9-9d83-236e3c187d51:c3213]
2019-07-09 04:31:32,714 INFO  client.GrpcClientProtocolClient (GrpcClientProtocolClient.java:onNext(255)) - client-859D8C9D7B89->65797d0d-2d4a-456d-9b24-1d63a5102722: receive RaftClientReply:client-859D8C9D7B89->65797d0d-2d4a-456d-9b24-1d63a5102722@group-BA7C392EEBCA, cid=2192, SUCCESS, logIndex=3220, commits[65797d0d-2d4a-456d-9b24-1d63a5102722:c3221, aca3f3a4-0773-4ff1-9bb5-1a871868fd09:c3219, abe1c95d-8ae2-42e9-9d83-236e3c187d51:c3219]
2019-07-09 04:31:32,715 INFO  client.GrpcClientProtocolClient (GrpcClientProtocolClient.java:onNext(255)) - client-859D8C9D7B89->65797d0d-2d4a-456d-9b24-1d63a5102722: receive RaftClientReply:client-859D8C9D7B89->65797d0d-2d4a-456d-9b24-1d63a5102722@group-BA7C392EEBCA, cid=2193, SUCCESS, logIndex=3221, commits[65797d0d-2d4a-456d-9b24-1d63a5102722:c3221, aca3f3a4-0773-4ff1-9bb5-1a871868fd09:c3219, abe1c95d-8ae2-42e9-9d83-236e3c187d51:c3219]
2019-07-09 04:31:32,735 INFO  client.GrpcClientProtocolClient (GrpcClientProtocolClient.java:onNext(255)) - client-859D8C9D7B89->65797d0d-2d4a-456d-9b24-1d63a5102722: receive RaftClientReply:client-859D8C9D7B89->65797d0d-2d4a-456d-9b24-1d63a5102722@group-BA7C392EEBCA, cid=2194, SUCCESS, logIndex=3224, commits[65797d0d-2d4a-456d-9b24-1d63a5102722:c3224, aca3f3a4-0773-4ff1-9bb5-1a871868fd09:c3222, abe1c95d-8ae2-42e9-9d83-236e3c187d51:c3222]
2019-07-09 04:31:32,735 INFO  client.GrpcClientProtocolClient (GrpcClientProtocolClient.java:onNext(255)) - client-859D8C9D7B89->65797d0d-2d4a-456d-9b24-1d63a5102722: receive RaftClientReply:client-859D8C9D7B89->65797d0d-2d4a-456d-9b24-1d63a5102722@group-BA7C392EEBCA, cid=2195, SUCCESS, logIndex=3225, commits[65797d0d-2d4a-456d-9b24-1d63a5102722:c3225, aca3f3a4-0773-4ff1-9bb5-1a871868fd09:c3222, abe1c95d-8ae2-42e9-9d83-236e3c187d51:c3222]
2019-07-09 04:31:32,748 INFO  client.GrpcClientProtocolClient (GrpcClientProtocolClient.java:onNext(255)) - client-859D8C9D7B89->65797d0d-2d4a-456d-9b24-1d63a5102722: receive RaftClientReply:client-859D8C9D7B89->65797d0d-2d4a-456d-9b24-1d63a5102722@group-BA7C392EEBCA, cid=2196, SUCCESS, logIndex=0, commits[65797d0d-2d4a-456d-9b24-1d63a5102722:c3227, aca3f3a4-0773-4ff1-9bb5-1a871868fd09:c3225, abe1c95d-8ae2-42e9-9d83-236e3c187d51:c3225]
2019-07-09 04:31:32,780 INFO  client.GrpcClientProtocolClient (GrpcClientProtocolClient.java:onNext(255)) - client-859D8C9D7B89->65797d0d-2d4a-456d-9b24-1d63a5102722: receive RaftClientReply:client-859D8C9D7B89->65797d0d-2d4a-456d-9b24-1d63a5102722@group-BA7C392EEBCA, cid=2197, SUCCESS, logIndex=3228, commits[65797d0d-2d4a-456d-9b24-1d63a5102722:c3231, aca3f3a4-0773-4ff1-9bb5-1a871868fd09:c3227, abe1c95d-8ae2-42e9-9d83-236e3c187d51:c3227]
2019-07-09 04:31:32,780 INFO  client.GrpcClientProtocolClient (GrpcClientProtocolClient.java:onNext(255)) - client-859D8C9D7B89->65797d0d-2d4a-456d-9b24-1d63a5102722: receive RaftClientReply:client-859D8C9D7B89->65797d0d-2d4a-456d-9b24-1d63a5102722@group-BA7C392EEBCA, cid=2198, SUCCESS, logIndex=3229, commits[65797d0d-2d4a-456d-9b24-1d63a5102722:c3231, aca3f3a4-0773-4ff1-9bb5-1a871868fd09:c3227, abe1c95d-8ae2-42e9-9d83-236e3c187d51:c3227]
2019-07-09 04:31:32,781 INFO  client.GrpcClientProtocolClient (GrpcClientProtocolClient.java:onNext(255)) - client-859D8C9D7B89->65797d0d-2d4a-456d-9b24-1d63a5102722: receive RaftClientReply:client-859D8C9D7B89->65797d0d-2d4a-456d-9b24-1d63a5102722@group-BA7C392EEBCA, cid=2199, SUCCESS, logIndex=3230, commits[65797d0d-2d4a-456d-9b24-1d63a5102722:c3232, aca3f3a4-0773-4ff1-9bb5-1a871868fd09:c3229, abe1c95d-8ae2-42e9-9d83-236e3c187d51:c3227]
2019-07-09 04:31:32,781 INFO  client.GrpcClientProtocolClient (GrpcClientProtocolClient.java:onNext(255)) - client-859D8C9D7B89->65797d0d-2d4a-456d-9b24-1d63a5102722: receive RaftClientReply:client-859D8C9D7B89->65797d0d-2d4a-456d-9b24-1d63a5102722@group-BA7C392EEBCA, cid=2200, SUCCESS, logIndex=3231, commits[65797d0d-2d4a-456d-9b24-1d63a5102722:c3232, aca3f3a4-0773-4ff1-9bb5-1a871868fd09:c3229, abe1c95d-8ae2-42e9-9d83-236e3c187d51:c3227]
2019-07-09 04:31:32,782 INFO  client.GrpcClientProtocolClient (GrpcClientProtocolClient.java:onNext(255)) - client-859D8C9D7B89->65797d0d-2d4a-456d-9b24-1d63a5102722: receive RaftClientReply:client-859D8C9D7B89->65797d0d-2d4a-456d-9b24-1d63a5102722@group-BA7C392EEBCA, cid=2201, SUCCESS, logIndex=0, commits[65797d0d-2d4a-456d-9b24-1d63a5102722:c3232, aca3f3a4-0773-4ff1-9bb5-1a871868fd09:c3229, abe1c95d-8ae2-42e9-9d83-236e3c187d51:c3229]
2019-07-09 04:31:32,794 INFO  client.GrpcClientProtocolClient (GrpcClientProtocolClient.java:onNext(255)) - client-859D8C9D7B89->65797d0d-2d4a-456d-9b24-1d63a5102722: receive RaftClientReply:client-859D8C9D7B89->65797d0d-2d4a-456d-9b24-1d63a5102722@group-BA7C392EEBCA, cid=2202, SUCCESS, logIndex=3236, commits[65797d0d-2d4a-456d-9b24-1d63a5102722:c3237, aca3f3a4-0773-4ff1-9bb5-1a871868fd09:c3232, abe1c95d-8ae2-42e9-9d83-236e3c187d51:c3231]
2019-07-09 04:31:32,795 INFO  client.GrpcClientProtocolClient (GrpcClientProtocolClient.java:onNext(255)) - client-859D8C9D7B89->65797d0d-2d4a-456d-9b24-1d63a5102722: receive RaftClientReply:client-859D8C9D7B89->65797d0d-2d4a-456d-9b24-1d63a5102722@group-BA7C392EEBCA, cid=2203, SUCCESS, logIndex=3237, commits[65797d0d-2d4a-456d-9b24-1d63a5102722:c3237, aca3f3a4-0773-4ff1-9bb5-1a871868fd09:c3232, abe1c95d-8ae2-42e9-9d83-236e3c187d51:c3231]
2019-07-09 04:31:32,814 INFO  client.GrpcClientProtocolClient (GrpcClientProtocolClient.java:onNext(255)) - client-859D8C9D7B89->65797d0d-2d4a-456d-9b24-1d63a5102722: receive RaftClientReply:client-859D8C9D7B89->65797d0d-2d4a-456d-9b24-1d63a5102722@group-BA7C392EEBCA, cid=2204, SUCCESS, logIndex=3240, commits[65797d0d-2d4a-456d-9b24-1d63a5102722:c3241, aca3f3a4-0773-4ff1-9bb5-1a871868fd09:c3239, abe1c95d-8ae2-42e9-9d83-236e3c187d51:c3239]
2019-07-09 04:31:32,814 INFO  client.GrpcClientProtocolClient (GrpcClientProtocolClient.java:onNext(255)) - client-859D8C9D7B89->65797d0d-2d4a-456d-9b24-1d63a5102722: receive RaftClientReply:client-859D8C9D7B89->65797d0d-2d4a-456d-9b24-1d63a5102722@group-BA7C392EEBCA, cid=2205, SUCCESS, logIndex=3241, commits[65797d0d-2d4a-456d-9b24-1d63a5102722:c3241, aca3f3a4-0773-4ff1-9bb5-1a871868fd09:c3239, abe1c95d-8ae2-42e9-9d83-236e3c187d51:c3239]
2019-07-09 04:31:32,829 INFO  client.GrpcClientProtocolClient (GrpcClientProtocolClient.java:onNext(255)) - client-859D8C9D7B89->65797d0d-2d4a-456d-9b24-1d63a5102722: receive RaftClientReply:client-859D8C9D7B89->65797d0d-2d4a-456d-9b24-1d63a5102722@group-BA7C392EEBCA, cid=2206, SUCCESS, logIndex=0, commits[65797d0d-2d4a-456d-9b24-1d63a5102722:c3243, aca3f3a4-0773-4ff1-9bb5-1a871868fd09:c3241, abe1c95d-8ae2-42e9-9d83-236e3c187d51:c3241]
2019-07-09 04:31:32,856 INFO  client.GrpcClientProtocolClient (GrpcClientProtocolClient.java:onNext(255)) - client-859D8C9D7B89->65797d0d-2d4a-456d-9b24-1d63a5102722: receive RaftClientReply:client-859D8C9D7B89->65797d0d-2d4a-456d-9b24-1d63a5102722@group-BA7C392EEBCA, cid=2207, SUCCESS, logIndex=3244, commits[65797d0d-2d4a-456d-9b24-1d63a5102722:c3246, aca3f3a4-0773-4ff1-9bb5-1a871868fd09:c3243, abe1c95d-8ae2-42e9-9d83-236e3c187d51:c3243]
2019-07-09 04:31:32,856 INFO  client.GrpcClientProtocolClient (GrpcClientProtocolClient.java:onNext(255)) - client-859D8C9D7B89->65797d0d-2d4a-456d-9b24-1d63a5102722: receive RaftClientReply:client-859D8C9D7B89->65797d0d-2d4a-456d-9b24-1d63a5102722@group-BA7C392EEBCA, cid=2208, SUCCESS, logIndex=3245, commits[65797d0d-2d4a-456d-9b24-1d63a5102722:c3247, aca3f3a4-0773-4ff1-9bb5-1a871868fd09:c3243, abe1c95d-8ae2-42e9-9d83-236e3c187d51:c3243]
2019-07-09 04:31:32,856 INFO  client.GrpcClientProtocolClient (GrpcClientProtocolClient.java:onNext(255)) - client-859D8C9D7B89->65797d0d-2d4a-456d-9b24-1d63a5102722: receive RaftClientReply:client-859D8C9D7B89->65797d0d-2d4a-456d-9b24-1d63a5102722@group-BA7C392EEBCA, cid=2209, SUCCESS, logIndex=3246, commits[65797d0d-2d4a-456d-9b24-1d63a5102722:c3247, aca3f3a4-0773-4ff1-9bb5-1a871868fd09:c3243, abe1c95d-8ae2-42e9-9d83-236e3c187d51:c3243]
2019-07-09 04:31:32,857 INFO  client.GrpcClientProtocolClient (GrpcClientProtocolClient.java:onNext(255)) - client-859D8C9D7B89->65797d0d-2d4a-456d-9b24-1d63a5102722: receive RaftClientReply:client-859D8C9D7B89->65797d0d-2d4a-456d-9b24-1d63a5102722@group-BA7C392EEBCA, cid=2210, SUCCESS, logIndex=3247, commits[65797d0d-2d4a-456d-9b24-1d63a5102722:c3247, aca3f3a4-0773-4ff1-9bb5-1a871868fd09:c3243, abe1c95d-8ae2-42e9-9d83-236e3c187d51:c3243]
2019-07-09 04:31:32,858 INFO  client.GrpcClientProtocolClient (GrpcClientProtocolClient.java:onNext(255)) - client-859D8C9D7B89->65797d0d-2d4a-456d-9b24-1d63a5102722: receive RaftClientReply:client-859D8C9D7B89->65797d0d-2d4a-456d-9b24-1d63a5102722@group-BA7C392EEBCA, cid=2211, SUCCESS, logIndex=0, commits[65797d0d-2d4a-456d-9b24-1d63a5102722:c3248, aca3f3a4-0773-4ff1-9bb5-1a871868fd09:c3245, abe1c95d-8ae2-42e9-9d83-236e3c187d51:c3245]
2019-07-09 04:31:32,879 INFO  client.GrpcClientProtocolClient (GrpcClientProtocolClient.java:onNext(255)) - client-859D8C9D7B89->65797d0d-2d4a-456d-9b24-1d63a5102722: receive RaftClientReply:client-859D8C9D7B89->65797d0d-2d4a-456d-9b24-1d63a5102722@group-BA7C392EEBCA, cid=2212, SUCCESS, logIndex=3252, commits[65797d0d-2d4a-456d-9b24-1d63a5102722:c3253, aca3f3a4-0773-4ff1-9bb5-1a871868fd09:c3251, abe1c95d-8ae2-42e9-9d83-236e3c187d51:c3251]
2019-07-09 04:31:32,879 INFO  client.GrpcClientProtocolClient (GrpcClientProtocolClient.java:onNext(255)) - client-859D8C9D7B89->65797d0d-2d4a-456d-9b24-1d63a5102722: receive RaftClientReply:client-859D8C9D7B89->65797d0d-2d4a-456d-9b24-1d63a5102722@group-BA7C392EEBCA, cid=2213, SUCCESS, logIndex=3253, commits[65797d0d-2d4a-456d-9b24-1d63a5102722:c3253, aca3f3a4-0773-4ff1-9bb5-1a871868fd09:c3251, abe1c95d-8ae2-42e9-9d83-236e3c187d51:c3251]
2019-07-09 04:31:32,894 INFO  client.GrpcClientProtocolClient (GrpcClientProtocolClient.java:onNext(255)) - client-859D8C9D7B89->65797d0d-2d4a-456d-9b24-1d63a5102722: receive RaftClientReply:client-859D8C9D7B89->65797d0d-2d4a-456d-9b24-1d63a5102722@group-BA7C392EEBCA, cid=2214, SUCCESS, logIndex=3256, commits[65797d0d-2d4a-456d-9b24-1d63a5102722:c3257, aca3f3a4-0773-4ff1-9bb5-1a871868fd09:c3253, abe1c95d-8ae2-42e9-9d83-236e3c187d51:c3253]
2019-07-09 04:31:32,894 INFO  client.GrpcClientProtocolClient (GrpcClientProtocolClient.java:onNext(255)) - client-859D8C9D7B89->65797d0d-2d4a-456d-9b24-1d63a5102722: receive RaftClientReply:client-859D8C9D7B89->65797d0d-2d4a-456d-9b24-1d63a5102722@group-BA7C392EEBCA, cid=2215, SUCCESS, logIndex=3257, commits[65797d0d-2d4a-456d-9b24-1d63a5102722:c3257, aca3f3a4-0773-4ff1-9bb5-1a871868fd09:c3253, abe1c95d-8ae2-42e9-9d83-236e3c187d51:c3253]
2019-07-09 04:31:32,908 INFO  client.GrpcClientProtocolClient (GrpcClientProtocolClient.java:onNext(255)) - client-859D8C9D7B89->65797d0d-2d4a-456d-9b24-1d63a5102722: receive RaftClientReply:client-859D8C9D7B89->65797d0d-2d4a-456d-9b24-1d63a5102722@group-BA7C392EEBCA, cid=2216, SUCCESS, logIndex=0, commits[65797d0d-2d4a-456d-9b24-1d63a5102722:c3259, aca3f3a4-0773-4ff1-9bb5-1a871868fd09:c3257, abe1c95d-8ae2-42e9-9d83-236e3c187d51:c3257]
2019-07-09 04:31:32,940 INFO  client.GrpcClientProtocolClient (GrpcClientProtocolClient.java:onNext(255)) - client-859D8C9D7B89->65797d0d-2d4a-456d-9b24-1d63a5102722: receive RaftClientReply:client-859D8C9D7B89->65797d0d-2d4a-456d-9b24-1d63a5102722@group-BA7C392EEBCA, cid=2217, SUCCESS, logIndex=3260, commits[65797d0d-2d4a-456d-9b24-1d63a5102722:c3261, aca3f3a4-0773-4ff1-9bb5-1a871868fd09:c3259, abe1c95d-8ae2-42e9-9d83-236e3c187d51:c3259]
2019-07-09 04:31:32,941 INFO  client.GrpcClientProtocolClient (GrpcClientProtocolClient.java:onNext(255)) - client-859D8C9D7B89->65797d0d-2d4a-456d-9b24-1d63a5102722: receive RaftClientReply:client-859D8C9D7B89->65797d0d-2d4a-456d-9b24-1d63a5102722@group-BA7C392EEBCA, cid=2218, SUCCESS, logIndex=3261, commits[65797d0d-2d4a-456d-9b24-1d63a5102722:c3261, aca3f3a4-0773-4ff1-9bb5-1a871868fd09:c3259, abe1c95d-8ae2-42e9-9d83-236e3c187d51:c3259]
2019-07-09 04:31:32,951 INFO  client.GrpcClientProtocolClient (GrpcClientProtocolClient.java:onNext(255)) - client-859D8C9D7B89->65797d0d-2d4a-456d-9b24-1d63a5102722: receive RaftClientReply:client-859D8C9D7B89->65797d0d-2d4a-456d-9b24-1d63a5102722@group-BA7C392EEBCA, cid=2219, SUCCESS, logIndex=3262, commits[65797d0d-2d4a-456d-9b24-1d63a5102722:c3263, aca3f3a4-0773-4ff1-9bb5-1a871868fd09:c3259, abe1c95d-8ae2-42e9-9d83-236e3c187d51:c3259]
2019-07-09 04:31:32,952 INFO  client.GrpcClientProtocolClient (GrpcClientProtocolClient.java:onNext(255)) - client-859D8C9D7B89->65797d0d-2d4a-456d-9b24-1d63a5102722: receive RaftClientReply:client-859D8C9D7B89->65797d0d-2d4a-456d-9b24-1d63a5102722@group-BA7C392EEBCA, cid=2220, SUCCESS, logIndex=3263, commits[65797d0d-2d4a-456d-9b24-1d63a5102722:c3263, aca3f3a4-0773-4ff1-9bb5-1a871868fd09:c3259, abe1c95d-8ae2-42e9-9d83-236e3c187d51:c3259]
2019-07-09 04:31:32,955 INFO  client.GrpcClientProtocolClient (GrpcClientProtocolClient.java:onNext(255)) - client-859D8C9D7B89->65797d0d-2d4a-456d-9b24-1d63a5102722: receive RaftClientReply:client-859D8C9D7B89->65797d0d-2d4a-456d-9b24-1d63a5102722@group-BA7C392EEBCA, cid=2221, SUCCESS, logIndex=0, commits[65797d0d-2d4a-456d-9b24-1d63a5102722:c3265, aca3f3a4-0773-4ff1-9bb5-1a871868fd09:c3261, abe1c95d-8ae2-42e9-9d83-236e3c187d51:c3261]
2019-07-09 04:31:32,979 INFO  client.GrpcClientProtocolClient (GrpcClientProtocolClient.java:onNext(255)) - client-859D8C9D7B89->65797d0d-2d4a-456d-9b24-1d63a5102722: receive RaftClientReply:client-859D8C9D7B89->65797d0d-2d4a-456d-9b24-1d63a5102722@group-BA7C392EEBCA, cid=2222, SUCCESS, logIndex=3268, commits[65797d0d-2d4a-456d-9b24-1d63a5102722:c3269, aca3f3a4-0773-4ff1-9bb5-1a871868fd09:c3267, abe1c95d-8ae2-42e9-9d83-236e3c187d51:c3263]
2019-07-09 04:31:32,980 INFO  client.GrpcClientProtocolClient (GrpcClientProtocolClient.java:onNext(255)) - client-859D8C9D7B89->65797d0d-2d4a-456d-9b24-1d63a5102722: receive RaftClientReply:client-859D8C9D7B89->65797d0d-2d4a-456d-9b24-1d63a5102722@group-BA7C392EEBCA, cid=2223, SUCCESS, logIndex=3269, commits[65797d0d-2d4a-456d-9b24-1d63a5102722:c3269, aca3f3a4-0773-4ff1-9bb5-1a871868fd09:c3267, abe1c95d-8ae2-42e9-9d83-236e3c187d51:c3267]
2019-07-09 04:31:33,003 INFO  client.GrpcClientProtocolClient (GrpcClientProtocolClient.java:onNext(255)) - client-859D8C9D7B89->65797d0d-2d4a-456d-9b24-1d63a5102722: receive RaftClientReply:client-859D8C9D7B89->65797d0d-2d4a-456d-9b24-1d63a5102722@group-BA7C392EEBCA, cid=2224, SUCCESS, logIndex=3272, commits[65797d0d-2d4a-456d-9b24-1d63a5102722:c3273, aca3f3a4-0773-4ff1-9bb5-1a871868fd09:c3271, abe1c95d-8ae2-42e9-9d83-236e3c187d51:c3271]
2019-07-09 04:31:33,003 INFO  client.GrpcClientProtocolClient (GrpcClientProtocolClient.java:onNext(255)) - client-859D8C9D7B89->65797d0d-2d4a-456d-9b24-1d63a5102722: receive RaftClientReply:client-859D8C9D7B89->65797d0d-2d4a-456d-9b24-1d63a5102722@group-BA7C392EEBCA, cid=2225, SUCCESS, logIndex=3273, commits[65797d0d-2d4a-456d-9b24-1d63a5102722:c3273, aca3f3a4-0773-4ff1-9bb5-1a871868fd09:c3271, abe1c95d-8ae2-42e9-9d83-236e3c187d51:c3271]
2019-07-09 04:31:33,017 INFO  client.GrpcClientProtocolClient (GrpcClientProtocolClient.java:onNext(255)) - client-859D8C9D7B89->65797d0d-2d4a-456d-9b24-1d63a5102722: receive RaftClientReply:client-859D8C9D7B89->65797d0d-2d4a-456d-9b24-1d63a5102722@group-BA7C392EEBCA, cid=2226, SUCCESS, logIndex=0, commits[65797d0d-2d4a-456d-9b24-1d63a5102722:c3275, aca3f3a4-0773-4ff1-9bb5-1a871868fd09:c3273, abe1c95d-8ae2-42e9-9d83-236e3c187d51:c3273]
2019-07-09 04:31:33,049 INFO  client.GrpcClientProtocolClient (GrpcClientProtocolClient.java:onNext(255)) - client-859D8C9D7B89->65797d0d-2d4a-456d-9b24-1d63a5102722: receive RaftClientReply:client-859D8C9D7B89->65797d0d-2d4a-456d-9b24-1d63a5102722@group-BA7C392EEBCA, cid=2227, SUCCESS, logIndex=3276, commits[65797d0d-2d4a-456d-9b24-1d63a5102722:c3277, aca3f3a4-0773-4ff1-9bb5-1a871868fd09:c3275, abe1c95d-8ae2-42e9-9d83-236e3c187d51:c3275]
2019-07-09 04:31:33,050 INFO  client.GrpcClientProtocolClient (GrpcClientProtocolClient.java:onNext(255)) - client-859D8C9D7B89->65797d0d-2d4a-456d-9b24-1d63a5102722: receive RaftClientReply:client-859D8C9D7B89->65797d0d-2d4a-456d-9b24-1d63a5102722@group-BA7C392EEBCA, cid=2228, SUCCESS, logIndex=3277, commits[65797d0d-2d4a-456d-9b24-1d63a5102722:c3277, aca3f3a4-0773-4ff1-9bb5-1a871868fd09:c3275, abe1c95d-8ae2-42e9-9d83-236e3c187d51:c3275]
2019-07-09 04:31:33,051 INFO  client.GrpcClientProtocolClient (GrpcClientProtocolClient.java:onNext(255)) - client-859D8C9D7B89->65797d0d-2d4a-456d-9b24-1d63a5102722: receive RaftClientReply:client-859D8C9D7B89->65797d0d-2d4a-456d-9b24-1d63a5102722@group-BA7C392EEBCA, cid=2229, SUCCESS, logIndex=3278, commits[65797d0d-2d4a-456d-9b24-1d63a5102722:c3279, aca3f3a4-0773-4ff1-9bb5-1a871868fd09:c3275, abe1c95d-8ae2-42e9-9d83-236e3c187d51:c3275]
2019-07-09 04:31:33,051 INFO  client.GrpcClientProtocolClient (GrpcClientProtocolClient.java:onNext(255)) - client-859D8C9D7B89->65797d0d-2d4a-456d-9b24-1d63a5102722: receive RaftClientReply:client-859D8C9D7B89->65797d0d-2d4a-456d-9b24-1d63a5102722@group-BA7C392EEBCA, cid=2230, SUCCESS, logIndex=3279, commits[65797d0d-2d4a-456d-9b24-1d63a5102722:c3279, aca3f3a4-0773-4ff1-9bb5-1a871868fd09:c3275, abe1c95d-8ae2-42e9-9d83-236e3c187d51:c3275]
2019-07-09 04:31:33,053 INFO  client.GrpcClientProtocolClient (GrpcClientProtocolClient.java:onNext(255)) - client-859D8C9D7B89->65797d0d-2d4a-456d-9b24-1d63a5102722: receive RaftClientReply:client-859D8C9D7B89->65797d0d-2d4a-456d-9b24-1d63a5102722@group-BA7C392EEBCA, cid=2231, SUCCESS, logIndex=0, commits[65797d0d-2d4a-456d-9b24-1d63a5102722:c3281, aca3f3a4-0773-4ff1-9bb5-1a871868fd09:c3277, abe1c95d-8ae2-42e9-9d83-236e3c187d51:c3277]
2019-07-09 04:31:33,066 INFO  client.GrpcClientProtocolClient (GrpcClientProtocolClient.java:onNext(255)) - client-859D8C9D7B89->65797d0d-2d4a-456d-9b24-1d63a5102722: receive RaftClientReply:client-859D8C9D7B89->65797d0d-2d4a-456d-9b24-1d63a5102722@group-BA7C392EEBCA, cid=2232, SUCCESS, logIndex=3284, commits[65797d0d-2d4a-456d-9b24-1d63a5102722:c3285, aca3f3a4-0773-4ff1-9bb5-1a871868fd09:c3279, abe1c95d-8ae2-42e9-9d83-236e3c187d51:c3281]
2019-07-09 04:31:33,067 INFO  client.GrpcClientProtocolClient (GrpcClientProtocolClient.java:onNext(255)) - client-859D8C9D7B89->65797d0d-2d4a-456d-9b24-1d63a5102722: receive RaftClientReply:client-859D8C9D7B89->65797d0d-2d4a-456d-9b24-1d63a5102722@group-BA7C392EEBCA, cid=2233, SUCCESS, logIndex=3285, commits[65797d0d-2d4a-456d-9b24-1d63a5102722:c3285, aca3f3a4-0773-4ff1-9bb5-1a871868fd09:c3281, abe1c95d-8ae2-42e9-9d83-236e3c187d51:c3281]
2019-07-09 04:31:33,204 INFO  client.GrpcClientProtocolClient (GrpcClientProtocolClient.java:onNext(255)) - client-859D8C9D7B89->65797d0d-2d4a-456d-9b24-1d63a5102722: receive RaftClientReply:client-859D8C9D7B89->65797d0d-2d4a-456d-9b24-1d63a5102722@group-BA7C392EEBCA, cid=2234, SUCCESS, logIndex=3288, commits[65797d0d-2d4a-456d-9b24-1d63a5102722:c3289, aca3f3a4-0773-4ff1-9bb5-1a871868fd09:c3286, abe1c95d-8ae2-42e9-9d83-236e3c187d51:c3286]
2019-07-09 04:31:33,204 INFO  client.GrpcClientProtocolClient (GrpcClientProtocolClient.java:onNext(255)) - client-859D8C9D7B89->65797d0d-2d4a-456d-9b24-1d63a5102722: receive RaftClientReply:client-859D8C9D7B89->65797d0d-2d4a-456d-9b24-1d63a5102722@group-BA7C392EEBCA, cid=2235, SUCCESS, logIndex=3289, commits[65797d0d-2d4a-456d-9b24-1d63a5102722:c3289, aca3f3a4-0773-4ff1-9bb5-1a871868fd09:c3286, abe1c95d-8ae2-42e9-9d83-236e3c187d51:c3286]
2019-07-09 04:31:33,225 INFO  client.GrpcClientProtocolClient (GrpcClientProtocolClient.java:onNext(255)) - client-859D8C9D7B89->65797d0d-2d4a-456d-9b24-1d63a5102722: receive RaftClientReply:client-859D8C9D7B89->65797d0d-2d4a-456d-9b24-1d63a5102722@group-BA7C392EEBCA, cid=2236, SUCCESS, logIndex=0, commits[65797d0d-2d4a-456d-9b24-1d63a5102722:c3290, aca3f3a4-0773-4ff1-9bb5-1a871868fd09:c3289, abe1c95d-8ae2-42e9-9d83-236e3c187d51:c3289]
2019-07-09 04:31:33,255 INFO  client.GrpcClientProtocolClient (GrpcClientProtocolClient.java:onNext(255)) - client-859D8C9D7B89->65797d0d-2d4a-456d-9b24-1d63a5102722: receive RaftClientReply:client-859D8C9D7B89->65797d0d-2d4a-456d-9b24-1d63a5102722@group-BA7C392EEBCA, cid=2237, SUCCESS, logIndex=3292, commits[65797d0d-2d4a-456d-9b24-1d63a5102722:c3293, aca3f3a4-0773-4ff1-9bb5-1a871868fd09:c3291, abe1c95d-8ae2-42e9-9d83-236e3c187d51:c3291]
2019-07-09 04:31:33,256 INFO  client.GrpcClientProtocolClient (GrpcClientProtocolClient.java:onNext(255)) - client-859D8C9D7B89->65797d0d-2d4a-456d-9b24-1d63a5102722: receive RaftClientReply:client-859D8C9D7B89->65797d0d-2d4a-456d-9b24-1d63a5102722@group-BA7C392EEBCA, cid=2238, SUCCESS, logIndex=3293, commits[65797d0d-2d4a-456d-9b24-1d63a5102722:c3295, aca3f3a4-0773-4ff1-9bb5-1a871868fd09:c3291, abe1c95d-8ae2-42e9-9d83-236e3c187d51:c3291]
2019-07-09 04:31:33,256 INFO  client.GrpcClientProtocolClient (GrpcClientProtocolClient.java:onNext(255)) - client-859D8C9D7B89->65797d0d-2d4a-456d-9b24-1d63a5102722: receive RaftClientReply:client-859D8C9D7B89->65797d0d-2d4a-456d-9b24-1d63a5102722@group-BA7C392EEBCA, cid=2239, SUCCESS, logIndex=3294, commits[65797d0d-2d4a-456d-9b24-1d63a5102722:c3295, aca3f3a4-0773-4ff1-9bb5-1a871868fd09:c3291, abe1c95d-8ae2-42e9-9d83-236e3c187d51:c3291]
2019-07-09 04:31:33,257 INFO  client.GrpcClientProtocolClient (GrpcClientProtocolClient.java:onNext(255)) - client-859D8C9D7B89->65797d0d-2d4a-456d-9b24-1d63a5102722: receive RaftClientReply:client-859D8C9D7B89->65797d0d-2d4a-456d-9b24-1d63a5102722@group-BA7C392EEBCA, cid=2240, SUCCESS, logIndex=3295, commits[65797d0d-2d4a-456d-9b24-1d63a5102722:c3295, aca3f3a4-0773-4ff1-9bb5-1a871868fd09:c3291, abe1c95d-8ae2-42e9-9d83-236e3c187d51:c3291]
2019-07-09 04:31:33,270 INFO  client.GrpcClientProtocolClient (GrpcClientProtocolClient.java:onNext(255)) - client-859D8C9D7B89->65797d0d-2d4a-456d-9b24-1d63a5102722: receive RaftClientReply:client-859D8C9D7B89->65797d0d-2d4a-456d-9b24-1d63a5102722@group-BA7C392EEBCA, cid=2241, SUCCESS, logIndex=0, commits[65797d0d-2d4a-456d-9b24-1d63a5102722:c3296, aca3f3a4-0773-4ff1-9bb5-1a871868fd09:c3293, abe1c95d-8ae2-42e9-9d83-236e3c187d51:c3293]
2019-07-09 04:31:33,291 INFO  client.GrpcClientProtocolClient (GrpcClientProtocolClient.java:onNext(255)) - client-859D8C9D7B89->65797d0d-2d4a-456d-9b24-1d63a5102722: receive RaftClientReply:client-859D8C9D7B89->65797d0d-2d4a-456d-9b24-1d63a5102722@group-BA7C392EEBCA, cid=2242, SUCCESS, logIndex=3300, commits[65797d0d-2d4a-456d-9b24-1d63a5102722:c3301, aca3f3a4-0773-4ff1-9bb5-1a871868fd09:c3299, abe1c95d-8ae2-42e9-9d83-236e3c187d51:c3299]
2019-07-09 04:31:33,292 INFO  client.GrpcClientProtocolClient (GrpcClientProtocolClient.java:onNext(255)) - client-859D8C9D7B89->65797d0d-2d4a-456d-9b24-1d63a5102722: receive RaftClientReply:client-859D8C9D7B89->65797d0d-2d4a-456d-9b24-1d63a5102722@group-BA7C392EEBCA, cid=2243, SUCCESS, logIndex=3301, commits[65797d0d-2d4a-456d-9b24-1d63a5102722:c3301, aca3f3a4-0773-4ff1-9bb5-1a871868fd09:c3299, abe1c95d-8ae2-42e9-9d83-236e3c187d51:c3299]
2019-07-09 04:31:33,307 INFO  client.GrpcClientProtocolClient (GrpcClientProtocolClient.java:onNext(255)) - client-859D8C9D7B89->65797d0d-2d4a-456d-9b24-1d63a5102722: receive RaftClientReply:client-859D8C9D7B89->65797d0d-2d4a-456d-9b24-1d63a5102722@group-BA7C392EEBCA, cid=2244, SUCCESS, logIndex=3304, commits[65797d0d-2d4a-456d-9b24-1d63a5102722:c3305, aca3f3a4-0773-4ff1-9bb5-1a871868fd09:c3301, abe1c95d-8ae2-42e9-9d83-236e3c187d51:c3301]
2019-07-09 04:31:33,307 INFO  client.GrpcClientProtocolClient (GrpcClientProtocolClient.java:onNext(255)) - client-859D8C9D7B89->65797d0d-2d4a-456d-9b24-1d63a5102722: receive RaftClientReply:client-859D8C9D7B89->65797d0d-2d4a-456d-9b24-1d63a5102722@group-BA7C392EEBCA, cid=2245, SUCCESS, logIndex=3305, commits[65797d0d-2d4a-456d-9b24-1d63a5102722:c3305, aca3f3a4-0773-4ff1-9bb5-1a871868fd09:c3301, abe1c95d-8ae2-42e9-9d83-236e3c187d51:c3301]
2019-07-09 04:31:33,320 INFO  client.GrpcClientProtocolClient (GrpcClientProtocolClient.java:onNext(255)) - client-859D8C9D7B89->65797d0d-2d4a-456d-9b24-1d63a5102722: receive RaftClientReply:client-859D8C9D7B89->65797d0d-2d4a-456d-9b24-1d63a5102722@group-BA7C392EEBCA, cid=2246, SUCCESS, logIndex=0, commits[65797d0d-2d4a-456d-9b24-1d63a5102722:c3307, aca3f3a4-0773-4ff1-9bb5-1a871868fd09:c3305, abe1c95d-8ae2-42e9-9d83-236e3c187d51:c3305]
2019-07-09 04:31:33,352 INFO  client.GrpcClientProtocolClient (GrpcClientProtocolClient.java:onNext(255)) - client-859D8C9D7B89->65797d0d-2d4a-456d-9b24-1d63a5102722: receive RaftClientReply:client-859D8C9D7B89->65797d0d-2d4a-456d-9b24-1d63a5102722@group-BA7C392EEBCA, cid=2247, SUCCESS, logIndex=3308, commits[65797d0d-2d4a-456d-9b24-1d63a5102722:c3309, aca3f3a4-0773-4ff1-9bb5-1a871868fd09:c3307, abe1c95d-8ae2-42e9-9d83-236e3c187d51:c3307]
2019-07-09 04:31:33,353 INFO  client.GrpcClientProtocolClient (GrpcClientProtocolClient.java:onNext(255)) - client-859D8C9D7B89->65797d0d-2d4a-456d-9b24-1d63a5102722: receive RaftClientReply:client-859D8C9D7B89->65797d0d-2d4a-456d-9b24-1d63a5102722@group-BA7C392EEBCA, cid=2248, SUCCESS, logIndex=3309, commits[65797d0d-2d4a-456d-9b24-1d63a5102722:c3311, aca3f3a4-0773-4ff1-9bb5-1a871868fd09:c3307, abe1c95d-8ae2-42e9-9d83-236e3c187d51:c3307]
2019-07-09 04:31:33,353 INFO  client.GrpcClientProtocolClient (GrpcClientProtocolClient.java:onNext(255)) - client-859D8C9D7B89->65797d0d-2d4a-456d-9b24-1d63a5102722: receive RaftClientReply:client-859D8C9D7B89->65797d0d-2d4a-456d-9b24-1d63a5102722@group-BA7C392EEBCA, cid=2249, SUCCESS, logIndex=3310, commits[65797d0d-2d4a-456d-9b24-1d63a5102722:c3312, aca3f3a4-0773-4ff1-9bb5-1a871868fd09:c3308, abe1c95d-8ae2-42e9-9d83-236e3c187d51:c3308]
2019-07-09 04:31:33,353 INFO  client.GrpcClientProtocolClient (GrpcClientProtocolClient.java:onNext(255)) - client-859D8C9D7B89->65797d0d-2d4a-456d-9b24-1d63a5102722: receive RaftClientReply:client-859D8C9D7B89->65797d0d-2d4a-456d-9b24-1d63a5102722@group-BA7C392EEBCA, cid=2250, SUCCESS, logIndex=3311, commits[65797d0d-2d4a-456d-9b24-1d63a5102722:c3312, aca3f3a4-0773-4ff1-9bb5-1a871868fd09:c3308, abe1c95d-8ae2-42e9-9d83-236e3c187d51:c3308]
2019-07-09 04:31:33,356 INFO  client.GrpcClientProtocolClient (GrpcClientProtocolClient.java:onNext(255)) - client-859D8C9D7B89->65797d0d-2d4a-456d-9b24-1d63a5102722: receive RaftClientReply:client-859D8C9D7B89->65797d0d-2d4a-456d-9b24-1d63a5102722@group-BA7C392EEBCA, cid=2251, SUCCESS, logIndex=0, commits[65797d0d-2d4a-456d-9b24-1d63a5102722:c3313, aca3f3a4-0773-4ff1-9bb5-1a871868fd09:c3309, abe1c95d-8ae2-42e9-9d83-236e3c187d51:c3309]
 0.00% |█                                                                                                    |  0/1 Time: 0:00:182019-07-09 04:31:33,377 INFO  client.GrpcClientProtocolClient (GrpcClientProtocolClient.java:onNext(255)) - client-859D8C9D7B89->65797d0d-2d4a-456d-9b24-1d63a5102722: receive RaftClientReply:client-859D8C9D7B89->65797d0d-2d4a-456d-9b24-1d63a5102722@group-BA7C392EEBCA, cid=2252, SUCCESS, logIndex=3316, commits[65797d0d-2d4a-456d-9b24-1d63a5102722:c3317, aca3f3a4-0773-4ff1-9bb5-1a871868fd09:c3315, abe1c95d-8ae2-42e9-9d83-236e3c187d51:c3315]
2019-07-09 04:31:33,377 INFO  client.GrpcClientProtocolClient (GrpcClientProtocolClient.java:onNext(255)) - client-859D8C9D7B89->65797d0d-2d4a-456d-9b24-1d63a5102722: receive RaftClientReply:client-859D8C9D7B89->65797d0d-2d4a-456d-9b24-1d63a5102722@group-BA7C392EEBCA, cid=2253, SUCCESS, logIndex=3317, commits[65797d0d-2d4a-456d-9b24-1d63a5102722:c3317, aca3f3a4-0773-4ff1-9bb5-1a871868fd09:c3315, abe1c95d-8ae2-42e9-9d83-236e3c187d51:c3315]
2019-07-09 04:31:33,391 INFO  client.GrpcClientProtocolClient (GrpcClientProtocolClient.java:onNext(255)) - client-859D8C9D7B89->65797d0d-2d4a-456d-9b24-1d63a5102722: receive RaftClientReply:client-859D8C9D7B89->65797d0d-2d4a-456d-9b24-1d63a5102722@group-BA7C392EEBCA, cid=2254, SUCCESS, logIndex=3320, commits[65797d0d-2d4a-456d-9b24-1d63a5102722:c3321, aca3f3a4-0773-4ff1-9bb5-1a871868fd09:c3317, abe1c95d-8ae2-42e9-9d83-236e3c187d51:c3317]
2019-07-09 04:31:33,392 INFO  client.GrpcClientProtocolClient (GrpcClientProtocolClient.java:onNext(255)) - client-859D8C9D7B89->65797d0d-2d4a-456d-9b24-1d63a5102722: receive RaftClientReply:client-859D8C9D7B89->65797d0d-2d4a-456d-9b24-1d63a5102722@group-BA7C392EEBCA, cid=2255, SUCCESS, logIndex=3321, commits[65797d0d-2d4a-456d-9b24-1d63a5102722:c3321, aca3f3a4-0773-4ff1-9bb5-1a871868fd09:c3317, abe1c95d-8ae2-42e9-9d83-236e3c187d51:c3317]
2019-07-09 04:31:33,405 INFO  client.GrpcClientProtocolClient (GrpcClientProtocolClient.java:onNext(255)) - client-859D8C9D7B89->65797d0d-2d4a-456d-9b24-1d63a5102722: receive RaftClientReply:client-859D8C9D7B89->65797d0d-2d4a-456d-9b24-1d63a5102722@group-BA7C392EEBCA, cid=2256, SUCCESS, logIndex=0, commits[65797d0d-2d4a-456d-9b24-1d63a5102722:c3321, aca3f3a4-0773-4ff1-9bb5-1a871868fd09:c3321, abe1c95d-8ae2-42e9-9d83-236e3c187d51:c3321]
2019-07-09 04:31:33,434 INFO  client.GrpcClientProtocolClient (GrpcClientProtocolClient.java:onNext(255)) - client-859D8C9D7B89->65797d0d-2d4a-456d-9b24-1d63a5102722: receive RaftClientReply:client-859D8C9D7B89->65797d0d-2d4a-456d-9b24-1d63a5102722@group-BA7C392EEBCA, cid=2257, SUCCESS, logIndex=3324, commits[65797d0d-2d4a-456d-9b24-1d63a5102722:c3327, aca3f3a4-0773-4ff1-9bb5-1a871868fd09:c3323, abe1c95d-8ae2-42e9-9d83-236e3c187d51:c3323]
2019-07-09 04:31:33,435 INFO  client.GrpcClientProtocolClient (GrpcClientProtocolClient.java:onNext(255)) - client-859D8C9D7B89->65797d0d-2d4a-456d-9b24-1d63a5102722: receive RaftClientReply:client-859D8C9D7B89->65797d0d-2d4a-456d-9b24-1d63a5102722@group-BA7C392EEBCA, cid=2258, SUCCESS, logIndex=3325, commits[65797d0d-2d4a-456d-9b24-1d63a5102722:c3327, aca3f3a4-0773-4ff1-9bb5-1a871868fd09:c3323, abe1c95d-8ae2-42e9-9d83-236e3c187d51:c3323]
2019-07-09 04:31:33,435 INFO  client.GrpcClientProtocolClient (GrpcClientProtocolClient.java:onNext(255)) - client-859D8C9D7B89->65797d0d-2d4a-456d-9b24-1d63a5102722: receive RaftClientReply:client-859D8C9D7B89->65797d0d-2d4a-456d-9b24-1d63a5102722@group-BA7C392EEBCA, cid=2259, SUCCESS, logIndex=3326, commits[65797d0d-2d4a-456d-9b24-1d63a5102722:c3327, aca3f3a4-0773-4ff1-9bb5-1a871868fd09:c3323, abe1c95d-8ae2-42e9-9d83-236e3c187d51:c3323]
2019-07-09 04:31:33,435 INFO  client.GrpcClientProtocolClient (GrpcClientProtocolClient.java:onNext(255)) - client-859D8C9D7B89->65797d0d-2d4a-456d-9b24-1d63a5102722: receive RaftClientReply:client-859D8C9D7B89->65797d0d-2d4a-456d-9b24-1d63a5102722@group-BA7C392EEBCA, cid=2260, SUCCESS, logIndex=3327, commits[65797d0d-2d4a-456d-9b24-1d63a5102722:c3327, aca3f3a4-0773-4ff1-9bb5-1a871868fd09:c3323, abe1c95d-8ae2-42e9-9d83-236e3c187d51:c3323]
2019-07-09 04:31:33,445 INFO  client.GrpcClientProtocolClient (GrpcClientProtocolClient.java:onNext(255)) - client-859D8C9D7B89->65797d0d-2d4a-456d-9b24-1d63a5102722: receive RaftClientReply:client-859D8C9D7B89->65797d0d-2d4a-456d-9b24-1d63a5102722@group-BA7C392EEBCA, cid=2261, SUCCESS, logIndex=0, commits[65797d0d-2d4a-456d-9b24-1d63a5102722:c3328, aca3f3a4-0773-4ff1-9bb5-1a871868fd09:c3325, abe1c95d-8ae2-42e9-9d83-236e3c187d51:c3325]
2019-07-09 04:31:33,485 INFO  client.GrpcClientProtocolClient (GrpcClientProtocolClient.java:onNext(255)) - client-859D8C9D7B89->65797d0d-2d4a-456d-9b24-1d63a5102722: receive RaftClientReply:client-859D8C9D7B89->65797d0d-2d4a-456d-9b24-1d63a5102722@group-BA7C392EEBCA, cid=2262, SUCCESS, logIndex=3332, commits[65797d0d-2d4a-456d-9b24-1d63a5102722:c3333, aca3f3a4-0773-4ff1-9bb5-1a871868fd09:c3331, abe1c95d-8ae2-42e9-9d83-236e3c187d51:c3331]
2019-07-09 04:31:33,485 INFO  client.GrpcClientProtocolClient (GrpcClientProtocolClient.java:onNext(255)) - client-859D8C9D7B89->65797d0d-2d4a-456d-9b24-1d63a5102722: receive RaftClientReply:client-859D8C9D7B89->65797d0d-2d4a-456d-9b24-1d63a5102722@group-BA7C392EEBCA, cid=2263, SUCCESS, logIndex=3333, commits[65797d0d-2d4a-456d-9b24-1d63a5102722:c3333, aca3f3a4-0773-4ff1-9bb5-1a871868fd09:c3331, abe1c95d-8ae2-42e9-9d83-236e3c187d51:c3331]
2019-07-09 04:31:33,511 INFO  client.GrpcClientProtocolClient (GrpcClientProtocolClient.java:onNext(255)) - client-859D8C9D7B89->65797d0d-2d4a-456d-9b24-1d63a5102722: receive RaftClientReply:client-859D8C9D7B89->65797d0d-2d4a-456d-9b24-1d63a5102722@group-BA7C392EEBCA, cid=2264, SUCCESS, logIndex=3336, commits[65797d0d-2d4a-456d-9b24-1d63a5102722:c3337, aca3f3a4-0773-4ff1-9bb5-1a871868fd09:c3333, abe1c95d-8ae2-42e9-9d83-236e3c187d51:c3333]
2019-07-09 04:31:33,512 INFO  client.GrpcClientProtocolClient (GrpcClientProtocolClient.java:onNext(255)) - client-859D8C9D7B89->65797d0d-2d4a-456d-9b24-1d63a5102722: receive RaftClientReply:client-859D8C9D7B89->65797d0d-2d4a-456d-9b24-1d63a5102722@group-BA7C392EEBCA, cid=2265, SUCCESS, logIndex=3337, commits[65797d0d-2d4a-456d-9b24-1d63a5102722:c3337, aca3f3a4-0773-4ff1-9bb5-1a871868fd09:c3333, abe1c95d-8ae2-42e9-9d83-236e3c187d51:c3333]
2019-07-09 04:31:33,525 INFO  client.GrpcClientProtocolClient (GrpcClientProtocolClient.java:onNext(255)) - client-859D8C9D7B89->65797d0d-2d4a-456d-9b24-1d63a5102722: receive RaftClientReply:client-859D8C9D7B89->65797d0d-2d4a-456d-9b24-1d63a5102722@group-BA7C392EEBCA, cid=2266, SUCCESS, logIndex=0, commits[65797d0d-2d4a-456d-9b24-1d63a5102722:c3339, aca3f3a4-0773-4ff1-9bb5-1a871868fd09:c3337, abe1c95d-8ae2-42e9-9d83-236e3c187d51:c3337]
2019-07-09 04:31:33,557 INFO  client.GrpcClientProtocolClient (GrpcClientProtocolClient.java:onNext(255)) - client-859D8C9D7B89->65797d0d-2d4a-456d-9b24-1d63a5102722: receive RaftClientReply:client-859D8C9D7B89->65797d0d-2d4a-456d-9b24-1d63a5102722@group-BA7C392EEBCA, cid=2267, SUCCESS, logIndex=3340, commits[65797d0d-2d4a-456d-9b24-1d63a5102722:c3341, aca3f3a4-0773-4ff1-9bb5-1a871868fd09:c3339, abe1c95d-8ae2-42e9-9d83-236e3c187d51:c3339]
2019-07-09 04:31:33,558 INFO  client.GrpcClientProtocolClient (GrpcClientProtocolClient.java:onNext(255)) - client-859D8C9D7B89->65797d0d-2d4a-456d-9b24-1d63a5102722: receive RaftClientReply:client-859D8C9D7B89->65797d0d-2d4a-456d-9b24-1d63a5102722@group-BA7C392EEBCA, cid=2268, SUCCESS, logIndex=3341, commits[65797d0d-2d4a-456d-9b24-1d63a5102722:c3343, aca3f3a4-0773-4ff1-9bb5-1a871868fd09:c3339, abe1c95d-8ae2-42e9-9d83-236e3c187d51:c3339]
2019-07-09 04:31:33,558 INFO  client.GrpcClientProtocolClient (GrpcClientProtocolClient.java:onNext(255)) - client-859D8C9D7B89->65797d0d-2d4a-456d-9b24-1d63a5102722: receive RaftClientReply:client-859D8C9D7B89->65797d0d-2d4a-456d-9b24-1d63a5102722@group-BA7C392EEBCA, cid=2269, SUCCESS, logIndex=3342, commits[65797d0d-2d4a-456d-9b24-1d63a5102722:c3343, aca3f3a4-0773-4ff1-9bb5-1a871868fd09:c3339, abe1c95d-8ae2-42e9-9d83-236e3c187d51:c3339]
2019-07-09 04:31:33,559 INFO  client.GrpcClientProtocolClient (GrpcClientProtocolClient.java:onNext(255)) - client-859D8C9D7B89->65797d0d-2d4a-456d-9b24-1d63a5102722: receive RaftClientReply:client-859D8C9D7B89->65797d0d-2d4a-456d-9b24-1d63a5102722@group-BA7C392EEBCA, cid=2270, SUCCESS, logIndex=3343, commits[65797d0d-2d4a-456d-9b24-1d63a5102722:c3344, aca3f3a4-0773-4ff1-9bb5-1a871868fd09:c3341, abe1c95d-8ae2-42e9-9d83-236e3c187d51:c3339]
2019-07-09 04:31:33,560 INFO  client.GrpcClientProtocolClient (GrpcClientProtocolClient.java:onNext(255)) - client-859D8C9D7B89->65797d0d-2d4a-456d-9b24-1d63a5102722: receive RaftClientReply:client-859D8C9D7B89->65797d0d-2d4a-456d-9b24-1d63a5102722@group-BA7C392EEBCA, cid=2271, SUCCESS, logIndex=0, commits[65797d0d-2d4a-456d-9b24-1d63a5102722:c3345, aca3f3a4-0773-4ff1-9bb5-1a871868fd09:c3343, abe1c95d-8ae2-42e9-9d83-236e3c187d51:c3341]
2019-07-09 04:31:33,580 INFO  client.GrpcClientProtocolClient (GrpcClientProtocolClient.java:onNext(255)) - client-859D8C9D7B89->65797d0d-2d4a-456d-9b24-1d63a5102722: receive RaftClientReply:client-859D8C9D7B89->65797d0d-2d4a-456d-9b24-1d63a5102722@group-BA7C392EEBCA, cid=2272, SUCCESS, logIndex=3347, commits[65797d0d-2d4a-456d-9b24-1d63a5102722:c3348, aca3f3a4-0773-4ff1-9bb5-1a871868fd09:c3346, abe1c95d-8ae2-42e9-9d83-236e3c187d51:c3346]
2019-07-09 04:31:33,581 INFO  client.GrpcClientProtocolClient (GrpcClientProtocolClient.java:onNext(255)) - client-859D8C9D7B89->65797d0d-2d4a-456d-9b24-1d63a5102722: receive RaftClientReply:client-859D8C9D7B89->65797d0d-2d4a-456d-9b24-1d63a5102722@group-BA7C392EEBCA, cid=2273, SUCCESS, logIndex=3348, commits[65797d0d-2d4a-456d-9b24-1d63a5102722:c3348, aca3f3a4-0773-4ff1-9bb5-1a871868fd09:c3346, abe1c95d-8ae2-42e9-9d83-236e3c187d51:c3346]
2019-07-09 04:31:33,595 INFO  client.GrpcClientProtocolClient (GrpcClientProtocolClient.java:onNext(255)) - client-859D8C9D7B89->65797d0d-2d4a-456d-9b24-1d63a5102722: receive RaftClientReply:client-859D8C9D7B89->65797d0d-2d4a-456d-9b24-1d63a5102722@group-BA7C392EEBCA, cid=2274, SUCCESS, logIndex=3351, commits[65797d0d-2d4a-456d-9b24-1d63a5102722:c3351, aca3f3a4-0773-4ff1-9bb5-1a871868fd09:c3348, abe1c95d-8ae2-42e9-9d83-236e3c187d51:c3348]
2019-07-09 04:31:33,596 INFO  client.GrpcClientProtocolClient (GrpcClientProtocolClient.java:onNext(255)) - client-859D8C9D7B89->65797d0d-2d4a-456d-9b24-1d63a5102722: receive RaftClientReply:client-859D8C9D7B89->65797d0d-2d4a-456d-9b24-1d63a5102722@group-BA7C392EEBCA, cid=2275, SUCCESS, logIndex=3352, commits[65797d0d-2d4a-456d-9b24-1d63a5102722:c3352, aca3f3a4-0773-4ff1-9bb5-1a871868fd09:c3348, abe1c95d-8ae2-42e9-9d83-236e3c187d51:c3348]
2019-07-09 04:31:33,610 INFO  client.GrpcClientProtocolClient (GrpcClientProtocolClient.java:onNext(255)) - client-859D8C9D7B89->65797d0d-2d4a-456d-9b24-1d63a5102722: receive RaftClientReply:client-859D8C9D7B89->65797d0d-2d4a-456d-9b24-1d63a5102722@group-BA7C392EEBCA, cid=2276, SUCCESS, logIndex=0, commits[65797d0d-2d4a-456d-9b24-1d63a5102722:c3354, aca3f3a4-0773-4ff1-9bb5-1a871868fd09:c3352, abe1c95d-8ae2-42e9-9d83-236e3c187d51:c3352]
2019-07-09 04:31:33,637 INFO  client.GrpcClientProtocolClient (GrpcClientProtocolClient.java:onNext(255)) - client-859D8C9D7B89->65797d0d-2d4a-456d-9b24-1d63a5102722: receive RaftClientReply:client-859D8C9D7B89->65797d0d-2d4a-456d-9b24-1d63a5102722@group-BA7C392EEBCA, cid=2277, SUCCESS, logIndex=3355, commits[65797d0d-2d4a-456d-9b24-1d63a5102722:c3356, aca3f3a4-0773-4ff1-9bb5-1a871868fd09:c3354, abe1c95d-8ae2-42e9-9d83-236e3c187d51:c3354]
2019-07-09 04:31:33,637 INFO  client.GrpcClientProtocolClient (GrpcClientProtocolClient.java:onNext(255)) - client-859D8C9D7B89->65797d0d-2d4a-456d-9b24-1d63a5102722: receive RaftClientReply:client-859D8C9D7B89->65797d0d-2d4a-456d-9b24-1d63a5102722@group-BA7C392EEBCA, cid=2278, SUCCESS, logIndex=3356, commits[65797d0d-2d4a-456d-9b24-1d63a5102722:c3356, aca3f3a4-0773-4ff1-9bb5-1a871868fd09:c3354, abe1c95d-8ae2-42e9-9d83-236e3c187d51:c3354]
2019-07-09 04:31:33,638 INFO  client.GrpcClientProtocolClient (GrpcClientProtocolClient.java:onNext(255)) - client-859D8C9D7B89->65797d0d-2d4a-456d-9b24-1d63a5102722: receive RaftClientReply:client-859D8C9D7B89->65797d0d-2d4a-456d-9b24-1d63a5102722@group-BA7C392EEBCA, cid=2279, SUCCESS, logIndex=3357, commits[65797d0d-2d4a-456d-9b24-1d63a5102722:c3358, aca3f3a4-0773-4ff1-9bb5-1a871868fd09:c3354, abe1c95d-8ae2-42e9-9d83-236e3c187d51:c3354]
2019-07-09 04:31:33,638 INFO  client.GrpcClientProtocolClient (GrpcClientProtocolClient.java:onNext(255)) - client-859D8C9D7B89->65797d0d-2d4a-456d-9b24-1d63a5102722: receive RaftClientReply:client-859D8C9D7B89->65797d0d-2d4a-456d-9b24-1d63a5102722@group-BA7C392EEBCA, cid=2280, SUCCESS, logIndex=3358, commits[65797d0d-2d4a-456d-9b24-1d63a5102722:c3358, aca3f3a4-0773-4ff1-9bb5-1a871868fd09:c3354, abe1c95d-8ae2-42e9-9d83-236e3c187d51:c3354]
2019-07-09 04:31:33,651 INFO  client.GrpcClientProtocolClient (GrpcClientProtocolClient.java:onNext(255)) - client-859D8C9D7B89->65797d0d-2d4a-456d-9b24-1d63a5102722: receive RaftClientReply:client-859D8C9D7B89->65797d0d-2d4a-456d-9b24-1d63a5102722@group-BA7C392EEBCA, cid=2281, SUCCESS, logIndex=0, commits[65797d0d-2d4a-456d-9b24-1d63a5102722:c3360, aca3f3a4-0773-4ff1-9bb5-1a871868fd09:c3356, abe1c95d-8ae2-42e9-9d83-236e3c187d51:c3356]
2019-07-09 04:31:33,670 INFO  client.GrpcClientProtocolClient (GrpcClientProtocolClient.java:onNext(255)) - client-859D8C9D7B89->65797d0d-2d4a-456d-9b24-1d63a5102722: receive RaftClientReply:client-859D8C9D7B89->65797d0d-2d4a-456d-9b24-1d63a5102722@group-BA7C392EEBCA, cid=2282, SUCCESS, logIndex=3362, commits[65797d0d-2d4a-456d-9b24-1d63a5102722:c3363, aca3f3a4-0773-4ff1-9bb5-1a871868fd09:c3361, abe1c95d-8ae2-42e9-9d83-236e3c187d51:c3361]
2019-07-09 04:31:33,671 INFO  client.GrpcClientProtocolClient (GrpcClientProtocolClient.java:onNext(255)) - client-859D8C9D7B89->65797d0d-2d4a-456d-9b24-1d63a5102722: receive RaftClientReply:client-859D8C9D7B89->65797d0d-2d4a-456d-9b24-1d63a5102722@group-BA7C392EEBCA, cid=2283, SUCCESS, logIndex=3363, commits[65797d0d-2d4a-456d-9b24-1d63a5102722:c3363, aca3f3a4-0773-4ff1-9bb5-1a871868fd09:c3361, abe1c95d-8ae2-42e9-9d83-236e3c187d51:c3361]
2019-07-09 04:31:33,687 INFO  client.GrpcClientProtocolClient (GrpcClientProtocolClient.java:onNext(255)) - client-859D8C9D7B89->65797d0d-2d4a-456d-9b24-1d63a5102722: receive RaftClientReply:client-859D8C9D7B89->65797d0d-2d4a-456d-9b24-1d63a5102722@group-BA7C392EEBCA, cid=2284, SUCCESS, logIndex=3366, commits[65797d0d-2d4a-456d-9b24-1d63a5102722:c3367, aca3f3a4-0773-4ff1-9bb5-1a871868fd09:c3363, abe1c95d-8ae2-42e9-9d83-236e3c187d51:c3363]
2019-07-09 04:31:33,687 INFO  client.GrpcClientProtocolClient (GrpcClientProtocolClient.java:onNext(255)) - client-859D8C9D7B89->65797d0d-2d4a-456d-9b24-1d63a5102722: receive RaftClientReply:client-859D8C9D7B89->65797d0d-2d4a-456d-9b24-1d63a5102722@group-BA7C392EEBCA, cid=2285, SUCCESS, logIndex=3367, commits[65797d0d-2d4a-456d-9b24-1d63a5102722:c3367, aca3f3a4-0773-4ff1-9bb5-1a871868fd09:c3363, abe1c95d-8ae2-42e9-9d83-236e3c187d51:c3363]
2019-07-09 04:31:33,701 INFO  client.GrpcClientProtocolClient (GrpcClientProtocolClient.java:onNext(255)) - client-859D8C9D7B89->65797d0d-2d4a-456d-9b24-1d63a5102722: receive RaftClientReply:client-859D8C9D7B89->65797d0d-2d4a-456d-9b24-1d63a5102722@group-BA7C392EEBCA, cid=2286, SUCCESS, logIndex=0, commits[65797d0d-2d4a-456d-9b24-1d63a5102722:c3368, aca3f3a4-0773-4ff1-9bb5-1a871868fd09:c3367, abe1c95d-8ae2-42e9-9d83-236e3c187d51:c3367]
2019-07-09 04:31:33,730 INFO  client.GrpcClientProtocolClient (GrpcClientProtocolClient.java:onNext(255)) - client-859D8C9D7B89->65797d0d-2d4a-456d-9b24-1d63a5102722: receive RaftClientReply:client-859D8C9D7B89->65797d0d-2d4a-456d-9b24-1d63a5102722@group-BA7C392EEBCA, cid=2287, SUCCESS, logIndex=3370, commits[65797d0d-2d4a-456d-9b24-1d63a5102722:c3373, aca3f3a4-0773-4ff1-9bb5-1a871868fd09:c3369, abe1c95d-8ae2-42e9-9d83-236e3c187d51:c3369]
2019-07-09 04:31:33,730 INFO  client.GrpcClientProtocolClient (GrpcClientProtocolClient.java:onNext(255)) - client-859D8C9D7B89->65797d0d-2d4a-456d-9b24-1d63a5102722: receive RaftClientReply:client-859D8C9D7B89->65797d0d-2d4a-456d-9b24-1d63a5102722@group-BA7C392EEBCA, cid=2288, SUCCESS, logIndex=3371, commits[65797d0d-2d4a-456d-9b24-1d63a5102722:c3373, aca3f3a4-0773-4ff1-9bb5-1a871868fd09:c3369, abe1c95d-8ae2-42e9-9d83-236e3c187d51:c3369]
2019-07-09 04:31:33,731 INFO  client.GrpcClientProtocolClient (GrpcClientProtocolClient.java:onNext(255)) - client-859D8C9D7B89->65797d0d-2d4a-456d-9b24-1d63a5102722: receive RaftClientReply:client-859D8C9D7B89->65797d0d-2d4a-456d-9b24-1d63a5102722@group-BA7C392EEBCA, cid=2289, SUCCESS, logIndex=3372, commits[65797d0d-2d4a-456d-9b24-1d63a5102722:c3373, aca3f3a4-0773-4ff1-9bb5-1a871868fd09:c3369, abe1c95d-8ae2-42e9-9d83-236e3c187d51:c3369]
2019-07-09 04:31:33,731 INFO  client.GrpcClientProtocolClient (GrpcClientProtocolClient.java:onNext(255)) - client-859D8C9D7B89->65797d0d-2d4a-456d-9b24-1d63a5102722: receive RaftClientReply:client-859D8C9D7B89->65797d0d-2d4a-456d-9b24-1d63a5102722@group-BA7C392EEBCA, cid=2290, SUCCESS, logIndex=3373, commits[65797d0d-2d4a-456d-9b24-1d63a5102722:c3373, aca3f3a4-0773-4ff1-9bb5-1a871868fd09:c3369, abe1c95d-8ae2-42e9-9d83-236e3c187d51:c3369]
2019-07-09 04:31:33,732 INFO  client.GrpcClientProtocolClient (GrpcClientProtocolClient.java:onNext(255)) - client-859D8C9D7B89->65797d0d-2d4a-456d-9b24-1d63a5102722: receive RaftClientReply:client-859D8C9D7B89->65797d0d-2d4a-456d-9b24-1d63a5102722@group-BA7C392EEBCA, cid=2291, SUCCESS, logIndex=0, commits[65797d0d-2d4a-456d-9b24-1d63a5102722:c3374, aca3f3a4-0773-4ff1-9bb5-1a871868fd09:c3371, abe1c95d-8ae2-42e9-9d83-236e3c187d51:c3371]
2019-07-09 04:31:33,755 INFO  client.GrpcClientProtocolClient (GrpcClientProtocolClient.java:onNext(255)) - client-859D8C9D7B89->65797d0d-2d4a-456d-9b24-1d63a5102722: receive RaftClientReply:client-859D8C9D7B89->65797d0d-2d4a-456d-9b24-1d63a5102722@group-BA7C392EEBCA, cid=2292, SUCCESS, logIndex=3378, commits[65797d0d-2d4a-456d-9b24-1d63a5102722:c3379, aca3f3a4-0773-4ff1-9bb5-1a871868fd09:c3377, abe1c95d-8ae2-42e9-9d83-236e3c187d51:c3377]
2019-07-09 04:31:33,755 INFO  client.GrpcClientProtocolClient (GrpcClientProtocolClient.java:onNext(255)) - client-859D8C9D7B89->65797d0d-2d4a-456d-9b24-1d63a5102722: receive RaftClientReply:client-859D8C9D7B89->65797d0d-2d4a-456d-9b24-1d63a5102722@group-BA7C392EEBCA, cid=2293, SUCCESS, logIndex=3379, commits[65797d0d-2d4a-456d-9b24-1d63a5102722:c3379, aca3f3a4-0773-4ff1-9bb5-1a871868fd09:c3377, abe1c95d-8ae2-42e9-9d83-236e3c187d51:c3377]
2019-07-09 04:31:33,769 INFO  client.GrpcClientProtocolClient (GrpcClientProtocolClient.java:onNext(255)) - client-859D8C9D7B89->65797d0d-2d4a-456d-9b24-1d63a5102722: receive RaftClientReply:client-859D8C9D7B89->65797d0d-2d4a-456d-9b24-1d63a5102722@group-BA7C392EEBCA, cid=2294, SUCCESS, logIndex=3382, commits[65797d0d-2d4a-456d-9b24-1d63a5102722:c3383, aca3f3a4-0773-4ff1-9bb5-1a871868fd09:c3379, abe1c95d-8ae2-42e9-9d83-236e3c187d51:c3379]
2019-07-09 04:31:33,770 INFO  client.GrpcClientProtocolClient (GrpcClientProtocolClient.java:onNext(255)) - client-859D8C9D7B89->65797d0d-2d4a-456d-9b24-1d63a5102722: receive RaftClientReply:client-859D8C9D7B89->65797d0d-2d4a-456d-9b24-1d63a5102722@group-BA7C392EEBCA, cid=2295, SUCCESS, logIndex=3383, commits[65797d0d-2d4a-456d-9b24-1d63a5102722:c3383, aca3f3a4-0773-4ff1-9bb5-1a871868fd09:c3379, abe1c95d-8ae2-42e9-9d83-236e3c187d51:c3379]
2019-07-09 04:31:33,784 INFO  client.GrpcClientProtocolClient (GrpcClientProtocolClient.java:onNext(255)) - client-859D8C9D7B89->65797d0d-2d4a-456d-9b24-1d63a5102722: receive RaftClientReply:client-859D8C9D7B89->65797d0d-2d4a-456d-9b24-1d63a5102722@group-BA7C392EEBCA, cid=2296, SUCCESS, logIndex=0, commits[65797d0d-2d4a-456d-9b24-1d63a5102722:c3385, aca3f3a4-0773-4ff1-9bb5-1a871868fd09:c3383, abe1c95d-8ae2-42e9-9d83-236e3c187d51:c3383]
2019-07-09 04:31:33,810 INFO  client.GrpcClientProtocolClient (GrpcClientProtocolClient.java:onNext(255)) - client-859D8C9D7B89->65797d0d-2d4a-456d-9b24-1d63a5102722: receive RaftClientReply:client-859D8C9D7B89->65797d0d-2d4a-456d-9b24-1d63a5102722@group-BA7C392EEBCA, cid=2297, SUCCESS, logIndex=3386, commits[65797d0d-2d4a-456d-9b24-1d63a5102722:c3387, aca3f3a4-0773-4ff1-9bb5-1a871868fd09:c3385, abe1c95d-8ae2-42e9-9d83-236e3c187d51:c3385]
2019-07-09 04:31:33,811 INFO  client.GrpcClientProtocolClient (GrpcClientProtocolClient.java:onNext(255)) - client-859D8C9D7B89->65797d0d-2d4a-456d-9b24-1d63a5102722: receive RaftClientReply:client-859D8C9D7B89->65797d0d-2d4a-456d-9b24-1d63a5102722@group-BA7C392EEBCA, cid=2298, SUCCESS, logIndex=3387, commits[65797d0d-2d4a-456d-9b24-1d63a5102722:c3389, aca3f3a4-0773-4ff1-9bb5-1a871868fd09:c3385, abe1c95d-8ae2-42e9-9d83-236e3c187d51:c3385]
2019-07-09 04:31:33,811 INFO  client.GrpcClientProtocolClient (GrpcClientProtocolClient.java:onNext(255)) - client-859D8C9D7B89->65797d0d-2d4a-456d-9b24-1d63a5102722: receive RaftClientReply:client-859D8C9D7B89->65797d0d-2d4a-456d-9b24-1d63a5102722@group-BA7C392EEBCA, cid=2299, SUCCESS, logIndex=3388, commits[65797d0d-2d4a-456d-9b24-1d63a5102722:c3389, aca3f3a4-0773-4ff1-9bb5-1a871868fd09:c3385, abe1c95d-8ae2-42e9-9d83-236e3c187d51:c3385]
2019-07-09 04:31:33,811 INFO  client.GrpcClientProtocolClient (GrpcClientProtocolClient.java:onNext(255)) - client-859D8C9D7B89->65797d0d-2d4a-456d-9b24-1d63a5102722: receive RaftClientReply:client-859D8C9D7B89->65797d0d-2d4a-456d-9b24-1d63a5102722@group-BA7C392EEBCA, cid=2300, SUCCESS, logIndex=3389, commits[65797d0d-2d4a-456d-9b24-1d63a5102722:c3389, aca3f3a4-0773-4ff1-9bb5-1a871868fd09:c3385, abe1c95d-8ae2-42e9-9d83-236e3c187d51:c3385]
2019-07-09 04:31:33,823 INFO  client.GrpcClientProtocolClient (GrpcClientProtocolClient.java:onNext(255)) - client-859D8C9D7B89->65797d0d-2d4a-456d-9b24-1d63a5102722: receive RaftClientReply:client-859D8C9D7B89->65797d0d-2d4a-456d-9b24-1d63a5102722@group-BA7C392EEBCA, cid=2301, SUCCESS, logIndex=0, commits[65797d0d-2d4a-456d-9b24-1d63a5102722:c3391, aca3f3a4-0773-4ff1-9bb5-1a871868fd09:c3387, abe1c95d-8ae2-42e9-9d83-236e3c187d51:c3387]
2019-07-09 04:31:33,843 INFO  client.GrpcClientProtocolClient (GrpcClientProtocolClient.java:onNext(255)) - client-859D8C9D7B89->65797d0d-2d4a-456d-9b24-1d63a5102722: receive RaftClientReply:client-859D8C9D7B89->65797d0d-2d4a-456d-9b24-1d63a5102722@group-BA7C392EEBCA, cid=2302, SUCCESS, logIndex=3393, commits[65797d0d-2d4a-456d-9b24-1d63a5102722:c3393, aca3f3a4-0773-4ff1-9bb5-1a871868fd09:c3392, abe1c95d-8ae2-42e9-9d83-236e3c187d51:c3392]
2019-07-09 04:31:33,843 INFO  client.GrpcClientProtocolClient (GrpcClientProtocolClient.java:onNext(255)) - client-859D8C9D7B89->65797d0d-2d4a-456d-9b24-1d63a5102722: receive RaftClientReply:client-859D8C9D7B89->65797d0d-2d4a-456d-9b24-1d63a5102722@group-BA7C392EEBCA, cid=2303, SUCCESS, logIndex=3394, commits[65797d0d-2d4a-456d-9b24-1d63a5102722:c3394, aca3f3a4-0773-4ff1-9bb5-1a871868fd09:c3392, abe1c95d-8ae2-42e9-9d83-236e3c187d51:c3392]
2019-07-09 04:31:33,856 INFO  client.GrpcClientProtocolClient (GrpcClientProtocolClient.java:onNext(255)) - client-859D8C9D7B89->65797d0d-2d4a-456d-9b24-1d63a5102722: receive RaftClientReply:client-859D8C9D7B89->65797d0d-2d4a-456d-9b24-1d63a5102722@group-BA7C392EEBCA, cid=2304, SUCCESS, logIndex=3397, commits[65797d0d-2d4a-456d-9b24-1d63a5102722:c3398, aca3f3a4-0773-4ff1-9bb5-1a871868fd09:c3394, abe1c95d-8ae2-42e9-9d83-236e3c187d51:c3394]
2019-07-09 04:31:33,856 INFO  client.GrpcClientProtocolClient (GrpcClientProtocolClient.java:onNext(255)) - client-859D8C9D7B89->65797d0d-2d4a-456d-9b24-1d63a5102722: receive RaftClientReply:client-859D8C9D7B89->65797d0d-2d4a-456d-9b24-1d63a5102722@group-BA7C392EEBCA, cid=2305, SUCCESS, logIndex=3398, commits[65797d0d-2d4a-456d-9b24-1d63a5102722:c3398, aca3f3a4-0773-4ff1-9bb5-1a871868fd09:c3394, abe1c95d-8ae2-42e9-9d83-236e3c187d51:c3394]
2019-07-09 04:31:33,869 INFO  client.GrpcClientProtocolClient (GrpcClientProtocolClient.java:onNext(255)) - client-859D8C9D7B89->65797d0d-2d4a-456d-9b24-1d63a5102722: receive RaftClientReply:client-859D8C9D7B89->65797d0d-2d4a-456d-9b24-1d63a5102722@group-BA7C392EEBCA, cid=2306, SUCCESS, logIndex=0, commits[65797d0d-2d4a-456d-9b24-1d63a5102722:c3400, aca3f3a4-0773-4ff1-9bb5-1a871868fd09:c3398, abe1c95d-8ae2-42e9-9d83-236e3c187d51:c3398]
2019-07-09 04:31:33,897 INFO  client.GrpcClientProtocolClient (GrpcClientProtocolClient.java:onNext(255)) - client-859D8C9D7B89->65797d0d-2d4a-456d-9b24-1d63a5102722: receive RaftClientReply:client-859D8C9D7B89->65797d0d-2d4a-456d-9b24-1d63a5102722@group-BA7C392EEBCA, cid=2307, SUCCESS, logIndex=3401, commits[65797d0d-2d4a-456d-9b24-1d63a5102722:c3402, aca3f3a4-0773-4ff1-9bb5-1a871868fd09:c3400, abe1c95d-8ae2-42e9-9d83-236e3c187d51:c3400]
2019-07-09 04:31:33,898 INFO  client.GrpcClientProtocolClient (GrpcClientProtocolClient.java:onNext(255)) - client-859D8C9D7B89->65797d0d-2d4a-456d-9b24-1d63a5102722: receive RaftClientReply:client-859D8C9D7B89->65797d0d-2d4a-456d-9b24-1d63a5102722@group-BA7C392EEBCA, cid=2308, SUCCESS, logIndex=3402, commits[65797d0d-2d4a-456d-9b24-1d63a5102722:c3403, aca3f3a4-0773-4ff1-9bb5-1a871868fd09:c3400, abe1c95d-8ae2-42e9-9d83-236e3c187d51:c3400]
2019-07-09 04:31:33,898 INFO  client.GrpcClientProtocolClient (GrpcClientProtocolClient.java:onNext(255)) - client-859D8C9D7B89->65797d0d-2d4a-456d-9b24-1d63a5102722: receive RaftClientReply:client-859D8C9D7B89->65797d0d-2d4a-456d-9b24-1d63a5102722@group-BA7C392EEBCA, cid=2309, SUCCESS, logIndex=3403, commits[65797d0d-2d4a-456d-9b24-1d63a5102722:c3404, aca3f3a4-0773-4ff1-9bb5-1a871868fd09:c3400, abe1c95d-8ae2-42e9-9d83-236e3c187d51:c3400]
2019-07-09 04:31:33,898 INFO  client.GrpcClientProtocolClient (GrpcClientProtocolClient.java:onNext(255)) - client-859D8C9D7B89->65797d0d-2d4a-456d-9b24-1d63a5102722: receive RaftClientReply:client-859D8C9D7B89->65797d0d-2d4a-456d-9b24-1d63a5102722@group-BA7C392EEBCA, cid=2310, SUCCESS, logIndex=3404, commits[65797d0d-2d4a-456d-9b24-1d63a5102722:c3404, aca3f3a4-0773-4ff1-9bb5-1a871868fd09:c3400, abe1c95d-8ae2-42e9-9d83-236e3c187d51:c3400]
2019-07-09 04:31:33,899 INFO  client.GrpcClientProtocolClient (GrpcClientProtocolClient.java:onNext(255)) - client-859D8C9D7B89->65797d0d-2d4a-456d-9b24-1d63a5102722: receive RaftClientReply:client-859D8C9D7B89->65797d0d-2d4a-456d-9b24-1d63a5102722@group-BA7C392EEBCA, cid=2311, SUCCESS, logIndex=0, commits[65797d0d-2d4a-456d-9b24-1d63a5102722:c3408, aca3f3a4-0773-4ff1-9bb5-1a871868fd09:c3402, abe1c95d-8ae2-42e9-9d83-236e3c187d51:c3404]
2019-07-09 04:31:33,919 INFO  client.GrpcClientProtocolClient (GrpcClientProtocolClient.java:onNext(255)) - client-859D8C9D7B89->65797d0d-2d4a-456d-9b24-1d63a5102722: receive RaftClientReply:client-859D8C9D7B89->65797d0d-2d4a-456d-9b24-1d63a5102722@group-BA7C392EEBCA, cid=2312, SUCCESS, logIndex=3409, commits[65797d0d-2d4a-456d-9b24-1d63a5102722:c3410, aca3f3a4-0773-4ff1-9bb5-1a871868fd09:c3408, abe1c95d-8ae2-42e9-9d83-236e3c187d51:c3408]
2019-07-09 04:31:33,919 INFO  client.GrpcClientProtocolClient (GrpcClientProtocolClient.java:onNext(255)) - client-859D8C9D7B89->65797d0d-2d4a-456d-9b24-1d63a5102722: receive RaftClientReply:client-859D8C9D7B89->65797d0d-2d4a-456d-9b24-1d63a5102722@group-BA7C392EEBCA, cid=2313, SUCCESS, logIndex=3410, commits[65797d0d-2d4a-456d-9b24-1d63a5102722:c3410, aca3f3a4-0773-4ff1-9bb5-1a871868fd09:c3408, abe1c95d-8ae2-42e9-9d83-236e3c187d51:c3408]
2019-07-09 04:31:34,044 INFO  client.GrpcClientProtocolClient (GrpcClientProtocolClient.java:onNext(255)) - client-859D8C9D7B89->65797d0d-2d4a-456d-9b24-1d63a5102722: receive RaftClientReply:client-859D8C9D7B89->65797d0d-2d4a-456d-9b24-1d63a5102722@group-BA7C392EEBCA, cid=2314, SUCCESS, logIndex=3413, commits[65797d0d-2d4a-456d-9b24-1d63a5102722:c3414, aca3f3a4-0773-4ff1-9bb5-1a871868fd09:c3411, abe1c95d-8ae2-42e9-9d83-236e3c187d51:c3411]
2019-07-09 04:31:34,044 INFO  client.GrpcClientProtocolClient (GrpcClientProtocolClient.java:onNext(255)) - client-859D8C9D7B89->65797d0d-2d4a-456d-9b24-1d63a5102722: receive RaftClientReply:client-859D8C9D7B89->65797d0d-2d4a-456d-9b24-1d63a5102722@group-BA7C392EEBCA, cid=2315, SUCCESS, logIndex=3414, commits[65797d0d-2d4a-456d-9b24-1d63a5102722:c3414, aca3f3a4-0773-4ff1-9bb5-1a871868fd09:c3411, abe1c95d-8ae2-42e9-9d83-236e3c187d51:c3411]
2019-07-09 04:31:34,055 INFO  client.GrpcClientProtocolClient (GrpcClientProtocolClient.java:onNext(255)) - client-859D8C9D7B89->65797d0d-2d4a-456d-9b24-1d63a5102722: receive RaftClientReply:client-859D8C9D7B89->65797d0d-2d4a-456d-9b24-1d63a5102722@group-BA7C392EEBCA, cid=2316, SUCCESS, logIndex=0, commits[65797d0d-2d4a-456d-9b24-1d63a5102722:c3415, aca3f3a4-0773-4ff1-9bb5-1a871868fd09:c3414, abe1c95d-8ae2-42e9-9d83-236e3c187d51:c3414]
2019-07-09 04:31:34,087 INFO  client.GrpcClientProtocolClient (GrpcClientProtocolClient.java:onNext(255)) - client-859D8C9D7B89->65797d0d-2d4a-456d-9b24-1d63a5102722: receive RaftClientReply:client-859D8C9D7B89->65797d0d-2d4a-456d-9b24-1d63a5102722@group-BA7C392EEBCA, cid=2317, SUCCESS, logIndex=3417, commits[65797d0d-2d4a-456d-9b24-1d63a5102722:c3420, aca3f3a4-0773-4ff1-9bb5-1a871868fd09:c3414, abe1c95d-8ae2-42e9-9d83-236e3c187d51:c3416]
2019-07-09 04:31:34,088 INFO  client.GrpcClientProtocolClient (GrpcClientProtocolClient.java:onNext(255)) - client-859D8C9D7B89->65797d0d-2d4a-456d-9b24-1d63a5102722: receive RaftClientReply:client-859D8C9D7B89->65797d0d-2d4a-456d-9b24-1d63a5102722@group-BA7C392EEBCA, cid=2318, SUCCESS, logIndex=3418, commits[65797d0d-2d4a-456d-9b24-1d63a5102722:c3420, aca3f3a4-0773-4ff1-9bb5-1a871868fd09:c3416, abe1c95d-8ae2-42e9-9d83-236e3c187d51:c3416]
2019-07-09 04:31:34,088 INFO  client.GrpcClientProtocolClient (GrpcClientProtocolClient.java:onNext(255)) - client-859D8C9D7B89->65797d0d-2d4a-456d-9b24-1d63a5102722: receive RaftClientReply:client-859D8C9D7B89->65797d0d-2d4a-456d-9b24-1d63a5102722@group-BA7C392EEBCA, cid=2319, SUCCESS, logIndex=3419, commits[65797d0d-2d4a-456d-9b24-1d63a5102722:c3420, aca3f3a4-0773-4ff1-9bb5-1a871868fd09:c3416, abe1c95d-8ae2-42e9-9d83-236e3c187d51:c3416]
2019-07-09 04:31:34,088 INFO  client.GrpcClientProtocolClient (GrpcClientProtocolClient.java:onNext(255)) - client-859D8C9D7B89->65797d0d-2d4a-456d-9b24-1d63a5102722: receive RaftClientReply:client-859D8C9D7B89->65797d0d-2d4a-456d-9b24-1d63a5102722@group-BA7C392EEBCA, cid=2320, SUCCESS, logIndex=3420, commits[65797d0d-2d4a-456d-9b24-1d63a5102722:c3421, aca3f3a4-0773-4ff1-9bb5-1a871868fd09:c3416, abe1c95d-8ae2-42e9-9d83-236e3c187d51:c3418]
2019-07-09 04:31:34,089 INFO  client.GrpcClientProtocolClient (GrpcClientProtocolClient.java:onNext(255)) - client-859D8C9D7B89->65797d0d-2d4a-456d-9b24-1d63a5102722: receive RaftClientReply:client-859D8C9D7B89->65797d0d-2d4a-456d-9b24-1d63a5102722@group-BA7C392EEBCA, cid=2321, SUCCESS, logIndex=0, commits[65797d0d-2d4a-456d-9b24-1d63a5102722:c3421, aca3f3a4-0773-4ff1-9bb5-1a871868fd09:c3418, abe1c95d-8ae2-42e9-9d83-236e3c187d51:c3418]
2019-07-09 04:31:34,110 INFO  client.GrpcClientProtocolClient (GrpcClientProtocolClient.java:onNext(255)) - client-859D8C9D7B89->65797d0d-2d4a-456d-9b24-1d63a5102722: receive RaftClientReply:client-859D8C9D7B89->65797d0d-2d4a-456d-9b24-1d63a5102722@group-BA7C392EEBCA, cid=2322, SUCCESS, logIndex=3425, commits[65797d0d-2d4a-456d-9b24-1d63a5102722:c3426, aca3f3a4-0773-4ff1-9bb5-1a871868fd09:c3424, abe1c95d-8ae2-42e9-9d83-236e3c187d51:c3424]
2019-07-09 04:31:34,110 INFO  client.GrpcClientProtocolClient (GrpcClientProtocolClient.java:onNext(255)) - client-859D8C9D7B89->65797d0d-2d4a-456d-9b24-1d63a5102722: receive RaftClientReply:client-859D8C9D7B89->65797d0d-2d4a-456d-9b24-1d63a5102722@group-BA7C392EEBCA, cid=2323, SUCCESS, logIndex=3426, commits[65797d0d-2d4a-456d-9b24-1d63a5102722:c3426, aca3f3a4-0773-4ff1-9bb5-1a871868fd09:c3424, abe1c95d-8ae2-42e9-9d83-236e3c187d51:c3424]
2019-07-09 04:31:34,124 INFO  client.GrpcClientProtocolClient (GrpcClientProtocolClient.java:onNext(255)) - client-859D8C9D7B89->65797d0d-2d4a-456d-9b24-1d63a5102722: receive RaftClientReply:client-859D8C9D7B89->65797d0d-2d4a-456d-9b24-1d63a5102722@group-BA7C392EEBCA, cid=2324, SUCCESS, logIndex=3429, commits[65797d0d-2d4a-456d-9b24-1d63a5102722:c3429, aca3f3a4-0773-4ff1-9bb5-1a871868fd09:c3426, abe1c95d-8ae2-42e9-9d83-236e3c187d51:c3426]
2019-07-09 04:31:34,124 INFO  client.GrpcClientProtocolClient (GrpcClientProtocolClient.java:onNext(255)) - client-859D8C9D7B89->65797d0d-2d4a-456d-9b24-1d63a5102722: receive RaftClientReply:client-859D8C9D7B89->65797d0d-2d4a-456d-9b24-1d63a5102722@group-BA7C392EEBCA, cid=2325, SUCCESS, logIndex=3430, commits[65797d0d-2d4a-456d-9b24-1d63a5102722:c3430, aca3f3a4-0773-4ff1-9bb5-1a871868fd09:c3426, abe1c95d-8ae2-42e9-9d83-236e3c187d51:c3426]
2019-07-09 04:31:34,136 INFO  client.GrpcClientProtocolClient (GrpcClientProtocolClient.java:onNext(255)) - client-859D8C9D7B89->65797d0d-2d4a-456d-9b24-1d63a5102722: receive RaftClientReply:client-859D8C9D7B89->65797d0d-2d4a-456d-9b24-1d63a5102722@group-BA7C392EEBCA, cid=2326, SUCCESS, logIndex=0, commits[65797d0d-2d4a-456d-9b24-1d63a5102722:c3432, aca3f3a4-0773-4ff1-9bb5-1a871868fd09:c3430, abe1c95d-8ae2-42e9-9d83-236e3c187d51:c3430]
2019-07-09 04:31:34,165 INFO  client.GrpcClientProtocolClient (GrpcClientProtocolClient.java:onNext(255)) - client-859D8C9D7B89->65797d0d-2d4a-456d-9b24-1d63a5102722: receive RaftClientReply:client-859D8C9D7B89->65797d0d-2d4a-456d-9b24-1d63a5102722@group-BA7C392EEBCA, cid=2327, SUCCESS, logIndex=3433, commits[65797d0d-2d4a-456d-9b24-1d63a5102722:c3436, aca3f3a4-0773-4ff1-9bb5-1a871868fd09:c3432, abe1c95d-8ae2-42e9-9d83-236e3c187d51:c3432]
2019-07-09 04:31:34,165 INFO  client.GrpcClientProtocolClient (GrpcClientProtocolClient.java:onNext(255)) - client-859D8C9D7B89->65797d0d-2d4a-456d-9b24-1d63a5102722: receive RaftClientReply:client-859D8C9D7B89->65797d0d-2d4a-456d-9b24-1d63a5102722@group-BA7C392EEBCA, cid=2328, SUCCESS, logIndex=3434, commits[65797d0d-2d4a-456d-9b24-1d63a5102722:c3436, aca3f3a4-0773-4ff1-9bb5-1a871868fd09:c3432, abe1c95d-8ae2-42e9-9d83-236e3c187d51:c3432]
2019-07-09 04:31:34,166 INFO  client.GrpcClientProtocolClient (GrpcClientProtocolClient.java:onNext(255)) - client-859D8C9D7B89->65797d0d-2d4a-456d-9b24-1d63a5102722: receive RaftClientReply:client-859D8C9D7B89->65797d0d-2d4a-456d-9b24-1d63a5102722@group-BA7C392EEBCA, cid=2329, SUCCESS, logIndex=3435, commits[65797d0d-2d4a-456d-9b24-1d63a5102722:c3436, aca3f3a4-0773-4ff1-9bb5-1a871868fd09:c3432, abe1c95d-8ae2-42e9-9d83-236e3c187d51:c3432]
2019-07-09 04:31:34,166 INFO  client.GrpcClientProtocolClient (GrpcClientProtocolClient.java:onNext(255)) - client-859D8C9D7B89->65797d0d-2d4a-456d-9b24-1d63a5102722: receive RaftClientReply:client-859D8C9D7B89->65797d0d-2d4a-456d-9b24-1d63a5102722@group-BA7C392EEBCA, cid=2330, SUCCESS, logIndex=3436, commits[65797d0d-2d4a-456d-9b24-1d63a5102722:c3436, aca3f3a4-0773-4ff1-9bb5-1a871868fd09:c3432, abe1c95d-8ae2-42e9-9d83-236e3c187d51:c3432]
2019-07-09 04:31:34,167 INFO  client.GrpcClientProtocolClient (GrpcClientProtocolClient.java:onNext(255)) - client-859D8C9D7B89->65797d0d-2d4a-456d-9b24-1d63a5102722: receive RaftClientReply:client-859D8C9D7B89->65797d0d-2d4a-456d-9b24-1d63a5102722@group-BA7C392EEBCA, cid=2331, SUCCESS, logIndex=0, commits[65797d0d-2d4a-456d-9b24-1d63a5102722:c3439, aca3f3a4-0773-4ff1-9bb5-1a871868fd09:c3435, abe1c95d-8ae2-42e9-9d83-236e3c187d51:c3434]
2019-07-09 04:31:34,186 INFO  client.GrpcClientProtocolClient (GrpcClientProtocolClient.java:onNext(255)) - client-859D8C9D7B89->65797d0d-2d4a-456d-9b24-1d63a5102722: receive RaftClientReply:client-859D8C9D7B89->65797d0d-2d4a-456d-9b24-1d63a5102722@group-BA7C392EEBCA, cid=2332, SUCCESS, logIndex=3441, commits[65797d0d-2d4a-456d-9b24-1d63a5102722:c3442, aca3f3a4-0773-4ff1-9bb5-1a871868fd09:c3440, abe1c95d-8ae2-42e9-9d83-236e3c187d51:c3440]
2019-07-09 04:31:34,186 INFO  client.GrpcClientProtocolClient (GrpcClientProtocolClient.java:onNext(255)) - client-859D8C9D7B89->65797d0d-2d4a-456d-9b24-1d63a5102722: receive RaftClientReply:client-859D8C9D7B89->65797d0d-2d4a-456d-9b24-1d63a5102722@group-BA7C392EEBCA, cid=2333, SUCCESS, logIndex=3442, commits[65797d0d-2d4a-456d-9b24-1d63a5102722:c3442, aca3f3a4-0773-4ff1-9bb5-1a871868fd09:c3440, abe1c95d-8ae2-42e9-9d83-236e3c187d51:c3440]
2019-07-09 04:31:34,199 INFO  client.GrpcClientProtocolClient (GrpcClientProtocolClient.java:onNext(255)) - client-859D8C9D7B89->65797d0d-2d4a-456d-9b24-1d63a5102722: receive RaftClientReply:client-859D8C9D7B89->65797d0d-2d4a-456d-9b24-1d63a5102722@group-BA7C392EEBCA, cid=2334, SUCCESS, logIndex=3445, commits[65797d0d-2d4a-456d-9b24-1d63a5102722:c3446, aca3f3a4-0773-4ff1-9bb5-1a871868fd09:c3442, abe1c95d-8ae2-42e9-9d83-236e3c187d51:c3442]
2019-07-09 04:31:34,199 INFO  client.GrpcClientProtocolClient (GrpcClientProtocolClient.java:onNext(255)) - client-859D8C9D7B89->65797d0d-2d4a-456d-9b24-1d63a5102722: receive RaftClientReply:client-859D8C9D7B89->65797d0d-2d4a-456d-9b24-1d63a5102722@group-BA7C392EEBCA, cid=2335, SUCCESS, logIndex=3446, commits[65797d0d-2d4a-456d-9b24-1d63a5102722:c3446, aca3f3a4-0773-4ff1-9bb5-1a871868fd09:c3442, abe1c95d-8ae2-42e9-9d83-236e3c187d51:c3442]
2019-07-09 04:31:34,212 INFO  client.GrpcClientProtocolClient (GrpcClientProtocolClient.java:onNext(255)) - client-859D8C9D7B89->65797d0d-2d4a-456d-9b24-1d63a5102722: receive RaftClientReply:client-859D8C9D7B89->65797d0d-2d4a-456d-9b24-1d63a5102722@group-BA7C392EEBCA, cid=2336, SUCCESS, logIndex=0, commits[65797d0d-2d4a-456d-9b24-1d63a5102722:c3448, aca3f3a4-0773-4ff1-9bb5-1a871868fd09:c3446, abe1c95d-8ae2-42e9-9d83-236e3c187d51:c3446]
2019-07-09 04:31:34,240 INFO  client.GrpcClientProtocolClient (GrpcClientProtocolClient.java:onNext(255)) - client-859D8C9D7B89->65797d0d-2d4a-456d-9b24-1d63a5102722: receive RaftClientReply:client-859D8C9D7B89->65797d0d-2d4a-456d-9b24-1d63a5102722@group-BA7C392EEBCA, cid=2337, SUCCESS, logIndex=3449, commits[65797d0d-2d4a-456d-9b24-1d63a5102722:c3450, aca3f3a4-0773-4ff1-9bb5-1a871868fd09:c3448, abe1c95d-8ae2-42e9-9d83-236e3c187d51:c3448]
2019-07-09 04:31:34,241 INFO  client.GrpcClientProtocolClient (GrpcClientProtocolClient.java:onNext(255)) - client-859D8C9D7B89->65797d0d-2d4a-456d-9b24-1d63a5102722: receive RaftClientReply:client-859D8C9D7B89->65797d0d-2d4a-456d-9b24-1d63a5102722@group-BA7C392EEBCA, cid=2338, SUCCESS, logIndex=3450, commits[65797d0d-2d4a-456d-9b24-1d63a5102722:c3450, aca3f3a4-0773-4ff1-9bb5-1a871868fd09:c3448, abe1c95d-8ae2-42e9-9d83-236e3c187d51:c3448]
2019-07-09 04:31:34,242 INFO  client.GrpcClientProtocolClient (GrpcClientProtocolClient.java:onNext(255)) - client-859D8C9D7B89->65797d0d-2d4a-456d-9b24-1d63a5102722: receive RaftClientReply:client-859D8C9D7B89->65797d0d-2d4a-456d-9b24-1d63a5102722@group-BA7C392EEBCA, cid=2339, SUCCESS, logIndex=3451, commits[65797d0d-2d4a-456d-9b24-1d63a5102722:c3452, aca3f3a4-0773-4ff1-9bb5-1a871868fd09:c3448, abe1c95d-8ae2-42e9-9d83-236e3c187d51:c3448]
2019-07-09 04:31:34,242 INFO  client.GrpcClientProtocolClient (GrpcClientProtocolClient.java:onNext(255)) - client-859D8C9D7B89->65797d0d-2d4a-456d-9b24-1d63a5102722: receive RaftClientReply:client-859D8C9D7B89->65797d0d-2d4a-456d-9b24-1d63a5102722@group-BA7C392EEBCA, cid=2340, SUCCESS, logIndex=3452, commits[65797d0d-2d4a-456d-9b24-1d63a5102722:c3452, aca3f3a4-0773-4ff1-9bb5-1a871868fd09:c3448, abe1c95d-8ae2-42e9-9d83-236e3c187d51:c3448]
2019-07-09 04:31:34,243 INFO  client.GrpcClientProtocolClient (GrpcClientProtocolClient.java:onNext(255)) - client-859D8C9D7B89->65797d0d-2d4a-456d-9b24-1d63a5102722: receive RaftClientReply:client-859D8C9D7B89->65797d0d-2d4a-456d-9b24-1d63a5102722@group-BA7C392EEBCA, cid=2341, SUCCESS, logIndex=0, commits[65797d0d-2d4a-456d-9b24-1d63a5102722:c3454, aca3f3a4-0773-4ff1-9bb5-1a871868fd09:c3450, abe1c95d-8ae2-42e9-9d83-236e3c187d51:c3450]
2019-07-09 04:31:34,264 INFO  client.GrpcClientProtocolClient (GrpcClientProtocolClient.java:onNext(255)) - client-859D8C9D7B89->65797d0d-2d4a-456d-9b24-1d63a5102722: receive RaftClientReply:client-859D8C9D7B89->65797d0d-2d4a-456d-9b24-1d63a5102722@group-BA7C392EEBCA, cid=2342, SUCCESS, logIndex=3457, commits[65797d0d-2d4a-456d-9b24-1d63a5102722:c3458, aca3f3a4-0773-4ff1-9bb5-1a871868fd09:c3456, abe1c95d-8ae2-42e9-9d83-236e3c187d51:c3456]
2019-07-09 04:31:34,265 INFO  client.GrpcClientProtocolClient (GrpcClientProtocolClient.java:onNext(255)) - client-859D8C9D7B89->65797d0d-2d4a-456d-9b24-1d63a5102722: receive RaftClientReply:client-859D8C9D7B89->65797d0d-2d4a-456d-9b24-1d63a5102722@group-BA7C392EEBCA, cid=2343, SUCCESS, logIndex=3458, commits[65797d0d-2d4a-456d-9b24-1d63a5102722:c3458, aca3f3a4-0773-4ff1-9bb5-1a871868fd09:c3456, abe1c95d-8ae2-42e9-9d83-236e3c187d51:c3456]
2019-07-09 04:31:34,278 INFO  client.GrpcClientProtocolClient (GrpcClientProtocolClient.java:onNext(255)) - client-859D8C9D7B89->65797d0d-2d4a-456d-9b24-1d63a5102722: receive RaftClientReply:client-859D8C9D7B89->65797d0d-2d4a-456d-9b24-1d63a5102722@group-BA7C392EEBCA, cid=2344, SUCCESS, logIndex=3461, commits[65797d0d-2d4a-456d-9b24-1d63a5102722:c3461, aca3f3a4-0773-4ff1-9bb5-1a871868fd09:c3458, abe1c95d-8ae2-42e9-9d83-236e3c187d51:c3458]
2019-07-09 04:31:34,278 INFO  client.GrpcClientProtocolClient (GrpcClientProtocolClient.java:onNext(255)) - client-859D8C9D7B89->65797d0d-2d4a-456d-9b24-1d63a5102722: receive RaftClientReply:client-859D8C9D7B89->65797d0d-2d4a-456d-9b24-1d63a5102722@group-BA7C392EEBCA, cid=2345, SUCCESS, logIndex=3462, commits[65797d0d-2d4a-456d-9b24-1d63a5102722:c3462, aca3f3a4-0773-4ff1-9bb5-1a871868fd09:c3458, abe1c95d-8ae2-42e9-9d83-236e3c187d51:c3458]
2019-07-09 04:31:34,291 INFO  client.GrpcClientProtocolClient (GrpcClientProtocolClient.java:onNext(255)) - client-859D8C9D7B89->65797d0d-2d4a-456d-9b24-1d63a5102722: receive RaftClientReply:client-859D8C9D7B89->65797d0d-2d4a-456d-9b24-1d63a5102722@group-BA7C392EEBCA, cid=2346, SUCCESS, logIndex=0, commits[65797d0d-2d4a-456d-9b24-1d63a5102722:c3464, aca3f3a4-0773-4ff1-9bb5-1a871868fd09:c3462, abe1c95d-8ae2-42e9-9d83-236e3c187d51:c3462]
2019-07-09 04:31:34,317 INFO  client.GrpcClientProtocolClient (GrpcClientProtocolClient.java:onNext(255)) - client-859D8C9D7B89->65797d0d-2d4a-456d-9b24-1d63a5102722: receive RaftClientReply:client-859D8C9D7B89->65797d0d-2d4a-456d-9b24-1d63a5102722@group-BA7C392EEBCA, cid=2347, SUCCESS, logIndex=3465, commits[65797d0d-2d4a-456d-9b24-1d63a5102722:c3466, aca3f3a4-0773-4ff1-9bb5-1a871868fd09:c3464, abe1c95d-8ae2-42e9-9d83-236e3c187d51:c3464]
2019-07-09 04:31:34,317 INFO  client.GrpcClientProtocolClient (GrpcClientProtocolClient.java:onNext(255)) - client-859D8C9D7B89->65797d0d-2d4a-456d-9b24-1d63a5102722: receive RaftClientReply:client-859D8C9D7B89->65797d0d-2d4a-456d-9b24-1d63a5102722@group-BA7C392EEBCA, cid=2348, SUCCESS, logIndex=3466, commits[65797d0d-2d4a-456d-9b24-1d63a5102722:c3468, aca3f3a4-0773-4ff1-9bb5-1a871868fd09:c3464, abe1c95d-8ae2-42e9-9d83-236e3c187d51:c3464]
2019-07-09 04:31:34,318 INFO  client.GrpcClientProtocolClient (GrpcClientProtocolClient.java:onNext(255)) - client-859D8C9D7B89->65797d0d-2d4a-456d-9b24-1d63a5102722: receive RaftClientReply:client-859D8C9D7B89->65797d0d-2d4a-456d-9b24-1d63a5102722@group-BA7C392EEBCA, cid=2349, SUCCESS, logIndex=3467, commits[65797d0d-2d4a-456d-9b24-1d63a5102722:c3468, aca3f3a4-0773-4ff1-9bb5-1a871868fd09:c3464, abe1c95d-8ae2-42e9-9d83-236e3c187d51:c3464]
2019-07-09 04:31:34,318 INFO  client.GrpcClientProtocolClient (GrpcClientProtocolClient.java:onNext(255)) - client-859D8C9D7B89->65797d0d-2d4a-456d-9b24-1d63a5102722: receive RaftClientReply:client-859D8C9D7B89->65797d0d-2d4a-456d-9b24-1d63a5102722@group-BA7C392EEBCA, cid=2350, SUCCESS, logIndex=3468, commits[65797d0d-2d4a-456d-9b24-1d63a5102722:c3468, aca3f3a4-0773-4ff1-9bb5-1a871868fd09:c3464, abe1c95d-8ae2-42e9-9d83-236e3c187d51:c3464]
2019-07-09 04:31:34,319 INFO  client.GrpcClientProtocolClient (GrpcClientProtocolClient.java:onNext(255)) - client-859D8C9D7B89->65797d0d-2d4a-456d-9b24-1d63a5102722: receive RaftClientReply:client-859D8C9D7B89->65797d0d-2d4a-456d-9b24-1d63a5102722@group-BA7C392EEBCA, cid=2351, SUCCESS, logIndex=0, commits[65797d0d-2d4a-456d-9b24-1d63a5102722:c3470, aca3f3a4-0773-4ff1-9bb5-1a871868fd09:c3466, abe1c95d-8ae2-42e9-9d83-236e3c187d51:c3466]
2019-07-09 04:31:34,338 INFO  client.GrpcClientProtocolClient (GrpcClientProtocolClient.java:onNext(255)) - client-859D8C9D7B89->65797d0d-2d4a-456d-9b24-1d63a5102722: receive RaftClientReply:client-859D8C9D7B89->65797d0d-2d4a-456d-9b24-1d63a5102722@group-BA7C392EEBCA, cid=2352, SUCCESS, logIndex=3472, commits[65797d0d-2d4a-456d-9b24-1d63a5102722:c3473, aca3f3a4-0773-4ff1-9bb5-1a871868fd09:c3471, abe1c95d-8ae2-42e9-9d83-236e3c187d51:c3471]
2019-07-09 04:31:34,338 INFO  client.GrpcClientProtocolClient (GrpcClientProtocolClient.java:onNext(255)) - client-859D8C9D7B89->65797d0d-2d4a-456d-9b24-1d63a5102722: receive RaftClientReply:client-859D8C9D7B89->65797d0d-2d4a-456d-9b24-1d63a5102722@group-BA7C392EEBCA, cid=2353, SUCCESS, logIndex=3473, commits[65797d0d-2d4a-456d-9b24-1d63a5102722:c3473, aca3f3a4-0773-4ff1-9bb5-1a871868fd09:c3471, abe1c95d-8ae2-42e9-9d83-236e3c187d51:c3471]
2019-07-09 04:31:34,351 INFO  client.GrpcClientProtocolClient (GrpcClientProtocolClient.java:onNext(255)) - client-859D8C9D7B89->65797d0d-2d4a-456d-9b24-1d63a5102722: receive RaftClientReply:client-859D8C9D7B89->65797d0d-2d4a-456d-9b24-1d63a5102722@group-BA7C392EEBCA, cid=2354, SUCCESS, logIndex=3476, commits[65797d0d-2d4a-456d-9b24-1d63a5102722:c3477, aca3f3a4-0773-4ff1-9bb5-1a871868fd09:c3473, abe1c95d-8ae2-42e9-9d83-236e3c187d51:c3473]
2019-07-09 04:31:34,351 INFO  client.GrpcClientProtocolClient (GrpcClientProtocolClient.java:onNext(255)) - client-859D8C9D7B89->65797d0d-2d4a-456d-9b24-1d63a5102722: receive RaftClientReply:client-859D8C9D7B89->65797d0d-2d4a-456d-9b24-1d63a5102722@group-BA7C392EEBCA, cid=2355, SUCCESS, logIndex=3477, commits[65797d0d-2d4a-456d-9b24-1d63a5102722:c3477, aca3f3a4-0773-4ff1-9bb5-1a871868fd09:c3473, abe1c95d-8ae2-42e9-9d83-236e3c187d51:c3473]
2019-07-09 04:31:34,363 INFO  client.GrpcClientProtocolClient (GrpcClientProtocolClient.java:onNext(255)) - client-859D8C9D7B89->65797d0d-2d4a-456d-9b24-1d63a5102722: receive RaftClientReply:client-859D8C9D7B89->65797d0d-2d4a-456d-9b24-1d63a5102722@group-BA7C392EEBCA, cid=2356, SUCCESS, logIndex=0, commits[65797d0d-2d4a-456d-9b24-1d63a5102722:c3478, aca3f3a4-0773-4ff1-9bb5-1a871868fd09:c3477, abe1c95d-8ae2-42e9-9d83-236e3c187d51:c3477]
 0.00% |█                                                                                                    |  0/1 Time: 0:00:192019-07-09 04:31:34,393 INFO  client.GrpcClientProtocolClient (GrpcClientProtocolClient.java:onNext(255)) - client-859D8C9D7B89->65797d0d-2d4a-456d-9b24-1d63a5102722: receive RaftClientReply:client-859D8C9D7B89->65797d0d-2d4a-456d-9b24-1d63a5102722@group-BA7C392EEBCA, cid=2357, SUCCESS, logIndex=3480, commits[65797d0d-2d4a-456d-9b24-1d63a5102722:c3481, aca3f3a4-0773-4ff1-9bb5-1a871868fd09:c3479, abe1c95d-8ae2-42e9-9d83-236e3c187d51:c3479]
2019-07-09 04:31:34,394 INFO  client.GrpcClientProtocolClient (GrpcClientProtocolClient.java:onNext(255)) - client-859D8C9D7B89->65797d0d-2d4a-456d-9b24-1d63a5102722: receive RaftClientReply:client-859D8C9D7B89->65797d0d-2d4a-456d-9b24-1d63a5102722@group-BA7C392EEBCA, cid=2358, SUCCESS, logIndex=3481, commits[65797d0d-2d4a-456d-9b24-1d63a5102722:c3483, aca3f3a4-0773-4ff1-9bb5-1a871868fd09:c3479, abe1c95d-8ae2-42e9-9d83-236e3c187d51:c3479]
2019-07-09 04:31:34,394 INFO  client.GrpcClientProtocolClient (GrpcClientProtocolClient.java:onNext(255)) - client-859D8C9D7B89->65797d0d-2d4a-456d-9b24-1d63a5102722: receive RaftClientReply:client-859D8C9D7B89->65797d0d-2d4a-456d-9b24-1d63a5102722@group-BA7C392EEBCA, cid=2359, SUCCESS, logIndex=3482, commits[65797d0d-2d4a-456d-9b24-1d63a5102722:c3483, aca3f3a4-0773-4ff1-9bb5-1a871868fd09:c3479, abe1c95d-8ae2-42e9-9d83-236e3c187d51:c3479]
2019-07-09 04:31:34,394 INFO  client.GrpcClientProtocolClient (GrpcClientProtocolClient.java:onNext(255)) - client-859D8C9D7B89->65797d0d-2d4a-456d-9b24-1d63a5102722: receive RaftClientReply:client-859D8C9D7B89->65797d0d-2d4a-456d-9b24-1d63a5102722@group-BA7C392EEBCA, cid=2360, SUCCESS, logIndex=3483, commits[65797d0d-2d4a-456d-9b24-1d63a5102722:c3483, aca3f3a4-0773-4ff1-9bb5-1a871868fd09:c3479, abe1c95d-8ae2-42e9-9d83-236e3c187d51:c3479]
2019-07-09 04:31:34,396 INFO  client.GrpcClientProtocolClient (GrpcClientProtocolClient.java:onNext(255)) - client-859D8C9D7B89->65797d0d-2d4a-456d-9b24-1d63a5102722: receive RaftClientReply:client-859D8C9D7B89->65797d0d-2d4a-456d-9b24-1d63a5102722@group-BA7C392EEBCA, cid=2361, SUCCESS, logIndex=0, commits[65797d0d-2d4a-456d-9b24-1d63a5102722:c3486, aca3f3a4-0773-4ff1-9bb5-1a871868fd09:c3481, abe1c95d-8ae2-42e9-9d83-236e3c187d51:c3482]
2019-07-09 04:31:34,416 INFO  client.GrpcClientProtocolClient (GrpcClientProtocolClient.java:onNext(255)) - client-859D8C9D7B89->65797d0d-2d4a-456d-9b24-1d63a5102722: receive RaftClientReply:client-859D8C9D7B89->65797d0d-2d4a-456d-9b24-1d63a5102722@group-BA7C392EEBCA, cid=2362, SUCCESS, logIndex=3488, commits[65797d0d-2d4a-456d-9b24-1d63a5102722:c3489, aca3f3a4-0773-4ff1-9bb5-1a871868fd09:c3487, abe1c95d-8ae2-42e9-9d83-236e3c187d51:c3483]
2019-07-09 04:31:34,416 INFO  client.GrpcClientProtocolClient (GrpcClientProtocolClient.java:onNext(255)) - client-859D8C9D7B89->65797d0d-2d4a-456d-9b24-1d63a5102722: receive RaftClientReply:client-859D8C9D7B89->65797d0d-2d4a-456d-9b24-1d63a5102722@group-BA7C392EEBCA, cid=2363, SUCCESS, logIndex=3489, commits[65797d0d-2d4a-456d-9b24-1d63a5102722:c3489, aca3f3a4-0773-4ff1-9bb5-1a871868fd09:c3487, abe1c95d-8ae2-42e9-9d83-236e3c187d51:c3487]
2019-07-09 04:31:34,429 INFO  client.GrpcClientProtocolClient (GrpcClientProtocolClient.java:onNext(255)) - client-859D8C9D7B89->65797d0d-2d4a-456d-9b24-1d63a5102722: receive RaftClientReply:client-859D8C9D7B89->65797d0d-2d4a-456d-9b24-1d63a5102722@group-BA7C392EEBCA, cid=2364, SUCCESS, logIndex=3492, commits[65797d0d-2d4a-456d-9b24-1d63a5102722:c3493, aca3f3a4-0773-4ff1-9bb5-1a871868fd09:c3489, abe1c95d-8ae2-42e9-9d83-236e3c187d51:c3489]
2019-07-09 04:31:34,430 INFO  client.GrpcClientProtocolClient (GrpcClientProtocolClient.java:onNext(255)) - client-859D8C9D7B89->65797d0d-2d4a-456d-9b24-1d63a5102722: receive RaftClientReply:client-859D8C9D7B89->65797d0d-2d4a-456d-9b24-1d63a5102722@group-BA7C392EEBCA, cid=2365, SUCCESS, logIndex=3493, commits[65797d0d-2d4a-456d-9b24-1d63a5102722:c3493, aca3f3a4-0773-4ff1-9bb5-1a871868fd09:c3489, abe1c95d-8ae2-42e9-9d83-236e3c187d51:c3489]
2019-07-09 04:31:34,441 INFO  client.GrpcClientProtocolClient (GrpcClientProtocolClient.java:onNext(255)) - client-859D8C9D7B89->65797d0d-2d4a-456d-9b24-1d63a5102722: receive RaftClientReply:client-859D8C9D7B89->65797d0d-2d4a-456d-9b24-1d63a5102722@group-BA7C392EEBCA, cid=2366, SUCCESS, logIndex=0, commits[65797d0d-2d4a-456d-9b24-1d63a5102722:c3494, aca3f3a4-0773-4ff1-9bb5-1a871868fd09:c3493, abe1c95d-8ae2-42e9-9d83-236e3c187d51:c3493]
2019-07-09 04:31:34,470 INFO  client.GrpcClientProtocolClient (GrpcClientProtocolClient.java:onNext(255)) - client-859D8C9D7B89->65797d0d-2d4a-456d-9b24-1d63a5102722: receive RaftClientReply:client-859D8C9D7B89->65797d0d-2d4a-456d-9b24-1d63a5102722@group-BA7C392EEBCA, cid=2367, SUCCESS, logIndex=3496, commits[65797d0d-2d4a-456d-9b24-1d63a5102722:c3497, aca3f3a4-0773-4ff1-9bb5-1a871868fd09:c3495, abe1c95d-8ae2-42e9-9d83-236e3c187d51:c3495]
2019-07-09 04:31:34,471 INFO  client.GrpcClientProtocolClient (GrpcClientProtocolClient.java:onNext(255)) - client-859D8C9D7B89->65797d0d-2d4a-456d-9b24-1d63a5102722: receive RaftClientReply:client-859D8C9D7B89->65797d0d-2d4a-456d-9b24-1d63a5102722@group-BA7C392EEBCA, cid=2368, SUCCESS, logIndex=3497, commits[65797d0d-2d4a-456d-9b24-1d63a5102722:c3498, aca3f3a4-0773-4ff1-9bb5-1a871868fd09:c3495, abe1c95d-8ae2-42e9-9d83-236e3c187d51:c3495]
2019-07-09 04:31:34,471 INFO  client.GrpcClientProtocolClient (GrpcClientProtocolClient.java:onNext(255)) - client-859D8C9D7B89->65797d0d-2d4a-456d-9b24-1d63a5102722: receive RaftClientReply:client-859D8C9D7B89->65797d0d-2d4a-456d-9b24-1d63a5102722@group-BA7C392EEBCA, cid=2369, SUCCESS, logIndex=3498, commits[65797d0d-2d4a-456d-9b24-1d63a5102722:c3499, aca3f3a4-0773-4ff1-9bb5-1a871868fd09:c3495, abe1c95d-8ae2-42e9-9d83-236e3c187d51:c3495]
2019-07-09 04:31:34,472 INFO  client.GrpcClientProtocolClient (GrpcClientProtocolClient.java:onNext(255)) - client-859D8C9D7B89->65797d0d-2d4a-456d-9b24-1d63a5102722: receive RaftClientReply:client-859D8C9D7B89->65797d0d-2d4a-456d-9b24-1d63a5102722@group-BA7C392EEBCA, cid=2370, SUCCESS, logIndex=3499, commits[65797d0d-2d4a-456d-9b24-1d63a5102722:c3499, aca3f3a4-0773-4ff1-9bb5-1a871868fd09:c3495, abe1c95d-8ae2-42e9-9d83-236e3c187d51:c3495]
2019-07-09 04:31:34,473 INFO  client.GrpcClientProtocolClient (GrpcClientProtocolClient.java:onNext(255)) - client-859D8C9D7B89->65797d0d-2d4a-456d-9b24-1d63a5102722: receive RaftClientReply:client-859D8C9D7B89->65797d0d-2d4a-456d-9b24-1d63a5102722@group-BA7C392EEBCA, cid=2371, SUCCESS, logIndex=0, commits[65797d0d-2d4a-456d-9b24-1d63a5102722:c3502, aca3f3a4-0773-4ff1-9bb5-1a871868fd09:c3499, abe1c95d-8ae2-42e9-9d83-236e3c187d51:c3497]
2019-07-09 04:31:34,494 INFO  client.GrpcClientProtocolClient (GrpcClientProtocolClient.java:onNext(255)) - client-859D8C9D7B89->65797d0d-2d4a-456d-9b24-1d63a5102722: receive RaftClientReply:client-859D8C9D7B89->65797d0d-2d4a-456d-9b24-1d63a5102722@group-BA7C392EEBCA, cid=2372, SUCCESS, logIndex=3504, commits[65797d0d-2d4a-456d-9b24-1d63a5102722:c3505, aca3f3a4-0773-4ff1-9bb5-1a871868fd09:c3503, abe1c95d-8ae2-42e9-9d83-236e3c187d51:c3503]
2019-07-09 04:31:34,494 INFO  client.GrpcClientProtocolClient (GrpcClientProtocolClient.java:onNext(255)) - client-859D8C9D7B89->65797d0d-2d4a-456d-9b24-1d63a5102722: receive RaftClientReply:client-859D8C9D7B89->65797d0d-2d4a-456d-9b24-1d63a5102722@group-BA7C392EEBCA, cid=2373, SUCCESS, logIndex=3505, commits[65797d0d-2d4a-456d-9b24-1d63a5102722:c3505, aca3f3a4-0773-4ff1-9bb5-1a871868fd09:c3503, abe1c95d-8ae2-42e9-9d83-236e3c187d51:c3503]
2019-07-09 04:31:34,521 INFO  client.GrpcClientProtocolClient (GrpcClientProtocolClient.java:onNext(255)) - client-859D8C9D7B89->65797d0d-2d4a-456d-9b24-1d63a5102722: receive RaftClientReply:client-859D8C9D7B89->65797d0d-2d4a-456d-9b24-1d63a5102722@group-BA7C392EEBCA, cid=2374, SUCCESS, logIndex=3508, commits[65797d0d-2d4a-456d-9b24-1d63a5102722:c3509, aca3f3a4-0773-4ff1-9bb5-1a871868fd09:c3505, abe1c95d-8ae2-42e9-9d83-236e3c187d51:c3505]
2019-07-09 04:31:34,521 INFO  client.GrpcClientProtocolClient (GrpcClientProtocolClient.java:onNext(255)) - client-859D8C9D7B89->65797d0d-2d4a-456d-9b24-1d63a5102722: receive RaftClientReply:client-859D8C9D7B89->65797d0d-2d4a-456d-9b24-1d63a5102722@group-BA7C392EEBCA, cid=2375, SUCCESS, logIndex=3509, commits[65797d0d-2d4a-456d-9b24-1d63a5102722:c3509, aca3f3a4-0773-4ff1-9bb5-1a871868fd09:c3505, abe1c95d-8ae2-42e9-9d83-236e3c187d51:c3505]
2019-07-09 04:31:34,529 INFO  client.GrpcClientProtocolClient (GrpcClientProtocolClient.java:onNext(255)) - client-859D8C9D7B89->65797d0d-2d4a-456d-9b24-1d63a5102722: receive RaftClientReply:client-859D8C9D7B89->65797d0d-2d4a-456d-9b24-1d63a5102722@group-BA7C392EEBCA, cid=2376, SUCCESS, logIndex=0, commits[65797d0d-2d4a-456d-9b24-1d63a5102722:c3510, aca3f3a4-0773-4ff1-9bb5-1a871868fd09:c3509, abe1c95d-8ae2-42e9-9d83-236e3c187d51:c3509]
2019-07-09 04:31:34,559 INFO  client.GrpcClientProtocolClient (GrpcClientProtocolClient.java:onNext(255)) - client-859D8C9D7B89->65797d0d-2d4a-456d-9b24-1d63a5102722: receive RaftClientReply:client-859D8C9D7B89->65797d0d-2d4a-456d-9b24-1d63a5102722@group-BA7C392EEBCA, cid=2377, SUCCESS, logIndex=3512, commits[65797d0d-2d4a-456d-9b24-1d63a5102722:c3514, aca3f3a4-0773-4ff1-9bb5-1a871868fd09:c3511, abe1c95d-8ae2-42e9-9d83-236e3c187d51:c3511]
2019-07-09 04:31:34,559 INFO  client.GrpcClientProtocolClient (GrpcClientProtocolClient.java:onNext(255)) - client-859D8C9D7B89->65797d0d-2d4a-456d-9b24-1d63a5102722: receive RaftClientReply:client-859D8C9D7B89->65797d0d-2d4a-456d-9b24-1d63a5102722@group-BA7C392EEBCA, cid=2378, SUCCESS, logIndex=3513, commits[65797d0d-2d4a-456d-9b24-1d63a5102722:c3515, aca3f3a4-0773-4ff1-9bb5-1a871868fd09:c3511, abe1c95d-8ae2-42e9-9d83-236e3c187d51:c3511]
2019-07-09 04:31:34,560 INFO  client.GrpcClientProtocolClient (GrpcClientProtocolClient.java:onNext(255)) - client-859D8C9D7B89->65797d0d-2d4a-456d-9b24-1d63a5102722: receive RaftClientReply:client-859D8C9D7B89->65797d0d-2d4a-456d-9b24-1d63a5102722@group-BA7C392EEBCA, cid=2379, SUCCESS, logIndex=3514, commits[65797d0d-2d4a-456d-9b24-1d63a5102722:c3515, aca3f3a4-0773-4ff1-9bb5-1a871868fd09:c3511, abe1c95d-8ae2-42e9-9d83-236e3c187d51:c3511]
2019-07-09 04:31:34,560 INFO  client.GrpcClientProtocolClient (GrpcClientProtocolClient.java:onNext(255)) - client-859D8C9D7B89->65797d0d-2d4a-456d-9b24-1d63a5102722: receive RaftClientReply:client-859D8C9D7B89->65797d0d-2d4a-456d-9b24-1d63a5102722@group-BA7C392EEBCA, cid=2380, SUCCESS, logIndex=3515, commits[65797d0d-2d4a-456d-9b24-1d63a5102722:c3515, aca3f3a4-0773-4ff1-9bb5-1a871868fd09:c3511, abe1c95d-8ae2-42e9-9d83-236e3c187d51:c3511]
2019-07-09 04:31:34,561 INFO  client.GrpcClientProtocolClient (GrpcClientProtocolClient.java:onNext(255)) - client-859D8C9D7B89->65797d0d-2d4a-456d-9b24-1d63a5102722: receive RaftClientReply:client-859D8C9D7B89->65797d0d-2d4a-456d-9b24-1d63a5102722@group-BA7C392EEBCA, cid=2381, SUCCESS, logIndex=0, commits[65797d0d-2d4a-456d-9b24-1d63a5102722:c3518, aca3f3a4-0773-4ff1-9bb5-1a871868fd09:c3514, abe1c95d-8ae2-42e9-9d83-236e3c187d51:c3513]
2019-07-09 04:31:34,582 INFO  client.GrpcClientProtocolClient (GrpcClientProtocolClient.java:onNext(255)) - client-859D8C9D7B89->65797d0d-2d4a-456d-9b24-1d63a5102722: receive RaftClientReply:client-859D8C9D7B89->65797d0d-2d4a-456d-9b24-1d63a5102722@group-BA7C392EEBCA, cid=2382, SUCCESS, logIndex=3520, commits[65797d0d-2d4a-456d-9b24-1d63a5102722:c3521, aca3f3a4-0773-4ff1-9bb5-1a871868fd09:c3519, abe1c95d-8ae2-42e9-9d83-236e3c187d51:c3519]
2019-07-09 04:31:34,582 INFO  client.GrpcClientProtocolClient (GrpcClientProtocolClient.java:onNext(255)) - client-859D8C9D7B89->65797d0d-2d4a-456d-9b24-1d63a5102722: receive RaftClientReply:client-859D8C9D7B89->65797d0d-2d4a-456d-9b24-1d63a5102722@group-BA7C392EEBCA, cid=2383, SUCCESS, logIndex=3521, commits[65797d0d-2d4a-456d-9b24-1d63a5102722:c3521, aca3f3a4-0773-4ff1-9bb5-1a871868fd09:c3519, abe1c95d-8ae2-42e9-9d83-236e3c187d51:c3519]
2019-07-09 04:31:34,595 INFO  client.GrpcClientProtocolClient (GrpcClientProtocolClient.java:onNext(255)) - client-859D8C9D7B89->65797d0d-2d4a-456d-9b24-1d63a5102722: receive RaftClientReply:client-859D8C9D7B89->65797d0d-2d4a-456d-9b24-1d63a5102722@group-BA7C392EEBCA, cid=2384, SUCCESS, logIndex=3524, commits[65797d0d-2d4a-456d-9b24-1d63a5102722:c3525, aca3f3a4-0773-4ff1-9bb5-1a871868fd09:c3521, abe1c95d-8ae2-42e9-9d83-236e3c187d51:c3521]
2019-07-09 04:31:34,595 INFO  client.GrpcClientProtocolClient (GrpcClientProtocolClient.java:onNext(255)) - client-859D8C9D7B89->65797d0d-2d4a-456d-9b24-1d63a5102722: receive RaftClientReply:client-859D8C9D7B89->65797d0d-2d4a-456d-9b24-1d63a5102722@group-BA7C392EEBCA, cid=2385, SUCCESS, logIndex=3525, commits[65797d0d-2d4a-456d-9b24-1d63a5102722:c3525, aca3f3a4-0773-4ff1-9bb5-1a871868fd09:c3521, abe1c95d-8ae2-42e9-9d83-236e3c187d51:c3521]
2019-07-09 04:31:34,607 INFO  client.GrpcClientProtocolClient (GrpcClientProtocolClient.java:onNext(255)) - client-859D8C9D7B89->65797d0d-2d4a-456d-9b24-1d63a5102722: receive RaftClientReply:client-859D8C9D7B89->65797d0d-2d4a-456d-9b24-1d63a5102722@group-BA7C392EEBCA, cid=2386, SUCCESS, logIndex=0, commits[65797d0d-2d4a-456d-9b24-1d63a5102722:c3525, aca3f3a4-0773-4ff1-9bb5-1a871868fd09:c3525, abe1c95d-8ae2-42e9-9d83-236e3c187d51:c3525]
2019-07-09 04:31:34,639 INFO  client.GrpcClientProtocolClient (GrpcClientProtocolClient.java:onNext(255)) - client-859D8C9D7B89->65797d0d-2d4a-456d-9b24-1d63a5102722: receive RaftClientReply:client-859D8C9D7B89->65797d0d-2d4a-456d-9b24-1d63a5102722@group-BA7C392EEBCA, cid=2387, SUCCESS, logIndex=3528, commits[65797d0d-2d4a-456d-9b24-1d63a5102722:c3529, aca3f3a4-0773-4ff1-9bb5-1a871868fd09:c3527, abe1c95d-8ae2-42e9-9d83-236e3c187d51:c3527]
2019-07-09 04:31:34,639 INFO  client.GrpcClientProtocolClient (GrpcClientProtocolClient.java:onNext(255)) - client-859D8C9D7B89->65797d0d-2d4a-456d-9b24-1d63a5102722: receive RaftClientReply:client-859D8C9D7B89->65797d0d-2d4a-456d-9b24-1d63a5102722@group-BA7C392EEBCA, cid=2388, SUCCESS, logIndex=3529, commits[65797d0d-2d4a-456d-9b24-1d63a5102722:c3529, aca3f3a4-0773-4ff1-9bb5-1a871868fd09:c3527, abe1c95d-8ae2-42e9-9d83-236e3c187d51:c3527]
2019-07-09 04:31:34,641 INFO  client.GrpcClientProtocolClient (GrpcClientProtocolClient.java:onNext(255)) - client-859D8C9D7B89->65797d0d-2d4a-456d-9b24-1d63a5102722: receive RaftClientReply:client-859D8C9D7B89->65797d0d-2d4a-456d-9b24-1d63a5102722@group-BA7C392EEBCA, cid=2389, SUCCESS, logIndex=3530, commits[65797d0d-2d4a-456d-9b24-1d63a5102722:c3531, aca3f3a4-0773-4ff1-9bb5-1a871868fd09:c3527, abe1c95d-8ae2-42e9-9d83-236e3c187d51:c3527]
2019-07-09 04:31:34,641 INFO  client.GrpcClientProtocolClient (GrpcClientProtocolClient.java:onNext(255)) - client-859D8C9D7B89->65797d0d-2d4a-456d-9b24-1d63a5102722: receive RaftClientReply:client-859D8C9D7B89->65797d0d-2d4a-456d-9b24-1d63a5102722@group-BA7C392EEBCA, cid=2390, SUCCESS, logIndex=3531, commits[65797d0d-2d4a-456d-9b24-1d63a5102722:c3531, aca3f3a4-0773-4ff1-9bb5-1a871868fd09:c3527, abe1c95d-8ae2-42e9-9d83-236e3c187d51:c3527]
2019-07-09 04:31:34,642 INFO  client.GrpcClientProtocolClient (GrpcClientProtocolClient.java:onNext(255)) - client-859D8C9D7B89->65797d0d-2d4a-456d-9b24-1d63a5102722: receive RaftClientReply:client-859D8C9D7B89->65797d0d-2d4a-456d-9b24-1d63a5102722@group-BA7C392EEBCA, cid=2391, SUCCESS, logIndex=0, commits[65797d0d-2d4a-456d-9b24-1d63a5102722:c3533, aca3f3a4-0773-4ff1-9bb5-1a871868fd09:c3529, abe1c95d-8ae2-42e9-9d83-236e3c187d51:c3529]
2019-07-09 04:31:34,664 INFO  client.GrpcClientProtocolClient (GrpcClientProtocolClient.java:onNext(255)) - client-859D8C9D7B89->65797d0d-2d4a-456d-9b24-1d63a5102722: receive RaftClientReply:client-859D8C9D7B89->65797d0d-2d4a-456d-9b24-1d63a5102722@group-BA7C392EEBCA, cid=2392, SUCCESS, logIndex=3536, commits[65797d0d-2d4a-456d-9b24-1d63a5102722:c3537, aca3f3a4-0773-4ff1-9bb5-1a871868fd09:c3535, abe1c95d-8ae2-42e9-9d83-236e3c187d51:c3535]
2019-07-09 04:31:34,664 INFO  client.GrpcClientProtocolClient (GrpcClientProtocolClient.java:onNext(255)) - client-859D8C9D7B89->65797d0d-2d4a-456d-9b24-1d63a5102722: receive RaftClientReply:client-859D8C9D7B89->65797d0d-2d4a-456d-9b24-1d63a5102722@group-BA7C392EEBCA, cid=2393, SUCCESS, logIndex=3537, commits[65797d0d-2d4a-456d-9b24-1d63a5102722:c3537, aca3f3a4-0773-4ff1-9bb5-1a871868fd09:c3535, abe1c95d-8ae2-42e9-9d83-236e3c187d51:c3535]
2019-07-09 04:31:34,677 INFO  client.GrpcClientProtocolClient (GrpcClientProtocolClient.java:onNext(255)) - client-859D8C9D7B89->65797d0d-2d4a-456d-9b24-1d63a5102722: receive RaftClientReply:client-859D8C9D7B89->65797d0d-2d4a-456d-9b24-1d63a5102722@group-BA7C392EEBCA, cid=2394, SUCCESS, logIndex=3540, commits[65797d0d-2d4a-456d-9b24-1d63a5102722:c3540, aca3f3a4-0773-4ff1-9bb5-1a871868fd09:c3537, abe1c95d-8ae2-42e9-9d83-236e3c187d51:c3537]
2019-07-09 04:31:34,678 INFO  client.GrpcClientProtocolClient (GrpcClientProtocolClient.java:onNext(255)) - client-859D8C9D7B89->65797d0d-2d4a-456d-9b24-1d63a5102722: receive RaftClientReply:client-859D8C9D7B89->65797d0d-2d4a-456d-9b24-1d63a5102722@group-BA7C392EEBCA, cid=2395, SUCCESS, logIndex=3541, commits[65797d0d-2d4a-456d-9b24-1d63a5102722:c3541, aca3f3a4-0773-4ff1-9bb5-1a871868fd09:c3537, abe1c95d-8ae2-42e9-9d83-236e3c187d51:c3537]
2019-07-09 04:31:34,690 INFO  client.GrpcClientProtocolClient (GrpcClientProtocolClient.java:onNext(255)) - client-859D8C9D7B89->65797d0d-2d4a-456d-9b24-1d63a5102722: receive RaftClientReply:client-859D8C9D7B89->65797d0d-2d4a-456d-9b24-1d63a5102722@group-BA7C392EEBCA, cid=2396, SUCCESS, logIndex=0, commits[65797d0d-2d4a-456d-9b24-1d63a5102722:c3543, aca3f3a4-0773-4ff1-9bb5-1a871868fd09:c3541, abe1c95d-8ae2-42e9-9d83-236e3c187d51:c3541]
2019-07-09 04:31:34,722 INFO  client.GrpcClientProtocolClient (GrpcClientProtocolClient.java:onNext(255)) - client-859D8C9D7B89->65797d0d-2d4a-456d-9b24-1d63a5102722: receive RaftClientReply:client-859D8C9D7B89->65797d0d-2d4a-456d-9b24-1d63a5102722@group-BA7C392EEBCA, cid=2397, SUCCESS, logIndex=3544, commits[65797d0d-2d4a-456d-9b24-1d63a5102722:c3545, aca3f3a4-0773-4ff1-9bb5-1a871868fd09:c3543, abe1c95d-8ae2-42e9-9d83-236e3c187d51:c3543]
2019-07-09 04:31:34,722 INFO  client.GrpcClientProtocolClient (GrpcClientProtocolClient.java:onNext(255)) - client-859D8C9D7B89->65797d0d-2d4a-456d-9b24-1d63a5102722: receive RaftClientReply:client-859D8C9D7B89->65797d0d-2d4a-456d-9b24-1d63a5102722@group-BA7C392EEBCA, cid=2398, SUCCESS, logIndex=3545, commits[65797d0d-2d4a-456d-9b24-1d63a5102722:c3547, aca3f3a4-0773-4ff1-9bb5-1a871868fd09:c3543, abe1c95d-8ae2-42e9-9d83-236e3c187d51:c3543]
2019-07-09 04:31:34,723 INFO  client.GrpcClientProtocolClient (GrpcClientProtocolClient.java:onNext(255)) - client-859D8C9D7B89->65797d0d-2d4a-456d-9b24-1d63a5102722: receive RaftClientReply:client-859D8C9D7B89->65797d0d-2d4a-456d-9b24-1d63a5102722@group-BA7C392EEBCA, cid=2399, SUCCESS, logIndex=3546, commits[65797d0d-2d4a-456d-9b24-1d63a5102722:c3547, aca3f3a4-0773-4ff1-9bb5-1a871868fd09:c3543, abe1c95d-8ae2-42e9-9d83-236e3c187d51:c3543]
2019-07-09 04:31:34,839 INFO  client.GrpcClientProtocolClient (GrpcClientProtocolClient.java:onNext(255)) - client-859D8C9D7B89->65797d0d-2d4a-456d-9b24-1d63a5102722: receive RaftClientReply:client-859D8C9D7B89->65797d0d-2d4a-456d-9b24-1d63a5102722@group-BA7C392EEBCA, cid=2400, SUCCESS, logIndex=3547, commits[65797d0d-2d4a-456d-9b24-1d63a5102722:c3547, aca3f3a4-0773-4ff1-9bb5-1a871868fd09:c3543, abe1c95d-8ae2-42e9-9d83-236e3c187d51:c3543]
2019-07-09 04:31:34,841 INFO  client.GrpcClientProtocolClient (GrpcClientProtocolClient.java:onNext(255)) - client-859D8C9D7B89->65797d0d-2d4a-456d-9b24-1d63a5102722: receive RaftClientReply:client-859D8C9D7B89->65797d0d-2d4a-456d-9b24-1d63a5102722@group-BA7C392EEBCA, cid=2401, SUCCESS, logIndex=0, commits[65797d0d-2d4a-456d-9b24-1d63a5102722:c3551, aca3f3a4-0773-4ff1-9bb5-1a871868fd09:c3545, abe1c95d-8ae2-42e9-9d83-236e3c187d51:c3547]
2019-07-09 04:31:34,864 INFO  client.GrpcClientProtocolClient (GrpcClientProtocolClient.java:onNext(255)) - client-859D8C9D7B89->65797d0d-2d4a-456d-9b24-1d63a5102722: receive RaftClientReply:client-859D8C9D7B89->65797d0d-2d4a-456d-9b24-1d63a5102722@group-BA7C392EEBCA, cid=2402, SUCCESS, logIndex=3552, commits[65797d0d-2d4a-456d-9b24-1d63a5102722:c3553, aca3f3a4-0773-4ff1-9bb5-1a871868fd09:c3551, abe1c95d-8ae2-42e9-9d83-236e3c187d51:c3551]
2019-07-09 04:31:34,864 INFO  client.GrpcClientProtocolClient (GrpcClientProtocolClient.java:onNext(255)) - client-859D8C9D7B89->65797d0d-2d4a-456d-9b24-1d63a5102722: receive RaftClientReply:client-859D8C9D7B89->65797d0d-2d4a-456d-9b24-1d63a5102722@group-BA7C392EEBCA, cid=2403, SUCCESS, logIndex=3553, commits[65797d0d-2d4a-456d-9b24-1d63a5102722:c3553, aca3f3a4-0773-4ff1-9bb5-1a871868fd09:c3551, abe1c95d-8ae2-42e9-9d83-236e3c187d51:c3551]
2019-07-09 04:31:34,888 INFO  client.GrpcClientProtocolClient (GrpcClientProtocolClient.java:onNext(255)) - client-859D8C9D7B89->65797d0d-2d4a-456d-9b24-1d63a5102722: receive RaftClientReply:client-859D8C9D7B89->65797d0d-2d4a-456d-9b24-1d63a5102722@group-BA7C392EEBCA, cid=2404, SUCCESS, logIndex=3556, commits[65797d0d-2d4a-456d-9b24-1d63a5102722:c3557, aca3f3a4-0773-4ff1-9bb5-1a871868fd09:c3553, abe1c95d-8ae2-42e9-9d83-236e3c187d51:c3553]
2019-07-09 04:31:34,889 INFO  client.GrpcClientProtocolClient (GrpcClientProtocolClient.java:onNext(255)) - client-859D8C9D7B89->65797d0d-2d4a-456d-9b24-1d63a5102722: receive RaftClientReply:client-859D8C9D7B89->65797d0d-2d4a-456d-9b24-1d63a5102722@group-BA7C392EEBCA, cid=2405, SUCCESS, logIndex=3557, commits[65797d0d-2d4a-456d-9b24-1d63a5102722:c3557, aca3f3a4-0773-4ff1-9bb5-1a871868fd09:c3553, abe1c95d-8ae2-42e9-9d83-236e3c187d51:c3553]
2019-07-09 04:31:34,900 INFO  client.GrpcClientProtocolClient (GrpcClientProtocolClient.java:onNext(255)) - client-859D8C9D7B89->65797d0d-2d4a-456d-9b24-1d63a5102722: receive RaftClientReply:client-859D8C9D7B89->65797d0d-2d4a-456d-9b24-1d63a5102722@group-BA7C392EEBCA, cid=2406, SUCCESS, logIndex=0, commits[65797d0d-2d4a-456d-9b24-1d63a5102722:c3558, aca3f3a4-0773-4ff1-9bb5-1a871868fd09:c3557, abe1c95d-8ae2-42e9-9d83-236e3c187d51:c3557]
2019-07-09 04:31:34,930 INFO  client.GrpcClientProtocolClient (GrpcClientProtocolClient.java:onNext(255)) - client-859D8C9D7B89->65797d0d-2d4a-456d-9b24-1d63a5102722: receive RaftClientReply:client-859D8C9D7B89->65797d0d-2d4a-456d-9b24-1d63a5102722@group-BA7C392EEBCA, cid=2407, SUCCESS, logIndex=3560, commits[65797d0d-2d4a-456d-9b24-1d63a5102722:c3561, aca3f3a4-0773-4ff1-9bb5-1a871868fd09:c3559, abe1c95d-8ae2-42e9-9d83-236e3c187d51:c3559]
2019-07-09 04:31:34,931 INFO  client.GrpcClientProtocolClient (GrpcClientProtocolClient.java:onNext(255)) - client-859D8C9D7B89->65797d0d-2d4a-456d-9b24-1d63a5102722: receive RaftClientReply:client-859D8C9D7B89->65797d0d-2d4a-456d-9b24-1d63a5102722@group-BA7C392EEBCA, cid=2408, SUCCESS, logIndex=3561, commits[65797d0d-2d4a-456d-9b24-1d63a5102722:c3562, aca3f3a4-0773-4ff1-9bb5-1a871868fd09:c3559, abe1c95d-8ae2-42e9-9d83-236e3c187d51:c3559]
2019-07-09 04:31:34,932 INFO  client.GrpcClientProtocolClient (GrpcClientProtocolClient.java:onNext(255)) - client-859D8C9D7B89->65797d0d-2d4a-456d-9b24-1d63a5102722: receive RaftClientReply:client-859D8C9D7B89->65797d0d-2d4a-456d-9b24-1d63a5102722@group-BA7C392EEBCA, cid=2409, SUCCESS, logIndex=3562, commits[65797d0d-2d4a-456d-9b24-1d63a5102722:c3563, aca3f3a4-0773-4ff1-9bb5-1a871868fd09:c3559, abe1c95d-8ae2-42e9-9d83-236e3c187d51:c3559]
2019-07-09 04:31:34,932 INFO  client.GrpcClientProtocolClient (GrpcClientProtocolClient.java:onNext(255)) - client-859D8C9D7B89->65797d0d-2d4a-456d-9b24-1d63a5102722: receive RaftClientReply:client-859D8C9D7B89->65797d0d-2d4a-456d-9b24-1d63a5102722@group-BA7C392EEBCA, cid=2410, SUCCESS, logIndex=3563, commits[65797d0d-2d4a-456d-9b24-1d63a5102722:c3563, aca3f3a4-0773-4ff1-9bb5-1a871868fd09:c3559, abe1c95d-8ae2-42e9-9d83-236e3c187d51:c3559]
2019-07-09 04:31:34,933 INFO  client.GrpcClientProtocolClient (GrpcClientProtocolClient.java:onNext(255)) - client-859D8C9D7B89->65797d0d-2d4a-456d-9b24-1d63a5102722: receive RaftClientReply:client-859D8C9D7B89->65797d0d-2d4a-456d-9b24-1d63a5102722@group-BA7C392EEBCA, cid=2411, SUCCESS, logIndex=0, commits[65797d0d-2d4a-456d-9b24-1d63a5102722:c3566, aca3f3a4-0773-4ff1-9bb5-1a871868fd09:c3562, abe1c95d-8ae2-42e9-9d83-236e3c187d51:c3561]
2019-07-09 04:31:34,954 INFO  client.GrpcClientProtocolClient (GrpcClientProtocolClient.java:onNext(255)) - client-859D8C9D7B89->65797d0d-2d4a-456d-9b24-1d63a5102722: receive RaftClientReply:client-859D8C9D7B89->65797d0d-2d4a-456d-9b24-1d63a5102722@group-BA7C392EEBCA, cid=2412, SUCCESS, logIndex=3568, commits[65797d0d-2d4a-456d-9b24-1d63a5102722:c3569, aca3f3a4-0773-4ff1-9bb5-1a871868fd09:c3567, abe1c95d-8ae2-42e9-9d83-236e3c187d51:c3567]
2019-07-09 04:31:34,954 INFO  client.GrpcClientProtocolClient (GrpcClientProtocolClient.java:onNext(255)) - client-859D8C9D7B89->65797d0d-2d4a-456d-9b24-1d63a5102722: receive RaftClientReply:client-859D8C9D7B89->65797d0d-2d4a-456d-9b24-1d63a5102722@group-BA7C392EEBCA, cid=2413, SUCCESS, logIndex=3569, commits[65797d0d-2d4a-456d-9b24-1d63a5102722:c3569, aca3f3a4-0773-4ff1-9bb5-1a871868fd09:c3567, abe1c95d-8ae2-42e9-9d83-236e3c187d51:c3567]
2019-07-09 04:31:34,967 INFO  client.GrpcClientProtocolClient (GrpcClientProtocolClient.java:onNext(255)) - client-859D8C9D7B89->65797d0d-2d4a-456d-9b24-1d63a5102722: receive RaftClientReply:client-859D8C9D7B89->65797d0d-2d4a-456d-9b24-1d63a5102722@group-BA7C392EEBCA, cid=2414, SUCCESS, logIndex=3572, commits[65797d0d-2d4a-456d-9b24-1d63a5102722:c3573, aca3f3a4-0773-4ff1-9bb5-1a871868fd09:c3569, abe1c95d-8ae2-42e9-9d83-236e3c187d51:c3569]
2019-07-09 04:31:34,967 INFO  client.GrpcClientProtocolClient (GrpcClientProtocolClient.java:onNext(255)) - client-859D8C9D7B89->65797d0d-2d4a-456d-9b24-1d63a5102722: receive RaftClientReply:client-859D8C9D7B89->65797d0d-2d4a-456d-9b24-1d63a5102722@group-BA7C392EEBCA, cid=2415, SUCCESS, logIndex=3573, commits[65797d0d-2d4a-456d-9b24-1d63a5102722:c3573, aca3f3a4-0773-4ff1-9bb5-1a871868fd09:c3569, abe1c95d-8ae2-42e9-9d83-236e3c187d51:c3569]
2019-07-09 04:31:34,979 INFO  client.GrpcClientProtocolClient (GrpcClientProtocolClient.java:onNext(255)) - client-859D8C9D7B89->65797d0d-2d4a-456d-9b24-1d63a5102722: receive RaftClientReply:client-859D8C9D7B89->65797d0d-2d4a-456d-9b24-1d63a5102722@group-BA7C392EEBCA, cid=2416, SUCCESS, logIndex=0, commits[65797d0d-2d4a-456d-9b24-1d63a5102722:c3575, aca3f3a4-0773-4ff1-9bb5-1a871868fd09:c3573, abe1c95d-8ae2-42e9-9d83-236e3c187d51:c3573]
2019-07-09 04:31:35,009 INFO  client.GrpcClientProtocolClient (GrpcClientProtocolClient.java:onNext(255)) - client-859D8C9D7B89->65797d0d-2d4a-456d-9b24-1d63a5102722: receive RaftClientReply:client-859D8C9D7B89->65797d0d-2d4a-456d-9b24-1d63a5102722@group-BA7C392EEBCA, cid=2417, SUCCESS, logIndex=3576, commits[65797d0d-2d4a-456d-9b24-1d63a5102722:c3577, aca3f3a4-0773-4ff1-9bb5-1a871868fd09:c3575, abe1c95d-8ae2-42e9-9d83-236e3c187d51:c3575]
2019-07-09 04:31:35,009 INFO  client.GrpcClientProtocolClient (GrpcClientProtocolClient.java:onNext(255)) - client-859D8C9D7B89->65797d0d-2d4a-456d-9b24-1d63a5102722: receive RaftClientReply:client-859D8C9D7B89->65797d0d-2d4a-456d-9b24-1d63a5102722@group-BA7C392EEBCA, cid=2418, SUCCESS, logIndex=3577, commits[65797d0d-2d4a-456d-9b24-1d63a5102722:c3578, aca3f3a4-0773-4ff1-9bb5-1a871868fd09:c3575, abe1c95d-8ae2-42e9-9d83-236e3c187d51:c3575]
2019-07-09 04:31:35,010 INFO  client.GrpcClientProtocolClient (GrpcClientProtocolClient.java:onNext(255)) - client-859D8C9D7B89->65797d0d-2d4a-456d-9b24-1d63a5102722: receive RaftClientReply:client-859D8C9D7B89->65797d0d-2d4a-456d-9b24-1d63a5102722@group-BA7C392EEBCA, cid=2419, SUCCESS, logIndex=3578, commits[65797d0d-2d4a-456d-9b24-1d63a5102722:c3579, aca3f3a4-0773-4ff1-9bb5-1a871868fd09:c3575, abe1c95d-8ae2-42e9-9d83-236e3c187d51:c3575]
2019-07-09 04:31:35,010 INFO  client.GrpcClientProtocolClient (GrpcClientProtocolClient.java:onNext(255)) - client-859D8C9D7B89->65797d0d-2d4a-456d-9b24-1d63a5102722: receive RaftClientReply:client-859D8C9D7B89->65797d0d-2d4a-456d-9b24-1d63a5102722@group-BA7C392EEBCA, cid=2420, SUCCESS, logIndex=3579, commits[65797d0d-2d4a-456d-9b24-1d63a5102722:c3579, aca3f3a4-0773-4ff1-9bb5-1a871868fd09:c3575, abe1c95d-8ae2-42e9-9d83-236e3c187d51:c3575]
2019-07-09 04:31:35,011 INFO  client.GrpcClientProtocolClient (GrpcClientProtocolClient.java:onNext(255)) - client-859D8C9D7B89->65797d0d-2d4a-456d-9b24-1d63a5102722: receive RaftClientReply:client-859D8C9D7B89->65797d0d-2d4a-456d-9b24-1d63a5102722@group-BA7C392EEBCA, cid=2421, SUCCESS, logIndex=0, commits[65797d0d-2d4a-456d-9b24-1d63a5102722:c3581, aca3f3a4-0773-4ff1-9bb5-1a871868fd09:c3577, abe1c95d-8ae2-42e9-9d83-236e3c187d51:c3577]
2019-07-09 04:31:35,031 INFO  client.GrpcClientProtocolClient (GrpcClientProtocolClient.java:onNext(255)) - client-859D8C9D7B89->65797d0d-2d4a-456d-9b24-1d63a5102722: receive RaftClientReply:client-859D8C9D7B89->65797d0d-2d4a-456d-9b24-1d63a5102722@group-BA7C392EEBCA, cid=2422, SUCCESS, logIndex=3584, commits[65797d0d-2d4a-456d-9b24-1d63a5102722:c3585, aca3f3a4-0773-4ff1-9bb5-1a871868fd09:c3583, abe1c95d-8ae2-42e9-9d83-236e3c187d51:c3583]
2019-07-09 04:31:35,031 INFO  client.GrpcClientProtocolClient (GrpcClientProtocolClient.java:onNext(255)) - client-859D8C9D7B89->65797d0d-2d4a-456d-9b24-1d63a5102722: receive RaftClientReply:client-859D8C9D7B89->65797d0d-2d4a-456d-9b24-1d63a5102722@group-BA7C392EEBCA, cid=2423, SUCCESS, logIndex=3585, commits[65797d0d-2d4a-456d-9b24-1d63a5102722:c3585, aca3f3a4-0773-4ff1-9bb5-1a871868fd09:c3583, abe1c95d-8ae2-42e9-9d83-236e3c187d51:c3583]
2019-07-09 04:31:35,044 INFO  client.GrpcClientProtocolClient (GrpcClientProtocolClient.java:onNext(255)) - client-859D8C9D7B89->65797d0d-2d4a-456d-9b24-1d63a5102722: receive RaftClientReply:client-859D8C9D7B89->65797d0d-2d4a-456d-9b24-1d63a5102722@group-BA7C392EEBCA, cid=2424, SUCCESS, logIndex=3588, commits[65797d0d-2d4a-456d-9b24-1d63a5102722:c3589, aca3f3a4-0773-4ff1-9bb5-1a871868fd09:c3585, abe1c95d-8ae2-42e9-9d83-236e3c187d51:c3585]
2019-07-09 04:31:35,045 INFO  client.GrpcClientProtocolClient (GrpcClientProtocolClient.java:onNext(255)) - client-859D8C9D7B89->65797d0d-2d4a-456d-9b24-1d63a5102722: receive RaftClientReply:client-859D8C9D7B89->65797d0d-2d4a-456d-9b24-1d63a5102722@group-BA7C392EEBCA, cid=2425, SUCCESS, logIndex=3589, commits[65797d0d-2d4a-456d-9b24-1d63a5102722:c3589, aca3f3a4-0773-4ff1-9bb5-1a871868fd09:c3585, abe1c95d-8ae2-42e9-9d83-236e3c187d51:c3585]
2019-07-09 04:31:35,064 INFO  client.GrpcClientProtocolClient (GrpcClientProtocolClient.java:onNext(255)) - client-859D8C9D7B89->65797d0d-2d4a-456d-9b24-1d63a5102722: receive RaftClientReply:client-859D8C9D7B89->65797d0d-2d4a-456d-9b24-1d63a5102722@group-BA7C392EEBCA, cid=2426, SUCCESS, logIndex=0, commits[65797d0d-2d4a-456d-9b24-1d63a5102722:c3591, aca3f3a4-0773-4ff1-9bb5-1a871868fd09:c3589, abe1c95d-8ae2-42e9-9d83-236e3c187d51:c3589]
2019-07-09 04:31:35,092 INFO  client.GrpcClientProtocolClient (GrpcClientProtocolClient.java:onNext(255)) - client-859D8C9D7B89->65797d0d-2d4a-456d-9b24-1d63a5102722: receive RaftClientReply:client-859D8C9D7B89->65797d0d-2d4a-456d-9b24-1d63a5102722@group-BA7C392EEBCA, cid=2427, SUCCESS, logIndex=3592, commits[65797d0d-2d4a-456d-9b24-1d63a5102722:c3593, aca3f3a4-0773-4ff1-9bb5-1a871868fd09:c3591, abe1c95d-8ae2-42e9-9d83-236e3c187d51:c3591]
2019-07-09 04:31:35,093 INFO  client.GrpcClientProtocolClient (GrpcClientProtocolClient.java:onNext(255)) - client-859D8C9D7B89->65797d0d-2d4a-456d-9b24-1d63a5102722: receive RaftClientReply:client-859D8C9D7B89->65797d0d-2d4a-456d-9b24-1d63a5102722@group-BA7C392EEBCA, cid=2428, SUCCESS, logIndex=3593, commits[65797d0d-2d4a-456d-9b24-1d63a5102722:c3593, aca3f3a4-0773-4ff1-9bb5-1a871868fd09:c3591, abe1c95d-8ae2-42e9-9d83-236e3c187d51:c3591]
2019-07-09 04:31:35,094 INFO  client.GrpcClientProtocolClient (GrpcClientProtocolClient.java:onNext(255)) - client-859D8C9D7B89->65797d0d-2d4a-456d-9b24-1d63a5102722: receive RaftClientReply:client-859D8C9D7B89->65797d0d-2d4a-456d-9b24-1d63a5102722@group-BA7C392EEBCA, cid=2429, SUCCESS, logIndex=3594, commits[65797d0d-2d4a-456d-9b24-1d63a5102722:c3595, aca3f3a4-0773-4ff1-9bb5-1a871868fd09:c3591, abe1c95d-8ae2-42e9-9d83-236e3c187d51:c3591]
2019-07-09 04:31:35,094 INFO  client.GrpcClientProtocolClient (GrpcClientProtocolClient.java:onNext(255)) - client-859D8C9D7B89->65797d0d-2d4a-456d-9b24-1d63a5102722: receive RaftClientReply:client-859D8C9D7B89->65797d0d-2d4a-456d-9b24-1d63a5102722@group-BA7C392EEBCA, cid=2430, SUCCESS, logIndex=3595, commits[65797d0d-2d4a-456d-9b24-1d63a5102722:c3595, aca3f3a4-0773-4ff1-9bb5-1a871868fd09:c3591, abe1c95d-8ae2-42e9-9d83-236e3c187d51:c3591]
2019-07-09 04:31:35,095 INFO  client.GrpcClientProtocolClient (GrpcClientProtocolClient.java:onNext(255)) - client-859D8C9D7B89->65797d0d-2d4a-456d-9b24-1d63a5102722: receive RaftClientReply:client-859D8C9D7B89->65797d0d-2d4a-456d-9b24-1d63a5102722@group-BA7C392EEBCA, cid=2431, SUCCESS, logIndex=0, commits[65797d0d-2d4a-456d-9b24-1d63a5102722:c3597, aca3f3a4-0773-4ff1-9bb5-1a871868fd09:c3593, abe1c95d-8ae2-42e9-9d83-236e3c187d51:c3593]
2019-07-09 04:31:35,115 INFO  client.GrpcClientProtocolClient (GrpcClientProtocolClient.java:onNext(255)) - client-859D8C9D7B89->65797d0d-2d4a-456d-9b24-1d63a5102722: receive RaftClientReply:client-859D8C9D7B89->65797d0d-2d4a-456d-9b24-1d63a5102722@group-BA7C392EEBCA, cid=2432, SUCCESS, logIndex=3600, commits[65797d0d-2d4a-456d-9b24-1d63a5102722:c3601, aca3f3a4-0773-4ff1-9bb5-1a871868fd09:c3599, abe1c95d-8ae2-42e9-9d83-236e3c187d51:c3599]
2019-07-09 04:31:35,115 INFO  client.GrpcClientProtocolClient (GrpcClientProtocolClient.java:onNext(255)) - client-859D8C9D7B89->65797d0d-2d4a-456d-9b24-1d63a5102722: receive RaftClientReply:client-859D8C9D7B89->65797d0d-2d4a-456d-9b24-1d63a5102722@group-BA7C392EEBCA, cid=2433, SUCCESS, logIndex=3601, commits[65797d0d-2d4a-456d-9b24-1d63a5102722:c3601, aca3f3a4-0773-4ff1-9bb5-1a871868fd09:c3599, abe1c95d-8ae2-42e9-9d83-236e3c187d51:c3599]
2019-07-09 04:31:35,129 INFO  client.GrpcClientProtocolClient (GrpcClientProtocolClient.java:onNext(255)) - client-859D8C9D7B89->65797d0d-2d4a-456d-9b24-1d63a5102722: receive RaftClientReply:client-859D8C9D7B89->65797d0d-2d4a-456d-9b24-1d63a5102722@group-BA7C392EEBCA, cid=2434, SUCCESS, logIndex=3604, commits[65797d0d-2d4a-456d-9b24-1d63a5102722:c3604, aca3f3a4-0773-4ff1-9bb5-1a871868fd09:c3601, abe1c95d-8ae2-42e9-9d83-236e3c187d51:c3601]
2019-07-09 04:31:35,129 INFO  client.GrpcClientProtocolClient (GrpcClientProtocolClient.java:onNext(255)) - client-859D8C9D7B89->65797d0d-2d4a-456d-9b24-1d63a5102722: receive RaftClientReply:client-859D8C9D7B89->65797d0d-2d4a-456d-9b24-1d63a5102722@group-BA7C392EEBCA, cid=2435, SUCCESS, logIndex=3605, commits[65797d0d-2d4a-456d-9b24-1d63a5102722:c3605, aca3f3a4-0773-4ff1-9bb5-1a871868fd09:c3601, abe1c95d-8ae2-42e9-9d83-236e3c187d51:c3601]
2019-07-09 04:31:35,142 INFO  client.GrpcClientProtocolClient (GrpcClientProtocolClient.java:onNext(255)) - client-859D8C9D7B89->65797d0d-2d4a-456d-9b24-1d63a5102722: receive RaftClientReply:client-859D8C9D7B89->65797d0d-2d4a-456d-9b24-1d63a5102722@group-BA7C392EEBCA, cid=2436, SUCCESS, logIndex=0, commits[65797d0d-2d4a-456d-9b24-1d63a5102722:c3607, aca3f3a4-0773-4ff1-9bb5-1a871868fd09:c3605, abe1c95d-8ae2-42e9-9d83-236e3c187d51:c3605]
2019-07-09 04:31:35,169 INFO  client.GrpcClientProtocolClient (GrpcClientProtocolClient.java:onNext(255)) - client-859D8C9D7B89->65797d0d-2d4a-456d-9b24-1d63a5102722: receive RaftClientReply:client-859D8C9D7B89->65797d0d-2d4a-456d-9b24-1d63a5102722@group-BA7C392EEBCA, cid=2437, SUCCESS, logIndex=3608, commits[65797d0d-2d4a-456d-9b24-1d63a5102722:c3610, aca3f3a4-0773-4ff1-9bb5-1a871868fd09:c3607, abe1c95d-8ae2-42e9-9d83-236e3c187d51:c3607]
2019-07-09 04:31:35,169 INFO  client.GrpcClientProtocolClient (GrpcClientProtocolClient.java:onNext(255)) - client-859D8C9D7B89->65797d0d-2d4a-456d-9b24-1d63a5102722: receive RaftClientReply:client-859D8C9D7B89->65797d0d-2d4a-456d-9b24-1d63a5102722@group-BA7C392EEBCA, cid=2438, SUCCESS, logIndex=3609, commits[65797d0d-2d4a-456d-9b24-1d63a5102722:c3611, aca3f3a4-0773-4ff1-9bb5-1a871868fd09:c3607, abe1c95d-8ae2-42e9-9d83-236e3c187d51:c3607]
2019-07-09 04:31:35,170 INFO  client.GrpcClientProtocolClient (GrpcClientProtocolClient.java:onNext(255)) - client-859D8C9D7B89->65797d0d-2d4a-456d-9b24-1d63a5102722: receive RaftClientReply:client-859D8C9D7B89->65797d0d-2d4a-456d-9b24-1d63a5102722@group-BA7C392EEBCA, cid=2439, SUCCESS, logIndex=3610, commits[65797d0d-2d4a-456d-9b24-1d63a5102722:c3611, aca3f3a4-0773-4ff1-9bb5-1a871868fd09:c3607, abe1c95d-8ae2-42e9-9d83-236e3c187d51:c3607]
2019-07-09 04:31:35,171 INFO  client.GrpcClientProtocolClient (GrpcClientProtocolClient.java:onNext(255)) - client-859D8C9D7B89->65797d0d-2d4a-456d-9b24-1d63a5102722: receive RaftClientReply:client-859D8C9D7B89->65797d0d-2d4a-456d-9b24-1d63a5102722@group-BA7C392EEBCA, cid=2440, SUCCESS, logIndex=3611, commits[65797d0d-2d4a-456d-9b24-1d63a5102722:c3611, aca3f3a4-0773-4ff1-9bb5-1a871868fd09:c3607, abe1c95d-8ae2-42e9-9d83-236e3c187d51:c3607]
2019-07-09 04:31:35,172 INFO  client.GrpcClientProtocolClient (GrpcClientProtocolClient.java:onNext(255)) - client-859D8C9D7B89->65797d0d-2d4a-456d-9b24-1d63a5102722: receive RaftClientReply:client-859D8C9D7B89->65797d0d-2d4a-456d-9b24-1d63a5102722@group-BA7C392EEBCA, cid=2441, SUCCESS, logIndex=0, commits[65797d0d-2d4a-456d-9b24-1d63a5102722:c3614, aca3f3a4-0773-4ff1-9bb5-1a871868fd09:c3609, abe1c95d-8ae2-42e9-9d83-236e3c187d51:c3610]
2019-07-09 04:31:35,195 INFO  client.GrpcClientProtocolClient (GrpcClientProtocolClient.java:onNext(255)) - client-859D8C9D7B89->65797d0d-2d4a-456d-9b24-1d63a5102722: receive RaftClientReply:client-859D8C9D7B89->65797d0d-2d4a-456d-9b24-1d63a5102722@group-BA7C392EEBCA, cid=2442, SUCCESS, logIndex=3616, commits[65797d0d-2d4a-456d-9b24-1d63a5102722:c3617, aca3f3a4-0773-4ff1-9bb5-1a871868fd09:c3615, abe1c95d-8ae2-42e9-9d83-236e3c187d51:c3615]
2019-07-09 04:31:35,195 INFO  client.GrpcClientProtocolClient (GrpcClientProtocolClient.java:onNext(255)) - client-859D8C9D7B89->65797d0d-2d4a-456d-9b24-1d63a5102722: receive RaftClientReply:client-859D8C9D7B89->65797d0d-2d4a-456d-9b24-1d63a5102722@group-BA7C392EEBCA, cid=2443, SUCCESS, logIndex=3617, commits[65797d0d-2d4a-456d-9b24-1d63a5102722:c3617, aca3f3a4-0773-4ff1-9bb5-1a871868fd09:c3615, abe1c95d-8ae2-42e9-9d83-236e3c187d51:c3615]
2019-07-09 04:31:35,208 INFO  client.GrpcClientProtocolClient (GrpcClientProtocolClient.java:onNext(255)) - client-859D8C9D7B89->65797d0d-2d4a-456d-9b24-1d63a5102722: receive RaftClientReply:client-859D8C9D7B89->65797d0d-2d4a-456d-9b24-1d63a5102722@group-BA7C392EEBCA, cid=2444, SUCCESS, logIndex=3620, commits[65797d0d-2d4a-456d-9b24-1d63a5102722:c3621, aca3f3a4-0773-4ff1-9bb5-1a871868fd09:c3617, abe1c95d-8ae2-42e9-9d83-236e3c187d51:c3617]
2019-07-09 04:31:35,209 INFO  client.GrpcClientProtocolClient (GrpcClientProtocolClient.java:onNext(255)) - client-859D8C9D7B89->65797d0d-2d4a-456d-9b24-1d63a5102722: receive RaftClientReply:client-859D8C9D7B89->65797d0d-2d4a-456d-9b24-1d63a5102722@group-BA7C392EEBCA, cid=2445, SUCCESS, logIndex=3621, commits[65797d0d-2d4a-456d-9b24-1d63a5102722:c3621, aca3f3a4-0773-4ff1-9bb5-1a871868fd09:c3617, abe1c95d-8ae2-42e9-9d83-236e3c187d51:c3617]
2019-07-09 04:31:35,221 INFO  client.GrpcClientProtocolClient (GrpcClientProtocolClient.java:onNext(255)) - client-859D8C9D7B89->65797d0d-2d4a-456d-9b24-1d63a5102722: receive RaftClientReply:client-859D8C9D7B89->65797d0d-2d4a-456d-9b24-1d63a5102722@group-BA7C392EEBCA, cid=2446, SUCCESS, logIndex=0, commits[65797d0d-2d4a-456d-9b24-1d63a5102722:c3622, aca3f3a4-0773-4ff1-9bb5-1a871868fd09:c3621, abe1c95d-8ae2-42e9-9d83-236e3c187d51:c3621]
2019-07-09 04:31:35,249 INFO  client.GrpcClientProtocolClient (GrpcClientProtocolClient.java:onNext(255)) - client-859D8C9D7B89->65797d0d-2d4a-456d-9b24-1d63a5102722: receive RaftClientReply:client-859D8C9D7B89->65797d0d-2d4a-456d-9b24-1d63a5102722@group-BA7C392EEBCA, cid=2447, SUCCESS, logIndex=3624, commits[65797d0d-2d4a-456d-9b24-1d63a5102722:c3625, aca3f3a4-0773-4ff1-9bb5-1a871868fd09:c3623, abe1c95d-8ae2-42e9-9d83-236e3c187d51:c3623]
2019-07-09 04:31:35,249 INFO  client.GrpcClientProtocolClient (GrpcClientProtocolClient.java:onNext(255)) - client-859D8C9D7B89->65797d0d-2d4a-456d-9b24-1d63a5102722: receive RaftClientReply:client-859D8C9D7B89->65797d0d-2d4a-456d-9b24-1d63a5102722@group-BA7C392EEBCA, cid=2448, SUCCESS, logIndex=3625, commits[65797d0d-2d4a-456d-9b24-1d63a5102722:c3625, aca3f3a4-0773-4ff1-9bb5-1a871868fd09:c3623, abe1c95d-8ae2-42e9-9d83-236e3c187d51:c3623]
2019-07-09 04:31:35,250 INFO  client.GrpcClientProtocolClient (GrpcClientProtocolClient.java:onNext(255)) - client-859D8C9D7B89->65797d0d-2d4a-456d-9b24-1d63a5102722: receive RaftClientReply:client-859D8C9D7B89->65797d0d-2d4a-456d-9b24-1d63a5102722@group-BA7C392EEBCA, cid=2449, SUCCESS, logIndex=3626, commits[65797d0d-2d4a-456d-9b24-1d63a5102722:c3627, aca3f3a4-0773-4ff1-9bb5-1a871868fd09:c3623, abe1c95d-8ae2-42e9-9d83-236e3c187d51:c3623]
2019-07-09 04:31:35,250 INFO  client.GrpcClientProtocolClient (GrpcClientProtocolClient.java:onNext(255)) - client-859D8C9D7B89->65797d0d-2d4a-456d-9b24-1d63a5102722: receive RaftClientReply:client-859D8C9D7B89->65797d0d-2d4a-456d-9b24-1d63a5102722@group-BA7C392EEBCA, cid=2450, SUCCESS, logIndex=3627, commits[65797d0d-2d4a-456d-9b24-1d63a5102722:c3627, aca3f3a4-0773-4ff1-9bb5-1a871868fd09:c3623, abe1c95d-8ae2-42e9-9d83-236e3c187d51:c3623]
2019-07-09 04:31:35,252 INFO  client.GrpcClientProtocolClient (GrpcClientProtocolClient.java:onNext(255)) - client-859D8C9D7B89->65797d0d-2d4a-456d-9b24-1d63a5102722: receive RaftClientReply:client-859D8C9D7B89->65797d0d-2d4a-456d-9b24-1d63a5102722@group-BA7C392EEBCA, cid=2451, SUCCESS, logIndex=0, commits[65797d0d-2d4a-456d-9b24-1d63a5102722:c3629, aca3f3a4-0773-4ff1-9bb5-1a871868fd09:c3625, abe1c95d-8ae2-42e9-9d83-236e3c187d51:c3625]
2019-07-09 04:31:35,273 INFO  client.GrpcClientProtocolClient (GrpcClientProtocolClient.java:onNext(255)) - client-859D8C9D7B89->65797d0d-2d4a-456d-9b24-1d63a5102722: receive RaftClientReply:client-859D8C9D7B89->65797d0d-2d4a-456d-9b24-1d63a5102722@group-BA7C392EEBCA, cid=2452, SUCCESS, logIndex=3632, commits[65797d0d-2d4a-456d-9b24-1d63a5102722:c3633, aca3f3a4-0773-4ff1-9bb5-1a871868fd09:c3631, abe1c95d-8ae2-42e9-9d83-236e3c187d51:c3631]
2019-07-09 04:31:35,273 INFO  client.GrpcClientProtocolClient (GrpcClientProtocolClient.java:onNext(255)) - client-859D8C9D7B89->65797d0d-2d4a-456d-9b24-1d63a5102722: receive RaftClientReply:client-859D8C9D7B89->65797d0d-2d4a-456d-9b24-1d63a5102722@group-BA7C392EEBCA, cid=2453, SUCCESS, logIndex=3633, commits[65797d0d-2d4a-456d-9b24-1d63a5102722:c3633, aca3f3a4-0773-4ff1-9bb5-1a871868fd09:c3631, abe1c95d-8ae2-42e9-9d83-236e3c187d51:c3631]
2019-07-09 04:31:35,287 INFO  client.GrpcClientProtocolClient (GrpcClientProtocolClient.java:onNext(255)) - client-859D8C9D7B89->65797d0d-2d4a-456d-9b24-1d63a5102722: receive RaftClientReply:client-859D8C9D7B89->65797d0d-2d4a-456d-9b24-1d63a5102722@group-BA7C392EEBCA, cid=2454, SUCCESS, logIndex=3636, commits[65797d0d-2d4a-456d-9b24-1d63a5102722:c3637, aca3f3a4-0773-4ff1-9bb5-1a871868fd09:c3633, abe1c95d-8ae2-42e9-9d83-236e3c187d51:c3633]
2019-07-09 04:31:35,287 INFO  client.GrpcClientProtocolClient (GrpcClientProtocolClient.java:onNext(255)) - client-859D8C9D7B89->65797d0d-2d4a-456d-9b24-1d63a5102722: receive RaftClientReply:client-859D8C9D7B89->65797d0d-2d4a-456d-9b24-1d63a5102722@group-BA7C392EEBCA, cid=2455, SUCCESS, logIndex=3637, commits[65797d0d-2d4a-456d-9b24-1d63a5102722:c3637, aca3f3a4-0773-4ff1-9bb5-1a871868fd09:c3633, abe1c95d-8ae2-42e9-9d83-236e3c187d51:c3633]
2019-07-09 04:31:35,290 INFO  client.GrpcClientProtocolClient (GrpcClientProtocolClient.java:onNext(255)) - client-859D8C9D7B89->65797d0d-2d4a-456d-9b24-1d63a5102722: receive RaftClientReply:client-859D8C9D7B89->65797d0d-2d4a-456d-9b24-1d63a5102722@group-BA7C392EEBCA, cid=2456, SUCCESS, logIndex=0, commits[65797d0d-2d4a-456d-9b24-1d63a5102722:c3639, aca3f3a4-0773-4ff1-9bb5-1a871868fd09:c3637, abe1c95d-8ae2-42e9-9d83-236e3c187d51:c3637]
2019-07-09 04:31:35,330 INFO  client.GrpcClientProtocolClient (GrpcClientProtocolClient.java:onNext(255)) - client-859D8C9D7B89->65797d0d-2d4a-456d-9b24-1d63a5102722: receive RaftClientReply:client-859D8C9D7B89->65797d0d-2d4a-456d-9b24-1d63a5102722@group-BA7C392EEBCA, cid=2457, SUCCESS, logIndex=3640, commits[65797d0d-2d4a-456d-9b24-1d63a5102722:c3641, aca3f3a4-0773-4ff1-9bb5-1a871868fd09:c3639, abe1c95d-8ae2-42e9-9d83-236e3c187d51:c3639]
2019-07-09 04:31:35,331 INFO  client.GrpcClientProtocolClient (GrpcClientProtocolClient.java:onNext(255)) - client-859D8C9D7B89->65797d0d-2d4a-456d-9b24-1d63a5102722: receive RaftClientReply:client-859D8C9D7B89->65797d0d-2d4a-456d-9b24-1d63a5102722@group-BA7C392EEBCA, cid=2458, SUCCESS, logIndex=3641, commits[65797d0d-2d4a-456d-9b24-1d63a5102722:c3643, aca3f3a4-0773-4ff1-9bb5-1a871868fd09:c3639, abe1c95d-8ae2-42e9-9d83-236e3c187d51:c3639]
2019-07-09 04:31:35,331 INFO  client.GrpcClientProtocolClient (GrpcClientProtocolClient.java:onNext(255)) - client-859D8C9D7B89->65797d0d-2d4a-456d-9b24-1d63a5102722: receive RaftClientReply:client-859D8C9D7B89->65797d0d-2d4a-456d-9b24-1d63a5102722@group-BA7C392EEBCA, cid=2459, SUCCESS, logIndex=3642, commits[65797d0d-2d4a-456d-9b24-1d63a5102722:c3643, aca3f3a4-0773-4ff1-9bb5-1a871868fd09:c3639, abe1c95d-8ae2-42e9-9d83-236e3c187d51:c3639]
2019-07-09 04:31:35,331 INFO  client.GrpcClientProtocolClient (GrpcClientProtocolClient.java:onNext(255)) - client-859D8C9D7B89->65797d0d-2d4a-456d-9b24-1d63a5102722: receive RaftClientReply:client-859D8C9D7B89->65797d0d-2d4a-456d-9b24-1d63a5102722@group-BA7C392EEBCA, cid=2460, SUCCESS, logIndex=3643, commits[65797d0d-2d4a-456d-9b24-1d63a5102722:c3643, aca3f3a4-0773-4ff1-9bb5-1a871868fd09:c3639, abe1c95d-8ae2-42e9-9d83-236e3c187d51:c3639]
2019-07-09 04:31:35,333 INFO  client.GrpcClientProtocolClient (GrpcClientProtocolClient.java:onNext(255)) - client-859D8C9D7B89->65797d0d-2d4a-456d-9b24-1d63a5102722: receive RaftClientReply:client-859D8C9D7B89->65797d0d-2d4a-456d-9b24-1d63a5102722@group-BA7C392EEBCA, cid=2461, SUCCESS, logIndex=0, commits[65797d0d-2d4a-456d-9b24-1d63a5102722:c3644, aca3f3a4-0773-4ff1-9bb5-1a871868fd09:c3641, abe1c95d-8ae2-42e9-9d83-236e3c187d51:c3641]
2019-07-09 04:31:35,352 INFO  client.GrpcClientProtocolClient (GrpcClientProtocolClient.java:onNext(255)) - client-859D8C9D7B89->65797d0d-2d4a-456d-9b24-1d63a5102722: receive RaftClientReply:client-859D8C9D7B89->65797d0d-2d4a-456d-9b24-1d63a5102722@group-BA7C392EEBCA, cid=2462, SUCCESS, logIndex=3648, commits[65797d0d-2d4a-456d-9b24-1d63a5102722:c3649, aca3f3a4-0773-4ff1-9bb5-1a871868fd09:c3647, abe1c95d-8ae2-42e9-9d83-236e3c187d51:c3647]
2019-07-09 04:31:35,353 INFO  client.GrpcClientProtocolClient (GrpcClientProtocolClient.java:onNext(255)) - client-859D8C9D7B89->65797d0d-2d4a-456d-9b24-1d63a5102722: receive RaftClientReply:client-859D8C9D7B89->65797d0d-2d4a-456d-9b24-1d63a5102722@group-BA7C392EEBCA, cid=2463, SUCCESS, logIndex=3649, commits[65797d0d-2d4a-456d-9b24-1d63a5102722:c3649, aca3f3a4-0773-4ff1-9bb5-1a871868fd09:c3647, abe1c95d-8ae2-42e9-9d83-236e3c187d51:c3647]
2019-07-09 04:31:35,365 INFO  client.GrpcClientProtocolClient (GrpcClientProtocolClient.java:onNext(255)) - client-859D8C9D7B89->65797d0d-2d4a-456d-9b24-1d63a5102722: receive RaftClientReply:client-859D8C9D7B89->65797d0d-2d4a-456d-9b24-1d63a5102722@group-BA7C392EEBCA, cid=2464, SUCCESS, logIndex=3652, commits[65797d0d-2d4a-456d-9b24-1d63a5102722:c3652, aca3f3a4-0773-4ff1-9bb5-1a871868fd09:c3648, abe1c95d-8ae2-42e9-9d83-236e3c187d51:c3649]
2019-07-09 04:31:35,366 INFO  client.GrpcClientProtocolClient (GrpcClientProtocolClient.java:onNext(255)) - client-859D8C9D7B89->65797d0d-2d4a-456d-9b24-1d63a5102722: receive RaftClientReply:client-859D8C9D7B89->65797d0d-2d4a-456d-9b24-1d63a5102722@group-BA7C392EEBCA, cid=2465, SUCCESS, logIndex=3653, commits[65797d0d-2d4a-456d-9b24-1d63a5102722:c3653, aca3f3a4-0773-4ff1-9bb5-1a871868fd09:c3648, abe1c95d-8ae2-42e9-9d83-236e3c187d51:c3649]
2019-07-09 04:31:35,367 INFO  client.GrpcClientProtocolClient (GrpcClientProtocolClient.java:onNext(255)) - client-859D8C9D7B89->65797d0d-2d4a-456d-9b24-1d63a5102722: receive RaftClientReply:client-859D8C9D7B89->65797d0d-2d4a-456d-9b24-1d63a5102722@group-BA7C392EEBCA, cid=2466, SUCCESS, logIndex=0, commits[65797d0d-2d4a-456d-9b24-1d63a5102722:c3654, aca3f3a4-0773-4ff1-9bb5-1a871868fd09:c3649, abe1c95d-8ae2-42e9-9d83-236e3c187d51:c3652]
2019-07-09 04:31:35,368 INFO  client.GrpcClientProtocolClient (GrpcClientProtocolClient.java:onNext(255)) - client-859D8C9D7B89->65797d0d-2d4a-456d-9b24-1d63a5102722: receive RaftClientReply:client-859D8C9D7B89->65797d0d-2d4a-456d-9b24-1d63a5102722@group-BA7C392EEBCA, cid=2467, SUCCESS, logIndex=0, commits[65797d0d-2d4a-456d-9b24-1d63a5102722:c3655, aca3f3a4-0773-4ff1-9bb5-1a871868fd09:c3653, abe1c95d-8ae2-42e9-9d83-236e3c187d51:c3653]
 0.00% |█                                                                                                    |  0/1 Time: 0:00:202019-07-09 04:31:35,404 INFO  client.GrpcClientProtocolClient (GrpcClientProtocolClient.java:onNext(255)) - client-859D8C9D7B89->65797d0d-2d4a-456d-9b24-1d63a5102722: receive RaftClientReply:client-859D8C9D7B89->65797d0d-2d4a-456d-9b24-1d63a5102722@group-BA7C392EEBCA, cid=2468, SUCCESS, logIndex=3656, commits[65797d0d-2d4a-456d-9b24-1d63a5102722:c3657, aca3f3a4-0773-4ff1-9bb5-1a871868fd09:c3655, abe1c95d-8ae2-42e9-9d83-236e3c187d51:c3655]
2019-07-09 04:31:35,404 INFO  client.GrpcClientProtocolClient (GrpcClientProtocolClient.java:onNext(255)) - client-859D8C9D7B89->65797d0d-2d4a-456d-9b24-1d63a5102722: receive RaftClientReply:client-859D8C9D7B89->65797d0d-2d4a-456d-9b24-1d63a5102722@group-BA7C392EEBCA, cid=2469, SUCCESS, logIndex=3657, commits[65797d0d-2d4a-456d-9b24-1d63a5102722:c3657, aca3f3a4-0773-4ff1-9bb5-1a871868fd09:c3655, abe1c95d-8ae2-42e9-9d83-236e3c187d51:c3655]
2019-07-09 04:31:35,405 INFO  client.GrpcClientProtocolClient (GrpcClientProtocolClient.java:onNext(255)) - client-859D8C9D7B89->65797d0d-2d4a-456d-9b24-1d63a5102722: receive RaftClientReply:client-859D8C9D7B89->65797d0d-2d4a-456d-9b24-1d63a5102722@group-BA7C392EEBCA, cid=2470, SUCCESS, logIndex=3658, commits[65797d0d-2d4a-456d-9b24-1d63a5102722:c3659, aca3f3a4-0773-4ff1-9bb5-1a871868fd09:c3655, abe1c95d-8ae2-42e9-9d83-236e3c187d51:c3655]
2019-07-09 04:31:35,405 INFO  client.GrpcClientProtocolClient (GrpcClientProtocolClient.java:onNext(255)) - client-859D8C9D7B89->65797d0d-2d4a-456d-9b24-1d63a5102722: receive RaftClientReply:client-859D8C9D7B89->65797d0d-2d4a-456d-9b24-1d63a5102722@group-BA7C392EEBCA, cid=2471, SUCCESS, logIndex=3659, commits[65797d0d-2d4a-456d-9b24-1d63a5102722:c3659, aca3f3a4-0773-4ff1-9bb5-1a871868fd09:c3655, abe1c95d-8ae2-42e9-9d83-236e3c187d51:c3655]
2019-07-09 04:31:35,407 INFO  client.GrpcClientProtocolClient (GrpcClientProtocolClient.java:onNext(255)) - client-859D8C9D7B89->65797d0d-2d4a-456d-9b24-1d63a5102722: receive RaftClientReply:client-859D8C9D7B89->65797d0d-2d4a-456d-9b24-1d63a5102722@group-BA7C392EEBCA, cid=2472, SUCCESS, logIndex=0, commits[65797d0d-2d4a-456d-9b24-1d63a5102722:c3661, aca3f3a4-0773-4ff1-9bb5-1a871868fd09:c3657, abe1c95d-8ae2-42e9-9d83-236e3c187d51:c3657]
2019-07-09 04:31:35,426 INFO  client.GrpcClientProtocolClient (GrpcClientProtocolClient.java:onNext(255)) - client-859D8C9D7B89->65797d0d-2d4a-456d-9b24-1d63a5102722: receive RaftClientReply:client-859D8C9D7B89->65797d0d-2d4a-456d-9b24-1d63a5102722@group-BA7C392EEBCA, cid=2473, SUCCESS, logIndex=3664, commits[65797d0d-2d4a-456d-9b24-1d63a5102722:c3665, aca3f3a4-0773-4ff1-9bb5-1a871868fd09:c3663, abe1c95d-8ae2-42e9-9d83-236e3c187d51:c3663]
2019-07-09 04:31:35,426 INFO  client.GrpcClientProtocolClient (GrpcClientProtocolClient.java:onNext(255)) - client-859D8C9D7B89->65797d0d-2d4a-456d-9b24-1d63a5102722: receive RaftClientReply:client-859D8C9D7B89->65797d0d-2d4a-456d-9b24-1d63a5102722@group-BA7C392EEBCA, cid=2474, SUCCESS, logIndex=3665, commits[65797d0d-2d4a-456d-9b24-1d63a5102722:c3665, aca3f3a4-0773-4ff1-9bb5-1a871868fd09:c3663, abe1c95d-8ae2-42e9-9d83-236e3c187d51:c3663]
2019-07-09 04:31:35,439 INFO  client.GrpcClientProtocolClient (GrpcClientProtocolClient.java:onNext(255)) - client-859D8C9D7B89->65797d0d-2d4a-456d-9b24-1d63a5102722: receive RaftClientReply:client-859D8C9D7B89->65797d0d-2d4a-456d-9b24-1d63a5102722@group-BA7C392EEBCA, cid=2475, SUCCESS, logIndex=3668, commits[65797d0d-2d4a-456d-9b24-1d63a5102722:c3669, aca3f3a4-0773-4ff1-9bb5-1a871868fd09:c3665, abe1c95d-8ae2-42e9-9d83-236e3c187d51:c3665]
2019-07-09 04:31:35,440 INFO  client.GrpcClientProtocolClient (GrpcClientProtocolClient.java:onNext(255)) - client-859D8C9D7B89->65797d0d-2d4a-456d-9b24-1d63a5102722: receive RaftClientReply:client-859D8C9D7B89->65797d0d-2d4a-456d-9b24-1d63a5102722@group-BA7C392EEBCA, cid=2476, SUCCESS, logIndex=3669, commits[65797d0d-2d4a-456d-9b24-1d63a5102722:c3669, aca3f3a4-0773-4ff1-9bb5-1a871868fd09:c3665, abe1c95d-8ae2-42e9-9d83-236e3c187d51:c3665]
2019-07-09 04:31:35,452 INFO  client.GrpcClientProtocolClient (GrpcClientProtocolClient.java:onNext(255)) - client-859D8C9D7B89->65797d0d-2d4a-456d-9b24-1d63a5102722: receive RaftClientReply:client-859D8C9D7B89->65797d0d-2d4a-456d-9b24-1d63a5102722@group-BA7C392EEBCA, cid=2477, SUCCESS, logIndex=0, commits[65797d0d-2d4a-456d-9b24-1d63a5102722:c3671, aca3f3a4-0773-4ff1-9bb5-1a871868fd09:c3669, abe1c95d-8ae2-42e9-9d83-236e3c187d51:c3669]
2019-07-09 04:31:35,519 INFO  client.GrpcClientProtocolClient (GrpcClientProtocolClient.java:onNext(255)) - client-859D8C9D7B89->65797d0d-2d4a-456d-9b24-1d63a5102722: receive RaftClientReply:client-859D8C9D7B89->65797d0d-2d4a-456d-9b24-1d63a5102722@group-BA7C392EEBCA, cid=2478, SUCCESS, logIndex=3672, commits[65797d0d-2d4a-456d-9b24-1d63a5102722:c3673, aca3f3a4-0773-4ff1-9bb5-1a871868fd09:c3671, abe1c95d-8ae2-42e9-9d83-236e3c187d51:c3671]
2019-07-09 04:31:35,520 INFO  client.GrpcClientProtocolClient (GrpcClientProtocolClient.java:onNext(255)) - client-859D8C9D7B89->65797d0d-2d4a-456d-9b24-1d63a5102722: receive RaftClientReply:client-859D8C9D7B89->65797d0d-2d4a-456d-9b24-1d63a5102722@group-BA7C392EEBCA, cid=2479, SUCCESS, logIndex=3673, commits[65797d0d-2d4a-456d-9b24-1d63a5102722:c3675, aca3f3a4-0773-4ff1-9bb5-1a871868fd09:c3671, abe1c95d-8ae2-42e9-9d83-236e3c187d51:c3671]
2019-07-09 04:31:35,520 INFO  client.GrpcClientProtocolClient (GrpcClientProtocolClient.java:onNext(255)) - client-859D8C9D7B89->65797d0d-2d4a-456d-9b24-1d63a5102722: receive RaftClientReply:client-859D8C9D7B89->65797d0d-2d4a-456d-9b24-1d63a5102722@group-BA7C392EEBCA, cid=2480, SUCCESS, logIndex=3674, commits[65797d0d-2d4a-456d-9b24-1d63a5102722:c3675, aca3f3a4-0773-4ff1-9bb5-1a871868fd09:c3671, abe1c95d-8ae2-42e9-9d83-236e3c187d51:c3671]
2019-07-09 04:31:35,521 INFO  client.GrpcClientProtocolClient (GrpcClientProtocolClient.java:onNext(255)) - client-859D8C9D7B89->65797d0d-2d4a-456d-9b24-1d63a5102722: receive RaftClientReply:client-859D8C9D7B89->65797d0d-2d4a-456d-9b24-1d63a5102722@group-BA7C392EEBCA, cid=2481, SUCCESS, logIndex=3675, commits[65797d0d-2d4a-456d-9b24-1d63a5102722:c3675, aca3f3a4-0773-4ff1-9bb5-1a871868fd09:c3671, abe1c95d-8ae2-42e9-9d83-236e3c187d51:c3671]
2019-07-09 04:31:35,531 INFO  client.GrpcClientProtocolClient (GrpcClientProtocolClient.java:onNext(255)) - client-859D8C9D7B89->65797d0d-2d4a-456d-9b24-1d63a5102722: receive RaftClientReply:client-859D8C9D7B89->65797d0d-2d4a-456d-9b24-1d63a5102722@group-BA7C392EEBCA, cid=2482, SUCCESS, logIndex=0, commits[65797d0d-2d4a-456d-9b24-1d63a5102722:c3676, aca3f3a4-0773-4ff1-9bb5-1a871868fd09:c3673, abe1c95d-8ae2-42e9-9d83-236e3c187d51:c3673]
2019-07-09 04:31:35,552 INFO  client.GrpcClientProtocolClient (GrpcClientProtocolClient.java:onNext(255)) - client-859D8C9D7B89->65797d0d-2d4a-456d-9b24-1d63a5102722: receive RaftClientReply:client-859D8C9D7B89->65797d0d-2d4a-456d-9b24-1d63a5102722@group-BA7C392EEBCA, cid=2483, SUCCESS, logIndex=3680, commits[65797d0d-2d4a-456d-9b24-1d63a5102722:c3681, aca3f3a4-0773-4ff1-9bb5-1a871868fd09:c3679, abe1c95d-8ae2-42e9-9d83-236e3c187d51:c3679]
2019-07-09 04:31:35,553 INFO  client.GrpcClientProtocolClient (GrpcClientProtocolClient.java:onNext(255)) - client-859D8C9D7B89->65797d0d-2d4a-456d-9b24-1d63a5102722: receive RaftClientReply:client-859D8C9D7B89->65797d0d-2d4a-456d-9b24-1d63a5102722@group-BA7C392EEBCA, cid=2484, SUCCESS, logIndex=3681, commits[65797d0d-2d4a-456d-9b24-1d63a5102722:c3681, aca3f3a4-0773-4ff1-9bb5-1a871868fd09:c3679, abe1c95d-8ae2-42e9-9d83-236e3c187d51:c3679]
2019-07-09 04:31:35,567 INFO  client.GrpcClientProtocolClient (GrpcClientProtocolClient.java:onNext(255)) - client-859D8C9D7B89->65797d0d-2d4a-456d-9b24-1d63a5102722: receive RaftClientReply:client-859D8C9D7B89->65797d0d-2d4a-456d-9b24-1d63a5102722@group-BA7C392EEBCA, cid=2485, SUCCESS, logIndex=3684, commits[65797d0d-2d4a-456d-9b24-1d63a5102722:c3684, aca3f3a4-0773-4ff1-9bb5-1a871868fd09:c3681, abe1c95d-8ae2-42e9-9d83-236e3c187d51:c3681]
2019-07-09 04:31:35,567 INFO  client.GrpcClientProtocolClient (GrpcClientProtocolClient.java:onNext(255)) - client-859D8C9D7B89->65797d0d-2d4a-456d-9b24-1d63a5102722: receive RaftClientReply:client-859D8C9D7B89->65797d0d-2d4a-456d-9b24-1d63a5102722@group-BA7C392EEBCA, cid=2486, SUCCESS, logIndex=3685, commits[65797d0d-2d4a-456d-9b24-1d63a5102722:c3685, aca3f3a4-0773-4ff1-9bb5-1a871868fd09:c3681, abe1c95d-8ae2-42e9-9d83-236e3c187d51:c3681]
2019-07-09 04:31:35,592 INFO  client.GrpcClientProtocolClient (GrpcClientProtocolClient.java:onNext(255)) - client-859D8C9D7B89->65797d0d-2d4a-456d-9b24-1d63a5102722: receive RaftClientReply:client-859D8C9D7B89->65797d0d-2d4a-456d-9b24-1d63a5102722@group-BA7C392EEBCA, cid=2487, SUCCESS, logIndex=0, commits[65797d0d-2d4a-456d-9b24-1d63a5102722:c3686, aca3f3a4-0773-4ff1-9bb5-1a871868fd09:c3685, abe1c95d-8ae2-42e9-9d83-236e3c187d51:c3685]
2019-07-09 04:31:35,758 INFO  client.GrpcClientProtocolClient (GrpcClientProtocolClient.java:onNext(255)) - client-859D8C9D7B89->65797d0d-2d4a-456d-9b24-1d63a5102722: receive RaftClientReply:client-859D8C9D7B89->65797d0d-2d4a-456d-9b24-1d63a5102722@group-BA7C392EEBCA, cid=2488, SUCCESS, logIndex=3688, commits[65797d0d-2d4a-456d-9b24-1d63a5102722:c3689, aca3f3a4-0773-4ff1-9bb5-1a871868fd09:c3687, abe1c95d-8ae2-42e9-9d83-236e3c187d51:c3687]
2019-07-09 04:31:35,759 INFO  client.GrpcClientProtocolClient (GrpcClientProtocolClient.java:onNext(255)) - client-859D8C9D7B89->65797d0d-2d4a-456d-9b24-1d63a5102722: receive RaftClientReply:client-859D8C9D7B89->65797d0d-2d4a-456d-9b24-1d63a5102722@group-BA7C392EEBCA, cid=2489, SUCCESS, logIndex=3689, commits[65797d0d-2d4a-456d-9b24-1d63a5102722:c3691, aca3f3a4-0773-4ff1-9bb5-1a871868fd09:c3687, abe1c95d-8ae2-42e9-9d83-236e3c187d51:c3687]
2019-07-09 04:31:35,759 INFO  client.GrpcClientProtocolClient (GrpcClientProtocolClient.java:onNext(255)) - client-859D8C9D7B89->65797d0d-2d4a-456d-9b24-1d63a5102722: receive RaftClientReply:client-859D8C9D7B89->65797d0d-2d4a-456d-9b24-1d63a5102722@group-BA7C392EEBCA, cid=2490, SUCCESS, logIndex=3690, commits[65797d0d-2d4a-456d-9b24-1d63a5102722:c3691, aca3f3a4-0773-4ff1-9bb5-1a871868fd09:c3687, abe1c95d-8ae2-42e9-9d83-236e3c187d51:c3687]
2019-07-09 04:31:35,759 INFO  client.GrpcClientProtocolClient (GrpcClientProtocolClient.java:onNext(255)) - client-859D8C9D7B89->65797d0d-2d4a-456d-9b24-1d63a5102722: receive RaftClientReply:client-859D8C9D7B89->65797d0d-2d4a-456d-9b24-1d63a5102722@group-BA7C392EEBCA, cid=2491, SUCCESS, logIndex=3691, commits[65797d0d-2d4a-456d-9b24-1d63a5102722:c3691, aca3f3a4-0773-4ff1-9bb5-1a871868fd09:c3687, abe1c95d-8ae2-42e9-9d83-236e3c187d51:c3687]
2019-07-09 04:31:35,761 INFO  client.GrpcClientProtocolClient (GrpcClientProtocolClient.java:onNext(255)) - client-859D8C9D7B89->65797d0d-2d4a-456d-9b24-1d63a5102722: receive RaftClientReply:client-859D8C9D7B89->65797d0d-2d4a-456d-9b24-1d63a5102722@group-BA7C392EEBCA, cid=2492, SUCCESS, logIndex=0, commits[65797d0d-2d4a-456d-9b24-1d63a5102722:c3693, aca3f3a4-0773-4ff1-9bb5-1a871868fd09:c3689, abe1c95d-8ae2-42e9-9d83-236e3c187d51:c3689]
2019-07-09 04:31:35,782 INFO  client.GrpcClientProtocolClient (GrpcClientProtocolClient.java:onNext(255)) - client-859D8C9D7B89->65797d0d-2d4a-456d-9b24-1d63a5102722: receive RaftClientReply:client-859D8C9D7B89->65797d0d-2d4a-456d-9b24-1d63a5102722@group-BA7C392EEBCA, cid=2493, SUCCESS, logIndex=3696, commits[65797d0d-2d4a-456d-9b24-1d63a5102722:c3697, aca3f3a4-0773-4ff1-9bb5-1a871868fd09:c3695, abe1c95d-8ae2-42e9-9d83-236e3c187d51:c3695]
2019-07-09 04:31:35,783 INFO  client.GrpcClientProtocolClient (GrpcClientProtocolClient.java:onNext(255)) - client-859D8C9D7B89->65797d0d-2d4a-456d-9b24-1d63a5102722: receive RaftClientReply:client-859D8C9D7B89->65797d0d-2d4a-456d-9b24-1d63a5102722@group-BA7C392EEBCA, cid=2494, SUCCESS, logIndex=3697, commits[65797d0d-2d4a-456d-9b24-1d63a5102722:c3697, aca3f3a4-0773-4ff1-9bb5-1a871868fd09:c3695, abe1c95d-8ae2-42e9-9d83-236e3c187d51:c3695]
2019-07-09 04:31:35,800 INFO  client.GrpcClientProtocolClient (GrpcClientProtocolClient.java:onNext(255)) - client-859D8C9D7B89->65797d0d-2d4a-456d-9b24-1d63a5102722: receive RaftClientReply:client-859D8C9D7B89->65797d0d-2d4a-456d-9b24-1d63a5102722@group-BA7C392EEBCA, cid=2495, SUCCESS, logIndex=3700, commits[65797d0d-2d4a-456d-9b24-1d63a5102722:c3701, aca3f3a4-0773-4ff1-9bb5-1a871868fd09:c3697, abe1c95d-8ae2-42e9-9d83-236e3c187d51:c3697]
2019-07-09 04:31:35,800 INFO  client.GrpcClientProtocolClient (GrpcClientProtocolClient.java:onNext(255)) - client-859D8C9D7B89->65797d0d-2d4a-456d-9b24-1d63a5102722: receive RaftClientReply:client-859D8C9D7B89->65797d0d-2d4a-456d-9b24-1d63a5102722@group-BA7C392EEBCA, cid=2496, SUCCESS, logIndex=3701, commits[65797d0d-2d4a-456d-9b24-1d63a5102722:c3701, aca3f3a4-0773-4ff1-9bb5-1a871868fd09:c3697, abe1c95d-8ae2-42e9-9d83-236e3c187d51:c3697]
2019-07-09 04:31:35,813 INFO  client.GrpcClientProtocolClient (GrpcClientProtocolClient.java:onNext(255)) - client-859D8C9D7B89->65797d0d-2d4a-456d-9b24-1d63a5102722: receive RaftClientReply:client-859D8C9D7B89->65797d0d-2d4a-456d-9b24-1d63a5102722@group-BA7C392EEBCA, cid=2497, SUCCESS, logIndex=0, commits[65797d0d-2d4a-456d-9b24-1d63a5102722:c3703, aca3f3a4-0773-4ff1-9bb5-1a871868fd09:c3701, abe1c95d-8ae2-42e9-9d83-236e3c187d51:c3701]
2019-07-09 04:31:35,847 INFO  client.GrpcClientProtocolClient (GrpcClientProtocolClient.java:onNext(255)) - client-859D8C9D7B89->65797d0d-2d4a-456d-9b24-1d63a5102722: receive RaftClientReply:client-859D8C9D7B89->65797d0d-2d4a-456d-9b24-1d63a5102722@group-BA7C392EEBCA, cid=2498, SUCCESS, logIndex=3704, commits[65797d0d-2d4a-456d-9b24-1d63a5102722:c3705, aca3f3a4-0773-4ff1-9bb5-1a871868fd09:c3703, abe1c95d-8ae2-42e9-9d83-236e3c187d51:c3703]
2019-07-09 04:31:35,847 INFO  client.GrpcClientProtocolClient (GrpcClientProtocolClient.java:onNext(255)) - client-859D8C9D7B89->65797d0d-2d4a-456d-9b24-1d63a5102722: receive RaftClientReply:client-859D8C9D7B89->65797d0d-2d4a-456d-9b24-1d63a5102722@group-BA7C392EEBCA, cid=2499, SUCCESS, logIndex=3705, commits[65797d0d-2d4a-456d-9b24-1d63a5102722:c3705, aca3f3a4-0773-4ff1-9bb5-1a871868fd09:c3703, abe1c95d-8ae2-42e9-9d83-236e3c187d51:c3703]
2019-07-09 04:31:35,856 INFO  client.GrpcClientProtocolClient (GrpcClientProtocolClient.java:onNext(255)) - client-859D8C9D7B89->65797d0d-2d4a-456d-9b24-1d63a5102722: receive RaftClientReply:client-859D8C9D7B89->65797d0d-2d4a-456d-9b24-1d63a5102722@group-BA7C392EEBCA, cid=2500, SUCCESS, logIndex=3706, commits[65797d0d-2d4a-456d-9b24-1d63a5102722:c3707, aca3f3a4-0773-4ff1-9bb5-1a871868fd09:c3703, abe1c95d-8ae2-42e9-9d83-236e3c187d51:c3703]
2019-07-09 04:31:35,857 INFO  client.GrpcClientProtocolClient (GrpcClientProtocolClient.java:onNext(255)) - client-859D8C9D7B89->65797d0d-2d4a-456d-9b24-1d63a5102722: receive RaftClientReply:client-859D8C9D7B89->65797d0d-2d4a-456d-9b24-1d63a5102722@group-BA7C392EEBCA, cid=2501, SUCCESS, logIndex=3707, commits[65797d0d-2d4a-456d-9b24-1d63a5102722:c3707, aca3f3a4-0773-4ff1-9bb5-1a871868fd09:c3703, abe1c95d-8ae2-42e9-9d83-236e3c187d51:c3703]
2019-07-09 04:31:35,859 INFO  client.GrpcClientProtocolClient (GrpcClientProtocolClient.java:onNext(255)) - client-859D8C9D7B89->65797d0d-2d4a-456d-9b24-1d63a5102722: receive RaftClientReply:client-859D8C9D7B89->65797d0d-2d4a-456d-9b24-1d63a5102722@group-BA7C392EEBCA, cid=2502, SUCCESS, logIndex=0, commits[65797d0d-2d4a-456d-9b24-1d63a5102722:c3709, aca3f3a4-0773-4ff1-9bb5-1a871868fd09:c3705, abe1c95d-8ae2-42e9-9d83-236e3c187d51:c3705]
2019-07-09 04:31:35,881 INFO  client.GrpcClientProtocolClient (GrpcClientProtocolClient.java:onNext(255)) - client-859D8C9D7B89->65797d0d-2d4a-456d-9b24-1d63a5102722: receive RaftClientReply:client-859D8C9D7B89->65797d0d-2d4a-456d-9b24-1d63a5102722@group-BA7C392EEBCA, cid=2503, SUCCESS, logIndex=3712, commits[65797d0d-2d4a-456d-9b24-1d63a5102722:c3713, aca3f3a4-0773-4ff1-9bb5-1a871868fd09:c3711, abe1c95d-8ae2-42e9-9d83-236e3c187d51:c3711]
2019-07-09 04:31:35,882 INFO  client.GrpcClientProtocolClient (GrpcClientProtocolClient.java:onNext(255)) - client-859D8C9D7B89->65797d0d-2d4a-456d-9b24-1d63a5102722: receive RaftClientReply:client-859D8C9D7B89->65797d0d-2d4a-456d-9b24-1d63a5102722@group-BA7C392EEBCA, cid=2504, SUCCESS, logIndex=3713, commits[65797d0d-2d4a-456d-9b24-1d63a5102722:c3713, aca3f3a4-0773-4ff1-9bb5-1a871868fd09:c3711, abe1c95d-8ae2-42e9-9d83-236e3c187d51:c3711]
2019-07-09 04:31:35,895 INFO  client.GrpcClientProtocolClient (GrpcClientProtocolClient.java:onNext(255)) - client-859D8C9D7B89->65797d0d-2d4a-456d-9b24-1d63a5102722: receive RaftClientReply:client-859D8C9D7B89->65797d0d-2d4a-456d-9b24-1d63a5102722@group-BA7C392EEBCA, cid=2505, SUCCESS, logIndex=3716, commits[65797d0d-2d4a-456d-9b24-1d63a5102722:c3717, aca3f3a4-0773-4ff1-9bb5-1a871868fd09:c3713, abe1c95d-8ae2-42e9-9d83-236e3c187d51:c3713]
2019-07-09 04:31:35,896 INFO  client.GrpcClientProtocolClient (GrpcClientProtocolClient.java:onNext(255)) - client-859D8C9D7B89->65797d0d-2d4a-456d-9b24-1d63a5102722: receive RaftClientReply:client-859D8C9D7B89->65797d0d-2d4a-456d-9b24-1d63a5102722@group-BA7C392EEBCA, cid=2506, SUCCESS, logIndex=3717, commits[65797d0d-2d4a-456d-9b24-1d63a5102722:c3717, aca3f3a4-0773-4ff1-9bb5-1a871868fd09:c3713, abe1c95d-8ae2-42e9-9d83-236e3c187d51:c3713]
2019-07-09 04:31:35,909 INFO  client.GrpcClientProtocolClient (GrpcClientProtocolClient.java:onNext(255)) - client-859D8C9D7B89->65797d0d-2d4a-456d-9b24-1d63a5102722: receive RaftClientReply:client-859D8C9D7B89->65797d0d-2d4a-456d-9b24-1d63a5102722@group-BA7C392EEBCA, cid=2507, SUCCESS, logIndex=0, commits[65797d0d-2d4a-456d-9b24-1d63a5102722:c3718, aca3f3a4-0773-4ff1-9bb5-1a871868fd09:c3717, abe1c95d-8ae2-42e9-9d83-236e3c187d51:c3717]
2019-07-09 04:31:35,945 INFO  client.GrpcClientProtocolClient (GrpcClientProtocolClient.java:onNext(255)) - client-859D8C9D7B89->65797d0d-2d4a-456d-9b24-1d63a5102722: receive RaftClientReply:client-859D8C9D7B89->65797d0d-2d4a-456d-9b24-1d63a5102722@group-BA7C392EEBCA, cid=2508, SUCCESS, logIndex=3720, commits[65797d0d-2d4a-456d-9b24-1d63a5102722:c3722, aca3f3a4-0773-4ff1-9bb5-1a871868fd09:c3719, abe1c95d-8ae2-42e9-9d83-236e3c187d51:c3719]
2019-07-09 04:31:35,946 INFO  client.GrpcClientProtocolClient (GrpcClientProtocolClient.java:onNext(255)) - client-859D8C9D7B89->65797d0d-2d4a-456d-9b24-1d63a5102722: receive RaftClientReply:client-859D8C9D7B89->65797d0d-2d4a-456d-9b24-1d63a5102722@group-BA7C392EEBCA, cid=2509, SUCCESS, logIndex=3721, commits[65797d0d-2d4a-456d-9b24-1d63a5102722:c3723, aca3f3a4-0773-4ff1-9bb5-1a871868fd09:c3719, abe1c95d-8ae2-42e9-9d83-236e3c187d51:c3719]
2019-07-09 04:31:35,946 INFO  client.GrpcClientProtocolClient (GrpcClientProtocolClient.java:onNext(255)) - client-859D8C9D7B89->65797d0d-2d4a-456d-9b24-1d63a5102722: receive RaftClientReply:client-859D8C9D7B89->65797d0d-2d4a-456d-9b24-1d63a5102722@group-BA7C392EEBCA, cid=2510, SUCCESS, logIndex=3722, commits[65797d0d-2d4a-456d-9b24-1d63a5102722:c3723, aca3f3a4-0773-4ff1-9bb5-1a871868fd09:c3719, abe1c95d-8ae2-42e9-9d83-236e3c187d51:c3719]
2019-07-09 04:31:35,946 INFO  client.GrpcClientProtocolClient (GrpcClientProtocolClient.java:onNext(255)) - client-859D8C9D7B89->65797d0d-2d4a-456d-9b24-1d63a5102722: receive RaftClientReply:client-859D8C9D7B89->65797d0d-2d4a-456d-9b24-1d63a5102722@group-BA7C392EEBCA, cid=2511, SUCCESS, logIndex=3723, commits[65797d0d-2d4a-456d-9b24-1d63a5102722:c3723, aca3f3a4-0773-4ff1-9bb5-1a871868fd09:c3719, abe1c95d-8ae2-42e9-9d83-236e3c187d51:c3719]
2019-07-09 04:31:35,948 INFO  client.GrpcClientProtocolClient (GrpcClientProtocolClient.java:onNext(255)) - client-859D8C9D7B89->65797d0d-2d4a-456d-9b24-1d63a5102722: receive RaftClientReply:client-859D8C9D7B89->65797d0d-2d4a-456d-9b24-1d63a5102722@group-BA7C392EEBCA, cid=2512, SUCCESS, logIndex=0, commits[65797d0d-2d4a-456d-9b24-1d63a5102722:c3724, aca3f3a4-0773-4ff1-9bb5-1a871868fd09:c3721, abe1c95d-8ae2-42e9-9d83-236e3c187d51:c3721]
2019-07-09 04:31:35,969 INFO  client.GrpcClientProtocolClient (GrpcClientProtocolClient.java:onNext(255)) - client-859D8C9D7B89->65797d0d-2d4a-456d-9b24-1d63a5102722: receive RaftClientReply:client-859D8C9D7B89->65797d0d-2d4a-456d-9b24-1d63a5102722@group-BA7C392EEBCA, cid=2513, SUCCESS, logIndex=3728, commits[65797d0d-2d4a-456d-9b24-1d63a5102722:c3729, aca3f3a4-0773-4ff1-9bb5-1a871868fd09:c3727, abe1c95d-8ae2-42e9-9d83-236e3c187d51:c3727]
2019-07-09 04:31:35,970 INFO  client.GrpcClientProtocolClient (GrpcClientProtocolClient.java:onNext(255)) - client-859D8C9D7B89->65797d0d-2d4a-456d-9b24-1d63a5102722: receive RaftClientReply:client-859D8C9D7B89->65797d0d-2d4a-456d-9b24-1d63a5102722@group-BA7C392EEBCA, cid=2514, SUCCESS, logIndex=3729, commits[65797d0d-2d4a-456d-9b24-1d63a5102722:c3729, aca3f3a4-0773-4ff1-9bb5-1a871868fd09:c3727, abe1c95d-8ae2-42e9-9d83-236e3c187d51:c3727]
2019-07-09 04:31:35,995 INFO  client.GrpcClientProtocolClient (GrpcClientProtocolClient.java:onNext(255)) - client-859D8C9D7B89->65797d0d-2d4a-456d-9b24-1d63a5102722: receive RaftClientReply:client-859D8C9D7B89->65797d0d-2d4a-456d-9b24-1d63a5102722@group-BA7C392EEBCA, cid=2515, SUCCESS, logIndex=3732, commits[65797d0d-2d4a-456d-9b24-1d63a5102722:c3733, aca3f3a4-0773-4ff1-9bb5-1a871868fd09:c3729, abe1c95d-8ae2-42e9-9d83-236e3c187d51:c3728]
2019-07-09 04:31:35,995 INFO  client.GrpcClientProtocolClient (GrpcClientProtocolClient.java:onNext(255)) - client-859D8C9D7B89->65797d0d-2d4a-456d-9b24-1d63a5102722: receive RaftClientReply:client-859D8C9D7B89->65797d0d-2d4a-456d-9b24-1d63a5102722@group-BA7C392EEBCA, cid=2516, SUCCESS, logIndex=3733, commits[65797d0d-2d4a-456d-9b24-1d63a5102722:c3733, aca3f3a4-0773-4ff1-9bb5-1a871868fd09:c3729, abe1c95d-8ae2-42e9-9d83-236e3c187d51:c3729]
2019-07-09 04:31:35,998 INFO  client.GrpcClientProtocolClient (GrpcClientProtocolClient.java:onNext(255)) - client-859D8C9D7B89->65797d0d-2d4a-456d-9b24-1d63a5102722: receive RaftClientReply:client-859D8C9D7B89->65797d0d-2d4a-456d-9b24-1d63a5102722@group-BA7C392EEBCA, cid=2517, SUCCESS, logIndex=0, commits[65797d0d-2d4a-456d-9b24-1d63a5102722:c3735, aca3f3a4-0773-4ff1-9bb5-1a871868fd09:c3733, abe1c95d-8ae2-42e9-9d83-236e3c187d51:c3733]
2019-07-09 04:31:36,029 INFO  client.GrpcClientProtocolClient (GrpcClientProtocolClient.java:onNext(255)) - client-859D8C9D7B89->65797d0d-2d4a-456d-9b24-1d63a5102722: receive RaftClientReply:client-859D8C9D7B89->65797d0d-2d4a-456d-9b24-1d63a5102722@group-BA7C392EEBCA, cid=2518, SUCCESS, logIndex=3736, commits[65797d0d-2d4a-456d-9b24-1d63a5102722:c3737, aca3f3a4-0773-4ff1-9bb5-1a871868fd09:c3735, abe1c95d-8ae2-42e9-9d83-236e3c187d51:c3735]
2019-07-09 04:31:36,029 INFO  client.GrpcClientProtocolClient (GrpcClientProtocolClient.java:onNext(255)) - client-859D8C9D7B89->65797d0d-2d4a-456d-9b24-1d63a5102722: receive RaftClientReply:client-859D8C9D7B89->65797d0d-2d4a-456d-9b24-1d63a5102722@group-BA7C392EEBCA, cid=2519, SUCCESS, logIndex=3737, commits[65797d0d-2d4a-456d-9b24-1d63a5102722:c3739, aca3f3a4-0773-4ff1-9bb5-1a871868fd09:c3735, abe1c95d-8ae2-42e9-9d83-236e3c187d51:c3735]
2019-07-09 04:31:36,030 INFO  client.GrpcClientProtocolClient (GrpcClientProtocolClient.java:onNext(255)) - client-859D8C9D7B89->65797d0d-2d4a-456d-9b24-1d63a5102722: receive RaftClientReply:client-859D8C9D7B89->65797d0d-2d4a-456d-9b24-1d63a5102722@group-BA7C392EEBCA, cid=2520, SUCCESS, logIndex=3738, commits[65797d0d-2d4a-456d-9b24-1d63a5102722:c3739, aca3f3a4-0773-4ff1-9bb5-1a871868fd09:c3735, abe1c95d-8ae2-42e9-9d83-236e3c187d51:c3735]
2019-07-09 04:31:36,030 INFO  client.GrpcClientProtocolClient (GrpcClientProtocolClient.java:onNext(255)) - client-859D8C9D7B89->65797d0d-2d4a-456d-9b24-1d63a5102722: receive RaftClientReply:client-859D8C9D7B89->65797d0d-2d4a-456d-9b24-1d63a5102722@group-BA7C392EEBCA, cid=2521, SUCCESS, logIndex=3739, commits[65797d0d-2d4a-456d-9b24-1d63a5102722:c3739, aca3f3a4-0773-4ff1-9bb5-1a871868fd09:c3735, abe1c95d-8ae2-42e9-9d83-236e3c187d51:c3735]
2019-07-09 04:31:36,032 INFO  client.GrpcClientProtocolClient (GrpcClientProtocolClient.java:onNext(255)) - client-859D8C9D7B89->65797d0d-2d4a-456d-9b24-1d63a5102722: receive RaftClientReply:client-859D8C9D7B89->65797d0d-2d4a-456d-9b24-1d63a5102722@group-BA7C392EEBCA, cid=2522, SUCCESS, logIndex=0, commits[65797d0d-2d4a-456d-9b24-1d63a5102722:c3741, aca3f3a4-0773-4ff1-9bb5-1a871868fd09:c3737, abe1c95d-8ae2-42e9-9d83-236e3c187d51:c3737]
2019-07-09 04:31:36,053 INFO  client.GrpcClientProtocolClient (GrpcClientProtocolClient.java:onNext(255)) - client-859D8C9D7B89->65797d0d-2d4a-456d-9b24-1d63a5102722: receive RaftClientReply:client-859D8C9D7B89->65797d0d-2d4a-456d-9b24-1d63a5102722@group-BA7C392EEBCA, cid=2523, SUCCESS, logIndex=3744, commits[65797d0d-2d4a-456d-9b24-1d63a5102722:c3745, aca3f3a4-0773-4ff1-9bb5-1a871868fd09:c3743, abe1c95d-8ae2-42e9-9d83-236e3c187d51:c3743]
2019-07-09 04:31:36,053 INFO  client.GrpcClientProtocolClient (GrpcClientProtocolClient.java:onNext(255)) - client-859D8C9D7B89->65797d0d-2d4a-456d-9b24-1d63a5102722: receive RaftClientReply:client-859D8C9D7B89->65797d0d-2d4a-456d-9b24-1d63a5102722@group-BA7C392EEBCA, cid=2524, SUCCESS, logIndex=3745, commits[65797d0d-2d4a-456d-9b24-1d63a5102722:c3745, aca3f3a4-0773-4ff1-9bb5-1a871868fd09:c3743, abe1c95d-8ae2-42e9-9d83-236e3c187d51:c3743]
2019-07-09 04:31:36,066 INFO  client.GrpcClientProtocolClient (GrpcClientProtocolClient.java:onNext(255)) - client-859D8C9D7B89->65797d0d-2d4a-456d-9b24-1d63a5102722: receive RaftClientReply:client-859D8C9D7B89->65797d0d-2d4a-456d-9b24-1d63a5102722@group-BA7C392EEBCA, cid=2525, SUCCESS, logIndex=3748, commits[65797d0d-2d4a-456d-9b24-1d63a5102722:c3749, aca3f3a4-0773-4ff1-9bb5-1a871868fd09:c3744, abe1c95d-8ae2-42e9-9d83-236e3c187d51:c3745]
2019-07-09 04:31:36,066 INFO  client.GrpcClientProtocolClient (GrpcClientProtocolClient.java:onNext(255)) - client-859D8C9D7B89->65797d0d-2d4a-456d-9b24-1d63a5102722: receive RaftClientReply:client-859D8C9D7B89->65797d0d-2d4a-456d-9b24-1d63a5102722@group-BA7C392EEBCA, cid=2526, SUCCESS, logIndex=3749, commits[65797d0d-2d4a-456d-9b24-1d63a5102722:c3749, aca3f3a4-0773-4ff1-9bb5-1a871868fd09:c3744, abe1c95d-8ae2-42e9-9d83-236e3c187d51:c3745]
2019-07-09 04:31:36,068 INFO  client.GrpcClientProtocolClient (GrpcClientProtocolClient.java:onNext(255)) - client-859D8C9D7B89->65797d0d-2d4a-456d-9b24-1d63a5102722: receive RaftClientReply:client-859D8C9D7B89->65797d0d-2d4a-456d-9b24-1d63a5102722@group-BA7C392EEBCA, cid=2527, SUCCESS, logIndex=0, commits[65797d0d-2d4a-456d-9b24-1d63a5102722:c3749, aca3f3a4-0773-4ff1-9bb5-1a871868fd09:c3745, abe1c95d-8ae2-42e9-9d83-236e3c187d51:c3745]
2019-07-09 04:31:36,069 INFO  client.GrpcClientProtocolClient (GrpcClientProtocolClient.java:onNext(255)) - client-859D8C9D7B89->65797d0d-2d4a-456d-9b24-1d63a5102722: receive RaftClientReply:client-859D8C9D7B89->65797d0d-2d4a-456d-9b24-1d63a5102722@group-BA7C392EEBCA, cid=2528, SUCCESS, logIndex=0, commits[65797d0d-2d4a-456d-9b24-1d63a5102722:c3751, aca3f3a4-0773-4ff1-9bb5-1a871868fd09:c3749, abe1c95d-8ae2-42e9-9d83-236e3c187d51:c3749]
2019-07-09 04:31:36,096 INFO  client.GrpcClientProtocolClient (GrpcClientProtocolClient.java:onNext(255)) - client-859D8C9D7B89->65797d0d-2d4a-456d-9b24-1d63a5102722: receive RaftClientReply:client-859D8C9D7B89->65797d0d-2d4a-456d-9b24-1d63a5102722@group-BA7C392EEBCA, cid=2529, SUCCESS, logIndex=3752, commits[65797d0d-2d4a-456d-9b24-1d63a5102722:c3753, aca3f3a4-0773-4ff1-9bb5-1a871868fd09:c3751, abe1c95d-8ae2-42e9-9d83-236e3c187d51:c3751]
2019-07-09 04:31:36,096 INFO  client.GrpcClientProtocolClient (GrpcClientProtocolClient.java:onNext(255)) - client-859D8C9D7B89->65797d0d-2d4a-456d-9b24-1d63a5102722: receive RaftClientReply:client-859D8C9D7B89->65797d0d-2d4a-456d-9b24-1d63a5102722@group-BA7C392EEBCA, cid=2530, SUCCESS, logIndex=3753, commits[65797d0d-2d4a-456d-9b24-1d63a5102722:c3753, aca3f3a4-0773-4ff1-9bb5-1a871868fd09:c3751, abe1c95d-8ae2-42e9-9d83-236e3c187d51:c3751]
2019-07-09 04:31:36,107 INFO  client.GrpcClientProtocolClient (GrpcClientProtocolClient.java:onNext(255)) - client-859D8C9D7B89->65797d0d-2d4a-456d-9b24-1d63a5102722: receive RaftClientReply:client-859D8C9D7B89->65797d0d-2d4a-456d-9b24-1d63a5102722@group-BA7C392EEBCA, cid=2531, SUCCESS, logIndex=3754, commits[65797d0d-2d4a-456d-9b24-1d63a5102722:c3755, aca3f3a4-0773-4ff1-9bb5-1a871868fd09:c3751, abe1c95d-8ae2-42e9-9d83-236e3c187d51:c3751]
2019-07-09 04:31:36,108 INFO  client.GrpcClientProtocolClient (GrpcClientProtocolClient.java:onNext(255)) - client-859D8C9D7B89->65797d0d-2d4a-456d-9b24-1d63a5102722: receive RaftClientReply:client-859D8C9D7B89->65797d0d-2d4a-456d-9b24-1d63a5102722@group-BA7C392EEBCA, cid=2532, SUCCESS, logIndex=3755, commits[65797d0d-2d4a-456d-9b24-1d63a5102722:c3755, aca3f3a4-0773-4ff1-9bb5-1a871868fd09:c3751, abe1c95d-8ae2-42e9-9d83-236e3c187d51:c3751]
2019-07-09 04:31:36,120 INFO  client.GrpcClientProtocolClient (GrpcClientProtocolClient.java:onNext(255)) - client-859D8C9D7B89->65797d0d-2d4a-456d-9b24-1d63a5102722: receive RaftClientReply:client-859D8C9D7B89->65797d0d-2d4a-456d-9b24-1d63a5102722@group-BA7C392EEBCA, cid=2533, SUCCESS, logIndex=0, commits[65797d0d-2d4a-456d-9b24-1d63a5102722:c3757, aca3f3a4-0773-4ff1-9bb5-1a871868fd09:c3753, abe1c95d-8ae2-42e9-9d83-236e3c187d51:c3753]
2019-07-09 04:31:36,142 INFO  client.GrpcClientProtocolClient (GrpcClientProtocolClient.java:onNext(255)) - client-859D8C9D7B89->65797d0d-2d4a-456d-9b24-1d63a5102722: receive RaftClientReply:client-859D8C9D7B89->65797d0d-2d4a-456d-9b24-1d63a5102722@group-BA7C392EEBCA, cid=2534, SUCCESS, logIndex=3760, commits[65797d0d-2d4a-456d-9b24-1d63a5102722:c3761, aca3f3a4-0773-4ff1-9bb5-1a871868fd09:c3759, abe1c95d-8ae2-42e9-9d83-236e3c187d51:c3759]
2019-07-09 04:31:36,143 INFO  client.GrpcClientProtocolClient (GrpcClientProtocolClient.java:onNext(255)) - client-859D8C9D7B89->65797d0d-2d4a-456d-9b24-1d63a5102722: receive RaftClientReply:client-859D8C9D7B89->65797d0d-2d4a-456d-9b24-1d63a5102722@group-BA7C392EEBCA, cid=2535, SUCCESS, logIndex=3761, commits[65797d0d-2d4a-456d-9b24-1d63a5102722:c3761, aca3f3a4-0773-4ff1-9bb5-1a871868fd09:c3759, abe1c95d-8ae2-42e9-9d83-236e3c187d51:c3759]
2019-07-09 04:31:36,156 INFO  client.GrpcClientProtocolClient (GrpcClientProtocolClient.java:onNext(255)) - client-859D8C9D7B89->65797d0d-2d4a-456d-9b24-1d63a5102722: receive RaftClientReply:client-859D8C9D7B89->65797d0d-2d4a-456d-9b24-1d63a5102722@group-BA7C392EEBCA, cid=2536, SUCCESS, logIndex=3764, commits[65797d0d-2d4a-456d-9b24-1d63a5102722:c3765, aca3f3a4-0773-4ff1-9bb5-1a871868fd09:c3761, abe1c95d-8ae2-42e9-9d83-236e3c187d51:c3761]
2019-07-09 04:31:36,156 INFO  client.GrpcClientProtocolClient (GrpcClientProtocolClient.java:onNext(255)) - client-859D8C9D7B89->65797d0d-2d4a-456d-9b24-1d63a5102722: receive RaftClientReply:client-859D8C9D7B89->65797d0d-2d4a-456d-9b24-1d63a5102722@group-BA7C392EEBCA, cid=2537, SUCCESS, logIndex=3765, commits[65797d0d-2d4a-456d-9b24-1d63a5102722:c3765, aca3f3a4-0773-4ff1-9bb5-1a871868fd09:c3761, abe1c95d-8ae2-42e9-9d83-236e3c187d51:c3761]
2019-07-09 04:31:36,169 INFO  client.GrpcClientProtocolClient (GrpcClientProtocolClient.java:onNext(255)) - client-859D8C9D7B89->65797d0d-2d4a-456d-9b24-1d63a5102722: receive RaftClientReply:client-859D8C9D7B89->65797d0d-2d4a-456d-9b24-1d63a5102722@group-BA7C392EEBCA, cid=2538, SUCCESS, logIndex=0, commits[65797d0d-2d4a-456d-9b24-1d63a5102722:c3767, aca3f3a4-0773-4ff1-9bb5-1a871868fd09:c3765, abe1c95d-8ae2-42e9-9d83-236e3c187d51:c3765]
2019-07-09 04:31:36,199 INFO  client.GrpcClientProtocolClient (GrpcClientProtocolClient.java:onNext(255)) - client-859D8C9D7B89->65797d0d-2d4a-456d-9b24-1d63a5102722: receive RaftClientReply:client-859D8C9D7B89->65797d0d-2d4a-456d-9b24-1d63a5102722@group-BA7C392EEBCA, cid=2539, SUCCESS, logIndex=3768, commits[65797d0d-2d4a-456d-9b24-1d63a5102722:c3769, aca3f3a4-0773-4ff1-9bb5-1a871868fd09:c3767, abe1c95d-8ae2-42e9-9d83-236e3c187d51:c3767]
2019-07-09 04:31:36,200 INFO  client.GrpcClientProtocolClient (GrpcClientProtocolClient.java:onNext(255)) - client-859D8C9D7B89->65797d0d-2d4a-456d-9b24-1d63a5102722: receive RaftClientReply:client-859D8C9D7B89->65797d0d-2d4a-456d-9b24-1d63a5102722@group-BA7C392EEBCA, cid=2540, SUCCESS, logIndex=3769, commits[65797d0d-2d4a-456d-9b24-1d63a5102722:c3769, aca3f3a4-0773-4ff1-9bb5-1a871868fd09:c3767, abe1c95d-8ae2-42e9-9d83-236e3c187d51:c3767]
2019-07-09 04:31:36,200 INFO  client.GrpcClientProtocolClient (GrpcClientProtocolClient.java:onNext(255)) - client-859D8C9D7B89->65797d0d-2d4a-456d-9b24-1d63a5102722: receive RaftClientReply:client-859D8C9D7B89->65797d0d-2d4a-456d-9b24-1d63a5102722@group-BA7C392EEBCA, cid=2541, SUCCESS, logIndex=3770, commits[65797d0d-2d4a-456d-9b24-1d63a5102722:c3771, aca3f3a4-0773-4ff1-9bb5-1a871868fd09:c3767, abe1c95d-8ae2-42e9-9d83-236e3c187d51:c3767]
2019-07-09 04:31:36,200 INFO  client.GrpcClientProtocolClient (GrpcClientProtocolClient.java:onNext(255)) - client-859D8C9D7B89->65797d0d-2d4a-456d-9b24-1d63a5102722: receive RaftClientReply:client-859D8C9D7B89->65797d0d-2d4a-456d-9b24-1d63a5102722@group-BA7C392EEBCA, cid=2542, SUCCESS, logIndex=3771, commits[65797d0d-2d4a-456d-9b24-1d63a5102722:c3771, aca3f3a4-0773-4ff1-9bb5-1a871868fd09:c3767, abe1c95d-8ae2-42e9-9d83-236e3c187d51:c3767]
2019-07-09 04:31:36,201 INFO  client.GrpcClientProtocolClient (GrpcClientProtocolClient.java:onNext(255)) - client-859D8C9D7B89->65797d0d-2d4a-456d-9b24-1d63a5102722: receive RaftClientReply:client-859D8C9D7B89->65797d0d-2d4a-456d-9b24-1d63a5102722@group-BA7C392EEBCA, cid=2543, SUCCESS, logIndex=0, commits[65797d0d-2d4a-456d-9b24-1d63a5102722:c3773, aca3f3a4-0773-4ff1-9bb5-1a871868fd09:c3769, abe1c95d-8ae2-42e9-9d83-236e3c187d51:c3769]
2019-07-09 04:31:36,222 INFO  client.GrpcClientProtocolClient (GrpcClientProtocolClient.java:onNext(255)) - client-859D8C9D7B89->65797d0d-2d4a-456d-9b24-1d63a5102722: receive RaftClientReply:client-859D8C9D7B89->65797d0d-2d4a-456d-9b24-1d63a5102722@group-BA7C392EEBCA, cid=2544, SUCCESS, logIndex=3776, commits[65797d0d-2d4a-456d-9b24-1d63a5102722:c3777, aca3f3a4-0773-4ff1-9bb5-1a871868fd09:c3775, abe1c95d-8ae2-42e9-9d83-236e3c187d51:c3775]
2019-07-09 04:31:36,222 INFO  client.GrpcClientProtocolClient (GrpcClientProtocolClient.java:onNext(255)) - client-859D8C9D7B89->65797d0d-2d4a-456d-9b24-1d63a5102722: receive RaftClientReply:client-859D8C9D7B89->65797d0d-2d4a-456d-9b24-1d63a5102722@group-BA7C392EEBCA, cid=2545, SUCCESS, logIndex=3777, commits[65797d0d-2d4a-456d-9b24-1d63a5102722:c3777, aca3f3a4-0773-4ff1-9bb5-1a871868fd09:c3775, abe1c95d-8ae2-42e9-9d83-236e3c187d51:c3775]
2019-07-09 04:31:36,236 INFO  client.GrpcClientProtocolClient (GrpcClientProtocolClient.java:onNext(255)) - client-859D8C9D7B89->65797d0d-2d4a-456d-9b24-1d63a5102722: receive RaftClientReply:client-859D8C9D7B89->65797d0d-2d4a-456d-9b24-1d63a5102722@group-BA7C392EEBCA, cid=2546, SUCCESS, logIndex=3780, commits[65797d0d-2d4a-456d-9b24-1d63a5102722:c3781, aca3f3a4-0773-4ff1-9bb5-1a871868fd09:c3777, abe1c95d-8ae2-42e9-9d83-236e3c187d51:c3777]
2019-07-09 04:31:36,236 INFO  client.GrpcClientProtocolClient (GrpcClientProtocolClient.java:onNext(255)) - client-859D8C9D7B89->65797d0d-2d4a-456d-9b24-1d63a5102722: receive RaftClientReply:client-859D8C9D7B89->65797d0d-2d4a-456d-9b24-1d63a5102722@group-BA7C392EEBCA, cid=2547, SUCCESS, logIndex=3781, commits[65797d0d-2d4a-456d-9b24-1d63a5102722:c3781, aca3f3a4-0773-4ff1-9bb5-1a871868fd09:c3777, abe1c95d-8ae2-42e9-9d83-236e3c187d51:c3777]
2019-07-09 04:31:36,249 INFO  client.GrpcClientProtocolClient (GrpcClientProtocolClient.java:onNext(255)) - client-859D8C9D7B89->65797d0d-2d4a-456d-9b24-1d63a5102722: receive RaftClientReply:client-859D8C9D7B89->65797d0d-2d4a-456d-9b24-1d63a5102722@group-BA7C392EEBCA, cid=2548, SUCCESS, logIndex=0, commits[65797d0d-2d4a-456d-9b24-1d63a5102722:c3783, aca3f3a4-0773-4ff1-9bb5-1a871868fd09:c3781, abe1c95d-8ae2-42e9-9d83-236e3c187d51:c3781]
2019-07-09 04:31:36,277 INFO  client.GrpcClientProtocolClient (GrpcClientProtocolClient.java:onNext(255)) - client-859D8C9D7B89->65797d0d-2d4a-456d-9b24-1d63a5102722: receive RaftClientReply:client-859D8C9D7B89->65797d0d-2d4a-456d-9b24-1d63a5102722@group-BA7C392EEBCA, cid=2549, SUCCESS, logIndex=3784, commits[65797d0d-2d4a-456d-9b24-1d63a5102722:c3786, aca3f3a4-0773-4ff1-9bb5-1a871868fd09:c3783, abe1c95d-8ae2-42e9-9d83-236e3c187d51:c3783]
2019-07-09 04:31:36,278 INFO  client.GrpcClientProtocolClient (GrpcClientProtocolClient.java:onNext(255)) - client-859D8C9D7B89->65797d0d-2d4a-456d-9b24-1d63a5102722: receive RaftClientReply:client-859D8C9D7B89->65797d0d-2d4a-456d-9b24-1d63a5102722@group-BA7C392EEBCA, cid=2550, SUCCESS, logIndex=3785, commits[65797d0d-2d4a-456d-9b24-1d63a5102722:c3787, aca3f3a4-0773-4ff1-9bb5-1a871868fd09:c3783, abe1c95d-8ae2-42e9-9d83-236e3c187d51:c3783]
2019-07-09 04:31:36,278 INFO  client.GrpcClientProtocolClient (GrpcClientProtocolClient.java:onNext(255)) - client-859D8C9D7B89->65797d0d-2d4a-456d-9b24-1d63a5102722: receive RaftClientReply:client-859D8C9D7B89->65797d0d-2d4a-456d-9b24-1d63a5102722@group-BA7C392EEBCA, cid=2551, SUCCESS, logIndex=3786, commits[65797d0d-2d4a-456d-9b24-1d63a5102722:c3787, aca3f3a4-0773-4ff1-9bb5-1a871868fd09:c3783, abe1c95d-8ae2-42e9-9d83-236e3c187d51:c3783]
2019-07-09 04:31:36,279 INFO  client.GrpcClientProtocolClient (GrpcClientProtocolClient.java:onNext(255)) - client-859D8C9D7B89->65797d0d-2d4a-456d-9b24-1d63a5102722: receive RaftClientReply:client-859D8C9D7B89->65797d0d-2d4a-456d-9b24-1d63a5102722@group-BA7C392EEBCA, cid=2552, SUCCESS, logIndex=3787, commits[65797d0d-2d4a-456d-9b24-1d63a5102722:c3789, aca3f3a4-0773-4ff1-9bb5-1a871868fd09:c3785, abe1c95d-8ae2-42e9-9d83-236e3c187d51:c3784]
2019-07-09 04:31:36,280 INFO  client.GrpcClientProtocolClient (GrpcClientProtocolClient.java:onNext(255)) - client-859D8C9D7B89->65797d0d-2d4a-456d-9b24-1d63a5102722: receive RaftClientReply:client-859D8C9D7B89->65797d0d-2d4a-456d-9b24-1d63a5102722@group-BA7C392EEBCA, cid=2553, SUCCESS, logIndex=0, commits[65797d0d-2d4a-456d-9b24-1d63a5102722:c3789, aca3f3a4-0773-4ff1-9bb5-1a871868fd09:c3785, abe1c95d-8ae2-42e9-9d83-236e3c187d51:c3785]
2019-07-09 04:31:36,299 INFO  client.GrpcClientProtocolClient (GrpcClientProtocolClient.java:onNext(255)) - client-859D8C9D7B89->65797d0d-2d4a-456d-9b24-1d63a5102722: receive RaftClientReply:client-859D8C9D7B89->65797d0d-2d4a-456d-9b24-1d63a5102722@group-BA7C392EEBCA, cid=2554, SUCCESS, logIndex=3792, commits[65797d0d-2d4a-456d-9b24-1d63a5102722:c3793, aca3f3a4-0773-4ff1-9bb5-1a871868fd09:c3791, abe1c95d-8ae2-42e9-9d83-236e3c187d51:c3791]
2019-07-09 04:31:36,299 INFO  client.GrpcClientProtocolClient (GrpcClientProtocolClient.java:onNext(255)) - client-859D8C9D7B89->65797d0d-2d4a-456d-9b24-1d63a5102722: receive RaftClientReply:client-859D8C9D7B89->65797d0d-2d4a-456d-9b24-1d63a5102722@group-BA7C392EEBCA, cid=2555, SUCCESS, logIndex=3793, commits[65797d0d-2d4a-456d-9b24-1d63a5102722:c3793, aca3f3a4-0773-4ff1-9bb5-1a871868fd09:c3791, abe1c95d-8ae2-42e9-9d83-236e3c187d51:c3791]
2019-07-09 04:31:36,316 INFO  client.GrpcClientProtocolClient (GrpcClientProtocolClient.java:onNext(255)) - client-859D8C9D7B89->65797d0d-2d4a-456d-9b24-1d63a5102722: receive RaftClientReply:client-859D8C9D7B89->65797d0d-2d4a-456d-9b24-1d63a5102722@group-BA7C392EEBCA, cid=2556, SUCCESS, logIndex=3796, commits[65797d0d-2d4a-456d-9b24-1d63a5102722:c3797, aca3f3a4-0773-4ff1-9bb5-1a871868fd09:c3793, abe1c95d-8ae2-42e9-9d83-236e3c187d51:c3793]
2019-07-09 04:31:36,317 INFO  client.GrpcClientProtocolClient (GrpcClientProtocolClient.java:onNext(255)) - client-859D8C9D7B89->65797d0d-2d4a-456d-9b24-1d63a5102722: receive RaftClientReply:client-859D8C9D7B89->65797d0d-2d4a-456d-9b24-1d63a5102722@group-BA7C392EEBCA, cid=2557, SUCCESS, logIndex=3797, commits[65797d0d-2d4a-456d-9b24-1d63a5102722:c3797, aca3f3a4-0773-4ff1-9bb5-1a871868fd09:c3793, abe1c95d-8ae2-42e9-9d83-236e3c187d51:c3793]
2019-07-09 04:31:36,325 INFO  client.GrpcClientProtocolClient (GrpcClientProtocolClient.java:onNext(255)) - client-859D8C9D7B89->65797d0d-2d4a-456d-9b24-1d63a5102722: receive RaftClientReply:client-859D8C9D7B89->65797d0d-2d4a-456d-9b24-1d63a5102722@group-BA7C392EEBCA, cid=2558, SUCCESS, logIndex=0, commits[65797d0d-2d4a-456d-9b24-1d63a5102722:c3799, aca3f3a4-0773-4ff1-9bb5-1a871868fd09:c3797, abe1c95d-8ae2-42e9-9d83-236e3c187d51:c3797]
2019-07-09 04:31:36,373 INFO  client.GrpcClientProtocolClient (GrpcClientProtocolClient.java:onNext(255)) - client-859D8C9D7B89->65797d0d-2d4a-456d-9b24-1d63a5102722: receive RaftClientReply:client-859D8C9D7B89->65797d0d-2d4a-456d-9b24-1d63a5102722@group-BA7C392EEBCA, cid=2559, SUCCESS, logIndex=3800, commits[65797d0d-2d4a-456d-9b24-1d63a5102722:c3802, aca3f3a4-0773-4ff1-9bb5-1a871868fd09:c3799, abe1c95d-8ae2-42e9-9d83-236e3c187d51:c3799]
2019-07-09 04:31:36,373 INFO  client.GrpcClientProtocolClient (GrpcClientProtocolClient.java:onNext(255)) - client-859D8C9D7B89->65797d0d-2d4a-456d-9b24-1d63a5102722: receive RaftClientReply:client-859D8C9D7B89->65797d0d-2d4a-456d-9b24-1d63a5102722@group-BA7C392EEBCA, cid=2560, SUCCESS, logIndex=3801, commits[65797d0d-2d4a-456d-9b24-1d63a5102722:c3802, aca3f3a4-0773-4ff1-9bb5-1a871868fd09:c3799, abe1c95d-8ae2-42e9-9d83-236e3c187d51:c3799]
2019-07-09 04:31:36,374 INFO  client.GrpcClientProtocolClient (GrpcClientProtocolClient.java:onNext(255)) - client-859D8C9D7B89->65797d0d-2d4a-456d-9b24-1d63a5102722: receive RaftClientReply:client-859D8C9D7B89->65797d0d-2d4a-456d-9b24-1d63a5102722@group-BA7C392EEBCA, cid=2561, SUCCESS, logIndex=3802, commits[65797d0d-2d4a-456d-9b24-1d63a5102722:c3803, aca3f3a4-0773-4ff1-9bb5-1a871868fd09:c3799, abe1c95d-8ae2-42e9-9d83-236e3c187d51:c3799]
2019-07-09 04:31:36,374 INFO  client.GrpcClientProtocolClient (GrpcClientProtocolClient.java:onNext(255)) - client-859D8C9D7B89->65797d0d-2d4a-456d-9b24-1d63a5102722: receive RaftClientReply:client-859D8C9D7B89->65797d0d-2d4a-456d-9b24-1d63a5102722@group-BA7C392EEBCA, cid=2562, SUCCESS, logIndex=3803, commits[65797d0d-2d4a-456d-9b24-1d63a5102722:c3803, aca3f3a4-0773-4ff1-9bb5-1a871868fd09:c3799, abe1c95d-8ae2-42e9-9d83-236e3c187d51:c3799]
 0.00% |█                                                                                                    |  0/1 Time: 0:00:212019-07-09 04:31:36,385 INFO  client.GrpcClientProtocolClient (GrpcClientProtocolClient.java:onNext(255)) - client-859D8C9D7B89->65797d0d-2d4a-456d-9b24-1d63a5102722: receive RaftClientReply:client-859D8C9D7B89->65797d0d-2d4a-456d-9b24-1d63a5102722@group-BA7C392EEBCA, cid=2563, SUCCESS, logIndex=0, commits[65797d0d-2d4a-456d-9b24-1d63a5102722:c3805, aca3f3a4-0773-4ff1-9bb5-1a871868fd09:c3801, abe1c95d-8ae2-42e9-9d83-236e3c187d51:c3801]
2019-07-09 04:31:36,406 INFO  client.GrpcClientProtocolClient (GrpcClientProtocolClient.java:onNext(255)) - client-859D8C9D7B89->65797d0d-2d4a-456d-9b24-1d63a5102722: receive RaftClientReply:client-859D8C9D7B89->65797d0d-2d4a-456d-9b24-1d63a5102722@group-BA7C392EEBCA, cid=2564, SUCCESS, logIndex=3808, commits[65797d0d-2d4a-456d-9b24-1d63a5102722:c3809, aca3f3a4-0773-4ff1-9bb5-1a871868fd09:c3807, abe1c95d-8ae2-42e9-9d83-236e3c187d51:c3807]
2019-07-09 04:31:36,406 INFO  client.GrpcClientProtocolClient (GrpcClientProtocolClient.java:onNext(255)) - client-859D8C9D7B89->65797d0d-2d4a-456d-9b24-1d63a5102722: receive RaftClientReply:client-859D8C9D7B89->65797d0d-2d4a-456d-9b24-1d63a5102722@group-BA7C392EEBCA, cid=2565, SUCCESS, logIndex=3809, commits[65797d0d-2d4a-456d-9b24-1d63a5102722:c3809, aca3f3a4-0773-4ff1-9bb5-1a871868fd09:c3807, abe1c95d-8ae2-42e9-9d83-236e3c187d51:c3807]
2019-07-09 04:31:36,419 INFO  client.GrpcClientProtocolClient (GrpcClientProtocolClient.java:onNext(255)) - client-859D8C9D7B89->65797d0d-2d4a-456d-9b24-1d63a5102722: receive RaftClientReply:client-859D8C9D7B89->65797d0d-2d4a-456d-9b24-1d63a5102722@group-BA7C392EEBCA, cid=2566, SUCCESS, logIndex=3812, commits[65797d0d-2d4a-456d-9b24-1d63a5102722:c3813, aca3f3a4-0773-4ff1-9bb5-1a871868fd09:c3809, abe1c95d-8ae2-42e9-9d83-236e3c187d51:c3808]
2019-07-09 04:31:36,420 INFO  client.GrpcClientProtocolClient (GrpcClientProtocolClient.java:onNext(255)) - client-859D8C9D7B89->65797d0d-2d4a-456d-9b24-1d63a5102722: receive RaftClientReply:client-859D8C9D7B89->65797d0d-2d4a-456d-9b24-1d63a5102722@group-BA7C392EEBCA, cid=2567, SUCCESS, logIndex=3813, commits[65797d0d-2d4a-456d-9b24-1d63a5102722:c3813, aca3f3a4-0773-4ff1-9bb5-1a871868fd09:c3809, abe1c95d-8ae2-42e9-9d83-236e3c187d51:c3809]
2019-07-09 04:31:36,421 INFO  client.GrpcClientProtocolClient (GrpcClientProtocolClient.java:onNext(255)) - client-859D8C9D7B89->65797d0d-2d4a-456d-9b24-1d63a5102722: receive RaftClientReply:client-859D8C9D7B89->65797d0d-2d4a-456d-9b24-1d63a5102722@group-BA7C392EEBCA, cid=2568, SUCCESS, logIndex=0, commits[65797d0d-2d4a-456d-9b24-1d63a5102722:c3814, aca3f3a4-0773-4ff1-9bb5-1a871868fd09:c3813, abe1c95d-8ae2-42e9-9d83-236e3c187d51:c3813]
2019-07-09 04:31:36,451 INFO  client.GrpcClientProtocolClient (GrpcClientProtocolClient.java:onNext(255)) - client-859D8C9D7B89->65797d0d-2d4a-456d-9b24-1d63a5102722: receive RaftClientReply:client-859D8C9D7B89->65797d0d-2d4a-456d-9b24-1d63a5102722@group-BA7C392EEBCA, cid=2569, SUCCESS, logIndex=3816, commits[65797d0d-2d4a-456d-9b24-1d63a5102722:c3818, aca3f3a4-0773-4ff1-9bb5-1a871868fd09:c3815, abe1c95d-8ae2-42e9-9d83-236e3c187d51:c3815]
2019-07-09 04:31:36,452 INFO  client.GrpcClientProtocolClient (GrpcClientProtocolClient.java:onNext(255)) - client-859D8C9D7B89->65797d0d-2d4a-456d-9b24-1d63a5102722: receive RaftClientReply:client-859D8C9D7B89->65797d0d-2d4a-456d-9b24-1d63a5102722@group-BA7C392EEBCA, cid=2570, SUCCESS, logIndex=3817, commits[65797d0d-2d4a-456d-9b24-1d63a5102722:c3819, aca3f3a4-0773-4ff1-9bb5-1a871868fd09:c3815, abe1c95d-8ae2-42e9-9d83-236e3c187d51:c3815]
2019-07-09 04:31:36,453 INFO  client.GrpcClientProtocolClient (GrpcClientProtocolClient.java:onNext(255)) - client-859D8C9D7B89->65797d0d-2d4a-456d-9b24-1d63a5102722: receive RaftClientReply:client-859D8C9D7B89->65797d0d-2d4a-456d-9b24-1d63a5102722@group-BA7C392EEBCA, cid=2571, SUCCESS, logIndex=3818, commits[65797d0d-2d4a-456d-9b24-1d63a5102722:c3819, aca3f3a4-0773-4ff1-9bb5-1a871868fd09:c3815, abe1c95d-8ae2-42e9-9d83-236e3c187d51:c3815]
2019-07-09 04:31:36,453 INFO  client.GrpcClientProtocolClient (GrpcClientProtocolClient.java:onNext(255)) - client-859D8C9D7B89->65797d0d-2d4a-456d-9b24-1d63a5102722: receive RaftClientReply:client-859D8C9D7B89->65797d0d-2d4a-456d-9b24-1d63a5102722@group-BA7C392EEBCA, cid=2572, SUCCESS, logIndex=3819, commits[65797d0d-2d4a-456d-9b24-1d63a5102722:c3821, aca3f3a4-0773-4ff1-9bb5-1a871868fd09:c3815, abe1c95d-8ae2-42e9-9d83-236e3c187d51:c3817]
2019-07-09 04:31:36,454 INFO  client.GrpcClientProtocolClient (GrpcClientProtocolClient.java:onNext(255)) - client-859D8C9D7B89->65797d0d-2d4a-456d-9b24-1d63a5102722: receive RaftClientReply:client-859D8C9D7B89->65797d0d-2d4a-456d-9b24-1d63a5102722@group-BA7C392EEBCA, cid=2573, SUCCESS, logIndex=0, commits[65797d0d-2d4a-456d-9b24-1d63a5102722:c3823, aca3f3a4-0773-4ff1-9bb5-1a871868fd09:c3818, abe1c95d-8ae2-42e9-9d83-236e3c187d51:c3819]
2019-07-09 04:31:36,475 INFO  client.GrpcClientProtocolClient (GrpcClientProtocolClient.java:onNext(255)) - client-859D8C9D7B89->65797d0d-2d4a-456d-9b24-1d63a5102722: receive RaftClientReply:client-859D8C9D7B89->65797d0d-2d4a-456d-9b24-1d63a5102722@group-BA7C392EEBCA, cid=2574, SUCCESS, logIndex=3824, commits[65797d0d-2d4a-456d-9b24-1d63a5102722:c3825, aca3f3a4-0773-4ff1-9bb5-1a871868fd09:c3823, abe1c95d-8ae2-42e9-9d83-236e3c187d51:c3823]
2019-07-09 04:31:36,475 INFO  client.GrpcClientProtocolClient (GrpcClientProtocolClient.java:onNext(255)) - client-859D8C9D7B89->65797d0d-2d4a-456d-9b24-1d63a5102722: receive RaftClientReply:client-859D8C9D7B89->65797d0d-2d4a-456d-9b24-1d63a5102722@group-BA7C392EEBCA, cid=2575, SUCCESS, logIndex=3825, commits[65797d0d-2d4a-456d-9b24-1d63a5102722:c3825, aca3f3a4-0773-4ff1-9bb5-1a871868fd09:c3823, abe1c95d-8ae2-42e9-9d83-236e3c187d51:c3823]
2019-07-09 04:31:36,618 INFO  client.GrpcClientProtocolClient (GrpcClientProtocolClient.java:onNext(255)) - client-859D8C9D7B89->65797d0d-2d4a-456d-9b24-1d63a5102722: receive RaftClientReply:client-859D8C9D7B89->65797d0d-2d4a-456d-9b24-1d63a5102722@group-BA7C392EEBCA, cid=2576, SUCCESS, logIndex=3828, commits[65797d0d-2d4a-456d-9b24-1d63a5102722:c3829, aca3f3a4-0773-4ff1-9bb5-1a871868fd09:c3825, abe1c95d-8ae2-42e9-9d83-236e3c187d51:c3825]
2019-07-09 04:31:36,618 INFO  client.GrpcClientProtocolClient (GrpcClientProtocolClient.java:onNext(255)) - client-859D8C9D7B89->65797d0d-2d4a-456d-9b24-1d63a5102722: receive RaftClientReply:client-859D8C9D7B89->65797d0d-2d4a-456d-9b24-1d63a5102722@group-BA7C392EEBCA, cid=2577, SUCCESS, logIndex=3829, commits[65797d0d-2d4a-456d-9b24-1d63a5102722:c3829, aca3f3a4-0773-4ff1-9bb5-1a871868fd09:c3825, abe1c95d-8ae2-42e9-9d83-236e3c187d51:c3825]
2019-07-09 04:31:36,620 INFO  client.GrpcClientProtocolClient (GrpcClientProtocolClient.java:onNext(255)) - client-859D8C9D7B89->65797d0d-2d4a-456d-9b24-1d63a5102722: receive RaftClientReply:client-859D8C9D7B89->65797d0d-2d4a-456d-9b24-1d63a5102722@group-BA7C392EEBCA, cid=2578, SUCCESS, logIndex=0, commits[65797d0d-2d4a-456d-9b24-1d63a5102722:c3831, aca3f3a4-0773-4ff1-9bb5-1a871868fd09:c3829, abe1c95d-8ae2-42e9-9d83-236e3c187d51:c3829]
2019-07-09 04:31:36,654 INFO  client.GrpcClientProtocolClient (GrpcClientProtocolClient.java:onNext(255)) - client-859D8C9D7B89->65797d0d-2d4a-456d-9b24-1d63a5102722: receive RaftClientReply:client-859D8C9D7B89->65797d0d-2d4a-456d-9b24-1d63a5102722@group-BA7C392EEBCA, cid=2579, SUCCESS, logIndex=3832, commits[65797d0d-2d4a-456d-9b24-1d63a5102722:c3834, aca3f3a4-0773-4ff1-9bb5-1a871868fd09:c3831, abe1c95d-8ae2-42e9-9d83-236e3c187d51:c3831]
2019-07-09 04:31:36,655 INFO  client.GrpcClientProtocolClient (GrpcClientProtocolClient.java:onNext(255)) - client-859D8C9D7B89->65797d0d-2d4a-456d-9b24-1d63a5102722: receive RaftClientReply:client-859D8C9D7B89->65797d0d-2d4a-456d-9b24-1d63a5102722@group-BA7C392EEBCA, cid=2580, SUCCESS, logIndex=3833, commits[65797d0d-2d4a-456d-9b24-1d63a5102722:c3835, aca3f3a4-0773-4ff1-9bb5-1a871868fd09:c3831, abe1c95d-8ae2-42e9-9d83-236e3c187d51:c3831]
2019-07-09 04:31:36,655 INFO  client.GrpcClientProtocolClient (GrpcClientProtocolClient.java:onNext(255)) - client-859D8C9D7B89->65797d0d-2d4a-456d-9b24-1d63a5102722: receive RaftClientReply:client-859D8C9D7B89->65797d0d-2d4a-456d-9b24-1d63a5102722@group-BA7C392EEBCA, cid=2581, SUCCESS, logIndex=3834, commits[65797d0d-2d4a-456d-9b24-1d63a5102722:c3835, aca3f3a4-0773-4ff1-9bb5-1a871868fd09:c3831, abe1c95d-8ae2-42e9-9d83-236e3c187d51:c3831]
2019-07-09 04:31:36,655 INFO  client.GrpcClientProtocolClient (GrpcClientProtocolClient.java:onNext(255)) - client-859D8C9D7B89->65797d0d-2d4a-456d-9b24-1d63a5102722: receive RaftClientReply:client-859D8C9D7B89->65797d0d-2d4a-456d-9b24-1d63a5102722@group-BA7C392EEBCA, cid=2582, SUCCESS, logIndex=3835, commits[65797d0d-2d4a-456d-9b24-1d63a5102722:c3835, aca3f3a4-0773-4ff1-9bb5-1a871868fd09:c3831, abe1c95d-8ae2-42e9-9d83-236e3c187d51:c3831]
2019-07-09 04:31:36,667 INFO  client.GrpcClientProtocolClient (GrpcClientProtocolClient.java:onNext(255)) - client-859D8C9D7B89->65797d0d-2d4a-456d-9b24-1d63a5102722: receive RaftClientReply:client-859D8C9D7B89->65797d0d-2d4a-456d-9b24-1d63a5102722@group-BA7C392EEBCA, cid=2583, SUCCESS, logIndex=0, commits[65797d0d-2d4a-456d-9b24-1d63a5102722:c3838, aca3f3a4-0773-4ff1-9bb5-1a871868fd09:c3834, abe1c95d-8ae2-42e9-9d83-236e3c187d51:c3834]
2019-07-09 04:31:36,688 INFO  client.GrpcClientProtocolClient (GrpcClientProtocolClient.java:onNext(255)) - client-859D8C9D7B89->65797d0d-2d4a-456d-9b24-1d63a5102722: receive RaftClientReply:client-859D8C9D7B89->65797d0d-2d4a-456d-9b24-1d63a5102722@group-BA7C392EEBCA, cid=2584, SUCCESS, logIndex=3840, commits[65797d0d-2d4a-456d-9b24-1d63a5102722:c3841, aca3f3a4-0773-4ff1-9bb5-1a871868fd09:c3839, abe1c95d-8ae2-42e9-9d83-236e3c187d51:c3839]
2019-07-09 04:31:36,689 INFO  client.GrpcClientProtocolClient (GrpcClientProtocolClient.java:onNext(255)) - client-859D8C9D7B89->65797d0d-2d4a-456d-9b24-1d63a5102722: receive RaftClientReply:client-859D8C9D7B89->65797d0d-2d4a-456d-9b24-1d63a5102722@group-BA7C392EEBCA, cid=2585, SUCCESS, logIndex=3841, commits[65797d0d-2d4a-456d-9b24-1d63a5102722:c3841, aca3f3a4-0773-4ff1-9bb5-1a871868fd09:c3839, abe1c95d-8ae2-42e9-9d83-236e3c187d51:c3839]
2019-07-09 04:31:36,701 INFO  client.GrpcClientProtocolClient (GrpcClientProtocolClient.java:onNext(255)) - client-859D8C9D7B89->65797d0d-2d4a-456d-9b24-1d63a5102722: receive RaftClientReply:client-859D8C9D7B89->65797d0d-2d4a-456d-9b24-1d63a5102722@group-BA7C392EEBCA, cid=2586, SUCCESS, logIndex=3844, commits[65797d0d-2d4a-456d-9b24-1d63a5102722:c3845, aca3f3a4-0773-4ff1-9bb5-1a871868fd09:c3840, abe1c95d-8ae2-42e9-9d83-236e3c187d51:c3841]
2019-07-09 04:31:36,701 INFO  client.GrpcClientProtocolClient (GrpcClientProtocolClient.java:onNext(255)) - client-859D8C9D7B89->65797d0d-2d4a-456d-9b24-1d63a5102722: receive RaftClientReply:client-859D8C9D7B89->65797d0d-2d4a-456d-9b24-1d63a5102722@group-BA7C392EEBCA, cid=2587, SUCCESS, logIndex=3845, commits[65797d0d-2d4a-456d-9b24-1d63a5102722:c3845, aca3f3a4-0773-4ff1-9bb5-1a871868fd09:c3841, abe1c95d-8ae2-42e9-9d83-236e3c187d51:c3841]
2019-07-09 04:31:36,704 INFO  client.GrpcClientProtocolClient (GrpcClientProtocolClient.java:onNext(255)) - client-859D8C9D7B89->65797d0d-2d4a-456d-9b24-1d63a5102722: receive RaftClientReply:client-859D8C9D7B89->65797d0d-2d4a-456d-9b24-1d63a5102722@group-BA7C392EEBCA, cid=2588, SUCCESS, logIndex=0, commits[65797d0d-2d4a-456d-9b24-1d63a5102722:c3847, aca3f3a4-0773-4ff1-9bb5-1a871868fd09:c3845, abe1c95d-8ae2-42e9-9d83-236e3c187d51:c3845]
2019-07-09 04:31:36,736 INFO  client.GrpcClientProtocolClient (GrpcClientProtocolClient.java:onNext(255)) - client-859D8C9D7B89->65797d0d-2d4a-456d-9b24-1d63a5102722: receive RaftClientReply:client-859D8C9D7B89->65797d0d-2d4a-456d-9b24-1d63a5102722@group-BA7C392EEBCA, cid=2589, SUCCESS, logIndex=3848, commits[65797d0d-2d4a-456d-9b24-1d63a5102722:c3850, aca3f3a4-0773-4ff1-9bb5-1a871868fd09:c3847, abe1c95d-8ae2-42e9-9d83-236e3c187d51:c3847]
2019-07-09 04:31:36,737 INFO  client.GrpcClientProtocolClient (GrpcClientProtocolClient.java:onNext(255)) - client-859D8C9D7B89->65797d0d-2d4a-456d-9b24-1d63a5102722: receive RaftClientReply:client-859D8C9D7B89->65797d0d-2d4a-456d-9b24-1d63a5102722@group-BA7C392EEBCA, cid=2590, SUCCESS, logIndex=3849, commits[65797d0d-2d4a-456d-9b24-1d63a5102722:c3851, aca3f3a4-0773-4ff1-9bb5-1a871868fd09:c3847, abe1c95d-8ae2-42e9-9d83-236e3c187d51:c3847]
2019-07-09 04:31:36,737 INFO  client.GrpcClientProtocolClient (GrpcClientProtocolClient.java:onNext(255)) - client-859D8C9D7B89->65797d0d-2d4a-456d-9b24-1d63a5102722: receive RaftClientReply:client-859D8C9D7B89->65797d0d-2d4a-456d-9b24-1d63a5102722@group-BA7C392EEBCA, cid=2591, SUCCESS, logIndex=3850, commits[65797d0d-2d4a-456d-9b24-1d63a5102722:c3851, aca3f3a4-0773-4ff1-9bb5-1a871868fd09:c3847, abe1c95d-8ae2-42e9-9d83-236e3c187d51:c3847]
2019-07-09 04:31:36,738 INFO  client.GrpcClientProtocolClient (GrpcClientProtocolClient.java:onNext(255)) - client-859D8C9D7B89->65797d0d-2d4a-456d-9b24-1d63a5102722: receive RaftClientReply:client-859D8C9D7B89->65797d0d-2d4a-456d-9b24-1d63a5102722@group-BA7C392EEBCA, cid=2592, SUCCESS, logIndex=3851, commits[65797d0d-2d4a-456d-9b24-1d63a5102722:c3851, aca3f3a4-0773-4ff1-9bb5-1a871868fd09:c3847, abe1c95d-8ae2-42e9-9d83-236e3c187d51:c3847]
2019-07-09 04:31:36,750 INFO  client.GrpcClientProtocolClient (GrpcClientProtocolClient.java:onNext(255)) - client-859D8C9D7B89->65797d0d-2d4a-456d-9b24-1d63a5102722: receive RaftClientReply:client-859D8C9D7B89->65797d0d-2d4a-456d-9b24-1d63a5102722@group-BA7C392EEBCA, cid=2593, SUCCESS, logIndex=0, commits[65797d0d-2d4a-456d-9b24-1d63a5102722:c3855, aca3f3a4-0773-4ff1-9bb5-1a871868fd09:c3849, abe1c95d-8ae2-42e9-9d83-236e3c187d51:c3851]
2019-07-09 04:31:36,771 INFO  client.GrpcClientProtocolClient (GrpcClientProtocolClient.java:onNext(255)) - client-859D8C9D7B89->65797d0d-2d4a-456d-9b24-1d63a5102722: receive RaftClientReply:client-859D8C9D7B89->65797d0d-2d4a-456d-9b24-1d63a5102722@group-BA7C392EEBCA, cid=2594, SUCCESS, logIndex=3856, commits[65797d0d-2d4a-456d-9b24-1d63a5102722:c3857, aca3f3a4-0773-4ff1-9bb5-1a871868fd09:c3855, abe1c95d-8ae2-42e9-9d83-236e3c187d51:c3855]
2019-07-09 04:31:36,772 INFO  client.GrpcClientProtocolClient (GrpcClientProtocolClient.java:onNext(255)) - client-859D8C9D7B89->65797d0d-2d4a-456d-9b24-1d63a5102722: receive RaftClientReply:client-859D8C9D7B89->65797d0d-2d4a-456d-9b24-1d63a5102722@group-BA7C392EEBCA, cid=2595, SUCCESS, logIndex=3857, commits[65797d0d-2d4a-456d-9b24-1d63a5102722:c3857, aca3f3a4-0773-4ff1-9bb5-1a871868fd09:c3855, abe1c95d-8ae2-42e9-9d83-236e3c187d51:c3855]
2019-07-09 04:31:36,784 INFO  client.GrpcClientProtocolClient (GrpcClientProtocolClient.java:onNext(255)) - client-859D8C9D7B89->65797d0d-2d4a-456d-9b24-1d63a5102722: receive RaftClientReply:client-859D8C9D7B89->65797d0d-2d4a-456d-9b24-1d63a5102722@group-BA7C392EEBCA, cid=2596, SUCCESS, logIndex=3860, commits[65797d0d-2d4a-456d-9b24-1d63a5102722:c3861, aca3f3a4-0773-4ff1-9bb5-1a871868fd09:c3857, abe1c95d-8ae2-42e9-9d83-236e3c187d51:c3857]
2019-07-09 04:31:36,785 INFO  client.GrpcClientProtocolClient (GrpcClientProtocolClient.java:onNext(255)) - client-859D8C9D7B89->65797d0d-2d4a-456d-9b24-1d63a5102722: receive RaftClientReply:client-859D8C9D7B89->65797d0d-2d4a-456d-9b24-1d63a5102722@group-BA7C392EEBCA, cid=2597, SUCCESS, logIndex=3861, commits[65797d0d-2d4a-456d-9b24-1d63a5102722:c3861, aca3f3a4-0773-4ff1-9bb5-1a871868fd09:c3857, abe1c95d-8ae2-42e9-9d83-236e3c187d51:c3857]
2019-07-09 04:31:36,797 INFO  client.GrpcClientProtocolClient (GrpcClientProtocolClient.java:onNext(255)) - client-859D8C9D7B89->65797d0d-2d4a-456d-9b24-1d63a5102722: receive RaftClientReply:client-859D8C9D7B89->65797d0d-2d4a-456d-9b24-1d63a5102722@group-BA7C392EEBCA, cid=2598, SUCCESS, logIndex=0, commits[65797d0d-2d4a-456d-9b24-1d63a5102722:c3863, aca3f3a4-0773-4ff1-9bb5-1a871868fd09:c3861, abe1c95d-8ae2-42e9-9d83-236e3c187d51:c3861]
2019-07-09 04:31:36,829 INFO  client.GrpcClientProtocolClient (GrpcClientProtocolClient.java:onNext(255)) - client-859D8C9D7B89->65797d0d-2d4a-456d-9b24-1d63a5102722: receive RaftClientReply:client-859D8C9D7B89->65797d0d-2d4a-456d-9b24-1d63a5102722@group-BA7C392EEBCA, cid=2599, SUCCESS, logIndex=3864, commits[65797d0d-2d4a-456d-9b24-1d63a5102722:c3865, aca3f3a4-0773-4ff1-9bb5-1a871868fd09:c3863, abe1c95d-8ae2-42e9-9d83-236e3c187d51:c3863]
2019-07-09 04:31:36,829 INFO  client.GrpcClientProtocolClient (GrpcClientProtocolClient.java:onNext(255)) - client-859D8C9D7B89->65797d0d-2d4a-456d-9b24-1d63a5102722: receive RaftClientReply:client-859D8C9D7B89->65797d0d-2d4a-456d-9b24-1d63a5102722@group-BA7C392EEBCA, cid=2600, SUCCESS, logIndex=3865, commits[65797d0d-2d4a-456d-9b24-1d63a5102722:c3867, aca3f3a4-0773-4ff1-9bb5-1a871868fd09:c3863, abe1c95d-8ae2-42e9-9d83-236e3c187d51:c3863]
2019-07-09 04:31:36,830 INFO  client.GrpcClientProtocolClient (GrpcClientProtocolClient.java:onNext(255)) - client-859D8C9D7B89->65797d0d-2d4a-456d-9b24-1d63a5102722: receive RaftClientReply:client-859D8C9D7B89->65797d0d-2d4a-456d-9b24-1d63a5102722@group-BA7C392EEBCA, cid=2601, SUCCESS, logIndex=3866, commits[65797d0d-2d4a-456d-9b24-1d63a5102722:c3867, aca3f3a4-0773-4ff1-9bb5-1a871868fd09:c3863, abe1c95d-8ae2-42e9-9d83-236e3c187d51:c3863]
2019-07-09 04:31:36,830 INFO  client.GrpcClientProtocolClient (GrpcClientProtocolClient.java:onNext(255)) - client-859D8C9D7B89->65797d0d-2d4a-456d-9b24-1d63a5102722: receive RaftClientReply:client-859D8C9D7B89->65797d0d-2d4a-456d-9b24-1d63a5102722@group-BA7C392EEBCA, cid=2602, SUCCESS, logIndex=3867, commits[65797d0d-2d4a-456d-9b24-1d63a5102722:c3867, aca3f3a4-0773-4ff1-9bb5-1a871868fd09:c3863, abe1c95d-8ae2-42e9-9d83-236e3c187d51:c3863]
2019-07-09 04:31:36,832 INFO  client.GrpcClientProtocolClient (GrpcClientProtocolClient.java:onNext(255)) - client-859D8C9D7B89->65797d0d-2d4a-456d-9b24-1d63a5102722: receive RaftClientReply:client-859D8C9D7B89->65797d0d-2d4a-456d-9b24-1d63a5102722@group-BA7C392EEBCA, cid=2603, SUCCESS, logIndex=0, commits[65797d0d-2d4a-456d-9b24-1d63a5102722:c3869, aca3f3a4-0773-4ff1-9bb5-1a871868fd09:c3865, abe1c95d-8ae2-42e9-9d83-236e3c187d51:c3865]
2019-07-09 04:31:36,852 INFO  client.GrpcClientProtocolClient (GrpcClientProtocolClient.java:onNext(255)) - client-859D8C9D7B89->65797d0d-2d4a-456d-9b24-1d63a5102722: receive RaftClientReply:client-859D8C9D7B89->65797d0d-2d4a-456d-9b24-1d63a5102722@group-BA7C392EEBCA, cid=2604, SUCCESS, logIndex=3872, commits[65797d0d-2d4a-456d-9b24-1d63a5102722:c3872, aca3f3a4-0773-4ff1-9bb5-1a871868fd09:c3871, abe1c95d-8ae2-42e9-9d83-236e3c187d51:c3871]
2019-07-09 04:31:36,852 INFO  client.GrpcClientProtocolClient (GrpcClientProtocolClient.java:onNext(255)) - client-859D8C9D7B89->65797d0d-2d4a-456d-9b24-1d63a5102722: receive RaftClientReply:client-859D8C9D7B89->65797d0d-2d4a-456d-9b24-1d63a5102722@group-BA7C392EEBCA, cid=2605, SUCCESS, logIndex=3873, commits[65797d0d-2d4a-456d-9b24-1d63a5102722:c3873, aca3f3a4-0773-4ff1-9bb5-1a871868fd09:c3871, abe1c95d-8ae2-42e9-9d83-236e3c187d51:c3871]
2019-07-09 04:31:36,883 INFO  client.GrpcClientProtocolClient (GrpcClientProtocolClient.java:onNext(255)) - client-859D8C9D7B89->65797d0d-2d4a-456d-9b24-1d63a5102722: receive RaftClientReply:client-859D8C9D7B89->65797d0d-2d4a-456d-9b24-1d63a5102722@group-BA7C392EEBCA, cid=2606, SUCCESS, logIndex=3876, commits[65797d0d-2d4a-456d-9b24-1d63a5102722:c3876, aca3f3a4-0773-4ff1-9bb5-1a871868fd09:c3875, abe1c95d-8ae2-42e9-9d83-236e3c187d51:c3875]
2019-07-09 04:31:36,884 INFO  client.GrpcClientProtocolClient (GrpcClientProtocolClient.java:onNext(255)) - client-859D8C9D7B89->65797d0d-2d4a-456d-9b24-1d63a5102722: receive RaftClientReply:client-859D8C9D7B89->65797d0d-2d4a-456d-9b24-1d63a5102722@group-BA7C392EEBCA, cid=2607, SUCCESS, logIndex=3877, commits[65797d0d-2d4a-456d-9b24-1d63a5102722:c3877, aca3f3a4-0773-4ff1-9bb5-1a871868fd09:c3875, abe1c95d-8ae2-42e9-9d83-236e3c187d51:c3875]
2019-07-09 04:31:36,896 INFO  client.GrpcClientProtocolClient (GrpcClientProtocolClient.java:onNext(255)) - client-859D8C9D7B89->65797d0d-2d4a-456d-9b24-1d63a5102722: receive RaftClientReply:client-859D8C9D7B89->65797d0d-2d4a-456d-9b24-1d63a5102722@group-BA7C392EEBCA, cid=2608, SUCCESS, logIndex=0, commits[65797d0d-2d4a-456d-9b24-1d63a5102722:c3879, aca3f3a4-0773-4ff1-9bb5-1a871868fd09:c3877, abe1c95d-8ae2-42e9-9d83-236e3c187d51:c3877]
2019-07-09 04:31:36,931 INFO  client.GrpcClientProtocolClient (GrpcClientProtocolClient.java:onNext(255)) - client-859D8C9D7B89->65797d0d-2d4a-456d-9b24-1d63a5102722: receive RaftClientReply:client-859D8C9D7B89->65797d0d-2d4a-456d-9b24-1d63a5102722@group-BA7C392EEBCA, cid=2609, SUCCESS, logIndex=3880, commits[65797d0d-2d4a-456d-9b24-1d63a5102722:c3882, aca3f3a4-0773-4ff1-9bb5-1a871868fd09:c3879, abe1c95d-8ae2-42e9-9d83-236e3c187d51:c3879]
2019-07-09 04:31:36,932 INFO  client.GrpcClientProtocolClient (GrpcClientProtocolClient.java:onNext(255)) - client-859D8C9D7B89->65797d0d-2d4a-456d-9b24-1d63a5102722: receive RaftClientReply:client-859D8C9D7B89->65797d0d-2d4a-456d-9b24-1d63a5102722@group-BA7C392EEBCA, cid=2610, SUCCESS, logIndex=3881, commits[65797d0d-2d4a-456d-9b24-1d63a5102722:c3883, aca3f3a4-0773-4ff1-9bb5-1a871868fd09:c3879, abe1c95d-8ae2-42e9-9d83-236e3c187d51:c3879]
2019-07-09 04:31:36,932 INFO  client.GrpcClientProtocolClient (GrpcClientProtocolClient.java:onNext(255)) - client-859D8C9D7B89->65797d0d-2d4a-456d-9b24-1d63a5102722: receive RaftClientReply:client-859D8C9D7B89->65797d0d-2d4a-456d-9b24-1d63a5102722@group-BA7C392EEBCA, cid=2611, SUCCESS, logIndex=3882, commits[65797d0d-2d4a-456d-9b24-1d63a5102722:c3883, aca3f3a4-0773-4ff1-9bb5-1a871868fd09:c3879, abe1c95d-8ae2-42e9-9d83-236e3c187d51:c3879]
2019-07-09 04:31:36,933 INFO  client.GrpcClientProtocolClient (GrpcClientProtocolClient.java:onNext(255)) - client-859D8C9D7B89->65797d0d-2d4a-456d-9b24-1d63a5102722: receive RaftClientReply:client-859D8C9D7B89->65797d0d-2d4a-456d-9b24-1d63a5102722@group-BA7C392EEBCA, cid=2612, SUCCESS, logIndex=3883, commits[65797d0d-2d4a-456d-9b24-1d63a5102722:c3883, aca3f3a4-0773-4ff1-9bb5-1a871868fd09:c3879, abe1c95d-8ae2-42e9-9d83-236e3c187d51:c3879]
2019-07-09 04:31:36,934 INFO  client.GrpcClientProtocolClient (GrpcClientProtocolClient.java:onNext(255)) - client-859D8C9D7B89->65797d0d-2d4a-456d-9b24-1d63a5102722: receive RaftClientReply:client-859D8C9D7B89->65797d0d-2d4a-456d-9b24-1d63a5102722@group-BA7C392EEBCA, cid=2613, SUCCESS, logIndex=0, commits[65797d0d-2d4a-456d-9b24-1d63a5102722:c3885, aca3f3a4-0773-4ff1-9bb5-1a871868fd09:c3881, abe1c95d-8ae2-42e9-9d83-236e3c187d51:c3883]
2019-07-09 04:31:36,957 INFO  client.GrpcClientProtocolClient (GrpcClientProtocolClient.java:onNext(255)) - client-859D8C9D7B89->65797d0d-2d4a-456d-9b24-1d63a5102722: receive RaftClientReply:client-859D8C9D7B89->65797d0d-2d4a-456d-9b24-1d63a5102722@group-BA7C392EEBCA, cid=2614, SUCCESS, logIndex=3888, commits[65797d0d-2d4a-456d-9b24-1d63a5102722:c3889, aca3f3a4-0773-4ff1-9bb5-1a871868fd09:c3887, abe1c95d-8ae2-42e9-9d83-236e3c187d51:c3887]
2019-07-09 04:31:36,958 INFO  client.GrpcClientProtocolClient (GrpcClientProtocolClient.java:onNext(255)) - client-859D8C9D7B89->65797d0d-2d4a-456d-9b24-1d63a5102722: receive RaftClientReply:client-859D8C9D7B89->65797d0d-2d4a-456d-9b24-1d63a5102722@group-BA7C392EEBCA, cid=2615, SUCCESS, logIndex=3889, commits[65797d0d-2d4a-456d-9b24-1d63a5102722:c3889, aca3f3a4-0773-4ff1-9bb5-1a871868fd09:c3887, abe1c95d-8ae2-42e9-9d83-236e3c187d51:c3887]
2019-07-09 04:31:36,972 INFO  client.GrpcClientProtocolClient (GrpcClientProtocolClient.java:onNext(255)) - client-859D8C9D7B89->65797d0d-2d4a-456d-9b24-1d63a5102722: receive RaftClientReply:client-859D8C9D7B89->65797d0d-2d4a-456d-9b24-1d63a5102722@group-BA7C392EEBCA, cid=2616, SUCCESS, logIndex=3892, commits[65797d0d-2d4a-456d-9b24-1d63a5102722:c3893, aca3f3a4-0773-4ff1-9bb5-1a871868fd09:c3889, abe1c95d-8ae2-42e9-9d83-236e3c187d51:c3889]
2019-07-09 04:31:36,972 INFO  client.GrpcClientProtocolClient (GrpcClientProtocolClient.java:onNext(255)) - client-859D8C9D7B89->65797d0d-2d4a-456d-9b24-1d63a5102722: receive RaftClientReply:client-859D8C9D7B89->65797d0d-2d4a-456d-9b24-1d63a5102722@group-BA7C392EEBCA, cid=2617, SUCCESS, logIndex=3893, commits[65797d0d-2d4a-456d-9b24-1d63a5102722:c3893, aca3f3a4-0773-4ff1-9bb5-1a871868fd09:c3889, abe1c95d-8ae2-42e9-9d83-236e3c187d51:c3889]
2019-07-09 04:31:36,975 INFO  client.GrpcClientProtocolClient (GrpcClientProtocolClient.java:onNext(255)) - client-859D8C9D7B89->65797d0d-2d4a-456d-9b24-1d63a5102722: receive RaftClientReply:client-859D8C9D7B89->65797d0d-2d4a-456d-9b24-1d63a5102722@group-BA7C392EEBCA, cid=2618, SUCCESS, logIndex=0, commits[65797d0d-2d4a-456d-9b24-1d63a5102722:c3895, aca3f3a4-0773-4ff1-9bb5-1a871868fd09:c3893, abe1c95d-8ae2-42e9-9d83-236e3c187d51:c3893]
2019-07-09 04:31:37,006 INFO  client.GrpcClientProtocolClient (GrpcClientProtocolClient.java:onNext(255)) - client-859D8C9D7B89->65797d0d-2d4a-456d-9b24-1d63a5102722: receive RaftClientReply:client-859D8C9D7B89->65797d0d-2d4a-456d-9b24-1d63a5102722@group-BA7C392EEBCA, cid=2619, SUCCESS, logIndex=3896, commits[65797d0d-2d4a-456d-9b24-1d63a5102722:c3897, aca3f3a4-0773-4ff1-9bb5-1a871868fd09:c3895, abe1c95d-8ae2-42e9-9d83-236e3c187d51:c3895]
2019-07-09 04:31:37,007 INFO  client.GrpcClientProtocolClient (GrpcClientProtocolClient.java:onNext(255)) - client-859D8C9D7B89->65797d0d-2d4a-456d-9b24-1d63a5102722: receive RaftClientReply:client-859D8C9D7B89->65797d0d-2d4a-456d-9b24-1d63a5102722@group-BA7C392EEBCA, cid=2620, SUCCESS, logIndex=3897, commits[65797d0d-2d4a-456d-9b24-1d63a5102722:c3899, aca3f3a4-0773-4ff1-9bb5-1a871868fd09:c3895, abe1c95d-8ae2-42e9-9d83-236e3c187d51:c3895]
2019-07-09 04:31:37,007 INFO  client.GrpcClientProtocolClient (GrpcClientProtocolClient.java:onNext(255)) - client-859D8C9D7B89->65797d0d-2d4a-456d-9b24-1d63a5102722: receive RaftClientReply:client-859D8C9D7B89->65797d0d-2d4a-456d-9b24-1d63a5102722@group-BA7C392EEBCA, cid=2621, SUCCESS, logIndex=3898, commits[65797d0d-2d4a-456d-9b24-1d63a5102722:c3899, aca3f3a4-0773-4ff1-9bb5-1a871868fd09:c3895, abe1c95d-8ae2-42e9-9d83-236e3c187d51:c3895]
2019-07-09 04:31:37,008 INFO  client.GrpcClientProtocolClient (GrpcClientProtocolClient.java:onNext(255)) - client-859D8C9D7B89->65797d0d-2d4a-456d-9b24-1d63a5102722: receive RaftClientReply:client-859D8C9D7B89->65797d0d-2d4a-456d-9b24-1d63a5102722@group-BA7C392EEBCA, cid=2622, SUCCESS, logIndex=3899, commits[65797d0d-2d4a-456d-9b24-1d63a5102722:c3900, aca3f3a4-0773-4ff1-9bb5-1a871868fd09:c3895, abe1c95d-8ae2-42e9-9d83-236e3c187d51:c3896]
2019-07-09 04:31:37,010 INFO  client.GrpcClientProtocolClient (GrpcClientProtocolClient.java:onNext(255)) - client-859D8C9D7B89->65797d0d-2d4a-456d-9b24-1d63a5102722: receive RaftClientReply:client-859D8C9D7B89->65797d0d-2d4a-456d-9b24-1d63a5102722@group-BA7C392EEBCA, cid=2623, SUCCESS, logIndex=0, commits[65797d0d-2d4a-456d-9b24-1d63a5102722:c3903, aca3f3a4-0773-4ff1-9bb5-1a871868fd09:c3898, abe1c95d-8ae2-42e9-9d83-236e3c187d51:c3899]
2019-07-09 04:31:37,031 INFO  client.GrpcClientProtocolClient (GrpcClientProtocolClient.java:onNext(255)) - client-859D8C9D7B89->65797d0d-2d4a-456d-9b24-1d63a5102722: receive RaftClientReply:client-859D8C9D7B89->65797d0d-2d4a-456d-9b24-1d63a5102722@group-BA7C392EEBCA, cid=2624, SUCCESS, logIndex=3904, commits[65797d0d-2d4a-456d-9b24-1d63a5102722:c3904, aca3f3a4-0773-4ff1-9bb5-1a871868fd09:c3903, abe1c95d-8ae2-42e9-9d83-236e3c187d51:c3903]
2019-07-09 04:31:37,032 INFO  client.GrpcClientProtocolClient (GrpcClientProtocolClient.java:onNext(255)) - client-859D8C9D7B89->65797d0d-2d4a-456d-9b24-1d63a5102722: receive RaftClientReply:client-859D8C9D7B89->65797d0d-2d4a-456d-9b24-1d63a5102722@group-BA7C392EEBCA, cid=2625, SUCCESS, logIndex=3905, commits[65797d0d-2d4a-456d-9b24-1d63a5102722:c3905, aca3f3a4-0773-4ff1-9bb5-1a871868fd09:c3903, abe1c95d-8ae2-42e9-9d83-236e3c187d51:c3903]
2019-07-09 04:31:37,045 INFO  client.GrpcClientProtocolClient (GrpcClientProtocolClient.java:onNext(255)) - client-859D8C9D7B89->65797d0d-2d4a-456d-9b24-1d63a5102722: receive RaftClientReply:client-859D8C9D7B89->65797d0d-2d4a-456d-9b24-1d63a5102722@group-BA7C392EEBCA, cid=2626, SUCCESS, logIndex=3908, commits[65797d0d-2d4a-456d-9b24-1d63a5102722:c3909, aca3f3a4-0773-4ff1-9bb5-1a871868fd09:c3905, abe1c95d-8ae2-42e9-9d83-236e3c187d51:c3904]
2019-07-09 04:31:37,045 INFO  client.GrpcClientProtocolClient (GrpcClientProtocolClient.java:onNext(255)) - client-859D8C9D7B89->65797d0d-2d4a-456d-9b24-1d63a5102722: receive RaftClientReply:client-859D8C9D7B89->65797d0d-2d4a-456d-9b24-1d63a5102722@group-BA7C392EEBCA, cid=2627, SUCCESS, logIndex=3909, commits[65797d0d-2d4a-456d-9b24-1d63a5102722:c3909, aca3f3a4-0773-4ff1-9bb5-1a871868fd09:c3905, abe1c95d-8ae2-42e9-9d83-236e3c187d51:c3905]
2019-07-09 04:31:37,047 INFO  client.GrpcClientProtocolClient (GrpcClientProtocolClient.java:onNext(255)) - client-859D8C9D7B89->65797d0d-2d4a-456d-9b24-1d63a5102722: receive RaftClientReply:client-859D8C9D7B89->65797d0d-2d4a-456d-9b24-1d63a5102722@group-BA7C392EEBCA, cid=2628, SUCCESS, logIndex=0, commits[65797d0d-2d4a-456d-9b24-1d63a5102722:c3911, aca3f3a4-0773-4ff1-9bb5-1a871868fd09:c3909, abe1c95d-8ae2-42e9-9d83-236e3c187d51:c3909]
2019-07-09 04:31:37,079 INFO  client.GrpcClientProtocolClient (GrpcClientProtocolClient.java:onNext(255)) - client-859D8C9D7B89->65797d0d-2d4a-456d-9b24-1d63a5102722: receive RaftClientReply:client-859D8C9D7B89->65797d0d-2d4a-456d-9b24-1d63a5102722@group-BA7C392EEBCA, cid=2629, SUCCESS, logIndex=3912, commits[65797d0d-2d4a-456d-9b24-1d63a5102722:c3914, aca3f3a4-0773-4ff1-9bb5-1a871868fd09:c3911, abe1c95d-8ae2-42e9-9d83-236e3c187d51:c3911]
2019-07-09 04:31:37,080 INFO  client.GrpcClientProtocolClient (GrpcClientProtocolClient.java:onNext(255)) - client-859D8C9D7B89->65797d0d-2d4a-456d-9b24-1d63a5102722: receive RaftClientReply:client-859D8C9D7B89->65797d0d-2d4a-456d-9b24-1d63a5102722@group-BA7C392EEBCA, cid=2630, SUCCESS, logIndex=3913, commits[65797d0d-2d4a-456d-9b24-1d63a5102722:c3915, aca3f3a4-0773-4ff1-9bb5-1a871868fd09:c3911, abe1c95d-8ae2-42e9-9d83-236e3c187d51:c3911]
2019-07-09 04:31:37,080 INFO  client.GrpcClientProtocolClient (GrpcClientProtocolClient.java:onNext(255)) - client-859D8C9D7B89->65797d0d-2d4a-456d-9b24-1d63a5102722: receive RaftClientReply:client-859D8C9D7B89->65797d0d-2d4a-456d-9b24-1d63a5102722@group-BA7C392EEBCA, cid=2631, SUCCESS, logIndex=3914, commits[65797d0d-2d4a-456d-9b24-1d63a5102722:c3915, aca3f3a4-0773-4ff1-9bb5-1a871868fd09:c3911, abe1c95d-8ae2-42e9-9d83-236e3c187d51:c3911]
2019-07-09 04:31:37,080 INFO  client.GrpcClientProtocolClient (GrpcClientProtocolClient.java:onNext(255)) - client-859D8C9D7B89->65797d0d-2d4a-456d-9b24-1d63a5102722: receive RaftClientReply:client-859D8C9D7B89->65797d0d-2d4a-456d-9b24-1d63a5102722@group-BA7C392EEBCA, cid=2632, SUCCESS, logIndex=3915, commits[65797d0d-2d4a-456d-9b24-1d63a5102722:c3915, aca3f3a4-0773-4ff1-9bb5-1a871868fd09:c3911, abe1c95d-8ae2-42e9-9d83-236e3c187d51:c3911]
2019-07-09 04:31:37,092 INFO  client.GrpcClientProtocolClient (GrpcClientProtocolClient.java:onNext(255)) - client-859D8C9D7B89->65797d0d-2d4a-456d-9b24-1d63a5102722: receive RaftClientReply:client-859D8C9D7B89->65797d0d-2d4a-456d-9b24-1d63a5102722@group-BA7C392EEBCA, cid=2633, SUCCESS, logIndex=0, commits[65797d0d-2d4a-456d-9b24-1d63a5102722:c3918, aca3f3a4-0773-4ff1-9bb5-1a871868fd09:c3914, abe1c95d-8ae2-42e9-9d83-236e3c187d51:c3913]
2019-07-09 04:31:37,114 INFO  client.GrpcClientProtocolClient (GrpcClientProtocolClient.java:onNext(255)) - client-859D8C9D7B89->65797d0d-2d4a-456d-9b24-1d63a5102722: receive RaftClientReply:client-859D8C9D7B89->65797d0d-2d4a-456d-9b24-1d63a5102722@group-BA7C392EEBCA, cid=2634, SUCCESS, logIndex=3920, commits[65797d0d-2d4a-456d-9b24-1d63a5102722:c3921, aca3f3a4-0773-4ff1-9bb5-1a871868fd09:c3919, abe1c95d-8ae2-42e9-9d83-236e3c187d51:c3919]
2019-07-09 04:31:37,114 INFO  client.GrpcClientProtocolClient (GrpcClientProtocolClient.java:onNext(255)) - client-859D8C9D7B89->65797d0d-2d4a-456d-9b24-1d63a5102722: receive RaftClientReply:client-859D8C9D7B89->65797d0d-2d4a-456d-9b24-1d63a5102722@group-BA7C392EEBCA, cid=2635, SUCCESS, logIndex=3921, commits[65797d0d-2d4a-456d-9b24-1d63a5102722:c3921, aca3f3a4-0773-4ff1-9bb5-1a871868fd09:c3919, abe1c95d-8ae2-42e9-9d83-236e3c187d51:c3919]
2019-07-09 04:31:37,139 INFO  client.GrpcClientProtocolClient (GrpcClientProtocolClient.java:onNext(255)) - client-859D8C9D7B89->65797d0d-2d4a-456d-9b24-1d63a5102722: receive RaftClientReply:client-859D8C9D7B89->65797d0d-2d4a-456d-9b24-1d63a5102722@group-BA7C392EEBCA, cid=2636, SUCCESS, logIndex=3924, commits[65797d0d-2d4a-456d-9b24-1d63a5102722:c3925, aca3f3a4-0773-4ff1-9bb5-1a871868fd09:c3921, abe1c95d-8ae2-42e9-9d83-236e3c187d51:c3920]
2019-07-09 04:31:37,140 INFO  client.GrpcClientProtocolClient (GrpcClientProtocolClient.java:onNext(255)) - client-859D8C9D7B89->65797d0d-2d4a-456d-9b24-1d63a5102722: receive RaftClientReply:client-859D8C9D7B89->65797d0d-2d4a-456d-9b24-1d63a5102722@group-BA7C392EEBCA, cid=2637, SUCCESS, logIndex=3925, commits[65797d0d-2d4a-456d-9b24-1d63a5102722:c3925, aca3f3a4-0773-4ff1-9bb5-1a871868fd09:c3921, abe1c95d-8ae2-42e9-9d83-236e3c187d51:c3921]
2019-07-09 04:31:37,141 INFO  client.GrpcClientProtocolClient (GrpcClientProtocolClient.java:onNext(255)) - client-859D8C9D7B89->65797d0d-2d4a-456d-9b24-1d63a5102722: receive RaftClientReply:client-859D8C9D7B89->65797d0d-2d4a-456d-9b24-1d63a5102722@group-BA7C392EEBCA, cid=2638, SUCCESS, logIndex=0, commits[65797d0d-2d4a-456d-9b24-1d63a5102722:c3926, aca3f3a4-0773-4ff1-9bb5-1a871868fd09:c3925, abe1c95d-8ae2-42e9-9d83-236e3c187d51:c3925]
2019-07-09 04:31:37,172 INFO  client.GrpcClientProtocolClient (GrpcClientProtocolClient.java:onNext(255)) - client-859D8C9D7B89->65797d0d-2d4a-456d-9b24-1d63a5102722: receive RaftClientReply:client-859D8C9D7B89->65797d0d-2d4a-456d-9b24-1d63a5102722@group-BA7C392EEBCA, cid=2639, SUCCESS, logIndex=3928, commits[65797d0d-2d4a-456d-9b24-1d63a5102722:c3930, aca3f3a4-0773-4ff1-9bb5-1a871868fd09:c3927, abe1c95d-8ae2-42e9-9d83-236e3c187d51:c3927]
2019-07-09 04:31:37,173 INFO  client.GrpcClientProtocolClient (GrpcClientProtocolClient.java:onNext(255)) - client-859D8C9D7B89->65797d0d-2d4a-456d-9b24-1d63a5102722: receive RaftClientReply:client-859D8C9D7B89->65797d0d-2d4a-456d-9b24-1d63a5102722@group-BA7C392EEBCA, cid=2640, SUCCESS, logIndex=3929, commits[65797d0d-2d4a-456d-9b24-1d63a5102722:c3931, aca3f3a4-0773-4ff1-9bb5-1a871868fd09:c3927, abe1c95d-8ae2-42e9-9d83-236e3c187d51:c3927]
2019-07-09 04:31:37,173 INFO  client.GrpcClientProtocolClient (GrpcClientProtocolClient.java:onNext(255)) - client-859D8C9D7B89->65797d0d-2d4a-456d-9b24-1d63a5102722: receive RaftClientReply:client-859D8C9D7B89->65797d0d-2d4a-456d-9b24-1d63a5102722@group-BA7C392EEBCA, cid=2641, SUCCESS, logIndex=3930, commits[65797d0d-2d4a-456d-9b24-1d63a5102722:c3931, aca3f3a4-0773-4ff1-9bb5-1a871868fd09:c3927, abe1c95d-8ae2-42e9-9d83-236e3c187d51:c3927]
2019-07-09 04:31:37,173 INFO  client.GrpcClientProtocolClient (GrpcClientProtocolClient.java:onNext(255)) - client-859D8C9D7B89->65797d0d-2d4a-456d-9b24-1d63a5102722: receive RaftClientReply:client-859D8C9D7B89->65797d0d-2d4a-456d-9b24-1d63a5102722@group-BA7C392EEBCA, cid=2642, SUCCESS, logIndex=3931, commits[65797d0d-2d4a-456d-9b24-1d63a5102722:c3931, aca3f3a4-0773-4ff1-9bb5-1a871868fd09:c3927, abe1c95d-8ae2-42e9-9d83-236e3c187d51:c3927]
2019-07-09 04:31:37,184 INFO  client.GrpcClientProtocolClient (GrpcClientProtocolClient.java:onNext(255)) - client-859D8C9D7B89->65797d0d-2d4a-456d-9b24-1d63a5102722: receive RaftClientReply:client-859D8C9D7B89->65797d0d-2d4a-456d-9b24-1d63a5102722@group-BA7C392EEBCA, cid=2643, SUCCESS, logIndex=0, commits[65797d0d-2d4a-456d-9b24-1d63a5102722:c3933, aca3f3a4-0773-4ff1-9bb5-1a871868fd09:c3929, abe1c95d-8ae2-42e9-9d83-236e3c187d51:c3929]
2019-07-09 04:31:37,207 INFO  client.GrpcClientProtocolClient (GrpcClientProtocolClient.java:onNext(255)) - client-859D8C9D7B89->65797d0d-2d4a-456d-9b24-1d63a5102722: receive RaftClientReply:client-859D8C9D7B89->65797d0d-2d4a-456d-9b24-1d63a5102722@group-BA7C392EEBCA, cid=2644, SUCCESS, logIndex=3936, commits[65797d0d-2d4a-456d-9b24-1d63a5102722:c3937, aca3f3a4-0773-4ff1-9bb5-1a871868fd09:c3935, abe1c95d-8ae2-42e9-9d83-236e3c187d51:c3935]
2019-07-09 04:31:37,207 INFO  client.GrpcClientProtocolClient (GrpcClientProtocolClient.java:onNext(255)) - client-859D8C9D7B89->65797d0d-2d4a-456d-9b24-1d63a5102722: receive RaftClientReply:client-859D8C9D7B89->65797d0d-2d4a-456d-9b24-1d63a5102722@group-BA7C392EEBCA, cid=2645, SUCCESS, logIndex=3937, commits[65797d0d-2d4a-456d-9b24-1d63a5102722:c3937, aca3f3a4-0773-4ff1-9bb5-1a871868fd09:c3935, abe1c95d-8ae2-42e9-9d83-236e3c187d51:c3935]
2019-07-09 04:31:37,228 INFO  client.GrpcClientProtocolClient (GrpcClientProtocolClient.java:onNext(255)) - client-859D8C9D7B89->65797d0d-2d4a-456d-9b24-1d63a5102722: receive RaftClientReply:client-859D8C9D7B89->65797d0d-2d4a-456d-9b24-1d63a5102722@group-BA7C392EEBCA, cid=2646, SUCCESS, logIndex=3940, commits[65797d0d-2d4a-456d-9b24-1d63a5102722:c3941, aca3f3a4-0773-4ff1-9bb5-1a871868fd09:c3939, abe1c95d-8ae2-42e9-9d83-236e3c187d51:c3939]
2019-07-09 04:31:37,228 INFO  client.GrpcClientProtocolClient (GrpcClientProtocolClient.java:onNext(255)) - client-859D8C9D7B89->65797d0d-2d4a-456d-9b24-1d63a5102722: receive RaftClientReply:client-859D8C9D7B89->65797d0d-2d4a-456d-9b24-1d63a5102722@group-BA7C392EEBCA, cid=2647, SUCCESS, logIndex=3941, commits[65797d0d-2d4a-456d-9b24-1d63a5102722:c3941, aca3f3a4-0773-4ff1-9bb5-1a871868fd09:c3939, abe1c95d-8ae2-42e9-9d83-236e3c187d51:c3939]
2019-07-09 04:31:37,239 INFO  client.GrpcClientProtocolClient (GrpcClientProtocolClient.java:onNext(255)) - client-859D8C9D7B89->65797d0d-2d4a-456d-9b24-1d63a5102722: receive RaftClientReply:client-859D8C9D7B89->65797d0d-2d4a-456d-9b24-1d63a5102722@group-BA7C392EEBCA, cid=2648, SUCCESS, logIndex=0, commits[65797d0d-2d4a-456d-9b24-1d63a5102722:c3942, aca3f3a4-0773-4ff1-9bb5-1a871868fd09:c3941, abe1c95d-8ae2-42e9-9d83-236e3c187d51:c3941]
2019-07-09 04:31:37,278 INFO  client.GrpcClientProtocolClient (GrpcClientProtocolClient.java:onNext(255)) - client-859D8C9D7B89->65797d0d-2d4a-456d-9b24-1d63a5102722: receive RaftClientReply:client-859D8C9D7B89->65797d0d-2d4a-456d-9b24-1d63a5102722@group-BA7C392EEBCA, cid=2649, SUCCESS, logIndex=3944, commits[65797d0d-2d4a-456d-9b24-1d63a5102722:c3946, aca3f3a4-0773-4ff1-9bb5-1a871868fd09:c3943, abe1c95d-8ae2-42e9-9d83-236e3c187d51:c3943]
2019-07-09 04:31:37,279 INFO  client.GrpcClientProtocolClient (GrpcClientProtocolClient.java:onNext(255)) - client-859D8C9D7B89->65797d0d-2d4a-456d-9b24-1d63a5102722: receive RaftClientReply:client-859D8C9D7B89->65797d0d-2d4a-456d-9b24-1d63a5102722@group-BA7C392EEBCA, cid=2650, SUCCESS, logIndex=3945, commits[65797d0d-2d4a-456d-9b24-1d63a5102722:c3947, aca3f3a4-0773-4ff1-9bb5-1a871868fd09:c3943, abe1c95d-8ae2-42e9-9d83-236e3c187d51:c3943]
2019-07-09 04:31:37,279 INFO  client.GrpcClientProtocolClient (GrpcClientProtocolClient.java:onNext(255)) - client-859D8C9D7B89->65797d0d-2d4a-456d-9b24-1d63a5102722: receive RaftClientReply:client-859D8C9D7B89->65797d0d-2d4a-456d-9b24-1d63a5102722@group-BA7C392EEBCA, cid=2651, SUCCESS, logIndex=3946, commits[65797d0d-2d4a-456d-9b24-1d63a5102722:c3947, aca3f3a4-0773-4ff1-9bb5-1a871868fd09:c3943, abe1c95d-8ae2-42e9-9d83-236e3c187d51:c3943]
2019-07-09 04:31:37,279 INFO  client.GrpcClientProtocolClient (GrpcClientProtocolClient.java:onNext(255)) - client-859D8C9D7B89->65797d0d-2d4a-456d-9b24-1d63a5102722: receive RaftClientReply:client-859D8C9D7B89->65797d0d-2d4a-456d-9b24-1d63a5102722@group-BA7C392EEBCA, cid=2652, SUCCESS, logIndex=3947, commits[65797d0d-2d4a-456d-9b24-1d63a5102722:c3947, aca3f3a4-0773-4ff1-9bb5-1a871868fd09:c3943, abe1c95d-8ae2-42e9-9d83-236e3c187d51:c3943]
2019-07-09 04:31:37,290 INFO  client.GrpcClientProtocolClient (GrpcClientProtocolClient.java:onNext(255)) - client-859D8C9D7B89->65797d0d-2d4a-456d-9b24-1d63a5102722: receive RaftClientReply:client-859D8C9D7B89->65797d0d-2d4a-456d-9b24-1d63a5102722@group-BA7C392EEBCA, cid=2653, SUCCESS, logIndex=0, commits[65797d0d-2d4a-456d-9b24-1d63a5102722:c3949, aca3f3a4-0773-4ff1-9bb5-1a871868fd09:c3946, abe1c95d-8ae2-42e9-9d83-236e3c187d51:c3946]
2019-07-09 04:31:37,312 INFO  client.GrpcClientProtocolClient (GrpcClientProtocolClient.java:onNext(255)) - client-859D8C9D7B89->65797d0d-2d4a-456d-9b24-1d63a5102722: receive RaftClientReply:client-859D8C9D7B89->65797d0d-2d4a-456d-9b24-1d63a5102722@group-BA7C392EEBCA, cid=2654, SUCCESS, logIndex=3952, commits[65797d0d-2d4a-456d-9b24-1d63a5102722:c3953, aca3f3a4-0773-4ff1-9bb5-1a871868fd09:c3951, abe1c95d-8ae2-42e9-9d83-236e3c187d51:c3951]
2019-07-09 04:31:37,313 INFO  client.GrpcClientProtocolClient (GrpcClientProtocolClient.java:onNext(255)) - client-859D8C9D7B89->65797d0d-2d4a-456d-9b24-1d63a5102722: receive RaftClientReply:client-859D8C9D7B89->65797d0d-2d4a-456d-9b24-1d63a5102722@group-BA7C392EEBCA, cid=2655, SUCCESS, logIndex=3953, commits[65797d0d-2d4a-456d-9b24-1d63a5102722:c3953, aca3f3a4-0773-4ff1-9bb5-1a871868fd09:c3951, abe1c95d-8ae2-42e9-9d83-236e3c187d51:c3951]
2019-07-09 04:31:37,326 INFO  client.GrpcClientProtocolClient (GrpcClientProtocolClient.java:onNext(255)) - client-859D8C9D7B89->65797d0d-2d4a-456d-9b24-1d63a5102722: receive RaftClientReply:client-859D8C9D7B89->65797d0d-2d4a-456d-9b24-1d63a5102722@group-BA7C392EEBCA, cid=2656, SUCCESS, logIndex=3956, commits[65797d0d-2d4a-456d-9b24-1d63a5102722:c3957, aca3f3a4-0773-4ff1-9bb5-1a871868fd09:c3953, abe1c95d-8ae2-42e9-9d83-236e3c187d51:c3952]
2019-07-09 04:31:37,327 INFO  client.GrpcClientProtocolClient (GrpcClientProtocolClient.java:onNext(255)) - client-859D8C9D7B89->65797d0d-2d4a-456d-9b24-1d63a5102722: receive RaftClientReply:client-859D8C9D7B89->65797d0d-2d4a-456d-9b24-1d63a5102722@group-BA7C392EEBCA, cid=2657, SUCCESS, logIndex=3957, commits[65797d0d-2d4a-456d-9b24-1d63a5102722:c3957, aca3f3a4-0773-4ff1-9bb5-1a871868fd09:c3953, abe1c95d-8ae2-42e9-9d83-236e3c187d51:c3952]
2019-07-09 04:31:37,338 INFO  client.GrpcClientProtocolClient (GrpcClientProtocolClient.java:onNext(255)) - client-859D8C9D7B89->65797d0d-2d4a-456d-9b24-1d63a5102722: receive RaftClientReply:client-859D8C9D7B89->65797d0d-2d4a-456d-9b24-1d63a5102722@group-BA7C392EEBCA, cid=2658, SUCCESS, logIndex=0, commits[65797d0d-2d4a-456d-9b24-1d63a5102722:c3957, aca3f3a4-0773-4ff1-9bb5-1a871868fd09:c3953, abe1c95d-8ae2-42e9-9d83-236e3c187d51:c3953]
2019-07-09 04:31:37,340 INFO  client.GrpcClientProtocolClient (GrpcClientProtocolClient.java:onNext(255)) - client-859D8C9D7B89->65797d0d-2d4a-456d-9b24-1d63a5102722: receive RaftClientReply:client-859D8C9D7B89->65797d0d-2d4a-456d-9b24-1d63a5102722@group-BA7C392EEBCA, cid=2659, SUCCESS, logIndex=0, commits[65797d0d-2d4a-456d-9b24-1d63a5102722:c3959, aca3f3a4-0773-4ff1-9bb5-1a871868fd09:c3957, abe1c95d-8ae2-42e9-9d83-236e3c187d51:c3957]
2019-07-09 04:31:37,372 INFO  client.GrpcClientProtocolClient (GrpcClientProtocolClient.java:onNext(255)) - client-859D8C9D7B89->65797d0d-2d4a-456d-9b24-1d63a5102722: receive RaftClientReply:client-859D8C9D7B89->65797d0d-2d4a-456d-9b24-1d63a5102722@group-BA7C392EEBCA, cid=2660, SUCCESS, logIndex=3960, commits[65797d0d-2d4a-456d-9b24-1d63a5102722:c3963, aca3f3a4-0773-4ff1-9bb5-1a871868fd09:c3959, abe1c95d-8ae2-42e9-9d83-236e3c187d51:c3959]
2019-07-09 04:31:37,374 INFO  client.GrpcClientProtocolClient (GrpcClientProtocolClient.java:onNext(255)) - client-859D8C9D7B89->65797d0d-2d4a-456d-9b24-1d63a5102722: receive RaftClientReply:client-859D8C9D7B89->65797d0d-2d4a-456d-9b24-1d63a5102722@group-BA7C392EEBCA, cid=2661, SUCCESS, logIndex=3961, commits[65797d0d-2d4a-456d-9b24-1d63a5102722:c3963, aca3f3a4-0773-4ff1-9bb5-1a871868fd09:c3959, abe1c95d-8ae2-42e9-9d83-236e3c187d51:c3959]
2019-07-09 04:31:37,374 INFO  client.GrpcClientProtocolClient (GrpcClientProtocolClient.java:onNext(255)) - client-859D8C9D7B89->65797d0d-2d4a-456d-9b24-1d63a5102722: receive RaftClientReply:client-859D8C9D7B89->65797d0d-2d4a-456d-9b24-1d63a5102722@group-BA7C392EEBCA, cid=2662, SUCCESS, logIndex=3962, commits[65797d0d-2d4a-456d-9b24-1d63a5102722:c3963, aca3f3a4-0773-4ff1-9bb5-1a871868fd09:c3959, abe1c95d-8ae2-42e9-9d83-236e3c187d51:c3959]
2019-07-09 04:31:37,374 INFO  client.GrpcClientProtocolClient (GrpcClientProtocolClient.java:onNext(255)) - client-859D8C9D7B89->65797d0d-2d4a-456d-9b24-1d63a5102722: receive RaftClientReply:client-859D8C9D7B89->65797d0d-2d4a-456d-9b24-1d63a5102722@group-BA7C392EEBCA, cid=2663, SUCCESS, logIndex=3963, commits[65797d0d-2d4a-456d-9b24-1d63a5102722:c3963, aca3f3a4-0773-4ff1-9bb5-1a871868fd09:c3959, abe1c95d-8ae2-42e9-9d83-236e3c187d51:c3959]
 0.00% |█                                                                                                    |  0/1 Time: 0:00:222019-07-09 04:31:37,407 INFO  client.GrpcClientProtocolClient (GrpcClientProtocolClient.java:onNext(255)) - client-859D8C9D7B89->65797d0d-2d4a-456d-9b24-1d63a5102722: receive RaftClientReply:client-859D8C9D7B89->65797d0d-2d4a-456d-9b24-1d63a5102722@group-BA7C392EEBCA, cid=2664, SUCCESS, logIndex=0, commits[65797d0d-2d4a-456d-9b24-1d63a5102722:c3967, aca3f3a4-0773-4ff1-9bb5-1a871868fd09:c3961, abe1c95d-8ae2-42e9-9d83-236e3c187d51:c3963]
2019-07-09 04:31:37,429 INFO  client.GrpcClientProtocolClient (GrpcClientProtocolClient.java:onNext(255)) - client-859D8C9D7B89->65797d0d-2d4a-456d-9b24-1d63a5102722: receive RaftClientReply:client-859D8C9D7B89->65797d0d-2d4a-456d-9b24-1d63a5102722@group-BA7C392EEBCA, cid=2665, SUCCESS, logIndex=3968, commits[65797d0d-2d4a-456d-9b24-1d63a5102722:c3969, aca3f3a4-0773-4ff1-9bb5-1a871868fd09:c3967, abe1c95d-8ae2-42e9-9d83-236e3c187d51:c3967]
2019-07-09 04:31:37,430 INFO  client.GrpcClientProtocolClient (GrpcClientProtocolClient.java:onNext(255)) - client-859D8C9D7B89->65797d0d-2d4a-456d-9b24-1d63a5102722: receive RaftClientReply:client-859D8C9D7B89->65797d0d-2d4a-456d-9b24-1d63a5102722@group-BA7C392EEBCA, cid=2666, SUCCESS, logIndex=3969, commits[65797d0d-2d4a-456d-9b24-1d63a5102722:c3969, aca3f3a4-0773-4ff1-9bb5-1a871868fd09:c3967, abe1c95d-8ae2-42e9-9d83-236e3c187d51:c3967]
2019-07-09 04:31:37,561 INFO  client.GrpcClientProtocolClient (GrpcClientProtocolClient.java:onNext(255)) - client-859D8C9D7B89->65797d0d-2d4a-456d-9b24-1d63a5102722: receive RaftClientReply:client-859D8C9D7B89->65797d0d-2d4a-456d-9b24-1d63a5102722@group-BA7C392EEBCA, cid=2667, SUCCESS, logIndex=3972, commits[65797d0d-2d4a-456d-9b24-1d63a5102722:c3973, aca3f3a4-0773-4ff1-9bb5-1a871868fd09:c3970, abe1c95d-8ae2-42e9-9d83-236e3c187d51:c3969]
2019-07-09 04:31:37,562 INFO  client.GrpcClientProtocolClient (GrpcClientProtocolClient.java:onNext(255)) - client-859D8C9D7B89->65797d0d-2d4a-456d-9b24-1d63a5102722: receive RaftClientReply:client-859D8C9D7B89->65797d0d-2d4a-456d-9b24-1d63a5102722@group-BA7C392EEBCA, cid=2668, SUCCESS, logIndex=3973, commits[65797d0d-2d4a-456d-9b24-1d63a5102722:c3973, aca3f3a4-0773-4ff1-9bb5-1a871868fd09:c3970, abe1c95d-8ae2-42e9-9d83-236e3c187d51:c3969]
2019-07-09 04:31:37,563 INFO  client.GrpcClientProtocolClient (GrpcClientProtocolClient.java:onNext(255)) - client-859D8C9D7B89->65797d0d-2d4a-456d-9b24-1d63a5102722: receive RaftClientReply:client-859D8C9D7B89->65797d0d-2d4a-456d-9b24-1d63a5102722@group-BA7C392EEBCA, cid=2669, SUCCESS, logIndex=0, commits[65797d0d-2d4a-456d-9b24-1d63a5102722:c3975, aca3f3a4-0773-4ff1-9bb5-1a871868fd09:c3973, abe1c95d-8ae2-42e9-9d83-236e3c187d51:c3973]
2019-07-09 04:31:37,600 INFO  client.GrpcClientProtocolClient (GrpcClientProtocolClient.java:onNext(255)) - client-859D8C9D7B89->65797d0d-2d4a-456d-9b24-1d63a5102722: receive RaftClientReply:client-859D8C9D7B89->65797d0d-2d4a-456d-9b24-1d63a5102722@group-BA7C392EEBCA, cid=2670, SUCCESS, logIndex=3976, commits[65797d0d-2d4a-456d-9b24-1d63a5102722:c3977, aca3f3a4-0773-4ff1-9bb5-1a871868fd09:c3975, abe1c95d-8ae2-42e9-9d83-236e3c187d51:c3975]
2019-07-09 04:31:37,601 INFO  client.GrpcClientProtocolClient (GrpcClientProtocolClient.java:onNext(255)) - client-859D8C9D7B89->65797d0d-2d4a-456d-9b24-1d63a5102722: receive RaftClientReply:client-859D8C9D7B89->65797d0d-2d4a-456d-9b24-1d63a5102722@group-BA7C392EEBCA, cid=2671, SUCCESS, logIndex=3977, commits[65797d0d-2d4a-456d-9b24-1d63a5102722:c3979, aca3f3a4-0773-4ff1-9bb5-1a871868fd09:c3975, abe1c95d-8ae2-42e9-9d83-236e3c187d51:c3975]
2019-07-09 04:31:37,602 INFO  client.GrpcClientProtocolClient (GrpcClientProtocolClient.java:onNext(255)) - client-859D8C9D7B89->65797d0d-2d4a-456d-9b24-1d63a5102722: receive RaftClientReply:client-859D8C9D7B89->65797d0d-2d4a-456d-9b24-1d63a5102722@group-BA7C392EEBCA, cid=2672, SUCCESS, logIndex=3978, commits[65797d0d-2d4a-456d-9b24-1d63a5102722:c3979, aca3f3a4-0773-4ff1-9bb5-1a871868fd09:c3975, abe1c95d-8ae2-42e9-9d83-236e3c187d51:c3975]
2019-07-09 04:31:37,602 INFO  client.GrpcClientProtocolClient (GrpcClientProtocolClient.java:onNext(255)) - client-859D8C9D7B89->65797d0d-2d4a-456d-9b24-1d63a5102722: receive RaftClientReply:client-859D8C9D7B89->65797d0d-2d4a-456d-9b24-1d63a5102722@group-BA7C392EEBCA, cid=2673, SUCCESS, logIndex=3979, commits[65797d0d-2d4a-456d-9b24-1d63a5102722:c3979, aca3f3a4-0773-4ff1-9bb5-1a871868fd09:c3975, abe1c95d-8ae2-42e9-9d83-236e3c187d51:c3975]
2019-07-09 04:31:37,604 INFO  client.GrpcClientProtocolClient (GrpcClientProtocolClient.java:onNext(255)) - client-859D8C9D7B89->65797d0d-2d4a-456d-9b24-1d63a5102722: receive RaftClientReply:client-859D8C9D7B89->65797d0d-2d4a-456d-9b24-1d63a5102722@group-BA7C392EEBCA, cid=2674, SUCCESS, logIndex=0, commits[65797d0d-2d4a-456d-9b24-1d63a5102722:c3982, aca3f3a4-0773-4ff1-9bb5-1a871868fd09:c3978, abe1c95d-8ae2-42e9-9d83-236e3c187d51:c3977]
2019-07-09 04:31:37,625 INFO  client.GrpcClientProtocolClient (GrpcClientProtocolClient.java:onNext(255)) - client-859D8C9D7B89->65797d0d-2d4a-456d-9b24-1d63a5102722: receive RaftClientReply:client-859D8C9D7B89->65797d0d-2d4a-456d-9b24-1d63a5102722@group-BA7C392EEBCA, cid=2675, SUCCESS, logIndex=3984, commits[65797d0d-2d4a-456d-9b24-1d63a5102722:c3985, aca3f3a4-0773-4ff1-9bb5-1a871868fd09:c3983, abe1c95d-8ae2-42e9-9d83-236e3c187d51:c3983]
2019-07-09 04:31:37,625 INFO  client.GrpcClientProtocolClient (GrpcClientProtocolClient.java:onNext(255)) - client-859D8C9D7B89->65797d0d-2d4a-456d-9b24-1d63a5102722: receive RaftClientReply:client-859D8C9D7B89->65797d0d-2d4a-456d-9b24-1d63a5102722@group-BA7C392EEBCA, cid=2676, SUCCESS, logIndex=3985, commits[65797d0d-2d4a-456d-9b24-1d63a5102722:c3985, aca3f3a4-0773-4ff1-9bb5-1a871868fd09:c3983, abe1c95d-8ae2-42e9-9d83-236e3c187d51:c3983]
2019-07-09 04:31:37,652 INFO  client.GrpcClientProtocolClient (GrpcClientProtocolClient.java:onNext(255)) - client-859D8C9D7B89->65797d0d-2d4a-456d-9b24-1d63a5102722: receive RaftClientReply:client-859D8C9D7B89->65797d0d-2d4a-456d-9b24-1d63a5102722@group-BA7C392EEBCA, cid=2677, SUCCESS, logIndex=3988, commits[65797d0d-2d4a-456d-9b24-1d63a5102722:c3989, aca3f3a4-0773-4ff1-9bb5-1a871868fd09:c3985, abe1c95d-8ae2-42e9-9d83-236e3c187d51:c3985]
2019-07-09 04:31:37,653 INFO  client.GrpcClientProtocolClient (GrpcClientProtocolClient.java:onNext(255)) - client-859D8C9D7B89->65797d0d-2d4a-456d-9b24-1d63a5102722: receive RaftClientReply:client-859D8C9D7B89->65797d0d-2d4a-456d-9b24-1d63a5102722@group-BA7C392EEBCA, cid=2678, SUCCESS, logIndex=3989, commits[65797d0d-2d4a-456d-9b24-1d63a5102722:c3989, aca3f3a4-0773-4ff1-9bb5-1a871868fd09:c3985, abe1c95d-8ae2-42e9-9d83-236e3c187d51:c3985]
2019-07-09 04:31:37,655 INFO  client.GrpcClientProtocolClient (GrpcClientProtocolClient.java:onNext(255)) - client-859D8C9D7B89->65797d0d-2d4a-456d-9b24-1d63a5102722: receive RaftClientReply:client-859D8C9D7B89->65797d0d-2d4a-456d-9b24-1d63a5102722@group-BA7C392EEBCA, cid=2679, SUCCESS, logIndex=0, commits[65797d0d-2d4a-456d-9b24-1d63a5102722:c3991, aca3f3a4-0773-4ff1-9bb5-1a871868fd09:c3989, abe1c95d-8ae2-42e9-9d83-236e3c187d51:c3989]
2019-07-09 04:31:37,686 INFO  client.GrpcClientProtocolClient (GrpcClientProtocolClient.java:onNext(255)) - client-859D8C9D7B89->65797d0d-2d4a-456d-9b24-1d63a5102722: receive RaftClientReply:client-859D8C9D7B89->65797d0d-2d4a-456d-9b24-1d63a5102722@group-BA7C392EEBCA, cid=2680, SUCCESS, logIndex=3992, commits[65797d0d-2d4a-456d-9b24-1d63a5102722:c3994, aca3f3a4-0773-4ff1-9bb5-1a871868fd09:c3991, abe1c95d-8ae2-42e9-9d83-236e3c187d51:c3991]
2019-07-09 04:31:37,687 INFO  client.GrpcClientProtocolClient (GrpcClientProtocolClient.java:onNext(255)) - client-859D8C9D7B89->65797d0d-2d4a-456d-9b24-1d63a5102722: receive RaftClientReply:client-859D8C9D7B89->65797d0d-2d4a-456d-9b24-1d63a5102722@group-BA7C392EEBCA, cid=2681, SUCCESS, logIndex=3993, commits[65797d0d-2d4a-456d-9b24-1d63a5102722:c3995, aca3f3a4-0773-4ff1-9bb5-1a871868fd09:c3991, abe1c95d-8ae2-42e9-9d83-236e3c187d51:c3991]
2019-07-09 04:31:37,687 INFO  client.GrpcClientProtocolClient (GrpcClientProtocolClient.java:onNext(255)) - client-859D8C9D7B89->65797d0d-2d4a-456d-9b24-1d63a5102722: receive RaftClientReply:client-859D8C9D7B89->65797d0d-2d4a-456d-9b24-1d63a5102722@group-BA7C392EEBCA, cid=2682, SUCCESS, logIndex=3994, commits[65797d0d-2d4a-456d-9b24-1d63a5102722:c3995, aca3f3a4-0773-4ff1-9bb5-1a871868fd09:c3991, abe1c95d-8ae2-42e9-9d83-236e3c187d51:c3991]
2019-07-09 04:31:37,687 INFO  client.GrpcClientProtocolClient (GrpcClientProtocolClient.java:onNext(255)) - client-859D8C9D7B89->65797d0d-2d4a-456d-9b24-1d63a5102722: receive RaftClientReply:client-859D8C9D7B89->65797d0d-2d4a-456d-9b24-1d63a5102722@group-BA7C392EEBCA, cid=2683, SUCCESS, logIndex=3995, commits[65797d0d-2d4a-456d-9b24-1d63a5102722:c3995, aca3f3a4-0773-4ff1-9bb5-1a871868fd09:c3991, abe1c95d-8ae2-42e9-9d83-236e3c187d51:c3991]
2019-07-09 04:31:37,699 INFO  client.GrpcClientProtocolClient (GrpcClientProtocolClient.java:onNext(255)) - client-859D8C9D7B89->65797d0d-2d4a-456d-9b24-1d63a5102722: receive RaftClientReply:client-859D8C9D7B89->65797d0d-2d4a-456d-9b24-1d63a5102722@group-BA7C392EEBCA, cid=2684, SUCCESS, logIndex=0, commits[65797d0d-2d4a-456d-9b24-1d63a5102722:c3997, aca3f3a4-0773-4ff1-9bb5-1a871868fd09:c3993, abe1c95d-8ae2-42e9-9d83-236e3c187d51:c3993]
2019-07-09 04:31:37,719 INFO  client.GrpcClientProtocolClient (GrpcClientProtocolClient.java:onNext(255)) - client-859D8C9D7B89->65797d0d-2d4a-456d-9b24-1d63a5102722: receive RaftClientReply:client-859D8C9D7B89->65797d0d-2d4a-456d-9b24-1d63a5102722@group-BA7C392EEBCA, cid=2685, SUCCESS, logIndex=4000, commits[65797d0d-2d4a-456d-9b24-1d63a5102722:c4001, aca3f3a4-0773-4ff1-9bb5-1a871868fd09:c3999, abe1c95d-8ae2-42e9-9d83-236e3c187d51:c3999]
2019-07-09 04:31:37,719 INFO  client.GrpcClientProtocolClient (GrpcClientProtocolClient.java:onNext(255)) - client-859D8C9D7B89->65797d0d-2d4a-456d-9b24-1d63a5102722: receive RaftClientReply:client-859D8C9D7B89->65797d0d-2d4a-456d-9b24-1d63a5102722@group-BA7C392EEBCA, cid=2686, SUCCESS, logIndex=4001, commits[65797d0d-2d4a-456d-9b24-1d63a5102722:c4001, aca3f3a4-0773-4ff1-9bb5-1a871868fd09:c3999, abe1c95d-8ae2-42e9-9d83-236e3c187d51:c3999]
2019-07-09 04:31:37,732 INFO  client.GrpcClientProtocolClient (GrpcClientProtocolClient.java:onNext(255)) - client-859D8C9D7B89->65797d0d-2d4a-456d-9b24-1d63a5102722: receive RaftClientReply:client-859D8C9D7B89->65797d0d-2d4a-456d-9b24-1d63a5102722@group-BA7C392EEBCA, cid=2687, SUCCESS, logIndex=4004, commits[65797d0d-2d4a-456d-9b24-1d63a5102722:c4005, aca3f3a4-0773-4ff1-9bb5-1a871868fd09:c4001, abe1c95d-8ae2-42e9-9d83-236e3c187d51:c4001]
2019-07-09 04:31:37,733 INFO  client.GrpcClientProtocolClient (GrpcClientProtocolClient.java:onNext(255)) - client-859D8C9D7B89->65797d0d-2d4a-456d-9b24-1d63a5102722: receive RaftClientReply:client-859D8C9D7B89->65797d0d-2d4a-456d-9b24-1d63a5102722@group-BA7C392EEBCA, cid=2688, SUCCESS, logIndex=4005, commits[65797d0d-2d4a-456d-9b24-1d63a5102722:c4005, aca3f3a4-0773-4ff1-9bb5-1a871868fd09:c4001, abe1c95d-8ae2-42e9-9d83-236e3c187d51:c4001]
2019-07-09 04:31:37,745 INFO  client.GrpcClientProtocolClient (GrpcClientProtocolClient.java:onNext(255)) - client-859D8C9D7B89->65797d0d-2d4a-456d-9b24-1d63a5102722: receive RaftClientReply:client-859D8C9D7B89->65797d0d-2d4a-456d-9b24-1d63a5102722@group-BA7C392EEBCA, cid=2689, SUCCESS, logIndex=0, commits[65797d0d-2d4a-456d-9b24-1d63a5102722:c4006, aca3f3a4-0773-4ff1-9bb5-1a871868fd09:c4005, abe1c95d-8ae2-42e9-9d83-236e3c187d51:c4005]
2019-07-09 04:31:37,773 INFO  client.GrpcClientProtocolClient (GrpcClientProtocolClient.java:onNext(255)) - client-859D8C9D7B89->65797d0d-2d4a-456d-9b24-1d63a5102722: receive RaftClientReply:client-859D8C9D7B89->65797d0d-2d4a-456d-9b24-1d63a5102722@group-BA7C392EEBCA, cid=2690, SUCCESS, logIndex=4008, commits[65797d0d-2d4a-456d-9b24-1d63a5102722:c4010, aca3f3a4-0773-4ff1-9bb5-1a871868fd09:c4007, abe1c95d-8ae2-42e9-9d83-236e3c187d51:c4007]
2019-07-09 04:31:37,774 INFO  client.GrpcClientProtocolClient (GrpcClientProtocolClient.java:onNext(255)) - client-859D8C9D7B89->65797d0d-2d4a-456d-9b24-1d63a5102722: receive RaftClientReply:client-859D8C9D7B89->65797d0d-2d4a-456d-9b24-1d63a5102722@group-BA7C392EEBCA, cid=2691, SUCCESS, logIndex=4009, commits[65797d0d-2d4a-456d-9b24-1d63a5102722:c4011, aca3f3a4-0773-4ff1-9bb5-1a871868fd09:c4007, abe1c95d-8ae2-42e9-9d83-236e3c187d51:c4007]
2019-07-09 04:31:37,774 INFO  client.GrpcClientProtocolClient (GrpcClientProtocolClient.java:onNext(255)) - client-859D8C9D7B89->65797d0d-2d4a-456d-9b24-1d63a5102722: receive RaftClientReply:client-859D8C9D7B89->65797d0d-2d4a-456d-9b24-1d63a5102722@group-BA7C392EEBCA, cid=2692, SUCCESS, logIndex=4010, commits[65797d0d-2d4a-456d-9b24-1d63a5102722:c4011, aca3f3a4-0773-4ff1-9bb5-1a871868fd09:c4007, abe1c95d-8ae2-42e9-9d83-236e3c187d51:c4007]
2019-07-09 04:31:37,774 INFO  client.GrpcClientProtocolClient (GrpcClientProtocolClient.java:onNext(255)) - client-859D8C9D7B89->65797d0d-2d4a-456d-9b24-1d63a5102722: receive RaftClientReply:client-859D8C9D7B89->65797d0d-2d4a-456d-9b24-1d63a5102722@group-BA7C392EEBCA, cid=2693, SUCCESS, logIndex=4011, commits[65797d0d-2d4a-456d-9b24-1d63a5102722:c4011, aca3f3a4-0773-4ff1-9bb5-1a871868fd09:c4007, abe1c95d-8ae2-42e9-9d83-236e3c187d51:c4007]
2019-07-09 04:31:37,775 INFO  client.GrpcClientProtocolClient (GrpcClientProtocolClient.java:onNext(255)) - client-859D8C9D7B89->65797d0d-2d4a-456d-9b24-1d63a5102722: receive RaftClientReply:client-859D8C9D7B89->65797d0d-2d4a-456d-9b24-1d63a5102722@group-BA7C392EEBCA, cid=2694, SUCCESS, logIndex=0, commits[65797d0d-2d4a-456d-9b24-1d63a5102722:c4012, aca3f3a4-0773-4ff1-9bb5-1a871868fd09:c4009, abe1c95d-8ae2-42e9-9d83-236e3c187d51:c4009]
2019-07-09 04:31:37,798 INFO  client.GrpcClientProtocolClient (GrpcClientProtocolClient.java:onNext(255)) - client-859D8C9D7B89->65797d0d-2d4a-456d-9b24-1d63a5102722: receive RaftClientReply:client-859D8C9D7B89->65797d0d-2d4a-456d-9b24-1d63a5102722@group-BA7C392EEBCA, cid=2695, SUCCESS, logIndex=4016, commits[65797d0d-2d4a-456d-9b24-1d63a5102722:c4017, aca3f3a4-0773-4ff1-9bb5-1a871868fd09:c4015, abe1c95d-8ae2-42e9-9d83-236e3c187d51:c4015]
2019-07-09 04:31:37,798 INFO  client.GrpcClientProtocolClient (GrpcClientProtocolClient.java:onNext(255)) - client-859D8C9D7B89->65797d0d-2d4a-456d-9b24-1d63a5102722: receive RaftClientReply:client-859D8C9D7B89->65797d0d-2d4a-456d-9b24-1d63a5102722@group-BA7C392EEBCA, cid=2696, SUCCESS, logIndex=4017, commits[65797d0d-2d4a-456d-9b24-1d63a5102722:c4017, aca3f3a4-0773-4ff1-9bb5-1a871868fd09:c4015, abe1c95d-8ae2-42e9-9d83-236e3c187d51:c4015]
2019-07-09 04:31:37,810 INFO  client.GrpcClientProtocolClient (GrpcClientProtocolClient.java:onNext(255)) - client-859D8C9D7B89->65797d0d-2d4a-456d-9b24-1d63a5102722: receive RaftClientReply:client-859D8C9D7B89->65797d0d-2d4a-456d-9b24-1d63a5102722@group-BA7C392EEBCA, cid=2697, SUCCESS, logIndex=4020, commits[65797d0d-2d4a-456d-9b24-1d63a5102722:c4020, aca3f3a4-0773-4ff1-9bb5-1a871868fd09:c4017, abe1c95d-8ae2-42e9-9d83-236e3c187d51:c4017]
2019-07-09 04:31:37,811 INFO  client.GrpcClientProtocolClient (GrpcClientProtocolClient.java:onNext(255)) - client-859D8C9D7B89->65797d0d-2d4a-456d-9b24-1d63a5102722: receive RaftClientReply:client-859D8C9D7B89->65797d0d-2d4a-456d-9b24-1d63a5102722@group-BA7C392EEBCA, cid=2698, SUCCESS, logIndex=4021, commits[65797d0d-2d4a-456d-9b24-1d63a5102722:c4021, aca3f3a4-0773-4ff1-9bb5-1a871868fd09:c4017, abe1c95d-8ae2-42e9-9d83-236e3c187d51:c4017]
2019-07-09 04:31:37,823 INFO  client.GrpcClientProtocolClient (GrpcClientProtocolClient.java:onNext(255)) - client-859D8C9D7B89->65797d0d-2d4a-456d-9b24-1d63a5102722: receive RaftClientReply:client-859D8C9D7B89->65797d0d-2d4a-456d-9b24-1d63a5102722@group-BA7C392EEBCA, cid=2699, SUCCESS, logIndex=0, commits[65797d0d-2d4a-456d-9b24-1d63a5102722:c4022, aca3f3a4-0773-4ff1-9bb5-1a871868fd09:c4021, abe1c95d-8ae2-42e9-9d83-236e3c187d51:c4021]
2019-07-09 04:31:37,850 INFO  client.GrpcClientProtocolClient (GrpcClientProtocolClient.java:onNext(255)) - client-859D8C9D7B89->65797d0d-2d4a-456d-9b24-1d63a5102722: receive RaftClientReply:client-859D8C9D7B89->65797d0d-2d4a-456d-9b24-1d63a5102722@group-BA7C392EEBCA, cid=2700, SUCCESS, logIndex=4024, commits[65797d0d-2d4a-456d-9b24-1d63a5102722:c4025, aca3f3a4-0773-4ff1-9bb5-1a871868fd09:c4023, abe1c95d-8ae2-42e9-9d83-236e3c187d51:c4023]
2019-07-09 04:31:37,850 INFO  client.GrpcClientProtocolClient (GrpcClientProtocolClient.java:onNext(255)) - client-859D8C9D7B89->65797d0d-2d4a-456d-9b24-1d63a5102722: receive RaftClientReply:client-859D8C9D7B89->65797d0d-2d4a-456d-9b24-1d63a5102722@group-BA7C392EEBCA, cid=2701, SUCCESS, logIndex=4025, commits[65797d0d-2d4a-456d-9b24-1d63a5102722:c4027, aca3f3a4-0773-4ff1-9bb5-1a871868fd09:c4023, abe1c95d-8ae2-42e9-9d83-236e3c187d51:c4023]
2019-07-09 04:31:37,850 INFO  client.GrpcClientProtocolClient (GrpcClientProtocolClient.java:onNext(255)) - client-859D8C9D7B89->65797d0d-2d4a-456d-9b24-1d63a5102722: receive RaftClientReply:client-859D8C9D7B89->65797d0d-2d4a-456d-9b24-1d63a5102722@group-BA7C392EEBCA, cid=2702, SUCCESS, logIndex=4026, commits[65797d0d-2d4a-456d-9b24-1d63a5102722:c4027, aca3f3a4-0773-4ff1-9bb5-1a871868fd09:c4023, abe1c95d-8ae2-42e9-9d83-236e3c187d51:c4023]
2019-07-09 04:31:37,851 INFO  client.GrpcClientProtocolClient (GrpcClientProtocolClient.java:onNext(255)) - client-859D8C9D7B89->65797d0d-2d4a-456d-9b24-1d63a5102722: receive RaftClientReply:client-859D8C9D7B89->65797d0d-2d4a-456d-9b24-1d63a5102722@group-BA7C392EEBCA, cid=2703, SUCCESS, logIndex=4027, commits[65797d0d-2d4a-456d-9b24-1d63a5102722:c4028, aca3f3a4-0773-4ff1-9bb5-1a871868fd09:c4024, abe1c95d-8ae2-42e9-9d83-236e3c187d51:c4023]
2019-07-09 04:31:37,852 INFO  client.GrpcClientProtocolClient (GrpcClientProtocolClient.java:onNext(255)) - client-859D8C9D7B89->65797d0d-2d4a-456d-9b24-1d63a5102722: receive RaftClientReply:client-859D8C9D7B89->65797d0d-2d4a-456d-9b24-1d63a5102722@group-BA7C392EEBCA, cid=2704, SUCCESS, logIndex=0, commits[65797d0d-2d4a-456d-9b24-1d63a5102722:c4029, aca3f3a4-0773-4ff1-9bb5-1a871868fd09:c4025, abe1c95d-8ae2-42e9-9d83-236e3c187d51:c4025]
2019-07-09 04:31:37,875 INFO  client.GrpcClientProtocolClient (GrpcClientProtocolClient.java:onNext(255)) - client-859D8C9D7B89->65797d0d-2d4a-456d-9b24-1d63a5102722: receive RaftClientReply:client-859D8C9D7B89->65797d0d-2d4a-456d-9b24-1d63a5102722@group-BA7C392EEBCA, cid=2705, SUCCESS, logIndex=4031, commits[65797d0d-2d4a-456d-9b24-1d63a5102722:c4032, aca3f3a4-0773-4ff1-9bb5-1a871868fd09:c4030, abe1c95d-8ae2-42e9-9d83-236e3c187d51:c4030]
2019-07-09 04:31:37,875 INFO  client.GrpcClientProtocolClient (GrpcClientProtocolClient.java:onNext(255)) - client-859D8C9D7B89->65797d0d-2d4a-456d-9b24-1d63a5102722: receive RaftClientReply:client-859D8C9D7B89->65797d0d-2d4a-456d-9b24-1d63a5102722@group-BA7C392EEBCA, cid=2706, SUCCESS, logIndex=4032, commits[65797d0d-2d4a-456d-9b24-1d63a5102722:c4032, aca3f3a4-0773-4ff1-9bb5-1a871868fd09:c4030, abe1c95d-8ae2-42e9-9d83-236e3c187d51:c4030]
2019-07-09 04:31:37,888 INFO  client.GrpcClientProtocolClient (GrpcClientProtocolClient.java:onNext(255)) - client-859D8C9D7B89->65797d0d-2d4a-456d-9b24-1d63a5102722: receive RaftClientReply:client-859D8C9D7B89->65797d0d-2d4a-456d-9b24-1d63a5102722@group-BA7C392EEBCA, cid=2707, SUCCESS, logIndex=4035, commits[65797d0d-2d4a-456d-9b24-1d63a5102722:c4036, aca3f3a4-0773-4ff1-9bb5-1a871868fd09:c4032, abe1c95d-8ae2-42e9-9d83-236e3c187d51:c4032]
2019-07-09 04:31:37,889 INFO  client.GrpcClientProtocolClient (GrpcClientProtocolClient.java:onNext(255)) - client-859D8C9D7B89->65797d0d-2d4a-456d-9b24-1d63a5102722: receive RaftClientReply:client-859D8C9D7B89->65797d0d-2d4a-456d-9b24-1d63a5102722@group-BA7C392EEBCA, cid=2708, SUCCESS, logIndex=4036, commits[65797d0d-2d4a-456d-9b24-1d63a5102722:c4036, aca3f3a4-0773-4ff1-9bb5-1a871868fd09:c4032, abe1c95d-8ae2-42e9-9d83-236e3c187d51:c4032]
2019-07-09 04:31:37,890 INFO  client.GrpcClientProtocolClient (GrpcClientProtocolClient.java:onNext(255)) - client-859D8C9D7B89->65797d0d-2d4a-456d-9b24-1d63a5102722: receive RaftClientReply:client-859D8C9D7B89->65797d0d-2d4a-456d-9b24-1d63a5102722@group-BA7C392EEBCA, cid=2709, SUCCESS, logIndex=0, commits[65797d0d-2d4a-456d-9b24-1d63a5102722:c4037, aca3f3a4-0773-4ff1-9bb5-1a871868fd09:c4036, abe1c95d-8ae2-42e9-9d83-236e3c187d51:c4036]
2019-07-09 04:31:37,918 INFO  client.GrpcClientProtocolClient (GrpcClientProtocolClient.java:onNext(255)) - client-859D8C9D7B89->65797d0d-2d4a-456d-9b24-1d63a5102722: receive RaftClientReply:client-859D8C9D7B89->65797d0d-2d4a-456d-9b24-1d63a5102722@group-BA7C392EEBCA, cid=2710, SUCCESS, logIndex=4039, commits[65797d0d-2d4a-456d-9b24-1d63a5102722:c4042, aca3f3a4-0773-4ff1-9bb5-1a871868fd09:c4038, abe1c95d-8ae2-42e9-9d83-236e3c187d51:c4036]
2019-07-09 04:31:37,919 INFO  client.GrpcClientProtocolClient (GrpcClientProtocolClient.java:onNext(255)) - client-859D8C9D7B89->65797d0d-2d4a-456d-9b24-1d63a5102722: receive RaftClientReply:client-859D8C9D7B89->65797d0d-2d4a-456d-9b24-1d63a5102722@group-BA7C392EEBCA, cid=2711, SUCCESS, logIndex=4040, commits[65797d0d-2d4a-456d-9b24-1d63a5102722:c4042, aca3f3a4-0773-4ff1-9bb5-1a871868fd09:c4038, abe1c95d-8ae2-42e9-9d83-236e3c187d51:c4038]
2019-07-09 04:31:37,919 INFO  client.GrpcClientProtocolClient (GrpcClientProtocolClient.java:onNext(255)) - client-859D8C9D7B89->65797d0d-2d4a-456d-9b24-1d63a5102722: receive RaftClientReply:client-859D8C9D7B89->65797d0d-2d4a-456d-9b24-1d63a5102722@group-BA7C392EEBCA, cid=2712, SUCCESS, logIndex=4041, commits[65797d0d-2d4a-456d-9b24-1d63a5102722:c4042, aca3f3a4-0773-4ff1-9bb5-1a871868fd09:c4038, abe1c95d-8ae2-42e9-9d83-236e3c187d51:c4038]
2019-07-09 04:31:37,919 INFO  client.GrpcClientProtocolClient (GrpcClientProtocolClient.java:onNext(255)) - client-859D8C9D7B89->65797d0d-2d4a-456d-9b24-1d63a5102722: receive RaftClientReply:client-859D8C9D7B89->65797d0d-2d4a-456d-9b24-1d63a5102722@group-BA7C392EEBCA, cid=2713, SUCCESS, logIndex=4042, commits[65797d0d-2d4a-456d-9b24-1d63a5102722:c4042, aca3f3a4-0773-4ff1-9bb5-1a871868fd09:c4038, abe1c95d-8ae2-42e9-9d83-236e3c187d51:c4038]
2019-07-09 04:31:37,920 INFO  client.GrpcClientProtocolClient (GrpcClientProtocolClient.java:onNext(255)) - client-859D8C9D7B89->65797d0d-2d4a-456d-9b24-1d63a5102722: receive RaftClientReply:client-859D8C9D7B89->65797d0d-2d4a-456d-9b24-1d63a5102722@group-BA7C392EEBCA, cid=2714, SUCCESS, logIndex=0, commits[65797d0d-2d4a-456d-9b24-1d63a5102722:c4044, aca3f3a4-0773-4ff1-9bb5-1a871868fd09:c4040, abe1c95d-8ae2-42e9-9d83-236e3c187d51:c4040]
2019-07-09 04:31:37,941 INFO  client.GrpcClientProtocolClient (GrpcClientProtocolClient.java:onNext(255)) - client-859D8C9D7B89->65797d0d-2d4a-456d-9b24-1d63a5102722: receive RaftClientReply:client-859D8C9D7B89->65797d0d-2d4a-456d-9b24-1d63a5102722@group-BA7C392EEBCA, cid=2715, SUCCESS, logIndex=4047, commits[65797d0d-2d4a-456d-9b24-1d63a5102722:c4048, aca3f3a4-0773-4ff1-9bb5-1a871868fd09:c4046, abe1c95d-8ae2-42e9-9d83-236e3c187d51:c4046]
2019-07-09 04:31:37,941 INFO  client.GrpcClientProtocolClient (GrpcClientProtocolClient.java:onNext(255)) - client-859D8C9D7B89->65797d0d-2d4a-456d-9b24-1d63a5102722: receive RaftClientReply:client-859D8C9D7B89->65797d0d-2d4a-456d-9b24-1d63a5102722@group-BA7C392EEBCA, cid=2716, SUCCESS, logIndex=4048, commits[65797d0d-2d4a-456d-9b24-1d63a5102722:c4048, aca3f3a4-0773-4ff1-9bb5-1a871868fd09:c4046, abe1c95d-8ae2-42e9-9d83-236e3c187d51:c4046]
2019-07-09 04:31:37,954 INFO  client.GrpcClientProtocolClient (GrpcClientProtocolClient.java:onNext(255)) - client-859D8C9D7B89->65797d0d-2d4a-456d-9b24-1d63a5102722: receive RaftClientReply:client-859D8C9D7B89->65797d0d-2d4a-456d-9b24-1d63a5102722@group-BA7C392EEBCA, cid=2717, SUCCESS, logIndex=4051, commits[65797d0d-2d4a-456d-9b24-1d63a5102722:c4052, aca3f3a4-0773-4ff1-9bb5-1a871868fd09:c4048, abe1c95d-8ae2-42e9-9d83-236e3c187d51:c4048]
2019-07-09 04:31:37,954 INFO  client.GrpcClientProtocolClient (GrpcClientProtocolClient.java:onNext(255)) - client-859D8C9D7B89->65797d0d-2d4a-456d-9b24-1d63a5102722: receive RaftClientReply:client-859D8C9D7B89->65797d0d-2d4a-456d-9b24-1d63a5102722@group-BA7C392EEBCA, cid=2718, SUCCESS, logIndex=4052, commits[65797d0d-2d4a-456d-9b24-1d63a5102722:c4052, aca3f3a4-0773-4ff1-9bb5-1a871868fd09:c4048, abe1c95d-8ae2-42e9-9d83-236e3c187d51:c4048]
2019-07-09 04:31:37,967 INFO  client.GrpcClientProtocolClient (GrpcClientProtocolClient.java:onNext(255)) - client-859D8C9D7B89->65797d0d-2d4a-456d-9b24-1d63a5102722: receive RaftClientReply:client-859D8C9D7B89->65797d0d-2d4a-456d-9b24-1d63a5102722@group-BA7C392EEBCA, cid=2719, SUCCESS, logIndex=0, commits[65797d0d-2d4a-456d-9b24-1d63a5102722:c4054, aca3f3a4-0773-4ff1-9bb5-1a871868fd09:c4052, abe1c95d-8ae2-42e9-9d83-236e3c187d51:c4052]
2019-07-09 04:31:37,995 INFO  client.GrpcClientProtocolClient (GrpcClientProtocolClient.java:onNext(255)) - client-859D8C9D7B89->65797d0d-2d4a-456d-9b24-1d63a5102722: receive RaftClientReply:client-859D8C9D7B89->65797d0d-2d4a-456d-9b24-1d63a5102722@group-BA7C392EEBCA, cid=2720, SUCCESS, logIndex=4055, commits[65797d0d-2d4a-456d-9b24-1d63a5102722:c4057, aca3f3a4-0773-4ff1-9bb5-1a871868fd09:c4054, abe1c95d-8ae2-42e9-9d83-236e3c187d51:c4054]
2019-07-09 04:31:37,995 INFO  client.GrpcClientProtocolClient (GrpcClientProtocolClient.java:onNext(255)) - client-859D8C9D7B89->65797d0d-2d4a-456d-9b24-1d63a5102722: receive RaftClientReply:client-859D8C9D7B89->65797d0d-2d4a-456d-9b24-1d63a5102722@group-BA7C392EEBCA, cid=2721, SUCCESS, logIndex=4056, commits[65797d0d-2d4a-456d-9b24-1d63a5102722:c4058, aca3f3a4-0773-4ff1-9bb5-1a871868fd09:c4054, abe1c95d-8ae2-42e9-9d83-236e3c187d51:c4054]
2019-07-09 04:31:37,995 INFO  client.GrpcClientProtocolClient (GrpcClientProtocolClient.java:onNext(255)) - client-859D8C9D7B89->65797d0d-2d4a-456d-9b24-1d63a5102722: receive RaftClientReply:client-859D8C9D7B89->65797d0d-2d4a-456d-9b24-1d63a5102722@group-BA7C392EEBCA, cid=2722, SUCCESS, logIndex=4057, commits[65797d0d-2d4a-456d-9b24-1d63a5102722:c4058, aca3f3a4-0773-4ff1-9bb5-1a871868fd09:c4054, abe1c95d-8ae2-42e9-9d83-236e3c187d51:c4054]
2019-07-09 04:31:37,995 INFO  client.GrpcClientProtocolClient (GrpcClientProtocolClient.java:onNext(255)) - client-859D8C9D7B89->65797d0d-2d4a-456d-9b24-1d63a5102722: receive RaftClientReply:client-859D8C9D7B89->65797d0d-2d4a-456d-9b24-1d63a5102722@group-BA7C392EEBCA, cid=2723, SUCCESS, logIndex=4058, commits[65797d0d-2d4a-456d-9b24-1d63a5102722:c4058, aca3f3a4-0773-4ff1-9bb5-1a871868fd09:c4054, abe1c95d-8ae2-42e9-9d83-236e3c187d51:c4054]
2019-07-09 04:31:38,006 INFO  client.GrpcClientProtocolClient (GrpcClientProtocolClient.java:onNext(255)) - client-859D8C9D7B89->65797d0d-2d4a-456d-9b24-1d63a5102722: receive RaftClientReply:client-859D8C9D7B89->65797d0d-2d4a-456d-9b24-1d63a5102722@group-BA7C392EEBCA, cid=2724, SUCCESS, logIndex=0, commits[65797d0d-2d4a-456d-9b24-1d63a5102722:c4059, aca3f3a4-0773-4ff1-9bb5-1a871868fd09:c4056, abe1c95d-8ae2-42e9-9d83-236e3c187d51:c4056]
2019-07-09 04:31:38,026 INFO  client.GrpcClientProtocolClient (GrpcClientProtocolClient.java:onNext(255)) - client-859D8C9D7B89->65797d0d-2d4a-456d-9b24-1d63a5102722: receive RaftClientReply:client-859D8C9D7B89->65797d0d-2d4a-456d-9b24-1d63a5102722@group-BA7C392EEBCA, cid=2725, SUCCESS, logIndex=4062, commits[65797d0d-2d4a-456d-9b24-1d63a5102722:c4063, aca3f3a4-0773-4ff1-9bb5-1a871868fd09:c4061, abe1c95d-8ae2-42e9-9d83-236e3c187d51:c4061]
2019-07-09 04:31:38,026 INFO  client.GrpcClientProtocolClient (GrpcClientProtocolClient.java:onNext(255)) - client-859D8C9D7B89->65797d0d-2d4a-456d-9b24-1d63a5102722: receive RaftClientReply:client-859D8C9D7B89->65797d0d-2d4a-456d-9b24-1d63a5102722@group-BA7C392EEBCA, cid=2726, SUCCESS, logIndex=4063, commits[65797d0d-2d4a-456d-9b24-1d63a5102722:c4063, aca3f3a4-0773-4ff1-9bb5-1a871868fd09:c4061, abe1c95d-8ae2-42e9-9d83-236e3c187d51:c4061]
2019-07-09 04:31:38,039 INFO  client.GrpcClientProtocolClient (GrpcClientProtocolClient.java:onNext(255)) - client-859D8C9D7B89->65797d0d-2d4a-456d-9b24-1d63a5102722: receive RaftClientReply:client-859D8C9D7B89->65797d0d-2d4a-456d-9b24-1d63a5102722@group-BA7C392EEBCA, cid=2727, SUCCESS, logIndex=4066, commits[65797d0d-2d4a-456d-9b24-1d63a5102722:c4067, aca3f3a4-0773-4ff1-9bb5-1a871868fd09:c4063, abe1c95d-8ae2-42e9-9d83-236e3c187d51:c4063]
2019-07-09 04:31:38,039 INFO  client.GrpcClientProtocolClient (GrpcClientProtocolClient.java:onNext(255)) - client-859D8C9D7B89->65797d0d-2d4a-456d-9b24-1d63a5102722: receive RaftClientReply:client-859D8C9D7B89->65797d0d-2d4a-456d-9b24-1d63a5102722@group-BA7C392EEBCA, cid=2728, SUCCESS, logIndex=4067, commits[65797d0d-2d4a-456d-9b24-1d63a5102722:c4067, aca3f3a4-0773-4ff1-9bb5-1a871868fd09:c4063, abe1c95d-8ae2-42e9-9d83-236e3c187d51:c4063]
2019-07-09 04:31:38,052 INFO  client.GrpcClientProtocolClient (GrpcClientProtocolClient.java:onNext(255)) - client-859D8C9D7B89->65797d0d-2d4a-456d-9b24-1d63a5102722: receive RaftClientReply:client-859D8C9D7B89->65797d0d-2d4a-456d-9b24-1d63a5102722@group-BA7C392EEBCA, cid=2729, SUCCESS, logIndex=0, commits[65797d0d-2d4a-456d-9b24-1d63a5102722:c4068, aca3f3a4-0773-4ff1-9bb5-1a871868fd09:c4067, abe1c95d-8ae2-42e9-9d83-236e3c187d51:c4067]
2019-07-09 04:31:38,082 INFO  client.GrpcClientProtocolClient (GrpcClientProtocolClient.java:onNext(255)) - client-859D8C9D7B89->65797d0d-2d4a-456d-9b24-1d63a5102722: receive RaftClientReply:client-859D8C9D7B89->65797d0d-2d4a-456d-9b24-1d63a5102722@group-BA7C392EEBCA, cid=2730, SUCCESS, logIndex=4070, commits[65797d0d-2d4a-456d-9b24-1d63a5102722:c4070, aca3f3a4-0773-4ff1-9bb5-1a871868fd09:c4067, abe1c95d-8ae2-42e9-9d83-236e3c187d51:c4069]
2019-07-09 04:31:38,083 INFO  client.GrpcClientProtocolClient (GrpcClientProtocolClient.java:onNext(255)) - client-859D8C9D7B89->65797d0d-2d4a-456d-9b24-1d63a5102722: receive RaftClientReply:client-859D8C9D7B89->65797d0d-2d4a-456d-9b24-1d63a5102722@group-BA7C392EEBCA, cid=2731, SUCCESS, logIndex=4071, commits[65797d0d-2d4a-456d-9b24-1d63a5102722:c4072, aca3f3a4-0773-4ff1-9bb5-1a871868fd09:c4069, abe1c95d-8ae2-42e9-9d83-236e3c187d51:c4069]
2019-07-09 04:31:38,083 INFO  client.GrpcClientProtocolClient (GrpcClientProtocolClient.java:onNext(255)) - client-859D8C9D7B89->65797d0d-2d4a-456d-9b24-1d63a5102722: receive RaftClientReply:client-859D8C9D7B89->65797d0d-2d4a-456d-9b24-1d63a5102722@group-BA7C392EEBCA, cid=2732, SUCCESS, logIndex=4072, commits[65797d0d-2d4a-456d-9b24-1d63a5102722:c4073, aca3f3a4-0773-4ff1-9bb5-1a871868fd09:c4069, abe1c95d-8ae2-42e9-9d83-236e3c187d51:c4069]
2019-07-09 04:31:38,083 INFO  client.GrpcClientProtocolClient (GrpcClientProtocolClient.java:onNext(255)) - client-859D8C9D7B89->65797d0d-2d4a-456d-9b24-1d63a5102722: receive RaftClientReply:client-859D8C9D7B89->65797d0d-2d4a-456d-9b24-1d63a5102722@group-BA7C392EEBCA, cid=2733, SUCCESS, logIndex=4073, commits[65797d0d-2d4a-456d-9b24-1d63a5102722:c4073, aca3f3a4-0773-4ff1-9bb5-1a871868fd09:c4069, abe1c95d-8ae2-42e9-9d83-236e3c187d51:c4069]
2019-07-09 04:31:38,094 INFO  client.GrpcClientProtocolClient (GrpcClientProtocolClient.java:onNext(255)) - client-859D8C9D7B89->65797d0d-2d4a-456d-9b24-1d63a5102722: receive RaftClientReply:client-859D8C9D7B89->65797d0d-2d4a-456d-9b24-1d63a5102722@group-BA7C392EEBCA, cid=2734, SUCCESS, logIndex=0, commits[65797d0d-2d4a-456d-9b24-1d63a5102722:c4075, aca3f3a4-0773-4ff1-9bb5-1a871868fd09:c4071, abe1c95d-8ae2-42e9-9d83-236e3c187d51:c4071]
2019-07-09 04:31:38,112 INFO  client.GrpcClientProtocolClient (GrpcClientProtocolClient.java:onNext(255)) - client-859D8C9D7B89->65797d0d-2d4a-456d-9b24-1d63a5102722: receive RaftClientReply:client-859D8C9D7B89->65797d0d-2d4a-456d-9b24-1d63a5102722@group-BA7C392EEBCA, cid=2735, SUCCESS, logIndex=4078, commits[65797d0d-2d4a-456d-9b24-1d63a5102722:c4079, aca3f3a4-0773-4ff1-9bb5-1a871868fd09:c4077, abe1c95d-8ae2-42e9-9d83-236e3c187d51:c4077]
2019-07-09 04:31:38,113 INFO  client.GrpcClientProtocolClient (GrpcClientProtocolClient.java:onNext(255)) - client-859D8C9D7B89->65797d0d-2d4a-456d-9b24-1d63a5102722: receive RaftClientReply:client-859D8C9D7B89->65797d0d-2d4a-456d-9b24-1d63a5102722@group-BA7C392EEBCA, cid=2736, SUCCESS, logIndex=4079, commits[65797d0d-2d4a-456d-9b24-1d63a5102722:c4079, aca3f3a4-0773-4ff1-9bb5-1a871868fd09:c4077, abe1c95d-8ae2-42e9-9d83-236e3c187d51:c4077]
2019-07-09 04:31:38,132 INFO  client.GrpcClientProtocolClient (GrpcClientProtocolClient.java:onNext(255)) - client-859D8C9D7B89->65797d0d-2d4a-456d-9b24-1d63a5102722: receive RaftClientReply:client-859D8C9D7B89->65797d0d-2d4a-456d-9b24-1d63a5102722@group-BA7C392EEBCA, cid=2737, SUCCESS, logIndex=4082, commits[65797d0d-2d4a-456d-9b24-1d63a5102722:c4083, aca3f3a4-0773-4ff1-9bb5-1a871868fd09:c4079, abe1c95d-8ae2-42e9-9d83-236e3c187d51:c4081]
2019-07-09 04:31:38,132 INFO  client.GrpcClientProtocolClient (GrpcClientProtocolClient.java:onNext(255)) - client-859D8C9D7B89->65797d0d-2d4a-456d-9b24-1d63a5102722: receive RaftClientReply:client-859D8C9D7B89->65797d0d-2d4a-456d-9b24-1d63a5102722@group-BA7C392EEBCA, cid=2738, SUCCESS, logIndex=4083, commits[65797d0d-2d4a-456d-9b24-1d63a5102722:c4083, aca3f3a4-0773-4ff1-9bb5-1a871868fd09:c4081, abe1c95d-8ae2-42e9-9d83-236e3c187d51:c4081]
2019-07-09 04:31:38,159 INFO  client.GrpcClientProtocolClient (GrpcClientProtocolClient.java:onNext(255)) - client-859D8C9D7B89->65797d0d-2d4a-456d-9b24-1d63a5102722: receive RaftClientReply:client-859D8C9D7B89->65797d0d-2d4a-456d-9b24-1d63a5102722@group-BA7C392EEBCA, cid=2739, SUCCESS, logIndex=0, commits[65797d0d-2d4a-456d-9b24-1d63a5102722:c4084, aca3f3a4-0773-4ff1-9bb5-1a871868fd09:c4083, abe1c95d-8ae2-42e9-9d83-236e3c187d51:c4083]
2019-07-09 04:31:38,186 INFO  client.GrpcClientProtocolClient (GrpcClientProtocolClient.java:onNext(255)) - client-859D8C9D7B89->65797d0d-2d4a-456d-9b24-1d63a5102722: receive RaftClientReply:client-859D8C9D7B89->65797d0d-2d4a-456d-9b24-1d63a5102722@group-BA7C392EEBCA, cid=2740, SUCCESS, logIndex=4086, commits[65797d0d-2d4a-456d-9b24-1d63a5102722:c4087, aca3f3a4-0773-4ff1-9bb5-1a871868fd09:c4085, abe1c95d-8ae2-42e9-9d83-236e3c187d51:c4085]
2019-07-09 04:31:38,187 INFO  client.GrpcClientProtocolClient (GrpcClientProtocolClient.java:onNext(255)) - client-859D8C9D7B89->65797d0d-2d4a-456d-9b24-1d63a5102722: receive RaftClientReply:client-859D8C9D7B89->65797d0d-2d4a-456d-9b24-1d63a5102722@group-BA7C392EEBCA, cid=2741, SUCCESS, logIndex=4087, commits[65797d0d-2d4a-456d-9b24-1d63a5102722:c4089, aca3f3a4-0773-4ff1-9bb5-1a871868fd09:c4085, abe1c95d-8ae2-42e9-9d83-236e3c187d51:c4085]
2019-07-09 04:31:38,187 INFO  client.GrpcClientProtocolClient (GrpcClientProtocolClient.java:onNext(255)) - client-859D8C9D7B89->65797d0d-2d4a-456d-9b24-1d63a5102722: receive RaftClientReply:client-859D8C9D7B89->65797d0d-2d4a-456d-9b24-1d63a5102722@group-BA7C392EEBCA, cid=2742, SUCCESS, logIndex=4088, commits[65797d0d-2d4a-456d-9b24-1d63a5102722:c4089, aca3f3a4-0773-4ff1-9bb5-1a871868fd09:c4085, abe1c95d-8ae2-42e9-9d83-236e3c187d51:c4085]
2019-07-09 04:31:38,187 INFO  client.GrpcClientProtocolClient (GrpcClientProtocolClient.java:onNext(255)) - client-859D8C9D7B89->65797d0d-2d4a-456d-9b24-1d63a5102722: receive RaftClientReply:client-859D8C9D7B89->65797d0d-2d4a-456d-9b24-1d63a5102722@group-BA7C392EEBCA, cid=2743, SUCCESS, logIndex=4089, commits[65797d0d-2d4a-456d-9b24-1d63a5102722:c4089, aca3f3a4-0773-4ff1-9bb5-1a871868fd09:c4085, abe1c95d-8ae2-42e9-9d83-236e3c187d51:c4085]
2019-07-09 04:31:38,188 INFO  client.GrpcClientProtocolClient (GrpcClientProtocolClient.java:onNext(255)) - client-859D8C9D7B89->65797d0d-2d4a-456d-9b24-1d63a5102722: receive RaftClientReply:client-859D8C9D7B89->65797d0d-2d4a-456d-9b24-1d63a5102722@group-BA7C392EEBCA, cid=2744, SUCCESS, logIndex=0, commits[65797d0d-2d4a-456d-9b24-1d63a5102722:c4091, aca3f3a4-0773-4ff1-9bb5-1a871868fd09:c4087, abe1c95d-8ae2-42e9-9d83-236e3c187d51:c4087]
2019-07-09 04:31:38,208 INFO  client.GrpcClientProtocolClient (GrpcClientProtocolClient.java:onNext(255)) - client-859D8C9D7B89->65797d0d-2d4a-456d-9b24-1d63a5102722: receive RaftClientReply:client-859D8C9D7B89->65797d0d-2d4a-456d-9b24-1d63a5102722@group-BA7C392EEBCA, cid=2745, SUCCESS, logIndex=4094, commits[65797d0d-2d4a-456d-9b24-1d63a5102722:c4095, aca3f3a4-0773-4ff1-9bb5-1a871868fd09:c4093, abe1c95d-8ae2-42e9-9d83-236e3c187d51:c4093]
2019-07-09 04:31:38,209 INFO  client.GrpcClientProtocolClient (GrpcClientProtocolClient.java:onNext(255)) - client-859D8C9D7B89->65797d0d-2d4a-456d-9b24-1d63a5102722: receive RaftClientReply:client-859D8C9D7B89->65797d0d-2d4a-456d-9b24-1d63a5102722@group-BA7C392EEBCA, cid=2746, SUCCESS, logIndex=4095, commits[65797d0d-2d4a-456d-9b24-1d63a5102722:c4095, aca3f3a4-0773-4ff1-9bb5-1a871868fd09:c4093, abe1c95d-8ae2-42e9-9d83-236e3c187d51:c4093]
2019-07-09 04:31:38,222 INFO  client.GrpcClientProtocolClient (GrpcClientProtocolClient.java:onNext(255)) - client-859D8C9D7B89->65797d0d-2d4a-456d-9b24-1d63a5102722: receive RaftClientReply:client-859D8C9D7B89->65797d0d-2d4a-456d-9b24-1d63a5102722@group-BA7C392EEBCA, cid=2747, SUCCESS, logIndex=4098, commits[65797d0d-2d4a-456d-9b24-1d63a5102722:c4099, aca3f3a4-0773-4ff1-9bb5-1a871868fd09:c4095, abe1c95d-8ae2-42e9-9d83-236e3c187d51:c4095]
2019-07-09 04:31:38,222 INFO  client.GrpcClientProtocolClient (GrpcClientProtocolClient.java:onNext(255)) - client-859D8C9D7B89->65797d0d-2d4a-456d-9b24-1d63a5102722: receive RaftClientReply:client-859D8C9D7B89->65797d0d-2d4a-456d-9b24-1d63a5102722@group-BA7C392EEBCA, cid=2748, SUCCESS, logIndex=4099, commits[65797d0d-2d4a-456d-9b24-1d63a5102722:c4099, aca3f3a4-0773-4ff1-9bb5-1a871868fd09:c4095, abe1c95d-8ae2-42e9-9d83-236e3c187d51:c4095]
2019-07-09 04:31:38,234 INFO  client.GrpcClientProtocolClient (GrpcClientProtocolClient.java:onNext(255)) - client-859D8C9D7B89->65797d0d-2d4a-456d-9b24-1d63a5102722: receive RaftClientReply:client-859D8C9D7B89->65797d0d-2d4a-456d-9b24-1d63a5102722@group-BA7C392EEBCA, cid=2749, SUCCESS, logIndex=0, commits[65797d0d-2d4a-456d-9b24-1d63a5102722:c4101, aca3f3a4-0773-4ff1-9bb5-1a871868fd09:c4099, abe1c95d-8ae2-42e9-9d83-236e3c187d51:c4099]
2019-07-09 04:31:38,266 INFO  client.GrpcClientProtocolClient (GrpcClientProtocolClient.java:onNext(255)) - client-859D8C9D7B89->65797d0d-2d4a-456d-9b24-1d63a5102722: receive RaftClientReply:client-859D8C9D7B89->65797d0d-2d4a-456d-9b24-1d63a5102722@group-BA7C392EEBCA, cid=2750, SUCCESS, logIndex=4102, commits[65797d0d-2d4a-456d-9b24-1d63a5102722:c4103, aca3f3a4-0773-4ff1-9bb5-1a871868fd09:c4101, abe1c95d-8ae2-42e9-9d83-236e3c187d51:c4101]
2019-07-09 04:31:38,267 INFO  client.GrpcClientProtocolClient (GrpcClientProtocolClient.java:onNext(255)) - client-859D8C9D7B89->65797d0d-2d4a-456d-9b24-1d63a5102722: receive RaftClientReply:client-859D8C9D7B89->65797d0d-2d4a-456d-9b24-1d63a5102722@group-BA7C392EEBCA, cid=2751, SUCCESS, logIndex=4103, commits[65797d0d-2d4a-456d-9b24-1d63a5102722:c4103, aca3f3a4-0773-4ff1-9bb5-1a871868fd09:c4101, abe1c95d-8ae2-42e9-9d83-236e3c187d51:c4101]
2019-07-09 04:31:38,377 INFO  client.GrpcClientProtocolClient (GrpcClientProtocolClient.java:onNext(255)) - client-859D8C9D7B89->65797d0d-2d4a-456d-9b24-1d63a5102722: receive RaftClientReply:client-859D8C9D7B89->65797d0d-2d4a-456d-9b24-1d63a5102722@group-BA7C392EEBCA, cid=2752, SUCCESS, logIndex=4104, commits[65797d0d-2d4a-456d-9b24-1d63a5102722:c4105, aca3f3a4-0773-4ff1-9bb5-1a871868fd09:c4101, abe1c95d-8ae2-42e9-9d83-236e3c187d51:c4101]
2019-07-09 04:31:38,377 INFO  client.GrpcClientProtocolClient (GrpcClientProtocolClient.java:onNext(255)) - client-859D8C9D7B89->65797d0d-2d4a-456d-9b24-1d63a5102722: receive RaftClientReply:client-859D8C9D7B89->65797d0d-2d4a-456d-9b24-1d63a5102722@group-BA7C392EEBCA, cid=2753, SUCCESS, logIndex=4105, commits[65797d0d-2d4a-456d-9b24-1d63a5102722:c4105, aca3f3a4-0773-4ff1-9bb5-1a871868fd09:c4101, abe1c95d-8ae2-42e9-9d83-236e3c187d51:c4101]
2019-07-09 04:31:38,379 INFO  client.GrpcClientProtocolClient (GrpcClientProtocolClient.java:onNext(255)) - client-859D8C9D7B89->65797d0d-2d4a-456d-9b24-1d63a5102722: receive RaftClientReply:client-859D8C9D7B89->65797d0d-2d4a-456d-9b24-1d63a5102722@group-BA7C392EEBCA, cid=2754, SUCCESS, logIndex=0, commits[65797d0d-2d4a-456d-9b24-1d63a5102722:c4108, aca3f3a4-0773-4ff1-9bb5-1a871868fd09:c4105, abe1c95d-8ae2-42e9-9d83-236e3c187d51:c4105]
 0.00% |█                                                                                                    |  0/1 Time: 0:00:232019-07-09 04:31:38,401 INFO  client.GrpcClientProtocolClient (GrpcClientProtocolClient.java:onNext(255)) - client-859D8C9D7B89->65797d0d-2d4a-456d-9b24-1d63a5102722: receive RaftClientReply:client-859D8C9D7B89->65797d0d-2d4a-456d-9b24-1d63a5102722@group-BA7C392EEBCA, cid=2755, SUCCESS, logIndex=4109, commits[65797d0d-2d4a-456d-9b24-1d63a5102722:c4110, aca3f3a4-0773-4ff1-9bb5-1a871868fd09:c4108, abe1c95d-8ae2-42e9-9d83-236e3c187d51:c4108]
2019-07-09 04:31:38,402 INFO  client.GrpcClientProtocolClient (GrpcClientProtocolClient.java:onNext(255)) - client-859D8C9D7B89->65797d0d-2d4a-456d-9b24-1d63a5102722: receive RaftClientReply:client-859D8C9D7B89->65797d0d-2d4a-456d-9b24-1d63a5102722@group-BA7C392EEBCA, cid=2756, SUCCESS, logIndex=4110, commits[65797d0d-2d4a-456d-9b24-1d63a5102722:c4110, aca3f3a4-0773-4ff1-9bb5-1a871868fd09:c4108, abe1c95d-8ae2-42e9-9d83-236e3c187d51:c4108]
2019-07-09 04:31:38,441 INFO  client.GrpcClientProtocolClient (GrpcClientProtocolClient.java:onNext(255)) - client-859D8C9D7B89->65797d0d-2d4a-456d-9b24-1d63a5102722: receive RaftClientReply:client-859D8C9D7B89->65797d0d-2d4a-456d-9b24-1d63a5102722@group-BA7C392EEBCA, cid=2757, SUCCESS, logIndex=4113, commits[65797d0d-2d4a-456d-9b24-1d63a5102722:c4114, aca3f3a4-0773-4ff1-9bb5-1a871868fd09:c4110, abe1c95d-8ae2-42e9-9d83-236e3c187d51:c4110]
2019-07-09 04:31:38,442 INFO  client.GrpcClientProtocolClient (GrpcClientProtocolClient.java:onNext(255)) - client-859D8C9D7B89->65797d0d-2d4a-456d-9b24-1d63a5102722: receive RaftClientReply:client-859D8C9D7B89->65797d0d-2d4a-456d-9b24-1d63a5102722@group-BA7C392EEBCA, cid=2758, SUCCESS, logIndex=4114, commits[65797d0d-2d4a-456d-9b24-1d63a5102722:c4114, aca3f3a4-0773-4ff1-9bb5-1a871868fd09:c4110, abe1c95d-8ae2-42e9-9d83-236e3c187d51:c4110]
2019-07-09 04:31:38,455 INFO  client.GrpcClientProtocolClient (GrpcClientProtocolClient.java:onNext(255)) - client-859D8C9D7B89->65797d0d-2d4a-456d-9b24-1d63a5102722: receive RaftClientReply:client-859D8C9D7B89->65797d0d-2d4a-456d-9b24-1d63a5102722@group-BA7C392EEBCA, cid=2759, SUCCESS, logIndex=0, commits[65797d0d-2d4a-456d-9b24-1d63a5102722:c4115, aca3f3a4-0773-4ff1-9bb5-1a871868fd09:c4114, abe1c95d-8ae2-42e9-9d83-236e3c187d51:c4114]
2019-07-09 04:31:38,490 INFO  client.GrpcClientProtocolClient (GrpcClientProtocolClient.java:onNext(255)) - client-859D8C9D7B89->65797d0d-2d4a-456d-9b24-1d63a5102722: receive RaftClientReply:client-859D8C9D7B89->65797d0d-2d4a-456d-9b24-1d63a5102722@group-BA7C392EEBCA, cid=2760, SUCCESS, logIndex=4117, commits[65797d0d-2d4a-456d-9b24-1d63a5102722:c4118, aca3f3a4-0773-4ff1-9bb5-1a871868fd09:c4116, abe1c95d-8ae2-42e9-9d83-236e3c187d51:c4116]
2019-07-09 04:31:38,491 INFO  client.GrpcClientProtocolClient (GrpcClientProtocolClient.java:onNext(255)) - client-859D8C9D7B89->65797d0d-2d4a-456d-9b24-1d63a5102722: receive RaftClientReply:client-859D8C9D7B89->65797d0d-2d4a-456d-9b24-1d63a5102722@group-BA7C392EEBCA, cid=2761, SUCCESS, logIndex=4118, commits[65797d0d-2d4a-456d-9b24-1d63a5102722:c4120, aca3f3a4-0773-4ff1-9bb5-1a871868fd09:c4116, abe1c95d-8ae2-42e9-9d83-236e3c187d51:c4116]
2019-07-09 04:31:38,491 INFO  client.GrpcClientProtocolClient (GrpcClientProtocolClient.java:onNext(255)) - client-859D8C9D7B89->65797d0d-2d4a-456d-9b24-1d63a5102722: receive RaftClientReply:client-859D8C9D7B89->65797d0d-2d4a-456d-9b24-1d63a5102722@group-BA7C392EEBCA, cid=2762, SUCCESS, logIndex=4119, commits[65797d0d-2d4a-456d-9b24-1d63a5102722:c4120, aca3f3a4-0773-4ff1-9bb5-1a871868fd09:c4116, abe1c95d-8ae2-42e9-9d83-236e3c187d51:c4116]
2019-07-09 04:31:38,491 INFO  client.GrpcClientProtocolClient (GrpcClientProtocolClient.java:onNext(255)) - client-859D8C9D7B89->65797d0d-2d4a-456d-9b24-1d63a5102722: receive RaftClientReply:client-859D8C9D7B89->65797d0d-2d4a-456d-9b24-1d63a5102722@group-BA7C392EEBCA, cid=2763, SUCCESS, logIndex=4120, commits[65797d0d-2d4a-456d-9b24-1d63a5102722:c4120, aca3f3a4-0773-4ff1-9bb5-1a871868fd09:c4116, abe1c95d-8ae2-42e9-9d83-236e3c187d51:c4116]
2019-07-09 04:31:38,493 INFO  client.GrpcClientProtocolClient (GrpcClientProtocolClient.java:onNext(255)) - client-859D8C9D7B89->65797d0d-2d4a-456d-9b24-1d63a5102722: receive RaftClientReply:client-859D8C9D7B89->65797d0d-2d4a-456d-9b24-1d63a5102722@group-BA7C392EEBCA, cid=2764, SUCCESS, logIndex=0, commits[65797d0d-2d4a-456d-9b24-1d63a5102722:c4122, aca3f3a4-0773-4ff1-9bb5-1a871868fd09:c4118, abe1c95d-8ae2-42e9-9d83-236e3c187d51:c4118]
2019-07-09 04:31:38,514 INFO  client.GrpcClientProtocolClient (GrpcClientProtocolClient.java:onNext(255)) - client-859D8C9D7B89->65797d0d-2d4a-456d-9b24-1d63a5102722: receive RaftClientReply:client-859D8C9D7B89->65797d0d-2d4a-456d-9b24-1d63a5102722@group-BA7C392EEBCA, cid=2765, SUCCESS, logIndex=4125, commits[65797d0d-2d4a-456d-9b24-1d63a5102722:c4126, aca3f3a4-0773-4ff1-9bb5-1a871868fd09:c4124, abe1c95d-8ae2-42e9-9d83-236e3c187d51:c4124]
2019-07-09 04:31:38,515 INFO  client.GrpcClientProtocolClient (GrpcClientProtocolClient.java:onNext(255)) - client-859D8C9D7B89->65797d0d-2d4a-456d-9b24-1d63a5102722: receive RaftClientReply:client-859D8C9D7B89->65797d0d-2d4a-456d-9b24-1d63a5102722@group-BA7C392EEBCA, cid=2766, SUCCESS, logIndex=4126, commits[65797d0d-2d4a-456d-9b24-1d63a5102722:c4126, aca3f3a4-0773-4ff1-9bb5-1a871868fd09:c4124, abe1c95d-8ae2-42e9-9d83-236e3c187d51:c4124]
2019-07-09 04:31:38,528 INFO  client.GrpcClientProtocolClient (GrpcClientProtocolClient.java:onNext(255)) - client-859D8C9D7B89->65797d0d-2d4a-456d-9b24-1d63a5102722: receive RaftClientReply:client-859D8C9D7B89->65797d0d-2d4a-456d-9b24-1d63a5102722@group-BA7C392EEBCA, cid=2767, SUCCESS, logIndex=4129, commits[65797d0d-2d4a-456d-9b24-1d63a5102722:c4130, aca3f3a4-0773-4ff1-9bb5-1a871868fd09:c4126, abe1c95d-8ae2-42e9-9d83-236e3c187d51:c4126]
2019-07-09 04:31:38,529 INFO  client.GrpcClientProtocolClient (GrpcClientProtocolClient.java:onNext(255)) - client-859D8C9D7B89->65797d0d-2d4a-456d-9b24-1d63a5102722: receive RaftClientReply:client-859D8C9D7B89->65797d0d-2d4a-456d-9b24-1d63a5102722@group-BA7C392EEBCA, cid=2768, SUCCESS, logIndex=4130, commits[65797d0d-2d4a-456d-9b24-1d63a5102722:c4130, aca3f3a4-0773-4ff1-9bb5-1a871868fd09:c4126, abe1c95d-8ae2-42e9-9d83-236e3c187d51:c4126]
2019-07-09 04:31:38,530 INFO  client.GrpcClientProtocolClient (GrpcClientProtocolClient.java:onNext(255)) - client-859D8C9D7B89->65797d0d-2d4a-456d-9b24-1d63a5102722: receive RaftClientReply:client-859D8C9D7B89->65797d0d-2d4a-456d-9b24-1d63a5102722@group-BA7C392EEBCA, cid=2769, SUCCESS, logIndex=0, commits[65797d0d-2d4a-456d-9b24-1d63a5102722:c4131, aca3f3a4-0773-4ff1-9bb5-1a871868fd09:c4130, abe1c95d-8ae2-42e9-9d83-236e3c187d51:c4130]
2019-07-09 04:31:38,563 INFO  client.GrpcClientProtocolClient (GrpcClientProtocolClient.java:onNext(255)) - client-859D8C9D7B89->65797d0d-2d4a-456d-9b24-1d63a5102722: receive RaftClientReply:client-859D8C9D7B89->65797d0d-2d4a-456d-9b24-1d63a5102722@group-BA7C392EEBCA, cid=2770, SUCCESS, logIndex=4133, commits[65797d0d-2d4a-456d-9b24-1d63a5102722:c4134, aca3f3a4-0773-4ff1-9bb5-1a871868fd09:c4132, abe1c95d-8ae2-42e9-9d83-236e3c187d51:c4132]
2019-07-09 04:31:38,564 INFO  client.GrpcClientProtocolClient (GrpcClientProtocolClient.java:onNext(255)) - client-859D8C9D7B89->65797d0d-2d4a-456d-9b24-1d63a5102722: receive RaftClientReply:client-859D8C9D7B89->65797d0d-2d4a-456d-9b24-1d63a5102722@group-BA7C392EEBCA, cid=2771, SUCCESS, logIndex=4134, commits[65797d0d-2d4a-456d-9b24-1d63a5102722:c4135, aca3f3a4-0773-4ff1-9bb5-1a871868fd09:c4132, abe1c95d-8ae2-42e9-9d83-236e3c187d51:c4132]
2019-07-09 04:31:38,565 INFO  client.GrpcClientProtocolClient (GrpcClientProtocolClient.java:onNext(255)) - client-859D8C9D7B89->65797d0d-2d4a-456d-9b24-1d63a5102722: receive RaftClientReply:client-859D8C9D7B89->65797d0d-2d4a-456d-9b24-1d63a5102722@group-BA7C392EEBCA, cid=2772, SUCCESS, logIndex=4135, commits[65797d0d-2d4a-456d-9b24-1d63a5102722:c4136, aca3f3a4-0773-4ff1-9bb5-1a871868fd09:c4132, abe1c95d-8ae2-42e9-9d83-236e3c187d51:c4132]
2019-07-09 04:31:38,565 INFO  client.GrpcClientProtocolClient (GrpcClientProtocolClient.java:onNext(255)) - client-859D8C9D7B89->65797d0d-2d4a-456d-9b24-1d63a5102722: receive RaftClientReply:client-859D8C9D7B89->65797d0d-2d4a-456d-9b24-1d63a5102722@group-BA7C392EEBCA, cid=2773, SUCCESS, logIndex=4136, commits[65797d0d-2d4a-456d-9b24-1d63a5102722:c4136, aca3f3a4-0773-4ff1-9bb5-1a871868fd09:c4132, abe1c95d-8ae2-42e9-9d83-236e3c187d51:c4132]
2019-07-09 04:31:38,566 INFO  client.GrpcClientProtocolClient (GrpcClientProtocolClient.java:onNext(255)) - client-859D8C9D7B89->65797d0d-2d4a-456d-9b24-1d63a5102722: receive RaftClientReply:client-859D8C9D7B89->65797d0d-2d4a-456d-9b24-1d63a5102722@group-BA7C392EEBCA, cid=2774, SUCCESS, logIndex=0, commits[65797d0d-2d4a-456d-9b24-1d63a5102722:c4140, aca3f3a4-0773-4ff1-9bb5-1a871868fd09:c4135, abe1c95d-8ae2-42e9-9d83-236e3c187d51:c4136]
2019-07-09 04:31:38,588 INFO  client.GrpcClientProtocolClient (GrpcClientProtocolClient.java:onNext(255)) - client-859D8C9D7B89->65797d0d-2d4a-456d-9b24-1d63a5102722: receive RaftClientReply:client-859D8C9D7B89->65797d0d-2d4a-456d-9b24-1d63a5102722@group-BA7C392EEBCA, cid=2775, SUCCESS, logIndex=4141, commits[65797d0d-2d4a-456d-9b24-1d63a5102722:c4142, aca3f3a4-0773-4ff1-9bb5-1a871868fd09:c4136, abe1c95d-8ae2-42e9-9d83-236e3c187d51:c4140]
2019-07-09 04:31:38,589 INFO  client.GrpcClientProtocolClient (GrpcClientProtocolClient.java:onNext(255)) - client-859D8C9D7B89->65797d0d-2d4a-456d-9b24-1d63a5102722: receive RaftClientReply:client-859D8C9D7B89->65797d0d-2d4a-456d-9b24-1d63a5102722@group-BA7C392EEBCA, cid=2776, SUCCESS, logIndex=4142, commits[65797d0d-2d4a-456d-9b24-1d63a5102722:c4142, aca3f3a4-0773-4ff1-9bb5-1a871868fd09:c4140, abe1c95d-8ae2-42e9-9d83-236e3c187d51:c4140]
2019-07-09 04:31:38,603 INFO  client.GrpcClientProtocolClient (GrpcClientProtocolClient.java:onNext(255)) - client-859D8C9D7B89->65797d0d-2d4a-456d-9b24-1d63a5102722: receive RaftClientReply:client-859D8C9D7B89->65797d0d-2d4a-456d-9b24-1d63a5102722@group-BA7C392EEBCA, cid=2777, SUCCESS, logIndex=4145, commits[65797d0d-2d4a-456d-9b24-1d63a5102722:c4145, aca3f3a4-0773-4ff1-9bb5-1a871868fd09:c4142, abe1c95d-8ae2-42e9-9d83-236e3c187d51:c4142]
2019-07-09 04:31:38,603 INFO  client.GrpcClientProtocolClient (GrpcClientProtocolClient.java:onNext(255)) - client-859D8C9D7B89->65797d0d-2d4a-456d-9b24-1d63a5102722: receive RaftClientReply:client-859D8C9D7B89->65797d0d-2d4a-456d-9b24-1d63a5102722@group-BA7C392EEBCA, cid=2778, SUCCESS, logIndex=4146, commits[65797d0d-2d4a-456d-9b24-1d63a5102722:c4146, aca3f3a4-0773-4ff1-9bb5-1a871868fd09:c4142, abe1c95d-8ae2-42e9-9d83-236e3c187d51:c4142]
2019-07-09 04:31:38,617 INFO  client.GrpcClientProtocolClient (GrpcClientProtocolClient.java:onNext(255)) - client-859D8C9D7B89->65797d0d-2d4a-456d-9b24-1d63a5102722: receive RaftClientReply:client-859D8C9D7B89->65797d0d-2d4a-456d-9b24-1d63a5102722@group-BA7C392EEBCA, cid=2779, SUCCESS, logIndex=0, commits[65797d0d-2d4a-456d-9b24-1d63a5102722:c4148, aca3f3a4-0773-4ff1-9bb5-1a871868fd09:c4146, abe1c95d-8ae2-42e9-9d83-236e3c187d51:c4146]
2019-07-09 04:31:38,649 INFO  client.GrpcClientProtocolClient (GrpcClientProtocolClient.java:onNext(255)) - client-859D8C9D7B89->65797d0d-2d4a-456d-9b24-1d63a5102722: receive RaftClientReply:client-859D8C9D7B89->65797d0d-2d4a-456d-9b24-1d63a5102722@group-BA7C392EEBCA, cid=2780, SUCCESS, logIndex=4149, commits[65797d0d-2d4a-456d-9b24-1d63a5102722:c4150, aca3f3a4-0773-4ff1-9bb5-1a871868fd09:c4148, abe1c95d-8ae2-42e9-9d83-236e3c187d51:c4148]
2019-07-09 04:31:38,650 INFO  client.GrpcClientProtocolClient (GrpcClientProtocolClient.java:onNext(255)) - client-859D8C9D7B89->65797d0d-2d4a-456d-9b24-1d63a5102722: receive RaftClientReply:client-859D8C9D7B89->65797d0d-2d4a-456d-9b24-1d63a5102722@group-BA7C392EEBCA, cid=2781, SUCCESS, logIndex=4150, commits[65797d0d-2d4a-456d-9b24-1d63a5102722:c4151, aca3f3a4-0773-4ff1-9bb5-1a871868fd09:c4148, abe1c95d-8ae2-42e9-9d83-236e3c187d51:c4148]
2019-07-09 04:31:38,650 INFO  client.GrpcClientProtocolClient (GrpcClientProtocolClient.java:onNext(255)) - client-859D8C9D7B89->65797d0d-2d4a-456d-9b24-1d63a5102722: receive RaftClientReply:client-859D8C9D7B89->65797d0d-2d4a-456d-9b24-1d63a5102722@group-BA7C392EEBCA, cid=2782, SUCCESS, logIndex=4151, commits[65797d0d-2d4a-456d-9b24-1d63a5102722:c4151, aca3f3a4-0773-4ff1-9bb5-1a871868fd09:c4148, abe1c95d-8ae2-42e9-9d83-236e3c187d51:c4148]
2019-07-09 04:31:38,651 INFO  client.GrpcClientProtocolClient (GrpcClientProtocolClient.java:onNext(255)) - client-859D8C9D7B89->65797d0d-2d4a-456d-9b24-1d63a5102722: receive RaftClientReply:client-859D8C9D7B89->65797d0d-2d4a-456d-9b24-1d63a5102722@group-BA7C392EEBCA, cid=2783, SUCCESS, logIndex=4152, commits[65797d0d-2d4a-456d-9b24-1d63a5102722:c4152, aca3f3a4-0773-4ff1-9bb5-1a871868fd09:c4148, abe1c95d-8ae2-42e9-9d83-236e3c187d51:c4148]
2019-07-09 04:31:38,652 INFO  client.GrpcClientProtocolClient (GrpcClientProtocolClient.java:onNext(255)) - client-859D8C9D7B89->65797d0d-2d4a-456d-9b24-1d63a5102722: receive RaftClientReply:client-859D8C9D7B89->65797d0d-2d4a-456d-9b24-1d63a5102722@group-BA7C392EEBCA, cid=2784, SUCCESS, logIndex=0, commits[65797d0d-2d4a-456d-9b24-1d63a5102722:c4155, aca3f3a4-0773-4ff1-9bb5-1a871868fd09:c4152, abe1c95d-8ae2-42e9-9d83-236e3c187d51:c4150]
2019-07-09 04:31:38,679 INFO  client.GrpcClientProtocolClient (GrpcClientProtocolClient.java:onNext(255)) - client-859D8C9D7B89->65797d0d-2d4a-456d-9b24-1d63a5102722: receive RaftClientReply:client-859D8C9D7B89->65797d0d-2d4a-456d-9b24-1d63a5102722@group-BA7C392EEBCA, cid=2785, SUCCESS, logIndex=4157, commits[65797d0d-2d4a-456d-9b24-1d63a5102722:c4158, aca3f3a4-0773-4ff1-9bb5-1a871868fd09:c4156, abe1c95d-8ae2-42e9-9d83-236e3c187d51:c4156]
2019-07-09 04:31:38,680 INFO  client.GrpcClientProtocolClient (GrpcClientProtocolClient.java:onNext(255)) - client-859D8C9D7B89->65797d0d-2d4a-456d-9b24-1d63a5102722: receive RaftClientReply:client-859D8C9D7B89->65797d0d-2d4a-456d-9b24-1d63a5102722@group-BA7C392EEBCA, cid=2786, SUCCESS, logIndex=4158, commits[65797d0d-2d4a-456d-9b24-1d63a5102722:c4158, aca3f3a4-0773-4ff1-9bb5-1a871868fd09:c4156, abe1c95d-8ae2-42e9-9d83-236e3c187d51:c4156]
2019-07-09 04:31:38,701 INFO  client.GrpcClientProtocolClient (GrpcClientProtocolClient.java:onNext(255)) - client-859D8C9D7B89->65797d0d-2d4a-456d-9b24-1d63a5102722: receive RaftClientReply:client-859D8C9D7B89->65797d0d-2d4a-456d-9b24-1d63a5102722@group-BA7C392EEBCA, cid=2787, SUCCESS, logIndex=4161, commits[65797d0d-2d4a-456d-9b24-1d63a5102722:c4162, aca3f3a4-0773-4ff1-9bb5-1a871868fd09:c4160, abe1c95d-8ae2-42e9-9d83-236e3c187d51:c4160]
2019-07-09 04:31:38,702 INFO  client.GrpcClientProtocolClient (GrpcClientProtocolClient.java:onNext(255)) - client-859D8C9D7B89->65797d0d-2d4a-456d-9b24-1d63a5102722: receive RaftClientReply:client-859D8C9D7B89->65797d0d-2d4a-456d-9b24-1d63a5102722@group-BA7C392EEBCA, cid=2788, SUCCESS, logIndex=4162, commits[65797d0d-2d4a-456d-9b24-1d63a5102722:c4162, aca3f3a4-0773-4ff1-9bb5-1a871868fd09:c4160, abe1c95d-8ae2-42e9-9d83-236e3c187d51:c4160]
2019-07-09 04:31:38,714 INFO  client.GrpcClientProtocolClient (GrpcClientProtocolClient.java:onNext(255)) - client-859D8C9D7B89->65797d0d-2d4a-456d-9b24-1d63a5102722: receive RaftClientReply:client-859D8C9D7B89->65797d0d-2d4a-456d-9b24-1d63a5102722@group-BA7C392EEBCA, cid=2789, SUCCESS, logIndex=0, commits[65797d0d-2d4a-456d-9b24-1d63a5102722:c4164, aca3f3a4-0773-4ff1-9bb5-1a871868fd09:c4162, abe1c95d-8ae2-42e9-9d83-236e3c187d51:c4162]
2019-07-09 04:31:38,746 INFO  client.GrpcClientProtocolClient (GrpcClientProtocolClient.java:onNext(255)) - client-859D8C9D7B89->65797d0d-2d4a-456d-9b24-1d63a5102722: receive RaftClientReply:client-859D8C9D7B89->65797d0d-2d4a-456d-9b24-1d63a5102722@group-BA7C392EEBCA, cid=2790, SUCCESS, logIndex=4165, commits[65797d0d-2d4a-456d-9b24-1d63a5102722:c4166, aca3f3a4-0773-4ff1-9bb5-1a871868fd09:c4164, abe1c95d-8ae2-42e9-9d83-236e3c187d51:c4164]
2019-07-09 04:31:38,746 INFO  client.GrpcClientProtocolClient (GrpcClientProtocolClient.java:onNext(255)) - client-859D8C9D7B89->65797d0d-2d4a-456d-9b24-1d63a5102722: receive RaftClientReply:client-859D8C9D7B89->65797d0d-2d4a-456d-9b24-1d63a5102722@group-BA7C392EEBCA, cid=2791, SUCCESS, logIndex=4166, commits[65797d0d-2d4a-456d-9b24-1d63a5102722:c4168, aca3f3a4-0773-4ff1-9bb5-1a871868fd09:c4164, abe1c95d-8ae2-42e9-9d83-236e3c187d51:c4164]
2019-07-09 04:31:38,747 INFO  client.GrpcClientProtocolClient (GrpcClientProtocolClient.java:onNext(255)) - client-859D8C9D7B89->65797d0d-2d4a-456d-9b24-1d63a5102722: receive RaftClientReply:client-859D8C9D7B89->65797d0d-2d4a-456d-9b24-1d63a5102722@group-BA7C392EEBCA, cid=2792, SUCCESS, logIndex=4167, commits[65797d0d-2d4a-456d-9b24-1d63a5102722:c4168, aca3f3a4-0773-4ff1-9bb5-1a871868fd09:c4164, abe1c95d-8ae2-42e9-9d83-236e3c187d51:c4164]
2019-07-09 04:31:38,747 INFO  client.GrpcClientProtocolClient (GrpcClientProtocolClient.java:onNext(255)) - client-859D8C9D7B89->65797d0d-2d4a-456d-9b24-1d63a5102722: receive RaftClientReply:client-859D8C9D7B89->65797d0d-2d4a-456d-9b24-1d63a5102722@group-BA7C392EEBCA, cid=2793, SUCCESS, logIndex=4168, commits[65797d0d-2d4a-456d-9b24-1d63a5102722:c4169, aca3f3a4-0773-4ff1-9bb5-1a871868fd09:c4164, abe1c95d-8ae2-42e9-9d83-236e3c187d51:c4165]
2019-07-09 04:31:38,749 INFO  client.GrpcClientProtocolClient (GrpcClientProtocolClient.java:onNext(255)) - client-859D8C9D7B89->65797d0d-2d4a-456d-9b24-1d63a5102722: receive RaftClientReply:client-859D8C9D7B89->65797d0d-2d4a-456d-9b24-1d63a5102722@group-BA7C392EEBCA, cid=2794, SUCCESS, logIndex=0, commits[65797d0d-2d4a-456d-9b24-1d63a5102722:c4172, aca3f3a4-0773-4ff1-9bb5-1a871868fd09:c4166, abe1c95d-8ae2-42e9-9d83-236e3c187d51:c4168]
2019-07-09 04:31:38,769 INFO  client.GrpcClientProtocolClient (GrpcClientProtocolClient.java:onNext(255)) - client-859D8C9D7B89->65797d0d-2d4a-456d-9b24-1d63a5102722: receive RaftClientReply:client-859D8C9D7B89->65797d0d-2d4a-456d-9b24-1d63a5102722@group-BA7C392EEBCA, cid=2795, SUCCESS, logIndex=4173, commits[65797d0d-2d4a-456d-9b24-1d63a5102722:c4174, aca3f3a4-0773-4ff1-9bb5-1a871868fd09:c4172, abe1c95d-8ae2-42e9-9d83-236e3c187d51:c4172]
2019-07-09 04:31:38,769 INFO  client.GrpcClientProtocolClient (GrpcClientProtocolClient.java:onNext(255)) - client-859D8C9D7B89->65797d0d-2d4a-456d-9b24-1d63a5102722: receive RaftClientReply:client-859D8C9D7B89->65797d0d-2d4a-456d-9b24-1d63a5102722@group-BA7C392EEBCA, cid=2796, SUCCESS, logIndex=4174, commits[65797d0d-2d4a-456d-9b24-1d63a5102722:c4174, aca3f3a4-0773-4ff1-9bb5-1a871868fd09:c4172, abe1c95d-8ae2-42e9-9d83-236e3c187d51:c4172]
2019-07-09 04:31:38,783 INFO  client.GrpcClientProtocolClient (GrpcClientProtocolClient.java:onNext(255)) - client-859D8C9D7B89->65797d0d-2d4a-456d-9b24-1d63a5102722: receive RaftClientReply:client-859D8C9D7B89->65797d0d-2d4a-456d-9b24-1d63a5102722@group-BA7C392EEBCA, cid=2797, SUCCESS, logIndex=4177, commits[65797d0d-2d4a-456d-9b24-1d63a5102722:c4178, aca3f3a4-0773-4ff1-9bb5-1a871868fd09:c4173, abe1c95d-8ae2-42e9-9d83-236e3c187d51:c4174]
2019-07-09 04:31:38,783 INFO  client.GrpcClientProtocolClient (GrpcClientProtocolClient.java:onNext(255)) - client-859D8C9D7B89->65797d0d-2d4a-456d-9b24-1d63a5102722: receive RaftClientReply:client-859D8C9D7B89->65797d0d-2d4a-456d-9b24-1d63a5102722@group-BA7C392EEBCA, cid=2798, SUCCESS, logIndex=4178, commits[65797d0d-2d4a-456d-9b24-1d63a5102722:c4178, aca3f3a4-0773-4ff1-9bb5-1a871868fd09:c4174, abe1c95d-8ae2-42e9-9d83-236e3c187d51:c4174]
2019-07-09 04:31:38,796 INFO  client.GrpcClientProtocolClient (GrpcClientProtocolClient.java:onNext(255)) - client-859D8C9D7B89->65797d0d-2d4a-456d-9b24-1d63a5102722: receive RaftClientReply:client-859D8C9D7B89->65797d0d-2d4a-456d-9b24-1d63a5102722@group-BA7C392EEBCA, cid=2799, SUCCESS, logIndex=0, commits[65797d0d-2d4a-456d-9b24-1d63a5102722:c4179, aca3f3a4-0773-4ff1-9bb5-1a871868fd09:c4178, abe1c95d-8ae2-42e9-9d83-236e3c187d51:c4178]
2019-07-09 04:31:38,828 INFO  client.GrpcClientProtocolClient (GrpcClientProtocolClient.java:onNext(255)) - client-859D8C9D7B89->65797d0d-2d4a-456d-9b24-1d63a5102722: receive RaftClientReply:client-859D8C9D7B89->65797d0d-2d4a-456d-9b24-1d63a5102722@group-BA7C392EEBCA, cid=2800, SUCCESS, logIndex=4181, commits[65797d0d-2d4a-456d-9b24-1d63a5102722:c4182, aca3f3a4-0773-4ff1-9bb5-1a871868fd09:c4178, abe1c95d-8ae2-42e9-9d83-236e3c187d51:c4180]
2019-07-09 04:31:38,829 INFO  client.GrpcClientProtocolClient (GrpcClientProtocolClient.java:onNext(255)) - client-859D8C9D7B89->65797d0d-2d4a-456d-9b24-1d63a5102722: receive RaftClientReply:client-859D8C9D7B89->65797d0d-2d4a-456d-9b24-1d63a5102722@group-BA7C392EEBCA, cid=2801, SUCCESS, logIndex=4182, commits[65797d0d-2d4a-456d-9b24-1d63a5102722:c4183, aca3f3a4-0773-4ff1-9bb5-1a871868fd09:c4180, abe1c95d-8ae2-42e9-9d83-236e3c187d51:c4180]
2019-07-09 04:31:38,829 INFO  client.GrpcClientProtocolClient (GrpcClientProtocolClient.java:onNext(255)) - client-859D8C9D7B89->65797d0d-2d4a-456d-9b24-1d63a5102722: receive RaftClientReply:client-859D8C9D7B89->65797d0d-2d4a-456d-9b24-1d63a5102722@group-BA7C392EEBCA, cid=2802, SUCCESS, logIndex=4183, commits[65797d0d-2d4a-456d-9b24-1d63a5102722:c4184, aca3f3a4-0773-4ff1-9bb5-1a871868fd09:c4180, abe1c95d-8ae2-42e9-9d83-236e3c187d51:c4180]
2019-07-09 04:31:38,829 INFO  client.GrpcClientProtocolClient (GrpcClientProtocolClient.java:onNext(255)) - client-859D8C9D7B89->65797d0d-2d4a-456d-9b24-1d63a5102722: receive RaftClientReply:client-859D8C9D7B89->65797d0d-2d4a-456d-9b24-1d63a5102722@group-BA7C392EEBCA, cid=2803, SUCCESS, logIndex=4184, commits[65797d0d-2d4a-456d-9b24-1d63a5102722:c4185, aca3f3a4-0773-4ff1-9bb5-1a871868fd09:c4181, abe1c95d-8ae2-42e9-9d83-236e3c187d51:c4180]
2019-07-09 04:31:38,832 INFO  client.GrpcClientProtocolClient (GrpcClientProtocolClient.java:onNext(255)) - client-859D8C9D7B89->65797d0d-2d4a-456d-9b24-1d63a5102722: receive RaftClientReply:client-859D8C9D7B89->65797d0d-2d4a-456d-9b24-1d63a5102722@group-BA7C392EEBCA, cid=2804, SUCCESS, logIndex=0, commits[65797d0d-2d4a-456d-9b24-1d63a5102722:c4187, aca3f3a4-0773-4ff1-9bb5-1a871868fd09:c4183, abe1c95d-8ae2-42e9-9d83-236e3c187d51:c4182]
2019-07-09 04:31:38,854 INFO  client.GrpcClientProtocolClient (GrpcClientProtocolClient.java:onNext(255)) - client-859D8C9D7B89->65797d0d-2d4a-456d-9b24-1d63a5102722: receive RaftClientReply:client-859D8C9D7B89->65797d0d-2d4a-456d-9b24-1d63a5102722@group-BA7C392EEBCA, cid=2805, SUCCESS, logIndex=4189, commits[65797d0d-2d4a-456d-9b24-1d63a5102722:c4190, aca3f3a4-0773-4ff1-9bb5-1a871868fd09:c4188, abe1c95d-8ae2-42e9-9d83-236e3c187d51:c4188]
2019-07-09 04:31:38,855 INFO  client.GrpcClientProtocolClient (GrpcClientProtocolClient.java:onNext(255)) - client-859D8C9D7B89->65797d0d-2d4a-456d-9b24-1d63a5102722: receive RaftClientReply:client-859D8C9D7B89->65797d0d-2d4a-456d-9b24-1d63a5102722@group-BA7C392EEBCA, cid=2806, SUCCESS, logIndex=4190, commits[65797d0d-2d4a-456d-9b24-1d63a5102722:c4190, aca3f3a4-0773-4ff1-9bb5-1a871868fd09:c4188, abe1c95d-8ae2-42e9-9d83-236e3c187d51:c4188]
2019-07-09 04:31:38,886 INFO  client.GrpcClientProtocolClient (GrpcClientProtocolClient.java:onNext(255)) - client-859D8C9D7B89->65797d0d-2d4a-456d-9b24-1d63a5102722: receive RaftClientReply:client-859D8C9D7B89->65797d0d-2d4a-456d-9b24-1d63a5102722@group-BA7C392EEBCA, cid=2807, SUCCESS, logIndex=4193, commits[65797d0d-2d4a-456d-9b24-1d63a5102722:c4194, aca3f3a4-0773-4ff1-9bb5-1a871868fd09:c4190, abe1c95d-8ae2-42e9-9d83-236e3c187d51:c4190]
2019-07-09 04:31:38,886 INFO  client.GrpcClientProtocolClient (GrpcClientProtocolClient.java:onNext(255)) - client-859D8C9D7B89->65797d0d-2d4a-456d-9b24-1d63a5102722: receive RaftClientReply:client-859D8C9D7B89->65797d0d-2d4a-456d-9b24-1d63a5102722@group-BA7C392EEBCA, cid=2808, SUCCESS, logIndex=4194, commits[65797d0d-2d4a-456d-9b24-1d63a5102722:c4194, aca3f3a4-0773-4ff1-9bb5-1a871868fd09:c4190, abe1c95d-8ae2-42e9-9d83-236e3c187d51:c4190]
2019-07-09 04:31:38,899 INFO  client.GrpcClientProtocolClient (GrpcClientProtocolClient.java:onNext(255)) - client-859D8C9D7B89->65797d0d-2d4a-456d-9b24-1d63a5102722: receive RaftClientReply:client-859D8C9D7B89->65797d0d-2d4a-456d-9b24-1d63a5102722@group-BA7C392EEBCA, cid=2809, SUCCESS, logIndex=0, commits[65797d0d-2d4a-456d-9b24-1d63a5102722:c4196, aca3f3a4-0773-4ff1-9bb5-1a871868fd09:c4194, abe1c95d-8ae2-42e9-9d83-236e3c187d51:c4194]
2019-07-09 04:31:38,927 INFO  client.GrpcClientProtocolClient (GrpcClientProtocolClient.java:onNext(255)) - client-859D8C9D7B89->65797d0d-2d4a-456d-9b24-1d63a5102722: receive RaftClientReply:client-859D8C9D7B89->65797d0d-2d4a-456d-9b24-1d63a5102722@group-BA7C392EEBCA, cid=2810, SUCCESS, logIndex=4197, commits[65797d0d-2d4a-456d-9b24-1d63a5102722:c4198, aca3f3a4-0773-4ff1-9bb5-1a871868fd09:c4196, abe1c95d-8ae2-42e9-9d83-236e3c187d51:c4194]
2019-07-09 04:31:38,928 INFO  client.GrpcClientProtocolClient (GrpcClientProtocolClient.java:onNext(255)) - client-859D8C9D7B89->65797d0d-2d4a-456d-9b24-1d63a5102722: receive RaftClientReply:client-859D8C9D7B89->65797d0d-2d4a-456d-9b24-1d63a5102722@group-BA7C392EEBCA, cid=2811, SUCCESS, logIndex=4198, commits[65797d0d-2d4a-456d-9b24-1d63a5102722:c4198, aca3f3a4-0773-4ff1-9bb5-1a871868fd09:c4196, abe1c95d-8ae2-42e9-9d83-236e3c187d51:c4194]
2019-07-09 04:31:38,942 INFO  client.GrpcClientProtocolClient (GrpcClientProtocolClient.java:onNext(255)) - client-859D8C9D7B89->65797d0d-2d4a-456d-9b24-1d63a5102722: receive RaftClientReply:client-859D8C9D7B89->65797d0d-2d4a-456d-9b24-1d63a5102722@group-BA7C392EEBCA, cid=2812, SUCCESS, logIndex=4199, commits[65797d0d-2d4a-456d-9b24-1d63a5102722:c4199, aca3f3a4-0773-4ff1-9bb5-1a871868fd09:c4196, abe1c95d-8ae2-42e9-9d83-236e3c187d51:c4196]
2019-07-09 04:31:38,942 INFO  client.GrpcClientProtocolClient (GrpcClientProtocolClient.java:onNext(255)) - client-859D8C9D7B89->65797d0d-2d4a-456d-9b24-1d63a5102722: receive RaftClientReply:client-859D8C9D7B89->65797d0d-2d4a-456d-9b24-1d63a5102722@group-BA7C392EEBCA, cid=2813, SUCCESS, logIndex=4200, commits[65797d0d-2d4a-456d-9b24-1d63a5102722:c4202, aca3f3a4-0773-4ff1-9bb5-1a871868fd09:c4198, abe1c95d-8ae2-42e9-9d83-236e3c187d51:c4198]
2019-07-09 04:31:38,957 INFO  client.GrpcClientProtocolClient (GrpcClientProtocolClient.java:onNext(255)) - client-859D8C9D7B89->65797d0d-2d4a-456d-9b24-1d63a5102722: receive RaftClientReply:client-859D8C9D7B89->65797d0d-2d4a-456d-9b24-1d63a5102722@group-BA7C392EEBCA, cid=2814, SUCCESS, logIndex=4204, commits[65797d0d-2d4a-456d-9b24-1d63a5102722:c4205, aca3f3a4-0773-4ff1-9bb5-1a871868fd09:c4199, abe1c95d-8ae2-42e9-9d83-236e3c187d51:c4202]
2019-07-09 04:31:38,957 INFO  client.GrpcClientProtocolClient (GrpcClientProtocolClient.java:onNext(255)) - client-859D8C9D7B89->65797d0d-2d4a-456d-9b24-1d63a5102722: receive RaftClientReply:client-859D8C9D7B89->65797d0d-2d4a-456d-9b24-1d63a5102722@group-BA7C392EEBCA, cid=2815, SUCCESS, logIndex=4205, commits[65797d0d-2d4a-456d-9b24-1d63a5102722:c4205, aca3f3a4-0773-4ff1-9bb5-1a871868fd09:c4199, abe1c95d-8ae2-42e9-9d83-236e3c187d51:c4202]
2019-07-09 04:31:38,958 INFO  client.GrpcClientProtocolClient (GrpcClientProtocolClient.java:onNext(255)) - client-859D8C9D7B89->65797d0d-2d4a-456d-9b24-1d63a5102722: receive RaftClientReply:client-859D8C9D7B89->65797d0d-2d4a-456d-9b24-1d63a5102722@group-BA7C392EEBCA, cid=2816, SUCCESS, logIndex=0, commits[65797d0d-2d4a-456d-9b24-1d63a5102722:c4206, aca3f3a4-0773-4ff1-9bb5-1a871868fd09:c4202, abe1c95d-8ae2-42e9-9d83-236e3c187d51:c4205]
2019-07-09 04:31:38,980 INFO  client.GrpcClientProtocolClient (GrpcClientProtocolClient.java:onNext(255)) - client-859D8C9D7B89->65797d0d-2d4a-456d-9b24-1d63a5102722: receive RaftClientReply:client-859D8C9D7B89->65797d0d-2d4a-456d-9b24-1d63a5102722@group-BA7C392EEBCA, cid=2817, SUCCESS, logIndex=4207, commits[65797d0d-2d4a-456d-9b24-1d63a5102722:c4208, aca3f3a4-0773-4ff1-9bb5-1a871868fd09:c4206, abe1c95d-8ae2-42e9-9d83-236e3c187d51:c4206]
2019-07-09 04:31:38,980 INFO  client.GrpcClientProtocolClient (GrpcClientProtocolClient.java:onNext(255)) - client-859D8C9D7B89->65797d0d-2d4a-456d-9b24-1d63a5102722: receive RaftClientReply:client-859D8C9D7B89->65797d0d-2d4a-456d-9b24-1d63a5102722@group-BA7C392EEBCA, cid=2818, SUCCESS, logIndex=4208, commits[65797d0d-2d4a-456d-9b24-1d63a5102722:c4208, aca3f3a4-0773-4ff1-9bb5-1a871868fd09:c4206, abe1c95d-8ae2-42e9-9d83-236e3c187d51:c4206]
2019-07-09 04:31:38,993 INFO  client.GrpcClientProtocolClient (GrpcClientProtocolClient.java:onNext(255)) - client-859D8C9D7B89->65797d0d-2d4a-456d-9b24-1d63a5102722: receive RaftClientReply:client-859D8C9D7B89->65797d0d-2d4a-456d-9b24-1d63a5102722@group-BA7C392EEBCA, cid=2819, SUCCESS, logIndex=0, commits[65797d0d-2d4a-456d-9b24-1d63a5102722:c4210, aca3f3a4-0773-4ff1-9bb5-1a871868fd09:c4208, abe1c95d-8ae2-42e9-9d83-236e3c187d51:c4208]
2019-07-09 04:31:39,021 INFO  client.GrpcClientProtocolClient (GrpcClientProtocolClient.java:onNext(255)) - client-859D8C9D7B89->65797d0d-2d4a-456d-9b24-1d63a5102722: receive RaftClientReply:client-859D8C9D7B89->65797d0d-2d4a-456d-9b24-1d63a5102722@group-BA7C392EEBCA, cid=2820, SUCCESS, logIndex=4211, commits[65797d0d-2d4a-456d-9b24-1d63a5102722:c4214, aca3f3a4-0773-4ff1-9bb5-1a871868fd09:c4210, abe1c95d-8ae2-42e9-9d83-236e3c187d51:c4210]
2019-07-09 04:31:39,022 INFO  client.GrpcClientProtocolClient (GrpcClientProtocolClient.java:onNext(255)) - client-859D8C9D7B89->65797d0d-2d4a-456d-9b24-1d63a5102722: receive RaftClientReply:client-859D8C9D7B89->65797d0d-2d4a-456d-9b24-1d63a5102722@group-BA7C392EEBCA, cid=2821, SUCCESS, logIndex=4212, commits[65797d0d-2d4a-456d-9b24-1d63a5102722:c4214, aca3f3a4-0773-4ff1-9bb5-1a871868fd09:c4210, abe1c95d-8ae2-42e9-9d83-236e3c187d51:c4210]
2019-07-09 04:31:39,022 INFO  client.GrpcClientProtocolClient (GrpcClientProtocolClient.java:onNext(255)) - client-859D8C9D7B89->65797d0d-2d4a-456d-9b24-1d63a5102722: receive RaftClientReply:client-859D8C9D7B89->65797d0d-2d4a-456d-9b24-1d63a5102722@group-BA7C392EEBCA, cid=2822, SUCCESS, logIndex=4213, commits[65797d0d-2d4a-456d-9b24-1d63a5102722:c4215, aca3f3a4-0773-4ff1-9bb5-1a871868fd09:c4211, abe1c95d-8ae2-42e9-9d83-236e3c187d51:c4210]
2019-07-09 04:31:39,023 INFO  client.GrpcClientProtocolClient (GrpcClientProtocolClient.java:onNext(255)) - client-859D8C9D7B89->65797d0d-2d4a-456d-9b24-1d63a5102722: receive RaftClientReply:client-859D8C9D7B89->65797d0d-2d4a-456d-9b24-1d63a5102722@group-BA7C392EEBCA, cid=2823, SUCCESS, logIndex=4214, commits[65797d0d-2d4a-456d-9b24-1d63a5102722:c4215, aca3f3a4-0773-4ff1-9bb5-1a871868fd09:c4211, abe1c95d-8ae2-42e9-9d83-236e3c187d51:c4210]
2019-07-09 04:31:39,024 INFO  client.GrpcClientProtocolClient (GrpcClientProtocolClient.java:onNext(255)) - client-859D8C9D7B89->65797d0d-2d4a-456d-9b24-1d63a5102722: receive RaftClientReply:client-859D8C9D7B89->65797d0d-2d4a-456d-9b24-1d63a5102722@group-BA7C392EEBCA, cid=2824, SUCCESS, logIndex=0, commits[65797d0d-2d4a-456d-9b24-1d63a5102722:c4216, aca3f3a4-0773-4ff1-9bb5-1a871868fd09:c4212, abe1c95d-8ae2-42e9-9d83-236e3c187d51:c4212]
2019-07-09 04:31:39,045 INFO  client.GrpcClientProtocolClient (GrpcClientProtocolClient.java:onNext(255)) - client-859D8C9D7B89->65797d0d-2d4a-456d-9b24-1d63a5102722: receive RaftClientReply:client-859D8C9D7B89->65797d0d-2d4a-456d-9b24-1d63a5102722@group-BA7C392EEBCA, cid=2825, SUCCESS, logIndex=4219, commits[65797d0d-2d4a-456d-9b24-1d63a5102722:c4220, aca3f3a4-0773-4ff1-9bb5-1a871868fd09:c4218, abe1c95d-8ae2-42e9-9d83-236e3c187d51:c4218]
2019-07-09 04:31:39,046 INFO  client.GrpcClientProtocolClient (GrpcClientProtocolClient.java:onNext(255)) - client-859D8C9D7B89->65797d0d-2d4a-456d-9b24-1d63a5102722: receive RaftClientReply:client-859D8C9D7B89->65797d0d-2d4a-456d-9b24-1d63a5102722@group-BA7C392EEBCA, cid=2826, SUCCESS, logIndex=4220, commits[65797d0d-2d4a-456d-9b24-1d63a5102722:c4220, aca3f3a4-0773-4ff1-9bb5-1a871868fd09:c4218, abe1c95d-8ae2-42e9-9d83-236e3c187d51:c4218]
2019-07-09 04:31:39,070 INFO  client.GrpcClientProtocolClient (GrpcClientProtocolClient.java:onNext(255)) - client-859D8C9D7B89->65797d0d-2d4a-456d-9b24-1d63a5102722: receive RaftClientReply:client-859D8C9D7B89->65797d0d-2d4a-456d-9b24-1d63a5102722@group-BA7C392EEBCA, cid=2827, SUCCESS, logIndex=4223, commits[65797d0d-2d4a-456d-9b24-1d63a5102722:c4224, aca3f3a4-0773-4ff1-9bb5-1a871868fd09:c4220, abe1c95d-8ae2-42e9-9d83-236e3c187d51:c4220]
2019-07-09 04:31:39,070 INFO  client.GrpcClientProtocolClient (GrpcClientProtocolClient.java:onNext(255)) - client-859D8C9D7B89->65797d0d-2d4a-456d-9b24-1d63a5102722: receive RaftClientReply:client-859D8C9D7B89->65797d0d-2d4a-456d-9b24-1d63a5102722@group-BA7C392EEBCA, cid=2828, SUCCESS, logIndex=4224, commits[65797d0d-2d4a-456d-9b24-1d63a5102722:c4224, aca3f3a4-0773-4ff1-9bb5-1a871868fd09:c4220, abe1c95d-8ae2-42e9-9d83-236e3c187d51:c4220]
2019-07-09 04:31:39,071 INFO  client.GrpcClientProtocolClient (GrpcClientProtocolClient.java:onNext(255)) - client-859D8C9D7B89->65797d0d-2d4a-456d-9b24-1d63a5102722: receive RaftClientReply:client-859D8C9D7B89->65797d0d-2d4a-456d-9b24-1d63a5102722@group-BA7C392EEBCA, cid=2829, SUCCESS, logIndex=0, commits[65797d0d-2d4a-456d-9b24-1d63a5102722:c4226, aca3f3a4-0773-4ff1-9bb5-1a871868fd09:c4224, abe1c95d-8ae2-42e9-9d83-236e3c187d51:c4224]
2019-07-09 04:31:39,108 INFO  client.GrpcClientProtocolClient (GrpcClientProtocolClient.java:onNext(255)) - client-859D8C9D7B89->65797d0d-2d4a-456d-9b24-1d63a5102722: receive RaftClientReply:client-859D8C9D7B89->65797d0d-2d4a-456d-9b24-1d63a5102722@group-BA7C392EEBCA, cid=2830, SUCCESS, logIndex=4227, commits[65797d0d-2d4a-456d-9b24-1d63a5102722:c4228, aca3f3a4-0773-4ff1-9bb5-1a871868fd09:c4226, abe1c95d-8ae2-42e9-9d83-236e3c187d51:c4226]
2019-07-09 04:31:39,110 INFO  client.GrpcClientProtocolClient (GrpcClientProtocolClient.java:onNext(255)) - client-859D8C9D7B89->65797d0d-2d4a-456d-9b24-1d63a5102722: receive RaftClientReply:client-859D8C9D7B89->65797d0d-2d4a-456d-9b24-1d63a5102722@group-BA7C392EEBCA, cid=2831, SUCCESS, logIndex=4228, commits[65797d0d-2d4a-456d-9b24-1d63a5102722:c4230, aca3f3a4-0773-4ff1-9bb5-1a871868fd09:c4226, abe1c95d-8ae2-42e9-9d83-236e3c187d51:c4226]
2019-07-09 04:31:39,111 INFO  client.GrpcClientProtocolClient (GrpcClientProtocolClient.java:onNext(255)) - client-859D8C9D7B89->65797d0d-2d4a-456d-9b24-1d63a5102722: receive RaftClientReply:client-859D8C9D7B89->65797d0d-2d4a-456d-9b24-1d63a5102722@group-BA7C392EEBCA, cid=2832, SUCCESS, logIndex=4229, commits[65797d0d-2d4a-456d-9b24-1d63a5102722:c4230, aca3f3a4-0773-4ff1-9bb5-1a871868fd09:c4226, abe1c95d-8ae2-42e9-9d83-236e3c187d51:c4226]
2019-07-09 04:31:39,111 INFO  client.GrpcClientProtocolClient (GrpcClientProtocolClient.java:onNext(255)) - client-859D8C9D7B89->65797d0d-2d4a-456d-9b24-1d63a5102722: receive RaftClientReply:client-859D8C9D7B89->65797d0d-2d4a-456d-9b24-1d63a5102722@group-BA7C392EEBCA, cid=2833, SUCCESS, logIndex=4230, commits[65797d0d-2d4a-456d-9b24-1d63a5102722:c4230, aca3f3a4-0773-4ff1-9bb5-1a871868fd09:c4226, abe1c95d-8ae2-42e9-9d83-236e3c187d51:c4228]
2019-07-09 04:31:39,112 INFO  client.GrpcClientProtocolClient (GrpcClientProtocolClient.java:onNext(255)) - client-859D8C9D7B89->65797d0d-2d4a-456d-9b24-1d63a5102722: receive RaftClientReply:client-859D8C9D7B89->65797d0d-2d4a-456d-9b24-1d63a5102722@group-BA7C392EEBCA, cid=2834, SUCCESS, logIndex=0, commits[65797d0d-2d4a-456d-9b24-1d63a5102722:c4233, aca3f3a4-0773-4ff1-9bb5-1a871868fd09:c4228, abe1c95d-8ae2-42e9-9d83-236e3c187d51:c4230]
2019-07-09 04:31:39,136 INFO  client.GrpcClientProtocolClient (GrpcClientProtocolClient.java:onNext(255)) - client-859D8C9D7B89->65797d0d-2d4a-456d-9b24-1d63a5102722: receive RaftClientReply:client-859D8C9D7B89->65797d0d-2d4a-456d-9b24-1d63a5102722@group-BA7C392EEBCA, cid=2835, SUCCESS, logIndex=4234, commits[65797d0d-2d4a-456d-9b24-1d63a5102722:c4235, aca3f3a4-0773-4ff1-9bb5-1a871868fd09:c4233, abe1c95d-8ae2-42e9-9d83-236e3c187d51:c4230]
2019-07-09 04:31:39,136 INFO  client.GrpcClientProtocolClient (GrpcClientProtocolClient.java:onNext(255)) - client-859D8C9D7B89->65797d0d-2d4a-456d-9b24-1d63a5102722: receive RaftClientReply:client-859D8C9D7B89->65797d0d-2d4a-456d-9b24-1d63a5102722@group-BA7C392EEBCA, cid=2836, SUCCESS, logIndex=4235, commits[65797d0d-2d4a-456d-9b24-1d63a5102722:c4235, aca3f3a4-0773-4ff1-9bb5-1a871868fd09:c4233, abe1c95d-8ae2-42e9-9d83-236e3c187d51:c4233]
2019-07-09 04:31:39,159 INFO  client.GrpcClientProtocolClient (GrpcClientProtocolClient.java:onNext(255)) - client-859D8C9D7B89->65797d0d-2d4a-456d-9b24-1d63a5102722: receive RaftClientReply:client-859D8C9D7B89->65797d0d-2d4a-456d-9b24-1d63a5102722@group-BA7C392EEBCA, cid=2837, SUCCESS, logIndex=4238, commits[65797d0d-2d4a-456d-9b24-1d63a5102722:c4239, aca3f3a4-0773-4ff1-9bb5-1a871868fd09:c4237, abe1c95d-8ae2-42e9-9d83-236e3c187d51:c4237]
2019-07-09 04:31:39,159 INFO  client.GrpcClientProtocolClient (GrpcClientProtocolClient.java:onNext(255)) - client-859D8C9D7B89->65797d0d-2d4a-456d-9b24-1d63a5102722: receive RaftClientReply:client-859D8C9D7B89->65797d0d-2d4a-456d-9b24-1d63a5102722@group-BA7C392EEBCA, cid=2838, SUCCESS, logIndex=4239, commits[65797d0d-2d4a-456d-9b24-1d63a5102722:c4239, aca3f3a4-0773-4ff1-9bb5-1a871868fd09:c4237, abe1c95d-8ae2-42e9-9d83-236e3c187d51:c4237]
2019-07-09 04:31:39,182 INFO  client.GrpcClientProtocolClient (GrpcClientProtocolClient.java:onNext(255)) - client-859D8C9D7B89->65797d0d-2d4a-456d-9b24-1d63a5102722: receive RaftClientReply:client-859D8C9D7B89->65797d0d-2d4a-456d-9b24-1d63a5102722@group-BA7C392EEBCA, cid=2839, SUCCESS, logIndex=0, commits[65797d0d-2d4a-456d-9b24-1d63a5102722:c4241, aca3f3a4-0773-4ff1-9bb5-1a871868fd09:c4239, abe1c95d-8ae2-42e9-9d83-236e3c187d51:c4239]
2019-07-09 04:31:39,349 INFO  client.GrpcClientProtocolClient (GrpcClientProtocolClient.java:onNext(255)) - client-859D8C9D7B89->65797d0d-2d4a-456d-9b24-1d63a5102722: receive RaftClientReply:client-859D8C9D7B89->65797d0d-2d4a-456d-9b24-1d63a5102722@group-BA7C392EEBCA, cid=2840, SUCCESS, logIndex=4242, commits[65797d0d-2d4a-456d-9b24-1d63a5102722:c4244, aca3f3a4-0773-4ff1-9bb5-1a871868fd09:c4241, abe1c95d-8ae2-42e9-9d83-236e3c187d51:c4241]
2019-07-09 04:31:39,350 INFO  client.GrpcClientProtocolClient (GrpcClientProtocolClient.java:onNext(255)) - client-859D8C9D7B89->65797d0d-2d4a-456d-9b24-1d63a5102722: receive RaftClientReply:client-859D8C9D7B89->65797d0d-2d4a-456d-9b24-1d63a5102722@group-BA7C392EEBCA, cid=2841, SUCCESS, logIndex=4243, commits[65797d0d-2d4a-456d-9b24-1d63a5102722:c4245, aca3f3a4-0773-4ff1-9bb5-1a871868fd09:c4241, abe1c95d-8ae2-42e9-9d83-236e3c187d51:c4241]
2019-07-09 04:31:39,350 INFO  client.GrpcClientProtocolClient (GrpcClientProtocolClient.java:onNext(255)) - client-859D8C9D7B89->65797d0d-2d4a-456d-9b24-1d63a5102722: receive RaftClientReply:client-859D8C9D7B89->65797d0d-2d4a-456d-9b24-1d63a5102722@group-BA7C392EEBCA, cid=2842, SUCCESS, logIndex=4244, commits[65797d0d-2d4a-456d-9b24-1d63a5102722:c4245, aca3f3a4-0773-4ff1-9bb5-1a871868fd09:c4241, abe1c95d-8ae2-42e9-9d83-236e3c187d51:c4241]
2019-07-09 04:31:39,350 INFO  client.GrpcClientProtocolClient (GrpcClientProtocolClient.java:onNext(255)) - client-859D8C9D7B89->65797d0d-2d4a-456d-9b24-1d63a5102722: receive RaftClientReply:client-859D8C9D7B89->65797d0d-2d4a-456d-9b24-1d63a5102722@group-BA7C392EEBCA, cid=2843, SUCCESS, logIndex=4245, commits[65797d0d-2d4a-456d-9b24-1d63a5102722:c4245, aca3f3a4-0773-4ff1-9bb5-1a871868fd09:c4241, abe1c95d-8ae2-42e9-9d83-236e3c187d51:c4241]
2019-07-09 04:31:39,361 INFO  client.GrpcClientProtocolClient (GrpcClientProtocolClient.java:onNext(255)) - client-859D8C9D7B89->65797d0d-2d4a-456d-9b24-1d63a5102722: receive RaftClientReply:client-859D8C9D7B89->65797d0d-2d4a-456d-9b24-1d63a5102722@group-BA7C392EEBCA, cid=2844, SUCCESS, logIndex=0, commits[65797d0d-2d4a-456d-9b24-1d63a5102722:c4246, aca3f3a4-0773-4ff1-9bb5-1a871868fd09:c4243, abe1c95d-8ae2-42e9-9d83-236e3c187d51:c4243]
2019-07-09 04:31:39,382 INFO  client.GrpcClientProtocolClient (GrpcClientProtocolClient.java:onNext(255)) - client-859D8C9D7B89->65797d0d-2d4a-456d-9b24-1d63a5102722: receive RaftClientReply:client-859D8C9D7B89->65797d0d-2d4a-456d-9b24-1d63a5102722@group-BA7C392EEBCA, cid=2845, SUCCESS, logIndex=4250, commits[65797d0d-2d4a-456d-9b24-1d63a5102722:c4251, aca3f3a4-0773-4ff1-9bb5-1a871868fd09:c4249, abe1c95d-8ae2-42e9-9d83-236e3c187d51:c4249]
 0.00% |█                                                                                                    |  0/1 Time: 0:00:242019-07-09 04:31:39,383 INFO  client.GrpcClientProtocolClient (GrpcClientProtocolClient.java:onNext(255)) - client-859D8C9D7B89->65797d0d-2d4a-456d-9b24-1d63a5102722: receive RaftClientReply:client-859D8C9D7B89->65797d0d-2d4a-456d-9b24-1d63a5102722@group-BA7C392EEBCA, cid=2846, SUCCESS, logIndex=4251, commits[65797d0d-2d4a-456d-9b24-1d63a5102722:c4251, aca3f3a4-0773-4ff1-9bb5-1a871868fd09:c4249, abe1c95d-8ae2-42e9-9d83-236e3c187d51:c4249]
2019-07-09 04:31:39,408 INFO  client.GrpcClientProtocolClient (GrpcClientProtocolClient.java:onNext(255)) - client-859D8C9D7B89->65797d0d-2d4a-456d-9b24-1d63a5102722: receive RaftClientReply:client-859D8C9D7B89->65797d0d-2d4a-456d-9b24-1d63a5102722@group-BA7C392EEBCA, cid=2847, SUCCESS, logIndex=4254, commits[65797d0d-2d4a-456d-9b24-1d63a5102722:c4255, aca3f3a4-0773-4ff1-9bb5-1a871868fd09:c4251, abe1c95d-8ae2-42e9-9d83-236e3c187d51:c4251]
2019-07-09 04:31:39,408 INFO  client.GrpcClientProtocolClient (GrpcClientProtocolClient.java:onNext(255)) - client-859D8C9D7B89->65797d0d-2d4a-456d-9b24-1d63a5102722: receive RaftClientReply:client-859D8C9D7B89->65797d0d-2d4a-456d-9b24-1d63a5102722@group-BA7C392EEBCA, cid=2848, SUCCESS, logIndex=4255, commits[65797d0d-2d4a-456d-9b24-1d63a5102722:c4255, aca3f3a4-0773-4ff1-9bb5-1a871868fd09:c4251, abe1c95d-8ae2-42e9-9d83-236e3c187d51:c4251]
2019-07-09 04:31:39,421 INFO  client.GrpcClientProtocolClient (GrpcClientProtocolClient.java:onNext(255)) - client-859D8C9D7B89->65797d0d-2d4a-456d-9b24-1d63a5102722: receive RaftClientReply:client-859D8C9D7B89->65797d0d-2d4a-456d-9b24-1d63a5102722@group-BA7C392EEBCA, cid=2849, SUCCESS, logIndex=0, commits[65797d0d-2d4a-456d-9b24-1d63a5102722:c4257, aca3f3a4-0773-4ff1-9bb5-1a871868fd09:c4255, abe1c95d-8ae2-42e9-9d83-236e3c187d51:c4255]
2019-07-09 04:31:39,453 INFO  client.GrpcClientProtocolClient (GrpcClientProtocolClient.java:onNext(255)) - client-859D8C9D7B89->65797d0d-2d4a-456d-9b24-1d63a5102722: receive RaftClientReply:client-859D8C9D7B89->65797d0d-2d4a-456d-9b24-1d63a5102722@group-BA7C392EEBCA, cid=2850, SUCCESS, logIndex=4258, commits[65797d0d-2d4a-456d-9b24-1d63a5102722:c4260, aca3f3a4-0773-4ff1-9bb5-1a871868fd09:c4257, abe1c95d-8ae2-42e9-9d83-236e3c187d51:c4257]
2019-07-09 04:31:39,454 INFO  client.GrpcClientProtocolClient (GrpcClientProtocolClient.java:onNext(255)) - client-859D8C9D7B89->65797d0d-2d4a-456d-9b24-1d63a5102722: receive RaftClientReply:client-859D8C9D7B89->65797d0d-2d4a-456d-9b24-1d63a5102722@group-BA7C392EEBCA, cid=2851, SUCCESS, logIndex=4259, commits[65797d0d-2d4a-456d-9b24-1d63a5102722:c4261, aca3f3a4-0773-4ff1-9bb5-1a871868fd09:c4257, abe1c95d-8ae2-42e9-9d83-236e3c187d51:c4257]
2019-07-09 04:31:39,454 INFO  client.GrpcClientProtocolClient (GrpcClientProtocolClient.java:onNext(255)) - client-859D8C9D7B89->65797d0d-2d4a-456d-9b24-1d63a5102722: receive RaftClientReply:client-859D8C9D7B89->65797d0d-2d4a-456d-9b24-1d63a5102722@group-BA7C392EEBCA, cid=2852, SUCCESS, logIndex=4260, commits[65797d0d-2d4a-456d-9b24-1d63a5102722:c4261, aca3f3a4-0773-4ff1-9bb5-1a871868fd09:c4257, abe1c95d-8ae2-42e9-9d83-236e3c187d51:c4257]
2019-07-09 04:31:39,455 INFO  client.GrpcClientProtocolClient (GrpcClientProtocolClient.java:onNext(255)) - client-859D8C9D7B89->65797d0d-2d4a-456d-9b24-1d63a5102722: receive RaftClientReply:client-859D8C9D7B89->65797d0d-2d4a-456d-9b24-1d63a5102722@group-BA7C392EEBCA, cid=2853, SUCCESS, logIndex=4261, commits[65797d0d-2d4a-456d-9b24-1d63a5102722:c4261, aca3f3a4-0773-4ff1-9bb5-1a871868fd09:c4257, abe1c95d-8ae2-42e9-9d83-236e3c187d51:c4257]
2019-07-09 04:31:39,456 INFO  client.GrpcClientProtocolClient (GrpcClientProtocolClient.java:onNext(255)) - client-859D8C9D7B89->65797d0d-2d4a-456d-9b24-1d63a5102722: receive RaftClientReply:client-859D8C9D7B89->65797d0d-2d4a-456d-9b24-1d63a5102722@group-BA7C392EEBCA, cid=2854, SUCCESS, logIndex=0, commits[65797d0d-2d4a-456d-9b24-1d63a5102722:c4264, aca3f3a4-0773-4ff1-9bb5-1a871868fd09:c4259, abe1c95d-8ae2-42e9-9d83-236e3c187d51:c4260]
2019-07-09 04:31:39,478 INFO  client.GrpcClientProtocolClient (GrpcClientProtocolClient.java:onNext(255)) - client-859D8C9D7B89->65797d0d-2d4a-456d-9b24-1d63a5102722: receive RaftClientReply:client-859D8C9D7B89->65797d0d-2d4a-456d-9b24-1d63a5102722@group-BA7C392EEBCA, cid=2855, SUCCESS, logIndex=4266, commits[65797d0d-2d4a-456d-9b24-1d63a5102722:c4267, aca3f3a4-0773-4ff1-9bb5-1a871868fd09:c4265, abe1c95d-8ae2-42e9-9d83-236e3c187d51:c4265]
2019-07-09 04:31:39,479 INFO  client.GrpcClientProtocolClient (GrpcClientProtocolClient.java:onNext(255)) - client-859D8C9D7B89->65797d0d-2d4a-456d-9b24-1d63a5102722: receive RaftClientReply:client-859D8C9D7B89->65797d0d-2d4a-456d-9b24-1d63a5102722@group-BA7C392EEBCA, cid=2856, SUCCESS, logIndex=4267, commits[65797d0d-2d4a-456d-9b24-1d63a5102722:c4267, aca3f3a4-0773-4ff1-9bb5-1a871868fd09:c4265, abe1c95d-8ae2-42e9-9d83-236e3c187d51:c4265]
2019-07-09 04:31:39,503 INFO  client.GrpcClientProtocolClient (GrpcClientProtocolClient.java:onNext(255)) - client-859D8C9D7B89->65797d0d-2d4a-456d-9b24-1d63a5102722: receive RaftClientReply:client-859D8C9D7B89->65797d0d-2d4a-456d-9b24-1d63a5102722@group-BA7C392EEBCA, cid=2857, SUCCESS, logIndex=4270, commits[65797d0d-2d4a-456d-9b24-1d63a5102722:c4271, aca3f3a4-0773-4ff1-9bb5-1a871868fd09:c4266, abe1c95d-8ae2-42e9-9d83-236e3c187d51:c4267]
2019-07-09 04:31:39,504 INFO  client.GrpcClientProtocolClient (GrpcClientProtocolClient.java:onNext(255)) - client-859D8C9D7B89->65797d0d-2d4a-456d-9b24-1d63a5102722: receive RaftClientReply:client-859D8C9D7B89->65797d0d-2d4a-456d-9b24-1d63a5102722@group-BA7C392EEBCA, cid=2858, SUCCESS, logIndex=4271, commits[65797d0d-2d4a-456d-9b24-1d63a5102722:c4271, aca3f3a4-0773-4ff1-9bb5-1a871868fd09:c4267, abe1c95d-8ae2-42e9-9d83-236e3c187d51:c4267]
2019-07-09 04:31:39,507 INFO  client.GrpcClientProtocolClient (GrpcClientProtocolClient.java:onNext(255)) - client-859D8C9D7B89->65797d0d-2d4a-456d-9b24-1d63a5102722: receive RaftClientReply:client-859D8C9D7B89->65797d0d-2d4a-456d-9b24-1d63a5102722@group-BA7C392EEBCA, cid=2859, SUCCESS, logIndex=0, commits[65797d0d-2d4a-456d-9b24-1d63a5102722:c4273, aca3f3a4-0773-4ff1-9bb5-1a871868fd09:c4271, abe1c95d-8ae2-42e9-9d83-236e3c187d51:c4271]
2019-07-09 04:31:39,546 INFO  client.GrpcClientProtocolClient (GrpcClientProtocolClient.java:onNext(255)) - client-859D8C9D7B89->65797d0d-2d4a-456d-9b24-1d63a5102722: receive RaftClientReply:client-859D8C9D7B89->65797d0d-2d4a-456d-9b24-1d63a5102722@group-BA7C392EEBCA, cid=2860, SUCCESS, logIndex=4274, commits[65797d0d-2d4a-456d-9b24-1d63a5102722:c4275, aca3f3a4-0773-4ff1-9bb5-1a871868fd09:c4273, abe1c95d-8ae2-42e9-9d83-236e3c187d51:c4273]
2019-07-09 04:31:39,546 INFO  client.GrpcClientProtocolClient (GrpcClientProtocolClient.java:onNext(255)) - client-859D8C9D7B89->65797d0d-2d4a-456d-9b24-1d63a5102722: receive RaftClientReply:client-859D8C9D7B89->65797d0d-2d4a-456d-9b24-1d63a5102722@group-BA7C392EEBCA, cid=2861, SUCCESS, logIndex=4275, commits[65797d0d-2d4a-456d-9b24-1d63a5102722:c4277, aca3f3a4-0773-4ff1-9bb5-1a871868fd09:c4273, abe1c95d-8ae2-42e9-9d83-236e3c187d51:c4273]
2019-07-09 04:31:39,547 INFO  client.GrpcClientProtocolClient (GrpcClientProtocolClient.java:onNext(255)) - client-859D8C9D7B89->65797d0d-2d4a-456d-9b24-1d63a5102722: receive RaftClientReply:client-859D8C9D7B89->65797d0d-2d4a-456d-9b24-1d63a5102722@group-BA7C392EEBCA, cid=2862, SUCCESS, logIndex=4276, commits[65797d0d-2d4a-456d-9b24-1d63a5102722:c4277, aca3f3a4-0773-4ff1-9bb5-1a871868fd09:c4273, abe1c95d-8ae2-42e9-9d83-236e3c187d51:c4273]
2019-07-09 04:31:39,547 INFO  client.GrpcClientProtocolClient (GrpcClientProtocolClient.java:onNext(255)) - client-859D8C9D7B89->65797d0d-2d4a-456d-9b24-1d63a5102722: receive RaftClientReply:client-859D8C9D7B89->65797d0d-2d4a-456d-9b24-1d63a5102722@group-BA7C392EEBCA, cid=2863, SUCCESS, logIndex=4277, commits[65797d0d-2d4a-456d-9b24-1d63a5102722:c4277, aca3f3a4-0773-4ff1-9bb5-1a871868fd09:c4273, abe1c95d-8ae2-42e9-9d83-236e3c187d51:c4273]
2019-07-09 04:31:39,558 INFO  client.GrpcClientProtocolClient (GrpcClientProtocolClient.java:onNext(255)) - client-859D8C9D7B89->65797d0d-2d4a-456d-9b24-1d63a5102722: receive RaftClientReply:client-859D8C9D7B89->65797d0d-2d4a-456d-9b24-1d63a5102722@group-BA7C392EEBCA, cid=2864, SUCCESS, logIndex=0, commits[65797d0d-2d4a-456d-9b24-1d63a5102722:c4279, aca3f3a4-0773-4ff1-9bb5-1a871868fd09:c4275, abe1c95d-8ae2-42e9-9d83-236e3c187d51:c4276]
2019-07-09 04:31:39,580 INFO  client.GrpcClientProtocolClient (GrpcClientProtocolClient.java:onNext(255)) - client-859D8C9D7B89->65797d0d-2d4a-456d-9b24-1d63a5102722: receive RaftClientReply:client-859D8C9D7B89->65797d0d-2d4a-456d-9b24-1d63a5102722@group-BA7C392EEBCA, cid=2865, SUCCESS, logIndex=4282, commits[65797d0d-2d4a-456d-9b24-1d63a5102722:c4283, aca3f3a4-0773-4ff1-9bb5-1a871868fd09:c4281, abe1c95d-8ae2-42e9-9d83-236e3c187d51:c4281]
2019-07-09 04:31:39,581 INFO  client.GrpcClientProtocolClient (GrpcClientProtocolClient.java:onNext(255)) - client-859D8C9D7B89->65797d0d-2d4a-456d-9b24-1d63a5102722: receive RaftClientReply:client-859D8C9D7B89->65797d0d-2d4a-456d-9b24-1d63a5102722@group-BA7C392EEBCA, cid=2866, SUCCESS, logIndex=4283, commits[65797d0d-2d4a-456d-9b24-1d63a5102722:c4283, aca3f3a4-0773-4ff1-9bb5-1a871868fd09:c4281, abe1c95d-8ae2-42e9-9d83-236e3c187d51:c4281]
2019-07-09 04:31:39,609 INFO  client.GrpcClientProtocolClient (GrpcClientProtocolClient.java:onNext(255)) - client-859D8C9D7B89->65797d0d-2d4a-456d-9b24-1d63a5102722: receive RaftClientReply:client-859D8C9D7B89->65797d0d-2d4a-456d-9b24-1d63a5102722@group-BA7C392EEBCA, cid=2867, SUCCESS, logIndex=4286, commits[65797d0d-2d4a-456d-9b24-1d63a5102722:c4287, aca3f3a4-0773-4ff1-9bb5-1a871868fd09:c4282, abe1c95d-8ae2-42e9-9d83-236e3c187d51:c4283]
2019-07-09 04:31:39,609 INFO  client.GrpcClientProtocolClient (GrpcClientProtocolClient.java:onNext(255)) - client-859D8C9D7B89->65797d0d-2d4a-456d-9b24-1d63a5102722: receive RaftClientReply:client-859D8C9D7B89->65797d0d-2d4a-456d-9b24-1d63a5102722@group-BA7C392EEBCA, cid=2868, SUCCESS, logIndex=4287, commits[65797d0d-2d4a-456d-9b24-1d63a5102722:c4287, aca3f3a4-0773-4ff1-9bb5-1a871868fd09:c4283, abe1c95d-8ae2-42e9-9d83-236e3c187d51:c4283]
2019-07-09 04:31:39,619 INFO  client.GrpcClientProtocolClient (GrpcClientProtocolClient.java:onNext(255)) - client-859D8C9D7B89->65797d0d-2d4a-456d-9b24-1d63a5102722: receive RaftClientReply:client-859D8C9D7B89->65797d0d-2d4a-456d-9b24-1d63a5102722@group-BA7C392EEBCA, cid=2869, SUCCESS, logIndex=0, commits[65797d0d-2d4a-456d-9b24-1d63a5102722:c4289, aca3f3a4-0773-4ff1-9bb5-1a871868fd09:c4287, abe1c95d-8ae2-42e9-9d83-236e3c187d51:c4287]
2019-07-09 04:31:39,655 INFO  client.GrpcClientProtocolClient (GrpcClientProtocolClient.java:onNext(255)) - client-859D8C9D7B89->65797d0d-2d4a-456d-9b24-1d63a5102722: receive RaftClientReply:client-859D8C9D7B89->65797d0d-2d4a-456d-9b24-1d63a5102722@group-BA7C392EEBCA, cid=2870, SUCCESS, logIndex=4290, commits[65797d0d-2d4a-456d-9b24-1d63a5102722:c4291, aca3f3a4-0773-4ff1-9bb5-1a871868fd09:c4289, abe1c95d-8ae2-42e9-9d83-236e3c187d51:c4289]
2019-07-09 04:31:39,656 INFO  client.GrpcClientProtocolClient (GrpcClientProtocolClient.java:onNext(255)) - client-859D8C9D7B89->65797d0d-2d4a-456d-9b24-1d63a5102722: receive RaftClientReply:client-859D8C9D7B89->65797d0d-2d4a-456d-9b24-1d63a5102722@group-BA7C392EEBCA, cid=2871, SUCCESS, logIndex=4291, commits[65797d0d-2d4a-456d-9b24-1d63a5102722:c4292, aca3f3a4-0773-4ff1-9bb5-1a871868fd09:c4289, abe1c95d-8ae2-42e9-9d83-236e3c187d51:c4289]
2019-07-09 04:31:39,657 INFO  client.GrpcClientProtocolClient (GrpcClientProtocolClient.java:onNext(255)) - client-859D8C9D7B89->65797d0d-2d4a-456d-9b24-1d63a5102722: receive RaftClientReply:client-859D8C9D7B89->65797d0d-2d4a-456d-9b24-1d63a5102722@group-BA7C392EEBCA, cid=2872, SUCCESS, logIndex=4292, commits[65797d0d-2d4a-456d-9b24-1d63a5102722:c4293, aca3f3a4-0773-4ff1-9bb5-1a871868fd09:c4289, abe1c95d-8ae2-42e9-9d83-236e3c187d51:c4289]
2019-07-09 04:31:39,657 INFO  client.GrpcClientProtocolClient (GrpcClientProtocolClient.java:onNext(255)) - client-859D8C9D7B89->65797d0d-2d4a-456d-9b24-1d63a5102722: receive RaftClientReply:client-859D8C9D7B89->65797d0d-2d4a-456d-9b24-1d63a5102722@group-BA7C392EEBCA, cid=2873, SUCCESS, logIndex=4293, commits[65797d0d-2d4a-456d-9b24-1d63a5102722:c4294, aca3f3a4-0773-4ff1-9bb5-1a871868fd09:c4289, abe1c95d-8ae2-42e9-9d83-236e3c187d51:c4291]
2019-07-09 04:31:39,658 INFO  client.GrpcClientProtocolClient (GrpcClientProtocolClient.java:onNext(255)) - client-859D8C9D7B89->65797d0d-2d4a-456d-9b24-1d63a5102722: receive RaftClientReply:client-859D8C9D7B89->65797d0d-2d4a-456d-9b24-1d63a5102722@group-BA7C392EEBCA, cid=2874, SUCCESS, logIndex=0, commits[65797d0d-2d4a-456d-9b24-1d63a5102722:c4297, aca3f3a4-0773-4ff1-9bb5-1a871868fd09:c4292, abe1c95d-8ae2-42e9-9d83-236e3c187d51:c4293]
2019-07-09 04:31:39,673 INFO  client.GrpcClientProtocolClient (GrpcClientProtocolClient.java:onNext(255)) - client-859D8C9D7B89->65797d0d-2d4a-456d-9b24-1d63a5102722: receive RaftClientReply:client-859D8C9D7B89->65797d0d-2d4a-456d-9b24-1d63a5102722@group-BA7C392EEBCA, cid=2875, SUCCESS, logIndex=4298, commits[65797d0d-2d4a-456d-9b24-1d63a5102722:c4299, aca3f3a4-0773-4ff1-9bb5-1a871868fd09:c4297, abe1c95d-8ae2-42e9-9d83-236e3c187d51:c4293]
2019-07-09 04:31:39,673 INFO  client.GrpcClientProtocolClient (GrpcClientProtocolClient.java:onNext(255)) - client-859D8C9D7B89->65797d0d-2d4a-456d-9b24-1d63a5102722: receive RaftClientReply:client-859D8C9D7B89->65797d0d-2d4a-456d-9b24-1d63a5102722@group-BA7C392EEBCA, cid=2876, SUCCESS, logIndex=4299, commits[65797d0d-2d4a-456d-9b24-1d63a5102722:c4299, aca3f3a4-0773-4ff1-9bb5-1a871868fd09:c4297, abe1c95d-8ae2-42e9-9d83-236e3c187d51:c4297]
2019-07-09 04:31:39,702 INFO  client.GrpcClientProtocolClient (GrpcClientProtocolClient.java:onNext(255)) - client-859D8C9D7B89->65797d0d-2d4a-456d-9b24-1d63a5102722: receive RaftClientReply:client-859D8C9D7B89->65797d0d-2d4a-456d-9b24-1d63a5102722@group-BA7C392EEBCA, cid=2877, SUCCESS, logIndex=4302, commits[65797d0d-2d4a-456d-9b24-1d63a5102722:c4303, aca3f3a4-0773-4ff1-9bb5-1a871868fd09:c4301, abe1c95d-8ae2-42e9-9d83-236e3c187d51:c4301]
2019-07-09 04:31:39,702 INFO  client.GrpcClientProtocolClient (GrpcClientProtocolClient.java:onNext(255)) - client-859D8C9D7B89->65797d0d-2d4a-456d-9b24-1d63a5102722: receive RaftClientReply:client-859D8C9D7B89->65797d0d-2d4a-456d-9b24-1d63a5102722@group-BA7C392EEBCA, cid=2878, SUCCESS, logIndex=4303, commits[65797d0d-2d4a-456d-9b24-1d63a5102722:c4303, aca3f3a4-0773-4ff1-9bb5-1a871868fd09:c4301, abe1c95d-8ae2-42e9-9d83-236e3c187d51:c4301]
2019-07-09 04:31:39,715 INFO  client.GrpcClientProtocolClient (GrpcClientProtocolClient.java:onNext(255)) - client-859D8C9D7B89->65797d0d-2d4a-456d-9b24-1d63a5102722: receive RaftClientReply:client-859D8C9D7B89->65797d0d-2d4a-456d-9b24-1d63a5102722@group-BA7C392EEBCA, cid=2879, SUCCESS, logIndex=0, commits[65797d0d-2d4a-456d-9b24-1d63a5102722:c4305, aca3f3a4-0773-4ff1-9bb5-1a871868fd09:c4303, abe1c95d-8ae2-42e9-9d83-236e3c187d51:c4303]
2019-07-09 04:31:39,749 INFO  client.GrpcClientProtocolClient (GrpcClientProtocolClient.java:onNext(255)) - client-859D8C9D7B89->65797d0d-2d4a-456d-9b24-1d63a5102722: receive RaftClientReply:client-859D8C9D7B89->65797d0d-2d4a-456d-9b24-1d63a5102722@group-BA7C392EEBCA, cid=2880, SUCCESS, logIndex=4306, commits[65797d0d-2d4a-456d-9b24-1d63a5102722:c4307, aca3f3a4-0773-4ff1-9bb5-1a871868fd09:c4305, abe1c95d-8ae2-42e9-9d83-236e3c187d51:c4305]
2019-07-09 04:31:39,750 INFO  client.GrpcClientProtocolClient (GrpcClientProtocolClient.java:onNext(255)) - client-859D8C9D7B89->65797d0d-2d4a-456d-9b24-1d63a5102722: receive RaftClientReply:client-859D8C9D7B89->65797d0d-2d4a-456d-9b24-1d63a5102722@group-BA7C392EEBCA, cid=2881, SUCCESS, logIndex=4307, commits[65797d0d-2d4a-456d-9b24-1d63a5102722:c4307, aca3f3a4-0773-4ff1-9bb5-1a871868fd09:c4305, abe1c95d-8ae2-42e9-9d83-236e3c187d51:c4305]
2019-07-09 04:31:39,751 INFO  client.GrpcClientProtocolClient (GrpcClientProtocolClient.java:onNext(255)) - client-859D8C9D7B89->65797d0d-2d4a-456d-9b24-1d63a5102722: receive RaftClientReply:client-859D8C9D7B89->65797d0d-2d4a-456d-9b24-1d63a5102722@group-BA7C392EEBCA, cid=2882, SUCCESS, logIndex=4308, commits[65797d0d-2d4a-456d-9b24-1d63a5102722:c4309, aca3f3a4-0773-4ff1-9bb5-1a871868fd09:c4305, abe1c95d-8ae2-42e9-9d83-236e3c187d51:c4305]
2019-07-09 04:31:39,752 INFO  client.GrpcClientProtocolClient (GrpcClientProtocolClient.java:onNext(255)) - client-859D8C9D7B89->65797d0d-2d4a-456d-9b24-1d63a5102722: receive RaftClientReply:client-859D8C9D7B89->65797d0d-2d4a-456d-9b24-1d63a5102722@group-BA7C392EEBCA, cid=2883, SUCCESS, logIndex=4309, commits[65797d0d-2d4a-456d-9b24-1d63a5102722:c4309, aca3f3a4-0773-4ff1-9bb5-1a871868fd09:c4305, abe1c95d-8ae2-42e9-9d83-236e3c187d51:c4305]
2019-07-09 04:31:39,757 INFO  client.GrpcClientProtocolClient (GrpcClientProtocolClient.java:onNext(255)) - client-859D8C9D7B89->65797d0d-2d4a-456d-9b24-1d63a5102722: receive RaftClientReply:client-859D8C9D7B89->65797d0d-2d4a-456d-9b24-1d63a5102722@group-BA7C392EEBCA, cid=2884, SUCCESS, logIndex=0, commits[65797d0d-2d4a-456d-9b24-1d63a5102722:c4313, aca3f3a4-0773-4ff1-9bb5-1a871868fd09:c4309, abe1c95d-8ae2-42e9-9d83-236e3c187d51:c4309]
2019-07-09 04:31:39,785 INFO  client.GrpcClientProtocolClient (GrpcClientProtocolClient.java:onNext(255)) - client-859D8C9D7B89->65797d0d-2d4a-456d-9b24-1d63a5102722: receive RaftClientReply:client-859D8C9D7B89->65797d0d-2d4a-456d-9b24-1d63a5102722@group-BA7C392EEBCA, cid=2885, SUCCESS, logIndex=4314, commits[65797d0d-2d4a-456d-9b24-1d63a5102722:c4315, aca3f3a4-0773-4ff1-9bb5-1a871868fd09:c4313, abe1c95d-8ae2-42e9-9d83-236e3c187d51:c4313]
2019-07-09 04:31:39,785 INFO  client.GrpcClientProtocolClient (GrpcClientProtocolClient.java:onNext(255)) - client-859D8C9D7B89->65797d0d-2d4a-456d-9b24-1d63a5102722: receive RaftClientReply:client-859D8C9D7B89->65797d0d-2d4a-456d-9b24-1d63a5102722@group-BA7C392EEBCA, cid=2886, SUCCESS, logIndex=4315, commits[65797d0d-2d4a-456d-9b24-1d63a5102722:c4315, aca3f3a4-0773-4ff1-9bb5-1a871868fd09:c4313, abe1c95d-8ae2-42e9-9d83-236e3c187d51:c4313]
2019-07-09 04:31:39,810 INFO  client.GrpcClientProtocolClient (GrpcClientProtocolClient.java:onNext(255)) - client-859D8C9D7B89->65797d0d-2d4a-456d-9b24-1d63a5102722: receive RaftClientReply:client-859D8C9D7B89->65797d0d-2d4a-456d-9b24-1d63a5102722@group-BA7C392EEBCA, cid=2887, SUCCESS, logIndex=4318, commits[65797d0d-2d4a-456d-9b24-1d63a5102722:c4319, aca3f3a4-0773-4ff1-9bb5-1a871868fd09:c4314, abe1c95d-8ae2-42e9-9d83-236e3c187d51:c4315]
2019-07-09 04:31:39,811 INFO  client.GrpcClientProtocolClient (GrpcClientProtocolClient.java:onNext(255)) - client-859D8C9D7B89->65797d0d-2d4a-456d-9b24-1d63a5102722: receive RaftClientReply:client-859D8C9D7B89->65797d0d-2d4a-456d-9b24-1d63a5102722@group-BA7C392EEBCA, cid=2888, SUCCESS, logIndex=4319, commits[65797d0d-2d4a-456d-9b24-1d63a5102722:c4319, aca3f3a4-0773-4ff1-9bb5-1a871868fd09:c4315, abe1c95d-8ae2-42e9-9d83-236e3c187d51:c4315]
2019-07-09 04:31:39,813 INFO  client.GrpcClientProtocolClient (GrpcClientProtocolClient.java:onNext(255)) - client-859D8C9D7B89->65797d0d-2d4a-456d-9b24-1d63a5102722: receive RaftClientReply:client-859D8C9D7B89->65797d0d-2d4a-456d-9b24-1d63a5102722@group-BA7C392EEBCA, cid=2889, SUCCESS, logIndex=0, commits[65797d0d-2d4a-456d-9b24-1d63a5102722:c4320, aca3f3a4-0773-4ff1-9bb5-1a871868fd09:c4319, abe1c95d-8ae2-42e9-9d83-236e3c187d51:c4319]
2019-07-09 04:31:39,849 INFO  client.GrpcClientProtocolClient (GrpcClientProtocolClient.java:onNext(255)) - client-859D8C9D7B89->65797d0d-2d4a-456d-9b24-1d63a5102722: receive RaftClientReply:client-859D8C9D7B89->65797d0d-2d4a-456d-9b24-1d63a5102722@group-BA7C392EEBCA, cid=2890, SUCCESS, logIndex=4322, commits[65797d0d-2d4a-456d-9b24-1d63a5102722:c4324, aca3f3a4-0773-4ff1-9bb5-1a871868fd09:c4321, abe1c95d-8ae2-42e9-9d83-236e3c187d51:c4321]
2019-07-09 04:31:39,849 INFO  client.GrpcClientProtocolClient (GrpcClientProtocolClient.java:onNext(255)) - client-859D8C9D7B89->65797d0d-2d4a-456d-9b24-1d63a5102722: receive RaftClientReply:client-859D8C9D7B89->65797d0d-2d4a-456d-9b24-1d63a5102722@group-BA7C392EEBCA, cid=2891, SUCCESS, logIndex=4323, commits[65797d0d-2d4a-456d-9b24-1d63a5102722:c4325, aca3f3a4-0773-4ff1-9bb5-1a871868fd09:c4321, abe1c95d-8ae2-42e9-9d83-236e3c187d51:c4321]
2019-07-09 04:31:39,850 INFO  client.GrpcClientProtocolClient (GrpcClientProtocolClient.java:onNext(255)) - client-859D8C9D7B89->65797d0d-2d4a-456d-9b24-1d63a5102722: receive RaftClientReply:client-859D8C9D7B89->65797d0d-2d4a-456d-9b24-1d63a5102722@group-BA7C392EEBCA, cid=2892, SUCCESS, logIndex=4324, commits[65797d0d-2d4a-456d-9b24-1d63a5102722:c4325, aca3f3a4-0773-4ff1-9bb5-1a871868fd09:c4321, abe1c95d-8ae2-42e9-9d83-236e3c187d51:c4321]
2019-07-09 04:31:39,850 INFO  client.GrpcClientProtocolClient (GrpcClientProtocolClient.java:onNext(255)) - client-859D8C9D7B89->65797d0d-2d4a-456d-9b24-1d63a5102722: receive RaftClientReply:client-859D8C9D7B89->65797d0d-2d4a-456d-9b24-1d63a5102722@group-BA7C392EEBCA, cid=2893, SUCCESS, logIndex=4325, commits[65797d0d-2d4a-456d-9b24-1d63a5102722:c4325, aca3f3a4-0773-4ff1-9bb5-1a871868fd09:c4321, abe1c95d-8ae2-42e9-9d83-236e3c187d51:c4321]
2019-07-09 04:31:39,860 INFO  client.GrpcClientProtocolClient (GrpcClientProtocolClient.java:onNext(255)) - client-859D8C9D7B89->65797d0d-2d4a-456d-9b24-1d63a5102722: receive RaftClientReply:client-859D8C9D7B89->65797d0d-2d4a-456d-9b24-1d63a5102722@group-BA7C392EEBCA, cid=2894, SUCCESS, logIndex=0, commits[65797d0d-2d4a-456d-9b24-1d63a5102722:c4326, aca3f3a4-0773-4ff1-9bb5-1a871868fd09:c4323, abe1c95d-8ae2-42e9-9d83-236e3c187d51:c4323]
2019-07-09 04:31:39,880 INFO  client.GrpcClientProtocolClient (GrpcClientProtocolClient.java:onNext(255)) - client-859D8C9D7B89->65797d0d-2d4a-456d-9b24-1d63a5102722: receive RaftClientReply:client-859D8C9D7B89->65797d0d-2d4a-456d-9b24-1d63a5102722@group-BA7C392EEBCA, cid=2895, SUCCESS, logIndex=4330, commits[65797d0d-2d4a-456d-9b24-1d63a5102722:c4331, aca3f3a4-0773-4ff1-9bb5-1a871868fd09:c4329, abe1c95d-8ae2-42e9-9d83-236e3c187d51:c4329]
2019-07-09 04:31:39,880 INFO  client.GrpcClientProtocolClient (GrpcClientProtocolClient.java:onNext(255)) - client-859D8C9D7B89->65797d0d-2d4a-456d-9b24-1d63a5102722: receive RaftClientReply:client-859D8C9D7B89->65797d0d-2d4a-456d-9b24-1d63a5102722@group-BA7C392EEBCA, cid=2896, SUCCESS, logIndex=4331, commits[65797d0d-2d4a-456d-9b24-1d63a5102722:c4331, aca3f3a4-0773-4ff1-9bb5-1a871868fd09:c4329, abe1c95d-8ae2-42e9-9d83-236e3c187d51:c4329]
2019-07-09 04:31:39,893 INFO  client.GrpcClientProtocolClient (GrpcClientProtocolClient.java:onNext(255)) - client-859D8C9D7B89->65797d0d-2d4a-456d-9b24-1d63a5102722: receive RaftClientReply:client-859D8C9D7B89->65797d0d-2d4a-456d-9b24-1d63a5102722@group-BA7C392EEBCA, cid=2897, SUCCESS, logIndex=4334, commits[65797d0d-2d4a-456d-9b24-1d63a5102722:c4335, aca3f3a4-0773-4ff1-9bb5-1a871868fd09:c4331, abe1c95d-8ae2-42e9-9d83-236e3c187d51:c4331]
2019-07-09 04:31:39,894 INFO  client.GrpcClientProtocolClient (GrpcClientProtocolClient.java:onNext(255)) - client-859D8C9D7B89->65797d0d-2d4a-456d-9b24-1d63a5102722: receive RaftClientReply:client-859D8C9D7B89->65797d0d-2d4a-456d-9b24-1d63a5102722@group-BA7C392EEBCA, cid=2898, SUCCESS, logIndex=4335, commits[65797d0d-2d4a-456d-9b24-1d63a5102722:c4335, aca3f3a4-0773-4ff1-9bb5-1a871868fd09:c4331, abe1c95d-8ae2-42e9-9d83-236e3c187d51:c4331]
2019-07-09 04:31:39,906 INFO  client.GrpcClientProtocolClient (GrpcClientProtocolClient.java:onNext(255)) - client-859D8C9D7B89->65797d0d-2d4a-456d-9b24-1d63a5102722: receive RaftClientReply:client-859D8C9D7B89->65797d0d-2d4a-456d-9b24-1d63a5102722@group-BA7C392EEBCA, cid=2899, SUCCESS, logIndex=0, commits[65797d0d-2d4a-456d-9b24-1d63a5102722:c4337, aca3f3a4-0773-4ff1-9bb5-1a871868fd09:c4335, abe1c95d-8ae2-42e9-9d83-236e3c187d51:c4335]
2019-07-09 04:31:39,937 INFO  client.GrpcClientProtocolClient (GrpcClientProtocolClient.java:onNext(255)) - client-859D8C9D7B89->65797d0d-2d4a-456d-9b24-1d63a5102722: receive RaftClientReply:client-859D8C9D7B89->65797d0d-2d4a-456d-9b24-1d63a5102722@group-BA7C392EEBCA, cid=2900, SUCCESS, logIndex=4338, commits[65797d0d-2d4a-456d-9b24-1d63a5102722:c4340, aca3f3a4-0773-4ff1-9bb5-1a871868fd09:c4337, abe1c95d-8ae2-42e9-9d83-236e3c187d51:c4337]
2019-07-09 04:31:39,937 INFO  client.GrpcClientProtocolClient (GrpcClientProtocolClient.java:onNext(255)) - client-859D8C9D7B89->65797d0d-2d4a-456d-9b24-1d63a5102722: receive RaftClientReply:client-859D8C9D7B89->65797d0d-2d4a-456d-9b24-1d63a5102722@group-BA7C392EEBCA, cid=2901, SUCCESS, logIndex=4339, commits[65797d0d-2d4a-456d-9b24-1d63a5102722:c4341, aca3f3a4-0773-4ff1-9bb5-1a871868fd09:c4337, abe1c95d-8ae2-42e9-9d83-236e3c187d51:c4337]
2019-07-09 04:31:39,937 INFO  client.GrpcClientProtocolClient (GrpcClientProtocolClient.java:onNext(255)) - client-859D8C9D7B89->65797d0d-2d4a-456d-9b24-1d63a5102722: receive RaftClientReply:client-859D8C9D7B89->65797d0d-2d4a-456d-9b24-1d63a5102722@group-BA7C392EEBCA, cid=2902, SUCCESS, logIndex=4340, commits[65797d0d-2d4a-456d-9b24-1d63a5102722:c4341, aca3f3a4-0773-4ff1-9bb5-1a871868fd09:c4337, abe1c95d-8ae2-42e9-9d83-236e3c187d51:c4337]
2019-07-09 04:31:39,938 INFO  client.GrpcClientProtocolClient (GrpcClientProtocolClient.java:onNext(255)) - client-859D8C9D7B89->65797d0d-2d4a-456d-9b24-1d63a5102722: receive RaftClientReply:client-859D8C9D7B89->65797d0d-2d4a-456d-9b24-1d63a5102722@group-BA7C392EEBCA, cid=2903, SUCCESS, logIndex=4341, commits[65797d0d-2d4a-456d-9b24-1d63a5102722:c4341, aca3f3a4-0773-4ff1-9bb5-1a871868fd09:c4337, abe1c95d-8ae2-42e9-9d83-236e3c187d51:c4337]
2019-07-09 04:31:39,950 INFO  client.GrpcClientProtocolClient (GrpcClientProtocolClient.java:onNext(255)) - client-859D8C9D7B89->65797d0d-2d4a-456d-9b24-1d63a5102722: receive RaftClientReply:client-859D8C9D7B89->65797d0d-2d4a-456d-9b24-1d63a5102722@group-BA7C392EEBCA, cid=2904, SUCCESS, logIndex=0, commits[65797d0d-2d4a-456d-9b24-1d63a5102722:c4345, aca3f3a4-0773-4ff1-9bb5-1a871868fd09:c4340, abe1c95d-8ae2-42e9-9d83-236e3c187d51:c4341]
2019-07-09 04:31:39,969 INFO  client.GrpcClientProtocolClient (GrpcClientProtocolClient.java:onNext(255)) - client-859D8C9D7B89->65797d0d-2d4a-456d-9b24-1d63a5102722: receive RaftClientReply:client-859D8C9D7B89->65797d0d-2d4a-456d-9b24-1d63a5102722@group-BA7C392EEBCA, cid=2905, SUCCESS, logIndex=4346, commits[65797d0d-2d4a-456d-9b24-1d63a5102722:c4346, aca3f3a4-0773-4ff1-9bb5-1a871868fd09:c4345, abe1c95d-8ae2-42e9-9d83-236e3c187d51:c4345]
2019-07-09 04:31:39,969 INFO  client.GrpcClientProtocolClient (GrpcClientProtocolClient.java:onNext(255)) - client-859D8C9D7B89->65797d0d-2d4a-456d-9b24-1d63a5102722: receive RaftClientReply:client-859D8C9D7B89->65797d0d-2d4a-456d-9b24-1d63a5102722@group-BA7C392EEBCA, cid=2906, SUCCESS, logIndex=4347, commits[65797d0d-2d4a-456d-9b24-1d63a5102722:c4347, aca3f3a4-0773-4ff1-9bb5-1a871868fd09:c4345, abe1c95d-8ae2-42e9-9d83-236e3c187d51:c4345]
2019-07-09 04:31:39,982 INFO  client.GrpcClientProtocolClient (GrpcClientProtocolClient.java:onNext(255)) - client-859D8C9D7B89->65797d0d-2d4a-456d-9b24-1d63a5102722: receive RaftClientReply:client-859D8C9D7B89->65797d0d-2d4a-456d-9b24-1d63a5102722@group-BA7C392EEBCA, cid=2907, SUCCESS, logIndex=4350, commits[65797d0d-2d4a-456d-9b24-1d63a5102722:c4351, aca3f3a4-0773-4ff1-9bb5-1a871868fd09:c4347, abe1c95d-8ae2-42e9-9d83-236e3c187d51:c4347]
2019-07-09 04:31:39,983 INFO  client.GrpcClientProtocolClient (GrpcClientProtocolClient.java:onNext(255)) - client-859D8C9D7B89->65797d0d-2d4a-456d-9b24-1d63a5102722: receive RaftClientReply:client-859D8C9D7B89->65797d0d-2d4a-456d-9b24-1d63a5102722@group-BA7C392EEBCA, cid=2908, SUCCESS, logIndex=4351, commits[65797d0d-2d4a-456d-9b24-1d63a5102722:c4351, aca3f3a4-0773-4ff1-9bb5-1a871868fd09:c4347, abe1c95d-8ae2-42e9-9d83-236e3c187d51:c4347]
2019-07-09 04:31:39,997 INFO  client.GrpcClientProtocolClient (GrpcClientProtocolClient.java:onNext(255)) - client-859D8C9D7B89->65797d0d-2d4a-456d-9b24-1d63a5102722: receive RaftClientReply:client-859D8C9D7B89->65797d0d-2d4a-456d-9b24-1d63a5102722@group-BA7C392EEBCA, cid=2909, SUCCESS, logIndex=0, commits[65797d0d-2d4a-456d-9b24-1d63a5102722:c4352, aca3f3a4-0773-4ff1-9bb5-1a871868fd09:c4351, abe1c95d-8ae2-42e9-9d83-236e3c187d51:c4351]
2019-07-09 04:31:40,031 INFO  client.GrpcClientProtocolClient (GrpcClientProtocolClient.java:onNext(255)) - client-859D8C9D7B89->65797d0d-2d4a-456d-9b24-1d63a5102722: receive RaftClientReply:client-859D8C9D7B89->65797d0d-2d4a-456d-9b24-1d63a5102722@group-BA7C392EEBCA, cid=2910, SUCCESS, logIndex=4354, commits[65797d0d-2d4a-456d-9b24-1d63a5102722:c4355, aca3f3a4-0773-4ff1-9bb5-1a871868fd09:c4353, abe1c95d-8ae2-42e9-9d83-236e3c187d51:c4353]
2019-07-09 04:31:40,032 INFO  client.GrpcClientProtocolClient (GrpcClientProtocolClient.java:onNext(255)) - client-859D8C9D7B89->65797d0d-2d4a-456d-9b24-1d63a5102722: receive RaftClientReply:client-859D8C9D7B89->65797d0d-2d4a-456d-9b24-1d63a5102722@group-BA7C392EEBCA, cid=2911, SUCCESS, logIndex=4355, commits[65797d0d-2d4a-456d-9b24-1d63a5102722:c4357, aca3f3a4-0773-4ff1-9bb5-1a871868fd09:c4353, abe1c95d-8ae2-42e9-9d83-236e3c187d51:c4353]
2019-07-09 04:31:40,032 INFO  client.GrpcClientProtocolClient (GrpcClientProtocolClient.java:onNext(255)) - client-859D8C9D7B89->65797d0d-2d4a-456d-9b24-1d63a5102722: receive RaftClientReply:client-859D8C9D7B89->65797d0d-2d4a-456d-9b24-1d63a5102722@group-BA7C392EEBCA, cid=2912, SUCCESS, logIndex=4356, commits[65797d0d-2d4a-456d-9b24-1d63a5102722:c4357, aca3f3a4-0773-4ff1-9bb5-1a871868fd09:c4353, abe1c95d-8ae2-42e9-9d83-236e3c187d51:c4353]
2019-07-09 04:31:40,033 INFO  client.GrpcClientProtocolClient (GrpcClientProtocolClient.java:onNext(255)) - client-859D8C9D7B89->65797d0d-2d4a-456d-9b24-1d63a5102722: receive RaftClientReply:client-859D8C9D7B89->65797d0d-2d4a-456d-9b24-1d63a5102722@group-BA7C392EEBCA, cid=2913, SUCCESS, logIndex=4357, commits[65797d0d-2d4a-456d-9b24-1d63a5102722:c4357, aca3f3a4-0773-4ff1-9bb5-1a871868fd09:c4353, abe1c95d-8ae2-42e9-9d83-236e3c187d51:c4353]
2019-07-09 04:31:40,044 INFO  client.GrpcClientProtocolClient (GrpcClientProtocolClient.java:onNext(255)) - client-859D8C9D7B89->65797d0d-2d4a-456d-9b24-1d63a5102722: receive RaftClientReply:client-859D8C9D7B89->65797d0d-2d4a-456d-9b24-1d63a5102722@group-BA7C392EEBCA, cid=2914, SUCCESS, logIndex=0, commits[65797d0d-2d4a-456d-9b24-1d63a5102722:c4359, aca3f3a4-0773-4ff1-9bb5-1a871868fd09:c4355, abe1c95d-8ae2-42e9-9d83-236e3c187d51:c4355]
2019-07-09 04:31:40,064 INFO  client.GrpcClientProtocolClient (GrpcClientProtocolClient.java:onNext(255)) - client-859D8C9D7B89->65797d0d-2d4a-456d-9b24-1d63a5102722: receive RaftClientReply:client-859D8C9D7B89->65797d0d-2d4a-456d-9b24-1d63a5102722@group-BA7C392EEBCA, cid=2915, SUCCESS, logIndex=4362, commits[65797d0d-2d4a-456d-9b24-1d63a5102722:c4363, aca3f3a4-0773-4ff1-9bb5-1a871868fd09:c4361, abe1c95d-8ae2-42e9-9d83-236e3c187d51:c4361]
2019-07-09 04:31:40,064 INFO  client.GrpcClientProtocolClient (GrpcClientProtocolClient.java:onNext(255)) - client-859D8C9D7B89->65797d0d-2d4a-456d-9b24-1d63a5102722: receive RaftClientReply:client-859D8C9D7B89->65797d0d-2d4a-456d-9b24-1d63a5102722@group-BA7C392EEBCA, cid=2916, SUCCESS, logIndex=4363, commits[65797d0d-2d4a-456d-9b24-1d63a5102722:c4363, aca3f3a4-0773-4ff1-9bb5-1a871868fd09:c4361, abe1c95d-8ae2-42e9-9d83-236e3c187d51:c4361]
2019-07-09 04:31:40,077 INFO  client.GrpcClientProtocolClient (GrpcClientProtocolClient.java:onNext(255)) - client-859D8C9D7B89->65797d0d-2d4a-456d-9b24-1d63a5102722: receive RaftClientReply:client-859D8C9D7B89->65797d0d-2d4a-456d-9b24-1d63a5102722@group-BA7C392EEBCA, cid=2917, SUCCESS, logIndex=4366, commits[65797d0d-2d4a-456d-9b24-1d63a5102722:c4367, aca3f3a4-0773-4ff1-9bb5-1a871868fd09:c4363, abe1c95d-8ae2-42e9-9d83-236e3c187d51:c4363]
2019-07-09 04:31:40,077 INFO  client.GrpcClientProtocolClient (GrpcClientProtocolClient.java:onNext(255)) - client-859D8C9D7B89->65797d0d-2d4a-456d-9b24-1d63a5102722: receive RaftClientReply:client-859D8C9D7B89->65797d0d-2d4a-456d-9b24-1d63a5102722@group-BA7C392EEBCA, cid=2918, SUCCESS, logIndex=4367, commits[65797d0d-2d4a-456d-9b24-1d63a5102722:c4367, aca3f3a4-0773-4ff1-9bb5-1a871868fd09:c4363, abe1c95d-8ae2-42e9-9d83-236e3c187d51:c4363]
2019-07-09 04:31:40,089 INFO  client.GrpcClientProtocolClient (GrpcClientProtocolClient.java:onNext(255)) - client-859D8C9D7B89->65797d0d-2d4a-456d-9b24-1d63a5102722: receive RaftClientReply:client-859D8C9D7B89->65797d0d-2d4a-456d-9b24-1d63a5102722@group-BA7C392EEBCA, cid=2919, SUCCESS, logIndex=0, commits[65797d0d-2d4a-456d-9b24-1d63a5102722:c4368, aca3f3a4-0773-4ff1-9bb5-1a871868fd09:c4367, abe1c95d-8ae2-42e9-9d83-236e3c187d51:c4367]
2019-07-09 04:31:40,116 INFO  client.GrpcClientProtocolClient (GrpcClientProtocolClient.java:onNext(255)) - client-859D8C9D7B89->65797d0d-2d4a-456d-9b24-1d63a5102722: receive RaftClientReply:client-859D8C9D7B89->65797d0d-2d4a-456d-9b24-1d63a5102722@group-BA7C392EEBCA, cid=2920, SUCCESS, logIndex=4370, commits[65797d0d-2d4a-456d-9b24-1d63a5102722:c4371, aca3f3a4-0773-4ff1-9bb5-1a871868fd09:c4369, abe1c95d-8ae2-42e9-9d83-236e3c187d51:c4369]
2019-07-09 04:31:40,117 INFO  client.GrpcClientProtocolClient (GrpcClientProtocolClient.java:onNext(255)) - client-859D8C9D7B89->65797d0d-2d4a-456d-9b24-1d63a5102722: receive RaftClientReply:client-859D8C9D7B89->65797d0d-2d4a-456d-9b24-1d63a5102722@group-BA7C392EEBCA, cid=2921, SUCCESS, logIndex=4371, commits[65797d0d-2d4a-456d-9b24-1d63a5102722:c4371, aca3f3a4-0773-4ff1-9bb5-1a871868fd09:c4369, abe1c95d-8ae2-42e9-9d83-236e3c187d51:c4369]
2019-07-09 04:31:40,118 INFO  client.GrpcClientProtocolClient (GrpcClientProtocolClient.java:onNext(255)) - client-859D8C9D7B89->65797d0d-2d4a-456d-9b24-1d63a5102722: receive RaftClientReply:client-859D8C9D7B89->65797d0d-2d4a-456d-9b24-1d63a5102722@group-BA7C392EEBCA, cid=2922, SUCCESS, logIndex=4372, commits[65797d0d-2d4a-456d-9b24-1d63a5102722:c4373, aca3f3a4-0773-4ff1-9bb5-1a871868fd09:c4369, abe1c95d-8ae2-42e9-9d83-236e3c187d51:c4369]
2019-07-09 04:31:40,118 INFO  client.GrpcClientProtocolClient (GrpcClientProtocolClient.java:onNext(255)) - client-859D8C9D7B89->65797d0d-2d4a-456d-9b24-1d63a5102722: receive RaftClientReply:client-859D8C9D7B89->65797d0d-2d4a-456d-9b24-1d63a5102722@group-BA7C392EEBCA, cid=2923, SUCCESS, logIndex=4373, commits[65797d0d-2d4a-456d-9b24-1d63a5102722:c4373, aca3f3a4-0773-4ff1-9bb5-1a871868fd09:c4369, abe1c95d-8ae2-42e9-9d83-236e3c187d51:c4369]
2019-07-09 04:31:40,120 INFO  client.GrpcClientProtocolClient (GrpcClientProtocolClient.java:onNext(255)) - client-859D8C9D7B89->65797d0d-2d4a-456d-9b24-1d63a5102722: receive RaftClientReply:client-859D8C9D7B89->65797d0d-2d4a-456d-9b24-1d63a5102722@group-BA7C392EEBCA, cid=2924, SUCCESS, logIndex=0, commits[65797d0d-2d4a-456d-9b24-1d63a5102722:c4375, aca3f3a4-0773-4ff1-9bb5-1a871868fd09:c4371, abe1c95d-8ae2-42e9-9d83-236e3c187d51:c4371]
2019-07-09 04:31:40,140 INFO  client.GrpcClientProtocolClient (GrpcClientProtocolClient.java:onNext(255)) - client-859D8C9D7B89->65797d0d-2d4a-456d-9b24-1d63a5102722: receive RaftClientReply:client-859D8C9D7B89->65797d0d-2d4a-456d-9b24-1d63a5102722@group-BA7C392EEBCA, cid=2925, SUCCESS, logIndex=4378, commits[65797d0d-2d4a-456d-9b24-1d63a5102722:c4379, aca3f3a4-0773-4ff1-9bb5-1a871868fd09:c4377, abe1c95d-8ae2-42e9-9d83-236e3c187d51:c4377]
2019-07-09 04:31:40,140 INFO  client.GrpcClientProtocolClient (GrpcClientProtocolClient.java:onNext(255)) - client-859D8C9D7B89->65797d0d-2d4a-456d-9b24-1d63a5102722: receive RaftClientReply:client-859D8C9D7B89->65797d0d-2d4a-456d-9b24-1d63a5102722@group-BA7C392EEBCA, cid=2926, SUCCESS, logIndex=4379, commits[65797d0d-2d4a-456d-9b24-1d63a5102722:c4379, aca3f3a4-0773-4ff1-9bb5-1a871868fd09:c4377, abe1c95d-8ae2-42e9-9d83-236e3c187d51:c4377]
2019-07-09 04:31:40,154 INFO  client.GrpcClientProtocolClient (GrpcClientProtocolClient.java:onNext(255)) - client-859D8C9D7B89->65797d0d-2d4a-456d-9b24-1d63a5102722: receive RaftClientReply:client-859D8C9D7B89->65797d0d-2d4a-456d-9b24-1d63a5102722@group-BA7C392EEBCA, cid=2927, SUCCESS, logIndex=4382, commits[65797d0d-2d4a-456d-9b24-1d63a5102722:c4383, aca3f3a4-0773-4ff1-9bb5-1a871868fd09:c4379, abe1c95d-8ae2-42e9-9d83-236e3c187d51:c4379]
2019-07-09 04:31:40,155 INFO  client.GrpcClientProtocolClient (GrpcClientProtocolClient.java:onNext(255)) - client-859D8C9D7B89->65797d0d-2d4a-456d-9b24-1d63a5102722: receive RaftClientReply:client-859D8C9D7B89->65797d0d-2d4a-456d-9b24-1d63a5102722@group-BA7C392EEBCA, cid=2928, SUCCESS, logIndex=4383, commits[65797d0d-2d4a-456d-9b24-1d63a5102722:c4383, aca3f3a4-0773-4ff1-9bb5-1a871868fd09:c4379, abe1c95d-8ae2-42e9-9d83-236e3c187d51:c4379]
2019-07-09 04:31:40,166 INFO  client.GrpcClientProtocolClient (GrpcClientProtocolClient.java:onNext(255)) - client-859D8C9D7B89->65797d0d-2d4a-456d-9b24-1d63a5102722: receive RaftClientReply:client-859D8C9D7B89->65797d0d-2d4a-456d-9b24-1d63a5102722@group-BA7C392EEBCA, cid=2929, SUCCESS, logIndex=0, commits[65797d0d-2d4a-456d-9b24-1d63a5102722:c4384, aca3f3a4-0773-4ff1-9bb5-1a871868fd09:c4383, abe1c95d-8ae2-42e9-9d83-236e3c187d51:c4383]
2019-07-09 04:31:40,349 INFO  client.GrpcClientProtocolClient (GrpcClientProtocolClient.java:onNext(255)) - client-859D8C9D7B89->65797d0d-2d4a-456d-9b24-1d63a5102722: receive RaftClientReply:client-859D8C9D7B89->65797d0d-2d4a-456d-9b24-1d63a5102722@group-BA7C392EEBCA, cid=2930, SUCCESS, logIndex=4386, commits[65797d0d-2d4a-456d-9b24-1d63a5102722:c4387, aca3f3a4-0773-4ff1-9bb5-1a871868fd09:c4385, abe1c95d-8ae2-42e9-9d83-236e3c187d51:c4385]
2019-07-09 04:31:40,350 INFO  client.GrpcClientProtocolClient (GrpcClientProtocolClient.java:onNext(255)) - client-859D8C9D7B89->65797d0d-2d4a-456d-9b24-1d63a5102722: receive RaftClientReply:client-859D8C9D7B89->65797d0d-2d4a-456d-9b24-1d63a5102722@group-BA7C392EEBCA, cid=2931, SUCCESS, logIndex=4387, commits[65797d0d-2d4a-456d-9b24-1d63a5102722:c4389, aca3f3a4-0773-4ff1-9bb5-1a871868fd09:c4385, abe1c95d-8ae2-42e9-9d83-236e3c187d51:c4385]
2019-07-09 04:31:40,351 INFO  client.GrpcClientProtocolClient (GrpcClientProtocolClient.java:onNext(255)) - client-859D8C9D7B89->65797d0d-2d4a-456d-9b24-1d63a5102722: receive RaftClientReply:client-859D8C9D7B89->65797d0d-2d4a-456d-9b24-1d63a5102722@group-BA7C392EEBCA, cid=2932, SUCCESS, logIndex=4388, commits[65797d0d-2d4a-456d-9b24-1d63a5102722:c4389, aca3f3a4-0773-4ff1-9bb5-1a871868fd09:c4385, abe1c95d-8ae2-42e9-9d83-236e3c187d51:c4385]
2019-07-09 04:31:40,351 INFO  client.GrpcClientProtocolClient (GrpcClientProtocolClient.java:onNext(255)) - client-859D8C9D7B89->65797d0d-2d4a-456d-9b24-1d63a5102722: receive RaftClientReply:client-859D8C9D7B89->65797d0d-2d4a-456d-9b24-1d63a5102722@group-BA7C392EEBCA, cid=2933, SUCCESS, logIndex=4389, commits[65797d0d-2d4a-456d-9b24-1d63a5102722:c4390, aca3f3a4-0773-4ff1-9bb5-1a871868fd09:c4385, abe1c95d-8ae2-42e9-9d83-236e3c187d51:c4386]
2019-07-09 04:31:40,352 INFO  client.GrpcClientProtocolClient (GrpcClientProtocolClient.java:onNext(255)) - client-859D8C9D7B89->65797d0d-2d4a-456d-9b24-1d63a5102722: receive RaftClientReply:client-859D8C9D7B89->65797d0d-2d4a-456d-9b24-1d63a5102722@group-BA7C392EEBCA, cid=2934, SUCCESS, logIndex=0, commits[65797d0d-2d4a-456d-9b24-1d63a5102722:c4393, aca3f3a4-0773-4ff1-9bb5-1a871868fd09:c4389, abe1c95d-8ae2-42e9-9d83-236e3c187d51:c4389]
2019-07-09 04:31:40,375 INFO  client.GrpcClientProtocolClient (GrpcClientProtocolClient.java:onNext(255)) - client-859D8C9D7B89->65797d0d-2d4a-456d-9b24-1d63a5102722: receive RaftClientReply:client-859D8C9D7B89->65797d0d-2d4a-456d-9b24-1d63a5102722@group-BA7C392EEBCA, cid=2935, SUCCESS, logIndex=4394, commits[65797d0d-2d4a-456d-9b24-1d63a5102722:c4395, aca3f3a4-0773-4ff1-9bb5-1a871868fd09:c4393, abe1c95d-8ae2-42e9-9d83-236e3c187d51:c4393]
2019-07-09 04:31:40,375 INFO  client.GrpcClientProtocolClient (GrpcClientProtocolClient.java:onNext(255)) - client-859D8C9D7B89->65797d0d-2d4a-456d-9b24-1d63a5102722: receive RaftClientReply:client-859D8C9D7B89->65797d0d-2d4a-456d-9b24-1d63a5102722@group-BA7C392EEBCA, cid=2936, SUCCESS, logIndex=4395, commits[65797d0d-2d4a-456d-9b24-1d63a5102722:c4395, aca3f3a4-0773-4ff1-9bb5-1a871868fd09:c4393, abe1c95d-8ae2-42e9-9d83-236e3c187d51:c4393]
 0.00% |█                                                                                                    |  0/1 Time: 0:00:252019-07-09 04:31:40,400 INFO  client.GrpcClientProtocolClient (GrpcClientProtocolClient.java:onNext(255)) - client-859D8C9D7B89->65797d0d-2d4a-456d-9b24-1d63a5102722: receive RaftClientReply:client-859D8C9D7B89->65797d0d-2d4a-456d-9b24-1d63a5102722@group-BA7C392EEBCA, cid=2937, SUCCESS, logIndex=4398, commits[65797d0d-2d4a-456d-9b24-1d63a5102722:c4399, aca3f3a4-0773-4ff1-9bb5-1a871868fd09:c4395, abe1c95d-8ae2-42e9-9d83-236e3c187d51:c4395]
2019-07-09 04:31:40,400 INFO  client.GrpcClientProtocolClient (GrpcClientProtocolClient.java:onNext(255)) - client-859D8C9D7B89->65797d0d-2d4a-456d-9b24-1d63a5102722: receive RaftClientReply:client-859D8C9D7B89->65797d0d-2d4a-456d-9b24-1d63a5102722@group-BA7C392EEBCA, cid=2938, SUCCESS, logIndex=4399, commits[65797d0d-2d4a-456d-9b24-1d63a5102722:c4399, aca3f3a4-0773-4ff1-9bb5-1a871868fd09:c4395, abe1c95d-8ae2-42e9-9d83-236e3c187d51:c4395]
2019-07-09 04:31:40,403 INFO  client.GrpcClientProtocolClient (GrpcClientProtocolClient.java:onNext(255)) - client-859D8C9D7B89->65797d0d-2d4a-456d-9b24-1d63a5102722: receive RaftClientReply:client-859D8C9D7B89->65797d0d-2d4a-456d-9b24-1d63a5102722@group-BA7C392EEBCA, cid=2939, SUCCESS, logIndex=0, commits[65797d0d-2d4a-456d-9b24-1d63a5102722:c4400, aca3f3a4-0773-4ff1-9bb5-1a871868fd09:c4399, abe1c95d-8ae2-42e9-9d83-236e3c187d51:c4399]
2019-07-09 04:31:40,436 INFO  client.GrpcClientProtocolClient (GrpcClientProtocolClient.java:onNext(255)) - client-859D8C9D7B89->65797d0d-2d4a-456d-9b24-1d63a5102722: receive RaftClientReply:client-859D8C9D7B89->65797d0d-2d4a-456d-9b24-1d63a5102722@group-BA7C392EEBCA, cid=2940, SUCCESS, logIndex=4402, commits[65797d0d-2d4a-456d-9b24-1d63a5102722:c4403, aca3f3a4-0773-4ff1-9bb5-1a871868fd09:c4401, abe1c95d-8ae2-42e9-9d83-236e3c187d51:c4401]
2019-07-09 04:31:40,437 INFO  client.GrpcClientProtocolClient (GrpcClientProtocolClient.java:onNext(255)) - client-859D8C9D7B89->65797d0d-2d4a-456d-9b24-1d63a5102722: receive RaftClientReply:client-859D8C9D7B89->65797d0d-2d4a-456d-9b24-1d63a5102722@group-BA7C392EEBCA, cid=2941, SUCCESS, logIndex=4403, commits[65797d0d-2d4a-456d-9b24-1d63a5102722:c4405, aca3f3a4-0773-4ff1-9bb5-1a871868fd09:c4401, abe1c95d-8ae2-42e9-9d83-236e3c187d51:c4401]
2019-07-09 04:31:40,438 INFO  client.GrpcClientProtocolClient (GrpcClientProtocolClient.java:onNext(255)) - client-859D8C9D7B89->65797d0d-2d4a-456d-9b24-1d63a5102722: receive RaftClientReply:client-859D8C9D7B89->65797d0d-2d4a-456d-9b24-1d63a5102722@group-BA7C392EEBCA, cid=2942, SUCCESS, logIndex=4404, commits[65797d0d-2d4a-456d-9b24-1d63a5102722:c4405, aca3f3a4-0773-4ff1-9bb5-1a871868fd09:c4401, abe1c95d-8ae2-42e9-9d83-236e3c187d51:c4401]
2019-07-09 04:31:40,438 INFO  client.GrpcClientProtocolClient (GrpcClientProtocolClient.java:onNext(255)) - client-859D8C9D7B89->65797d0d-2d4a-456d-9b24-1d63a5102722: receive RaftClientReply:client-859D8C9D7B89->65797d0d-2d4a-456d-9b24-1d63a5102722@group-BA7C392EEBCA, cid=2943, SUCCESS, logIndex=4405, commits[65797d0d-2d4a-456d-9b24-1d63a5102722:c4405, aca3f3a4-0773-4ff1-9bb5-1a871868fd09:c4401, abe1c95d-8ae2-42e9-9d83-236e3c187d51:c4401]
2019-07-09 04:31:40,439 INFO  client.GrpcClientProtocolClient (GrpcClientProtocolClient.java:onNext(255)) - client-859D8C9D7B89->65797d0d-2d4a-456d-9b24-1d63a5102722: receive RaftClientReply:client-859D8C9D7B89->65797d0d-2d4a-456d-9b24-1d63a5102722@group-BA7C392EEBCA, cid=2944, SUCCESS, logIndex=0, commits[65797d0d-2d4a-456d-9b24-1d63a5102722:c4408, aca3f3a4-0773-4ff1-9bb5-1a871868fd09:c4403, abe1c95d-8ae2-42e9-9d83-236e3c187d51:c4405]
2019-07-09 04:31:40,462 INFO  client.GrpcClientProtocolClient (GrpcClientProtocolClient.java:onNext(255)) - client-859D8C9D7B89->65797d0d-2d4a-456d-9b24-1d63a5102722: receive RaftClientReply:client-859D8C9D7B89->65797d0d-2d4a-456d-9b24-1d63a5102722@group-BA7C392EEBCA, cid=2945, SUCCESS, logIndex=4409, commits[65797d0d-2d4a-456d-9b24-1d63a5102722:c4410, aca3f3a4-0773-4ff1-9bb5-1a871868fd09:c4408, abe1c95d-8ae2-42e9-9d83-236e3c187d51:c4408]
2019-07-09 04:31:40,463 INFO  client.GrpcClientProtocolClient (GrpcClientProtocolClient.java:onNext(255)) - client-859D8C9D7B89->65797d0d-2d4a-456d-9b24-1d63a5102722: receive RaftClientReply:client-859D8C9D7B89->65797d0d-2d4a-456d-9b24-1d63a5102722@group-BA7C392EEBCA, cid=2946, SUCCESS, logIndex=4410, commits[65797d0d-2d4a-456d-9b24-1d63a5102722:c4410, aca3f3a4-0773-4ff1-9bb5-1a871868fd09:c4408, abe1c95d-8ae2-42e9-9d83-236e3c187d51:c4408]
2019-07-09 04:31:40,487 INFO  client.GrpcClientProtocolClient (GrpcClientProtocolClient.java:onNext(255)) - client-859D8C9D7B89->65797d0d-2d4a-456d-9b24-1d63a5102722: receive RaftClientReply:client-859D8C9D7B89->65797d0d-2d4a-456d-9b24-1d63a5102722@group-BA7C392EEBCA, cid=2947, SUCCESS, logIndex=4413, commits[65797d0d-2d4a-456d-9b24-1d63a5102722:c4414, aca3f3a4-0773-4ff1-9bb5-1a871868fd09:c4410, abe1c95d-8ae2-42e9-9d83-236e3c187d51:c4410]
2019-07-09 04:31:40,487 INFO  client.GrpcClientProtocolClient (GrpcClientProtocolClient.java:onNext(255)) - client-859D8C9D7B89->65797d0d-2d4a-456d-9b24-1d63a5102722: receive RaftClientReply:client-859D8C9D7B89->65797d0d-2d4a-456d-9b24-1d63a5102722@group-BA7C392EEBCA, cid=2948, SUCCESS, logIndex=4414, commits[65797d0d-2d4a-456d-9b24-1d63a5102722:c4414, aca3f3a4-0773-4ff1-9bb5-1a871868fd09:c4410, abe1c95d-8ae2-42e9-9d83-236e3c187d51:c4410]
2019-07-09 04:31:40,490 INFO  client.GrpcClientProtocolClient (GrpcClientProtocolClient.java:onNext(255)) - client-859D8C9D7B89->65797d0d-2d4a-456d-9b24-1d63a5102722: receive RaftClientReply:client-859D8C9D7B89->65797d0d-2d4a-456d-9b24-1d63a5102722@group-BA7C392EEBCA, cid=2949, SUCCESS, logIndex=0, commits[65797d0d-2d4a-456d-9b24-1d63a5102722:c4415, aca3f3a4-0773-4ff1-9bb5-1a871868fd09:c4414, abe1c95d-8ae2-42e9-9d83-236e3c187d51:c4414]
2019-07-09 04:31:40,523 INFO  client.GrpcClientProtocolClient (GrpcClientProtocolClient.java:onNext(255)) - client-859D8C9D7B89->65797d0d-2d4a-456d-9b24-1d63a5102722: receive RaftClientReply:client-859D8C9D7B89->65797d0d-2d4a-456d-9b24-1d63a5102722@group-BA7C392EEBCA, cid=2950, SUCCESS, logIndex=4417, commits[65797d0d-2d4a-456d-9b24-1d63a5102722:c4418, aca3f3a4-0773-4ff1-9bb5-1a871868fd09:c4416, abe1c95d-8ae2-42e9-9d83-236e3c187d51:c4416]
2019-07-09 04:31:40,524 INFO  client.GrpcClientProtocolClient (GrpcClientProtocolClient.java:onNext(255)) - client-859D8C9D7B89->65797d0d-2d4a-456d-9b24-1d63a5102722: receive RaftClientReply:client-859D8C9D7B89->65797d0d-2d4a-456d-9b24-1d63a5102722@group-BA7C392EEBCA, cid=2951, SUCCESS, logIndex=4418, commits[65797d0d-2d4a-456d-9b24-1d63a5102722:c4420, aca3f3a4-0773-4ff1-9bb5-1a871868fd09:c4416, abe1c95d-8ae2-42e9-9d83-236e3c187d51:c4416]
2019-07-09 04:31:40,525 INFO  client.GrpcClientProtocolClient (GrpcClientProtocolClient.java:onNext(255)) - client-859D8C9D7B89->65797d0d-2d4a-456d-9b24-1d63a5102722: receive RaftClientReply:client-859D8C9D7B89->65797d0d-2d4a-456d-9b24-1d63a5102722@group-BA7C392EEBCA, cid=2952, SUCCESS, logIndex=4419, commits[65797d0d-2d4a-456d-9b24-1d63a5102722:c4420, aca3f3a4-0773-4ff1-9bb5-1a871868fd09:c4416, abe1c95d-8ae2-42e9-9d83-236e3c187d51:c4416]
2019-07-09 04:31:40,525 INFO  client.GrpcClientProtocolClient (GrpcClientProtocolClient.java:onNext(255)) - client-859D8C9D7B89->65797d0d-2d4a-456d-9b24-1d63a5102722: receive RaftClientReply:client-859D8C9D7B89->65797d0d-2d4a-456d-9b24-1d63a5102722@group-BA7C392EEBCA, cid=2953, SUCCESS, logIndex=4420, commits[65797d0d-2d4a-456d-9b24-1d63a5102722:c4421, aca3f3a4-0773-4ff1-9bb5-1a871868fd09:c4416, abe1c95d-8ae2-42e9-9d83-236e3c187d51:c4417]
2019-07-09 04:31:40,527 INFO  client.GrpcClientProtocolClient (GrpcClientProtocolClient.java:onNext(255)) - client-859D8C9D7B89->65797d0d-2d4a-456d-9b24-1d63a5102722: receive RaftClientReply:client-859D8C9D7B89->65797d0d-2d4a-456d-9b24-1d63a5102722@group-BA7C392EEBCA, cid=2954, SUCCESS, logIndex=0, commits[65797d0d-2d4a-456d-9b24-1d63a5102722:c4424, aca3f3a4-0773-4ff1-9bb5-1a871868fd09:c4418, abe1c95d-8ae2-42e9-9d83-236e3c187d51:c4420]
2019-07-09 04:31:40,547 INFO  client.GrpcClientProtocolClient (GrpcClientProtocolClient.java:onNext(255)) - client-859D8C9D7B89->65797d0d-2d4a-456d-9b24-1d63a5102722: receive RaftClientReply:client-859D8C9D7B89->65797d0d-2d4a-456d-9b24-1d63a5102722@group-BA7C392EEBCA, cid=2955, SUCCESS, logIndex=4425, commits[65797d0d-2d4a-456d-9b24-1d63a5102722:c4426, aca3f3a4-0773-4ff1-9bb5-1a871868fd09:c4424, abe1c95d-8ae2-42e9-9d83-236e3c187d51:c4424]
2019-07-09 04:31:40,548 INFO  client.GrpcClientProtocolClient (GrpcClientProtocolClient.java:onNext(255)) - client-859D8C9D7B89->65797d0d-2d4a-456d-9b24-1d63a5102722: receive RaftClientReply:client-859D8C9D7B89->65797d0d-2d4a-456d-9b24-1d63a5102722@group-BA7C392EEBCA, cid=2956, SUCCESS, logIndex=4426, commits[65797d0d-2d4a-456d-9b24-1d63a5102722:c4426, aca3f3a4-0773-4ff1-9bb5-1a871868fd09:c4424, abe1c95d-8ae2-42e9-9d83-236e3c187d51:c4424]
2019-07-09 04:31:40,561 INFO  client.GrpcClientProtocolClient (GrpcClientProtocolClient.java:onNext(255)) - client-859D8C9D7B89->65797d0d-2d4a-456d-9b24-1d63a5102722: receive RaftClientReply:client-859D8C9D7B89->65797d0d-2d4a-456d-9b24-1d63a5102722@group-BA7C392EEBCA, cid=2957, SUCCESS, logIndex=4429, commits[65797d0d-2d4a-456d-9b24-1d63a5102722:c4430, aca3f3a4-0773-4ff1-9bb5-1a871868fd09:c4426, abe1c95d-8ae2-42e9-9d83-236e3c187d51:c4426]
2019-07-09 04:31:40,561 INFO  client.GrpcClientProtocolClient (GrpcClientProtocolClient.java:onNext(255)) - client-859D8C9D7B89->65797d0d-2d4a-456d-9b24-1d63a5102722: receive RaftClientReply:client-859D8C9D7B89->65797d0d-2d4a-456d-9b24-1d63a5102722@group-BA7C392EEBCA, cid=2958, SUCCESS, logIndex=4430, commits[65797d0d-2d4a-456d-9b24-1d63a5102722:c4430, aca3f3a4-0773-4ff1-9bb5-1a871868fd09:c4426, abe1c95d-8ae2-42e9-9d83-236e3c187d51:c4426]
2019-07-09 04:31:40,574 INFO  client.GrpcClientProtocolClient (GrpcClientProtocolClient.java:onNext(255)) - client-859D8C9D7B89->65797d0d-2d4a-456d-9b24-1d63a5102722: receive RaftClientReply:client-859D8C9D7B89->65797d0d-2d4a-456d-9b24-1d63a5102722@group-BA7C392EEBCA, cid=2959, SUCCESS, logIndex=0, commits[65797d0d-2d4a-456d-9b24-1d63a5102722:c4432, aca3f3a4-0773-4ff1-9bb5-1a871868fd09:c4430, abe1c95d-8ae2-42e9-9d83-236e3c187d51:c4430]
2019-07-09 04:31:40,605 INFO  client.GrpcClientProtocolClient (GrpcClientProtocolClient.java:onNext(255)) - client-859D8C9D7B89->65797d0d-2d4a-456d-9b24-1d63a5102722: receive RaftClientReply:client-859D8C9D7B89->65797d0d-2d4a-456d-9b24-1d63a5102722@group-BA7C392EEBCA, cid=2960, SUCCESS, logIndex=4433, commits[65797d0d-2d4a-456d-9b24-1d63a5102722:c4434, aca3f3a4-0773-4ff1-9bb5-1a871868fd09:c4432, abe1c95d-8ae2-42e9-9d83-236e3c187d51:c4432]
2019-07-09 04:31:40,605 INFO  client.GrpcClientProtocolClient (GrpcClientProtocolClient.java:onNext(255)) - client-859D8C9D7B89->65797d0d-2d4a-456d-9b24-1d63a5102722: receive RaftClientReply:client-859D8C9D7B89->65797d0d-2d4a-456d-9b24-1d63a5102722@group-BA7C392EEBCA, cid=2961, SUCCESS, logIndex=4434, commits[65797d0d-2d4a-456d-9b24-1d63a5102722:c4434, aca3f3a4-0773-4ff1-9bb5-1a871868fd09:c4432, abe1c95d-8ae2-42e9-9d83-236e3c187d51:c4432]
2019-07-09 04:31:40,606 INFO  client.GrpcClientProtocolClient (GrpcClientProtocolClient.java:onNext(255)) - client-859D8C9D7B89->65797d0d-2d4a-456d-9b24-1d63a5102722: receive RaftClientReply:client-859D8C9D7B89->65797d0d-2d4a-456d-9b24-1d63a5102722@group-BA7C392EEBCA, cid=2962, SUCCESS, logIndex=4435, commits[65797d0d-2d4a-456d-9b24-1d63a5102722:c4436, aca3f3a4-0773-4ff1-9bb5-1a871868fd09:c4432, abe1c95d-8ae2-42e9-9d83-236e3c187d51:c4432]
2019-07-09 04:31:40,606 INFO  client.GrpcClientProtocolClient (GrpcClientProtocolClient.java:onNext(255)) - client-859D8C9D7B89->65797d0d-2d4a-456d-9b24-1d63a5102722: receive RaftClientReply:client-859D8C9D7B89->65797d0d-2d4a-456d-9b24-1d63a5102722@group-BA7C392EEBCA, cid=2963, SUCCESS, logIndex=4436, commits[65797d0d-2d4a-456d-9b24-1d63a5102722:c4436, aca3f3a4-0773-4ff1-9bb5-1a871868fd09:c4432, abe1c95d-8ae2-42e9-9d83-236e3c187d51:c4432]
2019-07-09 04:31:40,607 INFO  client.GrpcClientProtocolClient (GrpcClientProtocolClient.java:onNext(255)) - client-859D8C9D7B89->65797d0d-2d4a-456d-9b24-1d63a5102722: receive RaftClientReply:client-859D8C9D7B89->65797d0d-2d4a-456d-9b24-1d63a5102722@group-BA7C392EEBCA, cid=2964, SUCCESS, logIndex=0, commits[65797d0d-2d4a-456d-9b24-1d63a5102722:c4438, aca3f3a4-0773-4ff1-9bb5-1a871868fd09:c4434, abe1c95d-8ae2-42e9-9d83-236e3c187d51:c4434]
2019-07-09 04:31:40,635 INFO  client.GrpcClientProtocolClient (GrpcClientProtocolClient.java:onNext(255)) - client-859D8C9D7B89->65797d0d-2d4a-456d-9b24-1d63a5102722: receive RaftClientReply:client-859D8C9D7B89->65797d0d-2d4a-456d-9b24-1d63a5102722@group-BA7C392EEBCA, cid=2965, SUCCESS, logIndex=4441, commits[65797d0d-2d4a-456d-9b24-1d63a5102722:c4441, aca3f3a4-0773-4ff1-9bb5-1a871868fd09:c4438, abe1c95d-8ae2-42e9-9d83-236e3c187d51:c4438]
2019-07-09 04:31:40,636 INFO  client.GrpcClientProtocolClient (GrpcClientProtocolClient.java:onNext(255)) - client-859D8C9D7B89->65797d0d-2d4a-456d-9b24-1d63a5102722: receive RaftClientReply:client-859D8C9D7B89->65797d0d-2d4a-456d-9b24-1d63a5102722@group-BA7C392EEBCA, cid=2966, SUCCESS, logIndex=4442, commits[65797d0d-2d4a-456d-9b24-1d63a5102722:c4442, aca3f3a4-0773-4ff1-9bb5-1a871868fd09:c4438, abe1c95d-8ae2-42e9-9d83-236e3c187d51:c4438]
2019-07-09 04:31:40,649 INFO  client.GrpcClientProtocolClient (GrpcClientProtocolClient.java:onNext(255)) - client-859D8C9D7B89->65797d0d-2d4a-456d-9b24-1d63a5102722: receive RaftClientReply:client-859D8C9D7B89->65797d0d-2d4a-456d-9b24-1d63a5102722@group-BA7C392EEBCA, cid=2967, SUCCESS, logIndex=4445, commits[65797d0d-2d4a-456d-9b24-1d63a5102722:c4446, aca3f3a4-0773-4ff1-9bb5-1a871868fd09:c4442, abe1c95d-8ae2-42e9-9d83-236e3c187d51:c4442]
2019-07-09 04:31:40,650 INFO  client.GrpcClientProtocolClient (GrpcClientProtocolClient.java:onNext(255)) - client-859D8C9D7B89->65797d0d-2d4a-456d-9b24-1d63a5102722: receive RaftClientReply:client-859D8C9D7B89->65797d0d-2d4a-456d-9b24-1d63a5102722@group-BA7C392EEBCA, cid=2968, SUCCESS, logIndex=4446, commits[65797d0d-2d4a-456d-9b24-1d63a5102722:c4446, aca3f3a4-0773-4ff1-9bb5-1a871868fd09:c4442, abe1c95d-8ae2-42e9-9d83-236e3c187d51:c4442]
2019-07-09 04:31:40,661 INFO  client.GrpcClientProtocolClient (GrpcClientProtocolClient.java:onNext(255)) - client-859D8C9D7B89->65797d0d-2d4a-456d-9b24-1d63a5102722: receive RaftClientReply:client-859D8C9D7B89->65797d0d-2d4a-456d-9b24-1d63a5102722@group-BA7C392EEBCA, cid=2969, SUCCESS, logIndex=0, commits[65797d0d-2d4a-456d-9b24-1d63a5102722:c4447, aca3f3a4-0773-4ff1-9bb5-1a871868fd09:c4446, abe1c95d-8ae2-42e9-9d83-236e3c187d51:c4446]
2019-07-09 04:31:40,694 INFO  client.GrpcClientProtocolClient (GrpcClientProtocolClient.java:onNext(255)) - client-859D8C9D7B89->65797d0d-2d4a-456d-9b24-1d63a5102722: receive RaftClientReply:client-859D8C9D7B89->65797d0d-2d4a-456d-9b24-1d63a5102722@group-BA7C392EEBCA, cid=2970, SUCCESS, logIndex=4449, commits[65797d0d-2d4a-456d-9b24-1d63a5102722:c4449, aca3f3a4-0773-4ff1-9bb5-1a871868fd09:c4448, abe1c95d-8ae2-42e9-9d83-236e3c187d51:c4448]
2019-07-09 04:31:40,694 INFO  client.GrpcClientProtocolClient (GrpcClientProtocolClient.java:onNext(255)) - client-859D8C9D7B89->65797d0d-2d4a-456d-9b24-1d63a5102722: receive RaftClientReply:client-859D8C9D7B89->65797d0d-2d4a-456d-9b24-1d63a5102722@group-BA7C392EEBCA, cid=2971, SUCCESS, logIndex=4450, commits[65797d0d-2d4a-456d-9b24-1d63a5102722:c4450, aca3f3a4-0773-4ff1-9bb5-1a871868fd09:c4448, abe1c95d-8ae2-42e9-9d83-236e3c187d51:c4448]
2019-07-09 04:31:40,705 INFO  client.GrpcClientProtocolClient (GrpcClientProtocolClient.java:onNext(255)) - client-859D8C9D7B89->65797d0d-2d4a-456d-9b24-1d63a5102722: receive RaftClientReply:client-859D8C9D7B89->65797d0d-2d4a-456d-9b24-1d63a5102722@group-BA7C392EEBCA, cid=2972, SUCCESS, logIndex=4451, commits[65797d0d-2d4a-456d-9b24-1d63a5102722:c4452, aca3f3a4-0773-4ff1-9bb5-1a871868fd09:c4448, abe1c95d-8ae2-42e9-9d83-236e3c187d51:c4448]
2019-07-09 04:31:40,706 INFO  client.GrpcClientProtocolClient (GrpcClientProtocolClient.java:onNext(255)) - client-859D8C9D7B89->65797d0d-2d4a-456d-9b24-1d63a5102722: receive RaftClientReply:client-859D8C9D7B89->65797d0d-2d4a-456d-9b24-1d63a5102722@group-BA7C392EEBCA, cid=2973, SUCCESS, logIndex=4452, commits[65797d0d-2d4a-456d-9b24-1d63a5102722:c4452, aca3f3a4-0773-4ff1-9bb5-1a871868fd09:c4448, abe1c95d-8ae2-42e9-9d83-236e3c187d51:c4448]
2019-07-09 04:31:40,706 INFO  client.GrpcClientProtocolClient (GrpcClientProtocolClient.java:onNext(255)) - client-859D8C9D7B89->65797d0d-2d4a-456d-9b24-1d63a5102722: receive RaftClientReply:client-859D8C9D7B89->65797d0d-2d4a-456d-9b24-1d63a5102722@group-BA7C392EEBCA, cid=2974, SUCCESS, logIndex=0, commits[65797d0d-2d4a-456d-9b24-1d63a5102722:c4454, aca3f3a4-0773-4ff1-9bb5-1a871868fd09:c4450, abe1c95d-8ae2-42e9-9d83-236e3c187d51:c4450]
2019-07-09 04:31:40,731 INFO  client.GrpcClientProtocolClient (GrpcClientProtocolClient.java:onNext(255)) - client-859D8C9D7B89->65797d0d-2d4a-456d-9b24-1d63a5102722: receive RaftClientReply:client-859D8C9D7B89->65797d0d-2d4a-456d-9b24-1d63a5102722@group-BA7C392EEBCA, cid=2975, SUCCESS, logIndex=4457, commits[65797d0d-2d4a-456d-9b24-1d63a5102722:c4458, aca3f3a4-0773-4ff1-9bb5-1a871868fd09:c4456, abe1c95d-8ae2-42e9-9d83-236e3c187d51:c4456]
2019-07-09 04:31:40,732 INFO  client.GrpcClientProtocolClient (GrpcClientProtocolClient.java:onNext(255)) - client-859D8C9D7B89->65797d0d-2d4a-456d-9b24-1d63a5102722: receive RaftClientReply:client-859D8C9D7B89->65797d0d-2d4a-456d-9b24-1d63a5102722@group-BA7C392EEBCA, cid=2976, SUCCESS, logIndex=4458, commits[65797d0d-2d4a-456d-9b24-1d63a5102722:c4458, aca3f3a4-0773-4ff1-9bb5-1a871868fd09:c4456, abe1c95d-8ae2-42e9-9d83-236e3c187d51:c4456]
2019-07-09 04:31:40,745 INFO  client.GrpcClientProtocolClient (GrpcClientProtocolClient.java:onNext(255)) - client-859D8C9D7B89->65797d0d-2d4a-456d-9b24-1d63a5102722: receive RaftClientReply:client-859D8C9D7B89->65797d0d-2d4a-456d-9b24-1d63a5102722@group-BA7C392EEBCA, cid=2977, SUCCESS, logIndex=4461, commits[65797d0d-2d4a-456d-9b24-1d63a5102722:c4462, aca3f3a4-0773-4ff1-9bb5-1a871868fd09:c4458, abe1c95d-8ae2-42e9-9d83-236e3c187d51:c4458]
2019-07-09 04:31:40,745 INFO  client.GrpcClientProtocolClient (GrpcClientProtocolClient.java:onNext(255)) - client-859D8C9D7B89->65797d0d-2d4a-456d-9b24-1d63a5102722: receive RaftClientReply:client-859D8C9D7B89->65797d0d-2d4a-456d-9b24-1d63a5102722@group-BA7C392EEBCA, cid=2978, SUCCESS, logIndex=4462, commits[65797d0d-2d4a-456d-9b24-1d63a5102722:c4462, aca3f3a4-0773-4ff1-9bb5-1a871868fd09:c4458, abe1c95d-8ae2-42e9-9d83-236e3c187d51:c4458]
2019-07-09 04:31:40,758 INFO  client.GrpcClientProtocolClient (GrpcClientProtocolClient.java:onNext(255)) - client-859D8C9D7B89->65797d0d-2d4a-456d-9b24-1d63a5102722: receive RaftClientReply:client-859D8C9D7B89->65797d0d-2d4a-456d-9b24-1d63a5102722@group-BA7C392EEBCA, cid=2979, SUCCESS, logIndex=0, commits[65797d0d-2d4a-456d-9b24-1d63a5102722:c4464, aca3f3a4-0773-4ff1-9bb5-1a871868fd09:c4462, abe1c95d-8ae2-42e9-9d83-236e3c187d51:c4462]
2019-07-09 04:31:40,790 INFO  client.GrpcClientProtocolClient (GrpcClientProtocolClient.java:onNext(255)) - client-859D8C9D7B89->65797d0d-2d4a-456d-9b24-1d63a5102722: receive RaftClientReply:client-859D8C9D7B89->65797d0d-2d4a-456d-9b24-1d63a5102722@group-BA7C392EEBCA, cid=2980, SUCCESS, logIndex=4465, commits[65797d0d-2d4a-456d-9b24-1d63a5102722:c4466, aca3f3a4-0773-4ff1-9bb5-1a871868fd09:c4464, abe1c95d-8ae2-42e9-9d83-236e3c187d51:c4464]
2019-07-09 04:31:40,790 INFO  client.GrpcClientProtocolClient (GrpcClientProtocolClient.java:onNext(255)) - client-859D8C9D7B89->65797d0d-2d4a-456d-9b24-1d63a5102722: receive RaftClientReply:client-859D8C9D7B89->65797d0d-2d4a-456d-9b24-1d63a5102722@group-BA7C392EEBCA, cid=2981, SUCCESS, logIndex=4466, commits[65797d0d-2d4a-456d-9b24-1d63a5102722:c4466, aca3f3a4-0773-4ff1-9bb5-1a871868fd09:c4464, abe1c95d-8ae2-42e9-9d83-236e3c187d51:c4464]
2019-07-09 04:31:40,791 INFO  client.GrpcClientProtocolClient (GrpcClientProtocolClient.java:onNext(255)) - client-859D8C9D7B89->65797d0d-2d4a-456d-9b24-1d63a5102722: receive RaftClientReply:client-859D8C9D7B89->65797d0d-2d4a-456d-9b24-1d63a5102722@group-BA7C392EEBCA, cid=2982, SUCCESS, logIndex=4467, commits[65797d0d-2d4a-456d-9b24-1d63a5102722:c4468, aca3f3a4-0773-4ff1-9bb5-1a871868fd09:c4464, abe1c95d-8ae2-42e9-9d83-236e3c187d51:c4464]
2019-07-09 04:31:40,791 INFO  client.GrpcClientProtocolClient (GrpcClientProtocolClient.java:onNext(255)) - client-859D8C9D7B89->65797d0d-2d4a-456d-9b24-1d63a5102722: receive RaftClientReply:client-859D8C9D7B89->65797d0d-2d4a-456d-9b24-1d63a5102722@group-BA7C392EEBCA, cid=2983, SUCCESS, logIndex=4468, commits[65797d0d-2d4a-456d-9b24-1d63a5102722:c4468, aca3f3a4-0773-4ff1-9bb5-1a871868fd09:c4464, abe1c95d-8ae2-42e9-9d83-236e3c187d51:c4464]
2019-07-09 04:31:40,793 INFO  client.GrpcClientProtocolClient (GrpcClientProtocolClient.java:onNext(255)) - client-859D8C9D7B89->65797d0d-2d4a-456d-9b24-1d63a5102722: receive RaftClientReply:client-859D8C9D7B89->65797d0d-2d4a-456d-9b24-1d63a5102722@group-BA7C392EEBCA, cid=2984, SUCCESS, logIndex=0, commits[65797d0d-2d4a-456d-9b24-1d63a5102722:c4470, aca3f3a4-0773-4ff1-9bb5-1a871868fd09:c4466, abe1c95d-8ae2-42e9-9d83-236e3c187d51:c4466]
2019-07-09 04:31:40,813 INFO  client.GrpcClientProtocolClient (GrpcClientProtocolClient.java:onNext(255)) - client-859D8C9D7B89->65797d0d-2d4a-456d-9b24-1d63a5102722: receive RaftClientReply:client-859D8C9D7B89->65797d0d-2d4a-456d-9b24-1d63a5102722@group-BA7C392EEBCA, cid=2985, SUCCESS, logIndex=4473, commits[65797d0d-2d4a-456d-9b24-1d63a5102722:c4474, aca3f3a4-0773-4ff1-9bb5-1a871868fd09:c4472, abe1c95d-8ae2-42e9-9d83-236e3c187d51:c4472]
2019-07-09 04:31:40,814 INFO  client.GrpcClientProtocolClient (GrpcClientProtocolClient.java:onNext(255)) - client-859D8C9D7B89->65797d0d-2d4a-456d-9b24-1d63a5102722: receive RaftClientReply:client-859D8C9D7B89->65797d0d-2d4a-456d-9b24-1d63a5102722@group-BA7C392EEBCA, cid=2986, SUCCESS, logIndex=4474, commits[65797d0d-2d4a-456d-9b24-1d63a5102722:c4474, aca3f3a4-0773-4ff1-9bb5-1a871868fd09:c4472, abe1c95d-8ae2-42e9-9d83-236e3c187d51:c4472]
2019-07-09 04:31:40,827 INFO  client.GrpcClientProtocolClient (GrpcClientProtocolClient.java:onNext(255)) - client-859D8C9D7B89->65797d0d-2d4a-456d-9b24-1d63a5102722: receive RaftClientReply:client-859D8C9D7B89->65797d0d-2d4a-456d-9b24-1d63a5102722@group-BA7C392EEBCA, cid=2987, SUCCESS, logIndex=4477, commits[65797d0d-2d4a-456d-9b24-1d63a5102722:c4477, aca3f3a4-0773-4ff1-9bb5-1a871868fd09:c4474, abe1c95d-8ae2-42e9-9d83-236e3c187d51:c4474]
2019-07-09 04:31:40,827 INFO  client.GrpcClientProtocolClient (GrpcClientProtocolClient.java:onNext(255)) - client-859D8C9D7B89->65797d0d-2d4a-456d-9b24-1d63a5102722: receive RaftClientReply:client-859D8C9D7B89->65797d0d-2d4a-456d-9b24-1d63a5102722@group-BA7C392EEBCA, cid=2988, SUCCESS, logIndex=4478, commits[65797d0d-2d4a-456d-9b24-1d63a5102722:c4478, aca3f3a4-0773-4ff1-9bb5-1a871868fd09:c4474, abe1c95d-8ae2-42e9-9d83-236e3c187d51:c4474]
2019-07-09 04:31:40,840 INFO  client.GrpcClientProtocolClient (GrpcClientProtocolClient.java:onNext(255)) - client-859D8C9D7B89->65797d0d-2d4a-456d-9b24-1d63a5102722: receive RaftClientReply:client-859D8C9D7B89->65797d0d-2d4a-456d-9b24-1d63a5102722@group-BA7C392EEBCA, cid=2989, SUCCESS, logIndex=0, commits[65797d0d-2d4a-456d-9b24-1d63a5102722:c4480, aca3f3a4-0773-4ff1-9bb5-1a871868fd09:c4478, abe1c95d-8ae2-42e9-9d83-236e3c187d51:c4478]
2019-07-09 04:31:40,872 INFO  client.GrpcClientProtocolClient (GrpcClientProtocolClient.java:onNext(255)) - client-859D8C9D7B89->65797d0d-2d4a-456d-9b24-1d63a5102722: receive RaftClientReply:client-859D8C9D7B89->65797d0d-2d4a-456d-9b24-1d63a5102722@group-BA7C392EEBCA, cid=2990, SUCCESS, logIndex=4481, commits[65797d0d-2d4a-456d-9b24-1d63a5102722:c4482, aca3f3a4-0773-4ff1-9bb5-1a871868fd09:c4480, abe1c95d-8ae2-42e9-9d83-236e3c187d51:c4480]
2019-07-09 04:31:40,873 INFO  client.GrpcClientProtocolClient (GrpcClientProtocolClient.java:onNext(255)) - client-859D8C9D7B89->65797d0d-2d4a-456d-9b24-1d63a5102722: receive RaftClientReply:client-859D8C9D7B89->65797d0d-2d4a-456d-9b24-1d63a5102722@group-BA7C392EEBCA, cid=2991, SUCCESS, logIndex=4482, commits[65797d0d-2d4a-456d-9b24-1d63a5102722:c4482, aca3f3a4-0773-4ff1-9bb5-1a871868fd09:c4480, abe1c95d-8ae2-42e9-9d83-236e3c187d51:c4480]
2019-07-09 04:31:40,874 INFO  client.GrpcClientProtocolClient (GrpcClientProtocolClient.java:onNext(255)) - client-859D8C9D7B89->65797d0d-2d4a-456d-9b24-1d63a5102722: receive RaftClientReply:client-859D8C9D7B89->65797d0d-2d4a-456d-9b24-1d63a5102722@group-BA7C392EEBCA, cid=2992, SUCCESS, logIndex=4483, commits[65797d0d-2d4a-456d-9b24-1d63a5102722:c4484, aca3f3a4-0773-4ff1-9bb5-1a871868fd09:c4480, abe1c95d-8ae2-42e9-9d83-236e3c187d51:c4480]
2019-07-09 04:31:40,875 INFO  client.GrpcClientProtocolClient (GrpcClientProtocolClient.java:onNext(255)) - client-859D8C9D7B89->65797d0d-2d4a-456d-9b24-1d63a5102722: receive RaftClientReply:client-859D8C9D7B89->65797d0d-2d4a-456d-9b24-1d63a5102722@group-BA7C392EEBCA, cid=2993, SUCCESS, logIndex=4484, commits[65797d0d-2d4a-456d-9b24-1d63a5102722:c4484, aca3f3a4-0773-4ff1-9bb5-1a871868fd09:c4480, abe1c95d-8ae2-42e9-9d83-236e3c187d51:c4480]
2019-07-09 04:31:40,876 INFO  client.GrpcClientProtocolClient (GrpcClientProtocolClient.java:onNext(255)) - client-859D8C9D7B89->65797d0d-2d4a-456d-9b24-1d63a5102722: receive RaftClientReply:client-859D8C9D7B89->65797d0d-2d4a-456d-9b24-1d63a5102722@group-BA7C392EEBCA, cid=2994, SUCCESS, logIndex=0, commits[65797d0d-2d4a-456d-9b24-1d63a5102722:c4486, aca3f3a4-0773-4ff1-9bb5-1a871868fd09:c4482, abe1c95d-8ae2-42e9-9d83-236e3c187d51:c4482]
2019-07-09 04:31:40,896 INFO  client.GrpcClientProtocolClient (GrpcClientProtocolClient.java:onNext(255)) - client-859D8C9D7B89->65797d0d-2d4a-456d-9b24-1d63a5102722: receive RaftClientReply:client-859D8C9D7B89->65797d0d-2d4a-456d-9b24-1d63a5102722@group-BA7C392EEBCA, cid=2995, SUCCESS, logIndex=4489, commits[65797d0d-2d4a-456d-9b24-1d63a5102722:c4490, aca3f3a4-0773-4ff1-9bb5-1a871868fd09:c4488, abe1c95d-8ae2-42e9-9d83-236e3c187d51:c4488]
2019-07-09 04:31:40,897 INFO  client.GrpcClientProtocolClient (GrpcClientProtocolClient.java:onNext(255)) - client-859D8C9D7B89->65797d0d-2d4a-456d-9b24-1d63a5102722: receive RaftClientReply:client-859D8C9D7B89->65797d0d-2d4a-456d-9b24-1d63a5102722@group-BA7C392EEBCA, cid=2996, SUCCESS, logIndex=4490, commits[65797d0d-2d4a-456d-9b24-1d63a5102722:c4490, aca3f3a4-0773-4ff1-9bb5-1a871868fd09:c4488, abe1c95d-8ae2-42e9-9d83-236e3c187d51:c4488]
2019-07-09 04:31:40,910 INFO  client.GrpcClientProtocolClient (GrpcClientProtocolClient.java:onNext(255)) - client-859D8C9D7B89->65797d0d-2d4a-456d-9b24-1d63a5102722: receive RaftClientReply:client-859D8C9D7B89->65797d0d-2d4a-456d-9b24-1d63a5102722@group-BA7C392EEBCA, cid=2997, SUCCESS, logIndex=4493, commits[65797d0d-2d4a-456d-9b24-1d63a5102722:c4494, aca3f3a4-0773-4ff1-9bb5-1a871868fd09:c4490, abe1c95d-8ae2-42e9-9d83-236e3c187d51:c4490]
2019-07-09 04:31:40,910 INFO  client.GrpcClientProtocolClient (GrpcClientProtocolClient.java:onNext(255)) - client-859D8C9D7B89->65797d0d-2d4a-456d-9b24-1d63a5102722: receive RaftClientReply:client-859D8C9D7B89->65797d0d-2d4a-456d-9b24-1d63a5102722@group-BA7C392EEBCA, cid=2998, SUCCESS, logIndex=4494, commits[65797d0d-2d4a-456d-9b24-1d63a5102722:c4494, aca3f3a4-0773-4ff1-9bb5-1a871868fd09:c4490, abe1c95d-8ae2-42e9-9d83-236e3c187d51:c4490]
2019-07-09 04:31:40,922 INFO  client.GrpcClientProtocolClient (GrpcClientProtocolClient.java:onNext(255)) - client-859D8C9D7B89->65797d0d-2d4a-456d-9b24-1d63a5102722: receive RaftClientReply:client-859D8C9D7B89->65797d0d-2d4a-456d-9b24-1d63a5102722@group-BA7C392EEBCA, cid=2999, SUCCESS, logIndex=0, commits[65797d0d-2d4a-456d-9b24-1d63a5102722:c4496, aca3f3a4-0773-4ff1-9bb5-1a871868fd09:c4494, abe1c95d-8ae2-42e9-9d83-236e3c187d51:c4494]
2019-07-09 04:31:40,953 INFO  client.GrpcClientProtocolClient (GrpcClientProtocolClient.java:onNext(255)) - client-859D8C9D7B89->65797d0d-2d4a-456d-9b24-1d63a5102722: receive RaftClientReply:client-859D8C9D7B89->65797d0d-2d4a-456d-9b24-1d63a5102722@group-BA7C392EEBCA, cid=3000, SUCCESS, logIndex=4497, commits[65797d0d-2d4a-456d-9b24-1d63a5102722:c4499, aca3f3a4-0773-4ff1-9bb5-1a871868fd09:c4496, abe1c95d-8ae2-42e9-9d83-236e3c187d51:c4496]
2019-07-09 04:31:40,954 INFO  client.GrpcClientProtocolClient (GrpcClientProtocolClient.java:onNext(255)) - client-859D8C9D7B89->65797d0d-2d4a-456d-9b24-1d63a5102722: receive RaftClientReply:client-859D8C9D7B89->65797d0d-2d4a-456d-9b24-1d63a5102722@group-BA7C392EEBCA, cid=3001, SUCCESS, logIndex=4498, commits[65797d0d-2d4a-456d-9b24-1d63a5102722:c4500, aca3f3a4-0773-4ff1-9bb5-1a871868fd09:c4496, abe1c95d-8ae2-42e9-9d83-236e3c187d51:c4496]
2019-07-09 04:31:40,954 INFO  client.GrpcClientProtocolClient (GrpcClientProtocolClient.java:onNext(255)) - client-859D8C9D7B89->65797d0d-2d4a-456d-9b24-1d63a5102722: receive RaftClientReply:client-859D8C9D7B89->65797d0d-2d4a-456d-9b24-1d63a5102722@group-BA7C392EEBCA, cid=3002, SUCCESS, logIndex=4499, commits[65797d0d-2d4a-456d-9b24-1d63a5102722:c4500, aca3f3a4-0773-4ff1-9bb5-1a871868fd09:c4496, abe1c95d-8ae2-42e9-9d83-236e3c187d51:c4496]
2019-07-09 04:31:40,955 INFO  client.GrpcClientProtocolClient (GrpcClientProtocolClient.java:onNext(255)) - client-859D8C9D7B89->65797d0d-2d4a-456d-9b24-1d63a5102722: receive RaftClientReply:client-859D8C9D7B89->65797d0d-2d4a-456d-9b24-1d63a5102722@group-BA7C392EEBCA, cid=3003, SUCCESS, logIndex=4500, commits[65797d0d-2d4a-456d-9b24-1d63a5102722:c4500, aca3f3a4-0773-4ff1-9bb5-1a871868fd09:c4496, abe1c95d-8ae2-42e9-9d83-236e3c187d51:c4496]
2019-07-09 04:31:40,956 INFO  client.GrpcClientProtocolClient (GrpcClientProtocolClient.java:onNext(255)) - client-859D8C9D7B89->65797d0d-2d4a-456d-9b24-1d63a5102722: receive RaftClientReply:client-859D8C9D7B89->65797d0d-2d4a-456d-9b24-1d63a5102722@group-BA7C392EEBCA, cid=3004, SUCCESS, logIndex=0, commits[65797d0d-2d4a-456d-9b24-1d63a5102722:c4503, aca3f3a4-0773-4ff1-9bb5-1a871868fd09:c4499, abe1c95d-8ae2-42e9-9d83-236e3c187d51:c4498]
2019-07-09 04:31:40,985 INFO  client.GrpcClientProtocolClient (GrpcClientProtocolClient.java:onNext(255)) - client-859D8C9D7B89->65797d0d-2d4a-456d-9b24-1d63a5102722: receive RaftClientReply:client-859D8C9D7B89->65797d0d-2d4a-456d-9b24-1d63a5102722@group-BA7C392EEBCA, cid=3005, SUCCESS, logIndex=4505, commits[65797d0d-2d4a-456d-9b24-1d63a5102722:c4505, aca3f3a4-0773-4ff1-9bb5-1a871868fd09:c4504, abe1c95d-8ae2-42e9-9d83-236e3c187d51:c4500]
2019-07-09 04:31:40,985 INFO  client.GrpcClientProtocolClient (GrpcClientProtocolClient.java:onNext(255)) - client-859D8C9D7B89->65797d0d-2d4a-456d-9b24-1d63a5102722: receive RaftClientReply:client-859D8C9D7B89->65797d0d-2d4a-456d-9b24-1d63a5102722@group-BA7C392EEBCA, cid=3006, SUCCESS, logIndex=4506, commits[65797d0d-2d4a-456d-9b24-1d63a5102722:c4506, aca3f3a4-0773-4ff1-9bb5-1a871868fd09:c4504, abe1c95d-8ae2-42e9-9d83-236e3c187d51:c4504]
2019-07-09 04:31:41,005 INFO  client.GrpcClientProtocolClient (GrpcClientProtocolClient.java:onNext(255)) - client-859D8C9D7B89->65797d0d-2d4a-456d-9b24-1d63a5102722: receive RaftClientReply:client-859D8C9D7B89->65797d0d-2d4a-456d-9b24-1d63a5102722@group-BA7C392EEBCA, cid=3007, SUCCESS, logIndex=4509, commits[65797d0d-2d4a-456d-9b24-1d63a5102722:c4510, aca3f3a4-0773-4ff1-9bb5-1a871868fd09:c4508, abe1c95d-8ae2-42e9-9d83-236e3c187d51:c4508]
2019-07-09 04:31:41,005 INFO  client.GrpcClientProtocolClient (GrpcClientProtocolClient.java:onNext(255)) - client-859D8C9D7B89->65797d0d-2d4a-456d-9b24-1d63a5102722: receive RaftClientReply:client-859D8C9D7B89->65797d0d-2d4a-456d-9b24-1d63a5102722@group-BA7C392EEBCA, cid=3008, SUCCESS, logIndex=4510, commits[65797d0d-2d4a-456d-9b24-1d63a5102722:c4510, aca3f3a4-0773-4ff1-9bb5-1a871868fd09:c4508, abe1c95d-8ae2-42e9-9d83-236e3c187d51:c4508]
2019-07-09 04:31:41,020 INFO  client.GrpcClientProtocolClient (GrpcClientProtocolClient.java:onNext(255)) - client-859D8C9D7B89->65797d0d-2d4a-456d-9b24-1d63a5102722: receive RaftClientReply:client-859D8C9D7B89->65797d0d-2d4a-456d-9b24-1d63a5102722@group-BA7C392EEBCA, cid=3009, SUCCESS, logIndex=0, commits[65797d0d-2d4a-456d-9b24-1d63a5102722:c4511, aca3f3a4-0773-4ff1-9bb5-1a871868fd09:c4510, abe1c95d-8ae2-42e9-9d83-236e3c187d51:c4510]
2019-07-09 04:31:41,053 INFO  client.GrpcClientProtocolClient (GrpcClientProtocolClient.java:onNext(255)) - client-859D8C9D7B89->65797d0d-2d4a-456d-9b24-1d63a5102722: receive RaftClientReply:client-859D8C9D7B89->65797d0d-2d4a-456d-9b24-1d63a5102722@group-BA7C392EEBCA, cid=3010, SUCCESS, logIndex=4513, commits[65797d0d-2d4a-456d-9b24-1d63a5102722:c4515, aca3f3a4-0773-4ff1-9bb5-1a871868fd09:c4512, abe1c95d-8ae2-42e9-9d83-236e3c187d51:c4512]
2019-07-09 04:31:41,054 INFO  client.GrpcClientProtocolClient (GrpcClientProtocolClient.java:onNext(255)) - client-859D8C9D7B89->65797d0d-2d4a-456d-9b24-1d63a5102722: receive RaftClientReply:client-859D8C9D7B89->65797d0d-2d4a-456d-9b24-1d63a5102722@group-BA7C392EEBCA, cid=3011, SUCCESS, logIndex=4514, commits[65797d0d-2d4a-456d-9b24-1d63a5102722:c4516, aca3f3a4-0773-4ff1-9bb5-1a871868fd09:c4512, abe1c95d-8ae2-42e9-9d83-236e3c187d51:c4512]
2019-07-09 04:31:41,054 INFO  client.GrpcClientProtocolClient (GrpcClientProtocolClient.java:onNext(255)) - client-859D8C9D7B89->65797d0d-2d4a-456d-9b24-1d63a5102722: receive RaftClientReply:client-859D8C9D7B89->65797d0d-2d4a-456d-9b24-1d63a5102722@group-BA7C392EEBCA, cid=3012, SUCCESS, logIndex=4515, commits[65797d0d-2d4a-456d-9b24-1d63a5102722:c4516, aca3f3a4-0773-4ff1-9bb5-1a871868fd09:c4512, abe1c95d-8ae2-42e9-9d83-236e3c187d51:c4512]
2019-07-09 04:31:41,054 INFO  client.GrpcClientProtocolClient (GrpcClientProtocolClient.java:onNext(255)) - client-859D8C9D7B89->65797d0d-2d4a-456d-9b24-1d63a5102722: receive RaftClientReply:client-859D8C9D7B89->65797d0d-2d4a-456d-9b24-1d63a5102722@group-BA7C392EEBCA, cid=3013, SUCCESS, logIndex=4516, commits[65797d0d-2d4a-456d-9b24-1d63a5102722:c4516, aca3f3a4-0773-4ff1-9bb5-1a871868fd09:c4512, abe1c95d-8ae2-42e9-9d83-236e3c187d51:c4512]
2019-07-09 04:31:41,055 INFO  client.GrpcClientProtocolClient (GrpcClientProtocolClient.java:onNext(255)) - client-859D8C9D7B89->65797d0d-2d4a-456d-9b24-1d63a5102722: receive RaftClientReply:client-859D8C9D7B89->65797d0d-2d4a-456d-9b24-1d63a5102722@group-BA7C392EEBCA, cid=3014, SUCCESS, logIndex=0, commits[65797d0d-2d4a-456d-9b24-1d63a5102722:c4517, aca3f3a4-0773-4ff1-9bb5-1a871868fd09:c4514, abe1c95d-8ae2-42e9-9d83-236e3c187d51:c4514]
2019-07-09 04:31:41,206 INFO  client.GrpcClientProtocolClient (GrpcClientProtocolClient.java:onNext(255)) - client-859D8C9D7B89->65797d0d-2d4a-456d-9b24-1d63a5102722: receive RaftClientReply:client-859D8C9D7B89->65797d0d-2d4a-456d-9b24-1d63a5102722@group-BA7C392EEBCA, cid=3015, SUCCESS, logIndex=4521, commits[65797d0d-2d4a-456d-9b24-1d63a5102722:c4522, aca3f3a4-0773-4ff1-9bb5-1a871868fd09:c4520, abe1c95d-8ae2-42e9-9d83-236e3c187d51:c4520]
2019-07-09 04:31:41,207 INFO  client.GrpcClientProtocolClient (GrpcClientProtocolClient.java:onNext(255)) - client-859D8C9D7B89->65797d0d-2d4a-456d-9b24-1d63a5102722: receive RaftClientReply:client-859D8C9D7B89->65797d0d-2d4a-456d-9b24-1d63a5102722@group-BA7C392EEBCA, cid=3016, SUCCESS, logIndex=4522, commits[65797d0d-2d4a-456d-9b24-1d63a5102722:c4522, aca3f3a4-0773-4ff1-9bb5-1a871868fd09:c4520, abe1c95d-8ae2-42e9-9d83-236e3c187d51:c4520]
2019-07-09 04:31:41,245 INFO  client.GrpcClientProtocolClient (GrpcClientProtocolClient.java:onNext(255)) - client-859D8C9D7B89->65797d0d-2d4a-456d-9b24-1d63a5102722: receive RaftClientReply:client-859D8C9D7B89->65797d0d-2d4a-456d-9b24-1d63a5102722@group-BA7C392EEBCA, cid=3017, SUCCESS, logIndex=4525, commits[65797d0d-2d4a-456d-9b24-1d63a5102722:c4525, aca3f3a4-0773-4ff1-9bb5-1a871868fd09:c4522, abe1c95d-8ae2-42e9-9d83-236e3c187d51:c4522]
2019-07-09 04:31:41,246 INFO  client.GrpcClientProtocolClient (GrpcClientProtocolClient.java:onNext(255)) - client-859D8C9D7B89->65797d0d-2d4a-456d-9b24-1d63a5102722: receive RaftClientReply:client-859D8C9D7B89->65797d0d-2d4a-456d-9b24-1d63a5102722@group-BA7C392EEBCA, cid=3018, SUCCESS, logIndex=4526, commits[65797d0d-2d4a-456d-9b24-1d63a5102722:c4526, aca3f3a4-0773-4ff1-9bb5-1a871868fd09:c4522, abe1c95d-8ae2-42e9-9d83-236e3c187d51:c4522]
2019-07-09 04:31:41,257 INFO  client.GrpcClientProtocolClient (GrpcClientProtocolClient.java:onNext(255)) - client-859D8C9D7B89->65797d0d-2d4a-456d-9b24-1d63a5102722: receive RaftClientReply:client-859D8C9D7B89->65797d0d-2d4a-456d-9b24-1d63a5102722@group-BA7C392EEBCA, cid=3019, SUCCESS, logIndex=0, commits[65797d0d-2d4a-456d-9b24-1d63a5102722:c4528, aca3f3a4-0773-4ff1-9bb5-1a871868fd09:c4526, abe1c95d-8ae2-42e9-9d83-236e3c187d51:c4526]
2019-07-09 04:31:41,294 INFO  client.GrpcClientProtocolClient (GrpcClientProtocolClient.java:onNext(255)) - client-859D8C9D7B89->65797d0d-2d4a-456d-9b24-1d63a5102722: receive RaftClientReply:client-859D8C9D7B89->65797d0d-2d4a-456d-9b24-1d63a5102722@group-BA7C392EEBCA, cid=3020, SUCCESS, logIndex=4529, commits[65797d0d-2d4a-456d-9b24-1d63a5102722:c4530, aca3f3a4-0773-4ff1-9bb5-1a871868fd09:c4528, abe1c95d-8ae2-42e9-9d83-236e3c187d51:c4528]
2019-07-09 04:31:41,295 INFO  client.GrpcClientProtocolClient (GrpcClientProtocolClient.java:onNext(255)) - client-859D8C9D7B89->65797d0d-2d4a-456d-9b24-1d63a5102722: receive RaftClientReply:client-859D8C9D7B89->65797d0d-2d4a-456d-9b24-1d63a5102722@group-BA7C392EEBCA, cid=3021, SUCCESS, logIndex=4530, commits[65797d0d-2d4a-456d-9b24-1d63a5102722:c4530, aca3f3a4-0773-4ff1-9bb5-1a871868fd09:c4528, abe1c95d-8ae2-42e9-9d83-236e3c187d51:c4528]
2019-07-09 04:31:41,295 INFO  client.GrpcClientProtocolClient (GrpcClientProtocolClient.java:onNext(255)) - client-859D8C9D7B89->65797d0d-2d4a-456d-9b24-1d63a5102722: receive RaftClientReply:client-859D8C9D7B89->65797d0d-2d4a-456d-9b24-1d63a5102722@group-BA7C392EEBCA, cid=3022, SUCCESS, logIndex=4531, commits[65797d0d-2d4a-456d-9b24-1d63a5102722:c4532, aca3f3a4-0773-4ff1-9bb5-1a871868fd09:c4528, abe1c95d-8ae2-42e9-9d83-236e3c187d51:c4528]
2019-07-09 04:31:41,296 INFO  client.GrpcClientProtocolClient (GrpcClientProtocolClient.java:onNext(255)) - client-859D8C9D7B89->65797d0d-2d4a-456d-9b24-1d63a5102722: receive RaftClientReply:client-859D8C9D7B89->65797d0d-2d4a-456d-9b24-1d63a5102722@group-BA7C392EEBCA, cid=3023, SUCCESS, logIndex=4532, commits[65797d0d-2d4a-456d-9b24-1d63a5102722:c4532, aca3f3a4-0773-4ff1-9bb5-1a871868fd09:c4528, abe1c95d-8ae2-42e9-9d83-236e3c187d51:c4528]
2019-07-09 04:31:41,297 INFO  client.GrpcClientProtocolClient (GrpcClientProtocolClient.java:onNext(255)) - client-859D8C9D7B89->65797d0d-2d4a-456d-9b24-1d63a5102722: receive RaftClientReply:client-859D8C9D7B89->65797d0d-2d4a-456d-9b24-1d63a5102722@group-BA7C392EEBCA, cid=3024, SUCCESS, logIndex=0, commits[65797d0d-2d4a-456d-9b24-1d63a5102722:c4534, aca3f3a4-0773-4ff1-9bb5-1a871868fd09:c4530, abe1c95d-8ae2-42e9-9d83-236e3c187d51:c4530]
2019-07-09 04:31:41,318 INFO  client.GrpcClientProtocolClient (GrpcClientProtocolClient.java:onNext(255)) - client-859D8C9D7B89->65797d0d-2d4a-456d-9b24-1d63a5102722: receive RaftClientReply:client-859D8C9D7B89->65797d0d-2d4a-456d-9b24-1d63a5102722@group-BA7C392EEBCA, cid=3025, SUCCESS, logIndex=4537, commits[65797d0d-2d4a-456d-9b24-1d63a5102722:c4537, aca3f3a4-0773-4ff1-9bb5-1a871868fd09:c4536, abe1c95d-8ae2-42e9-9d83-236e3c187d51:c4536]
2019-07-09 04:31:41,318 INFO  client.GrpcClientProtocolClient (GrpcClientProtocolClient.java:onNext(255)) - client-859D8C9D7B89->65797d0d-2d4a-456d-9b24-1d63a5102722: receive RaftClientReply:client-859D8C9D7B89->65797d0d-2d4a-456d-9b24-1d63a5102722@group-BA7C392EEBCA, cid=3026, SUCCESS, logIndex=4538, commits[65797d0d-2d4a-456d-9b24-1d63a5102722:c4538, aca3f3a4-0773-4ff1-9bb5-1a871868fd09:c4536, abe1c95d-8ae2-42e9-9d83-236e3c187d51:c4536]
2019-07-09 04:31:41,332 INFO  client.GrpcClientProtocolClient (GrpcClientProtocolClient.java:onNext(255)) - client-859D8C9D7B89->65797d0d-2d4a-456d-9b24-1d63a5102722: receive RaftClientReply:client-859D8C9D7B89->65797d0d-2d4a-456d-9b24-1d63a5102722@group-BA7C392EEBCA, cid=3027, SUCCESS, logIndex=4541, commits[65797d0d-2d4a-456d-9b24-1d63a5102722:c4542, aca3f3a4-0773-4ff1-9bb5-1a871868fd09:c4538, abe1c95d-8ae2-42e9-9d83-236e3c187d51:c4538]
2019-07-09 04:31:41,333 INFO  client.GrpcClientProtocolClient (GrpcClientProtocolClient.java:onNext(255)) - client-859D8C9D7B89->65797d0d-2d4a-456d-9b24-1d63a5102722: receive RaftClientReply:client-859D8C9D7B89->65797d0d-2d4a-456d-9b24-1d63a5102722@group-BA7C392EEBCA, cid=3028, SUCCESS, logIndex=4542, commits[65797d0d-2d4a-456d-9b24-1d63a5102722:c4542, aca3f3a4-0773-4ff1-9bb5-1a871868fd09:c4538, abe1c95d-8ae2-42e9-9d83-236e3c187d51:c4538]
2019-07-09 04:31:41,345 INFO  client.GrpcClientProtocolClient (GrpcClientProtocolClient.java:onNext(255)) - client-859D8C9D7B89->65797d0d-2d4a-456d-9b24-1d63a5102722: receive RaftClientReply:client-859D8C9D7B89->65797d0d-2d4a-456d-9b24-1d63a5102722@group-BA7C392EEBCA, cid=3029, SUCCESS, logIndex=0, commits[65797d0d-2d4a-456d-9b24-1d63a5102722:c4543, aca3f3a4-0773-4ff1-9bb5-1a871868fd09:c4542, abe1c95d-8ae2-42e9-9d83-236e3c187d51:c4542]
2019-07-09 04:31:41,380 INFO  client.GrpcClientProtocolClient (GrpcClientProtocolClient.java:onNext(255)) - client-859D8C9D7B89->65797d0d-2d4a-456d-9b24-1d63a5102722: receive RaftClientReply:client-859D8C9D7B89->65797d0d-2d4a-456d-9b24-1d63a5102722@group-BA7C392EEBCA, cid=3030, SUCCESS, logIndex=4545, commits[65797d0d-2d4a-456d-9b24-1d63a5102722:c4545, aca3f3a4-0773-4ff1-9bb5-1a871868fd09:c4544, abe1c95d-8ae2-42e9-9d83-236e3c187d51:c4542]
2019-07-09 04:31:41,381 INFO  client.GrpcClientProtocolClient (GrpcClientProtocolClient.java:onNext(255)) - client-859D8C9D7B89->65797d0d-2d4a-456d-9b24-1d63a5102722: receive RaftClientReply:client-859D8C9D7B89->65797d0d-2d4a-456d-9b24-1d63a5102722@group-BA7C392EEBCA, cid=3031, SUCCESS, logIndex=4546, commits[65797d0d-2d4a-456d-9b24-1d63a5102722:c4548, aca3f3a4-0773-4ff1-9bb5-1a871868fd09:c4544, abe1c95d-8ae2-42e9-9d83-236e3c187d51:c4544]
2019-07-09 04:31:41,381 INFO  client.GrpcClientProtocolClient (GrpcClientProtocolClient.java:onNext(255)) - client-859D8C9D7B89->65797d0d-2d4a-456d-9b24-1d63a5102722: receive RaftClientReply:client-859D8C9D7B89->65797d0d-2d4a-456d-9b24-1d63a5102722@group-BA7C392EEBCA, cid=3032, SUCCESS, logIndex=4547, commits[65797d0d-2d4a-456d-9b24-1d63a5102722:c4548, aca3f3a4-0773-4ff1-9bb5-1a871868fd09:c4545, abe1c95d-8ae2-42e9-9d83-236e3c187d51:c4544]
2019-07-09 04:31:41,382 INFO  client.GrpcClientProtocolClient (GrpcClientProtocolClient.java:onNext(255)) - client-859D8C9D7B89->65797d0d-2d4a-456d-9b24-1d63a5102722: receive RaftClientReply:client-859D8C9D7B89->65797d0d-2d4a-456d-9b24-1d63a5102722@group-BA7C392EEBCA, cid=3033, SUCCESS, logIndex=4548, commits[65797d0d-2d4a-456d-9b24-1d63a5102722:c4549, aca3f3a4-0773-4ff1-9bb5-1a871868fd09:c4545, abe1c95d-8ae2-42e9-9d83-236e3c187d51:c4544]
2019-07-09 04:31:41,383 INFO  client.GrpcClientProtocolClient (GrpcClientProtocolClient.java:onNext(255)) - client-859D8C9D7B89->65797d0d-2d4a-456d-9b24-1d63a5102722: receive RaftClientReply:client-859D8C9D7B89->65797d0d-2d4a-456d-9b24-1d63a5102722@group-BA7C392EEBCA, cid=3034, SUCCESS, logIndex=0, commits[65797d0d-2d4a-456d-9b24-1d63a5102722:c4550, aca3f3a4-0773-4ff1-9bb5-1a871868fd09:c4547, abe1c95d-8ae2-42e9-9d83-236e3c187d51:c4547]
 0.00% |█                                                                                                    |  0/1 Time: 0:00:262019-07-09 04:31:41,405 INFO  client.GrpcClientProtocolClient (GrpcClientProtocolClient.java:onNext(255)) - client-859D8C9D7B89->65797d0d-2d4a-456d-9b24-1d63a5102722: receive RaftClientReply:client-859D8C9D7B89->65797d0d-2d4a-456d-9b24-1d63a5102722@group-BA7C392EEBCA, cid=3035, SUCCESS, logIndex=4552, commits[65797d0d-2d4a-456d-9b24-1d63a5102722:c4553, aca3f3a4-0773-4ff1-9bb5-1a871868fd09:c4551, abe1c95d-8ae2-42e9-9d83-236e3c187d51:c4551]
2019-07-09 04:31:41,405 INFO  client.GrpcClientProtocolClient (GrpcClientProtocolClient.java:onNext(255)) - client-859D8C9D7B89->65797d0d-2d4a-456d-9b24-1d63a5102722: receive RaftClientReply:client-859D8C9D7B89->65797d0d-2d4a-456d-9b24-1d63a5102722@group-BA7C392EEBCA, cid=3036, SUCCESS, logIndex=4553, commits[65797d0d-2d4a-456d-9b24-1d63a5102722:c4553, aca3f3a4-0773-4ff1-9bb5-1a871868fd09:c4551, abe1c95d-8ae2-42e9-9d83-236e3c187d51:c4551]
2019-07-09 04:31:41,419 INFO  client.GrpcClientProtocolClient (GrpcClientProtocolClient.java:onNext(255)) - client-859D8C9D7B89->65797d0d-2d4a-456d-9b24-1d63a5102722: receive RaftClientReply:client-859D8C9D7B89->65797d0d-2d4a-456d-9b24-1d63a5102722@group-BA7C392EEBCA, cid=3037, SUCCESS, logIndex=4556, commits[65797d0d-2d4a-456d-9b24-1d63a5102722:c4557, aca3f3a4-0773-4ff1-9bb5-1a871868fd09:c4553, abe1c95d-8ae2-42e9-9d83-236e3c187d51:c4553]
2019-07-09 04:31:41,419 INFO  client.GrpcClientProtocolClient (GrpcClientProtocolClient.java:onNext(255)) - client-859D8C9D7B89->65797d0d-2d4a-456d-9b24-1d63a5102722: receive RaftClientReply:client-859D8C9D7B89->65797d0d-2d4a-456d-9b24-1d63a5102722@group-BA7C392EEBCA, cid=3038, SUCCESS, logIndex=4557, commits[65797d0d-2d4a-456d-9b24-1d63a5102722:c4557, aca3f3a4-0773-4ff1-9bb5-1a871868fd09:c4553, abe1c95d-8ae2-42e9-9d83-236e3c187d51:c4553]
2019-07-09 04:31:41,431 INFO  client.GrpcClientProtocolClient (GrpcClientProtocolClient.java:onNext(255)) - client-859D8C9D7B89->65797d0d-2d4a-456d-9b24-1d63a5102722: receive RaftClientReply:client-859D8C9D7B89->65797d0d-2d4a-456d-9b24-1d63a5102722@group-BA7C392EEBCA, cid=3039, SUCCESS, logIndex=0, commits[65797d0d-2d4a-456d-9b24-1d63a5102722:c4558, aca3f3a4-0773-4ff1-9bb5-1a871868fd09:c4557, abe1c95d-8ae2-42e9-9d83-236e3c187d51:c4557]
2019-07-09 04:31:41,462 INFO  client.GrpcClientProtocolClient (GrpcClientProtocolClient.java:onNext(255)) - client-859D8C9D7B89->65797d0d-2d4a-456d-9b24-1d63a5102722: receive RaftClientReply:client-859D8C9D7B89->65797d0d-2d4a-456d-9b24-1d63a5102722@group-BA7C392EEBCA, cid=3040, SUCCESS, logIndex=4560, commits[65797d0d-2d4a-456d-9b24-1d63a5102722:c4561, aca3f3a4-0773-4ff1-9bb5-1a871868fd09:c4559, abe1c95d-8ae2-42e9-9d83-236e3c187d51:c4559]
2019-07-09 04:31:41,462 INFO  client.GrpcClientProtocolClient (GrpcClientProtocolClient.java:onNext(255)) - client-859D8C9D7B89->65797d0d-2d4a-456d-9b24-1d63a5102722: receive RaftClientReply:client-859D8C9D7B89->65797d0d-2d4a-456d-9b24-1d63a5102722@group-BA7C392EEBCA, cid=3041, SUCCESS, logIndex=4561, commits[65797d0d-2d4a-456d-9b24-1d63a5102722:c4563, aca3f3a4-0773-4ff1-9bb5-1a871868fd09:c4559, abe1c95d-8ae2-42e9-9d83-236e3c187d51:c4559]
2019-07-09 04:31:41,463 INFO  client.GrpcClientProtocolClient (GrpcClientProtocolClient.java:onNext(255)) - client-859D8C9D7B89->65797d0d-2d4a-456d-9b24-1d63a5102722: receive RaftClientReply:client-859D8C9D7B89->65797d0d-2d4a-456d-9b24-1d63a5102722@group-BA7C392EEBCA, cid=3042, SUCCESS, logIndex=4562, commits[65797d0d-2d4a-456d-9b24-1d63a5102722:c4563, aca3f3a4-0773-4ff1-9bb5-1a871868fd09:c4559, abe1c95d-8ae2-42e9-9d83-236e3c187d51:c4559]
2019-07-09 04:31:41,463 INFO  client.GrpcClientProtocolClient (GrpcClientProtocolClient.java:onNext(255)) - client-859D8C9D7B89->65797d0d-2d4a-456d-9b24-1d63a5102722: receive RaftClientReply:client-859D8C9D7B89->65797d0d-2d4a-456d-9b24-1d63a5102722@group-BA7C392EEBCA, cid=3043, SUCCESS, logIndex=4563, commits[65797d0d-2d4a-456d-9b24-1d63a5102722:c4563, aca3f3a4-0773-4ff1-9bb5-1a871868fd09:c4560, abe1c95d-8ae2-42e9-9d83-236e3c187d51:c4559]
2019-07-09 04:31:41,464 INFO  client.GrpcClientProtocolClient (GrpcClientProtocolClient.java:onNext(255)) - client-859D8C9D7B89->65797d0d-2d4a-456d-9b24-1d63a5102722: receive RaftClientReply:client-859D8C9D7B89->65797d0d-2d4a-456d-9b24-1d63a5102722@group-BA7C392EEBCA, cid=3044, SUCCESS, logIndex=0, commits[65797d0d-2d4a-456d-9b24-1d63a5102722:c4565, aca3f3a4-0773-4ff1-9bb5-1a871868fd09:c4561, abe1c95d-8ae2-42e9-9d83-236e3c187d51:c4561]
2019-07-09 04:31:41,485 INFO  client.GrpcClientProtocolClient (GrpcClientProtocolClient.java:onNext(255)) - client-859D8C9D7B89->65797d0d-2d4a-456d-9b24-1d63a5102722: receive RaftClientReply:client-859D8C9D7B89->65797d0d-2d4a-456d-9b24-1d63a5102722@group-BA7C392EEBCA, cid=3045, SUCCESS, logIndex=4568, commits[65797d0d-2d4a-456d-9b24-1d63a5102722:c4569, aca3f3a4-0773-4ff1-9bb5-1a871868fd09:c4567, abe1c95d-8ae2-42e9-9d83-236e3c187d51:c4567]
2019-07-09 04:31:41,485 INFO  client.GrpcClientProtocolClient (GrpcClientProtocolClient.java:onNext(255)) - client-859D8C9D7B89->65797d0d-2d4a-456d-9b24-1d63a5102722: receive RaftClientReply:client-859D8C9D7B89->65797d0d-2d4a-456d-9b24-1d63a5102722@group-BA7C392EEBCA, cid=3046, SUCCESS, logIndex=4569, commits[65797d0d-2d4a-456d-9b24-1d63a5102722:c4569, aca3f3a4-0773-4ff1-9bb5-1a871868fd09:c4567, abe1c95d-8ae2-42e9-9d83-236e3c187d51:c4567]
2019-07-09 04:31:41,498 INFO  client.GrpcClientProtocolClient (GrpcClientProtocolClient.java:onNext(255)) - client-859D8C9D7B89->65797d0d-2d4a-456d-9b24-1d63a5102722: receive RaftClientReply:client-859D8C9D7B89->65797d0d-2d4a-456d-9b24-1d63a5102722@group-BA7C392EEBCA, cid=3047, SUCCESS, logIndex=4572, commits[65797d0d-2d4a-456d-9b24-1d63a5102722:c4573, aca3f3a4-0773-4ff1-9bb5-1a871868fd09:c4569, abe1c95d-8ae2-42e9-9d83-236e3c187d51:c4569]
2019-07-09 04:31:41,498 INFO  client.GrpcClientProtocolClient (GrpcClientProtocolClient.java:onNext(255)) - client-859D8C9D7B89->65797d0d-2d4a-456d-9b24-1d63a5102722: receive RaftClientReply:client-859D8C9D7B89->65797d0d-2d4a-456d-9b24-1d63a5102722@group-BA7C392EEBCA, cid=3048, SUCCESS, logIndex=4573, commits[65797d0d-2d4a-456d-9b24-1d63a5102722:c4573, aca3f3a4-0773-4ff1-9bb5-1a871868fd09:c4569, abe1c95d-8ae2-42e9-9d83-236e3c187d51:c4569]
2019-07-09 04:31:41,511 INFO  client.GrpcClientProtocolClient (GrpcClientProtocolClient.java:onNext(255)) - client-859D8C9D7B89->65797d0d-2d4a-456d-9b24-1d63a5102722: receive RaftClientReply:client-859D8C9D7B89->65797d0d-2d4a-456d-9b24-1d63a5102722@group-BA7C392EEBCA, cid=3049, SUCCESS, logIndex=0, commits[65797d0d-2d4a-456d-9b24-1d63a5102722:c4575, aca3f3a4-0773-4ff1-9bb5-1a871868fd09:c4573, abe1c95d-8ae2-42e9-9d83-236e3c187d51:c4573]
2019-07-09 04:31:41,536 INFO  client.GrpcClientProtocolClient (GrpcClientProtocolClient.java:onNext(255)) - client-859D8C9D7B89->65797d0d-2d4a-456d-9b24-1d63a5102722: receive RaftClientReply:client-859D8C9D7B89->65797d0d-2d4a-456d-9b24-1d63a5102722@group-BA7C392EEBCA, cid=3050, SUCCESS, logIndex=4576, commits[65797d0d-2d4a-456d-9b24-1d63a5102722:c4577, aca3f3a4-0773-4ff1-9bb5-1a871868fd09:c4575, abe1c95d-8ae2-42e9-9d83-236e3c187d51:c4575]
2019-07-09 04:31:41,537 INFO  client.GrpcClientProtocolClient (GrpcClientProtocolClient.java:onNext(255)) - client-859D8C9D7B89->65797d0d-2d4a-456d-9b24-1d63a5102722: receive RaftClientReply:client-859D8C9D7B89->65797d0d-2d4a-456d-9b24-1d63a5102722@group-BA7C392EEBCA, cid=3051, SUCCESS, logIndex=4577, commits[65797d0d-2d4a-456d-9b24-1d63a5102722:c4577, aca3f3a4-0773-4ff1-9bb5-1a871868fd09:c4575, abe1c95d-8ae2-42e9-9d83-236e3c187d51:c4575]
2019-07-09 04:31:41,537 INFO  client.GrpcClientProtocolClient (GrpcClientProtocolClient.java:onNext(255)) - client-859D8C9D7B89->65797d0d-2d4a-456d-9b24-1d63a5102722: receive RaftClientReply:client-859D8C9D7B89->65797d0d-2d4a-456d-9b24-1d63a5102722@group-BA7C392EEBCA, cid=3052, SUCCESS, logIndex=4578, commits[65797d0d-2d4a-456d-9b24-1d63a5102722:c4579, aca3f3a4-0773-4ff1-9bb5-1a871868fd09:c4575, abe1c95d-8ae2-42e9-9d83-236e3c187d51:c4575]
2019-07-09 04:31:41,538 INFO  client.GrpcClientProtocolClient (GrpcClientProtocolClient.java:onNext(255)) - client-859D8C9D7B89->65797d0d-2d4a-456d-9b24-1d63a5102722: receive RaftClientReply:client-859D8C9D7B89->65797d0d-2d4a-456d-9b24-1d63a5102722@group-BA7C392EEBCA, cid=3053, SUCCESS, logIndex=4579, commits[65797d0d-2d4a-456d-9b24-1d63a5102722:c4579, aca3f3a4-0773-4ff1-9bb5-1a871868fd09:c4575, abe1c95d-8ae2-42e9-9d83-236e3c187d51:c4575]
2019-07-09 04:31:41,539 INFO  client.GrpcClientProtocolClient (GrpcClientProtocolClient.java:onNext(255)) - client-859D8C9D7B89->65797d0d-2d4a-456d-9b24-1d63a5102722: receive RaftClientReply:client-859D8C9D7B89->65797d0d-2d4a-456d-9b24-1d63a5102722@group-BA7C392EEBCA, cid=3054, SUCCESS, logIndex=0, commits[65797d0d-2d4a-456d-9b24-1d63a5102722:c4581, aca3f3a4-0773-4ff1-9bb5-1a871868fd09:c4577, abe1c95d-8ae2-42e9-9d83-236e3c187d51:c4577]
2019-07-09 04:31:41,558 INFO  client.GrpcClientProtocolClient (GrpcClientProtocolClient.java:onNext(255)) - client-859D8C9D7B89->65797d0d-2d4a-456d-9b24-1d63a5102722: receive RaftClientReply:client-859D8C9D7B89->65797d0d-2d4a-456d-9b24-1d63a5102722@group-BA7C392EEBCA, cid=3055, SUCCESS, logIndex=4584, commits[65797d0d-2d4a-456d-9b24-1d63a5102722:c4585, aca3f3a4-0773-4ff1-9bb5-1a871868fd09:c4583, abe1c95d-8ae2-42e9-9d83-236e3c187d51:c4583]
2019-07-09 04:31:41,558 INFO  client.GrpcClientProtocolClient (GrpcClientProtocolClient.java:onNext(255)) - client-859D8C9D7B89->65797d0d-2d4a-456d-9b24-1d63a5102722: receive RaftClientReply:client-859D8C9D7B89->65797d0d-2d4a-456d-9b24-1d63a5102722@group-BA7C392EEBCA, cid=3056, SUCCESS, logIndex=4585, commits[65797d0d-2d4a-456d-9b24-1d63a5102722:c4585, aca3f3a4-0773-4ff1-9bb5-1a871868fd09:c4583, abe1c95d-8ae2-42e9-9d83-236e3c187d51:c4583]
2019-07-09 04:31:41,571 INFO  client.GrpcClientProtocolClient (GrpcClientProtocolClient.java:onNext(255)) - client-859D8C9D7B89->65797d0d-2d4a-456d-9b24-1d63a5102722: receive RaftClientReply:client-859D8C9D7B89->65797d0d-2d4a-456d-9b24-1d63a5102722@group-BA7C392EEBCA, cid=3057, SUCCESS, logIndex=4588, commits[65797d0d-2d4a-456d-9b24-1d63a5102722:c4589, aca3f3a4-0773-4ff1-9bb5-1a871868fd09:c4585, abe1c95d-8ae2-42e9-9d83-236e3c187d51:c4585]
2019-07-09 04:31:41,571 INFO  client.GrpcClientProtocolClient (GrpcClientProtocolClient.java:onNext(255)) - client-859D8C9D7B89->65797d0d-2d4a-456d-9b24-1d63a5102722: receive RaftClientReply:client-859D8C9D7B89->65797d0d-2d4a-456d-9b24-1d63a5102722@group-BA7C392EEBCA, cid=3058, SUCCESS, logIndex=4589, commits[65797d0d-2d4a-456d-9b24-1d63a5102722:c4589, aca3f3a4-0773-4ff1-9bb5-1a871868fd09:c4585, abe1c95d-8ae2-42e9-9d83-236e3c187d51:c4585]
2019-07-09 04:31:41,584 INFO  client.GrpcClientProtocolClient (GrpcClientProtocolClient.java:onNext(255)) - client-859D8C9D7B89->65797d0d-2d4a-456d-9b24-1d63a5102722: receive RaftClientReply:client-859D8C9D7B89->65797d0d-2d4a-456d-9b24-1d63a5102722@group-BA7C392EEBCA, cid=3059, SUCCESS, logIndex=0, commits[65797d0d-2d4a-456d-9b24-1d63a5102722:c4591, aca3f3a4-0773-4ff1-9bb5-1a871868fd09:c4589, abe1c95d-8ae2-42e9-9d83-236e3c187d51:c4589]
2019-07-09 04:31:41,614 INFO  client.GrpcClientProtocolClient (GrpcClientProtocolClient.java:onNext(255)) - client-859D8C9D7B89->65797d0d-2d4a-456d-9b24-1d63a5102722: receive RaftClientReply:client-859D8C9D7B89->65797d0d-2d4a-456d-9b24-1d63a5102722@group-BA7C392EEBCA, cid=3060, SUCCESS, logIndex=4592, commits[65797d0d-2d4a-456d-9b24-1d63a5102722:c4593, aca3f3a4-0773-4ff1-9bb5-1a871868fd09:c4591, abe1c95d-8ae2-42e9-9d83-236e3c187d51:c4591]
2019-07-09 04:31:41,615 INFO  client.GrpcClientProtocolClient (GrpcClientProtocolClient.java:onNext(255)) - client-859D8C9D7B89->65797d0d-2d4a-456d-9b24-1d63a5102722: receive RaftClientReply:client-859D8C9D7B89->65797d0d-2d4a-456d-9b24-1d63a5102722@group-BA7C392EEBCA, cid=3061, SUCCESS, logIndex=4593, commits[65797d0d-2d4a-456d-9b24-1d63a5102722:c4595, aca3f3a4-0773-4ff1-9bb5-1a871868fd09:c4591, abe1c95d-8ae2-42e9-9d83-236e3c187d51:c4591]
2019-07-09 04:31:41,615 INFO  client.GrpcClientProtocolClient (GrpcClientProtocolClient.java:onNext(255)) - client-859D8C9D7B89->65797d0d-2d4a-456d-9b24-1d63a5102722: receive RaftClientReply:client-859D8C9D7B89->65797d0d-2d4a-456d-9b24-1d63a5102722@group-BA7C392EEBCA, cid=3062, SUCCESS, logIndex=4594, commits[65797d0d-2d4a-456d-9b24-1d63a5102722:c4595, aca3f3a4-0773-4ff1-9bb5-1a871868fd09:c4591, abe1c95d-8ae2-42e9-9d83-236e3c187d51:c4591]
2019-07-09 04:31:41,615 INFO  client.GrpcClientProtocolClient (GrpcClientProtocolClient.java:onNext(255)) - client-859D8C9D7B89->65797d0d-2d4a-456d-9b24-1d63a5102722: receive RaftClientReply:client-859D8C9D7B89->65797d0d-2d4a-456d-9b24-1d63a5102722@group-BA7C392EEBCA, cid=3063, SUCCESS, logIndex=4595, commits[65797d0d-2d4a-456d-9b24-1d63a5102722:c4595, aca3f3a4-0773-4ff1-9bb5-1a871868fd09:c4591, abe1c95d-8ae2-42e9-9d83-236e3c187d51:c4591]
2019-07-09 04:31:41,617 INFO  client.GrpcClientProtocolClient (GrpcClientProtocolClient.java:onNext(255)) - client-859D8C9D7B89->65797d0d-2d4a-456d-9b24-1d63a5102722: receive RaftClientReply:client-859D8C9D7B89->65797d0d-2d4a-456d-9b24-1d63a5102722@group-BA7C392EEBCA, cid=3064, SUCCESS, logIndex=0, commits[65797d0d-2d4a-456d-9b24-1d63a5102722:c4598, aca3f3a4-0773-4ff1-9bb5-1a871868fd09:c4595, abe1c95d-8ae2-42e9-9d83-236e3c187d51:c4593]
2019-07-09 04:31:41,636 INFO  client.GrpcClientProtocolClient (GrpcClientProtocolClient.java:onNext(255)) - client-859D8C9D7B89->65797d0d-2d4a-456d-9b24-1d63a5102722: receive RaftClientReply:client-859D8C9D7B89->65797d0d-2d4a-456d-9b24-1d63a5102722@group-BA7C392EEBCA, cid=3065, SUCCESS, logIndex=4599, commits[65797d0d-2d4a-456d-9b24-1d63a5102722:c4600, aca3f3a4-0773-4ff1-9bb5-1a871868fd09:c4598, abe1c95d-8ae2-42e9-9d83-236e3c187d51:c4598]
2019-07-09 04:31:41,636 INFO  client.GrpcClientProtocolClient (GrpcClientProtocolClient.java:onNext(255)) - client-859D8C9D7B89->65797d0d-2d4a-456d-9b24-1d63a5102722: receive RaftClientReply:client-859D8C9D7B89->65797d0d-2d4a-456d-9b24-1d63a5102722@group-BA7C392EEBCA, cid=3066, SUCCESS, logIndex=4600, commits[65797d0d-2d4a-456d-9b24-1d63a5102722:c4600, aca3f3a4-0773-4ff1-9bb5-1a871868fd09:c4598, abe1c95d-8ae2-42e9-9d83-236e3c187d51:c4598]
2019-07-09 04:31:41,679 INFO  client.GrpcClientProtocolClient (GrpcClientProtocolClient.java:onNext(255)) - client-859D8C9D7B89->65797d0d-2d4a-456d-9b24-1d63a5102722: receive RaftClientReply:client-859D8C9D7B89->65797d0d-2d4a-456d-9b24-1d63a5102722@group-BA7C392EEBCA, cid=3067, SUCCESS, logIndex=4603, commits[65797d0d-2d4a-456d-9b24-1d63a5102722:c4604, aca3f3a4-0773-4ff1-9bb5-1a871868fd09:c4600, abe1c95d-8ae2-42e9-9d83-236e3c187d51:c4600]
2019-07-09 04:31:41,680 INFO  client.GrpcClientProtocolClient (GrpcClientProtocolClient.java:onNext(255)) - client-859D8C9D7B89->65797d0d-2d4a-456d-9b24-1d63a5102722: receive RaftClientReply:client-859D8C9D7B89->65797d0d-2d4a-456d-9b24-1d63a5102722@group-BA7C392EEBCA, cid=3068, SUCCESS, logIndex=4604, commits[65797d0d-2d4a-456d-9b24-1d63a5102722:c4604, aca3f3a4-0773-4ff1-9bb5-1a871868fd09:c4600, abe1c95d-8ae2-42e9-9d83-236e3c187d51:c4600]
2019-07-09 04:31:41,693 INFO  client.GrpcClientProtocolClient (GrpcClientProtocolClient.java:onNext(255)) - client-859D8C9D7B89->65797d0d-2d4a-456d-9b24-1d63a5102722: receive RaftClientReply:client-859D8C9D7B89->65797d0d-2d4a-456d-9b24-1d63a5102722@group-BA7C392EEBCA, cid=3069, SUCCESS, logIndex=0, commits[65797d0d-2d4a-456d-9b24-1d63a5102722:c4606, aca3f3a4-0773-4ff1-9bb5-1a871868fd09:c4604, abe1c95d-8ae2-42e9-9d83-236e3c187d51:c4604]
2019-07-09 04:31:41,728 INFO  client.GrpcClientProtocolClient (GrpcClientProtocolClient.java:onNext(255)) - client-859D8C9D7B89->65797d0d-2d4a-456d-9b24-1d63a5102722: receive RaftClientReply:client-859D8C9D7B89->65797d0d-2d4a-456d-9b24-1d63a5102722@group-BA7C392EEBCA, cid=3070, SUCCESS, logIndex=4607, commits[65797d0d-2d4a-456d-9b24-1d63a5102722:c4608, aca3f3a4-0773-4ff1-9bb5-1a871868fd09:c4606, abe1c95d-8ae2-42e9-9d83-236e3c187d51:c4606]
2019-07-09 04:31:41,729 INFO  client.GrpcClientProtocolClient (GrpcClientProtocolClient.java:onNext(255)) - client-859D8C9D7B89->65797d0d-2d4a-456d-9b24-1d63a5102722: receive RaftClientReply:client-859D8C9D7B89->65797d0d-2d4a-456d-9b24-1d63a5102722@group-BA7C392EEBCA, cid=3071, SUCCESS, logIndex=4608, commits[65797d0d-2d4a-456d-9b24-1d63a5102722:c4610, aca3f3a4-0773-4ff1-9bb5-1a871868fd09:c4606, abe1c95d-8ae2-42e9-9d83-236e3c187d51:c4606]
2019-07-09 04:31:41,730 INFO  client.GrpcClientProtocolClient (GrpcClientProtocolClient.java:onNext(255)) - client-859D8C9D7B89->65797d0d-2d4a-456d-9b24-1d63a5102722: receive RaftClientReply:client-859D8C9D7B89->65797d0d-2d4a-456d-9b24-1d63a5102722@group-BA7C392EEBCA, cid=3072, SUCCESS, logIndex=4609, commits[65797d0d-2d4a-456d-9b24-1d63a5102722:c4611, aca3f3a4-0773-4ff1-9bb5-1a871868fd09:c4606, abe1c95d-8ae2-42e9-9d83-236e3c187d51:c4607]
2019-07-09 04:31:41,731 INFO  client.GrpcClientProtocolClient (GrpcClientProtocolClient.java:onNext(255)) - client-859D8C9D7B89->65797d0d-2d4a-456d-9b24-1d63a5102722: receive RaftClientReply:client-859D8C9D7B89->65797d0d-2d4a-456d-9b24-1d63a5102722@group-BA7C392EEBCA, cid=3073, SUCCESS, logIndex=4610, commits[65797d0d-2d4a-456d-9b24-1d63a5102722:c4613, aca3f3a4-0773-4ff1-9bb5-1a871868fd09:c4609, abe1c95d-8ae2-42e9-9d83-236e3c187d51:c4609]
2019-07-09 04:31:41,758 INFO  client.GrpcClientProtocolClient (GrpcClientProtocolClient.java:onNext(255)) - client-859D8C9D7B89->65797d0d-2d4a-456d-9b24-1d63a5102722: receive RaftClientReply:client-859D8C9D7B89->65797d0d-2d4a-456d-9b24-1d63a5102722@group-BA7C392EEBCA, cid=3074, SUCCESS, logIndex=4615, commits[65797d0d-2d4a-456d-9b24-1d63a5102722:c4616, aca3f3a4-0773-4ff1-9bb5-1a871868fd09:c4614, abe1c95d-8ae2-42e9-9d83-236e3c187d51:c4614]
2019-07-09 04:31:41,758 INFO  client.GrpcClientProtocolClient (GrpcClientProtocolClient.java:onNext(255)) - client-859D8C9D7B89->65797d0d-2d4a-456d-9b24-1d63a5102722: receive RaftClientReply:client-859D8C9D7B89->65797d0d-2d4a-456d-9b24-1d63a5102722@group-BA7C392EEBCA, cid=3075, SUCCESS, logIndex=4616, commits[65797d0d-2d4a-456d-9b24-1d63a5102722:c4616, aca3f3a4-0773-4ff1-9bb5-1a871868fd09:c4614, abe1c95d-8ae2-42e9-9d83-236e3c187d51:c4614]
2019-07-09 04:31:41,780 INFO  client.GrpcClientProtocolClient (GrpcClientProtocolClient.java:onNext(255)) - client-859D8C9D7B89->65797d0d-2d4a-456d-9b24-1d63a5102722: receive RaftClientReply:client-859D8C9D7B89->65797d0d-2d4a-456d-9b24-1d63a5102722@group-BA7C392EEBCA, cid=3076, SUCCESS, logIndex=4619, commits[65797d0d-2d4a-456d-9b24-1d63a5102722:c4620, aca3f3a4-0773-4ff1-9bb5-1a871868fd09:c4618, abe1c95d-8ae2-42e9-9d83-236e3c187d51:c4618]
2019-07-09 04:31:41,781 INFO  client.GrpcClientProtocolClient (GrpcClientProtocolClient.java:onNext(255)) - client-859D8C9D7B89->65797d0d-2d4a-456d-9b24-1d63a5102722: receive RaftClientReply:client-859D8C9D7B89->65797d0d-2d4a-456d-9b24-1d63a5102722@group-BA7C392EEBCA, cid=3077, SUCCESS, logIndex=4620, commits[65797d0d-2d4a-456d-9b24-1d63a5102722:c4620, aca3f3a4-0773-4ff1-9bb5-1a871868fd09:c4618, abe1c95d-8ae2-42e9-9d83-236e3c187d51:c4618]
2019-07-09 04:31:41,794 INFO  client.GrpcClientProtocolClient (GrpcClientProtocolClient.java:onNext(255)) - client-859D8C9D7B89->65797d0d-2d4a-456d-9b24-1d63a5102722: receive RaftClientReply:client-859D8C9D7B89->65797d0d-2d4a-456d-9b24-1d63a5102722@group-BA7C392EEBCA, cid=3078, SUCCESS, logIndex=0, commits[65797d0d-2d4a-456d-9b24-1d63a5102722:c4622, aca3f3a4-0773-4ff1-9bb5-1a871868fd09:c4620, abe1c95d-8ae2-42e9-9d83-236e3c187d51:c4620]
2019-07-09 04:31:41,832 INFO  client.GrpcClientProtocolClient (GrpcClientProtocolClient.java:onNext(255)) - client-859D8C9D7B89->65797d0d-2d4a-456d-9b24-1d63a5102722: receive RaftClientReply:client-859D8C9D7B89->65797d0d-2d4a-456d-9b24-1d63a5102722@group-BA7C392EEBCA, cid=3079, SUCCESS, logIndex=4623, commits[65797d0d-2d4a-456d-9b24-1d63a5102722:c4625, aca3f3a4-0773-4ff1-9bb5-1a871868fd09:c4622, abe1c95d-8ae2-42e9-9d83-236e3c187d51:c4622]
2019-07-09 04:31:41,833 INFO  client.GrpcClientProtocolClient (GrpcClientProtocolClient.java:onNext(255)) - client-859D8C9D7B89->65797d0d-2d4a-456d-9b24-1d63a5102722: receive RaftClientReply:client-859D8C9D7B89->65797d0d-2d4a-456d-9b24-1d63a5102722@group-BA7C392EEBCA, cid=3080, SUCCESS, logIndex=4624, commits[65797d0d-2d4a-456d-9b24-1d63a5102722:c4626, aca3f3a4-0773-4ff1-9bb5-1a871868fd09:c4622, abe1c95d-8ae2-42e9-9d83-236e3c187d51:c4622]
2019-07-09 04:31:41,833 INFO  client.GrpcClientProtocolClient (GrpcClientProtocolClient.java:onNext(255)) - client-859D8C9D7B89->65797d0d-2d4a-456d-9b24-1d63a5102722: receive RaftClientReply:client-859D8C9D7B89->65797d0d-2d4a-456d-9b24-1d63a5102722@group-BA7C392EEBCA, cid=3081, SUCCESS, logIndex=4625, commits[65797d0d-2d4a-456d-9b24-1d63a5102722:c4626, aca3f3a4-0773-4ff1-9bb5-1a871868fd09:c4622, abe1c95d-8ae2-42e9-9d83-236e3c187d51:c4622]
2019-07-09 04:31:41,833 INFO  client.GrpcClientProtocolClient (GrpcClientProtocolClient.java:onNext(255)) - client-859D8C9D7B89->65797d0d-2d4a-456d-9b24-1d63a5102722: receive RaftClientReply:client-859D8C9D7B89->65797d0d-2d4a-456d-9b24-1d63a5102722@group-BA7C392EEBCA, cid=3082, SUCCESS, logIndex=4626, commits[65797d0d-2d4a-456d-9b24-1d63a5102722:c4626, aca3f3a4-0773-4ff1-9bb5-1a871868fd09:c4622, abe1c95d-8ae2-42e9-9d83-236e3c187d51:c4622]
2019-07-09 04:31:41,844 INFO  client.GrpcClientProtocolClient (GrpcClientProtocolClient.java:onNext(255)) - client-859D8C9D7B89->65797d0d-2d4a-456d-9b24-1d63a5102722: receive RaftClientReply:client-859D8C9D7B89->65797d0d-2d4a-456d-9b24-1d63a5102722@group-BA7C392EEBCA, cid=3083, SUCCESS, logIndex=0, commits[65797d0d-2d4a-456d-9b24-1d63a5102722:c4627, aca3f3a4-0773-4ff1-9bb5-1a871868fd09:c4624, abe1c95d-8ae2-42e9-9d83-236e3c187d51:c4624]
2019-07-09 04:31:41,866 INFO  client.GrpcClientProtocolClient (GrpcClientProtocolClient.java:onNext(255)) - client-859D8C9D7B89->65797d0d-2d4a-456d-9b24-1d63a5102722: receive RaftClientReply:client-859D8C9D7B89->65797d0d-2d4a-456d-9b24-1d63a5102722@group-BA7C392EEBCA, cid=3084, SUCCESS, logIndex=4631, commits[65797d0d-2d4a-456d-9b24-1d63a5102722:c4632, aca3f3a4-0773-4ff1-9bb5-1a871868fd09:c4630, abe1c95d-8ae2-42e9-9d83-236e3c187d51:c4630]
2019-07-09 04:31:41,866 INFO  client.GrpcClientProtocolClient (GrpcClientProtocolClient.java:onNext(255)) - client-859D8C9D7B89->65797d0d-2d4a-456d-9b24-1d63a5102722: receive RaftClientReply:client-859D8C9D7B89->65797d0d-2d4a-456d-9b24-1d63a5102722@group-BA7C392EEBCA, cid=3085, SUCCESS, logIndex=4632, commits[65797d0d-2d4a-456d-9b24-1d63a5102722:c4632, aca3f3a4-0773-4ff1-9bb5-1a871868fd09:c4630, abe1c95d-8ae2-42e9-9d83-236e3c187d51:c4630]
2019-07-09 04:31:41,881 INFO  client.GrpcClientProtocolClient (GrpcClientProtocolClient.java:onNext(255)) - client-859D8C9D7B89->65797d0d-2d4a-456d-9b24-1d63a5102722: receive RaftClientReply:client-859D8C9D7B89->65797d0d-2d4a-456d-9b24-1d63a5102722@group-BA7C392EEBCA, cid=3086, SUCCESS, logIndex=4635, commits[65797d0d-2d4a-456d-9b24-1d63a5102722:c4636, aca3f3a4-0773-4ff1-9bb5-1a871868fd09:c4632, abe1c95d-8ae2-42e9-9d83-236e3c187d51:c4632]
2019-07-09 04:31:41,882 INFO  client.GrpcClientProtocolClient (GrpcClientProtocolClient.java:onNext(255)) - client-859D8C9D7B89->65797d0d-2d4a-456d-9b24-1d63a5102722: receive RaftClientReply:client-859D8C9D7B89->65797d0d-2d4a-456d-9b24-1d63a5102722@group-BA7C392EEBCA, cid=3087, SUCCESS, logIndex=4636, commits[65797d0d-2d4a-456d-9b24-1d63a5102722:c4636, aca3f3a4-0773-4ff1-9bb5-1a871868fd09:c4632, abe1c95d-8ae2-42e9-9d83-236e3c187d51:c4632]
2019-07-09 04:31:41,894 INFO  client.GrpcClientProtocolClient (GrpcClientProtocolClient.java:onNext(255)) - client-859D8C9D7B89->65797d0d-2d4a-456d-9b24-1d63a5102722: receive RaftClientReply:client-859D8C9D7B89->65797d0d-2d4a-456d-9b24-1d63a5102722@group-BA7C392EEBCA, cid=3088, SUCCESS, logIndex=0, commits[65797d0d-2d4a-456d-9b24-1d63a5102722:c4638, aca3f3a4-0773-4ff1-9bb5-1a871868fd09:c4636, abe1c95d-8ae2-42e9-9d83-236e3c187d51:c4636]
2019-07-09 04:31:41,927 INFO  client.GrpcClientProtocolClient (GrpcClientProtocolClient.java:onNext(255)) - client-859D8C9D7B89->65797d0d-2d4a-456d-9b24-1d63a5102722: receive RaftClientReply:client-859D8C9D7B89->65797d0d-2d4a-456d-9b24-1d63a5102722@group-BA7C392EEBCA, cid=3089, SUCCESS, logIndex=4639, commits[65797d0d-2d4a-456d-9b24-1d63a5102722:c4640, aca3f3a4-0773-4ff1-9bb5-1a871868fd09:c4638, abe1c95d-8ae2-42e9-9d83-236e3c187d51:c4638]
2019-07-09 04:31:41,929 INFO  client.GrpcClientProtocolClient (GrpcClientProtocolClient.java:onNext(255)) - client-859D8C9D7B89->65797d0d-2d4a-456d-9b24-1d63a5102722: receive RaftClientReply:client-859D8C9D7B89->65797d0d-2d4a-456d-9b24-1d63a5102722@group-BA7C392EEBCA, cid=3090, SUCCESS, logIndex=4640, commits[65797d0d-2d4a-456d-9b24-1d63a5102722:c4640, aca3f3a4-0773-4ff1-9bb5-1a871868fd09:c4638, abe1c95d-8ae2-42e9-9d83-236e3c187d51:c4638]
2019-07-09 04:31:41,930 INFO  client.GrpcClientProtocolClient (GrpcClientProtocolClient.java:onNext(255)) - client-859D8C9D7B89->65797d0d-2d4a-456d-9b24-1d63a5102722: receive RaftClientReply:client-859D8C9D7B89->65797d0d-2d4a-456d-9b24-1d63a5102722@group-BA7C392EEBCA, cid=3091, SUCCESS, logIndex=4641, commits[65797d0d-2d4a-456d-9b24-1d63a5102722:c4642, aca3f3a4-0773-4ff1-9bb5-1a871868fd09:c4638, abe1c95d-8ae2-42e9-9d83-236e3c187d51:c4638]
2019-07-09 04:31:41,930 INFO  client.GrpcClientProtocolClient (GrpcClientProtocolClient.java:onNext(255)) - client-859D8C9D7B89->65797d0d-2d4a-456d-9b24-1d63a5102722: receive RaftClientReply:client-859D8C9D7B89->65797d0d-2d4a-456d-9b24-1d63a5102722@group-BA7C392EEBCA, cid=3092, SUCCESS, logIndex=4642, commits[65797d0d-2d4a-456d-9b24-1d63a5102722:c4642, aca3f3a4-0773-4ff1-9bb5-1a871868fd09:c4638, abe1c95d-8ae2-42e9-9d83-236e3c187d51:c4638]
2019-07-09 04:31:41,931 INFO  client.GrpcClientProtocolClient (GrpcClientProtocolClient.java:onNext(255)) - client-859D8C9D7B89->65797d0d-2d4a-456d-9b24-1d63a5102722: receive RaftClientReply:client-859D8C9D7B89->65797d0d-2d4a-456d-9b24-1d63a5102722@group-BA7C392EEBCA, cid=3093, SUCCESS, logIndex=0, commits[65797d0d-2d4a-456d-9b24-1d63a5102722:c4645, aca3f3a4-0773-4ff1-9bb5-1a871868fd09:c4640, abe1c95d-8ae2-42e9-9d83-236e3c187d51:c4642]
2019-07-09 04:31:41,954 INFO  client.GrpcClientProtocolClient (GrpcClientProtocolClient.java:onNext(255)) - client-859D8C9D7B89->65797d0d-2d4a-456d-9b24-1d63a5102722: receive RaftClientReply:client-859D8C9D7B89->65797d0d-2d4a-456d-9b24-1d63a5102722@group-BA7C392EEBCA, cid=3094, SUCCESS, logIndex=4646, commits[65797d0d-2d4a-456d-9b24-1d63a5102722:c4647, aca3f3a4-0773-4ff1-9bb5-1a871868fd09:c4645, abe1c95d-8ae2-42e9-9d83-236e3c187d51:c4645]
2019-07-09 04:31:41,955 INFO  client.GrpcClientProtocolClient (GrpcClientProtocolClient.java:onNext(255)) - client-859D8C9D7B89->65797d0d-2d4a-456d-9b24-1d63a5102722: receive RaftClientReply:client-859D8C9D7B89->65797d0d-2d4a-456d-9b24-1d63a5102722@group-BA7C392EEBCA, cid=3095, SUCCESS, logIndex=4647, commits[65797d0d-2d4a-456d-9b24-1d63a5102722:c4647, aca3f3a4-0773-4ff1-9bb5-1a871868fd09:c4645, abe1c95d-8ae2-42e9-9d83-236e3c187d51:c4645]
2019-07-09 04:31:41,969 INFO  client.GrpcClientProtocolClient (GrpcClientProtocolClient.java:onNext(255)) - client-859D8C9D7B89->65797d0d-2d4a-456d-9b24-1d63a5102722: receive RaftClientReply:client-859D8C9D7B89->65797d0d-2d4a-456d-9b24-1d63a5102722@group-BA7C392EEBCA, cid=3096, SUCCESS, logIndex=4650, commits[65797d0d-2d4a-456d-9b24-1d63a5102722:c4651, aca3f3a4-0773-4ff1-9bb5-1a871868fd09:c4647, abe1c95d-8ae2-42e9-9d83-236e3c187d51:c4646]
2019-07-09 04:31:41,969 INFO  client.GrpcClientProtocolClient (GrpcClientProtocolClient.java:onNext(255)) - client-859D8C9D7B89->65797d0d-2d4a-456d-9b24-1d63a5102722: receive RaftClientReply:client-859D8C9D7B89->65797d0d-2d4a-456d-9b24-1d63a5102722@group-BA7C392EEBCA, cid=3097, SUCCESS, logIndex=4651, commits[65797d0d-2d4a-456d-9b24-1d63a5102722:c4651, aca3f3a4-0773-4ff1-9bb5-1a871868fd09:c4647, abe1c95d-8ae2-42e9-9d83-236e3c187d51:c4647]
2019-07-09 04:31:41,980 INFO  client.GrpcClientProtocolClient (GrpcClientProtocolClient.java:onNext(255)) - client-859D8C9D7B89->65797d0d-2d4a-456d-9b24-1d63a5102722: receive RaftClientReply:client-859D8C9D7B89->65797d0d-2d4a-456d-9b24-1d63a5102722@group-BA7C392EEBCA, cid=3098, SUCCESS, logIndex=0, commits[65797d0d-2d4a-456d-9b24-1d63a5102722:c4652, aca3f3a4-0773-4ff1-9bb5-1a871868fd09:c4651, abe1c95d-8ae2-42e9-9d83-236e3c187d51:c4651]
2019-07-09 04:31:42,153 INFO  client.GrpcClientProtocolClient (GrpcClientProtocolClient.java:onNext(255)) - client-859D8C9D7B89->65797d0d-2d4a-456d-9b24-1d63a5102722: receive RaftClientReply:client-859D8C9D7B89->65797d0d-2d4a-456d-9b24-1d63a5102722@group-BA7C392EEBCA, cid=3099, SUCCESS, logIndex=4654, commits[65797d0d-2d4a-456d-9b24-1d63a5102722:c4655, aca3f3a4-0773-4ff1-9bb5-1a871868fd09:c4653, abe1c95d-8ae2-42e9-9d83-236e3c187d51:c4651]
2019-07-09 04:31:42,154 INFO  client.GrpcClientProtocolClient (GrpcClientProtocolClient.java:onNext(255)) - client-859D8C9D7B89->65797d0d-2d4a-456d-9b24-1d63a5102722: receive RaftClientReply:client-859D8C9D7B89->65797d0d-2d4a-456d-9b24-1d63a5102722@group-BA7C392EEBCA, cid=3100, SUCCESS, logIndex=4655, commits[65797d0d-2d4a-456d-9b24-1d63a5102722:c4655, aca3f3a4-0773-4ff1-9bb5-1a871868fd09:c4653, abe1c95d-8ae2-42e9-9d83-236e3c187d51:c4653]
2019-07-09 04:31:42,154 INFO  client.GrpcClientProtocolClient (GrpcClientProtocolClient.java:onNext(255)) - client-859D8C9D7B89->65797d0d-2d4a-456d-9b24-1d63a5102722: receive RaftClientReply:client-859D8C9D7B89->65797d0d-2d4a-456d-9b24-1d63a5102722@group-BA7C392EEBCA, cid=3101, SUCCESS, logIndex=4656, commits[65797d0d-2d4a-456d-9b24-1d63a5102722:c4657, aca3f3a4-0773-4ff1-9bb5-1a871868fd09:c4653, abe1c95d-8ae2-42e9-9d83-236e3c187d51:c4654]
2019-07-09 04:31:42,155 INFO  client.GrpcClientProtocolClient (GrpcClientProtocolClient.java:onNext(255)) - client-859D8C9D7B89->65797d0d-2d4a-456d-9b24-1d63a5102722: receive RaftClientReply:client-859D8C9D7B89->65797d0d-2d4a-456d-9b24-1d63a5102722@group-BA7C392EEBCA, cid=3102, SUCCESS, logIndex=4657, commits[65797d0d-2d4a-456d-9b24-1d63a5102722:c4657, aca3f3a4-0773-4ff1-9bb5-1a871868fd09:c4653, abe1c95d-8ae2-42e9-9d83-236e3c187d51:c4655]
2019-07-09 04:31:42,164 INFO  client.GrpcClientProtocolClient (GrpcClientProtocolClient.java:onNext(255)) - client-859D8C9D7B89->65797d0d-2d4a-456d-9b24-1d63a5102722: receive RaftClientReply:client-859D8C9D7B89->65797d0d-2d4a-456d-9b24-1d63a5102722@group-BA7C392EEBCA, cid=3103, SUCCESS, logIndex=0, commits[65797d0d-2d4a-456d-9b24-1d63a5102722:c4657, aca3f3a4-0773-4ff1-9bb5-1a871868fd09:c4655, abe1c95d-8ae2-42e9-9d83-236e3c187d51:c4655]
2019-07-09 04:31:42,188 INFO  client.GrpcClientProtocolClient (GrpcClientProtocolClient.java:onNext(255)) - client-859D8C9D7B89->65797d0d-2d4a-456d-9b24-1d63a5102722: receive RaftClientReply:client-859D8C9D7B89->65797d0d-2d4a-456d-9b24-1d63a5102722@group-BA7C392EEBCA, cid=3104, SUCCESS, logIndex=4661, commits[65797d0d-2d4a-456d-9b24-1d63a5102722:c4662, aca3f3a4-0773-4ff1-9bb5-1a871868fd09:c4660, abe1c95d-8ae2-42e9-9d83-236e3c187d51:c4660]
2019-07-09 04:31:42,189 INFO  client.GrpcClientProtocolClient (GrpcClientProtocolClient.java:onNext(255)) - client-859D8C9D7B89->65797d0d-2d4a-456d-9b24-1d63a5102722: receive RaftClientReply:client-859D8C9D7B89->65797d0d-2d4a-456d-9b24-1d63a5102722@group-BA7C392EEBCA, cid=3105, SUCCESS, logIndex=4662, commits[65797d0d-2d4a-456d-9b24-1d63a5102722:c4662, aca3f3a4-0773-4ff1-9bb5-1a871868fd09:c4660, abe1c95d-8ae2-42e9-9d83-236e3c187d51:c4660]
2019-07-09 04:31:42,215 INFO  client.GrpcClientProtocolClient (GrpcClientProtocolClient.java:onNext(255)) - client-859D8C9D7B89->65797d0d-2d4a-456d-9b24-1d63a5102722: receive RaftClientReply:client-859D8C9D7B89->65797d0d-2d4a-456d-9b24-1d63a5102722@group-BA7C392EEBCA, cid=3106, SUCCESS, logIndex=4665, commits[65797d0d-2d4a-456d-9b24-1d63a5102722:c4666, aca3f3a4-0773-4ff1-9bb5-1a871868fd09:c4662, abe1c95d-8ae2-42e9-9d83-236e3c187d51:c4662]
2019-07-09 04:31:42,215 INFO  client.GrpcClientProtocolClient (GrpcClientProtocolClient.java:onNext(255)) - client-859D8C9D7B89->65797d0d-2d4a-456d-9b24-1d63a5102722: receive RaftClientReply:client-859D8C9D7B89->65797d0d-2d4a-456d-9b24-1d63a5102722@group-BA7C392EEBCA, cid=3107, SUCCESS, logIndex=4666, commits[65797d0d-2d4a-456d-9b24-1d63a5102722:c4666, aca3f3a4-0773-4ff1-9bb5-1a871868fd09:c4662, abe1c95d-8ae2-42e9-9d83-236e3c187d51:c4662]
2019-07-09 04:31:42,227 INFO  client.GrpcClientProtocolClient (GrpcClientProtocolClient.java:onNext(255)) - client-859D8C9D7B89->65797d0d-2d4a-456d-9b24-1d63a5102722: receive RaftClientReply:client-859D8C9D7B89->65797d0d-2d4a-456d-9b24-1d63a5102722@group-BA7C392EEBCA, cid=3108, SUCCESS, logIndex=0, commits[65797d0d-2d4a-456d-9b24-1d63a5102722:c4667, aca3f3a4-0773-4ff1-9bb5-1a871868fd09:c4666, abe1c95d-8ae2-42e9-9d83-236e3c187d51:c4666]
2019-07-09 04:31:42,261 INFO  client.GrpcClientProtocolClient (GrpcClientProtocolClient.java:onNext(255)) - client-859D8C9D7B89->65797d0d-2d4a-456d-9b24-1d63a5102722: receive RaftClientReply:client-859D8C9D7B89->65797d0d-2d4a-456d-9b24-1d63a5102722@group-BA7C392EEBCA, cid=3109, SUCCESS, logIndex=4669, commits[65797d0d-2d4a-456d-9b24-1d63a5102722:c4670, aca3f3a4-0773-4ff1-9bb5-1a871868fd09:c4668, abe1c95d-8ae2-42e9-9d83-236e3c187d51:c4668]
2019-07-09 04:31:42,262 INFO  client.GrpcClientProtocolClient (GrpcClientProtocolClient.java:onNext(255)) - client-859D8C9D7B89->65797d0d-2d4a-456d-9b24-1d63a5102722: receive RaftClientReply:client-859D8C9D7B89->65797d0d-2d4a-456d-9b24-1d63a5102722@group-BA7C392EEBCA, cid=3110, SUCCESS, logIndex=4670, commits[65797d0d-2d4a-456d-9b24-1d63a5102722:c4671, aca3f3a4-0773-4ff1-9bb5-1a871868fd09:c4668, abe1c95d-8ae2-42e9-9d83-236e3c187d51:c4668]
2019-07-09 04:31:42,263 INFO  client.GrpcClientProtocolClient (GrpcClientProtocolClient.java:onNext(255)) - client-859D8C9D7B89->65797d0d-2d4a-456d-9b24-1d63a5102722: receive RaftClientReply:client-859D8C9D7B89->65797d0d-2d4a-456d-9b24-1d63a5102722@group-BA7C392EEBCA, cid=3111, SUCCESS, logIndex=4671, commits[65797d0d-2d4a-456d-9b24-1d63a5102722:c4672, aca3f3a4-0773-4ff1-9bb5-1a871868fd09:c4668, abe1c95d-8ae2-42e9-9d83-236e3c187d51:c4668]
2019-07-09 04:31:42,263 INFO  client.GrpcClientProtocolClient (GrpcClientProtocolClient.java:onNext(255)) - client-859D8C9D7B89->65797d0d-2d4a-456d-9b24-1d63a5102722: receive RaftClientReply:client-859D8C9D7B89->65797d0d-2d4a-456d-9b24-1d63a5102722@group-BA7C392EEBCA, cid=3112, SUCCESS, logIndex=4672, commits[65797d0d-2d4a-456d-9b24-1d63a5102722:c4672, aca3f3a4-0773-4ff1-9bb5-1a871868fd09:c4668, abe1c95d-8ae2-42e9-9d83-236e3c187d51:c4668]
2019-07-09 04:31:42,264 INFO  client.GrpcClientProtocolClient (GrpcClientProtocolClient.java:onNext(255)) - client-859D8C9D7B89->65797d0d-2d4a-456d-9b24-1d63a5102722: receive RaftClientReply:client-859D8C9D7B89->65797d0d-2d4a-456d-9b24-1d63a5102722@group-BA7C392EEBCA, cid=3113, SUCCESS, logIndex=0, commits[65797d0d-2d4a-456d-9b24-1d63a5102722:c4674, aca3f3a4-0773-4ff1-9bb5-1a871868fd09:c4670, abe1c95d-8ae2-42e9-9d83-236e3c187d51:c4670]
2019-07-09 04:31:42,286 INFO  client.GrpcClientProtocolClient (GrpcClientProtocolClient.java:onNext(255)) - client-859D8C9D7B89->65797d0d-2d4a-456d-9b24-1d63a5102722: receive RaftClientReply:client-859D8C9D7B89->65797d0d-2d4a-456d-9b24-1d63a5102722@group-BA7C392EEBCA, cid=3114, SUCCESS, logIndex=4677, commits[65797d0d-2d4a-456d-9b24-1d63a5102722:c4678, aca3f3a4-0773-4ff1-9bb5-1a871868fd09:c4676, abe1c95d-8ae2-42e9-9d83-236e3c187d51:c4676]
2019-07-09 04:31:42,287 INFO  client.GrpcClientProtocolClient (GrpcClientProtocolClient.java:onNext(255)) - client-859D8C9D7B89->65797d0d-2d4a-456d-9b24-1d63a5102722: receive RaftClientReply:client-859D8C9D7B89->65797d0d-2d4a-456d-9b24-1d63a5102722@group-BA7C392EEBCA, cid=3115, SUCCESS, logIndex=4678, commits[65797d0d-2d4a-456d-9b24-1d63a5102722:c4678, aca3f3a4-0773-4ff1-9bb5-1a871868fd09:c4676, abe1c95d-8ae2-42e9-9d83-236e3c187d51:c4676]
2019-07-09 04:31:42,311 INFO  client.GrpcClientProtocolClient (GrpcClientProtocolClient.java:onNext(255)) - client-859D8C9D7B89->65797d0d-2d4a-456d-9b24-1d63a5102722: receive RaftClientReply:client-859D8C9D7B89->65797d0d-2d4a-456d-9b24-1d63a5102722@group-BA7C392EEBCA, cid=3116, SUCCESS, logIndex=4681, commits[65797d0d-2d4a-456d-9b24-1d63a5102722:c4682, aca3f3a4-0773-4ff1-9bb5-1a871868fd09:c4678, abe1c95d-8ae2-42e9-9d83-236e3c187d51:c4677]
2019-07-09 04:31:42,312 INFO  client.GrpcClientProtocolClient (GrpcClientProtocolClient.java:onNext(255)) - client-859D8C9D7B89->65797d0d-2d4a-456d-9b24-1d63a5102722: receive RaftClientReply:client-859D8C9D7B89->65797d0d-2d4a-456d-9b24-1d63a5102722@group-BA7C392EEBCA, cid=3117, SUCCESS, logIndex=4682, commits[65797d0d-2d4a-456d-9b24-1d63a5102722:c4682, aca3f3a4-0773-4ff1-9bb5-1a871868fd09:c4678, abe1c95d-8ae2-42e9-9d83-236e3c187d51:c4678]
2019-07-09 04:31:42,324 INFO  client.GrpcClientProtocolClient (GrpcClientProtocolClient.java:onNext(255)) - client-859D8C9D7B89->65797d0d-2d4a-456d-9b24-1d63a5102722: receive RaftClientReply:client-859D8C9D7B89->65797d0d-2d4a-456d-9b24-1d63a5102722@group-BA7C392EEBCA, cid=3118, SUCCESS, logIndex=0, commits[65797d0d-2d4a-456d-9b24-1d63a5102722:c4683, aca3f3a4-0773-4ff1-9bb5-1a871868fd09:c4682, abe1c95d-8ae2-42e9-9d83-236e3c187d51:c4682]
2019-07-09 04:31:42,364 INFO  client.GrpcClientProtocolClient (GrpcClientProtocolClient.java:onNext(255)) - client-859D8C9D7B89->65797d0d-2d4a-456d-9b24-1d63a5102722: receive RaftClientReply:client-859D8C9D7B89->65797d0d-2d4a-456d-9b24-1d63a5102722@group-BA7C392EEBCA, cid=3119, SUCCESS, logIndex=4685, commits[65797d0d-2d4a-456d-9b24-1d63a5102722:c4686, aca3f3a4-0773-4ff1-9bb5-1a871868fd09:c4684, abe1c95d-8ae2-42e9-9d83-236e3c187d51:c4684]
2019-07-09 04:31:42,365 INFO  client.GrpcClientProtocolClient (GrpcClientProtocolClient.java:onNext(255)) - client-859D8C9D7B89->65797d0d-2d4a-456d-9b24-1d63a5102722: receive RaftClientReply:client-859D8C9D7B89->65797d0d-2d4a-456d-9b24-1d63a5102722@group-BA7C392EEBCA, cid=3120, SUCCESS, logIndex=4686, commits[65797d0d-2d4a-456d-9b24-1d63a5102722:c4688, aca3f3a4-0773-4ff1-9bb5-1a871868fd09:c4684, abe1c95d-8ae2-42e9-9d83-236e3c187d51:c4684]
2019-07-09 04:31:42,365 INFO  client.GrpcClientProtocolClient (GrpcClientProtocolClient.java:onNext(255)) - client-859D8C9D7B89->65797d0d-2d4a-456d-9b24-1d63a5102722: receive RaftClientReply:client-859D8C9D7B89->65797d0d-2d4a-456d-9b24-1d63a5102722@group-BA7C392EEBCA, cid=3121, SUCCESS, logIndex=4687, commits[65797d0d-2d4a-456d-9b24-1d63a5102722:c4688, aca3f3a4-0773-4ff1-9bb5-1a871868fd09:c4684, abe1c95d-8ae2-42e9-9d83-236e3c187d51:c4684]
2019-07-09 04:31:42,365 INFO  client.GrpcClientProtocolClient (GrpcClientProtocolClient.java:onNext(255)) - client-859D8C9D7B89->65797d0d-2d4a-456d-9b24-1d63a5102722: receive RaftClientReply:client-859D8C9D7B89->65797d0d-2d4a-456d-9b24-1d63a5102722@group-BA7C392EEBCA, cid=3122, SUCCESS, logIndex=4688, commits[65797d0d-2d4a-456d-9b24-1d63a5102722:c4688, aca3f3a4-0773-4ff1-9bb5-1a871868fd09:c4684, abe1c95d-8ae2-42e9-9d83-236e3c187d51:c4684]
2019-07-09 04:31:42,377 INFO  client.GrpcClientProtocolClient (GrpcClientProtocolClient.java:onNext(255)) - client-859D8C9D7B89->65797d0d-2d4a-456d-9b24-1d63a5102722: receive RaftClientReply:client-859D8C9D7B89->65797d0d-2d4a-456d-9b24-1d63a5102722@group-BA7C392EEBCA, cid=3123, SUCCESS, logIndex=0, commits[65797d0d-2d4a-456d-9b24-1d63a5102722:c4690, aca3f3a4-0773-4ff1-9bb5-1a871868fd09:c4687, abe1c95d-8ae2-42e9-9d83-236e3c187d51:c4686]
 0.00% |█                                                                                                    |  0/1 Time: 0:00:272019-07-09 04:31:42,399 INFO  client.GrpcClientProtocolClient (GrpcClientProtocolClient.java:onNext(255)) - client-859D8C9D7B89->65797d0d-2d4a-456d-9b24-1d63a5102722: receive RaftClientReply:client-859D8C9D7B89->65797d0d-2d4a-456d-9b24-1d63a5102722@group-BA7C392EEBCA, cid=3124, SUCCESS, logIndex=4693, commits[65797d0d-2d4a-456d-9b24-1d63a5102722:c4694, aca3f3a4-0773-4ff1-9bb5-1a871868fd09:c4692, abe1c95d-8ae2-42e9-9d83-236e3c187d51:c4692]
2019-07-09 04:31:42,399 INFO  client.GrpcClientProtocolClient (GrpcClientProtocolClient.java:onNext(255)) - client-859D8C9D7B89->65797d0d-2d4a-456d-9b24-1d63a5102722: receive RaftClientReply:client-859D8C9D7B89->65797d0d-2d4a-456d-9b24-1d63a5102722@group-BA7C392EEBCA, cid=3125, SUCCESS, logIndex=4694, commits[65797d0d-2d4a-456d-9b24-1d63a5102722:c4694, aca3f3a4-0773-4ff1-9bb5-1a871868fd09:c4692, abe1c95d-8ae2-42e9-9d83-236e3c187d51:c4692]
2019-07-09 04:31:42,423 INFO  client.GrpcClientProtocolClient (GrpcClientProtocolClient.java:onNext(255)) - client-859D8C9D7B89->65797d0d-2d4a-456d-9b24-1d63a5102722: receive RaftClientReply:client-859D8C9D7B89->65797d0d-2d4a-456d-9b24-1d63a5102722@group-BA7C392EEBCA, cid=3126, SUCCESS, logIndex=4697, commits[65797d0d-2d4a-456d-9b24-1d63a5102722:c4698, aca3f3a4-0773-4ff1-9bb5-1a871868fd09:c4694, abe1c95d-8ae2-42e9-9d83-236e3c187d51:c4693]
2019-07-09 04:31:42,423 INFO  client.GrpcClientProtocolClient (GrpcClientProtocolClient.java:onNext(255)) - client-859D8C9D7B89->65797d0d-2d4a-456d-9b24-1d63a5102722: receive RaftClientReply:client-859D8C9D7B89->65797d0d-2d4a-456d-9b24-1d63a5102722@group-BA7C392EEBCA, cid=3127, SUCCESS, logIndex=4698, commits[65797d0d-2d4a-456d-9b24-1d63a5102722:c4698, aca3f3a4-0773-4ff1-9bb5-1a871868fd09:c4694, abe1c95d-8ae2-42e9-9d83-236e3c187d51:c4694]
2019-07-09 04:31:42,426 INFO  client.GrpcClientProtocolClient (GrpcClientProtocolClient.java:onNext(255)) - client-859D8C9D7B89->65797d0d-2d4a-456d-9b24-1d63a5102722: receive RaftClientReply:client-859D8C9D7B89->65797d0d-2d4a-456d-9b24-1d63a5102722@group-BA7C392EEBCA, cid=3128, SUCCESS, logIndex=0, commits[65797d0d-2d4a-456d-9b24-1d63a5102722:c4699, aca3f3a4-0773-4ff1-9bb5-1a871868fd09:c4698, abe1c95d-8ae2-42e9-9d83-236e3c187d51:c4698]
2019-07-09 04:31:42,455 INFO  client.GrpcClientProtocolClient (GrpcClientProtocolClient.java:onNext(255)) - client-859D8C9D7B89->65797d0d-2d4a-456d-9b24-1d63a5102722: receive RaftClientReply:client-859D8C9D7B89->65797d0d-2d4a-456d-9b24-1d63a5102722@group-BA7C392EEBCA, cid=3129, SUCCESS, logIndex=4701, commits[65797d0d-2d4a-456d-9b24-1d63a5102722:c4702, aca3f3a4-0773-4ff1-9bb5-1a871868fd09:c4700, abe1c95d-8ae2-42e9-9d83-236e3c187d51:c4700]
2019-07-09 04:31:42,456 INFO  client.GrpcClientProtocolClient (GrpcClientProtocolClient.java:onNext(255)) - client-859D8C9D7B89->65797d0d-2d4a-456d-9b24-1d63a5102722: receive RaftClientReply:client-859D8C9D7B89->65797d0d-2d4a-456d-9b24-1d63a5102722@group-BA7C392EEBCA, cid=3130, SUCCESS, logIndex=4702, commits[65797d0d-2d4a-456d-9b24-1d63a5102722:c4704, aca3f3a4-0773-4ff1-9bb5-1a871868fd09:c4700, abe1c95d-8ae2-42e9-9d83-236e3c187d51:c4700]
2019-07-09 04:31:42,456 INFO  client.GrpcClientProtocolClient (GrpcClientProtocolClient.java:onNext(255)) - client-859D8C9D7B89->65797d0d-2d4a-456d-9b24-1d63a5102722: receive RaftClientReply:client-859D8C9D7B89->65797d0d-2d4a-456d-9b24-1d63a5102722@group-BA7C392EEBCA, cid=3131, SUCCESS, logIndex=4703, commits[65797d0d-2d4a-456d-9b24-1d63a5102722:c4704, aca3f3a4-0773-4ff1-9bb5-1a871868fd09:c4700, abe1c95d-8ae2-42e9-9d83-236e3c187d51:c4700]
2019-07-09 04:31:42,456 INFO  client.GrpcClientProtocolClient (GrpcClientProtocolClient.java:onNext(255)) - client-859D8C9D7B89->65797d0d-2d4a-456d-9b24-1d63a5102722: receive RaftClientReply:client-859D8C9D7B89->65797d0d-2d4a-456d-9b24-1d63a5102722@group-BA7C392EEBCA, cid=3132, SUCCESS, logIndex=4704, commits[65797d0d-2d4a-456d-9b24-1d63a5102722:c4704, aca3f3a4-0773-4ff1-9bb5-1a871868fd09:c4700, abe1c95d-8ae2-42e9-9d83-236e3c187d51:c4700]
2019-07-09 04:31:42,459 INFO  client.GrpcClientProtocolClient (GrpcClientProtocolClient.java:onNext(255)) - client-859D8C9D7B89->65797d0d-2d4a-456d-9b24-1d63a5102722: receive RaftClientReply:client-859D8C9D7B89->65797d0d-2d4a-456d-9b24-1d63a5102722@group-BA7C392EEBCA, cid=3133, SUCCESS, logIndex=0, commits[65797d0d-2d4a-456d-9b24-1d63a5102722:c4707, aca3f3a4-0773-4ff1-9bb5-1a871868fd09:c4702, abe1c95d-8ae2-42e9-9d83-236e3c187d51:c4704]
2019-07-09 04:31:42,479 INFO  client.GrpcClientProtocolClient (GrpcClientProtocolClient.java:onNext(255)) - client-859D8C9D7B89->65797d0d-2d4a-456d-9b24-1d63a5102722: receive RaftClientReply:client-859D8C9D7B89->65797d0d-2d4a-456d-9b24-1d63a5102722@group-BA7C392EEBCA, cid=3134, SUCCESS, logIndex=4709, commits[65797d0d-2d4a-456d-9b24-1d63a5102722:c4710, aca3f3a4-0773-4ff1-9bb5-1a871868fd09:c4708, abe1c95d-8ae2-42e9-9d83-236e3c187d51:c4708]
2019-07-09 04:31:42,479 INFO  client.GrpcClientProtocolClient (GrpcClientProtocolClient.java:onNext(255)) - client-859D8C9D7B89->65797d0d-2d4a-456d-9b24-1d63a5102722: receive RaftClientReply:client-859D8C9D7B89->65797d0d-2d4a-456d-9b24-1d63a5102722@group-BA7C392EEBCA, cid=3135, SUCCESS, logIndex=4710, commits[65797d0d-2d4a-456d-9b24-1d63a5102722:c4710, aca3f3a4-0773-4ff1-9bb5-1a871868fd09:c4708, abe1c95d-8ae2-42e9-9d83-236e3c187d51:c4708]
2019-07-09 04:31:42,493 INFO  client.GrpcClientProtocolClient (GrpcClientProtocolClient.java:onNext(255)) - client-859D8C9D7B89->65797d0d-2d4a-456d-9b24-1d63a5102722: receive RaftClientReply:client-859D8C9D7B89->65797d0d-2d4a-456d-9b24-1d63a5102722@group-BA7C392EEBCA, cid=3136, SUCCESS, logIndex=4713, commits[65797d0d-2d4a-456d-9b24-1d63a5102722:c4713, aca3f3a4-0773-4ff1-9bb5-1a871868fd09:c4710, abe1c95d-8ae2-42e9-9d83-236e3c187d51:c4710]
2019-07-09 04:31:42,493 INFO  client.GrpcClientProtocolClient (GrpcClientProtocolClient.java:onNext(255)) - client-859D8C9D7B89->65797d0d-2d4a-456d-9b24-1d63a5102722: receive RaftClientReply:client-859D8C9D7B89->65797d0d-2d4a-456d-9b24-1d63a5102722@group-BA7C392EEBCA, cid=3137, SUCCESS, logIndex=4714, commits[65797d0d-2d4a-456d-9b24-1d63a5102722:c4714, aca3f3a4-0773-4ff1-9bb5-1a871868fd09:c4710, abe1c95d-8ae2-42e9-9d83-236e3c187d51:c4710]
2019-07-09 04:31:42,506 INFO  client.GrpcClientProtocolClient (GrpcClientProtocolClient.java:onNext(255)) - client-859D8C9D7B89->65797d0d-2d4a-456d-9b24-1d63a5102722: receive RaftClientReply:client-859D8C9D7B89->65797d0d-2d4a-456d-9b24-1d63a5102722@group-BA7C392EEBCA, cid=3138, SUCCESS, logIndex=0, commits[65797d0d-2d4a-456d-9b24-1d63a5102722:c4716, aca3f3a4-0773-4ff1-9bb5-1a871868fd09:c4714, abe1c95d-8ae2-42e9-9d83-236e3c187d51:c4714]
2019-07-09 04:31:42,529 INFO  client.GrpcClientProtocolClient (GrpcClientProtocolClient.java:onNext(255)) - client-859D8C9D7B89->65797d0d-2d4a-456d-9b24-1d63a5102722: receive RaftClientReply:client-859D8C9D7B89->65797d0d-2d4a-456d-9b24-1d63a5102722@group-BA7C392EEBCA, cid=3139, SUCCESS, logIndex=4717, commits[65797d0d-2d4a-456d-9b24-1d63a5102722:c4718, aca3f3a4-0773-4ff1-9bb5-1a871868fd09:c4716, abe1c95d-8ae2-42e9-9d83-236e3c187d51:c4716]
2019-07-09 04:31:42,530 INFO  client.GrpcClientProtocolClient (GrpcClientProtocolClient.java:onNext(255)) - client-859D8C9D7B89->65797d0d-2d4a-456d-9b24-1d63a5102722: receive RaftClientReply:client-859D8C9D7B89->65797d0d-2d4a-456d-9b24-1d63a5102722@group-BA7C392EEBCA, cid=3140, SUCCESS, logIndex=4718, commits[65797d0d-2d4a-456d-9b24-1d63a5102722:c4718, aca3f3a4-0773-4ff1-9bb5-1a871868fd09:c4716, abe1c95d-8ae2-42e9-9d83-236e3c187d51:c4716]
2019-07-09 04:31:42,531 INFO  client.GrpcClientProtocolClient (GrpcClientProtocolClient.java:onNext(255)) - client-859D8C9D7B89->65797d0d-2d4a-456d-9b24-1d63a5102722: receive RaftClientReply:client-859D8C9D7B89->65797d0d-2d4a-456d-9b24-1d63a5102722@group-BA7C392EEBCA, cid=3141, SUCCESS, logIndex=4719, commits[65797d0d-2d4a-456d-9b24-1d63a5102722:c4721, aca3f3a4-0773-4ff1-9bb5-1a871868fd09:c4718, abe1c95d-8ae2-42e9-9d83-236e3c187d51:c4716]
2019-07-09 04:31:42,532 INFO  client.GrpcClientProtocolClient (GrpcClientProtocolClient.java:onNext(255)) - client-859D8C9D7B89->65797d0d-2d4a-456d-9b24-1d63a5102722: receive RaftClientReply:client-859D8C9D7B89->65797d0d-2d4a-456d-9b24-1d63a5102722@group-BA7C392EEBCA, cid=3142, SUCCESS, logIndex=4720, commits[65797d0d-2d4a-456d-9b24-1d63a5102722:c4722, aca3f3a4-0773-4ff1-9bb5-1a871868fd09:c4718, abe1c95d-8ae2-42e9-9d83-236e3c187d51:c4716]
2019-07-09 04:31:42,533 INFO  client.GrpcClientProtocolClient (GrpcClientProtocolClient.java:onNext(255)) - client-859D8C9D7B89->65797d0d-2d4a-456d-9b24-1d63a5102722: receive RaftClientReply:client-859D8C9D7B89->65797d0d-2d4a-456d-9b24-1d63a5102722@group-BA7C392EEBCA, cid=3143, SUCCESS, logIndex=0, commits[65797d0d-2d4a-456d-9b24-1d63a5102722:c4722, aca3f3a4-0773-4ff1-9bb5-1a871868fd09:c4718, abe1c95d-8ae2-42e9-9d83-236e3c187d51:c4718]
2019-07-09 04:31:42,548 INFO  client.GrpcClientProtocolClient (GrpcClientProtocolClient.java:onNext(255)) - client-859D8C9D7B89->65797d0d-2d4a-456d-9b24-1d63a5102722: receive RaftClientReply:client-859D8C9D7B89->65797d0d-2d4a-456d-9b24-1d63a5102722@group-BA7C392EEBCA, cid=3144, SUCCESS, logIndex=4725, commits[65797d0d-2d4a-456d-9b24-1d63a5102722:c4726, aca3f3a4-0773-4ff1-9bb5-1a871868fd09:c4724, abe1c95d-8ae2-42e9-9d83-236e3c187d51:c4721]
2019-07-09 04:31:42,548 INFO  client.GrpcClientProtocolClient (GrpcClientProtocolClient.java:onNext(255)) - client-859D8C9D7B89->65797d0d-2d4a-456d-9b24-1d63a5102722: receive RaftClientReply:client-859D8C9D7B89->65797d0d-2d4a-456d-9b24-1d63a5102722@group-BA7C392EEBCA, cid=3145, SUCCESS, logIndex=4726, commits[65797d0d-2d4a-456d-9b24-1d63a5102722:c4726, aca3f3a4-0773-4ff1-9bb5-1a871868fd09:c4724, abe1c95d-8ae2-42e9-9d83-236e3c187d51:c4724]
2019-07-09 04:31:42,569 INFO  client.GrpcClientProtocolClient (GrpcClientProtocolClient.java:onNext(255)) - client-859D8C9D7B89->65797d0d-2d4a-456d-9b24-1d63a5102722: receive RaftClientReply:client-859D8C9D7B89->65797d0d-2d4a-456d-9b24-1d63a5102722@group-BA7C392EEBCA, cid=3146, SUCCESS, logIndex=4729, commits[65797d0d-2d4a-456d-9b24-1d63a5102722:c4729, aca3f3a4-0773-4ff1-9bb5-1a871868fd09:c4728, abe1c95d-8ae2-42e9-9d83-236e3c187d51:c4728]
2019-07-09 04:31:42,569 INFO  client.GrpcClientProtocolClient (GrpcClientProtocolClient.java:onNext(255)) - client-859D8C9D7B89->65797d0d-2d4a-456d-9b24-1d63a5102722: receive RaftClientReply:client-859D8C9D7B89->65797d0d-2d4a-456d-9b24-1d63a5102722@group-BA7C392EEBCA, cid=3147, SUCCESS, logIndex=4730, commits[65797d0d-2d4a-456d-9b24-1d63a5102722:c4730, aca3f3a4-0773-4ff1-9bb5-1a871868fd09:c4728, abe1c95d-8ae2-42e9-9d83-236e3c187d51:c4728]
2019-07-09 04:31:42,581 INFO  client.GrpcClientProtocolClient (GrpcClientProtocolClient.java:onNext(255)) - client-859D8C9D7B89->65797d0d-2d4a-456d-9b24-1d63a5102722: receive RaftClientReply:client-859D8C9D7B89->65797d0d-2d4a-456d-9b24-1d63a5102722@group-BA7C392EEBCA, cid=3148, SUCCESS, logIndex=0, commits[65797d0d-2d4a-456d-9b24-1d63a5102722:c4732, aca3f3a4-0773-4ff1-9bb5-1a871868fd09:c4730, abe1c95d-8ae2-42e9-9d83-236e3c187d51:c4730]
2019-07-09 04:31:42,614 INFO  client.GrpcClientProtocolClient (GrpcClientProtocolClient.java:onNext(255)) - client-859D8C9D7B89->65797d0d-2d4a-456d-9b24-1d63a5102722: receive RaftClientReply:client-859D8C9D7B89->65797d0d-2d4a-456d-9b24-1d63a5102722@group-BA7C392EEBCA, cid=3149, SUCCESS, logIndex=4733, commits[65797d0d-2d4a-456d-9b24-1d63a5102722:c4735, aca3f3a4-0773-4ff1-9bb5-1a871868fd09:c4732, abe1c95d-8ae2-42e9-9d83-236e3c187d51:c4732]
2019-07-09 04:31:42,615 INFO  client.GrpcClientProtocolClient (GrpcClientProtocolClient.java:onNext(255)) - client-859D8C9D7B89->65797d0d-2d4a-456d-9b24-1d63a5102722: receive RaftClientReply:client-859D8C9D7B89->65797d0d-2d4a-456d-9b24-1d63a5102722@group-BA7C392EEBCA, cid=3150, SUCCESS, logIndex=4734, commits[65797d0d-2d4a-456d-9b24-1d63a5102722:c4736, aca3f3a4-0773-4ff1-9bb5-1a871868fd09:c4732, abe1c95d-8ae2-42e9-9d83-236e3c187d51:c4732]
2019-07-09 04:31:42,615 INFO  client.GrpcClientProtocolClient (GrpcClientProtocolClient.java:onNext(255)) - client-859D8C9D7B89->65797d0d-2d4a-456d-9b24-1d63a5102722: receive RaftClientReply:client-859D8C9D7B89->65797d0d-2d4a-456d-9b24-1d63a5102722@group-BA7C392EEBCA, cid=3151, SUCCESS, logIndex=4735, commits[65797d0d-2d4a-456d-9b24-1d63a5102722:c4736, aca3f3a4-0773-4ff1-9bb5-1a871868fd09:c4732, abe1c95d-8ae2-42e9-9d83-236e3c187d51:c4732]
2019-07-09 04:31:42,615 INFO  client.GrpcClientProtocolClient (GrpcClientProtocolClient.java:onNext(255)) - client-859D8C9D7B89->65797d0d-2d4a-456d-9b24-1d63a5102722: receive RaftClientReply:client-859D8C9D7B89->65797d0d-2d4a-456d-9b24-1d63a5102722@group-BA7C392EEBCA, cid=3152, SUCCESS, logIndex=4736, commits[65797d0d-2d4a-456d-9b24-1d63a5102722:c4736, aca3f3a4-0773-4ff1-9bb5-1a871868fd09:c4732, abe1c95d-8ae2-42e9-9d83-236e3c187d51:c4732]
2019-07-09 04:31:42,626 INFO  client.GrpcClientProtocolClient (GrpcClientProtocolClient.java:onNext(255)) - client-859D8C9D7B89->65797d0d-2d4a-456d-9b24-1d63a5102722: receive RaftClientReply:client-859D8C9D7B89->65797d0d-2d4a-456d-9b24-1d63a5102722@group-BA7C392EEBCA, cid=3153, SUCCESS, logIndex=0, commits[65797d0d-2d4a-456d-9b24-1d63a5102722:c4737, aca3f3a4-0773-4ff1-9bb5-1a871868fd09:c4734, abe1c95d-8ae2-42e9-9d83-236e3c187d51:c4734]
2019-07-09 04:31:42,646 INFO  client.GrpcClientProtocolClient (GrpcClientProtocolClient.java:onNext(255)) - client-859D8C9D7B89->65797d0d-2d4a-456d-9b24-1d63a5102722: receive RaftClientReply:client-859D8C9D7B89->65797d0d-2d4a-456d-9b24-1d63a5102722@group-BA7C392EEBCA, cid=3154, SUCCESS, logIndex=4741, commits[65797d0d-2d4a-456d-9b24-1d63a5102722:c4742, aca3f3a4-0773-4ff1-9bb5-1a871868fd09:c4740, abe1c95d-8ae2-42e9-9d83-236e3c187d51:c4740]
2019-07-09 04:31:42,647 INFO  client.GrpcClientProtocolClient (GrpcClientProtocolClient.java:onNext(255)) - client-859D8C9D7B89->65797d0d-2d4a-456d-9b24-1d63a5102722: receive RaftClientReply:client-859D8C9D7B89->65797d0d-2d4a-456d-9b24-1d63a5102722@group-BA7C392EEBCA, cid=3155, SUCCESS, logIndex=4742, commits[65797d0d-2d4a-456d-9b24-1d63a5102722:c4742, aca3f3a4-0773-4ff1-9bb5-1a871868fd09:c4740, abe1c95d-8ae2-42e9-9d83-236e3c187d51:c4740]
2019-07-09 04:31:42,660 INFO  client.GrpcClientProtocolClient (GrpcClientProtocolClient.java:onNext(255)) - client-859D8C9D7B89->65797d0d-2d4a-456d-9b24-1d63a5102722: receive RaftClientReply:client-859D8C9D7B89->65797d0d-2d4a-456d-9b24-1d63a5102722@group-BA7C392EEBCA, cid=3156, SUCCESS, logIndex=4745, commits[65797d0d-2d4a-456d-9b24-1d63a5102722:c4746, aca3f3a4-0773-4ff1-9bb5-1a871868fd09:c4742, abe1c95d-8ae2-42e9-9d83-236e3c187d51:c4742]
2019-07-09 04:31:42,660 INFO  client.GrpcClientProtocolClient (GrpcClientProtocolClient.java:onNext(255)) - client-859D8C9D7B89->65797d0d-2d4a-456d-9b24-1d63a5102722: receive RaftClientReply:client-859D8C9D7B89->65797d0d-2d4a-456d-9b24-1d63a5102722@group-BA7C392EEBCA, cid=3157, SUCCESS, logIndex=4746, commits[65797d0d-2d4a-456d-9b24-1d63a5102722:c4746, aca3f3a4-0773-4ff1-9bb5-1a871868fd09:c4742, abe1c95d-8ae2-42e9-9d83-236e3c187d51:c4742]
2019-07-09 04:31:42,673 INFO  client.GrpcClientProtocolClient (GrpcClientProtocolClient.java:onNext(255)) - client-859D8C9D7B89->65797d0d-2d4a-456d-9b24-1d63a5102722: receive RaftClientReply:client-859D8C9D7B89->65797d0d-2d4a-456d-9b24-1d63a5102722@group-BA7C392EEBCA, cid=3158, SUCCESS, logIndex=0, commits[65797d0d-2d4a-456d-9b24-1d63a5102722:c4747, aca3f3a4-0773-4ff1-9bb5-1a871868fd09:c4746, abe1c95d-8ae2-42e9-9d83-236e3c187d51:c4746]
2019-07-09 04:31:42,705 INFO  client.GrpcClientProtocolClient (GrpcClientProtocolClient.java:onNext(255)) - client-859D8C9D7B89->65797d0d-2d4a-456d-9b24-1d63a5102722: receive RaftClientReply:client-859D8C9D7B89->65797d0d-2d4a-456d-9b24-1d63a5102722@group-BA7C392EEBCA, cid=3159, SUCCESS, logIndex=4749, commits[65797d0d-2d4a-456d-9b24-1d63a5102722:c4751, aca3f3a4-0773-4ff1-9bb5-1a871868fd09:c4748, abe1c95d-8ae2-42e9-9d83-236e3c187d51:c4748]
2019-07-09 04:31:42,705 INFO  client.GrpcClientProtocolClient (GrpcClientProtocolClient.java:onNext(255)) - client-859D8C9D7B89->65797d0d-2d4a-456d-9b24-1d63a5102722: receive RaftClientReply:client-859D8C9D7B89->65797d0d-2d4a-456d-9b24-1d63a5102722@group-BA7C392EEBCA, cid=3160, SUCCESS, logIndex=4750, commits[65797d0d-2d4a-456d-9b24-1d63a5102722:c4752, aca3f3a4-0773-4ff1-9bb5-1a871868fd09:c4748, abe1c95d-8ae2-42e9-9d83-236e3c187d51:c4748]
2019-07-09 04:31:42,705 INFO  client.GrpcClientProtocolClient (GrpcClientProtocolClient.java:onNext(255)) - client-859D8C9D7B89->65797d0d-2d4a-456d-9b24-1d63a5102722: receive RaftClientReply:client-859D8C9D7B89->65797d0d-2d4a-456d-9b24-1d63a5102722@group-BA7C392EEBCA, cid=3161, SUCCESS, logIndex=4751, commits[65797d0d-2d4a-456d-9b24-1d63a5102722:c4752, aca3f3a4-0773-4ff1-9bb5-1a871868fd09:c4748, abe1c95d-8ae2-42e9-9d83-236e3c187d51:c4748]
2019-07-09 04:31:42,706 INFO  client.GrpcClientProtocolClient (GrpcClientProtocolClient.java:onNext(255)) - client-859D8C9D7B89->65797d0d-2d4a-456d-9b24-1d63a5102722: receive RaftClientReply:client-859D8C9D7B89->65797d0d-2d4a-456d-9b24-1d63a5102722@group-BA7C392EEBCA, cid=3162, SUCCESS, logIndex=4752, commits[65797d0d-2d4a-456d-9b24-1d63a5102722:c4752, aca3f3a4-0773-4ff1-9bb5-1a871868fd09:c4748, abe1c95d-8ae2-42e9-9d83-236e3c187d51:c4748]
2019-07-09 04:31:42,718 INFO  client.GrpcClientProtocolClient (GrpcClientProtocolClient.java:onNext(255)) - client-859D8C9D7B89->65797d0d-2d4a-456d-9b24-1d63a5102722: receive RaftClientReply:client-859D8C9D7B89->65797d0d-2d4a-456d-9b24-1d63a5102722@group-BA7C392EEBCA, cid=3163, SUCCESS, logIndex=0, commits[65797d0d-2d4a-456d-9b24-1d63a5102722:c4756, aca3f3a4-0773-4ff1-9bb5-1a871868fd09:c4751, abe1c95d-8ae2-42e9-9d83-236e3c187d51:c4752]
2019-07-09 04:31:42,738 INFO  client.GrpcClientProtocolClient (GrpcClientProtocolClient.java:onNext(255)) - client-859D8C9D7B89->65797d0d-2d4a-456d-9b24-1d63a5102722: receive RaftClientReply:client-859D8C9D7B89->65797d0d-2d4a-456d-9b24-1d63a5102722@group-BA7C392EEBCA, cid=3164, SUCCESS, logIndex=4757, commits[65797d0d-2d4a-456d-9b24-1d63a5102722:c4758, aca3f3a4-0773-4ff1-9bb5-1a871868fd09:c4756, abe1c95d-8ae2-42e9-9d83-236e3c187d51:c4756]
2019-07-09 04:31:42,738 INFO  client.GrpcClientProtocolClient (GrpcClientProtocolClient.java:onNext(255)) - client-859D8C9D7B89->65797d0d-2d4a-456d-9b24-1d63a5102722: receive RaftClientReply:client-859D8C9D7B89->65797d0d-2d4a-456d-9b24-1d63a5102722@group-BA7C392EEBCA, cid=3165, SUCCESS, logIndex=4758, commits[65797d0d-2d4a-456d-9b24-1d63a5102722:c4758, aca3f3a4-0773-4ff1-9bb5-1a871868fd09:c4756, abe1c95d-8ae2-42e9-9d83-236e3c187d51:c4756]
2019-07-09 04:31:42,751 INFO  client.GrpcClientProtocolClient (GrpcClientProtocolClient.java:onNext(255)) - client-859D8C9D7B89->65797d0d-2d4a-456d-9b24-1d63a5102722: receive RaftClientReply:client-859D8C9D7B89->65797d0d-2d4a-456d-9b24-1d63a5102722@group-BA7C392EEBCA, cid=3166, SUCCESS, logIndex=4761, commits[65797d0d-2d4a-456d-9b24-1d63a5102722:c4762, aca3f3a4-0773-4ff1-9bb5-1a871868fd09:c4758, abe1c95d-8ae2-42e9-9d83-236e3c187d51:c4758]
2019-07-09 04:31:42,752 INFO  client.GrpcClientProtocolClient (GrpcClientProtocolClient.java:onNext(255)) - client-859D8C9D7B89->65797d0d-2d4a-456d-9b24-1d63a5102722: receive RaftClientReply:client-859D8C9D7B89->65797d0d-2d4a-456d-9b24-1d63a5102722@group-BA7C392EEBCA, cid=3167, SUCCESS, logIndex=4762, commits[65797d0d-2d4a-456d-9b24-1d63a5102722:c4762, aca3f3a4-0773-4ff1-9bb5-1a871868fd09:c4758, abe1c95d-8ae2-42e9-9d83-236e3c187d51:c4758]
2019-07-09 04:31:42,764 INFO  client.GrpcClientProtocolClient (GrpcClientProtocolClient.java:onNext(255)) - client-859D8C9D7B89->65797d0d-2d4a-456d-9b24-1d63a5102722: receive RaftClientReply:client-859D8C9D7B89->65797d0d-2d4a-456d-9b24-1d63a5102722@group-BA7C392EEBCA, cid=3168, SUCCESS, logIndex=0, commits[65797d0d-2d4a-456d-9b24-1d63a5102722:c4764, aca3f3a4-0773-4ff1-9bb5-1a871868fd09:c4762, abe1c95d-8ae2-42e9-9d83-236e3c187d51:c4762]
2019-07-09 04:31:42,796 INFO  client.GrpcClientProtocolClient (GrpcClientProtocolClient.java:onNext(255)) - client-859D8C9D7B89->65797d0d-2d4a-456d-9b24-1d63a5102722: receive RaftClientReply:client-859D8C9D7B89->65797d0d-2d4a-456d-9b24-1d63a5102722@group-BA7C392EEBCA, cid=3169, SUCCESS, logIndex=4765, commits[65797d0d-2d4a-456d-9b24-1d63a5102722:c4766, aca3f3a4-0773-4ff1-9bb5-1a871868fd09:c4764, abe1c95d-8ae2-42e9-9d83-236e3c187d51:c4764]
2019-07-09 04:31:42,797 INFO  client.GrpcClientProtocolClient (GrpcClientProtocolClient.java:onNext(255)) - client-859D8C9D7B89->65797d0d-2d4a-456d-9b24-1d63a5102722: receive RaftClientReply:client-859D8C9D7B89->65797d0d-2d4a-456d-9b24-1d63a5102722@group-BA7C392EEBCA, cid=3170, SUCCESS, logIndex=4766, commits[65797d0d-2d4a-456d-9b24-1d63a5102722:c4766, aca3f3a4-0773-4ff1-9bb5-1a871868fd09:c4764, abe1c95d-8ae2-42e9-9d83-236e3c187d51:c4764]
2019-07-09 04:31:42,811 INFO  client.GrpcClientProtocolClient (GrpcClientProtocolClient.java:onNext(255)) - client-859D8C9D7B89->65797d0d-2d4a-456d-9b24-1d63a5102722: receive RaftClientReply:client-859D8C9D7B89->65797d0d-2d4a-456d-9b24-1d63a5102722@group-BA7C392EEBCA, cid=3171, SUCCESS, logIndex=4767, commits[65797d0d-2d4a-456d-9b24-1d63a5102722:c4768, aca3f3a4-0773-4ff1-9bb5-1a871868fd09:c4764, abe1c95d-8ae2-42e9-9d83-236e3c187d51:c4764]
2019-07-09 04:31:42,811 INFO  client.GrpcClientProtocolClient (GrpcClientProtocolClient.java:onNext(255)) - client-859D8C9D7B89->65797d0d-2d4a-456d-9b24-1d63a5102722: receive RaftClientReply:client-859D8C9D7B89->65797d0d-2d4a-456d-9b24-1d63a5102722@group-BA7C392EEBCA, cid=3172, SUCCESS, logIndex=4768, commits[65797d0d-2d4a-456d-9b24-1d63a5102722:c4769, aca3f3a4-0773-4ff1-9bb5-1a871868fd09:c4766, abe1c95d-8ae2-42e9-9d83-236e3c187d51:c4764]
2019-07-09 04:31:42,813 INFO  client.GrpcClientProtocolClient (GrpcClientProtocolClient.java:onNext(255)) - client-859D8C9D7B89->65797d0d-2d4a-456d-9b24-1d63a5102722: receive RaftClientReply:client-859D8C9D7B89->65797d0d-2d4a-456d-9b24-1d63a5102722@group-BA7C392EEBCA, cid=3173, SUCCESS, logIndex=0, commits[65797d0d-2d4a-456d-9b24-1d63a5102722:c4770, aca3f3a4-0773-4ff1-9bb5-1a871868fd09:c4766, abe1c95d-8ae2-42e9-9d83-236e3c187d51:c4766]
2019-07-09 04:31:42,836 INFO  client.GrpcClientProtocolClient (GrpcClientProtocolClient.java:onNext(255)) - client-859D8C9D7B89->65797d0d-2d4a-456d-9b24-1d63a5102722: receive RaftClientReply:client-859D8C9D7B89->65797d0d-2d4a-456d-9b24-1d63a5102722@group-BA7C392EEBCA, cid=3174, SUCCESS, logIndex=4773, commits[65797d0d-2d4a-456d-9b24-1d63a5102722:c4774, aca3f3a4-0773-4ff1-9bb5-1a871868fd09:c4772, abe1c95d-8ae2-42e9-9d83-236e3c187d51:c4772]
2019-07-09 04:31:42,836 INFO  client.GrpcClientProtocolClient (GrpcClientProtocolClient.java:onNext(255)) - client-859D8C9D7B89->65797d0d-2d4a-456d-9b24-1d63a5102722: receive RaftClientReply:client-859D8C9D7B89->65797d0d-2d4a-456d-9b24-1d63a5102722@group-BA7C392EEBCA, cid=3175, SUCCESS, logIndex=4774, commits[65797d0d-2d4a-456d-9b24-1d63a5102722:c4774, aca3f3a4-0773-4ff1-9bb5-1a871868fd09:c4772, abe1c95d-8ae2-42e9-9d83-236e3c187d51:c4772]
2019-07-09 04:31:42,849 INFO  client.GrpcClientProtocolClient (GrpcClientProtocolClient.java:onNext(255)) - client-859D8C9D7B89->65797d0d-2d4a-456d-9b24-1d63a5102722: receive RaftClientReply:client-859D8C9D7B89->65797d0d-2d4a-456d-9b24-1d63a5102722@group-BA7C392EEBCA, cid=3176, SUCCESS, logIndex=4777, commits[65797d0d-2d4a-456d-9b24-1d63a5102722:c4778, aca3f3a4-0773-4ff1-9bb5-1a871868fd09:c4774, abe1c95d-8ae2-42e9-9d83-236e3c187d51:c4773]
2019-07-09 04:31:42,849 INFO  client.GrpcClientProtocolClient (GrpcClientProtocolClient.java:onNext(255)) - client-859D8C9D7B89->65797d0d-2d4a-456d-9b24-1d63a5102722: receive RaftClientReply:client-859D8C9D7B89->65797d0d-2d4a-456d-9b24-1d63a5102722@group-BA7C392EEBCA, cid=3177, SUCCESS, logIndex=4778, commits[65797d0d-2d4a-456d-9b24-1d63a5102722:c4778, aca3f3a4-0773-4ff1-9bb5-1a871868fd09:c4774, abe1c95d-8ae2-42e9-9d83-236e3c187d51:c4774]
2019-07-09 04:31:42,851 INFO  client.GrpcClientProtocolClient (GrpcClientProtocolClient.java:onNext(255)) - client-859D8C9D7B89->65797d0d-2d4a-456d-9b24-1d63a5102722: receive RaftClientReply:client-859D8C9D7B89->65797d0d-2d4a-456d-9b24-1d63a5102722@group-BA7C392EEBCA, cid=3178, SUCCESS, logIndex=0, commits[65797d0d-2d4a-456d-9b24-1d63a5102722:c4779, aca3f3a4-0773-4ff1-9bb5-1a871868fd09:c4778, abe1c95d-8ae2-42e9-9d83-236e3c187d51:c4778]
2019-07-09 04:31:42,886 INFO  client.GrpcClientProtocolClient (GrpcClientProtocolClient.java:onNext(255)) - client-859D8C9D7B89->65797d0d-2d4a-456d-9b24-1d63a5102722: receive RaftClientReply:client-859D8C9D7B89->65797d0d-2d4a-456d-9b24-1d63a5102722@group-BA7C392EEBCA, cid=3179, SUCCESS, logIndex=4781, commits[65797d0d-2d4a-456d-9b24-1d63a5102722:c4783, aca3f3a4-0773-4ff1-9bb5-1a871868fd09:c4780, abe1c95d-8ae2-42e9-9d83-236e3c187d51:c4780]
2019-07-09 04:31:42,887 INFO  client.GrpcClientProtocolClient (GrpcClientProtocolClient.java:onNext(255)) - client-859D8C9D7B89->65797d0d-2d4a-456d-9b24-1d63a5102722: receive RaftClientReply:client-859D8C9D7B89->65797d0d-2d4a-456d-9b24-1d63a5102722@group-BA7C392EEBCA, cid=3180, SUCCESS, logIndex=4782, commits[65797d0d-2d4a-456d-9b24-1d63a5102722:c4783, aca3f3a4-0773-4ff1-9bb5-1a871868fd09:c4780, abe1c95d-8ae2-42e9-9d83-236e3c187d51:c4780]
2019-07-09 04:31:42,887 INFO  client.GrpcClientProtocolClient (GrpcClientProtocolClient.java:onNext(255)) - client-859D8C9D7B89->65797d0d-2d4a-456d-9b24-1d63a5102722: receive RaftClientReply:client-859D8C9D7B89->65797d0d-2d4a-456d-9b24-1d63a5102722@group-BA7C392EEBCA, cid=3181, SUCCESS, logIndex=4783, commits[65797d0d-2d4a-456d-9b24-1d63a5102722:c4784, aca3f3a4-0773-4ff1-9bb5-1a871868fd09:c4780, abe1c95d-8ae2-42e9-9d83-236e3c187d51:c4780]
2019-07-09 04:31:42,887 INFO  client.GrpcClientProtocolClient (GrpcClientProtocolClient.java:onNext(255)) - client-859D8C9D7B89->65797d0d-2d4a-456d-9b24-1d63a5102722: receive RaftClientReply:client-859D8C9D7B89->65797d0d-2d4a-456d-9b24-1d63a5102722@group-BA7C392EEBCA, cid=3182, SUCCESS, logIndex=4784, commits[65797d0d-2d4a-456d-9b24-1d63a5102722:c4784, aca3f3a4-0773-4ff1-9bb5-1a871868fd09:c4780, abe1c95d-8ae2-42e9-9d83-236e3c187d51:c4780]
2019-07-09 04:31:42,889 INFO  client.GrpcClientProtocolClient (GrpcClientProtocolClient.java:onNext(255)) - client-859D8C9D7B89->65797d0d-2d4a-456d-9b24-1d63a5102722: receive RaftClientReply:client-859D8C9D7B89->65797d0d-2d4a-456d-9b24-1d63a5102722@group-BA7C392EEBCA, cid=3183, SUCCESS, logIndex=0, commits[65797d0d-2d4a-456d-9b24-1d63a5102722:c4787, aca3f3a4-0773-4ff1-9bb5-1a871868fd09:c4783, abe1c95d-8ae2-42e9-9d83-236e3c187d51:c4782]
2019-07-09 04:31:42,911 INFO  client.GrpcClientProtocolClient (GrpcClientProtocolClient.java:onNext(255)) - client-859D8C9D7B89->65797d0d-2d4a-456d-9b24-1d63a5102722: receive RaftClientReply:client-859D8C9D7B89->65797d0d-2d4a-456d-9b24-1d63a5102722@group-BA7C392EEBCA, cid=3184, SUCCESS, logIndex=4789, commits[65797d0d-2d4a-456d-9b24-1d63a5102722:c4790, aca3f3a4-0773-4ff1-9bb5-1a871868fd09:c4788, abe1c95d-8ae2-42e9-9d83-236e3c187d51:c4788]
2019-07-09 04:31:42,911 INFO  client.GrpcClientProtocolClient (GrpcClientProtocolClient.java:onNext(255)) - client-859D8C9D7B89->65797d0d-2d4a-456d-9b24-1d63a5102722: receive RaftClientReply:client-859D8C9D7B89->65797d0d-2d4a-456d-9b24-1d63a5102722@group-BA7C392EEBCA, cid=3185, SUCCESS, logIndex=4790, commits[65797d0d-2d4a-456d-9b24-1d63a5102722:c4790, aca3f3a4-0773-4ff1-9bb5-1a871868fd09:c4788, abe1c95d-8ae2-42e9-9d83-236e3c187d51:c4788]
2019-07-09 04:31:42,925 INFO  client.GrpcClientProtocolClient (GrpcClientProtocolClient.java:onNext(255)) - client-859D8C9D7B89->65797d0d-2d4a-456d-9b24-1d63a5102722: receive RaftClientReply:client-859D8C9D7B89->65797d0d-2d4a-456d-9b24-1d63a5102722@group-BA7C392EEBCA, cid=3186, SUCCESS, logIndex=4793, commits[65797d0d-2d4a-456d-9b24-1d63a5102722:c4794, aca3f3a4-0773-4ff1-9bb5-1a871868fd09:c4790, abe1c95d-8ae2-42e9-9d83-236e3c187d51:c4790]
2019-07-09 04:31:42,925 INFO  client.GrpcClientProtocolClient (GrpcClientProtocolClient.java:onNext(255)) - client-859D8C9D7B89->65797d0d-2d4a-456d-9b24-1d63a5102722: receive RaftClientReply:client-859D8C9D7B89->65797d0d-2d4a-456d-9b24-1d63a5102722@group-BA7C392EEBCA, cid=3187, SUCCESS, logIndex=4794, commits[65797d0d-2d4a-456d-9b24-1d63a5102722:c4794, aca3f3a4-0773-4ff1-9bb5-1a871868fd09:c4790, abe1c95d-8ae2-42e9-9d83-236e3c187d51:c4790]
2019-07-09 04:31:42,938 INFO  client.GrpcClientProtocolClient (GrpcClientProtocolClient.java:onNext(255)) - client-859D8C9D7B89->65797d0d-2d4a-456d-9b24-1d63a5102722: receive RaftClientReply:client-859D8C9D7B89->65797d0d-2d4a-456d-9b24-1d63a5102722@group-BA7C392EEBCA, cid=3188, SUCCESS, logIndex=0, commits[65797d0d-2d4a-456d-9b24-1d63a5102722:c4795, aca3f3a4-0773-4ff1-9bb5-1a871868fd09:c4794, abe1c95d-8ae2-42e9-9d83-236e3c187d51:c4794]
 0.00% |█                                                                                                    |  0/1 Time: 0:00:282019-07-09 04:31:43,503 INFO  client.GrpcClientProtocolClient (GrpcClientProtocolClient.java:onNext(255)) - client-859D8C9D7B89->65797d0d-2d4a-456d-9b24-1d63a5102722: receive RaftClientReply:client-859D8C9D7B89->65797d0d-2d4a-456d-9b24-1d63a5102722@group-BA7C392EEBCA, cid=3189, SUCCESS, logIndex=4797, commits[65797d0d-2d4a-456d-9b24-1d63a5102722:c4798, aca3f3a4-0773-4ff1-9bb5-1a871868fd09:c4796, abe1c95d-8ae2-42e9-9d83-236e3c187d51:c4796]
2019-07-09 04:31:43,504 INFO  client.GrpcClientProtocolClient (GrpcClientProtocolClient.java:onNext(255)) - client-859D8C9D7B89->65797d0d-2d4a-456d-9b24-1d63a5102722: receive RaftClientReply:client-859D8C9D7B89->65797d0d-2d4a-456d-9b24-1d63a5102722@group-BA7C392EEBCA, cid=3190, SUCCESS, logIndex=4798, commits[65797d0d-2d4a-456d-9b24-1d63a5102722:c4800, aca3f3a4-0773-4ff1-9bb5-1a871868fd09:c4796, abe1c95d-8ae2-42e9-9d83-236e3c187d51:c4796]
2019-07-09 04:31:43,505 INFO  client.GrpcClientProtocolClient (GrpcClientProtocolClient.java:onNext(255)) - client-859D8C9D7B89->65797d0d-2d4a-456d-9b24-1d63a5102722: receive RaftClientReply:client-859D8C9D7B89->65797d0d-2d4a-456d-9b24-1d63a5102722@group-BA7C392EEBCA, cid=3191, SUCCESS, logIndex=4799, commits[65797d0d-2d4a-456d-9b24-1d63a5102722:c4800, aca3f3a4-0773-4ff1-9bb5-1a871868fd09:c4796, abe1c95d-8ae2-42e9-9d83-236e3c187d51:c4796]
2019-07-09 04:31:43,505 INFO  client.GrpcClientProtocolClient (GrpcClientProtocolClient.java:onNext(255)) - client-859D8C9D7B89->65797d0d-2d4a-456d-9b24-1d63a5102722: receive RaftClientReply:client-859D8C9D7B89->65797d0d-2d4a-456d-9b24-1d63a5102722@group-BA7C392EEBCA, cid=3192, SUCCESS, logIndex=4800, commits[65797d0d-2d4a-456d-9b24-1d63a5102722:c4800, aca3f3a4-0773-4ff1-9bb5-1a871868fd09:c4796, abe1c95d-8ae2-42e9-9d83-236e3c187d51:c4796]
2019-07-09 04:31:43,517 INFO  client.GrpcClientProtocolClient (GrpcClientProtocolClient.java:onNext(255)) - client-859D8C9D7B89->65797d0d-2d4a-456d-9b24-1d63a5102722: receive RaftClientReply:client-859D8C9D7B89->65797d0d-2d4a-456d-9b24-1d63a5102722@group-BA7C392EEBCA, cid=3193, SUCCESS, logIndex=0, commits[65797d0d-2d4a-456d-9b24-1d63a5102722:c4804, aca3f3a4-0773-4ff1-9bb5-1a871868fd09:c4800, abe1c95d-8ae2-42e9-9d83-236e3c187d51:c4798]
2019-07-09 04:31:43,538 INFO  client.GrpcClientProtocolClient (GrpcClientProtocolClient.java:onNext(255)) - client-859D8C9D7B89->65797d0d-2d4a-456d-9b24-1d63a5102722: receive RaftClientReply:client-859D8C9D7B89->65797d0d-2d4a-456d-9b24-1d63a5102722@group-BA7C392EEBCA, cid=3194, SUCCESS, logIndex=4805, commits[65797d0d-2d4a-456d-9b24-1d63a5102722:c4806, aca3f3a4-0773-4ff1-9bb5-1a871868fd09:c4804, abe1c95d-8ae2-42e9-9d83-236e3c187d51:c4804]
2019-07-09 04:31:43,538 INFO  client.GrpcClientProtocolClient (GrpcClientProtocolClient.java:onNext(255)) - client-859D8C9D7B89->65797d0d-2d4a-456d-9b24-1d63a5102722: receive RaftClientReply:client-859D8C9D7B89->65797d0d-2d4a-456d-9b24-1d63a5102722@group-BA7C392EEBCA, cid=3195, SUCCESS, logIndex=4806, commits[65797d0d-2d4a-456d-9b24-1d63a5102722:c4806, aca3f3a4-0773-4ff1-9bb5-1a871868fd09:c4804, abe1c95d-8ae2-42e9-9d83-236e3c187d51:c4804]
2019-07-09 04:31:43,551 INFO  client.GrpcClientProtocolClient (GrpcClientProtocolClient.java:onNext(255)) - client-859D8C9D7B89->65797d0d-2d4a-456d-9b24-1d63a5102722: receive RaftClientReply:client-859D8C9D7B89->65797d0d-2d4a-456d-9b24-1d63a5102722@group-BA7C392EEBCA, cid=3196, SUCCESS, logIndex=4809, commits[65797d0d-2d4a-456d-9b24-1d63a5102722:c4810, aca3f3a4-0773-4ff1-9bb5-1a871868fd09:c4806, abe1c95d-8ae2-42e9-9d83-236e3c187d51:c4805]
2019-07-09 04:31:43,551 INFO  client.GrpcClientProtocolClient (GrpcClientProtocolClient.java:onNext(255)) - client-859D8C9D7B89->65797d0d-2d4a-456d-9b24-1d63a5102722: receive RaftClientReply:client-859D8C9D7B89->65797d0d-2d4a-456d-9b24-1d63a5102722@group-BA7C392EEBCA, cid=3197, SUCCESS, logIndex=4810, commits[65797d0d-2d4a-456d-9b24-1d63a5102722:c4810, aca3f3a4-0773-4ff1-9bb5-1a871868fd09:c4806, abe1c95d-8ae2-42e9-9d83-236e3c187d51:c4806]
2019-07-09 04:31:43,554 INFO  client.GrpcClientProtocolClient (GrpcClientProtocolClient.java:onNext(255)) - client-859D8C9D7B89->65797d0d-2d4a-456d-9b24-1d63a5102722: receive RaftClientReply:client-859D8C9D7B89->65797d0d-2d4a-456d-9b24-1d63a5102722@group-BA7C392EEBCA, cid=3198, SUCCESS, logIndex=0, commits[65797d0d-2d4a-456d-9b24-1d63a5102722:c4812, aca3f3a4-0773-4ff1-9bb5-1a871868fd09:c4810, abe1c95d-8ae2-42e9-9d83-236e3c187d51:c4810]
2019-07-09 04:31:43,587 INFO  client.GrpcClientProtocolClient (GrpcClientProtocolClient.java:onNext(255)) - client-859D8C9D7B89->65797d0d-2d4a-456d-9b24-1d63a5102722: receive RaftClientReply:client-859D8C9D7B89->65797d0d-2d4a-456d-9b24-1d63a5102722@group-BA7C392EEBCA, cid=3199, SUCCESS, logIndex=4813, commits[65797d0d-2d4a-456d-9b24-1d63a5102722:c4815, aca3f3a4-0773-4ff1-9bb5-1a871868fd09:c4812, abe1c95d-8ae2-42e9-9d83-236e3c187d51:c4812]
2019-07-09 04:31:43,588 INFO  client.GrpcClientProtocolClient (GrpcClientProtocolClient.java:onNext(255)) - client-859D8C9D7B89->65797d0d-2d4a-456d-9b24-1d63a5102722: receive RaftClientReply:client-859D8C9D7B89->65797d0d-2d4a-456d-9b24-1d63a5102722@group-BA7C392EEBCA, cid=3200, SUCCESS, logIndex=4814, commits[65797d0d-2d4a-456d-9b24-1d63a5102722:c4816, aca3f3a4-0773-4ff1-9bb5-1a871868fd09:c4812, abe1c95d-8ae2-42e9-9d83-236e3c187d51:c4812]
2019-07-09 04:31:43,588 INFO  client.GrpcClientProtocolClient (GrpcClientProtocolClient.java:onNext(255)) - client-859D8C9D7B89->65797d0d-2d4a-456d-9b24-1d63a5102722: receive RaftClientReply:client-859D8C9D7B89->65797d0d-2d4a-456d-9b24-1d63a5102722@group-BA7C392EEBCA, cid=3201, SUCCESS, logIndex=4815, commits[65797d0d-2d4a-456d-9b24-1d63a5102722:c4816, aca3f3a4-0773-4ff1-9bb5-1a871868fd09:c4812, abe1c95d-8ae2-42e9-9d83-236e3c187d51:c4812]
2019-07-09 04:31:43,588 INFO  client.GrpcClientProtocolClient (GrpcClientProtocolClient.java:onNext(255)) - client-859D8C9D7B89->65797d0d-2d4a-456d-9b24-1d63a5102722: receive RaftClientReply:client-859D8C9D7B89->65797d0d-2d4a-456d-9b24-1d63a5102722@group-BA7C392EEBCA, cid=3202, SUCCESS, logIndex=4816, commits[65797d0d-2d4a-456d-9b24-1d63a5102722:c4816, aca3f3a4-0773-4ff1-9bb5-1a871868fd09:c4812, abe1c95d-8ae2-42e9-9d83-236e3c187d51:c4812]
2019-07-09 04:31:43,589 INFO  client.GrpcClientProtocolClient (GrpcClientProtocolClient.java:onNext(255)) - client-859D8C9D7B89->65797d0d-2d4a-456d-9b24-1d63a5102722: receive RaftClientReply:client-859D8C9D7B89->65797d0d-2d4a-456d-9b24-1d63a5102722@group-BA7C392EEBCA, cid=3203, SUCCESS, logIndex=0, commits[65797d0d-2d4a-456d-9b24-1d63a5102722:c4818, aca3f3a4-0773-4ff1-9bb5-1a871868fd09:c4815, abe1c95d-8ae2-42e9-9d83-236e3c187d51:c4815]
2019-07-09 04:31:43,609 INFO  client.GrpcClientProtocolClient (GrpcClientProtocolClient.java:onNext(255)) - client-859D8C9D7B89->65797d0d-2d4a-456d-9b24-1d63a5102722: receive RaftClientReply:client-859D8C9D7B89->65797d0d-2d4a-456d-9b24-1d63a5102722@group-BA7C392EEBCA, cid=3204, SUCCESS, logIndex=4821, commits[65797d0d-2d4a-456d-9b24-1d63a5102722:c4822, aca3f3a4-0773-4ff1-9bb5-1a871868fd09:c4820, abe1c95d-8ae2-42e9-9d83-236e3c187d51:c4820]
2019-07-09 04:31:43,609 INFO  client.GrpcClientProtocolClient (GrpcClientProtocolClient.java:onNext(255)) - client-859D8C9D7B89->65797d0d-2d4a-456d-9b24-1d63a5102722: receive RaftClientReply:client-859D8C9D7B89->65797d0d-2d4a-456d-9b24-1d63a5102722@group-BA7C392EEBCA, cid=3205, SUCCESS, logIndex=4822, commits[65797d0d-2d4a-456d-9b24-1d63a5102722:c4822, aca3f3a4-0773-4ff1-9bb5-1a871868fd09:c4820, abe1c95d-8ae2-42e9-9d83-236e3c187d51:c4820]
2019-07-09 04:31:43,622 INFO  client.GrpcClientProtocolClient (GrpcClientProtocolClient.java:onNext(255)) - client-859D8C9D7B89->65797d0d-2d4a-456d-9b24-1d63a5102722: receive RaftClientReply:client-859D8C9D7B89->65797d0d-2d4a-456d-9b24-1d63a5102722@group-BA7C392EEBCA, cid=3206, SUCCESS, logIndex=4825, commits[65797d0d-2d4a-456d-9b24-1d63a5102722:c4826, aca3f3a4-0773-4ff1-9bb5-1a871868fd09:c4822, abe1c95d-8ae2-42e9-9d83-236e3c187d51:c4822]
2019-07-09 04:31:43,623 INFO  client.GrpcClientProtocolClient (GrpcClientProtocolClient.java:onNext(255)) - client-859D8C9D7B89->65797d0d-2d4a-456d-9b24-1d63a5102722: receive RaftClientReply:client-859D8C9D7B89->65797d0d-2d4a-456d-9b24-1d63a5102722@group-BA7C392EEBCA, cid=3207, SUCCESS, logIndex=4826, commits[65797d0d-2d4a-456d-9b24-1d63a5102722:c4826, aca3f3a4-0773-4ff1-9bb5-1a871868fd09:c4822, abe1c95d-8ae2-42e9-9d83-236e3c187d51:c4822]
2019-07-09 04:31:43,636 INFO  client.GrpcClientProtocolClient (GrpcClientProtocolClient.java:onNext(255)) - client-859D8C9D7B89->65797d0d-2d4a-456d-9b24-1d63a5102722: receive RaftClientReply:client-859D8C9D7B89->65797d0d-2d4a-456d-9b24-1d63a5102722@group-BA7C392EEBCA, cid=3208, SUCCESS, logIndex=0, commits[65797d0d-2d4a-456d-9b24-1d63a5102722:c4827, aca3f3a4-0773-4ff1-9bb5-1a871868fd09:c4826, abe1c95d-8ae2-42e9-9d83-236e3c187d51:c4826]
2019-07-09 04:31:43,667 INFO  client.GrpcClientProtocolClient (GrpcClientProtocolClient.java:onNext(255)) - client-859D8C9D7B89->65797d0d-2d4a-456d-9b24-1d63a5102722: receive RaftClientReply:client-859D8C9D7B89->65797d0d-2d4a-456d-9b24-1d63a5102722@group-BA7C392EEBCA, cid=3209, SUCCESS, logIndex=4829, commits[65797d0d-2d4a-456d-9b24-1d63a5102722:c4830, aca3f3a4-0773-4ff1-9bb5-1a871868fd09:c4828, abe1c95d-8ae2-42e9-9d83-236e3c187d51:c4826]
2019-07-09 04:31:43,668 INFO  client.GrpcClientProtocolClient (GrpcClientProtocolClient.java:onNext(255)) - client-859D8C9D7B89->65797d0d-2d4a-456d-9b24-1d63a5102722: receive RaftClientReply:client-859D8C9D7B89->65797d0d-2d4a-456d-9b24-1d63a5102722@group-BA7C392EEBCA, cid=3210, SUCCESS, logIndex=4830, commits[65797d0d-2d4a-456d-9b24-1d63a5102722:c4830, aca3f3a4-0773-4ff1-9bb5-1a871868fd09:c4828, abe1c95d-8ae2-42e9-9d83-236e3c187d51:c4828]
2019-07-09 04:31:43,668 INFO  client.GrpcClientProtocolClient (GrpcClientProtocolClient.java:onNext(255)) - client-859D8C9D7B89->65797d0d-2d4a-456d-9b24-1d63a5102722: receive RaftClientReply:client-859D8C9D7B89->65797d0d-2d4a-456d-9b24-1d63a5102722@group-BA7C392EEBCA, cid=3211, SUCCESS, logIndex=4831, commits[65797d0d-2d4a-456d-9b24-1d63a5102722:c4831, aca3f3a4-0773-4ff1-9bb5-1a871868fd09:c4828, abe1c95d-8ae2-42e9-9d83-236e3c187d51:c4828]
2019-07-09 04:31:43,668 INFO  client.GrpcClientProtocolClient (GrpcClientProtocolClient.java:onNext(255)) - client-859D8C9D7B89->65797d0d-2d4a-456d-9b24-1d63a5102722: receive RaftClientReply:client-859D8C9D7B89->65797d0d-2d4a-456d-9b24-1d63a5102722@group-BA7C392EEBCA, cid=3212, SUCCESS, logIndex=4832, commits[65797d0d-2d4a-456d-9b24-1d63a5102722:c4832, aca3f3a4-0773-4ff1-9bb5-1a871868fd09:c4828, abe1c95d-8ae2-42e9-9d83-236e3c187d51:c4828]
2019-07-09 04:31:43,669 INFO  client.GrpcClientProtocolClient (GrpcClientProtocolClient.java:onNext(255)) - client-859D8C9D7B89->65797d0d-2d4a-456d-9b24-1d63a5102722: receive RaftClientReply:client-859D8C9D7B89->65797d0d-2d4a-456d-9b24-1d63a5102722@group-BA7C392EEBCA, cid=3213, SUCCESS, logIndex=0, commits[65797d0d-2d4a-456d-9b24-1d63a5102722:c4834, aca3f3a4-0773-4ff1-9bb5-1a871868fd09:c4830, abe1c95d-8ae2-42e9-9d83-236e3c187d51:c4830]
2019-07-09 04:31:43,689 INFO  client.GrpcClientProtocolClient (GrpcClientProtocolClient.java:onNext(255)) - client-859D8C9D7B89->65797d0d-2d4a-456d-9b24-1d63a5102722: receive RaftClientReply:client-859D8C9D7B89->65797d0d-2d4a-456d-9b24-1d63a5102722@group-BA7C392EEBCA, cid=3214, SUCCESS, logIndex=4837, commits[65797d0d-2d4a-456d-9b24-1d63a5102722:c4838, aca3f3a4-0773-4ff1-9bb5-1a871868fd09:c4836, abe1c95d-8ae2-42e9-9d83-236e3c187d51:c4836]
2019-07-09 04:31:43,690 INFO  client.GrpcClientProtocolClient (GrpcClientProtocolClient.java:onNext(255)) - client-859D8C9D7B89->65797d0d-2d4a-456d-9b24-1d63a5102722: receive RaftClientReply:client-859D8C9D7B89->65797d0d-2d4a-456d-9b24-1d63a5102722@group-BA7C392EEBCA, cid=3215, SUCCESS, logIndex=4838, commits[65797d0d-2d4a-456d-9b24-1d63a5102722:c4838, aca3f3a4-0773-4ff1-9bb5-1a871868fd09:c4836, abe1c95d-8ae2-42e9-9d83-236e3c187d51:c4836]
2019-07-09 04:31:43,704 INFO  client.GrpcClientProtocolClient (GrpcClientProtocolClient.java:onNext(255)) - client-859D8C9D7B89->65797d0d-2d4a-456d-9b24-1d63a5102722: receive RaftClientReply:client-859D8C9D7B89->65797d0d-2d4a-456d-9b24-1d63a5102722@group-BA7C392EEBCA, cid=3216, SUCCESS, logIndex=4841, commits[65797d0d-2d4a-456d-9b24-1d63a5102722:c4841, aca3f3a4-0773-4ff1-9bb5-1a871868fd09:c4838, abe1c95d-8ae2-42e9-9d83-236e3c187d51:c4838]
2019-07-09 04:31:43,705 INFO  client.GrpcClientProtocolClient (GrpcClientProtocolClient.java:onNext(255)) - client-859D8C9D7B89->65797d0d-2d4a-456d-9b24-1d63a5102722: receive RaftClientReply:client-859D8C9D7B89->65797d0d-2d4a-456d-9b24-1d63a5102722@group-BA7C392EEBCA, cid=3217, SUCCESS, logIndex=4842, commits[65797d0d-2d4a-456d-9b24-1d63a5102722:c4842, aca3f3a4-0773-4ff1-9bb5-1a871868fd09:c4838, abe1c95d-8ae2-42e9-9d83-236e3c187d51:c4838]
2019-07-09 04:31:43,707 INFO  client.GrpcClientProtocolClient (GrpcClientProtocolClient.java:onNext(255)) - client-859D8C9D7B89->65797d0d-2d4a-456d-9b24-1d63a5102722: receive RaftClientReply:client-859D8C9D7B89->65797d0d-2d4a-456d-9b24-1d63a5102722@group-BA7C392EEBCA, cid=3218, SUCCESS, logIndex=0, commits[65797d0d-2d4a-456d-9b24-1d63a5102722:c4844, aca3f3a4-0773-4ff1-9bb5-1a871868fd09:c4842, abe1c95d-8ae2-42e9-9d83-236e3c187d51:c4842]
2019-07-09 04:31:43,734 INFO  client.GrpcClientProtocolClient (GrpcClientProtocolClient.java:onNext(255)) - client-859D8C9D7B89->65797d0d-2d4a-456d-9b24-1d63a5102722: receive RaftClientReply:client-859D8C9D7B89->65797d0d-2d4a-456d-9b24-1d63a5102722@group-BA7C392EEBCA, cid=3219, SUCCESS, logIndex=4845, commits[65797d0d-2d4a-456d-9b24-1d63a5102722:c4846, aca3f3a4-0773-4ff1-9bb5-1a871868fd09:c4844, abe1c95d-8ae2-42e9-9d83-236e3c187d51:c4844]
2019-07-09 04:31:43,734 INFO  client.GrpcClientProtocolClient (GrpcClientProtocolClient.java:onNext(255)) - client-859D8C9D7B89->65797d0d-2d4a-456d-9b24-1d63a5102722: receive RaftClientReply:client-859D8C9D7B89->65797d0d-2d4a-456d-9b24-1d63a5102722@group-BA7C392EEBCA, cid=3220, SUCCESS, logIndex=4846, commits[65797d0d-2d4a-456d-9b24-1d63a5102722:c4848, aca3f3a4-0773-4ff1-9bb5-1a871868fd09:c4844, abe1c95d-8ae2-42e9-9d83-236e3c187d51:c4844]
2019-07-09 04:31:43,735 INFO  client.GrpcClientProtocolClient (GrpcClientProtocolClient.java:onNext(255)) - client-859D8C9D7B89->65797d0d-2d4a-456d-9b24-1d63a5102722: receive RaftClientReply:client-859D8C9D7B89->65797d0d-2d4a-456d-9b24-1d63a5102722@group-BA7C392EEBCA, cid=3221, SUCCESS, logIndex=4847, commits[65797d0d-2d4a-456d-9b24-1d63a5102722:c4848, aca3f3a4-0773-4ff1-9bb5-1a871868fd09:c4844, abe1c95d-8ae2-42e9-9d83-236e3c187d51:c4844]
2019-07-09 04:31:43,735 INFO  client.GrpcClientProtocolClient (GrpcClientProtocolClient.java:onNext(255)) - client-859D8C9D7B89->65797d0d-2d4a-456d-9b24-1d63a5102722: receive RaftClientReply:client-859D8C9D7B89->65797d0d-2d4a-456d-9b24-1d63a5102722@group-BA7C392EEBCA, cid=3222, SUCCESS, logIndex=4848, commits[65797d0d-2d4a-456d-9b24-1d63a5102722:c4848, aca3f3a4-0773-4ff1-9bb5-1a871868fd09:c4844, abe1c95d-8ae2-42e9-9d83-236e3c187d51:c4844]
2019-07-09 04:31:43,737 INFO  client.GrpcClientProtocolClient (GrpcClientProtocolClient.java:onNext(255)) - client-859D8C9D7B89->65797d0d-2d4a-456d-9b24-1d63a5102722: receive RaftClientReply:client-859D8C9D7B89->65797d0d-2d4a-456d-9b24-1d63a5102722@group-BA7C392EEBCA, cid=3223, SUCCESS, logIndex=0, commits[65797d0d-2d4a-456d-9b24-1d63a5102722:c4851, aca3f3a4-0773-4ff1-9bb5-1a871868fd09:c4846, abe1c95d-8ae2-42e9-9d83-236e3c187d51:c4848]
2019-07-09 04:31:43,753 INFO  client.GrpcClientProtocolClient (GrpcClientProtocolClient.java:onNext(255)) - client-859D8C9D7B89->65797d0d-2d4a-456d-9b24-1d63a5102722: receive RaftClientReply:client-859D8C9D7B89->65797d0d-2d4a-456d-9b24-1d63a5102722@group-BA7C392EEBCA, cid=3224, SUCCESS, logIndex=4852, commits[65797d0d-2d4a-456d-9b24-1d63a5102722:c4853, aca3f3a4-0773-4ff1-9bb5-1a871868fd09:c4851, abe1c95d-8ae2-42e9-9d83-236e3c187d51:c4851]
2019-07-09 04:31:43,753 INFO  client.GrpcClientProtocolClient (GrpcClientProtocolClient.java:onNext(255)) - client-859D8C9D7B89->65797d0d-2d4a-456d-9b24-1d63a5102722: receive RaftClientReply:client-859D8C9D7B89->65797d0d-2d4a-456d-9b24-1d63a5102722@group-BA7C392EEBCA, cid=3225, SUCCESS, logIndex=4853, commits[65797d0d-2d4a-456d-9b24-1d63a5102722:c4853, aca3f3a4-0773-4ff1-9bb5-1a871868fd09:c4851, abe1c95d-8ae2-42e9-9d83-236e3c187d51:c4851]
2019-07-09 04:31:43,788 INFO  client.GrpcClientProtocolClient (GrpcClientProtocolClient.java:onNext(255)) - client-859D8C9D7B89->65797d0d-2d4a-456d-9b24-1d63a5102722: receive RaftClientReply:client-859D8C9D7B89->65797d0d-2d4a-456d-9b24-1d63a5102722@group-BA7C392EEBCA, cid=3226, SUCCESS, logIndex=4856, commits[65797d0d-2d4a-456d-9b24-1d63a5102722:c4857, aca3f3a4-0773-4ff1-9bb5-1a871868fd09:c4855, abe1c95d-8ae2-42e9-9d83-236e3c187d51:c4855]
2019-07-09 04:31:43,788 INFO  client.GrpcClientProtocolClient (GrpcClientProtocolClient.java:onNext(255)) - client-859D8C9D7B89->65797d0d-2d4a-456d-9b24-1d63a5102722: receive RaftClientReply:client-859D8C9D7B89->65797d0d-2d4a-456d-9b24-1d63a5102722@group-BA7C392EEBCA, cid=3227, SUCCESS, logIndex=4857, commits[65797d0d-2d4a-456d-9b24-1d63a5102722:c4857, aca3f3a4-0773-4ff1-9bb5-1a871868fd09:c4855, abe1c95d-8ae2-42e9-9d83-236e3c187d51:c4855]
2019-07-09 04:31:43,800 INFO  client.GrpcClientProtocolClient (GrpcClientProtocolClient.java:onNext(255)) - client-859D8C9D7B89->65797d0d-2d4a-456d-9b24-1d63a5102722: receive RaftClientReply:client-859D8C9D7B89->65797d0d-2d4a-456d-9b24-1d63a5102722@group-BA7C392EEBCA, cid=3228, SUCCESS, logIndex=0, commits[65797d0d-2d4a-456d-9b24-1d63a5102722:c4859, aca3f3a4-0773-4ff1-9bb5-1a871868fd09:c4857, abe1c95d-8ae2-42e9-9d83-236e3c187d51:c4857]
2019-07-09 04:31:43,835 INFO  client.GrpcClientProtocolClient (GrpcClientProtocolClient.java:onNext(255)) - client-859D8C9D7B89->65797d0d-2d4a-456d-9b24-1d63a5102722: receive RaftClientReply:client-859D8C9D7B89->65797d0d-2d4a-456d-9b24-1d63a5102722@group-BA7C392EEBCA, cid=3229, SUCCESS, logIndex=4860, commits[65797d0d-2d4a-456d-9b24-1d63a5102722:c4862, aca3f3a4-0773-4ff1-9bb5-1a871868fd09:c4859, abe1c95d-8ae2-42e9-9d83-236e3c187d51:c4859]
2019-07-09 04:31:43,835 INFO  client.GrpcClientProtocolClient (GrpcClientProtocolClient.java:onNext(255)) - client-859D8C9D7B89->65797d0d-2d4a-456d-9b24-1d63a5102722: receive RaftClientReply:client-859D8C9D7B89->65797d0d-2d4a-456d-9b24-1d63a5102722@group-BA7C392EEBCA, cid=3230, SUCCESS, logIndex=4861, commits[65797d0d-2d4a-456d-9b24-1d63a5102722:c4863, aca3f3a4-0773-4ff1-9bb5-1a871868fd09:c4859, abe1c95d-8ae2-42e9-9d83-236e3c187d51:c4859]
2019-07-09 04:31:43,836 INFO  client.GrpcClientProtocolClient (GrpcClientProtocolClient.java:onNext(255)) - client-859D8C9D7B89->65797d0d-2d4a-456d-9b24-1d63a5102722: receive RaftClientReply:client-859D8C9D7B89->65797d0d-2d4a-456d-9b24-1d63a5102722@group-BA7C392EEBCA, cid=3231, SUCCESS, logIndex=4862, commits[65797d0d-2d4a-456d-9b24-1d63a5102722:c4863, aca3f3a4-0773-4ff1-9bb5-1a871868fd09:c4859, abe1c95d-8ae2-42e9-9d83-236e3c187d51:c4859]
2019-07-09 04:31:43,836 INFO  client.GrpcClientProtocolClient (GrpcClientProtocolClient.java:onNext(255)) - client-859D8C9D7B89->65797d0d-2d4a-456d-9b24-1d63a5102722: receive RaftClientReply:client-859D8C9D7B89->65797d0d-2d4a-456d-9b24-1d63a5102722@group-BA7C392EEBCA, cid=3232, SUCCESS, logIndex=4863, commits[65797d0d-2d4a-456d-9b24-1d63a5102722:c4863, aca3f3a4-0773-4ff1-9bb5-1a871868fd09:c4859, abe1c95d-8ae2-42e9-9d83-236e3c187d51:c4859]
2019-07-09 04:31:43,837 INFO  client.GrpcClientProtocolClient (GrpcClientProtocolClient.java:onNext(255)) - client-859D8C9D7B89->65797d0d-2d4a-456d-9b24-1d63a5102722: receive RaftClientReply:client-859D8C9D7B89->65797d0d-2d4a-456d-9b24-1d63a5102722@group-BA7C392EEBCA, cid=3233, SUCCESS, logIndex=0, commits[65797d0d-2d4a-456d-9b24-1d63a5102722:c4866, aca3f3a4-0773-4ff1-9bb5-1a871868fd09:c4862, abe1c95d-8ae2-42e9-9d83-236e3c187d51:c4862]
2019-07-09 04:31:43,857 INFO  client.GrpcClientProtocolClient (GrpcClientProtocolClient.java:onNext(255)) - client-859D8C9D7B89->65797d0d-2d4a-456d-9b24-1d63a5102722: receive RaftClientReply:client-859D8C9D7B89->65797d0d-2d4a-456d-9b24-1d63a5102722@group-BA7C392EEBCA, cid=3234, SUCCESS, logIndex=4868, commits[65797d0d-2d4a-456d-9b24-1d63a5102722:c4869, aca3f3a4-0773-4ff1-9bb5-1a871868fd09:c4867, abe1c95d-8ae2-42e9-9d83-236e3c187d51:c4867]
2019-07-09 04:31:43,857 INFO  client.GrpcClientProtocolClient (GrpcClientProtocolClient.java:onNext(255)) - client-859D8C9D7B89->65797d0d-2d4a-456d-9b24-1d63a5102722: receive RaftClientReply:client-859D8C9D7B89->65797d0d-2d4a-456d-9b24-1d63a5102722@group-BA7C392EEBCA, cid=3235, SUCCESS, logIndex=4869, commits[65797d0d-2d4a-456d-9b24-1d63a5102722:c4869, aca3f3a4-0773-4ff1-9bb5-1a871868fd09:c4867, abe1c95d-8ae2-42e9-9d83-236e3c187d51:c4867]
2019-07-09 04:31:43,871 INFO  client.GrpcClientProtocolClient (GrpcClientProtocolClient.java:onNext(255)) - client-859D8C9D7B89->65797d0d-2d4a-456d-9b24-1d63a5102722: receive RaftClientReply:client-859D8C9D7B89->65797d0d-2d4a-456d-9b24-1d63a5102722@group-BA7C392EEBCA, cid=3236, SUCCESS, logIndex=4872, commits[65797d0d-2d4a-456d-9b24-1d63a5102722:c4873, aca3f3a4-0773-4ff1-9bb5-1a871868fd09:c4869, abe1c95d-8ae2-42e9-9d83-236e3c187d51:c4869]
2019-07-09 04:31:43,872 INFO  client.GrpcClientProtocolClient (GrpcClientProtocolClient.java:onNext(255)) - client-859D8C9D7B89->65797d0d-2d4a-456d-9b24-1d63a5102722: receive RaftClientReply:client-859D8C9D7B89->65797d0d-2d4a-456d-9b24-1d63a5102722@group-BA7C392EEBCA, cid=3237, SUCCESS, logIndex=4873, commits[65797d0d-2d4a-456d-9b24-1d63a5102722:c4873, aca3f3a4-0773-4ff1-9bb5-1a871868fd09:c4869, abe1c95d-8ae2-42e9-9d83-236e3c187d51:c4869]
2019-07-09 04:31:43,884 INFO  client.GrpcClientProtocolClient (GrpcClientProtocolClient.java:onNext(255)) - client-859D8C9D7B89->65797d0d-2d4a-456d-9b24-1d63a5102722: receive RaftClientReply:client-859D8C9D7B89->65797d0d-2d4a-456d-9b24-1d63a5102722@group-BA7C392EEBCA, cid=3238, SUCCESS, logIndex=0, commits[65797d0d-2d4a-456d-9b24-1d63a5102722:c4874, aca3f3a4-0773-4ff1-9bb5-1a871868fd09:c4873, abe1c95d-8ae2-42e9-9d83-236e3c187d51:c4873]
2019-07-09 04:31:43,917 INFO  client.GrpcClientProtocolClient (GrpcClientProtocolClient.java:onNext(255)) - client-859D8C9D7B89->65797d0d-2d4a-456d-9b24-1d63a5102722: receive RaftClientReply:client-859D8C9D7B89->65797d0d-2d4a-456d-9b24-1d63a5102722@group-BA7C392EEBCA, cid=3239, SUCCESS, logIndex=4876, commits[65797d0d-2d4a-456d-9b24-1d63a5102722:c4878, aca3f3a4-0773-4ff1-9bb5-1a871868fd09:c4875, abe1c95d-8ae2-42e9-9d83-236e3c187d51:c4875]
2019-07-09 04:31:43,918 INFO  client.GrpcClientProtocolClient (GrpcClientProtocolClient.java:onNext(255)) - client-859D8C9D7B89->65797d0d-2d4a-456d-9b24-1d63a5102722: receive RaftClientReply:client-859D8C9D7B89->65797d0d-2d4a-456d-9b24-1d63a5102722@group-BA7C392EEBCA, cid=3240, SUCCESS, logIndex=4877, commits[65797d0d-2d4a-456d-9b24-1d63a5102722:c4879, aca3f3a4-0773-4ff1-9bb5-1a871868fd09:c4875, abe1c95d-8ae2-42e9-9d83-236e3c187d51:c4875]
2019-07-09 04:31:43,918 INFO  client.GrpcClientProtocolClient (GrpcClientProtocolClient.java:onNext(255)) - client-859D8C9D7B89->65797d0d-2d4a-456d-9b24-1d63a5102722: receive RaftClientReply:client-859D8C9D7B89->65797d0d-2d4a-456d-9b24-1d63a5102722@group-BA7C392EEBCA, cid=3241, SUCCESS, logIndex=4878, commits[65797d0d-2d4a-456d-9b24-1d63a5102722:c4879, aca3f3a4-0773-4ff1-9bb5-1a871868fd09:c4875, abe1c95d-8ae2-42e9-9d83-236e3c187d51:c4875]
2019-07-09 04:31:43,918 INFO  client.GrpcClientProtocolClient (GrpcClientProtocolClient.java:onNext(255)) - client-859D8C9D7B89->65797d0d-2d4a-456d-9b24-1d63a5102722: receive RaftClientReply:client-859D8C9D7B89->65797d0d-2d4a-456d-9b24-1d63a5102722@group-BA7C392EEBCA, cid=3242, SUCCESS, logIndex=4879, commits[65797d0d-2d4a-456d-9b24-1d63a5102722:c4879, aca3f3a4-0773-4ff1-9bb5-1a871868fd09:c4875, abe1c95d-8ae2-42e9-9d83-236e3c187d51:c4875]
2019-07-09 04:31:43,929 INFO  client.GrpcClientProtocolClient (GrpcClientProtocolClient.java:onNext(255)) - client-859D8C9D7B89->65797d0d-2d4a-456d-9b24-1d63a5102722: receive RaftClientReply:client-859D8C9D7B89->65797d0d-2d4a-456d-9b24-1d63a5102722@group-BA7C392EEBCA, cid=3243, SUCCESS, logIndex=0, commits[65797d0d-2d4a-456d-9b24-1d63a5102722:c4881, aca3f3a4-0773-4ff1-9bb5-1a871868fd09:c4877, abe1c95d-8ae2-42e9-9d83-236e3c187d51:c4877]
2019-07-09 04:31:43,950 INFO  client.GrpcClientProtocolClient (GrpcClientProtocolClient.java:onNext(255)) - client-859D8C9D7B89->65797d0d-2d4a-456d-9b24-1d63a5102722: receive RaftClientReply:client-859D8C9D7B89->65797d0d-2d4a-456d-9b24-1d63a5102722@group-BA7C392EEBCA, cid=3244, SUCCESS, logIndex=4884, commits[65797d0d-2d4a-456d-9b24-1d63a5102722:c4885, aca3f3a4-0773-4ff1-9bb5-1a871868fd09:c4883, abe1c95d-8ae2-42e9-9d83-236e3c187d51:c4883]
2019-07-09 04:31:43,950 INFO  client.GrpcClientProtocolClient (GrpcClientProtocolClient.java:onNext(255)) - client-859D8C9D7B89->65797d0d-2d4a-456d-9b24-1d63a5102722: receive RaftClientReply:client-859D8C9D7B89->65797d0d-2d4a-456d-9b24-1d63a5102722@group-BA7C392EEBCA, cid=3245, SUCCESS, logIndex=4885, commits[65797d0d-2d4a-456d-9b24-1d63a5102722:c4885, aca3f3a4-0773-4ff1-9bb5-1a871868fd09:c4883, abe1c95d-8ae2-42e9-9d83-236e3c187d51:c4883]
2019-07-09 04:31:43,963 INFO  client.GrpcClientProtocolClient (GrpcClientProtocolClient.java:onNext(255)) - client-859D8C9D7B89->65797d0d-2d4a-456d-9b24-1d63a5102722: receive RaftClientReply:client-859D8C9D7B89->65797d0d-2d4a-456d-9b24-1d63a5102722@group-BA7C392EEBCA, cid=3246, SUCCESS, logIndex=4888, commits[65797d0d-2d4a-456d-9b24-1d63a5102722:c4889, aca3f3a4-0773-4ff1-9bb5-1a871868fd09:c4885, abe1c95d-8ae2-42e9-9d83-236e3c187d51:c4884]
2019-07-09 04:31:43,963 INFO  client.GrpcClientProtocolClient (GrpcClientProtocolClient.java:onNext(255)) - client-859D8C9D7B89->65797d0d-2d4a-456d-9b24-1d63a5102722: receive RaftClientReply:client-859D8C9D7B89->65797d0d-2d4a-456d-9b24-1d63a5102722@group-BA7C392EEBCA, cid=3247, SUCCESS, logIndex=4889, commits[65797d0d-2d4a-456d-9b24-1d63a5102722:c4889, aca3f3a4-0773-4ff1-9bb5-1a871868fd09:c4885, abe1c95d-8ae2-42e9-9d83-236e3c187d51:c4885]
2019-07-09 04:31:43,965 INFO  client.GrpcClientProtocolClient (GrpcClientProtocolClient.java:onNext(255)) - client-859D8C9D7B89->65797d0d-2d4a-456d-9b24-1d63a5102722: receive RaftClientReply:client-859D8C9D7B89->65797d0d-2d4a-456d-9b24-1d63a5102722@group-BA7C392EEBCA, cid=3248, SUCCESS, logIndex=0, commits[65797d0d-2d4a-456d-9b24-1d63a5102722:c4890, aca3f3a4-0773-4ff1-9bb5-1a871868fd09:c4889, abe1c95d-8ae2-42e9-9d83-236e3c187d51:c4889]
2019-07-09 04:31:44,000 INFO  client.GrpcClientProtocolClient (GrpcClientProtocolClient.java:onNext(255)) - client-859D8C9D7B89->65797d0d-2d4a-456d-9b24-1d63a5102722: receive RaftClientReply:client-859D8C9D7B89->65797d0d-2d4a-456d-9b24-1d63a5102722@group-BA7C392EEBCA, cid=3249, SUCCESS, logIndex=4892, commits[65797d0d-2d4a-456d-9b24-1d63a5102722:c4894, aca3f3a4-0773-4ff1-9bb5-1a871868fd09:c4891, abe1c95d-8ae2-42e9-9d83-236e3c187d51:c4891]
2019-07-09 04:31:44,001 INFO  client.GrpcClientProtocolClient (GrpcClientProtocolClient.java:onNext(255)) - client-859D8C9D7B89->65797d0d-2d4a-456d-9b24-1d63a5102722: receive RaftClientReply:client-859D8C9D7B89->65797d0d-2d4a-456d-9b24-1d63a5102722@group-BA7C392EEBCA, cid=3250, SUCCESS, logIndex=4893, commits[65797d0d-2d4a-456d-9b24-1d63a5102722:c4895, aca3f3a4-0773-4ff1-9bb5-1a871868fd09:c4891, abe1c95d-8ae2-42e9-9d83-236e3c187d51:c4891]
2019-07-09 04:31:44,001 INFO  client.GrpcClientProtocolClient (GrpcClientProtocolClient.java:onNext(255)) - client-859D8C9D7B89->65797d0d-2d4a-456d-9b24-1d63a5102722: receive RaftClientReply:client-859D8C9D7B89->65797d0d-2d4a-456d-9b24-1d63a5102722@group-BA7C392EEBCA, cid=3251, SUCCESS, logIndex=4894, commits[65797d0d-2d4a-456d-9b24-1d63a5102722:c4895, aca3f3a4-0773-4ff1-9bb5-1a871868fd09:c4891, abe1c95d-8ae2-42e9-9d83-236e3c187d51:c4891]
2019-07-09 04:31:44,001 INFO  client.GrpcClientProtocolClient (GrpcClientProtocolClient.java:onNext(255)) - client-859D8C9D7B89->65797d0d-2d4a-456d-9b24-1d63a5102722: receive RaftClientReply:client-859D8C9D7B89->65797d0d-2d4a-456d-9b24-1d63a5102722@group-BA7C392EEBCA, cid=3252, SUCCESS, logIndex=4895, commits[65797d0d-2d4a-456d-9b24-1d63a5102722:c4895, aca3f3a4-0773-4ff1-9bb5-1a871868fd09:c4891, abe1c95d-8ae2-42e9-9d83-236e3c187d51:c4891]
2019-07-09 04:31:44,003 INFO  client.GrpcClientProtocolClient (GrpcClientProtocolClient.java:onNext(255)) - client-859D8C9D7B89->65797d0d-2d4a-456d-9b24-1d63a5102722: receive RaftClientReply:client-859D8C9D7B89->65797d0d-2d4a-456d-9b24-1d63a5102722@group-BA7C392EEBCA, cid=3253, SUCCESS, logIndex=0, commits[65797d0d-2d4a-456d-9b24-1d63a5102722:c4899, aca3f3a4-0773-4ff1-9bb5-1a871868fd09:c4895, abe1c95d-8ae2-42e9-9d83-236e3c187d51:c4893]
2019-07-09 04:31:44,024 INFO  client.GrpcClientProtocolClient (GrpcClientProtocolClient.java:onNext(255)) - client-859D8C9D7B89->65797d0d-2d4a-456d-9b24-1d63a5102722: receive RaftClientReply:client-859D8C9D7B89->65797d0d-2d4a-456d-9b24-1d63a5102722@group-BA7C392EEBCA, cid=3254, SUCCESS, logIndex=4900, commits[65797d0d-2d4a-456d-9b24-1d63a5102722:c4901, aca3f3a4-0773-4ff1-9bb5-1a871868fd09:c4899, abe1c95d-8ae2-42e9-9d83-236e3c187d51:c4899]
2019-07-09 04:31:44,024 INFO  client.GrpcClientProtocolClient (GrpcClientProtocolClient.java:onNext(255)) - client-859D8C9D7B89->65797d0d-2d4a-456d-9b24-1d63a5102722: receive RaftClientReply:client-859D8C9D7B89->65797d0d-2d4a-456d-9b24-1d63a5102722@group-BA7C392EEBCA, cid=3255, SUCCESS, logIndex=4901, commits[65797d0d-2d4a-456d-9b24-1d63a5102722:c4901, aca3f3a4-0773-4ff1-9bb5-1a871868fd09:c4899, abe1c95d-8ae2-42e9-9d83-236e3c187d51:c4899]
2019-07-09 04:31:44,037 INFO  client.GrpcClientProtocolClient (GrpcClientProtocolClient.java:onNext(255)) - client-859D8C9D7B89->65797d0d-2d4a-456d-9b24-1d63a5102722: receive RaftClientReply:client-859D8C9D7B89->65797d0d-2d4a-456d-9b24-1d63a5102722@group-BA7C392EEBCA, cid=3256, SUCCESS, logIndex=4904, commits[65797d0d-2d4a-456d-9b24-1d63a5102722:c4905, aca3f3a4-0773-4ff1-9bb5-1a871868fd09:c4901, abe1c95d-8ae2-42e9-9d83-236e3c187d51:c4900]
2019-07-09 04:31:44,038 INFO  client.GrpcClientProtocolClient (GrpcClientProtocolClient.java:onNext(255)) - client-859D8C9D7B89->65797d0d-2d4a-456d-9b24-1d63a5102722: receive RaftClientReply:client-859D8C9D7B89->65797d0d-2d4a-456d-9b24-1d63a5102722@group-BA7C392EEBCA, cid=3257, SUCCESS, logIndex=4905, commits[65797d0d-2d4a-456d-9b24-1d63a5102722:c4905, aca3f3a4-0773-4ff1-9bb5-1a871868fd09:c4901, abe1c95d-8ae2-42e9-9d83-236e3c187d51:c4901]
2019-07-09 04:31:44,040 INFO  client.GrpcClientProtocolClient (GrpcClientProtocolClient.java:onNext(255)) - client-859D8C9D7B89->65797d0d-2d4a-456d-9b24-1d63a5102722: receive RaftClientReply:client-859D8C9D7B89->65797d0d-2d4a-456d-9b24-1d63a5102722@group-BA7C392EEBCA, cid=3258, SUCCESS, logIndex=0, commits[65797d0d-2d4a-456d-9b24-1d63a5102722:c4907, aca3f3a4-0773-4ff1-9bb5-1a871868fd09:c4905, abe1c95d-8ae2-42e9-9d83-236e3c187d51:c4905]
2019-07-09 04:31:44,074 INFO  client.GrpcClientProtocolClient (GrpcClientProtocolClient.java:onNext(255)) - client-859D8C9D7B89->65797d0d-2d4a-456d-9b24-1d63a5102722: receive RaftClientReply:client-859D8C9D7B89->65797d0d-2d4a-456d-9b24-1d63a5102722@group-BA7C392EEBCA, cid=3259, SUCCESS, logIndex=4908, commits[65797d0d-2d4a-456d-9b24-1d63a5102722:c4909, aca3f3a4-0773-4ff1-9bb5-1a871868fd09:c4907, abe1c95d-8ae2-42e9-9d83-236e3c187d51:c4907]
2019-07-09 04:31:44,075 INFO  client.GrpcClientProtocolClient (GrpcClientProtocolClient.java:onNext(255)) - client-859D8C9D7B89->65797d0d-2d4a-456d-9b24-1d63a5102722: receive RaftClientReply:client-859D8C9D7B89->65797d0d-2d4a-456d-9b24-1d63a5102722@group-BA7C392EEBCA, cid=3260, SUCCESS, logIndex=4909, commits[65797d0d-2d4a-456d-9b24-1d63a5102722:c4911, aca3f3a4-0773-4ff1-9bb5-1a871868fd09:c4907, abe1c95d-8ae2-42e9-9d83-236e3c187d51:c4907]
2019-07-09 04:31:44,075 INFO  client.GrpcClientProtocolClient (GrpcClientProtocolClient.java:onNext(255)) - client-859D8C9D7B89->65797d0d-2d4a-456d-9b24-1d63a5102722: receive RaftClientReply:client-859D8C9D7B89->65797d0d-2d4a-456d-9b24-1d63a5102722@group-BA7C392EEBCA, cid=3261, SUCCESS, logIndex=4910, commits[65797d0d-2d4a-456d-9b24-1d63a5102722:c4911, aca3f3a4-0773-4ff1-9bb5-1a871868fd09:c4907, abe1c95d-8ae2-42e9-9d83-236e3c187d51:c4907]
2019-07-09 04:31:44,075 INFO  client.GrpcClientProtocolClient (GrpcClientProtocolClient.java:onNext(255)) - client-859D8C9D7B89->65797d0d-2d4a-456d-9b24-1d63a5102722: receive RaftClientReply:client-859D8C9D7B89->65797d0d-2d4a-456d-9b24-1d63a5102722@group-BA7C392EEBCA, cid=3262, SUCCESS, logIndex=4911, commits[65797d0d-2d4a-456d-9b24-1d63a5102722:c4911, aca3f3a4-0773-4ff1-9bb5-1a871868fd09:c4907, abe1c95d-8ae2-42e9-9d83-236e3c187d51:c4907]
2019-07-09 04:31:44,077 INFO  client.GrpcClientProtocolClient (GrpcClientProtocolClient.java:onNext(255)) - client-859D8C9D7B89->65797d0d-2d4a-456d-9b24-1d63a5102722: receive RaftClientReply:client-859D8C9D7B89->65797d0d-2d4a-456d-9b24-1d63a5102722@group-BA7C392EEBCA, cid=3263, SUCCESS, logIndex=0, commits[65797d0d-2d4a-456d-9b24-1d63a5102722:c4915, aca3f3a4-0773-4ff1-9bb5-1a871868fd09:c4909, abe1c95d-8ae2-42e9-9d83-236e3c187d51:c4911]
2019-07-09 04:31:44,097 INFO  client.GrpcClientProtocolClient (GrpcClientProtocolClient.java:onNext(255)) - client-859D8C9D7B89->65797d0d-2d4a-456d-9b24-1d63a5102722: receive RaftClientReply:client-859D8C9D7B89->65797d0d-2d4a-456d-9b24-1d63a5102722@group-BA7C392EEBCA, cid=3264, SUCCESS, logIndex=4916, commits[65797d0d-2d4a-456d-9b24-1d63a5102722:c4917, aca3f3a4-0773-4ff1-9bb5-1a871868fd09:c4915, abe1c95d-8ae2-42e9-9d83-236e3c187d51:c4915]
2019-07-09 04:31:44,097 INFO  client.GrpcClientProtocolClient (GrpcClientProtocolClient.java:onNext(255)) - client-859D8C9D7B89->65797d0d-2d4a-456d-9b24-1d63a5102722: receive RaftClientReply:client-859D8C9D7B89->65797d0d-2d4a-456d-9b24-1d63a5102722@group-BA7C392EEBCA, cid=3265, SUCCESS, logIndex=4917, commits[65797d0d-2d4a-456d-9b24-1d63a5102722:c4917, aca3f3a4-0773-4ff1-9bb5-1a871868fd09:c4915, abe1c95d-8ae2-42e9-9d83-236e3c187d51:c4915]
2019-07-09 04:31:44,110 INFO  client.GrpcClientProtocolClient (GrpcClientProtocolClient.java:onNext(255)) - client-859D8C9D7B89->65797d0d-2d4a-456d-9b24-1d63a5102722: receive RaftClientReply:client-859D8C9D7B89->65797d0d-2d4a-456d-9b24-1d63a5102722@group-BA7C392EEBCA, cid=3266, SUCCESS, logIndex=4920, commits[65797d0d-2d4a-456d-9b24-1d63a5102722:c4921, aca3f3a4-0773-4ff1-9bb5-1a871868fd09:c4917, abe1c95d-8ae2-42e9-9d83-236e3c187d51:c4917]
2019-07-09 04:31:44,111 INFO  client.GrpcClientProtocolClient (GrpcClientProtocolClient.java:onNext(255)) - client-859D8C9D7B89->65797d0d-2d4a-456d-9b24-1d63a5102722: receive RaftClientReply:client-859D8C9D7B89->65797d0d-2d4a-456d-9b24-1d63a5102722@group-BA7C392EEBCA, cid=3267, SUCCESS, logIndex=4921, commits[65797d0d-2d4a-456d-9b24-1d63a5102722:c4921, aca3f3a4-0773-4ff1-9bb5-1a871868fd09:c4917, abe1c95d-8ae2-42e9-9d83-236e3c187d51:c4917]
2019-07-09 04:31:44,122 INFO  client.GrpcClientProtocolClient (GrpcClientProtocolClient.java:onNext(255)) - client-859D8C9D7B89->65797d0d-2d4a-456d-9b24-1d63a5102722: receive RaftClientReply:client-859D8C9D7B89->65797d0d-2d4a-456d-9b24-1d63a5102722@group-BA7C392EEBCA, cid=3268, SUCCESS, logIndex=0, commits[65797d0d-2d4a-456d-9b24-1d63a5102722:c4922, aca3f3a4-0773-4ff1-9bb5-1a871868fd09:c4921, abe1c95d-8ae2-42e9-9d83-236e3c187d51:c4921]
2019-07-09 04:31:44,154 INFO  client.GrpcClientProtocolClient (GrpcClientProtocolClient.java:onNext(255)) - client-859D8C9D7B89->65797d0d-2d4a-456d-9b24-1d63a5102722: receive RaftClientReply:client-859D8C9D7B89->65797d0d-2d4a-456d-9b24-1d63a5102722@group-BA7C392EEBCA, cid=3269, SUCCESS, logIndex=4923, commits[65797d0d-2d4a-456d-9b24-1d63a5102722:c4924, aca3f3a4-0773-4ff1-9bb5-1a871868fd09:c4922, abe1c95d-8ae2-42e9-9d83-236e3c187d51:c4922]
2019-07-09 04:31:44,155 INFO  client.GrpcClientProtocolClient (GrpcClientProtocolClient.java:onNext(255)) - client-859D8C9D7B89->65797d0d-2d4a-456d-9b24-1d63a5102722: receive RaftClientReply:client-859D8C9D7B89->65797d0d-2d4a-456d-9b24-1d63a5102722@group-BA7C392EEBCA, cid=3270, SUCCESS, logIndex=4924, commits[65797d0d-2d4a-456d-9b24-1d63a5102722:c4926, aca3f3a4-0773-4ff1-9bb5-1a871868fd09:c4922, abe1c95d-8ae2-42e9-9d83-236e3c187d51:c4922]
2019-07-09 04:31:44,155 INFO  client.GrpcClientProtocolClient (GrpcClientProtocolClient.java:onNext(255)) - client-859D8C9D7B89->65797d0d-2d4a-456d-9b24-1d63a5102722: receive RaftClientReply:client-859D8C9D7B89->65797d0d-2d4a-456d-9b24-1d63a5102722@group-BA7C392EEBCA, cid=3271, SUCCESS, logIndex=4925, commits[65797d0d-2d4a-456d-9b24-1d63a5102722:c4926, aca3f3a4-0773-4ff1-9bb5-1a871868fd09:c4922, abe1c95d-8ae2-42e9-9d83-236e3c187d51:c4922]
2019-07-09 04:31:44,155 INFO  client.GrpcClientProtocolClient (GrpcClientProtocolClient.java:onNext(255)) - client-859D8C9D7B89->65797d0d-2d4a-456d-9b24-1d63a5102722: receive RaftClientReply:client-859D8C9D7B89->65797d0d-2d4a-456d-9b24-1d63a5102722@group-BA7C392EEBCA, cid=3272, SUCCESS, logIndex=4926, commits[65797d0d-2d4a-456d-9b24-1d63a5102722:c4926, aca3f3a4-0773-4ff1-9bb5-1a871868fd09:c4922, abe1c95d-8ae2-42e9-9d83-236e3c187d51:c4922]
2019-07-09 04:31:44,169 INFO  client.GrpcClientProtocolClient (GrpcClientProtocolClient.java:onNext(255)) - client-859D8C9D7B89->65797d0d-2d4a-456d-9b24-1d63a5102722: receive RaftClientReply:client-859D8C9D7B89->65797d0d-2d4a-456d-9b24-1d63a5102722@group-BA7C392EEBCA, cid=3273, SUCCESS, logIndex=0, commits[65797d0d-2d4a-456d-9b24-1d63a5102722:c4930, aca3f3a4-0773-4ff1-9bb5-1a871868fd09:c4924, abe1c95d-8ae2-42e9-9d83-236e3c187d51:c4926]
2019-07-09 04:31:44,287 INFO  client.GrpcClientProtocolClient (GrpcClientProtocolClient.java:onNext(255)) - client-859D8C9D7B89->65797d0d-2d4a-456d-9b24-1d63a5102722: receive RaftClientReply:client-859D8C9D7B89->65797d0d-2d4a-456d-9b24-1d63a5102722@group-BA7C392EEBCA, cid=3274, SUCCESS, logIndex=4931, commits[65797d0d-2d4a-456d-9b24-1d63a5102722:c4932, aca3f3a4-0773-4ff1-9bb5-1a871868fd09:c4930, abe1c95d-8ae2-42e9-9d83-236e3c187d51:c4930]
2019-07-09 04:31:44,288 INFO  client.GrpcClientProtocolClient (GrpcClientProtocolClient.java:onNext(255)) - client-859D8C9D7B89->65797d0d-2d4a-456d-9b24-1d63a5102722: receive RaftClientReply:client-859D8C9D7B89->65797d0d-2d4a-456d-9b24-1d63a5102722@group-BA7C392EEBCA, cid=3275, SUCCESS, logIndex=4932, commits[65797d0d-2d4a-456d-9b24-1d63a5102722:c4932, aca3f3a4-0773-4ff1-9bb5-1a871868fd09:c4930, abe1c95d-8ae2-42e9-9d83-236e3c187d51:c4930]
2019-07-09 04:31:44,305 INFO  client.GrpcClientProtocolClient (GrpcClientProtocolClient.java:onNext(255)) - client-859D8C9D7B89->65797d0d-2d4a-456d-9b24-1d63a5102722: receive RaftClientReply:client-859D8C9D7B89->65797d0d-2d4a-456d-9b24-1d63a5102722@group-BA7C392EEBCA, cid=3276, SUCCESS, logIndex=4935, commits[65797d0d-2d4a-456d-9b24-1d63a5102722:c4936, aca3f3a4-0773-4ff1-9bb5-1a871868fd09:c4932, abe1c95d-8ae2-42e9-9d83-236e3c187d51:c4932]
2019-07-09 04:31:44,305 INFO  client.GrpcClientProtocolClient (GrpcClientProtocolClient.java:onNext(255)) - client-859D8C9D7B89->65797d0d-2d4a-456d-9b24-1d63a5102722: receive RaftClientReply:client-859D8C9D7B89->65797d0d-2d4a-456d-9b24-1d63a5102722@group-BA7C392EEBCA, cid=3277, SUCCESS, logIndex=4936, commits[65797d0d-2d4a-456d-9b24-1d63a5102722:c4936, aca3f3a4-0773-4ff1-9bb5-1a871868fd09:c4932, abe1c95d-8ae2-42e9-9d83-236e3c187d51:c4932]
2019-07-09 04:31:44,315 INFO  client.GrpcClientProtocolClient (GrpcClientProtocolClient.java:onNext(255)) - client-859D8C9D7B89->65797d0d-2d4a-456d-9b24-1d63a5102722: receive RaftClientReply:client-859D8C9D7B89->65797d0d-2d4a-456d-9b24-1d63a5102722@group-BA7C392EEBCA, cid=3278, SUCCESS, logIndex=0, commits[65797d0d-2d4a-456d-9b24-1d63a5102722:c4937, aca3f3a4-0773-4ff1-9bb5-1a871868fd09:c4936, abe1c95d-8ae2-42e9-9d83-236e3c187d51:c4936]
2019-07-09 04:31:44,347 INFO  client.GrpcClientProtocolClient (GrpcClientProtocolClient.java:onNext(255)) - client-859D8C9D7B89->65797d0d-2d4a-456d-9b24-1d63a5102722: receive RaftClientReply:client-859D8C9D7B89->65797d0d-2d4a-456d-9b24-1d63a5102722@group-BA7C392EEBCA, cid=3279, SUCCESS, logIndex=4939, commits[65797d0d-2d4a-456d-9b24-1d63a5102722:c4940, aca3f3a4-0773-4ff1-9bb5-1a871868fd09:c4938, abe1c95d-8ae2-42e9-9d83-236e3c187d51:c4938]
2019-07-09 04:31:44,348 INFO  client.GrpcClientProtocolClient (GrpcClientProtocolClient.java:onNext(255)) - client-859D8C9D7B89->65797d0d-2d4a-456d-9b24-1d63a5102722: receive RaftClientReply:client-859D8C9D7B89->65797d0d-2d4a-456d-9b24-1d63a5102722@group-BA7C392EEBCA, cid=3280, SUCCESS, logIndex=4940, commits[65797d0d-2d4a-456d-9b24-1d63a5102722:c4940, aca3f3a4-0773-4ff1-9bb5-1a871868fd09:c4938, abe1c95d-8ae2-42e9-9d83-236e3c187d51:c4938]
2019-07-09 04:31:44,348 INFO  client.GrpcClientProtocolClient (GrpcClientProtocolClient.java:onNext(255)) - client-859D8C9D7B89->65797d0d-2d4a-456d-9b24-1d63a5102722: receive RaftClientReply:client-859D8C9D7B89->65797d0d-2d4a-456d-9b24-1d63a5102722@group-BA7C392EEBCA, cid=3281, SUCCESS, logIndex=4941, commits[65797d0d-2d4a-456d-9b24-1d63a5102722:c4942, aca3f3a4-0773-4ff1-9bb5-1a871868fd09:c4938, abe1c95d-8ae2-42e9-9d83-236e3c187d51:c4938]
2019-07-09 04:31:44,349 INFO  client.GrpcClientProtocolClient (GrpcClientProtocolClient.java:onNext(255)) - client-859D8C9D7B89->65797d0d-2d4a-456d-9b24-1d63a5102722: receive RaftClientReply:client-859D8C9D7B89->65797d0d-2d4a-456d-9b24-1d63a5102722@group-BA7C392EEBCA, cid=3282, SUCCESS, logIndex=4942, commits[65797d0d-2d4a-456d-9b24-1d63a5102722:c4942, aca3f3a4-0773-4ff1-9bb5-1a871868fd09:c4938, abe1c95d-8ae2-42e9-9d83-236e3c187d51:c4938]
2019-07-09 04:31:44,362 INFO  client.GrpcClientProtocolClient (GrpcClientProtocolClient.java:onNext(255)) - client-859D8C9D7B89->65797d0d-2d4a-456d-9b24-1d63a5102722: receive RaftClientReply:client-859D8C9D7B89->65797d0d-2d4a-456d-9b24-1d63a5102722@group-BA7C392EEBCA, cid=3283, SUCCESS, logIndex=0, commits[65797d0d-2d4a-456d-9b24-1d63a5102722:c4944, aca3f3a4-0773-4ff1-9bb5-1a871868fd09:c4940, abe1c95d-8ae2-42e9-9d83-236e3c187d51:c4940]
2019-07-09 04:31:44,384 INFO  client.GrpcClientProtocolClient (GrpcClientProtocolClient.java:onNext(255)) - client-859D8C9D7B89->65797d0d-2d4a-456d-9b24-1d63a5102722: receive RaftClientReply:client-859D8C9D7B89->65797d0d-2d4a-456d-9b24-1d63a5102722@group-BA7C392EEBCA, cid=3284, SUCCESS, logIndex=4946, commits[65797d0d-2d4a-456d-9b24-1d63a5102722:c4947, aca3f3a4-0773-4ff1-9bb5-1a871868fd09:c4945, abe1c95d-8ae2-42e9-9d83-236e3c187d51:c4945]
2019-07-09 04:31:44,384 INFO  client.GrpcClientProtocolClient (GrpcClientProtocolClient.java:onNext(255)) - client-859D8C9D7B89->65797d0d-2d4a-456d-9b24-1d63a5102722: receive RaftClientReply:client-859D8C9D7B89->65797d0d-2d4a-456d-9b24-1d63a5102722@group-BA7C392EEBCA, cid=3285, SUCCESS, logIndex=4947, commits[65797d0d-2d4a-456d-9b24-1d63a5102722:c4947, aca3f3a4-0773-4ff1-9bb5-1a871868fd09:c4945, abe1c95d-8ae2-42e9-9d83-236e3c187d51:c4945]
2019-07-09 04:31:44,398 INFO  client.GrpcClientProtocolClient (GrpcClientProtocolClient.java:onNext(255)) - client-859D8C9D7B89->65797d0d-2d4a-456d-9b24-1d63a5102722: receive RaftClientReply:client-859D8C9D7B89->65797d0d-2d4a-456d-9b24-1d63a5102722@group-BA7C392EEBCA, cid=3286, SUCCESS, logIndex=4950, commits[65797d0d-2d4a-456d-9b24-1d63a5102722:c4951, aca3f3a4-0773-4ff1-9bb5-1a871868fd09:c4947, abe1c95d-8ae2-42e9-9d83-236e3c187d51:c4947]
2019-07-09 04:31:44,398 INFO  client.GrpcClientProtocolClient (GrpcClientProtocolClient.java:onNext(255)) - client-859D8C9D7B89->65797d0d-2d4a-456d-9b24-1d63a5102722: receive RaftClientReply:client-859D8C9D7B89->65797d0d-2d4a-456d-9b24-1d63a5102722@group-BA7C392EEBCA, cid=3287, SUCCESS, logIndex=4951, commits[65797d0d-2d4a-456d-9b24-1d63a5102722:c4951, aca3f3a4-0773-4ff1-9bb5-1a871868fd09:c4947, abe1c95d-8ae2-42e9-9d83-236e3c187d51:c4947]
2019-07-09 04:31:44,401 INFO  client.GrpcClientProtocolClient (GrpcClientProtocolClient.java:onNext(255)) - client-859D8C9D7B89->65797d0d-2d4a-456d-9b24-1d63a5102722: receive RaftClientReply:client-859D8C9D7B89->65797d0d-2d4a-456d-9b24-1d63a5102722@group-BA7C392EEBCA, cid=3288, SUCCESS, logIndex=0, commits[65797d0d-2d4a-456d-9b24-1d63a5102722:c4953, aca3f3a4-0773-4ff1-9bb5-1a871868fd09:c4951, abe1c95d-8ae2-42e9-9d83-236e3c187d51:c4951]
2019-07-09 04:31:44,438 INFO  client.GrpcClientProtocolClient (GrpcClientProtocolClient.java:onNext(255)) - client-859D8C9D7B89->65797d0d-2d4a-456d-9b24-1d63a5102722: receive RaftClientReply:client-859D8C9D7B89->65797d0d-2d4a-456d-9b24-1d63a5102722@group-BA7C392EEBCA, cid=3289, SUCCESS, logIndex=4954, commits[65797d0d-2d4a-456d-9b24-1d63a5102722:c4955, aca3f3a4-0773-4ff1-9bb5-1a871868fd09:c4953, abe1c95d-8ae2-42e9-9d83-236e3c187d51:c4953]
2019-07-09 04:31:44,439 INFO  client.GrpcClientProtocolClient (GrpcClientProtocolClient.java:onNext(255)) - client-859D8C9D7B89->65797d0d-2d4a-456d-9b24-1d63a5102722: receive RaftClientReply:client-859D8C9D7B89->65797d0d-2d4a-456d-9b24-1d63a5102722@group-BA7C392EEBCA, cid=3290, SUCCESS, logIndex=4955, commits[65797d0d-2d4a-456d-9b24-1d63a5102722:c4957, aca3f3a4-0773-4ff1-9bb5-1a871868fd09:c4953, abe1c95d-8ae2-42e9-9d83-236e3c187d51:c4953]
2019-07-09 04:31:44,439 INFO  client.GrpcClientProtocolClient (GrpcClientProtocolClient.java:onNext(255)) - client-859D8C9D7B89->65797d0d-2d4a-456d-9b24-1d63a5102722: receive RaftClientReply:client-859D8C9D7B89->65797d0d-2d4a-456d-9b24-1d63a5102722@group-BA7C392EEBCA, cid=3291, SUCCESS, logIndex=4956, commits[65797d0d-2d4a-456d-9b24-1d63a5102722:c4957, aca3f3a4-0773-4ff1-9bb5-1a871868fd09:c4953, abe1c95d-8ae2-42e9-9d83-236e3c187d51:c4953]
2019-07-09 04:31:44,440 INFO  client.GrpcClientProtocolClient (GrpcClientProtocolClient.java:onNext(255)) - client-859D8C9D7B89->65797d0d-2d4a-456d-9b24-1d63a5102722: receive RaftClientReply:client-859D8C9D7B89->65797d0d-2d4a-456d-9b24-1d63a5102722@group-BA7C392EEBCA, cid=3292, SUCCESS, logIndex=4957, commits[65797d0d-2d4a-456d-9b24-1d63a5102722:c4957, aca3f3a4-0773-4ff1-9bb5-1a871868fd09:c4953, abe1c95d-8ae2-42e9-9d83-236e3c187d51:c4953]
2019-07-09 04:31:44,441 INFO  client.GrpcClientProtocolClient (GrpcClientProtocolClient.java:onNext(255)) - client-859D8C9D7B89->65797d0d-2d4a-456d-9b24-1d63a5102722: receive RaftClientReply:client-859D8C9D7B89->65797d0d-2d4a-456d-9b24-1d63a5102722@group-BA7C392EEBCA, cid=3293, SUCCESS, logIndex=0, commits[65797d0d-2d4a-456d-9b24-1d63a5102722:c4959, aca3f3a4-0773-4ff1-9bb5-1a871868fd09:c4955, abe1c95d-8ae2-42e9-9d83-236e3c187d51:c4955]
2019-07-09 04:31:44,462 INFO  client.GrpcClientProtocolClient (GrpcClientProtocolClient.java:onNext(255)) - client-859D8C9D7B89->65797d0d-2d4a-456d-9b24-1d63a5102722: receive RaftClientReply:client-859D8C9D7B89->65797d0d-2d4a-456d-9b24-1d63a5102722@group-BA7C392EEBCA, cid=3294, SUCCESS, logIndex=4962, commits[65797d0d-2d4a-456d-9b24-1d63a5102722:c4963, aca3f3a4-0773-4ff1-9bb5-1a871868fd09:c4961, abe1c95d-8ae2-42e9-9d83-236e3c187d51:c4961]
2019-07-09 04:31:44,463 INFO  client.GrpcClientProtocolClient (GrpcClientProtocolClient.java:onNext(255)) - client-859D8C9D7B89->65797d0d-2d4a-456d-9b24-1d63a5102722: receive RaftClientReply:client-859D8C9D7B89->65797d0d-2d4a-456d-9b24-1d63a5102722@group-BA7C392EEBCA, cid=3295, SUCCESS, logIndex=4963, commits[65797d0d-2d4a-456d-9b24-1d63a5102722:c4963, aca3f3a4-0773-4ff1-9bb5-1a871868fd09:c4961, abe1c95d-8ae2-42e9-9d83-236e3c187d51:c4961]
2019-07-09 04:31:44,476 INFO  client.GrpcClientProtocolClient (GrpcClientProtocolClient.java:onNext(255)) - client-859D8C9D7B89->65797d0d-2d4a-456d-9b24-1d63a5102722: receive RaftClientReply:client-859D8C9D7B89->65797d0d-2d4a-456d-9b24-1d63a5102722@group-BA7C392EEBCA, cid=3296, SUCCESS, logIndex=4966, commits[65797d0d-2d4a-456d-9b24-1d63a5102722:c4967, aca3f3a4-0773-4ff1-9bb5-1a871868fd09:c4963, abe1c95d-8ae2-42e9-9d83-236e3c187d51:c4963]
2019-07-09 04:31:44,477 INFO  client.GrpcClientProtocolClient (GrpcClientProtocolClient.java:onNext(255)) - client-859D8C9D7B89->65797d0d-2d4a-456d-9b24-1d63a5102722: receive RaftClientReply:client-859D8C9D7B89->65797d0d-2d4a-456d-9b24-1d63a5102722@group-BA7C392EEBCA, cid=3297, SUCCESS, logIndex=4967, commits[65797d0d-2d4a-456d-9b24-1d63a5102722:c4967, aca3f3a4-0773-4ff1-9bb5-1a871868fd09:c4963, abe1c95d-8ae2-42e9-9d83-236e3c187d51:c4963]
 0.00% |█                                                                                                    |  0/1 Time: 0:00:292019-07-09 04:31:44,490 INFO  client.GrpcClientProtocolClient (GrpcClientProtocolClient.java:onNext(255)) - client-859D8C9D7B89->65797d0d-2d4a-456d-9b24-1d63a5102722: receive RaftClientReply:client-859D8C9D7B89->65797d0d-2d4a-456d-9b24-1d63a5102722@group-BA7C392EEBCA, cid=3298, SUCCESS, logIndex=0, commits[65797d0d-2d4a-456d-9b24-1d63a5102722:c4969, aca3f3a4-0773-4ff1-9bb5-1a871868fd09:c4967, abe1c95d-8ae2-42e9-9d83-236e3c187d51:c4967]
2019-07-09 04:31:44,523 INFO  client.GrpcClientProtocolClient (GrpcClientProtocolClient.java:onNext(255)) - client-859D8C9D7B89->65797d0d-2d4a-456d-9b24-1d63a5102722: receive RaftClientReply:client-859D8C9D7B89->65797d0d-2d4a-456d-9b24-1d63a5102722@group-BA7C392EEBCA, cid=3299, SUCCESS, logIndex=4970, commits[65797d0d-2d4a-456d-9b24-1d63a5102722:c4971, aca3f3a4-0773-4ff1-9bb5-1a871868fd09:c4969, abe1c95d-8ae2-42e9-9d83-236e3c187d51:c4969]
2019-07-09 04:31:44,524 INFO  client.GrpcClientProtocolClient (GrpcClientProtocolClient.java:onNext(255)) - client-859D8C9D7B89->65797d0d-2d4a-456d-9b24-1d63a5102722: receive RaftClientReply:client-859D8C9D7B89->65797d0d-2d4a-456d-9b24-1d63a5102722@group-BA7C392EEBCA, cid=3300, SUCCESS, logIndex=4971, commits[65797d0d-2d4a-456d-9b24-1d63a5102722:c4971, aca3f3a4-0773-4ff1-9bb5-1a871868fd09:c4969, abe1c95d-8ae2-42e9-9d83-236e3c187d51:c4969]
2019-07-09 04:31:44,524 INFO  client.GrpcClientProtocolClient (GrpcClientProtocolClient.java:onNext(255)) - client-859D8C9D7B89->65797d0d-2d4a-456d-9b24-1d63a5102722: receive RaftClientReply:client-859D8C9D7B89->65797d0d-2d4a-456d-9b24-1d63a5102722@group-BA7C392EEBCA, cid=3301, SUCCESS, logIndex=4972, commits[65797d0d-2d4a-456d-9b24-1d63a5102722:c4973, aca3f3a4-0773-4ff1-9bb5-1a871868fd09:c4969, abe1c95d-8ae2-42e9-9d83-236e3c187d51:c4969]
2019-07-09 04:31:44,525 INFO  client.GrpcClientProtocolClient (GrpcClientProtocolClient.java:onNext(255)) - client-859D8C9D7B89->65797d0d-2d4a-456d-9b24-1d63a5102722: receive RaftClientReply:client-859D8C9D7B89->65797d0d-2d4a-456d-9b24-1d63a5102722@group-BA7C392EEBCA, cid=3302, SUCCESS, logIndex=4973, commits[65797d0d-2d4a-456d-9b24-1d63a5102722:c4973, aca3f3a4-0773-4ff1-9bb5-1a871868fd09:c4969, abe1c95d-8ae2-42e9-9d83-236e3c187d51:c4969]
2019-07-09 04:31:44,526 INFO  client.GrpcClientProtocolClient (GrpcClientProtocolClient.java:onNext(255)) - client-859D8C9D7B89->65797d0d-2d4a-456d-9b24-1d63a5102722: receive RaftClientReply:client-859D8C9D7B89->65797d0d-2d4a-456d-9b24-1d63a5102722@group-BA7C392EEBCA, cid=3303, SUCCESS, logIndex=0, commits[65797d0d-2d4a-456d-9b24-1d63a5102722:c4975, aca3f3a4-0773-4ff1-9bb5-1a871868fd09:c4971, abe1c95d-8ae2-42e9-9d83-236e3c187d51:c4971]
2019-07-09 04:31:44,550 INFO  client.GrpcClientProtocolClient (GrpcClientProtocolClient.java:onNext(255)) - client-859D8C9D7B89->65797d0d-2d4a-456d-9b24-1d63a5102722: receive RaftClientReply:client-859D8C9D7B89->65797d0d-2d4a-456d-9b24-1d63a5102722@group-BA7C392EEBCA, cid=3304, SUCCESS, logIndex=4978, commits[65797d0d-2d4a-456d-9b24-1d63a5102722:c4979, aca3f3a4-0773-4ff1-9bb5-1a871868fd09:c4977, abe1c95d-8ae2-42e9-9d83-236e3c187d51:c4977]
2019-07-09 04:31:44,551 INFO  client.GrpcClientProtocolClient (GrpcClientProtocolClient.java:onNext(255)) - client-859D8C9D7B89->65797d0d-2d4a-456d-9b24-1d63a5102722: receive RaftClientReply:client-859D8C9D7B89->65797d0d-2d4a-456d-9b24-1d63a5102722@group-BA7C392EEBCA, cid=3305, SUCCESS, logIndex=4979, commits[65797d0d-2d4a-456d-9b24-1d63a5102722:c4979, aca3f3a4-0773-4ff1-9bb5-1a871868fd09:c4977, abe1c95d-8ae2-42e9-9d83-236e3c187d51:c4977]
2019-07-09 04:31:44,572 INFO  client.GrpcClientProtocolClient (GrpcClientProtocolClient.java:onNext(255)) - client-859D8C9D7B89->65797d0d-2d4a-456d-9b24-1d63a5102722: receive RaftClientReply:client-859D8C9D7B89->65797d0d-2d4a-456d-9b24-1d63a5102722@group-BA7C392EEBCA, cid=3306, SUCCESS, logIndex=4982, commits[65797d0d-2d4a-456d-9b24-1d63a5102722:c4983, aca3f3a4-0773-4ff1-9bb5-1a871868fd09:c4981, abe1c95d-8ae2-42e9-9d83-236e3c187d51:c4981]
2019-07-09 04:31:44,573 INFO  client.GrpcClientProtocolClient (GrpcClientProtocolClient.java:onNext(255)) - client-859D8C9D7B89->65797d0d-2d4a-456d-9b24-1d63a5102722: receive RaftClientReply:client-859D8C9D7B89->65797d0d-2d4a-456d-9b24-1d63a5102722@group-BA7C392EEBCA, cid=3307, SUCCESS, logIndex=4983, commits[65797d0d-2d4a-456d-9b24-1d63a5102722:c4983, aca3f3a4-0773-4ff1-9bb5-1a871868fd09:c4981, abe1c95d-8ae2-42e9-9d83-236e3c187d51:c4981]
2019-07-09 04:31:44,585 INFO  client.GrpcClientProtocolClient (GrpcClientProtocolClient.java:onNext(255)) - client-859D8C9D7B89->65797d0d-2d4a-456d-9b24-1d63a5102722: receive RaftClientReply:client-859D8C9D7B89->65797d0d-2d4a-456d-9b24-1d63a5102722@group-BA7C392EEBCA, cid=3308, SUCCESS, logIndex=0, commits[65797d0d-2d4a-456d-9b24-1d63a5102722:c4985, aca3f3a4-0773-4ff1-9bb5-1a871868fd09:c4983, abe1c95d-8ae2-42e9-9d83-236e3c187d51:c4983]
2019-07-09 04:31:44,617 INFO  client.GrpcClientProtocolClient (GrpcClientProtocolClient.java:onNext(255)) - client-859D8C9D7B89->65797d0d-2d4a-456d-9b24-1d63a5102722: receive RaftClientReply:client-859D8C9D7B89->65797d0d-2d4a-456d-9b24-1d63a5102722@group-BA7C392EEBCA, cid=3309, SUCCESS, logIndex=4986, commits[65797d0d-2d4a-456d-9b24-1d63a5102722:c4987, aca3f3a4-0773-4ff1-9bb5-1a871868fd09:c4985, abe1c95d-8ae2-42e9-9d83-236e3c187d51:c4985]
2019-07-09 04:31:44,618 INFO  client.GrpcClientProtocolClient (GrpcClientProtocolClient.java:onNext(255)) - client-859D8C9D7B89->65797d0d-2d4a-456d-9b24-1d63a5102722: receive RaftClientReply:client-859D8C9D7B89->65797d0d-2d4a-456d-9b24-1d63a5102722@group-BA7C392EEBCA, cid=3310, SUCCESS, logIndex=4987, commits[65797d0d-2d4a-456d-9b24-1d63a5102722:c4987, aca3f3a4-0773-4ff1-9bb5-1a871868fd09:c4985, abe1c95d-8ae2-42e9-9d83-236e3c187d51:c4985]
2019-07-09 04:31:44,618 INFO  client.GrpcClientProtocolClient (GrpcClientProtocolClient.java:onNext(255)) - client-859D8C9D7B89->65797d0d-2d4a-456d-9b24-1d63a5102722: receive RaftClientReply:client-859D8C9D7B89->65797d0d-2d4a-456d-9b24-1d63a5102722@group-BA7C392EEBCA, cid=3311, SUCCESS, logIndex=4988, commits[65797d0d-2d4a-456d-9b24-1d63a5102722:c4989, aca3f3a4-0773-4ff1-9bb5-1a871868fd09:c4985, abe1c95d-8ae2-42e9-9d83-236e3c187d51:c4985]
2019-07-09 04:31:44,619 INFO  client.GrpcClientProtocolClient (GrpcClientProtocolClient.java:onNext(255)) - client-859D8C9D7B89->65797d0d-2d4a-456d-9b24-1d63a5102722: receive RaftClientReply:client-859D8C9D7B89->65797d0d-2d4a-456d-9b24-1d63a5102722@group-BA7C392EEBCA, cid=3312, SUCCESS, logIndex=4989, commits[65797d0d-2d4a-456d-9b24-1d63a5102722:c4989, aca3f3a4-0773-4ff1-9bb5-1a871868fd09:c4985, abe1c95d-8ae2-42e9-9d83-236e3c187d51:c4985]
2019-07-09 04:31:44,633 INFO  client.GrpcClientProtocolClient (GrpcClientProtocolClient.java:onNext(255)) - client-859D8C9D7B89->65797d0d-2d4a-456d-9b24-1d63a5102722: receive RaftClientReply:client-859D8C9D7B89->65797d0d-2d4a-456d-9b24-1d63a5102722@group-BA7C392EEBCA, cid=3313, SUCCESS, logIndex=0, commits[65797d0d-2d4a-456d-9b24-1d63a5102722:c4991, aca3f3a4-0773-4ff1-9bb5-1a871868fd09:c4987, abe1c95d-8ae2-42e9-9d83-236e3c187d51:c4987]
2019-07-09 04:31:44,653 INFO  client.GrpcClientProtocolClient (GrpcClientProtocolClient.java:onNext(255)) - client-859D8C9D7B89->65797d0d-2d4a-456d-9b24-1d63a5102722: receive RaftClientReply:client-859D8C9D7B89->65797d0d-2d4a-456d-9b24-1d63a5102722@group-BA7C392EEBCA, cid=3314, SUCCESS, logIndex=4994, commits[65797d0d-2d4a-456d-9b24-1d63a5102722:c4994, aca3f3a4-0773-4ff1-9bb5-1a871868fd09:c4993, abe1c95d-8ae2-42e9-9d83-236e3c187d51:c4993]
2019-07-09 04:31:44,654 INFO  client.GrpcClientProtocolClient (GrpcClientProtocolClient.java:onNext(255)) - client-859D8C9D7B89->65797d0d-2d4a-456d-9b24-1d63a5102722: receive RaftClientReply:client-859D8C9D7B89->65797d0d-2d4a-456d-9b24-1d63a5102722@group-BA7C392EEBCA, cid=3315, SUCCESS, logIndex=4995, commits[65797d0d-2d4a-456d-9b24-1d63a5102722:c4995, aca3f3a4-0773-4ff1-9bb5-1a871868fd09:c4993, abe1c95d-8ae2-42e9-9d83-236e3c187d51:c4993]
2019-07-09 04:31:44,667 INFO  client.GrpcClientProtocolClient (GrpcClientProtocolClient.java:onNext(255)) - client-859D8C9D7B89->65797d0d-2d4a-456d-9b24-1d63a5102722: receive RaftClientReply:client-859D8C9D7B89->65797d0d-2d4a-456d-9b24-1d63a5102722@group-BA7C392EEBCA, cid=3316, SUCCESS, logIndex=4998, commits[65797d0d-2d4a-456d-9b24-1d63a5102722:c4999, aca3f3a4-0773-4ff1-9bb5-1a871868fd09:c4994, abe1c95d-8ae2-42e9-9d83-236e3c187d51:c4995]
2019-07-09 04:31:44,668 INFO  client.GrpcClientProtocolClient (GrpcClientProtocolClient.java:onNext(255)) - client-859D8C9D7B89->65797d0d-2d4a-456d-9b24-1d63a5102722: receive RaftClientReply:client-859D8C9D7B89->65797d0d-2d4a-456d-9b24-1d63a5102722@group-BA7C392EEBCA, cid=3317, SUCCESS, logIndex=4999, commits[65797d0d-2d4a-456d-9b24-1d63a5102722:c4999, aca3f3a4-0773-4ff1-9bb5-1a871868fd09:c4995, abe1c95d-8ae2-42e9-9d83-236e3c187d51:c4995]
2019-07-09 04:31:44,669 INFO  client.GrpcClientProtocolClient (GrpcClientProtocolClient.java:onNext(255)) - client-859D8C9D7B89->65797d0d-2d4a-456d-9b24-1d63a5102722: receive RaftClientReply:client-859D8C9D7B89->65797d0d-2d4a-456d-9b24-1d63a5102722@group-BA7C392EEBCA, cid=3318, SUCCESS, logIndex=0, commits[65797d0d-2d4a-456d-9b24-1d63a5102722:c5000, aca3f3a4-0773-4ff1-9bb5-1a871868fd09:c4999, abe1c95d-8ae2-42e9-9d83-236e3c187d51:c4999]
2019-07-09 04:31:44,705 INFO  client.GrpcClientProtocolClient (GrpcClientProtocolClient.java:onNext(255)) - client-859D8C9D7B89->65797d0d-2d4a-456d-9b24-1d63a5102722: receive RaftClientReply:client-859D8C9D7B89->65797d0d-2d4a-456d-9b24-1d63a5102722@group-BA7C392EEBCA, cid=3319, SUCCESS, logIndex=5002, commits[65797d0d-2d4a-456d-9b24-1d63a5102722:c5004, aca3f3a4-0773-4ff1-9bb5-1a871868fd09:c5001, abe1c95d-8ae2-42e9-9d83-236e3c187d51:c5001]
2019-07-09 04:31:44,705 INFO  client.GrpcClientProtocolClient (GrpcClientProtocolClient.java:onNext(255)) - client-859D8C9D7B89->65797d0d-2d4a-456d-9b24-1d63a5102722: receive RaftClientReply:client-859D8C9D7B89->65797d0d-2d4a-456d-9b24-1d63a5102722@group-BA7C392EEBCA, cid=3320, SUCCESS, logIndex=5003, commits[65797d0d-2d4a-456d-9b24-1d63a5102722:c5005, aca3f3a4-0773-4ff1-9bb5-1a871868fd09:c5001, abe1c95d-8ae2-42e9-9d83-236e3c187d51:c5001]
2019-07-09 04:31:44,706 INFO  client.GrpcClientProtocolClient (GrpcClientProtocolClient.java:onNext(255)) - client-859D8C9D7B89->65797d0d-2d4a-456d-9b24-1d63a5102722: receive RaftClientReply:client-859D8C9D7B89->65797d0d-2d4a-456d-9b24-1d63a5102722@group-BA7C392EEBCA, cid=3321, SUCCESS, logIndex=5004, commits[65797d0d-2d4a-456d-9b24-1d63a5102722:c5005, aca3f3a4-0773-4ff1-9bb5-1a871868fd09:c5001, abe1c95d-8ae2-42e9-9d83-236e3c187d51:c5001]
2019-07-09 04:31:44,706 INFO  client.GrpcClientProtocolClient (GrpcClientProtocolClient.java:onNext(255)) - client-859D8C9D7B89->65797d0d-2d4a-456d-9b24-1d63a5102722: receive RaftClientReply:client-859D8C9D7B89->65797d0d-2d4a-456d-9b24-1d63a5102722@group-BA7C392EEBCA, cid=3322, SUCCESS, logIndex=5005, commits[65797d0d-2d4a-456d-9b24-1d63a5102722:c5005, aca3f3a4-0773-4ff1-9bb5-1a871868fd09:c5001, abe1c95d-8ae2-42e9-9d83-236e3c187d51:c5001]
2019-07-09 04:31:44,707 INFO  client.GrpcClientProtocolClient (GrpcClientProtocolClient.java:onNext(255)) - client-859D8C9D7B89->65797d0d-2d4a-456d-9b24-1d63a5102722: receive RaftClientReply:client-859D8C9D7B89->65797d0d-2d4a-456d-9b24-1d63a5102722@group-BA7C392EEBCA, cid=3323, SUCCESS, logIndex=0, commits[65797d0d-2d4a-456d-9b24-1d63a5102722:c5007, aca3f3a4-0773-4ff1-9bb5-1a871868fd09:c5003, abe1c95d-8ae2-42e9-9d83-236e3c187d51:c5003]
2019-07-09 04:31:44,726 INFO  client.GrpcClientProtocolClient (GrpcClientProtocolClient.java:onNext(255)) - client-859D8C9D7B89->65797d0d-2d4a-456d-9b24-1d63a5102722: receive RaftClientReply:client-859D8C9D7B89->65797d0d-2d4a-456d-9b24-1d63a5102722@group-BA7C392EEBCA, cid=3324, SUCCESS, logIndex=5010, commits[65797d0d-2d4a-456d-9b24-1d63a5102722:c5011, aca3f3a4-0773-4ff1-9bb5-1a871868fd09:c5009, abe1c95d-8ae2-42e9-9d83-236e3c187d51:c5009]
2019-07-09 04:31:44,726 INFO  client.GrpcClientProtocolClient (GrpcClientProtocolClient.java:onNext(255)) - client-859D8C9D7B89->65797d0d-2d4a-456d-9b24-1d63a5102722: receive RaftClientReply:client-859D8C9D7B89->65797d0d-2d4a-456d-9b24-1d63a5102722@group-BA7C392EEBCA, cid=3325, SUCCESS, logIndex=5011, commits[65797d0d-2d4a-456d-9b24-1d63a5102722:c5011, aca3f3a4-0773-4ff1-9bb5-1a871868fd09:c5009, abe1c95d-8ae2-42e9-9d83-236e3c187d51:c5009]
2019-07-09 04:31:44,755 INFO  client.GrpcClientProtocolClient (GrpcClientProtocolClient.java:onNext(255)) - client-859D8C9D7B89->65797d0d-2d4a-456d-9b24-1d63a5102722: receive RaftClientReply:client-859D8C9D7B89->65797d0d-2d4a-456d-9b24-1d63a5102722@group-BA7C392EEBCA, cid=3326, SUCCESS, logIndex=5014, commits[65797d0d-2d4a-456d-9b24-1d63a5102722:c5015, aca3f3a4-0773-4ff1-9bb5-1a871868fd09:c5011, abe1c95d-8ae2-42e9-9d83-236e3c187d51:c5011]
2019-07-09 04:31:44,755 INFO  client.GrpcClientProtocolClient (GrpcClientProtocolClient.java:onNext(255)) - client-859D8C9D7B89->65797d0d-2d4a-456d-9b24-1d63a5102722: receive RaftClientReply:client-859D8C9D7B89->65797d0d-2d4a-456d-9b24-1d63a5102722@group-BA7C392EEBCA, cid=3327, SUCCESS, logIndex=5015, commits[65797d0d-2d4a-456d-9b24-1d63a5102722:c5015, aca3f3a4-0773-4ff1-9bb5-1a871868fd09:c5011, abe1c95d-8ae2-42e9-9d83-236e3c187d51:c5011]
2019-07-09 04:31:44,768 INFO  client.GrpcClientProtocolClient (GrpcClientProtocolClient.java:onNext(255)) - client-859D8C9D7B89->65797d0d-2d4a-456d-9b24-1d63a5102722: receive RaftClientReply:client-859D8C9D7B89->65797d0d-2d4a-456d-9b24-1d63a5102722@group-BA7C392EEBCA, cid=3328, SUCCESS, logIndex=0, commits[65797d0d-2d4a-456d-9b24-1d63a5102722:c5017, aca3f3a4-0773-4ff1-9bb5-1a871868fd09:c5015, abe1c95d-8ae2-42e9-9d83-236e3c187d51:c5015]
2019-07-09 04:31:44,824 INFO  client.GrpcClientProtocolClient (GrpcClientProtocolClient.java:onNext(255)) - client-859D8C9D7B89->65797d0d-2d4a-456d-9b24-1d63a5102722: receive RaftClientReply:client-859D8C9D7B89->65797d0d-2d4a-456d-9b24-1d63a5102722@group-BA7C392EEBCA, cid=3329, SUCCESS, logIndex=5018, commits[65797d0d-2d4a-456d-9b24-1d63a5102722:c5019, aca3f3a4-0773-4ff1-9bb5-1a871868fd09:c5017, abe1c95d-8ae2-42e9-9d83-236e3c187d51:c5017]
2019-07-09 04:31:44,825 INFO  client.GrpcClientProtocolClient (GrpcClientProtocolClient.java:onNext(255)) - client-859D8C9D7B89->65797d0d-2d4a-456d-9b24-1d63a5102722: receive RaftClientReply:client-859D8C9D7B89->65797d0d-2d4a-456d-9b24-1d63a5102722@group-BA7C392EEBCA, cid=3330, SUCCESS, logIndex=5019, commits[65797d0d-2d4a-456d-9b24-1d63a5102722:c5019, aca3f3a4-0773-4ff1-9bb5-1a871868fd09:c5017, abe1c95d-8ae2-42e9-9d83-236e3c187d51:c5017]
2019-07-09 04:31:44,825 INFO  client.GrpcClientProtocolClient (GrpcClientProtocolClient.java:onNext(255)) - client-859D8C9D7B89->65797d0d-2d4a-456d-9b24-1d63a5102722: receive RaftClientReply:client-859D8C9D7B89->65797d0d-2d4a-456d-9b24-1d63a5102722@group-BA7C392EEBCA, cid=3331, SUCCESS, logIndex=5020, commits[65797d0d-2d4a-456d-9b24-1d63a5102722:c5021, aca3f3a4-0773-4ff1-9bb5-1a871868fd09:c5017, abe1c95d-8ae2-42e9-9d83-236e3c187d51:c5017]
2019-07-09 04:31:44,825 INFO  client.GrpcClientProtocolClient (GrpcClientProtocolClient.java:onNext(255)) - client-859D8C9D7B89->65797d0d-2d4a-456d-9b24-1d63a5102722: receive RaftClientReply:client-859D8C9D7B89->65797d0d-2d4a-456d-9b24-1d63a5102722@group-BA7C392EEBCA, cid=3332, SUCCESS, logIndex=5021, commits[65797d0d-2d4a-456d-9b24-1d63a5102722:c5021, aca3f3a4-0773-4ff1-9bb5-1a871868fd09:c5017, abe1c95d-8ae2-42e9-9d83-236e3c187d51:c5017]
2019-07-09 04:31:44,826 INFO  client.GrpcClientProtocolClient (GrpcClientProtocolClient.java:onNext(255)) - client-859D8C9D7B89->65797d0d-2d4a-456d-9b24-1d63a5102722: receive RaftClientReply:client-859D8C9D7B89->65797d0d-2d4a-456d-9b24-1d63a5102722@group-BA7C392EEBCA, cid=3333, SUCCESS, logIndex=0, commits[65797d0d-2d4a-456d-9b24-1d63a5102722:c5023, aca3f3a4-0773-4ff1-9bb5-1a871868fd09:c5019, abe1c95d-8ae2-42e9-9d83-236e3c187d51:c5019]
2019-07-09 04:31:44,848 INFO  client.GrpcClientProtocolClient (GrpcClientProtocolClient.java:onNext(255)) - client-859D8C9D7B89->65797d0d-2d4a-456d-9b24-1d63a5102722: receive RaftClientReply:client-859D8C9D7B89->65797d0d-2d4a-456d-9b24-1d63a5102722@group-BA7C392EEBCA, cid=3334, SUCCESS, logIndex=5025, commits[65797d0d-2d4a-456d-9b24-1d63a5102722:c5026, aca3f3a4-0773-4ff1-9bb5-1a871868fd09:c5024, abe1c95d-8ae2-42e9-9d83-236e3c187d51:c5024]
2019-07-09 04:31:44,849 INFO  client.GrpcClientProtocolClient (GrpcClientProtocolClient.java:onNext(255)) - client-859D8C9D7B89->65797d0d-2d4a-456d-9b24-1d63a5102722: receive RaftClientReply:client-859D8C9D7B89->65797d0d-2d4a-456d-9b24-1d63a5102722@group-BA7C392EEBCA, cid=3335, SUCCESS, logIndex=5026, commits[65797d0d-2d4a-456d-9b24-1d63a5102722:c5026, aca3f3a4-0773-4ff1-9bb5-1a871868fd09:c5024, abe1c95d-8ae2-42e9-9d83-236e3c187d51:c5024]
2019-07-09 04:31:44,862 INFO  client.GrpcClientProtocolClient (GrpcClientProtocolClient.java:onNext(255)) - client-859D8C9D7B89->65797d0d-2d4a-456d-9b24-1d63a5102722: receive RaftClientReply:client-859D8C9D7B89->65797d0d-2d4a-456d-9b24-1d63a5102722@group-BA7C392EEBCA, cid=3336, SUCCESS, logIndex=5029, commits[65797d0d-2d4a-456d-9b24-1d63a5102722:c5030, aca3f3a4-0773-4ff1-9bb5-1a871868fd09:c5025, abe1c95d-8ae2-42e9-9d83-236e3c187d51:c5026]
2019-07-09 04:31:44,862 INFO  client.GrpcClientProtocolClient (GrpcClientProtocolClient.java:onNext(255)) - client-859D8C9D7B89->65797d0d-2d4a-456d-9b24-1d63a5102722: receive RaftClientReply:client-859D8C9D7B89->65797d0d-2d4a-456d-9b24-1d63a5102722@group-BA7C392EEBCA, cid=3337, SUCCESS, logIndex=5030, commits[65797d0d-2d4a-456d-9b24-1d63a5102722:c5030, aca3f3a4-0773-4ff1-9bb5-1a871868fd09:c5026, abe1c95d-8ae2-42e9-9d83-236e3c187d51:c5026]
2019-07-09 04:31:44,864 INFO  client.GrpcClientProtocolClient (GrpcClientProtocolClient.java:onNext(255)) - client-859D8C9D7B89->65797d0d-2d4a-456d-9b24-1d63a5102722: receive RaftClientReply:client-859D8C9D7B89->65797d0d-2d4a-456d-9b24-1d63a5102722@group-BA7C392EEBCA, cid=3338, SUCCESS, logIndex=0, commits[65797d0d-2d4a-456d-9b24-1d63a5102722:c5031, aca3f3a4-0773-4ff1-9bb5-1a871868fd09:c5030, abe1c95d-8ae2-42e9-9d83-236e3c187d51:c5030]
2019-07-09 04:31:44,898 INFO  client.GrpcClientProtocolClient (GrpcClientProtocolClient.java:onNext(255)) - client-859D8C9D7B89->65797d0d-2d4a-456d-9b24-1d63a5102722: receive RaftClientReply:client-859D8C9D7B89->65797d0d-2d4a-456d-9b24-1d63a5102722@group-BA7C392EEBCA, cid=3339, SUCCESS, logIndex=5033, commits[65797d0d-2d4a-456d-9b24-1d63a5102722:c5034, aca3f3a4-0773-4ff1-9bb5-1a871868fd09:c5032, abe1c95d-8ae2-42e9-9d83-236e3c187d51:c5032]
2019-07-09 04:31:44,899 INFO  client.GrpcClientProtocolClient (GrpcClientProtocolClient.java:onNext(255)) - client-859D8C9D7B89->65797d0d-2d4a-456d-9b24-1d63a5102722: receive RaftClientReply:client-859D8C9D7B89->65797d0d-2d4a-456d-9b24-1d63a5102722@group-BA7C392EEBCA, cid=3340, SUCCESS, logIndex=5034, commits[65797d0d-2d4a-456d-9b24-1d63a5102722:c5034, aca3f3a4-0773-4ff1-9bb5-1a871868fd09:c5032, abe1c95d-8ae2-42e9-9d83-236e3c187d51:c5032]
2019-07-09 04:31:44,900 INFO  client.GrpcClientProtocolClient (GrpcClientProtocolClient.java:onNext(255)) - client-859D8C9D7B89->65797d0d-2d4a-456d-9b24-1d63a5102722: receive RaftClientReply:client-859D8C9D7B89->65797d0d-2d4a-456d-9b24-1d63a5102722@group-BA7C392EEBCA, cid=3341, SUCCESS, logIndex=5035, commits[65797d0d-2d4a-456d-9b24-1d63a5102722:c5036, aca3f3a4-0773-4ff1-9bb5-1a871868fd09:c5032, abe1c95d-8ae2-42e9-9d83-236e3c187d51:c5032]
2019-07-09 04:31:44,901 INFO  client.GrpcClientProtocolClient (GrpcClientProtocolClient.java:onNext(255)) - client-859D8C9D7B89->65797d0d-2d4a-456d-9b24-1d63a5102722: receive RaftClientReply:client-859D8C9D7B89->65797d0d-2d4a-456d-9b24-1d63a5102722@group-BA7C392EEBCA, cid=3342, SUCCESS, logIndex=5036, commits[65797d0d-2d4a-456d-9b24-1d63a5102722:c5036, aca3f3a4-0773-4ff1-9bb5-1a871868fd09:c5032, abe1c95d-8ae2-42e9-9d83-236e3c187d51:c5032]
2019-07-09 04:31:44,902 INFO  client.GrpcClientProtocolClient (GrpcClientProtocolClient.java:onNext(255)) - client-859D8C9D7B89->65797d0d-2d4a-456d-9b24-1d63a5102722: receive RaftClientReply:client-859D8C9D7B89->65797d0d-2d4a-456d-9b24-1d63a5102722@group-BA7C392EEBCA, cid=3343, SUCCESS, logIndex=0, commits[65797d0d-2d4a-456d-9b24-1d63a5102722:c5038, aca3f3a4-0773-4ff1-9bb5-1a871868fd09:c5034, abe1c95d-8ae2-42e9-9d83-236e3c187d51:c5034]
2019-07-09 04:31:44,924 INFO  client.GrpcClientProtocolClient (GrpcClientProtocolClient.java:onNext(255)) - client-859D8C9D7B89->65797d0d-2d4a-456d-9b24-1d63a5102722: receive RaftClientReply:client-859D8C9D7B89->65797d0d-2d4a-456d-9b24-1d63a5102722@group-BA7C392EEBCA, cid=3344, SUCCESS, logIndex=5041, commits[65797d0d-2d4a-456d-9b24-1d63a5102722:c5042, aca3f3a4-0773-4ff1-9bb5-1a871868fd09:c5040, abe1c95d-8ae2-42e9-9d83-236e3c187d51:c5040]
2019-07-09 04:31:44,924 INFO  client.GrpcClientProtocolClient (GrpcClientProtocolClient.java:onNext(255)) - client-859D8C9D7B89->65797d0d-2d4a-456d-9b24-1d63a5102722: receive RaftClientReply:client-859D8C9D7B89->65797d0d-2d4a-456d-9b24-1d63a5102722@group-BA7C392EEBCA, cid=3345, SUCCESS, logIndex=5042, commits[65797d0d-2d4a-456d-9b24-1d63a5102722:c5042, aca3f3a4-0773-4ff1-9bb5-1a871868fd09:c5040, abe1c95d-8ae2-42e9-9d83-236e3c187d51:c5040]
2019-07-09 04:31:44,938 INFO  client.GrpcClientProtocolClient (GrpcClientProtocolClient.java:onNext(255)) - client-859D8C9D7B89->65797d0d-2d4a-456d-9b24-1d63a5102722: receive RaftClientReply:client-859D8C9D7B89->65797d0d-2d4a-456d-9b24-1d63a5102722@group-BA7C392EEBCA, cid=3346, SUCCESS, logIndex=5045, commits[65797d0d-2d4a-456d-9b24-1d63a5102722:c5046, aca3f3a4-0773-4ff1-9bb5-1a871868fd09:c5042, abe1c95d-8ae2-42e9-9d83-236e3c187d51:c5042]
2019-07-09 04:31:44,938 INFO  client.GrpcClientProtocolClient (GrpcClientProtocolClient.java:onNext(255)) - client-859D8C9D7B89->65797d0d-2d4a-456d-9b24-1d63a5102722: receive RaftClientReply:client-859D8C9D7B89->65797d0d-2d4a-456d-9b24-1d63a5102722@group-BA7C392EEBCA, cid=3347, SUCCESS, logIndex=5046, commits[65797d0d-2d4a-456d-9b24-1d63a5102722:c5046, aca3f3a4-0773-4ff1-9bb5-1a871868fd09:c5042, abe1c95d-8ae2-42e9-9d83-236e3c187d51:c5042]
2019-07-09 04:31:44,950 INFO  client.GrpcClientProtocolClient (GrpcClientProtocolClient.java:onNext(255)) - client-859D8C9D7B89->65797d0d-2d4a-456d-9b24-1d63a5102722: receive RaftClientReply:client-859D8C9D7B89->65797d0d-2d4a-456d-9b24-1d63a5102722@group-BA7C392EEBCA, cid=3348, SUCCESS, logIndex=0, commits[65797d0d-2d4a-456d-9b24-1d63a5102722:c5047, aca3f3a4-0773-4ff1-9bb5-1a871868fd09:c5046, abe1c95d-8ae2-42e9-9d83-236e3c187d51:c5046]
2019-07-09 04:31:44,985 INFO  client.GrpcClientProtocolClient (GrpcClientProtocolClient.java:onNext(255)) - client-859D8C9D7B89->65797d0d-2d4a-456d-9b24-1d63a5102722: receive RaftClientReply:client-859D8C9D7B89->65797d0d-2d4a-456d-9b24-1d63a5102722@group-BA7C392EEBCA, cid=3349, SUCCESS, logIndex=5049, commits[65797d0d-2d4a-456d-9b24-1d63a5102722:c5049, aca3f3a4-0773-4ff1-9bb5-1a871868fd09:c5048, abe1c95d-8ae2-42e9-9d83-236e3c187d51:c5048]
2019-07-09 04:31:44,986 INFO  client.GrpcClientProtocolClient (GrpcClientProtocolClient.java:onNext(255)) - client-859D8C9D7B89->65797d0d-2d4a-456d-9b24-1d63a5102722: receive RaftClientReply:client-859D8C9D7B89->65797d0d-2d4a-456d-9b24-1d63a5102722@group-BA7C392EEBCA, cid=3350, SUCCESS, logIndex=5050, commits[65797d0d-2d4a-456d-9b24-1d63a5102722:c5052, aca3f3a4-0773-4ff1-9bb5-1a871868fd09:c5048, abe1c95d-8ae2-42e9-9d83-236e3c187d51:c5048]
2019-07-09 04:31:44,987 INFO  client.GrpcClientProtocolClient (GrpcClientProtocolClient.java:onNext(255)) - client-859D8C9D7B89->65797d0d-2d4a-456d-9b24-1d63a5102722: receive RaftClientReply:client-859D8C9D7B89->65797d0d-2d4a-456d-9b24-1d63a5102722@group-BA7C392EEBCA, cid=3351, SUCCESS, logIndex=5051, commits[65797d0d-2d4a-456d-9b24-1d63a5102722:c5052, aca3f3a4-0773-4ff1-9bb5-1a871868fd09:c5048, abe1c95d-8ae2-42e9-9d83-236e3c187d51:c5048]
2019-07-09 04:31:44,987 INFO  client.GrpcClientProtocolClient (GrpcClientProtocolClient.java:onNext(255)) - client-859D8C9D7B89->65797d0d-2d4a-456d-9b24-1d63a5102722: receive RaftClientReply:client-859D8C9D7B89->65797d0d-2d4a-456d-9b24-1d63a5102722@group-BA7C392EEBCA, cid=3352, SUCCESS, logIndex=5052, commits[65797d0d-2d4a-456d-9b24-1d63a5102722:c5052, aca3f3a4-0773-4ff1-9bb5-1a871868fd09:c5048, abe1c95d-8ae2-42e9-9d83-236e3c187d51:c5048]
2019-07-09 04:31:45,000 INFO  client.GrpcClientProtocolClient (GrpcClientProtocolClient.java:onNext(255)) - client-859D8C9D7B89->65797d0d-2d4a-456d-9b24-1d63a5102722: receive RaftClientReply:client-859D8C9D7B89->65797d0d-2d4a-456d-9b24-1d63a5102722@group-BA7C392EEBCA, cid=3353, SUCCESS, logIndex=0, commits[65797d0d-2d4a-456d-9b24-1d63a5102722:c5054, aca3f3a4-0773-4ff1-9bb5-1a871868fd09:c5052, abe1c95d-8ae2-42e9-9d83-236e3c187d51:c5052]
2019-07-09 04:31:45,021 INFO  client.GrpcClientProtocolClient (GrpcClientProtocolClient.java:onNext(255)) - client-859D8C9D7B89->65797d0d-2d4a-456d-9b24-1d63a5102722: receive RaftClientReply:client-859D8C9D7B89->65797d0d-2d4a-456d-9b24-1d63a5102722@group-BA7C392EEBCA, cid=3354, SUCCESS, logIndex=5055, commits[65797d0d-2d4a-456d-9b24-1d63a5102722:c5056, aca3f3a4-0773-4ff1-9bb5-1a871868fd09:c5054, abe1c95d-8ae2-42e9-9d83-236e3c187d51:c5054]
2019-07-09 04:31:45,022 INFO  client.GrpcClientProtocolClient (GrpcClientProtocolClient.java:onNext(255)) - client-859D8C9D7B89->65797d0d-2d4a-456d-9b24-1d63a5102722: receive RaftClientReply:client-859D8C9D7B89->65797d0d-2d4a-456d-9b24-1d63a5102722@group-BA7C392EEBCA, cid=3355, SUCCESS, logIndex=5056, commits[65797d0d-2d4a-456d-9b24-1d63a5102722:c5056, aca3f3a4-0773-4ff1-9bb5-1a871868fd09:c5054, abe1c95d-8ae2-42e9-9d83-236e3c187d51:c5054]
2019-07-09 04:31:45,035 INFO  client.GrpcClientProtocolClient (GrpcClientProtocolClient.java:onNext(255)) - client-859D8C9D7B89->65797d0d-2d4a-456d-9b24-1d63a5102722: receive RaftClientReply:client-859D8C9D7B89->65797d0d-2d4a-456d-9b24-1d63a5102722@group-BA7C392EEBCA, cid=3356, SUCCESS, logIndex=5058, commits[65797d0d-2d4a-456d-9b24-1d63a5102722:c5059, aca3f3a4-0773-4ff1-9bb5-1a871868fd09:c5056, abe1c95d-8ae2-42e9-9d83-236e3c187d51:c5056]
2019-07-09 04:31:45,036 INFO  client.GrpcClientProtocolClient (GrpcClientProtocolClient.java:onNext(255)) - client-859D8C9D7B89->65797d0d-2d4a-456d-9b24-1d63a5102722: receive RaftClientReply:client-859D8C9D7B89->65797d0d-2d4a-456d-9b24-1d63a5102722@group-BA7C392EEBCA, cid=3357, SUCCESS, logIndex=5059, commits[65797d0d-2d4a-456d-9b24-1d63a5102722:c5059, aca3f3a4-0773-4ff1-9bb5-1a871868fd09:c5056, abe1c95d-8ae2-42e9-9d83-236e3c187d51:c5056]
2019-07-09 04:31:45,039 INFO  client.GrpcClientProtocolClient (GrpcClientProtocolClient.java:onNext(255)) - client-859D8C9D7B89->65797d0d-2d4a-456d-9b24-1d63a5102722: receive RaftClientReply:client-859D8C9D7B89->65797d0d-2d4a-456d-9b24-1d63a5102722@group-BA7C392EEBCA, cid=3358, SUCCESS, logIndex=0, commits[65797d0d-2d4a-456d-9b24-1d63a5102722:c5060, aca3f3a4-0773-4ff1-9bb5-1a871868fd09:c5059, abe1c95d-8ae2-42e9-9d83-236e3c187d51:c5059]
2019-07-09 04:31:45,194 INFO  client.GrpcClientProtocolClient (GrpcClientProtocolClient.java:onNext(255)) - client-859D8C9D7B89->65797d0d-2d4a-456d-9b24-1d63a5102722: receive RaftClientReply:client-859D8C9D7B89->65797d0d-2d4a-456d-9b24-1d63a5102722@group-BA7C392EEBCA, cid=3359, SUCCESS, logIndex=5062, commits[65797d0d-2d4a-456d-9b24-1d63a5102722:c5063, aca3f3a4-0773-4ff1-9bb5-1a871868fd09:c5061, abe1c95d-8ae2-42e9-9d83-236e3c187d51:c5061]
2019-07-09 04:31:45,195 INFO  client.GrpcClientProtocolClient (GrpcClientProtocolClient.java:onNext(255)) - client-859D8C9D7B89->65797d0d-2d4a-456d-9b24-1d63a5102722: receive RaftClientReply:client-859D8C9D7B89->65797d0d-2d4a-456d-9b24-1d63a5102722@group-BA7C392EEBCA, cid=3360, SUCCESS, logIndex=5063, commits[65797d0d-2d4a-456d-9b24-1d63a5102722:c5064, aca3f3a4-0773-4ff1-9bb5-1a871868fd09:c5061, abe1c95d-8ae2-42e9-9d83-236e3c187d51:c5061]
2019-07-09 04:31:45,195 INFO  client.GrpcClientProtocolClient (GrpcClientProtocolClient.java:onNext(255)) - client-859D8C9D7B89->65797d0d-2d4a-456d-9b24-1d63a5102722: receive RaftClientReply:client-859D8C9D7B89->65797d0d-2d4a-456d-9b24-1d63a5102722@group-BA7C392EEBCA, cid=3361, SUCCESS, logIndex=5064, commits[65797d0d-2d4a-456d-9b24-1d63a5102722:c5065, aca3f3a4-0773-4ff1-9bb5-1a871868fd09:c5061, abe1c95d-8ae2-42e9-9d83-236e3c187d51:c5061]
2019-07-09 04:31:45,196 INFO  client.GrpcClientProtocolClient (GrpcClientProtocolClient.java:onNext(255)) - client-859D8C9D7B89->65797d0d-2d4a-456d-9b24-1d63a5102722: receive RaftClientReply:client-859D8C9D7B89->65797d0d-2d4a-456d-9b24-1d63a5102722@group-BA7C392EEBCA, cid=3362, SUCCESS, logIndex=5065, commits[65797d0d-2d4a-456d-9b24-1d63a5102722:c5065, aca3f3a4-0773-4ff1-9bb5-1a871868fd09:c5061, abe1c95d-8ae2-42e9-9d83-236e3c187d51:c5061]
2019-07-09 04:31:45,197 INFO  client.GrpcClientProtocolClient (GrpcClientProtocolClient.java:onNext(255)) - client-859D8C9D7B89->65797d0d-2d4a-456d-9b24-1d63a5102722: receive RaftClientReply:client-859D8C9D7B89->65797d0d-2d4a-456d-9b24-1d63a5102722@group-BA7C392EEBCA, cid=3363, SUCCESS, logIndex=0, commits[65797d0d-2d4a-456d-9b24-1d63a5102722:c5068, aca3f3a4-0773-4ff1-9bb5-1a871868fd09:c5063, abe1c95d-8ae2-42e9-9d83-236e3c187d51:c5064]
2019-07-09 04:31:45,218 INFO  client.GrpcClientProtocolClient (GrpcClientProtocolClient.java:onNext(255)) - client-859D8C9D7B89->65797d0d-2d4a-456d-9b24-1d63a5102722: receive RaftClientReply:client-859D8C9D7B89->65797d0d-2d4a-456d-9b24-1d63a5102722@group-BA7C392EEBCA, cid=3364, SUCCESS, logIndex=5070, commits[65797d0d-2d4a-456d-9b24-1d63a5102722:c5071, aca3f3a4-0773-4ff1-9bb5-1a871868fd09:c5069, abe1c95d-8ae2-42e9-9d83-236e3c187d51:c5069]
2019-07-09 04:31:45,218 INFO  client.GrpcClientProtocolClient (GrpcClientProtocolClient.java:onNext(255)) - client-859D8C9D7B89->65797d0d-2d4a-456d-9b24-1d63a5102722: receive RaftClientReply:client-859D8C9D7B89->65797d0d-2d4a-456d-9b24-1d63a5102722@group-BA7C392EEBCA, cid=3365, SUCCESS, logIndex=5071, commits[65797d0d-2d4a-456d-9b24-1d63a5102722:c5071, aca3f3a4-0773-4ff1-9bb5-1a871868fd09:c5069, abe1c95d-8ae2-42e9-9d83-236e3c187d51:c5069]
2019-07-09 04:31:45,231 INFO  client.GrpcClientProtocolClient (GrpcClientProtocolClient.java:onNext(255)) - client-859D8C9D7B89->65797d0d-2d4a-456d-9b24-1d63a5102722: receive RaftClientReply:client-859D8C9D7B89->65797d0d-2d4a-456d-9b24-1d63a5102722@group-BA7C392EEBCA, cid=3366, SUCCESS, logIndex=5074, commits[65797d0d-2d4a-456d-9b24-1d63a5102722:c5075, aca3f3a4-0773-4ff1-9bb5-1a871868fd09:c5071, abe1c95d-8ae2-42e9-9d83-236e3c187d51:c5071]
2019-07-09 04:31:45,232 INFO  client.GrpcClientProtocolClient (GrpcClientProtocolClient.java:onNext(255)) - client-859D8C9D7B89->65797d0d-2d4a-456d-9b24-1d63a5102722: receive RaftClientReply:client-859D8C9D7B89->65797d0d-2d4a-456d-9b24-1d63a5102722@group-BA7C392EEBCA, cid=3367, SUCCESS, logIndex=5075, commits[65797d0d-2d4a-456d-9b24-1d63a5102722:c5075, aca3f3a4-0773-4ff1-9bb5-1a871868fd09:c5071, abe1c95d-8ae2-42e9-9d83-236e3c187d51:c5071]
2019-07-09 04:31:45,242 INFO  client.GrpcClientProtocolClient (GrpcClientProtocolClient.java:onNext(255)) - client-859D8C9D7B89->65797d0d-2d4a-456d-9b24-1d63a5102722: receive RaftClientReply:client-859D8C9D7B89->65797d0d-2d4a-456d-9b24-1d63a5102722@group-BA7C392EEBCA, cid=3368, SUCCESS, logIndex=0, commits[65797d0d-2d4a-456d-9b24-1d63a5102722:c5076, aca3f3a4-0773-4ff1-9bb5-1a871868fd09:c5075, abe1c95d-8ae2-42e9-9d83-236e3c187d51:c5075]
2019-07-09 04:31:45,276 INFO  client.GrpcClientProtocolClient (GrpcClientProtocolClient.java:onNext(255)) - client-859D8C9D7B89->65797d0d-2d4a-456d-9b24-1d63a5102722: receive RaftClientReply:client-859D8C9D7B89->65797d0d-2d4a-456d-9b24-1d63a5102722@group-BA7C392EEBCA, cid=3369, SUCCESS, logIndex=5078, commits[65797d0d-2d4a-456d-9b24-1d63a5102722:c5079, aca3f3a4-0773-4ff1-9bb5-1a871868fd09:c5077, abe1c95d-8ae2-42e9-9d83-236e3c187d51:c5077]
2019-07-09 04:31:45,277 INFO  client.GrpcClientProtocolClient (GrpcClientProtocolClient.java:onNext(255)) - client-859D8C9D7B89->65797d0d-2d4a-456d-9b24-1d63a5102722: receive RaftClientReply:client-859D8C9D7B89->65797d0d-2d4a-456d-9b24-1d63a5102722@group-BA7C392EEBCA, cid=3370, SUCCESS, logIndex=5079, commits[65797d0d-2d4a-456d-9b24-1d63a5102722:c5081, aca3f3a4-0773-4ff1-9bb5-1a871868fd09:c5077, abe1c95d-8ae2-42e9-9d83-236e3c187d51:c5077]
2019-07-09 04:31:45,277 INFO  client.GrpcClientProtocolClient (GrpcClientProtocolClient.java:onNext(255)) - client-859D8C9D7B89->65797d0d-2d4a-456d-9b24-1d63a5102722: receive RaftClientReply:client-859D8C9D7B89->65797d0d-2d4a-456d-9b24-1d63a5102722@group-BA7C392EEBCA, cid=3371, SUCCESS, logIndex=5080, commits[65797d0d-2d4a-456d-9b24-1d63a5102722:c5081, aca3f3a4-0773-4ff1-9bb5-1a871868fd09:c5077, abe1c95d-8ae2-42e9-9d83-236e3c187d51:c5077]
2019-07-09 04:31:45,278 INFO  client.GrpcClientProtocolClient (GrpcClientProtocolClient.java:onNext(255)) - client-859D8C9D7B89->65797d0d-2d4a-456d-9b24-1d63a5102722: receive RaftClientReply:client-859D8C9D7B89->65797d0d-2d4a-456d-9b24-1d63a5102722@group-BA7C392EEBCA, cid=3372, SUCCESS, logIndex=5081, commits[65797d0d-2d4a-456d-9b24-1d63a5102722:c5081, aca3f3a4-0773-4ff1-9bb5-1a871868fd09:c5077, abe1c95d-8ae2-42e9-9d83-236e3c187d51:c5077]
2019-07-09 04:31:45,291 INFO  client.GrpcClientProtocolClient (GrpcClientProtocolClient.java:onNext(255)) - client-859D8C9D7B89->65797d0d-2d4a-456d-9b24-1d63a5102722: receive RaftClientReply:client-859D8C9D7B89->65797d0d-2d4a-456d-9b24-1d63a5102722@group-BA7C392EEBCA, cid=3373, SUCCESS, logIndex=0, commits[65797d0d-2d4a-456d-9b24-1d63a5102722:c5085, aca3f3a4-0773-4ff1-9bb5-1a871868fd09:c5079, abe1c95d-8ae2-42e9-9d83-236e3c187d51:c5081]
2019-07-09 04:31:45,310 INFO  client.GrpcClientProtocolClient (GrpcClientProtocolClient.java:onNext(255)) - client-859D8C9D7B89->65797d0d-2d4a-456d-9b24-1d63a5102722: receive RaftClientReply:client-859D8C9D7B89->65797d0d-2d4a-456d-9b24-1d63a5102722@group-BA7C392EEBCA, cid=3374, SUCCESS, logIndex=5086, commits[65797d0d-2d4a-456d-9b24-1d63a5102722:c5087, aca3f3a4-0773-4ff1-9bb5-1a871868fd09:c5085, abe1c95d-8ae2-42e9-9d83-236e3c187d51:c5085]
2019-07-09 04:31:45,311 INFO  client.GrpcClientProtocolClient (GrpcClientProtocolClient.java:onNext(255)) - client-859D8C9D7B89->65797d0d-2d4a-456d-9b24-1d63a5102722: receive RaftClientReply:client-859D8C9D7B89->65797d0d-2d4a-456d-9b24-1d63a5102722@group-BA7C392EEBCA, cid=3375, SUCCESS, logIndex=5087, commits[65797d0d-2d4a-456d-9b24-1d63a5102722:c5087, aca3f3a4-0773-4ff1-9bb5-1a871868fd09:c5085, abe1c95d-8ae2-42e9-9d83-236e3c187d51:c5085]
2019-07-09 04:31:45,334 INFO  client.GrpcClientProtocolClient (GrpcClientProtocolClient.java:onNext(255)) - client-859D8C9D7B89->65797d0d-2d4a-456d-9b24-1d63a5102722: receive RaftClientReply:client-859D8C9D7B89->65797d0d-2d4a-456d-9b24-1d63a5102722@group-BA7C392EEBCA, cid=3376, SUCCESS, logIndex=5090, commits[65797d0d-2d4a-456d-9b24-1d63a5102722:c5091, aca3f3a4-0773-4ff1-9bb5-1a871868fd09:c5087, abe1c95d-8ae2-42e9-9d83-236e3c187d51:c5086]
2019-07-09 04:31:45,335 INFO  client.GrpcClientProtocolClient (GrpcClientProtocolClient.java:onNext(255)) - client-859D8C9D7B89->65797d0d-2d4a-456d-9b24-1d63a5102722: receive RaftClientReply:client-859D8C9D7B89->65797d0d-2d4a-456d-9b24-1d63a5102722@group-BA7C392EEBCA, cid=3377, SUCCESS, logIndex=5091, commits[65797d0d-2d4a-456d-9b24-1d63a5102722:c5091, aca3f3a4-0773-4ff1-9bb5-1a871868fd09:c5087, abe1c95d-8ae2-42e9-9d83-236e3c187d51:c5087]
2019-07-09 04:31:45,346 INFO  client.GrpcClientProtocolClient (GrpcClientProtocolClient.java:onNext(255)) - client-859D8C9D7B89->65797d0d-2d4a-456d-9b24-1d63a5102722: receive RaftClientReply:client-859D8C9D7B89->65797d0d-2d4a-456d-9b24-1d63a5102722@group-BA7C392EEBCA, cid=3378, SUCCESS, logIndex=0, commits[65797d0d-2d4a-456d-9b24-1d63a5102722:c5092, aca3f3a4-0773-4ff1-9bb5-1a871868fd09:c5091, abe1c95d-8ae2-42e9-9d83-236e3c187d51:c5091]
2019-07-09 04:31:45,391 INFO  client.GrpcClientProtocolClient (GrpcClientProtocolClient.java:onNext(255)) - client-859D8C9D7B89->65797d0d-2d4a-456d-9b24-1d63a5102722: receive RaftClientReply:client-859D8C9D7B89->65797d0d-2d4a-456d-9b24-1d63a5102722@group-BA7C392EEBCA, cid=3379, SUCCESS, logIndex=5093, commits[65797d0d-2d4a-456d-9b24-1d63a5102722:c5094, aca3f3a4-0773-4ff1-9bb5-1a871868fd09:c5092, abe1c95d-8ae2-42e9-9d83-236e3c187d51:c5092]
2019-07-09 04:31:45,391 INFO  client.GrpcClientProtocolClient (GrpcClientProtocolClient.java:onNext(255)) - client-859D8C9D7B89->65797d0d-2d4a-456d-9b24-1d63a5102722: receive RaftClientReply:client-859D8C9D7B89->65797d0d-2d4a-456d-9b24-1d63a5102722@group-BA7C392EEBCA, cid=3380, SUCCESS, logIndex=5094, commits[65797d0d-2d4a-456d-9b24-1d63a5102722:c5095, aca3f3a4-0773-4ff1-9bb5-1a871868fd09:c5092, abe1c95d-8ae2-42e9-9d83-236e3c187d51:c5092]
2019-07-09 04:31:45,391 INFO  client.GrpcClientProtocolClient (GrpcClientProtocolClient.java:onNext(255)) - client-859D8C9D7B89->65797d0d-2d4a-456d-9b24-1d63a5102722: receive RaftClientReply:client-859D8C9D7B89->65797d0d-2d4a-456d-9b24-1d63a5102722@group-BA7C392EEBCA, cid=3381, SUCCESS, logIndex=5095, commits[65797d0d-2d4a-456d-9b24-1d63a5102722:c5096, aca3f3a4-0773-4ff1-9bb5-1a871868fd09:c5092, abe1c95d-8ae2-42e9-9d83-236e3c187d51:c5092]
2019-07-09 04:31:45,392 INFO  client.GrpcClientProtocolClient (GrpcClientProtocolClient.java:onNext(255)) - client-859D8C9D7B89->65797d0d-2d4a-456d-9b24-1d63a5102722: receive RaftClientReply:client-859D8C9D7B89->65797d0d-2d4a-456d-9b24-1d63a5102722@group-BA7C392EEBCA, cid=3382, SUCCESS, logIndex=5096, commits[65797d0d-2d4a-456d-9b24-1d63a5102722:c5096, aca3f3a4-0773-4ff1-9bb5-1a871868fd09:c5092, abe1c95d-8ae2-42e9-9d83-236e3c187d51:c5092]
2019-07-09 04:31:45,403 INFO  client.GrpcClientProtocolClient (GrpcClientProtocolClient.java:onNext(255)) - client-859D8C9D7B89->65797d0d-2d4a-456d-9b24-1d63a5102722: receive RaftClientReply:client-859D8C9D7B89->65797d0d-2d4a-456d-9b24-1d63a5102722@group-BA7C392EEBCA, cid=3383, SUCCESS, logIndex=0, commits[65797d0d-2d4a-456d-9b24-1d63a5102722:c5098, aca3f3a4-0773-4ff1-9bb5-1a871868fd09:c5094, abe1c95d-8ae2-42e9-9d83-236e3c187d51:c5094]
2019-07-09 04:31:45,415 INFO  client.GrpcClientProtocolClient (GrpcClientProtocolClient.java:onNext(255)) - client-859D8C9D7B89->65797d0d-2d4a-456d-9b24-1d63a5102722: receive RaftClientReply:client-859D8C9D7B89->65797d0d-2d4a-456d-9b24-1d63a5102722@group-BA7C392EEBCA, cid=3384, SUCCESS, logIndex=5101, commits[65797d0d-2d4a-456d-9b24-1d63a5102722:c5102, aca3f3a4-0773-4ff1-9bb5-1a871868fd09:c5096, abe1c95d-8ae2-42e9-9d83-236e3c187d51:c5100]
2019-07-09 04:31:45,415 INFO  client.GrpcClientProtocolClient (GrpcClientProtocolClient.java:onNext(255)) - client-859D8C9D7B89->65797d0d-2d4a-456d-9b24-1d63a5102722: receive RaftClientReply:client-859D8C9D7B89->65797d0d-2d4a-456d-9b24-1d63a5102722@group-BA7C392EEBCA, cid=3385, SUCCESS, logIndex=5102, commits[65797d0d-2d4a-456d-9b24-1d63a5102722:c5102, aca3f3a4-0773-4ff1-9bb5-1a871868fd09:c5100, abe1c95d-8ae2-42e9-9d83-236e3c187d51:c5100]
2019-07-09 04:31:45,434 INFO  client.GrpcClientProtocolClient (GrpcClientProtocolClient.java:onNext(255)) - client-859D8C9D7B89->65797d0d-2d4a-456d-9b24-1d63a5102722: receive RaftClientReply:client-859D8C9D7B89->65797d0d-2d4a-456d-9b24-1d63a5102722@group-BA7C392EEBCA, cid=3386, SUCCESS, logIndex=5105, commits[65797d0d-2d4a-456d-9b24-1d63a5102722:c5105, aca3f3a4-0773-4ff1-9bb5-1a871868fd09:c5104, abe1c95d-8ae2-42e9-9d83-236e3c187d51:c5104]
2019-07-09 04:31:45,434 INFO  client.GrpcClientProtocolClient (GrpcClientProtocolClient.java:onNext(255)) - client-859D8C9D7B89->65797d0d-2d4a-456d-9b24-1d63a5102722: receive RaftClientReply:client-859D8C9D7B89->65797d0d-2d4a-456d-9b24-1d63a5102722@group-BA7C392EEBCA, cid=3387, SUCCESS, logIndex=5106, commits[65797d0d-2d4a-456d-9b24-1d63a5102722:c5106, aca3f3a4-0773-4ff1-9bb5-1a871868fd09:c5104, abe1c95d-8ae2-42e9-9d83-236e3c187d51:c5104]
2019-07-09 04:31:45,448 INFO  client.GrpcClientProtocolClient (GrpcClientProtocolClient.java:onNext(255)) - client-859D8C9D7B89->65797d0d-2d4a-456d-9b24-1d63a5102722: receive RaftClientReply:client-859D8C9D7B89->65797d0d-2d4a-456d-9b24-1d63a5102722@group-BA7C392EEBCA, cid=3388, SUCCESS, logIndex=0, commits[65797d0d-2d4a-456d-9b24-1d63a5102722:c5108, aca3f3a4-0773-4ff1-9bb5-1a871868fd09:c5106, abe1c95d-8ae2-42e9-9d83-236e3c187d51:c5106]
2019-07-09 04:31:45,476 INFO  client.GrpcClientProtocolClient (GrpcClientProtocolClient.java:onNext(255)) - client-859D8C9D7B89->65797d0d-2d4a-456d-9b24-1d63a5102722: receive RaftClientReply:client-859D8C9D7B89->65797d0d-2d4a-456d-9b24-1d63a5102722@group-BA7C392EEBCA, cid=3389, SUCCESS, logIndex=5109, commits[65797d0d-2d4a-456d-9b24-1d63a5102722:c5111, aca3f3a4-0773-4ff1-9bb5-1a871868fd09:c5108, abe1c95d-8ae2-42e9-9d83-236e3c187d51:c5108]
2019-07-09 04:31:45,477 INFO  client.GrpcClientProtocolClient (GrpcClientProtocolClient.java:onNext(255)) - client-859D8C9D7B89->65797d0d-2d4a-456d-9b24-1d63a5102722: receive RaftClientReply:client-859D8C9D7B89->65797d0d-2d4a-456d-9b24-1d63a5102722@group-BA7C392EEBCA, cid=3390, SUCCESS, logIndex=5110, commits[65797d0d-2d4a-456d-9b24-1d63a5102722:c5112, aca3f3a4-0773-4ff1-9bb5-1a871868fd09:c5108, abe1c95d-8ae2-42e9-9d83-236e3c187d51:c5108]
2019-07-09 04:31:45,477 INFO  client.GrpcClientProtocolClient (GrpcClientProtocolClient.java:onNext(255)) - client-859D8C9D7B89->65797d0d-2d4a-456d-9b24-1d63a5102722: receive RaftClientReply:client-859D8C9D7B89->65797d0d-2d4a-456d-9b24-1d63a5102722@group-BA7C392EEBCA, cid=3391, SUCCESS, logIndex=5111, commits[65797d0d-2d4a-456d-9b24-1d63a5102722:c5112, aca3f3a4-0773-4ff1-9bb5-1a871868fd09:c5108, abe1c95d-8ae2-42e9-9d83-236e3c187d51:c5108]
2019-07-09 04:31:45,477 INFO  client.GrpcClientProtocolClient (GrpcClientProtocolClient.java:onNext(255)) - client-859D8C9D7B89->65797d0d-2d4a-456d-9b24-1d63a5102722: receive RaftClientReply:client-859D8C9D7B89->65797d0d-2d4a-456d-9b24-1d63a5102722@group-BA7C392EEBCA, cid=3392, SUCCESS, logIndex=5112, commits[65797d0d-2d4a-456d-9b24-1d63a5102722:c5112, aca3f3a4-0773-4ff1-9bb5-1a871868fd09:c5108, abe1c95d-8ae2-42e9-9d83-236e3c187d51:c5108]
 0.00% |█                                                                                                    |  0/1 Time: 0:00:302019-07-09 04:31:45,488 INFO  client.GrpcClientProtocolClient (GrpcClientProtocolClient.java:onNext(255)) - client-859D8C9D7B89->65797d0d-2d4a-456d-9b24-1d63a5102722: receive RaftClientReply:client-859D8C9D7B89->65797d0d-2d4a-456d-9b24-1d63a5102722@group-BA7C392EEBCA, cid=3393, SUCCESS, logIndex=0, commits[65797d0d-2d4a-456d-9b24-1d63a5102722:c5115, aca3f3a4-0773-4ff1-9bb5-1a871868fd09:c5110, abe1c95d-8ae2-42e9-9d83-236e3c187d51:c5111]
2019-07-09 04:31:45,505 INFO  client.GrpcClientProtocolClient (GrpcClientProtocolClient.java:onNext(255)) - client-859D8C9D7B89->65797d0d-2d4a-456d-9b24-1d63a5102722: receive RaftClientReply:client-859D8C9D7B89->65797d0d-2d4a-456d-9b24-1d63a5102722@group-BA7C392EEBCA, cid=3394, SUCCESS, logIndex=5117, commits[65797d0d-2d4a-456d-9b24-1d63a5102722:c5118, aca3f3a4-0773-4ff1-9bb5-1a871868fd09:c5116, abe1c95d-8ae2-42e9-9d83-236e3c187d51:c5116]
2019-07-09 04:31:45,505 INFO  client.GrpcClientProtocolClient (GrpcClientProtocolClient.java:onNext(255)) - client-859D8C9D7B89->65797d0d-2d4a-456d-9b24-1d63a5102722: receive RaftClientReply:client-859D8C9D7B89->65797d0d-2d4a-456d-9b24-1d63a5102722@group-BA7C392EEBCA, cid=3395, SUCCESS, logIndex=5118, commits[65797d0d-2d4a-456d-9b24-1d63a5102722:c5118, aca3f3a4-0773-4ff1-9bb5-1a871868fd09:c5116, abe1c95d-8ae2-42e9-9d83-236e3c187d51:c5116]
2019-07-09 04:31:45,519 INFO  client.GrpcClientProtocolClient (GrpcClientProtocolClient.java:onNext(255)) - client-859D8C9D7B89->65797d0d-2d4a-456d-9b24-1d63a5102722: receive RaftClientReply:client-859D8C9D7B89->65797d0d-2d4a-456d-9b24-1d63a5102722@group-BA7C392EEBCA, cid=3396, SUCCESS, logIndex=5121, commits[65797d0d-2d4a-456d-9b24-1d63a5102722:c5122, aca3f3a4-0773-4ff1-9bb5-1a871868fd09:c5118, abe1c95d-8ae2-42e9-9d83-236e3c187d51:c5118]
2019-07-09 04:31:45,519 INFO  client.GrpcClientProtocolClient (GrpcClientProtocolClient.java:onNext(255)) - client-859D8C9D7B89->65797d0d-2d4a-456d-9b24-1d63a5102722: receive RaftClientReply:client-859D8C9D7B89->65797d0d-2d4a-456d-9b24-1d63a5102722@group-BA7C392EEBCA, cid=3397, SUCCESS, logIndex=5122, commits[65797d0d-2d4a-456d-9b24-1d63a5102722:c5122, aca3f3a4-0773-4ff1-9bb5-1a871868fd09:c5118, abe1c95d-8ae2-42e9-9d83-236e3c187d51:c5118]
2019-07-09 04:31:45,533 INFO  client.GrpcClientProtocolClient (GrpcClientProtocolClient.java:onNext(255)) - client-859D8C9D7B89->65797d0d-2d4a-456d-9b24-1d63a5102722: receive RaftClientReply:client-859D8C9D7B89->65797d0d-2d4a-456d-9b24-1d63a5102722@group-BA7C392EEBCA, cid=3398, SUCCESS, logIndex=0, commits[65797d0d-2d4a-456d-9b24-1d63a5102722:c5123, aca3f3a4-0773-4ff1-9bb5-1a871868fd09:c5122, abe1c95d-8ae2-42e9-9d83-236e3c187d51:c5122]
2019-07-09 04:31:45,553 INFO  client.GrpcClientProtocolClient (GrpcClientProtocolClient.java:onNext(255)) - client-859D8C9D7B89->65797d0d-2d4a-456d-9b24-1d63a5102722: receive RaftClientReply:client-859D8C9D7B89->65797d0d-2d4a-456d-9b24-1d63a5102722@group-BA7C392EEBCA, cid=3399, SUCCESS, logIndex=5125, commits[65797d0d-2d4a-456d-9b24-1d63a5102722:c5126, aca3f3a4-0773-4ff1-9bb5-1a871868fd09:c5124, abe1c95d-8ae2-42e9-9d83-236e3c187d51:c5122]
2019-07-09 04:31:45,553 INFO  client.GrpcClientProtocolClient (GrpcClientProtocolClient.java:onNext(255)) - client-859D8C9D7B89->65797d0d-2d4a-456d-9b24-1d63a5102722: receive RaftClientReply:client-859D8C9D7B89->65797d0d-2d4a-456d-9b24-1d63a5102722@group-BA7C392EEBCA, cid=3400, SUCCESS, logIndex=5126, commits[65797d0d-2d4a-456d-9b24-1d63a5102722:c5126, aca3f3a4-0773-4ff1-9bb5-1a871868fd09:c5124, abe1c95d-8ae2-42e9-9d83-236e3c187d51:c5124]
2019-07-09 04:31:45,554 INFO  client.GrpcClientProtocolClient (GrpcClientProtocolClient.java:onNext(255)) - client-859D8C9D7B89->65797d0d-2d4a-456d-9b24-1d63a5102722: receive RaftClientReply:client-859D8C9D7B89->65797d0d-2d4a-456d-9b24-1d63a5102722@group-BA7C392EEBCA, cid=3401, SUCCESS, logIndex=5127, commits[65797d0d-2d4a-456d-9b24-1d63a5102722:c5128, aca3f3a4-0773-4ff1-9bb5-1a871868fd09:c5124, abe1c95d-8ae2-42e9-9d83-236e3c187d51:c5124]
2019-07-09 04:31:45,555 INFO  client.GrpcClientProtocolClient (GrpcClientProtocolClient.java:onNext(255)) - client-859D8C9D7B89->65797d0d-2d4a-456d-9b24-1d63a5102722: receive RaftClientReply:client-859D8C9D7B89->65797d0d-2d4a-456d-9b24-1d63a5102722@group-BA7C392EEBCA, cid=3402, SUCCESS, logIndex=5128, commits[65797d0d-2d4a-456d-9b24-1d63a5102722:c5128, aca3f3a4-0773-4ff1-9bb5-1a871868fd09:c5124, abe1c95d-8ae2-42e9-9d83-236e3c187d51:c5124]
2019-07-09 04:31:45,555 INFO  client.GrpcClientProtocolClient (GrpcClientProtocolClient.java:onNext(255)) - client-859D8C9D7B89->65797d0d-2d4a-456d-9b24-1d63a5102722: receive RaftClientReply:client-859D8C9D7B89->65797d0d-2d4a-456d-9b24-1d63a5102722@group-BA7C392EEBCA, cid=3403, SUCCESS, logIndex=0, commits[65797d0d-2d4a-456d-9b24-1d63a5102722:c5129, aca3f3a4-0773-4ff1-9bb5-1a871868fd09:c5126, abe1c95d-8ae2-42e9-9d83-236e3c187d51:c5126]
2019-07-09 04:31:45,590 INFO  client.GrpcClientProtocolClient (GrpcClientProtocolClient.java:onNext(255)) - client-859D8C9D7B89->65797d0d-2d4a-456d-9b24-1d63a5102722: receive RaftClientReply:client-859D8C9D7B89->65797d0d-2d4a-456d-9b24-1d63a5102722@group-BA7C392EEBCA, cid=3404, SUCCESS, logIndex=5133, commits[65797d0d-2d4a-456d-9b24-1d63a5102722:c5134, aca3f3a4-0773-4ff1-9bb5-1a871868fd09:c5132, abe1c95d-8ae2-42e9-9d83-236e3c187d51:c5132]
2019-07-09 04:31:45,590 INFO  client.GrpcClientProtocolClient (GrpcClientProtocolClient.java:onNext(255)) - client-859D8C9D7B89->65797d0d-2d4a-456d-9b24-1d63a5102722: receive RaftClientReply:client-859D8C9D7B89->65797d0d-2d4a-456d-9b24-1d63a5102722@group-BA7C392EEBCA, cid=3405, SUCCESS, logIndex=5134, commits[65797d0d-2d4a-456d-9b24-1d63a5102722:c5134, aca3f3a4-0773-4ff1-9bb5-1a871868fd09:c5132, abe1c95d-8ae2-42e9-9d83-236e3c187d51:c5132]
2019-07-09 04:31:45,610 INFO  client.GrpcClientProtocolClient (GrpcClientProtocolClient.java:onNext(255)) - client-859D8C9D7B89->65797d0d-2d4a-456d-9b24-1d63a5102722: receive RaftClientReply:client-859D8C9D7B89->65797d0d-2d4a-456d-9b24-1d63a5102722@group-BA7C392EEBCA, cid=3406, SUCCESS, logIndex=5137, commits[65797d0d-2d4a-456d-9b24-1d63a5102722:c5138, aca3f3a4-0773-4ff1-9bb5-1a871868fd09:c5136, abe1c95d-8ae2-42e9-9d83-236e3c187d51:c5136]
2019-07-09 04:31:45,611 INFO  client.GrpcClientProtocolClient (GrpcClientProtocolClient.java:onNext(255)) - client-859D8C9D7B89->65797d0d-2d4a-456d-9b24-1d63a5102722: receive RaftClientReply:client-859D8C9D7B89->65797d0d-2d4a-456d-9b24-1d63a5102722@group-BA7C392EEBCA, cid=3407, SUCCESS, logIndex=5138, commits[65797d0d-2d4a-456d-9b24-1d63a5102722:c5138, aca3f3a4-0773-4ff1-9bb5-1a871868fd09:c5136, abe1c95d-8ae2-42e9-9d83-236e3c187d51:c5136]
2019-07-09 04:31:45,625 INFO  client.GrpcClientProtocolClient (GrpcClientProtocolClient.java:onNext(255)) - client-859D8C9D7B89->65797d0d-2d4a-456d-9b24-1d63a5102722: receive RaftClientReply:client-859D8C9D7B89->65797d0d-2d4a-456d-9b24-1d63a5102722@group-BA7C392EEBCA, cid=3408, SUCCESS, logIndex=0, commits[65797d0d-2d4a-456d-9b24-1d63a5102722:c5139, aca3f3a4-0773-4ff1-9bb5-1a871868fd09:c5138, abe1c95d-8ae2-42e9-9d83-236e3c187d51:c5138]
2019-07-09 04:31:45,653 INFO  client.GrpcClientProtocolClient (GrpcClientProtocolClient.java:onNext(255)) - client-859D8C9D7B89->65797d0d-2d4a-456d-9b24-1d63a5102722: receive RaftClientReply:client-859D8C9D7B89->65797d0d-2d4a-456d-9b24-1d63a5102722@group-BA7C392EEBCA, cid=3409, SUCCESS, logIndex=5141, commits[65797d0d-2d4a-456d-9b24-1d63a5102722:c5142, aca3f3a4-0773-4ff1-9bb5-1a871868fd09:c5140, abe1c95d-8ae2-42e9-9d83-236e3c187d51:c5140]
2019-07-09 04:31:45,653 INFO  client.GrpcClientProtocolClient (GrpcClientProtocolClient.java:onNext(255)) - client-859D8C9D7B89->65797d0d-2d4a-456d-9b24-1d63a5102722: receive RaftClientReply:client-859D8C9D7B89->65797d0d-2d4a-456d-9b24-1d63a5102722@group-BA7C392EEBCA, cid=3410, SUCCESS, logIndex=5142, commits[65797d0d-2d4a-456d-9b24-1d63a5102722:c5142, aca3f3a4-0773-4ff1-9bb5-1a871868fd09:c5140, abe1c95d-8ae2-42e9-9d83-236e3c187d51:c5140]
2019-07-09 04:31:45,654 INFO  client.GrpcClientProtocolClient (GrpcClientProtocolClient.java:onNext(255)) - client-859D8C9D7B89->65797d0d-2d4a-456d-9b24-1d63a5102722: receive RaftClientReply:client-859D8C9D7B89->65797d0d-2d4a-456d-9b24-1d63a5102722@group-BA7C392EEBCA, cid=3411, SUCCESS, logIndex=5143, commits[65797d0d-2d4a-456d-9b24-1d63a5102722:c5144, aca3f3a4-0773-4ff1-9bb5-1a871868fd09:c5140, abe1c95d-8ae2-42e9-9d83-236e3c187d51:c5140]
2019-07-09 04:31:45,654 INFO  client.GrpcClientProtocolClient (GrpcClientProtocolClient.java:onNext(255)) - client-859D8C9D7B89->65797d0d-2d4a-456d-9b24-1d63a5102722: receive RaftClientReply:client-859D8C9D7B89->65797d0d-2d4a-456d-9b24-1d63a5102722@group-BA7C392EEBCA, cid=3412, SUCCESS, logIndex=5144, commits[65797d0d-2d4a-456d-9b24-1d63a5102722:c5144, aca3f3a4-0773-4ff1-9bb5-1a871868fd09:c5140, abe1c95d-8ae2-42e9-9d83-236e3c187d51:c5140]
2019-07-09 04:31:45,667 INFO  client.GrpcClientProtocolClient (GrpcClientProtocolClient.java:onNext(255)) - client-859D8C9D7B89->65797d0d-2d4a-456d-9b24-1d63a5102722: receive RaftClientReply:client-859D8C9D7B89->65797d0d-2d4a-456d-9b24-1d63a5102722@group-BA7C392EEBCA, cid=3413, SUCCESS, logIndex=0, commits[65797d0d-2d4a-456d-9b24-1d63a5102722:c5146, aca3f3a4-0773-4ff1-9bb5-1a871868fd09:c5142, abe1c95d-8ae2-42e9-9d83-236e3c187d51:c5142]
2019-07-09 04:31:45,686 INFO  client.GrpcClientProtocolClient (GrpcClientProtocolClient.java:onNext(255)) - client-859D8C9D7B89->65797d0d-2d4a-456d-9b24-1d63a5102722: receive RaftClientReply:client-859D8C9D7B89->65797d0d-2d4a-456d-9b24-1d63a5102722@group-BA7C392EEBCA, cid=3414, SUCCESS, logIndex=5149, commits[65797d0d-2d4a-456d-9b24-1d63a5102722:c5150, aca3f3a4-0773-4ff1-9bb5-1a871868fd09:c5148, abe1c95d-8ae2-42e9-9d83-236e3c187d51:c5148]
2019-07-09 04:31:45,687 INFO  client.GrpcClientProtocolClient (GrpcClientProtocolClient.java:onNext(255)) - client-859D8C9D7B89->65797d0d-2d4a-456d-9b24-1d63a5102722: receive RaftClientReply:client-859D8C9D7B89->65797d0d-2d4a-456d-9b24-1d63a5102722@group-BA7C392EEBCA, cid=3415, SUCCESS, logIndex=5150, commits[65797d0d-2d4a-456d-9b24-1d63a5102722:c5150, aca3f3a4-0773-4ff1-9bb5-1a871868fd09:c5148, abe1c95d-8ae2-42e9-9d83-236e3c187d51:c5148]
2019-07-09 04:31:45,700 INFO  client.GrpcClientProtocolClient (GrpcClientProtocolClient.java:onNext(255)) - client-859D8C9D7B89->65797d0d-2d4a-456d-9b24-1d63a5102722: receive RaftClientReply:client-859D8C9D7B89->65797d0d-2d4a-456d-9b24-1d63a5102722@group-BA7C392EEBCA, cid=3416, SUCCESS, logIndex=5152, commits[65797d0d-2d4a-456d-9b24-1d63a5102722:c5153, aca3f3a4-0773-4ff1-9bb5-1a871868fd09:c5150, abe1c95d-8ae2-42e9-9d83-236e3c187d51:c5150]
2019-07-09 04:31:45,700 INFO  client.GrpcClientProtocolClient (GrpcClientProtocolClient.java:onNext(255)) - client-859D8C9D7B89->65797d0d-2d4a-456d-9b24-1d63a5102722: receive RaftClientReply:client-859D8C9D7B89->65797d0d-2d4a-456d-9b24-1d63a5102722@group-BA7C392EEBCA, cid=3417, SUCCESS, logIndex=5153, commits[65797d0d-2d4a-456d-9b24-1d63a5102722:c5153, aca3f3a4-0773-4ff1-9bb5-1a871868fd09:c5150, abe1c95d-8ae2-42e9-9d83-236e3c187d51:c5150]
2019-07-09 04:31:45,715 INFO  client.GrpcClientProtocolClient (GrpcClientProtocolClient.java:onNext(255)) - client-859D8C9D7B89->65797d0d-2d4a-456d-9b24-1d63a5102722: receive RaftClientReply:client-859D8C9D7B89->65797d0d-2d4a-456d-9b24-1d63a5102722@group-BA7C392EEBCA, cid=3418, SUCCESS, logIndex=0, commits[65797d0d-2d4a-456d-9b24-1d63a5102722:c5155, aca3f3a4-0773-4ff1-9bb5-1a871868fd09:c5153, abe1c95d-8ae2-42e9-9d83-236e3c187d51:c5153]
2019-07-09 04:31:45,747 INFO  client.GrpcClientProtocolClient (GrpcClientProtocolClient.java:onNext(255)) - client-859D8C9D7B89->65797d0d-2d4a-456d-9b24-1d63a5102722: receive RaftClientReply:client-859D8C9D7B89->65797d0d-2d4a-456d-9b24-1d63a5102722@group-BA7C392EEBCA, cid=3419, SUCCESS, logIndex=5156, commits[65797d0d-2d4a-456d-9b24-1d63a5102722:c5156, aca3f3a4-0773-4ff1-9bb5-1a871868fd09:c5155, abe1c95d-8ae2-42e9-9d83-236e3c187d51:c5155]
2019-07-09 04:31:45,747 INFO  client.GrpcClientProtocolClient (GrpcClientProtocolClient.java:onNext(255)) - client-859D8C9D7B89->65797d0d-2d4a-456d-9b24-1d63a5102722: receive RaftClientReply:client-859D8C9D7B89->65797d0d-2d4a-456d-9b24-1d63a5102722@group-BA7C392EEBCA, cid=3420, SUCCESS, logIndex=5157, commits[65797d0d-2d4a-456d-9b24-1d63a5102722:c5159, aca3f3a4-0773-4ff1-9bb5-1a871868fd09:c5155, abe1c95d-8ae2-42e9-9d83-236e3c187d51:c5155]
2019-07-09 04:31:45,748 INFO  client.GrpcClientProtocolClient (GrpcClientProtocolClient.java:onNext(255)) - client-859D8C9D7B89->65797d0d-2d4a-456d-9b24-1d63a5102722: receive RaftClientReply:client-859D8C9D7B89->65797d0d-2d4a-456d-9b24-1d63a5102722@group-BA7C392EEBCA, cid=3421, SUCCESS, logIndex=5158, commits[65797d0d-2d4a-456d-9b24-1d63a5102722:c5159, aca3f3a4-0773-4ff1-9bb5-1a871868fd09:c5155, abe1c95d-8ae2-42e9-9d83-236e3c187d51:c5155]
2019-07-09 04:31:45,748 INFO  client.GrpcClientProtocolClient (GrpcClientProtocolClient.java:onNext(255)) - client-859D8C9D7B89->65797d0d-2d4a-456d-9b24-1d63a5102722: receive RaftClientReply:client-859D8C9D7B89->65797d0d-2d4a-456d-9b24-1d63a5102722@group-BA7C392EEBCA, cid=3422, SUCCESS, logIndex=5159, commits[65797d0d-2d4a-456d-9b24-1d63a5102722:c5159, aca3f3a4-0773-4ff1-9bb5-1a871868fd09:c5155, abe1c95d-8ae2-42e9-9d83-236e3c187d51:c5155]
2019-07-09 04:31:45,761 INFO  client.GrpcClientProtocolClient (GrpcClientProtocolClient.java:onNext(255)) - client-859D8C9D7B89->65797d0d-2d4a-456d-9b24-1d63a5102722: receive RaftClientReply:client-859D8C9D7B89->65797d0d-2d4a-456d-9b24-1d63a5102722@group-BA7C392EEBCA, cid=3423, SUCCESS, logIndex=0, commits[65797d0d-2d4a-456d-9b24-1d63a5102722:c5162, aca3f3a4-0773-4ff1-9bb5-1a871868fd09:c5157, abe1c95d-8ae2-42e9-9d83-236e3c187d51:c5159]
2019-07-09 04:31:45,780 INFO  client.GrpcClientProtocolClient (GrpcClientProtocolClient.java:onNext(255)) - client-859D8C9D7B89->65797d0d-2d4a-456d-9b24-1d63a5102722: receive RaftClientReply:client-859D8C9D7B89->65797d0d-2d4a-456d-9b24-1d63a5102722@group-BA7C392EEBCA, cid=3424, SUCCESS, logIndex=5164, commits[65797d0d-2d4a-456d-9b24-1d63a5102722:c5165, aca3f3a4-0773-4ff1-9bb5-1a871868fd09:c5163, abe1c95d-8ae2-42e9-9d83-236e3c187d51:c5163]
2019-07-09 04:31:45,780 INFO  client.GrpcClientProtocolClient (GrpcClientProtocolClient.java:onNext(255)) - client-859D8C9D7B89->65797d0d-2d4a-456d-9b24-1d63a5102722: receive RaftClientReply:client-859D8C9D7B89->65797d0d-2d4a-456d-9b24-1d63a5102722@group-BA7C392EEBCA, cid=3425, SUCCESS, logIndex=5165, commits[65797d0d-2d4a-456d-9b24-1d63a5102722:c5165, aca3f3a4-0773-4ff1-9bb5-1a871868fd09:c5163, abe1c95d-8ae2-42e9-9d83-236e3c187d51:c5163]
2019-07-09 04:31:45,795 INFO  client.GrpcClientProtocolClient (GrpcClientProtocolClient.java:onNext(255)) - client-859D8C9D7B89->65797d0d-2d4a-456d-9b24-1d63a5102722: receive RaftClientReply:client-859D8C9D7B89->65797d0d-2d4a-456d-9b24-1d63a5102722@group-BA7C392EEBCA, cid=3426, SUCCESS, logIndex=5168, commits[65797d0d-2d4a-456d-9b24-1d63a5102722:c5169, aca3f3a4-0773-4ff1-9bb5-1a871868fd09:c5165, abe1c95d-8ae2-42e9-9d83-236e3c187d51:c5165]
2019-07-09 04:31:45,796 INFO  client.GrpcClientProtocolClient (GrpcClientProtocolClient.java:onNext(255)) - client-859D8C9D7B89->65797d0d-2d4a-456d-9b24-1d63a5102722: receive RaftClientReply:client-859D8C9D7B89->65797d0d-2d4a-456d-9b24-1d63a5102722@group-BA7C392EEBCA, cid=3427, SUCCESS, logIndex=5169, commits[65797d0d-2d4a-456d-9b24-1d63a5102722:c5169, aca3f3a4-0773-4ff1-9bb5-1a871868fd09:c5165, abe1c95d-8ae2-42e9-9d83-236e3c187d51:c5165]
2019-07-09 04:31:45,807 INFO  client.GrpcClientProtocolClient (GrpcClientProtocolClient.java:onNext(255)) - client-859D8C9D7B89->65797d0d-2d4a-456d-9b24-1d63a5102722: receive RaftClientReply:client-859D8C9D7B89->65797d0d-2d4a-456d-9b24-1d63a5102722@group-BA7C392EEBCA, cid=3428, SUCCESS, logIndex=0, commits[65797d0d-2d4a-456d-9b24-1d63a5102722:c5169, aca3f3a4-0773-4ff1-9bb5-1a871868fd09:c5169, abe1c95d-8ae2-42e9-9d83-236e3c187d51:c5169]
2019-07-09 04:31:45,852 INFO  client.GrpcClientProtocolClient (GrpcClientProtocolClient.java:onNext(255)) - client-859D8C9D7B89->65797d0d-2d4a-456d-9b24-1d63a5102722: receive RaftClientReply:client-859D8C9D7B89->65797d0d-2d4a-456d-9b24-1d63a5102722@group-BA7C392EEBCA, cid=3429, SUCCESS, logIndex=5172, commits[65797d0d-2d4a-456d-9b24-1d63a5102722:c5173, aca3f3a4-0773-4ff1-9bb5-1a871868fd09:c5171, abe1c95d-8ae2-42e9-9d83-236e3c187d51:c5171]
2019-07-09 04:31:45,852 INFO  client.GrpcClientProtocolClient (GrpcClientProtocolClient.java:onNext(255)) - client-859D8C9D7B89->65797d0d-2d4a-456d-9b24-1d63a5102722: receive RaftClientReply:client-859D8C9D7B89->65797d0d-2d4a-456d-9b24-1d63a5102722@group-BA7C392EEBCA, cid=3430, SUCCESS, logIndex=5173, commits[65797d0d-2d4a-456d-9b24-1d63a5102722:c5175, aca3f3a4-0773-4ff1-9bb5-1a871868fd09:c5171, abe1c95d-8ae2-42e9-9d83-236e3c187d51:c5171]
2019-07-09 04:31:45,852 INFO  client.GrpcClientProtocolClient (GrpcClientProtocolClient.java:onNext(255)) - client-859D8C9D7B89->65797d0d-2d4a-456d-9b24-1d63a5102722: receive RaftClientReply:client-859D8C9D7B89->65797d0d-2d4a-456d-9b24-1d63a5102722@group-BA7C392EEBCA, cid=3431, SUCCESS, logIndex=5174, commits[65797d0d-2d4a-456d-9b24-1d63a5102722:c5175, aca3f3a4-0773-4ff1-9bb5-1a871868fd09:c5171, abe1c95d-8ae2-42e9-9d83-236e3c187d51:c5171]
2019-07-09 04:31:45,853 INFO  client.GrpcClientProtocolClient (GrpcClientProtocolClient.java:onNext(255)) - client-859D8C9D7B89->65797d0d-2d4a-456d-9b24-1d63a5102722: receive RaftClientReply:client-859D8C9D7B89->65797d0d-2d4a-456d-9b24-1d63a5102722@group-BA7C392EEBCA, cid=3432, SUCCESS, logIndex=5175, commits[65797d0d-2d4a-456d-9b24-1d63a5102722:c5175, aca3f3a4-0773-4ff1-9bb5-1a871868fd09:c5171, abe1c95d-8ae2-42e9-9d83-236e3c187d51:c5171]
2019-07-09 04:31:45,876 INFO  client.GrpcClientProtocolClient (GrpcClientProtocolClient.java:onNext(255)) - client-859D8C9D7B89->65797d0d-2d4a-456d-9b24-1d63a5102722: receive RaftClientReply:client-859D8C9D7B89->65797d0d-2d4a-456d-9b24-1d63a5102722@group-BA7C392EEBCA, cid=3433, SUCCESS, logIndex=0, commits[65797d0d-2d4a-456d-9b24-1d63a5102722:c5178, aca3f3a4-0773-4ff1-9bb5-1a871868fd09:c5175, abe1c95d-8ae2-42e9-9d83-236e3c187d51:c5175]
2019-07-09 04:31:45,896 INFO  client.GrpcClientProtocolClient (GrpcClientProtocolClient.java:onNext(255)) - client-859D8C9D7B89->65797d0d-2d4a-456d-9b24-1d63a5102722: receive RaftClientReply:client-859D8C9D7B89->65797d0d-2d4a-456d-9b24-1d63a5102722@group-BA7C392EEBCA, cid=3434, SUCCESS, logIndex=5179, commits[65797d0d-2d4a-456d-9b24-1d63a5102722:c5180, aca3f3a4-0773-4ff1-9bb5-1a871868fd09:c5178, abe1c95d-8ae2-42e9-9d83-236e3c187d51:c5178]
2019-07-09 04:31:45,896 INFO  client.GrpcClientProtocolClient (GrpcClientProtocolClient.java:onNext(255)) - client-859D8C9D7B89->65797d0d-2d4a-456d-9b24-1d63a5102722: receive RaftClientReply:client-859D8C9D7B89->65797d0d-2d4a-456d-9b24-1d63a5102722@group-BA7C392EEBCA, cid=3435, SUCCESS, logIndex=5180, commits[65797d0d-2d4a-456d-9b24-1d63a5102722:c5180, aca3f3a4-0773-4ff1-9bb5-1a871868fd09:c5178, abe1c95d-8ae2-42e9-9d83-236e3c187d51:c5178]
2019-07-09 04:31:45,910 INFO  client.GrpcClientProtocolClient (GrpcClientProtocolClient.java:onNext(255)) - client-859D8C9D7B89->65797d0d-2d4a-456d-9b24-1d63a5102722: receive RaftClientReply:client-859D8C9D7B89->65797d0d-2d4a-456d-9b24-1d63a5102722@group-BA7C392EEBCA, cid=3436, SUCCESS, logIndex=5183, commits[65797d0d-2d4a-456d-9b24-1d63a5102722:c5184, aca3f3a4-0773-4ff1-9bb5-1a871868fd09:c5180, abe1c95d-8ae2-42e9-9d83-236e3c187d51:c5180]
2019-07-09 04:31:45,910 INFO  client.GrpcClientProtocolClient (GrpcClientProtocolClient.java:onNext(255)) - client-859D8C9D7B89->65797d0d-2d4a-456d-9b24-1d63a5102722: receive RaftClientReply:client-859D8C9D7B89->65797d0d-2d4a-456d-9b24-1d63a5102722@group-BA7C392EEBCA, cid=3437, SUCCESS, logIndex=5184, commits[65797d0d-2d4a-456d-9b24-1d63a5102722:c5184, aca3f3a4-0773-4ff1-9bb5-1a871868fd09:c5180, abe1c95d-8ae2-42e9-9d83-236e3c187d51:c5180]
2019-07-09 04:31:45,921 INFO  client.GrpcClientProtocolClient (GrpcClientProtocolClient.java:onNext(255)) - client-859D8C9D7B89->65797d0d-2d4a-456d-9b24-1d63a5102722: receive RaftClientReply:client-859D8C9D7B89->65797d0d-2d4a-456d-9b24-1d63a5102722@group-BA7C392EEBCA, cid=3438, SUCCESS, logIndex=0, commits[65797d0d-2d4a-456d-9b24-1d63a5102722:c5185, aca3f3a4-0773-4ff1-9bb5-1a871868fd09:c5184, abe1c95d-8ae2-42e9-9d83-236e3c187d51:c5184]
2019-07-09 04:31:45,949 INFO  client.GrpcClientProtocolClient (GrpcClientProtocolClient.java:onNext(255)) - client-859D8C9D7B89->65797d0d-2d4a-456d-9b24-1d63a5102722: receive RaftClientReply:client-859D8C9D7B89->65797d0d-2d4a-456d-9b24-1d63a5102722@group-BA7C392EEBCA, cid=3439, SUCCESS, logIndex=5187, commits[65797d0d-2d4a-456d-9b24-1d63a5102722:c5188, aca3f3a4-0773-4ff1-9bb5-1a871868fd09:c5186, abe1c95d-8ae2-42e9-9d83-236e3c187d51:c5186]
2019-07-09 04:31:45,949 INFO  client.GrpcClientProtocolClient (GrpcClientProtocolClient.java:onNext(255)) - client-859D8C9D7B89->65797d0d-2d4a-456d-9b24-1d63a5102722: receive RaftClientReply:client-859D8C9D7B89->65797d0d-2d4a-456d-9b24-1d63a5102722@group-BA7C392EEBCA, cid=3440, SUCCESS, logIndex=5188, commits[65797d0d-2d4a-456d-9b24-1d63a5102722:c5190, aca3f3a4-0773-4ff1-9bb5-1a871868fd09:c5186, abe1c95d-8ae2-42e9-9d83-236e3c187d51:c5186]
2019-07-09 04:31:45,949 INFO  client.GrpcClientProtocolClient (GrpcClientProtocolClient.java:onNext(255)) - client-859D8C9D7B89->65797d0d-2d4a-456d-9b24-1d63a5102722: receive RaftClientReply:client-859D8C9D7B89->65797d0d-2d4a-456d-9b24-1d63a5102722@group-BA7C392EEBCA, cid=3441, SUCCESS, logIndex=5189, commits[65797d0d-2d4a-456d-9b24-1d63a5102722:c5190, aca3f3a4-0773-4ff1-9bb5-1a871868fd09:c5186, abe1c95d-8ae2-42e9-9d83-236e3c187d51:c5186]
2019-07-09 04:31:45,950 INFO  client.GrpcClientProtocolClient (GrpcClientProtocolClient.java:onNext(255)) - client-859D8C9D7B89->65797d0d-2d4a-456d-9b24-1d63a5102722: receive RaftClientReply:client-859D8C9D7B89->65797d0d-2d4a-456d-9b24-1d63a5102722@group-BA7C392EEBCA, cid=3442, SUCCESS, logIndex=5190, commits[65797d0d-2d4a-456d-9b24-1d63a5102722:c5190, aca3f3a4-0773-4ff1-9bb5-1a871868fd09:c5186, abe1c95d-8ae2-42e9-9d83-236e3c187d51:c5186]
2019-07-09 04:31:45,950 INFO  client.GrpcClientProtocolClient (GrpcClientProtocolClient.java:onNext(255)) - client-859D8C9D7B89->65797d0d-2d4a-456d-9b24-1d63a5102722: receive RaftClientReply:client-859D8C9D7B89->65797d0d-2d4a-456d-9b24-1d63a5102722@group-BA7C392EEBCA, cid=3443, SUCCESS, logIndex=0, commits[65797d0d-2d4a-456d-9b24-1d63a5102722:c5191, aca3f3a4-0773-4ff1-9bb5-1a871868fd09:c5188, abe1c95d-8ae2-42e9-9d83-236e3c187d51:c5188]
2019-07-09 04:31:45,969 INFO  client.GrpcClientProtocolClient (GrpcClientProtocolClient.java:onNext(255)) - client-859D8C9D7B89->65797d0d-2d4a-456d-9b24-1d63a5102722: receive RaftClientReply:client-859D8C9D7B89->65797d0d-2d4a-456d-9b24-1d63a5102722@group-BA7C392EEBCA, cid=3444, SUCCESS, logIndex=5195, commits[65797d0d-2d4a-456d-9b24-1d63a5102722:c5196, aca3f3a4-0773-4ff1-9bb5-1a871868fd09:c5194, abe1c95d-8ae2-42e9-9d83-236e3c187d51:c5194]
2019-07-09 04:31:45,969 INFO  client.GrpcClientProtocolClient (GrpcClientProtocolClient.java:onNext(255)) - client-859D8C9D7B89->65797d0d-2d4a-456d-9b24-1d63a5102722: receive RaftClientReply:client-859D8C9D7B89->65797d0d-2d4a-456d-9b24-1d63a5102722@group-BA7C392EEBCA, cid=3445, SUCCESS, logIndex=5196, commits[65797d0d-2d4a-456d-9b24-1d63a5102722:c5196, aca3f3a4-0773-4ff1-9bb5-1a871868fd09:c5194, abe1c95d-8ae2-42e9-9d83-236e3c187d51:c5194]
2019-07-09 04:31:45,984 INFO  client.GrpcClientProtocolClient (GrpcClientProtocolClient.java:onNext(255)) - client-859D8C9D7B89->65797d0d-2d4a-456d-9b24-1d63a5102722: receive RaftClientReply:client-859D8C9D7B89->65797d0d-2d4a-456d-9b24-1d63a5102722@group-BA7C392EEBCA, cid=3446, SUCCESS, logIndex=5199, commits[65797d0d-2d4a-456d-9b24-1d63a5102722:c5200, aca3f3a4-0773-4ff1-9bb5-1a871868fd09:c5196, abe1c95d-8ae2-42e9-9d83-236e3c187d51:c5196]
2019-07-09 04:31:45,985 INFO  client.GrpcClientProtocolClient (GrpcClientProtocolClient.java:onNext(255)) - client-859D8C9D7B89->65797d0d-2d4a-456d-9b24-1d63a5102722: receive RaftClientReply:client-859D8C9D7B89->65797d0d-2d4a-456d-9b24-1d63a5102722@group-BA7C392EEBCA, cid=3447, SUCCESS, logIndex=5200, commits[65797d0d-2d4a-456d-9b24-1d63a5102722:c5200, aca3f3a4-0773-4ff1-9bb5-1a871868fd09:c5196, abe1c95d-8ae2-42e9-9d83-236e3c187d51:c5196]
2019-07-09 04:31:45,999 INFO  client.GrpcClientProtocolClient (GrpcClientProtocolClient.java:onNext(255)) - client-859D8C9D7B89->65797d0d-2d4a-456d-9b24-1d63a5102722: receive RaftClientReply:client-859D8C9D7B89->65797d0d-2d4a-456d-9b24-1d63a5102722@group-BA7C392EEBCA, cid=3448, SUCCESS, logIndex=0, commits[65797d0d-2d4a-456d-9b24-1d63a5102722:c5201, aca3f3a4-0773-4ff1-9bb5-1a871868fd09:c5200, abe1c95d-8ae2-42e9-9d83-236e3c187d51:c5200]
2019-07-09 04:31:46,141 INFO  client.GrpcClientProtocolClient (GrpcClientProtocolClient.java:onNext(255)) - client-859D8C9D7B89->65797d0d-2d4a-456d-9b24-1d63a5102722: receive RaftClientReply:client-859D8C9D7B89->65797d0d-2d4a-456d-9b24-1d63a5102722@group-BA7C392EEBCA, cid=3449, SUCCESS, logIndex=5203, commits[65797d0d-2d4a-456d-9b24-1d63a5102722:c5204, aca3f3a4-0773-4ff1-9bb5-1a871868fd09:c5202, abe1c95d-8ae2-42e9-9d83-236e3c187d51:c5202]
2019-07-09 04:31:46,141 INFO  client.GrpcClientProtocolClient (GrpcClientProtocolClient.java:onNext(255)) - client-859D8C9D7B89->65797d0d-2d4a-456d-9b24-1d63a5102722: receive RaftClientReply:client-859D8C9D7B89->65797d0d-2d4a-456d-9b24-1d63a5102722@group-BA7C392EEBCA, cid=3450, SUCCESS, logIndex=5204, commits[65797d0d-2d4a-456d-9b24-1d63a5102722:c5206, aca3f3a4-0773-4ff1-9bb5-1a871868fd09:c5202, abe1c95d-8ae2-42e9-9d83-236e3c187d51:c5202]
2019-07-09 04:31:46,141 INFO  client.GrpcClientProtocolClient (GrpcClientProtocolClient.java:onNext(255)) - client-859D8C9D7B89->65797d0d-2d4a-456d-9b24-1d63a5102722: receive RaftClientReply:client-859D8C9D7B89->65797d0d-2d4a-456d-9b24-1d63a5102722@group-BA7C392EEBCA, cid=3451, SUCCESS, logIndex=5205, commits[65797d0d-2d4a-456d-9b24-1d63a5102722:c5206, aca3f3a4-0773-4ff1-9bb5-1a871868fd09:c5202, abe1c95d-8ae2-42e9-9d83-236e3c187d51:c5202]
2019-07-09 04:31:46,142 INFO  client.GrpcClientProtocolClient (GrpcClientProtocolClient.java:onNext(255)) - client-859D8C9D7B89->65797d0d-2d4a-456d-9b24-1d63a5102722: receive RaftClientReply:client-859D8C9D7B89->65797d0d-2d4a-456d-9b24-1d63a5102722@group-BA7C392EEBCA, cid=3452, SUCCESS, logIndex=5206, commits[65797d0d-2d4a-456d-9b24-1d63a5102722:c5206, aca3f3a4-0773-4ff1-9bb5-1a871868fd09:c5202, abe1c95d-8ae2-42e9-9d83-236e3c187d51:c5202]
2019-07-09 04:31:46,155 INFO  client.GrpcClientProtocolClient (GrpcClientProtocolClient.java:onNext(255)) - client-859D8C9D7B89->65797d0d-2d4a-456d-9b24-1d63a5102722: receive RaftClientReply:client-859D8C9D7B89->65797d0d-2d4a-456d-9b24-1d63a5102722@group-BA7C392EEBCA, cid=3453, SUCCESS, logIndex=0, commits[65797d0d-2d4a-456d-9b24-1d63a5102722:c5210, aca3f3a4-0773-4ff1-9bb5-1a871868fd09:c5206, abe1c95d-8ae2-42e9-9d83-236e3c187d51:c5204]
2019-07-09 04:31:46,175 INFO  client.GrpcClientProtocolClient (GrpcClientProtocolClient.java:onNext(255)) - client-859D8C9D7B89->65797d0d-2d4a-456d-9b24-1d63a5102722: receive RaftClientReply:client-859D8C9D7B89->65797d0d-2d4a-456d-9b24-1d63a5102722@group-BA7C392EEBCA, cid=3454, SUCCESS, logIndex=5211, commits[65797d0d-2d4a-456d-9b24-1d63a5102722:c5211, aca3f3a4-0773-4ff1-9bb5-1a871868fd09:c5210, abe1c95d-8ae2-42e9-9d83-236e3c187d51:c5210]
2019-07-09 04:31:46,176 INFO  client.GrpcClientProtocolClient (GrpcClientProtocolClient.java:onNext(255)) - client-859D8C9D7B89->65797d0d-2d4a-456d-9b24-1d63a5102722: receive RaftClientReply:client-859D8C9D7B89->65797d0d-2d4a-456d-9b24-1d63a5102722@group-BA7C392EEBCA, cid=3455, SUCCESS, logIndex=5212, commits[65797d0d-2d4a-456d-9b24-1d63a5102722:c5212, aca3f3a4-0773-4ff1-9bb5-1a871868fd09:c5210, abe1c95d-8ae2-42e9-9d83-236e3c187d51:c5210]
2019-07-09 04:31:46,188 INFO  client.GrpcClientProtocolClient (GrpcClientProtocolClient.java:onNext(255)) - client-859D8C9D7B89->65797d0d-2d4a-456d-9b24-1d63a5102722: receive RaftClientReply:client-859D8C9D7B89->65797d0d-2d4a-456d-9b24-1d63a5102722@group-BA7C392EEBCA, cid=3456, SUCCESS, logIndex=5215, commits[65797d0d-2d4a-456d-9b24-1d63a5102722:c5215, aca3f3a4-0773-4ff1-9bb5-1a871868fd09:c5212, abe1c95d-8ae2-42e9-9d83-236e3c187d51:c5212]
2019-07-09 04:31:46,189 INFO  client.GrpcClientProtocolClient (GrpcClientProtocolClient.java:onNext(255)) - client-859D8C9D7B89->65797d0d-2d4a-456d-9b24-1d63a5102722: receive RaftClientReply:client-859D8C9D7B89->65797d0d-2d4a-456d-9b24-1d63a5102722@group-BA7C392EEBCA, cid=3457, SUCCESS, logIndex=5216, commits[65797d0d-2d4a-456d-9b24-1d63a5102722:c5216, aca3f3a4-0773-4ff1-9bb5-1a871868fd09:c5212, abe1c95d-8ae2-42e9-9d83-236e3c187d51:c5212]
2019-07-09 04:31:46,203 INFO  client.GrpcClientProtocolClient (GrpcClientProtocolClient.java:onNext(255)) - client-859D8C9D7B89->65797d0d-2d4a-456d-9b24-1d63a5102722: receive RaftClientReply:client-859D8C9D7B89->65797d0d-2d4a-456d-9b24-1d63a5102722@group-BA7C392EEBCA, cid=3458, SUCCESS, logIndex=0, commits[65797d0d-2d4a-456d-9b24-1d63a5102722:c5217, aca3f3a4-0773-4ff1-9bb5-1a871868fd09:c5216, abe1c95d-8ae2-42e9-9d83-236e3c187d51:c5216]
2019-07-09 04:31:46,235 INFO  client.GrpcClientProtocolClient (GrpcClientProtocolClient.java:onNext(255)) - client-859D8C9D7B89->65797d0d-2d4a-456d-9b24-1d63a5102722: receive RaftClientReply:client-859D8C9D7B89->65797d0d-2d4a-456d-9b24-1d63a5102722@group-BA7C392EEBCA, cid=3459, SUCCESS, logIndex=5219, commits[65797d0d-2d4a-456d-9b24-1d63a5102722:c5220, aca3f3a4-0773-4ff1-9bb5-1a871868fd09:c5218, abe1c95d-8ae2-42e9-9d83-236e3c187d51:c5218]
2019-07-09 04:31:46,236 INFO  client.GrpcClientProtocolClient (GrpcClientProtocolClient.java:onNext(255)) - client-859D8C9D7B89->65797d0d-2d4a-456d-9b24-1d63a5102722: receive RaftClientReply:client-859D8C9D7B89->65797d0d-2d4a-456d-9b24-1d63a5102722@group-BA7C392EEBCA, cid=3460, SUCCESS, logIndex=5220, commits[65797d0d-2d4a-456d-9b24-1d63a5102722:c5222, aca3f3a4-0773-4ff1-9bb5-1a871868fd09:c5218, abe1c95d-8ae2-42e9-9d83-236e3c187d51:c5218]
2019-07-09 04:31:46,237 INFO  client.GrpcClientProtocolClient (GrpcClientProtocolClient.java:onNext(255)) - client-859D8C9D7B89->65797d0d-2d4a-456d-9b24-1d63a5102722: receive RaftClientReply:client-859D8C9D7B89->65797d0d-2d4a-456d-9b24-1d63a5102722@group-BA7C392EEBCA, cid=3461, SUCCESS, logIndex=5221, commits[65797d0d-2d4a-456d-9b24-1d63a5102722:c5222, aca3f3a4-0773-4ff1-9bb5-1a871868fd09:c5218, abe1c95d-8ae2-42e9-9d83-236e3c187d51:c5218]
2019-07-09 04:31:46,237 INFO  client.GrpcClientProtocolClient (GrpcClientProtocolClient.java:onNext(255)) - client-859D8C9D7B89->65797d0d-2d4a-456d-9b24-1d63a5102722: receive RaftClientReply:client-859D8C9D7B89->65797d0d-2d4a-456d-9b24-1d63a5102722@group-BA7C392EEBCA, cid=3462, SUCCESS, logIndex=5222, commits[65797d0d-2d4a-456d-9b24-1d63a5102722:c5223, aca3f3a4-0773-4ff1-9bb5-1a871868fd09:c5218, abe1c95d-8ae2-42e9-9d83-236e3c187d51:c5219]
2019-07-09 04:31:46,238 INFO  client.GrpcClientProtocolClient (GrpcClientProtocolClient.java:onNext(255)) - client-859D8C9D7B89->65797d0d-2d4a-456d-9b24-1d63a5102722: receive RaftClientReply:client-859D8C9D7B89->65797d0d-2d4a-456d-9b24-1d63a5102722@group-BA7C392EEBCA, cid=3463, SUCCESS, logIndex=0, commits[65797d0d-2d4a-456d-9b24-1d63a5102722:c5224, aca3f3a4-0773-4ff1-9bb5-1a871868fd09:c5220, abe1c95d-8ae2-42e9-9d83-236e3c187d51:c5220]
2019-07-09 04:31:46,251 INFO  client.GrpcClientProtocolClient (GrpcClientProtocolClient.java:onNext(255)) - client-859D8C9D7B89->65797d0d-2d4a-456d-9b24-1d63a5102722: receive RaftClientReply:client-859D8C9D7B89->65797d0d-2d4a-456d-9b24-1d63a5102722@group-BA7C392EEBCA, cid=3464, SUCCESS, logIndex=5227, commits[65797d0d-2d4a-456d-9b24-1d63a5102722:c5228, aca3f3a4-0773-4ff1-9bb5-1a871868fd09:c5222, abe1c95d-8ae2-42e9-9d83-236e3c187d51:c5226]
2019-07-09 04:31:46,251 INFO  client.GrpcClientProtocolClient (GrpcClientProtocolClient.java:onNext(255)) - client-859D8C9D7B89->65797d0d-2d4a-456d-9b24-1d63a5102722: receive RaftClientReply:client-859D8C9D7B89->65797d0d-2d4a-456d-9b24-1d63a5102722@group-BA7C392EEBCA, cid=3465, SUCCESS, logIndex=5228, commits[65797d0d-2d4a-456d-9b24-1d63a5102722:c5228, aca3f3a4-0773-4ff1-9bb5-1a871868fd09:c5226, abe1c95d-8ae2-42e9-9d83-236e3c187d51:c5226]
2019-07-09 04:31:46,270 INFO  client.GrpcClientProtocolClient (GrpcClientProtocolClient.java:onNext(255)) - client-859D8C9D7B89->65797d0d-2d4a-456d-9b24-1d63a5102722: receive RaftClientReply:client-859D8C9D7B89->65797d0d-2d4a-456d-9b24-1d63a5102722@group-BA7C392EEBCA, cid=3466, SUCCESS, logIndex=5231, commits[65797d0d-2d4a-456d-9b24-1d63a5102722:c5232, aca3f3a4-0773-4ff1-9bb5-1a871868fd09:c5230, abe1c95d-8ae2-42e9-9d83-236e3c187d51:c5230]
2019-07-09 04:31:46,270 INFO  client.GrpcClientProtocolClient (GrpcClientProtocolClient.java:onNext(255)) - client-859D8C9D7B89->65797d0d-2d4a-456d-9b24-1d63a5102722: receive RaftClientReply:client-859D8C9D7B89->65797d0d-2d4a-456d-9b24-1d63a5102722@group-BA7C392EEBCA, cid=3467, SUCCESS, logIndex=5232, commits[65797d0d-2d4a-456d-9b24-1d63a5102722:c5232, aca3f3a4-0773-4ff1-9bb5-1a871868fd09:c5230, abe1c95d-8ae2-42e9-9d83-236e3c187d51:c5230]
2019-07-09 04:31:46,285 INFO  client.GrpcClientProtocolClient (GrpcClientProtocolClient.java:onNext(255)) - client-859D8C9D7B89->65797d0d-2d4a-456d-9b24-1d63a5102722: receive RaftClientReply:client-859D8C9D7B89->65797d0d-2d4a-456d-9b24-1d63a5102722@group-BA7C392EEBCA, cid=3468, SUCCESS, logIndex=0, commits[65797d0d-2d4a-456d-9b24-1d63a5102722:c5234, aca3f3a4-0773-4ff1-9bb5-1a871868fd09:c5232, abe1c95d-8ae2-42e9-9d83-236e3c187d51:c5232]
2019-07-09 04:31:46,315 INFO  client.GrpcClientProtocolClient (GrpcClientProtocolClient.java:onNext(255)) - client-859D8C9D7B89->65797d0d-2d4a-456d-9b24-1d63a5102722: receive RaftClientReply:client-859D8C9D7B89->65797d0d-2d4a-456d-9b24-1d63a5102722@group-BA7C392EEBCA, cid=3469, SUCCESS, logIndex=5235, commits[65797d0d-2d4a-456d-9b24-1d63a5102722:c5236, aca3f3a4-0773-4ff1-9bb5-1a871868fd09:c5234, abe1c95d-8ae2-42e9-9d83-236e3c187d51:c5234]
2019-07-09 04:31:46,315 INFO  client.GrpcClientProtocolClient (GrpcClientProtocolClient.java:onNext(255)) - client-859D8C9D7B89->65797d0d-2d4a-456d-9b24-1d63a5102722: receive RaftClientReply:client-859D8C9D7B89->65797d0d-2d4a-456d-9b24-1d63a5102722@group-BA7C392EEBCA, cid=3470, SUCCESS, logIndex=5236, commits[65797d0d-2d4a-456d-9b24-1d63a5102722:c5238, aca3f3a4-0773-4ff1-9bb5-1a871868fd09:c5234, abe1c95d-8ae2-42e9-9d83-236e3c187d51:c5234]
2019-07-09 04:31:46,315 INFO  client.GrpcClientProtocolClient (GrpcClientProtocolClient.java:onNext(255)) - client-859D8C9D7B89->65797d0d-2d4a-456d-9b24-1d63a5102722: receive RaftClientReply:client-859D8C9D7B89->65797d0d-2d4a-456d-9b24-1d63a5102722@group-BA7C392EEBCA, cid=3471, SUCCESS, logIndex=5237, commits[65797d0d-2d4a-456d-9b24-1d63a5102722:c5238, aca3f3a4-0773-4ff1-9bb5-1a871868fd09:c5234, abe1c95d-8ae2-42e9-9d83-236e3c187d51:c5234]
2019-07-09 04:31:46,316 INFO  client.GrpcClientProtocolClient (GrpcClientProtocolClient.java:onNext(255)) - client-859D8C9D7B89->65797d0d-2d4a-456d-9b24-1d63a5102722: receive RaftClientReply:client-859D8C9D7B89->65797d0d-2d4a-456d-9b24-1d63a5102722@group-BA7C392EEBCA, cid=3472, SUCCESS, logIndex=5238, commits[65797d0d-2d4a-456d-9b24-1d63a5102722:c5238, aca3f3a4-0773-4ff1-9bb5-1a871868fd09:c5234, abe1c95d-8ae2-42e9-9d83-236e3c187d51:c5234]
2019-07-09 04:31:46,326 INFO  client.GrpcClientProtocolClient (GrpcClientProtocolClient.java:onNext(255)) - client-859D8C9D7B89->65797d0d-2d4a-456d-9b24-1d63a5102722: receive RaftClientReply:client-859D8C9D7B89->65797d0d-2d4a-456d-9b24-1d63a5102722@group-BA7C392EEBCA, cid=3473, SUCCESS, logIndex=0, commits[65797d0d-2d4a-456d-9b24-1d63a5102722:c5238, aca3f3a4-0773-4ff1-9bb5-1a871868fd09:c5236, abe1c95d-8ae2-42e9-9d83-236e3c187d51:c5236]
2019-07-09 04:31:46,344 INFO  client.GrpcClientProtocolClient (GrpcClientProtocolClient.java:onNext(255)) - client-859D8C9D7B89->65797d0d-2d4a-456d-9b24-1d63a5102722: receive RaftClientReply:client-859D8C9D7B89->65797d0d-2d4a-456d-9b24-1d63a5102722@group-BA7C392EEBCA, cid=3474, SUCCESS, logIndex=5242, commits[65797d0d-2d4a-456d-9b24-1d63a5102722:c5243, aca3f3a4-0773-4ff1-9bb5-1a871868fd09:c5241, abe1c95d-8ae2-42e9-9d83-236e3c187d51:c5241]
2019-07-09 04:31:46,344 INFO  client.GrpcClientProtocolClient (GrpcClientProtocolClient.java:onNext(255)) - client-859D8C9D7B89->65797d0d-2d4a-456d-9b24-1d63a5102722: receive RaftClientReply:client-859D8C9D7B89->65797d0d-2d4a-456d-9b24-1d63a5102722@group-BA7C392EEBCA, cid=3475, SUCCESS, logIndex=5243, commits[65797d0d-2d4a-456d-9b24-1d63a5102722:c5243, aca3f3a4-0773-4ff1-9bb5-1a871868fd09:c5241, abe1c95d-8ae2-42e9-9d83-236e3c187d51:c5241]
2019-07-09 04:31:46,368 INFO  client.GrpcClientProtocolClient (GrpcClientProtocolClient.java:onNext(255)) - client-859D8C9D7B89->65797d0d-2d4a-456d-9b24-1d63a5102722: receive RaftClientReply:client-859D8C9D7B89->65797d0d-2d4a-456d-9b24-1d63a5102722@group-BA7C392EEBCA, cid=3476, SUCCESS, logIndex=5246, commits[65797d0d-2d4a-456d-9b24-1d63a5102722:c5247, aca3f3a4-0773-4ff1-9bb5-1a871868fd09:c5242, abe1c95d-8ae2-42e9-9d83-236e3c187d51:c5243]
2019-07-09 04:31:46,368 INFO  client.GrpcClientProtocolClient (GrpcClientProtocolClient.java:onNext(255)) - client-859D8C9D7B89->65797d0d-2d4a-456d-9b24-1d63a5102722: receive RaftClientReply:client-859D8C9D7B89->65797d0d-2d4a-456d-9b24-1d63a5102722@group-BA7C392EEBCA, cid=3477, SUCCESS, logIndex=5247, commits[65797d0d-2d4a-456d-9b24-1d63a5102722:c5247, aca3f3a4-0773-4ff1-9bb5-1a871868fd09:c5243, abe1c95d-8ae2-42e9-9d83-236e3c187d51:c5243]
2019-07-09 04:31:46,380 INFO  client.GrpcClientProtocolClient (GrpcClientProtocolClient.java:onNext(255)) - client-859D8C9D7B89->65797d0d-2d4a-456d-9b24-1d63a5102722: receive RaftClientReply:client-859D8C9D7B89->65797d0d-2d4a-456d-9b24-1d63a5102722@group-BA7C392EEBCA, cid=3478, SUCCESS, logIndex=0, commits[65797d0d-2d4a-456d-9b24-1d63a5102722:c5248, aca3f3a4-0773-4ff1-9bb5-1a871868fd09:c5247, abe1c95d-8ae2-42e9-9d83-236e3c187d51:c5247]
2019-07-09 04:31:46,412 INFO  client.GrpcClientProtocolClient (GrpcClientProtocolClient.java:onNext(255)) - client-859D8C9D7B89->65797d0d-2d4a-456d-9b24-1d63a5102722: receive RaftClientReply:client-859D8C9D7B89->65797d0d-2d4a-456d-9b24-1d63a5102722@group-BA7C392EEBCA, cid=3479, SUCCESS, logIndex=5249, commits[65797d0d-2d4a-456d-9b24-1d63a5102722:c5250, aca3f3a4-0773-4ff1-9bb5-1a871868fd09:c5248, abe1c95d-8ae2-42e9-9d83-236e3c187d51:c5248]
2019-07-09 04:31:46,413 INFO  client.GrpcClientProtocolClient (GrpcClientProtocolClient.java:onNext(255)) - client-859D8C9D7B89->65797d0d-2d4a-456d-9b24-1d63a5102722: receive RaftClientReply:client-859D8C9D7B89->65797d0d-2d4a-456d-9b24-1d63a5102722@group-BA7C392EEBCA, cid=3480, SUCCESS, logIndex=5250, commits[65797d0d-2d4a-456d-9b24-1d63a5102722:c5252, aca3f3a4-0773-4ff1-9bb5-1a871868fd09:c5248, abe1c95d-8ae2-42e9-9d83-236e3c187d51:c5248]
2019-07-09 04:31:46,413 INFO  client.GrpcClientProtocolClient (GrpcClientProtocolClient.java:onNext(255)) - client-859D8C9D7B89->65797d0d-2d4a-456d-9b24-1d63a5102722: receive RaftClientReply:client-859D8C9D7B89->65797d0d-2d4a-456d-9b24-1d63a5102722@group-BA7C392EEBCA, cid=3481, SUCCESS, logIndex=5251, commits[65797d0d-2d4a-456d-9b24-1d63a5102722:c5252, aca3f3a4-0773-4ff1-9bb5-1a871868fd09:c5248, abe1c95d-8ae2-42e9-9d83-236e3c187d51:c5248]
2019-07-09 04:31:46,413 INFO  client.GrpcClientProtocolClient (GrpcClientProtocolClient.java:onNext(255)) - client-859D8C9D7B89->65797d0d-2d4a-456d-9b24-1d63a5102722: receive RaftClientReply:client-859D8C9D7B89->65797d0d-2d4a-456d-9b24-1d63a5102722@group-BA7C392EEBCA, cid=3482, SUCCESS, logIndex=5252, commits[65797d0d-2d4a-456d-9b24-1d63a5102722:c5252, aca3f3a4-0773-4ff1-9bb5-1a871868fd09:c5248, abe1c95d-8ae2-42e9-9d83-236e3c187d51:c5248]
2019-07-09 04:31:46,426 INFO  client.GrpcClientProtocolClient (GrpcClientProtocolClient.java:onNext(255)) - client-859D8C9D7B89->65797d0d-2d4a-456d-9b24-1d63a5102722: receive RaftClientReply:client-859D8C9D7B89->65797d0d-2d4a-456d-9b24-1d63a5102722@group-BA7C392EEBCA, cid=3483, SUCCESS, logIndex=0, commits[65797d0d-2d4a-456d-9b24-1d63a5102722:c5254, aca3f3a4-0773-4ff1-9bb5-1a871868fd09:c5250, abe1c95d-8ae2-42e9-9d83-236e3c187d51:c5250]
2019-07-09 04:31:46,459 INFO  client.GrpcClientProtocolClient (GrpcClientProtocolClient.java:onNext(255)) - client-859D8C9D7B89->65797d0d-2d4a-456d-9b24-1d63a5102722: receive RaftClientReply:client-859D8C9D7B89->65797d0d-2d4a-456d-9b24-1d63a5102722@group-BA7C392EEBCA, cid=3484, SUCCESS, logIndex=5257, commits[65797d0d-2d4a-456d-9b24-1d63a5102722:c5258, aca3f3a4-0773-4ff1-9bb5-1a871868fd09:c5256, abe1c95d-8ae2-42e9-9d83-236e3c187d51:c5256]
2019-07-09 04:31:46,460 INFO  client.GrpcClientProtocolClient (GrpcClientProtocolClient.java:onNext(255)) - client-859D8C9D7B89->65797d0d-2d4a-456d-9b24-1d63a5102722: receive RaftClientReply:client-859D8C9D7B89->65797d0d-2d4a-456d-9b24-1d63a5102722@group-BA7C392EEBCA, cid=3485, SUCCESS, logIndex=5258, commits[65797d0d-2d4a-456d-9b24-1d63a5102722:c5258, aca3f3a4-0773-4ff1-9bb5-1a871868fd09:c5256, abe1c95d-8ae2-42e9-9d83-236e3c187d51:c5256]
2019-07-09 04:31:46,474 INFO  client.GrpcClientProtocolClient (GrpcClientProtocolClient.java:onNext(255)) - client-859D8C9D7B89->65797d0d-2d4a-456d-9b24-1d63a5102722: receive RaftClientReply:client-859D8C9D7B89->65797d0d-2d4a-456d-9b24-1d63a5102722@group-BA7C392EEBCA, cid=3486, SUCCESS, logIndex=5261, commits[65797d0d-2d4a-456d-9b24-1d63a5102722:c5261, aca3f3a4-0773-4ff1-9bb5-1a871868fd09:c5258, abe1c95d-8ae2-42e9-9d83-236e3c187d51:c5258]
2019-07-09 04:31:46,475 INFO  client.GrpcClientProtocolClient (GrpcClientProtocolClient.java:onNext(255)) - client-859D8C9D7B89->65797d0d-2d4a-456d-9b24-1d63a5102722: receive RaftClientReply:client-859D8C9D7B89->65797d0d-2d4a-456d-9b24-1d63a5102722@group-BA7C392EEBCA, cid=3487, SUCCESS, logIndex=5262, commits[65797d0d-2d4a-456d-9b24-1d63a5102722:c5262, aca3f3a4-0773-4ff1-9bb5-1a871868fd09:c5258, abe1c95d-8ae2-42e9-9d83-236e3c187d51:c5258]
 0.00% |█                                                                                                    |  0/1 Time: 0:00:312019-07-09 04:31:46,489 INFO  client.GrpcClientProtocolClient (GrpcClientProtocolClient.java:onNext(255)) - client-859D8C9D7B89->65797d0d-2d4a-456d-9b24-1d63a5102722: receive RaftClientReply:client-859D8C9D7B89->65797d0d-2d4a-456d-9b24-1d63a5102722@group-BA7C392EEBCA, cid=3488, SUCCESS, logIndex=0, commits[65797d0d-2d4a-456d-9b24-1d63a5102722:c5264, aca3f3a4-0773-4ff1-9bb5-1a871868fd09:c5262, abe1c95d-8ae2-42e9-9d83-236e3c187d51:c5262]
2019-07-09 04:31:46,519 INFO  client.GrpcClientProtocolClient (GrpcClientProtocolClient.java:onNext(255)) - client-859D8C9D7B89->65797d0d-2d4a-456d-9b24-1d63a5102722: receive RaftClientReply:client-859D8C9D7B89->65797d0d-2d4a-456d-9b24-1d63a5102722@group-BA7C392EEBCA, cid=3489, SUCCESS, logIndex=5265, commits[65797d0d-2d4a-456d-9b24-1d63a5102722:c5266, aca3f3a4-0773-4ff1-9bb5-1a871868fd09:c5264, abe1c95d-8ae2-42e9-9d83-236e3c187d51:c5264]
2019-07-09 04:31:46,519 INFO  client.GrpcClientProtocolClient (GrpcClientProtocolClient.java:onNext(255)) - client-859D8C9D7B89->65797d0d-2d4a-456d-9b24-1d63a5102722: receive RaftClientReply:client-859D8C9D7B89->65797d0d-2d4a-456d-9b24-1d63a5102722@group-BA7C392EEBCA, cid=3490, SUCCESS, logIndex=5266, commits[65797d0d-2d4a-456d-9b24-1d63a5102722:c5268, aca3f3a4-0773-4ff1-9bb5-1a871868fd09:c5264, abe1c95d-8ae2-42e9-9d83-236e3c187d51:c5264]
2019-07-09 04:31:46,519 INFO  client.GrpcClientProtocolClient (GrpcClientProtocolClient.java:onNext(255)) - client-859D8C9D7B89->65797d0d-2d4a-456d-9b24-1d63a5102722: receive RaftClientReply:client-859D8C9D7B89->65797d0d-2d4a-456d-9b24-1d63a5102722@group-BA7C392EEBCA, cid=3491, SUCCESS, logIndex=5267, commits[65797d0d-2d4a-456d-9b24-1d63a5102722:c5268, aca3f3a4-0773-4ff1-9bb5-1a871868fd09:c5264, abe1c95d-8ae2-42e9-9d83-236e3c187d51:c5264]
2019-07-09 04:31:46,520 INFO  client.GrpcClientProtocolClient (GrpcClientProtocolClient.java:onNext(255)) - client-859D8C9D7B89->65797d0d-2d4a-456d-9b24-1d63a5102722: receive RaftClientReply:client-859D8C9D7B89->65797d0d-2d4a-456d-9b24-1d63a5102722@group-BA7C392EEBCA, cid=3492, SUCCESS, logIndex=5268, commits[65797d0d-2d4a-456d-9b24-1d63a5102722:c5268, aca3f3a4-0773-4ff1-9bb5-1a871868fd09:c5264, abe1c95d-8ae2-42e9-9d83-236e3c187d51:c5264]
2019-07-09 04:31:46,530 INFO  client.GrpcClientProtocolClient (GrpcClientProtocolClient.java:onNext(255)) - client-859D8C9D7B89->65797d0d-2d4a-456d-9b24-1d63a5102722: receive RaftClientReply:client-859D8C9D7B89->65797d0d-2d4a-456d-9b24-1d63a5102722@group-BA7C392EEBCA, cid=3493, SUCCESS, logIndex=0, commits[65797d0d-2d4a-456d-9b24-1d63a5102722:c5269, aca3f3a4-0773-4ff1-9bb5-1a871868fd09:c5266, abe1c95d-8ae2-42e9-9d83-236e3c187d51:c5266]
2019-07-09 04:31:46,549 INFO  client.GrpcClientProtocolClient (GrpcClientProtocolClient.java:onNext(255)) - client-859D8C9D7B89->65797d0d-2d4a-456d-9b24-1d63a5102722: receive RaftClientReply:client-859D8C9D7B89->65797d0d-2d4a-456d-9b24-1d63a5102722@group-BA7C392EEBCA, cid=3494, SUCCESS, logIndex=5273, commits[65797d0d-2d4a-456d-9b24-1d63a5102722:c5274, aca3f3a4-0773-4ff1-9bb5-1a871868fd09:c5272, abe1c95d-8ae2-42e9-9d83-236e3c187d51:c5272]
2019-07-09 04:31:46,549 INFO  client.GrpcClientProtocolClient (GrpcClientProtocolClient.java:onNext(255)) - client-859D8C9D7B89->65797d0d-2d4a-456d-9b24-1d63a5102722: receive RaftClientReply:client-859D8C9D7B89->65797d0d-2d4a-456d-9b24-1d63a5102722@group-BA7C392EEBCA, cid=3495, SUCCESS, logIndex=5274, commits[65797d0d-2d4a-456d-9b24-1d63a5102722:c5274, aca3f3a4-0773-4ff1-9bb5-1a871868fd09:c5272, abe1c95d-8ae2-42e9-9d83-236e3c187d51:c5272]
2019-07-09 04:31:46,562 INFO  client.GrpcClientProtocolClient (GrpcClientProtocolClient.java:onNext(255)) - client-859D8C9D7B89->65797d0d-2d4a-456d-9b24-1d63a5102722: receive RaftClientReply:client-859D8C9D7B89->65797d0d-2d4a-456d-9b24-1d63a5102722@group-BA7C392EEBCA, cid=3496, SUCCESS, logIndex=5277, commits[65797d0d-2d4a-456d-9b24-1d63a5102722:c5277, aca3f3a4-0773-4ff1-9bb5-1a871868fd09:c5274, abe1c95d-8ae2-42e9-9d83-236e3c187d51:c5274]
2019-07-09 04:31:46,563 INFO  client.GrpcClientProtocolClient (GrpcClientProtocolClient.java:onNext(255)) - client-859D8C9D7B89->65797d0d-2d4a-456d-9b24-1d63a5102722: receive RaftClientReply:client-859D8C9D7B89->65797d0d-2d4a-456d-9b24-1d63a5102722@group-BA7C392EEBCA, cid=3497, SUCCESS, logIndex=5278, commits[65797d0d-2d4a-456d-9b24-1d63a5102722:c5278, aca3f3a4-0773-4ff1-9bb5-1a871868fd09:c5274, abe1c95d-8ae2-42e9-9d83-236e3c187d51:c5274]
2019-07-09 04:31:46,618 INFO  client.GrpcClientProtocolClient (GrpcClientProtocolClient.java:onNext(255)) - client-859D8C9D7B89->65797d0d-2d4a-456d-9b24-1d63a5102722: receive RaftClientReply:client-859D8C9D7B89->65797d0d-2d4a-456d-9b24-1d63a5102722@group-BA7C392EEBCA, cid=3498, SUCCESS, logIndex=0, commits[65797d0d-2d4a-456d-9b24-1d63a5102722:c5280, aca3f3a4-0773-4ff1-9bb5-1a871868fd09:c5278, abe1c95d-8ae2-42e9-9d83-236e3c187d51:c5278]
2019-07-09 04:31:46,657 INFO  client.GrpcClientProtocolClient (GrpcClientProtocolClient.java:onNext(255)) - client-859D8C9D7B89->65797d0d-2d4a-456d-9b24-1d63a5102722: receive RaftClientReply:client-859D8C9D7B89->65797d0d-2d4a-456d-9b24-1d63a5102722@group-BA7C392EEBCA, cid=3499, SUCCESS, logIndex=5281, commits[65797d0d-2d4a-456d-9b24-1d63a5102722:c5282, aca3f3a4-0773-4ff1-9bb5-1a871868fd09:c5280, abe1c95d-8ae2-42e9-9d83-236e3c187d51:c5280]
2019-07-09 04:31:46,658 INFO  client.GrpcClientProtocolClient (GrpcClientProtocolClient.java:onNext(255)) - client-859D8C9D7B89->65797d0d-2d4a-456d-9b24-1d63a5102722: receive RaftClientReply:client-859D8C9D7B89->65797d0d-2d4a-456d-9b24-1d63a5102722@group-BA7C392EEBCA, cid=3500, SUCCESS, logIndex=5282, commits[65797d0d-2d4a-456d-9b24-1d63a5102722:c5283, aca3f3a4-0773-4ff1-9bb5-1a871868fd09:c5280, abe1c95d-8ae2-42e9-9d83-236e3c187d51:c5280]
2019-07-09 04:31:46,658 INFO  client.GrpcClientProtocolClient (GrpcClientProtocolClient.java:onNext(255)) - client-859D8C9D7B89->65797d0d-2d4a-456d-9b24-1d63a5102722: receive RaftClientReply:client-859D8C9D7B89->65797d0d-2d4a-456d-9b24-1d63a5102722@group-BA7C392EEBCA, cid=3501, SUCCESS, logIndex=5283, commits[65797d0d-2d4a-456d-9b24-1d63a5102722:c5284, aca3f3a4-0773-4ff1-9bb5-1a871868fd09:c5280, abe1c95d-8ae2-42e9-9d83-236e3c187d51:c5280]
2019-07-09 04:31:46,659 INFO  client.GrpcClientProtocolClient (GrpcClientProtocolClient.java:onNext(255)) - client-859D8C9D7B89->65797d0d-2d4a-456d-9b24-1d63a5102722: receive RaftClientReply:client-859D8C9D7B89->65797d0d-2d4a-456d-9b24-1d63a5102722@group-BA7C392EEBCA, cid=3502, SUCCESS, logIndex=5284, commits[65797d0d-2d4a-456d-9b24-1d63a5102722:c5284, aca3f3a4-0773-4ff1-9bb5-1a871868fd09:c5280, abe1c95d-8ae2-42e9-9d83-236e3c187d51:c5280]
2019-07-09 04:31:46,660 INFO  client.GrpcClientProtocolClient (GrpcClientProtocolClient.java:onNext(255)) - client-859D8C9D7B89->65797d0d-2d4a-456d-9b24-1d63a5102722: receive RaftClientReply:client-859D8C9D7B89->65797d0d-2d4a-456d-9b24-1d63a5102722@group-BA7C392EEBCA, cid=3503, SUCCESS, logIndex=0, commits[65797d0d-2d4a-456d-9b24-1d63a5102722:c5287, aca3f3a4-0773-4ff1-9bb5-1a871868fd09:c5283, abe1c95d-8ae2-42e9-9d83-236e3c187d51:c5284]
2019-07-09 04:31:46,679 INFO  client.GrpcClientProtocolClient (GrpcClientProtocolClient.java:onNext(255)) - client-859D8C9D7B89->65797d0d-2d4a-456d-9b24-1d63a5102722: receive RaftClientReply:client-859D8C9D7B89->65797d0d-2d4a-456d-9b24-1d63a5102722@group-BA7C392EEBCA, cid=3504, SUCCESS, logIndex=5289, commits[65797d0d-2d4a-456d-9b24-1d63a5102722:c5290, aca3f3a4-0773-4ff1-9bb5-1a871868fd09:c5288, abe1c95d-8ae2-42e9-9d83-236e3c187d51:c5288]
2019-07-09 04:31:46,679 INFO  client.GrpcClientProtocolClient (GrpcClientProtocolClient.java:onNext(255)) - client-859D8C9D7B89->65797d0d-2d4a-456d-9b24-1d63a5102722: receive RaftClientReply:client-859D8C9D7B89->65797d0d-2d4a-456d-9b24-1d63a5102722@group-BA7C392EEBCA, cid=3505, SUCCESS, logIndex=5290, commits[65797d0d-2d4a-456d-9b24-1d63a5102722:c5290, aca3f3a4-0773-4ff1-9bb5-1a871868fd09:c5288, abe1c95d-8ae2-42e9-9d83-236e3c187d51:c5288]
2019-07-09 04:31:46,694 INFO  client.GrpcClientProtocolClient (GrpcClientProtocolClient.java:onNext(255)) - client-859D8C9D7B89->65797d0d-2d4a-456d-9b24-1d63a5102722: receive RaftClientReply:client-859D8C9D7B89->65797d0d-2d4a-456d-9b24-1d63a5102722@group-BA7C392EEBCA, cid=3506, SUCCESS, logIndex=5293, commits[65797d0d-2d4a-456d-9b24-1d63a5102722:c5294, aca3f3a4-0773-4ff1-9bb5-1a871868fd09:c5290, abe1c95d-8ae2-42e9-9d83-236e3c187d51:c5290]
2019-07-09 04:31:46,694 INFO  client.GrpcClientProtocolClient (GrpcClientProtocolClient.java:onNext(255)) - client-859D8C9D7B89->65797d0d-2d4a-456d-9b24-1d63a5102722: receive RaftClientReply:client-859D8C9D7B89->65797d0d-2d4a-456d-9b24-1d63a5102722@group-BA7C392EEBCA, cid=3507, SUCCESS, logIndex=5294, commits[65797d0d-2d4a-456d-9b24-1d63a5102722:c5294, aca3f3a4-0773-4ff1-9bb5-1a871868fd09:c5290, abe1c95d-8ae2-42e9-9d83-236e3c187d51:c5290]
2019-07-09 04:31:46,705 INFO  client.GrpcClientProtocolClient (GrpcClientProtocolClient.java:onNext(255)) - client-859D8C9D7B89->65797d0d-2d4a-456d-9b24-1d63a5102722: receive RaftClientReply:client-859D8C9D7B89->65797d0d-2d4a-456d-9b24-1d63a5102722@group-BA7C392EEBCA, cid=3508, SUCCESS, logIndex=0, commits[65797d0d-2d4a-456d-9b24-1d63a5102722:c5295, aca3f3a4-0773-4ff1-9bb5-1a871868fd09:c5294, abe1c95d-8ae2-42e9-9d83-236e3c187d51:c5294]
2019-07-09 04:31:46,736 INFO  client.GrpcClientProtocolClient (GrpcClientProtocolClient.java:onNext(255)) - client-859D8C9D7B89->65797d0d-2d4a-456d-9b24-1d63a5102722: receive RaftClientReply:client-859D8C9D7B89->65797d0d-2d4a-456d-9b24-1d63a5102722@group-BA7C392EEBCA, cid=3509, SUCCESS, logIndex=5297, commits[65797d0d-2d4a-456d-9b24-1d63a5102722:c5298, aca3f3a4-0773-4ff1-9bb5-1a871868fd09:c5296, abe1c95d-8ae2-42e9-9d83-236e3c187d51:c5296]
2019-07-09 04:31:46,736 INFO  client.GrpcClientProtocolClient (GrpcClientProtocolClient.java:onNext(255)) - client-859D8C9D7B89->65797d0d-2d4a-456d-9b24-1d63a5102722: receive RaftClientReply:client-859D8C9D7B89->65797d0d-2d4a-456d-9b24-1d63a5102722@group-BA7C392EEBCA, cid=3510, SUCCESS, logIndex=5298, commits[65797d0d-2d4a-456d-9b24-1d63a5102722:c5299, aca3f3a4-0773-4ff1-9bb5-1a871868fd09:c5296, abe1c95d-8ae2-42e9-9d83-236e3c187d51:c5296]
2019-07-09 04:31:46,736 INFO  client.GrpcClientProtocolClient (GrpcClientProtocolClient.java:onNext(255)) - client-859D8C9D7B89->65797d0d-2d4a-456d-9b24-1d63a5102722: receive RaftClientReply:client-859D8C9D7B89->65797d0d-2d4a-456d-9b24-1d63a5102722@group-BA7C392EEBCA, cid=3511, SUCCESS, logIndex=5299, commits[65797d0d-2d4a-456d-9b24-1d63a5102722:c5300, aca3f3a4-0773-4ff1-9bb5-1a871868fd09:c5296, abe1c95d-8ae2-42e9-9d83-236e3c187d51:c5296]
2019-07-09 04:31:46,737 INFO  client.GrpcClientProtocolClient (GrpcClientProtocolClient.java:onNext(255)) - client-859D8C9D7B89->65797d0d-2d4a-456d-9b24-1d63a5102722: receive RaftClientReply:client-859D8C9D7B89->65797d0d-2d4a-456d-9b24-1d63a5102722@group-BA7C392EEBCA, cid=3512, SUCCESS, logIndex=5300, commits[65797d0d-2d4a-456d-9b24-1d63a5102722:c5300, aca3f3a4-0773-4ff1-9bb5-1a871868fd09:c5296, abe1c95d-8ae2-42e9-9d83-236e3c187d51:c5296]
2019-07-09 04:31:46,739 INFO  client.GrpcClientProtocolClient (GrpcClientProtocolClient.java:onNext(255)) - client-859D8C9D7B89->65797d0d-2d4a-456d-9b24-1d63a5102722: receive RaftClientReply:client-859D8C9D7B89->65797d0d-2d4a-456d-9b24-1d63a5102722@group-BA7C392EEBCA, cid=3513, SUCCESS, logIndex=0, commits[65797d0d-2d4a-456d-9b24-1d63a5102722:c5301, aca3f3a4-0773-4ff1-9bb5-1a871868fd09:c5298, abe1c95d-8ae2-42e9-9d83-236e3c187d51:c5298]
2019-07-09 04:31:46,753 INFO  client.GrpcClientProtocolClient (GrpcClientProtocolClient.java:onNext(255)) - client-859D8C9D7B89->65797d0d-2d4a-456d-9b24-1d63a5102722: receive RaftClientReply:client-859D8C9D7B89->65797d0d-2d4a-456d-9b24-1d63a5102722@group-BA7C392EEBCA, cid=3514, SUCCESS, logIndex=5305, commits[65797d0d-2d4a-456d-9b24-1d63a5102722:c5305, aca3f3a4-0773-4ff1-9bb5-1a871868fd09:c5300, abe1c95d-8ae2-42e9-9d83-236e3c187d51:c5303]
2019-07-09 04:31:46,754 INFO  client.GrpcClientProtocolClient (GrpcClientProtocolClient.java:onNext(255)) - client-859D8C9D7B89->65797d0d-2d4a-456d-9b24-1d63a5102722: receive RaftClientReply:client-859D8C9D7B89->65797d0d-2d4a-456d-9b24-1d63a5102722@group-BA7C392EEBCA, cid=3515, SUCCESS, logIndex=5306, commits[65797d0d-2d4a-456d-9b24-1d63a5102722:c5306, aca3f3a4-0773-4ff1-9bb5-1a871868fd09:c5303, abe1c95d-8ae2-42e9-9d83-236e3c187d51:c5303]
2019-07-09 04:31:46,769 INFO  client.GrpcClientProtocolClient (GrpcClientProtocolClient.java:onNext(255)) - client-859D8C9D7B89->65797d0d-2d4a-456d-9b24-1d63a5102722: receive RaftClientReply:client-859D8C9D7B89->65797d0d-2d4a-456d-9b24-1d63a5102722@group-BA7C392EEBCA, cid=3516, SUCCESS, logIndex=5309, commits[65797d0d-2d4a-456d-9b24-1d63a5102722:c5310, aca3f3a4-0773-4ff1-9bb5-1a871868fd09:c5306, abe1c95d-8ae2-42e9-9d83-236e3c187d51:c5306]
2019-07-09 04:31:46,769 INFO  client.GrpcClientProtocolClient (GrpcClientProtocolClient.java:onNext(255)) - client-859D8C9D7B89->65797d0d-2d4a-456d-9b24-1d63a5102722: receive RaftClientReply:client-859D8C9D7B89->65797d0d-2d4a-456d-9b24-1d63a5102722@group-BA7C392EEBCA, cid=3517, SUCCESS, logIndex=5310, commits[65797d0d-2d4a-456d-9b24-1d63a5102722:c5310, aca3f3a4-0773-4ff1-9bb5-1a871868fd09:c5306, abe1c95d-8ae2-42e9-9d83-236e3c187d51:c5306]
2019-07-09 04:31:46,783 INFO  client.GrpcClientProtocolClient (GrpcClientProtocolClient.java:onNext(255)) - client-859D8C9D7B89->65797d0d-2d4a-456d-9b24-1d63a5102722: receive RaftClientReply:client-859D8C9D7B89->65797d0d-2d4a-456d-9b24-1d63a5102722@group-BA7C392EEBCA, cid=3518, SUCCESS, logIndex=0, commits[65797d0d-2d4a-456d-9b24-1d63a5102722:c5311, aca3f3a4-0773-4ff1-9bb5-1a871868fd09:c5310, abe1c95d-8ae2-42e9-9d83-236e3c187d51:c5310]
2019-07-09 04:31:46,812 INFO  client.GrpcClientProtocolClient (GrpcClientProtocolClient.java:onNext(255)) - client-859D8C9D7B89->65797d0d-2d4a-456d-9b24-1d63a5102722: receive RaftClientReply:client-859D8C9D7B89->65797d0d-2d4a-456d-9b24-1d63a5102722@group-BA7C392EEBCA, cid=3519, SUCCESS, logIndex=5313, commits[65797d0d-2d4a-456d-9b24-1d63a5102722:c5315, aca3f3a4-0773-4ff1-9bb5-1a871868fd09:c5312, abe1c95d-8ae2-42e9-9d83-236e3c187d51:c5312]
2019-07-09 04:31:46,813 INFO  client.GrpcClientProtocolClient (GrpcClientProtocolClient.java:onNext(255)) - client-859D8C9D7B89->65797d0d-2d4a-456d-9b24-1d63a5102722: receive RaftClientReply:client-859D8C9D7B89->65797d0d-2d4a-456d-9b24-1d63a5102722@group-BA7C392EEBCA, cid=3520, SUCCESS, logIndex=5314, commits[65797d0d-2d4a-456d-9b24-1d63a5102722:c5316, aca3f3a4-0773-4ff1-9bb5-1a871868fd09:c5312, abe1c95d-8ae2-42e9-9d83-236e3c187d51:c5312]
2019-07-09 04:31:46,813 INFO  client.GrpcClientProtocolClient (GrpcClientProtocolClient.java:onNext(255)) - client-859D8C9D7B89->65797d0d-2d4a-456d-9b24-1d63a5102722: receive RaftClientReply:client-859D8C9D7B89->65797d0d-2d4a-456d-9b24-1d63a5102722@group-BA7C392EEBCA, cid=3521, SUCCESS, logIndex=5315, commits[65797d0d-2d4a-456d-9b24-1d63a5102722:c5316, aca3f3a4-0773-4ff1-9bb5-1a871868fd09:c5312, abe1c95d-8ae2-42e9-9d83-236e3c187d51:c5312]
2019-07-09 04:31:46,813 INFO  client.GrpcClientProtocolClient (GrpcClientProtocolClient.java:onNext(255)) - client-859D8C9D7B89->65797d0d-2d4a-456d-9b24-1d63a5102722: receive RaftClientReply:client-859D8C9D7B89->65797d0d-2d4a-456d-9b24-1d63a5102722@group-BA7C392EEBCA, cid=3522, SUCCESS, logIndex=5316, commits[65797d0d-2d4a-456d-9b24-1d63a5102722:c5316, aca3f3a4-0773-4ff1-9bb5-1a871868fd09:c5312, abe1c95d-8ae2-42e9-9d83-236e3c187d51:c5312]
2019-07-09 04:31:46,815 INFO  client.GrpcClientProtocolClient (GrpcClientProtocolClient.java:onNext(255)) - client-859D8C9D7B89->65797d0d-2d4a-456d-9b24-1d63a5102722: receive RaftClientReply:client-859D8C9D7B89->65797d0d-2d4a-456d-9b24-1d63a5102722@group-BA7C392EEBCA, cid=3523, SUCCESS, logIndex=0, commits[65797d0d-2d4a-456d-9b24-1d63a5102722:c5317, aca3f3a4-0773-4ff1-9bb5-1a871868fd09:c5314, abe1c95d-8ae2-42e9-9d83-236e3c187d51:c5314]
2019-07-09 04:31:46,828 INFO  client.GrpcClientProtocolClient (GrpcClientProtocolClient.java:onNext(255)) - client-859D8C9D7B89->65797d0d-2d4a-456d-9b24-1d63a5102722: receive RaftClientReply:client-859D8C9D7B89->65797d0d-2d4a-456d-9b24-1d63a5102722@group-BA7C392EEBCA, cid=3524, SUCCESS, logIndex=5321, commits[65797d0d-2d4a-456d-9b24-1d63a5102722:c5322, aca3f3a4-0773-4ff1-9bb5-1a871868fd09:c5316, abe1c95d-8ae2-42e9-9d83-236e3c187d51:c5317]
2019-07-09 04:31:46,828 INFO  client.GrpcClientProtocolClient (GrpcClientProtocolClient.java:onNext(255)) - client-859D8C9D7B89->65797d0d-2d4a-456d-9b24-1d63a5102722: receive RaftClientReply:client-859D8C9D7B89->65797d0d-2d4a-456d-9b24-1d63a5102722@group-BA7C392EEBCA, cid=3525, SUCCESS, logIndex=5322, commits[65797d0d-2d4a-456d-9b24-1d63a5102722:c5322, aca3f3a4-0773-4ff1-9bb5-1a871868fd09:c5317, abe1c95d-8ae2-42e9-9d83-236e3c187d51:c5317]
2019-07-09 04:31:46,846 INFO  client.GrpcClientProtocolClient (GrpcClientProtocolClient.java:onNext(255)) - client-859D8C9D7B89->65797d0d-2d4a-456d-9b24-1d63a5102722: receive RaftClientReply:client-859D8C9D7B89->65797d0d-2d4a-456d-9b24-1d63a5102722@group-BA7C392EEBCA, cid=3526, SUCCESS, logIndex=5325, commits[65797d0d-2d4a-456d-9b24-1d63a5102722:c5326, aca3f3a4-0773-4ff1-9bb5-1a871868fd09:c5324, abe1c95d-8ae2-42e9-9d83-236e3c187d51:c5324]
2019-07-09 04:31:46,847 INFO  client.GrpcClientProtocolClient (GrpcClientProtocolClient.java:onNext(255)) - client-859D8C9D7B89->65797d0d-2d4a-456d-9b24-1d63a5102722: receive RaftClientReply:client-859D8C9D7B89->65797d0d-2d4a-456d-9b24-1d63a5102722@group-BA7C392EEBCA, cid=3527, SUCCESS, logIndex=5326, commits[65797d0d-2d4a-456d-9b24-1d63a5102722:c5326, aca3f3a4-0773-4ff1-9bb5-1a871868fd09:c5324, abe1c95d-8ae2-42e9-9d83-236e3c187d51:c5324]
2019-07-09 04:31:46,850 INFO  client.GrpcClientProtocolClient (GrpcClientProtocolClient.java:onNext(255)) - client-859D8C9D7B89->65797d0d-2d4a-456d-9b24-1d63a5102722: receive RaftClientReply:client-859D8C9D7B89->65797d0d-2d4a-456d-9b24-1d63a5102722@group-BA7C392EEBCA, cid=3528, SUCCESS, logIndex=0, commits[65797d0d-2d4a-456d-9b24-1d63a5102722:c5328, aca3f3a4-0773-4ff1-9bb5-1a871868fd09:c5326, abe1c95d-8ae2-42e9-9d83-236e3c187d51:c5326]
2019-07-09 04:31:46,881 INFO  client.GrpcClientProtocolClient (GrpcClientProtocolClient.java:onNext(255)) - client-859D8C9D7B89->65797d0d-2d4a-456d-9b24-1d63a5102722: receive RaftClientReply:client-859D8C9D7B89->65797d0d-2d4a-456d-9b24-1d63a5102722@group-BA7C392EEBCA, cid=3529, SUCCESS, logIndex=5329, commits[65797d0d-2d4a-456d-9b24-1d63a5102722:c5330, aca3f3a4-0773-4ff1-9bb5-1a871868fd09:c5328, abe1c95d-8ae2-42e9-9d83-236e3c187d51:c5328]
2019-07-09 04:31:46,881 INFO  client.GrpcClientProtocolClient (GrpcClientProtocolClient.java:onNext(255)) - client-859D8C9D7B89->65797d0d-2d4a-456d-9b24-1d63a5102722: receive RaftClientReply:client-859D8C9D7B89->65797d0d-2d4a-456d-9b24-1d63a5102722@group-BA7C392EEBCA, cid=3530, SUCCESS, logIndex=5330, commits[65797d0d-2d4a-456d-9b24-1d63a5102722:c5332, aca3f3a4-0773-4ff1-9bb5-1a871868fd09:c5328, abe1c95d-8ae2-42e9-9d83-236e3c187d51:c5328]
2019-07-09 04:31:46,882 INFO  client.GrpcClientProtocolClient (GrpcClientProtocolClient.java:onNext(255)) - client-859D8C9D7B89->65797d0d-2d4a-456d-9b24-1d63a5102722: receive RaftClientReply:client-859D8C9D7B89->65797d0d-2d4a-456d-9b24-1d63a5102722@group-BA7C392EEBCA, cid=3531, SUCCESS, logIndex=5331, commits[65797d0d-2d4a-456d-9b24-1d63a5102722:c5332, aca3f3a4-0773-4ff1-9bb5-1a871868fd09:c5328, abe1c95d-8ae2-42e9-9d83-236e3c187d51:c5328]
2019-07-09 04:31:46,882 INFO  client.GrpcClientProtocolClient (GrpcClientProtocolClient.java:onNext(255)) - client-859D8C9D7B89->65797d0d-2d4a-456d-9b24-1d63a5102722: receive RaftClientReply:client-859D8C9D7B89->65797d0d-2d4a-456d-9b24-1d63a5102722@group-BA7C392EEBCA, cid=3532, SUCCESS, logIndex=5332, commits[65797d0d-2d4a-456d-9b24-1d63a5102722:c5332, aca3f3a4-0773-4ff1-9bb5-1a871868fd09:c5328, abe1c95d-8ae2-42e9-9d83-236e3c187d51:c5328]
2019-07-09 04:31:46,897 INFO  client.GrpcClientProtocolClient (GrpcClientProtocolClient.java:onNext(255)) - client-859D8C9D7B89->65797d0d-2d4a-456d-9b24-1d63a5102722: receive RaftClientReply:client-859D8C9D7B89->65797d0d-2d4a-456d-9b24-1d63a5102722@group-BA7C392EEBCA, cid=3533, SUCCESS, logIndex=0, commits[65797d0d-2d4a-456d-9b24-1d63a5102722:c5336, aca3f3a4-0773-4ff1-9bb5-1a871868fd09:c5330, abe1c95d-8ae2-42e9-9d83-236e3c187d51:c5332]
2019-07-09 04:31:46,903 INFO  segmented.SegmentedRaftLogWorker (SegmentedRaftLogWorker.java:rollLogSegment(385)) - 65797d0d-2d4a-456d-9b24-1d63a5102722-SegmentedRaftLogWorker:Storage Directory /tmp/workdir/hadoop-ozone/tools/target/test-dir/MiniOzoneClusterImpl-b0fa6fef-587f-46b0-9554-d857b85229ce/datanode-3/data/ratis/2f82e371-4564-4f0e-805d-ba7c392eebca: Rolling segment log-0_5337 to index:5337
2019-07-09 04:31:46,905 INFO  segmented.SegmentedRaftLogWorker (SegmentedRaftLogWorker.java:rollLogSegment(385)) - aca3f3a4-0773-4ff1-9bb5-1a871868fd09-SegmentedRaftLogWorker:Storage Directory /tmp/workdir/hadoop-ozone/tools/target/test-dir/MiniOzoneClusterImpl-b0fa6fef-587f-46b0-9554-d857b85229ce/datanode-2/data/ratis/2f82e371-4564-4f0e-805d-ba7c392eebca: Rolling segment log-0_5337 to index:5337
2019-07-09 04:31:46,906 INFO  segmented.SegmentedRaftLogWorker (SegmentedRaftLogWorker.java:rollLogSegment(385)) - abe1c95d-8ae2-42e9-9d83-236e3c187d51-SegmentedRaftLogWorker:Storage Directory /tmp/workdir/hadoop-ozone/tools/target/test-dir/MiniOzoneClusterImpl-b0fa6fef-587f-46b0-9554-d857b85229ce/datanode-0/data/ratis/2f82e371-4564-4f0e-805d-ba7c392eebca: Rolling segment log-0_5337 to index:5337
2019-07-09 04:31:46,916 INFO  segmented.SegmentedRaftLogWorker (SegmentedRaftLogWorker.java:execute(526)) - 65797d0d-2d4a-456d-9b24-1d63a5102722-SegmentedRaftLogWorker:Storage Directory /tmp/workdir/hadoop-ozone/tools/target/test-dir/MiniOzoneClusterImpl-b0fa6fef-587f-46b0-9554-d857b85229ce/datanode-3/data/ratis/2f82e371-4564-4f0e-805d-ba7c392eebca: Rolled log segment from /tmp/workdir/hadoop-ozone/tools/target/test-dir/MiniOzoneClusterImpl-b0fa6fef-587f-46b0-9554-d857b85229ce/datanode-3/data/ratis/2f82e371-4564-4f0e-805d-ba7c392eebca/current/log_inprogress_0 to /tmp/workdir/hadoop-ozone/tools/target/test-dir/MiniOzoneClusterImpl-b0fa6fef-587f-46b0-9554-d857b85229ce/datanode-3/data/ratis/2f82e371-4564-4f0e-805d-ba7c392eebca/current/log_0-5337
2019-07-09 04:31:46,916 INFO  segmented.SegmentedRaftLogWorker (SegmentedRaftLogWorker.java:execute(526)) - abe1c95d-8ae2-42e9-9d83-236e3c187d51-SegmentedRaftLogWorker:Storage Directory /tmp/workdir/hadoop-ozone/tools/target/test-dir/MiniOzoneClusterImpl-b0fa6fef-587f-46b0-9554-d857b85229ce/datanode-0/data/ratis/2f82e371-4564-4f0e-805d-ba7c392eebca: Rolled log segment from /tmp/workdir/hadoop-ozone/tools/target/test-dir/MiniOzoneClusterImpl-b0fa6fef-587f-46b0-9554-d857b85229ce/datanode-0/data/ratis/2f82e371-4564-4f0e-805d-ba7c392eebca/current/log_inprogress_0 to /tmp/workdir/hadoop-ozone/tools/target/test-dir/MiniOzoneClusterImpl-b0fa6fef-587f-46b0-9554-d857b85229ce/datanode-0/data/ratis/2f82e371-4564-4f0e-805d-ba7c392eebca/current/log_0-5337
2019-07-09 04:31:46,916 INFO  segmented.SegmentedRaftLogWorker (SegmentedRaftLogWorker.java:execute(526)) - aca3f3a4-0773-4ff1-9bb5-1a871868fd09-SegmentedRaftLogWorker:Storage Directory /tmp/workdir/hadoop-ozone/tools/target/test-dir/MiniOzoneClusterImpl-b0fa6fef-587f-46b0-9554-d857b85229ce/datanode-2/data/ratis/2f82e371-4564-4f0e-805d-ba7c392eebca: Rolled log segment from /tmp/workdir/hadoop-ozone/tools/target/test-dir/MiniOzoneClusterImpl-b0fa6fef-587f-46b0-9554-d857b85229ce/datanode-2/data/ratis/2f82e371-4564-4f0e-805d-ba7c392eebca/current/log_inprogress_0 to /tmp/workdir/hadoop-ozone/tools/target/test-dir/MiniOzoneClusterImpl-b0fa6fef-587f-46b0-9554-d857b85229ce/datanode-2/data/ratis/2f82e371-4564-4f0e-805d-ba7c392eebca/current/log_0-5337
2019-07-09 04:31:46,920 INFO  client.GrpcClientProtocolClient (GrpcClientProtocolClient.java:onNext(255)) - client-859D8C9D7B89->65797d0d-2d4a-456d-9b24-1d63a5102722: receive RaftClientReply:client-859D8C9D7B89->65797d0d-2d4a-456d-9b24-1d63a5102722@group-BA7C392EEBCA, cid=3534, SUCCESS, logIndex=5337, commits[65797d0d-2d4a-456d-9b24-1d63a5102722:c5337, aca3f3a4-0773-4ff1-9bb5-1a871868fd09:c5336, abe1c95d-8ae2-42e9-9d83-236e3c187d51:c5336]
2019-07-09 04:31:46,965 INFO  segmented.SegmentedRaftLogWorker (SegmentedRaftLogWorker.java:execute(569)) - 65797d0d-2d4a-456d-9b24-1d63a5102722-SegmentedRaftLogWorker:Storage Directory /tmp/workdir/hadoop-ozone/tools/target/test-dir/MiniOzoneClusterImpl-b0fa6fef-587f-46b0-9554-d857b85229ce/datanode-3/data/ratis/2f82e371-4564-4f0e-805d-ba7c392eebca: created new log segment /tmp/workdir/hadoop-ozone/tools/target/test-dir/MiniOzoneClusterImpl-b0fa6fef-587f-46b0-9554-d857b85229ce/datanode-3/data/ratis/2f82e371-4564-4f0e-805d-ba7c392eebca/current/log_inprogress_5338
2019-07-09 04:31:46,965 INFO  segmented.SegmentedRaftLogWorker (SegmentedRaftLogWorker.java:execute(569)) - abe1c95d-8ae2-42e9-9d83-236e3c187d51-SegmentedRaftLogWorker:Storage Directory /tmp/workdir/hadoop-ozone/tools/target/test-dir/MiniOzoneClusterImpl-b0fa6fef-587f-46b0-9554-d857b85229ce/datanode-0/data/ratis/2f82e371-4564-4f0e-805d-ba7c392eebca: created new log segment /tmp/workdir/hadoop-ozone/tools/target/test-dir/MiniOzoneClusterImpl-b0fa6fef-587f-46b0-9554-d857b85229ce/datanode-0/data/ratis/2f82e371-4564-4f0e-805d-ba7c392eebca/current/log_inprogress_5338
2019-07-09 04:31:46,965 INFO  segmented.SegmentedRaftLogWorker (SegmentedRaftLogWorker.java:execute(569)) - aca3f3a4-0773-4ff1-9bb5-1a871868fd09-SegmentedRaftLogWorker:Storage Directory /tmp/workdir/hadoop-ozone/tools/target/test-dir/MiniOzoneClusterImpl-b0fa6fef-587f-46b0-9554-d857b85229ce/datanode-2/data/ratis/2f82e371-4564-4f0e-805d-ba7c392eebca: created new log segment /tmp/workdir/hadoop-ozone/tools/target/test-dir/MiniOzoneClusterImpl-b0fa6fef-587f-46b0-9554-d857b85229ce/datanode-2/data/ratis/2f82e371-4564-4f0e-805d-ba7c392eebca/current/log_inprogress_5338
2019-07-09 04:31:46,979 INFO  client.GrpcClientProtocolClient (GrpcClientProtocolClient.java:onNext(255)) - client-859D8C9D7B89->65797d0d-2d4a-456d-9b24-1d63a5102722: receive RaftClientReply:client-859D8C9D7B89->65797d0d-2d4a-456d-9b24-1d63a5102722@group-BA7C392EEBCA, cid=3535, SUCCESS, logIndex=5338, commits[65797d0d-2d4a-456d-9b24-1d63a5102722:c5339, aca3f3a4-0773-4ff1-9bb5-1a871868fd09:c5337, abe1c95d-8ae2-42e9-9d83-236e3c187d51:c5337]
2019-07-09 04:31:47,112 INFO  client.GrpcClientProtocolClient (GrpcClientProtocolClient.java:onNext(255)) - client-859D8C9D7B89->65797d0d-2d4a-456d-9b24-1d63a5102722: receive RaftClientReply:client-859D8C9D7B89->65797d0d-2d4a-456d-9b24-1d63a5102722@group-BA7C392EEBCA, cid=3536, SUCCESS, logIndex=5341, commits[65797d0d-2d4a-456d-9b24-1d63a5102722:c5342, aca3f3a4-0773-4ff1-9bb5-1a871868fd09:c5340, abe1c95d-8ae2-42e9-9d83-236e3c187d51:c5340]
2019-07-09 04:31:47,112 INFO  client.GrpcClientProtocolClient (GrpcClientProtocolClient.java:onNext(255)) - client-859D8C9D7B89->65797d0d-2d4a-456d-9b24-1d63a5102722: receive RaftClientReply:client-859D8C9D7B89->65797d0d-2d4a-456d-9b24-1d63a5102722@group-BA7C392EEBCA, cid=3537, SUCCESS, logIndex=5342, commits[65797d0d-2d4a-456d-9b24-1d63a5102722:c5342, aca3f3a4-0773-4ff1-9bb5-1a871868fd09:c5340, abe1c95d-8ae2-42e9-9d83-236e3c187d51:c5340]
2019-07-09 04:31:47,127 INFO  client.GrpcClientProtocolClient (GrpcClientProtocolClient.java:onNext(255)) - client-859D8C9D7B89->65797d0d-2d4a-456d-9b24-1d63a5102722: receive RaftClientReply:client-859D8C9D7B89->65797d0d-2d4a-456d-9b24-1d63a5102722@group-BA7C392EEBCA, cid=3538, SUCCESS, logIndex=0, commits[65797d0d-2d4a-456d-9b24-1d63a5102722:c5344, aca3f3a4-0773-4ff1-9bb5-1a871868fd09:c5342, abe1c95d-8ae2-42e9-9d83-236e3c187d51:c5342]
 0.00% |█                                                                                                    |  0/1 Time: 0:00:322019-07-09 04:31:48,149 INFO  client.GrpcClientProtocolClient (GrpcClientProtocolClient.java:onNext(255)) - client-859D8C9D7B89->65797d0d-2d4a-456d-9b24-1d63a5102722: receive RaftClientReply:client-859D8C9D7B89->65797d0d-2d4a-456d-9b24-1d63a5102722@group-BA7C392EEBCA, cid=3539, SUCCESS, logIndex=5345, commits[65797d0d-2d4a-456d-9b24-1d63a5102722:c5348, aca3f3a4-0773-4ff1-9bb5-1a871868fd09:c5342, abe1c95d-8ae2-42e9-9d83-236e3c187d51:c5344]
2019-07-09 04:31:48,153 INFO  client.GrpcClientProtocolClient (GrpcClientProtocolClient.java:onNext(255)) - client-859D8C9D7B89->65797d0d-2d4a-456d-9b24-1d63a5102722: receive RaftClientReply:client-859D8C9D7B89->65797d0d-2d4a-456d-9b24-1d63a5102722@group-BA7C392EEBCA, cid=3540, SUCCESS, logIndex=5346, commits[65797d0d-2d4a-456d-9b24-1d63a5102722:c5348, aca3f3a4-0773-4ff1-9bb5-1a871868fd09:c5342, abe1c95d-8ae2-42e9-9d83-236e3c187d51:c5344]
2019-07-09 04:31:48,153 INFO  client.GrpcClientProtocolClient (GrpcClientProtocolClient.java:onNext(255)) - client-859D8C9D7B89->65797d0d-2d4a-456d-9b24-1d63a5102722: receive RaftClientReply:client-859D8C9D7B89->65797d0d-2d4a-456d-9b24-1d63a5102722@group-BA7C392EEBCA, cid=3541, SUCCESS, logIndex=5347, commits[65797d0d-2d4a-456d-9b24-1d63a5102722:c5348, aca3f3a4-0773-4ff1-9bb5-1a871868fd09:c5342, abe1c95d-8ae2-42e9-9d83-236e3c187d51:c5344]
2019-07-09 04:31:48,154 INFO  client.GrpcClientProtocolClient (GrpcClientProtocolClient.java:onNext(255)) - client-859D8C9D7B89->65797d0d-2d4a-456d-9b24-1d63a5102722: receive RaftClientReply:client-859D8C9D7B89->65797d0d-2d4a-456d-9b24-1d63a5102722@group-BA7C392EEBCA, cid=3542, SUCCESS, logIndex=5348, commits[65797d0d-2d4a-456d-9b24-1d63a5102722:c5348, aca3f3a4-0773-4ff1-9bb5-1a871868fd09:c5342, abe1c95d-8ae2-42e9-9d83-236e3c187d51:c5344]
 0.00% |█                                                                                                    |  0/1 Time: 0:00:33 0.00% |█                                                                                                    |  0/1 Time: 0:00:342019-07-09 04:31:50,432 WARN  server.GrpcLogAppender (GrpcLogAppender.java:timeoutAppendRequest(200)) - GrpcLogAppender(65797d0d-2d4a-456d-9b24-1d63a5102722->aca3f3a4-0773-4ff1-9bb5-1a871868fd09): appendEntries Timeout, request=65797d0d-2d4a-456d-9b24-1d63a5102722->aca3f3a4-0773-4ff1-9bb5-1a871868fd09#5386-t1, previous=(t:1, i:5344), leaderCommit=5344, initializing? false, entries: size=1, first=(t:1, i:5345), STATEMACHINELOGENTRY, client-859D8C9D7B89, cid=3539
2019-07-09 04:31:50,433 WARN  server.GrpcLogAppender (GrpcLogAppender.java:timeoutAppendRequest(200)) - GrpcLogAppender(65797d0d-2d4a-456d-9b24-1d63a5102722->aca3f3a4-0773-4ff1-9bb5-1a871868fd09): appendEntries Timeout, request=65797d0d-2d4a-456d-9b24-1d63a5102722->aca3f3a4-0773-4ff1-9bb5-1a871868fd09#5387-t1, previous=(t:1, i:5345), leaderCommit=5344, initializing? false, entries: size=1, first=(t:1, i:5346), STATEMACHINELOGENTRY, client-859D8C9D7B89, cid=3540
2019-07-09 04:31:50,434 WARN  server.GrpcLogAppender (GrpcLogAppender.java:timeoutAppendRequest(200)) - GrpcLogAppender(65797d0d-2d4a-456d-9b24-1d63a5102722->aca3f3a4-0773-4ff1-9bb5-1a871868fd09): appendEntries Timeout, request=65797d0d-2d4a-456d-9b24-1d63a5102722->aca3f3a4-0773-4ff1-9bb5-1a871868fd09#5388-t1, previous=(t:1, i:5346), leaderCommit=5344, initializing? false, entries: size=1, first=(t:1, i:5347), STATEMACHINELOGENTRY, client-859D8C9D7B89, cid=3541
2019-07-09 04:31:50,435 WARN  server.GrpcLogAppender (GrpcLogAppender.java:timeoutAppendRequest(200)) - GrpcLogAppender(65797d0d-2d4a-456d-9b24-1d63a5102722->aca3f3a4-0773-4ff1-9bb5-1a871868fd09): appendEntries Timeout, request=65797d0d-2d4a-456d-9b24-1d63a5102722->aca3f3a4-0773-4ff1-9bb5-1a871868fd09#5389-t1, previous=(t:1, i:5347), leaderCommit=5344, initializing? false, entries: size=1, first=(t:1, i:5348), STATEMACHINELOGENTRY, client-859D8C9D7B89, cid=3542
 0.00% |█                                                                                                    |  0/1 Time: 0:00:352019-07-09 04:31:50,935 WARN  server.GrpcLogAppender (GrpcLogAppender.java:timeoutAppendRequest(200)) - GrpcLogAppender(65797d0d-2d4a-456d-9b24-1d63a5102722->aca3f3a4-0773-4ff1-9bb5-1a871868fd09): appendEntries Timeout, request=65797d0d-2d4a-456d-9b24-1d63a5102722->aca3f3a4-0773-4ff1-9bb5-1a871868fd09#5390-t1, previous=(t:1, i:5348), leaderCommit=5344, initializing? false, entries: <empty>
2019-07-09 04:31:50,999 WARN  server.GrpcLogAppender (GrpcLogAppender.java:onNextImpl(250)) - org.apache.ratis.grpc.server.GrpcLogAppender$AppendLogResponseHandler@3dc9f3c1: Request not found, ignoring reply: 65797d0d-2d4a-456d-9b24-1d63a5102722<-aca3f3a4-0773-4ff1-9bb5-1a871868fd09#5386:OK,SUCCESS,nextIndex:5346,term:1,followerCommit:5344
2019-07-09 04:31:51,002 WARN  server.GrpcLogAppender (GrpcLogAppender.java:onNextImpl(250)) - org.apache.ratis.grpc.server.GrpcLogAppender$AppendLogResponseHandler@3dc9f3c1: Request not found, ignoring reply: 65797d0d-2d4a-456d-9b24-1d63a5102722<-aca3f3a4-0773-4ff1-9bb5-1a871868fd09#5387:OK,SUCCESS,nextIndex:5347,term:1,followerCommit:5344
2019-07-09 04:31:51,003 WARN  server.GrpcLogAppender (GrpcLogAppender.java:onNextImpl(250)) - org.apache.ratis.grpc.server.GrpcLogAppender$AppendLogResponseHandler@3dc9f3c1: Request not found, ignoring reply: 65797d0d-2d4a-456d-9b24-1d63a5102722<-aca3f3a4-0773-4ff1-9bb5-1a871868fd09#5388:OK,SUCCESS,nextIndex:5348,term:1,followerCommit:5344
2019-07-09 04:31:51,003 WARN  server.GrpcLogAppender (GrpcLogAppender.java:onNextImpl(250)) - org.apache.ratis.grpc.server.GrpcLogAppender$AppendLogResponseHandler@3dc9f3c1: Request not found, ignoring reply: 65797d0d-2d4a-456d-9b24-1d63a5102722<-aca3f3a4-0773-4ff1-9bb5-1a871868fd09#5389:OK,SUCCESS,nextIndex:5349,term:1,followerCommit:5344
2019-07-09 04:31:51,003 WARN  server.GrpcLogAppender (GrpcLogAppender.java:onNextImpl(250)) - org.apache.ratis.grpc.server.GrpcLogAppender$AppendLogResponseHandler@3dc9f3c1: Request not found, ignoring reply: 65797d0d-2d4a-456d-9b24-1d63a5102722<-aca3f3a4-0773-4ff1-9bb5-1a871868fd09#5390:OK,SUCCESS,nextIndex:5349,term:1,followerCommit:5344
2019-07-09 04:31:51,149 WARN  server.GrpcLogAppender (GrpcLogAppender.java:timeoutAppendRequest(200)) - GrpcLogAppender(65797d0d-2d4a-456d-9b24-1d63a5102722->abe1c95d-8ae2-42e9-9d83-236e3c187d51): appendEntries Timeout, request=65797d0d-2d4a-456d-9b24-1d63a5102722->abe1c95d-8ae2-42e9-9d83-236e3c187d51#5392-t1, previous=(t:1, i:5349), leaderCommit=5348, initializing? false, entries: size=1, first=(t:1, i:5350), METADATAENTRY(c5348)
2019-07-09 04:31:51,149 WARN  server.GrpcLogAppender (GrpcLogAppender.java:timeoutAppendRequest(200)) - GrpcLogAppender(65797d0d-2d4a-456d-9b24-1d63a5102722->aca3f3a4-0773-4ff1-9bb5-1a871868fd09): appendEntries Timeout, request=65797d0d-2d4a-456d-9b24-1d63a5102722->aca3f3a4-0773-4ff1-9bb5-1a871868fd09#5391-t1, previous=(t:1, i:5348), leaderCommit=5348, initializing? false, entries: size=1, first=(t:1, i:5349), METADATAENTRY(c5345)
2019-07-09 04:31:51,149 WARN  server.GrpcLogAppender (GrpcLogAppender.java:timeoutAppendRequest(200)) - GrpcLogAppender(65797d0d-2d4a-456d-9b24-1d63a5102722->aca3f3a4-0773-4ff1-9bb5-1a871868fd09): appendEntries Timeout, request=65797d0d-2d4a-456d-9b24-1d63a5102722->aca3f3a4-0773-4ff1-9bb5-1a871868fd09#5392-t1, previous=(t:1, i:5349), leaderCommit=5348, initializing? false, entries: size=1, first=(t:1, i:5350), METADATAENTRY(c5348)
 0.00% |█                                                                                                    |  0/1 Time: 0:00:362019-07-09 04:31:51,649 WARN  server.GrpcLogAppender (GrpcLogAppender.java:timeoutAppendRequest(200)) - GrpcLogAppender(65797d0d-2d4a-456d-9b24-1d63a5102722->abe1c95d-8ae2-42e9-9d83-236e3c187d51): appendEntries Timeout, request=65797d0d-2d4a-456d-9b24-1d63a5102722->abe1c95d-8ae2-42e9-9d83-236e3c187d51#5393-t1, previous=(t:1, i:5350), leaderCommit=5348, initializing? false, entries: <empty>
2019-07-09 04:31:51,649 WARN  server.GrpcLogAppender (GrpcLogAppender.java:timeoutAppendRequest(200)) - GrpcLogAppender(65797d0d-2d4a-456d-9b24-1d63a5102722->aca3f3a4-0773-4ff1-9bb5-1a871868fd09): appendEntries Timeout, request=65797d0d-2d4a-456d-9b24-1d63a5102722->aca3f3a4-0773-4ff1-9bb5-1a871868fd09#5393-t1, previous=(t:1, i:5350), leaderCommit=5348, initializing? false, entries: <empty>
2019-07-09 04:31:52,149 WARN  server.GrpcLogAppender (GrpcLogAppender.java:timeoutAppendRequest(200)) - GrpcLogAppender(65797d0d-2d4a-456d-9b24-1d63a5102722->abe1c95d-8ae2-42e9-9d83-236e3c187d51): appendEntries Timeout, request=65797d0d-2d4a-456d-9b24-1d63a5102722->abe1c95d-8ae2-42e9-9d83-236e3c187d51#5394-t1, previous=(t:1, i:5350), leaderCommit=5348, initializing? false, entries: <empty>
2019-07-09 04:31:52,149 WARN  server.GrpcLogAppender (GrpcLogAppender.java:timeoutAppendRequest(200)) - GrpcLogAppender(65797d0d-2d4a-456d-9b24-1d63a5102722->aca3f3a4-0773-4ff1-9bb5-1a871868fd09): appendEntries Timeout, request=65797d0d-2d4a-456d-9b24-1d63a5102722->aca3f3a4-0773-4ff1-9bb5-1a871868fd09#5394-t1, previous=(t:1, i:5350), leaderCommit=5348, initializing? false, entries: <empty>
 0.00% |█                                                                                                    |  0/1 Time: 0:00:372019-07-09 04:31:52,649 WARN  server.GrpcLogAppender (GrpcLogAppender.java:timeoutAppendRequest(200)) - GrpcLogAppender(65797d0d-2d4a-456d-9b24-1d63a5102722->abe1c95d-8ae2-42e9-9d83-236e3c187d51): appendEntries Timeout, request=65797d0d-2d4a-456d-9b24-1d63a5102722->abe1c95d-8ae2-42e9-9d83-236e3c187d51#5395-t1, previous=(t:1, i:5350), leaderCommit=5348, initializing? false, entries: <empty>
2019-07-09 04:31:52,649 WARN  server.GrpcLogAppender (GrpcLogAppender.java:timeoutAppendRequest(200)) - GrpcLogAppender(65797d0d-2d4a-456d-9b24-1d63a5102722->aca3f3a4-0773-4ff1-9bb5-1a871868fd09): appendEntries Timeout, request=65797d0d-2d4a-456d-9b24-1d63a5102722->aca3f3a4-0773-4ff1-9bb5-1a871868fd09#5395-t1, previous=(t:1, i:5350), leaderCommit=5348, initializing? false, entries: <empty>
2019-07-09 04:31:53,150 WARN  server.GrpcLogAppender (GrpcLogAppender.java:timeoutAppendRequest(200)) - GrpcLogAppender(65797d0d-2d4a-456d-9b24-1d63a5102722->abe1c95d-8ae2-42e9-9d83-236e3c187d51): appendEntries Timeout, request=65797d0d-2d4a-456d-9b24-1d63a5102722->abe1c95d-8ae2-42e9-9d83-236e3c187d51#5396-t1, previous=(t:1, i:5350), leaderCommit=5348, initializing? false, entries: <empty>
2019-07-09 04:31:53,150 WARN  server.GrpcLogAppender (GrpcLogAppender.java:timeoutAppendRequest(200)) - GrpcLogAppender(65797d0d-2d4a-456d-9b24-1d63a5102722->aca3f3a4-0773-4ff1-9bb5-1a871868fd09): appendEntries Timeout, request=65797d0d-2d4a-456d-9b24-1d63a5102722->aca3f3a4-0773-4ff1-9bb5-1a871868fd09#5396-t1, previous=(t:1, i:5350), leaderCommit=5348, initializing? false, entries: <empty>
2019-07-09 04:31:53,156 WARN  scm.XceiverClientRatis (XceiverClientRatis.java:watchForCommit(262)) - 3 way commit failed 
java.util.concurrent.TimeoutException
	at java.util.concurrent.CompletableFuture.timedGet(CompletableFuture.java:1771)
	at java.util.concurrent.CompletableFuture.get(CompletableFuture.java:1915)
	at org.apache.hadoop.hdds.scm.XceiverClientRatis.watchForCommit(XceiverClientRatis.java:259)
	at org.apache.hadoop.hdds.scm.storage.CommitWatcher.watchForCommit(CommitWatcher.java:194)
	at org.apache.hadoop.hdds.scm.storage.CommitWatcher.watchOnFirstIndex(CommitWatcher.java:135)
	at org.apache.hadoop.hdds.scm.storage.BlockOutputStream.watchForCommit(BlockOutputStream.java:355)
	at org.apache.hadoop.hdds.scm.storage.BlockOutputStream.handleFullBuffer(BlockOutputStream.java:332)
	at org.apache.hadoop.hdds.scm.storage.BlockOutputStream.write(BlockOutputStream.java:259)
	at org.apache.hadoop.ozone.client.io.BlockOutputStreamEntry.write(BlockOutputStreamEntry.java:129)
	at org.apache.hadoop.ozone.client.io.KeyOutputStream.handleWrite(KeyOutputStream.java:211)
	at org.apache.hadoop.ozone.client.io.KeyOutputStream.write(KeyOutputStream.java:193)
	at org.apache.hadoop.ozone.client.io.OzoneOutputStream.write(OzoneOutputStream.java:49)
	at org.apache.hadoop.ozone.freon.RandomKeyGenerator$KeyProcessor.run(RandomKeyGenerator.java:693)
	at java.util.concurrent.Executors$RunnableAdapter.call(Executors.java:511)
	at java.util.concurrent.FutureTask.run(FutureTask.java:266)
	at java.util.concurrent.ThreadPoolExecutor.runWorker(ThreadPoolExecutor.java:1149)
	at java.util.concurrent.ThreadPoolExecutor$Worker.run(ThreadPoolExecutor.java:624)
	at java.lang.Thread.run(Thread.java:748)
2019-07-09 04:31:53,160 INFO  client.GrpcClientProtocolClient (GrpcClientProtocolClient.java:onNext(255)) - client-859D8C9D7B89->65797d0d-2d4a-456d-9b24-1d63a5102722: receive RaftClientReply:client-859D8C9D7B89->65797d0d-2d4a-456d-9b24-1d63a5102722@group-BA7C392EEBCA, cid=3544, SUCCESS, logIndex=0, commits[65797d0d-2d4a-456d-9b24-1d63a5102722:c5349, aca3f3a4-0773-4ff1-9bb5-1a871868fd09:c5342, abe1c95d-8ae2-42e9-9d83-236e3c187d51:c5348]
2019-07-09 04:31:53,163 INFO  scm.XceiverClientRatis (XceiverClientRatis.java:lambda$watchForCommit$7(280)) - Could not commit 5346 to all the nodes. Server aca3f3a4-0773-4ff1-9bb5-1a871868fd09 has failed. Committed by majority.
 0.00% |█                                                                                                    |  0/1 Time: 0:00:382019-07-09 04:31:53,650 WARN  server.GrpcLogAppender (GrpcLogAppender.java:timeoutAppendRequest(200)) - GrpcLogAppender(65797d0d-2d4a-456d-9b24-1d63a5102722->abe1c95d-8ae2-42e9-9d83-236e3c187d51): appendEntries Timeout, request=65797d0d-2d4a-456d-9b24-1d63a5102722->abe1c95d-8ae2-42e9-9d83-236e3c187d51#5397-t1, previous=(t:1, i:5350), leaderCommit=5348, initializing? false, entries: <empty>
2019-07-09 04:31:53,650 WARN  server.GrpcLogAppender (GrpcLogAppender.java:timeoutAppendRequest(200)) - GrpcLogAppender(65797d0d-2d4a-456d-9b24-1d63a5102722->aca3f3a4-0773-4ff1-9bb5-1a871868fd09): appendEntries Timeout, request=65797d0d-2d4a-456d-9b24-1d63a5102722->aca3f3a4-0773-4ff1-9bb5-1a871868fd09#5397-t1, previous=(t:1, i:5350), leaderCommit=5348, initializing? false, entries: <empty>
2019-07-09 04:31:54,423 WARN  server.GrpcLogAppender (GrpcLogAppender.java:onNextImpl(250)) - org.apache.ratis.grpc.server.GrpcLogAppender$AppendLogResponseHandler@3dc9f3c1: Request not found, ignoring reply: 65797d0d-2d4a-456d-9b24-1d63a5102722<-aca3f3a4-0773-4ff1-9bb5-1a871868fd09#5391:OK,SUCCESS,nextIndex:5350,term:1,followerCommit:5348
2019-07-09 04:31:54,423 WARN  server.GrpcLogAppender (GrpcLogAppender.java:onNextImpl(250)) - org.apache.ratis.grpc.server.GrpcLogAppender$AppendLogResponseHandler@3dc9f3c1: Request not found, ignoring reply: 65797d0d-2d4a-456d-9b24-1d63a5102722<-aca3f3a4-0773-4ff1-9bb5-1a871868fd09#5392:OK,SUCCESS,nextIndex:5351,term:1,followerCommit:5348
2019-07-09 04:31:54,424 WARN  server.GrpcLogAppender (GrpcLogAppender.java:onNextImpl(250)) - org.apache.ratis.grpc.server.GrpcLogAppender$AppendLogResponseHandler@3dc9f3c1: Request not found, ignoring reply: 65797d0d-2d4a-456d-9b24-1d63a5102722<-aca3f3a4-0773-4ff1-9bb5-1a871868fd09#5393:OK,SUCCESS,nextIndex:5351,term:1,followerCommit:5344
2019-07-09 04:31:54,424 WARN  server.GrpcLogAppender (GrpcLogAppender.java:onNextImpl(250)) - org.apache.ratis.grpc.server.GrpcLogAppender$AppendLogResponseHandler@3dc9f3c1: Request not found, ignoring reply: 65797d0d-2d4a-456d-9b24-1d63a5102722<-aca3f3a4-0773-4ff1-9bb5-1a871868fd09#5394:OK,SUCCESS,nextIndex:5351,term:1,followerCommit:5344
2019-07-09 04:31:54,424 WARN  server.GrpcLogAppender (GrpcLogAppender.java:onNextImpl(250)) - org.apache.ratis.grpc.server.GrpcLogAppender$AppendLogResponseHandler@3dc9f3c1: Request not found, ignoring reply: 65797d0d-2d4a-456d-9b24-1d63a5102722<-aca3f3a4-0773-4ff1-9bb5-1a871868fd09#5395:OK,SUCCESS,nextIndex:5351,term:1,followerCommit:5344
2019-07-09 04:31:54,424 WARN  server.GrpcLogAppender (GrpcLogAppender.java:onNextImpl(250)) - org.apache.ratis.grpc.server.GrpcLogAppender$AppendLogResponseHandler@3dc9f3c1: Request not found, ignoring reply: 65797d0d-2d4a-456d-9b24-1d63a5102722<-aca3f3a4-0773-4ff1-9bb5-1a871868fd09#5396:OK,SUCCESS,nextIndex:5351,term:1,followerCommit:5344
2019-07-09 04:31:54,425 WARN  server.GrpcLogAppender (GrpcLogAppender.java:onNextImpl(250)) - org.apache.ratis.grpc.server.GrpcLogAppender$AppendLogResponseHandler@3dc9f3c1: Request not found, ignoring reply: 65797d0d-2d4a-456d-9b24-1d63a5102722<-aca3f3a4-0773-4ff1-9bb5-1a871868fd09#5397:OK,SUCCESS,nextIndex:5351,term:1,followerCommit:5344
2019-07-09 04:31:54,425 WARN  server.GrpcLogAppender (GrpcLogAppender.java:onNextImpl(250)) - org.apache.ratis.grpc.server.GrpcLogAppender$AppendLogResponseHandler@2c75d5fa: Request not found, ignoring reply: 65797d0d-2d4a-456d-9b24-1d63a5102722<-abe1c95d-8ae2-42e9-9d83-236e3c187d51#5392:OK,SUCCESS,nextIndex:5351,term:1,followerCommit:5349
2019-07-09 04:31:54,425 WARN  server.GrpcLogAppender (GrpcLogAppender.java:onNextImpl(250)) - org.apache.ratis.grpc.server.GrpcLogAppender$AppendLogResponseHandler@2c75d5fa: Request not found, ignoring reply: 65797d0d-2d4a-456d-9b24-1d63a5102722<-abe1c95d-8ae2-42e9-9d83-236e3c187d51#5393:OK,SUCCESS,nextIndex:5351,term:1,followerCommit:5348
2019-07-09 04:31:54,425 WARN  server.GrpcLogAppender (GrpcLogAppender.java:onNextImpl(250)) - org.apache.ratis.grpc.server.GrpcLogAppender$AppendLogResponseHandler@2c75d5fa: Request not found, ignoring reply: 65797d0d-2d4a-456d-9b24-1d63a5102722<-abe1c95d-8ae2-42e9-9d83-236e3c187d51#5394:OK,SUCCESS,nextIndex:5351,term:1,followerCommit:5348
2019-07-09 04:31:54,426 WARN  server.GrpcLogAppender (GrpcLogAppender.java:onNextImpl(250)) - org.apache.ratis.grpc.server.GrpcLogAppender$AppendLogResponseHandler@2c75d5fa: Request not found, ignoring reply: 65797d0d-2d4a-456d-9b24-1d63a5102722<-abe1c95d-8ae2-42e9-9d83-236e3c187d51#5395:OK,SUCCESS,nextIndex:5351,term:1,followerCommit:5348
2019-07-09 04:31:54,426 INFO  client.GrpcClientProtocolClient (GrpcClientProtocolClient.java:onNext(255)) - client-859D8C9D7B89->65797d0d-2d4a-456d-9b24-1d63a5102722: receive RaftClientReply:client-859D8C9D7B89->65797d0d-2d4a-456d-9b24-1d63a5102722@group-BA7C392EEBCA, cid=3543, SUCCESS, logIndex=0, commits[65797d0d-2d4a-456d-9b24-1d63a5102722:c5349, aca3f3a4-0773-4ff1-9bb5-1a871868fd09:c5348, abe1c95d-8ae2-42e9-9d83-236e3c187d51:c5348]
2019-07-09 04:31:54,426 WARN  server.GrpcLogAppender (GrpcLogAppender.java:onNextImpl(250)) - org.apache.ratis.grpc.server.GrpcLogAppender$AppendLogResponseHandler@2c75d5fa: Request not found, ignoring reply: 65797d0d-2d4a-456d-9b24-1d63a5102722<-abe1c95d-8ae2-42e9-9d83-236e3c187d51#5396:OK,SUCCESS,nextIndex:5351,term:1,followerCommit:5348
2019-07-09 04:31:54,426 WARN  server.GrpcLogAppender (GrpcLogAppender.java:onNextImpl(250)) - org.apache.ratis.grpc.server.GrpcLogAppender$AppendLogResponseHandler@2c75d5fa: Request not found, ignoring reply: 65797d0d-2d4a-456d-9b24-1d63a5102722<-abe1c95d-8ae2-42e9-9d83-236e3c187d51#5397:OK,SUCCESS,nextIndex:5351,term:1,followerCommit:5348
2019-07-09 04:31:54,426 INFO  client.GrpcClientProtocolClient (GrpcClientProtocolClient.java:onNext(255)) - client-859D8C9D7B89->65797d0d-2d4a-456d-9b24-1d63a5102722: receive RaftClientReply:client-859D8C9D7B89->65797d0d-2d4a-456d-9b24-1d63a5102722@group-BA7C392EEBCA, cid=3543, SUCCESS, logIndex=0, commits[65797d0d-2d4a-456d-9b24-1d63a5102722:c5349, aca3f3a4-0773-4ff1-9bb5-1a871868fd09:c5348, abe1c95d-8ae2-42e9-9d83-236e3c187d51:c5348]
 0.00% |█                                                                                                    |  0/1 Time: 0:00:39 0.00% |█                                                                                                    |  0/1 Time: 0:00:402019-07-09 04:31:56,175 WARN  server.GrpcLogAppender (GrpcLogAppender.java:timeoutAppendRequest(200)) - GrpcLogAppender(65797d0d-2d4a-456d-9b24-1d63a5102722->abe1c95d-8ae2-42e9-9d83-236e3c187d51): appendEntries Timeout, request=65797d0d-2d4a-456d-9b24-1d63a5102722->abe1c95d-8ae2-42e9-9d83-236e3c187d51#5402-t1, previous=(t:1, i:5350), leaderCommit=5349, initializing? false, entries: size=1, first=(t:1, i:5351), STATEMACHINELOGENTRY, client-859D8C9D7B89, cid=3545
2019-07-09 04:31:56,175 WARN  server.GrpcLogAppender (GrpcLogAppender.java:timeoutAppendRequest(200)) - GrpcLogAppender(65797d0d-2d4a-456d-9b24-1d63a5102722->aca3f3a4-0773-4ff1-9bb5-1a871868fd09): appendEntries Timeout, request=65797d0d-2d4a-456d-9b24-1d63a5102722->aca3f3a4-0773-4ff1-9bb5-1a871868fd09#5402-t1, previous=(t:1, i:5350), leaderCommit=5349, initializing? false, entries: size=1, first=(t:1, i:5351), STATEMACHINELOGENTRY, client-859D8C9D7B89, cid=3545
2019-07-09 04:31:56,175 WARN  server.GrpcLogAppender (GrpcLogAppender.java:timeoutAppendRequest(200)) - GrpcLogAppender(65797d0d-2d4a-456d-9b24-1d63a5102722->abe1c95d-8ae2-42e9-9d83-236e3c187d51): appendEntries Timeout, request=65797d0d-2d4a-456d-9b24-1d63a5102722->abe1c95d-8ae2-42e9-9d83-236e3c187d51#5403-t1, previous=(t:1, i:5351), leaderCommit=5349, initializing? false, entries: size=1, first=(t:1, i:5352), STATEMACHINELOGENTRY, client-859D8C9D7B89, cid=3546
2019-07-09 04:31:56,175 WARN  server.GrpcLogAppender (GrpcLogAppender.java:timeoutAppendRequest(200)) - GrpcLogAppender(65797d0d-2d4a-456d-9b24-1d63a5102722->aca3f3a4-0773-4ff1-9bb5-1a871868fd09): appendEntries Timeout, request=65797d0d-2d4a-456d-9b24-1d63a5102722->aca3f3a4-0773-4ff1-9bb5-1a871868fd09#5403-t1, previous=(t:1, i:5351), leaderCommit=5349, initializing? false, entries: size=1, first=(t:1, i:5352), STATEMACHINELOGENTRY, client-859D8C9D7B89, cid=3546
 0.00% |█                                                                                                    |  0/1 Time: 0:00:412019-07-09 04:31:56,675 WARN  server.GrpcLogAppender (GrpcLogAppender.java:timeoutAppendRequest(200)) - GrpcLogAppender(65797d0d-2d4a-456d-9b24-1d63a5102722->abe1c95d-8ae2-42e9-9d83-236e3c187d51): appendEntries Timeout, request=65797d0d-2d4a-456d-9b24-1d63a5102722->abe1c95d-8ae2-42e9-9d83-236e3c187d51#5404-t1, previous=(t:1, i:5352), leaderCommit=5349, initializing? false, entries: <empty>
2019-07-09 04:31:56,675 WARN  server.GrpcLogAppender (GrpcLogAppender.java:timeoutAppendRequest(200)) - GrpcLogAppender(65797d0d-2d4a-456d-9b24-1d63a5102722->aca3f3a4-0773-4ff1-9bb5-1a871868fd09): appendEntries Timeout, request=65797d0d-2d4a-456d-9b24-1d63a5102722->aca3f3a4-0773-4ff1-9bb5-1a871868fd09#5404-t1, previous=(t:1, i:5352), leaderCommit=5349, initializing? false, entries: <empty>
2019-07-09 04:31:57,175 WARN  server.GrpcLogAppender (GrpcLogAppender.java:timeoutAppendRequest(200)) - GrpcLogAppender(65797d0d-2d4a-456d-9b24-1d63a5102722->aca3f3a4-0773-4ff1-9bb5-1a871868fd09): appendEntries Timeout, request=65797d0d-2d4a-456d-9b24-1d63a5102722->aca3f3a4-0773-4ff1-9bb5-1a871868fd09#5405-t1, previous=(t:1, i:5352), leaderCommit=5349, initializing? false, entries: <empty>
2019-07-09 04:31:57,175 WARN  server.GrpcLogAppender (GrpcLogAppender.java:timeoutAppendRequest(200)) - GrpcLogAppender(65797d0d-2d4a-456d-9b24-1d63a5102722->abe1c95d-8ae2-42e9-9d83-236e3c187d51): appendEntries Timeout, request=65797d0d-2d4a-456d-9b24-1d63a5102722->abe1c95d-8ae2-42e9-9d83-236e3c187d51#5405-t1, previous=(t:1, i:5352), leaderCommit=5349, initializing? false, entries: <empty>
 0.00% |█                                                                                                    |  0/1 Time: 0:00:422019-07-09 04:31:57,926 WARN  server.GrpcLogAppender (GrpcLogAppender.java:timeoutAppendRequest(200)) - GrpcLogAppender(65797d0d-2d4a-456d-9b24-1d63a5102722->aca3f3a4-0773-4ff1-9bb5-1a871868fd09): appendEntries Timeout, request=65797d0d-2d4a-456d-9b24-1d63a5102722->aca3f3a4-0773-4ff1-9bb5-1a871868fd09#5406-t1, previous=(t:1, i:5352), leaderCommit=5350, initializing? false, entries: <empty>
2019-07-09 04:31:57,927 WARN  server.GrpcLogAppender (GrpcLogAppender.java:timeoutAppendRequest(200)) - GrpcLogAppender(65797d0d-2d4a-456d-9b24-1d63a5102722->abe1c95d-8ae2-42e9-9d83-236e3c187d51): appendEntries Timeout, request=65797d0d-2d4a-456d-9b24-1d63a5102722->abe1c95d-8ae2-42e9-9d83-236e3c187d51#5406-t1, previous=(t:1, i:5352), leaderCommit=5350, initializing? false, entries: <empty>
2019-07-09 04:31:58,246 INFO  client.GrpcClientProtocolClient (GrpcClientProtocolClient.java:onNext(255)) - client-859D8C9D7B89->abe1c95d-8ae2-42e9-9d83-236e3c187d51: receive RaftClientReply:client-859D8C9D7B89->abe1c95d-8ae2-42e9-9d83-236e3c187d51@group-BA7C392EEBCA, cid=3545, FAILED org.apache.ratis.protocol.NotLeaderException: Server abe1c95d-8ae2-42e9-9d83-236e3c187d51 is not the leader (65797d0d-2d4a-456d-9b24-1d63a5102722:192.168.69.69:44885). Request must be sent to leader., logIndex=0, commits[abe1c95d-8ae2-42e9-9d83-236e3c187d51:c5350, aca3f3a4-0773-4ff1-9bb5-1a871868fd09:c5348, 65797d0d-2d4a-456d-9b24-1d63a5102722:c5350]
2019-07-09 04:31:58,426 WARN  server.GrpcLogAppender (GrpcLogAppender.java:timeoutAppendRequest(200)) - GrpcLogAppender(65797d0d-2d4a-456d-9b24-1d63a5102722->aca3f3a4-0773-4ff1-9bb5-1a871868fd09): appendEntries Timeout, request=65797d0d-2d4a-456d-9b24-1d63a5102722->aca3f3a4-0773-4ff1-9bb5-1a871868fd09#5407-t1, previous=(t:1, i:5352), leaderCommit=5350, initializing? false, entries: <empty>
2019-07-09 04:31:58,428 WARN  server.GrpcLogAppender (GrpcLogAppender.java:timeoutAppendRequest(200)) - GrpcLogAppender(65797d0d-2d4a-456d-9b24-1d63a5102722->abe1c95d-8ae2-42e9-9d83-236e3c187d51): appendEntries Timeout, request=65797d0d-2d4a-456d-9b24-1d63a5102722->abe1c95d-8ae2-42e9-9d83-236e3c187d51#5407-t1, previous=(t:1, i:5352), leaderCommit=5350, initializing? false, entries: <empty>
 0.00% |█                                                                                                    |  0/1 Time: 0:00:432019-07-09 04:31:58,927 WARN  server.GrpcLogAppender (GrpcLogAppender.java:timeoutAppendRequest(200)) - GrpcLogAppender(65797d0d-2d4a-456d-9b24-1d63a5102722->aca3f3a4-0773-4ff1-9bb5-1a871868fd09): appendEntries Timeout, request=65797d0d-2d4a-456d-9b24-1d63a5102722->aca3f3a4-0773-4ff1-9bb5-1a871868fd09#5408-t1, previous=(t:1, i:5352), leaderCommit=5350, initializing? false, entries: <empty>
2019-07-09 04:31:58,928 WARN  server.GrpcLogAppender (GrpcLogAppender.java:timeoutAppendRequest(200)) - GrpcLogAppender(65797d0d-2d4a-456d-9b24-1d63a5102722->abe1c95d-8ae2-42e9-9d83-236e3c187d51): appendEntries Timeout, request=65797d0d-2d4a-456d-9b24-1d63a5102722->abe1c95d-8ae2-42e9-9d83-236e3c187d51#5408-t1, previous=(t:1, i:5352), leaderCommit=5350, initializing? false, entries: <empty>
2019-07-09 04:31:59,427 WARN  server.GrpcLogAppender (GrpcLogAppender.java:timeoutAppendRequest(200)) - GrpcLogAppender(65797d0d-2d4a-456d-9b24-1d63a5102722->aca3f3a4-0773-4ff1-9bb5-1a871868fd09): appendEntries Timeout, request=65797d0d-2d4a-456d-9b24-1d63a5102722->aca3f3a4-0773-4ff1-9bb5-1a871868fd09#5409-t1, previous=(t:1, i:5352), leaderCommit=5350, initializing? false, entries: <empty>
2019-07-09 04:31:59,428 WARN  server.GrpcLogAppender (GrpcLogAppender.java:timeoutAppendRequest(200)) - GrpcLogAppender(65797d0d-2d4a-456d-9b24-1d63a5102722->abe1c95d-8ae2-42e9-9d83-236e3c187d51): appendEntries Timeout, request=65797d0d-2d4a-456d-9b24-1d63a5102722->abe1c95d-8ae2-42e9-9d83-236e3c187d51#5409-t1, previous=(t:1, i:5352), leaderCommit=5350, initializing? false, entries: <empty>
 0.00% |█                                                                                                    |  0/1 Time: 0:00:442019-07-09 04:31:59,927 WARN  server.GrpcLogAppender (GrpcLogAppender.java:timeoutAppendRequest(200)) - GrpcLogAppender(65797d0d-2d4a-456d-9b24-1d63a5102722->aca3f3a4-0773-4ff1-9bb5-1a871868fd09): appendEntries Timeout, request=65797d0d-2d4a-456d-9b24-1d63a5102722->aca3f3a4-0773-4ff1-9bb5-1a871868fd09#5410-t1, previous=(t:1, i:5352), leaderCommit=5350, initializing? false, entries: <empty>
2019-07-09 04:31:59,928 WARN  server.GrpcLogAppender (GrpcLogAppender.java:timeoutAppendRequest(200)) - GrpcLogAppender(65797d0d-2d4a-456d-9b24-1d63a5102722->abe1c95d-8ae2-42e9-9d83-236e3c187d51): appendEntries Timeout, request=65797d0d-2d4a-456d-9b24-1d63a5102722->abe1c95d-8ae2-42e9-9d83-236e3c187d51#5410-t1, previous=(t:1, i:5352), leaderCommit=5350, initializing? false, entries: <empty>
2019-07-09 04:32:00,427 WARN  server.GrpcLogAppender (GrpcLogAppender.java:timeoutAppendRequest(200)) - GrpcLogAppender(65797d0d-2d4a-456d-9b24-1d63a5102722->aca3f3a4-0773-4ff1-9bb5-1a871868fd09): appendEntries Timeout, request=65797d0d-2d4a-456d-9b24-1d63a5102722->aca3f3a4-0773-4ff1-9bb5-1a871868fd09#5411-t1, previous=(t:1, i:5352), leaderCommit=5350, initializing? false, entries: <empty>
2019-07-09 04:32:00,428 WARN  server.GrpcLogAppender (GrpcLogAppender.java:timeoutAppendRequest(200)) - GrpcLogAppender(65797d0d-2d4a-456d-9b24-1d63a5102722->abe1c95d-8ae2-42e9-9d83-236e3c187d51): appendEntries Timeout, request=65797d0d-2d4a-456d-9b24-1d63a5102722->abe1c95d-8ae2-42e9-9d83-236e3c187d51#5411-t1, previous=(t:1, i:5352), leaderCommit=5350, initializing? false, entries: <empty>
 0.00% |█                                                                                                    |  0/1 Time: 0:00:452019-07-09 04:32:00,901 WARN  server.GrpcLogAppender (GrpcLogAppender.java:onNextImpl(250)) - org.apache.ratis.grpc.server.GrpcLogAppender$AppendLogResponseHandler@3dc9f3c1: Request not found, ignoring reply: 65797d0d-2d4a-456d-9b24-1d63a5102722<-aca3f3a4-0773-4ff1-9bb5-1a871868fd09#5402:OK,SUCCESS,nextIndex:5352,term:1,followerCommit:5350
2019-07-09 04:32:00,901 WARN  server.GrpcLogAppender (GrpcLogAppender.java:onNextImpl(250)) - org.apache.ratis.grpc.server.GrpcLogAppender$AppendLogResponseHandler@2c75d5fa: Request not found, ignoring reply: 65797d0d-2d4a-456d-9b24-1d63a5102722<-abe1c95d-8ae2-42e9-9d83-236e3c187d51#5402:OK,SUCCESS,nextIndex:5352,term:1,followerCommit:5350
2019-07-09 04:32:00,902 WARN  server.GrpcLogAppender (GrpcLogAppender.java:onNextImpl(250)) - org.apache.ratis.grpc.server.GrpcLogAppender$AppendLogResponseHandler@3dc9f3c1: Request not found, ignoring reply: 65797d0d-2d4a-456d-9b24-1d63a5102722<-aca3f3a4-0773-4ff1-9bb5-1a871868fd09#5403:OK,SUCCESS,nextIndex:5353,term:1,followerCommit:5350
2019-07-09 04:32:00,902 WARN  server.GrpcLogAppender (GrpcLogAppender.java:onNextImpl(250)) - org.apache.ratis.grpc.server.GrpcLogAppender$AppendLogResponseHandler@2c75d5fa: Request not found, ignoring reply: 65797d0d-2d4a-456d-9b24-1d63a5102722<-abe1c95d-8ae2-42e9-9d83-236e3c187d51#5403:OK,SUCCESS,nextIndex:5353,term:1,followerCommit:5350
2019-07-09 04:32:00,902 WARN  server.GrpcLogAppender (GrpcLogAppender.java:onNextImpl(250)) - org.apache.ratis.grpc.server.GrpcLogAppender$AppendLogResponseHandler@3dc9f3c1: Request not found, ignoring reply: 65797d0d-2d4a-456d-9b24-1d63a5102722<-aca3f3a4-0773-4ff1-9bb5-1a871868fd09#5404:OK,SUCCESS,nextIndex:5353,term:1,followerCommit:5348
2019-07-09 04:32:00,902 WARN  server.GrpcLogAppender (GrpcLogAppender.java:onNextImpl(250)) - org.apache.ratis.grpc.server.GrpcLogAppender$AppendLogResponseHandler@2c75d5fa: Request not found, ignoring reply: 65797d0d-2d4a-456d-9b24-1d63a5102722<-abe1c95d-8ae2-42e9-9d83-236e3c187d51#5404:OK,SUCCESS,nextIndex:5353,term:1,followerCommit:5349
2019-07-09 04:32:00,902 WARN  server.GrpcLogAppender (GrpcLogAppender.java:onNextImpl(250)) - org.apache.ratis.grpc.server.GrpcLogAppender$AppendLogResponseHandler@3dc9f3c1: Request not found, ignoring reply: 65797d0d-2d4a-456d-9b24-1d63a5102722<-aca3f3a4-0773-4ff1-9bb5-1a871868fd09#5405:OK,SUCCESS,nextIndex:5353,term:1,followerCommit:5348
2019-07-09 04:32:00,903 WARN  server.GrpcLogAppender (GrpcLogAppender.java:onNextImpl(250)) - org.apache.ratis.grpc.server.GrpcLogAppender$AppendLogResponseHandler@2c75d5fa: Request not found, ignoring reply: 65797d0d-2d4a-456d-9b24-1d63a5102722<-abe1c95d-8ae2-42e9-9d83-236e3c187d51#5405:OK,SUCCESS,nextIndex:5353,term:1,followerCommit:5349
2019-07-09 04:32:00,903 WARN  server.GrpcLogAppender (GrpcLogAppender.java:onNextImpl(250)) - org.apache.ratis.grpc.server.GrpcLogAppender$AppendLogResponseHandler@3dc9f3c1: Request not found, ignoring reply: 65797d0d-2d4a-456d-9b24-1d63a5102722<-aca3f3a4-0773-4ff1-9bb5-1a871868fd09#5406:OK,SUCCESS,nextIndex:5353,term:1,followerCommit:5350
2019-07-09 04:32:00,903 WARN  server.GrpcLogAppender (GrpcLogAppender.java:onNextImpl(250)) - org.apache.ratis.grpc.server.GrpcLogAppender$AppendLogResponseHandler@2c75d5fa: Request not found, ignoring reply: 65797d0d-2d4a-456d-9b24-1d63a5102722<-abe1c95d-8ae2-42e9-9d83-236e3c187d51#5406:OK,SUCCESS,nextIndex:5353,term:1,followerCommit:5350
2019-07-09 04:32:00,903 WARN  server.GrpcLogAppender (GrpcLogAppender.java:onNextImpl(250)) - org.apache.ratis.grpc.server.GrpcLogAppender$AppendLogResponseHandler@3dc9f3c1: Request not found, ignoring reply: 65797d0d-2d4a-456d-9b24-1d63a5102722<-aca3f3a4-0773-4ff1-9bb5-1a871868fd09#5407:OK,SUCCESS,nextIndex:5353,term:1,followerCommit:5350
2019-07-09 04:32:00,903 WARN  server.GrpcLogAppender (GrpcLogAppender.java:onNextImpl(250)) - org.apache.ratis.grpc.server.GrpcLogAppender$AppendLogResponseHandler@2c75d5fa: Request not found, ignoring reply: 65797d0d-2d4a-456d-9b24-1d63a5102722<-abe1c95d-8ae2-42e9-9d83-236e3c187d51#5407:OK,SUCCESS,nextIndex:5353,term:1,followerCommit:5350
2019-07-09 04:32:00,903 WARN  server.GrpcLogAppender (GrpcLogAppender.java:onNextImpl(250)) - org.apache.ratis.grpc.server.GrpcLogAppender$AppendLogResponseHandler@3dc9f3c1: Request not found, ignoring reply: 65797d0d-2d4a-456d-9b24-1d63a5102722<-aca3f3a4-0773-4ff1-9bb5-1a871868fd09#5408:OK,SUCCESS,nextIndex:5353,term:1,followerCommit:5350
2019-07-09 04:32:00,904 WARN  server.GrpcLogAppender (GrpcLogAppender.java:onNextImpl(250)) - org.apache.ratis.grpc.server.GrpcLogAppender$AppendLogResponseHandler@2c75d5fa: Request not found, ignoring reply: 65797d0d-2d4a-456d-9b24-1d63a5102722<-abe1c95d-8ae2-42e9-9d83-236e3c187d51#5408:OK,SUCCESS,nextIndex:5353,term:1,followerCommit:5350
2019-07-09 04:32:00,904 WARN  server.GrpcLogAppender (GrpcLogAppender.java:onNextImpl(250)) - org.apache.ratis.grpc.server.GrpcLogAppender$AppendLogResponseHandler@3dc9f3c1: Request not found, ignoring reply: 65797d0d-2d4a-456d-9b24-1d63a5102722<-aca3f3a4-0773-4ff1-9bb5-1a871868fd09#5409:OK,SUCCESS,nextIndex:5353,term:1,followerCommit:5350
2019-07-09 04:32:00,904 WARN  server.GrpcLogAppender (GrpcLogAppender.java:onNextImpl(250)) - org.apache.ratis.grpc.server.GrpcLogAppender$AppendLogResponseHandler@2c75d5fa: Request not found, ignoring reply: 65797d0d-2d4a-456d-9b24-1d63a5102722<-abe1c95d-8ae2-42e9-9d83-236e3c187d51#5409:OK,SUCCESS,nextIndex:5353,term:1,followerCommit:5350
2019-07-09 04:32:00,904 WARN  server.GrpcLogAppender (GrpcLogAppender.java:onNextImpl(250)) - org.apache.ratis.grpc.server.GrpcLogAppender$AppendLogResponseHandler@3dc9f3c1: Request not found, ignoring reply: 65797d0d-2d4a-456d-9b24-1d63a5102722<-aca3f3a4-0773-4ff1-9bb5-1a871868fd09#5410:OK,SUCCESS,nextIndex:5353,term:1,followerCommit:5350
2019-07-09 04:32:00,904 WARN  server.GrpcLogAppender (GrpcLogAppender.java:onNextImpl(250)) - org.apache.ratis.grpc.server.GrpcLogAppender$AppendLogResponseHandler@2c75d5fa: Request not found, ignoring reply: 65797d0d-2d4a-456d-9b24-1d63a5102722<-abe1c95d-8ae2-42e9-9d83-236e3c187d51#5410:OK,SUCCESS,nextIndex:5353,term:1,followerCommit:5350
2019-07-09 04:32:00,904 WARN  server.GrpcLogAppender (GrpcLogAppender.java:onNextImpl(250)) - org.apache.ratis.grpc.server.GrpcLogAppender$AppendLogResponseHandler@3dc9f3c1: Request not found, ignoring reply: 65797d0d-2d4a-456d-9b24-1d63a5102722<-aca3f3a4-0773-4ff1-9bb5-1a871868fd09#5411:OK,SUCCESS,nextIndex:5353,term:1,followerCommit:5350
2019-07-09 04:32:00,905 WARN  server.GrpcLogAppender (GrpcLogAppender.java:onNextImpl(250)) - org.apache.ratis.grpc.server.GrpcLogAppender$AppendLogResponseHandler@2c75d5fa: Request not found, ignoring reply: 65797d0d-2d4a-456d-9b24-1d63a5102722<-abe1c95d-8ae2-42e9-9d83-236e3c187d51#5411:OK,SUCCESS,nextIndex:5353,term:1,followerCommit:5350
2019-07-09 04:32:00,914 INFO  client.GrpcClientProtocolClient (GrpcClientProtocolClient.java:onNext(255)) - client-859D8C9D7B89->65797d0d-2d4a-456d-9b24-1d63a5102722: receive RaftClientReply:client-859D8C9D7B89->65797d0d-2d4a-456d-9b24-1d63a5102722@group-BA7C392EEBCA, cid=3545, SUCCESS, logIndex=5351, commits[65797d0d-2d4a-456d-9b24-1d63a5102722:c5352, aca3f3a4-0773-4ff1-9bb5-1a871868fd09:c5350, abe1c95d-8ae2-42e9-9d83-236e3c187d51:c5350]
2019-07-09 04:32:00,923 INFO  client.GrpcClientProtocolClient (GrpcClientProtocolClient.java:onNext(255)) - client-859D8C9D7B89->65797d0d-2d4a-456d-9b24-1d63a5102722: receive RaftClientReply:client-859D8C9D7B89->65797d0d-2d4a-456d-9b24-1d63a5102722@group-BA7C392EEBCA, cid=3546, SUCCESS, logIndex=5352, commits[65797d0d-2d4a-456d-9b24-1d63a5102722:c5352, aca3f3a4-0773-4ff1-9bb5-1a871868fd09:c5350, abe1c95d-8ae2-42e9-9d83-236e3c187d51:c5350]
 0.00% |█                                                                                                    |  0/1 Time: 0:00:46 0.00% |█                                                                                                    |  0/1 Time: 0:00:47 0.00% |█                                                                                                    |  0/1 Time: 0:00:482019-07-09 04:32:03,906 WARN  server.GrpcLogAppender (GrpcLogAppender.java:timeoutAppendRequest(200)) - GrpcLogAppender(65797d0d-2d4a-456d-9b24-1d63a5102722->abe1c95d-8ae2-42e9-9d83-236e3c187d51): appendEntries Timeout, request=65797d0d-2d4a-456d-9b24-1d63a5102722->abe1c95d-8ae2-42e9-9d83-236e3c187d51#5418-t1, previous=(t:1, i:5352), leaderCommit=5352, initializing? false, entries: size=1, first=(t:1, i:5353), METADATAENTRY(c5352)
2019-07-09 04:32:03,906 WARN  server.GrpcLogAppender (GrpcLogAppender.java:timeoutAppendRequest(200)) - GrpcLogAppender(65797d0d-2d4a-456d-9b24-1d63a5102722->aca3f3a4-0773-4ff1-9bb5-1a871868fd09): appendEntries Timeout, request=65797d0d-2d4a-456d-9b24-1d63a5102722->aca3f3a4-0773-4ff1-9bb5-1a871868fd09#5418-t1, previous=(t:1, i:5352), leaderCommit=5352, initializing? false, entries: size=1, first=(t:1, i:5353), METADATAENTRY(c5352)
2019-07-09 04:32:03,932 WARN  server.GrpcLogAppender (GrpcLogAppender.java:timeoutAppendRequest(200)) - GrpcLogAppender(65797d0d-2d4a-456d-9b24-1d63a5102722->aca3f3a4-0773-4ff1-9bb5-1a871868fd09): appendEntries Timeout, request=65797d0d-2d4a-456d-9b24-1d63a5102722->aca3f3a4-0773-4ff1-9bb5-1a871868fd09#5419-t1, previous=(t:1, i:5353), leaderCommit=5352, initializing? false, entries: size=1, first=(t:1, i:5354), STATEMACHINELOGENTRY, client-859D8C9D7B89, cid=3547
2019-07-09 04:32:03,932 WARN  server.GrpcLogAppender (GrpcLogAppender.java:timeoutAppendRequest(200)) - GrpcLogAppender(65797d0d-2d4a-456d-9b24-1d63a5102722->abe1c95d-8ae2-42e9-9d83-236e3c187d51): appendEntries Timeout, request=65797d0d-2d4a-456d-9b24-1d63a5102722->abe1c95d-8ae2-42e9-9d83-236e3c187d51#5419-t1, previous=(t:1, i:5353), leaderCommit=5352, initializing? false, entries: size=1, first=(t:1, i:5354), STATEMACHINELOGENTRY, client-859D8C9D7B89, cid=3547
2019-07-09 04:32:03,932 WARN  server.GrpcLogAppender (GrpcLogAppender.java:timeoutAppendRequest(200)) - GrpcLogAppender(65797d0d-2d4a-456d-9b24-1d63a5102722->aca3f3a4-0773-4ff1-9bb5-1a871868fd09): appendEntries Timeout, request=65797d0d-2d4a-456d-9b24-1d63a5102722->aca3f3a4-0773-4ff1-9bb5-1a871868fd09#5420-t1, previous=(t:1, i:5354), leaderCommit=5352, initializing? false, entries: size=1, first=(t:1, i:5355), STATEMACHINELOGENTRY, client-859D8C9D7B89, cid=3548
2019-07-09 04:32:03,932 WARN  server.GrpcLogAppender (GrpcLogAppender.java:timeoutAppendRequest(200)) - GrpcLogAppender(65797d0d-2d4a-456d-9b24-1d63a5102722->abe1c95d-8ae2-42e9-9d83-236e3c187d51): appendEntries Timeout, request=65797d0d-2d4a-456d-9b24-1d63a5102722->abe1c95d-8ae2-42e9-9d83-236e3c187d51#5420-t1, previous=(t:1, i:5354), leaderCommit=5352, initializing? false, entries: size=1, first=(t:1, i:5355), STATEMACHINELOGENTRY, client-859D8C9D7B89, cid=3548
2019-07-09 04:32:04,432 WARN  server.GrpcLogAppender (GrpcLogAppender.java:timeoutAppendRequest(200)) - GrpcLogAppender(65797d0d-2d4a-456d-9b24-1d63a5102722->aca3f3a4-0773-4ff1-9bb5-1a871868fd09): appendEntries Timeout, request=65797d0d-2d4a-456d-9b24-1d63a5102722->aca3f3a4-0773-4ff1-9bb5-1a871868fd09#5421-t1, previous=(t:1, i:5355), leaderCommit=5352, initializing? false, entries: <empty>
2019-07-09 04:32:04,432 WARN  server.GrpcLogAppender (GrpcLogAppender.java:timeoutAppendRequest(200)) - GrpcLogAppender(65797d0d-2d4a-456d-9b24-1d63a5102722->abe1c95d-8ae2-42e9-9d83-236e3c187d51): appendEntries Timeout, request=65797d0d-2d4a-456d-9b24-1d63a5102722->abe1c95d-8ae2-42e9-9d83-236e3c187d51#5421-t1, previous=(t:1, i:5355), leaderCommit=5352, initializing? false, entries: <empty>
 0.00% |█                                                                                                    |  0/1 Time: 0:00:492019-07-09 04:32:04,932 WARN  server.GrpcLogAppender (GrpcLogAppender.java:timeoutAppendRequest(200)) - GrpcLogAppender(65797d0d-2d4a-456d-9b24-1d63a5102722->aca3f3a4-0773-4ff1-9bb5-1a871868fd09): appendEntries Timeout, request=65797d0d-2d4a-456d-9b24-1d63a5102722->aca3f3a4-0773-4ff1-9bb5-1a871868fd09#5422-t1, previous=(t:1, i:5355), leaderCommit=5352, initializing? false, entries: <empty>
2019-07-09 04:32:04,932 WARN  server.GrpcLogAppender (GrpcLogAppender.java:timeoutAppendRequest(200)) - GrpcLogAppender(65797d0d-2d4a-456d-9b24-1d63a5102722->abe1c95d-8ae2-42e9-9d83-236e3c187d51): appendEntries Timeout, request=65797d0d-2d4a-456d-9b24-1d63a5102722->abe1c95d-8ae2-42e9-9d83-236e3c187d51#5422-t1, previous=(t:1, i:5355), leaderCommit=5352, initializing? false, entries: <empty>
2019-07-09 04:32:05,432 WARN  server.GrpcLogAppender (GrpcLogAppender.java:timeoutAppendRequest(200)) - GrpcLogAppender(65797d0d-2d4a-456d-9b24-1d63a5102722->aca3f3a4-0773-4ff1-9bb5-1a871868fd09): appendEntries Timeout, request=65797d0d-2d4a-456d-9b24-1d63a5102722->aca3f3a4-0773-4ff1-9bb5-1a871868fd09#5423-t1, previous=(t:1, i:5355), leaderCommit=5352, initializing? false, entries: <empty>
2019-07-09 04:32:05,432 WARN  server.GrpcLogAppender (GrpcLogAppender.java:timeoutAppendRequest(200)) - GrpcLogAppender(65797d0d-2d4a-456d-9b24-1d63a5102722->abe1c95d-8ae2-42e9-9d83-236e3c187d51): appendEntries Timeout, request=65797d0d-2d4a-456d-9b24-1d63a5102722->abe1c95d-8ae2-42e9-9d83-236e3c187d51#5423-t1, previous=(t:1, i:5355), leaderCommit=5352, initializing? false, entries: <empty>
 0.00% |█                                                                                                    |  0/1 Time: 0:00:502019-07-09 04:32:05,709 WARN  server.GrpcLogAppender (GrpcLogAppender.java:onNextImpl(250)) - org.apache.ratis.grpc.server.GrpcLogAppender$AppendLogResponseHandler@2c75d5fa: Request not found, ignoring reply: 65797d0d-2d4a-456d-9b24-1d63a5102722<-abe1c95d-8ae2-42e9-9d83-236e3c187d51#5418:OK,SUCCESS,nextIndex:5354,term:1,followerCommit:5352
2019-07-09 04:32:05,933 WARN  server.GrpcLogAppender (GrpcLogAppender.java:timeoutAppendRequest(200)) - GrpcLogAppender(65797d0d-2d4a-456d-9b24-1d63a5102722->aca3f3a4-0773-4ff1-9bb5-1a871868fd09): appendEntries Timeout, request=65797d0d-2d4a-456d-9b24-1d63a5102722->aca3f3a4-0773-4ff1-9bb5-1a871868fd09#5424-t1, previous=(t:1, i:5355), leaderCommit=5352, initializing? false, entries: <empty>
2019-07-09 04:32:05,933 WARN  server.GrpcLogAppender (GrpcLogAppender.java:timeoutAppendRequest(200)) - GrpcLogAppender(65797d0d-2d4a-456d-9b24-1d63a5102722->abe1c95d-8ae2-42e9-9d83-236e3c187d51): appendEntries Timeout, request=65797d0d-2d4a-456d-9b24-1d63a5102722->abe1c95d-8ae2-42e9-9d83-236e3c187d51#5424-t1, previous=(t:1, i:5355), leaderCommit=5352, initializing? false, entries: <empty>
2019-07-09 04:32:05,958 INFO  client.GrpcClientProtocolClient (GrpcClientProtocolClient.java:onNext(255)) - client-859D8C9D7B89->aca3f3a4-0773-4ff1-9bb5-1a871868fd09: receive RaftClientReply:client-859D8C9D7B89->aca3f3a4-0773-4ff1-9bb5-1a871868fd09@group-BA7C392EEBCA, cid=3547, FAILED org.apache.ratis.protocol.NotLeaderException: Server aca3f3a4-0773-4ff1-9bb5-1a871868fd09 is not the leader (65797d0d-2d4a-456d-9b24-1d63a5102722:192.168.69.69:44885). Request must be sent to leader., logIndex=0, commits[aca3f3a4-0773-4ff1-9bb5-1a871868fd09:c5352, 65797d0d-2d4a-456d-9b24-1d63a5102722:c5352, abe1c95d-8ae2-42e9-9d83-236e3c187d51:c5350]
2019-07-09 04:32:06,433 WARN  server.GrpcLogAppender (GrpcLogAppender.java:timeoutAppendRequest(200)) - GrpcLogAppender(65797d0d-2d4a-456d-9b24-1d63a5102722->aca3f3a4-0773-4ff1-9bb5-1a871868fd09): appendEntries Timeout, request=65797d0d-2d4a-456d-9b24-1d63a5102722->aca3f3a4-0773-4ff1-9bb5-1a871868fd09#5425-t1, previous=(t:1, i:5355), leaderCommit=5352, initializing? false, entries: <empty>
2019-07-09 04:32:06,433 WARN  server.GrpcLogAppender (GrpcLogAppender.java:timeoutAppendRequest(200)) - GrpcLogAppender(65797d0d-2d4a-456d-9b24-1d63a5102722->abe1c95d-8ae2-42e9-9d83-236e3c187d51): appendEntries Timeout, request=65797d0d-2d4a-456d-9b24-1d63a5102722->abe1c95d-8ae2-42e9-9d83-236e3c187d51#5425-t1, previous=(t:1, i:5355), leaderCommit=5352, initializing? false, entries: <empty>
 0.00% |█                                                                                                    |  0/1 Time: 0:00:512019-07-09 04:32:06,933 WARN  server.GrpcLogAppender (GrpcLogAppender.java:timeoutAppendRequest(200)) - GrpcLogAppender(65797d0d-2d4a-456d-9b24-1d63a5102722->abe1c95d-8ae2-42e9-9d83-236e3c187d51): appendEntries Timeout, request=65797d0d-2d4a-456d-9b24-1d63a5102722->abe1c95d-8ae2-42e9-9d83-236e3c187d51#5426-t1, previous=(t:1, i:5355), leaderCommit=5352, initializing? false, entries: <empty>
2019-07-09 04:32:06,933 WARN  server.GrpcLogAppender (GrpcLogAppender.java:timeoutAppendRequest(200)) - GrpcLogAppender(65797d0d-2d4a-456d-9b24-1d63a5102722->aca3f3a4-0773-4ff1-9bb5-1a871868fd09): appendEntries Timeout, request=65797d0d-2d4a-456d-9b24-1d63a5102722->aca3f3a4-0773-4ff1-9bb5-1a871868fd09#5426-t1, previous=(t:1, i:5355), leaderCommit=5352, initializing? false, entries: <empty>
2019-07-09 04:32:07,433 WARN  server.GrpcLogAppender (GrpcLogAppender.java:timeoutAppendRequest(200)) - GrpcLogAppender(65797d0d-2d4a-456d-9b24-1d63a5102722->aca3f3a4-0773-4ff1-9bb5-1a871868fd09): appendEntries Timeout, request=65797d0d-2d4a-456d-9b24-1d63a5102722->aca3f3a4-0773-4ff1-9bb5-1a871868fd09#5427-t1, previous=(t:1, i:5355), leaderCommit=5352, initializing? false, entries: <empty>
2019-07-09 04:32:07,433 WARN  server.GrpcLogAppender (GrpcLogAppender.java:timeoutAppendRequest(200)) - GrpcLogAppender(65797d0d-2d4a-456d-9b24-1d63a5102722->abe1c95d-8ae2-42e9-9d83-236e3c187d51): appendEntries Timeout, request=65797d0d-2d4a-456d-9b24-1d63a5102722->abe1c95d-8ae2-42e9-9d83-236e3c187d51#5427-t1, previous=(t:1, i:5355), leaderCommit=5352, initializing? false, entries: <empty>
 0.00% |█                                                                                                    |  0/1 Time: 0:00:522019-07-09 04:32:07,934 WARN  server.GrpcLogAppender (GrpcLogAppender.java:timeoutAppendRequest(200)) - GrpcLogAppender(65797d0d-2d4a-456d-9b24-1d63a5102722->aca3f3a4-0773-4ff1-9bb5-1a871868fd09): appendEntries Timeout, request=65797d0d-2d4a-456d-9b24-1d63a5102722->aca3f3a4-0773-4ff1-9bb5-1a871868fd09#5428-t1, previous=(t:1, i:5355), leaderCommit=5352, initializing? false, entries: <empty>
2019-07-09 04:32:07,934 WARN  server.GrpcLogAppender (GrpcLogAppender.java:timeoutAppendRequest(200)) - GrpcLogAppender(65797d0d-2d4a-456d-9b24-1d63a5102722->abe1c95d-8ae2-42e9-9d83-236e3c187d51): appendEntries Timeout, request=65797d0d-2d4a-456d-9b24-1d63a5102722->abe1c95d-8ae2-42e9-9d83-236e3c187d51#5428-t1, previous=(t:1, i:5355), leaderCommit=5352, initializing? false, entries: <empty>
2019-07-09 04:32:08,020 WARN  server.GrpcLogAppender (GrpcLogAppender.java:onNextImpl(250)) - org.apache.ratis.grpc.server.GrpcLogAppender$AppendLogResponseHandler@3dc9f3c1: Request not found, ignoring reply: 65797d0d-2d4a-456d-9b24-1d63a5102722<-aca3f3a4-0773-4ff1-9bb5-1a871868fd09#5418:OK,SUCCESS,nextIndex:5354,term:1,followerCommit:5352
2019-07-09 04:32:08,020 WARN  server.GrpcLogAppender (GrpcLogAppender.java:onNextImpl(250)) - org.apache.ratis.grpc.server.GrpcLogAppender$AppendLogResponseHandler@2c75d5fa: Request not found, ignoring reply: 65797d0d-2d4a-456d-9b24-1d63a5102722<-abe1c95d-8ae2-42e9-9d83-236e3c187d51#5419:OK,SUCCESS,nextIndex:5355,term:1,followerCommit:5352
2019-07-09 04:32:08,020 WARN  server.GrpcLogAppender (GrpcLogAppender.java:onNextImpl(250)) - org.apache.ratis.grpc.server.GrpcLogAppender$AppendLogResponseHandler@2c75d5fa: Request not found, ignoring reply: 65797d0d-2d4a-456d-9b24-1d63a5102722<-abe1c95d-8ae2-42e9-9d83-236e3c187d51#5420:OK,SUCCESS,nextIndex:5356,term:1,followerCommit:5352
2019-07-09 04:32:08,021 WARN  server.GrpcLogAppender (GrpcLogAppender.java:onNextImpl(250)) - org.apache.ratis.grpc.server.GrpcLogAppender$AppendLogResponseHandler@2c75d5fa: Request not found, ignoring reply: 65797d0d-2d4a-456d-9b24-1d63a5102722<-abe1c95d-8ae2-42e9-9d83-236e3c187d51#5421:OK,SUCCESS,nextIndex:5356,term:1,followerCommit:5352
2019-07-09 04:32:08,021 WARN  server.GrpcLogAppender (GrpcLogAppender.java:onNextImpl(250)) - org.apache.ratis.grpc.server.GrpcLogAppender$AppendLogResponseHandler@2c75d5fa: Request not found, ignoring reply: 65797d0d-2d4a-456d-9b24-1d63a5102722<-abe1c95d-8ae2-42e9-9d83-236e3c187d51#5422:OK,SUCCESS,nextIndex:5356,term:1,followerCommit:5352
2019-07-09 04:32:08,021 WARN  server.GrpcLogAppender (GrpcLogAppender.java:onNextImpl(250)) - org.apache.ratis.grpc.server.GrpcLogAppender$AppendLogResponseHandler@2c75d5fa: Request not found, ignoring reply: 65797d0d-2d4a-456d-9b24-1d63a5102722<-abe1c95d-8ae2-42e9-9d83-236e3c187d51#5423:OK,SUCCESS,nextIndex:5356,term:1,followerCommit:5352
2019-07-09 04:32:08,021 WARN  server.GrpcLogAppender (GrpcLogAppender.java:onNextImpl(250)) - org.apache.ratis.grpc.server.GrpcLogAppender$AppendLogResponseHandler@2c75d5fa: Request not found, ignoring reply: 65797d0d-2d4a-456d-9b24-1d63a5102722<-abe1c95d-8ae2-42e9-9d83-236e3c187d51#5424:OK,SUCCESS,nextIndex:5356,term:1,followerCommit:5352
2019-07-09 04:32:08,022 WARN  server.GrpcLogAppender (GrpcLogAppender.java:onNextImpl(250)) - org.apache.ratis.grpc.server.GrpcLogAppender$AppendLogResponseHandler@2c75d5fa: Request not found, ignoring reply: 65797d0d-2d4a-456d-9b24-1d63a5102722<-abe1c95d-8ae2-42e9-9d83-236e3c187d51#5425:OK,SUCCESS,nextIndex:5356,term:1,followerCommit:5352
2019-07-09 04:32:08,022 WARN  server.GrpcLogAppender (GrpcLogAppender.java:onNextImpl(250)) - org.apache.ratis.grpc.server.GrpcLogAppender$AppendLogResponseHandler@2c75d5fa: Request not found, ignoring reply: 65797d0d-2d4a-456d-9b24-1d63a5102722<-abe1c95d-8ae2-42e9-9d83-236e3c187d51#5426:OK,SUCCESS,nextIndex:5356,term:1,followerCommit:5352
2019-07-09 04:32:08,022 WARN  server.GrpcLogAppender (GrpcLogAppender.java:onNextImpl(250)) - org.apache.ratis.grpc.server.GrpcLogAppender$AppendLogResponseHandler@2c75d5fa: Request not found, ignoring reply: 65797d0d-2d4a-456d-9b24-1d63a5102722<-abe1c95d-8ae2-42e9-9d83-236e3c187d51#5427:OK,SUCCESS,nextIndex:5356,term:1,followerCommit:5352
2019-07-09 04:32:08,022 WARN  server.GrpcLogAppender (GrpcLogAppender.java:onNextImpl(250)) - org.apache.ratis.grpc.server.GrpcLogAppender$AppendLogResponseHandler@2c75d5fa: Request not found, ignoring reply: 65797d0d-2d4a-456d-9b24-1d63a5102722<-abe1c95d-8ae2-42e9-9d83-236e3c187d51#5428:OK,SUCCESS,nextIndex:5356,term:1,followerCommit:5352
2019-07-09 04:32:08,031 INFO  client.GrpcClientProtocolClient (GrpcClientProtocolClient.java:onNext(255)) - client-859D8C9D7B89->65797d0d-2d4a-456d-9b24-1d63a5102722: receive RaftClientReply:client-859D8C9D7B89->65797d0d-2d4a-456d-9b24-1d63a5102722@group-BA7C392EEBCA, cid=3547, SUCCESS, logIndex=5354, commits[65797d0d-2d4a-456d-9b24-1d63a5102722:c5355, aca3f3a4-0773-4ff1-9bb5-1a871868fd09:c5350, abe1c95d-8ae2-42e9-9d83-236e3c187d51:c5352]
2019-07-09 04:32:08,038 INFO  client.GrpcClientProtocolClient (GrpcClientProtocolClient.java:onNext(255)) - client-859D8C9D7B89->65797d0d-2d4a-456d-9b24-1d63a5102722: receive RaftClientReply:client-859D8C9D7B89->65797d0d-2d4a-456d-9b24-1d63a5102722@group-BA7C392EEBCA, cid=3548, SUCCESS, logIndex=5355, commits[65797d0d-2d4a-456d-9b24-1d63a5102722:c5355, aca3f3a4-0773-4ff1-9bb5-1a871868fd09:c5350, abe1c95d-8ae2-42e9-9d83-236e3c187d51:c5352]
2019-07-09 04:32:08,434 WARN  server.GrpcLogAppender (GrpcLogAppender.java:timeoutAppendRequest(200)) - GrpcLogAppender(65797d0d-2d4a-456d-9b24-1d63a5102722->aca3f3a4-0773-4ff1-9bb5-1a871868fd09): appendEntries Timeout, request=65797d0d-2d4a-456d-9b24-1d63a5102722->aca3f3a4-0773-4ff1-9bb5-1a871868fd09#5429-t1, previous=(t:1, i:5355), leaderCommit=5352, initializing? false, entries: <empty>
 0.00% |█                                                                                                    |  0/1 Time: 0:00:532019-07-09 04:32:08,614 WARN  server.GrpcLogAppender (GrpcLogAppender.java:onNextImpl(250)) - org.apache.ratis.grpc.server.GrpcLogAppender$AppendLogResponseHandler@3dc9f3c1: Request not found, ignoring reply: 65797d0d-2d4a-456d-9b24-1d63a5102722<-aca3f3a4-0773-4ff1-9bb5-1a871868fd09#5419:OK,SUCCESS,nextIndex:5355,term:1,followerCommit:5353
2019-07-09 04:32:08,614 WARN  server.GrpcLogAppender (GrpcLogAppender.java:onNextImpl(250)) - org.apache.ratis.grpc.server.GrpcLogAppender$AppendLogResponseHandler@3dc9f3c1: Request not found, ignoring reply: 65797d0d-2d4a-456d-9b24-1d63a5102722<-aca3f3a4-0773-4ff1-9bb5-1a871868fd09#5420:OK,SUCCESS,nextIndex:5356,term:1,followerCommit:5353
2019-07-09 04:32:08,615 WARN  server.GrpcLogAppender (GrpcLogAppender.java:onNextImpl(250)) - org.apache.ratis.grpc.server.GrpcLogAppender$AppendLogResponseHandler@3dc9f3c1: Request not found, ignoring reply: 65797d0d-2d4a-456d-9b24-1d63a5102722<-aca3f3a4-0773-4ff1-9bb5-1a871868fd09#5421:OK,SUCCESS,nextIndex:5356,term:1,followerCommit:5352
2019-07-09 04:32:08,615 WARN  server.GrpcLogAppender (GrpcLogAppender.java:onNextImpl(250)) - org.apache.ratis.grpc.server.GrpcLogAppender$AppendLogResponseHandler@3dc9f3c1: Request not found, ignoring reply: 65797d0d-2d4a-456d-9b24-1d63a5102722<-aca3f3a4-0773-4ff1-9bb5-1a871868fd09#5422:OK,SUCCESS,nextIndex:5356,term:1,followerCommit:5352
2019-07-09 04:32:08,615 WARN  server.GrpcLogAppender (GrpcLogAppender.java:onNextImpl(250)) - org.apache.ratis.grpc.server.GrpcLogAppender$AppendLogResponseHandler@3dc9f3c1: Request not found, ignoring reply: 65797d0d-2d4a-456d-9b24-1d63a5102722<-aca3f3a4-0773-4ff1-9bb5-1a871868fd09#5423:OK,SUCCESS,nextIndex:5356,term:1,followerCommit:5352
2019-07-09 04:32:08,616 WARN  server.GrpcLogAppender (GrpcLogAppender.java:onNextImpl(250)) - org.apache.ratis.grpc.server.GrpcLogAppender$AppendLogResponseHandler@3dc9f3c1: Request not found, ignoring reply: 65797d0d-2d4a-456d-9b24-1d63a5102722<-aca3f3a4-0773-4ff1-9bb5-1a871868fd09#5424:OK,SUCCESS,nextIndex:5356,term:1,followerCommit:5352
2019-07-09 04:32:08,616 WARN  server.GrpcLogAppender (GrpcLogAppender.java:onNextImpl(250)) - org.apache.ratis.grpc.server.GrpcLogAppender$AppendLogResponseHandler@3dc9f3c1: Request not found, ignoring reply: 65797d0d-2d4a-456d-9b24-1d63a5102722<-aca3f3a4-0773-4ff1-9bb5-1a871868fd09#5425:OK,SUCCESS,nextIndex:5356,term:1,followerCommit:5352
2019-07-09 04:32:08,616 WARN  server.GrpcLogAppender (GrpcLogAppender.java:onNextImpl(250)) - org.apache.ratis.grpc.server.GrpcLogAppender$AppendLogResponseHandler@3dc9f3c1: Request not found, ignoring reply: 65797d0d-2d4a-456d-9b24-1d63a5102722<-aca3f3a4-0773-4ff1-9bb5-1a871868fd09#5426:OK,SUCCESS,nextIndex:5356,term:1,followerCommit:5352
2019-07-09 04:32:08,617 WARN  server.GrpcLogAppender (GrpcLogAppender.java:onNextImpl(250)) - org.apache.ratis.grpc.server.GrpcLogAppender$AppendLogResponseHandler@3dc9f3c1: Request not found, ignoring reply: 65797d0d-2d4a-456d-9b24-1d63a5102722<-aca3f3a4-0773-4ff1-9bb5-1a871868fd09#5427:OK,SUCCESS,nextIndex:5356,term:1,followerCommit:5352
2019-07-09 04:32:08,617 WARN  server.GrpcLogAppender (GrpcLogAppender.java:onNextImpl(250)) - org.apache.ratis.grpc.server.GrpcLogAppender$AppendLogResponseHandler@3dc9f3c1: Request not found, ignoring reply: 65797d0d-2d4a-456d-9b24-1d63a5102722<-aca3f3a4-0773-4ff1-9bb5-1a871868fd09#5428:OK,SUCCESS,nextIndex:5356,term:1,followerCommit:5352
2019-07-09 04:32:08,617 WARN  server.GrpcLogAppender (GrpcLogAppender.java:onNextImpl(250)) - org.apache.ratis.grpc.server.GrpcLogAppender$AppendLogResponseHandler@3dc9f3c1: Request not found, ignoring reply: 65797d0d-2d4a-456d-9b24-1d63a5102722<-aca3f3a4-0773-4ff1-9bb5-1a871868fd09#5429:OK,SUCCESS,nextIndex:5356,term:1,followerCommit:5352
 0.00% |█                                                                                                    |  0/1 Time: 0:00:542019-07-09 04:32:10,230 INFO  client.GrpcClientProtocolClient (GrpcClientProtocolClient.java:onNext(255)) - client-859D8C9D7B89->65797d0d-2d4a-456d-9b24-1d63a5102722: receive RaftClientReply:client-859D8C9D7B89->65797d0d-2d4a-456d-9b24-1d63a5102722@group-BA7C392EEBCA, cid=3549, SUCCESS, logIndex=0, commits[65797d0d-2d4a-456d-9b24-1d63a5102722:c5356, aca3f3a4-0773-4ff1-9bb5-1a871868fd09:c5355, abe1c95d-8ae2-42e9-9d83-236e3c187d51:c5356]
2019-07-09 04:32:10,271 WARN  block.BlockManagerImpl (BlockManagerImpl.java:allocateBlock(192)) - Pipeline creation failed for type:RATIS factor:THREE. Retrying get pipelines call once.
org.apache.hadoop.hdds.scm.pipeline.InsufficientDatanodesException: Cannot create pipeline of factor 3 using 2 nodes.
	at org.apache.hadoop.hdds.scm.pipeline.RatisPipelineProvider.create(RatisPipelineProvider.java:151)
	at org.apache.hadoop.hdds.scm.pipeline.PipelineFactory.create(PipelineFactory.java:57)
	at org.apache.hadoop.hdds.scm.pipeline.SCMPipelineManager.createPipeline(SCMPipelineManager.java:149)
	at org.apache.hadoop.hdds.scm.block.BlockManagerImpl.allocateBlock(BlockManagerImpl.java:190)
	at org.apache.hadoop.hdds.scm.server.SCMBlockProtocolServer.allocateBlock(SCMBlockProtocolServer.java:172)
	at org.apache.hadoop.ozone.protocolPB.ScmBlockLocationProtocolServerSideTranslatorPB.allocateScmBlock(ScmBlockLocationProtocolServerSideTranslatorPB.java:144)
	at org.apache.hadoop.ozone.protocolPB.ScmBlockLocationProtocolServerSideTranslatorPB.send(ScmBlockLocationProtocolServerSideTranslatorPB.java:107)
	at org.apache.hadoop.hdds.protocol.proto.ScmBlockLocationProtocolProtos$ScmBlockLocationProtocolService$2.callBlockingMethod(ScmBlockLocationProtocolProtos.java:11281)
	at org.apache.hadoop.ipc.ProtobufRpcEngine$Server$ProtoBufRpcInvoker.call(ProtobufRpcEngine.java:524)
	at org.apache.hadoop.ipc.RPC$Server.call(RPC.java:1025)
	at org.apache.hadoop.ipc.Server$RpcCall.run(Server.java:876)
	at org.apache.hadoop.ipc.Server$RpcCall.run(Server.java:822)
	at java.security.AccessController.doPrivileged(Native Method)
	at javax.security.auth.Subject.doAs(Subject.java:422)
	at org.apache.hadoop.security.UserGroupInformation.doAs(UserGroupInformation.java:1730)
	at org.apache.hadoop.ipc.Server$Handler.run(Server.java:2682)
2019-07-09 04:32:10,272 INFO  block.BlockManagerImpl (BlockManagerImpl.java:allocateBlock(198)) - Could not find available pipeline of type:RATIS and factor:THREE even after retrying
2019-07-09 04:32:10,272 ERROR block.BlockManagerImpl (BlockManagerImpl.java:allocateBlock(222)) - Unable to allocate a block for the size: 4194304, type: RATIS, factor: THREE
04:32:10.277 [IPC Server handler 14 on 43190] ERROR OMAudit - user=jenkins1000 | ip=127.0.0.1 | op=ALLOCATE_BLOCK {volume=vol-0-46396, bucket=bucket-0-14045, key=key-0-93425, dataSize=0, replicationType=null, replicationFactor=null, keyLocationInfo=null, clientID=102409612474712466} | ret=FAILURE
org.apache.hadoop.hdds.scm.exceptions.SCMException: Allocated 0 blocks. Requested 1 blocks
	at org.apache.hadoop.hdds.scm.protocolPB.ScmBlockLocationProtocolClientSideTranslatorPB.handleError(ScmBlockLocationProtocolClientSideTranslatorPB.java:113) ~[classes/:?]
	at org.apache.hadoop.hdds.scm.protocolPB.ScmBlockLocationProtocolClientSideTranslatorPB.allocateBlock(ScmBlockLocationProtocolClientSideTranslatorPB.java:151) ~[classes/:?]
	at sun.reflect.GeneratedMethodAccessor49.invoke(Unknown Source) ~[?:?]
	at sun.reflect.DelegatingMethodAccessorImpl.invoke(DelegatingMethodAccessorImpl.java:43) ~[?:1.8.0_212]
	at java.lang.reflect.Method.invoke(Method.java:498) ~[?:1.8.0_212]
	at org.apache.hadoop.hdds.tracing.TraceAllMethod.invoke(TraceAllMethod.java:66) ~[classes/:?]
	at com.sun.proxy.$Proxy27.allocateBlock(Unknown Source) ~[?:?]
	at org.apache.hadoop.ozone.om.KeyManagerImpl.allocateBlock(KeyManagerImpl.java:348) ~[classes/:?]
	at org.apache.hadoop.ozone.om.KeyManagerImpl.allocateBlock(KeyManagerImpl.java:316) ~[classes/:?]
	at org.apache.hadoop.ozone.om.OzoneManager.allocateBlock(OzoneManager.java:2291) [classes/:?]
	at org.apache.hadoop.ozone.protocolPB.OzoneManagerRequestHandler.allocateBlock(OzoneManagerRequestHandler.java:756) [classes/:?]
	at org.apache.hadoop.ozone.protocolPB.OzoneManagerRequestHandler.handle(OzoneManagerRequestHandler.java:249) [classes/:?]
	at org.apache.hadoop.ozone.protocolPB.OzoneManagerProtocolServerSideTranslatorPB.submitRequestDirectlyToOM(OzoneManagerProtocolServerSideTranslatorPB.java:192) [classes/:?]
	at org.apache.hadoop.ozone.protocolPB.OzoneManagerProtocolServerSideTranslatorPB.submitRequest(OzoneManagerProtocolServerSideTranslatorPB.java:110) [classes/:?]
	at org.apache.hadoop.ozone.protocol.proto.OzoneManagerProtocolProtos$OzoneManagerService$2.callBlockingMethod(OzoneManagerProtocolProtos.java) [classes/:?]
	at org.apache.hadoop.ipc.ProtobufRpcEngine$Server$ProtoBufRpcInvoker.call(ProtobufRpcEngine.java:524) [hadoop-common-3.2.0.jar:?]
	at org.apache.hadoop.ipc.RPC$Server.call(RPC.java:1025) [hadoop-common-3.2.0.jar:?]
	at org.apache.hadoop.ipc.Server$RpcCall.run(Server.java:876) [hadoop-common-3.2.0.jar:?]
	at org.apache.hadoop.ipc.Server$RpcCall.run(Server.java:822) [hadoop-common-3.2.0.jar:?]
	at java.security.AccessController.doPrivileged(Native Method) [?:1.8.0_212]
	at javax.security.auth.Subject.doAs(Subject.java:422) [?:1.8.0_212]
	at org.apache.hadoop.security.UserGroupInformation.doAs(UserGroupInformation.java:1730) [hadoop-common-3.2.0.jar:?]
	at org.apache.hadoop.ipc.Server$Handler.run(Server.java:2682) [hadoop-common-3.2.0.jar:?]
2019-07-09 04:32:10,301 ERROR io.BlockOutputStreamEntryPool (BlockOutputStreamEntryPool.java:allocateBlockIfNeeded(299)) - Try to allocate more blocks for write failed, already allocated 0 blocks for this write.
INTERNAL_ERROR org.apache.hadoop.ozone.om.exceptions.OMException: Allocated 0 blocks. Requested 1 blocks
	at org.apache.hadoop.ozone.om.protocolPB.OzoneManagerProtocolClientSideTranslatorPB.handleError(OzoneManagerProtocolClientSideTranslatorPB.java:720)
	at org.apache.hadoop.ozone.om.protocolPB.OzoneManagerProtocolClientSideTranslatorPB.allocateBlock(OzoneManagerProtocolClientSideTranslatorPB.java:752)
	at org.apache.hadoop.ozone.client.io.BlockOutputStreamEntryPool.allocateNewBlock(BlockOutputStreamEntryPool.java:248)
	at org.apache.hadoop.ozone.client.io.BlockOutputStreamEntryPool.allocateBlockIfNeeded(BlockOutputStreamEntryPool.java:296)
	at org.apache.hadoop.ozone.client.io.KeyOutputStream.handleWrite(KeyOutputStream.java:201)
	at org.apache.hadoop.ozone.client.io.KeyOutputStream.write(KeyOutputStream.java:193)
	at org.apache.hadoop.ozone.client.io.OzoneOutputStream.write(OzoneOutputStream.java:49)
	at org.apache.hadoop.ozone.freon.RandomKeyGenerator$KeyProcessor.run(RandomKeyGenerator.java:693)
	at java.util.concurrent.Executors$RunnableAdapter.call(Executors.java:511)
	at java.util.concurrent.FutureTask.run(FutureTask.java:266)
	at java.util.concurrent.ThreadPoolExecutor.runWorker(ThreadPoolExecutor.java:1149)
	at java.util.concurrent.ThreadPoolExecutor$Worker.run(ThreadPoolExecutor.java:624)
	at java.lang.Thread.run(Thread.java:748)
2019-07-09 04:32:10,302 ERROR freon.RandomKeyGenerator (RandomKeyGenerator.java:run(718)) - Exception while adding key: key-0-93425 in bucket: bucket-0-14045 of volume: vol-0-46396.
INTERNAL_ERROR org.apache.hadoop.ozone.om.exceptions.OMException: Allocated 0 blocks. Requested 1 blocks
	at org.apache.hadoop.ozone.om.protocolPB.OzoneManagerProtocolClientSideTranslatorPB.handleError(OzoneManagerProtocolClientSideTranslatorPB.java:720)
	at org.apache.hadoop.ozone.om.protocolPB.OzoneManagerProtocolClientSideTranslatorPB.allocateBlock(OzoneManagerProtocolClientSideTranslatorPB.java:752)
	at org.apache.hadoop.ozone.client.io.BlockOutputStreamEntryPool.allocateNewBlock(BlockOutputStreamEntryPool.java:248)
	at org.apache.hadoop.ozone.client.io.BlockOutputStreamEntryPool.allocateBlockIfNeeded(BlockOutputStreamEntryPool.java:296)
	at org.apache.hadoop.ozone.client.io.KeyOutputStream.handleWrite(KeyOutputStream.java:201)
	at org.apache.hadoop.ozone.client.io.KeyOutputStream.write(KeyOutputStream.java:193)
	at org.apache.hadoop.ozone.client.io.OzoneOutputStream.write(OzoneOutputStream.java:49)
	at org.apache.hadoop.ozone.freon.RandomKeyGenerator$KeyProcessor.run(RandomKeyGenerator.java:693)
	at java.util.concurrent.Executors$RunnableAdapter.call(Executors.java:511)
	at java.util.concurrent.FutureTask.run(FutureTask.java:266)
	at java.util.concurrent.ThreadPoolExecutor.runWorker(ThreadPoolExecutor.java:1149)
	at java.util.concurrent.ThreadPoolExecutor$Worker.run(ThreadPoolExecutor.java:624)
	at java.lang.Thread.run(Thread.java:748)
 0.00% |█                                                                                                    |  0/1 Time: 0:00:55 0.00% |█                                                                                                    |  0/1 Time: 0:00:56 0.00% |█                                                                                                    |  0/1 Time: 0:00:57 0.00% |█                                                                                                    |  0/1 Time: 0:00:58 0.00% |█                                                                                                    |  0/1 Time: 0:00:59 100.00% |█████████████████████████████████████████████████████████████████████████████████████████████████████|  1/1 Time: 0:01:00
]]></system-out>
  </testcase>
  <testcase name="multiThread" classname="org.apache.hadoop.ozone.freon.TestRandomKeyGenerator" time="15.04"/>
</testsuite>